<?xml version="1.0" encoding="UTF-8"?>
<testsuite xmlns:xsi="http://www.w3.org/2001/XMLSchema-instance" xsi:noNamespaceSchemaLocation="https://maven.apache.org/surefire/maven-surefire-plugin/xsd/surefire-test-report.xsd" name="org.apache.hadoop.hdds.scm.pipeline.TestRatisPipelineCreateAndDestory" time="75.118" tests="2" errors="1" skipped="0" failures="0">
  <properties>
    <property name="awt.toolkit" value="sun.awt.X11.XToolkit"/>
    <property name="file.encoding.pkg" value="sun.io"/>
    <property name="java.specification.version" value="1.8"/>
    <property name="sun.cpu.isalist" value=""/>
    <property name="sun.jnu.encoding" value="UTF-8"/>
    <property name="java.class.path" value="/workdir/hadoop-ozone/integration-test/target/test-classes:/workdir/hadoop-ozone/integration-test/target/classes:/home/user/.m2/repository/org/apache/hadoop/hadoop-ozone-common/0.5.0-SNAPSHOT/hadoop-ozone-common-0.5.0-SNAPSHOT.jar:/home/user/.m2/repository/org/apache/commons/commons-compress/1.4.1/commons-compress-1.4.1.jar:/home/user/.m2/repository/org/tukaani/xz/1.0/xz-1.0.jar:/home/user/.m2/repository/org/apache/hadoop/hadoop-common/3.2.0/hadoop-common-3.2.0.jar:/home/user/.m2/repository/org/apache/hadoop/hadoop-hdfs/3.2.0/hadoop-hdfs-3.2.0.jar:/home/user/.m2/repository/org/apache/hadoop/hadoop-hdfs-client/3.2.0/hadoop-hdfs-client-3.2.0.jar:/home/user/.m2/repository/com/fasterxml/jackson/core/jackson-annotations/2.9.5/jackson-annotations-2.9.5.jar:/home/user/.m2/repository/org/apache/hadoop/hadoop-hdds-common/0.5.0-SNAPSHOT/hadoop-hdds-common-0.5.0-SNAPSHOT.jar:/home/user/.m2/repository/javax/annotation/javax.annotation-api/1.2/javax.annotation-api-1.2.jar:/home/user/.m2/repository/org/apache/ratis/ratis-server/0.4.0-2337318-SNAPSHOT/ratis-server-0.4.0-2337318-SNAPSHOT.jar:/home/user/.m2/repository/org/apache/ratis/ratis-thirdparty-misc/0.2.0/ratis-thirdparty-misc-0.2.0.jar:/home/user/.m2/repository/org/apache/ratis/ratis-proto/0.4.0-2337318-SNAPSHOT/ratis-proto-0.4.0-2337318-SNAPSHOT.jar:/home/user/.m2/repository/org/apache/ratis/ratis-common/0.4.0-2337318-SNAPSHOT/ratis-common-0.4.0-2337318-SNAPSHOT.jar:/home/user/.m2/repository/org/apache/ratis/ratis-client/0.4.0-2337318-SNAPSHOT/ratis-client-0.4.0-2337318-SNAPSHOT.jar:/home/user/.m2/repository/org/apache/ratis/ratis-metrics/0.4.0-2337318-SNAPSHOT/ratis-metrics-0.4.0-2337318-SNAPSHOT.jar:/home/user/.m2/repository/org/apache/ratis/ratis-netty/0.4.0-2337318-SNAPSHOT/ratis-netty-0.4.0-2337318-SNAPSHOT.jar:/home/user/.m2/repository/org/apache/ratis/ratis-grpc/0.4.0-2337318-SNAPSHOT/ratis-grpc-0.4.0-2337318-SNAPSHOT.jar:/home/user/.m2/repository/org/rocksdb/rocksdbjni/6.0.1/rocksdbjni-6.0.1.jar:/home/user/.m2/repository/org/apache/logging/log4j/log4j-api/2.11.0/log4j-api-2.11.0.jar:/home/user/.m2/repository/org/apache/logging/log4j/log4j-core/2.11.0/log4j-core-2.11.0.jar:/home/user/.m2/repository/com/lmax/disruptor/3.4.2/disruptor-3.4.2.jar:/home/user/.m2/repository/org/apache/commons/commons-pool2/2.6.0/commons-pool2-2.6.0.jar:/home/user/.m2/repository/org/bouncycastle/bcpkix-jdk15on/1.60/bcpkix-jdk15on-1.60.jar:/home/user/.m2/repository/commons-validator/commons-validator/1.6/commons-validator-1.6.jar:/home/user/.m2/repository/commons-digester/commons-digester/1.8.1/commons-digester-1.8.1.jar:/home/user/.m2/repository/io/jaegertracing/jaeger-client/0.33.1/jaeger-client-0.33.1.jar:/home/user/.m2/repository/io/jaegertracing/jaeger-thrift/0.33.1/jaeger-thrift-0.33.1.jar:/home/user/.m2/repository/org/apache/thrift/libthrift/0.11.0/libthrift-0.11.0.jar:/home/user/.m2/repository/com/squareup/okhttp3/okhttp/3.9.0/okhttp-3.9.0.jar:/home/user/.m2/repository/com/squareup/okio/okio/1.13.0/okio-1.13.0.jar:/home/user/.m2/repository/io/jaegertracing/jaeger-core/0.33.1/jaeger-core-0.33.1.jar:/home/user/.m2/repository/io/jaegertracing/jaeger-tracerresolver/0.33.1/jaeger-tracerresolver-0.33.1.jar:/home/user/.m2/repository/io/opentracing/contrib/opentracing-tracerresolver/0.1.5/opentracing-tracerresolver-0.1.5.jar:/home/user/.m2/repository/io/opentracing/opentracing-util/0.31.0/opentracing-util-0.31.0.jar:/home/user/.m2/repository/io/opentracing/opentracing-api/0.31.0/opentracing-api-0.31.0.jar:/home/user/.m2/repository/io/opentracing/opentracing-noop/0.31.0/opentracing-noop-0.31.0.jar:/home/user/.m2/repository/org/apache/hadoop/hadoop-hdds-server-framework/0.5.0-SNAPSHOT/hadoop-hdds-server-framework-0.5.0-SNAPSHOT.jar:/home/user/.m2/repository/org/apache/hadoop/hadoop-hdds-container-service/0.5.0-SNAPSHOT/hadoop-hdds-container-service-0.5.0-SNAPSHOT.jar:/home/user/.m2/repository/org/apache/hadoop/hadoop-hdds-client/0.5.0-SNAPSHOT/hadoop-hdds-client-0.5.0-SNAPSHOT.jar:/home/user/.m2/repository/org/apache/hadoop/hadoop-hdds-tools/0.5.0-SNAPSHOT/hadoop-hdds-tools-0.5.0-SNAPSHOT.jar:/home/user/.m2/repository/org/apache/hadoop/hadoop-hdds-server-scm/0.5.0-SNAPSHOT/hadoop-hdds-server-scm-0.5.0-SNAPSHOT.jar:/home/user/.m2/repository/org/apache/hadoop/hadoop-hdds-docs/0.5.0-SNAPSHOT/hadoop-hdds-docs-0.5.0-SNAPSHOT.jar:/home/user/.m2/repository/io/dropwizard/metrics/metrics-core/3.2.4/metrics-core-3.2.4.jar:/home/user/.m2/repository/org/hamcrest/hamcrest-all/1.3/hamcrest-all-1.3.jar:/home/user/.m2/repository/org/bouncycastle/bcprov-jdk15on/1.60/bcprov-jdk15on-1.60.jar:/home/user/.m2/repository/info/picocli/picocli/3.9.6/picocli-3.9.6.jar:/home/user/.m2/repository/com/google/protobuf/protobuf-java/2.5.0/protobuf-java-2.5.0.jar:/home/user/.m2/repository/com/google/guava/guava/11.0.2/guava-11.0.2.jar:/home/user/.m2/repository/org/apache/hadoop/hadoop-ozone-ozone-manager/0.5.0-SNAPSHOT/hadoop-ozone-ozone-manager-0.5.0-SNAPSHOT.jar:/home/user/.m2/repository/org/apache/hadoop/hadoop-minikdc/3.2.0/hadoop-minikdc-3.2.0.jar:/home/user/.m2/repository/commons-io/commons-io/2.5/commons-io-2.5.jar:/home/user/.m2/repository/org/apache/kerby/kerb-simplekdc/1.0.1/kerb-simplekdc-1.0.1.jar:/home/user/.m2/repository/org/apache/kerby/kerb-client/1.0.1/kerb-client-1.0.1.jar:/home/user/.m2/repository/org/apache/kerby/kerby-config/1.0.1/kerby-config-1.0.1.jar:/home/user/.m2/repository/org/apache/kerby/kerb-core/1.0.1/kerb-core-1.0.1.jar:/home/user/.m2/repository/org/apache/kerby/kerby-pkix/1.0.1/kerby-pkix-1.0.1.jar:/home/user/.m2/repository/org/apache/kerby/kerby-asn1/1.0.1/kerby-asn1-1.0.1.jar:/home/user/.m2/repository/org/apache/kerby/kerby-util/1.0.1/kerby-util-1.0.1.jar:/home/user/.m2/repository/org/apache/kerby/kerb-common/1.0.1/kerb-common-1.0.1.jar:/home/user/.m2/repository/org/apache/kerby/kerb-crypto/1.0.1/kerb-crypto-1.0.1.jar:/home/user/.m2/repository/org/apache/kerby/kerb-util/1.0.1/kerb-util-1.0.1.jar:/home/user/.m2/repository/org/apache/kerby/token-provider/1.0.1/token-provider-1.0.1.jar:/home/user/.m2/repository/org/apache/kerby/kerb-admin/1.0.1/kerb-admin-1.0.1.jar:/home/user/.m2/repository/org/apache/kerby/kerb-server/1.0.1/kerb-server-1.0.1.jar:/home/user/.m2/repository/org/apache/kerby/kerb-identity/1.0.1/kerb-identity-1.0.1.jar:/home/user/.m2/repository/org/apache/kerby/kerby-xdr/1.0.1/kerby-xdr-1.0.1.jar:/home/user/.m2/repository/org/slf4j/slf4j-log4j12/1.7.25/slf4j-log4j12-1.7.25.jar:/home/user/.m2/repository/org/apache/hadoop/hadoop-ozone-objectstore-service/0.5.0-SNAPSHOT/hadoop-ozone-objectstore-service-0.5.0-SNAPSHOT.jar:/home/user/.m2/repository/org/apache/hadoop/hadoop-ozone-s3gateway/0.5.0-SNAPSHOT/hadoop-ozone-s3gateway-0.5.0-SNAPSHOT.jar:/home/user/.m2/repository/org/jboss/weld/servlet/weld-servlet/2.4.7.Final/weld-servlet-2.4.7.Final.jar:/home/user/.m2/repository/org/glassfish/jersey/containers/jersey-container-servlet-core/2.27/jersey-container-servlet-core-2.27.jar:/home/user/.m2/repository/org/glassfish/hk2/external/javax.inject/2.5.0-b42/javax.inject-2.5.0-b42.jar:/home/user/.m2/repository/org/glassfish/jersey/core/jersey-common/2.27/jersey-common-2.27.jar:/home/user/.m2/repository/org/glassfish/hk2/osgi-resource-locator/1.0.1/osgi-resource-locator-1.0.1.jar:/home/user/.m2/repository/javax/ws/rs/javax.ws.rs-api/2.1/javax.ws.rs-api-2.1.jar:/home/user/.m2/repository/org/glassfish/jersey/ext/cdi/jersey-cdi1x/2.27/jersey-cdi1x-2.27.jar:/home/user/.m2/repository/org/glassfish/jersey/inject/jersey-hk2/2.27/jersey-hk2-2.27.jar:/home/user/.m2/repository/org/glassfish/hk2/hk2-locator/2.5.0-b42/hk2-locator-2.5.0-b42.jar:/home/user/.m2/repository/org/javassist/javassist/3.22.0-CR2/javassist-3.22.0-CR2.jar:/home/user/.m2/repository/org/glassfish/hk2/hk2-api/2.5.0/hk2-api-2.5.0.jar:/home/user/.m2/repository/org/glassfish/hk2/external/jakarta.inject/2.5.0/jakarta.inject-2.5.0.jar:/home/user/.m2/repository/org/glassfish/hk2/hk2-utils/2.5.0/hk2-utils-2.5.0.jar:/home/user/.m2/repository/jakarta/annotation/jakarta.annotation-api/1.3.4/jakarta.annotation-api-1.3.4.jar:/home/user/.m2/repository/org/glassfish/hk2/external/aopalliance-repackaged/2.5.0/aopalliance-repackaged-2.5.0.jar:/home/user/.m2/repository/com/fasterxml/jackson/dataformat/jackson-dataformat-xml/2.9.0/jackson-dataformat-xml-2.9.0.jar:/home/user/.m2/repository/com/fasterxml/jackson/core/jackson-core/2.9.5/jackson-core-2.9.5.jar:/home/user/.m2/repository/com/fasterxml/jackson/module/jackson-module-jaxb-annotations/2.9.5/jackson-module-jaxb-annotations-2.9.5.jar:/home/user/.m2/repository/javax/enterprise/cdi-api/1.2/cdi-api-1.2.jar:/home/user/.m2/repository/javax/el/javax.el-api/3.0.0/javax.el-api-3.0.0.jar:/home/user/.m2/repository/javax/interceptor/javax.interceptor-api/1.2/javax.interceptor-api-1.2.jar:/home/user/.m2/repository/javax/inject/javax.inject/1/javax.inject-1.jar:/home/user/.m2/repository/com/sun/xml/bind/jaxb-impl/2.3.0.1/jaxb-impl-2.3.0.1.jar:/home/user/.m2/repository/com/sun/xml/bind/jaxb-core/2.3.0.1/jaxb-core-2.3.0.1.jar:/home/user/.m2/repository/javax/xml/bind/jaxb-api/2.3.0/jaxb-api-2.3.0.jar:/home/user/.m2/repository/javax/activation/activation/1.1.1/activation-1.1.1.jar:/home/user/.m2/repository/org/apache/hadoop/hadoop-ozone-csi/0.5.0-SNAPSHOT/hadoop-ozone-csi-0.5.0-SNAPSHOT.jar:/home/user/.m2/repository/com/google/protobuf/protobuf-java-util/3.5.1/protobuf-java-util-3.5.1.jar:/home/user/.m2/repository/org/apache/hadoop/hadoop-hdds-config/0.5.0-SNAPSHOT/hadoop-hdds-config-0.5.0-SNAPSHOT.jar:/home/user/.m2/repository/io/grpc/grpc-netty/1.17.1/grpc-netty-1.17.1.jar:/home/user/.m2/repository/io/grpc/grpc-core/1.17.1/grpc-core-1.17.1.jar:/home/user/.m2/repository/io/grpc/grpc-context/1.17.1/grpc-context-1.17.1.jar:/home/user/.m2/repository/com/google/errorprone/error_prone_annotations/2.2.0/error_prone_annotations-2.2.0.jar:/home/user/.m2/repository/org/codehaus/mojo/animal-sniffer-annotations/1.17/animal-sniffer-annotations-1.17.jar:/home/user/.m2/repository/io/opencensus/opencensus-api/0.17.0/opencensus-api-0.17.0.jar:/home/user/.m2/repository/io/opencensus/opencensus-contrib-grpc-metrics/0.17.0/opencensus-contrib-grpc-metrics-0.17.0.jar:/home/user/.m2/repository/io/netty/netty-codec-http2/4.1.30.Final/netty-codec-http2-4.1.30.Final.jar:/home/user/.m2/repository/io/netty/netty-codec-http/4.1.30.Final/netty-codec-http-4.1.30.Final.jar:/home/user/.m2/repository/io/netty/netty-codec/4.1.30.Final/netty-codec-4.1.30.Final.jar:/home/user/.m2/repository/io/netty/netty-handler/4.1.30.Final/netty-handler-4.1.30.Final.jar:/home/user/.m2/repository/io/netty/netty-handler-proxy/4.1.30.Final/netty-handler-proxy-4.1.30.Final.jar:/home/user/.m2/repository/io/netty/netty-codec-socks/4.1.30.Final/netty-codec-socks-4.1.30.Final.jar:/home/user/.m2/repository/io/netty/netty-transport-native-epoll/4.1.30.Final/netty-transport-native-epoll-4.1.30.Final.jar:/home/user/.m2/repository/io/netty/netty-common/4.1.30.Final/netty-common-4.1.30.Final.jar:/home/user/.m2/repository/io/netty/netty-buffer/4.1.30.Final/netty-buffer-4.1.30.Final.jar:/home/user/.m2/repository/io/netty/netty-transport/4.1.30.Final/netty-transport-4.1.30.Final.jar:/home/user/.m2/repository/io/netty/netty-resolver/4.1.30.Final/netty-resolver-4.1.30.Final.jar:/home/user/.m2/repository/io/netty/netty-transport-native-unix-common/4.1.30.Final/netty-transport-native-unix-common-4.1.30.Final.jar:/home/user/.m2/repository/io/grpc/grpc-protobuf/1.17.1/grpc-protobuf-1.17.1.jar:/home/user/.m2/repository/com/google/api/grpc/proto-google-common-protos/1.0.0/proto-google-common-protos-1.0.0.jar:/home/user/.m2/repository/io/grpc/grpc-protobuf-lite/1.17.1/grpc-protobuf-lite-1.17.1.jar:/home/user/.m2/repository/io/grpc/grpc-stub/1.17.1/grpc-stub-1.17.1.jar:/home/user/.m2/repository/org/apache/hadoop/hadoop-ozone-recon/0.5.0-SNAPSHOT/hadoop-ozone-recon-0.5.0-SNAPSHOT.jar:/home/user/.m2/repository/org/apache/hadoop/hadoop-ozone-reconcodegen/0.5.0-SNAPSHOT/hadoop-ozone-reconcodegen-0.5.0-SNAPSHOT.jar:/home/user/.m2/repository/com/google/inject/extensions/guice-multibindings/4.0/guice-multibindings-4.0.jar:/home/user/.m2/repository/com/google/inject/guice/4.0/guice-4.0.jar:/home/user/.m2/repository/aopalliance/aopalliance/1.0/aopalliance-1.0.jar:/home/user/.m2/repository/com/google/inject/extensions/guice-servlet/4.0/guice-servlet-4.0.jar:/home/user/.m2/repository/org/glassfish/jersey/containers/jersey-container-servlet/2.27/jersey-container-servlet-2.27.jar:/home/user/.m2/repository/org/glassfish/hk2/guice-bridge/2.5.0/guice-bridge-2.5.0.jar:/home/user/.m2/repository/org/glassfish/jersey/core/jersey-server/2.27/jersey-server-2.27.jar:/home/user/.m2/repository/org/glassfish/jersey/core/jersey-client/2.27/jersey-client-2.27.jar:/home/user/.m2/repository/org/glassfish/jersey/media/jersey-media-jaxb/2.27/jersey-media-jaxb-2.27.jar:/home/user/.m2/repository/javax/validation/validation-api/1.1.0.Final/validation-api-1.1.0.Final.jar:/home/user/.m2/repository/org/glassfish/jersey/media/jersey-media-json-jackson/2.27/jersey-media-json-jackson-2.27.jar:/home/user/.m2/repository/org/glassfish/jersey/ext/jersey-entity-filtering/2.27/jersey-entity-filtering-2.27.jar:/home/user/.m2/repository/com/google/inject/extensions/guice-assistedinject/4.0/guice-assistedinject-4.0.jar:/home/user/.m2/repository/org/jooq/jooq/3.11.10/jooq-3.11.10.jar:/home/user/.m2/repository/org/jooq/jooq-meta/3.11.10/jooq-meta-3.11.10.jar:/home/user/.m2/repository/org/jooq/jooq-codegen/3.11.10/jooq-codegen-3.11.10.jar:/home/user/.m2/repository/com/jolbox/bonecp/0.8.0.RELEASE/bonecp-0.8.0.RELEASE.jar:/home/user/.m2/repository/org/xerial/sqlite-jdbc/3.25.2/sqlite-jdbc-3.25.2.jar:/home/user/.m2/repository/org/springframework/spring-jdbc/5.1.3.RELEASE/spring-jdbc-5.1.3.RELEASE.jar:/home/user/.m2/repository/org/springframework/spring-beans/5.1.3.RELEASE/spring-beans-5.1.3.RELEASE.jar:/home/user/.m2/repository/org/springframework/spring-core/5.1.3.RELEASE/spring-core-5.1.3.RELEASE.jar:/home/user/.m2/repository/org/springframework/spring-jcl/5.1.3.RELEASE/spring-jcl-5.1.3.RELEASE.jar:/home/user/.m2/repository/org/springframework/spring-tx/5.1.3.RELEASE/spring-tx-5.1.3.RELEASE.jar:/home/user/.m2/repository/org/apache/hadoop/hadoop-ozone-client/0.5.0-SNAPSHOT/hadoop-ozone-client-0.5.0-SNAPSHOT.jar:/home/user/.m2/repository/commons-lang/commons-lang/2.6/commons-lang-2.6.jar:/home/user/.m2/repository/org/apache/hadoop/hadoop-ozone-ozone-manager/0.5.0-SNAPSHOT/hadoop-ozone-ozone-manager-0.5.0-SNAPSHOT-tests.jar:/home/user/.m2/repository/junit/junit/4.11/junit-4.11.jar:/home/user/.m2/repository/org/hamcrest/hamcrest-core/1.3/hamcrest-core-1.3.jar:/home/user/.m2/repository/org/openjdk/jmh/jmh-core/1.19/jmh-core-1.19.jar:/home/user/.m2/repository/net/sf/jopt-simple/jopt-simple/4.6/jopt-simple-4.6.jar:/home/user/.m2/repository/org/apache/commons/commons-math3/3.1.1/commons-math3-3.1.1.jar:/home/user/.m2/repository/org/openjdk/jmh/jmh-generator-annprocess/1.19/jmh-generator-annprocess-1.19.jar:/home/user/.m2/repository/org/mockito/mockito-all/1.8.5/mockito-all-1.8.5.jar:/home/user/.m2/repository/org/apache/hadoop/hadoop-kms/3.2.0/hadoop-kms-3.2.0.jar:/home/user/.m2/repository/org/apache/hadoop/hadoop-auth/3.2.0/hadoop-auth-3.2.0.jar:/home/user/.m2/repository/com/nimbusds/nimbus-jose-jwt/4.41.1/nimbus-jose-jwt-4.41.1.jar:/home/user/.m2/repository/com/github/stephenc/jcip/jcip-annotations/1.0-1/jcip-annotations-1.0-1.jar:/home/user/.m2/repository/net/minidev/json-smart/2.3/json-smart-2.3.jar:/home/user/.m2/repository/net/minidev/accessors-smart/1.2/accessors-smart-1.2.jar:/home/user/.m2/repository/org/ow2/asm/asm/5.0.4/asm-5.0.4.jar:/home/user/.m2/repository/org/apache/curator/curator-framework/2.12.0/curator-framework-2.12.0.jar:/home/user/.m2/repository/com/sun/jersey/jersey-core/1.19/jersey-core-1.19.jar:/home/user/.m2/repository/javax/ws/rs/jsr311-api/1.1.1/jsr311-api-1.1.1.jar:/home/user/.m2/repository/com/sun/jersey/jersey-server/1.19/jersey-server-1.19.jar:/home/user/.m2/repository/javax/servlet/javax.servlet-api/3.1.0/javax.servlet-api-3.1.0.jar:/home/user/.m2/repository/org/eclipse/jetty/jetty-server/9.3.24.v20180605/jetty-server-9.3.24.v20180605.jar:/home/user/.m2/repository/org/eclipse/jetty/jetty-http/9.3.24.v20180605/jetty-http-9.3.24.v20180605.jar:/home/user/.m2/repository/org/eclipse/jetty/jetty-io/9.3.24.v20180605/jetty-io-9.3.24.v20180605.jar:/home/user/.m2/repository/org/eclipse/jetty/jetty-webapp/9.3.24.v20180605/jetty-webapp-9.3.24.v20180605.jar:/home/user/.m2/repository/org/eclipse/jetty/jetty-xml/9.3.24.v20180605/jetty-xml-9.3.24.v20180605.jar:/home/user/.m2/repository/log4j/log4j/1.2.17/log4j-1.2.17.jar:/home/user/.m2/repository/org/slf4j/slf4j-api/1.7.25/slf4j-api-1.7.25.jar:/home/user/.m2/repository/org/slf4j/jul-to-slf4j/1.7.25/jul-to-slf4j-1.7.25.jar:/home/user/.m2/repository/org/eclipse/jetty/jetty-util/9.3.24.v20180605/jetty-util-9.3.24.v20180605.jar:/home/user/.m2/repository/com/fasterxml/jackson/core/jackson-databind/2.9.5/jackson-databind-2.9.5.jar:/home/user/.m2/repository/org/apache/hadoop/hadoop-kms/3.2.0/hadoop-kms-3.2.0-tests.jar:/home/user/.m2/repository/org/apache/hadoop/hadoop-hdds-server-scm/0.5.0-SNAPSHOT/hadoop-hdds-server-scm-0.5.0-SNAPSHOT-tests.jar:/home/user/.m2/repository/org/apache/hadoop/hadoop-hdds-container-service/0.5.0-SNAPSHOT/hadoop-hdds-container-service-0.5.0-SNAPSHOT-tests.jar:/home/user/.m2/repository/org/yaml/snakeyaml/1.16/snakeyaml-1.16.jar:/home/user/.m2/repository/org/apache/hadoop/hadoop-common/3.2.0/hadoop-common-3.2.0-tests.jar:/home/user/.m2/repository/org/apache/hadoop/hadoop-annotations/3.2.0/hadoop-annotations-3.2.0.jar:/usr/lib/jvm/java-1.8-openjdk/jre/../lib/tools.jar:/home/user/.m2/repository/commons-cli/commons-cli/1.2/commons-cli-1.2.jar:/home/user/.m2/repository/org/apache/httpcomponents/httpclient/4.5.2/httpclient-4.5.2.jar:/home/user/.m2/repository/org/apache/httpcomponents/httpcore/4.4.4/httpcore-4.4.4.jar:/home/user/.m2/repository/commons-codec/commons-codec/1.11/commons-codec-1.11.jar:/home/user/.m2/repository/commons-net/commons-net/3.6/commons-net-3.6.jar:/home/user/.m2/repository/commons-collections/commons-collections/3.2.2/commons-collections-3.2.2.jar:/home/user/.m2/repository/org/eclipse/jetty/jetty-servlet/9.3.24.v20180605/jetty-servlet-9.3.24.v20180605.jar:/home/user/.m2/repository/org/eclipse/jetty/jetty-security/9.3.24.v20180605/jetty-security-9.3.24.v20180605.jar:/home/user/.m2/repository/javax/servlet/jsp/jsp-api/2.1/jsp-api-2.1.jar:/home/user/.m2/repository/com/sun/jersey/jersey-servlet/1.19/jersey-servlet-1.19.jar:/home/user/.m2/repository/com/sun/jersey/jersey-json/1.19/jersey-json-1.19.jar:/home/user/.m2/repository/org/codehaus/jettison/jettison/1.1/jettison-1.1.jar:/home/user/.m2/repository/org/codehaus/jackson/jackson-core-asl/1.9.13/jackson-core-asl-1.9.13.jar:/home/user/.m2/repository/org/codehaus/jackson/jackson-mapper-asl/1.9.13/jackson-mapper-asl-1.9.13.jar:/home/user/.m2/repository/org/codehaus/jackson/jackson-jaxrs/1.9.13/jackson-jaxrs-1.9.13.jar:/home/user/.m2/repository/org/codehaus/jackson/jackson-xc/1.9.13/jackson-xc-1.9.13.jar:/home/user/.m2/repository/commons-logging/commons-logging/1.1.3/commons-logging-1.1.3.jar:/home/user/.m2/repository/commons-beanutils/commons-beanutils/1.9.3/commons-beanutils-1.9.3.jar:/home/user/.m2/repository/org/apache/commons/commons-configuration2/2.1.1/commons-configuration2-2.1.1.jar:/home/user/.m2/repository/org/apache/commons/commons-lang3/3.7/commons-lang3-3.7.jar:/home/user/.m2/repository/org/apache/commons/commons-text/1.4/commons-text-1.4.jar:/home/user/.m2/repository/org/apache/avro/avro/1.7.7/avro-1.7.7.jar:/home/user/.m2/repository/com/thoughtworks/paranamer/paranamer/2.3/paranamer-2.3.jar:/home/user/.m2/repository/org/xerial/snappy/snappy-java/1.0.5/snappy-java-1.0.5.jar:/home/user/.m2/repository/com/google/re2j/re2j/1.1/re2j-1.1.jar:/home/user/.m2/repository/com/google/code/gson/gson/2.2.4/gson-2.2.4.jar:/home/user/.m2/repository/com/jcraft/jsch/0.1.54/jsch-0.1.54.jar:/home/user/.m2/repository/org/apache/curator/curator-client/2.12.0/curator-client-2.12.0.jar:/home/user/.m2/repository/org/apache/curator/curator-recipes/2.12.0/curator-recipes-2.12.0.jar:/home/user/.m2/repository/com/google/code/findbugs/jsr305/3.0.0/jsr305-3.0.0.jar:/home/user/.m2/repository/org/apache/htrace/htrace-core4/4.1.0-incubating/htrace-core4-4.1.0-incubating.jar:/home/user/.m2/repository/org/apache/zookeeper/zookeeper/3.4.13/zookeeper-3.4.13.jar:/home/user/.m2/repository/org/apache/yetus/audience-annotations/0.5.0/audience-annotations-0.5.0.jar:/home/user/.m2/repository/org/codehaus/woodstox/stax2-api/3.1.4/stax2-api-3.1.4.jar:/home/user/.m2/repository/com/fasterxml/woodstox/woodstox-core/5.0.3/woodstox-core-5.0.3.jar:/home/user/.m2/repository/dnsjava/dnsjava/2.1.7/dnsjava-2.1.7.jar:/home/user/.m2/repository/org/apache/hadoop/hadoop-hdfs/3.2.0/hadoop-hdfs-3.2.0-tests.jar:/home/user/.m2/repository/org/eclipse/jetty/jetty-util-ajax/9.3.24.v20180605/jetty-util-ajax-9.3.24.v20180605.jar:/home/user/.m2/repository/commons-daemon/commons-daemon/1.0.13/commons-daemon-1.0.13.jar:/home/user/.m2/repository/io/netty/netty/3.10.5.Final/netty-3.10.5.Final.jar:/home/user/.m2/repository/io/netty/netty-all/4.0.52.Final/netty-all-4.0.52.Final.jar:/home/user/.m2/repository/org/fusesource/leveldbjni/leveldbjni-all/1.8/leveldbjni-all-1.8.jar:"/>
    <property name="java.vm.vendor" value="IcedTea"/>
    <property name="sun.arch.data.model" value="64"/>
    <property name="test.build.dir" value="/workdir/hadoop-ozone/integration-test/target/test-dir"/>
    <property name="test.cache.data" value=""/>
    <property name="java.vendor.url" value="https://icedtea.classpath.org"/>
    <property name="user.timezone" value=""/>
    <property name="java.vm.specification.version" value="1.8"/>
    <property name="os.name" value="Linux"/>
    <property name="test.build.data" value="/workdir/hadoop-ozone/integration-test/target/test-dir"/>
    <property name="user.country" value="US"/>
    <property name="sun.java.launcher" value="SUN_STANDARD"/>
    <property name="sun.boot.library.path" value="/usr/lib/jvm/java-1.8-openjdk/jre/lib/amd64"/>
    <property name="sun.java.command" value="/workdir/hadoop-ozone/integration-test/target/surefire/surefirebooter1023840778446250835.jar /workdir/hadoop-ozone/integration-test/target/surefire 2019-08-20T13-38-56_829-jvmRun1 surefire4879951955815409565tmp surefire_894377377222357206880tmp"/>
    <property name="test" value="!TestMiniChaosOzoneCluster"/>
    <property name="surefire.test.class.path" value="/workdir/hadoop-ozone/integration-test/target/test-classes:/workdir/hadoop-ozone/integration-test/target/classes:/home/user/.m2/repository/org/apache/hadoop/hadoop-ozone-common/0.5.0-SNAPSHOT/hadoop-ozone-common-0.5.0-SNAPSHOT.jar:/home/user/.m2/repository/org/apache/commons/commons-compress/1.4.1/commons-compress-1.4.1.jar:/home/user/.m2/repository/org/tukaani/xz/1.0/xz-1.0.jar:/home/user/.m2/repository/org/apache/hadoop/hadoop-common/3.2.0/hadoop-common-3.2.0.jar:/home/user/.m2/repository/org/apache/hadoop/hadoop-hdfs/3.2.0/hadoop-hdfs-3.2.0.jar:/home/user/.m2/repository/org/apache/hadoop/hadoop-hdfs-client/3.2.0/hadoop-hdfs-client-3.2.0.jar:/home/user/.m2/repository/com/fasterxml/jackson/core/jackson-annotations/2.9.5/jackson-annotations-2.9.5.jar:/home/user/.m2/repository/org/apache/hadoop/hadoop-hdds-common/0.5.0-SNAPSHOT/hadoop-hdds-common-0.5.0-SNAPSHOT.jar:/home/user/.m2/repository/javax/annotation/javax.annotation-api/1.2/javax.annotation-api-1.2.jar:/home/user/.m2/repository/org/apache/ratis/ratis-server/0.4.0-2337318-SNAPSHOT/ratis-server-0.4.0-2337318-SNAPSHOT.jar:/home/user/.m2/repository/org/apache/ratis/ratis-thirdparty-misc/0.2.0/ratis-thirdparty-misc-0.2.0.jar:/home/user/.m2/repository/org/apache/ratis/ratis-proto/0.4.0-2337318-SNAPSHOT/ratis-proto-0.4.0-2337318-SNAPSHOT.jar:/home/user/.m2/repository/org/apache/ratis/ratis-common/0.4.0-2337318-SNAPSHOT/ratis-common-0.4.0-2337318-SNAPSHOT.jar:/home/user/.m2/repository/org/apache/ratis/ratis-client/0.4.0-2337318-SNAPSHOT/ratis-client-0.4.0-2337318-SNAPSHOT.jar:/home/user/.m2/repository/org/apache/ratis/ratis-metrics/0.4.0-2337318-SNAPSHOT/ratis-metrics-0.4.0-2337318-SNAPSHOT.jar:/home/user/.m2/repository/org/apache/ratis/ratis-netty/0.4.0-2337318-SNAPSHOT/ratis-netty-0.4.0-2337318-SNAPSHOT.jar:/home/user/.m2/repository/org/apache/ratis/ratis-grpc/0.4.0-2337318-SNAPSHOT/ratis-grpc-0.4.0-2337318-SNAPSHOT.jar:/home/user/.m2/repository/org/rocksdb/rocksdbjni/6.0.1/rocksdbjni-6.0.1.jar:/home/user/.m2/repository/org/apache/logging/log4j/log4j-api/2.11.0/log4j-api-2.11.0.jar:/home/user/.m2/repository/org/apache/logging/log4j/log4j-core/2.11.0/log4j-core-2.11.0.jar:/home/user/.m2/repository/com/lmax/disruptor/3.4.2/disruptor-3.4.2.jar:/home/user/.m2/repository/org/apache/commons/commons-pool2/2.6.0/commons-pool2-2.6.0.jar:/home/user/.m2/repository/org/bouncycastle/bcpkix-jdk15on/1.60/bcpkix-jdk15on-1.60.jar:/home/user/.m2/repository/commons-validator/commons-validator/1.6/commons-validator-1.6.jar:/home/user/.m2/repository/commons-digester/commons-digester/1.8.1/commons-digester-1.8.1.jar:/home/user/.m2/repository/io/jaegertracing/jaeger-client/0.33.1/jaeger-client-0.33.1.jar:/home/user/.m2/repository/io/jaegertracing/jaeger-thrift/0.33.1/jaeger-thrift-0.33.1.jar:/home/user/.m2/repository/org/apache/thrift/libthrift/0.11.0/libthrift-0.11.0.jar:/home/user/.m2/repository/com/squareup/okhttp3/okhttp/3.9.0/okhttp-3.9.0.jar:/home/user/.m2/repository/com/squareup/okio/okio/1.13.0/okio-1.13.0.jar:/home/user/.m2/repository/io/jaegertracing/jaeger-core/0.33.1/jaeger-core-0.33.1.jar:/home/user/.m2/repository/io/jaegertracing/jaeger-tracerresolver/0.33.1/jaeger-tracerresolver-0.33.1.jar:/home/user/.m2/repository/io/opentracing/contrib/opentracing-tracerresolver/0.1.5/opentracing-tracerresolver-0.1.5.jar:/home/user/.m2/repository/io/opentracing/opentracing-util/0.31.0/opentracing-util-0.31.0.jar:/home/user/.m2/repository/io/opentracing/opentracing-api/0.31.0/opentracing-api-0.31.0.jar:/home/user/.m2/repository/io/opentracing/opentracing-noop/0.31.0/opentracing-noop-0.31.0.jar:/home/user/.m2/repository/org/apache/hadoop/hadoop-hdds-server-framework/0.5.0-SNAPSHOT/hadoop-hdds-server-framework-0.5.0-SNAPSHOT.jar:/home/user/.m2/repository/org/apache/hadoop/hadoop-hdds-container-service/0.5.0-SNAPSHOT/hadoop-hdds-container-service-0.5.0-SNAPSHOT.jar:/home/user/.m2/repository/org/apache/hadoop/hadoop-hdds-client/0.5.0-SNAPSHOT/hadoop-hdds-client-0.5.0-SNAPSHOT.jar:/home/user/.m2/repository/org/apache/hadoop/hadoop-hdds-tools/0.5.0-SNAPSHOT/hadoop-hdds-tools-0.5.0-SNAPSHOT.jar:/home/user/.m2/repository/org/apache/hadoop/hadoop-hdds-server-scm/0.5.0-SNAPSHOT/hadoop-hdds-server-scm-0.5.0-SNAPSHOT.jar:/home/user/.m2/repository/org/apache/hadoop/hadoop-hdds-docs/0.5.0-SNAPSHOT/hadoop-hdds-docs-0.5.0-SNAPSHOT.jar:/home/user/.m2/repository/io/dropwizard/metrics/metrics-core/3.2.4/metrics-core-3.2.4.jar:/home/user/.m2/repository/org/hamcrest/hamcrest-all/1.3/hamcrest-all-1.3.jar:/home/user/.m2/repository/org/bouncycastle/bcprov-jdk15on/1.60/bcprov-jdk15on-1.60.jar:/home/user/.m2/repository/info/picocli/picocli/3.9.6/picocli-3.9.6.jar:/home/user/.m2/repository/com/google/protobuf/protobuf-java/2.5.0/protobuf-java-2.5.0.jar:/home/user/.m2/repository/com/google/guava/guava/11.0.2/guava-11.0.2.jar:/home/user/.m2/repository/org/apache/hadoop/hadoop-ozone-ozone-manager/0.5.0-SNAPSHOT/hadoop-ozone-ozone-manager-0.5.0-SNAPSHOT.jar:/home/user/.m2/repository/org/apache/hadoop/hadoop-minikdc/3.2.0/hadoop-minikdc-3.2.0.jar:/home/user/.m2/repository/commons-io/commons-io/2.5/commons-io-2.5.jar:/home/user/.m2/repository/org/apache/kerby/kerb-simplekdc/1.0.1/kerb-simplekdc-1.0.1.jar:/home/user/.m2/repository/org/apache/kerby/kerb-client/1.0.1/kerb-client-1.0.1.jar:/home/user/.m2/repository/org/apache/kerby/kerby-config/1.0.1/kerby-config-1.0.1.jar:/home/user/.m2/repository/org/apache/kerby/kerb-core/1.0.1/kerb-core-1.0.1.jar:/home/user/.m2/repository/org/apache/kerby/kerby-pkix/1.0.1/kerby-pkix-1.0.1.jar:/home/user/.m2/repository/org/apache/kerby/kerby-asn1/1.0.1/kerby-asn1-1.0.1.jar:/home/user/.m2/repository/org/apache/kerby/kerby-util/1.0.1/kerby-util-1.0.1.jar:/home/user/.m2/repository/org/apache/kerby/kerb-common/1.0.1/kerb-common-1.0.1.jar:/home/user/.m2/repository/org/apache/kerby/kerb-crypto/1.0.1/kerb-crypto-1.0.1.jar:/home/user/.m2/repository/org/apache/kerby/kerb-util/1.0.1/kerb-util-1.0.1.jar:/home/user/.m2/repository/org/apache/kerby/token-provider/1.0.1/token-provider-1.0.1.jar:/home/user/.m2/repository/org/apache/kerby/kerb-admin/1.0.1/kerb-admin-1.0.1.jar:/home/user/.m2/repository/org/apache/kerby/kerb-server/1.0.1/kerb-server-1.0.1.jar:/home/user/.m2/repository/org/apache/kerby/kerb-identity/1.0.1/kerb-identity-1.0.1.jar:/home/user/.m2/repository/org/apache/kerby/kerby-xdr/1.0.1/kerby-xdr-1.0.1.jar:/home/user/.m2/repository/org/slf4j/slf4j-log4j12/1.7.25/slf4j-log4j12-1.7.25.jar:/home/user/.m2/repository/org/apache/hadoop/hadoop-ozone-objectstore-service/0.5.0-SNAPSHOT/hadoop-ozone-objectstore-service-0.5.0-SNAPSHOT.jar:/home/user/.m2/repository/org/apache/hadoop/hadoop-ozone-s3gateway/0.5.0-SNAPSHOT/hadoop-ozone-s3gateway-0.5.0-SNAPSHOT.jar:/home/user/.m2/repository/org/jboss/weld/servlet/weld-servlet/2.4.7.Final/weld-servlet-2.4.7.Final.jar:/home/user/.m2/repository/org/glassfish/jersey/containers/jersey-container-servlet-core/2.27/jersey-container-servlet-core-2.27.jar:/home/user/.m2/repository/org/glassfish/hk2/external/javax.inject/2.5.0-b42/javax.inject-2.5.0-b42.jar:/home/user/.m2/repository/org/glassfish/jersey/core/jersey-common/2.27/jersey-common-2.27.jar:/home/user/.m2/repository/org/glassfish/hk2/osgi-resource-locator/1.0.1/osgi-resource-locator-1.0.1.jar:/home/user/.m2/repository/javax/ws/rs/javax.ws.rs-api/2.1/javax.ws.rs-api-2.1.jar:/home/user/.m2/repository/org/glassfish/jersey/ext/cdi/jersey-cdi1x/2.27/jersey-cdi1x-2.27.jar:/home/user/.m2/repository/org/glassfish/jersey/inject/jersey-hk2/2.27/jersey-hk2-2.27.jar:/home/user/.m2/repository/org/glassfish/hk2/hk2-locator/2.5.0-b42/hk2-locator-2.5.0-b42.jar:/home/user/.m2/repository/org/javassist/javassist/3.22.0-CR2/javassist-3.22.0-CR2.jar:/home/user/.m2/repository/org/glassfish/hk2/hk2-api/2.5.0/hk2-api-2.5.0.jar:/home/user/.m2/repository/org/glassfish/hk2/external/jakarta.inject/2.5.0/jakarta.inject-2.5.0.jar:/home/user/.m2/repository/org/glassfish/hk2/hk2-utils/2.5.0/hk2-utils-2.5.0.jar:/home/user/.m2/repository/jakarta/annotation/jakarta.annotation-api/1.3.4/jakarta.annotation-api-1.3.4.jar:/home/user/.m2/repository/org/glassfish/hk2/external/aopalliance-repackaged/2.5.0/aopalliance-repackaged-2.5.0.jar:/home/user/.m2/repository/com/fasterxml/jackson/dataformat/jackson-dataformat-xml/2.9.0/jackson-dataformat-xml-2.9.0.jar:/home/user/.m2/repository/com/fasterxml/jackson/core/jackson-core/2.9.5/jackson-core-2.9.5.jar:/home/user/.m2/repository/com/fasterxml/jackson/module/jackson-module-jaxb-annotations/2.9.5/jackson-module-jaxb-annotations-2.9.5.jar:/home/user/.m2/repository/javax/enterprise/cdi-api/1.2/cdi-api-1.2.jar:/home/user/.m2/repository/javax/el/javax.el-api/3.0.0/javax.el-api-3.0.0.jar:/home/user/.m2/repository/javax/interceptor/javax.interceptor-api/1.2/javax.interceptor-api-1.2.jar:/home/user/.m2/repository/javax/inject/javax.inject/1/javax.inject-1.jar:/home/user/.m2/repository/com/sun/xml/bind/jaxb-impl/2.3.0.1/jaxb-impl-2.3.0.1.jar:/home/user/.m2/repository/com/sun/xml/bind/jaxb-core/2.3.0.1/jaxb-core-2.3.0.1.jar:/home/user/.m2/repository/javax/xml/bind/jaxb-api/2.3.0/jaxb-api-2.3.0.jar:/home/user/.m2/repository/javax/activation/activation/1.1.1/activation-1.1.1.jar:/home/user/.m2/repository/org/apache/hadoop/hadoop-ozone-csi/0.5.0-SNAPSHOT/hadoop-ozone-csi-0.5.0-SNAPSHOT.jar:/home/user/.m2/repository/com/google/protobuf/protobuf-java-util/3.5.1/protobuf-java-util-3.5.1.jar:/home/user/.m2/repository/org/apache/hadoop/hadoop-hdds-config/0.5.0-SNAPSHOT/hadoop-hdds-config-0.5.0-SNAPSHOT.jar:/home/user/.m2/repository/io/grpc/grpc-netty/1.17.1/grpc-netty-1.17.1.jar:/home/user/.m2/repository/io/grpc/grpc-core/1.17.1/grpc-core-1.17.1.jar:/home/user/.m2/repository/io/grpc/grpc-context/1.17.1/grpc-context-1.17.1.jar:/home/user/.m2/repository/com/google/errorprone/error_prone_annotations/2.2.0/error_prone_annotations-2.2.0.jar:/home/user/.m2/repository/org/codehaus/mojo/animal-sniffer-annotations/1.17/animal-sniffer-annotations-1.17.jar:/home/user/.m2/repository/io/opencensus/opencensus-api/0.17.0/opencensus-api-0.17.0.jar:/home/user/.m2/repository/io/opencensus/opencensus-contrib-grpc-metrics/0.17.0/opencensus-contrib-grpc-metrics-0.17.0.jar:/home/user/.m2/repository/io/netty/netty-codec-http2/4.1.30.Final/netty-codec-http2-4.1.30.Final.jar:/home/user/.m2/repository/io/netty/netty-codec-http/4.1.30.Final/netty-codec-http-4.1.30.Final.jar:/home/user/.m2/repository/io/netty/netty-codec/4.1.30.Final/netty-codec-4.1.30.Final.jar:/home/user/.m2/repository/io/netty/netty-handler/4.1.30.Final/netty-handler-4.1.30.Final.jar:/home/user/.m2/repository/io/netty/netty-handler-proxy/4.1.30.Final/netty-handler-proxy-4.1.30.Final.jar:/home/user/.m2/repository/io/netty/netty-codec-socks/4.1.30.Final/netty-codec-socks-4.1.30.Final.jar:/home/user/.m2/repository/io/netty/netty-transport-native-epoll/4.1.30.Final/netty-transport-native-epoll-4.1.30.Final.jar:/home/user/.m2/repository/io/netty/netty-common/4.1.30.Final/netty-common-4.1.30.Final.jar:/home/user/.m2/repository/io/netty/netty-buffer/4.1.30.Final/netty-buffer-4.1.30.Final.jar:/home/user/.m2/repository/io/netty/netty-transport/4.1.30.Final/netty-transport-4.1.30.Final.jar:/home/user/.m2/repository/io/netty/netty-resolver/4.1.30.Final/netty-resolver-4.1.30.Final.jar:/home/user/.m2/repository/io/netty/netty-transport-native-unix-common/4.1.30.Final/netty-transport-native-unix-common-4.1.30.Final.jar:/home/user/.m2/repository/io/grpc/grpc-protobuf/1.17.1/grpc-protobuf-1.17.1.jar:/home/user/.m2/repository/com/google/api/grpc/proto-google-common-protos/1.0.0/proto-google-common-protos-1.0.0.jar:/home/user/.m2/repository/io/grpc/grpc-protobuf-lite/1.17.1/grpc-protobuf-lite-1.17.1.jar:/home/user/.m2/repository/io/grpc/grpc-stub/1.17.1/grpc-stub-1.17.1.jar:/home/user/.m2/repository/org/apache/hadoop/hadoop-ozone-recon/0.5.0-SNAPSHOT/hadoop-ozone-recon-0.5.0-SNAPSHOT.jar:/home/user/.m2/repository/org/apache/hadoop/hadoop-ozone-reconcodegen/0.5.0-SNAPSHOT/hadoop-ozone-reconcodegen-0.5.0-SNAPSHOT.jar:/home/user/.m2/repository/com/google/inject/extensions/guice-multibindings/4.0/guice-multibindings-4.0.jar:/home/user/.m2/repository/com/google/inject/guice/4.0/guice-4.0.jar:/home/user/.m2/repository/aopalliance/aopalliance/1.0/aopalliance-1.0.jar:/home/user/.m2/repository/com/google/inject/extensions/guice-servlet/4.0/guice-servlet-4.0.jar:/home/user/.m2/repository/org/glassfish/jersey/containers/jersey-container-servlet/2.27/jersey-container-servlet-2.27.jar:/home/user/.m2/repository/org/glassfish/hk2/guice-bridge/2.5.0/guice-bridge-2.5.0.jar:/home/user/.m2/repository/org/glassfish/jersey/core/jersey-server/2.27/jersey-server-2.27.jar:/home/user/.m2/repository/org/glassfish/jersey/core/jersey-client/2.27/jersey-client-2.27.jar:/home/user/.m2/repository/org/glassfish/jersey/media/jersey-media-jaxb/2.27/jersey-media-jaxb-2.27.jar:/home/user/.m2/repository/javax/validation/validation-api/1.1.0.Final/validation-api-1.1.0.Final.jar:/home/user/.m2/repository/org/glassfish/jersey/media/jersey-media-json-jackson/2.27/jersey-media-json-jackson-2.27.jar:/home/user/.m2/repository/org/glassfish/jersey/ext/jersey-entity-filtering/2.27/jersey-entity-filtering-2.27.jar:/home/user/.m2/repository/com/google/inject/extensions/guice-assistedinject/4.0/guice-assistedinject-4.0.jar:/home/user/.m2/repository/org/jooq/jooq/3.11.10/jooq-3.11.10.jar:/home/user/.m2/repository/org/jooq/jooq-meta/3.11.10/jooq-meta-3.11.10.jar:/home/user/.m2/repository/org/jooq/jooq-codegen/3.11.10/jooq-codegen-3.11.10.jar:/home/user/.m2/repository/com/jolbox/bonecp/0.8.0.RELEASE/bonecp-0.8.0.RELEASE.jar:/home/user/.m2/repository/org/xerial/sqlite-jdbc/3.25.2/sqlite-jdbc-3.25.2.jar:/home/user/.m2/repository/org/springframework/spring-jdbc/5.1.3.RELEASE/spring-jdbc-5.1.3.RELEASE.jar:/home/user/.m2/repository/org/springframework/spring-beans/5.1.3.RELEASE/spring-beans-5.1.3.RELEASE.jar:/home/user/.m2/repository/org/springframework/spring-core/5.1.3.RELEASE/spring-core-5.1.3.RELEASE.jar:/home/user/.m2/repository/org/springframework/spring-jcl/5.1.3.RELEASE/spring-jcl-5.1.3.RELEASE.jar:/home/user/.m2/repository/org/springframework/spring-tx/5.1.3.RELEASE/spring-tx-5.1.3.RELEASE.jar:/home/user/.m2/repository/org/apache/hadoop/hadoop-ozone-client/0.5.0-SNAPSHOT/hadoop-ozone-client-0.5.0-SNAPSHOT.jar:/home/user/.m2/repository/commons-lang/commons-lang/2.6/commons-lang-2.6.jar:/home/user/.m2/repository/org/apache/hadoop/hadoop-ozone-ozone-manager/0.5.0-SNAPSHOT/hadoop-ozone-ozone-manager-0.5.0-SNAPSHOT-tests.jar:/home/user/.m2/repository/junit/junit/4.11/junit-4.11.jar:/home/user/.m2/repository/org/hamcrest/hamcrest-core/1.3/hamcrest-core-1.3.jar:/home/user/.m2/repository/org/openjdk/jmh/jmh-core/1.19/jmh-core-1.19.jar:/home/user/.m2/repository/net/sf/jopt-simple/jopt-simple/4.6/jopt-simple-4.6.jar:/home/user/.m2/repository/org/apache/commons/commons-math3/3.1.1/commons-math3-3.1.1.jar:/home/user/.m2/repository/org/openjdk/jmh/jmh-generator-annprocess/1.19/jmh-generator-annprocess-1.19.jar:/home/user/.m2/repository/org/mockito/mockito-all/1.8.5/mockito-all-1.8.5.jar:/home/user/.m2/repository/org/apache/hadoop/hadoop-kms/3.2.0/hadoop-kms-3.2.0.jar:/home/user/.m2/repository/org/apache/hadoop/hadoop-auth/3.2.0/hadoop-auth-3.2.0.jar:/home/user/.m2/repository/com/nimbusds/nimbus-jose-jwt/4.41.1/nimbus-jose-jwt-4.41.1.jar:/home/user/.m2/repository/com/github/stephenc/jcip/jcip-annotations/1.0-1/jcip-annotations-1.0-1.jar:/home/user/.m2/repository/net/minidev/json-smart/2.3/json-smart-2.3.jar:/home/user/.m2/repository/net/minidev/accessors-smart/1.2/accessors-smart-1.2.jar:/home/user/.m2/repository/org/ow2/asm/asm/5.0.4/asm-5.0.4.jar:/home/user/.m2/repository/org/apache/curator/curator-framework/2.12.0/curator-framework-2.12.0.jar:/home/user/.m2/repository/com/sun/jersey/jersey-core/1.19/jersey-core-1.19.jar:/home/user/.m2/repository/javax/ws/rs/jsr311-api/1.1.1/jsr311-api-1.1.1.jar:/home/user/.m2/repository/com/sun/jersey/jersey-server/1.19/jersey-server-1.19.jar:/home/user/.m2/repository/javax/servlet/javax.servlet-api/3.1.0/javax.servlet-api-3.1.0.jar:/home/user/.m2/repository/org/eclipse/jetty/jetty-server/9.3.24.v20180605/jetty-server-9.3.24.v20180605.jar:/home/user/.m2/repository/org/eclipse/jetty/jetty-http/9.3.24.v20180605/jetty-http-9.3.24.v20180605.jar:/home/user/.m2/repository/org/eclipse/jetty/jetty-io/9.3.24.v20180605/jetty-io-9.3.24.v20180605.jar:/home/user/.m2/repository/org/eclipse/jetty/jetty-webapp/9.3.24.v20180605/jetty-webapp-9.3.24.v20180605.jar:/home/user/.m2/repository/org/eclipse/jetty/jetty-xml/9.3.24.v20180605/jetty-xml-9.3.24.v20180605.jar:/home/user/.m2/repository/log4j/log4j/1.2.17/log4j-1.2.17.jar:/home/user/.m2/repository/org/slf4j/slf4j-api/1.7.25/slf4j-api-1.7.25.jar:/home/user/.m2/repository/org/slf4j/jul-to-slf4j/1.7.25/jul-to-slf4j-1.7.25.jar:/home/user/.m2/repository/org/eclipse/jetty/jetty-util/9.3.24.v20180605/jetty-util-9.3.24.v20180605.jar:/home/user/.m2/repository/com/fasterxml/jackson/core/jackson-databind/2.9.5/jackson-databind-2.9.5.jar:/home/user/.m2/repository/org/apache/hadoop/hadoop-kms/3.2.0/hadoop-kms-3.2.0-tests.jar:/home/user/.m2/repository/org/apache/hadoop/hadoop-hdds-server-scm/0.5.0-SNAPSHOT/hadoop-hdds-server-scm-0.5.0-SNAPSHOT-tests.jar:/home/user/.m2/repository/org/apache/hadoop/hadoop-hdds-container-service/0.5.0-SNAPSHOT/hadoop-hdds-container-service-0.5.0-SNAPSHOT-tests.jar:/home/user/.m2/repository/org/yaml/snakeyaml/1.16/snakeyaml-1.16.jar:/home/user/.m2/repository/org/apache/hadoop/hadoop-common/3.2.0/hadoop-common-3.2.0-tests.jar:/home/user/.m2/repository/org/apache/hadoop/hadoop-annotations/3.2.0/hadoop-annotations-3.2.0.jar:/usr/lib/jvm/java-1.8-openjdk/jre/../lib/tools.jar:/home/user/.m2/repository/commons-cli/commons-cli/1.2/commons-cli-1.2.jar:/home/user/.m2/repository/org/apache/httpcomponents/httpclient/4.5.2/httpclient-4.5.2.jar:/home/user/.m2/repository/org/apache/httpcomponents/httpcore/4.4.4/httpcore-4.4.4.jar:/home/user/.m2/repository/commons-codec/commons-codec/1.11/commons-codec-1.11.jar:/home/user/.m2/repository/commons-net/commons-net/3.6/commons-net-3.6.jar:/home/user/.m2/repository/commons-collections/commons-collections/3.2.2/commons-collections-3.2.2.jar:/home/user/.m2/repository/org/eclipse/jetty/jetty-servlet/9.3.24.v20180605/jetty-servlet-9.3.24.v20180605.jar:/home/user/.m2/repository/org/eclipse/jetty/jetty-security/9.3.24.v20180605/jetty-security-9.3.24.v20180605.jar:/home/user/.m2/repository/javax/servlet/jsp/jsp-api/2.1/jsp-api-2.1.jar:/home/user/.m2/repository/com/sun/jersey/jersey-servlet/1.19/jersey-servlet-1.19.jar:/home/user/.m2/repository/com/sun/jersey/jersey-json/1.19/jersey-json-1.19.jar:/home/user/.m2/repository/org/codehaus/jettison/jettison/1.1/jettison-1.1.jar:/home/user/.m2/repository/org/codehaus/jackson/jackson-core-asl/1.9.13/jackson-core-asl-1.9.13.jar:/home/user/.m2/repository/org/codehaus/jackson/jackson-mapper-asl/1.9.13/jackson-mapper-asl-1.9.13.jar:/home/user/.m2/repository/org/codehaus/jackson/jackson-jaxrs/1.9.13/jackson-jaxrs-1.9.13.jar:/home/user/.m2/repository/org/codehaus/jackson/jackson-xc/1.9.13/jackson-xc-1.9.13.jar:/home/user/.m2/repository/commons-logging/commons-logging/1.1.3/commons-logging-1.1.3.jar:/home/user/.m2/repository/commons-beanutils/commons-beanutils/1.9.3/commons-beanutils-1.9.3.jar:/home/user/.m2/repository/org/apache/commons/commons-configuration2/2.1.1/commons-configuration2-2.1.1.jar:/home/user/.m2/repository/org/apache/commons/commons-lang3/3.7/commons-lang3-3.7.jar:/home/user/.m2/repository/org/apache/commons/commons-text/1.4/commons-text-1.4.jar:/home/user/.m2/repository/org/apache/avro/avro/1.7.7/avro-1.7.7.jar:/home/user/.m2/repository/com/thoughtworks/paranamer/paranamer/2.3/paranamer-2.3.jar:/home/user/.m2/repository/org/xerial/snappy/snappy-java/1.0.5/snappy-java-1.0.5.jar:/home/user/.m2/repository/com/google/re2j/re2j/1.1/re2j-1.1.jar:/home/user/.m2/repository/com/google/code/gson/gson/2.2.4/gson-2.2.4.jar:/home/user/.m2/repository/com/jcraft/jsch/0.1.54/jsch-0.1.54.jar:/home/user/.m2/repository/org/apache/curator/curator-client/2.12.0/curator-client-2.12.0.jar:/home/user/.m2/repository/org/apache/curator/curator-recipes/2.12.0/curator-recipes-2.12.0.jar:/home/user/.m2/repository/com/google/code/findbugs/jsr305/3.0.0/jsr305-3.0.0.jar:/home/user/.m2/repository/org/apache/htrace/htrace-core4/4.1.0-incubating/htrace-core4-4.1.0-incubating.jar:/home/user/.m2/repository/org/apache/zookeeper/zookeeper/3.4.13/zookeeper-3.4.13.jar:/home/user/.m2/repository/org/apache/yetus/audience-annotations/0.5.0/audience-annotations-0.5.0.jar:/home/user/.m2/repository/org/codehaus/woodstox/stax2-api/3.1.4/stax2-api-3.1.4.jar:/home/user/.m2/repository/com/fasterxml/woodstox/woodstox-core/5.0.3/woodstox-core-5.0.3.jar:/home/user/.m2/repository/dnsjava/dnsjava/2.1.7/dnsjava-2.1.7.jar:/home/user/.m2/repository/org/apache/hadoop/hadoop-hdfs/3.2.0/hadoop-hdfs-3.2.0-tests.jar:/home/user/.m2/repository/org/eclipse/jetty/jetty-util-ajax/9.3.24.v20180605/jetty-util-ajax-9.3.24.v20180605.jar:/home/user/.m2/repository/commons-daemon/commons-daemon/1.0.13/commons-daemon-1.0.13.jar:/home/user/.m2/repository/io/netty/netty/3.10.5.Final/netty-3.10.5.Final.jar:/home/user/.m2/repository/io/netty/netty-all/4.0.52.Final/netty-all-4.0.52.Final.jar:/home/user/.m2/repository/org/fusesource/leveldbjni/leveldbjni-all/1.8/leveldbjni-all-1.8.jar:"/>
    <property name="sun.cpu.endian" value="little"/>
    <property name="user.home" value="/home/user"/>
    <property name="user.language" value="en"/>
    <property name="java.specification.vendor" value="Oracle Corporation"/>
    <property name="java.home" value="/usr/lib/jvm/java-1.8-openjdk/jre"/>
    <property name="java.security.krb5.conf" value="/workdir/hadoop-ozone/integration-test/target/test-classes/krb5.conf"/>
    <property name="basedir" value="/workdir/hadoop-ozone/integration-test"/>
    <property name="file.separator" value="/"/>
    <property name="line.separator" value="&#10;"/>
    <property name="java.vm.specification.vendor" value="Oracle Corporation"/>
    <property name="java.specification.name" value="Java Platform API Specification"/>
    <property name="java.awt.graphicsenv" value="sun.awt.X11GraphicsEnvironment"/>
    <property name="surefire.real.class.path" value="/workdir/hadoop-ozone/integration-test/target/surefire/surefirebooter1023840778446250835.jar"/>
    <property name="hadoop.log.dir" value="/workdir/hadoop-ozone/integration-test/target/log"/>
    <property name="sun.boot.class.path" value="/usr/lib/jvm/java-1.8-openjdk/jre/lib/resources.jar:/usr/lib/jvm/java-1.8-openjdk/jre/lib/rt.jar:/usr/lib/jvm/java-1.8-openjdk/jre/lib/sunrsasign.jar:/usr/lib/jvm/java-1.8-openjdk/jre/lib/jsse.jar:/usr/lib/jvm/java-1.8-openjdk/jre/lib/jce.jar:/usr/lib/jvm/java-1.8-openjdk/jre/lib/charsets.jar:/usr/lib/jvm/java-1.8-openjdk/jre/lib/jfr.jar:/usr/lib/jvm/java-1.8-openjdk/jre/classes"/>
    <property name="sun.management.compiler" value="HotSpot 64-Bit Tiered Compilers"/>
    <property name="java.runtime.version" value="1.8.0_212-b04"/>
    <property name="java.net.preferIPv4Stack" value="true"/>
    <property name="user.name" value="jenkins1000"/>
    <property name="path.separator" value=":"/>
    <property name="java.security.egd" value="file:///dev/urandom"/>
    <property name="os.version" value="3.10.0-957.12.2.el7.x86_64"/>
    <property name="java.endorsed.dirs" value="/usr/lib/jvm/java-1.8-openjdk/jre/lib/endorsed"/>
    <property name="java.runtime.name" value="OpenJDK Runtime Environment"/>
    <property name="file.encoding" value="UTF-8"/>
    <property name="java.vm.name" value="OpenJDK 64-Bit Server VM"/>
    <property name="test.build.webapps" value=""/>
    <property name="localRepository" value="/home/user/.m2/repository"/>
    <property name="java.vendor.url.bug" value="https://icedtea.classpath.org/bugzilla"/>
    <property name="java.io.tmpdir" value="/tmp"/>
    <property name="require.test.libhadoop" value=""/>
    <property name="java.version" value="1.8.0_212"/>
    <property name="user.dir" value="/workdir/hadoop-ozone/integration-test"/>
    <property name="os.arch" value="amd64"/>
    <property name="java.vm.specification.name" value="Java Virtual Machine Specification"/>
    <property name="test.build.classes" value="/workdir/hadoop-ozone/integration-test/target/test-classes"/>
    <property name="java.awt.printerjob" value="sun.print.PSPrinterJob"/>
    <property name="sun.os.patch.level" value="unknown"/>
    <property name="hadoop.tmp.dir" value="/workdir/hadoop-ozone/integration-test/target/tmp"/>
    <property name="java.library.path" value="/usr/lib/jvm/java-1.8-openjdk/jre/lib/amd64/server:/usr/lib/jvm/java-1.8-openjdk/jre/lib/amd64:/usr/lib/jvm/java-1.8-openjdk/jre/../lib/amd64:/workdir/hadoop-ozone/integration-test/target/native/target/usr/local/lib:/workdir/hadoop-ozone/integration-test/../../hadoop-common-project/hadoop-common/target/native/target/usr/local/lib:/usr/java/packages/lib/amd64:/usr/lib64:/lib64:/lib:/usr/lib"/>
    <property name="java.vm.info" value="mixed mode"/>
    <property name="java.vendor" value="IcedTea"/>
    <property name="java.vm.version" value="25.212-b04"/>
    <property name="java.ext.dirs" value="/usr/lib/jvm/java-1.8-openjdk/jre/lib/ext:/usr/java/packages/lib/ext"/>
    <property name="sun.io.unicode.encoding" value="UnicodeLittle"/>
    <property name="java.class.version" value="52.0"/>
  </properties>
  <testcase name="testAutomaticPipelineCreationOnPipelineDestroy" classname="org.apache.hadoop.hdds.scm.pipeline.TestRatisPipelineCreateAndDestory" time="34.315"/>
  <testcase name="testPipelineCreationOnNodeRestart" classname="org.apache.hadoop.hdds.scm.pipeline.TestRatisPipelineCreateAndDestory" time="40.534">
    <error message="test timed out after 30000 milliseconds" type="java.lang.Exception">java.lang.Exception: test timed out after 30000 milliseconds
	at java.lang.Thread.sleep(Native Method)
	at org.apache.hadoop.test.GenericTestUtils.waitFor(GenericTestUtils.java:382)
	at org.apache.hadoop.hdds.scm.pipeline.TestRatisPipelineCreateAndDestory.waitForPipelines(TestRatisPipelineCreateAndDestory.java:126)
	at org.apache.hadoop.hdds.scm.pipeline.TestRatisPipelineCreateAndDestory.testPipelineCreationOnNodeRestart(TestRatisPipelineCreateAndDestory.java:121)
	at sun.reflect.NativeMethodAccessorImpl.invoke0(Native Method)
	at sun.reflect.NativeMethodAccessorImpl.invoke(NativeMethodAccessorImpl.java:62)
	at sun.reflect.DelegatingMethodAccessorImpl.invoke(DelegatingMethodAccessorImpl.java:43)
	at java.lang.reflect.Method.invoke(Method.java:498)
	at org.junit.runners.model.FrameworkMethod$1.runReflectiveCall(FrameworkMethod.java:47)
	at org.junit.internal.runners.model.ReflectiveCallable.run(ReflectiveCallable.java:12)
	at org.junit.runners.model.FrameworkMethod.invokeExplosively(FrameworkMethod.java:44)
	at org.junit.internal.runners.statements.InvokeMethod.evaluate(InvokeMethod.java:17)
	at org.junit.internal.runners.statements.FailOnTimeout$StatementThread.run(FailOnTimeout.java:74)
</error>
    <system-out><![CDATA[2019-08-20 15:19:17,280 [Thread-330] WARN  server.ServerUtils (ServerUtils.java:getScmDbDir(145)) - ozone.scm.db.dirs is not configured. We recommend adding this setting. Falling back to ozone.metadata.dirs instead.
2019-08-20 15:19:17,307 [Thread-330] WARN  server.ServerUtils (ServerUtils.java:getScmDbDir(145)) - ozone.scm.db.dirs is not configured. We recommend adding this setting. Falling back to ozone.metadata.dirs instead.
2019-08-20 15:19:17,308 [Thread-330] WARN  server.ServerUtils (ServerUtils.java:getScmDbDir(145)) - ozone.scm.db.dirs is not configured. We recommend adding this setting. Falling back to ozone.metadata.dirs instead.
2019-08-20 15:19:17,308 [Thread-330] INFO  db.DBStoreBuilder (DBStoreBuilder.java:addTable(110)) - using custom profile for table: deletedBlocks
2019-08-20 15:19:17,308 [Thread-330] INFO  db.DBStoreBuilder (DBStoreBuilder.java:processTables(161)) - Using default column profile:DBProfile.DISK for Table:deletedBlocks
2019-08-20 15:19:17,309 [Thread-330] INFO  db.DBStoreBuilder (DBStoreBuilder.java:addTable(110)) - using custom profile for table: validCerts
2019-08-20 15:19:17,309 [Thread-330] INFO  db.DBStoreBuilder (DBStoreBuilder.java:processTables(161)) - Using default column profile:DBProfile.DISK for Table:validCerts
2019-08-20 15:19:17,309 [Thread-330] INFO  db.DBStoreBuilder (DBStoreBuilder.java:addTable(110)) - using custom profile for table: revokedCerts
2019-08-20 15:19:17,309 [Thread-330] INFO  db.DBStoreBuilder (DBStoreBuilder.java:processTables(161)) - Using default column profile:DBProfile.DISK for Table:revokedCerts
2019-08-20 15:19:17,309 [Thread-330] INFO  db.DBStoreBuilder (DBStoreBuilder.java:addTable(110)) - using custom profile for table: default
2019-08-20 15:19:17,310 [Thread-330] INFO  db.DBStoreBuilder (DBStoreBuilder.java:processTables(167)) - Using default column profile:DBProfile.DISK for Table:default
2019-08-20 15:19:17,310 [Thread-330] INFO  db.DBStoreBuilder (DBStoreBuilder.java:getDbProfile(198)) - Using default options. DBProfile.DISK
2019-08-20 15:19:17,722 [Thread-330] INFO  net.NodeSchemaLoader (NodeSchemaLoader.java:loadSchemaFromFile(125)) - Loading file from sun.misc.CompoundEnumeration@e2d38cc
2019-08-20 15:19:17,723 [Thread-330] INFO  net.NodeSchemaLoader (NodeSchemaLoader.java:loadSchema(171)) - Loading network topology layer schema file
2019-08-20 15:19:17,729 [Thread-330] INFO  node.SCMNodeManager (SCMNodeManager.java:<init>(121)) - Entering startup safe mode.
2019-08-20 15:19:17,730 [Thread-330] INFO  algorithms.ContainerPlacementPolicyFactory (ContainerPlacementPolicyFactory.java:getPolicy(55)) - Create container placement policy of type org.apache.hadoop.hdds.scm.container.placement.algorithms.SCMContainerPlacementRandom
2019-08-20 15:19:17,731 [Thread-330] WARN  server.ServerUtils (ServerUtils.java:getScmDbDir(145)) - ozone.scm.db.dirs is not configured. We recommend adding this setting. Falling back to ozone.metadata.dirs instead.
2019-08-20 15:19:17,894 [Thread-330] INFO  pipeline.SCMPipelineManager (SCMPipelineManager.java:initializePipelineState(126)) - No pipeline exists in current db
2019-08-20 15:19:17,894 [Thread-330] WARN  server.ServerUtils (ServerUtils.java:getScmDbDir(145)) - ozone.scm.db.dirs is not configured. We recommend adding this setting. Falling back to ozone.metadata.dirs instead.
2019-08-20 15:19:18,067 [Thread-330] WARN  events.EventQueue (EventQueue.java:fireEvent(175)) - No event handler registered for event TypedEvent{payloadType=SafeModeStatus, name='SafeModeStatus'}
2019-08-20 15:19:18,069 [Thread-330] INFO  ipc.CallQueueManager (CallQueueManager.java:<init>(84)) - Using callQueue: class java.util.concurrent.LinkedBlockingQueue, queueCapacity: 2000, scheduler: class org.apache.hadoop.ipc.DefaultRpcScheduler, ipcBackoff: false.
2019-08-20 15:19:18,070 [Socket Reader #1 for port 39635] INFO  ipc.Server (Server.java:run(1074)) - Starting Socket Reader #1 for port 39635
2019-08-20 15:19:18,072 [Thread-330] INFO  ipc.CallQueueManager (CallQueueManager.java:<init>(84)) - Using callQueue: class java.util.concurrent.LinkedBlockingQueue, queueCapacity: 2000, scheduler: class org.apache.hadoop.ipc.DefaultRpcScheduler, ipcBackoff: false.
2019-08-20 15:19:18,073 [Socket Reader #1 for port 37694] INFO  ipc.Server (Server.java:run(1074)) - Starting Socket Reader #1 for port 37694
2019-08-20 15:19:18,075 [Thread-330] INFO  ipc.CallQueueManager (CallQueueManager.java:<init>(84)) - Using callQueue: class java.util.concurrent.LinkedBlockingQueue, queueCapacity: 2000, scheduler: class org.apache.hadoop.ipc.DefaultRpcScheduler, ipcBackoff: false.
2019-08-20 15:19:18,075 [Socket Reader #1 for port 40023] INFO  ipc.Server (Server.java:run(1074)) - Starting Socket Reader #1 for port 40023
2019-08-20 15:19:18,078 [Thread-330] INFO  hdfs.DFSUtil (DFSUtil.java:httpServerTemplateForNNAndJN(1641)) - Starting Web-server for scm at: http://0.0.0.0:0
2019-08-20 15:19:18,080 [Thread-330] INFO  server.AuthenticationFilter (AuthenticationFilter.java:constructSecretProvider(240)) - Unable to initialize FileSignerSecretProvider, falling back to use random secrets.
2019-08-20 15:19:18,080 [Thread-330] WARN  http.HttpRequestLog (HttpRequestLog.java:getRequestLog(97)) - Jetty request log can only be enabled using Log4j
2019-08-20 15:19:18,082 [Thread-330] INFO  http.HttpServer2 (HttpServer2.java:addGlobalFilter(975)) - Added global filter 'safety' (class=org.apache.hadoop.http.HttpServer2$QuotingInputFilter)
2019-08-20 15:19:18,083 [Thread-330] INFO  http.HttpServer2 (HttpServer2.java:addFilter(948)) - Added filter static_user_filter (class=org.apache.hadoop.http.lib.StaticUserWebFilter$StaticUserFilter) to context scm
2019-08-20 15:19:18,083 [Thread-330] INFO  http.HttpServer2 (HttpServer2.java:addFilter(958)) - Added filter static_user_filter (class=org.apache.hadoop.http.lib.StaticUserWebFilter$StaticUserFilter) to context logs
2019-08-20 15:19:18,083 [Thread-330] INFO  http.HttpServer2 (HttpServer2.java:addFilter(958)) - Added filter static_user_filter (class=org.apache.hadoop.http.lib.StaticUserWebFilter$StaticUserFilter) to context static
2019-08-20 15:19:18,086 [Thread-330] INFO  server.StorageContainerManager (StorageContainerManager.java:start(759)) - StorageContainerLocationProtocol RPC server is listening at /0.0.0.0:40023
2019-08-20 15:19:18,088 [Thread-330] WARN  impl.MetricsConfig (MetricsConfig.java:loadFirst(134)) - Cannot locate configuration: tried hadoop-metrics2-storagecontainermanager.properties,hadoop-metrics2.properties
2019-08-20 15:19:18,089 [Thread-330] INFO  impl.MetricsSystemImpl (MetricsSystemImpl.java:startTimer(374)) - Scheduled Metric snapshot period at 10 second(s).
2019-08-20 15:19:18,089 [Thread-330] INFO  impl.MetricsSystemImpl (MetricsSystemImpl.java:start(191)) - StorageContainerManager metrics system started
2019-08-20 15:19:18,133 [Thread-330] INFO  server.SCMClientProtocolServer (SCMClientProtocolServer.java:start(151)) - RPC server for Client  is listening at /0.0.0.0:40023
2019-08-20 15:19:18,134 [IPC Server Responder] INFO  ipc.Server (Server.java:run(1314)) - IPC Server Responder: starting
2019-08-20 15:19:18,134 [IPC Server listener on 40023] INFO  ipc.Server (Server.java:run(1153)) - IPC Server listener on 40023: starting
2019-08-20 15:19:18,137 [Thread-330] INFO  server.StorageContainerManager (StorageContainerManager.java:start(769)) - ScmBlockLocationProtocol RPC server is listening at /0.0.0.0:37694
2019-08-20 15:19:18,137 [Thread-330] INFO  server.SCMBlockProtocolServer (SCMBlockProtocolServer.java:start(140)) - RPC server for Block Protocol is listening at /0.0.0.0:37694
2019-08-20 15:19:18,138 [IPC Server Responder] INFO  ipc.Server (Server.java:run(1314)) - IPC Server Responder: starting
2019-08-20 15:19:18,138 [IPC Server listener on 37694] INFO  ipc.Server (Server.java:run(1153)) - IPC Server listener on 37694: starting
2019-08-20 15:19:18,141 [Thread-330] INFO  server.StorageContainerManager (StorageContainerManager.java:start(773)) - ScmDatanodeProtocl RPC server is listening at /0.0.0.0:39635
2019-08-20 15:19:18,141 [Thread-330] INFO  server.SCMDatanodeProtocolServer (SCMDatanodeProtocolServer.java:start(191)) - RPC server for DataNodes is listening at /0.0.0.0:39635
2019-08-20 15:19:18,141 [IPC Server Responder] INFO  ipc.Server (Server.java:run(1314)) - IPC Server Responder: starting
2019-08-20 15:19:18,141 [IPC Server listener on 39635] INFO  ipc.Server (Server.java:run(1153)) - IPC Server listener on 39635: starting
2019-08-20 15:19:18,144 [Thread-330] INFO  http.HttpServer2 (HttpServer2.java:bindListener(1191)) - Jetty bound to port 44577
2019-08-20 15:19:18,144 [Thread-330] INFO  server.Server (Server.java:doStart(351)) - jetty-9.3.24.v20180605, build timestamp: 2018-06-05T17:11:56Z, git hash: 84205aa28f11a4f31f2a3b86d1bba2cc8ab69827
2019-08-20 15:19:18,146 [Thread-330] INFO  handler.ContextHandler (ContextHandler.java:doStart(781)) - Started o.e.j.s.ServletContextHandler@7af423bc{/logs,file:///workdir/hadoop-ozone/integration-test/target/log,AVAILABLE}
2019-08-20 15:19:18,146 [Thread-330] INFO  handler.ContextHandler (ContextHandler.java:doStart(781)) - Started o.e.j.s.ServletContextHandler@60367d08{/static,file:///workdir/hadoop-ozone/integration-test/target/test-classes/webapps/static,AVAILABLE}
2019-08-20 15:19:18,151 [Thread-330] INFO  handler.ContextHandler (ContextHandler.java:doStart(781)) - Started o.e.j.w.WebAppContext@579327ea{/,file:///workdir/hadoop-ozone/integration-test/target/test-classes/webapps/scm/,AVAILABLE}{/scm}
2019-08-20 15:19:18,152 [Thread-330] INFO  server.AbstractConnector (AbstractConnector.java:doStart(278)) - Started ServerConnector@124e5082{HTTP/1.1,[http/1.1]}{0.0.0.0:44577}
2019-08-20 15:19:18,152 [Thread-330] INFO  server.Server (Server.java:doStart(419)) - Started @35823ms
2019-08-20 15:19:18,153 [Thread-330] INFO  server.BaseHttpServer (BaseHttpServer.java:updateConnectorAddress(213)) - HTTP server of SCM is listening at http://0.0.0.0:44577
2019-08-20 15:19:18,153 [Thread-330] WARN  server.ServerUtils (ServerUtils.java:getDBPath(222)) - ozone.om.db.dirs is not configured. We recommend adding this setting. Falling back to ozone.metadata.dirs instead.
2019-08-20 15:19:18,154 [org.apache.hadoop.util.JvmPauseMonitor$Monitor@5a004c9] INFO  util.JvmPauseMonitor (JvmPauseMonitor.java:run(188)) - Starting JVM pause monitor
2019-08-20 15:19:18,188 [Thread-330] WARN  server.ServerUtils (ServerUtils.java:getDBPath(222)) - ozone.om.db.dirs is not configured. We recommend adding this setting. Falling back to ozone.metadata.dirs instead.
2019-08-20 15:19:18,189 [Thread-330] WARN  server.ServerUtils (ServerUtils.java:getDBPath(222)) - ozone.om.db.dirs is not configured. We recommend adding this setting. Falling back to ozone.metadata.dirs instead.
2019-08-20 15:19:18,189 [Thread-330] INFO  om.OzoneManager (OzoneManager.java:setOMNodeDetails(648)) - OM Service ID is not set. Setting it to the default ID: omServiceIdDefault
2019-08-20 15:19:18,189 [Thread-330] INFO  om.OzoneManager (OzoneManager.java:setOMNodeDetails(654)) - OM Node ID is not set. Setting it to the OmStorage's OmID: eaf44b8c-2e8d-42b7-a948-a9d3baa19f79
2019-08-20 15:19:18,189 [Thread-330] INFO  om.OzoneManager (OzoneManager.java:loadOMHAConfigs(605)) - Found matching OM address with OMServiceId: null, OMNodeId: null, RPC Address: localhost:0 and Ratis port: 9872
2019-08-20 15:19:18,194 | INFO  | SCMAudit | user=jenkins1000 | ip=192.168.69.101 | op=GET_SCM_INFO null | ret=SUCCESS |  
2019-08-20 15:19:18,196 [Thread-330] WARN  server.ServerUtils (ServerUtils.java:getDBPath(222)) - ozone.om.db.dirs is not configured. We recommend adding this setting. Falling back to ozone.metadata.dirs instead.
2019-08-20 15:19:18,197 [Thread-330] INFO  db.DBStoreBuilder (DBStoreBuilder.java:addTable(110)) - using custom profile for table: userTable
2019-08-20 15:19:18,197 [Thread-330] INFO  db.DBStoreBuilder (DBStoreBuilder.java:processTables(161)) - Using default column profile:DBProfile.DISK for Table:userTable
2019-08-20 15:19:18,197 [Thread-330] INFO  db.DBStoreBuilder (DBStoreBuilder.java:addTable(110)) - using custom profile for table: volumeTable
2019-08-20 15:19:18,197 [Thread-330] INFO  db.DBStoreBuilder (DBStoreBuilder.java:processTables(161)) - Using default column profile:DBProfile.DISK for Table:volumeTable
2019-08-20 15:19:18,197 [Thread-330] INFO  db.DBStoreBuilder (DBStoreBuilder.java:addTable(110)) - using custom profile for table: bucketTable
2019-08-20 15:19:18,198 [Thread-330] INFO  db.DBStoreBuilder (DBStoreBuilder.java:processTables(161)) - Using default column profile:DBProfile.DISK for Table:bucketTable
2019-08-20 15:19:18,198 [Thread-330] INFO  db.DBStoreBuilder (DBStoreBuilder.java:addTable(110)) - using custom profile for table: keyTable
2019-08-20 15:19:18,198 [Thread-330] INFO  db.DBStoreBuilder (DBStoreBuilder.java:processTables(161)) - Using default column profile:DBProfile.DISK for Table:keyTable
2019-08-20 15:19:18,198 [Thread-330] INFO  db.DBStoreBuilder (DBStoreBuilder.java:addTable(110)) - using custom profile for table: deletedTable
2019-08-20 15:19:18,198 [Thread-330] INFO  db.DBStoreBuilder (DBStoreBuilder.java:processTables(161)) - Using default column profile:DBProfile.DISK for Table:deletedTable
2019-08-20 15:19:18,198 [Thread-330] INFO  db.DBStoreBuilder (DBStoreBuilder.java:addTable(110)) - using custom profile for table: openKeyTable
2019-08-20 15:19:18,198 [Thread-330] INFO  db.DBStoreBuilder (DBStoreBuilder.java:processTables(161)) - Using default column profile:DBProfile.DISK for Table:openKeyTable
2019-08-20 15:19:18,199 [Thread-330] INFO  db.DBStoreBuilder (DBStoreBuilder.java:addTable(110)) - using custom profile for table: s3Table
2019-08-20 15:19:18,199 [Thread-330] INFO  db.DBStoreBuilder (DBStoreBuilder.java:processTables(161)) - Using default column profile:DBProfile.DISK for Table:s3Table
2019-08-20 15:19:18,199 [Thread-330] INFO  db.DBStoreBuilder (DBStoreBuilder.java:addTable(110)) - using custom profile for table: multipartInfoTable
2019-08-20 15:19:18,199 [Thread-330] INFO  db.DBStoreBuilder (DBStoreBuilder.java:processTables(161)) - Using default column profile:DBProfile.DISK for Table:multipartInfoTable
2019-08-20 15:19:18,199 [Thread-330] INFO  db.DBStoreBuilder (DBStoreBuilder.java:addTable(110)) - using custom profile for table: dTokenTable
2019-08-20 15:19:18,199 [Thread-330] INFO  db.DBStoreBuilder (DBStoreBuilder.java:processTables(161)) - Using default column profile:DBProfile.DISK for Table:dTokenTable
2019-08-20 15:19:18,199 [Thread-330] INFO  db.DBStoreBuilder (DBStoreBuilder.java:addTable(110)) - using custom profile for table: s3SecretTable
2019-08-20 15:19:18,200 [Thread-330] INFO  db.DBStoreBuilder (DBStoreBuilder.java:processTables(161)) - Using default column profile:DBProfile.DISK for Table:s3SecretTable
2019-08-20 15:19:18,200 [Thread-330] INFO  db.DBStoreBuilder (DBStoreBuilder.java:addTable(110)) - using custom profile for table: prefixTable
2019-08-20 15:19:18,200 [Thread-330] INFO  db.DBStoreBuilder (DBStoreBuilder.java:processTables(161)) - Using default column profile:DBProfile.DISK for Table:prefixTable
2019-08-20 15:19:18,200 [Thread-330] INFO  db.DBStoreBuilder (DBStoreBuilder.java:addTable(110)) - using custom profile for table: default
2019-08-20 15:19:18,200 [Thread-330] INFO  db.DBStoreBuilder (DBStoreBuilder.java:processTables(167)) - Using default column profile:DBProfile.DISK for Table:default
2019-08-20 15:19:18,200 [Thread-330] INFO  db.DBStoreBuilder (DBStoreBuilder.java:getDbProfile(198)) - Using default options. DBProfile.DISK
2019-08-20 15:19:19,188 [Thread-330] INFO  ipc.CallQueueManager (CallQueueManager.java:<init>(84)) - Using callQueue: class java.util.concurrent.LinkedBlockingQueue, queueCapacity: 2000, scheduler: class org.apache.hadoop.ipc.DefaultRpcScheduler, ipcBackoff: false.
2019-08-20 15:19:19,189 [Socket Reader #1 for port 45465] INFO  ipc.Server (Server.java:run(1074)) - Starting Socket Reader #1 for port 45465
2019-08-20 15:19:19,207 [Thread-330] INFO  om.OzoneManager (OzoneManager.java:start(1259)) - OzoneManager RPC server is listening at localhost/127.0.0.1:45465
2019-08-20 15:19:19,207 [Thread-330] INFO  impl.MetricsSystemImpl (MetricsSystemImpl.java:init(158)) - OzoneManager metrics system started (again)
2019-08-20 15:19:19,208 [IPC Server Responder] INFO  ipc.Server (Server.java:run(1314)) - IPC Server Responder: starting
2019-08-20 15:19:19,208 [IPC Server listener on 45465] INFO  ipc.Server (Server.java:run(1153)) - IPC Server listener on 45465: starting
2019-08-20 15:19:19,214 [Thread-330] INFO  hdfs.DFSUtil (DFSUtil.java:httpServerTemplateForNNAndJN(1641)) - Starting Web-server for ozoneManager at: http://0.0.0.0:0
2019-08-20 15:19:19,216 [Thread-330] INFO  server.AuthenticationFilter (AuthenticationFilter.java:constructSecretProvider(240)) - Unable to initialize FileSignerSecretProvider, falling back to use random secrets.
2019-08-20 15:19:19,216 [Thread-330] WARN  http.HttpRequestLog (HttpRequestLog.java:getRequestLog(97)) - Jetty request log can only be enabled using Log4j
2019-08-20 15:19:19,218 [Thread-330] INFO  http.HttpServer2 (HttpServer2.java:addGlobalFilter(975)) - Added global filter 'safety' (class=org.apache.hadoop.http.HttpServer2$QuotingInputFilter)
2019-08-20 15:19:19,219 [Thread-330] INFO  http.HttpServer2 (HttpServer2.java:addFilter(948)) - Added filter static_user_filter (class=org.apache.hadoop.http.lib.StaticUserWebFilter$StaticUserFilter) to context ozoneManager
2019-08-20 15:19:19,219 [Thread-330] INFO  http.HttpServer2 (HttpServer2.java:addFilter(958)) - Added filter static_user_filter (class=org.apache.hadoop.http.lib.StaticUserWebFilter$StaticUserFilter) to context static
2019-08-20 15:19:19,219 [Thread-330] INFO  http.HttpServer2 (HttpServer2.java:addFilter(958)) - Added filter static_user_filter (class=org.apache.hadoop.http.lib.StaticUserWebFilter$StaticUserFilter) to context logs
2019-08-20 15:19:19,220 [Thread-330] INFO  http.HttpServer2 (HttpServer2.java:bindListener(1191)) - Jetty bound to port 46468
2019-08-20 15:19:19,220 [Thread-330] INFO  server.Server (Server.java:doStart(351)) - jetty-9.3.24.v20180605, build timestamp: 2018-06-05T17:11:56Z, git hash: 84205aa28f11a4f31f2a3b86d1bba2cc8ab69827
2019-08-20 15:19:19,222 [Thread-330] INFO  handler.ContextHandler (ContextHandler.java:doStart(781)) - Started o.e.j.s.ServletContextHandler@27880e73{/logs,file:///workdir/hadoop-ozone/integration-test/target/log,AVAILABLE}
2019-08-20 15:19:19,223 [Thread-330] INFO  handler.ContextHandler (ContextHandler.java:doStart(781)) - Started o.e.j.s.ServletContextHandler@329577e6{/static,file:///workdir/hadoop-ozone/integration-test/target/test-classes/webapps/static,AVAILABLE}
2019-08-20 15:19:19,228 [Thread-330] INFO  handler.ContextHandler (ContextHandler.java:doStart(781)) - Started o.e.j.w.WebAppContext@23362d87{/,file:///workdir/hadoop-ozone/integration-test/target/test-classes/webapps/ozoneManager/,AVAILABLE}{/ozoneManager}
2019-08-20 15:19:19,229 [Thread-330] INFO  server.AbstractConnector (AbstractConnector.java:doStart(278)) - Started ServerConnector@6e33b8ab{HTTP/1.1,[http/1.1]}{0.0.0.0:46468}
2019-08-20 15:19:19,229 [Thread-330] INFO  server.Server (Server.java:doStart(419)) - Started @36900ms
2019-08-20 15:19:19,230 [Thread-330] INFO  server.BaseHttpServer (BaseHttpServer.java:updateConnectorAddress(213)) - HTTP server of OZONEMANAGER is listening at http://0.0.0.0:46468
2019-08-20 15:19:19,248 [Thread-330] INFO  impl.MetricsSystemImpl (MetricsSystemImpl.java:init(158)) - HddsDatanode metrics system started (again)
2019-08-20 15:19:19,253 [Thread-330] INFO  ozone.HddsDatanodeService (HddsDatanodeService.java:start(184)) - HddsDatanodeService host:pr-hdds-1981264b6-3336735905 ip:192.168.69.101
2019-08-20 15:19:19,263 [Thread-330] INFO  volume.HddsVolume (HddsVolume.java:<init>(176)) - Creating Volume: /workdir/hadoop-ozone/integration-test/target/test-dir/MiniOzoneClusterImpl-1a07f62a-f892-4fdb-b012-3e13de524f8f/datanode-0/data/containers/hdds of  storage type : DISK and capacity : 1482555576320
2019-08-20 15:19:19,264 [Thread-330] INFO  volume.VolumeSet (VolumeSet.java:initializeVolumeSet(170)) - Added Volume : /workdir/hadoop-ozone/integration-test/target/test-dir/MiniOzoneClusterImpl-1a07f62a-f892-4fdb-b012-3e13de524f8f/datanode-0/data/containers/hdds to VolumeSet
2019-08-20 15:19:19,264 [Thread-330] INFO  volume.ThrottledAsyncChecker (ThrottledAsyncChecker.java:schedule(140)) - Scheduling a check for org.apache.hadoop.ozone.container.common.volume.HddsVolume@3033abf
2019-08-20 15:19:19,265 [Thread-330] INFO  volume.HddsVolumeChecker (HddsVolumeChecker.java:checkAllVolumes(203)) - Scheduled health check for volume org.apache.hadoop.ozone.container.common.volume.HddsVolume@3033abf
2019-08-20 15:19:19,282 [Thread-330] INFO  impl.RaftServerProxy (ConfUtils.java:logGet(43)) - raft.rpc.type = GRPC (default)
2019-08-20 15:19:19,282 [Thread-330] INFO  grpc.GrpcFactory (GrpcFactory.java:checkPooledByteBufAllocatorUseCacheForAllThreads(45)) - PERFORMANCE WARNING: useCacheForAllThreads is true that may cause Netty to create a lot garbage objects and, as a result, trigger GC.
	It is recommended to disable useCacheForAllThreads by setting -Dorg.apache.ratis.thirdparty.io.netty.allocator.useCacheForAllThreads=false in command line.
2019-08-20 15:19:19,283 [Thread-330] INFO  grpc.GrpcConfigKeys$Server (ConfUtils.java:logGet(43)) - raft.grpc.server.port = 0 (default)
2019-08-20 15:19:19,283 [Thread-330] INFO  server.GrpcService (ConfUtils.java:logGet(43)) - raft.grpc.message.size.max = 33570816 (custom)
2019-08-20 15:19:19,283 [Thread-330] INFO  server.RaftServerConfigKeys (ConfUtils.java:logGet(43)) - raft.server.log.appender.buffer.byte-limit = 33554432 (custom)
2019-08-20 15:19:19,283 [Thread-330] INFO  server.GrpcService (ConfUtils.java:logGet(43)) - raft.grpc.flow.control.window = 1MB (=1048576) (default)
2019-08-20 15:19:19,283 [Thread-330] INFO  server.RaftServerConfigKeys (ConfUtils.java:logGet(43)) - raft.server.rpc.request.timeout = 3000ms (default)
2019-08-20 15:19:19,284 [Thread-330] INFO  server.RaftServerConfigKeys (ConfUtils.java:logGet(43)) - raft.server.storage.dir = [/workdir/hadoop-ozone/integration-test/target/test-dir/MiniOzoneClusterImpl-1a07f62a-f892-4fdb-b012-3e13de524f8f/datanode-0/data/ratis] (custom)
2019-08-20 15:19:19,284 [Thread-330] INFO  replication.SimpleContainerDownloader (SimpleContainerDownloader.java:<init>(72)) - Starting container downloader service to copy containers to replicate.
2019-08-20 15:19:19,286 [Thread-330] INFO  hdfs.DFSUtil (DFSUtil.java:httpServerTemplateForNNAndJN(1641)) - Starting Web-server for hddsDatanode at: http://0.0.0.0:0
2019-08-20 15:19:19,287 [Thread-330] INFO  server.AuthenticationFilter (AuthenticationFilter.java:constructSecretProvider(240)) - Unable to initialize FileSignerSecretProvider, falling back to use random secrets.
2019-08-20 15:19:19,288 [Thread-330] WARN  http.HttpRequestLog (HttpRequestLog.java:getRequestLog(97)) - Jetty request log can only be enabled using Log4j
2019-08-20 15:19:19,289 [Thread-330] INFO  http.HttpServer2 (HttpServer2.java:addGlobalFilter(975)) - Added global filter 'safety' (class=org.apache.hadoop.http.HttpServer2$QuotingInputFilter)
2019-08-20 15:19:19,290 [Thread-330] INFO  http.HttpServer2 (HttpServer2.java:addFilter(948)) - Added filter static_user_filter (class=org.apache.hadoop.http.lib.StaticUserWebFilter$StaticUserFilter) to context hddsDatanode
2019-08-20 15:19:19,290 [Thread-330] INFO  http.HttpServer2 (HttpServer2.java:addFilter(958)) - Added filter static_user_filter (class=org.apache.hadoop.http.lib.StaticUserWebFilter$StaticUserFilter) to context logs
2019-08-20 15:19:19,291 [Thread-330] INFO  http.HttpServer2 (HttpServer2.java:addFilter(958)) - Added filter static_user_filter (class=org.apache.hadoop.http.lib.StaticUserWebFilter$StaticUserFilter) to context static
2019-08-20 15:19:19,291 [Thread-330] INFO  http.HttpServer2 (HttpServer2.java:bindListener(1191)) - Jetty bound to port 41202
2019-08-20 15:19:19,291 [Thread-330] INFO  server.Server (Server.java:doStart(351)) - jetty-9.3.24.v20180605, build timestamp: 2018-06-05T17:11:56Z, git hash: 84205aa28f11a4f31f2a3b86d1bba2cc8ab69827
2019-08-20 15:19:19,293 [Thread-330] INFO  handler.ContextHandler (ContextHandler.java:doStart(781)) - Started o.e.j.s.ServletContextHandler@79e701f2{/logs,file:///workdir/hadoop-ozone/integration-test/target/log,AVAILABLE}
2019-08-20 15:19:19,294 [Thread-330] INFO  handler.ContextHandler (ContextHandler.java:doStart(781)) - Started o.e.j.s.ServletContextHandler@4810bada{/static,jar:file:/home/user/.m2/repository/org/apache/hadoop/hadoop-hdds-container-service/0.5.0-SNAPSHOT/hadoop-hdds-container-service-0.5.0-SNAPSHOT.jar!/webapps/static,AVAILABLE}
2019-08-20 15:19:19,323 [Thread-330] INFO  handler.ContextHandler (ContextHandler.java:doStart(781)) - Started o.e.j.w.WebAppContext@231bed5d{/,file:///tmp/jetty-0.0.0.0-41202-hddsDatanode-_-any-1232318101147533239.dir/webapp/,AVAILABLE}{/hddsDatanode}
2019-08-20 15:19:19,324 [Thread-330] INFO  server.AbstractConnector (AbstractConnector.java:doStart(278)) - Started ServerConnector@70a1a271{HTTP/1.1,[http/1.1]}{0.0.0.0:41202}
2019-08-20 15:19:19,325 [Thread-330] INFO  server.Server (Server.java:doStart(419)) - Started @36996ms
2019-08-20 15:19:19,325 [Thread-330] INFO  server.BaseHttpServer (BaseHttpServer.java:updateConnectorAddress(213)) - HTTP server of HDDSDATANODE is listening at http://0.0.0.0:41202
2019-08-20 15:19:19,498 | INFO  | ObjectStoreRestHttpServer | Listening HDDS REST traffic on /0.0.0.0:32778 |  
2019-08-20 15:19:19,498 [Thread-330] INFO  ozone.HddsDatanodeService (HddsDatanodeService.java:startPlugins(395)) - Started plug-in org.apache.hadoop.ozone.web.OzoneHddsDatanodeService@72150d18
2019-08-20 15:19:19,499 [Thread-330] INFO  impl.MetricsSystemImpl (MetricsSystemImpl.java:init(158)) - HddsDatanode metrics system started (again)
2019-08-20 15:19:19,501 [org.apache.hadoop.util.JvmPauseMonitor$Monitor@5699e8b6] INFO  util.JvmPauseMonitor (JvmPauseMonitor.java:run(188)) - Starting JVM pause monitor
2019-08-20 15:19:19,501 [Thread-330] INFO  ozone.HddsDatanodeService (HddsDatanodeService.java:start(184)) - HddsDatanodeService host:pr-hdds-1981264b6-3336735905 ip:192.168.69.101
2019-08-20 15:19:19,503 [Datanode State Machine Thread - 0] INFO  datanode.InitDatanodeState (InitDatanodeState.java:persistContainerDatanodeDetails(140)) - DatanodeDetails is persisted to /workdir/hadoop-ozone/integration-test/target/test-dir/MiniOzoneClusterImpl-1a07f62a-f892-4fdb-b012-3e13de524f8f/datanode-0/meta/datanode.id
2019-08-20 15:19:19,507 [Thread-330] INFO  volume.HddsVolume (HddsVolume.java:<init>(176)) - Creating Volume: /workdir/hadoop-ozone/integration-test/target/test-dir/MiniOzoneClusterImpl-1a07f62a-f892-4fdb-b012-3e13de524f8f/datanode-1/data/containers/hdds of  storage type : DISK and capacity : 1482555576320
2019-08-20 15:19:19,507 [Thread-330] INFO  volume.VolumeSet (VolumeSet.java:initializeVolumeSet(170)) - Added Volume : /workdir/hadoop-ozone/integration-test/target/test-dir/MiniOzoneClusterImpl-1a07f62a-f892-4fdb-b012-3e13de524f8f/datanode-1/data/containers/hdds to VolumeSet
2019-08-20 15:19:19,508 [Thread-330] INFO  volume.ThrottledAsyncChecker (ThrottledAsyncChecker.java:schedule(140)) - Scheduling a check for org.apache.hadoop.ozone.container.common.volume.HddsVolume@798a88b
2019-08-20 15:19:19,508 [Thread-330] INFO  volume.HddsVolumeChecker (HddsVolumeChecker.java:checkAllVolumes(203)) - Scheduled health check for volume org.apache.hadoop.ozone.container.common.volume.HddsVolume@798a88b
2019-08-20 15:19:19,523 [Thread-330] INFO  impl.RaftServerProxy (ConfUtils.java:logGet(43)) - raft.rpc.type = GRPC (default)
2019-08-20 15:19:19,523 [Thread-330] INFO  grpc.GrpcFactory (GrpcFactory.java:checkPooledByteBufAllocatorUseCacheForAllThreads(45)) - PERFORMANCE WARNING: useCacheForAllThreads is true that may cause Netty to create a lot garbage objects and, as a result, trigger GC.
	It is recommended to disable useCacheForAllThreads by setting -Dorg.apache.ratis.thirdparty.io.netty.allocator.useCacheForAllThreads=false in command line.
2019-08-20 15:19:19,523 [Thread-330] INFO  grpc.GrpcConfigKeys$Server (ConfUtils.java:logGet(43)) - raft.grpc.server.port = 0 (default)
2019-08-20 15:19:19,523 [Thread-330] INFO  server.GrpcService (ConfUtils.java:logGet(43)) - raft.grpc.message.size.max = 33570816 (custom)
2019-08-20 15:19:19,523 [Thread-330] INFO  server.RaftServerConfigKeys (ConfUtils.java:logGet(43)) - raft.server.log.appender.buffer.byte-limit = 33554432 (custom)
2019-08-20 15:19:19,524 [Thread-330] INFO  server.GrpcService (ConfUtils.java:logGet(43)) - raft.grpc.flow.control.window = 1MB (=1048576) (default)
2019-08-20 15:19:19,524 [Thread-330] INFO  server.RaftServerConfigKeys (ConfUtils.java:logGet(43)) - raft.server.rpc.request.timeout = 3000ms (default)
2019-08-20 15:19:19,524 [Thread-330] INFO  server.RaftServerConfigKeys (ConfUtils.java:logGet(43)) - raft.server.storage.dir = [/workdir/hadoop-ozone/integration-test/target/test-dir/MiniOzoneClusterImpl-1a07f62a-f892-4fdb-b012-3e13de524f8f/datanode-1/data/ratis] (custom)
2019-08-20 15:19:19,525 [Thread-330] INFO  replication.SimpleContainerDownloader (SimpleContainerDownloader.java:<init>(72)) - Starting container downloader service to copy containers to replicate.
2019-08-20 15:19:19,526 [Thread-330] INFO  hdfs.DFSUtil (DFSUtil.java:httpServerTemplateForNNAndJN(1641)) - Starting Web-server for hddsDatanode at: http://0.0.0.0:0
2019-08-20 15:19:19,528 [Thread-330] INFO  server.AuthenticationFilter (AuthenticationFilter.java:constructSecretProvider(240)) - Unable to initialize FileSignerSecretProvider, falling back to use random secrets.
2019-08-20 15:19:19,528 [Thread-330] WARN  http.HttpRequestLog (HttpRequestLog.java:getRequestLog(97)) - Jetty request log can only be enabled using Log4j
2019-08-20 15:19:19,530 [Thread-330] INFO  http.HttpServer2 (HttpServer2.java:addGlobalFilter(975)) - Added global filter 'safety' (class=org.apache.hadoop.http.HttpServer2$QuotingInputFilter)
2019-08-20 15:19:19,531 [Thread-330] INFO  http.HttpServer2 (HttpServer2.java:addFilter(948)) - Added filter static_user_filter (class=org.apache.hadoop.http.lib.StaticUserWebFilter$StaticUserFilter) to context hddsDatanode
2019-08-20 15:19:19,531 [Thread-330] INFO  http.HttpServer2 (HttpServer2.java:addFilter(958)) - Added filter static_user_filter (class=org.apache.hadoop.http.lib.StaticUserWebFilter$StaticUserFilter) to context static
2019-08-20 15:19:19,531 [Thread-330] INFO  http.HttpServer2 (HttpServer2.java:addFilter(958)) - Added filter static_user_filter (class=org.apache.hadoop.http.lib.StaticUserWebFilter$StaticUserFilter) to context logs
2019-08-20 15:19:19,532 [Thread-330] INFO  http.HttpServer2 (HttpServer2.java:bindListener(1191)) - Jetty bound to port 35860
2019-08-20 15:19:19,532 [Thread-330] INFO  server.Server (Server.java:doStart(351)) - jetty-9.3.24.v20180605, build timestamp: 2018-06-05T17:11:56Z, git hash: 84205aa28f11a4f31f2a3b86d1bba2cc8ab69827
2019-08-20 15:19:19,534 [Thread-330] INFO  handler.ContextHandler (ContextHandler.java:doStart(781)) - Started o.e.j.s.ServletContextHandler@72c7843{/logs,file:///workdir/hadoop-ozone/integration-test/target/log,AVAILABLE}
2019-08-20 15:19:19,535 [Thread-330] INFO  handler.ContextHandler (ContextHandler.java:doStart(781)) - Started o.e.j.s.ServletContextHandler@3af3f847{/static,jar:file:/home/user/.m2/repository/org/apache/hadoop/hadoop-hdds-container-service/0.5.0-SNAPSHOT/hadoop-hdds-container-service-0.5.0-SNAPSHOT.jar!/webapps/static,AVAILABLE}
2019-08-20 15:19:19,567 [Thread-330] INFO  handler.ContextHandler (ContextHandler.java:doStart(781)) - Started o.e.j.w.WebAppContext@16dd704c{/,file:///tmp/jetty-0.0.0.0-35860-hddsDatanode-_-any-4209576039239730516.dir/webapp/,AVAILABLE}{/hddsDatanode}
2019-08-20 15:19:19,568 [Thread-330] INFO  server.AbstractConnector (AbstractConnector.java:doStart(278)) - Started ServerConnector@7b774a4b{HTTP/1.1,[http/1.1]}{0.0.0.0:35860}
2019-08-20 15:19:19,569 [Thread-330] INFO  server.Server (Server.java:doStart(419)) - Started @37240ms
2019-08-20 15:19:19,570 [Thread-330] INFO  server.BaseHttpServer (BaseHttpServer.java:updateConnectorAddress(213)) - HTTP server of HDDSDATANODE is listening at http://0.0.0.0:35860
2019-08-20 15:19:19,729 | INFO  | ObjectStoreRestHttpServer | Listening HDDS REST traffic on /0.0.0.0:36834 |  
2019-08-20 15:19:19,729 [Thread-330] INFO  ozone.HddsDatanodeService (HddsDatanodeService.java:startPlugins(395)) - Started plug-in org.apache.hadoop.ozone.web.OzoneHddsDatanodeService@c7b7598
2019-08-20 15:19:19,730 [Thread-330] INFO  impl.MetricsSystemImpl (MetricsSystemImpl.java:init(158)) - HddsDatanode metrics system started (again)
2019-08-20 15:19:19,735 [org.apache.hadoop.util.JvmPauseMonitor$Monitor@14315cd9] INFO  util.JvmPauseMonitor (JvmPauseMonitor.java:run(188)) - Starting JVM pause monitor
2019-08-20 15:19:19,735 [Thread-330] INFO  ozone.HddsDatanodeService (HddsDatanodeService.java:start(184)) - HddsDatanodeService host:pr-hdds-1981264b6-3336735905 ip:192.168.69.101
2019-08-20 15:19:19,737 [Datanode State Machine Thread - 0] INFO  datanode.InitDatanodeState (InitDatanodeState.java:persistContainerDatanodeDetails(140)) - DatanodeDetails is persisted to /workdir/hadoop-ozone/integration-test/target/test-dir/MiniOzoneClusterImpl-1a07f62a-f892-4fdb-b012-3e13de524f8f/datanode-1/meta/datanode.id
2019-08-20 15:19:19,742 [Thread-330] INFO  volume.HddsVolume (HddsVolume.java:<init>(176)) - Creating Volume: /workdir/hadoop-ozone/integration-test/target/test-dir/MiniOzoneClusterImpl-1a07f62a-f892-4fdb-b012-3e13de524f8f/datanode-2/data/containers/hdds of  storage type : DISK and capacity : 1482555576320
2019-08-20 15:19:19,742 [Thread-330] INFO  volume.VolumeSet (VolumeSet.java:initializeVolumeSet(170)) - Added Volume : /workdir/hadoop-ozone/integration-test/target/test-dir/MiniOzoneClusterImpl-1a07f62a-f892-4fdb-b012-3e13de524f8f/datanode-2/data/containers/hdds to VolumeSet
2019-08-20 15:19:19,742 [Thread-330] INFO  volume.ThrottledAsyncChecker (ThrottledAsyncChecker.java:schedule(140)) - Scheduling a check for org.apache.hadoop.ozone.container.common.volume.HddsVolume@155f330a
2019-08-20 15:19:19,743 [Thread-330] INFO  volume.HddsVolumeChecker (HddsVolumeChecker.java:checkAllVolumes(203)) - Scheduled health check for volume org.apache.hadoop.ozone.container.common.volume.HddsVolume@155f330a
2019-08-20 15:19:19,758 [Thread-330] INFO  impl.RaftServerProxy (ConfUtils.java:logGet(43)) - raft.rpc.type = GRPC (default)
2019-08-20 15:19:19,758 [Thread-330] INFO  grpc.GrpcFactory (GrpcFactory.java:checkPooledByteBufAllocatorUseCacheForAllThreads(45)) - PERFORMANCE WARNING: useCacheForAllThreads is true that may cause Netty to create a lot garbage objects and, as a result, trigger GC.
	It is recommended to disable useCacheForAllThreads by setting -Dorg.apache.ratis.thirdparty.io.netty.allocator.useCacheForAllThreads=false in command line.
2019-08-20 15:19:19,758 [Thread-330] INFO  grpc.GrpcConfigKeys$Server (ConfUtils.java:logGet(43)) - raft.grpc.server.port = 0 (default)
2019-08-20 15:19:19,758 [Thread-330] INFO  server.GrpcService (ConfUtils.java:logGet(43)) - raft.grpc.message.size.max = 33570816 (custom)
2019-08-20 15:19:19,758 [Thread-330] INFO  server.RaftServerConfigKeys (ConfUtils.java:logGet(43)) - raft.server.log.appender.buffer.byte-limit = 33554432 (custom)
2019-08-20 15:19:19,758 [Thread-330] INFO  server.GrpcService (ConfUtils.java:logGet(43)) - raft.grpc.flow.control.window = 1MB (=1048576) (default)
2019-08-20 15:19:19,759 [Thread-330] INFO  server.RaftServerConfigKeys (ConfUtils.java:logGet(43)) - raft.server.rpc.request.timeout = 3000ms (default)
2019-08-20 15:19:19,759 [Thread-330] INFO  server.RaftServerConfigKeys (ConfUtils.java:logGet(43)) - raft.server.storage.dir = [/workdir/hadoop-ozone/integration-test/target/test-dir/MiniOzoneClusterImpl-1a07f62a-f892-4fdb-b012-3e13de524f8f/datanode-2/data/ratis] (custom)
2019-08-20 15:19:19,760 [Thread-330] INFO  replication.SimpleContainerDownloader (SimpleContainerDownloader.java:<init>(72)) - Starting container downloader service to copy containers to replicate.
2019-08-20 15:19:19,762 [Thread-330] INFO  hdfs.DFSUtil (DFSUtil.java:httpServerTemplateForNNAndJN(1641)) - Starting Web-server for hddsDatanode at: http://0.0.0.0:0
2019-08-20 15:19:19,763 [Thread-330] INFO  server.AuthenticationFilter (AuthenticationFilter.java:constructSecretProvider(240)) - Unable to initialize FileSignerSecretProvider, falling back to use random secrets.
2019-08-20 15:19:19,763 [Thread-330] WARN  http.HttpRequestLog (HttpRequestLog.java:getRequestLog(97)) - Jetty request log can only be enabled using Log4j
2019-08-20 15:19:19,766 [Thread-330] INFO  http.HttpServer2 (HttpServer2.java:addGlobalFilter(975)) - Added global filter 'safety' (class=org.apache.hadoop.http.HttpServer2$QuotingInputFilter)
2019-08-20 15:19:19,766 [Thread-330] INFO  http.HttpServer2 (HttpServer2.java:addFilter(948)) - Added filter static_user_filter (class=org.apache.hadoop.http.lib.StaticUserWebFilter$StaticUserFilter) to context hddsDatanode
2019-08-20 15:19:19,767 [Thread-330] INFO  http.HttpServer2 (HttpServer2.java:addFilter(958)) - Added filter static_user_filter (class=org.apache.hadoop.http.lib.StaticUserWebFilter$StaticUserFilter) to context logs
2019-08-20 15:19:19,767 [Thread-330] INFO  http.HttpServer2 (HttpServer2.java:addFilter(958)) - Added filter static_user_filter (class=org.apache.hadoop.http.lib.StaticUserWebFilter$StaticUserFilter) to context static
2019-08-20 15:19:19,768 [Thread-330] INFO  http.HttpServer2 (HttpServer2.java:bindListener(1191)) - Jetty bound to port 38972
2019-08-20 15:19:19,768 [Thread-330] INFO  server.Server (Server.java:doStart(351)) - jetty-9.3.24.v20180605, build timestamp: 2018-06-05T17:11:56Z, git hash: 84205aa28f11a4f31f2a3b86d1bba2cc8ab69827
2019-08-20 15:19:19,770 [Thread-330] INFO  handler.ContextHandler (ContextHandler.java:doStart(781)) - Started o.e.j.s.ServletContextHandler@6405ed6c{/logs,file:///workdir/hadoop-ozone/integration-test/target/log,AVAILABLE}
2019-08-20 15:19:19,770 [Thread-330] INFO  handler.ContextHandler (ContextHandler.java:doStart(781)) - Started o.e.j.s.ServletContextHandler@659e4435{/static,jar:file:/home/user/.m2/repository/org/apache/hadoop/hadoop-hdds-container-service/0.5.0-SNAPSHOT/hadoop-hdds-container-service-0.5.0-SNAPSHOT.jar!/webapps/static,AVAILABLE}
2019-08-20 15:19:19,806 [Thread-330] INFO  handler.ContextHandler (ContextHandler.java:doStart(781)) - Started o.e.j.w.WebAppContext@6612db91{/,file:///tmp/jetty-0.0.0.0-38972-hddsDatanode-_-any-7229546733681577922.dir/webapp/,AVAILABLE}{/hddsDatanode}
2019-08-20 15:19:19,807 [Thread-330] INFO  server.AbstractConnector (AbstractConnector.java:doStart(278)) - Started ServerConnector@724bb69b{HTTP/1.1,[http/1.1]}{0.0.0.0:38972}
2019-08-20 15:19:19,808 [Thread-330] INFO  server.Server (Server.java:doStart(419)) - Started @37479ms
2019-08-20 15:19:19,809 [Thread-330] INFO  server.BaseHttpServer (BaseHttpServer.java:updateConnectorAddress(213)) - HTTP server of HDDSDATANODE is listening at http://0.0.0.0:38972
2019-08-20 15:19:19,984 | INFO  | ObjectStoreRestHttpServer | Listening HDDS REST traffic on /0.0.0.0:40561 |  
2019-08-20 15:19:19,984 [Thread-330] INFO  ozone.HddsDatanodeService (HddsDatanodeService.java:startPlugins(395)) - Started plug-in org.apache.hadoop.ozone.web.OzoneHddsDatanodeService@39e61bf8
2019-08-20 15:19:19,984 [Thread-330] INFO  ozone.MiniOzoneClusterImpl (MiniOzoneClusterImpl.java:lambda$waitForClusterToBeReady$0(142)) - Waiting for cluster to be ready. Got 0 of 3 DN Heartbeats.
2019-08-20 15:19:19,986 [org.apache.hadoop.util.JvmPauseMonitor$Monitor@6a45f08a] INFO  util.JvmPauseMonitor (JvmPauseMonitor.java:run(188)) - Starting JVM pause monitor
2019-08-20 15:19:19,989 [Datanode State Machine Thread - 0] INFO  datanode.InitDatanodeState (InitDatanodeState.java:persistContainerDatanodeDetails(140)) - DatanodeDetails is persisted to /workdir/hadoop-ozone/integration-test/target/test-dir/MiniOzoneClusterImpl-1a07f62a-f892-4fdb-b012-3e13de524f8f/datanode-2/meta/datanode.id
2019-08-20 15:19:20,985 [Thread-330] INFO  ozone.MiniOzoneClusterImpl (MiniOzoneClusterImpl.java:lambda$waitForClusterToBeReady$0(142)) - Waiting for cluster to be ready. Got 0 of 3 DN Heartbeats.
2019-08-20 15:19:21,506 | INFO  | SCMAudit | user=jenkins1000 | ip=192.168.69.101 | op=GET_VERSION null | ret=SUCCESS |  
2019-08-20 15:19:21,529 [Datanode State Machine Thread - 0] INFO  ozoneimpl.OzoneContainer (OzoneContainer.java:start(186)) - Attempting to start container services.
2019-08-20 15:19:21,529 [Datanode State Machine Thread - 0] INFO  ozoneimpl.OzoneContainer (OzoneContainer.java:startContainerScrub(160)) - Background container scrubber has been disabled by hdds.containerscrub.enabled
2019-08-20 15:19:21,529 [Datanode State Machine Thread - 0] INFO  ratis.XceiverServerRatis (XceiverServerRatis.java:start(404)) - Starting XceiverServerRatis b133dfae-0d8b-4bac-9f28-d0cb7cdc2bc1 at port 0
2019-08-20 15:19:21,539 [Datanode State Machine Thread - 0] INFO  impl.RaftServerProxy (RaftServerProxy.java:lambda$start$3(299)) - b133dfae-0d8b-4bac-9f28-d0cb7cdc2bc1: start RPC server
2019-08-20 15:19:21,543 [Datanode State Machine Thread - 0] INFO  server.GrpcService (GrpcService.java:startImpl(149)) - b133dfae-0d8b-4bac-9f28-d0cb7cdc2bc1: GrpcService started, listening on 0.0.0.0/0.0.0.0:37813
2019-08-20 15:19:21,543 [Datanode State Machine Thread - 0] INFO  ratis.XceiverServerRatis (XceiverServerRatis.java:start(414)) - XceiverServerRatis b133dfae-0d8b-4bac-9f28-d0cb7cdc2bc1 is started using port 37813
2019-08-20 15:19:21,545 [Datanode State Machine Thread - 0] INFO  server.XceiverServerGrpc (XceiverServerGrpc.java:start(161)) - XceiverServerGrpc b133dfae-0d8b-4bac-9f28-d0cb7cdc2bc1 is started using port 39487
2019-08-20 15:19:21,736 | INFO  | SCMAudit | user=jenkins1000 | ip=192.168.69.101 | op=GET_VERSION null | ret=SUCCESS |  
2019-08-20 15:19:21,766 [Datanode State Machine Thread - 0] INFO  ozoneimpl.OzoneContainer (OzoneContainer.java:start(186)) - Attempting to start container services.
2019-08-20 15:19:21,766 [Datanode State Machine Thread - 0] INFO  ozoneimpl.OzoneContainer (OzoneContainer.java:startContainerScrub(160)) - Background container scrubber has been disabled by hdds.containerscrub.enabled
2019-08-20 15:19:21,766 [Datanode State Machine Thread - 0] INFO  ratis.XceiverServerRatis (XceiverServerRatis.java:start(404)) - Starting XceiverServerRatis 6fd3ed34-8a63-4874-8589-87309973ae65 at port 0
2019-08-20 15:19:21,774 [Datanode State Machine Thread - 0] INFO  impl.RaftServerProxy (RaftServerProxy.java:lambda$start$3(299)) - 6fd3ed34-8a63-4874-8589-87309973ae65: start RPC server
2019-08-20 15:19:21,775 [Datanode State Machine Thread - 0] INFO  server.GrpcService (GrpcService.java:startImpl(149)) - 6fd3ed34-8a63-4874-8589-87309973ae65: GrpcService started, listening on 0.0.0.0/0.0.0.0:33798
2019-08-20 15:19:21,775 [Datanode State Machine Thread - 0] INFO  ratis.XceiverServerRatis (XceiverServerRatis.java:start(414)) - XceiverServerRatis 6fd3ed34-8a63-4874-8589-87309973ae65 is started using port 33798
2019-08-20 15:19:21,777 [Datanode State Machine Thread - 0] INFO  server.XceiverServerGrpc (XceiverServerGrpc.java:start(161)) - XceiverServerGrpc 6fd3ed34-8a63-4874-8589-87309973ae65 is started using port 40120
2019-08-20 15:19:21,985 [Thread-330] INFO  ozone.MiniOzoneClusterImpl (MiniOzoneClusterImpl.java:lambda$waitForClusterToBeReady$0(142)) - Waiting for cluster to be ready. Got 0 of 3 DN Heartbeats.
2019-08-20 15:19:21,988 | INFO  | SCMAudit | user=jenkins1000 | ip=192.168.69.101 | op=GET_VERSION null | ret=SUCCESS |  
2019-08-20 15:19:22,030 [Datanode State Machine Thread - 0] INFO  ozoneimpl.OzoneContainer (OzoneContainer.java:start(186)) - Attempting to start container services.
2019-08-20 15:19:22,030 [Datanode State Machine Thread - 0] INFO  ozoneimpl.OzoneContainer (OzoneContainer.java:startContainerScrub(160)) - Background container scrubber has been disabled by hdds.containerscrub.enabled
2019-08-20 15:19:22,030 [Datanode State Machine Thread - 0] INFO  ratis.XceiverServerRatis (XceiverServerRatis.java:start(404)) - Starting XceiverServerRatis 489867c4-c9de-42bb-b37c-5cd48de4ec28 at port 0
2019-08-20 15:19:22,039 [Datanode State Machine Thread - 0] INFO  impl.RaftServerProxy (RaftServerProxy.java:lambda$start$3(299)) - 489867c4-c9de-42bb-b37c-5cd48de4ec28: start RPC server
2019-08-20 15:19:22,041 [Datanode State Machine Thread - 0] INFO  server.GrpcService (GrpcService.java:startImpl(149)) - 489867c4-c9de-42bb-b37c-5cd48de4ec28: GrpcService started, listening on 0.0.0.0/0.0.0.0:32990
2019-08-20 15:19:22,041 [Datanode State Machine Thread - 0] INFO  ratis.XceiverServerRatis (XceiverServerRatis.java:start(414)) - XceiverServerRatis 489867c4-c9de-42bb-b37c-5cd48de4ec28 is started using port 32990
2019-08-20 15:19:22,041 [Datanode State Machine Thread - 0] INFO  server.XceiverServerGrpc (XceiverServerGrpc.java:start(161)) - XceiverServerGrpc 489867c4-c9de-42bb-b37c-5cd48de4ec28 is started using port 38181
2019-08-20 15:19:22,986 [Thread-330] INFO  ozone.MiniOzoneClusterImpl (MiniOzoneClusterImpl.java:lambda$waitForClusterToBeReady$0(142)) - Waiting for cluster to be ready. Got 0 of 3 DN Heartbeats.
2019-08-20 15:19:23,510 [IPC Server handler 0 on 39635] INFO  net.NetworkTopology (NetworkTopologyImpl.java:add(110)) - Added a new node: /default-rack/b133dfae-0d8b-4bac-9f28-d0cb7cdc2bc1
2019-08-20 15:19:23,512 [IPC Server handler 0 on 39635] INFO  node.SCMNodeManager (SCMNodeManager.java:register(273)) - Registered Data node : b133dfae-0d8b-4bac-9f28-d0cb7cdc2bc1{ip: 192.168.69.101, host: pr-hdds-1981264b6-3336735905, networkLocation: /default-rack, certSerialId: null}
2019-08-20 15:19:23,513 [EventQueue-NodeRegistrationContainerReportForDataNodeSafeModeRule] INFO  safemode.SCMSafeModeManager (DataNodeSafeModeRule.java:process(71)) - SCM in safe mode. 1 DataNodes registered, 1 required.
2019-08-20 15:19:23,514 [EventQueue-NodeRegistrationContainerReportForDataNodeSafeModeRule] INFO  safemode.SCMSafeModeManager (SCMSafeModeManager.java:validateSafeModeExitRules(177)) - ScmSafeModeManager, all rules are successfully validated
2019-08-20 15:19:23,514 [EventQueue-NodeRegistrationContainerReportForDataNodeSafeModeRule] INFO  safemode.SCMSafeModeManager (SCMSafeModeManager.java:exitSafeMode(193)) - SCM exiting safe mode.
2019-08-20 15:19:23,515 | INFO  | SCMAudit | user=jenkins1000 | ip=192.168.69.101 | op=REGISTER {datanodeDetails=b133dfae-0d8b-4bac-9f28-d0cb7cdc2bc1{ip: 192.168.69.101, host: pr-hdds-1981264b6-3336735905, networkLocation: /default-rack, certSerialId: null}} | ret=SUCCESS |  
2019-08-20 15:19:23,533 [grpc-default-executor-0] INFO  impl.RaftServerProxy (RaftServerProxy.java:addNew(89)) - b133dfae-0d8b-4bac-9f28-d0cb7cdc2bc1: addNew group-ADE561B89288:[b133dfae-0d8b-4bac-9f28-d0cb7cdc2bc1:192.168.69.101:37813] returns group-ADE561B89288:java.util.concurrent.CompletableFuture@22fb1c93[Not completed]
2019-08-20 15:19:23,536 [pool-113-thread-1] INFO  impl.RaftServerImpl (RaftServerImpl.java:<init>(93)) - b133dfae-0d8b-4bac-9f28-d0cb7cdc2bc1: new RaftServerImpl for group-ADE561B89288:[b133dfae-0d8b-4bac-9f28-d0cb7cdc2bc1:192.168.69.101:37813] with ContainerStateMachine:uninitialized
2019-08-20 15:19:23,536 [pool-113-thread-1] INFO  server.RaftServerConfigKeys (ConfUtils.java:logGet(43)) - raft.server.rpc.timeout.min = 5s (custom)
2019-08-20 15:19:23,536 [pool-113-thread-1] INFO  server.RaftServerConfigKeys (ConfUtils.java:logGet(43)) - raft.server.rpc.timeout.max = 5200ms (custom)
2019-08-20 15:19:23,536 [pool-113-thread-1] INFO  server.RaftServerConfigKeys (ConfUtils.java:logGet(43)) - raft.server.rpcslowness.timeout = 120s (custom)
2019-08-20 15:19:23,536 [pool-113-thread-1] INFO  server.RaftServerConfigKeys (ConfUtils.java:logGet(43)) - raft.server.sleep.deviation.threshold = 300 (default)
2019-08-20 15:19:23,537 [pool-113-thread-1] INFO  server.RaftServerConfigKeys (ConfUtils.java:logGet(43)) - raft.server.log.appender.install.snapshot.enabled = false (custom)
2019-08-20 15:19:23,537 [pool-113-thread-1] INFO  impl.RaftServerImpl (ServerState.java:<init>(105)) - b133dfae-0d8b-4bac-9f28-d0cb7cdc2bc1:group-ADE561B89288 ConfigurationManager, init=-1: [b133dfae-0d8b-4bac-9f28-d0cb7cdc2bc1:192.168.69.101:37813], old=null, confs=<EMPTY_MAP>
2019-08-20 15:19:23,537 [pool-113-thread-1] INFO  server.RaftServerConfigKeys (ConfUtils.java:logGet(43)) - raft.server.storage.dir = [/workdir/hadoop-ozone/integration-test/target/test-dir/MiniOzoneClusterImpl-1a07f62a-f892-4fdb-b012-3e13de524f8f/datanode-0/data/ratis] (custom)
2019-08-20 15:19:23,538 [pool-113-thread-1] INFO  storage.RaftStorageDirectory (RaftStorageDirectory.java:analyzeStorage(246)) - The storage directory /workdir/hadoop-ozone/integration-test/target/test-dir/MiniOzoneClusterImpl-1a07f62a-f892-4fdb-b012-3e13de524f8f/datanode-0/data/ratis/819e5780-c689-46ca-88e6-ade561b89288 does not exist. Creating ...
2019-08-20 15:19:23,563 [pool-113-thread-1] INFO  storage.RaftStorageDirectory (RaftStorageDirectory.java:tryLock(328)) - Lock on /workdir/hadoop-ozone/integration-test/target/test-dir/MiniOzoneClusterImpl-1a07f62a-f892-4fdb-b012-3e13de524f8f/datanode-0/data/ratis/819e5780-c689-46ca-88e6-ade561b89288/in_use.lock acquired by nodename 16074@pr-hdds-1981264b6-3336735905
2019-08-20 15:19:23,589 [pool-113-thread-1] INFO  storage.RaftStorage (RaftStorage.java:format(72)) - Storage directory /workdir/hadoop-ozone/integration-test/target/test-dir/MiniOzoneClusterImpl-1a07f62a-f892-4fdb-b012-3e13de524f8f/datanode-0/data/ratis/819e5780-c689-46ca-88e6-ade561b89288 has been successfully formatted.
2019-08-20 15:19:23,589 [pool-113-thread-1] INFO  ratis.ContainerStateMachine (ContainerStateMachine.java:loadSnapshot(222)) - group-ADE561B89288: The snapshot info is null. Setting the last applied indexto:(t:0, i:~)
2019-08-20 15:19:23,590 [pool-113-thread-1] INFO  server.RaftServerConfigKeys (ConfUtils.java:logGet(43)) - raft.server.leader.election.timeout = 120s (custom)
2019-08-20 15:19:23,590 [pool-113-thread-1] INFO  server.RaftServerConfigKeys (ConfUtils.java:logGet(43)) - raft.server.log.use.memory = false (default)
2019-08-20 15:19:23,590 [pool-113-thread-1] INFO  server.RaftServerConfigKeys (ConfUtils.java:logGet(43)) - raft.server.log.purge.gap = 1000000 (custom)
2019-08-20 15:19:23,590 [pool-113-thread-1] INFO  server.RaftServerConfigKeys (ConfUtils.java:logGet(43)) - raft.server.log.appender.buffer.byte-limit = 33554432 (custom)
2019-08-20 15:19:23,590 [pool-113-thread-1] INFO  server.RaftServerConfigKeys (ConfUtils.java:logGet(43)) - raft.server.log.segment.size.max = 1048576 (custom)
2019-08-20 15:19:23,590 [pool-113-thread-1] INFO  server.RaftServerConfigKeys (ConfUtils.java:logGet(43)) - raft.server.log.segment.cache.num.max = 2 (custom)
2019-08-20 15:19:23,591 [pool-113-thread-1] INFO  segmented.SegmentedRaftLogWorker (SegmentedRaftLogWorker.java:<init>(172)) - new b133dfae-0d8b-4bac-9f28-d0cb7cdc2bc1-SegmentedRaftLogWorker:Storage Directory /workdir/hadoop-ozone/integration-test/target/test-dir/MiniOzoneClusterImpl-1a07f62a-f892-4fdb-b012-3e13de524f8f/datanode-0/data/ratis/819e5780-c689-46ca-88e6-ade561b89288 for RaftStorage:Storage Directory /workdir/hadoop-ozone/integration-test/target/test-dir/MiniOzoneClusterImpl-1a07f62a-f892-4fdb-b012-3e13de524f8f/datanode-0/data/ratis/819e5780-c689-46ca-88e6-ade561b89288
2019-08-20 15:19:23,591 [pool-113-thread-1] INFO  server.RaftServerConfigKeys (ConfUtils.java:logGet(43)) - raft.server.log.queue.byte-limit = 2147483647 (custom)
2019-08-20 15:19:23,591 [pool-113-thread-1] INFO  server.RaftServerConfigKeys (ConfUtils.java:logGet(43)) - raft.server.log.queue.element-limit = 1024 (custom)
2019-08-20 15:19:23,591 [pool-113-thread-1] INFO  server.RaftServerConfigKeys (ConfUtils.java:logGet(43)) - raft.server.log.segment.size.max = 1048576 (custom)
2019-08-20 15:19:23,591 [pool-113-thread-1] INFO  server.RaftServerConfigKeys (ConfUtils.java:logGet(43)) - raft.server.log.preallocated.size = 16384 (custom)
2019-08-20 15:19:23,592 [pool-113-thread-1] INFO  server.RaftServerConfigKeys (ConfUtils.java:logGet(43)) - raft.server.log.write.buffer.size = 33554432 (custom)
2019-08-20 15:19:23,592 [pool-113-thread-1] INFO  server.RaftServerConfigKeys (ConfUtils.java:logGet(43)) - raft.server.log.force.sync.num = 128 (default)
2019-08-20 15:19:23,592 [pool-113-thread-1] INFO  server.RaftServerConfigKeys (ConfUtils.java:logGet(43)) - raft.server.log.statemachine.data.sync = true (default)
2019-08-20 15:19:23,592 [pool-113-thread-1] INFO  server.RaftServerConfigKeys (ConfUtils.java:logGet(43)) - raft.server.log.statemachine.data.sync.timeout = 10s (default)
2019-08-20 15:19:23,592 [pool-113-thread-1] INFO  server.RaftServerConfigKeys (ConfUtils.java:logGet(43)) - raft.server.log.statemachine.data.sync.timeout.retry = -1 (default)
2019-08-20 15:19:23,593 [pool-113-thread-1] INFO  server.RaftServerConfigKeys (ConfUtils.java:logGet(43)) - raft.server.log.statemachine.data.caching.enabled = true (custom)
2019-08-20 15:19:23,593 [pool-113-thread-1] INFO  segmented.SegmentedRaftLogWorker (SegmentedRaftLogWorker.java:lambda$new$0(132)) - b133dfae-0d8b-4bac-9f28-d0cb7cdc2bc1-SegmentedRaftLogWorker:Storage Directory /workdir/hadoop-ozone/integration-test/target/test-dir/MiniOzoneClusterImpl-1a07f62a-f892-4fdb-b012-3e13de524f8f/datanode-0/data/ratis/819e5780-c689-46ca-88e6-ade561b89288: flushIndex: setUnconditionally 0 -> -1
2019-08-20 15:19:23,593 [pool-113-thread-1] INFO  server.RaftServerConfigKeys (ConfUtils.java:logGet(43)) - raft.server.snapshot.auto.trigger.enabled = true (custom)
2019-08-20 15:19:23,594 [pool-113-thread-1] INFO  server.RaftServerConfigKeys (ConfUtils.java:logGet(43)) - raft.server.snapshot.auto.trigger.threshold = 10000 (custom)
2019-08-20 15:19:23,594 [pool-113-thread-1] INFO  server.RaftServerConfigKeys (ConfUtils.java:logGet(43)) - raft.server.retrycache.expirytime = 600000ms (custom)
2019-08-20 15:19:23,594 [pool-113-thread-1] INFO  impl.RaftServerImpl (RaftServerImpl.java:start(180)) - b133dfae-0d8b-4bac-9f28-d0cb7cdc2bc1: start group-ADE561B89288
2019-08-20 15:19:23,594 [pool-113-thread-1] INFO  impl.RaftServerImpl (RaftServerImpl.java:setRole(171)) - b133dfae-0d8b-4bac-9f28-d0cb7cdc2bc1:group-ADE561B89288 changes role from null to FOLLOWER at term 0 for startAsFollower
2019-08-20 15:19:23,594 [pool-113-thread-1] INFO  impl.RoleInfo (RoleInfo.java:updateAndGet(143)) - b133dfae-0d8b-4bac-9f28-d0cb7cdc2bc1: start FollowerState
2019-08-20 15:19:23,595 [pool-113-thread-1] INFO  util.JmxRegister (JmxRegister.java:tryRegister(44)) - Successfully registered JMX Bean with object name Ratis:service=RaftServer,group=group-ADE561B89288,id=b133dfae-0d8b-4bac-9f28-d0cb7cdc2bc1
2019-08-20 15:19:23,601 [RatisPipelineUtilsThread] INFO  pipeline.PipelineStateManager (PipelineStateManager.java:addPipeline(56)) - Created pipeline Pipeline[ Id: 819e5780-c689-46ca-88e6-ade561b89288, Nodes: b133dfae-0d8b-4bac-9f28-d0cb7cdc2bc1{ip: 192.168.69.101, host: pr-hdds-1981264b6-3336735905, networkLocation: /default-rack, certSerialId: null}, Type:RATIS, Factor:ONE, State:OPEN]
2019-08-20 15:19:23,737 [IPC Server handler 1 on 39635] INFO  net.NetworkTopology (NetworkTopologyImpl.java:add(110)) - Added a new node: /default-rack/6fd3ed34-8a63-4874-8589-87309973ae65
2019-08-20 15:19:23,737 [IPC Server handler 1 on 39635] INFO  node.SCMNodeManager (SCMNodeManager.java:register(273)) - Registered Data node : 6fd3ed34-8a63-4874-8589-87309973ae65{ip: 192.168.69.101, host: pr-hdds-1981264b6-3336735905, networkLocation: /default-rack, certSerialId: null}
2019-08-20 15:19:23,738 | INFO  | SCMAudit | user=jenkins1000 | ip=192.168.69.101 | op=REGISTER {datanodeDetails=6fd3ed34-8a63-4874-8589-87309973ae65{ip: 192.168.69.101, host: pr-hdds-1981264b6-3336735905, networkLocation: /default-rack, certSerialId: null}} | ret=SUCCESS |  
2019-08-20 15:19:23,750 [grpc-default-executor-0] INFO  impl.RaftServerProxy (RaftServerProxy.java:addNew(89)) - 6fd3ed34-8a63-4874-8589-87309973ae65: addNew group-521B00374A20:[6fd3ed34-8a63-4874-8589-87309973ae65:192.168.69.101:33798] returns group-521B00374A20:java.util.concurrent.CompletableFuture@38317fcd[Not completed]
2019-08-20 15:19:23,753 [pool-124-thread-1] INFO  impl.RaftServerImpl (RaftServerImpl.java:<init>(93)) - 6fd3ed34-8a63-4874-8589-87309973ae65: new RaftServerImpl for group-521B00374A20:[6fd3ed34-8a63-4874-8589-87309973ae65:192.168.69.101:33798] with ContainerStateMachine:uninitialized
2019-08-20 15:19:23,753 [pool-124-thread-1] INFO  server.RaftServerConfigKeys (ConfUtils.java:logGet(43)) - raft.server.rpc.timeout.min = 5s (custom)
2019-08-20 15:19:23,754 [pool-124-thread-1] INFO  server.RaftServerConfigKeys (ConfUtils.java:logGet(43)) - raft.server.rpc.timeout.max = 5200ms (custom)
2019-08-20 15:19:23,754 [pool-124-thread-1] INFO  server.RaftServerConfigKeys (ConfUtils.java:logGet(43)) - raft.server.rpcslowness.timeout = 120s (custom)
2019-08-20 15:19:23,754 [pool-124-thread-1] INFO  server.RaftServerConfigKeys (ConfUtils.java:logGet(43)) - raft.server.sleep.deviation.threshold = 300 (default)
2019-08-20 15:19:23,754 [pool-124-thread-1] INFO  server.RaftServerConfigKeys (ConfUtils.java:logGet(43)) - raft.server.log.appender.install.snapshot.enabled = false (custom)
2019-08-20 15:19:23,754 [pool-124-thread-1] INFO  impl.RaftServerImpl (ServerState.java:<init>(105)) - 6fd3ed34-8a63-4874-8589-87309973ae65:group-521B00374A20 ConfigurationManager, init=-1: [6fd3ed34-8a63-4874-8589-87309973ae65:192.168.69.101:33798], old=null, confs=<EMPTY_MAP>
2019-08-20 15:19:23,755 [pool-124-thread-1] INFO  server.RaftServerConfigKeys (ConfUtils.java:logGet(43)) - raft.server.storage.dir = [/workdir/hadoop-ozone/integration-test/target/test-dir/MiniOzoneClusterImpl-1a07f62a-f892-4fdb-b012-3e13de524f8f/datanode-1/data/ratis] (custom)
2019-08-20 15:19:23,755 [pool-124-thread-1] INFO  storage.RaftStorageDirectory (RaftStorageDirectory.java:analyzeStorage(246)) - The storage directory /workdir/hadoop-ozone/integration-test/target/test-dir/MiniOzoneClusterImpl-1a07f62a-f892-4fdb-b012-3e13de524f8f/datanode-1/data/ratis/2939f51d-50e7-4909-a0d6-521b00374a20 does not exist. Creating ...
2019-08-20 15:19:23,783 [pool-124-thread-1] INFO  storage.RaftStorageDirectory (RaftStorageDirectory.java:tryLock(328)) - Lock on /workdir/hadoop-ozone/integration-test/target/test-dir/MiniOzoneClusterImpl-1a07f62a-f892-4fdb-b012-3e13de524f8f/datanode-1/data/ratis/2939f51d-50e7-4909-a0d6-521b00374a20/in_use.lock acquired by nodename 16074@pr-hdds-1981264b6-3336735905
2019-08-20 15:19:23,808 [pool-124-thread-1] INFO  storage.RaftStorage (RaftStorage.java:format(72)) - Storage directory /workdir/hadoop-ozone/integration-test/target/test-dir/MiniOzoneClusterImpl-1a07f62a-f892-4fdb-b012-3e13de524f8f/datanode-1/data/ratis/2939f51d-50e7-4909-a0d6-521b00374a20 has been successfully formatted.
2019-08-20 15:19:23,809 [pool-124-thread-1] INFO  ratis.ContainerStateMachine (ContainerStateMachine.java:loadSnapshot(222)) - group-521B00374A20: The snapshot info is null. Setting the last applied indexto:(t:0, i:~)
2019-08-20 15:19:23,809 [pool-124-thread-1] INFO  server.RaftServerConfigKeys (ConfUtils.java:logGet(43)) - raft.server.leader.election.timeout = 120s (custom)
2019-08-20 15:19:23,809 [pool-124-thread-1] INFO  server.RaftServerConfigKeys (ConfUtils.java:logGet(43)) - raft.server.log.use.memory = false (default)
2019-08-20 15:19:23,809 [pool-124-thread-1] INFO  server.RaftServerConfigKeys (ConfUtils.java:logGet(43)) - raft.server.log.purge.gap = 1000000 (custom)
2019-08-20 15:19:23,810 [pool-124-thread-1] INFO  server.RaftServerConfigKeys (ConfUtils.java:logGet(43)) - raft.server.log.appender.buffer.byte-limit = 33554432 (custom)
2019-08-20 15:19:23,810 [pool-124-thread-1] INFO  server.RaftServerConfigKeys (ConfUtils.java:logGet(43)) - raft.server.log.segment.size.max = 1048576 (custom)
2019-08-20 15:19:23,810 [pool-124-thread-1] INFO  server.RaftServerConfigKeys (ConfUtils.java:logGet(43)) - raft.server.log.segment.cache.num.max = 2 (custom)
2019-08-20 15:19:23,810 [pool-124-thread-1] INFO  segmented.SegmentedRaftLogWorker (SegmentedRaftLogWorker.java:<init>(172)) - new 6fd3ed34-8a63-4874-8589-87309973ae65-SegmentedRaftLogWorker:Storage Directory /workdir/hadoop-ozone/integration-test/target/test-dir/MiniOzoneClusterImpl-1a07f62a-f892-4fdb-b012-3e13de524f8f/datanode-1/data/ratis/2939f51d-50e7-4909-a0d6-521b00374a20 for RaftStorage:Storage Directory /workdir/hadoop-ozone/integration-test/target/test-dir/MiniOzoneClusterImpl-1a07f62a-f892-4fdb-b012-3e13de524f8f/datanode-1/data/ratis/2939f51d-50e7-4909-a0d6-521b00374a20
2019-08-20 15:19:23,811 [pool-124-thread-1] INFO  server.RaftServerConfigKeys (ConfUtils.java:logGet(43)) - raft.server.log.queue.byte-limit = 2147483647 (custom)
2019-08-20 15:19:23,811 [pool-124-thread-1] INFO  server.RaftServerConfigKeys (ConfUtils.java:logGet(43)) - raft.server.log.queue.element-limit = 1024 (custom)
2019-08-20 15:19:23,811 [pool-124-thread-1] INFO  server.RaftServerConfigKeys (ConfUtils.java:logGet(43)) - raft.server.log.segment.size.max = 1048576 (custom)
2019-08-20 15:19:23,811 [pool-124-thread-1] INFO  server.RaftServerConfigKeys (ConfUtils.java:logGet(43)) - raft.server.log.preallocated.size = 16384 (custom)
2019-08-20 15:19:23,812 [pool-124-thread-1] INFO  server.RaftServerConfigKeys (ConfUtils.java:logGet(43)) - raft.server.log.write.buffer.size = 33554432 (custom)
2019-08-20 15:19:23,812 [pool-124-thread-1] INFO  server.RaftServerConfigKeys (ConfUtils.java:logGet(43)) - raft.server.log.force.sync.num = 128 (default)
2019-08-20 15:19:23,812 [pool-124-thread-1] INFO  server.RaftServerConfigKeys (ConfUtils.java:logGet(43)) - raft.server.log.statemachine.data.sync = true (default)
2019-08-20 15:19:23,812 [pool-124-thread-1] INFO  server.RaftServerConfigKeys (ConfUtils.java:logGet(43)) - raft.server.log.statemachine.data.sync.timeout = 10s (default)
2019-08-20 15:19:23,812 [pool-124-thread-1] INFO  server.RaftServerConfigKeys (ConfUtils.java:logGet(43)) - raft.server.log.statemachine.data.sync.timeout.retry = -1 (default)
2019-08-20 15:19:23,813 [pool-124-thread-1] INFO  server.RaftServerConfigKeys (ConfUtils.java:logGet(43)) - raft.server.log.statemachine.data.caching.enabled = true (custom)
2019-08-20 15:19:23,813 [pool-124-thread-1] INFO  segmented.SegmentedRaftLogWorker (SegmentedRaftLogWorker.java:lambda$new$0(132)) - 6fd3ed34-8a63-4874-8589-87309973ae65-SegmentedRaftLogWorker:Storage Directory /workdir/hadoop-ozone/integration-test/target/test-dir/MiniOzoneClusterImpl-1a07f62a-f892-4fdb-b012-3e13de524f8f/datanode-1/data/ratis/2939f51d-50e7-4909-a0d6-521b00374a20: flushIndex: setUnconditionally 0 -> -1
2019-08-20 15:19:23,814 [pool-124-thread-1] INFO  server.RaftServerConfigKeys (ConfUtils.java:logGet(43)) - raft.server.snapshot.auto.trigger.enabled = true (custom)
2019-08-20 15:19:23,814 [pool-124-thread-1] INFO  server.RaftServerConfigKeys (ConfUtils.java:logGet(43)) - raft.server.snapshot.auto.trigger.threshold = 10000 (custom)
2019-08-20 15:19:23,814 [pool-124-thread-1] INFO  server.RaftServerConfigKeys (ConfUtils.java:logGet(43)) - raft.server.retrycache.expirytime = 600000ms (custom)
2019-08-20 15:19:23,814 [pool-124-thread-1] INFO  impl.RaftServerImpl (RaftServerImpl.java:start(180)) - 6fd3ed34-8a63-4874-8589-87309973ae65: start group-521B00374A20
2019-08-20 15:19:23,815 [pool-124-thread-1] INFO  impl.RaftServerImpl (RaftServerImpl.java:setRole(171)) - 6fd3ed34-8a63-4874-8589-87309973ae65:group-521B00374A20 changes role from null to FOLLOWER at term 0 for startAsFollower
2019-08-20 15:19:23,815 [pool-124-thread-1] INFO  impl.RoleInfo (RoleInfo.java:updateAndGet(143)) - 6fd3ed34-8a63-4874-8589-87309973ae65: start FollowerState
2019-08-20 15:19:23,820 [pool-124-thread-1] INFO  util.JmxRegister (JmxRegister.java:tryRegister(44)) - Successfully registered JMX Bean with object name Ratis:service=RaftServer,group=group-521B00374A20,id=6fd3ed34-8a63-4874-8589-87309973ae65
2019-08-20 15:19:23,830 [RatisPipelineUtilsThread] INFO  pipeline.PipelineStateManager (PipelineStateManager.java:addPipeline(56)) - Created pipeline Pipeline[ Id: 2939f51d-50e7-4909-a0d6-521b00374a20, Nodes: 6fd3ed34-8a63-4874-8589-87309973ae65{ip: 192.168.69.101, host: pr-hdds-1981264b6-3336735905, networkLocation: /default-rack, certSerialId: null}, Type:RATIS, Factor:ONE, State:OPEN]
2019-08-20 15:19:23,986 [Thread-330] INFO  ozone.MiniOzoneClusterImpl (MiniOzoneClusterImpl.java:lambda$waitForClusterToBeReady$0(142)) - Waiting for cluster to be ready. Got 2 of 3 DN Heartbeats.
2019-08-20 15:19:23,989 [IPC Server handler 2 on 39635] INFO  net.NetworkTopology (NetworkTopologyImpl.java:add(110)) - Added a new node: /default-rack/489867c4-c9de-42bb-b37c-5cd48de4ec28
2019-08-20 15:19:23,989 [IPC Server handler 2 on 39635] INFO  node.SCMNodeManager (SCMNodeManager.java:register(273)) - Registered Data node : 489867c4-c9de-42bb-b37c-5cd48de4ec28{ip: 192.168.69.101, host: pr-hdds-1981264b6-3336735905, networkLocation: /default-rack, certSerialId: null}
2019-08-20 15:19:23,989 | INFO  | SCMAudit | user=jenkins1000 | ip=192.168.69.101 | op=REGISTER {datanodeDetails=489867c4-c9de-42bb-b37c-5cd48de4ec28{ip: 192.168.69.101, host: pr-hdds-1981264b6-3336735905, networkLocation: /default-rack, certSerialId: null}} | ret=SUCCESS |  
2019-08-20 15:19:24,001 [grpc-default-executor-0] INFO  impl.RaftServerProxy (RaftServerProxy.java:addNew(89)) - 489867c4-c9de-42bb-b37c-5cd48de4ec28: addNew group-027DAF63A911:[489867c4-c9de-42bb-b37c-5cd48de4ec28:192.168.69.101:32990] returns group-027DAF63A911:java.util.concurrent.CompletableFuture@10495ad3[Not completed]
2019-08-20 15:19:24,004 [pool-135-thread-1] INFO  impl.RaftServerImpl (RaftServerImpl.java:<init>(93)) - 489867c4-c9de-42bb-b37c-5cd48de4ec28: new RaftServerImpl for group-027DAF63A911:[489867c4-c9de-42bb-b37c-5cd48de4ec28:192.168.69.101:32990] with ContainerStateMachine:uninitialized
2019-08-20 15:19:24,004 [pool-135-thread-1] INFO  server.RaftServerConfigKeys (ConfUtils.java:logGet(43)) - raft.server.rpc.timeout.min = 5s (custom)
2019-08-20 15:19:24,004 [pool-135-thread-1] INFO  server.RaftServerConfigKeys (ConfUtils.java:logGet(43)) - raft.server.rpc.timeout.max = 5200ms (custom)
2019-08-20 15:19:24,004 [pool-135-thread-1] INFO  server.RaftServerConfigKeys (ConfUtils.java:logGet(43)) - raft.server.rpcslowness.timeout = 120s (custom)
2019-08-20 15:19:24,004 [pool-135-thread-1] INFO  server.RaftServerConfigKeys (ConfUtils.java:logGet(43)) - raft.server.sleep.deviation.threshold = 300 (default)
2019-08-20 15:19:24,005 [pool-135-thread-1] INFO  server.RaftServerConfigKeys (ConfUtils.java:logGet(43)) - raft.server.log.appender.install.snapshot.enabled = false (custom)
2019-08-20 15:19:24,005 [pool-135-thread-1] INFO  impl.RaftServerImpl (ServerState.java:<init>(105)) - 489867c4-c9de-42bb-b37c-5cd48de4ec28:group-027DAF63A911 ConfigurationManager, init=-1: [489867c4-c9de-42bb-b37c-5cd48de4ec28:192.168.69.101:32990], old=null, confs=<EMPTY_MAP>
2019-08-20 15:19:24,005 [pool-135-thread-1] INFO  server.RaftServerConfigKeys (ConfUtils.java:logGet(43)) - raft.server.storage.dir = [/workdir/hadoop-ozone/integration-test/target/test-dir/MiniOzoneClusterImpl-1a07f62a-f892-4fdb-b012-3e13de524f8f/datanode-2/data/ratis] (custom)
2019-08-20 15:19:24,006 [pool-135-thread-1] INFO  storage.RaftStorageDirectory (RaftStorageDirectory.java:analyzeStorage(246)) - The storage directory /workdir/hadoop-ozone/integration-test/target/test-dir/MiniOzoneClusterImpl-1a07f62a-f892-4fdb-b012-3e13de524f8f/datanode-2/data/ratis/8802222d-ba79-4937-8c21-027daf63a911 does not exist. Creating ...
2019-08-20 15:19:24,034 [pool-135-thread-1] INFO  storage.RaftStorageDirectory (RaftStorageDirectory.java:tryLock(328)) - Lock on /workdir/hadoop-ozone/integration-test/target/test-dir/MiniOzoneClusterImpl-1a07f62a-f892-4fdb-b012-3e13de524f8f/datanode-2/data/ratis/8802222d-ba79-4937-8c21-027daf63a911/in_use.lock acquired by nodename 16074@pr-hdds-1981264b6-3336735905
2019-08-20 15:19:24,059 [pool-135-thread-1] INFO  storage.RaftStorage (RaftStorage.java:format(72)) - Storage directory /workdir/hadoop-ozone/integration-test/target/test-dir/MiniOzoneClusterImpl-1a07f62a-f892-4fdb-b012-3e13de524f8f/datanode-2/data/ratis/8802222d-ba79-4937-8c21-027daf63a911 has been successfully formatted.
2019-08-20 15:19:24,060 [pool-135-thread-1] INFO  ratis.ContainerStateMachine (ContainerStateMachine.java:loadSnapshot(222)) - group-027DAF63A911: The snapshot info is null. Setting the last applied indexto:(t:0, i:~)
2019-08-20 15:19:24,060 [pool-135-thread-1] INFO  server.RaftServerConfigKeys (ConfUtils.java:logGet(43)) - raft.server.leader.election.timeout = 120s (custom)
2019-08-20 15:19:24,060 [pool-135-thread-1] INFO  server.RaftServerConfigKeys (ConfUtils.java:logGet(43)) - raft.server.log.use.memory = false (default)
2019-08-20 15:19:24,060 [pool-135-thread-1] INFO  server.RaftServerConfigKeys (ConfUtils.java:logGet(43)) - raft.server.log.purge.gap = 1000000 (custom)
2019-08-20 15:19:24,060 [pool-135-thread-1] INFO  server.RaftServerConfigKeys (ConfUtils.java:logGet(43)) - raft.server.log.appender.buffer.byte-limit = 33554432 (custom)
2019-08-20 15:19:24,061 [pool-135-thread-1] INFO  server.RaftServerConfigKeys (ConfUtils.java:logGet(43)) - raft.server.log.segment.size.max = 1048576 (custom)
2019-08-20 15:19:24,061 [pool-135-thread-1] INFO  server.RaftServerConfigKeys (ConfUtils.java:logGet(43)) - raft.server.log.segment.cache.num.max = 2 (custom)
2019-08-20 15:19:24,061 [pool-135-thread-1] INFO  segmented.SegmentedRaftLogWorker (SegmentedRaftLogWorker.java:<init>(172)) - new 489867c4-c9de-42bb-b37c-5cd48de4ec28-SegmentedRaftLogWorker:Storage Directory /workdir/hadoop-ozone/integration-test/target/test-dir/MiniOzoneClusterImpl-1a07f62a-f892-4fdb-b012-3e13de524f8f/datanode-2/data/ratis/8802222d-ba79-4937-8c21-027daf63a911 for RaftStorage:Storage Directory /workdir/hadoop-ozone/integration-test/target/test-dir/MiniOzoneClusterImpl-1a07f62a-f892-4fdb-b012-3e13de524f8f/datanode-2/data/ratis/8802222d-ba79-4937-8c21-027daf63a911
2019-08-20 15:19:24,061 [pool-135-thread-1] INFO  server.RaftServerConfigKeys (ConfUtils.java:logGet(43)) - raft.server.log.queue.byte-limit = 2147483647 (custom)
2019-08-20 15:19:24,061 [pool-135-thread-1] INFO  server.RaftServerConfigKeys (ConfUtils.java:logGet(43)) - raft.server.log.queue.element-limit = 1024 (custom)
2019-08-20 15:19:24,062 [pool-135-thread-1] INFO  server.RaftServerConfigKeys (ConfUtils.java:logGet(43)) - raft.server.log.segment.size.max = 1048576 (custom)
2019-08-20 15:19:24,062 [pool-135-thread-1] INFO  server.RaftServerConfigKeys (ConfUtils.java:logGet(43)) - raft.server.log.preallocated.size = 16384 (custom)
2019-08-20 15:19:24,062 [pool-135-thread-1] INFO  server.RaftServerConfigKeys (ConfUtils.java:logGet(43)) - raft.server.log.write.buffer.size = 33554432 (custom)
2019-08-20 15:19:24,062 [pool-135-thread-1] INFO  server.RaftServerConfigKeys (ConfUtils.java:logGet(43)) - raft.server.log.force.sync.num = 128 (default)
2019-08-20 15:19:24,063 [pool-135-thread-1] INFO  server.RaftServerConfigKeys (ConfUtils.java:logGet(43)) - raft.server.log.statemachine.data.sync = true (default)
2019-08-20 15:19:24,063 [pool-135-thread-1] INFO  server.RaftServerConfigKeys (ConfUtils.java:logGet(43)) - raft.server.log.statemachine.data.sync.timeout = 10s (default)
2019-08-20 15:19:24,063 [pool-135-thread-1] INFO  server.RaftServerConfigKeys (ConfUtils.java:logGet(43)) - raft.server.log.statemachine.data.sync.timeout.retry = -1 (default)
2019-08-20 15:19:24,063 [pool-135-thread-1] INFO  server.RaftServerConfigKeys (ConfUtils.java:logGet(43)) - raft.server.log.statemachine.data.caching.enabled = true (custom)
2019-08-20 15:19:24,064 [pool-135-thread-1] INFO  segmented.SegmentedRaftLogWorker (SegmentedRaftLogWorker.java:lambda$new$0(132)) - 489867c4-c9de-42bb-b37c-5cd48de4ec28-SegmentedRaftLogWorker:Storage Directory /workdir/hadoop-ozone/integration-test/target/test-dir/MiniOzoneClusterImpl-1a07f62a-f892-4fdb-b012-3e13de524f8f/datanode-2/data/ratis/8802222d-ba79-4937-8c21-027daf63a911: flushIndex: setUnconditionally 0 -> -1
2019-08-20 15:19:24,064 [pool-135-thread-1] INFO  server.RaftServerConfigKeys (ConfUtils.java:logGet(43)) - raft.server.snapshot.auto.trigger.enabled = true (custom)
2019-08-20 15:19:24,064 [pool-135-thread-1] INFO  server.RaftServerConfigKeys (ConfUtils.java:logGet(43)) - raft.server.snapshot.auto.trigger.threshold = 10000 (custom)
2019-08-20 15:19:24,064 [pool-135-thread-1] INFO  server.RaftServerConfigKeys (ConfUtils.java:logGet(43)) - raft.server.retrycache.expirytime = 600000ms (custom)
2019-08-20 15:19:24,065 [pool-135-thread-1] INFO  impl.RaftServerImpl (RaftServerImpl.java:start(180)) - 489867c4-c9de-42bb-b37c-5cd48de4ec28: start group-027DAF63A911
2019-08-20 15:19:24,065 [pool-135-thread-1] INFO  impl.RaftServerImpl (RaftServerImpl.java:setRole(171)) - 489867c4-c9de-42bb-b37c-5cd48de4ec28:group-027DAF63A911 changes role from null to FOLLOWER at term 0 for startAsFollower
2019-08-20 15:19:24,065 [pool-135-thread-1] INFO  impl.RoleInfo (RoleInfo.java:updateAndGet(143)) - 489867c4-c9de-42bb-b37c-5cd48de4ec28: start FollowerState
2019-08-20 15:19:24,066 [pool-135-thread-1] INFO  util.JmxRegister (JmxRegister.java:tryRegister(44)) - Successfully registered JMX Bean with object name Ratis:service=RaftServer,group=group-027DAF63A911,id=489867c4-c9de-42bb-b37c-5cd48de4ec28
2019-08-20 15:19:24,071 [RatisPipelineUtilsThread] INFO  pipeline.PipelineStateManager (PipelineStateManager.java:addPipeline(56)) - Created pipeline Pipeline[ Id: 8802222d-ba79-4937-8c21-027daf63a911, Nodes: 489867c4-c9de-42bb-b37c-5cd48de4ec28{ip: 192.168.69.101, host: pr-hdds-1981264b6-3336735905, networkLocation: /default-rack, certSerialId: null}, Type:RATIS, Factor:ONE, State:OPEN]
2019-08-20 15:19:24,095 [grpc-default-executor-1] INFO  impl.RaftServerProxy (RaftServerProxy.java:addNew(89)) - 489867c4-c9de-42bb-b37c-5cd48de4ec28: addNew group-42658F517423:[489867c4-c9de-42bb-b37c-5cd48de4ec28:192.168.69.101:32990, 6fd3ed34-8a63-4874-8589-87309973ae65:192.168.69.101:33798, b133dfae-0d8b-4bac-9f28-d0cb7cdc2bc1:192.168.69.101:37813] returns group-42658F517423:java.util.concurrent.CompletableFuture@7a3d2d7d[Not completed]
2019-08-20 15:19:24,099 [grpc-default-executor-2] INFO  impl.RaftServerProxy (RaftServerProxy.java:addNew(89)) - b133dfae-0d8b-4bac-9f28-d0cb7cdc2bc1: addNew group-42658F517423:[489867c4-c9de-42bb-b37c-5cd48de4ec28:192.168.69.101:32990, 6fd3ed34-8a63-4874-8589-87309973ae65:192.168.69.101:33798, b133dfae-0d8b-4bac-9f28-d0cb7cdc2bc1:192.168.69.101:37813] returns group-42658F517423:java.util.concurrent.CompletableFuture@28cfd4d8[Not completed]
2019-08-20 15:19:24,100 [grpc-default-executor-0] INFO  impl.RaftServerProxy (RaftServerProxy.java:addNew(89)) - 6fd3ed34-8a63-4874-8589-87309973ae65: addNew group-42658F517423:[489867c4-c9de-42bb-b37c-5cd48de4ec28:192.168.69.101:32990, 6fd3ed34-8a63-4874-8589-87309973ae65:192.168.69.101:33798, b133dfae-0d8b-4bac-9f28-d0cb7cdc2bc1:192.168.69.101:37813] returns group-42658F517423:java.util.concurrent.CompletableFuture@67e03559[Not completed]
2019-08-20 15:19:24,101 [pool-135-thread-1] INFO  impl.RaftServerImpl (RaftServerImpl.java:<init>(93)) - 489867c4-c9de-42bb-b37c-5cd48de4ec28: new RaftServerImpl for group-42658F517423:[489867c4-c9de-42bb-b37c-5cd48de4ec28:192.168.69.101:32990, 6fd3ed34-8a63-4874-8589-87309973ae65:192.168.69.101:33798, b133dfae-0d8b-4bac-9f28-d0cb7cdc2bc1:192.168.69.101:37813] with ContainerStateMachine:uninitialized
2019-08-20 15:19:24,102 [pool-135-thread-1] INFO  server.RaftServerConfigKeys (ConfUtils.java:logGet(43)) - raft.server.rpc.timeout.min = 5s (custom)
2019-08-20 15:19:24,102 [pool-135-thread-1] INFO  server.RaftServerConfigKeys (ConfUtils.java:logGet(43)) - raft.server.rpc.timeout.max = 5200ms (custom)
2019-08-20 15:19:24,102 [pool-135-thread-1] INFO  server.RaftServerConfigKeys (ConfUtils.java:logGet(43)) - raft.server.rpcslowness.timeout = 120s (custom)
2019-08-20 15:19:24,102 [pool-135-thread-1] INFO  server.RaftServerConfigKeys (ConfUtils.java:logGet(43)) - raft.server.sleep.deviation.threshold = 300 (default)
2019-08-20 15:19:24,102 [pool-135-thread-1] INFO  server.RaftServerConfigKeys (ConfUtils.java:logGet(43)) - raft.server.log.appender.install.snapshot.enabled = false (custom)
2019-08-20 15:19:24,102 [pool-135-thread-1] INFO  impl.RaftServerImpl (ServerState.java:<init>(105)) - 489867c4-c9de-42bb-b37c-5cd48de4ec28:group-42658F517423 ConfigurationManager, init=-1: [489867c4-c9de-42bb-b37c-5cd48de4ec28:192.168.69.101:32990, 6fd3ed34-8a63-4874-8589-87309973ae65:192.168.69.101:33798, b133dfae-0d8b-4bac-9f28-d0cb7cdc2bc1:192.168.69.101:37813], old=null, confs=<EMPTY_MAP>
2019-08-20 15:19:24,103 [pool-124-thread-1] INFO  impl.RaftServerImpl (RaftServerImpl.java:<init>(93)) - 6fd3ed34-8a63-4874-8589-87309973ae65: new RaftServerImpl for group-42658F517423:[489867c4-c9de-42bb-b37c-5cd48de4ec28:192.168.69.101:32990, 6fd3ed34-8a63-4874-8589-87309973ae65:192.168.69.101:33798, b133dfae-0d8b-4bac-9f28-d0cb7cdc2bc1:192.168.69.101:37813] with ContainerStateMachine:uninitialized
2019-08-20 15:19:24,103 [pool-135-thread-1] INFO  server.RaftServerConfigKeys (ConfUtils.java:logGet(43)) - raft.server.storage.dir = [/workdir/hadoop-ozone/integration-test/target/test-dir/MiniOzoneClusterImpl-1a07f62a-f892-4fdb-b012-3e13de524f8f/datanode-2/data/ratis] (custom)
2019-08-20 15:19:24,103 [pool-124-thread-1] INFO  server.RaftServerConfigKeys (ConfUtils.java:logGet(43)) - raft.server.rpc.timeout.min = 5s (custom)
2019-08-20 15:19:24,103 [pool-124-thread-1] INFO  server.RaftServerConfigKeys (ConfUtils.java:logGet(43)) - raft.server.rpc.timeout.max = 5200ms (custom)
2019-08-20 15:19:24,103 [pool-135-thread-1] INFO  storage.RaftStorageDirectory (RaftStorageDirectory.java:analyzeStorage(246)) - The storage directory /workdir/hadoop-ozone/integration-test/target/test-dir/MiniOzoneClusterImpl-1a07f62a-f892-4fdb-b012-3e13de524f8f/datanode-2/data/ratis/306bfe4c-ca5c-49b8-a021-42658f517423 does not exist. Creating ...
2019-08-20 15:19:24,103 [pool-124-thread-1] INFO  server.RaftServerConfigKeys (ConfUtils.java:logGet(43)) - raft.server.rpcslowness.timeout = 120s (custom)
2019-08-20 15:19:24,104 [pool-124-thread-1] INFO  server.RaftServerConfigKeys (ConfUtils.java:logGet(43)) - raft.server.sleep.deviation.threshold = 300 (default)
2019-08-20 15:19:24,104 [pool-113-thread-1] INFO  impl.RaftServerImpl (RaftServerImpl.java:<init>(93)) - b133dfae-0d8b-4bac-9f28-d0cb7cdc2bc1: new RaftServerImpl for group-42658F517423:[489867c4-c9de-42bb-b37c-5cd48de4ec28:192.168.69.101:32990, 6fd3ed34-8a63-4874-8589-87309973ae65:192.168.69.101:33798, b133dfae-0d8b-4bac-9f28-d0cb7cdc2bc1:192.168.69.101:37813] with ContainerStateMachine:uninitialized
2019-08-20 15:19:24,104 [pool-124-thread-1] INFO  server.RaftServerConfigKeys (ConfUtils.java:logGet(43)) - raft.server.log.appender.install.snapshot.enabled = false (custom)
2019-08-20 15:19:24,104 [pool-113-thread-1] INFO  server.RaftServerConfigKeys (ConfUtils.java:logGet(43)) - raft.server.rpc.timeout.min = 5s (custom)
2019-08-20 15:19:24,104 [pool-124-thread-1] INFO  impl.RaftServerImpl (ServerState.java:<init>(105)) - 6fd3ed34-8a63-4874-8589-87309973ae65:group-42658F517423 ConfigurationManager, init=-1: [489867c4-c9de-42bb-b37c-5cd48de4ec28:192.168.69.101:32990, 6fd3ed34-8a63-4874-8589-87309973ae65:192.168.69.101:33798, b133dfae-0d8b-4bac-9f28-d0cb7cdc2bc1:192.168.69.101:37813], old=null, confs=<EMPTY_MAP>
2019-08-20 15:19:24,105 [pool-113-thread-1] INFO  server.RaftServerConfigKeys (ConfUtils.java:logGet(43)) - raft.server.rpc.timeout.max = 5200ms (custom)
2019-08-20 15:19:24,105 [pool-124-thread-1] INFO  server.RaftServerConfigKeys (ConfUtils.java:logGet(43)) - raft.server.storage.dir = [/workdir/hadoop-ozone/integration-test/target/test-dir/MiniOzoneClusterImpl-1a07f62a-f892-4fdb-b012-3e13de524f8f/datanode-1/data/ratis] (custom)
2019-08-20 15:19:24,105 [pool-113-thread-1] INFO  server.RaftServerConfigKeys (ConfUtils.java:logGet(43)) - raft.server.rpcslowness.timeout = 120s (custom)
2019-08-20 15:19:24,105 [pool-113-thread-1] INFO  server.RaftServerConfigKeys (ConfUtils.java:logGet(43)) - raft.server.sleep.deviation.threshold = 300 (default)
2019-08-20 15:19:24,105 [pool-124-thread-1] INFO  storage.RaftStorageDirectory (RaftStorageDirectory.java:analyzeStorage(246)) - The storage directory /workdir/hadoop-ozone/integration-test/target/test-dir/MiniOzoneClusterImpl-1a07f62a-f892-4fdb-b012-3e13de524f8f/datanode-1/data/ratis/306bfe4c-ca5c-49b8-a021-42658f517423 does not exist. Creating ...
2019-08-20 15:19:24,105 [pool-113-thread-1] INFO  server.RaftServerConfigKeys (ConfUtils.java:logGet(43)) - raft.server.log.appender.install.snapshot.enabled = false (custom)
2019-08-20 15:19:24,106 [pool-113-thread-1] INFO  impl.RaftServerImpl (ServerState.java:<init>(105)) - b133dfae-0d8b-4bac-9f28-d0cb7cdc2bc1:group-42658F517423 ConfigurationManager, init=-1: [489867c4-c9de-42bb-b37c-5cd48de4ec28:192.168.69.101:32990, 6fd3ed34-8a63-4874-8589-87309973ae65:192.168.69.101:33798, b133dfae-0d8b-4bac-9f28-d0cb7cdc2bc1:192.168.69.101:37813], old=null, confs=<EMPTY_MAP>
2019-08-20 15:19:24,106 [pool-113-thread-1] INFO  server.RaftServerConfigKeys (ConfUtils.java:logGet(43)) - raft.server.storage.dir = [/workdir/hadoop-ozone/integration-test/target/test-dir/MiniOzoneClusterImpl-1a07f62a-f892-4fdb-b012-3e13de524f8f/datanode-0/data/ratis] (custom)
2019-08-20 15:19:24,106 [pool-113-thread-1] INFO  storage.RaftStorageDirectory (RaftStorageDirectory.java:analyzeStorage(246)) - The storage directory /workdir/hadoop-ozone/integration-test/target/test-dir/MiniOzoneClusterImpl-1a07f62a-f892-4fdb-b012-3e13de524f8f/datanode-0/data/ratis/306bfe4c-ca5c-49b8-a021-42658f517423 does not exist. Creating ...
2019-08-20 15:19:24,127 [pool-124-thread-1] INFO  storage.RaftStorageDirectory (RaftStorageDirectory.java:tryLock(328)) - Lock on /workdir/hadoop-ozone/integration-test/target/test-dir/MiniOzoneClusterImpl-1a07f62a-f892-4fdb-b012-3e13de524f8f/datanode-1/data/ratis/306bfe4c-ca5c-49b8-a021-42658f517423/in_use.lock acquired by nodename 16074@pr-hdds-1981264b6-3336735905
2019-08-20 15:19:24,127 [pool-113-thread-1] INFO  storage.RaftStorageDirectory (RaftStorageDirectory.java:tryLock(328)) - Lock on /workdir/hadoop-ozone/integration-test/target/test-dir/MiniOzoneClusterImpl-1a07f62a-f892-4fdb-b012-3e13de524f8f/datanode-0/data/ratis/306bfe4c-ca5c-49b8-a021-42658f517423/in_use.lock acquired by nodename 16074@pr-hdds-1981264b6-3336735905
2019-08-20 15:19:24,127 [pool-135-thread-1] INFO  storage.RaftStorageDirectory (RaftStorageDirectory.java:tryLock(328)) - Lock on /workdir/hadoop-ozone/integration-test/target/test-dir/MiniOzoneClusterImpl-1a07f62a-f892-4fdb-b012-3e13de524f8f/datanode-2/data/ratis/306bfe4c-ca5c-49b8-a021-42658f517423/in_use.lock acquired by nodename 16074@pr-hdds-1981264b6-3336735905
2019-08-20 15:19:24,144 [pool-135-thread-1] INFO  storage.RaftStorage (RaftStorage.java:format(72)) - Storage directory /workdir/hadoop-ozone/integration-test/target/test-dir/MiniOzoneClusterImpl-1a07f62a-f892-4fdb-b012-3e13de524f8f/datanode-2/data/ratis/306bfe4c-ca5c-49b8-a021-42658f517423 has been successfully formatted.
2019-08-20 15:19:24,144 [pool-124-thread-1] INFO  storage.RaftStorage (RaftStorage.java:format(72)) - Storage directory /workdir/hadoop-ozone/integration-test/target/test-dir/MiniOzoneClusterImpl-1a07f62a-f892-4fdb-b012-3e13de524f8f/datanode-1/data/ratis/306bfe4c-ca5c-49b8-a021-42658f517423 has been successfully formatted.
2019-08-20 15:19:24,144 [pool-113-thread-1] INFO  storage.RaftStorage (RaftStorage.java:format(72)) - Storage directory /workdir/hadoop-ozone/integration-test/target/test-dir/MiniOzoneClusterImpl-1a07f62a-f892-4fdb-b012-3e13de524f8f/datanode-0/data/ratis/306bfe4c-ca5c-49b8-a021-42658f517423 has been successfully formatted.
2019-08-20 15:19:24,144 [pool-135-thread-1] INFO  ratis.ContainerStateMachine (ContainerStateMachine.java:loadSnapshot(222)) - group-42658F517423: The snapshot info is null. Setting the last applied indexto:(t:0, i:~)
2019-08-20 15:19:24,144 [pool-113-thread-1] INFO  ratis.ContainerStateMachine (ContainerStateMachine.java:loadSnapshot(222)) - group-42658F517423: The snapshot info is null. Setting the last applied indexto:(t:0, i:~)
2019-08-20 15:19:24,145 [pool-135-thread-1] INFO  server.RaftServerConfigKeys (ConfUtils.java:logGet(43)) - raft.server.leader.election.timeout = 120s (custom)
2019-08-20 15:19:24,144 [pool-124-thread-1] INFO  ratis.ContainerStateMachine (ContainerStateMachine.java:loadSnapshot(222)) - group-42658F517423: The snapshot info is null. Setting the last applied indexto:(t:0, i:~)
2019-08-20 15:19:24,145 [pool-135-thread-1] INFO  server.RaftServerConfigKeys (ConfUtils.java:logGet(43)) - raft.server.log.use.memory = false (default)
2019-08-20 15:19:24,145 [pool-113-thread-1] INFO  server.RaftServerConfigKeys (ConfUtils.java:logGet(43)) - raft.server.leader.election.timeout = 120s (custom)
2019-08-20 15:19:24,145 [pool-135-thread-1] INFO  server.RaftServerConfigKeys (ConfUtils.java:logGet(43)) - raft.server.log.purge.gap = 1000000 (custom)
2019-08-20 15:19:24,145 [pool-124-thread-1] INFO  server.RaftServerConfigKeys (ConfUtils.java:logGet(43)) - raft.server.leader.election.timeout = 120s (custom)
2019-08-20 15:19:24,145 [pool-135-thread-1] INFO  server.RaftServerConfigKeys (ConfUtils.java:logGet(43)) - raft.server.log.appender.buffer.byte-limit = 33554432 (custom)
2019-08-20 15:19:24,145 [pool-113-thread-1] INFO  server.RaftServerConfigKeys (ConfUtils.java:logGet(43)) - raft.server.log.use.memory = false (default)
2019-08-20 15:19:24,146 [pool-135-thread-1] INFO  server.RaftServerConfigKeys (ConfUtils.java:logGet(43)) - raft.server.log.segment.size.max = 1048576 (custom)
2019-08-20 15:19:24,145 [pool-124-thread-1] INFO  server.RaftServerConfigKeys (ConfUtils.java:logGet(43)) - raft.server.log.use.memory = false (default)
2019-08-20 15:19:24,146 [pool-135-thread-1] INFO  server.RaftServerConfigKeys (ConfUtils.java:logGet(43)) - raft.server.log.segment.cache.num.max = 2 (custom)
2019-08-20 15:19:24,146 [pool-113-thread-1] INFO  server.RaftServerConfigKeys (ConfUtils.java:logGet(43)) - raft.server.log.purge.gap = 1000000 (custom)
2019-08-20 15:19:24,146 [pool-135-thread-1] INFO  segmented.SegmentedRaftLogWorker (SegmentedRaftLogWorker.java:<init>(172)) - new 489867c4-c9de-42bb-b37c-5cd48de4ec28-SegmentedRaftLogWorker:Storage Directory /workdir/hadoop-ozone/integration-test/target/test-dir/MiniOzoneClusterImpl-1a07f62a-f892-4fdb-b012-3e13de524f8f/datanode-2/data/ratis/306bfe4c-ca5c-49b8-a021-42658f517423 for RaftStorage:Storage Directory /workdir/hadoop-ozone/integration-test/target/test-dir/MiniOzoneClusterImpl-1a07f62a-f892-4fdb-b012-3e13de524f8f/datanode-2/data/ratis/306bfe4c-ca5c-49b8-a021-42658f517423
2019-08-20 15:19:24,146 [pool-124-thread-1] INFO  server.RaftServerConfigKeys (ConfUtils.java:logGet(43)) - raft.server.log.purge.gap = 1000000 (custom)
2019-08-20 15:19:24,146 [pool-135-thread-1] INFO  server.RaftServerConfigKeys (ConfUtils.java:logGet(43)) - raft.server.log.queue.byte-limit = 2147483647 (custom)
2019-08-20 15:19:24,146 [pool-113-thread-1] INFO  server.RaftServerConfigKeys (ConfUtils.java:logGet(43)) - raft.server.log.appender.buffer.byte-limit = 33554432 (custom)
2019-08-20 15:19:24,147 [pool-135-thread-1] INFO  server.RaftServerConfigKeys (ConfUtils.java:logGet(43)) - raft.server.log.queue.element-limit = 1024 (custom)
2019-08-20 15:19:24,147 [pool-124-thread-1] INFO  server.RaftServerConfigKeys (ConfUtils.java:logGet(43)) - raft.server.log.appender.buffer.byte-limit = 33554432 (custom)
2019-08-20 15:19:24,147 [pool-135-thread-1] INFO  server.RaftServerConfigKeys (ConfUtils.java:logGet(43)) - raft.server.log.segment.size.max = 1048576 (custom)
2019-08-20 15:19:24,147 [pool-113-thread-1] INFO  server.RaftServerConfigKeys (ConfUtils.java:logGet(43)) - raft.server.log.segment.size.max = 1048576 (custom)
2019-08-20 15:19:24,147 [pool-135-thread-1] INFO  server.RaftServerConfigKeys (ConfUtils.java:logGet(43)) - raft.server.log.preallocated.size = 16384 (custom)
2019-08-20 15:19:24,147 [pool-124-thread-1] INFO  server.RaftServerConfigKeys (ConfUtils.java:logGet(43)) - raft.server.log.segment.size.max = 1048576 (custom)
2019-08-20 15:19:24,148 [pool-135-thread-1] INFO  server.RaftServerConfigKeys (ConfUtils.java:logGet(43)) - raft.server.log.write.buffer.size = 33554432 (custom)
2019-08-20 15:19:24,147 [pool-113-thread-1] INFO  server.RaftServerConfigKeys (ConfUtils.java:logGet(43)) - raft.server.log.segment.cache.num.max = 2 (custom)
2019-08-20 15:19:24,148 [pool-135-thread-1] INFO  server.RaftServerConfigKeys (ConfUtils.java:logGet(43)) - raft.server.log.force.sync.num = 128 (default)
2019-08-20 15:19:24,148 [pool-124-thread-1] INFO  server.RaftServerConfigKeys (ConfUtils.java:logGet(43)) - raft.server.log.segment.cache.num.max = 2 (custom)
2019-08-20 15:19:24,148 [pool-135-thread-1] INFO  server.RaftServerConfigKeys (ConfUtils.java:logGet(43)) - raft.server.log.statemachine.data.sync = true (default)
2019-08-20 15:19:24,148 [pool-113-thread-1] INFO  segmented.SegmentedRaftLogWorker (SegmentedRaftLogWorker.java:<init>(172)) - new b133dfae-0d8b-4bac-9f28-d0cb7cdc2bc1-SegmentedRaftLogWorker:Storage Directory /workdir/hadoop-ozone/integration-test/target/test-dir/MiniOzoneClusterImpl-1a07f62a-f892-4fdb-b012-3e13de524f8f/datanode-0/data/ratis/306bfe4c-ca5c-49b8-a021-42658f517423 for RaftStorage:Storage Directory /workdir/hadoop-ozone/integration-test/target/test-dir/MiniOzoneClusterImpl-1a07f62a-f892-4fdb-b012-3e13de524f8f/datanode-0/data/ratis/306bfe4c-ca5c-49b8-a021-42658f517423
2019-08-20 15:19:24,149 [pool-135-thread-1] INFO  server.RaftServerConfigKeys (ConfUtils.java:logGet(43)) - raft.server.log.statemachine.data.sync.timeout = 10s (default)
2019-08-20 15:19:24,148 [pool-124-thread-1] INFO  segmented.SegmentedRaftLogWorker (SegmentedRaftLogWorker.java:<init>(172)) - new 6fd3ed34-8a63-4874-8589-87309973ae65-SegmentedRaftLogWorker:Storage Directory /workdir/hadoop-ozone/integration-test/target/test-dir/MiniOzoneClusterImpl-1a07f62a-f892-4fdb-b012-3e13de524f8f/datanode-1/data/ratis/306bfe4c-ca5c-49b8-a021-42658f517423 for RaftStorage:Storage Directory /workdir/hadoop-ozone/integration-test/target/test-dir/MiniOzoneClusterImpl-1a07f62a-f892-4fdb-b012-3e13de524f8f/datanode-1/data/ratis/306bfe4c-ca5c-49b8-a021-42658f517423
2019-08-20 15:19:24,149 [pool-135-thread-1] INFO  server.RaftServerConfigKeys (ConfUtils.java:logGet(43)) - raft.server.log.statemachine.data.sync.timeout.retry = -1 (default)
2019-08-20 15:19:24,149 [pool-113-thread-1] INFO  server.RaftServerConfigKeys (ConfUtils.java:logGet(43)) - raft.server.log.queue.byte-limit = 2147483647 (custom)
2019-08-20 15:19:24,149 [pool-135-thread-1] INFO  server.RaftServerConfigKeys (ConfUtils.java:logGet(43)) - raft.server.log.statemachine.data.caching.enabled = true (custom)
2019-08-20 15:19:24,149 [pool-124-thread-1] INFO  server.RaftServerConfigKeys (ConfUtils.java:logGet(43)) - raft.server.log.queue.byte-limit = 2147483647 (custom)
2019-08-20 15:19:24,149 [pool-113-thread-1] INFO  server.RaftServerConfigKeys (ConfUtils.java:logGet(43)) - raft.server.log.queue.element-limit = 1024 (custom)
2019-08-20 15:19:24,150 [pool-124-thread-1] INFO  server.RaftServerConfigKeys (ConfUtils.java:logGet(43)) - raft.server.log.queue.element-limit = 1024 (custom)
2019-08-20 15:19:24,150 [pool-135-thread-1] INFO  segmented.SegmentedRaftLogWorker (SegmentedRaftLogWorker.java:lambda$new$0(132)) - 489867c4-c9de-42bb-b37c-5cd48de4ec28-SegmentedRaftLogWorker:Storage Directory /workdir/hadoop-ozone/integration-test/target/test-dir/MiniOzoneClusterImpl-1a07f62a-f892-4fdb-b012-3e13de524f8f/datanode-2/data/ratis/306bfe4c-ca5c-49b8-a021-42658f517423: flushIndex: setUnconditionally 0 -> -1
2019-08-20 15:19:24,150 [pool-124-thread-1] INFO  server.RaftServerConfigKeys (ConfUtils.java:logGet(43)) - raft.server.log.segment.size.max = 1048576 (custom)
2019-08-20 15:19:24,150 [pool-124-thread-1] INFO  server.RaftServerConfigKeys (ConfUtils.java:logGet(43)) - raft.server.log.preallocated.size = 16384 (custom)
2019-08-20 15:19:24,150 [pool-113-thread-1] INFO  server.RaftServerConfigKeys (ConfUtils.java:logGet(43)) - raft.server.log.segment.size.max = 1048576 (custom)
2019-08-20 15:19:24,150 [pool-124-thread-1] INFO  server.RaftServerConfigKeys (ConfUtils.java:logGet(43)) - raft.server.log.write.buffer.size = 33554432 (custom)
2019-08-20 15:19:24,150 [pool-135-thread-1] INFO  server.RaftServerConfigKeys (ConfUtils.java:logGet(43)) - raft.server.snapshot.auto.trigger.enabled = true (custom)
2019-08-20 15:19:24,151 [pool-124-thread-1] INFO  server.RaftServerConfigKeys (ConfUtils.java:logGet(43)) - raft.server.log.force.sync.num = 128 (default)
2019-08-20 15:19:24,150 [pool-113-thread-1] INFO  server.RaftServerConfigKeys (ConfUtils.java:logGet(43)) - raft.server.log.preallocated.size = 16384 (custom)
2019-08-20 15:19:24,151 [pool-124-thread-1] INFO  server.RaftServerConfigKeys (ConfUtils.java:logGet(43)) - raft.server.log.statemachine.data.sync = true (default)
2019-08-20 15:19:24,151 [pool-135-thread-1] INFO  server.RaftServerConfigKeys (ConfUtils.java:logGet(43)) - raft.server.snapshot.auto.trigger.threshold = 10000 (custom)
2019-08-20 15:19:24,151 [pool-124-thread-1] INFO  server.RaftServerConfigKeys (ConfUtils.java:logGet(43)) - raft.server.log.statemachine.data.sync.timeout = 10s (default)
2019-08-20 15:19:24,151 [pool-113-thread-1] INFO  server.RaftServerConfigKeys (ConfUtils.java:logGet(43)) - raft.server.log.write.buffer.size = 33554432 (custom)
2019-08-20 15:19:24,151 [pool-124-thread-1] INFO  server.RaftServerConfigKeys (ConfUtils.java:logGet(43)) - raft.server.log.statemachine.data.sync.timeout.retry = -1 (default)
2019-08-20 15:19:24,151 [pool-135-thread-1] INFO  server.RaftServerConfigKeys (ConfUtils.java:logGet(43)) - raft.server.retrycache.expirytime = 600000ms (custom)
2019-08-20 15:19:24,152 [pool-124-thread-1] INFO  server.RaftServerConfigKeys (ConfUtils.java:logGet(43)) - raft.server.log.statemachine.data.caching.enabled = true (custom)
2019-08-20 15:19:24,152 [pool-135-thread-1] INFO  impl.RaftServerImpl (RaftServerImpl.java:start(180)) - 489867c4-c9de-42bb-b37c-5cd48de4ec28: start group-42658F517423
2019-08-20 15:19:24,151 [pool-113-thread-1] INFO  server.RaftServerConfigKeys (ConfUtils.java:logGet(43)) - raft.server.log.force.sync.num = 128 (default)
2019-08-20 15:19:24,152 [pool-135-thread-1] INFO  impl.RaftServerImpl (RaftServerImpl.java:setRole(171)) - 489867c4-c9de-42bb-b37c-5cd48de4ec28:group-42658F517423 changes role from null to FOLLOWER at term 0 for startAsFollower
2019-08-20 15:19:24,152 [pool-124-thread-1] INFO  segmented.SegmentedRaftLogWorker (SegmentedRaftLogWorker.java:lambda$new$0(132)) - 6fd3ed34-8a63-4874-8589-87309973ae65-SegmentedRaftLogWorker:Storage Directory /workdir/hadoop-ozone/integration-test/target/test-dir/MiniOzoneClusterImpl-1a07f62a-f892-4fdb-b012-3e13de524f8f/datanode-1/data/ratis/306bfe4c-ca5c-49b8-a021-42658f517423: flushIndex: setUnconditionally 0 -> -1
2019-08-20 15:19:24,152 [pool-135-thread-1] INFO  impl.RoleInfo (RoleInfo.java:updateAndGet(143)) - 489867c4-c9de-42bb-b37c-5cd48de4ec28: start FollowerState
2019-08-20 15:19:24,152 [pool-113-thread-1] INFO  server.RaftServerConfigKeys (ConfUtils.java:logGet(43)) - raft.server.log.statemachine.data.sync = true (default)
2019-08-20 15:19:24,152 [pool-124-thread-1] INFO  server.RaftServerConfigKeys (ConfUtils.java:logGet(43)) - raft.server.snapshot.auto.trigger.enabled = true (custom)
2019-08-20 15:19:24,153 [pool-113-thread-1] INFO  server.RaftServerConfigKeys (ConfUtils.java:logGet(43)) - raft.server.log.statemachine.data.sync.timeout = 10s (default)
2019-08-20 15:19:24,153 [pool-124-thread-1] INFO  server.RaftServerConfigKeys (ConfUtils.java:logGet(43)) - raft.server.snapshot.auto.trigger.threshold = 10000 (custom)
2019-08-20 15:19:24,153 [pool-113-thread-1] INFO  server.RaftServerConfigKeys (ConfUtils.java:logGet(43)) - raft.server.log.statemachine.data.sync.timeout.retry = -1 (default)
2019-08-20 15:19:24,153 [pool-135-thread-1] INFO  util.JmxRegister (JmxRegister.java:tryRegister(44)) - Successfully registered JMX Bean with object name Ratis:service=RaftServer,group=group-42658F517423,id=489867c4-c9de-42bb-b37c-5cd48de4ec28
2019-08-20 15:19:24,153 [pool-113-thread-1] INFO  server.RaftServerConfigKeys (ConfUtils.java:logGet(43)) - raft.server.log.statemachine.data.caching.enabled = true (custom)
2019-08-20 15:19:24,153 [pool-124-thread-1] INFO  server.RaftServerConfigKeys (ConfUtils.java:logGet(43)) - raft.server.retrycache.expirytime = 600000ms (custom)
2019-08-20 15:19:24,153 [pool-113-thread-1] INFO  segmented.SegmentedRaftLogWorker (SegmentedRaftLogWorker.java:lambda$new$0(132)) - b133dfae-0d8b-4bac-9f28-d0cb7cdc2bc1-SegmentedRaftLogWorker:Storage Directory /workdir/hadoop-ozone/integration-test/target/test-dir/MiniOzoneClusterImpl-1a07f62a-f892-4fdb-b012-3e13de524f8f/datanode-0/data/ratis/306bfe4c-ca5c-49b8-a021-42658f517423: flushIndex: setUnconditionally 0 -> -1
2019-08-20 15:19:24,153 [pool-124-thread-1] INFO  impl.RaftServerImpl (RaftServerImpl.java:start(180)) - 6fd3ed34-8a63-4874-8589-87309973ae65: start group-42658F517423
2019-08-20 15:19:24,154 [pool-124-thread-1] INFO  impl.RaftServerImpl (RaftServerImpl.java:setRole(171)) - 6fd3ed34-8a63-4874-8589-87309973ae65:group-42658F517423 changes role from null to FOLLOWER at term 0 for startAsFollower
2019-08-20 15:19:24,154 [pool-113-thread-1] INFO  server.RaftServerConfigKeys (ConfUtils.java:logGet(43)) - raft.server.snapshot.auto.trigger.enabled = true (custom)
2019-08-20 15:19:24,154 [pool-124-thread-1] INFO  impl.RoleInfo (RoleInfo.java:updateAndGet(143)) - 6fd3ed34-8a63-4874-8589-87309973ae65: start FollowerState
2019-08-20 15:19:24,154 [pool-113-thread-1] INFO  server.RaftServerConfigKeys (ConfUtils.java:logGet(43)) - raft.server.snapshot.auto.trigger.threshold = 10000 (custom)
2019-08-20 15:19:24,154 [pool-113-thread-1] INFO  server.RaftServerConfigKeys (ConfUtils.java:logGet(43)) - raft.server.retrycache.expirytime = 600000ms (custom)
2019-08-20 15:19:24,155 [pool-113-thread-1] INFO  impl.RaftServerImpl (RaftServerImpl.java:start(180)) - b133dfae-0d8b-4bac-9f28-d0cb7cdc2bc1: start group-42658F517423
2019-08-20 15:19:24,155 [pool-124-thread-1] INFO  util.JmxRegister (JmxRegister.java:tryRegister(44)) - Successfully registered JMX Bean with object name Ratis:service=RaftServer,group=group-42658F517423,id=6fd3ed34-8a63-4874-8589-87309973ae65
2019-08-20 15:19:24,155 [pool-113-thread-1] INFO  impl.RaftServerImpl (RaftServerImpl.java:setRole(171)) - b133dfae-0d8b-4bac-9f28-d0cb7cdc2bc1:group-42658F517423 changes role from null to FOLLOWER at term 0 for startAsFollower
2019-08-20 15:19:24,157 [pool-113-thread-1] INFO  impl.RoleInfo (RoleInfo.java:updateAndGet(143)) - b133dfae-0d8b-4bac-9f28-d0cb7cdc2bc1: start FollowerState
2019-08-20 15:19:24,158 [pool-113-thread-1] INFO  util.JmxRegister (JmxRegister.java:tryRegister(44)) - Successfully registered JMX Bean with object name Ratis:service=RaftServer,group=group-42658F517423,id=b133dfae-0d8b-4bac-9f28-d0cb7cdc2bc1
2019-08-20 15:19:24,165 [RatisPipelineUtilsThread] INFO  pipeline.PipelineStateManager (PipelineStateManager.java:addPipeline(56)) - Created pipeline Pipeline[ Id: 306bfe4c-ca5c-49b8-a021-42658f517423, Nodes: b133dfae-0d8b-4bac-9f28-d0cb7cdc2bc1{ip: 192.168.69.101, host: pr-hdds-1981264b6-3336735905, networkLocation: /default-rack, certSerialId: null}489867c4-c9de-42bb-b37c-5cd48de4ec28{ip: 192.168.69.101, host: pr-hdds-1981264b6-3336735905, networkLocation: /default-rack, certSerialId: null}6fd3ed34-8a63-4874-8589-87309973ae65{ip: 192.168.69.101, host: pr-hdds-1981264b6-3336735905, networkLocation: /default-rack, certSerialId: null}, Type:RATIS, Factor:THREE, State:OPEN]
2019-08-20 15:19:24,987 [Thread-330] INFO  ozone.MiniOzoneClusterImpl (MiniOzoneClusterImpl.java:lambda$waitForClusterToBeReady$0(142)) - Cluster is ready. Got 3 of 3 DN Heartbeats.
2019-08-20 15:19:24,988 [Thread-330] INFO  datanode.ObjectStoreHandler (ObjectStoreHandler.java:close(155)) - Closing ObjectStoreHandler.
2019-08-20 15:19:24,988 [Thread-330] INFO  ozone.HddsDatanodeService (HddsDatanodeService.java:stop(451)) - Stopped plug-in org.apache.hadoop.ozone.web.OzoneHddsDatanodeService@72150d18
2019-08-20 15:19:25,501 [Datanode State Machine Thread - 0] INFO  statemachine.DatanodeStateMachine (DatanodeStateMachine.java:lambda$startDaemon$0(350)) - Ozone container server started.
2019-08-20 15:19:25,736 | INFO  | SCMAudit | user=jenkins1000 | ip=192.168.69.101 | op=SEND_HEARTBEAT {datanodeUUID=6fd3ed34-8a63-4874-8589-87309973ae65, command=[]} | ret=SUCCESS |  
2019-08-20 15:19:25,988 | INFO  | SCMAudit | user=jenkins1000 | ip=192.168.69.101 | op=SEND_HEARTBEAT {datanodeUUID=489867c4-c9de-42bb-b37c-5cd48de4ec28, command=[]} | ret=SUCCESS |  
2019-08-20 15:19:26,515 [Thread-502] INFO  container.ReplicationManager (ReplicationManager.java:start(152)) - Starting Replication Monitor Thread.
2019-08-20 15:19:26,517 [ReplicationMonitor] INFO  container.ReplicationManager (ReplicationManager.java:run(215)) - Replication Monitor Thread took 0 milliseconds for processing 0 containers.
2019-08-20 15:19:26,736 | INFO  | SCMAudit | user=jenkins1000 | ip=192.168.69.101 | op=SEND_HEARTBEAT {datanodeUUID=6fd3ed34-8a63-4874-8589-87309973ae65, command=[]} | ret=SUCCESS |  
2019-08-20 15:19:26,988 | INFO  | SCMAudit | user=jenkins1000 | ip=192.168.69.101 | op=SEND_HEARTBEAT {datanodeUUID=489867c4-c9de-42bb-b37c-5cd48de4ec28, command=[]} | ret=SUCCESS |  
2019-08-20 15:19:27,736 | INFO  | SCMAudit | user=jenkins1000 | ip=192.168.69.101 | op=SEND_HEARTBEAT {datanodeUUID=6fd3ed34-8a63-4874-8589-87309973ae65, command=[]} | ret=SUCCESS |  
2019-08-20 15:19:27,988 | INFO  | SCMAudit | user=jenkins1000 | ip=192.168.69.101 | op=SEND_HEARTBEAT {datanodeUUID=489867c4-c9de-42bb-b37c-5cd48de4ec28, command=[]} | ret=SUCCESS |  
2019-08-20 15:19:28,732 [EventQueue-StaleNodeForStaleNodeHandler] INFO  node.StaleNodeHandler (StaleNodeHandler.java:onMessage(58)) - Datanode b133dfae-0d8b-4bac-9f28-d0cb7cdc2bc1{ip: 192.168.69.101, host: pr-hdds-1981264b6-3336735905, networkLocation: /default-rack, certSerialId: null} moved to stale state. Finalizing its pipelines [PipelineID=306bfe4c-ca5c-49b8-a021-42658f517423, PipelineID=819e5780-c689-46ca-88e6-ade561b89288]
2019-08-20 15:19:28,733 [EventQueue-StaleNodeForStaleNodeHandler] INFO  pipeline.SCMPipelineManager (SCMPipelineManager.java:finalizeAndDestroyPipeline(309)) - destroying pipeline:Pipeline[ Id: 306bfe4c-ca5c-49b8-a021-42658f517423, Nodes: b133dfae-0d8b-4bac-9f28-d0cb7cdc2bc1{ip: 192.168.69.101, host: pr-hdds-1981264b6-3336735905, networkLocation: /default-rack, certSerialId: null}489867c4-c9de-42bb-b37c-5cd48de4ec28{ip: 192.168.69.101, host: pr-hdds-1981264b6-3336735905, networkLocation: /default-rack, certSerialId: null}6fd3ed34-8a63-4874-8589-87309973ae65{ip: 192.168.69.101, host: pr-hdds-1981264b6-3336735905, networkLocation: /default-rack, certSerialId: null}, Type:RATIS, Factor:THREE, State:OPEN]
2019-08-20 15:19:28,733 [EventQueue-StaleNodeForStaleNodeHandler] INFO  pipeline.PipelineStateManager (PipelineStateManager.java:finalizePipeline(123)) - Pipeline Pipeline[ Id: 306bfe4c-ca5c-49b8-a021-42658f517423, Nodes: b133dfae-0d8b-4bac-9f28-d0cb7cdc2bc1{ip: 192.168.69.101, host: pr-hdds-1981264b6-3336735905, networkLocation: /default-rack, certSerialId: null}489867c4-c9de-42bb-b37c-5cd48de4ec28{ip: 192.168.69.101, host: pr-hdds-1981264b6-3336735905, networkLocation: /default-rack, certSerialId: null}6fd3ed34-8a63-4874-8589-87309973ae65{ip: 192.168.69.101, host: pr-hdds-1981264b6-3336735905, networkLocation: /default-rack, certSerialId: null}, Type:RATIS, Factor:THREE, State:CLOSED] moved to CLOSED state
2019-08-20 15:19:28,736 [EventQueue-StaleNodeForStaleNodeHandler] INFO  pipeline.SCMPipelineManager (SCMPipelineManager.java:finalizeAndDestroyPipeline(309)) - destroying pipeline:Pipeline[ Id: 819e5780-c689-46ca-88e6-ade561b89288, Nodes: b133dfae-0d8b-4bac-9f28-d0cb7cdc2bc1{ip: 192.168.69.101, host: pr-hdds-1981264b6-3336735905, networkLocation: /default-rack, certSerialId: null}, Type:RATIS, Factor:ONE, State:OPEN]
2019-08-20 15:19:28,736 [EventQueue-StaleNodeForStaleNodeHandler] INFO  pipeline.PipelineStateManager (PipelineStateManager.java:finalizePipeline(123)) - Pipeline Pipeline[ Id: 819e5780-c689-46ca-88e6-ade561b89288, Nodes: b133dfae-0d8b-4bac-9f28-d0cb7cdc2bc1{ip: 192.168.69.101, host: pr-hdds-1981264b6-3336735905, networkLocation: /default-rack, certSerialId: null}, Type:RATIS, Factor:ONE, State:CLOSED] moved to CLOSED state
2019-08-20 15:19:28,736 | INFO  | SCMAudit | user=jenkins1000 | ip=192.168.69.101 | op=SEND_HEARTBEAT {datanodeUUID=6fd3ed34-8a63-4874-8589-87309973ae65, command=[]} | ret=SUCCESS |  
2019-08-20 15:19:28,791 [Thread-504] INFO  impl.FollowerState (FollowerState.java:run(106)) - b133dfae-0d8b-4bac-9f28-d0cb7cdc2bc1:group-ADE561B89288 changes to CANDIDATE, lastRpcTime:5196, electionTimeout:5196ms
2019-08-20 15:19:28,791 [Thread-504] INFO  impl.RoleInfo (RoleInfo.java:shutdownFollowerState(121)) - b133dfae-0d8b-4bac-9f28-d0cb7cdc2bc1: shutdown FollowerState
2019-08-20 15:19:28,791 [Thread-504] INFO  impl.RaftServerImpl (RaftServerImpl.java:setRole(171)) - b133dfae-0d8b-4bac-9f28-d0cb7cdc2bc1:group-ADE561B89288 changes role from FOLLOWER to CANDIDATE at term 0 for changeToCandidate
2019-08-20 15:19:28,792 [Thread-504] INFO  impl.RoleInfo (RoleInfo.java:updateAndGet(143)) - b133dfae-0d8b-4bac-9f28-d0cb7cdc2bc1: start LeaderElection
2019-08-20 15:19:28,843 [b133dfae-0d8b-4bac-9f28-d0cb7cdc2bc1:group-ADE561B89288:LeaderElection12] INFO  impl.LeaderElection (LeaderElection.java:askForVotes(181)) - b133dfae-0d8b-4bac-9f28-d0cb7cdc2bc1:group-ADE561B89288:LeaderElection12: begin an election at term 1 for -1: [b133dfae-0d8b-4bac-9f28-d0cb7cdc2bc1:192.168.69.101:37813], old=null
2019-08-20 15:19:28,843 [b133dfae-0d8b-4bac-9f28-d0cb7cdc2bc1:group-ADE561B89288:LeaderElection12] INFO  impl.RoleInfo (RoleInfo.java:shutdownLeaderElection(134)) - b133dfae-0d8b-4bac-9f28-d0cb7cdc2bc1: shutdown LeaderElection
2019-08-20 15:19:28,843 [b133dfae-0d8b-4bac-9f28-d0cb7cdc2bc1:group-ADE561B89288:LeaderElection12] INFO  impl.RaftServerImpl (RaftServerImpl.java:setRole(171)) - b133dfae-0d8b-4bac-9f28-d0cb7cdc2bc1:group-ADE561B89288 changes role from CANDIDATE to LEADER at term 1 for changeToLeader
2019-08-20 15:19:28,843 [b133dfae-0d8b-4bac-9f28-d0cb7cdc2bc1:group-ADE561B89288:LeaderElection12] INFO  impl.RaftServerImpl (ServerState.java:setLeader(263)) - b133dfae-0d8b-4bac-9f28-d0cb7cdc2bc1:group-ADE561B89288 change Leader from null to b133dfae-0d8b-4bac-9f28-d0cb7cdc2bc1 at term 1 for becomeLeader, leader elected after 5253ms
2019-08-20 15:19:28,844 [b133dfae-0d8b-4bac-9f28-d0cb7cdc2bc1:group-ADE561B89288:LeaderElection12] INFO  server.RaftServerConfigKeys (ConfUtils.java:logGet(43)) - raft.server.staging.catchup.gap = 1000 (default)
2019-08-20 15:19:28,844 [b133dfae-0d8b-4bac-9f28-d0cb7cdc2bc1:group-ADE561B89288:LeaderElection12] INFO  server.RaftServerConfigKeys (ConfUtils.java:logGet(43)) - raft.server.rpc.sleep.time = 25ms (default)
2019-08-20 15:19:28,844 [b133dfae-0d8b-4bac-9f28-d0cb7cdc2bc1:group-ADE561B89288:LeaderElection12] INFO  server.RaftServerConfigKeys (ConfUtils.java:logGet(43)) - raft.server.write.element-limit = 4096 (default)
2019-08-20 15:19:28,844 [b133dfae-0d8b-4bac-9f28-d0cb7cdc2bc1:group-ADE561B89288:LeaderElection12] INFO  server.RaftServerConfigKeys (ConfUtils.java:logGet(43)) - raft.server.watch.timeout = 10s (default)
2019-08-20 15:19:28,845 [b133dfae-0d8b-4bac-9f28-d0cb7cdc2bc1:group-ADE561B89288:LeaderElection12] INFO  server.RaftServerConfigKeys (ConfUtils.java:logGet(43)) - raft.server.watch.timeout.denomination = 1s (default)
2019-08-20 15:19:28,845 [b133dfae-0d8b-4bac-9f28-d0cb7cdc2bc1:group-ADE561B89288:LeaderElection12] INFO  server.RaftServerConfigKeys (ConfUtils.java:logGet(43)) - raft.server.watch.element-limit = 65536 (default)
2019-08-20 15:19:28,845 [b133dfae-0d8b-4bac-9f28-d0cb7cdc2bc1:group-ADE561B89288:LeaderElection12] INFO  impl.RoleInfo (RoleInfo.java:updateAndGet(143)) - b133dfae-0d8b-4bac-9f28-d0cb7cdc2bc1: start LeaderState
2019-08-20 15:19:28,846 [b133dfae-0d8b-4bac-9f28-d0cb7cdc2bc1:group-ADE561B89288:LeaderElection12] INFO  segmented.SegmentedRaftLogWorker (SegmentedRaftLogWorker.java:startLogSegment(380)) - b133dfae-0d8b-4bac-9f28-d0cb7cdc2bc1-SegmentedRaftLogWorker:Storage Directory /workdir/hadoop-ozone/integration-test/target/test-dir/MiniOzoneClusterImpl-1a07f62a-f892-4fdb-b012-3e13de524f8f/datanode-0/data/ratis/819e5780-c689-46ca-88e6-ade561b89288: Starting segment from index:0
2019-08-20 15:19:28,847 [b133dfae-0d8b-4bac-9f28-d0cb7cdc2bc1:group-ADE561B89288:LeaderElection12] INFO  impl.RaftServerImpl (ServerState.java:setRaftConf(361)) - b133dfae-0d8b-4bac-9f28-d0cb7cdc2bc1:group-ADE561B89288 set configuration 0: [b133dfae-0d8b-4bac-9f28-d0cb7cdc2bc1:192.168.69.101:37813], old=null at 0
2019-08-20 15:19:28,894 [b133dfae-0d8b-4bac-9f28-d0cb7cdc2bc1-SegmentedRaftLogWorker:Storage Directory /workdir/hadoop-ozone/integration-test/target/test-dir/MiniOzoneClusterImpl-1a07f62a-f892-4fdb-b012-3e13de524f8f/datanode-0/data/ratis/819e5780-c689-46ca-88e6-ade561b89288] INFO  segmented.SegmentedRaftLogWorker (SegmentedRaftLogWorker.java:execute(569)) - b133dfae-0d8b-4bac-9f28-d0cb7cdc2bc1-SegmentedRaftLogWorker:Storage Directory /workdir/hadoop-ozone/integration-test/target/test-dir/MiniOzoneClusterImpl-1a07f62a-f892-4fdb-b012-3e13de524f8f/datanode-0/data/ratis/819e5780-c689-46ca-88e6-ade561b89288: created new log segment /workdir/hadoop-ozone/integration-test/target/test-dir/MiniOzoneClusterImpl-1a07f62a-f892-4fdb-b012-3e13de524f8f/datanode-0/data/ratis/819e5780-c689-46ca-88e6-ade561b89288/current/log_inprogress_0
2019-08-20 15:19:28,966 [Thread-507] INFO  impl.FollowerState (FollowerState.java:run(106)) - 6fd3ed34-8a63-4874-8589-87309973ae65:group-521B00374A20 changes to CANDIDATE, lastRpcTime:5151, electionTimeout:5151ms
2019-08-20 15:19:28,967 [Thread-507] INFO  impl.RoleInfo (RoleInfo.java:shutdownFollowerState(121)) - 6fd3ed34-8a63-4874-8589-87309973ae65: shutdown FollowerState
2019-08-20 15:19:28,967 [Thread-507] INFO  impl.RaftServerImpl (RaftServerImpl.java:setRole(171)) - 6fd3ed34-8a63-4874-8589-87309973ae65:group-521B00374A20 changes role from FOLLOWER to CANDIDATE at term 0 for changeToCandidate
2019-08-20 15:19:28,967 [Thread-507] INFO  impl.RoleInfo (RoleInfo.java:updateAndGet(143)) - 6fd3ed34-8a63-4874-8589-87309973ae65: start LeaderElection
2019-08-20 15:19:28,988 | INFO  | SCMAudit | user=jenkins1000 | ip=192.168.69.101 | op=SEND_HEARTBEAT {datanodeUUID=489867c4-c9de-42bb-b37c-5cd48de4ec28, command=[]} | ret=SUCCESS |  
2019-08-20 15:19:29,007 [6fd3ed34-8a63-4874-8589-87309973ae65:group-521B00374A20:LeaderElection13] INFO  impl.LeaderElection (LeaderElection.java:askForVotes(181)) - 6fd3ed34-8a63-4874-8589-87309973ae65:group-521B00374A20:LeaderElection13: begin an election at term 1 for -1: [6fd3ed34-8a63-4874-8589-87309973ae65:192.168.69.101:33798], old=null
2019-08-20 15:19:29,007 [6fd3ed34-8a63-4874-8589-87309973ae65:group-521B00374A20:LeaderElection13] INFO  impl.RoleInfo (RoleInfo.java:shutdownLeaderElection(134)) - 6fd3ed34-8a63-4874-8589-87309973ae65: shutdown LeaderElection
2019-08-20 15:19:29,007 [6fd3ed34-8a63-4874-8589-87309973ae65:group-521B00374A20:LeaderElection13] INFO  impl.RaftServerImpl (RaftServerImpl.java:setRole(171)) - 6fd3ed34-8a63-4874-8589-87309973ae65:group-521B00374A20 changes role from CANDIDATE to LEADER at term 1 for changeToLeader
2019-08-20 15:19:29,007 [6fd3ed34-8a63-4874-8589-87309973ae65:group-521B00374A20:LeaderElection13] INFO  impl.RaftServerImpl (ServerState.java:setLeader(263)) - 6fd3ed34-8a63-4874-8589-87309973ae65:group-521B00374A20 change Leader from null to 6fd3ed34-8a63-4874-8589-87309973ae65 at term 1 for becomeLeader, leader elected after 5198ms
2019-08-20 15:19:29,007 [6fd3ed34-8a63-4874-8589-87309973ae65:group-521B00374A20:LeaderElection13] INFO  server.RaftServerConfigKeys (ConfUtils.java:logGet(43)) - raft.server.staging.catchup.gap = 1000 (default)
2019-08-20 15:19:29,008 [6fd3ed34-8a63-4874-8589-87309973ae65:group-521B00374A20:LeaderElection13] INFO  server.RaftServerConfigKeys (ConfUtils.java:logGet(43)) - raft.server.rpc.sleep.time = 25ms (default)
2019-08-20 15:19:29,008 [6fd3ed34-8a63-4874-8589-87309973ae65:group-521B00374A20:LeaderElection13] INFO  server.RaftServerConfigKeys (ConfUtils.java:logGet(43)) - raft.server.write.element-limit = 4096 (default)
2019-08-20 15:19:29,008 [6fd3ed34-8a63-4874-8589-87309973ae65:group-521B00374A20:LeaderElection13] INFO  server.RaftServerConfigKeys (ConfUtils.java:logGet(43)) - raft.server.watch.timeout = 10s (default)
2019-08-20 15:19:29,008 [6fd3ed34-8a63-4874-8589-87309973ae65:group-521B00374A20:LeaderElection13] INFO  server.RaftServerConfigKeys (ConfUtils.java:logGet(43)) - raft.server.watch.timeout.denomination = 1s (default)
2019-08-20 15:19:29,009 [6fd3ed34-8a63-4874-8589-87309973ae65:group-521B00374A20:LeaderElection13] INFO  server.RaftServerConfigKeys (ConfUtils.java:logGet(43)) - raft.server.watch.element-limit = 65536 (default)
2019-08-20 15:19:29,009 [6fd3ed34-8a63-4874-8589-87309973ae65:group-521B00374A20:LeaderElection13] INFO  impl.RoleInfo (RoleInfo.java:updateAndGet(143)) - 6fd3ed34-8a63-4874-8589-87309973ae65: start LeaderState
2019-08-20 15:19:29,009 [6fd3ed34-8a63-4874-8589-87309973ae65:group-521B00374A20:LeaderElection13] INFO  segmented.SegmentedRaftLogWorker (SegmentedRaftLogWorker.java:startLogSegment(380)) - 6fd3ed34-8a63-4874-8589-87309973ae65-SegmentedRaftLogWorker:Storage Directory /workdir/hadoop-ozone/integration-test/target/test-dir/MiniOzoneClusterImpl-1a07f62a-f892-4fdb-b012-3e13de524f8f/datanode-1/data/ratis/2939f51d-50e7-4909-a0d6-521b00374a20: Starting segment from index:0
2019-08-20 15:19:29,010 [6fd3ed34-8a63-4874-8589-87309973ae65:group-521B00374A20:LeaderElection13] INFO  impl.RaftServerImpl (ServerState.java:setRaftConf(361)) - 6fd3ed34-8a63-4874-8589-87309973ae65:group-521B00374A20 set configuration 0: [6fd3ed34-8a63-4874-8589-87309973ae65:192.168.69.101:33798], old=null at 0
2019-08-20 15:19:29,056 [6fd3ed34-8a63-4874-8589-87309973ae65-SegmentedRaftLogWorker:Storage Directory /workdir/hadoop-ozone/integration-test/target/test-dir/MiniOzoneClusterImpl-1a07f62a-f892-4fdb-b012-3e13de524f8f/datanode-1/data/ratis/2939f51d-50e7-4909-a0d6-521b00374a20] INFO  segmented.SegmentedRaftLogWorker (SegmentedRaftLogWorker.java:execute(569)) - 6fd3ed34-8a63-4874-8589-87309973ae65-SegmentedRaftLogWorker:Storage Directory /workdir/hadoop-ozone/integration-test/target/test-dir/MiniOzoneClusterImpl-1a07f62a-f892-4fdb-b012-3e13de524f8f/datanode-1/data/ratis/2939f51d-50e7-4909-a0d6-521b00374a20: created new log segment /workdir/hadoop-ozone/integration-test/target/test-dir/MiniOzoneClusterImpl-1a07f62a-f892-4fdb-b012-3e13de524f8f/datanode-1/data/ratis/2939f51d-50e7-4909-a0d6-521b00374a20/current/log_inprogress_0
2019-08-20 15:19:29,148 [Thread-510] INFO  impl.FollowerState (FollowerState.java:run(106)) - 489867c4-c9de-42bb-b37c-5cd48de4ec28:group-027DAF63A911 changes to CANDIDATE, lastRpcTime:5082, electionTimeout:5082ms
2019-08-20 15:19:29,148 [Thread-510] INFO  impl.RoleInfo (RoleInfo.java:shutdownFollowerState(121)) - 489867c4-c9de-42bb-b37c-5cd48de4ec28: shutdown FollowerState
2019-08-20 15:19:29,148 [Thread-510] INFO  impl.RaftServerImpl (RaftServerImpl.java:setRole(171)) - 489867c4-c9de-42bb-b37c-5cd48de4ec28:group-027DAF63A911 changes role from FOLLOWER to CANDIDATE at term 0 for changeToCandidate
2019-08-20 15:19:29,148 [Thread-510] INFO  impl.RoleInfo (RoleInfo.java:updateAndGet(143)) - 489867c4-c9de-42bb-b37c-5cd48de4ec28: start LeaderElection
2019-08-20 15:19:29,159 [489867c4-c9de-42bb-b37c-5cd48de4ec28:group-027DAF63A911:LeaderElection14] INFO  impl.LeaderElection (LeaderElection.java:askForVotes(181)) - 489867c4-c9de-42bb-b37c-5cd48de4ec28:group-027DAF63A911:LeaderElection14: begin an election at term 1 for -1: [489867c4-c9de-42bb-b37c-5cd48de4ec28:192.168.69.101:32990], old=null
2019-08-20 15:19:29,159 [489867c4-c9de-42bb-b37c-5cd48de4ec28:group-027DAF63A911:LeaderElection14] INFO  impl.RoleInfo (RoleInfo.java:shutdownLeaderElection(134)) - 489867c4-c9de-42bb-b37c-5cd48de4ec28: shutdown LeaderElection
2019-08-20 15:19:29,160 [489867c4-c9de-42bb-b37c-5cd48de4ec28:group-027DAF63A911:LeaderElection14] INFO  impl.RaftServerImpl (RaftServerImpl.java:setRole(171)) - 489867c4-c9de-42bb-b37c-5cd48de4ec28:group-027DAF63A911 changes role from CANDIDATE to LEADER at term 1 for changeToLeader
2019-08-20 15:19:29,160 [489867c4-c9de-42bb-b37c-5cd48de4ec28:group-027DAF63A911:LeaderElection14] INFO  impl.RaftServerImpl (ServerState.java:setLeader(263)) - 489867c4-c9de-42bb-b37c-5cd48de4ec28:group-027DAF63A911 change Leader from null to 489867c4-c9de-42bb-b37c-5cd48de4ec28 at term 1 for becomeLeader, leader elected after 5099ms
2019-08-20 15:19:29,160 [489867c4-c9de-42bb-b37c-5cd48de4ec28:group-027DAF63A911:LeaderElection14] INFO  server.RaftServerConfigKeys (ConfUtils.java:logGet(43)) - raft.server.staging.catchup.gap = 1000 (default)
2019-08-20 15:19:29,160 [489867c4-c9de-42bb-b37c-5cd48de4ec28:group-027DAF63A911:LeaderElection14] INFO  server.RaftServerConfigKeys (ConfUtils.java:logGet(43)) - raft.server.rpc.sleep.time = 25ms (default)
2019-08-20 15:19:29,160 [489867c4-c9de-42bb-b37c-5cd48de4ec28:group-027DAF63A911:LeaderElection14] INFO  server.RaftServerConfigKeys (ConfUtils.java:logGet(43)) - raft.server.write.element-limit = 4096 (default)
2019-08-20 15:19:29,160 [489867c4-c9de-42bb-b37c-5cd48de4ec28:group-027DAF63A911:LeaderElection14] INFO  server.RaftServerConfigKeys (ConfUtils.java:logGet(43)) - raft.server.watch.timeout = 10s (default)
2019-08-20 15:19:29,160 [489867c4-c9de-42bb-b37c-5cd48de4ec28:group-027DAF63A911:LeaderElection14] INFO  server.RaftServerConfigKeys (ConfUtils.java:logGet(43)) - raft.server.watch.timeout.denomination = 1s (default)
2019-08-20 15:19:29,161 [489867c4-c9de-42bb-b37c-5cd48de4ec28:group-027DAF63A911:LeaderElection14] INFO  server.RaftServerConfigKeys (ConfUtils.java:logGet(43)) - raft.server.watch.element-limit = 65536 (default)
2019-08-20 15:19:29,161 [489867c4-c9de-42bb-b37c-5cd48de4ec28:group-027DAF63A911:LeaderElection14] INFO  impl.RoleInfo (RoleInfo.java:updateAndGet(143)) - 489867c4-c9de-42bb-b37c-5cd48de4ec28: start LeaderState
2019-08-20 15:19:29,161 [489867c4-c9de-42bb-b37c-5cd48de4ec28:group-027DAF63A911:LeaderElection14] INFO  segmented.SegmentedRaftLogWorker (SegmentedRaftLogWorker.java:startLogSegment(380)) - 489867c4-c9de-42bb-b37c-5cd48de4ec28-SegmentedRaftLogWorker:Storage Directory /workdir/hadoop-ozone/integration-test/target/test-dir/MiniOzoneClusterImpl-1a07f62a-f892-4fdb-b012-3e13de524f8f/datanode-2/data/ratis/8802222d-ba79-4937-8c21-027daf63a911: Starting segment from index:0
2019-08-20 15:19:29,162 [489867c4-c9de-42bb-b37c-5cd48de4ec28:group-027DAF63A911:LeaderElection14] INFO  impl.RaftServerImpl (ServerState.java:setRaftConf(361)) - 489867c4-c9de-42bb-b37c-5cd48de4ec28:group-027DAF63A911 set configuration 0: [489867c4-c9de-42bb-b37c-5cd48de4ec28:192.168.69.101:32990], old=null at 0
2019-08-20 15:19:29,186 [Thread-513] INFO  impl.FollowerState (FollowerState.java:run(106)) - 489867c4-c9de-42bb-b37c-5cd48de4ec28:group-42658F517423 changes to CANDIDATE, lastRpcTime:5033, electionTimeout:5033ms
2019-08-20 15:19:29,186 [Thread-513] INFO  impl.RoleInfo (RoleInfo.java:shutdownFollowerState(121)) - 489867c4-c9de-42bb-b37c-5cd48de4ec28: shutdown FollowerState
2019-08-20 15:19:29,186 [Thread-513] INFO  impl.RaftServerImpl (RaftServerImpl.java:setRole(171)) - 489867c4-c9de-42bb-b37c-5cd48de4ec28:group-42658F517423 changes role from FOLLOWER to CANDIDATE at term 0 for changeToCandidate
2019-08-20 15:19:29,187 [Thread-513] INFO  impl.RoleInfo (RoleInfo.java:updateAndGet(143)) - 489867c4-c9de-42bb-b37c-5cd48de4ec28: start LeaderElection
2019-08-20 15:19:29,205 [489867c4-c9de-42bb-b37c-5cd48de4ec28-SegmentedRaftLogWorker:Storage Directory /workdir/hadoop-ozone/integration-test/target/test-dir/MiniOzoneClusterImpl-1a07f62a-f892-4fdb-b012-3e13de524f8f/datanode-2/data/ratis/8802222d-ba79-4937-8c21-027daf63a911] INFO  segmented.SegmentedRaftLogWorker (SegmentedRaftLogWorker.java:execute(569)) - 489867c4-c9de-42bb-b37c-5cd48de4ec28-SegmentedRaftLogWorker:Storage Directory /workdir/hadoop-ozone/integration-test/target/test-dir/MiniOzoneClusterImpl-1a07f62a-f892-4fdb-b012-3e13de524f8f/datanode-2/data/ratis/8802222d-ba79-4937-8c21-027daf63a911: created new log segment /workdir/hadoop-ozone/integration-test/target/test-dir/MiniOzoneClusterImpl-1a07f62a-f892-4fdb-b012-3e13de524f8f/datanode-2/data/ratis/8802222d-ba79-4937-8c21-027daf63a911/current/log_inprogress_0
2019-08-20 15:19:29,205 [489867c4-c9de-42bb-b37c-5cd48de4ec28:group-42658F517423:LeaderElection15] INFO  impl.LeaderElection (LeaderElection.java:askForVotes(181)) - 489867c4-c9de-42bb-b37c-5cd48de4ec28:group-42658F517423:LeaderElection15: begin an election at term 1 for -1: [489867c4-c9de-42bb-b37c-5cd48de4ec28:192.168.69.101:32990, 6fd3ed34-8a63-4874-8589-87309973ae65:192.168.69.101:33798, b133dfae-0d8b-4bac-9f28-d0cb7cdc2bc1:192.168.69.101:37813], old=null
2019-08-20 15:19:29,214 [grpc-default-executor-0] INFO  impl.RaftServerImpl (RaftServerImpl.java:setRole(171)) - 6fd3ed34-8a63-4874-8589-87309973ae65:group-42658F517423 changes role from FOLLOWER to FOLLOWER at term 1 for recognizeCandidate:489867c4-c9de-42bb-b37c-5cd48de4ec28
2019-08-20 15:19:29,214 [grpc-default-executor-2] INFO  impl.RaftServerImpl (RaftServerImpl.java:setRole(171)) - b133dfae-0d8b-4bac-9f28-d0cb7cdc2bc1:group-42658F517423 changes role from FOLLOWER to FOLLOWER at term 1 for recognizeCandidate:489867c4-c9de-42bb-b37c-5cd48de4ec28
2019-08-20 15:19:29,216 [grpc-default-executor-0] INFO  impl.RoleInfo (RoleInfo.java:shutdownFollowerState(121)) - 6fd3ed34-8a63-4874-8589-87309973ae65: shutdown FollowerState
2019-08-20 15:19:29,216 [grpc-default-executor-2] INFO  impl.RoleInfo (RoleInfo.java:shutdownFollowerState(121)) - b133dfae-0d8b-4bac-9f28-d0cb7cdc2bc1: shutdown FollowerState
2019-08-20 15:19:29,216 [grpc-default-executor-0] INFO  impl.RoleInfo (RoleInfo.java:updateAndGet(143)) - 6fd3ed34-8a63-4874-8589-87309973ae65: start FollowerState
2019-08-20 15:19:29,216 [grpc-default-executor-2] INFO  impl.RoleInfo (RoleInfo.java:updateAndGet(143)) - b133dfae-0d8b-4bac-9f28-d0cb7cdc2bc1: start FollowerState
2019-08-20 15:19:29,216 [Thread-516] INFO  impl.FollowerState (FollowerState.java:run(114)) - 6fd3ed34-8a63-4874-8589-87309973ae65: FollowerState was interrupted: java.lang.InterruptedException: sleep interrupted
2019-08-20 15:19:29,253 [489867c4-c9de-42bb-b37c-5cd48de4ec28:group-42658F517423:LeaderElection15] INFO  impl.LeaderElection (LeaderElection.java:logAndReturn(56)) - 489867c4-c9de-42bb-b37c-5cd48de4ec28:group-42658F517423:LeaderElection15: Election PASSED; received 1 response(s) [489867c4-c9de-42bb-b37c-5cd48de4ec28<-b133dfae-0d8b-4bac-9f28-d0cb7cdc2bc1#0:OK-t1] and 0 exception(s); 489867c4-c9de-42bb-b37c-5cd48de4ec28:t1, leader=null, voted=489867c4-c9de-42bb-b37c-5cd48de4ec28, raftlog=489867c4-c9de-42bb-b37c-5cd48de4ec28-SegmentedRaftLog:OPENED:c-1,f-1,i0, conf=-1: [489867c4-c9de-42bb-b37c-5cd48de4ec28:192.168.69.101:32990, 6fd3ed34-8a63-4874-8589-87309973ae65:192.168.69.101:33798, b133dfae-0d8b-4bac-9f28-d0cb7cdc2bc1:192.168.69.101:37813], old=null
2019-08-20 15:19:29,253 [489867c4-c9de-42bb-b37c-5cd48de4ec28:group-42658F517423:LeaderElection15] INFO  impl.RoleInfo (RoleInfo.java:shutdownLeaderElection(134)) - 489867c4-c9de-42bb-b37c-5cd48de4ec28: shutdown LeaderElection
2019-08-20 15:19:29,258 [489867c4-c9de-42bb-b37c-5cd48de4ec28:group-42658F517423:LeaderElection15] INFO  impl.RaftServerImpl (RaftServerImpl.java:setRole(171)) - 489867c4-c9de-42bb-b37c-5cd48de4ec28:group-42658F517423 changes role from CANDIDATE to LEADER at term 1 for changeToLeader
2019-08-20 15:19:29,258 [489867c4-c9de-42bb-b37c-5cd48de4ec28:group-42658F517423:LeaderElection15] INFO  impl.RaftServerImpl (ServerState.java:setLeader(263)) - 489867c4-c9de-42bb-b37c-5cd48de4ec28:group-42658F517423 change Leader from null to 489867c4-c9de-42bb-b37c-5cd48de4ec28 at term 1 for becomeLeader, leader elected after 5113ms
2019-08-20 15:19:29,258 [489867c4-c9de-42bb-b37c-5cd48de4ec28:group-42658F517423:LeaderElection15] INFO  server.RaftServerConfigKeys (ConfUtils.java:logGet(43)) - raft.server.staging.catchup.gap = 1000 (default)
2019-08-20 15:19:29,258 [489867c4-c9de-42bb-b37c-5cd48de4ec28:group-42658F517423:LeaderElection15] INFO  server.RaftServerConfigKeys (ConfUtils.java:logGet(43)) - raft.server.rpc.sleep.time = 25ms (default)
2019-08-20 15:19:29,259 [489867c4-c9de-42bb-b37c-5cd48de4ec28:group-42658F517423:LeaderElection15] INFO  server.RaftServerConfigKeys (ConfUtils.java:logGet(43)) - raft.server.write.element-limit = 4096 (default)
2019-08-20 15:19:29,259 [489867c4-c9de-42bb-b37c-5cd48de4ec28:group-42658F517423:LeaderElection15] INFO  server.RaftServerConfigKeys (ConfUtils.java:logGet(43)) - raft.server.watch.timeout = 10s (default)
2019-08-20 15:19:29,259 [489867c4-c9de-42bb-b37c-5cd48de4ec28:group-42658F517423:LeaderElection15] INFO  server.RaftServerConfigKeys (ConfUtils.java:logGet(43)) - raft.server.watch.timeout.denomination = 1s (default)
2019-08-20 15:19:29,259 [489867c4-c9de-42bb-b37c-5cd48de4ec28:group-42658F517423:LeaderElection15] INFO  server.RaftServerConfigKeys (ConfUtils.java:logGet(43)) - raft.server.watch.element-limit = 65536 (default)
2019-08-20 15:19:29,259 [489867c4-c9de-42bb-b37c-5cd48de4ec28:group-42658F517423:LeaderElection15] INFO  server.RaftServerConfigKeys (ConfUtils.java:logGet(43)) - raft.server.log.appender.snapshot.chunk.size.max = 16MB (=16777216) (default)
2019-08-20 15:19:29,259 [489867c4-c9de-42bb-b37c-5cd48de4ec28:group-42658F517423:LeaderElection15] INFO  server.RaftServerConfigKeys (ConfUtils.java:logGet(43)) - raft.server.log.appender.buffer.byte-limit = 33554432 (custom)
2019-08-20 15:19:29,260 [489867c4-c9de-42bb-b37c-5cd48de4ec28:group-42658F517423:LeaderElection15] INFO  server.RaftServerConfigKeys (ConfUtils.java:logGet(43)) - raft.server.log.appender.buffer.element-limit = 1 (custom)
2019-08-20 15:19:29,260 [489867c4-c9de-42bb-b37c-5cd48de4ec28:group-42658F517423:LeaderElection15] INFO  grpc.GrpcConfigKeys$Server (ConfUtils.java:logGet(43)) - raft.grpc.server.leader.outstanding.appends.max = 128 (default)
2019-08-20 15:19:29,260 [489867c4-c9de-42bb-b37c-5cd48de4ec28:group-42658F517423:LeaderElection15] INFO  server.RaftServerConfigKeys (ConfUtils.java:logGet(43)) - raft.server.rpc.request.timeout = 3000ms (default)
2019-08-20 15:19:29,260 [489867c4-c9de-42bb-b37c-5cd48de4ec28:group-42658F517423:LeaderElection15] INFO  server.RaftServerConfigKeys (ConfUtils.java:logGet(43)) - raft.server.log.appender.install.snapshot.enabled = false (custom)
2019-08-20 15:19:29,260 [489867c4-c9de-42bb-b37c-5cd48de4ec28:group-42658F517423:LeaderElection15] INFO  server.RaftServerConfigKeys (ConfUtils.java:logGet(43)) - raft.server.log.appender.snapshot.chunk.size.max = 16MB (=16777216) (default)
2019-08-20 15:19:29,260 [489867c4-c9de-42bb-b37c-5cd48de4ec28:group-42658F517423:LeaderElection15] INFO  server.RaftServerConfigKeys (ConfUtils.java:logGet(43)) - raft.server.log.appender.buffer.byte-limit = 33554432 (custom)
2019-08-20 15:19:29,260 [489867c4-c9de-42bb-b37c-5cd48de4ec28:group-42658F517423:LeaderElection15] INFO  server.RaftServerConfigKeys (ConfUtils.java:logGet(43)) - raft.server.log.appender.buffer.element-limit = 1 (custom)
2019-08-20 15:19:29,261 [489867c4-c9de-42bb-b37c-5cd48de4ec28:group-42658F517423:LeaderElection15] INFO  grpc.GrpcConfigKeys$Server (ConfUtils.java:logGet(43)) - raft.grpc.server.leader.outstanding.appends.max = 128 (default)
2019-08-20 15:19:29,261 [489867c4-c9de-42bb-b37c-5cd48de4ec28:group-42658F517423:LeaderElection15] INFO  server.RaftServerConfigKeys (ConfUtils.java:logGet(43)) - raft.server.rpc.request.timeout = 3000ms (default)
2019-08-20 15:19:29,261 [489867c4-c9de-42bb-b37c-5cd48de4ec28:group-42658F517423:LeaderElection15] INFO  server.RaftServerConfigKeys (ConfUtils.java:logGet(43)) - raft.server.log.appender.install.snapshot.enabled = false (custom)
2019-08-20 15:19:29,261 [489867c4-c9de-42bb-b37c-5cd48de4ec28:group-42658F517423:LeaderElection15] INFO  impl.RoleInfo (RoleInfo.java:updateAndGet(143)) - 489867c4-c9de-42bb-b37c-5cd48de4ec28: start LeaderState
2019-08-20 15:19:29,261 [489867c4-c9de-42bb-b37c-5cd48de4ec28:group-42658F517423:LeaderElection15] INFO  segmented.SegmentedRaftLogWorker (SegmentedRaftLogWorker.java:startLogSegment(380)) - 489867c4-c9de-42bb-b37c-5cd48de4ec28-SegmentedRaftLogWorker:Storage Directory /workdir/hadoop-ozone/integration-test/target/test-dir/MiniOzoneClusterImpl-1a07f62a-f892-4fdb-b012-3e13de524f8f/datanode-2/data/ratis/306bfe4c-ca5c-49b8-a021-42658f517423: Starting segment from index:0
2019-08-20 15:19:29,262 [489867c4-c9de-42bb-b37c-5cd48de4ec28:group-42658F517423:LeaderElection15] INFO  impl.RaftServerImpl (ServerState.java:setRaftConf(361)) - 489867c4-c9de-42bb-b37c-5cd48de4ec28:group-42658F517423 set configuration 0: [489867c4-c9de-42bb-b37c-5cd48de4ec28:192.168.69.101:32990, 6fd3ed34-8a63-4874-8589-87309973ae65:192.168.69.101:33798, b133dfae-0d8b-4bac-9f28-d0cb7cdc2bc1:192.168.69.101:37813], old=null at 0
2019-08-20 15:19:29,295 [grpc-default-executor-0] INFO  impl.RaftServerImpl (ServerState.java:setLeader(263)) - b133dfae-0d8b-4bac-9f28-d0cb7cdc2bc1:group-42658F517423 change Leader from null to 489867c4-c9de-42bb-b37c-5cd48de4ec28 at term 1 for appendEntries, leader elected after 5150ms
2019-08-20 15:19:29,297 [grpc-default-executor-2] INFO  impl.RaftServerImpl (ServerState.java:setLeader(263)) - 6fd3ed34-8a63-4874-8589-87309973ae65:group-42658F517423 change Leader from null to 489867c4-c9de-42bb-b37c-5cd48de4ec28 at term 1 for appendEntries, leader elected after 5151ms
2019-08-20 15:19:29,301 [grpc-default-executor-0] INFO  impl.RaftServerImpl (ServerState.java:setRaftConf(361)) - b133dfae-0d8b-4bac-9f28-d0cb7cdc2bc1:group-42658F517423 set configuration 0: [489867c4-c9de-42bb-b37c-5cd48de4ec28:192.168.69.101:32990, 6fd3ed34-8a63-4874-8589-87309973ae65:192.168.69.101:33798, b133dfae-0d8b-4bac-9f28-d0cb7cdc2bc1:192.168.69.101:37813], old=null at 0
2019-08-20 15:19:29,301 [grpc-default-executor-2] INFO  impl.RaftServerImpl (ServerState.java:setRaftConf(361)) - 6fd3ed34-8a63-4874-8589-87309973ae65:group-42658F517423 set configuration 0: [489867c4-c9de-42bb-b37c-5cd48de4ec28:192.168.69.101:32990, 6fd3ed34-8a63-4874-8589-87309973ae65:192.168.69.101:33798, b133dfae-0d8b-4bac-9f28-d0cb7cdc2bc1:192.168.69.101:37813], old=null at 0
2019-08-20 15:19:29,301 [grpc-default-executor-0] INFO  segmented.SegmentedRaftLogWorker (SegmentedRaftLogWorker.java:startLogSegment(380)) - b133dfae-0d8b-4bac-9f28-d0cb7cdc2bc1-SegmentedRaftLogWorker:Storage Directory /workdir/hadoop-ozone/integration-test/target/test-dir/MiniOzoneClusterImpl-1a07f62a-f892-4fdb-b012-3e13de524f8f/datanode-0/data/ratis/306bfe4c-ca5c-49b8-a021-42658f517423: Starting segment from index:0
2019-08-20 15:19:29,301 [grpc-default-executor-2] INFO  segmented.SegmentedRaftLogWorker (SegmentedRaftLogWorker.java:startLogSegment(380)) - 6fd3ed34-8a63-4874-8589-87309973ae65-SegmentedRaftLogWorker:Storage Directory /workdir/hadoop-ozone/integration-test/target/test-dir/MiniOzoneClusterImpl-1a07f62a-f892-4fdb-b012-3e13de524f8f/datanode-1/data/ratis/306bfe4c-ca5c-49b8-a021-42658f517423: Starting segment from index:0
2019-08-20 15:19:29,319 [489867c4-c9de-42bb-b37c-5cd48de4ec28-SegmentedRaftLogWorker:Storage Directory /workdir/hadoop-ozone/integration-test/target/test-dir/MiniOzoneClusterImpl-1a07f62a-f892-4fdb-b012-3e13de524f8f/datanode-2/data/ratis/306bfe4c-ca5c-49b8-a021-42658f517423] INFO  segmented.SegmentedRaftLogWorker (SegmentedRaftLogWorker.java:execute(569)) - 489867c4-c9de-42bb-b37c-5cd48de4ec28-SegmentedRaftLogWorker:Storage Directory /workdir/hadoop-ozone/integration-test/target/test-dir/MiniOzoneClusterImpl-1a07f62a-f892-4fdb-b012-3e13de524f8f/datanode-2/data/ratis/306bfe4c-ca5c-49b8-a021-42658f517423: created new log segment /workdir/hadoop-ozone/integration-test/target/test-dir/MiniOzoneClusterImpl-1a07f62a-f892-4fdb-b012-3e13de524f8f/datanode-2/data/ratis/306bfe4c-ca5c-49b8-a021-42658f517423/current/log_inprogress_0
2019-08-20 15:19:29,361 [6fd3ed34-8a63-4874-8589-87309973ae65-SegmentedRaftLogWorker:Storage Directory /workdir/hadoop-ozone/integration-test/target/test-dir/MiniOzoneClusterImpl-1a07f62a-f892-4fdb-b012-3e13de524f8f/datanode-1/data/ratis/306bfe4c-ca5c-49b8-a021-42658f517423] INFO  segmented.SegmentedRaftLogWorker (SegmentedRaftLogWorker.java:execute(569)) - 6fd3ed34-8a63-4874-8589-87309973ae65-SegmentedRaftLogWorker:Storage Directory /workdir/hadoop-ozone/integration-test/target/test-dir/MiniOzoneClusterImpl-1a07f62a-f892-4fdb-b012-3e13de524f8f/datanode-1/data/ratis/306bfe4c-ca5c-49b8-a021-42658f517423: created new log segment /workdir/hadoop-ozone/integration-test/target/test-dir/MiniOzoneClusterImpl-1a07f62a-f892-4fdb-b012-3e13de524f8f/datanode-1/data/ratis/306bfe4c-ca5c-49b8-a021-42658f517423/current/log_inprogress_0
2019-08-20 15:19:29,361 [b133dfae-0d8b-4bac-9f28-d0cb7cdc2bc1-SegmentedRaftLogWorker:Storage Directory /workdir/hadoop-ozone/integration-test/target/test-dir/MiniOzoneClusterImpl-1a07f62a-f892-4fdb-b012-3e13de524f8f/datanode-0/data/ratis/306bfe4c-ca5c-49b8-a021-42658f517423] INFO  segmented.SegmentedRaftLogWorker (SegmentedRaftLogWorker.java:execute(569)) - b133dfae-0d8b-4bac-9f28-d0cb7cdc2bc1-SegmentedRaftLogWorker:Storage Directory /workdir/hadoop-ozone/integration-test/target/test-dir/MiniOzoneClusterImpl-1a07f62a-f892-4fdb-b012-3e13de524f8f/datanode-0/data/ratis/306bfe4c-ca5c-49b8-a021-42658f517423: created new log segment /workdir/hadoop-ozone/integration-test/target/test-dir/MiniOzoneClusterImpl-1a07f62a-f892-4fdb-b012-3e13de524f8f/datanode-0/data/ratis/306bfe4c-ca5c-49b8-a021-42658f517423/current/log_inprogress_0
2019-08-20 15:19:29,737 | INFO  | SCMAudit | user=jenkins1000 | ip=192.168.69.101 | op=SEND_HEARTBEAT {datanodeUUID=6fd3ed34-8a63-4874-8589-87309973ae65, command=[]} | ret=SUCCESS |  
2019-08-20 15:19:29,988 | INFO  | SCMAudit | user=jenkins1000 | ip=192.168.69.101 | op=SEND_HEARTBEAT {datanodeUUID=489867c4-c9de-42bb-b37c-5cd48de4ec28, command=[]} | ret=SUCCESS |  
2019-08-20 15:19:29,989 [Thread-330] INFO  ozoneimpl.OzoneContainer (OzoneContainer.java:stop(199)) - Attempting to stop container services.
2019-08-20 15:19:29,989 [Thread-330] INFO  impl.RaftServerProxy (RaftServerProxy.java:lambda$close$4(314)) - b133dfae-0d8b-4bac-9f28-d0cb7cdc2bc1: close
2019-08-20 15:19:29,990 [Thread-330] INFO  impl.RaftServerImpl (RaftServerImpl.java:lambda$shutdown$3(245)) - b133dfae-0d8b-4bac-9f28-d0cb7cdc2bc1: shutdown group-42658F517423
2019-08-20 15:19:29,990 [ForkJoinPool.commonPool-worker-1] INFO  impl.RaftServerImpl (RaftServerImpl.java:lambda$shutdown$3(245)) - b133dfae-0d8b-4bac-9f28-d0cb7cdc2bc1: shutdown group-ADE561B89288
2019-08-20 15:19:29,990 [Thread-330] INFO  util.JmxRegister (JmxRegister.java:unregister(73)) - Successfully un-registered JMX Bean with object name Ratis:service=RaftServer,group=group-42658F517423,id=b133dfae-0d8b-4bac-9f28-d0cb7cdc2bc1
2019-08-20 15:19:29,990 [ForkJoinPool.commonPool-worker-1] INFO  util.JmxRegister (JmxRegister.java:unregister(73)) - Successfully un-registered JMX Bean with object name Ratis:service=RaftServer,group=group-ADE561B89288,id=b133dfae-0d8b-4bac-9f28-d0cb7cdc2bc1
2019-08-20 15:19:29,990 [Thread-330] INFO  impl.RoleInfo (RoleInfo.java:shutdownFollowerState(121)) - b133dfae-0d8b-4bac-9f28-d0cb7cdc2bc1: shutdown FollowerState
2019-08-20 15:19:29,990 [ForkJoinPool.commonPool-worker-1] INFO  impl.RoleInfo (RoleInfo.java:shutdownLeaderState(104)) - b133dfae-0d8b-4bac-9f28-d0cb7cdc2bc1: shutdown LeaderState
2019-08-20 15:19:29,991 [Thread-533] INFO  impl.FollowerState (FollowerState.java:run(114)) - b133dfae-0d8b-4bac-9f28-d0cb7cdc2bc1: FollowerState was interrupted: java.lang.InterruptedException: sleep interrupted
2019-08-20 15:19:29,991 [Thread-330] INFO  impl.StateMachineUpdater (StateMachineUpdater.java:stopAndJoin(115)) - StateMachineUpdater:b133dfae-0d8b-4bac-9f28-d0cb7cdc2bc1:group-42658F517423: set stopIndex = -1
2019-08-20 15:19:29,992 [ForkJoinPool.commonPool-worker-1] INFO  impl.PendingRequests (PendingRequests.java:sendNotLeaderResponses(202)) - b133dfae-0d8b-4bac-9f28-d0cb7cdc2bc1-PendingRequests: sendNotLeaderResponses
2019-08-20 15:19:29,993 [Thread-330] INFO  impl.RaftServerImpl (ServerState.java:close(394)) - b133dfae-0d8b-4bac-9f28-d0cb7cdc2bc1:group-42658F517423 closes. The last applied log index is -1
2019-08-20 15:19:29,994 [ForkJoinPool.commonPool-worker-1] INFO  impl.StateMachineUpdater (StateMachineUpdater.java:stopAndJoin(115)) - StateMachineUpdater:b133dfae-0d8b-4bac-9f28-d0cb7cdc2bc1:group-ADE561B89288: set stopIndex = 0
2019-08-20 15:19:29,995 [ForkJoinPool.commonPool-worker-1] INFO  impl.RaftServerImpl (ServerState.java:close(394)) - b133dfae-0d8b-4bac-9f28-d0cb7cdc2bc1:group-ADE561B89288 closes. The last applied log index is 0
2019-08-20 15:19:29,995 [b133dfae-0d8b-4bac-9f28-d0cb7cdc2bc1-SegmentedRaftLogWorker:Storage Directory /workdir/hadoop-ozone/integration-test/target/test-dir/MiniOzoneClusterImpl-1a07f62a-f892-4fdb-b012-3e13de524f8f/datanode-0/data/ratis/306bfe4c-ca5c-49b8-a021-42658f517423] INFO  segmented.SegmentedRaftLogWorker (SegmentedRaftLogWorker.java:run(313)) - b133dfae-0d8b-4bac-9f28-d0cb7cdc2bc1-SegmentedRaftLogWorker:Storage Directory /workdir/hadoop-ozone/integration-test/target/test-dir/MiniOzoneClusterImpl-1a07f62a-f892-4fdb-b012-3e13de524f8f/datanode-0/data/ratis/306bfe4c-ca5c-49b8-a021-42658f517423 was interrupted, exiting. There are 0 tasks remaining in the queue.
2019-08-20 15:19:29,995 [b133dfae-0d8b-4bac-9f28-d0cb7cdc2bc1-SegmentedRaftLogWorker:Storage Directory /workdir/hadoop-ozone/integration-test/target/test-dir/MiniOzoneClusterImpl-1a07f62a-f892-4fdb-b012-3e13de524f8f/datanode-0/data/ratis/819e5780-c689-46ca-88e6-ade561b89288] INFO  segmented.SegmentedRaftLogWorker (SegmentedRaftLogWorker.java:run(313)) - b133dfae-0d8b-4bac-9f28-d0cb7cdc2bc1-SegmentedRaftLogWorker:Storage Directory /workdir/hadoop-ozone/integration-test/target/test-dir/MiniOzoneClusterImpl-1a07f62a-f892-4fdb-b012-3e13de524f8f/datanode-0/data/ratis/819e5780-c689-46ca-88e6-ade561b89288 was interrupted, exiting. There are 0 tasks remaining in the queue.
2019-08-20 15:19:29,996 [Thread-330] INFO  segmented.SegmentedRaftLogWorker (SegmentedRaftLogWorker.java:close(228)) - b133dfae-0d8b-4bac-9f28-d0cb7cdc2bc1-SegmentedRaftLogWorker:Storage Directory /workdir/hadoop-ozone/integration-test/target/test-dir/MiniOzoneClusterImpl-1a07f62a-f892-4fdb-b012-3e13de524f8f/datanode-0/data/ratis/306bfe4c-ca5c-49b8-a021-42658f517423 close()
2019-08-20 15:19:29,997 [ForkJoinPool.commonPool-worker-1] INFO  segmented.SegmentedRaftLogWorker (SegmentedRaftLogWorker.java:close(228)) - b133dfae-0d8b-4bac-9f28-d0cb7cdc2bc1-SegmentedRaftLogWorker:Storage Directory /workdir/hadoop-ozone/integration-test/target/test-dir/MiniOzoneClusterImpl-1a07f62a-f892-4fdb-b012-3e13de524f8f/datanode-0/data/ratis/819e5780-c689-46ca-88e6-ade561b89288 close()
2019-08-20 15:19:30,003 [Thread-330] INFO  server.GrpcService (GrpcService.java:closeImpl(155)) - b133dfae-0d8b-4bac-9f28-d0cb7cdc2bc1: shutdown server with port 37813 now
2019-08-20 15:19:30,004 [Thread-330] INFO  server.GrpcService (GrpcService.java:closeImpl(163)) - b133dfae-0d8b-4bac-9f28-d0cb7cdc2bc1: shutdown server with port 37813 successfully
2019-08-20 15:19:30,005 [grpc-default-executor-2] WARN  server.GrpcServerProtocolService (LogUtils.java:warn(134)) - b133dfae-0d8b-4bac-9f28-d0cb7cdc2bc1: appendEntries onError: org.apache.ratis.thirdparty.io.grpc.StatusRuntimeException: CANCELLED: cancelled before receiving half close
2019-08-20 15:19:30,005 [grpc-default-executor-0] WARN  server.GrpcLogAppender (LogUtils.java:warn(134)) - 489867c4-c9de-42bb-b37c-5cd48de4ec28->b133dfae-0d8b-4bac-9f28-d0cb7cdc2bc1: Failed appendEntries: org.apache.ratis.thirdparty.io.grpc.StatusRuntimeException: CANCELLED: HTTP/2 error code: CANCEL
Received Rst Stream
2019-08-20 15:19:30,005 [Thread-330] INFO  utils.BackgroundService (BackgroundService.java:shutdown(148)) - Shutting down service BlockDeletingService
2019-08-20 15:19:30,007 [grpc-default-executor-0] INFO  impl.FollowerInfo (FollowerInfo.java:lambda$new$0(50)) - 489867c4-c9de-42bb-b37c-5cd48de4ec28->b133dfae-0d8b-4bac-9f28-d0cb7cdc2bc1: nextIndex: updateUnconditionally 1 -> 0
2019-08-20 15:19:30,008 [refreshUsed-/workdir/hadoop-ozone/integration-test/target/test-dir/MiniOzoneClusterImpl-1a07f62a-f892-4fdb-b012-3e13de524f8f/datanode-0/data/containers] WARN  fs.CachingGetSpaceUsed (CachingGetSpaceUsed.java:run(183)) - Thread Interrupted waiting to refresh disk information: sleep interrupted
2019-08-20 15:19:30,024 [Thread-330] INFO  statemachine.DatanodeStateMachine (DatanodeStateMachine.java:stopDaemon(395)) - Ozone container server stopped.
2019-08-20 15:19:30,026 [Thread-330] INFO  handler.ContextHandler (ContextHandler.java:doStop(910)) - Stopped o.e.j.w.WebAppContext@231bed5d{/,null,UNAVAILABLE}{/hddsDatanode}
2019-08-20 15:19:30,028 [Thread-330] INFO  server.AbstractConnector (AbstractConnector.java:doStop(318)) - Stopped ServerConnector@70a1a271{HTTP/1.1,[http/1.1]}{0.0.0.0:0}
2019-08-20 15:19:30,028 [Thread-330] INFO  handler.ContextHandler (ContextHandler.java:doStop(910)) - Stopped o.e.j.s.ServletContextHandler@4810bada{/static,jar:file:/home/user/.m2/repository/org/apache/hadoop/hadoop-hdds-container-service/0.5.0-SNAPSHOT/hadoop-hdds-container-service-0.5.0-SNAPSHOT.jar!/webapps/static,UNAVAILABLE}
2019-08-20 15:19:30,029 [Thread-330] INFO  handler.ContextHandler (ContextHandler.java:doStop(910)) - Stopped o.e.j.s.ServletContextHandler@79e701f2{/logs,file:///workdir/hadoop-ozone/integration-test/target/log,UNAVAILABLE}
2019-08-20 15:19:30,030 [Thread-330] INFO  datanode.ObjectStoreHandler (ObjectStoreHandler.java:close(155)) - Closing ObjectStoreHandler.
2019-08-20 15:19:30,030 [Thread-330] INFO  ozone.HddsDatanodeService (HddsDatanodeService.java:stop(451)) - Stopped plug-in org.apache.hadoop.ozone.web.OzoneHddsDatanodeService@c7b7598
2019-08-20 15:19:30,737 [Datanode State Machine Thread - 0] INFO  statemachine.DatanodeStateMachine (DatanodeStateMachine.java:lambda$startDaemon$0(350)) - Ozone container server started.
2019-08-20 15:19:30,988 | INFO  | SCMAudit | user=jenkins1000 | ip=192.168.69.101 | op=SEND_HEARTBEAT {datanodeUUID=489867c4-c9de-42bb-b37c-5cd48de4ec28, command=[]} | ret=SUCCESS |  
2019-08-20 15:19:31,878 [grpc-default-executor-1] WARN  server.GrpcLogAppender (LogUtils.java:warn(134)) - 489867c4-c9de-42bb-b37c-5cd48de4ec28->b133dfae-0d8b-4bac-9f28-d0cb7cdc2bc1: Failed appendEntries: org.apache.ratis.thirdparty.io.grpc.StatusRuntimeException: UNAVAILABLE: io exception
2019-08-20 15:19:31,879 [grpc-default-executor-1] INFO  impl.FollowerInfo (FollowerInfo.java:lambda$new$0(50)) - 489867c4-c9de-42bb-b37c-5cd48de4ec28->b133dfae-0d8b-4bac-9f28-d0cb7cdc2bc1: nextIndex: updateUnconditionally 0 -> 0
2019-08-20 15:19:31,988 | INFO  | SCMAudit | user=jenkins1000 | ip=192.168.69.101 | op=SEND_HEARTBEAT {datanodeUUID=489867c4-c9de-42bb-b37c-5cd48de4ec28, command=[]} | ret=SUCCESS |  
2019-08-20 15:19:32,988 | INFO  | SCMAudit | user=jenkins1000 | ip=192.168.69.101 | op=SEND_HEARTBEAT {datanodeUUID=489867c4-c9de-42bb-b37c-5cd48de4ec28, command=[]} | ret=SUCCESS |  
2019-08-20 15:19:33,988 | INFO  | SCMAudit | user=jenkins1000 | ip=192.168.69.101 | op=SEND_HEARTBEAT {datanodeUUID=489867c4-c9de-42bb-b37c-5cd48de4ec28, command=[]} | ret=SUCCESS |  
2019-08-20 15:19:34,384 [grpc-default-executor-3] WARN  server.GrpcLogAppender (LogUtils.java:warn(134)) - 489867c4-c9de-42bb-b37c-5cd48de4ec28->b133dfae-0d8b-4bac-9f28-d0cb7cdc2bc1: Failed appendEntries: org.apache.ratis.thirdparty.io.grpc.StatusRuntimeException: UNAVAILABLE: io exception
2019-08-20 15:19:34,386 [grpc-default-executor-3] INFO  impl.FollowerInfo (FollowerInfo.java:lambda$new$0(50)) - 489867c4-c9de-42bb-b37c-5cd48de4ec28->b133dfae-0d8b-4bac-9f28-d0cb7cdc2bc1: nextIndex: updateUnconditionally 0 -> 0
2019-08-20 15:19:34,988 | INFO  | SCMAudit | user=jenkins1000 | ip=192.168.69.101 | op=SEND_HEARTBEAT {datanodeUUID=489867c4-c9de-42bb-b37c-5cd48de4ec28, command=[]} | ret=SUCCESS |  
2019-08-20 15:19:35,031 [Thread-330] INFO  ozoneimpl.OzoneContainer (OzoneContainer.java:stop(199)) - Attempting to stop container services.
2019-08-20 15:19:35,031 [Thread-330] INFO  impl.RaftServerProxy (RaftServerProxy.java:lambda$close$4(314)) - 6fd3ed34-8a63-4874-8589-87309973ae65: close
2019-08-20 15:19:35,031 [Thread-330] INFO  impl.RaftServerImpl (RaftServerImpl.java:lambda$shutdown$3(245)) - 6fd3ed34-8a63-4874-8589-87309973ae65: shutdown group-521B00374A20
2019-08-20 15:19:35,032 [Thread-330] INFO  util.JmxRegister (JmxRegister.java:unregister(73)) - Successfully un-registered JMX Bean with object name Ratis:service=RaftServer,group=group-521B00374A20,id=6fd3ed34-8a63-4874-8589-87309973ae65
2019-08-20 15:19:35,032 [Thread-330] INFO  impl.RoleInfo (RoleInfo.java:shutdownLeaderState(104)) - 6fd3ed34-8a63-4874-8589-87309973ae65: shutdown LeaderState
2019-08-20 15:19:35,032 [Thread-330] INFO  impl.PendingRequests (PendingRequests.java:sendNotLeaderResponses(202)) - 6fd3ed34-8a63-4874-8589-87309973ae65-PendingRequests: sendNotLeaderResponses
2019-08-20 15:19:35,032 [Thread-330] INFO  impl.StateMachineUpdater (StateMachineUpdater.java:stopAndJoin(115)) - StateMachineUpdater:6fd3ed34-8a63-4874-8589-87309973ae65:group-521B00374A20: set stopIndex = 0
2019-08-20 15:19:35,034 [Thread-330] INFO  impl.RaftServerImpl (ServerState.java:close(394)) - 6fd3ed34-8a63-4874-8589-87309973ae65:group-521B00374A20 closes. The last applied log index is 0
2019-08-20 15:19:35,034 [6fd3ed34-8a63-4874-8589-87309973ae65-SegmentedRaftLogWorker:Storage Directory /workdir/hadoop-ozone/integration-test/target/test-dir/MiniOzoneClusterImpl-1a07f62a-f892-4fdb-b012-3e13de524f8f/datanode-1/data/ratis/2939f51d-50e7-4909-a0d6-521b00374a20] INFO  segmented.SegmentedRaftLogWorker (SegmentedRaftLogWorker.java:run(313)) - 6fd3ed34-8a63-4874-8589-87309973ae65-SegmentedRaftLogWorker:Storage Directory /workdir/hadoop-ozone/integration-test/target/test-dir/MiniOzoneClusterImpl-1a07f62a-f892-4fdb-b012-3e13de524f8f/datanode-1/data/ratis/2939f51d-50e7-4909-a0d6-521b00374a20 was interrupted, exiting. There are 0 tasks remaining in the queue.
2019-08-20 15:19:35,035 [Thread-330] INFO  segmented.SegmentedRaftLogWorker (SegmentedRaftLogWorker.java:close(228)) - 6fd3ed34-8a63-4874-8589-87309973ae65-SegmentedRaftLogWorker:Storage Directory /workdir/hadoop-ozone/integration-test/target/test-dir/MiniOzoneClusterImpl-1a07f62a-f892-4fdb-b012-3e13de524f8f/datanode-1/data/ratis/2939f51d-50e7-4909-a0d6-521b00374a20 close()
2019-08-20 15:19:35,036 [Thread-330] INFO  impl.RaftServerImpl (RaftServerImpl.java:lambda$shutdown$3(245)) - 6fd3ed34-8a63-4874-8589-87309973ae65: shutdown group-42658F517423
2019-08-20 15:19:35,036 [Thread-330] INFO  util.JmxRegister (JmxRegister.java:unregister(73)) - Successfully un-registered JMX Bean with object name Ratis:service=RaftServer,group=group-42658F517423,id=6fd3ed34-8a63-4874-8589-87309973ae65
2019-08-20 15:19:35,036 [Thread-330] INFO  impl.RoleInfo (RoleInfo.java:shutdownFollowerState(121)) - 6fd3ed34-8a63-4874-8589-87309973ae65: shutdown FollowerState
2019-08-20 15:19:35,036 [Thread-330] INFO  impl.StateMachineUpdater (StateMachineUpdater.java:stopAndJoin(115)) - StateMachineUpdater:6fd3ed34-8a63-4874-8589-87309973ae65:group-42658F517423: set stopIndex = 0
2019-08-20 15:19:35,037 [Thread-532] INFO  impl.FollowerState (FollowerState.java:run(114)) - 6fd3ed34-8a63-4874-8589-87309973ae65: FollowerState was interrupted: java.lang.InterruptedException: sleep interrupted
2019-08-20 15:19:35,037 [Thread-330] INFO  impl.RaftServerImpl (ServerState.java:close(394)) - 6fd3ed34-8a63-4874-8589-87309973ae65:group-42658F517423 closes. The last applied log index is 0
2019-08-20 15:19:35,038 [6fd3ed34-8a63-4874-8589-87309973ae65-SegmentedRaftLogWorker:Storage Directory /workdir/hadoop-ozone/integration-test/target/test-dir/MiniOzoneClusterImpl-1a07f62a-f892-4fdb-b012-3e13de524f8f/datanode-1/data/ratis/306bfe4c-ca5c-49b8-a021-42658f517423] INFO  segmented.SegmentedRaftLogWorker (SegmentedRaftLogWorker.java:run(313)) - 6fd3ed34-8a63-4874-8589-87309973ae65-SegmentedRaftLogWorker:Storage Directory /workdir/hadoop-ozone/integration-test/target/test-dir/MiniOzoneClusterImpl-1a07f62a-f892-4fdb-b012-3e13de524f8f/datanode-1/data/ratis/306bfe4c-ca5c-49b8-a021-42658f517423 was interrupted, exiting. There are 0 tasks remaining in the queue.
2019-08-20 15:19:35,039 [Thread-330] INFO  segmented.SegmentedRaftLogWorker (SegmentedRaftLogWorker.java:close(228)) - 6fd3ed34-8a63-4874-8589-87309973ae65-SegmentedRaftLogWorker:Storage Directory /workdir/hadoop-ozone/integration-test/target/test-dir/MiniOzoneClusterImpl-1a07f62a-f892-4fdb-b012-3e13de524f8f/datanode-1/data/ratis/306bfe4c-ca5c-49b8-a021-42658f517423 close()
2019-08-20 15:19:35,039 [Thread-330] INFO  server.GrpcService (GrpcService.java:closeImpl(155)) - 6fd3ed34-8a63-4874-8589-87309973ae65: shutdown server with port 33798 now
2019-08-20 15:19:35,040 [grpc-default-executor-0] WARN  server.GrpcServerProtocolService (LogUtils.java:warn(134)) - 6fd3ed34-8a63-4874-8589-87309973ae65: appendEntries onError: org.apache.ratis.thirdparty.io.grpc.StatusRuntimeException: CANCELLED: cancelled before receiving half close
2019-08-20 15:19:35,040 [Thread-330] INFO  server.GrpcService (GrpcService.java:closeImpl(163)) - 6fd3ed34-8a63-4874-8589-87309973ae65: shutdown server with port 33798 successfully
2019-08-20 15:19:35,041 [grpc-default-executor-0] WARN  server.GrpcLogAppender (LogUtils.java:warn(134)) - 489867c4-c9de-42bb-b37c-5cd48de4ec28->6fd3ed34-8a63-4874-8589-87309973ae65: Failed appendEntries: org.apache.ratis.thirdparty.io.grpc.StatusRuntimeException: CANCELLED: HTTP/2 error code: CANCEL
Received Rst Stream
2019-08-20 15:19:35,042 [grpc-default-executor-0] INFO  impl.FollowerInfo (FollowerInfo.java:lambda$new$0(50)) - 489867c4-c9de-42bb-b37c-5cd48de4ec28->6fd3ed34-8a63-4874-8589-87309973ae65: nextIndex: updateUnconditionally 1 -> 0
2019-08-20 15:19:35,042 [Thread-330] INFO  utils.BackgroundService (BackgroundService.java:shutdown(148)) - Shutting down service BlockDeletingService
2019-08-20 15:19:35,045 [refreshUsed-/workdir/hadoop-ozone/integration-test/target/test-dir/MiniOzoneClusterImpl-1a07f62a-f892-4fdb-b012-3e13de524f8f/datanode-1/data/containers] WARN  fs.CachingGetSpaceUsed (CachingGetSpaceUsed.java:run(183)) - Thread Interrupted waiting to refresh disk information: sleep interrupted
2019-08-20 15:19:35,060 [Thread-330] INFO  statemachine.DatanodeStateMachine (DatanodeStateMachine.java:stopDaemon(395)) - Ozone container server stopped.
2019-08-20 15:19:35,061 [Thread-330] INFO  handler.ContextHandler (ContextHandler.java:doStop(910)) - Stopped o.e.j.w.WebAppContext@16dd704c{/,null,UNAVAILABLE}{/hddsDatanode}
2019-08-20 15:19:35,061 [Thread-330] INFO  server.AbstractConnector (AbstractConnector.java:doStop(318)) - Stopped ServerConnector@7b774a4b{HTTP/1.1,[http/1.1]}{0.0.0.0:0}
2019-08-20 15:19:35,062 [Thread-330] INFO  handler.ContextHandler (ContextHandler.java:doStop(910)) - Stopped o.e.j.s.ServletContextHandler@3af3f847{/static,jar:file:/home/user/.m2/repository/org/apache/hadoop/hadoop-hdds-container-service/0.5.0-SNAPSHOT/hadoop-hdds-container-service-0.5.0-SNAPSHOT.jar!/webapps/static,UNAVAILABLE}
2019-08-20 15:19:35,062 [Thread-330] INFO  handler.ContextHandler (ContextHandler.java:doStop(910)) - Stopped o.e.j.s.ServletContextHandler@72c7843{/logs,file:///workdir/hadoop-ozone/integration-test/target/log,UNAVAILABLE}
2019-08-20 15:19:35,063 [Thread-330] INFO  datanode.ObjectStoreHandler (ObjectStoreHandler.java:close(155)) - Closing ObjectStoreHandler.
2019-08-20 15:19:35,064 [Thread-330] INFO  ozone.HddsDatanodeService (HddsDatanodeService.java:stop(451)) - Stopped plug-in org.apache.hadoop.ozone.web.OzoneHddsDatanodeService@39e61bf8
2019-08-20 15:19:35,734 [EventQueue-StaleNodeForStaleNodeHandler] INFO  node.StaleNodeHandler (StaleNodeHandler.java:onMessage(58)) - Datanode 6fd3ed34-8a63-4874-8589-87309973ae65{ip: 192.168.69.101, host: pr-hdds-1981264b6-3336735905, networkLocation: /default-rack, certSerialId: null} moved to stale state. Finalizing its pipelines [PipelineID=2939f51d-50e7-4909-a0d6-521b00374a20, PipelineID=306bfe4c-ca5c-49b8-a021-42658f517423]
2019-08-20 15:19:35,734 [EventQueue-StaleNodeForStaleNodeHandler] INFO  pipeline.SCMPipelineManager (SCMPipelineManager.java:finalizeAndDestroyPipeline(309)) - destroying pipeline:Pipeline[ Id: 2939f51d-50e7-4909-a0d6-521b00374a20, Nodes: 6fd3ed34-8a63-4874-8589-87309973ae65{ip: 192.168.69.101, host: pr-hdds-1981264b6-3336735905, networkLocation: /default-rack, certSerialId: null}, Type:RATIS, Factor:ONE, State:OPEN]
2019-08-20 15:19:35,734 [EventQueue-StaleNodeForStaleNodeHandler] INFO  pipeline.PipelineStateManager (PipelineStateManager.java:finalizePipeline(123)) - Pipeline Pipeline[ Id: 2939f51d-50e7-4909-a0d6-521b00374a20, Nodes: 6fd3ed34-8a63-4874-8589-87309973ae65{ip: 192.168.69.101, host: pr-hdds-1981264b6-3336735905, networkLocation: /default-rack, certSerialId: null}, Type:RATIS, Factor:ONE, State:CLOSED] moved to CLOSED state
2019-08-20 15:19:35,734 [EventQueue-StaleNodeForStaleNodeHandler] INFO  pipeline.SCMPipelineManager (SCMPipelineManager.java:finalizeAndDestroyPipeline(309)) - destroying pipeline:Pipeline[ Id: 306bfe4c-ca5c-49b8-a021-42658f517423, Nodes: b133dfae-0d8b-4bac-9f28-d0cb7cdc2bc1{ip: 192.168.69.101, host: pr-hdds-1981264b6-3336735905, networkLocation: /default-rack, certSerialId: null}489867c4-c9de-42bb-b37c-5cd48de4ec28{ip: 192.168.69.101, host: pr-hdds-1981264b6-3336735905, networkLocation: /default-rack, certSerialId: null}6fd3ed34-8a63-4874-8589-87309973ae65{ip: 192.168.69.101, host: pr-hdds-1981264b6-3336735905, networkLocation: /default-rack, certSerialId: null}, Type:RATIS, Factor:THREE, State:CLOSED]
2019-08-20 15:19:35,986 [Datanode State Machine Thread - 0] INFO  statemachine.DatanodeStateMachine (DatanodeStateMachine.java:lambda$startDaemon$0(350)) - Ozone container server started.
2019-08-20 15:19:36,885 [grpc-default-executor-1] WARN  server.GrpcLogAppender (LogUtils.java:warn(134)) - 489867c4-c9de-42bb-b37c-5cd48de4ec28->b133dfae-0d8b-4bac-9f28-d0cb7cdc2bc1: Failed appendEntries: org.apache.ratis.thirdparty.io.grpc.StatusRuntimeException: UNAVAILABLE: io exception
2019-08-20 15:19:36,887 [grpc-default-executor-1] INFO  impl.FollowerInfo (FollowerInfo.java:lambda$new$0(50)) - 489867c4-c9de-42bb-b37c-5cd48de4ec28->b133dfae-0d8b-4bac-9f28-d0cb7cdc2bc1: nextIndex: updateUnconditionally 0 -> 0
2019-08-20 15:19:36,890 [grpc-default-executor-3] WARN  server.GrpcLogAppender (LogUtils.java:warn(134)) - 489867c4-c9de-42bb-b37c-5cd48de4ec28->6fd3ed34-8a63-4874-8589-87309973ae65: Failed appendEntries: org.apache.ratis.thirdparty.io.grpc.StatusRuntimeException: UNAVAILABLE: io exception
2019-08-20 15:19:36,892 [grpc-default-executor-3] INFO  impl.FollowerInfo (FollowerInfo.java:lambda$new$0(50)) - 489867c4-c9de-42bb-b37c-5cd48de4ec28->6fd3ed34-8a63-4874-8589-87309973ae65: nextIndex: updateUnconditionally 0 -> 0
2019-08-20 15:19:39,389 [grpc-default-executor-0] WARN  server.GrpcLogAppender (LogUtils.java:warn(134)) - 489867c4-c9de-42bb-b37c-5cd48de4ec28->b133dfae-0d8b-4bac-9f28-d0cb7cdc2bc1: Failed appendEntries: org.apache.ratis.thirdparty.io.grpc.StatusRuntimeException: UNAVAILABLE: io exception
2019-08-20 15:19:39,391 [grpc-default-executor-0] INFO  impl.FollowerInfo (FollowerInfo.java:lambda$new$0(50)) - 489867c4-c9de-42bb-b37c-5cd48de4ec28->b133dfae-0d8b-4bac-9f28-d0cb7cdc2bc1: nextIndex: updateUnconditionally 0 -> 0
2019-08-20 15:19:39,396 [grpc-default-executor-1] WARN  server.GrpcLogAppender (LogUtils.java:warn(134)) - 489867c4-c9de-42bb-b37c-5cd48de4ec28->6fd3ed34-8a63-4874-8589-87309973ae65: Failed appendEntries: org.apache.ratis.thirdparty.io.grpc.StatusRuntimeException: UNAVAILABLE: io exception
2019-08-20 15:19:39,397 [grpc-default-executor-1] INFO  impl.FollowerInfo (FollowerInfo.java:lambda$new$0(50)) - 489867c4-c9de-42bb-b37c-5cd48de4ec28->6fd3ed34-8a63-4874-8589-87309973ae65: nextIndex: updateUnconditionally 0 -> 0
2019-08-20 15:19:40,065 [Thread-330] INFO  ozoneimpl.OzoneContainer (OzoneContainer.java:stop(199)) - Attempting to stop container services.
2019-08-20 15:19:40,066 [Thread-330] INFO  impl.RaftServerProxy (RaftServerProxy.java:lambda$close$4(314)) - 489867c4-c9de-42bb-b37c-5cd48de4ec28: close
2019-08-20 15:19:40,066 [Thread-330] INFO  impl.RaftServerImpl (RaftServerImpl.java:lambda$shutdown$3(245)) - 489867c4-c9de-42bb-b37c-5cd48de4ec28: shutdown group-42658F517423
2019-08-20 15:19:40,067 [ForkJoinPool.commonPool-worker-1] INFO  impl.RaftServerImpl (RaftServerImpl.java:lambda$shutdown$3(245)) - 489867c4-c9de-42bb-b37c-5cd48de4ec28: shutdown group-027DAF63A911
2019-08-20 15:19:40,067 [Thread-330] INFO  util.JmxRegister (JmxRegister.java:unregister(73)) - Successfully un-registered JMX Bean with object name Ratis:service=RaftServer,group=group-42658F517423,id=489867c4-c9de-42bb-b37c-5cd48de4ec28
2019-08-20 15:19:40,067 [ForkJoinPool.commonPool-worker-1] INFO  util.JmxRegister (JmxRegister.java:unregister(73)) - Successfully un-registered JMX Bean with object name Ratis:service=RaftServer,group=group-027DAF63A911,id=489867c4-c9de-42bb-b37c-5cd48de4ec28
2019-08-20 15:19:40,067 [Thread-330] INFO  impl.RoleInfo (RoleInfo.java:shutdownLeaderState(104)) - 489867c4-c9de-42bb-b37c-5cd48de4ec28: shutdown LeaderState
2019-08-20 15:19:40,067 [ForkJoinPool.commonPool-worker-1] INFO  impl.RoleInfo (RoleInfo.java:shutdownLeaderState(104)) - 489867c4-c9de-42bb-b37c-5cd48de4ec28: shutdown LeaderState
2019-08-20 15:19:40,070 [org.apache.ratis.server.impl.LogAppender$AppenderDaemon$$Lambda$380/239047375@49764b45] WARN  server.GrpcLogAppender (GrpcLogAppender.java:mayWait(143)) - GrpcLogAppender(489867c4-c9de-42bb-b37c-5cd48de4ec28->b133dfae-0d8b-4bac-9f28-d0cb7cdc2bc1): Wait interrupted by java.lang.InterruptedException
2019-08-20 15:19:40,070 [org.apache.ratis.server.impl.LogAppender$AppenderDaemon$$Lambda$380/239047375@c74c4af] WARN  server.GrpcLogAppender (GrpcLogAppender.java:mayWait(143)) - GrpcLogAppender(489867c4-c9de-42bb-b37c-5cd48de4ec28->6fd3ed34-8a63-4874-8589-87309973ae65): Wait interrupted by java.lang.InterruptedException
2019-08-20 15:19:40,070 [Thread-330] INFO  impl.PendingRequests (PendingRequests.java:sendNotLeaderResponses(202)) - 489867c4-c9de-42bb-b37c-5cd48de4ec28-PendingRequests: sendNotLeaderResponses
2019-08-20 15:19:40,070 [ForkJoinPool.commonPool-worker-1] INFO  impl.PendingRequests (PendingRequests.java:sendNotLeaderResponses(202)) - 489867c4-c9de-42bb-b37c-5cd48de4ec28-PendingRequests: sendNotLeaderResponses
2019-08-20 15:19:40,073 [Thread-330] INFO  impl.StateMachineUpdater (StateMachineUpdater.java:stopAndJoin(115)) - StateMachineUpdater:489867c4-c9de-42bb-b37c-5cd48de4ec28:group-42658F517423: set stopIndex = 0
2019-08-20 15:19:40,074 [ForkJoinPool.commonPool-worker-1] INFO  impl.StateMachineUpdater (StateMachineUpdater.java:stopAndJoin(115)) - StateMachineUpdater:489867c4-c9de-42bb-b37c-5cd48de4ec28:group-027DAF63A911: set stopIndex = 0
2019-08-20 15:19:40,074 [Thread-330] INFO  impl.RaftServerImpl (ServerState.java:close(394)) - 489867c4-c9de-42bb-b37c-5cd48de4ec28:group-42658F517423 closes. The last applied log index is 0
2019-08-20 15:19:40,076 [ForkJoinPool.commonPool-worker-1] INFO  impl.RaftServerImpl (ServerState.java:close(394)) - 489867c4-c9de-42bb-b37c-5cd48de4ec28:group-027DAF63A911 closes. The last applied log index is 0
2019-08-20 15:19:40,076 [489867c4-c9de-42bb-b37c-5cd48de4ec28-SegmentedRaftLogWorker:Storage Directory /workdir/hadoop-ozone/integration-test/target/test-dir/MiniOzoneClusterImpl-1a07f62a-f892-4fdb-b012-3e13de524f8f/datanode-2/data/ratis/306bfe4c-ca5c-49b8-a021-42658f517423] INFO  segmented.SegmentedRaftLogWorker (SegmentedRaftLogWorker.java:run(313)) - 489867c4-c9de-42bb-b37c-5cd48de4ec28-SegmentedRaftLogWorker:Storage Directory /workdir/hadoop-ozone/integration-test/target/test-dir/MiniOzoneClusterImpl-1a07f62a-f892-4fdb-b012-3e13de524f8f/datanode-2/data/ratis/306bfe4c-ca5c-49b8-a021-42658f517423 was interrupted, exiting. There are 0 tasks remaining in the queue.
2019-08-20 15:19:40,076 [489867c4-c9de-42bb-b37c-5cd48de4ec28-SegmentedRaftLogWorker:Storage Directory /workdir/hadoop-ozone/integration-test/target/test-dir/MiniOzoneClusterImpl-1a07f62a-f892-4fdb-b012-3e13de524f8f/datanode-2/data/ratis/8802222d-ba79-4937-8c21-027daf63a911] INFO  segmented.SegmentedRaftLogWorker (SegmentedRaftLogWorker.java:run(313)) - 489867c4-c9de-42bb-b37c-5cd48de4ec28-SegmentedRaftLogWorker:Storage Directory /workdir/hadoop-ozone/integration-test/target/test-dir/MiniOzoneClusterImpl-1a07f62a-f892-4fdb-b012-3e13de524f8f/datanode-2/data/ratis/8802222d-ba79-4937-8c21-027daf63a911 was interrupted, exiting. There are 0 tasks remaining in the queue.
2019-08-20 15:19:40,077 [Thread-330] INFO  segmented.SegmentedRaftLogWorker (SegmentedRaftLogWorker.java:close(228)) - 489867c4-c9de-42bb-b37c-5cd48de4ec28-SegmentedRaftLogWorker:Storage Directory /workdir/hadoop-ozone/integration-test/target/test-dir/MiniOzoneClusterImpl-1a07f62a-f892-4fdb-b012-3e13de524f8f/datanode-2/data/ratis/306bfe4c-ca5c-49b8-a021-42658f517423 close()
2019-08-20 15:19:40,086 [ForkJoinPool.commonPool-worker-1] INFO  segmented.SegmentedRaftLogWorker (SegmentedRaftLogWorker.java:close(228)) - 489867c4-c9de-42bb-b37c-5cd48de4ec28-SegmentedRaftLogWorker:Storage Directory /workdir/hadoop-ozone/integration-test/target/test-dir/MiniOzoneClusterImpl-1a07f62a-f892-4fdb-b012-3e13de524f8f/datanode-2/data/ratis/8802222d-ba79-4937-8c21-027daf63a911 close()
2019-08-20 15:19:40,087 [Thread-330] INFO  server.GrpcService (GrpcService.java:closeImpl(155)) - 489867c4-c9de-42bb-b37c-5cd48de4ec28: shutdown server with port 32990 now
2019-08-20 15:19:40,089 [Thread-330] INFO  server.GrpcService (GrpcService.java:closeImpl(163)) - 489867c4-c9de-42bb-b37c-5cd48de4ec28: shutdown server with port 32990 successfully
2019-08-20 15:19:40,091 [Thread-330] INFO  utils.BackgroundService (BackgroundService.java:shutdown(148)) - Shutting down service BlockDeletingService
2019-08-20 15:19:40,092 [refreshUsed-/workdir/hadoop-ozone/integration-test/target/test-dir/MiniOzoneClusterImpl-1a07f62a-f892-4fdb-b012-3e13de524f8f/datanode-2/data/containers] WARN  fs.CachingGetSpaceUsed (CachingGetSpaceUsed.java:run(183)) - Thread Interrupted waiting to refresh disk information: sleep interrupted
2019-08-20 15:19:40,113 [Thread-330] INFO  statemachine.DatanodeStateMachine (DatanodeStateMachine.java:stopDaemon(395)) - Ozone container server stopped.
2019-08-20 15:19:40,114 [Thread-330] INFO  handler.ContextHandler (ContextHandler.java:doStop(910)) - Stopped o.e.j.w.WebAppContext@6612db91{/,null,UNAVAILABLE}{/hddsDatanode}
2019-08-20 15:19:40,115 [Thread-330] INFO  server.AbstractConnector (AbstractConnector.java:doStop(318)) - Stopped ServerConnector@724bb69b{HTTP/1.1,[http/1.1]}{0.0.0.0:0}
2019-08-20 15:19:40,116 [Thread-330] INFO  handler.ContextHandler (ContextHandler.java:doStop(910)) - Stopped o.e.j.s.ServletContextHandler@659e4435{/static,jar:file:/home/user/.m2/repository/org/apache/hadoop/hadoop-hdds-container-service/0.5.0-SNAPSHOT/hadoop-hdds-container-service-0.5.0-SNAPSHOT.jar!/webapps/static,UNAVAILABLE}
2019-08-20 15:19:40,116 [Thread-330] INFO  handler.ContextHandler (ContextHandler.java:doStop(910)) - Stopped o.e.j.s.ServletContextHandler@6405ed6c{/logs,file:///workdir/hadoop-ozone/integration-test/target/log,UNAVAILABLE}
2019-08-20 15:19:40,121 [Thread-330] INFO  impl.MetricsSystemImpl (MetricsSystemImpl.java:init(158)) - HddsDatanode metrics system started (again)
2019-08-20 15:19:40,173 [Thread-330] INFO  ozone.HddsDatanodeService (HddsDatanodeService.java:start(184)) - HddsDatanodeService host:pr-hdds-1981264b6-3336735905 ip:192.168.69.101
2019-08-20 15:19:40,176 [Thread-330] INFO  volume.VolumeUsage (VolumeUsage.java:loadScmUsed(144)) - Cached ScmUsed found for /workdir/hadoop-ozone/integration-test/target/test-dir/MiniOzoneClusterImpl-1a07f62a-f892-4fdb-b012-3e13de524f8f/datanode-0/data/containers : 4096 
2019-08-20 15:19:40,176 [Thread-330] INFO  volume.HddsVolume (HddsVolume.java:<init>(176)) - Creating Volume: /workdir/hadoop-ozone/integration-test/target/test-dir/MiniOzoneClusterImpl-1a07f62a-f892-4fdb-b012-3e13de524f8f/datanode-0/data/containers/hdds of  storage type : DISK and capacity : 1482555576320
2019-08-20 15:19:40,177 [Thread-330] INFO  volume.VolumeSet (VolumeSet.java:initializeVolumeSet(170)) - Added Volume : /workdir/hadoop-ozone/integration-test/target/test-dir/MiniOzoneClusterImpl-1a07f62a-f892-4fdb-b012-3e13de524f8f/datanode-0/data/containers/hdds to VolumeSet
2019-08-20 15:19:40,177 [Thread-330] INFO  volume.ThrottledAsyncChecker (ThrottledAsyncChecker.java:schedule(140)) - Scheduling a check for org.apache.hadoop.ozone.container.common.volume.HddsVolume@660e136b
2019-08-20 15:19:40,178 [Thread-330] INFO  volume.HddsVolumeChecker (HddsVolumeChecker.java:checkAllVolumes(203)) - Scheduled health check for volume org.apache.hadoop.ozone.container.common.volume.HddsVolume@660e136b
2019-08-20 15:19:40,195 [Thread-330] INFO  impl.RaftServerProxy (ConfUtils.java:logGet(43)) - raft.rpc.type = GRPC (default)
2019-08-20 15:19:40,196 [Thread-330] INFO  grpc.GrpcFactory (GrpcFactory.java:checkPooledByteBufAllocatorUseCacheForAllThreads(45)) - PERFORMANCE WARNING: useCacheForAllThreads is true that may cause Netty to create a lot garbage objects and, as a result, trigger GC.
	It is recommended to disable useCacheForAllThreads by setting -Dorg.apache.ratis.thirdparty.io.netty.allocator.useCacheForAllThreads=false in command line.
2019-08-20 15:19:40,196 [Thread-330] INFO  grpc.GrpcConfigKeys$Server (ConfUtils.java:logGet(43)) - raft.grpc.server.port = 37813 (custom)
2019-08-20 15:19:40,196 [Thread-330] INFO  server.GrpcService (ConfUtils.java:logGet(43)) - raft.grpc.message.size.max = 33570816 (custom)
2019-08-20 15:19:40,196 [Thread-330] INFO  server.RaftServerConfigKeys (ConfUtils.java:logGet(43)) - raft.server.log.appender.buffer.byte-limit = 33554432 (custom)
2019-08-20 15:19:40,197 [Thread-330] INFO  server.GrpcService (ConfUtils.java:logGet(43)) - raft.grpc.flow.control.window = 1MB (=1048576) (default)
2019-08-20 15:19:40,197 [Thread-330] INFO  server.RaftServerConfigKeys (ConfUtils.java:logGet(43)) - raft.server.rpc.request.timeout = 3000ms (default)
2019-08-20 15:19:40,198 [Thread-330] INFO  server.RaftServerConfigKeys (ConfUtils.java:logGet(43)) - raft.server.storage.dir = [/workdir/hadoop-ozone/integration-test/target/test-dir/MiniOzoneClusterImpl-1a07f62a-f892-4fdb-b012-3e13de524f8f/datanode-0/data/ratis] (custom)
2019-08-20 15:19:40,198 [Thread-330] INFO  impl.RaftServerProxy (RaftServerProxy.java:lambda$null$0(191)) - b133dfae-0d8b-4bac-9f28-d0cb7cdc2bc1: found a subdirectory /workdir/hadoop-ozone/integration-test/target/test-dir/MiniOzoneClusterImpl-1a07f62a-f892-4fdb-b012-3e13de524f8f/datanode-0/data/ratis/819e5780-c689-46ca-88e6-ade561b89288
2019-08-20 15:19:40,199 [Thread-330] INFO  impl.RaftServerProxy (RaftServerProxy.java:addNew(89)) - b133dfae-0d8b-4bac-9f28-d0cb7cdc2bc1: addNew group-ADE561B89288:[] returns group-ADE561B89288:java.util.concurrent.CompletableFuture@782b8255[Not completed]
2019-08-20 15:19:40,199 [Thread-330] INFO  impl.RaftServerProxy (RaftServerProxy.java:lambda$null$0(191)) - b133dfae-0d8b-4bac-9f28-d0cb7cdc2bc1: found a subdirectory /workdir/hadoop-ozone/integration-test/target/test-dir/MiniOzoneClusterImpl-1a07f62a-f892-4fdb-b012-3e13de524f8f/datanode-0/data/ratis/306bfe4c-ca5c-49b8-a021-42658f517423
2019-08-20 15:19:40,200 [Thread-330] INFO  impl.RaftServerProxy (RaftServerProxy.java:addNew(89)) - b133dfae-0d8b-4bac-9f28-d0cb7cdc2bc1: addNew group-42658F517423:[] returns group-42658F517423:java.util.concurrent.CompletableFuture@d05f9b3[Not completed]
2019-08-20 15:19:40,200 [Thread-330] INFO  replication.SimpleContainerDownloader (SimpleContainerDownloader.java:<init>(72)) - Starting container downloader service to copy containers to replicate.
2019-08-20 15:19:40,201 [pool-148-thread-1] INFO  impl.RaftServerImpl (RaftServerImpl.java:<init>(93)) - b133dfae-0d8b-4bac-9f28-d0cb7cdc2bc1: new RaftServerImpl for group-ADE561B89288:[] with ContainerStateMachine:uninitialized
2019-08-20 15:19:40,201 [pool-148-thread-1] INFO  server.RaftServerConfigKeys (ConfUtils.java:logGet(43)) - raft.server.rpc.timeout.min = 5s (custom)
2019-08-20 15:19:40,201 [pool-148-thread-1] INFO  server.RaftServerConfigKeys (ConfUtils.java:logGet(43)) - raft.server.rpc.timeout.max = 5200ms (custom)
2019-08-20 15:19:40,202 [Thread-330] INFO  hdfs.DFSUtil (DFSUtil.java:httpServerTemplateForNNAndJN(1641)) - Starting Web-server for hddsDatanode at: http://0.0.0.0:41202
2019-08-20 15:19:40,202 [pool-148-thread-1] INFO  server.RaftServerConfigKeys (ConfUtils.java:logGet(43)) - raft.server.rpcslowness.timeout = 120s (custom)
2019-08-20 15:19:40,202 [pool-148-thread-1] INFO  server.RaftServerConfigKeys (ConfUtils.java:logGet(43)) - raft.server.sleep.deviation.threshold = 300 (default)
2019-08-20 15:19:40,202 [pool-148-thread-1] INFO  server.RaftServerConfigKeys (ConfUtils.java:logGet(43)) - raft.server.log.appender.install.snapshot.enabled = false (custom)
2019-08-20 15:19:40,202 [pool-148-thread-1] INFO  impl.RaftServerImpl (ServerState.java:<init>(105)) - b133dfae-0d8b-4bac-9f28-d0cb7cdc2bc1:group-ADE561B89288 ConfigurationManager, init=-1: [], old=null, confs=<EMPTY_MAP>
2019-08-20 15:19:40,202 [pool-148-thread-1] INFO  server.RaftServerConfigKeys (ConfUtils.java:logGet(43)) - raft.server.storage.dir = [/workdir/hadoop-ozone/integration-test/target/test-dir/MiniOzoneClusterImpl-1a07f62a-f892-4fdb-b012-3e13de524f8f/datanode-0/data/ratis] (custom)
2019-08-20 15:19:40,204 [Thread-330] INFO  server.AuthenticationFilter (AuthenticationFilter.java:constructSecretProvider(240)) - Unable to initialize FileSignerSecretProvider, falling back to use random secrets.
2019-08-20 15:19:40,204 [Thread-330] WARN  http.HttpRequestLog (HttpRequestLog.java:getRequestLog(97)) - Jetty request log can only be enabled using Log4j
2019-08-20 15:19:40,206 [Thread-330] INFO  http.HttpServer2 (HttpServer2.java:addGlobalFilter(975)) - Added global filter 'safety' (class=org.apache.hadoop.http.HttpServer2$QuotingInputFilter)
2019-08-20 15:19:40,207 [Thread-330] INFO  http.HttpServer2 (HttpServer2.java:addFilter(948)) - Added filter static_user_filter (class=org.apache.hadoop.http.lib.StaticUserWebFilter$StaticUserFilter) to context hddsDatanode
2019-08-20 15:19:40,207 [Thread-330] INFO  http.HttpServer2 (HttpServer2.java:addFilter(958)) - Added filter static_user_filter (class=org.apache.hadoop.http.lib.StaticUserWebFilter$StaticUserFilter) to context logs
2019-08-20 15:19:40,207 [Thread-330] INFO  http.HttpServer2 (HttpServer2.java:addFilter(958)) - Added filter static_user_filter (class=org.apache.hadoop.http.lib.StaticUserWebFilter$StaticUserFilter) to context static
2019-08-20 15:19:40,208 [Thread-330] INFO  http.HttpServer2 (HttpServer2.java:bindListener(1191)) - Jetty bound to port 41202
2019-08-20 15:19:40,208 [Thread-330] INFO  server.Server (Server.java:doStart(351)) - jetty-9.3.24.v20180605, build timestamp: 2018-06-05T17:11:56Z, git hash: 84205aa28f11a4f31f2a3b86d1bba2cc8ab69827
2019-08-20 15:19:40,210 [Thread-330] INFO  handler.ContextHandler (ContextHandler.java:doStart(781)) - Started o.e.j.s.ServletContextHandler@70cfffcd{/logs,file:///workdir/hadoop-ozone/integration-test/target/log,AVAILABLE}
2019-08-20 15:19:40,210 [Thread-330] INFO  handler.ContextHandler (ContextHandler.java:doStart(781)) - Started o.e.j.s.ServletContextHandler@7f962c1{/static,jar:file:/home/user/.m2/repository/org/apache/hadoop/hadoop-hdds-container-service/0.5.0-SNAPSHOT/hadoop-hdds-container-service-0.5.0-SNAPSHOT.jar!/webapps/static,AVAILABLE}
2019-08-20 15:19:40,242 [Thread-330] INFO  handler.ContextHandler (ContextHandler.java:doStart(781)) - Started o.e.j.w.WebAppContext@5d60972b{/,file:///tmp/jetty-0.0.0.0-41202-hddsDatanode-_-any-5182004940122608179.dir/webapp/,AVAILABLE}{/hddsDatanode}
2019-08-20 15:19:40,243 [Thread-330] INFO  server.AbstractConnector (AbstractConnector.java:doStart(278)) - Started ServerConnector@9e8506{HTTP/1.1,[http/1.1]}{0.0.0.0:41202}
2019-08-20 15:19:40,244 [Thread-330] INFO  server.Server (Server.java:doStart(419)) - Started @57915ms
2019-08-20 15:19:40,245 [Thread-330] INFO  server.BaseHttpServer (BaseHttpServer.java:updateConnectorAddress(213)) - HTTP server of HDDSDATANODE is listening at http://0.0.0.0:41202
2019-08-20 15:19:40,267 [pool-148-thread-1] INFO  storage.RaftStorageDirectory (RaftStorageDirectory.java:tryLock(328)) - Lock on /workdir/hadoop-ozone/integration-test/target/test-dir/MiniOzoneClusterImpl-1a07f62a-f892-4fdb-b012-3e13de524f8f/datanode-0/data/ratis/819e5780-c689-46ca-88e6-ade561b89288/in_use.lock acquired by nodename 16074@pr-hdds-1981264b6-3336735905
2019-08-20 15:19:40,269 [pool-148-thread-1] INFO  ratis.ContainerStateMachine (ContainerStateMachine.java:loadSnapshot(222)) - group-ADE561B89288: The snapshot info is null. Setting the last applied indexto:(t:0, i:~)
2019-08-20 15:19:40,269 [pool-148-thread-1] INFO  server.RaftServerConfigKeys (ConfUtils.java:logGet(43)) - raft.server.leader.election.timeout = 120s (custom)
2019-08-20 15:19:40,269 [pool-148-thread-1] INFO  server.RaftServerConfigKeys (ConfUtils.java:logGet(43)) - raft.server.log.use.memory = false (default)
2019-08-20 15:19:40,270 [pool-148-thread-1] INFO  server.RaftServerConfigKeys (ConfUtils.java:logGet(43)) - raft.server.log.purge.gap = 1000000 (custom)
2019-08-20 15:19:40,270 [pool-148-thread-1] INFO  server.RaftServerConfigKeys (ConfUtils.java:logGet(43)) - raft.server.log.appender.buffer.byte-limit = 33554432 (custom)
2019-08-20 15:19:40,270 [pool-148-thread-1] INFO  server.RaftServerConfigKeys (ConfUtils.java:logGet(43)) - raft.server.log.segment.size.max = 1048576 (custom)
2019-08-20 15:19:40,270 [pool-148-thread-1] INFO  server.RaftServerConfigKeys (ConfUtils.java:logGet(43)) - raft.server.log.segment.cache.num.max = 2 (custom)
2019-08-20 15:19:40,271 [pool-148-thread-1] INFO  segmented.SegmentedRaftLogWorker (SegmentedRaftLogWorker.java:<init>(172)) - new b133dfae-0d8b-4bac-9f28-d0cb7cdc2bc1-SegmentedRaftLogWorker:Storage Directory /workdir/hadoop-ozone/integration-test/target/test-dir/MiniOzoneClusterImpl-1a07f62a-f892-4fdb-b012-3e13de524f8f/datanode-0/data/ratis/819e5780-c689-46ca-88e6-ade561b89288 for RaftStorage:Storage Directory /workdir/hadoop-ozone/integration-test/target/test-dir/MiniOzoneClusterImpl-1a07f62a-f892-4fdb-b012-3e13de524f8f/datanode-0/data/ratis/819e5780-c689-46ca-88e6-ade561b89288
2019-08-20 15:19:40,271 [pool-148-thread-1] INFO  server.RaftServerConfigKeys (ConfUtils.java:logGet(43)) - raft.server.log.queue.byte-limit = 2147483647 (custom)
2019-08-20 15:19:40,271 [pool-148-thread-1] INFO  server.RaftServerConfigKeys (ConfUtils.java:logGet(43)) - raft.server.log.queue.element-limit = 1024 (custom)
2019-08-20 15:19:40,271 [pool-148-thread-1] INFO  server.RaftServerConfigKeys (ConfUtils.java:logGet(43)) - raft.server.log.segment.size.max = 1048576 (custom)
2019-08-20 15:19:40,271 [pool-148-thread-1] INFO  server.RaftServerConfigKeys (ConfUtils.java:logGet(43)) - raft.server.log.preallocated.size = 16384 (custom)
2019-08-20 15:19:40,271 [pool-148-thread-1] INFO  server.RaftServerConfigKeys (ConfUtils.java:logGet(43)) - raft.server.log.write.buffer.size = 33554432 (custom)
2019-08-20 15:19:40,271 [pool-148-thread-1] INFO  server.RaftServerConfigKeys (ConfUtils.java:logGet(43)) - raft.server.log.force.sync.num = 128 (default)
2019-08-20 15:19:40,272 [pool-148-thread-1] INFO  server.RaftServerConfigKeys (ConfUtils.java:logGet(43)) - raft.server.log.statemachine.data.sync = true (default)
2019-08-20 15:19:40,272 [pool-148-thread-1] INFO  server.RaftServerConfigKeys (ConfUtils.java:logGet(43)) - raft.server.log.statemachine.data.sync.timeout = 10s (default)
2019-08-20 15:19:40,272 [pool-148-thread-1] INFO  server.RaftServerConfigKeys (ConfUtils.java:logGet(43)) - raft.server.log.statemachine.data.sync.timeout.retry = -1 (default)
2019-08-20 15:19:40,272 [pool-148-thread-1] INFO  server.RaftServerConfigKeys (ConfUtils.java:logGet(43)) - raft.server.log.statemachine.data.caching.enabled = true (custom)
2019-08-20 15:19:40,279 [pool-148-thread-1] INFO  impl.RaftServerImpl (ServerState.java:setRaftConf(361)) - b133dfae-0d8b-4bac-9f28-d0cb7cdc2bc1:group-ADE561B89288 set configuration 0: [b133dfae-0d8b-4bac-9f28-d0cb7cdc2bc1:192.168.69.101:37813], old=null at 0
2019-08-20 15:19:40,279 [pool-148-thread-1] INFO  segmented.LogSegment (LogSegment.java:loadSegment(145)) - Successfully read 1 entries from segment file /workdir/hadoop-ozone/integration-test/target/test-dir/MiniOzoneClusterImpl-1a07f62a-f892-4fdb-b012-3e13de524f8f/datanode-0/data/ratis/819e5780-c689-46ca-88e6-ade561b89288/current/log_inprogress_0
2019-08-20 15:19:40,280 [pool-148-thread-1] INFO  segmented.SegmentedRaftLogWorker (SegmentedRaftLogWorker.java:lambda$new$0(132)) - b133dfae-0d8b-4bac-9f28-d0cb7cdc2bc1-SegmentedRaftLogWorker:Storage Directory /workdir/hadoop-ozone/integration-test/target/test-dir/MiniOzoneClusterImpl-1a07f62a-f892-4fdb-b012-3e13de524f8f/datanode-0/data/ratis/819e5780-c689-46ca-88e6-ade561b89288: flushIndex: setUnconditionally 0 -> 0
2019-08-20 15:19:40,306 [pool-148-thread-1] INFO  server.RaftServerConfigKeys (ConfUtils.java:logGet(43)) - raft.server.snapshot.auto.trigger.enabled = true (custom)
2019-08-20 15:19:40,307 [pool-148-thread-1] INFO  server.RaftServerConfigKeys (ConfUtils.java:logGet(43)) - raft.server.snapshot.auto.trigger.threshold = 10000 (custom)
2019-08-20 15:19:40,307 [pool-148-thread-1] INFO  server.RaftServerConfigKeys (ConfUtils.java:logGet(43)) - raft.server.retrycache.expirytime = 600000ms (custom)
2019-08-20 15:19:40,309 [pool-148-thread-1] INFO  impl.RaftServerImpl (RaftServerImpl.java:<init>(93)) - b133dfae-0d8b-4bac-9f28-d0cb7cdc2bc1: new RaftServerImpl for group-42658F517423:[] with ContainerStateMachine:uninitialized
2019-08-20 15:19:40,309 [pool-148-thread-1] INFO  server.RaftServerConfigKeys (ConfUtils.java:logGet(43)) - raft.server.rpc.timeout.min = 5s (custom)
2019-08-20 15:19:40,309 [pool-148-thread-1] INFO  server.RaftServerConfigKeys (ConfUtils.java:logGet(43)) - raft.server.rpc.timeout.max = 5200ms (custom)
2019-08-20 15:19:40,309 [pool-148-thread-1] INFO  server.RaftServerConfigKeys (ConfUtils.java:logGet(43)) - raft.server.rpcslowness.timeout = 120s (custom)
2019-08-20 15:19:40,309 [pool-148-thread-1] INFO  server.RaftServerConfigKeys (ConfUtils.java:logGet(43)) - raft.server.sleep.deviation.threshold = 300 (default)
2019-08-20 15:19:40,309 [pool-148-thread-1] INFO  server.RaftServerConfigKeys (ConfUtils.java:logGet(43)) - raft.server.log.appender.install.snapshot.enabled = false (custom)
2019-08-20 15:19:40,310 [pool-148-thread-1] INFO  impl.RaftServerImpl (ServerState.java:<init>(105)) - b133dfae-0d8b-4bac-9f28-d0cb7cdc2bc1:group-42658F517423 ConfigurationManager, init=-1: [], old=null, confs=<EMPTY_MAP>
2019-08-20 15:19:40,310 [pool-148-thread-1] INFO  server.RaftServerConfigKeys (ConfUtils.java:logGet(43)) - raft.server.storage.dir = [/workdir/hadoop-ozone/integration-test/target/test-dir/MiniOzoneClusterImpl-1a07f62a-f892-4fdb-b012-3e13de524f8f/datanode-0/data/ratis] (custom)
2019-08-20 15:19:40,343 [pool-148-thread-1] INFO  storage.RaftStorageDirectory (RaftStorageDirectory.java:tryLock(328)) - Lock on /workdir/hadoop-ozone/integration-test/target/test-dir/MiniOzoneClusterImpl-1a07f62a-f892-4fdb-b012-3e13de524f8f/datanode-0/data/ratis/306bfe4c-ca5c-49b8-a021-42658f517423/in_use.lock acquired by nodename 16074@pr-hdds-1981264b6-3336735905
2019-08-20 15:19:40,343 [pool-148-thread-1] INFO  ratis.ContainerStateMachine (ContainerStateMachine.java:loadSnapshot(222)) - group-42658F517423: The snapshot info is null. Setting the last applied indexto:(t:0, i:~)
2019-08-20 15:19:40,343 [pool-148-thread-1] INFO  server.RaftServerConfigKeys (ConfUtils.java:logGet(43)) - raft.server.leader.election.timeout = 120s (custom)
2019-08-20 15:19:40,344 [pool-148-thread-1] INFO  server.RaftServerConfigKeys (ConfUtils.java:logGet(43)) - raft.server.log.use.memory = false (default)
2019-08-20 15:19:40,344 [pool-148-thread-1] INFO  server.RaftServerConfigKeys (ConfUtils.java:logGet(43)) - raft.server.log.purge.gap = 1000000 (custom)
2019-08-20 15:19:40,344 [pool-148-thread-1] INFO  server.RaftServerConfigKeys (ConfUtils.java:logGet(43)) - raft.server.log.appender.buffer.byte-limit = 33554432 (custom)
2019-08-20 15:19:40,344 [pool-148-thread-1] INFO  server.RaftServerConfigKeys (ConfUtils.java:logGet(43)) - raft.server.log.segment.size.max = 1048576 (custom)
2019-08-20 15:19:40,344 [pool-148-thread-1] INFO  server.RaftServerConfigKeys (ConfUtils.java:logGet(43)) - raft.server.log.segment.cache.num.max = 2 (custom)
2019-08-20 15:19:40,344 [pool-148-thread-1] INFO  segmented.SegmentedRaftLogWorker (SegmentedRaftLogWorker.java:<init>(172)) - new b133dfae-0d8b-4bac-9f28-d0cb7cdc2bc1-SegmentedRaftLogWorker:Storage Directory /workdir/hadoop-ozone/integration-test/target/test-dir/MiniOzoneClusterImpl-1a07f62a-f892-4fdb-b012-3e13de524f8f/datanode-0/data/ratis/306bfe4c-ca5c-49b8-a021-42658f517423 for RaftStorage:Storage Directory /workdir/hadoop-ozone/integration-test/target/test-dir/MiniOzoneClusterImpl-1a07f62a-f892-4fdb-b012-3e13de524f8f/datanode-0/data/ratis/306bfe4c-ca5c-49b8-a021-42658f517423
2019-08-20 15:19:40,344 [pool-148-thread-1] INFO  server.RaftServerConfigKeys (ConfUtils.java:logGet(43)) - raft.server.log.queue.byte-limit = 2147483647 (custom)
2019-08-20 15:19:40,344 [pool-148-thread-1] INFO  server.RaftServerConfigKeys (ConfUtils.java:logGet(43)) - raft.server.log.queue.element-limit = 1024 (custom)
2019-08-20 15:19:40,345 [pool-148-thread-1] INFO  server.RaftServerConfigKeys (ConfUtils.java:logGet(43)) - raft.server.log.segment.size.max = 1048576 (custom)
2019-08-20 15:19:40,345 [pool-148-thread-1] INFO  server.RaftServerConfigKeys (ConfUtils.java:logGet(43)) - raft.server.log.preallocated.size = 16384 (custom)
2019-08-20 15:19:40,345 [pool-148-thread-1] INFO  server.RaftServerConfigKeys (ConfUtils.java:logGet(43)) - raft.server.log.write.buffer.size = 33554432 (custom)
2019-08-20 15:19:40,345 [pool-148-thread-1] INFO  server.RaftServerConfigKeys (ConfUtils.java:logGet(43)) - raft.server.log.force.sync.num = 128 (default)
2019-08-20 15:19:40,345 [pool-148-thread-1] INFO  server.RaftServerConfigKeys (ConfUtils.java:logGet(43)) - raft.server.log.statemachine.data.sync = true (default)
2019-08-20 15:19:40,345 [pool-148-thread-1] INFO  server.RaftServerConfigKeys (ConfUtils.java:logGet(43)) - raft.server.log.statemachine.data.sync.timeout = 10s (default)
2019-08-20 15:19:40,345 [pool-148-thread-1] INFO  server.RaftServerConfigKeys (ConfUtils.java:logGet(43)) - raft.server.log.statemachine.data.sync.timeout.retry = -1 (default)
2019-08-20 15:19:40,345 [pool-148-thread-1] INFO  server.RaftServerConfigKeys (ConfUtils.java:logGet(43)) - raft.server.log.statemachine.data.caching.enabled = true (custom)
2019-08-20 15:19:40,346 [pool-148-thread-1] INFO  impl.RaftServerImpl (ServerState.java:setRaftConf(361)) - b133dfae-0d8b-4bac-9f28-d0cb7cdc2bc1:group-42658F517423 set configuration 0: [489867c4-c9de-42bb-b37c-5cd48de4ec28:192.168.69.101:32990, 6fd3ed34-8a63-4874-8589-87309973ae65:192.168.69.101:33798, b133dfae-0d8b-4bac-9f28-d0cb7cdc2bc1:192.168.69.101:37813], old=null at 0
2019-08-20 15:19:40,346 [pool-148-thread-1] INFO  segmented.LogSegment (LogSegment.java:loadSegment(145)) - Successfully read 1 entries from segment file /workdir/hadoop-ozone/integration-test/target/test-dir/MiniOzoneClusterImpl-1a07f62a-f892-4fdb-b012-3e13de524f8f/datanode-0/data/ratis/306bfe4c-ca5c-49b8-a021-42658f517423/current/log_inprogress_0
2019-08-20 15:19:40,346 [pool-148-thread-1] INFO  segmented.SegmentedRaftLogWorker (SegmentedRaftLogWorker.java:lambda$new$0(132)) - b133dfae-0d8b-4bac-9f28-d0cb7cdc2bc1-SegmentedRaftLogWorker:Storage Directory /workdir/hadoop-ozone/integration-test/target/test-dir/MiniOzoneClusterImpl-1a07f62a-f892-4fdb-b012-3e13de524f8f/datanode-0/data/ratis/306bfe4c-ca5c-49b8-a021-42658f517423: flushIndex: setUnconditionally 0 -> 0
2019-08-20 15:19:40,373 | INFO  | ObjectStoreRestHttpServer | Listening HDDS REST traffic on /0.0.0.0:43929 |  
2019-08-20 15:19:40,373 [pool-148-thread-1] INFO  server.RaftServerConfigKeys (ConfUtils.java:logGet(43)) - raft.server.snapshot.auto.trigger.enabled = true (custom)
2019-08-20 15:19:40,373 [Thread-330] INFO  ozone.HddsDatanodeService (HddsDatanodeService.java:startPlugins(395)) - Started plug-in org.apache.hadoop.ozone.web.OzoneHddsDatanodeService@5f0a201f
2019-08-20 15:19:40,373 [pool-148-thread-1] INFO  server.RaftServerConfigKeys (ConfUtils.java:logGet(43)) - raft.server.snapshot.auto.trigger.threshold = 10000 (custom)
2019-08-20 15:19:40,373 [pool-148-thread-1] INFO  server.RaftServerConfigKeys (ConfUtils.java:logGet(43)) - raft.server.retrycache.expirytime = 600000ms (custom)
2019-08-20 15:19:40,374 [org.apache.hadoop.util.JvmPauseMonitor$Monitor@7a6c91b7] INFO  util.JvmPauseMonitor (JvmPauseMonitor.java:run(188)) - Starting JVM pause monitor
2019-08-20 15:19:40,375 [Thread-330] INFO  impl.MetricsSystemImpl (MetricsSystemImpl.java:init(158)) - HddsDatanode metrics system started (again)
2019-08-20 15:19:40,378 [Thread-330] INFO  ozone.HddsDatanodeService (HddsDatanodeService.java:start(184)) - HddsDatanodeService host:pr-hdds-1981264b6-3336735905 ip:192.168.69.101
2019-08-20 15:19:40,380 [Thread-330] INFO  volume.VolumeUsage (VolumeUsage.java:loadScmUsed(144)) - Cached ScmUsed found for /workdir/hadoop-ozone/integration-test/target/test-dir/MiniOzoneClusterImpl-1a07f62a-f892-4fdb-b012-3e13de524f8f/datanode-1/data/containers : 4096 
2019-08-20 15:19:40,380 [Thread-330] INFO  volume.HddsVolume (HddsVolume.java:<init>(176)) - Creating Volume: /workdir/hadoop-ozone/integration-test/target/test-dir/MiniOzoneClusterImpl-1a07f62a-f892-4fdb-b012-3e13de524f8f/datanode-1/data/containers/hdds of  storage type : DISK and capacity : 1482555576320
2019-08-20 15:19:40,386 [Thread-330] INFO  volume.VolumeSet (VolumeSet.java:initializeVolumeSet(170)) - Added Volume : /workdir/hadoop-ozone/integration-test/target/test-dir/MiniOzoneClusterImpl-1a07f62a-f892-4fdb-b012-3e13de524f8f/datanode-1/data/containers/hdds to VolumeSet
2019-08-20 15:19:40,387 [Thread-330] INFO  volume.ThrottledAsyncChecker (ThrottledAsyncChecker.java:schedule(140)) - Scheduling a check for org.apache.hadoop.ozone.container.common.volume.HddsVolume@f40af85
2019-08-20 15:19:40,387 [Thread-330] INFO  volume.HddsVolumeChecker (HddsVolumeChecker.java:checkAllVolumes(203)) - Scheduled health check for volume org.apache.hadoop.ozone.container.common.volume.HddsVolume@f40af85
2019-08-20 15:19:40,410 [Thread-330] INFO  impl.RaftServerProxy (ConfUtils.java:logGet(43)) - raft.rpc.type = GRPC (default)
2019-08-20 15:19:40,410 [Thread-330] INFO  grpc.GrpcFactory (GrpcFactory.java:checkPooledByteBufAllocatorUseCacheForAllThreads(45)) - PERFORMANCE WARNING: useCacheForAllThreads is true that may cause Netty to create a lot garbage objects and, as a result, trigger GC.
	It is recommended to disable useCacheForAllThreads by setting -Dorg.apache.ratis.thirdparty.io.netty.allocator.useCacheForAllThreads=false in command line.
2019-08-20 15:19:40,411 [Thread-330] INFO  grpc.GrpcConfigKeys$Server (ConfUtils.java:logGet(43)) - raft.grpc.server.port = 33798 (custom)
2019-08-20 15:19:40,411 [Thread-330] INFO  server.GrpcService (ConfUtils.java:logGet(43)) - raft.grpc.message.size.max = 33570816 (custom)
2019-08-20 15:19:40,411 [Thread-330] INFO  server.RaftServerConfigKeys (ConfUtils.java:logGet(43)) - raft.server.log.appender.buffer.byte-limit = 33554432 (custom)
2019-08-20 15:19:40,411 [Thread-330] INFO  server.GrpcService (ConfUtils.java:logGet(43)) - raft.grpc.flow.control.window = 1MB (=1048576) (default)
2019-08-20 15:19:40,412 [Thread-330] INFO  server.RaftServerConfigKeys (ConfUtils.java:logGet(43)) - raft.server.rpc.request.timeout = 3000ms (default)
2019-08-20 15:19:40,412 [Thread-330] INFO  server.RaftServerConfigKeys (ConfUtils.java:logGet(43)) - raft.server.storage.dir = [/workdir/hadoop-ozone/integration-test/target/test-dir/MiniOzoneClusterImpl-1a07f62a-f892-4fdb-b012-3e13de524f8f/datanode-1/data/ratis] (custom)
2019-08-20 15:19:40,413 [Thread-330] INFO  impl.RaftServerProxy (RaftServerProxy.java:lambda$null$0(191)) - 6fd3ed34-8a63-4874-8589-87309973ae65: found a subdirectory /workdir/hadoop-ozone/integration-test/target/test-dir/MiniOzoneClusterImpl-1a07f62a-f892-4fdb-b012-3e13de524f8f/datanode-1/data/ratis/306bfe4c-ca5c-49b8-a021-42658f517423
2019-08-20 15:19:40,413 [Thread-330] INFO  impl.RaftServerProxy (RaftServerProxy.java:addNew(89)) - 6fd3ed34-8a63-4874-8589-87309973ae65: addNew group-42658F517423:[] returns group-42658F517423:java.util.concurrent.CompletableFuture@3634b362[Not completed]
2019-08-20 15:19:40,414 [Thread-330] INFO  impl.RaftServerProxy (RaftServerProxy.java:lambda$null$0(191)) - 6fd3ed34-8a63-4874-8589-87309973ae65: found a subdirectory /workdir/hadoop-ozone/integration-test/target/test-dir/MiniOzoneClusterImpl-1a07f62a-f892-4fdb-b012-3e13de524f8f/datanode-1/data/ratis/2939f51d-50e7-4909-a0d6-521b00374a20
2019-08-20 15:19:40,414 [Thread-330] INFO  impl.RaftServerProxy (RaftServerProxy.java:addNew(89)) - 6fd3ed34-8a63-4874-8589-87309973ae65: addNew group-521B00374A20:[] returns group-521B00374A20:java.util.concurrent.CompletableFuture@26624aae[Not completed]
2019-08-20 15:19:40,415 [Thread-330] INFO  replication.SimpleContainerDownloader (SimpleContainerDownloader.java:<init>(72)) - Starting container downloader service to copy containers to replicate.
2019-08-20 15:19:40,415 [pool-159-thread-1] INFO  impl.RaftServerImpl (RaftServerImpl.java:<init>(93)) - 6fd3ed34-8a63-4874-8589-87309973ae65: new RaftServerImpl for group-42658F517423:[] with ContainerStateMachine:uninitialized
2019-08-20 15:19:40,415 [pool-159-thread-1] INFO  server.RaftServerConfigKeys (ConfUtils.java:logGet(43)) - raft.server.rpc.timeout.min = 5s (custom)
2019-08-20 15:19:40,415 [pool-159-thread-1] INFO  server.RaftServerConfigKeys (ConfUtils.java:logGet(43)) - raft.server.rpc.timeout.max = 5200ms (custom)
2019-08-20 15:19:40,416 [pool-159-thread-1] INFO  server.RaftServerConfigKeys (ConfUtils.java:logGet(43)) - raft.server.rpcslowness.timeout = 120s (custom)
2019-08-20 15:19:40,416 [pool-159-thread-1] INFO  server.RaftServerConfigKeys (ConfUtils.java:logGet(43)) - raft.server.sleep.deviation.threshold = 300 (default)
2019-08-20 15:19:40,416 [pool-159-thread-1] INFO  server.RaftServerConfigKeys (ConfUtils.java:logGet(43)) - raft.server.log.appender.install.snapshot.enabled = false (custom)
2019-08-20 15:19:40,416 [pool-159-thread-1] INFO  impl.RaftServerImpl (ServerState.java:<init>(105)) - 6fd3ed34-8a63-4874-8589-87309973ae65:group-42658F517423 ConfigurationManager, init=-1: [], old=null, confs=<EMPTY_MAP>
2019-08-20 15:19:40,416 [pool-159-thread-1] INFO  server.RaftServerConfigKeys (ConfUtils.java:logGet(43)) - raft.server.storage.dir = [/workdir/hadoop-ozone/integration-test/target/test-dir/MiniOzoneClusterImpl-1a07f62a-f892-4fdb-b012-3e13de524f8f/datanode-1/data/ratis] (custom)
2019-08-20 15:19:40,416 [Thread-330] INFO  hdfs.DFSUtil (DFSUtil.java:httpServerTemplateForNNAndJN(1641)) - Starting Web-server for hddsDatanode at: http://0.0.0.0:35860
2019-08-20 15:19:40,418 [Thread-330] INFO  server.AuthenticationFilter (AuthenticationFilter.java:constructSecretProvider(240)) - Unable to initialize FileSignerSecretProvider, falling back to use random secrets.
2019-08-20 15:19:40,418 [Thread-330] WARN  http.HttpRequestLog (HttpRequestLog.java:getRequestLog(97)) - Jetty request log can only be enabled using Log4j
2019-08-20 15:19:40,420 [Thread-330] INFO  http.HttpServer2 (HttpServer2.java:addGlobalFilter(975)) - Added global filter 'safety' (class=org.apache.hadoop.http.HttpServer2$QuotingInputFilter)
2019-08-20 15:19:40,421 [Thread-330] INFO  http.HttpServer2 (HttpServer2.java:addFilter(948)) - Added filter static_user_filter (class=org.apache.hadoop.http.lib.StaticUserWebFilter$StaticUserFilter) to context hddsDatanode
2019-08-20 15:19:40,421 [Thread-330] INFO  http.HttpServer2 (HttpServer2.java:addFilter(958)) - Added filter static_user_filter (class=org.apache.hadoop.http.lib.StaticUserWebFilter$StaticUserFilter) to context logs
2019-08-20 15:19:40,421 [Thread-330] INFO  http.HttpServer2 (HttpServer2.java:addFilter(958)) - Added filter static_user_filter (class=org.apache.hadoop.http.lib.StaticUserWebFilter$StaticUserFilter) to context static
2019-08-20 15:19:40,422 [Thread-330] INFO  http.HttpServer2 (HttpServer2.java:bindListener(1191)) - Jetty bound to port 35860
2019-08-20 15:19:40,422 [Thread-330] INFO  server.Server (Server.java:doStart(351)) - jetty-9.3.24.v20180605, build timestamp: 2018-06-05T17:11:56Z, git hash: 84205aa28f11a4f31f2a3b86d1bba2cc8ab69827
2019-08-20 15:19:40,423 [Thread-330] INFO  handler.ContextHandler (ContextHandler.java:doStart(781)) - Started o.e.j.s.ServletContextHandler@281464b{/logs,file:///workdir/hadoop-ozone/integration-test/target/log,AVAILABLE}
2019-08-20 15:19:40,424 [Thread-330] INFO  handler.ContextHandler (ContextHandler.java:doStart(781)) - Started o.e.j.s.ServletContextHandler@2e2125bf{/static,jar:file:/home/user/.m2/repository/org/apache/hadoop/hadoop-hdds-container-service/0.5.0-SNAPSHOT/hadoop-hdds-container-service-0.5.0-SNAPSHOT.jar!/webapps/static,AVAILABLE}
2019-08-20 15:19:40,446 [pool-159-thread-1] INFO  storage.RaftStorageDirectory (RaftStorageDirectory.java:tryLock(328)) - Lock on /workdir/hadoop-ozone/integration-test/target/test-dir/MiniOzoneClusterImpl-1a07f62a-f892-4fdb-b012-3e13de524f8f/datanode-1/data/ratis/306bfe4c-ca5c-49b8-a021-42658f517423/in_use.lock acquired by nodename 16074@pr-hdds-1981264b6-3336735905
2019-08-20 15:19:40,446 [pool-159-thread-1] INFO  ratis.ContainerStateMachine (ContainerStateMachine.java:loadSnapshot(222)) - group-42658F517423: The snapshot info is null. Setting the last applied indexto:(t:0, i:~)
2019-08-20 15:19:40,447 [pool-159-thread-1] INFO  server.RaftServerConfigKeys (ConfUtils.java:logGet(43)) - raft.server.leader.election.timeout = 120s (custom)
2019-08-20 15:19:40,447 [pool-159-thread-1] INFO  server.RaftServerConfigKeys (ConfUtils.java:logGet(43)) - raft.server.log.use.memory = false (default)
2019-08-20 15:19:40,447 [pool-159-thread-1] INFO  server.RaftServerConfigKeys (ConfUtils.java:logGet(43)) - raft.server.log.purge.gap = 1000000 (custom)
2019-08-20 15:19:40,447 [pool-159-thread-1] INFO  server.RaftServerConfigKeys (ConfUtils.java:logGet(43)) - raft.server.log.appender.buffer.byte-limit = 33554432 (custom)
2019-08-20 15:19:40,447 [pool-159-thread-1] INFO  server.RaftServerConfigKeys (ConfUtils.java:logGet(43)) - raft.server.log.segment.size.max = 1048576 (custom)
2019-08-20 15:19:40,447 [pool-159-thread-1] INFO  server.RaftServerConfigKeys (ConfUtils.java:logGet(43)) - raft.server.log.segment.cache.num.max = 2 (custom)
2019-08-20 15:19:40,447 [pool-159-thread-1] INFO  segmented.SegmentedRaftLogWorker (SegmentedRaftLogWorker.java:<init>(172)) - new 6fd3ed34-8a63-4874-8589-87309973ae65-SegmentedRaftLogWorker:Storage Directory /workdir/hadoop-ozone/integration-test/target/test-dir/MiniOzoneClusterImpl-1a07f62a-f892-4fdb-b012-3e13de524f8f/datanode-1/data/ratis/306bfe4c-ca5c-49b8-a021-42658f517423 for RaftStorage:Storage Directory /workdir/hadoop-ozone/integration-test/target/test-dir/MiniOzoneClusterImpl-1a07f62a-f892-4fdb-b012-3e13de524f8f/datanode-1/data/ratis/306bfe4c-ca5c-49b8-a021-42658f517423
2019-08-20 15:19:40,447 [pool-159-thread-1] INFO  server.RaftServerConfigKeys (ConfUtils.java:logGet(43)) - raft.server.log.queue.byte-limit = 2147483647 (custom)
2019-08-20 15:19:40,448 [pool-159-thread-1] INFO  server.RaftServerConfigKeys (ConfUtils.java:logGet(43)) - raft.server.log.queue.element-limit = 1024 (custom)
2019-08-20 15:19:40,448 [pool-159-thread-1] INFO  server.RaftServerConfigKeys (ConfUtils.java:logGet(43)) - raft.server.log.segment.size.max = 1048576 (custom)
2019-08-20 15:19:40,448 [pool-159-thread-1] INFO  server.RaftServerConfigKeys (ConfUtils.java:logGet(43)) - raft.server.log.preallocated.size = 16384 (custom)
2019-08-20 15:19:40,448 [pool-159-thread-1] INFO  server.RaftServerConfigKeys (ConfUtils.java:logGet(43)) - raft.server.log.write.buffer.size = 33554432 (custom)
2019-08-20 15:19:40,448 [pool-159-thread-1] INFO  server.RaftServerConfigKeys (ConfUtils.java:logGet(43)) - raft.server.log.force.sync.num = 128 (default)
2019-08-20 15:19:40,448 [pool-159-thread-1] INFO  server.RaftServerConfigKeys (ConfUtils.java:logGet(43)) - raft.server.log.statemachine.data.sync = true (default)
2019-08-20 15:19:40,448 [pool-159-thread-1] INFO  server.RaftServerConfigKeys (ConfUtils.java:logGet(43)) - raft.server.log.statemachine.data.sync.timeout = 10s (default)
2019-08-20 15:19:40,448 [pool-159-thread-1] INFO  server.RaftServerConfigKeys (ConfUtils.java:logGet(43)) - raft.server.log.statemachine.data.sync.timeout.retry = -1 (default)
2019-08-20 15:19:40,448 [pool-159-thread-1] INFO  server.RaftServerConfigKeys (ConfUtils.java:logGet(43)) - raft.server.log.statemachine.data.caching.enabled = true (custom)
2019-08-20 15:19:40,449 [pool-159-thread-1] INFO  impl.RaftServerImpl (ServerState.java:setRaftConf(361)) - 6fd3ed34-8a63-4874-8589-87309973ae65:group-42658F517423 set configuration 0: [489867c4-c9de-42bb-b37c-5cd48de4ec28:192.168.69.101:32990, 6fd3ed34-8a63-4874-8589-87309973ae65:192.168.69.101:33798, b133dfae-0d8b-4bac-9f28-d0cb7cdc2bc1:192.168.69.101:37813], old=null at 0
2019-08-20 15:19:40,449 [pool-159-thread-1] INFO  segmented.LogSegment (LogSegment.java:loadSegment(145)) - Successfully read 1 entries from segment file /workdir/hadoop-ozone/integration-test/target/test-dir/MiniOzoneClusterImpl-1a07f62a-f892-4fdb-b012-3e13de524f8f/datanode-1/data/ratis/306bfe4c-ca5c-49b8-a021-42658f517423/current/log_inprogress_0
2019-08-20 15:19:40,449 [pool-159-thread-1] INFO  segmented.SegmentedRaftLogWorker (SegmentedRaftLogWorker.java:lambda$new$0(132)) - 6fd3ed34-8a63-4874-8589-87309973ae65-SegmentedRaftLogWorker:Storage Directory /workdir/hadoop-ozone/integration-test/target/test-dir/MiniOzoneClusterImpl-1a07f62a-f892-4fdb-b012-3e13de524f8f/datanode-1/data/ratis/306bfe4c-ca5c-49b8-a021-42658f517423: flushIndex: setUnconditionally 0 -> 0
2019-08-20 15:19:40,451 [Thread-330] INFO  handler.ContextHandler (ContextHandler.java:doStart(781)) - Started o.e.j.w.WebAppContext@71cc98a2{/,file:///tmp/jetty-0.0.0.0-35860-hddsDatanode-_-any-8597115332147071175.dir/webapp/,AVAILABLE}{/hddsDatanode}
2019-08-20 15:19:40,452 [Thread-330] INFO  server.AbstractConnector (AbstractConnector.java:doStart(278)) - Started ServerConnector@7d3fc4ab{HTTP/1.1,[http/1.1]}{0.0.0.0:35860}
2019-08-20 15:19:40,478 [pool-159-thread-1] INFO  server.RaftServerConfigKeys (ConfUtils.java:logGet(43)) - raft.server.snapshot.auto.trigger.enabled = true (custom)
2019-08-20 15:19:40,478 [pool-159-thread-1] INFO  server.RaftServerConfigKeys (ConfUtils.java:logGet(43)) - raft.server.snapshot.auto.trigger.threshold = 10000 (custom)
2019-08-20 15:19:40,479 [pool-159-thread-1] INFO  server.RaftServerConfigKeys (ConfUtils.java:logGet(43)) - raft.server.retrycache.expirytime = 600000ms (custom)
2019-08-20 15:19:40,479 [Thread-330] INFO  server.Server (Server.java:doStart(419)) - Started @58150ms
2019-08-20 15:19:40,479 [Thread-330] INFO  server.BaseHttpServer (BaseHttpServer.java:updateConnectorAddress(213)) - HTTP server of HDDSDATANODE is listening at http://0.0.0.0:35860
2019-08-20 15:19:40,480 [pool-159-thread-1] INFO  impl.RaftServerImpl (RaftServerImpl.java:<init>(93)) - 6fd3ed34-8a63-4874-8589-87309973ae65: new RaftServerImpl for group-521B00374A20:[] with ContainerStateMachine:uninitialized
2019-08-20 15:19:40,480 [pool-159-thread-1] INFO  server.RaftServerConfigKeys (ConfUtils.java:logGet(43)) - raft.server.rpc.timeout.min = 5s (custom)
2019-08-20 15:19:40,480 [pool-159-thread-1] INFO  server.RaftServerConfigKeys (ConfUtils.java:logGet(43)) - raft.server.rpc.timeout.max = 5200ms (custom)
2019-08-20 15:19:40,481 [pool-159-thread-1] INFO  server.RaftServerConfigKeys (ConfUtils.java:logGet(43)) - raft.server.rpcslowness.timeout = 120s (custom)
2019-08-20 15:19:40,481 [pool-159-thread-1] INFO  server.RaftServerConfigKeys (ConfUtils.java:logGet(43)) - raft.server.sleep.deviation.threshold = 300 (default)
2019-08-20 15:19:40,481 [pool-159-thread-1] INFO  server.RaftServerConfigKeys (ConfUtils.java:logGet(43)) - raft.server.log.appender.install.snapshot.enabled = false (custom)
2019-08-20 15:19:40,481 [pool-159-thread-1] INFO  impl.RaftServerImpl (ServerState.java:<init>(105)) - 6fd3ed34-8a63-4874-8589-87309973ae65:group-521B00374A20 ConfigurationManager, init=-1: [], old=null, confs=<EMPTY_MAP>
2019-08-20 15:19:40,481 [pool-159-thread-1] INFO  server.RaftServerConfigKeys (ConfUtils.java:logGet(43)) - raft.server.storage.dir = [/workdir/hadoop-ozone/integration-test/target/test-dir/MiniOzoneClusterImpl-1a07f62a-f892-4fdb-b012-3e13de524f8f/datanode-1/data/ratis] (custom)
2019-08-20 15:19:40,513 [pool-159-thread-1] INFO  storage.RaftStorageDirectory (RaftStorageDirectory.java:tryLock(328)) - Lock on /workdir/hadoop-ozone/integration-test/target/test-dir/MiniOzoneClusterImpl-1a07f62a-f892-4fdb-b012-3e13de524f8f/datanode-1/data/ratis/2939f51d-50e7-4909-a0d6-521b00374a20/in_use.lock acquired by nodename 16074@pr-hdds-1981264b6-3336735905
2019-08-20 15:19:40,514 [pool-159-thread-1] INFO  ratis.ContainerStateMachine (ContainerStateMachine.java:loadSnapshot(222)) - group-521B00374A20: The snapshot info is null. Setting the last applied indexto:(t:0, i:~)
2019-08-20 15:19:40,514 [pool-159-thread-1] INFO  server.RaftServerConfigKeys (ConfUtils.java:logGet(43)) - raft.server.leader.election.timeout = 120s (custom)
2019-08-20 15:19:40,514 [pool-159-thread-1] INFO  server.RaftServerConfigKeys (ConfUtils.java:logGet(43)) - raft.server.log.use.memory = false (default)
2019-08-20 15:19:40,514 [pool-159-thread-1] INFO  server.RaftServerConfigKeys (ConfUtils.java:logGet(43)) - raft.server.log.purge.gap = 1000000 (custom)
2019-08-20 15:19:40,515 [pool-159-thread-1] INFO  server.RaftServerConfigKeys (ConfUtils.java:logGet(43)) - raft.server.log.appender.buffer.byte-limit = 33554432 (custom)
2019-08-20 15:19:40,515 [pool-159-thread-1] INFO  server.RaftServerConfigKeys (ConfUtils.java:logGet(43)) - raft.server.log.segment.size.max = 1048576 (custom)
2019-08-20 15:19:40,515 [pool-159-thread-1] INFO  server.RaftServerConfigKeys (ConfUtils.java:logGet(43)) - raft.server.log.segment.cache.num.max = 2 (custom)
2019-08-20 15:19:40,515 [pool-159-thread-1] INFO  segmented.SegmentedRaftLogWorker (SegmentedRaftLogWorker.java:<init>(172)) - new 6fd3ed34-8a63-4874-8589-87309973ae65-SegmentedRaftLogWorker:Storage Directory /workdir/hadoop-ozone/integration-test/target/test-dir/MiniOzoneClusterImpl-1a07f62a-f892-4fdb-b012-3e13de524f8f/datanode-1/data/ratis/2939f51d-50e7-4909-a0d6-521b00374a20 for RaftStorage:Storage Directory /workdir/hadoop-ozone/integration-test/target/test-dir/MiniOzoneClusterImpl-1a07f62a-f892-4fdb-b012-3e13de524f8f/datanode-1/data/ratis/2939f51d-50e7-4909-a0d6-521b00374a20
2019-08-20 15:19:40,515 [pool-159-thread-1] INFO  server.RaftServerConfigKeys (ConfUtils.java:logGet(43)) - raft.server.log.queue.byte-limit = 2147483647 (custom)
2019-08-20 15:19:40,515 [pool-159-thread-1] INFO  server.RaftServerConfigKeys (ConfUtils.java:logGet(43)) - raft.server.log.queue.element-limit = 1024 (custom)
2019-08-20 15:19:40,515 [pool-159-thread-1] INFO  server.RaftServerConfigKeys (ConfUtils.java:logGet(43)) - raft.server.log.segment.size.max = 1048576 (custom)
2019-08-20 15:19:40,515 [pool-159-thread-1] INFO  server.RaftServerConfigKeys (ConfUtils.java:logGet(43)) - raft.server.log.preallocated.size = 16384 (custom)
2019-08-20 15:19:40,516 [pool-159-thread-1] INFO  server.RaftServerConfigKeys (ConfUtils.java:logGet(43)) - raft.server.log.write.buffer.size = 33554432 (custom)
2019-08-20 15:19:40,516 [pool-159-thread-1] INFO  server.RaftServerConfigKeys (ConfUtils.java:logGet(43)) - raft.server.log.force.sync.num = 128 (default)
2019-08-20 15:19:40,516 [pool-159-thread-1] INFO  server.RaftServerConfigKeys (ConfUtils.java:logGet(43)) - raft.server.log.statemachine.data.sync = true (default)
2019-08-20 15:19:40,516 [pool-159-thread-1] INFO  server.RaftServerConfigKeys (ConfUtils.java:logGet(43)) - raft.server.log.statemachine.data.sync.timeout = 10s (default)
2019-08-20 15:19:40,516 [pool-159-thread-1] INFO  server.RaftServerConfigKeys (ConfUtils.java:logGet(43)) - raft.server.log.statemachine.data.sync.timeout.retry = -1 (default)
2019-08-20 15:19:40,516 [pool-159-thread-1] INFO  server.RaftServerConfigKeys (ConfUtils.java:logGet(43)) - raft.server.log.statemachine.data.caching.enabled = true (custom)
2019-08-20 15:19:40,517 [pool-159-thread-1] INFO  impl.RaftServerImpl (ServerState.java:setRaftConf(361)) - 6fd3ed34-8a63-4874-8589-87309973ae65:group-521B00374A20 set configuration 0: [6fd3ed34-8a63-4874-8589-87309973ae65:192.168.69.101:33798], old=null at 0
2019-08-20 15:19:40,517 [pool-159-thread-1] INFO  segmented.LogSegment (LogSegment.java:loadSegment(145)) - Successfully read 1 entries from segment file /workdir/hadoop-ozone/integration-test/target/test-dir/MiniOzoneClusterImpl-1a07f62a-f892-4fdb-b012-3e13de524f8f/datanode-1/data/ratis/2939f51d-50e7-4909-a0d6-521b00374a20/current/log_inprogress_0
2019-08-20 15:19:40,517 [pool-159-thread-1] INFO  segmented.SegmentedRaftLogWorker (SegmentedRaftLogWorker.java:lambda$new$0(132)) - 6fd3ed34-8a63-4874-8589-87309973ae65-SegmentedRaftLogWorker:Storage Directory /workdir/hadoop-ozone/integration-test/target/test-dir/MiniOzoneClusterImpl-1a07f62a-f892-4fdb-b012-3e13de524f8f/datanode-1/data/ratis/2939f51d-50e7-4909-a0d6-521b00374a20: flushIndex: setUnconditionally 0 -> 0
2019-08-20 15:19:40,545 [pool-159-thread-1] INFO  server.RaftServerConfigKeys (ConfUtils.java:logGet(43)) - raft.server.snapshot.auto.trigger.enabled = true (custom)
2019-08-20 15:19:40,545 [pool-159-thread-1] INFO  server.RaftServerConfigKeys (ConfUtils.java:logGet(43)) - raft.server.snapshot.auto.trigger.threshold = 10000 (custom)
2019-08-20 15:19:40,546 [pool-159-thread-1] INFO  server.RaftServerConfigKeys (ConfUtils.java:logGet(43)) - raft.server.retrycache.expirytime = 600000ms (custom)
2019-08-20 15:19:40,616 | INFO  | ObjectStoreRestHttpServer | Listening HDDS REST traffic on /0.0.0.0:45918 |  
2019-08-20 15:19:40,617 [Thread-330] INFO  ozone.HddsDatanodeService (HddsDatanodeService.java:startPlugins(395)) - Started plug-in org.apache.hadoop.ozone.web.OzoneHddsDatanodeService@22ff7054
2019-08-20 15:19:40,618 [org.apache.hadoop.util.JvmPauseMonitor$Monitor@65ccacb6] INFO  util.JvmPauseMonitor (JvmPauseMonitor.java:run(188)) - Starting JVM pause monitor
2019-08-20 15:19:40,618 [Thread-330] INFO  impl.MetricsSystemImpl (MetricsSystemImpl.java:init(158)) - HddsDatanode metrics system started (again)
2019-08-20 15:19:40,623 [Thread-330] INFO  ozone.HddsDatanodeService (HddsDatanodeService.java:start(184)) - HddsDatanodeService host:pr-hdds-1981264b6-3336735905 ip:192.168.69.101
2019-08-20 15:19:40,625 [Thread-330] INFO  volume.VolumeUsage (VolumeUsage.java:loadScmUsed(144)) - Cached ScmUsed found for /workdir/hadoop-ozone/integration-test/target/test-dir/MiniOzoneClusterImpl-1a07f62a-f892-4fdb-b012-3e13de524f8f/datanode-2/data/containers : 4096 
2019-08-20 15:19:40,625 [Thread-330] INFO  volume.HddsVolume (HddsVolume.java:<init>(176)) - Creating Volume: /workdir/hadoop-ozone/integration-test/target/test-dir/MiniOzoneClusterImpl-1a07f62a-f892-4fdb-b012-3e13de524f8f/datanode-2/data/containers/hdds of  storage type : DISK and capacity : 1482555576320
2019-08-20 15:19:40,633 [Thread-330] INFO  volume.VolumeSet (VolumeSet.java:initializeVolumeSet(170)) - Added Volume : /workdir/hadoop-ozone/integration-test/target/test-dir/MiniOzoneClusterImpl-1a07f62a-f892-4fdb-b012-3e13de524f8f/datanode-2/data/containers/hdds to VolumeSet
2019-08-20 15:19:40,634 [Thread-330] INFO  volume.ThrottledAsyncChecker (ThrottledAsyncChecker.java:schedule(140)) - Scheduling a check for org.apache.hadoop.ozone.container.common.volume.HddsVolume@4d8ce059
2019-08-20 15:19:40,634 [Thread-330] INFO  volume.HddsVolumeChecker (HddsVolumeChecker.java:checkAllVolumes(203)) - Scheduled health check for volume org.apache.hadoop.ozone.container.common.volume.HddsVolume@4d8ce059
2019-08-20 15:19:40,651 [Thread-330] INFO  impl.RaftServerProxy (ConfUtils.java:logGet(43)) - raft.rpc.type = GRPC (default)
2019-08-20 15:19:40,652 [Thread-330] INFO  grpc.GrpcFactory (GrpcFactory.java:checkPooledByteBufAllocatorUseCacheForAllThreads(45)) - PERFORMANCE WARNING: useCacheForAllThreads is true that may cause Netty to create a lot garbage objects and, as a result, trigger GC.
	It is recommended to disable useCacheForAllThreads by setting -Dorg.apache.ratis.thirdparty.io.netty.allocator.useCacheForAllThreads=false in command line.
2019-08-20 15:19:40,652 [Thread-330] INFO  grpc.GrpcConfigKeys$Server (ConfUtils.java:logGet(43)) - raft.grpc.server.port = 32990 (custom)
2019-08-20 15:19:40,652 [Thread-330] INFO  server.GrpcService (ConfUtils.java:logGet(43)) - raft.grpc.message.size.max = 33570816 (custom)
2019-08-20 15:19:40,652 [Thread-330] INFO  server.RaftServerConfigKeys (ConfUtils.java:logGet(43)) - raft.server.log.appender.buffer.byte-limit = 33554432 (custom)
2019-08-20 15:19:40,653 [Thread-330] INFO  server.GrpcService (ConfUtils.java:logGet(43)) - raft.grpc.flow.control.window = 1MB (=1048576) (default)
2019-08-20 15:19:40,653 [Thread-330] INFO  server.RaftServerConfigKeys (ConfUtils.java:logGet(43)) - raft.server.rpc.request.timeout = 3000ms (default)
2019-08-20 15:19:40,653 [Thread-330] INFO  server.RaftServerConfigKeys (ConfUtils.java:logGet(43)) - raft.server.storage.dir = [/workdir/hadoop-ozone/integration-test/target/test-dir/MiniOzoneClusterImpl-1a07f62a-f892-4fdb-b012-3e13de524f8f/datanode-2/data/ratis] (custom)
2019-08-20 15:19:40,654 [Thread-330] INFO  impl.RaftServerProxy (RaftServerProxy.java:lambda$null$0(191)) - 489867c4-c9de-42bb-b37c-5cd48de4ec28: found a subdirectory /workdir/hadoop-ozone/integration-test/target/test-dir/MiniOzoneClusterImpl-1a07f62a-f892-4fdb-b012-3e13de524f8f/datanode-2/data/ratis/8802222d-ba79-4937-8c21-027daf63a911
2019-08-20 15:19:40,654 [Thread-330] INFO  impl.RaftServerProxy (RaftServerProxy.java:addNew(89)) - 489867c4-c9de-42bb-b37c-5cd48de4ec28: addNew group-027DAF63A911:[] returns group-027DAF63A911:java.util.concurrent.CompletableFuture@1eea237f[Not completed]
2019-08-20 15:19:40,654 [Thread-330] INFO  impl.RaftServerProxy (RaftServerProxy.java:lambda$null$0(191)) - 489867c4-c9de-42bb-b37c-5cd48de4ec28: found a subdirectory /workdir/hadoop-ozone/integration-test/target/test-dir/MiniOzoneClusterImpl-1a07f62a-f892-4fdb-b012-3e13de524f8f/datanode-2/data/ratis/306bfe4c-ca5c-49b8-a021-42658f517423
2019-08-20 15:19:40,655 [Thread-330] INFO  impl.RaftServerProxy (RaftServerProxy.java:addNew(89)) - 489867c4-c9de-42bb-b37c-5cd48de4ec28: addNew group-42658F517423:[] returns group-42658F517423:java.util.concurrent.CompletableFuture@48d30db3[Not completed]
2019-08-20 15:19:40,655 [Thread-330] INFO  replication.SimpleContainerDownloader (SimpleContainerDownloader.java:<init>(72)) - Starting container downloader service to copy containers to replicate.
2019-08-20 15:19:40,655 [pool-170-thread-1] INFO  impl.RaftServerImpl (RaftServerImpl.java:<init>(93)) - 489867c4-c9de-42bb-b37c-5cd48de4ec28: new RaftServerImpl for group-027DAF63A911:[] with ContainerStateMachine:uninitialized
2019-08-20 15:19:40,656 [pool-170-thread-1] INFO  server.RaftServerConfigKeys (ConfUtils.java:logGet(43)) - raft.server.rpc.timeout.min = 5s (custom)
2019-08-20 15:19:40,656 [pool-170-thread-1] INFO  server.RaftServerConfigKeys (ConfUtils.java:logGet(43)) - raft.server.rpc.timeout.max = 5200ms (custom)
2019-08-20 15:19:40,656 [pool-170-thread-1] INFO  server.RaftServerConfigKeys (ConfUtils.java:logGet(43)) - raft.server.rpcslowness.timeout = 120s (custom)
2019-08-20 15:19:40,656 [pool-170-thread-1] INFO  server.RaftServerConfigKeys (ConfUtils.java:logGet(43)) - raft.server.sleep.deviation.threshold = 300 (default)
2019-08-20 15:19:40,656 [pool-170-thread-1] INFO  server.RaftServerConfigKeys (ConfUtils.java:logGet(43)) - raft.server.log.appender.install.snapshot.enabled = false (custom)
2019-08-20 15:19:40,656 [pool-170-thread-1] INFO  impl.RaftServerImpl (ServerState.java:<init>(105)) - 489867c4-c9de-42bb-b37c-5cd48de4ec28:group-027DAF63A911 ConfigurationManager, init=-1: [], old=null, confs=<EMPTY_MAP>
2019-08-20 15:19:40,656 [Thread-330] INFO  hdfs.DFSUtil (DFSUtil.java:httpServerTemplateForNNAndJN(1641)) - Starting Web-server for hddsDatanode at: http://0.0.0.0:38972
2019-08-20 15:19:40,656 [pool-170-thread-1] INFO  server.RaftServerConfigKeys (ConfUtils.java:logGet(43)) - raft.server.storage.dir = [/workdir/hadoop-ozone/integration-test/target/test-dir/MiniOzoneClusterImpl-1a07f62a-f892-4fdb-b012-3e13de524f8f/datanode-2/data/ratis] (custom)
2019-08-20 15:19:40,659 [Thread-330] INFO  server.AuthenticationFilter (AuthenticationFilter.java:constructSecretProvider(240)) - Unable to initialize FileSignerSecretProvider, falling back to use random secrets.
2019-08-20 15:19:40,660 [Thread-330] WARN  http.HttpRequestLog (HttpRequestLog.java:getRequestLog(97)) - Jetty request log can only be enabled using Log4j
2019-08-20 15:19:40,662 [Thread-330] INFO  http.HttpServer2 (HttpServer2.java:addGlobalFilter(975)) - Added global filter 'safety' (class=org.apache.hadoop.http.HttpServer2$QuotingInputFilter)
2019-08-20 15:19:40,664 [Thread-330] INFO  http.HttpServer2 (HttpServer2.java:addFilter(948)) - Added filter static_user_filter (class=org.apache.hadoop.http.lib.StaticUserWebFilter$StaticUserFilter) to context hddsDatanode
2019-08-20 15:19:40,664 [Thread-330] INFO  http.HttpServer2 (HttpServer2.java:addFilter(958)) - Added filter static_user_filter (class=org.apache.hadoop.http.lib.StaticUserWebFilter$StaticUserFilter) to context static
2019-08-20 15:19:40,664 [Thread-330] INFO  http.HttpServer2 (HttpServer2.java:addFilter(958)) - Added filter static_user_filter (class=org.apache.hadoop.http.lib.StaticUserWebFilter$StaticUserFilter) to context logs
2019-08-20 15:19:40,665 [Thread-330] INFO  http.HttpServer2 (HttpServer2.java:bindListener(1191)) - Jetty bound to port 38972
2019-08-20 15:19:40,666 [Thread-330] INFO  server.Server (Server.java:doStart(351)) - jetty-9.3.24.v20180605, build timestamp: 2018-06-05T17:11:56Z, git hash: 84205aa28f11a4f31f2a3b86d1bba2cc8ab69827
2019-08-20 15:19:40,669 [Thread-330] INFO  handler.ContextHandler (ContextHandler.java:doStart(781)) - Started o.e.j.s.ServletContextHandler@4d168a08{/logs,file:///workdir/hadoop-ozone/integration-test/target/log,AVAILABLE}
2019-08-20 15:19:40,669 [Thread-330] INFO  handler.ContextHandler (ContextHandler.java:doStart(781)) - Started o.e.j.s.ServletContextHandler@2074017d{/static,jar:file:/home/user/.m2/repository/org/apache/hadoop/hadoop-hdds-container-service/0.5.0-SNAPSHOT/hadoop-hdds-container-service-0.5.0-SNAPSHOT.jar!/webapps/static,AVAILABLE}
2019-08-20 15:19:40,676 [pool-170-thread-1] INFO  storage.RaftStorageDirectory (RaftStorageDirectory.java:tryLock(328)) - Lock on /workdir/hadoop-ozone/integration-test/target/test-dir/MiniOzoneClusterImpl-1a07f62a-f892-4fdb-b012-3e13de524f8f/datanode-2/data/ratis/8802222d-ba79-4937-8c21-027daf63a911/in_use.lock acquired by nodename 16074@pr-hdds-1981264b6-3336735905
2019-08-20 15:19:40,677 [pool-170-thread-1] INFO  ratis.ContainerStateMachine (ContainerStateMachine.java:loadSnapshot(222)) - group-027DAF63A911: The snapshot info is null. Setting the last applied indexto:(t:0, i:~)
2019-08-20 15:19:40,677 [pool-170-thread-1] INFO  server.RaftServerConfigKeys (ConfUtils.java:logGet(43)) - raft.server.leader.election.timeout = 120s (custom)
2019-08-20 15:19:40,677 [pool-170-thread-1] INFO  server.RaftServerConfigKeys (ConfUtils.java:logGet(43)) - raft.server.log.use.memory = false (default)
2019-08-20 15:19:40,677 [pool-170-thread-1] INFO  server.RaftServerConfigKeys (ConfUtils.java:logGet(43)) - raft.server.log.purge.gap = 1000000 (custom)
2019-08-20 15:19:40,677 [pool-170-thread-1] INFO  server.RaftServerConfigKeys (ConfUtils.java:logGet(43)) - raft.server.log.appender.buffer.byte-limit = 33554432 (custom)
2019-08-20 15:19:40,677 [pool-170-thread-1] INFO  server.RaftServerConfigKeys (ConfUtils.java:logGet(43)) - raft.server.log.segment.size.max = 1048576 (custom)
2019-08-20 15:19:40,677 [pool-170-thread-1] INFO  server.RaftServerConfigKeys (ConfUtils.java:logGet(43)) - raft.server.log.segment.cache.num.max = 2 (custom)
2019-08-20 15:19:40,678 [pool-170-thread-1] INFO  segmented.SegmentedRaftLogWorker (SegmentedRaftLogWorker.java:<init>(172)) - new 489867c4-c9de-42bb-b37c-5cd48de4ec28-SegmentedRaftLogWorker:Storage Directory /workdir/hadoop-ozone/integration-test/target/test-dir/MiniOzoneClusterImpl-1a07f62a-f892-4fdb-b012-3e13de524f8f/datanode-2/data/ratis/8802222d-ba79-4937-8c21-027daf63a911 for RaftStorage:Storage Directory /workdir/hadoop-ozone/integration-test/target/test-dir/MiniOzoneClusterImpl-1a07f62a-f892-4fdb-b012-3e13de524f8f/datanode-2/data/ratis/8802222d-ba79-4937-8c21-027daf63a911
2019-08-20 15:19:40,678 [pool-170-thread-1] INFO  server.RaftServerConfigKeys (ConfUtils.java:logGet(43)) - raft.server.log.queue.byte-limit = 2147483647 (custom)
2019-08-20 15:19:40,678 [pool-170-thread-1] INFO  server.RaftServerConfigKeys (ConfUtils.java:logGet(43)) - raft.server.log.queue.element-limit = 1024 (custom)
2019-08-20 15:19:40,678 [pool-170-thread-1] INFO  server.RaftServerConfigKeys (ConfUtils.java:logGet(43)) - raft.server.log.segment.size.max = 1048576 (custom)
2019-08-20 15:19:40,678 [pool-170-thread-1] INFO  server.RaftServerConfigKeys (ConfUtils.java:logGet(43)) - raft.server.log.preallocated.size = 16384 (custom)
2019-08-20 15:19:40,678 [pool-170-thread-1] INFO  server.RaftServerConfigKeys (ConfUtils.java:logGet(43)) - raft.server.log.write.buffer.size = 33554432 (custom)
2019-08-20 15:19:40,678 [pool-170-thread-1] INFO  server.RaftServerConfigKeys (ConfUtils.java:logGet(43)) - raft.server.log.force.sync.num = 128 (default)
2019-08-20 15:19:40,678 [pool-170-thread-1] INFO  server.RaftServerConfigKeys (ConfUtils.java:logGet(43)) - raft.server.log.statemachine.data.sync = true (default)
2019-08-20 15:19:40,679 [pool-170-thread-1] INFO  server.RaftServerConfigKeys (ConfUtils.java:logGet(43)) - raft.server.log.statemachine.data.sync.timeout = 10s (default)
2019-08-20 15:19:40,679 [pool-170-thread-1] INFO  server.RaftServerConfigKeys (ConfUtils.java:logGet(43)) - raft.server.log.statemachine.data.sync.timeout.retry = -1 (default)
2019-08-20 15:19:40,679 [pool-170-thread-1] INFO  server.RaftServerConfigKeys (ConfUtils.java:logGet(43)) - raft.server.log.statemachine.data.caching.enabled = true (custom)
2019-08-20 15:19:40,680 [pool-170-thread-1] INFO  impl.RaftServerImpl (ServerState.java:setRaftConf(361)) - 489867c4-c9de-42bb-b37c-5cd48de4ec28:group-027DAF63A911 set configuration 0: [489867c4-c9de-42bb-b37c-5cd48de4ec28:192.168.69.101:32990], old=null at 0
2019-08-20 15:19:40,680 [pool-170-thread-1] INFO  segmented.LogSegment (LogSegment.java:loadSegment(145)) - Successfully read 1 entries from segment file /workdir/hadoop-ozone/integration-test/target/test-dir/MiniOzoneClusterImpl-1a07f62a-f892-4fdb-b012-3e13de524f8f/datanode-2/data/ratis/8802222d-ba79-4937-8c21-027daf63a911/current/log_inprogress_0
2019-08-20 15:19:40,680 [pool-170-thread-1] INFO  segmented.SegmentedRaftLogWorker (SegmentedRaftLogWorker.java:lambda$new$0(132)) - 489867c4-c9de-42bb-b37c-5cd48de4ec28-SegmentedRaftLogWorker:Storage Directory /workdir/hadoop-ozone/integration-test/target/test-dir/MiniOzoneClusterImpl-1a07f62a-f892-4fdb-b012-3e13de524f8f/datanode-2/data/ratis/8802222d-ba79-4937-8c21-027daf63a911: flushIndex: setUnconditionally 0 -> 0
2019-08-20 15:19:40,710 [Thread-330] INFO  handler.ContextHandler (ContextHandler.java:doStart(781)) - Started o.e.j.w.WebAppContext@d36d2ae{/,file:///tmp/jetty-0.0.0.0-38972-hddsDatanode-_-any-5136688232384944855.dir/webapp/,AVAILABLE}{/hddsDatanode}
2019-08-20 15:19:40,711 [pool-170-thread-1] INFO  server.RaftServerConfigKeys (ConfUtils.java:logGet(43)) - raft.server.snapshot.auto.trigger.enabled = true (custom)
2019-08-20 15:19:40,711 [Thread-330] INFO  server.AbstractConnector (AbstractConnector.java:doStart(278)) - Started ServerConnector@49bd0ed{HTTP/1.1,[http/1.1]}{0.0.0.0:38972}
2019-08-20 15:19:40,713 [pool-170-thread-1] INFO  server.RaftServerConfigKeys (ConfUtils.java:logGet(43)) - raft.server.snapshot.auto.trigger.threshold = 10000 (custom)
2019-08-20 15:19:40,713 [Thread-330] INFO  server.Server (Server.java:doStart(419)) - Started @58384ms
2019-08-20 15:19:40,713 [pool-170-thread-1] INFO  server.RaftServerConfigKeys (ConfUtils.java:logGet(43)) - raft.server.retrycache.expirytime = 600000ms (custom)
2019-08-20 15:19:40,714 [Thread-330] INFO  server.BaseHttpServer (BaseHttpServer.java:updateConnectorAddress(213)) - HTTP server of HDDSDATANODE is listening at http://0.0.0.0:38972
2019-08-20 15:19:40,714 [pool-170-thread-1] INFO  impl.RaftServerImpl (RaftServerImpl.java:<init>(93)) - 489867c4-c9de-42bb-b37c-5cd48de4ec28: new RaftServerImpl for group-42658F517423:[] with ContainerStateMachine:uninitialized
2019-08-20 15:19:40,714 [pool-170-thread-1] INFO  server.RaftServerConfigKeys (ConfUtils.java:logGet(43)) - raft.server.rpc.timeout.min = 5s (custom)
2019-08-20 15:19:40,714 [pool-170-thread-1] INFO  server.RaftServerConfigKeys (ConfUtils.java:logGet(43)) - raft.server.rpc.timeout.max = 5200ms (custom)
2019-08-20 15:19:40,715 [pool-170-thread-1] INFO  server.RaftServerConfigKeys (ConfUtils.java:logGet(43)) - raft.server.rpcslowness.timeout = 120s (custom)
2019-08-20 15:19:40,715 [pool-170-thread-1] INFO  server.RaftServerConfigKeys (ConfUtils.java:logGet(43)) - raft.server.sleep.deviation.threshold = 300 (default)
2019-08-20 15:19:40,715 [pool-170-thread-1] INFO  server.RaftServerConfigKeys (ConfUtils.java:logGet(43)) - raft.server.log.appender.install.snapshot.enabled = false (custom)
2019-08-20 15:19:40,715 [pool-170-thread-1] INFO  impl.RaftServerImpl (ServerState.java:<init>(105)) - 489867c4-c9de-42bb-b37c-5cd48de4ec28:group-42658F517423 ConfigurationManager, init=-1: [], old=null, confs=<EMPTY_MAP>
2019-08-20 15:19:40,715 [pool-170-thread-1] INFO  server.RaftServerConfigKeys (ConfUtils.java:logGet(43)) - raft.server.storage.dir = [/workdir/hadoop-ozone/integration-test/target/test-dir/MiniOzoneClusterImpl-1a07f62a-f892-4fdb-b012-3e13de524f8f/datanode-2/data/ratis] (custom)
2019-08-20 15:19:40,735 [EventQueue-StaleNodeForStaleNodeHandler] INFO  node.StaleNodeHandler (StaleNodeHandler.java:onMessage(58)) - Datanode 489867c4-c9de-42bb-b37c-5cd48de4ec28{ip: 192.168.69.101, host: pr-hdds-1981264b6-3336735905, networkLocation: /default-rack, certSerialId: null} moved to stale state. Finalizing its pipelines [PipelineID=306bfe4c-ca5c-49b8-a021-42658f517423, PipelineID=8802222d-ba79-4937-8c21-027daf63a911]
2019-08-20 15:19:40,735 [EventQueue-StaleNodeForStaleNodeHandler] INFO  pipeline.SCMPipelineManager (SCMPipelineManager.java:finalizeAndDestroyPipeline(309)) - destroying pipeline:Pipeline[ Id: 306bfe4c-ca5c-49b8-a021-42658f517423, Nodes: b133dfae-0d8b-4bac-9f28-d0cb7cdc2bc1{ip: 192.168.69.101, host: pr-hdds-1981264b6-3336735905, networkLocation: /default-rack, certSerialId: null}489867c4-c9de-42bb-b37c-5cd48de4ec28{ip: 192.168.69.101, host: pr-hdds-1981264b6-3336735905, networkLocation: /default-rack, certSerialId: null}6fd3ed34-8a63-4874-8589-87309973ae65{ip: 192.168.69.101, host: pr-hdds-1981264b6-3336735905, networkLocation: /default-rack, certSerialId: null}, Type:RATIS, Factor:THREE, State:CLOSED]
2019-08-20 15:19:40,736 [EventQueue-StaleNodeForStaleNodeHandler] INFO  pipeline.SCMPipelineManager (SCMPipelineManager.java:finalizeAndDestroyPipeline(309)) - destroying pipeline:Pipeline[ Id: 8802222d-ba79-4937-8c21-027daf63a911, Nodes: 489867c4-c9de-42bb-b37c-5cd48de4ec28{ip: 192.168.69.101, host: pr-hdds-1981264b6-3336735905, networkLocation: /default-rack, certSerialId: null}, Type:RATIS, Factor:ONE, State:OPEN]
2019-08-20 15:19:40,736 [EventQueue-StaleNodeForStaleNodeHandler] INFO  pipeline.PipelineStateManager (PipelineStateManager.java:finalizePipeline(123)) - Pipeline Pipeline[ Id: 8802222d-ba79-4937-8c21-027daf63a911, Nodes: 489867c4-c9de-42bb-b37c-5cd48de4ec28{ip: 192.168.69.101, host: pr-hdds-1981264b6-3336735905, networkLocation: /default-rack, certSerialId: null}, Type:RATIS, Factor:ONE, State:CLOSED] moved to CLOSED state
2019-08-20 15:19:40,834 [pool-170-thread-1] INFO  storage.RaftStorageDirectory (RaftStorageDirectory.java:tryLock(328)) - Lock on /workdir/hadoop-ozone/integration-test/target/test-dir/MiniOzoneClusterImpl-1a07f62a-f892-4fdb-b012-3e13de524f8f/datanode-2/data/ratis/306bfe4c-ca5c-49b8-a021-42658f517423/in_use.lock acquired by nodename 16074@pr-hdds-1981264b6-3336735905
2019-08-20 15:19:40,844 [pool-170-thread-1] INFO  ratis.ContainerStateMachine (ContainerStateMachine.java:loadSnapshot(222)) - group-42658F517423: The snapshot info is null. Setting the last applied indexto:(t:0, i:~)
2019-08-20 15:19:40,844 [pool-170-thread-1] INFO  server.RaftServerConfigKeys (ConfUtils.java:logGet(43)) - raft.server.leader.election.timeout = 120s (custom)
2019-08-20 15:19:40,844 [pool-170-thread-1] INFO  server.RaftServerConfigKeys (ConfUtils.java:logGet(43)) - raft.server.log.use.memory = false (default)
2019-08-20 15:19:40,844 [pool-170-thread-1] INFO  server.RaftServerConfigKeys (ConfUtils.java:logGet(43)) - raft.server.log.purge.gap = 1000000 (custom)
2019-08-20 15:19:40,844 [pool-170-thread-1] INFO  server.RaftServerConfigKeys (ConfUtils.java:logGet(43)) - raft.server.log.appender.buffer.byte-limit = 33554432 (custom)
2019-08-20 15:19:40,845 [pool-170-thread-1] INFO  server.RaftServerConfigKeys (ConfUtils.java:logGet(43)) - raft.server.log.segment.size.max = 1048576 (custom)
2019-08-20 15:19:40,845 [pool-170-thread-1] INFO  server.RaftServerConfigKeys (ConfUtils.java:logGet(43)) - raft.server.log.segment.cache.num.max = 2 (custom)
2019-08-20 15:19:40,845 [pool-170-thread-1] INFO  segmented.SegmentedRaftLogWorker (SegmentedRaftLogWorker.java:<init>(172)) - new 489867c4-c9de-42bb-b37c-5cd48de4ec28-SegmentedRaftLogWorker:Storage Directory /workdir/hadoop-ozone/integration-test/target/test-dir/MiniOzoneClusterImpl-1a07f62a-f892-4fdb-b012-3e13de524f8f/datanode-2/data/ratis/306bfe4c-ca5c-49b8-a021-42658f517423 for RaftStorage:Storage Directory /workdir/hadoop-ozone/integration-test/target/test-dir/MiniOzoneClusterImpl-1a07f62a-f892-4fdb-b012-3e13de524f8f/datanode-2/data/ratis/306bfe4c-ca5c-49b8-a021-42658f517423
2019-08-20 15:19:40,845 [pool-170-thread-1] INFO  server.RaftServerConfigKeys (ConfUtils.java:logGet(43)) - raft.server.log.queue.byte-limit = 2147483647 (custom)
2019-08-20 15:19:40,845 [pool-170-thread-1] INFO  server.RaftServerConfigKeys (ConfUtils.java:logGet(43)) - raft.server.log.queue.element-limit = 1024 (custom)
2019-08-20 15:19:40,845 [pool-170-thread-1] INFO  server.RaftServerConfigKeys (ConfUtils.java:logGet(43)) - raft.server.log.segment.size.max = 1048576 (custom)
2019-08-20 15:19:40,846 [pool-170-thread-1] INFO  server.RaftServerConfigKeys (ConfUtils.java:logGet(43)) - raft.server.log.preallocated.size = 16384 (custom)
2019-08-20 15:19:40,846 [pool-170-thread-1] INFO  server.RaftServerConfigKeys (ConfUtils.java:logGet(43)) - raft.server.log.write.buffer.size = 33554432 (custom)
2019-08-20 15:19:40,846 [pool-170-thread-1] INFO  server.RaftServerConfigKeys (ConfUtils.java:logGet(43)) - raft.server.log.force.sync.num = 128 (default)
2019-08-20 15:19:40,846 [pool-170-thread-1] INFO  server.RaftServerConfigKeys (ConfUtils.java:logGet(43)) - raft.server.log.statemachine.data.sync = true (default)
2019-08-20 15:19:40,846 [pool-170-thread-1] INFO  server.RaftServerConfigKeys (ConfUtils.java:logGet(43)) - raft.server.log.statemachine.data.sync.timeout = 10s (default)
2019-08-20 15:19:40,846 [pool-170-thread-1] INFO  server.RaftServerConfigKeys (ConfUtils.java:logGet(43)) - raft.server.log.statemachine.data.sync.timeout.retry = -1 (default)
2019-08-20 15:19:40,847 [pool-170-thread-1] INFO  server.RaftServerConfigKeys (ConfUtils.java:logGet(43)) - raft.server.log.statemachine.data.caching.enabled = true (custom)
2019-08-20 15:19:40,848 [pool-170-thread-1] INFO  impl.RaftServerImpl (ServerState.java:setRaftConf(361)) - 489867c4-c9de-42bb-b37c-5cd48de4ec28:group-42658F517423 set configuration 0: [489867c4-c9de-42bb-b37c-5cd48de4ec28:192.168.69.101:32990, 6fd3ed34-8a63-4874-8589-87309973ae65:192.168.69.101:33798, b133dfae-0d8b-4bac-9f28-d0cb7cdc2bc1:192.168.69.101:37813], old=null at 0
2019-08-20 15:19:40,848 [pool-170-thread-1] INFO  segmented.LogSegment (LogSegment.java:loadSegment(145)) - Successfully read 1 entries from segment file /workdir/hadoop-ozone/integration-test/target/test-dir/MiniOzoneClusterImpl-1a07f62a-f892-4fdb-b012-3e13de524f8f/datanode-2/data/ratis/306bfe4c-ca5c-49b8-a021-42658f517423/current/log_inprogress_0
2019-08-20 15:19:40,848 [pool-170-thread-1] INFO  segmented.SegmentedRaftLogWorker (SegmentedRaftLogWorker.java:lambda$new$0(132)) - 489867c4-c9de-42bb-b37c-5cd48de4ec28-SegmentedRaftLogWorker:Storage Directory /workdir/hadoop-ozone/integration-test/target/test-dir/MiniOzoneClusterImpl-1a07f62a-f892-4fdb-b012-3e13de524f8f/datanode-2/data/ratis/306bfe4c-ca5c-49b8-a021-42658f517423: flushIndex: setUnconditionally 0 -> 0
2019-08-20 15:19:40,921 [pool-170-thread-1] INFO  server.RaftServerConfigKeys (ConfUtils.java:logGet(43)) - raft.server.snapshot.auto.trigger.enabled = true (custom)
2019-08-20 15:19:40,921 [pool-170-thread-1] INFO  server.RaftServerConfigKeys (ConfUtils.java:logGet(43)) - raft.server.snapshot.auto.trigger.threshold = 10000 (custom)
2019-08-20 15:19:40,921 [pool-170-thread-1] INFO  server.RaftServerConfigKeys (ConfUtils.java:logGet(43)) - raft.server.retrycache.expirytime = 600000ms (custom)
2019-08-20 15:19:41,058 | INFO  | ObjectStoreRestHttpServer | Listening HDDS REST traffic on /0.0.0.0:38488 |  
2019-08-20 15:19:41,058 [Thread-330] INFO  ozone.HddsDatanodeService (HddsDatanodeService.java:startPlugins(395)) - Started plug-in org.apache.hadoop.ozone.web.OzoneHddsDatanodeService@37636771
2019-08-20 15:19:41,059 [Thread-330] INFO  pipeline.SCMPipelineManager (SCMPipelineManager.java:finalizeAndDestroyPipeline(309)) - destroying pipeline:Pipeline[ Id: 306bfe4c-ca5c-49b8-a021-42658f517423, Nodes: b133dfae-0d8b-4bac-9f28-d0cb7cdc2bc1{ip: 192.168.69.101, host: pr-hdds-1981264b6-3336735905, networkLocation: /default-rack, certSerialId: null}489867c4-c9de-42bb-b37c-5cd48de4ec28{ip: 192.168.69.101, host: pr-hdds-1981264b6-3336735905, networkLocation: /default-rack, certSerialId: null}6fd3ed34-8a63-4874-8589-87309973ae65{ip: 192.168.69.101, host: pr-hdds-1981264b6-3336735905, networkLocation: /default-rack, certSerialId: null}, Type:RATIS, Factor:THREE, State:OPEN]
2019-08-20 15:19:41,060 [org.apache.hadoop.util.JvmPauseMonitor$Monitor@6b9664c2] INFO  util.JvmPauseMonitor (JvmPauseMonitor.java:run(188)) - Starting JVM pause monitor
2019-08-20 15:19:41,065 [Thread-330] WARN  pipeline.RatisPipelineUtils (RatisPipelineUtils.java:destroyPipeline(66)) - Pipeline destroy failed for pipeline=PipelineID=306bfe4c-ca5c-49b8-a021-42658f517423 dn=b133dfae-0d8b-4bac-9f28-d0cb7cdc2bc1{ip: 192.168.69.101, host: pr-hdds-1981264b6-3336735905, networkLocation: /default-rack, certSerialId: null}
2019-08-20 15:19:41,069 [Thread-330] WARN  pipeline.RatisPipelineUtils (RatisPipelineUtils.java:destroyPipeline(66)) - Pipeline destroy failed for pipeline=PipelineID=306bfe4c-ca5c-49b8-a021-42658f517423 dn=489867c4-c9de-42bb-b37c-5cd48de4ec28{ip: 192.168.69.101, host: pr-hdds-1981264b6-3336735905, networkLocation: /default-rack, certSerialId: null}
2019-08-20 15:19:41,073 [Thread-330] WARN  pipeline.RatisPipelineUtils (RatisPipelineUtils.java:destroyPipeline(66)) - Pipeline destroy failed for pipeline=PipelineID=306bfe4c-ca5c-49b8-a021-42658f517423 dn=6fd3ed34-8a63-4874-8589-87309973ae65{ip: 192.168.69.101, host: pr-hdds-1981264b6-3336735905, networkLocation: /default-rack, certSerialId: null}
2019-08-20 15:19:41,073 [Thread-330] INFO  pipeline.PipelineStateManager (PipelineStateManager.java:removePipeline(108)) - Pipeline Pipeline[ Id: 306bfe4c-ca5c-49b8-a021-42658f517423, Nodes: b133dfae-0d8b-4bac-9f28-d0cb7cdc2bc1{ip: 192.168.69.101, host: pr-hdds-1981264b6-3336735905, networkLocation: /default-rack, certSerialId: null}489867c4-c9de-42bb-b37c-5cd48de4ec28{ip: 192.168.69.101, host: pr-hdds-1981264b6-3336735905, networkLocation: /default-rack, certSerialId: null}6fd3ed34-8a63-4874-8589-87309973ae65{ip: 192.168.69.101, host: pr-hdds-1981264b6-3336735905, networkLocation: /default-rack, certSerialId: null}, Type:RATIS, Factor:THREE, State:CLOSED] removed from db
2019-08-20 15:19:42,376 | INFO  | SCMAudit | user=jenkins1000 | ip=192.168.69.101 | op=GET_VERSION null | ret=SUCCESS |  
2019-08-20 15:19:42,377 [Datanode State Machine Thread - 0] INFO  ozoneimpl.OzoneContainer (OzoneContainer.java:start(186)) - Attempting to start container services.
2019-08-20 15:19:42,378 [Datanode State Machine Thread - 0] INFO  ozoneimpl.OzoneContainer (OzoneContainer.java:startContainerScrub(160)) - Background container scrubber has been disabled by hdds.containerscrub.enabled
2019-08-20 15:19:42,378 [Datanode State Machine Thread - 0] INFO  ratis.XceiverServerRatis (XceiverServerRatis.java:start(404)) - Starting XceiverServerRatis b133dfae-0d8b-4bac-9f28-d0cb7cdc2bc1 at port 37813
2019-08-20 15:19:42,386 [Datanode State Machine Thread - 0] INFO  impl.RaftServerImpl (RaftServerImpl.java:start(180)) - b133dfae-0d8b-4bac-9f28-d0cb7cdc2bc1: start group-ADE561B89288
2019-08-20 15:19:42,386 [ForkJoinPool.commonPool-worker-0] INFO  impl.RaftServerImpl (RaftServerImpl.java:start(180)) - b133dfae-0d8b-4bac-9f28-d0cb7cdc2bc1: start group-42658F517423
2019-08-20 15:19:42,388 [Datanode State Machine Thread - 0] INFO  impl.RaftServerImpl (RaftServerImpl.java:setRole(171)) - b133dfae-0d8b-4bac-9f28-d0cb7cdc2bc1:group-ADE561B89288 changes role from null to FOLLOWER at term 1 for startAsFollower
2019-08-20 15:19:42,389 [ForkJoinPool.commonPool-worker-0] INFO  impl.RaftServerImpl (RaftServerImpl.java:setRole(171)) - b133dfae-0d8b-4bac-9f28-d0cb7cdc2bc1:group-42658F517423 changes role from null to FOLLOWER at term 1 for startAsFollower
2019-08-20 15:19:42,389 [Datanode State Machine Thread - 0] INFO  impl.RoleInfo (RoleInfo.java:updateAndGet(143)) - b133dfae-0d8b-4bac-9f28-d0cb7cdc2bc1: start FollowerState
2019-08-20 15:19:42,389 [ForkJoinPool.commonPool-worker-0] INFO  impl.RoleInfo (RoleInfo.java:updateAndGet(143)) - b133dfae-0d8b-4bac-9f28-d0cb7cdc2bc1: start FollowerState
2019-08-20 15:19:42,390 [Datanode State Machine Thread - 0] INFO  util.JmxRegister (JmxRegister.java:tryRegister(44)) - Successfully registered JMX Bean with object name Ratis:service=RaftServer,group=group-ADE561B89288,id=b133dfae-0d8b-4bac-9f28-d0cb7cdc2bc1
2019-08-20 15:19:42,390 [ForkJoinPool.commonPool-worker-0] INFO  util.JmxRegister (JmxRegister.java:tryRegister(44)) - Successfully registered JMX Bean with object name Ratis:service=RaftServer,group=group-42658F517423,id=b133dfae-0d8b-4bac-9f28-d0cb7cdc2bc1
2019-08-20 15:19:42,393 [Datanode State Machine Thread - 0] INFO  impl.RaftServerProxy (RaftServerProxy.java:lambda$start$3(299)) - b133dfae-0d8b-4bac-9f28-d0cb7cdc2bc1: start RPC server
2019-08-20 15:19:42,399 [Datanode State Machine Thread - 0] INFO  server.GrpcService (GrpcService.java:startImpl(149)) - b133dfae-0d8b-4bac-9f28-d0cb7cdc2bc1: GrpcService started, listening on 0.0.0.0/0.0.0.0:37813
2019-08-20 15:19:42,619 | INFO  | SCMAudit | user=jenkins1000 | ip=192.168.69.101 | op=GET_VERSION null | ret=SUCCESS |  
2019-08-20 15:19:42,620 [Datanode State Machine Thread - 0] INFO  ozoneimpl.OzoneContainer (OzoneContainer.java:start(186)) - Attempting to start container services.
2019-08-20 15:19:42,621 [Datanode State Machine Thread - 0] INFO  ozoneimpl.OzoneContainer (OzoneContainer.java:startContainerScrub(160)) - Background container scrubber has been disabled by hdds.containerscrub.enabled
2019-08-20 15:19:42,621 [Datanode State Machine Thread - 0] INFO  ratis.XceiverServerRatis (XceiverServerRatis.java:start(404)) - Starting XceiverServerRatis 6fd3ed34-8a63-4874-8589-87309973ae65 at port 33798
2019-08-20 15:19:42,627 [Datanode State Machine Thread - 0] INFO  impl.RaftServerImpl (RaftServerImpl.java:start(180)) - 6fd3ed34-8a63-4874-8589-87309973ae65: start group-42658F517423
2019-08-20 15:19:42,627 [ForkJoinPool.commonPool-worker-0] INFO  impl.RaftServerImpl (RaftServerImpl.java:start(180)) - 6fd3ed34-8a63-4874-8589-87309973ae65: start group-521B00374A20
2019-08-20 15:19:42,629 [Datanode State Machine Thread - 0] INFO  impl.RaftServerImpl (RaftServerImpl.java:setRole(171)) - 6fd3ed34-8a63-4874-8589-87309973ae65:group-42658F517423 changes role from null to FOLLOWER at term 1 for startAsFollower
2019-08-20 15:19:42,630 [ForkJoinPool.commonPool-worker-0] INFO  impl.RaftServerImpl (RaftServerImpl.java:setRole(171)) - 6fd3ed34-8a63-4874-8589-87309973ae65:group-521B00374A20 changes role from null to FOLLOWER at term 1 for startAsFollower
2019-08-20 15:19:42,630 [Datanode State Machine Thread - 0] INFO  impl.RoleInfo (RoleInfo.java:updateAndGet(143)) - 6fd3ed34-8a63-4874-8589-87309973ae65: start FollowerState
2019-08-20 15:19:42,630 [ForkJoinPool.commonPool-worker-0] INFO  impl.RoleInfo (RoleInfo.java:updateAndGet(143)) - 6fd3ed34-8a63-4874-8589-87309973ae65: start FollowerState
2019-08-20 15:19:42,631 [Datanode State Machine Thread - 0] INFO  util.JmxRegister (JmxRegister.java:tryRegister(44)) - Successfully registered JMX Bean with object name Ratis:service=RaftServer,group=group-42658F517423,id=6fd3ed34-8a63-4874-8589-87309973ae65
2019-08-20 15:19:42,632 [ForkJoinPool.commonPool-worker-0] INFO  util.JmxRegister (JmxRegister.java:tryRegister(44)) - Successfully registered JMX Bean with object name Ratis:service=RaftServer,group=group-521B00374A20,id=6fd3ed34-8a63-4874-8589-87309973ae65
2019-08-20 15:19:42,633 [Datanode State Machine Thread - 0] INFO  impl.RaftServerProxy (RaftServerProxy.java:lambda$start$3(299)) - 6fd3ed34-8a63-4874-8589-87309973ae65: start RPC server
2019-08-20 15:19:42,634 [Datanode State Machine Thread - 0] INFO  server.GrpcService (GrpcService.java:startImpl(149)) - 6fd3ed34-8a63-4874-8589-87309973ae65: GrpcService started, listening on 0.0.0.0/0.0.0.0:33798
2019-08-20 15:19:43,061 | INFO  | SCMAudit | user=jenkins1000 | ip=192.168.69.101 | op=GET_VERSION null | ret=SUCCESS |  
2019-08-20 15:19:43,062 [Datanode State Machine Thread - 0] INFO  ozoneimpl.OzoneContainer (OzoneContainer.java:start(186)) - Attempting to start container services.
2019-08-20 15:19:43,062 [Datanode State Machine Thread - 0] INFO  ozoneimpl.OzoneContainer (OzoneContainer.java:startContainerScrub(160)) - Background container scrubber has been disabled by hdds.containerscrub.enabled
2019-08-20 15:19:43,062 [Datanode State Machine Thread - 0] INFO  ratis.XceiverServerRatis (XceiverServerRatis.java:start(404)) - Starting XceiverServerRatis 489867c4-c9de-42bb-b37c-5cd48de4ec28 at port 32990
2019-08-20 15:19:43,071 [Datanode State Machine Thread - 0] INFO  impl.RaftServerImpl (RaftServerImpl.java:start(180)) - 489867c4-c9de-42bb-b37c-5cd48de4ec28: start group-027DAF63A911
2019-08-20 15:19:43,071 [ForkJoinPool.commonPool-worker-0] INFO  impl.RaftServerImpl (RaftServerImpl.java:start(180)) - 489867c4-c9de-42bb-b37c-5cd48de4ec28: start group-42658F517423
2019-08-20 15:19:43,073 [Datanode State Machine Thread - 0] INFO  impl.RaftServerImpl (RaftServerImpl.java:setRole(171)) - 489867c4-c9de-42bb-b37c-5cd48de4ec28:group-027DAF63A911 changes role from null to FOLLOWER at term 1 for startAsFollower
2019-08-20 15:19:43,074 [ForkJoinPool.commonPool-worker-0] INFO  impl.RaftServerImpl (RaftServerImpl.java:setRole(171)) - 489867c4-c9de-42bb-b37c-5cd48de4ec28:group-42658F517423 changes role from null to FOLLOWER at term 1 for startAsFollower
2019-08-20 15:19:43,074 [Datanode State Machine Thread - 0] INFO  impl.RoleInfo (RoleInfo.java:updateAndGet(143)) - 489867c4-c9de-42bb-b37c-5cd48de4ec28: start FollowerState
2019-08-20 15:19:43,074 [ForkJoinPool.commonPool-worker-0] INFO  impl.RoleInfo (RoleInfo.java:updateAndGet(143)) - 489867c4-c9de-42bb-b37c-5cd48de4ec28: start FollowerState
2019-08-20 15:19:43,075 [Datanode State Machine Thread - 0] INFO  util.JmxRegister (JmxRegister.java:tryRegister(44)) - Successfully registered JMX Bean with object name Ratis:service=RaftServer,group=group-027DAF63A911,id=489867c4-c9de-42bb-b37c-5cd48de4ec28
2019-08-20 15:19:43,075 [ForkJoinPool.commonPool-worker-0] INFO  util.JmxRegister (JmxRegister.java:tryRegister(44)) - Successfully registered JMX Bean with object name Ratis:service=RaftServer,group=group-42658F517423,id=489867c4-c9de-42bb-b37c-5cd48de4ec28
2019-08-20 15:19:43,079 [Datanode State Machine Thread - 0] INFO  impl.RaftServerProxy (RaftServerProxy.java:lambda$start$3(299)) - 489867c4-c9de-42bb-b37c-5cd48de4ec28: start RPC server
2019-08-20 15:19:43,082 [Datanode State Machine Thread - 0] INFO  server.GrpcService (GrpcService.java:startImpl(149)) - 489867c4-c9de-42bb-b37c-5cd48de4ec28: GrpcService started, listening on 0.0.0.0/0.0.0.0:32990
2019-08-20 15:19:44,381 | INFO  | SCMAudit | user=jenkins1000 | ip=192.168.69.101 | op=REGISTER {datanodeDetails=b133dfae-0d8b-4bac-9f28-d0cb7cdc2bc1{ip: 192.168.69.101, host: pr-hdds-1981264b6-3336735905, networkLocation: /default-rack, certSerialId: null}} | ret=SUCCESS |  
2019-08-20 15:19:44,393 [grpc-default-executor-0] INFO  impl.RaftServerProxy (RaftServerProxy.java:remove(95)) - b133dfae-0d8b-4bac-9f28-d0cb7cdc2bc1: remove FOLLOWER group-42658F517423 b133dfae-0d8b-4bac-9f28-d0cb7cdc2bc1:t1, leader=null, voted=489867c4-c9de-42bb-b37c-5cd48de4ec28, raftlog=b133dfae-0d8b-4bac-9f28-d0cb7cdc2bc1-SegmentedRaftLog:OPENED:c-1,f0,i0, conf=0: [489867c4-c9de-42bb-b37c-5cd48de4ec28:192.168.69.101:32990, 6fd3ed34-8a63-4874-8589-87309973ae65:192.168.69.101:33798, b133dfae-0d8b-4bac-9f28-d0cb7cdc2bc1:192.168.69.101:37813], old=null RUNNING
2019-08-20 15:19:44,393 [grpc-default-executor-0] INFO  impl.RaftServerImpl (RaftServerImpl.java:lambda$shutdown$3(245)) - b133dfae-0d8b-4bac-9f28-d0cb7cdc2bc1: shutdown group-42658F517423
2019-08-20 15:19:44,394 [grpc-default-executor-0] INFO  util.JmxRegister (JmxRegister.java:unregister(73)) - Successfully un-registered JMX Bean with object name Ratis:service=RaftServer,group=group-42658F517423,id=b133dfae-0d8b-4bac-9f28-d0cb7cdc2bc1
2019-08-20 15:19:44,394 [grpc-default-executor-0] INFO  impl.RoleInfo (RoleInfo.java:shutdownFollowerState(121)) - b133dfae-0d8b-4bac-9f28-d0cb7cdc2bc1: shutdown FollowerState
2019-08-20 15:19:44,394 [grpc-default-executor-0] INFO  impl.StateMachineUpdater (StateMachineUpdater.java:stopAndJoin(115)) - StateMachineUpdater:b133dfae-0d8b-4bac-9f28-d0cb7cdc2bc1:group-42658F517423: set stopIndex = -1
2019-08-20 15:19:44,394 [Thread-594] INFO  impl.FollowerState (FollowerState.java:run(114)) - b133dfae-0d8b-4bac-9f28-d0cb7cdc2bc1: FollowerState was interrupted: java.lang.InterruptedException: sleep interrupted
2019-08-20 15:19:44,394 [grpc-default-executor-0] INFO  impl.RaftServerImpl (ServerState.java:close(394)) - b133dfae-0d8b-4bac-9f28-d0cb7cdc2bc1:group-42658F517423 closes. The last applied log index is -1
2019-08-20 15:19:44,397 [b133dfae-0d8b-4bac-9f28-d0cb7cdc2bc1-SegmentedRaftLogWorker:Storage Directory /workdir/hadoop-ozone/integration-test/target/test-dir/MiniOzoneClusterImpl-1a07f62a-f892-4fdb-b012-3e13de524f8f/datanode-0/data/ratis/306bfe4c-ca5c-49b8-a021-42658f517423] INFO  segmented.SegmentedRaftLogWorker (SegmentedRaftLogWorker.java:run(313)) - b133dfae-0d8b-4bac-9f28-d0cb7cdc2bc1-SegmentedRaftLogWorker:Storage Directory /workdir/hadoop-ozone/integration-test/target/test-dir/MiniOzoneClusterImpl-1a07f62a-f892-4fdb-b012-3e13de524f8f/datanode-0/data/ratis/306bfe4c-ca5c-49b8-a021-42658f517423 was interrupted, exiting. There are 0 tasks remaining in the queue.
2019-08-20 15:19:44,398 [grpc-default-executor-0] INFO  segmented.SegmentedRaftLogWorker (SegmentedRaftLogWorker.java:close(228)) - b133dfae-0d8b-4bac-9f28-d0cb7cdc2bc1-SegmentedRaftLogWorker:Storage Directory /workdir/hadoop-ozone/integration-test/target/test-dir/MiniOzoneClusterImpl-1a07f62a-f892-4fdb-b012-3e13de524f8f/datanode-0/data/ratis/306bfe4c-ca5c-49b8-a021-42658f517423 close()
2019-08-20 15:19:44,620 | INFO  | SCMAudit | user=jenkins1000 | ip=192.168.69.101 | op=REGISTER {datanodeDetails=6fd3ed34-8a63-4874-8589-87309973ae65{ip: 192.168.69.101, host: pr-hdds-1981264b6-3336735905, networkLocation: /default-rack, certSerialId: null}} | ret=SUCCESS |  
2019-08-20 15:19:44,628 [grpc-default-executor-0] INFO  impl.RaftServerProxy (RaftServerProxy.java:remove(95)) - 6fd3ed34-8a63-4874-8589-87309973ae65: remove FOLLOWER group-42658F517423 6fd3ed34-8a63-4874-8589-87309973ae65:t1, leader=null, voted=489867c4-c9de-42bb-b37c-5cd48de4ec28, raftlog=6fd3ed34-8a63-4874-8589-87309973ae65-SegmentedRaftLog:OPENED:c-1,f0,i0, conf=0: [489867c4-c9de-42bb-b37c-5cd48de4ec28:192.168.69.101:32990, 6fd3ed34-8a63-4874-8589-87309973ae65:192.168.69.101:33798, b133dfae-0d8b-4bac-9f28-d0cb7cdc2bc1:192.168.69.101:37813], old=null RUNNING
2019-08-20 15:19:44,629 [grpc-default-executor-0] INFO  impl.RaftServerImpl (RaftServerImpl.java:lambda$shutdown$3(245)) - 6fd3ed34-8a63-4874-8589-87309973ae65: shutdown group-42658F517423
2019-08-20 15:19:44,629 [grpc-default-executor-0] INFO  util.JmxRegister (JmxRegister.java:unregister(73)) - Successfully un-registered JMX Bean with object name Ratis:service=RaftServer,group=group-42658F517423,id=6fd3ed34-8a63-4874-8589-87309973ae65
2019-08-20 15:19:44,629 [grpc-default-executor-0] INFO  impl.RoleInfo (RoleInfo.java:shutdownFollowerState(121)) - 6fd3ed34-8a63-4874-8589-87309973ae65: shutdown FollowerState
2019-08-20 15:19:44,629 [grpc-default-executor-0] INFO  impl.StateMachineUpdater (StateMachineUpdater.java:stopAndJoin(115)) - StateMachineUpdater:6fd3ed34-8a63-4874-8589-87309973ae65:group-42658F517423: set stopIndex = -1
2019-08-20 15:19:44,629 [Thread-595] INFO  impl.FollowerState (FollowerState.java:run(114)) - 6fd3ed34-8a63-4874-8589-87309973ae65: FollowerState was interrupted: java.lang.InterruptedException: sleep interrupted
2019-08-20 15:19:44,629 [grpc-default-executor-0] INFO  impl.RaftServerImpl (ServerState.java:close(394)) - 6fd3ed34-8a63-4874-8589-87309973ae65:group-42658F517423 closes. The last applied log index is -1
2019-08-20 15:19:44,631 [6fd3ed34-8a63-4874-8589-87309973ae65-SegmentedRaftLogWorker:Storage Directory /workdir/hadoop-ozone/integration-test/target/test-dir/MiniOzoneClusterImpl-1a07f62a-f892-4fdb-b012-3e13de524f8f/datanode-1/data/ratis/306bfe4c-ca5c-49b8-a021-42658f517423] INFO  segmented.SegmentedRaftLogWorker (SegmentedRaftLogWorker.java:run(313)) - 6fd3ed34-8a63-4874-8589-87309973ae65-SegmentedRaftLogWorker:Storage Directory /workdir/hadoop-ozone/integration-test/target/test-dir/MiniOzoneClusterImpl-1a07f62a-f892-4fdb-b012-3e13de524f8f/datanode-1/data/ratis/306bfe4c-ca5c-49b8-a021-42658f517423 was interrupted, exiting. There are 0 tasks remaining in the queue.
2019-08-20 15:19:44,633 [grpc-default-executor-0] INFO  segmented.SegmentedRaftLogWorker (SegmentedRaftLogWorker.java:close(228)) - 6fd3ed34-8a63-4874-8589-87309973ae65-SegmentedRaftLogWorker:Storage Directory /workdir/hadoop-ozone/integration-test/target/test-dir/MiniOzoneClusterImpl-1a07f62a-f892-4fdb-b012-3e13de524f8f/datanode-1/data/ratis/306bfe4c-ca5c-49b8-a021-42658f517423 close()
2019-08-20 15:19:45,061 | INFO  | SCMAudit | user=jenkins1000 | ip=192.168.69.101 | op=REGISTER {datanodeDetails=489867c4-c9de-42bb-b37c-5cd48de4ec28{ip: 192.168.69.101, host: pr-hdds-1981264b6-3336735905, networkLocation: /default-rack, certSerialId: null}} | ret=SUCCESS |  
2019-08-20 15:19:45,068 [grpc-default-executor-0] INFO  impl.RaftServerProxy (RaftServerProxy.java:remove(95)) - 489867c4-c9de-42bb-b37c-5cd48de4ec28: remove FOLLOWER group-42658F517423 489867c4-c9de-42bb-b37c-5cd48de4ec28:t1, leader=null, voted=489867c4-c9de-42bb-b37c-5cd48de4ec28, raftlog=489867c4-c9de-42bb-b37c-5cd48de4ec28-SegmentedRaftLog:OPENED:c-1,f0,i0, conf=0: [489867c4-c9de-42bb-b37c-5cd48de4ec28:192.168.69.101:32990, 6fd3ed34-8a63-4874-8589-87309973ae65:192.168.69.101:33798, b133dfae-0d8b-4bac-9f28-d0cb7cdc2bc1:192.168.69.101:37813], old=null RUNNING
2019-08-20 15:19:45,069 [grpc-default-executor-0] INFO  impl.RaftServerImpl (RaftServerImpl.java:lambda$shutdown$3(245)) - 489867c4-c9de-42bb-b37c-5cd48de4ec28: shutdown group-42658F517423
2019-08-20 15:19:45,069 [grpc-default-executor-0] INFO  util.JmxRegister (JmxRegister.java:unregister(73)) - Successfully un-registered JMX Bean with object name Ratis:service=RaftServer,group=group-42658F517423,id=489867c4-c9de-42bb-b37c-5cd48de4ec28
2019-08-20 15:19:45,069 [grpc-default-executor-0] INFO  impl.RoleInfo (RoleInfo.java:shutdownFollowerState(121)) - 489867c4-c9de-42bb-b37c-5cd48de4ec28: shutdown FollowerState
2019-08-20 15:19:45,069 [grpc-default-executor-0] INFO  impl.StateMachineUpdater (StateMachineUpdater.java:stopAndJoin(115)) - StateMachineUpdater:489867c4-c9de-42bb-b37c-5cd48de4ec28:group-42658F517423: set stopIndex = -1
2019-08-20 15:19:45,069 [Thread-598] INFO  impl.FollowerState (FollowerState.java:run(114)) - 489867c4-c9de-42bb-b37c-5cd48de4ec28: FollowerState was interrupted: java.lang.InterruptedException: sleep interrupted
2019-08-20 15:19:45,069 [grpc-default-executor-0] INFO  impl.RaftServerImpl (ServerState.java:close(394)) - 489867c4-c9de-42bb-b37c-5cd48de4ec28:group-42658F517423 closes. The last applied log index is -1
2019-08-20 15:19:45,071 [489867c4-c9de-42bb-b37c-5cd48de4ec28-SegmentedRaftLogWorker:Storage Directory /workdir/hadoop-ozone/integration-test/target/test-dir/MiniOzoneClusterImpl-1a07f62a-f892-4fdb-b012-3e13de524f8f/datanode-2/data/ratis/306bfe4c-ca5c-49b8-a021-42658f517423] INFO  segmented.SegmentedRaftLogWorker (SegmentedRaftLogWorker.java:run(313)) - 489867c4-c9de-42bb-b37c-5cd48de4ec28-SegmentedRaftLogWorker:Storage Directory /workdir/hadoop-ozone/integration-test/target/test-dir/MiniOzoneClusterImpl-1a07f62a-f892-4fdb-b012-3e13de524f8f/datanode-2/data/ratis/306bfe4c-ca5c-49b8-a021-42658f517423 was interrupted, exiting. There are 0 tasks remaining in the queue.
2019-08-20 15:19:45,072 [grpc-default-executor-0] INFO  segmented.SegmentedRaftLogWorker (SegmentedRaftLogWorker.java:close(228)) - 489867c4-c9de-42bb-b37c-5cd48de4ec28-SegmentedRaftLogWorker:Storage Directory /workdir/hadoop-ozone/integration-test/target/test-dir/MiniOzoneClusterImpl-1a07f62a-f892-4fdb-b012-3e13de524f8f/datanode-2/data/ratis/306bfe4c-ca5c-49b8-a021-42658f517423 close()
2019-08-20 15:19:46,377 | INFO  | SCMAudit | user=jenkins1000 | ip=192.168.69.101 | op=SEND_HEARTBEAT {datanodeUUID=b133dfae-0d8b-4bac-9f28-d0cb7cdc2bc1, command=[]} | ret=SUCCESS |  
2019-08-20 15:19:46,620 | INFO  | SCMAudit | user=jenkins1000 | ip=192.168.69.101 | op=SEND_HEARTBEAT {datanodeUUID=6fd3ed34-8a63-4874-8589-87309973ae65, command=[]} | ret=SUCCESS |  
2019-08-20 15:19:46,748 [grpc-default-executor-0] INFO  impl.RaftServerProxy (RaftServerProxy.java:addNew(89)) - b133dfae-0d8b-4bac-9f28-d0cb7cdc2bc1: addNew group-B297E06254B0:[b133dfae-0d8b-4bac-9f28-d0cb7cdc2bc1:192.168.69.101:37813] returns group-B297E06254B0:java.util.concurrent.CompletableFuture@42dd2e6d[Not completed]
2019-08-20 15:19:46,749 [pool-148-thread-1] INFO  impl.RaftServerImpl (RaftServerImpl.java:<init>(93)) - b133dfae-0d8b-4bac-9f28-d0cb7cdc2bc1: new RaftServerImpl for group-B297E06254B0:[b133dfae-0d8b-4bac-9f28-d0cb7cdc2bc1:192.168.69.101:37813] with ContainerStateMachine:uninitialized
2019-08-20 15:19:46,750 [pool-148-thread-1] INFO  server.RaftServerConfigKeys (ConfUtils.java:logGet(43)) - raft.server.rpc.timeout.min = 5s (custom)
2019-08-20 15:19:46,750 [pool-148-thread-1] INFO  server.RaftServerConfigKeys (ConfUtils.java:logGet(43)) - raft.server.rpc.timeout.max = 5200ms (custom)
2019-08-20 15:19:46,750 [pool-148-thread-1] INFO  server.RaftServerConfigKeys (ConfUtils.java:logGet(43)) - raft.server.rpcslowness.timeout = 120s (custom)
2019-08-20 15:19:46,750 [pool-148-thread-1] INFO  server.RaftServerConfigKeys (ConfUtils.java:logGet(43)) - raft.server.sleep.deviation.threshold = 300 (default)
2019-08-20 15:19:46,750 [pool-148-thread-1] INFO  server.RaftServerConfigKeys (ConfUtils.java:logGet(43)) - raft.server.log.appender.install.snapshot.enabled = false (custom)
2019-08-20 15:19:46,750 [pool-148-thread-1] INFO  impl.RaftServerImpl (ServerState.java:<init>(105)) - b133dfae-0d8b-4bac-9f28-d0cb7cdc2bc1:group-B297E06254B0 ConfigurationManager, init=-1: [b133dfae-0d8b-4bac-9f28-d0cb7cdc2bc1:192.168.69.101:37813], old=null, confs=<EMPTY_MAP>
2019-08-20 15:19:46,750 [pool-148-thread-1] INFO  server.RaftServerConfigKeys (ConfUtils.java:logGet(43)) - raft.server.storage.dir = [/workdir/hadoop-ozone/integration-test/target/test-dir/MiniOzoneClusterImpl-1a07f62a-f892-4fdb-b012-3e13de524f8f/datanode-0/data/ratis] (custom)
2019-08-20 15:19:46,751 [pool-148-thread-1] INFO  storage.RaftStorageDirectory (RaftStorageDirectory.java:analyzeStorage(246)) - The storage directory /workdir/hadoop-ozone/integration-test/target/test-dir/MiniOzoneClusterImpl-1a07f62a-f892-4fdb-b012-3e13de524f8f/datanode-0/data/ratis/8d4b7932-a22b-4f73-a202-b297e06254b0 does not exist. Creating ...
2019-08-20 15:19:46,775 [pool-148-thread-1] INFO  storage.RaftStorageDirectory (RaftStorageDirectory.java:tryLock(328)) - Lock on /workdir/hadoop-ozone/integration-test/target/test-dir/MiniOzoneClusterImpl-1a07f62a-f892-4fdb-b012-3e13de524f8f/datanode-0/data/ratis/8d4b7932-a22b-4f73-a202-b297e06254b0/in_use.lock acquired by nodename 16074@pr-hdds-1981264b6-3336735905
2019-08-20 15:19:46,800 [pool-148-thread-1] INFO  storage.RaftStorage (RaftStorage.java:format(72)) - Storage directory /workdir/hadoop-ozone/integration-test/target/test-dir/MiniOzoneClusterImpl-1a07f62a-f892-4fdb-b012-3e13de524f8f/datanode-0/data/ratis/8d4b7932-a22b-4f73-a202-b297e06254b0 has been successfully formatted.
2019-08-20 15:19:46,800 [pool-148-thread-1] INFO  ratis.ContainerStateMachine (ContainerStateMachine.java:loadSnapshot(222)) - group-B297E06254B0: The snapshot info is null. Setting the last applied indexto:(t:0, i:~)
2019-08-20 15:19:46,800 [pool-148-thread-1] INFO  server.RaftServerConfigKeys (ConfUtils.java:logGet(43)) - raft.server.leader.election.timeout = 120s (custom)
2019-08-20 15:19:46,800 [pool-148-thread-1] INFO  server.RaftServerConfigKeys (ConfUtils.java:logGet(43)) - raft.server.log.use.memory = false (default)
2019-08-20 15:19:46,800 [pool-148-thread-1] INFO  server.RaftServerConfigKeys (ConfUtils.java:logGet(43)) - raft.server.log.purge.gap = 1000000 (custom)
2019-08-20 15:19:46,801 [pool-148-thread-1] INFO  server.RaftServerConfigKeys (ConfUtils.java:logGet(43)) - raft.server.log.appender.buffer.byte-limit = 33554432 (custom)
2019-08-20 15:19:46,801 [pool-148-thread-1] INFO  server.RaftServerConfigKeys (ConfUtils.java:logGet(43)) - raft.server.log.segment.size.max = 1048576 (custom)
2019-08-20 15:19:46,801 [pool-148-thread-1] INFO  server.RaftServerConfigKeys (ConfUtils.java:logGet(43)) - raft.server.log.segment.cache.num.max = 2 (custom)
2019-08-20 15:19:46,801 [pool-148-thread-1] INFO  segmented.SegmentedRaftLogWorker (SegmentedRaftLogWorker.java:<init>(172)) - new b133dfae-0d8b-4bac-9f28-d0cb7cdc2bc1-SegmentedRaftLogWorker:Storage Directory /workdir/hadoop-ozone/integration-test/target/test-dir/MiniOzoneClusterImpl-1a07f62a-f892-4fdb-b012-3e13de524f8f/datanode-0/data/ratis/8d4b7932-a22b-4f73-a202-b297e06254b0 for RaftStorage:Storage Directory /workdir/hadoop-ozone/integration-test/target/test-dir/MiniOzoneClusterImpl-1a07f62a-f892-4fdb-b012-3e13de524f8f/datanode-0/data/ratis/8d4b7932-a22b-4f73-a202-b297e06254b0
2019-08-20 15:19:46,801 [pool-148-thread-1] INFO  server.RaftServerConfigKeys (ConfUtils.java:logGet(43)) - raft.server.log.queue.byte-limit = 2147483647 (custom)
2019-08-20 15:19:46,801 [pool-148-thread-1] INFO  server.RaftServerConfigKeys (ConfUtils.java:logGet(43)) - raft.server.log.queue.element-limit = 1024 (custom)
2019-08-20 15:19:46,801 [pool-148-thread-1] INFO  server.RaftServerConfigKeys (ConfUtils.java:logGet(43)) - raft.server.log.segment.size.max = 1048576 (custom)
2019-08-20 15:19:46,802 [pool-148-thread-1] INFO  server.RaftServerConfigKeys (ConfUtils.java:logGet(43)) - raft.server.log.preallocated.size = 16384 (custom)
2019-08-20 15:19:46,802 [pool-148-thread-1] INFO  server.RaftServerConfigKeys (ConfUtils.java:logGet(43)) - raft.server.log.write.buffer.size = 33554432 (custom)
2019-08-20 15:19:46,802 [pool-148-thread-1] INFO  server.RaftServerConfigKeys (ConfUtils.java:logGet(43)) - raft.server.log.force.sync.num = 128 (default)
2019-08-20 15:19:46,802 [pool-148-thread-1] INFO  server.RaftServerConfigKeys (ConfUtils.java:logGet(43)) - raft.server.log.statemachine.data.sync = true (default)
2019-08-20 15:19:46,802 [pool-148-thread-1] INFO  server.RaftServerConfigKeys (ConfUtils.java:logGet(43)) - raft.server.log.statemachine.data.sync.timeout = 10s (default)
2019-08-20 15:19:46,802 [pool-148-thread-1] INFO  server.RaftServerConfigKeys (ConfUtils.java:logGet(43)) - raft.server.log.statemachine.data.sync.timeout.retry = -1 (default)
2019-08-20 15:19:46,802 [pool-148-thread-1] INFO  server.RaftServerConfigKeys (ConfUtils.java:logGet(43)) - raft.server.log.statemachine.data.caching.enabled = true (custom)
2019-08-20 15:19:46,803 [pool-148-thread-1] INFO  segmented.SegmentedRaftLogWorker (SegmentedRaftLogWorker.java:lambda$new$0(132)) - b133dfae-0d8b-4bac-9f28-d0cb7cdc2bc1-SegmentedRaftLogWorker:Storage Directory /workdir/hadoop-ozone/integration-test/target/test-dir/MiniOzoneClusterImpl-1a07f62a-f892-4fdb-b012-3e13de524f8f/datanode-0/data/ratis/8d4b7932-a22b-4f73-a202-b297e06254b0: flushIndex: setUnconditionally 0 -> -1
2019-08-20 15:19:46,803 [pool-148-thread-1] INFO  server.RaftServerConfigKeys (ConfUtils.java:logGet(43)) - raft.server.snapshot.auto.trigger.enabled = true (custom)
2019-08-20 15:19:46,803 [pool-148-thread-1] INFO  server.RaftServerConfigKeys (ConfUtils.java:logGet(43)) - raft.server.snapshot.auto.trigger.threshold = 10000 (custom)
2019-08-20 15:19:46,804 [pool-148-thread-1] INFO  server.RaftServerConfigKeys (ConfUtils.java:logGet(43)) - raft.server.retrycache.expirytime = 600000ms (custom)
2019-08-20 15:19:46,804 [pool-148-thread-1] INFO  impl.RaftServerImpl (RaftServerImpl.java:start(180)) - b133dfae-0d8b-4bac-9f28-d0cb7cdc2bc1: start group-B297E06254B0
2019-08-20 15:19:46,804 [pool-148-thread-1] INFO  impl.RaftServerImpl (RaftServerImpl.java:setRole(171)) - b133dfae-0d8b-4bac-9f28-d0cb7cdc2bc1:group-B297E06254B0 changes role from null to FOLLOWER at term 0 for startAsFollower
2019-08-20 15:19:46,804 [pool-148-thread-1] INFO  impl.RoleInfo (RoleInfo.java:updateAndGet(143)) - b133dfae-0d8b-4bac-9f28-d0cb7cdc2bc1: start FollowerState
2019-08-20 15:19:46,805 [pool-148-thread-1] INFO  util.JmxRegister (JmxRegister.java:tryRegister(44)) - Successfully registered JMX Bean with object name Ratis:service=RaftServer,group=group-B297E06254B0,id=b133dfae-0d8b-4bac-9f28-d0cb7cdc2bc1
2019-08-20 15:19:46,811 [RatisPipelineUtilsThread] INFO  pipeline.PipelineStateManager (PipelineStateManager.java:addPipeline(56)) - Created pipeline Pipeline[ Id: 8d4b7932-a22b-4f73-a202-b297e06254b0, Nodes: b133dfae-0d8b-4bac-9f28-d0cb7cdc2bc1{ip: 192.168.69.101, host: pr-hdds-1981264b6-3336735905, networkLocation: /default-rack, certSerialId: null}, Type:RATIS, Factor:ONE, State:OPEN]
2019-08-20 15:19:46,821 [grpc-default-executor-0] INFO  impl.RaftServerProxy (RaftServerProxy.java:addNew(89)) - 6fd3ed34-8a63-4874-8589-87309973ae65: addNew group-AAE40B065D87:[6fd3ed34-8a63-4874-8589-87309973ae65:192.168.69.101:33798] returns group-AAE40B065D87:java.util.concurrent.CompletableFuture@134b2187[Not completed]
2019-08-20 15:19:46,822 [pool-159-thread-1] INFO  impl.RaftServerImpl (RaftServerImpl.java:<init>(93)) - 6fd3ed34-8a63-4874-8589-87309973ae65: new RaftServerImpl for group-AAE40B065D87:[6fd3ed34-8a63-4874-8589-87309973ae65:192.168.69.101:33798] with ContainerStateMachine:uninitialized
2019-08-20 15:19:46,823 [pool-159-thread-1] INFO  server.RaftServerConfigKeys (ConfUtils.java:logGet(43)) - raft.server.rpc.timeout.min = 5s (custom)
2019-08-20 15:19:46,823 [pool-159-thread-1] INFO  server.RaftServerConfigKeys (ConfUtils.java:logGet(43)) - raft.server.rpc.timeout.max = 5200ms (custom)
2019-08-20 15:19:46,823 [pool-159-thread-1] INFO  server.RaftServerConfigKeys (ConfUtils.java:logGet(43)) - raft.server.rpcslowness.timeout = 120s (custom)
2019-08-20 15:19:46,823 [pool-159-thread-1] INFO  server.RaftServerConfigKeys (ConfUtils.java:logGet(43)) - raft.server.sleep.deviation.threshold = 300 (default)
2019-08-20 15:19:46,823 [pool-159-thread-1] INFO  server.RaftServerConfigKeys (ConfUtils.java:logGet(43)) - raft.server.log.appender.install.snapshot.enabled = false (custom)
2019-08-20 15:19:46,824 [pool-159-thread-1] INFO  impl.RaftServerImpl (ServerState.java:<init>(105)) - 6fd3ed34-8a63-4874-8589-87309973ae65:group-AAE40B065D87 ConfigurationManager, init=-1: [6fd3ed34-8a63-4874-8589-87309973ae65:192.168.69.101:33798], old=null, confs=<EMPTY_MAP>
2019-08-20 15:19:46,824 [pool-159-thread-1] INFO  server.RaftServerConfigKeys (ConfUtils.java:logGet(43)) - raft.server.storage.dir = [/workdir/hadoop-ozone/integration-test/target/test-dir/MiniOzoneClusterImpl-1a07f62a-f892-4fdb-b012-3e13de524f8f/datanode-1/data/ratis] (custom)
2019-08-20 15:19:46,824 [pool-159-thread-1] INFO  storage.RaftStorageDirectory (RaftStorageDirectory.java:analyzeStorage(246)) - The storage directory /workdir/hadoop-ozone/integration-test/target/test-dir/MiniOzoneClusterImpl-1a07f62a-f892-4fdb-b012-3e13de524f8f/datanode-1/data/ratis/d0f6d220-ecc1-4113-84fc-aae40b065d87 does not exist. Creating ...
2019-08-20 15:19:46,848 [pool-159-thread-1] INFO  storage.RaftStorageDirectory (RaftStorageDirectory.java:tryLock(328)) - Lock on /workdir/hadoop-ozone/integration-test/target/test-dir/MiniOzoneClusterImpl-1a07f62a-f892-4fdb-b012-3e13de524f8f/datanode-1/data/ratis/d0f6d220-ecc1-4113-84fc-aae40b065d87/in_use.lock acquired by nodename 16074@pr-hdds-1981264b6-3336735905
2019-08-20 15:19:46,872 [pool-159-thread-1] INFO  storage.RaftStorage (RaftStorage.java:format(72)) - Storage directory /workdir/hadoop-ozone/integration-test/target/test-dir/MiniOzoneClusterImpl-1a07f62a-f892-4fdb-b012-3e13de524f8f/datanode-1/data/ratis/d0f6d220-ecc1-4113-84fc-aae40b065d87 has been successfully formatted.
2019-08-20 15:19:46,872 [pool-159-thread-1] INFO  ratis.ContainerStateMachine (ContainerStateMachine.java:loadSnapshot(222)) - group-AAE40B065D87: The snapshot info is null. Setting the last applied indexto:(t:0, i:~)
2019-08-20 15:19:46,872 [pool-159-thread-1] INFO  server.RaftServerConfigKeys (ConfUtils.java:logGet(43)) - raft.server.leader.election.timeout = 120s (custom)
2019-08-20 15:19:46,872 [pool-159-thread-1] INFO  server.RaftServerConfigKeys (ConfUtils.java:logGet(43)) - raft.server.log.use.memory = false (default)
2019-08-20 15:19:46,873 [pool-159-thread-1] INFO  server.RaftServerConfigKeys (ConfUtils.java:logGet(43)) - raft.server.log.purge.gap = 1000000 (custom)
2019-08-20 15:19:46,873 [pool-159-thread-1] INFO  server.RaftServerConfigKeys (ConfUtils.java:logGet(43)) - raft.server.log.appender.buffer.byte-limit = 33554432 (custom)
2019-08-20 15:19:46,873 [pool-159-thread-1] INFO  server.RaftServerConfigKeys (ConfUtils.java:logGet(43)) - raft.server.log.segment.size.max = 1048576 (custom)
2019-08-20 15:19:46,873 [pool-159-thread-1] INFO  server.RaftServerConfigKeys (ConfUtils.java:logGet(43)) - raft.server.log.segment.cache.num.max = 2 (custom)
2019-08-20 15:19:46,873 [pool-159-thread-1] INFO  segmented.SegmentedRaftLogWorker (SegmentedRaftLogWorker.java:<init>(172)) - new 6fd3ed34-8a63-4874-8589-87309973ae65-SegmentedRaftLogWorker:Storage Directory /workdir/hadoop-ozone/integration-test/target/test-dir/MiniOzoneClusterImpl-1a07f62a-f892-4fdb-b012-3e13de524f8f/datanode-1/data/ratis/d0f6d220-ecc1-4113-84fc-aae40b065d87 for RaftStorage:Storage Directory /workdir/hadoop-ozone/integration-test/target/test-dir/MiniOzoneClusterImpl-1a07f62a-f892-4fdb-b012-3e13de524f8f/datanode-1/data/ratis/d0f6d220-ecc1-4113-84fc-aae40b065d87
2019-08-20 15:19:46,873 [pool-159-thread-1] INFO  server.RaftServerConfigKeys (ConfUtils.java:logGet(43)) - raft.server.log.queue.byte-limit = 2147483647 (custom)
2019-08-20 15:19:46,873 [pool-159-thread-1] INFO  server.RaftServerConfigKeys (ConfUtils.java:logGet(43)) - raft.server.log.queue.element-limit = 1024 (custom)
2019-08-20 15:19:46,874 [pool-159-thread-1] INFO  server.RaftServerConfigKeys (ConfUtils.java:logGet(43)) - raft.server.log.segment.size.max = 1048576 (custom)
2019-08-20 15:19:46,874 [pool-159-thread-1] INFO  server.RaftServerConfigKeys (ConfUtils.java:logGet(43)) - raft.server.log.preallocated.size = 16384 (custom)
2019-08-20 15:19:46,874 [pool-159-thread-1] INFO  server.RaftServerConfigKeys (ConfUtils.java:logGet(43)) - raft.server.log.write.buffer.size = 33554432 (custom)
2019-08-20 15:19:46,874 [pool-159-thread-1] INFO  server.RaftServerConfigKeys (ConfUtils.java:logGet(43)) - raft.server.log.force.sync.num = 128 (default)
2019-08-20 15:19:46,874 [pool-159-thread-1] INFO  server.RaftServerConfigKeys (ConfUtils.java:logGet(43)) - raft.server.log.statemachine.data.sync = true (default)
2019-08-20 15:19:46,874 [pool-159-thread-1] INFO  server.RaftServerConfigKeys (ConfUtils.java:logGet(43)) - raft.server.log.statemachine.data.sync.timeout = 10s (default)
2019-08-20 15:19:46,874 [pool-159-thread-1] INFO  server.RaftServerConfigKeys (ConfUtils.java:logGet(43)) - raft.server.log.statemachine.data.sync.timeout.retry = -1 (default)
2019-08-20 15:19:46,875 [pool-159-thread-1] INFO  server.RaftServerConfigKeys (ConfUtils.java:logGet(43)) - raft.server.log.statemachine.data.caching.enabled = true (custom)
2019-08-20 15:19:46,875 [pool-159-thread-1] INFO  segmented.SegmentedRaftLogWorker (SegmentedRaftLogWorker.java:lambda$new$0(132)) - 6fd3ed34-8a63-4874-8589-87309973ae65-SegmentedRaftLogWorker:Storage Directory /workdir/hadoop-ozone/integration-test/target/test-dir/MiniOzoneClusterImpl-1a07f62a-f892-4fdb-b012-3e13de524f8f/datanode-1/data/ratis/d0f6d220-ecc1-4113-84fc-aae40b065d87: flushIndex: setUnconditionally 0 -> -1
2019-08-20 15:19:46,875 [pool-159-thread-1] INFO  server.RaftServerConfigKeys (ConfUtils.java:logGet(43)) - raft.server.snapshot.auto.trigger.enabled = true (custom)
2019-08-20 15:19:46,876 [pool-159-thread-1] INFO  server.RaftServerConfigKeys (ConfUtils.java:logGet(43)) - raft.server.snapshot.auto.trigger.threshold = 10000 (custom)
2019-08-20 15:19:46,876 [pool-159-thread-1] INFO  server.RaftServerConfigKeys (ConfUtils.java:logGet(43)) - raft.server.retrycache.expirytime = 600000ms (custom)
2019-08-20 15:19:46,876 [pool-159-thread-1] INFO  impl.RaftServerImpl (RaftServerImpl.java:start(180)) - 6fd3ed34-8a63-4874-8589-87309973ae65: start group-AAE40B065D87
2019-08-20 15:19:46,876 [pool-159-thread-1] INFO  impl.RaftServerImpl (RaftServerImpl.java:setRole(171)) - 6fd3ed34-8a63-4874-8589-87309973ae65:group-AAE40B065D87 changes role from null to FOLLOWER at term 0 for startAsFollower
2019-08-20 15:19:46,876 [pool-159-thread-1] INFO  impl.RoleInfo (RoleInfo.java:updateAndGet(143)) - 6fd3ed34-8a63-4874-8589-87309973ae65: start FollowerState
2019-08-20 15:19:46,877 [pool-159-thread-1] INFO  util.JmxRegister (JmxRegister.java:tryRegister(44)) - Successfully registered JMX Bean with object name Ratis:service=RaftServer,group=group-AAE40B065D87,id=6fd3ed34-8a63-4874-8589-87309973ae65
2019-08-20 15:19:46,885 [RatisPipelineUtilsThread] INFO  pipeline.PipelineStateManager (PipelineStateManager.java:addPipeline(56)) - Created pipeline Pipeline[ Id: d0f6d220-ecc1-4113-84fc-aae40b065d87, Nodes: 6fd3ed34-8a63-4874-8589-87309973ae65{ip: 192.168.69.101, host: pr-hdds-1981264b6-3336735905, networkLocation: /default-rack, certSerialId: null}, Type:RATIS, Factor:ONE, State:OPEN]
2019-08-20 15:19:47,061 | INFO  | SCMAudit | user=jenkins1000 | ip=192.168.69.101 | op=SEND_HEARTBEAT {datanodeUUID=489867c4-c9de-42bb-b37c-5cd48de4ec28, command=[]} | ret=SUCCESS |  
2019-08-20 15:19:47,268 [main] INFO  ozone.MiniOzoneClusterImpl (MiniOzoneClusterImpl.java:shutdown(321)) - Shutting down the Mini Ozone Cluster
2019-08-20 15:19:47,268 | INFO  | SCMAudit | user=null | ip=null | op=GET_SCM_INFO null | ret=SUCCESS |  
2019-08-20 15:19:47,269 [main] INFO  ozone.MiniOzoneClusterImpl (MiniOzoneClusterImpl.java:stop(336)) - Stopping the Mini Ozone Cluster
2019-08-20 15:19:47,269 [main] INFO  ozone.MiniOzoneClusterImpl (MiniOzoneClusterImpl.java:stop(338)) - Stopping the OzoneManager
2019-08-20 15:19:47,270 [main] INFO  ipc.Server (Server.java:stop(3082)) - Stopping server on 45465
2019-08-20 15:19:47,277 [IPC Server listener on 45465] INFO  ipc.Server (Server.java:run(1185)) - Stopping IPC Server listener on 45465
2019-08-20 15:19:47,277 [main] INFO  ratis.OzoneManagerDoubleBuffer (OzoneManagerDoubleBuffer.java:stop(248)) - Stopping OMDoubleBuffer flush thread
2019-08-20 15:19:47,285 [IPC Server Responder] INFO  ipc.Server (Server.java:run(1319)) - Stopping IPC Server Responder
2019-08-20 15:19:47,285 [OMDoubleBufferFlushThread] INFO  ratis.OzoneManagerDoubleBuffer (OzoneManagerDoubleBuffer.java:flushTransactions(191)) - OMDoubleBuffer flush thread OMDoubleBufferFlushThread is interrupted and will exit. OMDoubleBufferFlushThread
2019-08-20 15:19:47,287 [main] INFO  utils.BackgroundService (BackgroundService.java:shutdown(148)) - Shutting down service KeyDeletingService
2019-08-20 15:19:47,291 [main] INFO  handler.ContextHandler (ContextHandler.java:doStop(910)) - Stopped o.e.j.w.WebAppContext@23362d87{/,null,UNAVAILABLE}{/ozoneManager}
2019-08-20 15:19:47,292 [main] INFO  server.AbstractConnector (AbstractConnector.java:doStop(318)) - Stopped ServerConnector@6e33b8ab{HTTP/1.1,[http/1.1]}{0.0.0.0:0}
2019-08-20 15:19:47,293 [main] INFO  handler.ContextHandler (ContextHandler.java:doStop(910)) - Stopped o.e.j.s.ServletContextHandler@329577e6{/static,file:///workdir/hadoop-ozone/integration-test/target/test-classes/webapps/static,UNAVAILABLE}
2019-08-20 15:19:47,295 [main] INFO  handler.ContextHandler (ContextHandler.java:doStop(910)) - Stopped o.e.j.s.ServletContextHandler@27880e73{/logs,file:///workdir/hadoop-ozone/integration-test/target/log,UNAVAILABLE}
2019-08-20 15:19:47,299 [main] INFO  ozone.MiniOzoneClusterImpl (MiniOzoneClusterImpl.java:stop(344)) - Shutting the HddsDatanodes
2019-08-20 15:19:47,299 [main] INFO  datanode.ObjectStoreHandler (ObjectStoreHandler.java:close(155)) - Closing ObjectStoreHandler.
2019-08-20 15:19:47,299 [ForkJoinPool.commonPool-worker-1] INFO  datanode.ObjectStoreHandler (ObjectStoreHandler.java:close(155)) - Closing ObjectStoreHandler.
2019-08-20 15:19:47,300 [main] INFO  ozone.HddsDatanodeService (HddsDatanodeService.java:stop(451)) - Stopped plug-in org.apache.hadoop.ozone.web.OzoneHddsDatanodeService@22ff7054
2019-08-20 15:19:47,300 [ForkJoinPool.commonPool-worker-1] INFO  ozone.HddsDatanodeService (HddsDatanodeService.java:stop(451)) - Stopped plug-in org.apache.hadoop.ozone.web.OzoneHddsDatanodeService@5f0a201f
2019-08-20 15:19:47,374 [Datanode State Machine Thread - 0] INFO  statemachine.DatanodeStateMachine (DatanodeStateMachine.java:lambda$startDaemon$0(350)) - Ozone container server started.
2019-08-20 15:19:47,503 [Thread-593] INFO  impl.FollowerState (FollowerState.java:run(106)) - b133dfae-0d8b-4bac-9f28-d0cb7cdc2bc1:group-ADE561B89288 changes to CANDIDATE, lastRpcTime:5113, electionTimeout:5113ms
2019-08-20 15:19:47,503 [Thread-593] INFO  impl.RoleInfo (RoleInfo.java:shutdownFollowerState(121)) - b133dfae-0d8b-4bac-9f28-d0cb7cdc2bc1: shutdown FollowerState
2019-08-20 15:19:47,503 [Thread-593] INFO  impl.RaftServerImpl (RaftServerImpl.java:setRole(171)) - b133dfae-0d8b-4bac-9f28-d0cb7cdc2bc1:group-ADE561B89288 changes role from FOLLOWER to CANDIDATE at term 1 for changeToCandidate
2019-08-20 15:19:47,503 [Thread-593] INFO  impl.RoleInfo (RoleInfo.java:updateAndGet(143)) - b133dfae-0d8b-4bac-9f28-d0cb7cdc2bc1: start LeaderElection
2019-08-20 15:19:47,531 [b133dfae-0d8b-4bac-9f28-d0cb7cdc2bc1:group-ADE561B89288:LeaderElection16] INFO  impl.LeaderElection (LeaderElection.java:askForVotes(181)) - b133dfae-0d8b-4bac-9f28-d0cb7cdc2bc1:group-ADE561B89288:LeaderElection16: begin an election at term 2 for 0: [b133dfae-0d8b-4bac-9f28-d0cb7cdc2bc1:192.168.69.101:37813], old=null
2019-08-20 15:19:47,531 [b133dfae-0d8b-4bac-9f28-d0cb7cdc2bc1:group-ADE561B89288:LeaderElection16] INFO  impl.RoleInfo (RoleInfo.java:shutdownLeaderElection(134)) - b133dfae-0d8b-4bac-9f28-d0cb7cdc2bc1: shutdown LeaderElection
2019-08-20 15:19:47,531 [b133dfae-0d8b-4bac-9f28-d0cb7cdc2bc1:group-ADE561B89288:LeaderElection16] INFO  impl.RaftServerImpl (RaftServerImpl.java:setRole(171)) - b133dfae-0d8b-4bac-9f28-d0cb7cdc2bc1:group-ADE561B89288 changes role from CANDIDATE to LEADER at term 2 for changeToLeader
2019-08-20 15:19:47,531 [b133dfae-0d8b-4bac-9f28-d0cb7cdc2bc1:group-ADE561B89288:LeaderElection16] INFO  impl.RaftServerImpl (ServerState.java:setLeader(263)) - b133dfae-0d8b-4bac-9f28-d0cb7cdc2bc1:group-ADE561B89288 change Leader from null to b133dfae-0d8b-4bac-9f28-d0cb7cdc2bc1 at term 2 for becomeLeader, leader elected after 7262ms
2019-08-20 15:19:47,532 [b133dfae-0d8b-4bac-9f28-d0cb7cdc2bc1:group-ADE561B89288:LeaderElection16] INFO  server.RaftServerConfigKeys (ConfUtils.java:logGet(43)) - raft.server.staging.catchup.gap = 1000 (default)
2019-08-20 15:19:47,532 [b133dfae-0d8b-4bac-9f28-d0cb7cdc2bc1:group-ADE561B89288:LeaderElection16] INFO  server.RaftServerConfigKeys (ConfUtils.java:logGet(43)) - raft.server.rpc.sleep.time = 25ms (default)
2019-08-20 15:19:47,532 [b133dfae-0d8b-4bac-9f28-d0cb7cdc2bc1:group-ADE561B89288:LeaderElection16] INFO  server.RaftServerConfigKeys (ConfUtils.java:logGet(43)) - raft.server.write.element-limit = 4096 (default)
2019-08-20 15:19:47,532 [b133dfae-0d8b-4bac-9f28-d0cb7cdc2bc1:group-ADE561B89288:LeaderElection16] INFO  server.RaftServerConfigKeys (ConfUtils.java:logGet(43)) - raft.server.watch.timeout = 10s (default)
2019-08-20 15:19:47,532 [b133dfae-0d8b-4bac-9f28-d0cb7cdc2bc1:group-ADE561B89288:LeaderElection16] INFO  server.RaftServerConfigKeys (ConfUtils.java:logGet(43)) - raft.server.watch.timeout.denomination = 1s (default)
2019-08-20 15:19:47,533 [b133dfae-0d8b-4bac-9f28-d0cb7cdc2bc1:group-ADE561B89288:LeaderElection16] INFO  server.RaftServerConfigKeys (ConfUtils.java:logGet(43)) - raft.server.watch.element-limit = 65536 (default)
2019-08-20 15:19:47,533 [b133dfae-0d8b-4bac-9f28-d0cb7cdc2bc1:group-ADE561B89288:LeaderElection16] INFO  impl.RoleInfo (RoleInfo.java:updateAndGet(143)) - b133dfae-0d8b-4bac-9f28-d0cb7cdc2bc1: start LeaderState
2019-08-20 15:19:47,533 [b133dfae-0d8b-4bac-9f28-d0cb7cdc2bc1:group-ADE561B89288:LeaderElection16] INFO  segmented.SegmentedRaftLogWorker (SegmentedRaftLogWorker.java:rollLogSegment(385)) - b133dfae-0d8b-4bac-9f28-d0cb7cdc2bc1-SegmentedRaftLogWorker:Storage Directory /workdir/hadoop-ozone/integration-test/target/test-dir/MiniOzoneClusterImpl-1a07f62a-f892-4fdb-b012-3e13de524f8f/datanode-0/data/ratis/819e5780-c689-46ca-88e6-ade561b89288: Rolling segment log-0_0 to index:0
2019-08-20 15:19:47,537 [b133dfae-0d8b-4bac-9f28-d0cb7cdc2bc1-SegmentedRaftLogWorker:Storage Directory /workdir/hadoop-ozone/integration-test/target/test-dir/MiniOzoneClusterImpl-1a07f62a-f892-4fdb-b012-3e13de524f8f/datanode-0/data/ratis/819e5780-c689-46ca-88e6-ade561b89288] INFO  segmented.SegmentedRaftLogWorker (SegmentedRaftLogWorker.java:execute(526)) - b133dfae-0d8b-4bac-9f28-d0cb7cdc2bc1-SegmentedRaftLogWorker:Storage Directory /workdir/hadoop-ozone/integration-test/target/test-dir/MiniOzoneClusterImpl-1a07f62a-f892-4fdb-b012-3e13de524f8f/datanode-0/data/ratis/819e5780-c689-46ca-88e6-ade561b89288: Rolled log segment from /workdir/hadoop-ozone/integration-test/target/test-dir/MiniOzoneClusterImpl-1a07f62a-f892-4fdb-b012-3e13de524f8f/datanode-0/data/ratis/819e5780-c689-46ca-88e6-ade561b89288/current/log_inprogress_0 to /workdir/hadoop-ozone/integration-test/target/test-dir/MiniOzoneClusterImpl-1a07f62a-f892-4fdb-b012-3e13de524f8f/datanode-0/data/ratis/819e5780-c689-46ca-88e6-ade561b89288/current/log_0-0
2019-08-20 15:19:47,541 [b133dfae-0d8b-4bac-9f28-d0cb7cdc2bc1:group-ADE561B89288:LeaderElection16] INFO  impl.RaftServerImpl (ServerState.java:setRaftConf(361)) - b133dfae-0d8b-4bac-9f28-d0cb7cdc2bc1:group-ADE561B89288 set configuration 1: [b133dfae-0d8b-4bac-9f28-d0cb7cdc2bc1:192.168.69.101:37813], old=null at 1
2019-08-20 15:19:47,591 [b133dfae-0d8b-4bac-9f28-d0cb7cdc2bc1-SegmentedRaftLogWorker:Storage Directory /workdir/hadoop-ozone/integration-test/target/test-dir/MiniOzoneClusterImpl-1a07f62a-f892-4fdb-b012-3e13de524f8f/datanode-0/data/ratis/819e5780-c689-46ca-88e6-ade561b89288] INFO  segmented.SegmentedRaftLogWorker (SegmentedRaftLogWorker.java:execute(569)) - b133dfae-0d8b-4bac-9f28-d0cb7cdc2bc1-SegmentedRaftLogWorker:Storage Directory /workdir/hadoop-ozone/integration-test/target/test-dir/MiniOzoneClusterImpl-1a07f62a-f892-4fdb-b012-3e13de524f8f/datanode-0/data/ratis/819e5780-c689-46ca-88e6-ade561b89288: created new log segment /workdir/hadoop-ozone/integration-test/target/test-dir/MiniOzoneClusterImpl-1a07f62a-f892-4fdb-b012-3e13de524f8f/datanode-0/data/ratis/819e5780-c689-46ca-88e6-ade561b89288/current/log_inprogress_1
2019-08-20 15:19:47,619 [Datanode State Machine Thread - 0] INFO  statemachine.DatanodeStateMachine (DatanodeStateMachine.java:lambda$startDaemon$0(350)) - Ozone container server started.
2019-08-20 15:19:47,698 [Thread-596] INFO  impl.FollowerState (FollowerState.java:run(106)) - 6fd3ed34-8a63-4874-8589-87309973ae65:group-521B00374A20 changes to CANDIDATE, lastRpcTime:5067, electionTimeout:5067ms
2019-08-20 15:19:47,698 [Thread-596] INFO  impl.RoleInfo (RoleInfo.java:shutdownFollowerState(121)) - 6fd3ed34-8a63-4874-8589-87309973ae65: shutdown FollowerState
2019-08-20 15:19:47,698 [Thread-596] INFO  impl.RaftServerImpl (RaftServerImpl.java:setRole(171)) - 6fd3ed34-8a63-4874-8589-87309973ae65:group-521B00374A20 changes role from FOLLOWER to CANDIDATE at term 1 for changeToCandidate
2019-08-20 15:19:47,698 [Thread-596] INFO  impl.RoleInfo (RoleInfo.java:updateAndGet(143)) - 6fd3ed34-8a63-4874-8589-87309973ae65: start LeaderElection
2019-08-20 15:19:47,731 [6fd3ed34-8a63-4874-8589-87309973ae65:group-521B00374A20:LeaderElection17] INFO  impl.LeaderElection (LeaderElection.java:askForVotes(181)) - 6fd3ed34-8a63-4874-8589-87309973ae65:group-521B00374A20:LeaderElection17: begin an election at term 2 for 0: [6fd3ed34-8a63-4874-8589-87309973ae65:192.168.69.101:33798], old=null
2019-08-20 15:19:47,731 [6fd3ed34-8a63-4874-8589-87309973ae65:group-521B00374A20:LeaderElection17] INFO  impl.RoleInfo (RoleInfo.java:shutdownLeaderElection(134)) - 6fd3ed34-8a63-4874-8589-87309973ae65: shutdown LeaderElection
2019-08-20 15:19:47,732 [6fd3ed34-8a63-4874-8589-87309973ae65:group-521B00374A20:LeaderElection17] INFO  impl.RaftServerImpl (RaftServerImpl.java:setRole(171)) - 6fd3ed34-8a63-4874-8589-87309973ae65:group-521B00374A20 changes role from CANDIDATE to LEADER at term 2 for changeToLeader
2019-08-20 15:19:47,732 [6fd3ed34-8a63-4874-8589-87309973ae65:group-521B00374A20:LeaderElection17] INFO  impl.RaftServerImpl (ServerState.java:setLeader(263)) - 6fd3ed34-8a63-4874-8589-87309973ae65:group-521B00374A20 change Leader from null to 6fd3ed34-8a63-4874-8589-87309973ae65 at term 2 for becomeLeader, leader elected after 7217ms
2019-08-20 15:19:47,732 [6fd3ed34-8a63-4874-8589-87309973ae65:group-521B00374A20:LeaderElection17] INFO  server.RaftServerConfigKeys (ConfUtils.java:logGet(43)) - raft.server.staging.catchup.gap = 1000 (default)
2019-08-20 15:19:47,732 [6fd3ed34-8a63-4874-8589-87309973ae65:group-521B00374A20:LeaderElection17] INFO  server.RaftServerConfigKeys (ConfUtils.java:logGet(43)) - raft.server.rpc.sleep.time = 25ms (default)
2019-08-20 15:19:47,732 [6fd3ed34-8a63-4874-8589-87309973ae65:group-521B00374A20:LeaderElection17] INFO  server.RaftServerConfigKeys (ConfUtils.java:logGet(43)) - raft.server.write.element-limit = 4096 (default)
2019-08-20 15:19:47,733 [6fd3ed34-8a63-4874-8589-87309973ae65:group-521B00374A20:LeaderElection17] INFO  server.RaftServerConfigKeys (ConfUtils.java:logGet(43)) - raft.server.watch.timeout = 10s (default)
2019-08-20 15:19:47,733 [6fd3ed34-8a63-4874-8589-87309973ae65:group-521B00374A20:LeaderElection17] INFO  server.RaftServerConfigKeys (ConfUtils.java:logGet(43)) - raft.server.watch.timeout.denomination = 1s (default)
2019-08-20 15:19:47,733 [6fd3ed34-8a63-4874-8589-87309973ae65:group-521B00374A20:LeaderElection17] INFO  server.RaftServerConfigKeys (ConfUtils.java:logGet(43)) - raft.server.watch.element-limit = 65536 (default)
2019-08-20 15:19:47,733 [6fd3ed34-8a63-4874-8589-87309973ae65:group-521B00374A20:LeaderElection17] INFO  impl.RoleInfo (RoleInfo.java:updateAndGet(143)) - 6fd3ed34-8a63-4874-8589-87309973ae65: start LeaderState
2019-08-20 15:19:47,734 [6fd3ed34-8a63-4874-8589-87309973ae65:group-521B00374A20:LeaderElection17] INFO  segmented.SegmentedRaftLogWorker (SegmentedRaftLogWorker.java:rollLogSegment(385)) - 6fd3ed34-8a63-4874-8589-87309973ae65-SegmentedRaftLogWorker:Storage Directory /workdir/hadoop-ozone/integration-test/target/test-dir/MiniOzoneClusterImpl-1a07f62a-f892-4fdb-b012-3e13de524f8f/datanode-1/data/ratis/2939f51d-50e7-4909-a0d6-521b00374a20: Rolling segment log-0_0 to index:0
2019-08-20 15:19:47,735 [6fd3ed34-8a63-4874-8589-87309973ae65:group-521B00374A20:LeaderElection17] INFO  impl.RaftServerImpl (ServerState.java:setRaftConf(361)) - 6fd3ed34-8a63-4874-8589-87309973ae65:group-521B00374A20 set configuration 1: [6fd3ed34-8a63-4874-8589-87309973ae65:192.168.69.101:33798], old=null at 1
2019-08-20 15:19:47,737 [6fd3ed34-8a63-4874-8589-87309973ae65-SegmentedRaftLogWorker:Storage Directory /workdir/hadoop-ozone/integration-test/target/test-dir/MiniOzoneClusterImpl-1a07f62a-f892-4fdb-b012-3e13de524f8f/datanode-1/data/ratis/2939f51d-50e7-4909-a0d6-521b00374a20] INFO  segmented.SegmentedRaftLogWorker (SegmentedRaftLogWorker.java:execute(526)) - 6fd3ed34-8a63-4874-8589-87309973ae65-SegmentedRaftLogWorker:Storage Directory /workdir/hadoop-ozone/integration-test/target/test-dir/MiniOzoneClusterImpl-1a07f62a-f892-4fdb-b012-3e13de524f8f/datanode-1/data/ratis/2939f51d-50e7-4909-a0d6-521b00374a20: Rolled log segment from /workdir/hadoop-ozone/integration-test/target/test-dir/MiniOzoneClusterImpl-1a07f62a-f892-4fdb-b012-3e13de524f8f/datanode-1/data/ratis/2939f51d-50e7-4909-a0d6-521b00374a20/current/log_inprogress_0 to /workdir/hadoop-ozone/integration-test/target/test-dir/MiniOzoneClusterImpl-1a07f62a-f892-4fdb-b012-3e13de524f8f/datanode-1/data/ratis/2939f51d-50e7-4909-a0d6-521b00374a20/current/log_0-0
2019-08-20 15:19:47,774 [grpc-default-executor-0] INFO  impl.RaftServerProxy (RaftServerProxy.java:addNew(89)) - 489867c4-c9de-42bb-b37c-5cd48de4ec28: addNew group-B91DDEE7DB16:[489867c4-c9de-42bb-b37c-5cd48de4ec28:192.168.69.101:32990] returns group-B91DDEE7DB16:java.util.concurrent.CompletableFuture@7a0b05ae[Not completed]
2019-08-20 15:19:47,775 [pool-170-thread-1] INFO  impl.RaftServerImpl (RaftServerImpl.java:<init>(93)) - 489867c4-c9de-42bb-b37c-5cd48de4ec28: new RaftServerImpl for group-B91DDEE7DB16:[489867c4-c9de-42bb-b37c-5cd48de4ec28:192.168.69.101:32990] with ContainerStateMachine:uninitialized
2019-08-20 15:19:47,775 [pool-170-thread-1] INFO  server.RaftServerConfigKeys (ConfUtils.java:logGet(43)) - raft.server.rpc.timeout.min = 5s (custom)
2019-08-20 15:19:47,776 [pool-170-thread-1] INFO  server.RaftServerConfigKeys (ConfUtils.java:logGet(43)) - raft.server.rpc.timeout.max = 5200ms (custom)
2019-08-20 15:19:47,776 [pool-170-thread-1] INFO  server.RaftServerConfigKeys (ConfUtils.java:logGet(43)) - raft.server.rpcslowness.timeout = 120s (custom)
2019-08-20 15:19:47,776 [pool-170-thread-1] INFO  server.RaftServerConfigKeys (ConfUtils.java:logGet(43)) - raft.server.sleep.deviation.threshold = 300 (default)
2019-08-20 15:19:47,776 [pool-170-thread-1] INFO  server.RaftServerConfigKeys (ConfUtils.java:logGet(43)) - raft.server.log.appender.install.snapshot.enabled = false (custom)
2019-08-20 15:19:47,776 [pool-170-thread-1] INFO  impl.RaftServerImpl (ServerState.java:<init>(105)) - 489867c4-c9de-42bb-b37c-5cd48de4ec28:group-B91DDEE7DB16 ConfigurationManager, init=-1: [489867c4-c9de-42bb-b37c-5cd48de4ec28:192.168.69.101:32990], old=null, confs=<EMPTY_MAP>
2019-08-20 15:19:47,777 [pool-170-thread-1] INFO  server.RaftServerConfigKeys (ConfUtils.java:logGet(43)) - raft.server.storage.dir = [/workdir/hadoop-ozone/integration-test/target/test-dir/MiniOzoneClusterImpl-1a07f62a-f892-4fdb-b012-3e13de524f8f/datanode-2/data/ratis] (custom)
2019-08-20 15:19:47,777 [pool-170-thread-1] INFO  storage.RaftStorageDirectory (RaftStorageDirectory.java:analyzeStorage(246)) - The storage directory /workdir/hadoop-ozone/integration-test/target/test-dir/MiniOzoneClusterImpl-1a07f62a-f892-4fdb-b012-3e13de524f8f/datanode-2/data/ratis/4d1aaed3-45b6-4743-96a0-b91ddee7db16 does not exist. Creating ...
2019-08-20 15:19:47,791 [pool-170-thread-1] INFO  storage.RaftStorageDirectory (RaftStorageDirectory.java:tryLock(328)) - Lock on /workdir/hadoop-ozone/integration-test/target/test-dir/MiniOzoneClusterImpl-1a07f62a-f892-4fdb-b012-3e13de524f8f/datanode-2/data/ratis/4d1aaed3-45b6-4743-96a0-b91ddee7db16/in_use.lock acquired by nodename 16074@pr-hdds-1981264b6-3336735905
2019-08-20 15:19:47,791 [6fd3ed34-8a63-4874-8589-87309973ae65-SegmentedRaftLogWorker:Storage Directory /workdir/hadoop-ozone/integration-test/target/test-dir/MiniOzoneClusterImpl-1a07f62a-f892-4fdb-b012-3e13de524f8f/datanode-1/data/ratis/2939f51d-50e7-4909-a0d6-521b00374a20] INFO  segmented.SegmentedRaftLogWorker (SegmentedRaftLogWorker.java:execute(569)) - 6fd3ed34-8a63-4874-8589-87309973ae65-SegmentedRaftLogWorker:Storage Directory /workdir/hadoop-ozone/integration-test/target/test-dir/MiniOzoneClusterImpl-1a07f62a-f892-4fdb-b012-3e13de524f8f/datanode-1/data/ratis/2939f51d-50e7-4909-a0d6-521b00374a20: created new log segment /workdir/hadoop-ozone/integration-test/target/test-dir/MiniOzoneClusterImpl-1a07f62a-f892-4fdb-b012-3e13de524f8f/datanode-1/data/ratis/2939f51d-50e7-4909-a0d6-521b00374a20/current/log_inprogress_1
2019-08-20 15:19:47,817 [pool-170-thread-1] INFO  storage.RaftStorage (RaftStorage.java:format(72)) - Storage directory /workdir/hadoop-ozone/integration-test/target/test-dir/MiniOzoneClusterImpl-1a07f62a-f892-4fdb-b012-3e13de524f8f/datanode-2/data/ratis/4d1aaed3-45b6-4743-96a0-b91ddee7db16 has been successfully formatted.
2019-08-20 15:19:47,817 [pool-170-thread-1] INFO  ratis.ContainerStateMachine (ContainerStateMachine.java:loadSnapshot(222)) - group-B91DDEE7DB16: The snapshot info is null. Setting the last applied indexto:(t:0, i:~)
2019-08-20 15:19:47,817 [pool-170-thread-1] INFO  server.RaftServerConfigKeys (ConfUtils.java:logGet(43)) - raft.server.leader.election.timeout = 120s (custom)
2019-08-20 15:19:47,817 [pool-170-thread-1] INFO  server.RaftServerConfigKeys (ConfUtils.java:logGet(43)) - raft.server.log.use.memory = false (default)
2019-08-20 15:19:47,818 [pool-170-thread-1] INFO  server.RaftServerConfigKeys (ConfUtils.java:logGet(43)) - raft.server.log.purge.gap = 1000000 (custom)
2019-08-20 15:19:47,818 [pool-170-thread-1] INFO  server.RaftServerConfigKeys (ConfUtils.java:logGet(43)) - raft.server.log.appender.buffer.byte-limit = 33554432 (custom)
2019-08-20 15:19:47,818 [pool-170-thread-1] INFO  server.RaftServerConfigKeys (ConfUtils.java:logGet(43)) - raft.server.log.segment.size.max = 1048576 (custom)
2019-08-20 15:19:47,818 [pool-170-thread-1] INFO  server.RaftServerConfigKeys (ConfUtils.java:logGet(43)) - raft.server.log.segment.cache.num.max = 2 (custom)
2019-08-20 15:19:47,818 [pool-170-thread-1] INFO  segmented.SegmentedRaftLogWorker (SegmentedRaftLogWorker.java:<init>(172)) - new 489867c4-c9de-42bb-b37c-5cd48de4ec28-SegmentedRaftLogWorker:Storage Directory /workdir/hadoop-ozone/integration-test/target/test-dir/MiniOzoneClusterImpl-1a07f62a-f892-4fdb-b012-3e13de524f8f/datanode-2/data/ratis/4d1aaed3-45b6-4743-96a0-b91ddee7db16 for RaftStorage:Storage Directory /workdir/hadoop-ozone/integration-test/target/test-dir/MiniOzoneClusterImpl-1a07f62a-f892-4fdb-b012-3e13de524f8f/datanode-2/data/ratis/4d1aaed3-45b6-4743-96a0-b91ddee7db16
2019-08-20 15:19:47,818 [pool-170-thread-1] INFO  server.RaftServerConfigKeys (ConfUtils.java:logGet(43)) - raft.server.log.queue.byte-limit = 2147483647 (custom)
2019-08-20 15:19:47,819 [pool-170-thread-1] INFO  server.RaftServerConfigKeys (ConfUtils.java:logGet(43)) - raft.server.log.queue.element-limit = 1024 (custom)
2019-08-20 15:19:47,819 [pool-170-thread-1] INFO  server.RaftServerConfigKeys (ConfUtils.java:logGet(43)) - raft.server.log.segment.size.max = 1048576 (custom)
2019-08-20 15:19:47,819 [pool-170-thread-1] INFO  server.RaftServerConfigKeys (ConfUtils.java:logGet(43)) - raft.server.log.preallocated.size = 16384 (custom)
2019-08-20 15:19:47,819 [pool-170-thread-1] INFO  server.RaftServerConfigKeys (ConfUtils.java:logGet(43)) - raft.server.log.write.buffer.size = 33554432 (custom)
2019-08-20 15:19:47,819 [pool-170-thread-1] INFO  server.RaftServerConfigKeys (ConfUtils.java:logGet(43)) - raft.server.log.force.sync.num = 128 (default)
2019-08-20 15:19:47,819 [pool-170-thread-1] INFO  server.RaftServerConfigKeys (ConfUtils.java:logGet(43)) - raft.server.log.statemachine.data.sync = true (default)
2019-08-20 15:19:47,819 [pool-170-thread-1] INFO  server.RaftServerConfigKeys (ConfUtils.java:logGet(43)) - raft.server.log.statemachine.data.sync.timeout = 10s (default)
2019-08-20 15:19:47,820 [pool-170-thread-1] INFO  server.RaftServerConfigKeys (ConfUtils.java:logGet(43)) - raft.server.log.statemachine.data.sync.timeout.retry = -1 (default)
2019-08-20 15:19:47,820 [pool-170-thread-1] INFO  server.RaftServerConfigKeys (ConfUtils.java:logGet(43)) - raft.server.log.statemachine.data.caching.enabled = true (custom)
2019-08-20 15:19:47,820 [pool-170-thread-1] INFO  segmented.SegmentedRaftLogWorker (SegmentedRaftLogWorker.java:lambda$new$0(132)) - 489867c4-c9de-42bb-b37c-5cd48de4ec28-SegmentedRaftLogWorker:Storage Directory /workdir/hadoop-ozone/integration-test/target/test-dir/MiniOzoneClusterImpl-1a07f62a-f892-4fdb-b012-3e13de524f8f/datanode-2/data/ratis/4d1aaed3-45b6-4743-96a0-b91ddee7db16: flushIndex: setUnconditionally 0 -> -1
2019-08-20 15:19:47,820 [pool-170-thread-1] INFO  server.RaftServerConfigKeys (ConfUtils.java:logGet(43)) - raft.server.snapshot.auto.trigger.enabled = true (custom)
2019-08-20 15:19:47,821 [pool-170-thread-1] INFO  server.RaftServerConfigKeys (ConfUtils.java:logGet(43)) - raft.server.snapshot.auto.trigger.threshold = 10000 (custom)
2019-08-20 15:19:47,821 [pool-170-thread-1] INFO  server.RaftServerConfigKeys (ConfUtils.java:logGet(43)) - raft.server.retrycache.expirytime = 600000ms (custom)
2019-08-20 15:19:47,821 [pool-170-thread-1] INFO  impl.RaftServerImpl (RaftServerImpl.java:start(180)) - 489867c4-c9de-42bb-b37c-5cd48de4ec28: start group-B91DDEE7DB16
2019-08-20 15:19:47,821 [pool-170-thread-1] INFO  impl.RaftServerImpl (RaftServerImpl.java:setRole(171)) - 489867c4-c9de-42bb-b37c-5cd48de4ec28:group-B91DDEE7DB16 changes role from null to FOLLOWER at term 0 for startAsFollower
2019-08-20 15:19:47,821 [pool-170-thread-1] INFO  impl.RoleInfo (RoleInfo.java:updateAndGet(143)) - 489867c4-c9de-42bb-b37c-5cd48de4ec28: start FollowerState
2019-08-20 15:19:47,822 [pool-170-thread-1] INFO  util.JmxRegister (JmxRegister.java:tryRegister(44)) - Successfully registered JMX Bean with object name Ratis:service=RaftServer,group=group-B91DDEE7DB16,id=489867c4-c9de-42bb-b37c-5cd48de4ec28
2019-08-20 15:19:47,826 [RatisPipelineUtilsThread] INFO  pipeline.PipelineStateManager (PipelineStateManager.java:addPipeline(56)) - Created pipeline Pipeline[ Id: 4d1aaed3-45b6-4743-96a0-b91ddee7db16, Nodes: 489867c4-c9de-42bb-b37c-5cd48de4ec28{ip: 192.168.69.101, host: pr-hdds-1981264b6-3336735905, networkLocation: /default-rack, certSerialId: null}, Type:RATIS, Factor:ONE, State:OPEN]
2019-08-20 15:19:47,844 [grpc-default-executor-1] INFO  impl.RaftServerProxy (RaftServerProxy.java:addNew(89)) - 6fd3ed34-8a63-4874-8589-87309973ae65: addNew group-37A11BC7D609:[489867c4-c9de-42bb-b37c-5cd48de4ec28:192.168.69.101:32990, 6fd3ed34-8a63-4874-8589-87309973ae65:192.168.69.101:33798, b133dfae-0d8b-4bac-9f28-d0cb7cdc2bc1:192.168.69.101:37813] returns group-37A11BC7D609:java.util.concurrent.CompletableFuture@10293f55[Not completed]
2019-08-20 15:19:47,844 [grpc-default-executor-2] INFO  impl.RaftServerProxy (RaftServerProxy.java:addNew(89)) - 489867c4-c9de-42bb-b37c-5cd48de4ec28: addNew group-37A11BC7D609:[489867c4-c9de-42bb-b37c-5cd48de4ec28:192.168.69.101:32990, 6fd3ed34-8a63-4874-8589-87309973ae65:192.168.69.101:33798, b133dfae-0d8b-4bac-9f28-d0cb7cdc2bc1:192.168.69.101:37813] returns group-37A11BC7D609:java.util.concurrent.CompletableFuture@577b1016[Not completed]
2019-08-20 15:19:47,844 [grpc-default-executor-0] INFO  impl.RaftServerProxy (RaftServerProxy.java:addNew(89)) - b133dfae-0d8b-4bac-9f28-d0cb7cdc2bc1: addNew group-37A11BC7D609:[489867c4-c9de-42bb-b37c-5cd48de4ec28:192.168.69.101:32990, 6fd3ed34-8a63-4874-8589-87309973ae65:192.168.69.101:33798, b133dfae-0d8b-4bac-9f28-d0cb7cdc2bc1:192.168.69.101:37813] returns group-37A11BC7D609:java.util.concurrent.CompletableFuture@17055e75[Not completed]
2019-08-20 15:19:47,846 [pool-170-thread-1] INFO  impl.RaftServerImpl (RaftServerImpl.java:<init>(93)) - 489867c4-c9de-42bb-b37c-5cd48de4ec28: new RaftServerImpl for group-37A11BC7D609:[489867c4-c9de-42bb-b37c-5cd48de4ec28:192.168.69.101:32990, 6fd3ed34-8a63-4874-8589-87309973ae65:192.168.69.101:33798, b133dfae-0d8b-4bac-9f28-d0cb7cdc2bc1:192.168.69.101:37813] with ContainerStateMachine:uninitialized
2019-08-20 15:19:47,846 [pool-170-thread-1] INFO  server.RaftServerConfigKeys (ConfUtils.java:logGet(43)) - raft.server.rpc.timeout.min = 5s (custom)
2019-08-20 15:19:47,846 [pool-170-thread-1] INFO  server.RaftServerConfigKeys (ConfUtils.java:logGet(43)) - raft.server.rpc.timeout.max = 5200ms (custom)
2019-08-20 15:19:47,846 [pool-170-thread-1] INFO  server.RaftServerConfigKeys (ConfUtils.java:logGet(43)) - raft.server.rpcslowness.timeout = 120s (custom)
2019-08-20 15:19:47,846 [pool-170-thread-1] INFO  server.RaftServerConfigKeys (ConfUtils.java:logGet(43)) - raft.server.sleep.deviation.threshold = 300 (default)
2019-08-20 15:19:47,846 [pool-170-thread-1] INFO  server.RaftServerConfigKeys (ConfUtils.java:logGet(43)) - raft.server.log.appender.install.snapshot.enabled = false (custom)
2019-08-20 15:19:47,846 [pool-170-thread-1] INFO  impl.RaftServerImpl (ServerState.java:<init>(105)) - 489867c4-c9de-42bb-b37c-5cd48de4ec28:group-37A11BC7D609 ConfigurationManager, init=-1: [489867c4-c9de-42bb-b37c-5cd48de4ec28:192.168.69.101:32990, 6fd3ed34-8a63-4874-8589-87309973ae65:192.168.69.101:33798, b133dfae-0d8b-4bac-9f28-d0cb7cdc2bc1:192.168.69.101:37813], old=null, confs=<EMPTY_MAP>
2019-08-20 15:19:47,846 [pool-148-thread-1] INFO  impl.RaftServerImpl (RaftServerImpl.java:<init>(93)) - b133dfae-0d8b-4bac-9f28-d0cb7cdc2bc1: new RaftServerImpl for group-37A11BC7D609:[489867c4-c9de-42bb-b37c-5cd48de4ec28:192.168.69.101:32990, 6fd3ed34-8a63-4874-8589-87309973ae65:192.168.69.101:33798, b133dfae-0d8b-4bac-9f28-d0cb7cdc2bc1:192.168.69.101:37813] with ContainerStateMachine:uninitialized
2019-08-20 15:19:47,846 [pool-170-thread-1] INFO  server.RaftServerConfigKeys (ConfUtils.java:logGet(43)) - raft.server.storage.dir = [/workdir/hadoop-ozone/integration-test/target/test-dir/MiniOzoneClusterImpl-1a07f62a-f892-4fdb-b012-3e13de524f8f/datanode-2/data/ratis] (custom)
2019-08-20 15:19:47,846 [pool-148-thread-1] INFO  server.RaftServerConfigKeys (ConfUtils.java:logGet(43)) - raft.server.rpc.timeout.min = 5s (custom)
2019-08-20 15:19:47,847 [pool-148-thread-1] INFO  server.RaftServerConfigKeys (ConfUtils.java:logGet(43)) - raft.server.rpc.timeout.max = 5200ms (custom)
2019-08-20 15:19:47,847 [pool-170-thread-1] INFO  storage.RaftStorageDirectory (RaftStorageDirectory.java:analyzeStorage(246)) - The storage directory /workdir/hadoop-ozone/integration-test/target/test-dir/MiniOzoneClusterImpl-1a07f62a-f892-4fdb-b012-3e13de524f8f/datanode-2/data/ratis/62185d87-9026-45b8-bdd7-37a11bc7d609 does not exist. Creating ...
2019-08-20 15:19:47,847 [pool-148-thread-1] INFO  server.RaftServerConfigKeys (ConfUtils.java:logGet(43)) - raft.server.rpcslowness.timeout = 120s (custom)
2019-08-20 15:19:47,847 [pool-148-thread-1] INFO  server.RaftServerConfigKeys (ConfUtils.java:logGet(43)) - raft.server.sleep.deviation.threshold = 300 (default)
2019-08-20 15:19:47,847 [pool-159-thread-1] INFO  impl.RaftServerImpl (RaftServerImpl.java:<init>(93)) - 6fd3ed34-8a63-4874-8589-87309973ae65: new RaftServerImpl for group-37A11BC7D609:[489867c4-c9de-42bb-b37c-5cd48de4ec28:192.168.69.101:32990, 6fd3ed34-8a63-4874-8589-87309973ae65:192.168.69.101:33798, b133dfae-0d8b-4bac-9f28-d0cb7cdc2bc1:192.168.69.101:37813] with ContainerStateMachine:uninitialized
2019-08-20 15:19:47,847 [pool-148-thread-1] INFO  server.RaftServerConfigKeys (ConfUtils.java:logGet(43)) - raft.server.log.appender.install.snapshot.enabled = false (custom)
2019-08-20 15:19:47,847 [pool-159-thread-1] INFO  server.RaftServerConfigKeys (ConfUtils.java:logGet(43)) - raft.server.rpc.timeout.min = 5s (custom)
2019-08-20 15:19:47,847 [pool-148-thread-1] INFO  impl.RaftServerImpl (ServerState.java:<init>(105)) - b133dfae-0d8b-4bac-9f28-d0cb7cdc2bc1:group-37A11BC7D609 ConfigurationManager, init=-1: [489867c4-c9de-42bb-b37c-5cd48de4ec28:192.168.69.101:32990, 6fd3ed34-8a63-4874-8589-87309973ae65:192.168.69.101:33798, b133dfae-0d8b-4bac-9f28-d0cb7cdc2bc1:192.168.69.101:37813], old=null, confs=<EMPTY_MAP>
2019-08-20 15:19:47,847 [pool-159-thread-1] INFO  server.RaftServerConfigKeys (ConfUtils.java:logGet(43)) - raft.server.rpc.timeout.max = 5200ms (custom)
2019-08-20 15:19:47,848 [pool-148-thread-1] INFO  server.RaftServerConfigKeys (ConfUtils.java:logGet(43)) - raft.server.storage.dir = [/workdir/hadoop-ozone/integration-test/target/test-dir/MiniOzoneClusterImpl-1a07f62a-f892-4fdb-b012-3e13de524f8f/datanode-0/data/ratis] (custom)
2019-08-20 15:19:47,848 [pool-159-thread-1] INFO  server.RaftServerConfigKeys (ConfUtils.java:logGet(43)) - raft.server.rpcslowness.timeout = 120s (custom)
2019-08-20 15:19:47,848 [pool-159-thread-1] INFO  server.RaftServerConfigKeys (ConfUtils.java:logGet(43)) - raft.server.sleep.deviation.threshold = 300 (default)
2019-08-20 15:19:47,848 [pool-148-thread-1] INFO  storage.RaftStorageDirectory (RaftStorageDirectory.java:analyzeStorage(246)) - The storage directory /workdir/hadoop-ozone/integration-test/target/test-dir/MiniOzoneClusterImpl-1a07f62a-f892-4fdb-b012-3e13de524f8f/datanode-0/data/ratis/62185d87-9026-45b8-bdd7-37a11bc7d609 does not exist. Creating ...
2019-08-20 15:19:47,848 [pool-159-thread-1] INFO  server.RaftServerConfigKeys (ConfUtils.java:logGet(43)) - raft.server.log.appender.install.snapshot.enabled = false (custom)
2019-08-20 15:19:47,848 [pool-159-thread-1] INFO  impl.RaftServerImpl (ServerState.java:<init>(105)) - 6fd3ed34-8a63-4874-8589-87309973ae65:group-37A11BC7D609 ConfigurationManager, init=-1: [489867c4-c9de-42bb-b37c-5cd48de4ec28:192.168.69.101:32990, 6fd3ed34-8a63-4874-8589-87309973ae65:192.168.69.101:33798, b133dfae-0d8b-4bac-9f28-d0cb7cdc2bc1:192.168.69.101:37813], old=null, confs=<EMPTY_MAP>
2019-08-20 15:19:47,848 [pool-159-thread-1] INFO  server.RaftServerConfigKeys (ConfUtils.java:logGet(43)) - raft.server.storage.dir = [/workdir/hadoop-ozone/integration-test/target/test-dir/MiniOzoneClusterImpl-1a07f62a-f892-4fdb-b012-3e13de524f8f/datanode-1/data/ratis] (custom)
2019-08-20 15:19:47,849 [pool-159-thread-1] INFO  storage.RaftStorageDirectory (RaftStorageDirectory.java:analyzeStorage(246)) - The storage directory /workdir/hadoop-ozone/integration-test/target/test-dir/MiniOzoneClusterImpl-1a07f62a-f892-4fdb-b012-3e13de524f8f/datanode-1/data/ratis/62185d87-9026-45b8-bdd7-37a11bc7d609 does not exist. Creating ...
2019-08-20 15:19:47,876 [pool-170-thread-1] INFO  storage.RaftStorageDirectory (RaftStorageDirectory.java:tryLock(328)) - Lock on /workdir/hadoop-ozone/integration-test/target/test-dir/MiniOzoneClusterImpl-1a07f62a-f892-4fdb-b012-3e13de524f8f/datanode-2/data/ratis/62185d87-9026-45b8-bdd7-37a11bc7d609/in_use.lock acquired by nodename 16074@pr-hdds-1981264b6-3336735905
2019-08-20 15:19:47,876 [pool-159-thread-1] INFO  storage.RaftStorageDirectory (RaftStorageDirectory.java:tryLock(328)) - Lock on /workdir/hadoop-ozone/integration-test/target/test-dir/MiniOzoneClusterImpl-1a07f62a-f892-4fdb-b012-3e13de524f8f/datanode-1/data/ratis/62185d87-9026-45b8-bdd7-37a11bc7d609/in_use.lock acquired by nodename 16074@pr-hdds-1981264b6-3336735905
2019-08-20 15:19:47,876 [pool-148-thread-1] INFO  storage.RaftStorageDirectory (RaftStorageDirectory.java:tryLock(328)) - Lock on /workdir/hadoop-ozone/integration-test/target/test-dir/MiniOzoneClusterImpl-1a07f62a-f892-4fdb-b012-3e13de524f8f/datanode-0/data/ratis/62185d87-9026-45b8-bdd7-37a11bc7d609/in_use.lock acquired by nodename 16074@pr-hdds-1981264b6-3336735905
2019-08-20 15:19:47,902 [pool-159-thread-1] INFO  storage.RaftStorage (RaftStorage.java:format(72)) - Storage directory /workdir/hadoop-ozone/integration-test/target/test-dir/MiniOzoneClusterImpl-1a07f62a-f892-4fdb-b012-3e13de524f8f/datanode-1/data/ratis/62185d87-9026-45b8-bdd7-37a11bc7d609 has been successfully formatted.
2019-08-20 15:19:47,902 [pool-148-thread-1] INFO  storage.RaftStorage (RaftStorage.java:format(72)) - Storage directory /workdir/hadoop-ozone/integration-test/target/test-dir/MiniOzoneClusterImpl-1a07f62a-f892-4fdb-b012-3e13de524f8f/datanode-0/data/ratis/62185d87-9026-45b8-bdd7-37a11bc7d609 has been successfully formatted.
2019-08-20 15:19:47,903 [pool-159-thread-1] INFO  ratis.ContainerStateMachine (ContainerStateMachine.java:loadSnapshot(222)) - group-37A11BC7D609: The snapshot info is null. Setting the last applied indexto:(t:0, i:~)
2019-08-20 15:19:47,902 [pool-170-thread-1] INFO  storage.RaftStorage (RaftStorage.java:format(72)) - Storage directory /workdir/hadoop-ozone/integration-test/target/test-dir/MiniOzoneClusterImpl-1a07f62a-f892-4fdb-b012-3e13de524f8f/datanode-2/data/ratis/62185d87-9026-45b8-bdd7-37a11bc7d609 has been successfully formatted.
2019-08-20 15:19:47,903 [pool-148-thread-1] INFO  ratis.ContainerStateMachine (ContainerStateMachine.java:loadSnapshot(222)) - group-37A11BC7D609: The snapshot info is null. Setting the last applied indexto:(t:0, i:~)
2019-08-20 15:19:47,903 [pool-159-thread-1] INFO  server.RaftServerConfigKeys (ConfUtils.java:logGet(43)) - raft.server.leader.election.timeout = 120s (custom)
2019-08-20 15:19:47,903 [pool-170-thread-1] INFO  ratis.ContainerStateMachine (ContainerStateMachine.java:loadSnapshot(222)) - group-37A11BC7D609: The snapshot info is null. Setting the last applied indexto:(t:0, i:~)
2019-08-20 15:19:47,903 [pool-148-thread-1] INFO  server.RaftServerConfigKeys (ConfUtils.java:logGet(43)) - raft.server.leader.election.timeout = 120s (custom)
2019-08-20 15:19:47,903 [pool-170-thread-1] INFO  server.RaftServerConfigKeys (ConfUtils.java:logGet(43)) - raft.server.leader.election.timeout = 120s (custom)
2019-08-20 15:19:47,903 [pool-159-thread-1] INFO  server.RaftServerConfigKeys (ConfUtils.java:logGet(43)) - raft.server.log.use.memory = false (default)
2019-08-20 15:19:47,904 [pool-170-thread-1] INFO  server.RaftServerConfigKeys (ConfUtils.java:logGet(43)) - raft.server.log.use.memory = false (default)
2019-08-20 15:19:47,904 [pool-148-thread-1] INFO  server.RaftServerConfigKeys (ConfUtils.java:logGet(43)) - raft.server.log.use.memory = false (default)
2019-08-20 15:19:47,904 [pool-170-thread-1] INFO  server.RaftServerConfigKeys (ConfUtils.java:logGet(43)) - raft.server.log.purge.gap = 1000000 (custom)
2019-08-20 15:19:47,904 [pool-159-thread-1] INFO  server.RaftServerConfigKeys (ConfUtils.java:logGet(43)) - raft.server.log.purge.gap = 1000000 (custom)
2019-08-20 15:19:47,904 [pool-170-thread-1] INFO  server.RaftServerConfigKeys (ConfUtils.java:logGet(43)) - raft.server.log.appender.buffer.byte-limit = 33554432 (custom)
2019-08-20 15:19:47,904 [pool-148-thread-1] INFO  server.RaftServerConfigKeys (ConfUtils.java:logGet(43)) - raft.server.log.purge.gap = 1000000 (custom)
2019-08-20 15:19:47,905 [pool-170-thread-1] INFO  server.RaftServerConfigKeys (ConfUtils.java:logGet(43)) - raft.server.log.segment.size.max = 1048576 (custom)
2019-08-20 15:19:47,904 [pool-159-thread-1] INFO  server.RaftServerConfigKeys (ConfUtils.java:logGet(43)) - raft.server.log.appender.buffer.byte-limit = 33554432 (custom)
2019-08-20 15:19:47,905 [pool-170-thread-1] INFO  server.RaftServerConfigKeys (ConfUtils.java:logGet(43)) - raft.server.log.segment.cache.num.max = 2 (custom)
2019-08-20 15:19:47,905 [pool-148-thread-1] INFO  server.RaftServerConfigKeys (ConfUtils.java:logGet(43)) - raft.server.log.appender.buffer.byte-limit = 33554432 (custom)
2019-08-20 15:19:47,905 [pool-170-thread-1] INFO  segmented.SegmentedRaftLogWorker (SegmentedRaftLogWorker.java:<init>(172)) - new 489867c4-c9de-42bb-b37c-5cd48de4ec28-SegmentedRaftLogWorker:Storage Directory /workdir/hadoop-ozone/integration-test/target/test-dir/MiniOzoneClusterImpl-1a07f62a-f892-4fdb-b012-3e13de524f8f/datanode-2/data/ratis/62185d87-9026-45b8-bdd7-37a11bc7d609 for RaftStorage:Storage Directory /workdir/hadoop-ozone/integration-test/target/test-dir/MiniOzoneClusterImpl-1a07f62a-f892-4fdb-b012-3e13de524f8f/datanode-2/data/ratis/62185d87-9026-45b8-bdd7-37a11bc7d609
2019-08-20 15:19:47,905 [pool-159-thread-1] INFO  server.RaftServerConfigKeys (ConfUtils.java:logGet(43)) - raft.server.log.segment.size.max = 1048576 (custom)
2019-08-20 15:19:47,905 [pool-170-thread-1] INFO  server.RaftServerConfigKeys (ConfUtils.java:logGet(43)) - raft.server.log.queue.byte-limit = 2147483647 (custom)
2019-08-20 15:19:47,905 [pool-148-thread-1] INFO  server.RaftServerConfigKeys (ConfUtils.java:logGet(43)) - raft.server.log.segment.size.max = 1048576 (custom)
2019-08-20 15:19:47,906 [pool-170-thread-1] INFO  server.RaftServerConfigKeys (ConfUtils.java:logGet(43)) - raft.server.log.queue.element-limit = 1024 (custom)
2019-08-20 15:19:47,906 [pool-159-thread-1] INFO  server.RaftServerConfigKeys (ConfUtils.java:logGet(43)) - raft.server.log.segment.cache.num.max = 2 (custom)
2019-08-20 15:19:47,906 [pool-170-thread-1] INFO  server.RaftServerConfigKeys (ConfUtils.java:logGet(43)) - raft.server.log.segment.size.max = 1048576 (custom)
2019-08-20 15:19:47,906 [pool-148-thread-1] INFO  server.RaftServerConfigKeys (ConfUtils.java:logGet(43)) - raft.server.log.segment.cache.num.max = 2 (custom)
2019-08-20 15:19:47,906 [pool-170-thread-1] INFO  server.RaftServerConfigKeys (ConfUtils.java:logGet(43)) - raft.server.log.preallocated.size = 16384 (custom)
2019-08-20 15:19:47,906 [pool-159-thread-1] INFO  segmented.SegmentedRaftLogWorker (SegmentedRaftLogWorker.java:<init>(172)) - new 6fd3ed34-8a63-4874-8589-87309973ae65-SegmentedRaftLogWorker:Storage Directory /workdir/hadoop-ozone/integration-test/target/test-dir/MiniOzoneClusterImpl-1a07f62a-f892-4fdb-b012-3e13de524f8f/datanode-1/data/ratis/62185d87-9026-45b8-bdd7-37a11bc7d609 for RaftStorage:Storage Directory /workdir/hadoop-ozone/integration-test/target/test-dir/MiniOzoneClusterImpl-1a07f62a-f892-4fdb-b012-3e13de524f8f/datanode-1/data/ratis/62185d87-9026-45b8-bdd7-37a11bc7d609
2019-08-20 15:19:47,907 [pool-170-thread-1] INFO  server.RaftServerConfigKeys (ConfUtils.java:logGet(43)) - raft.server.log.write.buffer.size = 33554432 (custom)
2019-08-20 15:19:47,906 [pool-148-thread-1] INFO  segmented.SegmentedRaftLogWorker (SegmentedRaftLogWorker.java:<init>(172)) - new b133dfae-0d8b-4bac-9f28-d0cb7cdc2bc1-SegmentedRaftLogWorker:Storage Directory /workdir/hadoop-ozone/integration-test/target/test-dir/MiniOzoneClusterImpl-1a07f62a-f892-4fdb-b012-3e13de524f8f/datanode-0/data/ratis/62185d87-9026-45b8-bdd7-37a11bc7d609 for RaftStorage:Storage Directory /workdir/hadoop-ozone/integration-test/target/test-dir/MiniOzoneClusterImpl-1a07f62a-f892-4fdb-b012-3e13de524f8f/datanode-0/data/ratis/62185d87-9026-45b8-bdd7-37a11bc7d609
2019-08-20 15:19:47,907 [pool-170-thread-1] INFO  server.RaftServerConfigKeys (ConfUtils.java:logGet(43)) - raft.server.log.force.sync.num = 128 (default)
2019-08-20 15:19:47,907 [pool-159-thread-1] INFO  server.RaftServerConfigKeys (ConfUtils.java:logGet(43)) - raft.server.log.queue.byte-limit = 2147483647 (custom)
2019-08-20 15:19:47,907 [pool-170-thread-1] INFO  server.RaftServerConfigKeys (ConfUtils.java:logGet(43)) - raft.server.log.statemachine.data.sync = true (default)
2019-08-20 15:19:47,907 [pool-148-thread-1] INFO  server.RaftServerConfigKeys (ConfUtils.java:logGet(43)) - raft.server.log.queue.byte-limit = 2147483647 (custom)
2019-08-20 15:19:47,907 [pool-170-thread-1] INFO  server.RaftServerConfigKeys (ConfUtils.java:logGet(43)) - raft.server.log.statemachine.data.sync.timeout = 10s (default)
2019-08-20 15:19:47,907 [pool-159-thread-1] INFO  server.RaftServerConfigKeys (ConfUtils.java:logGet(43)) - raft.server.log.queue.element-limit = 1024 (custom)
2019-08-20 15:19:47,908 [pool-170-thread-1] INFO  server.RaftServerConfigKeys (ConfUtils.java:logGet(43)) - raft.server.log.statemachine.data.sync.timeout.retry = -1 (default)
2019-08-20 15:19:47,908 [pool-148-thread-1] INFO  server.RaftServerConfigKeys (ConfUtils.java:logGet(43)) - raft.server.log.queue.element-limit = 1024 (custom)
2019-08-20 15:19:47,908 [pool-170-thread-1] INFO  server.RaftServerConfigKeys (ConfUtils.java:logGet(43)) - raft.server.log.statemachine.data.caching.enabled = true (custom)
2019-08-20 15:19:47,908 [pool-159-thread-1] INFO  server.RaftServerConfigKeys (ConfUtils.java:logGet(43)) - raft.server.log.segment.size.max = 1048576 (custom)
2019-08-20 15:19:47,908 [pool-148-thread-1] INFO  server.RaftServerConfigKeys (ConfUtils.java:logGet(43)) - raft.server.log.segment.size.max = 1048576 (custom)
2019-08-20 15:19:47,908 [pool-159-thread-1] INFO  server.RaftServerConfigKeys (ConfUtils.java:logGet(43)) - raft.server.log.preallocated.size = 16384 (custom)
2019-08-20 15:19:47,908 [pool-148-thread-1] INFO  server.RaftServerConfigKeys (ConfUtils.java:logGet(43)) - raft.server.log.preallocated.size = 16384 (custom)
2019-08-20 15:19:47,908 [pool-170-thread-1] INFO  segmented.SegmentedRaftLogWorker (SegmentedRaftLogWorker.java:lambda$new$0(132)) - 489867c4-c9de-42bb-b37c-5cd48de4ec28-SegmentedRaftLogWorker:Storage Directory /workdir/hadoop-ozone/integration-test/target/test-dir/MiniOzoneClusterImpl-1a07f62a-f892-4fdb-b012-3e13de524f8f/datanode-2/data/ratis/62185d87-9026-45b8-bdd7-37a11bc7d609: flushIndex: setUnconditionally 0 -> -1
2019-08-20 15:19:47,909 [pool-148-thread-1] INFO  server.RaftServerConfigKeys (ConfUtils.java:logGet(43)) - raft.server.log.write.buffer.size = 33554432 (custom)
2019-08-20 15:19:47,909 [pool-159-thread-1] INFO  server.RaftServerConfigKeys (ConfUtils.java:logGet(43)) - raft.server.log.write.buffer.size = 33554432 (custom)
2019-08-20 15:19:47,909 [pool-148-thread-1] INFO  server.RaftServerConfigKeys (ConfUtils.java:logGet(43)) - raft.server.log.force.sync.num = 128 (default)
2019-08-20 15:19:47,909 [pool-170-thread-1] INFO  server.RaftServerConfigKeys (ConfUtils.java:logGet(43)) - raft.server.snapshot.auto.trigger.enabled = true (custom)
2019-08-20 15:19:47,909 [pool-159-thread-1] INFO  server.RaftServerConfigKeys (ConfUtils.java:logGet(43)) - raft.server.log.force.sync.num = 128 (default)
2019-08-20 15:19:47,909 [pool-170-thread-1] INFO  server.RaftServerConfigKeys (ConfUtils.java:logGet(43)) - raft.server.snapshot.auto.trigger.threshold = 10000 (custom)
2019-08-20 15:19:47,909 [pool-148-thread-1] INFO  server.RaftServerConfigKeys (ConfUtils.java:logGet(43)) - raft.server.log.statemachine.data.sync = true (default)
2019-08-20 15:19:47,910 [pool-170-thread-1] INFO  server.RaftServerConfigKeys (ConfUtils.java:logGet(43)) - raft.server.retrycache.expirytime = 600000ms (custom)
2019-08-20 15:19:47,909 [pool-159-thread-1] INFO  server.RaftServerConfigKeys (ConfUtils.java:logGet(43)) - raft.server.log.statemachine.data.sync = true (default)
2019-08-20 15:19:47,910 [pool-148-thread-1] INFO  server.RaftServerConfigKeys (ConfUtils.java:logGet(43)) - raft.server.log.statemachine.data.sync.timeout = 10s (default)
2019-08-20 15:19:47,910 [pool-170-thread-1] INFO  impl.RaftServerImpl (RaftServerImpl.java:start(180)) - 489867c4-c9de-42bb-b37c-5cd48de4ec28: start group-37A11BC7D609
2019-08-20 15:19:47,910 [pool-159-thread-1] INFO  server.RaftServerConfigKeys (ConfUtils.java:logGet(43)) - raft.server.log.statemachine.data.sync.timeout = 10s (default)
2019-08-20 15:19:47,910 [pool-170-thread-1] INFO  impl.RaftServerImpl (RaftServerImpl.java:setRole(171)) - 489867c4-c9de-42bb-b37c-5cd48de4ec28:group-37A11BC7D609 changes role from null to FOLLOWER at term 0 for startAsFollower
2019-08-20 15:19:47,910 [pool-148-thread-1] INFO  server.RaftServerConfigKeys (ConfUtils.java:logGet(43)) - raft.server.log.statemachine.data.sync.timeout.retry = -1 (default)
2019-08-20 15:19:47,910 [pool-170-thread-1] INFO  impl.RoleInfo (RoleInfo.java:updateAndGet(143)) - 489867c4-c9de-42bb-b37c-5cd48de4ec28: start FollowerState
2019-08-20 15:19:47,910 [pool-159-thread-1] INFO  server.RaftServerConfigKeys (ConfUtils.java:logGet(43)) - raft.server.log.statemachine.data.sync.timeout.retry = -1 (default)
2019-08-20 15:19:47,911 [pool-148-thread-1] INFO  server.RaftServerConfigKeys (ConfUtils.java:logGet(43)) - raft.server.log.statemachine.data.caching.enabled = true (custom)
2019-08-20 15:19:47,911 [pool-159-thread-1] INFO  server.RaftServerConfigKeys (ConfUtils.java:logGet(43)) - raft.server.log.statemachine.data.caching.enabled = true (custom)
2019-08-20 15:19:47,911 [pool-170-thread-1] INFO  util.JmxRegister (JmxRegister.java:tryRegister(44)) - Successfully registered JMX Bean with object name Ratis:service=RaftServer,group=group-37A11BC7D609,id=489867c4-c9de-42bb-b37c-5cd48de4ec28
2019-08-20 15:19:47,916 [pool-148-thread-1] INFO  segmented.SegmentedRaftLogWorker (SegmentedRaftLogWorker.java:lambda$new$0(132)) - b133dfae-0d8b-4bac-9f28-d0cb7cdc2bc1-SegmentedRaftLogWorker:Storage Directory /workdir/hadoop-ozone/integration-test/target/test-dir/MiniOzoneClusterImpl-1a07f62a-f892-4fdb-b012-3e13de524f8f/datanode-0/data/ratis/62185d87-9026-45b8-bdd7-37a11bc7d609: flushIndex: setUnconditionally 0 -> -1
2019-08-20 15:19:47,916 [pool-159-thread-1] INFO  segmented.SegmentedRaftLogWorker (SegmentedRaftLogWorker.java:lambda$new$0(132)) - 6fd3ed34-8a63-4874-8589-87309973ae65-SegmentedRaftLogWorker:Storage Directory /workdir/hadoop-ozone/integration-test/target/test-dir/MiniOzoneClusterImpl-1a07f62a-f892-4fdb-b012-3e13de524f8f/datanode-1/data/ratis/62185d87-9026-45b8-bdd7-37a11bc7d609: flushIndex: setUnconditionally 0 -> -1
2019-08-20 15:19:47,916 [pool-148-thread-1] INFO  server.RaftServerConfigKeys (ConfUtils.java:logGet(43)) - raft.server.snapshot.auto.trigger.enabled = true (custom)
2019-08-20 15:19:47,916 [pool-148-thread-1] INFO  server.RaftServerConfigKeys (ConfUtils.java:logGet(43)) - raft.server.snapshot.auto.trigger.threshold = 10000 (custom)
2019-08-20 15:19:47,916 [pool-159-thread-1] INFO  server.RaftServerConfigKeys (ConfUtils.java:logGet(43)) - raft.server.snapshot.auto.trigger.enabled = true (custom)
2019-08-20 15:19:47,916 [pool-148-thread-1] INFO  server.RaftServerConfigKeys (ConfUtils.java:logGet(43)) - raft.server.retrycache.expirytime = 600000ms (custom)
2019-08-20 15:19:47,916 [pool-159-thread-1] INFO  server.RaftServerConfigKeys (ConfUtils.java:logGet(43)) - raft.server.snapshot.auto.trigger.threshold = 10000 (custom)
2019-08-20 15:19:47,916 [pool-148-thread-1] INFO  impl.RaftServerImpl (RaftServerImpl.java:start(180)) - b133dfae-0d8b-4bac-9f28-d0cb7cdc2bc1: start group-37A11BC7D609
2019-08-20 15:19:47,916 [pool-159-thread-1] INFO  server.RaftServerConfigKeys (ConfUtils.java:logGet(43)) - raft.server.retrycache.expirytime = 600000ms (custom)
2019-08-20 15:19:47,917 [pool-148-thread-1] INFO  impl.RaftServerImpl (RaftServerImpl.java:setRole(171)) - b133dfae-0d8b-4bac-9f28-d0cb7cdc2bc1:group-37A11BC7D609 changes role from null to FOLLOWER at term 0 for startAsFollower
2019-08-20 15:19:47,917 [pool-159-thread-1] INFO  impl.RaftServerImpl (RaftServerImpl.java:start(180)) - 6fd3ed34-8a63-4874-8589-87309973ae65: start group-37A11BC7D609
2019-08-20 15:19:47,917 [pool-148-thread-1] INFO  impl.RoleInfo (RoleInfo.java:updateAndGet(143)) - b133dfae-0d8b-4bac-9f28-d0cb7cdc2bc1: start FollowerState
2019-08-20 15:19:47,917 [pool-159-thread-1] INFO  impl.RaftServerImpl (RaftServerImpl.java:setRole(171)) - 6fd3ed34-8a63-4874-8589-87309973ae65:group-37A11BC7D609 changes role from null to FOLLOWER at term 0 for startAsFollower
2019-08-20 15:19:47,917 [pool-159-thread-1] INFO  impl.RoleInfo (RoleInfo.java:updateAndGet(143)) - 6fd3ed34-8a63-4874-8589-87309973ae65: start FollowerState
2019-08-20 15:19:47,917 [pool-148-thread-1] INFO  util.JmxRegister (JmxRegister.java:tryRegister(44)) - Successfully registered JMX Bean with object name Ratis:service=RaftServer,group=group-37A11BC7D609,id=b133dfae-0d8b-4bac-9f28-d0cb7cdc2bc1
2019-08-20 15:19:47,917 [pool-159-thread-1] INFO  util.JmxRegister (JmxRegister.java:tryRegister(44)) - Successfully registered JMX Bean with object name Ratis:service=RaftServer,group=group-37A11BC7D609,id=6fd3ed34-8a63-4874-8589-87309973ae65
2019-08-20 15:19:47,924 [RatisPipelineUtilsThread] INFO  pipeline.PipelineStateManager (PipelineStateManager.java:addPipeline(56)) - Created pipeline Pipeline[ Id: 62185d87-9026-45b8-bdd7-37a11bc7d609, Nodes: b133dfae-0d8b-4bac-9f28-d0cb7cdc2bc1{ip: 192.168.69.101, host: pr-hdds-1981264b6-3336735905, networkLocation: /default-rack, certSerialId: null}489867c4-c9de-42bb-b37c-5cd48de4ec28{ip: 192.168.69.101, host: pr-hdds-1981264b6-3336735905, networkLocation: /default-rack, certSerialId: null}6fd3ed34-8a63-4874-8589-87309973ae65{ip: 192.168.69.101, host: pr-hdds-1981264b6-3336735905, networkLocation: /default-rack, certSerialId: null}, Type:RATIS, Factor:THREE, State:OPEN]
2019-08-20 15:19:48,061 | INFO  | SCMAudit | user=jenkins1000 | ip=192.168.69.101 | op=SEND_HEARTBEAT {datanodeUUID=489867c4-c9de-42bb-b37c-5cd48de4ec28, command=[]} | ret=SUCCESS |  
2019-08-20 15:19:48,098 [Thread-597] INFO  impl.FollowerState (FollowerState.java:run(106)) - 489867c4-c9de-42bb-b37c-5cd48de4ec28:group-027DAF63A911 changes to CANDIDATE, lastRpcTime:5023, electionTimeout:5023ms
2019-08-20 15:19:48,098 [Thread-597] INFO  impl.RoleInfo (RoleInfo.java:shutdownFollowerState(121)) - 489867c4-c9de-42bb-b37c-5cd48de4ec28: shutdown FollowerState
2019-08-20 15:19:48,099 [Thread-597] INFO  impl.RaftServerImpl (RaftServerImpl.java:setRole(171)) - 489867c4-c9de-42bb-b37c-5cd48de4ec28:group-027DAF63A911 changes role from FOLLOWER to CANDIDATE at term 1 for changeToCandidate
2019-08-20 15:19:48,099 [Thread-597] INFO  impl.RoleInfo (RoleInfo.java:updateAndGet(143)) - 489867c4-c9de-42bb-b37c-5cd48de4ec28: start LeaderElection
2019-08-20 15:19:48,125 [489867c4-c9de-42bb-b37c-5cd48de4ec28:group-027DAF63A911:LeaderElection18] INFO  impl.LeaderElection (LeaderElection.java:askForVotes(181)) - 489867c4-c9de-42bb-b37c-5cd48de4ec28:group-027DAF63A911:LeaderElection18: begin an election at term 2 for 0: [489867c4-c9de-42bb-b37c-5cd48de4ec28:192.168.69.101:32990], old=null
2019-08-20 15:19:48,125 [489867c4-c9de-42bb-b37c-5cd48de4ec28:group-027DAF63A911:LeaderElection18] INFO  impl.RoleInfo (RoleInfo.java:shutdownLeaderElection(134)) - 489867c4-c9de-42bb-b37c-5cd48de4ec28: shutdown LeaderElection
2019-08-20 15:19:48,125 [489867c4-c9de-42bb-b37c-5cd48de4ec28:group-027DAF63A911:LeaderElection18] INFO  impl.RaftServerImpl (RaftServerImpl.java:setRole(171)) - 489867c4-c9de-42bb-b37c-5cd48de4ec28:group-027DAF63A911 changes role from CANDIDATE to LEADER at term 2 for changeToLeader
2019-08-20 15:19:48,126 [489867c4-c9de-42bb-b37c-5cd48de4ec28:group-027DAF63A911:LeaderElection18] INFO  impl.RaftServerImpl (ServerState.java:setLeader(263)) - 489867c4-c9de-42bb-b37c-5cd48de4ec28:group-027DAF63A911 change Leader from null to 489867c4-c9de-42bb-b37c-5cd48de4ec28 at term 2 for becomeLeader, leader elected after 7448ms
2019-08-20 15:19:48,126 [489867c4-c9de-42bb-b37c-5cd48de4ec28:group-027DAF63A911:LeaderElection18] INFO  server.RaftServerConfigKeys (ConfUtils.java:logGet(43)) - raft.server.staging.catchup.gap = 1000 (default)
2019-08-20 15:19:48,126 [489867c4-c9de-42bb-b37c-5cd48de4ec28:group-027DAF63A911:LeaderElection18] INFO  server.RaftServerConfigKeys (ConfUtils.java:logGet(43)) - raft.server.rpc.sleep.time = 25ms (default)
2019-08-20 15:19:48,126 [489867c4-c9de-42bb-b37c-5cd48de4ec28:group-027DAF63A911:LeaderElection18] INFO  server.RaftServerConfigKeys (ConfUtils.java:logGet(43)) - raft.server.write.element-limit = 4096 (default)
2019-08-20 15:19:48,126 [489867c4-c9de-42bb-b37c-5cd48de4ec28:group-027DAF63A911:LeaderElection18] INFO  server.RaftServerConfigKeys (ConfUtils.java:logGet(43)) - raft.server.watch.timeout = 10s (default)
2019-08-20 15:19:48,127 [489867c4-c9de-42bb-b37c-5cd48de4ec28:group-027DAF63A911:LeaderElection18] INFO  server.RaftServerConfigKeys (ConfUtils.java:logGet(43)) - raft.server.watch.timeout.denomination = 1s (default)
2019-08-20 15:19:48,127 [489867c4-c9de-42bb-b37c-5cd48de4ec28:group-027DAF63A911:LeaderElection18] INFO  server.RaftServerConfigKeys (ConfUtils.java:logGet(43)) - raft.server.watch.element-limit = 65536 (default)
2019-08-20 15:19:48,127 [489867c4-c9de-42bb-b37c-5cd48de4ec28:group-027DAF63A911:LeaderElection18] INFO  impl.RoleInfo (RoleInfo.java:updateAndGet(143)) - 489867c4-c9de-42bb-b37c-5cd48de4ec28: start LeaderState
2019-08-20 15:19:48,128 [489867c4-c9de-42bb-b37c-5cd48de4ec28:group-027DAF63A911:LeaderElection18] INFO  segmented.SegmentedRaftLogWorker (SegmentedRaftLogWorker.java:rollLogSegment(385)) - 489867c4-c9de-42bb-b37c-5cd48de4ec28-SegmentedRaftLogWorker:Storage Directory /workdir/hadoop-ozone/integration-test/target/test-dir/MiniOzoneClusterImpl-1a07f62a-f892-4fdb-b012-3e13de524f8f/datanode-2/data/ratis/8802222d-ba79-4937-8c21-027daf63a911: Rolling segment log-0_0 to index:0
2019-08-20 15:19:48,130 [489867c4-c9de-42bb-b37c-5cd48de4ec28:group-027DAF63A911:LeaderElection18] INFO  impl.RaftServerImpl (ServerState.java:setRaftConf(361)) - 489867c4-c9de-42bb-b37c-5cd48de4ec28:group-027DAF63A911 set configuration 1: [489867c4-c9de-42bb-b37c-5cd48de4ec28:192.168.69.101:32990], old=null at 1
2019-08-20 15:19:48,131 [489867c4-c9de-42bb-b37c-5cd48de4ec28-SegmentedRaftLogWorker:Storage Directory /workdir/hadoop-ozone/integration-test/target/test-dir/MiniOzoneClusterImpl-1a07f62a-f892-4fdb-b012-3e13de524f8f/datanode-2/data/ratis/8802222d-ba79-4937-8c21-027daf63a911] INFO  segmented.SegmentedRaftLogWorker (SegmentedRaftLogWorker.java:execute(526)) - 489867c4-c9de-42bb-b37c-5cd48de4ec28-SegmentedRaftLogWorker:Storage Directory /workdir/hadoop-ozone/integration-test/target/test-dir/MiniOzoneClusterImpl-1a07f62a-f892-4fdb-b012-3e13de524f8f/datanode-2/data/ratis/8802222d-ba79-4937-8c21-027daf63a911: Rolled log segment from /workdir/hadoop-ozone/integration-test/target/test-dir/MiniOzoneClusterImpl-1a07f62a-f892-4fdb-b012-3e13de524f8f/datanode-2/data/ratis/8802222d-ba79-4937-8c21-027daf63a911/current/log_inprogress_0 to /workdir/hadoop-ozone/integration-test/target/test-dir/MiniOzoneClusterImpl-1a07f62a-f892-4fdb-b012-3e13de524f8f/datanode-2/data/ratis/8802222d-ba79-4937-8c21-027daf63a911/current/log_0-0
2019-08-20 15:19:48,195 [489867c4-c9de-42bb-b37c-5cd48de4ec28-SegmentedRaftLogWorker:Storage Directory /workdir/hadoop-ozone/integration-test/target/test-dir/MiniOzoneClusterImpl-1a07f62a-f892-4fdb-b012-3e13de524f8f/datanode-2/data/ratis/8802222d-ba79-4937-8c21-027daf63a911] INFO  segmented.SegmentedRaftLogWorker (SegmentedRaftLogWorker.java:execute(569)) - 489867c4-c9de-42bb-b37c-5cd48de4ec28-SegmentedRaftLogWorker:Storage Directory /workdir/hadoop-ozone/integration-test/target/test-dir/MiniOzoneClusterImpl-1a07f62a-f892-4fdb-b012-3e13de524f8f/datanode-2/data/ratis/8802222d-ba79-4937-8c21-027daf63a911: created new log segment /workdir/hadoop-ozone/integration-test/target/test-dir/MiniOzoneClusterImpl-1a07f62a-f892-4fdb-b012-3e13de524f8f/datanode-2/data/ratis/8802222d-ba79-4937-8c21-027daf63a911/current/log_inprogress_1
2019-08-20 15:19:49,061 | INFO  | SCMAudit | user=jenkins1000 | ip=192.168.69.101 | op=SEND_HEARTBEAT {datanodeUUID=489867c4-c9de-42bb-b37c-5cd48de4ec28, command=[]} | ret=SUCCESS |  
2019-08-20 15:19:50,061 | INFO  | SCMAudit | user=jenkins1000 | ip=192.168.69.101 | op=SEND_HEARTBEAT {datanodeUUID=489867c4-c9de-42bb-b37c-5cd48de4ec28, command=[]} | ret=SUCCESS |  
2019-08-20 15:19:51,061 | INFO  | SCMAudit | user=jenkins1000 | ip=192.168.69.101 | op=SEND_HEARTBEAT {datanodeUUID=489867c4-c9de-42bb-b37c-5cd48de4ec28, command=[]} | ret=SUCCESS |  
2019-08-20 15:19:51,739 [EventQueue-StaleNodeForStaleNodeHandler] INFO  node.StaleNodeHandler (StaleNodeHandler.java:onMessage(58)) - Datanode b133dfae-0d8b-4bac-9f28-d0cb7cdc2bc1{ip: 192.168.69.101, host: pr-hdds-1981264b6-3336735905, networkLocation: /default-rack, certSerialId: null} moved to stale state. Finalizing its pipelines [PipelineID=8d4b7932-a22b-4f73-a202-b297e06254b0, PipelineID=62185d87-9026-45b8-bdd7-37a11bc7d609, PipelineID=819e5780-c689-46ca-88e6-ade561b89288]
2019-08-20 15:19:51,739 [EventQueue-StaleNodeForStaleNodeHandler] INFO  pipeline.SCMPipelineManager (SCMPipelineManager.java:finalizeAndDestroyPipeline(309)) - destroying pipeline:Pipeline[ Id: 8d4b7932-a22b-4f73-a202-b297e06254b0, Nodes: b133dfae-0d8b-4bac-9f28-d0cb7cdc2bc1{ip: 192.168.69.101, host: pr-hdds-1981264b6-3336735905, networkLocation: /default-rack, certSerialId: null}, Type:RATIS, Factor:ONE, State:OPEN]
2019-08-20 15:19:51,739 [EventQueue-StaleNodeForStaleNodeHandler] INFO  pipeline.PipelineStateManager (PipelineStateManager.java:finalizePipeline(123)) - Pipeline Pipeline[ Id: 8d4b7932-a22b-4f73-a202-b297e06254b0, Nodes: b133dfae-0d8b-4bac-9f28-d0cb7cdc2bc1{ip: 192.168.69.101, host: pr-hdds-1981264b6-3336735905, networkLocation: /default-rack, certSerialId: null}, Type:RATIS, Factor:ONE, State:CLOSED] moved to CLOSED state
2019-08-20 15:19:51,739 [EventQueue-StaleNodeForStaleNodeHandler] INFO  pipeline.SCMPipelineManager (SCMPipelineManager.java:finalizeAndDestroyPipeline(309)) - destroying pipeline:Pipeline[ Id: 62185d87-9026-45b8-bdd7-37a11bc7d609, Nodes: b133dfae-0d8b-4bac-9f28-d0cb7cdc2bc1{ip: 192.168.69.101, host: pr-hdds-1981264b6-3336735905, networkLocation: /default-rack, certSerialId: null}489867c4-c9de-42bb-b37c-5cd48de4ec28{ip: 192.168.69.101, host: pr-hdds-1981264b6-3336735905, networkLocation: /default-rack, certSerialId: null}6fd3ed34-8a63-4874-8589-87309973ae65{ip: 192.168.69.101, host: pr-hdds-1981264b6-3336735905, networkLocation: /default-rack, certSerialId: null}, Type:RATIS, Factor:THREE, State:OPEN]
2019-08-20 15:19:51,740 [EventQueue-StaleNodeForStaleNodeHandler] INFO  pipeline.PipelineStateManager (PipelineStateManager.java:finalizePipeline(123)) - Pipeline Pipeline[ Id: 62185d87-9026-45b8-bdd7-37a11bc7d609, Nodes: b133dfae-0d8b-4bac-9f28-d0cb7cdc2bc1{ip: 192.168.69.101, host: pr-hdds-1981264b6-3336735905, networkLocation: /default-rack, certSerialId: null}489867c4-c9de-42bb-b37c-5cd48de4ec28{ip: 192.168.69.101, host: pr-hdds-1981264b6-3336735905, networkLocation: /default-rack, certSerialId: null}6fd3ed34-8a63-4874-8589-87309973ae65{ip: 192.168.69.101, host: pr-hdds-1981264b6-3336735905, networkLocation: /default-rack, certSerialId: null}, Type:RATIS, Factor:THREE, State:CLOSED] moved to CLOSED state
2019-08-20 15:19:51,740 [EventQueue-StaleNodeForStaleNodeHandler] INFO  pipeline.SCMPipelineManager (SCMPipelineManager.java:finalizeAndDestroyPipeline(309)) - destroying pipeline:Pipeline[ Id: 819e5780-c689-46ca-88e6-ade561b89288, Nodes: b133dfae-0d8b-4bac-9f28-d0cb7cdc2bc1{ip: 192.168.69.101, host: pr-hdds-1981264b6-3336735905, networkLocation: /default-rack, certSerialId: null}, Type:RATIS, Factor:ONE, State:CLOSED]
2019-08-20 15:19:51,740 [EventQueue-StaleNodeForStaleNodeHandler] INFO  node.StaleNodeHandler (StaleNodeHandler.java:onMessage(58)) - Datanode 6fd3ed34-8a63-4874-8589-87309973ae65{ip: 192.168.69.101, host: pr-hdds-1981264b6-3336735905, networkLocation: /default-rack, certSerialId: null} moved to stale state. Finalizing its pipelines [PipelineID=2939f51d-50e7-4909-a0d6-521b00374a20, PipelineID=62185d87-9026-45b8-bdd7-37a11bc7d609, PipelineID=d0f6d220-ecc1-4113-84fc-aae40b065d87]
2019-08-20 15:19:51,740 [EventQueue-StaleNodeForStaleNodeHandler] INFO  pipeline.SCMPipelineManager (SCMPipelineManager.java:finalizeAndDestroyPipeline(309)) - destroying pipeline:Pipeline[ Id: 2939f51d-50e7-4909-a0d6-521b00374a20, Nodes: 6fd3ed34-8a63-4874-8589-87309973ae65{ip: 192.168.69.101, host: pr-hdds-1981264b6-3336735905, networkLocation: /default-rack, certSerialId: null}, Type:RATIS, Factor:ONE, State:CLOSED]
2019-08-20 15:19:51,740 [EventQueue-StaleNodeForStaleNodeHandler] INFO  pipeline.SCMPipelineManager (SCMPipelineManager.java:finalizeAndDestroyPipeline(309)) - destroying pipeline:Pipeline[ Id: 62185d87-9026-45b8-bdd7-37a11bc7d609, Nodes: b133dfae-0d8b-4bac-9f28-d0cb7cdc2bc1{ip: 192.168.69.101, host: pr-hdds-1981264b6-3336735905, networkLocation: /default-rack, certSerialId: null}489867c4-c9de-42bb-b37c-5cd48de4ec28{ip: 192.168.69.101, host: pr-hdds-1981264b6-3336735905, networkLocation: /default-rack, certSerialId: null}6fd3ed34-8a63-4874-8589-87309973ae65{ip: 192.168.69.101, host: pr-hdds-1981264b6-3336735905, networkLocation: /default-rack, certSerialId: null}, Type:RATIS, Factor:THREE, State:CLOSED]
2019-08-20 15:19:51,740 [EventQueue-StaleNodeForStaleNodeHandler] INFO  pipeline.SCMPipelineManager (SCMPipelineManager.java:finalizeAndDestroyPipeline(309)) - destroying pipeline:Pipeline[ Id: d0f6d220-ecc1-4113-84fc-aae40b065d87, Nodes: 6fd3ed34-8a63-4874-8589-87309973ae65{ip: 192.168.69.101, host: pr-hdds-1981264b6-3336735905, networkLocation: /default-rack, certSerialId: null}, Type:RATIS, Factor:ONE, State:OPEN]
2019-08-20 15:19:51,740 [EventQueue-StaleNodeForStaleNodeHandler] INFO  pipeline.PipelineStateManager (PipelineStateManager.java:finalizePipeline(123)) - Pipeline Pipeline[ Id: d0f6d220-ecc1-4113-84fc-aae40b065d87, Nodes: 6fd3ed34-8a63-4874-8589-87309973ae65{ip: 192.168.69.101, host: pr-hdds-1981264b6-3336735905, networkLocation: /default-rack, certSerialId: null}, Type:RATIS, Factor:ONE, State:CLOSED] moved to CLOSED state
2019-08-20 15:19:51,937 [Thread-604] INFO  impl.FollowerState (FollowerState.java:run(106)) - b133dfae-0d8b-4bac-9f28-d0cb7cdc2bc1:group-B297E06254B0 changes to CANDIDATE, lastRpcTime:5132, electionTimeout:5132ms
2019-08-20 15:19:51,937 [Thread-604] INFO  impl.RoleInfo (RoleInfo.java:shutdownFollowerState(121)) - b133dfae-0d8b-4bac-9f28-d0cb7cdc2bc1: shutdown FollowerState
2019-08-20 15:19:51,937 [Thread-604] INFO  impl.RaftServerImpl (RaftServerImpl.java:setRole(171)) - b133dfae-0d8b-4bac-9f28-d0cb7cdc2bc1:group-B297E06254B0 changes role from FOLLOWER to CANDIDATE at term 0 for changeToCandidate
2019-08-20 15:19:51,937 [Thread-604] INFO  impl.RoleInfo (RoleInfo.java:updateAndGet(143)) - b133dfae-0d8b-4bac-9f28-d0cb7cdc2bc1: start LeaderElection
2019-08-20 15:19:51,977 [b133dfae-0d8b-4bac-9f28-d0cb7cdc2bc1:group-B297E06254B0:LeaderElection19] INFO  impl.LeaderElection (LeaderElection.java:askForVotes(181)) - b133dfae-0d8b-4bac-9f28-d0cb7cdc2bc1:group-B297E06254B0:LeaderElection19: begin an election at term 1 for -1: [b133dfae-0d8b-4bac-9f28-d0cb7cdc2bc1:192.168.69.101:37813], old=null
2019-08-20 15:19:51,977 [b133dfae-0d8b-4bac-9f28-d0cb7cdc2bc1:group-B297E06254B0:LeaderElection19] INFO  impl.RoleInfo (RoleInfo.java:shutdownLeaderElection(134)) - b133dfae-0d8b-4bac-9f28-d0cb7cdc2bc1: shutdown LeaderElection
2019-08-20 15:19:51,977 [b133dfae-0d8b-4bac-9f28-d0cb7cdc2bc1:group-B297E06254B0:LeaderElection19] INFO  impl.RaftServerImpl (RaftServerImpl.java:setRole(171)) - b133dfae-0d8b-4bac-9f28-d0cb7cdc2bc1:group-B297E06254B0 changes role from CANDIDATE to LEADER at term 1 for changeToLeader
2019-08-20 15:19:51,977 [b133dfae-0d8b-4bac-9f28-d0cb7cdc2bc1:group-B297E06254B0:LeaderElection19] INFO  impl.RaftServerImpl (ServerState.java:setLeader(263)) - b133dfae-0d8b-4bac-9f28-d0cb7cdc2bc1:group-B297E06254B0 change Leader from null to b133dfae-0d8b-4bac-9f28-d0cb7cdc2bc1 at term 1 for becomeLeader, leader elected after 5177ms
2019-08-20 15:19:51,978 [b133dfae-0d8b-4bac-9f28-d0cb7cdc2bc1:group-B297E06254B0:LeaderElection19] INFO  server.RaftServerConfigKeys (ConfUtils.java:logGet(43)) - raft.server.staging.catchup.gap = 1000 (default)
2019-08-20 15:19:51,978 [b133dfae-0d8b-4bac-9f28-d0cb7cdc2bc1:group-B297E06254B0:LeaderElection19] INFO  server.RaftServerConfigKeys (ConfUtils.java:logGet(43)) - raft.server.rpc.sleep.time = 25ms (default)
2019-08-20 15:19:51,978 [b133dfae-0d8b-4bac-9f28-d0cb7cdc2bc1:group-B297E06254B0:LeaderElection19] INFO  server.RaftServerConfigKeys (ConfUtils.java:logGet(43)) - raft.server.write.element-limit = 4096 (default)
2019-08-20 15:19:51,978 [b133dfae-0d8b-4bac-9f28-d0cb7cdc2bc1:group-B297E06254B0:LeaderElection19] INFO  server.RaftServerConfigKeys (ConfUtils.java:logGet(43)) - raft.server.watch.timeout = 10s (default)
2019-08-20 15:19:51,979 [b133dfae-0d8b-4bac-9f28-d0cb7cdc2bc1:group-B297E06254B0:LeaderElection19] INFO  server.RaftServerConfigKeys (ConfUtils.java:logGet(43)) - raft.server.watch.timeout.denomination = 1s (default)
2019-08-20 15:19:51,979 [b133dfae-0d8b-4bac-9f28-d0cb7cdc2bc1:group-B297E06254B0:LeaderElection19] INFO  server.RaftServerConfigKeys (ConfUtils.java:logGet(43)) - raft.server.watch.element-limit = 65536 (default)
2019-08-20 15:19:51,979 [b133dfae-0d8b-4bac-9f28-d0cb7cdc2bc1:group-B297E06254B0:LeaderElection19] INFO  impl.RoleInfo (RoleInfo.java:updateAndGet(143)) - b133dfae-0d8b-4bac-9f28-d0cb7cdc2bc1: start LeaderState
2019-08-20 15:19:51,979 [b133dfae-0d8b-4bac-9f28-d0cb7cdc2bc1:group-B297E06254B0:LeaderElection19] INFO  segmented.SegmentedRaftLogWorker (SegmentedRaftLogWorker.java:startLogSegment(380)) - b133dfae-0d8b-4bac-9f28-d0cb7cdc2bc1-SegmentedRaftLogWorker:Storage Directory /workdir/hadoop-ozone/integration-test/target/test-dir/MiniOzoneClusterImpl-1a07f62a-f892-4fdb-b012-3e13de524f8f/datanode-0/data/ratis/8d4b7932-a22b-4f73-a202-b297e06254b0: Starting segment from index:0
2019-08-20 15:19:51,980 [b133dfae-0d8b-4bac-9f28-d0cb7cdc2bc1:group-B297E06254B0:LeaderElection19] INFO  impl.RaftServerImpl (ServerState.java:setRaftConf(361)) - b133dfae-0d8b-4bac-9f28-d0cb7cdc2bc1:group-B297E06254B0 set configuration 0: [b133dfae-0d8b-4bac-9f28-d0cb7cdc2bc1:192.168.69.101:37813], old=null at 0
2019-08-20 15:19:52,037 [b133dfae-0d8b-4bac-9f28-d0cb7cdc2bc1-SegmentedRaftLogWorker:Storage Directory /workdir/hadoop-ozone/integration-test/target/test-dir/MiniOzoneClusterImpl-1a07f62a-f892-4fdb-b012-3e13de524f8f/datanode-0/data/ratis/8d4b7932-a22b-4f73-a202-b297e06254b0] INFO  segmented.SegmentedRaftLogWorker (SegmentedRaftLogWorker.java:execute(569)) - b133dfae-0d8b-4bac-9f28-d0cb7cdc2bc1-SegmentedRaftLogWorker:Storage Directory /workdir/hadoop-ozone/integration-test/target/test-dir/MiniOzoneClusterImpl-1a07f62a-f892-4fdb-b012-3e13de524f8f/datanode-0/data/ratis/8d4b7932-a22b-4f73-a202-b297e06254b0: created new log segment /workdir/hadoop-ozone/integration-test/target/test-dir/MiniOzoneClusterImpl-1a07f62a-f892-4fdb-b012-3e13de524f8f/datanode-0/data/ratis/8d4b7932-a22b-4f73-a202-b297e06254b0/current/log_inprogress_0
2019-08-20 15:19:52,038 [Thread-607] INFO  impl.FollowerState (FollowerState.java:run(106)) - 6fd3ed34-8a63-4874-8589-87309973ae65:group-AAE40B065D87 changes to CANDIDATE, lastRpcTime:5161, electionTimeout:5161ms
2019-08-20 15:19:52,038 [Thread-607] INFO  impl.RoleInfo (RoleInfo.java:shutdownFollowerState(121)) - 6fd3ed34-8a63-4874-8589-87309973ae65: shutdown FollowerState
2019-08-20 15:19:52,038 [Thread-607] INFO  impl.RaftServerImpl (RaftServerImpl.java:setRole(171)) - 6fd3ed34-8a63-4874-8589-87309973ae65:group-AAE40B065D87 changes role from FOLLOWER to CANDIDATE at term 0 for changeToCandidate
2019-08-20 15:19:52,038 [Thread-607] INFO  impl.RoleInfo (RoleInfo.java:updateAndGet(143)) - 6fd3ed34-8a63-4874-8589-87309973ae65: start LeaderElection
2019-08-20 15:19:52,060 [6fd3ed34-8a63-4874-8589-87309973ae65:group-AAE40B065D87:LeaderElection20] INFO  impl.LeaderElection (LeaderElection.java:askForVotes(181)) - 6fd3ed34-8a63-4874-8589-87309973ae65:group-AAE40B065D87:LeaderElection20: begin an election at term 1 for -1: [6fd3ed34-8a63-4874-8589-87309973ae65:192.168.69.101:33798], old=null
2019-08-20 15:19:52,061 [6fd3ed34-8a63-4874-8589-87309973ae65:group-AAE40B065D87:LeaderElection20] INFO  impl.RoleInfo (RoleInfo.java:shutdownLeaderElection(134)) - 6fd3ed34-8a63-4874-8589-87309973ae65: shutdown LeaderElection
2019-08-20 15:19:52,061 [6fd3ed34-8a63-4874-8589-87309973ae65:group-AAE40B065D87:LeaderElection20] INFO  impl.RaftServerImpl (RaftServerImpl.java:setRole(171)) - 6fd3ed34-8a63-4874-8589-87309973ae65:group-AAE40B065D87 changes role from CANDIDATE to LEADER at term 1 for changeToLeader
2019-08-20 15:19:52,061 [6fd3ed34-8a63-4874-8589-87309973ae65:group-AAE40B065D87:LeaderElection20] INFO  impl.RaftServerImpl (ServerState.java:setLeader(263)) - 6fd3ed34-8a63-4874-8589-87309973ae65:group-AAE40B065D87 change Leader from null to 6fd3ed34-8a63-4874-8589-87309973ae65 at term 1 for becomeLeader, leader elected after 5188ms
2019-08-20 15:19:52,061 [6fd3ed34-8a63-4874-8589-87309973ae65:group-AAE40B065D87:LeaderElection20] INFO  server.RaftServerConfigKeys (ConfUtils.java:logGet(43)) - raft.server.staging.catchup.gap = 1000 (default)
2019-08-20 15:19:52,061 [6fd3ed34-8a63-4874-8589-87309973ae65:group-AAE40B065D87:LeaderElection20] INFO  server.RaftServerConfigKeys (ConfUtils.java:logGet(43)) - raft.server.rpc.sleep.time = 25ms (default)
2019-08-20 15:19:52,061 [6fd3ed34-8a63-4874-8589-87309973ae65:group-AAE40B065D87:LeaderElection20] INFO  server.RaftServerConfigKeys (ConfUtils.java:logGet(43)) - raft.server.write.element-limit = 4096 (default)
2019-08-20 15:19:52,061 [6fd3ed34-8a63-4874-8589-87309973ae65:group-AAE40B065D87:LeaderElection20] INFO  server.RaftServerConfigKeys (ConfUtils.java:logGet(43)) - raft.server.watch.timeout = 10s (default)
2019-08-20 15:19:52,061 [6fd3ed34-8a63-4874-8589-87309973ae65:group-AAE40B065D87:LeaderElection20] INFO  server.RaftServerConfigKeys (ConfUtils.java:logGet(43)) - raft.server.watch.timeout.denomination = 1s (default)
2019-08-20 15:19:52,061 [6fd3ed34-8a63-4874-8589-87309973ae65:group-AAE40B065D87:LeaderElection20] INFO  server.RaftServerConfigKeys (ConfUtils.java:logGet(43)) - raft.server.watch.element-limit = 65536 (default)
2019-08-20 15:19:52,062 | INFO  | SCMAudit | user=jenkins1000 | ip=192.168.69.101 | op=SEND_HEARTBEAT {datanodeUUID=489867c4-c9de-42bb-b37c-5cd48de4ec28, command=[]} | ret=SUCCESS |  
2019-08-20 15:19:52,062 [6fd3ed34-8a63-4874-8589-87309973ae65:group-AAE40B065D87:LeaderElection20] INFO  impl.RoleInfo (RoleInfo.java:updateAndGet(143)) - 6fd3ed34-8a63-4874-8589-87309973ae65: start LeaderState
2019-08-20 15:19:52,062 [6fd3ed34-8a63-4874-8589-87309973ae65:group-AAE40B065D87:LeaderElection20] INFO  segmented.SegmentedRaftLogWorker (SegmentedRaftLogWorker.java:startLogSegment(380)) - 6fd3ed34-8a63-4874-8589-87309973ae65-SegmentedRaftLogWorker:Storage Directory /workdir/hadoop-ozone/integration-test/target/test-dir/MiniOzoneClusterImpl-1a07f62a-f892-4fdb-b012-3e13de524f8f/datanode-1/data/ratis/d0f6d220-ecc1-4113-84fc-aae40b065d87: Starting segment from index:0
2019-08-20 15:19:52,062 [6fd3ed34-8a63-4874-8589-87309973ae65:group-AAE40B065D87:LeaderElection20] INFO  impl.RaftServerImpl (ServerState.java:setRaftConf(361)) - 6fd3ed34-8a63-4874-8589-87309973ae65:group-AAE40B065D87 set configuration 0: [6fd3ed34-8a63-4874-8589-87309973ae65:192.168.69.101:33798], old=null at 0
2019-08-20 15:19:52,117 [6fd3ed34-8a63-4874-8589-87309973ae65-SegmentedRaftLogWorker:Storage Directory /workdir/hadoop-ozone/integration-test/target/test-dir/MiniOzoneClusterImpl-1a07f62a-f892-4fdb-b012-3e13de524f8f/datanode-1/data/ratis/d0f6d220-ecc1-4113-84fc-aae40b065d87] INFO  segmented.SegmentedRaftLogWorker (SegmentedRaftLogWorker.java:execute(569)) - 6fd3ed34-8a63-4874-8589-87309973ae65-SegmentedRaftLogWorker:Storage Directory /workdir/hadoop-ozone/integration-test/target/test-dir/MiniOzoneClusterImpl-1a07f62a-f892-4fdb-b012-3e13de524f8f/datanode-1/data/ratis/d0f6d220-ecc1-4113-84fc-aae40b065d87: created new log segment /workdir/hadoop-ozone/integration-test/target/test-dir/MiniOzoneClusterImpl-1a07f62a-f892-4fdb-b012-3e13de524f8f/datanode-1/data/ratis/d0f6d220-ecc1-4113-84fc-aae40b065d87/current/log_inprogress_0
2019-08-20 15:19:52,300 [main] INFO  ozoneimpl.OzoneContainer (OzoneContainer.java:stop(199)) - Attempting to stop container services.
2019-08-20 15:19:52,300 [ForkJoinPool.commonPool-worker-1] INFO  ozoneimpl.OzoneContainer (OzoneContainer.java:stop(199)) - Attempting to stop container services.
2019-08-20 15:19:52,301 [main] INFO  impl.RaftServerProxy (RaftServerProxy.java:lambda$close$4(314)) - 6fd3ed34-8a63-4874-8589-87309973ae65: close
2019-08-20 15:19:52,301 [ForkJoinPool.commonPool-worker-1] INFO  impl.RaftServerProxy (RaftServerProxy.java:lambda$close$4(314)) - b133dfae-0d8b-4bac-9f28-d0cb7cdc2bc1: close
2019-08-20 15:19:52,301 [main] INFO  impl.RaftServerImpl (RaftServerImpl.java:lambda$shutdown$3(245)) - 6fd3ed34-8a63-4874-8589-87309973ae65: shutdown group-521B00374A20
2019-08-20 15:19:52,301 [ForkJoinPool.commonPool-worker-1] INFO  impl.RaftServerImpl (RaftServerImpl.java:lambda$shutdown$3(245)) - b133dfae-0d8b-4bac-9f28-d0cb7cdc2bc1: shutdown group-B297E06254B0
2019-08-20 15:19:52,302 [main] INFO  util.JmxRegister (JmxRegister.java:unregister(73)) - Successfully un-registered JMX Bean with object name Ratis:service=RaftServer,group=group-521B00374A20,id=6fd3ed34-8a63-4874-8589-87309973ae65
2019-08-20 15:19:52,302 [ForkJoinPool.commonPool-worker-1] INFO  util.JmxRegister (JmxRegister.java:unregister(73)) - Successfully un-registered JMX Bean with object name Ratis:service=RaftServer,group=group-B297E06254B0,id=b133dfae-0d8b-4bac-9f28-d0cb7cdc2bc1
2019-08-20 15:19:52,302 [main] INFO  impl.RoleInfo (RoleInfo.java:shutdownLeaderState(104)) - 6fd3ed34-8a63-4874-8589-87309973ae65: shutdown LeaderState
2019-08-20 15:19:52,302 [ForkJoinPool.commonPool-worker-1] INFO  impl.RoleInfo (RoleInfo.java:shutdownLeaderState(104)) - b133dfae-0d8b-4bac-9f28-d0cb7cdc2bc1: shutdown LeaderState
2019-08-20 15:19:52,303 [main] INFO  impl.PendingRequests (PendingRequests.java:sendNotLeaderResponses(202)) - 6fd3ed34-8a63-4874-8589-87309973ae65-PendingRequests: sendNotLeaderResponses
2019-08-20 15:19:52,303 [ForkJoinPool.commonPool-worker-1] INFO  impl.PendingRequests (PendingRequests.java:sendNotLeaderResponses(202)) - b133dfae-0d8b-4bac-9f28-d0cb7cdc2bc1-PendingRequests: sendNotLeaderResponses
2019-08-20 15:19:52,307 [ForkJoinPool.commonPool-worker-1] INFO  impl.StateMachineUpdater (StateMachineUpdater.java:stopAndJoin(115)) - StateMachineUpdater:b133dfae-0d8b-4bac-9f28-d0cb7cdc2bc1:group-B297E06254B0: set stopIndex = 0
2019-08-20 15:19:52,307 [main] INFO  impl.StateMachineUpdater (StateMachineUpdater.java:stopAndJoin(115)) - StateMachineUpdater:6fd3ed34-8a63-4874-8589-87309973ae65:group-521B00374A20: set stopIndex = 2
2019-08-20 15:19:52,308 [main] INFO  impl.RaftServerImpl (ServerState.java:close(394)) - 6fd3ed34-8a63-4874-8589-87309973ae65:group-521B00374A20 closes. The last applied log index is 2
2019-08-20 15:19:52,308 [ForkJoinPool.commonPool-worker-1] INFO  impl.RaftServerImpl (ServerState.java:close(394)) - b133dfae-0d8b-4bac-9f28-d0cb7cdc2bc1:group-B297E06254B0 closes. The last applied log index is 0
2019-08-20 15:19:52,308 [6fd3ed34-8a63-4874-8589-87309973ae65-SegmentedRaftLogWorker:Storage Directory /workdir/hadoop-ozone/integration-test/target/test-dir/MiniOzoneClusterImpl-1a07f62a-f892-4fdb-b012-3e13de524f8f/datanode-1/data/ratis/2939f51d-50e7-4909-a0d6-521b00374a20] INFO  segmented.SegmentedRaftLogWorker (SegmentedRaftLogWorker.java:run(313)) - 6fd3ed34-8a63-4874-8589-87309973ae65-SegmentedRaftLogWorker:Storage Directory /workdir/hadoop-ozone/integration-test/target/test-dir/MiniOzoneClusterImpl-1a07f62a-f892-4fdb-b012-3e13de524f8f/datanode-1/data/ratis/2939f51d-50e7-4909-a0d6-521b00374a20 was interrupted, exiting. There are 0 tasks remaining in the queue.
2019-08-20 15:19:52,309 [b133dfae-0d8b-4bac-9f28-d0cb7cdc2bc1-SegmentedRaftLogWorker:Storage Directory /workdir/hadoop-ozone/integration-test/target/test-dir/MiniOzoneClusterImpl-1a07f62a-f892-4fdb-b012-3e13de524f8f/datanode-0/data/ratis/8d4b7932-a22b-4f73-a202-b297e06254b0] INFO  segmented.SegmentedRaftLogWorker (SegmentedRaftLogWorker.java:run(313)) - b133dfae-0d8b-4bac-9f28-d0cb7cdc2bc1-SegmentedRaftLogWorker:Storage Directory /workdir/hadoop-ozone/integration-test/target/test-dir/MiniOzoneClusterImpl-1a07f62a-f892-4fdb-b012-3e13de524f8f/datanode-0/data/ratis/8d4b7932-a22b-4f73-a202-b297e06254b0 was interrupted, exiting. There are 0 tasks remaining in the queue.
2019-08-20 15:19:52,309 [main] INFO  segmented.SegmentedRaftLogWorker (SegmentedRaftLogWorker.java:close(228)) - 6fd3ed34-8a63-4874-8589-87309973ae65-SegmentedRaftLogWorker:Storage Directory /workdir/hadoop-ozone/integration-test/target/test-dir/MiniOzoneClusterImpl-1a07f62a-f892-4fdb-b012-3e13de524f8f/datanode-1/data/ratis/2939f51d-50e7-4909-a0d6-521b00374a20 close()
2019-08-20 15:19:52,310 [ForkJoinPool.commonPool-worker-1] INFO  segmented.SegmentedRaftLogWorker (SegmentedRaftLogWorker.java:close(228)) - b133dfae-0d8b-4bac-9f28-d0cb7cdc2bc1-SegmentedRaftLogWorker:Storage Directory /workdir/hadoop-ozone/integration-test/target/test-dir/MiniOzoneClusterImpl-1a07f62a-f892-4fdb-b012-3e13de524f8f/datanode-0/data/ratis/8d4b7932-a22b-4f73-a202-b297e06254b0 close()
2019-08-20 15:19:52,312 [main] INFO  impl.RaftServerImpl (RaftServerImpl.java:lambda$shutdown$3(245)) - 6fd3ed34-8a63-4874-8589-87309973ae65: shutdown group-37A11BC7D609
2019-08-20 15:19:52,314 [ForkJoinPool.commonPool-worker-1] INFO  impl.RaftServerImpl (RaftServerImpl.java:lambda$shutdown$3(245)) - b133dfae-0d8b-4bac-9f28-d0cb7cdc2bc1: shutdown group-37A11BC7D609
2019-08-20 15:19:52,314 [main] INFO  util.JmxRegister (JmxRegister.java:unregister(73)) - Successfully un-registered JMX Bean with object name Ratis:service=RaftServer,group=group-37A11BC7D609,id=6fd3ed34-8a63-4874-8589-87309973ae65
2019-08-20 15:19:52,314 [ForkJoinPool.commonPool-worker-1] INFO  util.JmxRegister (JmxRegister.java:unregister(73)) - Successfully un-registered JMX Bean with object name Ratis:service=RaftServer,group=group-37A11BC7D609,id=b133dfae-0d8b-4bac-9f28-d0cb7cdc2bc1
2019-08-20 15:19:52,315 [main] INFO  impl.RoleInfo (RoleInfo.java:shutdownFollowerState(121)) - 6fd3ed34-8a63-4874-8589-87309973ae65: shutdown FollowerState
2019-08-20 15:19:52,315 [ForkJoinPool.commonPool-worker-1] INFO  impl.RoleInfo (RoleInfo.java:shutdownFollowerState(121)) - b133dfae-0d8b-4bac-9f28-d0cb7cdc2bc1: shutdown FollowerState
2019-08-20 15:19:52,315 [Thread-622] INFO  impl.FollowerState (FollowerState.java:run(114)) - 6fd3ed34-8a63-4874-8589-87309973ae65: FollowerState was interrupted: java.lang.InterruptedException: sleep interrupted
2019-08-20 15:19:52,319 [Thread-621] INFO  impl.FollowerState (FollowerState.java:run(114)) - b133dfae-0d8b-4bac-9f28-d0cb7cdc2bc1: FollowerState was interrupted: java.lang.InterruptedException: sleep interrupted
2019-08-20 15:19:52,315 [main] INFO  impl.StateMachineUpdater (StateMachineUpdater.java:stopAndJoin(115)) - StateMachineUpdater:6fd3ed34-8a63-4874-8589-87309973ae65:group-37A11BC7D609: set stopIndex = -1
2019-08-20 15:19:52,315 [ForkJoinPool.commonPool-worker-1] INFO  impl.StateMachineUpdater (StateMachineUpdater.java:stopAndJoin(115)) - StateMachineUpdater:b133dfae-0d8b-4bac-9f28-d0cb7cdc2bc1:group-37A11BC7D609: set stopIndex = -1
2019-08-20 15:19:52,327 [main] INFO  impl.RaftServerImpl (ServerState.java:close(394)) - 6fd3ed34-8a63-4874-8589-87309973ae65:group-37A11BC7D609 closes. The last applied log index is -1
2019-08-20 15:19:52,327 [ForkJoinPool.commonPool-worker-1] INFO  impl.RaftServerImpl (ServerState.java:close(394)) - b133dfae-0d8b-4bac-9f28-d0cb7cdc2bc1:group-37A11BC7D609 closes. The last applied log index is -1
2019-08-20 15:19:52,328 [6fd3ed34-8a63-4874-8589-87309973ae65-SegmentedRaftLogWorker:Storage Directory /workdir/hadoop-ozone/integration-test/target/test-dir/MiniOzoneClusterImpl-1a07f62a-f892-4fdb-b012-3e13de524f8f/datanode-1/data/ratis/62185d87-9026-45b8-bdd7-37a11bc7d609] INFO  segmented.SegmentedRaftLogWorker (SegmentedRaftLogWorker.java:run(313)) - 6fd3ed34-8a63-4874-8589-87309973ae65-SegmentedRaftLogWorker:Storage Directory /workdir/hadoop-ozone/integration-test/target/test-dir/MiniOzoneClusterImpl-1a07f62a-f892-4fdb-b012-3e13de524f8f/datanode-1/data/ratis/62185d87-9026-45b8-bdd7-37a11bc7d609 was interrupted, exiting. There are 0 tasks remaining in the queue.
2019-08-20 15:19:52,328 [b133dfae-0d8b-4bac-9f28-d0cb7cdc2bc1-SegmentedRaftLogWorker:Storage Directory /workdir/hadoop-ozone/integration-test/target/test-dir/MiniOzoneClusterImpl-1a07f62a-f892-4fdb-b012-3e13de524f8f/datanode-0/data/ratis/62185d87-9026-45b8-bdd7-37a11bc7d609] INFO  segmented.SegmentedRaftLogWorker (SegmentedRaftLogWorker.java:run(313)) - b133dfae-0d8b-4bac-9f28-d0cb7cdc2bc1-SegmentedRaftLogWorker:Storage Directory /workdir/hadoop-ozone/integration-test/target/test-dir/MiniOzoneClusterImpl-1a07f62a-f892-4fdb-b012-3e13de524f8f/datanode-0/data/ratis/62185d87-9026-45b8-bdd7-37a11bc7d609 was interrupted, exiting. There are 0 tasks remaining in the queue.
2019-08-20 15:19:52,328 [main] INFO  segmented.SegmentedRaftLogWorker (SegmentedRaftLogWorker.java:close(228)) - 6fd3ed34-8a63-4874-8589-87309973ae65-SegmentedRaftLogWorker:Storage Directory /workdir/hadoop-ozone/integration-test/target/test-dir/MiniOzoneClusterImpl-1a07f62a-f892-4fdb-b012-3e13de524f8f/datanode-1/data/ratis/62185d87-9026-45b8-bdd7-37a11bc7d609 close()
2019-08-20 15:19:52,328 [ForkJoinPool.commonPool-worker-1] INFO  segmented.SegmentedRaftLogWorker (SegmentedRaftLogWorker.java:close(228)) - b133dfae-0d8b-4bac-9f28-d0cb7cdc2bc1-SegmentedRaftLogWorker:Storage Directory /workdir/hadoop-ozone/integration-test/target/test-dir/MiniOzoneClusterImpl-1a07f62a-f892-4fdb-b012-3e13de524f8f/datanode-0/data/ratis/62185d87-9026-45b8-bdd7-37a11bc7d609 close()
2019-08-20 15:19:52,332 [main] INFO  impl.RaftServerImpl (RaftServerImpl.java:lambda$shutdown$3(245)) - 6fd3ed34-8a63-4874-8589-87309973ae65: shutdown group-AAE40B065D87
2019-08-20 15:19:52,332 [ForkJoinPool.commonPool-worker-1] INFO  impl.RaftServerImpl (RaftServerImpl.java:lambda$shutdown$3(245)) - b133dfae-0d8b-4bac-9f28-d0cb7cdc2bc1: shutdown group-ADE561B89288
2019-08-20 15:19:52,332 [main] INFO  util.JmxRegister (JmxRegister.java:unregister(73)) - Successfully un-registered JMX Bean with object name Ratis:service=RaftServer,group=group-AAE40B065D87,id=6fd3ed34-8a63-4874-8589-87309973ae65
2019-08-20 15:19:52,332 [ForkJoinPool.commonPool-worker-1] INFO  util.JmxRegister (JmxRegister.java:unregister(73)) - Successfully un-registered JMX Bean with object name Ratis:service=RaftServer,group=group-ADE561B89288,id=b133dfae-0d8b-4bac-9f28-d0cb7cdc2bc1
2019-08-20 15:19:52,332 [main] INFO  impl.RoleInfo (RoleInfo.java:shutdownLeaderState(104)) - 6fd3ed34-8a63-4874-8589-87309973ae65: shutdown LeaderState
2019-08-20 15:19:52,333 [ForkJoinPool.commonPool-worker-1] INFO  impl.RoleInfo (RoleInfo.java:shutdownLeaderState(104)) - b133dfae-0d8b-4bac-9f28-d0cb7cdc2bc1: shutdown LeaderState
2019-08-20 15:19:52,333 [main] INFO  impl.PendingRequests (PendingRequests.java:sendNotLeaderResponses(202)) - 6fd3ed34-8a63-4874-8589-87309973ae65-PendingRequests: sendNotLeaderResponses
2019-08-20 15:19:52,333 [ForkJoinPool.commonPool-worker-1] INFO  impl.PendingRequests (PendingRequests.java:sendNotLeaderResponses(202)) - b133dfae-0d8b-4bac-9f28-d0cb7cdc2bc1-PendingRequests: sendNotLeaderResponses
2019-08-20 15:19:52,333 [main] INFO  impl.StateMachineUpdater (StateMachineUpdater.java:stopAndJoin(115)) - StateMachineUpdater:6fd3ed34-8a63-4874-8589-87309973ae65:group-AAE40B065D87: set stopIndex = 0
2019-08-20 15:19:52,337 [ForkJoinPool.commonPool-worker-1] INFO  impl.StateMachineUpdater (StateMachineUpdater.java:stopAndJoin(115)) - StateMachineUpdater:b133dfae-0d8b-4bac-9f28-d0cb7cdc2bc1:group-ADE561B89288: set stopIndex = 2
2019-08-20 15:19:52,337 [main] INFO  impl.RaftServerImpl (ServerState.java:close(394)) - 6fd3ed34-8a63-4874-8589-87309973ae65:group-AAE40B065D87 closes. The last applied log index is 0
2019-08-20 15:19:52,337 [ForkJoinPool.commonPool-worker-1] INFO  impl.RaftServerImpl (ServerState.java:close(394)) - b133dfae-0d8b-4bac-9f28-d0cb7cdc2bc1:group-ADE561B89288 closes. The last applied log index is 2
2019-08-20 15:19:52,337 [6fd3ed34-8a63-4874-8589-87309973ae65-SegmentedRaftLogWorker:Storage Directory /workdir/hadoop-ozone/integration-test/target/test-dir/MiniOzoneClusterImpl-1a07f62a-f892-4fdb-b012-3e13de524f8f/datanode-1/data/ratis/d0f6d220-ecc1-4113-84fc-aae40b065d87] INFO  segmented.SegmentedRaftLogWorker (SegmentedRaftLogWorker.java:run(313)) - 6fd3ed34-8a63-4874-8589-87309973ae65-SegmentedRaftLogWorker:Storage Directory /workdir/hadoop-ozone/integration-test/target/test-dir/MiniOzoneClusterImpl-1a07f62a-f892-4fdb-b012-3e13de524f8f/datanode-1/data/ratis/d0f6d220-ecc1-4113-84fc-aae40b065d87 was interrupted, exiting. There are 0 tasks remaining in the queue.
2019-08-20 15:19:52,337 [b133dfae-0d8b-4bac-9f28-d0cb7cdc2bc1-SegmentedRaftLogWorker:Storage Directory /workdir/hadoop-ozone/integration-test/target/test-dir/MiniOzoneClusterImpl-1a07f62a-f892-4fdb-b012-3e13de524f8f/datanode-0/data/ratis/819e5780-c689-46ca-88e6-ade561b89288] INFO  segmented.SegmentedRaftLogWorker (SegmentedRaftLogWorker.java:run(313)) - b133dfae-0d8b-4bac-9f28-d0cb7cdc2bc1-SegmentedRaftLogWorker:Storage Directory /workdir/hadoop-ozone/integration-test/target/test-dir/MiniOzoneClusterImpl-1a07f62a-f892-4fdb-b012-3e13de524f8f/datanode-0/data/ratis/819e5780-c689-46ca-88e6-ade561b89288 was interrupted, exiting. There are 0 tasks remaining in the queue.
2019-08-20 15:19:52,343 [main] INFO  segmented.SegmentedRaftLogWorker (SegmentedRaftLogWorker.java:close(228)) - 6fd3ed34-8a63-4874-8589-87309973ae65-SegmentedRaftLogWorker:Storage Directory /workdir/hadoop-ozone/integration-test/target/test-dir/MiniOzoneClusterImpl-1a07f62a-f892-4fdb-b012-3e13de524f8f/datanode-1/data/ratis/d0f6d220-ecc1-4113-84fc-aae40b065d87 close()
2019-08-20 15:19:52,344 [ForkJoinPool.commonPool-worker-1] INFO  segmented.SegmentedRaftLogWorker (SegmentedRaftLogWorker.java:close(228)) - b133dfae-0d8b-4bac-9f28-d0cb7cdc2bc1-SegmentedRaftLogWorker:Storage Directory /workdir/hadoop-ozone/integration-test/target/test-dir/MiniOzoneClusterImpl-1a07f62a-f892-4fdb-b012-3e13de524f8f/datanode-0/data/ratis/819e5780-c689-46ca-88e6-ade561b89288 close()
2019-08-20 15:19:52,345 [main] INFO  server.GrpcService (GrpcService.java:closeImpl(155)) - 6fd3ed34-8a63-4874-8589-87309973ae65: shutdown server with port 33798 now
2019-08-20 15:19:52,346 [ForkJoinPool.commonPool-worker-1] INFO  server.GrpcService (GrpcService.java:closeImpl(155)) - b133dfae-0d8b-4bac-9f28-d0cb7cdc2bc1: shutdown server with port 37813 now
2019-08-20 15:19:52,346 [main] INFO  server.GrpcService (GrpcService.java:closeImpl(163)) - 6fd3ed34-8a63-4874-8589-87309973ae65: shutdown server with port 33798 successfully
2019-08-20 15:19:52,347 [ForkJoinPool.commonPool-worker-1] INFO  server.GrpcService (GrpcService.java:closeImpl(163)) - b133dfae-0d8b-4bac-9f28-d0cb7cdc2bc1: shutdown server with port 37813 successfully
2019-08-20 15:19:52,348 [main] INFO  utils.BackgroundService (BackgroundService.java:shutdown(148)) - Shutting down service BlockDeletingService
2019-08-20 15:19:52,349 [ForkJoinPool.commonPool-worker-1] INFO  utils.BackgroundService (BackgroundService.java:shutdown(148)) - Shutting down service BlockDeletingService
2019-08-20 15:19:52,350 [refreshUsed-/workdir/hadoop-ozone/integration-test/target/test-dir/MiniOzoneClusterImpl-1a07f62a-f892-4fdb-b012-3e13de524f8f/datanode-1/data/containers] WARN  fs.CachingGetSpaceUsed (CachingGetSpaceUsed.java:run(183)) - Thread Interrupted waiting to refresh disk information: sleep interrupted
2019-08-20 15:19:52,350 [refreshUsed-/workdir/hadoop-ozone/integration-test/target/test-dir/MiniOzoneClusterImpl-1a07f62a-f892-4fdb-b012-3e13de524f8f/datanode-0/data/containers] WARN  fs.CachingGetSpaceUsed (CachingGetSpaceUsed.java:run(183)) - Thread Interrupted waiting to refresh disk information: sleep interrupted
2019-08-20 15:19:52,366 [main] INFO  statemachine.DatanodeStateMachine (DatanodeStateMachine.java:stopDaemon(395)) - Ozone container server stopped.
2019-08-20 15:19:52,369 [main] INFO  handler.ContextHandler (ContextHandler.java:doStop(910)) - Stopped o.e.j.w.WebAppContext@71cc98a2{/,null,UNAVAILABLE}{/hddsDatanode}
2019-08-20 15:19:52,370 [main] INFO  server.AbstractConnector (AbstractConnector.java:doStop(318)) - Stopped ServerConnector@7d3fc4ab{HTTP/1.1,[http/1.1]}{0.0.0.0:35860}
2019-08-20 15:19:52,372 [ForkJoinPool.commonPool-worker-1] INFO  statemachine.DatanodeStateMachine (DatanodeStateMachine.java:stopDaemon(395)) - Ozone container server stopped.
2019-08-20 15:19:52,372 [main] INFO  handler.ContextHandler (ContextHandler.java:doStop(910)) - Stopped o.e.j.s.ServletContextHandler@2e2125bf{/static,jar:file:/home/user/.m2/repository/org/apache/hadoop/hadoop-hdds-container-service/0.5.0-SNAPSHOT/hadoop-hdds-container-service-0.5.0-SNAPSHOT.jar!/webapps/static,UNAVAILABLE}
2019-08-20 15:19:52,374 [main] INFO  handler.ContextHandler (ContextHandler.java:doStop(910)) - Stopped o.e.j.s.ServletContextHandler@281464b{/logs,file:///workdir/hadoop-ozone/integration-test/target/log,UNAVAILABLE}
2019-08-20 15:19:52,374 [ForkJoinPool.commonPool-worker-1] INFO  handler.ContextHandler (ContextHandler.java:doStop(910)) - Stopped o.e.j.w.WebAppContext@5d60972b{/,null,UNAVAILABLE}{/hddsDatanode}
2019-08-20 15:19:52,375 [main] INFO  datanode.ObjectStoreHandler (ObjectStoreHandler.java:close(155)) - Closing ObjectStoreHandler.
2019-08-20 15:19:52,375 [ForkJoinPool.commonPool-worker-1] INFO  server.AbstractConnector (AbstractConnector.java:doStop(318)) - Stopped ServerConnector@9e8506{HTTP/1.1,[http/1.1]}{0.0.0.0:41202}
2019-08-20 15:19:52,376 [main] INFO  ozone.HddsDatanodeService (HddsDatanodeService.java:stop(451)) - Stopped plug-in org.apache.hadoop.ozone.web.OzoneHddsDatanodeService@37636771
2019-08-20 15:19:52,376 [ForkJoinPool.commonPool-worker-1] INFO  handler.ContextHandler (ContextHandler.java:doStop(910)) - Stopped o.e.j.s.ServletContextHandler@7f962c1{/static,jar:file:/home/user/.m2/repository/org/apache/hadoop/hadoop-hdds-container-service/0.5.0-SNAPSHOT/hadoop-hdds-container-service-0.5.0-SNAPSHOT.jar!/webapps/static,UNAVAILABLE}
2019-08-20 15:19:52,378 [ForkJoinPool.commonPool-worker-1] INFO  handler.ContextHandler (ContextHandler.java:doStop(910)) - Stopped o.e.j.s.ServletContextHandler@70cfffcd{/logs,file:///workdir/hadoop-ozone/integration-test/target/log,UNAVAILABLE}
2019-08-20 15:19:52,978 [Thread-614] INFO  impl.FollowerState (FollowerState.java:run(106)) - 489867c4-c9de-42bb-b37c-5cd48de4ec28:group-B91DDEE7DB16 changes to CANDIDATE, lastRpcTime:5156, electionTimeout:5156ms
2019-08-20 15:19:52,978 [Thread-614] INFO  impl.RoleInfo (RoleInfo.java:shutdownFollowerState(121)) - 489867c4-c9de-42bb-b37c-5cd48de4ec28: shutdown FollowerState
2019-08-20 15:19:52,978 [Thread-614] INFO  impl.RaftServerImpl (RaftServerImpl.java:setRole(171)) - 489867c4-c9de-42bb-b37c-5cd48de4ec28:group-B91DDEE7DB16 changes role from FOLLOWER to CANDIDATE at term 0 for changeToCandidate
2019-08-20 15:19:52,978 [Thread-614] INFO  impl.RoleInfo (RoleInfo.java:updateAndGet(143)) - 489867c4-c9de-42bb-b37c-5cd48de4ec28: start LeaderElection
2019-08-20 15:19:52,996 [489867c4-c9de-42bb-b37c-5cd48de4ec28:group-B91DDEE7DB16:LeaderElection21] INFO  impl.LeaderElection (LeaderElection.java:askForVotes(181)) - 489867c4-c9de-42bb-b37c-5cd48de4ec28:group-B91DDEE7DB16:LeaderElection21: begin an election at term 1 for -1: [489867c4-c9de-42bb-b37c-5cd48de4ec28:192.168.69.101:32990], old=null
2019-08-20 15:19:52,997 [489867c4-c9de-42bb-b37c-5cd48de4ec28:group-B91DDEE7DB16:LeaderElection21] INFO  impl.RoleInfo (RoleInfo.java:shutdownLeaderElection(134)) - 489867c4-c9de-42bb-b37c-5cd48de4ec28: shutdown LeaderElection
2019-08-20 15:19:52,997 [489867c4-c9de-42bb-b37c-5cd48de4ec28:group-B91DDEE7DB16:LeaderElection21] INFO  impl.RaftServerImpl (RaftServerImpl.java:setRole(171)) - 489867c4-c9de-42bb-b37c-5cd48de4ec28:group-B91DDEE7DB16 changes role from CANDIDATE to LEADER at term 1 for changeToLeader
2019-08-20 15:19:52,997 [489867c4-c9de-42bb-b37c-5cd48de4ec28:group-B91DDEE7DB16:LeaderElection21] INFO  impl.RaftServerImpl (ServerState.java:setLeader(263)) - 489867c4-c9de-42bb-b37c-5cd48de4ec28:group-B91DDEE7DB16 change Leader from null to 489867c4-c9de-42bb-b37c-5cd48de4ec28 at term 1 for becomeLeader, leader elected after 5179ms
2019-08-20 15:19:52,997 [489867c4-c9de-42bb-b37c-5cd48de4ec28:group-B91DDEE7DB16:LeaderElection21] INFO  server.RaftServerConfigKeys (ConfUtils.java:logGet(43)) - raft.server.staging.catchup.gap = 1000 (default)
2019-08-20 15:19:52,997 [489867c4-c9de-42bb-b37c-5cd48de4ec28:group-B91DDEE7DB16:LeaderElection21] INFO  server.RaftServerConfigKeys (ConfUtils.java:logGet(43)) - raft.server.rpc.sleep.time = 25ms (default)
2019-08-20 15:19:52,997 [489867c4-c9de-42bb-b37c-5cd48de4ec28:group-B91DDEE7DB16:LeaderElection21] INFO  server.RaftServerConfigKeys (ConfUtils.java:logGet(43)) - raft.server.write.element-limit = 4096 (default)
2019-08-20 15:19:52,998 [489867c4-c9de-42bb-b37c-5cd48de4ec28:group-B91DDEE7DB16:LeaderElection21] INFO  server.RaftServerConfigKeys (ConfUtils.java:logGet(43)) - raft.server.watch.timeout = 10s (default)
2019-08-20 15:19:52,998 [489867c4-c9de-42bb-b37c-5cd48de4ec28:group-B91DDEE7DB16:LeaderElection21] INFO  server.RaftServerConfigKeys (ConfUtils.java:logGet(43)) - raft.server.watch.timeout.denomination = 1s (default)
2019-08-20 15:19:52,998 [489867c4-c9de-42bb-b37c-5cd48de4ec28:group-B91DDEE7DB16:LeaderElection21] INFO  server.RaftServerConfigKeys (ConfUtils.java:logGet(43)) - raft.server.watch.element-limit = 65536 (default)
2019-08-20 15:19:52,998 [489867c4-c9de-42bb-b37c-5cd48de4ec28:group-B91DDEE7DB16:LeaderElection21] INFO  impl.RoleInfo (RoleInfo.java:updateAndGet(143)) - 489867c4-c9de-42bb-b37c-5cd48de4ec28: start LeaderState
2019-08-20 15:19:52,998 [489867c4-c9de-42bb-b37c-5cd48de4ec28:group-B91DDEE7DB16:LeaderElection21] INFO  segmented.SegmentedRaftLogWorker (SegmentedRaftLogWorker.java:startLogSegment(380)) - 489867c4-c9de-42bb-b37c-5cd48de4ec28-SegmentedRaftLogWorker:Storage Directory /workdir/hadoop-ozone/integration-test/target/test-dir/MiniOzoneClusterImpl-1a07f62a-f892-4fdb-b012-3e13de524f8f/datanode-2/data/ratis/4d1aaed3-45b6-4743-96a0-b91ddee7db16: Starting segment from index:0
2019-08-20 15:19:52,999 [489867c4-c9de-42bb-b37c-5cd48de4ec28:group-B91DDEE7DB16:LeaderElection21] INFO  impl.RaftServerImpl (ServerState.java:setRaftConf(361)) - 489867c4-c9de-42bb-b37c-5cd48de4ec28:group-B91DDEE7DB16 set configuration 0: [489867c4-c9de-42bb-b37c-5cd48de4ec28:192.168.69.101:32990], old=null at 0
2019-08-20 15:19:53,060 [Datanode State Machine Thread - 0] INFO  statemachine.DatanodeStateMachine (DatanodeStateMachine.java:lambda$startDaemon$0(350)) - Ozone container server started.
2019-08-20 15:19:53,072 [489867c4-c9de-42bb-b37c-5cd48de4ec28-SegmentedRaftLogWorker:Storage Directory /workdir/hadoop-ozone/integration-test/target/test-dir/MiniOzoneClusterImpl-1a07f62a-f892-4fdb-b012-3e13de524f8f/datanode-2/data/ratis/4d1aaed3-45b6-4743-96a0-b91ddee7db16] INFO  segmented.SegmentedRaftLogWorker (SegmentedRaftLogWorker.java:execute(569)) - 489867c4-c9de-42bb-b37c-5cd48de4ec28-SegmentedRaftLogWorker:Storage Directory /workdir/hadoop-ozone/integration-test/target/test-dir/MiniOzoneClusterImpl-1a07f62a-f892-4fdb-b012-3e13de524f8f/datanode-2/data/ratis/4d1aaed3-45b6-4743-96a0-b91ddee7db16: created new log segment /workdir/hadoop-ozone/integration-test/target/test-dir/MiniOzoneClusterImpl-1a07f62a-f892-4fdb-b012-3e13de524f8f/datanode-2/data/ratis/4d1aaed3-45b6-4743-96a0-b91ddee7db16/current/log_inprogress_0
2019-08-20 15:19:53,101 [Thread-617] INFO  impl.FollowerState (FollowerState.java:run(106)) - 489867c4-c9de-42bb-b37c-5cd48de4ec28:group-37A11BC7D609 changes to CANDIDATE, lastRpcTime:5190, electionTimeout:5190ms
2019-08-20 15:19:53,101 [Thread-617] INFO  impl.RoleInfo (RoleInfo.java:shutdownFollowerState(121)) - 489867c4-c9de-42bb-b37c-5cd48de4ec28: shutdown FollowerState
2019-08-20 15:19:53,101 [Thread-617] INFO  impl.RaftServerImpl (RaftServerImpl.java:setRole(171)) - 489867c4-c9de-42bb-b37c-5cd48de4ec28:group-37A11BC7D609 changes role from FOLLOWER to CANDIDATE at term 0 for changeToCandidate
2019-08-20 15:19:53,102 [Thread-617] INFO  impl.RoleInfo (RoleInfo.java:updateAndGet(143)) - 489867c4-c9de-42bb-b37c-5cd48de4ec28: start LeaderElection
2019-08-20 15:19:53,132 [489867c4-c9de-42bb-b37c-5cd48de4ec28:group-37A11BC7D609:LeaderElection22] INFO  impl.LeaderElection (LeaderElection.java:askForVotes(181)) - 489867c4-c9de-42bb-b37c-5cd48de4ec28:group-37A11BC7D609:LeaderElection22: begin an election at term 1 for -1: [489867c4-c9de-42bb-b37c-5cd48de4ec28:192.168.69.101:32990, 6fd3ed34-8a63-4874-8589-87309973ae65:192.168.69.101:33798, b133dfae-0d8b-4bac-9f28-d0cb7cdc2bc1:192.168.69.101:37813], old=null
2019-08-20 15:19:53,138 [489867c4-c9de-42bb-b37c-5cd48de4ec28:group-37A11BC7D609:LeaderElection22] INFO  impl.LeaderElection (LogUtils.java:infoOrTrace(149)) - 489867c4-c9de-42bb-b37c-5cd48de4ec28:group-37A11BC7D609:LeaderElection22 got exception when requesting votes: {}
java.util.concurrent.ExecutionException: org.apache.ratis.thirdparty.io.grpc.StatusRuntimeException: UNAVAILABLE: io exception
	at java.util.concurrent.FutureTask.report(FutureTask.java:122)
	at java.util.concurrent.FutureTask.get(FutureTask.java:192)
	at org.apache.ratis.server.impl.LeaderElection.waitForResults(LeaderElection.java:262)
	at org.apache.ratis.server.impl.LeaderElection.askForVotes(LeaderElection.java:200)
	at org.apache.ratis.server.impl.LeaderElection.run(LeaderElection.java:130)
	at java.lang.Thread.run(Thread.java:748)
Caused by: org.apache.ratis.thirdparty.io.grpc.StatusRuntimeException: UNAVAILABLE: io exception
	at org.apache.ratis.thirdparty.io.grpc.stub.ClientCalls.toStatusRuntimeException(ClientCalls.java:233)
	at org.apache.ratis.thirdparty.io.grpc.stub.ClientCalls.getUnchecked(ClientCalls.java:214)
	at org.apache.ratis.thirdparty.io.grpc.stub.ClientCalls.blockingUnaryCall(ClientCalls.java:139)
	at org.apache.ratis.proto.grpc.RaftServerProtocolServiceGrpc$RaftServerProtocolServiceBlockingStub.requestVote(RaftServerProtocolServiceGrpc.java:265)
	at org.apache.ratis.grpc.server.GrpcServerProtocolClient.requestVote(GrpcServerProtocolClient.java:83)
	at org.apache.ratis.grpc.server.GrpcService.requestVote(GrpcService.java:195)
	at org.apache.ratis.server.impl.LeaderElection.lambda$submitRequests$1(LeaderElection.java:237)
	at java.util.concurrent.FutureTask.run(FutureTask.java:266)
	at java.util.concurrent.Executors$RunnableAdapter.call(Executors.java:511)
	at java.util.concurrent.FutureTask.run(FutureTask.java:266)
	at java.util.concurrent.ThreadPoolExecutor.runWorker(ThreadPoolExecutor.java:1149)
	at java.util.concurrent.ThreadPoolExecutor$Worker.run(ThreadPoolExecutor.java:624)
	... 1 more
Caused by: org.apache.ratis.thirdparty.io.netty.channel.AbstractChannel$AnnotatedConnectException: Connection refused: /192.168.69.101:37813
	at sun.nio.ch.SocketChannelImpl.checkConnect(Native Method)
	at sun.nio.ch.SocketChannelImpl.finishConnect(SocketChannelImpl.java:717)
	at org.apache.ratis.thirdparty.io.netty.channel.socket.nio.NioSocketChannel.doFinishConnect(NioSocketChannel.java:327)
	at org.apache.ratis.thirdparty.io.netty.channel.nio.AbstractNioChannel$AbstractNioUnsafe.finishConnect(AbstractNioChannel.java:340)
	at org.apache.ratis.thirdparty.io.netty.channel.nio.NioEventLoop.processSelectedKey(NioEventLoop.java:632)
	at org.apache.ratis.thirdparty.io.netty.channel.nio.NioEventLoop.processSelectedKeysOptimized(NioEventLoop.java:579)
	at org.apache.ratis.thirdparty.io.netty.channel.nio.NioEventLoop.processSelectedKeys(NioEventLoop.java:496)
	at org.apache.ratis.thirdparty.io.netty.channel.nio.NioEventLoop.run(NioEventLoop.java:458)
	at org.apache.ratis.thirdparty.io.netty.util.concurrent.SingleThreadEventExecutor$5.run(SingleThreadEventExecutor.java:897)
	at org.apache.ratis.thirdparty.io.netty.util.concurrent.FastThreadLocalRunnable.run(FastThreadLocalRunnable.java:30)
	... 1 more
Caused by: java.net.ConnectException: Connection refused
	... 11 more
2019-08-20 15:19:53,140 [489867c4-c9de-42bb-b37c-5cd48de4ec28:group-37A11BC7D609:LeaderElection22] INFO  impl.LeaderElection (LogUtils.java:infoOrTrace(149)) - 489867c4-c9de-42bb-b37c-5cd48de4ec28:group-37A11BC7D609:LeaderElection22 got exception when requesting votes: {}
java.util.concurrent.ExecutionException: org.apache.ratis.thirdparty.io.grpc.StatusRuntimeException: UNAVAILABLE: io exception
	at java.util.concurrent.FutureTask.report(FutureTask.java:122)
	at java.util.concurrent.FutureTask.get(FutureTask.java:192)
	at org.apache.ratis.server.impl.LeaderElection.waitForResults(LeaderElection.java:262)
	at org.apache.ratis.server.impl.LeaderElection.askForVotes(LeaderElection.java:200)
	at org.apache.ratis.server.impl.LeaderElection.run(LeaderElection.java:130)
	at java.lang.Thread.run(Thread.java:748)
Caused by: org.apache.ratis.thirdparty.io.grpc.StatusRuntimeException: UNAVAILABLE: io exception
	at org.apache.ratis.thirdparty.io.grpc.stub.ClientCalls.toStatusRuntimeException(ClientCalls.java:233)
	at org.apache.ratis.thirdparty.io.grpc.stub.ClientCalls.getUnchecked(ClientCalls.java:214)
	at org.apache.ratis.thirdparty.io.grpc.stub.ClientCalls.blockingUnaryCall(ClientCalls.java:139)
	at org.apache.ratis.proto.grpc.RaftServerProtocolServiceGrpc$RaftServerProtocolServiceBlockingStub.requestVote(RaftServerProtocolServiceGrpc.java:265)
	at org.apache.ratis.grpc.server.GrpcServerProtocolClient.requestVote(GrpcServerProtocolClient.java:83)
	at org.apache.ratis.grpc.server.GrpcService.requestVote(GrpcService.java:195)
	at org.apache.ratis.server.impl.LeaderElection.lambda$submitRequests$1(LeaderElection.java:237)
	at java.util.concurrent.FutureTask.run(FutureTask.java:266)
	at java.util.concurrent.Executors$RunnableAdapter.call(Executors.java:511)
	at java.util.concurrent.FutureTask.run(FutureTask.java:266)
	at java.util.concurrent.ThreadPoolExecutor.runWorker(ThreadPoolExecutor.java:1149)
	at java.util.concurrent.ThreadPoolExecutor$Worker.run(ThreadPoolExecutor.java:624)
	... 1 more
Caused by: org.apache.ratis.thirdparty.io.netty.channel.AbstractChannel$AnnotatedConnectException: Connection refused: /192.168.69.101:33798
	at sun.nio.ch.SocketChannelImpl.checkConnect(Native Method)
	at sun.nio.ch.SocketChannelImpl.finishConnect(SocketChannelImpl.java:717)
	at org.apache.ratis.thirdparty.io.netty.channel.socket.nio.NioSocketChannel.doFinishConnect(NioSocketChannel.java:327)
	at org.apache.ratis.thirdparty.io.netty.channel.nio.AbstractNioChannel$AbstractNioUnsafe.finishConnect(AbstractNioChannel.java:340)
	at org.apache.ratis.thirdparty.io.netty.channel.nio.NioEventLoop.processSelectedKey(NioEventLoop.java:632)
	at org.apache.ratis.thirdparty.io.netty.channel.nio.NioEventLoop.processSelectedKeysOptimized(NioEventLoop.java:579)
	at org.apache.ratis.thirdparty.io.netty.channel.nio.NioEventLoop.processSelectedKeys(NioEventLoop.java:496)
	at org.apache.ratis.thirdparty.io.netty.channel.nio.NioEventLoop.run(NioEventLoop.java:458)
	at org.apache.ratis.thirdparty.io.netty.util.concurrent.SingleThreadEventExecutor$5.run(SingleThreadEventExecutor.java:897)
	at org.apache.ratis.thirdparty.io.netty.util.concurrent.FastThreadLocalRunnable.run(FastThreadLocalRunnable.java:30)
	... 1 more
Caused by: java.net.ConnectException: Connection refused
	... 11 more
2019-08-20 15:19:53,141 [489867c4-c9de-42bb-b37c-5cd48de4ec28:group-37A11BC7D609:LeaderElection22] INFO  impl.LeaderElection (LeaderElection.java:logAndReturn(56)) - 489867c4-c9de-42bb-b37c-5cd48de4ec28:group-37A11BC7D609:LeaderElection22: Election REJECTED; received 0 response(s) [] and 2 exception(s); 489867c4-c9de-42bb-b37c-5cd48de4ec28:t1, leader=null, voted=489867c4-c9de-42bb-b37c-5cd48de4ec28, raftlog=489867c4-c9de-42bb-b37c-5cd48de4ec28-SegmentedRaftLog:OPENED:c-1,f-1,i0, conf=-1: [489867c4-c9de-42bb-b37c-5cd48de4ec28:192.168.69.101:32990, 6fd3ed34-8a63-4874-8589-87309973ae65:192.168.69.101:33798, b133dfae-0d8b-4bac-9f28-d0cb7cdc2bc1:192.168.69.101:37813], old=null
2019-08-20 15:19:53,141 [489867c4-c9de-42bb-b37c-5cd48de4ec28:group-37A11BC7D609:LeaderElection22] INFO  impl.LeaderElection (LogUtils.java:infoOrTrace(149)) -   Exception 0: {}
java.util.concurrent.ExecutionException: org.apache.ratis.thirdparty.io.grpc.StatusRuntimeException: UNAVAILABLE: io exception
	at java.util.concurrent.FutureTask.report(FutureTask.java:122)
	at java.util.concurrent.FutureTask.get(FutureTask.java:192)
	at org.apache.ratis.server.impl.LeaderElection.waitForResults(LeaderElection.java:262)
	at org.apache.ratis.server.impl.LeaderElection.askForVotes(LeaderElection.java:200)
	at org.apache.ratis.server.impl.LeaderElection.run(LeaderElection.java:130)
	at java.lang.Thread.run(Thread.java:748)
Caused by: org.apache.ratis.thirdparty.io.grpc.StatusRuntimeException: UNAVAILABLE: io exception
	at org.apache.ratis.thirdparty.io.grpc.stub.ClientCalls.toStatusRuntimeException(ClientCalls.java:233)
	at org.apache.ratis.thirdparty.io.grpc.stub.ClientCalls.getUnchecked(ClientCalls.java:214)
	at org.apache.ratis.thirdparty.io.grpc.stub.ClientCalls.blockingUnaryCall(ClientCalls.java:139)
	at org.apache.ratis.proto.grpc.RaftServerProtocolServiceGrpc$RaftServerProtocolServiceBlockingStub.requestVote(RaftServerProtocolServiceGrpc.java:265)
	at org.apache.ratis.grpc.server.GrpcServerProtocolClient.requestVote(GrpcServerProtocolClient.java:83)
	at org.apache.ratis.grpc.server.GrpcService.requestVote(GrpcService.java:195)
	at org.apache.ratis.server.impl.LeaderElection.lambda$submitRequests$1(LeaderElection.java:237)
	at java.util.concurrent.FutureTask.run(FutureTask.java:266)
	at java.util.concurrent.Executors$RunnableAdapter.call(Executors.java:511)
	at java.util.concurrent.FutureTask.run(FutureTask.java:266)
	at java.util.concurrent.ThreadPoolExecutor.runWorker(ThreadPoolExecutor.java:1149)
	at java.util.concurrent.ThreadPoolExecutor$Worker.run(ThreadPoolExecutor.java:624)
	... 1 more
Caused by: org.apache.ratis.thirdparty.io.netty.channel.AbstractChannel$AnnotatedConnectException: Connection refused: /192.168.69.101:37813
	at sun.nio.ch.SocketChannelImpl.checkConnect(Native Method)
	at sun.nio.ch.SocketChannelImpl.finishConnect(SocketChannelImpl.java:717)
	at org.apache.ratis.thirdparty.io.netty.channel.socket.nio.NioSocketChannel.doFinishConnect(NioSocketChannel.java:327)
	at org.apache.ratis.thirdparty.io.netty.channel.nio.AbstractNioChannel$AbstractNioUnsafe.finishConnect(AbstractNioChannel.java:340)
	at org.apache.ratis.thirdparty.io.netty.channel.nio.NioEventLoop.processSelectedKey(NioEventLoop.java:632)
	at org.apache.ratis.thirdparty.io.netty.channel.nio.NioEventLoop.processSelectedKeysOptimized(NioEventLoop.java:579)
	at org.apache.ratis.thirdparty.io.netty.channel.nio.NioEventLoop.processSelectedKeys(NioEventLoop.java:496)
	at org.apache.ratis.thirdparty.io.netty.channel.nio.NioEventLoop.run(NioEventLoop.java:458)
	at org.apache.ratis.thirdparty.io.netty.util.concurrent.SingleThreadEventExecutor$5.run(SingleThreadEventExecutor.java:897)
	at org.apache.ratis.thirdparty.io.netty.util.concurrent.FastThreadLocalRunnable.run(FastThreadLocalRunnable.java:30)
	... 1 more
Caused by: java.net.ConnectException: Connection refused
	... 11 more
2019-08-20 15:19:53,141 [489867c4-c9de-42bb-b37c-5cd48de4ec28:group-37A11BC7D609:LeaderElection22] INFO  impl.LeaderElection (LogUtils.java:infoOrTrace(149)) -   Exception 1: {}
java.util.concurrent.ExecutionException: org.apache.ratis.thirdparty.io.grpc.StatusRuntimeException: UNAVAILABLE: io exception
	at java.util.concurrent.FutureTask.report(FutureTask.java:122)
	at java.util.concurrent.FutureTask.get(FutureTask.java:192)
	at org.apache.ratis.server.impl.LeaderElection.waitForResults(LeaderElection.java:262)
	at org.apache.ratis.server.impl.LeaderElection.askForVotes(LeaderElection.java:200)
	at org.apache.ratis.server.impl.LeaderElection.run(LeaderElection.java:130)
	at java.lang.Thread.run(Thread.java:748)
Caused by: org.apache.ratis.thirdparty.io.grpc.StatusRuntimeException: UNAVAILABLE: io exception
	at org.apache.ratis.thirdparty.io.grpc.stub.ClientCalls.toStatusRuntimeException(ClientCalls.java:233)
	at org.apache.ratis.thirdparty.io.grpc.stub.ClientCalls.getUnchecked(ClientCalls.java:214)
	at org.apache.ratis.thirdparty.io.grpc.stub.ClientCalls.blockingUnaryCall(ClientCalls.java:139)
	at org.apache.ratis.proto.grpc.RaftServerProtocolServiceGrpc$RaftServerProtocolServiceBlockingStub.requestVote(RaftServerProtocolServiceGrpc.java:265)
	at org.apache.ratis.grpc.server.GrpcServerProtocolClient.requestVote(GrpcServerProtocolClient.java:83)
	at org.apache.ratis.grpc.server.GrpcService.requestVote(GrpcService.java:195)
	at org.apache.ratis.server.impl.LeaderElection.lambda$submitRequests$1(LeaderElection.java:237)
	at java.util.concurrent.FutureTask.run(FutureTask.java:266)
	at java.util.concurrent.Executors$RunnableAdapter.call(Executors.java:511)
	at java.util.concurrent.FutureTask.run(FutureTask.java:266)
	at java.util.concurrent.ThreadPoolExecutor.runWorker(ThreadPoolExecutor.java:1149)
	at java.util.concurrent.ThreadPoolExecutor$Worker.run(ThreadPoolExecutor.java:624)
	... 1 more
Caused by: org.apache.ratis.thirdparty.io.netty.channel.AbstractChannel$AnnotatedConnectException: Connection refused: /192.168.69.101:33798
	at sun.nio.ch.SocketChannelImpl.checkConnect(Native Method)
	at sun.nio.ch.SocketChannelImpl.finishConnect(SocketChannelImpl.java:717)
	at org.apache.ratis.thirdparty.io.netty.channel.socket.nio.NioSocketChannel.doFinishConnect(NioSocketChannel.java:327)
	at org.apache.ratis.thirdparty.io.netty.channel.nio.AbstractNioChannel$AbstractNioUnsafe.finishConnect(AbstractNioChannel.java:340)
	at org.apache.ratis.thirdparty.io.netty.channel.nio.NioEventLoop.processSelectedKey(NioEventLoop.java:632)
	at org.apache.ratis.thirdparty.io.netty.channel.nio.NioEventLoop.processSelectedKeysOptimized(NioEventLoop.java:579)
	at org.apache.ratis.thirdparty.io.netty.channel.nio.NioEventLoop.processSelectedKeys(NioEventLoop.java:496)
	at org.apache.ratis.thirdparty.io.netty.channel.nio.NioEventLoop.run(NioEventLoop.java:458)
	at org.apache.ratis.thirdparty.io.netty.util.concurrent.SingleThreadEventExecutor$5.run(SingleThreadEventExecutor.java:897)
	at org.apache.ratis.thirdparty.io.netty.util.concurrent.FastThreadLocalRunnable.run(FastThreadLocalRunnable.java:30)
	... 1 more
Caused by: java.net.ConnectException: Connection refused
	... 11 more
2019-08-20 15:19:53,142 [489867c4-c9de-42bb-b37c-5cd48de4ec28:group-37A11BC7D609:LeaderElection22] INFO  impl.RaftServerImpl (RaftServerImpl.java:setRole(171)) - 489867c4-c9de-42bb-b37c-5cd48de4ec28:group-37A11BC7D609 changes role from CANDIDATE to FOLLOWER at term 1 for DISCOVERED_A_NEW_TERM
2019-08-20 15:19:53,143 [489867c4-c9de-42bb-b37c-5cd48de4ec28:group-37A11BC7D609:LeaderElection22] INFO  impl.RoleInfo (RoleInfo.java:shutdownLeaderElection(134)) - 489867c4-c9de-42bb-b37c-5cd48de4ec28: shutdown LeaderElection
2019-08-20 15:19:53,143 [489867c4-c9de-42bb-b37c-5cd48de4ec28:group-37A11BC7D609:LeaderElection22] INFO  impl.RoleInfo (RoleInfo.java:updateAndGet(143)) - 489867c4-c9de-42bb-b37c-5cd48de4ec28: start FollowerState
2019-08-20 15:19:57,377 [main] INFO  ozoneimpl.OzoneContainer (OzoneContainer.java:stop(199)) - Attempting to stop container services.
2019-08-20 15:19:57,378 [main] INFO  impl.RaftServerProxy (RaftServerProxy.java:lambda$close$4(314)) - 489867c4-c9de-42bb-b37c-5cd48de4ec28: close
2019-08-20 15:19:57,379 [main] INFO  impl.RaftServerImpl (RaftServerImpl.java:lambda$shutdown$3(245)) - 489867c4-c9de-42bb-b37c-5cd48de4ec28: shutdown group-B91DDEE7DB16
2019-08-20 15:19:57,379 [ForkJoinPool.commonPool-worker-0] INFO  impl.RaftServerImpl (RaftServerImpl.java:lambda$shutdown$3(245)) - 489867c4-c9de-42bb-b37c-5cd48de4ec28: shutdown group-37A11BC7D609
2019-08-20 15:19:57,379 [main] INFO  util.JmxRegister (JmxRegister.java:unregister(73)) - Successfully un-registered JMX Bean with object name Ratis:service=RaftServer,group=group-B91DDEE7DB16,id=489867c4-c9de-42bb-b37c-5cd48de4ec28
2019-08-20 15:19:57,380 [ForkJoinPool.commonPool-worker-0] INFO  util.JmxRegister (JmxRegister.java:unregister(73)) - Successfully un-registered JMX Bean with object name Ratis:service=RaftServer,group=group-37A11BC7D609,id=489867c4-c9de-42bb-b37c-5cd48de4ec28
2019-08-20 15:19:57,380 [main] INFO  impl.RoleInfo (RoleInfo.java:shutdownLeaderState(104)) - 489867c4-c9de-42bb-b37c-5cd48de4ec28: shutdown LeaderState
2019-08-20 15:19:57,380 [ForkJoinPool.commonPool-worker-0] INFO  impl.RoleInfo (RoleInfo.java:shutdownFollowerState(121)) - 489867c4-c9de-42bb-b37c-5cd48de4ec28: shutdown FollowerState
2019-08-20 15:19:57,381 [main] INFO  impl.PendingRequests (PendingRequests.java:sendNotLeaderResponses(202)) - 489867c4-c9de-42bb-b37c-5cd48de4ec28-PendingRequests: sendNotLeaderResponses
2019-08-20 15:19:57,381 [Thread-636] INFO  impl.FollowerState (FollowerState.java:run(114)) - 489867c4-c9de-42bb-b37c-5cd48de4ec28: FollowerState was interrupted: java.lang.InterruptedException: sleep interrupted
2019-08-20 15:19:57,381 [ForkJoinPool.commonPool-worker-0] INFO  impl.StateMachineUpdater (StateMachineUpdater.java:stopAndJoin(115)) - StateMachineUpdater:489867c4-c9de-42bb-b37c-5cd48de4ec28:group-37A11BC7D609: set stopIndex = -1
2019-08-20 15:19:57,382 [main] INFO  impl.StateMachineUpdater (StateMachineUpdater.java:stopAndJoin(115)) - StateMachineUpdater:489867c4-c9de-42bb-b37c-5cd48de4ec28:group-B91DDEE7DB16: set stopIndex = 0
2019-08-20 15:19:57,383 [ForkJoinPool.commonPool-worker-0] INFO  impl.RaftServerImpl (ServerState.java:close(394)) - 489867c4-c9de-42bb-b37c-5cd48de4ec28:group-37A11BC7D609 closes. The last applied log index is -1
2019-08-20 15:19:57,384 [main] INFO  impl.RaftServerImpl (ServerState.java:close(394)) - 489867c4-c9de-42bb-b37c-5cd48de4ec28:group-B91DDEE7DB16 closes. The last applied log index is 0
2019-08-20 15:19:57,384 [489867c4-c9de-42bb-b37c-5cd48de4ec28-SegmentedRaftLogWorker:Storage Directory /workdir/hadoop-ozone/integration-test/target/test-dir/MiniOzoneClusterImpl-1a07f62a-f892-4fdb-b012-3e13de524f8f/datanode-2/data/ratis/62185d87-9026-45b8-bdd7-37a11bc7d609] INFO  segmented.SegmentedRaftLogWorker (SegmentedRaftLogWorker.java:run(313)) - 489867c4-c9de-42bb-b37c-5cd48de4ec28-SegmentedRaftLogWorker:Storage Directory /workdir/hadoop-ozone/integration-test/target/test-dir/MiniOzoneClusterImpl-1a07f62a-f892-4fdb-b012-3e13de524f8f/datanode-2/data/ratis/62185d87-9026-45b8-bdd7-37a11bc7d609 was interrupted, exiting. There are 0 tasks remaining in the queue.
2019-08-20 15:19:57,385 [ForkJoinPool.commonPool-worker-0] INFO  segmented.SegmentedRaftLogWorker (SegmentedRaftLogWorker.java:close(228)) - 489867c4-c9de-42bb-b37c-5cd48de4ec28-SegmentedRaftLogWorker:Storage Directory /workdir/hadoop-ozone/integration-test/target/test-dir/MiniOzoneClusterImpl-1a07f62a-f892-4fdb-b012-3e13de524f8f/datanode-2/data/ratis/62185d87-9026-45b8-bdd7-37a11bc7d609 close()
2019-08-20 15:19:57,385 [489867c4-c9de-42bb-b37c-5cd48de4ec28-SegmentedRaftLogWorker:Storage Directory /workdir/hadoop-ozone/integration-test/target/test-dir/MiniOzoneClusterImpl-1a07f62a-f892-4fdb-b012-3e13de524f8f/datanode-2/data/ratis/4d1aaed3-45b6-4743-96a0-b91ddee7db16] INFO  segmented.SegmentedRaftLogWorker (SegmentedRaftLogWorker.java:run(313)) - 489867c4-c9de-42bb-b37c-5cd48de4ec28-SegmentedRaftLogWorker:Storage Directory /workdir/hadoop-ozone/integration-test/target/test-dir/MiniOzoneClusterImpl-1a07f62a-f892-4fdb-b012-3e13de524f8f/datanode-2/data/ratis/4d1aaed3-45b6-4743-96a0-b91ddee7db16 was interrupted, exiting. There are 0 tasks remaining in the queue.
2019-08-20 15:19:57,386 [ForkJoinPool.commonPool-worker-0] INFO  impl.RaftServerImpl (RaftServerImpl.java:lambda$shutdown$3(245)) - 489867c4-c9de-42bb-b37c-5cd48de4ec28: shutdown group-027DAF63A911
2019-08-20 15:19:57,387 [ForkJoinPool.commonPool-worker-0] INFO  util.JmxRegister (JmxRegister.java:unregister(73)) - Successfully un-registered JMX Bean with object name Ratis:service=RaftServer,group=group-027DAF63A911,id=489867c4-c9de-42bb-b37c-5cd48de4ec28
2019-08-20 15:19:57,387 [main] INFO  segmented.SegmentedRaftLogWorker (SegmentedRaftLogWorker.java:close(228)) - 489867c4-c9de-42bb-b37c-5cd48de4ec28-SegmentedRaftLogWorker:Storage Directory /workdir/hadoop-ozone/integration-test/target/test-dir/MiniOzoneClusterImpl-1a07f62a-f892-4fdb-b012-3e13de524f8f/datanode-2/data/ratis/4d1aaed3-45b6-4743-96a0-b91ddee7db16 close()
2019-08-20 15:19:57,387 [ForkJoinPool.commonPool-worker-0] INFO  impl.RoleInfo (RoleInfo.java:shutdownLeaderState(104)) - 489867c4-c9de-42bb-b37c-5cd48de4ec28: shutdown LeaderState
2019-08-20 15:19:57,389 [ForkJoinPool.commonPool-worker-0] INFO  impl.PendingRequests (PendingRequests.java:sendNotLeaderResponses(202)) - 489867c4-c9de-42bb-b37c-5cd48de4ec28-PendingRequests: sendNotLeaderResponses
2019-08-20 15:19:57,392 [ForkJoinPool.commonPool-worker-0] INFO  impl.StateMachineUpdater (StateMachineUpdater.java:stopAndJoin(115)) - StateMachineUpdater:489867c4-c9de-42bb-b37c-5cd48de4ec28:group-027DAF63A911: set stopIndex = 2
2019-08-20 15:19:57,392 [ForkJoinPool.commonPool-worker-0] INFO  impl.RaftServerImpl (ServerState.java:close(394)) - 489867c4-c9de-42bb-b37c-5cd48de4ec28:group-027DAF63A911 closes. The last applied log index is 2
2019-08-20 15:19:57,393 [489867c4-c9de-42bb-b37c-5cd48de4ec28-SegmentedRaftLogWorker:Storage Directory /workdir/hadoop-ozone/integration-test/target/test-dir/MiniOzoneClusterImpl-1a07f62a-f892-4fdb-b012-3e13de524f8f/datanode-2/data/ratis/8802222d-ba79-4937-8c21-027daf63a911] INFO  segmented.SegmentedRaftLogWorker (SegmentedRaftLogWorker.java:run(313)) - 489867c4-c9de-42bb-b37c-5cd48de4ec28-SegmentedRaftLogWorker:Storage Directory /workdir/hadoop-ozone/integration-test/target/test-dir/MiniOzoneClusterImpl-1a07f62a-f892-4fdb-b012-3e13de524f8f/datanode-2/data/ratis/8802222d-ba79-4937-8c21-027daf63a911 was interrupted, exiting. There are 0 tasks remaining in the queue.
2019-08-20 15:19:57,393 [ForkJoinPool.commonPool-worker-0] INFO  segmented.SegmentedRaftLogWorker (SegmentedRaftLogWorker.java:close(228)) - 489867c4-c9de-42bb-b37c-5cd48de4ec28-SegmentedRaftLogWorker:Storage Directory /workdir/hadoop-ozone/integration-test/target/test-dir/MiniOzoneClusterImpl-1a07f62a-f892-4fdb-b012-3e13de524f8f/datanode-2/data/ratis/8802222d-ba79-4937-8c21-027daf63a911 close()
2019-08-20 15:19:57,394 [main] INFO  server.GrpcService (GrpcService.java:closeImpl(155)) - 489867c4-c9de-42bb-b37c-5cd48de4ec28: shutdown server with port 32990 now
2019-08-20 15:19:57,396 [main] INFO  server.GrpcService (GrpcService.java:closeImpl(163)) - 489867c4-c9de-42bb-b37c-5cd48de4ec28: shutdown server with port 32990 successfully
2019-08-20 15:19:57,397 [main] INFO  utils.BackgroundService (BackgroundService.java:shutdown(148)) - Shutting down service BlockDeletingService
2019-08-20 15:19:57,399 [refreshUsed-/workdir/hadoop-ozone/integration-test/target/test-dir/MiniOzoneClusterImpl-1a07f62a-f892-4fdb-b012-3e13de524f8f/datanode-2/data/containers] WARN  fs.CachingGetSpaceUsed (CachingGetSpaceUsed.java:run(183)) - Thread Interrupted waiting to refresh disk information: sleep interrupted
2019-08-20 15:19:57,415 [main] INFO  statemachine.DatanodeStateMachine (DatanodeStateMachine.java:stopDaemon(395)) - Ozone container server stopped.
2019-08-20 15:19:57,430 [main] INFO  handler.ContextHandler (ContextHandler.java:doStop(910)) - Stopped o.e.j.w.WebAppContext@d36d2ae{/,null,UNAVAILABLE}{/hddsDatanode}
2019-08-20 15:19:57,431 [main] INFO  server.AbstractConnector (AbstractConnector.java:doStop(318)) - Stopped ServerConnector@49bd0ed{HTTP/1.1,[http/1.1]}{0.0.0.0:38972}
2019-08-20 15:19:57,432 [main] INFO  handler.ContextHandler (ContextHandler.java:doStop(910)) - Stopped o.e.j.s.ServletContextHandler@2074017d{/static,jar:file:/home/user/.m2/repository/org/apache/hadoop/hadoop-hdds-container-service/0.5.0-SNAPSHOT/hadoop-hdds-container-service-0.5.0-SNAPSHOT.jar!/webapps/static,UNAVAILABLE}
2019-08-20 15:19:57,433 [main] INFO  handler.ContextHandler (ContextHandler.java:doStop(910)) - Stopped o.e.j.s.ServletContextHandler@4d168a08{/logs,file:///workdir/hadoop-ozone/integration-test/target/log,UNAVAILABLE}
2019-08-20 15:19:57,434 [main] INFO  ozone.MiniOzoneClusterImpl (MiniOzoneClusterImpl.java:stop(353)) - Stopping the StorageContainerManager
2019-08-20 15:19:57,434 [main] INFO  server.StorageContainerManager (StorageContainerManager.java:stop(797)) - Stopping Replication Manager Service.
2019-08-20 15:19:57,434 [main] INFO  container.ReplicationManager (ReplicationManager.java:stop(193)) - Stopping Replication Monitor Thread.
2019-08-20 15:19:57,434 [main] INFO  server.StorageContainerManager (StorageContainerManager.java:stop(804)) - Stopping Lease Manager of the command watchers
2019-08-20 15:19:57,435 [main] INFO  server.StorageContainerManager (StorageContainerManager.java:stop(811)) - Stopping datanode service RPC server
2019-08-20 15:19:57,435 [main] INFO  server.SCMDatanodeProtocolServer (SCMDatanodeProtocolServer.java:stop(367)) - Stopping the RPC server for DataNodes
2019-08-20 15:19:57,435 [main] INFO  ipc.Server (Server.java:stop(3082)) - Stopping server on 39635
2019-08-20 15:19:57,437 [IPC Server listener on 39635] INFO  ipc.Server (Server.java:run(1185)) - Stopping IPC Server listener on 39635
2019-08-20 15:19:57,437 [IPC Server Responder] INFO  ipc.Server (Server.java:run(1319)) - Stopping IPC Server Responder
2019-08-20 15:19:57,741 [SCM Heartbeat Processing Thread - 0] WARN  node.NodeStateManager (NodeStateManager.java:scheduleNextHealthCheck(646)) - Current Thread is interrupted, shutting down HB processing thread for Node Manager.
2019-08-20 15:19:57,741 [EventQueue-StaleNodeForStaleNodeHandler] INFO  node.StaleNodeHandler (StaleNodeHandler.java:onMessage(58)) - Datanode 489867c4-c9de-42bb-b37c-5cd48de4ec28{ip: 192.168.69.101, host: pr-hdds-1981264b6-3336735905, networkLocation: /default-rack, certSerialId: null} moved to stale state. Finalizing its pipelines [PipelineID=4d1aaed3-45b6-4743-96a0-b91ddee7db16, PipelineID=62185d87-9026-45b8-bdd7-37a11bc7d609, PipelineID=8802222d-ba79-4937-8c21-027daf63a911]
2019-08-20 15:19:57,741 [main] INFO  server.StorageContainerManager (StorageContainerManager.java:stop(819)) - Stopping block service RPC server
2019-08-20 15:19:57,741 [EventQueue-StaleNodeForStaleNodeHandler] INFO  pipeline.SCMPipelineManager (SCMPipelineManager.java:finalizeAndDestroyPipeline(309)) - destroying pipeline:Pipeline[ Id: 4d1aaed3-45b6-4743-96a0-b91ddee7db16, Nodes: 489867c4-c9de-42bb-b37c-5cd48de4ec28{ip: 192.168.69.101, host: pr-hdds-1981264b6-3336735905, networkLocation: /default-rack, certSerialId: null}, Type:RATIS, Factor:ONE, State:OPEN]
2019-08-20 15:19:57,742 [main] INFO  server.SCMBlockProtocolServer (SCMBlockProtocolServer.java:stop(148)) - Stopping the RPC server for Block Protocol
2019-08-20 15:19:57,742 [EventQueue-StaleNodeForStaleNodeHandler] INFO  pipeline.PipelineStateManager (PipelineStateManager.java:finalizePipeline(123)) - Pipeline Pipeline[ Id: 4d1aaed3-45b6-4743-96a0-b91ddee7db16, Nodes: 489867c4-c9de-42bb-b37c-5cd48de4ec28{ip: 192.168.69.101, host: pr-hdds-1981264b6-3336735905, networkLocation: /default-rack, certSerialId: null}, Type:RATIS, Factor:ONE, State:CLOSED] moved to CLOSED state
2019-08-20 15:19:57,743 [main] INFO  ipc.Server (Server.java:stop(3082)) - Stopping server on 37694
2019-08-20 15:19:57,743 [EventQueue-StaleNodeForStaleNodeHandler] INFO  pipeline.SCMPipelineManager (SCMPipelineManager.java:finalizeAndDestroyPipeline(309)) - destroying pipeline:Pipeline[ Id: 62185d87-9026-45b8-bdd7-37a11bc7d609, Nodes: b133dfae-0d8b-4bac-9f28-d0cb7cdc2bc1{ip: 192.168.69.101, host: pr-hdds-1981264b6-3336735905, networkLocation: /default-rack, certSerialId: null}489867c4-c9de-42bb-b37c-5cd48de4ec28{ip: 192.168.69.101, host: pr-hdds-1981264b6-3336735905, networkLocation: /default-rack, certSerialId: null}6fd3ed34-8a63-4874-8589-87309973ae65{ip: 192.168.69.101, host: pr-hdds-1981264b6-3336735905, networkLocation: /default-rack, certSerialId: null}, Type:RATIS, Factor:THREE, State:CLOSED]
2019-08-20 15:19:57,744 [EventQueue-StaleNodeForStaleNodeHandler] INFO  pipeline.SCMPipelineManager (SCMPipelineManager.java:finalizeAndDestroyPipeline(309)) - destroying pipeline:Pipeline[ Id: 8802222d-ba79-4937-8c21-027daf63a911, Nodes: 489867c4-c9de-42bb-b37c-5cd48de4ec28{ip: 192.168.69.101, host: pr-hdds-1981264b6-3336735905, networkLocation: /default-rack, certSerialId: null}, Type:RATIS, Factor:ONE, State:CLOSED]
2019-08-20 15:19:57,745 [IPC Server listener on 37694] INFO  ipc.Server (Server.java:run(1185)) - Stopping IPC Server listener on 37694
2019-08-20 15:19:57,745 [main] INFO  server.StorageContainerManager (StorageContainerManager.java:stop(826)) - Stopping the StorageContainerLocationProtocol RPC server
2019-08-20 15:19:57,746 [main] INFO  server.SCMClientProtocolServer (SCMClientProtocolServer.java:stop(159)) - Stopping the RPC server for Client Protocol
2019-08-20 15:19:57,747 [IPC Server Responder] INFO  ipc.Server (Server.java:run(1319)) - Stopping IPC Server Responder
2019-08-20 15:19:57,748 [main] INFO  ipc.Server (Server.java:stop(3082)) - Stopping server on 40023
2019-08-20 15:19:57,750 [IPC Server listener on 40023] INFO  ipc.Server (Server.java:run(1185)) - Stopping IPC Server listener on 40023
2019-08-20 15:19:57,750 [main] INFO  server.StorageContainerManager (StorageContainerManager.java:stop(833)) - Stopping Storage Container Manager HTTP server.
2019-08-20 15:19:57,751 [IPC Server Responder] INFO  ipc.Server (Server.java:run(1319)) - Stopping IPC Server Responder
2019-08-20 15:19:57,752 [main] INFO  handler.ContextHandler (ContextHandler.java:doStop(910)) - Stopped o.e.j.w.WebAppContext@579327ea{/,null,UNAVAILABLE}{/scm}
2019-08-20 15:19:57,753 [main] INFO  server.AbstractConnector (AbstractConnector.java:doStop(318)) - Stopped ServerConnector@124e5082{HTTP/1.1,[http/1.1]}{0.0.0.0:0}
2019-08-20 15:19:57,754 [main] INFO  handler.ContextHandler (ContextHandler.java:doStop(910)) - Stopped o.e.j.s.ServletContextHandler@60367d08{/static,file:///workdir/hadoop-ozone/integration-test/target/test-classes/webapps/static,UNAVAILABLE}
2019-08-20 15:19:57,755 [main] INFO  handler.ContextHandler (ContextHandler.java:doStop(910)) - Stopped o.e.j.s.ServletContextHandler@7af423bc{/logs,file:///workdir/hadoop-ozone/integration-test/target/log,UNAVAILABLE}
2019-08-20 15:19:57,757 [main] INFO  server.StorageContainerManager (StorageContainerManager.java:stop(844)) - Stopping Block Manager Service.
2019-08-20 15:19:57,757 [main] INFO  utils.BackgroundService (BackgroundService.java:shutdown(148)) - Shutting down service SCMBlockDeletingService
2019-08-20 15:19:57,758 [main] INFO  utils.BackgroundService (BackgroundService.java:shutdown(148)) - Shutting down service SCMBlockDeletingService
2019-08-20 15:19:57,759 [main] INFO  server.StorageContainerManager (StorageContainerManager.java:stop(866)) - Stopping SCM Event Queue.
2019-08-20 15:19:57,765 [main] INFO  impl.MetricsSystemImpl (MetricsSystemImpl.java:stop(210)) - Stopping HddsDatanode metrics system...
2019-08-20 15:19:57,772 [main] INFO  impl.MetricsSystemImpl (MetricsSystemImpl.java:stop(216)) - HddsDatanode metrics system stopped.
]]></system-out>
    <system-err><![CDATA[Aug 20, 2019 3:19:19 PM com.sun.jersey.server.impl.application.WebApplicationImpl _initiate
INFO: Initiating Jersey application, version 'Jersey: 1.19 02/11/2015 03:25 AM'
Aug 20, 2019 3:19:19 PM com.sun.jersey.server.impl.application.WebApplicationImpl _initiate
INFO: Initiating Jersey application, version 'Jersey: 1.19 02/11/2015 03:25 AM'
Aug 20, 2019 3:19:19 PM com.sun.jersey.server.impl.application.WebApplicationImpl _initiate
INFO: Initiating Jersey application, version 'Jersey: 1.19 02/11/2015 03:25 AM'
Aug 20, 2019 3:19:40 PM com.sun.jersey.server.impl.application.WebApplicationImpl _initiate
INFO: Initiating Jersey application, version 'Jersey: 1.19 02/11/2015 03:25 AM'
Aug 20, 2019 3:19:40 PM com.sun.jersey.server.impl.application.WebApplicationImpl _initiate
INFO: Initiating Jersey application, version 'Jersey: 1.19 02/11/2015 03:25 AM'
Aug 20, 2019 3:19:40 PM com.sun.jersey.server.impl.application.WebApplicationImpl _initiate
INFO: Initiating Jersey application, version 'Jersey: 1.19 02/11/2015 03:25 AM'
]]></system-err>
  </testcase>
</testsuite>