<?xml version="1.0" encoding="UTF-8"?>
<testsuite xmlns:xsi="http://www.w3.org/2001/XMLSchema-instance" xsi:noNamespaceSchemaLocation="https://maven.apache.org/surefire/maven-surefire-plugin/xsd/surefire-test-report.xsd" name="org.apache.hadoop.ozone.client.rpc.TestBlockOutputStream" time="427.282" tests="6" errors="0" skipped="0" failures="2">
  <properties>
    <property name="awt.toolkit" value="sun.awt.X11.XToolkit"/>
    <property name="file.encoding.pkg" value="sun.io"/>
    <property name="java.specification.version" value="1.8"/>
    <property name="sun.cpu.isalist" value=""/>
    <property name="sun.jnu.encoding" value="UTF-8"/>
    <property name="java.class.path" value="/workdir/hadoop-ozone/integration-test/target/test-classes:/workdir/hadoop-ozone/integration-test/target/classes:/home/user/.m2/repository/org/apache/hadoop/hadoop-ozone-common/0.5.0-SNAPSHOT/hadoop-ozone-common-0.5.0-SNAPSHOT.jar:/home/user/.m2/repository/org/apache/commons/commons-compress/1.4.1/commons-compress-1.4.1.jar:/home/user/.m2/repository/org/tukaani/xz/1.0/xz-1.0.jar:/home/user/.m2/repository/org/apache/hadoop/hadoop-common/3.2.0/hadoop-common-3.2.0.jar:/home/user/.m2/repository/org/apache/hadoop/hadoop-hdfs/3.2.0/hadoop-hdfs-3.2.0.jar:/home/user/.m2/repository/org/apache/hadoop/hadoop-hdfs-client/3.2.0/hadoop-hdfs-client-3.2.0.jar:/home/user/.m2/repository/com/fasterxml/jackson/core/jackson-annotations/2.9.5/jackson-annotations-2.9.5.jar:/home/user/.m2/repository/org/apache/hadoop/hadoop-hdds-common/0.5.0-SNAPSHOT/hadoop-hdds-common-0.5.0-SNAPSHOT.jar:/home/user/.m2/repository/javax/annotation/javax.annotation-api/1.2/javax.annotation-api-1.2.jar:/home/user/.m2/repository/org/apache/ratis/ratis-server/0.4.0-78e95b9-SNAPSHOT/ratis-server-0.4.0-78e95b9-SNAPSHOT.jar:/home/user/.m2/repository/org/apache/ratis/ratis-thirdparty-misc/0.2.0/ratis-thirdparty-misc-0.2.0.jar:/home/user/.m2/repository/org/apache/ratis/ratis-proto/0.4.0-78e95b9-SNAPSHOT/ratis-proto-0.4.0-78e95b9-SNAPSHOT.jar:/home/user/.m2/repository/org/apache/ratis/ratis-common/0.4.0-78e95b9-SNAPSHOT/ratis-common-0.4.0-78e95b9-SNAPSHOT.jar:/home/user/.m2/repository/org/apache/ratis/ratis-client/0.4.0-78e95b9-SNAPSHOT/ratis-client-0.4.0-78e95b9-SNAPSHOT.jar:/home/user/.m2/repository/org/apache/ratis/ratis-metrics/0.4.0-78e95b9-SNAPSHOT/ratis-metrics-0.4.0-78e95b9-SNAPSHOT.jar:/home/user/.m2/repository/com/github/joshelser/dropwizard-metrics-hadoop-metrics2-reporter/0.1.2/dropwizard-metrics-hadoop-metrics2-reporter-0.1.2.jar:/home/user/.m2/repository/io/dropwizard/metrics/metrics-jvm/3.2.5/metrics-jvm-3.2.5.jar:/home/user/.m2/repository/io/dropwizard/metrics/metrics-ganglia/3.2.5/metrics-ganglia-3.2.5.jar:/home/user/.m2/repository/info/ganglia/gmetric4j/gmetric4j/1.0.7/gmetric4j-1.0.7.jar:/home/user/.m2/repository/org/apache/ratis/ratis-netty/0.4.0-78e95b9-SNAPSHOT/ratis-netty-0.4.0-78e95b9-SNAPSHOT.jar:/home/user/.m2/repository/org/apache/ratis/ratis-grpc/0.4.0-78e95b9-SNAPSHOT/ratis-grpc-0.4.0-78e95b9-SNAPSHOT.jar:/home/user/.m2/repository/org/rocksdb/rocksdbjni/6.0.1/rocksdbjni-6.0.1.jar:/home/user/.m2/repository/org/apache/logging/log4j/log4j-api/2.11.0/log4j-api-2.11.0.jar:/home/user/.m2/repository/org/apache/logging/log4j/log4j-core/2.11.0/log4j-core-2.11.0.jar:/home/user/.m2/repository/com/lmax/disruptor/3.4.2/disruptor-3.4.2.jar:/home/user/.m2/repository/org/apache/commons/commons-pool2/2.6.0/commons-pool2-2.6.0.jar:/home/user/.m2/repository/org/bouncycastle/bcpkix-jdk15on/1.60/bcpkix-jdk15on-1.60.jar:/home/user/.m2/repository/commons-validator/commons-validator/1.6/commons-validator-1.6.jar:/home/user/.m2/repository/commons-digester/commons-digester/1.8.1/commons-digester-1.8.1.jar:/home/user/.m2/repository/io/jaegertracing/jaeger-client/0.33.1/jaeger-client-0.33.1.jar:/home/user/.m2/repository/io/jaegertracing/jaeger-thrift/0.33.1/jaeger-thrift-0.33.1.jar:/home/user/.m2/repository/org/apache/thrift/libthrift/0.11.0/libthrift-0.11.0.jar:/home/user/.m2/repository/com/squareup/okhttp3/okhttp/3.9.0/okhttp-3.9.0.jar:/home/user/.m2/repository/com/squareup/okio/okio/1.13.0/okio-1.13.0.jar:/home/user/.m2/repository/io/jaegertracing/jaeger-core/0.33.1/jaeger-core-0.33.1.jar:/home/user/.m2/repository/io/jaegertracing/jaeger-tracerresolver/0.33.1/jaeger-tracerresolver-0.33.1.jar:/home/user/.m2/repository/io/opentracing/contrib/opentracing-tracerresolver/0.1.5/opentracing-tracerresolver-0.1.5.jar:/home/user/.m2/repository/io/opentracing/opentracing-util/0.31.0/opentracing-util-0.31.0.jar:/home/user/.m2/repository/io/opentracing/opentracing-api/0.31.0/opentracing-api-0.31.0.jar:/home/user/.m2/repository/io/opentracing/opentracing-noop/0.31.0/opentracing-noop-0.31.0.jar:/home/user/.m2/repository/org/apache/hadoop/hadoop-hdds-server-framework/0.5.0-SNAPSHOT/hadoop-hdds-server-framework-0.5.0-SNAPSHOT.jar:/home/user/.m2/repository/org/apache/hadoop/hadoop-hdds-container-service/0.5.0-SNAPSHOT/hadoop-hdds-container-service-0.5.0-SNAPSHOT.jar:/home/user/.m2/repository/org/apache/hadoop/hadoop-hdds-client/0.5.0-SNAPSHOT/hadoop-hdds-client-0.5.0-SNAPSHOT.jar:/home/user/.m2/repository/org/apache/hadoop/hadoop-hdds-tools/0.5.0-SNAPSHOT/hadoop-hdds-tools-0.5.0-SNAPSHOT.jar:/home/user/.m2/repository/org/apache/hadoop/hadoop-hdds-server-scm/0.5.0-SNAPSHOT/hadoop-hdds-server-scm-0.5.0-SNAPSHOT.jar:/home/user/.m2/repository/org/apache/hadoop/hadoop-hdds-docs/0.5.0-SNAPSHOT/hadoop-hdds-docs-0.5.0-SNAPSHOT.jar:/home/user/.m2/repository/io/dropwizard/metrics/metrics-core/3.2.4/metrics-core-3.2.4.jar:/home/user/.m2/repository/org/hamcrest/hamcrest-all/1.3/hamcrest-all-1.3.jar:/home/user/.m2/repository/org/bouncycastle/bcprov-jdk15on/1.60/bcprov-jdk15on-1.60.jar:/home/user/.m2/repository/info/picocli/picocli/3.9.6/picocli-3.9.6.jar:/home/user/.m2/repository/com/google/protobuf/protobuf-java/2.5.0/protobuf-java-2.5.0.jar:/home/user/.m2/repository/com/google/guava/guava/11.0.2/guava-11.0.2.jar:/home/user/.m2/repository/org/apache/hadoop/hadoop-ozone-ozone-manager/0.5.0-SNAPSHOT/hadoop-ozone-ozone-manager-0.5.0-SNAPSHOT.jar:/home/user/.m2/repository/org/apache/hadoop/hadoop-minikdc/3.2.0/hadoop-minikdc-3.2.0.jar:/home/user/.m2/repository/commons-io/commons-io/2.5/commons-io-2.5.jar:/home/user/.m2/repository/org/apache/kerby/kerb-simplekdc/1.0.1/kerb-simplekdc-1.0.1.jar:/home/user/.m2/repository/org/apache/kerby/kerb-client/1.0.1/kerb-client-1.0.1.jar:/home/user/.m2/repository/org/apache/kerby/kerby-config/1.0.1/kerby-config-1.0.1.jar:/home/user/.m2/repository/org/apache/kerby/kerb-core/1.0.1/kerb-core-1.0.1.jar:/home/user/.m2/repository/org/apache/kerby/kerby-pkix/1.0.1/kerby-pkix-1.0.1.jar:/home/user/.m2/repository/org/apache/kerby/kerby-asn1/1.0.1/kerby-asn1-1.0.1.jar:/home/user/.m2/repository/org/apache/kerby/kerby-util/1.0.1/kerby-util-1.0.1.jar:/home/user/.m2/repository/org/apache/kerby/kerb-common/1.0.1/kerb-common-1.0.1.jar:/home/user/.m2/repository/org/apache/kerby/kerb-crypto/1.0.1/kerb-crypto-1.0.1.jar:/home/user/.m2/repository/org/apache/kerby/kerb-util/1.0.1/kerb-util-1.0.1.jar:/home/user/.m2/repository/org/apache/kerby/token-provider/1.0.1/token-provider-1.0.1.jar:/home/user/.m2/repository/org/apache/kerby/kerb-admin/1.0.1/kerb-admin-1.0.1.jar:/home/user/.m2/repository/org/apache/kerby/kerb-server/1.0.1/kerb-server-1.0.1.jar:/home/user/.m2/repository/org/apache/kerby/kerb-identity/1.0.1/kerb-identity-1.0.1.jar:/home/user/.m2/repository/org/apache/kerby/kerby-xdr/1.0.1/kerby-xdr-1.0.1.jar:/home/user/.m2/repository/org/slf4j/slf4j-log4j12/1.7.25/slf4j-log4j12-1.7.25.jar:/home/user/.m2/repository/org/apache/hadoop/hadoop-ozone-s3gateway/0.5.0-SNAPSHOT/hadoop-ozone-s3gateway-0.5.0-SNAPSHOT.jar:/home/user/.m2/repository/org/jboss/weld/servlet/weld-servlet/2.4.7.Final/weld-servlet-2.4.7.Final.jar:/home/user/.m2/repository/org/glassfish/jersey/containers/jersey-container-servlet-core/2.27/jersey-container-servlet-core-2.27.jar:/home/user/.m2/repository/org/glassfish/hk2/external/javax.inject/2.5.0-b42/javax.inject-2.5.0-b42.jar:/home/user/.m2/repository/org/glassfish/jersey/core/jersey-common/2.27/jersey-common-2.27.jar:/home/user/.m2/repository/org/glassfish/hk2/osgi-resource-locator/1.0.1/osgi-resource-locator-1.0.1.jar:/home/user/.m2/repository/javax/ws/rs/javax.ws.rs-api/2.1/javax.ws.rs-api-2.1.jar:/home/user/.m2/repository/org/glassfish/jersey/ext/cdi/jersey-cdi1x/2.27/jersey-cdi1x-2.27.jar:/home/user/.m2/repository/org/glassfish/jersey/inject/jersey-hk2/2.27/jersey-hk2-2.27.jar:/home/user/.m2/repository/org/glassfish/hk2/hk2-locator/2.5.0-b42/hk2-locator-2.5.0-b42.jar:/home/user/.m2/repository/org/javassist/javassist/3.22.0-CR2/javassist-3.22.0-CR2.jar:/home/user/.m2/repository/org/glassfish/hk2/hk2-api/2.5.0/hk2-api-2.5.0.jar:/home/user/.m2/repository/org/glassfish/hk2/external/jakarta.inject/2.5.0/jakarta.inject-2.5.0.jar:/home/user/.m2/repository/org/glassfish/hk2/hk2-utils/2.5.0/hk2-utils-2.5.0.jar:/home/user/.m2/repository/jakarta/annotation/jakarta.annotation-api/1.3.4/jakarta.annotation-api-1.3.4.jar:/home/user/.m2/repository/org/glassfish/hk2/external/aopalliance-repackaged/2.5.0/aopalliance-repackaged-2.5.0.jar:/home/user/.m2/repository/com/fasterxml/jackson/dataformat/jackson-dataformat-xml/2.9.0/jackson-dataformat-xml-2.9.0.jar:/home/user/.m2/repository/com/fasterxml/jackson/core/jackson-core/2.9.5/jackson-core-2.9.5.jar:/home/user/.m2/repository/com/fasterxml/jackson/module/jackson-module-jaxb-annotations/2.9.5/jackson-module-jaxb-annotations-2.9.5.jar:/home/user/.m2/repository/javax/enterprise/cdi-api/1.2/cdi-api-1.2.jar:/home/user/.m2/repository/javax/el/javax.el-api/3.0.0/javax.el-api-3.0.0.jar:/home/user/.m2/repository/javax/interceptor/javax.interceptor-api/1.2/javax.interceptor-api-1.2.jar:/home/user/.m2/repository/javax/inject/javax.inject/1/javax.inject-1.jar:/home/user/.m2/repository/com/sun/xml/bind/jaxb-impl/2.3.0.1/jaxb-impl-2.3.0.1.jar:/home/user/.m2/repository/com/sun/xml/bind/jaxb-core/2.3.0.1/jaxb-core-2.3.0.1.jar:/home/user/.m2/repository/javax/xml/bind/jaxb-api/2.3.0/jaxb-api-2.3.0.jar:/home/user/.m2/repository/javax/activation/activation/1.1.1/activation-1.1.1.jar:/home/user/.m2/repository/org/apache/hadoop/hadoop-ozone-csi/0.5.0-SNAPSHOT/hadoop-ozone-csi-0.5.0-SNAPSHOT.jar:/home/user/.m2/repository/com/google/protobuf/protobuf-java-util/3.5.1/protobuf-java-util-3.5.1.jar:/home/user/.m2/repository/org/apache/hadoop/hadoop-hdds-config/0.5.0-SNAPSHOT/hadoop-hdds-config-0.5.0-SNAPSHOT.jar:/home/user/.m2/repository/io/grpc/grpc-netty/1.17.1/grpc-netty-1.17.1.jar:/home/user/.m2/repository/io/grpc/grpc-core/1.17.1/grpc-core-1.17.1.jar:/home/user/.m2/repository/io/grpc/grpc-context/1.17.1/grpc-context-1.17.1.jar:/home/user/.m2/repository/com/google/errorprone/error_prone_annotations/2.2.0/error_prone_annotations-2.2.0.jar:/home/user/.m2/repository/org/codehaus/mojo/animal-sniffer-annotations/1.17/animal-sniffer-annotations-1.17.jar:/home/user/.m2/repository/io/opencensus/opencensus-api/0.17.0/opencensus-api-0.17.0.jar:/home/user/.m2/repository/io/opencensus/opencensus-contrib-grpc-metrics/0.17.0/opencensus-contrib-grpc-metrics-0.17.0.jar:/home/user/.m2/repository/io/netty/netty-codec-http2/4.1.30.Final/netty-codec-http2-4.1.30.Final.jar:/home/user/.m2/repository/io/netty/netty-codec-http/4.1.30.Final/netty-codec-http-4.1.30.Final.jar:/home/user/.m2/repository/io/netty/netty-codec/4.1.30.Final/netty-codec-4.1.30.Final.jar:/home/user/.m2/repository/io/netty/netty-handler/4.1.30.Final/netty-handler-4.1.30.Final.jar:/home/user/.m2/repository/io/netty/netty-handler-proxy/4.1.30.Final/netty-handler-proxy-4.1.30.Final.jar:/home/user/.m2/repository/io/netty/netty-codec-socks/4.1.30.Final/netty-codec-socks-4.1.30.Final.jar:/home/user/.m2/repository/io/netty/netty-transport-native-epoll/4.1.30.Final/netty-transport-native-epoll-4.1.30.Final.jar:/home/user/.m2/repository/io/netty/netty-common/4.1.30.Final/netty-common-4.1.30.Final.jar:/home/user/.m2/repository/io/netty/netty-buffer/4.1.30.Final/netty-buffer-4.1.30.Final.jar:/home/user/.m2/repository/io/netty/netty-transport/4.1.30.Final/netty-transport-4.1.30.Final.jar:/home/user/.m2/repository/io/netty/netty-resolver/4.1.30.Final/netty-resolver-4.1.30.Final.jar:/home/user/.m2/repository/io/netty/netty-transport-native-unix-common/4.1.30.Final/netty-transport-native-unix-common-4.1.30.Final.jar:/home/user/.m2/repository/io/grpc/grpc-protobuf/1.17.1/grpc-protobuf-1.17.1.jar:/home/user/.m2/repository/com/google/api/grpc/proto-google-common-protos/1.0.0/proto-google-common-protos-1.0.0.jar:/home/user/.m2/repository/io/grpc/grpc-protobuf-lite/1.17.1/grpc-protobuf-lite-1.17.1.jar:/home/user/.m2/repository/io/grpc/grpc-stub/1.17.1/grpc-stub-1.17.1.jar:/home/user/.m2/repository/org/apache/hadoop/hadoop-ozone-recon/0.5.0-SNAPSHOT/hadoop-ozone-recon-0.5.0-SNAPSHOT.jar:/home/user/.m2/repository/org/apache/hadoop/hadoop-ozone-reconcodegen/0.5.0-SNAPSHOT/hadoop-ozone-reconcodegen-0.5.0-SNAPSHOT.jar:/home/user/.m2/repository/com/google/inject/extensions/guice-multibindings/4.0/guice-multibindings-4.0.jar:/home/user/.m2/repository/com/google/inject/guice/4.0/guice-4.0.jar:/home/user/.m2/repository/aopalliance/aopalliance/1.0/aopalliance-1.0.jar:/home/user/.m2/repository/com/google/inject/extensions/guice-servlet/4.0/guice-servlet-4.0.jar:/home/user/.m2/repository/org/glassfish/jersey/containers/jersey-container-servlet/2.27/jersey-container-servlet-2.27.jar:/home/user/.m2/repository/org/glassfish/hk2/guice-bridge/2.5.0/guice-bridge-2.5.0.jar:/home/user/.m2/repository/org/glassfish/jersey/core/jersey-server/2.27/jersey-server-2.27.jar:/home/user/.m2/repository/org/glassfish/jersey/core/jersey-client/2.27/jersey-client-2.27.jar:/home/user/.m2/repository/org/glassfish/jersey/media/jersey-media-jaxb/2.27/jersey-media-jaxb-2.27.jar:/home/user/.m2/repository/javax/validation/validation-api/1.1.0.Final/validation-api-1.1.0.Final.jar:/home/user/.m2/repository/org/glassfish/jersey/media/jersey-media-json-jackson/2.27/jersey-media-json-jackson-2.27.jar:/home/user/.m2/repository/org/glassfish/jersey/ext/jersey-entity-filtering/2.27/jersey-entity-filtering-2.27.jar:/home/user/.m2/repository/com/google/inject/extensions/guice-assistedinject/4.0/guice-assistedinject-4.0.jar:/home/user/.m2/repository/org/jooq/jooq/3.11.10/jooq-3.11.10.jar:/home/user/.m2/repository/org/jooq/jooq-meta/3.11.10/jooq-meta-3.11.10.jar:/home/user/.m2/repository/org/jooq/jooq-codegen/3.11.10/jooq-codegen-3.11.10.jar:/home/user/.m2/repository/com/jolbox/bonecp/0.8.0.RELEASE/bonecp-0.8.0.RELEASE.jar:/home/user/.m2/repository/org/xerial/sqlite-jdbc/3.25.2/sqlite-jdbc-3.25.2.jar:/home/user/.m2/repository/org/springframework/spring-jdbc/5.1.3.RELEASE/spring-jdbc-5.1.3.RELEASE.jar:/home/user/.m2/repository/org/springframework/spring-beans/5.1.3.RELEASE/spring-beans-5.1.3.RELEASE.jar:/home/user/.m2/repository/org/springframework/spring-core/5.1.3.RELEASE/spring-core-5.1.3.RELEASE.jar:/home/user/.m2/repository/org/springframework/spring-jcl/5.1.3.RELEASE/spring-jcl-5.1.3.RELEASE.jar:/home/user/.m2/repository/org/springframework/spring-tx/5.1.3.RELEASE/spring-tx-5.1.3.RELEASE.jar:/home/user/.m2/repository/org/apache/hadoop/hadoop-ozone-client/0.5.0-SNAPSHOT/hadoop-ozone-client-0.5.0-SNAPSHOT.jar:/home/user/.m2/repository/commons-lang/commons-lang/2.6/commons-lang-2.6.jar:/home/user/.m2/repository/org/apache/hadoop/hadoop-ozone-ozone-manager/0.5.0-SNAPSHOT/hadoop-ozone-ozone-manager-0.5.0-SNAPSHOT-tests.jar:/home/user/.m2/repository/junit/junit/4.11/junit-4.11.jar:/home/user/.m2/repository/org/hamcrest/hamcrest-core/1.3/hamcrest-core-1.3.jar:/home/user/.m2/repository/org/openjdk/jmh/jmh-core/1.19/jmh-core-1.19.jar:/home/user/.m2/repository/net/sf/jopt-simple/jopt-simple/4.6/jopt-simple-4.6.jar:/home/user/.m2/repository/org/apache/commons/commons-math3/3.1.1/commons-math3-3.1.1.jar:/home/user/.m2/repository/org/openjdk/jmh/jmh-generator-annprocess/1.19/jmh-generator-annprocess-1.19.jar:/home/user/.m2/repository/org/mockito/mockito-all/1.8.5/mockito-all-1.8.5.jar:/home/user/.m2/repository/org/apache/hadoop/hadoop-kms/3.2.0/hadoop-kms-3.2.0.jar:/home/user/.m2/repository/org/apache/hadoop/hadoop-auth/3.2.0/hadoop-auth-3.2.0.jar:/home/user/.m2/repository/com/nimbusds/nimbus-jose-jwt/4.41.1/nimbus-jose-jwt-4.41.1.jar:/home/user/.m2/repository/com/github/stephenc/jcip/jcip-annotations/1.0-1/jcip-annotations-1.0-1.jar:/home/user/.m2/repository/net/minidev/json-smart/2.3/json-smart-2.3.jar:/home/user/.m2/repository/net/minidev/accessors-smart/1.2/accessors-smart-1.2.jar:/home/user/.m2/repository/org/ow2/asm/asm/5.0.4/asm-5.0.4.jar:/home/user/.m2/repository/org/apache/curator/curator-framework/2.12.0/curator-framework-2.12.0.jar:/home/user/.m2/repository/com/sun/jersey/jersey-core/1.19/jersey-core-1.19.jar:/home/user/.m2/repository/javax/ws/rs/jsr311-api/1.1.1/jsr311-api-1.1.1.jar:/home/user/.m2/repository/com/sun/jersey/jersey-server/1.19/jersey-server-1.19.jar:/home/user/.m2/repository/javax/servlet/javax.servlet-api/3.1.0/javax.servlet-api-3.1.0.jar:/home/user/.m2/repository/org/eclipse/jetty/jetty-server/9.3.24.v20180605/jetty-server-9.3.24.v20180605.jar:/home/user/.m2/repository/org/eclipse/jetty/jetty-http/9.3.24.v20180605/jetty-http-9.3.24.v20180605.jar:/home/user/.m2/repository/org/eclipse/jetty/jetty-io/9.3.24.v20180605/jetty-io-9.3.24.v20180605.jar:/home/user/.m2/repository/org/eclipse/jetty/jetty-webapp/9.3.24.v20180605/jetty-webapp-9.3.24.v20180605.jar:/home/user/.m2/repository/org/eclipse/jetty/jetty-xml/9.3.24.v20180605/jetty-xml-9.3.24.v20180605.jar:/home/user/.m2/repository/log4j/log4j/1.2.17/log4j-1.2.17.jar:/home/user/.m2/repository/org/slf4j/slf4j-api/1.7.25/slf4j-api-1.7.25.jar:/home/user/.m2/repository/org/slf4j/jul-to-slf4j/1.7.25/jul-to-slf4j-1.7.25.jar:/home/user/.m2/repository/org/eclipse/jetty/jetty-util/9.3.24.v20180605/jetty-util-9.3.24.v20180605.jar:/home/user/.m2/repository/com/fasterxml/jackson/core/jackson-databind/2.9.5/jackson-databind-2.9.5.jar:/home/user/.m2/repository/org/apache/hadoop/hadoop-kms/3.2.0/hadoop-kms-3.2.0-tests.jar:/home/user/.m2/repository/org/apache/hadoop/hadoop-hdds-server-scm/0.5.0-SNAPSHOT/hadoop-hdds-server-scm-0.5.0-SNAPSHOT-tests.jar:/home/user/.m2/repository/org/apache/hadoop/hadoop-hdds-container-service/0.5.0-SNAPSHOT/hadoop-hdds-container-service-0.5.0-SNAPSHOT-tests.jar:/home/user/.m2/repository/org/yaml/snakeyaml/1.16/snakeyaml-1.16.jar:/home/user/.m2/repository/org/apache/hadoop/hadoop-common/3.2.0/hadoop-common-3.2.0-tests.jar:/home/user/.m2/repository/org/apache/hadoop/hadoop-annotations/3.2.0/hadoop-annotations-3.2.0.jar:/usr/lib/jvm/java-1.8-openjdk/jre/../lib/tools.jar:/home/user/.m2/repository/commons-cli/commons-cli/1.2/commons-cli-1.2.jar:/home/user/.m2/repository/org/apache/httpcomponents/httpclient/4.5.2/httpclient-4.5.2.jar:/home/user/.m2/repository/org/apache/httpcomponents/httpcore/4.4.4/httpcore-4.4.4.jar:/home/user/.m2/repository/commons-codec/commons-codec/1.11/commons-codec-1.11.jar:/home/user/.m2/repository/commons-net/commons-net/3.6/commons-net-3.6.jar:/home/user/.m2/repository/commons-collections/commons-collections/3.2.2/commons-collections-3.2.2.jar:/home/user/.m2/repository/org/eclipse/jetty/jetty-servlet/9.3.24.v20180605/jetty-servlet-9.3.24.v20180605.jar:/home/user/.m2/repository/org/eclipse/jetty/jetty-security/9.3.24.v20180605/jetty-security-9.3.24.v20180605.jar:/home/user/.m2/repository/javax/servlet/jsp/jsp-api/2.1/jsp-api-2.1.jar:/home/user/.m2/repository/com/sun/jersey/jersey-servlet/1.19/jersey-servlet-1.19.jar:/home/user/.m2/repository/com/sun/jersey/jersey-json/1.19/jersey-json-1.19.jar:/home/user/.m2/repository/org/codehaus/jettison/jettison/1.1/jettison-1.1.jar:/home/user/.m2/repository/org/codehaus/jackson/jackson-core-asl/1.9.13/jackson-core-asl-1.9.13.jar:/home/user/.m2/repository/org/codehaus/jackson/jackson-mapper-asl/1.9.13/jackson-mapper-asl-1.9.13.jar:/home/user/.m2/repository/org/codehaus/jackson/jackson-jaxrs/1.9.13/jackson-jaxrs-1.9.13.jar:/home/user/.m2/repository/org/codehaus/jackson/jackson-xc/1.9.13/jackson-xc-1.9.13.jar:/home/user/.m2/repository/commons-logging/commons-logging/1.1.3/commons-logging-1.1.3.jar:/home/user/.m2/repository/commons-beanutils/commons-beanutils/1.9.3/commons-beanutils-1.9.3.jar:/home/user/.m2/repository/org/apache/commons/commons-configuration2/2.1.1/commons-configuration2-2.1.1.jar:/home/user/.m2/repository/org/apache/commons/commons-lang3/3.7/commons-lang3-3.7.jar:/home/user/.m2/repository/org/apache/commons/commons-text/1.4/commons-text-1.4.jar:/home/user/.m2/repository/org/apache/avro/avro/1.7.7/avro-1.7.7.jar:/home/user/.m2/repository/com/thoughtworks/paranamer/paranamer/2.3/paranamer-2.3.jar:/home/user/.m2/repository/org/xerial/snappy/snappy-java/1.0.5/snappy-java-1.0.5.jar:/home/user/.m2/repository/com/google/re2j/re2j/1.1/re2j-1.1.jar:/home/user/.m2/repository/com/google/code/gson/gson/2.2.4/gson-2.2.4.jar:/home/user/.m2/repository/com/jcraft/jsch/0.1.54/jsch-0.1.54.jar:/home/user/.m2/repository/org/apache/curator/curator-client/2.12.0/curator-client-2.12.0.jar:/home/user/.m2/repository/org/apache/curator/curator-recipes/2.12.0/curator-recipes-2.12.0.jar:/home/user/.m2/repository/com/google/code/findbugs/jsr305/3.0.0/jsr305-3.0.0.jar:/home/user/.m2/repository/org/apache/htrace/htrace-core4/4.1.0-incubating/htrace-core4-4.1.0-incubating.jar:/home/user/.m2/repository/org/apache/zookeeper/zookeeper/3.4.13/zookeeper-3.4.13.jar:/home/user/.m2/repository/org/apache/yetus/audience-annotations/0.5.0/audience-annotations-0.5.0.jar:/home/user/.m2/repository/org/codehaus/woodstox/stax2-api/3.1.4/stax2-api-3.1.4.jar:/home/user/.m2/repository/com/fasterxml/woodstox/woodstox-core/5.0.3/woodstox-core-5.0.3.jar:/home/user/.m2/repository/dnsjava/dnsjava/2.1.7/dnsjava-2.1.7.jar:/home/user/.m2/repository/org/apache/hadoop/hadoop-hdfs/3.2.0/hadoop-hdfs-3.2.0-tests.jar:/home/user/.m2/repository/org/eclipse/jetty/jetty-util-ajax/9.3.24.v20180605/jetty-util-ajax-9.3.24.v20180605.jar:/home/user/.m2/repository/commons-daemon/commons-daemon/1.0.13/commons-daemon-1.0.13.jar:/home/user/.m2/repository/io/netty/netty/3.10.5.Final/netty-3.10.5.Final.jar:/home/user/.m2/repository/io/netty/netty-all/4.0.52.Final/netty-all-4.0.52.Final.jar:/home/user/.m2/repository/org/fusesource/leveldbjni/leveldbjni-all/1.8/leveldbjni-all-1.8.jar:"/>
    <property name="java.vm.vendor" value="IcedTea"/>
    <property name="sun.arch.data.model" value="64"/>
    <property name="test.build.dir" value="/workdir/hadoop-ozone/integration-test/target/test-dir"/>
    <property name="test.cache.data" value=""/>
    <property name="java.vendor.url" value="https://icedtea.classpath.org"/>
    <property name="user.timezone" value=""/>
    <property name="java.vm.specification.version" value="1.8"/>
    <property name="os.name" value="Linux"/>
    <property name="test.build.data" value="/workdir/hadoop-ozone/integration-test/target/test-dir"/>
    <property name="user.country" value="US"/>
    <property name="sun.java.launcher" value="SUN_STANDARD"/>
    <property name="sun.boot.library.path" value="/usr/lib/jvm/java-1.8-openjdk/jre/lib/amd64"/>
    <property name="sun.java.command" value="/workdir/hadoop-ozone/integration-test/target/surefire/surefirebooter145729375796586046.jar /workdir/hadoop-ozone/integration-test/target/surefire 2019-09-16T15-31-14_426-jvmRun1 surefire6998124704247955794tmp surefire_392390460181398253582tmp"/>
    <property name="test" value="!TestMiniChaosOzoneCluster"/>
    <property name="surefire.test.class.path" value="/workdir/hadoop-ozone/integration-test/target/test-classes:/workdir/hadoop-ozone/integration-test/target/classes:/home/user/.m2/repository/org/apache/hadoop/hadoop-ozone-common/0.5.0-SNAPSHOT/hadoop-ozone-common-0.5.0-SNAPSHOT.jar:/home/user/.m2/repository/org/apache/commons/commons-compress/1.4.1/commons-compress-1.4.1.jar:/home/user/.m2/repository/org/tukaani/xz/1.0/xz-1.0.jar:/home/user/.m2/repository/org/apache/hadoop/hadoop-common/3.2.0/hadoop-common-3.2.0.jar:/home/user/.m2/repository/org/apache/hadoop/hadoop-hdfs/3.2.0/hadoop-hdfs-3.2.0.jar:/home/user/.m2/repository/org/apache/hadoop/hadoop-hdfs-client/3.2.0/hadoop-hdfs-client-3.2.0.jar:/home/user/.m2/repository/com/fasterxml/jackson/core/jackson-annotations/2.9.5/jackson-annotations-2.9.5.jar:/home/user/.m2/repository/org/apache/hadoop/hadoop-hdds-common/0.5.0-SNAPSHOT/hadoop-hdds-common-0.5.0-SNAPSHOT.jar:/home/user/.m2/repository/javax/annotation/javax.annotation-api/1.2/javax.annotation-api-1.2.jar:/home/user/.m2/repository/org/apache/ratis/ratis-server/0.4.0-78e95b9-SNAPSHOT/ratis-server-0.4.0-78e95b9-SNAPSHOT.jar:/home/user/.m2/repository/org/apache/ratis/ratis-thirdparty-misc/0.2.0/ratis-thirdparty-misc-0.2.0.jar:/home/user/.m2/repository/org/apache/ratis/ratis-proto/0.4.0-78e95b9-SNAPSHOT/ratis-proto-0.4.0-78e95b9-SNAPSHOT.jar:/home/user/.m2/repository/org/apache/ratis/ratis-common/0.4.0-78e95b9-SNAPSHOT/ratis-common-0.4.0-78e95b9-SNAPSHOT.jar:/home/user/.m2/repository/org/apache/ratis/ratis-client/0.4.0-78e95b9-SNAPSHOT/ratis-client-0.4.0-78e95b9-SNAPSHOT.jar:/home/user/.m2/repository/org/apache/ratis/ratis-metrics/0.4.0-78e95b9-SNAPSHOT/ratis-metrics-0.4.0-78e95b9-SNAPSHOT.jar:/home/user/.m2/repository/com/github/joshelser/dropwizard-metrics-hadoop-metrics2-reporter/0.1.2/dropwizard-metrics-hadoop-metrics2-reporter-0.1.2.jar:/home/user/.m2/repository/io/dropwizard/metrics/metrics-jvm/3.2.5/metrics-jvm-3.2.5.jar:/home/user/.m2/repository/io/dropwizard/metrics/metrics-ganglia/3.2.5/metrics-ganglia-3.2.5.jar:/home/user/.m2/repository/info/ganglia/gmetric4j/gmetric4j/1.0.7/gmetric4j-1.0.7.jar:/home/user/.m2/repository/org/apache/ratis/ratis-netty/0.4.0-78e95b9-SNAPSHOT/ratis-netty-0.4.0-78e95b9-SNAPSHOT.jar:/home/user/.m2/repository/org/apache/ratis/ratis-grpc/0.4.0-78e95b9-SNAPSHOT/ratis-grpc-0.4.0-78e95b9-SNAPSHOT.jar:/home/user/.m2/repository/org/rocksdb/rocksdbjni/6.0.1/rocksdbjni-6.0.1.jar:/home/user/.m2/repository/org/apache/logging/log4j/log4j-api/2.11.0/log4j-api-2.11.0.jar:/home/user/.m2/repository/org/apache/logging/log4j/log4j-core/2.11.0/log4j-core-2.11.0.jar:/home/user/.m2/repository/com/lmax/disruptor/3.4.2/disruptor-3.4.2.jar:/home/user/.m2/repository/org/apache/commons/commons-pool2/2.6.0/commons-pool2-2.6.0.jar:/home/user/.m2/repository/org/bouncycastle/bcpkix-jdk15on/1.60/bcpkix-jdk15on-1.60.jar:/home/user/.m2/repository/commons-validator/commons-validator/1.6/commons-validator-1.6.jar:/home/user/.m2/repository/commons-digester/commons-digester/1.8.1/commons-digester-1.8.1.jar:/home/user/.m2/repository/io/jaegertracing/jaeger-client/0.33.1/jaeger-client-0.33.1.jar:/home/user/.m2/repository/io/jaegertracing/jaeger-thrift/0.33.1/jaeger-thrift-0.33.1.jar:/home/user/.m2/repository/org/apache/thrift/libthrift/0.11.0/libthrift-0.11.0.jar:/home/user/.m2/repository/com/squareup/okhttp3/okhttp/3.9.0/okhttp-3.9.0.jar:/home/user/.m2/repository/com/squareup/okio/okio/1.13.0/okio-1.13.0.jar:/home/user/.m2/repository/io/jaegertracing/jaeger-core/0.33.1/jaeger-core-0.33.1.jar:/home/user/.m2/repository/io/jaegertracing/jaeger-tracerresolver/0.33.1/jaeger-tracerresolver-0.33.1.jar:/home/user/.m2/repository/io/opentracing/contrib/opentracing-tracerresolver/0.1.5/opentracing-tracerresolver-0.1.5.jar:/home/user/.m2/repository/io/opentracing/opentracing-util/0.31.0/opentracing-util-0.31.0.jar:/home/user/.m2/repository/io/opentracing/opentracing-api/0.31.0/opentracing-api-0.31.0.jar:/home/user/.m2/repository/io/opentracing/opentracing-noop/0.31.0/opentracing-noop-0.31.0.jar:/home/user/.m2/repository/org/apache/hadoop/hadoop-hdds-server-framework/0.5.0-SNAPSHOT/hadoop-hdds-server-framework-0.5.0-SNAPSHOT.jar:/home/user/.m2/repository/org/apache/hadoop/hadoop-hdds-container-service/0.5.0-SNAPSHOT/hadoop-hdds-container-service-0.5.0-SNAPSHOT.jar:/home/user/.m2/repository/org/apache/hadoop/hadoop-hdds-client/0.5.0-SNAPSHOT/hadoop-hdds-client-0.5.0-SNAPSHOT.jar:/home/user/.m2/repository/org/apache/hadoop/hadoop-hdds-tools/0.5.0-SNAPSHOT/hadoop-hdds-tools-0.5.0-SNAPSHOT.jar:/home/user/.m2/repository/org/apache/hadoop/hadoop-hdds-server-scm/0.5.0-SNAPSHOT/hadoop-hdds-server-scm-0.5.0-SNAPSHOT.jar:/home/user/.m2/repository/org/apache/hadoop/hadoop-hdds-docs/0.5.0-SNAPSHOT/hadoop-hdds-docs-0.5.0-SNAPSHOT.jar:/home/user/.m2/repository/io/dropwizard/metrics/metrics-core/3.2.4/metrics-core-3.2.4.jar:/home/user/.m2/repository/org/hamcrest/hamcrest-all/1.3/hamcrest-all-1.3.jar:/home/user/.m2/repository/org/bouncycastle/bcprov-jdk15on/1.60/bcprov-jdk15on-1.60.jar:/home/user/.m2/repository/info/picocli/picocli/3.9.6/picocli-3.9.6.jar:/home/user/.m2/repository/com/google/protobuf/protobuf-java/2.5.0/protobuf-java-2.5.0.jar:/home/user/.m2/repository/com/google/guava/guava/11.0.2/guava-11.0.2.jar:/home/user/.m2/repository/org/apache/hadoop/hadoop-ozone-ozone-manager/0.5.0-SNAPSHOT/hadoop-ozone-ozone-manager-0.5.0-SNAPSHOT.jar:/home/user/.m2/repository/org/apache/hadoop/hadoop-minikdc/3.2.0/hadoop-minikdc-3.2.0.jar:/home/user/.m2/repository/commons-io/commons-io/2.5/commons-io-2.5.jar:/home/user/.m2/repository/org/apache/kerby/kerb-simplekdc/1.0.1/kerb-simplekdc-1.0.1.jar:/home/user/.m2/repository/org/apache/kerby/kerb-client/1.0.1/kerb-client-1.0.1.jar:/home/user/.m2/repository/org/apache/kerby/kerby-config/1.0.1/kerby-config-1.0.1.jar:/home/user/.m2/repository/org/apache/kerby/kerb-core/1.0.1/kerb-core-1.0.1.jar:/home/user/.m2/repository/org/apache/kerby/kerby-pkix/1.0.1/kerby-pkix-1.0.1.jar:/home/user/.m2/repository/org/apache/kerby/kerby-asn1/1.0.1/kerby-asn1-1.0.1.jar:/home/user/.m2/repository/org/apache/kerby/kerby-util/1.0.1/kerby-util-1.0.1.jar:/home/user/.m2/repository/org/apache/kerby/kerb-common/1.0.1/kerb-common-1.0.1.jar:/home/user/.m2/repository/org/apache/kerby/kerb-crypto/1.0.1/kerb-crypto-1.0.1.jar:/home/user/.m2/repository/org/apache/kerby/kerb-util/1.0.1/kerb-util-1.0.1.jar:/home/user/.m2/repository/org/apache/kerby/token-provider/1.0.1/token-provider-1.0.1.jar:/home/user/.m2/repository/org/apache/kerby/kerb-admin/1.0.1/kerb-admin-1.0.1.jar:/home/user/.m2/repository/org/apache/kerby/kerb-server/1.0.1/kerb-server-1.0.1.jar:/home/user/.m2/repository/org/apache/kerby/kerb-identity/1.0.1/kerb-identity-1.0.1.jar:/home/user/.m2/repository/org/apache/kerby/kerby-xdr/1.0.1/kerby-xdr-1.0.1.jar:/home/user/.m2/repository/org/slf4j/slf4j-log4j12/1.7.25/slf4j-log4j12-1.7.25.jar:/home/user/.m2/repository/org/apache/hadoop/hadoop-ozone-s3gateway/0.5.0-SNAPSHOT/hadoop-ozone-s3gateway-0.5.0-SNAPSHOT.jar:/home/user/.m2/repository/org/jboss/weld/servlet/weld-servlet/2.4.7.Final/weld-servlet-2.4.7.Final.jar:/home/user/.m2/repository/org/glassfish/jersey/containers/jersey-container-servlet-core/2.27/jersey-container-servlet-core-2.27.jar:/home/user/.m2/repository/org/glassfish/hk2/external/javax.inject/2.5.0-b42/javax.inject-2.5.0-b42.jar:/home/user/.m2/repository/org/glassfish/jersey/core/jersey-common/2.27/jersey-common-2.27.jar:/home/user/.m2/repository/org/glassfish/hk2/osgi-resource-locator/1.0.1/osgi-resource-locator-1.0.1.jar:/home/user/.m2/repository/javax/ws/rs/javax.ws.rs-api/2.1/javax.ws.rs-api-2.1.jar:/home/user/.m2/repository/org/glassfish/jersey/ext/cdi/jersey-cdi1x/2.27/jersey-cdi1x-2.27.jar:/home/user/.m2/repository/org/glassfish/jersey/inject/jersey-hk2/2.27/jersey-hk2-2.27.jar:/home/user/.m2/repository/org/glassfish/hk2/hk2-locator/2.5.0-b42/hk2-locator-2.5.0-b42.jar:/home/user/.m2/repository/org/javassist/javassist/3.22.0-CR2/javassist-3.22.0-CR2.jar:/home/user/.m2/repository/org/glassfish/hk2/hk2-api/2.5.0/hk2-api-2.5.0.jar:/home/user/.m2/repository/org/glassfish/hk2/external/jakarta.inject/2.5.0/jakarta.inject-2.5.0.jar:/home/user/.m2/repository/org/glassfish/hk2/hk2-utils/2.5.0/hk2-utils-2.5.0.jar:/home/user/.m2/repository/jakarta/annotation/jakarta.annotation-api/1.3.4/jakarta.annotation-api-1.3.4.jar:/home/user/.m2/repository/org/glassfish/hk2/external/aopalliance-repackaged/2.5.0/aopalliance-repackaged-2.5.0.jar:/home/user/.m2/repository/com/fasterxml/jackson/dataformat/jackson-dataformat-xml/2.9.0/jackson-dataformat-xml-2.9.0.jar:/home/user/.m2/repository/com/fasterxml/jackson/core/jackson-core/2.9.5/jackson-core-2.9.5.jar:/home/user/.m2/repository/com/fasterxml/jackson/module/jackson-module-jaxb-annotations/2.9.5/jackson-module-jaxb-annotations-2.9.5.jar:/home/user/.m2/repository/javax/enterprise/cdi-api/1.2/cdi-api-1.2.jar:/home/user/.m2/repository/javax/el/javax.el-api/3.0.0/javax.el-api-3.0.0.jar:/home/user/.m2/repository/javax/interceptor/javax.interceptor-api/1.2/javax.interceptor-api-1.2.jar:/home/user/.m2/repository/javax/inject/javax.inject/1/javax.inject-1.jar:/home/user/.m2/repository/com/sun/xml/bind/jaxb-impl/2.3.0.1/jaxb-impl-2.3.0.1.jar:/home/user/.m2/repository/com/sun/xml/bind/jaxb-core/2.3.0.1/jaxb-core-2.3.0.1.jar:/home/user/.m2/repository/javax/xml/bind/jaxb-api/2.3.0/jaxb-api-2.3.0.jar:/home/user/.m2/repository/javax/activation/activation/1.1.1/activation-1.1.1.jar:/home/user/.m2/repository/org/apache/hadoop/hadoop-ozone-csi/0.5.0-SNAPSHOT/hadoop-ozone-csi-0.5.0-SNAPSHOT.jar:/home/user/.m2/repository/com/google/protobuf/protobuf-java-util/3.5.1/protobuf-java-util-3.5.1.jar:/home/user/.m2/repository/org/apache/hadoop/hadoop-hdds-config/0.5.0-SNAPSHOT/hadoop-hdds-config-0.5.0-SNAPSHOT.jar:/home/user/.m2/repository/io/grpc/grpc-netty/1.17.1/grpc-netty-1.17.1.jar:/home/user/.m2/repository/io/grpc/grpc-core/1.17.1/grpc-core-1.17.1.jar:/home/user/.m2/repository/io/grpc/grpc-context/1.17.1/grpc-context-1.17.1.jar:/home/user/.m2/repository/com/google/errorprone/error_prone_annotations/2.2.0/error_prone_annotations-2.2.0.jar:/home/user/.m2/repository/org/codehaus/mojo/animal-sniffer-annotations/1.17/animal-sniffer-annotations-1.17.jar:/home/user/.m2/repository/io/opencensus/opencensus-api/0.17.0/opencensus-api-0.17.0.jar:/home/user/.m2/repository/io/opencensus/opencensus-contrib-grpc-metrics/0.17.0/opencensus-contrib-grpc-metrics-0.17.0.jar:/home/user/.m2/repository/io/netty/netty-codec-http2/4.1.30.Final/netty-codec-http2-4.1.30.Final.jar:/home/user/.m2/repository/io/netty/netty-codec-http/4.1.30.Final/netty-codec-http-4.1.30.Final.jar:/home/user/.m2/repository/io/netty/netty-codec/4.1.30.Final/netty-codec-4.1.30.Final.jar:/home/user/.m2/repository/io/netty/netty-handler/4.1.30.Final/netty-handler-4.1.30.Final.jar:/home/user/.m2/repository/io/netty/netty-handler-proxy/4.1.30.Final/netty-handler-proxy-4.1.30.Final.jar:/home/user/.m2/repository/io/netty/netty-codec-socks/4.1.30.Final/netty-codec-socks-4.1.30.Final.jar:/home/user/.m2/repository/io/netty/netty-transport-native-epoll/4.1.30.Final/netty-transport-native-epoll-4.1.30.Final.jar:/home/user/.m2/repository/io/netty/netty-common/4.1.30.Final/netty-common-4.1.30.Final.jar:/home/user/.m2/repository/io/netty/netty-buffer/4.1.30.Final/netty-buffer-4.1.30.Final.jar:/home/user/.m2/repository/io/netty/netty-transport/4.1.30.Final/netty-transport-4.1.30.Final.jar:/home/user/.m2/repository/io/netty/netty-resolver/4.1.30.Final/netty-resolver-4.1.30.Final.jar:/home/user/.m2/repository/io/netty/netty-transport-native-unix-common/4.1.30.Final/netty-transport-native-unix-common-4.1.30.Final.jar:/home/user/.m2/repository/io/grpc/grpc-protobuf/1.17.1/grpc-protobuf-1.17.1.jar:/home/user/.m2/repository/com/google/api/grpc/proto-google-common-protos/1.0.0/proto-google-common-protos-1.0.0.jar:/home/user/.m2/repository/io/grpc/grpc-protobuf-lite/1.17.1/grpc-protobuf-lite-1.17.1.jar:/home/user/.m2/repository/io/grpc/grpc-stub/1.17.1/grpc-stub-1.17.1.jar:/home/user/.m2/repository/org/apache/hadoop/hadoop-ozone-recon/0.5.0-SNAPSHOT/hadoop-ozone-recon-0.5.0-SNAPSHOT.jar:/home/user/.m2/repository/org/apache/hadoop/hadoop-ozone-reconcodegen/0.5.0-SNAPSHOT/hadoop-ozone-reconcodegen-0.5.0-SNAPSHOT.jar:/home/user/.m2/repository/com/google/inject/extensions/guice-multibindings/4.0/guice-multibindings-4.0.jar:/home/user/.m2/repository/com/google/inject/guice/4.0/guice-4.0.jar:/home/user/.m2/repository/aopalliance/aopalliance/1.0/aopalliance-1.0.jar:/home/user/.m2/repository/com/google/inject/extensions/guice-servlet/4.0/guice-servlet-4.0.jar:/home/user/.m2/repository/org/glassfish/jersey/containers/jersey-container-servlet/2.27/jersey-container-servlet-2.27.jar:/home/user/.m2/repository/org/glassfish/hk2/guice-bridge/2.5.0/guice-bridge-2.5.0.jar:/home/user/.m2/repository/org/glassfish/jersey/core/jersey-server/2.27/jersey-server-2.27.jar:/home/user/.m2/repository/org/glassfish/jersey/core/jersey-client/2.27/jersey-client-2.27.jar:/home/user/.m2/repository/org/glassfish/jersey/media/jersey-media-jaxb/2.27/jersey-media-jaxb-2.27.jar:/home/user/.m2/repository/javax/validation/validation-api/1.1.0.Final/validation-api-1.1.0.Final.jar:/home/user/.m2/repository/org/glassfish/jersey/media/jersey-media-json-jackson/2.27/jersey-media-json-jackson-2.27.jar:/home/user/.m2/repository/org/glassfish/jersey/ext/jersey-entity-filtering/2.27/jersey-entity-filtering-2.27.jar:/home/user/.m2/repository/com/google/inject/extensions/guice-assistedinject/4.0/guice-assistedinject-4.0.jar:/home/user/.m2/repository/org/jooq/jooq/3.11.10/jooq-3.11.10.jar:/home/user/.m2/repository/org/jooq/jooq-meta/3.11.10/jooq-meta-3.11.10.jar:/home/user/.m2/repository/org/jooq/jooq-codegen/3.11.10/jooq-codegen-3.11.10.jar:/home/user/.m2/repository/com/jolbox/bonecp/0.8.0.RELEASE/bonecp-0.8.0.RELEASE.jar:/home/user/.m2/repository/org/xerial/sqlite-jdbc/3.25.2/sqlite-jdbc-3.25.2.jar:/home/user/.m2/repository/org/springframework/spring-jdbc/5.1.3.RELEASE/spring-jdbc-5.1.3.RELEASE.jar:/home/user/.m2/repository/org/springframework/spring-beans/5.1.3.RELEASE/spring-beans-5.1.3.RELEASE.jar:/home/user/.m2/repository/org/springframework/spring-core/5.1.3.RELEASE/spring-core-5.1.3.RELEASE.jar:/home/user/.m2/repository/org/springframework/spring-jcl/5.1.3.RELEASE/spring-jcl-5.1.3.RELEASE.jar:/home/user/.m2/repository/org/springframework/spring-tx/5.1.3.RELEASE/spring-tx-5.1.3.RELEASE.jar:/home/user/.m2/repository/org/apache/hadoop/hadoop-ozone-client/0.5.0-SNAPSHOT/hadoop-ozone-client-0.5.0-SNAPSHOT.jar:/home/user/.m2/repository/commons-lang/commons-lang/2.6/commons-lang-2.6.jar:/home/user/.m2/repository/org/apache/hadoop/hadoop-ozone-ozone-manager/0.5.0-SNAPSHOT/hadoop-ozone-ozone-manager-0.5.0-SNAPSHOT-tests.jar:/home/user/.m2/repository/junit/junit/4.11/junit-4.11.jar:/home/user/.m2/repository/org/hamcrest/hamcrest-core/1.3/hamcrest-core-1.3.jar:/home/user/.m2/repository/org/openjdk/jmh/jmh-core/1.19/jmh-core-1.19.jar:/home/user/.m2/repository/net/sf/jopt-simple/jopt-simple/4.6/jopt-simple-4.6.jar:/home/user/.m2/repository/org/apache/commons/commons-math3/3.1.1/commons-math3-3.1.1.jar:/home/user/.m2/repository/org/openjdk/jmh/jmh-generator-annprocess/1.19/jmh-generator-annprocess-1.19.jar:/home/user/.m2/repository/org/mockito/mockito-all/1.8.5/mockito-all-1.8.5.jar:/home/user/.m2/repository/org/apache/hadoop/hadoop-kms/3.2.0/hadoop-kms-3.2.0.jar:/home/user/.m2/repository/org/apache/hadoop/hadoop-auth/3.2.0/hadoop-auth-3.2.0.jar:/home/user/.m2/repository/com/nimbusds/nimbus-jose-jwt/4.41.1/nimbus-jose-jwt-4.41.1.jar:/home/user/.m2/repository/com/github/stephenc/jcip/jcip-annotations/1.0-1/jcip-annotations-1.0-1.jar:/home/user/.m2/repository/net/minidev/json-smart/2.3/json-smart-2.3.jar:/home/user/.m2/repository/net/minidev/accessors-smart/1.2/accessors-smart-1.2.jar:/home/user/.m2/repository/org/ow2/asm/asm/5.0.4/asm-5.0.4.jar:/home/user/.m2/repository/org/apache/curator/curator-framework/2.12.0/curator-framework-2.12.0.jar:/home/user/.m2/repository/com/sun/jersey/jersey-core/1.19/jersey-core-1.19.jar:/home/user/.m2/repository/javax/ws/rs/jsr311-api/1.1.1/jsr311-api-1.1.1.jar:/home/user/.m2/repository/com/sun/jersey/jersey-server/1.19/jersey-server-1.19.jar:/home/user/.m2/repository/javax/servlet/javax.servlet-api/3.1.0/javax.servlet-api-3.1.0.jar:/home/user/.m2/repository/org/eclipse/jetty/jetty-server/9.3.24.v20180605/jetty-server-9.3.24.v20180605.jar:/home/user/.m2/repository/org/eclipse/jetty/jetty-http/9.3.24.v20180605/jetty-http-9.3.24.v20180605.jar:/home/user/.m2/repository/org/eclipse/jetty/jetty-io/9.3.24.v20180605/jetty-io-9.3.24.v20180605.jar:/home/user/.m2/repository/org/eclipse/jetty/jetty-webapp/9.3.24.v20180605/jetty-webapp-9.3.24.v20180605.jar:/home/user/.m2/repository/org/eclipse/jetty/jetty-xml/9.3.24.v20180605/jetty-xml-9.3.24.v20180605.jar:/home/user/.m2/repository/log4j/log4j/1.2.17/log4j-1.2.17.jar:/home/user/.m2/repository/org/slf4j/slf4j-api/1.7.25/slf4j-api-1.7.25.jar:/home/user/.m2/repository/org/slf4j/jul-to-slf4j/1.7.25/jul-to-slf4j-1.7.25.jar:/home/user/.m2/repository/org/eclipse/jetty/jetty-util/9.3.24.v20180605/jetty-util-9.3.24.v20180605.jar:/home/user/.m2/repository/com/fasterxml/jackson/core/jackson-databind/2.9.5/jackson-databind-2.9.5.jar:/home/user/.m2/repository/org/apache/hadoop/hadoop-kms/3.2.0/hadoop-kms-3.2.0-tests.jar:/home/user/.m2/repository/org/apache/hadoop/hadoop-hdds-server-scm/0.5.0-SNAPSHOT/hadoop-hdds-server-scm-0.5.0-SNAPSHOT-tests.jar:/home/user/.m2/repository/org/apache/hadoop/hadoop-hdds-container-service/0.5.0-SNAPSHOT/hadoop-hdds-container-service-0.5.0-SNAPSHOT-tests.jar:/home/user/.m2/repository/org/yaml/snakeyaml/1.16/snakeyaml-1.16.jar:/home/user/.m2/repository/org/apache/hadoop/hadoop-common/3.2.0/hadoop-common-3.2.0-tests.jar:/home/user/.m2/repository/org/apache/hadoop/hadoop-annotations/3.2.0/hadoop-annotations-3.2.0.jar:/usr/lib/jvm/java-1.8-openjdk/jre/../lib/tools.jar:/home/user/.m2/repository/commons-cli/commons-cli/1.2/commons-cli-1.2.jar:/home/user/.m2/repository/org/apache/httpcomponents/httpclient/4.5.2/httpclient-4.5.2.jar:/home/user/.m2/repository/org/apache/httpcomponents/httpcore/4.4.4/httpcore-4.4.4.jar:/home/user/.m2/repository/commons-codec/commons-codec/1.11/commons-codec-1.11.jar:/home/user/.m2/repository/commons-net/commons-net/3.6/commons-net-3.6.jar:/home/user/.m2/repository/commons-collections/commons-collections/3.2.2/commons-collections-3.2.2.jar:/home/user/.m2/repository/org/eclipse/jetty/jetty-servlet/9.3.24.v20180605/jetty-servlet-9.3.24.v20180605.jar:/home/user/.m2/repository/org/eclipse/jetty/jetty-security/9.3.24.v20180605/jetty-security-9.3.24.v20180605.jar:/home/user/.m2/repository/javax/servlet/jsp/jsp-api/2.1/jsp-api-2.1.jar:/home/user/.m2/repository/com/sun/jersey/jersey-servlet/1.19/jersey-servlet-1.19.jar:/home/user/.m2/repository/com/sun/jersey/jersey-json/1.19/jersey-json-1.19.jar:/home/user/.m2/repository/org/codehaus/jettison/jettison/1.1/jettison-1.1.jar:/home/user/.m2/repository/org/codehaus/jackson/jackson-core-asl/1.9.13/jackson-core-asl-1.9.13.jar:/home/user/.m2/repository/org/codehaus/jackson/jackson-mapper-asl/1.9.13/jackson-mapper-asl-1.9.13.jar:/home/user/.m2/repository/org/codehaus/jackson/jackson-jaxrs/1.9.13/jackson-jaxrs-1.9.13.jar:/home/user/.m2/repository/org/codehaus/jackson/jackson-xc/1.9.13/jackson-xc-1.9.13.jar:/home/user/.m2/repository/commons-logging/commons-logging/1.1.3/commons-logging-1.1.3.jar:/home/user/.m2/repository/commons-beanutils/commons-beanutils/1.9.3/commons-beanutils-1.9.3.jar:/home/user/.m2/repository/org/apache/commons/commons-configuration2/2.1.1/commons-configuration2-2.1.1.jar:/home/user/.m2/repository/org/apache/commons/commons-lang3/3.7/commons-lang3-3.7.jar:/home/user/.m2/repository/org/apache/commons/commons-text/1.4/commons-text-1.4.jar:/home/user/.m2/repository/org/apache/avro/avro/1.7.7/avro-1.7.7.jar:/home/user/.m2/repository/com/thoughtworks/paranamer/paranamer/2.3/paranamer-2.3.jar:/home/user/.m2/repository/org/xerial/snappy/snappy-java/1.0.5/snappy-java-1.0.5.jar:/home/user/.m2/repository/com/google/re2j/re2j/1.1/re2j-1.1.jar:/home/user/.m2/repository/com/google/code/gson/gson/2.2.4/gson-2.2.4.jar:/home/user/.m2/repository/com/jcraft/jsch/0.1.54/jsch-0.1.54.jar:/home/user/.m2/repository/org/apache/curator/curator-client/2.12.0/curator-client-2.12.0.jar:/home/user/.m2/repository/org/apache/curator/curator-recipes/2.12.0/curator-recipes-2.12.0.jar:/home/user/.m2/repository/com/google/code/findbugs/jsr305/3.0.0/jsr305-3.0.0.jar:/home/user/.m2/repository/org/apache/htrace/htrace-core4/4.1.0-incubating/htrace-core4-4.1.0-incubating.jar:/home/user/.m2/repository/org/apache/zookeeper/zookeeper/3.4.13/zookeeper-3.4.13.jar:/home/user/.m2/repository/org/apache/yetus/audience-annotations/0.5.0/audience-annotations-0.5.0.jar:/home/user/.m2/repository/org/codehaus/woodstox/stax2-api/3.1.4/stax2-api-3.1.4.jar:/home/user/.m2/repository/com/fasterxml/woodstox/woodstox-core/5.0.3/woodstox-core-5.0.3.jar:/home/user/.m2/repository/dnsjava/dnsjava/2.1.7/dnsjava-2.1.7.jar:/home/user/.m2/repository/org/apache/hadoop/hadoop-hdfs/3.2.0/hadoop-hdfs-3.2.0-tests.jar:/home/user/.m2/repository/org/eclipse/jetty/jetty-util-ajax/9.3.24.v20180605/jetty-util-ajax-9.3.24.v20180605.jar:/home/user/.m2/repository/commons-daemon/commons-daemon/1.0.13/commons-daemon-1.0.13.jar:/home/user/.m2/repository/io/netty/netty/3.10.5.Final/netty-3.10.5.Final.jar:/home/user/.m2/repository/io/netty/netty-all/4.0.52.Final/netty-all-4.0.52.Final.jar:/home/user/.m2/repository/org/fusesource/leveldbjni/leveldbjni-all/1.8/leveldbjni-all-1.8.jar:"/>
    <property name="sun.cpu.endian" value="little"/>
    <property name="user.home" value="/home/user"/>
    <property name="user.language" value="en"/>
    <property name="java.specification.vendor" value="Oracle Corporation"/>
    <property name="java.home" value="/usr/lib/jvm/java-1.8-openjdk/jre"/>
    <property name="java.security.krb5.conf" value="/workdir/hadoop-ozone/integration-test/target/test-classes/krb5.conf"/>
    <property name="basedir" value="/workdir/hadoop-ozone/integration-test"/>
    <property name="file.separator" value="/"/>
    <property name="line.separator" value="&#10;"/>
    <property name="java.vm.specification.vendor" value="Oracle Corporation"/>
    <property name="java.specification.name" value="Java Platform API Specification"/>
    <property name="java.awt.graphicsenv" value="sun.awt.X11GraphicsEnvironment"/>
    <property name="surefire.real.class.path" value="/workdir/hadoop-ozone/integration-test/target/surefire/surefirebooter145729375796586046.jar"/>
    <property name="hadoop.log.dir" value="/workdir/hadoop-ozone/integration-test/target/log"/>
    <property name="sun.boot.class.path" value="/usr/lib/jvm/java-1.8-openjdk/jre/lib/resources.jar:/usr/lib/jvm/java-1.8-openjdk/jre/lib/rt.jar:/usr/lib/jvm/java-1.8-openjdk/jre/lib/sunrsasign.jar:/usr/lib/jvm/java-1.8-openjdk/jre/lib/jsse.jar:/usr/lib/jvm/java-1.8-openjdk/jre/lib/jce.jar:/usr/lib/jvm/java-1.8-openjdk/jre/lib/charsets.jar:/usr/lib/jvm/java-1.8-openjdk/jre/lib/jfr.jar:/usr/lib/jvm/java-1.8-openjdk/jre/classes"/>
    <property name="sun.management.compiler" value="HotSpot 64-Bit Tiered Compilers"/>
    <property name="java.runtime.version" value="1.8.0_212-b04"/>
    <property name="java.net.preferIPv4Stack" value="true"/>
    <property name="user.name" value="jenkins1000"/>
    <property name="path.separator" value=":"/>
    <property name="java.security.egd" value="file:///dev/urandom"/>
    <property name="os.version" value="3.10.0-957.12.2.el7.x86_64"/>
    <property name="java.endorsed.dirs" value="/usr/lib/jvm/java-1.8-openjdk/jre/lib/endorsed"/>
    <property name="java.runtime.name" value="OpenJDK Runtime Environment"/>
    <property name="file.encoding" value="UTF-8"/>
    <property name="java.vm.name" value="OpenJDK 64-Bit Server VM"/>
    <property name="test.build.webapps" value=""/>
    <property name="localRepository" value="/home/user/.m2/repository"/>
    <property name="java.vendor.url.bug" value="https://icedtea.classpath.org/bugzilla"/>
    <property name="java.io.tmpdir" value="/tmp"/>
    <property name="require.test.libhadoop" value=""/>
    <property name="java.version" value="1.8.0_212"/>
    <property name="user.dir" value="/workdir/hadoop-ozone/integration-test"/>
    <property name="os.arch" value="amd64"/>
    <property name="java.vm.specification.name" value="Java Virtual Machine Specification"/>
    <property name="test.build.classes" value="/workdir/hadoop-ozone/integration-test/target/test-classes"/>
    <property name="java.awt.printerjob" value="sun.print.PSPrinterJob"/>
    <property name="sun.os.patch.level" value="unknown"/>
    <property name="hadoop.tmp.dir" value="/workdir/hadoop-ozone/integration-test/target/tmp"/>
    <property name="java.library.path" value="/usr/lib/jvm/java-1.8-openjdk/jre/lib/amd64/server:/usr/lib/jvm/java-1.8-openjdk/jre/lib/amd64:/usr/lib/jvm/java-1.8-openjdk/jre/../lib/amd64:/workdir/hadoop-ozone/integration-test/target/native/target/usr/local/lib:/workdir/hadoop-ozone/integration-test/../../hadoop-common-project/hadoop-common/target/native/target/usr/local/lib:/usr/java/packages/lib/amd64:/usr/lib64:/lib64:/lib:/usr/lib"/>
    <property name="java.vm.info" value="mixed mode"/>
    <property name="java.vendor" value="IcedTea"/>
    <property name="java.vm.version" value="25.212-b04"/>
    <property name="java.ext.dirs" value="/usr/lib/jvm/java-1.8-openjdk/jre/lib/ext:/usr/java/packages/lib/ext"/>
    <property name="sun.io.unicode.encoding" value="UnicodeLittle"/>
    <property name="java.class.version" value="52.0"/>
  </properties>
  <testcase name="testFlushChunk" classname="org.apache.hadoop.ozone.client.rpc.TestBlockOutputStream" time="11.39"/>
  <testcase name="testMultiChunkWrite2" classname="org.apache.hadoop.ozone.client.rpc.TestBlockOutputStream" time="0.416"/>
  <testcase name="testMultiChunkWrite" classname="org.apache.hadoop.ozone.client.rpc.TestBlockOutputStream" time="2.842"/>
  <testcase name="testFullBufferCondition" classname="org.apache.hadoop.ozone.client.rpc.TestBlockOutputStream" time="194.138">
    <failure type="java.lang.AssertionError">java.lang.AssertionError
	at org.junit.Assert.fail(Assert.java:86)
	at org.junit.Assert.assertTrue(Assert.java:41)
	at org.junit.Assert.assertTrue(Assert.java:52)
	at org.apache.hadoop.ozone.client.rpc.TestBlockOutputStream.testFullBufferCondition(TestBlockOutputStream.java:515)
	at sun.reflect.NativeMethodAccessorImpl.invoke0(Native Method)
	at sun.reflect.NativeMethodAccessorImpl.invoke(NativeMethodAccessorImpl.java:62)
	at sun.reflect.DelegatingMethodAccessorImpl.invoke(DelegatingMethodAccessorImpl.java:43)
	at java.lang.reflect.Method.invoke(Method.java:498)
	at org.junit.runners.model.FrameworkMethod$1.runReflectiveCall(FrameworkMethod.java:47)
	at org.junit.internal.runners.model.ReflectiveCallable.run(ReflectiveCallable.java:12)
	at org.junit.runners.model.FrameworkMethod.invokeExplosively(FrameworkMethod.java:44)
	at org.junit.internal.runners.statements.InvokeMethod.evaluate(InvokeMethod.java:17)
	at org.junit.runners.ParentRunner.runLeaf(ParentRunner.java:271)
	at org.junit.runners.BlockJUnit4ClassRunner.runChild(BlockJUnit4ClassRunner.java:70)
	at org.junit.runners.BlockJUnit4ClassRunner.runChild(BlockJUnit4ClassRunner.java:50)
	at org.junit.runners.ParentRunner$3.run(ParentRunner.java:238)
	at org.junit.runners.ParentRunner$1.schedule(ParentRunner.java:63)
	at org.junit.runners.ParentRunner.runChildren(ParentRunner.java:236)
	at org.junit.runners.ParentRunner.access$000(ParentRunner.java:53)
	at org.junit.runners.ParentRunner$2.evaluate(ParentRunner.java:229)
	at org.junit.internal.runners.statements.RunBefores.evaluate(RunBefores.java:26)
	at org.junit.internal.runners.statements.RunAfters.evaluate(RunAfters.java:27)
	at org.junit.runners.ParentRunner.run(ParentRunner.java:309)
	at org.apache.maven.surefire.junit4.JUnit4Provider.execute(JUnit4Provider.java:365)
	at org.apache.maven.surefire.junit4.JUnit4Provider.executeWithRerun(JUnit4Provider.java:273)
	at org.apache.maven.surefire.junit4.JUnit4Provider.executeTestSet(JUnit4Provider.java:238)
	at org.apache.maven.surefire.junit4.JUnit4Provider.invoke(JUnit4Provider.java:159)
	at org.apache.maven.surefire.booter.ForkedBooter.invokeProviderInSameClassLoader(ForkedBooter.java:384)
	at org.apache.maven.surefire.booter.ForkedBooter.runSuitesInProcess(ForkedBooter.java:345)
	at org.apache.maven.surefire.booter.ForkedBooter.execute(ForkedBooter.java:126)
	at org.apache.maven.surefire.booter.ForkedBooter.main(ForkedBooter.java:418)
</failure>
    <system-out><![CDATA[2019-09-16 16:13:39,155 [java.util.concurrent.ThreadPoolExecutor$Worker@53f11beb[State = -1, empty queue]] WARN  server.GrpcLogAppender (GrpcLogAppender.java:timeoutAppendRequest(200)) - 8f6ed14e-9847-41b2-84b1-f48134b0885d@group-9D5AAEACE39C->d3f833b2-527d-4ab6-a086-d6ad4a131c32-GrpcLogAppender: appendEntries Timeout, request=8f6ed14e-9847-41b2-84b1-f48134b0885d->d3f833b2-527d-4ab6-a086-d6ad4a131c32#19-t3, previous=(t:3, i:16), leaderCommit=16, initializing? false, entries: size=1, first=(t:3, i:17), STATEMACHINELOGENTRY, client-7C287F4031E3, cid=25
2019-09-16 16:13:39,155 [java.util.concurrent.ThreadPoolExecutor$Worker@761563d2[State = -1, empty queue]] WARN  server.GrpcLogAppender (GrpcLogAppender.java:timeoutAppendRequest(200)) - 8f6ed14e-9847-41b2-84b1-f48134b0885d@group-9D5AAEACE39C->6151a780-4ba7-403b-be5b-70f0763d4a32-GrpcLogAppender: appendEntries Timeout, request=8f6ed14e-9847-41b2-84b1-f48134b0885d->6151a780-4ba7-403b-be5b-70f0763d4a32#19-t3, previous=(t:3, i:16), leaderCommit=16, initializing? false, entries: size=1, first=(t:3, i:17), STATEMACHINELOGENTRY, client-7C287F4031E3, cid=25
2019-09-16 16:13:39,156 [java.util.concurrent.ThreadPoolExecutor$Worker@53f11beb[State = -1, empty queue]] WARN  server.GrpcLogAppender (GrpcLogAppender.java:timeoutAppendRequest(200)) - 8f6ed14e-9847-41b2-84b1-f48134b0885d@group-9D5AAEACE39C->d3f833b2-527d-4ab6-a086-d6ad4a131c32-GrpcLogAppender: appendEntries Timeout, request=8f6ed14e-9847-41b2-84b1-f48134b0885d->d3f833b2-527d-4ab6-a086-d6ad4a131c32#20-t3, previous=(t:3, i:17), leaderCommit=16, initializing? false, entries: size=1, first=(t:3, i:18), STATEMACHINELOGENTRY, client-7C287F4031E3, cid=26
2019-09-16 16:13:39,159 [java.util.concurrent.ThreadPoolExecutor$Worker@761563d2[State = -1, empty queue]] WARN  server.GrpcLogAppender (GrpcLogAppender.java:timeoutAppendRequest(200)) - 8f6ed14e-9847-41b2-84b1-f48134b0885d@group-9D5AAEACE39C->6151a780-4ba7-403b-be5b-70f0763d4a32-GrpcLogAppender: appendEntries Timeout, request=8f6ed14e-9847-41b2-84b1-f48134b0885d->6151a780-4ba7-403b-be5b-70f0763d4a32#20-t3, previous=(t:3, i:17), leaderCommit=16, initializing? false, entries: size=1, first=(t:3, i:18), STATEMACHINELOGENTRY, client-7C287F4031E3, cid=26
2019-09-16 16:13:39,161 [java.util.concurrent.ThreadPoolExecutor$Worker@53f11beb[State = -1, empty queue]] WARN  server.GrpcLogAppender (GrpcLogAppender.java:timeoutAppendRequest(200)) - 8f6ed14e-9847-41b2-84b1-f48134b0885d@group-9D5AAEACE39C->d3f833b2-527d-4ab6-a086-d6ad4a131c32-GrpcLogAppender: appendEntries Timeout, request=8f6ed14e-9847-41b2-84b1-f48134b0885d->d3f833b2-527d-4ab6-a086-d6ad4a131c32#21-t3, previous=(t:3, i:18), leaderCommit=16, initializing? false, entries: size=1, first=(t:3, i:19), STATEMACHINELOGENTRY, client-7C287F4031E3, cid=27
2019-09-16 16:13:39,163 [java.util.concurrent.ThreadPoolExecutor$Worker@761563d2[State = -1, empty queue]] WARN  server.GrpcLogAppender (GrpcLogAppender.java:timeoutAppendRequest(200)) - 8f6ed14e-9847-41b2-84b1-f48134b0885d@group-9D5AAEACE39C->6151a780-4ba7-403b-be5b-70f0763d4a32-GrpcLogAppender: appendEntries Timeout, request=8f6ed14e-9847-41b2-84b1-f48134b0885d->6151a780-4ba7-403b-be5b-70f0763d4a32#21-t3, previous=(t:3, i:18), leaderCommit=16, initializing? false, entries: size=1, first=(t:3, i:19), STATEMACHINELOGENTRY, client-7C287F4031E3, cid=27
2019-09-16 16:13:39,165 [java.util.concurrent.ThreadPoolExecutor$Worker@53f11beb[State = -1, empty queue]] WARN  server.GrpcLogAppender (GrpcLogAppender.java:timeoutAppendRequest(200)) - 8f6ed14e-9847-41b2-84b1-f48134b0885d@group-9D5AAEACE39C->d3f833b2-527d-4ab6-a086-d6ad4a131c32-GrpcLogAppender: appendEntries Timeout, request=8f6ed14e-9847-41b2-84b1-f48134b0885d->d3f833b2-527d-4ab6-a086-d6ad4a131c32#22-t3, previous=(t:3, i:19), leaderCommit=16, initializing? false, entries: size=1, first=(t:3, i:20), STATEMACHINELOGENTRY, client-7C287F4031E3, cid=28
2019-09-16 16:13:39,167 [java.util.concurrent.ThreadPoolExecutor$Worker@761563d2[State = -1, empty queue]] WARN  server.GrpcLogAppender (GrpcLogAppender.java:timeoutAppendRequest(200)) - 8f6ed14e-9847-41b2-84b1-f48134b0885d@group-9D5AAEACE39C->6151a780-4ba7-403b-be5b-70f0763d4a32-GrpcLogAppender: appendEntries Timeout, request=8f6ed14e-9847-41b2-84b1-f48134b0885d->6151a780-4ba7-403b-be5b-70f0763d4a32#22-t3, previous=(t:3, i:19), leaderCommit=16, initializing? false, entries: size=1, first=(t:3, i:20), STATEMACHINELOGENTRY, client-7C287F4031E3, cid=28
2019-09-16 16:13:39,169 [java.util.concurrent.ThreadPoolExecutor$Worker@53f11beb[State = -1, empty queue]] WARN  server.GrpcLogAppender (GrpcLogAppender.java:timeoutAppendRequest(200)) - 8f6ed14e-9847-41b2-84b1-f48134b0885d@group-9D5AAEACE39C->d3f833b2-527d-4ab6-a086-d6ad4a131c32-GrpcLogAppender: appendEntries Timeout, request=8f6ed14e-9847-41b2-84b1-f48134b0885d->d3f833b2-527d-4ab6-a086-d6ad4a131c32#23-t3, previous=(t:3, i:20), leaderCommit=16, initializing? false, entries: size=1, first=(t:3, i:21), STATEMACHINELOGENTRY, client-7C287F4031E3, cid=29
2019-09-16 16:13:39,171 [java.util.concurrent.ThreadPoolExecutor$Worker@761563d2[State = -1, empty queue]] WARN  server.GrpcLogAppender (GrpcLogAppender.java:timeoutAppendRequest(200)) - 8f6ed14e-9847-41b2-84b1-f48134b0885d@group-9D5AAEACE39C->6151a780-4ba7-403b-be5b-70f0763d4a32-GrpcLogAppender: appendEntries Timeout, request=8f6ed14e-9847-41b2-84b1-f48134b0885d->6151a780-4ba7-403b-be5b-70f0763d4a32#23-t3, previous=(t:3, i:20), leaderCommit=16, initializing? false, entries: size=1, first=(t:3, i:21), STATEMACHINELOGENTRY, client-7C287F4031E3, cid=29
2019-09-16 16:13:39,172 [java.util.concurrent.ThreadPoolExecutor$Worker@53f11beb[State = -1, empty queue]] WARN  server.GrpcLogAppender (GrpcLogAppender.java:timeoutAppendRequest(200)) - 8f6ed14e-9847-41b2-84b1-f48134b0885d@group-9D5AAEACE39C->d3f833b2-527d-4ab6-a086-d6ad4a131c32-GrpcLogAppender: appendEntries Timeout, request=8f6ed14e-9847-41b2-84b1-f48134b0885d->d3f833b2-527d-4ab6-a086-d6ad4a131c32#24-t3, previous=(t:3, i:21), leaderCommit=16, initializing? false, entries: size=1, first=(t:3, i:22), STATEMACHINELOGENTRY, client-7C287F4031E3, cid=30
2019-09-16 16:13:39,184 [java.util.concurrent.ThreadPoolExecutor$Worker@761563d2[State = -1, empty queue]] WARN  server.GrpcLogAppender (GrpcLogAppender.java:timeoutAppendRequest(200)) - 8f6ed14e-9847-41b2-84b1-f48134b0885d@group-9D5AAEACE39C->6151a780-4ba7-403b-be5b-70f0763d4a32-GrpcLogAppender: appendEntries Timeout, request=8f6ed14e-9847-41b2-84b1-f48134b0885d->6151a780-4ba7-403b-be5b-70f0763d4a32#24-t3, previous=(t:3, i:21), leaderCommit=16, initializing? false, entries: size=1, first=(t:3, i:22), STATEMACHINELOGENTRY, client-7C287F4031E3, cid=30
2019-09-16 16:13:41,233 [grpc-default-executor-1] INFO  client.GrpcClientProtocolClient (GrpcClientProtocolClient.java:onNext(264)) - client-7C287F4031E3->6151a780-4ba7-403b-be5b-70f0763d4a32: receive RaftClientReply:client-7C287F4031E3->6151a780-4ba7-403b-be5b-70f0763d4a32@group-9D5AAEACE39C, cid=25, FAILED org.apache.ratis.protocol.NotLeaderException: Server 6151a780-4ba7-403b-be5b-70f0763d4a32@group-9D5AAEACE39C is not the leader 8f6ed14e-9847-41b2-84b1-f48134b0885d:192.168.34.47:40491, logIndex=0, commits[6151a780-4ba7-403b-be5b-70f0763d4a32:c16, d3f833b2-527d-4ab6-a086-d6ad4a131c32:c16, 8f6ed14e-9847-41b2-84b1-f48134b0885d:c16]
2019-09-16 16:13:41,661 [java.util.concurrent.ThreadPoolExecutor$Worker@53f11beb[State = -1, empty queue]] WARN  server.GrpcLogAppender (GrpcLogAppender.java:timeoutAppendRequest(200)) - 8f6ed14e-9847-41b2-84b1-f48134b0885d@group-9D5AAEACE39C->d3f833b2-527d-4ab6-a086-d6ad4a131c32-GrpcLogAppender: appendEntries Timeout, request=8f6ed14e-9847-41b2-84b1-f48134b0885d->d3f833b2-527d-4ab6-a086-d6ad4a131c32#25-t3, previous=(t:3, i:22), leaderCommit=16, initializing? false, entries: <empty>
2019-09-16 16:13:41,661 [java.util.concurrent.ThreadPoolExecutor$Worker@761563d2[State = -1, empty queue]] WARN  server.GrpcLogAppender (GrpcLogAppender.java:timeoutAppendRequest(200)) - 8f6ed14e-9847-41b2-84b1-f48134b0885d@group-9D5AAEACE39C->6151a780-4ba7-403b-be5b-70f0763d4a32-GrpcLogAppender: appendEntries Timeout, request=8f6ed14e-9847-41b2-84b1-f48134b0885d->6151a780-4ba7-403b-be5b-70f0763d4a32#25-t3, previous=(t:3, i:22), leaderCommit=16, initializing? false, entries: <empty>
2019-09-16 16:13:44,162 [java.util.concurrent.ThreadPoolExecutor$Worker@53f11beb[State = -1, empty queue]] WARN  server.GrpcLogAppender (GrpcLogAppender.java:timeoutAppendRequest(200)) - 8f6ed14e-9847-41b2-84b1-f48134b0885d@group-9D5AAEACE39C->d3f833b2-527d-4ab6-a086-d6ad4a131c32-GrpcLogAppender: appendEntries Timeout, request=8f6ed14e-9847-41b2-84b1-f48134b0885d->d3f833b2-527d-4ab6-a086-d6ad4a131c32#26-t3, previous=(t:3, i:22), leaderCommit=16, initializing? false, entries: <empty>
2019-09-16 16:13:44,162 [java.util.concurrent.ThreadPoolExecutor$Worker@761563d2[State = -1, empty queue]] WARN  server.GrpcLogAppender (GrpcLogAppender.java:timeoutAppendRequest(200)) - 8f6ed14e-9847-41b2-84b1-f48134b0885d@group-9D5AAEACE39C->6151a780-4ba7-403b-be5b-70f0763d4a32-GrpcLogAppender: appendEntries Timeout, request=8f6ed14e-9847-41b2-84b1-f48134b0885d->6151a780-4ba7-403b-be5b-70f0763d4a32#26-t3, previous=(t:3, i:22), leaderCommit=16, initializing? false, entries: <empty>
2019-09-16 16:13:46,278 [grpc-default-executor-1] INFO  client.GrpcClientProtocolClient (GrpcClientProtocolClient.java:onNext(264)) - client-7C287F4031E3->6151a780-4ba7-403b-be5b-70f0763d4a32: receive RaftClientReply:client-7C287F4031E3->6151a780-4ba7-403b-be5b-70f0763d4a32@group-9D5AAEACE39C, cid=25, FAILED org.apache.ratis.protocol.NotLeaderException: Server 6151a780-4ba7-403b-be5b-70f0763d4a32@group-9D5AAEACE39C is not the leader 8f6ed14e-9847-41b2-84b1-f48134b0885d:192.168.34.47:40491, logIndex=0, commits[6151a780-4ba7-403b-be5b-70f0763d4a32:c16, d3f833b2-527d-4ab6-a086-d6ad4a131c32:c16, 8f6ed14e-9847-41b2-84b1-f48134b0885d:c16]
2019-09-16 16:13:46,291 [6151a780-4ba7-403b-be5b-70f0763d4a32@group-9D5AAEACE39C-SegmentedRaftLogWorker] WARN  segmented.SegmentedRaftLogWorker (SegmentedRaftLogWorker.java:getFromFuture(90)) - Timeout 0/~
org.apache.ratis.protocol.TimeoutIOException: Timeout 10s: WriteLog:18: (t:3, i:18), STATEMACHINELOGENTRY, client-7C287F4031E3, cid=26-writeStateMachineData
	at org.apache.ratis.util.IOUtils.getFromFuture(IOUtils.java:87)
	at org.apache.ratis.server.raftlog.segmented.SegmentedRaftLogWorker$StateMachineDataPolicy.getFromFuture(SegmentedRaftLogWorker.java:87)
	at org.apache.ratis.server.raftlog.segmented.SegmentedRaftLogWorker$WriteLog.execute(SegmentedRaftLogWorker.java:477)
	at org.apache.ratis.server.raftlog.segmented.SegmentedRaftLogWorker.run(SegmentedRaftLogWorker.java:289)
	at java.lang.Thread.run(Thread.java:748)
Caused by: java.util.concurrent.TimeoutException
	at java.util.concurrent.CompletableFuture.timedGet(CompletableFuture.java:1771)
	at java.util.concurrent.CompletableFuture.get(CompletableFuture.java:1915)
	at org.apache.ratis.util.IOUtils.getFromFuture(IOUtils.java:79)
	... 4 more
2019-09-16 16:13:46,291 [8f6ed14e-9847-41b2-84b1-f48134b0885d@group-9D5AAEACE39C-SegmentedRaftLogWorker] WARN  segmented.SegmentedRaftLogWorker (SegmentedRaftLogWorker.java:getFromFuture(90)) - Timeout 0/~
org.apache.ratis.protocol.TimeoutIOException: Timeout 10s: WriteLog:18: (t:3, i:18), STATEMACHINELOGENTRY, client-7C287F4031E3, cid=26-writeStateMachineData
	at org.apache.ratis.util.IOUtils.getFromFuture(IOUtils.java:87)
	at org.apache.ratis.server.raftlog.segmented.SegmentedRaftLogWorker$StateMachineDataPolicy.getFromFuture(SegmentedRaftLogWorker.java:87)
	at org.apache.ratis.server.raftlog.segmented.SegmentedRaftLogWorker$WriteLog.execute(SegmentedRaftLogWorker.java:477)
	at org.apache.ratis.server.raftlog.segmented.SegmentedRaftLogWorker.run(SegmentedRaftLogWorker.java:289)
	at java.lang.Thread.run(Thread.java:748)
Caused by: java.util.concurrent.TimeoutException
	at java.util.concurrent.CompletableFuture.timedGet(CompletableFuture.java:1771)
	at java.util.concurrent.CompletableFuture.get(CompletableFuture.java:1915)
	at org.apache.ratis.util.IOUtils.getFromFuture(IOUtils.java:79)
	... 4 more
2019-09-16 16:13:46,291 [d3f833b2-527d-4ab6-a086-d6ad4a131c32@group-9D5AAEACE39C-SegmentedRaftLogWorker] WARN  segmented.SegmentedRaftLogWorker (SegmentedRaftLogWorker.java:getFromFuture(90)) - Timeout 0/~
org.apache.ratis.protocol.TimeoutIOException: Timeout 10s: WriteLog:18: (t:3, i:18), STATEMACHINELOGENTRY, client-7C287F4031E3, cid=26-writeStateMachineData
	at org.apache.ratis.util.IOUtils.getFromFuture(IOUtils.java:87)
	at org.apache.ratis.server.raftlog.segmented.SegmentedRaftLogWorker$StateMachineDataPolicy.getFromFuture(SegmentedRaftLogWorker.java:87)
	at org.apache.ratis.server.raftlog.segmented.SegmentedRaftLogWorker$WriteLog.execute(SegmentedRaftLogWorker.java:477)
	at org.apache.ratis.server.raftlog.segmented.SegmentedRaftLogWorker.run(SegmentedRaftLogWorker.java:289)
	at java.lang.Thread.run(Thread.java:748)
Caused by: java.util.concurrent.TimeoutException
	at java.util.concurrent.CompletableFuture.timedGet(CompletableFuture.java:1771)
	at java.util.concurrent.CompletableFuture.get(CompletableFuture.java:1915)
	at org.apache.ratis.util.IOUtils.getFromFuture(IOUtils.java:79)
	... 4 more
2019-09-16 16:13:46,662 [java.util.concurrent.ThreadPoolExecutor$Worker@761563d2[State = -1, empty queue]] WARN  server.GrpcLogAppender (GrpcLogAppender.java:timeoutAppendRequest(200)) - 8f6ed14e-9847-41b2-84b1-f48134b0885d@group-9D5AAEACE39C->6151a780-4ba7-403b-be5b-70f0763d4a32-GrpcLogAppender: appendEntries Timeout, request=8f6ed14e-9847-41b2-84b1-f48134b0885d->6151a780-4ba7-403b-be5b-70f0763d4a32#27-t3, previous=(t:3, i:22), leaderCommit=16, initializing? false, entries: <empty>
2019-09-16 16:13:46,662 [java.util.concurrent.ThreadPoolExecutor$Worker@53f11beb[State = -1, empty queue]] WARN  server.GrpcLogAppender (GrpcLogAppender.java:timeoutAppendRequest(200)) - 8f6ed14e-9847-41b2-84b1-f48134b0885d@group-9D5AAEACE39C->d3f833b2-527d-4ab6-a086-d6ad4a131c32-GrpcLogAppender: appendEntries Timeout, request=8f6ed14e-9847-41b2-84b1-f48134b0885d->d3f833b2-527d-4ab6-a086-d6ad4a131c32#27-t3, previous=(t:3, i:22), leaderCommit=16, initializing? false, entries: <empty>
2019-09-16 16:13:49,163 [java.util.concurrent.ThreadPoolExecutor$Worker@53f11beb[State = -1, empty queue]] WARN  server.GrpcLogAppender (GrpcLogAppender.java:timeoutAppendRequest(200)) - 8f6ed14e-9847-41b2-84b1-f48134b0885d@group-9D5AAEACE39C->d3f833b2-527d-4ab6-a086-d6ad4a131c32-GrpcLogAppender: appendEntries Timeout, request=8f6ed14e-9847-41b2-84b1-f48134b0885d->d3f833b2-527d-4ab6-a086-d6ad4a131c32#28-t3, previous=(t:3, i:22), leaderCommit=16, initializing? false, entries: <empty>
2019-09-16 16:13:49,163 [java.util.concurrent.ThreadPoolExecutor$Worker@761563d2[State = -1, empty queue]] WARN  server.GrpcLogAppender (GrpcLogAppender.java:timeoutAppendRequest(200)) - 8f6ed14e-9847-41b2-84b1-f48134b0885d@group-9D5AAEACE39C->6151a780-4ba7-403b-be5b-70f0763d4a32-GrpcLogAppender: appendEntries Timeout, request=8f6ed14e-9847-41b2-84b1-f48134b0885d->6151a780-4ba7-403b-be5b-70f0763d4a32#28-t3, previous=(t:3, i:22), leaderCommit=16, initializing? false, entries: <empty>
2019-09-16 16:13:51,334 [grpc-default-executor-2] INFO  client.GrpcClientProtocolClient (GrpcClientProtocolClient.java:onNext(264)) - client-7C287F4031E3->6151a780-4ba7-403b-be5b-70f0763d4a32: receive RaftClientReply:client-7C287F4031E3->6151a780-4ba7-403b-be5b-70f0763d4a32@group-9D5AAEACE39C, cid=25, FAILED org.apache.ratis.protocol.NotLeaderException: Server 6151a780-4ba7-403b-be5b-70f0763d4a32@group-9D5AAEACE39C is not the leader 8f6ed14e-9847-41b2-84b1-f48134b0885d:192.168.34.47:40491, logIndex=0, commits[6151a780-4ba7-403b-be5b-70f0763d4a32:c16, d3f833b2-527d-4ab6-a086-d6ad4a131c32:c16, 8f6ed14e-9847-41b2-84b1-f48134b0885d:c16]
2019-09-16 16:13:51,664 [java.util.concurrent.ThreadPoolExecutor$Worker@761563d2[State = -1, empty queue]] WARN  server.GrpcLogAppender (GrpcLogAppender.java:timeoutAppendRequest(200)) - 8f6ed14e-9847-41b2-84b1-f48134b0885d@group-9D5AAEACE39C->6151a780-4ba7-403b-be5b-70f0763d4a32-GrpcLogAppender: appendEntries Timeout, request=8f6ed14e-9847-41b2-84b1-f48134b0885d->6151a780-4ba7-403b-be5b-70f0763d4a32#29-t3, previous=(t:3, i:22), leaderCommit=16, initializing? false, entries: <empty>
2019-09-16 16:13:51,664 [java.util.concurrent.ThreadPoolExecutor$Worker@53f11beb[State = -1, empty queue]] WARN  server.GrpcLogAppender (GrpcLogAppender.java:timeoutAppendRequest(200)) - 8f6ed14e-9847-41b2-84b1-f48134b0885d@group-9D5AAEACE39C->d3f833b2-527d-4ab6-a086-d6ad4a131c32-GrpcLogAppender: appendEntries Timeout, request=8f6ed14e-9847-41b2-84b1-f48134b0885d->d3f833b2-527d-4ab6-a086-d6ad4a131c32#29-t3, previous=(t:3, i:22), leaderCommit=16, initializing? false, entries: <empty>
2019-09-16 16:13:54,164 [java.util.concurrent.ThreadPoolExecutor$Worker@53f11beb[State = -1, empty queue]] WARN  server.GrpcLogAppender (GrpcLogAppender.java:timeoutAppendRequest(200)) - 8f6ed14e-9847-41b2-84b1-f48134b0885d@group-9D5AAEACE39C->d3f833b2-527d-4ab6-a086-d6ad4a131c32-GrpcLogAppender: appendEntries Timeout, request=8f6ed14e-9847-41b2-84b1-f48134b0885d->d3f833b2-527d-4ab6-a086-d6ad4a131c32#30-t3, previous=(t:3, i:22), leaderCommit=16, initializing? false, entries: <empty>
2019-09-16 16:13:54,164 [java.util.concurrent.ThreadPoolExecutor$Worker@761563d2[State = -1, empty queue]] WARN  server.GrpcLogAppender (GrpcLogAppender.java:timeoutAppendRequest(200)) - 8f6ed14e-9847-41b2-84b1-f48134b0885d@group-9D5AAEACE39C->6151a780-4ba7-403b-be5b-70f0763d4a32-GrpcLogAppender: appendEntries Timeout, request=8f6ed14e-9847-41b2-84b1-f48134b0885d->6151a780-4ba7-403b-be5b-70f0763d4a32#30-t3, previous=(t:3, i:22), leaderCommit=16, initializing? false, entries: <empty>
2019-09-16 16:13:56,294 [6151a780-4ba7-403b-be5b-70f0763d4a32@group-9D5AAEACE39C-SegmentedRaftLogWorker] WARN  segmented.SegmentedRaftLogWorker (SegmentedRaftLogWorker.java:getFromFuture(90)) - Timeout 1/~
org.apache.ratis.protocol.TimeoutIOException: Timeout 10s: WriteLog:18: (t:3, i:18), STATEMACHINELOGENTRY, client-7C287F4031E3, cid=26-writeStateMachineData
	at org.apache.ratis.util.IOUtils.getFromFuture(IOUtils.java:87)
	at org.apache.ratis.server.raftlog.segmented.SegmentedRaftLogWorker$StateMachineDataPolicy.getFromFuture(SegmentedRaftLogWorker.java:87)
	at org.apache.ratis.server.raftlog.segmented.SegmentedRaftLogWorker$WriteLog.execute(SegmentedRaftLogWorker.java:477)
	at org.apache.ratis.server.raftlog.segmented.SegmentedRaftLogWorker.run(SegmentedRaftLogWorker.java:289)
	at java.lang.Thread.run(Thread.java:748)
Caused by: java.util.concurrent.TimeoutException
	at java.util.concurrent.CompletableFuture.timedGet(CompletableFuture.java:1771)
	at java.util.concurrent.CompletableFuture.get(CompletableFuture.java:1915)
	at org.apache.ratis.util.IOUtils.getFromFuture(IOUtils.java:79)
	... 4 more
2019-09-16 16:13:56,296 [8f6ed14e-9847-41b2-84b1-f48134b0885d@group-9D5AAEACE39C-SegmentedRaftLogWorker] WARN  segmented.SegmentedRaftLogWorker (SegmentedRaftLogWorker.java:getFromFuture(90)) - Timeout 1/~
org.apache.ratis.protocol.TimeoutIOException: Timeout 10s: WriteLog:18: (t:3, i:18), STATEMACHINELOGENTRY, client-7C287F4031E3, cid=26-writeStateMachineData
	at org.apache.ratis.util.IOUtils.getFromFuture(IOUtils.java:87)
	at org.apache.ratis.server.raftlog.segmented.SegmentedRaftLogWorker$StateMachineDataPolicy.getFromFuture(SegmentedRaftLogWorker.java:87)
	at org.apache.ratis.server.raftlog.segmented.SegmentedRaftLogWorker$WriteLog.execute(SegmentedRaftLogWorker.java:477)
	at org.apache.ratis.server.raftlog.segmented.SegmentedRaftLogWorker.run(SegmentedRaftLogWorker.java:289)
	at java.lang.Thread.run(Thread.java:748)
Caused by: java.util.concurrent.TimeoutException
	at java.util.concurrent.CompletableFuture.timedGet(CompletableFuture.java:1771)
	at java.util.concurrent.CompletableFuture.get(CompletableFuture.java:1915)
	at org.apache.ratis.util.IOUtils.getFromFuture(IOUtils.java:79)
	... 4 more
2019-09-16 16:13:56,296 [d3f833b2-527d-4ab6-a086-d6ad4a131c32@group-9D5AAEACE39C-SegmentedRaftLogWorker] WARN  segmented.SegmentedRaftLogWorker (SegmentedRaftLogWorker.java:getFromFuture(90)) - Timeout 1/~
org.apache.ratis.protocol.TimeoutIOException: Timeout 10s: WriteLog:18: (t:3, i:18), STATEMACHINELOGENTRY, client-7C287F4031E3, cid=26-writeStateMachineData
	at org.apache.ratis.util.IOUtils.getFromFuture(IOUtils.java:87)
	at org.apache.ratis.server.raftlog.segmented.SegmentedRaftLogWorker$StateMachineDataPolicy.getFromFuture(SegmentedRaftLogWorker.java:87)
	at org.apache.ratis.server.raftlog.segmented.SegmentedRaftLogWorker$WriteLog.execute(SegmentedRaftLogWorker.java:477)
	at org.apache.ratis.server.raftlog.segmented.SegmentedRaftLogWorker.run(SegmentedRaftLogWorker.java:289)
	at java.lang.Thread.run(Thread.java:748)
Caused by: java.util.concurrent.TimeoutException
	at java.util.concurrent.CompletableFuture.timedGet(CompletableFuture.java:1771)
	at java.util.concurrent.CompletableFuture.get(CompletableFuture.java:1915)
	at org.apache.ratis.util.IOUtils.getFromFuture(IOUtils.java:79)
	... 4 more
2019-09-16 16:13:56,397 [grpc-default-executor-2] INFO  client.GrpcClientProtocolClient (GrpcClientProtocolClient.java:onNext(264)) - client-7C287F4031E3->6151a780-4ba7-403b-be5b-70f0763d4a32: receive RaftClientReply:client-7C287F4031E3->6151a780-4ba7-403b-be5b-70f0763d4a32@group-9D5AAEACE39C, cid=25, FAILED org.apache.ratis.protocol.NotLeaderException: Server 6151a780-4ba7-403b-be5b-70f0763d4a32@group-9D5AAEACE39C is not the leader 8f6ed14e-9847-41b2-84b1-f48134b0885d:192.168.34.47:40491, logIndex=0, commits[6151a780-4ba7-403b-be5b-70f0763d4a32:c16, d3f833b2-527d-4ab6-a086-d6ad4a131c32:c16, 8f6ed14e-9847-41b2-84b1-f48134b0885d:c16]
2019-09-16 16:13:56,665 [java.util.concurrent.ThreadPoolExecutor$Worker@53f11beb[State = -1, empty queue]] WARN  server.GrpcLogAppender (GrpcLogAppender.java:timeoutAppendRequest(200)) - 8f6ed14e-9847-41b2-84b1-f48134b0885d@group-9D5AAEACE39C->d3f833b2-527d-4ab6-a086-d6ad4a131c32-GrpcLogAppender: appendEntries Timeout, request=8f6ed14e-9847-41b2-84b1-f48134b0885d->d3f833b2-527d-4ab6-a086-d6ad4a131c32#31-t3, previous=(t:3, i:22), leaderCommit=16, initializing? false, entries: <empty>
2019-09-16 16:13:56,665 [java.util.concurrent.ThreadPoolExecutor$Worker@761563d2[State = -1, empty queue]] WARN  server.GrpcLogAppender (GrpcLogAppender.java:timeoutAppendRequest(200)) - 8f6ed14e-9847-41b2-84b1-f48134b0885d@group-9D5AAEACE39C->6151a780-4ba7-403b-be5b-70f0763d4a32-GrpcLogAppender: appendEntries Timeout, request=8f6ed14e-9847-41b2-84b1-f48134b0885d->6151a780-4ba7-403b-be5b-70f0763d4a32#31-t3, previous=(t:3, i:22), leaderCommit=16, initializing? false, entries: <empty>
2019-09-16 16:13:59,166 [java.util.concurrent.ThreadPoolExecutor$Worker@53f11beb[State = -1, empty queue]] WARN  server.GrpcLogAppender (GrpcLogAppender.java:timeoutAppendRequest(200)) - 8f6ed14e-9847-41b2-84b1-f48134b0885d@group-9D5AAEACE39C->d3f833b2-527d-4ab6-a086-d6ad4a131c32-GrpcLogAppender: appendEntries Timeout, request=8f6ed14e-9847-41b2-84b1-f48134b0885d->d3f833b2-527d-4ab6-a086-d6ad4a131c32#32-t3, previous=(t:3, i:22), leaderCommit=16, initializing? false, entries: <empty>
2019-09-16 16:13:59,166 [java.util.concurrent.ThreadPoolExecutor$Worker@761563d2[State = -1, empty queue]] WARN  server.GrpcLogAppender (GrpcLogAppender.java:timeoutAppendRequest(200)) - 8f6ed14e-9847-41b2-84b1-f48134b0885d@group-9D5AAEACE39C->6151a780-4ba7-403b-be5b-70f0763d4a32-GrpcLogAppender: appendEntries Timeout, request=8f6ed14e-9847-41b2-84b1-f48134b0885d->6151a780-4ba7-403b-be5b-70f0763d4a32#32-t3, previous=(t:3, i:22), leaderCommit=16, initializing? false, entries: <empty>
2019-09-16 16:14:01,461 [grpc-default-executor-1] INFO  client.GrpcClientProtocolClient (GrpcClientProtocolClient.java:onNext(264)) - client-7C287F4031E3->6151a780-4ba7-403b-be5b-70f0763d4a32: receive RaftClientReply:client-7C287F4031E3->6151a780-4ba7-403b-be5b-70f0763d4a32@group-9D5AAEACE39C, cid=25, FAILED org.apache.ratis.protocol.NotLeaderException: Server 6151a780-4ba7-403b-be5b-70f0763d4a32@group-9D5AAEACE39C is not the leader 8f6ed14e-9847-41b2-84b1-f48134b0885d:192.168.34.47:40491, logIndex=0, commits[6151a780-4ba7-403b-be5b-70f0763d4a32:c16, d3f833b2-527d-4ab6-a086-d6ad4a131c32:c16, 8f6ed14e-9847-41b2-84b1-f48134b0885d:c16]
2019-09-16 16:14:01,666 [java.util.concurrent.ThreadPoolExecutor$Worker@761563d2[State = -1, empty queue]] WARN  server.GrpcLogAppender (GrpcLogAppender.java:timeoutAppendRequest(200)) - 8f6ed14e-9847-41b2-84b1-f48134b0885d@group-9D5AAEACE39C->6151a780-4ba7-403b-be5b-70f0763d4a32-GrpcLogAppender: appendEntries Timeout, request=8f6ed14e-9847-41b2-84b1-f48134b0885d->6151a780-4ba7-403b-be5b-70f0763d4a32#33-t3, previous=(t:3, i:22), leaderCommit=16, initializing? false, entries: <empty>
2019-09-16 16:14:01,666 [java.util.concurrent.ThreadPoolExecutor$Worker@53f11beb[State = -1, empty queue]] WARN  server.GrpcLogAppender (GrpcLogAppender.java:timeoutAppendRequest(200)) - 8f6ed14e-9847-41b2-84b1-f48134b0885d@group-9D5AAEACE39C->d3f833b2-527d-4ab6-a086-d6ad4a131c32-GrpcLogAppender: appendEntries Timeout, request=8f6ed14e-9847-41b2-84b1-f48134b0885d->d3f833b2-527d-4ab6-a086-d6ad4a131c32#33-t3, previous=(t:3, i:22), leaderCommit=16, initializing? false, entries: <empty>
2019-09-16 16:14:04,167 [java.util.concurrent.ThreadPoolExecutor$Worker@761563d2[State = -1, empty queue]] WARN  server.GrpcLogAppender (GrpcLogAppender.java:timeoutAppendRequest(200)) - 8f6ed14e-9847-41b2-84b1-f48134b0885d@group-9D5AAEACE39C->6151a780-4ba7-403b-be5b-70f0763d4a32-GrpcLogAppender: appendEntries Timeout, request=8f6ed14e-9847-41b2-84b1-f48134b0885d->6151a780-4ba7-403b-be5b-70f0763d4a32#34-t3, previous=(t:3, i:22), leaderCommit=16, initializing? false, entries: <empty>
2019-09-16 16:14:04,167 [java.util.concurrent.ThreadPoolExecutor$Worker@53f11beb[State = -1, empty queue]] WARN  server.GrpcLogAppender (GrpcLogAppender.java:timeoutAppendRequest(200)) - 8f6ed14e-9847-41b2-84b1-f48134b0885d@group-9D5AAEACE39C->d3f833b2-527d-4ab6-a086-d6ad4a131c32-GrpcLogAppender: appendEntries Timeout, request=8f6ed14e-9847-41b2-84b1-f48134b0885d->d3f833b2-527d-4ab6-a086-d6ad4a131c32#34-t3, previous=(t:3, i:22), leaderCommit=16, initializing? false, entries: <empty>
2019-09-16 16:14:06,295 [6151a780-4ba7-403b-be5b-70f0763d4a32@group-9D5AAEACE39C-SegmentedRaftLogWorker] WARN  segmented.SegmentedRaftLogWorker (SegmentedRaftLogWorker.java:getFromFuture(90)) - Timeout 2/~
org.apache.ratis.protocol.TimeoutIOException: Timeout 10s: WriteLog:18: (t:3, i:18), STATEMACHINELOGENTRY, client-7C287F4031E3, cid=26-writeStateMachineData
	at org.apache.ratis.util.IOUtils.getFromFuture(IOUtils.java:87)
	at org.apache.ratis.server.raftlog.segmented.SegmentedRaftLogWorker$StateMachineDataPolicy.getFromFuture(SegmentedRaftLogWorker.java:87)
	at org.apache.ratis.server.raftlog.segmented.SegmentedRaftLogWorker$WriteLog.execute(SegmentedRaftLogWorker.java:477)
	at org.apache.ratis.server.raftlog.segmented.SegmentedRaftLogWorker.run(SegmentedRaftLogWorker.java:289)
	at java.lang.Thread.run(Thread.java:748)
Caused by: java.util.concurrent.TimeoutException
	at java.util.concurrent.CompletableFuture.timedGet(CompletableFuture.java:1771)
	at java.util.concurrent.CompletableFuture.get(CompletableFuture.java:1915)
	at org.apache.ratis.util.IOUtils.getFromFuture(IOUtils.java:79)
	... 4 more
2019-09-16 16:14:06,296 [8f6ed14e-9847-41b2-84b1-f48134b0885d@group-9D5AAEACE39C-SegmentedRaftLogWorker] WARN  segmented.SegmentedRaftLogWorker (SegmentedRaftLogWorker.java:getFromFuture(90)) - Timeout 2/~
org.apache.ratis.protocol.TimeoutIOException: Timeout 10s: WriteLog:18: (t:3, i:18), STATEMACHINELOGENTRY, client-7C287F4031E3, cid=26-writeStateMachineData
	at org.apache.ratis.util.IOUtils.getFromFuture(IOUtils.java:87)
	at org.apache.ratis.server.raftlog.segmented.SegmentedRaftLogWorker$StateMachineDataPolicy.getFromFuture(SegmentedRaftLogWorker.java:87)
	at org.apache.ratis.server.raftlog.segmented.SegmentedRaftLogWorker$WriteLog.execute(SegmentedRaftLogWorker.java:477)
	at org.apache.ratis.server.raftlog.segmented.SegmentedRaftLogWorker.run(SegmentedRaftLogWorker.java:289)
	at java.lang.Thread.run(Thread.java:748)
Caused by: java.util.concurrent.TimeoutException
	at java.util.concurrent.CompletableFuture.timedGet(CompletableFuture.java:1771)
	at java.util.concurrent.CompletableFuture.get(CompletableFuture.java:1915)
	at org.apache.ratis.util.IOUtils.getFromFuture(IOUtils.java:79)
	... 4 more
2019-09-16 16:14:06,297 [d3f833b2-527d-4ab6-a086-d6ad4a131c32@group-9D5AAEACE39C-SegmentedRaftLogWorker] WARN  segmented.SegmentedRaftLogWorker (SegmentedRaftLogWorker.java:getFromFuture(90)) - Timeout 2/~
org.apache.ratis.protocol.TimeoutIOException: Timeout 10s: WriteLog:18: (t:3, i:18), STATEMACHINELOGENTRY, client-7C287F4031E3, cid=26-writeStateMachineData
	at org.apache.ratis.util.IOUtils.getFromFuture(IOUtils.java:87)
	at org.apache.ratis.server.raftlog.segmented.SegmentedRaftLogWorker$StateMachineDataPolicy.getFromFuture(SegmentedRaftLogWorker.java:87)
	at org.apache.ratis.server.raftlog.segmented.SegmentedRaftLogWorker$WriteLog.execute(SegmentedRaftLogWorker.java:477)
	at org.apache.ratis.server.raftlog.segmented.SegmentedRaftLogWorker.run(SegmentedRaftLogWorker.java:289)
	at java.lang.Thread.run(Thread.java:748)
Caused by: java.util.concurrent.TimeoutException
	at java.util.concurrent.CompletableFuture.timedGet(CompletableFuture.java:1771)
	at java.util.concurrent.CompletableFuture.get(CompletableFuture.java:1915)
	at org.apache.ratis.util.IOUtils.getFromFuture(IOUtils.java:79)
	... 4 more
2019-09-16 16:14:06,502 [grpc-default-executor-2] INFO  client.GrpcClientProtocolClient (GrpcClientProtocolClient.java:onNext(264)) - client-7C287F4031E3->6151a780-4ba7-403b-be5b-70f0763d4a32: receive RaftClientReply:client-7C287F4031E3->6151a780-4ba7-403b-be5b-70f0763d4a32@group-9D5AAEACE39C, cid=25, FAILED org.apache.ratis.protocol.NotLeaderException: Server 6151a780-4ba7-403b-be5b-70f0763d4a32@group-9D5AAEACE39C is not the leader 8f6ed14e-9847-41b2-84b1-f48134b0885d:192.168.34.47:40491, logIndex=0, commits[6151a780-4ba7-403b-be5b-70f0763d4a32:c16, d3f833b2-527d-4ab6-a086-d6ad4a131c32:c16, 8f6ed14e-9847-41b2-84b1-f48134b0885d:c16]
2019-09-16 16:14:06,667 [java.util.concurrent.ThreadPoolExecutor$Worker@761563d2[State = -1, empty queue]] WARN  server.GrpcLogAppender (GrpcLogAppender.java:timeoutAppendRequest(200)) - 8f6ed14e-9847-41b2-84b1-f48134b0885d@group-9D5AAEACE39C->6151a780-4ba7-403b-be5b-70f0763d4a32-GrpcLogAppender: appendEntries Timeout, request=8f6ed14e-9847-41b2-84b1-f48134b0885d->6151a780-4ba7-403b-be5b-70f0763d4a32#35-t3, previous=(t:3, i:22), leaderCommit=16, initializing? false, entries: <empty>
2019-09-16 16:14:06,667 [java.util.concurrent.ThreadPoolExecutor$Worker@53f11beb[State = -1, empty queue]] WARN  server.GrpcLogAppender (GrpcLogAppender.java:timeoutAppendRequest(200)) - 8f6ed14e-9847-41b2-84b1-f48134b0885d@group-9D5AAEACE39C->d3f833b2-527d-4ab6-a086-d6ad4a131c32-GrpcLogAppender: appendEntries Timeout, request=8f6ed14e-9847-41b2-84b1-f48134b0885d->d3f833b2-527d-4ab6-a086-d6ad4a131c32#35-t3, previous=(t:3, i:22), leaderCommit=16, initializing? false, entries: <empty>
2019-09-16 16:14:09,168 [java.util.concurrent.ThreadPoolExecutor$Worker@761563d2[State = -1, empty queue]] WARN  server.GrpcLogAppender (GrpcLogAppender.java:timeoutAppendRequest(200)) - 8f6ed14e-9847-41b2-84b1-f48134b0885d@group-9D5AAEACE39C->6151a780-4ba7-403b-be5b-70f0763d4a32-GrpcLogAppender: appendEntries Timeout, request=8f6ed14e-9847-41b2-84b1-f48134b0885d->6151a780-4ba7-403b-be5b-70f0763d4a32#36-t3, previous=(t:3, i:22), leaderCommit=16, initializing? false, entries: <empty>
2019-09-16 16:14:09,168 [java.util.concurrent.ThreadPoolExecutor$Worker@53f11beb[State = -1, empty queue]] WARN  server.GrpcLogAppender (GrpcLogAppender.java:timeoutAppendRequest(200)) - 8f6ed14e-9847-41b2-84b1-f48134b0885d@group-9D5AAEACE39C->d3f833b2-527d-4ab6-a086-d6ad4a131c32-GrpcLogAppender: appendEntries Timeout, request=8f6ed14e-9847-41b2-84b1-f48134b0885d->d3f833b2-527d-4ab6-a086-d6ad4a131c32#36-t3, previous=(t:3, i:22), leaderCommit=16, initializing? false, entries: <empty>
2019-09-16 16:14:11,545 [grpc-default-executor-1] INFO  client.GrpcClientProtocolClient (GrpcClientProtocolClient.java:onNext(264)) - client-7C287F4031E3->d3f833b2-527d-4ab6-a086-d6ad4a131c32: receive RaftClientReply:client-7C287F4031E3->d3f833b2-527d-4ab6-a086-d6ad4a131c32@group-9D5AAEACE39C, cid=25, FAILED org.apache.ratis.protocol.NotLeaderException: Server d3f833b2-527d-4ab6-a086-d6ad4a131c32@group-9D5AAEACE39C is not the leader 8f6ed14e-9847-41b2-84b1-f48134b0885d:192.168.34.47:40491, logIndex=0, commits[d3f833b2-527d-4ab6-a086-d6ad4a131c32:c16, 6151a780-4ba7-403b-be5b-70f0763d4a32:c16, 8f6ed14e-9847-41b2-84b1-f48134b0885d:c16]
2019-09-16 16:14:11,668 [java.util.concurrent.ThreadPoolExecutor$Worker@761563d2[State = -1, empty queue]] WARN  server.GrpcLogAppender (GrpcLogAppender.java:timeoutAppendRequest(200)) - 8f6ed14e-9847-41b2-84b1-f48134b0885d@group-9D5AAEACE39C->6151a780-4ba7-403b-be5b-70f0763d4a32-GrpcLogAppender: appendEntries Timeout, request=8f6ed14e-9847-41b2-84b1-f48134b0885d->6151a780-4ba7-403b-be5b-70f0763d4a32#37-t3, previous=(t:3, i:22), leaderCommit=16, initializing? false, entries: <empty>
2019-09-16 16:14:11,668 [java.util.concurrent.ThreadPoolExecutor$Worker@53f11beb[State = -1, empty queue]] WARN  server.GrpcLogAppender (GrpcLogAppender.java:timeoutAppendRequest(200)) - 8f6ed14e-9847-41b2-84b1-f48134b0885d@group-9D5AAEACE39C->d3f833b2-527d-4ab6-a086-d6ad4a131c32-GrpcLogAppender: appendEntries Timeout, request=8f6ed14e-9847-41b2-84b1-f48134b0885d->d3f833b2-527d-4ab6-a086-d6ad4a131c32#37-t3, previous=(t:3, i:22), leaderCommit=16, initializing? false, entries: <empty>
2019-09-16 16:14:14,169 [java.util.concurrent.ThreadPoolExecutor$Worker@761563d2[State = -1, empty queue]] WARN  server.GrpcLogAppender (GrpcLogAppender.java:timeoutAppendRequest(200)) - 8f6ed14e-9847-41b2-84b1-f48134b0885d@group-9D5AAEACE39C->6151a780-4ba7-403b-be5b-70f0763d4a32-GrpcLogAppender: appendEntries Timeout, request=8f6ed14e-9847-41b2-84b1-f48134b0885d->6151a780-4ba7-403b-be5b-70f0763d4a32#38-t3, previous=(t:3, i:22), leaderCommit=16, initializing? false, entries: <empty>
2019-09-16 16:14:14,169 [java.util.concurrent.ThreadPoolExecutor$Worker@53f11beb[State = -1, empty queue]] WARN  server.GrpcLogAppender (GrpcLogAppender.java:timeoutAppendRequest(200)) - 8f6ed14e-9847-41b2-84b1-f48134b0885d@group-9D5AAEACE39C->d3f833b2-527d-4ab6-a086-d6ad4a131c32-GrpcLogAppender: appendEntries Timeout, request=8f6ed14e-9847-41b2-84b1-f48134b0885d->d3f833b2-527d-4ab6-a086-d6ad4a131c32#38-t3, previous=(t:3, i:22), leaderCommit=16, initializing? false, entries: <empty>
2019-09-16 16:14:16,296 [6151a780-4ba7-403b-be5b-70f0763d4a32@group-9D5AAEACE39C-SegmentedRaftLogWorker] WARN  segmented.SegmentedRaftLogWorker (SegmentedRaftLogWorker.java:getFromFuture(90)) - Timeout 3/~
org.apache.ratis.protocol.TimeoutIOException: Timeout 10s: WriteLog:18: (t:3, i:18), STATEMACHINELOGENTRY, client-7C287F4031E3, cid=26-writeStateMachineData
	at org.apache.ratis.util.IOUtils.getFromFuture(IOUtils.java:87)
	at org.apache.ratis.server.raftlog.segmented.SegmentedRaftLogWorker$StateMachineDataPolicy.getFromFuture(SegmentedRaftLogWorker.java:87)
	at org.apache.ratis.server.raftlog.segmented.SegmentedRaftLogWorker$WriteLog.execute(SegmentedRaftLogWorker.java:477)
	at org.apache.ratis.server.raftlog.segmented.SegmentedRaftLogWorker.run(SegmentedRaftLogWorker.java:289)
	at java.lang.Thread.run(Thread.java:748)
Caused by: java.util.concurrent.TimeoutException
	at java.util.concurrent.CompletableFuture.timedGet(CompletableFuture.java:1771)
	at java.util.concurrent.CompletableFuture.get(CompletableFuture.java:1915)
	at org.apache.ratis.util.IOUtils.getFromFuture(IOUtils.java:79)
	... 4 more
2019-09-16 16:14:16,297 [8f6ed14e-9847-41b2-84b1-f48134b0885d@group-9D5AAEACE39C-SegmentedRaftLogWorker] WARN  segmented.SegmentedRaftLogWorker (SegmentedRaftLogWorker.java:getFromFuture(90)) - Timeout 3/~
org.apache.ratis.protocol.TimeoutIOException: Timeout 10s: WriteLog:18: (t:3, i:18), STATEMACHINELOGENTRY, client-7C287F4031E3, cid=26-writeStateMachineData
	at org.apache.ratis.util.IOUtils.getFromFuture(IOUtils.java:87)
	at org.apache.ratis.server.raftlog.segmented.SegmentedRaftLogWorker$StateMachineDataPolicy.getFromFuture(SegmentedRaftLogWorker.java:87)
	at org.apache.ratis.server.raftlog.segmented.SegmentedRaftLogWorker$WriteLog.execute(SegmentedRaftLogWorker.java:477)
	at org.apache.ratis.server.raftlog.segmented.SegmentedRaftLogWorker.run(SegmentedRaftLogWorker.java:289)
	at java.lang.Thread.run(Thread.java:748)
Caused by: java.util.concurrent.TimeoutException
	at java.util.concurrent.CompletableFuture.timedGet(CompletableFuture.java:1771)
	at java.util.concurrent.CompletableFuture.get(CompletableFuture.java:1915)
	at org.apache.ratis.util.IOUtils.getFromFuture(IOUtils.java:79)
	... 4 more
2019-09-16 16:14:16,298 [d3f833b2-527d-4ab6-a086-d6ad4a131c32@group-9D5AAEACE39C-SegmentedRaftLogWorker] WARN  segmented.SegmentedRaftLogWorker (SegmentedRaftLogWorker.java:getFromFuture(90)) - Timeout 3/~
org.apache.ratis.protocol.TimeoutIOException: Timeout 10s: WriteLog:18: (t:3, i:18), STATEMACHINELOGENTRY, client-7C287F4031E3, cid=26-writeStateMachineData
	at org.apache.ratis.util.IOUtils.getFromFuture(IOUtils.java:87)
	at org.apache.ratis.server.raftlog.segmented.SegmentedRaftLogWorker$StateMachineDataPolicy.getFromFuture(SegmentedRaftLogWorker.java:87)
	at org.apache.ratis.server.raftlog.segmented.SegmentedRaftLogWorker$WriteLog.execute(SegmentedRaftLogWorker.java:477)
	at org.apache.ratis.server.raftlog.segmented.SegmentedRaftLogWorker.run(SegmentedRaftLogWorker.java:289)
	at java.lang.Thread.run(Thread.java:748)
Caused by: java.util.concurrent.TimeoutException
	at java.util.concurrent.CompletableFuture.timedGet(CompletableFuture.java:1771)
	at java.util.concurrent.CompletableFuture.get(CompletableFuture.java:1915)
	at org.apache.ratis.util.IOUtils.getFromFuture(IOUtils.java:79)
	... 4 more
2019-09-16 16:14:16,594 [grpc-default-executor-4] INFO  client.GrpcClientProtocolClient (GrpcClientProtocolClient.java:onNext(264)) - client-7C287F4031E3->6151a780-4ba7-403b-be5b-70f0763d4a32: receive RaftClientReply:client-7C287F4031E3->6151a780-4ba7-403b-be5b-70f0763d4a32@group-9D5AAEACE39C, cid=25, FAILED org.apache.ratis.protocol.NotLeaderException: Server 6151a780-4ba7-403b-be5b-70f0763d4a32@group-9D5AAEACE39C is not the leader 8f6ed14e-9847-41b2-84b1-f48134b0885d:192.168.34.47:40491, logIndex=0, commits[6151a780-4ba7-403b-be5b-70f0763d4a32:c16, d3f833b2-527d-4ab6-a086-d6ad4a131c32:c16, 8f6ed14e-9847-41b2-84b1-f48134b0885d:c16]
2019-09-16 16:14:16,669 [java.util.concurrent.ThreadPoolExecutor$Worker@761563d2[State = -1, empty queue]] WARN  server.GrpcLogAppender (GrpcLogAppender.java:timeoutAppendRequest(200)) - 8f6ed14e-9847-41b2-84b1-f48134b0885d@group-9D5AAEACE39C->6151a780-4ba7-403b-be5b-70f0763d4a32-GrpcLogAppender: appendEntries Timeout, request=8f6ed14e-9847-41b2-84b1-f48134b0885d->6151a780-4ba7-403b-be5b-70f0763d4a32#39-t3, previous=(t:3, i:22), leaderCommit=16, initializing? false, entries: <empty>
2019-09-16 16:14:16,669 [java.util.concurrent.ThreadPoolExecutor$Worker@53f11beb[State = -1, empty queue]] WARN  server.GrpcLogAppender (GrpcLogAppender.java:timeoutAppendRequest(200)) - 8f6ed14e-9847-41b2-84b1-f48134b0885d@group-9D5AAEACE39C->d3f833b2-527d-4ab6-a086-d6ad4a131c32-GrpcLogAppender: appendEntries Timeout, request=8f6ed14e-9847-41b2-84b1-f48134b0885d->d3f833b2-527d-4ab6-a086-d6ad4a131c32#39-t3, previous=(t:3, i:22), leaderCommit=16, initializing? false, entries: <empty>
2019-09-16 16:14:19,169 [java.util.concurrent.ThreadPoolExecutor$Worker@761563d2[State = -1, empty queue]] WARN  server.GrpcLogAppender (GrpcLogAppender.java:timeoutAppendRequest(200)) - 8f6ed14e-9847-41b2-84b1-f48134b0885d@group-9D5AAEACE39C->6151a780-4ba7-403b-be5b-70f0763d4a32-GrpcLogAppender: appendEntries Timeout, request=8f6ed14e-9847-41b2-84b1-f48134b0885d->6151a780-4ba7-403b-be5b-70f0763d4a32#40-t3, previous=(t:3, i:22), leaderCommit=16, initializing? false, entries: <empty>
2019-09-16 16:14:19,169 [java.util.concurrent.ThreadPoolExecutor$Worker@53f11beb[State = -1, empty queue]] WARN  server.GrpcLogAppender (GrpcLogAppender.java:timeoutAppendRequest(200)) - 8f6ed14e-9847-41b2-84b1-f48134b0885d@group-9D5AAEACE39C->d3f833b2-527d-4ab6-a086-d6ad4a131c32-GrpcLogAppender: appendEntries Timeout, request=8f6ed14e-9847-41b2-84b1-f48134b0885d->d3f833b2-527d-4ab6-a086-d6ad4a131c32#40-t3, previous=(t:3, i:22), leaderCommit=16, initializing? false, entries: <empty>
2019-09-16 16:14:21,638 [grpc-default-executor-2] INFO  client.GrpcClientProtocolClient (GrpcClientProtocolClient.java:onNext(264)) - client-7C287F4031E3->d3f833b2-527d-4ab6-a086-d6ad4a131c32: receive RaftClientReply:client-7C287F4031E3->d3f833b2-527d-4ab6-a086-d6ad4a131c32@group-9D5AAEACE39C, cid=25, FAILED org.apache.ratis.protocol.NotLeaderException: Server d3f833b2-527d-4ab6-a086-d6ad4a131c32@group-9D5AAEACE39C is not the leader 8f6ed14e-9847-41b2-84b1-f48134b0885d:192.168.34.47:40491, logIndex=0, commits[d3f833b2-527d-4ab6-a086-d6ad4a131c32:c16, 6151a780-4ba7-403b-be5b-70f0763d4a32:c16, 8f6ed14e-9847-41b2-84b1-f48134b0885d:c16]
2019-09-16 16:14:21,670 [java.util.concurrent.ThreadPoolExecutor$Worker@53f11beb[State = -1, empty queue]] WARN  server.GrpcLogAppender (GrpcLogAppender.java:timeoutAppendRequest(200)) - 8f6ed14e-9847-41b2-84b1-f48134b0885d@group-9D5AAEACE39C->d3f833b2-527d-4ab6-a086-d6ad4a131c32-GrpcLogAppender: appendEntries Timeout, request=8f6ed14e-9847-41b2-84b1-f48134b0885d->d3f833b2-527d-4ab6-a086-d6ad4a131c32#41-t3, previous=(t:3, i:22), leaderCommit=16, initializing? false, entries: <empty>
2019-09-16 16:14:21,670 [java.util.concurrent.ThreadPoolExecutor$Worker@761563d2[State = -1, empty queue]] WARN  server.GrpcLogAppender (GrpcLogAppender.java:timeoutAppendRequest(200)) - 8f6ed14e-9847-41b2-84b1-f48134b0885d@group-9D5AAEACE39C->6151a780-4ba7-403b-be5b-70f0763d4a32-GrpcLogAppender: appendEntries Timeout, request=8f6ed14e-9847-41b2-84b1-f48134b0885d->6151a780-4ba7-403b-be5b-70f0763d4a32#41-t3, previous=(t:3, i:22), leaderCommit=16, initializing? false, entries: <empty>
2019-09-16 16:14:24,171 [java.util.concurrent.ThreadPoolExecutor$Worker@761563d2[State = -1, empty queue]] WARN  server.GrpcLogAppender (GrpcLogAppender.java:timeoutAppendRequest(200)) - 8f6ed14e-9847-41b2-84b1-f48134b0885d@group-9D5AAEACE39C->6151a780-4ba7-403b-be5b-70f0763d4a32-GrpcLogAppender: appendEntries Timeout, request=8f6ed14e-9847-41b2-84b1-f48134b0885d->6151a780-4ba7-403b-be5b-70f0763d4a32#42-t3, previous=(t:3, i:22), leaderCommit=16, initializing? false, entries: <empty>
2019-09-16 16:14:24,171 [java.util.concurrent.ThreadPoolExecutor$Worker@53f11beb[State = -1, empty queue]] WARN  server.GrpcLogAppender (GrpcLogAppender.java:timeoutAppendRequest(200)) - 8f6ed14e-9847-41b2-84b1-f48134b0885d@group-9D5AAEACE39C->d3f833b2-527d-4ab6-a086-d6ad4a131c32-GrpcLogAppender: appendEntries Timeout, request=8f6ed14e-9847-41b2-84b1-f48134b0885d->d3f833b2-527d-4ab6-a086-d6ad4a131c32#42-t3, previous=(t:3, i:22), leaderCommit=16, initializing? false, entries: <empty>
2019-09-16 16:14:26,297 [6151a780-4ba7-403b-be5b-70f0763d4a32@group-9D5AAEACE39C-SegmentedRaftLogWorker] WARN  segmented.SegmentedRaftLogWorker (SegmentedRaftLogWorker.java:getFromFuture(90)) - Timeout 4/~
org.apache.ratis.protocol.TimeoutIOException: Timeout 10s: WriteLog:18: (t:3, i:18), STATEMACHINELOGENTRY, client-7C287F4031E3, cid=26-writeStateMachineData
	at org.apache.ratis.util.IOUtils.getFromFuture(IOUtils.java:87)
	at org.apache.ratis.server.raftlog.segmented.SegmentedRaftLogWorker$StateMachineDataPolicy.getFromFuture(SegmentedRaftLogWorker.java:87)
	at org.apache.ratis.server.raftlog.segmented.SegmentedRaftLogWorker$WriteLog.execute(SegmentedRaftLogWorker.java:477)
	at org.apache.ratis.server.raftlog.segmented.SegmentedRaftLogWorker.run(SegmentedRaftLogWorker.java:289)
	at java.lang.Thread.run(Thread.java:748)
Caused by: java.util.concurrent.TimeoutException
	at java.util.concurrent.CompletableFuture.timedGet(CompletableFuture.java:1771)
	at java.util.concurrent.CompletableFuture.get(CompletableFuture.java:1915)
	at org.apache.ratis.util.IOUtils.getFromFuture(IOUtils.java:79)
	... 4 more
2019-09-16 16:14:26,298 [d3f833b2-527d-4ab6-a086-d6ad4a131c32@group-9D5AAEACE39C-SegmentedRaftLogWorker] WARN  segmented.SegmentedRaftLogWorker (SegmentedRaftLogWorker.java:getFromFuture(90)) - Timeout 4/~
org.apache.ratis.protocol.TimeoutIOException: Timeout 10s: WriteLog:18: (t:3, i:18), STATEMACHINELOGENTRY, client-7C287F4031E3, cid=26-writeStateMachineData
	at org.apache.ratis.util.IOUtils.getFromFuture(IOUtils.java:87)
	at org.apache.ratis.server.raftlog.segmented.SegmentedRaftLogWorker$StateMachineDataPolicy.getFromFuture(SegmentedRaftLogWorker.java:87)
	at org.apache.ratis.server.raftlog.segmented.SegmentedRaftLogWorker$WriteLog.execute(SegmentedRaftLogWorker.java:477)
	at org.apache.ratis.server.raftlog.segmented.SegmentedRaftLogWorker.run(SegmentedRaftLogWorker.java:289)
	at java.lang.Thread.run(Thread.java:748)
Caused by: java.util.concurrent.TimeoutException
	at java.util.concurrent.CompletableFuture.timedGet(CompletableFuture.java:1771)
	at java.util.concurrent.CompletableFuture.get(CompletableFuture.java:1915)
	at org.apache.ratis.util.IOUtils.getFromFuture(IOUtils.java:79)
	... 4 more
2019-09-16 16:14:26,298 [8f6ed14e-9847-41b2-84b1-f48134b0885d@group-9D5AAEACE39C-SegmentedRaftLogWorker] WARN  segmented.SegmentedRaftLogWorker (SegmentedRaftLogWorker.java:getFromFuture(90)) - Timeout 4/~
org.apache.ratis.protocol.TimeoutIOException: Timeout 10s: WriteLog:18: (t:3, i:18), STATEMACHINELOGENTRY, client-7C287F4031E3, cid=26-writeStateMachineData
	at org.apache.ratis.util.IOUtils.getFromFuture(IOUtils.java:87)
	at org.apache.ratis.server.raftlog.segmented.SegmentedRaftLogWorker$StateMachineDataPolicy.getFromFuture(SegmentedRaftLogWorker.java:87)
	at org.apache.ratis.server.raftlog.segmented.SegmentedRaftLogWorker$WriteLog.execute(SegmentedRaftLogWorker.java:477)
	at org.apache.ratis.server.raftlog.segmented.SegmentedRaftLogWorker.run(SegmentedRaftLogWorker.java:289)
	at java.lang.Thread.run(Thread.java:748)
Caused by: java.util.concurrent.TimeoutException
	at java.util.concurrent.CompletableFuture.timedGet(CompletableFuture.java:1771)
	at java.util.concurrent.CompletableFuture.get(CompletableFuture.java:1915)
	at org.apache.ratis.util.IOUtils.getFromFuture(IOUtils.java:79)
	... 4 more
2019-09-16 16:14:26,671 [java.util.concurrent.ThreadPoolExecutor$Worker@53f11beb[State = -1, empty queue]] WARN  server.GrpcLogAppender (GrpcLogAppender.java:timeoutAppendRequest(200)) - 8f6ed14e-9847-41b2-84b1-f48134b0885d@group-9D5AAEACE39C->d3f833b2-527d-4ab6-a086-d6ad4a131c32-GrpcLogAppender: appendEntries Timeout, request=8f6ed14e-9847-41b2-84b1-f48134b0885d->d3f833b2-527d-4ab6-a086-d6ad4a131c32#43-t3, previous=(t:3, i:22), leaderCommit=16, initializing? false, entries: <empty>
2019-09-16 16:14:26,671 [java.util.concurrent.ThreadPoolExecutor$Worker@761563d2[State = -1, empty queue]] WARN  server.GrpcLogAppender (GrpcLogAppender.java:timeoutAppendRequest(200)) - 8f6ed14e-9847-41b2-84b1-f48134b0885d@group-9D5AAEACE39C->6151a780-4ba7-403b-be5b-70f0763d4a32-GrpcLogAppender: appendEntries Timeout, request=8f6ed14e-9847-41b2-84b1-f48134b0885d->6151a780-4ba7-403b-be5b-70f0763d4a32#43-t3, previous=(t:3, i:22), leaderCommit=16, initializing? false, entries: <empty>
2019-09-16 16:14:26,689 [grpc-default-executor-4] INFO  client.GrpcClientProtocolClient (GrpcClientProtocolClient.java:onNext(264)) - client-7C287F4031E3->6151a780-4ba7-403b-be5b-70f0763d4a32: receive RaftClientReply:client-7C287F4031E3->6151a780-4ba7-403b-be5b-70f0763d4a32@group-9D5AAEACE39C, cid=25, FAILED org.apache.ratis.protocol.NotLeaderException: Server 6151a780-4ba7-403b-be5b-70f0763d4a32@group-9D5AAEACE39C is not the leader 8f6ed14e-9847-41b2-84b1-f48134b0885d:192.168.34.47:40491, logIndex=0, commits[6151a780-4ba7-403b-be5b-70f0763d4a32:c16, d3f833b2-527d-4ab6-a086-d6ad4a131c32:c16, 8f6ed14e-9847-41b2-84b1-f48134b0885d:c16]
2019-09-16 16:14:29,171 [java.util.concurrent.ThreadPoolExecutor$Worker@761563d2[State = -1, empty queue]] WARN  server.GrpcLogAppender (GrpcLogAppender.java:timeoutAppendRequest(200)) - 8f6ed14e-9847-41b2-84b1-f48134b0885d@group-9D5AAEACE39C->6151a780-4ba7-403b-be5b-70f0763d4a32-GrpcLogAppender: appendEntries Timeout, request=8f6ed14e-9847-41b2-84b1-f48134b0885d->6151a780-4ba7-403b-be5b-70f0763d4a32#44-t3, previous=(t:3, i:22), leaderCommit=16, initializing? false, entries: <empty>
2019-09-16 16:14:29,171 [java.util.concurrent.ThreadPoolExecutor$Worker@53f11beb[State = -1, empty queue]] WARN  server.GrpcLogAppender (GrpcLogAppender.java:timeoutAppendRequest(200)) - 8f6ed14e-9847-41b2-84b1-f48134b0885d@group-9D5AAEACE39C->d3f833b2-527d-4ab6-a086-d6ad4a131c32-GrpcLogAppender: appendEntries Timeout, request=8f6ed14e-9847-41b2-84b1-f48134b0885d->d3f833b2-527d-4ab6-a086-d6ad4a131c32#44-t3, previous=(t:3, i:22), leaderCommit=16, initializing? false, entries: <empty>
2019-09-16 16:14:31,672 [java.util.concurrent.ThreadPoolExecutor$Worker@761563d2[State = -1, empty queue]] WARN  server.GrpcLogAppender (GrpcLogAppender.java:timeoutAppendRequest(200)) - 8f6ed14e-9847-41b2-84b1-f48134b0885d@group-9D5AAEACE39C->6151a780-4ba7-403b-be5b-70f0763d4a32-GrpcLogAppender: appendEntries Timeout, request=8f6ed14e-9847-41b2-84b1-f48134b0885d->6151a780-4ba7-403b-be5b-70f0763d4a32#45-t3, previous=(t:3, i:22), leaderCommit=16, initializing? false, entries: <empty>
2019-09-16 16:14:31,672 [java.util.concurrent.ThreadPoolExecutor$Worker@53f11beb[State = -1, empty queue]] WARN  server.GrpcLogAppender (GrpcLogAppender.java:timeoutAppendRequest(200)) - 8f6ed14e-9847-41b2-84b1-f48134b0885d@group-9D5AAEACE39C->d3f833b2-527d-4ab6-a086-d6ad4a131c32-GrpcLogAppender: appendEntries Timeout, request=8f6ed14e-9847-41b2-84b1-f48134b0885d->d3f833b2-527d-4ab6-a086-d6ad4a131c32#45-t3, previous=(t:3, i:22), leaderCommit=16, initializing? false, entries: <empty>
2019-09-16 16:14:31,735 [grpc-default-executor-2] INFO  client.GrpcClientProtocolClient (GrpcClientProtocolClient.java:onNext(264)) - client-7C287F4031E3->6151a780-4ba7-403b-be5b-70f0763d4a32: receive RaftClientReply:client-7C287F4031E3->6151a780-4ba7-403b-be5b-70f0763d4a32@group-9D5AAEACE39C, cid=25, FAILED org.apache.ratis.protocol.NotLeaderException: Server 6151a780-4ba7-403b-be5b-70f0763d4a32@group-9D5AAEACE39C is not the leader 8f6ed14e-9847-41b2-84b1-f48134b0885d:192.168.34.47:40491, logIndex=0, commits[6151a780-4ba7-403b-be5b-70f0763d4a32:c16, d3f833b2-527d-4ab6-a086-d6ad4a131c32:c16, 8f6ed14e-9847-41b2-84b1-f48134b0885d:c16]
2019-09-16 16:14:34,172 [java.util.concurrent.ThreadPoolExecutor$Worker@761563d2[State = -1, empty queue]] WARN  server.GrpcLogAppender (GrpcLogAppender.java:timeoutAppendRequest(200)) - 8f6ed14e-9847-41b2-84b1-f48134b0885d@group-9D5AAEACE39C->6151a780-4ba7-403b-be5b-70f0763d4a32-GrpcLogAppender: appendEntries Timeout, request=8f6ed14e-9847-41b2-84b1-f48134b0885d->6151a780-4ba7-403b-be5b-70f0763d4a32#46-t3, previous=(t:3, i:22), leaderCommit=16, initializing? false, entries: <empty>
2019-09-16 16:14:34,172 [java.util.concurrent.ThreadPoolExecutor$Worker@53f11beb[State = -1, empty queue]] WARN  server.GrpcLogAppender (GrpcLogAppender.java:timeoutAppendRequest(200)) - 8f6ed14e-9847-41b2-84b1-f48134b0885d@group-9D5AAEACE39C->d3f833b2-527d-4ab6-a086-d6ad4a131c32-GrpcLogAppender: appendEntries Timeout, request=8f6ed14e-9847-41b2-84b1-f48134b0885d->d3f833b2-527d-4ab6-a086-d6ad4a131c32#46-t3, previous=(t:3, i:22), leaderCommit=16, initializing? false, entries: <empty>
2019-09-16 16:14:36,299 [6151a780-4ba7-403b-be5b-70f0763d4a32@group-9D5AAEACE39C-SegmentedRaftLogWorker] WARN  segmented.SegmentedRaftLogWorker (SegmentedRaftLogWorker.java:getFromFuture(90)) - Timeout 5/~
org.apache.ratis.protocol.TimeoutIOException: Timeout 10s: WriteLog:18: (t:3, i:18), STATEMACHINELOGENTRY, client-7C287F4031E3, cid=26-writeStateMachineData
	at org.apache.ratis.util.IOUtils.getFromFuture(IOUtils.java:87)
	at org.apache.ratis.server.raftlog.segmented.SegmentedRaftLogWorker$StateMachineDataPolicy.getFromFuture(SegmentedRaftLogWorker.java:87)
	at org.apache.ratis.server.raftlog.segmented.SegmentedRaftLogWorker$WriteLog.execute(SegmentedRaftLogWorker.java:477)
	at org.apache.ratis.server.raftlog.segmented.SegmentedRaftLogWorker.run(SegmentedRaftLogWorker.java:289)
	at java.lang.Thread.run(Thread.java:748)
Caused by: java.util.concurrent.TimeoutException
	at java.util.concurrent.CompletableFuture.timedGet(CompletableFuture.java:1771)
	at java.util.concurrent.CompletableFuture.get(CompletableFuture.java:1915)
	at org.apache.ratis.util.IOUtils.getFromFuture(IOUtils.java:79)
	... 4 more
2019-09-16 16:14:36,299 [8f6ed14e-9847-41b2-84b1-f48134b0885d@group-9D5AAEACE39C-SegmentedRaftLogWorker] WARN  segmented.SegmentedRaftLogWorker (SegmentedRaftLogWorker.java:getFromFuture(90)) - Timeout 5/~
org.apache.ratis.protocol.TimeoutIOException: Timeout 10s: WriteLog:18: (t:3, i:18), STATEMACHINELOGENTRY, client-7C287F4031E3, cid=26-writeStateMachineData
	at org.apache.ratis.util.IOUtils.getFromFuture(IOUtils.java:87)
	at org.apache.ratis.server.raftlog.segmented.SegmentedRaftLogWorker$StateMachineDataPolicy.getFromFuture(SegmentedRaftLogWorker.java:87)
	at org.apache.ratis.server.raftlog.segmented.SegmentedRaftLogWorker$WriteLog.execute(SegmentedRaftLogWorker.java:477)
	at org.apache.ratis.server.raftlog.segmented.SegmentedRaftLogWorker.run(SegmentedRaftLogWorker.java:289)
	at java.lang.Thread.run(Thread.java:748)
Caused by: java.util.concurrent.TimeoutException
	at java.util.concurrent.CompletableFuture.timedGet(CompletableFuture.java:1771)
	at java.util.concurrent.CompletableFuture.get(CompletableFuture.java:1915)
	at org.apache.ratis.util.IOUtils.getFromFuture(IOUtils.java:79)
	... 4 more
2019-09-16 16:14:36,299 [d3f833b2-527d-4ab6-a086-d6ad4a131c32@group-9D5AAEACE39C-SegmentedRaftLogWorker] WARN  segmented.SegmentedRaftLogWorker (SegmentedRaftLogWorker.java:getFromFuture(90)) - Timeout 5/~
org.apache.ratis.protocol.TimeoutIOException: Timeout 10s: WriteLog:18: (t:3, i:18), STATEMACHINELOGENTRY, client-7C287F4031E3, cid=26-writeStateMachineData
	at org.apache.ratis.util.IOUtils.getFromFuture(IOUtils.java:87)
	at org.apache.ratis.server.raftlog.segmented.SegmentedRaftLogWorker$StateMachineDataPolicy.getFromFuture(SegmentedRaftLogWorker.java:87)
	at org.apache.ratis.server.raftlog.segmented.SegmentedRaftLogWorker$WriteLog.execute(SegmentedRaftLogWorker.java:477)
	at org.apache.ratis.server.raftlog.segmented.SegmentedRaftLogWorker.run(SegmentedRaftLogWorker.java:289)
	at java.lang.Thread.run(Thread.java:748)
Caused by: java.util.concurrent.TimeoutException
	at java.util.concurrent.CompletableFuture.timedGet(CompletableFuture.java:1771)
	at java.util.concurrent.CompletableFuture.get(CompletableFuture.java:1915)
	at org.apache.ratis.util.IOUtils.getFromFuture(IOUtils.java:79)
	... 4 more
2019-09-16 16:14:36,673 [java.util.concurrent.ThreadPoolExecutor$Worker@761563d2[State = -1, empty queue]] WARN  server.GrpcLogAppender (GrpcLogAppender.java:timeoutAppendRequest(200)) - 8f6ed14e-9847-41b2-84b1-f48134b0885d@group-9D5AAEACE39C->6151a780-4ba7-403b-be5b-70f0763d4a32-GrpcLogAppender: appendEntries Timeout, request=8f6ed14e-9847-41b2-84b1-f48134b0885d->6151a780-4ba7-403b-be5b-70f0763d4a32#47-t3, previous=(t:3, i:22), leaderCommit=16, initializing? false, entries: <empty>
2019-09-16 16:14:36,673 [java.util.concurrent.ThreadPoolExecutor$Worker@53f11beb[State = -1, empty queue]] WARN  server.GrpcLogAppender (GrpcLogAppender.java:timeoutAppendRequest(200)) - 8f6ed14e-9847-41b2-84b1-f48134b0885d@group-9D5AAEACE39C->d3f833b2-527d-4ab6-a086-d6ad4a131c32-GrpcLogAppender: appendEntries Timeout, request=8f6ed14e-9847-41b2-84b1-f48134b0885d->d3f833b2-527d-4ab6-a086-d6ad4a131c32#47-t3, previous=(t:3, i:22), leaderCommit=16, initializing? false, entries: <empty>
2019-09-16 16:14:36,780 [grpc-default-executor-2] INFO  client.GrpcClientProtocolClient (GrpcClientProtocolClient.java:onNext(264)) - client-7C287F4031E3->d3f833b2-527d-4ab6-a086-d6ad4a131c32: receive RaftClientReply:client-7C287F4031E3->d3f833b2-527d-4ab6-a086-d6ad4a131c32@group-9D5AAEACE39C, cid=25, FAILED org.apache.ratis.protocol.NotLeaderException: Server d3f833b2-527d-4ab6-a086-d6ad4a131c32@group-9D5AAEACE39C is not the leader 8f6ed14e-9847-41b2-84b1-f48134b0885d:192.168.34.47:40491, logIndex=0, commits[d3f833b2-527d-4ab6-a086-d6ad4a131c32:c16, 6151a780-4ba7-403b-be5b-70f0763d4a32:c16, 8f6ed14e-9847-41b2-84b1-f48134b0885d:c16]
2019-09-16 16:14:39,173 [java.util.concurrent.ThreadPoolExecutor$Worker@53f11beb[State = -1, empty queue]] WARN  server.GrpcLogAppender (GrpcLogAppender.java:timeoutAppendRequest(200)) - 8f6ed14e-9847-41b2-84b1-f48134b0885d@group-9D5AAEACE39C->d3f833b2-527d-4ab6-a086-d6ad4a131c32-GrpcLogAppender: appendEntries Timeout, request=8f6ed14e-9847-41b2-84b1-f48134b0885d->d3f833b2-527d-4ab6-a086-d6ad4a131c32#48-t3, previous=(t:3, i:22), leaderCommit=16, initializing? false, entries: <empty>
2019-09-16 16:14:39,173 [java.util.concurrent.ThreadPoolExecutor$Worker@761563d2[State = -1, empty queue]] WARN  server.GrpcLogAppender (GrpcLogAppender.java:timeoutAppendRequest(200)) - 8f6ed14e-9847-41b2-84b1-f48134b0885d@group-9D5AAEACE39C->6151a780-4ba7-403b-be5b-70f0763d4a32-GrpcLogAppender: appendEntries Timeout, request=8f6ed14e-9847-41b2-84b1-f48134b0885d->6151a780-4ba7-403b-be5b-70f0763d4a32#48-t3, previous=(t:3, i:22), leaderCommit=16, initializing? false, entries: <empty>
2019-09-16 16:14:41,674 [java.util.concurrent.ThreadPoolExecutor$Worker@53f11beb[State = -1, empty queue]] WARN  server.GrpcLogAppender (GrpcLogAppender.java:timeoutAppendRequest(200)) - 8f6ed14e-9847-41b2-84b1-f48134b0885d@group-9D5AAEACE39C->d3f833b2-527d-4ab6-a086-d6ad4a131c32-GrpcLogAppender: appendEntries Timeout, request=8f6ed14e-9847-41b2-84b1-f48134b0885d->d3f833b2-527d-4ab6-a086-d6ad4a131c32#49-t3, previous=(t:3, i:22), leaderCommit=16, initializing? false, entries: <empty>
2019-09-16 16:14:41,674 [java.util.concurrent.ThreadPoolExecutor$Worker@761563d2[State = -1, empty queue]] WARN  server.GrpcLogAppender (GrpcLogAppender.java:timeoutAppendRequest(200)) - 8f6ed14e-9847-41b2-84b1-f48134b0885d@group-9D5AAEACE39C->6151a780-4ba7-403b-be5b-70f0763d4a32-GrpcLogAppender: appendEntries Timeout, request=8f6ed14e-9847-41b2-84b1-f48134b0885d->6151a780-4ba7-403b-be5b-70f0763d4a32#49-t3, previous=(t:3, i:22), leaderCommit=16, initializing? false, entries: <empty>
2019-09-16 16:14:41,822 [grpc-default-executor-2] INFO  client.GrpcClientProtocolClient (GrpcClientProtocolClient.java:onNext(264)) - client-7C287F4031E3->d3f833b2-527d-4ab6-a086-d6ad4a131c32: receive RaftClientReply:client-7C287F4031E3->d3f833b2-527d-4ab6-a086-d6ad4a131c32@group-9D5AAEACE39C, cid=25, FAILED org.apache.ratis.protocol.NotLeaderException: Server d3f833b2-527d-4ab6-a086-d6ad4a131c32@group-9D5AAEACE39C is not the leader 8f6ed14e-9847-41b2-84b1-f48134b0885d:192.168.34.47:40491, logIndex=0, commits[d3f833b2-527d-4ab6-a086-d6ad4a131c32:c16, 6151a780-4ba7-403b-be5b-70f0763d4a32:c16, 8f6ed14e-9847-41b2-84b1-f48134b0885d:c16]
2019-09-16 16:14:44,174 [java.util.concurrent.ThreadPoolExecutor$Worker@53f11beb[State = -1, empty queue]] WARN  server.GrpcLogAppender (GrpcLogAppender.java:timeoutAppendRequest(200)) - 8f6ed14e-9847-41b2-84b1-f48134b0885d@group-9D5AAEACE39C->d3f833b2-527d-4ab6-a086-d6ad4a131c32-GrpcLogAppender: appendEntries Timeout, request=8f6ed14e-9847-41b2-84b1-f48134b0885d->d3f833b2-527d-4ab6-a086-d6ad4a131c32#50-t3, previous=(t:3, i:22), leaderCommit=16, initializing? false, entries: <empty>
2019-09-16 16:14:44,174 [java.util.concurrent.ThreadPoolExecutor$Worker@761563d2[State = -1, empty queue]] WARN  server.GrpcLogAppender (GrpcLogAppender.java:timeoutAppendRequest(200)) - 8f6ed14e-9847-41b2-84b1-f48134b0885d@group-9D5AAEACE39C->6151a780-4ba7-403b-be5b-70f0763d4a32-GrpcLogAppender: appendEntries Timeout, request=8f6ed14e-9847-41b2-84b1-f48134b0885d->6151a780-4ba7-403b-be5b-70f0763d4a32#50-t3, previous=(t:3, i:22), leaderCommit=16, initializing? false, entries: <empty>
2019-09-16 16:14:46,300 [6151a780-4ba7-403b-be5b-70f0763d4a32@group-9D5AAEACE39C-SegmentedRaftLogWorker] WARN  segmented.SegmentedRaftLogWorker (SegmentedRaftLogWorker.java:getFromFuture(90)) - Timeout 6/~
org.apache.ratis.protocol.TimeoutIOException: Timeout 10s: WriteLog:18: (t:3, i:18), STATEMACHINELOGENTRY, client-7C287F4031E3, cid=26-writeStateMachineData
	at org.apache.ratis.util.IOUtils.getFromFuture(IOUtils.java:87)
	at org.apache.ratis.server.raftlog.segmented.SegmentedRaftLogWorker$StateMachineDataPolicy.getFromFuture(SegmentedRaftLogWorker.java:87)
	at org.apache.ratis.server.raftlog.segmented.SegmentedRaftLogWorker$WriteLog.execute(SegmentedRaftLogWorker.java:477)
	at org.apache.ratis.server.raftlog.segmented.SegmentedRaftLogWorker.run(SegmentedRaftLogWorker.java:289)
	at java.lang.Thread.run(Thread.java:748)
Caused by: java.util.concurrent.TimeoutException
	at java.util.concurrent.CompletableFuture.timedGet(CompletableFuture.java:1771)
	at java.util.concurrent.CompletableFuture.get(CompletableFuture.java:1915)
	at org.apache.ratis.util.IOUtils.getFromFuture(IOUtils.java:79)
	... 4 more
2019-09-16 16:14:46,301 [d3f833b2-527d-4ab6-a086-d6ad4a131c32@group-9D5AAEACE39C-SegmentedRaftLogWorker] WARN  segmented.SegmentedRaftLogWorker (SegmentedRaftLogWorker.java:getFromFuture(90)) - Timeout 6/~
org.apache.ratis.protocol.TimeoutIOException: Timeout 10s: WriteLog:18: (t:3, i:18), STATEMACHINELOGENTRY, client-7C287F4031E3, cid=26-writeStateMachineData
	at org.apache.ratis.util.IOUtils.getFromFuture(IOUtils.java:87)
	at org.apache.ratis.server.raftlog.segmented.SegmentedRaftLogWorker$StateMachineDataPolicy.getFromFuture(SegmentedRaftLogWorker.java:87)
	at org.apache.ratis.server.raftlog.segmented.SegmentedRaftLogWorker$WriteLog.execute(SegmentedRaftLogWorker.java:477)
	at org.apache.ratis.server.raftlog.segmented.SegmentedRaftLogWorker.run(SegmentedRaftLogWorker.java:289)
	at java.lang.Thread.run(Thread.java:748)
Caused by: java.util.concurrent.TimeoutException
	at java.util.concurrent.CompletableFuture.timedGet(CompletableFuture.java:1771)
	at java.util.concurrent.CompletableFuture.get(CompletableFuture.java:1915)
	at org.apache.ratis.util.IOUtils.getFromFuture(IOUtils.java:79)
	... 4 more
2019-09-16 16:14:46,300 [8f6ed14e-9847-41b2-84b1-f48134b0885d@group-9D5AAEACE39C-SegmentedRaftLogWorker] WARN  segmented.SegmentedRaftLogWorker (SegmentedRaftLogWorker.java:getFromFuture(90)) - Timeout 6/~
org.apache.ratis.protocol.TimeoutIOException: Timeout 10s: WriteLog:18: (t:3, i:18), STATEMACHINELOGENTRY, client-7C287F4031E3, cid=26-writeStateMachineData
	at org.apache.ratis.util.IOUtils.getFromFuture(IOUtils.java:87)
	at org.apache.ratis.server.raftlog.segmented.SegmentedRaftLogWorker$StateMachineDataPolicy.getFromFuture(SegmentedRaftLogWorker.java:87)
	at org.apache.ratis.server.raftlog.segmented.SegmentedRaftLogWorker$WriteLog.execute(SegmentedRaftLogWorker.java:477)
	at org.apache.ratis.server.raftlog.segmented.SegmentedRaftLogWorker.run(SegmentedRaftLogWorker.java:289)
	at java.lang.Thread.run(Thread.java:748)
Caused by: java.util.concurrent.TimeoutException
	at java.util.concurrent.CompletableFuture.timedGet(CompletableFuture.java:1771)
	at java.util.concurrent.CompletableFuture.get(CompletableFuture.java:1915)
	at org.apache.ratis.util.IOUtils.getFromFuture(IOUtils.java:79)
	... 4 more
2019-09-16 16:14:46,675 [java.util.concurrent.ThreadPoolExecutor$Worker@53f11beb[State = -1, empty queue]] WARN  server.GrpcLogAppender (GrpcLogAppender.java:timeoutAppendRequest(200)) - 8f6ed14e-9847-41b2-84b1-f48134b0885d@group-9D5AAEACE39C->d3f833b2-527d-4ab6-a086-d6ad4a131c32-GrpcLogAppender: appendEntries Timeout, request=8f6ed14e-9847-41b2-84b1-f48134b0885d->d3f833b2-527d-4ab6-a086-d6ad4a131c32#51-t3, previous=(t:3, i:22), leaderCommit=16, initializing? false, entries: <empty>
2019-09-16 16:14:46,675 [java.util.concurrent.ThreadPoolExecutor$Worker@761563d2[State = -1, empty queue]] WARN  server.GrpcLogAppender (GrpcLogAppender.java:timeoutAppendRequest(200)) - 8f6ed14e-9847-41b2-84b1-f48134b0885d@group-9D5AAEACE39C->6151a780-4ba7-403b-be5b-70f0763d4a32-GrpcLogAppender: appendEntries Timeout, request=8f6ed14e-9847-41b2-84b1-f48134b0885d->6151a780-4ba7-403b-be5b-70f0763d4a32#51-t3, previous=(t:3, i:22), leaderCommit=16, initializing? false, entries: <empty>
2019-09-16 16:14:46,872 [grpc-default-executor-4] INFO  client.GrpcClientProtocolClient (GrpcClientProtocolClient.java:onNext(264)) - client-7C287F4031E3->6151a780-4ba7-403b-be5b-70f0763d4a32: receive RaftClientReply:client-7C287F4031E3->6151a780-4ba7-403b-be5b-70f0763d4a32@group-9D5AAEACE39C, cid=25, FAILED org.apache.ratis.protocol.NotLeaderException: Server 6151a780-4ba7-403b-be5b-70f0763d4a32@group-9D5AAEACE39C is not the leader 8f6ed14e-9847-41b2-84b1-f48134b0885d:192.168.34.47:40491, logIndex=0, commits[6151a780-4ba7-403b-be5b-70f0763d4a32:c16, d3f833b2-527d-4ab6-a086-d6ad4a131c32:c16, 8f6ed14e-9847-41b2-84b1-f48134b0885d:c16]
2019-09-16 16:14:49,176 [java.util.concurrent.ThreadPoolExecutor$Worker@53f11beb[State = -1, empty queue]] WARN  server.GrpcLogAppender (GrpcLogAppender.java:timeoutAppendRequest(200)) - 8f6ed14e-9847-41b2-84b1-f48134b0885d@group-9D5AAEACE39C->d3f833b2-527d-4ab6-a086-d6ad4a131c32-GrpcLogAppender: appendEntries Timeout, request=8f6ed14e-9847-41b2-84b1-f48134b0885d->d3f833b2-527d-4ab6-a086-d6ad4a131c32#52-t3, previous=(t:3, i:22), leaderCommit=16, initializing? false, entries: <empty>
2019-09-16 16:14:49,176 [java.util.concurrent.ThreadPoolExecutor$Worker@761563d2[State = -1, empty queue]] WARN  server.GrpcLogAppender (GrpcLogAppender.java:timeoutAppendRequest(200)) - 8f6ed14e-9847-41b2-84b1-f48134b0885d@group-9D5AAEACE39C->6151a780-4ba7-403b-be5b-70f0763d4a32-GrpcLogAppender: appendEntries Timeout, request=8f6ed14e-9847-41b2-84b1-f48134b0885d->6151a780-4ba7-403b-be5b-70f0763d4a32#52-t3, previous=(t:3, i:22), leaderCommit=16, initializing? false, entries: <empty>
2019-09-16 16:14:51,675 [java.util.concurrent.ThreadPoolExecutor$Worker@53f11beb[State = -1, empty queue]] WARN  server.GrpcLogAppender (GrpcLogAppender.java:timeoutAppendRequest(200)) - 8f6ed14e-9847-41b2-84b1-f48134b0885d@group-9D5AAEACE39C->d3f833b2-527d-4ab6-a086-d6ad4a131c32-GrpcLogAppender: appendEntries Timeout, request=8f6ed14e-9847-41b2-84b1-f48134b0885d->d3f833b2-527d-4ab6-a086-d6ad4a131c32#53-t3, previous=(t:3, i:22), leaderCommit=16, initializing? false, entries: <empty>
2019-09-16 16:14:51,675 [java.util.concurrent.ThreadPoolExecutor$Worker@761563d2[State = -1, empty queue]] WARN  server.GrpcLogAppender (GrpcLogAppender.java:timeoutAppendRequest(200)) - 8f6ed14e-9847-41b2-84b1-f48134b0885d@group-9D5AAEACE39C->6151a780-4ba7-403b-be5b-70f0763d4a32-GrpcLogAppender: appendEntries Timeout, request=8f6ed14e-9847-41b2-84b1-f48134b0885d->6151a780-4ba7-403b-be5b-70f0763d4a32#53-t3, previous=(t:3, i:22), leaderCommit=16, initializing? false, entries: <empty>
2019-09-16 16:14:51,923 [grpc-default-executor-2] INFO  client.GrpcClientProtocolClient (GrpcClientProtocolClient.java:onNext(264)) - client-7C287F4031E3->d3f833b2-527d-4ab6-a086-d6ad4a131c32: receive RaftClientReply:client-7C287F4031E3->d3f833b2-527d-4ab6-a086-d6ad4a131c32@group-9D5AAEACE39C, cid=25, FAILED org.apache.ratis.protocol.NotLeaderException: Server d3f833b2-527d-4ab6-a086-d6ad4a131c32@group-9D5AAEACE39C is not the leader 8f6ed14e-9847-41b2-84b1-f48134b0885d:192.168.34.47:40491, logIndex=0, commits[d3f833b2-527d-4ab6-a086-d6ad4a131c32:c16, 6151a780-4ba7-403b-be5b-70f0763d4a32:c16, 8f6ed14e-9847-41b2-84b1-f48134b0885d:c16]
2019-09-16 16:14:54,176 [java.util.concurrent.ThreadPoolExecutor$Worker@761563d2[State = -1, empty queue]] WARN  server.GrpcLogAppender (GrpcLogAppender.java:timeoutAppendRequest(200)) - 8f6ed14e-9847-41b2-84b1-f48134b0885d@group-9D5AAEACE39C->6151a780-4ba7-403b-be5b-70f0763d4a32-GrpcLogAppender: appendEntries Timeout, request=8f6ed14e-9847-41b2-84b1-f48134b0885d->6151a780-4ba7-403b-be5b-70f0763d4a32#54-t3, previous=(t:3, i:22), leaderCommit=16, initializing? false, entries: <empty>
2019-09-16 16:14:54,176 [java.util.concurrent.ThreadPoolExecutor$Worker@53f11beb[State = -1, empty queue]] WARN  server.GrpcLogAppender (GrpcLogAppender.java:timeoutAppendRequest(200)) - 8f6ed14e-9847-41b2-84b1-f48134b0885d@group-9D5AAEACE39C->d3f833b2-527d-4ab6-a086-d6ad4a131c32-GrpcLogAppender: appendEntries Timeout, request=8f6ed14e-9847-41b2-84b1-f48134b0885d->d3f833b2-527d-4ab6-a086-d6ad4a131c32#54-t3, previous=(t:3, i:22), leaderCommit=16, initializing? false, entries: <empty>
2019-09-16 16:14:56,301 [6151a780-4ba7-403b-be5b-70f0763d4a32@group-9D5AAEACE39C-SegmentedRaftLogWorker] WARN  segmented.SegmentedRaftLogWorker (SegmentedRaftLogWorker.java:getFromFuture(90)) - Timeout 7/~
org.apache.ratis.protocol.TimeoutIOException: Timeout 10s: WriteLog:18: (t:3, i:18), STATEMACHINELOGENTRY, client-7C287F4031E3, cid=26-writeStateMachineData
	at org.apache.ratis.util.IOUtils.getFromFuture(IOUtils.java:87)
	at org.apache.ratis.server.raftlog.segmented.SegmentedRaftLogWorker$StateMachineDataPolicy.getFromFuture(SegmentedRaftLogWorker.java:87)
	at org.apache.ratis.server.raftlog.segmented.SegmentedRaftLogWorker$WriteLog.execute(SegmentedRaftLogWorker.java:477)
	at org.apache.ratis.server.raftlog.segmented.SegmentedRaftLogWorker.run(SegmentedRaftLogWorker.java:289)
	at java.lang.Thread.run(Thread.java:748)
Caused by: java.util.concurrent.TimeoutException
	at java.util.concurrent.CompletableFuture.timedGet(CompletableFuture.java:1771)
	at java.util.concurrent.CompletableFuture.get(CompletableFuture.java:1915)
	at org.apache.ratis.util.IOUtils.getFromFuture(IOUtils.java:79)
	... 4 more
2019-09-16 16:14:56,324 [d3f833b2-527d-4ab6-a086-d6ad4a131c32@group-9D5AAEACE39C-SegmentedRaftLogWorker] WARN  segmented.SegmentedRaftLogWorker (SegmentedRaftLogWorker.java:getFromFuture(90)) - Timeout 7/~
org.apache.ratis.protocol.TimeoutIOException: Timeout 10s: WriteLog:18: (t:3, i:18), STATEMACHINELOGENTRY, client-7C287F4031E3, cid=26-writeStateMachineData
	at org.apache.ratis.util.IOUtils.getFromFuture(IOUtils.java:87)
	at org.apache.ratis.server.raftlog.segmented.SegmentedRaftLogWorker$StateMachineDataPolicy.getFromFuture(SegmentedRaftLogWorker.java:87)
	at org.apache.ratis.server.raftlog.segmented.SegmentedRaftLogWorker$WriteLog.execute(SegmentedRaftLogWorker.java:477)
	at org.apache.ratis.server.raftlog.segmented.SegmentedRaftLogWorker.run(SegmentedRaftLogWorker.java:289)
	at java.lang.Thread.run(Thread.java:748)
Caused by: java.util.concurrent.TimeoutException
	at java.util.concurrent.CompletableFuture.timedGet(CompletableFuture.java:1771)
	at java.util.concurrent.CompletableFuture.get(CompletableFuture.java:1915)
	at org.apache.ratis.util.IOUtils.getFromFuture(IOUtils.java:79)
	... 4 more
2019-09-16 16:14:56,324 [8f6ed14e-9847-41b2-84b1-f48134b0885d@group-9D5AAEACE39C-SegmentedRaftLogWorker] WARN  segmented.SegmentedRaftLogWorker (SegmentedRaftLogWorker.java:getFromFuture(90)) - Timeout 7/~
org.apache.ratis.protocol.TimeoutIOException: Timeout 10s: WriteLog:18: (t:3, i:18), STATEMACHINELOGENTRY, client-7C287F4031E3, cid=26-writeStateMachineData
	at org.apache.ratis.util.IOUtils.getFromFuture(IOUtils.java:87)
	at org.apache.ratis.server.raftlog.segmented.SegmentedRaftLogWorker$StateMachineDataPolicy.getFromFuture(SegmentedRaftLogWorker.java:87)
	at org.apache.ratis.server.raftlog.segmented.SegmentedRaftLogWorker$WriteLog.execute(SegmentedRaftLogWorker.java:477)
	at org.apache.ratis.server.raftlog.segmented.SegmentedRaftLogWorker.run(SegmentedRaftLogWorker.java:289)
	at java.lang.Thread.run(Thread.java:748)
Caused by: java.util.concurrent.TimeoutException
	at java.util.concurrent.CompletableFuture.timedGet(CompletableFuture.java:1771)
	at java.util.concurrent.CompletableFuture.get(CompletableFuture.java:1915)
	at org.apache.ratis.util.IOUtils.getFromFuture(IOUtils.java:79)
	... 4 more
2019-09-16 16:14:56,676 [java.util.concurrent.ThreadPoolExecutor$Worker@53f11beb[State = -1, empty queue]] WARN  server.GrpcLogAppender (GrpcLogAppender.java:timeoutAppendRequest(200)) - 8f6ed14e-9847-41b2-84b1-f48134b0885d@group-9D5AAEACE39C->d3f833b2-527d-4ab6-a086-d6ad4a131c32-GrpcLogAppender: appendEntries Timeout, request=8f6ed14e-9847-41b2-84b1-f48134b0885d->d3f833b2-527d-4ab6-a086-d6ad4a131c32#55-t3, previous=(t:3, i:22), leaderCommit=16, initializing? false, entries: <empty>
2019-09-16 16:14:56,676 [java.util.concurrent.ThreadPoolExecutor$Worker@761563d2[State = -1, empty queue]] WARN  server.GrpcLogAppender (GrpcLogAppender.java:timeoutAppendRequest(200)) - 8f6ed14e-9847-41b2-84b1-f48134b0885d@group-9D5AAEACE39C->6151a780-4ba7-403b-be5b-70f0763d4a32-GrpcLogAppender: appendEntries Timeout, request=8f6ed14e-9847-41b2-84b1-f48134b0885d->6151a780-4ba7-403b-be5b-70f0763d4a32#55-t3, previous=(t:3, i:22), leaderCommit=16, initializing? false, entries: <empty>
2019-09-16 16:14:56,961 [grpc-default-executor-2] INFO  client.GrpcClientProtocolClient (GrpcClientProtocolClient.java:onNext(264)) - client-7C287F4031E3->d3f833b2-527d-4ab6-a086-d6ad4a131c32: receive RaftClientReply:client-7C287F4031E3->d3f833b2-527d-4ab6-a086-d6ad4a131c32@group-9D5AAEACE39C, cid=25, FAILED org.apache.ratis.protocol.NotLeaderException: Server d3f833b2-527d-4ab6-a086-d6ad4a131c32@group-9D5AAEACE39C is not the leader 8f6ed14e-9847-41b2-84b1-f48134b0885d:192.168.34.47:40491, logIndex=0, commits[d3f833b2-527d-4ab6-a086-d6ad4a131c32:c16, 6151a780-4ba7-403b-be5b-70f0763d4a32:c16, 8f6ed14e-9847-41b2-84b1-f48134b0885d:c16]
2019-09-16 16:14:59,176 [java.util.concurrent.ThreadPoolExecutor$Worker@53f11beb[State = -1, empty queue]] WARN  server.GrpcLogAppender (GrpcLogAppender.java:timeoutAppendRequest(200)) - 8f6ed14e-9847-41b2-84b1-f48134b0885d@group-9D5AAEACE39C->d3f833b2-527d-4ab6-a086-d6ad4a131c32-GrpcLogAppender: appendEntries Timeout, request=8f6ed14e-9847-41b2-84b1-f48134b0885d->d3f833b2-527d-4ab6-a086-d6ad4a131c32#56-t3, previous=(t:3, i:22), leaderCommit=16, initializing? false, entries: <empty>
2019-09-16 16:14:59,176 [java.util.concurrent.ThreadPoolExecutor$Worker@761563d2[State = -1, empty queue]] WARN  server.GrpcLogAppender (GrpcLogAppender.java:timeoutAppendRequest(200)) - 8f6ed14e-9847-41b2-84b1-f48134b0885d@group-9D5AAEACE39C->6151a780-4ba7-403b-be5b-70f0763d4a32-GrpcLogAppender: appendEntries Timeout, request=8f6ed14e-9847-41b2-84b1-f48134b0885d->6151a780-4ba7-403b-be5b-70f0763d4a32#56-t3, previous=(t:3, i:22), leaderCommit=16, initializing? false, entries: <empty>
2019-09-16 16:15:01,677 [java.util.concurrent.ThreadPoolExecutor$Worker@53f11beb[State = -1, empty queue]] WARN  server.GrpcLogAppender (GrpcLogAppender.java:timeoutAppendRequest(200)) - 8f6ed14e-9847-41b2-84b1-f48134b0885d@group-9D5AAEACE39C->d3f833b2-527d-4ab6-a086-d6ad4a131c32-GrpcLogAppender: appendEntries Timeout, request=8f6ed14e-9847-41b2-84b1-f48134b0885d->d3f833b2-527d-4ab6-a086-d6ad4a131c32#57-t3, previous=(t:3, i:22), leaderCommit=16, initializing? false, entries: <empty>
2019-09-16 16:15:01,677 [java.util.concurrent.ThreadPoolExecutor$Worker@761563d2[State = -1, empty queue]] WARN  server.GrpcLogAppender (GrpcLogAppender.java:timeoutAppendRequest(200)) - 8f6ed14e-9847-41b2-84b1-f48134b0885d@group-9D5AAEACE39C->6151a780-4ba7-403b-be5b-70f0763d4a32-GrpcLogAppender: appendEntries Timeout, request=8f6ed14e-9847-41b2-84b1-f48134b0885d->6151a780-4ba7-403b-be5b-70f0763d4a32#57-t3, previous=(t:3, i:22), leaderCommit=16, initializing? false, entries: <empty>
2019-09-16 16:15:02,004 [grpc-default-executor-5] INFO  client.GrpcClientProtocolClient (GrpcClientProtocolClient.java:onNext(264)) - client-7C287F4031E3->d3f833b2-527d-4ab6-a086-d6ad4a131c32: receive RaftClientReply:client-7C287F4031E3->d3f833b2-527d-4ab6-a086-d6ad4a131c32@group-9D5AAEACE39C, cid=25, FAILED org.apache.ratis.protocol.NotLeaderException: Server d3f833b2-527d-4ab6-a086-d6ad4a131c32@group-9D5AAEACE39C is not the leader 8f6ed14e-9847-41b2-84b1-f48134b0885d:192.168.34.47:40491, logIndex=0, commits[d3f833b2-527d-4ab6-a086-d6ad4a131c32:c16, 6151a780-4ba7-403b-be5b-70f0763d4a32:c16, 8f6ed14e-9847-41b2-84b1-f48134b0885d:c16]
2019-09-16 16:15:04,177 [java.util.concurrent.ThreadPoolExecutor$Worker@761563d2[State = -1, empty queue]] WARN  server.GrpcLogAppender (GrpcLogAppender.java:timeoutAppendRequest(200)) - 8f6ed14e-9847-41b2-84b1-f48134b0885d@group-9D5AAEACE39C->6151a780-4ba7-403b-be5b-70f0763d4a32-GrpcLogAppender: appendEntries Timeout, request=8f6ed14e-9847-41b2-84b1-f48134b0885d->6151a780-4ba7-403b-be5b-70f0763d4a32#58-t3, previous=(t:3, i:22), leaderCommit=16, initializing? false, entries: <empty>
2019-09-16 16:15:04,177 [java.util.concurrent.ThreadPoolExecutor$Worker@53f11beb[State = -1, empty queue]] WARN  server.GrpcLogAppender (GrpcLogAppender.java:timeoutAppendRequest(200)) - 8f6ed14e-9847-41b2-84b1-f48134b0885d@group-9D5AAEACE39C->d3f833b2-527d-4ab6-a086-d6ad4a131c32-GrpcLogAppender: appendEntries Timeout, request=8f6ed14e-9847-41b2-84b1-f48134b0885d->d3f833b2-527d-4ab6-a086-d6ad4a131c32#58-t3, previous=(t:3, i:22), leaderCommit=16, initializing? false, entries: <empty>
2019-09-16 16:15:06,302 [6151a780-4ba7-403b-be5b-70f0763d4a32@group-9D5AAEACE39C-SegmentedRaftLogWorker] WARN  segmented.SegmentedRaftLogWorker (SegmentedRaftLogWorker.java:getFromFuture(90)) - Timeout 8/~
org.apache.ratis.protocol.TimeoutIOException: Timeout 10s: WriteLog:18: (t:3, i:18), STATEMACHINELOGENTRY, client-7C287F4031E3, cid=26-writeStateMachineData
	at org.apache.ratis.util.IOUtils.getFromFuture(IOUtils.java:87)
	at org.apache.ratis.server.raftlog.segmented.SegmentedRaftLogWorker$StateMachineDataPolicy.getFromFuture(SegmentedRaftLogWorker.java:87)
	at org.apache.ratis.server.raftlog.segmented.SegmentedRaftLogWorker$WriteLog.execute(SegmentedRaftLogWorker.java:477)
	at org.apache.ratis.server.raftlog.segmented.SegmentedRaftLogWorker.run(SegmentedRaftLogWorker.java:289)
	at java.lang.Thread.run(Thread.java:748)
Caused by: java.util.concurrent.TimeoutException
	at java.util.concurrent.CompletableFuture.timedGet(CompletableFuture.java:1771)
	at java.util.concurrent.CompletableFuture.get(CompletableFuture.java:1915)
	at org.apache.ratis.util.IOUtils.getFromFuture(IOUtils.java:79)
	... 4 more
2019-09-16 16:15:06,325 [d3f833b2-527d-4ab6-a086-d6ad4a131c32@group-9D5AAEACE39C-SegmentedRaftLogWorker] WARN  segmented.SegmentedRaftLogWorker (SegmentedRaftLogWorker.java:getFromFuture(90)) - Timeout 8/~
org.apache.ratis.protocol.TimeoutIOException: Timeout 10s: WriteLog:18: (t:3, i:18), STATEMACHINELOGENTRY, client-7C287F4031E3, cid=26-writeStateMachineData
	at org.apache.ratis.util.IOUtils.getFromFuture(IOUtils.java:87)
	at org.apache.ratis.server.raftlog.segmented.SegmentedRaftLogWorker$StateMachineDataPolicy.getFromFuture(SegmentedRaftLogWorker.java:87)
	at org.apache.ratis.server.raftlog.segmented.SegmentedRaftLogWorker$WriteLog.execute(SegmentedRaftLogWorker.java:477)
	at org.apache.ratis.server.raftlog.segmented.SegmentedRaftLogWorker.run(SegmentedRaftLogWorker.java:289)
	at java.lang.Thread.run(Thread.java:748)
Caused by: java.util.concurrent.TimeoutException
	at java.util.concurrent.CompletableFuture.timedGet(CompletableFuture.java:1771)
	at java.util.concurrent.CompletableFuture.get(CompletableFuture.java:1915)
	at org.apache.ratis.util.IOUtils.getFromFuture(IOUtils.java:79)
	... 4 more
2019-09-16 16:15:06,325 [8f6ed14e-9847-41b2-84b1-f48134b0885d@group-9D5AAEACE39C-SegmentedRaftLogWorker] WARN  segmented.SegmentedRaftLogWorker (SegmentedRaftLogWorker.java:getFromFuture(90)) - Timeout 8/~
org.apache.ratis.protocol.TimeoutIOException: Timeout 10s: WriteLog:18: (t:3, i:18), STATEMACHINELOGENTRY, client-7C287F4031E3, cid=26-writeStateMachineData
	at org.apache.ratis.util.IOUtils.getFromFuture(IOUtils.java:87)
	at org.apache.ratis.server.raftlog.segmented.SegmentedRaftLogWorker$StateMachineDataPolicy.getFromFuture(SegmentedRaftLogWorker.java:87)
	at org.apache.ratis.server.raftlog.segmented.SegmentedRaftLogWorker$WriteLog.execute(SegmentedRaftLogWorker.java:477)
	at org.apache.ratis.server.raftlog.segmented.SegmentedRaftLogWorker.run(SegmentedRaftLogWorker.java:289)
	at java.lang.Thread.run(Thread.java:748)
Caused by: java.util.concurrent.TimeoutException
	at java.util.concurrent.CompletableFuture.timedGet(CompletableFuture.java:1771)
	at java.util.concurrent.CompletableFuture.get(CompletableFuture.java:1915)
	at org.apache.ratis.util.IOUtils.getFromFuture(IOUtils.java:79)
	... 4 more
2019-09-16 16:15:06,677 [java.util.concurrent.ThreadPoolExecutor$Worker@761563d2[State = -1, empty queue]] WARN  server.GrpcLogAppender (GrpcLogAppender.java:timeoutAppendRequest(200)) - 8f6ed14e-9847-41b2-84b1-f48134b0885d@group-9D5AAEACE39C->6151a780-4ba7-403b-be5b-70f0763d4a32-GrpcLogAppender: appendEntries Timeout, request=8f6ed14e-9847-41b2-84b1-f48134b0885d->6151a780-4ba7-403b-be5b-70f0763d4a32#59-t3, previous=(t:3, i:22), leaderCommit=16, initializing? false, entries: <empty>
2019-09-16 16:15:06,678 [java.util.concurrent.ThreadPoolExecutor$Worker@53f11beb[State = -1, empty queue]] WARN  server.GrpcLogAppender (GrpcLogAppender.java:timeoutAppendRequest(200)) - 8f6ed14e-9847-41b2-84b1-f48134b0885d@group-9D5AAEACE39C->d3f833b2-527d-4ab6-a086-d6ad4a131c32-GrpcLogAppender: appendEntries Timeout, request=8f6ed14e-9847-41b2-84b1-f48134b0885d->d3f833b2-527d-4ab6-a086-d6ad4a131c32#59-t3, previous=(t:3, i:22), leaderCommit=16, initializing? false, entries: <empty>
2019-09-16 16:15:07,055 [grpc-default-executor-1] INFO  client.GrpcClientProtocolClient (GrpcClientProtocolClient.java:onNext(264)) - client-7C287F4031E3->d3f833b2-527d-4ab6-a086-d6ad4a131c32: receive RaftClientReply:client-7C287F4031E3->d3f833b2-527d-4ab6-a086-d6ad4a131c32@group-9D5AAEACE39C, cid=25, FAILED org.apache.ratis.protocol.NotLeaderException: Server d3f833b2-527d-4ab6-a086-d6ad4a131c32@group-9D5AAEACE39C is not the leader 8f6ed14e-9847-41b2-84b1-f48134b0885d:192.168.34.47:40491, logIndex=0, commits[d3f833b2-527d-4ab6-a086-d6ad4a131c32:c16, 6151a780-4ba7-403b-be5b-70f0763d4a32:c16, 8f6ed14e-9847-41b2-84b1-f48134b0885d:c16]
2019-09-16 16:15:09,178 [java.util.concurrent.ThreadPoolExecutor$Worker@761563d2[State = -1, empty queue]] WARN  server.GrpcLogAppender (GrpcLogAppender.java:timeoutAppendRequest(200)) - 8f6ed14e-9847-41b2-84b1-f48134b0885d@group-9D5AAEACE39C->6151a780-4ba7-403b-be5b-70f0763d4a32-GrpcLogAppender: appendEntries Timeout, request=8f6ed14e-9847-41b2-84b1-f48134b0885d->6151a780-4ba7-403b-be5b-70f0763d4a32#60-t3, previous=(t:3, i:22), leaderCommit=16, initializing? false, entries: <empty>
2019-09-16 16:15:09,178 [java.util.concurrent.ThreadPoolExecutor$Worker@53f11beb[State = -1, empty queue]] WARN  server.GrpcLogAppender (GrpcLogAppender.java:timeoutAppendRequest(200)) - 8f6ed14e-9847-41b2-84b1-f48134b0885d@group-9D5AAEACE39C->d3f833b2-527d-4ab6-a086-d6ad4a131c32-GrpcLogAppender: appendEntries Timeout, request=8f6ed14e-9847-41b2-84b1-f48134b0885d->d3f833b2-527d-4ab6-a086-d6ad4a131c32#60-t3, previous=(t:3, i:22), leaderCommit=16, initializing? false, entries: <empty>
2019-09-16 16:15:11,678 [java.util.concurrent.ThreadPoolExecutor$Worker@761563d2[State = -1, empty queue]] WARN  server.GrpcLogAppender (GrpcLogAppender.java:timeoutAppendRequest(200)) - 8f6ed14e-9847-41b2-84b1-f48134b0885d@group-9D5AAEACE39C->6151a780-4ba7-403b-be5b-70f0763d4a32-GrpcLogAppender: appendEntries Timeout, request=8f6ed14e-9847-41b2-84b1-f48134b0885d->6151a780-4ba7-403b-be5b-70f0763d4a32#61-t3, previous=(t:3, i:22), leaderCommit=16, initializing? false, entries: <empty>
2019-09-16 16:15:11,679 [java.util.concurrent.ThreadPoolExecutor$Worker@53f11beb[State = -1, empty queue]] WARN  server.GrpcLogAppender (GrpcLogAppender.java:timeoutAppendRequest(200)) - 8f6ed14e-9847-41b2-84b1-f48134b0885d@group-9D5AAEACE39C->d3f833b2-527d-4ab6-a086-d6ad4a131c32-GrpcLogAppender: appendEntries Timeout, request=8f6ed14e-9847-41b2-84b1-f48134b0885d->d3f833b2-527d-4ab6-a086-d6ad4a131c32#61-t3, previous=(t:3, i:22), leaderCommit=16, initializing? false, entries: <empty>
2019-09-16 16:15:12,109 [grpc-default-executor-5] INFO  client.GrpcClientProtocolClient (GrpcClientProtocolClient.java:onNext(264)) - client-7C287F4031E3->6151a780-4ba7-403b-be5b-70f0763d4a32: receive RaftClientReply:client-7C287F4031E3->6151a780-4ba7-403b-be5b-70f0763d4a32@group-9D5AAEACE39C, cid=25, FAILED org.apache.ratis.protocol.NotLeaderException: Server 6151a780-4ba7-403b-be5b-70f0763d4a32@group-9D5AAEACE39C is not the leader 8f6ed14e-9847-41b2-84b1-f48134b0885d:192.168.34.47:40491, logIndex=0, commits[6151a780-4ba7-403b-be5b-70f0763d4a32:c16, d3f833b2-527d-4ab6-a086-d6ad4a131c32:c16, 8f6ed14e-9847-41b2-84b1-f48134b0885d:c16]
2019-09-16 16:15:14,179 [java.util.concurrent.ThreadPoolExecutor$Worker@761563d2[State = -1, empty queue]] WARN  server.GrpcLogAppender (GrpcLogAppender.java:timeoutAppendRequest(200)) - 8f6ed14e-9847-41b2-84b1-f48134b0885d@group-9D5AAEACE39C->6151a780-4ba7-403b-be5b-70f0763d4a32-GrpcLogAppender: appendEntries Timeout, request=8f6ed14e-9847-41b2-84b1-f48134b0885d->6151a780-4ba7-403b-be5b-70f0763d4a32#62-t3, previous=(t:3, i:22), leaderCommit=16, initializing? false, entries: <empty>
2019-09-16 16:15:14,179 [java.util.concurrent.ThreadPoolExecutor$Worker@53f11beb[State = -1, empty queue]] WARN  server.GrpcLogAppender (GrpcLogAppender.java:timeoutAppendRequest(200)) - 8f6ed14e-9847-41b2-84b1-f48134b0885d@group-9D5AAEACE39C->d3f833b2-527d-4ab6-a086-d6ad4a131c32-GrpcLogAppender: appendEntries Timeout, request=8f6ed14e-9847-41b2-84b1-f48134b0885d->d3f833b2-527d-4ab6-a086-d6ad4a131c32#62-t3, previous=(t:3, i:22), leaderCommit=16, initializing? false, entries: <empty>
2019-09-16 16:15:16,303 [6151a780-4ba7-403b-be5b-70f0763d4a32@group-9D5AAEACE39C-SegmentedRaftLogWorker] WARN  segmented.SegmentedRaftLogWorker (SegmentedRaftLogWorker.java:getFromFuture(90)) - Timeout 9/~
org.apache.ratis.protocol.TimeoutIOException: Timeout 10s: WriteLog:18: (t:3, i:18), STATEMACHINELOGENTRY, client-7C287F4031E3, cid=26-writeStateMachineData
	at org.apache.ratis.util.IOUtils.getFromFuture(IOUtils.java:87)
	at org.apache.ratis.server.raftlog.segmented.SegmentedRaftLogWorker$StateMachineDataPolicy.getFromFuture(SegmentedRaftLogWorker.java:87)
	at org.apache.ratis.server.raftlog.segmented.SegmentedRaftLogWorker$WriteLog.execute(SegmentedRaftLogWorker.java:477)
	at org.apache.ratis.server.raftlog.segmented.SegmentedRaftLogWorker.run(SegmentedRaftLogWorker.java:289)
	at java.lang.Thread.run(Thread.java:748)
Caused by: java.util.concurrent.TimeoutException
	at java.util.concurrent.CompletableFuture.timedGet(CompletableFuture.java:1771)
	at java.util.concurrent.CompletableFuture.get(CompletableFuture.java:1915)
	at org.apache.ratis.util.IOUtils.getFromFuture(IOUtils.java:79)
	... 4 more
2019-09-16 16:15:16,325 [d3f833b2-527d-4ab6-a086-d6ad4a131c32@group-9D5AAEACE39C-SegmentedRaftLogWorker] WARN  segmented.SegmentedRaftLogWorker (SegmentedRaftLogWorker.java:getFromFuture(90)) - Timeout 9/~
org.apache.ratis.protocol.TimeoutIOException: Timeout 10s: WriteLog:18: (t:3, i:18), STATEMACHINELOGENTRY, client-7C287F4031E3, cid=26-writeStateMachineData
	at org.apache.ratis.util.IOUtils.getFromFuture(IOUtils.java:87)
	at org.apache.ratis.server.raftlog.segmented.SegmentedRaftLogWorker$StateMachineDataPolicy.getFromFuture(SegmentedRaftLogWorker.java:87)
	at org.apache.ratis.server.raftlog.segmented.SegmentedRaftLogWorker$WriteLog.execute(SegmentedRaftLogWorker.java:477)
	at org.apache.ratis.server.raftlog.segmented.SegmentedRaftLogWorker.run(SegmentedRaftLogWorker.java:289)
	at java.lang.Thread.run(Thread.java:748)
Caused by: java.util.concurrent.TimeoutException
	at java.util.concurrent.CompletableFuture.timedGet(CompletableFuture.java:1771)
	at java.util.concurrent.CompletableFuture.get(CompletableFuture.java:1915)
	at org.apache.ratis.util.IOUtils.getFromFuture(IOUtils.java:79)
	... 4 more
2019-09-16 16:15:16,326 [8f6ed14e-9847-41b2-84b1-f48134b0885d@group-9D5AAEACE39C-SegmentedRaftLogWorker] WARN  segmented.SegmentedRaftLogWorker (SegmentedRaftLogWorker.java:getFromFuture(90)) - Timeout 9/~
org.apache.ratis.protocol.TimeoutIOException: Timeout 10s: WriteLog:18: (t:3, i:18), STATEMACHINELOGENTRY, client-7C287F4031E3, cid=26-writeStateMachineData
	at org.apache.ratis.util.IOUtils.getFromFuture(IOUtils.java:87)
	at org.apache.ratis.server.raftlog.segmented.SegmentedRaftLogWorker$StateMachineDataPolicy.getFromFuture(SegmentedRaftLogWorker.java:87)
	at org.apache.ratis.server.raftlog.segmented.SegmentedRaftLogWorker$WriteLog.execute(SegmentedRaftLogWorker.java:477)
	at org.apache.ratis.server.raftlog.segmented.SegmentedRaftLogWorker.run(SegmentedRaftLogWorker.java:289)
	at java.lang.Thread.run(Thread.java:748)
Caused by: java.util.concurrent.TimeoutException
	at java.util.concurrent.CompletableFuture.timedGet(CompletableFuture.java:1771)
	at java.util.concurrent.CompletableFuture.get(CompletableFuture.java:1915)
	at org.apache.ratis.util.IOUtils.getFromFuture(IOUtils.java:79)
	... 4 more
2019-09-16 16:15:16,679 [java.util.concurrent.ThreadPoolExecutor$Worker@761563d2[State = -1, empty queue]] WARN  server.GrpcLogAppender (GrpcLogAppender.java:timeoutAppendRequest(200)) - 8f6ed14e-9847-41b2-84b1-f48134b0885d@group-9D5AAEACE39C->6151a780-4ba7-403b-be5b-70f0763d4a32-GrpcLogAppender: appendEntries Timeout, request=8f6ed14e-9847-41b2-84b1-f48134b0885d->6151a780-4ba7-403b-be5b-70f0763d4a32#63-t3, previous=(t:3, i:22), leaderCommit=16, initializing? false, entries: <empty>
2019-09-16 16:15:16,679 [java.util.concurrent.ThreadPoolExecutor$Worker@53f11beb[State = -1, empty queue]] WARN  server.GrpcLogAppender (GrpcLogAppender.java:timeoutAppendRequest(200)) - 8f6ed14e-9847-41b2-84b1-f48134b0885d@group-9D5AAEACE39C->d3f833b2-527d-4ab6-a086-d6ad4a131c32-GrpcLogAppender: appendEntries Timeout, request=8f6ed14e-9847-41b2-84b1-f48134b0885d->d3f833b2-527d-4ab6-a086-d6ad4a131c32#63-t3, previous=(t:3, i:22), leaderCommit=16, initializing? false, entries: <empty>
2019-09-16 16:15:17,157 [grpc-default-executor-4] INFO  client.GrpcClientProtocolClient (GrpcClientProtocolClient.java:onNext(264)) - client-7C287F4031E3->6151a780-4ba7-403b-be5b-70f0763d4a32: receive RaftClientReply:client-7C287F4031E3->6151a780-4ba7-403b-be5b-70f0763d4a32@group-9D5AAEACE39C, cid=25, FAILED org.apache.ratis.protocol.NotLeaderException: Server 6151a780-4ba7-403b-be5b-70f0763d4a32@group-9D5AAEACE39C is not the leader 8f6ed14e-9847-41b2-84b1-f48134b0885d:192.168.34.47:40491, logIndex=0, commits[6151a780-4ba7-403b-be5b-70f0763d4a32:c16, d3f833b2-527d-4ab6-a086-d6ad4a131c32:c16, 8f6ed14e-9847-41b2-84b1-f48134b0885d:c16]
2019-09-16 16:15:19,180 [java.util.concurrent.ThreadPoolExecutor$Worker@761563d2[State = -1, empty queue]] WARN  server.GrpcLogAppender (GrpcLogAppender.java:timeoutAppendRequest(200)) - 8f6ed14e-9847-41b2-84b1-f48134b0885d@group-9D5AAEACE39C->6151a780-4ba7-403b-be5b-70f0763d4a32-GrpcLogAppender: appendEntries Timeout, request=8f6ed14e-9847-41b2-84b1-f48134b0885d->6151a780-4ba7-403b-be5b-70f0763d4a32#64-t3, previous=(t:3, i:22), leaderCommit=16, initializing? false, entries: <empty>
2019-09-16 16:15:19,180 [java.util.concurrent.ThreadPoolExecutor$Worker@53f11beb[State = -1, empty queue]] WARN  server.GrpcLogAppender (GrpcLogAppender.java:timeoutAppendRequest(200)) - 8f6ed14e-9847-41b2-84b1-f48134b0885d@group-9D5AAEACE39C->d3f833b2-527d-4ab6-a086-d6ad4a131c32-GrpcLogAppender: appendEntries Timeout, request=8f6ed14e-9847-41b2-84b1-f48134b0885d->d3f833b2-527d-4ab6-a086-d6ad4a131c32#64-t3, previous=(t:3, i:22), leaderCommit=16, initializing? false, entries: <empty>
2019-09-16 16:15:21,680 [java.util.concurrent.ThreadPoolExecutor$Worker@761563d2[State = -1, empty queue]] WARN  server.GrpcLogAppender (GrpcLogAppender.java:timeoutAppendRequest(200)) - 8f6ed14e-9847-41b2-84b1-f48134b0885d@group-9D5AAEACE39C->6151a780-4ba7-403b-be5b-70f0763d4a32-GrpcLogAppender: appendEntries Timeout, request=8f6ed14e-9847-41b2-84b1-f48134b0885d->6151a780-4ba7-403b-be5b-70f0763d4a32#65-t3, previous=(t:3, i:22), leaderCommit=16, initializing? false, entries: <empty>
2019-09-16 16:15:21,680 [java.util.concurrent.ThreadPoolExecutor$Worker@53f11beb[State = -1, empty queue]] WARN  server.GrpcLogAppender (GrpcLogAppender.java:timeoutAppendRequest(200)) - 8f6ed14e-9847-41b2-84b1-f48134b0885d@group-9D5AAEACE39C->d3f833b2-527d-4ab6-a086-d6ad4a131c32-GrpcLogAppender: appendEntries Timeout, request=8f6ed14e-9847-41b2-84b1-f48134b0885d->d3f833b2-527d-4ab6-a086-d6ad4a131c32#65-t3, previous=(t:3, i:22), leaderCommit=16, initializing? false, entries: <empty>
2019-09-16 16:15:22,195 [grpc-default-executor-5] INFO  client.GrpcClientProtocolClient (GrpcClientProtocolClient.java:onNext(264)) - client-7C287F4031E3->6151a780-4ba7-403b-be5b-70f0763d4a32: receive RaftClientReply:client-7C287F4031E3->6151a780-4ba7-403b-be5b-70f0763d4a32@group-9D5AAEACE39C, cid=25, FAILED org.apache.ratis.protocol.NotLeaderException: Server 6151a780-4ba7-403b-be5b-70f0763d4a32@group-9D5AAEACE39C is not the leader 8f6ed14e-9847-41b2-84b1-f48134b0885d:192.168.34.47:40491, logIndex=0, commits[6151a780-4ba7-403b-be5b-70f0763d4a32:c16, d3f833b2-527d-4ab6-a086-d6ad4a131c32:c16, 8f6ed14e-9847-41b2-84b1-f48134b0885d:c16]
2019-09-16 16:15:24,180 [java.util.concurrent.ThreadPoolExecutor$Worker@761563d2[State = -1, empty queue]] WARN  server.GrpcLogAppender (GrpcLogAppender.java:timeoutAppendRequest(200)) - 8f6ed14e-9847-41b2-84b1-f48134b0885d@group-9D5AAEACE39C->6151a780-4ba7-403b-be5b-70f0763d4a32-GrpcLogAppender: appendEntries Timeout, request=8f6ed14e-9847-41b2-84b1-f48134b0885d->6151a780-4ba7-403b-be5b-70f0763d4a32#66-t3, previous=(t:3, i:22), leaderCommit=16, initializing? false, entries: <empty>
2019-09-16 16:15:24,180 [java.util.concurrent.ThreadPoolExecutor$Worker@53f11beb[State = -1, empty queue]] WARN  server.GrpcLogAppender (GrpcLogAppender.java:timeoutAppendRequest(200)) - 8f6ed14e-9847-41b2-84b1-f48134b0885d@group-9D5AAEACE39C->d3f833b2-527d-4ab6-a086-d6ad4a131c32-GrpcLogAppender: appendEntries Timeout, request=8f6ed14e-9847-41b2-84b1-f48134b0885d->d3f833b2-527d-4ab6-a086-d6ad4a131c32#66-t3, previous=(t:3, i:22), leaderCommit=16, initializing? false, entries: <empty>
2019-09-16 16:15:26,304 [6151a780-4ba7-403b-be5b-70f0763d4a32@group-9D5AAEACE39C-SegmentedRaftLogWorker] WARN  segmented.SegmentedRaftLogWorker (SegmentedRaftLogWorker.java:getFromFuture(90)) - Timeout 10/~
org.apache.ratis.protocol.TimeoutIOException: Timeout 10s: WriteLog:18: (t:3, i:18), STATEMACHINELOGENTRY, client-7C287F4031E3, cid=26-writeStateMachineData
	at org.apache.ratis.util.IOUtils.getFromFuture(IOUtils.java:87)
	at org.apache.ratis.server.raftlog.segmented.SegmentedRaftLogWorker$StateMachineDataPolicy.getFromFuture(SegmentedRaftLogWorker.java:87)
	at org.apache.ratis.server.raftlog.segmented.SegmentedRaftLogWorker$WriteLog.execute(SegmentedRaftLogWorker.java:477)
	at org.apache.ratis.server.raftlog.segmented.SegmentedRaftLogWorker.run(SegmentedRaftLogWorker.java:289)
	at java.lang.Thread.run(Thread.java:748)
Caused by: java.util.concurrent.TimeoutException
	at java.util.concurrent.CompletableFuture.timedGet(CompletableFuture.java:1771)
	at java.util.concurrent.CompletableFuture.get(CompletableFuture.java:1915)
	at org.apache.ratis.util.IOUtils.getFromFuture(IOUtils.java:79)
	... 4 more
2019-09-16 16:15:26,326 [d3f833b2-527d-4ab6-a086-d6ad4a131c32@group-9D5AAEACE39C-SegmentedRaftLogWorker] WARN  segmented.SegmentedRaftLogWorker (SegmentedRaftLogWorker.java:getFromFuture(90)) - Timeout 10/~
org.apache.ratis.protocol.TimeoutIOException: Timeout 10s: WriteLog:18: (t:3, i:18), STATEMACHINELOGENTRY, client-7C287F4031E3, cid=26-writeStateMachineData
	at org.apache.ratis.util.IOUtils.getFromFuture(IOUtils.java:87)
	at org.apache.ratis.server.raftlog.segmented.SegmentedRaftLogWorker$StateMachineDataPolicy.getFromFuture(SegmentedRaftLogWorker.java:87)
	at org.apache.ratis.server.raftlog.segmented.SegmentedRaftLogWorker$WriteLog.execute(SegmentedRaftLogWorker.java:477)
	at org.apache.ratis.server.raftlog.segmented.SegmentedRaftLogWorker.run(SegmentedRaftLogWorker.java:289)
	at java.lang.Thread.run(Thread.java:748)
Caused by: java.util.concurrent.TimeoutException
	at java.util.concurrent.CompletableFuture.timedGet(CompletableFuture.java:1771)
	at java.util.concurrent.CompletableFuture.get(CompletableFuture.java:1915)
	at org.apache.ratis.util.IOUtils.getFromFuture(IOUtils.java:79)
	... 4 more
2019-09-16 16:15:26,326 [8f6ed14e-9847-41b2-84b1-f48134b0885d@group-9D5AAEACE39C-SegmentedRaftLogWorker] WARN  segmented.SegmentedRaftLogWorker (SegmentedRaftLogWorker.java:getFromFuture(90)) - Timeout 10/~
org.apache.ratis.protocol.TimeoutIOException: Timeout 10s: WriteLog:18: (t:3, i:18), STATEMACHINELOGENTRY, client-7C287F4031E3, cid=26-writeStateMachineData
	at org.apache.ratis.util.IOUtils.getFromFuture(IOUtils.java:87)
	at org.apache.ratis.server.raftlog.segmented.SegmentedRaftLogWorker$StateMachineDataPolicy.getFromFuture(SegmentedRaftLogWorker.java:87)
	at org.apache.ratis.server.raftlog.segmented.SegmentedRaftLogWorker$WriteLog.execute(SegmentedRaftLogWorker.java:477)
	at org.apache.ratis.server.raftlog.segmented.SegmentedRaftLogWorker.run(SegmentedRaftLogWorker.java:289)
	at java.lang.Thread.run(Thread.java:748)
Caused by: java.util.concurrent.TimeoutException
	at java.util.concurrent.CompletableFuture.timedGet(CompletableFuture.java:1771)
	at java.util.concurrent.CompletableFuture.get(CompletableFuture.java:1915)
	at org.apache.ratis.util.IOUtils.getFromFuture(IOUtils.java:79)
	... 4 more
2019-09-16 16:15:26,681 [java.util.concurrent.ThreadPoolExecutor$Worker@53f11beb[State = -1, empty queue]] WARN  server.GrpcLogAppender (GrpcLogAppender.java:timeoutAppendRequest(200)) - 8f6ed14e-9847-41b2-84b1-f48134b0885d@group-9D5AAEACE39C->d3f833b2-527d-4ab6-a086-d6ad4a131c32-GrpcLogAppender: appendEntries Timeout, request=8f6ed14e-9847-41b2-84b1-f48134b0885d->d3f833b2-527d-4ab6-a086-d6ad4a131c32#67-t3, previous=(t:3, i:22), leaderCommit=16, initializing? false, entries: <empty>
2019-09-16 16:15:26,681 [java.util.concurrent.ThreadPoolExecutor$Worker@761563d2[State = -1, empty queue]] WARN  server.GrpcLogAppender (GrpcLogAppender.java:timeoutAppendRequest(200)) - 8f6ed14e-9847-41b2-84b1-f48134b0885d@group-9D5AAEACE39C->6151a780-4ba7-403b-be5b-70f0763d4a32-GrpcLogAppender: appendEntries Timeout, request=8f6ed14e-9847-41b2-84b1-f48134b0885d->6151a780-4ba7-403b-be5b-70f0763d4a32#67-t3, previous=(t:3, i:22), leaderCommit=16, initializing? false, entries: <empty>
2019-09-16 16:15:27,229 [grpc-default-executor-5] INFO  client.GrpcClientProtocolClient (GrpcClientProtocolClient.java:onNext(264)) - client-7C287F4031E3->6151a780-4ba7-403b-be5b-70f0763d4a32: receive RaftClientReply:client-7C287F4031E3->6151a780-4ba7-403b-be5b-70f0763d4a32@group-9D5AAEACE39C, cid=25, FAILED org.apache.ratis.protocol.NotLeaderException: Server 6151a780-4ba7-403b-be5b-70f0763d4a32@group-9D5AAEACE39C is not the leader 8f6ed14e-9847-41b2-84b1-f48134b0885d:192.168.34.47:40491, logIndex=0, commits[6151a780-4ba7-403b-be5b-70f0763d4a32:c16, d3f833b2-527d-4ab6-a086-d6ad4a131c32:c16, 8f6ed14e-9847-41b2-84b1-f48134b0885d:c16]
2019-09-16 16:15:29,181 [java.util.concurrent.ThreadPoolExecutor$Worker@53f11beb[State = -1, empty queue]] WARN  server.GrpcLogAppender (GrpcLogAppender.java:timeoutAppendRequest(200)) - 8f6ed14e-9847-41b2-84b1-f48134b0885d@group-9D5AAEACE39C->d3f833b2-527d-4ab6-a086-d6ad4a131c32-GrpcLogAppender: appendEntries Timeout, request=8f6ed14e-9847-41b2-84b1-f48134b0885d->d3f833b2-527d-4ab6-a086-d6ad4a131c32#68-t3, previous=(t:3, i:22), leaderCommit=16, initializing? false, entries: <empty>
2019-09-16 16:15:29,181 [java.util.concurrent.ThreadPoolExecutor$Worker@761563d2[State = -1, empty queue]] WARN  server.GrpcLogAppender (GrpcLogAppender.java:timeoutAppendRequest(200)) - 8f6ed14e-9847-41b2-84b1-f48134b0885d@group-9D5AAEACE39C->6151a780-4ba7-403b-be5b-70f0763d4a32-GrpcLogAppender: appendEntries Timeout, request=8f6ed14e-9847-41b2-84b1-f48134b0885d->6151a780-4ba7-403b-be5b-70f0763d4a32#68-t3, previous=(t:3, i:22), leaderCommit=16, initializing? false, entries: <empty>
2019-09-16 16:15:31,682 [java.util.concurrent.ThreadPoolExecutor$Worker@53f11beb[State = -1, empty queue]] WARN  server.GrpcLogAppender (GrpcLogAppender.java:timeoutAppendRequest(200)) - 8f6ed14e-9847-41b2-84b1-f48134b0885d@group-9D5AAEACE39C->d3f833b2-527d-4ab6-a086-d6ad4a131c32-GrpcLogAppender: appendEntries Timeout, request=8f6ed14e-9847-41b2-84b1-f48134b0885d->d3f833b2-527d-4ab6-a086-d6ad4a131c32#69-t3, previous=(t:3, i:22), leaderCommit=16, initializing? false, entries: <empty>
2019-09-16 16:15:31,682 [java.util.concurrent.ThreadPoolExecutor$Worker@761563d2[State = -1, empty queue]] WARN  server.GrpcLogAppender (GrpcLogAppender.java:timeoutAppendRequest(200)) - 8f6ed14e-9847-41b2-84b1-f48134b0885d@group-9D5AAEACE39C->6151a780-4ba7-403b-be5b-70f0763d4a32-GrpcLogAppender: appendEntries Timeout, request=8f6ed14e-9847-41b2-84b1-f48134b0885d->6151a780-4ba7-403b-be5b-70f0763d4a32#69-t3, previous=(t:3, i:22), leaderCommit=16, initializing? false, entries: <empty>
2019-09-16 16:15:32,260 [grpc-default-executor-1] INFO  client.GrpcClientProtocolClient (GrpcClientProtocolClient.java:onNext(264)) - client-7C287F4031E3->d3f833b2-527d-4ab6-a086-d6ad4a131c32: receive RaftClientReply:client-7C287F4031E3->d3f833b2-527d-4ab6-a086-d6ad4a131c32@group-9D5AAEACE39C, cid=25, FAILED org.apache.ratis.protocol.NotLeaderException: Server d3f833b2-527d-4ab6-a086-d6ad4a131c32@group-9D5AAEACE39C is not the leader 8f6ed14e-9847-41b2-84b1-f48134b0885d:192.168.34.47:40491, logIndex=0, commits[d3f833b2-527d-4ab6-a086-d6ad4a131c32:c16, 6151a780-4ba7-403b-be5b-70f0763d4a32:c16, 8f6ed14e-9847-41b2-84b1-f48134b0885d:c16]
2019-09-16 16:15:34,182 [java.util.concurrent.ThreadPoolExecutor$Worker@53f11beb[State = -1, empty queue]] WARN  server.GrpcLogAppender (GrpcLogAppender.java:timeoutAppendRequest(200)) - 8f6ed14e-9847-41b2-84b1-f48134b0885d@group-9D5AAEACE39C->d3f833b2-527d-4ab6-a086-d6ad4a131c32-GrpcLogAppender: appendEntries Timeout, request=8f6ed14e-9847-41b2-84b1-f48134b0885d->d3f833b2-527d-4ab6-a086-d6ad4a131c32#70-t3, previous=(t:3, i:22), leaderCommit=16, initializing? false, entries: <empty>
2019-09-16 16:15:34,182 [java.util.concurrent.ThreadPoolExecutor$Worker@761563d2[State = -1, empty queue]] WARN  server.GrpcLogAppender (GrpcLogAppender.java:timeoutAppendRequest(200)) - 8f6ed14e-9847-41b2-84b1-f48134b0885d@group-9D5AAEACE39C->6151a780-4ba7-403b-be5b-70f0763d4a32-GrpcLogAppender: appendEntries Timeout, request=8f6ed14e-9847-41b2-84b1-f48134b0885d->6151a780-4ba7-403b-be5b-70f0763d4a32#70-t3, previous=(t:3, i:22), leaderCommit=16, initializing? false, entries: <empty>
2019-09-16 16:15:36,233 [org.apache.ratis.server.impl.LogAppender$AppenderDaemon$$Lambda$507/334588113@9342042] ERROR ratis.XceiverServerRatis (XceiverServerRatis.java:triggerPipelineClose(568)) - pipeline Action CLOSE  on pipeline PipelineID=66475b26-f7ec-4ee2-b1cf-9d5aaeace39c.Reason : 8f6ed14e-9847-41b2-84b1-f48134b0885d has not seen follower/s 6151a780-4ba7-403b-be5b-70f0763d4a32 for 120576ms d3f833b2-527d-4ab6-a086-d6ad4a131c32 for 120579ms
2019-09-16 16:15:36,233 [org.apache.ratis.server.impl.LogAppender$AppenderDaemon$$Lambda$507/334588113@72322554] ERROR ratis.XceiverServerRatis (XceiverServerRatis.java:triggerPipelineClose(568)) - pipeline Action CLOSE  on pipeline PipelineID=66475b26-f7ec-4ee2-b1cf-9d5aaeace39c.Reason : 8f6ed14e-9847-41b2-84b1-f48134b0885d has not seen follower/s 6151a780-4ba7-403b-be5b-70f0763d4a32 for 120576ms d3f833b2-527d-4ab6-a086-d6ad4a131c32 for 120579ms
2019-09-16 16:15:36,295 [EventQueue-PipelineActionsForPipelineActionHandler] ERROR pipeline.PipelineActionHandler (PipelineActionHandler.java:onMessage(60)) - Received pipeline action CLOSE for Pipeline[ Id: 66475b26-f7ec-4ee2-b1cf-9d5aaeace39c, Nodes: 8f6ed14e-9847-41b2-84b1-f48134b0885d{ip: 192.168.34.47, host: pr-hdds-2111-ptm9r-3382166736, networkLocation: /default-rack, certSerialId: null}6151a780-4ba7-403b-be5b-70f0763d4a32{ip: 192.168.34.47, host: pr-hdds-2111-ptm9r-3382166736, networkLocation: /default-rack, certSerialId: null}d3f833b2-527d-4ab6-a086-d6ad4a131c32{ip: 192.168.34.47, host: pr-hdds-2111-ptm9r-3382166736, networkLocation: /default-rack, certSerialId: null}, Type:RATIS, Factor:THREE, State:OPEN] from datanode 8f6ed14e-9847-41b2-84b1-f48134b0885d{ip: 192.168.34.47, host: pr-hdds-2111-ptm9r-3382166736, networkLocation: /default-rack, certSerialId: null}. Reason : 8f6ed14e-9847-41b2-84b1-f48134b0885d has not seen follower/s 6151a780-4ba7-403b-be5b-70f0763d4a32 for 120576ms d3f833b2-527d-4ab6-a086-d6ad4a131c32 for 120579ms
2019-09-16 16:15:36,295 [EventQueue-PipelineActionsForPipelineActionHandler] INFO  pipeline.SCMPipelineManager (SCMPipelineManager.java:finalizeAndDestroyPipeline(311)) - destroying pipeline:Pipeline[ Id: 66475b26-f7ec-4ee2-b1cf-9d5aaeace39c, Nodes: 8f6ed14e-9847-41b2-84b1-f48134b0885d{ip: 192.168.34.47, host: pr-hdds-2111-ptm9r-3382166736, networkLocation: /default-rack, certSerialId: null}6151a780-4ba7-403b-be5b-70f0763d4a32{ip: 192.168.34.47, host: pr-hdds-2111-ptm9r-3382166736, networkLocation: /default-rack, certSerialId: null}d3f833b2-527d-4ab6-a086-d6ad4a131c32{ip: 192.168.34.47, host: pr-hdds-2111-ptm9r-3382166736, networkLocation: /default-rack, certSerialId: null}, Type:RATIS, Factor:THREE, State:OPEN]
2019-09-16 16:15:36,296 [EventQueue-PipelineActionsForPipelineActionHandler] INFO  pipeline.PipelineStateManager (PipelineStateManager.java:finalizePipeline(123)) - Pipeline Pipeline[ Id: 66475b26-f7ec-4ee2-b1cf-9d5aaeace39c, Nodes: 8f6ed14e-9847-41b2-84b1-f48134b0885d{ip: 192.168.34.47, host: pr-hdds-2111-ptm9r-3382166736, networkLocation: /default-rack, certSerialId: null}6151a780-4ba7-403b-be5b-70f0763d4a32{ip: 192.168.34.47, host: pr-hdds-2111-ptm9r-3382166736, networkLocation: /default-rack, certSerialId: null}d3f833b2-527d-4ab6-a086-d6ad4a131c32{ip: 192.168.34.47, host: pr-hdds-2111-ptm9r-3382166736, networkLocation: /default-rack, certSerialId: null}, Type:RATIS, Factor:THREE, State:CLOSED] moved to CLOSED state
2019-09-16 16:15:36,299 [EventQueue-CloseContainerForCloseContainerEventHandler] INFO  container.CloseContainerEventHandler (CloseContainerEventHandler.java:onMessage(61)) - Close container Event triggered for container : #1
2019-09-16 16:15:36,304 [6151a780-4ba7-403b-be5b-70f0763d4a32@group-9D5AAEACE39C-SegmentedRaftLogWorker] WARN  segmented.SegmentedRaftLogWorker (SegmentedRaftLogWorker.java:getFromFuture(90)) - Timeout 11/~
org.apache.ratis.protocol.TimeoutIOException: Timeout 10s: WriteLog:18: (t:3, i:18), STATEMACHINELOGENTRY, client-7C287F4031E3, cid=26-writeStateMachineData
	at org.apache.ratis.util.IOUtils.getFromFuture(IOUtils.java:87)
	at org.apache.ratis.server.raftlog.segmented.SegmentedRaftLogWorker$StateMachineDataPolicy.getFromFuture(SegmentedRaftLogWorker.java:87)
	at org.apache.ratis.server.raftlog.segmented.SegmentedRaftLogWorker$WriteLog.execute(SegmentedRaftLogWorker.java:477)
	at org.apache.ratis.server.raftlog.segmented.SegmentedRaftLogWorker.run(SegmentedRaftLogWorker.java:289)
	at java.lang.Thread.run(Thread.java:748)
Caused by: java.util.concurrent.TimeoutException
	at java.util.concurrent.CompletableFuture.timedGet(CompletableFuture.java:1771)
	at java.util.concurrent.CompletableFuture.get(CompletableFuture.java:1915)
	at org.apache.ratis.util.IOUtils.getFromFuture(IOUtils.java:79)
	... 4 more
2019-09-16 16:15:36,314 [EventQueue-CloseContainerForCloseContainerEventHandler] INFO  container.CloseContainerEventHandler (CloseContainerEventHandler.java:onMessage(61)) - Close container Event triggered for container : #2
2019-09-16 16:15:36,317 [EventQueue-CloseContainerForCloseContainerEventHandler] INFO  container.CloseContainerEventHandler (CloseContainerEventHandler.java:onMessage(61)) - Close container Event triggered for container : #4
2019-09-16 16:15:36,326 [d3f833b2-527d-4ab6-a086-d6ad4a131c32@group-9D5AAEACE39C-SegmentedRaftLogWorker] WARN  segmented.SegmentedRaftLogWorker (SegmentedRaftLogWorker.java:getFromFuture(90)) - Timeout 11/~
org.apache.ratis.protocol.TimeoutIOException: Timeout 10s: WriteLog:18: (t:3, i:18), STATEMACHINELOGENTRY, client-7C287F4031E3, cid=26-writeStateMachineData
	at org.apache.ratis.util.IOUtils.getFromFuture(IOUtils.java:87)
	at org.apache.ratis.server.raftlog.segmented.SegmentedRaftLogWorker$StateMachineDataPolicy.getFromFuture(SegmentedRaftLogWorker.java:87)
	at org.apache.ratis.server.raftlog.segmented.SegmentedRaftLogWorker$WriteLog.execute(SegmentedRaftLogWorker.java:477)
	at org.apache.ratis.server.raftlog.segmented.SegmentedRaftLogWorker.run(SegmentedRaftLogWorker.java:289)
	at java.lang.Thread.run(Thread.java:748)
Caused by: java.util.concurrent.TimeoutException
	at java.util.concurrent.CompletableFuture.timedGet(CompletableFuture.java:1771)
	at java.util.concurrent.CompletableFuture.get(CompletableFuture.java:1915)
	at org.apache.ratis.util.IOUtils.getFromFuture(IOUtils.java:79)
	... 4 more
2019-09-16 16:15:36,327 [8f6ed14e-9847-41b2-84b1-f48134b0885d@group-9D5AAEACE39C-SegmentedRaftLogWorker] WARN  segmented.SegmentedRaftLogWorker (SegmentedRaftLogWorker.java:getFromFuture(90)) - Timeout 11/~
org.apache.ratis.protocol.TimeoutIOException: Timeout 10s: WriteLog:18: (t:3, i:18), STATEMACHINELOGENTRY, client-7C287F4031E3, cid=26-writeStateMachineData
	at org.apache.ratis.util.IOUtils.getFromFuture(IOUtils.java:87)
	at org.apache.ratis.server.raftlog.segmented.SegmentedRaftLogWorker$StateMachineDataPolicy.getFromFuture(SegmentedRaftLogWorker.java:87)
	at org.apache.ratis.server.raftlog.segmented.SegmentedRaftLogWorker$WriteLog.execute(SegmentedRaftLogWorker.java:477)
	at org.apache.ratis.server.raftlog.segmented.SegmentedRaftLogWorker.run(SegmentedRaftLogWorker.java:289)
	at java.lang.Thread.run(Thread.java:748)
Caused by: java.util.concurrent.TimeoutException
	at java.util.concurrent.CompletableFuture.timedGet(CompletableFuture.java:1771)
	at java.util.concurrent.CompletableFuture.get(CompletableFuture.java:1915)
	at org.apache.ratis.util.IOUtils.getFromFuture(IOUtils.java:79)
	... 4 more
2019-09-16 16:15:36,683 [java.util.concurrent.ThreadPoolExecutor$Worker@53f11beb[State = -1, empty queue]] WARN  server.GrpcLogAppender (GrpcLogAppender.java:timeoutAppendRequest(200)) - 8f6ed14e-9847-41b2-84b1-f48134b0885d@group-9D5AAEACE39C->d3f833b2-527d-4ab6-a086-d6ad4a131c32-GrpcLogAppender: appendEntries Timeout, request=8f6ed14e-9847-41b2-84b1-f48134b0885d->d3f833b2-527d-4ab6-a086-d6ad4a131c32#71-t3, previous=(t:3, i:22), leaderCommit=16, initializing? false, entries: <empty>
2019-09-16 16:15:36,683 [java.util.concurrent.ThreadPoolExecutor$Worker@761563d2[State = -1, empty queue]] WARN  server.GrpcLogAppender (GrpcLogAppender.java:timeoutAppendRequest(200)) - 8f6ed14e-9847-41b2-84b1-f48134b0885d@group-9D5AAEACE39C->6151a780-4ba7-403b-be5b-70f0763d4a32-GrpcLogAppender: appendEntries Timeout, request=8f6ed14e-9847-41b2-84b1-f48134b0885d->6151a780-4ba7-403b-be5b-70f0763d4a32#71-t3, previous=(t:3, i:22), leaderCommit=16, initializing? false, entries: <empty>
2019-09-16 16:15:37,293 [grpc-default-executor-5] INFO  client.GrpcClientProtocolClient (GrpcClientProtocolClient.java:onNext(264)) - client-7C287F4031E3->6151a780-4ba7-403b-be5b-70f0763d4a32: receive RaftClientReply:client-7C287F4031E3->6151a780-4ba7-403b-be5b-70f0763d4a32@group-9D5AAEACE39C, cid=25, FAILED org.apache.ratis.protocol.NotLeaderException: Server 6151a780-4ba7-403b-be5b-70f0763d4a32@group-9D5AAEACE39C is not the leader 8f6ed14e-9847-41b2-84b1-f48134b0885d:192.168.34.47:40491, logIndex=0, commits[6151a780-4ba7-403b-be5b-70f0763d4a32:c16, d3f833b2-527d-4ab6-a086-d6ad4a131c32:c16, 8f6ed14e-9847-41b2-84b1-f48134b0885d:c16]
2019-09-16 16:15:38,684 [org.apache.ratis.server.impl.LogAppender$AppenderDaemon$$Lambda$507/334588113@9342042] ERROR ratis.XceiverServerRatis (XceiverServerRatis.java:triggerPipelineClose(568)) - pipeline Action CLOSE  on pipeline PipelineID=66475b26-f7ec-4ee2-b1cf-9d5aaeace39c.Reason : 8f6ed14e-9847-41b2-84b1-f48134b0885d has not seen follower/s 6151a780-4ba7-403b-be5b-70f0763d4a32 for 123057ms d3f833b2-527d-4ab6-a086-d6ad4a131c32 for 123057ms
2019-09-16 16:15:38,684 [org.apache.ratis.server.impl.LogAppender$AppenderDaemon$$Lambda$507/334588113@72322554] ERROR ratis.XceiverServerRatis (XceiverServerRatis.java:triggerPipelineClose(568)) - pipeline Action CLOSE  on pipeline PipelineID=66475b26-f7ec-4ee2-b1cf-9d5aaeace39c.Reason : 8f6ed14e-9847-41b2-84b1-f48134b0885d has not seen follower/s 6151a780-4ba7-403b-be5b-70f0763d4a32 for 123057ms d3f833b2-527d-4ab6-a086-d6ad4a131c32 for 123057ms
2019-09-16 16:15:39,183 [java.util.concurrent.ThreadPoolExecutor$Worker@53f11beb[State = -1, empty queue]] WARN  server.GrpcLogAppender (GrpcLogAppender.java:timeoutAppendRequest(200)) - 8f6ed14e-9847-41b2-84b1-f48134b0885d@group-9D5AAEACE39C->d3f833b2-527d-4ab6-a086-d6ad4a131c32-GrpcLogAppender: appendEntries Timeout, request=8f6ed14e-9847-41b2-84b1-f48134b0885d->d3f833b2-527d-4ab6-a086-d6ad4a131c32#72-t3, previous=(t:3, i:22), leaderCommit=16, initializing? false, entries: <empty>
2019-09-16 16:15:39,183 [java.util.concurrent.ThreadPoolExecutor$Worker@761563d2[State = -1, empty queue]] WARN  server.GrpcLogAppender (GrpcLogAppender.java:timeoutAppendRequest(200)) - 8f6ed14e-9847-41b2-84b1-f48134b0885d@group-9D5AAEACE39C->6151a780-4ba7-403b-be5b-70f0763d4a32-GrpcLogAppender: appendEntries Timeout, request=8f6ed14e-9847-41b2-84b1-f48134b0885d->6151a780-4ba7-403b-be5b-70f0763d4a32#72-t3, previous=(t:3, i:22), leaderCommit=16, initializing? false, entries: <empty>
2019-09-16 16:15:39,293 [EventQueue-PipelineActionsForPipelineActionHandler] ERROR pipeline.PipelineActionHandler (PipelineActionHandler.java:onMessage(60)) - Received pipeline action CLOSE for Pipeline[ Id: 66475b26-f7ec-4ee2-b1cf-9d5aaeace39c, Nodes: 8f6ed14e-9847-41b2-84b1-f48134b0885d{ip: 192.168.34.47, host: pr-hdds-2111-ptm9r-3382166736, networkLocation: /default-rack, certSerialId: null}6151a780-4ba7-403b-be5b-70f0763d4a32{ip: 192.168.34.47, host: pr-hdds-2111-ptm9r-3382166736, networkLocation: /default-rack, certSerialId: null}d3f833b2-527d-4ab6-a086-d6ad4a131c32{ip: 192.168.34.47, host: pr-hdds-2111-ptm9r-3382166736, networkLocation: /default-rack, certSerialId: null}, Type:RATIS, Factor:THREE, State:CLOSED] from datanode 8f6ed14e-9847-41b2-84b1-f48134b0885d{ip: 192.168.34.47, host: pr-hdds-2111-ptm9r-3382166736, networkLocation: /default-rack, certSerialId: null}. Reason : 8f6ed14e-9847-41b2-84b1-f48134b0885d has not seen follower/s 6151a780-4ba7-403b-be5b-70f0763d4a32 for 123057ms d3f833b2-527d-4ab6-a086-d6ad4a131c32 for 123057ms
2019-09-16 16:15:39,293 [EventQueue-PipelineActionsForPipelineActionHandler] INFO  pipeline.SCMPipelineManager (SCMPipelineManager.java:finalizeAndDestroyPipeline(311)) - destroying pipeline:Pipeline[ Id: 66475b26-f7ec-4ee2-b1cf-9d5aaeace39c, Nodes: 8f6ed14e-9847-41b2-84b1-f48134b0885d{ip: 192.168.34.47, host: pr-hdds-2111-ptm9r-3382166736, networkLocation: /default-rack, certSerialId: null}6151a780-4ba7-403b-be5b-70f0763d4a32{ip: 192.168.34.47, host: pr-hdds-2111-ptm9r-3382166736, networkLocation: /default-rack, certSerialId: null}d3f833b2-527d-4ab6-a086-d6ad4a131c32{ip: 192.168.34.47, host: pr-hdds-2111-ptm9r-3382166736, networkLocation: /default-rack, certSerialId: null}, Type:RATIS, Factor:THREE, State:CLOSED]
2019-09-16 16:15:39,304 [org.apache.ratis.server.impl.LogAppender$AppenderDaemon$$Lambda$507/334588113@9342042] ERROR ratis.XceiverServerRatis (XceiverServerRatis.java:triggerPipelineClose(568)) - pipeline Action CLOSE  on pipeline PipelineID=66475b26-f7ec-4ee2-b1cf-9d5aaeace39c.Reason : 8f6ed14e-9847-41b2-84b1-f48134b0885d has not seen follower/s 6151a780-4ba7-403b-be5b-70f0763d4a32 for 123677ms d3f833b2-527d-4ab6-a086-d6ad4a131c32 for 123677ms
2019-09-16 16:15:39,307 [org.apache.ratis.server.impl.LogAppender$AppenderDaemon$$Lambda$507/334588113@72322554] ERROR ratis.XceiverServerRatis (XceiverServerRatis.java:triggerPipelineClose(568)) - pipeline Action CLOSE  on pipeline PipelineID=66475b26-f7ec-4ee2-b1cf-9d5aaeace39c.Reason : 8f6ed14e-9847-41b2-84b1-f48134b0885d has not seen follower/s 6151a780-4ba7-403b-be5b-70f0763d4a32 for 123680ms d3f833b2-527d-4ab6-a086-d6ad4a131c32 for 123680ms
2019-09-16 16:15:40,304 [EventQueue-PipelineActionsForPipelineActionHandler] ERROR pipeline.PipelineActionHandler (PipelineActionHandler.java:onMessage(60)) - Received pipeline action CLOSE for Pipeline[ Id: 66475b26-f7ec-4ee2-b1cf-9d5aaeace39c, Nodes: 8f6ed14e-9847-41b2-84b1-f48134b0885d{ip: 192.168.34.47, host: pr-hdds-2111-ptm9r-3382166736, networkLocation: /default-rack, certSerialId: null}6151a780-4ba7-403b-be5b-70f0763d4a32{ip: 192.168.34.47, host: pr-hdds-2111-ptm9r-3382166736, networkLocation: /default-rack, certSerialId: null}d3f833b2-527d-4ab6-a086-d6ad4a131c32{ip: 192.168.34.47, host: pr-hdds-2111-ptm9r-3382166736, networkLocation: /default-rack, certSerialId: null}, Type:RATIS, Factor:THREE, State:CLOSED] from datanode 8f6ed14e-9847-41b2-84b1-f48134b0885d{ip: 192.168.34.47, host: pr-hdds-2111-ptm9r-3382166736, networkLocation: /default-rack, certSerialId: null}. Reason : 8f6ed14e-9847-41b2-84b1-f48134b0885d has not seen follower/s 6151a780-4ba7-403b-be5b-70f0763d4a32 for 123677ms d3f833b2-527d-4ab6-a086-d6ad4a131c32 for 123677ms
2019-09-16 16:15:40,304 [EventQueue-PipelineActionsForPipelineActionHandler] INFO  pipeline.SCMPipelineManager (SCMPipelineManager.java:finalizeAndDestroyPipeline(311)) - destroying pipeline:Pipeline[ Id: 66475b26-f7ec-4ee2-b1cf-9d5aaeace39c, Nodes: 8f6ed14e-9847-41b2-84b1-f48134b0885d{ip: 192.168.34.47, host: pr-hdds-2111-ptm9r-3382166736, networkLocation: /default-rack, certSerialId: null}6151a780-4ba7-403b-be5b-70f0763d4a32{ip: 192.168.34.47, host: pr-hdds-2111-ptm9r-3382166736, networkLocation: /default-rack, certSerialId: null}d3f833b2-527d-4ab6-a086-d6ad4a131c32{ip: 192.168.34.47, host: pr-hdds-2111-ptm9r-3382166736, networkLocation: /default-rack, certSerialId: null}, Type:RATIS, Factor:THREE, State:CLOSED]
2019-09-16 16:15:41,684 [java.util.concurrent.ThreadPoolExecutor$Worker@761563d2[State = -1, empty queue]] WARN  server.GrpcLogAppender (GrpcLogAppender.java:timeoutAppendRequest(200)) - 8f6ed14e-9847-41b2-84b1-f48134b0885d@group-9D5AAEACE39C->6151a780-4ba7-403b-be5b-70f0763d4a32-GrpcLogAppender: appendEntries Timeout, request=8f6ed14e-9847-41b2-84b1-f48134b0885d->6151a780-4ba7-403b-be5b-70f0763d4a32#73-t3, previous=(t:3, i:22), leaderCommit=16, initializing? false, entries: <empty>
2019-09-16 16:15:41,684 [java.util.concurrent.ThreadPoolExecutor$Worker@53f11beb[State = -1, empty queue]] WARN  server.GrpcLogAppender (GrpcLogAppender.java:timeoutAppendRequest(200)) - 8f6ed14e-9847-41b2-84b1-f48134b0885d@group-9D5AAEACE39C->d3f833b2-527d-4ab6-a086-d6ad4a131c32-GrpcLogAppender: appendEntries Timeout, request=8f6ed14e-9847-41b2-84b1-f48134b0885d->d3f833b2-527d-4ab6-a086-d6ad4a131c32#73-t3, previous=(t:3, i:22), leaderCommit=16, initializing? false, entries: <empty>
2019-09-16 16:15:41,805 [org.apache.ratis.server.impl.LogAppender$AppenderDaemon$$Lambda$507/334588113@9342042] ERROR ratis.XceiverServerRatis (XceiverServerRatis.java:triggerPipelineClose(568)) - pipeline Action CLOSE  on pipeline PipelineID=66475b26-f7ec-4ee2-b1cf-9d5aaeace39c.Reason : 8f6ed14e-9847-41b2-84b1-f48134b0885d has not seen follower/s 6151a780-4ba7-403b-be5b-70f0763d4a32 for 126177ms d3f833b2-527d-4ab6-a086-d6ad4a131c32 for 126177ms
2019-09-16 16:15:41,808 [org.apache.ratis.server.impl.LogAppender$AppenderDaemon$$Lambda$507/334588113@72322554] ERROR ratis.XceiverServerRatis (XceiverServerRatis.java:triggerPipelineClose(568)) - pipeline Action CLOSE  on pipeline PipelineID=66475b26-f7ec-4ee2-b1cf-9d5aaeace39c.Reason : 8f6ed14e-9847-41b2-84b1-f48134b0885d has not seen follower/s 6151a780-4ba7-403b-be5b-70f0763d4a32 for 126181ms d3f833b2-527d-4ab6-a086-d6ad4a131c32 for 126181ms
2019-09-16 16:15:42,304 [EventQueue-PipelineActionsForPipelineActionHandler] ERROR pipeline.PipelineActionHandler (PipelineActionHandler.java:onMessage(60)) - Received pipeline action CLOSE for Pipeline[ Id: 66475b26-f7ec-4ee2-b1cf-9d5aaeace39c, Nodes: 8f6ed14e-9847-41b2-84b1-f48134b0885d{ip: 192.168.34.47, host: pr-hdds-2111-ptm9r-3382166736, networkLocation: /default-rack, certSerialId: null}6151a780-4ba7-403b-be5b-70f0763d4a32{ip: 192.168.34.47, host: pr-hdds-2111-ptm9r-3382166736, networkLocation: /default-rack, certSerialId: null}d3f833b2-527d-4ab6-a086-d6ad4a131c32{ip: 192.168.34.47, host: pr-hdds-2111-ptm9r-3382166736, networkLocation: /default-rack, certSerialId: null}, Type:RATIS, Factor:THREE, State:CLOSED] from datanode 8f6ed14e-9847-41b2-84b1-f48134b0885d{ip: 192.168.34.47, host: pr-hdds-2111-ptm9r-3382166736, networkLocation: /default-rack, certSerialId: null}. Reason : 8f6ed14e-9847-41b2-84b1-f48134b0885d has not seen follower/s 6151a780-4ba7-403b-be5b-70f0763d4a32 for 126177ms d3f833b2-527d-4ab6-a086-d6ad4a131c32 for 126177ms
2019-09-16 16:15:42,304 [EventQueue-PipelineActionsForPipelineActionHandler] INFO  pipeline.SCMPipelineManager (SCMPipelineManager.java:finalizeAndDestroyPipeline(311)) - destroying pipeline:Pipeline[ Id: 66475b26-f7ec-4ee2-b1cf-9d5aaeace39c, Nodes: 8f6ed14e-9847-41b2-84b1-f48134b0885d{ip: 192.168.34.47, host: pr-hdds-2111-ptm9r-3382166736, networkLocation: /default-rack, certSerialId: null}6151a780-4ba7-403b-be5b-70f0763d4a32{ip: 192.168.34.47, host: pr-hdds-2111-ptm9r-3382166736, networkLocation: /default-rack, certSerialId: null}d3f833b2-527d-4ab6-a086-d6ad4a131c32{ip: 192.168.34.47, host: pr-hdds-2111-ptm9r-3382166736, networkLocation: /default-rack, certSerialId: null}, Type:RATIS, Factor:THREE, State:CLOSED]
2019-09-16 16:15:42,304 [java.util.concurrent.ThreadPoolExecutor$Worker@53f11beb[State = -1, empty queue]] WARN  server.GrpcLogAppender (GrpcLogAppender.java:timeoutAppendRequest(200)) - 8f6ed14e-9847-41b2-84b1-f48134b0885d@group-9D5AAEACE39C->d3f833b2-527d-4ab6-a086-d6ad4a131c32-GrpcLogAppender: appendEntries Timeout, request=8f6ed14e-9847-41b2-84b1-f48134b0885d->d3f833b2-527d-4ab6-a086-d6ad4a131c32#74-t3, previous=(t:3, i:22), leaderCommit=16, initializing? false, entries: size=1, first=(t:3, i:23), STATEMACHINELOGENTRY, client-9483314DA3E5, cid=3
2019-09-16 16:15:42,308 [java.util.concurrent.ThreadPoolExecutor$Worker@761563d2[State = -1, empty queue]] WARN  server.GrpcLogAppender (GrpcLogAppender.java:timeoutAppendRequest(200)) - 8f6ed14e-9847-41b2-84b1-f48134b0885d@group-9D5AAEACE39C->6151a780-4ba7-403b-be5b-70f0763d4a32-GrpcLogAppender: appendEntries Timeout, request=8f6ed14e-9847-41b2-84b1-f48134b0885d->6151a780-4ba7-403b-be5b-70f0763d4a32#74-t3, previous=(t:3, i:22), leaderCommit=16, initializing? false, entries: size=1, first=(t:3, i:23), STATEMACHINELOGENTRY, client-9483314DA3E5, cid=3
2019-09-16 16:15:42,323 [grpc-default-executor-1] INFO  client.GrpcClientProtocolClient (GrpcClientProtocolClient.java:onNext(264)) - client-7C287F4031E3->d3f833b2-527d-4ab6-a086-d6ad4a131c32: receive RaftClientReply:client-7C287F4031E3->d3f833b2-527d-4ab6-a086-d6ad4a131c32@group-9D5AAEACE39C, cid=25, FAILED org.apache.ratis.protocol.NotLeaderException: Server d3f833b2-527d-4ab6-a086-d6ad4a131c32@group-9D5AAEACE39C is not the leader 8f6ed14e-9847-41b2-84b1-f48134b0885d:192.168.34.47:40491, logIndex=0, commits[d3f833b2-527d-4ab6-a086-d6ad4a131c32:c16, 6151a780-4ba7-403b-be5b-70f0763d4a32:c16, 8f6ed14e-9847-41b2-84b1-f48134b0885d:c16]
2019-09-16 16:15:44,307 [org.apache.ratis.server.impl.LogAppender$AppenderDaemon$$Lambda$507/334588113@9342042] ERROR ratis.XceiverServerRatis (XceiverServerRatis.java:triggerPipelineClose(568)) - pipeline Action CLOSE  on pipeline PipelineID=66475b26-f7ec-4ee2-b1cf-9d5aaeace39c.Reason : 8f6ed14e-9847-41b2-84b1-f48134b0885d has not seen follower/s 6151a780-4ba7-403b-be5b-70f0763d4a32 for 128679ms d3f833b2-527d-4ab6-a086-d6ad4a131c32 for 128679ms
2019-09-16 16:15:44,315 [org.apache.ratis.server.impl.LogAppender$AppenderDaemon$$Lambda$507/334588113@72322554] ERROR ratis.XceiverServerRatis (XceiverServerRatis.java:triggerPipelineClose(568)) - pipeline Action CLOSE  on pipeline PipelineID=66475b26-f7ec-4ee2-b1cf-9d5aaeace39c.Reason : 8f6ed14e-9847-41b2-84b1-f48134b0885d has not seen follower/s 6151a780-4ba7-403b-be5b-70f0763d4a32 for 128687ms d3f833b2-527d-4ab6-a086-d6ad4a131c32 for 128687ms
2019-09-16 16:15:44,805 [java.util.concurrent.ThreadPoolExecutor$Worker@53f11beb[State = -1, empty queue]] WARN  server.GrpcLogAppender (GrpcLogAppender.java:timeoutAppendRequest(200)) - 8f6ed14e-9847-41b2-84b1-f48134b0885d@group-9D5AAEACE39C->d3f833b2-527d-4ab6-a086-d6ad4a131c32-GrpcLogAppender: appendEntries Timeout, request=8f6ed14e-9847-41b2-84b1-f48134b0885d->d3f833b2-527d-4ab6-a086-d6ad4a131c32#75-t3, previous=(t:3, i:23), leaderCommit=16, initializing? false, entries: <empty>
2019-09-16 16:15:44,808 [java.util.concurrent.ThreadPoolExecutor$Worker@761563d2[State = -1, empty queue]] WARN  server.GrpcLogAppender (GrpcLogAppender.java:timeoutAppendRequest(200)) - 8f6ed14e-9847-41b2-84b1-f48134b0885d@group-9D5AAEACE39C->6151a780-4ba7-403b-be5b-70f0763d4a32-GrpcLogAppender: appendEntries Timeout, request=8f6ed14e-9847-41b2-84b1-f48134b0885d->6151a780-4ba7-403b-be5b-70f0763d4a32#75-t3, previous=(t:3, i:23), leaderCommit=16, initializing? false, entries: <empty>
2019-09-16 16:15:45,305 [EventQueue-PipelineActionsForPipelineActionHandler] ERROR pipeline.PipelineActionHandler (PipelineActionHandler.java:onMessage(60)) - Received pipeline action CLOSE for Pipeline[ Id: 66475b26-f7ec-4ee2-b1cf-9d5aaeace39c, Nodes: 8f6ed14e-9847-41b2-84b1-f48134b0885d{ip: 192.168.34.47, host: pr-hdds-2111-ptm9r-3382166736, networkLocation: /default-rack, certSerialId: null}6151a780-4ba7-403b-be5b-70f0763d4a32{ip: 192.168.34.47, host: pr-hdds-2111-ptm9r-3382166736, networkLocation: /default-rack, certSerialId: null}d3f833b2-527d-4ab6-a086-d6ad4a131c32{ip: 192.168.34.47, host: pr-hdds-2111-ptm9r-3382166736, networkLocation: /default-rack, certSerialId: null}, Type:RATIS, Factor:THREE, State:CLOSED] from datanode 8f6ed14e-9847-41b2-84b1-f48134b0885d{ip: 192.168.34.47, host: pr-hdds-2111-ptm9r-3382166736, networkLocation: /default-rack, certSerialId: null}. Reason : 8f6ed14e-9847-41b2-84b1-f48134b0885d has not seen follower/s 6151a780-4ba7-403b-be5b-70f0763d4a32 for 128679ms d3f833b2-527d-4ab6-a086-d6ad4a131c32 for 128679ms
2019-09-16 16:15:45,306 [EventQueue-PipelineActionsForPipelineActionHandler] INFO  pipeline.SCMPipelineManager (SCMPipelineManager.java:finalizeAndDestroyPipeline(311)) - destroying pipeline:Pipeline[ Id: 66475b26-f7ec-4ee2-b1cf-9d5aaeace39c, Nodes: 8f6ed14e-9847-41b2-84b1-f48134b0885d{ip: 192.168.34.47, host: pr-hdds-2111-ptm9r-3382166736, networkLocation: /default-rack, certSerialId: null}6151a780-4ba7-403b-be5b-70f0763d4a32{ip: 192.168.34.47, host: pr-hdds-2111-ptm9r-3382166736, networkLocation: /default-rack, certSerialId: null}d3f833b2-527d-4ab6-a086-d6ad4a131c32{ip: 192.168.34.47, host: pr-hdds-2111-ptm9r-3382166736, networkLocation: /default-rack, certSerialId: null}, Type:RATIS, Factor:THREE, State:CLOSED]
2019-09-16 16:15:46,314 [6151a780-4ba7-403b-be5b-70f0763d4a32@group-9D5AAEACE39C-SegmentedRaftLogWorker] WARN  segmented.SegmentedRaftLogWorker (SegmentedRaftLogWorker.java:getFromFuture(90)) - Timeout 12/~
org.apache.ratis.protocol.TimeoutIOException: Timeout 10s: WriteLog:18: (t:3, i:18), STATEMACHINELOGENTRY, client-7C287F4031E3, cid=26-writeStateMachineData
	at org.apache.ratis.util.IOUtils.getFromFuture(IOUtils.java:87)
	at org.apache.ratis.server.raftlog.segmented.SegmentedRaftLogWorker$StateMachineDataPolicy.getFromFuture(SegmentedRaftLogWorker.java:87)
	at org.apache.ratis.server.raftlog.segmented.SegmentedRaftLogWorker$WriteLog.execute(SegmentedRaftLogWorker.java:477)
	at org.apache.ratis.server.raftlog.segmented.SegmentedRaftLogWorker.run(SegmentedRaftLogWorker.java:289)
	at java.lang.Thread.run(Thread.java:748)
Caused by: java.util.concurrent.TimeoutException
	at java.util.concurrent.CompletableFuture.timedGet(CompletableFuture.java:1771)
	at java.util.concurrent.CompletableFuture.get(CompletableFuture.java:1915)
	at org.apache.ratis.util.IOUtils.getFromFuture(IOUtils.java:79)
	... 4 more
2019-09-16 16:15:46,327 [d3f833b2-527d-4ab6-a086-d6ad4a131c32@group-9D5AAEACE39C-SegmentedRaftLogWorker] WARN  segmented.SegmentedRaftLogWorker (SegmentedRaftLogWorker.java:getFromFuture(90)) - Timeout 12/~
org.apache.ratis.protocol.TimeoutIOException: Timeout 10s: WriteLog:18: (t:3, i:18), STATEMACHINELOGENTRY, client-7C287F4031E3, cid=26-writeStateMachineData
	at org.apache.ratis.util.IOUtils.getFromFuture(IOUtils.java:87)
	at org.apache.ratis.server.raftlog.segmented.SegmentedRaftLogWorker$StateMachineDataPolicy.getFromFuture(SegmentedRaftLogWorker.java:87)
	at org.apache.ratis.server.raftlog.segmented.SegmentedRaftLogWorker$WriteLog.execute(SegmentedRaftLogWorker.java:477)
	at org.apache.ratis.server.raftlog.segmented.SegmentedRaftLogWorker.run(SegmentedRaftLogWorker.java:289)
	at java.lang.Thread.run(Thread.java:748)
Caused by: java.util.concurrent.TimeoutException
	at java.util.concurrent.CompletableFuture.timedGet(CompletableFuture.java:1771)
	at java.util.concurrent.CompletableFuture.get(CompletableFuture.java:1915)
	at org.apache.ratis.util.IOUtils.getFromFuture(IOUtils.java:79)
	... 4 more
2019-09-16 16:15:46,329 [8f6ed14e-9847-41b2-84b1-f48134b0885d@group-9D5AAEACE39C-SegmentedRaftLogWorker] WARN  segmented.SegmentedRaftLogWorker (SegmentedRaftLogWorker.java:getFromFuture(90)) - Timeout 12/~
org.apache.ratis.protocol.TimeoutIOException: Timeout 10s: WriteLog:18: (t:3, i:18), STATEMACHINELOGENTRY, client-7C287F4031E3, cid=26-writeStateMachineData
	at org.apache.ratis.util.IOUtils.getFromFuture(IOUtils.java:87)
	at org.apache.ratis.server.raftlog.segmented.SegmentedRaftLogWorker$StateMachineDataPolicy.getFromFuture(SegmentedRaftLogWorker.java:87)
	at org.apache.ratis.server.raftlog.segmented.SegmentedRaftLogWorker$WriteLog.execute(SegmentedRaftLogWorker.java:477)
	at org.apache.ratis.server.raftlog.segmented.SegmentedRaftLogWorker.run(SegmentedRaftLogWorker.java:289)
	at java.lang.Thread.run(Thread.java:748)
Caused by: java.util.concurrent.TimeoutException
	at java.util.concurrent.CompletableFuture.timedGet(CompletableFuture.java:1771)
	at java.util.concurrent.CompletableFuture.get(CompletableFuture.java:1915)
	at org.apache.ratis.util.IOUtils.getFromFuture(IOUtils.java:79)
	... 4 more
2019-09-16 16:15:46,807 [org.apache.ratis.server.impl.LogAppender$AppenderDaemon$$Lambda$507/334588113@9342042] ERROR ratis.XceiverServerRatis (XceiverServerRatis.java:triggerPipelineClose(568)) - pipeline Action CLOSE  on pipeline PipelineID=66475b26-f7ec-4ee2-b1cf-9d5aaeace39c.Reason : 8f6ed14e-9847-41b2-84b1-f48134b0885d has not seen follower/s 6151a780-4ba7-403b-be5b-70f0763d4a32 for 131180ms d3f833b2-527d-4ab6-a086-d6ad4a131c32 for 131180ms
2019-09-16 16:15:46,816 [org.apache.ratis.server.impl.LogAppender$AppenderDaemon$$Lambda$507/334588113@72322554] ERROR ratis.XceiverServerRatis (XceiverServerRatis.java:triggerPipelineClose(568)) - pipeline Action CLOSE  on pipeline PipelineID=66475b26-f7ec-4ee2-b1cf-9d5aaeace39c.Reason : 8f6ed14e-9847-41b2-84b1-f48134b0885d has not seen follower/s 6151a780-4ba7-403b-be5b-70f0763d4a32 for 131188ms d3f833b2-527d-4ab6-a086-d6ad4a131c32 for 131188ms
2019-09-16 16:15:47,305 [EventQueue-PipelineActionsForPipelineActionHandler] ERROR pipeline.PipelineActionHandler (PipelineActionHandler.java:onMessage(60)) - Received pipeline action CLOSE for Pipeline[ Id: 66475b26-f7ec-4ee2-b1cf-9d5aaeace39c, Nodes: 8f6ed14e-9847-41b2-84b1-f48134b0885d{ip: 192.168.34.47, host: pr-hdds-2111-ptm9r-3382166736, networkLocation: /default-rack, certSerialId: null}6151a780-4ba7-403b-be5b-70f0763d4a32{ip: 192.168.34.47, host: pr-hdds-2111-ptm9r-3382166736, networkLocation: /default-rack, certSerialId: null}d3f833b2-527d-4ab6-a086-d6ad4a131c32{ip: 192.168.34.47, host: pr-hdds-2111-ptm9r-3382166736, networkLocation: /default-rack, certSerialId: null}, Type:RATIS, Factor:THREE, State:CLOSED] from datanode 8f6ed14e-9847-41b2-84b1-f48134b0885d{ip: 192.168.34.47, host: pr-hdds-2111-ptm9r-3382166736, networkLocation: /default-rack, certSerialId: null}. Reason : 8f6ed14e-9847-41b2-84b1-f48134b0885d has not seen follower/s 6151a780-4ba7-403b-be5b-70f0763d4a32 for 131180ms d3f833b2-527d-4ab6-a086-d6ad4a131c32 for 131180ms
2019-09-16 16:15:47,305 [EventQueue-PipelineActionsForPipelineActionHandler] INFO  pipeline.SCMPipelineManager (SCMPipelineManager.java:finalizeAndDestroyPipeline(311)) - destroying pipeline:Pipeline[ Id: 66475b26-f7ec-4ee2-b1cf-9d5aaeace39c, Nodes: 8f6ed14e-9847-41b2-84b1-f48134b0885d{ip: 192.168.34.47, host: pr-hdds-2111-ptm9r-3382166736, networkLocation: /default-rack, certSerialId: null}6151a780-4ba7-403b-be5b-70f0763d4a32{ip: 192.168.34.47, host: pr-hdds-2111-ptm9r-3382166736, networkLocation: /default-rack, certSerialId: null}d3f833b2-527d-4ab6-a086-d6ad4a131c32{ip: 192.168.34.47, host: pr-hdds-2111-ptm9r-3382166736, networkLocation: /default-rack, certSerialId: null}, Type:RATIS, Factor:THREE, State:CLOSED]
2019-09-16 16:15:47,307 [java.util.concurrent.ThreadPoolExecutor$Worker@53f11beb[State = -1, empty queue]] WARN  server.GrpcLogAppender (GrpcLogAppender.java:timeoutAppendRequest(200)) - 8f6ed14e-9847-41b2-84b1-f48134b0885d@group-9D5AAEACE39C->d3f833b2-527d-4ab6-a086-d6ad4a131c32-GrpcLogAppender: appendEntries Timeout, request=8f6ed14e-9847-41b2-84b1-f48134b0885d->d3f833b2-527d-4ab6-a086-d6ad4a131c32#76-t3, previous=(t:3, i:23), leaderCommit=16, initializing? false, entries: <empty>
2019-09-16 16:15:47,315 [java.util.concurrent.ThreadPoolExecutor$Worker@761563d2[State = -1, empty queue]] WARN  server.GrpcLogAppender (GrpcLogAppender.java:timeoutAppendRequest(200)) - 8f6ed14e-9847-41b2-84b1-f48134b0885d@group-9D5AAEACE39C->6151a780-4ba7-403b-be5b-70f0763d4a32-GrpcLogAppender: appendEntries Timeout, request=8f6ed14e-9847-41b2-84b1-f48134b0885d->6151a780-4ba7-403b-be5b-70f0763d4a32#76-t3, previous=(t:3, i:23), leaderCommit=16, initializing? false, entries: <empty>
2019-09-16 16:15:47,363 [grpc-default-executor-5] INFO  client.GrpcClientProtocolClient (GrpcClientProtocolClient.java:onNext(264)) - client-7C287F4031E3->6151a780-4ba7-403b-be5b-70f0763d4a32: receive RaftClientReply:client-7C287F4031E3->6151a780-4ba7-403b-be5b-70f0763d4a32@group-9D5AAEACE39C, cid=25, FAILED org.apache.ratis.protocol.NotLeaderException: Server 6151a780-4ba7-403b-be5b-70f0763d4a32@group-9D5AAEACE39C is not the leader 8f6ed14e-9847-41b2-84b1-f48134b0885d:192.168.34.47:40491, logIndex=0, commits[6151a780-4ba7-403b-be5b-70f0763d4a32:c16, d3f833b2-527d-4ab6-a086-d6ad4a131c32:c16, 8f6ed14e-9847-41b2-84b1-f48134b0885d:c16]
2019-09-16 16:15:49,309 [org.apache.ratis.server.impl.LogAppender$AppenderDaemon$$Lambda$507/334588113@9342042] ERROR ratis.XceiverServerRatis (XceiverServerRatis.java:triggerPipelineClose(568)) - pipeline Action CLOSE  on pipeline PipelineID=66475b26-f7ec-4ee2-b1cf-9d5aaeace39c.Reason : 8f6ed14e-9847-41b2-84b1-f48134b0885d has not seen follower/s 6151a780-4ba7-403b-be5b-70f0763d4a32 for 133681ms d3f833b2-527d-4ab6-a086-d6ad4a131c32 for 133681ms
2019-09-16 16:15:49,316 [org.apache.ratis.server.impl.LogAppender$AppenderDaemon$$Lambda$507/334588113@72322554] ERROR ratis.XceiverServerRatis (XceiverServerRatis.java:triggerPipelineClose(568)) - pipeline Action CLOSE  on pipeline PipelineID=66475b26-f7ec-4ee2-b1cf-9d5aaeace39c.Reason : 8f6ed14e-9847-41b2-84b1-f48134b0885d has not seen follower/s 6151a780-4ba7-403b-be5b-70f0763d4a32 for 133689ms d3f833b2-527d-4ab6-a086-d6ad4a131c32 for 133689ms
2019-09-16 16:15:49,808 [java.util.concurrent.ThreadPoolExecutor$Worker@53f11beb[State = -1, empty queue]] WARN  server.GrpcLogAppender (GrpcLogAppender.java:timeoutAppendRequest(200)) - 8f6ed14e-9847-41b2-84b1-f48134b0885d@group-9D5AAEACE39C->d3f833b2-527d-4ab6-a086-d6ad4a131c32-GrpcLogAppender: appendEntries Timeout, request=8f6ed14e-9847-41b2-84b1-f48134b0885d->d3f833b2-527d-4ab6-a086-d6ad4a131c32#77-t3, previous=(t:3, i:23), leaderCommit=16, initializing? false, entries: <empty>
2019-09-16 16:15:49,816 [java.util.concurrent.ThreadPoolExecutor$Worker@761563d2[State = -1, empty queue]] WARN  server.GrpcLogAppender (GrpcLogAppender.java:timeoutAppendRequest(200)) - 8f6ed14e-9847-41b2-84b1-f48134b0885d@group-9D5AAEACE39C->6151a780-4ba7-403b-be5b-70f0763d4a32-GrpcLogAppender: appendEntries Timeout, request=8f6ed14e-9847-41b2-84b1-f48134b0885d->6151a780-4ba7-403b-be5b-70f0763d4a32#77-t3, previous=(t:3, i:23), leaderCommit=16, initializing? false, entries: <empty>
2019-09-16 16:15:50,305 [EventQueue-PipelineActionsForPipelineActionHandler] ERROR pipeline.PipelineActionHandler (PipelineActionHandler.java:onMessage(60)) - Received pipeline action CLOSE for Pipeline[ Id: 66475b26-f7ec-4ee2-b1cf-9d5aaeace39c, Nodes: 8f6ed14e-9847-41b2-84b1-f48134b0885d{ip: 192.168.34.47, host: pr-hdds-2111-ptm9r-3382166736, networkLocation: /default-rack, certSerialId: null}6151a780-4ba7-403b-be5b-70f0763d4a32{ip: 192.168.34.47, host: pr-hdds-2111-ptm9r-3382166736, networkLocation: /default-rack, certSerialId: null}d3f833b2-527d-4ab6-a086-d6ad4a131c32{ip: 192.168.34.47, host: pr-hdds-2111-ptm9r-3382166736, networkLocation: /default-rack, certSerialId: null}, Type:RATIS, Factor:THREE, State:CLOSED] from datanode 8f6ed14e-9847-41b2-84b1-f48134b0885d{ip: 192.168.34.47, host: pr-hdds-2111-ptm9r-3382166736, networkLocation: /default-rack, certSerialId: null}. Reason : 8f6ed14e-9847-41b2-84b1-f48134b0885d has not seen follower/s 6151a780-4ba7-403b-be5b-70f0763d4a32 for 133681ms d3f833b2-527d-4ab6-a086-d6ad4a131c32 for 133681ms
2019-09-16 16:15:50,306 [EventQueue-PipelineActionsForPipelineActionHandler] INFO  pipeline.SCMPipelineManager (SCMPipelineManager.java:finalizeAndDestroyPipeline(311)) - destroying pipeline:Pipeline[ Id: 66475b26-f7ec-4ee2-b1cf-9d5aaeace39c, Nodes: 8f6ed14e-9847-41b2-84b1-f48134b0885d{ip: 192.168.34.47, host: pr-hdds-2111-ptm9r-3382166736, networkLocation: /default-rack, certSerialId: null}6151a780-4ba7-403b-be5b-70f0763d4a32{ip: 192.168.34.47, host: pr-hdds-2111-ptm9r-3382166736, networkLocation: /default-rack, certSerialId: null}d3f833b2-527d-4ab6-a086-d6ad4a131c32{ip: 192.168.34.47, host: pr-hdds-2111-ptm9r-3382166736, networkLocation: /default-rack, certSerialId: null}, Type:RATIS, Factor:THREE, State:CLOSED]
2019-09-16 16:15:51,810 [org.apache.ratis.server.impl.LogAppender$AppenderDaemon$$Lambda$507/334588113@9342042] ERROR ratis.XceiverServerRatis (XceiverServerRatis.java:triggerPipelineClose(568)) - pipeline Action CLOSE  on pipeline PipelineID=66475b26-f7ec-4ee2-b1cf-9d5aaeace39c.Reason : 8f6ed14e-9847-41b2-84b1-f48134b0885d has not seen follower/s 6151a780-4ba7-403b-be5b-70f0763d4a32 for 136182ms d3f833b2-527d-4ab6-a086-d6ad4a131c32 for 136182ms
2019-09-16 16:15:51,817 [org.apache.ratis.server.impl.LogAppender$AppenderDaemon$$Lambda$507/334588113@72322554] ERROR ratis.XceiverServerRatis (XceiverServerRatis.java:triggerPipelineClose(568)) - pipeline Action CLOSE  on pipeline PipelineID=66475b26-f7ec-4ee2-b1cf-9d5aaeace39c.Reason : 8f6ed14e-9847-41b2-84b1-f48134b0885d has not seen follower/s 6151a780-4ba7-403b-be5b-70f0763d4a32 for 136190ms d3f833b2-527d-4ab6-a086-d6ad4a131c32 for 136190ms
2019-09-16 16:15:52,305 [EventQueue-PipelineActionsForPipelineActionHandler] ERROR pipeline.PipelineActionHandler (PipelineActionHandler.java:onMessage(60)) - Received pipeline action CLOSE for Pipeline[ Id: 66475b26-f7ec-4ee2-b1cf-9d5aaeace39c, Nodes: 8f6ed14e-9847-41b2-84b1-f48134b0885d{ip: 192.168.34.47, host: pr-hdds-2111-ptm9r-3382166736, networkLocation: /default-rack, certSerialId: null}6151a780-4ba7-403b-be5b-70f0763d4a32{ip: 192.168.34.47, host: pr-hdds-2111-ptm9r-3382166736, networkLocation: /default-rack, certSerialId: null}d3f833b2-527d-4ab6-a086-d6ad4a131c32{ip: 192.168.34.47, host: pr-hdds-2111-ptm9r-3382166736, networkLocation: /default-rack, certSerialId: null}, Type:RATIS, Factor:THREE, State:CLOSED] from datanode 8f6ed14e-9847-41b2-84b1-f48134b0885d{ip: 192.168.34.47, host: pr-hdds-2111-ptm9r-3382166736, networkLocation: /default-rack, certSerialId: null}. Reason : 8f6ed14e-9847-41b2-84b1-f48134b0885d has not seen follower/s 6151a780-4ba7-403b-be5b-70f0763d4a32 for 136182ms d3f833b2-527d-4ab6-a086-d6ad4a131c32 for 136182ms
2019-09-16 16:15:52,305 [EventQueue-PipelineActionsForPipelineActionHandler] INFO  pipeline.SCMPipelineManager (SCMPipelineManager.java:finalizeAndDestroyPipeline(311)) - destroying pipeline:Pipeline[ Id: 66475b26-f7ec-4ee2-b1cf-9d5aaeace39c, Nodes: 8f6ed14e-9847-41b2-84b1-f48134b0885d{ip: 192.168.34.47, host: pr-hdds-2111-ptm9r-3382166736, networkLocation: /default-rack, certSerialId: null}6151a780-4ba7-403b-be5b-70f0763d4a32{ip: 192.168.34.47, host: pr-hdds-2111-ptm9r-3382166736, networkLocation: /default-rack, certSerialId: null}d3f833b2-527d-4ab6-a086-d6ad4a131c32{ip: 192.168.34.47, host: pr-hdds-2111-ptm9r-3382166736, networkLocation: /default-rack, certSerialId: null}, Type:RATIS, Factor:THREE, State:CLOSED]
2019-09-16 16:15:52,308 [java.util.concurrent.ThreadPoolExecutor$Worker@53f11beb[State = -1, empty queue]] WARN  server.GrpcLogAppender (GrpcLogAppender.java:timeoutAppendRequest(200)) - 8f6ed14e-9847-41b2-84b1-f48134b0885d@group-9D5AAEACE39C->d3f833b2-527d-4ab6-a086-d6ad4a131c32-GrpcLogAppender: appendEntries Timeout, request=8f6ed14e-9847-41b2-84b1-f48134b0885d->d3f833b2-527d-4ab6-a086-d6ad4a131c32#78-t3, previous=(t:3, i:23), leaderCommit=16, initializing? false, entries: <empty>
2019-09-16 16:15:52,316 [java.util.concurrent.ThreadPoolExecutor$Worker@761563d2[State = -1, empty queue]] WARN  server.GrpcLogAppender (GrpcLogAppender.java:timeoutAppendRequest(200)) - 8f6ed14e-9847-41b2-84b1-f48134b0885d@group-9D5AAEACE39C->6151a780-4ba7-403b-be5b-70f0763d4a32-GrpcLogAppender: appendEntries Timeout, request=8f6ed14e-9847-41b2-84b1-f48134b0885d->6151a780-4ba7-403b-be5b-70f0763d4a32#78-t3, previous=(t:3, i:23), leaderCommit=16, initializing? false, entries: <empty>
2019-09-16 16:15:52,403 [grpc-default-executor-1] INFO  client.GrpcClientProtocolClient (GrpcClientProtocolClient.java:onNext(264)) - client-7C287F4031E3->6151a780-4ba7-403b-be5b-70f0763d4a32: receive RaftClientReply:client-7C287F4031E3->6151a780-4ba7-403b-be5b-70f0763d4a32@group-9D5AAEACE39C, cid=25, FAILED org.apache.ratis.protocol.NotLeaderException: Server 6151a780-4ba7-403b-be5b-70f0763d4a32@group-9D5AAEACE39C is not the leader 8f6ed14e-9847-41b2-84b1-f48134b0885d:192.168.34.47:40491, logIndex=0, commits[6151a780-4ba7-403b-be5b-70f0763d4a32:c16, d3f833b2-527d-4ab6-a086-d6ad4a131c32:c16, 8f6ed14e-9847-41b2-84b1-f48134b0885d:c16]
2019-09-16 16:15:54,310 [org.apache.ratis.server.impl.LogAppender$AppenderDaemon$$Lambda$507/334588113@9342042] ERROR ratis.XceiverServerRatis (XceiverServerRatis.java:triggerPipelineClose(568)) - pipeline Action CLOSE  on pipeline PipelineID=66475b26-f7ec-4ee2-b1cf-9d5aaeace39c.Reason : 8f6ed14e-9847-41b2-84b1-f48134b0885d has not seen follower/s 6151a780-4ba7-403b-be5b-70f0763d4a32 for 138683ms d3f833b2-527d-4ab6-a086-d6ad4a131c32 for 138683ms
2019-09-16 16:15:54,318 [org.apache.ratis.server.impl.LogAppender$AppenderDaemon$$Lambda$507/334588113@72322554] ERROR ratis.XceiverServerRatis (XceiverServerRatis.java:triggerPipelineClose(568)) - pipeline Action CLOSE  on pipeline PipelineID=66475b26-f7ec-4ee2-b1cf-9d5aaeace39c.Reason : 8f6ed14e-9847-41b2-84b1-f48134b0885d has not seen follower/s 6151a780-4ba7-403b-be5b-70f0763d4a32 for 138691ms d3f833b2-527d-4ab6-a086-d6ad4a131c32 for 138691ms
2019-09-16 16:15:54,810 [java.util.concurrent.ThreadPoolExecutor$Worker@53f11beb[State = -1, empty queue]] WARN  server.GrpcLogAppender (GrpcLogAppender.java:timeoutAppendRequest(200)) - 8f6ed14e-9847-41b2-84b1-f48134b0885d@group-9D5AAEACE39C->d3f833b2-527d-4ab6-a086-d6ad4a131c32-GrpcLogAppender: appendEntries Timeout, request=8f6ed14e-9847-41b2-84b1-f48134b0885d->d3f833b2-527d-4ab6-a086-d6ad4a131c32#79-t3, previous=(t:3, i:23), leaderCommit=16, initializing? false, entries: <empty>
2019-09-16 16:15:54,817 [java.util.concurrent.ThreadPoolExecutor$Worker@761563d2[State = -1, empty queue]] WARN  server.GrpcLogAppender (GrpcLogAppender.java:timeoutAppendRequest(200)) - 8f6ed14e-9847-41b2-84b1-f48134b0885d@group-9D5AAEACE39C->6151a780-4ba7-403b-be5b-70f0763d4a32-GrpcLogAppender: appendEntries Timeout, request=8f6ed14e-9847-41b2-84b1-f48134b0885d->6151a780-4ba7-403b-be5b-70f0763d4a32#79-t3, previous=(t:3, i:23), leaderCommit=16, initializing? false, entries: <empty>
2019-09-16 16:15:55,305 [EventQueue-PipelineActionsForPipelineActionHandler] ERROR pipeline.PipelineActionHandler (PipelineActionHandler.java:onMessage(60)) - Received pipeline action CLOSE for Pipeline[ Id: 66475b26-f7ec-4ee2-b1cf-9d5aaeace39c, Nodes: 8f6ed14e-9847-41b2-84b1-f48134b0885d{ip: 192.168.34.47, host: pr-hdds-2111-ptm9r-3382166736, networkLocation: /default-rack, certSerialId: null}6151a780-4ba7-403b-be5b-70f0763d4a32{ip: 192.168.34.47, host: pr-hdds-2111-ptm9r-3382166736, networkLocation: /default-rack, certSerialId: null}d3f833b2-527d-4ab6-a086-d6ad4a131c32{ip: 192.168.34.47, host: pr-hdds-2111-ptm9r-3382166736, networkLocation: /default-rack, certSerialId: null}, Type:RATIS, Factor:THREE, State:CLOSED] from datanode 8f6ed14e-9847-41b2-84b1-f48134b0885d{ip: 192.168.34.47, host: pr-hdds-2111-ptm9r-3382166736, networkLocation: /default-rack, certSerialId: null}. Reason : 8f6ed14e-9847-41b2-84b1-f48134b0885d has not seen follower/s 6151a780-4ba7-403b-be5b-70f0763d4a32 for 138683ms d3f833b2-527d-4ab6-a086-d6ad4a131c32 for 138683ms
2019-09-16 16:15:55,305 [EventQueue-PipelineActionsForPipelineActionHandler] INFO  pipeline.SCMPipelineManager (SCMPipelineManager.java:finalizeAndDestroyPipeline(311)) - destroying pipeline:Pipeline[ Id: 66475b26-f7ec-4ee2-b1cf-9d5aaeace39c, Nodes: 8f6ed14e-9847-41b2-84b1-f48134b0885d{ip: 192.168.34.47, host: pr-hdds-2111-ptm9r-3382166736, networkLocation: /default-rack, certSerialId: null}6151a780-4ba7-403b-be5b-70f0763d4a32{ip: 192.168.34.47, host: pr-hdds-2111-ptm9r-3382166736, networkLocation: /default-rack, certSerialId: null}d3f833b2-527d-4ab6-a086-d6ad4a131c32{ip: 192.168.34.47, host: pr-hdds-2111-ptm9r-3382166736, networkLocation: /default-rack, certSerialId: null}, Type:RATIS, Factor:THREE, State:CLOSED]
2019-09-16 16:15:56,319 [6151a780-4ba7-403b-be5b-70f0763d4a32@group-9D5AAEACE39C-SegmentedRaftLogWorker] WARN  segmented.SegmentedRaftLogWorker (SegmentedRaftLogWorker.java:getFromFuture(90)) - Timeout 13/~
org.apache.ratis.protocol.TimeoutIOException: Timeout 10s: WriteLog:18: (t:3, i:18), STATEMACHINELOGENTRY, client-7C287F4031E3, cid=26-writeStateMachineData
	at org.apache.ratis.util.IOUtils.getFromFuture(IOUtils.java:87)
	at org.apache.ratis.server.raftlog.segmented.SegmentedRaftLogWorker$StateMachineDataPolicy.getFromFuture(SegmentedRaftLogWorker.java:87)
	at org.apache.ratis.server.raftlog.segmented.SegmentedRaftLogWorker$WriteLog.execute(SegmentedRaftLogWorker.java:477)
	at org.apache.ratis.server.raftlog.segmented.SegmentedRaftLogWorker.run(SegmentedRaftLogWorker.java:289)
	at java.lang.Thread.run(Thread.java:748)
Caused by: java.util.concurrent.TimeoutException
	at java.util.concurrent.CompletableFuture.timedGet(CompletableFuture.java:1771)
	at java.util.concurrent.CompletableFuture.get(CompletableFuture.java:1915)
	at org.apache.ratis.util.IOUtils.getFromFuture(IOUtils.java:79)
	... 4 more
2019-09-16 16:15:56,330 [d3f833b2-527d-4ab6-a086-d6ad4a131c32@group-9D5AAEACE39C-SegmentedRaftLogWorker] WARN  segmented.SegmentedRaftLogWorker (SegmentedRaftLogWorker.java:getFromFuture(90)) - Timeout 13/~
org.apache.ratis.protocol.TimeoutIOException: Timeout 10s: WriteLog:18: (t:3, i:18), STATEMACHINELOGENTRY, client-7C287F4031E3, cid=26-writeStateMachineData
	at org.apache.ratis.util.IOUtils.getFromFuture(IOUtils.java:87)
	at org.apache.ratis.server.raftlog.segmented.SegmentedRaftLogWorker$StateMachineDataPolicy.getFromFuture(SegmentedRaftLogWorker.java:87)
	at org.apache.ratis.server.raftlog.segmented.SegmentedRaftLogWorker$WriteLog.execute(SegmentedRaftLogWorker.java:477)
	at org.apache.ratis.server.raftlog.segmented.SegmentedRaftLogWorker.run(SegmentedRaftLogWorker.java:289)
	at java.lang.Thread.run(Thread.java:748)
Caused by: java.util.concurrent.TimeoutException
	at java.util.concurrent.CompletableFuture.timedGet(CompletableFuture.java:1771)
	at java.util.concurrent.CompletableFuture.get(CompletableFuture.java:1915)
	at org.apache.ratis.util.IOUtils.getFromFuture(IOUtils.java:79)
	... 4 more
2019-09-16 16:15:56,330 [8f6ed14e-9847-41b2-84b1-f48134b0885d@group-9D5AAEACE39C-SegmentedRaftLogWorker] WARN  segmented.SegmentedRaftLogWorker (SegmentedRaftLogWorker.java:getFromFuture(90)) - Timeout 13/~
org.apache.ratis.protocol.TimeoutIOException: Timeout 10s: WriteLog:18: (t:3, i:18), STATEMACHINELOGENTRY, client-7C287F4031E3, cid=26-writeStateMachineData
	at org.apache.ratis.util.IOUtils.getFromFuture(IOUtils.java:87)
	at org.apache.ratis.server.raftlog.segmented.SegmentedRaftLogWorker$StateMachineDataPolicy.getFromFuture(SegmentedRaftLogWorker.java:87)
	at org.apache.ratis.server.raftlog.segmented.SegmentedRaftLogWorker$WriteLog.execute(SegmentedRaftLogWorker.java:477)
	at org.apache.ratis.server.raftlog.segmented.SegmentedRaftLogWorker.run(SegmentedRaftLogWorker.java:289)
	at java.lang.Thread.run(Thread.java:748)
Caused by: java.util.concurrent.TimeoutException
	at java.util.concurrent.CompletableFuture.timedGet(CompletableFuture.java:1771)
	at java.util.concurrent.CompletableFuture.get(CompletableFuture.java:1915)
	at org.apache.ratis.util.IOUtils.getFromFuture(IOUtils.java:79)
	... 4 more
2019-09-16 16:15:56,811 [org.apache.ratis.server.impl.LogAppender$AppenderDaemon$$Lambda$507/334588113@9342042] ERROR ratis.XceiverServerRatis (XceiverServerRatis.java:triggerPipelineClose(568)) - pipeline Action CLOSE  on pipeline PipelineID=66475b26-f7ec-4ee2-b1cf-9d5aaeace39c.Reason : 8f6ed14e-9847-41b2-84b1-f48134b0885d has not seen follower/s 6151a780-4ba7-403b-be5b-70f0763d4a32 for 141184ms d3f833b2-527d-4ab6-a086-d6ad4a131c32 for 141184ms
2019-09-16 16:15:56,819 [org.apache.ratis.server.impl.LogAppender$AppenderDaemon$$Lambda$507/334588113@72322554] ERROR ratis.XceiverServerRatis (XceiverServerRatis.java:triggerPipelineClose(568)) - pipeline Action CLOSE  on pipeline PipelineID=66475b26-f7ec-4ee2-b1cf-9d5aaeace39c.Reason : 8f6ed14e-9847-41b2-84b1-f48134b0885d has not seen follower/s 6151a780-4ba7-403b-be5b-70f0763d4a32 for 141191ms d3f833b2-527d-4ab6-a086-d6ad4a131c32 for 141191ms
2019-09-16 16:15:57,306 [EventQueue-PipelineActionsForPipelineActionHandler] ERROR pipeline.PipelineActionHandler (PipelineActionHandler.java:onMessage(60)) - Received pipeline action CLOSE for Pipeline[ Id: 66475b26-f7ec-4ee2-b1cf-9d5aaeace39c, Nodes: 8f6ed14e-9847-41b2-84b1-f48134b0885d{ip: 192.168.34.47, host: pr-hdds-2111-ptm9r-3382166736, networkLocation: /default-rack, certSerialId: null}6151a780-4ba7-403b-be5b-70f0763d4a32{ip: 192.168.34.47, host: pr-hdds-2111-ptm9r-3382166736, networkLocation: /default-rack, certSerialId: null}d3f833b2-527d-4ab6-a086-d6ad4a131c32{ip: 192.168.34.47, host: pr-hdds-2111-ptm9r-3382166736, networkLocation: /default-rack, certSerialId: null}, Type:RATIS, Factor:THREE, State:CLOSED] from datanode 8f6ed14e-9847-41b2-84b1-f48134b0885d{ip: 192.168.34.47, host: pr-hdds-2111-ptm9r-3382166736, networkLocation: /default-rack, certSerialId: null}. Reason : 8f6ed14e-9847-41b2-84b1-f48134b0885d has not seen follower/s 6151a780-4ba7-403b-be5b-70f0763d4a32 for 141184ms d3f833b2-527d-4ab6-a086-d6ad4a131c32 for 141184ms
2019-09-16 16:15:57,306 [EventQueue-PipelineActionsForPipelineActionHandler] INFO  pipeline.SCMPipelineManager (SCMPipelineManager.java:finalizeAndDestroyPipeline(311)) - destroying pipeline:Pipeline[ Id: 66475b26-f7ec-4ee2-b1cf-9d5aaeace39c, Nodes: 8f6ed14e-9847-41b2-84b1-f48134b0885d{ip: 192.168.34.47, host: pr-hdds-2111-ptm9r-3382166736, networkLocation: /default-rack, certSerialId: null}6151a780-4ba7-403b-be5b-70f0763d4a32{ip: 192.168.34.47, host: pr-hdds-2111-ptm9r-3382166736, networkLocation: /default-rack, certSerialId: null}d3f833b2-527d-4ab6-a086-d6ad4a131c32{ip: 192.168.34.47, host: pr-hdds-2111-ptm9r-3382166736, networkLocation: /default-rack, certSerialId: null}, Type:RATIS, Factor:THREE, State:CLOSED]
2019-09-16 16:15:57,310 [java.util.concurrent.ThreadPoolExecutor$Worker@53f11beb[State = -1, empty queue]] WARN  server.GrpcLogAppender (GrpcLogAppender.java:timeoutAppendRequest(200)) - 8f6ed14e-9847-41b2-84b1-f48134b0885d@group-9D5AAEACE39C->d3f833b2-527d-4ab6-a086-d6ad4a131c32-GrpcLogAppender: appendEntries Timeout, request=8f6ed14e-9847-41b2-84b1-f48134b0885d->d3f833b2-527d-4ab6-a086-d6ad4a131c32#80-t3, previous=(t:3, i:23), leaderCommit=16, initializing? false, entries: <empty>
2019-09-16 16:15:57,318 [java.util.concurrent.ThreadPoolExecutor$Worker@761563d2[State = -1, empty queue]] WARN  server.GrpcLogAppender (GrpcLogAppender.java:timeoutAppendRequest(200)) - 8f6ed14e-9847-41b2-84b1-f48134b0885d@group-9D5AAEACE39C->6151a780-4ba7-403b-be5b-70f0763d4a32-GrpcLogAppender: appendEntries Timeout, request=8f6ed14e-9847-41b2-84b1-f48134b0885d->6151a780-4ba7-403b-be5b-70f0763d4a32#80-t3, previous=(t:3, i:23), leaderCommit=16, initializing? false, entries: <empty>
2019-09-16 16:15:57,439 [grpc-default-executor-5] INFO  client.GrpcClientProtocolClient (GrpcClientProtocolClient.java:onNext(264)) - client-7C287F4031E3->6151a780-4ba7-403b-be5b-70f0763d4a32: receive RaftClientReply:client-7C287F4031E3->6151a780-4ba7-403b-be5b-70f0763d4a32@group-9D5AAEACE39C, cid=25, FAILED org.apache.ratis.protocol.NotLeaderException: Server 6151a780-4ba7-403b-be5b-70f0763d4a32@group-9D5AAEACE39C is not the leader 8f6ed14e-9847-41b2-84b1-f48134b0885d:192.168.34.47:40491, logIndex=0, commits[6151a780-4ba7-403b-be5b-70f0763d4a32:c16, d3f833b2-527d-4ab6-a086-d6ad4a131c32:c16, 8f6ed14e-9847-41b2-84b1-f48134b0885d:c16]
2019-09-16 16:15:59,312 [org.apache.ratis.server.impl.LogAppender$AppenderDaemon$$Lambda$507/334588113@9342042] ERROR ratis.XceiverServerRatis (XceiverServerRatis.java:triggerPipelineClose(568)) - pipeline Action CLOSE  on pipeline PipelineID=66475b26-f7ec-4ee2-b1cf-9d5aaeace39c.Reason : 8f6ed14e-9847-41b2-84b1-f48134b0885d has not seen follower/s 6151a780-4ba7-403b-be5b-70f0763d4a32 for 143684ms d3f833b2-527d-4ab6-a086-d6ad4a131c32 for 143684ms
2019-09-16 16:15:59,319 [org.apache.ratis.server.impl.LogAppender$AppenderDaemon$$Lambda$507/334588113@72322554] ERROR ratis.XceiverServerRatis (XceiverServerRatis.java:triggerPipelineClose(568)) - pipeline Action CLOSE  on pipeline PipelineID=66475b26-f7ec-4ee2-b1cf-9d5aaeace39c.Reason : 8f6ed14e-9847-41b2-84b1-f48134b0885d has not seen follower/s 6151a780-4ba7-403b-be5b-70f0763d4a32 for 143692ms d3f833b2-527d-4ab6-a086-d6ad4a131c32 for 143692ms
2019-09-16 16:15:59,811 [java.util.concurrent.ThreadPoolExecutor$Worker@53f11beb[State = -1, empty queue]] WARN  server.GrpcLogAppender (GrpcLogAppender.java:timeoutAppendRequest(200)) - 8f6ed14e-9847-41b2-84b1-f48134b0885d@group-9D5AAEACE39C->d3f833b2-527d-4ab6-a086-d6ad4a131c32-GrpcLogAppender: appendEntries Timeout, request=8f6ed14e-9847-41b2-84b1-f48134b0885d->d3f833b2-527d-4ab6-a086-d6ad4a131c32#81-t3, previous=(t:3, i:23), leaderCommit=16, initializing? false, entries: <empty>
2019-09-16 16:15:59,819 [java.util.concurrent.ThreadPoolExecutor$Worker@761563d2[State = -1, empty queue]] WARN  server.GrpcLogAppender (GrpcLogAppender.java:timeoutAppendRequest(200)) - 8f6ed14e-9847-41b2-84b1-f48134b0885d@group-9D5AAEACE39C->6151a780-4ba7-403b-be5b-70f0763d4a32-GrpcLogAppender: appendEntries Timeout, request=8f6ed14e-9847-41b2-84b1-f48134b0885d->6151a780-4ba7-403b-be5b-70f0763d4a32#81-t3, previous=(t:3, i:23), leaderCommit=16, initializing? false, entries: <empty>
2019-09-16 16:16:00,308 [EventQueue-PipelineActionsForPipelineActionHandler] ERROR pipeline.PipelineActionHandler (PipelineActionHandler.java:onMessage(60)) - Received pipeline action CLOSE for Pipeline[ Id: 66475b26-f7ec-4ee2-b1cf-9d5aaeace39c, Nodes: 8f6ed14e-9847-41b2-84b1-f48134b0885d{ip: 192.168.34.47, host: pr-hdds-2111-ptm9r-3382166736, networkLocation: /default-rack, certSerialId: null}6151a780-4ba7-403b-be5b-70f0763d4a32{ip: 192.168.34.47, host: pr-hdds-2111-ptm9r-3382166736, networkLocation: /default-rack, certSerialId: null}d3f833b2-527d-4ab6-a086-d6ad4a131c32{ip: 192.168.34.47, host: pr-hdds-2111-ptm9r-3382166736, networkLocation: /default-rack, certSerialId: null}, Type:RATIS, Factor:THREE, State:CLOSED] from datanode 8f6ed14e-9847-41b2-84b1-f48134b0885d{ip: 192.168.34.47, host: pr-hdds-2111-ptm9r-3382166736, networkLocation: /default-rack, certSerialId: null}. Reason : 8f6ed14e-9847-41b2-84b1-f48134b0885d has not seen follower/s 6151a780-4ba7-403b-be5b-70f0763d4a32 for 143684ms d3f833b2-527d-4ab6-a086-d6ad4a131c32 for 143684ms
2019-09-16 16:16:00,309 [EventQueue-PipelineActionsForPipelineActionHandler] INFO  pipeline.SCMPipelineManager (SCMPipelineManager.java:finalizeAndDestroyPipeline(311)) - destroying pipeline:Pipeline[ Id: 66475b26-f7ec-4ee2-b1cf-9d5aaeace39c, Nodes: 8f6ed14e-9847-41b2-84b1-f48134b0885d{ip: 192.168.34.47, host: pr-hdds-2111-ptm9r-3382166736, networkLocation: /default-rack, certSerialId: null}6151a780-4ba7-403b-be5b-70f0763d4a32{ip: 192.168.34.47, host: pr-hdds-2111-ptm9r-3382166736, networkLocation: /default-rack, certSerialId: null}d3f833b2-527d-4ab6-a086-d6ad4a131c32{ip: 192.168.34.47, host: pr-hdds-2111-ptm9r-3382166736, networkLocation: /default-rack, certSerialId: null}, Type:RATIS, Factor:THREE, State:CLOSED]
2019-09-16 16:16:01,813 [org.apache.ratis.server.impl.LogAppender$AppenderDaemon$$Lambda$507/334588113@9342042] ERROR ratis.XceiverServerRatis (XceiverServerRatis.java:triggerPipelineClose(568)) - pipeline Action CLOSE  on pipeline PipelineID=66475b26-f7ec-4ee2-b1cf-9d5aaeace39c.Reason : 8f6ed14e-9847-41b2-84b1-f48134b0885d has not seen follower/s 6151a780-4ba7-403b-be5b-70f0763d4a32 for 146185ms d3f833b2-527d-4ab6-a086-d6ad4a131c32 for 146185ms
2019-09-16 16:16:01,820 [org.apache.ratis.server.impl.LogAppender$AppenderDaemon$$Lambda$507/334588113@72322554] ERROR ratis.XceiverServerRatis (XceiverServerRatis.java:triggerPipelineClose(568)) - pipeline Action CLOSE  on pipeline PipelineID=66475b26-f7ec-4ee2-b1cf-9d5aaeace39c.Reason : 8f6ed14e-9847-41b2-84b1-f48134b0885d has not seen follower/s 6151a780-4ba7-403b-be5b-70f0763d4a32 for 146192ms d3f833b2-527d-4ab6-a086-d6ad4a131c32 for 146192ms
2019-09-16 16:16:02,309 [EventQueue-PipelineActionsForPipelineActionHandler] ERROR pipeline.PipelineActionHandler (PipelineActionHandler.java:onMessage(60)) - Received pipeline action CLOSE for Pipeline[ Id: 66475b26-f7ec-4ee2-b1cf-9d5aaeace39c, Nodes: 8f6ed14e-9847-41b2-84b1-f48134b0885d{ip: 192.168.34.47, host: pr-hdds-2111-ptm9r-3382166736, networkLocation: /default-rack, certSerialId: null}6151a780-4ba7-403b-be5b-70f0763d4a32{ip: 192.168.34.47, host: pr-hdds-2111-ptm9r-3382166736, networkLocation: /default-rack, certSerialId: null}d3f833b2-527d-4ab6-a086-d6ad4a131c32{ip: 192.168.34.47, host: pr-hdds-2111-ptm9r-3382166736, networkLocation: /default-rack, certSerialId: null}, Type:RATIS, Factor:THREE, State:CLOSED] from datanode 8f6ed14e-9847-41b2-84b1-f48134b0885d{ip: 192.168.34.47, host: pr-hdds-2111-ptm9r-3382166736, networkLocation: /default-rack, certSerialId: null}. Reason : 8f6ed14e-9847-41b2-84b1-f48134b0885d has not seen follower/s 6151a780-4ba7-403b-be5b-70f0763d4a32 for 146185ms d3f833b2-527d-4ab6-a086-d6ad4a131c32 for 146185ms
2019-09-16 16:16:02,309 [EventQueue-PipelineActionsForPipelineActionHandler] INFO  pipeline.SCMPipelineManager (SCMPipelineManager.java:finalizeAndDestroyPipeline(311)) - destroying pipeline:Pipeline[ Id: 66475b26-f7ec-4ee2-b1cf-9d5aaeace39c, Nodes: 8f6ed14e-9847-41b2-84b1-f48134b0885d{ip: 192.168.34.47, host: pr-hdds-2111-ptm9r-3382166736, networkLocation: /default-rack, certSerialId: null}6151a780-4ba7-403b-be5b-70f0763d4a32{ip: 192.168.34.47, host: pr-hdds-2111-ptm9r-3382166736, networkLocation: /default-rack, certSerialId: null}d3f833b2-527d-4ab6-a086-d6ad4a131c32{ip: 192.168.34.47, host: pr-hdds-2111-ptm9r-3382166736, networkLocation: /default-rack, certSerialId: null}, Type:RATIS, Factor:THREE, State:CLOSED]
2019-09-16 16:16:02,312 [java.util.concurrent.ThreadPoolExecutor$Worker@53f11beb[State = -1, empty queue]] WARN  server.GrpcLogAppender (GrpcLogAppender.java:timeoutAppendRequest(200)) - 8f6ed14e-9847-41b2-84b1-f48134b0885d@group-9D5AAEACE39C->d3f833b2-527d-4ab6-a086-d6ad4a131c32-GrpcLogAppender: appendEntries Timeout, request=8f6ed14e-9847-41b2-84b1-f48134b0885d->d3f833b2-527d-4ab6-a086-d6ad4a131c32#82-t3, previous=(t:3, i:23), leaderCommit=16, initializing? false, entries: <empty>
2019-09-16 16:16:02,319 [java.util.concurrent.ThreadPoolExecutor$Worker@761563d2[State = -1, empty queue]] WARN  server.GrpcLogAppender (GrpcLogAppender.java:timeoutAppendRequest(200)) - 8f6ed14e-9847-41b2-84b1-f48134b0885d@group-9D5AAEACE39C->6151a780-4ba7-403b-be5b-70f0763d4a32-GrpcLogAppender: appendEntries Timeout, request=8f6ed14e-9847-41b2-84b1-f48134b0885d->6151a780-4ba7-403b-be5b-70f0763d4a32#82-t3, previous=(t:3, i:23), leaderCommit=16, initializing? false, entries: <empty>
2019-09-16 16:16:02,473 [grpc-default-executor-5] INFO  client.GrpcClientProtocolClient (GrpcClientProtocolClient.java:onNext(264)) - client-7C287F4031E3->6151a780-4ba7-403b-be5b-70f0763d4a32: receive RaftClientReply:client-7C287F4031E3->6151a780-4ba7-403b-be5b-70f0763d4a32@group-9D5AAEACE39C, cid=25, FAILED org.apache.ratis.protocol.NotLeaderException: Server 6151a780-4ba7-403b-be5b-70f0763d4a32@group-9D5AAEACE39C is not the leader 8f6ed14e-9847-41b2-84b1-f48134b0885d:192.168.34.47:40491, logIndex=0, commits[6151a780-4ba7-403b-be5b-70f0763d4a32:c16, d3f833b2-527d-4ab6-a086-d6ad4a131c32:c16, 8f6ed14e-9847-41b2-84b1-f48134b0885d:c16]
2019-09-16 16:16:04,314 [org.apache.ratis.server.impl.LogAppender$AppenderDaemon$$Lambda$507/334588113@9342042] ERROR ratis.XceiverServerRatis (XceiverServerRatis.java:triggerPipelineClose(568)) - pipeline Action CLOSE  on pipeline PipelineID=66475b26-f7ec-4ee2-b1cf-9d5aaeace39c.Reason : 8f6ed14e-9847-41b2-84b1-f48134b0885d has not seen follower/s 6151a780-4ba7-403b-be5b-70f0763d4a32 for 148686ms d3f833b2-527d-4ab6-a086-d6ad4a131c32 for 148686ms
2019-09-16 16:16:04,321 [org.apache.ratis.server.impl.LogAppender$AppenderDaemon$$Lambda$507/334588113@72322554] ERROR ratis.XceiverServerRatis (XceiverServerRatis.java:triggerPipelineClose(568)) - pipeline Action CLOSE  on pipeline PipelineID=66475b26-f7ec-4ee2-b1cf-9d5aaeace39c.Reason : 8f6ed14e-9847-41b2-84b1-f48134b0885d has not seen follower/s 6151a780-4ba7-403b-be5b-70f0763d4a32 for 148693ms d3f833b2-527d-4ab6-a086-d6ad4a131c32 for 148693ms
2019-09-16 16:16:04,813 [java.util.concurrent.ThreadPoolExecutor$Worker@53f11beb[State = -1, empty queue]] WARN  server.GrpcLogAppender (GrpcLogAppender.java:timeoutAppendRequest(200)) - 8f6ed14e-9847-41b2-84b1-f48134b0885d@group-9D5AAEACE39C->d3f833b2-527d-4ab6-a086-d6ad4a131c32-GrpcLogAppender: appendEntries Timeout, request=8f6ed14e-9847-41b2-84b1-f48134b0885d->d3f833b2-527d-4ab6-a086-d6ad4a131c32#83-t3, previous=(t:3, i:23), leaderCommit=16, initializing? false, entries: <empty>
2019-09-16 16:16:04,820 [java.util.concurrent.ThreadPoolExecutor$Worker@761563d2[State = -1, empty queue]] WARN  server.GrpcLogAppender (GrpcLogAppender.java:timeoutAppendRequest(200)) - 8f6ed14e-9847-41b2-84b1-f48134b0885d@group-9D5AAEACE39C->6151a780-4ba7-403b-be5b-70f0763d4a32-GrpcLogAppender: appendEntries Timeout, request=8f6ed14e-9847-41b2-84b1-f48134b0885d->6151a780-4ba7-403b-be5b-70f0763d4a32#83-t3, previous=(t:3, i:23), leaderCommit=16, initializing? false, entries: <empty>
2019-09-16 16:16:05,309 [EventQueue-PipelineActionsForPipelineActionHandler] ERROR pipeline.PipelineActionHandler (PipelineActionHandler.java:onMessage(60)) - Received pipeline action CLOSE for Pipeline[ Id: 66475b26-f7ec-4ee2-b1cf-9d5aaeace39c, Nodes: 8f6ed14e-9847-41b2-84b1-f48134b0885d{ip: 192.168.34.47, host: pr-hdds-2111-ptm9r-3382166736, networkLocation: /default-rack, certSerialId: null}6151a780-4ba7-403b-be5b-70f0763d4a32{ip: 192.168.34.47, host: pr-hdds-2111-ptm9r-3382166736, networkLocation: /default-rack, certSerialId: null}d3f833b2-527d-4ab6-a086-d6ad4a131c32{ip: 192.168.34.47, host: pr-hdds-2111-ptm9r-3382166736, networkLocation: /default-rack, certSerialId: null}, Type:RATIS, Factor:THREE, State:CLOSED] from datanode 8f6ed14e-9847-41b2-84b1-f48134b0885d{ip: 192.168.34.47, host: pr-hdds-2111-ptm9r-3382166736, networkLocation: /default-rack, certSerialId: null}. Reason : 8f6ed14e-9847-41b2-84b1-f48134b0885d has not seen follower/s 6151a780-4ba7-403b-be5b-70f0763d4a32 for 148686ms d3f833b2-527d-4ab6-a086-d6ad4a131c32 for 148686ms
2019-09-16 16:16:05,309 [EventQueue-PipelineActionsForPipelineActionHandler] INFO  pipeline.SCMPipelineManager (SCMPipelineManager.java:finalizeAndDestroyPipeline(311)) - destroying pipeline:Pipeline[ Id: 66475b26-f7ec-4ee2-b1cf-9d5aaeace39c, Nodes: 8f6ed14e-9847-41b2-84b1-f48134b0885d{ip: 192.168.34.47, host: pr-hdds-2111-ptm9r-3382166736, networkLocation: /default-rack, certSerialId: null}6151a780-4ba7-403b-be5b-70f0763d4a32{ip: 192.168.34.47, host: pr-hdds-2111-ptm9r-3382166736, networkLocation: /default-rack, certSerialId: null}d3f833b2-527d-4ab6-a086-d6ad4a131c32{ip: 192.168.34.47, host: pr-hdds-2111-ptm9r-3382166736, networkLocation: /default-rack, certSerialId: null}, Type:RATIS, Factor:THREE, State:CLOSED]
2019-09-16 16:16:06,319 [6151a780-4ba7-403b-be5b-70f0763d4a32@group-9D5AAEACE39C-SegmentedRaftLogWorker] WARN  segmented.SegmentedRaftLogWorker (SegmentedRaftLogWorker.java:getFromFuture(90)) - Timeout 14/~
org.apache.ratis.protocol.TimeoutIOException: Timeout 10s: WriteLog:18: (t:3, i:18), STATEMACHINELOGENTRY, client-7C287F4031E3, cid=26-writeStateMachineData
	at org.apache.ratis.util.IOUtils.getFromFuture(IOUtils.java:87)
	at org.apache.ratis.server.raftlog.segmented.SegmentedRaftLogWorker$StateMachineDataPolicy.getFromFuture(SegmentedRaftLogWorker.java:87)
	at org.apache.ratis.server.raftlog.segmented.SegmentedRaftLogWorker$WriteLog.execute(SegmentedRaftLogWorker.java:477)
	at org.apache.ratis.server.raftlog.segmented.SegmentedRaftLogWorker.run(SegmentedRaftLogWorker.java:289)
	at java.lang.Thread.run(Thread.java:748)
Caused by: java.util.concurrent.TimeoutException
	at java.util.concurrent.CompletableFuture.timedGet(CompletableFuture.java:1771)
	at java.util.concurrent.CompletableFuture.get(CompletableFuture.java:1915)
	at org.apache.ratis.util.IOUtils.getFromFuture(IOUtils.java:79)
	... 4 more
2019-09-16 16:16:06,330 [d3f833b2-527d-4ab6-a086-d6ad4a131c32@group-9D5AAEACE39C-SegmentedRaftLogWorker] WARN  segmented.SegmentedRaftLogWorker (SegmentedRaftLogWorker.java:getFromFuture(90)) - Timeout 14/~
org.apache.ratis.protocol.TimeoutIOException: Timeout 10s: WriteLog:18: (t:3, i:18), STATEMACHINELOGENTRY, client-7C287F4031E3, cid=26-writeStateMachineData
	at org.apache.ratis.util.IOUtils.getFromFuture(IOUtils.java:87)
	at org.apache.ratis.server.raftlog.segmented.SegmentedRaftLogWorker$StateMachineDataPolicy.getFromFuture(SegmentedRaftLogWorker.java:87)
	at org.apache.ratis.server.raftlog.segmented.SegmentedRaftLogWorker$WriteLog.execute(SegmentedRaftLogWorker.java:477)
	at org.apache.ratis.server.raftlog.segmented.SegmentedRaftLogWorker.run(SegmentedRaftLogWorker.java:289)
	at java.lang.Thread.run(Thread.java:748)
Caused by: java.util.concurrent.TimeoutException
	at java.util.concurrent.CompletableFuture.timedGet(CompletableFuture.java:1771)
	at java.util.concurrent.CompletableFuture.get(CompletableFuture.java:1915)
	at org.apache.ratis.util.IOUtils.getFromFuture(IOUtils.java:79)
	... 4 more
2019-09-16 16:16:06,331 [8f6ed14e-9847-41b2-84b1-f48134b0885d@group-9D5AAEACE39C-SegmentedRaftLogWorker] WARN  segmented.SegmentedRaftLogWorker (SegmentedRaftLogWorker.java:getFromFuture(90)) - Timeout 14/~
org.apache.ratis.protocol.TimeoutIOException: Timeout 10s: WriteLog:18: (t:3, i:18), STATEMACHINELOGENTRY, client-7C287F4031E3, cid=26-writeStateMachineData
	at org.apache.ratis.util.IOUtils.getFromFuture(IOUtils.java:87)
	at org.apache.ratis.server.raftlog.segmented.SegmentedRaftLogWorker$StateMachineDataPolicy.getFromFuture(SegmentedRaftLogWorker.java:87)
	at org.apache.ratis.server.raftlog.segmented.SegmentedRaftLogWorker$WriteLog.execute(SegmentedRaftLogWorker.java:477)
	at org.apache.ratis.server.raftlog.segmented.SegmentedRaftLogWorker.run(SegmentedRaftLogWorker.java:289)
	at java.lang.Thread.run(Thread.java:748)
Caused by: java.util.concurrent.TimeoutException
	at java.util.concurrent.CompletableFuture.timedGet(CompletableFuture.java:1771)
	at java.util.concurrent.CompletableFuture.get(CompletableFuture.java:1915)
	at org.apache.ratis.util.IOUtils.getFromFuture(IOUtils.java:79)
	... 4 more
2019-09-16 16:16:06,814 [org.apache.ratis.server.impl.LogAppender$AppenderDaemon$$Lambda$507/334588113@9342042] ERROR ratis.XceiverServerRatis (XceiverServerRatis.java:triggerPipelineClose(568)) - pipeline Action CLOSE  on pipeline PipelineID=66475b26-f7ec-4ee2-b1cf-9d5aaeace39c.Reason : 8f6ed14e-9847-41b2-84b1-f48134b0885d has not seen follower/s 6151a780-4ba7-403b-be5b-70f0763d4a32 for 151187ms d3f833b2-527d-4ab6-a086-d6ad4a131c32 for 151187ms
2019-09-16 16:16:06,821 [org.apache.ratis.server.impl.LogAppender$AppenderDaemon$$Lambda$507/334588113@72322554] ERROR ratis.XceiverServerRatis (XceiverServerRatis.java:triggerPipelineClose(568)) - pipeline Action CLOSE  on pipeline PipelineID=66475b26-f7ec-4ee2-b1cf-9d5aaeace39c.Reason : 8f6ed14e-9847-41b2-84b1-f48134b0885d has not seen follower/s 6151a780-4ba7-403b-be5b-70f0763d4a32 for 151194ms d3f833b2-527d-4ab6-a086-d6ad4a131c32 for 151194ms
2019-09-16 16:16:07,309 [EventQueue-PipelineActionsForPipelineActionHandler] ERROR pipeline.PipelineActionHandler (PipelineActionHandler.java:onMessage(60)) - Received pipeline action CLOSE for Pipeline[ Id: 66475b26-f7ec-4ee2-b1cf-9d5aaeace39c, Nodes: 8f6ed14e-9847-41b2-84b1-f48134b0885d{ip: 192.168.34.47, host: pr-hdds-2111-ptm9r-3382166736, networkLocation: /default-rack, certSerialId: null}6151a780-4ba7-403b-be5b-70f0763d4a32{ip: 192.168.34.47, host: pr-hdds-2111-ptm9r-3382166736, networkLocation: /default-rack, certSerialId: null}d3f833b2-527d-4ab6-a086-d6ad4a131c32{ip: 192.168.34.47, host: pr-hdds-2111-ptm9r-3382166736, networkLocation: /default-rack, certSerialId: null}, Type:RATIS, Factor:THREE, State:CLOSED] from datanode 8f6ed14e-9847-41b2-84b1-f48134b0885d{ip: 192.168.34.47, host: pr-hdds-2111-ptm9r-3382166736, networkLocation: /default-rack, certSerialId: null}. Reason : 8f6ed14e-9847-41b2-84b1-f48134b0885d has not seen follower/s 6151a780-4ba7-403b-be5b-70f0763d4a32 for 151187ms d3f833b2-527d-4ab6-a086-d6ad4a131c32 for 151187ms
2019-09-16 16:16:07,310 [EventQueue-PipelineActionsForPipelineActionHandler] INFO  pipeline.SCMPipelineManager (SCMPipelineManager.java:finalizeAndDestroyPipeline(311)) - destroying pipeline:Pipeline[ Id: 66475b26-f7ec-4ee2-b1cf-9d5aaeace39c, Nodes: 8f6ed14e-9847-41b2-84b1-f48134b0885d{ip: 192.168.34.47, host: pr-hdds-2111-ptm9r-3382166736, networkLocation: /default-rack, certSerialId: null}6151a780-4ba7-403b-be5b-70f0763d4a32{ip: 192.168.34.47, host: pr-hdds-2111-ptm9r-3382166736, networkLocation: /default-rack, certSerialId: null}d3f833b2-527d-4ab6-a086-d6ad4a131c32{ip: 192.168.34.47, host: pr-hdds-2111-ptm9r-3382166736, networkLocation: /default-rack, certSerialId: null}, Type:RATIS, Factor:THREE, State:CLOSED]
2019-09-16 16:16:07,314 [java.util.concurrent.ThreadPoolExecutor$Worker@53f11beb[State = -1, empty queue]] WARN  server.GrpcLogAppender (GrpcLogAppender.java:timeoutAppendRequest(200)) - 8f6ed14e-9847-41b2-84b1-f48134b0885d@group-9D5AAEACE39C->d3f833b2-527d-4ab6-a086-d6ad4a131c32-GrpcLogAppender: appendEntries Timeout, request=8f6ed14e-9847-41b2-84b1-f48134b0885d->d3f833b2-527d-4ab6-a086-d6ad4a131c32#84-t3, previous=(t:3, i:23), leaderCommit=16, initializing? false, entries: <empty>
2019-09-16 16:16:07,321 [java.util.concurrent.ThreadPoolExecutor$Worker@761563d2[State = -1, empty queue]] WARN  server.GrpcLogAppender (GrpcLogAppender.java:timeoutAppendRequest(200)) - 8f6ed14e-9847-41b2-84b1-f48134b0885d@group-9D5AAEACE39C->6151a780-4ba7-403b-be5b-70f0763d4a32-GrpcLogAppender: appendEntries Timeout, request=8f6ed14e-9847-41b2-84b1-f48134b0885d->6151a780-4ba7-403b-be5b-70f0763d4a32#84-t3, previous=(t:3, i:23), leaderCommit=16, initializing? false, entries: <empty>
2019-09-16 16:16:07,500 [grpc-default-executor-5] INFO  client.GrpcClientProtocolClient (GrpcClientProtocolClient.java:onNext(264)) - client-7C287F4031E3->d3f833b2-527d-4ab6-a086-d6ad4a131c32: receive RaftClientReply:client-7C287F4031E3->d3f833b2-527d-4ab6-a086-d6ad4a131c32@group-9D5AAEACE39C, cid=25, FAILED org.apache.ratis.protocol.NotLeaderException: Server d3f833b2-527d-4ab6-a086-d6ad4a131c32@group-9D5AAEACE39C is not the leader 8f6ed14e-9847-41b2-84b1-f48134b0885d:192.168.34.47:40491, logIndex=0, commits[d3f833b2-527d-4ab6-a086-d6ad4a131c32:c16, 6151a780-4ba7-403b-be5b-70f0763d4a32:c16, 8f6ed14e-9847-41b2-84b1-f48134b0885d:c16]
2019-09-16 16:16:09,315 [org.apache.ratis.server.impl.LogAppender$AppenderDaemon$$Lambda$507/334588113@9342042] ERROR ratis.XceiverServerRatis (XceiverServerRatis.java:triggerPipelineClose(568)) - pipeline Action CLOSE  on pipeline PipelineID=66475b26-f7ec-4ee2-b1cf-9d5aaeace39c.Reason : 8f6ed14e-9847-41b2-84b1-f48134b0885d has not seen follower/s 6151a780-4ba7-403b-be5b-70f0763d4a32 for 153688ms d3f833b2-527d-4ab6-a086-d6ad4a131c32 for 153688ms
2019-09-16 16:16:09,322 [org.apache.ratis.server.impl.LogAppender$AppenderDaemon$$Lambda$507/334588113@72322554] ERROR ratis.XceiverServerRatis (XceiverServerRatis.java:triggerPipelineClose(568)) - pipeline Action CLOSE  on pipeline PipelineID=66475b26-f7ec-4ee2-b1cf-9d5aaeace39c.Reason : 8f6ed14e-9847-41b2-84b1-f48134b0885d has not seen follower/s 6151a780-4ba7-403b-be5b-70f0763d4a32 for 153694ms d3f833b2-527d-4ab6-a086-d6ad4a131c32 for 153694ms
2019-09-16 16:16:09,814 [java.util.concurrent.ThreadPoolExecutor$Worker@53f11beb[State = -1, empty queue]] WARN  server.GrpcLogAppender (GrpcLogAppender.java:timeoutAppendRequest(200)) - 8f6ed14e-9847-41b2-84b1-f48134b0885d@group-9D5AAEACE39C->d3f833b2-527d-4ab6-a086-d6ad4a131c32-GrpcLogAppender: appendEntries Timeout, request=8f6ed14e-9847-41b2-84b1-f48134b0885d->d3f833b2-527d-4ab6-a086-d6ad4a131c32#85-t3, previous=(t:3, i:23), leaderCommit=16, initializing? false, entries: <empty>
2019-09-16 16:16:09,821 [java.util.concurrent.ThreadPoolExecutor$Worker@761563d2[State = -1, empty queue]] WARN  server.GrpcLogAppender (GrpcLogAppender.java:timeoutAppendRequest(200)) - 8f6ed14e-9847-41b2-84b1-f48134b0885d@group-9D5AAEACE39C->6151a780-4ba7-403b-be5b-70f0763d4a32-GrpcLogAppender: appendEntries Timeout, request=8f6ed14e-9847-41b2-84b1-f48134b0885d->6151a780-4ba7-403b-be5b-70f0763d4a32#85-t3, previous=(t:3, i:23), leaderCommit=16, initializing? false, entries: <empty>
2019-09-16 16:16:10,310 [EventQueue-PipelineActionsForPipelineActionHandler] ERROR pipeline.PipelineActionHandler (PipelineActionHandler.java:onMessage(60)) - Received pipeline action CLOSE for Pipeline[ Id: 66475b26-f7ec-4ee2-b1cf-9d5aaeace39c, Nodes: 8f6ed14e-9847-41b2-84b1-f48134b0885d{ip: 192.168.34.47, host: pr-hdds-2111-ptm9r-3382166736, networkLocation: /default-rack, certSerialId: null}6151a780-4ba7-403b-be5b-70f0763d4a32{ip: 192.168.34.47, host: pr-hdds-2111-ptm9r-3382166736, networkLocation: /default-rack, certSerialId: null}d3f833b2-527d-4ab6-a086-d6ad4a131c32{ip: 192.168.34.47, host: pr-hdds-2111-ptm9r-3382166736, networkLocation: /default-rack, certSerialId: null}, Type:RATIS, Factor:THREE, State:CLOSED] from datanode 8f6ed14e-9847-41b2-84b1-f48134b0885d{ip: 192.168.34.47, host: pr-hdds-2111-ptm9r-3382166736, networkLocation: /default-rack, certSerialId: null}. Reason : 8f6ed14e-9847-41b2-84b1-f48134b0885d has not seen follower/s 6151a780-4ba7-403b-be5b-70f0763d4a32 for 153688ms d3f833b2-527d-4ab6-a086-d6ad4a131c32 for 153688ms
2019-09-16 16:16:10,310 [EventQueue-PipelineActionsForPipelineActionHandler] INFO  pipeline.SCMPipelineManager (SCMPipelineManager.java:finalizeAndDestroyPipeline(311)) - destroying pipeline:Pipeline[ Id: 66475b26-f7ec-4ee2-b1cf-9d5aaeace39c, Nodes: 8f6ed14e-9847-41b2-84b1-f48134b0885d{ip: 192.168.34.47, host: pr-hdds-2111-ptm9r-3382166736, networkLocation: /default-rack, certSerialId: null}6151a780-4ba7-403b-be5b-70f0763d4a32{ip: 192.168.34.47, host: pr-hdds-2111-ptm9r-3382166736, networkLocation: /default-rack, certSerialId: null}d3f833b2-527d-4ab6-a086-d6ad4a131c32{ip: 192.168.34.47, host: pr-hdds-2111-ptm9r-3382166736, networkLocation: /default-rack, certSerialId: null}, Type:RATIS, Factor:THREE, State:CLOSED]
2019-09-16 16:16:11,816 [org.apache.ratis.server.impl.LogAppender$AppenderDaemon$$Lambda$507/334588113@9342042] ERROR ratis.XceiverServerRatis (XceiverServerRatis.java:triggerPipelineClose(568)) - pipeline Action CLOSE  on pipeline PipelineID=66475b26-f7ec-4ee2-b1cf-9d5aaeace39c.Reason : 8f6ed14e-9847-41b2-84b1-f48134b0885d has not seen follower/s 6151a780-4ba7-403b-be5b-70f0763d4a32 for 156189ms d3f833b2-527d-4ab6-a086-d6ad4a131c32 for 156189ms
2019-09-16 16:16:11,823 [org.apache.ratis.server.impl.LogAppender$AppenderDaemon$$Lambda$507/334588113@72322554] ERROR ratis.XceiverServerRatis (XceiverServerRatis.java:triggerPipelineClose(568)) - pipeline Action CLOSE  on pipeline PipelineID=66475b26-f7ec-4ee2-b1cf-9d5aaeace39c.Reason : 8f6ed14e-9847-41b2-84b1-f48134b0885d has not seen follower/s 6151a780-4ba7-403b-be5b-70f0763d4a32 for 156195ms d3f833b2-527d-4ab6-a086-d6ad4a131c32 for 156195ms
2019-09-16 16:16:12,310 [EventQueue-PipelineActionsForPipelineActionHandler] ERROR pipeline.PipelineActionHandler (PipelineActionHandler.java:onMessage(60)) - Received pipeline action CLOSE for Pipeline[ Id: 66475b26-f7ec-4ee2-b1cf-9d5aaeace39c, Nodes: 8f6ed14e-9847-41b2-84b1-f48134b0885d{ip: 192.168.34.47, host: pr-hdds-2111-ptm9r-3382166736, networkLocation: /default-rack, certSerialId: null}6151a780-4ba7-403b-be5b-70f0763d4a32{ip: 192.168.34.47, host: pr-hdds-2111-ptm9r-3382166736, networkLocation: /default-rack, certSerialId: null}d3f833b2-527d-4ab6-a086-d6ad4a131c32{ip: 192.168.34.47, host: pr-hdds-2111-ptm9r-3382166736, networkLocation: /default-rack, certSerialId: null}, Type:RATIS, Factor:THREE, State:CLOSED] from datanode 8f6ed14e-9847-41b2-84b1-f48134b0885d{ip: 192.168.34.47, host: pr-hdds-2111-ptm9r-3382166736, networkLocation: /default-rack, certSerialId: null}. Reason : 8f6ed14e-9847-41b2-84b1-f48134b0885d has not seen follower/s 6151a780-4ba7-403b-be5b-70f0763d4a32 for 156189ms d3f833b2-527d-4ab6-a086-d6ad4a131c32 for 156189ms
2019-09-16 16:16:12,310 [EventQueue-PipelineActionsForPipelineActionHandler] INFO  pipeline.SCMPipelineManager (SCMPipelineManager.java:finalizeAndDestroyPipeline(311)) - destroying pipeline:Pipeline[ Id: 66475b26-f7ec-4ee2-b1cf-9d5aaeace39c, Nodes: 8f6ed14e-9847-41b2-84b1-f48134b0885d{ip: 192.168.34.47, host: pr-hdds-2111-ptm9r-3382166736, networkLocation: /default-rack, certSerialId: null}6151a780-4ba7-403b-be5b-70f0763d4a32{ip: 192.168.34.47, host: pr-hdds-2111-ptm9r-3382166736, networkLocation: /default-rack, certSerialId: null}d3f833b2-527d-4ab6-a086-d6ad4a131c32{ip: 192.168.34.47, host: pr-hdds-2111-ptm9r-3382166736, networkLocation: /default-rack, certSerialId: null}, Type:RATIS, Factor:THREE, State:CLOSED]
2019-09-16 16:16:12,315 [java.util.concurrent.ThreadPoolExecutor$Worker@53f11beb[State = -1, empty queue]] WARN  server.GrpcLogAppender (GrpcLogAppender.java:timeoutAppendRequest(200)) - 8f6ed14e-9847-41b2-84b1-f48134b0885d@group-9D5AAEACE39C->d3f833b2-527d-4ab6-a086-d6ad4a131c32-GrpcLogAppender: appendEntries Timeout, request=8f6ed14e-9847-41b2-84b1-f48134b0885d->d3f833b2-527d-4ab6-a086-d6ad4a131c32#86-t3, previous=(t:3, i:23), leaderCommit=16, initializing? false, entries: <empty>
2019-09-16 16:16:12,322 [java.util.concurrent.ThreadPoolExecutor$Worker@761563d2[State = -1, empty queue]] WARN  server.GrpcLogAppender (GrpcLogAppender.java:timeoutAppendRequest(200)) - 8f6ed14e-9847-41b2-84b1-f48134b0885d@group-9D5AAEACE39C->6151a780-4ba7-403b-be5b-70f0763d4a32-GrpcLogAppender: appendEntries Timeout, request=8f6ed14e-9847-41b2-84b1-f48134b0885d->6151a780-4ba7-403b-be5b-70f0763d4a32#86-t3, previous=(t:3, i:23), leaderCommit=16, initializing? false, entries: <empty>
2019-09-16 16:16:12,531 [grpc-default-executor-1] INFO  client.GrpcClientProtocolClient (GrpcClientProtocolClient.java:onNext(264)) - client-7C287F4031E3->d3f833b2-527d-4ab6-a086-d6ad4a131c32: receive RaftClientReply:client-7C287F4031E3->d3f833b2-527d-4ab6-a086-d6ad4a131c32@group-9D5AAEACE39C, cid=25, FAILED org.apache.ratis.protocol.NotLeaderException: Server d3f833b2-527d-4ab6-a086-d6ad4a131c32@group-9D5AAEACE39C is not the leader 8f6ed14e-9847-41b2-84b1-f48134b0885d:192.168.34.47:40491, logIndex=0, commits[d3f833b2-527d-4ab6-a086-d6ad4a131c32:c16, 6151a780-4ba7-403b-be5b-70f0763d4a32:c16, 8f6ed14e-9847-41b2-84b1-f48134b0885d:c16]
2019-09-16 16:16:14,317 [org.apache.ratis.server.impl.LogAppender$AppenderDaemon$$Lambda$507/334588113@9342042] ERROR ratis.XceiverServerRatis (XceiverServerRatis.java:triggerPipelineClose(568)) - pipeline Action CLOSE  on pipeline PipelineID=66475b26-f7ec-4ee2-b1cf-9d5aaeace39c.Reason : 8f6ed14e-9847-41b2-84b1-f48134b0885d has not seen follower/s 6151a780-4ba7-403b-be5b-70f0763d4a32 for 158689ms d3f833b2-527d-4ab6-a086-d6ad4a131c32 for 158689ms
2019-09-16 16:16:14,323 [org.apache.ratis.server.impl.LogAppender$AppenderDaemon$$Lambda$507/334588113@72322554] ERROR ratis.XceiverServerRatis (XceiverServerRatis.java:triggerPipelineClose(568)) - pipeline Action CLOSE  on pipeline PipelineID=66475b26-f7ec-4ee2-b1cf-9d5aaeace39c.Reason : 8f6ed14e-9847-41b2-84b1-f48134b0885d has not seen follower/s 6151a780-4ba7-403b-be5b-70f0763d4a32 for 158696ms d3f833b2-527d-4ab6-a086-d6ad4a131c32 for 158696ms
2019-09-16 16:16:14,816 [java.util.concurrent.ThreadPoolExecutor$Worker@53f11beb[State = -1, empty queue]] WARN  server.GrpcLogAppender (GrpcLogAppender.java:timeoutAppendRequest(200)) - 8f6ed14e-9847-41b2-84b1-f48134b0885d@group-9D5AAEACE39C->d3f833b2-527d-4ab6-a086-d6ad4a131c32-GrpcLogAppender: appendEntries Timeout, request=8f6ed14e-9847-41b2-84b1-f48134b0885d->d3f833b2-527d-4ab6-a086-d6ad4a131c32#87-t3, previous=(t:3, i:23), leaderCommit=16, initializing? false, entries: <empty>
2019-09-16 16:16:14,823 [java.util.concurrent.ThreadPoolExecutor$Worker@761563d2[State = -1, empty queue]] WARN  server.GrpcLogAppender (GrpcLogAppender.java:timeoutAppendRequest(200)) - 8f6ed14e-9847-41b2-84b1-f48134b0885d@group-9D5AAEACE39C->6151a780-4ba7-403b-be5b-70f0763d4a32-GrpcLogAppender: appendEntries Timeout, request=8f6ed14e-9847-41b2-84b1-f48134b0885d->6151a780-4ba7-403b-be5b-70f0763d4a32#87-t3, previous=(t:3, i:23), leaderCommit=16, initializing? false, entries: <empty>
2019-09-16 16:16:15,311 [EventQueue-PipelineActionsForPipelineActionHandler] ERROR pipeline.PipelineActionHandler (PipelineActionHandler.java:onMessage(60)) - Received pipeline action CLOSE for Pipeline[ Id: 66475b26-f7ec-4ee2-b1cf-9d5aaeace39c, Nodes: 8f6ed14e-9847-41b2-84b1-f48134b0885d{ip: 192.168.34.47, host: pr-hdds-2111-ptm9r-3382166736, networkLocation: /default-rack, certSerialId: null}6151a780-4ba7-403b-be5b-70f0763d4a32{ip: 192.168.34.47, host: pr-hdds-2111-ptm9r-3382166736, networkLocation: /default-rack, certSerialId: null}d3f833b2-527d-4ab6-a086-d6ad4a131c32{ip: 192.168.34.47, host: pr-hdds-2111-ptm9r-3382166736, networkLocation: /default-rack, certSerialId: null}, Type:RATIS, Factor:THREE, State:CLOSED] from datanode 8f6ed14e-9847-41b2-84b1-f48134b0885d{ip: 192.168.34.47, host: pr-hdds-2111-ptm9r-3382166736, networkLocation: /default-rack, certSerialId: null}. Reason : 8f6ed14e-9847-41b2-84b1-f48134b0885d has not seen follower/s 6151a780-4ba7-403b-be5b-70f0763d4a32 for 158689ms d3f833b2-527d-4ab6-a086-d6ad4a131c32 for 158689ms
2019-09-16 16:16:15,311 [EventQueue-PipelineActionsForPipelineActionHandler] INFO  pipeline.SCMPipelineManager (SCMPipelineManager.java:finalizeAndDestroyPipeline(311)) - destroying pipeline:Pipeline[ Id: 66475b26-f7ec-4ee2-b1cf-9d5aaeace39c, Nodes: 8f6ed14e-9847-41b2-84b1-f48134b0885d{ip: 192.168.34.47, host: pr-hdds-2111-ptm9r-3382166736, networkLocation: /default-rack, certSerialId: null}6151a780-4ba7-403b-be5b-70f0763d4a32{ip: 192.168.34.47, host: pr-hdds-2111-ptm9r-3382166736, networkLocation: /default-rack, certSerialId: null}d3f833b2-527d-4ab6-a086-d6ad4a131c32{ip: 192.168.34.47, host: pr-hdds-2111-ptm9r-3382166736, networkLocation: /default-rack, certSerialId: null}, Type:RATIS, Factor:THREE, State:CLOSED]
2019-09-16 16:16:16,320 [6151a780-4ba7-403b-be5b-70f0763d4a32@group-9D5AAEACE39C-SegmentedRaftLogWorker] WARN  segmented.SegmentedRaftLogWorker (SegmentedRaftLogWorker.java:getFromFuture(90)) - Timeout 15/~
org.apache.ratis.protocol.TimeoutIOException: Timeout 10s: WriteLog:18: (t:3, i:18), STATEMACHINELOGENTRY, client-7C287F4031E3, cid=26-writeStateMachineData
	at org.apache.ratis.util.IOUtils.getFromFuture(IOUtils.java:87)
	at org.apache.ratis.server.raftlog.segmented.SegmentedRaftLogWorker$StateMachineDataPolicy.getFromFuture(SegmentedRaftLogWorker.java:87)
	at org.apache.ratis.server.raftlog.segmented.SegmentedRaftLogWorker$WriteLog.execute(SegmentedRaftLogWorker.java:477)
	at org.apache.ratis.server.raftlog.segmented.SegmentedRaftLogWorker.run(SegmentedRaftLogWorker.java:289)
	at java.lang.Thread.run(Thread.java:748)
Caused by: java.util.concurrent.TimeoutException
	at java.util.concurrent.CompletableFuture.timedGet(CompletableFuture.java:1771)
	at java.util.concurrent.CompletableFuture.get(CompletableFuture.java:1915)
	at org.apache.ratis.util.IOUtils.getFromFuture(IOUtils.java:79)
	... 4 more
2019-09-16 16:16:16,331 [d3f833b2-527d-4ab6-a086-d6ad4a131c32@group-9D5AAEACE39C-SegmentedRaftLogWorker] WARN  segmented.SegmentedRaftLogWorker (SegmentedRaftLogWorker.java:getFromFuture(90)) - Timeout 15/~
org.apache.ratis.protocol.TimeoutIOException: Timeout 10s: WriteLog:18: (t:3, i:18), STATEMACHINELOGENTRY, client-7C287F4031E3, cid=26-writeStateMachineData
	at org.apache.ratis.util.IOUtils.getFromFuture(IOUtils.java:87)
	at org.apache.ratis.server.raftlog.segmented.SegmentedRaftLogWorker$StateMachineDataPolicy.getFromFuture(SegmentedRaftLogWorker.java:87)
	at org.apache.ratis.server.raftlog.segmented.SegmentedRaftLogWorker$WriteLog.execute(SegmentedRaftLogWorker.java:477)
	at org.apache.ratis.server.raftlog.segmented.SegmentedRaftLogWorker.run(SegmentedRaftLogWorker.java:289)
	at java.lang.Thread.run(Thread.java:748)
Caused by: java.util.concurrent.TimeoutException
	at java.util.concurrent.CompletableFuture.timedGet(CompletableFuture.java:1771)
	at java.util.concurrent.CompletableFuture.get(CompletableFuture.java:1915)
	at org.apache.ratis.util.IOUtils.getFromFuture(IOUtils.java:79)
	... 4 more
2019-09-16 16:16:16,352 [8f6ed14e-9847-41b2-84b1-f48134b0885d@group-9D5AAEACE39C-SegmentedRaftLogWorker] WARN  segmented.SegmentedRaftLogWorker (SegmentedRaftLogWorker.java:getFromFuture(90)) - Timeout 15/~
org.apache.ratis.protocol.TimeoutIOException: Timeout 10s: WriteLog:18: (t:3, i:18), STATEMACHINELOGENTRY, client-7C287F4031E3, cid=26-writeStateMachineData
	at org.apache.ratis.util.IOUtils.getFromFuture(IOUtils.java:87)
	at org.apache.ratis.server.raftlog.segmented.SegmentedRaftLogWorker$StateMachineDataPolicy.getFromFuture(SegmentedRaftLogWorker.java:87)
	at org.apache.ratis.server.raftlog.segmented.SegmentedRaftLogWorker$WriteLog.execute(SegmentedRaftLogWorker.java:477)
	at org.apache.ratis.server.raftlog.segmented.SegmentedRaftLogWorker.run(SegmentedRaftLogWorker.java:289)
	at java.lang.Thread.run(Thread.java:748)
Caused by: java.util.concurrent.TimeoutException
	at java.util.concurrent.CompletableFuture.timedGet(CompletableFuture.java:1771)
	at java.util.concurrent.CompletableFuture.get(CompletableFuture.java:1915)
	at org.apache.ratis.util.IOUtils.getFromFuture(IOUtils.java:79)
	... 4 more
2019-09-16 16:16:16,818 [org.apache.ratis.server.impl.LogAppender$AppenderDaemon$$Lambda$507/334588113@9342042] ERROR ratis.XceiverServerRatis (XceiverServerRatis.java:triggerPipelineClose(568)) - pipeline Action CLOSE  on pipeline PipelineID=66475b26-f7ec-4ee2-b1cf-9d5aaeace39c.Reason : 8f6ed14e-9847-41b2-84b1-f48134b0885d has not seen follower/s 6151a780-4ba7-403b-be5b-70f0763d4a32 for 161190ms d3f833b2-527d-4ab6-a086-d6ad4a131c32 for 161190ms
2019-09-16 16:16:16,824 [org.apache.ratis.server.impl.LogAppender$AppenderDaemon$$Lambda$507/334588113@72322554] ERROR ratis.XceiverServerRatis (XceiverServerRatis.java:triggerPipelineClose(568)) - pipeline Action CLOSE  on pipeline PipelineID=66475b26-f7ec-4ee2-b1cf-9d5aaeace39c.Reason : 8f6ed14e-9847-41b2-84b1-f48134b0885d has not seen follower/s 6151a780-4ba7-403b-be5b-70f0763d4a32 for 161196ms d3f833b2-527d-4ab6-a086-d6ad4a131c32 for 161196ms
2019-09-16 16:16:17,311 [EventQueue-PipelineActionsForPipelineActionHandler] ERROR pipeline.PipelineActionHandler (PipelineActionHandler.java:onMessage(60)) - Received pipeline action CLOSE for Pipeline[ Id: 66475b26-f7ec-4ee2-b1cf-9d5aaeace39c, Nodes: 8f6ed14e-9847-41b2-84b1-f48134b0885d{ip: 192.168.34.47, host: pr-hdds-2111-ptm9r-3382166736, networkLocation: /default-rack, certSerialId: null}6151a780-4ba7-403b-be5b-70f0763d4a32{ip: 192.168.34.47, host: pr-hdds-2111-ptm9r-3382166736, networkLocation: /default-rack, certSerialId: null}d3f833b2-527d-4ab6-a086-d6ad4a131c32{ip: 192.168.34.47, host: pr-hdds-2111-ptm9r-3382166736, networkLocation: /default-rack, certSerialId: null}, Type:RATIS, Factor:THREE, State:CLOSED] from datanode 8f6ed14e-9847-41b2-84b1-f48134b0885d{ip: 192.168.34.47, host: pr-hdds-2111-ptm9r-3382166736, networkLocation: /default-rack, certSerialId: null}. Reason : 8f6ed14e-9847-41b2-84b1-f48134b0885d has not seen follower/s 6151a780-4ba7-403b-be5b-70f0763d4a32 for 161190ms d3f833b2-527d-4ab6-a086-d6ad4a131c32 for 161190ms
2019-09-16 16:16:17,312 [EventQueue-PipelineActionsForPipelineActionHandler] INFO  pipeline.SCMPipelineManager (SCMPipelineManager.java:finalizeAndDestroyPipeline(311)) - destroying pipeline:Pipeline[ Id: 66475b26-f7ec-4ee2-b1cf-9d5aaeace39c, Nodes: 8f6ed14e-9847-41b2-84b1-f48134b0885d{ip: 192.168.34.47, host: pr-hdds-2111-ptm9r-3382166736, networkLocation: /default-rack, certSerialId: null}6151a780-4ba7-403b-be5b-70f0763d4a32{ip: 192.168.34.47, host: pr-hdds-2111-ptm9r-3382166736, networkLocation: /default-rack, certSerialId: null}d3f833b2-527d-4ab6-a086-d6ad4a131c32{ip: 192.168.34.47, host: pr-hdds-2111-ptm9r-3382166736, networkLocation: /default-rack, certSerialId: null}, Type:RATIS, Factor:THREE, State:CLOSED]
2019-09-16 16:16:17,317 [java.util.concurrent.ThreadPoolExecutor$Worker@53f11beb[State = -1, empty queue]] WARN  server.GrpcLogAppender (GrpcLogAppender.java:timeoutAppendRequest(200)) - 8f6ed14e-9847-41b2-84b1-f48134b0885d@group-9D5AAEACE39C->d3f833b2-527d-4ab6-a086-d6ad4a131c32-GrpcLogAppender: appendEntries Timeout, request=8f6ed14e-9847-41b2-84b1-f48134b0885d->d3f833b2-527d-4ab6-a086-d6ad4a131c32#88-t3, previous=(t:3, i:23), leaderCommit=16, initializing? false, entries: <empty>
2019-09-16 16:16:17,323 [java.util.concurrent.ThreadPoolExecutor$Worker@761563d2[State = -1, empty queue]] WARN  server.GrpcLogAppender (GrpcLogAppender.java:timeoutAppendRequest(200)) - 8f6ed14e-9847-41b2-84b1-f48134b0885d@group-9D5AAEACE39C->6151a780-4ba7-403b-be5b-70f0763d4a32-GrpcLogAppender: appendEntries Timeout, request=8f6ed14e-9847-41b2-84b1-f48134b0885d->6151a780-4ba7-403b-be5b-70f0763d4a32#88-t3, previous=(t:3, i:23), leaderCommit=16, initializing? false, entries: <empty>
2019-09-16 16:16:17,576 [grpc-default-executor-5] INFO  client.GrpcClientProtocolClient (GrpcClientProtocolClient.java:onNext(264)) - client-7C287F4031E3->6151a780-4ba7-403b-be5b-70f0763d4a32: receive RaftClientReply:client-7C287F4031E3->6151a780-4ba7-403b-be5b-70f0763d4a32@group-9D5AAEACE39C, cid=25, FAILED org.apache.ratis.protocol.NotLeaderException: Server 6151a780-4ba7-403b-be5b-70f0763d4a32@group-9D5AAEACE39C is not the leader 8f6ed14e-9847-41b2-84b1-f48134b0885d:192.168.34.47:40491, logIndex=0, commits[6151a780-4ba7-403b-be5b-70f0763d4a32:c16, d3f833b2-527d-4ab6-a086-d6ad4a131c32:c16, 8f6ed14e-9847-41b2-84b1-f48134b0885d:c16]
2019-09-16 16:16:19,319 [org.apache.ratis.server.impl.LogAppender$AppenderDaemon$$Lambda$507/334588113@9342042] ERROR ratis.XceiverServerRatis (XceiverServerRatis.java:triggerPipelineClose(568)) - pipeline Action CLOSE  on pipeline PipelineID=66475b26-f7ec-4ee2-b1cf-9d5aaeace39c.Reason : 8f6ed14e-9847-41b2-84b1-f48134b0885d has not seen follower/s 6151a780-4ba7-403b-be5b-70f0763d4a32 for 163691ms d3f833b2-527d-4ab6-a086-d6ad4a131c32 for 163691ms
2019-09-16 16:16:19,325 [org.apache.ratis.server.impl.LogAppender$AppenderDaemon$$Lambda$507/334588113@72322554] ERROR ratis.XceiverServerRatis (XceiverServerRatis.java:triggerPipelineClose(568)) - pipeline Action CLOSE  on pipeline PipelineID=66475b26-f7ec-4ee2-b1cf-9d5aaeace39c.Reason : 8f6ed14e-9847-41b2-84b1-f48134b0885d has not seen follower/s 6151a780-4ba7-403b-be5b-70f0763d4a32 for 163697ms d3f833b2-527d-4ab6-a086-d6ad4a131c32 for 163697ms
2019-09-16 16:16:19,818 [java.util.concurrent.ThreadPoolExecutor$Worker@53f11beb[State = -1, empty queue]] WARN  server.GrpcLogAppender (GrpcLogAppender.java:timeoutAppendRequest(200)) - 8f6ed14e-9847-41b2-84b1-f48134b0885d@group-9D5AAEACE39C->d3f833b2-527d-4ab6-a086-d6ad4a131c32-GrpcLogAppender: appendEntries Timeout, request=8f6ed14e-9847-41b2-84b1-f48134b0885d->d3f833b2-527d-4ab6-a086-d6ad4a131c32#89-t3, previous=(t:3, i:23), leaderCommit=16, initializing? false, entries: <empty>
2019-09-16 16:16:19,824 [java.util.concurrent.ThreadPoolExecutor$Worker@761563d2[State = -1, empty queue]] WARN  server.GrpcLogAppender (GrpcLogAppender.java:timeoutAppendRequest(200)) - 8f6ed14e-9847-41b2-84b1-f48134b0885d@group-9D5AAEACE39C->6151a780-4ba7-403b-be5b-70f0763d4a32-GrpcLogAppender: appendEntries Timeout, request=8f6ed14e-9847-41b2-84b1-f48134b0885d->6151a780-4ba7-403b-be5b-70f0763d4a32#89-t3, previous=(t:3, i:23), leaderCommit=16, initializing? false, entries: <empty>
2019-09-16 16:16:20,315 [EventQueue-PipelineActionsForPipelineActionHandler] ERROR pipeline.PipelineActionHandler (PipelineActionHandler.java:onMessage(60)) - Received pipeline action CLOSE for Pipeline[ Id: 66475b26-f7ec-4ee2-b1cf-9d5aaeace39c, Nodes: 8f6ed14e-9847-41b2-84b1-f48134b0885d{ip: 192.168.34.47, host: pr-hdds-2111-ptm9r-3382166736, networkLocation: /default-rack, certSerialId: null}6151a780-4ba7-403b-be5b-70f0763d4a32{ip: 192.168.34.47, host: pr-hdds-2111-ptm9r-3382166736, networkLocation: /default-rack, certSerialId: null}d3f833b2-527d-4ab6-a086-d6ad4a131c32{ip: 192.168.34.47, host: pr-hdds-2111-ptm9r-3382166736, networkLocation: /default-rack, certSerialId: null}, Type:RATIS, Factor:THREE, State:CLOSED] from datanode 8f6ed14e-9847-41b2-84b1-f48134b0885d{ip: 192.168.34.47, host: pr-hdds-2111-ptm9r-3382166736, networkLocation: /default-rack, certSerialId: null}. Reason : 8f6ed14e-9847-41b2-84b1-f48134b0885d has not seen follower/s 6151a780-4ba7-403b-be5b-70f0763d4a32 for 163691ms d3f833b2-527d-4ab6-a086-d6ad4a131c32 for 163691ms
2019-09-16 16:16:20,315 [EventQueue-PipelineActionsForPipelineActionHandler] INFO  pipeline.SCMPipelineManager (SCMPipelineManager.java:finalizeAndDestroyPipeline(311)) - destroying pipeline:Pipeline[ Id: 66475b26-f7ec-4ee2-b1cf-9d5aaeace39c, Nodes: 8f6ed14e-9847-41b2-84b1-f48134b0885d{ip: 192.168.34.47, host: pr-hdds-2111-ptm9r-3382166736, networkLocation: /default-rack, certSerialId: null}6151a780-4ba7-403b-be5b-70f0763d4a32{ip: 192.168.34.47, host: pr-hdds-2111-ptm9r-3382166736, networkLocation: /default-rack, certSerialId: null}d3f833b2-527d-4ab6-a086-d6ad4a131c32{ip: 192.168.34.47, host: pr-hdds-2111-ptm9r-3382166736, networkLocation: /default-rack, certSerialId: null}, Type:RATIS, Factor:THREE, State:CLOSED]
2019-09-16 16:16:21,820 [org.apache.ratis.server.impl.LogAppender$AppenderDaemon$$Lambda$507/334588113@9342042] ERROR ratis.XceiverServerRatis (XceiverServerRatis.java:triggerPipelineClose(568)) - pipeline Action CLOSE  on pipeline PipelineID=66475b26-f7ec-4ee2-b1cf-9d5aaeace39c.Reason : 8f6ed14e-9847-41b2-84b1-f48134b0885d has not seen follower/s 6151a780-4ba7-403b-be5b-70f0763d4a32 for 166192ms d3f833b2-527d-4ab6-a086-d6ad4a131c32 for 166192ms
2019-09-16 16:16:21,825 [org.apache.ratis.server.impl.LogAppender$AppenderDaemon$$Lambda$507/334588113@72322554] ERROR ratis.XceiverServerRatis (XceiverServerRatis.java:triggerPipelineClose(568)) - pipeline Action CLOSE  on pipeline PipelineID=66475b26-f7ec-4ee2-b1cf-9d5aaeace39c.Reason : 8f6ed14e-9847-41b2-84b1-f48134b0885d has not seen follower/s 6151a780-4ba7-403b-be5b-70f0763d4a32 for 166198ms d3f833b2-527d-4ab6-a086-d6ad4a131c32 for 166198ms
2019-09-16 16:16:22,312 [EventQueue-PipelineActionsForPipelineActionHandler] ERROR pipeline.PipelineActionHandler (PipelineActionHandler.java:onMessage(60)) - Received pipeline action CLOSE for Pipeline[ Id: 66475b26-f7ec-4ee2-b1cf-9d5aaeace39c, Nodes: 8f6ed14e-9847-41b2-84b1-f48134b0885d{ip: 192.168.34.47, host: pr-hdds-2111-ptm9r-3382166736, networkLocation: /default-rack, certSerialId: null}6151a780-4ba7-403b-be5b-70f0763d4a32{ip: 192.168.34.47, host: pr-hdds-2111-ptm9r-3382166736, networkLocation: /default-rack, certSerialId: null}d3f833b2-527d-4ab6-a086-d6ad4a131c32{ip: 192.168.34.47, host: pr-hdds-2111-ptm9r-3382166736, networkLocation: /default-rack, certSerialId: null}, Type:RATIS, Factor:THREE, State:CLOSED] from datanode 8f6ed14e-9847-41b2-84b1-f48134b0885d{ip: 192.168.34.47, host: pr-hdds-2111-ptm9r-3382166736, networkLocation: /default-rack, certSerialId: null}. Reason : 8f6ed14e-9847-41b2-84b1-f48134b0885d has not seen follower/s 6151a780-4ba7-403b-be5b-70f0763d4a32 for 166192ms d3f833b2-527d-4ab6-a086-d6ad4a131c32 for 166192ms
2019-09-16 16:16:22,313 [EventQueue-PipelineActionsForPipelineActionHandler] INFO  pipeline.SCMPipelineManager (SCMPipelineManager.java:finalizeAndDestroyPipeline(311)) - destroying pipeline:Pipeline[ Id: 66475b26-f7ec-4ee2-b1cf-9d5aaeace39c, Nodes: 8f6ed14e-9847-41b2-84b1-f48134b0885d{ip: 192.168.34.47, host: pr-hdds-2111-ptm9r-3382166736, networkLocation: /default-rack, certSerialId: null}6151a780-4ba7-403b-be5b-70f0763d4a32{ip: 192.168.34.47, host: pr-hdds-2111-ptm9r-3382166736, networkLocation: /default-rack, certSerialId: null}d3f833b2-527d-4ab6-a086-d6ad4a131c32{ip: 192.168.34.47, host: pr-hdds-2111-ptm9r-3382166736, networkLocation: /default-rack, certSerialId: null}, Type:RATIS, Factor:THREE, State:CLOSED]
2019-09-16 16:16:22,319 [java.util.concurrent.ThreadPoolExecutor$Worker@53f11beb[State = -1, empty queue]] WARN  server.GrpcLogAppender (GrpcLogAppender.java:timeoutAppendRequest(200)) - 8f6ed14e-9847-41b2-84b1-f48134b0885d@group-9D5AAEACE39C->d3f833b2-527d-4ab6-a086-d6ad4a131c32-GrpcLogAppender: appendEntries Timeout, request=8f6ed14e-9847-41b2-84b1-f48134b0885d->d3f833b2-527d-4ab6-a086-d6ad4a131c32#90-t3, previous=(t:3, i:23), leaderCommit=16, initializing? false, entries: <empty>
2019-09-16 16:16:22,325 [java.util.concurrent.ThreadPoolExecutor$Worker@761563d2[State = -1, empty queue]] WARN  server.GrpcLogAppender (GrpcLogAppender.java:timeoutAppendRequest(200)) - 8f6ed14e-9847-41b2-84b1-f48134b0885d@group-9D5AAEACE39C->6151a780-4ba7-403b-be5b-70f0763d4a32-GrpcLogAppender: appendEntries Timeout, request=8f6ed14e-9847-41b2-84b1-f48134b0885d->6151a780-4ba7-403b-be5b-70f0763d4a32#90-t3, previous=(t:3, i:23), leaderCommit=16, initializing? false, entries: <empty>
2019-09-16 16:16:22,636 [grpc-default-executor-1] INFO  client.GrpcClientProtocolClient (GrpcClientProtocolClient.java:onNext(264)) - client-7C287F4031E3->d3f833b2-527d-4ab6-a086-d6ad4a131c32: receive RaftClientReply:client-7C287F4031E3->d3f833b2-527d-4ab6-a086-d6ad4a131c32@group-9D5AAEACE39C, cid=25, FAILED org.apache.ratis.protocol.NotLeaderException: Server d3f833b2-527d-4ab6-a086-d6ad4a131c32@group-9D5AAEACE39C is not the leader 8f6ed14e-9847-41b2-84b1-f48134b0885d:192.168.34.47:40491, logIndex=0, commits[d3f833b2-527d-4ab6-a086-d6ad4a131c32:c16, 6151a780-4ba7-403b-be5b-70f0763d4a32:c16, 8f6ed14e-9847-41b2-84b1-f48134b0885d:c16]
2019-09-16 16:16:24,321 [org.apache.ratis.server.impl.LogAppender$AppenderDaemon$$Lambda$507/334588113@9342042] ERROR ratis.XceiverServerRatis (XceiverServerRatis.java:triggerPipelineClose(568)) - pipeline Action CLOSE  on pipeline PipelineID=66475b26-f7ec-4ee2-b1cf-9d5aaeace39c.Reason : 8f6ed14e-9847-41b2-84b1-f48134b0885d has not seen follower/s 6151a780-4ba7-403b-be5b-70f0763d4a32 for 168693ms d3f833b2-527d-4ab6-a086-d6ad4a131c32 for 168693ms
2019-09-16 16:16:24,326 [org.apache.ratis.server.impl.LogAppender$AppenderDaemon$$Lambda$507/334588113@72322554] ERROR ratis.XceiverServerRatis (XceiverServerRatis.java:triggerPipelineClose(568)) - pipeline Action CLOSE  on pipeline PipelineID=66475b26-f7ec-4ee2-b1cf-9d5aaeace39c.Reason : 8f6ed14e-9847-41b2-84b1-f48134b0885d has not seen follower/s 6151a780-4ba7-403b-be5b-70f0763d4a32 for 168698ms d3f833b2-527d-4ab6-a086-d6ad4a131c32 for 168698ms
2019-09-16 16:16:24,820 [java.util.concurrent.ThreadPoolExecutor$Worker@53f11beb[State = -1, empty queue]] WARN  server.GrpcLogAppender (GrpcLogAppender.java:timeoutAppendRequest(200)) - 8f6ed14e-9847-41b2-84b1-f48134b0885d@group-9D5AAEACE39C->d3f833b2-527d-4ab6-a086-d6ad4a131c32-GrpcLogAppender: appendEntries Timeout, request=8f6ed14e-9847-41b2-84b1-f48134b0885d->d3f833b2-527d-4ab6-a086-d6ad4a131c32#91-t3, previous=(t:3, i:23), leaderCommit=16, initializing? false, entries: <empty>
2019-09-16 16:16:24,825 [java.util.concurrent.ThreadPoolExecutor$Worker@761563d2[State = -1, empty queue]] WARN  server.GrpcLogAppender (GrpcLogAppender.java:timeoutAppendRequest(200)) - 8f6ed14e-9847-41b2-84b1-f48134b0885d@group-9D5AAEACE39C->6151a780-4ba7-403b-be5b-70f0763d4a32-GrpcLogAppender: appendEntries Timeout, request=8f6ed14e-9847-41b2-84b1-f48134b0885d->6151a780-4ba7-403b-be5b-70f0763d4a32#91-t3, previous=(t:3, i:23), leaderCommit=16, initializing? false, entries: <empty>
2019-09-16 16:16:25,314 [EventQueue-PipelineActionsForPipelineActionHandler] ERROR pipeline.PipelineActionHandler (PipelineActionHandler.java:onMessage(60)) - Received pipeline action CLOSE for Pipeline[ Id: 66475b26-f7ec-4ee2-b1cf-9d5aaeace39c, Nodes: 8f6ed14e-9847-41b2-84b1-f48134b0885d{ip: 192.168.34.47, host: pr-hdds-2111-ptm9r-3382166736, networkLocation: /default-rack, certSerialId: null}6151a780-4ba7-403b-be5b-70f0763d4a32{ip: 192.168.34.47, host: pr-hdds-2111-ptm9r-3382166736, networkLocation: /default-rack, certSerialId: null}d3f833b2-527d-4ab6-a086-d6ad4a131c32{ip: 192.168.34.47, host: pr-hdds-2111-ptm9r-3382166736, networkLocation: /default-rack, certSerialId: null}, Type:RATIS, Factor:THREE, State:CLOSED] from datanode 8f6ed14e-9847-41b2-84b1-f48134b0885d{ip: 192.168.34.47, host: pr-hdds-2111-ptm9r-3382166736, networkLocation: /default-rack, certSerialId: null}. Reason : 8f6ed14e-9847-41b2-84b1-f48134b0885d has not seen follower/s 6151a780-4ba7-403b-be5b-70f0763d4a32 for 168693ms d3f833b2-527d-4ab6-a086-d6ad4a131c32 for 168693ms
2019-09-16 16:16:25,314 [EventQueue-PipelineActionsForPipelineActionHandler] INFO  pipeline.SCMPipelineManager (SCMPipelineManager.java:finalizeAndDestroyPipeline(311)) - destroying pipeline:Pipeline[ Id: 66475b26-f7ec-4ee2-b1cf-9d5aaeace39c, Nodes: 8f6ed14e-9847-41b2-84b1-f48134b0885d{ip: 192.168.34.47, host: pr-hdds-2111-ptm9r-3382166736, networkLocation: /default-rack, certSerialId: null}6151a780-4ba7-403b-be5b-70f0763d4a32{ip: 192.168.34.47, host: pr-hdds-2111-ptm9r-3382166736, networkLocation: /default-rack, certSerialId: null}d3f833b2-527d-4ab6-a086-d6ad4a131c32{ip: 192.168.34.47, host: pr-hdds-2111-ptm9r-3382166736, networkLocation: /default-rack, certSerialId: null}, Type:RATIS, Factor:THREE, State:CLOSED]
2019-09-16 16:16:26,321 [6151a780-4ba7-403b-be5b-70f0763d4a32@group-9D5AAEACE39C-SegmentedRaftLogWorker] WARN  segmented.SegmentedRaftLogWorker (SegmentedRaftLogWorker.java:getFromFuture(90)) - Timeout 16/~
org.apache.ratis.protocol.TimeoutIOException: Timeout 10s: WriteLog:18: (t:3, i:18), STATEMACHINELOGENTRY, client-7C287F4031E3, cid=26-writeStateMachineData
	at org.apache.ratis.util.IOUtils.getFromFuture(IOUtils.java:87)
	at org.apache.ratis.server.raftlog.segmented.SegmentedRaftLogWorker$StateMachineDataPolicy.getFromFuture(SegmentedRaftLogWorker.java:87)
	at org.apache.ratis.server.raftlog.segmented.SegmentedRaftLogWorker$WriteLog.execute(SegmentedRaftLogWorker.java:477)
	at org.apache.ratis.server.raftlog.segmented.SegmentedRaftLogWorker.run(SegmentedRaftLogWorker.java:289)
	at java.lang.Thread.run(Thread.java:748)
Caused by: java.util.concurrent.TimeoutException
	at java.util.concurrent.CompletableFuture.timedGet(CompletableFuture.java:1771)
	at java.util.concurrent.CompletableFuture.get(CompletableFuture.java:1915)
	at org.apache.ratis.util.IOUtils.getFromFuture(IOUtils.java:79)
	... 4 more
2019-09-16 16:16:26,352 [d3f833b2-527d-4ab6-a086-d6ad4a131c32@group-9D5AAEACE39C-SegmentedRaftLogWorker] WARN  segmented.SegmentedRaftLogWorker (SegmentedRaftLogWorker.java:getFromFuture(90)) - Timeout 16/~
org.apache.ratis.protocol.TimeoutIOException: Timeout 10s: WriteLog:18: (t:3, i:18), STATEMACHINELOGENTRY, client-7C287F4031E3, cid=26-writeStateMachineData
	at org.apache.ratis.util.IOUtils.getFromFuture(IOUtils.java:87)
	at org.apache.ratis.server.raftlog.segmented.SegmentedRaftLogWorker$StateMachineDataPolicy.getFromFuture(SegmentedRaftLogWorker.java:87)
	at org.apache.ratis.server.raftlog.segmented.SegmentedRaftLogWorker$WriteLog.execute(SegmentedRaftLogWorker.java:477)
	at org.apache.ratis.server.raftlog.segmented.SegmentedRaftLogWorker.run(SegmentedRaftLogWorker.java:289)
	at java.lang.Thread.run(Thread.java:748)
Caused by: java.util.concurrent.TimeoutException
	at java.util.concurrent.CompletableFuture.timedGet(CompletableFuture.java:1771)
	at java.util.concurrent.CompletableFuture.get(CompletableFuture.java:1915)
	at org.apache.ratis.util.IOUtils.getFromFuture(IOUtils.java:79)
	... 4 more
2019-09-16 16:16:26,352 [8f6ed14e-9847-41b2-84b1-f48134b0885d@group-9D5AAEACE39C-SegmentedRaftLogWorker] WARN  segmented.SegmentedRaftLogWorker (SegmentedRaftLogWorker.java:getFromFuture(90)) - Timeout 16/~
org.apache.ratis.protocol.TimeoutIOException: Timeout 10s: WriteLog:18: (t:3, i:18), STATEMACHINELOGENTRY, client-7C287F4031E3, cid=26-writeStateMachineData
	at org.apache.ratis.util.IOUtils.getFromFuture(IOUtils.java:87)
	at org.apache.ratis.server.raftlog.segmented.SegmentedRaftLogWorker$StateMachineDataPolicy.getFromFuture(SegmentedRaftLogWorker.java:87)
	at org.apache.ratis.server.raftlog.segmented.SegmentedRaftLogWorker$WriteLog.execute(SegmentedRaftLogWorker.java:477)
	at org.apache.ratis.server.raftlog.segmented.SegmentedRaftLogWorker.run(SegmentedRaftLogWorker.java:289)
	at java.lang.Thread.run(Thread.java:748)
Caused by: java.util.concurrent.TimeoutException
	at java.util.concurrent.CompletableFuture.timedGet(CompletableFuture.java:1771)
	at java.util.concurrent.CompletableFuture.get(CompletableFuture.java:1915)
	at org.apache.ratis.util.IOUtils.getFromFuture(IOUtils.java:79)
	... 4 more
2019-09-16 16:16:26,822 [org.apache.ratis.server.impl.LogAppender$AppenderDaemon$$Lambda$507/334588113@9342042] ERROR ratis.XceiverServerRatis (XceiverServerRatis.java:triggerPipelineClose(568)) - pipeline Action CLOSE  on pipeline PipelineID=66475b26-f7ec-4ee2-b1cf-9d5aaeace39c.Reason : 8f6ed14e-9847-41b2-84b1-f48134b0885d has not seen follower/s 6151a780-4ba7-403b-be5b-70f0763d4a32 for 171194ms d3f833b2-527d-4ab6-a086-d6ad4a131c32 for 171195ms
2019-09-16 16:16:26,827 [org.apache.ratis.server.impl.LogAppender$AppenderDaemon$$Lambda$507/334588113@72322554] ERROR ratis.XceiverServerRatis (XceiverServerRatis.java:triggerPipelineClose(568)) - pipeline Action CLOSE  on pipeline PipelineID=66475b26-f7ec-4ee2-b1cf-9d5aaeace39c.Reason : 8f6ed14e-9847-41b2-84b1-f48134b0885d has not seen follower/s 6151a780-4ba7-403b-be5b-70f0763d4a32 for 171199ms d3f833b2-527d-4ab6-a086-d6ad4a131c32 for 171199ms
2019-09-16 16:16:27,314 [EventQueue-PipelineActionsForPipelineActionHandler] ERROR pipeline.PipelineActionHandler (PipelineActionHandler.java:onMessage(60)) - Received pipeline action CLOSE for Pipeline[ Id: 66475b26-f7ec-4ee2-b1cf-9d5aaeace39c, Nodes: 8f6ed14e-9847-41b2-84b1-f48134b0885d{ip: 192.168.34.47, host: pr-hdds-2111-ptm9r-3382166736, networkLocation: /default-rack, certSerialId: null}6151a780-4ba7-403b-be5b-70f0763d4a32{ip: 192.168.34.47, host: pr-hdds-2111-ptm9r-3382166736, networkLocation: /default-rack, certSerialId: null}d3f833b2-527d-4ab6-a086-d6ad4a131c32{ip: 192.168.34.47, host: pr-hdds-2111-ptm9r-3382166736, networkLocation: /default-rack, certSerialId: null}, Type:RATIS, Factor:THREE, State:CLOSED] from datanode 8f6ed14e-9847-41b2-84b1-f48134b0885d{ip: 192.168.34.47, host: pr-hdds-2111-ptm9r-3382166736, networkLocation: /default-rack, certSerialId: null}. Reason : 8f6ed14e-9847-41b2-84b1-f48134b0885d has not seen follower/s 6151a780-4ba7-403b-be5b-70f0763d4a32 for 171194ms d3f833b2-527d-4ab6-a086-d6ad4a131c32 for 171195ms
2019-09-16 16:16:27,315 [EventQueue-PipelineActionsForPipelineActionHandler] INFO  pipeline.SCMPipelineManager (SCMPipelineManager.java:finalizeAndDestroyPipeline(311)) - destroying pipeline:Pipeline[ Id: 66475b26-f7ec-4ee2-b1cf-9d5aaeace39c, Nodes: 8f6ed14e-9847-41b2-84b1-f48134b0885d{ip: 192.168.34.47, host: pr-hdds-2111-ptm9r-3382166736, networkLocation: /default-rack, certSerialId: null}6151a780-4ba7-403b-be5b-70f0763d4a32{ip: 192.168.34.47, host: pr-hdds-2111-ptm9r-3382166736, networkLocation: /default-rack, certSerialId: null}d3f833b2-527d-4ab6-a086-d6ad4a131c32{ip: 192.168.34.47, host: pr-hdds-2111-ptm9r-3382166736, networkLocation: /default-rack, certSerialId: null}, Type:RATIS, Factor:THREE, State:CLOSED]
2019-09-16 16:16:27,321 [java.util.concurrent.ThreadPoolExecutor$Worker@53f11beb[State = -1, empty queue]] WARN  server.GrpcLogAppender (GrpcLogAppender.java:timeoutAppendRequest(200)) - 8f6ed14e-9847-41b2-84b1-f48134b0885d@group-9D5AAEACE39C->d3f833b2-527d-4ab6-a086-d6ad4a131c32-GrpcLogAppender: appendEntries Timeout, request=8f6ed14e-9847-41b2-84b1-f48134b0885d->d3f833b2-527d-4ab6-a086-d6ad4a131c32#92-t3, previous=(t:3, i:23), leaderCommit=16, initializing? false, entries: <empty>
2019-09-16 16:16:27,326 [java.util.concurrent.ThreadPoolExecutor$Worker@761563d2[State = -1, empty queue]] WARN  server.GrpcLogAppender (GrpcLogAppender.java:timeoutAppendRequest(200)) - 8f6ed14e-9847-41b2-84b1-f48134b0885d@group-9D5AAEACE39C->6151a780-4ba7-403b-be5b-70f0763d4a32-GrpcLogAppender: appendEntries Timeout, request=8f6ed14e-9847-41b2-84b1-f48134b0885d->6151a780-4ba7-403b-be5b-70f0763d4a32#92-t3, previous=(t:3, i:23), leaderCommit=16, initializing? false, entries: <empty>
2019-09-16 16:16:27,690 [grpc-default-executor-1] INFO  client.GrpcClientProtocolClient (GrpcClientProtocolClient.java:onNext(264)) - client-7C287F4031E3->6151a780-4ba7-403b-be5b-70f0763d4a32: receive RaftClientReply:client-7C287F4031E3->6151a780-4ba7-403b-be5b-70f0763d4a32@group-9D5AAEACE39C, cid=25, FAILED org.apache.ratis.protocol.NotLeaderException: Server 6151a780-4ba7-403b-be5b-70f0763d4a32@group-9D5AAEACE39C is not the leader 8f6ed14e-9847-41b2-84b1-f48134b0885d:192.168.34.47:40491, logIndex=0, commits[6151a780-4ba7-403b-be5b-70f0763d4a32:c16, d3f833b2-527d-4ab6-a086-d6ad4a131c32:c16, 8f6ed14e-9847-41b2-84b1-f48134b0885d:c16]
2019-09-16 16:16:29,324 [org.apache.ratis.server.impl.LogAppender$AppenderDaemon$$Lambda$507/334588113@9342042] ERROR ratis.XceiverServerRatis (XceiverServerRatis.java:triggerPipelineClose(568)) - pipeline Action CLOSE  on pipeline PipelineID=66475b26-f7ec-4ee2-b1cf-9d5aaeace39c.Reason : 8f6ed14e-9847-41b2-84b1-f48134b0885d has not seen follower/s 6151a780-4ba7-403b-be5b-70f0763d4a32 for 173697ms d3f833b2-527d-4ab6-a086-d6ad4a131c32 for 173697ms
2019-09-16 16:16:29,327 [org.apache.ratis.server.impl.LogAppender$AppenderDaemon$$Lambda$507/334588113@72322554] ERROR ratis.XceiverServerRatis (XceiverServerRatis.java:triggerPipelineClose(568)) - pipeline Action CLOSE  on pipeline PipelineID=66475b26-f7ec-4ee2-b1cf-9d5aaeace39c.Reason : 8f6ed14e-9847-41b2-84b1-f48134b0885d has not seen follower/s 6151a780-4ba7-403b-be5b-70f0763d4a32 for 173700ms d3f833b2-527d-4ab6-a086-d6ad4a131c32 for 173700ms
2019-09-16 16:16:29,822 [java.util.concurrent.ThreadPoolExecutor$Worker@53f11beb[State = -1, empty queue]] WARN  server.GrpcLogAppender (GrpcLogAppender.java:timeoutAppendRequest(200)) - 8f6ed14e-9847-41b2-84b1-f48134b0885d@group-9D5AAEACE39C->d3f833b2-527d-4ab6-a086-d6ad4a131c32-GrpcLogAppender: appendEntries Timeout, request=8f6ed14e-9847-41b2-84b1-f48134b0885d->d3f833b2-527d-4ab6-a086-d6ad4a131c32#93-t3, previous=(t:3, i:23), leaderCommit=16, initializing? false, entries: <empty>
2019-09-16 16:16:29,827 [java.util.concurrent.ThreadPoolExecutor$Worker@761563d2[State = -1, empty queue]] WARN  server.GrpcLogAppender (GrpcLogAppender.java:timeoutAppendRequest(200)) - 8f6ed14e-9847-41b2-84b1-f48134b0885d@group-9D5AAEACE39C->6151a780-4ba7-403b-be5b-70f0763d4a32-GrpcLogAppender: appendEntries Timeout, request=8f6ed14e-9847-41b2-84b1-f48134b0885d->6151a780-4ba7-403b-be5b-70f0763d4a32#93-t3, previous=(t:3, i:23), leaderCommit=16, initializing? false, entries: <empty>
2019-09-16 16:16:30,315 [EventQueue-PipelineActionsForPipelineActionHandler] ERROR pipeline.PipelineActionHandler (PipelineActionHandler.java:onMessage(60)) - Received pipeline action CLOSE for Pipeline[ Id: 66475b26-f7ec-4ee2-b1cf-9d5aaeace39c, Nodes: 8f6ed14e-9847-41b2-84b1-f48134b0885d{ip: 192.168.34.47, host: pr-hdds-2111-ptm9r-3382166736, networkLocation: /default-rack, certSerialId: null}6151a780-4ba7-403b-be5b-70f0763d4a32{ip: 192.168.34.47, host: pr-hdds-2111-ptm9r-3382166736, networkLocation: /default-rack, certSerialId: null}d3f833b2-527d-4ab6-a086-d6ad4a131c32{ip: 192.168.34.47, host: pr-hdds-2111-ptm9r-3382166736, networkLocation: /default-rack, certSerialId: null}, Type:RATIS, Factor:THREE, State:CLOSED] from datanode 8f6ed14e-9847-41b2-84b1-f48134b0885d{ip: 192.168.34.47, host: pr-hdds-2111-ptm9r-3382166736, networkLocation: /default-rack, certSerialId: null}. Reason : 8f6ed14e-9847-41b2-84b1-f48134b0885d has not seen follower/s 6151a780-4ba7-403b-be5b-70f0763d4a32 for 173697ms d3f833b2-527d-4ab6-a086-d6ad4a131c32 for 173697ms
2019-09-16 16:16:30,316 [EventQueue-PipelineActionsForPipelineActionHandler] INFO  pipeline.SCMPipelineManager (SCMPipelineManager.java:finalizeAndDestroyPipeline(311)) - destroying pipeline:Pipeline[ Id: 66475b26-f7ec-4ee2-b1cf-9d5aaeace39c, Nodes: 8f6ed14e-9847-41b2-84b1-f48134b0885d{ip: 192.168.34.47, host: pr-hdds-2111-ptm9r-3382166736, networkLocation: /default-rack, certSerialId: null}6151a780-4ba7-403b-be5b-70f0763d4a32{ip: 192.168.34.47, host: pr-hdds-2111-ptm9r-3382166736, networkLocation: /default-rack, certSerialId: null}d3f833b2-527d-4ab6-a086-d6ad4a131c32{ip: 192.168.34.47, host: pr-hdds-2111-ptm9r-3382166736, networkLocation: /default-rack, certSerialId: null}, Type:RATIS, Factor:THREE, State:CLOSED]
2019-09-16 16:16:31,825 [org.apache.ratis.server.impl.LogAppender$AppenderDaemon$$Lambda$507/334588113@9342042] ERROR ratis.XceiverServerRatis (XceiverServerRatis.java:triggerPipelineClose(568)) - pipeline Action CLOSE  on pipeline PipelineID=66475b26-f7ec-4ee2-b1cf-9d5aaeace39c.Reason : 8f6ed14e-9847-41b2-84b1-f48134b0885d has not seen follower/s 6151a780-4ba7-403b-be5b-70f0763d4a32 for 176197ms d3f833b2-527d-4ab6-a086-d6ad4a131c32 for 176197ms
2019-09-16 16:16:31,828 [org.apache.ratis.server.impl.LogAppender$AppenderDaemon$$Lambda$507/334588113@72322554] ERROR ratis.XceiverServerRatis (XceiverServerRatis.java:triggerPipelineClose(568)) - pipeline Action CLOSE  on pipeline PipelineID=66475b26-f7ec-4ee2-b1cf-9d5aaeace39c.Reason : 8f6ed14e-9847-41b2-84b1-f48134b0885d has not seen follower/s 6151a780-4ba7-403b-be5b-70f0763d4a32 for 176200ms d3f833b2-527d-4ab6-a086-d6ad4a131c32 for 176200ms
2019-09-16 16:16:32,316 [EventQueue-PipelineActionsForPipelineActionHandler] ERROR pipeline.PipelineActionHandler (PipelineActionHandler.java:onMessage(60)) - Received pipeline action CLOSE for Pipeline[ Id: 66475b26-f7ec-4ee2-b1cf-9d5aaeace39c, Nodes: 8f6ed14e-9847-41b2-84b1-f48134b0885d{ip: 192.168.34.47, host: pr-hdds-2111-ptm9r-3382166736, networkLocation: /default-rack, certSerialId: null}6151a780-4ba7-403b-be5b-70f0763d4a32{ip: 192.168.34.47, host: pr-hdds-2111-ptm9r-3382166736, networkLocation: /default-rack, certSerialId: null}d3f833b2-527d-4ab6-a086-d6ad4a131c32{ip: 192.168.34.47, host: pr-hdds-2111-ptm9r-3382166736, networkLocation: /default-rack, certSerialId: null}, Type:RATIS, Factor:THREE, State:CLOSED] from datanode 8f6ed14e-9847-41b2-84b1-f48134b0885d{ip: 192.168.34.47, host: pr-hdds-2111-ptm9r-3382166736, networkLocation: /default-rack, certSerialId: null}. Reason : 8f6ed14e-9847-41b2-84b1-f48134b0885d has not seen follower/s 6151a780-4ba7-403b-be5b-70f0763d4a32 for 176197ms d3f833b2-527d-4ab6-a086-d6ad4a131c32 for 176197ms
2019-09-16 16:16:32,316 [EventQueue-PipelineActionsForPipelineActionHandler] INFO  pipeline.SCMPipelineManager (SCMPipelineManager.java:finalizeAndDestroyPipeline(311)) - destroying pipeline:Pipeline[ Id: 66475b26-f7ec-4ee2-b1cf-9d5aaeace39c, Nodes: 8f6ed14e-9847-41b2-84b1-f48134b0885d{ip: 192.168.34.47, host: pr-hdds-2111-ptm9r-3382166736, networkLocation: /default-rack, certSerialId: null}6151a780-4ba7-403b-be5b-70f0763d4a32{ip: 192.168.34.47, host: pr-hdds-2111-ptm9r-3382166736, networkLocation: /default-rack, certSerialId: null}d3f833b2-527d-4ab6-a086-d6ad4a131c32{ip: 192.168.34.47, host: pr-hdds-2111-ptm9r-3382166736, networkLocation: /default-rack, certSerialId: null}, Type:RATIS, Factor:THREE, State:CLOSED]
2019-09-16 16:16:32,324 [java.util.concurrent.ThreadPoolExecutor$Worker@53f11beb[State = -1, empty queue]] WARN  server.GrpcLogAppender (GrpcLogAppender.java:timeoutAppendRequest(200)) - 8f6ed14e-9847-41b2-84b1-f48134b0885d@group-9D5AAEACE39C->d3f833b2-527d-4ab6-a086-d6ad4a131c32-GrpcLogAppender: appendEntries Timeout, request=8f6ed14e-9847-41b2-84b1-f48134b0885d->d3f833b2-527d-4ab6-a086-d6ad4a131c32#94-t3, previous=(t:3, i:23), leaderCommit=16, initializing? false, entries: <empty>
2019-09-16 16:16:32,327 [java.util.concurrent.ThreadPoolExecutor$Worker@761563d2[State = -1, empty queue]] WARN  server.GrpcLogAppender (GrpcLogAppender.java:timeoutAppendRequest(200)) - 8f6ed14e-9847-41b2-84b1-f48134b0885d@group-9D5AAEACE39C->6151a780-4ba7-403b-be5b-70f0763d4a32-GrpcLogAppender: appendEntries Timeout, request=8f6ed14e-9847-41b2-84b1-f48134b0885d->6151a780-4ba7-403b-be5b-70f0763d4a32#94-t3, previous=(t:3, i:23), leaderCommit=16, initializing? false, entries: <empty>
2019-09-16 16:16:32,732 [grpc-default-executor-1] INFO  client.GrpcClientProtocolClient (GrpcClientProtocolClient.java:onNext(264)) - client-7C287F4031E3->6151a780-4ba7-403b-be5b-70f0763d4a32: receive RaftClientReply:client-7C287F4031E3->6151a780-4ba7-403b-be5b-70f0763d4a32@group-9D5AAEACE39C, cid=25, FAILED org.apache.ratis.protocol.NotLeaderException: Server 6151a780-4ba7-403b-be5b-70f0763d4a32@group-9D5AAEACE39C is not the leader 8f6ed14e-9847-41b2-84b1-f48134b0885d:192.168.34.47:40491, logIndex=0, commits[6151a780-4ba7-403b-be5b-70f0763d4a32:c16, d3f833b2-527d-4ab6-a086-d6ad4a131c32:c16, 8f6ed14e-9847-41b2-84b1-f48134b0885d:c16]
2019-09-16 16:16:34,326 [org.apache.ratis.server.impl.LogAppender$AppenderDaemon$$Lambda$507/334588113@9342042] ERROR ratis.XceiverServerRatis (XceiverServerRatis.java:triggerPipelineClose(568)) - pipeline Action CLOSE  on pipeline PipelineID=66475b26-f7ec-4ee2-b1cf-9d5aaeace39c.Reason : 8f6ed14e-9847-41b2-84b1-f48134b0885d has not seen follower/s 6151a780-4ba7-403b-be5b-70f0763d4a32 for 178698ms d3f833b2-527d-4ab6-a086-d6ad4a131c32 for 178698ms
2019-09-16 16:16:34,329 [org.apache.ratis.server.impl.LogAppender$AppenderDaemon$$Lambda$507/334588113@72322554] ERROR ratis.XceiverServerRatis (XceiverServerRatis.java:triggerPipelineClose(568)) - pipeline Action CLOSE  on pipeline PipelineID=66475b26-f7ec-4ee2-b1cf-9d5aaeace39c.Reason : 8f6ed14e-9847-41b2-84b1-f48134b0885d has not seen follower/s 6151a780-4ba7-403b-be5b-70f0763d4a32 for 178701ms d3f833b2-527d-4ab6-a086-d6ad4a131c32 for 178701ms
2019-09-16 16:16:34,825 [java.util.concurrent.ThreadPoolExecutor$Worker@53f11beb[State = -1, empty queue]] WARN  server.GrpcLogAppender (GrpcLogAppender.java:timeoutAppendRequest(200)) - 8f6ed14e-9847-41b2-84b1-f48134b0885d@group-9D5AAEACE39C->d3f833b2-527d-4ab6-a086-d6ad4a131c32-GrpcLogAppender: appendEntries Timeout, request=8f6ed14e-9847-41b2-84b1-f48134b0885d->d3f833b2-527d-4ab6-a086-d6ad4a131c32#95-t3, previous=(t:3, i:23), leaderCommit=16, initializing? false, entries: <empty>
2019-09-16 16:16:34,828 [java.util.concurrent.ThreadPoolExecutor$Worker@761563d2[State = -1, empty queue]] WARN  server.GrpcLogAppender (GrpcLogAppender.java:timeoutAppendRequest(200)) - 8f6ed14e-9847-41b2-84b1-f48134b0885d@group-9D5AAEACE39C->6151a780-4ba7-403b-be5b-70f0763d4a32-GrpcLogAppender: appendEntries Timeout, request=8f6ed14e-9847-41b2-84b1-f48134b0885d->6151a780-4ba7-403b-be5b-70f0763d4a32#95-t3, previous=(t:3, i:23), leaderCommit=16, initializing? false, entries: <empty>
2019-09-16 16:16:35,317 [EventQueue-PipelineActionsForPipelineActionHandler] ERROR pipeline.PipelineActionHandler (PipelineActionHandler.java:onMessage(60)) - Received pipeline action CLOSE for Pipeline[ Id: 66475b26-f7ec-4ee2-b1cf-9d5aaeace39c, Nodes: 8f6ed14e-9847-41b2-84b1-f48134b0885d{ip: 192.168.34.47, host: pr-hdds-2111-ptm9r-3382166736, networkLocation: /default-rack, certSerialId: null}6151a780-4ba7-403b-be5b-70f0763d4a32{ip: 192.168.34.47, host: pr-hdds-2111-ptm9r-3382166736, networkLocation: /default-rack, certSerialId: null}d3f833b2-527d-4ab6-a086-d6ad4a131c32{ip: 192.168.34.47, host: pr-hdds-2111-ptm9r-3382166736, networkLocation: /default-rack, certSerialId: null}, Type:RATIS, Factor:THREE, State:CLOSED] from datanode 8f6ed14e-9847-41b2-84b1-f48134b0885d{ip: 192.168.34.47, host: pr-hdds-2111-ptm9r-3382166736, networkLocation: /default-rack, certSerialId: null}. Reason : 8f6ed14e-9847-41b2-84b1-f48134b0885d has not seen follower/s 6151a780-4ba7-403b-be5b-70f0763d4a32 for 178698ms d3f833b2-527d-4ab6-a086-d6ad4a131c32 for 178698ms
2019-09-16 16:16:35,318 [EventQueue-PipelineActionsForPipelineActionHandler] INFO  pipeline.SCMPipelineManager (SCMPipelineManager.java:finalizeAndDestroyPipeline(311)) - destroying pipeline:Pipeline[ Id: 66475b26-f7ec-4ee2-b1cf-9d5aaeace39c, Nodes: 8f6ed14e-9847-41b2-84b1-f48134b0885d{ip: 192.168.34.47, host: pr-hdds-2111-ptm9r-3382166736, networkLocation: /default-rack, certSerialId: null}6151a780-4ba7-403b-be5b-70f0763d4a32{ip: 192.168.34.47, host: pr-hdds-2111-ptm9r-3382166736, networkLocation: /default-rack, certSerialId: null}d3f833b2-527d-4ab6-a086-d6ad4a131c32{ip: 192.168.34.47, host: pr-hdds-2111-ptm9r-3382166736, networkLocation: /default-rack, certSerialId: null}, Type:RATIS, Factor:THREE, State:CLOSED]
2019-09-16 16:16:36,322 [6151a780-4ba7-403b-be5b-70f0763d4a32@group-9D5AAEACE39C-SegmentedRaftLogWorker] WARN  segmented.SegmentedRaftLogWorker (SegmentedRaftLogWorker.java:getFromFuture(90)) - Timeout 17/~
org.apache.ratis.protocol.TimeoutIOException: Timeout 10s: WriteLog:18: (t:3, i:18), STATEMACHINELOGENTRY, client-7C287F4031E3, cid=26-writeStateMachineData
	at org.apache.ratis.util.IOUtils.getFromFuture(IOUtils.java:87)
	at org.apache.ratis.server.raftlog.segmented.SegmentedRaftLogWorker$StateMachineDataPolicy.getFromFuture(SegmentedRaftLogWorker.java:87)
	at org.apache.ratis.server.raftlog.segmented.SegmentedRaftLogWorker$WriteLog.execute(SegmentedRaftLogWorker.java:477)
	at org.apache.ratis.server.raftlog.segmented.SegmentedRaftLogWorker.run(SegmentedRaftLogWorker.java:289)
	at java.lang.Thread.run(Thread.java:748)
Caused by: java.util.concurrent.TimeoutException
	at java.util.concurrent.CompletableFuture.timedGet(CompletableFuture.java:1771)
	at java.util.concurrent.CompletableFuture.get(CompletableFuture.java:1915)
	at org.apache.ratis.util.IOUtils.getFromFuture(IOUtils.java:79)
	... 4 more
2019-09-16 16:16:36,352 [d3f833b2-527d-4ab6-a086-d6ad4a131c32@group-9D5AAEACE39C-SegmentedRaftLogWorker] WARN  segmented.SegmentedRaftLogWorker (SegmentedRaftLogWorker.java:getFromFuture(90)) - Timeout 17/~
org.apache.ratis.protocol.TimeoutIOException: Timeout 10s: WriteLog:18: (t:3, i:18), STATEMACHINELOGENTRY, client-7C287F4031E3, cid=26-writeStateMachineData
	at org.apache.ratis.util.IOUtils.getFromFuture(IOUtils.java:87)
	at org.apache.ratis.server.raftlog.segmented.SegmentedRaftLogWorker$StateMachineDataPolicy.getFromFuture(SegmentedRaftLogWorker.java:87)
	at org.apache.ratis.server.raftlog.segmented.SegmentedRaftLogWorker$WriteLog.execute(SegmentedRaftLogWorker.java:477)
	at org.apache.ratis.server.raftlog.segmented.SegmentedRaftLogWorker.run(SegmentedRaftLogWorker.java:289)
	at java.lang.Thread.run(Thread.java:748)
Caused by: java.util.concurrent.TimeoutException
	at java.util.concurrent.CompletableFuture.timedGet(CompletableFuture.java:1771)
	at java.util.concurrent.CompletableFuture.get(CompletableFuture.java:1915)
	at org.apache.ratis.util.IOUtils.getFromFuture(IOUtils.java:79)
	... 4 more
2019-09-16 16:16:36,353 [8f6ed14e-9847-41b2-84b1-f48134b0885d@group-9D5AAEACE39C-SegmentedRaftLogWorker] WARN  segmented.SegmentedRaftLogWorker (SegmentedRaftLogWorker.java:getFromFuture(90)) - Timeout 17/~
org.apache.ratis.protocol.TimeoutIOException: Timeout 10s: WriteLog:18: (t:3, i:18), STATEMACHINELOGENTRY, client-7C287F4031E3, cid=26-writeStateMachineData
	at org.apache.ratis.util.IOUtils.getFromFuture(IOUtils.java:87)
	at org.apache.ratis.server.raftlog.segmented.SegmentedRaftLogWorker$StateMachineDataPolicy.getFromFuture(SegmentedRaftLogWorker.java:87)
	at org.apache.ratis.server.raftlog.segmented.SegmentedRaftLogWorker$WriteLog.execute(SegmentedRaftLogWorker.java:477)
	at org.apache.ratis.server.raftlog.segmented.SegmentedRaftLogWorker.run(SegmentedRaftLogWorker.java:289)
	at java.lang.Thread.run(Thread.java:748)
Caused by: java.util.concurrent.TimeoutException
	at java.util.concurrent.CompletableFuture.timedGet(CompletableFuture.java:1771)
	at java.util.concurrent.CompletableFuture.get(CompletableFuture.java:1915)
	at org.apache.ratis.util.IOUtils.getFromFuture(IOUtils.java:79)
	... 4 more
2019-09-16 16:16:36,827 [org.apache.ratis.server.impl.LogAppender$AppenderDaemon$$Lambda$507/334588113@9342042] ERROR ratis.XceiverServerRatis (XceiverServerRatis.java:triggerPipelineClose(568)) - pipeline Action CLOSE  on pipeline PipelineID=66475b26-f7ec-4ee2-b1cf-9d5aaeace39c.Reason : 8f6ed14e-9847-41b2-84b1-f48134b0885d has not seen follower/s 6151a780-4ba7-403b-be5b-70f0763d4a32 for 181199ms d3f833b2-527d-4ab6-a086-d6ad4a131c32 for 181199ms
2019-09-16 16:16:36,829 [org.apache.ratis.server.impl.LogAppender$AppenderDaemon$$Lambda$507/334588113@72322554] ERROR ratis.XceiverServerRatis (XceiverServerRatis.java:triggerPipelineClose(568)) - pipeline Action CLOSE  on pipeline PipelineID=66475b26-f7ec-4ee2-b1cf-9d5aaeace39c.Reason : 8f6ed14e-9847-41b2-84b1-f48134b0885d has not seen follower/s 6151a780-4ba7-403b-be5b-70f0763d4a32 for 181202ms d3f833b2-527d-4ab6-a086-d6ad4a131c32 for 181202ms
2019-09-16 16:16:37,317 [EventQueue-PipelineActionsForPipelineActionHandler] ERROR pipeline.PipelineActionHandler (PipelineActionHandler.java:onMessage(60)) - Received pipeline action CLOSE for Pipeline[ Id: 66475b26-f7ec-4ee2-b1cf-9d5aaeace39c, Nodes: 8f6ed14e-9847-41b2-84b1-f48134b0885d{ip: 192.168.34.47, host: pr-hdds-2111-ptm9r-3382166736, networkLocation: /default-rack, certSerialId: null}6151a780-4ba7-403b-be5b-70f0763d4a32{ip: 192.168.34.47, host: pr-hdds-2111-ptm9r-3382166736, networkLocation: /default-rack, certSerialId: null}d3f833b2-527d-4ab6-a086-d6ad4a131c32{ip: 192.168.34.47, host: pr-hdds-2111-ptm9r-3382166736, networkLocation: /default-rack, certSerialId: null}, Type:RATIS, Factor:THREE, State:CLOSED] from datanode 8f6ed14e-9847-41b2-84b1-f48134b0885d{ip: 192.168.34.47, host: pr-hdds-2111-ptm9r-3382166736, networkLocation: /default-rack, certSerialId: null}. Reason : 8f6ed14e-9847-41b2-84b1-f48134b0885d has not seen follower/s 6151a780-4ba7-403b-be5b-70f0763d4a32 for 181199ms d3f833b2-527d-4ab6-a086-d6ad4a131c32 for 181199ms
2019-09-16 16:16:37,317 [EventQueue-PipelineActionsForPipelineActionHandler] INFO  pipeline.SCMPipelineManager (SCMPipelineManager.java:finalizeAndDestroyPipeline(311)) - destroying pipeline:Pipeline[ Id: 66475b26-f7ec-4ee2-b1cf-9d5aaeace39c, Nodes: 8f6ed14e-9847-41b2-84b1-f48134b0885d{ip: 192.168.34.47, host: pr-hdds-2111-ptm9r-3382166736, networkLocation: /default-rack, certSerialId: null}6151a780-4ba7-403b-be5b-70f0763d4a32{ip: 192.168.34.47, host: pr-hdds-2111-ptm9r-3382166736, networkLocation: /default-rack, certSerialId: null}d3f833b2-527d-4ab6-a086-d6ad4a131c32{ip: 192.168.34.47, host: pr-hdds-2111-ptm9r-3382166736, networkLocation: /default-rack, certSerialId: null}, Type:RATIS, Factor:THREE, State:CLOSED]
2019-09-16 16:16:37,326 [java.util.concurrent.ThreadPoolExecutor$Worker@53f11beb[State = -1, empty queue]] WARN  server.GrpcLogAppender (GrpcLogAppender.java:timeoutAppendRequest(200)) - 8f6ed14e-9847-41b2-84b1-f48134b0885d@group-9D5AAEACE39C->d3f833b2-527d-4ab6-a086-d6ad4a131c32-GrpcLogAppender: appendEntries Timeout, request=8f6ed14e-9847-41b2-84b1-f48134b0885d->d3f833b2-527d-4ab6-a086-d6ad4a131c32#96-t3, previous=(t:3, i:23), leaderCommit=16, initializing? false, entries: <empty>
2019-09-16 16:16:37,329 [java.util.concurrent.ThreadPoolExecutor$Worker@761563d2[State = -1, empty queue]] WARN  server.GrpcLogAppender (GrpcLogAppender.java:timeoutAppendRequest(200)) - 8f6ed14e-9847-41b2-84b1-f48134b0885d@group-9D5AAEACE39C->6151a780-4ba7-403b-be5b-70f0763d4a32-GrpcLogAppender: appendEntries Timeout, request=8f6ed14e-9847-41b2-84b1-f48134b0885d->6151a780-4ba7-403b-be5b-70f0763d4a32#96-t3, previous=(t:3, i:23), leaderCommit=16, initializing? false, entries: <empty>
2019-09-16 16:16:37,771 [grpc-default-executor-1] INFO  client.GrpcClientProtocolClient (GrpcClientProtocolClient.java:onNext(264)) - client-7C287F4031E3->6151a780-4ba7-403b-be5b-70f0763d4a32: receive RaftClientReply:client-7C287F4031E3->6151a780-4ba7-403b-be5b-70f0763d4a32@group-9D5AAEACE39C, cid=25, FAILED org.apache.ratis.protocol.NotLeaderException: Server 6151a780-4ba7-403b-be5b-70f0763d4a32@group-9D5AAEACE39C is not the leader 8f6ed14e-9847-41b2-84b1-f48134b0885d:192.168.34.47:40491, logIndex=0, commits[6151a780-4ba7-403b-be5b-70f0763d4a32:c16, d3f833b2-527d-4ab6-a086-d6ad4a131c32:c16, 8f6ed14e-9847-41b2-84b1-f48134b0885d:c16]
2019-09-16 16:16:39,328 [org.apache.ratis.server.impl.LogAppender$AppenderDaemon$$Lambda$507/334588113@9342042] ERROR ratis.XceiverServerRatis (XceiverServerRatis.java:triggerPipelineClose(568)) - pipeline Action CLOSE  on pipeline PipelineID=66475b26-f7ec-4ee2-b1cf-9d5aaeace39c.Reason : 8f6ed14e-9847-41b2-84b1-f48134b0885d has not seen follower/s 6151a780-4ba7-403b-be5b-70f0763d4a32 for 183700ms d3f833b2-527d-4ab6-a086-d6ad4a131c32 for 183700ms
2019-09-16 16:16:39,330 [org.apache.ratis.server.impl.LogAppender$AppenderDaemon$$Lambda$507/334588113@72322554] ERROR ratis.XceiverServerRatis (XceiverServerRatis.java:triggerPipelineClose(568)) - pipeline Action CLOSE  on pipeline PipelineID=66475b26-f7ec-4ee2-b1cf-9d5aaeace39c.Reason : 8f6ed14e-9847-41b2-84b1-f48134b0885d has not seen follower/s 6151a780-4ba7-403b-be5b-70f0763d4a32 for 183702ms d3f833b2-527d-4ab6-a086-d6ad4a131c32 for 183702ms
2019-09-16 16:16:39,827 [java.util.concurrent.ThreadPoolExecutor$Worker@53f11beb[State = -1, empty queue]] WARN  server.GrpcLogAppender (GrpcLogAppender.java:timeoutAppendRequest(200)) - 8f6ed14e-9847-41b2-84b1-f48134b0885d@group-9D5AAEACE39C->d3f833b2-527d-4ab6-a086-d6ad4a131c32-GrpcLogAppender: appendEntries Timeout, request=8f6ed14e-9847-41b2-84b1-f48134b0885d->d3f833b2-527d-4ab6-a086-d6ad4a131c32#97-t3, previous=(t:3, i:23), leaderCommit=16, initializing? false, entries: <empty>
2019-09-16 16:16:39,829 [java.util.concurrent.ThreadPoolExecutor$Worker@761563d2[State = -1, empty queue]] WARN  server.GrpcLogAppender (GrpcLogAppender.java:timeoutAppendRequest(200)) - 8f6ed14e-9847-41b2-84b1-f48134b0885d@group-9D5AAEACE39C->6151a780-4ba7-403b-be5b-70f0763d4a32-GrpcLogAppender: appendEntries Timeout, request=8f6ed14e-9847-41b2-84b1-f48134b0885d->6151a780-4ba7-403b-be5b-70f0763d4a32#97-t3, previous=(t:3, i:23), leaderCommit=16, initializing? false, entries: <empty>
2019-09-16 16:16:40,318 [EventQueue-PipelineActionsForPipelineActionHandler] ERROR pipeline.PipelineActionHandler (PipelineActionHandler.java:onMessage(60)) - Received pipeline action CLOSE for Pipeline[ Id: 66475b26-f7ec-4ee2-b1cf-9d5aaeace39c, Nodes: 8f6ed14e-9847-41b2-84b1-f48134b0885d{ip: 192.168.34.47, host: pr-hdds-2111-ptm9r-3382166736, networkLocation: /default-rack, certSerialId: null}6151a780-4ba7-403b-be5b-70f0763d4a32{ip: 192.168.34.47, host: pr-hdds-2111-ptm9r-3382166736, networkLocation: /default-rack, certSerialId: null}d3f833b2-527d-4ab6-a086-d6ad4a131c32{ip: 192.168.34.47, host: pr-hdds-2111-ptm9r-3382166736, networkLocation: /default-rack, certSerialId: null}, Type:RATIS, Factor:THREE, State:CLOSED] from datanode 8f6ed14e-9847-41b2-84b1-f48134b0885d{ip: 192.168.34.47, host: pr-hdds-2111-ptm9r-3382166736, networkLocation: /default-rack, certSerialId: null}. Reason : 8f6ed14e-9847-41b2-84b1-f48134b0885d has not seen follower/s 6151a780-4ba7-403b-be5b-70f0763d4a32 for 183700ms d3f833b2-527d-4ab6-a086-d6ad4a131c32 for 183700ms
2019-09-16 16:16:40,318 [EventQueue-PipelineActionsForPipelineActionHandler] INFO  pipeline.SCMPipelineManager (SCMPipelineManager.java:finalizeAndDestroyPipeline(311)) - destroying pipeline:Pipeline[ Id: 66475b26-f7ec-4ee2-b1cf-9d5aaeace39c, Nodes: 8f6ed14e-9847-41b2-84b1-f48134b0885d{ip: 192.168.34.47, host: pr-hdds-2111-ptm9r-3382166736, networkLocation: /default-rack, certSerialId: null}6151a780-4ba7-403b-be5b-70f0763d4a32{ip: 192.168.34.47, host: pr-hdds-2111-ptm9r-3382166736, networkLocation: /default-rack, certSerialId: null}d3f833b2-527d-4ab6-a086-d6ad4a131c32{ip: 192.168.34.47, host: pr-hdds-2111-ptm9r-3382166736, networkLocation: /default-rack, certSerialId: null}, Type:RATIS, Factor:THREE, State:CLOSED]
2019-09-16 16:16:41,829 [org.apache.ratis.server.impl.LogAppender$AppenderDaemon$$Lambda$507/334588113@9342042] ERROR ratis.XceiverServerRatis (XceiverServerRatis.java:triggerPipelineClose(568)) - pipeline Action CLOSE  on pipeline PipelineID=66475b26-f7ec-4ee2-b1cf-9d5aaeace39c.Reason : 8f6ed14e-9847-41b2-84b1-f48134b0885d has not seen follower/s 6151a780-4ba7-403b-be5b-70f0763d4a32 for 186201ms d3f833b2-527d-4ab6-a086-d6ad4a131c32 for 186201ms
2019-09-16 16:16:41,831 [org.apache.ratis.server.impl.LogAppender$AppenderDaemon$$Lambda$507/334588113@72322554] ERROR ratis.XceiverServerRatis (XceiverServerRatis.java:triggerPipelineClose(568)) - pipeline Action CLOSE  on pipeline PipelineID=66475b26-f7ec-4ee2-b1cf-9d5aaeace39c.Reason : 8f6ed14e-9847-41b2-84b1-f48134b0885d has not seen follower/s 6151a780-4ba7-403b-be5b-70f0763d4a32 for 186203ms d3f833b2-527d-4ab6-a086-d6ad4a131c32 for 186203ms
2019-09-16 16:16:42,318 [EventQueue-PipelineActionsForPipelineActionHandler] ERROR pipeline.PipelineActionHandler (PipelineActionHandler.java:onMessage(60)) - Received pipeline action CLOSE for Pipeline[ Id: 66475b26-f7ec-4ee2-b1cf-9d5aaeace39c, Nodes: 8f6ed14e-9847-41b2-84b1-f48134b0885d{ip: 192.168.34.47, host: pr-hdds-2111-ptm9r-3382166736, networkLocation: /default-rack, certSerialId: null}6151a780-4ba7-403b-be5b-70f0763d4a32{ip: 192.168.34.47, host: pr-hdds-2111-ptm9r-3382166736, networkLocation: /default-rack, certSerialId: null}d3f833b2-527d-4ab6-a086-d6ad4a131c32{ip: 192.168.34.47, host: pr-hdds-2111-ptm9r-3382166736, networkLocation: /default-rack, certSerialId: null}, Type:RATIS, Factor:THREE, State:CLOSED] from datanode 8f6ed14e-9847-41b2-84b1-f48134b0885d{ip: 192.168.34.47, host: pr-hdds-2111-ptm9r-3382166736, networkLocation: /default-rack, certSerialId: null}. Reason : 8f6ed14e-9847-41b2-84b1-f48134b0885d has not seen follower/s 6151a780-4ba7-403b-be5b-70f0763d4a32 for 186201ms d3f833b2-527d-4ab6-a086-d6ad4a131c32 for 186201ms
2019-09-16 16:16:42,319 [EventQueue-PipelineActionsForPipelineActionHandler] INFO  pipeline.SCMPipelineManager (SCMPipelineManager.java:finalizeAndDestroyPipeline(311)) - destroying pipeline:Pipeline[ Id: 66475b26-f7ec-4ee2-b1cf-9d5aaeace39c, Nodes: 8f6ed14e-9847-41b2-84b1-f48134b0885d{ip: 192.168.34.47, host: pr-hdds-2111-ptm9r-3382166736, networkLocation: /default-rack, certSerialId: null}6151a780-4ba7-403b-be5b-70f0763d4a32{ip: 192.168.34.47, host: pr-hdds-2111-ptm9r-3382166736, networkLocation: /default-rack, certSerialId: null}d3f833b2-527d-4ab6-a086-d6ad4a131c32{ip: 192.168.34.47, host: pr-hdds-2111-ptm9r-3382166736, networkLocation: /default-rack, certSerialId: null}, Type:RATIS, Factor:THREE, State:CLOSED]
2019-09-16 16:16:42,319 [grpc-default-executor-1] INFO  impl.RaftServerProxy (RaftServerProxy.java:remove(95)) - 8f6ed14e-9847-41b2-84b1-f48134b0885d: remove    LEADER 8f6ed14e-9847-41b2-84b1-f48134b0885d@group-9D5AAEACE39C:t3, leader=8f6ed14e-9847-41b2-84b1-f48134b0885d, voted=8f6ed14e-9847-41b2-84b1-f48134b0885d, raftlog=8f6ed14e-9847-41b2-84b1-f48134b0885d@group-9D5AAEACE39C-SegmentedRaftLog:OPENED:c16,f16,i23, conf=0: [6151a780-4ba7-403b-be5b-70f0763d4a32:192.168.34.47:39283, d3f833b2-527d-4ab6-a086-d6ad4a131c32:192.168.34.47:36523, 8f6ed14e-9847-41b2-84b1-f48134b0885d:192.168.34.47:40491], old=null RUNNING
2019-09-16 16:16:42,324 [grpc-default-executor-1] INFO  impl.RaftServerImpl (RaftServerImpl.java:lambda$shutdown$3(251)) - 8f6ed14e-9847-41b2-84b1-f48134b0885d@group-9D5AAEACE39C: shutdown
2019-09-16 16:16:42,325 [grpc-default-executor-1] INFO  util.JmxRegister (JmxRegister.java:unregister(73)) - Successfully un-registered JMX Bean with object name Ratis:service=RaftServer,group=group-9D5AAEACE39C,id=8f6ed14e-9847-41b2-84b1-f48134b0885d
2019-09-16 16:16:42,325 [grpc-default-executor-1] INFO  impl.RoleInfo (RoleInfo.java:shutdownLeaderState(104)) - 8f6ed14e-9847-41b2-84b1-f48134b0885d: shutdown LeaderState
2019-09-16 16:16:42,328 [java.util.concurrent.ThreadPoolExecutor$Worker@53f11beb[State = -1, empty queue]] WARN  server.GrpcLogAppender (GrpcLogAppender.java:timeoutAppendRequest(200)) - 8f6ed14e-9847-41b2-84b1-f48134b0885d@group-9D5AAEACE39C->d3f833b2-527d-4ab6-a086-d6ad4a131c32-GrpcLogAppender: appendEntries Timeout, request=8f6ed14e-9847-41b2-84b1-f48134b0885d->d3f833b2-527d-4ab6-a086-d6ad4a131c32#98-t3, previous=(t:3, i:23), leaderCommit=16, initializing? false, entries: <empty>
2019-09-16 16:16:42,332 [org.apache.ratis.server.impl.LogAppender$AppenderDaemon$$Lambda$507/334588113@9342042] WARN  server.GrpcLogAppender (GrpcLogAppender.java:mayWait(143)) - 8f6ed14e-9847-41b2-84b1-f48134b0885d@group-9D5AAEACE39C->d3f833b2-527d-4ab6-a086-d6ad4a131c32-GrpcLogAppender: Wait interrupted by java.lang.InterruptedException
2019-09-16 16:16:42,332 [org.apache.ratis.server.impl.LogAppender$AppenderDaemon$$Lambda$507/334588113@72322554] WARN  server.GrpcLogAppender (GrpcLogAppender.java:mayWait(143)) - 8f6ed14e-9847-41b2-84b1-f48134b0885d@group-9D5AAEACE39C->6151a780-4ba7-403b-be5b-70f0763d4a32-GrpcLogAppender: Wait interrupted by java.lang.InterruptedException
2019-09-16 16:16:42,330 [grpc-default-executor-1] INFO  impl.PendingRequests (PendingRequests.java:sendNotLeaderResponses(202)) - 8f6ed14e-9847-41b2-84b1-f48134b0885d-PendingRequests: sendNotLeaderResponses
2019-09-16 16:16:42,330 [java.util.concurrent.ThreadPoolExecutor$Worker@761563d2[State = -1, empty queue]] WARN  server.GrpcLogAppender (GrpcLogAppender.java:timeoutAppendRequest(200)) - 8f6ed14e-9847-41b2-84b1-f48134b0885d@group-9D5AAEACE39C->6151a780-4ba7-403b-be5b-70f0763d4a32-GrpcLogAppender: appendEntries Timeout, request=8f6ed14e-9847-41b2-84b1-f48134b0885d->6151a780-4ba7-403b-be5b-70f0763d4a32#98-t3, previous=(t:3, i:23), leaderCommit=16, initializing? false, entries: <empty>
2019-09-16 16:16:42,333 [grpc-default-executor-5] INFO  server.GrpcServerProtocolService (GrpcServerProtocolService.java:onCompleted(113)) - d3f833b2-527d-4ab6-a086-d6ad4a131c32: Completed APPEND_ENTRIES, lastRequest: 8f6ed14e-9847-41b2-84b1-f48134b0885d->d3f833b2-527d-4ab6-a086-d6ad4a131c32#99-t3, previous=(t:3, i:23), leaderCommit=16, initializing? false, entries: <empty>
2019-09-16 16:16:42,334 [grpc-default-executor-6] INFO  server.GrpcServerProtocolService (GrpcServerProtocolService.java:onCompleted(113)) - 6151a780-4ba7-403b-be5b-70f0763d4a32: Completed APPEND_ENTRIES, lastRequest: 8f6ed14e-9847-41b2-84b1-f48134b0885d->6151a780-4ba7-403b-be5b-70f0763d4a32#99-t3, previous=(t:3, i:23), leaderCommit=16, initializing? false, entries: <empty>
2019-09-16 16:16:42,334 [grpc-default-executor-5] INFO  server.GrpcLogAppender (GrpcLogAppender.java:onCompleted(293)) - 8f6ed14e-9847-41b2-84b1-f48134b0885d@group-9D5AAEACE39C->d3f833b2-527d-4ab6-a086-d6ad4a131c32-AppendLogResponseHandler: follower responses appendEntries COMPLETED
2019-09-16 16:16:42,334 [grpc-default-executor-6] INFO  server.GrpcLogAppender (GrpcLogAppender.java:onCompleted(293)) - 8f6ed14e-9847-41b2-84b1-f48134b0885d@group-9D5AAEACE39C->6151a780-4ba7-403b-be5b-70f0763d4a32-AppendLogResponseHandler: follower responses appendEntries COMPLETED
2019-09-16 16:16:42,335 [grpc-default-executor-6] INFO  impl.FollowerInfo (FollowerInfo.java:lambda$new$0(51)) - 8f6ed14e-9847-41b2-84b1-f48134b0885d@group-9D5AAEACE39C->6151a780-4ba7-403b-be5b-70f0763d4a32: nextIndex: updateUnconditionally 24 -> 17
2019-09-16 16:16:42,335 [grpc-default-executor-5] INFO  impl.FollowerInfo (FollowerInfo.java:lambda$new$0(51)) - 8f6ed14e-9847-41b2-84b1-f48134b0885d@group-9D5AAEACE39C->d3f833b2-527d-4ab6-a086-d6ad4a131c32: nextIndex: updateUnconditionally 24 -> 17
2019-09-16 16:16:42,338 [grpc-default-executor-1] INFO  impl.StateMachineUpdater (StateMachineUpdater.java:stopAndJoin(125)) - 8f6ed14e-9847-41b2-84b1-f48134b0885d@group-9D5AAEACE39C-StateMachineUpdater: set stopIndex = 16
2019-09-16 16:16:42,338 [8f6ed14e-9847-41b2-84b1-f48134b0885d@group-9D5AAEACE39C-StateMachineUpdater] INFO  ratis.ContainerStateMachine (ContainerStateMachine.java:takeSnapshot(289)) - group-9D5AAEACE39C: Taking a snapshot at:(t:3, i:16) file /workdir/hadoop-ozone/integration-test/target/test-dir/MiniOzoneClusterImpl-cc742799-bdee-42f8-b2e8-35af38dfad60/datanode-6/data/ratis/66475b26-f7ec-4ee2-b1cf-9d5aaeace39c/sm/snapshot.3_16
2019-09-16 16:16:42,355 [Command processor thread] ERROR commandhandler.CloseContainerCommandHandler (CloseContainerCommandHandler.java:handle(125)) - Can't close container #2
java.io.IOException: org.apache.ratis.protocol.GroupMismatchException: 8f6ed14e-9847-41b2-84b1-f48134b0885d: group-9D5AAEACE39C not found.
	at org.apache.hadoop.ozone.container.common.transport.server.ratis.XceiverServerRatis.submitRequest(XceiverServerRatis.java:495)
	at org.apache.hadoop.ozone.container.common.statemachine.commandhandler.CloseContainerCommandHandler.handle(CloseContainerCommandHandler.java:102)
	at org.apache.hadoop.ozone.container.common.statemachine.commandhandler.CommandDispatcher.handle(CommandDispatcher.java:99)
	at org.apache.hadoop.ozone.container.common.statemachine.DatanodeStateMachine.lambda$initCommandHandlerThread$1(DatanodeStateMachine.java:432)
	at java.lang.Thread.run(Thread.java:748)
Caused by: java.util.concurrent.ExecutionException: org.apache.ratis.protocol.GroupMismatchException: 8f6ed14e-9847-41b2-84b1-f48134b0885d: group-9D5AAEACE39C not found.
	at java.util.concurrent.CompletableFuture.reportGet(CompletableFuture.java:357)
	at java.util.concurrent.CompletableFuture.get(CompletableFuture.java:1895)
	at org.apache.hadoop.ozone.container.common.transport.server.ratis.XceiverServerRatis.submitRequest(XceiverServerRatis.java:493)
	... 4 more
Caused by: org.apache.ratis.protocol.GroupMismatchException: 8f6ed14e-9847-41b2-84b1-f48134b0885d: group-9D5AAEACE39C not found.
	at org.apache.ratis.server.impl.RaftServerProxy$ImplMap.get(RaftServerProxy.java:122)
	at org.apache.ratis.server.impl.RaftServerProxy.getImplFuture(RaftServerProxy.java:269)
	at org.apache.ratis.server.impl.RaftServerProxy.submitRequest(RaftServerProxy.java:327)
	at org.apache.ratis.server.impl.RaftServerProxy.submitClientRequestAsync(RaftServerProxy.java:333)
	... 5 more
2019-09-16 16:16:42,367 [8f6ed14e-9847-41b2-84b1-f48134b0885d@group-9D5AAEACE39C-StateMachineUpdater] INFO  ratis.ContainerStateMachine (ContainerStateMachine.java:takeSnapshot(300)) - group-9D5AAEACE39C: Finished taking a snapshot at:(t:3, i:16) file:/workdir/hadoop-ozone/integration-test/target/test-dir/MiniOzoneClusterImpl-cc742799-bdee-42f8-b2e8-35af38dfad60/datanode-6/data/ratis/66475b26-f7ec-4ee2-b1cf-9d5aaeace39c/sm/snapshot.3_16 time:30
2019-09-16 16:16:42,368 [8f6ed14e-9847-41b2-84b1-f48134b0885d@group-9D5AAEACE39C-StateMachineUpdater] INFO  impl.StateMachineUpdater (StateMachineUpdater.java:takeSnapshot(258)) - 8f6ed14e-9847-41b2-84b1-f48134b0885d@group-9D5AAEACE39C-StateMachineUpdater: Took a snapshot at index 16
2019-09-16 16:16:42,370 [Command processor thread] ERROR commandhandler.CloseContainerCommandHandler (CloseContainerCommandHandler.java:handle(125)) - Can't close container #4
java.io.IOException: org.apache.ratis.protocol.GroupMismatchException: 8f6ed14e-9847-41b2-84b1-f48134b0885d: group-9D5AAEACE39C not found.
	at org.apache.hadoop.ozone.container.common.transport.server.ratis.XceiverServerRatis.submitRequest(XceiverServerRatis.java:495)
	at org.apache.hadoop.ozone.container.common.statemachine.commandhandler.CloseContainerCommandHandler.handle(CloseContainerCommandHandler.java:102)
	at org.apache.hadoop.ozone.container.common.statemachine.commandhandler.CommandDispatcher.handle(CommandDispatcher.java:99)
	at org.apache.hadoop.ozone.container.common.statemachine.DatanodeStateMachine.lambda$initCommandHandlerThread$1(DatanodeStateMachine.java:432)
	at java.lang.Thread.run(Thread.java:748)
Caused by: java.util.concurrent.ExecutionException: org.apache.ratis.protocol.GroupMismatchException: 8f6ed14e-9847-41b2-84b1-f48134b0885d: group-9D5AAEACE39C not found.
	at java.util.concurrent.CompletableFuture.reportGet(CompletableFuture.java:357)
	at java.util.concurrent.CompletableFuture.get(CompletableFuture.java:1895)
	at org.apache.hadoop.ozone.container.common.transport.server.ratis.XceiverServerRatis.submitRequest(XceiverServerRatis.java:493)
	... 4 more
Caused by: org.apache.ratis.protocol.GroupMismatchException: 8f6ed14e-9847-41b2-84b1-f48134b0885d: group-9D5AAEACE39C not found.
	at org.apache.ratis.server.impl.RaftServerProxy$ImplMap.get(RaftServerProxy.java:122)
	at org.apache.ratis.server.impl.RaftServerProxy.getImplFuture(RaftServerProxy.java:269)
	at org.apache.ratis.server.impl.RaftServerProxy.submitRequest(RaftServerProxy.java:327)
	at org.apache.ratis.server.impl.RaftServerProxy.submitClientRequestAsync(RaftServerProxy.java:333)
	... 5 more
2019-09-16 16:16:42,370 [8f6ed14e-9847-41b2-84b1-f48134b0885d@group-9D5AAEACE39C-StateMachineUpdater] INFO  impl.StateMachineUpdater (StateMachineUpdater.java:lambda$new$0(83)) - 8f6ed14e-9847-41b2-84b1-f48134b0885d@group-9D5AAEACE39C-StateMachineUpdater: snapshotIndex: updateIncreasingly -1 -> 16
2019-09-16 16:16:42,375 [grpc-default-executor-1] INFO  impl.RaftServerImpl (ServerState.java:close(385)) - 8f6ed14e-9847-41b2-84b1-f48134b0885d@group-9D5AAEACE39C: closes. applyIndex: 16
2019-09-16 16:16:42,377 [8f6ed14e-9847-41b2-84b1-f48134b0885d@group-9D5AAEACE39C-SegmentedRaftLogWorker] ERROR ratis.XceiverServerRatis (XceiverServerRatis.java:triggerPipelineClose(568)) - pipeline Action CLOSE  on pipeline PipelineID=66475b26-f7ec-4ee2-b1cf-9d5aaeace39c.Reason : WriteLog:18: (t:3, i:18), STATEMACHINELOGENTRY, client-7C287F4031E3, cid=26-writeStateMachineData interrupted.
2019-09-16 16:16:42,380 [EventQueue-PipelineActionsForPipelineActionHandler] ERROR pipeline.PipelineActionHandler (PipelineActionHandler.java:onMessage(60)) - Received pipeline action CLOSE for Pipeline[ Id: 66475b26-f7ec-4ee2-b1cf-9d5aaeace39c, Nodes: 8f6ed14e-9847-41b2-84b1-f48134b0885d{ip: 192.168.34.47, host: pr-hdds-2111-ptm9r-3382166736, networkLocation: /default-rack, certSerialId: null}6151a780-4ba7-403b-be5b-70f0763d4a32{ip: 192.168.34.47, host: pr-hdds-2111-ptm9r-3382166736, networkLocation: /default-rack, certSerialId: null}d3f833b2-527d-4ab6-a086-d6ad4a131c32{ip: 192.168.34.47, host: pr-hdds-2111-ptm9r-3382166736, networkLocation: /default-rack, certSerialId: null}, Type:RATIS, Factor:THREE, State:CLOSED] from datanode 8f6ed14e-9847-41b2-84b1-f48134b0885d{ip: 192.168.34.47, host: pr-hdds-2111-ptm9r-3382166736, networkLocation: /default-rack, certSerialId: null}. Reason : WriteLog:18: (t:3, i:18), STATEMACHINELOGENTRY, client-7C287F4031E3, cid=26-writeStateMachineData interrupted.
2019-09-16 16:16:42,380 [EventQueue-PipelineActionsForPipelineActionHandler] INFO  pipeline.SCMPipelineManager (SCMPipelineManager.java:finalizeAndDestroyPipeline(311)) - destroying pipeline:Pipeline[ Id: 66475b26-f7ec-4ee2-b1cf-9d5aaeace39c, Nodes: 8f6ed14e-9847-41b2-84b1-f48134b0885d{ip: 192.168.34.47, host: pr-hdds-2111-ptm9r-3382166736, networkLocation: /default-rack, certSerialId: null}6151a780-4ba7-403b-be5b-70f0763d4a32{ip: 192.168.34.47, host: pr-hdds-2111-ptm9r-3382166736, networkLocation: /default-rack, certSerialId: null}d3f833b2-527d-4ab6-a086-d6ad4a131c32{ip: 192.168.34.47, host: pr-hdds-2111-ptm9r-3382166736, networkLocation: /default-rack, certSerialId: null}, Type:RATIS, Factor:THREE, State:CLOSED]
2019-09-16 16:16:42,390 [grpc-default-executor-1] INFO  segmented.SegmentedRaftLogWorker (SegmentedRaftLogWorker.java:close(228)) - 8f6ed14e-9847-41b2-84b1-f48134b0885d@group-9D5AAEACE39C-SegmentedRaftLogWorker close()
2019-09-16 16:16:42,411 [grpc-default-executor-1] INFO  interfaces.Container (KeyValueContainer.java:flushAndSyncDB(386)) - Container 1 is synced with bcsId 5.
2019-09-16 16:16:42,411 [grpc-default-executor-1] INFO  interfaces.Container (KeyValueContainer.java:flushAndSyncDB(386)) - Container 1 is synced with bcsId 5.
2019-09-16 16:16:42,427 [EventQueue-IncrementalContainerReportForIncrementalContainerReportHandler] INFO  container.IncrementalContainerReportHandler (AbstractContainerReportHandler.java:updateContainerState(169)) - Moving container #1 to QUASI_CLOSED state, datanode 8f6ed14e-9847-41b2-84b1-f48134b0885d{ip: 192.168.34.47, host: pr-hdds-2111-ptm9r-3382166736, networkLocation: /default-rack, certSerialId: null} reported QUASI_CLOSED replica.
2019-09-16 16:16:42,428 [grpc-default-executor-1] INFO  interfaces.Container (KeyValueContainer.java:flushAndSyncDB(386)) - Container 2 is synced with bcsId 12.
2019-09-16 16:16:42,428 [grpc-default-executor-1] INFO  interfaces.Container (KeyValueContainer.java:flushAndSyncDB(386)) - Container 2 is synced with bcsId 12.
2019-09-16 16:16:42,444 [EventQueue-IncrementalContainerReportForIncrementalContainerReportHandler] INFO  container.IncrementalContainerReportHandler (AbstractContainerReportHandler.java:updateContainerState(169)) - Moving container #2 to QUASI_CLOSED state, datanode 8f6ed14e-9847-41b2-84b1-f48134b0885d{ip: 192.168.34.47, host: pr-hdds-2111-ptm9r-3382166736, networkLocation: /default-rack, certSerialId: null} reported QUASI_CLOSED replica.
2019-09-16 16:16:42,501 [grpc-default-executor-1] INFO  interfaces.Container (KeyValueContainer.java:flushAndSyncDB(386)) - Container 4 is synced with bcsId 0.
2019-09-16 16:16:42,502 [grpc-default-executor-1] INFO  interfaces.Container (KeyValueContainer.java:flushAndSyncDB(386)) - Container 4 is synced with bcsId 0.
2019-09-16 16:16:42,518 [EventQueue-IncrementalContainerReportForIncrementalContainerReportHandler] INFO  container.IncrementalContainerReportHandler (AbstractContainerReportHandler.java:updateContainerState(169)) - Moving container #4 to QUASI_CLOSED state, datanode 8f6ed14e-9847-41b2-84b1-f48134b0885d{ip: 192.168.34.47, host: pr-hdds-2111-ptm9r-3382166736, networkLocation: /default-rack, certSerialId: null} reported QUASI_CLOSED replica.
2019-09-16 16:16:42,522 [grpc-default-executor-5] INFO  impl.RaftServerProxy (RaftServerProxy.java:remove(95)) - 6151a780-4ba7-403b-be5b-70f0763d4a32: remove  FOLLOWER 6151a780-4ba7-403b-be5b-70f0763d4a32@group-9D5AAEACE39C:t3, leader=8f6ed14e-9847-41b2-84b1-f48134b0885d, voted=8f6ed14e-9847-41b2-84b1-f48134b0885d, raftlog=6151a780-4ba7-403b-be5b-70f0763d4a32@group-9D5AAEACE39C-SegmentedRaftLog:OPENED:c16,f16,i23, conf=0: [6151a780-4ba7-403b-be5b-70f0763d4a32:192.168.34.47:39283, d3f833b2-527d-4ab6-a086-d6ad4a131c32:192.168.34.47:36523, 8f6ed14e-9847-41b2-84b1-f48134b0885d:192.168.34.47:40491], old=null RUNNING
2019-09-16 16:16:42,523 [grpc-default-executor-5] INFO  impl.RaftServerImpl (RaftServerImpl.java:lambda$shutdown$3(251)) - 6151a780-4ba7-403b-be5b-70f0763d4a32@group-9D5AAEACE39C: shutdown
2019-09-16 16:16:42,523 [grpc-default-executor-5] INFO  util.JmxRegister (JmxRegister.java:unregister(73)) - Successfully un-registered JMX Bean with object name Ratis:service=RaftServer,group=group-9D5AAEACE39C,id=6151a780-4ba7-403b-be5b-70f0763d4a32
2019-09-16 16:16:42,523 [grpc-default-executor-5] INFO  impl.RoleInfo (RoleInfo.java:shutdownFollowerState(121)) - 6151a780-4ba7-403b-be5b-70f0763d4a32: shutdown FollowerState
2019-09-16 16:16:42,523 [grpc-default-executor-5] INFO  impl.StateMachineUpdater (StateMachineUpdater.java:stopAndJoin(125)) - 6151a780-4ba7-403b-be5b-70f0763d4a32@group-9D5AAEACE39C-StateMachineUpdater: set stopIndex = 16
2019-09-16 16:16:42,523 [Thread-357] INFO  impl.FollowerState (FollowerState.java:run(115)) - 6151a780-4ba7-403b-be5b-70f0763d4a32: FollowerState was interrupted: java.lang.InterruptedException: sleep interrupted
2019-09-16 16:16:42,523 [6151a780-4ba7-403b-be5b-70f0763d4a32@group-9D5AAEACE39C-StateMachineUpdater] INFO  ratis.ContainerStateMachine (ContainerStateMachine.java:takeSnapshot(289)) - group-9D5AAEACE39C: Taking a snapshot at:(t:3, i:12) file /workdir/hadoop-ozone/integration-test/target/test-dir/MiniOzoneClusterImpl-cc742799-bdee-42f8-b2e8-35af38dfad60/datanode-3/data/ratis/66475b26-f7ec-4ee2-b1cf-9d5aaeace39c/sm/snapshot.3_12
2019-09-16 16:16:42,537 [6151a780-4ba7-403b-be5b-70f0763d4a32@group-9D5AAEACE39C-StateMachineUpdater] INFO  ratis.ContainerStateMachine (ContainerStateMachine.java:takeSnapshot(300)) - group-9D5AAEACE39C: Finished taking a snapshot at:(t:3, i:12) file:/workdir/hadoop-ozone/integration-test/target/test-dir/MiniOzoneClusterImpl-cc742799-bdee-42f8-b2e8-35af38dfad60/datanode-3/data/ratis/66475b26-f7ec-4ee2-b1cf-9d5aaeace39c/sm/snapshot.3_12 time:13
2019-09-16 16:16:42,537 [6151a780-4ba7-403b-be5b-70f0763d4a32@group-9D5AAEACE39C-StateMachineUpdater] INFO  impl.StateMachineUpdater (StateMachineUpdater.java:takeSnapshot(258)) - 6151a780-4ba7-403b-be5b-70f0763d4a32@group-9D5AAEACE39C-StateMachineUpdater: Took a snapshot at index 12
2019-09-16 16:16:42,537 [6151a780-4ba7-403b-be5b-70f0763d4a32@group-9D5AAEACE39C-StateMachineUpdater] INFO  impl.StateMachineUpdater (StateMachineUpdater.java:lambda$new$0(83)) - 6151a780-4ba7-403b-be5b-70f0763d4a32@group-9D5AAEACE39C-StateMachineUpdater: snapshotIndex: updateIncreasingly -1 -> 12
2019-09-16 16:16:42,537 [6151a780-4ba7-403b-be5b-70f0763d4a32@group-9D5AAEACE39C-StateMachineUpdater] INFO  ratis.ContainerStateMachine (ContainerStateMachine.java:takeSnapshot(289)) - group-9D5AAEACE39C: Taking a snapshot at:(t:3, i:12) file /workdir/hadoop-ozone/integration-test/target/test-dir/MiniOzoneClusterImpl-cc742799-bdee-42f8-b2e8-35af38dfad60/datanode-3/data/ratis/66475b26-f7ec-4ee2-b1cf-9d5aaeace39c/sm/snapshot.3_12
2019-09-16 16:16:42,541 [6151a780-4ba7-403b-be5b-70f0763d4a32@group-9D5AAEACE39C-StateMachineUpdater] INFO  ratis.ContainerStateMachine (ContainerStateMachine.java:takeSnapshot(300)) - group-9D5AAEACE39C: Finished taking a snapshot at:(t:3, i:12) file:/workdir/hadoop-ozone/integration-test/target/test-dir/MiniOzoneClusterImpl-cc742799-bdee-42f8-b2e8-35af38dfad60/datanode-3/data/ratis/66475b26-f7ec-4ee2-b1cf-9d5aaeace39c/sm/snapshot.3_12 time:3
2019-09-16 16:16:42,541 [6151a780-4ba7-403b-be5b-70f0763d4a32@group-9D5AAEACE39C-StateMachineUpdater] INFO  impl.StateMachineUpdater (StateMachineUpdater.java:takeSnapshot(258)) - 6151a780-4ba7-403b-be5b-70f0763d4a32@group-9D5AAEACE39C-StateMachineUpdater: Took a snapshot at index 12
2019-09-16 16:16:42,541 [6151a780-4ba7-403b-be5b-70f0763d4a32@group-9D5AAEACE39C-StateMachineUpdater] INFO  impl.StateMachineUpdater (StateMachineUpdater.java:lambda$new$0(83)) - 6151a780-4ba7-403b-be5b-70f0763d4a32@group-9D5AAEACE39C-StateMachineUpdater: snapshotIndex: updateIncreasingly 12 -> 12
2019-09-16 16:16:42,541 [grpc-default-executor-5] INFO  impl.RaftServerImpl (ServerState.java:close(385)) - 6151a780-4ba7-403b-be5b-70f0763d4a32@group-9D5AAEACE39C: closes. applyIndex: 16
2019-09-16 16:16:42,544 [6151a780-4ba7-403b-be5b-70f0763d4a32@group-9D5AAEACE39C-SegmentedRaftLogWorker] ERROR ratis.XceiverServerRatis (XceiverServerRatis.java:triggerPipelineClose(568)) - pipeline Action CLOSE  on pipeline PipelineID=66475b26-f7ec-4ee2-b1cf-9d5aaeace39c.Reason : WriteLog:18: (t:3, i:18), STATEMACHINELOGENTRY, client-7C287F4031E3, cid=26-writeStateMachineData interrupted.
2019-09-16 16:16:42,547 [EventQueue-PipelineActionsForPipelineActionHandler] ERROR pipeline.PipelineActionHandler (PipelineActionHandler.java:onMessage(60)) - Received pipeline action CLOSE for Pipeline[ Id: 66475b26-f7ec-4ee2-b1cf-9d5aaeace39c, Nodes: 8f6ed14e-9847-41b2-84b1-f48134b0885d{ip: 192.168.34.47, host: pr-hdds-2111-ptm9r-3382166736, networkLocation: /default-rack, certSerialId: null}6151a780-4ba7-403b-be5b-70f0763d4a32{ip: 192.168.34.47, host: pr-hdds-2111-ptm9r-3382166736, networkLocation: /default-rack, certSerialId: null}d3f833b2-527d-4ab6-a086-d6ad4a131c32{ip: 192.168.34.47, host: pr-hdds-2111-ptm9r-3382166736, networkLocation: /default-rack, certSerialId: null}, Type:RATIS, Factor:THREE, State:CLOSED] from datanode 6151a780-4ba7-403b-be5b-70f0763d4a32{ip: 192.168.34.47, host: pr-hdds-2111-ptm9r-3382166736, networkLocation: /default-rack, certSerialId: null}. Reason : WriteLog:18: (t:3, i:18), STATEMACHINELOGENTRY, client-7C287F4031E3, cid=26-writeStateMachineData interrupted.
2019-09-16 16:16:42,547 [EventQueue-PipelineActionsForPipelineActionHandler] INFO  pipeline.SCMPipelineManager (SCMPipelineManager.java:finalizeAndDestroyPipeline(311)) - destroying pipeline:Pipeline[ Id: 66475b26-f7ec-4ee2-b1cf-9d5aaeace39c, Nodes: 8f6ed14e-9847-41b2-84b1-f48134b0885d{ip: 192.168.34.47, host: pr-hdds-2111-ptm9r-3382166736, networkLocation: /default-rack, certSerialId: null}6151a780-4ba7-403b-be5b-70f0763d4a32{ip: 192.168.34.47, host: pr-hdds-2111-ptm9r-3382166736, networkLocation: /default-rack, certSerialId: null}d3f833b2-527d-4ab6-a086-d6ad4a131c32{ip: 192.168.34.47, host: pr-hdds-2111-ptm9r-3382166736, networkLocation: /default-rack, certSerialId: null}, Type:RATIS, Factor:THREE, State:CLOSED]
2019-09-16 16:16:42,548 [grpc-default-executor-5] INFO  segmented.SegmentedRaftLogWorker (SegmentedRaftLogWorker.java:close(228)) - 6151a780-4ba7-403b-be5b-70f0763d4a32@group-9D5AAEACE39C-SegmentedRaftLogWorker close()
2019-09-16 16:16:42,555 [grpc-default-executor-5] INFO  interfaces.Container (KeyValueContainer.java:flushAndSyncDB(386)) - Container 1 is synced with bcsId 5.
2019-09-16 16:16:42,556 [grpc-default-executor-5] INFO  interfaces.Container (KeyValueContainer.java:flushAndSyncDB(386)) - Container 1 is synced with bcsId 5.
2019-09-16 16:16:42,564 [grpc-default-executor-5] INFO  interfaces.Container (KeyValueContainer.java:flushAndSyncDB(386)) - Container 2 is synced with bcsId 12.
2019-09-16 16:16:42,564 [grpc-default-executor-5] INFO  interfaces.Container (KeyValueContainer.java:flushAndSyncDB(386)) - Container 2 is synced with bcsId 12.
2019-09-16 16:16:42,589 [grpc-default-executor-5] INFO  interfaces.Container (KeyValueContainer.java:flushAndSyncDB(386)) - Container 4 is synced with bcsId 0.
2019-09-16 16:16:42,589 [grpc-default-executor-5] INFO  interfaces.Container (KeyValueContainer.java:flushAndSyncDB(386)) - Container 4 is synced with bcsId 0.
2019-09-16 16:16:42,604 [grpc-default-executor-5] INFO  impl.RaftServerProxy (RaftServerProxy.java:remove(95)) - d3f833b2-527d-4ab6-a086-d6ad4a131c32: remove  FOLLOWER d3f833b2-527d-4ab6-a086-d6ad4a131c32@group-9D5AAEACE39C:t3, leader=8f6ed14e-9847-41b2-84b1-f48134b0885d, voted=null, raftlog=d3f833b2-527d-4ab6-a086-d6ad4a131c32@group-9D5AAEACE39C-SegmentedRaftLog:OPENED:c16,f16,i23, conf=0: [6151a780-4ba7-403b-be5b-70f0763d4a32:192.168.34.47:39283, d3f833b2-527d-4ab6-a086-d6ad4a131c32:192.168.34.47:36523, 8f6ed14e-9847-41b2-84b1-f48134b0885d:192.168.34.47:40491], old=null RUNNING
2019-09-16 16:16:42,605 [grpc-default-executor-5] INFO  impl.RaftServerImpl (RaftServerImpl.java:lambda$shutdown$3(251)) - d3f833b2-527d-4ab6-a086-d6ad4a131c32@group-9D5AAEACE39C: shutdown
2019-09-16 16:16:42,605 [grpc-default-executor-5] INFO  util.JmxRegister (JmxRegister.java:unregister(73)) - Successfully un-registered JMX Bean with object name Ratis:service=RaftServer,group=group-9D5AAEACE39C,id=d3f833b2-527d-4ab6-a086-d6ad4a131c32
2019-09-16 16:16:42,605 [grpc-default-executor-5] INFO  impl.RoleInfo (RoleInfo.java:shutdownFollowerState(121)) - d3f833b2-527d-4ab6-a086-d6ad4a131c32: shutdown FollowerState
2019-09-16 16:16:42,605 [grpc-default-executor-5] INFO  impl.StateMachineUpdater (StateMachineUpdater.java:stopAndJoin(125)) - d3f833b2-527d-4ab6-a086-d6ad4a131c32@group-9D5AAEACE39C-StateMachineUpdater: set stopIndex = 16
2019-09-16 16:16:42,605 [Thread-355] INFO  impl.FollowerState (FollowerState.java:run(115)) - d3f833b2-527d-4ab6-a086-d6ad4a131c32: FollowerState was interrupted: java.lang.InterruptedException: sleep interrupted
2019-09-16 16:16:42,605 [d3f833b2-527d-4ab6-a086-d6ad4a131c32@group-9D5AAEACE39C-StateMachineUpdater] INFO  ratis.ContainerStateMachine (ContainerStateMachine.java:takeSnapshot(289)) - group-9D5AAEACE39C: Taking a snapshot at:(t:3, i:12) file /workdir/hadoop-ozone/integration-test/target/test-dir/MiniOzoneClusterImpl-cc742799-bdee-42f8-b2e8-35af38dfad60/datanode-2/data/ratis/66475b26-f7ec-4ee2-b1cf-9d5aaeace39c/sm/snapshot.3_12
2019-09-16 16:16:42,615 [d3f833b2-527d-4ab6-a086-d6ad4a131c32@group-9D5AAEACE39C-StateMachineUpdater] INFO  ratis.ContainerStateMachine (ContainerStateMachine.java:takeSnapshot(300)) - group-9D5AAEACE39C: Finished taking a snapshot at:(t:3, i:12) file:/workdir/hadoop-ozone/integration-test/target/test-dir/MiniOzoneClusterImpl-cc742799-bdee-42f8-b2e8-35af38dfad60/datanode-2/data/ratis/66475b26-f7ec-4ee2-b1cf-9d5aaeace39c/sm/snapshot.3_12 time:9
2019-09-16 16:16:42,615 [d3f833b2-527d-4ab6-a086-d6ad4a131c32@group-9D5AAEACE39C-StateMachineUpdater] INFO  impl.StateMachineUpdater (StateMachineUpdater.java:takeSnapshot(258)) - d3f833b2-527d-4ab6-a086-d6ad4a131c32@group-9D5AAEACE39C-StateMachineUpdater: Took a snapshot at index 12
2019-09-16 16:16:42,615 [d3f833b2-527d-4ab6-a086-d6ad4a131c32@group-9D5AAEACE39C-StateMachineUpdater] INFO  impl.StateMachineUpdater (StateMachineUpdater.java:lambda$new$0(83)) - d3f833b2-527d-4ab6-a086-d6ad4a131c32@group-9D5AAEACE39C-StateMachineUpdater: snapshotIndex: updateIncreasingly -1 -> 12
2019-09-16 16:16:42,615 [d3f833b2-527d-4ab6-a086-d6ad4a131c32@group-9D5AAEACE39C-StateMachineUpdater] INFO  ratis.ContainerStateMachine (ContainerStateMachine.java:takeSnapshot(289)) - group-9D5AAEACE39C: Taking a snapshot at:(t:3, i:12) file /workdir/hadoop-ozone/integration-test/target/test-dir/MiniOzoneClusterImpl-cc742799-bdee-42f8-b2e8-35af38dfad60/datanode-2/data/ratis/66475b26-f7ec-4ee2-b1cf-9d5aaeace39c/sm/snapshot.3_12
2019-09-16 16:16:42,628 [d3f833b2-527d-4ab6-a086-d6ad4a131c32@group-9D5AAEACE39C-StateMachineUpdater] INFO  ratis.ContainerStateMachine (ContainerStateMachine.java:takeSnapshot(300)) - group-9D5AAEACE39C: Finished taking a snapshot at:(t:3, i:12) file:/workdir/hadoop-ozone/integration-test/target/test-dir/MiniOzoneClusterImpl-cc742799-bdee-42f8-b2e8-35af38dfad60/datanode-2/data/ratis/66475b26-f7ec-4ee2-b1cf-9d5aaeace39c/sm/snapshot.3_12 time:13
2019-09-16 16:16:42,628 [d3f833b2-527d-4ab6-a086-d6ad4a131c32@group-9D5AAEACE39C-StateMachineUpdater] INFO  impl.StateMachineUpdater (StateMachineUpdater.java:takeSnapshot(258)) - d3f833b2-527d-4ab6-a086-d6ad4a131c32@group-9D5AAEACE39C-StateMachineUpdater: Took a snapshot at index 12
2019-09-16 16:16:42,628 [d3f833b2-527d-4ab6-a086-d6ad4a131c32@group-9D5AAEACE39C-StateMachineUpdater] INFO  impl.StateMachineUpdater (StateMachineUpdater.java:lambda$new$0(83)) - d3f833b2-527d-4ab6-a086-d6ad4a131c32@group-9D5AAEACE39C-StateMachineUpdater: snapshotIndex: updateIncreasingly 12 -> 12
2019-09-16 16:16:42,629 [grpc-default-executor-5] INFO  impl.RaftServerImpl (ServerState.java:close(385)) - d3f833b2-527d-4ab6-a086-d6ad4a131c32@group-9D5AAEACE39C: closes. applyIndex: 16
2019-09-16 16:16:42,631 [d3f833b2-527d-4ab6-a086-d6ad4a131c32@group-9D5AAEACE39C-SegmentedRaftLogWorker] ERROR ratis.XceiverServerRatis (XceiverServerRatis.java:triggerPipelineClose(568)) - pipeline Action CLOSE  on pipeline PipelineID=66475b26-f7ec-4ee2-b1cf-9d5aaeace39c.Reason : WriteLog:18: (t:3, i:18), STATEMACHINELOGENTRY, client-7C287F4031E3, cid=26-writeStateMachineData interrupted.
2019-09-16 16:16:42,634 [EventQueue-PipelineActionsForPipelineActionHandler] ERROR pipeline.PipelineActionHandler (PipelineActionHandler.java:onMessage(60)) - Received pipeline action CLOSE for Pipeline[ Id: 66475b26-f7ec-4ee2-b1cf-9d5aaeace39c, Nodes: 8f6ed14e-9847-41b2-84b1-f48134b0885d{ip: 192.168.34.47, host: pr-hdds-2111-ptm9r-3382166736, networkLocation: /default-rack, certSerialId: null}6151a780-4ba7-403b-be5b-70f0763d4a32{ip: 192.168.34.47, host: pr-hdds-2111-ptm9r-3382166736, networkLocation: /default-rack, certSerialId: null}d3f833b2-527d-4ab6-a086-d6ad4a131c32{ip: 192.168.34.47, host: pr-hdds-2111-ptm9r-3382166736, networkLocation: /default-rack, certSerialId: null}, Type:RATIS, Factor:THREE, State:CLOSED] from datanode d3f833b2-527d-4ab6-a086-d6ad4a131c32{ip: 192.168.34.47, host: pr-hdds-2111-ptm9r-3382166736, networkLocation: /default-rack, certSerialId: null}. Reason : WriteLog:18: (t:3, i:18), STATEMACHINELOGENTRY, client-7C287F4031E3, cid=26-writeStateMachineData interrupted.
2019-09-16 16:16:42,634 [EventQueue-PipelineActionsForPipelineActionHandler] INFO  pipeline.SCMPipelineManager (SCMPipelineManager.java:finalizeAndDestroyPipeline(311)) - destroying pipeline:Pipeline[ Id: 66475b26-f7ec-4ee2-b1cf-9d5aaeace39c, Nodes: 8f6ed14e-9847-41b2-84b1-f48134b0885d{ip: 192.168.34.47, host: pr-hdds-2111-ptm9r-3382166736, networkLocation: /default-rack, certSerialId: null}6151a780-4ba7-403b-be5b-70f0763d4a32{ip: 192.168.34.47, host: pr-hdds-2111-ptm9r-3382166736, networkLocation: /default-rack, certSerialId: null}d3f833b2-527d-4ab6-a086-d6ad4a131c32{ip: 192.168.34.47, host: pr-hdds-2111-ptm9r-3382166736, networkLocation: /default-rack, certSerialId: null}, Type:RATIS, Factor:THREE, State:CLOSED]
2019-09-16 16:16:42,643 [grpc-default-executor-5] INFO  segmented.SegmentedRaftLogWorker (SegmentedRaftLogWorker.java:close(228)) - d3f833b2-527d-4ab6-a086-d6ad4a131c32@group-9D5AAEACE39C-SegmentedRaftLogWorker close()
2019-09-16 16:16:42,671 [grpc-default-executor-5] INFO  interfaces.Container (KeyValueContainer.java:flushAndSyncDB(386)) - Container 1 is synced with bcsId 5.
2019-09-16 16:16:42,672 [grpc-default-executor-5] INFO  interfaces.Container (KeyValueContainer.java:flushAndSyncDB(386)) - Container 1 is synced with bcsId 5.
2019-09-16 16:16:42,703 [grpc-default-executor-5] INFO  interfaces.Container (KeyValueContainer.java:flushAndSyncDB(386)) - Container 2 is synced with bcsId 12.
2019-09-16 16:16:42,703 [grpc-default-executor-5] INFO  interfaces.Container (KeyValueContainer.java:flushAndSyncDB(386)) - Container 2 is synced with bcsId 12.
2019-09-16 16:16:42,777 [grpc-default-executor-5] INFO  interfaces.Container (KeyValueContainer.java:flushAndSyncDB(386)) - Container 4 is synced with bcsId 0.
2019-09-16 16:16:42,777 [grpc-default-executor-5] INFO  interfaces.Container (KeyValueContainer.java:flushAndSyncDB(386)) - Container 4 is synced with bcsId 0.
2019-09-16 16:16:42,794 [RatisPipelineUtilsThread] INFO  pipeline.PipelineStateManager (PipelineStateManager.java:removePipeline(108)) - Pipeline Pipeline[ Id: 66475b26-f7ec-4ee2-b1cf-9d5aaeace39c, Nodes: 8f6ed14e-9847-41b2-84b1-f48134b0885d{ip: 192.168.34.47, host: pr-hdds-2111-ptm9r-3382166736, networkLocation: /default-rack, certSerialId: null}6151a780-4ba7-403b-be5b-70f0763d4a32{ip: 192.168.34.47, host: pr-hdds-2111-ptm9r-3382166736, networkLocation: /default-rack, certSerialId: null}d3f833b2-527d-4ab6-a086-d6ad4a131c32{ip: 192.168.34.47, host: pr-hdds-2111-ptm9r-3382166736, networkLocation: /default-rack, certSerialId: null}, Type:RATIS, Factor:THREE, State:CLOSED] removed from db
2019-09-16 16:16:42,803 [grpc-default-executor-1] INFO  impl.RaftServerProxy (RaftServerProxy.java:addNew(89)) - 8f6ed14e-9847-41b2-84b1-f48134b0885d: addNew group-E0A55ED5C792:[6151a780-4ba7-403b-be5b-70f0763d4a32:192.168.34.47:39283, d3f833b2-527d-4ab6-a086-d6ad4a131c32:192.168.34.47:36523, 8f6ed14e-9847-41b2-84b1-f48134b0885d:192.168.34.47:40491] returns group-E0A55ED5C792:java.util.concurrent.CompletableFuture@222aca80[Not completed]
2019-09-16 16:16:42,804 [grpc-default-executor-6] INFO  impl.RaftServerProxy (RaftServerProxy.java:addNew(89)) - 6151a780-4ba7-403b-be5b-70f0763d4a32: addNew group-E0A55ED5C792:[6151a780-4ba7-403b-be5b-70f0763d4a32:192.168.34.47:39283, d3f833b2-527d-4ab6-a086-d6ad4a131c32:192.168.34.47:36523, 8f6ed14e-9847-41b2-84b1-f48134b0885d:192.168.34.47:40491] returns group-E0A55ED5C792:java.util.concurrent.CompletableFuture@35b3719c[Not completed]
2019-09-16 16:16:42,804 [grpc-default-executor-1] INFO  impl.RaftServerProxy (RaftServerProxy.java:addNew(89)) - d3f833b2-527d-4ab6-a086-d6ad4a131c32: addNew group-E0A55ED5C792:[6151a780-4ba7-403b-be5b-70f0763d4a32:192.168.34.47:39283, d3f833b2-527d-4ab6-a086-d6ad4a131c32:192.168.34.47:36523, 8f6ed14e-9847-41b2-84b1-f48134b0885d:192.168.34.47:40491] returns group-E0A55ED5C792:java.util.concurrent.CompletableFuture@1ffaddf9[Not completed]
2019-09-16 16:16:42,805 [pool-87-thread-1] INFO  impl.RaftServerImpl (RaftServerImpl.java:<init>(95)) - 8f6ed14e-9847-41b2-84b1-f48134b0885d: new RaftServerImpl for group-E0A55ED5C792:[6151a780-4ba7-403b-be5b-70f0763d4a32:192.168.34.47:39283, d3f833b2-527d-4ab6-a086-d6ad4a131c32:192.168.34.47:36523, 8f6ed14e-9847-41b2-84b1-f48134b0885d:192.168.34.47:40491] with ContainerStateMachine:uninitialized
2019-09-16 16:16:42,806 [pool-87-thread-1] INFO  server.RaftServerConfigKeys (ConfUtils.java:logGet(43)) - raft.server.rpc.timeout.min = 5s (custom)
2019-09-16 16:16:42,806 [pool-87-thread-1] INFO  server.RaftServerConfigKeys (ConfUtils.java:logGet(43)) - raft.server.rpc.timeout.max = 5200ms (custom)
2019-09-16 16:16:42,806 [pool-87-thread-1] INFO  server.RaftServerConfigKeys (ConfUtils.java:logGet(43)) - raft.server.rpcslowness.timeout = 120s (custom)
2019-09-16 16:16:42,806 [pool-87-thread-1] INFO  server.RaftServerConfigKeys (ConfUtils.java:logGet(43)) - raft.server.sleep.deviation.threshold = 300 (default)
2019-09-16 16:16:42,806 [pool-87-thread-1] INFO  server.RaftServerConfigKeys (ConfUtils.java:logGet(43)) - raft.server.log.appender.install.snapshot.enabled = false (custom)
2019-09-16 16:16:42,806 [pool-87-thread-1] INFO  impl.RaftServerImpl (ServerState.java:<init>(103)) - 8f6ed14e-9847-41b2-84b1-f48134b0885d@group-E0A55ED5C792: ConfigurationManager, init=-1: [6151a780-4ba7-403b-be5b-70f0763d4a32:192.168.34.47:39283, d3f833b2-527d-4ab6-a086-d6ad4a131c32:192.168.34.47:36523, 8f6ed14e-9847-41b2-84b1-f48134b0885d:192.168.34.47:40491], old=null, confs=<EMPTY_MAP>
2019-09-16 16:16:42,806 [pool-87-thread-1] INFO  server.RaftServerConfigKeys (ConfUtils.java:logGet(43)) - raft.server.storage.dir = [/workdir/hadoop-ozone/integration-test/target/test-dir/MiniOzoneClusterImpl-cc742799-bdee-42f8-b2e8-35af38dfad60/datanode-6/data/ratis] (custom)
2019-09-16 16:16:42,806 [pool-47-thread-1] INFO  impl.RaftServerImpl (RaftServerImpl.java:<init>(95)) - d3f833b2-527d-4ab6-a086-d6ad4a131c32: new RaftServerImpl for group-E0A55ED5C792:[6151a780-4ba7-403b-be5b-70f0763d4a32:192.168.34.47:39283, d3f833b2-527d-4ab6-a086-d6ad4a131c32:192.168.34.47:36523, 8f6ed14e-9847-41b2-84b1-f48134b0885d:192.168.34.47:40491] with ContainerStateMachine:uninitialized
2019-09-16 16:16:42,807 [pool-47-thread-1] INFO  server.RaftServerConfigKeys (ConfUtils.java:logGet(43)) - raft.server.rpc.timeout.min = 5s (custom)
2019-09-16 16:16:42,807 [pool-87-thread-1] INFO  storage.RaftStorageDirectory (RaftStorageDirectory.java:analyzeStorage(246)) - The storage directory /workdir/hadoop-ozone/integration-test/target/test-dir/MiniOzoneClusterImpl-cc742799-bdee-42f8-b2e8-35af38dfad60/datanode-6/data/ratis/cf85cf34-beb7-4b49-9a59-e0a55ed5c792 does not exist. Creating ...
2019-09-16 16:16:42,807 [pool-47-thread-1] INFO  server.RaftServerConfigKeys (ConfUtils.java:logGet(43)) - raft.server.rpc.timeout.max = 5200ms (custom)
2019-09-16 16:16:42,807 [pool-47-thread-1] INFO  server.RaftServerConfigKeys (ConfUtils.java:logGet(43)) - raft.server.rpcslowness.timeout = 120s (custom)
2019-09-16 16:16:42,807 [pool-47-thread-1] INFO  server.RaftServerConfigKeys (ConfUtils.java:logGet(43)) - raft.server.sleep.deviation.threshold = 300 (default)
2019-09-16 16:16:42,820 [pool-47-thread-1] INFO  server.RaftServerConfigKeys (ConfUtils.java:logGet(43)) - raft.server.log.appender.install.snapshot.enabled = false (custom)
2019-09-16 16:16:42,820 [pool-47-thread-1] INFO  impl.RaftServerImpl (ServerState.java:<init>(103)) - d3f833b2-527d-4ab6-a086-d6ad4a131c32@group-E0A55ED5C792: ConfigurationManager, init=-1: [6151a780-4ba7-403b-be5b-70f0763d4a32:192.168.34.47:39283, d3f833b2-527d-4ab6-a086-d6ad4a131c32:192.168.34.47:36523, 8f6ed14e-9847-41b2-84b1-f48134b0885d:192.168.34.47:40491], old=null, confs=<EMPTY_MAP>
2019-09-16 16:16:42,820 [pool-57-thread-1] INFO  impl.RaftServerImpl (RaftServerImpl.java:<init>(95)) - 6151a780-4ba7-403b-be5b-70f0763d4a32: new RaftServerImpl for group-E0A55ED5C792:[6151a780-4ba7-403b-be5b-70f0763d4a32:192.168.34.47:39283, d3f833b2-527d-4ab6-a086-d6ad4a131c32:192.168.34.47:36523, 8f6ed14e-9847-41b2-84b1-f48134b0885d:192.168.34.47:40491] with ContainerStateMachine:uninitialized
2019-09-16 16:16:42,820 [pool-47-thread-1] INFO  server.RaftServerConfigKeys (ConfUtils.java:logGet(43)) - raft.server.storage.dir = [/workdir/hadoop-ozone/integration-test/target/test-dir/MiniOzoneClusterImpl-cc742799-bdee-42f8-b2e8-35af38dfad60/datanode-2/data/ratis] (custom)
2019-09-16 16:16:42,820 [pool-57-thread-1] INFO  server.RaftServerConfigKeys (ConfUtils.java:logGet(43)) - raft.server.rpc.timeout.min = 5s (custom)
2019-09-16 16:16:42,821 [pool-57-thread-1] INFO  server.RaftServerConfigKeys (ConfUtils.java:logGet(43)) - raft.server.rpc.timeout.max = 5200ms (custom)
2019-09-16 16:16:42,821 [pool-47-thread-1] INFO  storage.RaftStorageDirectory (RaftStorageDirectory.java:analyzeStorage(246)) - The storage directory /workdir/hadoop-ozone/integration-test/target/test-dir/MiniOzoneClusterImpl-cc742799-bdee-42f8-b2e8-35af38dfad60/datanode-2/data/ratis/cf85cf34-beb7-4b49-9a59-e0a55ed5c792 does not exist. Creating ...
2019-09-16 16:16:42,821 [pool-57-thread-1] INFO  server.RaftServerConfigKeys (ConfUtils.java:logGet(43)) - raft.server.rpcslowness.timeout = 120s (custom)
2019-09-16 16:16:42,821 [pool-57-thread-1] INFO  server.RaftServerConfigKeys (ConfUtils.java:logGet(43)) - raft.server.sleep.deviation.threshold = 300 (default)
2019-09-16 16:16:42,821 [pool-57-thread-1] INFO  server.RaftServerConfigKeys (ConfUtils.java:logGet(43)) - raft.server.log.appender.install.snapshot.enabled = false (custom)
2019-09-16 16:16:42,821 [pool-57-thread-1] INFO  impl.RaftServerImpl (ServerState.java:<init>(103)) - 6151a780-4ba7-403b-be5b-70f0763d4a32@group-E0A55ED5C792: ConfigurationManager, init=-1: [6151a780-4ba7-403b-be5b-70f0763d4a32:192.168.34.47:39283, d3f833b2-527d-4ab6-a086-d6ad4a131c32:192.168.34.47:36523, 8f6ed14e-9847-41b2-84b1-f48134b0885d:192.168.34.47:40491], old=null, confs=<EMPTY_MAP>
2019-09-16 16:16:42,822 [pool-57-thread-1] INFO  server.RaftServerConfigKeys (ConfUtils.java:logGet(43)) - raft.server.storage.dir = [/workdir/hadoop-ozone/integration-test/target/test-dir/MiniOzoneClusterImpl-cc742799-bdee-42f8-b2e8-35af38dfad60/datanode-3/data/ratis] (custom)
2019-09-16 16:16:42,822 [pool-57-thread-1] INFO  storage.RaftStorageDirectory (RaftStorageDirectory.java:analyzeStorage(246)) - The storage directory /workdir/hadoop-ozone/integration-test/target/test-dir/MiniOzoneClusterImpl-cc742799-bdee-42f8-b2e8-35af38dfad60/datanode-3/data/ratis/cf85cf34-beb7-4b49-9a59-e0a55ed5c792 does not exist. Creating ...
2019-09-16 16:16:42,833 [pool-47-thread-1] INFO  storage.RaftStorageDirectory (RaftStorageDirectory.java:tryLock(328)) - Lock on /workdir/hadoop-ozone/integration-test/target/test-dir/MiniOzoneClusterImpl-cc742799-bdee-42f8-b2e8-35af38dfad60/datanode-2/data/ratis/cf85cf34-beb7-4b49-9a59-e0a55ed5c792/in_use.lock acquired by nodename 10120@pr-hdds-2111-ptm9r-3382166736
2019-09-16 16:16:42,834 [main] WARN  io.KeyOutputStream (KeyOutputStream.java:handleException(276)) - Encountered exception java.io.IOException: Unexpected Storage Container Exception: java.util.concurrent.CompletionException: java.util.concurrent.CompletionException: org.apache.ratis.protocol.GroupMismatchException: 6151a780-4ba7-403b-be5b-70f0763d4a32: group-9D5AAEACE39C not found. on the pipeline Pipeline[ Id: 66475b26-f7ec-4ee2-b1cf-9d5aaeace39c, Nodes: 8f6ed14e-9847-41b2-84b1-f48134b0885d{ip: 192.168.34.47, host: pr-hdds-2111-ptm9r-3382166736, networkLocation: /default-rack, certSerialId: null}6151a780-4ba7-403b-be5b-70f0763d4a32{ip: 192.168.34.47, host: pr-hdds-2111-ptm9r-3382166736, networkLocation: /default-rack, certSerialId: null}d3f833b2-527d-4ab6-a086-d6ad4a131c32{ip: 192.168.34.47, host: pr-hdds-2111-ptm9r-3382166736, networkLocation: /default-rack, certSerialId: null}, Type:RATIS, Factor:THREE, State:OPEN]. The last committed block length is 0, uncommitted data length is 400 retry count 0
2019-09-16 16:16:42,834 [pool-57-thread-1] INFO  storage.RaftStorageDirectory (RaftStorageDirectory.java:tryLock(328)) - Lock on /workdir/hadoop-ozone/integration-test/target/test-dir/MiniOzoneClusterImpl-cc742799-bdee-42f8-b2e8-35af38dfad60/datanode-3/data/ratis/cf85cf34-beb7-4b49-9a59-e0a55ed5c792/in_use.lock acquired by nodename 10120@pr-hdds-2111-ptm9r-3382166736
2019-09-16 16:16:42,833 [pool-87-thread-1] INFO  storage.RaftStorageDirectory (RaftStorageDirectory.java:tryLock(328)) - Lock on /workdir/hadoop-ozone/integration-test/target/test-dir/MiniOzoneClusterImpl-cc742799-bdee-42f8-b2e8-35af38dfad60/datanode-6/data/ratis/cf85cf34-beb7-4b49-9a59-e0a55ed5c792/in_use.lock acquired by nodename 10120@pr-hdds-2111-ptm9r-3382166736
2019-09-16 16:16:42,849 [pool-57-thread-1] INFO  storage.RaftStorage (RaftStorage.java:format(72)) - Storage directory /workdir/hadoop-ozone/integration-test/target/test-dir/MiniOzoneClusterImpl-cc742799-bdee-42f8-b2e8-35af38dfad60/datanode-3/data/ratis/cf85cf34-beb7-4b49-9a59-e0a55ed5c792 has been successfully formatted.
2019-09-16 16:16:42,849 [pool-47-thread-1] INFO  storage.RaftStorage (RaftStorage.java:format(72)) - Storage directory /workdir/hadoop-ozone/integration-test/target/test-dir/MiniOzoneClusterImpl-cc742799-bdee-42f8-b2e8-35af38dfad60/datanode-2/data/ratis/cf85cf34-beb7-4b49-9a59-e0a55ed5c792 has been successfully formatted.
2019-09-16 16:16:42,849 [pool-87-thread-1] INFO  storage.RaftStorage (RaftStorage.java:format(72)) - Storage directory /workdir/hadoop-ozone/integration-test/target/test-dir/MiniOzoneClusterImpl-cc742799-bdee-42f8-b2e8-35af38dfad60/datanode-6/data/ratis/cf85cf34-beb7-4b49-9a59-e0a55ed5c792 has been successfully formatted.
2019-09-16 16:16:42,849 [pool-57-thread-1] INFO  ratis.ContainerStateMachine (ContainerStateMachine.java:loadSnapshot(230)) - group-E0A55ED5C792: The snapshot info is null. Setting the last applied indexto:(t:0, i:~)
2019-09-16 16:16:42,849 [pool-87-thread-1] INFO  ratis.ContainerStateMachine (ContainerStateMachine.java:loadSnapshot(230)) - group-E0A55ED5C792: The snapshot info is null. Setting the last applied indexto:(t:0, i:~)
2019-09-16 16:16:42,849 [pool-47-thread-1] INFO  ratis.ContainerStateMachine (ContainerStateMachine.java:loadSnapshot(230)) - group-E0A55ED5C792: The snapshot info is null. Setting the last applied indexto:(t:0, i:~)
2019-09-16 16:16:42,849 [pool-87-thread-1] INFO  server.RaftServerConfigKeys (ConfUtils.java:logGet(43)) - raft.server.notification.no-leader.timeout = 120s (custom)
2019-09-16 16:16:42,849 [pool-57-thread-1] INFO  server.RaftServerConfigKeys (ConfUtils.java:logGet(43)) - raft.server.notification.no-leader.timeout = 120s (custom)
2019-09-16 16:16:42,856 [pool-87-thread-1] INFO  server.RaftServerConfigKeys (ConfUtils.java:logGet(43)) - raft.server.log.use.memory = false (default)
2019-09-16 16:16:42,852 [pool-47-thread-1] INFO  server.RaftServerConfigKeys (ConfUtils.java:logGet(43)) - raft.server.notification.no-leader.timeout = 120s (custom)
2019-09-16 16:16:42,857 [pool-87-thread-1] INFO  server.RaftServerConfigKeys (ConfUtils.java:logGet(43)) - raft.server.log.purge.gap = 1000000 (custom)
2019-09-16 16:16:42,857 [pool-57-thread-1] INFO  server.RaftServerConfigKeys (ConfUtils.java:logGet(43)) - raft.server.log.use.memory = false (default)
2019-09-16 16:16:42,857 [pool-87-thread-1] INFO  server.RaftServerConfigKeys (ConfUtils.java:logGet(43)) - raft.server.log.appender.buffer.byte-limit = 33554432 (custom)
2019-09-16 16:16:42,857 [pool-47-thread-1] INFO  server.RaftServerConfigKeys (ConfUtils.java:logGet(43)) - raft.server.log.use.memory = false (default)
2019-09-16 16:16:42,857 [pool-87-thread-1] INFO  server.RaftServerConfigKeys (ConfUtils.java:logGet(43)) - raft.server.log.segment.size.max = 1048576 (custom)
2019-09-16 16:16:42,857 [pool-57-thread-1] INFO  server.RaftServerConfigKeys (ConfUtils.java:logGet(43)) - raft.server.log.purge.gap = 1000000 (custom)
2019-09-16 16:16:42,857 [pool-87-thread-1] INFO  server.RaftServerConfigKeys (ConfUtils.java:logGet(43)) - raft.server.log.segment.cache.num.max = 2 (custom)
2019-09-16 16:16:42,857 [pool-47-thread-1] INFO  server.RaftServerConfigKeys (ConfUtils.java:logGet(43)) - raft.server.log.purge.gap = 1000000 (custom)
2019-09-16 16:16:42,857 [pool-87-thread-1] INFO  segmented.SegmentedRaftLogWorker (SegmentedRaftLogWorker.java:<init>(172)) - new 8f6ed14e-9847-41b2-84b1-f48134b0885d@group-E0A55ED5C792-SegmentedRaftLogWorker for RaftStorage:Storage Directory /workdir/hadoop-ozone/integration-test/target/test-dir/MiniOzoneClusterImpl-cc742799-bdee-42f8-b2e8-35af38dfad60/datanode-6/data/ratis/cf85cf34-beb7-4b49-9a59-e0a55ed5c792
2019-09-16 16:16:42,857 [pool-57-thread-1] INFO  server.RaftServerConfigKeys (ConfUtils.java:logGet(43)) - raft.server.log.appender.buffer.byte-limit = 33554432 (custom)
2019-09-16 16:16:42,858 [pool-87-thread-1] INFO  server.RaftServerConfigKeys (ConfUtils.java:logGet(43)) - raft.server.log.queue.byte-limit = 2147483647 (custom)
2019-09-16 16:16:42,858 [pool-47-thread-1] INFO  server.RaftServerConfigKeys (ConfUtils.java:logGet(43)) - raft.server.log.appender.buffer.byte-limit = 33554432 (custom)
2019-09-16 16:16:42,858 [pool-87-thread-1] INFO  server.RaftServerConfigKeys (ConfUtils.java:logGet(43)) - raft.server.log.queue.element-limit = 1024 (custom)
2019-09-16 16:16:42,858 [pool-57-thread-1] INFO  server.RaftServerConfigKeys (ConfUtils.java:logGet(43)) - raft.server.log.segment.size.max = 1048576 (custom)
2019-09-16 16:16:42,858 [pool-87-thread-1] INFO  server.RaftServerConfigKeys (ConfUtils.java:logGet(43)) - raft.server.log.segment.size.max = 1048576 (custom)
2019-09-16 16:16:42,858 [pool-47-thread-1] INFO  server.RaftServerConfigKeys (ConfUtils.java:logGet(43)) - raft.server.log.segment.size.max = 1048576 (custom)
2019-09-16 16:16:42,858 [pool-87-thread-1] INFO  server.RaftServerConfigKeys (ConfUtils.java:logGet(43)) - raft.server.log.preallocated.size = 16384 (custom)
2019-09-16 16:16:42,858 [pool-57-thread-1] INFO  server.RaftServerConfigKeys (ConfUtils.java:logGet(43)) - raft.server.log.segment.cache.num.max = 2 (custom)
2019-09-16 16:16:42,858 [pool-87-thread-1] INFO  server.RaftServerConfigKeys (ConfUtils.java:logGet(43)) - raft.server.log.write.buffer.size = 33554432 (custom)
2019-09-16 16:16:42,858 [pool-47-thread-1] INFO  server.RaftServerConfigKeys (ConfUtils.java:logGet(43)) - raft.server.log.segment.cache.num.max = 2 (custom)
2019-09-16 16:16:42,859 [pool-87-thread-1] INFO  server.RaftServerConfigKeys (ConfUtils.java:logGet(43)) - raft.server.log.force.sync.num = 128 (default)
2019-09-16 16:16:42,859 [pool-57-thread-1] INFO  segmented.SegmentedRaftLogWorker (SegmentedRaftLogWorker.java:<init>(172)) - new 6151a780-4ba7-403b-be5b-70f0763d4a32@group-E0A55ED5C792-SegmentedRaftLogWorker for RaftStorage:Storage Directory /workdir/hadoop-ozone/integration-test/target/test-dir/MiniOzoneClusterImpl-cc742799-bdee-42f8-b2e8-35af38dfad60/datanode-3/data/ratis/cf85cf34-beb7-4b49-9a59-e0a55ed5c792
2019-09-16 16:16:42,859 [pool-87-thread-1] INFO  server.RaftServerConfigKeys (ConfUtils.java:logGet(43)) - raft.server.log.statemachine.data.sync = true (default)
2019-09-16 16:16:42,859 [pool-47-thread-1] INFO  segmented.SegmentedRaftLogWorker (SegmentedRaftLogWorker.java:<init>(172)) - new d3f833b2-527d-4ab6-a086-d6ad4a131c32@group-E0A55ED5C792-SegmentedRaftLogWorker for RaftStorage:Storage Directory /workdir/hadoop-ozone/integration-test/target/test-dir/MiniOzoneClusterImpl-cc742799-bdee-42f8-b2e8-35af38dfad60/datanode-2/data/ratis/cf85cf34-beb7-4b49-9a59-e0a55ed5c792
2019-09-16 16:16:42,859 [pool-87-thread-1] INFO  server.RaftServerConfigKeys (ConfUtils.java:logGet(43)) - raft.server.log.statemachine.data.sync.timeout = 10s (default)
2019-09-16 16:16:42,859 [pool-57-thread-1] INFO  server.RaftServerConfigKeys (ConfUtils.java:logGet(43)) - raft.server.log.queue.byte-limit = 2147483647 (custom)
2019-09-16 16:16:42,859 [pool-87-thread-1] INFO  server.RaftServerConfigKeys (ConfUtils.java:logGet(43)) - raft.server.log.statemachine.data.sync.timeout.retry = -1 (default)
2019-09-16 16:16:42,859 [pool-47-thread-1] INFO  server.RaftServerConfigKeys (ConfUtils.java:logGet(43)) - raft.server.log.queue.byte-limit = 2147483647 (custom)
2019-09-16 16:16:42,860 [pool-87-thread-1] INFO  server.RaftServerConfigKeys (ConfUtils.java:logGet(43)) - raft.server.log.statemachine.data.caching.enabled = true (custom)
2019-09-16 16:16:42,859 [pool-57-thread-1] INFO  server.RaftServerConfigKeys (ConfUtils.java:logGet(43)) - raft.server.log.queue.element-limit = 1024 (custom)
2019-09-16 16:16:42,860 [pool-47-thread-1] INFO  server.RaftServerConfigKeys (ConfUtils.java:logGet(43)) - raft.server.log.queue.element-limit = 1024 (custom)
2019-09-16 16:16:42,860 [pool-87-thread-1] INFO  segmented.SegmentedRaftLogWorker (SegmentedRaftLogWorker.java:lambda$new$0(132)) - 8f6ed14e-9847-41b2-84b1-f48134b0885d@group-E0A55ED5C792-SegmentedRaftLogWorker: flushIndex: setUnconditionally 0 -> -1
2019-09-16 16:16:42,860 [pool-57-thread-1] INFO  server.RaftServerConfigKeys (ConfUtils.java:logGet(43)) - raft.server.log.segment.size.max = 1048576 (custom)
2019-09-16 16:16:42,860 [pool-47-thread-1] INFO  server.RaftServerConfigKeys (ConfUtils.java:logGet(43)) - raft.server.log.segment.size.max = 1048576 (custom)
2019-09-16 16:16:42,860 [pool-87-thread-1] INFO  server.RaftServerConfigKeys (ConfUtils.java:logGet(43)) - raft.server.snapshot.auto.trigger.enabled = true (custom)
2019-09-16 16:16:42,860 [pool-57-thread-1] INFO  server.RaftServerConfigKeys (ConfUtils.java:logGet(43)) - raft.server.log.preallocated.size = 16384 (custom)
2019-09-16 16:16:42,860 [pool-87-thread-1] INFO  server.RaftServerConfigKeys (ConfUtils.java:logGet(43)) - raft.server.snapshot.auto.trigger.threshold = 10000 (custom)
2019-09-16 16:16:42,860 [pool-47-thread-1] INFO  server.RaftServerConfigKeys (ConfUtils.java:logGet(43)) - raft.server.log.preallocated.size = 16384 (custom)
2019-09-16 16:16:42,861 [pool-87-thread-1] INFO  server.RaftServerConfigKeys (ConfUtils.java:logGet(43)) - raft.server.snapshot.retention.num.files = -1 (default)
2019-09-16 16:16:42,860 [pool-57-thread-1] INFO  server.RaftServerConfigKeys (ConfUtils.java:logGet(43)) - raft.server.log.write.buffer.size = 33554432 (custom)
2019-09-16 16:16:42,861 [pool-87-thread-1] INFO  server.RaftServerConfigKeys (ConfUtils.java:logGet(43)) - raft.server.retrycache.expirytime = 600000ms (custom)
2019-09-16 16:16:42,861 [pool-47-thread-1] INFO  server.RaftServerConfigKeys (ConfUtils.java:logGet(43)) - raft.server.log.write.buffer.size = 33554432 (custom)
2019-09-16 16:16:42,861 [pool-57-thread-1] INFO  server.RaftServerConfigKeys (ConfUtils.java:logGet(43)) - raft.server.log.force.sync.num = 128 (default)
2019-09-16 16:16:42,861 [pool-47-thread-1] INFO  server.RaftServerConfigKeys (ConfUtils.java:logGet(43)) - raft.server.log.force.sync.num = 128 (default)
2019-09-16 16:16:42,861 [pool-57-thread-1] INFO  server.RaftServerConfigKeys (ConfUtils.java:logGet(43)) - raft.server.log.statemachine.data.sync = true (default)
2019-09-16 16:16:42,861 [pool-47-thread-1] INFO  server.RaftServerConfigKeys (ConfUtils.java:logGet(43)) - raft.server.log.statemachine.data.sync = true (default)
2019-09-16 16:16:42,861 [pool-57-thread-1] INFO  server.RaftServerConfigKeys (ConfUtils.java:logGet(43)) - raft.server.log.statemachine.data.sync.timeout = 10s (default)
2019-09-16 16:16:42,861 [pool-47-thread-1] INFO  server.RaftServerConfigKeys (ConfUtils.java:logGet(43)) - raft.server.log.statemachine.data.sync.timeout = 10s (default)
2019-09-16 16:16:42,861 [pool-57-thread-1] INFO  server.RaftServerConfigKeys (ConfUtils.java:logGet(43)) - raft.server.log.statemachine.data.sync.timeout.retry = -1 (default)
2019-09-16 16:16:42,861 [pool-47-thread-1] INFO  server.RaftServerConfigKeys (ConfUtils.java:logGet(43)) - raft.server.log.statemachine.data.sync.timeout.retry = -1 (default)
2019-09-16 16:16:42,862 [pool-57-thread-1] INFO  server.RaftServerConfigKeys (ConfUtils.java:logGet(43)) - raft.server.log.statemachine.data.caching.enabled = true (custom)
2019-09-16 16:16:42,862 [pool-47-thread-1] INFO  server.RaftServerConfigKeys (ConfUtils.java:logGet(43)) - raft.server.log.statemachine.data.caching.enabled = true (custom)
2019-09-16 16:16:42,862 [pool-57-thread-1] INFO  segmented.SegmentedRaftLogWorker (SegmentedRaftLogWorker.java:lambda$new$0(132)) - 6151a780-4ba7-403b-be5b-70f0763d4a32@group-E0A55ED5C792-SegmentedRaftLogWorker: flushIndex: setUnconditionally 0 -> -1
2019-09-16 16:16:42,862 [pool-47-thread-1] INFO  segmented.SegmentedRaftLogWorker (SegmentedRaftLogWorker.java:lambda$new$0(132)) - d3f833b2-527d-4ab6-a086-d6ad4a131c32@group-E0A55ED5C792-SegmentedRaftLogWorker: flushIndex: setUnconditionally 0 -> -1
2019-09-16 16:16:42,862 [pool-57-thread-1] INFO  server.RaftServerConfigKeys (ConfUtils.java:logGet(43)) - raft.server.snapshot.auto.trigger.enabled = true (custom)
2019-09-16 16:16:42,862 [pool-57-thread-1] INFO  server.RaftServerConfigKeys (ConfUtils.java:logGet(43)) - raft.server.snapshot.auto.trigger.threshold = 10000 (custom)
2019-09-16 16:16:42,862 [pool-47-thread-1] INFO  server.RaftServerConfigKeys (ConfUtils.java:logGet(43)) - raft.server.snapshot.auto.trigger.enabled = true (custom)
2019-09-16 16:16:42,862 [pool-57-thread-1] INFO  server.RaftServerConfigKeys (ConfUtils.java:logGet(43)) - raft.server.snapshot.retention.num.files = -1 (default)
2019-09-16 16:16:42,862 [pool-47-thread-1] INFO  server.RaftServerConfigKeys (ConfUtils.java:logGet(43)) - raft.server.snapshot.auto.trigger.threshold = 10000 (custom)
2019-09-16 16:16:42,862 [pool-57-thread-1] INFO  server.RaftServerConfigKeys (ConfUtils.java:logGet(43)) - raft.server.retrycache.expirytime = 600000ms (custom)
2019-09-16 16:16:42,863 [pool-47-thread-1] INFO  server.RaftServerConfigKeys (ConfUtils.java:logGet(43)) - raft.server.snapshot.retention.num.files = -1 (default)
2019-09-16 16:16:42,863 [pool-47-thread-1] INFO  server.RaftServerConfigKeys (ConfUtils.java:logGet(43)) - raft.server.retrycache.expirytime = 600000ms (custom)
2019-09-16 16:16:42,863 [pool-87-thread-1] INFO  impl.RaftServerImpl (RaftServerImpl.java:start(185)) - 8f6ed14e-9847-41b2-84b1-f48134b0885d@group-E0A55ED5C792: start as a follower, conf=-1: [6151a780-4ba7-403b-be5b-70f0763d4a32:192.168.34.47:39283, d3f833b2-527d-4ab6-a086-d6ad4a131c32:192.168.34.47:36523, 8f6ed14e-9847-41b2-84b1-f48134b0885d:192.168.34.47:40491], old=null
2019-09-16 16:16:42,863 [pool-87-thread-1] INFO  impl.RaftServerImpl (RaftServerImpl.java:setRole(174)) - 8f6ed14e-9847-41b2-84b1-f48134b0885d@group-E0A55ED5C792: changes role from      null to FOLLOWER at term 0 for startAsFollower
2019-09-16 16:16:42,863 [pool-87-thread-1] INFO  impl.RoleInfo (RoleInfo.java:updateAndGet(143)) - 8f6ed14e-9847-41b2-84b1-f48134b0885d: start FollowerState
2019-09-16 16:16:42,864 [pool-87-thread-1] INFO  util.JmxRegister (JmxRegister.java:tryRegister(44)) - Successfully registered JMX Bean with object name Ratis:service=RaftServer,group=group-E0A55ED5C792,id=8f6ed14e-9847-41b2-84b1-f48134b0885d
2019-09-16 16:16:42,865 [pool-57-thread-1] INFO  impl.RaftServerImpl (RaftServerImpl.java:start(185)) - 6151a780-4ba7-403b-be5b-70f0763d4a32@group-E0A55ED5C792: start as a follower, conf=-1: [6151a780-4ba7-403b-be5b-70f0763d4a32:192.168.34.47:39283, d3f833b2-527d-4ab6-a086-d6ad4a131c32:192.168.34.47:36523, 8f6ed14e-9847-41b2-84b1-f48134b0885d:192.168.34.47:40491], old=null
2019-09-16 16:16:42,865 [pool-57-thread-1] INFO  impl.RaftServerImpl (RaftServerImpl.java:setRole(174)) - 6151a780-4ba7-403b-be5b-70f0763d4a32@group-E0A55ED5C792: changes role from      null to FOLLOWER at term 0 for startAsFollower
2019-09-16 16:16:42,865 [pool-57-thread-1] INFO  impl.RoleInfo (RoleInfo.java:updateAndGet(143)) - 6151a780-4ba7-403b-be5b-70f0763d4a32: start FollowerState
2019-09-16 16:16:42,865 [pool-47-thread-1] INFO  impl.RaftServerImpl (RaftServerImpl.java:start(185)) - d3f833b2-527d-4ab6-a086-d6ad4a131c32@group-E0A55ED5C792: start as a follower, conf=-1: [6151a780-4ba7-403b-be5b-70f0763d4a32:192.168.34.47:39283, d3f833b2-527d-4ab6-a086-d6ad4a131c32:192.168.34.47:36523, 8f6ed14e-9847-41b2-84b1-f48134b0885d:192.168.34.47:40491], old=null
2019-09-16 16:16:42,865 [pool-57-thread-1] INFO  util.JmxRegister (JmxRegister.java:tryRegister(44)) - Successfully registered JMX Bean with object name Ratis:service=RaftServer,group=group-E0A55ED5C792,id=6151a780-4ba7-403b-be5b-70f0763d4a32
2019-09-16 16:16:42,865 [pool-47-thread-1] INFO  impl.RaftServerImpl (RaftServerImpl.java:setRole(174)) - d3f833b2-527d-4ab6-a086-d6ad4a131c32@group-E0A55ED5C792: changes role from      null to FOLLOWER at term 0 for startAsFollower
2019-09-16 16:16:42,865 [pool-47-thread-1] INFO  impl.RoleInfo (RoleInfo.java:updateAndGet(143)) - d3f833b2-527d-4ab6-a086-d6ad4a131c32: start FollowerState
2019-09-16 16:16:42,866 [pool-47-thread-1] INFO  util.JmxRegister (JmxRegister.java:tryRegister(44)) - Successfully registered JMX Bean with object name Ratis:service=RaftServer,group=group-E0A55ED5C792,id=d3f833b2-527d-4ab6-a086-d6ad4a131c32
2019-09-16 16:16:42,867 [RatisPipelineUtilsThread] INFO  pipeline.PipelineStateManager (PipelineStateManager.java:addPipeline(56)) - Created pipeline Pipeline[ Id: cf85cf34-beb7-4b49-9a59-e0a55ed5c792, Nodes: 8f6ed14e-9847-41b2-84b1-f48134b0885d{ip: 192.168.34.47, host: pr-hdds-2111-ptm9r-3382166736, networkLocation: /default-rack, certSerialId: null}6151a780-4ba7-403b-be5b-70f0763d4a32{ip: 192.168.34.47, host: pr-hdds-2111-ptm9r-3382166736, networkLocation: /default-rack, certSerialId: null}d3f833b2-527d-4ab6-a086-d6ad4a131c32{ip: 192.168.34.47, host: pr-hdds-2111-ptm9r-3382166736, networkLocation: /default-rack, certSerialId: null}, Type:RATIS, Factor:THREE, State:OPEN]
2019-09-16 16:16:42,884 [grpc-default-executor-1] INFO  client.GrpcClientProtocolClient (GrpcClientProtocolClient.java:onNext(264)) - client-2CD27A2BD368->8f6ed14e-9847-41b2-84b1-f48134b0885d: receive RaftClientReply:client-2CD27A2BD368->8f6ed14e-9847-41b2-84b1-f48134b0885d@group-E0A55ED5C792, cid=37, FAILED org.apache.ratis.protocol.NotLeaderException: Server 8f6ed14e-9847-41b2-84b1-f48134b0885d@group-E0A55ED5C792 is not the leader, logIndex=0, commits[8f6ed14e-9847-41b2-84b1-f48134b0885d:c-1]
2019-09-16 16:16:43,902 [grpc-default-executor-6] INFO  client.GrpcClientProtocolClient (GrpcClientProtocolClient.java:onNext(264)) - client-2CD27A2BD368->d3f833b2-527d-4ab6-a086-d6ad4a131c32: receive RaftClientReply:client-2CD27A2BD368->d3f833b2-527d-4ab6-a086-d6ad4a131c32@group-E0A55ED5C792, cid=37, FAILED org.apache.ratis.protocol.NotLeaderException: Server d3f833b2-527d-4ab6-a086-d6ad4a131c32@group-E0A55ED5C792 is not the leader, logIndex=0, commits[d3f833b2-527d-4ab6-a086-d6ad4a131c32:c-1]
2019-09-16 16:16:44,923 [grpc-default-executor-6] INFO  client.GrpcClientProtocolClient (GrpcClientProtocolClient.java:onNext(264)) - client-2CD27A2BD368->6151a780-4ba7-403b-be5b-70f0763d4a32: receive RaftClientReply:client-2CD27A2BD368->6151a780-4ba7-403b-be5b-70f0763d4a32@group-E0A55ED5C792, cid=37, FAILED org.apache.ratis.protocol.NotLeaderException: Server 6151a780-4ba7-403b-be5b-70f0763d4a32@group-E0A55ED5C792 is not the leader, logIndex=0, commits[6151a780-4ba7-403b-be5b-70f0763d4a32:c-1]
2019-09-16 16:16:45,298 [grpc-default-executor-6] INFO  impl.RaftServerProxy (RaftServerProxy.java:remove(95)) - 8f6ed14e-9847-41b2-84b1-f48134b0885d: remove group-9D5AAEACE39C:null
2019-09-16 16:16:45,307 [RatisPipelineUtilsThread] WARN  pipeline.RatisPipelineUtils (RatisPipelineUtils.java:destroyPipeline(66)) - Pipeline destroy failed for pipeline=PipelineID=66475b26-f7ec-4ee2-b1cf-9d5aaeace39c dn=8f6ed14e-9847-41b2-84b1-f48134b0885d{ip: 192.168.34.47, host: pr-hdds-2111-ptm9r-3382166736, networkLocation: /default-rack, certSerialId: null}
2019-09-16 16:16:45,311 [grpc-default-executor-6] INFO  impl.RaftServerProxy (RaftServerProxy.java:remove(95)) - 6151a780-4ba7-403b-be5b-70f0763d4a32: remove group-9D5AAEACE39C:null
2019-09-16 16:16:45,316 [RatisPipelineUtilsThread] WARN  pipeline.RatisPipelineUtils (RatisPipelineUtils.java:destroyPipeline(66)) - Pipeline destroy failed for pipeline=PipelineID=66475b26-f7ec-4ee2-b1cf-9d5aaeace39c dn=6151a780-4ba7-403b-be5b-70f0763d4a32{ip: 192.168.34.47, host: pr-hdds-2111-ptm9r-3382166736, networkLocation: /default-rack, certSerialId: null}
2019-09-16 16:16:45,319 [grpc-default-executor-6] INFO  impl.RaftServerProxy (RaftServerProxy.java:remove(95)) - d3f833b2-527d-4ab6-a086-d6ad4a131c32: remove group-9D5AAEACE39C:null
2019-09-16 16:16:45,324 [RatisPipelineUtilsThread] WARN  pipeline.RatisPipelineUtils (RatisPipelineUtils.java:destroyPipeline(66)) - Pipeline destroy failed for pipeline=PipelineID=66475b26-f7ec-4ee2-b1cf-9d5aaeace39c dn=d3f833b2-527d-4ab6-a086-d6ad4a131c32{ip: 192.168.34.47, host: pr-hdds-2111-ptm9r-3382166736, networkLocation: /default-rack, certSerialId: null}
2019-09-16 16:16:45,325 [RatisPipelineUtilsThread] ERROR pipeline.SCMPipelineManager (Scheduler.java:lambda$schedule$1(70)) - Destroy pipeline failed for pipeline:Pipeline[ Id: 66475b26-f7ec-4ee2-b1cf-9d5aaeace39c, Nodes: 8f6ed14e-9847-41b2-84b1-f48134b0885d{ip: 192.168.34.47, host: pr-hdds-2111-ptm9r-3382166736, networkLocation: /default-rack, certSerialId: null}6151a780-4ba7-403b-be5b-70f0763d4a32{ip: 192.168.34.47, host: pr-hdds-2111-ptm9r-3382166736, networkLocation: /default-rack, certSerialId: null}d3f833b2-527d-4ab6-a086-d6ad4a131c32{ip: 192.168.34.47, host: pr-hdds-2111-ptm9r-3382166736, networkLocation: /default-rack, certSerialId: null}, Type:RATIS, Factor:THREE, State:CLOSED]
org.apache.hadoop.hdds.scm.pipeline.PipelineNotFoundException: PipelineID=66475b26-f7ec-4ee2-b1cf-9d5aaeace39c not found
	at org.apache.hadoop.hdds.scm.pipeline.PipelineStateMap.getPipeline(PipelineStateMap.java:132)
	at org.apache.hadoop.hdds.scm.pipeline.PipelineStateMap.removePipeline(PipelineStateMap.java:322)
	at org.apache.hadoop.hdds.scm.pipeline.PipelineStateManager.removePipeline(PipelineStateManager.java:107)
	at org.apache.hadoop.hdds.scm.pipeline.SCMPipelineManager.removePipeline(SCMPipelineManager.java:423)
	at org.apache.hadoop.hdds.scm.pipeline.SCMPipelineManager.destroyPipeline(SCMPipelineManager.java:409)
	at org.apache.hadoop.hdds.scm.pipeline.SCMPipelineManager.lambda$finalizeAndDestroyPipeline$0(SCMPipelineManager.java:318)
	at org.apache.hadoop.utils.Scheduler.lambda$schedule$1(Scheduler.java:68)
	at java.util.concurrent.Executors$RunnableAdapter.call(Executors.java:511)
	at java.util.concurrent.FutureTask.run(FutureTask.java:266)
	at java.util.concurrent.ScheduledThreadPoolExecutor$ScheduledFutureTask.access$201(ScheduledThreadPoolExecutor.java:180)
	at java.util.concurrent.ScheduledThreadPoolExecutor$ScheduledFutureTask.run(ScheduledThreadPoolExecutor.java:293)
	at java.util.concurrent.ThreadPoolExecutor.runWorker(ThreadPoolExecutor.java:1149)
	at java.util.concurrent.ThreadPoolExecutor$Worker.run(ThreadPoolExecutor.java:624)
	at java.lang.Thread.run(Thread.java:748)
2019-09-16 16:16:45,939 [grpc-default-executor-6] INFO  client.GrpcClientProtocolClient (GrpcClientProtocolClient.java:onNext(264)) - client-2CD27A2BD368->8f6ed14e-9847-41b2-84b1-f48134b0885d: receive RaftClientReply:client-2CD27A2BD368->8f6ed14e-9847-41b2-84b1-f48134b0885d@group-E0A55ED5C792, cid=37, FAILED org.apache.ratis.protocol.NotLeaderException: Server 8f6ed14e-9847-41b2-84b1-f48134b0885d@group-E0A55ED5C792 is not the leader, logIndex=0, commits[8f6ed14e-9847-41b2-84b1-f48134b0885d:c-1]
2019-09-16 16:16:46,309 [grpc-default-executor-6] INFO  impl.RaftServerProxy (RaftServerProxy.java:remove(95)) - 8f6ed14e-9847-41b2-84b1-f48134b0885d: remove group-9D5AAEACE39C:null
2019-09-16 16:16:46,316 [RatisPipelineUtilsThread] WARN  pipeline.RatisPipelineUtils (RatisPipelineUtils.java:destroyPipeline(66)) - Pipeline destroy failed for pipeline=PipelineID=66475b26-f7ec-4ee2-b1cf-9d5aaeace39c dn=8f6ed14e-9847-41b2-84b1-f48134b0885d{ip: 192.168.34.47, host: pr-hdds-2111-ptm9r-3382166736, networkLocation: /default-rack, certSerialId: null}
2019-09-16 16:16:46,319 [grpc-default-executor-6] INFO  impl.RaftServerProxy (RaftServerProxy.java:remove(95)) - 6151a780-4ba7-403b-be5b-70f0763d4a32: remove group-9D5AAEACE39C:null
2019-09-16 16:16:46,325 [RatisPipelineUtilsThread] WARN  pipeline.RatisPipelineUtils (RatisPipelineUtils.java:destroyPipeline(66)) - Pipeline destroy failed for pipeline=PipelineID=66475b26-f7ec-4ee2-b1cf-9d5aaeace39c dn=6151a780-4ba7-403b-be5b-70f0763d4a32{ip: 192.168.34.47, host: pr-hdds-2111-ptm9r-3382166736, networkLocation: /default-rack, certSerialId: null}
2019-09-16 16:16:46,328 [grpc-default-executor-6] INFO  impl.RaftServerProxy (RaftServerProxy.java:remove(95)) - d3f833b2-527d-4ab6-a086-d6ad4a131c32: remove group-9D5AAEACE39C:null
2019-09-16 16:16:46,333 [RatisPipelineUtilsThread] WARN  pipeline.RatisPipelineUtils (RatisPipelineUtils.java:destroyPipeline(66)) - Pipeline destroy failed for pipeline=PipelineID=66475b26-f7ec-4ee2-b1cf-9d5aaeace39c dn=d3f833b2-527d-4ab6-a086-d6ad4a131c32{ip: 192.168.34.47, host: pr-hdds-2111-ptm9r-3382166736, networkLocation: /default-rack, certSerialId: null}
2019-09-16 16:16:46,333 [RatisPipelineUtilsThread] ERROR pipeline.SCMPipelineManager (Scheduler.java:lambda$schedule$1(70)) - Destroy pipeline failed for pipeline:Pipeline[ Id: 66475b26-f7ec-4ee2-b1cf-9d5aaeace39c, Nodes: 8f6ed14e-9847-41b2-84b1-f48134b0885d{ip: 192.168.34.47, host: pr-hdds-2111-ptm9r-3382166736, networkLocation: /default-rack, certSerialId: null}6151a780-4ba7-403b-be5b-70f0763d4a32{ip: 192.168.34.47, host: pr-hdds-2111-ptm9r-3382166736, networkLocation: /default-rack, certSerialId: null}d3f833b2-527d-4ab6-a086-d6ad4a131c32{ip: 192.168.34.47, host: pr-hdds-2111-ptm9r-3382166736, networkLocation: /default-rack, certSerialId: null}, Type:RATIS, Factor:THREE, State:CLOSED]
org.apache.hadoop.hdds.scm.pipeline.PipelineNotFoundException: PipelineID=66475b26-f7ec-4ee2-b1cf-9d5aaeace39c not found
	at org.apache.hadoop.hdds.scm.pipeline.PipelineStateMap.getPipeline(PipelineStateMap.java:132)
	at org.apache.hadoop.hdds.scm.pipeline.PipelineStateMap.removePipeline(PipelineStateMap.java:322)
	at org.apache.hadoop.hdds.scm.pipeline.PipelineStateManager.removePipeline(PipelineStateManager.java:107)
	at org.apache.hadoop.hdds.scm.pipeline.SCMPipelineManager.removePipeline(SCMPipelineManager.java:423)
	at org.apache.hadoop.hdds.scm.pipeline.SCMPipelineManager.destroyPipeline(SCMPipelineManager.java:409)
	at org.apache.hadoop.hdds.scm.pipeline.SCMPipelineManager.lambda$finalizeAndDestroyPipeline$0(SCMPipelineManager.java:318)
	at org.apache.hadoop.utils.Scheduler.lambda$schedule$1(Scheduler.java:68)
	at java.util.concurrent.Executors$RunnableAdapter.call(Executors.java:511)
	at java.util.concurrent.FutureTask.run(FutureTask.java:266)
	at java.util.concurrent.ScheduledThreadPoolExecutor$ScheduledFutureTask.access$201(ScheduledThreadPoolExecutor.java:180)
	at java.util.concurrent.ScheduledThreadPoolExecutor$ScheduledFutureTask.run(ScheduledThreadPoolExecutor.java:293)
	at java.util.concurrent.ThreadPoolExecutor.runWorker(ThreadPoolExecutor.java:1149)
	at java.util.concurrent.ThreadPoolExecutor$Worker.run(ThreadPoolExecutor.java:624)
	at java.lang.Thread.run(Thread.java:748)
2019-09-16 16:16:46,969 [grpc-default-executor-6] INFO  client.GrpcClientProtocolClient (GrpcClientProtocolClient.java:onNext(264)) - client-2CD27A2BD368->6151a780-4ba7-403b-be5b-70f0763d4a32: receive RaftClientReply:client-2CD27A2BD368->6151a780-4ba7-403b-be5b-70f0763d4a32@group-E0A55ED5C792, cid=37, FAILED org.apache.ratis.protocol.NotLeaderException: Server 6151a780-4ba7-403b-be5b-70f0763d4a32@group-E0A55ED5C792 is not the leader, logIndex=0, commits[6151a780-4ba7-403b-be5b-70f0763d4a32:c-1]
2019-09-16 16:16:47,931 [Thread-901] INFO  impl.FollowerState (FollowerState.java:run(106)) - d3f833b2-527d-4ab6-a086-d6ad4a131c32:group-E0A55ED5C792 changes to CANDIDATE, lastRpcTime:5065, electionTimeout:5065ms
2019-09-16 16:16:47,931 [Thread-901] INFO  impl.RoleInfo (RoleInfo.java:shutdownFollowerState(121)) - d3f833b2-527d-4ab6-a086-d6ad4a131c32: shutdown FollowerState
2019-09-16 16:16:47,931 [Thread-901] INFO  impl.RaftServerImpl (RaftServerImpl.java:setRole(174)) - d3f833b2-527d-4ab6-a086-d6ad4a131c32@group-E0A55ED5C792: changes role from  FOLLOWER to CANDIDATE at term 0 for changeToCandidate
2019-09-16 16:16:47,932 [Thread-901] INFO  impl.RoleInfo (RoleInfo.java:updateAndGet(143)) - d3f833b2-527d-4ab6-a086-d6ad4a131c32: start LeaderElection
2019-09-16 16:16:47,951 [d3f833b2-527d-4ab6-a086-d6ad4a131c32@group-E0A55ED5C792:LeaderElection15] INFO  impl.LeaderElection (LeaderElection.java:askForVotes(182)) - d3f833b2-527d-4ab6-a086-d6ad4a131c32@group-E0A55ED5C792:LeaderElection15: begin an election at term 1 for -1: [6151a780-4ba7-403b-be5b-70f0763d4a32:192.168.34.47:39283, d3f833b2-527d-4ab6-a086-d6ad4a131c32:192.168.34.47:36523, 8f6ed14e-9847-41b2-84b1-f48134b0885d:192.168.34.47:40491], old=null
2019-09-16 16:16:47,957 [grpc-default-executor-1] INFO  impl.RaftServerImpl (RaftServerImpl.java:setRole(174)) - 8f6ed14e-9847-41b2-84b1-f48134b0885d@group-E0A55ED5C792: changes role from  FOLLOWER to FOLLOWER at term 1 for recognizeCandidate:d3f833b2-527d-4ab6-a086-d6ad4a131c32
2019-09-16 16:16:47,957 [grpc-default-executor-6] INFO  impl.RaftServerImpl (RaftServerImpl.java:setRole(174)) - 6151a780-4ba7-403b-be5b-70f0763d4a32@group-E0A55ED5C792: changes role from  FOLLOWER to FOLLOWER at term 1 for recognizeCandidate:d3f833b2-527d-4ab6-a086-d6ad4a131c32
2019-09-16 16:16:47,957 [grpc-default-executor-1] INFO  impl.RoleInfo (RoleInfo.java:shutdownFollowerState(121)) - 8f6ed14e-9847-41b2-84b1-f48134b0885d: shutdown FollowerState
2019-09-16 16:16:47,958 [grpc-default-executor-6] INFO  impl.RoleInfo (RoleInfo.java:shutdownFollowerState(121)) - 6151a780-4ba7-403b-be5b-70f0763d4a32: shutdown FollowerState
2019-09-16 16:16:47,958 [Thread-898] INFO  impl.FollowerState (FollowerState.java:run(115)) - 8f6ed14e-9847-41b2-84b1-f48134b0885d: FollowerState was interrupted: java.lang.InterruptedException: sleep interrupted
2019-09-16 16:16:47,958 [grpc-default-executor-1] INFO  impl.RoleInfo (RoleInfo.java:updateAndGet(143)) - 8f6ed14e-9847-41b2-84b1-f48134b0885d: start FollowerState
2019-09-16 16:16:47,958 [grpc-default-executor-6] INFO  impl.RoleInfo (RoleInfo.java:updateAndGet(143)) - 6151a780-4ba7-403b-be5b-70f0763d4a32: start FollowerState
2019-09-16 16:16:47,960 [Thread-900] INFO  impl.FollowerState (FollowerState.java:run(115)) - 6151a780-4ba7-403b-be5b-70f0763d4a32: FollowerState was interrupted: java.lang.InterruptedException: sleep interrupted
2019-09-16 16:16:47,977 [d3f833b2-527d-4ab6-a086-d6ad4a131c32@group-E0A55ED5C792:LeaderElection15] INFO  impl.LeaderElection (LeaderElection.java:logAndReturn(56)) - d3f833b2-527d-4ab6-a086-d6ad4a131c32@group-E0A55ED5C792:LeaderElection15: Election PASSED; received 1 response(s) [d3f833b2-527d-4ab6-a086-d6ad4a131c32<-8f6ed14e-9847-41b2-84b1-f48134b0885d#0:OK-t1] and 0 exception(s); d3f833b2-527d-4ab6-a086-d6ad4a131c32@group-E0A55ED5C792:t1, leader=null, voted=d3f833b2-527d-4ab6-a086-d6ad4a131c32, raftlog=d3f833b2-527d-4ab6-a086-d6ad4a131c32@group-E0A55ED5C792-SegmentedRaftLog:OPENED:c-1,f-1,i0, conf=-1: [6151a780-4ba7-403b-be5b-70f0763d4a32:192.168.34.47:39283, d3f833b2-527d-4ab6-a086-d6ad4a131c32:192.168.34.47:36523, 8f6ed14e-9847-41b2-84b1-f48134b0885d:192.168.34.47:40491], old=null
2019-09-16 16:16:47,977 [d3f833b2-527d-4ab6-a086-d6ad4a131c32@group-E0A55ED5C792:LeaderElection15] INFO  impl.RoleInfo (RoleInfo.java:shutdownLeaderElection(134)) - d3f833b2-527d-4ab6-a086-d6ad4a131c32: shutdown LeaderElection
2019-09-16 16:16:47,977 [d3f833b2-527d-4ab6-a086-d6ad4a131c32@group-E0A55ED5C792:LeaderElection15] INFO  impl.RaftServerImpl (RaftServerImpl.java:setRole(174)) - d3f833b2-527d-4ab6-a086-d6ad4a131c32@group-E0A55ED5C792: changes role from CANDIDATE to LEADER at term 1 for changeToLeader
2019-09-16 16:16:47,978 [d3f833b2-527d-4ab6-a086-d6ad4a131c32@group-E0A55ED5C792:LeaderElection15] INFO  impl.RaftServerImpl (ServerState.java:setLeader(253)) - d3f833b2-527d-4ab6-a086-d6ad4a131c32@group-E0A55ED5C792: change Leader from null to d3f833b2-527d-4ab6-a086-d6ad4a131c32 at term 1 for becomeLeader, leader elected after 5125ms
2019-09-16 16:16:47,978 [d3f833b2-527d-4ab6-a086-d6ad4a131c32@group-E0A55ED5C792:LeaderElection15] INFO  server.RaftServerConfigKeys (ConfUtils.java:logGet(43)) - raft.server.staging.catchup.gap = 1000 (default)
2019-09-16 16:16:47,978 [d3f833b2-527d-4ab6-a086-d6ad4a131c32@group-E0A55ED5C792:LeaderElection15] INFO  server.RaftServerConfigKeys (ConfUtils.java:logGet(43)) - raft.server.rpc.sleep.time = 25ms (default)
2019-09-16 16:16:47,978 [d3f833b2-527d-4ab6-a086-d6ad4a131c32@group-E0A55ED5C792:LeaderElection15] INFO  server.RaftServerConfigKeys (ConfUtils.java:logGet(43)) - raft.server.write.element-limit = 4096 (default)
2019-09-16 16:16:47,978 [d3f833b2-527d-4ab6-a086-d6ad4a131c32@group-E0A55ED5C792:LeaderElection15] INFO  server.RaftServerConfigKeys (ConfUtils.java:logGet(43)) - raft.server.watch.timeout = 10s (default)
2019-09-16 16:16:47,978 [d3f833b2-527d-4ab6-a086-d6ad4a131c32@group-E0A55ED5C792:LeaderElection15] INFO  server.RaftServerConfigKeys (ConfUtils.java:logGet(43)) - raft.server.watch.timeout.denomination = 1s (default)
2019-09-16 16:16:47,979 [d3f833b2-527d-4ab6-a086-d6ad4a131c32@group-E0A55ED5C792:LeaderElection15] INFO  server.RaftServerConfigKeys (ConfUtils.java:logGet(43)) - raft.server.watch.element-limit = 65536 (default)
2019-09-16 16:16:47,981 [d3f833b2-527d-4ab6-a086-d6ad4a131c32@group-E0A55ED5C792:LeaderElection15] INFO  server.RaftServerConfigKeys (ConfUtils.java:logGet(43)) - raft.server.log.appender.snapshot.chunk.size.max = 16MB (=16777216) (default)
2019-09-16 16:16:47,982 [d3f833b2-527d-4ab6-a086-d6ad4a131c32@group-E0A55ED5C792:LeaderElection15] INFO  server.RaftServerConfigKeys (ConfUtils.java:logGet(43)) - raft.server.log.appender.buffer.byte-limit = 33554432 (custom)
2019-09-16 16:16:47,982 [d3f833b2-527d-4ab6-a086-d6ad4a131c32@group-E0A55ED5C792:LeaderElection15] INFO  server.RaftServerConfigKeys (ConfUtils.java:logGet(43)) - raft.server.log.appender.buffer.element-limit = 1 (custom)
2019-09-16 16:16:47,982 [d3f833b2-527d-4ab6-a086-d6ad4a131c32@group-E0A55ED5C792:LeaderElection15] INFO  grpc.GrpcConfigKeys$Server (ConfUtils.java:logGet(43)) - raft.grpc.server.leader.outstanding.appends.max = 128 (default)
2019-09-16 16:16:47,982 [d3f833b2-527d-4ab6-a086-d6ad4a131c32@group-E0A55ED5C792:LeaderElection15] INFO  server.RaftServerConfigKeys (ConfUtils.java:logGet(43)) - raft.server.rpc.request.timeout = 3000ms (default)
2019-09-16 16:16:47,982 [d3f833b2-527d-4ab6-a086-d6ad4a131c32@group-E0A55ED5C792:LeaderElection15] INFO  server.RaftServerConfigKeys (ConfUtils.java:logGet(43)) - raft.server.log.appender.install.snapshot.enabled = false (custom)
2019-09-16 16:16:47,983 [d3f833b2-527d-4ab6-a086-d6ad4a131c32@group-E0A55ED5C792:LeaderElection15] INFO  server.RaftServerConfigKeys (ConfUtils.java:logGet(43)) - raft.server.log.appender.snapshot.chunk.size.max = 16MB (=16777216) (default)
2019-09-16 16:16:47,985 [d3f833b2-527d-4ab6-a086-d6ad4a131c32@group-E0A55ED5C792:LeaderElection15] INFO  server.RaftServerConfigKeys (ConfUtils.java:logGet(43)) - raft.server.log.appender.buffer.byte-limit = 33554432 (custom)
2019-09-16 16:16:47,985 [d3f833b2-527d-4ab6-a086-d6ad4a131c32@group-E0A55ED5C792:LeaderElection15] INFO  server.RaftServerConfigKeys (ConfUtils.java:logGet(43)) - raft.server.log.appender.buffer.element-limit = 1 (custom)
2019-09-16 16:16:47,985 [d3f833b2-527d-4ab6-a086-d6ad4a131c32@group-E0A55ED5C792:LeaderElection15] INFO  grpc.GrpcConfigKeys$Server (ConfUtils.java:logGet(43)) - raft.grpc.server.leader.outstanding.appends.max = 128 (default)
2019-09-16 16:16:47,985 [d3f833b2-527d-4ab6-a086-d6ad4a131c32@group-E0A55ED5C792:LeaderElection15] INFO  server.RaftServerConfigKeys (ConfUtils.java:logGet(43)) - raft.server.rpc.request.timeout = 3000ms (default)
2019-09-16 16:16:47,985 [d3f833b2-527d-4ab6-a086-d6ad4a131c32@group-E0A55ED5C792:LeaderElection15] INFO  server.RaftServerConfigKeys (ConfUtils.java:logGet(43)) - raft.server.log.appender.install.snapshot.enabled = false (custom)
2019-09-16 16:16:47,986 [d3f833b2-527d-4ab6-a086-d6ad4a131c32@group-E0A55ED5C792:LeaderElection15] INFO  impl.RoleInfo (RoleInfo.java:updateAndGet(143)) - d3f833b2-527d-4ab6-a086-d6ad4a131c32: start LeaderState
2019-09-16 16:16:47,986 [d3f833b2-527d-4ab6-a086-d6ad4a131c32@group-E0A55ED5C792:LeaderElection15] INFO  segmented.SegmentedRaftLogWorker (SegmentedRaftLogWorker.java:startLogSegment(380)) - d3f833b2-527d-4ab6-a086-d6ad4a131c32@group-E0A55ED5C792-SegmentedRaftLogWorker: Starting segment from index:0
2019-09-16 16:16:47,987 [d3f833b2-527d-4ab6-a086-d6ad4a131c32@group-E0A55ED5C792:LeaderElection15] INFO  impl.RaftServerImpl (ServerState.java:setRaftConf(354)) - d3f833b2-527d-4ab6-a086-d6ad4a131c32@group-E0A55ED5C792: set configuration 0: [6151a780-4ba7-403b-be5b-70f0763d4a32:192.168.34.47:39283, d3f833b2-527d-4ab6-a086-d6ad4a131c32:192.168.34.47:36523, 8f6ed14e-9847-41b2-84b1-f48134b0885d:192.168.34.47:40491], old=null at 0
2019-09-16 16:16:47,989 [grpc-default-executor-6] INFO  impl.RaftServerImpl (ServerState.java:setLeader(253)) - 6151a780-4ba7-403b-be5b-70f0763d4a32@group-E0A55ED5C792: change Leader from null to d3f833b2-527d-4ab6-a086-d6ad4a131c32 at term 1 for appendEntries, leader elected after 5140ms
2019-09-16 16:16:47,990 [grpc-default-executor-1] INFO  impl.RaftServerImpl (ServerState.java:setLeader(253)) - 8f6ed14e-9847-41b2-84b1-f48134b0885d@group-E0A55ED5C792: change Leader from null to d3f833b2-527d-4ab6-a086-d6ad4a131c32 at term 1 for appendEntries, leader elected after 5141ms
2019-09-16 16:16:48,007 [grpc-default-executor-1] INFO  impl.RaftServerImpl (ServerState.java:setRaftConf(354)) - 6151a780-4ba7-403b-be5b-70f0763d4a32@group-E0A55ED5C792: set configuration 0: [6151a780-4ba7-403b-be5b-70f0763d4a32:192.168.34.47:39283, d3f833b2-527d-4ab6-a086-d6ad4a131c32:192.168.34.47:36523, 8f6ed14e-9847-41b2-84b1-f48134b0885d:192.168.34.47:40491], old=null at 0
2019-09-16 16:16:48,007 [grpc-default-executor-6] INFO  impl.RaftServerImpl (ServerState.java:setRaftConf(354)) - 8f6ed14e-9847-41b2-84b1-f48134b0885d@group-E0A55ED5C792: set configuration 0: [6151a780-4ba7-403b-be5b-70f0763d4a32:192.168.34.47:39283, d3f833b2-527d-4ab6-a086-d6ad4a131c32:192.168.34.47:36523, 8f6ed14e-9847-41b2-84b1-f48134b0885d:192.168.34.47:40491], old=null at 0
2019-09-16 16:16:48,007 [grpc-default-executor-1] INFO  segmented.SegmentedRaftLogWorker (SegmentedRaftLogWorker.java:startLogSegment(380)) - 6151a780-4ba7-403b-be5b-70f0763d4a32@group-E0A55ED5C792-SegmentedRaftLogWorker: Starting segment from index:0
2019-09-16 16:16:48,007 [grpc-default-executor-6] INFO  segmented.SegmentedRaftLogWorker (SegmentedRaftLogWorker.java:startLogSegment(380)) - 8f6ed14e-9847-41b2-84b1-f48134b0885d@group-E0A55ED5C792-SegmentedRaftLogWorker: Starting segment from index:0
2019-09-16 16:16:48,015 [d3f833b2-527d-4ab6-a086-d6ad4a131c32@group-E0A55ED5C792-SegmentedRaftLogWorker] INFO  segmented.SegmentedRaftLogWorker (SegmentedRaftLogWorker.java:execute(569)) - d3f833b2-527d-4ab6-a086-d6ad4a131c32@group-E0A55ED5C792-SegmentedRaftLogWorker: created new log segment /workdir/hadoop-ozone/integration-test/target/test-dir/MiniOzoneClusterImpl-cc742799-bdee-42f8-b2e8-35af38dfad60/datanode-2/data/ratis/cf85cf34-beb7-4b49-9a59-e0a55ed5c792/current/log_inprogress_0
2019-09-16 16:16:48,021 [grpc-default-executor-6] INFO  client.GrpcClientProtocolClient (GrpcClientProtocolClient.java:onNext(264)) - client-2CD27A2BD368->d3f833b2-527d-4ab6-a086-d6ad4a131c32: receive RaftClientReply:client-2CD27A2BD368->d3f833b2-527d-4ab6-a086-d6ad4a131c32@group-E0A55ED5C792, cid=37, FAILED org.apache.ratis.protocol.LeaderNotReadyException: d3f833b2-527d-4ab6-a086-d6ad4a131c32@group-E0A55ED5C792 is in LEADER state but not ready yet., logIndex=0, commits[d3f833b2-527d-4ab6-a086-d6ad4a131c32:c-1]
2019-09-16 16:16:48,028 [6151a780-4ba7-403b-be5b-70f0763d4a32@group-E0A55ED5C792-SegmentedRaftLogWorker] INFO  segmented.SegmentedRaftLogWorker (SegmentedRaftLogWorker.java:execute(569)) - 6151a780-4ba7-403b-be5b-70f0763d4a32@group-E0A55ED5C792-SegmentedRaftLogWorker: created new log segment /workdir/hadoop-ozone/integration-test/target/test-dir/MiniOzoneClusterImpl-cc742799-bdee-42f8-b2e8-35af38dfad60/datanode-3/data/ratis/cf85cf34-beb7-4b49-9a59-e0a55ed5c792/current/log_inprogress_0
2019-09-16 16:16:48,028 [8f6ed14e-9847-41b2-84b1-f48134b0885d@group-E0A55ED5C792-SegmentedRaftLogWorker] INFO  segmented.SegmentedRaftLogWorker (SegmentedRaftLogWorker.java:execute(569)) - 8f6ed14e-9847-41b2-84b1-f48134b0885d@group-E0A55ED5C792-SegmentedRaftLogWorker: created new log segment /workdir/hadoop-ozone/integration-test/target/test-dir/MiniOzoneClusterImpl-cc742799-bdee-42f8-b2e8-35af38dfad60/datanode-6/data/ratis/cf85cf34-beb7-4b49-9a59-e0a55ed5c792/current/log_inprogress_0
2019-09-16 16:16:48,310 [grpc-default-executor-6] INFO  impl.RaftServerProxy (RaftServerProxy.java:remove(95)) - 8f6ed14e-9847-41b2-84b1-f48134b0885d: remove group-9D5AAEACE39C:null
2019-09-16 16:16:48,317 [RatisPipelineUtilsThread] WARN  pipeline.RatisPipelineUtils (RatisPipelineUtils.java:destroyPipeline(66)) - Pipeline destroy failed for pipeline=PipelineID=66475b26-f7ec-4ee2-b1cf-9d5aaeace39c dn=8f6ed14e-9847-41b2-84b1-f48134b0885d{ip: 192.168.34.47, host: pr-hdds-2111-ptm9r-3382166736, networkLocation: /default-rack, certSerialId: null}
2019-09-16 16:16:48,320 [grpc-default-executor-6] INFO  impl.RaftServerProxy (RaftServerProxy.java:remove(95)) - 6151a780-4ba7-403b-be5b-70f0763d4a32: remove group-9D5AAEACE39C:null
2019-09-16 16:16:48,324 [RatisPipelineUtilsThread] WARN  pipeline.RatisPipelineUtils (RatisPipelineUtils.java:destroyPipeline(66)) - Pipeline destroy failed for pipeline=PipelineID=66475b26-f7ec-4ee2-b1cf-9d5aaeace39c dn=6151a780-4ba7-403b-be5b-70f0763d4a32{ip: 192.168.34.47, host: pr-hdds-2111-ptm9r-3382166736, networkLocation: /default-rack, certSerialId: null}
2019-09-16 16:16:48,327 [grpc-default-executor-6] INFO  impl.RaftServerProxy (RaftServerProxy.java:remove(95)) - d3f833b2-527d-4ab6-a086-d6ad4a131c32: remove group-9D5AAEACE39C:null
2019-09-16 16:16:48,331 [RatisPipelineUtilsThread] WARN  pipeline.RatisPipelineUtils (RatisPipelineUtils.java:destroyPipeline(66)) - Pipeline destroy failed for pipeline=PipelineID=66475b26-f7ec-4ee2-b1cf-9d5aaeace39c dn=d3f833b2-527d-4ab6-a086-d6ad4a131c32{ip: 192.168.34.47, host: pr-hdds-2111-ptm9r-3382166736, networkLocation: /default-rack, certSerialId: null}
2019-09-16 16:16:48,331 [RatisPipelineUtilsThread] ERROR pipeline.SCMPipelineManager (Scheduler.java:lambda$schedule$1(70)) - Destroy pipeline failed for pipeline:Pipeline[ Id: 66475b26-f7ec-4ee2-b1cf-9d5aaeace39c, Nodes: 8f6ed14e-9847-41b2-84b1-f48134b0885d{ip: 192.168.34.47, host: pr-hdds-2111-ptm9r-3382166736, networkLocation: /default-rack, certSerialId: null}6151a780-4ba7-403b-be5b-70f0763d4a32{ip: 192.168.34.47, host: pr-hdds-2111-ptm9r-3382166736, networkLocation: /default-rack, certSerialId: null}d3f833b2-527d-4ab6-a086-d6ad4a131c32{ip: 192.168.34.47, host: pr-hdds-2111-ptm9r-3382166736, networkLocation: /default-rack, certSerialId: null}, Type:RATIS, Factor:THREE, State:CLOSED]
org.apache.hadoop.hdds.scm.pipeline.PipelineNotFoundException: PipelineID=66475b26-f7ec-4ee2-b1cf-9d5aaeace39c not found
	at org.apache.hadoop.hdds.scm.pipeline.PipelineStateMap.getPipeline(PipelineStateMap.java:132)
	at org.apache.hadoop.hdds.scm.pipeline.PipelineStateMap.removePipeline(PipelineStateMap.java:322)
	at org.apache.hadoop.hdds.scm.pipeline.PipelineStateManager.removePipeline(PipelineStateManager.java:107)
	at org.apache.hadoop.hdds.scm.pipeline.SCMPipelineManager.removePipeline(SCMPipelineManager.java:423)
	at org.apache.hadoop.hdds.scm.pipeline.SCMPipelineManager.destroyPipeline(SCMPipelineManager.java:409)
	at org.apache.hadoop.hdds.scm.pipeline.SCMPipelineManager.lambda$finalizeAndDestroyPipeline$0(SCMPipelineManager.java:318)
	at org.apache.hadoop.utils.Scheduler.lambda$schedule$1(Scheduler.java:68)
	at java.util.concurrent.Executors$RunnableAdapter.call(Executors.java:511)
	at java.util.concurrent.FutureTask.run(FutureTask.java:266)
	at java.util.concurrent.ScheduledThreadPoolExecutor$ScheduledFutureTask.access$201(ScheduledThreadPoolExecutor.java:180)
	at java.util.concurrent.ScheduledThreadPoolExecutor$ScheduledFutureTask.run(ScheduledThreadPoolExecutor.java:293)
	at java.util.concurrent.ThreadPoolExecutor.runWorker(ThreadPoolExecutor.java:1149)
	at java.util.concurrent.ThreadPoolExecutor$Worker.run(ThreadPoolExecutor.java:624)
	at java.lang.Thread.run(Thread.java:748)
2019-09-16 16:16:50,158 [grpc-default-executor-1] INFO  client.GrpcClientProtocolClient (GrpcClientProtocolClient.java:onNext(264)) - client-2CD27A2BD368->d3f833b2-527d-4ab6-a086-d6ad4a131c32: receive RaftClientReply:client-2CD27A2BD368->d3f833b2-527d-4ab6-a086-d6ad4a131c32@group-E0A55ED5C792, cid=37, SUCCESS, logIndex=1, commits[d3f833b2-527d-4ab6-a086-d6ad4a131c32:c1, 6151a780-4ba7-403b-be5b-70f0763d4a32:c0, 8f6ed14e-9847-41b2-84b1-f48134b0885d:c0]
2019-09-16 16:16:50,177 [grpc-default-executor-5] INFO  client.GrpcClientProtocolClient (GrpcClientProtocolClient.java:onNext(264)) - client-2CD27A2BD368->d3f833b2-527d-4ab6-a086-d6ad4a131c32: receive RaftClientReply:client-2CD27A2BD368->d3f833b2-527d-4ab6-a086-d6ad4a131c32@group-E0A55ED5C792, cid=38, SUCCESS, logIndex=3, commits[d3f833b2-527d-4ab6-a086-d6ad4a131c32:c4, 6151a780-4ba7-403b-be5b-70f0763d4a32:c1, 8f6ed14e-9847-41b2-84b1-f48134b0885d:c1]
2019-09-16 16:16:50,200 [grpc-default-executor-1] INFO  client.GrpcClientProtocolClient (GrpcClientProtocolClient.java:onNext(264)) - client-2CD27A2BD368->d3f833b2-527d-4ab6-a086-d6ad4a131c32: receive RaftClientReply:client-2CD27A2BD368->d3f833b2-527d-4ab6-a086-d6ad4a131c32@group-E0A55ED5C792, cid=39, SUCCESS, logIndex=4, commits[d3f833b2-527d-4ab6-a086-d6ad4a131c32:c12, 6151a780-4ba7-403b-be5b-70f0763d4a32:c7, 8f6ed14e-9847-41b2-84b1-f48134b0885d:c7]
2019-09-16 16:16:50,200 [grpc-default-executor-1] INFO  client.GrpcClientProtocolClient (GrpcClientProtocolClient.java:onNext(264)) - client-2CD27A2BD368->d3f833b2-527d-4ab6-a086-d6ad4a131c32: receive RaftClientReply:client-2CD27A2BD368->d3f833b2-527d-4ab6-a086-d6ad4a131c32@group-E0A55ED5C792, cid=40, SUCCESS, logIndex=5, commits[d3f833b2-527d-4ab6-a086-d6ad4a131c32:c12, 6151a780-4ba7-403b-be5b-70f0763d4a32:c7, 8f6ed14e-9847-41b2-84b1-f48134b0885d:c7]
2019-09-16 16:16:50,201 [grpc-default-executor-1] INFO  client.GrpcClientProtocolClient (GrpcClientProtocolClient.java:onNext(264)) - client-2CD27A2BD368->d3f833b2-527d-4ab6-a086-d6ad4a131c32: receive RaftClientReply:client-2CD27A2BD368->d3f833b2-527d-4ab6-a086-d6ad4a131c32@group-E0A55ED5C792, cid=41, SUCCESS, logIndex=6, commits[d3f833b2-527d-4ab6-a086-d6ad4a131c32:c12, 6151a780-4ba7-403b-be5b-70f0763d4a32:c7, 8f6ed14e-9847-41b2-84b1-f48134b0885d:c7]
2019-09-16 16:16:50,266 [grpc-default-executor-1] INFO  client.GrpcClientProtocolClient (GrpcClientProtocolClient.java:onNext(264)) - client-2CD27A2BD368->d3f833b2-527d-4ab6-a086-d6ad4a131c32: receive RaftClientReply:client-2CD27A2BD368->d3f833b2-527d-4ab6-a086-d6ad4a131c32@group-E0A55ED5C792, cid=42, SUCCESS, logIndex=7, commits[d3f833b2-527d-4ab6-a086-d6ad4a131c32:c12, 6151a780-4ba7-403b-be5b-70f0763d4a32:c7, 8f6ed14e-9847-41b2-84b1-f48134b0885d:c7]
]]></system-out>
  </testcase>
  <testcase name="testBufferCaching" classname="org.apache.hadoop.ozone.client.rpc.TestBlockOutputStream" time="0.273"/>
  <testcase name="testWriteWithExceedingMaxBufferLimit" classname="org.apache.hadoop.ozone.client.rpc.TestBlockOutputStream" time="186.893">
    <failure message="expected:&lt;20&gt; but was:&lt;24&gt;" type="java.lang.AssertionError"><![CDATA[java.lang.AssertionError: expected:<20> but was:<24>
	at org.junit.Assert.fail(Assert.java:88)
	at org.junit.Assert.failNotEquals(Assert.java:743)
	at org.junit.Assert.assertEquals(Assert.java:118)
	at org.junit.Assert.assertEquals(Assert.java:555)
	at org.junit.Assert.assertEquals(Assert.java:542)
	at org.apache.hadoop.ozone.client.rpc.TestBlockOutputStream.testWriteWithExceedingMaxBufferLimit(TestBlockOutputStream.java:614)
	at sun.reflect.NativeMethodAccessorImpl.invoke0(Native Method)
	at sun.reflect.NativeMethodAccessorImpl.invoke(NativeMethodAccessorImpl.java:62)
	at sun.reflect.DelegatingMethodAccessorImpl.invoke(DelegatingMethodAccessorImpl.java:43)
	at java.lang.reflect.Method.invoke(Method.java:498)
	at org.junit.runners.model.FrameworkMethod$1.runReflectiveCall(FrameworkMethod.java:47)
	at org.junit.internal.runners.model.ReflectiveCallable.run(ReflectiveCallable.java:12)
	at org.junit.runners.model.FrameworkMethod.invokeExplosively(FrameworkMethod.java:44)
	at org.junit.internal.runners.statements.InvokeMethod.evaluate(InvokeMethod.java:17)
	at org.junit.runners.ParentRunner.runLeaf(ParentRunner.java:271)
	at org.junit.runners.BlockJUnit4ClassRunner.runChild(BlockJUnit4ClassRunner.java:70)
	at org.junit.runners.BlockJUnit4ClassRunner.runChild(BlockJUnit4ClassRunner.java:50)
	at org.junit.runners.ParentRunner$3.run(ParentRunner.java:238)
	at org.junit.runners.ParentRunner$1.schedule(ParentRunner.java:63)
	at org.junit.runners.ParentRunner.runChildren(ParentRunner.java:236)
	at org.junit.runners.ParentRunner.access$000(ParentRunner.java:53)
	at org.junit.runners.ParentRunner$2.evaluate(ParentRunner.java:229)
	at org.junit.internal.runners.statements.RunBefores.evaluate(RunBefores.java:26)
	at org.junit.internal.runners.statements.RunAfters.evaluate(RunAfters.java:27)
	at org.junit.runners.ParentRunner.run(ParentRunner.java:309)
	at org.apache.maven.surefire.junit4.JUnit4Provider.execute(JUnit4Provider.java:365)
	at org.apache.maven.surefire.junit4.JUnit4Provider.executeWithRerun(JUnit4Provider.java:273)
	at org.apache.maven.surefire.junit4.JUnit4Provider.executeTestSet(JUnit4Provider.java:238)
	at org.apache.maven.surefire.junit4.JUnit4Provider.invoke(JUnit4Provider.java:159)
	at org.apache.maven.surefire.booter.ForkedBooter.invokeProviderInSameClassLoader(ForkedBooter.java:384)
	at org.apache.maven.surefire.booter.ForkedBooter.runSuitesInProcess(ForkedBooter.java:345)
	at org.apache.maven.surefire.booter.ForkedBooter.execute(ForkedBooter.java:126)
	at org.apache.maven.surefire.booter.ForkedBooter.main(ForkedBooter.java:418)
]]></failure>
    <system-out><![CDATA[2019-09-16 16:16:51,310 [grpc-default-executor-5] INFO  impl.RaftServerProxy (RaftServerProxy.java:remove(95)) - 8f6ed14e-9847-41b2-84b1-f48134b0885d: remove group-9D5AAEACE39C:null
2019-09-16 16:16:51,317 [RatisPipelineUtilsThread] WARN  pipeline.RatisPipelineUtils (RatisPipelineUtils.java:destroyPipeline(66)) - Pipeline destroy failed for pipeline=PipelineID=66475b26-f7ec-4ee2-b1cf-9d5aaeace39c dn=8f6ed14e-9847-41b2-84b1-f48134b0885d{ip: 192.168.34.47, host: pr-hdds-2111-ptm9r-3382166736, networkLocation: /default-rack, certSerialId: null}
2019-09-16 16:16:51,320 [grpc-default-executor-5] INFO  impl.RaftServerProxy (RaftServerProxy.java:remove(95)) - 6151a780-4ba7-403b-be5b-70f0763d4a32: remove group-9D5AAEACE39C:null
2019-09-16 16:16:51,325 [RatisPipelineUtilsThread] WARN  pipeline.RatisPipelineUtils (RatisPipelineUtils.java:destroyPipeline(66)) - Pipeline destroy failed for pipeline=PipelineID=66475b26-f7ec-4ee2-b1cf-9d5aaeace39c dn=6151a780-4ba7-403b-be5b-70f0763d4a32{ip: 192.168.34.47, host: pr-hdds-2111-ptm9r-3382166736, networkLocation: /default-rack, certSerialId: null}
2019-09-16 16:16:51,328 [grpc-default-executor-5] INFO  impl.RaftServerProxy (RaftServerProxy.java:remove(95)) - d3f833b2-527d-4ab6-a086-d6ad4a131c32: remove group-9D5AAEACE39C:null
2019-09-16 16:16:51,333 [RatisPipelineUtilsThread] WARN  pipeline.RatisPipelineUtils (RatisPipelineUtils.java:destroyPipeline(66)) - Pipeline destroy failed for pipeline=PipelineID=66475b26-f7ec-4ee2-b1cf-9d5aaeace39c dn=d3f833b2-527d-4ab6-a086-d6ad4a131c32{ip: 192.168.34.47, host: pr-hdds-2111-ptm9r-3382166736, networkLocation: /default-rack, certSerialId: null}
2019-09-16 16:16:51,333 [RatisPipelineUtilsThread] ERROR pipeline.SCMPipelineManager (Scheduler.java:lambda$schedule$1(70)) - Destroy pipeline failed for pipeline:Pipeline[ Id: 66475b26-f7ec-4ee2-b1cf-9d5aaeace39c, Nodes: 8f6ed14e-9847-41b2-84b1-f48134b0885d{ip: 192.168.34.47, host: pr-hdds-2111-ptm9r-3382166736, networkLocation: /default-rack, certSerialId: null}6151a780-4ba7-403b-be5b-70f0763d4a32{ip: 192.168.34.47, host: pr-hdds-2111-ptm9r-3382166736, networkLocation: /default-rack, certSerialId: null}d3f833b2-527d-4ab6-a086-d6ad4a131c32{ip: 192.168.34.47, host: pr-hdds-2111-ptm9r-3382166736, networkLocation: /default-rack, certSerialId: null}, Type:RATIS, Factor:THREE, State:CLOSED]
org.apache.hadoop.hdds.scm.pipeline.PipelineNotFoundException: PipelineID=66475b26-f7ec-4ee2-b1cf-9d5aaeace39c not found
	at org.apache.hadoop.hdds.scm.pipeline.PipelineStateMap.getPipeline(PipelineStateMap.java:132)
	at org.apache.hadoop.hdds.scm.pipeline.PipelineStateMap.removePipeline(PipelineStateMap.java:322)
	at org.apache.hadoop.hdds.scm.pipeline.PipelineStateManager.removePipeline(PipelineStateManager.java:107)
	at org.apache.hadoop.hdds.scm.pipeline.SCMPipelineManager.removePipeline(SCMPipelineManager.java:423)
	at org.apache.hadoop.hdds.scm.pipeline.SCMPipelineManager.destroyPipeline(SCMPipelineManager.java:409)
	at org.apache.hadoop.hdds.scm.pipeline.SCMPipelineManager.lambda$finalizeAndDestroyPipeline$0(SCMPipelineManager.java:318)
	at org.apache.hadoop.utils.Scheduler.lambda$schedule$1(Scheduler.java:68)
	at java.util.concurrent.Executors$RunnableAdapter.call(Executors.java:511)
	at java.util.concurrent.FutureTask.run(FutureTask.java:266)
	at java.util.concurrent.ScheduledThreadPoolExecutor$ScheduledFutureTask.access$201(ScheduledThreadPoolExecutor.java:180)
	at java.util.concurrent.ScheduledThreadPoolExecutor$ScheduledFutureTask.run(ScheduledThreadPoolExecutor.java:293)
	at java.util.concurrent.ThreadPoolExecutor.runWorker(ThreadPoolExecutor.java:1149)
	at java.util.concurrent.ThreadPoolExecutor$Worker.run(ThreadPoolExecutor.java:624)
	at java.lang.Thread.run(Thread.java:748)
2019-09-16 16:16:53,310 [grpc-default-executor-5] INFO  impl.RaftServerProxy (RaftServerProxy.java:remove(95)) - 8f6ed14e-9847-41b2-84b1-f48134b0885d: remove group-9D5AAEACE39C:null
2019-09-16 16:16:53,317 [RatisPipelineUtilsThread] WARN  pipeline.RatisPipelineUtils (RatisPipelineUtils.java:destroyPipeline(66)) - Pipeline destroy failed for pipeline=PipelineID=66475b26-f7ec-4ee2-b1cf-9d5aaeace39c dn=8f6ed14e-9847-41b2-84b1-f48134b0885d{ip: 192.168.34.47, host: pr-hdds-2111-ptm9r-3382166736, networkLocation: /default-rack, certSerialId: null}
2019-09-16 16:16:53,321 [grpc-default-executor-5] INFO  impl.RaftServerProxy (RaftServerProxy.java:remove(95)) - 6151a780-4ba7-403b-be5b-70f0763d4a32: remove group-9D5AAEACE39C:null
2019-09-16 16:16:53,327 [RatisPipelineUtilsThread] WARN  pipeline.RatisPipelineUtils (RatisPipelineUtils.java:destroyPipeline(66)) - Pipeline destroy failed for pipeline=PipelineID=66475b26-f7ec-4ee2-b1cf-9d5aaeace39c dn=6151a780-4ba7-403b-be5b-70f0763d4a32{ip: 192.168.34.47, host: pr-hdds-2111-ptm9r-3382166736, networkLocation: /default-rack, certSerialId: null}
2019-09-16 16:16:53,330 [grpc-default-executor-5] INFO  impl.RaftServerProxy (RaftServerProxy.java:remove(95)) - d3f833b2-527d-4ab6-a086-d6ad4a131c32: remove group-9D5AAEACE39C:null
2019-09-16 16:16:53,335 [RatisPipelineUtilsThread] WARN  pipeline.RatisPipelineUtils (RatisPipelineUtils.java:destroyPipeline(66)) - Pipeline destroy failed for pipeline=PipelineID=66475b26-f7ec-4ee2-b1cf-9d5aaeace39c dn=d3f833b2-527d-4ab6-a086-d6ad4a131c32{ip: 192.168.34.47, host: pr-hdds-2111-ptm9r-3382166736, networkLocation: /default-rack, certSerialId: null}
2019-09-16 16:16:53,335 [RatisPipelineUtilsThread] ERROR pipeline.SCMPipelineManager (Scheduler.java:lambda$schedule$1(70)) - Destroy pipeline failed for pipeline:Pipeline[ Id: 66475b26-f7ec-4ee2-b1cf-9d5aaeace39c, Nodes: 8f6ed14e-9847-41b2-84b1-f48134b0885d{ip: 192.168.34.47, host: pr-hdds-2111-ptm9r-3382166736, networkLocation: /default-rack, certSerialId: null}6151a780-4ba7-403b-be5b-70f0763d4a32{ip: 192.168.34.47, host: pr-hdds-2111-ptm9r-3382166736, networkLocation: /default-rack, certSerialId: null}d3f833b2-527d-4ab6-a086-d6ad4a131c32{ip: 192.168.34.47, host: pr-hdds-2111-ptm9r-3382166736, networkLocation: /default-rack, certSerialId: null}, Type:RATIS, Factor:THREE, State:CLOSED]
org.apache.hadoop.hdds.scm.pipeline.PipelineNotFoundException: PipelineID=66475b26-f7ec-4ee2-b1cf-9d5aaeace39c not found
	at org.apache.hadoop.hdds.scm.pipeline.PipelineStateMap.getPipeline(PipelineStateMap.java:132)
	at org.apache.hadoop.hdds.scm.pipeline.PipelineStateMap.removePipeline(PipelineStateMap.java:322)
	at org.apache.hadoop.hdds.scm.pipeline.PipelineStateManager.removePipeline(PipelineStateManager.java:107)
	at org.apache.hadoop.hdds.scm.pipeline.SCMPipelineManager.removePipeline(SCMPipelineManager.java:423)
	at org.apache.hadoop.hdds.scm.pipeline.SCMPipelineManager.destroyPipeline(SCMPipelineManager.java:409)
	at org.apache.hadoop.hdds.scm.pipeline.SCMPipelineManager.lambda$finalizeAndDestroyPipeline$0(SCMPipelineManager.java:318)
	at org.apache.hadoop.utils.Scheduler.lambda$schedule$1(Scheduler.java:68)
	at java.util.concurrent.Executors$RunnableAdapter.call(Executors.java:511)
	at java.util.concurrent.FutureTask.run(FutureTask.java:266)
	at java.util.concurrent.ScheduledThreadPoolExecutor$ScheduledFutureTask.access$201(ScheduledThreadPoolExecutor.java:180)
	at java.util.concurrent.ScheduledThreadPoolExecutor$ScheduledFutureTask.run(ScheduledThreadPoolExecutor.java:293)
	at java.util.concurrent.ThreadPoolExecutor.runWorker(ThreadPoolExecutor.java:1149)
	at java.util.concurrent.ThreadPoolExecutor$Worker.run(ThreadPoolExecutor.java:624)
	at java.lang.Thread.run(Thread.java:748)
2019-09-16 16:16:53,571 [java.util.concurrent.ThreadPoolExecutor$Worker@576cfcf[State = -1, empty queue]] WARN  server.GrpcLogAppender (GrpcLogAppender.java:timeoutAppendRequest(200)) - d3f833b2-527d-4ab6-a086-d6ad4a131c32@group-E0A55ED5C792->8f6ed14e-9847-41b2-84b1-f48134b0885d-GrpcLogAppender: appendEntries Timeout, request=d3f833b2-527d-4ab6-a086-d6ad4a131c32->8f6ed14e-9847-41b2-84b1-f48134b0885d#18-t1, previous=(t:1, i:16), leaderCommit=16, initializing? false, entries: size=1, first=(t:1, i:17), STATEMACHINELOGENTRY, client-2CD27A2BD368, cid=54
2019-09-16 16:16:53,572 [java.util.concurrent.ThreadPoolExecutor$Worker@22ff49d0[State = -1, empty queue]] WARN  server.GrpcLogAppender (GrpcLogAppender.java:timeoutAppendRequest(200)) - d3f833b2-527d-4ab6-a086-d6ad4a131c32@group-E0A55ED5C792->6151a780-4ba7-403b-be5b-70f0763d4a32-GrpcLogAppender: appendEntries Timeout, request=d3f833b2-527d-4ab6-a086-d6ad4a131c32->6151a780-4ba7-403b-be5b-70f0763d4a32#18-t1, previous=(t:1, i:16), leaderCommit=16, initializing? false, entries: size=1, first=(t:1, i:17), STATEMACHINELOGENTRY, client-2CD27A2BD368, cid=54
2019-09-16 16:16:53,572 [java.util.concurrent.ThreadPoolExecutor$Worker@576cfcf[State = -1, empty queue]] WARN  server.GrpcLogAppender (GrpcLogAppender.java:timeoutAppendRequest(200)) - d3f833b2-527d-4ab6-a086-d6ad4a131c32@group-E0A55ED5C792->8f6ed14e-9847-41b2-84b1-f48134b0885d-GrpcLogAppender: appendEntries Timeout, request=d3f833b2-527d-4ab6-a086-d6ad4a131c32->8f6ed14e-9847-41b2-84b1-f48134b0885d#19-t1, previous=(t:1, i:17), leaderCommit=16, initializing? false, entries: size=1, first=(t:1, i:18), STATEMACHINELOGENTRY, client-2CD27A2BD368, cid=55
2019-09-16 16:16:53,573 [java.util.concurrent.ThreadPoolExecutor$Worker@576cfcf[State = -1, empty queue]] WARN  server.GrpcLogAppender (GrpcLogAppender.java:timeoutAppendRequest(200)) - d3f833b2-527d-4ab6-a086-d6ad4a131c32@group-E0A55ED5C792->8f6ed14e-9847-41b2-84b1-f48134b0885d-GrpcLogAppender: appendEntries Timeout, request=d3f833b2-527d-4ab6-a086-d6ad4a131c32->8f6ed14e-9847-41b2-84b1-f48134b0885d#20-t1, previous=(t:1, i:18), leaderCommit=16, initializing? false, entries: size=1, first=(t:1, i:19), STATEMACHINELOGENTRY, client-2CD27A2BD368, cid=56
2019-09-16 16:16:53,573 [java.util.concurrent.ThreadPoolExecutor$Worker@22ff49d0[State = -1, empty queue]] WARN  server.GrpcLogAppender (GrpcLogAppender.java:timeoutAppendRequest(200)) - d3f833b2-527d-4ab6-a086-d6ad4a131c32@group-E0A55ED5C792->6151a780-4ba7-403b-be5b-70f0763d4a32-GrpcLogAppender: appendEntries Timeout, request=d3f833b2-527d-4ab6-a086-d6ad4a131c32->6151a780-4ba7-403b-be5b-70f0763d4a32#19-t1, previous=(t:1, i:17), leaderCommit=16, initializing? false, entries: size=1, first=(t:1, i:18), STATEMACHINELOGENTRY, client-2CD27A2BD368, cid=55
2019-09-16 16:16:53,573 [java.util.concurrent.ThreadPoolExecutor$Worker@22ff49d0[State = -1, empty queue]] WARN  server.GrpcLogAppender (GrpcLogAppender.java:timeoutAppendRequest(200)) - d3f833b2-527d-4ab6-a086-d6ad4a131c32@group-E0A55ED5C792->6151a780-4ba7-403b-be5b-70f0763d4a32-GrpcLogAppender: appendEntries Timeout, request=d3f833b2-527d-4ab6-a086-d6ad4a131c32->6151a780-4ba7-403b-be5b-70f0763d4a32#20-t1, previous=(t:1, i:18), leaderCommit=16, initializing? false, entries: size=1, first=(t:1, i:19), STATEMACHINELOGENTRY, client-2CD27A2BD368, cid=56
2019-09-16 16:16:53,575 [java.util.concurrent.ThreadPoolExecutor$Worker@576cfcf[State = -1, empty queue]] WARN  server.GrpcLogAppender (GrpcLogAppender.java:timeoutAppendRequest(200)) - d3f833b2-527d-4ab6-a086-d6ad4a131c32@group-E0A55ED5C792->8f6ed14e-9847-41b2-84b1-f48134b0885d-GrpcLogAppender: appendEntries Timeout, request=d3f833b2-527d-4ab6-a086-d6ad4a131c32->8f6ed14e-9847-41b2-84b1-f48134b0885d#21-t1, previous=(t:1, i:19), leaderCommit=16, initializing? false, entries: size=1, first=(t:1, i:20), STATEMACHINELOGENTRY, client-2CD27A2BD368, cid=57
2019-09-16 16:16:53,575 [java.util.concurrent.ThreadPoolExecutor$Worker@22ff49d0[State = -1, empty queue]] WARN  server.GrpcLogAppender (GrpcLogAppender.java:timeoutAppendRequest(200)) - d3f833b2-527d-4ab6-a086-d6ad4a131c32@group-E0A55ED5C792->6151a780-4ba7-403b-be5b-70f0763d4a32-GrpcLogAppender: appendEntries Timeout, request=d3f833b2-527d-4ab6-a086-d6ad4a131c32->6151a780-4ba7-403b-be5b-70f0763d4a32#21-t1, previous=(t:1, i:19), leaderCommit=16, initializing? false, entries: size=1, first=(t:1, i:20), STATEMACHINELOGENTRY, client-2CD27A2BD368, cid=57
2019-09-16 16:16:53,575 [java.util.concurrent.ThreadPoolExecutor$Worker@22ff49d0[State = -1, empty queue]] WARN  server.GrpcLogAppender (GrpcLogAppender.java:timeoutAppendRequest(200)) - d3f833b2-527d-4ab6-a086-d6ad4a131c32@group-E0A55ED5C792->6151a780-4ba7-403b-be5b-70f0763d4a32-GrpcLogAppender: appendEntries Timeout, request=d3f833b2-527d-4ab6-a086-d6ad4a131c32->6151a780-4ba7-403b-be5b-70f0763d4a32#22-t1, previous=(t:1, i:20), leaderCommit=16, initializing? false, entries: size=1, first=(t:1, i:21), STATEMACHINELOGENTRY, client-2CD27A2BD368, cid=58
2019-09-16 16:16:53,576 [java.util.concurrent.ThreadPoolExecutor$Worker@22ff49d0[State = -1, empty queue]] WARN  server.GrpcLogAppender (GrpcLogAppender.java:timeoutAppendRequest(200)) - d3f833b2-527d-4ab6-a086-d6ad4a131c32@group-E0A55ED5C792->6151a780-4ba7-403b-be5b-70f0763d4a32-GrpcLogAppender: appendEntries Timeout, request=d3f833b2-527d-4ab6-a086-d6ad4a131c32->6151a780-4ba7-403b-be5b-70f0763d4a32#23-t1, previous=(t:1, i:21), leaderCommit=16, initializing? false, entries: size=1, first=(t:1, i:22), STATEMACHINELOGENTRY, client-2CD27A2BD368, cid=59
2019-09-16 16:16:53,576 [java.util.concurrent.ThreadPoolExecutor$Worker@576cfcf[State = -1, empty queue]] WARN  server.GrpcLogAppender (GrpcLogAppender.java:timeoutAppendRequest(200)) - d3f833b2-527d-4ab6-a086-d6ad4a131c32@group-E0A55ED5C792->8f6ed14e-9847-41b2-84b1-f48134b0885d-GrpcLogAppender: appendEntries Timeout, request=d3f833b2-527d-4ab6-a086-d6ad4a131c32->8f6ed14e-9847-41b2-84b1-f48134b0885d#22-t1, previous=(t:1, i:20), leaderCommit=16, initializing? false, entries: size=1, first=(t:1, i:21), STATEMACHINELOGENTRY, client-2CD27A2BD368, cid=58
2019-09-16 16:16:53,576 [java.util.concurrent.ThreadPoolExecutor$Worker@576cfcf[State = -1, empty queue]] WARN  server.GrpcLogAppender (GrpcLogAppender.java:timeoutAppendRequest(200)) - d3f833b2-527d-4ab6-a086-d6ad4a131c32@group-E0A55ED5C792->8f6ed14e-9847-41b2-84b1-f48134b0885d-GrpcLogAppender: appendEntries Timeout, request=d3f833b2-527d-4ab6-a086-d6ad4a131c32->8f6ed14e-9847-41b2-84b1-f48134b0885d#23-t1, previous=(t:1, i:21), leaderCommit=16, initializing? false, entries: size=1, first=(t:1, i:22), STATEMACHINELOGENTRY, client-2CD27A2BD368, cid=59
2019-09-16 16:16:55,586 [grpc-default-executor-6] INFO  client.GrpcClientProtocolClient (GrpcClientProtocolClient.java:onNext(264)) - client-2CD27A2BD368->8f6ed14e-9847-41b2-84b1-f48134b0885d: receive RaftClientReply:client-2CD27A2BD368->8f6ed14e-9847-41b2-84b1-f48134b0885d@group-E0A55ED5C792, cid=54, FAILED org.apache.ratis.protocol.NotLeaderException: Server 8f6ed14e-9847-41b2-84b1-f48134b0885d@group-E0A55ED5C792 is not the leader d3f833b2-527d-4ab6-a086-d6ad4a131c32:192.168.34.47:36523, logIndex=0, commits[8f6ed14e-9847-41b2-84b1-f48134b0885d:c16, 6151a780-4ba7-403b-be5b-70f0763d4a32:c14, d3f833b2-527d-4ab6-a086-d6ad4a131c32:c16]
2019-09-16 16:16:56,077 [java.util.concurrent.ThreadPoolExecutor$Worker@576cfcf[State = -1, empty queue]] WARN  server.GrpcLogAppender (GrpcLogAppender.java:timeoutAppendRequest(200)) - d3f833b2-527d-4ab6-a086-d6ad4a131c32@group-E0A55ED5C792->8f6ed14e-9847-41b2-84b1-f48134b0885d-GrpcLogAppender: appendEntries Timeout, request=d3f833b2-527d-4ab6-a086-d6ad4a131c32->8f6ed14e-9847-41b2-84b1-f48134b0885d#24-t1, previous=(t:1, i:22), leaderCommit=16, initializing? false, entries: <empty>
2019-09-16 16:16:56,077 [java.util.concurrent.ThreadPoolExecutor$Worker@22ff49d0[State = -1, empty queue]] WARN  server.GrpcLogAppender (GrpcLogAppender.java:timeoutAppendRequest(200)) - d3f833b2-527d-4ab6-a086-d6ad4a131c32@group-E0A55ED5C792->6151a780-4ba7-403b-be5b-70f0763d4a32-GrpcLogAppender: appendEntries Timeout, request=d3f833b2-527d-4ab6-a086-d6ad4a131c32->6151a780-4ba7-403b-be5b-70f0763d4a32#24-t1, previous=(t:1, i:22), leaderCommit=16, initializing? false, entries: <empty>
2019-09-16 16:16:56,312 [grpc-default-executor-5] INFO  impl.RaftServerProxy (RaftServerProxy.java:remove(95)) - 8f6ed14e-9847-41b2-84b1-f48134b0885d: remove group-9D5AAEACE39C:null
2019-09-16 16:16:56,319 [RatisPipelineUtilsThread] WARN  pipeline.RatisPipelineUtils (RatisPipelineUtils.java:destroyPipeline(66)) - Pipeline destroy failed for pipeline=PipelineID=66475b26-f7ec-4ee2-b1cf-9d5aaeace39c dn=8f6ed14e-9847-41b2-84b1-f48134b0885d{ip: 192.168.34.47, host: pr-hdds-2111-ptm9r-3382166736, networkLocation: /default-rack, certSerialId: null}
2019-09-16 16:16:56,322 [grpc-default-executor-5] INFO  impl.RaftServerProxy (RaftServerProxy.java:remove(95)) - 6151a780-4ba7-403b-be5b-70f0763d4a32: remove group-9D5AAEACE39C:null
2019-09-16 16:16:56,340 [RatisPipelineUtilsThread] WARN  pipeline.RatisPipelineUtils (RatisPipelineUtils.java:destroyPipeline(66)) - Pipeline destroy failed for pipeline=PipelineID=66475b26-f7ec-4ee2-b1cf-9d5aaeace39c dn=6151a780-4ba7-403b-be5b-70f0763d4a32{ip: 192.168.34.47, host: pr-hdds-2111-ptm9r-3382166736, networkLocation: /default-rack, certSerialId: null}
2019-09-16 16:16:56,343 [grpc-default-executor-5] INFO  impl.RaftServerProxy (RaftServerProxy.java:remove(95)) - d3f833b2-527d-4ab6-a086-d6ad4a131c32: remove group-9D5AAEACE39C:null
2019-09-16 16:16:56,349 [RatisPipelineUtilsThread] WARN  pipeline.RatisPipelineUtils (RatisPipelineUtils.java:destroyPipeline(66)) - Pipeline destroy failed for pipeline=PipelineID=66475b26-f7ec-4ee2-b1cf-9d5aaeace39c dn=d3f833b2-527d-4ab6-a086-d6ad4a131c32{ip: 192.168.34.47, host: pr-hdds-2111-ptm9r-3382166736, networkLocation: /default-rack, certSerialId: null}
2019-09-16 16:16:56,349 [RatisPipelineUtilsThread] ERROR pipeline.SCMPipelineManager (Scheduler.java:lambda$schedule$1(70)) - Destroy pipeline failed for pipeline:Pipeline[ Id: 66475b26-f7ec-4ee2-b1cf-9d5aaeace39c, Nodes: 8f6ed14e-9847-41b2-84b1-f48134b0885d{ip: 192.168.34.47, host: pr-hdds-2111-ptm9r-3382166736, networkLocation: /default-rack, certSerialId: null}6151a780-4ba7-403b-be5b-70f0763d4a32{ip: 192.168.34.47, host: pr-hdds-2111-ptm9r-3382166736, networkLocation: /default-rack, certSerialId: null}d3f833b2-527d-4ab6-a086-d6ad4a131c32{ip: 192.168.34.47, host: pr-hdds-2111-ptm9r-3382166736, networkLocation: /default-rack, certSerialId: null}, Type:RATIS, Factor:THREE, State:CLOSED]
org.apache.hadoop.hdds.scm.pipeline.PipelineNotFoundException: PipelineID=66475b26-f7ec-4ee2-b1cf-9d5aaeace39c not found
	at org.apache.hadoop.hdds.scm.pipeline.PipelineStateMap.getPipeline(PipelineStateMap.java:132)
	at org.apache.hadoop.hdds.scm.pipeline.PipelineStateMap.removePipeline(PipelineStateMap.java:322)
	at org.apache.hadoop.hdds.scm.pipeline.PipelineStateManager.removePipeline(PipelineStateManager.java:107)
	at org.apache.hadoop.hdds.scm.pipeline.SCMPipelineManager.removePipeline(SCMPipelineManager.java:423)
	at org.apache.hadoop.hdds.scm.pipeline.SCMPipelineManager.destroyPipeline(SCMPipelineManager.java:409)
	at org.apache.hadoop.hdds.scm.pipeline.SCMPipelineManager.lambda$finalizeAndDestroyPipeline$0(SCMPipelineManager.java:318)
	at org.apache.hadoop.utils.Scheduler.lambda$schedule$1(Scheduler.java:68)
	at java.util.concurrent.Executors$RunnableAdapter.call(Executors.java:511)
	at java.util.concurrent.FutureTask.run(FutureTask.java:266)
	at java.util.concurrent.ScheduledThreadPoolExecutor$ScheduledFutureTask.access$201(ScheduledThreadPoolExecutor.java:180)
	at java.util.concurrent.ScheduledThreadPoolExecutor$ScheduledFutureTask.run(ScheduledThreadPoolExecutor.java:293)
	at java.util.concurrent.ThreadPoolExecutor.runWorker(ThreadPoolExecutor.java:1149)
	at java.util.concurrent.ThreadPoolExecutor$Worker.run(ThreadPoolExecutor.java:624)
	at java.lang.Thread.run(Thread.java:748)
2019-09-16 16:16:58,313 [grpc-default-executor-5] INFO  impl.RaftServerProxy (RaftServerProxy.java:remove(95)) - 8f6ed14e-9847-41b2-84b1-f48134b0885d: remove group-9D5AAEACE39C:null
2019-09-16 16:16:58,322 [RatisPipelineUtilsThread] WARN  pipeline.RatisPipelineUtils (RatisPipelineUtils.java:destroyPipeline(66)) - Pipeline destroy failed for pipeline=PipelineID=66475b26-f7ec-4ee2-b1cf-9d5aaeace39c dn=8f6ed14e-9847-41b2-84b1-f48134b0885d{ip: 192.168.34.47, host: pr-hdds-2111-ptm9r-3382166736, networkLocation: /default-rack, certSerialId: null}
2019-09-16 16:16:58,326 [grpc-default-executor-5] INFO  impl.RaftServerProxy (RaftServerProxy.java:remove(95)) - 6151a780-4ba7-403b-be5b-70f0763d4a32: remove group-9D5AAEACE39C:null
2019-09-16 16:16:58,331 [RatisPipelineUtilsThread] WARN  pipeline.RatisPipelineUtils (RatisPipelineUtils.java:destroyPipeline(66)) - Pipeline destroy failed for pipeline=PipelineID=66475b26-f7ec-4ee2-b1cf-9d5aaeace39c dn=6151a780-4ba7-403b-be5b-70f0763d4a32{ip: 192.168.34.47, host: pr-hdds-2111-ptm9r-3382166736, networkLocation: /default-rack, certSerialId: null}
2019-09-16 16:16:58,334 [grpc-default-executor-5] INFO  impl.RaftServerProxy (RaftServerProxy.java:remove(95)) - d3f833b2-527d-4ab6-a086-d6ad4a131c32: remove group-9D5AAEACE39C:null
2019-09-16 16:16:58,339 [RatisPipelineUtilsThread] WARN  pipeline.RatisPipelineUtils (RatisPipelineUtils.java:destroyPipeline(66)) - Pipeline destroy failed for pipeline=PipelineID=66475b26-f7ec-4ee2-b1cf-9d5aaeace39c dn=d3f833b2-527d-4ab6-a086-d6ad4a131c32{ip: 192.168.34.47, host: pr-hdds-2111-ptm9r-3382166736, networkLocation: /default-rack, certSerialId: null}
2019-09-16 16:16:58,340 [RatisPipelineUtilsThread] ERROR pipeline.SCMPipelineManager (Scheduler.java:lambda$schedule$1(70)) - Destroy pipeline failed for pipeline:Pipeline[ Id: 66475b26-f7ec-4ee2-b1cf-9d5aaeace39c, Nodes: 8f6ed14e-9847-41b2-84b1-f48134b0885d{ip: 192.168.34.47, host: pr-hdds-2111-ptm9r-3382166736, networkLocation: /default-rack, certSerialId: null}6151a780-4ba7-403b-be5b-70f0763d4a32{ip: 192.168.34.47, host: pr-hdds-2111-ptm9r-3382166736, networkLocation: /default-rack, certSerialId: null}d3f833b2-527d-4ab6-a086-d6ad4a131c32{ip: 192.168.34.47, host: pr-hdds-2111-ptm9r-3382166736, networkLocation: /default-rack, certSerialId: null}, Type:RATIS, Factor:THREE, State:CLOSED]
org.apache.hadoop.hdds.scm.pipeline.PipelineNotFoundException: PipelineID=66475b26-f7ec-4ee2-b1cf-9d5aaeace39c not found
	at org.apache.hadoop.hdds.scm.pipeline.PipelineStateMap.getPipeline(PipelineStateMap.java:132)
	at org.apache.hadoop.hdds.scm.pipeline.PipelineStateMap.removePipeline(PipelineStateMap.java:322)
	at org.apache.hadoop.hdds.scm.pipeline.PipelineStateManager.removePipeline(PipelineStateManager.java:107)
	at org.apache.hadoop.hdds.scm.pipeline.SCMPipelineManager.removePipeline(SCMPipelineManager.java:423)
	at org.apache.hadoop.hdds.scm.pipeline.SCMPipelineManager.destroyPipeline(SCMPipelineManager.java:409)
	at org.apache.hadoop.hdds.scm.pipeline.SCMPipelineManager.lambda$finalizeAndDestroyPipeline$0(SCMPipelineManager.java:318)
	at org.apache.hadoop.utils.Scheduler.lambda$schedule$1(Scheduler.java:68)
	at java.util.concurrent.Executors$RunnableAdapter.call(Executors.java:511)
	at java.util.concurrent.FutureTask.run(FutureTask.java:266)
	at java.util.concurrent.ScheduledThreadPoolExecutor$ScheduledFutureTask.access$201(ScheduledThreadPoolExecutor.java:180)
	at java.util.concurrent.ScheduledThreadPoolExecutor$ScheduledFutureTask.run(ScheduledThreadPoolExecutor.java:293)
	at java.util.concurrent.ThreadPoolExecutor.runWorker(ThreadPoolExecutor.java:1149)
	at java.util.concurrent.ThreadPoolExecutor$Worker.run(ThreadPoolExecutor.java:624)
	at java.lang.Thread.run(Thread.java:748)
2019-09-16 16:16:58,577 [java.util.concurrent.ThreadPoolExecutor$Worker@22ff49d0[State = -1, empty queue]] WARN  server.GrpcLogAppender (GrpcLogAppender.java:timeoutAppendRequest(200)) - d3f833b2-527d-4ab6-a086-d6ad4a131c32@group-E0A55ED5C792->6151a780-4ba7-403b-be5b-70f0763d4a32-GrpcLogAppender: appendEntries Timeout, request=d3f833b2-527d-4ab6-a086-d6ad4a131c32->6151a780-4ba7-403b-be5b-70f0763d4a32#25-t1, previous=(t:1, i:22), leaderCommit=16, initializing? false, entries: <empty>
2019-09-16 16:16:58,577 [java.util.concurrent.ThreadPoolExecutor$Worker@576cfcf[State = -1, empty queue]] WARN  server.GrpcLogAppender (GrpcLogAppender.java:timeoutAppendRequest(200)) - d3f833b2-527d-4ab6-a086-d6ad4a131c32@group-E0A55ED5C792->8f6ed14e-9847-41b2-84b1-f48134b0885d-GrpcLogAppender: appendEntries Timeout, request=d3f833b2-527d-4ab6-a086-d6ad4a131c32->8f6ed14e-9847-41b2-84b1-f48134b0885d#25-t1, previous=(t:1, i:22), leaderCommit=16, initializing? false, entries: <empty>
2019-09-16 16:17:00,571 [d3f833b2-527d-4ab6-a086-d6ad4a131c32@group-E0A55ED5C792-SegmentedRaftLogWorker] WARN  segmented.SegmentedRaftLogWorker (SegmentedRaftLogWorker.java:getFromFuture(90)) - Timeout 0/~
org.apache.ratis.protocol.TimeoutIOException: Timeout 10s: WriteLog:17: (t:1, i:17), STATEMACHINELOGENTRY, client-2CD27A2BD368, cid=54-writeStateMachineData
	at org.apache.ratis.util.IOUtils.getFromFuture(IOUtils.java:87)
	at org.apache.ratis.server.raftlog.segmented.SegmentedRaftLogWorker$StateMachineDataPolicy.getFromFuture(SegmentedRaftLogWorker.java:87)
	at org.apache.ratis.server.raftlog.segmented.SegmentedRaftLogWorker$WriteLog.execute(SegmentedRaftLogWorker.java:477)
	at org.apache.ratis.server.raftlog.segmented.SegmentedRaftLogWorker.run(SegmentedRaftLogWorker.java:289)
	at java.lang.Thread.run(Thread.java:748)
Caused by: java.util.concurrent.TimeoutException
	at java.util.concurrent.CompletableFuture.timedGet(CompletableFuture.java:1771)
	at java.util.concurrent.CompletableFuture.get(CompletableFuture.java:1915)
	at org.apache.ratis.util.IOUtils.getFromFuture(IOUtils.java:79)
	... 4 more
2019-09-16 16:17:00,572 [8f6ed14e-9847-41b2-84b1-f48134b0885d@group-E0A55ED5C792-SegmentedRaftLogWorker] WARN  segmented.SegmentedRaftLogWorker (SegmentedRaftLogWorker.java:getFromFuture(90)) - Timeout 0/~
org.apache.ratis.protocol.TimeoutIOException: Timeout 10s: WriteLog:17: (t:1, i:17), STATEMACHINELOGENTRY, client-2CD27A2BD368, cid=54-writeStateMachineData
	at org.apache.ratis.util.IOUtils.getFromFuture(IOUtils.java:87)
	at org.apache.ratis.server.raftlog.segmented.SegmentedRaftLogWorker$StateMachineDataPolicy.getFromFuture(SegmentedRaftLogWorker.java:87)
	at org.apache.ratis.server.raftlog.segmented.SegmentedRaftLogWorker$WriteLog.execute(SegmentedRaftLogWorker.java:477)
	at org.apache.ratis.server.raftlog.segmented.SegmentedRaftLogWorker.run(SegmentedRaftLogWorker.java:289)
	at java.lang.Thread.run(Thread.java:748)
Caused by: java.util.concurrent.TimeoutException
	at java.util.concurrent.CompletableFuture.timedGet(CompletableFuture.java:1771)
	at java.util.concurrent.CompletableFuture.get(CompletableFuture.java:1915)
	at org.apache.ratis.util.IOUtils.getFromFuture(IOUtils.java:79)
	... 4 more
2019-09-16 16:17:00,572 [6151a780-4ba7-403b-be5b-70f0763d4a32@group-E0A55ED5C792-SegmentedRaftLogWorker] WARN  segmented.SegmentedRaftLogWorker (SegmentedRaftLogWorker.java:getFromFuture(90)) - Timeout 0/~
org.apache.ratis.protocol.TimeoutIOException: Timeout 10s: WriteLog:17: (t:1, i:17), STATEMACHINELOGENTRY, client-2CD27A2BD368, cid=54-writeStateMachineData
	at org.apache.ratis.util.IOUtils.getFromFuture(IOUtils.java:87)
	at org.apache.ratis.server.raftlog.segmented.SegmentedRaftLogWorker$StateMachineDataPolicy.getFromFuture(SegmentedRaftLogWorker.java:87)
	at org.apache.ratis.server.raftlog.segmented.SegmentedRaftLogWorker$WriteLog.execute(SegmentedRaftLogWorker.java:477)
	at org.apache.ratis.server.raftlog.segmented.SegmentedRaftLogWorker.run(SegmentedRaftLogWorker.java:289)
	at java.lang.Thread.run(Thread.java:748)
Caused by: java.util.concurrent.TimeoutException
	at java.util.concurrent.CompletableFuture.timedGet(CompletableFuture.java:1771)
	at java.util.concurrent.CompletableFuture.get(CompletableFuture.java:1915)
	at org.apache.ratis.util.IOUtils.getFromFuture(IOUtils.java:79)
	... 4 more
2019-09-16 16:17:00,622 [grpc-default-executor-5] INFO  client.GrpcClientProtocolClient (GrpcClientProtocolClient.java:onNext(264)) - client-2CD27A2BD368->8f6ed14e-9847-41b2-84b1-f48134b0885d: receive RaftClientReply:client-2CD27A2BD368->8f6ed14e-9847-41b2-84b1-f48134b0885d@group-E0A55ED5C792, cid=54, FAILED org.apache.ratis.protocol.NotLeaderException: Server 8f6ed14e-9847-41b2-84b1-f48134b0885d@group-E0A55ED5C792 is not the leader d3f833b2-527d-4ab6-a086-d6ad4a131c32:192.168.34.47:36523, logIndex=0, commits[8f6ed14e-9847-41b2-84b1-f48134b0885d:c16, 6151a780-4ba7-403b-be5b-70f0763d4a32:c14, d3f833b2-527d-4ab6-a086-d6ad4a131c32:c16]
2019-09-16 16:17:01,078 [java.util.concurrent.ThreadPoolExecutor$Worker@576cfcf[State = -1, empty queue]] WARN  server.GrpcLogAppender (GrpcLogAppender.java:timeoutAppendRequest(200)) - d3f833b2-527d-4ab6-a086-d6ad4a131c32@group-E0A55ED5C792->8f6ed14e-9847-41b2-84b1-f48134b0885d-GrpcLogAppender: appendEntries Timeout, request=d3f833b2-527d-4ab6-a086-d6ad4a131c32->8f6ed14e-9847-41b2-84b1-f48134b0885d#26-t1, previous=(t:1, i:22), leaderCommit=16, initializing? false, entries: <empty>
2019-09-16 16:17:01,078 [java.util.concurrent.ThreadPoolExecutor$Worker@22ff49d0[State = -1, empty queue]] WARN  server.GrpcLogAppender (GrpcLogAppender.java:timeoutAppendRequest(200)) - d3f833b2-527d-4ab6-a086-d6ad4a131c32@group-E0A55ED5C792->6151a780-4ba7-403b-be5b-70f0763d4a32-GrpcLogAppender: appendEntries Timeout, request=d3f833b2-527d-4ab6-a086-d6ad4a131c32->6151a780-4ba7-403b-be5b-70f0763d4a32#26-t1, previous=(t:1, i:22), leaderCommit=16, initializing? false, entries: <empty>
2019-09-16 16:17:01,313 [grpc-default-executor-6] INFO  impl.RaftServerProxy (RaftServerProxy.java:remove(95)) - 8f6ed14e-9847-41b2-84b1-f48134b0885d: remove group-9D5AAEACE39C:null
2019-09-16 16:17:01,322 [RatisPipelineUtilsThread] WARN  pipeline.RatisPipelineUtils (RatisPipelineUtils.java:destroyPipeline(66)) - Pipeline destroy failed for pipeline=PipelineID=66475b26-f7ec-4ee2-b1cf-9d5aaeace39c dn=8f6ed14e-9847-41b2-84b1-f48134b0885d{ip: 192.168.34.47, host: pr-hdds-2111-ptm9r-3382166736, networkLocation: /default-rack, certSerialId: null}
2019-09-16 16:17:01,326 [grpc-default-executor-6] INFO  impl.RaftServerProxy (RaftServerProxy.java:remove(95)) - 6151a780-4ba7-403b-be5b-70f0763d4a32: remove group-9D5AAEACE39C:null
2019-09-16 16:17:01,332 [RatisPipelineUtilsThread] WARN  pipeline.RatisPipelineUtils (RatisPipelineUtils.java:destroyPipeline(66)) - Pipeline destroy failed for pipeline=PipelineID=66475b26-f7ec-4ee2-b1cf-9d5aaeace39c dn=6151a780-4ba7-403b-be5b-70f0763d4a32{ip: 192.168.34.47, host: pr-hdds-2111-ptm9r-3382166736, networkLocation: /default-rack, certSerialId: null}
2019-09-16 16:17:01,335 [grpc-default-executor-6] INFO  impl.RaftServerProxy (RaftServerProxy.java:remove(95)) - d3f833b2-527d-4ab6-a086-d6ad4a131c32: remove group-9D5AAEACE39C:null
2019-09-16 16:17:01,340 [RatisPipelineUtilsThread] WARN  pipeline.RatisPipelineUtils (RatisPipelineUtils.java:destroyPipeline(66)) - Pipeline destroy failed for pipeline=PipelineID=66475b26-f7ec-4ee2-b1cf-9d5aaeace39c dn=d3f833b2-527d-4ab6-a086-d6ad4a131c32{ip: 192.168.34.47, host: pr-hdds-2111-ptm9r-3382166736, networkLocation: /default-rack, certSerialId: null}
2019-09-16 16:17:01,340 [RatisPipelineUtilsThread] ERROR pipeline.SCMPipelineManager (Scheduler.java:lambda$schedule$1(70)) - Destroy pipeline failed for pipeline:Pipeline[ Id: 66475b26-f7ec-4ee2-b1cf-9d5aaeace39c, Nodes: 8f6ed14e-9847-41b2-84b1-f48134b0885d{ip: 192.168.34.47, host: pr-hdds-2111-ptm9r-3382166736, networkLocation: /default-rack, certSerialId: null}6151a780-4ba7-403b-be5b-70f0763d4a32{ip: 192.168.34.47, host: pr-hdds-2111-ptm9r-3382166736, networkLocation: /default-rack, certSerialId: null}d3f833b2-527d-4ab6-a086-d6ad4a131c32{ip: 192.168.34.47, host: pr-hdds-2111-ptm9r-3382166736, networkLocation: /default-rack, certSerialId: null}, Type:RATIS, Factor:THREE, State:CLOSED]
org.apache.hadoop.hdds.scm.pipeline.PipelineNotFoundException: PipelineID=66475b26-f7ec-4ee2-b1cf-9d5aaeace39c not found
	at org.apache.hadoop.hdds.scm.pipeline.PipelineStateMap.getPipeline(PipelineStateMap.java:132)
	at org.apache.hadoop.hdds.scm.pipeline.PipelineStateMap.removePipeline(PipelineStateMap.java:322)
	at org.apache.hadoop.hdds.scm.pipeline.PipelineStateManager.removePipeline(PipelineStateManager.java:107)
	at org.apache.hadoop.hdds.scm.pipeline.SCMPipelineManager.removePipeline(SCMPipelineManager.java:423)
	at org.apache.hadoop.hdds.scm.pipeline.SCMPipelineManager.destroyPipeline(SCMPipelineManager.java:409)
	at org.apache.hadoop.hdds.scm.pipeline.SCMPipelineManager.lambda$finalizeAndDestroyPipeline$0(SCMPipelineManager.java:318)
	at org.apache.hadoop.utils.Scheduler.lambda$schedule$1(Scheduler.java:68)
	at java.util.concurrent.Executors$RunnableAdapter.call(Executors.java:511)
	at java.util.concurrent.FutureTask.run(FutureTask.java:266)
	at java.util.concurrent.ScheduledThreadPoolExecutor$ScheduledFutureTask.access$201(ScheduledThreadPoolExecutor.java:180)
	at java.util.concurrent.ScheduledThreadPoolExecutor$ScheduledFutureTask.run(ScheduledThreadPoolExecutor.java:293)
	at java.util.concurrent.ThreadPoolExecutor.runWorker(ThreadPoolExecutor.java:1149)
	at java.util.concurrent.ThreadPoolExecutor$Worker.run(ThreadPoolExecutor.java:624)
	at java.lang.Thread.run(Thread.java:748)
2019-09-16 16:17:03,314 [grpc-default-executor-6] INFO  impl.RaftServerProxy (RaftServerProxy.java:remove(95)) - 8f6ed14e-9847-41b2-84b1-f48134b0885d: remove group-9D5AAEACE39C:null
2019-09-16 16:17:03,325 [RatisPipelineUtilsThread] WARN  pipeline.RatisPipelineUtils (RatisPipelineUtils.java:destroyPipeline(66)) - Pipeline destroy failed for pipeline=PipelineID=66475b26-f7ec-4ee2-b1cf-9d5aaeace39c dn=8f6ed14e-9847-41b2-84b1-f48134b0885d{ip: 192.168.34.47, host: pr-hdds-2111-ptm9r-3382166736, networkLocation: /default-rack, certSerialId: null}
2019-09-16 16:17:03,328 [grpc-default-executor-6] INFO  impl.RaftServerProxy (RaftServerProxy.java:remove(95)) - 6151a780-4ba7-403b-be5b-70f0763d4a32: remove group-9D5AAEACE39C:null
2019-09-16 16:17:03,333 [RatisPipelineUtilsThread] WARN  pipeline.RatisPipelineUtils (RatisPipelineUtils.java:destroyPipeline(66)) - Pipeline destroy failed for pipeline=PipelineID=66475b26-f7ec-4ee2-b1cf-9d5aaeace39c dn=6151a780-4ba7-403b-be5b-70f0763d4a32{ip: 192.168.34.47, host: pr-hdds-2111-ptm9r-3382166736, networkLocation: /default-rack, certSerialId: null}
2019-09-16 16:17:03,335 [grpc-default-executor-6] INFO  impl.RaftServerProxy (RaftServerProxy.java:remove(95)) - d3f833b2-527d-4ab6-a086-d6ad4a131c32: remove group-9D5AAEACE39C:null
2019-09-16 16:17:03,340 [RatisPipelineUtilsThread] WARN  pipeline.RatisPipelineUtils (RatisPipelineUtils.java:destroyPipeline(66)) - Pipeline destroy failed for pipeline=PipelineID=66475b26-f7ec-4ee2-b1cf-9d5aaeace39c dn=d3f833b2-527d-4ab6-a086-d6ad4a131c32{ip: 192.168.34.47, host: pr-hdds-2111-ptm9r-3382166736, networkLocation: /default-rack, certSerialId: null}
2019-09-16 16:17:03,340 [RatisPipelineUtilsThread] ERROR pipeline.SCMPipelineManager (Scheduler.java:lambda$schedule$1(70)) - Destroy pipeline failed for pipeline:Pipeline[ Id: 66475b26-f7ec-4ee2-b1cf-9d5aaeace39c, Nodes: 8f6ed14e-9847-41b2-84b1-f48134b0885d{ip: 192.168.34.47, host: pr-hdds-2111-ptm9r-3382166736, networkLocation: /default-rack, certSerialId: null}6151a780-4ba7-403b-be5b-70f0763d4a32{ip: 192.168.34.47, host: pr-hdds-2111-ptm9r-3382166736, networkLocation: /default-rack, certSerialId: null}d3f833b2-527d-4ab6-a086-d6ad4a131c32{ip: 192.168.34.47, host: pr-hdds-2111-ptm9r-3382166736, networkLocation: /default-rack, certSerialId: null}, Type:RATIS, Factor:THREE, State:CLOSED]
org.apache.hadoop.hdds.scm.pipeline.PipelineNotFoundException: PipelineID=66475b26-f7ec-4ee2-b1cf-9d5aaeace39c not found
	at org.apache.hadoop.hdds.scm.pipeline.PipelineStateMap.getPipeline(PipelineStateMap.java:132)
	at org.apache.hadoop.hdds.scm.pipeline.PipelineStateMap.removePipeline(PipelineStateMap.java:322)
	at org.apache.hadoop.hdds.scm.pipeline.PipelineStateManager.removePipeline(PipelineStateManager.java:107)
	at org.apache.hadoop.hdds.scm.pipeline.SCMPipelineManager.removePipeline(SCMPipelineManager.java:423)
	at org.apache.hadoop.hdds.scm.pipeline.SCMPipelineManager.destroyPipeline(SCMPipelineManager.java:409)
	at org.apache.hadoop.hdds.scm.pipeline.SCMPipelineManager.lambda$finalizeAndDestroyPipeline$0(SCMPipelineManager.java:318)
	at org.apache.hadoop.utils.Scheduler.lambda$schedule$1(Scheduler.java:68)
	at java.util.concurrent.Executors$RunnableAdapter.call(Executors.java:511)
	at java.util.concurrent.FutureTask.run(FutureTask.java:266)
	at java.util.concurrent.ScheduledThreadPoolExecutor$ScheduledFutureTask.access$201(ScheduledThreadPoolExecutor.java:180)
	at java.util.concurrent.ScheduledThreadPoolExecutor$ScheduledFutureTask.run(ScheduledThreadPoolExecutor.java:293)
	at java.util.concurrent.ThreadPoolExecutor.runWorker(ThreadPoolExecutor.java:1149)
	at java.util.concurrent.ThreadPoolExecutor$Worker.run(ThreadPoolExecutor.java:624)
	at java.lang.Thread.run(Thread.java:748)
2019-09-16 16:17:03,579 [java.util.concurrent.ThreadPoolExecutor$Worker@22ff49d0[State = -1, empty queue]] WARN  server.GrpcLogAppender (GrpcLogAppender.java:timeoutAppendRequest(200)) - d3f833b2-527d-4ab6-a086-d6ad4a131c32@group-E0A55ED5C792->6151a780-4ba7-403b-be5b-70f0763d4a32-GrpcLogAppender: appendEntries Timeout, request=d3f833b2-527d-4ab6-a086-d6ad4a131c32->6151a780-4ba7-403b-be5b-70f0763d4a32#27-t1, previous=(t:1, i:22), leaderCommit=16, initializing? false, entries: <empty>
2019-09-16 16:17:03,579 [java.util.concurrent.ThreadPoolExecutor$Worker@576cfcf[State = -1, empty queue]] WARN  server.GrpcLogAppender (GrpcLogAppender.java:timeoutAppendRequest(200)) - d3f833b2-527d-4ab6-a086-d6ad4a131c32@group-E0A55ED5C792->8f6ed14e-9847-41b2-84b1-f48134b0885d-GrpcLogAppender: appendEntries Timeout, request=d3f833b2-527d-4ab6-a086-d6ad4a131c32->8f6ed14e-9847-41b2-84b1-f48134b0885d#27-t1, previous=(t:1, i:22), leaderCommit=16, initializing? false, entries: <empty>
2019-09-16 16:17:05,677 [grpc-default-executor-5] INFO  client.GrpcClientProtocolClient (GrpcClientProtocolClient.java:onNext(264)) - client-2CD27A2BD368->8f6ed14e-9847-41b2-84b1-f48134b0885d: receive RaftClientReply:client-2CD27A2BD368->8f6ed14e-9847-41b2-84b1-f48134b0885d@group-E0A55ED5C792, cid=54, FAILED org.apache.ratis.protocol.NotLeaderException: Server 8f6ed14e-9847-41b2-84b1-f48134b0885d@group-E0A55ED5C792 is not the leader d3f833b2-527d-4ab6-a086-d6ad4a131c32:192.168.34.47:36523, logIndex=0, commits[8f6ed14e-9847-41b2-84b1-f48134b0885d:c16, 6151a780-4ba7-403b-be5b-70f0763d4a32:c14, d3f833b2-527d-4ab6-a086-d6ad4a131c32:c16]
2019-09-16 16:17:06,080 [java.util.concurrent.ThreadPoolExecutor$Worker@576cfcf[State = -1, empty queue]] WARN  server.GrpcLogAppender (GrpcLogAppender.java:timeoutAppendRequest(200)) - d3f833b2-527d-4ab6-a086-d6ad4a131c32@group-E0A55ED5C792->8f6ed14e-9847-41b2-84b1-f48134b0885d-GrpcLogAppender: appendEntries Timeout, request=d3f833b2-527d-4ab6-a086-d6ad4a131c32->8f6ed14e-9847-41b2-84b1-f48134b0885d#28-t1, previous=(t:1, i:22), leaderCommit=16, initializing? false, entries: <empty>
2019-09-16 16:17:06,080 [java.util.concurrent.ThreadPoolExecutor$Worker@22ff49d0[State = -1, empty queue]] WARN  server.GrpcLogAppender (GrpcLogAppender.java:timeoutAppendRequest(200)) - d3f833b2-527d-4ab6-a086-d6ad4a131c32@group-E0A55ED5C792->6151a780-4ba7-403b-be5b-70f0763d4a32-GrpcLogAppender: appendEntries Timeout, request=d3f833b2-527d-4ab6-a086-d6ad4a131c32->6151a780-4ba7-403b-be5b-70f0763d4a32#28-t1, previous=(t:1, i:22), leaderCommit=16, initializing? false, entries: <empty>
2019-09-16 16:17:06,319 [grpc-default-executor-6] INFO  impl.RaftServerProxy (RaftServerProxy.java:remove(95)) - 8f6ed14e-9847-41b2-84b1-f48134b0885d: remove group-9D5AAEACE39C:null
2019-09-16 16:17:06,330 [RatisPipelineUtilsThread] WARN  pipeline.RatisPipelineUtils (RatisPipelineUtils.java:destroyPipeline(66)) - Pipeline destroy failed for pipeline=PipelineID=66475b26-f7ec-4ee2-b1cf-9d5aaeace39c dn=8f6ed14e-9847-41b2-84b1-f48134b0885d{ip: 192.168.34.47, host: pr-hdds-2111-ptm9r-3382166736, networkLocation: /default-rack, certSerialId: null}
2019-09-16 16:17:06,334 [grpc-default-executor-6] INFO  impl.RaftServerProxy (RaftServerProxy.java:remove(95)) - 6151a780-4ba7-403b-be5b-70f0763d4a32: remove group-9D5AAEACE39C:null
2019-09-16 16:17:06,340 [RatisPipelineUtilsThread] WARN  pipeline.RatisPipelineUtils (RatisPipelineUtils.java:destroyPipeline(66)) - Pipeline destroy failed for pipeline=PipelineID=66475b26-f7ec-4ee2-b1cf-9d5aaeace39c dn=6151a780-4ba7-403b-be5b-70f0763d4a32{ip: 192.168.34.47, host: pr-hdds-2111-ptm9r-3382166736, networkLocation: /default-rack, certSerialId: null}
2019-09-16 16:17:06,343 [grpc-default-executor-6] INFO  impl.RaftServerProxy (RaftServerProxy.java:remove(95)) - d3f833b2-527d-4ab6-a086-d6ad4a131c32: remove group-9D5AAEACE39C:null
2019-09-16 16:17:06,348 [RatisPipelineUtilsThread] WARN  pipeline.RatisPipelineUtils (RatisPipelineUtils.java:destroyPipeline(66)) - Pipeline destroy failed for pipeline=PipelineID=66475b26-f7ec-4ee2-b1cf-9d5aaeace39c dn=d3f833b2-527d-4ab6-a086-d6ad4a131c32{ip: 192.168.34.47, host: pr-hdds-2111-ptm9r-3382166736, networkLocation: /default-rack, certSerialId: null}
2019-09-16 16:17:06,349 [RatisPipelineUtilsThread] ERROR pipeline.SCMPipelineManager (Scheduler.java:lambda$schedule$1(70)) - Destroy pipeline failed for pipeline:Pipeline[ Id: 66475b26-f7ec-4ee2-b1cf-9d5aaeace39c, Nodes: 8f6ed14e-9847-41b2-84b1-f48134b0885d{ip: 192.168.34.47, host: pr-hdds-2111-ptm9r-3382166736, networkLocation: /default-rack, certSerialId: null}6151a780-4ba7-403b-be5b-70f0763d4a32{ip: 192.168.34.47, host: pr-hdds-2111-ptm9r-3382166736, networkLocation: /default-rack, certSerialId: null}d3f833b2-527d-4ab6-a086-d6ad4a131c32{ip: 192.168.34.47, host: pr-hdds-2111-ptm9r-3382166736, networkLocation: /default-rack, certSerialId: null}, Type:RATIS, Factor:THREE, State:CLOSED]
org.apache.hadoop.hdds.scm.pipeline.PipelineNotFoundException: PipelineID=66475b26-f7ec-4ee2-b1cf-9d5aaeace39c not found
	at org.apache.hadoop.hdds.scm.pipeline.PipelineStateMap.getPipeline(PipelineStateMap.java:132)
	at org.apache.hadoop.hdds.scm.pipeline.PipelineStateMap.removePipeline(PipelineStateMap.java:322)
	at org.apache.hadoop.hdds.scm.pipeline.PipelineStateManager.removePipeline(PipelineStateManager.java:107)
	at org.apache.hadoop.hdds.scm.pipeline.SCMPipelineManager.removePipeline(SCMPipelineManager.java:423)
	at org.apache.hadoop.hdds.scm.pipeline.SCMPipelineManager.destroyPipeline(SCMPipelineManager.java:409)
	at org.apache.hadoop.hdds.scm.pipeline.SCMPipelineManager.lambda$finalizeAndDestroyPipeline$0(SCMPipelineManager.java:318)
	at org.apache.hadoop.utils.Scheduler.lambda$schedule$1(Scheduler.java:68)
	at java.util.concurrent.Executors$RunnableAdapter.call(Executors.java:511)
	at java.util.concurrent.FutureTask.run(FutureTask.java:266)
	at java.util.concurrent.ScheduledThreadPoolExecutor$ScheduledFutureTask.access$201(ScheduledThreadPoolExecutor.java:180)
	at java.util.concurrent.ScheduledThreadPoolExecutor$ScheduledFutureTask.run(ScheduledThreadPoolExecutor.java:293)
	at java.util.concurrent.ThreadPoolExecutor.runWorker(ThreadPoolExecutor.java:1149)
	at java.util.concurrent.ThreadPoolExecutor$Worker.run(ThreadPoolExecutor.java:624)
	at java.lang.Thread.run(Thread.java:748)
2019-09-16 16:17:08,314 [grpc-default-executor-6] INFO  impl.RaftServerProxy (RaftServerProxy.java:remove(95)) - 8f6ed14e-9847-41b2-84b1-f48134b0885d: remove group-9D5AAEACE39C:null
2019-09-16 16:17:08,322 [RatisPipelineUtilsThread] WARN  pipeline.RatisPipelineUtils (RatisPipelineUtils.java:destroyPipeline(66)) - Pipeline destroy failed for pipeline=PipelineID=66475b26-f7ec-4ee2-b1cf-9d5aaeace39c dn=8f6ed14e-9847-41b2-84b1-f48134b0885d{ip: 192.168.34.47, host: pr-hdds-2111-ptm9r-3382166736, networkLocation: /default-rack, certSerialId: null}
2019-09-16 16:17:08,326 [grpc-default-executor-6] INFO  impl.RaftServerProxy (RaftServerProxy.java:remove(95)) - 6151a780-4ba7-403b-be5b-70f0763d4a32: remove group-9D5AAEACE39C:null
2019-09-16 16:17:08,332 [RatisPipelineUtilsThread] WARN  pipeline.RatisPipelineUtils (RatisPipelineUtils.java:destroyPipeline(66)) - Pipeline destroy failed for pipeline=PipelineID=66475b26-f7ec-4ee2-b1cf-9d5aaeace39c dn=6151a780-4ba7-403b-be5b-70f0763d4a32{ip: 192.168.34.47, host: pr-hdds-2111-ptm9r-3382166736, networkLocation: /default-rack, certSerialId: null}
2019-09-16 16:17:08,335 [grpc-default-executor-6] INFO  impl.RaftServerProxy (RaftServerProxy.java:remove(95)) - d3f833b2-527d-4ab6-a086-d6ad4a131c32: remove group-9D5AAEACE39C:null
2019-09-16 16:17:08,341 [RatisPipelineUtilsThread] WARN  pipeline.RatisPipelineUtils (RatisPipelineUtils.java:destroyPipeline(66)) - Pipeline destroy failed for pipeline=PipelineID=66475b26-f7ec-4ee2-b1cf-9d5aaeace39c dn=d3f833b2-527d-4ab6-a086-d6ad4a131c32{ip: 192.168.34.47, host: pr-hdds-2111-ptm9r-3382166736, networkLocation: /default-rack, certSerialId: null}
2019-09-16 16:17:08,341 [RatisPipelineUtilsThread] ERROR pipeline.SCMPipelineManager (Scheduler.java:lambda$schedule$1(70)) - Destroy pipeline failed for pipeline:Pipeline[ Id: 66475b26-f7ec-4ee2-b1cf-9d5aaeace39c, Nodes: 8f6ed14e-9847-41b2-84b1-f48134b0885d{ip: 192.168.34.47, host: pr-hdds-2111-ptm9r-3382166736, networkLocation: /default-rack, certSerialId: null}6151a780-4ba7-403b-be5b-70f0763d4a32{ip: 192.168.34.47, host: pr-hdds-2111-ptm9r-3382166736, networkLocation: /default-rack, certSerialId: null}d3f833b2-527d-4ab6-a086-d6ad4a131c32{ip: 192.168.34.47, host: pr-hdds-2111-ptm9r-3382166736, networkLocation: /default-rack, certSerialId: null}, Type:RATIS, Factor:THREE, State:CLOSED]
org.apache.hadoop.hdds.scm.pipeline.PipelineNotFoundException: PipelineID=66475b26-f7ec-4ee2-b1cf-9d5aaeace39c not found
	at org.apache.hadoop.hdds.scm.pipeline.PipelineStateMap.getPipeline(PipelineStateMap.java:132)
	at org.apache.hadoop.hdds.scm.pipeline.PipelineStateMap.removePipeline(PipelineStateMap.java:322)
	at org.apache.hadoop.hdds.scm.pipeline.PipelineStateManager.removePipeline(PipelineStateManager.java:107)
	at org.apache.hadoop.hdds.scm.pipeline.SCMPipelineManager.removePipeline(SCMPipelineManager.java:423)
	at org.apache.hadoop.hdds.scm.pipeline.SCMPipelineManager.destroyPipeline(SCMPipelineManager.java:409)
	at org.apache.hadoop.hdds.scm.pipeline.SCMPipelineManager.lambda$finalizeAndDestroyPipeline$0(SCMPipelineManager.java:318)
	at org.apache.hadoop.utils.Scheduler.lambda$schedule$1(Scheduler.java:68)
	at java.util.concurrent.Executors$RunnableAdapter.call(Executors.java:511)
	at java.util.concurrent.FutureTask.run(FutureTask.java:266)
	at java.util.concurrent.ScheduledThreadPoolExecutor$ScheduledFutureTask.access$201(ScheduledThreadPoolExecutor.java:180)
	at java.util.concurrent.ScheduledThreadPoolExecutor$ScheduledFutureTask.run(ScheduledThreadPoolExecutor.java:293)
	at java.util.concurrent.ThreadPoolExecutor.runWorker(ThreadPoolExecutor.java:1149)
	at java.util.concurrent.ThreadPoolExecutor$Worker.run(ThreadPoolExecutor.java:624)
	at java.lang.Thread.run(Thread.java:748)
2019-09-16 16:17:08,580 [java.util.concurrent.ThreadPoolExecutor$Worker@576cfcf[State = -1, empty queue]] WARN  server.GrpcLogAppender (GrpcLogAppender.java:timeoutAppendRequest(200)) - d3f833b2-527d-4ab6-a086-d6ad4a131c32@group-E0A55ED5C792->8f6ed14e-9847-41b2-84b1-f48134b0885d-GrpcLogAppender: appendEntries Timeout, request=d3f833b2-527d-4ab6-a086-d6ad4a131c32->8f6ed14e-9847-41b2-84b1-f48134b0885d#29-t1, previous=(t:1, i:22), leaderCommit=16, initializing? false, entries: <empty>
2019-09-16 16:17:08,580 [java.util.concurrent.ThreadPoolExecutor$Worker@22ff49d0[State = -1, empty queue]] WARN  server.GrpcLogAppender (GrpcLogAppender.java:timeoutAppendRequest(200)) - d3f833b2-527d-4ab6-a086-d6ad4a131c32@group-E0A55ED5C792->6151a780-4ba7-403b-be5b-70f0763d4a32-GrpcLogAppender: appendEntries Timeout, request=d3f833b2-527d-4ab6-a086-d6ad4a131c32->6151a780-4ba7-403b-be5b-70f0763d4a32#29-t1, previous=(t:1, i:22), leaderCommit=16, initializing? false, entries: <empty>
2019-09-16 16:17:10,572 [d3f833b2-527d-4ab6-a086-d6ad4a131c32@group-E0A55ED5C792-SegmentedRaftLogWorker] WARN  segmented.SegmentedRaftLogWorker (SegmentedRaftLogWorker.java:getFromFuture(90)) - Timeout 1/~
org.apache.ratis.protocol.TimeoutIOException: Timeout 10s: WriteLog:17: (t:1, i:17), STATEMACHINELOGENTRY, client-2CD27A2BD368, cid=54-writeStateMachineData
	at org.apache.ratis.util.IOUtils.getFromFuture(IOUtils.java:87)
	at org.apache.ratis.server.raftlog.segmented.SegmentedRaftLogWorker$StateMachineDataPolicy.getFromFuture(SegmentedRaftLogWorker.java:87)
	at org.apache.ratis.server.raftlog.segmented.SegmentedRaftLogWorker$WriteLog.execute(SegmentedRaftLogWorker.java:477)
	at org.apache.ratis.server.raftlog.segmented.SegmentedRaftLogWorker.run(SegmentedRaftLogWorker.java:289)
	at java.lang.Thread.run(Thread.java:748)
Caused by: java.util.concurrent.TimeoutException
	at java.util.concurrent.CompletableFuture.timedGet(CompletableFuture.java:1771)
	at java.util.concurrent.CompletableFuture.get(CompletableFuture.java:1915)
	at org.apache.ratis.util.IOUtils.getFromFuture(IOUtils.java:79)
	... 4 more
2019-09-16 16:17:10,573 [8f6ed14e-9847-41b2-84b1-f48134b0885d@group-E0A55ED5C792-SegmentedRaftLogWorker] WARN  segmented.SegmentedRaftLogWorker (SegmentedRaftLogWorker.java:getFromFuture(90)) - Timeout 1/~
org.apache.ratis.protocol.TimeoutIOException: Timeout 10s: WriteLog:17: (t:1, i:17), STATEMACHINELOGENTRY, client-2CD27A2BD368, cid=54-writeStateMachineData
	at org.apache.ratis.util.IOUtils.getFromFuture(IOUtils.java:87)
	at org.apache.ratis.server.raftlog.segmented.SegmentedRaftLogWorker$StateMachineDataPolicy.getFromFuture(SegmentedRaftLogWorker.java:87)
	at org.apache.ratis.server.raftlog.segmented.SegmentedRaftLogWorker$WriteLog.execute(SegmentedRaftLogWorker.java:477)
	at org.apache.ratis.server.raftlog.segmented.SegmentedRaftLogWorker.run(SegmentedRaftLogWorker.java:289)
	at java.lang.Thread.run(Thread.java:748)
Caused by: java.util.concurrent.TimeoutException
	at java.util.concurrent.CompletableFuture.timedGet(CompletableFuture.java:1771)
	at java.util.concurrent.CompletableFuture.get(CompletableFuture.java:1915)
	at org.apache.ratis.util.IOUtils.getFromFuture(IOUtils.java:79)
	... 4 more
2019-09-16 16:17:10,579 [6151a780-4ba7-403b-be5b-70f0763d4a32@group-E0A55ED5C792-SegmentedRaftLogWorker] WARN  segmented.SegmentedRaftLogWorker (SegmentedRaftLogWorker.java:getFromFuture(90)) - Timeout 1/~
org.apache.ratis.protocol.TimeoutIOException: Timeout 10s: WriteLog:17: (t:1, i:17), STATEMACHINELOGENTRY, client-2CD27A2BD368, cid=54-writeStateMachineData
	at org.apache.ratis.util.IOUtils.getFromFuture(IOUtils.java:87)
	at org.apache.ratis.server.raftlog.segmented.SegmentedRaftLogWorker$StateMachineDataPolicy.getFromFuture(SegmentedRaftLogWorker.java:87)
	at org.apache.ratis.server.raftlog.segmented.SegmentedRaftLogWorker$WriteLog.execute(SegmentedRaftLogWorker.java:477)
	at org.apache.ratis.server.raftlog.segmented.SegmentedRaftLogWorker.run(SegmentedRaftLogWorker.java:289)
	at java.lang.Thread.run(Thread.java:748)
Caused by: java.util.concurrent.TimeoutException
	at java.util.concurrent.CompletableFuture.timedGet(CompletableFuture.java:1771)
	at java.util.concurrent.CompletableFuture.get(CompletableFuture.java:1915)
	at org.apache.ratis.util.IOUtils.getFromFuture(IOUtils.java:79)
	... 4 more
2019-09-16 16:17:10,720 [grpc-default-executor-6] INFO  client.GrpcClientProtocolClient (GrpcClientProtocolClient.java:onNext(264)) - client-2CD27A2BD368->8f6ed14e-9847-41b2-84b1-f48134b0885d: receive RaftClientReply:client-2CD27A2BD368->8f6ed14e-9847-41b2-84b1-f48134b0885d@group-E0A55ED5C792, cid=54, FAILED org.apache.ratis.protocol.NotLeaderException: Server 8f6ed14e-9847-41b2-84b1-f48134b0885d@group-E0A55ED5C792 is not the leader d3f833b2-527d-4ab6-a086-d6ad4a131c32:192.168.34.47:36523, logIndex=0, commits[8f6ed14e-9847-41b2-84b1-f48134b0885d:c16, 6151a780-4ba7-403b-be5b-70f0763d4a32:c14, d3f833b2-527d-4ab6-a086-d6ad4a131c32:c16]
2019-09-16 16:17:11,081 [java.util.concurrent.ThreadPoolExecutor$Worker@576cfcf[State = -1, empty queue]] WARN  server.GrpcLogAppender (GrpcLogAppender.java:timeoutAppendRequest(200)) - d3f833b2-527d-4ab6-a086-d6ad4a131c32@group-E0A55ED5C792->8f6ed14e-9847-41b2-84b1-f48134b0885d-GrpcLogAppender: appendEntries Timeout, request=d3f833b2-527d-4ab6-a086-d6ad4a131c32->8f6ed14e-9847-41b2-84b1-f48134b0885d#30-t1, previous=(t:1, i:22), leaderCommit=16, initializing? false, entries: <empty>
2019-09-16 16:17:11,081 [java.util.concurrent.ThreadPoolExecutor$Worker@22ff49d0[State = -1, empty queue]] WARN  server.GrpcLogAppender (GrpcLogAppender.java:timeoutAppendRequest(200)) - d3f833b2-527d-4ab6-a086-d6ad4a131c32@group-E0A55ED5C792->6151a780-4ba7-403b-be5b-70f0763d4a32-GrpcLogAppender: appendEntries Timeout, request=d3f833b2-527d-4ab6-a086-d6ad4a131c32->6151a780-4ba7-403b-be5b-70f0763d4a32#30-t1, previous=(t:1, i:22), leaderCommit=16, initializing? false, entries: <empty>
2019-09-16 16:17:11,319 [grpc-default-executor-1] INFO  impl.RaftServerProxy (RaftServerProxy.java:remove(95)) - 8f6ed14e-9847-41b2-84b1-f48134b0885d: remove group-9D5AAEACE39C:null
2019-09-16 16:17:11,328 [RatisPipelineUtilsThread] WARN  pipeline.RatisPipelineUtils (RatisPipelineUtils.java:destroyPipeline(66)) - Pipeline destroy failed for pipeline=PipelineID=66475b26-f7ec-4ee2-b1cf-9d5aaeace39c dn=8f6ed14e-9847-41b2-84b1-f48134b0885d{ip: 192.168.34.47, host: pr-hdds-2111-ptm9r-3382166736, networkLocation: /default-rack, certSerialId: null}
2019-09-16 16:17:11,331 [grpc-default-executor-1] INFO  impl.RaftServerProxy (RaftServerProxy.java:remove(95)) - 6151a780-4ba7-403b-be5b-70f0763d4a32: remove group-9D5AAEACE39C:null
2019-09-16 16:17:11,337 [RatisPipelineUtilsThread] WARN  pipeline.RatisPipelineUtils (RatisPipelineUtils.java:destroyPipeline(66)) - Pipeline destroy failed for pipeline=PipelineID=66475b26-f7ec-4ee2-b1cf-9d5aaeace39c dn=6151a780-4ba7-403b-be5b-70f0763d4a32{ip: 192.168.34.47, host: pr-hdds-2111-ptm9r-3382166736, networkLocation: /default-rack, certSerialId: null}
2019-09-16 16:17:11,340 [grpc-default-executor-6] INFO  impl.RaftServerProxy (RaftServerProxy.java:remove(95)) - d3f833b2-527d-4ab6-a086-d6ad4a131c32: remove group-9D5AAEACE39C:null
2019-09-16 16:17:11,346 [RatisPipelineUtilsThread] WARN  pipeline.RatisPipelineUtils (RatisPipelineUtils.java:destroyPipeline(66)) - Pipeline destroy failed for pipeline=PipelineID=66475b26-f7ec-4ee2-b1cf-9d5aaeace39c dn=d3f833b2-527d-4ab6-a086-d6ad4a131c32{ip: 192.168.34.47, host: pr-hdds-2111-ptm9r-3382166736, networkLocation: /default-rack, certSerialId: null}
2019-09-16 16:17:11,346 [RatisPipelineUtilsThread] ERROR pipeline.SCMPipelineManager (Scheduler.java:lambda$schedule$1(70)) - Destroy pipeline failed for pipeline:Pipeline[ Id: 66475b26-f7ec-4ee2-b1cf-9d5aaeace39c, Nodes: 8f6ed14e-9847-41b2-84b1-f48134b0885d{ip: 192.168.34.47, host: pr-hdds-2111-ptm9r-3382166736, networkLocation: /default-rack, certSerialId: null}6151a780-4ba7-403b-be5b-70f0763d4a32{ip: 192.168.34.47, host: pr-hdds-2111-ptm9r-3382166736, networkLocation: /default-rack, certSerialId: null}d3f833b2-527d-4ab6-a086-d6ad4a131c32{ip: 192.168.34.47, host: pr-hdds-2111-ptm9r-3382166736, networkLocation: /default-rack, certSerialId: null}, Type:RATIS, Factor:THREE, State:CLOSED]
org.apache.hadoop.hdds.scm.pipeline.PipelineNotFoundException: PipelineID=66475b26-f7ec-4ee2-b1cf-9d5aaeace39c not found
	at org.apache.hadoop.hdds.scm.pipeline.PipelineStateMap.getPipeline(PipelineStateMap.java:132)
	at org.apache.hadoop.hdds.scm.pipeline.PipelineStateMap.removePipeline(PipelineStateMap.java:322)
	at org.apache.hadoop.hdds.scm.pipeline.PipelineStateManager.removePipeline(PipelineStateManager.java:107)
	at org.apache.hadoop.hdds.scm.pipeline.SCMPipelineManager.removePipeline(SCMPipelineManager.java:423)
	at org.apache.hadoop.hdds.scm.pipeline.SCMPipelineManager.destroyPipeline(SCMPipelineManager.java:409)
	at org.apache.hadoop.hdds.scm.pipeline.SCMPipelineManager.lambda$finalizeAndDestroyPipeline$0(SCMPipelineManager.java:318)
	at org.apache.hadoop.utils.Scheduler.lambda$schedule$1(Scheduler.java:68)
	at java.util.concurrent.Executors$RunnableAdapter.call(Executors.java:511)
	at java.util.concurrent.FutureTask.run(FutureTask.java:266)
	at java.util.concurrent.ScheduledThreadPoolExecutor$ScheduledFutureTask.access$201(ScheduledThreadPoolExecutor.java:180)
	at java.util.concurrent.ScheduledThreadPoolExecutor$ScheduledFutureTask.run(ScheduledThreadPoolExecutor.java:293)
	at java.util.concurrent.ThreadPoolExecutor.runWorker(ThreadPoolExecutor.java:1149)
	at java.util.concurrent.ThreadPoolExecutor$Worker.run(ThreadPoolExecutor.java:624)
	at java.lang.Thread.run(Thread.java:748)
2019-09-16 16:17:13,317 [grpc-default-executor-6] INFO  impl.RaftServerProxy (RaftServerProxy.java:remove(95)) - 8f6ed14e-9847-41b2-84b1-f48134b0885d: remove group-9D5AAEACE39C:null
2019-09-16 16:17:13,341 [RatisPipelineUtilsThread] WARN  pipeline.RatisPipelineUtils (RatisPipelineUtils.java:destroyPipeline(66)) - Pipeline destroy failed for pipeline=PipelineID=66475b26-f7ec-4ee2-b1cf-9d5aaeace39c dn=8f6ed14e-9847-41b2-84b1-f48134b0885d{ip: 192.168.34.47, host: pr-hdds-2111-ptm9r-3382166736, networkLocation: /default-rack, certSerialId: null}
2019-09-16 16:17:13,345 [grpc-default-executor-6] INFO  impl.RaftServerProxy (RaftServerProxy.java:remove(95)) - 6151a780-4ba7-403b-be5b-70f0763d4a32: remove group-9D5AAEACE39C:null
2019-09-16 16:17:13,349 [RatisPipelineUtilsThread] WARN  pipeline.RatisPipelineUtils (RatisPipelineUtils.java:destroyPipeline(66)) - Pipeline destroy failed for pipeline=PipelineID=66475b26-f7ec-4ee2-b1cf-9d5aaeace39c dn=6151a780-4ba7-403b-be5b-70f0763d4a32{ip: 192.168.34.47, host: pr-hdds-2111-ptm9r-3382166736, networkLocation: /default-rack, certSerialId: null}
2019-09-16 16:17:13,352 [grpc-default-executor-6] INFO  impl.RaftServerProxy (RaftServerProxy.java:remove(95)) - d3f833b2-527d-4ab6-a086-d6ad4a131c32: remove group-9D5AAEACE39C:null
2019-09-16 16:17:13,355 [RatisPipelineUtilsThread] WARN  pipeline.RatisPipelineUtils (RatisPipelineUtils.java:destroyPipeline(66)) - Pipeline destroy failed for pipeline=PipelineID=66475b26-f7ec-4ee2-b1cf-9d5aaeace39c dn=d3f833b2-527d-4ab6-a086-d6ad4a131c32{ip: 192.168.34.47, host: pr-hdds-2111-ptm9r-3382166736, networkLocation: /default-rack, certSerialId: null}
2019-09-16 16:17:13,355 [RatisPipelineUtilsThread] ERROR pipeline.SCMPipelineManager (Scheduler.java:lambda$schedule$1(70)) - Destroy pipeline failed for pipeline:Pipeline[ Id: 66475b26-f7ec-4ee2-b1cf-9d5aaeace39c, Nodes: 8f6ed14e-9847-41b2-84b1-f48134b0885d{ip: 192.168.34.47, host: pr-hdds-2111-ptm9r-3382166736, networkLocation: /default-rack, certSerialId: null}6151a780-4ba7-403b-be5b-70f0763d4a32{ip: 192.168.34.47, host: pr-hdds-2111-ptm9r-3382166736, networkLocation: /default-rack, certSerialId: null}d3f833b2-527d-4ab6-a086-d6ad4a131c32{ip: 192.168.34.47, host: pr-hdds-2111-ptm9r-3382166736, networkLocation: /default-rack, certSerialId: null}, Type:RATIS, Factor:THREE, State:CLOSED]
org.apache.hadoop.hdds.scm.pipeline.PipelineNotFoundException: PipelineID=66475b26-f7ec-4ee2-b1cf-9d5aaeace39c not found
	at org.apache.hadoop.hdds.scm.pipeline.PipelineStateMap.getPipeline(PipelineStateMap.java:132)
	at org.apache.hadoop.hdds.scm.pipeline.PipelineStateMap.removePipeline(PipelineStateMap.java:322)
	at org.apache.hadoop.hdds.scm.pipeline.PipelineStateManager.removePipeline(PipelineStateManager.java:107)
	at org.apache.hadoop.hdds.scm.pipeline.SCMPipelineManager.removePipeline(SCMPipelineManager.java:423)
	at org.apache.hadoop.hdds.scm.pipeline.SCMPipelineManager.destroyPipeline(SCMPipelineManager.java:409)
	at org.apache.hadoop.hdds.scm.pipeline.SCMPipelineManager.lambda$finalizeAndDestroyPipeline$0(SCMPipelineManager.java:318)
	at org.apache.hadoop.utils.Scheduler.lambda$schedule$1(Scheduler.java:68)
	at java.util.concurrent.Executors$RunnableAdapter.call(Executors.java:511)
	at java.util.concurrent.FutureTask.run(FutureTask.java:266)
	at java.util.concurrent.ScheduledThreadPoolExecutor$ScheduledFutureTask.access$201(ScheduledThreadPoolExecutor.java:180)
	at java.util.concurrent.ScheduledThreadPoolExecutor$ScheduledFutureTask.run(ScheduledThreadPoolExecutor.java:293)
	at java.util.concurrent.ThreadPoolExecutor.runWorker(ThreadPoolExecutor.java:1149)
	at java.util.concurrent.ThreadPoolExecutor$Worker.run(ThreadPoolExecutor.java:624)
	at java.lang.Thread.run(Thread.java:748)
2019-09-16 16:17:13,582 [java.util.concurrent.ThreadPoolExecutor$Worker@576cfcf[State = -1, empty queue]] WARN  server.GrpcLogAppender (GrpcLogAppender.java:timeoutAppendRequest(200)) - d3f833b2-527d-4ab6-a086-d6ad4a131c32@group-E0A55ED5C792->8f6ed14e-9847-41b2-84b1-f48134b0885d-GrpcLogAppender: appendEntries Timeout, request=d3f833b2-527d-4ab6-a086-d6ad4a131c32->8f6ed14e-9847-41b2-84b1-f48134b0885d#31-t1, previous=(t:1, i:22), leaderCommit=16, initializing? false, entries: <empty>
2019-09-16 16:17:13,582 [java.util.concurrent.ThreadPoolExecutor$Worker@22ff49d0[State = -1, empty queue]] WARN  server.GrpcLogAppender (GrpcLogAppender.java:timeoutAppendRequest(200)) - d3f833b2-527d-4ab6-a086-d6ad4a131c32@group-E0A55ED5C792->6151a780-4ba7-403b-be5b-70f0763d4a32-GrpcLogAppender: appendEntries Timeout, request=d3f833b2-527d-4ab6-a086-d6ad4a131c32->6151a780-4ba7-403b-be5b-70f0763d4a32#31-t1, previous=(t:1, i:22), leaderCommit=16, initializing? false, entries: <empty>
2019-09-16 16:17:15,764 [grpc-default-executor-1] INFO  client.GrpcClientProtocolClient (GrpcClientProtocolClient.java:onNext(264)) - client-2CD27A2BD368->8f6ed14e-9847-41b2-84b1-f48134b0885d: receive RaftClientReply:client-2CD27A2BD368->8f6ed14e-9847-41b2-84b1-f48134b0885d@group-E0A55ED5C792, cid=54, FAILED org.apache.ratis.protocol.NotLeaderException: Server 8f6ed14e-9847-41b2-84b1-f48134b0885d@group-E0A55ED5C792 is not the leader d3f833b2-527d-4ab6-a086-d6ad4a131c32:192.168.34.47:36523, logIndex=0, commits[8f6ed14e-9847-41b2-84b1-f48134b0885d:c16, 6151a780-4ba7-403b-be5b-70f0763d4a32:c14, d3f833b2-527d-4ab6-a086-d6ad4a131c32:c16]
2019-09-16 16:17:16,083 [java.util.concurrent.ThreadPoolExecutor$Worker@22ff49d0[State = -1, empty queue]] WARN  server.GrpcLogAppender (GrpcLogAppender.java:timeoutAppendRequest(200)) - d3f833b2-527d-4ab6-a086-d6ad4a131c32@group-E0A55ED5C792->6151a780-4ba7-403b-be5b-70f0763d4a32-GrpcLogAppender: appendEntries Timeout, request=d3f833b2-527d-4ab6-a086-d6ad4a131c32->6151a780-4ba7-403b-be5b-70f0763d4a32#32-t1, previous=(t:1, i:22), leaderCommit=16, initializing? false, entries: <empty>
2019-09-16 16:17:16,083 [java.util.concurrent.ThreadPoolExecutor$Worker@576cfcf[State = -1, empty queue]] WARN  server.GrpcLogAppender (GrpcLogAppender.java:timeoutAppendRequest(200)) - d3f833b2-527d-4ab6-a086-d6ad4a131c32@group-E0A55ED5C792->8f6ed14e-9847-41b2-84b1-f48134b0885d-GrpcLogAppender: appendEntries Timeout, request=d3f833b2-527d-4ab6-a086-d6ad4a131c32->8f6ed14e-9847-41b2-84b1-f48134b0885d#32-t1, previous=(t:1, i:22), leaderCommit=16, initializing? false, entries: <empty>
2019-09-16 16:17:16,315 [grpc-default-executor-1] INFO  impl.RaftServerProxy (RaftServerProxy.java:remove(95)) - 8f6ed14e-9847-41b2-84b1-f48134b0885d: remove group-9D5AAEACE39C:null
2019-09-16 16:17:16,320 [RatisPipelineUtilsThread] WARN  pipeline.RatisPipelineUtils (RatisPipelineUtils.java:destroyPipeline(66)) - Pipeline destroy failed for pipeline=PipelineID=66475b26-f7ec-4ee2-b1cf-9d5aaeace39c dn=8f6ed14e-9847-41b2-84b1-f48134b0885d{ip: 192.168.34.47, host: pr-hdds-2111-ptm9r-3382166736, networkLocation: /default-rack, certSerialId: null}
2019-09-16 16:17:16,323 [grpc-default-executor-1] INFO  impl.RaftServerProxy (RaftServerProxy.java:remove(95)) - 6151a780-4ba7-403b-be5b-70f0763d4a32: remove group-9D5AAEACE39C:null
2019-09-16 16:17:16,327 [RatisPipelineUtilsThread] WARN  pipeline.RatisPipelineUtils (RatisPipelineUtils.java:destroyPipeline(66)) - Pipeline destroy failed for pipeline=PipelineID=66475b26-f7ec-4ee2-b1cf-9d5aaeace39c dn=6151a780-4ba7-403b-be5b-70f0763d4a32{ip: 192.168.34.47, host: pr-hdds-2111-ptm9r-3382166736, networkLocation: /default-rack, certSerialId: null}
2019-09-16 16:17:16,329 [grpc-default-executor-1] INFO  impl.RaftServerProxy (RaftServerProxy.java:remove(95)) - d3f833b2-527d-4ab6-a086-d6ad4a131c32: remove group-9D5AAEACE39C:null
2019-09-16 16:17:16,333 [RatisPipelineUtilsThread] WARN  pipeline.RatisPipelineUtils (RatisPipelineUtils.java:destroyPipeline(66)) - Pipeline destroy failed for pipeline=PipelineID=66475b26-f7ec-4ee2-b1cf-9d5aaeace39c dn=d3f833b2-527d-4ab6-a086-d6ad4a131c32{ip: 192.168.34.47, host: pr-hdds-2111-ptm9r-3382166736, networkLocation: /default-rack, certSerialId: null}
2019-09-16 16:17:16,333 [RatisPipelineUtilsThread] ERROR pipeline.SCMPipelineManager (Scheduler.java:lambda$schedule$1(70)) - Destroy pipeline failed for pipeline:Pipeline[ Id: 66475b26-f7ec-4ee2-b1cf-9d5aaeace39c, Nodes: 8f6ed14e-9847-41b2-84b1-f48134b0885d{ip: 192.168.34.47, host: pr-hdds-2111-ptm9r-3382166736, networkLocation: /default-rack, certSerialId: null}6151a780-4ba7-403b-be5b-70f0763d4a32{ip: 192.168.34.47, host: pr-hdds-2111-ptm9r-3382166736, networkLocation: /default-rack, certSerialId: null}d3f833b2-527d-4ab6-a086-d6ad4a131c32{ip: 192.168.34.47, host: pr-hdds-2111-ptm9r-3382166736, networkLocation: /default-rack, certSerialId: null}, Type:RATIS, Factor:THREE, State:CLOSED]
org.apache.hadoop.hdds.scm.pipeline.PipelineNotFoundException: PipelineID=66475b26-f7ec-4ee2-b1cf-9d5aaeace39c not found
	at org.apache.hadoop.hdds.scm.pipeline.PipelineStateMap.getPipeline(PipelineStateMap.java:132)
	at org.apache.hadoop.hdds.scm.pipeline.PipelineStateMap.removePipeline(PipelineStateMap.java:322)
	at org.apache.hadoop.hdds.scm.pipeline.PipelineStateManager.removePipeline(PipelineStateManager.java:107)
	at org.apache.hadoop.hdds.scm.pipeline.SCMPipelineManager.removePipeline(SCMPipelineManager.java:423)
	at org.apache.hadoop.hdds.scm.pipeline.SCMPipelineManager.destroyPipeline(SCMPipelineManager.java:409)
	at org.apache.hadoop.hdds.scm.pipeline.SCMPipelineManager.lambda$finalizeAndDestroyPipeline$0(SCMPipelineManager.java:318)
	at org.apache.hadoop.utils.Scheduler.lambda$schedule$1(Scheduler.java:68)
	at java.util.concurrent.Executors$RunnableAdapter.call(Executors.java:511)
	at java.util.concurrent.FutureTask.run(FutureTask.java:266)
	at java.util.concurrent.ScheduledThreadPoolExecutor$ScheduledFutureTask.access$201(ScheduledThreadPoolExecutor.java:180)
	at java.util.concurrent.ScheduledThreadPoolExecutor$ScheduledFutureTask.run(ScheduledThreadPoolExecutor.java:293)
	at java.util.concurrent.ThreadPoolExecutor.runWorker(ThreadPoolExecutor.java:1149)
	at java.util.concurrent.ThreadPoolExecutor$Worker.run(ThreadPoolExecutor.java:624)
	at java.lang.Thread.run(Thread.java:748)
2019-09-16 16:17:18,317 [grpc-default-executor-6] INFO  impl.RaftServerProxy (RaftServerProxy.java:remove(95)) - 8f6ed14e-9847-41b2-84b1-f48134b0885d: remove group-9D5AAEACE39C:null
2019-09-16 16:17:18,322 [RatisPipelineUtilsThread] WARN  pipeline.RatisPipelineUtils (RatisPipelineUtils.java:destroyPipeline(66)) - Pipeline destroy failed for pipeline=PipelineID=66475b26-f7ec-4ee2-b1cf-9d5aaeace39c dn=8f6ed14e-9847-41b2-84b1-f48134b0885d{ip: 192.168.34.47, host: pr-hdds-2111-ptm9r-3382166736, networkLocation: /default-rack, certSerialId: null}
2019-09-16 16:17:18,325 [grpc-default-executor-6] INFO  impl.RaftServerProxy (RaftServerProxy.java:remove(95)) - 6151a780-4ba7-403b-be5b-70f0763d4a32: remove group-9D5AAEACE39C:null
2019-09-16 16:17:18,328 [RatisPipelineUtilsThread] WARN  pipeline.RatisPipelineUtils (RatisPipelineUtils.java:destroyPipeline(66)) - Pipeline destroy failed for pipeline=PipelineID=66475b26-f7ec-4ee2-b1cf-9d5aaeace39c dn=6151a780-4ba7-403b-be5b-70f0763d4a32{ip: 192.168.34.47, host: pr-hdds-2111-ptm9r-3382166736, networkLocation: /default-rack, certSerialId: null}
2019-09-16 16:17:18,331 [grpc-default-executor-6] INFO  impl.RaftServerProxy (RaftServerProxy.java:remove(95)) - d3f833b2-527d-4ab6-a086-d6ad4a131c32: remove group-9D5AAEACE39C:null
2019-09-16 16:17:18,334 [RatisPipelineUtilsThread] WARN  pipeline.RatisPipelineUtils (RatisPipelineUtils.java:destroyPipeline(66)) - Pipeline destroy failed for pipeline=PipelineID=66475b26-f7ec-4ee2-b1cf-9d5aaeace39c dn=d3f833b2-527d-4ab6-a086-d6ad4a131c32{ip: 192.168.34.47, host: pr-hdds-2111-ptm9r-3382166736, networkLocation: /default-rack, certSerialId: null}
2019-09-16 16:17:18,334 [RatisPipelineUtilsThread] ERROR pipeline.SCMPipelineManager (Scheduler.java:lambda$schedule$1(70)) - Destroy pipeline failed for pipeline:Pipeline[ Id: 66475b26-f7ec-4ee2-b1cf-9d5aaeace39c, Nodes: 8f6ed14e-9847-41b2-84b1-f48134b0885d{ip: 192.168.34.47, host: pr-hdds-2111-ptm9r-3382166736, networkLocation: /default-rack, certSerialId: null}6151a780-4ba7-403b-be5b-70f0763d4a32{ip: 192.168.34.47, host: pr-hdds-2111-ptm9r-3382166736, networkLocation: /default-rack, certSerialId: null}d3f833b2-527d-4ab6-a086-d6ad4a131c32{ip: 192.168.34.47, host: pr-hdds-2111-ptm9r-3382166736, networkLocation: /default-rack, certSerialId: null}, Type:RATIS, Factor:THREE, State:CLOSED]
org.apache.hadoop.hdds.scm.pipeline.PipelineNotFoundException: PipelineID=66475b26-f7ec-4ee2-b1cf-9d5aaeace39c not found
	at org.apache.hadoop.hdds.scm.pipeline.PipelineStateMap.getPipeline(PipelineStateMap.java:132)
	at org.apache.hadoop.hdds.scm.pipeline.PipelineStateMap.removePipeline(PipelineStateMap.java:322)
	at org.apache.hadoop.hdds.scm.pipeline.PipelineStateManager.removePipeline(PipelineStateManager.java:107)
	at org.apache.hadoop.hdds.scm.pipeline.SCMPipelineManager.removePipeline(SCMPipelineManager.java:423)
	at org.apache.hadoop.hdds.scm.pipeline.SCMPipelineManager.destroyPipeline(SCMPipelineManager.java:409)
	at org.apache.hadoop.hdds.scm.pipeline.SCMPipelineManager.lambda$finalizeAndDestroyPipeline$0(SCMPipelineManager.java:318)
	at org.apache.hadoop.utils.Scheduler.lambda$schedule$1(Scheduler.java:68)
	at java.util.concurrent.Executors$RunnableAdapter.call(Executors.java:511)
	at java.util.concurrent.FutureTask.run(FutureTask.java:266)
	at java.util.concurrent.ScheduledThreadPoolExecutor$ScheduledFutureTask.access$201(ScheduledThreadPoolExecutor.java:180)
	at java.util.concurrent.ScheduledThreadPoolExecutor$ScheduledFutureTask.run(ScheduledThreadPoolExecutor.java:293)
	at java.util.concurrent.ThreadPoolExecutor.runWorker(ThreadPoolExecutor.java:1149)
	at java.util.concurrent.ThreadPoolExecutor$Worker.run(ThreadPoolExecutor.java:624)
	at java.lang.Thread.run(Thread.java:748)
2019-09-16 16:17:18,584 [java.util.concurrent.ThreadPoolExecutor$Worker@22ff49d0[State = -1, empty queue]] WARN  server.GrpcLogAppender (GrpcLogAppender.java:timeoutAppendRequest(200)) - d3f833b2-527d-4ab6-a086-d6ad4a131c32@group-E0A55ED5C792->6151a780-4ba7-403b-be5b-70f0763d4a32-GrpcLogAppender: appendEntries Timeout, request=d3f833b2-527d-4ab6-a086-d6ad4a131c32->6151a780-4ba7-403b-be5b-70f0763d4a32#33-t1, previous=(t:1, i:22), leaderCommit=16, initializing? false, entries: <empty>
2019-09-16 16:17:18,584 [java.util.concurrent.ThreadPoolExecutor$Worker@576cfcf[State = -1, empty queue]] WARN  server.GrpcLogAppender (GrpcLogAppender.java:timeoutAppendRequest(200)) - d3f833b2-527d-4ab6-a086-d6ad4a131c32@group-E0A55ED5C792->8f6ed14e-9847-41b2-84b1-f48134b0885d-GrpcLogAppender: appendEntries Timeout, request=d3f833b2-527d-4ab6-a086-d6ad4a131c32->8f6ed14e-9847-41b2-84b1-f48134b0885d#33-t1, previous=(t:1, i:22), leaderCommit=16, initializing? false, entries: <empty>
2019-09-16 16:17:20,579 [d3f833b2-527d-4ab6-a086-d6ad4a131c32@group-E0A55ED5C792-SegmentedRaftLogWorker] WARN  segmented.SegmentedRaftLogWorker (SegmentedRaftLogWorker.java:getFromFuture(90)) - Timeout 2/~
org.apache.ratis.protocol.TimeoutIOException: Timeout 10s: WriteLog:17: (t:1, i:17), STATEMACHINELOGENTRY, client-2CD27A2BD368, cid=54-writeStateMachineData
	at org.apache.ratis.util.IOUtils.getFromFuture(IOUtils.java:87)
	at org.apache.ratis.server.raftlog.segmented.SegmentedRaftLogWorker$StateMachineDataPolicy.getFromFuture(SegmentedRaftLogWorker.java:87)
	at org.apache.ratis.server.raftlog.segmented.SegmentedRaftLogWorker$WriteLog.execute(SegmentedRaftLogWorker.java:477)
	at org.apache.ratis.server.raftlog.segmented.SegmentedRaftLogWorker.run(SegmentedRaftLogWorker.java:289)
	at java.lang.Thread.run(Thread.java:748)
Caused by: java.util.concurrent.TimeoutException
	at java.util.concurrent.CompletableFuture.timedGet(CompletableFuture.java:1771)
	at java.util.concurrent.CompletableFuture.get(CompletableFuture.java:1915)
	at org.apache.ratis.util.IOUtils.getFromFuture(IOUtils.java:79)
	... 4 more
2019-09-16 16:17:20,579 [6151a780-4ba7-403b-be5b-70f0763d4a32@group-E0A55ED5C792-SegmentedRaftLogWorker] WARN  segmented.SegmentedRaftLogWorker (SegmentedRaftLogWorker.java:getFromFuture(90)) - Timeout 2/~
org.apache.ratis.protocol.TimeoutIOException: Timeout 10s: WriteLog:17: (t:1, i:17), STATEMACHINELOGENTRY, client-2CD27A2BD368, cid=54-writeStateMachineData
	at org.apache.ratis.util.IOUtils.getFromFuture(IOUtils.java:87)
	at org.apache.ratis.server.raftlog.segmented.SegmentedRaftLogWorker$StateMachineDataPolicy.getFromFuture(SegmentedRaftLogWorker.java:87)
	at org.apache.ratis.server.raftlog.segmented.SegmentedRaftLogWorker$WriteLog.execute(SegmentedRaftLogWorker.java:477)
	at org.apache.ratis.server.raftlog.segmented.SegmentedRaftLogWorker.run(SegmentedRaftLogWorker.java:289)
	at java.lang.Thread.run(Thread.java:748)
Caused by: java.util.concurrent.TimeoutException
	at java.util.concurrent.CompletableFuture.timedGet(CompletableFuture.java:1771)
	at java.util.concurrent.CompletableFuture.get(CompletableFuture.java:1915)
	at org.apache.ratis.util.IOUtils.getFromFuture(IOUtils.java:79)
	... 4 more
2019-09-16 16:17:20,579 [8f6ed14e-9847-41b2-84b1-f48134b0885d@group-E0A55ED5C792-SegmentedRaftLogWorker] WARN  segmented.SegmentedRaftLogWorker (SegmentedRaftLogWorker.java:getFromFuture(90)) - Timeout 2/~
org.apache.ratis.protocol.TimeoutIOException: Timeout 10s: WriteLog:17: (t:1, i:17), STATEMACHINELOGENTRY, client-2CD27A2BD368, cid=54-writeStateMachineData
	at org.apache.ratis.util.IOUtils.getFromFuture(IOUtils.java:87)
	at org.apache.ratis.server.raftlog.segmented.SegmentedRaftLogWorker$StateMachineDataPolicy.getFromFuture(SegmentedRaftLogWorker.java:87)
	at org.apache.ratis.server.raftlog.segmented.SegmentedRaftLogWorker$WriteLog.execute(SegmentedRaftLogWorker.java:477)
	at org.apache.ratis.server.raftlog.segmented.SegmentedRaftLogWorker.run(SegmentedRaftLogWorker.java:289)
	at java.lang.Thread.run(Thread.java:748)
Caused by: java.util.concurrent.TimeoutException
	at java.util.concurrent.CompletableFuture.timedGet(CompletableFuture.java:1771)
	at java.util.concurrent.CompletableFuture.get(CompletableFuture.java:1915)
	at org.apache.ratis.util.IOUtils.getFromFuture(IOUtils.java:79)
	... 4 more
2019-09-16 16:17:20,802 [grpc-default-executor-6] INFO  client.GrpcClientProtocolClient (GrpcClientProtocolClient.java:onNext(264)) - client-2CD27A2BD368->8f6ed14e-9847-41b2-84b1-f48134b0885d: receive RaftClientReply:client-2CD27A2BD368->8f6ed14e-9847-41b2-84b1-f48134b0885d@group-E0A55ED5C792, cid=54, FAILED org.apache.ratis.protocol.NotLeaderException: Server 8f6ed14e-9847-41b2-84b1-f48134b0885d@group-E0A55ED5C792 is not the leader d3f833b2-527d-4ab6-a086-d6ad4a131c32:192.168.34.47:36523, logIndex=0, commits[8f6ed14e-9847-41b2-84b1-f48134b0885d:c16, 6151a780-4ba7-403b-be5b-70f0763d4a32:c14, d3f833b2-527d-4ab6-a086-d6ad4a131c32:c16]
2019-09-16 16:17:21,085 [java.util.concurrent.ThreadPoolExecutor$Worker@576cfcf[State = -1, empty queue]] WARN  server.GrpcLogAppender (GrpcLogAppender.java:timeoutAppendRequest(200)) - d3f833b2-527d-4ab6-a086-d6ad4a131c32@group-E0A55ED5C792->8f6ed14e-9847-41b2-84b1-f48134b0885d-GrpcLogAppender: appendEntries Timeout, request=d3f833b2-527d-4ab6-a086-d6ad4a131c32->8f6ed14e-9847-41b2-84b1-f48134b0885d#34-t1, previous=(t:1, i:22), leaderCommit=16, initializing? false, entries: <empty>
2019-09-16 16:17:21,085 [java.util.concurrent.ThreadPoolExecutor$Worker@22ff49d0[State = -1, empty queue]] WARN  server.GrpcLogAppender (GrpcLogAppender.java:timeoutAppendRequest(200)) - d3f833b2-527d-4ab6-a086-d6ad4a131c32@group-E0A55ED5C792->6151a780-4ba7-403b-be5b-70f0763d4a32-GrpcLogAppender: appendEntries Timeout, request=d3f833b2-527d-4ab6-a086-d6ad4a131c32->6151a780-4ba7-403b-be5b-70f0763d4a32#34-t1, previous=(t:1, i:22), leaderCommit=16, initializing? false, entries: <empty>
2019-09-16 16:17:21,316 [grpc-default-executor-1] INFO  impl.RaftServerProxy (RaftServerProxy.java:remove(95)) - 8f6ed14e-9847-41b2-84b1-f48134b0885d: remove group-9D5AAEACE39C:null
2019-09-16 16:17:21,319 [RatisPipelineUtilsThread] WARN  pipeline.RatisPipelineUtils (RatisPipelineUtils.java:destroyPipeline(66)) - Pipeline destroy failed for pipeline=PipelineID=66475b26-f7ec-4ee2-b1cf-9d5aaeace39c dn=8f6ed14e-9847-41b2-84b1-f48134b0885d{ip: 192.168.34.47, host: pr-hdds-2111-ptm9r-3382166736, networkLocation: /default-rack, certSerialId: null}
2019-09-16 16:17:21,323 [grpc-default-executor-1] INFO  impl.RaftServerProxy (RaftServerProxy.java:remove(95)) - 6151a780-4ba7-403b-be5b-70f0763d4a32: remove group-9D5AAEACE39C:null
2019-09-16 16:17:21,326 [RatisPipelineUtilsThread] WARN  pipeline.RatisPipelineUtils (RatisPipelineUtils.java:destroyPipeline(66)) - Pipeline destroy failed for pipeline=PipelineID=66475b26-f7ec-4ee2-b1cf-9d5aaeace39c dn=6151a780-4ba7-403b-be5b-70f0763d4a32{ip: 192.168.34.47, host: pr-hdds-2111-ptm9r-3382166736, networkLocation: /default-rack, certSerialId: null}
2019-09-16 16:17:21,328 [grpc-default-executor-1] INFO  impl.RaftServerProxy (RaftServerProxy.java:remove(95)) - d3f833b2-527d-4ab6-a086-d6ad4a131c32: remove group-9D5AAEACE39C:null
2019-09-16 16:17:21,331 [RatisPipelineUtilsThread] WARN  pipeline.RatisPipelineUtils (RatisPipelineUtils.java:destroyPipeline(66)) - Pipeline destroy failed for pipeline=PipelineID=66475b26-f7ec-4ee2-b1cf-9d5aaeace39c dn=d3f833b2-527d-4ab6-a086-d6ad4a131c32{ip: 192.168.34.47, host: pr-hdds-2111-ptm9r-3382166736, networkLocation: /default-rack, certSerialId: null}
2019-09-16 16:17:21,332 [RatisPipelineUtilsThread] ERROR pipeline.SCMPipelineManager (Scheduler.java:lambda$schedule$1(70)) - Destroy pipeline failed for pipeline:Pipeline[ Id: 66475b26-f7ec-4ee2-b1cf-9d5aaeace39c, Nodes: 8f6ed14e-9847-41b2-84b1-f48134b0885d{ip: 192.168.34.47, host: pr-hdds-2111-ptm9r-3382166736, networkLocation: /default-rack, certSerialId: null}6151a780-4ba7-403b-be5b-70f0763d4a32{ip: 192.168.34.47, host: pr-hdds-2111-ptm9r-3382166736, networkLocation: /default-rack, certSerialId: null}d3f833b2-527d-4ab6-a086-d6ad4a131c32{ip: 192.168.34.47, host: pr-hdds-2111-ptm9r-3382166736, networkLocation: /default-rack, certSerialId: null}, Type:RATIS, Factor:THREE, State:CLOSED]
org.apache.hadoop.hdds.scm.pipeline.PipelineNotFoundException: PipelineID=66475b26-f7ec-4ee2-b1cf-9d5aaeace39c not found
	at org.apache.hadoop.hdds.scm.pipeline.PipelineStateMap.getPipeline(PipelineStateMap.java:132)
	at org.apache.hadoop.hdds.scm.pipeline.PipelineStateMap.removePipeline(PipelineStateMap.java:322)
	at org.apache.hadoop.hdds.scm.pipeline.PipelineStateManager.removePipeline(PipelineStateManager.java:107)
	at org.apache.hadoop.hdds.scm.pipeline.SCMPipelineManager.removePipeline(SCMPipelineManager.java:423)
	at org.apache.hadoop.hdds.scm.pipeline.SCMPipelineManager.destroyPipeline(SCMPipelineManager.java:409)
	at org.apache.hadoop.hdds.scm.pipeline.SCMPipelineManager.lambda$finalizeAndDestroyPipeline$0(SCMPipelineManager.java:318)
	at org.apache.hadoop.utils.Scheduler.lambda$schedule$1(Scheduler.java:68)
	at java.util.concurrent.Executors$RunnableAdapter.call(Executors.java:511)
	at java.util.concurrent.FutureTask.run(FutureTask.java:266)
	at java.util.concurrent.ScheduledThreadPoolExecutor$ScheduledFutureTask.access$201(ScheduledThreadPoolExecutor.java:180)
	at java.util.concurrent.ScheduledThreadPoolExecutor$ScheduledFutureTask.run(ScheduledThreadPoolExecutor.java:293)
	at java.util.concurrent.ThreadPoolExecutor.runWorker(ThreadPoolExecutor.java:1149)
	at java.util.concurrent.ThreadPoolExecutor$Worker.run(ThreadPoolExecutor.java:624)
	at java.lang.Thread.run(Thread.java:748)
2019-09-16 16:17:23,322 [grpc-default-executor-5] INFO  impl.RaftServerProxy (RaftServerProxy.java:remove(95)) - 8f6ed14e-9847-41b2-84b1-f48134b0885d: remove group-9D5AAEACE39C:null
2019-09-16 16:17:23,326 [RatisPipelineUtilsThread] WARN  pipeline.RatisPipelineUtils (RatisPipelineUtils.java:destroyPipeline(66)) - Pipeline destroy failed for pipeline=PipelineID=66475b26-f7ec-4ee2-b1cf-9d5aaeace39c dn=8f6ed14e-9847-41b2-84b1-f48134b0885d{ip: 192.168.34.47, host: pr-hdds-2111-ptm9r-3382166736, networkLocation: /default-rack, certSerialId: null}
2019-09-16 16:17:23,330 [grpc-default-executor-5] INFO  impl.RaftServerProxy (RaftServerProxy.java:remove(95)) - 6151a780-4ba7-403b-be5b-70f0763d4a32: remove group-9D5AAEACE39C:null
2019-09-16 16:17:23,332 [RatisPipelineUtilsThread] WARN  pipeline.RatisPipelineUtils (RatisPipelineUtils.java:destroyPipeline(66)) - Pipeline destroy failed for pipeline=PipelineID=66475b26-f7ec-4ee2-b1cf-9d5aaeace39c dn=6151a780-4ba7-403b-be5b-70f0763d4a32{ip: 192.168.34.47, host: pr-hdds-2111-ptm9r-3382166736, networkLocation: /default-rack, certSerialId: null}
2019-09-16 16:17:23,335 [grpc-default-executor-5] INFO  impl.RaftServerProxy (RaftServerProxy.java:remove(95)) - d3f833b2-527d-4ab6-a086-d6ad4a131c32: remove group-9D5AAEACE39C:null
2019-09-16 16:17:23,337 [RatisPipelineUtilsThread] WARN  pipeline.RatisPipelineUtils (RatisPipelineUtils.java:destroyPipeline(66)) - Pipeline destroy failed for pipeline=PipelineID=66475b26-f7ec-4ee2-b1cf-9d5aaeace39c dn=d3f833b2-527d-4ab6-a086-d6ad4a131c32{ip: 192.168.34.47, host: pr-hdds-2111-ptm9r-3382166736, networkLocation: /default-rack, certSerialId: null}
2019-09-16 16:17:23,338 [RatisPipelineUtilsThread] ERROR pipeline.SCMPipelineManager (Scheduler.java:lambda$schedule$1(70)) - Destroy pipeline failed for pipeline:Pipeline[ Id: 66475b26-f7ec-4ee2-b1cf-9d5aaeace39c, Nodes: 8f6ed14e-9847-41b2-84b1-f48134b0885d{ip: 192.168.34.47, host: pr-hdds-2111-ptm9r-3382166736, networkLocation: /default-rack, certSerialId: null}6151a780-4ba7-403b-be5b-70f0763d4a32{ip: 192.168.34.47, host: pr-hdds-2111-ptm9r-3382166736, networkLocation: /default-rack, certSerialId: null}d3f833b2-527d-4ab6-a086-d6ad4a131c32{ip: 192.168.34.47, host: pr-hdds-2111-ptm9r-3382166736, networkLocation: /default-rack, certSerialId: null}, Type:RATIS, Factor:THREE, State:CLOSED]
org.apache.hadoop.hdds.scm.pipeline.PipelineNotFoundException: PipelineID=66475b26-f7ec-4ee2-b1cf-9d5aaeace39c not found
	at org.apache.hadoop.hdds.scm.pipeline.PipelineStateMap.getPipeline(PipelineStateMap.java:132)
	at org.apache.hadoop.hdds.scm.pipeline.PipelineStateMap.removePipeline(PipelineStateMap.java:322)
	at org.apache.hadoop.hdds.scm.pipeline.PipelineStateManager.removePipeline(PipelineStateManager.java:107)
	at org.apache.hadoop.hdds.scm.pipeline.SCMPipelineManager.removePipeline(SCMPipelineManager.java:423)
	at org.apache.hadoop.hdds.scm.pipeline.SCMPipelineManager.destroyPipeline(SCMPipelineManager.java:409)
	at org.apache.hadoop.hdds.scm.pipeline.SCMPipelineManager.lambda$finalizeAndDestroyPipeline$0(SCMPipelineManager.java:318)
	at org.apache.hadoop.utils.Scheduler.lambda$schedule$1(Scheduler.java:68)
	at java.util.concurrent.Executors$RunnableAdapter.call(Executors.java:511)
	at java.util.concurrent.FutureTask.run(FutureTask.java:266)
	at java.util.concurrent.ScheduledThreadPoolExecutor$ScheduledFutureTask.access$201(ScheduledThreadPoolExecutor.java:180)
	at java.util.concurrent.ScheduledThreadPoolExecutor$ScheduledFutureTask.run(ScheduledThreadPoolExecutor.java:293)
	at java.util.concurrent.ThreadPoolExecutor.runWorker(ThreadPoolExecutor.java:1149)
	at java.util.concurrent.ThreadPoolExecutor$Worker.run(ThreadPoolExecutor.java:624)
	at java.lang.Thread.run(Thread.java:748)
2019-09-16 16:17:23,586 [java.util.concurrent.ThreadPoolExecutor$Worker@22ff49d0[State = -1, empty queue]] WARN  server.GrpcLogAppender (GrpcLogAppender.java:timeoutAppendRequest(200)) - d3f833b2-527d-4ab6-a086-d6ad4a131c32@group-E0A55ED5C792->6151a780-4ba7-403b-be5b-70f0763d4a32-GrpcLogAppender: appendEntries Timeout, request=d3f833b2-527d-4ab6-a086-d6ad4a131c32->6151a780-4ba7-403b-be5b-70f0763d4a32#35-t1, previous=(t:1, i:22), leaderCommit=16, initializing? false, entries: <empty>
2019-09-16 16:17:23,586 [java.util.concurrent.ThreadPoolExecutor$Worker@576cfcf[State = -1, empty queue]] WARN  server.GrpcLogAppender (GrpcLogAppender.java:timeoutAppendRequest(200)) - d3f833b2-527d-4ab6-a086-d6ad4a131c32@group-E0A55ED5C792->8f6ed14e-9847-41b2-84b1-f48134b0885d-GrpcLogAppender: appendEntries Timeout, request=d3f833b2-527d-4ab6-a086-d6ad4a131c32->8f6ed14e-9847-41b2-84b1-f48134b0885d#35-t1, previous=(t:1, i:22), leaderCommit=16, initializing? false, entries: <empty>
2019-09-16 16:17:25,859 [grpc-default-executor-5] INFO  client.GrpcClientProtocolClient (GrpcClientProtocolClient.java:onNext(264)) - client-2CD27A2BD368->8f6ed14e-9847-41b2-84b1-f48134b0885d: receive RaftClientReply:client-2CD27A2BD368->8f6ed14e-9847-41b2-84b1-f48134b0885d@group-E0A55ED5C792, cid=54, FAILED org.apache.ratis.protocol.NotLeaderException: Server 8f6ed14e-9847-41b2-84b1-f48134b0885d@group-E0A55ED5C792 is not the leader d3f833b2-527d-4ab6-a086-d6ad4a131c32:192.168.34.47:36523, logIndex=0, commits[8f6ed14e-9847-41b2-84b1-f48134b0885d:c16, 6151a780-4ba7-403b-be5b-70f0763d4a32:c14, d3f833b2-527d-4ab6-a086-d6ad4a131c32:c16]
2019-09-16 16:17:26,087 [java.util.concurrent.ThreadPoolExecutor$Worker@576cfcf[State = -1, empty queue]] WARN  server.GrpcLogAppender (GrpcLogAppender.java:timeoutAppendRequest(200)) - d3f833b2-527d-4ab6-a086-d6ad4a131c32@group-E0A55ED5C792->8f6ed14e-9847-41b2-84b1-f48134b0885d-GrpcLogAppender: appendEntries Timeout, request=d3f833b2-527d-4ab6-a086-d6ad4a131c32->8f6ed14e-9847-41b2-84b1-f48134b0885d#36-t1, previous=(t:1, i:22), leaderCommit=16, initializing? false, entries: <empty>
2019-09-16 16:17:26,087 [java.util.concurrent.ThreadPoolExecutor$Worker@22ff49d0[State = -1, empty queue]] WARN  server.GrpcLogAppender (GrpcLogAppender.java:timeoutAppendRequest(200)) - d3f833b2-527d-4ab6-a086-d6ad4a131c32@group-E0A55ED5C792->6151a780-4ba7-403b-be5b-70f0763d4a32-GrpcLogAppender: appendEntries Timeout, request=d3f833b2-527d-4ab6-a086-d6ad4a131c32->6151a780-4ba7-403b-be5b-70f0763d4a32#36-t1, previous=(t:1, i:22), leaderCommit=16, initializing? false, entries: <empty>
2019-09-16 16:17:26,320 [grpc-default-executor-5] INFO  impl.RaftServerProxy (RaftServerProxy.java:remove(95)) - 8f6ed14e-9847-41b2-84b1-f48134b0885d: remove group-9D5AAEACE39C:null
2019-09-16 16:17:26,322 [RatisPipelineUtilsThread] WARN  pipeline.RatisPipelineUtils (RatisPipelineUtils.java:destroyPipeline(66)) - Pipeline destroy failed for pipeline=PipelineID=66475b26-f7ec-4ee2-b1cf-9d5aaeace39c dn=8f6ed14e-9847-41b2-84b1-f48134b0885d{ip: 192.168.34.47, host: pr-hdds-2111-ptm9r-3382166736, networkLocation: /default-rack, certSerialId: null}
2019-09-16 16:17:26,325 [grpc-default-executor-5] INFO  impl.RaftServerProxy (RaftServerProxy.java:remove(95)) - 6151a780-4ba7-403b-be5b-70f0763d4a32: remove group-9D5AAEACE39C:null
2019-09-16 16:17:26,327 [RatisPipelineUtilsThread] WARN  pipeline.RatisPipelineUtils (RatisPipelineUtils.java:destroyPipeline(66)) - Pipeline destroy failed for pipeline=PipelineID=66475b26-f7ec-4ee2-b1cf-9d5aaeace39c dn=6151a780-4ba7-403b-be5b-70f0763d4a32{ip: 192.168.34.47, host: pr-hdds-2111-ptm9r-3382166736, networkLocation: /default-rack, certSerialId: null}
2019-09-16 16:17:26,330 [grpc-default-executor-5] INFO  impl.RaftServerProxy (RaftServerProxy.java:remove(95)) - d3f833b2-527d-4ab6-a086-d6ad4a131c32: remove group-9D5AAEACE39C:null
2019-09-16 16:17:26,332 [RatisPipelineUtilsThread] WARN  pipeline.RatisPipelineUtils (RatisPipelineUtils.java:destroyPipeline(66)) - Pipeline destroy failed for pipeline=PipelineID=66475b26-f7ec-4ee2-b1cf-9d5aaeace39c dn=d3f833b2-527d-4ab6-a086-d6ad4a131c32{ip: 192.168.34.47, host: pr-hdds-2111-ptm9r-3382166736, networkLocation: /default-rack, certSerialId: null}
2019-09-16 16:17:26,332 [RatisPipelineUtilsThread] ERROR pipeline.SCMPipelineManager (Scheduler.java:lambda$schedule$1(70)) - Destroy pipeline failed for pipeline:Pipeline[ Id: 66475b26-f7ec-4ee2-b1cf-9d5aaeace39c, Nodes: 8f6ed14e-9847-41b2-84b1-f48134b0885d{ip: 192.168.34.47, host: pr-hdds-2111-ptm9r-3382166736, networkLocation: /default-rack, certSerialId: null}6151a780-4ba7-403b-be5b-70f0763d4a32{ip: 192.168.34.47, host: pr-hdds-2111-ptm9r-3382166736, networkLocation: /default-rack, certSerialId: null}d3f833b2-527d-4ab6-a086-d6ad4a131c32{ip: 192.168.34.47, host: pr-hdds-2111-ptm9r-3382166736, networkLocation: /default-rack, certSerialId: null}, Type:RATIS, Factor:THREE, State:CLOSED]
org.apache.hadoop.hdds.scm.pipeline.PipelineNotFoundException: PipelineID=66475b26-f7ec-4ee2-b1cf-9d5aaeace39c not found
	at org.apache.hadoop.hdds.scm.pipeline.PipelineStateMap.getPipeline(PipelineStateMap.java:132)
	at org.apache.hadoop.hdds.scm.pipeline.PipelineStateMap.removePipeline(PipelineStateMap.java:322)
	at org.apache.hadoop.hdds.scm.pipeline.PipelineStateManager.removePipeline(PipelineStateManager.java:107)
	at org.apache.hadoop.hdds.scm.pipeline.SCMPipelineManager.removePipeline(SCMPipelineManager.java:423)
	at org.apache.hadoop.hdds.scm.pipeline.SCMPipelineManager.destroyPipeline(SCMPipelineManager.java:409)
	at org.apache.hadoop.hdds.scm.pipeline.SCMPipelineManager.lambda$finalizeAndDestroyPipeline$0(SCMPipelineManager.java:318)
	at org.apache.hadoop.utils.Scheduler.lambda$schedule$1(Scheduler.java:68)
	at java.util.concurrent.Executors$RunnableAdapter.call(Executors.java:511)
	at java.util.concurrent.FutureTask.run(FutureTask.java:266)
	at java.util.concurrent.ScheduledThreadPoolExecutor$ScheduledFutureTask.access$201(ScheduledThreadPoolExecutor.java:180)
	at java.util.concurrent.ScheduledThreadPoolExecutor$ScheduledFutureTask.run(ScheduledThreadPoolExecutor.java:293)
	at java.util.concurrent.ThreadPoolExecutor.runWorker(ThreadPoolExecutor.java:1149)
	at java.util.concurrent.ThreadPoolExecutor$Worker.run(ThreadPoolExecutor.java:624)
	at java.lang.Thread.run(Thread.java:748)
2019-09-16 16:17:28,317 [grpc-default-executor-1] INFO  impl.RaftServerProxy (RaftServerProxy.java:remove(95)) - 8f6ed14e-9847-41b2-84b1-f48134b0885d: remove group-9D5AAEACE39C:null
2019-09-16 16:17:28,320 [RatisPipelineUtilsThread] WARN  pipeline.RatisPipelineUtils (RatisPipelineUtils.java:destroyPipeline(66)) - Pipeline destroy failed for pipeline=PipelineID=66475b26-f7ec-4ee2-b1cf-9d5aaeace39c dn=8f6ed14e-9847-41b2-84b1-f48134b0885d{ip: 192.168.34.47, host: pr-hdds-2111-ptm9r-3382166736, networkLocation: /default-rack, certSerialId: null}
2019-09-16 16:17:28,323 [grpc-default-executor-1] INFO  impl.RaftServerProxy (RaftServerProxy.java:remove(95)) - 6151a780-4ba7-403b-be5b-70f0763d4a32: remove group-9D5AAEACE39C:null
2019-09-16 16:17:28,325 [RatisPipelineUtilsThread] WARN  pipeline.RatisPipelineUtils (RatisPipelineUtils.java:destroyPipeline(66)) - Pipeline destroy failed for pipeline=PipelineID=66475b26-f7ec-4ee2-b1cf-9d5aaeace39c dn=6151a780-4ba7-403b-be5b-70f0763d4a32{ip: 192.168.34.47, host: pr-hdds-2111-ptm9r-3382166736, networkLocation: /default-rack, certSerialId: null}
2019-09-16 16:17:28,328 [grpc-default-executor-1] INFO  impl.RaftServerProxy (RaftServerProxy.java:remove(95)) - d3f833b2-527d-4ab6-a086-d6ad4a131c32: remove group-9D5AAEACE39C:null
2019-09-16 16:17:28,330 [RatisPipelineUtilsThread] WARN  pipeline.RatisPipelineUtils (RatisPipelineUtils.java:destroyPipeline(66)) - Pipeline destroy failed for pipeline=PipelineID=66475b26-f7ec-4ee2-b1cf-9d5aaeace39c dn=d3f833b2-527d-4ab6-a086-d6ad4a131c32{ip: 192.168.34.47, host: pr-hdds-2111-ptm9r-3382166736, networkLocation: /default-rack, certSerialId: null}
2019-09-16 16:17:28,331 [RatisPipelineUtilsThread] ERROR pipeline.SCMPipelineManager (Scheduler.java:lambda$schedule$1(70)) - Destroy pipeline failed for pipeline:Pipeline[ Id: 66475b26-f7ec-4ee2-b1cf-9d5aaeace39c, Nodes: 8f6ed14e-9847-41b2-84b1-f48134b0885d{ip: 192.168.34.47, host: pr-hdds-2111-ptm9r-3382166736, networkLocation: /default-rack, certSerialId: null}6151a780-4ba7-403b-be5b-70f0763d4a32{ip: 192.168.34.47, host: pr-hdds-2111-ptm9r-3382166736, networkLocation: /default-rack, certSerialId: null}d3f833b2-527d-4ab6-a086-d6ad4a131c32{ip: 192.168.34.47, host: pr-hdds-2111-ptm9r-3382166736, networkLocation: /default-rack, certSerialId: null}, Type:RATIS, Factor:THREE, State:CLOSED]
org.apache.hadoop.hdds.scm.pipeline.PipelineNotFoundException: PipelineID=66475b26-f7ec-4ee2-b1cf-9d5aaeace39c not found
	at org.apache.hadoop.hdds.scm.pipeline.PipelineStateMap.getPipeline(PipelineStateMap.java:132)
	at org.apache.hadoop.hdds.scm.pipeline.PipelineStateMap.removePipeline(PipelineStateMap.java:322)
	at org.apache.hadoop.hdds.scm.pipeline.PipelineStateManager.removePipeline(PipelineStateManager.java:107)
	at org.apache.hadoop.hdds.scm.pipeline.SCMPipelineManager.removePipeline(SCMPipelineManager.java:423)
	at org.apache.hadoop.hdds.scm.pipeline.SCMPipelineManager.destroyPipeline(SCMPipelineManager.java:409)
	at org.apache.hadoop.hdds.scm.pipeline.SCMPipelineManager.lambda$finalizeAndDestroyPipeline$0(SCMPipelineManager.java:318)
	at org.apache.hadoop.utils.Scheduler.lambda$schedule$1(Scheduler.java:68)
	at java.util.concurrent.Executors$RunnableAdapter.call(Executors.java:511)
	at java.util.concurrent.FutureTask.run(FutureTask.java:266)
	at java.util.concurrent.ScheduledThreadPoolExecutor$ScheduledFutureTask.access$201(ScheduledThreadPoolExecutor.java:180)
	at java.util.concurrent.ScheduledThreadPoolExecutor$ScheduledFutureTask.run(ScheduledThreadPoolExecutor.java:293)
	at java.util.concurrent.ThreadPoolExecutor.runWorker(ThreadPoolExecutor.java:1149)
	at java.util.concurrent.ThreadPoolExecutor$Worker.run(ThreadPoolExecutor.java:624)
	at java.lang.Thread.run(Thread.java:748)
2019-09-16 16:17:28,587 [java.util.concurrent.ThreadPoolExecutor$Worker@576cfcf[State = -1, empty queue]] WARN  server.GrpcLogAppender (GrpcLogAppender.java:timeoutAppendRequest(200)) - d3f833b2-527d-4ab6-a086-d6ad4a131c32@group-E0A55ED5C792->8f6ed14e-9847-41b2-84b1-f48134b0885d-GrpcLogAppender: appendEntries Timeout, request=d3f833b2-527d-4ab6-a086-d6ad4a131c32->8f6ed14e-9847-41b2-84b1-f48134b0885d#37-t1, previous=(t:1, i:22), leaderCommit=16, initializing? false, entries: <empty>
2019-09-16 16:17:28,587 [java.util.concurrent.ThreadPoolExecutor$Worker@22ff49d0[State = -1, empty queue]] WARN  server.GrpcLogAppender (GrpcLogAppender.java:timeoutAppendRequest(200)) - d3f833b2-527d-4ab6-a086-d6ad4a131c32@group-E0A55ED5C792->6151a780-4ba7-403b-be5b-70f0763d4a32-GrpcLogAppender: appendEntries Timeout, request=d3f833b2-527d-4ab6-a086-d6ad4a131c32->6151a780-4ba7-403b-be5b-70f0763d4a32#37-t1, previous=(t:1, i:22), leaderCommit=16, initializing? false, entries: <empty>
2019-09-16 16:17:30,580 [d3f833b2-527d-4ab6-a086-d6ad4a131c32@group-E0A55ED5C792-SegmentedRaftLogWorker] WARN  segmented.SegmentedRaftLogWorker (SegmentedRaftLogWorker.java:getFromFuture(90)) - Timeout 3/~
org.apache.ratis.protocol.TimeoutIOException: Timeout 10s: WriteLog:17: (t:1, i:17), STATEMACHINELOGENTRY, client-2CD27A2BD368, cid=54-writeStateMachineData
	at org.apache.ratis.util.IOUtils.getFromFuture(IOUtils.java:87)
	at org.apache.ratis.server.raftlog.segmented.SegmentedRaftLogWorker$StateMachineDataPolicy.getFromFuture(SegmentedRaftLogWorker.java:87)
	at org.apache.ratis.server.raftlog.segmented.SegmentedRaftLogWorker$WriteLog.execute(SegmentedRaftLogWorker.java:477)
	at org.apache.ratis.server.raftlog.segmented.SegmentedRaftLogWorker.run(SegmentedRaftLogWorker.java:289)
	at java.lang.Thread.run(Thread.java:748)
Caused by: java.util.concurrent.TimeoutException
	at java.util.concurrent.CompletableFuture.timedGet(CompletableFuture.java:1771)
	at java.util.concurrent.CompletableFuture.get(CompletableFuture.java:1915)
	at org.apache.ratis.util.IOUtils.getFromFuture(IOUtils.java:79)
	... 4 more
2019-09-16 16:17:30,581 [8f6ed14e-9847-41b2-84b1-f48134b0885d@group-E0A55ED5C792-SegmentedRaftLogWorker] WARN  segmented.SegmentedRaftLogWorker (SegmentedRaftLogWorker.java:getFromFuture(90)) - Timeout 3/~
org.apache.ratis.protocol.TimeoutIOException: Timeout 10s: WriteLog:17: (t:1, i:17), STATEMACHINELOGENTRY, client-2CD27A2BD368, cid=54-writeStateMachineData
	at org.apache.ratis.util.IOUtils.getFromFuture(IOUtils.java:87)
	at org.apache.ratis.server.raftlog.segmented.SegmentedRaftLogWorker$StateMachineDataPolicy.getFromFuture(SegmentedRaftLogWorker.java:87)
	at org.apache.ratis.server.raftlog.segmented.SegmentedRaftLogWorker$WriteLog.execute(SegmentedRaftLogWorker.java:477)
	at org.apache.ratis.server.raftlog.segmented.SegmentedRaftLogWorker.run(SegmentedRaftLogWorker.java:289)
	at java.lang.Thread.run(Thread.java:748)
Caused by: java.util.concurrent.TimeoutException
	at java.util.concurrent.CompletableFuture.timedGet(CompletableFuture.java:1771)
	at java.util.concurrent.CompletableFuture.get(CompletableFuture.java:1915)
	at org.apache.ratis.util.IOUtils.getFromFuture(IOUtils.java:79)
	... 4 more
2019-09-16 16:17:30,581 [6151a780-4ba7-403b-be5b-70f0763d4a32@group-E0A55ED5C792-SegmentedRaftLogWorker] WARN  segmented.SegmentedRaftLogWorker (SegmentedRaftLogWorker.java:getFromFuture(90)) - Timeout 3/~
org.apache.ratis.protocol.TimeoutIOException: Timeout 10s: WriteLog:17: (t:1, i:17), STATEMACHINELOGENTRY, client-2CD27A2BD368, cid=54-writeStateMachineData
	at org.apache.ratis.util.IOUtils.getFromFuture(IOUtils.java:87)
	at org.apache.ratis.server.raftlog.segmented.SegmentedRaftLogWorker$StateMachineDataPolicy.getFromFuture(SegmentedRaftLogWorker.java:87)
	at org.apache.ratis.server.raftlog.segmented.SegmentedRaftLogWorker$WriteLog.execute(SegmentedRaftLogWorker.java:477)
	at org.apache.ratis.server.raftlog.segmented.SegmentedRaftLogWorker.run(SegmentedRaftLogWorker.java:289)
	at java.lang.Thread.run(Thread.java:748)
Caused by: java.util.concurrent.TimeoutException
	at java.util.concurrent.CompletableFuture.timedGet(CompletableFuture.java:1771)
	at java.util.concurrent.CompletableFuture.get(CompletableFuture.java:1915)
	at org.apache.ratis.util.IOUtils.getFromFuture(IOUtils.java:79)
	... 4 more
2019-09-16 16:17:30,913 [grpc-default-executor-1] INFO  client.GrpcClientProtocolClient (GrpcClientProtocolClient.java:onNext(264)) - client-2CD27A2BD368->8f6ed14e-9847-41b2-84b1-f48134b0885d: receive RaftClientReply:client-2CD27A2BD368->8f6ed14e-9847-41b2-84b1-f48134b0885d@group-E0A55ED5C792, cid=54, FAILED org.apache.ratis.protocol.NotLeaderException: Server 8f6ed14e-9847-41b2-84b1-f48134b0885d@group-E0A55ED5C792 is not the leader d3f833b2-527d-4ab6-a086-d6ad4a131c32:192.168.34.47:36523, logIndex=0, commits[8f6ed14e-9847-41b2-84b1-f48134b0885d:c16, 6151a780-4ba7-403b-be5b-70f0763d4a32:c14, d3f833b2-527d-4ab6-a086-d6ad4a131c32:c16]
2019-09-16 16:17:31,088 [java.util.concurrent.ThreadPoolExecutor$Worker@22ff49d0[State = -1, empty queue]] WARN  server.GrpcLogAppender (GrpcLogAppender.java:timeoutAppendRequest(200)) - d3f833b2-527d-4ab6-a086-d6ad4a131c32@group-E0A55ED5C792->6151a780-4ba7-403b-be5b-70f0763d4a32-GrpcLogAppender: appendEntries Timeout, request=d3f833b2-527d-4ab6-a086-d6ad4a131c32->6151a780-4ba7-403b-be5b-70f0763d4a32#38-t1, previous=(t:1, i:22), leaderCommit=16, initializing? false, entries: <empty>
2019-09-16 16:17:31,088 [java.util.concurrent.ThreadPoolExecutor$Worker@576cfcf[State = -1, empty queue]] WARN  server.GrpcLogAppender (GrpcLogAppender.java:timeoutAppendRequest(200)) - d3f833b2-527d-4ab6-a086-d6ad4a131c32@group-E0A55ED5C792->8f6ed14e-9847-41b2-84b1-f48134b0885d-GrpcLogAppender: appendEntries Timeout, request=d3f833b2-527d-4ab6-a086-d6ad4a131c32->8f6ed14e-9847-41b2-84b1-f48134b0885d#38-t1, previous=(t:1, i:22), leaderCommit=16, initializing? false, entries: <empty>
2019-09-16 16:17:31,320 [grpc-default-executor-1] INFO  impl.RaftServerProxy (RaftServerProxy.java:remove(95)) - 8f6ed14e-9847-41b2-84b1-f48134b0885d: remove group-9D5AAEACE39C:null
2019-09-16 16:17:31,323 [RatisPipelineUtilsThread] WARN  pipeline.RatisPipelineUtils (RatisPipelineUtils.java:destroyPipeline(66)) - Pipeline destroy failed for pipeline=PipelineID=66475b26-f7ec-4ee2-b1cf-9d5aaeace39c dn=8f6ed14e-9847-41b2-84b1-f48134b0885d{ip: 192.168.34.47, host: pr-hdds-2111-ptm9r-3382166736, networkLocation: /default-rack, certSerialId: null}
2019-09-16 16:17:31,326 [grpc-default-executor-1] INFO  impl.RaftServerProxy (RaftServerProxy.java:remove(95)) - 6151a780-4ba7-403b-be5b-70f0763d4a32: remove group-9D5AAEACE39C:null
2019-09-16 16:17:31,328 [RatisPipelineUtilsThread] WARN  pipeline.RatisPipelineUtils (RatisPipelineUtils.java:destroyPipeline(66)) - Pipeline destroy failed for pipeline=PipelineID=66475b26-f7ec-4ee2-b1cf-9d5aaeace39c dn=6151a780-4ba7-403b-be5b-70f0763d4a32{ip: 192.168.34.47, host: pr-hdds-2111-ptm9r-3382166736, networkLocation: /default-rack, certSerialId: null}
2019-09-16 16:17:31,331 [grpc-default-executor-1] INFO  impl.RaftServerProxy (RaftServerProxy.java:remove(95)) - d3f833b2-527d-4ab6-a086-d6ad4a131c32: remove group-9D5AAEACE39C:null
2019-09-16 16:17:31,334 [RatisPipelineUtilsThread] WARN  pipeline.RatisPipelineUtils (RatisPipelineUtils.java:destroyPipeline(66)) - Pipeline destroy failed for pipeline=PipelineID=66475b26-f7ec-4ee2-b1cf-9d5aaeace39c dn=d3f833b2-527d-4ab6-a086-d6ad4a131c32{ip: 192.168.34.47, host: pr-hdds-2111-ptm9r-3382166736, networkLocation: /default-rack, certSerialId: null}
2019-09-16 16:17:31,334 [RatisPipelineUtilsThread] ERROR pipeline.SCMPipelineManager (Scheduler.java:lambda$schedule$1(70)) - Destroy pipeline failed for pipeline:Pipeline[ Id: 66475b26-f7ec-4ee2-b1cf-9d5aaeace39c, Nodes: 8f6ed14e-9847-41b2-84b1-f48134b0885d{ip: 192.168.34.47, host: pr-hdds-2111-ptm9r-3382166736, networkLocation: /default-rack, certSerialId: null}6151a780-4ba7-403b-be5b-70f0763d4a32{ip: 192.168.34.47, host: pr-hdds-2111-ptm9r-3382166736, networkLocation: /default-rack, certSerialId: null}d3f833b2-527d-4ab6-a086-d6ad4a131c32{ip: 192.168.34.47, host: pr-hdds-2111-ptm9r-3382166736, networkLocation: /default-rack, certSerialId: null}, Type:RATIS, Factor:THREE, State:CLOSED]
org.apache.hadoop.hdds.scm.pipeline.PipelineNotFoundException: PipelineID=66475b26-f7ec-4ee2-b1cf-9d5aaeace39c not found
	at org.apache.hadoop.hdds.scm.pipeline.PipelineStateMap.getPipeline(PipelineStateMap.java:132)
	at org.apache.hadoop.hdds.scm.pipeline.PipelineStateMap.removePipeline(PipelineStateMap.java:322)
	at org.apache.hadoop.hdds.scm.pipeline.PipelineStateManager.removePipeline(PipelineStateManager.java:107)
	at org.apache.hadoop.hdds.scm.pipeline.SCMPipelineManager.removePipeline(SCMPipelineManager.java:423)
	at org.apache.hadoop.hdds.scm.pipeline.SCMPipelineManager.destroyPipeline(SCMPipelineManager.java:409)
	at org.apache.hadoop.hdds.scm.pipeline.SCMPipelineManager.lambda$finalizeAndDestroyPipeline$0(SCMPipelineManager.java:318)
	at org.apache.hadoop.utils.Scheduler.lambda$schedule$1(Scheduler.java:68)
	at java.util.concurrent.Executors$RunnableAdapter.call(Executors.java:511)
	at java.util.concurrent.FutureTask.run(FutureTask.java:266)
	at java.util.concurrent.ScheduledThreadPoolExecutor$ScheduledFutureTask.access$201(ScheduledThreadPoolExecutor.java:180)
	at java.util.concurrent.ScheduledThreadPoolExecutor$ScheduledFutureTask.run(ScheduledThreadPoolExecutor.java:293)
	at java.util.concurrent.ThreadPoolExecutor.runWorker(ThreadPoolExecutor.java:1149)
	at java.util.concurrent.ThreadPoolExecutor$Worker.run(ThreadPoolExecutor.java:624)
	at java.lang.Thread.run(Thread.java:748)
2019-09-16 16:17:33,323 [grpc-default-executor-1] INFO  impl.RaftServerProxy (RaftServerProxy.java:remove(95)) - 8f6ed14e-9847-41b2-84b1-f48134b0885d: remove group-9D5AAEACE39C:null
2019-09-16 16:17:33,326 [RatisPipelineUtilsThread] WARN  pipeline.RatisPipelineUtils (RatisPipelineUtils.java:destroyPipeline(66)) - Pipeline destroy failed for pipeline=PipelineID=66475b26-f7ec-4ee2-b1cf-9d5aaeace39c dn=8f6ed14e-9847-41b2-84b1-f48134b0885d{ip: 192.168.34.47, host: pr-hdds-2111-ptm9r-3382166736, networkLocation: /default-rack, certSerialId: null}
2019-09-16 16:17:33,329 [grpc-default-executor-5] INFO  impl.RaftServerProxy (RaftServerProxy.java:remove(95)) - 6151a780-4ba7-403b-be5b-70f0763d4a32: remove group-9D5AAEACE39C:null
2019-09-16 16:17:33,331 [RatisPipelineUtilsThread] WARN  pipeline.RatisPipelineUtils (RatisPipelineUtils.java:destroyPipeline(66)) - Pipeline destroy failed for pipeline=PipelineID=66475b26-f7ec-4ee2-b1cf-9d5aaeace39c dn=6151a780-4ba7-403b-be5b-70f0763d4a32{ip: 192.168.34.47, host: pr-hdds-2111-ptm9r-3382166736, networkLocation: /default-rack, certSerialId: null}
2019-09-16 16:17:33,334 [grpc-default-executor-5] INFO  impl.RaftServerProxy (RaftServerProxy.java:remove(95)) - d3f833b2-527d-4ab6-a086-d6ad4a131c32: remove group-9D5AAEACE39C:null
2019-09-16 16:17:33,336 [RatisPipelineUtilsThread] WARN  pipeline.RatisPipelineUtils (RatisPipelineUtils.java:destroyPipeline(66)) - Pipeline destroy failed for pipeline=PipelineID=66475b26-f7ec-4ee2-b1cf-9d5aaeace39c dn=d3f833b2-527d-4ab6-a086-d6ad4a131c32{ip: 192.168.34.47, host: pr-hdds-2111-ptm9r-3382166736, networkLocation: /default-rack, certSerialId: null}
2019-09-16 16:17:33,337 [RatisPipelineUtilsThread] ERROR pipeline.SCMPipelineManager (Scheduler.java:lambda$schedule$1(70)) - Destroy pipeline failed for pipeline:Pipeline[ Id: 66475b26-f7ec-4ee2-b1cf-9d5aaeace39c, Nodes: 8f6ed14e-9847-41b2-84b1-f48134b0885d{ip: 192.168.34.47, host: pr-hdds-2111-ptm9r-3382166736, networkLocation: /default-rack, certSerialId: null}6151a780-4ba7-403b-be5b-70f0763d4a32{ip: 192.168.34.47, host: pr-hdds-2111-ptm9r-3382166736, networkLocation: /default-rack, certSerialId: null}d3f833b2-527d-4ab6-a086-d6ad4a131c32{ip: 192.168.34.47, host: pr-hdds-2111-ptm9r-3382166736, networkLocation: /default-rack, certSerialId: null}, Type:RATIS, Factor:THREE, State:CLOSED]
org.apache.hadoop.hdds.scm.pipeline.PipelineNotFoundException: PipelineID=66475b26-f7ec-4ee2-b1cf-9d5aaeace39c not found
	at org.apache.hadoop.hdds.scm.pipeline.PipelineStateMap.getPipeline(PipelineStateMap.java:132)
	at org.apache.hadoop.hdds.scm.pipeline.PipelineStateMap.removePipeline(PipelineStateMap.java:322)
	at org.apache.hadoop.hdds.scm.pipeline.PipelineStateManager.removePipeline(PipelineStateManager.java:107)
	at org.apache.hadoop.hdds.scm.pipeline.SCMPipelineManager.removePipeline(SCMPipelineManager.java:423)
	at org.apache.hadoop.hdds.scm.pipeline.SCMPipelineManager.destroyPipeline(SCMPipelineManager.java:409)
	at org.apache.hadoop.hdds.scm.pipeline.SCMPipelineManager.lambda$finalizeAndDestroyPipeline$0(SCMPipelineManager.java:318)
	at org.apache.hadoop.utils.Scheduler.lambda$schedule$1(Scheduler.java:68)
	at java.util.concurrent.Executors$RunnableAdapter.call(Executors.java:511)
	at java.util.concurrent.FutureTask.run(FutureTask.java:266)
	at java.util.concurrent.ScheduledThreadPoolExecutor$ScheduledFutureTask.access$201(ScheduledThreadPoolExecutor.java:180)
	at java.util.concurrent.ScheduledThreadPoolExecutor$ScheduledFutureTask.run(ScheduledThreadPoolExecutor.java:293)
	at java.util.concurrent.ThreadPoolExecutor.runWorker(ThreadPoolExecutor.java:1149)
	at java.util.concurrent.ThreadPoolExecutor$Worker.run(ThreadPoolExecutor.java:624)
	at java.lang.Thread.run(Thread.java:748)
2019-09-16 16:17:33,588 [java.util.concurrent.ThreadPoolExecutor$Worker@576cfcf[State = -1, empty queue]] WARN  server.GrpcLogAppender (GrpcLogAppender.java:timeoutAppendRequest(200)) - d3f833b2-527d-4ab6-a086-d6ad4a131c32@group-E0A55ED5C792->8f6ed14e-9847-41b2-84b1-f48134b0885d-GrpcLogAppender: appendEntries Timeout, request=d3f833b2-527d-4ab6-a086-d6ad4a131c32->8f6ed14e-9847-41b2-84b1-f48134b0885d#39-t1, previous=(t:1, i:22), leaderCommit=16, initializing? false, entries: <empty>
2019-09-16 16:17:33,588 [java.util.concurrent.ThreadPoolExecutor$Worker@22ff49d0[State = -1, empty queue]] WARN  server.GrpcLogAppender (GrpcLogAppender.java:timeoutAppendRequest(200)) - d3f833b2-527d-4ab6-a086-d6ad4a131c32@group-E0A55ED5C792->6151a780-4ba7-403b-be5b-70f0763d4a32-GrpcLogAppender: appendEntries Timeout, request=d3f833b2-527d-4ab6-a086-d6ad4a131c32->6151a780-4ba7-403b-be5b-70f0763d4a32#39-t1, previous=(t:1, i:22), leaderCommit=16, initializing? false, entries: <empty>
2019-09-16 16:17:35,976 [grpc-default-executor-5] INFO  client.GrpcClientProtocolClient (GrpcClientProtocolClient.java:onNext(264)) - client-2CD27A2BD368->8f6ed14e-9847-41b2-84b1-f48134b0885d: receive RaftClientReply:client-2CD27A2BD368->8f6ed14e-9847-41b2-84b1-f48134b0885d@group-E0A55ED5C792, cid=54, FAILED org.apache.ratis.protocol.NotLeaderException: Server 8f6ed14e-9847-41b2-84b1-f48134b0885d@group-E0A55ED5C792 is not the leader d3f833b2-527d-4ab6-a086-d6ad4a131c32:192.168.34.47:36523, logIndex=0, commits[8f6ed14e-9847-41b2-84b1-f48134b0885d:c16, 6151a780-4ba7-403b-be5b-70f0763d4a32:c14, d3f833b2-527d-4ab6-a086-d6ad4a131c32:c16]
2019-09-16 16:17:36,090 [java.util.concurrent.ThreadPoolExecutor$Worker@576cfcf[State = -1, empty queue]] WARN  server.GrpcLogAppender (GrpcLogAppender.java:timeoutAppendRequest(200)) - d3f833b2-527d-4ab6-a086-d6ad4a131c32@group-E0A55ED5C792->8f6ed14e-9847-41b2-84b1-f48134b0885d-GrpcLogAppender: appendEntries Timeout, request=d3f833b2-527d-4ab6-a086-d6ad4a131c32->8f6ed14e-9847-41b2-84b1-f48134b0885d#40-t1, previous=(t:1, i:22), leaderCommit=16, initializing? false, entries: <empty>
2019-09-16 16:17:36,090 [java.util.concurrent.ThreadPoolExecutor$Worker@22ff49d0[State = -1, empty queue]] WARN  server.GrpcLogAppender (GrpcLogAppender.java:timeoutAppendRequest(200)) - d3f833b2-527d-4ab6-a086-d6ad4a131c32@group-E0A55ED5C792->6151a780-4ba7-403b-be5b-70f0763d4a32-GrpcLogAppender: appendEntries Timeout, request=d3f833b2-527d-4ab6-a086-d6ad4a131c32->6151a780-4ba7-403b-be5b-70f0763d4a32#40-t1, previous=(t:1, i:22), leaderCommit=16, initializing? false, entries: <empty>
2019-09-16 16:17:36,321 [grpc-default-executor-6] INFO  impl.RaftServerProxy (RaftServerProxy.java:remove(95)) - 8f6ed14e-9847-41b2-84b1-f48134b0885d: remove group-9D5AAEACE39C:null
2019-09-16 16:17:36,324 [RatisPipelineUtilsThread] WARN  pipeline.RatisPipelineUtils (RatisPipelineUtils.java:destroyPipeline(66)) - Pipeline destroy failed for pipeline=PipelineID=66475b26-f7ec-4ee2-b1cf-9d5aaeace39c dn=8f6ed14e-9847-41b2-84b1-f48134b0885d{ip: 192.168.34.47, host: pr-hdds-2111-ptm9r-3382166736, networkLocation: /default-rack, certSerialId: null}
2019-09-16 16:17:36,327 [grpc-default-executor-6] INFO  impl.RaftServerProxy (RaftServerProxy.java:remove(95)) - 6151a780-4ba7-403b-be5b-70f0763d4a32: remove group-9D5AAEACE39C:null
2019-09-16 16:17:36,330 [RatisPipelineUtilsThread] WARN  pipeline.RatisPipelineUtils (RatisPipelineUtils.java:destroyPipeline(66)) - Pipeline destroy failed for pipeline=PipelineID=66475b26-f7ec-4ee2-b1cf-9d5aaeace39c dn=6151a780-4ba7-403b-be5b-70f0763d4a32{ip: 192.168.34.47, host: pr-hdds-2111-ptm9r-3382166736, networkLocation: /default-rack, certSerialId: null}
2019-09-16 16:17:36,333 [grpc-default-executor-6] INFO  impl.RaftServerProxy (RaftServerProxy.java:remove(95)) - d3f833b2-527d-4ab6-a086-d6ad4a131c32: remove group-9D5AAEACE39C:null
2019-09-16 16:17:36,336 [RatisPipelineUtilsThread] WARN  pipeline.RatisPipelineUtils (RatisPipelineUtils.java:destroyPipeline(66)) - Pipeline destroy failed for pipeline=PipelineID=66475b26-f7ec-4ee2-b1cf-9d5aaeace39c dn=d3f833b2-527d-4ab6-a086-d6ad4a131c32{ip: 192.168.34.47, host: pr-hdds-2111-ptm9r-3382166736, networkLocation: /default-rack, certSerialId: null}
2019-09-16 16:17:36,336 [RatisPipelineUtilsThread] ERROR pipeline.SCMPipelineManager (Scheduler.java:lambda$schedule$1(70)) - Destroy pipeline failed for pipeline:Pipeline[ Id: 66475b26-f7ec-4ee2-b1cf-9d5aaeace39c, Nodes: 8f6ed14e-9847-41b2-84b1-f48134b0885d{ip: 192.168.34.47, host: pr-hdds-2111-ptm9r-3382166736, networkLocation: /default-rack, certSerialId: null}6151a780-4ba7-403b-be5b-70f0763d4a32{ip: 192.168.34.47, host: pr-hdds-2111-ptm9r-3382166736, networkLocation: /default-rack, certSerialId: null}d3f833b2-527d-4ab6-a086-d6ad4a131c32{ip: 192.168.34.47, host: pr-hdds-2111-ptm9r-3382166736, networkLocation: /default-rack, certSerialId: null}, Type:RATIS, Factor:THREE, State:CLOSED]
org.apache.hadoop.hdds.scm.pipeline.PipelineNotFoundException: PipelineID=66475b26-f7ec-4ee2-b1cf-9d5aaeace39c not found
	at org.apache.hadoop.hdds.scm.pipeline.PipelineStateMap.getPipeline(PipelineStateMap.java:132)
	at org.apache.hadoop.hdds.scm.pipeline.PipelineStateMap.removePipeline(PipelineStateMap.java:322)
	at org.apache.hadoop.hdds.scm.pipeline.PipelineStateManager.removePipeline(PipelineStateManager.java:107)
	at org.apache.hadoop.hdds.scm.pipeline.SCMPipelineManager.removePipeline(SCMPipelineManager.java:423)
	at org.apache.hadoop.hdds.scm.pipeline.SCMPipelineManager.destroyPipeline(SCMPipelineManager.java:409)
	at org.apache.hadoop.hdds.scm.pipeline.SCMPipelineManager.lambda$finalizeAndDestroyPipeline$0(SCMPipelineManager.java:318)
	at org.apache.hadoop.utils.Scheduler.lambda$schedule$1(Scheduler.java:68)
	at java.util.concurrent.Executors$RunnableAdapter.call(Executors.java:511)
	at java.util.concurrent.FutureTask.run(FutureTask.java:266)
	at java.util.concurrent.ScheduledThreadPoolExecutor$ScheduledFutureTask.access$201(ScheduledThreadPoolExecutor.java:180)
	at java.util.concurrent.ScheduledThreadPoolExecutor$ScheduledFutureTask.run(ScheduledThreadPoolExecutor.java:293)
	at java.util.concurrent.ThreadPoolExecutor.runWorker(ThreadPoolExecutor.java:1149)
	at java.util.concurrent.ThreadPoolExecutor$Worker.run(ThreadPoolExecutor.java:624)
	at java.lang.Thread.run(Thread.java:748)
2019-09-16 16:17:38,322 [grpc-default-executor-5] INFO  impl.RaftServerProxy (RaftServerProxy.java:remove(95)) - 8f6ed14e-9847-41b2-84b1-f48134b0885d: remove group-9D5AAEACE39C:null
2019-09-16 16:17:38,326 [RatisPipelineUtilsThread] WARN  pipeline.RatisPipelineUtils (RatisPipelineUtils.java:destroyPipeline(66)) - Pipeline destroy failed for pipeline=PipelineID=66475b26-f7ec-4ee2-b1cf-9d5aaeace39c dn=8f6ed14e-9847-41b2-84b1-f48134b0885d{ip: 192.168.34.47, host: pr-hdds-2111-ptm9r-3382166736, networkLocation: /default-rack, certSerialId: null}
2019-09-16 16:17:38,329 [grpc-default-executor-5] INFO  impl.RaftServerProxy (RaftServerProxy.java:remove(95)) - 6151a780-4ba7-403b-be5b-70f0763d4a32: remove group-9D5AAEACE39C:null
2019-09-16 16:17:38,332 [RatisPipelineUtilsThread] WARN  pipeline.RatisPipelineUtils (RatisPipelineUtils.java:destroyPipeline(66)) - Pipeline destroy failed for pipeline=PipelineID=66475b26-f7ec-4ee2-b1cf-9d5aaeace39c dn=6151a780-4ba7-403b-be5b-70f0763d4a32{ip: 192.168.34.47, host: pr-hdds-2111-ptm9r-3382166736, networkLocation: /default-rack, certSerialId: null}
2019-09-16 16:17:38,335 [grpc-default-executor-5] INFO  impl.RaftServerProxy (RaftServerProxy.java:remove(95)) - d3f833b2-527d-4ab6-a086-d6ad4a131c32: remove group-9D5AAEACE39C:null
2019-09-16 16:17:38,338 [RatisPipelineUtilsThread] WARN  pipeline.RatisPipelineUtils (RatisPipelineUtils.java:destroyPipeline(66)) - Pipeline destroy failed for pipeline=PipelineID=66475b26-f7ec-4ee2-b1cf-9d5aaeace39c dn=d3f833b2-527d-4ab6-a086-d6ad4a131c32{ip: 192.168.34.47, host: pr-hdds-2111-ptm9r-3382166736, networkLocation: /default-rack, certSerialId: null}
2019-09-16 16:17:38,338 [RatisPipelineUtilsThread] ERROR pipeline.SCMPipelineManager (Scheduler.java:lambda$schedule$1(70)) - Destroy pipeline failed for pipeline:Pipeline[ Id: 66475b26-f7ec-4ee2-b1cf-9d5aaeace39c, Nodes: 8f6ed14e-9847-41b2-84b1-f48134b0885d{ip: 192.168.34.47, host: pr-hdds-2111-ptm9r-3382166736, networkLocation: /default-rack, certSerialId: null}6151a780-4ba7-403b-be5b-70f0763d4a32{ip: 192.168.34.47, host: pr-hdds-2111-ptm9r-3382166736, networkLocation: /default-rack, certSerialId: null}d3f833b2-527d-4ab6-a086-d6ad4a131c32{ip: 192.168.34.47, host: pr-hdds-2111-ptm9r-3382166736, networkLocation: /default-rack, certSerialId: null}, Type:RATIS, Factor:THREE, State:CLOSED]
org.apache.hadoop.hdds.scm.pipeline.PipelineNotFoundException: PipelineID=66475b26-f7ec-4ee2-b1cf-9d5aaeace39c not found
	at org.apache.hadoop.hdds.scm.pipeline.PipelineStateMap.getPipeline(PipelineStateMap.java:132)
	at org.apache.hadoop.hdds.scm.pipeline.PipelineStateMap.removePipeline(PipelineStateMap.java:322)
	at org.apache.hadoop.hdds.scm.pipeline.PipelineStateManager.removePipeline(PipelineStateManager.java:107)
	at org.apache.hadoop.hdds.scm.pipeline.SCMPipelineManager.removePipeline(SCMPipelineManager.java:423)
	at org.apache.hadoop.hdds.scm.pipeline.SCMPipelineManager.destroyPipeline(SCMPipelineManager.java:409)
	at org.apache.hadoop.hdds.scm.pipeline.SCMPipelineManager.lambda$finalizeAndDestroyPipeline$0(SCMPipelineManager.java:318)
	at org.apache.hadoop.utils.Scheduler.lambda$schedule$1(Scheduler.java:68)
	at java.util.concurrent.Executors$RunnableAdapter.call(Executors.java:511)
	at java.util.concurrent.FutureTask.run(FutureTask.java:266)
	at java.util.concurrent.ScheduledThreadPoolExecutor$ScheduledFutureTask.access$201(ScheduledThreadPoolExecutor.java:180)
	at java.util.concurrent.ScheduledThreadPoolExecutor$ScheduledFutureTask.run(ScheduledThreadPoolExecutor.java:293)
	at java.util.concurrent.ThreadPoolExecutor.runWorker(ThreadPoolExecutor.java:1149)
	at java.util.concurrent.ThreadPoolExecutor$Worker.run(ThreadPoolExecutor.java:624)
	at java.lang.Thread.run(Thread.java:748)
2019-09-16 16:17:38,590 [java.util.concurrent.ThreadPoolExecutor$Worker@576cfcf[State = -1, empty queue]] WARN  server.GrpcLogAppender (GrpcLogAppender.java:timeoutAppendRequest(200)) - d3f833b2-527d-4ab6-a086-d6ad4a131c32@group-E0A55ED5C792->8f6ed14e-9847-41b2-84b1-f48134b0885d-GrpcLogAppender: appendEntries Timeout, request=d3f833b2-527d-4ab6-a086-d6ad4a131c32->8f6ed14e-9847-41b2-84b1-f48134b0885d#41-t1, previous=(t:1, i:22), leaderCommit=16, initializing? false, entries: <empty>
2019-09-16 16:17:38,590 [java.util.concurrent.ThreadPoolExecutor$Worker@22ff49d0[State = -1, empty queue]] WARN  server.GrpcLogAppender (GrpcLogAppender.java:timeoutAppendRequest(200)) - d3f833b2-527d-4ab6-a086-d6ad4a131c32@group-E0A55ED5C792->6151a780-4ba7-403b-be5b-70f0763d4a32-GrpcLogAppender: appendEntries Timeout, request=d3f833b2-527d-4ab6-a086-d6ad4a131c32->6151a780-4ba7-403b-be5b-70f0763d4a32#41-t1, previous=(t:1, i:22), leaderCommit=16, initializing? false, entries: <empty>
2019-09-16 16:17:40,581 [d3f833b2-527d-4ab6-a086-d6ad4a131c32@group-E0A55ED5C792-SegmentedRaftLogWorker] WARN  segmented.SegmentedRaftLogWorker (SegmentedRaftLogWorker.java:getFromFuture(90)) - Timeout 4/~
org.apache.ratis.protocol.TimeoutIOException: Timeout 10s: WriteLog:17: (t:1, i:17), STATEMACHINELOGENTRY, client-2CD27A2BD368, cid=54-writeStateMachineData
	at org.apache.ratis.util.IOUtils.getFromFuture(IOUtils.java:87)
	at org.apache.ratis.server.raftlog.segmented.SegmentedRaftLogWorker$StateMachineDataPolicy.getFromFuture(SegmentedRaftLogWorker.java:87)
	at org.apache.ratis.server.raftlog.segmented.SegmentedRaftLogWorker$WriteLog.execute(SegmentedRaftLogWorker.java:477)
	at org.apache.ratis.server.raftlog.segmented.SegmentedRaftLogWorker.run(SegmentedRaftLogWorker.java:289)
	at java.lang.Thread.run(Thread.java:748)
Caused by: java.util.concurrent.TimeoutException
	at java.util.concurrent.CompletableFuture.timedGet(CompletableFuture.java:1771)
	at java.util.concurrent.CompletableFuture.get(CompletableFuture.java:1915)
	at org.apache.ratis.util.IOUtils.getFromFuture(IOUtils.java:79)
	... 4 more
2019-09-16 16:17:40,582 [8f6ed14e-9847-41b2-84b1-f48134b0885d@group-E0A55ED5C792-SegmentedRaftLogWorker] WARN  segmented.SegmentedRaftLogWorker (SegmentedRaftLogWorker.java:getFromFuture(90)) - Timeout 4/~
org.apache.ratis.protocol.TimeoutIOException: Timeout 10s: WriteLog:17: (t:1, i:17), STATEMACHINELOGENTRY, client-2CD27A2BD368, cid=54-writeStateMachineData
	at org.apache.ratis.util.IOUtils.getFromFuture(IOUtils.java:87)
	at org.apache.ratis.server.raftlog.segmented.SegmentedRaftLogWorker$StateMachineDataPolicy.getFromFuture(SegmentedRaftLogWorker.java:87)
	at org.apache.ratis.server.raftlog.segmented.SegmentedRaftLogWorker$WriteLog.execute(SegmentedRaftLogWorker.java:477)
	at org.apache.ratis.server.raftlog.segmented.SegmentedRaftLogWorker.run(SegmentedRaftLogWorker.java:289)
	at java.lang.Thread.run(Thread.java:748)
Caused by: java.util.concurrent.TimeoutException
	at java.util.concurrent.CompletableFuture.timedGet(CompletableFuture.java:1771)
	at java.util.concurrent.CompletableFuture.get(CompletableFuture.java:1915)
	at org.apache.ratis.util.IOUtils.getFromFuture(IOUtils.java:79)
	... 4 more
2019-09-16 16:17:40,582 [6151a780-4ba7-403b-be5b-70f0763d4a32@group-E0A55ED5C792-SegmentedRaftLogWorker] WARN  segmented.SegmentedRaftLogWorker (SegmentedRaftLogWorker.java:getFromFuture(90)) - Timeout 4/~
org.apache.ratis.protocol.TimeoutIOException: Timeout 10s: WriteLog:17: (t:1, i:17), STATEMACHINELOGENTRY, client-2CD27A2BD368, cid=54-writeStateMachineData
	at org.apache.ratis.util.IOUtils.getFromFuture(IOUtils.java:87)
	at org.apache.ratis.server.raftlog.segmented.SegmentedRaftLogWorker$StateMachineDataPolicy.getFromFuture(SegmentedRaftLogWorker.java:87)
	at org.apache.ratis.server.raftlog.segmented.SegmentedRaftLogWorker$WriteLog.execute(SegmentedRaftLogWorker.java:477)
	at org.apache.ratis.server.raftlog.segmented.SegmentedRaftLogWorker.run(SegmentedRaftLogWorker.java:289)
	at java.lang.Thread.run(Thread.java:748)
Caused by: java.util.concurrent.TimeoutException
	at java.util.concurrent.CompletableFuture.timedGet(CompletableFuture.java:1771)
	at java.util.concurrent.CompletableFuture.get(CompletableFuture.java:1915)
	at org.apache.ratis.util.IOUtils.getFromFuture(IOUtils.java:79)
	... 4 more
2019-09-16 16:17:41,020 [grpc-default-executor-5] INFO  client.GrpcClientProtocolClient (GrpcClientProtocolClient.java:onNext(264)) - client-2CD27A2BD368->6151a780-4ba7-403b-be5b-70f0763d4a32: receive RaftClientReply:client-2CD27A2BD368->6151a780-4ba7-403b-be5b-70f0763d4a32@group-E0A55ED5C792, cid=54, FAILED org.apache.ratis.protocol.NotLeaderException: Server 6151a780-4ba7-403b-be5b-70f0763d4a32@group-E0A55ED5C792 is not the leader d3f833b2-527d-4ab6-a086-d6ad4a131c32:192.168.34.47:36523, logIndex=0, commits[6151a780-4ba7-403b-be5b-70f0763d4a32:c16, d3f833b2-527d-4ab6-a086-d6ad4a131c32:c16, 8f6ed14e-9847-41b2-84b1-f48134b0885d:c14]
2019-09-16 16:17:41,091 [java.util.concurrent.ThreadPoolExecutor$Worker@576cfcf[State = -1, empty queue]] WARN  server.GrpcLogAppender (GrpcLogAppender.java:timeoutAppendRequest(200)) - d3f833b2-527d-4ab6-a086-d6ad4a131c32@group-E0A55ED5C792->8f6ed14e-9847-41b2-84b1-f48134b0885d-GrpcLogAppender: appendEntries Timeout, request=d3f833b2-527d-4ab6-a086-d6ad4a131c32->8f6ed14e-9847-41b2-84b1-f48134b0885d#42-t1, previous=(t:1, i:22), leaderCommit=16, initializing? false, entries: <empty>
2019-09-16 16:17:41,091 [java.util.concurrent.ThreadPoolExecutor$Worker@22ff49d0[State = -1, empty queue]] WARN  server.GrpcLogAppender (GrpcLogAppender.java:timeoutAppendRequest(200)) - d3f833b2-527d-4ab6-a086-d6ad4a131c32@group-E0A55ED5C792->6151a780-4ba7-403b-be5b-70f0763d4a32-GrpcLogAppender: appendEntries Timeout, request=d3f833b2-527d-4ab6-a086-d6ad4a131c32->6151a780-4ba7-403b-be5b-70f0763d4a32#42-t1, previous=(t:1, i:22), leaderCommit=16, initializing? false, entries: <empty>
2019-09-16 16:17:41,322 [grpc-default-executor-6] INFO  impl.RaftServerProxy (RaftServerProxy.java:remove(95)) - 8f6ed14e-9847-41b2-84b1-f48134b0885d: remove group-9D5AAEACE39C:null
2019-09-16 16:17:41,326 [RatisPipelineUtilsThread] WARN  pipeline.RatisPipelineUtils (RatisPipelineUtils.java:destroyPipeline(66)) - Pipeline destroy failed for pipeline=PipelineID=66475b26-f7ec-4ee2-b1cf-9d5aaeace39c dn=8f6ed14e-9847-41b2-84b1-f48134b0885d{ip: 192.168.34.47, host: pr-hdds-2111-ptm9r-3382166736, networkLocation: /default-rack, certSerialId: null}
2019-09-16 16:17:41,329 [grpc-default-executor-6] INFO  impl.RaftServerProxy (RaftServerProxy.java:remove(95)) - 6151a780-4ba7-403b-be5b-70f0763d4a32: remove group-9D5AAEACE39C:null
2019-09-16 16:17:41,331 [RatisPipelineUtilsThread] WARN  pipeline.RatisPipelineUtils (RatisPipelineUtils.java:destroyPipeline(66)) - Pipeline destroy failed for pipeline=PipelineID=66475b26-f7ec-4ee2-b1cf-9d5aaeace39c dn=6151a780-4ba7-403b-be5b-70f0763d4a32{ip: 192.168.34.47, host: pr-hdds-2111-ptm9r-3382166736, networkLocation: /default-rack, certSerialId: null}
2019-09-16 16:17:41,334 [grpc-default-executor-6] INFO  impl.RaftServerProxy (RaftServerProxy.java:remove(95)) - d3f833b2-527d-4ab6-a086-d6ad4a131c32: remove group-9D5AAEACE39C:null
2019-09-16 16:17:41,336 [RatisPipelineUtilsThread] WARN  pipeline.RatisPipelineUtils (RatisPipelineUtils.java:destroyPipeline(66)) - Pipeline destroy failed for pipeline=PipelineID=66475b26-f7ec-4ee2-b1cf-9d5aaeace39c dn=d3f833b2-527d-4ab6-a086-d6ad4a131c32{ip: 192.168.34.47, host: pr-hdds-2111-ptm9r-3382166736, networkLocation: /default-rack, certSerialId: null}
2019-09-16 16:17:41,336 [RatisPipelineUtilsThread] ERROR pipeline.SCMPipelineManager (Scheduler.java:lambda$schedule$1(70)) - Destroy pipeline failed for pipeline:Pipeline[ Id: 66475b26-f7ec-4ee2-b1cf-9d5aaeace39c, Nodes: 8f6ed14e-9847-41b2-84b1-f48134b0885d{ip: 192.168.34.47, host: pr-hdds-2111-ptm9r-3382166736, networkLocation: /default-rack, certSerialId: null}6151a780-4ba7-403b-be5b-70f0763d4a32{ip: 192.168.34.47, host: pr-hdds-2111-ptm9r-3382166736, networkLocation: /default-rack, certSerialId: null}d3f833b2-527d-4ab6-a086-d6ad4a131c32{ip: 192.168.34.47, host: pr-hdds-2111-ptm9r-3382166736, networkLocation: /default-rack, certSerialId: null}, Type:RATIS, Factor:THREE, State:CLOSED]
org.apache.hadoop.hdds.scm.pipeline.PipelineNotFoundException: PipelineID=66475b26-f7ec-4ee2-b1cf-9d5aaeace39c not found
	at org.apache.hadoop.hdds.scm.pipeline.PipelineStateMap.getPipeline(PipelineStateMap.java:132)
	at org.apache.hadoop.hdds.scm.pipeline.PipelineStateMap.removePipeline(PipelineStateMap.java:322)
	at org.apache.hadoop.hdds.scm.pipeline.PipelineStateManager.removePipeline(PipelineStateManager.java:107)
	at org.apache.hadoop.hdds.scm.pipeline.SCMPipelineManager.removePipeline(SCMPipelineManager.java:423)
	at org.apache.hadoop.hdds.scm.pipeline.SCMPipelineManager.destroyPipeline(SCMPipelineManager.java:409)
	at org.apache.hadoop.hdds.scm.pipeline.SCMPipelineManager.lambda$finalizeAndDestroyPipeline$0(SCMPipelineManager.java:318)
	at org.apache.hadoop.utils.Scheduler.lambda$schedule$1(Scheduler.java:68)
	at java.util.concurrent.Executors$RunnableAdapter.call(Executors.java:511)
	at java.util.concurrent.FutureTask.run(FutureTask.java:266)
	at java.util.concurrent.ScheduledThreadPoolExecutor$ScheduledFutureTask.access$201(ScheduledThreadPoolExecutor.java:180)
	at java.util.concurrent.ScheduledThreadPoolExecutor$ScheduledFutureTask.run(ScheduledThreadPoolExecutor.java:293)
	at java.util.concurrent.ThreadPoolExecutor.runWorker(ThreadPoolExecutor.java:1149)
	at java.util.concurrent.ThreadPoolExecutor$Worker.run(ThreadPoolExecutor.java:624)
	at java.lang.Thread.run(Thread.java:748)
2019-09-16 16:17:43,322 [grpc-default-executor-5] INFO  impl.RaftServerProxy (RaftServerProxy.java:remove(95)) - 8f6ed14e-9847-41b2-84b1-f48134b0885d: remove group-9D5AAEACE39C:null
2019-09-16 16:17:43,325 [RatisPipelineUtilsThread] WARN  pipeline.RatisPipelineUtils (RatisPipelineUtils.java:destroyPipeline(66)) - Pipeline destroy failed for pipeline=PipelineID=66475b26-f7ec-4ee2-b1cf-9d5aaeace39c dn=8f6ed14e-9847-41b2-84b1-f48134b0885d{ip: 192.168.34.47, host: pr-hdds-2111-ptm9r-3382166736, networkLocation: /default-rack, certSerialId: null}
2019-09-16 16:17:43,328 [grpc-default-executor-5] INFO  impl.RaftServerProxy (RaftServerProxy.java:remove(95)) - 6151a780-4ba7-403b-be5b-70f0763d4a32: remove group-9D5AAEACE39C:null
2019-09-16 16:17:43,330 [RatisPipelineUtilsThread] WARN  pipeline.RatisPipelineUtils (RatisPipelineUtils.java:destroyPipeline(66)) - Pipeline destroy failed for pipeline=PipelineID=66475b26-f7ec-4ee2-b1cf-9d5aaeace39c dn=6151a780-4ba7-403b-be5b-70f0763d4a32{ip: 192.168.34.47, host: pr-hdds-2111-ptm9r-3382166736, networkLocation: /default-rack, certSerialId: null}
2019-09-16 16:17:43,333 [grpc-default-executor-5] INFO  impl.RaftServerProxy (RaftServerProxy.java:remove(95)) - d3f833b2-527d-4ab6-a086-d6ad4a131c32: remove group-9D5AAEACE39C:null
2019-09-16 16:17:43,335 [RatisPipelineUtilsThread] WARN  pipeline.RatisPipelineUtils (RatisPipelineUtils.java:destroyPipeline(66)) - Pipeline destroy failed for pipeline=PipelineID=66475b26-f7ec-4ee2-b1cf-9d5aaeace39c dn=d3f833b2-527d-4ab6-a086-d6ad4a131c32{ip: 192.168.34.47, host: pr-hdds-2111-ptm9r-3382166736, networkLocation: /default-rack, certSerialId: null}
2019-09-16 16:17:43,335 [RatisPipelineUtilsThread] ERROR pipeline.SCMPipelineManager (Scheduler.java:lambda$schedule$1(70)) - Destroy pipeline failed for pipeline:Pipeline[ Id: 66475b26-f7ec-4ee2-b1cf-9d5aaeace39c, Nodes: 8f6ed14e-9847-41b2-84b1-f48134b0885d{ip: 192.168.34.47, host: pr-hdds-2111-ptm9r-3382166736, networkLocation: /default-rack, certSerialId: null}6151a780-4ba7-403b-be5b-70f0763d4a32{ip: 192.168.34.47, host: pr-hdds-2111-ptm9r-3382166736, networkLocation: /default-rack, certSerialId: null}d3f833b2-527d-4ab6-a086-d6ad4a131c32{ip: 192.168.34.47, host: pr-hdds-2111-ptm9r-3382166736, networkLocation: /default-rack, certSerialId: null}, Type:RATIS, Factor:THREE, State:CLOSED]
org.apache.hadoop.hdds.scm.pipeline.PipelineNotFoundException: PipelineID=66475b26-f7ec-4ee2-b1cf-9d5aaeace39c not found
	at org.apache.hadoop.hdds.scm.pipeline.PipelineStateMap.getPipeline(PipelineStateMap.java:132)
	at org.apache.hadoop.hdds.scm.pipeline.PipelineStateMap.removePipeline(PipelineStateMap.java:322)
	at org.apache.hadoop.hdds.scm.pipeline.PipelineStateManager.removePipeline(PipelineStateManager.java:107)
	at org.apache.hadoop.hdds.scm.pipeline.SCMPipelineManager.removePipeline(SCMPipelineManager.java:423)
	at org.apache.hadoop.hdds.scm.pipeline.SCMPipelineManager.destroyPipeline(SCMPipelineManager.java:409)
	at org.apache.hadoop.hdds.scm.pipeline.SCMPipelineManager.lambda$finalizeAndDestroyPipeline$0(SCMPipelineManager.java:318)
	at org.apache.hadoop.utils.Scheduler.lambda$schedule$1(Scheduler.java:68)
	at java.util.concurrent.Executors$RunnableAdapter.call(Executors.java:511)
	at java.util.concurrent.FutureTask.run(FutureTask.java:266)
	at java.util.concurrent.ScheduledThreadPoolExecutor$ScheduledFutureTask.access$201(ScheduledThreadPoolExecutor.java:180)
	at java.util.concurrent.ScheduledThreadPoolExecutor$ScheduledFutureTask.run(ScheduledThreadPoolExecutor.java:293)
	at java.util.concurrent.ThreadPoolExecutor.runWorker(ThreadPoolExecutor.java:1149)
	at java.util.concurrent.ThreadPoolExecutor$Worker.run(ThreadPoolExecutor.java:624)
	at java.lang.Thread.run(Thread.java:748)
2019-09-16 16:17:43,591 [java.util.concurrent.ThreadPoolExecutor$Worker@22ff49d0[State = -1, empty queue]] WARN  server.GrpcLogAppender (GrpcLogAppender.java:timeoutAppendRequest(200)) - d3f833b2-527d-4ab6-a086-d6ad4a131c32@group-E0A55ED5C792->6151a780-4ba7-403b-be5b-70f0763d4a32-GrpcLogAppender: appendEntries Timeout, request=d3f833b2-527d-4ab6-a086-d6ad4a131c32->6151a780-4ba7-403b-be5b-70f0763d4a32#43-t1, previous=(t:1, i:22), leaderCommit=16, initializing? false, entries: <empty>
2019-09-16 16:17:43,591 [java.util.concurrent.ThreadPoolExecutor$Worker@576cfcf[State = -1, empty queue]] WARN  server.GrpcLogAppender (GrpcLogAppender.java:timeoutAppendRequest(200)) - d3f833b2-527d-4ab6-a086-d6ad4a131c32@group-E0A55ED5C792->8f6ed14e-9847-41b2-84b1-f48134b0885d-GrpcLogAppender: appendEntries Timeout, request=d3f833b2-527d-4ab6-a086-d6ad4a131c32->8f6ed14e-9847-41b2-84b1-f48134b0885d#43-t1, previous=(t:1, i:22), leaderCommit=16, initializing? false, entries: <empty>
2019-09-16 16:17:46,053 [grpc-default-executor-5] INFO  client.GrpcClientProtocolClient (GrpcClientProtocolClient.java:onNext(264)) - client-2CD27A2BD368->8f6ed14e-9847-41b2-84b1-f48134b0885d: receive RaftClientReply:client-2CD27A2BD368->8f6ed14e-9847-41b2-84b1-f48134b0885d@group-E0A55ED5C792, cid=54, FAILED org.apache.ratis.protocol.NotLeaderException: Server 8f6ed14e-9847-41b2-84b1-f48134b0885d@group-E0A55ED5C792 is not the leader d3f833b2-527d-4ab6-a086-d6ad4a131c32:192.168.34.47:36523, logIndex=0, commits[8f6ed14e-9847-41b2-84b1-f48134b0885d:c16, 6151a780-4ba7-403b-be5b-70f0763d4a32:c14, d3f833b2-527d-4ab6-a086-d6ad4a131c32:c16]
2019-09-16 16:17:46,092 [java.util.concurrent.ThreadPoolExecutor$Worker@22ff49d0[State = -1, empty queue]] WARN  server.GrpcLogAppender (GrpcLogAppender.java:timeoutAppendRequest(200)) - d3f833b2-527d-4ab6-a086-d6ad4a131c32@group-E0A55ED5C792->6151a780-4ba7-403b-be5b-70f0763d4a32-GrpcLogAppender: appendEntries Timeout, request=d3f833b2-527d-4ab6-a086-d6ad4a131c32->6151a780-4ba7-403b-be5b-70f0763d4a32#44-t1, previous=(t:1, i:22), leaderCommit=16, initializing? false, entries: <empty>
2019-09-16 16:17:46,092 [java.util.concurrent.ThreadPoolExecutor$Worker@576cfcf[State = -1, empty queue]] WARN  server.GrpcLogAppender (GrpcLogAppender.java:timeoutAppendRequest(200)) - d3f833b2-527d-4ab6-a086-d6ad4a131c32@group-E0A55ED5C792->8f6ed14e-9847-41b2-84b1-f48134b0885d-GrpcLogAppender: appendEntries Timeout, request=d3f833b2-527d-4ab6-a086-d6ad4a131c32->8f6ed14e-9847-41b2-84b1-f48134b0885d#44-t1, previous=(t:1, i:22), leaderCommit=16, initializing? false, entries: <empty>
2019-09-16 16:17:46,323 [grpc-default-executor-5] INFO  impl.RaftServerProxy (RaftServerProxy.java:remove(95)) - 8f6ed14e-9847-41b2-84b1-f48134b0885d: remove group-9D5AAEACE39C:null
2019-09-16 16:17:46,327 [RatisPipelineUtilsThread] WARN  pipeline.RatisPipelineUtils (RatisPipelineUtils.java:destroyPipeline(66)) - Pipeline destroy failed for pipeline=PipelineID=66475b26-f7ec-4ee2-b1cf-9d5aaeace39c dn=8f6ed14e-9847-41b2-84b1-f48134b0885d{ip: 192.168.34.47, host: pr-hdds-2111-ptm9r-3382166736, networkLocation: /default-rack, certSerialId: null}
2019-09-16 16:17:46,330 [grpc-default-executor-5] INFO  impl.RaftServerProxy (RaftServerProxy.java:remove(95)) - 6151a780-4ba7-403b-be5b-70f0763d4a32: remove group-9D5AAEACE39C:null
2019-09-16 16:17:46,332 [RatisPipelineUtilsThread] WARN  pipeline.RatisPipelineUtils (RatisPipelineUtils.java:destroyPipeline(66)) - Pipeline destroy failed for pipeline=PipelineID=66475b26-f7ec-4ee2-b1cf-9d5aaeace39c dn=6151a780-4ba7-403b-be5b-70f0763d4a32{ip: 192.168.34.47, host: pr-hdds-2111-ptm9r-3382166736, networkLocation: /default-rack, certSerialId: null}
2019-09-16 16:17:46,335 [grpc-default-executor-5] INFO  impl.RaftServerProxy (RaftServerProxy.java:remove(95)) - d3f833b2-527d-4ab6-a086-d6ad4a131c32: remove group-9D5AAEACE39C:null
2019-09-16 16:17:46,337 [RatisPipelineUtilsThread] WARN  pipeline.RatisPipelineUtils (RatisPipelineUtils.java:destroyPipeline(66)) - Pipeline destroy failed for pipeline=PipelineID=66475b26-f7ec-4ee2-b1cf-9d5aaeace39c dn=d3f833b2-527d-4ab6-a086-d6ad4a131c32{ip: 192.168.34.47, host: pr-hdds-2111-ptm9r-3382166736, networkLocation: /default-rack, certSerialId: null}
2019-09-16 16:17:46,338 [RatisPipelineUtilsThread] ERROR pipeline.SCMPipelineManager (Scheduler.java:lambda$schedule$1(70)) - Destroy pipeline failed for pipeline:Pipeline[ Id: 66475b26-f7ec-4ee2-b1cf-9d5aaeace39c, Nodes: 8f6ed14e-9847-41b2-84b1-f48134b0885d{ip: 192.168.34.47, host: pr-hdds-2111-ptm9r-3382166736, networkLocation: /default-rack, certSerialId: null}6151a780-4ba7-403b-be5b-70f0763d4a32{ip: 192.168.34.47, host: pr-hdds-2111-ptm9r-3382166736, networkLocation: /default-rack, certSerialId: null}d3f833b2-527d-4ab6-a086-d6ad4a131c32{ip: 192.168.34.47, host: pr-hdds-2111-ptm9r-3382166736, networkLocation: /default-rack, certSerialId: null}, Type:RATIS, Factor:THREE, State:CLOSED]
org.apache.hadoop.hdds.scm.pipeline.PipelineNotFoundException: PipelineID=66475b26-f7ec-4ee2-b1cf-9d5aaeace39c not found
	at org.apache.hadoop.hdds.scm.pipeline.PipelineStateMap.getPipeline(PipelineStateMap.java:132)
	at org.apache.hadoop.hdds.scm.pipeline.PipelineStateMap.removePipeline(PipelineStateMap.java:322)
	at org.apache.hadoop.hdds.scm.pipeline.PipelineStateManager.removePipeline(PipelineStateManager.java:107)
	at org.apache.hadoop.hdds.scm.pipeline.SCMPipelineManager.removePipeline(SCMPipelineManager.java:423)
	at org.apache.hadoop.hdds.scm.pipeline.SCMPipelineManager.destroyPipeline(SCMPipelineManager.java:409)
	at org.apache.hadoop.hdds.scm.pipeline.SCMPipelineManager.lambda$finalizeAndDestroyPipeline$0(SCMPipelineManager.java:318)
	at org.apache.hadoop.utils.Scheduler.lambda$schedule$1(Scheduler.java:68)
	at java.util.concurrent.Executors$RunnableAdapter.call(Executors.java:511)
	at java.util.concurrent.FutureTask.run(FutureTask.java:266)
	at java.util.concurrent.ScheduledThreadPoolExecutor$ScheduledFutureTask.access$201(ScheduledThreadPoolExecutor.java:180)
	at java.util.concurrent.ScheduledThreadPoolExecutor$ScheduledFutureTask.run(ScheduledThreadPoolExecutor.java:293)
	at java.util.concurrent.ThreadPoolExecutor.runWorker(ThreadPoolExecutor.java:1149)
	at java.util.concurrent.ThreadPoolExecutor$Worker.run(ThreadPoolExecutor.java:624)
	at java.lang.Thread.run(Thread.java:748)
2019-09-16 16:17:48,327 [grpc-default-executor-6] INFO  impl.RaftServerProxy (RaftServerProxy.java:remove(95)) - 8f6ed14e-9847-41b2-84b1-f48134b0885d: remove group-9D5AAEACE39C:null
2019-09-16 16:17:48,331 [RatisPipelineUtilsThread] WARN  pipeline.RatisPipelineUtils (RatisPipelineUtils.java:destroyPipeline(66)) - Pipeline destroy failed for pipeline=PipelineID=66475b26-f7ec-4ee2-b1cf-9d5aaeace39c dn=8f6ed14e-9847-41b2-84b1-f48134b0885d{ip: 192.168.34.47, host: pr-hdds-2111-ptm9r-3382166736, networkLocation: /default-rack, certSerialId: null}
2019-09-16 16:17:48,335 [grpc-default-executor-6] INFO  impl.RaftServerProxy (RaftServerProxy.java:remove(95)) - 6151a780-4ba7-403b-be5b-70f0763d4a32: remove group-9D5AAEACE39C:null
2019-09-16 16:17:48,337 [RatisPipelineUtilsThread] WARN  pipeline.RatisPipelineUtils (RatisPipelineUtils.java:destroyPipeline(66)) - Pipeline destroy failed for pipeline=PipelineID=66475b26-f7ec-4ee2-b1cf-9d5aaeace39c dn=6151a780-4ba7-403b-be5b-70f0763d4a32{ip: 192.168.34.47, host: pr-hdds-2111-ptm9r-3382166736, networkLocation: /default-rack, certSerialId: null}
2019-09-16 16:17:48,340 [grpc-default-executor-6] INFO  impl.RaftServerProxy (RaftServerProxy.java:remove(95)) - d3f833b2-527d-4ab6-a086-d6ad4a131c32: remove group-9D5AAEACE39C:null
2019-09-16 16:17:48,343 [RatisPipelineUtilsThread] WARN  pipeline.RatisPipelineUtils (RatisPipelineUtils.java:destroyPipeline(66)) - Pipeline destroy failed for pipeline=PipelineID=66475b26-f7ec-4ee2-b1cf-9d5aaeace39c dn=d3f833b2-527d-4ab6-a086-d6ad4a131c32{ip: 192.168.34.47, host: pr-hdds-2111-ptm9r-3382166736, networkLocation: /default-rack, certSerialId: null}
2019-09-16 16:17:48,343 [RatisPipelineUtilsThread] ERROR pipeline.SCMPipelineManager (Scheduler.java:lambda$schedule$1(70)) - Destroy pipeline failed for pipeline:Pipeline[ Id: 66475b26-f7ec-4ee2-b1cf-9d5aaeace39c, Nodes: 8f6ed14e-9847-41b2-84b1-f48134b0885d{ip: 192.168.34.47, host: pr-hdds-2111-ptm9r-3382166736, networkLocation: /default-rack, certSerialId: null}6151a780-4ba7-403b-be5b-70f0763d4a32{ip: 192.168.34.47, host: pr-hdds-2111-ptm9r-3382166736, networkLocation: /default-rack, certSerialId: null}d3f833b2-527d-4ab6-a086-d6ad4a131c32{ip: 192.168.34.47, host: pr-hdds-2111-ptm9r-3382166736, networkLocation: /default-rack, certSerialId: null}, Type:RATIS, Factor:THREE, State:CLOSED]
org.apache.hadoop.hdds.scm.pipeline.PipelineNotFoundException: PipelineID=66475b26-f7ec-4ee2-b1cf-9d5aaeace39c not found
	at org.apache.hadoop.hdds.scm.pipeline.PipelineStateMap.getPipeline(PipelineStateMap.java:132)
	at org.apache.hadoop.hdds.scm.pipeline.PipelineStateMap.removePipeline(PipelineStateMap.java:322)
	at org.apache.hadoop.hdds.scm.pipeline.PipelineStateManager.removePipeline(PipelineStateManager.java:107)
	at org.apache.hadoop.hdds.scm.pipeline.SCMPipelineManager.removePipeline(SCMPipelineManager.java:423)
	at org.apache.hadoop.hdds.scm.pipeline.SCMPipelineManager.destroyPipeline(SCMPipelineManager.java:409)
	at org.apache.hadoop.hdds.scm.pipeline.SCMPipelineManager.lambda$finalizeAndDestroyPipeline$0(SCMPipelineManager.java:318)
	at org.apache.hadoop.utils.Scheduler.lambda$schedule$1(Scheduler.java:68)
	at java.util.concurrent.Executors$RunnableAdapter.call(Executors.java:511)
	at java.util.concurrent.FutureTask.run(FutureTask.java:266)
	at java.util.concurrent.ScheduledThreadPoolExecutor$ScheduledFutureTask.access$201(ScheduledThreadPoolExecutor.java:180)
	at java.util.concurrent.ScheduledThreadPoolExecutor$ScheduledFutureTask.run(ScheduledThreadPoolExecutor.java:293)
	at java.util.concurrent.ThreadPoolExecutor.runWorker(ThreadPoolExecutor.java:1149)
	at java.util.concurrent.ThreadPoolExecutor$Worker.run(ThreadPoolExecutor.java:624)
	at java.lang.Thread.run(Thread.java:748)
2019-09-16 16:17:48,383 [grpc-default-executor-6] INFO  impl.RaftServerProxy (RaftServerProxy.java:remove(95)) - 8f6ed14e-9847-41b2-84b1-f48134b0885d: remove group-9D5AAEACE39C:null
2019-09-16 16:17:48,390 [RatisPipelineUtilsThread] WARN  pipeline.RatisPipelineUtils (RatisPipelineUtils.java:destroyPipeline(66)) - Pipeline destroy failed for pipeline=PipelineID=66475b26-f7ec-4ee2-b1cf-9d5aaeace39c dn=8f6ed14e-9847-41b2-84b1-f48134b0885d{ip: 192.168.34.47, host: pr-hdds-2111-ptm9r-3382166736, networkLocation: /default-rack, certSerialId: null}
2019-09-16 16:17:48,396 [grpc-default-executor-6] INFO  impl.RaftServerProxy (RaftServerProxy.java:remove(95)) - 6151a780-4ba7-403b-be5b-70f0763d4a32: remove group-9D5AAEACE39C:null
2019-09-16 16:17:48,399 [RatisPipelineUtilsThread] WARN  pipeline.RatisPipelineUtils (RatisPipelineUtils.java:destroyPipeline(66)) - Pipeline destroy failed for pipeline=PipelineID=66475b26-f7ec-4ee2-b1cf-9d5aaeace39c dn=6151a780-4ba7-403b-be5b-70f0763d4a32{ip: 192.168.34.47, host: pr-hdds-2111-ptm9r-3382166736, networkLocation: /default-rack, certSerialId: null}
2019-09-16 16:17:48,404 [grpc-default-executor-6] INFO  impl.RaftServerProxy (RaftServerProxy.java:remove(95)) - d3f833b2-527d-4ab6-a086-d6ad4a131c32: remove group-9D5AAEACE39C:null
2019-09-16 16:17:48,408 [RatisPipelineUtilsThread] WARN  pipeline.RatisPipelineUtils (RatisPipelineUtils.java:destroyPipeline(66)) - Pipeline destroy failed for pipeline=PipelineID=66475b26-f7ec-4ee2-b1cf-9d5aaeace39c dn=d3f833b2-527d-4ab6-a086-d6ad4a131c32{ip: 192.168.34.47, host: pr-hdds-2111-ptm9r-3382166736, networkLocation: /default-rack, certSerialId: null}
2019-09-16 16:17:48,408 [RatisPipelineUtilsThread] ERROR pipeline.SCMPipelineManager (Scheduler.java:lambda$schedule$1(70)) - Destroy pipeline failed for pipeline:Pipeline[ Id: 66475b26-f7ec-4ee2-b1cf-9d5aaeace39c, Nodes: 8f6ed14e-9847-41b2-84b1-f48134b0885d{ip: 192.168.34.47, host: pr-hdds-2111-ptm9r-3382166736, networkLocation: /default-rack, certSerialId: null}6151a780-4ba7-403b-be5b-70f0763d4a32{ip: 192.168.34.47, host: pr-hdds-2111-ptm9r-3382166736, networkLocation: /default-rack, certSerialId: null}d3f833b2-527d-4ab6-a086-d6ad4a131c32{ip: 192.168.34.47, host: pr-hdds-2111-ptm9r-3382166736, networkLocation: /default-rack, certSerialId: null}, Type:RATIS, Factor:THREE, State:CLOSED]
org.apache.hadoop.hdds.scm.pipeline.PipelineNotFoundException: PipelineID=66475b26-f7ec-4ee2-b1cf-9d5aaeace39c not found
	at org.apache.hadoop.hdds.scm.pipeline.PipelineStateMap.getPipeline(PipelineStateMap.java:132)
	at org.apache.hadoop.hdds.scm.pipeline.PipelineStateMap.removePipeline(PipelineStateMap.java:322)
	at org.apache.hadoop.hdds.scm.pipeline.PipelineStateManager.removePipeline(PipelineStateManager.java:107)
	at org.apache.hadoop.hdds.scm.pipeline.SCMPipelineManager.removePipeline(SCMPipelineManager.java:423)
	at org.apache.hadoop.hdds.scm.pipeline.SCMPipelineManager.destroyPipeline(SCMPipelineManager.java:409)
	at org.apache.hadoop.hdds.scm.pipeline.SCMPipelineManager.lambda$finalizeAndDestroyPipeline$0(SCMPipelineManager.java:318)
	at org.apache.hadoop.utils.Scheduler.lambda$schedule$1(Scheduler.java:68)
	at java.util.concurrent.Executors$RunnableAdapter.call(Executors.java:511)
	at java.util.concurrent.FutureTask.run(FutureTask.java:266)
	at java.util.concurrent.ScheduledThreadPoolExecutor$ScheduledFutureTask.access$201(ScheduledThreadPoolExecutor.java:180)
	at java.util.concurrent.ScheduledThreadPoolExecutor$ScheduledFutureTask.run(ScheduledThreadPoolExecutor.java:293)
	at java.util.concurrent.ThreadPoolExecutor.runWorker(ThreadPoolExecutor.java:1149)
	at java.util.concurrent.ThreadPoolExecutor$Worker.run(ThreadPoolExecutor.java:624)
	at java.lang.Thread.run(Thread.java:748)
2019-09-16 16:17:48,552 [grpc-default-executor-6] INFO  impl.RaftServerProxy (RaftServerProxy.java:remove(95)) - 8f6ed14e-9847-41b2-84b1-f48134b0885d: remove group-9D5AAEACE39C:null
2019-09-16 16:17:48,554 [RatisPipelineUtilsThread] WARN  pipeline.RatisPipelineUtils (RatisPipelineUtils.java:destroyPipeline(66)) - Pipeline destroy failed for pipeline=PipelineID=66475b26-f7ec-4ee2-b1cf-9d5aaeace39c dn=8f6ed14e-9847-41b2-84b1-f48134b0885d{ip: 192.168.34.47, host: pr-hdds-2111-ptm9r-3382166736, networkLocation: /default-rack, certSerialId: null}
2019-09-16 16:17:48,557 [grpc-default-executor-6] INFO  impl.RaftServerProxy (RaftServerProxy.java:remove(95)) - 6151a780-4ba7-403b-be5b-70f0763d4a32: remove group-9D5AAEACE39C:null
2019-09-16 16:17:48,560 [RatisPipelineUtilsThread] WARN  pipeline.RatisPipelineUtils (RatisPipelineUtils.java:destroyPipeline(66)) - Pipeline destroy failed for pipeline=PipelineID=66475b26-f7ec-4ee2-b1cf-9d5aaeace39c dn=6151a780-4ba7-403b-be5b-70f0763d4a32{ip: 192.168.34.47, host: pr-hdds-2111-ptm9r-3382166736, networkLocation: /default-rack, certSerialId: null}
2019-09-16 16:17:48,563 [grpc-default-executor-6] INFO  impl.RaftServerProxy (RaftServerProxy.java:remove(95)) - d3f833b2-527d-4ab6-a086-d6ad4a131c32: remove group-9D5AAEACE39C:null
2019-09-16 16:17:48,565 [RatisPipelineUtilsThread] WARN  pipeline.RatisPipelineUtils (RatisPipelineUtils.java:destroyPipeline(66)) - Pipeline destroy failed for pipeline=PipelineID=66475b26-f7ec-4ee2-b1cf-9d5aaeace39c dn=d3f833b2-527d-4ab6-a086-d6ad4a131c32{ip: 192.168.34.47, host: pr-hdds-2111-ptm9r-3382166736, networkLocation: /default-rack, certSerialId: null}
2019-09-16 16:17:48,565 [RatisPipelineUtilsThread] ERROR pipeline.SCMPipelineManager (Scheduler.java:lambda$schedule$1(70)) - Destroy pipeline failed for pipeline:Pipeline[ Id: 66475b26-f7ec-4ee2-b1cf-9d5aaeace39c, Nodes: 8f6ed14e-9847-41b2-84b1-f48134b0885d{ip: 192.168.34.47, host: pr-hdds-2111-ptm9r-3382166736, networkLocation: /default-rack, certSerialId: null}6151a780-4ba7-403b-be5b-70f0763d4a32{ip: 192.168.34.47, host: pr-hdds-2111-ptm9r-3382166736, networkLocation: /default-rack, certSerialId: null}d3f833b2-527d-4ab6-a086-d6ad4a131c32{ip: 192.168.34.47, host: pr-hdds-2111-ptm9r-3382166736, networkLocation: /default-rack, certSerialId: null}, Type:RATIS, Factor:THREE, State:CLOSED]
org.apache.hadoop.hdds.scm.pipeline.PipelineNotFoundException: PipelineID=66475b26-f7ec-4ee2-b1cf-9d5aaeace39c not found
	at org.apache.hadoop.hdds.scm.pipeline.PipelineStateMap.getPipeline(PipelineStateMap.java:132)
	at org.apache.hadoop.hdds.scm.pipeline.PipelineStateMap.removePipeline(PipelineStateMap.java:322)
	at org.apache.hadoop.hdds.scm.pipeline.PipelineStateManager.removePipeline(PipelineStateManager.java:107)
	at org.apache.hadoop.hdds.scm.pipeline.SCMPipelineManager.removePipeline(SCMPipelineManager.java:423)
	at org.apache.hadoop.hdds.scm.pipeline.SCMPipelineManager.destroyPipeline(SCMPipelineManager.java:409)
	at org.apache.hadoop.hdds.scm.pipeline.SCMPipelineManager.lambda$finalizeAndDestroyPipeline$0(SCMPipelineManager.java:318)
	at org.apache.hadoop.utils.Scheduler.lambda$schedule$1(Scheduler.java:68)
	at java.util.concurrent.Executors$RunnableAdapter.call(Executors.java:511)
	at java.util.concurrent.FutureTask.run(FutureTask.java:266)
	at java.util.concurrent.ScheduledThreadPoolExecutor$ScheduledFutureTask.access$201(ScheduledThreadPoolExecutor.java:180)
	at java.util.concurrent.ScheduledThreadPoolExecutor$ScheduledFutureTask.run(ScheduledThreadPoolExecutor.java:293)
	at java.util.concurrent.ThreadPoolExecutor.runWorker(ThreadPoolExecutor.java:1149)
	at java.util.concurrent.ThreadPoolExecutor$Worker.run(ThreadPoolExecutor.java:624)
	at java.lang.Thread.run(Thread.java:748)
2019-09-16 16:17:48,592 [java.util.concurrent.ThreadPoolExecutor$Worker@576cfcf[State = -1, empty queue]] WARN  server.GrpcLogAppender (GrpcLogAppender.java:timeoutAppendRequest(200)) - d3f833b2-527d-4ab6-a086-d6ad4a131c32@group-E0A55ED5C792->8f6ed14e-9847-41b2-84b1-f48134b0885d-GrpcLogAppender: appendEntries Timeout, request=d3f833b2-527d-4ab6-a086-d6ad4a131c32->8f6ed14e-9847-41b2-84b1-f48134b0885d#45-t1, previous=(t:1, i:22), leaderCommit=16, initializing? false, entries: <empty>
2019-09-16 16:17:48,592 [java.util.concurrent.ThreadPoolExecutor$Worker@22ff49d0[State = -1, empty queue]] WARN  server.GrpcLogAppender (GrpcLogAppender.java:timeoutAppendRequest(200)) - d3f833b2-527d-4ab6-a086-d6ad4a131c32@group-E0A55ED5C792->6151a780-4ba7-403b-be5b-70f0763d4a32-GrpcLogAppender: appendEntries Timeout, request=d3f833b2-527d-4ab6-a086-d6ad4a131c32->6151a780-4ba7-403b-be5b-70f0763d4a32#45-t1, previous=(t:1, i:22), leaderCommit=16, initializing? false, entries: <empty>
2019-09-16 16:17:48,639 [grpc-default-executor-6] INFO  impl.RaftServerProxy (RaftServerProxy.java:remove(95)) - 8f6ed14e-9847-41b2-84b1-f48134b0885d: remove group-9D5AAEACE39C:null
2019-09-16 16:17:48,642 [RatisPipelineUtilsThread] WARN  pipeline.RatisPipelineUtils (RatisPipelineUtils.java:destroyPipeline(66)) - Pipeline destroy failed for pipeline=PipelineID=66475b26-f7ec-4ee2-b1cf-9d5aaeace39c dn=8f6ed14e-9847-41b2-84b1-f48134b0885d{ip: 192.168.34.47, host: pr-hdds-2111-ptm9r-3382166736, networkLocation: /default-rack, certSerialId: null}
2019-09-16 16:17:48,644 [grpc-default-executor-6] INFO  impl.RaftServerProxy (RaftServerProxy.java:remove(95)) - 6151a780-4ba7-403b-be5b-70f0763d4a32: remove group-9D5AAEACE39C:null
2019-09-16 16:17:48,647 [RatisPipelineUtilsThread] WARN  pipeline.RatisPipelineUtils (RatisPipelineUtils.java:destroyPipeline(66)) - Pipeline destroy failed for pipeline=PipelineID=66475b26-f7ec-4ee2-b1cf-9d5aaeace39c dn=6151a780-4ba7-403b-be5b-70f0763d4a32{ip: 192.168.34.47, host: pr-hdds-2111-ptm9r-3382166736, networkLocation: /default-rack, certSerialId: null}
2019-09-16 16:17:48,649 [grpc-default-executor-6] INFO  impl.RaftServerProxy (RaftServerProxy.java:remove(95)) - d3f833b2-527d-4ab6-a086-d6ad4a131c32: remove group-9D5AAEACE39C:null
2019-09-16 16:17:48,651 [RatisPipelineUtilsThread] WARN  pipeline.RatisPipelineUtils (RatisPipelineUtils.java:destroyPipeline(66)) - Pipeline destroy failed for pipeline=PipelineID=66475b26-f7ec-4ee2-b1cf-9d5aaeace39c dn=d3f833b2-527d-4ab6-a086-d6ad4a131c32{ip: 192.168.34.47, host: pr-hdds-2111-ptm9r-3382166736, networkLocation: /default-rack, certSerialId: null}
2019-09-16 16:17:48,651 [RatisPipelineUtilsThread] ERROR pipeline.SCMPipelineManager (Scheduler.java:lambda$schedule$1(70)) - Destroy pipeline failed for pipeline:Pipeline[ Id: 66475b26-f7ec-4ee2-b1cf-9d5aaeace39c, Nodes: 8f6ed14e-9847-41b2-84b1-f48134b0885d{ip: 192.168.34.47, host: pr-hdds-2111-ptm9r-3382166736, networkLocation: /default-rack, certSerialId: null}6151a780-4ba7-403b-be5b-70f0763d4a32{ip: 192.168.34.47, host: pr-hdds-2111-ptm9r-3382166736, networkLocation: /default-rack, certSerialId: null}d3f833b2-527d-4ab6-a086-d6ad4a131c32{ip: 192.168.34.47, host: pr-hdds-2111-ptm9r-3382166736, networkLocation: /default-rack, certSerialId: null}, Type:RATIS, Factor:THREE, State:CLOSED]
org.apache.hadoop.hdds.scm.pipeline.PipelineNotFoundException: PipelineID=66475b26-f7ec-4ee2-b1cf-9d5aaeace39c not found
	at org.apache.hadoop.hdds.scm.pipeline.PipelineStateMap.getPipeline(PipelineStateMap.java:132)
	at org.apache.hadoop.hdds.scm.pipeline.PipelineStateMap.removePipeline(PipelineStateMap.java:322)
	at org.apache.hadoop.hdds.scm.pipeline.PipelineStateManager.removePipeline(PipelineStateManager.java:107)
	at org.apache.hadoop.hdds.scm.pipeline.SCMPipelineManager.removePipeline(SCMPipelineManager.java:423)
	at org.apache.hadoop.hdds.scm.pipeline.SCMPipelineManager.destroyPipeline(SCMPipelineManager.java:409)
	at org.apache.hadoop.hdds.scm.pipeline.SCMPipelineManager.lambda$finalizeAndDestroyPipeline$0(SCMPipelineManager.java:318)
	at org.apache.hadoop.utils.Scheduler.lambda$schedule$1(Scheduler.java:68)
	at java.util.concurrent.Executors$RunnableAdapter.call(Executors.java:511)
	at java.util.concurrent.FutureTask.run(FutureTask.java:266)
	at java.util.concurrent.ScheduledThreadPoolExecutor$ScheduledFutureTask.access$201(ScheduledThreadPoolExecutor.java:180)
	at java.util.concurrent.ScheduledThreadPoolExecutor$ScheduledFutureTask.run(ScheduledThreadPoolExecutor.java:293)
	at java.util.concurrent.ThreadPoolExecutor.runWorker(ThreadPoolExecutor.java:1149)
	at java.util.concurrent.ThreadPoolExecutor$Worker.run(ThreadPoolExecutor.java:624)
	at java.lang.Thread.run(Thread.java:748)
2019-09-16 16:17:50,582 [d3f833b2-527d-4ab6-a086-d6ad4a131c32@group-E0A55ED5C792-SegmentedRaftLogWorker] WARN  segmented.SegmentedRaftLogWorker (SegmentedRaftLogWorker.java:getFromFuture(90)) - Timeout 5/~
org.apache.ratis.protocol.TimeoutIOException: Timeout 10s: WriteLog:17: (t:1, i:17), STATEMACHINELOGENTRY, client-2CD27A2BD368, cid=54-writeStateMachineData
	at org.apache.ratis.util.IOUtils.getFromFuture(IOUtils.java:87)
	at org.apache.ratis.server.raftlog.segmented.SegmentedRaftLogWorker$StateMachineDataPolicy.getFromFuture(SegmentedRaftLogWorker.java:87)
	at org.apache.ratis.server.raftlog.segmented.SegmentedRaftLogWorker$WriteLog.execute(SegmentedRaftLogWorker.java:477)
	at org.apache.ratis.server.raftlog.segmented.SegmentedRaftLogWorker.run(SegmentedRaftLogWorker.java:289)
	at java.lang.Thread.run(Thread.java:748)
Caused by: java.util.concurrent.TimeoutException
	at java.util.concurrent.CompletableFuture.timedGet(CompletableFuture.java:1771)
	at java.util.concurrent.CompletableFuture.get(CompletableFuture.java:1915)
	at org.apache.ratis.util.IOUtils.getFromFuture(IOUtils.java:79)
	... 4 more
2019-09-16 16:17:50,583 [6151a780-4ba7-403b-be5b-70f0763d4a32@group-E0A55ED5C792-SegmentedRaftLogWorker] WARN  segmented.SegmentedRaftLogWorker (SegmentedRaftLogWorker.java:getFromFuture(90)) - Timeout 5/~
org.apache.ratis.protocol.TimeoutIOException: Timeout 10s: WriteLog:17: (t:1, i:17), STATEMACHINELOGENTRY, client-2CD27A2BD368, cid=54-writeStateMachineData
	at org.apache.ratis.util.IOUtils.getFromFuture(IOUtils.java:87)
	at org.apache.ratis.server.raftlog.segmented.SegmentedRaftLogWorker$StateMachineDataPolicy.getFromFuture(SegmentedRaftLogWorker.java:87)
	at org.apache.ratis.server.raftlog.segmented.SegmentedRaftLogWorker$WriteLog.execute(SegmentedRaftLogWorker.java:477)
	at org.apache.ratis.server.raftlog.segmented.SegmentedRaftLogWorker.run(SegmentedRaftLogWorker.java:289)
	at java.lang.Thread.run(Thread.java:748)
Caused by: java.util.concurrent.TimeoutException
	at java.util.concurrent.CompletableFuture.timedGet(CompletableFuture.java:1771)
	at java.util.concurrent.CompletableFuture.get(CompletableFuture.java:1915)
	at org.apache.ratis.util.IOUtils.getFromFuture(IOUtils.java:79)
	... 4 more
2019-09-16 16:17:50,583 [8f6ed14e-9847-41b2-84b1-f48134b0885d@group-E0A55ED5C792-SegmentedRaftLogWorker] WARN  segmented.SegmentedRaftLogWorker (SegmentedRaftLogWorker.java:getFromFuture(90)) - Timeout 5/~
org.apache.ratis.protocol.TimeoutIOException: Timeout 10s: WriteLog:17: (t:1, i:17), STATEMACHINELOGENTRY, client-2CD27A2BD368, cid=54-writeStateMachineData
	at org.apache.ratis.util.IOUtils.getFromFuture(IOUtils.java:87)
	at org.apache.ratis.server.raftlog.segmented.SegmentedRaftLogWorker$StateMachineDataPolicy.getFromFuture(SegmentedRaftLogWorker.java:87)
	at org.apache.ratis.server.raftlog.segmented.SegmentedRaftLogWorker$WriteLog.execute(SegmentedRaftLogWorker.java:477)
	at org.apache.ratis.server.raftlog.segmented.SegmentedRaftLogWorker.run(SegmentedRaftLogWorker.java:289)
	at java.lang.Thread.run(Thread.java:748)
Caused by: java.util.concurrent.TimeoutException
	at java.util.concurrent.CompletableFuture.timedGet(CompletableFuture.java:1771)
	at java.util.concurrent.CompletableFuture.get(CompletableFuture.java:1915)
	at org.apache.ratis.util.IOUtils.getFromFuture(IOUtils.java:79)
	... 4 more
2019-09-16 16:17:51,089 [grpc-default-executor-6] INFO  client.GrpcClientProtocolClient (GrpcClientProtocolClient.java:onNext(264)) - client-2CD27A2BD368->6151a780-4ba7-403b-be5b-70f0763d4a32: receive RaftClientReply:client-2CD27A2BD368->6151a780-4ba7-403b-be5b-70f0763d4a32@group-E0A55ED5C792, cid=54, FAILED org.apache.ratis.protocol.NotLeaderException: Server 6151a780-4ba7-403b-be5b-70f0763d4a32@group-E0A55ED5C792 is not the leader d3f833b2-527d-4ab6-a086-d6ad4a131c32:192.168.34.47:36523, logIndex=0, commits[6151a780-4ba7-403b-be5b-70f0763d4a32:c16, d3f833b2-527d-4ab6-a086-d6ad4a131c32:c16, 8f6ed14e-9847-41b2-84b1-f48134b0885d:c14]
2019-09-16 16:17:51,093 [java.util.concurrent.ThreadPoolExecutor$Worker@576cfcf[State = -1, empty queue]] WARN  server.GrpcLogAppender (GrpcLogAppender.java:timeoutAppendRequest(200)) - d3f833b2-527d-4ab6-a086-d6ad4a131c32@group-E0A55ED5C792->8f6ed14e-9847-41b2-84b1-f48134b0885d-GrpcLogAppender: appendEntries Timeout, request=d3f833b2-527d-4ab6-a086-d6ad4a131c32->8f6ed14e-9847-41b2-84b1-f48134b0885d#46-t1, previous=(t:1, i:22), leaderCommit=16, initializing? false, entries: <empty>
2019-09-16 16:17:51,096 [java.util.concurrent.ThreadPoolExecutor$Worker@22ff49d0[State = -1, empty queue]] WARN  server.GrpcLogAppender (GrpcLogAppender.java:timeoutAppendRequest(200)) - d3f833b2-527d-4ab6-a086-d6ad4a131c32@group-E0A55ED5C792->6151a780-4ba7-403b-be5b-70f0763d4a32-GrpcLogAppender: appendEntries Timeout, request=d3f833b2-527d-4ab6-a086-d6ad4a131c32->6151a780-4ba7-403b-be5b-70f0763d4a32#46-t1, previous=(t:1, i:22), leaderCommit=16, initializing? false, entries: <empty>
2019-09-16 16:17:53,594 [java.util.concurrent.ThreadPoolExecutor$Worker@22ff49d0[State = -1, empty queue]] WARN  server.GrpcLogAppender (GrpcLogAppender.java:timeoutAppendRequest(200)) - d3f833b2-527d-4ab6-a086-d6ad4a131c32@group-E0A55ED5C792->6151a780-4ba7-403b-be5b-70f0763d4a32-GrpcLogAppender: appendEntries Timeout, request=d3f833b2-527d-4ab6-a086-d6ad4a131c32->6151a780-4ba7-403b-be5b-70f0763d4a32#47-t1, previous=(t:1, i:22), leaderCommit=16, initializing? false, entries: <empty>
2019-09-16 16:17:53,594 [java.util.concurrent.ThreadPoolExecutor$Worker@576cfcf[State = -1, empty queue]] WARN  server.GrpcLogAppender (GrpcLogAppender.java:timeoutAppendRequest(200)) - d3f833b2-527d-4ab6-a086-d6ad4a131c32@group-E0A55ED5C792->8f6ed14e-9847-41b2-84b1-f48134b0885d-GrpcLogAppender: appendEntries Timeout, request=d3f833b2-527d-4ab6-a086-d6ad4a131c32->8f6ed14e-9847-41b2-84b1-f48134b0885d#47-t1, previous=(t:1, i:22), leaderCommit=16, initializing? false, entries: <empty>
2019-09-16 16:17:56,095 [java.util.concurrent.ThreadPoolExecutor$Worker@22ff49d0[State = -1, empty queue]] WARN  server.GrpcLogAppender (GrpcLogAppender.java:timeoutAppendRequest(200)) - d3f833b2-527d-4ab6-a086-d6ad4a131c32@group-E0A55ED5C792->6151a780-4ba7-403b-be5b-70f0763d4a32-GrpcLogAppender: appendEntries Timeout, request=d3f833b2-527d-4ab6-a086-d6ad4a131c32->6151a780-4ba7-403b-be5b-70f0763d4a32#48-t1, previous=(t:1, i:22), leaderCommit=16, initializing? false, entries: <empty>
2019-09-16 16:17:56,095 [java.util.concurrent.ThreadPoolExecutor$Worker@576cfcf[State = -1, empty queue]] WARN  server.GrpcLogAppender (GrpcLogAppender.java:timeoutAppendRequest(200)) - d3f833b2-527d-4ab6-a086-d6ad4a131c32@group-E0A55ED5C792->8f6ed14e-9847-41b2-84b1-f48134b0885d-GrpcLogAppender: appendEntries Timeout, request=d3f833b2-527d-4ab6-a086-d6ad4a131c32->8f6ed14e-9847-41b2-84b1-f48134b0885d#48-t1, previous=(t:1, i:22), leaderCommit=16, initializing? false, entries: <empty>
2019-09-16 16:17:56,147 [grpc-default-executor-6] INFO  client.GrpcClientProtocolClient (GrpcClientProtocolClient.java:onNext(264)) - client-2CD27A2BD368->6151a780-4ba7-403b-be5b-70f0763d4a32: receive RaftClientReply:client-2CD27A2BD368->6151a780-4ba7-403b-be5b-70f0763d4a32@group-E0A55ED5C792, cid=54, FAILED org.apache.ratis.protocol.NotLeaderException: Server 6151a780-4ba7-403b-be5b-70f0763d4a32@group-E0A55ED5C792 is not the leader d3f833b2-527d-4ab6-a086-d6ad4a131c32:192.168.34.47:36523, logIndex=0, commits[6151a780-4ba7-403b-be5b-70f0763d4a32:c16, d3f833b2-527d-4ab6-a086-d6ad4a131c32:c16, 8f6ed14e-9847-41b2-84b1-f48134b0885d:c14]
2019-09-16 16:17:58,595 [java.util.concurrent.ThreadPoolExecutor$Worker@576cfcf[State = -1, empty queue]] WARN  server.GrpcLogAppender (GrpcLogAppender.java:timeoutAppendRequest(200)) - d3f833b2-527d-4ab6-a086-d6ad4a131c32@group-E0A55ED5C792->8f6ed14e-9847-41b2-84b1-f48134b0885d-GrpcLogAppender: appendEntries Timeout, request=d3f833b2-527d-4ab6-a086-d6ad4a131c32->8f6ed14e-9847-41b2-84b1-f48134b0885d#49-t1, previous=(t:1, i:22), leaderCommit=16, initializing? false, entries: <empty>
2019-09-16 16:17:58,595 [java.util.concurrent.ThreadPoolExecutor$Worker@22ff49d0[State = -1, empty queue]] WARN  server.GrpcLogAppender (GrpcLogAppender.java:timeoutAppendRequest(200)) - d3f833b2-527d-4ab6-a086-d6ad4a131c32@group-E0A55ED5C792->6151a780-4ba7-403b-be5b-70f0763d4a32-GrpcLogAppender: appendEntries Timeout, request=d3f833b2-527d-4ab6-a086-d6ad4a131c32->6151a780-4ba7-403b-be5b-70f0763d4a32#49-t1, previous=(t:1, i:22), leaderCommit=16, initializing? false, entries: <empty>
2019-09-16 16:18:00,584 [d3f833b2-527d-4ab6-a086-d6ad4a131c32@group-E0A55ED5C792-SegmentedRaftLogWorker] WARN  segmented.SegmentedRaftLogWorker (SegmentedRaftLogWorker.java:getFromFuture(90)) - Timeout 6/~
org.apache.ratis.protocol.TimeoutIOException: Timeout 10s: WriteLog:17: (t:1, i:17), STATEMACHINELOGENTRY, client-2CD27A2BD368, cid=54-writeStateMachineData
	at org.apache.ratis.util.IOUtils.getFromFuture(IOUtils.java:87)
	at org.apache.ratis.server.raftlog.segmented.SegmentedRaftLogWorker$StateMachineDataPolicy.getFromFuture(SegmentedRaftLogWorker.java:87)
	at org.apache.ratis.server.raftlog.segmented.SegmentedRaftLogWorker$WriteLog.execute(SegmentedRaftLogWorker.java:477)
	at org.apache.ratis.server.raftlog.segmented.SegmentedRaftLogWorker.run(SegmentedRaftLogWorker.java:289)
	at java.lang.Thread.run(Thread.java:748)
Caused by: java.util.concurrent.TimeoutException
	at java.util.concurrent.CompletableFuture.timedGet(CompletableFuture.java:1771)
	at java.util.concurrent.CompletableFuture.get(CompletableFuture.java:1915)
	at org.apache.ratis.util.IOUtils.getFromFuture(IOUtils.java:79)
	... 4 more
2019-09-16 16:18:00,584 [8f6ed14e-9847-41b2-84b1-f48134b0885d@group-E0A55ED5C792-SegmentedRaftLogWorker] WARN  segmented.SegmentedRaftLogWorker (SegmentedRaftLogWorker.java:getFromFuture(90)) - Timeout 6/~
org.apache.ratis.protocol.TimeoutIOException: Timeout 10s: WriteLog:17: (t:1, i:17), STATEMACHINELOGENTRY, client-2CD27A2BD368, cid=54-writeStateMachineData
	at org.apache.ratis.util.IOUtils.getFromFuture(IOUtils.java:87)
	at org.apache.ratis.server.raftlog.segmented.SegmentedRaftLogWorker$StateMachineDataPolicy.getFromFuture(SegmentedRaftLogWorker.java:87)
	at org.apache.ratis.server.raftlog.segmented.SegmentedRaftLogWorker$WriteLog.execute(SegmentedRaftLogWorker.java:477)
	at org.apache.ratis.server.raftlog.segmented.SegmentedRaftLogWorker.run(SegmentedRaftLogWorker.java:289)
	at java.lang.Thread.run(Thread.java:748)
Caused by: java.util.concurrent.TimeoutException
	at java.util.concurrent.CompletableFuture.timedGet(CompletableFuture.java:1771)
	at java.util.concurrent.CompletableFuture.get(CompletableFuture.java:1915)
	at org.apache.ratis.util.IOUtils.getFromFuture(IOUtils.java:79)
	... 4 more
2019-09-16 16:18:00,584 [6151a780-4ba7-403b-be5b-70f0763d4a32@group-E0A55ED5C792-SegmentedRaftLogWorker] WARN  segmented.SegmentedRaftLogWorker (SegmentedRaftLogWorker.java:getFromFuture(90)) - Timeout 6/~
org.apache.ratis.protocol.TimeoutIOException: Timeout 10s: WriteLog:17: (t:1, i:17), STATEMACHINELOGENTRY, client-2CD27A2BD368, cid=54-writeStateMachineData
	at org.apache.ratis.util.IOUtils.getFromFuture(IOUtils.java:87)
	at org.apache.ratis.server.raftlog.segmented.SegmentedRaftLogWorker$StateMachineDataPolicy.getFromFuture(SegmentedRaftLogWorker.java:87)
	at org.apache.ratis.server.raftlog.segmented.SegmentedRaftLogWorker$WriteLog.execute(SegmentedRaftLogWorker.java:477)
	at org.apache.ratis.server.raftlog.segmented.SegmentedRaftLogWorker.run(SegmentedRaftLogWorker.java:289)
	at java.lang.Thread.run(Thread.java:748)
Caused by: java.util.concurrent.TimeoutException
	at java.util.concurrent.CompletableFuture.timedGet(CompletableFuture.java:1771)
	at java.util.concurrent.CompletableFuture.get(CompletableFuture.java:1915)
	at org.apache.ratis.util.IOUtils.getFromFuture(IOUtils.java:79)
	... 4 more
2019-09-16 16:18:01,097 [java.util.concurrent.ThreadPoolExecutor$Worker@22ff49d0[State = -1, empty queue]] WARN  server.GrpcLogAppender (GrpcLogAppender.java:timeoutAppendRequest(200)) - d3f833b2-527d-4ab6-a086-d6ad4a131c32@group-E0A55ED5C792->6151a780-4ba7-403b-be5b-70f0763d4a32-GrpcLogAppender: appendEntries Timeout, request=d3f833b2-527d-4ab6-a086-d6ad4a131c32->6151a780-4ba7-403b-be5b-70f0763d4a32#50-t1, previous=(t:1, i:22), leaderCommit=16, initializing? false, entries: <empty>
2019-09-16 16:18:01,097 [java.util.concurrent.ThreadPoolExecutor$Worker@576cfcf[State = -1, empty queue]] WARN  server.GrpcLogAppender (GrpcLogAppender.java:timeoutAppendRequest(200)) - d3f833b2-527d-4ab6-a086-d6ad4a131c32@group-E0A55ED5C792->8f6ed14e-9847-41b2-84b1-f48134b0885d-GrpcLogAppender: appendEntries Timeout, request=d3f833b2-527d-4ab6-a086-d6ad4a131c32->8f6ed14e-9847-41b2-84b1-f48134b0885d#50-t1, previous=(t:1, i:22), leaderCommit=16, initializing? false, entries: <empty>
2019-09-16 16:18:01,182 [grpc-default-executor-1] INFO  client.GrpcClientProtocolClient (GrpcClientProtocolClient.java:onNext(264)) - client-2CD27A2BD368->8f6ed14e-9847-41b2-84b1-f48134b0885d: receive RaftClientReply:client-2CD27A2BD368->8f6ed14e-9847-41b2-84b1-f48134b0885d@group-E0A55ED5C792, cid=54, FAILED org.apache.ratis.protocol.NotLeaderException: Server 8f6ed14e-9847-41b2-84b1-f48134b0885d@group-E0A55ED5C792 is not the leader d3f833b2-527d-4ab6-a086-d6ad4a131c32:192.168.34.47:36523, logIndex=0, commits[8f6ed14e-9847-41b2-84b1-f48134b0885d:c16, 6151a780-4ba7-403b-be5b-70f0763d4a32:c14, d3f833b2-527d-4ab6-a086-d6ad4a131c32:c16]
2019-09-16 16:18:03,610 [java.util.concurrent.ThreadPoolExecutor$Worker@22ff49d0[State = -1, empty queue]] WARN  server.GrpcLogAppender (GrpcLogAppender.java:timeoutAppendRequest(200)) - d3f833b2-527d-4ab6-a086-d6ad4a131c32@group-E0A55ED5C792->6151a780-4ba7-403b-be5b-70f0763d4a32-GrpcLogAppender: appendEntries Timeout, request=d3f833b2-527d-4ab6-a086-d6ad4a131c32->6151a780-4ba7-403b-be5b-70f0763d4a32#51-t1, previous=(t:1, i:22), leaderCommit=16, initializing? false, entries: <empty>
2019-09-16 16:18:03,610 [java.util.concurrent.ThreadPoolExecutor$Worker@576cfcf[State = -1, empty queue]] WARN  server.GrpcLogAppender (GrpcLogAppender.java:timeoutAppendRequest(200)) - d3f833b2-527d-4ab6-a086-d6ad4a131c32@group-E0A55ED5C792->8f6ed14e-9847-41b2-84b1-f48134b0885d-GrpcLogAppender: appendEntries Timeout, request=d3f833b2-527d-4ab6-a086-d6ad4a131c32->8f6ed14e-9847-41b2-84b1-f48134b0885d#51-t1, previous=(t:1, i:22), leaderCommit=16, initializing? false, entries: <empty>
2019-09-16 16:18:06,111 [java.util.concurrent.ThreadPoolExecutor$Worker@576cfcf[State = -1, empty queue]] WARN  server.GrpcLogAppender (GrpcLogAppender.java:timeoutAppendRequest(200)) - d3f833b2-527d-4ab6-a086-d6ad4a131c32@group-E0A55ED5C792->8f6ed14e-9847-41b2-84b1-f48134b0885d-GrpcLogAppender: appendEntries Timeout, request=d3f833b2-527d-4ab6-a086-d6ad4a131c32->8f6ed14e-9847-41b2-84b1-f48134b0885d#52-t1, previous=(t:1, i:22), leaderCommit=16, initializing? false, entries: <empty>
2019-09-16 16:18:06,111 [java.util.concurrent.ThreadPoolExecutor$Worker@22ff49d0[State = -1, empty queue]] WARN  server.GrpcLogAppender (GrpcLogAppender.java:timeoutAppendRequest(200)) - d3f833b2-527d-4ab6-a086-d6ad4a131c32@group-E0A55ED5C792->6151a780-4ba7-403b-be5b-70f0763d4a32-GrpcLogAppender: appendEntries Timeout, request=d3f833b2-527d-4ab6-a086-d6ad4a131c32->6151a780-4ba7-403b-be5b-70f0763d4a32#52-t1, previous=(t:1, i:22), leaderCommit=16, initializing? false, entries: <empty>
2019-09-16 16:18:06,227 [grpc-default-executor-1] INFO  client.GrpcClientProtocolClient (GrpcClientProtocolClient.java:onNext(264)) - client-2CD27A2BD368->6151a780-4ba7-403b-be5b-70f0763d4a32: receive RaftClientReply:client-2CD27A2BD368->6151a780-4ba7-403b-be5b-70f0763d4a32@group-E0A55ED5C792, cid=54, FAILED org.apache.ratis.protocol.NotLeaderException: Server 6151a780-4ba7-403b-be5b-70f0763d4a32@group-E0A55ED5C792 is not the leader d3f833b2-527d-4ab6-a086-d6ad4a131c32:192.168.34.47:36523, logIndex=0, commits[6151a780-4ba7-403b-be5b-70f0763d4a32:c16, d3f833b2-527d-4ab6-a086-d6ad4a131c32:c16, 8f6ed14e-9847-41b2-84b1-f48134b0885d:c14]
2019-09-16 16:18:08,611 [java.util.concurrent.ThreadPoolExecutor$Worker@576cfcf[State = -1, empty queue]] WARN  server.GrpcLogAppender (GrpcLogAppender.java:timeoutAppendRequest(200)) - d3f833b2-527d-4ab6-a086-d6ad4a131c32@group-E0A55ED5C792->8f6ed14e-9847-41b2-84b1-f48134b0885d-GrpcLogAppender: appendEntries Timeout, request=d3f833b2-527d-4ab6-a086-d6ad4a131c32->8f6ed14e-9847-41b2-84b1-f48134b0885d#53-t1, previous=(t:1, i:22), leaderCommit=16, initializing? false, entries: <empty>
2019-09-16 16:18:08,611 [java.util.concurrent.ThreadPoolExecutor$Worker@22ff49d0[State = -1, empty queue]] WARN  server.GrpcLogAppender (GrpcLogAppender.java:timeoutAppendRequest(200)) - d3f833b2-527d-4ab6-a086-d6ad4a131c32@group-E0A55ED5C792->6151a780-4ba7-403b-be5b-70f0763d4a32-GrpcLogAppender: appendEntries Timeout, request=d3f833b2-527d-4ab6-a086-d6ad4a131c32->6151a780-4ba7-403b-be5b-70f0763d4a32#53-t1, previous=(t:1, i:22), leaderCommit=16, initializing? false, entries: <empty>
2019-09-16 16:18:10,585 [d3f833b2-527d-4ab6-a086-d6ad4a131c32@group-E0A55ED5C792-SegmentedRaftLogWorker] WARN  segmented.SegmentedRaftLogWorker (SegmentedRaftLogWorker.java:getFromFuture(90)) - Timeout 7/~
org.apache.ratis.protocol.TimeoutIOException: Timeout 10s: WriteLog:17: (t:1, i:17), STATEMACHINELOGENTRY, client-2CD27A2BD368, cid=54-writeStateMachineData
	at org.apache.ratis.util.IOUtils.getFromFuture(IOUtils.java:87)
	at org.apache.ratis.server.raftlog.segmented.SegmentedRaftLogWorker$StateMachineDataPolicy.getFromFuture(SegmentedRaftLogWorker.java:87)
	at org.apache.ratis.server.raftlog.segmented.SegmentedRaftLogWorker$WriteLog.execute(SegmentedRaftLogWorker.java:477)
	at org.apache.ratis.server.raftlog.segmented.SegmentedRaftLogWorker.run(SegmentedRaftLogWorker.java:289)
	at java.lang.Thread.run(Thread.java:748)
Caused by: java.util.concurrent.TimeoutException
	at java.util.concurrent.CompletableFuture.timedGet(CompletableFuture.java:1771)
	at java.util.concurrent.CompletableFuture.get(CompletableFuture.java:1915)
	at org.apache.ratis.util.IOUtils.getFromFuture(IOUtils.java:79)
	... 4 more
2019-09-16 16:18:10,609 [8f6ed14e-9847-41b2-84b1-f48134b0885d@group-E0A55ED5C792-SegmentedRaftLogWorker] WARN  segmented.SegmentedRaftLogWorker (SegmentedRaftLogWorker.java:getFromFuture(90)) - Timeout 7/~
org.apache.ratis.protocol.TimeoutIOException: Timeout 10s: WriteLog:17: (t:1, i:17), STATEMACHINELOGENTRY, client-2CD27A2BD368, cid=54-writeStateMachineData
	at org.apache.ratis.util.IOUtils.getFromFuture(IOUtils.java:87)
	at org.apache.ratis.server.raftlog.segmented.SegmentedRaftLogWorker$StateMachineDataPolicy.getFromFuture(SegmentedRaftLogWorker.java:87)
	at org.apache.ratis.server.raftlog.segmented.SegmentedRaftLogWorker$WriteLog.execute(SegmentedRaftLogWorker.java:477)
	at org.apache.ratis.server.raftlog.segmented.SegmentedRaftLogWorker.run(SegmentedRaftLogWorker.java:289)
	at java.lang.Thread.run(Thread.java:748)
Caused by: java.util.concurrent.TimeoutException
	at java.util.concurrent.CompletableFuture.timedGet(CompletableFuture.java:1771)
	at java.util.concurrent.CompletableFuture.get(CompletableFuture.java:1915)
	at org.apache.ratis.util.IOUtils.getFromFuture(IOUtils.java:79)
	... 4 more
2019-09-16 16:18:10,610 [6151a780-4ba7-403b-be5b-70f0763d4a32@group-E0A55ED5C792-SegmentedRaftLogWorker] WARN  segmented.SegmentedRaftLogWorker (SegmentedRaftLogWorker.java:getFromFuture(90)) - Timeout 7/~
org.apache.ratis.protocol.TimeoutIOException: Timeout 10s: WriteLog:17: (t:1, i:17), STATEMACHINELOGENTRY, client-2CD27A2BD368, cid=54-writeStateMachineData
	at org.apache.ratis.util.IOUtils.getFromFuture(IOUtils.java:87)
	at org.apache.ratis.server.raftlog.segmented.SegmentedRaftLogWorker$StateMachineDataPolicy.getFromFuture(SegmentedRaftLogWorker.java:87)
	at org.apache.ratis.server.raftlog.segmented.SegmentedRaftLogWorker$WriteLog.execute(SegmentedRaftLogWorker.java:477)
	at org.apache.ratis.server.raftlog.segmented.SegmentedRaftLogWorker.run(SegmentedRaftLogWorker.java:289)
	at java.lang.Thread.run(Thread.java:748)
Caused by: java.util.concurrent.TimeoutException
	at java.util.concurrent.CompletableFuture.timedGet(CompletableFuture.java:1771)
	at java.util.concurrent.CompletableFuture.get(CompletableFuture.java:1915)
	at org.apache.ratis.util.IOUtils.getFromFuture(IOUtils.java:79)
	... 4 more
2019-09-16 16:18:11,112 [java.util.concurrent.ThreadPoolExecutor$Worker@576cfcf[State = -1, empty queue]] WARN  server.GrpcLogAppender (GrpcLogAppender.java:timeoutAppendRequest(200)) - d3f833b2-527d-4ab6-a086-d6ad4a131c32@group-E0A55ED5C792->8f6ed14e-9847-41b2-84b1-f48134b0885d-GrpcLogAppender: appendEntries Timeout, request=d3f833b2-527d-4ab6-a086-d6ad4a131c32->8f6ed14e-9847-41b2-84b1-f48134b0885d#54-t1, previous=(t:1, i:22), leaderCommit=16, initializing? false, entries: <empty>
2019-09-16 16:18:11,112 [java.util.concurrent.ThreadPoolExecutor$Worker@22ff49d0[State = -1, empty queue]] WARN  server.GrpcLogAppender (GrpcLogAppender.java:timeoutAppendRequest(200)) - d3f833b2-527d-4ab6-a086-d6ad4a131c32@group-E0A55ED5C792->6151a780-4ba7-403b-be5b-70f0763d4a32-GrpcLogAppender: appendEntries Timeout, request=d3f833b2-527d-4ab6-a086-d6ad4a131c32->6151a780-4ba7-403b-be5b-70f0763d4a32#54-t1, previous=(t:1, i:22), leaderCommit=16, initializing? false, entries: <empty>
2019-09-16 16:18:11,272 [grpc-default-executor-1] INFO  client.GrpcClientProtocolClient (GrpcClientProtocolClient.java:onNext(264)) - client-2CD27A2BD368->6151a780-4ba7-403b-be5b-70f0763d4a32: receive RaftClientReply:client-2CD27A2BD368->6151a780-4ba7-403b-be5b-70f0763d4a32@group-E0A55ED5C792, cid=54, FAILED org.apache.ratis.protocol.NotLeaderException: Server 6151a780-4ba7-403b-be5b-70f0763d4a32@group-E0A55ED5C792 is not the leader d3f833b2-527d-4ab6-a086-d6ad4a131c32:192.168.34.47:36523, logIndex=0, commits[6151a780-4ba7-403b-be5b-70f0763d4a32:c16, d3f833b2-527d-4ab6-a086-d6ad4a131c32:c16, 8f6ed14e-9847-41b2-84b1-f48134b0885d:c14]
2019-09-16 16:18:13,612 [java.util.concurrent.ThreadPoolExecutor$Worker@576cfcf[State = -1, empty queue]] WARN  server.GrpcLogAppender (GrpcLogAppender.java:timeoutAppendRequest(200)) - d3f833b2-527d-4ab6-a086-d6ad4a131c32@group-E0A55ED5C792->8f6ed14e-9847-41b2-84b1-f48134b0885d-GrpcLogAppender: appendEntries Timeout, request=d3f833b2-527d-4ab6-a086-d6ad4a131c32->8f6ed14e-9847-41b2-84b1-f48134b0885d#55-t1, previous=(t:1, i:22), leaderCommit=16, initializing? false, entries: <empty>
2019-09-16 16:18:13,612 [java.util.concurrent.ThreadPoolExecutor$Worker@22ff49d0[State = -1, empty queue]] WARN  server.GrpcLogAppender (GrpcLogAppender.java:timeoutAppendRequest(200)) - d3f833b2-527d-4ab6-a086-d6ad4a131c32@group-E0A55ED5C792->6151a780-4ba7-403b-be5b-70f0763d4a32-GrpcLogAppender: appendEntries Timeout, request=d3f833b2-527d-4ab6-a086-d6ad4a131c32->6151a780-4ba7-403b-be5b-70f0763d4a32#55-t1, previous=(t:1, i:22), leaderCommit=16, initializing? false, entries: <empty>
2019-09-16 16:18:16,113 [java.util.concurrent.ThreadPoolExecutor$Worker@22ff49d0[State = -1, empty queue]] WARN  server.GrpcLogAppender (GrpcLogAppender.java:timeoutAppendRequest(200)) - d3f833b2-527d-4ab6-a086-d6ad4a131c32@group-E0A55ED5C792->6151a780-4ba7-403b-be5b-70f0763d4a32-GrpcLogAppender: appendEntries Timeout, request=d3f833b2-527d-4ab6-a086-d6ad4a131c32->6151a780-4ba7-403b-be5b-70f0763d4a32#56-t1, previous=(t:1, i:22), leaderCommit=16, initializing? false, entries: <empty>
2019-09-16 16:18:16,113 [java.util.concurrent.ThreadPoolExecutor$Worker@576cfcf[State = -1, empty queue]] WARN  server.GrpcLogAppender (GrpcLogAppender.java:timeoutAppendRequest(200)) - d3f833b2-527d-4ab6-a086-d6ad4a131c32@group-E0A55ED5C792->8f6ed14e-9847-41b2-84b1-f48134b0885d-GrpcLogAppender: appendEntries Timeout, request=d3f833b2-527d-4ab6-a086-d6ad4a131c32->8f6ed14e-9847-41b2-84b1-f48134b0885d#56-t1, previous=(t:1, i:22), leaderCommit=16, initializing? false, entries: <empty>
2019-09-16 16:18:16,310 [grpc-default-executor-1] INFO  client.GrpcClientProtocolClient (GrpcClientProtocolClient.java:onNext(264)) - client-2CD27A2BD368->6151a780-4ba7-403b-be5b-70f0763d4a32: receive RaftClientReply:client-2CD27A2BD368->6151a780-4ba7-403b-be5b-70f0763d4a32@group-E0A55ED5C792, cid=54, FAILED org.apache.ratis.protocol.NotLeaderException: Server 6151a780-4ba7-403b-be5b-70f0763d4a32@group-E0A55ED5C792 is not the leader d3f833b2-527d-4ab6-a086-d6ad4a131c32:192.168.34.47:36523, logIndex=0, commits[6151a780-4ba7-403b-be5b-70f0763d4a32:c16, d3f833b2-527d-4ab6-a086-d6ad4a131c32:c16, 8f6ed14e-9847-41b2-84b1-f48134b0885d:c14]
2019-09-16 16:18:18,613 [java.util.concurrent.ThreadPoolExecutor$Worker@22ff49d0[State = -1, empty queue]] WARN  server.GrpcLogAppender (GrpcLogAppender.java:timeoutAppendRequest(200)) - d3f833b2-527d-4ab6-a086-d6ad4a131c32@group-E0A55ED5C792->6151a780-4ba7-403b-be5b-70f0763d4a32-GrpcLogAppender: appendEntries Timeout, request=d3f833b2-527d-4ab6-a086-d6ad4a131c32->6151a780-4ba7-403b-be5b-70f0763d4a32#57-t1, previous=(t:1, i:22), leaderCommit=16, initializing? false, entries: <empty>
2019-09-16 16:18:18,613 [java.util.concurrent.ThreadPoolExecutor$Worker@576cfcf[State = -1, empty queue]] WARN  server.GrpcLogAppender (GrpcLogAppender.java:timeoutAppendRequest(200)) - d3f833b2-527d-4ab6-a086-d6ad4a131c32@group-E0A55ED5C792->8f6ed14e-9847-41b2-84b1-f48134b0885d-GrpcLogAppender: appendEntries Timeout, request=d3f833b2-527d-4ab6-a086-d6ad4a131c32->8f6ed14e-9847-41b2-84b1-f48134b0885d#57-t1, previous=(t:1, i:22), leaderCommit=16, initializing? false, entries: <empty>
2019-09-16 16:18:20,586 [d3f833b2-527d-4ab6-a086-d6ad4a131c32@group-E0A55ED5C792-SegmentedRaftLogWorker] WARN  segmented.SegmentedRaftLogWorker (SegmentedRaftLogWorker.java:getFromFuture(90)) - Timeout 8/~
org.apache.ratis.protocol.TimeoutIOException: Timeout 10s: WriteLog:17: (t:1, i:17), STATEMACHINELOGENTRY, client-2CD27A2BD368, cid=54-writeStateMachineData
	at org.apache.ratis.util.IOUtils.getFromFuture(IOUtils.java:87)
	at org.apache.ratis.server.raftlog.segmented.SegmentedRaftLogWorker$StateMachineDataPolicy.getFromFuture(SegmentedRaftLogWorker.java:87)
	at org.apache.ratis.server.raftlog.segmented.SegmentedRaftLogWorker$WriteLog.execute(SegmentedRaftLogWorker.java:477)
	at org.apache.ratis.server.raftlog.segmented.SegmentedRaftLogWorker.run(SegmentedRaftLogWorker.java:289)
	at java.lang.Thread.run(Thread.java:748)
Caused by: java.util.concurrent.TimeoutException
	at java.util.concurrent.CompletableFuture.timedGet(CompletableFuture.java:1771)
	at java.util.concurrent.CompletableFuture.get(CompletableFuture.java:1915)
	at org.apache.ratis.util.IOUtils.getFromFuture(IOUtils.java:79)
	... 4 more
2019-09-16 16:18:20,610 [8f6ed14e-9847-41b2-84b1-f48134b0885d@group-E0A55ED5C792-SegmentedRaftLogWorker] WARN  segmented.SegmentedRaftLogWorker (SegmentedRaftLogWorker.java:getFromFuture(90)) - Timeout 8/~
org.apache.ratis.protocol.TimeoutIOException: Timeout 10s: WriteLog:17: (t:1, i:17), STATEMACHINELOGENTRY, client-2CD27A2BD368, cid=54-writeStateMachineData
	at org.apache.ratis.util.IOUtils.getFromFuture(IOUtils.java:87)
	at org.apache.ratis.server.raftlog.segmented.SegmentedRaftLogWorker$StateMachineDataPolicy.getFromFuture(SegmentedRaftLogWorker.java:87)
	at org.apache.ratis.server.raftlog.segmented.SegmentedRaftLogWorker$WriteLog.execute(SegmentedRaftLogWorker.java:477)
	at org.apache.ratis.server.raftlog.segmented.SegmentedRaftLogWorker.run(SegmentedRaftLogWorker.java:289)
	at java.lang.Thread.run(Thread.java:748)
Caused by: java.util.concurrent.TimeoutException
	at java.util.concurrent.CompletableFuture.timedGet(CompletableFuture.java:1771)
	at java.util.concurrent.CompletableFuture.get(CompletableFuture.java:1915)
	at org.apache.ratis.util.IOUtils.getFromFuture(IOUtils.java:79)
	... 4 more
2019-09-16 16:18:20,611 [6151a780-4ba7-403b-be5b-70f0763d4a32@group-E0A55ED5C792-SegmentedRaftLogWorker] WARN  segmented.SegmentedRaftLogWorker (SegmentedRaftLogWorker.java:getFromFuture(90)) - Timeout 8/~
org.apache.ratis.protocol.TimeoutIOException: Timeout 10s: WriteLog:17: (t:1, i:17), STATEMACHINELOGENTRY, client-2CD27A2BD368, cid=54-writeStateMachineData
	at org.apache.ratis.util.IOUtils.getFromFuture(IOUtils.java:87)
	at org.apache.ratis.server.raftlog.segmented.SegmentedRaftLogWorker$StateMachineDataPolicy.getFromFuture(SegmentedRaftLogWorker.java:87)
	at org.apache.ratis.server.raftlog.segmented.SegmentedRaftLogWorker$WriteLog.execute(SegmentedRaftLogWorker.java:477)
	at org.apache.ratis.server.raftlog.segmented.SegmentedRaftLogWorker.run(SegmentedRaftLogWorker.java:289)
	at java.lang.Thread.run(Thread.java:748)
Caused by: java.util.concurrent.TimeoutException
	at java.util.concurrent.CompletableFuture.timedGet(CompletableFuture.java:1771)
	at java.util.concurrent.CompletableFuture.get(CompletableFuture.java:1915)
	at org.apache.ratis.util.IOUtils.getFromFuture(IOUtils.java:79)
	... 4 more
2019-09-16 16:18:21,114 [java.util.concurrent.ThreadPoolExecutor$Worker@22ff49d0[State = -1, empty queue]] WARN  server.GrpcLogAppender (GrpcLogAppender.java:timeoutAppendRequest(200)) - d3f833b2-527d-4ab6-a086-d6ad4a131c32@group-E0A55ED5C792->6151a780-4ba7-403b-be5b-70f0763d4a32-GrpcLogAppender: appendEntries Timeout, request=d3f833b2-527d-4ab6-a086-d6ad4a131c32->6151a780-4ba7-403b-be5b-70f0763d4a32#58-t1, previous=(t:1, i:22), leaderCommit=16, initializing? false, entries: <empty>
2019-09-16 16:18:21,114 [java.util.concurrent.ThreadPoolExecutor$Worker@576cfcf[State = -1, empty queue]] WARN  server.GrpcLogAppender (GrpcLogAppender.java:timeoutAppendRequest(200)) - d3f833b2-527d-4ab6-a086-d6ad4a131c32@group-E0A55ED5C792->8f6ed14e-9847-41b2-84b1-f48134b0885d-GrpcLogAppender: appendEntries Timeout, request=d3f833b2-527d-4ab6-a086-d6ad4a131c32->8f6ed14e-9847-41b2-84b1-f48134b0885d#58-t1, previous=(t:1, i:22), leaderCommit=16, initializing? false, entries: <empty>
2019-09-16 16:18:21,345 [grpc-default-executor-5] INFO  client.GrpcClientProtocolClient (GrpcClientProtocolClient.java:onNext(264)) - client-2CD27A2BD368->8f6ed14e-9847-41b2-84b1-f48134b0885d: receive RaftClientReply:client-2CD27A2BD368->8f6ed14e-9847-41b2-84b1-f48134b0885d@group-E0A55ED5C792, cid=54, FAILED org.apache.ratis.protocol.NotLeaderException: Server 8f6ed14e-9847-41b2-84b1-f48134b0885d@group-E0A55ED5C792 is not the leader d3f833b2-527d-4ab6-a086-d6ad4a131c32:192.168.34.47:36523, logIndex=0, commits[8f6ed14e-9847-41b2-84b1-f48134b0885d:c16, 6151a780-4ba7-403b-be5b-70f0763d4a32:c14, d3f833b2-527d-4ab6-a086-d6ad4a131c32:c16]
2019-09-16 16:18:22,303 [ReplicationMonitor] INFO  container.ReplicationManager (ReplicationManager.java:forceCloseContainer(464)) - Force closing container #1 with BCSID 5, which is in QUASI_CLOSED state.
2019-09-16 16:18:22,305 [ReplicationMonitor] INFO  container.ReplicationManager (ReplicationManager.java:sendCloseCommand(659)) - Sending close container command for container #1 to datanode 6151a780-4ba7-403b-be5b-70f0763d4a32{ip: 192.168.34.47, host: pr-hdds-2111-ptm9r-3382166736, networkLocation: /default-rack, certSerialId: null}.
2019-09-16 16:18:22,305 [ReplicationMonitor] INFO  container.ReplicationManager (ReplicationManager.java:sendCloseCommand(659)) - Sending close container command for container #1 to datanode 8f6ed14e-9847-41b2-84b1-f48134b0885d{ip: 192.168.34.47, host: pr-hdds-2111-ptm9r-3382166736, networkLocation: /default-rack, certSerialId: null}.
2019-09-16 16:18:22,305 [ReplicationMonitor] INFO  container.ReplicationManager (ReplicationManager.java:sendCloseCommand(659)) - Sending close container command for container #1 to datanode d3f833b2-527d-4ab6-a086-d6ad4a131c32{ip: 192.168.34.47, host: pr-hdds-2111-ptm9r-3382166736, networkLocation: /default-rack, certSerialId: null}.
2019-09-16 16:18:22,306 [ReplicationMonitor] INFO  container.ReplicationManager (ReplicationManager.java:forceCloseContainer(464)) - Force closing container #2 with BCSID 12, which is in QUASI_CLOSED state.
2019-09-16 16:18:22,306 [ReplicationMonitor] INFO  container.ReplicationManager (ReplicationManager.java:sendCloseCommand(659)) - Sending close container command for container #2 to datanode d3f833b2-527d-4ab6-a086-d6ad4a131c32{ip: 192.168.34.47, host: pr-hdds-2111-ptm9r-3382166736, networkLocation: /default-rack, certSerialId: null}.
2019-09-16 16:18:22,306 [ReplicationMonitor] INFO  container.ReplicationManager (ReplicationManager.java:sendCloseCommand(659)) - Sending close container command for container #2 to datanode 8f6ed14e-9847-41b2-84b1-f48134b0885d{ip: 192.168.34.47, host: pr-hdds-2111-ptm9r-3382166736, networkLocation: /default-rack, certSerialId: null}.
2019-09-16 16:18:22,306 [ReplicationMonitor] INFO  container.ReplicationManager (ReplicationManager.java:sendCloseCommand(659)) - Sending close container command for container #2 to datanode 6151a780-4ba7-403b-be5b-70f0763d4a32{ip: 192.168.34.47, host: pr-hdds-2111-ptm9r-3382166736, networkLocation: /default-rack, certSerialId: null}.
2019-09-16 16:18:22,307 [ReplicationMonitor] INFO  container.ReplicationManager (ReplicationManager.java:forceCloseContainer(464)) - Force closing container #4 with BCSID 0, which is in QUASI_CLOSED state.
2019-09-16 16:18:22,307 [ReplicationMonitor] INFO  container.ReplicationManager (ReplicationManager.java:sendCloseCommand(659)) - Sending close container command for container #4 to datanode 8f6ed14e-9847-41b2-84b1-f48134b0885d{ip: 192.168.34.47, host: pr-hdds-2111-ptm9r-3382166736, networkLocation: /default-rack, certSerialId: null}.
2019-09-16 16:18:22,307 [ReplicationMonitor] INFO  container.ReplicationManager (ReplicationManager.java:sendCloseCommand(659)) - Sending close container command for container #4 to datanode 6151a780-4ba7-403b-be5b-70f0763d4a32{ip: 192.168.34.47, host: pr-hdds-2111-ptm9r-3382166736, networkLocation: /default-rack, certSerialId: null}.
2019-09-16 16:18:22,307 [ReplicationMonitor] INFO  container.ReplicationManager (ReplicationManager.java:sendCloseCommand(659)) - Sending close container command for container #4 to datanode d3f833b2-527d-4ab6-a086-d6ad4a131c32{ip: 192.168.34.47, host: pr-hdds-2111-ptm9r-3382166736, networkLocation: /default-rack, certSerialId: null}.
2019-09-16 16:18:22,308 [ReplicationMonitor] INFO  container.ReplicationManager (ReplicationManager.java:run(225)) - Replication Monitor Thread took 10 milliseconds for processing 7 containers.
2019-09-16 16:18:23,756 [java.util.concurrent.ThreadPoolExecutor$Worker@576cfcf[State = -1, empty queue]] WARN  server.GrpcLogAppender (GrpcLogAppender.java:timeoutAppendRequest(200)) - d3f833b2-527d-4ab6-a086-d6ad4a131c32@group-E0A55ED5C792->8f6ed14e-9847-41b2-84b1-f48134b0885d-GrpcLogAppender: appendEntries Timeout, request=d3f833b2-527d-4ab6-a086-d6ad4a131c32->8f6ed14e-9847-41b2-84b1-f48134b0885d#59-t1, previous=(t:1, i:22), leaderCommit=16, initializing? false, entries: <empty>
2019-09-16 16:18:23,756 [java.util.concurrent.ThreadPoolExecutor$Worker@22ff49d0[State = -1, empty queue]] WARN  server.GrpcLogAppender (GrpcLogAppender.java:timeoutAppendRequest(200)) - d3f833b2-527d-4ab6-a086-d6ad4a131c32@group-E0A55ED5C792->6151a780-4ba7-403b-be5b-70f0763d4a32-GrpcLogAppender: appendEntries Timeout, request=d3f833b2-527d-4ab6-a086-d6ad4a131c32->6151a780-4ba7-403b-be5b-70f0763d4a32#59-t1, previous=(t:1, i:22), leaderCommit=16, initializing? false, entries: <empty>
2019-09-16 16:18:24,745 [Command processor thread] INFO  interfaces.Container (KeyValueContainer.java:flushAndSyncDB(386)) - Container 1 is synced with bcsId 5.
2019-09-16 16:18:24,745 [Command processor thread] INFO  interfaces.Container (KeyValueContainer.java:flushAndSyncDB(386)) - Container 1 is synced with bcsId 5.
2019-09-16 16:18:24,745 [Command processor thread] INFO  interfaces.Container (KeyValueContainer.java:flushAndSyncDB(386)) - Container 1 is synced with bcsId 5.
2019-09-16 16:18:24,745 [Command processor thread] INFO  interfaces.Container (KeyValueContainer.java:flushAndSyncDB(386)) - Container 1 is synced with bcsId 5.
2019-09-16 16:18:24,745 [Command processor thread] INFO  interfaces.Container (KeyValueContainer.java:flushAndSyncDB(386)) - Container 1 is synced with bcsId 5.
2019-09-16 16:18:24,745 [Command processor thread] INFO  interfaces.Container (KeyValueContainer.java:flushAndSyncDB(386)) - Container 1 is synced with bcsId 5.
2019-09-16 16:18:24,763 [Command processor thread] INFO  interfaces.Container (KeyValueContainer.java:close(335)) - Container 1 is closed with bcsId 5.
2019-09-16 16:18:24,763 [Command processor thread] INFO  interfaces.Container (KeyValueContainer.java:close(335)) - Container 1 is closed with bcsId 5.
2019-09-16 16:18:24,763 [Command processor thread] INFO  interfaces.Container (KeyValueContainer.java:close(335)) - Container 1 is closed with bcsId 5.
2019-09-16 16:18:24,763 [Command processor thread] INFO  interfaces.Container (KeyValueContainer.java:flushAndSyncDB(386)) - Container 2 is synced with bcsId 12.
2019-09-16 16:18:24,763 [Command processor thread] INFO  interfaces.Container (KeyValueContainer.java:flushAndSyncDB(386)) - Container 2 is synced with bcsId 12.
2019-09-16 16:18:24,763 [Command processor thread] INFO  interfaces.Container (KeyValueContainer.java:flushAndSyncDB(386)) - Container 2 is synced with bcsId 12.
2019-09-16 16:18:24,763 [Command processor thread] INFO  interfaces.Container (KeyValueContainer.java:flushAndSyncDB(386)) - Container 2 is synced with bcsId 12.
2019-09-16 16:18:24,763 [Command processor thread] INFO  interfaces.Container (KeyValueContainer.java:flushAndSyncDB(386)) - Container 2 is synced with bcsId 12.
2019-09-16 16:18:24,763 [Command processor thread] INFO  interfaces.Container (KeyValueContainer.java:flushAndSyncDB(386)) - Container 2 is synced with bcsId 12.
2019-09-16 16:18:24,764 [EventQueue-IncrementalContainerReportForIncrementalContainerReportHandler] INFO  container.IncrementalContainerReportHandler (AbstractContainerReportHandler.java:updateContainerState(202)) - Moving container #1 to CLOSED state, datanode d3f833b2-527d-4ab6-a086-d6ad4a131c32{ip: 192.168.34.47, host: pr-hdds-2111-ptm9r-3382166736, networkLocation: /default-rack, certSerialId: null} reported CLOSED replica.
2019-09-16 16:18:24,778 [Command processor thread] INFO  interfaces.Container (KeyValueContainer.java:close(335)) - Container 2 is closed with bcsId 12.
2019-09-16 16:18:24,778 [Command processor thread] INFO  interfaces.Container (KeyValueContainer.java:close(335)) - Container 2 is closed with bcsId 12.
2019-09-16 16:18:24,778 [Command processor thread] INFO  interfaces.Container (KeyValueContainer.java:close(335)) - Container 2 is closed with bcsId 12.
2019-09-16 16:18:24,778 [Command processor thread] INFO  interfaces.Container (KeyValueContainer.java:flushAndSyncDB(386)) - Container 4 is synced with bcsId 0.
2019-09-16 16:18:24,778 [Command processor thread] INFO  interfaces.Container (KeyValueContainer.java:flushAndSyncDB(386)) - Container 4 is synced with bcsId 0.
2019-09-16 16:18:24,778 [EventQueue-IncrementalContainerReportForIncrementalContainerReportHandler] INFO  container.IncrementalContainerReportHandler (AbstractContainerReportHandler.java:updateContainerState(202)) - Moving container #2 to CLOSED state, datanode 6151a780-4ba7-403b-be5b-70f0763d4a32{ip: 192.168.34.47, host: pr-hdds-2111-ptm9r-3382166736, networkLocation: /default-rack, certSerialId: null} reported CLOSED replica.
2019-09-16 16:18:24,778 [Command processor thread] INFO  interfaces.Container (KeyValueContainer.java:flushAndSyncDB(386)) - Container 4 is synced with bcsId 0.
2019-09-16 16:18:24,778 [Command processor thread] INFO  interfaces.Container (KeyValueContainer.java:flushAndSyncDB(386)) - Container 4 is synced with bcsId 0.
2019-09-16 16:18:24,779 [Command processor thread] INFO  interfaces.Container (KeyValueContainer.java:flushAndSyncDB(386)) - Container 4 is synced with bcsId 0.
2019-09-16 16:18:24,779 [Command processor thread] INFO  interfaces.Container (KeyValueContainer.java:flushAndSyncDB(386)) - Container 4 is synced with bcsId 0.
2019-09-16 16:18:24,793 [Command processor thread] INFO  interfaces.Container (KeyValueContainer.java:close(335)) - Container 4 is closed with bcsId 0.
2019-09-16 16:18:24,793 [Command processor thread] INFO  interfaces.Container (KeyValueContainer.java:close(335)) - Container 4 is closed with bcsId 0.
2019-09-16 16:18:24,793 [Command processor thread] INFO  interfaces.Container (KeyValueContainer.java:close(335)) - Container 4 is closed with bcsId 0.
2019-09-16 16:18:24,793 [EventQueue-IncrementalContainerReportForIncrementalContainerReportHandler] INFO  container.IncrementalContainerReportHandler (AbstractContainerReportHandler.java:updateContainerState(202)) - Moving container #4 to CLOSED state, datanode 6151a780-4ba7-403b-be5b-70f0763d4a32{ip: 192.168.34.47, host: pr-hdds-2111-ptm9r-3382166736, networkLocation: /default-rack, certSerialId: null} reported CLOSED replica.
2019-09-16 16:18:26,257 [java.util.concurrent.ThreadPoolExecutor$Worker@22ff49d0[State = -1, empty queue]] WARN  server.GrpcLogAppender (GrpcLogAppender.java:timeoutAppendRequest(200)) - d3f833b2-527d-4ab6-a086-d6ad4a131c32@group-E0A55ED5C792->6151a780-4ba7-403b-be5b-70f0763d4a32-GrpcLogAppender: appendEntries Timeout, request=d3f833b2-527d-4ab6-a086-d6ad4a131c32->6151a780-4ba7-403b-be5b-70f0763d4a32#60-t1, previous=(t:1, i:22), leaderCommit=16, initializing? false, entries: <empty>
2019-09-16 16:18:26,257 [java.util.concurrent.ThreadPoolExecutor$Worker@576cfcf[State = -1, empty queue]] WARN  server.GrpcLogAppender (GrpcLogAppender.java:timeoutAppendRequest(200)) - d3f833b2-527d-4ab6-a086-d6ad4a131c32@group-E0A55ED5C792->8f6ed14e-9847-41b2-84b1-f48134b0885d-GrpcLogAppender: appendEntries Timeout, request=d3f833b2-527d-4ab6-a086-d6ad4a131c32->8f6ed14e-9847-41b2-84b1-f48134b0885d#60-t1, previous=(t:1, i:22), leaderCommit=16, initializing? false, entries: <empty>
2019-09-16 16:18:26,390 [grpc-default-executor-1] INFO  client.GrpcClientProtocolClient (GrpcClientProtocolClient.java:onNext(264)) - client-2CD27A2BD368->6151a780-4ba7-403b-be5b-70f0763d4a32: receive RaftClientReply:client-2CD27A2BD368->6151a780-4ba7-403b-be5b-70f0763d4a32@group-E0A55ED5C792, cid=54, FAILED org.apache.ratis.protocol.NotLeaderException: Server 6151a780-4ba7-403b-be5b-70f0763d4a32@group-E0A55ED5C792 is not the leader d3f833b2-527d-4ab6-a086-d6ad4a131c32:192.168.34.47:36523, logIndex=0, commits[6151a780-4ba7-403b-be5b-70f0763d4a32:c16, d3f833b2-527d-4ab6-a086-d6ad4a131c32:c16, 8f6ed14e-9847-41b2-84b1-f48134b0885d:c14]
2019-09-16 16:18:28,758 [java.util.concurrent.ThreadPoolExecutor$Worker@22ff49d0[State = -1, empty queue]] WARN  server.GrpcLogAppender (GrpcLogAppender.java:timeoutAppendRequest(200)) - d3f833b2-527d-4ab6-a086-d6ad4a131c32@group-E0A55ED5C792->6151a780-4ba7-403b-be5b-70f0763d4a32-GrpcLogAppender: appendEntries Timeout, request=d3f833b2-527d-4ab6-a086-d6ad4a131c32->6151a780-4ba7-403b-be5b-70f0763d4a32#61-t1, previous=(t:1, i:22), leaderCommit=16, initializing? false, entries: <empty>
2019-09-16 16:18:28,758 [java.util.concurrent.ThreadPoolExecutor$Worker@576cfcf[State = -1, empty queue]] WARN  server.GrpcLogAppender (GrpcLogAppender.java:timeoutAppendRequest(200)) - d3f833b2-527d-4ab6-a086-d6ad4a131c32@group-E0A55ED5C792->8f6ed14e-9847-41b2-84b1-f48134b0885d-GrpcLogAppender: appendEntries Timeout, request=d3f833b2-527d-4ab6-a086-d6ad4a131c32->8f6ed14e-9847-41b2-84b1-f48134b0885d#61-t1, previous=(t:1, i:22), leaderCommit=16, initializing? false, entries: <empty>
2019-09-16 16:18:30,587 [d3f833b2-527d-4ab6-a086-d6ad4a131c32@group-E0A55ED5C792-SegmentedRaftLogWorker] WARN  segmented.SegmentedRaftLogWorker (SegmentedRaftLogWorker.java:getFromFuture(90)) - Timeout 9/~
org.apache.ratis.protocol.TimeoutIOException: Timeout 10s: WriteLog:17: (t:1, i:17), STATEMACHINELOGENTRY, client-2CD27A2BD368, cid=54-writeStateMachineData
	at org.apache.ratis.util.IOUtils.getFromFuture(IOUtils.java:87)
	at org.apache.ratis.server.raftlog.segmented.SegmentedRaftLogWorker$StateMachineDataPolicy.getFromFuture(SegmentedRaftLogWorker.java:87)
	at org.apache.ratis.server.raftlog.segmented.SegmentedRaftLogWorker$WriteLog.execute(SegmentedRaftLogWorker.java:477)
	at org.apache.ratis.server.raftlog.segmented.SegmentedRaftLogWorker.run(SegmentedRaftLogWorker.java:289)
	at java.lang.Thread.run(Thread.java:748)
Caused by: java.util.concurrent.TimeoutException
	at java.util.concurrent.CompletableFuture.timedGet(CompletableFuture.java:1771)
	at java.util.concurrent.CompletableFuture.get(CompletableFuture.java:1915)
	at org.apache.ratis.util.IOUtils.getFromFuture(IOUtils.java:79)
	... 4 more
2019-09-16 16:18:30,611 [8f6ed14e-9847-41b2-84b1-f48134b0885d@group-E0A55ED5C792-SegmentedRaftLogWorker] WARN  segmented.SegmentedRaftLogWorker (SegmentedRaftLogWorker.java:getFromFuture(90)) - Timeout 9/~
org.apache.ratis.protocol.TimeoutIOException: Timeout 10s: WriteLog:17: (t:1, i:17), STATEMACHINELOGENTRY, client-2CD27A2BD368, cid=54-writeStateMachineData
	at org.apache.ratis.util.IOUtils.getFromFuture(IOUtils.java:87)
	at org.apache.ratis.server.raftlog.segmented.SegmentedRaftLogWorker$StateMachineDataPolicy.getFromFuture(SegmentedRaftLogWorker.java:87)
	at org.apache.ratis.server.raftlog.segmented.SegmentedRaftLogWorker$WriteLog.execute(SegmentedRaftLogWorker.java:477)
	at org.apache.ratis.server.raftlog.segmented.SegmentedRaftLogWorker.run(SegmentedRaftLogWorker.java:289)
	at java.lang.Thread.run(Thread.java:748)
Caused by: java.util.concurrent.TimeoutException
	at java.util.concurrent.CompletableFuture.timedGet(CompletableFuture.java:1771)
	at java.util.concurrent.CompletableFuture.get(CompletableFuture.java:1915)
	at org.apache.ratis.util.IOUtils.getFromFuture(IOUtils.java:79)
	... 4 more
2019-09-16 16:18:30,738 [6151a780-4ba7-403b-be5b-70f0763d4a32@group-E0A55ED5C792-SegmentedRaftLogWorker] WARN  segmented.SegmentedRaftLogWorker (SegmentedRaftLogWorker.java:getFromFuture(90)) - Timeout 9/~
org.apache.ratis.protocol.TimeoutIOException: Timeout 10s: WriteLog:17: (t:1, i:17), STATEMACHINELOGENTRY, client-2CD27A2BD368, cid=54-writeStateMachineData
	at org.apache.ratis.util.IOUtils.getFromFuture(IOUtils.java:87)
	at org.apache.ratis.server.raftlog.segmented.SegmentedRaftLogWorker$StateMachineDataPolicy.getFromFuture(SegmentedRaftLogWorker.java:87)
	at org.apache.ratis.server.raftlog.segmented.SegmentedRaftLogWorker$WriteLog.execute(SegmentedRaftLogWorker.java:477)
	at org.apache.ratis.server.raftlog.segmented.SegmentedRaftLogWorker.run(SegmentedRaftLogWorker.java:289)
	at java.lang.Thread.run(Thread.java:748)
Caused by: java.util.concurrent.TimeoutException
	at java.util.concurrent.CompletableFuture.timedGet(CompletableFuture.java:1771)
	at java.util.concurrent.CompletableFuture.get(CompletableFuture.java:1915)
	at org.apache.ratis.util.IOUtils.getFromFuture(IOUtils.java:79)
	... 4 more
2019-09-16 16:18:31,259 [java.util.concurrent.ThreadPoolExecutor$Worker@576cfcf[State = -1, empty queue]] WARN  server.GrpcLogAppender (GrpcLogAppender.java:timeoutAppendRequest(200)) - d3f833b2-527d-4ab6-a086-d6ad4a131c32@group-E0A55ED5C792->8f6ed14e-9847-41b2-84b1-f48134b0885d-GrpcLogAppender: appendEntries Timeout, request=d3f833b2-527d-4ab6-a086-d6ad4a131c32->8f6ed14e-9847-41b2-84b1-f48134b0885d#62-t1, previous=(t:1, i:22), leaderCommit=16, initializing? false, entries: <empty>
2019-09-16 16:18:31,259 [java.util.concurrent.ThreadPoolExecutor$Worker@22ff49d0[State = -1, empty queue]] WARN  server.GrpcLogAppender (GrpcLogAppender.java:timeoutAppendRequest(200)) - d3f833b2-527d-4ab6-a086-d6ad4a131c32@group-E0A55ED5C792->6151a780-4ba7-403b-be5b-70f0763d4a32-GrpcLogAppender: appendEntries Timeout, request=d3f833b2-527d-4ab6-a086-d6ad4a131c32->6151a780-4ba7-403b-be5b-70f0763d4a32#62-t1, previous=(t:1, i:22), leaderCommit=16, initializing? false, entries: <empty>
2019-09-16 16:18:31,430 [grpc-default-executor-5] INFO  client.GrpcClientProtocolClient (GrpcClientProtocolClient.java:onNext(264)) - client-2CD27A2BD368->6151a780-4ba7-403b-be5b-70f0763d4a32: receive RaftClientReply:client-2CD27A2BD368->6151a780-4ba7-403b-be5b-70f0763d4a32@group-E0A55ED5C792, cid=54, FAILED org.apache.ratis.protocol.NotLeaderException: Server 6151a780-4ba7-403b-be5b-70f0763d4a32@group-E0A55ED5C792 is not the leader d3f833b2-527d-4ab6-a086-d6ad4a131c32:192.168.34.47:36523, logIndex=0, commits[6151a780-4ba7-403b-be5b-70f0763d4a32:c16, d3f833b2-527d-4ab6-a086-d6ad4a131c32:c16, 8f6ed14e-9847-41b2-84b1-f48134b0885d:c14]
2019-09-16 16:18:33,759 [java.util.concurrent.ThreadPoolExecutor$Worker@576cfcf[State = -1, empty queue]] WARN  server.GrpcLogAppender (GrpcLogAppender.java:timeoutAppendRequest(200)) - d3f833b2-527d-4ab6-a086-d6ad4a131c32@group-E0A55ED5C792->8f6ed14e-9847-41b2-84b1-f48134b0885d-GrpcLogAppender: appendEntries Timeout, request=d3f833b2-527d-4ab6-a086-d6ad4a131c32->8f6ed14e-9847-41b2-84b1-f48134b0885d#63-t1, previous=(t:1, i:22), leaderCommit=16, initializing? false, entries: <empty>
2019-09-16 16:18:33,759 [java.util.concurrent.ThreadPoolExecutor$Worker@22ff49d0[State = -1, empty queue]] WARN  server.GrpcLogAppender (GrpcLogAppender.java:timeoutAppendRequest(200)) - d3f833b2-527d-4ab6-a086-d6ad4a131c32@group-E0A55ED5C792->6151a780-4ba7-403b-be5b-70f0763d4a32-GrpcLogAppender: appendEntries Timeout, request=d3f833b2-527d-4ab6-a086-d6ad4a131c32->6151a780-4ba7-403b-be5b-70f0763d4a32#63-t1, previous=(t:1, i:22), leaderCommit=16, initializing? false, entries: <empty>
2019-09-16 16:18:36,260 [java.util.concurrent.ThreadPoolExecutor$Worker@576cfcf[State = -1, empty queue]] WARN  server.GrpcLogAppender (GrpcLogAppender.java:timeoutAppendRequest(200)) - d3f833b2-527d-4ab6-a086-d6ad4a131c32@group-E0A55ED5C792->8f6ed14e-9847-41b2-84b1-f48134b0885d-GrpcLogAppender: appendEntries Timeout, request=d3f833b2-527d-4ab6-a086-d6ad4a131c32->8f6ed14e-9847-41b2-84b1-f48134b0885d#64-t1, previous=(t:1, i:22), leaderCommit=16, initializing? false, entries: <empty>
2019-09-16 16:18:36,260 [java.util.concurrent.ThreadPoolExecutor$Worker@22ff49d0[State = -1, empty queue]] WARN  server.GrpcLogAppender (GrpcLogAppender.java:timeoutAppendRequest(200)) - d3f833b2-527d-4ab6-a086-d6ad4a131c32@group-E0A55ED5C792->6151a780-4ba7-403b-be5b-70f0763d4a32-GrpcLogAppender: appendEntries Timeout, request=d3f833b2-527d-4ab6-a086-d6ad4a131c32->6151a780-4ba7-403b-be5b-70f0763d4a32#64-t1, previous=(t:1, i:22), leaderCommit=16, initializing? false, entries: <empty>
2019-09-16 16:18:36,470 [grpc-default-executor-1] INFO  client.GrpcClientProtocolClient (GrpcClientProtocolClient.java:onNext(264)) - client-2CD27A2BD368->6151a780-4ba7-403b-be5b-70f0763d4a32: receive RaftClientReply:client-2CD27A2BD368->6151a780-4ba7-403b-be5b-70f0763d4a32@group-E0A55ED5C792, cid=54, FAILED org.apache.ratis.protocol.NotLeaderException: Server 6151a780-4ba7-403b-be5b-70f0763d4a32@group-E0A55ED5C792 is not the leader d3f833b2-527d-4ab6-a086-d6ad4a131c32:192.168.34.47:36523, logIndex=0, commits[6151a780-4ba7-403b-be5b-70f0763d4a32:c16, d3f833b2-527d-4ab6-a086-d6ad4a131c32:c16, 8f6ed14e-9847-41b2-84b1-f48134b0885d:c14]
2019-09-16 16:18:38,761 [java.util.concurrent.ThreadPoolExecutor$Worker@22ff49d0[State = -1, empty queue]] WARN  server.GrpcLogAppender (GrpcLogAppender.java:timeoutAppendRequest(200)) - d3f833b2-527d-4ab6-a086-d6ad4a131c32@group-E0A55ED5C792->6151a780-4ba7-403b-be5b-70f0763d4a32-GrpcLogAppender: appendEntries Timeout, request=d3f833b2-527d-4ab6-a086-d6ad4a131c32->6151a780-4ba7-403b-be5b-70f0763d4a32#65-t1, previous=(t:1, i:22), leaderCommit=16, initializing? false, entries: <empty>
2019-09-16 16:18:38,761 [java.util.concurrent.ThreadPoolExecutor$Worker@576cfcf[State = -1, empty queue]] WARN  server.GrpcLogAppender (GrpcLogAppender.java:timeoutAppendRequest(200)) - d3f833b2-527d-4ab6-a086-d6ad4a131c32@group-E0A55ED5C792->8f6ed14e-9847-41b2-84b1-f48134b0885d-GrpcLogAppender: appendEntries Timeout, request=d3f833b2-527d-4ab6-a086-d6ad4a131c32->8f6ed14e-9847-41b2-84b1-f48134b0885d#65-t1, previous=(t:1, i:22), leaderCommit=16, initializing? false, entries: <empty>
2019-09-16 16:18:40,589 [d3f833b2-527d-4ab6-a086-d6ad4a131c32@group-E0A55ED5C792-SegmentedRaftLogWorker] WARN  segmented.SegmentedRaftLogWorker (SegmentedRaftLogWorker.java:getFromFuture(90)) - Timeout 10/~
org.apache.ratis.protocol.TimeoutIOException: Timeout 10s: WriteLog:17: (t:1, i:17), STATEMACHINELOGENTRY, client-2CD27A2BD368, cid=54-writeStateMachineData
	at org.apache.ratis.util.IOUtils.getFromFuture(IOUtils.java:87)
	at org.apache.ratis.server.raftlog.segmented.SegmentedRaftLogWorker$StateMachineDataPolicy.getFromFuture(SegmentedRaftLogWorker.java:87)
	at org.apache.ratis.server.raftlog.segmented.SegmentedRaftLogWorker$WriteLog.execute(SegmentedRaftLogWorker.java:477)
	at org.apache.ratis.server.raftlog.segmented.SegmentedRaftLogWorker.run(SegmentedRaftLogWorker.java:289)
	at java.lang.Thread.run(Thread.java:748)
Caused by: java.util.concurrent.TimeoutException
	at java.util.concurrent.CompletableFuture.timedGet(CompletableFuture.java:1771)
	at java.util.concurrent.CompletableFuture.get(CompletableFuture.java:1915)
	at org.apache.ratis.util.IOUtils.getFromFuture(IOUtils.java:79)
	... 4 more
2019-09-16 16:18:40,612 [8f6ed14e-9847-41b2-84b1-f48134b0885d@group-E0A55ED5C792-SegmentedRaftLogWorker] WARN  segmented.SegmentedRaftLogWorker (SegmentedRaftLogWorker.java:getFromFuture(90)) - Timeout 10/~
org.apache.ratis.protocol.TimeoutIOException: Timeout 10s: WriteLog:17: (t:1, i:17), STATEMACHINELOGENTRY, client-2CD27A2BD368, cid=54-writeStateMachineData
	at org.apache.ratis.util.IOUtils.getFromFuture(IOUtils.java:87)
	at org.apache.ratis.server.raftlog.segmented.SegmentedRaftLogWorker$StateMachineDataPolicy.getFromFuture(SegmentedRaftLogWorker.java:87)
	at org.apache.ratis.server.raftlog.segmented.SegmentedRaftLogWorker$WriteLog.execute(SegmentedRaftLogWorker.java:477)
	at org.apache.ratis.server.raftlog.segmented.SegmentedRaftLogWorker.run(SegmentedRaftLogWorker.java:289)
	at java.lang.Thread.run(Thread.java:748)
Caused by: java.util.concurrent.TimeoutException
	at java.util.concurrent.CompletableFuture.timedGet(CompletableFuture.java:1771)
	at java.util.concurrent.CompletableFuture.get(CompletableFuture.java:1915)
	at org.apache.ratis.util.IOUtils.getFromFuture(IOUtils.java:79)
	... 4 more
2019-09-16 16:18:40,739 [6151a780-4ba7-403b-be5b-70f0763d4a32@group-E0A55ED5C792-SegmentedRaftLogWorker] WARN  segmented.SegmentedRaftLogWorker (SegmentedRaftLogWorker.java:getFromFuture(90)) - Timeout 10/~
org.apache.ratis.protocol.TimeoutIOException: Timeout 10s: WriteLog:17: (t:1, i:17), STATEMACHINELOGENTRY, client-2CD27A2BD368, cid=54-writeStateMachineData
	at org.apache.ratis.util.IOUtils.getFromFuture(IOUtils.java:87)
	at org.apache.ratis.server.raftlog.segmented.SegmentedRaftLogWorker$StateMachineDataPolicy.getFromFuture(SegmentedRaftLogWorker.java:87)
	at org.apache.ratis.server.raftlog.segmented.SegmentedRaftLogWorker$WriteLog.execute(SegmentedRaftLogWorker.java:477)
	at org.apache.ratis.server.raftlog.segmented.SegmentedRaftLogWorker.run(SegmentedRaftLogWorker.java:289)
	at java.lang.Thread.run(Thread.java:748)
Caused by: java.util.concurrent.TimeoutException
	at java.util.concurrent.CompletableFuture.timedGet(CompletableFuture.java:1771)
	at java.util.concurrent.CompletableFuture.get(CompletableFuture.java:1915)
	at org.apache.ratis.util.IOUtils.getFromFuture(IOUtils.java:79)
	... 4 more
2019-09-16 16:18:41,262 [java.util.concurrent.ThreadPoolExecutor$Worker@22ff49d0[State = -1, empty queue]] WARN  server.GrpcLogAppender (GrpcLogAppender.java:timeoutAppendRequest(200)) - d3f833b2-527d-4ab6-a086-d6ad4a131c32@group-E0A55ED5C792->6151a780-4ba7-403b-be5b-70f0763d4a32-GrpcLogAppender: appendEntries Timeout, request=d3f833b2-527d-4ab6-a086-d6ad4a131c32->6151a780-4ba7-403b-be5b-70f0763d4a32#66-t1, previous=(t:1, i:22), leaderCommit=16, initializing? false, entries: <empty>
2019-09-16 16:18:41,262 [java.util.concurrent.ThreadPoolExecutor$Worker@576cfcf[State = -1, empty queue]] WARN  server.GrpcLogAppender (GrpcLogAppender.java:timeoutAppendRequest(200)) - d3f833b2-527d-4ab6-a086-d6ad4a131c32@group-E0A55ED5C792->8f6ed14e-9847-41b2-84b1-f48134b0885d-GrpcLogAppender: appendEntries Timeout, request=d3f833b2-527d-4ab6-a086-d6ad4a131c32->8f6ed14e-9847-41b2-84b1-f48134b0885d#66-t1, previous=(t:1, i:22), leaderCommit=16, initializing? false, entries: <empty>
2019-09-16 16:18:41,516 [grpc-default-executor-6] INFO  client.GrpcClientProtocolClient (GrpcClientProtocolClient.java:onNext(264)) - client-2CD27A2BD368->8f6ed14e-9847-41b2-84b1-f48134b0885d: receive RaftClientReply:client-2CD27A2BD368->8f6ed14e-9847-41b2-84b1-f48134b0885d@group-E0A55ED5C792, cid=54, FAILED org.apache.ratis.protocol.NotLeaderException: Server 8f6ed14e-9847-41b2-84b1-f48134b0885d@group-E0A55ED5C792 is not the leader d3f833b2-527d-4ab6-a086-d6ad4a131c32:192.168.34.47:36523, logIndex=0, commits[8f6ed14e-9847-41b2-84b1-f48134b0885d:c16, 6151a780-4ba7-403b-be5b-70f0763d4a32:c14, d3f833b2-527d-4ab6-a086-d6ad4a131c32:c16]
2019-09-16 16:18:43,763 [java.util.concurrent.ThreadPoolExecutor$Worker@576cfcf[State = -1, empty queue]] WARN  server.GrpcLogAppender (GrpcLogAppender.java:timeoutAppendRequest(200)) - d3f833b2-527d-4ab6-a086-d6ad4a131c32@group-E0A55ED5C792->8f6ed14e-9847-41b2-84b1-f48134b0885d-GrpcLogAppender: appendEntries Timeout, request=d3f833b2-527d-4ab6-a086-d6ad4a131c32->8f6ed14e-9847-41b2-84b1-f48134b0885d#67-t1, previous=(t:1, i:22), leaderCommit=16, initializing? false, entries: <empty>
2019-09-16 16:18:43,763 [java.util.concurrent.ThreadPoolExecutor$Worker@22ff49d0[State = -1, empty queue]] WARN  server.GrpcLogAppender (GrpcLogAppender.java:timeoutAppendRequest(200)) - d3f833b2-527d-4ab6-a086-d6ad4a131c32@group-E0A55ED5C792->6151a780-4ba7-403b-be5b-70f0763d4a32-GrpcLogAppender: appendEntries Timeout, request=d3f833b2-527d-4ab6-a086-d6ad4a131c32->6151a780-4ba7-403b-be5b-70f0763d4a32#67-t1, previous=(t:1, i:22), leaderCommit=16, initializing? false, entries: <empty>
2019-09-16 16:18:46,264 [java.util.concurrent.ThreadPoolExecutor$Worker@576cfcf[State = -1, empty queue]] WARN  server.GrpcLogAppender (GrpcLogAppender.java:timeoutAppendRequest(200)) - d3f833b2-527d-4ab6-a086-d6ad4a131c32@group-E0A55ED5C792->8f6ed14e-9847-41b2-84b1-f48134b0885d-GrpcLogAppender: appendEntries Timeout, request=d3f833b2-527d-4ab6-a086-d6ad4a131c32->8f6ed14e-9847-41b2-84b1-f48134b0885d#68-t1, previous=(t:1, i:22), leaderCommit=16, initializing? false, entries: <empty>
2019-09-16 16:18:46,264 [java.util.concurrent.ThreadPoolExecutor$Worker@22ff49d0[State = -1, empty queue]] WARN  server.GrpcLogAppender (GrpcLogAppender.java:timeoutAppendRequest(200)) - d3f833b2-527d-4ab6-a086-d6ad4a131c32@group-E0A55ED5C792->6151a780-4ba7-403b-be5b-70f0763d4a32-GrpcLogAppender: appendEntries Timeout, request=d3f833b2-527d-4ab6-a086-d6ad4a131c32->6151a780-4ba7-403b-be5b-70f0763d4a32#68-t1, previous=(t:1, i:22), leaderCommit=16, initializing? false, entries: <empty>
2019-09-16 16:18:46,555 [grpc-default-executor-5] INFO  client.GrpcClientProtocolClient (GrpcClientProtocolClient.java:onNext(264)) - client-2CD27A2BD368->8f6ed14e-9847-41b2-84b1-f48134b0885d: receive RaftClientReply:client-2CD27A2BD368->8f6ed14e-9847-41b2-84b1-f48134b0885d@group-E0A55ED5C792, cid=54, FAILED org.apache.ratis.protocol.NotLeaderException: Server 8f6ed14e-9847-41b2-84b1-f48134b0885d@group-E0A55ED5C792 is not the leader d3f833b2-527d-4ab6-a086-d6ad4a131c32:192.168.34.47:36523, logIndex=0, commits[8f6ed14e-9847-41b2-84b1-f48134b0885d:c16, 6151a780-4ba7-403b-be5b-70f0763d4a32:c14, d3f833b2-527d-4ab6-a086-d6ad4a131c32:c16]
2019-09-16 16:18:48,764 [java.util.concurrent.ThreadPoolExecutor$Worker@22ff49d0[State = -1, empty queue]] WARN  server.GrpcLogAppender (GrpcLogAppender.java:timeoutAppendRequest(200)) - d3f833b2-527d-4ab6-a086-d6ad4a131c32@group-E0A55ED5C792->6151a780-4ba7-403b-be5b-70f0763d4a32-GrpcLogAppender: appendEntries Timeout, request=d3f833b2-527d-4ab6-a086-d6ad4a131c32->6151a780-4ba7-403b-be5b-70f0763d4a32#69-t1, previous=(t:1, i:22), leaderCommit=16, initializing? false, entries: <empty>
2019-09-16 16:18:48,764 [java.util.concurrent.ThreadPoolExecutor$Worker@576cfcf[State = -1, empty queue]] WARN  server.GrpcLogAppender (GrpcLogAppender.java:timeoutAppendRequest(200)) - d3f833b2-527d-4ab6-a086-d6ad4a131c32@group-E0A55ED5C792->8f6ed14e-9847-41b2-84b1-f48134b0885d-GrpcLogAppender: appendEntries Timeout, request=d3f833b2-527d-4ab6-a086-d6ad4a131c32->8f6ed14e-9847-41b2-84b1-f48134b0885d#69-t1, previous=(t:1, i:22), leaderCommit=16, initializing? false, entries: <empty>
2019-09-16 16:18:50,590 [d3f833b2-527d-4ab6-a086-d6ad4a131c32@group-E0A55ED5C792-SegmentedRaftLogWorker] WARN  segmented.SegmentedRaftLogWorker (SegmentedRaftLogWorker.java:getFromFuture(90)) - Timeout 11/~
org.apache.ratis.protocol.TimeoutIOException: Timeout 10s: WriteLog:17: (t:1, i:17), STATEMACHINELOGENTRY, client-2CD27A2BD368, cid=54-writeStateMachineData
	at org.apache.ratis.util.IOUtils.getFromFuture(IOUtils.java:87)
	at org.apache.ratis.server.raftlog.segmented.SegmentedRaftLogWorker$StateMachineDataPolicy.getFromFuture(SegmentedRaftLogWorker.java:87)
	at org.apache.ratis.server.raftlog.segmented.SegmentedRaftLogWorker$WriteLog.execute(SegmentedRaftLogWorker.java:477)
	at org.apache.ratis.server.raftlog.segmented.SegmentedRaftLogWorker.run(SegmentedRaftLogWorker.java:289)
	at java.lang.Thread.run(Thread.java:748)
Caused by: java.util.concurrent.TimeoutException
	at java.util.concurrent.CompletableFuture.timedGet(CompletableFuture.java:1771)
	at java.util.concurrent.CompletableFuture.get(CompletableFuture.java:1915)
	at org.apache.ratis.util.IOUtils.getFromFuture(IOUtils.java:79)
	... 4 more
2019-09-16 16:18:50,612 [8f6ed14e-9847-41b2-84b1-f48134b0885d@group-E0A55ED5C792-SegmentedRaftLogWorker] WARN  segmented.SegmentedRaftLogWorker (SegmentedRaftLogWorker.java:getFromFuture(90)) - Timeout 11/~
org.apache.ratis.protocol.TimeoutIOException: Timeout 10s: WriteLog:17: (t:1, i:17), STATEMACHINELOGENTRY, client-2CD27A2BD368, cid=54-writeStateMachineData
	at org.apache.ratis.util.IOUtils.getFromFuture(IOUtils.java:87)
	at org.apache.ratis.server.raftlog.segmented.SegmentedRaftLogWorker$StateMachineDataPolicy.getFromFuture(SegmentedRaftLogWorker.java:87)
	at org.apache.ratis.server.raftlog.segmented.SegmentedRaftLogWorker$WriteLog.execute(SegmentedRaftLogWorker.java:477)
	at org.apache.ratis.server.raftlog.segmented.SegmentedRaftLogWorker.run(SegmentedRaftLogWorker.java:289)
	at java.lang.Thread.run(Thread.java:748)
Caused by: java.util.concurrent.TimeoutException
	at java.util.concurrent.CompletableFuture.timedGet(CompletableFuture.java:1771)
	at java.util.concurrent.CompletableFuture.get(CompletableFuture.java:1915)
	at org.apache.ratis.util.IOUtils.getFromFuture(IOUtils.java:79)
	... 4 more
2019-09-16 16:18:50,739 [6151a780-4ba7-403b-be5b-70f0763d4a32@group-E0A55ED5C792-SegmentedRaftLogWorker] WARN  segmented.SegmentedRaftLogWorker (SegmentedRaftLogWorker.java:getFromFuture(90)) - Timeout 11/~
org.apache.ratis.protocol.TimeoutIOException: Timeout 10s: WriteLog:17: (t:1, i:17), STATEMACHINELOGENTRY, client-2CD27A2BD368, cid=54-writeStateMachineData
	at org.apache.ratis.util.IOUtils.getFromFuture(IOUtils.java:87)
	at org.apache.ratis.server.raftlog.segmented.SegmentedRaftLogWorker$StateMachineDataPolicy.getFromFuture(SegmentedRaftLogWorker.java:87)
	at org.apache.ratis.server.raftlog.segmented.SegmentedRaftLogWorker$WriteLog.execute(SegmentedRaftLogWorker.java:477)
	at org.apache.ratis.server.raftlog.segmented.SegmentedRaftLogWorker.run(SegmentedRaftLogWorker.java:289)
	at java.lang.Thread.run(Thread.java:748)
Caused by: java.util.concurrent.TimeoutException
	at java.util.concurrent.CompletableFuture.timedGet(CompletableFuture.java:1771)
	at java.util.concurrent.CompletableFuture.get(CompletableFuture.java:1915)
	at org.apache.ratis.util.IOUtils.getFromFuture(IOUtils.java:79)
	... 4 more
2019-09-16 16:18:50,766 [org.apache.ratis.server.impl.LogAppender$AppenderDaemon$$Lambda$507/334588113@320b8e3c] ERROR ratis.XceiverServerRatis (XceiverServerRatis.java:triggerPipelineClose(568)) - pipeline Action CLOSE  on pipeline PipelineID=cf85cf34-beb7-4b49-9a59-e0a55ed5c792.Reason : d3f833b2-527d-4ab6-a086-d6ad4a131c32 has not seen follower/s 6151a780-4ba7-403b-be5b-70f0763d4a32 for 120364ms 8f6ed14e-9847-41b2-84b1-f48134b0885d for 120365ms
2019-09-16 16:18:50,766 [org.apache.ratis.server.impl.LogAppender$AppenderDaemon$$Lambda$507/334588113@44a27a99] ERROR ratis.XceiverServerRatis (XceiverServerRatis.java:triggerPipelineClose(568)) - pipeline Action CLOSE  on pipeline PipelineID=cf85cf34-beb7-4b49-9a59-e0a55ed5c792.Reason : d3f833b2-527d-4ab6-a086-d6ad4a131c32 has not seen follower/s 6151a780-4ba7-403b-be5b-70f0763d4a32 for 120364ms 8f6ed14e-9847-41b2-84b1-f48134b0885d for 120365ms
2019-09-16 16:18:50,797 [EventQueue-PipelineActionsForPipelineActionHandler] ERROR pipeline.PipelineActionHandler (PipelineActionHandler.java:onMessage(60)) - Received pipeline action CLOSE for Pipeline[ Id: cf85cf34-beb7-4b49-9a59-e0a55ed5c792, Nodes: 8f6ed14e-9847-41b2-84b1-f48134b0885d{ip: 192.168.34.47, host: pr-hdds-2111-ptm9r-3382166736, networkLocation: /default-rack, certSerialId: null}6151a780-4ba7-403b-be5b-70f0763d4a32{ip: 192.168.34.47, host: pr-hdds-2111-ptm9r-3382166736, networkLocation: /default-rack, certSerialId: null}d3f833b2-527d-4ab6-a086-d6ad4a131c32{ip: 192.168.34.47, host: pr-hdds-2111-ptm9r-3382166736, networkLocation: /default-rack, certSerialId: null}, Type:RATIS, Factor:THREE, State:OPEN] from datanode d3f833b2-527d-4ab6-a086-d6ad4a131c32{ip: 192.168.34.47, host: pr-hdds-2111-ptm9r-3382166736, networkLocation: /default-rack, certSerialId: null}. Reason : d3f833b2-527d-4ab6-a086-d6ad4a131c32 has not seen follower/s 6151a780-4ba7-403b-be5b-70f0763d4a32 for 120364ms 8f6ed14e-9847-41b2-84b1-f48134b0885d for 120365ms
2019-09-16 16:18:50,797 [EventQueue-PipelineActionsForPipelineActionHandler] INFO  pipeline.SCMPipelineManager (SCMPipelineManager.java:finalizeAndDestroyPipeline(311)) - destroying pipeline:Pipeline[ Id: cf85cf34-beb7-4b49-9a59-e0a55ed5c792, Nodes: 8f6ed14e-9847-41b2-84b1-f48134b0885d{ip: 192.168.34.47, host: pr-hdds-2111-ptm9r-3382166736, networkLocation: /default-rack, certSerialId: null}6151a780-4ba7-403b-be5b-70f0763d4a32{ip: 192.168.34.47, host: pr-hdds-2111-ptm9r-3382166736, networkLocation: /default-rack, certSerialId: null}d3f833b2-527d-4ab6-a086-d6ad4a131c32{ip: 192.168.34.47, host: pr-hdds-2111-ptm9r-3382166736, networkLocation: /default-rack, certSerialId: null}, Type:RATIS, Factor:THREE, State:OPEN]
2019-09-16 16:18:50,798 [EventQueue-PipelineActionsForPipelineActionHandler] INFO  pipeline.PipelineStateManager (PipelineStateManager.java:finalizePipeline(123)) - Pipeline Pipeline[ Id: cf85cf34-beb7-4b49-9a59-e0a55ed5c792, Nodes: 8f6ed14e-9847-41b2-84b1-f48134b0885d{ip: 192.168.34.47, host: pr-hdds-2111-ptm9r-3382166736, networkLocation: /default-rack, certSerialId: null}6151a780-4ba7-403b-be5b-70f0763d4a32{ip: 192.168.34.47, host: pr-hdds-2111-ptm9r-3382166736, networkLocation: /default-rack, certSerialId: null}d3f833b2-527d-4ab6-a086-d6ad4a131c32{ip: 192.168.34.47, host: pr-hdds-2111-ptm9r-3382166736, networkLocation: /default-rack, certSerialId: null}, Type:RATIS, Factor:THREE, State:CLOSED] moved to CLOSED state
2019-09-16 16:18:50,798 [EventQueue-CloseContainerForCloseContainerEventHandler] INFO  container.CloseContainerEventHandler (CloseContainerEventHandler.java:onMessage(61)) - Close container Event triggered for container : #5
2019-09-16 16:18:50,799 [EventQueue-CloseContainerForCloseContainerEventHandler] INFO  container.CloseContainerEventHandler (CloseContainerEventHandler.java:onMessage(61)) - Close container Event triggered for container : #6
2019-09-16 16:18:50,799 [EventQueue-CloseContainerForCloseContainerEventHandler] INFO  container.CloseContainerEventHandler (CloseContainerEventHandler.java:onMessage(61)) - Close container Event triggered for container : #7
2019-09-16 16:18:51,265 [java.util.concurrent.ThreadPoolExecutor$Worker@576cfcf[State = -1, empty queue]] WARN  server.GrpcLogAppender (GrpcLogAppender.java:timeoutAppendRequest(200)) - d3f833b2-527d-4ab6-a086-d6ad4a131c32@group-E0A55ED5C792->8f6ed14e-9847-41b2-84b1-f48134b0885d-GrpcLogAppender: appendEntries Timeout, request=d3f833b2-527d-4ab6-a086-d6ad4a131c32->8f6ed14e-9847-41b2-84b1-f48134b0885d#70-t1, previous=(t:1, i:22), leaderCommit=16, initializing? false, entries: <empty>
2019-09-16 16:18:51,265 [java.util.concurrent.ThreadPoolExecutor$Worker@22ff49d0[State = -1, empty queue]] WARN  server.GrpcLogAppender (GrpcLogAppender.java:timeoutAppendRequest(200)) - d3f833b2-527d-4ab6-a086-d6ad4a131c32@group-E0A55ED5C792->6151a780-4ba7-403b-be5b-70f0763d4a32-GrpcLogAppender: appendEntries Timeout, request=d3f833b2-527d-4ab6-a086-d6ad4a131c32->6151a780-4ba7-403b-be5b-70f0763d4a32#70-t1, previous=(t:1, i:22), leaderCommit=16, initializing? false, entries: <empty>
2019-09-16 16:18:51,591 [grpc-default-executor-5] INFO  client.GrpcClientProtocolClient (GrpcClientProtocolClient.java:onNext(264)) - client-2CD27A2BD368->8f6ed14e-9847-41b2-84b1-f48134b0885d: receive RaftClientReply:client-2CD27A2BD368->8f6ed14e-9847-41b2-84b1-f48134b0885d@group-E0A55ED5C792, cid=54, FAILED org.apache.ratis.protocol.NotLeaderException: Server 8f6ed14e-9847-41b2-84b1-f48134b0885d@group-E0A55ED5C792 is not the leader d3f833b2-527d-4ab6-a086-d6ad4a131c32:192.168.34.47:36523, logIndex=0, commits[8f6ed14e-9847-41b2-84b1-f48134b0885d:c16, 6151a780-4ba7-403b-be5b-70f0763d4a32:c14, d3f833b2-527d-4ab6-a086-d6ad4a131c32:c16]
2019-09-16 16:18:52,815 [org.apache.ratis.server.impl.LogAppender$AppenderDaemon$$Lambda$507/334588113@320b8e3c] ERROR ratis.XceiverServerRatis (XceiverServerRatis.java:triggerPipelineClose(568)) - pipeline Action CLOSE  on pipeline PipelineID=cf85cf34-beb7-4b49-9a59-e0a55ed5c792.Reason : d3f833b2-527d-4ab6-a086-d6ad4a131c32 has not seen follower/s 6151a780-4ba7-403b-be5b-70f0763d4a32 for 122413ms 8f6ed14e-9847-41b2-84b1-f48134b0885d for 122414ms
2019-09-16 16:18:52,815 [org.apache.ratis.server.impl.LogAppender$AppenderDaemon$$Lambda$507/334588113@44a27a99] ERROR ratis.XceiverServerRatis (XceiverServerRatis.java:triggerPipelineClose(568)) - pipeline Action CLOSE  on pipeline PipelineID=cf85cf34-beb7-4b49-9a59-e0a55ed5c792.Reason : d3f833b2-527d-4ab6-a086-d6ad4a131c32 has not seen follower/s 6151a780-4ba7-403b-be5b-70f0763d4a32 for 122413ms 8f6ed14e-9847-41b2-84b1-f48134b0885d for 122414ms
2019-09-16 16:18:53,766 [java.util.concurrent.ThreadPoolExecutor$Worker@22ff49d0[State = -1, empty queue]] WARN  server.GrpcLogAppender (GrpcLogAppender.java:timeoutAppendRequest(200)) - d3f833b2-527d-4ab6-a086-d6ad4a131c32@group-E0A55ED5C792->6151a780-4ba7-403b-be5b-70f0763d4a32-GrpcLogAppender: appendEntries Timeout, request=d3f833b2-527d-4ab6-a086-d6ad4a131c32->6151a780-4ba7-403b-be5b-70f0763d4a32#71-t1, previous=(t:1, i:22), leaderCommit=16, initializing? false, entries: <empty>
2019-09-16 16:18:53,766 [java.util.concurrent.ThreadPoolExecutor$Worker@576cfcf[State = -1, empty queue]] WARN  server.GrpcLogAppender (GrpcLogAppender.java:timeoutAppendRequest(200)) - d3f833b2-527d-4ab6-a086-d6ad4a131c32@group-E0A55ED5C792->8f6ed14e-9847-41b2-84b1-f48134b0885d-GrpcLogAppender: appendEntries Timeout, request=d3f833b2-527d-4ab6-a086-d6ad4a131c32->8f6ed14e-9847-41b2-84b1-f48134b0885d#71-t1, previous=(t:1, i:22), leaderCommit=16, initializing? false, entries: <empty>
2019-09-16 16:18:53,814 [EventQueue-PipelineActionsForPipelineActionHandler] ERROR pipeline.PipelineActionHandler (PipelineActionHandler.java:onMessage(60)) - Received pipeline action CLOSE for Pipeline[ Id: cf85cf34-beb7-4b49-9a59-e0a55ed5c792, Nodes: 8f6ed14e-9847-41b2-84b1-f48134b0885d{ip: 192.168.34.47, host: pr-hdds-2111-ptm9r-3382166736, networkLocation: /default-rack, certSerialId: null}6151a780-4ba7-403b-be5b-70f0763d4a32{ip: 192.168.34.47, host: pr-hdds-2111-ptm9r-3382166736, networkLocation: /default-rack, certSerialId: null}d3f833b2-527d-4ab6-a086-d6ad4a131c32{ip: 192.168.34.47, host: pr-hdds-2111-ptm9r-3382166736, networkLocation: /default-rack, certSerialId: null}, Type:RATIS, Factor:THREE, State:CLOSED] from datanode d3f833b2-527d-4ab6-a086-d6ad4a131c32{ip: 192.168.34.47, host: pr-hdds-2111-ptm9r-3382166736, networkLocation: /default-rack, certSerialId: null}. Reason : d3f833b2-527d-4ab6-a086-d6ad4a131c32 has not seen follower/s 6151a780-4ba7-403b-be5b-70f0763d4a32 for 122413ms 8f6ed14e-9847-41b2-84b1-f48134b0885d for 122414ms
2019-09-16 16:18:53,814 [EventQueue-PipelineActionsForPipelineActionHandler] INFO  pipeline.SCMPipelineManager (SCMPipelineManager.java:finalizeAndDestroyPipeline(311)) - destroying pipeline:Pipeline[ Id: cf85cf34-beb7-4b49-9a59-e0a55ed5c792, Nodes: 8f6ed14e-9847-41b2-84b1-f48134b0885d{ip: 192.168.34.47, host: pr-hdds-2111-ptm9r-3382166736, networkLocation: /default-rack, certSerialId: null}6151a780-4ba7-403b-be5b-70f0763d4a32{ip: 192.168.34.47, host: pr-hdds-2111-ptm9r-3382166736, networkLocation: /default-rack, certSerialId: null}d3f833b2-527d-4ab6-a086-d6ad4a131c32{ip: 192.168.34.47, host: pr-hdds-2111-ptm9r-3382166736, networkLocation: /default-rack, certSerialId: null}, Type:RATIS, Factor:THREE, State:CLOSED]
2019-09-16 16:18:55,316 [org.apache.ratis.server.impl.LogAppender$AppenderDaemon$$Lambda$507/334588113@44a27a99] ERROR ratis.XceiverServerRatis (XceiverServerRatis.java:triggerPipelineClose(568)) - pipeline Action CLOSE  on pipeline PipelineID=cf85cf34-beb7-4b49-9a59-e0a55ed5c792.Reason : d3f833b2-527d-4ab6-a086-d6ad4a131c32 has not seen follower/s 6151a780-4ba7-403b-be5b-70f0763d4a32 for 124915ms 8f6ed14e-9847-41b2-84b1-f48134b0885d for 124915ms
2019-09-16 16:18:55,316 [org.apache.ratis.server.impl.LogAppender$AppenderDaemon$$Lambda$507/334588113@320b8e3c] ERROR ratis.XceiverServerRatis (XceiverServerRatis.java:triggerPipelineClose(568)) - pipeline Action CLOSE  on pipeline PipelineID=cf85cf34-beb7-4b49-9a59-e0a55ed5c792.Reason : d3f833b2-527d-4ab6-a086-d6ad4a131c32 has not seen follower/s 6151a780-4ba7-403b-be5b-70f0763d4a32 for 124915ms 8f6ed14e-9847-41b2-84b1-f48134b0885d for 124915ms
2019-09-16 16:18:55,813 [EventQueue-PipelineActionsForPipelineActionHandler] ERROR pipeline.PipelineActionHandler (PipelineActionHandler.java:onMessage(60)) - Received pipeline action CLOSE for Pipeline[ Id: cf85cf34-beb7-4b49-9a59-e0a55ed5c792, Nodes: 8f6ed14e-9847-41b2-84b1-f48134b0885d{ip: 192.168.34.47, host: pr-hdds-2111-ptm9r-3382166736, networkLocation: /default-rack, certSerialId: null}6151a780-4ba7-403b-be5b-70f0763d4a32{ip: 192.168.34.47, host: pr-hdds-2111-ptm9r-3382166736, networkLocation: /default-rack, certSerialId: null}d3f833b2-527d-4ab6-a086-d6ad4a131c32{ip: 192.168.34.47, host: pr-hdds-2111-ptm9r-3382166736, networkLocation: /default-rack, certSerialId: null}, Type:RATIS, Factor:THREE, State:CLOSED] from datanode d3f833b2-527d-4ab6-a086-d6ad4a131c32{ip: 192.168.34.47, host: pr-hdds-2111-ptm9r-3382166736, networkLocation: /default-rack, certSerialId: null}. Reason : d3f833b2-527d-4ab6-a086-d6ad4a131c32 has not seen follower/s 6151a780-4ba7-403b-be5b-70f0763d4a32 for 124915ms 8f6ed14e-9847-41b2-84b1-f48134b0885d for 124915ms
2019-09-16 16:18:55,814 [EventQueue-PipelineActionsForPipelineActionHandler] INFO  pipeline.SCMPipelineManager (SCMPipelineManager.java:finalizeAndDestroyPipeline(311)) - destroying pipeline:Pipeline[ Id: cf85cf34-beb7-4b49-9a59-e0a55ed5c792, Nodes: 8f6ed14e-9847-41b2-84b1-f48134b0885d{ip: 192.168.34.47, host: pr-hdds-2111-ptm9r-3382166736, networkLocation: /default-rack, certSerialId: null}6151a780-4ba7-403b-be5b-70f0763d4a32{ip: 192.168.34.47, host: pr-hdds-2111-ptm9r-3382166736, networkLocation: /default-rack, certSerialId: null}d3f833b2-527d-4ab6-a086-d6ad4a131c32{ip: 192.168.34.47, host: pr-hdds-2111-ptm9r-3382166736, networkLocation: /default-rack, certSerialId: null}, Type:RATIS, Factor:THREE, State:CLOSED]
2019-09-16 16:18:55,815 [java.util.concurrent.ThreadPoolExecutor$Worker@22ff49d0[State = -1, empty queue]] WARN  server.GrpcLogAppender (GrpcLogAppender.java:timeoutAppendRequest(200)) - d3f833b2-527d-4ab6-a086-d6ad4a131c32@group-E0A55ED5C792->6151a780-4ba7-403b-be5b-70f0763d4a32-GrpcLogAppender: appendEntries Timeout, request=d3f833b2-527d-4ab6-a086-d6ad4a131c32->6151a780-4ba7-403b-be5b-70f0763d4a32#72-t1, previous=(t:1, i:22), leaderCommit=16, initializing? false, entries: size=1, first=(t:1, i:23), STATEMACHINELOGENTRY, client-22D9DD5CDAF0, cid=9
2019-09-16 16:18:55,815 [java.util.concurrent.ThreadPoolExecutor$Worker@576cfcf[State = -1, empty queue]] WARN  server.GrpcLogAppender (GrpcLogAppender.java:timeoutAppendRequest(200)) - d3f833b2-527d-4ab6-a086-d6ad4a131c32@group-E0A55ED5C792->8f6ed14e-9847-41b2-84b1-f48134b0885d-GrpcLogAppender: appendEntries Timeout, request=d3f833b2-527d-4ab6-a086-d6ad4a131c32->8f6ed14e-9847-41b2-84b1-f48134b0885d#72-t1, previous=(t:1, i:22), leaderCommit=16, initializing? false, entries: size=1, first=(t:1, i:23), STATEMACHINELOGENTRY, client-22D9DD5CDAF0, cid=9
2019-09-16 16:18:56,635 [grpc-default-executor-6] INFO  client.GrpcClientProtocolClient (GrpcClientProtocolClient.java:onNext(264)) - client-2CD27A2BD368->6151a780-4ba7-403b-be5b-70f0763d4a32: receive RaftClientReply:client-2CD27A2BD368->6151a780-4ba7-403b-be5b-70f0763d4a32@group-E0A55ED5C792, cid=54, FAILED org.apache.ratis.protocol.NotLeaderException: Server 6151a780-4ba7-403b-be5b-70f0763d4a32@group-E0A55ED5C792 is not the leader d3f833b2-527d-4ab6-a086-d6ad4a131c32:192.168.34.47:36523, logIndex=0, commits[6151a780-4ba7-403b-be5b-70f0763d4a32:c16, d3f833b2-527d-4ab6-a086-d6ad4a131c32:c16, 8f6ed14e-9847-41b2-84b1-f48134b0885d:c14]
2019-09-16 16:18:57,816 [org.apache.ratis.server.impl.LogAppender$AppenderDaemon$$Lambda$507/334588113@320b8e3c] ERROR ratis.XceiverServerRatis (XceiverServerRatis.java:triggerPipelineClose(568)) - pipeline Action CLOSE  on pipeline PipelineID=cf85cf34-beb7-4b49-9a59-e0a55ed5c792.Reason : d3f833b2-527d-4ab6-a086-d6ad4a131c32 has not seen follower/s 6151a780-4ba7-403b-be5b-70f0763d4a32 for 127415ms 8f6ed14e-9847-41b2-84b1-f48134b0885d for 127416ms
2019-09-16 16:18:57,816 [org.apache.ratis.server.impl.LogAppender$AppenderDaemon$$Lambda$507/334588113@44a27a99] ERROR ratis.XceiverServerRatis (XceiverServerRatis.java:triggerPipelineClose(568)) - pipeline Action CLOSE  on pipeline PipelineID=cf85cf34-beb7-4b49-9a59-e0a55ed5c792.Reason : d3f833b2-527d-4ab6-a086-d6ad4a131c32 has not seen follower/s 6151a780-4ba7-403b-be5b-70f0763d4a32 for 127415ms 8f6ed14e-9847-41b2-84b1-f48134b0885d for 127416ms
2019-09-16 16:18:58,316 [java.util.concurrent.ThreadPoolExecutor$Worker@576cfcf[State = -1, empty queue]] WARN  server.GrpcLogAppender (GrpcLogAppender.java:timeoutAppendRequest(200)) - d3f833b2-527d-4ab6-a086-d6ad4a131c32@group-E0A55ED5C792->8f6ed14e-9847-41b2-84b1-f48134b0885d-GrpcLogAppender: appendEntries Timeout, request=d3f833b2-527d-4ab6-a086-d6ad4a131c32->8f6ed14e-9847-41b2-84b1-f48134b0885d#73-t1, previous=(t:1, i:23), leaderCommit=16, initializing? false, entries: <empty>
2019-09-16 16:18:58,316 [java.util.concurrent.ThreadPoolExecutor$Worker@22ff49d0[State = -1, empty queue]] WARN  server.GrpcLogAppender (GrpcLogAppender.java:timeoutAppendRequest(200)) - d3f833b2-527d-4ab6-a086-d6ad4a131c32@group-E0A55ED5C792->6151a780-4ba7-403b-be5b-70f0763d4a32-GrpcLogAppender: appendEntries Timeout, request=d3f833b2-527d-4ab6-a086-d6ad4a131c32->6151a780-4ba7-403b-be5b-70f0763d4a32#73-t1, previous=(t:1, i:23), leaderCommit=16, initializing? false, entries: <empty>
2019-09-16 16:18:58,814 [EventQueue-PipelineActionsForPipelineActionHandler] ERROR pipeline.PipelineActionHandler (PipelineActionHandler.java:onMessage(60)) - Received pipeline action CLOSE for Pipeline[ Id: cf85cf34-beb7-4b49-9a59-e0a55ed5c792, Nodes: 8f6ed14e-9847-41b2-84b1-f48134b0885d{ip: 192.168.34.47, host: pr-hdds-2111-ptm9r-3382166736, networkLocation: /default-rack, certSerialId: null}6151a780-4ba7-403b-be5b-70f0763d4a32{ip: 192.168.34.47, host: pr-hdds-2111-ptm9r-3382166736, networkLocation: /default-rack, certSerialId: null}d3f833b2-527d-4ab6-a086-d6ad4a131c32{ip: 192.168.34.47, host: pr-hdds-2111-ptm9r-3382166736, networkLocation: /default-rack, certSerialId: null}, Type:RATIS, Factor:THREE, State:CLOSED] from datanode d3f833b2-527d-4ab6-a086-d6ad4a131c32{ip: 192.168.34.47, host: pr-hdds-2111-ptm9r-3382166736, networkLocation: /default-rack, certSerialId: null}. Reason : d3f833b2-527d-4ab6-a086-d6ad4a131c32 has not seen follower/s 6151a780-4ba7-403b-be5b-70f0763d4a32 for 127415ms 8f6ed14e-9847-41b2-84b1-f48134b0885d for 127416ms
2019-09-16 16:18:58,815 [EventQueue-PipelineActionsForPipelineActionHandler] INFO  pipeline.SCMPipelineManager (SCMPipelineManager.java:finalizeAndDestroyPipeline(311)) - destroying pipeline:Pipeline[ Id: cf85cf34-beb7-4b49-9a59-e0a55ed5c792, Nodes: 8f6ed14e-9847-41b2-84b1-f48134b0885d{ip: 192.168.34.47, host: pr-hdds-2111-ptm9r-3382166736, networkLocation: /default-rack, certSerialId: null}6151a780-4ba7-403b-be5b-70f0763d4a32{ip: 192.168.34.47, host: pr-hdds-2111-ptm9r-3382166736, networkLocation: /default-rack, certSerialId: null}d3f833b2-527d-4ab6-a086-d6ad4a131c32{ip: 192.168.34.47, host: pr-hdds-2111-ptm9r-3382166736, networkLocation: /default-rack, certSerialId: null}, Type:RATIS, Factor:THREE, State:CLOSED]
2019-09-16 16:19:00,318 [org.apache.ratis.server.impl.LogAppender$AppenderDaemon$$Lambda$507/334588113@320b8e3c] ERROR ratis.XceiverServerRatis (XceiverServerRatis.java:triggerPipelineClose(568)) - pipeline Action CLOSE  on pipeline PipelineID=cf85cf34-beb7-4b49-9a59-e0a55ed5c792.Reason : d3f833b2-527d-4ab6-a086-d6ad4a131c32 has not seen follower/s 6151a780-4ba7-403b-be5b-70f0763d4a32 for 129917ms 8f6ed14e-9847-41b2-84b1-f48134b0885d for 129917ms
2019-09-16 16:19:00,318 [org.apache.ratis.server.impl.LogAppender$AppenderDaemon$$Lambda$507/334588113@44a27a99] ERROR ratis.XceiverServerRatis (XceiverServerRatis.java:triggerPipelineClose(568)) - pipeline Action CLOSE  on pipeline PipelineID=cf85cf34-beb7-4b49-9a59-e0a55ed5c792.Reason : d3f833b2-527d-4ab6-a086-d6ad4a131c32 has not seen follower/s 6151a780-4ba7-403b-be5b-70f0763d4a32 for 129917ms 8f6ed14e-9847-41b2-84b1-f48134b0885d for 129917ms
2019-09-16 16:19:00,591 [d3f833b2-527d-4ab6-a086-d6ad4a131c32@group-E0A55ED5C792-SegmentedRaftLogWorker] WARN  segmented.SegmentedRaftLogWorker (SegmentedRaftLogWorker.java:getFromFuture(90)) - Timeout 12/~
org.apache.ratis.protocol.TimeoutIOException: Timeout 10s: WriteLog:17: (t:1, i:17), STATEMACHINELOGENTRY, client-2CD27A2BD368, cid=54-writeStateMachineData
	at org.apache.ratis.util.IOUtils.getFromFuture(IOUtils.java:87)
	at org.apache.ratis.server.raftlog.segmented.SegmentedRaftLogWorker$StateMachineDataPolicy.getFromFuture(SegmentedRaftLogWorker.java:87)
	at org.apache.ratis.server.raftlog.segmented.SegmentedRaftLogWorker$WriteLog.execute(SegmentedRaftLogWorker.java:477)
	at org.apache.ratis.server.raftlog.segmented.SegmentedRaftLogWorker.run(SegmentedRaftLogWorker.java:289)
	at java.lang.Thread.run(Thread.java:748)
Caused by: java.util.concurrent.TimeoutException
	at java.util.concurrent.CompletableFuture.timedGet(CompletableFuture.java:1771)
	at java.util.concurrent.CompletableFuture.get(CompletableFuture.java:1915)
	at org.apache.ratis.util.IOUtils.getFromFuture(IOUtils.java:79)
	... 4 more
2019-09-16 16:19:00,613 [8f6ed14e-9847-41b2-84b1-f48134b0885d@group-E0A55ED5C792-SegmentedRaftLogWorker] WARN  segmented.SegmentedRaftLogWorker (SegmentedRaftLogWorker.java:getFromFuture(90)) - Timeout 12/~
org.apache.ratis.protocol.TimeoutIOException: Timeout 10s: WriteLog:17: (t:1, i:17), STATEMACHINELOGENTRY, client-2CD27A2BD368, cid=54-writeStateMachineData
	at org.apache.ratis.util.IOUtils.getFromFuture(IOUtils.java:87)
	at org.apache.ratis.server.raftlog.segmented.SegmentedRaftLogWorker$StateMachineDataPolicy.getFromFuture(SegmentedRaftLogWorker.java:87)
	at org.apache.ratis.server.raftlog.segmented.SegmentedRaftLogWorker$WriteLog.execute(SegmentedRaftLogWorker.java:477)
	at org.apache.ratis.server.raftlog.segmented.SegmentedRaftLogWorker.run(SegmentedRaftLogWorker.java:289)
	at java.lang.Thread.run(Thread.java:748)
Caused by: java.util.concurrent.TimeoutException
	at java.util.concurrent.CompletableFuture.timedGet(CompletableFuture.java:1771)
	at java.util.concurrent.CompletableFuture.get(CompletableFuture.java:1915)
	at org.apache.ratis.util.IOUtils.getFromFuture(IOUtils.java:79)
	... 4 more
2019-09-16 16:19:00,740 [6151a780-4ba7-403b-be5b-70f0763d4a32@group-E0A55ED5C792-SegmentedRaftLogWorker] WARN  segmented.SegmentedRaftLogWorker (SegmentedRaftLogWorker.java:getFromFuture(90)) - Timeout 12/~
org.apache.ratis.protocol.TimeoutIOException: Timeout 10s: WriteLog:17: (t:1, i:17), STATEMACHINELOGENTRY, client-2CD27A2BD368, cid=54-writeStateMachineData
	at org.apache.ratis.util.IOUtils.getFromFuture(IOUtils.java:87)
	at org.apache.ratis.server.raftlog.segmented.SegmentedRaftLogWorker$StateMachineDataPolicy.getFromFuture(SegmentedRaftLogWorker.java:87)
	at org.apache.ratis.server.raftlog.segmented.SegmentedRaftLogWorker$WriteLog.execute(SegmentedRaftLogWorker.java:477)
	at org.apache.ratis.server.raftlog.segmented.SegmentedRaftLogWorker.run(SegmentedRaftLogWorker.java:289)
	at java.lang.Thread.run(Thread.java:748)
Caused by: java.util.concurrent.TimeoutException
	at java.util.concurrent.CompletableFuture.timedGet(CompletableFuture.java:1771)
	at java.util.concurrent.CompletableFuture.get(CompletableFuture.java:1915)
	at org.apache.ratis.util.IOUtils.getFromFuture(IOUtils.java:79)
	... 4 more
2019-09-16 16:19:00,814 [EventQueue-PipelineActionsForPipelineActionHandler] ERROR pipeline.PipelineActionHandler (PipelineActionHandler.java:onMessage(60)) - Received pipeline action CLOSE for Pipeline[ Id: cf85cf34-beb7-4b49-9a59-e0a55ed5c792, Nodes: 8f6ed14e-9847-41b2-84b1-f48134b0885d{ip: 192.168.34.47, host: pr-hdds-2111-ptm9r-3382166736, networkLocation: /default-rack, certSerialId: null}6151a780-4ba7-403b-be5b-70f0763d4a32{ip: 192.168.34.47, host: pr-hdds-2111-ptm9r-3382166736, networkLocation: /default-rack, certSerialId: null}d3f833b2-527d-4ab6-a086-d6ad4a131c32{ip: 192.168.34.47, host: pr-hdds-2111-ptm9r-3382166736, networkLocation: /default-rack, certSerialId: null}, Type:RATIS, Factor:THREE, State:CLOSED] from datanode d3f833b2-527d-4ab6-a086-d6ad4a131c32{ip: 192.168.34.47, host: pr-hdds-2111-ptm9r-3382166736, networkLocation: /default-rack, certSerialId: null}. Reason : d3f833b2-527d-4ab6-a086-d6ad4a131c32 has not seen follower/s 6151a780-4ba7-403b-be5b-70f0763d4a32 for 129917ms 8f6ed14e-9847-41b2-84b1-f48134b0885d for 129917ms
2019-09-16 16:19:00,814 [EventQueue-PipelineActionsForPipelineActionHandler] INFO  pipeline.SCMPipelineManager (SCMPipelineManager.java:finalizeAndDestroyPipeline(311)) - destroying pipeline:Pipeline[ Id: cf85cf34-beb7-4b49-9a59-e0a55ed5c792, Nodes: 8f6ed14e-9847-41b2-84b1-f48134b0885d{ip: 192.168.34.47, host: pr-hdds-2111-ptm9r-3382166736, networkLocation: /default-rack, certSerialId: null}6151a780-4ba7-403b-be5b-70f0763d4a32{ip: 192.168.34.47, host: pr-hdds-2111-ptm9r-3382166736, networkLocation: /default-rack, certSerialId: null}d3f833b2-527d-4ab6-a086-d6ad4a131c32{ip: 192.168.34.47, host: pr-hdds-2111-ptm9r-3382166736, networkLocation: /default-rack, certSerialId: null}, Type:RATIS, Factor:THREE, State:CLOSED]
2019-09-16 16:19:00,816 [java.util.concurrent.ThreadPoolExecutor$Worker@22ff49d0[State = -1, empty queue]] WARN  server.GrpcLogAppender (GrpcLogAppender.java:timeoutAppendRequest(200)) - d3f833b2-527d-4ab6-a086-d6ad4a131c32@group-E0A55ED5C792->6151a780-4ba7-403b-be5b-70f0763d4a32-GrpcLogAppender: appendEntries Timeout, request=d3f833b2-527d-4ab6-a086-d6ad4a131c32->6151a780-4ba7-403b-be5b-70f0763d4a32#74-t1, previous=(t:1, i:23), leaderCommit=16, initializing? false, entries: <empty>
2019-09-16 16:19:00,816 [java.util.concurrent.ThreadPoolExecutor$Worker@576cfcf[State = -1, empty queue]] WARN  server.GrpcLogAppender (GrpcLogAppender.java:timeoutAppendRequest(200)) - d3f833b2-527d-4ab6-a086-d6ad4a131c32@group-E0A55ED5C792->8f6ed14e-9847-41b2-84b1-f48134b0885d-GrpcLogAppender: appendEntries Timeout, request=d3f833b2-527d-4ab6-a086-d6ad4a131c32->8f6ed14e-9847-41b2-84b1-f48134b0885d#74-t1, previous=(t:1, i:23), leaderCommit=16, initializing? false, entries: <empty>
2019-09-16 16:19:01,673 [grpc-default-executor-5] INFO  client.GrpcClientProtocolClient (GrpcClientProtocolClient.java:onNext(264)) - client-2CD27A2BD368->8f6ed14e-9847-41b2-84b1-f48134b0885d: receive RaftClientReply:client-2CD27A2BD368->8f6ed14e-9847-41b2-84b1-f48134b0885d@group-E0A55ED5C792, cid=54, FAILED org.apache.ratis.protocol.NotLeaderException: Server 8f6ed14e-9847-41b2-84b1-f48134b0885d@group-E0A55ED5C792 is not the leader d3f833b2-527d-4ab6-a086-d6ad4a131c32:192.168.34.47:36523, logIndex=0, commits[8f6ed14e-9847-41b2-84b1-f48134b0885d:c16, 6151a780-4ba7-403b-be5b-70f0763d4a32:c14, d3f833b2-527d-4ab6-a086-d6ad4a131c32:c16]
2019-09-16 16:19:02,818 [org.apache.ratis.server.impl.LogAppender$AppenderDaemon$$Lambda$507/334588113@44a27a99] ERROR ratis.XceiverServerRatis (XceiverServerRatis.java:triggerPipelineClose(568)) - pipeline Action CLOSE  on pipeline PipelineID=cf85cf34-beb7-4b49-9a59-e0a55ed5c792.Reason : d3f833b2-527d-4ab6-a086-d6ad4a131c32 has not seen follower/s 6151a780-4ba7-403b-be5b-70f0763d4a32 for 132417ms 8f6ed14e-9847-41b2-84b1-f48134b0885d for 132418ms
2019-09-16 16:19:02,819 [org.apache.ratis.server.impl.LogAppender$AppenderDaemon$$Lambda$507/334588113@320b8e3c] ERROR ratis.XceiverServerRatis (XceiverServerRatis.java:triggerPipelineClose(568)) - pipeline Action CLOSE  on pipeline PipelineID=cf85cf34-beb7-4b49-9a59-e0a55ed5c792.Reason : d3f833b2-527d-4ab6-a086-d6ad4a131c32 has not seen follower/s 6151a780-4ba7-403b-be5b-70f0763d4a32 for 132418ms 8f6ed14e-9847-41b2-84b1-f48134b0885d for 132418ms
2019-09-16 16:19:03,318 [java.util.concurrent.ThreadPoolExecutor$Worker@576cfcf[State = -1, empty queue]] WARN  server.GrpcLogAppender (GrpcLogAppender.java:timeoutAppendRequest(200)) - d3f833b2-527d-4ab6-a086-d6ad4a131c32@group-E0A55ED5C792->8f6ed14e-9847-41b2-84b1-f48134b0885d-GrpcLogAppender: appendEntries Timeout, request=d3f833b2-527d-4ab6-a086-d6ad4a131c32->8f6ed14e-9847-41b2-84b1-f48134b0885d#75-t1, previous=(t:1, i:23), leaderCommit=16, initializing? false, entries: <empty>
2019-09-16 16:19:03,318 [java.util.concurrent.ThreadPoolExecutor$Worker@22ff49d0[State = -1, empty queue]] WARN  server.GrpcLogAppender (GrpcLogAppender.java:timeoutAppendRequest(200)) - d3f833b2-527d-4ab6-a086-d6ad4a131c32@group-E0A55ED5C792->6151a780-4ba7-403b-be5b-70f0763d4a32-GrpcLogAppender: appendEntries Timeout, request=d3f833b2-527d-4ab6-a086-d6ad4a131c32->6151a780-4ba7-403b-be5b-70f0763d4a32#75-t1, previous=(t:1, i:23), leaderCommit=16, initializing? false, entries: <empty>
2019-09-16 16:19:03,815 [EventQueue-PipelineActionsForPipelineActionHandler] ERROR pipeline.PipelineActionHandler (PipelineActionHandler.java:onMessage(60)) - Received pipeline action CLOSE for Pipeline[ Id: cf85cf34-beb7-4b49-9a59-e0a55ed5c792, Nodes: 8f6ed14e-9847-41b2-84b1-f48134b0885d{ip: 192.168.34.47, host: pr-hdds-2111-ptm9r-3382166736, networkLocation: /default-rack, certSerialId: null}6151a780-4ba7-403b-be5b-70f0763d4a32{ip: 192.168.34.47, host: pr-hdds-2111-ptm9r-3382166736, networkLocation: /default-rack, certSerialId: null}d3f833b2-527d-4ab6-a086-d6ad4a131c32{ip: 192.168.34.47, host: pr-hdds-2111-ptm9r-3382166736, networkLocation: /default-rack, certSerialId: null}, Type:RATIS, Factor:THREE, State:CLOSED] from datanode d3f833b2-527d-4ab6-a086-d6ad4a131c32{ip: 192.168.34.47, host: pr-hdds-2111-ptm9r-3382166736, networkLocation: /default-rack, certSerialId: null}. Reason : d3f833b2-527d-4ab6-a086-d6ad4a131c32 has not seen follower/s 6151a780-4ba7-403b-be5b-70f0763d4a32 for 132417ms 8f6ed14e-9847-41b2-84b1-f48134b0885d for 132418ms
2019-09-16 16:19:03,815 [EventQueue-PipelineActionsForPipelineActionHandler] INFO  pipeline.SCMPipelineManager (SCMPipelineManager.java:finalizeAndDestroyPipeline(311)) - destroying pipeline:Pipeline[ Id: cf85cf34-beb7-4b49-9a59-e0a55ed5c792, Nodes: 8f6ed14e-9847-41b2-84b1-f48134b0885d{ip: 192.168.34.47, host: pr-hdds-2111-ptm9r-3382166736, networkLocation: /default-rack, certSerialId: null}6151a780-4ba7-403b-be5b-70f0763d4a32{ip: 192.168.34.47, host: pr-hdds-2111-ptm9r-3382166736, networkLocation: /default-rack, certSerialId: null}d3f833b2-527d-4ab6-a086-d6ad4a131c32{ip: 192.168.34.47, host: pr-hdds-2111-ptm9r-3382166736, networkLocation: /default-rack, certSerialId: null}, Type:RATIS, Factor:THREE, State:CLOSED]
2019-09-16 16:19:05,321 [org.apache.ratis.server.impl.LogAppender$AppenderDaemon$$Lambda$507/334588113@320b8e3c] ERROR ratis.XceiverServerRatis (XceiverServerRatis.java:triggerPipelineClose(568)) - pipeline Action CLOSE  on pipeline PipelineID=cf85cf34-beb7-4b49-9a59-e0a55ed5c792.Reason : d3f833b2-527d-4ab6-a086-d6ad4a131c32 has not seen follower/s 6151a780-4ba7-403b-be5b-70f0763d4a32 for 134919ms 8f6ed14e-9847-41b2-84b1-f48134b0885d for 134920ms
2019-09-16 16:19:05,321 [org.apache.ratis.server.impl.LogAppender$AppenderDaemon$$Lambda$507/334588113@44a27a99] ERROR ratis.XceiverServerRatis (XceiverServerRatis.java:triggerPipelineClose(568)) - pipeline Action CLOSE  on pipeline PipelineID=cf85cf34-beb7-4b49-9a59-e0a55ed5c792.Reason : d3f833b2-527d-4ab6-a086-d6ad4a131c32 has not seen follower/s 6151a780-4ba7-403b-be5b-70f0763d4a32 for 134919ms 8f6ed14e-9847-41b2-84b1-f48134b0885d for 134920ms
2019-09-16 16:19:05,815 [EventQueue-PipelineActionsForPipelineActionHandler] ERROR pipeline.PipelineActionHandler (PipelineActionHandler.java:onMessage(60)) - Received pipeline action CLOSE for Pipeline[ Id: cf85cf34-beb7-4b49-9a59-e0a55ed5c792, Nodes: 8f6ed14e-9847-41b2-84b1-f48134b0885d{ip: 192.168.34.47, host: pr-hdds-2111-ptm9r-3382166736, networkLocation: /default-rack, certSerialId: null}6151a780-4ba7-403b-be5b-70f0763d4a32{ip: 192.168.34.47, host: pr-hdds-2111-ptm9r-3382166736, networkLocation: /default-rack, certSerialId: null}d3f833b2-527d-4ab6-a086-d6ad4a131c32{ip: 192.168.34.47, host: pr-hdds-2111-ptm9r-3382166736, networkLocation: /default-rack, certSerialId: null}, Type:RATIS, Factor:THREE, State:CLOSED] from datanode d3f833b2-527d-4ab6-a086-d6ad4a131c32{ip: 192.168.34.47, host: pr-hdds-2111-ptm9r-3382166736, networkLocation: /default-rack, certSerialId: null}. Reason : d3f833b2-527d-4ab6-a086-d6ad4a131c32 has not seen follower/s 6151a780-4ba7-403b-be5b-70f0763d4a32 for 134919ms 8f6ed14e-9847-41b2-84b1-f48134b0885d for 134920ms
2019-09-16 16:19:05,816 [EventQueue-PipelineActionsForPipelineActionHandler] INFO  pipeline.SCMPipelineManager (SCMPipelineManager.java:finalizeAndDestroyPipeline(311)) - destroying pipeline:Pipeline[ Id: cf85cf34-beb7-4b49-9a59-e0a55ed5c792, Nodes: 8f6ed14e-9847-41b2-84b1-f48134b0885d{ip: 192.168.34.47, host: pr-hdds-2111-ptm9r-3382166736, networkLocation: /default-rack, certSerialId: null}6151a780-4ba7-403b-be5b-70f0763d4a32{ip: 192.168.34.47, host: pr-hdds-2111-ptm9r-3382166736, networkLocation: /default-rack, certSerialId: null}d3f833b2-527d-4ab6-a086-d6ad4a131c32{ip: 192.168.34.47, host: pr-hdds-2111-ptm9r-3382166736, networkLocation: /default-rack, certSerialId: null}, Type:RATIS, Factor:THREE, State:CLOSED]
2019-09-16 16:19:05,818 [java.util.concurrent.ThreadPoolExecutor$Worker@576cfcf[State = -1, empty queue]] WARN  server.GrpcLogAppender (GrpcLogAppender.java:timeoutAppendRequest(200)) - d3f833b2-527d-4ab6-a086-d6ad4a131c32@group-E0A55ED5C792->8f6ed14e-9847-41b2-84b1-f48134b0885d-GrpcLogAppender: appendEntries Timeout, request=d3f833b2-527d-4ab6-a086-d6ad4a131c32->8f6ed14e-9847-41b2-84b1-f48134b0885d#76-t1, previous=(t:1, i:23), leaderCommit=16, initializing? false, entries: <empty>
2019-09-16 16:19:05,819 [java.util.concurrent.ThreadPoolExecutor$Worker@22ff49d0[State = -1, empty queue]] WARN  server.GrpcLogAppender (GrpcLogAppender.java:timeoutAppendRequest(200)) - d3f833b2-527d-4ab6-a086-d6ad4a131c32@group-E0A55ED5C792->6151a780-4ba7-403b-be5b-70f0763d4a32-GrpcLogAppender: appendEntries Timeout, request=d3f833b2-527d-4ab6-a086-d6ad4a131c32->6151a780-4ba7-403b-be5b-70f0763d4a32#76-t1, previous=(t:1, i:23), leaderCommit=16, initializing? false, entries: <empty>
2019-09-16 16:19:06,714 [grpc-default-executor-1] INFO  client.GrpcClientProtocolClient (GrpcClientProtocolClient.java:onNext(264)) - client-2CD27A2BD368->8f6ed14e-9847-41b2-84b1-f48134b0885d: receive RaftClientReply:client-2CD27A2BD368->8f6ed14e-9847-41b2-84b1-f48134b0885d@group-E0A55ED5C792, cid=54, FAILED org.apache.ratis.protocol.NotLeaderException: Server 8f6ed14e-9847-41b2-84b1-f48134b0885d@group-E0A55ED5C792 is not the leader d3f833b2-527d-4ab6-a086-d6ad4a131c32:192.168.34.47:36523, logIndex=0, commits[8f6ed14e-9847-41b2-84b1-f48134b0885d:c16, 6151a780-4ba7-403b-be5b-70f0763d4a32:c14, d3f833b2-527d-4ab6-a086-d6ad4a131c32:c16]
2019-09-16 16:19:07,821 [org.apache.ratis.server.impl.LogAppender$AppenderDaemon$$Lambda$507/334588113@320b8e3c] ERROR ratis.XceiverServerRatis (XceiverServerRatis.java:triggerPipelineClose(568)) - pipeline Action CLOSE  on pipeline PipelineID=cf85cf34-beb7-4b49-9a59-e0a55ed5c792.Reason : d3f833b2-527d-4ab6-a086-d6ad4a131c32 has not seen follower/s 6151a780-4ba7-403b-be5b-70f0763d4a32 for 137419ms 8f6ed14e-9847-41b2-84b1-f48134b0885d for 137420ms
2019-09-16 16:19:07,821 [org.apache.ratis.server.impl.LogAppender$AppenderDaemon$$Lambda$507/334588113@44a27a99] ERROR ratis.XceiverServerRatis (XceiverServerRatis.java:triggerPipelineClose(568)) - pipeline Action CLOSE  on pipeline PipelineID=cf85cf34-beb7-4b49-9a59-e0a55ed5c792.Reason : d3f833b2-527d-4ab6-a086-d6ad4a131c32 has not seen follower/s 6151a780-4ba7-403b-be5b-70f0763d4a32 for 137419ms 8f6ed14e-9847-41b2-84b1-f48134b0885d for 137420ms
2019-09-16 16:19:08,320 [java.util.concurrent.ThreadPoolExecutor$Worker@576cfcf[State = -1, empty queue]] WARN  server.GrpcLogAppender (GrpcLogAppender.java:timeoutAppendRequest(200)) - d3f833b2-527d-4ab6-a086-d6ad4a131c32@group-E0A55ED5C792->8f6ed14e-9847-41b2-84b1-f48134b0885d-GrpcLogAppender: appendEntries Timeout, request=d3f833b2-527d-4ab6-a086-d6ad4a131c32->8f6ed14e-9847-41b2-84b1-f48134b0885d#77-t1, previous=(t:1, i:23), leaderCommit=16, initializing? false, entries: <empty>
2019-09-16 16:19:08,320 [java.util.concurrent.ThreadPoolExecutor$Worker@22ff49d0[State = -1, empty queue]] WARN  server.GrpcLogAppender (GrpcLogAppender.java:timeoutAppendRequest(200)) - d3f833b2-527d-4ab6-a086-d6ad4a131c32@group-E0A55ED5C792->6151a780-4ba7-403b-be5b-70f0763d4a32-GrpcLogAppender: appendEntries Timeout, request=d3f833b2-527d-4ab6-a086-d6ad4a131c32->6151a780-4ba7-403b-be5b-70f0763d4a32#77-t1, previous=(t:1, i:23), leaderCommit=16, initializing? false, entries: <empty>
2019-09-16 16:19:08,816 [EventQueue-PipelineActionsForPipelineActionHandler] ERROR pipeline.PipelineActionHandler (PipelineActionHandler.java:onMessage(60)) - Received pipeline action CLOSE for Pipeline[ Id: cf85cf34-beb7-4b49-9a59-e0a55ed5c792, Nodes: 8f6ed14e-9847-41b2-84b1-f48134b0885d{ip: 192.168.34.47, host: pr-hdds-2111-ptm9r-3382166736, networkLocation: /default-rack, certSerialId: null}6151a780-4ba7-403b-be5b-70f0763d4a32{ip: 192.168.34.47, host: pr-hdds-2111-ptm9r-3382166736, networkLocation: /default-rack, certSerialId: null}d3f833b2-527d-4ab6-a086-d6ad4a131c32{ip: 192.168.34.47, host: pr-hdds-2111-ptm9r-3382166736, networkLocation: /default-rack, certSerialId: null}, Type:RATIS, Factor:THREE, State:CLOSED] from datanode d3f833b2-527d-4ab6-a086-d6ad4a131c32{ip: 192.168.34.47, host: pr-hdds-2111-ptm9r-3382166736, networkLocation: /default-rack, certSerialId: null}. Reason : d3f833b2-527d-4ab6-a086-d6ad4a131c32 has not seen follower/s 6151a780-4ba7-403b-be5b-70f0763d4a32 for 137419ms 8f6ed14e-9847-41b2-84b1-f48134b0885d for 137420ms
2019-09-16 16:19:08,816 [EventQueue-PipelineActionsForPipelineActionHandler] INFO  pipeline.SCMPipelineManager (SCMPipelineManager.java:finalizeAndDestroyPipeline(311)) - destroying pipeline:Pipeline[ Id: cf85cf34-beb7-4b49-9a59-e0a55ed5c792, Nodes: 8f6ed14e-9847-41b2-84b1-f48134b0885d{ip: 192.168.34.47, host: pr-hdds-2111-ptm9r-3382166736, networkLocation: /default-rack, certSerialId: null}6151a780-4ba7-403b-be5b-70f0763d4a32{ip: 192.168.34.47, host: pr-hdds-2111-ptm9r-3382166736, networkLocation: /default-rack, certSerialId: null}d3f833b2-527d-4ab6-a086-d6ad4a131c32{ip: 192.168.34.47, host: pr-hdds-2111-ptm9r-3382166736, networkLocation: /default-rack, certSerialId: null}, Type:RATIS, Factor:THREE, State:CLOSED]
2019-09-16 16:19:10,322 [org.apache.ratis.server.impl.LogAppender$AppenderDaemon$$Lambda$507/334588113@44a27a99] ERROR ratis.XceiverServerRatis (XceiverServerRatis.java:triggerPipelineClose(568)) - pipeline Action CLOSE  on pipeline PipelineID=cf85cf34-beb7-4b49-9a59-e0a55ed5c792.Reason : d3f833b2-527d-4ab6-a086-d6ad4a131c32 has not seen follower/s 6151a780-4ba7-403b-be5b-70f0763d4a32 for 139921ms 8f6ed14e-9847-41b2-84b1-f48134b0885d for 139921ms
2019-09-16 16:19:10,322 [org.apache.ratis.server.impl.LogAppender$AppenderDaemon$$Lambda$507/334588113@320b8e3c] ERROR ratis.XceiverServerRatis (XceiverServerRatis.java:triggerPipelineClose(568)) - pipeline Action CLOSE  on pipeline PipelineID=cf85cf34-beb7-4b49-9a59-e0a55ed5c792.Reason : d3f833b2-527d-4ab6-a086-d6ad4a131c32 has not seen follower/s 6151a780-4ba7-403b-be5b-70f0763d4a32 for 139921ms 8f6ed14e-9847-41b2-84b1-f48134b0885d for 139921ms
2019-09-16 16:19:10,592 [d3f833b2-527d-4ab6-a086-d6ad4a131c32@group-E0A55ED5C792-SegmentedRaftLogWorker] WARN  segmented.SegmentedRaftLogWorker (SegmentedRaftLogWorker.java:getFromFuture(90)) - Timeout 13/~
org.apache.ratis.protocol.TimeoutIOException: Timeout 10s: WriteLog:17: (t:1, i:17), STATEMACHINELOGENTRY, client-2CD27A2BD368, cid=54-writeStateMachineData
	at org.apache.ratis.util.IOUtils.getFromFuture(IOUtils.java:87)
	at org.apache.ratis.server.raftlog.segmented.SegmentedRaftLogWorker$StateMachineDataPolicy.getFromFuture(SegmentedRaftLogWorker.java:87)
	at org.apache.ratis.server.raftlog.segmented.SegmentedRaftLogWorker$WriteLog.execute(SegmentedRaftLogWorker.java:477)
	at org.apache.ratis.server.raftlog.segmented.SegmentedRaftLogWorker.run(SegmentedRaftLogWorker.java:289)
	at java.lang.Thread.run(Thread.java:748)
Caused by: java.util.concurrent.TimeoutException
	at java.util.concurrent.CompletableFuture.timedGet(CompletableFuture.java:1771)
	at java.util.concurrent.CompletableFuture.get(CompletableFuture.java:1915)
	at org.apache.ratis.util.IOUtils.getFromFuture(IOUtils.java:79)
	... 4 more
2019-09-16 16:19:10,613 [8f6ed14e-9847-41b2-84b1-f48134b0885d@group-E0A55ED5C792-SegmentedRaftLogWorker] WARN  segmented.SegmentedRaftLogWorker (SegmentedRaftLogWorker.java:getFromFuture(90)) - Timeout 13/~
org.apache.ratis.protocol.TimeoutIOException: Timeout 10s: WriteLog:17: (t:1, i:17), STATEMACHINELOGENTRY, client-2CD27A2BD368, cid=54-writeStateMachineData
	at org.apache.ratis.util.IOUtils.getFromFuture(IOUtils.java:87)
	at org.apache.ratis.server.raftlog.segmented.SegmentedRaftLogWorker$StateMachineDataPolicy.getFromFuture(SegmentedRaftLogWorker.java:87)
	at org.apache.ratis.server.raftlog.segmented.SegmentedRaftLogWorker$WriteLog.execute(SegmentedRaftLogWorker.java:477)
	at org.apache.ratis.server.raftlog.segmented.SegmentedRaftLogWorker.run(SegmentedRaftLogWorker.java:289)
	at java.lang.Thread.run(Thread.java:748)
Caused by: java.util.concurrent.TimeoutException
	at java.util.concurrent.CompletableFuture.timedGet(CompletableFuture.java:1771)
	at java.util.concurrent.CompletableFuture.get(CompletableFuture.java:1915)
	at org.apache.ratis.util.IOUtils.getFromFuture(IOUtils.java:79)
	... 4 more
2019-09-16 16:19:10,741 [6151a780-4ba7-403b-be5b-70f0763d4a32@group-E0A55ED5C792-SegmentedRaftLogWorker] WARN  segmented.SegmentedRaftLogWorker (SegmentedRaftLogWorker.java:getFromFuture(90)) - Timeout 13/~
org.apache.ratis.protocol.TimeoutIOException: Timeout 10s: WriteLog:17: (t:1, i:17), STATEMACHINELOGENTRY, client-2CD27A2BD368, cid=54-writeStateMachineData
	at org.apache.ratis.util.IOUtils.getFromFuture(IOUtils.java:87)
	at org.apache.ratis.server.raftlog.segmented.SegmentedRaftLogWorker$StateMachineDataPolicy.getFromFuture(SegmentedRaftLogWorker.java:87)
	at org.apache.ratis.server.raftlog.segmented.SegmentedRaftLogWorker$WriteLog.execute(SegmentedRaftLogWorker.java:477)
	at org.apache.ratis.server.raftlog.segmented.SegmentedRaftLogWorker.run(SegmentedRaftLogWorker.java:289)
	at java.lang.Thread.run(Thread.java:748)
Caused by: java.util.concurrent.TimeoutException
	at java.util.concurrent.CompletableFuture.timedGet(CompletableFuture.java:1771)
	at java.util.concurrent.CompletableFuture.get(CompletableFuture.java:1915)
	at org.apache.ratis.util.IOUtils.getFromFuture(IOUtils.java:79)
	... 4 more
2019-09-16 16:19:10,815 [EventQueue-PipelineActionsForPipelineActionHandler] ERROR pipeline.PipelineActionHandler (PipelineActionHandler.java:onMessage(60)) - Received pipeline action CLOSE for Pipeline[ Id: cf85cf34-beb7-4b49-9a59-e0a55ed5c792, Nodes: 8f6ed14e-9847-41b2-84b1-f48134b0885d{ip: 192.168.34.47, host: pr-hdds-2111-ptm9r-3382166736, networkLocation: /default-rack, certSerialId: null}6151a780-4ba7-403b-be5b-70f0763d4a32{ip: 192.168.34.47, host: pr-hdds-2111-ptm9r-3382166736, networkLocation: /default-rack, certSerialId: null}d3f833b2-527d-4ab6-a086-d6ad4a131c32{ip: 192.168.34.47, host: pr-hdds-2111-ptm9r-3382166736, networkLocation: /default-rack, certSerialId: null}, Type:RATIS, Factor:THREE, State:CLOSED] from datanode d3f833b2-527d-4ab6-a086-d6ad4a131c32{ip: 192.168.34.47, host: pr-hdds-2111-ptm9r-3382166736, networkLocation: /default-rack, certSerialId: null}. Reason : d3f833b2-527d-4ab6-a086-d6ad4a131c32 has not seen follower/s 6151a780-4ba7-403b-be5b-70f0763d4a32 for 139921ms 8f6ed14e-9847-41b2-84b1-f48134b0885d for 139921ms
2019-09-16 16:19:10,815 [EventQueue-PipelineActionsForPipelineActionHandler] INFO  pipeline.SCMPipelineManager (SCMPipelineManager.java:finalizeAndDestroyPipeline(311)) - destroying pipeline:Pipeline[ Id: cf85cf34-beb7-4b49-9a59-e0a55ed5c792, Nodes: 8f6ed14e-9847-41b2-84b1-f48134b0885d{ip: 192.168.34.47, host: pr-hdds-2111-ptm9r-3382166736, networkLocation: /default-rack, certSerialId: null}6151a780-4ba7-403b-be5b-70f0763d4a32{ip: 192.168.34.47, host: pr-hdds-2111-ptm9r-3382166736, networkLocation: /default-rack, certSerialId: null}d3f833b2-527d-4ab6-a086-d6ad4a131c32{ip: 192.168.34.47, host: pr-hdds-2111-ptm9r-3382166736, networkLocation: /default-rack, certSerialId: null}, Type:RATIS, Factor:THREE, State:CLOSED]
2019-09-16 16:19:10,821 [java.util.concurrent.ThreadPoolExecutor$Worker@22ff49d0[State = -1, empty queue]] WARN  server.GrpcLogAppender (GrpcLogAppender.java:timeoutAppendRequest(200)) - d3f833b2-527d-4ab6-a086-d6ad4a131c32@group-E0A55ED5C792->6151a780-4ba7-403b-be5b-70f0763d4a32-GrpcLogAppender: appendEntries Timeout, request=d3f833b2-527d-4ab6-a086-d6ad4a131c32->6151a780-4ba7-403b-be5b-70f0763d4a32#78-t1, previous=(t:1, i:23), leaderCommit=16, initializing? false, entries: <empty>
2019-09-16 16:19:10,821 [java.util.concurrent.ThreadPoolExecutor$Worker@576cfcf[State = -1, empty queue]] WARN  server.GrpcLogAppender (GrpcLogAppender.java:timeoutAppendRequest(200)) - d3f833b2-527d-4ab6-a086-d6ad4a131c32@group-E0A55ED5C792->8f6ed14e-9847-41b2-84b1-f48134b0885d-GrpcLogAppender: appendEntries Timeout, request=d3f833b2-527d-4ab6-a086-d6ad4a131c32->8f6ed14e-9847-41b2-84b1-f48134b0885d#78-t1, previous=(t:1, i:23), leaderCommit=16, initializing? false, entries: <empty>
2019-09-16 16:19:11,764 [grpc-default-executor-6] INFO  client.GrpcClientProtocolClient (GrpcClientProtocolClient.java:onNext(264)) - client-2CD27A2BD368->8f6ed14e-9847-41b2-84b1-f48134b0885d: receive RaftClientReply:client-2CD27A2BD368->8f6ed14e-9847-41b2-84b1-f48134b0885d@group-E0A55ED5C792, cid=54, FAILED org.apache.ratis.protocol.NotLeaderException: Server 8f6ed14e-9847-41b2-84b1-f48134b0885d@group-E0A55ED5C792 is not the leader d3f833b2-527d-4ab6-a086-d6ad4a131c32:192.168.34.47:36523, logIndex=0, commits[8f6ed14e-9847-41b2-84b1-f48134b0885d:c16, 6151a780-4ba7-403b-be5b-70f0763d4a32:c14, d3f833b2-527d-4ab6-a086-d6ad4a131c32:c16]
2019-09-16 16:19:12,823 [org.apache.ratis.server.impl.LogAppender$AppenderDaemon$$Lambda$507/334588113@44a27a99] ERROR ratis.XceiverServerRatis (XceiverServerRatis.java:triggerPipelineClose(568)) - pipeline Action CLOSE  on pipeline PipelineID=cf85cf34-beb7-4b49-9a59-e0a55ed5c792.Reason : d3f833b2-527d-4ab6-a086-d6ad4a131c32 has not seen follower/s 6151a780-4ba7-403b-be5b-70f0763d4a32 for 142421ms 8f6ed14e-9847-41b2-84b1-f48134b0885d for 142422ms
2019-09-16 16:19:12,823 [org.apache.ratis.server.impl.LogAppender$AppenderDaemon$$Lambda$507/334588113@320b8e3c] ERROR ratis.XceiverServerRatis (XceiverServerRatis.java:triggerPipelineClose(568)) - pipeline Action CLOSE  on pipeline PipelineID=cf85cf34-beb7-4b49-9a59-e0a55ed5c792.Reason : d3f833b2-527d-4ab6-a086-d6ad4a131c32 has not seen follower/s 6151a780-4ba7-403b-be5b-70f0763d4a32 for 142421ms 8f6ed14e-9847-41b2-84b1-f48134b0885d for 142422ms
2019-09-16 16:19:13,322 [java.util.concurrent.ThreadPoolExecutor$Worker@22ff49d0[State = -1, empty queue]] WARN  server.GrpcLogAppender (GrpcLogAppender.java:timeoutAppendRequest(200)) - d3f833b2-527d-4ab6-a086-d6ad4a131c32@group-E0A55ED5C792->6151a780-4ba7-403b-be5b-70f0763d4a32-GrpcLogAppender: appendEntries Timeout, request=d3f833b2-527d-4ab6-a086-d6ad4a131c32->6151a780-4ba7-403b-be5b-70f0763d4a32#79-t1, previous=(t:1, i:23), leaderCommit=16, initializing? false, entries: <empty>
2019-09-16 16:19:13,322 [java.util.concurrent.ThreadPoolExecutor$Worker@576cfcf[State = -1, empty queue]] WARN  server.GrpcLogAppender (GrpcLogAppender.java:timeoutAppendRequest(200)) - d3f833b2-527d-4ab6-a086-d6ad4a131c32@group-E0A55ED5C792->8f6ed14e-9847-41b2-84b1-f48134b0885d-GrpcLogAppender: appendEntries Timeout, request=d3f833b2-527d-4ab6-a086-d6ad4a131c32->8f6ed14e-9847-41b2-84b1-f48134b0885d#79-t1, previous=(t:1, i:23), leaderCommit=16, initializing? false, entries: <empty>
2019-09-16 16:19:13,816 [EventQueue-PipelineActionsForPipelineActionHandler] ERROR pipeline.PipelineActionHandler (PipelineActionHandler.java:onMessage(60)) - Received pipeline action CLOSE for Pipeline[ Id: cf85cf34-beb7-4b49-9a59-e0a55ed5c792, Nodes: 8f6ed14e-9847-41b2-84b1-f48134b0885d{ip: 192.168.34.47, host: pr-hdds-2111-ptm9r-3382166736, networkLocation: /default-rack, certSerialId: null}6151a780-4ba7-403b-be5b-70f0763d4a32{ip: 192.168.34.47, host: pr-hdds-2111-ptm9r-3382166736, networkLocation: /default-rack, certSerialId: null}d3f833b2-527d-4ab6-a086-d6ad4a131c32{ip: 192.168.34.47, host: pr-hdds-2111-ptm9r-3382166736, networkLocation: /default-rack, certSerialId: null}, Type:RATIS, Factor:THREE, State:CLOSED] from datanode d3f833b2-527d-4ab6-a086-d6ad4a131c32{ip: 192.168.34.47, host: pr-hdds-2111-ptm9r-3382166736, networkLocation: /default-rack, certSerialId: null}. Reason : d3f833b2-527d-4ab6-a086-d6ad4a131c32 has not seen follower/s 6151a780-4ba7-403b-be5b-70f0763d4a32 for 142421ms 8f6ed14e-9847-41b2-84b1-f48134b0885d for 142422ms
2019-09-16 16:19:13,817 [EventQueue-PipelineActionsForPipelineActionHandler] INFO  pipeline.SCMPipelineManager (SCMPipelineManager.java:finalizeAndDestroyPipeline(311)) - destroying pipeline:Pipeline[ Id: cf85cf34-beb7-4b49-9a59-e0a55ed5c792, Nodes: 8f6ed14e-9847-41b2-84b1-f48134b0885d{ip: 192.168.34.47, host: pr-hdds-2111-ptm9r-3382166736, networkLocation: /default-rack, certSerialId: null}6151a780-4ba7-403b-be5b-70f0763d4a32{ip: 192.168.34.47, host: pr-hdds-2111-ptm9r-3382166736, networkLocation: /default-rack, certSerialId: null}d3f833b2-527d-4ab6-a086-d6ad4a131c32{ip: 192.168.34.47, host: pr-hdds-2111-ptm9r-3382166736, networkLocation: /default-rack, certSerialId: null}, Type:RATIS, Factor:THREE, State:CLOSED]
2019-09-16 16:19:15,324 [org.apache.ratis.server.impl.LogAppender$AppenderDaemon$$Lambda$507/334588113@320b8e3c] ERROR ratis.XceiverServerRatis (XceiverServerRatis.java:triggerPipelineClose(568)) - pipeline Action CLOSE  on pipeline PipelineID=cf85cf34-beb7-4b49-9a59-e0a55ed5c792.Reason : d3f833b2-527d-4ab6-a086-d6ad4a131c32 has not seen follower/s 6151a780-4ba7-403b-be5b-70f0763d4a32 for 144923ms 8f6ed14e-9847-41b2-84b1-f48134b0885d for 144923ms
2019-09-16 16:19:15,324 [org.apache.ratis.server.impl.LogAppender$AppenderDaemon$$Lambda$507/334588113@44a27a99] ERROR ratis.XceiverServerRatis (XceiverServerRatis.java:triggerPipelineClose(568)) - pipeline Action CLOSE  on pipeline PipelineID=cf85cf34-beb7-4b49-9a59-e0a55ed5c792.Reason : d3f833b2-527d-4ab6-a086-d6ad4a131c32 has not seen follower/s 6151a780-4ba7-403b-be5b-70f0763d4a32 for 144923ms 8f6ed14e-9847-41b2-84b1-f48134b0885d for 144923ms
2019-09-16 16:19:15,815 [EventQueue-PipelineActionsForPipelineActionHandler] ERROR pipeline.PipelineActionHandler (PipelineActionHandler.java:onMessage(60)) - Received pipeline action CLOSE for Pipeline[ Id: cf85cf34-beb7-4b49-9a59-e0a55ed5c792, Nodes: 8f6ed14e-9847-41b2-84b1-f48134b0885d{ip: 192.168.34.47, host: pr-hdds-2111-ptm9r-3382166736, networkLocation: /default-rack, certSerialId: null}6151a780-4ba7-403b-be5b-70f0763d4a32{ip: 192.168.34.47, host: pr-hdds-2111-ptm9r-3382166736, networkLocation: /default-rack, certSerialId: null}d3f833b2-527d-4ab6-a086-d6ad4a131c32{ip: 192.168.34.47, host: pr-hdds-2111-ptm9r-3382166736, networkLocation: /default-rack, certSerialId: null}, Type:RATIS, Factor:THREE, State:CLOSED] from datanode d3f833b2-527d-4ab6-a086-d6ad4a131c32{ip: 192.168.34.47, host: pr-hdds-2111-ptm9r-3382166736, networkLocation: /default-rack, certSerialId: null}. Reason : d3f833b2-527d-4ab6-a086-d6ad4a131c32 has not seen follower/s 6151a780-4ba7-403b-be5b-70f0763d4a32 for 144923ms 8f6ed14e-9847-41b2-84b1-f48134b0885d for 144923ms
2019-09-16 16:19:15,815 [EventQueue-PipelineActionsForPipelineActionHandler] INFO  pipeline.SCMPipelineManager (SCMPipelineManager.java:finalizeAndDestroyPipeline(311)) - destroying pipeline:Pipeline[ Id: cf85cf34-beb7-4b49-9a59-e0a55ed5c792, Nodes: 8f6ed14e-9847-41b2-84b1-f48134b0885d{ip: 192.168.34.47, host: pr-hdds-2111-ptm9r-3382166736, networkLocation: /default-rack, certSerialId: null}6151a780-4ba7-403b-be5b-70f0763d4a32{ip: 192.168.34.47, host: pr-hdds-2111-ptm9r-3382166736, networkLocation: /default-rack, certSerialId: null}d3f833b2-527d-4ab6-a086-d6ad4a131c32{ip: 192.168.34.47, host: pr-hdds-2111-ptm9r-3382166736, networkLocation: /default-rack, certSerialId: null}, Type:RATIS, Factor:THREE, State:CLOSED]
2019-09-16 16:19:15,823 [java.util.concurrent.ThreadPoolExecutor$Worker@22ff49d0[State = -1, empty queue]] WARN  server.GrpcLogAppender (GrpcLogAppender.java:timeoutAppendRequest(200)) - d3f833b2-527d-4ab6-a086-d6ad4a131c32@group-E0A55ED5C792->6151a780-4ba7-403b-be5b-70f0763d4a32-GrpcLogAppender: appendEntries Timeout, request=d3f833b2-527d-4ab6-a086-d6ad4a131c32->6151a780-4ba7-403b-be5b-70f0763d4a32#80-t1, previous=(t:1, i:23), leaderCommit=16, initializing? false, entries: <empty>
2019-09-16 16:19:15,823 [java.util.concurrent.ThreadPoolExecutor$Worker@576cfcf[State = -1, empty queue]] WARN  server.GrpcLogAppender (GrpcLogAppender.java:timeoutAppendRequest(200)) - d3f833b2-527d-4ab6-a086-d6ad4a131c32@group-E0A55ED5C792->8f6ed14e-9847-41b2-84b1-f48134b0885d-GrpcLogAppender: appendEntries Timeout, request=d3f833b2-527d-4ab6-a086-d6ad4a131c32->8f6ed14e-9847-41b2-84b1-f48134b0885d#80-t1, previous=(t:1, i:23), leaderCommit=16, initializing? false, entries: <empty>
2019-09-16 16:19:16,803 [grpc-default-executor-6] INFO  client.GrpcClientProtocolClient (GrpcClientProtocolClient.java:onNext(264)) - client-2CD27A2BD368->6151a780-4ba7-403b-be5b-70f0763d4a32: receive RaftClientReply:client-2CD27A2BD368->6151a780-4ba7-403b-be5b-70f0763d4a32@group-E0A55ED5C792, cid=54, FAILED org.apache.ratis.protocol.NotLeaderException: Server 6151a780-4ba7-403b-be5b-70f0763d4a32@group-E0A55ED5C792 is not the leader d3f833b2-527d-4ab6-a086-d6ad4a131c32:192.168.34.47:36523, logIndex=0, commits[6151a780-4ba7-403b-be5b-70f0763d4a32:c16, d3f833b2-527d-4ab6-a086-d6ad4a131c32:c16, 8f6ed14e-9847-41b2-84b1-f48134b0885d:c14]
2019-09-16 16:19:17,824 [org.apache.ratis.server.impl.LogAppender$AppenderDaemon$$Lambda$507/334588113@320b8e3c] ERROR ratis.XceiverServerRatis (XceiverServerRatis.java:triggerPipelineClose(568)) - pipeline Action CLOSE  on pipeline PipelineID=cf85cf34-beb7-4b49-9a59-e0a55ed5c792.Reason : d3f833b2-527d-4ab6-a086-d6ad4a131c32 has not seen follower/s 6151a780-4ba7-403b-be5b-70f0763d4a32 for 147423ms 8f6ed14e-9847-41b2-84b1-f48134b0885d for 147423ms
2019-09-16 16:19:17,824 [org.apache.ratis.server.impl.LogAppender$AppenderDaemon$$Lambda$507/334588113@44a27a99] ERROR ratis.XceiverServerRatis (XceiverServerRatis.java:triggerPipelineClose(568)) - pipeline Action CLOSE  on pipeline PipelineID=cf85cf34-beb7-4b49-9a59-e0a55ed5c792.Reason : d3f833b2-527d-4ab6-a086-d6ad4a131c32 has not seen follower/s 6151a780-4ba7-403b-be5b-70f0763d4a32 for 147423ms 8f6ed14e-9847-41b2-84b1-f48134b0885d for 147424ms
2019-09-16 16:19:18,324 [java.util.concurrent.ThreadPoolExecutor$Worker@576cfcf[State = -1, empty queue]] WARN  server.GrpcLogAppender (GrpcLogAppender.java:timeoutAppendRequest(200)) - d3f833b2-527d-4ab6-a086-d6ad4a131c32@group-E0A55ED5C792->8f6ed14e-9847-41b2-84b1-f48134b0885d-GrpcLogAppender: appendEntries Timeout, request=d3f833b2-527d-4ab6-a086-d6ad4a131c32->8f6ed14e-9847-41b2-84b1-f48134b0885d#81-t1, previous=(t:1, i:23), leaderCommit=16, initializing? false, entries: <empty>
2019-09-16 16:19:18,324 [java.util.concurrent.ThreadPoolExecutor$Worker@22ff49d0[State = -1, empty queue]] WARN  server.GrpcLogAppender (GrpcLogAppender.java:timeoutAppendRequest(200)) - d3f833b2-527d-4ab6-a086-d6ad4a131c32@group-E0A55ED5C792->6151a780-4ba7-403b-be5b-70f0763d4a32-GrpcLogAppender: appendEntries Timeout, request=d3f833b2-527d-4ab6-a086-d6ad4a131c32->6151a780-4ba7-403b-be5b-70f0763d4a32#81-t1, previous=(t:1, i:23), leaderCommit=16, initializing? false, entries: <empty>
2019-09-16 16:19:18,817 [EventQueue-PipelineActionsForPipelineActionHandler] ERROR pipeline.PipelineActionHandler (PipelineActionHandler.java:onMessage(60)) - Received pipeline action CLOSE for Pipeline[ Id: cf85cf34-beb7-4b49-9a59-e0a55ed5c792, Nodes: 8f6ed14e-9847-41b2-84b1-f48134b0885d{ip: 192.168.34.47, host: pr-hdds-2111-ptm9r-3382166736, networkLocation: /default-rack, certSerialId: null}6151a780-4ba7-403b-be5b-70f0763d4a32{ip: 192.168.34.47, host: pr-hdds-2111-ptm9r-3382166736, networkLocation: /default-rack, certSerialId: null}d3f833b2-527d-4ab6-a086-d6ad4a131c32{ip: 192.168.34.47, host: pr-hdds-2111-ptm9r-3382166736, networkLocation: /default-rack, certSerialId: null}, Type:RATIS, Factor:THREE, State:CLOSED] from datanode d3f833b2-527d-4ab6-a086-d6ad4a131c32{ip: 192.168.34.47, host: pr-hdds-2111-ptm9r-3382166736, networkLocation: /default-rack, certSerialId: null}. Reason : d3f833b2-527d-4ab6-a086-d6ad4a131c32 has not seen follower/s 6151a780-4ba7-403b-be5b-70f0763d4a32 for 147423ms 8f6ed14e-9847-41b2-84b1-f48134b0885d for 147423ms
2019-09-16 16:19:18,818 [EventQueue-PipelineActionsForPipelineActionHandler] INFO  pipeline.SCMPipelineManager (SCMPipelineManager.java:finalizeAndDestroyPipeline(311)) - destroying pipeline:Pipeline[ Id: cf85cf34-beb7-4b49-9a59-e0a55ed5c792, Nodes: 8f6ed14e-9847-41b2-84b1-f48134b0885d{ip: 192.168.34.47, host: pr-hdds-2111-ptm9r-3382166736, networkLocation: /default-rack, certSerialId: null}6151a780-4ba7-403b-be5b-70f0763d4a32{ip: 192.168.34.47, host: pr-hdds-2111-ptm9r-3382166736, networkLocation: /default-rack, certSerialId: null}d3f833b2-527d-4ab6-a086-d6ad4a131c32{ip: 192.168.34.47, host: pr-hdds-2111-ptm9r-3382166736, networkLocation: /default-rack, certSerialId: null}, Type:RATIS, Factor:THREE, State:CLOSED]
2019-09-16 16:19:20,325 [org.apache.ratis.server.impl.LogAppender$AppenderDaemon$$Lambda$507/334588113@44a27a99] ERROR ratis.XceiverServerRatis (XceiverServerRatis.java:triggerPipelineClose(568)) - pipeline Action CLOSE  on pipeline PipelineID=cf85cf34-beb7-4b49-9a59-e0a55ed5c792.Reason : d3f833b2-527d-4ab6-a086-d6ad4a131c32 has not seen follower/s 6151a780-4ba7-403b-be5b-70f0763d4a32 for 149924ms 8f6ed14e-9847-41b2-84b1-f48134b0885d for 149924ms
2019-09-16 16:19:20,325 [org.apache.ratis.server.impl.LogAppender$AppenderDaemon$$Lambda$507/334588113@320b8e3c] ERROR ratis.XceiverServerRatis (XceiverServerRatis.java:triggerPipelineClose(568)) - pipeline Action CLOSE  on pipeline PipelineID=cf85cf34-beb7-4b49-9a59-e0a55ed5c792.Reason : d3f833b2-527d-4ab6-a086-d6ad4a131c32 has not seen follower/s 6151a780-4ba7-403b-be5b-70f0763d4a32 for 149924ms 8f6ed14e-9847-41b2-84b1-f48134b0885d for 149924ms
2019-09-16 16:19:20,594 [d3f833b2-527d-4ab6-a086-d6ad4a131c32@group-E0A55ED5C792-SegmentedRaftLogWorker] WARN  segmented.SegmentedRaftLogWorker (SegmentedRaftLogWorker.java:getFromFuture(90)) - Timeout 14/~
org.apache.ratis.protocol.TimeoutIOException: Timeout 10s: WriteLog:17: (t:1, i:17), STATEMACHINELOGENTRY, client-2CD27A2BD368, cid=54-writeStateMachineData
	at org.apache.ratis.util.IOUtils.getFromFuture(IOUtils.java:87)
	at org.apache.ratis.server.raftlog.segmented.SegmentedRaftLogWorker$StateMachineDataPolicy.getFromFuture(SegmentedRaftLogWorker.java:87)
	at org.apache.ratis.server.raftlog.segmented.SegmentedRaftLogWorker$WriteLog.execute(SegmentedRaftLogWorker.java:477)
	at org.apache.ratis.server.raftlog.segmented.SegmentedRaftLogWorker.run(SegmentedRaftLogWorker.java:289)
	at java.lang.Thread.run(Thread.java:748)
Caused by: java.util.concurrent.TimeoutException
	at java.util.concurrent.CompletableFuture.timedGet(CompletableFuture.java:1771)
	at java.util.concurrent.CompletableFuture.get(CompletableFuture.java:1915)
	at org.apache.ratis.util.IOUtils.getFromFuture(IOUtils.java:79)
	... 4 more
2019-09-16 16:19:20,614 [8f6ed14e-9847-41b2-84b1-f48134b0885d@group-E0A55ED5C792-SegmentedRaftLogWorker] WARN  segmented.SegmentedRaftLogWorker (SegmentedRaftLogWorker.java:getFromFuture(90)) - Timeout 14/~
org.apache.ratis.protocol.TimeoutIOException: Timeout 10s: WriteLog:17: (t:1, i:17), STATEMACHINELOGENTRY, client-2CD27A2BD368, cid=54-writeStateMachineData
	at org.apache.ratis.util.IOUtils.getFromFuture(IOUtils.java:87)
	at org.apache.ratis.server.raftlog.segmented.SegmentedRaftLogWorker$StateMachineDataPolicy.getFromFuture(SegmentedRaftLogWorker.java:87)
	at org.apache.ratis.server.raftlog.segmented.SegmentedRaftLogWorker$WriteLog.execute(SegmentedRaftLogWorker.java:477)
	at org.apache.ratis.server.raftlog.segmented.SegmentedRaftLogWorker.run(SegmentedRaftLogWorker.java:289)
	at java.lang.Thread.run(Thread.java:748)
Caused by: java.util.concurrent.TimeoutException
	at java.util.concurrent.CompletableFuture.timedGet(CompletableFuture.java:1771)
	at java.util.concurrent.CompletableFuture.get(CompletableFuture.java:1915)
	at org.apache.ratis.util.IOUtils.getFromFuture(IOUtils.java:79)
	... 4 more
2019-09-16 16:19:20,743 [6151a780-4ba7-403b-be5b-70f0763d4a32@group-E0A55ED5C792-SegmentedRaftLogWorker] WARN  segmented.SegmentedRaftLogWorker (SegmentedRaftLogWorker.java:getFromFuture(90)) - Timeout 14/~
org.apache.ratis.protocol.TimeoutIOException: Timeout 10s: WriteLog:17: (t:1, i:17), STATEMACHINELOGENTRY, client-2CD27A2BD368, cid=54-writeStateMachineData
	at org.apache.ratis.util.IOUtils.getFromFuture(IOUtils.java:87)
	at org.apache.ratis.server.raftlog.segmented.SegmentedRaftLogWorker$StateMachineDataPolicy.getFromFuture(SegmentedRaftLogWorker.java:87)
	at org.apache.ratis.server.raftlog.segmented.SegmentedRaftLogWorker$WriteLog.execute(SegmentedRaftLogWorker.java:477)
	at org.apache.ratis.server.raftlog.segmented.SegmentedRaftLogWorker.run(SegmentedRaftLogWorker.java:289)
	at java.lang.Thread.run(Thread.java:748)
Caused by: java.util.concurrent.TimeoutException
	at java.util.concurrent.CompletableFuture.timedGet(CompletableFuture.java:1771)
	at java.util.concurrent.CompletableFuture.get(CompletableFuture.java:1915)
	at org.apache.ratis.util.IOUtils.getFromFuture(IOUtils.java:79)
	... 4 more
2019-09-16 16:19:20,822 [EventQueue-PipelineActionsForPipelineActionHandler] ERROR pipeline.PipelineActionHandler (PipelineActionHandler.java:onMessage(60)) - Received pipeline action CLOSE for Pipeline[ Id: cf85cf34-beb7-4b49-9a59-e0a55ed5c792, Nodes: 8f6ed14e-9847-41b2-84b1-f48134b0885d{ip: 192.168.34.47, host: pr-hdds-2111-ptm9r-3382166736, networkLocation: /default-rack, certSerialId: null}6151a780-4ba7-403b-be5b-70f0763d4a32{ip: 192.168.34.47, host: pr-hdds-2111-ptm9r-3382166736, networkLocation: /default-rack, certSerialId: null}d3f833b2-527d-4ab6-a086-d6ad4a131c32{ip: 192.168.34.47, host: pr-hdds-2111-ptm9r-3382166736, networkLocation: /default-rack, certSerialId: null}, Type:RATIS, Factor:THREE, State:CLOSED] from datanode d3f833b2-527d-4ab6-a086-d6ad4a131c32{ip: 192.168.34.47, host: pr-hdds-2111-ptm9r-3382166736, networkLocation: /default-rack, certSerialId: null}. Reason : d3f833b2-527d-4ab6-a086-d6ad4a131c32 has not seen follower/s 6151a780-4ba7-403b-be5b-70f0763d4a32 for 149924ms 8f6ed14e-9847-41b2-84b1-f48134b0885d for 149924ms
2019-09-16 16:19:20,822 [EventQueue-PipelineActionsForPipelineActionHandler] INFO  pipeline.SCMPipelineManager (SCMPipelineManager.java:finalizeAndDestroyPipeline(311)) - destroying pipeline:Pipeline[ Id: cf85cf34-beb7-4b49-9a59-e0a55ed5c792, Nodes: 8f6ed14e-9847-41b2-84b1-f48134b0885d{ip: 192.168.34.47, host: pr-hdds-2111-ptm9r-3382166736, networkLocation: /default-rack, certSerialId: null}6151a780-4ba7-403b-be5b-70f0763d4a32{ip: 192.168.34.47, host: pr-hdds-2111-ptm9r-3382166736, networkLocation: /default-rack, certSerialId: null}d3f833b2-527d-4ab6-a086-d6ad4a131c32{ip: 192.168.34.47, host: pr-hdds-2111-ptm9r-3382166736, networkLocation: /default-rack, certSerialId: null}, Type:RATIS, Factor:THREE, State:CLOSED]
2019-09-16 16:19:20,824 [java.util.concurrent.ThreadPoolExecutor$Worker@22ff49d0[State = -1, empty queue]] WARN  server.GrpcLogAppender (GrpcLogAppender.java:timeoutAppendRequest(200)) - d3f833b2-527d-4ab6-a086-d6ad4a131c32@group-E0A55ED5C792->6151a780-4ba7-403b-be5b-70f0763d4a32-GrpcLogAppender: appendEntries Timeout, request=d3f833b2-527d-4ab6-a086-d6ad4a131c32->6151a780-4ba7-403b-be5b-70f0763d4a32#82-t1, previous=(t:1, i:23), leaderCommit=16, initializing? false, entries: <empty>
2019-09-16 16:19:20,825 [java.util.concurrent.ThreadPoolExecutor$Worker@576cfcf[State = -1, empty queue]] WARN  server.GrpcLogAppender (GrpcLogAppender.java:timeoutAppendRequest(200)) - d3f833b2-527d-4ab6-a086-d6ad4a131c32@group-E0A55ED5C792->8f6ed14e-9847-41b2-84b1-f48134b0885d-GrpcLogAppender: appendEntries Timeout, request=d3f833b2-527d-4ab6-a086-d6ad4a131c32->8f6ed14e-9847-41b2-84b1-f48134b0885d#82-t1, previous=(t:1, i:23), leaderCommit=16, initializing? false, entries: <empty>
2019-09-16 16:19:21,030 [grpc-default-executor-1] INFO  impl.RaftServerProxy (RaftServerProxy.java:addNew(89)) - 6151a780-4ba7-403b-be5b-70f0763d4a32: addNew group-629852681621:[6151a780-4ba7-403b-be5b-70f0763d4a32:192.168.34.47:39283, d3f833b2-527d-4ab6-a086-d6ad4a131c32:192.168.34.47:36523, 8f6ed14e-9847-41b2-84b1-f48134b0885d:192.168.34.47:40491] returns group-629852681621:java.util.concurrent.CompletableFuture@36399d3a[Not completed]
2019-09-16 16:19:21,030 [grpc-default-executor-5] INFO  impl.RaftServerProxy (RaftServerProxy.java:addNew(89)) - 8f6ed14e-9847-41b2-84b1-f48134b0885d: addNew group-629852681621:[6151a780-4ba7-403b-be5b-70f0763d4a32:192.168.34.47:39283, d3f833b2-527d-4ab6-a086-d6ad4a131c32:192.168.34.47:36523, 8f6ed14e-9847-41b2-84b1-f48134b0885d:192.168.34.47:40491] returns group-629852681621:java.util.concurrent.CompletableFuture@1619d357[Not completed]
2019-09-16 16:19:21,030 [grpc-default-executor-6] INFO  impl.RaftServerProxy (RaftServerProxy.java:addNew(89)) - d3f833b2-527d-4ab6-a086-d6ad4a131c32: addNew group-629852681621:[6151a780-4ba7-403b-be5b-70f0763d4a32:192.168.34.47:39283, d3f833b2-527d-4ab6-a086-d6ad4a131c32:192.168.34.47:36523, 8f6ed14e-9847-41b2-84b1-f48134b0885d:192.168.34.47:40491] returns group-629852681621:java.util.concurrent.CompletableFuture@3e01fe82[Not completed]
2019-09-16 16:19:21,032 [pool-47-thread-1] INFO  impl.RaftServerImpl (RaftServerImpl.java:<init>(95)) - d3f833b2-527d-4ab6-a086-d6ad4a131c32: new RaftServerImpl for group-629852681621:[6151a780-4ba7-403b-be5b-70f0763d4a32:192.168.34.47:39283, d3f833b2-527d-4ab6-a086-d6ad4a131c32:192.168.34.47:36523, 8f6ed14e-9847-41b2-84b1-f48134b0885d:192.168.34.47:40491] with ContainerStateMachine:uninitialized
2019-09-16 16:19:21,032 [pool-47-thread-1] INFO  server.RaftServerConfigKeys (ConfUtils.java:logGet(43)) - raft.server.rpc.timeout.min = 5s (custom)
2019-09-16 16:19:21,032 [pool-47-thread-1] INFO  server.RaftServerConfigKeys (ConfUtils.java:logGet(43)) - raft.server.rpc.timeout.max = 5200ms (custom)
2019-09-16 16:19:21,032 [pool-47-thread-1] INFO  server.RaftServerConfigKeys (ConfUtils.java:logGet(43)) - raft.server.rpcslowness.timeout = 120s (custom)
2019-09-16 16:19:21,033 [pool-87-thread-1] INFO  impl.RaftServerImpl (RaftServerImpl.java:<init>(95)) - 8f6ed14e-9847-41b2-84b1-f48134b0885d: new RaftServerImpl for group-629852681621:[6151a780-4ba7-403b-be5b-70f0763d4a32:192.168.34.47:39283, d3f833b2-527d-4ab6-a086-d6ad4a131c32:192.168.34.47:36523, 8f6ed14e-9847-41b2-84b1-f48134b0885d:192.168.34.47:40491] with ContainerStateMachine:uninitialized
2019-09-16 16:19:21,033 [pool-47-thread-1] INFO  server.RaftServerConfigKeys (ConfUtils.java:logGet(43)) - raft.server.sleep.deviation.threshold = 300 (default)
2019-09-16 16:19:21,033 [pool-87-thread-1] INFO  server.RaftServerConfigKeys (ConfUtils.java:logGet(43)) - raft.server.rpc.timeout.min = 5s (custom)
2019-09-16 16:19:21,033 [pool-47-thread-1] INFO  server.RaftServerConfigKeys (ConfUtils.java:logGet(43)) - raft.server.log.appender.install.snapshot.enabled = false (custom)
2019-09-16 16:19:21,033 [pool-87-thread-1] INFO  server.RaftServerConfigKeys (ConfUtils.java:logGet(43)) - raft.server.rpc.timeout.max = 5200ms (custom)
2019-09-16 16:19:21,033 [pool-47-thread-1] INFO  impl.RaftServerImpl (ServerState.java:<init>(103)) - d3f833b2-527d-4ab6-a086-d6ad4a131c32@group-629852681621: ConfigurationManager, init=-1: [6151a780-4ba7-403b-be5b-70f0763d4a32:192.168.34.47:39283, d3f833b2-527d-4ab6-a086-d6ad4a131c32:192.168.34.47:36523, 8f6ed14e-9847-41b2-84b1-f48134b0885d:192.168.34.47:40491], old=null, confs=<EMPTY_MAP>
2019-09-16 16:19:21,033 [pool-57-thread-1] INFO  impl.RaftServerImpl (RaftServerImpl.java:<init>(95)) - 6151a780-4ba7-403b-be5b-70f0763d4a32: new RaftServerImpl for group-629852681621:[6151a780-4ba7-403b-be5b-70f0763d4a32:192.168.34.47:39283, d3f833b2-527d-4ab6-a086-d6ad4a131c32:192.168.34.47:36523, 8f6ed14e-9847-41b2-84b1-f48134b0885d:192.168.34.47:40491] with ContainerStateMachine:uninitialized
2019-09-16 16:19:21,033 [pool-87-thread-1] INFO  server.RaftServerConfigKeys (ConfUtils.java:logGet(43)) - raft.server.rpcslowness.timeout = 120s (custom)
2019-09-16 16:19:21,034 [pool-57-thread-1] INFO  server.RaftServerConfigKeys (ConfUtils.java:logGet(43)) - raft.server.rpc.timeout.min = 5s (custom)
2019-09-16 16:19:21,034 [pool-47-thread-1] INFO  server.RaftServerConfigKeys (ConfUtils.java:logGet(43)) - raft.server.storage.dir = [/workdir/hadoop-ozone/integration-test/target/test-dir/MiniOzoneClusterImpl-cc742799-bdee-42f8-b2e8-35af38dfad60/datanode-2/data/ratis] (custom)
2019-09-16 16:19:21,034 [pool-87-thread-1] INFO  server.RaftServerConfigKeys (ConfUtils.java:logGet(43)) - raft.server.sleep.deviation.threshold = 300 (default)
2019-09-16 16:19:21,034 [pool-57-thread-1] INFO  server.RaftServerConfigKeys (ConfUtils.java:logGet(43)) - raft.server.rpc.timeout.max = 5200ms (custom)
2019-09-16 16:19:21,034 [pool-87-thread-1] INFO  server.RaftServerConfigKeys (ConfUtils.java:logGet(43)) - raft.server.log.appender.install.snapshot.enabled = false (custom)
2019-09-16 16:19:21,035 [pool-47-thread-1] INFO  storage.RaftStorageDirectory (RaftStorageDirectory.java:analyzeStorage(246)) - The storage directory /workdir/hadoop-ozone/integration-test/target/test-dir/MiniOzoneClusterImpl-cc742799-bdee-42f8-b2e8-35af38dfad60/datanode-2/data/ratis/98494f9c-2ec0-4aed-b0de-629852681621 does not exist. Creating ...
2019-09-16 16:19:21,034 [pool-57-thread-1] INFO  server.RaftServerConfigKeys (ConfUtils.java:logGet(43)) - raft.server.rpcslowness.timeout = 120s (custom)
2019-09-16 16:19:21,035 [pool-87-thread-1] INFO  impl.RaftServerImpl (ServerState.java:<init>(103)) - 8f6ed14e-9847-41b2-84b1-f48134b0885d@group-629852681621: ConfigurationManager, init=-1: [6151a780-4ba7-403b-be5b-70f0763d4a32:192.168.34.47:39283, d3f833b2-527d-4ab6-a086-d6ad4a131c32:192.168.34.47:36523, 8f6ed14e-9847-41b2-84b1-f48134b0885d:192.168.34.47:40491], old=null, confs=<EMPTY_MAP>
2019-09-16 16:19:21,035 [pool-57-thread-1] INFO  server.RaftServerConfigKeys (ConfUtils.java:logGet(43)) - raft.server.sleep.deviation.threshold = 300 (default)
2019-09-16 16:19:21,035 [pool-87-thread-1] INFO  server.RaftServerConfigKeys (ConfUtils.java:logGet(43)) - raft.server.storage.dir = [/workdir/hadoop-ozone/integration-test/target/test-dir/MiniOzoneClusterImpl-cc742799-bdee-42f8-b2e8-35af38dfad60/datanode-6/data/ratis] (custom)
2019-09-16 16:19:21,035 [pool-57-thread-1] INFO  server.RaftServerConfigKeys (ConfUtils.java:logGet(43)) - raft.server.log.appender.install.snapshot.enabled = false (custom)
2019-09-16 16:19:21,036 [pool-57-thread-1] INFO  impl.RaftServerImpl (ServerState.java:<init>(103)) - 6151a780-4ba7-403b-be5b-70f0763d4a32@group-629852681621: ConfigurationManager, init=-1: [6151a780-4ba7-403b-be5b-70f0763d4a32:192.168.34.47:39283, d3f833b2-527d-4ab6-a086-d6ad4a131c32:192.168.34.47:36523, 8f6ed14e-9847-41b2-84b1-f48134b0885d:192.168.34.47:40491], old=null, confs=<EMPTY_MAP>
2019-09-16 16:19:21,036 [pool-87-thread-1] INFO  storage.RaftStorageDirectory (RaftStorageDirectory.java:analyzeStorage(246)) - The storage directory /workdir/hadoop-ozone/integration-test/target/test-dir/MiniOzoneClusterImpl-cc742799-bdee-42f8-b2e8-35af38dfad60/datanode-6/data/ratis/98494f9c-2ec0-4aed-b0de-629852681621 does not exist. Creating ...
2019-09-16 16:19:21,036 [pool-57-thread-1] INFO  server.RaftServerConfigKeys (ConfUtils.java:logGet(43)) - raft.server.storage.dir = [/workdir/hadoop-ozone/integration-test/target/test-dir/MiniOzoneClusterImpl-cc742799-bdee-42f8-b2e8-35af38dfad60/datanode-3/data/ratis] (custom)
2019-09-16 16:19:21,036 [pool-57-thread-1] INFO  storage.RaftStorageDirectory (RaftStorageDirectory.java:analyzeStorage(246)) - The storage directory /workdir/hadoop-ozone/integration-test/target/test-dir/MiniOzoneClusterImpl-cc742799-bdee-42f8-b2e8-35af38dfad60/datanode-3/data/ratis/98494f9c-2ec0-4aed-b0de-629852681621 does not exist. Creating ...
2019-09-16 16:19:21,048 [pool-47-thread-1] INFO  storage.RaftStorageDirectory (RaftStorageDirectory.java:tryLock(328)) - Lock on /workdir/hadoop-ozone/integration-test/target/test-dir/MiniOzoneClusterImpl-cc742799-bdee-42f8-b2e8-35af38dfad60/datanode-2/data/ratis/98494f9c-2ec0-4aed-b0de-629852681621/in_use.lock acquired by nodename 10120@pr-hdds-2111-ptm9r-3382166736
2019-09-16 16:19:21,048 [pool-87-thread-1] INFO  storage.RaftStorageDirectory (RaftStorageDirectory.java:tryLock(328)) - Lock on /workdir/hadoop-ozone/integration-test/target/test-dir/MiniOzoneClusterImpl-cc742799-bdee-42f8-b2e8-35af38dfad60/datanode-6/data/ratis/98494f9c-2ec0-4aed-b0de-629852681621/in_use.lock acquired by nodename 10120@pr-hdds-2111-ptm9r-3382166736
2019-09-16 16:19:21,048 [pool-57-thread-1] INFO  storage.RaftStorageDirectory (RaftStorageDirectory.java:tryLock(328)) - Lock on /workdir/hadoop-ozone/integration-test/target/test-dir/MiniOzoneClusterImpl-cc742799-bdee-42f8-b2e8-35af38dfad60/datanode-3/data/ratis/98494f9c-2ec0-4aed-b0de-629852681621/in_use.lock acquired by nodename 10120@pr-hdds-2111-ptm9r-3382166736
2019-09-16 16:19:21,061 [pool-47-thread-1] INFO  storage.RaftStorage (RaftStorage.java:format(72)) - Storage directory /workdir/hadoop-ozone/integration-test/target/test-dir/MiniOzoneClusterImpl-cc742799-bdee-42f8-b2e8-35af38dfad60/datanode-2/data/ratis/98494f9c-2ec0-4aed-b0de-629852681621 has been successfully formatted.
2019-09-16 16:19:21,061 [pool-57-thread-1] INFO  storage.RaftStorage (RaftStorage.java:format(72)) - Storage directory /workdir/hadoop-ozone/integration-test/target/test-dir/MiniOzoneClusterImpl-cc742799-bdee-42f8-b2e8-35af38dfad60/datanode-3/data/ratis/98494f9c-2ec0-4aed-b0de-629852681621 has been successfully formatted.
2019-09-16 16:19:21,061 [pool-87-thread-1] INFO  storage.RaftStorage (RaftStorage.java:format(72)) - Storage directory /workdir/hadoop-ozone/integration-test/target/test-dir/MiniOzoneClusterImpl-cc742799-bdee-42f8-b2e8-35af38dfad60/datanode-6/data/ratis/98494f9c-2ec0-4aed-b0de-629852681621 has been successfully formatted.
2019-09-16 16:19:21,062 [pool-57-thread-1] INFO  ratis.ContainerStateMachine (ContainerStateMachine.java:loadSnapshot(230)) - group-629852681621: The snapshot info is null. Setting the last applied indexto:(t:0, i:~)
2019-09-16 16:19:21,062 [pool-47-thread-1] INFO  ratis.ContainerStateMachine (ContainerStateMachine.java:loadSnapshot(230)) - group-629852681621: The snapshot info is null. Setting the last applied indexto:(t:0, i:~)
2019-09-16 16:19:21,062 [pool-57-thread-1] INFO  server.RaftServerConfigKeys (ConfUtils.java:logGet(43)) - raft.server.notification.no-leader.timeout = 120s (custom)
2019-09-16 16:19:21,062 [pool-87-thread-1] INFO  ratis.ContainerStateMachine (ContainerStateMachine.java:loadSnapshot(230)) - group-629852681621: The snapshot info is null. Setting the last applied indexto:(t:0, i:~)
2019-09-16 16:19:21,062 [pool-57-thread-1] INFO  server.RaftServerConfigKeys (ConfUtils.java:logGet(43)) - raft.server.log.use.memory = false (default)
2019-09-16 16:19:21,062 [pool-47-thread-1] INFO  server.RaftServerConfigKeys (ConfUtils.java:logGet(43)) - raft.server.notification.no-leader.timeout = 120s (custom)
2019-09-16 16:19:21,062 [pool-57-thread-1] INFO  server.RaftServerConfigKeys (ConfUtils.java:logGet(43)) - raft.server.log.purge.gap = 1000000 (custom)
2019-09-16 16:19:21,062 [pool-87-thread-1] INFO  server.RaftServerConfigKeys (ConfUtils.java:logGet(43)) - raft.server.notification.no-leader.timeout = 120s (custom)
2019-09-16 16:19:21,062 [pool-57-thread-1] INFO  server.RaftServerConfigKeys (ConfUtils.java:logGet(43)) - raft.server.log.appender.buffer.byte-limit = 33554432 (custom)
2019-09-16 16:19:21,062 [pool-47-thread-1] INFO  server.RaftServerConfigKeys (ConfUtils.java:logGet(43)) - raft.server.log.use.memory = false (default)
2019-09-16 16:19:21,063 [pool-57-thread-1] INFO  server.RaftServerConfigKeys (ConfUtils.java:logGet(43)) - raft.server.log.segment.size.max = 1048576 (custom)
2019-09-16 16:19:21,062 [pool-87-thread-1] INFO  server.RaftServerConfigKeys (ConfUtils.java:logGet(43)) - raft.server.log.use.memory = false (default)
2019-09-16 16:19:21,063 [pool-57-thread-1] INFO  server.RaftServerConfigKeys (ConfUtils.java:logGet(43)) - raft.server.log.segment.cache.num.max = 2 (custom)
2019-09-16 16:19:21,063 [pool-47-thread-1] INFO  server.RaftServerConfigKeys (ConfUtils.java:logGet(43)) - raft.server.log.purge.gap = 1000000 (custom)
2019-09-16 16:19:21,063 [pool-57-thread-1] INFO  segmented.SegmentedRaftLogWorker (SegmentedRaftLogWorker.java:<init>(172)) - new 6151a780-4ba7-403b-be5b-70f0763d4a32@group-629852681621-SegmentedRaftLogWorker for RaftStorage:Storage Directory /workdir/hadoop-ozone/integration-test/target/test-dir/MiniOzoneClusterImpl-cc742799-bdee-42f8-b2e8-35af38dfad60/datanode-3/data/ratis/98494f9c-2ec0-4aed-b0de-629852681621
2019-09-16 16:19:21,063 [pool-87-thread-1] INFO  server.RaftServerConfigKeys (ConfUtils.java:logGet(43)) - raft.server.log.purge.gap = 1000000 (custom)
2019-09-16 16:19:21,063 [pool-57-thread-1] INFO  server.RaftServerConfigKeys (ConfUtils.java:logGet(43)) - raft.server.log.queue.byte-limit = 2147483647 (custom)
2019-09-16 16:19:21,063 [pool-47-thread-1] INFO  server.RaftServerConfigKeys (ConfUtils.java:logGet(43)) - raft.server.log.appender.buffer.byte-limit = 33554432 (custom)
2019-09-16 16:19:21,063 [pool-57-thread-1] INFO  server.RaftServerConfigKeys (ConfUtils.java:logGet(43)) - raft.server.log.queue.element-limit = 1024 (custom)
2019-09-16 16:19:21,063 [pool-87-thread-1] INFO  server.RaftServerConfigKeys (ConfUtils.java:logGet(43)) - raft.server.log.appender.buffer.byte-limit = 33554432 (custom)
2019-09-16 16:19:21,064 [pool-57-thread-1] INFO  server.RaftServerConfigKeys (ConfUtils.java:logGet(43)) - raft.server.log.segment.size.max = 1048576 (custom)
2019-09-16 16:19:21,064 [pool-57-thread-1] INFO  server.RaftServerConfigKeys (ConfUtils.java:logGet(43)) - raft.server.log.preallocated.size = 16384 (custom)
2019-09-16 16:19:21,063 [pool-47-thread-1] INFO  server.RaftServerConfigKeys (ConfUtils.java:logGet(43)) - raft.server.log.segment.size.max = 1048576 (custom)
2019-09-16 16:19:21,064 [pool-57-thread-1] INFO  server.RaftServerConfigKeys (ConfUtils.java:logGet(43)) - raft.server.log.write.buffer.size = 33554432 (custom)
2019-09-16 16:19:21,064 [pool-87-thread-1] INFO  server.RaftServerConfigKeys (ConfUtils.java:logGet(43)) - raft.server.log.segment.size.max = 1048576 (custom)
2019-09-16 16:19:21,064 [pool-57-thread-1] INFO  server.RaftServerConfigKeys (ConfUtils.java:logGet(43)) - raft.server.log.force.sync.num = 128 (default)
2019-09-16 16:19:21,064 [pool-47-thread-1] INFO  server.RaftServerConfigKeys (ConfUtils.java:logGet(43)) - raft.server.log.segment.cache.num.max = 2 (custom)
2019-09-16 16:19:21,064 [pool-57-thread-1] INFO  server.RaftServerConfigKeys (ConfUtils.java:logGet(43)) - raft.server.log.statemachine.data.sync = true (default)
2019-09-16 16:19:21,064 [pool-87-thread-1] INFO  server.RaftServerConfigKeys (ConfUtils.java:logGet(43)) - raft.server.log.segment.cache.num.max = 2 (custom)
2019-09-16 16:19:21,064 [pool-57-thread-1] INFO  server.RaftServerConfigKeys (ConfUtils.java:logGet(43)) - raft.server.log.statemachine.data.sync.timeout = 10s (default)
2019-09-16 16:19:21,064 [pool-47-thread-1] INFO  segmented.SegmentedRaftLogWorker (SegmentedRaftLogWorker.java:<init>(172)) - new d3f833b2-527d-4ab6-a086-d6ad4a131c32@group-629852681621-SegmentedRaftLogWorker for RaftStorage:Storage Directory /workdir/hadoop-ozone/integration-test/target/test-dir/MiniOzoneClusterImpl-cc742799-bdee-42f8-b2e8-35af38dfad60/datanode-2/data/ratis/98494f9c-2ec0-4aed-b0de-629852681621
2019-09-16 16:19:21,065 [pool-57-thread-1] INFO  server.RaftServerConfigKeys (ConfUtils.java:logGet(43)) - raft.server.log.statemachine.data.sync.timeout.retry = -1 (default)
2019-09-16 16:19:21,065 [pool-87-thread-1] INFO  segmented.SegmentedRaftLogWorker (SegmentedRaftLogWorker.java:<init>(172)) - new 8f6ed14e-9847-41b2-84b1-f48134b0885d@group-629852681621-SegmentedRaftLogWorker for RaftStorage:Storage Directory /workdir/hadoop-ozone/integration-test/target/test-dir/MiniOzoneClusterImpl-cc742799-bdee-42f8-b2e8-35af38dfad60/datanode-6/data/ratis/98494f9c-2ec0-4aed-b0de-629852681621
2019-09-16 16:19:21,065 [pool-57-thread-1] INFO  server.RaftServerConfigKeys (ConfUtils.java:logGet(43)) - raft.server.log.statemachine.data.caching.enabled = true (custom)
2019-09-16 16:19:21,065 [pool-47-thread-1] INFO  server.RaftServerConfigKeys (ConfUtils.java:logGet(43)) - raft.server.log.queue.byte-limit = 2147483647 (custom)
2019-09-16 16:19:21,065 [pool-87-thread-1] INFO  server.RaftServerConfigKeys (ConfUtils.java:logGet(43)) - raft.server.log.queue.byte-limit = 2147483647 (custom)
2019-09-16 16:19:21,065 [pool-57-thread-1] INFO  segmented.SegmentedRaftLogWorker (SegmentedRaftLogWorker.java:lambda$new$0(132)) - 6151a780-4ba7-403b-be5b-70f0763d4a32@group-629852681621-SegmentedRaftLogWorker: flushIndex: setUnconditionally 0 -> -1
2019-09-16 16:19:21,065 [pool-47-thread-1] INFO  server.RaftServerConfigKeys (ConfUtils.java:logGet(43)) - raft.server.log.queue.element-limit = 1024 (custom)
2019-09-16 16:19:21,065 [pool-87-thread-1] INFO  server.RaftServerConfigKeys (ConfUtils.java:logGet(43)) - raft.server.log.queue.element-limit = 1024 (custom)
2019-09-16 16:19:21,065 [pool-47-thread-1] INFO  server.RaftServerConfigKeys (ConfUtils.java:logGet(43)) - raft.server.log.segment.size.max = 1048576 (custom)
2019-09-16 16:19:21,066 [pool-57-thread-1] INFO  server.RaftServerConfigKeys (ConfUtils.java:logGet(43)) - raft.server.snapshot.auto.trigger.enabled = true (custom)
2019-09-16 16:19:21,066 [pool-87-thread-1] INFO  server.RaftServerConfigKeys (ConfUtils.java:logGet(43)) - raft.server.log.segment.size.max = 1048576 (custom)
2019-09-16 16:19:21,066 [pool-57-thread-1] INFO  server.RaftServerConfigKeys (ConfUtils.java:logGet(43)) - raft.server.snapshot.auto.trigger.threshold = 10000 (custom)
2019-09-16 16:19:21,066 [pool-47-thread-1] INFO  server.RaftServerConfigKeys (ConfUtils.java:logGet(43)) - raft.server.log.preallocated.size = 16384 (custom)
2019-09-16 16:19:21,066 [pool-57-thread-1] INFO  server.RaftServerConfigKeys (ConfUtils.java:logGet(43)) - raft.server.snapshot.retention.num.files = -1 (default)
2019-09-16 16:19:21,066 [pool-87-thread-1] INFO  server.RaftServerConfigKeys (ConfUtils.java:logGet(43)) - raft.server.log.preallocated.size = 16384 (custom)
2019-09-16 16:19:21,066 [pool-57-thread-1] INFO  server.RaftServerConfigKeys (ConfUtils.java:logGet(43)) - raft.server.retrycache.expirytime = 600000ms (custom)
2019-09-16 16:19:21,066 [pool-47-thread-1] INFO  server.RaftServerConfigKeys (ConfUtils.java:logGet(43)) - raft.server.log.write.buffer.size = 33554432 (custom)
2019-09-16 16:19:21,066 [pool-87-thread-1] INFO  server.RaftServerConfigKeys (ConfUtils.java:logGet(43)) - raft.server.log.write.buffer.size = 33554432 (custom)
2019-09-16 16:19:21,066 [pool-47-thread-1] INFO  server.RaftServerConfigKeys (ConfUtils.java:logGet(43)) - raft.server.log.force.sync.num = 128 (default)
2019-09-16 16:19:21,066 [pool-87-thread-1] INFO  server.RaftServerConfigKeys (ConfUtils.java:logGet(43)) - raft.server.log.force.sync.num = 128 (default)
2019-09-16 16:19:21,067 [pool-47-thread-1] INFO  server.RaftServerConfigKeys (ConfUtils.java:logGet(43)) - raft.server.log.statemachine.data.sync = true (default)
2019-09-16 16:19:21,067 [pool-87-thread-1] INFO  server.RaftServerConfigKeys (ConfUtils.java:logGet(43)) - raft.server.log.statemachine.data.sync = true (default)
2019-09-16 16:19:21,067 [pool-47-thread-1] INFO  server.RaftServerConfigKeys (ConfUtils.java:logGet(43)) - raft.server.log.statemachine.data.sync.timeout = 10s (default)
2019-09-16 16:19:21,067 [pool-87-thread-1] INFO  server.RaftServerConfigKeys (ConfUtils.java:logGet(43)) - raft.server.log.statemachine.data.sync.timeout = 10s (default)
2019-09-16 16:19:21,067 [pool-47-thread-1] INFO  server.RaftServerConfigKeys (ConfUtils.java:logGet(43)) - raft.server.log.statemachine.data.sync.timeout.retry = -1 (default)
2019-09-16 16:19:21,067 [pool-87-thread-1] INFO  server.RaftServerConfigKeys (ConfUtils.java:logGet(43)) - raft.server.log.statemachine.data.sync.timeout.retry = -1 (default)
2019-09-16 16:19:21,067 [pool-47-thread-1] INFO  server.RaftServerConfigKeys (ConfUtils.java:logGet(43)) - raft.server.log.statemachine.data.caching.enabled = true (custom)
2019-09-16 16:19:21,067 [pool-87-thread-1] INFO  server.RaftServerConfigKeys (ConfUtils.java:logGet(43)) - raft.server.log.statemachine.data.caching.enabled = true (custom)
2019-09-16 16:19:21,068 [pool-47-thread-1] INFO  segmented.SegmentedRaftLogWorker (SegmentedRaftLogWorker.java:lambda$new$0(132)) - d3f833b2-527d-4ab6-a086-d6ad4a131c32@group-629852681621-SegmentedRaftLogWorker: flushIndex: setUnconditionally 0 -> -1
2019-09-16 16:19:21,068 [pool-87-thread-1] INFO  segmented.SegmentedRaftLogWorker (SegmentedRaftLogWorker.java:lambda$new$0(132)) - 8f6ed14e-9847-41b2-84b1-f48134b0885d@group-629852681621-SegmentedRaftLogWorker: flushIndex: setUnconditionally 0 -> -1
2019-09-16 16:19:21,068 [pool-47-thread-1] INFO  server.RaftServerConfigKeys (ConfUtils.java:logGet(43)) - raft.server.snapshot.auto.trigger.enabled = true (custom)
2019-09-16 16:19:21,068 [pool-47-thread-1] INFO  server.RaftServerConfigKeys (ConfUtils.java:logGet(43)) - raft.server.snapshot.auto.trigger.threshold = 10000 (custom)
2019-09-16 16:19:21,068 [pool-87-thread-1] INFO  server.RaftServerConfigKeys (ConfUtils.java:logGet(43)) - raft.server.snapshot.auto.trigger.enabled = true (custom)
2019-09-16 16:19:21,068 [pool-47-thread-1] INFO  server.RaftServerConfigKeys (ConfUtils.java:logGet(43)) - raft.server.snapshot.retention.num.files = -1 (default)
2019-09-16 16:19:21,068 [pool-87-thread-1] INFO  server.RaftServerConfigKeys (ConfUtils.java:logGet(43)) - raft.server.snapshot.auto.trigger.threshold = 10000 (custom)
2019-09-16 16:19:21,068 [pool-47-thread-1] INFO  server.RaftServerConfigKeys (ConfUtils.java:logGet(43)) - raft.server.retrycache.expirytime = 600000ms (custom)
2019-09-16 16:19:21,068 [pool-87-thread-1] INFO  server.RaftServerConfigKeys (ConfUtils.java:logGet(43)) - raft.server.snapshot.retention.num.files = -1 (default)
2019-09-16 16:19:21,069 [pool-87-thread-1] INFO  server.RaftServerConfigKeys (ConfUtils.java:logGet(43)) - raft.server.retrycache.expirytime = 600000ms (custom)
2019-09-16 16:19:21,069 [pool-57-thread-1] INFO  impl.RaftServerImpl (RaftServerImpl.java:start(185)) - 6151a780-4ba7-403b-be5b-70f0763d4a32@group-629852681621: start as a follower, conf=-1: [6151a780-4ba7-403b-be5b-70f0763d4a32:192.168.34.47:39283, d3f833b2-527d-4ab6-a086-d6ad4a131c32:192.168.34.47:36523, 8f6ed14e-9847-41b2-84b1-f48134b0885d:192.168.34.47:40491], old=null
2019-09-16 16:19:21,069 [pool-57-thread-1] INFO  impl.RaftServerImpl (RaftServerImpl.java:setRole(174)) - 6151a780-4ba7-403b-be5b-70f0763d4a32@group-629852681621: changes role from      null to FOLLOWER at term 0 for startAsFollower
2019-09-16 16:19:21,069 [pool-57-thread-1] INFO  impl.RoleInfo (RoleInfo.java:updateAndGet(143)) - 6151a780-4ba7-403b-be5b-70f0763d4a32: start FollowerState
2019-09-16 16:19:21,070 [pool-57-thread-1] INFO  util.JmxRegister (JmxRegister.java:tryRegister(44)) - Successfully registered JMX Bean with object name Ratis:service=RaftServer,group=group-629852681621,id=6151a780-4ba7-403b-be5b-70f0763d4a32
2019-09-16 16:19:21,070 [pool-47-thread-1] INFO  impl.RaftServerImpl (RaftServerImpl.java:start(185)) - d3f833b2-527d-4ab6-a086-d6ad4a131c32@group-629852681621: start as a follower, conf=-1: [6151a780-4ba7-403b-be5b-70f0763d4a32:192.168.34.47:39283, d3f833b2-527d-4ab6-a086-d6ad4a131c32:192.168.34.47:36523, 8f6ed14e-9847-41b2-84b1-f48134b0885d:192.168.34.47:40491], old=null
2019-09-16 16:19:21,071 [pool-47-thread-1] INFO  impl.RaftServerImpl (RaftServerImpl.java:setRole(174)) - d3f833b2-527d-4ab6-a086-d6ad4a131c32@group-629852681621: changes role from      null to FOLLOWER at term 0 for startAsFollower
2019-09-16 16:19:21,071 [pool-47-thread-1] INFO  impl.RoleInfo (RoleInfo.java:updateAndGet(143)) - d3f833b2-527d-4ab6-a086-d6ad4a131c32: start FollowerState
2019-09-16 16:19:21,071 [pool-87-thread-1] INFO  impl.RaftServerImpl (RaftServerImpl.java:start(185)) - 8f6ed14e-9847-41b2-84b1-f48134b0885d@group-629852681621: start as a follower, conf=-1: [6151a780-4ba7-403b-be5b-70f0763d4a32:192.168.34.47:39283, d3f833b2-527d-4ab6-a086-d6ad4a131c32:192.168.34.47:36523, 8f6ed14e-9847-41b2-84b1-f48134b0885d:192.168.34.47:40491], old=null
2019-09-16 16:19:21,071 [pool-87-thread-1] INFO  impl.RaftServerImpl (RaftServerImpl.java:setRole(174)) - 8f6ed14e-9847-41b2-84b1-f48134b0885d@group-629852681621: changes role from      null to FOLLOWER at term 0 for startAsFollower
2019-09-16 16:19:21,071 [pool-47-thread-1] INFO  util.JmxRegister (JmxRegister.java:tryRegister(44)) - Successfully registered JMX Bean with object name Ratis:service=RaftServer,group=group-629852681621,id=d3f833b2-527d-4ab6-a086-d6ad4a131c32
2019-09-16 16:19:21,071 [pool-87-thread-1] INFO  impl.RoleInfo (RoleInfo.java:updateAndGet(143)) - 8f6ed14e-9847-41b2-84b1-f48134b0885d: start FollowerState
2019-09-16 16:19:21,071 [pool-87-thread-1] INFO  util.JmxRegister (JmxRegister.java:tryRegister(44)) - Successfully registered JMX Bean with object name Ratis:service=RaftServer,group=group-629852681621,id=8f6ed14e-9847-41b2-84b1-f48134b0885d
2019-09-16 16:19:21,073 [RatisPipelineUtilsThread] INFO  pipeline.PipelineStateManager (PipelineStateManager.java:addPipeline(56)) - Created pipeline Pipeline[ Id: 98494f9c-2ec0-4aed-b0de-629852681621, Nodes: 8f6ed14e-9847-41b2-84b1-f48134b0885d{ip: 192.168.34.47, host: pr-hdds-2111-ptm9r-3382166736, networkLocation: /default-rack, certSerialId: null}6151a780-4ba7-403b-be5b-70f0763d4a32{ip: 192.168.34.47, host: pr-hdds-2111-ptm9r-3382166736, networkLocation: /default-rack, certSerialId: null}d3f833b2-527d-4ab6-a086-d6ad4a131c32{ip: 192.168.34.47, host: pr-hdds-2111-ptm9r-3382166736, networkLocation: /default-rack, certSerialId: null}, Type:RATIS, Factor:THREE, State:OPEN]
2019-09-16 16:19:21,829 [grpc-default-executor-6] INFO  client.GrpcClientProtocolClient (GrpcClientProtocolClient.java:onNext(264)) - client-2CD27A2BD368->6151a780-4ba7-403b-be5b-70f0763d4a32: receive RaftClientReply:client-2CD27A2BD368->6151a780-4ba7-403b-be5b-70f0763d4a32@group-E0A55ED5C792, cid=54, FAILED org.apache.ratis.protocol.NotLeaderException: Server 6151a780-4ba7-403b-be5b-70f0763d4a32@group-E0A55ED5C792 is not the leader d3f833b2-527d-4ab6-a086-d6ad4a131c32:192.168.34.47:36523, logIndex=0, commits[6151a780-4ba7-403b-be5b-70f0763d4a32:c16, d3f833b2-527d-4ab6-a086-d6ad4a131c32:c16, 8f6ed14e-9847-41b2-84b1-f48134b0885d:c14]
2019-09-16 16:19:22,826 [org.apache.ratis.server.impl.LogAppender$AppenderDaemon$$Lambda$507/334588113@44a27a99] ERROR ratis.XceiverServerRatis (XceiverServerRatis.java:triggerPipelineClose(568)) - pipeline Action CLOSE  on pipeline PipelineID=cf85cf34-beb7-4b49-9a59-e0a55ed5c792.Reason : d3f833b2-527d-4ab6-a086-d6ad4a131c32 has not seen follower/s 6151a780-4ba7-403b-be5b-70f0763d4a32 for 152424ms 8f6ed14e-9847-41b2-84b1-f48134b0885d for 152425ms
2019-09-16 16:19:22,826 [org.apache.ratis.server.impl.LogAppender$AppenderDaemon$$Lambda$507/334588113@320b8e3c] ERROR ratis.XceiverServerRatis (XceiverServerRatis.java:triggerPipelineClose(568)) - pipeline Action CLOSE  on pipeline PipelineID=cf85cf34-beb7-4b49-9a59-e0a55ed5c792.Reason : d3f833b2-527d-4ab6-a086-d6ad4a131c32 has not seen follower/s 6151a780-4ba7-403b-be5b-70f0763d4a32 for 152424ms 8f6ed14e-9847-41b2-84b1-f48134b0885d for 152425ms
2019-09-16 16:19:23,325 [java.util.concurrent.ThreadPoolExecutor$Worker@576cfcf[State = -1, empty queue]] WARN  server.GrpcLogAppender (GrpcLogAppender.java:timeoutAppendRequest(200)) - d3f833b2-527d-4ab6-a086-d6ad4a131c32@group-E0A55ED5C792->8f6ed14e-9847-41b2-84b1-f48134b0885d-GrpcLogAppender: appendEntries Timeout, request=d3f833b2-527d-4ab6-a086-d6ad4a131c32->8f6ed14e-9847-41b2-84b1-f48134b0885d#83-t1, previous=(t:1, i:23), leaderCommit=16, initializing? false, entries: <empty>
2019-09-16 16:19:23,325 [java.util.concurrent.ThreadPoolExecutor$Worker@22ff49d0[State = -1, empty queue]] WARN  server.GrpcLogAppender (GrpcLogAppender.java:timeoutAppendRequest(200)) - d3f833b2-527d-4ab6-a086-d6ad4a131c32@group-E0A55ED5C792->6151a780-4ba7-403b-be5b-70f0763d4a32-GrpcLogAppender: appendEntries Timeout, request=d3f833b2-527d-4ab6-a086-d6ad4a131c32->6151a780-4ba7-403b-be5b-70f0763d4a32#83-t1, previous=(t:1, i:23), leaderCommit=16, initializing? false, entries: <empty>
2019-09-16 16:19:23,819 [EventQueue-PipelineActionsForPipelineActionHandler] ERROR pipeline.PipelineActionHandler (PipelineActionHandler.java:onMessage(60)) - Received pipeline action CLOSE for Pipeline[ Id: cf85cf34-beb7-4b49-9a59-e0a55ed5c792, Nodes: 8f6ed14e-9847-41b2-84b1-f48134b0885d{ip: 192.168.34.47, host: pr-hdds-2111-ptm9r-3382166736, networkLocation: /default-rack, certSerialId: null}6151a780-4ba7-403b-be5b-70f0763d4a32{ip: 192.168.34.47, host: pr-hdds-2111-ptm9r-3382166736, networkLocation: /default-rack, certSerialId: null}d3f833b2-527d-4ab6-a086-d6ad4a131c32{ip: 192.168.34.47, host: pr-hdds-2111-ptm9r-3382166736, networkLocation: /default-rack, certSerialId: null}, Type:RATIS, Factor:THREE, State:CLOSED] from datanode d3f833b2-527d-4ab6-a086-d6ad4a131c32{ip: 192.168.34.47, host: pr-hdds-2111-ptm9r-3382166736, networkLocation: /default-rack, certSerialId: null}. Reason : d3f833b2-527d-4ab6-a086-d6ad4a131c32 has not seen follower/s 6151a780-4ba7-403b-be5b-70f0763d4a32 for 152424ms 8f6ed14e-9847-41b2-84b1-f48134b0885d for 152425ms
2019-09-16 16:19:23,820 [EventQueue-PipelineActionsForPipelineActionHandler] INFO  pipeline.SCMPipelineManager (SCMPipelineManager.java:finalizeAndDestroyPipeline(311)) - destroying pipeline:Pipeline[ Id: cf85cf34-beb7-4b49-9a59-e0a55ed5c792, Nodes: 8f6ed14e-9847-41b2-84b1-f48134b0885d{ip: 192.168.34.47, host: pr-hdds-2111-ptm9r-3382166736, networkLocation: /default-rack, certSerialId: null}6151a780-4ba7-403b-be5b-70f0763d4a32{ip: 192.168.34.47, host: pr-hdds-2111-ptm9r-3382166736, networkLocation: /default-rack, certSerialId: null}d3f833b2-527d-4ab6-a086-d6ad4a131c32{ip: 192.168.34.47, host: pr-hdds-2111-ptm9r-3382166736, networkLocation: /default-rack, certSerialId: null}, Type:RATIS, Factor:THREE, State:CLOSED]
2019-09-16 16:19:25,327 [org.apache.ratis.server.impl.LogAppender$AppenderDaemon$$Lambda$507/334588113@44a27a99] ERROR ratis.XceiverServerRatis (XceiverServerRatis.java:triggerPipelineClose(568)) - pipeline Action CLOSE  on pipeline PipelineID=cf85cf34-beb7-4b49-9a59-e0a55ed5c792.Reason : d3f833b2-527d-4ab6-a086-d6ad4a131c32 has not seen follower/s 6151a780-4ba7-403b-be5b-70f0763d4a32 for 154925ms 8f6ed14e-9847-41b2-84b1-f48134b0885d for 154926ms
2019-09-16 16:19:25,327 [org.apache.ratis.server.impl.LogAppender$AppenderDaemon$$Lambda$507/334588113@320b8e3c] ERROR ratis.XceiverServerRatis (XceiverServerRatis.java:triggerPipelineClose(568)) - pipeline Action CLOSE  on pipeline PipelineID=cf85cf34-beb7-4b49-9a59-e0a55ed5c792.Reason : d3f833b2-527d-4ab6-a086-d6ad4a131c32 has not seen follower/s 6151a780-4ba7-403b-be5b-70f0763d4a32 for 154925ms 8f6ed14e-9847-41b2-84b1-f48134b0885d for 154926ms
2019-09-16 16:19:25,820 [EventQueue-PipelineActionsForPipelineActionHandler] ERROR pipeline.PipelineActionHandler (PipelineActionHandler.java:onMessage(60)) - Received pipeline action CLOSE for Pipeline[ Id: cf85cf34-beb7-4b49-9a59-e0a55ed5c792, Nodes: 8f6ed14e-9847-41b2-84b1-f48134b0885d{ip: 192.168.34.47, host: pr-hdds-2111-ptm9r-3382166736, networkLocation: /default-rack, certSerialId: null}6151a780-4ba7-403b-be5b-70f0763d4a32{ip: 192.168.34.47, host: pr-hdds-2111-ptm9r-3382166736, networkLocation: /default-rack, certSerialId: null}d3f833b2-527d-4ab6-a086-d6ad4a131c32{ip: 192.168.34.47, host: pr-hdds-2111-ptm9r-3382166736, networkLocation: /default-rack, certSerialId: null}, Type:RATIS, Factor:THREE, State:CLOSED] from datanode d3f833b2-527d-4ab6-a086-d6ad4a131c32{ip: 192.168.34.47, host: pr-hdds-2111-ptm9r-3382166736, networkLocation: /default-rack, certSerialId: null}. Reason : d3f833b2-527d-4ab6-a086-d6ad4a131c32 has not seen follower/s 6151a780-4ba7-403b-be5b-70f0763d4a32 for 154925ms 8f6ed14e-9847-41b2-84b1-f48134b0885d for 154926ms
2019-09-16 16:19:25,820 [EventQueue-PipelineActionsForPipelineActionHandler] INFO  pipeline.SCMPipelineManager (SCMPipelineManager.java:finalizeAndDestroyPipeline(311)) - destroying pipeline:Pipeline[ Id: cf85cf34-beb7-4b49-9a59-e0a55ed5c792, Nodes: 8f6ed14e-9847-41b2-84b1-f48134b0885d{ip: 192.168.34.47, host: pr-hdds-2111-ptm9r-3382166736, networkLocation: /default-rack, certSerialId: null}6151a780-4ba7-403b-be5b-70f0763d4a32{ip: 192.168.34.47, host: pr-hdds-2111-ptm9r-3382166736, networkLocation: /default-rack, certSerialId: null}d3f833b2-527d-4ab6-a086-d6ad4a131c32{ip: 192.168.34.47, host: pr-hdds-2111-ptm9r-3382166736, networkLocation: /default-rack, certSerialId: null}, Type:RATIS, Factor:THREE, State:CLOSED]
2019-09-16 16:19:25,826 [java.util.concurrent.ThreadPoolExecutor$Worker@22ff49d0[State = -1, empty queue]] WARN  server.GrpcLogAppender (GrpcLogAppender.java:timeoutAppendRequest(200)) - d3f833b2-527d-4ab6-a086-d6ad4a131c32@group-E0A55ED5C792->6151a780-4ba7-403b-be5b-70f0763d4a32-GrpcLogAppender: appendEntries Timeout, request=d3f833b2-527d-4ab6-a086-d6ad4a131c32->6151a780-4ba7-403b-be5b-70f0763d4a32#84-t1, previous=(t:1, i:23), leaderCommit=16, initializing? false, entries: <empty>
2019-09-16 16:19:25,826 [java.util.concurrent.ThreadPoolExecutor$Worker@576cfcf[State = -1, empty queue]] WARN  server.GrpcLogAppender (GrpcLogAppender.java:timeoutAppendRequest(200)) - d3f833b2-527d-4ab6-a086-d6ad4a131c32@group-E0A55ED5C792->8f6ed14e-9847-41b2-84b1-f48134b0885d-GrpcLogAppender: appendEntries Timeout, request=d3f833b2-527d-4ab6-a086-d6ad4a131c32->8f6ed14e-9847-41b2-84b1-f48134b0885d#84-t1, previous=(t:1, i:23), leaderCommit=16, initializing? false, entries: <empty>
2019-09-16 16:19:26,137 [Thread-1426] INFO  impl.FollowerState (FollowerState.java:run(106)) - d3f833b2-527d-4ab6-a086-d6ad4a131c32:group-629852681621 changes to CANDIDATE, lastRpcTime:5066, electionTimeout:5066ms
2019-09-16 16:19:26,138 [Thread-1426] INFO  impl.RoleInfo (RoleInfo.java:shutdownFollowerState(121)) - d3f833b2-527d-4ab6-a086-d6ad4a131c32: shutdown FollowerState
2019-09-16 16:19:26,138 [Thread-1426] INFO  impl.RaftServerImpl (RaftServerImpl.java:setRole(174)) - d3f833b2-527d-4ab6-a086-d6ad4a131c32@group-629852681621: changes role from  FOLLOWER to CANDIDATE at term 0 for changeToCandidate
2019-09-16 16:19:26,138 [Thread-1426] INFO  impl.RoleInfo (RoleInfo.java:updateAndGet(143)) - d3f833b2-527d-4ab6-a086-d6ad4a131c32: start LeaderElection
2019-09-16 16:19:26,157 [d3f833b2-527d-4ab6-a086-d6ad4a131c32@group-629852681621:LeaderElection16] INFO  impl.LeaderElection (LeaderElection.java:askForVotes(182)) - d3f833b2-527d-4ab6-a086-d6ad4a131c32@group-629852681621:LeaderElection16: begin an election at term 1 for -1: [6151a780-4ba7-403b-be5b-70f0763d4a32:192.168.34.47:39283, d3f833b2-527d-4ab6-a086-d6ad4a131c32:192.168.34.47:36523, 8f6ed14e-9847-41b2-84b1-f48134b0885d:192.168.34.47:40491], old=null
2019-09-16 16:19:26,162 [grpc-default-executor-5] INFO  impl.RaftServerImpl (RaftServerImpl.java:setRole(174)) - 6151a780-4ba7-403b-be5b-70f0763d4a32@group-629852681621: changes role from  FOLLOWER to FOLLOWER at term 1 for recognizeCandidate:d3f833b2-527d-4ab6-a086-d6ad4a131c32
2019-09-16 16:19:26,162 [grpc-default-executor-6] INFO  impl.RaftServerImpl (RaftServerImpl.java:setRole(174)) - 8f6ed14e-9847-41b2-84b1-f48134b0885d@group-629852681621: changes role from  FOLLOWER to FOLLOWER at term 1 for recognizeCandidate:d3f833b2-527d-4ab6-a086-d6ad4a131c32
2019-09-16 16:19:26,163 [grpc-default-executor-5] INFO  impl.RoleInfo (RoleInfo.java:shutdownFollowerState(121)) - 6151a780-4ba7-403b-be5b-70f0763d4a32: shutdown FollowerState
2019-09-16 16:19:26,163 [grpc-default-executor-6] INFO  impl.RoleInfo (RoleInfo.java:shutdownFollowerState(121)) - 8f6ed14e-9847-41b2-84b1-f48134b0885d: shutdown FollowerState
2019-09-16 16:19:26,163 [Thread-1424] INFO  impl.FollowerState (FollowerState.java:run(115)) - 6151a780-4ba7-403b-be5b-70f0763d4a32: FollowerState was interrupted: java.lang.InterruptedException: sleep interrupted
2019-09-16 16:19:26,163 [Thread-1427] INFO  impl.FollowerState (FollowerState.java:run(115)) - 8f6ed14e-9847-41b2-84b1-f48134b0885d: FollowerState was interrupted: java.lang.InterruptedException: sleep interrupted
2019-09-16 16:19:26,163 [grpc-default-executor-5] INFO  impl.RoleInfo (RoleInfo.java:updateAndGet(143)) - 6151a780-4ba7-403b-be5b-70f0763d4a32: start FollowerState
2019-09-16 16:19:26,163 [grpc-default-executor-6] INFO  impl.RoleInfo (RoleInfo.java:updateAndGet(143)) - 8f6ed14e-9847-41b2-84b1-f48134b0885d: start FollowerState
2019-09-16 16:19:26,182 [d3f833b2-527d-4ab6-a086-d6ad4a131c32@group-629852681621:LeaderElection16] INFO  impl.LeaderElection (LeaderElection.java:logAndReturn(56)) - d3f833b2-527d-4ab6-a086-d6ad4a131c32@group-629852681621:LeaderElection16: Election PASSED; received 1 response(s) [d3f833b2-527d-4ab6-a086-d6ad4a131c32<-6151a780-4ba7-403b-be5b-70f0763d4a32#0:OK-t1] and 0 exception(s); d3f833b2-527d-4ab6-a086-d6ad4a131c32@group-629852681621:t1, leader=null, voted=d3f833b2-527d-4ab6-a086-d6ad4a131c32, raftlog=d3f833b2-527d-4ab6-a086-d6ad4a131c32@group-629852681621-SegmentedRaftLog:OPENED:c-1,f-1,i0, conf=-1: [6151a780-4ba7-403b-be5b-70f0763d4a32:192.168.34.47:39283, d3f833b2-527d-4ab6-a086-d6ad4a131c32:192.168.34.47:36523, 8f6ed14e-9847-41b2-84b1-f48134b0885d:192.168.34.47:40491], old=null
2019-09-16 16:19:26,183 [d3f833b2-527d-4ab6-a086-d6ad4a131c32@group-629852681621:LeaderElection16] INFO  impl.RoleInfo (RoleInfo.java:shutdownLeaderElection(134)) - d3f833b2-527d-4ab6-a086-d6ad4a131c32: shutdown LeaderElection
2019-09-16 16:19:26,183 [d3f833b2-527d-4ab6-a086-d6ad4a131c32@group-629852681621:LeaderElection16] INFO  impl.RaftServerImpl (RaftServerImpl.java:setRole(174)) - d3f833b2-527d-4ab6-a086-d6ad4a131c32@group-629852681621: changes role from CANDIDATE to LEADER at term 1 for changeToLeader
2019-09-16 16:19:26,183 [d3f833b2-527d-4ab6-a086-d6ad4a131c32@group-629852681621:LeaderElection16] INFO  impl.RaftServerImpl (ServerState.java:setLeader(253)) - d3f833b2-527d-4ab6-a086-d6ad4a131c32@group-629852681621: change Leader from null to d3f833b2-527d-4ab6-a086-d6ad4a131c32 at term 1 for becomeLeader, leader elected after 5121ms
2019-09-16 16:19:26,183 [d3f833b2-527d-4ab6-a086-d6ad4a131c32@group-629852681621:LeaderElection16] INFO  server.RaftServerConfigKeys (ConfUtils.java:logGet(43)) - raft.server.staging.catchup.gap = 1000 (default)
2019-09-16 16:19:26,183 [d3f833b2-527d-4ab6-a086-d6ad4a131c32@group-629852681621:LeaderElection16] INFO  server.RaftServerConfigKeys (ConfUtils.java:logGet(43)) - raft.server.rpc.sleep.time = 25ms (default)
2019-09-16 16:19:26,184 [d3f833b2-527d-4ab6-a086-d6ad4a131c32@group-629852681621:LeaderElection16] INFO  server.RaftServerConfigKeys (ConfUtils.java:logGet(43)) - raft.server.write.element-limit = 4096 (default)
2019-09-16 16:19:26,184 [d3f833b2-527d-4ab6-a086-d6ad4a131c32@group-629852681621:LeaderElection16] INFO  server.RaftServerConfigKeys (ConfUtils.java:logGet(43)) - raft.server.watch.timeout = 10s (default)
2019-09-16 16:19:26,184 [d3f833b2-527d-4ab6-a086-d6ad4a131c32@group-629852681621:LeaderElection16] INFO  server.RaftServerConfigKeys (ConfUtils.java:logGet(43)) - raft.server.watch.timeout.denomination = 1s (default)
2019-09-16 16:19:26,184 [d3f833b2-527d-4ab6-a086-d6ad4a131c32@group-629852681621:LeaderElection16] INFO  server.RaftServerConfigKeys (ConfUtils.java:logGet(43)) - raft.server.watch.element-limit = 65536 (default)
2019-09-16 16:19:26,188 [d3f833b2-527d-4ab6-a086-d6ad4a131c32@group-629852681621:LeaderElection16] INFO  server.RaftServerConfigKeys (ConfUtils.java:logGet(43)) - raft.server.log.appender.snapshot.chunk.size.max = 16MB (=16777216) (default)
2019-09-16 16:19:26,188 [d3f833b2-527d-4ab6-a086-d6ad4a131c32@group-629852681621:LeaderElection16] INFO  server.RaftServerConfigKeys (ConfUtils.java:logGet(43)) - raft.server.log.appender.buffer.byte-limit = 33554432 (custom)
2019-09-16 16:19:26,188 [d3f833b2-527d-4ab6-a086-d6ad4a131c32@group-629852681621:LeaderElection16] INFO  server.RaftServerConfigKeys (ConfUtils.java:logGet(43)) - raft.server.log.appender.buffer.element-limit = 1 (custom)
2019-09-16 16:19:26,188 [d3f833b2-527d-4ab6-a086-d6ad4a131c32@group-629852681621:LeaderElection16] INFO  grpc.GrpcConfigKeys$Server (ConfUtils.java:logGet(43)) - raft.grpc.server.leader.outstanding.appends.max = 128 (default)
2019-09-16 16:19:26,189 [d3f833b2-527d-4ab6-a086-d6ad4a131c32@group-629852681621:LeaderElection16] INFO  server.RaftServerConfigKeys (ConfUtils.java:logGet(43)) - raft.server.rpc.request.timeout = 3000ms (default)
2019-09-16 16:19:26,189 [d3f833b2-527d-4ab6-a086-d6ad4a131c32@group-629852681621:LeaderElection16] INFO  server.RaftServerConfigKeys (ConfUtils.java:logGet(43)) - raft.server.log.appender.install.snapshot.enabled = false (custom)
2019-09-16 16:19:26,189 [d3f833b2-527d-4ab6-a086-d6ad4a131c32@group-629852681621:LeaderElection16] INFO  server.RaftServerConfigKeys (ConfUtils.java:logGet(43)) - raft.server.log.appender.snapshot.chunk.size.max = 16MB (=16777216) (default)
2019-09-16 16:19:26,189 [d3f833b2-527d-4ab6-a086-d6ad4a131c32@group-629852681621:LeaderElection16] INFO  server.RaftServerConfigKeys (ConfUtils.java:logGet(43)) - raft.server.log.appender.buffer.byte-limit = 33554432 (custom)
2019-09-16 16:19:26,189 [d3f833b2-527d-4ab6-a086-d6ad4a131c32@group-629852681621:LeaderElection16] INFO  server.RaftServerConfigKeys (ConfUtils.java:logGet(43)) - raft.server.log.appender.buffer.element-limit = 1 (custom)
2019-09-16 16:19:26,190 [d3f833b2-527d-4ab6-a086-d6ad4a131c32@group-629852681621:LeaderElection16] INFO  grpc.GrpcConfigKeys$Server (ConfUtils.java:logGet(43)) - raft.grpc.server.leader.outstanding.appends.max = 128 (default)
2019-09-16 16:19:26,190 [d3f833b2-527d-4ab6-a086-d6ad4a131c32@group-629852681621:LeaderElection16] INFO  server.RaftServerConfigKeys (ConfUtils.java:logGet(43)) - raft.server.rpc.request.timeout = 3000ms (default)
2019-09-16 16:19:26,190 [d3f833b2-527d-4ab6-a086-d6ad4a131c32@group-629852681621:LeaderElection16] INFO  server.RaftServerConfigKeys (ConfUtils.java:logGet(43)) - raft.server.log.appender.install.snapshot.enabled = false (custom)
2019-09-16 16:19:26,190 [d3f833b2-527d-4ab6-a086-d6ad4a131c32@group-629852681621:LeaderElection16] INFO  impl.RoleInfo (RoleInfo.java:updateAndGet(143)) - d3f833b2-527d-4ab6-a086-d6ad4a131c32: start LeaderState
2019-09-16 16:19:26,191 [d3f833b2-527d-4ab6-a086-d6ad4a131c32@group-629852681621:LeaderElection16] INFO  segmented.SegmentedRaftLogWorker (SegmentedRaftLogWorker.java:startLogSegment(380)) - d3f833b2-527d-4ab6-a086-d6ad4a131c32@group-629852681621-SegmentedRaftLogWorker: Starting segment from index:0
2019-09-16 16:19:26,191 [d3f833b2-527d-4ab6-a086-d6ad4a131c32@group-629852681621:LeaderElection16] INFO  impl.RaftServerImpl (ServerState.java:setRaftConf(354)) - d3f833b2-527d-4ab6-a086-d6ad4a131c32@group-629852681621: set configuration 0: [6151a780-4ba7-403b-be5b-70f0763d4a32:192.168.34.47:39283, d3f833b2-527d-4ab6-a086-d6ad4a131c32:192.168.34.47:36523, 8f6ed14e-9847-41b2-84b1-f48134b0885d:192.168.34.47:40491], old=null at 0
2019-09-16 16:19:26,193 [grpc-default-executor-5] INFO  impl.RaftServerImpl (ServerState.java:setLeader(253)) - 6151a780-4ba7-403b-be5b-70f0763d4a32@group-629852681621: change Leader from null to d3f833b2-527d-4ab6-a086-d6ad4a131c32 at term 1 for appendEntries, leader elected after 5130ms
2019-09-16 16:19:26,193 [grpc-default-executor-6] INFO  impl.RaftServerImpl (ServerState.java:setLeader(253)) - 8f6ed14e-9847-41b2-84b1-f48134b0885d@group-629852681621: change Leader from null to d3f833b2-527d-4ab6-a086-d6ad4a131c32 at term 1 for appendEntries, leader elected after 5130ms
2019-09-16 16:19:26,231 [grpc-default-executor-6] INFO  impl.RaftServerImpl (ServerState.java:setRaftConf(354)) - 6151a780-4ba7-403b-be5b-70f0763d4a32@group-629852681621: set configuration 0: [6151a780-4ba7-403b-be5b-70f0763d4a32:192.168.34.47:39283, d3f833b2-527d-4ab6-a086-d6ad4a131c32:192.168.34.47:36523, 8f6ed14e-9847-41b2-84b1-f48134b0885d:192.168.34.47:40491], old=null at 0
2019-09-16 16:19:26,231 [grpc-default-executor-5] INFO  impl.RaftServerImpl (ServerState.java:setRaftConf(354)) - 8f6ed14e-9847-41b2-84b1-f48134b0885d@group-629852681621: set configuration 0: [6151a780-4ba7-403b-be5b-70f0763d4a32:192.168.34.47:39283, d3f833b2-527d-4ab6-a086-d6ad4a131c32:192.168.34.47:36523, 8f6ed14e-9847-41b2-84b1-f48134b0885d:192.168.34.47:40491], old=null at 0
2019-09-16 16:19:26,231 [grpc-default-executor-6] INFO  segmented.SegmentedRaftLogWorker (SegmentedRaftLogWorker.java:startLogSegment(380)) - 6151a780-4ba7-403b-be5b-70f0763d4a32@group-629852681621-SegmentedRaftLogWorker: Starting segment from index:0
2019-09-16 16:19:26,232 [grpc-default-executor-5] INFO  segmented.SegmentedRaftLogWorker (SegmentedRaftLogWorker.java:startLogSegment(380)) - 8f6ed14e-9847-41b2-84b1-f48134b0885d@group-629852681621-SegmentedRaftLogWorker: Starting segment from index:0
2019-09-16 16:19:26,242 [d3f833b2-527d-4ab6-a086-d6ad4a131c32@group-629852681621-SegmentedRaftLogWorker] INFO  segmented.SegmentedRaftLogWorker (SegmentedRaftLogWorker.java:execute(569)) - d3f833b2-527d-4ab6-a086-d6ad4a131c32@group-629852681621-SegmentedRaftLogWorker: created new log segment /workdir/hadoop-ozone/integration-test/target/test-dir/MiniOzoneClusterImpl-cc742799-bdee-42f8-b2e8-35af38dfad60/datanode-2/data/ratis/98494f9c-2ec0-4aed-b0de-629852681621/current/log_inprogress_0
2019-09-16 16:19:26,268 [6151a780-4ba7-403b-be5b-70f0763d4a32@group-629852681621-SegmentedRaftLogWorker] INFO  segmented.SegmentedRaftLogWorker (SegmentedRaftLogWorker.java:execute(569)) - 6151a780-4ba7-403b-be5b-70f0763d4a32@group-629852681621-SegmentedRaftLogWorker: created new log segment /workdir/hadoop-ozone/integration-test/target/test-dir/MiniOzoneClusterImpl-cc742799-bdee-42f8-b2e8-35af38dfad60/datanode-3/data/ratis/98494f9c-2ec0-4aed-b0de-629852681621/current/log_inprogress_0
2019-09-16 16:19:26,268 [8f6ed14e-9847-41b2-84b1-f48134b0885d@group-629852681621-SegmentedRaftLogWorker] INFO  segmented.SegmentedRaftLogWorker (SegmentedRaftLogWorker.java:execute(569)) - 8f6ed14e-9847-41b2-84b1-f48134b0885d@group-629852681621-SegmentedRaftLogWorker: created new log segment /workdir/hadoop-ozone/integration-test/target/test-dir/MiniOzoneClusterImpl-cc742799-bdee-42f8-b2e8-35af38dfad60/datanode-6/data/ratis/98494f9c-2ec0-4aed-b0de-629852681621/current/log_inprogress_0
2019-09-16 16:19:26,870 [grpc-default-executor-6] INFO  client.GrpcClientProtocolClient (GrpcClientProtocolClient.java:onNext(264)) - client-2CD27A2BD368->6151a780-4ba7-403b-be5b-70f0763d4a32: receive RaftClientReply:client-2CD27A2BD368->6151a780-4ba7-403b-be5b-70f0763d4a32@group-E0A55ED5C792, cid=54, FAILED org.apache.ratis.protocol.NotLeaderException: Server 6151a780-4ba7-403b-be5b-70f0763d4a32@group-E0A55ED5C792 is not the leader d3f833b2-527d-4ab6-a086-d6ad4a131c32:192.168.34.47:36523, logIndex=0, commits[6151a780-4ba7-403b-be5b-70f0763d4a32:c16, d3f833b2-527d-4ab6-a086-d6ad4a131c32:c16, 8f6ed14e-9847-41b2-84b1-f48134b0885d:c14]
2019-09-16 16:19:27,827 [org.apache.ratis.server.impl.LogAppender$AppenderDaemon$$Lambda$507/334588113@44a27a99] ERROR ratis.XceiverServerRatis (XceiverServerRatis.java:triggerPipelineClose(568)) - pipeline Action CLOSE  on pipeline PipelineID=cf85cf34-beb7-4b49-9a59-e0a55ed5c792.Reason : d3f833b2-527d-4ab6-a086-d6ad4a131c32 has not seen follower/s 6151a780-4ba7-403b-be5b-70f0763d4a32 for 157426ms 8f6ed14e-9847-41b2-84b1-f48134b0885d for 157427ms
2019-09-16 16:19:27,828 [org.apache.ratis.server.impl.LogAppender$AppenderDaemon$$Lambda$507/334588113@320b8e3c] ERROR ratis.XceiverServerRatis (XceiverServerRatis.java:triggerPipelineClose(568)) - pipeline Action CLOSE  on pipeline PipelineID=cf85cf34-beb7-4b49-9a59-e0a55ed5c792.Reason : d3f833b2-527d-4ab6-a086-d6ad4a131c32 has not seen follower/s 6151a780-4ba7-403b-be5b-70f0763d4a32 for 157426ms 8f6ed14e-9847-41b2-84b1-f48134b0885d for 157427ms
2019-09-16 16:19:28,327 [java.util.concurrent.ThreadPoolExecutor$Worker@22ff49d0[State = -1, empty queue]] WARN  server.GrpcLogAppender (GrpcLogAppender.java:timeoutAppendRequest(200)) - d3f833b2-527d-4ab6-a086-d6ad4a131c32@group-E0A55ED5C792->6151a780-4ba7-403b-be5b-70f0763d4a32-GrpcLogAppender: appendEntries Timeout, request=d3f833b2-527d-4ab6-a086-d6ad4a131c32->6151a780-4ba7-403b-be5b-70f0763d4a32#85-t1, previous=(t:1, i:23), leaderCommit=16, initializing? false, entries: <empty>
2019-09-16 16:19:28,327 [java.util.concurrent.ThreadPoolExecutor$Worker@576cfcf[State = -1, empty queue]] WARN  server.GrpcLogAppender (GrpcLogAppender.java:timeoutAppendRequest(200)) - d3f833b2-527d-4ab6-a086-d6ad4a131c32@group-E0A55ED5C792->8f6ed14e-9847-41b2-84b1-f48134b0885d-GrpcLogAppender: appendEntries Timeout, request=d3f833b2-527d-4ab6-a086-d6ad4a131c32->8f6ed14e-9847-41b2-84b1-f48134b0885d#85-t1, previous=(t:1, i:23), leaderCommit=16, initializing? false, entries: <empty>
2019-09-16 16:19:28,821 [EventQueue-PipelineActionsForPipelineActionHandler] ERROR pipeline.PipelineActionHandler (PipelineActionHandler.java:onMessage(60)) - Received pipeline action CLOSE for Pipeline[ Id: cf85cf34-beb7-4b49-9a59-e0a55ed5c792, Nodes: 8f6ed14e-9847-41b2-84b1-f48134b0885d{ip: 192.168.34.47, host: pr-hdds-2111-ptm9r-3382166736, networkLocation: /default-rack, certSerialId: null}6151a780-4ba7-403b-be5b-70f0763d4a32{ip: 192.168.34.47, host: pr-hdds-2111-ptm9r-3382166736, networkLocation: /default-rack, certSerialId: null}d3f833b2-527d-4ab6-a086-d6ad4a131c32{ip: 192.168.34.47, host: pr-hdds-2111-ptm9r-3382166736, networkLocation: /default-rack, certSerialId: null}, Type:RATIS, Factor:THREE, State:CLOSED] from datanode d3f833b2-527d-4ab6-a086-d6ad4a131c32{ip: 192.168.34.47, host: pr-hdds-2111-ptm9r-3382166736, networkLocation: /default-rack, certSerialId: null}. Reason : d3f833b2-527d-4ab6-a086-d6ad4a131c32 has not seen follower/s 6151a780-4ba7-403b-be5b-70f0763d4a32 for 157426ms 8f6ed14e-9847-41b2-84b1-f48134b0885d for 157427ms
2019-09-16 16:19:28,821 [EventQueue-PipelineActionsForPipelineActionHandler] INFO  pipeline.SCMPipelineManager (SCMPipelineManager.java:finalizeAndDestroyPipeline(311)) - destroying pipeline:Pipeline[ Id: cf85cf34-beb7-4b49-9a59-e0a55ed5c792, Nodes: 8f6ed14e-9847-41b2-84b1-f48134b0885d{ip: 192.168.34.47, host: pr-hdds-2111-ptm9r-3382166736, networkLocation: /default-rack, certSerialId: null}6151a780-4ba7-403b-be5b-70f0763d4a32{ip: 192.168.34.47, host: pr-hdds-2111-ptm9r-3382166736, networkLocation: /default-rack, certSerialId: null}d3f833b2-527d-4ab6-a086-d6ad4a131c32{ip: 192.168.34.47, host: pr-hdds-2111-ptm9r-3382166736, networkLocation: /default-rack, certSerialId: null}, Type:RATIS, Factor:THREE, State:CLOSED]
2019-09-16 16:19:30,328 [org.apache.ratis.server.impl.LogAppender$AppenderDaemon$$Lambda$507/334588113@44a27a99] ERROR ratis.XceiverServerRatis (XceiverServerRatis.java:triggerPipelineClose(568)) - pipeline Action CLOSE  on pipeline PipelineID=cf85cf34-beb7-4b49-9a59-e0a55ed5c792.Reason : d3f833b2-527d-4ab6-a086-d6ad4a131c32 has not seen follower/s 6151a780-4ba7-403b-be5b-70f0763d4a32 for 159927ms 8f6ed14e-9847-41b2-84b1-f48134b0885d for 159928ms
2019-09-16 16:19:30,328 [org.apache.ratis.server.impl.LogAppender$AppenderDaemon$$Lambda$507/334588113@320b8e3c] ERROR ratis.XceiverServerRatis (XceiverServerRatis.java:triggerPipelineClose(568)) - pipeline Action CLOSE  on pipeline PipelineID=cf85cf34-beb7-4b49-9a59-e0a55ed5c792.Reason : d3f833b2-527d-4ab6-a086-d6ad4a131c32 has not seen follower/s 6151a780-4ba7-403b-be5b-70f0763d4a32 for 159927ms 8f6ed14e-9847-41b2-84b1-f48134b0885d for 159928ms
2019-09-16 16:19:30,595 [d3f833b2-527d-4ab6-a086-d6ad4a131c32@group-E0A55ED5C792-SegmentedRaftLogWorker] WARN  segmented.SegmentedRaftLogWorker (SegmentedRaftLogWorker.java:getFromFuture(90)) - Timeout 15/~
org.apache.ratis.protocol.TimeoutIOException: Timeout 10s: WriteLog:17: (t:1, i:17), STATEMACHINELOGENTRY, client-2CD27A2BD368, cid=54-writeStateMachineData
	at org.apache.ratis.util.IOUtils.getFromFuture(IOUtils.java:87)
	at org.apache.ratis.server.raftlog.segmented.SegmentedRaftLogWorker$StateMachineDataPolicy.getFromFuture(SegmentedRaftLogWorker.java:87)
	at org.apache.ratis.server.raftlog.segmented.SegmentedRaftLogWorker$WriteLog.execute(SegmentedRaftLogWorker.java:477)
	at org.apache.ratis.server.raftlog.segmented.SegmentedRaftLogWorker.run(SegmentedRaftLogWorker.java:289)
	at java.lang.Thread.run(Thread.java:748)
Caused by: java.util.concurrent.TimeoutException
	at java.util.concurrent.CompletableFuture.timedGet(CompletableFuture.java:1771)
	at java.util.concurrent.CompletableFuture.get(CompletableFuture.java:1915)
	at org.apache.ratis.util.IOUtils.getFromFuture(IOUtils.java:79)
	... 4 more
2019-09-16 16:19:30,615 [8f6ed14e-9847-41b2-84b1-f48134b0885d@group-E0A55ED5C792-SegmentedRaftLogWorker] WARN  segmented.SegmentedRaftLogWorker (SegmentedRaftLogWorker.java:getFromFuture(90)) - Timeout 15/~
org.apache.ratis.protocol.TimeoutIOException: Timeout 10s: WriteLog:17: (t:1, i:17), STATEMACHINELOGENTRY, client-2CD27A2BD368, cid=54-writeStateMachineData
	at org.apache.ratis.util.IOUtils.getFromFuture(IOUtils.java:87)
	at org.apache.ratis.server.raftlog.segmented.SegmentedRaftLogWorker$StateMachineDataPolicy.getFromFuture(SegmentedRaftLogWorker.java:87)
	at org.apache.ratis.server.raftlog.segmented.SegmentedRaftLogWorker$WriteLog.execute(SegmentedRaftLogWorker.java:477)
	at org.apache.ratis.server.raftlog.segmented.SegmentedRaftLogWorker.run(SegmentedRaftLogWorker.java:289)
	at java.lang.Thread.run(Thread.java:748)
Caused by: java.util.concurrent.TimeoutException
	at java.util.concurrent.CompletableFuture.timedGet(CompletableFuture.java:1771)
	at java.util.concurrent.CompletableFuture.get(CompletableFuture.java:1915)
	at org.apache.ratis.util.IOUtils.getFromFuture(IOUtils.java:79)
	... 4 more
2019-09-16 16:19:30,744 [6151a780-4ba7-403b-be5b-70f0763d4a32@group-E0A55ED5C792-SegmentedRaftLogWorker] WARN  segmented.SegmentedRaftLogWorker (SegmentedRaftLogWorker.java:getFromFuture(90)) - Timeout 15/~
org.apache.ratis.protocol.TimeoutIOException: Timeout 10s: WriteLog:17: (t:1, i:17), STATEMACHINELOGENTRY, client-2CD27A2BD368, cid=54-writeStateMachineData
	at org.apache.ratis.util.IOUtils.getFromFuture(IOUtils.java:87)
	at org.apache.ratis.server.raftlog.segmented.SegmentedRaftLogWorker$StateMachineDataPolicy.getFromFuture(SegmentedRaftLogWorker.java:87)
	at org.apache.ratis.server.raftlog.segmented.SegmentedRaftLogWorker$WriteLog.execute(SegmentedRaftLogWorker.java:477)
	at org.apache.ratis.server.raftlog.segmented.SegmentedRaftLogWorker.run(SegmentedRaftLogWorker.java:289)
	at java.lang.Thread.run(Thread.java:748)
Caused by: java.util.concurrent.TimeoutException
	at java.util.concurrent.CompletableFuture.timedGet(CompletableFuture.java:1771)
	at java.util.concurrent.CompletableFuture.get(CompletableFuture.java:1915)
	at org.apache.ratis.util.IOUtils.getFromFuture(IOUtils.java:79)
	... 4 more
2019-09-16 16:19:30,820 [EventQueue-PipelineActionsForPipelineActionHandler] ERROR pipeline.PipelineActionHandler (PipelineActionHandler.java:onMessage(60)) - Received pipeline action CLOSE for Pipeline[ Id: cf85cf34-beb7-4b49-9a59-e0a55ed5c792, Nodes: 8f6ed14e-9847-41b2-84b1-f48134b0885d{ip: 192.168.34.47, host: pr-hdds-2111-ptm9r-3382166736, networkLocation: /default-rack, certSerialId: null}6151a780-4ba7-403b-be5b-70f0763d4a32{ip: 192.168.34.47, host: pr-hdds-2111-ptm9r-3382166736, networkLocation: /default-rack, certSerialId: null}d3f833b2-527d-4ab6-a086-d6ad4a131c32{ip: 192.168.34.47, host: pr-hdds-2111-ptm9r-3382166736, networkLocation: /default-rack, certSerialId: null}, Type:RATIS, Factor:THREE, State:CLOSED] from datanode d3f833b2-527d-4ab6-a086-d6ad4a131c32{ip: 192.168.34.47, host: pr-hdds-2111-ptm9r-3382166736, networkLocation: /default-rack, certSerialId: null}. Reason : d3f833b2-527d-4ab6-a086-d6ad4a131c32 has not seen follower/s 6151a780-4ba7-403b-be5b-70f0763d4a32 for 159927ms 8f6ed14e-9847-41b2-84b1-f48134b0885d for 159928ms
2019-09-16 16:19:30,821 [EventQueue-PipelineActionsForPipelineActionHandler] INFO  pipeline.SCMPipelineManager (SCMPipelineManager.java:finalizeAndDestroyPipeline(311)) - destroying pipeline:Pipeline[ Id: cf85cf34-beb7-4b49-9a59-e0a55ed5c792, Nodes: 8f6ed14e-9847-41b2-84b1-f48134b0885d{ip: 192.168.34.47, host: pr-hdds-2111-ptm9r-3382166736, networkLocation: /default-rack, certSerialId: null}6151a780-4ba7-403b-be5b-70f0763d4a32{ip: 192.168.34.47, host: pr-hdds-2111-ptm9r-3382166736, networkLocation: /default-rack, certSerialId: null}d3f833b2-527d-4ab6-a086-d6ad4a131c32{ip: 192.168.34.47, host: pr-hdds-2111-ptm9r-3382166736, networkLocation: /default-rack, certSerialId: null}, Type:RATIS, Factor:THREE, State:CLOSED]
2019-09-16 16:19:30,827 [java.util.concurrent.ThreadPoolExecutor$Worker@576cfcf[State = -1, empty queue]] WARN  server.GrpcLogAppender (GrpcLogAppender.java:timeoutAppendRequest(200)) - d3f833b2-527d-4ab6-a086-d6ad4a131c32@group-E0A55ED5C792->8f6ed14e-9847-41b2-84b1-f48134b0885d-GrpcLogAppender: appendEntries Timeout, request=d3f833b2-527d-4ab6-a086-d6ad4a131c32->8f6ed14e-9847-41b2-84b1-f48134b0885d#86-t1, previous=(t:1, i:23), leaderCommit=16, initializing? false, entries: <empty>
2019-09-16 16:19:30,828 [java.util.concurrent.ThreadPoolExecutor$Worker@22ff49d0[State = -1, empty queue]] WARN  server.GrpcLogAppender (GrpcLogAppender.java:timeoutAppendRequest(200)) - d3f833b2-527d-4ab6-a086-d6ad4a131c32@group-E0A55ED5C792->6151a780-4ba7-403b-be5b-70f0763d4a32-GrpcLogAppender: appendEntries Timeout, request=d3f833b2-527d-4ab6-a086-d6ad4a131c32->6151a780-4ba7-403b-be5b-70f0763d4a32#86-t1, previous=(t:1, i:23), leaderCommit=16, initializing? false, entries: <empty>
2019-09-16 16:19:31,917 [grpc-default-executor-5] INFO  client.GrpcClientProtocolClient (GrpcClientProtocolClient.java:onNext(264)) - client-2CD27A2BD368->8f6ed14e-9847-41b2-84b1-f48134b0885d: receive RaftClientReply:client-2CD27A2BD368->8f6ed14e-9847-41b2-84b1-f48134b0885d@group-E0A55ED5C792, cid=54, FAILED org.apache.ratis.protocol.NotLeaderException: Server 8f6ed14e-9847-41b2-84b1-f48134b0885d@group-E0A55ED5C792 is not the leader d3f833b2-527d-4ab6-a086-d6ad4a131c32:192.168.34.47:36523, logIndex=0, commits[8f6ed14e-9847-41b2-84b1-f48134b0885d:c16, 6151a780-4ba7-403b-be5b-70f0763d4a32:c14, d3f833b2-527d-4ab6-a086-d6ad4a131c32:c16]
2019-09-16 16:19:32,829 [org.apache.ratis.server.impl.LogAppender$AppenderDaemon$$Lambda$507/334588113@44a27a99] ERROR ratis.XceiverServerRatis (XceiverServerRatis.java:triggerPipelineClose(568)) - pipeline Action CLOSE  on pipeline PipelineID=cf85cf34-beb7-4b49-9a59-e0a55ed5c792.Reason : d3f833b2-527d-4ab6-a086-d6ad4a131c32 has not seen follower/s 6151a780-4ba7-403b-be5b-70f0763d4a32 for 162428ms 8f6ed14e-9847-41b2-84b1-f48134b0885d for 162429ms
2019-09-16 16:19:32,829 [org.apache.ratis.server.impl.LogAppender$AppenderDaemon$$Lambda$507/334588113@320b8e3c] ERROR ratis.XceiverServerRatis (XceiverServerRatis.java:triggerPipelineClose(568)) - pipeline Action CLOSE  on pipeline PipelineID=cf85cf34-beb7-4b49-9a59-e0a55ed5c792.Reason : d3f833b2-527d-4ab6-a086-d6ad4a131c32 has not seen follower/s 6151a780-4ba7-403b-be5b-70f0763d4a32 for 162428ms 8f6ed14e-9847-41b2-84b1-f48134b0885d for 162429ms
2019-09-16 16:19:33,328 [java.util.concurrent.ThreadPoolExecutor$Worker@576cfcf[State = -1, empty queue]] WARN  server.GrpcLogAppender (GrpcLogAppender.java:timeoutAppendRequest(200)) - d3f833b2-527d-4ab6-a086-d6ad4a131c32@group-E0A55ED5C792->8f6ed14e-9847-41b2-84b1-f48134b0885d-GrpcLogAppender: appendEntries Timeout, request=d3f833b2-527d-4ab6-a086-d6ad4a131c32->8f6ed14e-9847-41b2-84b1-f48134b0885d#87-t1, previous=(t:1, i:23), leaderCommit=16, initializing? false, entries: <empty>
2019-09-16 16:19:33,328 [java.util.concurrent.ThreadPoolExecutor$Worker@22ff49d0[State = -1, empty queue]] WARN  server.GrpcLogAppender (GrpcLogAppender.java:timeoutAppendRequest(200)) - d3f833b2-527d-4ab6-a086-d6ad4a131c32@group-E0A55ED5C792->6151a780-4ba7-403b-be5b-70f0763d4a32-GrpcLogAppender: appendEntries Timeout, request=d3f833b2-527d-4ab6-a086-d6ad4a131c32->6151a780-4ba7-403b-be5b-70f0763d4a32#87-t1, previous=(t:1, i:23), leaderCommit=16, initializing? false, entries: <empty>
2019-09-16 16:19:33,821 [EventQueue-PipelineActionsForPipelineActionHandler] ERROR pipeline.PipelineActionHandler (PipelineActionHandler.java:onMessage(60)) - Received pipeline action CLOSE for Pipeline[ Id: cf85cf34-beb7-4b49-9a59-e0a55ed5c792, Nodes: 8f6ed14e-9847-41b2-84b1-f48134b0885d{ip: 192.168.34.47, host: pr-hdds-2111-ptm9r-3382166736, networkLocation: /default-rack, certSerialId: null}6151a780-4ba7-403b-be5b-70f0763d4a32{ip: 192.168.34.47, host: pr-hdds-2111-ptm9r-3382166736, networkLocation: /default-rack, certSerialId: null}d3f833b2-527d-4ab6-a086-d6ad4a131c32{ip: 192.168.34.47, host: pr-hdds-2111-ptm9r-3382166736, networkLocation: /default-rack, certSerialId: null}, Type:RATIS, Factor:THREE, State:CLOSED] from datanode d3f833b2-527d-4ab6-a086-d6ad4a131c32{ip: 192.168.34.47, host: pr-hdds-2111-ptm9r-3382166736, networkLocation: /default-rack, certSerialId: null}. Reason : d3f833b2-527d-4ab6-a086-d6ad4a131c32 has not seen follower/s 6151a780-4ba7-403b-be5b-70f0763d4a32 for 162428ms 8f6ed14e-9847-41b2-84b1-f48134b0885d for 162429ms
2019-09-16 16:19:33,821 [EventQueue-PipelineActionsForPipelineActionHandler] INFO  pipeline.SCMPipelineManager (SCMPipelineManager.java:finalizeAndDestroyPipeline(311)) - destroying pipeline:Pipeline[ Id: cf85cf34-beb7-4b49-9a59-e0a55ed5c792, Nodes: 8f6ed14e-9847-41b2-84b1-f48134b0885d{ip: 192.168.34.47, host: pr-hdds-2111-ptm9r-3382166736, networkLocation: /default-rack, certSerialId: null}6151a780-4ba7-403b-be5b-70f0763d4a32{ip: 192.168.34.47, host: pr-hdds-2111-ptm9r-3382166736, networkLocation: /default-rack, certSerialId: null}d3f833b2-527d-4ab6-a086-d6ad4a131c32{ip: 192.168.34.47, host: pr-hdds-2111-ptm9r-3382166736, networkLocation: /default-rack, certSerialId: null}, Type:RATIS, Factor:THREE, State:CLOSED]
2019-09-16 16:19:35,330 [org.apache.ratis.server.impl.LogAppender$AppenderDaemon$$Lambda$507/334588113@44a27a99] ERROR ratis.XceiverServerRatis (XceiverServerRatis.java:triggerPipelineClose(568)) - pipeline Action CLOSE  on pipeline PipelineID=cf85cf34-beb7-4b49-9a59-e0a55ed5c792.Reason : d3f833b2-527d-4ab6-a086-d6ad4a131c32 has not seen follower/s 6151a780-4ba7-403b-be5b-70f0763d4a32 for 164929ms 8f6ed14e-9847-41b2-84b1-f48134b0885d for 164929ms
2019-09-16 16:19:35,330 [org.apache.ratis.server.impl.LogAppender$AppenderDaemon$$Lambda$507/334588113@320b8e3c] ERROR ratis.XceiverServerRatis (XceiverServerRatis.java:triggerPipelineClose(568)) - pipeline Action CLOSE  on pipeline PipelineID=cf85cf34-beb7-4b49-9a59-e0a55ed5c792.Reason : d3f833b2-527d-4ab6-a086-d6ad4a131c32 has not seen follower/s 6151a780-4ba7-403b-be5b-70f0763d4a32 for 164929ms 8f6ed14e-9847-41b2-84b1-f48134b0885d for 164929ms
2019-09-16 16:19:35,822 [EventQueue-PipelineActionsForPipelineActionHandler] ERROR pipeline.PipelineActionHandler (PipelineActionHandler.java:onMessage(60)) - Received pipeline action CLOSE for Pipeline[ Id: cf85cf34-beb7-4b49-9a59-e0a55ed5c792, Nodes: 8f6ed14e-9847-41b2-84b1-f48134b0885d{ip: 192.168.34.47, host: pr-hdds-2111-ptm9r-3382166736, networkLocation: /default-rack, certSerialId: null}6151a780-4ba7-403b-be5b-70f0763d4a32{ip: 192.168.34.47, host: pr-hdds-2111-ptm9r-3382166736, networkLocation: /default-rack, certSerialId: null}d3f833b2-527d-4ab6-a086-d6ad4a131c32{ip: 192.168.34.47, host: pr-hdds-2111-ptm9r-3382166736, networkLocation: /default-rack, certSerialId: null}, Type:RATIS, Factor:THREE, State:CLOSED] from datanode d3f833b2-527d-4ab6-a086-d6ad4a131c32{ip: 192.168.34.47, host: pr-hdds-2111-ptm9r-3382166736, networkLocation: /default-rack, certSerialId: null}. Reason : d3f833b2-527d-4ab6-a086-d6ad4a131c32 has not seen follower/s 6151a780-4ba7-403b-be5b-70f0763d4a32 for 164929ms 8f6ed14e-9847-41b2-84b1-f48134b0885d for 164929ms
2019-09-16 16:19:35,822 [EventQueue-PipelineActionsForPipelineActionHandler] INFO  pipeline.SCMPipelineManager (SCMPipelineManager.java:finalizeAndDestroyPipeline(311)) - destroying pipeline:Pipeline[ Id: cf85cf34-beb7-4b49-9a59-e0a55ed5c792, Nodes: 8f6ed14e-9847-41b2-84b1-f48134b0885d{ip: 192.168.34.47, host: pr-hdds-2111-ptm9r-3382166736, networkLocation: /default-rack, certSerialId: null}6151a780-4ba7-403b-be5b-70f0763d4a32{ip: 192.168.34.47, host: pr-hdds-2111-ptm9r-3382166736, networkLocation: /default-rack, certSerialId: null}d3f833b2-527d-4ab6-a086-d6ad4a131c32{ip: 192.168.34.47, host: pr-hdds-2111-ptm9r-3382166736, networkLocation: /default-rack, certSerialId: null}, Type:RATIS, Factor:THREE, State:CLOSED]
2019-09-16 16:19:35,829 [java.util.concurrent.ThreadPoolExecutor$Worker@576cfcf[State = -1, empty queue]] WARN  server.GrpcLogAppender (GrpcLogAppender.java:timeoutAppendRequest(200)) - d3f833b2-527d-4ab6-a086-d6ad4a131c32@group-E0A55ED5C792->8f6ed14e-9847-41b2-84b1-f48134b0885d-GrpcLogAppender: appendEntries Timeout, request=d3f833b2-527d-4ab6-a086-d6ad4a131c32->8f6ed14e-9847-41b2-84b1-f48134b0885d#88-t1, previous=(t:1, i:23), leaderCommit=16, initializing? false, entries: <empty>
2019-09-16 16:19:35,829 [java.util.concurrent.ThreadPoolExecutor$Worker@22ff49d0[State = -1, empty queue]] WARN  server.GrpcLogAppender (GrpcLogAppender.java:timeoutAppendRequest(200)) - d3f833b2-527d-4ab6-a086-d6ad4a131c32@group-E0A55ED5C792->6151a780-4ba7-403b-be5b-70f0763d4a32-GrpcLogAppender: appendEntries Timeout, request=d3f833b2-527d-4ab6-a086-d6ad4a131c32->6151a780-4ba7-403b-be5b-70f0763d4a32#88-t1, previous=(t:1, i:23), leaderCommit=16, initializing? false, entries: <empty>
2019-09-16 16:19:36,950 [grpc-default-executor-6] INFO  client.GrpcClientProtocolClient (GrpcClientProtocolClient.java:onNext(264)) - client-2CD27A2BD368->6151a780-4ba7-403b-be5b-70f0763d4a32: receive RaftClientReply:client-2CD27A2BD368->6151a780-4ba7-403b-be5b-70f0763d4a32@group-E0A55ED5C792, cid=54, FAILED org.apache.ratis.protocol.NotLeaderException: Server 6151a780-4ba7-403b-be5b-70f0763d4a32@group-E0A55ED5C792 is not the leader d3f833b2-527d-4ab6-a086-d6ad4a131c32:192.168.34.47:36523, logIndex=0, commits[6151a780-4ba7-403b-be5b-70f0763d4a32:c16, d3f833b2-527d-4ab6-a086-d6ad4a131c32:c16, 8f6ed14e-9847-41b2-84b1-f48134b0885d:c14]
2019-09-16 16:19:37,831 [org.apache.ratis.server.impl.LogAppender$AppenderDaemon$$Lambda$507/334588113@44a27a99] ERROR ratis.XceiverServerRatis (XceiverServerRatis.java:triggerPipelineClose(568)) - pipeline Action CLOSE  on pipeline PipelineID=cf85cf34-beb7-4b49-9a59-e0a55ed5c792.Reason : d3f833b2-527d-4ab6-a086-d6ad4a131c32 has not seen follower/s 6151a780-4ba7-403b-be5b-70f0763d4a32 for 167430ms 8f6ed14e-9847-41b2-84b1-f48134b0885d for 167430ms
2019-09-16 16:19:37,831 [org.apache.ratis.server.impl.LogAppender$AppenderDaemon$$Lambda$507/334588113@320b8e3c] ERROR ratis.XceiverServerRatis (XceiverServerRatis.java:triggerPipelineClose(568)) - pipeline Action CLOSE  on pipeline PipelineID=cf85cf34-beb7-4b49-9a59-e0a55ed5c792.Reason : d3f833b2-527d-4ab6-a086-d6ad4a131c32 has not seen follower/s 6151a780-4ba7-403b-be5b-70f0763d4a32 for 167430ms 8f6ed14e-9847-41b2-84b1-f48134b0885d for 167430ms
2019-09-16 16:19:38,330 [java.util.concurrent.ThreadPoolExecutor$Worker@576cfcf[State = -1, empty queue]] WARN  server.GrpcLogAppender (GrpcLogAppender.java:timeoutAppendRequest(200)) - d3f833b2-527d-4ab6-a086-d6ad4a131c32@group-E0A55ED5C792->8f6ed14e-9847-41b2-84b1-f48134b0885d-GrpcLogAppender: appendEntries Timeout, request=d3f833b2-527d-4ab6-a086-d6ad4a131c32->8f6ed14e-9847-41b2-84b1-f48134b0885d#89-t1, previous=(t:1, i:23), leaderCommit=16, initializing? false, entries: <empty>
2019-09-16 16:19:38,330 [java.util.concurrent.ThreadPoolExecutor$Worker@22ff49d0[State = -1, empty queue]] WARN  server.GrpcLogAppender (GrpcLogAppender.java:timeoutAppendRequest(200)) - d3f833b2-527d-4ab6-a086-d6ad4a131c32@group-E0A55ED5C792->6151a780-4ba7-403b-be5b-70f0763d4a32-GrpcLogAppender: appendEntries Timeout, request=d3f833b2-527d-4ab6-a086-d6ad4a131c32->6151a780-4ba7-403b-be5b-70f0763d4a32#89-t1, previous=(t:1, i:23), leaderCommit=16, initializing? false, entries: <empty>
2019-09-16 16:19:38,822 [EventQueue-PipelineActionsForPipelineActionHandler] ERROR pipeline.PipelineActionHandler (PipelineActionHandler.java:onMessage(60)) - Received pipeline action CLOSE for Pipeline[ Id: cf85cf34-beb7-4b49-9a59-e0a55ed5c792, Nodes: 8f6ed14e-9847-41b2-84b1-f48134b0885d{ip: 192.168.34.47, host: pr-hdds-2111-ptm9r-3382166736, networkLocation: /default-rack, certSerialId: null}6151a780-4ba7-403b-be5b-70f0763d4a32{ip: 192.168.34.47, host: pr-hdds-2111-ptm9r-3382166736, networkLocation: /default-rack, certSerialId: null}d3f833b2-527d-4ab6-a086-d6ad4a131c32{ip: 192.168.34.47, host: pr-hdds-2111-ptm9r-3382166736, networkLocation: /default-rack, certSerialId: null}, Type:RATIS, Factor:THREE, State:CLOSED] from datanode d3f833b2-527d-4ab6-a086-d6ad4a131c32{ip: 192.168.34.47, host: pr-hdds-2111-ptm9r-3382166736, networkLocation: /default-rack, certSerialId: null}. Reason : d3f833b2-527d-4ab6-a086-d6ad4a131c32 has not seen follower/s 6151a780-4ba7-403b-be5b-70f0763d4a32 for 167430ms 8f6ed14e-9847-41b2-84b1-f48134b0885d for 167430ms
2019-09-16 16:19:38,822 [EventQueue-PipelineActionsForPipelineActionHandler] INFO  pipeline.SCMPipelineManager (SCMPipelineManager.java:finalizeAndDestroyPipeline(311)) - destroying pipeline:Pipeline[ Id: cf85cf34-beb7-4b49-9a59-e0a55ed5c792, Nodes: 8f6ed14e-9847-41b2-84b1-f48134b0885d{ip: 192.168.34.47, host: pr-hdds-2111-ptm9r-3382166736, networkLocation: /default-rack, certSerialId: null}6151a780-4ba7-403b-be5b-70f0763d4a32{ip: 192.168.34.47, host: pr-hdds-2111-ptm9r-3382166736, networkLocation: /default-rack, certSerialId: null}d3f833b2-527d-4ab6-a086-d6ad4a131c32{ip: 192.168.34.47, host: pr-hdds-2111-ptm9r-3382166736, networkLocation: /default-rack, certSerialId: null}, Type:RATIS, Factor:THREE, State:CLOSED]
2019-09-16 16:19:40,332 [org.apache.ratis.server.impl.LogAppender$AppenderDaemon$$Lambda$507/334588113@44a27a99] ERROR ratis.XceiverServerRatis (XceiverServerRatis.java:triggerPipelineClose(568)) - pipeline Action CLOSE  on pipeline PipelineID=cf85cf34-beb7-4b49-9a59-e0a55ed5c792.Reason : d3f833b2-527d-4ab6-a086-d6ad4a131c32 has not seen follower/s 6151a780-4ba7-403b-be5b-70f0763d4a32 for 169931ms 8f6ed14e-9847-41b2-84b1-f48134b0885d for 169931ms
2019-09-16 16:19:40,332 [org.apache.ratis.server.impl.LogAppender$AppenderDaemon$$Lambda$507/334588113@320b8e3c] ERROR ratis.XceiverServerRatis (XceiverServerRatis.java:triggerPipelineClose(568)) - pipeline Action CLOSE  on pipeline PipelineID=cf85cf34-beb7-4b49-9a59-e0a55ed5c792.Reason : d3f833b2-527d-4ab6-a086-d6ad4a131c32 has not seen follower/s 6151a780-4ba7-403b-be5b-70f0763d4a32 for 169931ms 8f6ed14e-9847-41b2-84b1-f48134b0885d for 169931ms
2019-09-16 16:19:40,596 [d3f833b2-527d-4ab6-a086-d6ad4a131c32@group-E0A55ED5C792-SegmentedRaftLogWorker] WARN  segmented.SegmentedRaftLogWorker (SegmentedRaftLogWorker.java:getFromFuture(90)) - Timeout 16/~
org.apache.ratis.protocol.TimeoutIOException: Timeout 10s: WriteLog:17: (t:1, i:17), STATEMACHINELOGENTRY, client-2CD27A2BD368, cid=54-writeStateMachineData
	at org.apache.ratis.util.IOUtils.getFromFuture(IOUtils.java:87)
	at org.apache.ratis.server.raftlog.segmented.SegmentedRaftLogWorker$StateMachineDataPolicy.getFromFuture(SegmentedRaftLogWorker.java:87)
	at org.apache.ratis.server.raftlog.segmented.SegmentedRaftLogWorker$WriteLog.execute(SegmentedRaftLogWorker.java:477)
	at org.apache.ratis.server.raftlog.segmented.SegmentedRaftLogWorker.run(SegmentedRaftLogWorker.java:289)
	at java.lang.Thread.run(Thread.java:748)
Caused by: java.util.concurrent.TimeoutException
	at java.util.concurrent.CompletableFuture.timedGet(CompletableFuture.java:1771)
	at java.util.concurrent.CompletableFuture.get(CompletableFuture.java:1915)
	at org.apache.ratis.util.IOUtils.getFromFuture(IOUtils.java:79)
	... 4 more
2019-09-16 16:19:40,631 [8f6ed14e-9847-41b2-84b1-f48134b0885d@group-E0A55ED5C792-SegmentedRaftLogWorker] WARN  segmented.SegmentedRaftLogWorker (SegmentedRaftLogWorker.java:getFromFuture(90)) - Timeout 16/~
org.apache.ratis.protocol.TimeoutIOException: Timeout 10s: WriteLog:17: (t:1, i:17), STATEMACHINELOGENTRY, client-2CD27A2BD368, cid=54-writeStateMachineData
	at org.apache.ratis.util.IOUtils.getFromFuture(IOUtils.java:87)
	at org.apache.ratis.server.raftlog.segmented.SegmentedRaftLogWorker$StateMachineDataPolicy.getFromFuture(SegmentedRaftLogWorker.java:87)
	at org.apache.ratis.server.raftlog.segmented.SegmentedRaftLogWorker$WriteLog.execute(SegmentedRaftLogWorker.java:477)
	at org.apache.ratis.server.raftlog.segmented.SegmentedRaftLogWorker.run(SegmentedRaftLogWorker.java:289)
	at java.lang.Thread.run(Thread.java:748)
Caused by: java.util.concurrent.TimeoutException
	at java.util.concurrent.CompletableFuture.timedGet(CompletableFuture.java:1771)
	at java.util.concurrent.CompletableFuture.get(CompletableFuture.java:1915)
	at org.apache.ratis.util.IOUtils.getFromFuture(IOUtils.java:79)
	... 4 more
2019-09-16 16:19:40,745 [6151a780-4ba7-403b-be5b-70f0763d4a32@group-E0A55ED5C792-SegmentedRaftLogWorker] WARN  segmented.SegmentedRaftLogWorker (SegmentedRaftLogWorker.java:getFromFuture(90)) - Timeout 16/~
org.apache.ratis.protocol.TimeoutIOException: Timeout 10s: WriteLog:17: (t:1, i:17), STATEMACHINELOGENTRY, client-2CD27A2BD368, cid=54-writeStateMachineData
	at org.apache.ratis.util.IOUtils.getFromFuture(IOUtils.java:87)
	at org.apache.ratis.server.raftlog.segmented.SegmentedRaftLogWorker$StateMachineDataPolicy.getFromFuture(SegmentedRaftLogWorker.java:87)
	at org.apache.ratis.server.raftlog.segmented.SegmentedRaftLogWorker$WriteLog.execute(SegmentedRaftLogWorker.java:477)
	at org.apache.ratis.server.raftlog.segmented.SegmentedRaftLogWorker.run(SegmentedRaftLogWorker.java:289)
	at java.lang.Thread.run(Thread.java:748)
Caused by: java.util.concurrent.TimeoutException
	at java.util.concurrent.CompletableFuture.timedGet(CompletableFuture.java:1771)
	at java.util.concurrent.CompletableFuture.get(CompletableFuture.java:1915)
	at org.apache.ratis.util.IOUtils.getFromFuture(IOUtils.java:79)
	... 4 more
2019-09-16 16:19:40,822 [EventQueue-PipelineActionsForPipelineActionHandler] ERROR pipeline.PipelineActionHandler (PipelineActionHandler.java:onMessage(60)) - Received pipeline action CLOSE for Pipeline[ Id: cf85cf34-beb7-4b49-9a59-e0a55ed5c792, Nodes: 8f6ed14e-9847-41b2-84b1-f48134b0885d{ip: 192.168.34.47, host: pr-hdds-2111-ptm9r-3382166736, networkLocation: /default-rack, certSerialId: null}6151a780-4ba7-403b-be5b-70f0763d4a32{ip: 192.168.34.47, host: pr-hdds-2111-ptm9r-3382166736, networkLocation: /default-rack, certSerialId: null}d3f833b2-527d-4ab6-a086-d6ad4a131c32{ip: 192.168.34.47, host: pr-hdds-2111-ptm9r-3382166736, networkLocation: /default-rack, certSerialId: null}, Type:RATIS, Factor:THREE, State:CLOSED] from datanode d3f833b2-527d-4ab6-a086-d6ad4a131c32{ip: 192.168.34.47, host: pr-hdds-2111-ptm9r-3382166736, networkLocation: /default-rack, certSerialId: null}. Reason : d3f833b2-527d-4ab6-a086-d6ad4a131c32 has not seen follower/s 6151a780-4ba7-403b-be5b-70f0763d4a32 for 169931ms 8f6ed14e-9847-41b2-84b1-f48134b0885d for 169931ms
2019-09-16 16:19:40,823 [EventQueue-PipelineActionsForPipelineActionHandler] INFO  pipeline.SCMPipelineManager (SCMPipelineManager.java:finalizeAndDestroyPipeline(311)) - destroying pipeline:Pipeline[ Id: cf85cf34-beb7-4b49-9a59-e0a55ed5c792, Nodes: 8f6ed14e-9847-41b2-84b1-f48134b0885d{ip: 192.168.34.47, host: pr-hdds-2111-ptm9r-3382166736, networkLocation: /default-rack, certSerialId: null}6151a780-4ba7-403b-be5b-70f0763d4a32{ip: 192.168.34.47, host: pr-hdds-2111-ptm9r-3382166736, networkLocation: /default-rack, certSerialId: null}d3f833b2-527d-4ab6-a086-d6ad4a131c32{ip: 192.168.34.47, host: pr-hdds-2111-ptm9r-3382166736, networkLocation: /default-rack, certSerialId: null}, Type:RATIS, Factor:THREE, State:CLOSED]
2019-09-16 16:19:40,831 [java.util.concurrent.ThreadPoolExecutor$Worker@576cfcf[State = -1, empty queue]] WARN  server.GrpcLogAppender (GrpcLogAppender.java:timeoutAppendRequest(200)) - d3f833b2-527d-4ab6-a086-d6ad4a131c32@group-E0A55ED5C792->8f6ed14e-9847-41b2-84b1-f48134b0885d-GrpcLogAppender: appendEntries Timeout, request=d3f833b2-527d-4ab6-a086-d6ad4a131c32->8f6ed14e-9847-41b2-84b1-f48134b0885d#90-t1, previous=(t:1, i:23), leaderCommit=16, initializing? false, entries: <empty>
2019-09-16 16:19:40,831 [java.util.concurrent.ThreadPoolExecutor$Worker@22ff49d0[State = -1, empty queue]] WARN  server.GrpcLogAppender (GrpcLogAppender.java:timeoutAppendRequest(200)) - d3f833b2-527d-4ab6-a086-d6ad4a131c32@group-E0A55ED5C792->6151a780-4ba7-403b-be5b-70f0763d4a32-GrpcLogAppender: appendEntries Timeout, request=d3f833b2-527d-4ab6-a086-d6ad4a131c32->6151a780-4ba7-403b-be5b-70f0763d4a32#90-t1, previous=(t:1, i:23), leaderCommit=16, initializing? false, entries: <empty>
2019-09-16 16:19:41,988 [grpc-default-executor-5] INFO  client.GrpcClientProtocolClient (GrpcClientProtocolClient.java:onNext(264)) - client-2CD27A2BD368->8f6ed14e-9847-41b2-84b1-f48134b0885d: receive RaftClientReply:client-2CD27A2BD368->8f6ed14e-9847-41b2-84b1-f48134b0885d@group-E0A55ED5C792, cid=54, FAILED org.apache.ratis.protocol.NotLeaderException: Server 8f6ed14e-9847-41b2-84b1-f48134b0885d@group-E0A55ED5C792 is not the leader d3f833b2-527d-4ab6-a086-d6ad4a131c32:192.168.34.47:36523, logIndex=0, commits[8f6ed14e-9847-41b2-84b1-f48134b0885d:c16, 6151a780-4ba7-403b-be5b-70f0763d4a32:c14, d3f833b2-527d-4ab6-a086-d6ad4a131c32:c16]
2019-09-16 16:19:42,832 [org.apache.ratis.server.impl.LogAppender$AppenderDaemon$$Lambda$507/334588113@320b8e3c] ERROR ratis.XceiverServerRatis (XceiverServerRatis.java:triggerPipelineClose(568)) - pipeline Action CLOSE  on pipeline PipelineID=cf85cf34-beb7-4b49-9a59-e0a55ed5c792.Reason : d3f833b2-527d-4ab6-a086-d6ad4a131c32 has not seen follower/s 6151a780-4ba7-403b-be5b-70f0763d4a32 for 172431ms 8f6ed14e-9847-41b2-84b1-f48134b0885d for 172432ms
2019-09-16 16:19:42,832 [org.apache.ratis.server.impl.LogAppender$AppenderDaemon$$Lambda$507/334588113@44a27a99] ERROR ratis.XceiverServerRatis (XceiverServerRatis.java:triggerPipelineClose(568)) - pipeline Action CLOSE  on pipeline PipelineID=cf85cf34-beb7-4b49-9a59-e0a55ed5c792.Reason : d3f833b2-527d-4ab6-a086-d6ad4a131c32 has not seen follower/s 6151a780-4ba7-403b-be5b-70f0763d4a32 for 172431ms 8f6ed14e-9847-41b2-84b1-f48134b0885d for 172432ms
2019-09-16 16:19:43,332 [java.util.concurrent.ThreadPoolExecutor$Worker@22ff49d0[State = -1, empty queue]] WARN  server.GrpcLogAppender (GrpcLogAppender.java:timeoutAppendRequest(200)) - d3f833b2-527d-4ab6-a086-d6ad4a131c32@group-E0A55ED5C792->6151a780-4ba7-403b-be5b-70f0763d4a32-GrpcLogAppender: appendEntries Timeout, request=d3f833b2-527d-4ab6-a086-d6ad4a131c32->6151a780-4ba7-403b-be5b-70f0763d4a32#91-t1, previous=(t:1, i:23), leaderCommit=16, initializing? false, entries: <empty>
2019-09-16 16:19:43,332 [java.util.concurrent.ThreadPoolExecutor$Worker@576cfcf[State = -1, empty queue]] WARN  server.GrpcLogAppender (GrpcLogAppender.java:timeoutAppendRequest(200)) - d3f833b2-527d-4ab6-a086-d6ad4a131c32@group-E0A55ED5C792->8f6ed14e-9847-41b2-84b1-f48134b0885d-GrpcLogAppender: appendEntries Timeout, request=d3f833b2-527d-4ab6-a086-d6ad4a131c32->8f6ed14e-9847-41b2-84b1-f48134b0885d#91-t1, previous=(t:1, i:23), leaderCommit=16, initializing? false, entries: <empty>
2019-09-16 16:19:43,822 [EventQueue-PipelineActionsForPipelineActionHandler] ERROR pipeline.PipelineActionHandler (PipelineActionHandler.java:onMessage(60)) - Received pipeline action CLOSE for Pipeline[ Id: cf85cf34-beb7-4b49-9a59-e0a55ed5c792, Nodes: 8f6ed14e-9847-41b2-84b1-f48134b0885d{ip: 192.168.34.47, host: pr-hdds-2111-ptm9r-3382166736, networkLocation: /default-rack, certSerialId: null}6151a780-4ba7-403b-be5b-70f0763d4a32{ip: 192.168.34.47, host: pr-hdds-2111-ptm9r-3382166736, networkLocation: /default-rack, certSerialId: null}d3f833b2-527d-4ab6-a086-d6ad4a131c32{ip: 192.168.34.47, host: pr-hdds-2111-ptm9r-3382166736, networkLocation: /default-rack, certSerialId: null}, Type:RATIS, Factor:THREE, State:CLOSED] from datanode d3f833b2-527d-4ab6-a086-d6ad4a131c32{ip: 192.168.34.47, host: pr-hdds-2111-ptm9r-3382166736, networkLocation: /default-rack, certSerialId: null}. Reason : d3f833b2-527d-4ab6-a086-d6ad4a131c32 has not seen follower/s 6151a780-4ba7-403b-be5b-70f0763d4a32 for 172431ms 8f6ed14e-9847-41b2-84b1-f48134b0885d for 172432ms
2019-09-16 16:19:43,822 [EventQueue-PipelineActionsForPipelineActionHandler] INFO  pipeline.SCMPipelineManager (SCMPipelineManager.java:finalizeAndDestroyPipeline(311)) - destroying pipeline:Pipeline[ Id: cf85cf34-beb7-4b49-9a59-e0a55ed5c792, Nodes: 8f6ed14e-9847-41b2-84b1-f48134b0885d{ip: 192.168.34.47, host: pr-hdds-2111-ptm9r-3382166736, networkLocation: /default-rack, certSerialId: null}6151a780-4ba7-403b-be5b-70f0763d4a32{ip: 192.168.34.47, host: pr-hdds-2111-ptm9r-3382166736, networkLocation: /default-rack, certSerialId: null}d3f833b2-527d-4ab6-a086-d6ad4a131c32{ip: 192.168.34.47, host: pr-hdds-2111-ptm9r-3382166736, networkLocation: /default-rack, certSerialId: null}, Type:RATIS, Factor:THREE, State:CLOSED]
2019-09-16 16:19:45,334 [org.apache.ratis.server.impl.LogAppender$AppenderDaemon$$Lambda$507/334588113@44a27a99] ERROR ratis.XceiverServerRatis (XceiverServerRatis.java:triggerPipelineClose(568)) - pipeline Action CLOSE  on pipeline PipelineID=cf85cf34-beb7-4b49-9a59-e0a55ed5c792.Reason : d3f833b2-527d-4ab6-a086-d6ad4a131c32 has not seen follower/s 6151a780-4ba7-403b-be5b-70f0763d4a32 for 174933ms 8f6ed14e-9847-41b2-84b1-f48134b0885d for 174933ms
2019-09-16 16:19:45,334 [org.apache.ratis.server.impl.LogAppender$AppenderDaemon$$Lambda$507/334588113@320b8e3c] ERROR ratis.XceiverServerRatis (XceiverServerRatis.java:triggerPipelineClose(568)) - pipeline Action CLOSE  on pipeline PipelineID=cf85cf34-beb7-4b49-9a59-e0a55ed5c792.Reason : d3f833b2-527d-4ab6-a086-d6ad4a131c32 has not seen follower/s 6151a780-4ba7-403b-be5b-70f0763d4a32 for 174933ms 8f6ed14e-9847-41b2-84b1-f48134b0885d for 174933ms
2019-09-16 16:19:45,823 [EventQueue-PipelineActionsForPipelineActionHandler] ERROR pipeline.PipelineActionHandler (PipelineActionHandler.java:onMessage(60)) - Received pipeline action CLOSE for Pipeline[ Id: cf85cf34-beb7-4b49-9a59-e0a55ed5c792, Nodes: 8f6ed14e-9847-41b2-84b1-f48134b0885d{ip: 192.168.34.47, host: pr-hdds-2111-ptm9r-3382166736, networkLocation: /default-rack, certSerialId: null}6151a780-4ba7-403b-be5b-70f0763d4a32{ip: 192.168.34.47, host: pr-hdds-2111-ptm9r-3382166736, networkLocation: /default-rack, certSerialId: null}d3f833b2-527d-4ab6-a086-d6ad4a131c32{ip: 192.168.34.47, host: pr-hdds-2111-ptm9r-3382166736, networkLocation: /default-rack, certSerialId: null}, Type:RATIS, Factor:THREE, State:CLOSED] from datanode d3f833b2-527d-4ab6-a086-d6ad4a131c32{ip: 192.168.34.47, host: pr-hdds-2111-ptm9r-3382166736, networkLocation: /default-rack, certSerialId: null}. Reason : d3f833b2-527d-4ab6-a086-d6ad4a131c32 has not seen follower/s 6151a780-4ba7-403b-be5b-70f0763d4a32 for 174933ms 8f6ed14e-9847-41b2-84b1-f48134b0885d for 174933ms
2019-09-16 16:19:45,824 [EventQueue-PipelineActionsForPipelineActionHandler] INFO  pipeline.SCMPipelineManager (SCMPipelineManager.java:finalizeAndDestroyPipeline(311)) - destroying pipeline:Pipeline[ Id: cf85cf34-beb7-4b49-9a59-e0a55ed5c792, Nodes: 8f6ed14e-9847-41b2-84b1-f48134b0885d{ip: 192.168.34.47, host: pr-hdds-2111-ptm9r-3382166736, networkLocation: /default-rack, certSerialId: null}6151a780-4ba7-403b-be5b-70f0763d4a32{ip: 192.168.34.47, host: pr-hdds-2111-ptm9r-3382166736, networkLocation: /default-rack, certSerialId: null}d3f833b2-527d-4ab6-a086-d6ad4a131c32{ip: 192.168.34.47, host: pr-hdds-2111-ptm9r-3382166736, networkLocation: /default-rack, certSerialId: null}, Type:RATIS, Factor:THREE, State:CLOSED]
2019-09-16 16:19:45,832 [java.util.concurrent.ThreadPoolExecutor$Worker@576cfcf[State = -1, empty queue]] WARN  server.GrpcLogAppender (GrpcLogAppender.java:timeoutAppendRequest(200)) - d3f833b2-527d-4ab6-a086-d6ad4a131c32@group-E0A55ED5C792->8f6ed14e-9847-41b2-84b1-f48134b0885d-GrpcLogAppender: appendEntries Timeout, request=d3f833b2-527d-4ab6-a086-d6ad4a131c32->8f6ed14e-9847-41b2-84b1-f48134b0885d#92-t1, previous=(t:1, i:23), leaderCommit=16, initializing? false, entries: <empty>
2019-09-16 16:19:45,832 [java.util.concurrent.ThreadPoolExecutor$Worker@22ff49d0[State = -1, empty queue]] WARN  server.GrpcLogAppender (GrpcLogAppender.java:timeoutAppendRequest(200)) - d3f833b2-527d-4ab6-a086-d6ad4a131c32@group-E0A55ED5C792->6151a780-4ba7-403b-be5b-70f0763d4a32-GrpcLogAppender: appendEntries Timeout, request=d3f833b2-527d-4ab6-a086-d6ad4a131c32->6151a780-4ba7-403b-be5b-70f0763d4a32#92-t1, previous=(t:1, i:23), leaderCommit=16, initializing? false, entries: <empty>
2019-09-16 16:19:47,031 [grpc-default-executor-6] INFO  client.GrpcClientProtocolClient (GrpcClientProtocolClient.java:onNext(264)) - client-2CD27A2BD368->8f6ed14e-9847-41b2-84b1-f48134b0885d: receive RaftClientReply:client-2CD27A2BD368->8f6ed14e-9847-41b2-84b1-f48134b0885d@group-E0A55ED5C792, cid=54, FAILED org.apache.ratis.protocol.NotLeaderException: Server 8f6ed14e-9847-41b2-84b1-f48134b0885d@group-E0A55ED5C792 is not the leader d3f833b2-527d-4ab6-a086-d6ad4a131c32:192.168.34.47:36523, logIndex=0, commits[8f6ed14e-9847-41b2-84b1-f48134b0885d:c16, 6151a780-4ba7-403b-be5b-70f0763d4a32:c14, d3f833b2-527d-4ab6-a086-d6ad4a131c32:c16]
2019-09-16 16:19:47,835 [org.apache.ratis.server.impl.LogAppender$AppenderDaemon$$Lambda$507/334588113@320b8e3c] ERROR ratis.XceiverServerRatis (XceiverServerRatis.java:triggerPipelineClose(568)) - pipeline Action CLOSE  on pipeline PipelineID=cf85cf34-beb7-4b49-9a59-e0a55ed5c792.Reason : d3f833b2-527d-4ab6-a086-d6ad4a131c32 has not seen follower/s 6151a780-4ba7-403b-be5b-70f0763d4a32 for 177433ms 8f6ed14e-9847-41b2-84b1-f48134b0885d for 177434ms
2019-09-16 16:19:47,835 [org.apache.ratis.server.impl.LogAppender$AppenderDaemon$$Lambda$507/334588113@44a27a99] ERROR ratis.XceiverServerRatis (XceiverServerRatis.java:triggerPipelineClose(568)) - pipeline Action CLOSE  on pipeline PipelineID=cf85cf34-beb7-4b49-9a59-e0a55ed5c792.Reason : d3f833b2-527d-4ab6-a086-d6ad4a131c32 has not seen follower/s 6151a780-4ba7-403b-be5b-70f0763d4a32 for 177433ms 8f6ed14e-9847-41b2-84b1-f48134b0885d for 177434ms
2019-09-16 16:19:48,334 [java.util.concurrent.ThreadPoolExecutor$Worker@576cfcf[State = -1, empty queue]] WARN  server.GrpcLogAppender (GrpcLogAppender.java:timeoutAppendRequest(200)) - d3f833b2-527d-4ab6-a086-d6ad4a131c32@group-E0A55ED5C792->8f6ed14e-9847-41b2-84b1-f48134b0885d-GrpcLogAppender: appendEntries Timeout, request=d3f833b2-527d-4ab6-a086-d6ad4a131c32->8f6ed14e-9847-41b2-84b1-f48134b0885d#93-t1, previous=(t:1, i:23), leaderCommit=16, initializing? false, entries: <empty>
2019-09-16 16:19:48,334 [java.util.concurrent.ThreadPoolExecutor$Worker@22ff49d0[State = -1, empty queue]] WARN  server.GrpcLogAppender (GrpcLogAppender.java:timeoutAppendRequest(200)) - d3f833b2-527d-4ab6-a086-d6ad4a131c32@group-E0A55ED5C792->6151a780-4ba7-403b-be5b-70f0763d4a32-GrpcLogAppender: appendEntries Timeout, request=d3f833b2-527d-4ab6-a086-d6ad4a131c32->6151a780-4ba7-403b-be5b-70f0763d4a32#93-t1, previous=(t:1, i:23), leaderCommit=16, initializing? false, entries: <empty>
2019-09-16 16:19:48,822 [EventQueue-PipelineActionsForPipelineActionHandler] ERROR pipeline.PipelineActionHandler (PipelineActionHandler.java:onMessage(60)) - Received pipeline action CLOSE for Pipeline[ Id: cf85cf34-beb7-4b49-9a59-e0a55ed5c792, Nodes: 8f6ed14e-9847-41b2-84b1-f48134b0885d{ip: 192.168.34.47, host: pr-hdds-2111-ptm9r-3382166736, networkLocation: /default-rack, certSerialId: null}6151a780-4ba7-403b-be5b-70f0763d4a32{ip: 192.168.34.47, host: pr-hdds-2111-ptm9r-3382166736, networkLocation: /default-rack, certSerialId: null}d3f833b2-527d-4ab6-a086-d6ad4a131c32{ip: 192.168.34.47, host: pr-hdds-2111-ptm9r-3382166736, networkLocation: /default-rack, certSerialId: null}, Type:RATIS, Factor:THREE, State:CLOSED] from datanode d3f833b2-527d-4ab6-a086-d6ad4a131c32{ip: 192.168.34.47, host: pr-hdds-2111-ptm9r-3382166736, networkLocation: /default-rack, certSerialId: null}. Reason : d3f833b2-527d-4ab6-a086-d6ad4a131c32 has not seen follower/s 6151a780-4ba7-403b-be5b-70f0763d4a32 for 177433ms 8f6ed14e-9847-41b2-84b1-f48134b0885d for 177434ms
2019-09-16 16:19:48,823 [EventQueue-PipelineActionsForPipelineActionHandler] INFO  pipeline.SCMPipelineManager (SCMPipelineManager.java:finalizeAndDestroyPipeline(311)) - destroying pipeline:Pipeline[ Id: cf85cf34-beb7-4b49-9a59-e0a55ed5c792, Nodes: 8f6ed14e-9847-41b2-84b1-f48134b0885d{ip: 192.168.34.47, host: pr-hdds-2111-ptm9r-3382166736, networkLocation: /default-rack, certSerialId: null}6151a780-4ba7-403b-be5b-70f0763d4a32{ip: 192.168.34.47, host: pr-hdds-2111-ptm9r-3382166736, networkLocation: /default-rack, certSerialId: null}d3f833b2-527d-4ab6-a086-d6ad4a131c32{ip: 192.168.34.47, host: pr-hdds-2111-ptm9r-3382166736, networkLocation: /default-rack, certSerialId: null}, Type:RATIS, Factor:THREE, State:CLOSED]
2019-09-16 16:19:50,336 [org.apache.ratis.server.impl.LogAppender$AppenderDaemon$$Lambda$507/334588113@44a27a99] ERROR ratis.XceiverServerRatis (XceiverServerRatis.java:triggerPipelineClose(568)) - pipeline Action CLOSE  on pipeline PipelineID=cf85cf34-beb7-4b49-9a59-e0a55ed5c792.Reason : d3f833b2-527d-4ab6-a086-d6ad4a131c32 has not seen follower/s 6151a780-4ba7-403b-be5b-70f0763d4a32 for 179934ms 8f6ed14e-9847-41b2-84b1-f48134b0885d for 179935ms
2019-09-16 16:19:50,336 [org.apache.ratis.server.impl.LogAppender$AppenderDaemon$$Lambda$507/334588113@320b8e3c] ERROR ratis.XceiverServerRatis (XceiverServerRatis.java:triggerPipelineClose(568)) - pipeline Action CLOSE  on pipeline PipelineID=cf85cf34-beb7-4b49-9a59-e0a55ed5c792.Reason : d3f833b2-527d-4ab6-a086-d6ad4a131c32 has not seen follower/s 6151a780-4ba7-403b-be5b-70f0763d4a32 for 179934ms 8f6ed14e-9847-41b2-84b1-f48134b0885d for 179935ms
2019-09-16 16:19:50,597 [d3f833b2-527d-4ab6-a086-d6ad4a131c32@group-E0A55ED5C792-SegmentedRaftLogWorker] WARN  segmented.SegmentedRaftLogWorker (SegmentedRaftLogWorker.java:getFromFuture(90)) - Timeout 17/~
org.apache.ratis.protocol.TimeoutIOException: Timeout 10s: WriteLog:17: (t:1, i:17), STATEMACHINELOGENTRY, client-2CD27A2BD368, cid=54-writeStateMachineData
	at org.apache.ratis.util.IOUtils.getFromFuture(IOUtils.java:87)
	at org.apache.ratis.server.raftlog.segmented.SegmentedRaftLogWorker$StateMachineDataPolicy.getFromFuture(SegmentedRaftLogWorker.java:87)
	at org.apache.ratis.server.raftlog.segmented.SegmentedRaftLogWorker$WriteLog.execute(SegmentedRaftLogWorker.java:477)
	at org.apache.ratis.server.raftlog.segmented.SegmentedRaftLogWorker.run(SegmentedRaftLogWorker.java:289)
	at java.lang.Thread.run(Thread.java:748)
Caused by: java.util.concurrent.TimeoutException
	at java.util.concurrent.CompletableFuture.timedGet(CompletableFuture.java:1771)
	at java.util.concurrent.CompletableFuture.get(CompletableFuture.java:1915)
	at org.apache.ratis.util.IOUtils.getFromFuture(IOUtils.java:79)
	... 4 more
2019-09-16 16:19:50,632 [8f6ed14e-9847-41b2-84b1-f48134b0885d@group-E0A55ED5C792-SegmentedRaftLogWorker] WARN  segmented.SegmentedRaftLogWorker (SegmentedRaftLogWorker.java:getFromFuture(90)) - Timeout 17/~
org.apache.ratis.protocol.TimeoutIOException: Timeout 10s: WriteLog:17: (t:1, i:17), STATEMACHINELOGENTRY, client-2CD27A2BD368, cid=54-writeStateMachineData
	at org.apache.ratis.util.IOUtils.getFromFuture(IOUtils.java:87)
	at org.apache.ratis.server.raftlog.segmented.SegmentedRaftLogWorker$StateMachineDataPolicy.getFromFuture(SegmentedRaftLogWorker.java:87)
	at org.apache.ratis.server.raftlog.segmented.SegmentedRaftLogWorker$WriteLog.execute(SegmentedRaftLogWorker.java:477)
	at org.apache.ratis.server.raftlog.segmented.SegmentedRaftLogWorker.run(SegmentedRaftLogWorker.java:289)
	at java.lang.Thread.run(Thread.java:748)
Caused by: java.util.concurrent.TimeoutException
	at java.util.concurrent.CompletableFuture.timedGet(CompletableFuture.java:1771)
	at java.util.concurrent.CompletableFuture.get(CompletableFuture.java:1915)
	at org.apache.ratis.util.IOUtils.getFromFuture(IOUtils.java:79)
	... 4 more
2019-09-16 16:19:50,746 [6151a780-4ba7-403b-be5b-70f0763d4a32@group-E0A55ED5C792-SegmentedRaftLogWorker] WARN  segmented.SegmentedRaftLogWorker (SegmentedRaftLogWorker.java:getFromFuture(90)) - Timeout 17/~
org.apache.ratis.protocol.TimeoutIOException: Timeout 10s: WriteLog:17: (t:1, i:17), STATEMACHINELOGENTRY, client-2CD27A2BD368, cid=54-writeStateMachineData
	at org.apache.ratis.util.IOUtils.getFromFuture(IOUtils.java:87)
	at org.apache.ratis.server.raftlog.segmented.SegmentedRaftLogWorker$StateMachineDataPolicy.getFromFuture(SegmentedRaftLogWorker.java:87)
	at org.apache.ratis.server.raftlog.segmented.SegmentedRaftLogWorker$WriteLog.execute(SegmentedRaftLogWorker.java:477)
	at org.apache.ratis.server.raftlog.segmented.SegmentedRaftLogWorker.run(SegmentedRaftLogWorker.java:289)
	at java.lang.Thread.run(Thread.java:748)
Caused by: java.util.concurrent.TimeoutException
	at java.util.concurrent.CompletableFuture.timedGet(CompletableFuture.java:1771)
	at java.util.concurrent.CompletableFuture.get(CompletableFuture.java:1915)
	at org.apache.ratis.util.IOUtils.getFromFuture(IOUtils.java:79)
	... 4 more
2019-09-16 16:19:50,823 [EventQueue-PipelineActionsForPipelineActionHandler] ERROR pipeline.PipelineActionHandler (PipelineActionHandler.java:onMessage(60)) - Received pipeline action CLOSE for Pipeline[ Id: cf85cf34-beb7-4b49-9a59-e0a55ed5c792, Nodes: 8f6ed14e-9847-41b2-84b1-f48134b0885d{ip: 192.168.34.47, host: pr-hdds-2111-ptm9r-3382166736, networkLocation: /default-rack, certSerialId: null}6151a780-4ba7-403b-be5b-70f0763d4a32{ip: 192.168.34.47, host: pr-hdds-2111-ptm9r-3382166736, networkLocation: /default-rack, certSerialId: null}d3f833b2-527d-4ab6-a086-d6ad4a131c32{ip: 192.168.34.47, host: pr-hdds-2111-ptm9r-3382166736, networkLocation: /default-rack, certSerialId: null}, Type:RATIS, Factor:THREE, State:CLOSED] from datanode d3f833b2-527d-4ab6-a086-d6ad4a131c32{ip: 192.168.34.47, host: pr-hdds-2111-ptm9r-3382166736, networkLocation: /default-rack, certSerialId: null}. Reason : d3f833b2-527d-4ab6-a086-d6ad4a131c32 has not seen follower/s 6151a780-4ba7-403b-be5b-70f0763d4a32 for 179934ms 8f6ed14e-9847-41b2-84b1-f48134b0885d for 179935ms
2019-09-16 16:19:50,823 [EventQueue-PipelineActionsForPipelineActionHandler] INFO  pipeline.SCMPipelineManager (SCMPipelineManager.java:finalizeAndDestroyPipeline(311)) - destroying pipeline:Pipeline[ Id: cf85cf34-beb7-4b49-9a59-e0a55ed5c792, Nodes: 8f6ed14e-9847-41b2-84b1-f48134b0885d{ip: 192.168.34.47, host: pr-hdds-2111-ptm9r-3382166736, networkLocation: /default-rack, certSerialId: null}6151a780-4ba7-403b-be5b-70f0763d4a32{ip: 192.168.34.47, host: pr-hdds-2111-ptm9r-3382166736, networkLocation: /default-rack, certSerialId: null}d3f833b2-527d-4ab6-a086-d6ad4a131c32{ip: 192.168.34.47, host: pr-hdds-2111-ptm9r-3382166736, networkLocation: /default-rack, certSerialId: null}, Type:RATIS, Factor:THREE, State:CLOSED]
2019-09-16 16:19:50,835 [java.util.concurrent.ThreadPoolExecutor$Worker@576cfcf[State = -1, empty queue]] WARN  server.GrpcLogAppender (GrpcLogAppender.java:timeoutAppendRequest(200)) - d3f833b2-527d-4ab6-a086-d6ad4a131c32@group-E0A55ED5C792->8f6ed14e-9847-41b2-84b1-f48134b0885d-GrpcLogAppender: appendEntries Timeout, request=d3f833b2-527d-4ab6-a086-d6ad4a131c32->8f6ed14e-9847-41b2-84b1-f48134b0885d#94-t1, previous=(t:1, i:23), leaderCommit=16, initializing? false, entries: <empty>
2019-09-16 16:19:50,835 [java.util.concurrent.ThreadPoolExecutor$Worker@22ff49d0[State = -1, empty queue]] WARN  server.GrpcLogAppender (GrpcLogAppender.java:timeoutAppendRequest(200)) - d3f833b2-527d-4ab6-a086-d6ad4a131c32@group-E0A55ED5C792->6151a780-4ba7-403b-be5b-70f0763d4a32-GrpcLogAppender: appendEntries Timeout, request=d3f833b2-527d-4ab6-a086-d6ad4a131c32->6151a780-4ba7-403b-be5b-70f0763d4a32#94-t1, previous=(t:1, i:23), leaderCommit=16, initializing? false, entries: <empty>
2019-09-16 16:19:52,073 [grpc-default-executor-5] INFO  client.GrpcClientProtocolClient (GrpcClientProtocolClient.java:onNext(264)) - client-2CD27A2BD368->6151a780-4ba7-403b-be5b-70f0763d4a32: receive RaftClientReply:client-2CD27A2BD368->6151a780-4ba7-403b-be5b-70f0763d4a32@group-E0A55ED5C792, cid=54, FAILED org.apache.ratis.protocol.NotLeaderException: Server 6151a780-4ba7-403b-be5b-70f0763d4a32@group-E0A55ED5C792 is not the leader d3f833b2-527d-4ab6-a086-d6ad4a131c32:192.168.34.47:36523, logIndex=0, commits[6151a780-4ba7-403b-be5b-70f0763d4a32:c16, d3f833b2-527d-4ab6-a086-d6ad4a131c32:c16, 8f6ed14e-9847-41b2-84b1-f48134b0885d:c14]
2019-09-16 16:19:52,836 [org.apache.ratis.server.impl.LogAppender$AppenderDaemon$$Lambda$507/334588113@320b8e3c] ERROR ratis.XceiverServerRatis (XceiverServerRatis.java:triggerPipelineClose(568)) - pipeline Action CLOSE  on pipeline PipelineID=cf85cf34-beb7-4b49-9a59-e0a55ed5c792.Reason : d3f833b2-527d-4ab6-a086-d6ad4a131c32 has not seen follower/s 6151a780-4ba7-403b-be5b-70f0763d4a32 for 182435ms 8f6ed14e-9847-41b2-84b1-f48134b0885d for 182435ms
2019-09-16 16:19:52,837 [org.apache.ratis.server.impl.LogAppender$AppenderDaemon$$Lambda$507/334588113@44a27a99] ERROR ratis.XceiverServerRatis (XceiverServerRatis.java:triggerPipelineClose(568)) - pipeline Action CLOSE  on pipeline PipelineID=cf85cf34-beb7-4b49-9a59-e0a55ed5c792.Reason : d3f833b2-527d-4ab6-a086-d6ad4a131c32 has not seen follower/s 6151a780-4ba7-403b-be5b-70f0763d4a32 for 182435ms 8f6ed14e-9847-41b2-84b1-f48134b0885d for 182436ms
2019-09-16 16:19:53,336 [java.util.concurrent.ThreadPoolExecutor$Worker@22ff49d0[State = -1, empty queue]] WARN  server.GrpcLogAppender (GrpcLogAppender.java:timeoutAppendRequest(200)) - d3f833b2-527d-4ab6-a086-d6ad4a131c32@group-E0A55ED5C792->6151a780-4ba7-403b-be5b-70f0763d4a32-GrpcLogAppender: appendEntries Timeout, request=d3f833b2-527d-4ab6-a086-d6ad4a131c32->6151a780-4ba7-403b-be5b-70f0763d4a32#95-t1, previous=(t:1, i:23), leaderCommit=16, initializing? false, entries: <empty>
2019-09-16 16:19:53,336 [java.util.concurrent.ThreadPoolExecutor$Worker@576cfcf[State = -1, empty queue]] WARN  server.GrpcLogAppender (GrpcLogAppender.java:timeoutAppendRequest(200)) - d3f833b2-527d-4ab6-a086-d6ad4a131c32@group-E0A55ED5C792->8f6ed14e-9847-41b2-84b1-f48134b0885d-GrpcLogAppender: appendEntries Timeout, request=d3f833b2-527d-4ab6-a086-d6ad4a131c32->8f6ed14e-9847-41b2-84b1-f48134b0885d#95-t1, previous=(t:1, i:23), leaderCommit=16, initializing? false, entries: <empty>
2019-09-16 16:19:53,823 [EventQueue-PipelineActionsForPipelineActionHandler] ERROR pipeline.PipelineActionHandler (PipelineActionHandler.java:onMessage(60)) - Received pipeline action CLOSE for Pipeline[ Id: cf85cf34-beb7-4b49-9a59-e0a55ed5c792, Nodes: 8f6ed14e-9847-41b2-84b1-f48134b0885d{ip: 192.168.34.47, host: pr-hdds-2111-ptm9r-3382166736, networkLocation: /default-rack, certSerialId: null}6151a780-4ba7-403b-be5b-70f0763d4a32{ip: 192.168.34.47, host: pr-hdds-2111-ptm9r-3382166736, networkLocation: /default-rack, certSerialId: null}d3f833b2-527d-4ab6-a086-d6ad4a131c32{ip: 192.168.34.47, host: pr-hdds-2111-ptm9r-3382166736, networkLocation: /default-rack, certSerialId: null}, Type:RATIS, Factor:THREE, State:CLOSED] from datanode d3f833b2-527d-4ab6-a086-d6ad4a131c32{ip: 192.168.34.47, host: pr-hdds-2111-ptm9r-3382166736, networkLocation: /default-rack, certSerialId: null}. Reason : d3f833b2-527d-4ab6-a086-d6ad4a131c32 has not seen follower/s 6151a780-4ba7-403b-be5b-70f0763d4a32 for 182435ms 8f6ed14e-9847-41b2-84b1-f48134b0885d for 182435ms
2019-09-16 16:19:53,823 [EventQueue-PipelineActionsForPipelineActionHandler] INFO  pipeline.SCMPipelineManager (SCMPipelineManager.java:finalizeAndDestroyPipeline(311)) - destroying pipeline:Pipeline[ Id: cf85cf34-beb7-4b49-9a59-e0a55ed5c792, Nodes: 8f6ed14e-9847-41b2-84b1-f48134b0885d{ip: 192.168.34.47, host: pr-hdds-2111-ptm9r-3382166736, networkLocation: /default-rack, certSerialId: null}6151a780-4ba7-403b-be5b-70f0763d4a32{ip: 192.168.34.47, host: pr-hdds-2111-ptm9r-3382166736, networkLocation: /default-rack, certSerialId: null}d3f833b2-527d-4ab6-a086-d6ad4a131c32{ip: 192.168.34.47, host: pr-hdds-2111-ptm9r-3382166736, networkLocation: /default-rack, certSerialId: null}, Type:RATIS, Factor:THREE, State:CLOSED]
2019-09-16 16:19:55,338 [org.apache.ratis.server.impl.LogAppender$AppenderDaemon$$Lambda$507/334588113@44a27a99] ERROR ratis.XceiverServerRatis (XceiverServerRatis.java:triggerPipelineClose(568)) - pipeline Action CLOSE  on pipeline PipelineID=cf85cf34-beb7-4b49-9a59-e0a55ed5c792.Reason : d3f833b2-527d-4ab6-a086-d6ad4a131c32 has not seen follower/s 6151a780-4ba7-403b-be5b-70f0763d4a32 for 184936ms 8f6ed14e-9847-41b2-84b1-f48134b0885d for 184937ms
2019-09-16 16:19:55,338 [org.apache.ratis.server.impl.LogAppender$AppenderDaemon$$Lambda$507/334588113@320b8e3c] ERROR ratis.XceiverServerRatis (XceiverServerRatis.java:triggerPipelineClose(568)) - pipeline Action CLOSE  on pipeline PipelineID=cf85cf34-beb7-4b49-9a59-e0a55ed5c792.Reason : d3f833b2-527d-4ab6-a086-d6ad4a131c32 has not seen follower/s 6151a780-4ba7-403b-be5b-70f0763d4a32 for 184936ms 8f6ed14e-9847-41b2-84b1-f48134b0885d for 184937ms
2019-09-16 16:19:55,823 [EventQueue-PipelineActionsForPipelineActionHandler] ERROR pipeline.PipelineActionHandler (PipelineActionHandler.java:onMessage(60)) - Received pipeline action CLOSE for Pipeline[ Id: cf85cf34-beb7-4b49-9a59-e0a55ed5c792, Nodes: 8f6ed14e-9847-41b2-84b1-f48134b0885d{ip: 192.168.34.47, host: pr-hdds-2111-ptm9r-3382166736, networkLocation: /default-rack, certSerialId: null}6151a780-4ba7-403b-be5b-70f0763d4a32{ip: 192.168.34.47, host: pr-hdds-2111-ptm9r-3382166736, networkLocation: /default-rack, certSerialId: null}d3f833b2-527d-4ab6-a086-d6ad4a131c32{ip: 192.168.34.47, host: pr-hdds-2111-ptm9r-3382166736, networkLocation: /default-rack, certSerialId: null}, Type:RATIS, Factor:THREE, State:CLOSED] from datanode d3f833b2-527d-4ab6-a086-d6ad4a131c32{ip: 192.168.34.47, host: pr-hdds-2111-ptm9r-3382166736, networkLocation: /default-rack, certSerialId: null}. Reason : d3f833b2-527d-4ab6-a086-d6ad4a131c32 has not seen follower/s 6151a780-4ba7-403b-be5b-70f0763d4a32 for 184936ms 8f6ed14e-9847-41b2-84b1-f48134b0885d for 184937ms
2019-09-16 16:19:55,823 [EventQueue-PipelineActionsForPipelineActionHandler] INFO  pipeline.SCMPipelineManager (SCMPipelineManager.java:finalizeAndDestroyPipeline(311)) - destroying pipeline:Pipeline[ Id: cf85cf34-beb7-4b49-9a59-e0a55ed5c792, Nodes: 8f6ed14e-9847-41b2-84b1-f48134b0885d{ip: 192.168.34.47, host: pr-hdds-2111-ptm9r-3382166736, networkLocation: /default-rack, certSerialId: null}6151a780-4ba7-403b-be5b-70f0763d4a32{ip: 192.168.34.47, host: pr-hdds-2111-ptm9r-3382166736, networkLocation: /default-rack, certSerialId: null}d3f833b2-527d-4ab6-a086-d6ad4a131c32{ip: 192.168.34.47, host: pr-hdds-2111-ptm9r-3382166736, networkLocation: /default-rack, certSerialId: null}, Type:RATIS, Factor:THREE, State:CLOSED]
2019-09-16 16:19:55,836 [java.util.concurrent.ThreadPoolExecutor$Worker@22ff49d0[State = -1, empty queue]] WARN  server.GrpcLogAppender (GrpcLogAppender.java:timeoutAppendRequest(200)) - d3f833b2-527d-4ab6-a086-d6ad4a131c32@group-E0A55ED5C792->6151a780-4ba7-403b-be5b-70f0763d4a32-GrpcLogAppender: appendEntries Timeout, request=d3f833b2-527d-4ab6-a086-d6ad4a131c32->6151a780-4ba7-403b-be5b-70f0763d4a32#96-t1, previous=(t:1, i:23), leaderCommit=16, initializing? false, entries: <empty>
2019-09-16 16:19:55,837 [java.util.concurrent.ThreadPoolExecutor$Worker@576cfcf[State = -1, empty queue]] WARN  server.GrpcLogAppender (GrpcLogAppender.java:timeoutAppendRequest(200)) - d3f833b2-527d-4ab6-a086-d6ad4a131c32@group-E0A55ED5C792->8f6ed14e-9847-41b2-84b1-f48134b0885d-GrpcLogAppender: appendEntries Timeout, request=d3f833b2-527d-4ab6-a086-d6ad4a131c32->8f6ed14e-9847-41b2-84b1-f48134b0885d#96-t1, previous=(t:1, i:23), leaderCommit=16, initializing? false, entries: <empty>
2019-09-16 16:19:56,805 [grpc-default-executor-6] INFO  impl.RaftServerProxy (RaftServerProxy.java:remove(95)) - 8f6ed14e-9847-41b2-84b1-f48134b0885d: remove  FOLLOWER 8f6ed14e-9847-41b2-84b1-f48134b0885d@group-E0A55ED5C792:t1, leader=d3f833b2-527d-4ab6-a086-d6ad4a131c32, voted=d3f833b2-527d-4ab6-a086-d6ad4a131c32, raftlog=8f6ed14e-9847-41b2-84b1-f48134b0885d@group-E0A55ED5C792-SegmentedRaftLog:OPENED:c16,f16,i23, conf=0: [6151a780-4ba7-403b-be5b-70f0763d4a32:192.168.34.47:39283, d3f833b2-527d-4ab6-a086-d6ad4a131c32:192.168.34.47:36523, 8f6ed14e-9847-41b2-84b1-f48134b0885d:192.168.34.47:40491], old=null RUNNING
2019-09-16 16:19:56,806 [grpc-default-executor-6] INFO  impl.RaftServerImpl (RaftServerImpl.java:lambda$shutdown$3(251)) - 8f6ed14e-9847-41b2-84b1-f48134b0885d@group-E0A55ED5C792: shutdown
2019-09-16 16:19:56,807 [grpc-default-executor-6] INFO  util.JmxRegister (JmxRegister.java:unregister(73)) - Successfully un-registered JMX Bean with object name Ratis:service=RaftServer,group=group-E0A55ED5C792,id=8f6ed14e-9847-41b2-84b1-f48134b0885d
2019-09-16 16:19:56,807 [grpc-default-executor-6] INFO  impl.RoleInfo (RoleInfo.java:shutdownFollowerState(121)) - 8f6ed14e-9847-41b2-84b1-f48134b0885d: shutdown FollowerState
2019-09-16 16:19:56,807 [grpc-default-executor-6] INFO  impl.StateMachineUpdater (StateMachineUpdater.java:stopAndJoin(125)) - 8f6ed14e-9847-41b2-84b1-f48134b0885d@group-E0A55ED5C792-StateMachineUpdater: set stopIndex = 16
2019-09-16 16:19:56,807 [8f6ed14e-9847-41b2-84b1-f48134b0885d@group-E0A55ED5C792-StateMachineUpdater] INFO  ratis.ContainerStateMachine (ContainerStateMachine.java:takeSnapshot(289)) - group-E0A55ED5C792: Taking a snapshot at:(t:1, i:14) file /workdir/hadoop-ozone/integration-test/target/test-dir/MiniOzoneClusterImpl-cc742799-bdee-42f8-b2e8-35af38dfad60/datanode-6/data/ratis/cf85cf34-beb7-4b49-9a59-e0a55ed5c792/sm/snapshot.1_14
2019-09-16 16:19:56,807 [Thread-928] INFO  impl.FollowerState (FollowerState.java:run(115)) - 8f6ed14e-9847-41b2-84b1-f48134b0885d: FollowerState was interrupted: java.lang.InterruptedException: sleep interrupted
2019-09-16 16:19:56,824 [8f6ed14e-9847-41b2-84b1-f48134b0885d@group-E0A55ED5C792-StateMachineUpdater] INFO  ratis.ContainerStateMachine (ContainerStateMachine.java:takeSnapshot(300)) - group-E0A55ED5C792: Finished taking a snapshot at:(t:1, i:14) file:/workdir/hadoop-ozone/integration-test/target/test-dir/MiniOzoneClusterImpl-cc742799-bdee-42f8-b2e8-35af38dfad60/datanode-6/data/ratis/cf85cf34-beb7-4b49-9a59-e0a55ed5c792/sm/snapshot.1_14 time:16
2019-09-16 16:19:56,824 [8f6ed14e-9847-41b2-84b1-f48134b0885d@group-E0A55ED5C792-StateMachineUpdater] INFO  impl.StateMachineUpdater (StateMachineUpdater.java:takeSnapshot(258)) - 8f6ed14e-9847-41b2-84b1-f48134b0885d@group-E0A55ED5C792-StateMachineUpdater: Took a snapshot at index 14
2019-09-16 16:19:56,824 [8f6ed14e-9847-41b2-84b1-f48134b0885d@group-E0A55ED5C792-StateMachineUpdater] INFO  impl.StateMachineUpdater (StateMachineUpdater.java:lambda$new$0(83)) - 8f6ed14e-9847-41b2-84b1-f48134b0885d@group-E0A55ED5C792-StateMachineUpdater: snapshotIndex: updateIncreasingly -1 -> 14
2019-09-16 16:19:56,824 [8f6ed14e-9847-41b2-84b1-f48134b0885d@group-E0A55ED5C792-StateMachineUpdater] INFO  ratis.ContainerStateMachine (ContainerStateMachine.java:takeSnapshot(289)) - group-E0A55ED5C792: Taking a snapshot at:(t:1, i:14) file /workdir/hadoop-ozone/integration-test/target/test-dir/MiniOzoneClusterImpl-cc742799-bdee-42f8-b2e8-35af38dfad60/datanode-6/data/ratis/cf85cf34-beb7-4b49-9a59-e0a55ed5c792/sm/snapshot.1_14
2019-09-16 16:19:56,837 [8f6ed14e-9847-41b2-84b1-f48134b0885d@group-E0A55ED5C792-StateMachineUpdater] INFO  ratis.ContainerStateMachine (ContainerStateMachine.java:takeSnapshot(300)) - group-E0A55ED5C792: Finished taking a snapshot at:(t:1, i:14) file:/workdir/hadoop-ozone/integration-test/target/test-dir/MiniOzoneClusterImpl-cc742799-bdee-42f8-b2e8-35af38dfad60/datanode-6/data/ratis/cf85cf34-beb7-4b49-9a59-e0a55ed5c792/sm/snapshot.1_14 time:12
2019-09-16 16:19:56,837 [8f6ed14e-9847-41b2-84b1-f48134b0885d@group-E0A55ED5C792-StateMachineUpdater] INFO  impl.StateMachineUpdater (StateMachineUpdater.java:takeSnapshot(258)) - 8f6ed14e-9847-41b2-84b1-f48134b0885d@group-E0A55ED5C792-StateMachineUpdater: Took a snapshot at index 14
2019-09-16 16:19:56,837 [8f6ed14e-9847-41b2-84b1-f48134b0885d@group-E0A55ED5C792-StateMachineUpdater] INFO  impl.StateMachineUpdater (StateMachineUpdater.java:lambda$new$0(83)) - 8f6ed14e-9847-41b2-84b1-f48134b0885d@group-E0A55ED5C792-StateMachineUpdater: snapshotIndex: updateIncreasingly 14 -> 14
2019-09-16 16:19:56,837 [grpc-default-executor-6] INFO  impl.RaftServerImpl (ServerState.java:close(385)) - 8f6ed14e-9847-41b2-84b1-f48134b0885d@group-E0A55ED5C792: closes. applyIndex: 16
2019-09-16 16:19:56,838 [8f6ed14e-9847-41b2-84b1-f48134b0885d@group-E0A55ED5C792-SegmentedRaftLogWorker] ERROR ratis.XceiverServerRatis (XceiverServerRatis.java:triggerPipelineClose(568)) - pipeline Action CLOSE  on pipeline PipelineID=cf85cf34-beb7-4b49-9a59-e0a55ed5c792.Reason : WriteLog:17: (t:1, i:17), STATEMACHINELOGENTRY, client-2CD27A2BD368, cid=54-writeStateMachineData interrupted.
2019-09-16 16:19:56,841 [grpc-default-executor-6] INFO  segmented.SegmentedRaftLogWorker (SegmentedRaftLogWorker.java:close(228)) - 8f6ed14e-9847-41b2-84b1-f48134b0885d@group-E0A55ED5C792-SegmentedRaftLogWorker close()
2019-09-16 16:19:56,841 [EventQueue-PipelineActionsForPipelineActionHandler] ERROR pipeline.PipelineActionHandler (PipelineActionHandler.java:onMessage(60)) - Received pipeline action CLOSE for Pipeline[ Id: cf85cf34-beb7-4b49-9a59-e0a55ed5c792, Nodes: 8f6ed14e-9847-41b2-84b1-f48134b0885d{ip: 192.168.34.47, host: pr-hdds-2111-ptm9r-3382166736, networkLocation: /default-rack, certSerialId: null}6151a780-4ba7-403b-be5b-70f0763d4a32{ip: 192.168.34.47, host: pr-hdds-2111-ptm9r-3382166736, networkLocation: /default-rack, certSerialId: null}d3f833b2-527d-4ab6-a086-d6ad4a131c32{ip: 192.168.34.47, host: pr-hdds-2111-ptm9r-3382166736, networkLocation: /default-rack, certSerialId: null}, Type:RATIS, Factor:THREE, State:CLOSED] from datanode 8f6ed14e-9847-41b2-84b1-f48134b0885d{ip: 192.168.34.47, host: pr-hdds-2111-ptm9r-3382166736, networkLocation: /default-rack, certSerialId: null}. Reason : WriteLog:17: (t:1, i:17), STATEMACHINELOGENTRY, client-2CD27A2BD368, cid=54-writeStateMachineData interrupted.
2019-09-16 16:19:56,845 [EventQueue-PipelineActionsForPipelineActionHandler] INFO  pipeline.SCMPipelineManager (SCMPipelineManager.java:finalizeAndDestroyPipeline(311)) - destroying pipeline:Pipeline[ Id: cf85cf34-beb7-4b49-9a59-e0a55ed5c792, Nodes: 8f6ed14e-9847-41b2-84b1-f48134b0885d{ip: 192.168.34.47, host: pr-hdds-2111-ptm9r-3382166736, networkLocation: /default-rack, certSerialId: null}6151a780-4ba7-403b-be5b-70f0763d4a32{ip: 192.168.34.47, host: pr-hdds-2111-ptm9r-3382166736, networkLocation: /default-rack, certSerialId: null}d3f833b2-527d-4ab6-a086-d6ad4a131c32{ip: 192.168.34.47, host: pr-hdds-2111-ptm9r-3382166736, networkLocation: /default-rack, certSerialId: null}, Type:RATIS, Factor:THREE, State:CLOSED]
2019-09-16 16:19:56,857 [grpc-default-executor-6] INFO  interfaces.Container (KeyValueContainer.java:flushAndSyncDB(386)) - Container 5 is synced with bcsId 7.
2019-09-16 16:19:56,857 [grpc-default-executor-6] INFO  interfaces.Container (KeyValueContainer.java:flushAndSyncDB(386)) - Container 5 is synced with bcsId 7.
2019-09-16 16:19:56,873 [EventQueue-IncrementalContainerReportForIncrementalContainerReportHandler] INFO  container.IncrementalContainerReportHandler (AbstractContainerReportHandler.java:updateContainerState(169)) - Moving container #5 to QUASI_CLOSED state, datanode 8f6ed14e-9847-41b2-84b1-f48134b0885d{ip: 192.168.34.47, host: pr-hdds-2111-ptm9r-3382166736, networkLocation: /default-rack, certSerialId: null} reported QUASI_CLOSED replica.
2019-09-16 16:19:56,884 [grpc-default-executor-6] INFO  interfaces.Container (KeyValueContainer.java:flushAndSyncDB(386)) - Container 6 is synced with bcsId 14.
2019-09-16 16:19:56,884 [grpc-default-executor-6] INFO  interfaces.Container (KeyValueContainer.java:flushAndSyncDB(386)) - Container 6 is synced with bcsId 14.
2019-09-16 16:19:56,889 [EventQueue-IncrementalContainerReportForIncrementalContainerReportHandler] INFO  container.IncrementalContainerReportHandler (AbstractContainerReportHandler.java:updateContainerState(169)) - Moving container #6 to QUASI_CLOSED state, datanode 8f6ed14e-9847-41b2-84b1-f48134b0885d{ip: 192.168.34.47, host: pr-hdds-2111-ptm9r-3382166736, networkLocation: /default-rack, certSerialId: null} reported QUASI_CLOSED replica.
2019-09-16 16:19:56,910 [grpc-default-executor-6] INFO  interfaces.Container (KeyValueContainer.java:flushAndSyncDB(386)) - Container 7 is synced with bcsId 0.
2019-09-16 16:19:56,910 [grpc-default-executor-6] INFO  interfaces.Container (KeyValueContainer.java:flushAndSyncDB(386)) - Container 7 is synced with bcsId 0.
2019-09-16 16:19:56,915 [EventQueue-IncrementalContainerReportForIncrementalContainerReportHandler] INFO  container.IncrementalContainerReportHandler (AbstractContainerReportHandler.java:updateContainerState(169)) - Moving container #7 to QUASI_CLOSED state, datanode 8f6ed14e-9847-41b2-84b1-f48134b0885d{ip: 192.168.34.47, host: pr-hdds-2111-ptm9r-3382166736, networkLocation: /default-rack, certSerialId: null} reported QUASI_CLOSED replica.
2019-09-16 16:19:56,919 [grpc-default-executor-6] INFO  impl.RaftServerProxy (RaftServerProxy.java:remove(95)) - 6151a780-4ba7-403b-be5b-70f0763d4a32: remove  FOLLOWER 6151a780-4ba7-403b-be5b-70f0763d4a32@group-E0A55ED5C792:t1, leader=d3f833b2-527d-4ab6-a086-d6ad4a131c32, voted=d3f833b2-527d-4ab6-a086-d6ad4a131c32, raftlog=6151a780-4ba7-403b-be5b-70f0763d4a32@group-E0A55ED5C792-SegmentedRaftLog:OPENED:c16,f16,i23, conf=0: [6151a780-4ba7-403b-be5b-70f0763d4a32:192.168.34.47:39283, d3f833b2-527d-4ab6-a086-d6ad4a131c32:192.168.34.47:36523, 8f6ed14e-9847-41b2-84b1-f48134b0885d:192.168.34.47:40491], old=null RUNNING
2019-09-16 16:19:56,919 [grpc-default-executor-6] INFO  impl.RaftServerImpl (RaftServerImpl.java:lambda$shutdown$3(251)) - 6151a780-4ba7-403b-be5b-70f0763d4a32@group-E0A55ED5C792: shutdown
2019-09-16 16:19:56,919 [grpc-default-executor-6] INFO  util.JmxRegister (JmxRegister.java:unregister(73)) - Successfully un-registered JMX Bean with object name Ratis:service=RaftServer,group=group-E0A55ED5C792,id=6151a780-4ba7-403b-be5b-70f0763d4a32
2019-09-16 16:19:56,920 [grpc-default-executor-6] INFO  impl.RoleInfo (RoleInfo.java:shutdownFollowerState(121)) - 6151a780-4ba7-403b-be5b-70f0763d4a32: shutdown FollowerState
2019-09-16 16:19:56,920 [grpc-default-executor-6] INFO  impl.StateMachineUpdater (StateMachineUpdater.java:stopAndJoin(125)) - 6151a780-4ba7-403b-be5b-70f0763d4a32@group-E0A55ED5C792-StateMachineUpdater: set stopIndex = 16
2019-09-16 16:19:56,920 [Thread-929] INFO  impl.FollowerState (FollowerState.java:run(115)) - 6151a780-4ba7-403b-be5b-70f0763d4a32: FollowerState was interrupted: java.lang.InterruptedException: sleep interrupted
2019-09-16 16:19:56,920 [6151a780-4ba7-403b-be5b-70f0763d4a32@group-E0A55ED5C792-StateMachineUpdater] INFO  ratis.ContainerStateMachine (ContainerStateMachine.java:takeSnapshot(289)) - group-E0A55ED5C792: Taking a snapshot at:(t:1, i:14) file /workdir/hadoop-ozone/integration-test/target/test-dir/MiniOzoneClusterImpl-cc742799-bdee-42f8-b2e8-35af38dfad60/datanode-3/data/ratis/cf85cf34-beb7-4b49-9a59-e0a55ed5c792/sm/snapshot.1_14
2019-09-16 16:19:56,934 [6151a780-4ba7-403b-be5b-70f0763d4a32@group-E0A55ED5C792-StateMachineUpdater] INFO  ratis.ContainerStateMachine (ContainerStateMachine.java:takeSnapshot(300)) - group-E0A55ED5C792: Finished taking a snapshot at:(t:1, i:14) file:/workdir/hadoop-ozone/integration-test/target/test-dir/MiniOzoneClusterImpl-cc742799-bdee-42f8-b2e8-35af38dfad60/datanode-3/data/ratis/cf85cf34-beb7-4b49-9a59-e0a55ed5c792/sm/snapshot.1_14 time:15
2019-09-16 16:19:56,934 [6151a780-4ba7-403b-be5b-70f0763d4a32@group-E0A55ED5C792-StateMachineUpdater] INFO  impl.StateMachineUpdater (StateMachineUpdater.java:takeSnapshot(258)) - 6151a780-4ba7-403b-be5b-70f0763d4a32@group-E0A55ED5C792-StateMachineUpdater: Took a snapshot at index 14
2019-09-16 16:19:56,935 [6151a780-4ba7-403b-be5b-70f0763d4a32@group-E0A55ED5C792-StateMachineUpdater] INFO  impl.StateMachineUpdater (StateMachineUpdater.java:lambda$new$0(83)) - 6151a780-4ba7-403b-be5b-70f0763d4a32@group-E0A55ED5C792-StateMachineUpdater: snapshotIndex: updateIncreasingly -1 -> 14
2019-09-16 16:19:56,935 [6151a780-4ba7-403b-be5b-70f0763d4a32@group-E0A55ED5C792-StateMachineUpdater] INFO  ratis.ContainerStateMachine (ContainerStateMachine.java:takeSnapshot(289)) - group-E0A55ED5C792: Taking a snapshot at:(t:1, i:14) file /workdir/hadoop-ozone/integration-test/target/test-dir/MiniOzoneClusterImpl-cc742799-bdee-42f8-b2e8-35af38dfad60/datanode-3/data/ratis/cf85cf34-beb7-4b49-9a59-e0a55ed5c792/sm/snapshot.1_14
2019-09-16 16:19:56,938 [6151a780-4ba7-403b-be5b-70f0763d4a32@group-E0A55ED5C792-StateMachineUpdater] INFO  ratis.ContainerStateMachine (ContainerStateMachine.java:takeSnapshot(300)) - group-E0A55ED5C792: Finished taking a snapshot at:(t:1, i:14) file:/workdir/hadoop-ozone/integration-test/target/test-dir/MiniOzoneClusterImpl-cc742799-bdee-42f8-b2e8-35af38dfad60/datanode-3/data/ratis/cf85cf34-beb7-4b49-9a59-e0a55ed5c792/sm/snapshot.1_14 time:3
2019-09-16 16:19:56,938 [6151a780-4ba7-403b-be5b-70f0763d4a32@group-E0A55ED5C792-StateMachineUpdater] INFO  impl.StateMachineUpdater (StateMachineUpdater.java:takeSnapshot(258)) - 6151a780-4ba7-403b-be5b-70f0763d4a32@group-E0A55ED5C792-StateMachineUpdater: Took a snapshot at index 14
2019-09-16 16:19:56,938 [6151a780-4ba7-403b-be5b-70f0763d4a32@group-E0A55ED5C792-StateMachineUpdater] INFO  impl.StateMachineUpdater (StateMachineUpdater.java:lambda$new$0(83)) - 6151a780-4ba7-403b-be5b-70f0763d4a32@group-E0A55ED5C792-StateMachineUpdater: snapshotIndex: updateIncreasingly 14 -> 14
2019-09-16 16:19:56,938 [grpc-default-executor-6] INFO  impl.RaftServerImpl (ServerState.java:close(385)) - 6151a780-4ba7-403b-be5b-70f0763d4a32@group-E0A55ED5C792: closes. applyIndex: 16
2019-09-16 16:19:56,939 [6151a780-4ba7-403b-be5b-70f0763d4a32@group-E0A55ED5C792-SegmentedRaftLogWorker] ERROR ratis.XceiverServerRatis (XceiverServerRatis.java:triggerPipelineClose(568)) - pipeline Action CLOSE  on pipeline PipelineID=cf85cf34-beb7-4b49-9a59-e0a55ed5c792.Reason : WriteLog:17: (t:1, i:17), STATEMACHINELOGENTRY, client-2CD27A2BD368, cid=54-writeStateMachineData interrupted.
2019-09-16 16:19:56,942 [grpc-default-executor-6] INFO  segmented.SegmentedRaftLogWorker (SegmentedRaftLogWorker.java:close(228)) - 6151a780-4ba7-403b-be5b-70f0763d4a32@group-E0A55ED5C792-SegmentedRaftLogWorker close()
2019-09-16 16:19:56,945 [EventQueue-PipelineActionsForPipelineActionHandler] ERROR pipeline.PipelineActionHandler (PipelineActionHandler.java:onMessage(60)) - Received pipeline action CLOSE for Pipeline[ Id: cf85cf34-beb7-4b49-9a59-e0a55ed5c792, Nodes: 8f6ed14e-9847-41b2-84b1-f48134b0885d{ip: 192.168.34.47, host: pr-hdds-2111-ptm9r-3382166736, networkLocation: /default-rack, certSerialId: null}6151a780-4ba7-403b-be5b-70f0763d4a32{ip: 192.168.34.47, host: pr-hdds-2111-ptm9r-3382166736, networkLocation: /default-rack, certSerialId: null}d3f833b2-527d-4ab6-a086-d6ad4a131c32{ip: 192.168.34.47, host: pr-hdds-2111-ptm9r-3382166736, networkLocation: /default-rack, certSerialId: null}, Type:RATIS, Factor:THREE, State:CLOSED] from datanode 6151a780-4ba7-403b-be5b-70f0763d4a32{ip: 192.168.34.47, host: pr-hdds-2111-ptm9r-3382166736, networkLocation: /default-rack, certSerialId: null}. Reason : WriteLog:17: (t:1, i:17), STATEMACHINELOGENTRY, client-2CD27A2BD368, cid=54-writeStateMachineData interrupted.
2019-09-16 16:19:56,945 [EventQueue-PipelineActionsForPipelineActionHandler] INFO  pipeline.SCMPipelineManager (SCMPipelineManager.java:finalizeAndDestroyPipeline(311)) - destroying pipeline:Pipeline[ Id: cf85cf34-beb7-4b49-9a59-e0a55ed5c792, Nodes: 8f6ed14e-9847-41b2-84b1-f48134b0885d{ip: 192.168.34.47, host: pr-hdds-2111-ptm9r-3382166736, networkLocation: /default-rack, certSerialId: null}6151a780-4ba7-403b-be5b-70f0763d4a32{ip: 192.168.34.47, host: pr-hdds-2111-ptm9r-3382166736, networkLocation: /default-rack, certSerialId: null}d3f833b2-527d-4ab6-a086-d6ad4a131c32{ip: 192.168.34.47, host: pr-hdds-2111-ptm9r-3382166736, networkLocation: /default-rack, certSerialId: null}, Type:RATIS, Factor:THREE, State:CLOSED]
2019-09-16 16:19:56,947 [grpc-default-executor-6] INFO  interfaces.Container (KeyValueContainer.java:flushAndSyncDB(386)) - Container 5 is synced with bcsId 7.
2019-09-16 16:19:56,948 [grpc-default-executor-6] INFO  interfaces.Container (KeyValueContainer.java:flushAndSyncDB(386)) - Container 5 is synced with bcsId 7.
2019-09-16 16:19:56,955 [grpc-default-executor-6] INFO  interfaces.Container (KeyValueContainer.java:flushAndSyncDB(386)) - Container 6 is synced with bcsId 14.
2019-09-16 16:19:56,955 [grpc-default-executor-6] INFO  interfaces.Container (KeyValueContainer.java:flushAndSyncDB(386)) - Container 6 is synced with bcsId 14.
2019-09-16 16:19:56,978 [grpc-default-executor-6] INFO  interfaces.Container (KeyValueContainer.java:flushAndSyncDB(386)) - Container 7 is synced with bcsId 0.
2019-09-16 16:19:56,978 [grpc-default-executor-6] INFO  interfaces.Container (KeyValueContainer.java:flushAndSyncDB(386)) - Container 7 is synced with bcsId 0.
2019-09-16 16:19:56,987 [grpc-default-executor-6] INFO  impl.RaftServerProxy (RaftServerProxy.java:remove(95)) - d3f833b2-527d-4ab6-a086-d6ad4a131c32: remove    LEADER d3f833b2-527d-4ab6-a086-d6ad4a131c32@group-E0A55ED5C792:t1, leader=d3f833b2-527d-4ab6-a086-d6ad4a131c32, voted=d3f833b2-527d-4ab6-a086-d6ad4a131c32, raftlog=d3f833b2-527d-4ab6-a086-d6ad4a131c32@group-E0A55ED5C792-SegmentedRaftLog:OPENED:c16,f16,i23, conf=0: [6151a780-4ba7-403b-be5b-70f0763d4a32:192.168.34.47:39283, d3f833b2-527d-4ab6-a086-d6ad4a131c32:192.168.34.47:36523, 8f6ed14e-9847-41b2-84b1-f48134b0885d:192.168.34.47:40491], old=null RUNNING
2019-09-16 16:19:56,987 [grpc-default-executor-6] INFO  impl.RaftServerImpl (RaftServerImpl.java:lambda$shutdown$3(251)) - d3f833b2-527d-4ab6-a086-d6ad4a131c32@group-E0A55ED5C792: shutdown
2019-09-16 16:19:56,987 [grpc-default-executor-6] INFO  util.JmxRegister (JmxRegister.java:unregister(73)) - Successfully un-registered JMX Bean with object name Ratis:service=RaftServer,group=group-E0A55ED5C792,id=d3f833b2-527d-4ab6-a086-d6ad4a131c32
2019-09-16 16:19:56,987 [grpc-default-executor-6] INFO  impl.RoleInfo (RoleInfo.java:shutdownLeaderState(104)) - d3f833b2-527d-4ab6-a086-d6ad4a131c32: shutdown LeaderState
2019-09-16 16:19:56,991 [org.apache.ratis.server.impl.LogAppender$AppenderDaemon$$Lambda$507/334588113@320b8e3c] WARN  server.GrpcLogAppender (GrpcLogAppender.java:mayWait(143)) - d3f833b2-527d-4ab6-a086-d6ad4a131c32@group-E0A55ED5C792->6151a780-4ba7-403b-be5b-70f0763d4a32-GrpcLogAppender: Wait interrupted by java.lang.InterruptedException
2019-09-16 16:19:56,991 [org.apache.ratis.server.impl.LogAppender$AppenderDaemon$$Lambda$507/334588113@44a27a99] WARN  server.GrpcLogAppender (GrpcLogAppender.java:mayWait(143)) - d3f833b2-527d-4ab6-a086-d6ad4a131c32@group-E0A55ED5C792->8f6ed14e-9847-41b2-84b1-f48134b0885d-GrpcLogAppender: Wait interrupted by java.lang.InterruptedException
2019-09-16 16:19:56,991 [grpc-default-executor-6] INFO  impl.PendingRequests (PendingRequests.java:sendNotLeaderResponses(202)) - d3f833b2-527d-4ab6-a086-d6ad4a131c32-PendingRequests: sendNotLeaderResponses
2019-09-16 16:19:56,991 [grpc-default-executor-5] INFO  server.GrpcServerProtocolService (GrpcServerProtocolService.java:onCompleted(113)) - 6151a780-4ba7-403b-be5b-70f0763d4a32: Completed APPEND_ENTRIES, lastRequest: d3f833b2-527d-4ab6-a086-d6ad4a131c32->6151a780-4ba7-403b-be5b-70f0763d4a32#97-t1, previous=(t:1, i:23), leaderCommit=16, initializing? false, entries: <empty>
2019-09-16 16:19:56,991 [grpc-default-executor-1] INFO  server.GrpcServerProtocolService (GrpcServerProtocolService.java:onCompleted(113)) - 8f6ed14e-9847-41b2-84b1-f48134b0885d: Completed APPEND_ENTRIES, lastRequest: d3f833b2-527d-4ab6-a086-d6ad4a131c32->8f6ed14e-9847-41b2-84b1-f48134b0885d#97-t1, previous=(t:1, i:23), leaderCommit=16, initializing? false, entries: <empty>
2019-09-16 16:19:56,992 [grpc-default-executor-1] INFO  server.GrpcLogAppender (GrpcLogAppender.java:onCompleted(293)) - d3f833b2-527d-4ab6-a086-d6ad4a131c32@group-E0A55ED5C792->6151a780-4ba7-403b-be5b-70f0763d4a32-AppendLogResponseHandler: follower responses appendEntries COMPLETED
2019-09-16 16:19:56,992 [grpc-default-executor-5] INFO  server.GrpcLogAppender (GrpcLogAppender.java:onCompleted(293)) - d3f833b2-527d-4ab6-a086-d6ad4a131c32@group-E0A55ED5C792->8f6ed14e-9847-41b2-84b1-f48134b0885d-AppendLogResponseHandler: follower responses appendEntries COMPLETED
2019-09-16 16:19:56,994 [grpc-default-executor-6] INFO  impl.StateMachineUpdater (StateMachineUpdater.java:stopAndJoin(125)) - d3f833b2-527d-4ab6-a086-d6ad4a131c32@group-E0A55ED5C792-StateMachineUpdater: set stopIndex = 16
2019-09-16 16:19:56,994 [grpc-default-executor-1] INFO  impl.FollowerInfo (FollowerInfo.java:lambda$new$0(51)) - d3f833b2-527d-4ab6-a086-d6ad4a131c32@group-E0A55ED5C792->6151a780-4ba7-403b-be5b-70f0763d4a32: nextIndex: updateUnconditionally 24 -> 17
2019-09-16 16:19:56,994 [d3f833b2-527d-4ab6-a086-d6ad4a131c32@group-E0A55ED5C792-StateMachineUpdater] INFO  ratis.ContainerStateMachine (ContainerStateMachine.java:takeSnapshot(289)) - group-E0A55ED5C792: Taking a snapshot at:(t:1, i:16) file /workdir/hadoop-ozone/integration-test/target/test-dir/MiniOzoneClusterImpl-cc742799-bdee-42f8-b2e8-35af38dfad60/datanode-2/data/ratis/cf85cf34-beb7-4b49-9a59-e0a55ed5c792/sm/snapshot.1_16
2019-09-16 16:19:56,994 [grpc-default-executor-5] INFO  impl.FollowerInfo (FollowerInfo.java:lambda$new$0(51)) - d3f833b2-527d-4ab6-a086-d6ad4a131c32@group-E0A55ED5C792->8f6ed14e-9847-41b2-84b1-f48134b0885d: nextIndex: updateUnconditionally 24 -> 17
2019-09-16 16:19:56,996 [grpc-default-executor-9] WARN  server.GrpcLogAppender (LogUtils.java:warn(134)) - d3f833b2-527d-4ab6-a086-d6ad4a131c32@group-629852681621->8f6ed14e-9847-41b2-84b1-f48134b0885d-AppendLogResponseHandler: Failed appendEntries: org.apache.ratis.thirdparty.io.grpc.StatusRuntimeException: UNAVAILABLE: Channel shutdownNow invoked
2019-09-16 16:19:56,996 [grpc-default-executor-8] WARN  server.GrpcLogAppender (LogUtils.java:warn(134)) - d3f833b2-527d-4ab6-a086-d6ad4a131c32@group-629852681621->6151a780-4ba7-403b-be5b-70f0763d4a32-AppendLogResponseHandler: Failed appendEntries: org.apache.ratis.thirdparty.io.grpc.StatusRuntimeException: UNAVAILABLE: Channel shutdownNow invoked
2019-09-16 16:19:56,996 [grpc-default-executor-9] INFO  impl.FollowerInfo (FollowerInfo.java:lambda$new$0(51)) - d3f833b2-527d-4ab6-a086-d6ad4a131c32@group-629852681621->8f6ed14e-9847-41b2-84b1-f48134b0885d: nextIndex: updateUnconditionally 1 -> 0
2019-09-16 16:19:56,996 [grpc-default-executor-8] INFO  impl.FollowerInfo (FollowerInfo.java:lambda$new$0(51)) - d3f833b2-527d-4ab6-a086-d6ad4a131c32@group-629852681621->6151a780-4ba7-403b-be5b-70f0763d4a32: nextIndex: updateUnconditionally 1 -> 0
2019-09-16 16:19:56,996 [grpc-default-executor-5] WARN  server.GrpcServerProtocolService (LogUtils.java:warn(134)) - 6151a780-4ba7-403b-be5b-70f0763d4a32: installSnapshot onError, lastRequest: d3f833b2-527d-4ab6-a086-d6ad4a131c32->6151a780-4ba7-403b-be5b-70f0763d4a32#13-t1, previous=(t:1, i:0), leaderCommit=0, initializing? false, entries: <empty>: org.apache.ratis.thirdparty.io.grpc.StatusRuntimeException: CANCELLED: cancelled before receiving half close
2019-09-16 16:19:56,996 [grpc-default-executor-1] WARN  server.GrpcServerProtocolService (LogUtils.java:warn(134)) - 8f6ed14e-9847-41b2-84b1-f48134b0885d: installSnapshot onError, lastRequest: d3f833b2-527d-4ab6-a086-d6ad4a131c32->8f6ed14e-9847-41b2-84b1-f48134b0885d#13-t1, previous=(t:1, i:0), leaderCommit=0, initializing? false, entries: <empty>: org.apache.ratis.thirdparty.io.grpc.StatusRuntimeException: CANCELLED: cancelled before receiving half close
2019-09-16 16:19:57,009 [d3f833b2-527d-4ab6-a086-d6ad4a131c32@group-E0A55ED5C792-StateMachineUpdater] INFO  ratis.ContainerStateMachine (ContainerStateMachine.java:takeSnapshot(300)) - group-E0A55ED5C792: Finished taking a snapshot at:(t:1, i:16) file:/workdir/hadoop-ozone/integration-test/target/test-dir/MiniOzoneClusterImpl-cc742799-bdee-42f8-b2e8-35af38dfad60/datanode-2/data/ratis/cf85cf34-beb7-4b49-9a59-e0a55ed5c792/sm/snapshot.1_16 time:13
2019-09-16 16:19:57,009 [d3f833b2-527d-4ab6-a086-d6ad4a131c32@group-E0A55ED5C792-StateMachineUpdater] INFO  impl.StateMachineUpdater (StateMachineUpdater.java:takeSnapshot(258)) - d3f833b2-527d-4ab6-a086-d6ad4a131c32@group-E0A55ED5C792-StateMachineUpdater: Took a snapshot at index 16
2019-09-16 16:19:57,009 [d3f833b2-527d-4ab6-a086-d6ad4a131c32@group-E0A55ED5C792-StateMachineUpdater] INFO  impl.StateMachineUpdater (StateMachineUpdater.java:lambda$new$0(83)) - d3f833b2-527d-4ab6-a086-d6ad4a131c32@group-E0A55ED5C792-StateMachineUpdater: snapshotIndex: updateIncreasingly -1 -> 16
2019-09-16 16:19:57,009 [grpc-default-executor-6] INFO  impl.RaftServerImpl (ServerState.java:close(385)) - d3f833b2-527d-4ab6-a086-d6ad4a131c32@group-E0A55ED5C792: closes. applyIndex: 16
2019-09-16 16:19:57,009 [Command processor thread] ERROR commandhandler.CloseContainerCommandHandler (CloseContainerCommandHandler.java:handle(125)) - Can't close container #6
java.io.IOException: org.apache.ratis.protocol.GroupMismatchException: d3f833b2-527d-4ab6-a086-d6ad4a131c32: group-E0A55ED5C792 not found.
	at org.apache.hadoop.ozone.container.common.transport.server.ratis.XceiverServerRatis.submitRequest(XceiverServerRatis.java:495)
	at org.apache.hadoop.ozone.container.common.statemachine.commandhandler.CloseContainerCommandHandler.handle(CloseContainerCommandHandler.java:102)
	at org.apache.hadoop.ozone.container.common.statemachine.commandhandler.CommandDispatcher.handle(CommandDispatcher.java:99)
	at org.apache.hadoop.ozone.container.common.statemachine.DatanodeStateMachine.lambda$initCommandHandlerThread$1(DatanodeStateMachine.java:432)
	at java.lang.Thread.run(Thread.java:748)
Caused by: java.util.concurrent.ExecutionException: org.apache.ratis.protocol.GroupMismatchException: d3f833b2-527d-4ab6-a086-d6ad4a131c32: group-E0A55ED5C792 not found.
	at java.util.concurrent.CompletableFuture.reportGet(CompletableFuture.java:357)
	at java.util.concurrent.CompletableFuture.get(CompletableFuture.java:1895)
	at org.apache.hadoop.ozone.container.common.transport.server.ratis.XceiverServerRatis.submitRequest(XceiverServerRatis.java:493)
	... 4 more
Caused by: org.apache.ratis.protocol.GroupMismatchException: d3f833b2-527d-4ab6-a086-d6ad4a131c32: group-E0A55ED5C792 not found.
	at org.apache.ratis.server.impl.RaftServerProxy$ImplMap.get(RaftServerProxy.java:122)
	at org.apache.ratis.server.impl.RaftServerProxy.getImplFuture(RaftServerProxy.java:269)
	at org.apache.ratis.server.impl.RaftServerProxy.submitRequest(RaftServerProxy.java:327)
	at org.apache.ratis.server.impl.RaftServerProxy.submitClientRequestAsync(RaftServerProxy.java:333)
	... 5 more
2019-09-16 16:19:57,012 [d3f833b2-527d-4ab6-a086-d6ad4a131c32@group-E0A55ED5C792-SegmentedRaftLogWorker] ERROR ratis.XceiverServerRatis (XceiverServerRatis.java:triggerPipelineClose(568)) - pipeline Action CLOSE  on pipeline PipelineID=cf85cf34-beb7-4b49-9a59-e0a55ed5c792.Reason : WriteLog:17: (t:1, i:17), STATEMACHINELOGENTRY, client-2CD27A2BD368, cid=54-writeStateMachineData interrupted.
2019-09-16 16:19:57,013 [grpc-default-executor-6] INFO  segmented.SegmentedRaftLogWorker (SegmentedRaftLogWorker.java:close(228)) - d3f833b2-527d-4ab6-a086-d6ad4a131c32@group-E0A55ED5C792-SegmentedRaftLogWorker close()
2019-09-16 16:19:57,013 [EventQueue-PipelineActionsForPipelineActionHandler] ERROR pipeline.PipelineActionHandler (PipelineActionHandler.java:onMessage(60)) - Received pipeline action CLOSE for Pipeline[ Id: cf85cf34-beb7-4b49-9a59-e0a55ed5c792, Nodes: 8f6ed14e-9847-41b2-84b1-f48134b0885d{ip: 192.168.34.47, host: pr-hdds-2111-ptm9r-3382166736, networkLocation: /default-rack, certSerialId: null}6151a780-4ba7-403b-be5b-70f0763d4a32{ip: 192.168.34.47, host: pr-hdds-2111-ptm9r-3382166736, networkLocation: /default-rack, certSerialId: null}d3f833b2-527d-4ab6-a086-d6ad4a131c32{ip: 192.168.34.47, host: pr-hdds-2111-ptm9r-3382166736, networkLocation: /default-rack, certSerialId: null}, Type:RATIS, Factor:THREE, State:CLOSED] from datanode d3f833b2-527d-4ab6-a086-d6ad4a131c32{ip: 192.168.34.47, host: pr-hdds-2111-ptm9r-3382166736, networkLocation: /default-rack, certSerialId: null}. Reason : WriteLog:17: (t:1, i:17), STATEMACHINELOGENTRY, client-2CD27A2BD368, cid=54-writeStateMachineData interrupted.
2019-09-16 16:19:57,017 [EventQueue-PipelineActionsForPipelineActionHandler] INFO  pipeline.SCMPipelineManager (SCMPipelineManager.java:finalizeAndDestroyPipeline(311)) - destroying pipeline:Pipeline[ Id: cf85cf34-beb7-4b49-9a59-e0a55ed5c792, Nodes: 8f6ed14e-9847-41b2-84b1-f48134b0885d{ip: 192.168.34.47, host: pr-hdds-2111-ptm9r-3382166736, networkLocation: /default-rack, certSerialId: null}6151a780-4ba7-403b-be5b-70f0763d4a32{ip: 192.168.34.47, host: pr-hdds-2111-ptm9r-3382166736, networkLocation: /default-rack, certSerialId: null}d3f833b2-527d-4ab6-a086-d6ad4a131c32{ip: 192.168.34.47, host: pr-hdds-2111-ptm9r-3382166736, networkLocation: /default-rack, certSerialId: null}, Type:RATIS, Factor:THREE, State:CLOSED]
2019-09-16 16:19:57,020 [grpc-default-executor-6] INFO  interfaces.Container (KeyValueContainer.java:flushAndSyncDB(386)) - Container 5 is synced with bcsId 7.
2019-09-16 16:19:57,020 [grpc-default-executor-6] INFO  interfaces.Container (KeyValueContainer.java:flushAndSyncDB(386)) - Container 5 is synced with bcsId 7.
2019-09-16 16:19:57,029 [grpc-default-executor-6] INFO  interfaces.Container (KeyValueContainer.java:flushAndSyncDB(386)) - Container 6 is synced with bcsId 14.
2019-09-16 16:19:57,029 [grpc-default-executor-6] INFO  interfaces.Container (KeyValueContainer.java:flushAndSyncDB(386)) - Container 6 is synced with bcsId 14.
2019-09-16 16:19:57,035 [RatisPipelineUtilsThread] INFO  pipeline.PipelineStateManager (PipelineStateManager.java:removePipeline(108)) - Pipeline Pipeline[ Id: cf85cf34-beb7-4b49-9a59-e0a55ed5c792, Nodes: 8f6ed14e-9847-41b2-84b1-f48134b0885d{ip: 192.168.34.47, host: pr-hdds-2111-ptm9r-3382166736, networkLocation: /default-rack, certSerialId: null}6151a780-4ba7-403b-be5b-70f0763d4a32{ip: 192.168.34.47, host: pr-hdds-2111-ptm9r-3382166736, networkLocation: /default-rack, certSerialId: null}d3f833b2-527d-4ab6-a086-d6ad4a131c32{ip: 192.168.34.47, host: pr-hdds-2111-ptm9r-3382166736, networkLocation: /default-rack, certSerialId: null}, Type:RATIS, Factor:THREE, State:CLOSED] removed from db
2019-09-16 16:19:57,137 [main] WARN  io.KeyOutputStream (KeyOutputStream.java:handleException(276)) - Encountered exception java.io.IOException: Unexpected Storage Container Exception: java.util.concurrent.CompletionException: java.util.concurrent.CompletionException: org.apache.ratis.protocol.GroupMismatchException: 6151a780-4ba7-403b-be5b-70f0763d4a32: group-E0A55ED5C792 not found. on the pipeline Pipeline[ Id: cf85cf34-beb7-4b49-9a59-e0a55ed5c792, Nodes: 8f6ed14e-9847-41b2-84b1-f48134b0885d{ip: 192.168.34.47, host: pr-hdds-2111-ptm9r-3382166736, networkLocation: /default-rack, certSerialId: null}6151a780-4ba7-403b-be5b-70f0763d4a32{ip: 192.168.34.47, host: pr-hdds-2111-ptm9r-3382166736, networkLocation: /default-rack, certSerialId: null}d3f833b2-527d-4ab6-a086-d6ad4a131c32{ip: 192.168.34.47, host: pr-hdds-2111-ptm9r-3382166736, networkLocation: /default-rack, certSerialId: null}, Type:RATIS, Factor:THREE, State:OPEN]. The last committed block length is 0, uncommitted data length is 400 retry count 0
2019-09-16 16:19:57,166 [grpc-default-executor-6] INFO  client.GrpcClientProtocolClient (GrpcClientProtocolClient.java:onNext(264)) - client-3246081692FE->4ca8fc9b-155c-430c-bea5-3409cfbf9e81: receive RaftClientReply:client-3246081692FE->4ca8fc9b-155c-430c-bea5-3409cfbf9e81@group-ECAA71140044, cid=147, FAILED org.apache.ratis.protocol.NotLeaderException: Server 4ca8fc9b-155c-430c-bea5-3409cfbf9e81@group-ECAA71140044 is not the leader b2cb4e6d-99bf-4d5a-8f93-0503cbfac2cf:192.168.34.47:34467, logIndex=0, commits[4ca8fc9b-155c-430c-bea5-3409cfbf9e81:c6, b2cb4e6d-99bf-4d5a-8f93-0503cbfac2cf:c6, c43449a9-5ffe-4b6e-aa98-56128878deb7:c6]
2019-09-16 16:19:57,301 [grpc-default-executor-6] INFO  client.GrpcClientProtocolClient (GrpcClientProtocolClient.java:onNext(264)) - client-3246081692FE->b2cb4e6d-99bf-4d5a-8f93-0503cbfac2cf: receive RaftClientReply:client-3246081692FE->b2cb4e6d-99bf-4d5a-8f93-0503cbfac2cf@group-ECAA71140044, cid=147, SUCCESS, logIndex=7, commits[b2cb4e6d-99bf-4d5a-8f93-0503cbfac2cf:c7, 4ca8fc9b-155c-430c-bea5-3409cfbf9e81:c6, c43449a9-5ffe-4b6e-aa98-56128878deb7:c6]
2019-09-16 16:19:57,330 [grpc-default-executor-8] INFO  client.GrpcClientProtocolClient (GrpcClientProtocolClient.java:onNext(264)) - client-3246081692FE->b2cb4e6d-99bf-4d5a-8f93-0503cbfac2cf: receive RaftClientReply:client-3246081692FE->b2cb4e6d-99bf-4d5a-8f93-0503cbfac2cf@group-ECAA71140044, cid=148, SUCCESS, logIndex=9, commits[b2cb4e6d-99bf-4d5a-8f93-0503cbfac2cf:c9, 4ca8fc9b-155c-430c-bea5-3409cfbf9e81:c8, c43449a9-5ffe-4b6e-aa98-56128878deb7:c8]
2019-09-16 16:19:57,374 [grpc-default-executor-5] INFO  client.GrpcClientProtocolClient (GrpcClientProtocolClient.java:onNext(264)) - client-3246081692FE->b2cb4e6d-99bf-4d5a-8f93-0503cbfac2cf: receive RaftClientReply:client-3246081692FE->b2cb4e6d-99bf-4d5a-8f93-0503cbfac2cf@group-ECAA71140044, cid=149, SUCCESS, logIndex=10, commits[b2cb4e6d-99bf-4d5a-8f93-0503cbfac2cf:c18, 4ca8fc9b-155c-430c-bea5-3409cfbf9e81:c13, c43449a9-5ffe-4b6e-aa98-56128878deb7:c13]
2019-09-16 16:19:57,376 [grpc-default-executor-5] INFO  client.GrpcClientProtocolClient (GrpcClientProtocolClient.java:onNext(264)) - client-3246081692FE->b2cb4e6d-99bf-4d5a-8f93-0503cbfac2cf: receive RaftClientReply:client-3246081692FE->b2cb4e6d-99bf-4d5a-8f93-0503cbfac2cf@group-ECAA71140044, cid=150, SUCCESS, logIndex=11, commits[b2cb4e6d-99bf-4d5a-8f93-0503cbfac2cf:c18, 4ca8fc9b-155c-430c-bea5-3409cfbf9e81:c13, c43449a9-5ffe-4b6e-aa98-56128878deb7:c13]
2019-09-16 16:19:57,376 [grpc-default-executor-5] INFO  client.GrpcClientProtocolClient (GrpcClientProtocolClient.java:onNext(264)) - client-3246081692FE->b2cb4e6d-99bf-4d5a-8f93-0503cbfac2cf: receive RaftClientReply:client-3246081692FE->b2cb4e6d-99bf-4d5a-8f93-0503cbfac2cf@group-ECAA71140044, cid=151, SUCCESS, logIndex=12, commits[b2cb4e6d-99bf-4d5a-8f93-0503cbfac2cf:c18, 4ca8fc9b-155c-430c-bea5-3409cfbf9e81:c13, c43449a9-5ffe-4b6e-aa98-56128878deb7:c13]
2019-09-16 16:19:57,444 [grpc-default-executor-5] INFO  client.GrpcClientProtocolClient (GrpcClientProtocolClient.java:onNext(264)) - client-3246081692FE->b2cb4e6d-99bf-4d5a-8f93-0503cbfac2cf: receive RaftClientReply:client-3246081692FE->b2cb4e6d-99bf-4d5a-8f93-0503cbfac2cf@group-ECAA71140044, cid=152, SUCCESS, logIndex=13, commits[b2cb4e6d-99bf-4d5a-8f93-0503cbfac2cf:c18, 4ca8fc9b-155c-430c-bea5-3409cfbf9e81:c13, c43449a9-5ffe-4b6e-aa98-56128878deb7:c13]
]]></system-out>
    <system-err><![CDATA[Sep 16, 2019 4:19:56 PM org.apache.ratis.thirdparty.io.grpc.internal.SerializingExecutor run
SEVERE: Exception while executing runnable org.apache.ratis.thirdparty.io.grpc.internal.ServerImpl$JumpToApplicationThreadServerStreamListener$1Closed@7ee6d151
org.apache.ratis.thirdparty.io.grpc.StatusRuntimeException: CANCELLED: call already cancelled
	at org.apache.ratis.thirdparty.io.grpc.Status.asRuntimeException(Status.java:517)
	at org.apache.ratis.thirdparty.io.grpc.stub.ServerCalls$ServerCallStreamObserverImpl.onCompleted(ServerCalls.java:356)
	at org.apache.ratis.grpc.server.GrpcServerProtocolService$ServerRequestStreamObserver.onError(GrpcServerProtocolService.java:121)
	at org.apache.ratis.thirdparty.io.grpc.stub.ServerCalls$StreamingServerCallHandler$StreamingServerCallListener.onCancel(ServerCalls.java:269)
	at org.apache.ratis.thirdparty.io.grpc.internal.ServerCallImpl$ServerStreamListenerImpl.closed(ServerCallImpl.java:293)
	at org.apache.ratis.thirdparty.io.grpc.internal.ServerImpl$JumpToApplicationThreadServerStreamListener$1Closed.runInContext(ServerImpl.java:741)
	at org.apache.ratis.thirdparty.io.grpc.internal.ContextRunnable.run(ContextRunnable.java:37)
	at org.apache.ratis.thirdparty.io.grpc.internal.SerializingExecutor.run(SerializingExecutor.java:123)
	at java.util.concurrent.ThreadPoolExecutor.runWorker(ThreadPoolExecutor.java:1149)
	at java.util.concurrent.ThreadPoolExecutor$Worker.run(ThreadPoolExecutor.java:624)
	at java.lang.Thread.run(Thread.java:748)

Sep 16, 2019 4:19:56 PM org.apache.ratis.thirdparty.io.grpc.internal.SerializingExecutor run
SEVERE: Exception while executing runnable org.apache.ratis.thirdparty.io.grpc.internal.ServerImpl$JumpToApplicationThreadServerStreamListener$1Closed@50d799cb
org.apache.ratis.thirdparty.io.grpc.StatusRuntimeException: CANCELLED: call already cancelled
	at org.apache.ratis.thirdparty.io.grpc.Status.asRuntimeException(Status.java:517)
	at org.apache.ratis.thirdparty.io.grpc.stub.ServerCalls$ServerCallStreamObserverImpl.onCompleted(ServerCalls.java:356)
	at org.apache.ratis.grpc.server.GrpcServerProtocolService$ServerRequestStreamObserver.onError(GrpcServerProtocolService.java:121)
	at org.apache.ratis.thirdparty.io.grpc.stub.ServerCalls$StreamingServerCallHandler$StreamingServerCallListener.onCancel(ServerCalls.java:269)
	at org.apache.ratis.thirdparty.io.grpc.internal.ServerCallImpl$ServerStreamListenerImpl.closed(ServerCallImpl.java:293)
	at org.apache.ratis.thirdparty.io.grpc.internal.ServerImpl$JumpToApplicationThreadServerStreamListener$1Closed.runInContext(ServerImpl.java:741)
	at org.apache.ratis.thirdparty.io.grpc.internal.ContextRunnable.run(ContextRunnable.java:37)
	at org.apache.ratis.thirdparty.io.grpc.internal.SerializingExecutor.run(SerializingExecutor.java:123)
	at java.util.concurrent.ThreadPoolExecutor.runWorker(ThreadPoolExecutor.java:1149)
	at java.util.concurrent.ThreadPoolExecutor$Worker.run(ThreadPoolExecutor.java:624)
	at java.lang.Thread.run(Thread.java:748)

]]></system-err>
  </testcase>
</testsuite>