<?xml version="1.0" encoding="UTF-8"?>
<testsuite xmlns:xsi="http://www.w3.org/2001/XMLSchema-instance" xsi:noNamespaceSchemaLocation="https://maven.apache.org/surefire/maven-surefire-plugin/xsd/surefire-test-report.xsd" name="org.apache.hadoop.ozone.client.rpc.TestMultiBlockWritesWithDnFailures" time="149.232" tests="2" errors="1" skipped="0" failures="0">
  <properties>
    <property name="awt.toolkit" value="sun.awt.X11.XToolkit"/>
    <property name="file.encoding.pkg" value="sun.io"/>
    <property name="java.specification.version" value="1.8"/>
    <property name="sun.cpu.isalist" value=""/>
    <property name="sun.jnu.encoding" value="UTF-8"/>
    <property name="java.class.path" value="/workdir/hadoop-ozone/integration-test/target/test-classes:/workdir/hadoop-ozone/integration-test/target/classes:/home/user/.m2/repository/org/apache/hadoop/hadoop-ozone-common/0.5.0-SNAPSHOT/hadoop-ozone-common-0.5.0-SNAPSHOT.jar:/home/user/.m2/repository/org/apache/commons/commons-compress/1.4.1/commons-compress-1.4.1.jar:/home/user/.m2/repository/org/tukaani/xz/1.0/xz-1.0.jar:/home/user/.m2/repository/org/apache/hadoop/hadoop-common/3.2.0/hadoop-common-3.2.0.jar:/home/user/.m2/repository/org/apache/hadoop/hadoop-hdfs/3.2.0/hadoop-hdfs-3.2.0.jar:/home/user/.m2/repository/org/apache/hadoop/hadoop-hdfs-client/3.2.0/hadoop-hdfs-client-3.2.0.jar:/home/user/.m2/repository/com/fasterxml/jackson/core/jackson-annotations/2.9.5/jackson-annotations-2.9.5.jar:/home/user/.m2/repository/org/apache/hadoop/hadoop-hdds-common/0.5.0-SNAPSHOT/hadoop-hdds-common-0.5.0-SNAPSHOT.jar:/home/user/.m2/repository/javax/annotation/javax.annotation-api/1.2/javax.annotation-api-1.2.jar:/home/user/.m2/repository/org/apache/ratis/ratis-server/0.4.0-78e95b9-SNAPSHOT/ratis-server-0.4.0-78e95b9-SNAPSHOT.jar:/home/user/.m2/repository/org/apache/ratis/ratis-thirdparty-misc/0.2.0/ratis-thirdparty-misc-0.2.0.jar:/home/user/.m2/repository/org/apache/ratis/ratis-proto/0.4.0-78e95b9-SNAPSHOT/ratis-proto-0.4.0-78e95b9-SNAPSHOT.jar:/home/user/.m2/repository/org/apache/ratis/ratis-common/0.4.0-78e95b9-SNAPSHOT/ratis-common-0.4.0-78e95b9-SNAPSHOT.jar:/home/user/.m2/repository/org/apache/ratis/ratis-client/0.4.0-78e95b9-SNAPSHOT/ratis-client-0.4.0-78e95b9-SNAPSHOT.jar:/home/user/.m2/repository/org/apache/ratis/ratis-metrics/0.4.0-78e95b9-SNAPSHOT/ratis-metrics-0.4.0-78e95b9-SNAPSHOT.jar:/home/user/.m2/repository/com/github/joshelser/dropwizard-metrics-hadoop-metrics2-reporter/0.1.2/dropwizard-metrics-hadoop-metrics2-reporter-0.1.2.jar:/home/user/.m2/repository/io/dropwizard/metrics/metrics-jvm/3.2.5/metrics-jvm-3.2.5.jar:/home/user/.m2/repository/io/dropwizard/metrics/metrics-ganglia/3.2.5/metrics-ganglia-3.2.5.jar:/home/user/.m2/repository/info/ganglia/gmetric4j/gmetric4j/1.0.7/gmetric4j-1.0.7.jar:/home/user/.m2/repository/org/apache/ratis/ratis-netty/0.4.0-78e95b9-SNAPSHOT/ratis-netty-0.4.0-78e95b9-SNAPSHOT.jar:/home/user/.m2/repository/org/apache/ratis/ratis-grpc/0.4.0-78e95b9-SNAPSHOT/ratis-grpc-0.4.0-78e95b9-SNAPSHOT.jar:/home/user/.m2/repository/org/rocksdb/rocksdbjni/6.0.1/rocksdbjni-6.0.1.jar:/home/user/.m2/repository/org/apache/logging/log4j/log4j-api/2.11.0/log4j-api-2.11.0.jar:/home/user/.m2/repository/org/apache/logging/log4j/log4j-core/2.11.0/log4j-core-2.11.0.jar:/home/user/.m2/repository/com/lmax/disruptor/3.4.2/disruptor-3.4.2.jar:/home/user/.m2/repository/org/apache/commons/commons-pool2/2.6.0/commons-pool2-2.6.0.jar:/home/user/.m2/repository/org/bouncycastle/bcpkix-jdk15on/1.60/bcpkix-jdk15on-1.60.jar:/home/user/.m2/repository/commons-validator/commons-validator/1.6/commons-validator-1.6.jar:/home/user/.m2/repository/commons-digester/commons-digester/1.8.1/commons-digester-1.8.1.jar:/home/user/.m2/repository/io/jaegertracing/jaeger-client/0.33.1/jaeger-client-0.33.1.jar:/home/user/.m2/repository/io/jaegertracing/jaeger-thrift/0.33.1/jaeger-thrift-0.33.1.jar:/home/user/.m2/repository/org/apache/thrift/libthrift/0.11.0/libthrift-0.11.0.jar:/home/user/.m2/repository/com/squareup/okhttp3/okhttp/3.9.0/okhttp-3.9.0.jar:/home/user/.m2/repository/com/squareup/okio/okio/1.13.0/okio-1.13.0.jar:/home/user/.m2/repository/io/jaegertracing/jaeger-core/0.33.1/jaeger-core-0.33.1.jar:/home/user/.m2/repository/io/jaegertracing/jaeger-tracerresolver/0.33.1/jaeger-tracerresolver-0.33.1.jar:/home/user/.m2/repository/io/opentracing/contrib/opentracing-tracerresolver/0.1.5/opentracing-tracerresolver-0.1.5.jar:/home/user/.m2/repository/io/opentracing/opentracing-util/0.31.0/opentracing-util-0.31.0.jar:/home/user/.m2/repository/io/opentracing/opentracing-api/0.31.0/opentracing-api-0.31.0.jar:/home/user/.m2/repository/io/opentracing/opentracing-noop/0.31.0/opentracing-noop-0.31.0.jar:/home/user/.m2/repository/org/apache/hadoop/hadoop-hdds-server-framework/0.5.0-SNAPSHOT/hadoop-hdds-server-framework-0.5.0-SNAPSHOT.jar:/home/user/.m2/repository/org/apache/hadoop/hadoop-hdds-container-service/0.5.0-SNAPSHOT/hadoop-hdds-container-service-0.5.0-SNAPSHOT.jar:/home/user/.m2/repository/org/apache/hadoop/hadoop-hdds-client/0.5.0-SNAPSHOT/hadoop-hdds-client-0.5.0-SNAPSHOT.jar:/home/user/.m2/repository/org/apache/hadoop/hadoop-hdds-tools/0.5.0-SNAPSHOT/hadoop-hdds-tools-0.5.0-SNAPSHOT.jar:/home/user/.m2/repository/org/apache/hadoop/hadoop-hdds-server-scm/0.5.0-SNAPSHOT/hadoop-hdds-server-scm-0.5.0-SNAPSHOT.jar:/home/user/.m2/repository/org/apache/hadoop/hadoop-hdds-docs/0.5.0-SNAPSHOT/hadoop-hdds-docs-0.5.0-SNAPSHOT.jar:/home/user/.m2/repository/io/dropwizard/metrics/metrics-core/3.2.4/metrics-core-3.2.4.jar:/home/user/.m2/repository/org/hamcrest/hamcrest-all/1.3/hamcrest-all-1.3.jar:/home/user/.m2/repository/org/bouncycastle/bcprov-jdk15on/1.60/bcprov-jdk15on-1.60.jar:/home/user/.m2/repository/info/picocli/picocli/3.9.6/picocli-3.9.6.jar:/home/user/.m2/repository/com/google/protobuf/protobuf-java/2.5.0/protobuf-java-2.5.0.jar:/home/user/.m2/repository/com/google/guava/guava/11.0.2/guava-11.0.2.jar:/home/user/.m2/repository/org/apache/hadoop/hadoop-ozone-ozone-manager/0.5.0-SNAPSHOT/hadoop-ozone-ozone-manager-0.5.0-SNAPSHOT.jar:/home/user/.m2/repository/org/apache/hadoop/hadoop-minikdc/3.2.0/hadoop-minikdc-3.2.0.jar:/home/user/.m2/repository/commons-io/commons-io/2.5/commons-io-2.5.jar:/home/user/.m2/repository/org/apache/kerby/kerb-simplekdc/1.0.1/kerb-simplekdc-1.0.1.jar:/home/user/.m2/repository/org/apache/kerby/kerb-client/1.0.1/kerb-client-1.0.1.jar:/home/user/.m2/repository/org/apache/kerby/kerby-config/1.0.1/kerby-config-1.0.1.jar:/home/user/.m2/repository/org/apache/kerby/kerb-core/1.0.1/kerb-core-1.0.1.jar:/home/user/.m2/repository/org/apache/kerby/kerby-pkix/1.0.1/kerby-pkix-1.0.1.jar:/home/user/.m2/repository/org/apache/kerby/kerby-asn1/1.0.1/kerby-asn1-1.0.1.jar:/home/user/.m2/repository/org/apache/kerby/kerby-util/1.0.1/kerby-util-1.0.1.jar:/home/user/.m2/repository/org/apache/kerby/kerb-common/1.0.1/kerb-common-1.0.1.jar:/home/user/.m2/repository/org/apache/kerby/kerb-crypto/1.0.1/kerb-crypto-1.0.1.jar:/home/user/.m2/repository/org/apache/kerby/kerb-util/1.0.1/kerb-util-1.0.1.jar:/home/user/.m2/repository/org/apache/kerby/token-provider/1.0.1/token-provider-1.0.1.jar:/home/user/.m2/repository/org/apache/kerby/kerb-admin/1.0.1/kerb-admin-1.0.1.jar:/home/user/.m2/repository/org/apache/kerby/kerb-server/1.0.1/kerb-server-1.0.1.jar:/home/user/.m2/repository/org/apache/kerby/kerb-identity/1.0.1/kerb-identity-1.0.1.jar:/home/user/.m2/repository/org/apache/kerby/kerby-xdr/1.0.1/kerby-xdr-1.0.1.jar:/home/user/.m2/repository/org/slf4j/slf4j-log4j12/1.7.25/slf4j-log4j12-1.7.25.jar:/home/user/.m2/repository/org/apache/hadoop/hadoop-ozone-s3gateway/0.5.0-SNAPSHOT/hadoop-ozone-s3gateway-0.5.0-SNAPSHOT.jar:/home/user/.m2/repository/org/jboss/weld/servlet/weld-servlet/2.4.7.Final/weld-servlet-2.4.7.Final.jar:/home/user/.m2/repository/org/glassfish/jersey/containers/jersey-container-servlet-core/2.27/jersey-container-servlet-core-2.27.jar:/home/user/.m2/repository/org/glassfish/hk2/external/javax.inject/2.5.0-b42/javax.inject-2.5.0-b42.jar:/home/user/.m2/repository/org/glassfish/jersey/core/jersey-common/2.27/jersey-common-2.27.jar:/home/user/.m2/repository/org/glassfish/hk2/osgi-resource-locator/1.0.1/osgi-resource-locator-1.0.1.jar:/home/user/.m2/repository/javax/ws/rs/javax.ws.rs-api/2.1/javax.ws.rs-api-2.1.jar:/home/user/.m2/repository/org/glassfish/jersey/ext/cdi/jersey-cdi1x/2.27/jersey-cdi1x-2.27.jar:/home/user/.m2/repository/org/glassfish/jersey/inject/jersey-hk2/2.27/jersey-hk2-2.27.jar:/home/user/.m2/repository/org/glassfish/hk2/hk2-locator/2.5.0-b42/hk2-locator-2.5.0-b42.jar:/home/user/.m2/repository/org/javassist/javassist/3.22.0-CR2/javassist-3.22.0-CR2.jar:/home/user/.m2/repository/org/glassfish/hk2/hk2-api/2.5.0/hk2-api-2.5.0.jar:/home/user/.m2/repository/org/glassfish/hk2/external/jakarta.inject/2.5.0/jakarta.inject-2.5.0.jar:/home/user/.m2/repository/org/glassfish/hk2/hk2-utils/2.5.0/hk2-utils-2.5.0.jar:/home/user/.m2/repository/jakarta/annotation/jakarta.annotation-api/1.3.4/jakarta.annotation-api-1.3.4.jar:/home/user/.m2/repository/org/glassfish/hk2/external/aopalliance-repackaged/2.5.0/aopalliance-repackaged-2.5.0.jar:/home/user/.m2/repository/com/fasterxml/jackson/dataformat/jackson-dataformat-xml/2.9.0/jackson-dataformat-xml-2.9.0.jar:/home/user/.m2/repository/com/fasterxml/jackson/core/jackson-core/2.9.5/jackson-core-2.9.5.jar:/home/user/.m2/repository/com/fasterxml/jackson/module/jackson-module-jaxb-annotations/2.9.5/jackson-module-jaxb-annotations-2.9.5.jar:/home/user/.m2/repository/javax/enterprise/cdi-api/1.2/cdi-api-1.2.jar:/home/user/.m2/repository/javax/el/javax.el-api/3.0.0/javax.el-api-3.0.0.jar:/home/user/.m2/repository/javax/interceptor/javax.interceptor-api/1.2/javax.interceptor-api-1.2.jar:/home/user/.m2/repository/javax/inject/javax.inject/1/javax.inject-1.jar:/home/user/.m2/repository/com/sun/xml/bind/jaxb-impl/2.3.0.1/jaxb-impl-2.3.0.1.jar:/home/user/.m2/repository/com/sun/xml/bind/jaxb-core/2.3.0.1/jaxb-core-2.3.0.1.jar:/home/user/.m2/repository/javax/xml/bind/jaxb-api/2.3.0/jaxb-api-2.3.0.jar:/home/user/.m2/repository/javax/activation/activation/1.1.1/activation-1.1.1.jar:/home/user/.m2/repository/org/apache/hadoop/hadoop-ozone-csi/0.5.0-SNAPSHOT/hadoop-ozone-csi-0.5.0-SNAPSHOT.jar:/home/user/.m2/repository/com/google/protobuf/protobuf-java-util/3.5.1/protobuf-java-util-3.5.1.jar:/home/user/.m2/repository/org/apache/hadoop/hadoop-hdds-config/0.5.0-SNAPSHOT/hadoop-hdds-config-0.5.0-SNAPSHOT.jar:/home/user/.m2/repository/io/grpc/grpc-netty/1.17.1/grpc-netty-1.17.1.jar:/home/user/.m2/repository/io/grpc/grpc-core/1.17.1/grpc-core-1.17.1.jar:/home/user/.m2/repository/io/grpc/grpc-context/1.17.1/grpc-context-1.17.1.jar:/home/user/.m2/repository/com/google/errorprone/error_prone_annotations/2.2.0/error_prone_annotations-2.2.0.jar:/home/user/.m2/repository/org/codehaus/mojo/animal-sniffer-annotations/1.17/animal-sniffer-annotations-1.17.jar:/home/user/.m2/repository/io/opencensus/opencensus-api/0.17.0/opencensus-api-0.17.0.jar:/home/user/.m2/repository/io/opencensus/opencensus-contrib-grpc-metrics/0.17.0/opencensus-contrib-grpc-metrics-0.17.0.jar:/home/user/.m2/repository/io/netty/netty-codec-http2/4.1.30.Final/netty-codec-http2-4.1.30.Final.jar:/home/user/.m2/repository/io/netty/netty-codec-http/4.1.30.Final/netty-codec-http-4.1.30.Final.jar:/home/user/.m2/repository/io/netty/netty-codec/4.1.30.Final/netty-codec-4.1.30.Final.jar:/home/user/.m2/repository/io/netty/netty-handler/4.1.30.Final/netty-handler-4.1.30.Final.jar:/home/user/.m2/repository/io/netty/netty-handler-proxy/4.1.30.Final/netty-handler-proxy-4.1.30.Final.jar:/home/user/.m2/repository/io/netty/netty-codec-socks/4.1.30.Final/netty-codec-socks-4.1.30.Final.jar:/home/user/.m2/repository/io/netty/netty-transport-native-epoll/4.1.30.Final/netty-transport-native-epoll-4.1.30.Final.jar:/home/user/.m2/repository/io/netty/netty-common/4.1.30.Final/netty-common-4.1.30.Final.jar:/home/user/.m2/repository/io/netty/netty-buffer/4.1.30.Final/netty-buffer-4.1.30.Final.jar:/home/user/.m2/repository/io/netty/netty-transport/4.1.30.Final/netty-transport-4.1.30.Final.jar:/home/user/.m2/repository/io/netty/netty-resolver/4.1.30.Final/netty-resolver-4.1.30.Final.jar:/home/user/.m2/repository/io/netty/netty-transport-native-unix-common/4.1.30.Final/netty-transport-native-unix-common-4.1.30.Final.jar:/home/user/.m2/repository/io/grpc/grpc-protobuf/1.17.1/grpc-protobuf-1.17.1.jar:/home/user/.m2/repository/com/google/api/grpc/proto-google-common-protos/1.0.0/proto-google-common-protos-1.0.0.jar:/home/user/.m2/repository/io/grpc/grpc-protobuf-lite/1.17.1/grpc-protobuf-lite-1.17.1.jar:/home/user/.m2/repository/io/grpc/grpc-stub/1.17.1/grpc-stub-1.17.1.jar:/home/user/.m2/repository/org/apache/hadoop/hadoop-ozone-recon/0.5.0-SNAPSHOT/hadoop-ozone-recon-0.5.0-SNAPSHOT.jar:/home/user/.m2/repository/org/apache/hadoop/hadoop-ozone-reconcodegen/0.5.0-SNAPSHOT/hadoop-ozone-reconcodegen-0.5.0-SNAPSHOT.jar:/home/user/.m2/repository/com/google/inject/extensions/guice-multibindings/4.0/guice-multibindings-4.0.jar:/home/user/.m2/repository/com/google/inject/guice/4.0/guice-4.0.jar:/home/user/.m2/repository/aopalliance/aopalliance/1.0/aopalliance-1.0.jar:/home/user/.m2/repository/com/google/inject/extensions/guice-servlet/4.0/guice-servlet-4.0.jar:/home/user/.m2/repository/org/glassfish/jersey/containers/jersey-container-servlet/2.27/jersey-container-servlet-2.27.jar:/home/user/.m2/repository/org/glassfish/hk2/guice-bridge/2.5.0/guice-bridge-2.5.0.jar:/home/user/.m2/repository/org/glassfish/jersey/core/jersey-server/2.27/jersey-server-2.27.jar:/home/user/.m2/repository/org/glassfish/jersey/core/jersey-client/2.27/jersey-client-2.27.jar:/home/user/.m2/repository/org/glassfish/jersey/media/jersey-media-jaxb/2.27/jersey-media-jaxb-2.27.jar:/home/user/.m2/repository/javax/validation/validation-api/1.1.0.Final/validation-api-1.1.0.Final.jar:/home/user/.m2/repository/org/glassfish/jersey/media/jersey-media-json-jackson/2.27/jersey-media-json-jackson-2.27.jar:/home/user/.m2/repository/org/glassfish/jersey/ext/jersey-entity-filtering/2.27/jersey-entity-filtering-2.27.jar:/home/user/.m2/repository/com/google/inject/extensions/guice-assistedinject/4.0/guice-assistedinject-4.0.jar:/home/user/.m2/repository/org/jooq/jooq/3.11.10/jooq-3.11.10.jar:/home/user/.m2/repository/org/jooq/jooq-meta/3.11.10/jooq-meta-3.11.10.jar:/home/user/.m2/repository/org/jooq/jooq-codegen/3.11.10/jooq-codegen-3.11.10.jar:/home/user/.m2/repository/com/jolbox/bonecp/0.8.0.RELEASE/bonecp-0.8.0.RELEASE.jar:/home/user/.m2/repository/org/xerial/sqlite-jdbc/3.25.2/sqlite-jdbc-3.25.2.jar:/home/user/.m2/repository/org/springframework/spring-jdbc/5.1.3.RELEASE/spring-jdbc-5.1.3.RELEASE.jar:/home/user/.m2/repository/org/springframework/spring-beans/5.1.3.RELEASE/spring-beans-5.1.3.RELEASE.jar:/home/user/.m2/repository/org/springframework/spring-core/5.1.3.RELEASE/spring-core-5.1.3.RELEASE.jar:/home/user/.m2/repository/org/springframework/spring-jcl/5.1.3.RELEASE/spring-jcl-5.1.3.RELEASE.jar:/home/user/.m2/repository/org/springframework/spring-tx/5.1.3.RELEASE/spring-tx-5.1.3.RELEASE.jar:/home/user/.m2/repository/org/apache/hadoop/hadoop-ozone-client/0.5.0-SNAPSHOT/hadoop-ozone-client-0.5.0-SNAPSHOT.jar:/home/user/.m2/repository/commons-lang/commons-lang/2.6/commons-lang-2.6.jar:/home/user/.m2/repository/org/apache/hadoop/hadoop-ozone-ozone-manager/0.5.0-SNAPSHOT/hadoop-ozone-ozone-manager-0.5.0-SNAPSHOT-tests.jar:/home/user/.m2/repository/junit/junit/4.11/junit-4.11.jar:/home/user/.m2/repository/org/hamcrest/hamcrest-core/1.3/hamcrest-core-1.3.jar:/home/user/.m2/repository/org/openjdk/jmh/jmh-core/1.19/jmh-core-1.19.jar:/home/user/.m2/repository/net/sf/jopt-simple/jopt-simple/4.6/jopt-simple-4.6.jar:/home/user/.m2/repository/org/apache/commons/commons-math3/3.1.1/commons-math3-3.1.1.jar:/home/user/.m2/repository/org/openjdk/jmh/jmh-generator-annprocess/1.19/jmh-generator-annprocess-1.19.jar:/home/user/.m2/repository/org/mockito/mockito-all/1.8.5/mockito-all-1.8.5.jar:/home/user/.m2/repository/org/apache/hadoop/hadoop-kms/3.2.0/hadoop-kms-3.2.0.jar:/home/user/.m2/repository/org/apache/hadoop/hadoop-auth/3.2.0/hadoop-auth-3.2.0.jar:/home/user/.m2/repository/com/nimbusds/nimbus-jose-jwt/4.41.1/nimbus-jose-jwt-4.41.1.jar:/home/user/.m2/repository/com/github/stephenc/jcip/jcip-annotations/1.0-1/jcip-annotations-1.0-1.jar:/home/user/.m2/repository/net/minidev/json-smart/2.3/json-smart-2.3.jar:/home/user/.m2/repository/net/minidev/accessors-smart/1.2/accessors-smart-1.2.jar:/home/user/.m2/repository/org/ow2/asm/asm/5.0.4/asm-5.0.4.jar:/home/user/.m2/repository/org/apache/curator/curator-framework/2.12.0/curator-framework-2.12.0.jar:/home/user/.m2/repository/com/sun/jersey/jersey-core/1.19/jersey-core-1.19.jar:/home/user/.m2/repository/javax/ws/rs/jsr311-api/1.1.1/jsr311-api-1.1.1.jar:/home/user/.m2/repository/com/sun/jersey/jersey-server/1.19/jersey-server-1.19.jar:/home/user/.m2/repository/javax/servlet/javax.servlet-api/3.1.0/javax.servlet-api-3.1.0.jar:/home/user/.m2/repository/org/eclipse/jetty/jetty-server/9.3.24.v20180605/jetty-server-9.3.24.v20180605.jar:/home/user/.m2/repository/org/eclipse/jetty/jetty-http/9.3.24.v20180605/jetty-http-9.3.24.v20180605.jar:/home/user/.m2/repository/org/eclipse/jetty/jetty-io/9.3.24.v20180605/jetty-io-9.3.24.v20180605.jar:/home/user/.m2/repository/org/eclipse/jetty/jetty-webapp/9.3.24.v20180605/jetty-webapp-9.3.24.v20180605.jar:/home/user/.m2/repository/org/eclipse/jetty/jetty-xml/9.3.24.v20180605/jetty-xml-9.3.24.v20180605.jar:/home/user/.m2/repository/log4j/log4j/1.2.17/log4j-1.2.17.jar:/home/user/.m2/repository/org/slf4j/slf4j-api/1.7.25/slf4j-api-1.7.25.jar:/home/user/.m2/repository/org/slf4j/jul-to-slf4j/1.7.25/jul-to-slf4j-1.7.25.jar:/home/user/.m2/repository/org/eclipse/jetty/jetty-util/9.3.24.v20180605/jetty-util-9.3.24.v20180605.jar:/home/user/.m2/repository/com/fasterxml/jackson/core/jackson-databind/2.9.5/jackson-databind-2.9.5.jar:/home/user/.m2/repository/org/apache/hadoop/hadoop-kms/3.2.0/hadoop-kms-3.2.0-tests.jar:/home/user/.m2/repository/org/apache/hadoop/hadoop-hdds-server-scm/0.5.0-SNAPSHOT/hadoop-hdds-server-scm-0.5.0-SNAPSHOT-tests.jar:/home/user/.m2/repository/org/apache/hadoop/hadoop-hdds-container-service/0.5.0-SNAPSHOT/hadoop-hdds-container-service-0.5.0-SNAPSHOT-tests.jar:/home/user/.m2/repository/org/yaml/snakeyaml/1.16/snakeyaml-1.16.jar:/home/user/.m2/repository/org/apache/hadoop/hadoop-common/3.2.0/hadoop-common-3.2.0-tests.jar:/home/user/.m2/repository/org/apache/hadoop/hadoop-annotations/3.2.0/hadoop-annotations-3.2.0.jar:/usr/lib/jvm/java-1.8-openjdk/jre/../lib/tools.jar:/home/user/.m2/repository/commons-cli/commons-cli/1.2/commons-cli-1.2.jar:/home/user/.m2/repository/org/apache/httpcomponents/httpclient/4.5.2/httpclient-4.5.2.jar:/home/user/.m2/repository/org/apache/httpcomponents/httpcore/4.4.4/httpcore-4.4.4.jar:/home/user/.m2/repository/commons-codec/commons-codec/1.11/commons-codec-1.11.jar:/home/user/.m2/repository/commons-net/commons-net/3.6/commons-net-3.6.jar:/home/user/.m2/repository/commons-collections/commons-collections/3.2.2/commons-collections-3.2.2.jar:/home/user/.m2/repository/org/eclipse/jetty/jetty-servlet/9.3.24.v20180605/jetty-servlet-9.3.24.v20180605.jar:/home/user/.m2/repository/org/eclipse/jetty/jetty-security/9.3.24.v20180605/jetty-security-9.3.24.v20180605.jar:/home/user/.m2/repository/javax/servlet/jsp/jsp-api/2.1/jsp-api-2.1.jar:/home/user/.m2/repository/com/sun/jersey/jersey-servlet/1.19/jersey-servlet-1.19.jar:/home/user/.m2/repository/com/sun/jersey/jersey-json/1.19/jersey-json-1.19.jar:/home/user/.m2/repository/org/codehaus/jettison/jettison/1.1/jettison-1.1.jar:/home/user/.m2/repository/org/codehaus/jackson/jackson-core-asl/1.9.13/jackson-core-asl-1.9.13.jar:/home/user/.m2/repository/org/codehaus/jackson/jackson-mapper-asl/1.9.13/jackson-mapper-asl-1.9.13.jar:/home/user/.m2/repository/org/codehaus/jackson/jackson-jaxrs/1.9.13/jackson-jaxrs-1.9.13.jar:/home/user/.m2/repository/org/codehaus/jackson/jackson-xc/1.9.13/jackson-xc-1.9.13.jar:/home/user/.m2/repository/commons-logging/commons-logging/1.1.3/commons-logging-1.1.3.jar:/home/user/.m2/repository/commons-beanutils/commons-beanutils/1.9.3/commons-beanutils-1.9.3.jar:/home/user/.m2/repository/org/apache/commons/commons-configuration2/2.1.1/commons-configuration2-2.1.1.jar:/home/user/.m2/repository/org/apache/commons/commons-lang3/3.7/commons-lang3-3.7.jar:/home/user/.m2/repository/org/apache/commons/commons-text/1.4/commons-text-1.4.jar:/home/user/.m2/repository/org/apache/avro/avro/1.7.7/avro-1.7.7.jar:/home/user/.m2/repository/com/thoughtworks/paranamer/paranamer/2.3/paranamer-2.3.jar:/home/user/.m2/repository/org/xerial/snappy/snappy-java/1.0.5/snappy-java-1.0.5.jar:/home/user/.m2/repository/com/google/re2j/re2j/1.1/re2j-1.1.jar:/home/user/.m2/repository/com/google/code/gson/gson/2.2.4/gson-2.2.4.jar:/home/user/.m2/repository/com/jcraft/jsch/0.1.54/jsch-0.1.54.jar:/home/user/.m2/repository/org/apache/curator/curator-client/2.12.0/curator-client-2.12.0.jar:/home/user/.m2/repository/org/apache/curator/curator-recipes/2.12.0/curator-recipes-2.12.0.jar:/home/user/.m2/repository/com/google/code/findbugs/jsr305/3.0.0/jsr305-3.0.0.jar:/home/user/.m2/repository/org/apache/htrace/htrace-core4/4.1.0-incubating/htrace-core4-4.1.0-incubating.jar:/home/user/.m2/repository/org/apache/zookeeper/zookeeper/3.4.13/zookeeper-3.4.13.jar:/home/user/.m2/repository/org/apache/yetus/audience-annotations/0.5.0/audience-annotations-0.5.0.jar:/home/user/.m2/repository/org/codehaus/woodstox/stax2-api/3.1.4/stax2-api-3.1.4.jar:/home/user/.m2/repository/com/fasterxml/woodstox/woodstox-core/5.0.3/woodstox-core-5.0.3.jar:/home/user/.m2/repository/dnsjava/dnsjava/2.1.7/dnsjava-2.1.7.jar:/home/user/.m2/repository/org/apache/hadoop/hadoop-hdfs/3.2.0/hadoop-hdfs-3.2.0-tests.jar:/home/user/.m2/repository/org/eclipse/jetty/jetty-util-ajax/9.3.24.v20180605/jetty-util-ajax-9.3.24.v20180605.jar:/home/user/.m2/repository/commons-daemon/commons-daemon/1.0.13/commons-daemon-1.0.13.jar:/home/user/.m2/repository/io/netty/netty/3.10.5.Final/netty-3.10.5.Final.jar:/home/user/.m2/repository/io/netty/netty-all/4.0.52.Final/netty-all-4.0.52.Final.jar:/home/user/.m2/repository/org/fusesource/leveldbjni/leveldbjni-all/1.8/leveldbjni-all-1.8.jar:"/>
    <property name="java.vm.vendor" value="IcedTea"/>
    <property name="sun.arch.data.model" value="64"/>
    <property name="test.build.dir" value="/workdir/hadoop-ozone/integration-test/target/test-dir"/>
    <property name="test.cache.data" value=""/>
    <property name="java.vendor.url" value="https://icedtea.classpath.org"/>
    <property name="user.timezone" value=""/>
    <property name="java.vm.specification.version" value="1.8"/>
    <property name="os.name" value="Linux"/>
    <property name="test.build.data" value="/workdir/hadoop-ozone/integration-test/target/test-dir"/>
    <property name="user.country" value="US"/>
    <property name="sun.java.launcher" value="SUN_STANDARD"/>
    <property name="sun.boot.library.path" value="/usr/lib/jvm/java-1.8-openjdk/jre/lib/amd64"/>
    <property name="sun.java.command" value="/workdir/hadoop-ozone/integration-test/target/surefire/surefirebooter227823096570092738.jar /workdir/hadoop-ozone/integration-test/target/surefire 2019-09-16T15-31-14_426-jvmRun1 surefire8021936905718217804tmp surefire_538944907056197677423tmp"/>
    <property name="test" value="!TestMiniChaosOzoneCluster"/>
    <property name="surefire.test.class.path" value="/workdir/hadoop-ozone/integration-test/target/test-classes:/workdir/hadoop-ozone/integration-test/target/classes:/home/user/.m2/repository/org/apache/hadoop/hadoop-ozone-common/0.5.0-SNAPSHOT/hadoop-ozone-common-0.5.0-SNAPSHOT.jar:/home/user/.m2/repository/org/apache/commons/commons-compress/1.4.1/commons-compress-1.4.1.jar:/home/user/.m2/repository/org/tukaani/xz/1.0/xz-1.0.jar:/home/user/.m2/repository/org/apache/hadoop/hadoop-common/3.2.0/hadoop-common-3.2.0.jar:/home/user/.m2/repository/org/apache/hadoop/hadoop-hdfs/3.2.0/hadoop-hdfs-3.2.0.jar:/home/user/.m2/repository/org/apache/hadoop/hadoop-hdfs-client/3.2.0/hadoop-hdfs-client-3.2.0.jar:/home/user/.m2/repository/com/fasterxml/jackson/core/jackson-annotations/2.9.5/jackson-annotations-2.9.5.jar:/home/user/.m2/repository/org/apache/hadoop/hadoop-hdds-common/0.5.0-SNAPSHOT/hadoop-hdds-common-0.5.0-SNAPSHOT.jar:/home/user/.m2/repository/javax/annotation/javax.annotation-api/1.2/javax.annotation-api-1.2.jar:/home/user/.m2/repository/org/apache/ratis/ratis-server/0.4.0-78e95b9-SNAPSHOT/ratis-server-0.4.0-78e95b9-SNAPSHOT.jar:/home/user/.m2/repository/org/apache/ratis/ratis-thirdparty-misc/0.2.0/ratis-thirdparty-misc-0.2.0.jar:/home/user/.m2/repository/org/apache/ratis/ratis-proto/0.4.0-78e95b9-SNAPSHOT/ratis-proto-0.4.0-78e95b9-SNAPSHOT.jar:/home/user/.m2/repository/org/apache/ratis/ratis-common/0.4.0-78e95b9-SNAPSHOT/ratis-common-0.4.0-78e95b9-SNAPSHOT.jar:/home/user/.m2/repository/org/apache/ratis/ratis-client/0.4.0-78e95b9-SNAPSHOT/ratis-client-0.4.0-78e95b9-SNAPSHOT.jar:/home/user/.m2/repository/org/apache/ratis/ratis-metrics/0.4.0-78e95b9-SNAPSHOT/ratis-metrics-0.4.0-78e95b9-SNAPSHOT.jar:/home/user/.m2/repository/com/github/joshelser/dropwizard-metrics-hadoop-metrics2-reporter/0.1.2/dropwizard-metrics-hadoop-metrics2-reporter-0.1.2.jar:/home/user/.m2/repository/io/dropwizard/metrics/metrics-jvm/3.2.5/metrics-jvm-3.2.5.jar:/home/user/.m2/repository/io/dropwizard/metrics/metrics-ganglia/3.2.5/metrics-ganglia-3.2.5.jar:/home/user/.m2/repository/info/ganglia/gmetric4j/gmetric4j/1.0.7/gmetric4j-1.0.7.jar:/home/user/.m2/repository/org/apache/ratis/ratis-netty/0.4.0-78e95b9-SNAPSHOT/ratis-netty-0.4.0-78e95b9-SNAPSHOT.jar:/home/user/.m2/repository/org/apache/ratis/ratis-grpc/0.4.0-78e95b9-SNAPSHOT/ratis-grpc-0.4.0-78e95b9-SNAPSHOT.jar:/home/user/.m2/repository/org/rocksdb/rocksdbjni/6.0.1/rocksdbjni-6.0.1.jar:/home/user/.m2/repository/org/apache/logging/log4j/log4j-api/2.11.0/log4j-api-2.11.0.jar:/home/user/.m2/repository/org/apache/logging/log4j/log4j-core/2.11.0/log4j-core-2.11.0.jar:/home/user/.m2/repository/com/lmax/disruptor/3.4.2/disruptor-3.4.2.jar:/home/user/.m2/repository/org/apache/commons/commons-pool2/2.6.0/commons-pool2-2.6.0.jar:/home/user/.m2/repository/org/bouncycastle/bcpkix-jdk15on/1.60/bcpkix-jdk15on-1.60.jar:/home/user/.m2/repository/commons-validator/commons-validator/1.6/commons-validator-1.6.jar:/home/user/.m2/repository/commons-digester/commons-digester/1.8.1/commons-digester-1.8.1.jar:/home/user/.m2/repository/io/jaegertracing/jaeger-client/0.33.1/jaeger-client-0.33.1.jar:/home/user/.m2/repository/io/jaegertracing/jaeger-thrift/0.33.1/jaeger-thrift-0.33.1.jar:/home/user/.m2/repository/org/apache/thrift/libthrift/0.11.0/libthrift-0.11.0.jar:/home/user/.m2/repository/com/squareup/okhttp3/okhttp/3.9.0/okhttp-3.9.0.jar:/home/user/.m2/repository/com/squareup/okio/okio/1.13.0/okio-1.13.0.jar:/home/user/.m2/repository/io/jaegertracing/jaeger-core/0.33.1/jaeger-core-0.33.1.jar:/home/user/.m2/repository/io/jaegertracing/jaeger-tracerresolver/0.33.1/jaeger-tracerresolver-0.33.1.jar:/home/user/.m2/repository/io/opentracing/contrib/opentracing-tracerresolver/0.1.5/opentracing-tracerresolver-0.1.5.jar:/home/user/.m2/repository/io/opentracing/opentracing-util/0.31.0/opentracing-util-0.31.0.jar:/home/user/.m2/repository/io/opentracing/opentracing-api/0.31.0/opentracing-api-0.31.0.jar:/home/user/.m2/repository/io/opentracing/opentracing-noop/0.31.0/opentracing-noop-0.31.0.jar:/home/user/.m2/repository/org/apache/hadoop/hadoop-hdds-server-framework/0.5.0-SNAPSHOT/hadoop-hdds-server-framework-0.5.0-SNAPSHOT.jar:/home/user/.m2/repository/org/apache/hadoop/hadoop-hdds-container-service/0.5.0-SNAPSHOT/hadoop-hdds-container-service-0.5.0-SNAPSHOT.jar:/home/user/.m2/repository/org/apache/hadoop/hadoop-hdds-client/0.5.0-SNAPSHOT/hadoop-hdds-client-0.5.0-SNAPSHOT.jar:/home/user/.m2/repository/org/apache/hadoop/hadoop-hdds-tools/0.5.0-SNAPSHOT/hadoop-hdds-tools-0.5.0-SNAPSHOT.jar:/home/user/.m2/repository/org/apache/hadoop/hadoop-hdds-server-scm/0.5.0-SNAPSHOT/hadoop-hdds-server-scm-0.5.0-SNAPSHOT.jar:/home/user/.m2/repository/org/apache/hadoop/hadoop-hdds-docs/0.5.0-SNAPSHOT/hadoop-hdds-docs-0.5.0-SNAPSHOT.jar:/home/user/.m2/repository/io/dropwizard/metrics/metrics-core/3.2.4/metrics-core-3.2.4.jar:/home/user/.m2/repository/org/hamcrest/hamcrest-all/1.3/hamcrest-all-1.3.jar:/home/user/.m2/repository/org/bouncycastle/bcprov-jdk15on/1.60/bcprov-jdk15on-1.60.jar:/home/user/.m2/repository/info/picocli/picocli/3.9.6/picocli-3.9.6.jar:/home/user/.m2/repository/com/google/protobuf/protobuf-java/2.5.0/protobuf-java-2.5.0.jar:/home/user/.m2/repository/com/google/guava/guava/11.0.2/guava-11.0.2.jar:/home/user/.m2/repository/org/apache/hadoop/hadoop-ozone-ozone-manager/0.5.0-SNAPSHOT/hadoop-ozone-ozone-manager-0.5.0-SNAPSHOT.jar:/home/user/.m2/repository/org/apache/hadoop/hadoop-minikdc/3.2.0/hadoop-minikdc-3.2.0.jar:/home/user/.m2/repository/commons-io/commons-io/2.5/commons-io-2.5.jar:/home/user/.m2/repository/org/apache/kerby/kerb-simplekdc/1.0.1/kerb-simplekdc-1.0.1.jar:/home/user/.m2/repository/org/apache/kerby/kerb-client/1.0.1/kerb-client-1.0.1.jar:/home/user/.m2/repository/org/apache/kerby/kerby-config/1.0.1/kerby-config-1.0.1.jar:/home/user/.m2/repository/org/apache/kerby/kerb-core/1.0.1/kerb-core-1.0.1.jar:/home/user/.m2/repository/org/apache/kerby/kerby-pkix/1.0.1/kerby-pkix-1.0.1.jar:/home/user/.m2/repository/org/apache/kerby/kerby-asn1/1.0.1/kerby-asn1-1.0.1.jar:/home/user/.m2/repository/org/apache/kerby/kerby-util/1.0.1/kerby-util-1.0.1.jar:/home/user/.m2/repository/org/apache/kerby/kerb-common/1.0.1/kerb-common-1.0.1.jar:/home/user/.m2/repository/org/apache/kerby/kerb-crypto/1.0.1/kerb-crypto-1.0.1.jar:/home/user/.m2/repository/org/apache/kerby/kerb-util/1.0.1/kerb-util-1.0.1.jar:/home/user/.m2/repository/org/apache/kerby/token-provider/1.0.1/token-provider-1.0.1.jar:/home/user/.m2/repository/org/apache/kerby/kerb-admin/1.0.1/kerb-admin-1.0.1.jar:/home/user/.m2/repository/org/apache/kerby/kerb-server/1.0.1/kerb-server-1.0.1.jar:/home/user/.m2/repository/org/apache/kerby/kerb-identity/1.0.1/kerb-identity-1.0.1.jar:/home/user/.m2/repository/org/apache/kerby/kerby-xdr/1.0.1/kerby-xdr-1.0.1.jar:/home/user/.m2/repository/org/slf4j/slf4j-log4j12/1.7.25/slf4j-log4j12-1.7.25.jar:/home/user/.m2/repository/org/apache/hadoop/hadoop-ozone-s3gateway/0.5.0-SNAPSHOT/hadoop-ozone-s3gateway-0.5.0-SNAPSHOT.jar:/home/user/.m2/repository/org/jboss/weld/servlet/weld-servlet/2.4.7.Final/weld-servlet-2.4.7.Final.jar:/home/user/.m2/repository/org/glassfish/jersey/containers/jersey-container-servlet-core/2.27/jersey-container-servlet-core-2.27.jar:/home/user/.m2/repository/org/glassfish/hk2/external/javax.inject/2.5.0-b42/javax.inject-2.5.0-b42.jar:/home/user/.m2/repository/org/glassfish/jersey/core/jersey-common/2.27/jersey-common-2.27.jar:/home/user/.m2/repository/org/glassfish/hk2/osgi-resource-locator/1.0.1/osgi-resource-locator-1.0.1.jar:/home/user/.m2/repository/javax/ws/rs/javax.ws.rs-api/2.1/javax.ws.rs-api-2.1.jar:/home/user/.m2/repository/org/glassfish/jersey/ext/cdi/jersey-cdi1x/2.27/jersey-cdi1x-2.27.jar:/home/user/.m2/repository/org/glassfish/jersey/inject/jersey-hk2/2.27/jersey-hk2-2.27.jar:/home/user/.m2/repository/org/glassfish/hk2/hk2-locator/2.5.0-b42/hk2-locator-2.5.0-b42.jar:/home/user/.m2/repository/org/javassist/javassist/3.22.0-CR2/javassist-3.22.0-CR2.jar:/home/user/.m2/repository/org/glassfish/hk2/hk2-api/2.5.0/hk2-api-2.5.0.jar:/home/user/.m2/repository/org/glassfish/hk2/external/jakarta.inject/2.5.0/jakarta.inject-2.5.0.jar:/home/user/.m2/repository/org/glassfish/hk2/hk2-utils/2.5.0/hk2-utils-2.5.0.jar:/home/user/.m2/repository/jakarta/annotation/jakarta.annotation-api/1.3.4/jakarta.annotation-api-1.3.4.jar:/home/user/.m2/repository/org/glassfish/hk2/external/aopalliance-repackaged/2.5.0/aopalliance-repackaged-2.5.0.jar:/home/user/.m2/repository/com/fasterxml/jackson/dataformat/jackson-dataformat-xml/2.9.0/jackson-dataformat-xml-2.9.0.jar:/home/user/.m2/repository/com/fasterxml/jackson/core/jackson-core/2.9.5/jackson-core-2.9.5.jar:/home/user/.m2/repository/com/fasterxml/jackson/module/jackson-module-jaxb-annotations/2.9.5/jackson-module-jaxb-annotations-2.9.5.jar:/home/user/.m2/repository/javax/enterprise/cdi-api/1.2/cdi-api-1.2.jar:/home/user/.m2/repository/javax/el/javax.el-api/3.0.0/javax.el-api-3.0.0.jar:/home/user/.m2/repository/javax/interceptor/javax.interceptor-api/1.2/javax.interceptor-api-1.2.jar:/home/user/.m2/repository/javax/inject/javax.inject/1/javax.inject-1.jar:/home/user/.m2/repository/com/sun/xml/bind/jaxb-impl/2.3.0.1/jaxb-impl-2.3.0.1.jar:/home/user/.m2/repository/com/sun/xml/bind/jaxb-core/2.3.0.1/jaxb-core-2.3.0.1.jar:/home/user/.m2/repository/javax/xml/bind/jaxb-api/2.3.0/jaxb-api-2.3.0.jar:/home/user/.m2/repository/javax/activation/activation/1.1.1/activation-1.1.1.jar:/home/user/.m2/repository/org/apache/hadoop/hadoop-ozone-csi/0.5.0-SNAPSHOT/hadoop-ozone-csi-0.5.0-SNAPSHOT.jar:/home/user/.m2/repository/com/google/protobuf/protobuf-java-util/3.5.1/protobuf-java-util-3.5.1.jar:/home/user/.m2/repository/org/apache/hadoop/hadoop-hdds-config/0.5.0-SNAPSHOT/hadoop-hdds-config-0.5.0-SNAPSHOT.jar:/home/user/.m2/repository/io/grpc/grpc-netty/1.17.1/grpc-netty-1.17.1.jar:/home/user/.m2/repository/io/grpc/grpc-core/1.17.1/grpc-core-1.17.1.jar:/home/user/.m2/repository/io/grpc/grpc-context/1.17.1/grpc-context-1.17.1.jar:/home/user/.m2/repository/com/google/errorprone/error_prone_annotations/2.2.0/error_prone_annotations-2.2.0.jar:/home/user/.m2/repository/org/codehaus/mojo/animal-sniffer-annotations/1.17/animal-sniffer-annotations-1.17.jar:/home/user/.m2/repository/io/opencensus/opencensus-api/0.17.0/opencensus-api-0.17.0.jar:/home/user/.m2/repository/io/opencensus/opencensus-contrib-grpc-metrics/0.17.0/opencensus-contrib-grpc-metrics-0.17.0.jar:/home/user/.m2/repository/io/netty/netty-codec-http2/4.1.30.Final/netty-codec-http2-4.1.30.Final.jar:/home/user/.m2/repository/io/netty/netty-codec-http/4.1.30.Final/netty-codec-http-4.1.30.Final.jar:/home/user/.m2/repository/io/netty/netty-codec/4.1.30.Final/netty-codec-4.1.30.Final.jar:/home/user/.m2/repository/io/netty/netty-handler/4.1.30.Final/netty-handler-4.1.30.Final.jar:/home/user/.m2/repository/io/netty/netty-handler-proxy/4.1.30.Final/netty-handler-proxy-4.1.30.Final.jar:/home/user/.m2/repository/io/netty/netty-codec-socks/4.1.30.Final/netty-codec-socks-4.1.30.Final.jar:/home/user/.m2/repository/io/netty/netty-transport-native-epoll/4.1.30.Final/netty-transport-native-epoll-4.1.30.Final.jar:/home/user/.m2/repository/io/netty/netty-common/4.1.30.Final/netty-common-4.1.30.Final.jar:/home/user/.m2/repository/io/netty/netty-buffer/4.1.30.Final/netty-buffer-4.1.30.Final.jar:/home/user/.m2/repository/io/netty/netty-transport/4.1.30.Final/netty-transport-4.1.30.Final.jar:/home/user/.m2/repository/io/netty/netty-resolver/4.1.30.Final/netty-resolver-4.1.30.Final.jar:/home/user/.m2/repository/io/netty/netty-transport-native-unix-common/4.1.30.Final/netty-transport-native-unix-common-4.1.30.Final.jar:/home/user/.m2/repository/io/grpc/grpc-protobuf/1.17.1/grpc-protobuf-1.17.1.jar:/home/user/.m2/repository/com/google/api/grpc/proto-google-common-protos/1.0.0/proto-google-common-protos-1.0.0.jar:/home/user/.m2/repository/io/grpc/grpc-protobuf-lite/1.17.1/grpc-protobuf-lite-1.17.1.jar:/home/user/.m2/repository/io/grpc/grpc-stub/1.17.1/grpc-stub-1.17.1.jar:/home/user/.m2/repository/org/apache/hadoop/hadoop-ozone-recon/0.5.0-SNAPSHOT/hadoop-ozone-recon-0.5.0-SNAPSHOT.jar:/home/user/.m2/repository/org/apache/hadoop/hadoop-ozone-reconcodegen/0.5.0-SNAPSHOT/hadoop-ozone-reconcodegen-0.5.0-SNAPSHOT.jar:/home/user/.m2/repository/com/google/inject/extensions/guice-multibindings/4.0/guice-multibindings-4.0.jar:/home/user/.m2/repository/com/google/inject/guice/4.0/guice-4.0.jar:/home/user/.m2/repository/aopalliance/aopalliance/1.0/aopalliance-1.0.jar:/home/user/.m2/repository/com/google/inject/extensions/guice-servlet/4.0/guice-servlet-4.0.jar:/home/user/.m2/repository/org/glassfish/jersey/containers/jersey-container-servlet/2.27/jersey-container-servlet-2.27.jar:/home/user/.m2/repository/org/glassfish/hk2/guice-bridge/2.5.0/guice-bridge-2.5.0.jar:/home/user/.m2/repository/org/glassfish/jersey/core/jersey-server/2.27/jersey-server-2.27.jar:/home/user/.m2/repository/org/glassfish/jersey/core/jersey-client/2.27/jersey-client-2.27.jar:/home/user/.m2/repository/org/glassfish/jersey/media/jersey-media-jaxb/2.27/jersey-media-jaxb-2.27.jar:/home/user/.m2/repository/javax/validation/validation-api/1.1.0.Final/validation-api-1.1.0.Final.jar:/home/user/.m2/repository/org/glassfish/jersey/media/jersey-media-json-jackson/2.27/jersey-media-json-jackson-2.27.jar:/home/user/.m2/repository/org/glassfish/jersey/ext/jersey-entity-filtering/2.27/jersey-entity-filtering-2.27.jar:/home/user/.m2/repository/com/google/inject/extensions/guice-assistedinject/4.0/guice-assistedinject-4.0.jar:/home/user/.m2/repository/org/jooq/jooq/3.11.10/jooq-3.11.10.jar:/home/user/.m2/repository/org/jooq/jooq-meta/3.11.10/jooq-meta-3.11.10.jar:/home/user/.m2/repository/org/jooq/jooq-codegen/3.11.10/jooq-codegen-3.11.10.jar:/home/user/.m2/repository/com/jolbox/bonecp/0.8.0.RELEASE/bonecp-0.8.0.RELEASE.jar:/home/user/.m2/repository/org/xerial/sqlite-jdbc/3.25.2/sqlite-jdbc-3.25.2.jar:/home/user/.m2/repository/org/springframework/spring-jdbc/5.1.3.RELEASE/spring-jdbc-5.1.3.RELEASE.jar:/home/user/.m2/repository/org/springframework/spring-beans/5.1.3.RELEASE/spring-beans-5.1.3.RELEASE.jar:/home/user/.m2/repository/org/springframework/spring-core/5.1.3.RELEASE/spring-core-5.1.3.RELEASE.jar:/home/user/.m2/repository/org/springframework/spring-jcl/5.1.3.RELEASE/spring-jcl-5.1.3.RELEASE.jar:/home/user/.m2/repository/org/springframework/spring-tx/5.1.3.RELEASE/spring-tx-5.1.3.RELEASE.jar:/home/user/.m2/repository/org/apache/hadoop/hadoop-ozone-client/0.5.0-SNAPSHOT/hadoop-ozone-client-0.5.0-SNAPSHOT.jar:/home/user/.m2/repository/commons-lang/commons-lang/2.6/commons-lang-2.6.jar:/home/user/.m2/repository/org/apache/hadoop/hadoop-ozone-ozone-manager/0.5.0-SNAPSHOT/hadoop-ozone-ozone-manager-0.5.0-SNAPSHOT-tests.jar:/home/user/.m2/repository/junit/junit/4.11/junit-4.11.jar:/home/user/.m2/repository/org/hamcrest/hamcrest-core/1.3/hamcrest-core-1.3.jar:/home/user/.m2/repository/org/openjdk/jmh/jmh-core/1.19/jmh-core-1.19.jar:/home/user/.m2/repository/net/sf/jopt-simple/jopt-simple/4.6/jopt-simple-4.6.jar:/home/user/.m2/repository/org/apache/commons/commons-math3/3.1.1/commons-math3-3.1.1.jar:/home/user/.m2/repository/org/openjdk/jmh/jmh-generator-annprocess/1.19/jmh-generator-annprocess-1.19.jar:/home/user/.m2/repository/org/mockito/mockito-all/1.8.5/mockito-all-1.8.5.jar:/home/user/.m2/repository/org/apache/hadoop/hadoop-kms/3.2.0/hadoop-kms-3.2.0.jar:/home/user/.m2/repository/org/apache/hadoop/hadoop-auth/3.2.0/hadoop-auth-3.2.0.jar:/home/user/.m2/repository/com/nimbusds/nimbus-jose-jwt/4.41.1/nimbus-jose-jwt-4.41.1.jar:/home/user/.m2/repository/com/github/stephenc/jcip/jcip-annotations/1.0-1/jcip-annotations-1.0-1.jar:/home/user/.m2/repository/net/minidev/json-smart/2.3/json-smart-2.3.jar:/home/user/.m2/repository/net/minidev/accessors-smart/1.2/accessors-smart-1.2.jar:/home/user/.m2/repository/org/ow2/asm/asm/5.0.4/asm-5.0.4.jar:/home/user/.m2/repository/org/apache/curator/curator-framework/2.12.0/curator-framework-2.12.0.jar:/home/user/.m2/repository/com/sun/jersey/jersey-core/1.19/jersey-core-1.19.jar:/home/user/.m2/repository/javax/ws/rs/jsr311-api/1.1.1/jsr311-api-1.1.1.jar:/home/user/.m2/repository/com/sun/jersey/jersey-server/1.19/jersey-server-1.19.jar:/home/user/.m2/repository/javax/servlet/javax.servlet-api/3.1.0/javax.servlet-api-3.1.0.jar:/home/user/.m2/repository/org/eclipse/jetty/jetty-server/9.3.24.v20180605/jetty-server-9.3.24.v20180605.jar:/home/user/.m2/repository/org/eclipse/jetty/jetty-http/9.3.24.v20180605/jetty-http-9.3.24.v20180605.jar:/home/user/.m2/repository/org/eclipse/jetty/jetty-io/9.3.24.v20180605/jetty-io-9.3.24.v20180605.jar:/home/user/.m2/repository/org/eclipse/jetty/jetty-webapp/9.3.24.v20180605/jetty-webapp-9.3.24.v20180605.jar:/home/user/.m2/repository/org/eclipse/jetty/jetty-xml/9.3.24.v20180605/jetty-xml-9.3.24.v20180605.jar:/home/user/.m2/repository/log4j/log4j/1.2.17/log4j-1.2.17.jar:/home/user/.m2/repository/org/slf4j/slf4j-api/1.7.25/slf4j-api-1.7.25.jar:/home/user/.m2/repository/org/slf4j/jul-to-slf4j/1.7.25/jul-to-slf4j-1.7.25.jar:/home/user/.m2/repository/org/eclipse/jetty/jetty-util/9.3.24.v20180605/jetty-util-9.3.24.v20180605.jar:/home/user/.m2/repository/com/fasterxml/jackson/core/jackson-databind/2.9.5/jackson-databind-2.9.5.jar:/home/user/.m2/repository/org/apache/hadoop/hadoop-kms/3.2.0/hadoop-kms-3.2.0-tests.jar:/home/user/.m2/repository/org/apache/hadoop/hadoop-hdds-server-scm/0.5.0-SNAPSHOT/hadoop-hdds-server-scm-0.5.0-SNAPSHOT-tests.jar:/home/user/.m2/repository/org/apache/hadoop/hadoop-hdds-container-service/0.5.0-SNAPSHOT/hadoop-hdds-container-service-0.5.0-SNAPSHOT-tests.jar:/home/user/.m2/repository/org/yaml/snakeyaml/1.16/snakeyaml-1.16.jar:/home/user/.m2/repository/org/apache/hadoop/hadoop-common/3.2.0/hadoop-common-3.2.0-tests.jar:/home/user/.m2/repository/org/apache/hadoop/hadoop-annotations/3.2.0/hadoop-annotations-3.2.0.jar:/usr/lib/jvm/java-1.8-openjdk/jre/../lib/tools.jar:/home/user/.m2/repository/commons-cli/commons-cli/1.2/commons-cli-1.2.jar:/home/user/.m2/repository/org/apache/httpcomponents/httpclient/4.5.2/httpclient-4.5.2.jar:/home/user/.m2/repository/org/apache/httpcomponents/httpcore/4.4.4/httpcore-4.4.4.jar:/home/user/.m2/repository/commons-codec/commons-codec/1.11/commons-codec-1.11.jar:/home/user/.m2/repository/commons-net/commons-net/3.6/commons-net-3.6.jar:/home/user/.m2/repository/commons-collections/commons-collections/3.2.2/commons-collections-3.2.2.jar:/home/user/.m2/repository/org/eclipse/jetty/jetty-servlet/9.3.24.v20180605/jetty-servlet-9.3.24.v20180605.jar:/home/user/.m2/repository/org/eclipse/jetty/jetty-security/9.3.24.v20180605/jetty-security-9.3.24.v20180605.jar:/home/user/.m2/repository/javax/servlet/jsp/jsp-api/2.1/jsp-api-2.1.jar:/home/user/.m2/repository/com/sun/jersey/jersey-servlet/1.19/jersey-servlet-1.19.jar:/home/user/.m2/repository/com/sun/jersey/jersey-json/1.19/jersey-json-1.19.jar:/home/user/.m2/repository/org/codehaus/jettison/jettison/1.1/jettison-1.1.jar:/home/user/.m2/repository/org/codehaus/jackson/jackson-core-asl/1.9.13/jackson-core-asl-1.9.13.jar:/home/user/.m2/repository/org/codehaus/jackson/jackson-mapper-asl/1.9.13/jackson-mapper-asl-1.9.13.jar:/home/user/.m2/repository/org/codehaus/jackson/jackson-jaxrs/1.9.13/jackson-jaxrs-1.9.13.jar:/home/user/.m2/repository/org/codehaus/jackson/jackson-xc/1.9.13/jackson-xc-1.9.13.jar:/home/user/.m2/repository/commons-logging/commons-logging/1.1.3/commons-logging-1.1.3.jar:/home/user/.m2/repository/commons-beanutils/commons-beanutils/1.9.3/commons-beanutils-1.9.3.jar:/home/user/.m2/repository/org/apache/commons/commons-configuration2/2.1.1/commons-configuration2-2.1.1.jar:/home/user/.m2/repository/org/apache/commons/commons-lang3/3.7/commons-lang3-3.7.jar:/home/user/.m2/repository/org/apache/commons/commons-text/1.4/commons-text-1.4.jar:/home/user/.m2/repository/org/apache/avro/avro/1.7.7/avro-1.7.7.jar:/home/user/.m2/repository/com/thoughtworks/paranamer/paranamer/2.3/paranamer-2.3.jar:/home/user/.m2/repository/org/xerial/snappy/snappy-java/1.0.5/snappy-java-1.0.5.jar:/home/user/.m2/repository/com/google/re2j/re2j/1.1/re2j-1.1.jar:/home/user/.m2/repository/com/google/code/gson/gson/2.2.4/gson-2.2.4.jar:/home/user/.m2/repository/com/jcraft/jsch/0.1.54/jsch-0.1.54.jar:/home/user/.m2/repository/org/apache/curator/curator-client/2.12.0/curator-client-2.12.0.jar:/home/user/.m2/repository/org/apache/curator/curator-recipes/2.12.0/curator-recipes-2.12.0.jar:/home/user/.m2/repository/com/google/code/findbugs/jsr305/3.0.0/jsr305-3.0.0.jar:/home/user/.m2/repository/org/apache/htrace/htrace-core4/4.1.0-incubating/htrace-core4-4.1.0-incubating.jar:/home/user/.m2/repository/org/apache/zookeeper/zookeeper/3.4.13/zookeeper-3.4.13.jar:/home/user/.m2/repository/org/apache/yetus/audience-annotations/0.5.0/audience-annotations-0.5.0.jar:/home/user/.m2/repository/org/codehaus/woodstox/stax2-api/3.1.4/stax2-api-3.1.4.jar:/home/user/.m2/repository/com/fasterxml/woodstox/woodstox-core/5.0.3/woodstox-core-5.0.3.jar:/home/user/.m2/repository/dnsjava/dnsjava/2.1.7/dnsjava-2.1.7.jar:/home/user/.m2/repository/org/apache/hadoop/hadoop-hdfs/3.2.0/hadoop-hdfs-3.2.0-tests.jar:/home/user/.m2/repository/org/eclipse/jetty/jetty-util-ajax/9.3.24.v20180605/jetty-util-ajax-9.3.24.v20180605.jar:/home/user/.m2/repository/commons-daemon/commons-daemon/1.0.13/commons-daemon-1.0.13.jar:/home/user/.m2/repository/io/netty/netty/3.10.5.Final/netty-3.10.5.Final.jar:/home/user/.m2/repository/io/netty/netty-all/4.0.52.Final/netty-all-4.0.52.Final.jar:/home/user/.m2/repository/org/fusesource/leveldbjni/leveldbjni-all/1.8/leveldbjni-all-1.8.jar:"/>
    <property name="sun.cpu.endian" value="little"/>
    <property name="user.home" value="/home/user"/>
    <property name="user.language" value="en"/>
    <property name="java.specification.vendor" value="Oracle Corporation"/>
    <property name="java.home" value="/usr/lib/jvm/java-1.8-openjdk/jre"/>
    <property name="java.security.krb5.conf" value="/workdir/hadoop-ozone/integration-test/target/test-classes/krb5.conf"/>
    <property name="basedir" value="/workdir/hadoop-ozone/integration-test"/>
    <property name="file.separator" value="/"/>
    <property name="line.separator" value="&#10;"/>
    <property name="java.vm.specification.vendor" value="Oracle Corporation"/>
    <property name="java.specification.name" value="Java Platform API Specification"/>
    <property name="java.awt.graphicsenv" value="sun.awt.X11GraphicsEnvironment"/>
    <property name="surefire.real.class.path" value="/workdir/hadoop-ozone/integration-test/target/surefire/surefirebooter227823096570092738.jar"/>
    <property name="hadoop.log.dir" value="/workdir/hadoop-ozone/integration-test/target/log"/>
    <property name="sun.boot.class.path" value="/usr/lib/jvm/java-1.8-openjdk/jre/lib/resources.jar:/usr/lib/jvm/java-1.8-openjdk/jre/lib/rt.jar:/usr/lib/jvm/java-1.8-openjdk/jre/lib/sunrsasign.jar:/usr/lib/jvm/java-1.8-openjdk/jre/lib/jsse.jar:/usr/lib/jvm/java-1.8-openjdk/jre/lib/jce.jar:/usr/lib/jvm/java-1.8-openjdk/jre/lib/charsets.jar:/usr/lib/jvm/java-1.8-openjdk/jre/lib/jfr.jar:/usr/lib/jvm/java-1.8-openjdk/jre/classes"/>
    <property name="sun.management.compiler" value="HotSpot 64-Bit Tiered Compilers"/>
    <property name="java.runtime.version" value="1.8.0_212-b04"/>
    <property name="java.net.preferIPv4Stack" value="true"/>
    <property name="user.name" value="jenkins1000"/>
    <property name="path.separator" value=":"/>
    <property name="java.security.egd" value="file:///dev/urandom"/>
    <property name="os.version" value="3.10.0-957.12.2.el7.x86_64"/>
    <property name="java.endorsed.dirs" value="/usr/lib/jvm/java-1.8-openjdk/jre/lib/endorsed"/>
    <property name="java.runtime.name" value="OpenJDK Runtime Environment"/>
    <property name="file.encoding" value="UTF-8"/>
    <property name="java.vm.name" value="OpenJDK 64-Bit Server VM"/>
    <property name="test.build.webapps" value=""/>
    <property name="localRepository" value="/home/user/.m2/repository"/>
    <property name="java.vendor.url.bug" value="https://icedtea.classpath.org/bugzilla"/>
    <property name="java.io.tmpdir" value="/tmp"/>
    <property name="require.test.libhadoop" value=""/>
    <property name="java.version" value="1.8.0_212"/>
    <property name="user.dir" value="/workdir/hadoop-ozone/integration-test"/>
    <property name="os.arch" value="amd64"/>
    <property name="java.vm.specification.name" value="Java Virtual Machine Specification"/>
    <property name="test.build.classes" value="/workdir/hadoop-ozone/integration-test/target/test-classes"/>
    <property name="java.awt.printerjob" value="sun.print.PSPrinterJob"/>
    <property name="sun.os.patch.level" value="unknown"/>
    <property name="hadoop.tmp.dir" value="/workdir/hadoop-ozone/integration-test/target/tmp"/>
    <property name="java.library.path" value="/usr/lib/jvm/java-1.8-openjdk/jre/lib/amd64/server:/usr/lib/jvm/java-1.8-openjdk/jre/lib/amd64:/usr/lib/jvm/java-1.8-openjdk/jre/../lib/amd64:/workdir/hadoop-ozone/integration-test/target/native/target/usr/local/lib:/workdir/hadoop-ozone/integration-test/../../hadoop-common-project/hadoop-common/target/native/target/usr/local/lib:/usr/java/packages/lib/amd64:/usr/lib64:/lib64:/lib:/usr/lib"/>
    <property name="java.vm.info" value="mixed mode"/>
    <property name="java.vendor" value="IcedTea"/>
    <property name="java.vm.version" value="25.212-b04"/>
    <property name="java.ext.dirs" value="/usr/lib/jvm/java-1.8-openjdk/jre/lib/ext:/usr/java/packages/lib/ext"/>
    <property name="sun.io.unicode.encoding" value="UnicodeLittle"/>
    <property name="java.class.version" value="52.0"/>
  </properties>
  <testcase name="testMultiBlockWritesWithIntermittentDnFailures" classname="org.apache.hadoop.ozone.client.rpc.TestMultiBlockWritesWithDnFailures" time="102.774">
    <error message="Allocated 0 blocks. Requested 1 blocks" type="INTERNAL_ERROR org.apache.hadoop.ozone.om.exceptions.OMException">INTERNAL_ERROR org.apache.hadoop.ozone.om.exceptions.OMException: Allocated 0 blocks. Requested 1 blocks
	at org.apache.hadoop.ozone.om.protocolPB.OzoneManagerProtocolClientSideTranslatorPB.handleError(OzoneManagerProtocolClientSideTranslatorPB.java:724)
	at org.apache.hadoop.ozone.om.protocolPB.OzoneManagerProtocolClientSideTranslatorPB.allocateBlock(OzoneManagerProtocolClientSideTranslatorPB.java:756)
	at sun.reflect.NativeMethodAccessorImpl.invoke0(Native Method)
	at sun.reflect.NativeMethodAccessorImpl.invoke(NativeMethodAccessorImpl.java:62)
	at sun.reflect.DelegatingMethodAccessorImpl.invoke(DelegatingMethodAccessorImpl.java:43)
	at java.lang.reflect.Method.invoke(Method.java:498)
	at org.apache.hadoop.hdds.tracing.TraceAllMethod.invoke(TraceAllMethod.java:66)
	at com.sun.proxy.$Proxy36.allocateBlock(Unknown Source)
	at org.apache.hadoop.ozone.client.io.BlockOutputStreamEntryPool.allocateNewBlock(BlockOutputStreamEntryPool.java:248)
	at org.apache.hadoop.ozone.client.io.BlockOutputStreamEntryPool.allocateBlockIfNeeded(BlockOutputStreamEntryPool.java:296)
	at org.apache.hadoop.ozone.client.io.KeyOutputStream.handleWrite(KeyOutputStream.java:201)
	at org.apache.hadoop.ozone.client.io.KeyOutputStream.handleRetry(KeyOutputStream.java:376)
	at org.apache.hadoop.ozone.client.io.KeyOutputStream.handleException(KeyOutputStream.java:325)
	at org.apache.hadoop.ozone.client.io.KeyOutputStream.handleWrite(KeyOutputStream.java:231)
	at org.apache.hadoop.ozone.client.io.KeyOutputStream.write(KeyOutputStream.java:193)
	at org.apache.hadoop.ozone.client.io.OzoneOutputStream.write(OzoneOutputStream.java:49)
	at java.io.OutputStream.write(OutputStream.java:75)
	at org.apache.hadoop.ozone.client.rpc.TestMultiBlockWritesWithDnFailures.testMultiBlockWritesWithIntermittentDnFailures(TestMultiBlockWritesWithDnFailures.java:196)
	at sun.reflect.NativeMethodAccessorImpl.invoke0(Native Method)
	at sun.reflect.NativeMethodAccessorImpl.invoke(NativeMethodAccessorImpl.java:62)
	at sun.reflect.DelegatingMethodAccessorImpl.invoke(DelegatingMethodAccessorImpl.java:43)
	at java.lang.reflect.Method.invoke(Method.java:498)
	at org.junit.runners.model.FrameworkMethod$1.runReflectiveCall(FrameworkMethod.java:47)
	at org.junit.internal.runners.model.ReflectiveCallable.run(ReflectiveCallable.java:12)
	at org.junit.runners.model.FrameworkMethod.invokeExplosively(FrameworkMethod.java:44)
	at org.junit.internal.runners.statements.InvokeMethod.evaluate(InvokeMethod.java:17)
	at org.junit.internal.runners.statements.RunAfters.evaluate(RunAfters.java:27)
	at org.junit.runners.ParentRunner.runLeaf(ParentRunner.java:271)
	at org.junit.runners.BlockJUnit4ClassRunner.runChild(BlockJUnit4ClassRunner.java:70)
	at org.junit.runners.BlockJUnit4ClassRunner.runChild(BlockJUnit4ClassRunner.java:50)
	at org.junit.runners.ParentRunner$3.run(ParentRunner.java:238)
	at org.junit.runners.ParentRunner$1.schedule(ParentRunner.java:63)
	at org.junit.runners.ParentRunner.runChildren(ParentRunner.java:236)
	at org.junit.runners.ParentRunner.access$000(ParentRunner.java:53)
	at org.junit.runners.ParentRunner$2.evaluate(ParentRunner.java:229)
	at org.junit.runners.ParentRunner.run(ParentRunner.java:309)
	at org.apache.maven.surefire.junit4.JUnit4Provider.execute(JUnit4Provider.java:365)
	at org.apache.maven.surefire.junit4.JUnit4Provider.executeWithRerun(JUnit4Provider.java:273)
	at org.apache.maven.surefire.junit4.JUnit4Provider.executeTestSet(JUnit4Provider.java:238)
	at org.apache.maven.surefire.junit4.JUnit4Provider.invoke(JUnit4Provider.java:159)
	at org.apache.maven.surefire.booter.ForkedBooter.invokeProviderInSameClassLoader(ForkedBooter.java:384)
	at org.apache.maven.surefire.booter.ForkedBooter.runSuitesInProcess(ForkedBooter.java:345)
	at org.apache.maven.surefire.booter.ForkedBooter.execute(ForkedBooter.java:126)
	at org.apache.maven.surefire.booter.ForkedBooter.main(ForkedBooter.java:418)
</error>
    <system-out><![CDATA[2019-09-16 16:49:40,261 [main] WARN  server.ServerUtils (ServerUtils.java:getScmDbDir(145)) - ozone.scm.db.dirs is not configured. We recommend adding this setting. Falling back to ozone.metadata.dirs instead.
2019-09-16 16:49:40,403 [main] WARN  server.ServerUtils (ServerUtils.java:getScmDbDir(145)) - ozone.scm.db.dirs is not configured. We recommend adding this setting. Falling back to ozone.metadata.dirs instead.
2019-09-16 16:49:40,406 [main] WARN  server.ServerUtils (ServerUtils.java:getScmDbDir(145)) - ozone.scm.db.dirs is not configured. We recommend adding this setting. Falling back to ozone.metadata.dirs instead.
2019-09-16 16:49:40,424 [main] INFO  util.log (Log.java:initialized(192)) - Logging initialized @882ms
2019-09-16 16:49:40,525 [main] INFO  db.DBStoreBuilder (DBStoreBuilder.java:addTable(110)) - using custom profile for table: deletedBlocks
2019-09-16 16:49:40,526 [main] INFO  db.DBStoreBuilder (DBStoreBuilder.java:processTables(161)) - Using default column profile:DBProfile.DISK for Table:deletedBlocks
2019-09-16 16:49:40,526 [main] INFO  db.DBStoreBuilder (DBStoreBuilder.java:addTable(110)) - using custom profile for table: validCerts
2019-09-16 16:49:40,527 [main] INFO  db.DBStoreBuilder (DBStoreBuilder.java:processTables(161)) - Using default column profile:DBProfile.DISK for Table:validCerts
2019-09-16 16:49:40,527 [main] INFO  db.DBStoreBuilder (DBStoreBuilder.java:addTable(110)) - using custom profile for table: revokedCerts
2019-09-16 16:49:40,527 [main] INFO  db.DBStoreBuilder (DBStoreBuilder.java:processTables(161)) - Using default column profile:DBProfile.DISK for Table:revokedCerts
2019-09-16 16:49:40,539 [main] INFO  db.DBStoreBuilder (DBStoreBuilder.java:addTable(110)) - using custom profile for table: default
2019-09-16 16:49:40,540 [main] INFO  db.DBStoreBuilder (DBStoreBuilder.java:processTables(167)) - Using default column profile:DBProfile.DISK for Table:default
2019-09-16 16:49:40,541 [main] INFO  db.DBStoreBuilder (DBStoreBuilder.java:getDbProfile(198)) - Using default options. DBProfile.DISK
2019-09-16 16:49:40,771 [main] INFO  net.NodeSchemaLoader (NodeSchemaLoader.java:loadSchemaFromFile(125)) - Loading file from sun.misc.CompoundEnumeration@3270d194
2019-09-16 16:49:40,773 [main] INFO  net.NodeSchemaLoader (NodeSchemaLoader.java:loadSchema(171)) - Loading network topology layer schema file
2019-09-16 16:49:40,844 [main] INFO  node.SCMNodeManager (SCMNodeManager.java:<init>(114)) - Entering startup safe mode.
2019-09-16 16:49:40,922 [main] INFO  algorithms.ContainerPlacementPolicyFactory (ContainerPlacementPolicyFactory.java:getPolicy(57)) - Create container placement policy of type org.apache.hadoop.hdds.scm.container.placement.algorithms.SCMContainerPlacementRandom
2019-09-16 16:49:40,937 [main] WARN  server.ServerUtils (ServerUtils.java:getScmDbDir(145)) - ozone.scm.db.dirs is not configured. We recommend adding this setting. Falling back to ozone.metadata.dirs instead.
2019-09-16 16:49:40,992 [main] INFO  pipeline.SCMPipelineManager (SCMPipelineManager.java:initializePipelineState(128)) - No pipeline exists in current db
2019-09-16 16:49:40,995 [main] WARN  server.ServerUtils (ServerUtils.java:getScmDbDir(145)) - ozone.scm.db.dirs is not configured. We recommend adding this setting. Falling back to ozone.metadata.dirs instead.
2019-09-16 16:49:41,092 [main] WARN  events.EventQueue (EventQueue.java:fireEvent(183)) - No event handler registered for event TypedEvent{payloadType=SafeModeStatus, name='SafeModeStatus'}
2019-09-16 16:49:41,418 [main] INFO  ipc.CallQueueManager (CallQueueManager.java:<init>(84)) - Using callQueue: class java.util.concurrent.LinkedBlockingQueue, queueCapacity: 2000, scheduler: class org.apache.hadoop.ipc.DefaultRpcScheduler, ipcBackoff: false.
2019-09-16 16:49:41,442 [Socket Reader #1 for port 45838] INFO  ipc.Server (Server.java:run(1074)) - Starting Socket Reader #1 for port 45838
2019-09-16 16:49:41,555 [main] INFO  ipc.CallQueueManager (CallQueueManager.java:<init>(84)) - Using callQueue: class java.util.concurrent.LinkedBlockingQueue, queueCapacity: 2000, scheduler: class org.apache.hadoop.ipc.DefaultRpcScheduler, ipcBackoff: false.
2019-09-16 16:49:41,556 [Socket Reader #1 for port 43626] INFO  ipc.Server (Server.java:run(1074)) - Starting Socket Reader #1 for port 43626
2019-09-16 16:49:41,567 [main] INFO  ipc.CallQueueManager (CallQueueManager.java:<init>(84)) - Using callQueue: class java.util.concurrent.LinkedBlockingQueue, queueCapacity: 2000, scheduler: class org.apache.hadoop.ipc.DefaultRpcScheduler, ipcBackoff: false.
2019-09-16 16:49:41,568 [Socket Reader #1 for port 33613] INFO  ipc.Server (Server.java:run(1074)) - Starting Socket Reader #1 for port 33613
2019-09-16 16:49:41,600 [main] INFO  hdfs.DFSUtil (DFSUtil.java:httpServerTemplateForNNAndJN(1641)) - Starting Web-server for scm at: http://0.0.0.0:0
2019-09-16 16:49:41,739 [main] INFO  server.AuthenticationFilter (AuthenticationFilter.java:constructSecretProvider(240)) - Unable to initialize FileSignerSecretProvider, falling back to use random secrets.
2019-09-16 16:49:41,746 [main] WARN  http.HttpRequestLog (HttpRequestLog.java:getRequestLog(97)) - Jetty request log can only be enabled using Log4j
2019-09-16 16:49:41,754 [main] INFO  http.HttpServer2 (HttpServer2.java:addGlobalFilter(975)) - Added global filter 'safety' (class=org.apache.hadoop.http.HttpServer2$QuotingInputFilter)
2019-09-16 16:49:41,756 [main] INFO  http.HttpServer2 (HttpServer2.java:addFilter(948)) - Added filter static_user_filter (class=org.apache.hadoop.http.lib.StaticUserWebFilter$StaticUserFilter) to context scm
2019-09-16 16:49:41,757 [main] INFO  http.HttpServer2 (HttpServer2.java:addFilter(958)) - Added filter static_user_filter (class=org.apache.hadoop.http.lib.StaticUserWebFilter$StaticUserFilter) to context logs
2019-09-16 16:49:41,757 [main] INFO  http.HttpServer2 (HttpServer2.java:addFilter(958)) - Added filter static_user_filter (class=org.apache.hadoop.http.lib.StaticUserWebFilter$StaticUserFilter) to context static
2019-09-16 16:49:41,785 [main] INFO  server.StorageContainerManager (StorageContainerManager.java:start(763)) - StorageContainerLocationProtocol RPC server is listening at /0.0.0.0:33613
2019-09-16 16:49:41,840 [main] WARN  impl.MetricsConfig (MetricsConfig.java:loadFirst(134)) - Cannot locate configuration: tried hadoop-metrics2-storagecontainermanager.properties,hadoop-metrics2.properties
2019-09-16 16:49:41,853 [main] INFO  impl.MetricsSystemImpl (MetricsSystemImpl.java:startTimer(374)) - Scheduled Metric snapshot period at 10 second(s).
2019-09-16 16:49:41,853 [main] INFO  impl.MetricsSystemImpl (MetricsSystemImpl.java:start(191)) - StorageContainerManager metrics system started
2019-09-16 16:49:42,072 [main] INFO  server.SCMClientProtocolServer (SCMClientProtocolServer.java:start(151)) - RPC server for Client  is listening at /0.0.0.0:33613
2019-09-16 16:49:42,074 [IPC Server Responder] INFO  ipc.Server (Server.java:run(1314)) - IPC Server Responder: starting
2019-09-16 16:49:42,074 [IPC Server listener on 33613] INFO  ipc.Server (Server.java:run(1153)) - IPC Server listener on 33613: starting
2019-09-16 16:49:42,078 [main] INFO  server.StorageContainerManager (StorageContainerManager.java:start(773)) - ScmBlockLocationProtocol RPC server is listening at /0.0.0.0:43626
2019-09-16 16:49:42,080 [main] INFO  server.SCMBlockProtocolServer (SCMBlockProtocolServer.java:start(146)) - RPC server for Block Protocol is listening at /0.0.0.0:43626
2019-09-16 16:49:42,080 [IPC Server Responder] INFO  ipc.Server (Server.java:run(1314)) - IPC Server Responder: starting
2019-09-16 16:49:42,080 [IPC Server listener on 43626] INFO  ipc.Server (Server.java:run(1153)) - IPC Server listener on 43626: starting
2019-09-16 16:49:42,090 [main] INFO  server.StorageContainerManager (StorageContainerManager.java:start(777)) - ScmDatanodeProtocl RPC server is listening at /0.0.0.0:45838
2019-09-16 16:49:42,090 [main] INFO  server.SCMDatanodeProtocolServer (SCMDatanodeProtocolServer.java:start(191)) - RPC server for DataNodes is listening at /0.0.0.0:45838
2019-09-16 16:49:42,092 [IPC Server Responder] INFO  ipc.Server (Server.java:run(1314)) - IPC Server Responder: starting
2019-09-16 16:49:42,093 [IPC Server listener on 45838] INFO  ipc.Server (Server.java:run(1153)) - IPC Server listener on 45838: starting
2019-09-16 16:49:42,104 [main] INFO  http.HttpServer2 (HttpServer2.java:bindListener(1191)) - Jetty bound to port 34507
2019-09-16 16:49:42,106 [main] INFO  server.Server (Server.java:doStart(351)) - jetty-9.3.24.v20180605, build timestamp: 2018-06-05T17:11:56Z, git hash: 84205aa28f11a4f31f2a3b86d1bba2cc8ab69827
2019-09-16 16:49:42,153 [main] INFO  handler.ContextHandler (ContextHandler.java:doStart(781)) - Started o.e.j.s.ServletContextHandler@732f29af{/logs,file:///workdir/hadoop-ozone/integration-test/target/log,AVAILABLE}
2019-09-16 16:49:42,154 [main] INFO  handler.ContextHandler (ContextHandler.java:doStart(781)) - Started o.e.j.s.ServletContextHandler@6622fc65{/static,file:///workdir/hadoop-ozone/integration-test/target/test-classes/webapps/static,AVAILABLE}
2019-09-16 16:49:42,199 [main] INFO  handler.ContextHandler (ContextHandler.java:doStart(781)) - Started o.e.j.w.WebAppContext@7555b920{/,file:///workdir/hadoop-ozone/integration-test/target/test-classes/webapps/scm/,AVAILABLE}{/scm}
2019-09-16 16:49:42,206 [main] INFO  server.AbstractConnector (AbstractConnector.java:doStart(278)) - Started ServerConnector@6db66836{HTTP/1.1,[http/1.1]}{0.0.0.0:34507}
2019-09-16 16:49:42,206 [main] INFO  server.Server (Server.java:doStart(419)) - Started @2665ms
2019-09-16 16:49:42,209 [main] INFO  impl.MetricsSinkAdapter (MetricsSinkAdapter.java:start(204)) - Sink prometheus started
2019-09-16 16:49:42,209 [main] INFO  impl.MetricsSystemImpl (MetricsSystemImpl.java:registerSink(301)) - Registered sink prometheus
2019-09-16 16:49:42,210 [main] INFO  server.BaseHttpServer (BaseHttpServer.java:updateConnectorAddress(215)) - HTTP server of SCM is listening at http://0.0.0.0:34507
2019-09-16 16:49:42,216 [org.apache.hadoop.util.JvmPauseMonitor$Monitor@78461bc4] INFO  util.JvmPauseMonitor (JvmPauseMonitor.java:run(188)) - Starting JVM pause monitor
2019-09-16 16:49:42,218 [main] WARN  server.ServerUtils (ServerUtils.java:getDBPath(222)) - ozone.om.db.dirs is not configured. We recommend adding this setting. Falling back to ozone.metadata.dirs instead.
2019-09-16 16:49:42,311 [main] WARN  server.ServerUtils (ServerUtils.java:getDBPath(222)) - ozone.om.db.dirs is not configured. We recommend adding this setting. Falling back to ozone.metadata.dirs instead.
2019-09-16 16:49:42,312 [main] WARN  server.ServerUtils (ServerUtils.java:getDBPath(222)) - ozone.om.db.dirs is not configured. We recommend adding this setting. Falling back to ozone.metadata.dirs instead.
2019-09-16 16:49:42,313 [main] INFO  om.OzoneManager (OzoneManager.java:setOMNodeDetails(649)) - OM Service ID is not set. Setting it to the default ID: omServiceIdDefault
2019-09-16 16:49:42,314 [main] INFO  om.OzoneManager (OzoneManager.java:setOMNodeDetails(655)) - OM Node ID is not set. Setting it to the OmStorage's OmID: 16b4ccde-f450-462e-8dc7-e9713bbe989e
2019-09-16 16:49:42,315 [main] INFO  om.OzoneManager (OzoneManager.java:loadOMHAConfigs(606)) - Found matching OM address with OMServiceId: null, OMNodeId: null, RPC Address: localhost:0 and Ratis port: 9872
2019-09-16 16:49:42,917 [main] WARN  server.ServerUtils (ServerUtils.java:getDBPath(222)) - ozone.om.db.dirs is not configured. We recommend adding this setting. Falling back to ozone.metadata.dirs instead.
2019-09-16 16:49:42,923 [main] INFO  db.DBStoreBuilder (DBStoreBuilder.java:addTable(110)) - using custom profile for table: userTable
2019-09-16 16:49:42,924 [main] INFO  db.DBStoreBuilder (DBStoreBuilder.java:processTables(161)) - Using default column profile:DBProfile.DISK for Table:userTable
2019-09-16 16:49:42,924 [main] INFO  db.DBStoreBuilder (DBStoreBuilder.java:addTable(110)) - using custom profile for table: volumeTable
2019-09-16 16:49:42,924 [main] INFO  db.DBStoreBuilder (DBStoreBuilder.java:processTables(161)) - Using default column profile:DBProfile.DISK for Table:volumeTable
2019-09-16 16:49:42,925 [main] INFO  db.DBStoreBuilder (DBStoreBuilder.java:addTable(110)) - using custom profile for table: bucketTable
2019-09-16 16:49:42,925 [main] INFO  db.DBStoreBuilder (DBStoreBuilder.java:processTables(161)) - Using default column profile:DBProfile.DISK for Table:bucketTable
2019-09-16 16:49:42,925 [main] INFO  db.DBStoreBuilder (DBStoreBuilder.java:addTable(110)) - using custom profile for table: keyTable
2019-09-16 16:49:42,925 [main] INFO  db.DBStoreBuilder (DBStoreBuilder.java:processTables(161)) - Using default column profile:DBProfile.DISK for Table:keyTable
2019-09-16 16:49:42,926 [main] INFO  db.DBStoreBuilder (DBStoreBuilder.java:addTable(110)) - using custom profile for table: deletedTable
2019-09-16 16:49:42,926 [main] INFO  db.DBStoreBuilder (DBStoreBuilder.java:processTables(161)) - Using default column profile:DBProfile.DISK for Table:deletedTable
2019-09-16 16:49:42,926 [main] INFO  db.DBStoreBuilder (DBStoreBuilder.java:addTable(110)) - using custom profile for table: openKeyTable
2019-09-16 16:49:42,926 [main] INFO  db.DBStoreBuilder (DBStoreBuilder.java:processTables(161)) - Using default column profile:DBProfile.DISK for Table:openKeyTable
2019-09-16 16:49:42,926 [main] INFO  db.DBStoreBuilder (DBStoreBuilder.java:addTable(110)) - using custom profile for table: s3Table
2019-09-16 16:49:42,927 [main] INFO  db.DBStoreBuilder (DBStoreBuilder.java:processTables(161)) - Using default column profile:DBProfile.DISK for Table:s3Table
2019-09-16 16:49:42,927 [main] INFO  db.DBStoreBuilder (DBStoreBuilder.java:addTable(110)) - using custom profile for table: multipartInfoTable
2019-09-16 16:49:42,927 [main] INFO  db.DBStoreBuilder (DBStoreBuilder.java:processTables(161)) - Using default column profile:DBProfile.DISK for Table:multipartInfoTable
2019-09-16 16:49:42,927 [main] INFO  db.DBStoreBuilder (DBStoreBuilder.java:addTable(110)) - using custom profile for table: dTokenTable
2019-09-16 16:49:42,928 [main] INFO  db.DBStoreBuilder (DBStoreBuilder.java:processTables(161)) - Using default column profile:DBProfile.DISK for Table:dTokenTable
2019-09-16 16:49:42,928 [main] INFO  db.DBStoreBuilder (DBStoreBuilder.java:addTable(110)) - using custom profile for table: s3SecretTable
2019-09-16 16:49:42,928 [main] INFO  db.DBStoreBuilder (DBStoreBuilder.java:processTables(161)) - Using default column profile:DBProfile.DISK for Table:s3SecretTable
2019-09-16 16:49:42,928 [main] INFO  db.DBStoreBuilder (DBStoreBuilder.java:addTable(110)) - using custom profile for table: prefixTable
2019-09-16 16:49:42,929 [main] INFO  db.DBStoreBuilder (DBStoreBuilder.java:processTables(161)) - Using default column profile:DBProfile.DISK for Table:prefixTable
2019-09-16 16:49:42,929 [main] INFO  db.DBStoreBuilder (DBStoreBuilder.java:addTable(110)) - using custom profile for table: default
2019-09-16 16:49:42,929 [main] INFO  db.DBStoreBuilder (DBStoreBuilder.java:processTables(167)) - Using default column profile:DBProfile.DISK for Table:default
2019-09-16 16:49:42,929 [main] INFO  db.DBStoreBuilder (DBStoreBuilder.java:getDbProfile(198)) - Using default options. DBProfile.DISK
2019-09-16 16:49:43,285 [main] INFO  ipc.CallQueueManager (CallQueueManager.java:<init>(84)) - Using callQueue: class java.util.concurrent.LinkedBlockingQueue, queueCapacity: 2000, scheduler: class org.apache.hadoop.ipc.DefaultRpcScheduler, ipcBackoff: false.
2019-09-16 16:49:43,287 [Socket Reader #1 for port 37835] INFO  ipc.Server (Server.java:run(1074)) - Starting Socket Reader #1 for port 37835
2019-09-16 16:49:43,303 [main] INFO  om.OzoneManager (OzoneManager.java:start(1240)) - OzoneManager RPC server is listening at localhost/127.0.0.1:37835
2019-09-16 16:49:43,303 [main] INFO  impl.MetricsSystemImpl (MetricsSystemImpl.java:init(158)) - OzoneManager metrics system started (again)
2019-09-16 16:49:43,305 [IPC Server listener on 37835] INFO  ipc.Server (Server.java:run(1153)) - IPC Server listener on 37835: starting
2019-09-16 16:49:43,306 [IPC Server Responder] INFO  ipc.Server (Server.java:run(1314)) - IPC Server Responder: starting
2019-09-16 16:49:43,319 [main] INFO  hdfs.DFSUtil (DFSUtil.java:httpServerTemplateForNNAndJN(1641)) - Starting Web-server for ozoneManager at: http://0.0.0.0:0
2019-09-16 16:49:43,321 [main] INFO  server.AuthenticationFilter (AuthenticationFilter.java:constructSecretProvider(240)) - Unable to initialize FileSignerSecretProvider, falling back to use random secrets.
2019-09-16 16:49:43,322 [main] WARN  http.HttpRequestLog (HttpRequestLog.java:getRequestLog(97)) - Jetty request log can only be enabled using Log4j
2019-09-16 16:49:43,325 [main] INFO  http.HttpServer2 (HttpServer2.java:addGlobalFilter(975)) - Added global filter 'safety' (class=org.apache.hadoop.http.HttpServer2$QuotingInputFilter)
2019-09-16 16:49:43,327 [main] INFO  http.HttpServer2 (HttpServer2.java:addFilter(948)) - Added filter static_user_filter (class=org.apache.hadoop.http.lib.StaticUserWebFilter$StaticUserFilter) to context ozoneManager
2019-09-16 16:49:43,327 [main] INFO  http.HttpServer2 (HttpServer2.java:addFilter(958)) - Added filter static_user_filter (class=org.apache.hadoop.http.lib.StaticUserWebFilter$StaticUserFilter) to context logs
2019-09-16 16:49:43,328 [main] INFO  http.HttpServer2 (HttpServer2.java:addFilter(958)) - Added filter static_user_filter (class=org.apache.hadoop.http.lib.StaticUserWebFilter$StaticUserFilter) to context static
2019-09-16 16:49:43,331 [main] INFO  http.HttpServer2 (HttpServer2.java:bindListener(1191)) - Jetty bound to port 45193
2019-09-16 16:49:43,331 [main] INFO  server.Server (Server.java:doStart(351)) - jetty-9.3.24.v20180605, build timestamp: 2018-06-05T17:11:56Z, git hash: 84205aa28f11a4f31f2a3b86d1bba2cc8ab69827
2019-09-16 16:49:43,334 [main] INFO  handler.ContextHandler (ContextHandler.java:doStart(781)) - Started o.e.j.s.ServletContextHandler@25d3cfc8{/logs,file:///workdir/hadoop-ozone/integration-test/target/log,AVAILABLE}
2019-09-16 16:49:43,335 [main] INFO  handler.ContextHandler (ContextHandler.java:doStart(781)) - Started o.e.j.s.ServletContextHandler@2571066a{/static,file:///workdir/hadoop-ozone/integration-test/target/test-classes/webapps/static,AVAILABLE}
2019-09-16 16:49:43,343 [main] INFO  handler.ContextHandler (ContextHandler.java:doStart(781)) - Started o.e.j.w.WebAppContext@444548a0{/,file:///workdir/hadoop-ozone/integration-test/target/test-classes/webapps/ozoneManager/,AVAILABLE}{/ozoneManager}
2019-09-16 16:49:43,344 [main] INFO  server.AbstractConnector (AbstractConnector.java:doStart(278)) - Started ServerConnector@3766c667{HTTP/1.1,[http/1.1]}{0.0.0.0:45193}
2019-09-16 16:49:43,345 [main] INFO  server.Server (Server.java:doStart(419)) - Started @3803ms
2019-09-16 16:49:43,345 [main] WARN  impl.MetricsSystemImpl (MetricsSystemImpl.java:register(276)) - Sink prometheus already exists!
2019-09-16 16:49:43,346 [main] INFO  server.BaseHttpServer (BaseHttpServer.java:updateConnectorAddress(215)) - HTTP server of OZONEMANAGER is listening at http://0.0.0.0:45193
2019-09-16 16:49:43,666 [main] INFO  impl.MetricsSystemImpl (MetricsSystemImpl.java:init(158)) - HddsDatanode metrics system started (again)
2019-09-16 16:49:43,712 [main] INFO  ozone.HddsDatanodeService (HddsDatanodeService.java:start(184)) - HddsDatanodeService host:pr-hdds-2111-ptm9r-3382166736 ip:192.168.34.47
2019-09-16 16:49:43,740 [main] INFO  volume.HddsVolume (HddsVolume.java:<init>(176)) - Creating Volume: /workdir/hadoop-ozone/integration-test/target/test-dir/MiniOzoneClusterImpl-f8b2c6cb-9ce7-4af8-81ae-d81048953348/datanode-0/data/containers/hdds of  storage type : DISK and capacity : 1482555576320
2019-09-16 16:49:43,742 [main] INFO  volume.VolumeSet (VolumeSet.java:initializeVolumeSet(170)) - Added Volume : /workdir/hadoop-ozone/integration-test/target/test-dir/MiniOzoneClusterImpl-f8b2c6cb-9ce7-4af8-81ae-d81048953348/datanode-0/data/containers/hdds to VolumeSet
2019-09-16 16:49:43,744 [main] INFO  volume.ThrottledAsyncChecker (ThrottledAsyncChecker.java:schedule(139)) - Scheduling a check for org.apache.hadoop.ozone.container.common.volume.HddsVolume@7e2f86e6
2019-09-16 16:49:43,760 [main] INFO  volume.HddsVolumeChecker (HddsVolumeChecker.java:checkAllVolumes(202)) - Scheduled health check for volume org.apache.hadoop.ozone.container.common.volume.HddsVolume@7e2f86e6
2019-09-16 16:49:43,858 [main] INFO  impl.RaftServerProxy (ConfUtils.java:logGet(43)) - raft.rpc.type = GRPC (default)
2019-09-16 16:49:43,919 [main] INFO  grpc.GrpcFactory (GrpcFactory.java:checkPooledByteBufAllocatorUseCacheForAllThreads(45)) - PERFORMANCE WARNING: useCacheForAllThreads is true that may cause Netty to create a lot garbage objects and, as a result, trigger GC.
	It is recommended to disable useCacheForAllThreads by setting -Dorg.apache.ratis.thirdparty.io.netty.allocator.useCacheForAllThreads=false in command line.
2019-09-16 16:49:43,924 [main] INFO  grpc.GrpcConfigKeys$Server (ConfUtils.java:logGet(43)) - raft.grpc.server.port = 0 (default)
2019-09-16 16:49:43,925 [main] INFO  server.GrpcService (ConfUtils.java:logGet(43)) - raft.grpc.message.size.max = 33570816 (custom)
2019-09-16 16:49:43,927 [main] INFO  server.RaftServerConfigKeys (ConfUtils.java:logGet(43)) - raft.server.log.appender.buffer.byte-limit = 33554432 (custom)
2019-09-16 16:49:43,928 [main] INFO  server.GrpcService (ConfUtils.java:logGet(43)) - raft.grpc.flow.control.window = 1MB (=1048576) (default)
2019-09-16 16:49:43,929 [main] INFO  server.RaftServerConfigKeys (ConfUtils.java:logGet(43)) - raft.server.rpc.request.timeout = 3000ms (default)
2019-09-16 16:49:44,090 [main] INFO  server.RaftServerConfigKeys (ConfUtils.java:logGet(43)) - raft.server.storage.dir = [/workdir/hadoop-ozone/integration-test/target/test-dir/MiniOzoneClusterImpl-f8b2c6cb-9ce7-4af8-81ae-d81048953348/datanode-0/data/ratis] (custom)
2019-09-16 16:49:44,139 [main] INFO  hdfs.DFSUtil (DFSUtil.java:httpServerTemplateForNNAndJN(1641)) - Starting Web-server for hddsDatanode at: http://0.0.0.0:0
2019-09-16 16:49:44,141 [main] INFO  server.AuthenticationFilter (AuthenticationFilter.java:constructSecretProvider(240)) - Unable to initialize FileSignerSecretProvider, falling back to use random secrets.
2019-09-16 16:49:44,142 [main] WARN  http.HttpRequestLog (HttpRequestLog.java:getRequestLog(97)) - Jetty request log can only be enabled using Log4j
2019-09-16 16:49:44,144 [main] INFO  http.HttpServer2 (HttpServer2.java:addGlobalFilter(975)) - Added global filter 'safety' (class=org.apache.hadoop.http.HttpServer2$QuotingInputFilter)
2019-09-16 16:49:44,145 [main] INFO  http.HttpServer2 (HttpServer2.java:addFilter(948)) - Added filter static_user_filter (class=org.apache.hadoop.http.lib.StaticUserWebFilter$StaticUserFilter) to context hddsDatanode
2019-09-16 16:49:44,145 [main] INFO  http.HttpServer2 (HttpServer2.java:addFilter(958)) - Added filter static_user_filter (class=org.apache.hadoop.http.lib.StaticUserWebFilter$StaticUserFilter) to context logs
2019-09-16 16:49:44,146 [main] INFO  http.HttpServer2 (HttpServer2.java:addFilter(958)) - Added filter static_user_filter (class=org.apache.hadoop.http.lib.StaticUserWebFilter$StaticUserFilter) to context static
2019-09-16 16:49:44,147 [main] INFO  http.HttpServer2 (HttpServer2.java:bindListener(1191)) - Jetty bound to port 34743
2019-09-16 16:49:44,147 [main] INFO  server.Server (Server.java:doStart(351)) - jetty-9.3.24.v20180605, build timestamp: 2018-06-05T17:11:56Z, git hash: 84205aa28f11a4f31f2a3b86d1bba2cc8ab69827
2019-09-16 16:49:44,150 [main] INFO  handler.ContextHandler (ContextHandler.java:doStart(781)) - Started o.e.j.s.ServletContextHandler@1effd53c{/logs,file:///workdir/hadoop-ozone/integration-test/target/log,AVAILABLE}
2019-09-16 16:49:44,151 [main] INFO  handler.ContextHandler (ContextHandler.java:doStart(781)) - Started o.e.j.s.ServletContextHandler@6920614{/static,jar:file:/home/user/.m2/repository/org/apache/hadoop/hadoop-hdds-container-service/0.5.0-SNAPSHOT/hadoop-hdds-container-service-0.5.0-SNAPSHOT.jar!/webapps/static,AVAILABLE}
2019-09-16 16:49:44,199 [main] INFO  handler.ContextHandler (ContextHandler.java:doStart(781)) - Started o.e.j.w.WebAppContext@476fe690{/,file:///tmp/jetty-0.0.0.0-34743-hddsDatanode-_-any-3778753124136642692.dir/webapp/,AVAILABLE}{/hddsDatanode}
2019-09-16 16:49:44,201 [main] INFO  server.AbstractConnector (AbstractConnector.java:doStart(278)) - Started ServerConnector@7a0e7ecd{HTTP/1.1,[http/1.1]}{0.0.0.0:34743}
2019-09-16 16:49:44,201 [main] INFO  server.Server (Server.java:doStart(419)) - Started @4660ms
2019-09-16 16:49:44,202 [main] WARN  impl.MetricsSystemImpl (MetricsSystemImpl.java:register(276)) - Sink prometheus already exists!
2019-09-16 16:49:44,203 [main] INFO  server.BaseHttpServer (BaseHttpServer.java:updateConnectorAddress(215)) - HTTP server of HDDSDATANODE is listening at http://0.0.0.0:34743
2019-09-16 16:49:44,204 [main] INFO  impl.MetricsSystemImpl (MetricsSystemImpl.java:init(158)) - HddsDatanode metrics system started (again)
2019-09-16 16:49:44,207 [main] INFO  ozone.HddsDatanodeService (HddsDatanodeService.java:start(184)) - HddsDatanodeService host:pr-hdds-2111-ptm9r-3382166736 ip:192.168.34.47
2019-09-16 16:49:44,209 [org.apache.hadoop.util.JvmPauseMonitor$Monitor@18539212] INFO  util.JvmPauseMonitor (JvmPauseMonitor.java:run(188)) - Starting JVM pause monitor
2019-09-16 16:49:44,215 [main] INFO  volume.HddsVolume (HddsVolume.java:<init>(176)) - Creating Volume: /workdir/hadoop-ozone/integration-test/target/test-dir/MiniOzoneClusterImpl-f8b2c6cb-9ce7-4af8-81ae-d81048953348/datanode-1/data/containers/hdds of  storage type : DISK and capacity : 1482555576320
2019-09-16 16:49:44,216 [main] INFO  volume.VolumeSet (VolumeSet.java:initializeVolumeSet(170)) - Added Volume : /workdir/hadoop-ozone/integration-test/target/test-dir/MiniOzoneClusterImpl-f8b2c6cb-9ce7-4af8-81ae-d81048953348/datanode-1/data/containers/hdds to VolumeSet
2019-09-16 16:49:44,216 [main] INFO  volume.ThrottledAsyncChecker (ThrottledAsyncChecker.java:schedule(139)) - Scheduling a check for org.apache.hadoop.ozone.container.common.volume.HddsVolume@2eae4349
2019-09-16 16:49:44,217 [main] INFO  volume.HddsVolumeChecker (HddsVolumeChecker.java:checkAllVolumes(202)) - Scheduled health check for volume org.apache.hadoop.ozone.container.common.volume.HddsVolume@2eae4349
2019-09-16 16:49:44,235 [main] INFO  impl.RaftServerProxy (ConfUtils.java:logGet(43)) - raft.rpc.type = GRPC (default)
2019-09-16 16:49:44,236 [main] INFO  grpc.GrpcFactory (GrpcFactory.java:checkPooledByteBufAllocatorUseCacheForAllThreads(45)) - PERFORMANCE WARNING: useCacheForAllThreads is true that may cause Netty to create a lot garbage objects and, as a result, trigger GC.
	It is recommended to disable useCacheForAllThreads by setting -Dorg.apache.ratis.thirdparty.io.netty.allocator.useCacheForAllThreads=false in command line.
2019-09-16 16:49:44,236 [main] INFO  grpc.GrpcConfigKeys$Server (ConfUtils.java:logGet(43)) - raft.grpc.server.port = 0 (default)
2019-09-16 16:49:44,236 [main] INFO  server.GrpcService (ConfUtils.java:logGet(43)) - raft.grpc.message.size.max = 33570816 (custom)
2019-09-16 16:49:44,237 [main] INFO  server.RaftServerConfigKeys (ConfUtils.java:logGet(43)) - raft.server.log.appender.buffer.byte-limit = 33554432 (custom)
2019-09-16 16:49:44,237 [main] INFO  server.GrpcService (ConfUtils.java:logGet(43)) - raft.grpc.flow.control.window = 1MB (=1048576) (default)
2019-09-16 16:49:44,237 [main] INFO  server.RaftServerConfigKeys (ConfUtils.java:logGet(43)) - raft.server.rpc.request.timeout = 3000ms (default)
2019-09-16 16:49:44,238 [main] INFO  server.RaftServerConfigKeys (ConfUtils.java:logGet(43)) - raft.server.storage.dir = [/workdir/hadoop-ozone/integration-test/target/test-dir/MiniOzoneClusterImpl-f8b2c6cb-9ce7-4af8-81ae-d81048953348/datanode-1/data/ratis] (custom)
2019-09-16 16:49:44,240 [main] INFO  hdfs.DFSUtil (DFSUtil.java:httpServerTemplateForNNAndJN(1641)) - Starting Web-server for hddsDatanode at: http://0.0.0.0:0
2019-09-16 16:49:44,242 [main] INFO  server.AuthenticationFilter (AuthenticationFilter.java:constructSecretProvider(240)) - Unable to initialize FileSignerSecretProvider, falling back to use random secrets.
2019-09-16 16:49:44,243 [main] WARN  http.HttpRequestLog (HttpRequestLog.java:getRequestLog(97)) - Jetty request log can only be enabled using Log4j
2019-09-16 16:49:44,245 [main] INFO  http.HttpServer2 (HttpServer2.java:addGlobalFilter(975)) - Added global filter 'safety' (class=org.apache.hadoop.http.HttpServer2$QuotingInputFilter)
2019-09-16 16:49:44,246 [main] INFO  http.HttpServer2 (HttpServer2.java:addFilter(948)) - Added filter static_user_filter (class=org.apache.hadoop.http.lib.StaticUserWebFilter$StaticUserFilter) to context hddsDatanode
2019-09-16 16:49:44,246 [main] INFO  http.HttpServer2 (HttpServer2.java:addFilter(958)) - Added filter static_user_filter (class=org.apache.hadoop.http.lib.StaticUserWebFilter$StaticUserFilter) to context static
2019-09-16 16:49:44,247 [main] INFO  http.HttpServer2 (HttpServer2.java:addFilter(958)) - Added filter static_user_filter (class=org.apache.hadoop.http.lib.StaticUserWebFilter$StaticUserFilter) to context logs
2019-09-16 16:49:44,248 [main] INFO  http.HttpServer2 (HttpServer2.java:bindListener(1191)) - Jetty bound to port 45607
2019-09-16 16:49:44,248 [main] INFO  server.Server (Server.java:doStart(351)) - jetty-9.3.24.v20180605, build timestamp: 2018-06-05T17:11:56Z, git hash: 84205aa28f11a4f31f2a3b86d1bba2cc8ab69827
2019-09-16 16:49:44,250 [main] INFO  handler.ContextHandler (ContextHandler.java:doStart(781)) - Started o.e.j.s.ServletContextHandler@26cb5207{/logs,file:///workdir/hadoop-ozone/integration-test/target/log,AVAILABLE}
2019-09-16 16:49:44,251 [main] INFO  handler.ContextHandler (ContextHandler.java:doStart(781)) - Started o.e.j.s.ServletContextHandler@18d910b3{/static,jar:file:/home/user/.m2/repository/org/apache/hadoop/hadoop-hdds-container-service/0.5.0-SNAPSHOT/hadoop-hdds-container-service-0.5.0-SNAPSHOT.jar!/webapps/static,AVAILABLE}
2019-09-16 16:49:44,279 [main] INFO  handler.ContextHandler (ContextHandler.java:doStart(781)) - Started o.e.j.w.WebAppContext@49faf066{/,file:///tmp/jetty-0.0.0.0-45607-hddsDatanode-_-any-7677461881360176594.dir/webapp/,AVAILABLE}{/hddsDatanode}
2019-09-16 16:49:44,280 [main] INFO  server.AbstractConnector (AbstractConnector.java:doStart(278)) - Started ServerConnector@6f94a5a5{HTTP/1.1,[http/1.1]}{0.0.0.0:45607}
2019-09-16 16:49:44,282 [main] INFO  server.Server (Server.java:doStart(419)) - Started @4740ms
2019-09-16 16:49:44,282 [main] WARN  impl.MetricsSystemImpl (MetricsSystemImpl.java:register(276)) - Sink prometheus already exists!
2019-09-16 16:49:44,283 [main] INFO  server.BaseHttpServer (BaseHttpServer.java:updateConnectorAddress(215)) - HTTP server of HDDSDATANODE is listening at http://0.0.0.0:45607
2019-09-16 16:49:44,283 [main] INFO  impl.MetricsSystemImpl (MetricsSystemImpl.java:init(158)) - HddsDatanode metrics system started (again)
2019-09-16 16:49:44,285 [org.apache.hadoop.util.JvmPauseMonitor$Monitor@289c2be0] INFO  util.JvmPauseMonitor (JvmPauseMonitor.java:run(188)) - Starting JVM pause monitor
2019-09-16 16:49:44,285 [main] INFO  ozone.HddsDatanodeService (HddsDatanodeService.java:start(184)) - HddsDatanodeService host:pr-hdds-2111-ptm9r-3382166736 ip:192.168.34.47
2019-09-16 16:49:44,294 [main] INFO  volume.HddsVolume (HddsVolume.java:<init>(176)) - Creating Volume: /workdir/hadoop-ozone/integration-test/target/test-dir/MiniOzoneClusterImpl-f8b2c6cb-9ce7-4af8-81ae-d81048953348/datanode-2/data/containers/hdds of  storage type : DISK and capacity : 1482555576320
2019-09-16 16:49:44,294 [main] INFO  volume.VolumeSet (VolumeSet.java:initializeVolumeSet(170)) - Added Volume : /workdir/hadoop-ozone/integration-test/target/test-dir/MiniOzoneClusterImpl-f8b2c6cb-9ce7-4af8-81ae-d81048953348/datanode-2/data/containers/hdds to VolumeSet
2019-09-16 16:49:44,294 [main] INFO  volume.ThrottledAsyncChecker (ThrottledAsyncChecker.java:schedule(139)) - Scheduling a check for org.apache.hadoop.ozone.container.common.volume.HddsVolume@524a076e
2019-09-16 16:49:44,295 [main] INFO  volume.HddsVolumeChecker (HddsVolumeChecker.java:checkAllVolumes(202)) - Scheduled health check for volume org.apache.hadoop.ozone.container.common.volume.HddsVolume@524a076e
2019-09-16 16:49:44,309 [main] INFO  impl.RaftServerProxy (ConfUtils.java:logGet(43)) - raft.rpc.type = GRPC (default)
2019-09-16 16:49:44,310 [main] INFO  grpc.GrpcFactory (GrpcFactory.java:checkPooledByteBufAllocatorUseCacheForAllThreads(45)) - PERFORMANCE WARNING: useCacheForAllThreads is true that may cause Netty to create a lot garbage objects and, as a result, trigger GC.
	It is recommended to disable useCacheForAllThreads by setting -Dorg.apache.ratis.thirdparty.io.netty.allocator.useCacheForAllThreads=false in command line.
2019-09-16 16:49:44,310 [main] INFO  grpc.GrpcConfigKeys$Server (ConfUtils.java:logGet(43)) - raft.grpc.server.port = 0 (default)
2019-09-16 16:49:44,310 [main] INFO  server.GrpcService (ConfUtils.java:logGet(43)) - raft.grpc.message.size.max = 33570816 (custom)
2019-09-16 16:49:44,310 [main] INFO  server.RaftServerConfigKeys (ConfUtils.java:logGet(43)) - raft.server.log.appender.buffer.byte-limit = 33554432 (custom)
2019-09-16 16:49:44,311 [main] INFO  server.GrpcService (ConfUtils.java:logGet(43)) - raft.grpc.flow.control.window = 1MB (=1048576) (default)
2019-09-16 16:49:44,311 [main] INFO  server.RaftServerConfigKeys (ConfUtils.java:logGet(43)) - raft.server.rpc.request.timeout = 3000ms (default)
2019-09-16 16:49:44,311 [main] INFO  server.RaftServerConfigKeys (ConfUtils.java:logGet(43)) - raft.server.storage.dir = [/workdir/hadoop-ozone/integration-test/target/test-dir/MiniOzoneClusterImpl-f8b2c6cb-9ce7-4af8-81ae-d81048953348/datanode-2/data/ratis] (custom)
2019-09-16 16:49:44,314 [main] INFO  hdfs.DFSUtil (DFSUtil.java:httpServerTemplateForNNAndJN(1641)) - Starting Web-server for hddsDatanode at: http://0.0.0.0:0
2019-09-16 16:49:44,316 [main] INFO  server.AuthenticationFilter (AuthenticationFilter.java:constructSecretProvider(240)) - Unable to initialize FileSignerSecretProvider, falling back to use random secrets.
2019-09-16 16:49:44,317 [main] WARN  http.HttpRequestLog (HttpRequestLog.java:getRequestLog(97)) - Jetty request log can only be enabled using Log4j
2019-09-16 16:49:44,318 [Datanode State Machine Thread - 0] INFO  datanode.InitDatanodeState (InitDatanodeState.java:persistContainerDatanodeDetails(140)) - DatanodeDetails is persisted to /workdir/hadoop-ozone/integration-test/target/test-dir/MiniOzoneClusterImpl-f8b2c6cb-9ce7-4af8-81ae-d81048953348/datanode-0/meta/datanode.id
2019-09-16 16:49:44,322 [main] INFO  http.HttpServer2 (HttpServer2.java:addGlobalFilter(975)) - Added global filter 'safety' (class=org.apache.hadoop.http.HttpServer2$QuotingInputFilter)
2019-09-16 16:49:44,322 [Datanode State Machine Thread - 0] INFO  datanode.InitDatanodeState (InitDatanodeState.java:persistContainerDatanodeDetails(140)) - DatanodeDetails is persisted to /workdir/hadoop-ozone/integration-test/target/test-dir/MiniOzoneClusterImpl-f8b2c6cb-9ce7-4af8-81ae-d81048953348/datanode-1/meta/datanode.id
2019-09-16 16:49:44,323 [main] INFO  http.HttpServer2 (HttpServer2.java:addFilter(948)) - Added filter static_user_filter (class=org.apache.hadoop.http.lib.StaticUserWebFilter$StaticUserFilter) to context hddsDatanode
2019-09-16 16:49:44,323 [main] INFO  http.HttpServer2 (HttpServer2.java:addFilter(958)) - Added filter static_user_filter (class=org.apache.hadoop.http.lib.StaticUserWebFilter$StaticUserFilter) to context static
2019-09-16 16:49:44,323 [main] INFO  http.HttpServer2 (HttpServer2.java:addFilter(958)) - Added filter static_user_filter (class=org.apache.hadoop.http.lib.StaticUserWebFilter$StaticUserFilter) to context logs
2019-09-16 16:49:44,325 [main] INFO  http.HttpServer2 (HttpServer2.java:bindListener(1191)) - Jetty bound to port 40391
2019-09-16 16:49:44,325 [main] INFO  server.Server (Server.java:doStart(351)) - jetty-9.3.24.v20180605, build timestamp: 2018-06-05T17:11:56Z, git hash: 84205aa28f11a4f31f2a3b86d1bba2cc8ab69827
2019-09-16 16:49:44,336 [main] INFO  handler.ContextHandler (ContextHandler.java:doStart(781)) - Started o.e.j.s.ServletContextHandler@2e66bc32{/logs,file:///workdir/hadoop-ozone/integration-test/target/log,AVAILABLE}
2019-09-16 16:49:44,337 [main] INFO  handler.ContextHandler (ContextHandler.java:doStart(781)) - Started o.e.j.s.ServletContextHandler@4b65d9f4{/static,jar:file:/home/user/.m2/repository/org/apache/hadoop/hadoop-hdds-container-service/0.5.0-SNAPSHOT/hadoop-hdds-container-service-0.5.0-SNAPSHOT.jar!/webapps/static,AVAILABLE}
2019-09-16 16:49:44,386 [main] INFO  handler.ContextHandler (ContextHandler.java:doStart(781)) - Started o.e.j.w.WebAppContext@4745e9c{/,file:///tmp/jetty-0.0.0.0-40391-hddsDatanode-_-any-9011455110660288365.dir/webapp/,AVAILABLE}{/hddsDatanode}
2019-09-16 16:49:44,389 [main] INFO  server.AbstractConnector (AbstractConnector.java:doStart(278)) - Started ServerConnector@2f2bff16{HTTP/1.1,[http/1.1]}{0.0.0.0:40391}
2019-09-16 16:49:44,395 [main] INFO  server.Server (Server.java:doStart(419)) - Started @4853ms
2019-09-16 16:49:44,395 [main] WARN  impl.MetricsSystemImpl (MetricsSystemImpl.java:register(276)) - Sink prometheus already exists!
2019-09-16 16:49:44,396 [main] INFO  server.BaseHttpServer (BaseHttpServer.java:updateConnectorAddress(215)) - HTTP server of HDDSDATANODE is listening at http://0.0.0.0:40391
2019-09-16 16:49:44,396 [main] INFO  impl.MetricsSystemImpl (MetricsSystemImpl.java:init(158)) - HddsDatanode metrics system started (again)
2019-09-16 16:49:44,400 [org.apache.hadoop.util.JvmPauseMonitor$Monitor@30ccb891] INFO  util.JvmPauseMonitor (JvmPauseMonitor.java:run(188)) - Starting JVM pause monitor
2019-09-16 16:49:44,401 [main] INFO  ozone.HddsDatanodeService (HddsDatanodeService.java:start(184)) - HddsDatanodeService host:pr-hdds-2111-ptm9r-3382166736 ip:192.168.34.47
2019-09-16 16:49:44,406 [Datanode State Machine Thread - 0] INFO  datanode.InitDatanodeState (InitDatanodeState.java:persistContainerDatanodeDetails(140)) - DatanodeDetails is persisted to /workdir/hadoop-ozone/integration-test/target/test-dir/MiniOzoneClusterImpl-f8b2c6cb-9ce7-4af8-81ae-d81048953348/datanode-2/meta/datanode.id
2019-09-16 16:49:44,409 [main] INFO  volume.HddsVolume (HddsVolume.java:<init>(176)) - Creating Volume: /workdir/hadoop-ozone/integration-test/target/test-dir/MiniOzoneClusterImpl-f8b2c6cb-9ce7-4af8-81ae-d81048953348/datanode-3/data/containers/hdds of  storage type : DISK and capacity : 1482555576320
2019-09-16 16:49:44,410 [main] INFO  volume.VolumeSet (VolumeSet.java:initializeVolumeSet(170)) - Added Volume : /workdir/hadoop-ozone/integration-test/target/test-dir/MiniOzoneClusterImpl-f8b2c6cb-9ce7-4af8-81ae-d81048953348/datanode-3/data/containers/hdds to VolumeSet
2019-09-16 16:49:44,411 [main] INFO  volume.ThrottledAsyncChecker (ThrottledAsyncChecker.java:schedule(139)) - Scheduling a check for org.apache.hadoop.ozone.container.common.volume.HddsVolume@6342d610
2019-09-16 16:49:44,412 [main] INFO  volume.HddsVolumeChecker (HddsVolumeChecker.java:checkAllVolumes(202)) - Scheduled health check for volume org.apache.hadoop.ozone.container.common.volume.HddsVolume@6342d610
2019-09-16 16:49:44,429 [main] INFO  impl.RaftServerProxy (ConfUtils.java:logGet(43)) - raft.rpc.type = GRPC (default)
2019-09-16 16:49:44,429 [main] INFO  grpc.GrpcFactory (GrpcFactory.java:checkPooledByteBufAllocatorUseCacheForAllThreads(45)) - PERFORMANCE WARNING: useCacheForAllThreads is true that may cause Netty to create a lot garbage objects and, as a result, trigger GC.
	It is recommended to disable useCacheForAllThreads by setting -Dorg.apache.ratis.thirdparty.io.netty.allocator.useCacheForAllThreads=false in command line.
2019-09-16 16:49:44,429 [main] INFO  grpc.GrpcConfigKeys$Server (ConfUtils.java:logGet(43)) - raft.grpc.server.port = 0 (default)
2019-09-16 16:49:44,430 [main] INFO  server.GrpcService (ConfUtils.java:logGet(43)) - raft.grpc.message.size.max = 33570816 (custom)
2019-09-16 16:49:44,430 [main] INFO  server.RaftServerConfigKeys (ConfUtils.java:logGet(43)) - raft.server.log.appender.buffer.byte-limit = 33554432 (custom)
2019-09-16 16:49:44,430 [main] INFO  server.GrpcService (ConfUtils.java:logGet(43)) - raft.grpc.flow.control.window = 1MB (=1048576) (default)
2019-09-16 16:49:44,431 [main] INFO  server.RaftServerConfigKeys (ConfUtils.java:logGet(43)) - raft.server.rpc.request.timeout = 3000ms (default)
2019-09-16 16:49:44,432 [main] INFO  server.RaftServerConfigKeys (ConfUtils.java:logGet(43)) - raft.server.storage.dir = [/workdir/hadoop-ozone/integration-test/target/test-dir/MiniOzoneClusterImpl-f8b2c6cb-9ce7-4af8-81ae-d81048953348/datanode-3/data/ratis] (custom)
2019-09-16 16:49:44,434 [main] INFO  hdfs.DFSUtil (DFSUtil.java:httpServerTemplateForNNAndJN(1641)) - Starting Web-server for hddsDatanode at: http://0.0.0.0:0
2019-09-16 16:49:44,435 [main] INFO  server.AuthenticationFilter (AuthenticationFilter.java:constructSecretProvider(240)) - Unable to initialize FileSignerSecretProvider, falling back to use random secrets.
2019-09-16 16:49:44,436 [main] WARN  http.HttpRequestLog (HttpRequestLog.java:getRequestLog(97)) - Jetty request log can only be enabled using Log4j
2019-09-16 16:49:44,438 [main] INFO  http.HttpServer2 (HttpServer2.java:addGlobalFilter(975)) - Added global filter 'safety' (class=org.apache.hadoop.http.HttpServer2$QuotingInputFilter)
2019-09-16 16:49:44,438 [main] INFO  http.HttpServer2 (HttpServer2.java:addFilter(948)) - Added filter static_user_filter (class=org.apache.hadoop.http.lib.StaticUserWebFilter$StaticUserFilter) to context hddsDatanode
2019-09-16 16:49:44,439 [main] INFO  http.HttpServer2 (HttpServer2.java:addFilter(958)) - Added filter static_user_filter (class=org.apache.hadoop.http.lib.StaticUserWebFilter$StaticUserFilter) to context static
2019-09-16 16:49:44,439 [main] INFO  http.HttpServer2 (HttpServer2.java:addFilter(958)) - Added filter static_user_filter (class=org.apache.hadoop.http.lib.StaticUserWebFilter$StaticUserFilter) to context logs
2019-09-16 16:49:44,440 [main] INFO  http.HttpServer2 (HttpServer2.java:bindListener(1191)) - Jetty bound to port 37613
2019-09-16 16:49:44,440 [main] INFO  server.Server (Server.java:doStart(351)) - jetty-9.3.24.v20180605, build timestamp: 2018-06-05T17:11:56Z, git hash: 84205aa28f11a4f31f2a3b86d1bba2cc8ab69827
2019-09-16 16:49:44,442 [main] INFO  handler.ContextHandler (ContextHandler.java:doStart(781)) - Started o.e.j.s.ServletContextHandler@74ecacc3{/logs,file:///workdir/hadoop-ozone/integration-test/target/log,AVAILABLE}
2019-09-16 16:49:44,443 [main] INFO  handler.ContextHandler (ContextHandler.java:doStart(781)) - Started o.e.j.s.ServletContextHandler@53b7ce6{/static,jar:file:/home/user/.m2/repository/org/apache/hadoop/hadoop-hdds-container-service/0.5.0-SNAPSHOT/hadoop-hdds-container-service-0.5.0-SNAPSHOT.jar!/webapps/static,AVAILABLE}
2019-09-16 16:49:44,474 [main] INFO  handler.ContextHandler (ContextHandler.java:doStart(781)) - Started o.e.j.w.WebAppContext@7d44a19{/,file:///tmp/jetty-0.0.0.0-37613-hddsDatanode-_-any-440181177412752098.dir/webapp/,AVAILABLE}{/hddsDatanode}
2019-09-16 16:49:44,474 [main] INFO  server.AbstractConnector (AbstractConnector.java:doStart(278)) - Started ServerConnector@1fb2d5e{HTTP/1.1,[http/1.1]}{0.0.0.0:37613}
2019-09-16 16:49:44,475 [main] INFO  server.Server (Server.java:doStart(419)) - Started @4934ms
2019-09-16 16:49:44,477 [main] WARN  impl.MetricsSystemImpl (MetricsSystemImpl.java:register(276)) - Sink prometheus already exists!
2019-09-16 16:49:44,478 [main] INFO  server.BaseHttpServer (BaseHttpServer.java:updateConnectorAddress(215)) - HTTP server of HDDSDATANODE is listening at http://0.0.0.0:37613
2019-09-16 16:49:44,478 [main] INFO  impl.MetricsSystemImpl (MetricsSystemImpl.java:init(158)) - HddsDatanode metrics system started (again)
2019-09-16 16:49:44,483 [main] INFO  ozone.HddsDatanodeService (HddsDatanodeService.java:start(184)) - HddsDatanodeService host:pr-hdds-2111-ptm9r-3382166736 ip:192.168.34.47
2019-09-16 16:49:44,483 [org.apache.hadoop.util.JvmPauseMonitor$Monitor@42381046] INFO  util.JvmPauseMonitor (JvmPauseMonitor.java:run(188)) - Starting JVM pause monitor
2019-09-16 16:49:44,486 [Datanode State Machine Thread - 0] INFO  datanode.InitDatanodeState (InitDatanodeState.java:persistContainerDatanodeDetails(140)) - DatanodeDetails is persisted to /workdir/hadoop-ozone/integration-test/target/test-dir/MiniOzoneClusterImpl-f8b2c6cb-9ce7-4af8-81ae-d81048953348/datanode-3/meta/datanode.id
2019-09-16 16:49:44,491 [main] INFO  volume.HddsVolume (HddsVolume.java:<init>(176)) - Creating Volume: /workdir/hadoop-ozone/integration-test/target/test-dir/MiniOzoneClusterImpl-f8b2c6cb-9ce7-4af8-81ae-d81048953348/datanode-4/data/containers/hdds of  storage type : DISK and capacity : 1482555576320
2019-09-16 16:49:44,493 [main] INFO  volume.VolumeSet (VolumeSet.java:initializeVolumeSet(170)) - Added Volume : /workdir/hadoop-ozone/integration-test/target/test-dir/MiniOzoneClusterImpl-f8b2c6cb-9ce7-4af8-81ae-d81048953348/datanode-4/data/containers/hdds to VolumeSet
2019-09-16 16:49:44,493 [main] INFO  volume.ThrottledAsyncChecker (ThrottledAsyncChecker.java:schedule(139)) - Scheduling a check for org.apache.hadoop.ozone.container.common.volume.HddsVolume@18b8d173
2019-09-16 16:49:44,493 [main] INFO  volume.HddsVolumeChecker (HddsVolumeChecker.java:checkAllVolumes(202)) - Scheduled health check for volume org.apache.hadoop.ozone.container.common.volume.HddsVolume@18b8d173
2019-09-16 16:49:44,509 [main] INFO  impl.RaftServerProxy (ConfUtils.java:logGet(43)) - raft.rpc.type = GRPC (default)
2019-09-16 16:49:44,509 [main] INFO  grpc.GrpcFactory (GrpcFactory.java:checkPooledByteBufAllocatorUseCacheForAllThreads(45)) - PERFORMANCE WARNING: useCacheForAllThreads is true that may cause Netty to create a lot garbage objects and, as a result, trigger GC.
	It is recommended to disable useCacheForAllThreads by setting -Dorg.apache.ratis.thirdparty.io.netty.allocator.useCacheForAllThreads=false in command line.
2019-09-16 16:49:44,510 [main] INFO  grpc.GrpcConfigKeys$Server (ConfUtils.java:logGet(43)) - raft.grpc.server.port = 0 (default)
2019-09-16 16:49:44,510 [main] INFO  server.GrpcService (ConfUtils.java:logGet(43)) - raft.grpc.message.size.max = 33570816 (custom)
2019-09-16 16:49:44,510 [main] INFO  server.RaftServerConfigKeys (ConfUtils.java:logGet(43)) - raft.server.log.appender.buffer.byte-limit = 33554432 (custom)
2019-09-16 16:49:44,511 [main] INFO  server.GrpcService (ConfUtils.java:logGet(43)) - raft.grpc.flow.control.window = 1MB (=1048576) (default)
2019-09-16 16:49:44,511 [main] INFO  server.RaftServerConfigKeys (ConfUtils.java:logGet(43)) - raft.server.rpc.request.timeout = 3000ms (default)
2019-09-16 16:49:44,512 [main] INFO  server.RaftServerConfigKeys (ConfUtils.java:logGet(43)) - raft.server.storage.dir = [/workdir/hadoop-ozone/integration-test/target/test-dir/MiniOzoneClusterImpl-f8b2c6cb-9ce7-4af8-81ae-d81048953348/datanode-4/data/ratis] (custom)
2019-09-16 16:49:44,514 [main] INFO  hdfs.DFSUtil (DFSUtil.java:httpServerTemplateForNNAndJN(1641)) - Starting Web-server for hddsDatanode at: http://0.0.0.0:0
2019-09-16 16:49:44,516 [main] INFO  server.AuthenticationFilter (AuthenticationFilter.java:constructSecretProvider(240)) - Unable to initialize FileSignerSecretProvider, falling back to use random secrets.
2019-09-16 16:49:44,516 [main] WARN  http.HttpRequestLog (HttpRequestLog.java:getRequestLog(97)) - Jetty request log can only be enabled using Log4j
2019-09-16 16:49:44,517 [main] INFO  http.HttpServer2 (HttpServer2.java:addGlobalFilter(975)) - Added global filter 'safety' (class=org.apache.hadoop.http.HttpServer2$QuotingInputFilter)
2019-09-16 16:49:44,518 [main] INFO  http.HttpServer2 (HttpServer2.java:addFilter(948)) - Added filter static_user_filter (class=org.apache.hadoop.http.lib.StaticUserWebFilter$StaticUserFilter) to context hddsDatanode
2019-09-16 16:49:44,518 [main] INFO  http.HttpServer2 (HttpServer2.java:addFilter(958)) - Added filter static_user_filter (class=org.apache.hadoop.http.lib.StaticUserWebFilter$StaticUserFilter) to context logs
2019-09-16 16:49:44,518 [main] INFO  http.HttpServer2 (HttpServer2.java:addFilter(958)) - Added filter static_user_filter (class=org.apache.hadoop.http.lib.StaticUserWebFilter$StaticUserFilter) to context static
2019-09-16 16:49:44,519 [main] INFO  http.HttpServer2 (HttpServer2.java:bindListener(1191)) - Jetty bound to port 33935
2019-09-16 16:49:44,519 [main] INFO  server.Server (Server.java:doStart(351)) - jetty-9.3.24.v20180605, build timestamp: 2018-06-05T17:11:56Z, git hash: 84205aa28f11a4f31f2a3b86d1bba2cc8ab69827
2019-09-16 16:49:44,525 [main] INFO  handler.ContextHandler (ContextHandler.java:doStart(781)) - Started o.e.j.s.ServletContextHandler@2f4c2cd4{/logs,file:///workdir/hadoop-ozone/integration-test/target/log,AVAILABLE}
2019-09-16 16:49:44,526 [main] INFO  handler.ContextHandler (ContextHandler.java:doStart(781)) - Started o.e.j.s.ServletContextHandler@333c8791{/static,jar:file:/home/user/.m2/repository/org/apache/hadoop/hadoop-hdds-container-service/0.5.0-SNAPSHOT/hadoop-hdds-container-service-0.5.0-SNAPSHOT.jar!/webapps/static,AVAILABLE}
2019-09-16 16:49:44,552 [main] INFO  handler.ContextHandler (ContextHandler.java:doStart(781)) - Started o.e.j.w.WebAppContext@3204e238{/,file:///tmp/jetty-0.0.0.0-33935-hddsDatanode-_-any-9054585779334182032.dir/webapp/,AVAILABLE}{/hddsDatanode}
2019-09-16 16:49:44,552 [main] INFO  server.AbstractConnector (AbstractConnector.java:doStart(278)) - Started ServerConnector@38ed139b{HTTP/1.1,[http/1.1]}{0.0.0.0:33935}
2019-09-16 16:49:44,553 [main] INFO  server.Server (Server.java:doStart(419)) - Started @5012ms
2019-09-16 16:49:44,554 [main] WARN  impl.MetricsSystemImpl (MetricsSystemImpl.java:register(276)) - Sink prometheus already exists!
2019-09-16 16:49:44,555 [main] INFO  server.BaseHttpServer (BaseHttpServer.java:updateConnectorAddress(215)) - HTTP server of HDDSDATANODE is listening at http://0.0.0.0:33935
2019-09-16 16:49:44,556 [main] INFO  impl.MetricsSystemImpl (MetricsSystemImpl.java:init(158)) - HddsDatanode metrics system started (again)
2019-09-16 16:49:44,560 [main] INFO  ozone.HddsDatanodeService (HddsDatanodeService.java:start(184)) - HddsDatanodeService host:pr-hdds-2111-ptm9r-3382166736 ip:192.168.34.47
2019-09-16 16:49:44,560 [org.apache.hadoop.util.JvmPauseMonitor$Monitor@554a1ed1] INFO  util.JvmPauseMonitor (JvmPauseMonitor.java:run(188)) - Starting JVM pause monitor
2019-09-16 16:49:44,563 [Datanode State Machine Thread - 0] INFO  datanode.InitDatanodeState (InitDatanodeState.java:persistContainerDatanodeDetails(140)) - DatanodeDetails is persisted to /workdir/hadoop-ozone/integration-test/target/test-dir/MiniOzoneClusterImpl-f8b2c6cb-9ce7-4af8-81ae-d81048953348/datanode-4/meta/datanode.id
2019-09-16 16:49:44,568 [main] INFO  volume.HddsVolume (HddsVolume.java:<init>(176)) - Creating Volume: /workdir/hadoop-ozone/integration-test/target/test-dir/MiniOzoneClusterImpl-f8b2c6cb-9ce7-4af8-81ae-d81048953348/datanode-5/data/containers/hdds of  storage type : DISK and capacity : 1482555576320
2019-09-16 16:49:44,569 [main] INFO  volume.VolumeSet (VolumeSet.java:initializeVolumeSet(170)) - Added Volume : /workdir/hadoop-ozone/integration-test/target/test-dir/MiniOzoneClusterImpl-f8b2c6cb-9ce7-4af8-81ae-d81048953348/datanode-5/data/containers/hdds to VolumeSet
2019-09-16 16:49:44,569 [main] INFO  volume.ThrottledAsyncChecker (ThrottledAsyncChecker.java:schedule(139)) - Scheduling a check for org.apache.hadoop.ozone.container.common.volume.HddsVolume@2938127d
2019-09-16 16:49:44,570 [main] INFO  volume.HddsVolumeChecker (HddsVolumeChecker.java:checkAllVolumes(202)) - Scheduled health check for volume org.apache.hadoop.ozone.container.common.volume.HddsVolume@2938127d
2019-09-16 16:49:44,586 [main] INFO  impl.RaftServerProxy (ConfUtils.java:logGet(43)) - raft.rpc.type = GRPC (default)
2019-09-16 16:49:44,586 [main] INFO  grpc.GrpcFactory (GrpcFactory.java:checkPooledByteBufAllocatorUseCacheForAllThreads(45)) - PERFORMANCE WARNING: useCacheForAllThreads is true that may cause Netty to create a lot garbage objects and, as a result, trigger GC.
	It is recommended to disable useCacheForAllThreads by setting -Dorg.apache.ratis.thirdparty.io.netty.allocator.useCacheForAllThreads=false in command line.
2019-09-16 16:49:44,587 [main] INFO  grpc.GrpcConfigKeys$Server (ConfUtils.java:logGet(43)) - raft.grpc.server.port = 0 (default)
2019-09-16 16:49:44,587 [main] INFO  server.GrpcService (ConfUtils.java:logGet(43)) - raft.grpc.message.size.max = 33570816 (custom)
2019-09-16 16:49:44,587 [main] INFO  server.RaftServerConfigKeys (ConfUtils.java:logGet(43)) - raft.server.log.appender.buffer.byte-limit = 33554432 (custom)
2019-09-16 16:49:44,588 [main] INFO  server.GrpcService (ConfUtils.java:logGet(43)) - raft.grpc.flow.control.window = 1MB (=1048576) (default)
2019-09-16 16:49:44,588 [main] INFO  server.RaftServerConfigKeys (ConfUtils.java:logGet(43)) - raft.server.rpc.request.timeout = 3000ms (default)
2019-09-16 16:49:44,589 [main] INFO  server.RaftServerConfigKeys (ConfUtils.java:logGet(43)) - raft.server.storage.dir = [/workdir/hadoop-ozone/integration-test/target/test-dir/MiniOzoneClusterImpl-f8b2c6cb-9ce7-4af8-81ae-d81048953348/datanode-5/data/ratis] (custom)
2019-09-16 16:49:44,591 [main] INFO  hdfs.DFSUtil (DFSUtil.java:httpServerTemplateForNNAndJN(1641)) - Starting Web-server for hddsDatanode at: http://0.0.0.0:0
2019-09-16 16:49:44,592 [main] INFO  server.AuthenticationFilter (AuthenticationFilter.java:constructSecretProvider(240)) - Unable to initialize FileSignerSecretProvider, falling back to use random secrets.
2019-09-16 16:49:44,592 [main] WARN  http.HttpRequestLog (HttpRequestLog.java:getRequestLog(97)) - Jetty request log can only be enabled using Log4j
2019-09-16 16:49:44,594 [main] INFO  http.HttpServer2 (HttpServer2.java:addGlobalFilter(975)) - Added global filter 'safety' (class=org.apache.hadoop.http.HttpServer2$QuotingInputFilter)
2019-09-16 16:49:44,594 [main] INFO  http.HttpServer2 (HttpServer2.java:addFilter(948)) - Added filter static_user_filter (class=org.apache.hadoop.http.lib.StaticUserWebFilter$StaticUserFilter) to context hddsDatanode
2019-09-16 16:49:44,594 [main] INFO  http.HttpServer2 (HttpServer2.java:addFilter(958)) - Added filter static_user_filter (class=org.apache.hadoop.http.lib.StaticUserWebFilter$StaticUserFilter) to context static
2019-09-16 16:49:44,594 [main] INFO  http.HttpServer2 (HttpServer2.java:addFilter(958)) - Added filter static_user_filter (class=org.apache.hadoop.http.lib.StaticUserWebFilter$StaticUserFilter) to context logs
2019-09-16 16:49:44,595 [main] INFO  http.HttpServer2 (HttpServer2.java:bindListener(1191)) - Jetty bound to port 34518
2019-09-16 16:49:44,595 [main] INFO  server.Server (Server.java:doStart(351)) - jetty-9.3.24.v20180605, build timestamp: 2018-06-05T17:11:56Z, git hash: 84205aa28f11a4f31f2a3b86d1bba2cc8ab69827
2019-09-16 16:49:44,597 [main] INFO  handler.ContextHandler (ContextHandler.java:doStart(781)) - Started o.e.j.s.ServletContextHandler@75d4a80f{/logs,file:///workdir/hadoop-ozone/integration-test/target/log,AVAILABLE}
2019-09-16 16:49:44,597 [main] INFO  handler.ContextHandler (ContextHandler.java:doStart(781)) - Started o.e.j.s.ServletContextHandler@ccf91df{/static,jar:file:/home/user/.m2/repository/org/apache/hadoop/hadoop-hdds-container-service/0.5.0-SNAPSHOT/hadoop-hdds-container-service-0.5.0-SNAPSHOT.jar!/webapps/static,AVAILABLE}
2019-09-16 16:49:44,621 [main] INFO  handler.ContextHandler (ContextHandler.java:doStart(781)) - Started o.e.j.w.WebAppContext@3c83468e{/,file:///tmp/jetty-0.0.0.0-34518-hddsDatanode-_-any-8211806543428381328.dir/webapp/,AVAILABLE}{/hddsDatanode}
2019-09-16 16:49:44,622 [main] INFO  server.AbstractConnector (AbstractConnector.java:doStart(278)) - Started ServerConnector@272ce069{HTTP/1.1,[http/1.1]}{0.0.0.0:34518}
2019-09-16 16:49:44,623 [main] INFO  server.Server (Server.java:doStart(419)) - Started @5081ms
2019-09-16 16:49:44,624 [main] WARN  impl.MetricsSystemImpl (MetricsSystemImpl.java:register(276)) - Sink prometheus already exists!
2019-09-16 16:49:44,625 [main] INFO  server.BaseHttpServer (BaseHttpServer.java:updateConnectorAddress(215)) - HTTP server of HDDSDATANODE is listening at http://0.0.0.0:34518
2019-09-16 16:49:44,625 [main] INFO  impl.MetricsSystemImpl (MetricsSystemImpl.java:init(158)) - HddsDatanode metrics system started (again)
2019-09-16 16:49:44,628 [main] INFO  ozone.HddsDatanodeService (HddsDatanodeService.java:start(184)) - HddsDatanodeService host:pr-hdds-2111-ptm9r-3382166736 ip:192.168.34.47
2019-09-16 16:49:44,629 [org.apache.hadoop.util.JvmPauseMonitor$Monitor@6a3d35d2] INFO  util.JvmPauseMonitor (JvmPauseMonitor.java:run(188)) - Starting JVM pause monitor
2019-09-16 16:49:44,631 [Datanode State Machine Thread - 0] INFO  datanode.InitDatanodeState (InitDatanodeState.java:persistContainerDatanodeDetails(140)) - DatanodeDetails is persisted to /workdir/hadoop-ozone/integration-test/target/test-dir/MiniOzoneClusterImpl-f8b2c6cb-9ce7-4af8-81ae-d81048953348/datanode-5/meta/datanode.id
2019-09-16 16:49:44,636 [main] INFO  volume.HddsVolume (HddsVolume.java:<init>(176)) - Creating Volume: /workdir/hadoop-ozone/integration-test/target/test-dir/MiniOzoneClusterImpl-f8b2c6cb-9ce7-4af8-81ae-d81048953348/datanode-6/data/containers/hdds of  storage type : DISK and capacity : 1482555576320
2019-09-16 16:49:44,636 [main] INFO  volume.VolumeSet (VolumeSet.java:initializeVolumeSet(170)) - Added Volume : /workdir/hadoop-ozone/integration-test/target/test-dir/MiniOzoneClusterImpl-f8b2c6cb-9ce7-4af8-81ae-d81048953348/datanode-6/data/containers/hdds to VolumeSet
2019-09-16 16:49:44,636 [main] INFO  volume.ThrottledAsyncChecker (ThrottledAsyncChecker.java:schedule(139)) - Scheduling a check for org.apache.hadoop.ozone.container.common.volume.HddsVolume@2dc3271b
2019-09-16 16:49:44,637 [main] INFO  volume.HddsVolumeChecker (HddsVolumeChecker.java:checkAllVolumes(202)) - Scheduled health check for volume org.apache.hadoop.ozone.container.common.volume.HddsVolume@2dc3271b
2019-09-16 16:49:44,651 [main] INFO  impl.RaftServerProxy (ConfUtils.java:logGet(43)) - raft.rpc.type = GRPC (default)
2019-09-16 16:49:44,651 [main] INFO  grpc.GrpcFactory (GrpcFactory.java:checkPooledByteBufAllocatorUseCacheForAllThreads(45)) - PERFORMANCE WARNING: useCacheForAllThreads is true that may cause Netty to create a lot garbage objects and, as a result, trigger GC.
	It is recommended to disable useCacheForAllThreads by setting -Dorg.apache.ratis.thirdparty.io.netty.allocator.useCacheForAllThreads=false in command line.
2019-09-16 16:49:44,652 [main] INFO  grpc.GrpcConfigKeys$Server (ConfUtils.java:logGet(43)) - raft.grpc.server.port = 0 (default)
2019-09-16 16:49:44,652 [main] INFO  server.GrpcService (ConfUtils.java:logGet(43)) - raft.grpc.message.size.max = 33570816 (custom)
2019-09-16 16:49:44,652 [main] INFO  server.RaftServerConfigKeys (ConfUtils.java:logGet(43)) - raft.server.log.appender.buffer.byte-limit = 33554432 (custom)
2019-09-16 16:49:44,652 [main] INFO  server.GrpcService (ConfUtils.java:logGet(43)) - raft.grpc.flow.control.window = 1MB (=1048576) (default)
2019-09-16 16:49:44,652 [main] INFO  server.RaftServerConfigKeys (ConfUtils.java:logGet(43)) - raft.server.rpc.request.timeout = 3000ms (default)
2019-09-16 16:49:44,653 [main] INFO  server.RaftServerConfigKeys (ConfUtils.java:logGet(43)) - raft.server.storage.dir = [/workdir/hadoop-ozone/integration-test/target/test-dir/MiniOzoneClusterImpl-f8b2c6cb-9ce7-4af8-81ae-d81048953348/datanode-6/data/ratis] (custom)
2019-09-16 16:49:44,654 [main] INFO  hdfs.DFSUtil (DFSUtil.java:httpServerTemplateForNNAndJN(1641)) - Starting Web-server for hddsDatanode at: http://0.0.0.0:0
2019-09-16 16:49:44,656 [main] INFO  server.AuthenticationFilter (AuthenticationFilter.java:constructSecretProvider(240)) - Unable to initialize FileSignerSecretProvider, falling back to use random secrets.
2019-09-16 16:49:44,657 [main] WARN  http.HttpRequestLog (HttpRequestLog.java:getRequestLog(97)) - Jetty request log can only be enabled using Log4j
2019-09-16 16:49:44,659 [main] INFO  http.HttpServer2 (HttpServer2.java:addGlobalFilter(975)) - Added global filter 'safety' (class=org.apache.hadoop.http.HttpServer2$QuotingInputFilter)
2019-09-16 16:49:44,659 [main] INFO  http.HttpServer2 (HttpServer2.java:addFilter(948)) - Added filter static_user_filter (class=org.apache.hadoop.http.lib.StaticUserWebFilter$StaticUserFilter) to context hddsDatanode
2019-09-16 16:49:44,660 [main] INFO  http.HttpServer2 (HttpServer2.java:addFilter(958)) - Added filter static_user_filter (class=org.apache.hadoop.http.lib.StaticUserWebFilter$StaticUserFilter) to context logs
2019-09-16 16:49:44,660 [main] INFO  http.HttpServer2 (HttpServer2.java:addFilter(958)) - Added filter static_user_filter (class=org.apache.hadoop.http.lib.StaticUserWebFilter$StaticUserFilter) to context static
2019-09-16 16:49:44,661 [main] INFO  http.HttpServer2 (HttpServer2.java:bindListener(1191)) - Jetty bound to port 46030
2019-09-16 16:49:44,661 [main] INFO  server.Server (Server.java:doStart(351)) - jetty-9.3.24.v20180605, build timestamp: 2018-06-05T17:11:56Z, git hash: 84205aa28f11a4f31f2a3b86d1bba2cc8ab69827
2019-09-16 16:49:44,663 [main] INFO  handler.ContextHandler (ContextHandler.java:doStart(781)) - Started o.e.j.s.ServletContextHandler@1a22e0ef{/logs,file:///workdir/hadoop-ozone/integration-test/target/log,AVAILABLE}
2019-09-16 16:49:44,664 [main] INFO  handler.ContextHandler (ContextHandler.java:doStart(781)) - Started o.e.j.s.ServletContextHandler@3b920bdc{/static,jar:file:/home/user/.m2/repository/org/apache/hadoop/hadoop-hdds-container-service/0.5.0-SNAPSHOT/hadoop-hdds-container-service-0.5.0-SNAPSHOT.jar!/webapps/static,AVAILABLE}
2019-09-16 16:49:44,698 [main] INFO  handler.ContextHandler (ContextHandler.java:doStart(781)) - Started o.e.j.w.WebAppContext@6e4c0d8c{/,file:///tmp/jetty-0.0.0.0-46030-hddsDatanode-_-any-8792077680182584455.dir/webapp/,AVAILABLE}{/hddsDatanode}
2019-09-16 16:49:44,698 [main] INFO  server.AbstractConnector (AbstractConnector.java:doStart(278)) - Started ServerConnector@3e3315d9{HTTP/1.1,[http/1.1]}{0.0.0.0:46030}
2019-09-16 16:49:44,700 [main] INFO  server.Server (Server.java:doStart(419)) - Started @5158ms
2019-09-16 16:49:44,704 [main] WARN  impl.MetricsSystemImpl (MetricsSystemImpl.java:register(276)) - Sink prometheus already exists!
2019-09-16 16:49:44,705 [main] INFO  server.BaseHttpServer (BaseHttpServer.java:updateConnectorAddress(215)) - HTTP server of HDDSDATANODE is listening at http://0.0.0.0:46030
2019-09-16 16:49:44,706 [main] INFO  impl.MetricsSystemImpl (MetricsSystemImpl.java:init(158)) - HddsDatanode metrics system started (again)
2019-09-16 16:49:44,710 [org.apache.hadoop.util.JvmPauseMonitor$Monitor@5323aeff] INFO  util.JvmPauseMonitor (JvmPauseMonitor.java:run(188)) - Starting JVM pause monitor
2019-09-16 16:49:44,710 [main] INFO  ozone.HddsDatanodeService (HddsDatanodeService.java:start(184)) - HddsDatanodeService host:pr-hdds-2111-ptm9r-3382166736 ip:192.168.34.47
2019-09-16 16:49:44,712 [Datanode State Machine Thread - 0] INFO  datanode.InitDatanodeState (InitDatanodeState.java:persistContainerDatanodeDetails(140)) - DatanodeDetails is persisted to /workdir/hadoop-ozone/integration-test/target/test-dir/MiniOzoneClusterImpl-f8b2c6cb-9ce7-4af8-81ae-d81048953348/datanode-6/meta/datanode.id
2019-09-16 16:49:44,719 [main] INFO  volume.HddsVolume (HddsVolume.java:<init>(176)) - Creating Volume: /workdir/hadoop-ozone/integration-test/target/test-dir/MiniOzoneClusterImpl-f8b2c6cb-9ce7-4af8-81ae-d81048953348/datanode-7/data/containers/hdds of  storage type : DISK and capacity : 1482555576320
2019-09-16 16:49:44,720 [main] INFO  volume.VolumeSet (VolumeSet.java:initializeVolumeSet(170)) - Added Volume : /workdir/hadoop-ozone/integration-test/target/test-dir/MiniOzoneClusterImpl-f8b2c6cb-9ce7-4af8-81ae-d81048953348/datanode-7/data/containers/hdds to VolumeSet
2019-09-16 16:49:44,720 [main] INFO  volume.ThrottledAsyncChecker (ThrottledAsyncChecker.java:schedule(139)) - Scheduling a check for org.apache.hadoop.ozone.container.common.volume.HddsVolume@43f1bb92
2019-09-16 16:49:44,720 [main] INFO  volume.HddsVolumeChecker (HddsVolumeChecker.java:checkAllVolumes(202)) - Scheduled health check for volume org.apache.hadoop.ozone.container.common.volume.HddsVolume@43f1bb92
2019-09-16 16:49:44,732 [main] INFO  impl.RaftServerProxy (ConfUtils.java:logGet(43)) - raft.rpc.type = GRPC (default)
2019-09-16 16:49:44,732 [main] INFO  grpc.GrpcFactory (GrpcFactory.java:checkPooledByteBufAllocatorUseCacheForAllThreads(45)) - PERFORMANCE WARNING: useCacheForAllThreads is true that may cause Netty to create a lot garbage objects and, as a result, trigger GC.
	It is recommended to disable useCacheForAllThreads by setting -Dorg.apache.ratis.thirdparty.io.netty.allocator.useCacheForAllThreads=false in command line.
2019-09-16 16:49:44,732 [main] INFO  grpc.GrpcConfigKeys$Server (ConfUtils.java:logGet(43)) - raft.grpc.server.port = 0 (default)
2019-09-16 16:49:44,733 [main] INFO  server.GrpcService (ConfUtils.java:logGet(43)) - raft.grpc.message.size.max = 33570816 (custom)
2019-09-16 16:49:44,733 [main] INFO  server.RaftServerConfigKeys (ConfUtils.java:logGet(43)) - raft.server.log.appender.buffer.byte-limit = 33554432 (custom)
2019-09-16 16:49:44,733 [main] INFO  server.GrpcService (ConfUtils.java:logGet(43)) - raft.grpc.flow.control.window = 1MB (=1048576) (default)
2019-09-16 16:49:44,733 [main] INFO  server.RaftServerConfigKeys (ConfUtils.java:logGet(43)) - raft.server.rpc.request.timeout = 3000ms (default)
2019-09-16 16:49:44,734 [main] INFO  server.RaftServerConfigKeys (ConfUtils.java:logGet(43)) - raft.server.storage.dir = [/workdir/hadoop-ozone/integration-test/target/test-dir/MiniOzoneClusterImpl-f8b2c6cb-9ce7-4af8-81ae-d81048953348/datanode-7/data/ratis] (custom)
2019-09-16 16:49:44,735 [main] INFO  hdfs.DFSUtil (DFSUtil.java:httpServerTemplateForNNAndJN(1641)) - Starting Web-server for hddsDatanode at: http://0.0.0.0:0
2019-09-16 16:49:44,736 [main] INFO  server.AuthenticationFilter (AuthenticationFilter.java:constructSecretProvider(240)) - Unable to initialize FileSignerSecretProvider, falling back to use random secrets.
2019-09-16 16:49:44,737 [main] WARN  http.HttpRequestLog (HttpRequestLog.java:getRequestLog(97)) - Jetty request log can only be enabled using Log4j
2019-09-16 16:49:44,738 [main] INFO  http.HttpServer2 (HttpServer2.java:addGlobalFilter(975)) - Added global filter 'safety' (class=org.apache.hadoop.http.HttpServer2$QuotingInputFilter)
2019-09-16 16:49:44,738 [main] INFO  http.HttpServer2 (HttpServer2.java:addFilter(948)) - Added filter static_user_filter (class=org.apache.hadoop.http.lib.StaticUserWebFilter$StaticUserFilter) to context hddsDatanode
2019-09-16 16:49:44,739 [main] INFO  http.HttpServer2 (HttpServer2.java:addFilter(958)) - Added filter static_user_filter (class=org.apache.hadoop.http.lib.StaticUserWebFilter$StaticUserFilter) to context logs
2019-09-16 16:49:44,739 [main] INFO  http.HttpServer2 (HttpServer2.java:addFilter(958)) - Added filter static_user_filter (class=org.apache.hadoop.http.lib.StaticUserWebFilter$StaticUserFilter) to context static
2019-09-16 16:49:44,739 [main] INFO  http.HttpServer2 (HttpServer2.java:bindListener(1191)) - Jetty bound to port 45703
2019-09-16 16:49:44,740 [main] INFO  server.Server (Server.java:doStart(351)) - jetty-9.3.24.v20180605, build timestamp: 2018-06-05T17:11:56Z, git hash: 84205aa28f11a4f31f2a3b86d1bba2cc8ab69827
2019-09-16 16:49:44,741 [main] INFO  handler.ContextHandler (ContextHandler.java:doStart(781)) - Started o.e.j.s.ServletContextHandler@b9a77c8{/logs,file:///workdir/hadoop-ozone/integration-test/target/log,AVAILABLE}
2019-09-16 16:49:44,742 [main] INFO  handler.ContextHandler (ContextHandler.java:doStart(781)) - Started o.e.j.s.ServletContextHandler@6cd3ad8a{/static,jar:file:/home/user/.m2/repository/org/apache/hadoop/hadoop-hdds-container-service/0.5.0-SNAPSHOT/hadoop-hdds-container-service-0.5.0-SNAPSHOT.jar!/webapps/static,AVAILABLE}
2019-09-16 16:49:44,766 [main] INFO  handler.ContextHandler (ContextHandler.java:doStart(781)) - Started o.e.j.w.WebAppContext@663bb8ef{/,file:///tmp/jetty-0.0.0.0-45703-hddsDatanode-_-any-3377398708565301011.dir/webapp/,AVAILABLE}{/hddsDatanode}
2019-09-16 16:49:44,767 [main] INFO  server.AbstractConnector (AbstractConnector.java:doStart(278)) - Started ServerConnector@2f4e40d7{HTTP/1.1,[http/1.1]}{0.0.0.0:45703}
2019-09-16 16:49:44,768 [main] INFO  server.Server (Server.java:doStart(419)) - Started @5226ms
2019-09-16 16:49:44,768 [main] WARN  impl.MetricsSystemImpl (MetricsSystemImpl.java:register(276)) - Sink prometheus already exists!
2019-09-16 16:49:44,769 [main] INFO  server.BaseHttpServer (BaseHttpServer.java:updateConnectorAddress(215)) - HTTP server of HDDSDATANODE is listening at http://0.0.0.0:45703
2019-09-16 16:49:44,769 [main] INFO  impl.MetricsSystemImpl (MetricsSystemImpl.java:init(158)) - HddsDatanode metrics system started (again)
2019-09-16 16:49:44,774 [org.apache.hadoop.util.JvmPauseMonitor$Monitor@3c0f7ee7] INFO  util.JvmPauseMonitor (JvmPauseMonitor.java:run(188)) - Starting JVM pause monitor
2019-09-16 16:49:44,774 [main] INFO  ozone.HddsDatanodeService (HddsDatanodeService.java:start(184)) - HddsDatanodeService host:pr-hdds-2111-ptm9r-3382166736 ip:192.168.34.47
2019-09-16 16:49:44,777 [Datanode State Machine Thread - 0] INFO  datanode.InitDatanodeState (InitDatanodeState.java:persistContainerDatanodeDetails(140)) - DatanodeDetails is persisted to /workdir/hadoop-ozone/integration-test/target/test-dir/MiniOzoneClusterImpl-f8b2c6cb-9ce7-4af8-81ae-d81048953348/datanode-7/meta/datanode.id
2019-09-16 16:49:44,783 [main] INFO  volume.HddsVolume (HddsVolume.java:<init>(176)) - Creating Volume: /workdir/hadoop-ozone/integration-test/target/test-dir/MiniOzoneClusterImpl-f8b2c6cb-9ce7-4af8-81ae-d81048953348/datanode-8/data/containers/hdds of  storage type : DISK and capacity : 1482555576320
2019-09-16 16:49:44,783 [main] INFO  volume.VolumeSet (VolumeSet.java:initializeVolumeSet(170)) - Added Volume : /workdir/hadoop-ozone/integration-test/target/test-dir/MiniOzoneClusterImpl-f8b2c6cb-9ce7-4af8-81ae-d81048953348/datanode-8/data/containers/hdds to VolumeSet
2019-09-16 16:49:44,784 [main] INFO  volume.ThrottledAsyncChecker (ThrottledAsyncChecker.java:schedule(139)) - Scheduling a check for org.apache.hadoop.ozone.container.common.volume.HddsVolume@44b29496
2019-09-16 16:49:44,784 [main] INFO  volume.HddsVolumeChecker (HddsVolumeChecker.java:checkAllVolumes(202)) - Scheduled health check for volume org.apache.hadoop.ozone.container.common.volume.HddsVolume@44b29496
2019-09-16 16:49:44,800 [main] INFO  impl.RaftServerProxy (ConfUtils.java:logGet(43)) - raft.rpc.type = GRPC (default)
2019-09-16 16:49:44,801 [main] INFO  grpc.GrpcFactory (GrpcFactory.java:checkPooledByteBufAllocatorUseCacheForAllThreads(45)) - PERFORMANCE WARNING: useCacheForAllThreads is true that may cause Netty to create a lot garbage objects and, as a result, trigger GC.
	It is recommended to disable useCacheForAllThreads by setting -Dorg.apache.ratis.thirdparty.io.netty.allocator.useCacheForAllThreads=false in command line.
2019-09-16 16:49:44,801 [main] INFO  grpc.GrpcConfigKeys$Server (ConfUtils.java:logGet(43)) - raft.grpc.server.port = 0 (default)
2019-09-16 16:49:44,801 [main] INFO  server.GrpcService (ConfUtils.java:logGet(43)) - raft.grpc.message.size.max = 33570816 (custom)
2019-09-16 16:49:44,801 [main] INFO  server.RaftServerConfigKeys (ConfUtils.java:logGet(43)) - raft.server.log.appender.buffer.byte-limit = 33554432 (custom)
2019-09-16 16:49:44,802 [main] INFO  server.GrpcService (ConfUtils.java:logGet(43)) - raft.grpc.flow.control.window = 1MB (=1048576) (default)
2019-09-16 16:49:44,802 [main] INFO  server.RaftServerConfigKeys (ConfUtils.java:logGet(43)) - raft.server.rpc.request.timeout = 3000ms (default)
2019-09-16 16:49:44,803 [main] INFO  server.RaftServerConfigKeys (ConfUtils.java:logGet(43)) - raft.server.storage.dir = [/workdir/hadoop-ozone/integration-test/target/test-dir/MiniOzoneClusterImpl-f8b2c6cb-9ce7-4af8-81ae-d81048953348/datanode-8/data/ratis] (custom)
2019-09-16 16:49:44,805 [main] INFO  hdfs.DFSUtil (DFSUtil.java:httpServerTemplateForNNAndJN(1641)) - Starting Web-server for hddsDatanode at: http://0.0.0.0:0
2019-09-16 16:49:44,806 [main] INFO  server.AuthenticationFilter (AuthenticationFilter.java:constructSecretProvider(240)) - Unable to initialize FileSignerSecretProvider, falling back to use random secrets.
2019-09-16 16:49:44,806 [main] WARN  http.HttpRequestLog (HttpRequestLog.java:getRequestLog(97)) - Jetty request log can only be enabled using Log4j
2019-09-16 16:49:44,808 [main] INFO  http.HttpServer2 (HttpServer2.java:addGlobalFilter(975)) - Added global filter 'safety' (class=org.apache.hadoop.http.HttpServer2$QuotingInputFilter)
2019-09-16 16:49:44,809 [main] INFO  http.HttpServer2 (HttpServer2.java:addFilter(948)) - Added filter static_user_filter (class=org.apache.hadoop.http.lib.StaticUserWebFilter$StaticUserFilter) to context hddsDatanode
2019-09-16 16:49:44,809 [main] INFO  http.HttpServer2 (HttpServer2.java:addFilter(958)) - Added filter static_user_filter (class=org.apache.hadoop.http.lib.StaticUserWebFilter$StaticUserFilter) to context static
2019-09-16 16:49:44,809 [main] INFO  http.HttpServer2 (HttpServer2.java:addFilter(958)) - Added filter static_user_filter (class=org.apache.hadoop.http.lib.StaticUserWebFilter$StaticUserFilter) to context logs
2019-09-16 16:49:44,810 [main] INFO  http.HttpServer2 (HttpServer2.java:bindListener(1191)) - Jetty bound to port 36881
2019-09-16 16:49:44,810 [main] INFO  server.Server (Server.java:doStart(351)) - jetty-9.3.24.v20180605, build timestamp: 2018-06-05T17:11:56Z, git hash: 84205aa28f11a4f31f2a3b86d1bba2cc8ab69827
2019-09-16 16:49:44,812 [main] INFO  handler.ContextHandler (ContextHandler.java:doStart(781)) - Started o.e.j.s.ServletContextHandler@176f7f3b{/logs,file:///workdir/hadoop-ozone/integration-test/target/log,AVAILABLE}
2019-09-16 16:49:44,813 [main] INFO  handler.ContextHandler (ContextHandler.java:doStart(781)) - Started o.e.j.s.ServletContextHandler@58740366{/static,jar:file:/home/user/.m2/repository/org/apache/hadoop/hadoop-hdds-container-service/0.5.0-SNAPSHOT/hadoop-hdds-container-service-0.5.0-SNAPSHOT.jar!/webapps/static,AVAILABLE}
2019-09-16 16:49:44,843 [main] INFO  handler.ContextHandler (ContextHandler.java:doStart(781)) - Started o.e.j.w.WebAppContext@4b0f2299{/,file:///tmp/jetty-0.0.0.0-36881-hddsDatanode-_-any-6097134315957003906.dir/webapp/,AVAILABLE}{/hddsDatanode}
2019-09-16 16:49:44,844 [main] INFO  server.AbstractConnector (AbstractConnector.java:doStart(278)) - Started ServerConnector@33063f5b{HTTP/1.1,[http/1.1]}{0.0.0.0:36881}
2019-09-16 16:49:44,845 [main] INFO  server.Server (Server.java:doStart(419)) - Started @5304ms
2019-09-16 16:49:44,845 [main] WARN  impl.MetricsSystemImpl (MetricsSystemImpl.java:register(276)) - Sink prometheus already exists!
2019-09-16 16:49:44,846 [main] INFO  server.BaseHttpServer (BaseHttpServer.java:updateConnectorAddress(215)) - HTTP server of HDDSDATANODE is listening at http://0.0.0.0:36881
2019-09-16 16:49:44,846 [main] INFO  impl.MetricsSystemImpl (MetricsSystemImpl.java:init(158)) - HddsDatanode metrics system started (again)
2019-09-16 16:49:44,851 [org.apache.hadoop.util.JvmPauseMonitor$Monitor@143bf2cc] INFO  util.JvmPauseMonitor (JvmPauseMonitor.java:run(188)) - Starting JVM pause monitor
2019-09-16 16:49:44,852 [main] INFO  ozone.HddsDatanodeService (HddsDatanodeService.java:start(184)) - HddsDatanodeService host:pr-hdds-2111-ptm9r-3382166736 ip:192.168.34.47
2019-09-16 16:49:44,854 [Datanode State Machine Thread - 0] INFO  datanode.InitDatanodeState (InitDatanodeState.java:persistContainerDatanodeDetails(140)) - DatanodeDetails is persisted to /workdir/hadoop-ozone/integration-test/target/test-dir/MiniOzoneClusterImpl-f8b2c6cb-9ce7-4af8-81ae-d81048953348/datanode-8/meta/datanode.id
2019-09-16 16:49:44,862 [main] INFO  volume.HddsVolume (HddsVolume.java:<init>(176)) - Creating Volume: /workdir/hadoop-ozone/integration-test/target/test-dir/MiniOzoneClusterImpl-f8b2c6cb-9ce7-4af8-81ae-d81048953348/datanode-9/data/containers/hdds of  storage type : DISK and capacity : 1482555576320
2019-09-16 16:49:44,863 [main] INFO  volume.VolumeSet (VolumeSet.java:initializeVolumeSet(170)) - Added Volume : /workdir/hadoop-ozone/integration-test/target/test-dir/MiniOzoneClusterImpl-f8b2c6cb-9ce7-4af8-81ae-d81048953348/datanode-9/data/containers/hdds to VolumeSet
2019-09-16 16:49:44,863 [main] INFO  volume.ThrottledAsyncChecker (ThrottledAsyncChecker.java:schedule(139)) - Scheduling a check for org.apache.hadoop.ozone.container.common.volume.HddsVolume@2975a9e
2019-09-16 16:49:44,864 [main] INFO  volume.HddsVolumeChecker (HddsVolumeChecker.java:checkAllVolumes(202)) - Scheduled health check for volume org.apache.hadoop.ozone.container.common.volume.HddsVolume@2975a9e
2019-09-16 16:49:44,879 [main] INFO  impl.RaftServerProxy (ConfUtils.java:logGet(43)) - raft.rpc.type = GRPC (default)
2019-09-16 16:49:44,880 [main] INFO  grpc.GrpcFactory (GrpcFactory.java:checkPooledByteBufAllocatorUseCacheForAllThreads(45)) - PERFORMANCE WARNING: useCacheForAllThreads is true that may cause Netty to create a lot garbage objects and, as a result, trigger GC.
	It is recommended to disable useCacheForAllThreads by setting -Dorg.apache.ratis.thirdparty.io.netty.allocator.useCacheForAllThreads=false in command line.
2019-09-16 16:49:44,880 [main] INFO  grpc.GrpcConfigKeys$Server (ConfUtils.java:logGet(43)) - raft.grpc.server.port = 0 (default)
2019-09-16 16:49:44,880 [main] INFO  server.GrpcService (ConfUtils.java:logGet(43)) - raft.grpc.message.size.max = 33570816 (custom)
2019-09-16 16:49:44,880 [main] INFO  server.RaftServerConfigKeys (ConfUtils.java:logGet(43)) - raft.server.log.appender.buffer.byte-limit = 33554432 (custom)
2019-09-16 16:49:44,881 [main] INFO  server.GrpcService (ConfUtils.java:logGet(43)) - raft.grpc.flow.control.window = 1MB (=1048576) (default)
2019-09-16 16:49:44,881 [main] INFO  server.RaftServerConfigKeys (ConfUtils.java:logGet(43)) - raft.server.rpc.request.timeout = 3000ms (default)
2019-09-16 16:49:44,882 [main] INFO  server.RaftServerConfigKeys (ConfUtils.java:logGet(43)) - raft.server.storage.dir = [/workdir/hadoop-ozone/integration-test/target/test-dir/MiniOzoneClusterImpl-f8b2c6cb-9ce7-4af8-81ae-d81048953348/datanode-9/data/ratis] (custom)
2019-09-16 16:49:44,883 [main] INFO  hdfs.DFSUtil (DFSUtil.java:httpServerTemplateForNNAndJN(1641)) - Starting Web-server for hddsDatanode at: http://0.0.0.0:0
2019-09-16 16:49:44,884 [main] INFO  server.AuthenticationFilter (AuthenticationFilter.java:constructSecretProvider(240)) - Unable to initialize FileSignerSecretProvider, falling back to use random secrets.
2019-09-16 16:49:44,884 [main] WARN  http.HttpRequestLog (HttpRequestLog.java:getRequestLog(97)) - Jetty request log can only be enabled using Log4j
2019-09-16 16:49:44,886 [main] INFO  http.HttpServer2 (HttpServer2.java:addGlobalFilter(975)) - Added global filter 'safety' (class=org.apache.hadoop.http.HttpServer2$QuotingInputFilter)
2019-09-16 16:49:44,886 [main] INFO  http.HttpServer2 (HttpServer2.java:addFilter(948)) - Added filter static_user_filter (class=org.apache.hadoop.http.lib.StaticUserWebFilter$StaticUserFilter) to context hddsDatanode
2019-09-16 16:49:44,886 [main] INFO  http.HttpServer2 (HttpServer2.java:addFilter(958)) - Added filter static_user_filter (class=org.apache.hadoop.http.lib.StaticUserWebFilter$StaticUserFilter) to context static
2019-09-16 16:49:44,886 [main] INFO  http.HttpServer2 (HttpServer2.java:addFilter(958)) - Added filter static_user_filter (class=org.apache.hadoop.http.lib.StaticUserWebFilter$StaticUserFilter) to context logs
2019-09-16 16:49:44,887 [main] INFO  http.HttpServer2 (HttpServer2.java:bindListener(1191)) - Jetty bound to port 41578
2019-09-16 16:49:44,887 [main] INFO  server.Server (Server.java:doStart(351)) - jetty-9.3.24.v20180605, build timestamp: 2018-06-05T17:11:56Z, git hash: 84205aa28f11a4f31f2a3b86d1bba2cc8ab69827
2019-09-16 16:49:44,889 [main] INFO  handler.ContextHandler (ContextHandler.java:doStart(781)) - Started o.e.j.s.ServletContextHandler@7b676112{/logs,file:///workdir/hadoop-ozone/integration-test/target/log,AVAILABLE}
2019-09-16 16:49:44,890 [main] INFO  handler.ContextHandler (ContextHandler.java:doStart(781)) - Started o.e.j.s.ServletContextHandler@4e49ce2b{/static,jar:file:/home/user/.m2/repository/org/apache/hadoop/hadoop-hdds-container-service/0.5.0-SNAPSHOT/hadoop-hdds-container-service-0.5.0-SNAPSHOT.jar!/webapps/static,AVAILABLE}
2019-09-16 16:49:44,927 [main] INFO  handler.ContextHandler (ContextHandler.java:doStart(781)) - Started o.e.j.w.WebAppContext@3c87fdf2{/,file:///tmp/jetty-0.0.0.0-41578-hddsDatanode-_-any-8620065166402641395.dir/webapp/,AVAILABLE}{/hddsDatanode}
2019-09-16 16:49:44,928 [main] INFO  server.AbstractConnector (AbstractConnector.java:doStart(278)) - Started ServerConnector@26bbe604{HTTP/1.1,[http/1.1]}{0.0.0.0:41578}
2019-09-16 16:49:44,929 [main] INFO  server.Server (Server.java:doStart(419)) - Started @5387ms
2019-09-16 16:49:44,929 [main] WARN  impl.MetricsSystemImpl (MetricsSystemImpl.java:register(276)) - Sink prometheus already exists!
2019-09-16 16:49:44,930 [main] INFO  server.BaseHttpServer (BaseHttpServer.java:updateConnectorAddress(215)) - HTTP server of HDDSDATANODE is listening at http://0.0.0.0:41578
2019-09-16 16:49:44,932 [main] INFO  ozone.MiniOzoneClusterImpl (MiniOzoneClusterImpl.java:lambda$waitForClusterToBeReady$0(140)) - Waiting for cluster to be ready. Got 0 of 10 DN Heartbeats.
2019-09-16 16:49:44,933 [org.apache.hadoop.util.JvmPauseMonitor$Monitor@5c0654f6] INFO  util.JvmPauseMonitor (JvmPauseMonitor.java:run(188)) - Starting JVM pause monitor
2019-09-16 16:49:44,936 [Datanode State Machine Thread - 0] INFO  datanode.InitDatanodeState (InitDatanodeState.java:persistContainerDatanodeDetails(140)) - DatanodeDetails is persisted to /workdir/hadoop-ozone/integration-test/target/test-dir/MiniOzoneClusterImpl-f8b2c6cb-9ce7-4af8-81ae-d81048953348/datanode-9/meta/datanode.id
2019-09-16 16:49:45,933 [main] INFO  ozone.MiniOzoneClusterImpl (MiniOzoneClusterImpl.java:lambda$waitForClusterToBeReady$0(140)) - Waiting for cluster to be ready. Got 0 of 10 DN Heartbeats.
2019-09-16 16:49:46,267 [Datanode State Machine Thread - 0] INFO  ozoneimpl.OzoneContainer (OzoneContainer.java:start(217)) - Attempting to start container services.
2019-09-16 16:49:46,270 [Datanode State Machine Thread - 0] INFO  ozoneimpl.OzoneContainer (OzoneContainer.java:startContainerScrub(179)) - Background container scanner has been disabled.
2019-09-16 16:49:46,270 [Datanode State Machine Thread - 0] INFO  ratis.XceiverServerRatis (XceiverServerRatis.java:start(404)) - Starting XceiverServerRatis d43b0c61-8f3a-4c5a-ae51-ff6150aafa7d at port 0
2019-09-16 16:49:46,292 [Datanode State Machine Thread - 0] INFO  ozoneimpl.OzoneContainer (OzoneContainer.java:start(217)) - Attempting to start container services.
2019-09-16 16:49:46,302 [Datanode State Machine Thread - 0] INFO  ozoneimpl.OzoneContainer (OzoneContainer.java:startContainerScrub(179)) - Background container scanner has been disabled.
2019-09-16 16:49:46,302 [Datanode State Machine Thread - 0] INFO  ratis.XceiverServerRatis (XceiverServerRatis.java:start(404)) - Starting XceiverServerRatis 18b96c5b-e26d-45b3-8a36-72f0b02f08ab at port 0
2019-09-16 16:49:46,319 [Datanode State Machine Thread - 0] INFO  impl.RaftServerProxy (RaftServerProxy.java:lambda$start$3(299)) - d43b0c61-8f3a-4c5a-ae51-ff6150aafa7d: start RPC server
2019-09-16 16:49:46,320 [Datanode State Machine Thread - 0] INFO  impl.RaftServerProxy (RaftServerProxy.java:lambda$start$3(299)) - 18b96c5b-e26d-45b3-8a36-72f0b02f08ab: start RPC server
2019-09-16 16:49:46,429 [Datanode State Machine Thread - 0] INFO  ozoneimpl.OzoneContainer (OzoneContainer.java:start(217)) - Attempting to start container services.
2019-09-16 16:49:46,434 [Datanode State Machine Thread - 0] INFO  ozoneimpl.OzoneContainer (OzoneContainer.java:startContainerScrub(179)) - Background container scanner has been disabled.
2019-09-16 16:49:46,435 [Datanode State Machine Thread - 0] INFO  ratis.XceiverServerRatis (XceiverServerRatis.java:start(404)) - Starting XceiverServerRatis fa2692cc-7d13-407b-8ba8-1b16aaf9a086 at port 0
2019-09-16 16:49:46,443 [Datanode State Machine Thread - 0] INFO  impl.RaftServerProxy (RaftServerProxy.java:lambda$start$3(299)) - fa2692cc-7d13-407b-8ba8-1b16aaf9a086: start RPC server
2019-09-16 16:49:46,506 [Datanode State Machine Thread - 0] INFO  ozoneimpl.OzoneContainer (OzoneContainer.java:start(217)) - Attempting to start container services.
2019-09-16 16:49:46,506 [Datanode State Machine Thread - 0] INFO  ozoneimpl.OzoneContainer (OzoneContainer.java:startContainerScrub(179)) - Background container scanner has been disabled.
2019-09-16 16:49:46,507 [Datanode State Machine Thread - 0] INFO  ratis.XceiverServerRatis (XceiverServerRatis.java:start(404)) - Starting XceiverServerRatis 7fc320a2-74a2-44cb-8d45-40912bba4ff2 at port 0
2019-09-16 16:49:46,520 [Datanode State Machine Thread - 0] INFO  server.GrpcService (GrpcService.java:startImpl(158)) - fa2692cc-7d13-407b-8ba8-1b16aaf9a086: GrpcService started, listening on 0.0.0.0/0.0.0.0:34866
2019-09-16 16:49:46,520 [Datanode State Machine Thread - 0] INFO  server.GrpcService (GrpcService.java:startImpl(158)) - d43b0c61-8f3a-4c5a-ae51-ff6150aafa7d: GrpcService started, listening on 0.0.0.0/0.0.0.0:43126
2019-09-16 16:49:46,522 [Datanode State Machine Thread - 0] INFO  ratis.XceiverServerRatis (XceiverServerRatis.java:start(414)) - XceiverServerRatis fa2692cc-7d13-407b-8ba8-1b16aaf9a086 is started using port 34866
2019-09-16 16:49:46,520 [Datanode State Machine Thread - 0] INFO  server.GrpcService (GrpcService.java:startImpl(158)) - 18b96c5b-e26d-45b3-8a36-72f0b02f08ab: GrpcService started, listening on 0.0.0.0/0.0.0.0:45604
2019-09-16 16:49:46,522 [Datanode State Machine Thread - 0] INFO  ratis.XceiverServerRatis (XceiverServerRatis.java:start(414)) - XceiverServerRatis d43b0c61-8f3a-4c5a-ae51-ff6150aafa7d is started using port 43126
2019-09-16 16:49:46,523 [Datanode State Machine Thread - 0] INFO  impl.RaftServerProxy (RaftServerProxy.java:lambda$start$3(299)) - 7fc320a2-74a2-44cb-8d45-40912bba4ff2: start RPC server
2019-09-16 16:49:46,523 [Datanode State Machine Thread - 0] INFO  ratis.XceiverServerRatis (XceiverServerRatis.java:start(414)) - XceiverServerRatis 18b96c5b-e26d-45b3-8a36-72f0b02f08ab is started using port 45604
2019-09-16 16:49:46,527 [Datanode State Machine Thread - 0] INFO  server.GrpcService (GrpcService.java:startImpl(158)) - 7fc320a2-74a2-44cb-8d45-40912bba4ff2: GrpcService started, listening on 0.0.0.0/0.0.0.0:36256
2019-09-16 16:49:46,530 [Datanode State Machine Thread - 0] INFO  ratis.XceiverServerRatis (XceiverServerRatis.java:start(414)) - XceiverServerRatis 7fc320a2-74a2-44cb-8d45-40912bba4ff2 is started using port 36256
2019-09-16 16:49:46,536 [Datanode State Machine Thread - 0] INFO  server.XceiverServerGrpc (XceiverServerGrpc.java:start(163)) - XceiverServerGrpc d43b0c61-8f3a-4c5a-ae51-ff6150aafa7d is started using port 38081
2019-09-16 16:49:46,536 [Datanode State Machine Thread - 0] INFO  server.XceiverServerGrpc (XceiverServerGrpc.java:start(163)) - XceiverServerGrpc 18b96c5b-e26d-45b3-8a36-72f0b02f08ab is started using port 41399
2019-09-16 16:49:46,536 [Datanode State Machine Thread - 0] INFO  server.XceiverServerGrpc (XceiverServerGrpc.java:start(163)) - XceiverServerGrpc fa2692cc-7d13-407b-8ba8-1b16aaf9a086 is started using port 44133
2019-09-16 16:49:46,538 [Datanode State Machine Thread - 0] INFO  server.XceiverServerGrpc (XceiverServerGrpc.java:start(163)) - XceiverServerGrpc 7fc320a2-74a2-44cb-8d45-40912bba4ff2 is started using port 40530
2019-09-16 16:49:46,576 [Datanode State Machine Thread - 0] INFO  ozoneimpl.OzoneContainer (OzoneContainer.java:start(217)) - Attempting to start container services.
2019-09-16 16:49:46,576 [Datanode State Machine Thread - 0] INFO  ozoneimpl.OzoneContainer (OzoneContainer.java:startContainerScrub(179)) - Background container scanner has been disabled.
2019-09-16 16:49:46,576 [Datanode State Machine Thread - 0] INFO  ratis.XceiverServerRatis (XceiverServerRatis.java:start(404)) - Starting XceiverServerRatis 790809fb-a9ad-47fd-bbe4-169138176431 at port 0
2019-09-16 16:49:46,583 [Datanode State Machine Thread - 0] INFO  impl.RaftServerProxy (RaftServerProxy.java:lambda$start$3(299)) - 790809fb-a9ad-47fd-bbe4-169138176431: start RPC server
2019-09-16 16:49:46,586 [Datanode State Machine Thread - 0] INFO  server.GrpcService (GrpcService.java:startImpl(158)) - 790809fb-a9ad-47fd-bbe4-169138176431: GrpcService started, listening on 0.0.0.0/0.0.0.0:36816
2019-09-16 16:49:46,587 [Datanode State Machine Thread - 0] INFO  ratis.XceiverServerRatis (XceiverServerRatis.java:start(414)) - XceiverServerRatis 790809fb-a9ad-47fd-bbe4-169138176431 is started using port 36816
2019-09-16 16:49:46,589 [Datanode State Machine Thread - 0] INFO  server.XceiverServerGrpc (XceiverServerGrpc.java:start(163)) - XceiverServerGrpc 790809fb-a9ad-47fd-bbe4-169138176431 is started using port 34582
2019-09-16 16:49:46,648 [Datanode State Machine Thread - 0] INFO  ozoneimpl.OzoneContainer (OzoneContainer.java:start(217)) - Attempting to start container services.
2019-09-16 16:49:46,648 [Datanode State Machine Thread - 0] INFO  ozoneimpl.OzoneContainer (OzoneContainer.java:startContainerScrub(179)) - Background container scanner has been disabled.
2019-09-16 16:49:46,648 [Datanode State Machine Thread - 0] INFO  ratis.XceiverServerRatis (XceiverServerRatis.java:start(404)) - Starting XceiverServerRatis 6d73d83e-4bf7-49f9-9c6b-f14bf24667e0 at port 0
2019-09-16 16:49:46,655 [Datanode State Machine Thread - 0] INFO  impl.RaftServerProxy (RaftServerProxy.java:lambda$start$3(299)) - 6d73d83e-4bf7-49f9-9c6b-f14bf24667e0: start RPC server
2019-09-16 16:49:46,659 [Datanode State Machine Thread - 0] INFO  server.GrpcService (GrpcService.java:startImpl(158)) - 6d73d83e-4bf7-49f9-9c6b-f14bf24667e0: GrpcService started, listening on 0.0.0.0/0.0.0.0:40303
2019-09-16 16:49:46,659 [Datanode State Machine Thread - 0] INFO  ratis.XceiverServerRatis (XceiverServerRatis.java:start(414)) - XceiverServerRatis 6d73d83e-4bf7-49f9-9c6b-f14bf24667e0 is started using port 40303
2019-09-16 16:49:46,661 [Datanode State Machine Thread - 0] INFO  server.XceiverServerGrpc (XceiverServerGrpc.java:start(163)) - XceiverServerGrpc 6d73d83e-4bf7-49f9-9c6b-f14bf24667e0 is started using port 45947
2019-09-16 16:49:46,722 [Datanode State Machine Thread - 0] INFO  ozoneimpl.OzoneContainer (OzoneContainer.java:start(217)) - Attempting to start container services.
2019-09-16 16:49:46,722 [Datanode State Machine Thread - 0] INFO  ozoneimpl.OzoneContainer (OzoneContainer.java:startContainerScrub(179)) - Background container scanner has been disabled.
2019-09-16 16:49:46,722 [Datanode State Machine Thread - 0] INFO  ratis.XceiverServerRatis (XceiverServerRatis.java:start(404)) - Starting XceiverServerRatis 1370fd8c-73fc-4f35-949b-7e5b6187350c at port 0
2019-09-16 16:49:46,728 [Datanode State Machine Thread - 0] INFO  impl.RaftServerProxy (RaftServerProxy.java:lambda$start$3(299)) - 1370fd8c-73fc-4f35-949b-7e5b6187350c: start RPC server
2019-09-16 16:49:46,733 [Datanode State Machine Thread - 0] INFO  server.GrpcService (GrpcService.java:startImpl(158)) - 1370fd8c-73fc-4f35-949b-7e5b6187350c: GrpcService started, listening on 0.0.0.0/0.0.0.0:34835
2019-09-16 16:49:46,733 [Datanode State Machine Thread - 0] INFO  ratis.XceiverServerRatis (XceiverServerRatis.java:start(414)) - XceiverServerRatis 1370fd8c-73fc-4f35-949b-7e5b6187350c is started using port 34835
2019-09-16 16:49:46,737 [Datanode State Machine Thread - 0] INFO  server.XceiverServerGrpc (XceiverServerGrpc.java:start(163)) - XceiverServerGrpc 1370fd8c-73fc-4f35-949b-7e5b6187350c is started using port 40566
2019-09-16 16:49:46,790 [Datanode State Machine Thread - 0] INFO  ozoneimpl.OzoneContainer (OzoneContainer.java:start(217)) - Attempting to start container services.
2019-09-16 16:49:46,790 [Datanode State Machine Thread - 0] INFO  ozoneimpl.OzoneContainer (OzoneContainer.java:startContainerScrub(179)) - Background container scanner has been disabled.
2019-09-16 16:49:46,790 [Datanode State Machine Thread - 0] INFO  ratis.XceiverServerRatis (XceiverServerRatis.java:start(404)) - Starting XceiverServerRatis c9a1bac0-eae5-4c8c-abbf-c37d9bceede4 at port 0
2019-09-16 16:49:46,795 [Datanode State Machine Thread - 0] INFO  impl.RaftServerProxy (RaftServerProxy.java:lambda$start$3(299)) - c9a1bac0-eae5-4c8c-abbf-c37d9bceede4: start RPC server
2019-09-16 16:49:46,800 [Datanode State Machine Thread - 0] INFO  server.GrpcService (GrpcService.java:startImpl(158)) - c9a1bac0-eae5-4c8c-abbf-c37d9bceede4: GrpcService started, listening on 0.0.0.0/0.0.0.0:39870
2019-09-16 16:49:46,800 [Datanode State Machine Thread - 0] INFO  ratis.XceiverServerRatis (XceiverServerRatis.java:start(414)) - XceiverServerRatis c9a1bac0-eae5-4c8c-abbf-c37d9bceede4 is started using port 39870
2019-09-16 16:49:46,804 [Datanode State Machine Thread - 0] INFO  server.XceiverServerGrpc (XceiverServerGrpc.java:start(163)) - XceiverServerGrpc c9a1bac0-eae5-4c8c-abbf-c37d9bceede4 is started using port 40756
2019-09-16 16:49:46,860 [Datanode State Machine Thread - 0] INFO  ozoneimpl.OzoneContainer (OzoneContainer.java:start(217)) - Attempting to start container services.
2019-09-16 16:49:46,860 [Datanode State Machine Thread - 0] INFO  ozoneimpl.OzoneContainer (OzoneContainer.java:startContainerScrub(179)) - Background container scanner has been disabled.
2019-09-16 16:49:46,860 [Datanode State Machine Thread - 0] INFO  ratis.XceiverServerRatis (XceiverServerRatis.java:start(404)) - Starting XceiverServerRatis 9061b39a-2428-46aa-ac83-e6ff060f5840 at port 0
2019-09-16 16:49:46,865 [Datanode State Machine Thread - 0] INFO  impl.RaftServerProxy (RaftServerProxy.java:lambda$start$3(299)) - 9061b39a-2428-46aa-ac83-e6ff060f5840: start RPC server
2019-09-16 16:49:46,870 [Datanode State Machine Thread - 0] INFO  server.GrpcService (GrpcService.java:startImpl(158)) - 9061b39a-2428-46aa-ac83-e6ff060f5840: GrpcService started, listening on 0.0.0.0/0.0.0.0:46365
2019-09-16 16:49:46,870 [Datanode State Machine Thread - 0] INFO  ratis.XceiverServerRatis (XceiverServerRatis.java:start(414)) - XceiverServerRatis 9061b39a-2428-46aa-ac83-e6ff060f5840 is started using port 46365
2019-09-16 16:49:46,882 [Datanode State Machine Thread - 0] INFO  server.XceiverServerGrpc (XceiverServerGrpc.java:start(163)) - XceiverServerGrpc 9061b39a-2428-46aa-ac83-e6ff060f5840 is started using port 40878
2019-09-16 16:49:46,935 [main] INFO  ozone.MiniOzoneClusterImpl (MiniOzoneClusterImpl.java:lambda$waitForClusterToBeReady$0(140)) - Waiting for cluster to be ready. Got 0 of 10 DN Heartbeats.
2019-09-16 16:49:46,944 [Datanode State Machine Thread - 0] INFO  ozoneimpl.OzoneContainer (OzoneContainer.java:start(217)) - Attempting to start container services.
2019-09-16 16:49:46,945 [Datanode State Machine Thread - 0] INFO  ozoneimpl.OzoneContainer (OzoneContainer.java:startContainerScrub(179)) - Background container scanner has been disabled.
2019-09-16 16:49:46,945 [Datanode State Machine Thread - 0] INFO  ratis.XceiverServerRatis (XceiverServerRatis.java:start(404)) - Starting XceiverServerRatis 95da17b0-4e07-4af0-be4f-5c62bf2a50a7 at port 0
2019-09-16 16:49:46,952 [Datanode State Machine Thread - 0] INFO  impl.RaftServerProxy (RaftServerProxy.java:lambda$start$3(299)) - 95da17b0-4e07-4af0-be4f-5c62bf2a50a7: start RPC server
2019-09-16 16:49:46,956 [Datanode State Machine Thread - 0] INFO  server.GrpcService (GrpcService.java:startImpl(158)) - 95da17b0-4e07-4af0-be4f-5c62bf2a50a7: GrpcService started, listening on 0.0.0.0/0.0.0.0:46480
2019-09-16 16:49:46,956 [Datanode State Machine Thread - 0] INFO  ratis.XceiverServerRatis (XceiverServerRatis.java:start(414)) - XceiverServerRatis 95da17b0-4e07-4af0-be4f-5c62bf2a50a7 is started using port 46480
2019-09-16 16:49:46,973 [Datanode State Machine Thread - 0] INFO  server.XceiverServerGrpc (XceiverServerGrpc.java:start(163)) - XceiverServerGrpc 95da17b0-4e07-4af0-be4f-5c62bf2a50a7 is started using port 45064
2019-09-16 16:49:47,936 [main] INFO  ozone.MiniOzoneClusterImpl (MiniOzoneClusterImpl.java:lambda$waitForClusterToBeReady$0(140)) - Waiting for cluster to be ready. Got 0 of 10 DN Heartbeats.
2019-09-16 16:49:48,251 [IPC Server handler 0 on 45838] INFO  net.NetworkTopology (NetworkTopologyImpl.java:add(110)) - Added a new node: /default-rack/d43b0c61-8f3a-4c5a-ae51-ff6150aafa7d
2019-09-16 16:49:48,253 [IPC Server handler 0 on 45838] INFO  node.SCMNodeManager (SCMNodeManager.java:register(266)) - Registered Data node : d43b0c61-8f3a-4c5a-ae51-ff6150aafa7d{ip: 192.168.34.47, host: pr-hdds-2111-ptm9r-3382166736, networkLocation: /default-rack, certSerialId: null}
2019-09-16 16:49:48,257 [EventQueue-NodeRegistrationContainerReportForDataNodeSafeModeRule] INFO  safemode.SCMSafeModeManager (DataNodeSafeModeRule.java:process(71)) - SCM in safe mode. 1 DataNodes registered, 1 required.
2019-09-16 16:49:48,257 [EventQueue-NodeRegistrationContainerReportForDataNodeSafeModeRule] INFO  safemode.SCMSafeModeManager (SCMSafeModeManager.java:validateSafeModeExitRules(177)) - ScmSafeModeManager, all rules are successfully validated
2019-09-16 16:49:48,258 [EventQueue-NodeRegistrationContainerReportForDataNodeSafeModeRule] INFO  safemode.SCMSafeModeManager (SCMSafeModeManager.java:exitSafeMode(193)) - SCM exiting safe mode.
2019-09-16 16:49:48,288 [IPC Server handler 1 on 45838] INFO  net.NetworkTopology (NetworkTopologyImpl.java:add(110)) - Added a new node: /default-rack/18b96c5b-e26d-45b3-8a36-72f0b02f08ab
2019-09-16 16:49:48,288 [IPC Server handler 1 on 45838] INFO  node.SCMNodeManager (SCMNodeManager.java:register(266)) - Registered Data node : 18b96c5b-e26d-45b3-8a36-72f0b02f08ab{ip: 192.168.34.47, host: pr-hdds-2111-ptm9r-3382166736, networkLocation: /default-rack, certSerialId: null}
2019-09-16 16:49:48,404 [IPC Server handler 2 on 45838] INFO  net.NetworkTopology (NetworkTopologyImpl.java:add(110)) - Added a new node: /default-rack/fa2692cc-7d13-407b-8ba8-1b16aaf9a086
2019-09-16 16:49:48,404 [IPC Server handler 2 on 45838] INFO  node.SCMNodeManager (SCMNodeManager.java:register(266)) - Registered Data node : fa2692cc-7d13-407b-8ba8-1b16aaf9a086{ip: 192.168.34.47, host: pr-hdds-2111-ptm9r-3382166736, networkLocation: /default-rack, certSerialId: null}
2019-09-16 16:49:48,487 [IPC Server handler 3 on 45838] INFO  net.NetworkTopology (NetworkTopologyImpl.java:add(110)) - Added a new node: /default-rack/7fc320a2-74a2-44cb-8d45-40912bba4ff2
2019-09-16 16:49:48,487 [IPC Server handler 3 on 45838] INFO  node.SCMNodeManager (SCMNodeManager.java:register(266)) - Registered Data node : 7fc320a2-74a2-44cb-8d45-40912bba4ff2{ip: 192.168.34.47, host: pr-hdds-2111-ptm9r-3382166736, networkLocation: /default-rack, certSerialId: null}
2019-09-16 16:49:48,564 [IPC Server handler 5 on 45838] INFO  net.NetworkTopology (NetworkTopologyImpl.java:add(110)) - Added a new node: /default-rack/790809fb-a9ad-47fd-bbe4-169138176431
2019-09-16 16:49:48,564 [IPC Server handler 5 on 45838] INFO  node.SCMNodeManager (SCMNodeManager.java:register(266)) - Registered Data node : 790809fb-a9ad-47fd-bbe4-169138176431{ip: 192.168.34.47, host: pr-hdds-2111-ptm9r-3382166736, networkLocation: /default-rack, certSerialId: null}
2019-09-16 16:49:48,650 [IPC Server handler 6 on 45838] INFO  net.NetworkTopology (NetworkTopologyImpl.java:add(110)) - Added a new node: /default-rack/6d73d83e-4bf7-49f9-9c6b-f14bf24667e0
2019-09-16 16:49:48,650 [IPC Server handler 6 on 45838] INFO  node.SCMNodeManager (SCMNodeManager.java:register(266)) - Registered Data node : 6d73d83e-4bf7-49f9-9c6b-f14bf24667e0{ip: 192.168.34.47, host: pr-hdds-2111-ptm9r-3382166736, networkLocation: /default-rack, certSerialId: null}
2019-09-16 16:49:48,713 [IPC Server handler 7 on 45838] INFO  net.NetworkTopology (NetworkTopologyImpl.java:add(110)) - Added a new node: /default-rack/1370fd8c-73fc-4f35-949b-7e5b6187350c
2019-09-16 16:49:48,713 [IPC Server handler 7 on 45838] INFO  node.SCMNodeManager (SCMNodeManager.java:register(266)) - Registered Data node : 1370fd8c-73fc-4f35-949b-7e5b6187350c{ip: 192.168.34.47, host: pr-hdds-2111-ptm9r-3382166736, networkLocation: /default-rack, certSerialId: null}
2019-09-16 16:49:48,778 [IPC Server handler 8 on 45838] INFO  net.NetworkTopology (NetworkTopologyImpl.java:add(110)) - Added a new node: /default-rack/c9a1bac0-eae5-4c8c-abbf-c37d9bceede4
2019-09-16 16:49:48,778 [IPC Server handler 8 on 45838] INFO  node.SCMNodeManager (SCMNodeManager.java:register(266)) - Registered Data node : c9a1bac0-eae5-4c8c-abbf-c37d9bceede4{ip: 192.168.34.47, host: pr-hdds-2111-ptm9r-3382166736, networkLocation: /default-rack, certSerialId: null}
2019-09-16 16:49:48,786 [grpc-default-executor-0] INFO  impl.RaftServerProxy (RaftServerProxy.java:addNew(89)) - d43b0c61-8f3a-4c5a-ae51-ff6150aafa7d: addNew group-CB6E27F550FA:[d43b0c61-8f3a-4c5a-ae51-ff6150aafa7d:192.168.34.47:43126] returns group-CB6E27F550FA:java.util.concurrent.CompletableFuture@bd62b8b[Not completed]
2019-09-16 16:49:48,812 [pool-27-thread-1] INFO  impl.RaftServerImpl (RaftServerImpl.java:<init>(95)) - d43b0c61-8f3a-4c5a-ae51-ff6150aafa7d: new RaftServerImpl for group-CB6E27F550FA:[d43b0c61-8f3a-4c5a-ae51-ff6150aafa7d:192.168.34.47:43126] with ContainerStateMachine:uninitialized
2019-09-16 16:49:48,814 [pool-27-thread-1] INFO  server.RaftServerConfigKeys (ConfUtils.java:logGet(43)) - raft.server.rpc.timeout.min = 1s (custom)
2019-09-16 16:49:48,817 [pool-27-thread-1] INFO  server.RaftServerConfigKeys (ConfUtils.java:logGet(43)) - raft.server.rpc.timeout.max = 1200ms (custom)
2019-09-16 16:49:48,817 [pool-27-thread-1] INFO  server.RaftServerConfigKeys (ConfUtils.java:logGet(43)) - raft.server.rpcslowness.timeout = 120s (custom)
2019-09-16 16:49:48,818 [pool-27-thread-1] INFO  server.RaftServerConfigKeys (ConfUtils.java:logGet(43)) - raft.server.sleep.deviation.threshold = 300 (default)
2019-09-16 16:49:48,819 [pool-27-thread-1] INFO  server.RaftServerConfigKeys (ConfUtils.java:logGet(43)) - raft.server.log.appender.install.snapshot.enabled = false (custom)
2019-09-16 16:49:48,829 [pool-27-thread-1] INFO  impl.RaftServerImpl (ServerState.java:<init>(103)) - d43b0c61-8f3a-4c5a-ae51-ff6150aafa7d@group-CB6E27F550FA: ConfigurationManager, init=-1: [d43b0c61-8f3a-4c5a-ae51-ff6150aafa7d:192.168.34.47:43126], old=null, confs=<EMPTY_MAP>
2019-09-16 16:49:48,829 [pool-27-thread-1] INFO  server.RaftServerConfigKeys (ConfUtils.java:logGet(43)) - raft.server.storage.dir = [/workdir/hadoop-ozone/integration-test/target/test-dir/MiniOzoneClusterImpl-f8b2c6cb-9ce7-4af8-81ae-d81048953348/datanode-0/data/ratis] (custom)
2019-09-16 16:49:48,838 [pool-27-thread-1] INFO  storage.RaftStorageDirectory (RaftStorageDirectory.java:analyzeStorage(246)) - The storage directory /workdir/hadoop-ozone/integration-test/target/test-dir/MiniOzoneClusterImpl-f8b2c6cb-9ce7-4af8-81ae-d81048953348/datanode-0/data/ratis/155b09af-97de-4bf0-817c-cb6e27f550fa does not exist. Creating ...
2019-09-16 16:49:48,854 [IPC Server handler 9 on 45838] INFO  net.NetworkTopology (NetworkTopologyImpl.java:add(110)) - Added a new node: /default-rack/9061b39a-2428-46aa-ac83-e6ff060f5840
2019-09-16 16:49:48,854 [IPC Server handler 9 on 45838] INFO  node.SCMNodeManager (SCMNodeManager.java:register(266)) - Registered Data node : 9061b39a-2428-46aa-ac83-e6ff060f5840{ip: 192.168.34.47, host: pr-hdds-2111-ptm9r-3382166736, networkLocation: /default-rack, certSerialId: null}
2019-09-16 16:49:48,855 [pool-27-thread-1] INFO  storage.RaftStorageDirectory (RaftStorageDirectory.java:tryLock(328)) - Lock on /workdir/hadoop-ozone/integration-test/target/test-dir/MiniOzoneClusterImpl-f8b2c6cb-9ce7-4af8-81ae-d81048953348/datanode-0/data/ratis/155b09af-97de-4bf0-817c-cb6e27f550fa/in_use.lock acquired by nodename 8658@pr-hdds-2111-ptm9r-3382166736
2019-09-16 16:49:48,871 [pool-27-thread-1] INFO  storage.RaftStorage (RaftStorage.java:format(72)) - Storage directory /workdir/hadoop-ozone/integration-test/target/test-dir/MiniOzoneClusterImpl-f8b2c6cb-9ce7-4af8-81ae-d81048953348/datanode-0/data/ratis/155b09af-97de-4bf0-817c-cb6e27f550fa has been successfully formatted.
2019-09-16 16:49:48,874 [pool-27-thread-1] INFO  ratis.ContainerStateMachine (ContainerStateMachine.java:loadSnapshot(230)) - group-CB6E27F550FA: The snapshot info is null. Setting the last applied indexto:(t:0, i:~)
2019-09-16 16:49:48,875 [pool-27-thread-1] INFO  server.RaftServerConfigKeys (ConfUtils.java:logGet(43)) - raft.server.notification.no-leader.timeout = 120s (custom)
2019-09-16 16:49:48,878 [pool-27-thread-1] INFO  server.RaftServerConfigKeys (ConfUtils.java:logGet(43)) - raft.server.log.use.memory = false (default)
2019-09-16 16:49:48,886 [pool-27-thread-1] INFO  server.RaftServerConfigKeys (ConfUtils.java:logGet(43)) - raft.server.log.purge.gap = 1000000 (custom)
2019-09-16 16:49:48,887 [pool-27-thread-1] INFO  server.RaftServerConfigKeys (ConfUtils.java:logGet(43)) - raft.server.log.appender.buffer.byte-limit = 33554432 (custom)
2019-09-16 16:49:48,890 [pool-27-thread-1] INFO  server.RaftServerConfigKeys (ConfUtils.java:logGet(43)) - raft.server.log.segment.size.max = 1048576 (custom)
2019-09-16 16:49:48,896 [pool-27-thread-1] INFO  server.RaftServerConfigKeys (ConfUtils.java:logGet(43)) - raft.server.log.segment.cache.num.max = 2 (custom)
2019-09-16 16:49:48,904 [pool-27-thread-1] INFO  segmented.SegmentedRaftLogWorker (SegmentedRaftLogWorker.java:<init>(172)) - new d43b0c61-8f3a-4c5a-ae51-ff6150aafa7d@group-CB6E27F550FA-SegmentedRaftLogWorker for RaftStorage:Storage Directory /workdir/hadoop-ozone/integration-test/target/test-dir/MiniOzoneClusterImpl-f8b2c6cb-9ce7-4af8-81ae-d81048953348/datanode-0/data/ratis/155b09af-97de-4bf0-817c-cb6e27f550fa
2019-09-16 16:49:48,905 [pool-27-thread-1] INFO  impl.MetricsSystemImpl (MetricsSystemImpl.java:init(158)) - ratis metrics system started (again)
2019-09-16 16:49:48,944 [main] INFO  ozone.MiniOzoneClusterImpl (MiniOzoneClusterImpl.java:lambda$waitForClusterToBeReady$0(140)) - Waiting for cluster to be ready. Got 9 of 10 DN Heartbeats.
2019-09-16 16:49:48,954 [IPC Server handler 10 on 45838] INFO  net.NetworkTopology (NetworkTopologyImpl.java:add(110)) - Added a new node: /default-rack/95da17b0-4e07-4af0-be4f-5c62bf2a50a7
2019-09-16 16:49:48,954 [IPC Server handler 10 on 45838] INFO  node.SCMNodeManager (SCMNodeManager.java:register(266)) - Registered Data node : 95da17b0-4e07-4af0-be4f-5c62bf2a50a7{ip: 192.168.34.47, host: pr-hdds-2111-ptm9r-3382166736, networkLocation: /default-rack, certSerialId: null}
2019-09-16 16:49:48,967 [pool-27-thread-1] INFO  server.RaftServerConfigKeys (ConfUtils.java:logGet(43)) - raft.server.log.queue.byte-limit = 2147483647 (custom)
2019-09-16 16:49:48,968 [pool-27-thread-1] INFO  server.RaftServerConfigKeys (ConfUtils.java:logGet(43)) - raft.server.log.queue.element-limit = 1024 (custom)
2019-09-16 16:49:48,972 [pool-27-thread-1] INFO  server.RaftServerConfigKeys (ConfUtils.java:logGet(43)) - raft.server.log.segment.size.max = 1048576 (custom)
2019-09-16 16:49:48,972 [pool-27-thread-1] INFO  server.RaftServerConfigKeys (ConfUtils.java:logGet(43)) - raft.server.log.preallocated.size = 16384 (custom)
2019-09-16 16:49:48,973 [pool-27-thread-1] INFO  server.RaftServerConfigKeys (ConfUtils.java:logGet(43)) - raft.server.log.write.buffer.size = 33554432 (custom)
2019-09-16 16:49:48,973 [pool-27-thread-1] INFO  server.RaftServerConfigKeys (ConfUtils.java:logGet(43)) - raft.server.log.force.sync.num = 128 (default)
2019-09-16 16:49:48,974 [pool-27-thread-1] INFO  server.RaftServerConfigKeys (ConfUtils.java:logGet(43)) - raft.server.log.statemachine.data.sync = true (default)
2019-09-16 16:49:48,974 [pool-27-thread-1] INFO  server.RaftServerConfigKeys (ConfUtils.java:logGet(43)) - raft.server.log.statemachine.data.sync.timeout = 10s (default)
2019-09-16 16:49:48,975 [pool-27-thread-1] INFO  server.RaftServerConfigKeys (ConfUtils.java:logGet(43)) - raft.server.log.statemachine.data.sync.timeout.retry = -1 (default)
2019-09-16 16:49:48,984 [pool-27-thread-1] INFO  server.RaftServerConfigKeys (ConfUtils.java:logGet(43)) - raft.server.log.statemachine.data.caching.enabled = true (custom)
2019-09-16 16:49:48,988 [pool-27-thread-1] INFO  segmented.SegmentedRaftLogWorker (SegmentedRaftLogWorker.java:lambda$new$0(132)) - d43b0c61-8f3a-4c5a-ae51-ff6150aafa7d@group-CB6E27F550FA-SegmentedRaftLogWorker: flushIndex: setUnconditionally 0 -> -1
2019-09-16 16:49:48,993 [pool-27-thread-1] INFO  server.RaftServerConfigKeys (ConfUtils.java:logGet(43)) - raft.server.snapshot.auto.trigger.enabled = true (custom)
2019-09-16 16:49:48,994 [pool-27-thread-1] INFO  server.RaftServerConfigKeys (ConfUtils.java:logGet(43)) - raft.server.snapshot.auto.trigger.threshold = 10000 (custom)
2019-09-16 16:49:48,994 [pool-27-thread-1] INFO  server.RaftServerConfigKeys (ConfUtils.java:logGet(43)) - raft.server.snapshot.retention.num.files = -1 (default)
2019-09-16 16:49:48,995 [pool-27-thread-1] INFO  server.RaftServerConfigKeys (ConfUtils.java:logGet(43)) - raft.server.retrycache.expirytime = 600000ms (custom)
2019-09-16 16:49:49,030 [pool-27-thread-1] INFO  impl.RaftServerImpl (RaftServerImpl.java:start(185)) - d43b0c61-8f3a-4c5a-ae51-ff6150aafa7d@group-CB6E27F550FA: start as a follower, conf=-1: [d43b0c61-8f3a-4c5a-ae51-ff6150aafa7d:192.168.34.47:43126], old=null
2019-09-16 16:49:49,032 [pool-27-thread-1] INFO  impl.RaftServerImpl (RaftServerImpl.java:setRole(174)) - d43b0c61-8f3a-4c5a-ae51-ff6150aafa7d@group-CB6E27F550FA: changes role from      null to FOLLOWER at term 0 for startAsFollower
2019-09-16 16:49:49,033 [pool-27-thread-1] INFO  impl.RoleInfo (RoleInfo.java:updateAndGet(143)) - d43b0c61-8f3a-4c5a-ae51-ff6150aafa7d: start FollowerState
2019-09-16 16:49:49,035 [pool-27-thread-1] INFO  util.JmxRegister (JmxRegister.java:tryRegister(44)) - Successfully registered JMX Bean with object name Ratis:service=RaftServer,group=group-CB6E27F550FA,id=d43b0c61-8f3a-4c5a-ae51-ff6150aafa7d
2019-09-16 16:49:49,095 [RatisPipelineUtilsThread] INFO  pipeline.PipelineStateManager (PipelineStateManager.java:addPipeline(56)) - Created pipeline Pipeline[ Id: 155b09af-97de-4bf0-817c-cb6e27f550fa, Nodes: d43b0c61-8f3a-4c5a-ae51-ff6150aafa7d{ip: 192.168.34.47, host: pr-hdds-2111-ptm9r-3382166736, networkLocation: /default-rack, certSerialId: null}, Type:RATIS, Factor:ONE, State:OPEN]
2019-09-16 16:49:49,129 [grpc-default-executor-0] INFO  impl.RaftServerProxy (RaftServerProxy.java:addNew(89)) - 790809fb-a9ad-47fd-bbe4-169138176431: addNew group-6D892B71EB5F:[790809fb-a9ad-47fd-bbe4-169138176431:192.168.34.47:36816] returns group-6D892B71EB5F:java.util.concurrent.CompletableFuture@7689383[Not completed]
2019-09-16 16:49:49,189 [pool-67-thread-1] INFO  impl.RaftServerImpl (RaftServerImpl.java:<init>(95)) - 790809fb-a9ad-47fd-bbe4-169138176431: new RaftServerImpl for group-6D892B71EB5F:[790809fb-a9ad-47fd-bbe4-169138176431:192.168.34.47:36816] with ContainerStateMachine:uninitialized
2019-09-16 16:49:49,191 [pool-67-thread-1] INFO  server.RaftServerConfigKeys (ConfUtils.java:logGet(43)) - raft.server.rpc.timeout.min = 1s (custom)
2019-09-16 16:49:49,191 [pool-67-thread-1] INFO  server.RaftServerConfigKeys (ConfUtils.java:logGet(43)) - raft.server.rpc.timeout.max = 1200ms (custom)
2019-09-16 16:49:49,191 [pool-67-thread-1] INFO  server.RaftServerConfigKeys (ConfUtils.java:logGet(43)) - raft.server.rpcslowness.timeout = 120s (custom)
2019-09-16 16:49:49,191 [pool-67-thread-1] INFO  server.RaftServerConfigKeys (ConfUtils.java:logGet(43)) - raft.server.sleep.deviation.threshold = 300 (default)
2019-09-16 16:49:49,191 [pool-67-thread-1] INFO  server.RaftServerConfigKeys (ConfUtils.java:logGet(43)) - raft.server.log.appender.install.snapshot.enabled = false (custom)
2019-09-16 16:49:49,192 [pool-67-thread-1] INFO  impl.RaftServerImpl (ServerState.java:<init>(103)) - 790809fb-a9ad-47fd-bbe4-169138176431@group-6D892B71EB5F: ConfigurationManager, init=-1: [790809fb-a9ad-47fd-bbe4-169138176431:192.168.34.47:36816], old=null, confs=<EMPTY_MAP>
2019-09-16 16:49:49,192 [pool-67-thread-1] INFO  server.RaftServerConfigKeys (ConfUtils.java:logGet(43)) - raft.server.storage.dir = [/workdir/hadoop-ozone/integration-test/target/test-dir/MiniOzoneClusterImpl-f8b2c6cb-9ce7-4af8-81ae-d81048953348/datanode-4/data/ratis] (custom)
2019-09-16 16:49:49,192 [pool-67-thread-1] INFO  storage.RaftStorageDirectory (RaftStorageDirectory.java:analyzeStorage(246)) - The storage directory /workdir/hadoop-ozone/integration-test/target/test-dir/MiniOzoneClusterImpl-f8b2c6cb-9ce7-4af8-81ae-d81048953348/datanode-4/data/ratis/120eed1f-0446-4416-81ae-6d892b71eb5f does not exist. Creating ...
2019-09-16 16:49:49,208 [pool-67-thread-1] INFO  storage.RaftStorageDirectory (RaftStorageDirectory.java:tryLock(328)) - Lock on /workdir/hadoop-ozone/integration-test/target/test-dir/MiniOzoneClusterImpl-f8b2c6cb-9ce7-4af8-81ae-d81048953348/datanode-4/data/ratis/120eed1f-0446-4416-81ae-6d892b71eb5f/in_use.lock acquired by nodename 8658@pr-hdds-2111-ptm9r-3382166736
2019-09-16 16:49:49,222 [pool-67-thread-1] INFO  storage.RaftStorage (RaftStorage.java:format(72)) - Storage directory /workdir/hadoop-ozone/integration-test/target/test-dir/MiniOzoneClusterImpl-f8b2c6cb-9ce7-4af8-81ae-d81048953348/datanode-4/data/ratis/120eed1f-0446-4416-81ae-6d892b71eb5f has been successfully formatted.
2019-09-16 16:49:49,224 [pool-67-thread-1] INFO  ratis.ContainerStateMachine (ContainerStateMachine.java:loadSnapshot(230)) - group-6D892B71EB5F: The snapshot info is null. Setting the last applied indexto:(t:0, i:~)
2019-09-16 16:49:49,226 [pool-67-thread-1] INFO  server.RaftServerConfigKeys (ConfUtils.java:logGet(43)) - raft.server.notification.no-leader.timeout = 120s (custom)
2019-09-16 16:49:49,226 [pool-67-thread-1] INFO  server.RaftServerConfigKeys (ConfUtils.java:logGet(43)) - raft.server.log.use.memory = false (default)
2019-09-16 16:49:49,226 [pool-67-thread-1] INFO  server.RaftServerConfigKeys (ConfUtils.java:logGet(43)) - raft.server.log.purge.gap = 1000000 (custom)
2019-09-16 16:49:49,226 [pool-67-thread-1] INFO  server.RaftServerConfigKeys (ConfUtils.java:logGet(43)) - raft.server.log.appender.buffer.byte-limit = 33554432 (custom)
2019-09-16 16:49:49,226 [pool-67-thread-1] INFO  server.RaftServerConfigKeys (ConfUtils.java:logGet(43)) - raft.server.log.segment.size.max = 1048576 (custom)
2019-09-16 16:49:49,227 [pool-67-thread-1] INFO  server.RaftServerConfigKeys (ConfUtils.java:logGet(43)) - raft.server.log.segment.cache.num.max = 2 (custom)
2019-09-16 16:49:49,227 [pool-67-thread-1] INFO  segmented.SegmentedRaftLogWorker (SegmentedRaftLogWorker.java:<init>(172)) - new 790809fb-a9ad-47fd-bbe4-169138176431@group-6D892B71EB5F-SegmentedRaftLogWorker for RaftStorage:Storage Directory /workdir/hadoop-ozone/integration-test/target/test-dir/MiniOzoneClusterImpl-f8b2c6cb-9ce7-4af8-81ae-d81048953348/datanode-4/data/ratis/120eed1f-0446-4416-81ae-6d892b71eb5f
2019-09-16 16:49:49,235 [pool-67-thread-1] INFO  server.RaftServerConfigKeys (ConfUtils.java:logGet(43)) - raft.server.log.queue.byte-limit = 2147483647 (custom)
2019-09-16 16:49:49,235 [pool-67-thread-1] INFO  server.RaftServerConfigKeys (ConfUtils.java:logGet(43)) - raft.server.log.queue.element-limit = 1024 (custom)
2019-09-16 16:49:49,236 [pool-67-thread-1] INFO  server.RaftServerConfigKeys (ConfUtils.java:logGet(43)) - raft.server.log.segment.size.max = 1048576 (custom)
2019-09-16 16:49:49,236 [pool-67-thread-1] INFO  server.RaftServerConfigKeys (ConfUtils.java:logGet(43)) - raft.server.log.preallocated.size = 16384 (custom)
2019-09-16 16:49:49,236 [pool-67-thread-1] INFO  server.RaftServerConfigKeys (ConfUtils.java:logGet(43)) - raft.server.log.write.buffer.size = 33554432 (custom)
2019-09-16 16:49:49,236 [pool-67-thread-1] INFO  server.RaftServerConfigKeys (ConfUtils.java:logGet(43)) - raft.server.log.force.sync.num = 128 (default)
2019-09-16 16:49:49,236 [pool-67-thread-1] INFO  server.RaftServerConfigKeys (ConfUtils.java:logGet(43)) - raft.server.log.statemachine.data.sync = true (default)
2019-09-16 16:49:49,237 [pool-67-thread-1] INFO  server.RaftServerConfigKeys (ConfUtils.java:logGet(43)) - raft.server.log.statemachine.data.sync.timeout = 10s (default)
2019-09-16 16:49:49,237 [pool-67-thread-1] INFO  server.RaftServerConfigKeys (ConfUtils.java:logGet(43)) - raft.server.log.statemachine.data.sync.timeout.retry = -1 (default)
2019-09-16 16:49:49,237 [pool-67-thread-1] INFO  server.RaftServerConfigKeys (ConfUtils.java:logGet(43)) - raft.server.log.statemachine.data.caching.enabled = true (custom)
2019-09-16 16:49:49,238 [pool-67-thread-1] INFO  segmented.SegmentedRaftLogWorker (SegmentedRaftLogWorker.java:lambda$new$0(132)) - 790809fb-a9ad-47fd-bbe4-169138176431@group-6D892B71EB5F-SegmentedRaftLogWorker: flushIndex: setUnconditionally 0 -> -1
2019-09-16 16:49:49,238 [pool-67-thread-1] INFO  server.RaftServerConfigKeys (ConfUtils.java:logGet(43)) - raft.server.snapshot.auto.trigger.enabled = true (custom)
2019-09-16 16:49:49,238 [pool-67-thread-1] INFO  server.RaftServerConfigKeys (ConfUtils.java:logGet(43)) - raft.server.snapshot.auto.trigger.threshold = 10000 (custom)
2019-09-16 16:49:49,238 [pool-67-thread-1] INFO  server.RaftServerConfigKeys (ConfUtils.java:logGet(43)) - raft.server.snapshot.retention.num.files = -1 (default)
2019-09-16 16:49:49,239 [pool-67-thread-1] INFO  server.RaftServerConfigKeys (ConfUtils.java:logGet(43)) - raft.server.retrycache.expirytime = 600000ms (custom)
2019-09-16 16:49:49,245 [pool-67-thread-1] INFO  impl.RaftServerImpl (RaftServerImpl.java:start(185)) - 790809fb-a9ad-47fd-bbe4-169138176431@group-6D892B71EB5F: start as a follower, conf=-1: [790809fb-a9ad-47fd-bbe4-169138176431:192.168.34.47:36816], old=null
2019-09-16 16:49:49,245 [pool-67-thread-1] INFO  impl.RaftServerImpl (RaftServerImpl.java:setRole(174)) - 790809fb-a9ad-47fd-bbe4-169138176431@group-6D892B71EB5F: changes role from      null to FOLLOWER at term 0 for startAsFollower
2019-09-16 16:49:49,245 [pool-67-thread-1] INFO  impl.RoleInfo (RoleInfo.java:updateAndGet(143)) - 790809fb-a9ad-47fd-bbe4-169138176431: start FollowerState
2019-09-16 16:49:49,248 [pool-67-thread-1] INFO  util.JmxRegister (JmxRegister.java:tryRegister(44)) - Successfully registered JMX Bean with object name Ratis:service=RaftServer,group=group-6D892B71EB5F,id=790809fb-a9ad-47fd-bbe4-169138176431
2019-09-16 16:49:49,264 [RatisPipelineUtilsThread] INFO  pipeline.PipelineStateManager (PipelineStateManager.java:addPipeline(56)) - Created pipeline Pipeline[ Id: 120eed1f-0446-4416-81ae-6d892b71eb5f, Nodes: 790809fb-a9ad-47fd-bbe4-169138176431{ip: 192.168.34.47, host: pr-hdds-2111-ptm9r-3382166736, networkLocation: /default-rack, certSerialId: null}, Type:RATIS, Factor:ONE, State:OPEN]
2019-09-16 16:49:49,300 [grpc-default-executor-0] INFO  impl.RaftServerProxy (RaftServerProxy.java:addNew(89)) - c9a1bac0-eae5-4c8c-abbf-c37d9bceede4: addNew group-660E8B03C38A:[c9a1bac0-eae5-4c8c-abbf-c37d9bceede4:192.168.34.47:39870] returns group-660E8B03C38A:java.util.concurrent.CompletableFuture@190ad6e6[Not completed]
2019-09-16 16:49:49,336 [pool-97-thread-1] INFO  impl.RaftServerImpl (RaftServerImpl.java:<init>(95)) - c9a1bac0-eae5-4c8c-abbf-c37d9bceede4: new RaftServerImpl for group-660E8B03C38A:[c9a1bac0-eae5-4c8c-abbf-c37d9bceede4:192.168.34.47:39870] with ContainerStateMachine:uninitialized
2019-09-16 16:49:49,336 [pool-97-thread-1] INFO  server.RaftServerConfigKeys (ConfUtils.java:logGet(43)) - raft.server.rpc.timeout.min = 1s (custom)
2019-09-16 16:49:49,336 [pool-97-thread-1] INFO  server.RaftServerConfigKeys (ConfUtils.java:logGet(43)) - raft.server.rpc.timeout.max = 1200ms (custom)
2019-09-16 16:49:49,337 [pool-97-thread-1] INFO  server.RaftServerConfigKeys (ConfUtils.java:logGet(43)) - raft.server.rpcslowness.timeout = 120s (custom)
2019-09-16 16:49:49,337 [pool-97-thread-1] INFO  server.RaftServerConfigKeys (ConfUtils.java:logGet(43)) - raft.server.sleep.deviation.threshold = 300 (default)
2019-09-16 16:49:49,337 [pool-97-thread-1] INFO  server.RaftServerConfigKeys (ConfUtils.java:logGet(43)) - raft.server.log.appender.install.snapshot.enabled = false (custom)
2019-09-16 16:49:49,337 [pool-97-thread-1] INFO  impl.RaftServerImpl (ServerState.java:<init>(103)) - c9a1bac0-eae5-4c8c-abbf-c37d9bceede4@group-660E8B03C38A: ConfigurationManager, init=-1: [c9a1bac0-eae5-4c8c-abbf-c37d9bceede4:192.168.34.47:39870], old=null, confs=<EMPTY_MAP>
2019-09-16 16:49:49,337 [pool-97-thread-1] INFO  server.RaftServerConfigKeys (ConfUtils.java:logGet(43)) - raft.server.storage.dir = [/workdir/hadoop-ozone/integration-test/target/test-dir/MiniOzoneClusterImpl-f8b2c6cb-9ce7-4af8-81ae-d81048953348/datanode-7/data/ratis] (custom)
2019-09-16 16:49:49,338 [pool-97-thread-1] INFO  storage.RaftStorageDirectory (RaftStorageDirectory.java:analyzeStorage(246)) - The storage directory /workdir/hadoop-ozone/integration-test/target/test-dir/MiniOzoneClusterImpl-f8b2c6cb-9ce7-4af8-81ae-d81048953348/datanode-7/data/ratis/129c3fe0-3ea0-4bf9-b5e2-660e8b03c38a does not exist. Creating ...
2019-09-16 16:49:49,351 [pool-97-thread-1] INFO  storage.RaftStorageDirectory (RaftStorageDirectory.java:tryLock(328)) - Lock on /workdir/hadoop-ozone/integration-test/target/test-dir/MiniOzoneClusterImpl-f8b2c6cb-9ce7-4af8-81ae-d81048953348/datanode-7/data/ratis/129c3fe0-3ea0-4bf9-b5e2-660e8b03c38a/in_use.lock acquired by nodename 8658@pr-hdds-2111-ptm9r-3382166736
2019-09-16 16:49:49,365 [pool-97-thread-1] INFO  storage.RaftStorage (RaftStorage.java:format(72)) - Storage directory /workdir/hadoop-ozone/integration-test/target/test-dir/MiniOzoneClusterImpl-f8b2c6cb-9ce7-4af8-81ae-d81048953348/datanode-7/data/ratis/129c3fe0-3ea0-4bf9-b5e2-660e8b03c38a has been successfully formatted.
2019-09-16 16:49:49,365 [pool-97-thread-1] INFO  ratis.ContainerStateMachine (ContainerStateMachine.java:loadSnapshot(230)) - group-660E8B03C38A: The snapshot info is null. Setting the last applied indexto:(t:0, i:~)
2019-09-16 16:49:49,365 [pool-97-thread-1] INFO  server.RaftServerConfigKeys (ConfUtils.java:logGet(43)) - raft.server.notification.no-leader.timeout = 120s (custom)
2019-09-16 16:49:49,365 [pool-97-thread-1] INFO  server.RaftServerConfigKeys (ConfUtils.java:logGet(43)) - raft.server.log.use.memory = false (default)
2019-09-16 16:49:49,366 [pool-97-thread-1] INFO  server.RaftServerConfigKeys (ConfUtils.java:logGet(43)) - raft.server.log.purge.gap = 1000000 (custom)
2019-09-16 16:49:49,366 [pool-97-thread-1] INFO  server.RaftServerConfigKeys (ConfUtils.java:logGet(43)) - raft.server.log.appender.buffer.byte-limit = 33554432 (custom)
2019-09-16 16:49:49,366 [pool-97-thread-1] INFO  server.RaftServerConfigKeys (ConfUtils.java:logGet(43)) - raft.server.log.segment.size.max = 1048576 (custom)
2019-09-16 16:49:49,366 [pool-97-thread-1] INFO  server.RaftServerConfigKeys (ConfUtils.java:logGet(43)) - raft.server.log.segment.cache.num.max = 2 (custom)
2019-09-16 16:49:49,366 [pool-97-thread-1] INFO  segmented.SegmentedRaftLogWorker (SegmentedRaftLogWorker.java:<init>(172)) - new c9a1bac0-eae5-4c8c-abbf-c37d9bceede4@group-660E8B03C38A-SegmentedRaftLogWorker for RaftStorage:Storage Directory /workdir/hadoop-ozone/integration-test/target/test-dir/MiniOzoneClusterImpl-f8b2c6cb-9ce7-4af8-81ae-d81048953348/datanode-7/data/ratis/129c3fe0-3ea0-4bf9-b5e2-660e8b03c38a
2019-09-16 16:49:49,408 [pool-97-thread-1] INFO  server.RaftServerConfigKeys (ConfUtils.java:logGet(43)) - raft.server.log.queue.byte-limit = 2147483647 (custom)
2019-09-16 16:49:49,408 [pool-97-thread-1] INFO  server.RaftServerConfigKeys (ConfUtils.java:logGet(43)) - raft.server.log.queue.element-limit = 1024 (custom)
2019-09-16 16:49:49,408 [pool-97-thread-1] INFO  server.RaftServerConfigKeys (ConfUtils.java:logGet(43)) - raft.server.log.segment.size.max = 1048576 (custom)
2019-09-16 16:49:49,409 [pool-97-thread-1] INFO  server.RaftServerConfigKeys (ConfUtils.java:logGet(43)) - raft.server.log.preallocated.size = 16384 (custom)
2019-09-16 16:49:49,409 [pool-97-thread-1] INFO  server.RaftServerConfigKeys (ConfUtils.java:logGet(43)) - raft.server.log.write.buffer.size = 33554432 (custom)
2019-09-16 16:49:49,409 [pool-97-thread-1] INFO  server.RaftServerConfigKeys (ConfUtils.java:logGet(43)) - raft.server.log.force.sync.num = 128 (default)
2019-09-16 16:49:49,409 [pool-97-thread-1] INFO  server.RaftServerConfigKeys (ConfUtils.java:logGet(43)) - raft.server.log.statemachine.data.sync = true (default)
2019-09-16 16:49:49,409 [pool-97-thread-1] INFO  server.RaftServerConfigKeys (ConfUtils.java:logGet(43)) - raft.server.log.statemachine.data.sync.timeout = 10s (default)
2019-09-16 16:49:49,409 [pool-97-thread-1] INFO  server.RaftServerConfigKeys (ConfUtils.java:logGet(43)) - raft.server.log.statemachine.data.sync.timeout.retry = -1 (default)
2019-09-16 16:49:49,410 [pool-97-thread-1] INFO  server.RaftServerConfigKeys (ConfUtils.java:logGet(43)) - raft.server.log.statemachine.data.caching.enabled = true (custom)
2019-09-16 16:49:49,410 [pool-97-thread-1] INFO  segmented.SegmentedRaftLogWorker (SegmentedRaftLogWorker.java:lambda$new$0(132)) - c9a1bac0-eae5-4c8c-abbf-c37d9bceede4@group-660E8B03C38A-SegmentedRaftLogWorker: flushIndex: setUnconditionally 0 -> -1
2019-09-16 16:49:49,411 [pool-97-thread-1] INFO  server.RaftServerConfigKeys (ConfUtils.java:logGet(43)) - raft.server.snapshot.auto.trigger.enabled = true (custom)
2019-09-16 16:49:49,411 [pool-97-thread-1] INFO  server.RaftServerConfigKeys (ConfUtils.java:logGet(43)) - raft.server.snapshot.auto.trigger.threshold = 10000 (custom)
2019-09-16 16:49:49,411 [pool-97-thread-1] INFO  server.RaftServerConfigKeys (ConfUtils.java:logGet(43)) - raft.server.snapshot.retention.num.files = -1 (default)
2019-09-16 16:49:49,411 [pool-97-thread-1] INFO  server.RaftServerConfigKeys (ConfUtils.java:logGet(43)) - raft.server.retrycache.expirytime = 600000ms (custom)
2019-09-16 16:49:49,417 [pool-97-thread-1] INFO  impl.RaftServerImpl (RaftServerImpl.java:start(185)) - c9a1bac0-eae5-4c8c-abbf-c37d9bceede4@group-660E8B03C38A: start as a follower, conf=-1: [c9a1bac0-eae5-4c8c-abbf-c37d9bceede4:192.168.34.47:39870], old=null
2019-09-16 16:49:49,417 [pool-97-thread-1] INFO  impl.RaftServerImpl (RaftServerImpl.java:setRole(174)) - c9a1bac0-eae5-4c8c-abbf-c37d9bceede4@group-660E8B03C38A: changes role from      null to FOLLOWER at term 0 for startAsFollower
2019-09-16 16:49:49,417 [pool-97-thread-1] INFO  impl.RoleInfo (RoleInfo.java:updateAndGet(143)) - c9a1bac0-eae5-4c8c-abbf-c37d9bceede4: start FollowerState
2019-09-16 16:49:49,418 [pool-97-thread-1] INFO  util.JmxRegister (JmxRegister.java:tryRegister(44)) - Successfully registered JMX Bean with object name Ratis:service=RaftServer,group=group-660E8B03C38A,id=c9a1bac0-eae5-4c8c-abbf-c37d9bceede4
2019-09-16 16:49:49,436 [RatisPipelineUtilsThread] INFO  pipeline.PipelineStateManager (PipelineStateManager.java:addPipeline(56)) - Created pipeline Pipeline[ Id: 129c3fe0-3ea0-4bf9-b5e2-660e8b03c38a, Nodes: c9a1bac0-eae5-4c8c-abbf-c37d9bceede4{ip: 192.168.34.47, host: pr-hdds-2111-ptm9r-3382166736, networkLocation: /default-rack, certSerialId: null}, Type:RATIS, Factor:ONE, State:OPEN]
2019-09-16 16:49:49,461 [grpc-default-executor-0] INFO  impl.RaftServerProxy (RaftServerProxy.java:addNew(89)) - fa2692cc-7d13-407b-8ba8-1b16aaf9a086: addNew group-6DA157A05EAA:[fa2692cc-7d13-407b-8ba8-1b16aaf9a086:192.168.34.47:34866] returns group-6DA157A05EAA:java.util.concurrent.CompletableFuture@fd1f34b[Not completed]
2019-09-16 16:49:49,465 [pool-47-thread-1] INFO  impl.RaftServerImpl (RaftServerImpl.java:<init>(95)) - fa2692cc-7d13-407b-8ba8-1b16aaf9a086: new RaftServerImpl for group-6DA157A05EAA:[fa2692cc-7d13-407b-8ba8-1b16aaf9a086:192.168.34.47:34866] with ContainerStateMachine:uninitialized
2019-09-16 16:49:49,465 [pool-47-thread-1] INFO  server.RaftServerConfigKeys (ConfUtils.java:logGet(43)) - raft.server.rpc.timeout.min = 1s (custom)
2019-09-16 16:49:49,465 [pool-47-thread-1] INFO  server.RaftServerConfigKeys (ConfUtils.java:logGet(43)) - raft.server.rpc.timeout.max = 1200ms (custom)
2019-09-16 16:49:49,466 [pool-47-thread-1] INFO  server.RaftServerConfigKeys (ConfUtils.java:logGet(43)) - raft.server.rpcslowness.timeout = 120s (custom)
2019-09-16 16:49:49,466 [pool-47-thread-1] INFO  server.RaftServerConfigKeys (ConfUtils.java:logGet(43)) - raft.server.sleep.deviation.threshold = 300 (default)
2019-09-16 16:49:49,466 [pool-47-thread-1] INFO  server.RaftServerConfigKeys (ConfUtils.java:logGet(43)) - raft.server.log.appender.install.snapshot.enabled = false (custom)
2019-09-16 16:49:49,466 [pool-47-thread-1] INFO  impl.RaftServerImpl (ServerState.java:<init>(103)) - fa2692cc-7d13-407b-8ba8-1b16aaf9a086@group-6DA157A05EAA: ConfigurationManager, init=-1: [fa2692cc-7d13-407b-8ba8-1b16aaf9a086:192.168.34.47:34866], old=null, confs=<EMPTY_MAP>
2019-09-16 16:49:49,466 [pool-47-thread-1] INFO  server.RaftServerConfigKeys (ConfUtils.java:logGet(43)) - raft.server.storage.dir = [/workdir/hadoop-ozone/integration-test/target/test-dir/MiniOzoneClusterImpl-f8b2c6cb-9ce7-4af8-81ae-d81048953348/datanode-2/data/ratis] (custom)
2019-09-16 16:49:49,467 [pool-47-thread-1] INFO  storage.RaftStorageDirectory (RaftStorageDirectory.java:analyzeStorage(246)) - The storage directory /workdir/hadoop-ozone/integration-test/target/test-dir/MiniOzoneClusterImpl-f8b2c6cb-9ce7-4af8-81ae-d81048953348/datanode-2/data/ratis/1d0e1987-3e77-4ff6-82cb-6da157a05eaa does not exist. Creating ...
2019-09-16 16:49:49,485 [pool-47-thread-1] INFO  storage.RaftStorageDirectory (RaftStorageDirectory.java:tryLock(328)) - Lock on /workdir/hadoop-ozone/integration-test/target/test-dir/MiniOzoneClusterImpl-f8b2c6cb-9ce7-4af8-81ae-d81048953348/datanode-2/data/ratis/1d0e1987-3e77-4ff6-82cb-6da157a05eaa/in_use.lock acquired by nodename 8658@pr-hdds-2111-ptm9r-3382166736
2019-09-16 16:49:49,498 [pool-47-thread-1] INFO  storage.RaftStorage (RaftStorage.java:format(72)) - Storage directory /workdir/hadoop-ozone/integration-test/target/test-dir/MiniOzoneClusterImpl-f8b2c6cb-9ce7-4af8-81ae-d81048953348/datanode-2/data/ratis/1d0e1987-3e77-4ff6-82cb-6da157a05eaa has been successfully formatted.
2019-09-16 16:49:49,498 [pool-47-thread-1] INFO  ratis.ContainerStateMachine (ContainerStateMachine.java:loadSnapshot(230)) - group-6DA157A05EAA: The snapshot info is null. Setting the last applied indexto:(t:0, i:~)
2019-09-16 16:49:49,499 [pool-47-thread-1] INFO  server.RaftServerConfigKeys (ConfUtils.java:logGet(43)) - raft.server.notification.no-leader.timeout = 120s (custom)
2019-09-16 16:49:49,499 [pool-47-thread-1] INFO  server.RaftServerConfigKeys (ConfUtils.java:logGet(43)) - raft.server.log.use.memory = false (default)
2019-09-16 16:49:49,499 [pool-47-thread-1] INFO  server.RaftServerConfigKeys (ConfUtils.java:logGet(43)) - raft.server.log.purge.gap = 1000000 (custom)
2019-09-16 16:49:49,499 [pool-47-thread-1] INFO  server.RaftServerConfigKeys (ConfUtils.java:logGet(43)) - raft.server.log.appender.buffer.byte-limit = 33554432 (custom)
2019-09-16 16:49:49,499 [pool-47-thread-1] INFO  server.RaftServerConfigKeys (ConfUtils.java:logGet(43)) - raft.server.log.segment.size.max = 1048576 (custom)
2019-09-16 16:49:49,500 [pool-47-thread-1] INFO  server.RaftServerConfigKeys (ConfUtils.java:logGet(43)) - raft.server.log.segment.cache.num.max = 2 (custom)
2019-09-16 16:49:49,500 [pool-47-thread-1] INFO  segmented.SegmentedRaftLogWorker (SegmentedRaftLogWorker.java:<init>(172)) - new fa2692cc-7d13-407b-8ba8-1b16aaf9a086@group-6DA157A05EAA-SegmentedRaftLogWorker for RaftStorage:Storage Directory /workdir/hadoop-ozone/integration-test/target/test-dir/MiniOzoneClusterImpl-f8b2c6cb-9ce7-4af8-81ae-d81048953348/datanode-2/data/ratis/1d0e1987-3e77-4ff6-82cb-6da157a05eaa
2019-09-16 16:49:49,505 [pool-47-thread-1] INFO  server.RaftServerConfigKeys (ConfUtils.java:logGet(43)) - raft.server.log.queue.byte-limit = 2147483647 (custom)
2019-09-16 16:49:49,505 [pool-47-thread-1] INFO  server.RaftServerConfigKeys (ConfUtils.java:logGet(43)) - raft.server.log.queue.element-limit = 1024 (custom)
2019-09-16 16:49:49,505 [pool-47-thread-1] INFO  server.RaftServerConfigKeys (ConfUtils.java:logGet(43)) - raft.server.log.segment.size.max = 1048576 (custom)
2019-09-16 16:49:49,505 [pool-47-thread-1] INFO  server.RaftServerConfigKeys (ConfUtils.java:logGet(43)) - raft.server.log.preallocated.size = 16384 (custom)
2019-09-16 16:49:49,505 [pool-47-thread-1] INFO  server.RaftServerConfigKeys (ConfUtils.java:logGet(43)) - raft.server.log.write.buffer.size = 33554432 (custom)
2019-09-16 16:49:49,506 [pool-47-thread-1] INFO  server.RaftServerConfigKeys (ConfUtils.java:logGet(43)) - raft.server.log.force.sync.num = 128 (default)
2019-09-16 16:49:49,506 [pool-47-thread-1] INFO  server.RaftServerConfigKeys (ConfUtils.java:logGet(43)) - raft.server.log.statemachine.data.sync = true (default)
2019-09-16 16:49:49,506 [pool-47-thread-1] INFO  server.RaftServerConfigKeys (ConfUtils.java:logGet(43)) - raft.server.log.statemachine.data.sync.timeout = 10s (default)
2019-09-16 16:49:49,506 [pool-47-thread-1] INFO  server.RaftServerConfigKeys (ConfUtils.java:logGet(43)) - raft.server.log.statemachine.data.sync.timeout.retry = -1 (default)
2019-09-16 16:49:49,506 [pool-47-thread-1] INFO  server.RaftServerConfigKeys (ConfUtils.java:logGet(43)) - raft.server.log.statemachine.data.caching.enabled = true (custom)
2019-09-16 16:49:49,507 [pool-47-thread-1] INFO  segmented.SegmentedRaftLogWorker (SegmentedRaftLogWorker.java:lambda$new$0(132)) - fa2692cc-7d13-407b-8ba8-1b16aaf9a086@group-6DA157A05EAA-SegmentedRaftLogWorker: flushIndex: setUnconditionally 0 -> -1
2019-09-16 16:49:49,507 [pool-47-thread-1] INFO  server.RaftServerConfigKeys (ConfUtils.java:logGet(43)) - raft.server.snapshot.auto.trigger.enabled = true (custom)
2019-09-16 16:49:49,507 [pool-47-thread-1] INFO  server.RaftServerConfigKeys (ConfUtils.java:logGet(43)) - raft.server.snapshot.auto.trigger.threshold = 10000 (custom)
2019-09-16 16:49:49,507 [pool-47-thread-1] INFO  server.RaftServerConfigKeys (ConfUtils.java:logGet(43)) - raft.server.snapshot.retention.num.files = -1 (default)
2019-09-16 16:49:49,508 [pool-47-thread-1] INFO  server.RaftServerConfigKeys (ConfUtils.java:logGet(43)) - raft.server.retrycache.expirytime = 600000ms (custom)
2019-09-16 16:49:49,512 [pool-47-thread-1] INFO  impl.RaftServerImpl (RaftServerImpl.java:start(185)) - fa2692cc-7d13-407b-8ba8-1b16aaf9a086@group-6DA157A05EAA: start as a follower, conf=-1: [fa2692cc-7d13-407b-8ba8-1b16aaf9a086:192.168.34.47:34866], old=null
2019-09-16 16:49:49,513 [pool-47-thread-1] INFO  impl.RaftServerImpl (RaftServerImpl.java:setRole(174)) - fa2692cc-7d13-407b-8ba8-1b16aaf9a086@group-6DA157A05EAA: changes role from      null to FOLLOWER at term 0 for startAsFollower
2019-09-16 16:49:49,513 [pool-47-thread-1] INFO  impl.RoleInfo (RoleInfo.java:updateAndGet(143)) - fa2692cc-7d13-407b-8ba8-1b16aaf9a086: start FollowerState
2019-09-16 16:49:49,514 [pool-47-thread-1] INFO  util.JmxRegister (JmxRegister.java:tryRegister(44)) - Successfully registered JMX Bean with object name Ratis:service=RaftServer,group=group-6DA157A05EAA,id=fa2692cc-7d13-407b-8ba8-1b16aaf9a086
2019-09-16 16:49:49,539 [RatisPipelineUtilsThread] INFO  pipeline.PipelineStateManager (PipelineStateManager.java:addPipeline(56)) - Created pipeline Pipeline[ Id: 1d0e1987-3e77-4ff6-82cb-6da157a05eaa, Nodes: fa2692cc-7d13-407b-8ba8-1b16aaf9a086{ip: 192.168.34.47, host: pr-hdds-2111-ptm9r-3382166736, networkLocation: /default-rack, certSerialId: null}, Type:RATIS, Factor:ONE, State:OPEN]
2019-09-16 16:49:49,558 [grpc-default-executor-0] INFO  impl.RaftServerProxy (RaftServerProxy.java:addNew(89)) - 7fc320a2-74a2-44cb-8d45-40912bba4ff2: addNew group-A9E970CCB955:[7fc320a2-74a2-44cb-8d45-40912bba4ff2:192.168.34.47:36256] returns group-A9E970CCB955:java.util.concurrent.CompletableFuture@e76e08c[Not completed]
2019-09-16 16:49:49,564 [pool-57-thread-1] INFO  impl.RaftServerImpl (RaftServerImpl.java:<init>(95)) - 7fc320a2-74a2-44cb-8d45-40912bba4ff2: new RaftServerImpl for group-A9E970CCB955:[7fc320a2-74a2-44cb-8d45-40912bba4ff2:192.168.34.47:36256] with ContainerStateMachine:uninitialized
2019-09-16 16:49:49,564 [pool-57-thread-1] INFO  server.RaftServerConfigKeys (ConfUtils.java:logGet(43)) - raft.server.rpc.timeout.min = 1s (custom)
2019-09-16 16:49:49,564 [pool-57-thread-1] INFO  server.RaftServerConfigKeys (ConfUtils.java:logGet(43)) - raft.server.rpc.timeout.max = 1200ms (custom)
2019-09-16 16:49:49,564 [pool-57-thread-1] INFO  server.RaftServerConfigKeys (ConfUtils.java:logGet(43)) - raft.server.rpcslowness.timeout = 120s (custom)
2019-09-16 16:49:49,564 [pool-57-thread-1] INFO  server.RaftServerConfigKeys (ConfUtils.java:logGet(43)) - raft.server.sleep.deviation.threshold = 300 (default)
2019-09-16 16:49:49,565 [pool-57-thread-1] INFO  server.RaftServerConfigKeys (ConfUtils.java:logGet(43)) - raft.server.log.appender.install.snapshot.enabled = false (custom)
2019-09-16 16:49:49,565 [pool-57-thread-1] INFO  impl.RaftServerImpl (ServerState.java:<init>(103)) - 7fc320a2-74a2-44cb-8d45-40912bba4ff2@group-A9E970CCB955: ConfigurationManager, init=-1: [7fc320a2-74a2-44cb-8d45-40912bba4ff2:192.168.34.47:36256], old=null, confs=<EMPTY_MAP>
2019-09-16 16:49:49,565 [pool-57-thread-1] INFO  server.RaftServerConfigKeys (ConfUtils.java:logGet(43)) - raft.server.storage.dir = [/workdir/hadoop-ozone/integration-test/target/test-dir/MiniOzoneClusterImpl-f8b2c6cb-9ce7-4af8-81ae-d81048953348/datanode-3/data/ratis] (custom)
2019-09-16 16:49:49,566 [pool-57-thread-1] INFO  storage.RaftStorageDirectory (RaftStorageDirectory.java:analyzeStorage(246)) - The storage directory /workdir/hadoop-ozone/integration-test/target/test-dir/MiniOzoneClusterImpl-f8b2c6cb-9ce7-4af8-81ae-d81048953348/datanode-3/data/ratis/6b826e48-4412-4d87-adac-a9e970ccb955 does not exist. Creating ...
2019-09-16 16:49:49,578 [pool-57-thread-1] INFO  storage.RaftStorageDirectory (RaftStorageDirectory.java:tryLock(328)) - Lock on /workdir/hadoop-ozone/integration-test/target/test-dir/MiniOzoneClusterImpl-f8b2c6cb-9ce7-4af8-81ae-d81048953348/datanode-3/data/ratis/6b826e48-4412-4d87-adac-a9e970ccb955/in_use.lock acquired by nodename 8658@pr-hdds-2111-ptm9r-3382166736
2019-09-16 16:49:49,591 [pool-57-thread-1] INFO  storage.RaftStorage (RaftStorage.java:format(72)) - Storage directory /workdir/hadoop-ozone/integration-test/target/test-dir/MiniOzoneClusterImpl-f8b2c6cb-9ce7-4af8-81ae-d81048953348/datanode-3/data/ratis/6b826e48-4412-4d87-adac-a9e970ccb955 has been successfully formatted.
2019-09-16 16:49:49,592 [pool-57-thread-1] INFO  ratis.ContainerStateMachine (ContainerStateMachine.java:loadSnapshot(230)) - group-A9E970CCB955: The snapshot info is null. Setting the last applied indexto:(t:0, i:~)
2019-09-16 16:49:49,592 [pool-57-thread-1] INFO  server.RaftServerConfigKeys (ConfUtils.java:logGet(43)) - raft.server.notification.no-leader.timeout = 120s (custom)
2019-09-16 16:49:49,592 [pool-57-thread-1] INFO  server.RaftServerConfigKeys (ConfUtils.java:logGet(43)) - raft.server.log.use.memory = false (default)
2019-09-16 16:49:49,592 [pool-57-thread-1] INFO  server.RaftServerConfigKeys (ConfUtils.java:logGet(43)) - raft.server.log.purge.gap = 1000000 (custom)
2019-09-16 16:49:49,592 [pool-57-thread-1] INFO  server.RaftServerConfigKeys (ConfUtils.java:logGet(43)) - raft.server.log.appender.buffer.byte-limit = 33554432 (custom)
2019-09-16 16:49:49,593 [pool-57-thread-1] INFO  server.RaftServerConfigKeys (ConfUtils.java:logGet(43)) - raft.server.log.segment.size.max = 1048576 (custom)
2019-09-16 16:49:49,593 [pool-57-thread-1] INFO  server.RaftServerConfigKeys (ConfUtils.java:logGet(43)) - raft.server.log.segment.cache.num.max = 2 (custom)
2019-09-16 16:49:49,593 [pool-57-thread-1] INFO  segmented.SegmentedRaftLogWorker (SegmentedRaftLogWorker.java:<init>(172)) - new 7fc320a2-74a2-44cb-8d45-40912bba4ff2@group-A9E970CCB955-SegmentedRaftLogWorker for RaftStorage:Storage Directory /workdir/hadoop-ozone/integration-test/target/test-dir/MiniOzoneClusterImpl-f8b2c6cb-9ce7-4af8-81ae-d81048953348/datanode-3/data/ratis/6b826e48-4412-4d87-adac-a9e970ccb955
2019-09-16 16:49:49,597 [pool-57-thread-1] INFO  server.RaftServerConfigKeys (ConfUtils.java:logGet(43)) - raft.server.log.queue.byte-limit = 2147483647 (custom)
2019-09-16 16:49:49,597 [pool-57-thread-1] INFO  server.RaftServerConfigKeys (ConfUtils.java:logGet(43)) - raft.server.log.queue.element-limit = 1024 (custom)
2019-09-16 16:49:49,597 [pool-57-thread-1] INFO  server.RaftServerConfigKeys (ConfUtils.java:logGet(43)) - raft.server.log.segment.size.max = 1048576 (custom)
2019-09-16 16:49:49,598 [pool-57-thread-1] INFO  server.RaftServerConfigKeys (ConfUtils.java:logGet(43)) - raft.server.log.preallocated.size = 16384 (custom)
2019-09-16 16:49:49,598 [pool-57-thread-1] INFO  server.RaftServerConfigKeys (ConfUtils.java:logGet(43)) - raft.server.log.write.buffer.size = 33554432 (custom)
2019-09-16 16:49:49,598 [pool-57-thread-1] INFO  server.RaftServerConfigKeys (ConfUtils.java:logGet(43)) - raft.server.log.force.sync.num = 128 (default)
2019-09-16 16:49:49,598 [pool-57-thread-1] INFO  server.RaftServerConfigKeys (ConfUtils.java:logGet(43)) - raft.server.log.statemachine.data.sync = true (default)
2019-09-16 16:49:49,598 [pool-57-thread-1] INFO  server.RaftServerConfigKeys (ConfUtils.java:logGet(43)) - raft.server.log.statemachine.data.sync.timeout = 10s (default)
2019-09-16 16:49:49,599 [pool-57-thread-1] INFO  server.RaftServerConfigKeys (ConfUtils.java:logGet(43)) - raft.server.log.statemachine.data.sync.timeout.retry = -1 (default)
2019-09-16 16:49:49,599 [pool-57-thread-1] INFO  server.RaftServerConfigKeys (ConfUtils.java:logGet(43)) - raft.server.log.statemachine.data.caching.enabled = true (custom)
2019-09-16 16:49:49,599 [pool-57-thread-1] INFO  segmented.SegmentedRaftLogWorker (SegmentedRaftLogWorker.java:lambda$new$0(132)) - 7fc320a2-74a2-44cb-8d45-40912bba4ff2@group-A9E970CCB955-SegmentedRaftLogWorker: flushIndex: setUnconditionally 0 -> -1
2019-09-16 16:49:49,600 [pool-57-thread-1] INFO  server.RaftServerConfigKeys (ConfUtils.java:logGet(43)) - raft.server.snapshot.auto.trigger.enabled = true (custom)
2019-09-16 16:49:49,600 [pool-57-thread-1] INFO  server.RaftServerConfigKeys (ConfUtils.java:logGet(43)) - raft.server.snapshot.auto.trigger.threshold = 10000 (custom)
2019-09-16 16:49:49,600 [pool-57-thread-1] INFO  server.RaftServerConfigKeys (ConfUtils.java:logGet(43)) - raft.server.snapshot.retention.num.files = -1 (default)
2019-09-16 16:49:49,600 [pool-57-thread-1] INFO  server.RaftServerConfigKeys (ConfUtils.java:logGet(43)) - raft.server.retrycache.expirytime = 600000ms (custom)
2019-09-16 16:49:49,604 [pool-57-thread-1] INFO  impl.RaftServerImpl (RaftServerImpl.java:start(185)) - 7fc320a2-74a2-44cb-8d45-40912bba4ff2@group-A9E970CCB955: start as a follower, conf=-1: [7fc320a2-74a2-44cb-8d45-40912bba4ff2:192.168.34.47:36256], old=null
2019-09-16 16:49:49,604 [pool-57-thread-1] INFO  impl.RaftServerImpl (RaftServerImpl.java:setRole(174)) - 7fc320a2-74a2-44cb-8d45-40912bba4ff2@group-A9E970CCB955: changes role from      null to FOLLOWER at term 0 for startAsFollower
2019-09-16 16:49:49,604 [pool-57-thread-1] INFO  impl.RoleInfo (RoleInfo.java:updateAndGet(143)) - 7fc320a2-74a2-44cb-8d45-40912bba4ff2: start FollowerState
2019-09-16 16:49:49,605 [pool-57-thread-1] INFO  util.JmxRegister (JmxRegister.java:tryRegister(44)) - Successfully registered JMX Bean with object name Ratis:service=RaftServer,group=group-A9E970CCB955,id=7fc320a2-74a2-44cb-8d45-40912bba4ff2
2019-09-16 16:49:49,618 [RatisPipelineUtilsThread] INFO  pipeline.PipelineStateManager (PipelineStateManager.java:addPipeline(56)) - Created pipeline Pipeline[ Id: 6b826e48-4412-4d87-adac-a9e970ccb955, Nodes: 7fc320a2-74a2-44cb-8d45-40912bba4ff2{ip: 192.168.34.47, host: pr-hdds-2111-ptm9r-3382166736, networkLocation: /default-rack, certSerialId: null}, Type:RATIS, Factor:ONE, State:OPEN]
2019-09-16 16:49:49,636 [grpc-default-executor-0] INFO  impl.RaftServerProxy (RaftServerProxy.java:addNew(89)) - 6d73d83e-4bf7-49f9-9c6b-f14bf24667e0: addNew group-EEA3762CD145:[6d73d83e-4bf7-49f9-9c6b-f14bf24667e0:192.168.34.47:40303] returns group-EEA3762CD145:java.util.concurrent.CompletableFuture@583f37e4[Not completed]
2019-09-16 16:49:49,642 [pool-77-thread-1] INFO  impl.RaftServerImpl (RaftServerImpl.java:<init>(95)) - 6d73d83e-4bf7-49f9-9c6b-f14bf24667e0: new RaftServerImpl for group-EEA3762CD145:[6d73d83e-4bf7-49f9-9c6b-f14bf24667e0:192.168.34.47:40303] with ContainerStateMachine:uninitialized
2019-09-16 16:49:49,642 [pool-77-thread-1] INFO  server.RaftServerConfigKeys (ConfUtils.java:logGet(43)) - raft.server.rpc.timeout.min = 1s (custom)
2019-09-16 16:49:49,642 [pool-77-thread-1] INFO  server.RaftServerConfigKeys (ConfUtils.java:logGet(43)) - raft.server.rpc.timeout.max = 1200ms (custom)
2019-09-16 16:49:49,642 [pool-77-thread-1] INFO  server.RaftServerConfigKeys (ConfUtils.java:logGet(43)) - raft.server.rpcslowness.timeout = 120s (custom)
2019-09-16 16:49:49,643 [pool-77-thread-1] INFO  server.RaftServerConfigKeys (ConfUtils.java:logGet(43)) - raft.server.sleep.deviation.threshold = 300 (default)
2019-09-16 16:49:49,643 [pool-77-thread-1] INFO  server.RaftServerConfigKeys (ConfUtils.java:logGet(43)) - raft.server.log.appender.install.snapshot.enabled = false (custom)
2019-09-16 16:49:49,643 [pool-77-thread-1] INFO  impl.RaftServerImpl (ServerState.java:<init>(103)) - 6d73d83e-4bf7-49f9-9c6b-f14bf24667e0@group-EEA3762CD145: ConfigurationManager, init=-1: [6d73d83e-4bf7-49f9-9c6b-f14bf24667e0:192.168.34.47:40303], old=null, confs=<EMPTY_MAP>
2019-09-16 16:49:49,643 [pool-77-thread-1] INFO  server.RaftServerConfigKeys (ConfUtils.java:logGet(43)) - raft.server.storage.dir = [/workdir/hadoop-ozone/integration-test/target/test-dir/MiniOzoneClusterImpl-f8b2c6cb-9ce7-4af8-81ae-d81048953348/datanode-5/data/ratis] (custom)
2019-09-16 16:49:49,643 [pool-77-thread-1] INFO  storage.RaftStorageDirectory (RaftStorageDirectory.java:analyzeStorage(246)) - The storage directory /workdir/hadoop-ozone/integration-test/target/test-dir/MiniOzoneClusterImpl-f8b2c6cb-9ce7-4af8-81ae-d81048953348/datanode-5/data/ratis/b8b2a1dd-a199-46de-a975-eea3762cd145 does not exist. Creating ...
2019-09-16 16:49:49,656 [pool-77-thread-1] INFO  storage.RaftStorageDirectory (RaftStorageDirectory.java:tryLock(328)) - Lock on /workdir/hadoop-ozone/integration-test/target/test-dir/MiniOzoneClusterImpl-f8b2c6cb-9ce7-4af8-81ae-d81048953348/datanode-5/data/ratis/b8b2a1dd-a199-46de-a975-eea3762cd145/in_use.lock acquired by nodename 8658@pr-hdds-2111-ptm9r-3382166736
2019-09-16 16:49:49,669 [pool-77-thread-1] INFO  storage.RaftStorage (RaftStorage.java:format(72)) - Storage directory /workdir/hadoop-ozone/integration-test/target/test-dir/MiniOzoneClusterImpl-f8b2c6cb-9ce7-4af8-81ae-d81048953348/datanode-5/data/ratis/b8b2a1dd-a199-46de-a975-eea3762cd145 has been successfully formatted.
2019-09-16 16:49:49,670 [pool-77-thread-1] INFO  ratis.ContainerStateMachine (ContainerStateMachine.java:loadSnapshot(230)) - group-EEA3762CD145: The snapshot info is null. Setting the last applied indexto:(t:0, i:~)
2019-09-16 16:49:49,670 [pool-77-thread-1] INFO  server.RaftServerConfigKeys (ConfUtils.java:logGet(43)) - raft.server.notification.no-leader.timeout = 120s (custom)
2019-09-16 16:49:49,670 [pool-77-thread-1] INFO  server.RaftServerConfigKeys (ConfUtils.java:logGet(43)) - raft.server.log.use.memory = false (default)
2019-09-16 16:49:49,670 [pool-77-thread-1] INFO  server.RaftServerConfigKeys (ConfUtils.java:logGet(43)) - raft.server.log.purge.gap = 1000000 (custom)
2019-09-16 16:49:49,670 [pool-77-thread-1] INFO  server.RaftServerConfigKeys (ConfUtils.java:logGet(43)) - raft.server.log.appender.buffer.byte-limit = 33554432 (custom)
2019-09-16 16:49:49,670 [pool-77-thread-1] INFO  server.RaftServerConfigKeys (ConfUtils.java:logGet(43)) - raft.server.log.segment.size.max = 1048576 (custom)
2019-09-16 16:49:49,671 [pool-77-thread-1] INFO  server.RaftServerConfigKeys (ConfUtils.java:logGet(43)) - raft.server.log.segment.cache.num.max = 2 (custom)
2019-09-16 16:49:49,671 [pool-77-thread-1] INFO  segmented.SegmentedRaftLogWorker (SegmentedRaftLogWorker.java:<init>(172)) - new 6d73d83e-4bf7-49f9-9c6b-f14bf24667e0@group-EEA3762CD145-SegmentedRaftLogWorker for RaftStorage:Storage Directory /workdir/hadoop-ozone/integration-test/target/test-dir/MiniOzoneClusterImpl-f8b2c6cb-9ce7-4af8-81ae-d81048953348/datanode-5/data/ratis/b8b2a1dd-a199-46de-a975-eea3762cd145
2019-09-16 16:49:49,675 [pool-77-thread-1] INFO  server.RaftServerConfigKeys (ConfUtils.java:logGet(43)) - raft.server.log.queue.byte-limit = 2147483647 (custom)
2019-09-16 16:49:49,675 [pool-77-thread-1] INFO  server.RaftServerConfigKeys (ConfUtils.java:logGet(43)) - raft.server.log.queue.element-limit = 1024 (custom)
2019-09-16 16:49:49,675 [pool-77-thread-1] INFO  server.RaftServerConfigKeys (ConfUtils.java:logGet(43)) - raft.server.log.segment.size.max = 1048576 (custom)
2019-09-16 16:49:49,675 [pool-77-thread-1] INFO  server.RaftServerConfigKeys (ConfUtils.java:logGet(43)) - raft.server.log.preallocated.size = 16384 (custom)
2019-09-16 16:49:49,676 [pool-77-thread-1] INFO  server.RaftServerConfigKeys (ConfUtils.java:logGet(43)) - raft.server.log.write.buffer.size = 33554432 (custom)
2019-09-16 16:49:49,676 [pool-77-thread-1] INFO  server.RaftServerConfigKeys (ConfUtils.java:logGet(43)) - raft.server.log.force.sync.num = 128 (default)
2019-09-16 16:49:49,676 [pool-77-thread-1] INFO  server.RaftServerConfigKeys (ConfUtils.java:logGet(43)) - raft.server.log.statemachine.data.sync = true (default)
2019-09-16 16:49:49,676 [pool-77-thread-1] INFO  server.RaftServerConfigKeys (ConfUtils.java:logGet(43)) - raft.server.log.statemachine.data.sync.timeout = 10s (default)
2019-09-16 16:49:49,676 [pool-77-thread-1] INFO  server.RaftServerConfigKeys (ConfUtils.java:logGet(43)) - raft.server.log.statemachine.data.sync.timeout.retry = -1 (default)
2019-09-16 16:49:49,677 [pool-77-thread-1] INFO  server.RaftServerConfigKeys (ConfUtils.java:logGet(43)) - raft.server.log.statemachine.data.caching.enabled = true (custom)
2019-09-16 16:49:49,677 [pool-77-thread-1] INFO  segmented.SegmentedRaftLogWorker (SegmentedRaftLogWorker.java:lambda$new$0(132)) - 6d73d83e-4bf7-49f9-9c6b-f14bf24667e0@group-EEA3762CD145-SegmentedRaftLogWorker: flushIndex: setUnconditionally 0 -> -1
2019-09-16 16:49:49,677 [pool-77-thread-1] INFO  server.RaftServerConfigKeys (ConfUtils.java:logGet(43)) - raft.server.snapshot.auto.trigger.enabled = true (custom)
2019-09-16 16:49:49,677 [pool-77-thread-1] INFO  server.RaftServerConfigKeys (ConfUtils.java:logGet(43)) - raft.server.snapshot.auto.trigger.threshold = 10000 (custom)
2019-09-16 16:49:49,678 [pool-77-thread-1] INFO  server.RaftServerConfigKeys (ConfUtils.java:logGet(43)) - raft.server.snapshot.retention.num.files = -1 (default)
2019-09-16 16:49:49,678 [pool-77-thread-1] INFO  server.RaftServerConfigKeys (ConfUtils.java:logGet(43)) - raft.server.retrycache.expirytime = 600000ms (custom)
2019-09-16 16:49:49,681 [pool-77-thread-1] INFO  impl.RaftServerImpl (RaftServerImpl.java:start(185)) - 6d73d83e-4bf7-49f9-9c6b-f14bf24667e0@group-EEA3762CD145: start as a follower, conf=-1: [6d73d83e-4bf7-49f9-9c6b-f14bf24667e0:192.168.34.47:40303], old=null
2019-09-16 16:49:49,682 [pool-77-thread-1] INFO  impl.RaftServerImpl (RaftServerImpl.java:setRole(174)) - 6d73d83e-4bf7-49f9-9c6b-f14bf24667e0@group-EEA3762CD145: changes role from      null to FOLLOWER at term 0 for startAsFollower
2019-09-16 16:49:49,682 [pool-77-thread-1] INFO  impl.RoleInfo (RoleInfo.java:updateAndGet(143)) - 6d73d83e-4bf7-49f9-9c6b-f14bf24667e0: start FollowerState
2019-09-16 16:49:49,682 [pool-77-thread-1] INFO  util.JmxRegister (JmxRegister.java:tryRegister(44)) - Successfully registered JMX Bean with object name Ratis:service=RaftServer,group=group-EEA3762CD145,id=6d73d83e-4bf7-49f9-9c6b-f14bf24667e0
2019-09-16 16:49:49,699 [RatisPipelineUtilsThread] INFO  pipeline.PipelineStateManager (PipelineStateManager.java:addPipeline(56)) - Created pipeline Pipeline[ Id: b8b2a1dd-a199-46de-a975-eea3762cd145, Nodes: 6d73d83e-4bf7-49f9-9c6b-f14bf24667e0{ip: 192.168.34.47, host: pr-hdds-2111-ptm9r-3382166736, networkLocation: /default-rack, certSerialId: null}, Type:RATIS, Factor:ONE, State:OPEN]
2019-09-16 16:49:49,717 [grpc-default-executor-0] INFO  impl.RaftServerProxy (RaftServerProxy.java:addNew(89)) - 9061b39a-2428-46aa-ac83-e6ff060f5840: addNew group-20A972494FA1:[9061b39a-2428-46aa-ac83-e6ff060f5840:192.168.34.47:46365] returns group-20A972494FA1:java.util.concurrent.CompletableFuture@26f2e504[Not completed]
2019-09-16 16:49:49,724 [pool-107-thread-1] INFO  impl.RaftServerImpl (RaftServerImpl.java:<init>(95)) - 9061b39a-2428-46aa-ac83-e6ff060f5840: new RaftServerImpl for group-20A972494FA1:[9061b39a-2428-46aa-ac83-e6ff060f5840:192.168.34.47:46365] with ContainerStateMachine:uninitialized
2019-09-16 16:49:49,724 [pool-107-thread-1] INFO  server.RaftServerConfigKeys (ConfUtils.java:logGet(43)) - raft.server.rpc.timeout.min = 1s (custom)
2019-09-16 16:49:49,724 [pool-107-thread-1] INFO  server.RaftServerConfigKeys (ConfUtils.java:logGet(43)) - raft.server.rpc.timeout.max = 1200ms (custom)
2019-09-16 16:49:49,724 [pool-107-thread-1] INFO  server.RaftServerConfigKeys (ConfUtils.java:logGet(43)) - raft.server.rpcslowness.timeout = 120s (custom)
2019-09-16 16:49:49,724 [pool-107-thread-1] INFO  server.RaftServerConfigKeys (ConfUtils.java:logGet(43)) - raft.server.sleep.deviation.threshold = 300 (default)
2019-09-16 16:49:49,725 [pool-107-thread-1] INFO  server.RaftServerConfigKeys (ConfUtils.java:logGet(43)) - raft.server.log.appender.install.snapshot.enabled = false (custom)
2019-09-16 16:49:49,725 [pool-107-thread-1] INFO  impl.RaftServerImpl (ServerState.java:<init>(103)) - 9061b39a-2428-46aa-ac83-e6ff060f5840@group-20A972494FA1: ConfigurationManager, init=-1: [9061b39a-2428-46aa-ac83-e6ff060f5840:192.168.34.47:46365], old=null, confs=<EMPTY_MAP>
2019-09-16 16:49:49,725 [pool-107-thread-1] INFO  server.RaftServerConfigKeys (ConfUtils.java:logGet(43)) - raft.server.storage.dir = [/workdir/hadoop-ozone/integration-test/target/test-dir/MiniOzoneClusterImpl-f8b2c6cb-9ce7-4af8-81ae-d81048953348/datanode-8/data/ratis] (custom)
2019-09-16 16:49:49,725 [pool-107-thread-1] INFO  storage.RaftStorageDirectory (RaftStorageDirectory.java:analyzeStorage(246)) - The storage directory /workdir/hadoop-ozone/integration-test/target/test-dir/MiniOzoneClusterImpl-f8b2c6cb-9ce7-4af8-81ae-d81048953348/datanode-8/data/ratis/b22b6b93-e873-4696-8428-20a972494fa1 does not exist. Creating ...
2019-09-16 16:49:49,738 [pool-107-thread-1] INFO  storage.RaftStorageDirectory (RaftStorageDirectory.java:tryLock(328)) - Lock on /workdir/hadoop-ozone/integration-test/target/test-dir/MiniOzoneClusterImpl-f8b2c6cb-9ce7-4af8-81ae-d81048953348/datanode-8/data/ratis/b22b6b93-e873-4696-8428-20a972494fa1/in_use.lock acquired by nodename 8658@pr-hdds-2111-ptm9r-3382166736
2019-09-16 16:49:49,756 [pool-107-thread-1] INFO  storage.RaftStorage (RaftStorage.java:format(72)) - Storage directory /workdir/hadoop-ozone/integration-test/target/test-dir/MiniOzoneClusterImpl-f8b2c6cb-9ce7-4af8-81ae-d81048953348/datanode-8/data/ratis/b22b6b93-e873-4696-8428-20a972494fa1 has been successfully formatted.
2019-09-16 16:49:49,757 [pool-107-thread-1] INFO  ratis.ContainerStateMachine (ContainerStateMachine.java:loadSnapshot(230)) - group-20A972494FA1: The snapshot info is null. Setting the last applied indexto:(t:0, i:~)
2019-09-16 16:49:49,757 [pool-107-thread-1] INFO  server.RaftServerConfigKeys (ConfUtils.java:logGet(43)) - raft.server.notification.no-leader.timeout = 120s (custom)
2019-09-16 16:49:49,757 [pool-107-thread-1] INFO  server.RaftServerConfigKeys (ConfUtils.java:logGet(43)) - raft.server.log.use.memory = false (default)
2019-09-16 16:49:49,757 [pool-107-thread-1] INFO  server.RaftServerConfigKeys (ConfUtils.java:logGet(43)) - raft.server.log.purge.gap = 1000000 (custom)
2019-09-16 16:49:49,757 [pool-107-thread-1] INFO  server.RaftServerConfigKeys (ConfUtils.java:logGet(43)) - raft.server.log.appender.buffer.byte-limit = 33554432 (custom)
2019-09-16 16:49:49,758 [pool-107-thread-1] INFO  server.RaftServerConfigKeys (ConfUtils.java:logGet(43)) - raft.server.log.segment.size.max = 1048576 (custom)
2019-09-16 16:49:49,758 [pool-107-thread-1] INFO  server.RaftServerConfigKeys (ConfUtils.java:logGet(43)) - raft.server.log.segment.cache.num.max = 2 (custom)
2019-09-16 16:49:49,758 [pool-107-thread-1] INFO  segmented.SegmentedRaftLogWorker (SegmentedRaftLogWorker.java:<init>(172)) - new 9061b39a-2428-46aa-ac83-e6ff060f5840@group-20A972494FA1-SegmentedRaftLogWorker for RaftStorage:Storage Directory /workdir/hadoop-ozone/integration-test/target/test-dir/MiniOzoneClusterImpl-f8b2c6cb-9ce7-4af8-81ae-d81048953348/datanode-8/data/ratis/b22b6b93-e873-4696-8428-20a972494fa1
2019-09-16 16:49:49,761 [pool-107-thread-1] INFO  server.RaftServerConfigKeys (ConfUtils.java:logGet(43)) - raft.server.log.queue.byte-limit = 2147483647 (custom)
2019-09-16 16:49:49,762 [pool-107-thread-1] INFO  server.RaftServerConfigKeys (ConfUtils.java:logGet(43)) - raft.server.log.queue.element-limit = 1024 (custom)
2019-09-16 16:49:49,762 [pool-107-thread-1] INFO  server.RaftServerConfigKeys (ConfUtils.java:logGet(43)) - raft.server.log.segment.size.max = 1048576 (custom)
2019-09-16 16:49:49,762 [pool-107-thread-1] INFO  server.RaftServerConfigKeys (ConfUtils.java:logGet(43)) - raft.server.log.preallocated.size = 16384 (custom)
2019-09-16 16:49:49,762 [pool-107-thread-1] INFO  server.RaftServerConfigKeys (ConfUtils.java:logGet(43)) - raft.server.log.write.buffer.size = 33554432 (custom)
2019-09-16 16:49:49,762 [pool-107-thread-1] INFO  server.RaftServerConfigKeys (ConfUtils.java:logGet(43)) - raft.server.log.force.sync.num = 128 (default)
2019-09-16 16:49:49,763 [pool-107-thread-1] INFO  server.RaftServerConfigKeys (ConfUtils.java:logGet(43)) - raft.server.log.statemachine.data.sync = true (default)
2019-09-16 16:49:49,763 [pool-107-thread-1] INFO  server.RaftServerConfigKeys (ConfUtils.java:logGet(43)) - raft.server.log.statemachine.data.sync.timeout = 10s (default)
2019-09-16 16:49:49,763 [pool-107-thread-1] INFO  server.RaftServerConfigKeys (ConfUtils.java:logGet(43)) - raft.server.log.statemachine.data.sync.timeout.retry = -1 (default)
2019-09-16 16:49:49,763 [pool-107-thread-1] INFO  server.RaftServerConfigKeys (ConfUtils.java:logGet(43)) - raft.server.log.statemachine.data.caching.enabled = true (custom)
2019-09-16 16:49:49,764 [pool-107-thread-1] INFO  segmented.SegmentedRaftLogWorker (SegmentedRaftLogWorker.java:lambda$new$0(132)) - 9061b39a-2428-46aa-ac83-e6ff060f5840@group-20A972494FA1-SegmentedRaftLogWorker: flushIndex: setUnconditionally 0 -> -1
2019-09-16 16:49:49,764 [pool-107-thread-1] INFO  server.RaftServerConfigKeys (ConfUtils.java:logGet(43)) - raft.server.snapshot.auto.trigger.enabled = true (custom)
2019-09-16 16:49:49,764 [pool-107-thread-1] INFO  server.RaftServerConfigKeys (ConfUtils.java:logGet(43)) - raft.server.snapshot.auto.trigger.threshold = 10000 (custom)
2019-09-16 16:49:49,764 [pool-107-thread-1] INFO  server.RaftServerConfigKeys (ConfUtils.java:logGet(43)) - raft.server.snapshot.retention.num.files = -1 (default)
2019-09-16 16:49:49,765 [pool-107-thread-1] INFO  server.RaftServerConfigKeys (ConfUtils.java:logGet(43)) - raft.server.retrycache.expirytime = 600000ms (custom)
2019-09-16 16:49:49,768 [pool-107-thread-1] INFO  impl.RaftServerImpl (RaftServerImpl.java:start(185)) - 9061b39a-2428-46aa-ac83-e6ff060f5840@group-20A972494FA1: start as a follower, conf=-1: [9061b39a-2428-46aa-ac83-e6ff060f5840:192.168.34.47:46365], old=null
2019-09-16 16:49:49,768 [pool-107-thread-1] INFO  impl.RaftServerImpl (RaftServerImpl.java:setRole(174)) - 9061b39a-2428-46aa-ac83-e6ff060f5840@group-20A972494FA1: changes role from      null to FOLLOWER at term 0 for startAsFollower
2019-09-16 16:49:49,768 [pool-107-thread-1] INFO  impl.RoleInfo (RoleInfo.java:updateAndGet(143)) - 9061b39a-2428-46aa-ac83-e6ff060f5840: start FollowerState
2019-09-16 16:49:49,769 [pool-107-thread-1] INFO  util.JmxRegister (JmxRegister.java:tryRegister(44)) - Successfully registered JMX Bean with object name Ratis:service=RaftServer,group=group-20A972494FA1,id=9061b39a-2428-46aa-ac83-e6ff060f5840
2019-09-16 16:49:49,796 [RatisPipelineUtilsThread] INFO  pipeline.PipelineStateManager (PipelineStateManager.java:addPipeline(56)) - Created pipeline Pipeline[ Id: b22b6b93-e873-4696-8428-20a972494fa1, Nodes: 9061b39a-2428-46aa-ac83-e6ff060f5840{ip: 192.168.34.47, host: pr-hdds-2111-ptm9r-3382166736, networkLocation: /default-rack, certSerialId: null}, Type:RATIS, Factor:ONE, State:OPEN]
2019-09-16 16:49:49,815 [grpc-default-executor-0] INFO  impl.RaftServerProxy (RaftServerProxy.java:addNew(89)) - 95da17b0-4e07-4af0-be4f-5c62bf2a50a7: addNew group-6F241CE3CA9C:[95da17b0-4e07-4af0-be4f-5c62bf2a50a7:192.168.34.47:46480] returns group-6F241CE3CA9C:java.util.concurrent.CompletableFuture@50be1109[Not completed]
2019-09-16 16:49:49,821 [pool-117-thread-1] INFO  impl.RaftServerImpl (RaftServerImpl.java:<init>(95)) - 95da17b0-4e07-4af0-be4f-5c62bf2a50a7: new RaftServerImpl for group-6F241CE3CA9C:[95da17b0-4e07-4af0-be4f-5c62bf2a50a7:192.168.34.47:46480] with ContainerStateMachine:uninitialized
2019-09-16 16:49:49,822 [pool-117-thread-1] INFO  server.RaftServerConfigKeys (ConfUtils.java:logGet(43)) - raft.server.rpc.timeout.min = 1s (custom)
2019-09-16 16:49:49,822 [pool-117-thread-1] INFO  server.RaftServerConfigKeys (ConfUtils.java:logGet(43)) - raft.server.rpc.timeout.max = 1200ms (custom)
2019-09-16 16:49:49,822 [pool-117-thread-1] INFO  server.RaftServerConfigKeys (ConfUtils.java:logGet(43)) - raft.server.rpcslowness.timeout = 120s (custom)
2019-09-16 16:49:49,822 [pool-117-thread-1] INFO  server.RaftServerConfigKeys (ConfUtils.java:logGet(43)) - raft.server.sleep.deviation.threshold = 300 (default)
2019-09-16 16:49:49,822 [pool-117-thread-1] INFO  server.RaftServerConfigKeys (ConfUtils.java:logGet(43)) - raft.server.log.appender.install.snapshot.enabled = false (custom)
2019-09-16 16:49:49,822 [pool-117-thread-1] INFO  impl.RaftServerImpl (ServerState.java:<init>(103)) - 95da17b0-4e07-4af0-be4f-5c62bf2a50a7@group-6F241CE3CA9C: ConfigurationManager, init=-1: [95da17b0-4e07-4af0-be4f-5c62bf2a50a7:192.168.34.47:46480], old=null, confs=<EMPTY_MAP>
2019-09-16 16:49:49,823 [pool-117-thread-1] INFO  server.RaftServerConfigKeys (ConfUtils.java:logGet(43)) - raft.server.storage.dir = [/workdir/hadoop-ozone/integration-test/target/test-dir/MiniOzoneClusterImpl-f8b2c6cb-9ce7-4af8-81ae-d81048953348/datanode-9/data/ratis] (custom)
2019-09-16 16:49:49,823 [pool-117-thread-1] INFO  storage.RaftStorageDirectory (RaftStorageDirectory.java:analyzeStorage(246)) - The storage directory /workdir/hadoop-ozone/integration-test/target/test-dir/MiniOzoneClusterImpl-f8b2c6cb-9ce7-4af8-81ae-d81048953348/datanode-9/data/ratis/cc647c44-e312-42c5-b3df-6f241ce3ca9c does not exist. Creating ...
2019-09-16 16:49:49,836 [pool-117-thread-1] INFO  storage.RaftStorageDirectory (RaftStorageDirectory.java:tryLock(328)) - Lock on /workdir/hadoop-ozone/integration-test/target/test-dir/MiniOzoneClusterImpl-f8b2c6cb-9ce7-4af8-81ae-d81048953348/datanode-9/data/ratis/cc647c44-e312-42c5-b3df-6f241ce3ca9c/in_use.lock acquired by nodename 8658@pr-hdds-2111-ptm9r-3382166736
2019-09-16 16:49:49,850 [pool-117-thread-1] INFO  storage.RaftStorage (RaftStorage.java:format(72)) - Storage directory /workdir/hadoop-ozone/integration-test/target/test-dir/MiniOzoneClusterImpl-f8b2c6cb-9ce7-4af8-81ae-d81048953348/datanode-9/data/ratis/cc647c44-e312-42c5-b3df-6f241ce3ca9c has been successfully formatted.
2019-09-16 16:49:49,850 [pool-117-thread-1] INFO  ratis.ContainerStateMachine (ContainerStateMachine.java:loadSnapshot(230)) - group-6F241CE3CA9C: The snapshot info is null. Setting the last applied indexto:(t:0, i:~)
2019-09-16 16:49:49,850 [pool-117-thread-1] INFO  server.RaftServerConfigKeys (ConfUtils.java:logGet(43)) - raft.server.notification.no-leader.timeout = 120s (custom)
2019-09-16 16:49:49,850 [pool-117-thread-1] INFO  server.RaftServerConfigKeys (ConfUtils.java:logGet(43)) - raft.server.log.use.memory = false (default)
2019-09-16 16:49:49,850 [pool-117-thread-1] INFO  server.RaftServerConfigKeys (ConfUtils.java:logGet(43)) - raft.server.log.purge.gap = 1000000 (custom)
2019-09-16 16:49:49,851 [pool-117-thread-1] INFO  server.RaftServerConfigKeys (ConfUtils.java:logGet(43)) - raft.server.log.appender.buffer.byte-limit = 33554432 (custom)
2019-09-16 16:49:49,851 [pool-117-thread-1] INFO  server.RaftServerConfigKeys (ConfUtils.java:logGet(43)) - raft.server.log.segment.size.max = 1048576 (custom)
2019-09-16 16:49:49,851 [pool-117-thread-1] INFO  server.RaftServerConfigKeys (ConfUtils.java:logGet(43)) - raft.server.log.segment.cache.num.max = 2 (custom)
2019-09-16 16:49:49,851 [pool-117-thread-1] INFO  segmented.SegmentedRaftLogWorker (SegmentedRaftLogWorker.java:<init>(172)) - new 95da17b0-4e07-4af0-be4f-5c62bf2a50a7@group-6F241CE3CA9C-SegmentedRaftLogWorker for RaftStorage:Storage Directory /workdir/hadoop-ozone/integration-test/target/test-dir/MiniOzoneClusterImpl-f8b2c6cb-9ce7-4af8-81ae-d81048953348/datanode-9/data/ratis/cc647c44-e312-42c5-b3df-6f241ce3ca9c
2019-09-16 16:49:49,854 [pool-117-thread-1] INFO  server.RaftServerConfigKeys (ConfUtils.java:logGet(43)) - raft.server.log.queue.byte-limit = 2147483647 (custom)
2019-09-16 16:49:49,855 [pool-117-thread-1] INFO  server.RaftServerConfigKeys (ConfUtils.java:logGet(43)) - raft.server.log.queue.element-limit = 1024 (custom)
2019-09-16 16:49:49,855 [pool-117-thread-1] INFO  server.RaftServerConfigKeys (ConfUtils.java:logGet(43)) - raft.server.log.segment.size.max = 1048576 (custom)
2019-09-16 16:49:49,855 [pool-117-thread-1] INFO  server.RaftServerConfigKeys (ConfUtils.java:logGet(43)) - raft.server.log.preallocated.size = 16384 (custom)
2019-09-16 16:49:49,855 [pool-117-thread-1] INFO  server.RaftServerConfigKeys (ConfUtils.java:logGet(43)) - raft.server.log.write.buffer.size = 33554432 (custom)
2019-09-16 16:49:49,855 [pool-117-thread-1] INFO  server.RaftServerConfigKeys (ConfUtils.java:logGet(43)) - raft.server.log.force.sync.num = 128 (default)
2019-09-16 16:49:49,856 [pool-117-thread-1] INFO  server.RaftServerConfigKeys (ConfUtils.java:logGet(43)) - raft.server.log.statemachine.data.sync = true (default)
2019-09-16 16:49:49,856 [pool-117-thread-1] INFO  server.RaftServerConfigKeys (ConfUtils.java:logGet(43)) - raft.server.log.statemachine.data.sync.timeout = 10s (default)
2019-09-16 16:49:49,856 [pool-117-thread-1] INFO  server.RaftServerConfigKeys (ConfUtils.java:logGet(43)) - raft.server.log.statemachine.data.sync.timeout.retry = -1 (default)
2019-09-16 16:49:49,856 [pool-117-thread-1] INFO  server.RaftServerConfigKeys (ConfUtils.java:logGet(43)) - raft.server.log.statemachine.data.caching.enabled = true (custom)
2019-09-16 16:49:49,857 [pool-117-thread-1] INFO  segmented.SegmentedRaftLogWorker (SegmentedRaftLogWorker.java:lambda$new$0(132)) - 95da17b0-4e07-4af0-be4f-5c62bf2a50a7@group-6F241CE3CA9C-SegmentedRaftLogWorker: flushIndex: setUnconditionally 0 -> -1
2019-09-16 16:49:49,857 [pool-117-thread-1] INFO  server.RaftServerConfigKeys (ConfUtils.java:logGet(43)) - raft.server.snapshot.auto.trigger.enabled = true (custom)
2019-09-16 16:49:49,857 [pool-117-thread-1] INFO  server.RaftServerConfigKeys (ConfUtils.java:logGet(43)) - raft.server.snapshot.auto.trigger.threshold = 10000 (custom)
2019-09-16 16:49:49,857 [pool-117-thread-1] INFO  server.RaftServerConfigKeys (ConfUtils.java:logGet(43)) - raft.server.snapshot.retention.num.files = -1 (default)
2019-09-16 16:49:49,858 [pool-117-thread-1] INFO  server.RaftServerConfigKeys (ConfUtils.java:logGet(43)) - raft.server.retrycache.expirytime = 600000ms (custom)
2019-09-16 16:49:49,861 [pool-117-thread-1] INFO  impl.RaftServerImpl (RaftServerImpl.java:start(185)) - 95da17b0-4e07-4af0-be4f-5c62bf2a50a7@group-6F241CE3CA9C: start as a follower, conf=-1: [95da17b0-4e07-4af0-be4f-5c62bf2a50a7:192.168.34.47:46480], old=null
2019-09-16 16:49:49,861 [pool-117-thread-1] INFO  impl.RaftServerImpl (RaftServerImpl.java:setRole(174)) - 95da17b0-4e07-4af0-be4f-5c62bf2a50a7@group-6F241CE3CA9C: changes role from      null to FOLLOWER at term 0 for startAsFollower
2019-09-16 16:49:49,861 [pool-117-thread-1] INFO  impl.RoleInfo (RoleInfo.java:updateAndGet(143)) - 95da17b0-4e07-4af0-be4f-5c62bf2a50a7: start FollowerState
2019-09-16 16:49:49,862 [pool-117-thread-1] INFO  util.JmxRegister (JmxRegister.java:tryRegister(44)) - Successfully registered JMX Bean with object name Ratis:service=RaftServer,group=group-6F241CE3CA9C,id=95da17b0-4e07-4af0-be4f-5c62bf2a50a7
2019-09-16 16:49:49,877 [RatisPipelineUtilsThread] INFO  pipeline.PipelineStateManager (PipelineStateManager.java:addPipeline(56)) - Created pipeline Pipeline[ Id: cc647c44-e312-42c5-b3df-6f241ce3ca9c, Nodes: 95da17b0-4e07-4af0-be4f-5c62bf2a50a7{ip: 192.168.34.47, host: pr-hdds-2111-ptm9r-3382166736, networkLocation: /default-rack, certSerialId: null}, Type:RATIS, Factor:ONE, State:OPEN]
2019-09-16 16:49:49,897 [grpc-default-executor-0] INFO  impl.RaftServerProxy (RaftServerProxy.java:addNew(89)) - 18b96c5b-e26d-45b3-8a36-72f0b02f08ab: addNew group-EE0D8D7AAF1D:[18b96c5b-e26d-45b3-8a36-72f0b02f08ab:192.168.34.47:45604] returns group-EE0D8D7AAF1D:java.util.concurrent.CompletableFuture@3ded35e[Not completed]
2019-09-16 16:49:49,899 [pool-37-thread-1] INFO  impl.RaftServerImpl (RaftServerImpl.java:<init>(95)) - 18b96c5b-e26d-45b3-8a36-72f0b02f08ab: new RaftServerImpl for group-EE0D8D7AAF1D:[18b96c5b-e26d-45b3-8a36-72f0b02f08ab:192.168.34.47:45604] with ContainerStateMachine:uninitialized
2019-09-16 16:49:49,900 [pool-37-thread-1] INFO  server.RaftServerConfigKeys (ConfUtils.java:logGet(43)) - raft.server.rpc.timeout.min = 1s (custom)
2019-09-16 16:49:49,900 [pool-37-thread-1] INFO  server.RaftServerConfigKeys (ConfUtils.java:logGet(43)) - raft.server.rpc.timeout.max = 1200ms (custom)
2019-09-16 16:49:49,900 [pool-37-thread-1] INFO  server.RaftServerConfigKeys (ConfUtils.java:logGet(43)) - raft.server.rpcslowness.timeout = 120s (custom)
2019-09-16 16:49:49,900 [pool-37-thread-1] INFO  server.RaftServerConfigKeys (ConfUtils.java:logGet(43)) - raft.server.sleep.deviation.threshold = 300 (default)
2019-09-16 16:49:49,900 [pool-37-thread-1] INFO  server.RaftServerConfigKeys (ConfUtils.java:logGet(43)) - raft.server.log.appender.install.snapshot.enabled = false (custom)
2019-09-16 16:49:49,900 [pool-37-thread-1] INFO  impl.RaftServerImpl (ServerState.java:<init>(103)) - 18b96c5b-e26d-45b3-8a36-72f0b02f08ab@group-EE0D8D7AAF1D: ConfigurationManager, init=-1: [18b96c5b-e26d-45b3-8a36-72f0b02f08ab:192.168.34.47:45604], old=null, confs=<EMPTY_MAP>
2019-09-16 16:49:49,901 [pool-37-thread-1] INFO  server.RaftServerConfigKeys (ConfUtils.java:logGet(43)) - raft.server.storage.dir = [/workdir/hadoop-ozone/integration-test/target/test-dir/MiniOzoneClusterImpl-f8b2c6cb-9ce7-4af8-81ae-d81048953348/datanode-1/data/ratis] (custom)
2019-09-16 16:49:49,901 [pool-37-thread-1] INFO  storage.RaftStorageDirectory (RaftStorageDirectory.java:analyzeStorage(246)) - The storage directory /workdir/hadoop-ozone/integration-test/target/test-dir/MiniOzoneClusterImpl-f8b2c6cb-9ce7-4af8-81ae-d81048953348/datanode-1/data/ratis/739596c6-a8dc-4b21-8b90-ee0d8d7aaf1d does not exist. Creating ...
2019-09-16 16:49:49,915 [pool-37-thread-1] INFO  storage.RaftStorageDirectory (RaftStorageDirectory.java:tryLock(328)) - Lock on /workdir/hadoop-ozone/integration-test/target/test-dir/MiniOzoneClusterImpl-f8b2c6cb-9ce7-4af8-81ae-d81048953348/datanode-1/data/ratis/739596c6-a8dc-4b21-8b90-ee0d8d7aaf1d/in_use.lock acquired by nodename 8658@pr-hdds-2111-ptm9r-3382166736
2019-09-16 16:49:49,928 [pool-37-thread-1] INFO  storage.RaftStorage (RaftStorage.java:format(72)) - Storage directory /workdir/hadoop-ozone/integration-test/target/test-dir/MiniOzoneClusterImpl-f8b2c6cb-9ce7-4af8-81ae-d81048953348/datanode-1/data/ratis/739596c6-a8dc-4b21-8b90-ee0d8d7aaf1d has been successfully formatted.
2019-09-16 16:49:49,928 [pool-37-thread-1] INFO  ratis.ContainerStateMachine (ContainerStateMachine.java:loadSnapshot(230)) - group-EE0D8D7AAF1D: The snapshot info is null. Setting the last applied indexto:(t:0, i:~)
2019-09-16 16:49:49,928 [pool-37-thread-1] INFO  server.RaftServerConfigKeys (ConfUtils.java:logGet(43)) - raft.server.notification.no-leader.timeout = 120s (custom)
2019-09-16 16:49:49,928 [pool-37-thread-1] INFO  server.RaftServerConfigKeys (ConfUtils.java:logGet(43)) - raft.server.log.use.memory = false (default)
2019-09-16 16:49:49,929 [pool-37-thread-1] INFO  server.RaftServerConfigKeys (ConfUtils.java:logGet(43)) - raft.server.log.purge.gap = 1000000 (custom)
2019-09-16 16:49:49,929 [pool-37-thread-1] INFO  server.RaftServerConfigKeys (ConfUtils.java:logGet(43)) - raft.server.log.appender.buffer.byte-limit = 33554432 (custom)
2019-09-16 16:49:49,929 [pool-37-thread-1] INFO  server.RaftServerConfigKeys (ConfUtils.java:logGet(43)) - raft.server.log.segment.size.max = 1048576 (custom)
2019-09-16 16:49:49,929 [pool-37-thread-1] INFO  server.RaftServerConfigKeys (ConfUtils.java:logGet(43)) - raft.server.log.segment.cache.num.max = 2 (custom)
2019-09-16 16:49:49,929 [pool-37-thread-1] INFO  segmented.SegmentedRaftLogWorker (SegmentedRaftLogWorker.java:<init>(172)) - new 18b96c5b-e26d-45b3-8a36-72f0b02f08ab@group-EE0D8D7AAF1D-SegmentedRaftLogWorker for RaftStorage:Storage Directory /workdir/hadoop-ozone/integration-test/target/test-dir/MiniOzoneClusterImpl-f8b2c6cb-9ce7-4af8-81ae-d81048953348/datanode-1/data/ratis/739596c6-a8dc-4b21-8b90-ee0d8d7aaf1d
2019-09-16 16:49:49,932 [pool-37-thread-1] INFO  server.RaftServerConfigKeys (ConfUtils.java:logGet(43)) - raft.server.log.queue.byte-limit = 2147483647 (custom)
2019-09-16 16:49:49,933 [pool-37-thread-1] INFO  server.RaftServerConfigKeys (ConfUtils.java:logGet(43)) - raft.server.log.queue.element-limit = 1024 (custom)
2019-09-16 16:49:49,933 [pool-37-thread-1] INFO  server.RaftServerConfigKeys (ConfUtils.java:logGet(43)) - raft.server.log.segment.size.max = 1048576 (custom)
2019-09-16 16:49:49,933 [pool-37-thread-1] INFO  server.RaftServerConfigKeys (ConfUtils.java:logGet(43)) - raft.server.log.preallocated.size = 16384 (custom)
2019-09-16 16:49:49,933 [pool-37-thread-1] INFO  server.RaftServerConfigKeys (ConfUtils.java:logGet(43)) - raft.server.log.write.buffer.size = 33554432 (custom)
2019-09-16 16:49:49,933 [pool-37-thread-1] INFO  server.RaftServerConfigKeys (ConfUtils.java:logGet(43)) - raft.server.log.force.sync.num = 128 (default)
2019-09-16 16:49:49,934 [pool-37-thread-1] INFO  server.RaftServerConfigKeys (ConfUtils.java:logGet(43)) - raft.server.log.statemachine.data.sync = true (default)
2019-09-16 16:49:49,934 [pool-37-thread-1] INFO  server.RaftServerConfigKeys (ConfUtils.java:logGet(43)) - raft.server.log.statemachine.data.sync.timeout = 10s (default)
2019-09-16 16:49:49,934 [pool-37-thread-1] INFO  server.RaftServerConfigKeys (ConfUtils.java:logGet(43)) - raft.server.log.statemachine.data.sync.timeout.retry = -1 (default)
2019-09-16 16:49:49,934 [pool-37-thread-1] INFO  server.RaftServerConfigKeys (ConfUtils.java:logGet(43)) - raft.server.log.statemachine.data.caching.enabled = true (custom)
2019-09-16 16:49:49,935 [pool-37-thread-1] INFO  segmented.SegmentedRaftLogWorker (SegmentedRaftLogWorker.java:lambda$new$0(132)) - 18b96c5b-e26d-45b3-8a36-72f0b02f08ab@group-EE0D8D7AAF1D-SegmentedRaftLogWorker: flushIndex: setUnconditionally 0 -> -1
2019-09-16 16:49:49,935 [pool-37-thread-1] INFO  server.RaftServerConfigKeys (ConfUtils.java:logGet(43)) - raft.server.snapshot.auto.trigger.enabled = true (custom)
2019-09-16 16:49:49,935 [pool-37-thread-1] INFO  server.RaftServerConfigKeys (ConfUtils.java:logGet(43)) - raft.server.snapshot.auto.trigger.threshold = 10000 (custom)
2019-09-16 16:49:49,935 [pool-37-thread-1] INFO  server.RaftServerConfigKeys (ConfUtils.java:logGet(43)) - raft.server.snapshot.retention.num.files = -1 (default)
2019-09-16 16:49:49,935 [pool-37-thread-1] INFO  server.RaftServerConfigKeys (ConfUtils.java:logGet(43)) - raft.server.retrycache.expirytime = 600000ms (custom)
2019-09-16 16:49:49,938 [pool-37-thread-1] INFO  impl.RaftServerImpl (RaftServerImpl.java:start(185)) - 18b96c5b-e26d-45b3-8a36-72f0b02f08ab@group-EE0D8D7AAF1D: start as a follower, conf=-1: [18b96c5b-e26d-45b3-8a36-72f0b02f08ab:192.168.34.47:45604], old=null
2019-09-16 16:49:49,938 [pool-37-thread-1] INFO  impl.RaftServerImpl (RaftServerImpl.java:setRole(174)) - 18b96c5b-e26d-45b3-8a36-72f0b02f08ab@group-EE0D8D7AAF1D: changes role from      null to FOLLOWER at term 0 for startAsFollower
2019-09-16 16:49:49,938 [pool-37-thread-1] INFO  impl.RoleInfo (RoleInfo.java:updateAndGet(143)) - 18b96c5b-e26d-45b3-8a36-72f0b02f08ab: start FollowerState
2019-09-16 16:49:49,939 [pool-37-thread-1] INFO  util.JmxRegister (JmxRegister.java:tryRegister(44)) - Successfully registered JMX Bean with object name Ratis:service=RaftServer,group=group-EE0D8D7AAF1D,id=18b96c5b-e26d-45b3-8a36-72f0b02f08ab
2019-09-16 16:49:49,946 [main] INFO  ozone.MiniOzoneClusterImpl (MiniOzoneClusterImpl.java:lambda$waitForClusterToBeReady$0(140)) - Cluster is ready. Got 10 of 10 DN Heartbeats.
2019-09-16 16:49:49,955 [RatisPipelineUtilsThread] INFO  pipeline.PipelineStateManager (PipelineStateManager.java:addPipeline(56)) - Created pipeline Pipeline[ Id: 739596c6-a8dc-4b21-8b90-ee0d8d7aaf1d, Nodes: 18b96c5b-e26d-45b3-8a36-72f0b02f08ab{ip: 192.168.34.47, host: pr-hdds-2111-ptm9r-3382166736, networkLocation: /default-rack, certSerialId: null}, Type:RATIS, Factor:ONE, State:OPEN]
2019-09-16 16:49:49,985 [grpc-default-executor-1] INFO  impl.RaftServerProxy (RaftServerProxy.java:addNew(89)) - 1370fd8c-73fc-4f35-949b-7e5b6187350c: addNew group-FF25A56A1D0A:[1370fd8c-73fc-4f35-949b-7e5b6187350c:192.168.34.47:34835] returns group-FF25A56A1D0A:java.util.concurrent.CompletableFuture@12a6c8be[Not completed]
2019-09-16 16:49:49,994 [pool-87-thread-1] INFO  impl.RaftServerImpl (RaftServerImpl.java:<init>(95)) - 1370fd8c-73fc-4f35-949b-7e5b6187350c: new RaftServerImpl for group-FF25A56A1D0A:[1370fd8c-73fc-4f35-949b-7e5b6187350c:192.168.34.47:34835] with ContainerStateMachine:uninitialized
2019-09-16 16:49:49,994 [pool-87-thread-1] INFO  server.RaftServerConfigKeys (ConfUtils.java:logGet(43)) - raft.server.rpc.timeout.min = 1s (custom)
2019-09-16 16:49:49,994 [pool-87-thread-1] INFO  server.RaftServerConfigKeys (ConfUtils.java:logGet(43)) - raft.server.rpc.timeout.max = 1200ms (custom)
2019-09-16 16:49:49,995 [pool-87-thread-1] INFO  server.RaftServerConfigKeys (ConfUtils.java:logGet(43)) - raft.server.rpcslowness.timeout = 120s (custom)
2019-09-16 16:49:49,995 [pool-87-thread-1] INFO  server.RaftServerConfigKeys (ConfUtils.java:logGet(43)) - raft.server.sleep.deviation.threshold = 300 (default)
2019-09-16 16:49:49,995 [pool-87-thread-1] INFO  server.RaftServerConfigKeys (ConfUtils.java:logGet(43)) - raft.server.log.appender.install.snapshot.enabled = false (custom)
2019-09-16 16:49:49,995 [pool-87-thread-1] INFO  impl.RaftServerImpl (ServerState.java:<init>(103)) - 1370fd8c-73fc-4f35-949b-7e5b6187350c@group-FF25A56A1D0A: ConfigurationManager, init=-1: [1370fd8c-73fc-4f35-949b-7e5b6187350c:192.168.34.47:34835], old=null, confs=<EMPTY_MAP>
2019-09-16 16:49:49,995 [pool-87-thread-1] INFO  server.RaftServerConfigKeys (ConfUtils.java:logGet(43)) - raft.server.storage.dir = [/workdir/hadoop-ozone/integration-test/target/test-dir/MiniOzoneClusterImpl-f8b2c6cb-9ce7-4af8-81ae-d81048953348/datanode-6/data/ratis] (custom)
2019-09-16 16:49:49,996 [pool-87-thread-1] INFO  storage.RaftStorageDirectory (RaftStorageDirectory.java:analyzeStorage(246)) - The storage directory /workdir/hadoop-ozone/integration-test/target/test-dir/MiniOzoneClusterImpl-f8b2c6cb-9ce7-4af8-81ae-d81048953348/datanode-6/data/ratis/ade06ddb-661c-42a0-997a-ff25a56a1d0a does not exist. Creating ...
2019-09-16 16:49:50,008 [pool-87-thread-1] INFO  storage.RaftStorageDirectory (RaftStorageDirectory.java:tryLock(328)) - Lock on /workdir/hadoop-ozone/integration-test/target/test-dir/MiniOzoneClusterImpl-f8b2c6cb-9ce7-4af8-81ae-d81048953348/datanode-6/data/ratis/ade06ddb-661c-42a0-997a-ff25a56a1d0a/in_use.lock acquired by nodename 8658@pr-hdds-2111-ptm9r-3382166736
2019-09-16 16:49:50,032 [pool-87-thread-1] INFO  storage.RaftStorage (RaftStorage.java:format(72)) - Storage directory /workdir/hadoop-ozone/integration-test/target/test-dir/MiniOzoneClusterImpl-f8b2c6cb-9ce7-4af8-81ae-d81048953348/datanode-6/data/ratis/ade06ddb-661c-42a0-997a-ff25a56a1d0a has been successfully formatted.
2019-09-16 16:49:50,033 [pool-87-thread-1] INFO  ratis.ContainerStateMachine (ContainerStateMachine.java:loadSnapshot(230)) - group-FF25A56A1D0A: The snapshot info is null. Setting the last applied indexto:(t:0, i:~)
2019-09-16 16:49:50,033 [pool-87-thread-1] INFO  server.RaftServerConfigKeys (ConfUtils.java:logGet(43)) - raft.server.notification.no-leader.timeout = 120s (custom)
2019-09-16 16:49:50,033 [pool-87-thread-1] INFO  server.RaftServerConfigKeys (ConfUtils.java:logGet(43)) - raft.server.log.use.memory = false (default)
2019-09-16 16:49:50,033 [pool-87-thread-1] INFO  server.RaftServerConfigKeys (ConfUtils.java:logGet(43)) - raft.server.log.purge.gap = 1000000 (custom)
2019-09-16 16:49:50,033 [pool-87-thread-1] INFO  server.RaftServerConfigKeys (ConfUtils.java:logGet(43)) - raft.server.log.appender.buffer.byte-limit = 33554432 (custom)
2019-09-16 16:49:50,034 [pool-87-thread-1] INFO  server.RaftServerConfigKeys (ConfUtils.java:logGet(43)) - raft.server.log.segment.size.max = 1048576 (custom)
2019-09-16 16:49:50,034 [pool-87-thread-1] INFO  server.RaftServerConfigKeys (ConfUtils.java:logGet(43)) - raft.server.log.segment.cache.num.max = 2 (custom)
2019-09-16 16:49:50,034 [pool-87-thread-1] INFO  segmented.SegmentedRaftLogWorker (SegmentedRaftLogWorker.java:<init>(172)) - new 1370fd8c-73fc-4f35-949b-7e5b6187350c@group-FF25A56A1D0A-SegmentedRaftLogWorker for RaftStorage:Storage Directory /workdir/hadoop-ozone/integration-test/target/test-dir/MiniOzoneClusterImpl-f8b2c6cb-9ce7-4af8-81ae-d81048953348/datanode-6/data/ratis/ade06ddb-661c-42a0-997a-ff25a56a1d0a
2019-09-16 16:49:50,037 [pool-87-thread-1] INFO  server.RaftServerConfigKeys (ConfUtils.java:logGet(43)) - raft.server.log.queue.byte-limit = 2147483647 (custom)
2019-09-16 16:49:50,037 [pool-87-thread-1] INFO  server.RaftServerConfigKeys (ConfUtils.java:logGet(43)) - raft.server.log.queue.element-limit = 1024 (custom)
2019-09-16 16:49:50,037 [pool-87-thread-1] INFO  server.RaftServerConfigKeys (ConfUtils.java:logGet(43)) - raft.server.log.segment.size.max = 1048576 (custom)
2019-09-16 16:49:50,038 [pool-87-thread-1] INFO  server.RaftServerConfigKeys (ConfUtils.java:logGet(43)) - raft.server.log.preallocated.size = 16384 (custom)
2019-09-16 16:49:50,038 [pool-87-thread-1] INFO  server.RaftServerConfigKeys (ConfUtils.java:logGet(43)) - raft.server.log.write.buffer.size = 33554432 (custom)
2019-09-16 16:49:50,038 [pool-87-thread-1] INFO  server.RaftServerConfigKeys (ConfUtils.java:logGet(43)) - raft.server.log.force.sync.num = 128 (default)
2019-09-16 16:49:50,038 [pool-87-thread-1] INFO  server.RaftServerConfigKeys (ConfUtils.java:logGet(43)) - raft.server.log.statemachine.data.sync = true (default)
2019-09-16 16:49:50,038 [pool-87-thread-1] INFO  server.RaftServerConfigKeys (ConfUtils.java:logGet(43)) - raft.server.log.statemachine.data.sync.timeout = 10s (default)
2019-09-16 16:49:50,039 [pool-87-thread-1] INFO  server.RaftServerConfigKeys (ConfUtils.java:logGet(43)) - raft.server.log.statemachine.data.sync.timeout.retry = -1 (default)
2019-09-16 16:49:50,039 [pool-87-thread-1] INFO  server.RaftServerConfigKeys (ConfUtils.java:logGet(43)) - raft.server.log.statemachine.data.caching.enabled = true (custom)
2019-09-16 16:49:50,039 [pool-87-thread-1] INFO  segmented.SegmentedRaftLogWorker (SegmentedRaftLogWorker.java:lambda$new$0(132)) - 1370fd8c-73fc-4f35-949b-7e5b6187350c@group-FF25A56A1D0A-SegmentedRaftLogWorker: flushIndex: setUnconditionally 0 -> -1
2019-09-16 16:49:50,040 [pool-87-thread-1] INFO  server.RaftServerConfigKeys (ConfUtils.java:logGet(43)) - raft.server.snapshot.auto.trigger.enabled = true (custom)
2019-09-16 16:49:50,040 [pool-87-thread-1] INFO  server.RaftServerConfigKeys (ConfUtils.java:logGet(43)) - raft.server.snapshot.auto.trigger.threshold = 10000 (custom)
2019-09-16 16:49:50,040 [pool-87-thread-1] INFO  server.RaftServerConfigKeys (ConfUtils.java:logGet(43)) - raft.server.snapshot.retention.num.files = -1 (default)
2019-09-16 16:49:50,040 [pool-87-thread-1] INFO  server.RaftServerConfigKeys (ConfUtils.java:logGet(43)) - raft.server.retrycache.expirytime = 600000ms (custom)
2019-09-16 16:49:50,043 [pool-87-thread-1] INFO  impl.RaftServerImpl (RaftServerImpl.java:start(185)) - 1370fd8c-73fc-4f35-949b-7e5b6187350c@group-FF25A56A1D0A: start as a follower, conf=-1: [1370fd8c-73fc-4f35-949b-7e5b6187350c:192.168.34.47:34835], old=null
2019-09-16 16:49:50,043 [pool-87-thread-1] INFO  impl.RaftServerImpl (RaftServerImpl.java:setRole(174)) - 1370fd8c-73fc-4f35-949b-7e5b6187350c@group-FF25A56A1D0A: changes role from      null to FOLLOWER at term 0 for startAsFollower
2019-09-16 16:49:50,044 [pool-87-thread-1] INFO  impl.RoleInfo (RoleInfo.java:updateAndGet(143)) - 1370fd8c-73fc-4f35-949b-7e5b6187350c: start FollowerState
2019-09-16 16:49:50,044 [pool-87-thread-1] INFO  util.JmxRegister (JmxRegister.java:tryRegister(44)) - Successfully registered JMX Bean with object name Ratis:service=RaftServer,group=group-FF25A56A1D0A,id=1370fd8c-73fc-4f35-949b-7e5b6187350c
2019-09-16 16:49:50,058 [RatisPipelineUtilsThread] INFO  pipeline.PipelineStateManager (PipelineStateManager.java:addPipeline(56)) - Created pipeline Pipeline[ Id: ade06ddb-661c-42a0-997a-ff25a56a1d0a, Nodes: 1370fd8c-73fc-4f35-949b-7e5b6187350c{ip: 192.168.34.47, host: pr-hdds-2111-ptm9r-3382166736, networkLocation: /default-rack, certSerialId: null}, Type:RATIS, Factor:ONE, State:OPEN]
2019-09-16 16:49:50,130 [Thread-285] INFO  impl.FollowerState (FollowerState.java:run(106)) - d43b0c61-8f3a-4c5a-ae51-ff6150aafa7d:group-CB6E27F550FA changes to CANDIDATE, lastRpcTime:1097, electionTimeout:1060ms
2019-09-16 16:49:50,158 [Thread-285] INFO  impl.RoleInfo (RoleInfo.java:shutdownFollowerState(121)) - d43b0c61-8f3a-4c5a-ae51-ff6150aafa7d: shutdown FollowerState
2019-09-16 16:49:50,158 [Thread-285] INFO  impl.RaftServerImpl (RaftServerImpl.java:setRole(174)) - d43b0c61-8f3a-4c5a-ae51-ff6150aafa7d@group-CB6E27F550FA: changes role from  FOLLOWER to CANDIDATE at term 0 for changeToCandidate
2019-09-16 16:49:50,175 [Thread-285] INFO  impl.RoleInfo (RoleInfo.java:updateAndGet(143)) - d43b0c61-8f3a-4c5a-ae51-ff6150aafa7d: start LeaderElection
2019-09-16 16:49:50,244 [grpc-default-executor-2] INFO  impl.RaftServerProxy (RaftServerProxy.java:addNew(89)) - 790809fb-a9ad-47fd-bbe4-169138176431: addNew group-3F8977C1BEA2:[790809fb-a9ad-47fd-bbe4-169138176431:192.168.34.47:36816, c9a1bac0-eae5-4c8c-abbf-c37d9bceede4:192.168.34.47:39870, fa2692cc-7d13-407b-8ba8-1b16aaf9a086:192.168.34.47:34866] returns group-3F8977C1BEA2:java.util.concurrent.CompletableFuture@6000d1e6[Not completed]
2019-09-16 16:49:50,244 [grpc-default-executor-0] INFO  impl.RaftServerProxy (RaftServerProxy.java:addNew(89)) - c9a1bac0-eae5-4c8c-abbf-c37d9bceede4: addNew group-3F8977C1BEA2:[790809fb-a9ad-47fd-bbe4-169138176431:192.168.34.47:36816, c9a1bac0-eae5-4c8c-abbf-c37d9bceede4:192.168.34.47:39870, fa2692cc-7d13-407b-8ba8-1b16aaf9a086:192.168.34.47:34866] returns group-3F8977C1BEA2:java.util.concurrent.CompletableFuture@3c6c0c91[Not completed]
2019-09-16 16:49:50,247 [grpc-default-executor-2] INFO  impl.RaftServerProxy (RaftServerProxy.java:addNew(89)) - fa2692cc-7d13-407b-8ba8-1b16aaf9a086: addNew group-3F8977C1BEA2:[790809fb-a9ad-47fd-bbe4-169138176431:192.168.34.47:36816, c9a1bac0-eae5-4c8c-abbf-c37d9bceede4:192.168.34.47:39870, fa2692cc-7d13-407b-8ba8-1b16aaf9a086:192.168.34.47:34866] returns group-3F8977C1BEA2:java.util.concurrent.CompletableFuture@25024382[Not completed]
2019-09-16 16:49:50,248 [pool-67-thread-1] INFO  impl.RaftServerImpl (RaftServerImpl.java:<init>(95)) - 790809fb-a9ad-47fd-bbe4-169138176431: new RaftServerImpl for group-3F8977C1BEA2:[790809fb-a9ad-47fd-bbe4-169138176431:192.168.34.47:36816, c9a1bac0-eae5-4c8c-abbf-c37d9bceede4:192.168.34.47:39870, fa2692cc-7d13-407b-8ba8-1b16aaf9a086:192.168.34.47:34866] with ContainerStateMachine:uninitialized
2019-09-16 16:49:50,248 [pool-67-thread-1] INFO  server.RaftServerConfigKeys (ConfUtils.java:logGet(43)) - raft.server.rpc.timeout.min = 1s (custom)
2019-09-16 16:49:50,248 [pool-67-thread-1] INFO  server.RaftServerConfigKeys (ConfUtils.java:logGet(43)) - raft.server.rpc.timeout.max = 1200ms (custom)
2019-09-16 16:49:50,249 [pool-67-thread-1] INFO  server.RaftServerConfigKeys (ConfUtils.java:logGet(43)) - raft.server.rpcslowness.timeout = 120s (custom)
2019-09-16 16:49:50,249 [pool-47-thread-1] INFO  impl.RaftServerImpl (RaftServerImpl.java:<init>(95)) - fa2692cc-7d13-407b-8ba8-1b16aaf9a086: new RaftServerImpl for group-3F8977C1BEA2:[790809fb-a9ad-47fd-bbe4-169138176431:192.168.34.47:36816, c9a1bac0-eae5-4c8c-abbf-c37d9bceede4:192.168.34.47:39870, fa2692cc-7d13-407b-8ba8-1b16aaf9a086:192.168.34.47:34866] with ContainerStateMachine:uninitialized
2019-09-16 16:49:50,249 [pool-67-thread-1] INFO  server.RaftServerConfigKeys (ConfUtils.java:logGet(43)) - raft.server.sleep.deviation.threshold = 300 (default)
2019-09-16 16:49:50,249 [pool-47-thread-1] INFO  server.RaftServerConfigKeys (ConfUtils.java:logGet(43)) - raft.server.rpc.timeout.min = 1s (custom)
2019-09-16 16:49:50,249 [pool-67-thread-1] INFO  server.RaftServerConfigKeys (ConfUtils.java:logGet(43)) - raft.server.log.appender.install.snapshot.enabled = false (custom)
2019-09-16 16:49:50,249 [pool-47-thread-1] INFO  server.RaftServerConfigKeys (ConfUtils.java:logGet(43)) - raft.server.rpc.timeout.max = 1200ms (custom)
2019-09-16 16:49:50,249 [pool-67-thread-1] INFO  impl.RaftServerImpl (ServerState.java:<init>(103)) - 790809fb-a9ad-47fd-bbe4-169138176431@group-3F8977C1BEA2: ConfigurationManager, init=-1: [790809fb-a9ad-47fd-bbe4-169138176431:192.168.34.47:36816, c9a1bac0-eae5-4c8c-abbf-c37d9bceede4:192.168.34.47:39870, fa2692cc-7d13-407b-8ba8-1b16aaf9a086:192.168.34.47:34866], old=null, confs=<EMPTY_MAP>
2019-09-16 16:49:50,250 [pool-97-thread-1] INFO  impl.RaftServerImpl (RaftServerImpl.java:<init>(95)) - c9a1bac0-eae5-4c8c-abbf-c37d9bceede4: new RaftServerImpl for group-3F8977C1BEA2:[790809fb-a9ad-47fd-bbe4-169138176431:192.168.34.47:36816, c9a1bac0-eae5-4c8c-abbf-c37d9bceede4:192.168.34.47:39870, fa2692cc-7d13-407b-8ba8-1b16aaf9a086:192.168.34.47:34866] with ContainerStateMachine:uninitialized
2019-09-16 16:49:50,250 [pool-47-thread-1] INFO  server.RaftServerConfigKeys (ConfUtils.java:logGet(43)) - raft.server.rpcslowness.timeout = 120s (custom)
2019-09-16 16:49:50,250 [pool-97-thread-1] INFO  server.RaftServerConfigKeys (ConfUtils.java:logGet(43)) - raft.server.rpc.timeout.min = 1s (custom)
2019-09-16 16:49:50,250 [pool-67-thread-1] INFO  server.RaftServerConfigKeys (ConfUtils.java:logGet(43)) - raft.server.storage.dir = [/workdir/hadoop-ozone/integration-test/target/test-dir/MiniOzoneClusterImpl-f8b2c6cb-9ce7-4af8-81ae-d81048953348/datanode-4/data/ratis] (custom)
2019-09-16 16:49:50,250 [pool-97-thread-1] INFO  server.RaftServerConfigKeys (ConfUtils.java:logGet(43)) - raft.server.rpc.timeout.max = 1200ms (custom)
2019-09-16 16:49:50,250 [pool-47-thread-1] INFO  server.RaftServerConfigKeys (ConfUtils.java:logGet(43)) - raft.server.sleep.deviation.threshold = 300 (default)
2019-09-16 16:49:50,250 [pool-97-thread-1] INFO  server.RaftServerConfigKeys (ConfUtils.java:logGet(43)) - raft.server.rpcslowness.timeout = 120s (custom)
2019-09-16 16:49:50,251 [pool-47-thread-1] INFO  server.RaftServerConfigKeys (ConfUtils.java:logGet(43)) - raft.server.log.appender.install.snapshot.enabled = false (custom)
2019-09-16 16:49:50,251 [pool-67-thread-1] INFO  storage.RaftStorageDirectory (RaftStorageDirectory.java:analyzeStorage(246)) - The storage directory /workdir/hadoop-ozone/integration-test/target/test-dir/MiniOzoneClusterImpl-f8b2c6cb-9ce7-4af8-81ae-d81048953348/datanode-4/data/ratis/016f2422-3b8d-41ec-9ff2-3f8977c1bea2 does not exist. Creating ...
2019-09-16 16:49:50,251 [pool-47-thread-1] INFO  impl.RaftServerImpl (ServerState.java:<init>(103)) - fa2692cc-7d13-407b-8ba8-1b16aaf9a086@group-3F8977C1BEA2: ConfigurationManager, init=-1: [790809fb-a9ad-47fd-bbe4-169138176431:192.168.34.47:36816, c9a1bac0-eae5-4c8c-abbf-c37d9bceede4:192.168.34.47:39870, fa2692cc-7d13-407b-8ba8-1b16aaf9a086:192.168.34.47:34866], old=null, confs=<EMPTY_MAP>
2019-09-16 16:49:50,251 [pool-97-thread-1] INFO  server.RaftServerConfigKeys (ConfUtils.java:logGet(43)) - raft.server.sleep.deviation.threshold = 300 (default)
2019-09-16 16:49:50,251 [pool-47-thread-1] INFO  server.RaftServerConfigKeys (ConfUtils.java:logGet(43)) - raft.server.storage.dir = [/workdir/hadoop-ozone/integration-test/target/test-dir/MiniOzoneClusterImpl-f8b2c6cb-9ce7-4af8-81ae-d81048953348/datanode-2/data/ratis] (custom)
2019-09-16 16:49:50,251 [d43b0c61-8f3a-4c5a-ae51-ff6150aafa7d@group-CB6E27F550FA:LeaderElection1] INFO  impl.LeaderElection (LeaderElection.java:askForVotes(182)) - d43b0c61-8f3a-4c5a-ae51-ff6150aafa7d@group-CB6E27F550FA:LeaderElection1: begin an election at term 1 for -1: [d43b0c61-8f3a-4c5a-ae51-ff6150aafa7d:192.168.34.47:43126], old=null
2019-09-16 16:49:50,251 [pool-97-thread-1] INFO  server.RaftServerConfigKeys (ConfUtils.java:logGet(43)) - raft.server.log.appender.install.snapshot.enabled = false (custom)
2019-09-16 16:49:50,252 [pool-97-thread-1] INFO  impl.RaftServerImpl (ServerState.java:<init>(103)) - c9a1bac0-eae5-4c8c-abbf-c37d9bceede4@group-3F8977C1BEA2: ConfigurationManager, init=-1: [790809fb-a9ad-47fd-bbe4-169138176431:192.168.34.47:36816, c9a1bac0-eae5-4c8c-abbf-c37d9bceede4:192.168.34.47:39870, fa2692cc-7d13-407b-8ba8-1b16aaf9a086:192.168.34.47:34866], old=null, confs=<EMPTY_MAP>
2019-09-16 16:49:50,252 [pool-47-thread-1] INFO  storage.RaftStorageDirectory (RaftStorageDirectory.java:analyzeStorage(246)) - The storage directory /workdir/hadoop-ozone/integration-test/target/test-dir/MiniOzoneClusterImpl-f8b2c6cb-9ce7-4af8-81ae-d81048953348/datanode-2/data/ratis/016f2422-3b8d-41ec-9ff2-3f8977c1bea2 does not exist. Creating ...
2019-09-16 16:49:50,252 [pool-97-thread-1] INFO  server.RaftServerConfigKeys (ConfUtils.java:logGet(43)) - raft.server.storage.dir = [/workdir/hadoop-ozone/integration-test/target/test-dir/MiniOzoneClusterImpl-f8b2c6cb-9ce7-4af8-81ae-d81048953348/datanode-7/data/ratis] (custom)
2019-09-16 16:49:50,252 [pool-97-thread-1] INFO  storage.RaftStorageDirectory (RaftStorageDirectory.java:analyzeStorage(246)) - The storage directory /workdir/hadoop-ozone/integration-test/target/test-dir/MiniOzoneClusterImpl-f8b2c6cb-9ce7-4af8-81ae-d81048953348/datanode-7/data/ratis/016f2422-3b8d-41ec-9ff2-3f8977c1bea2 does not exist. Creating ...
2019-09-16 16:49:50,252 [d43b0c61-8f3a-4c5a-ae51-ff6150aafa7d@group-CB6E27F550FA:LeaderElection1] INFO  impl.RoleInfo (RoleInfo.java:shutdownLeaderElection(134)) - d43b0c61-8f3a-4c5a-ae51-ff6150aafa7d: shutdown LeaderElection
2019-09-16 16:49:50,253 [d43b0c61-8f3a-4c5a-ae51-ff6150aafa7d@group-CB6E27F550FA:LeaderElection1] INFO  impl.RaftServerImpl (RaftServerImpl.java:setRole(174)) - d43b0c61-8f3a-4c5a-ae51-ff6150aafa7d@group-CB6E27F550FA: changes role from CANDIDATE to LEADER at term 1 for changeToLeader
2019-09-16 16:49:50,253 [d43b0c61-8f3a-4c5a-ae51-ff6150aafa7d@group-CB6E27F550FA:LeaderElection1] INFO  impl.RaftServerImpl (ServerState.java:setLeader(253)) - d43b0c61-8f3a-4c5a-ae51-ff6150aafa7d@group-CB6E27F550FA: change Leader from null to d43b0c61-8f3a-4c5a-ae51-ff6150aafa7d at term 1 for becomeLeader, leader elected after 1378ms
2019-09-16 16:49:50,254 [pool-67-thread-1] INFO  storage.RaftStorageDirectory (RaftStorageDirectory.java:tryLock(328)) - Lock on /workdir/hadoop-ozone/integration-test/target/test-dir/MiniOzoneClusterImpl-f8b2c6cb-9ce7-4af8-81ae-d81048953348/datanode-4/data/ratis/016f2422-3b8d-41ec-9ff2-3f8977c1bea2/in_use.lock acquired by nodename 8658@pr-hdds-2111-ptm9r-3382166736
2019-09-16 16:49:50,256 [pool-47-thread-1] INFO  storage.RaftStorageDirectory (RaftStorageDirectory.java:tryLock(328)) - Lock on /workdir/hadoop-ozone/integration-test/target/test-dir/MiniOzoneClusterImpl-f8b2c6cb-9ce7-4af8-81ae-d81048953348/datanode-2/data/ratis/016f2422-3b8d-41ec-9ff2-3f8977c1bea2/in_use.lock acquired by nodename 8658@pr-hdds-2111-ptm9r-3382166736
2019-09-16 16:49:50,256 [pool-97-thread-1] INFO  storage.RaftStorageDirectory (RaftStorageDirectory.java:tryLock(328)) - Lock on /workdir/hadoop-ozone/integration-test/target/test-dir/MiniOzoneClusterImpl-f8b2c6cb-9ce7-4af8-81ae-d81048953348/datanode-7/data/ratis/016f2422-3b8d-41ec-9ff2-3f8977c1bea2/in_use.lock acquired by nodename 8658@pr-hdds-2111-ptm9r-3382166736
2019-09-16 16:49:50,263 [d43b0c61-8f3a-4c5a-ae51-ff6150aafa7d@group-CB6E27F550FA:LeaderElection1] INFO  server.RaftServerConfigKeys (ConfUtils.java:logGet(43)) - raft.server.staging.catchup.gap = 1000 (default)
2019-09-16 16:49:50,263 [d43b0c61-8f3a-4c5a-ae51-ff6150aafa7d@group-CB6E27F550FA:LeaderElection1] INFO  server.RaftServerConfigKeys (ConfUtils.java:logGet(43)) - raft.server.rpc.sleep.time = 25ms (default)
2019-09-16 16:49:50,265 [d43b0c61-8f3a-4c5a-ae51-ff6150aafa7d@group-CB6E27F550FA:LeaderElection1] INFO  server.RaftServerConfigKeys (ConfUtils.java:logGet(43)) - raft.server.write.element-limit = 4096 (default)
2019-09-16 16:49:50,269 [d43b0c61-8f3a-4c5a-ae51-ff6150aafa7d@group-CB6E27F550FA:LeaderElection1] INFO  server.RaftServerConfigKeys (ConfUtils.java:logGet(43)) - raft.server.watch.timeout = 10s (default)
2019-09-16 16:49:50,269 [d43b0c61-8f3a-4c5a-ae51-ff6150aafa7d@group-CB6E27F550FA:LeaderElection1] INFO  server.RaftServerConfigKeys (ConfUtils.java:logGet(43)) - raft.server.watch.timeout.denomination = 1s (default)
2019-09-16 16:49:50,270 [d43b0c61-8f3a-4c5a-ae51-ff6150aafa7d@group-CB6E27F550FA:LeaderElection1] INFO  server.RaftServerConfigKeys (ConfUtils.java:logGet(43)) - raft.server.watch.element-limit = 65536 (default)
2019-09-16 16:49:50,270 [Thread-288] INFO  impl.FollowerState (FollowerState.java:run(106)) - 790809fb-a9ad-47fd-bbe4-169138176431:group-6D892B71EB5F changes to CANDIDATE, lastRpcTime:1024, electionTimeout:1022ms
2019-09-16 16:49:50,272 [pool-67-thread-1] INFO  storage.RaftStorage (RaftStorage.java:format(72)) - Storage directory /workdir/hadoop-ozone/integration-test/target/test-dir/MiniOzoneClusterImpl-f8b2c6cb-9ce7-4af8-81ae-d81048953348/datanode-4/data/ratis/016f2422-3b8d-41ec-9ff2-3f8977c1bea2 has been successfully formatted.
2019-09-16 16:49:50,272 [Thread-288] INFO  impl.RoleInfo (RoleInfo.java:shutdownFollowerState(121)) - 790809fb-a9ad-47fd-bbe4-169138176431: shutdown FollowerState
2019-09-16 16:49:50,272 [pool-47-thread-1] INFO  storage.RaftStorage (RaftStorage.java:format(72)) - Storage directory /workdir/hadoop-ozone/integration-test/target/test-dir/MiniOzoneClusterImpl-f8b2c6cb-9ce7-4af8-81ae-d81048953348/datanode-2/data/ratis/016f2422-3b8d-41ec-9ff2-3f8977c1bea2 has been successfully formatted.
2019-09-16 16:49:50,272 [pool-97-thread-1] INFO  storage.RaftStorage (RaftStorage.java:format(72)) - Storage directory /workdir/hadoop-ozone/integration-test/target/test-dir/MiniOzoneClusterImpl-f8b2c6cb-9ce7-4af8-81ae-d81048953348/datanode-7/data/ratis/016f2422-3b8d-41ec-9ff2-3f8977c1bea2 has been successfully formatted.
2019-09-16 16:49:50,272 [pool-67-thread-1] INFO  ratis.ContainerStateMachine (ContainerStateMachine.java:loadSnapshot(230)) - group-3F8977C1BEA2: The snapshot info is null. Setting the last applied indexto:(t:0, i:~)
2019-09-16 16:49:50,273 [pool-97-thread-1] INFO  ratis.ContainerStateMachine (ContainerStateMachine.java:loadSnapshot(230)) - group-3F8977C1BEA2: The snapshot info is null. Setting the last applied indexto:(t:0, i:~)
2019-09-16 16:49:50,272 [Thread-288] INFO  impl.RaftServerImpl (RaftServerImpl.java:setRole(174)) - 790809fb-a9ad-47fd-bbe4-169138176431@group-6D892B71EB5F: changes role from  FOLLOWER to CANDIDATE at term 0 for changeToCandidate
2019-09-16 16:49:50,273 [pool-97-thread-1] INFO  server.RaftServerConfigKeys (ConfUtils.java:logGet(43)) - raft.server.notification.no-leader.timeout = 120s (custom)
2019-09-16 16:49:50,273 [pool-67-thread-1] INFO  server.RaftServerConfigKeys (ConfUtils.java:logGet(43)) - raft.server.notification.no-leader.timeout = 120s (custom)
2019-09-16 16:49:50,272 [pool-47-thread-1] INFO  ratis.ContainerStateMachine (ContainerStateMachine.java:loadSnapshot(230)) - group-3F8977C1BEA2: The snapshot info is null. Setting the last applied indexto:(t:0, i:~)
2019-09-16 16:49:50,273 [pool-67-thread-1] INFO  server.RaftServerConfigKeys (ConfUtils.java:logGet(43)) - raft.server.log.use.memory = false (default)
2019-09-16 16:49:50,273 [pool-97-thread-1] INFO  server.RaftServerConfigKeys (ConfUtils.java:logGet(43)) - raft.server.log.use.memory = false (default)
2019-09-16 16:49:50,273 [Thread-288] INFO  impl.RoleInfo (RoleInfo.java:updateAndGet(143)) - 790809fb-a9ad-47fd-bbe4-169138176431: start LeaderElection
2019-09-16 16:49:50,274 [pool-97-thread-1] INFO  server.RaftServerConfigKeys (ConfUtils.java:logGet(43)) - raft.server.log.purge.gap = 1000000 (custom)
2019-09-16 16:49:50,273 [pool-67-thread-1] INFO  server.RaftServerConfigKeys (ConfUtils.java:logGet(43)) - raft.server.log.purge.gap = 1000000 (custom)
2019-09-16 16:49:50,273 [pool-47-thread-1] INFO  server.RaftServerConfigKeys (ConfUtils.java:logGet(43)) - raft.server.notification.no-leader.timeout = 120s (custom)
2019-09-16 16:49:50,277 [pool-67-thread-1] INFO  server.RaftServerConfigKeys (ConfUtils.java:logGet(43)) - raft.server.log.appender.buffer.byte-limit = 33554432 (custom)
2019-09-16 16:49:50,274 [pool-97-thread-1] INFO  server.RaftServerConfigKeys (ConfUtils.java:logGet(43)) - raft.server.log.appender.buffer.byte-limit = 33554432 (custom)
2019-09-16 16:49:50,278 [pool-67-thread-1] INFO  server.RaftServerConfigKeys (ConfUtils.java:logGet(43)) - raft.server.log.segment.size.max = 1048576 (custom)
2019-09-16 16:49:50,277 [pool-47-thread-1] INFO  server.RaftServerConfigKeys (ConfUtils.java:logGet(43)) - raft.server.log.use.memory = false (default)
2019-09-16 16:49:50,278 [pool-67-thread-1] INFO  server.RaftServerConfigKeys (ConfUtils.java:logGet(43)) - raft.server.log.segment.cache.num.max = 2 (custom)
2019-09-16 16:49:50,278 [pool-97-thread-1] INFO  server.RaftServerConfigKeys (ConfUtils.java:logGet(43)) - raft.server.log.segment.size.max = 1048576 (custom)
2019-09-16 16:49:50,278 [pool-67-thread-1] INFO  segmented.SegmentedRaftLogWorker (SegmentedRaftLogWorker.java:<init>(172)) - new 790809fb-a9ad-47fd-bbe4-169138176431@group-3F8977C1BEA2-SegmentedRaftLogWorker for RaftStorage:Storage Directory /workdir/hadoop-ozone/integration-test/target/test-dir/MiniOzoneClusterImpl-f8b2c6cb-9ce7-4af8-81ae-d81048953348/datanode-4/data/ratis/016f2422-3b8d-41ec-9ff2-3f8977c1bea2
2019-09-16 16:49:50,278 [pool-47-thread-1] INFO  server.RaftServerConfigKeys (ConfUtils.java:logGet(43)) - raft.server.log.purge.gap = 1000000 (custom)
2019-09-16 16:49:50,279 [pool-67-thread-1] INFO  server.RaftServerConfigKeys (ConfUtils.java:logGet(43)) - raft.server.log.queue.byte-limit = 2147483647 (custom)
2019-09-16 16:49:50,279 [pool-97-thread-1] INFO  server.RaftServerConfigKeys (ConfUtils.java:logGet(43)) - raft.server.log.segment.cache.num.max = 2 (custom)
2019-09-16 16:49:50,279 [pool-67-thread-1] INFO  server.RaftServerConfigKeys (ConfUtils.java:logGet(43)) - raft.server.log.queue.element-limit = 1024 (custom)
2019-09-16 16:49:50,279 [pool-47-thread-1] INFO  server.RaftServerConfigKeys (ConfUtils.java:logGet(43)) - raft.server.log.appender.buffer.byte-limit = 33554432 (custom)
2019-09-16 16:49:50,279 [pool-67-thread-1] INFO  server.RaftServerConfigKeys (ConfUtils.java:logGet(43)) - raft.server.log.segment.size.max = 1048576 (custom)
2019-09-16 16:49:50,280 [pool-67-thread-1] INFO  server.RaftServerConfigKeys (ConfUtils.java:logGet(43)) - raft.server.log.preallocated.size = 16384 (custom)
2019-09-16 16:49:50,279 [pool-97-thread-1] INFO  segmented.SegmentedRaftLogWorker (SegmentedRaftLogWorker.java:<init>(172)) - new c9a1bac0-eae5-4c8c-abbf-c37d9bceede4@group-3F8977C1BEA2-SegmentedRaftLogWorker for RaftStorage:Storage Directory /workdir/hadoop-ozone/integration-test/target/test-dir/MiniOzoneClusterImpl-f8b2c6cb-9ce7-4af8-81ae-d81048953348/datanode-7/data/ratis/016f2422-3b8d-41ec-9ff2-3f8977c1bea2
2019-09-16 16:49:50,280 [pool-67-thread-1] INFO  server.RaftServerConfigKeys (ConfUtils.java:logGet(43)) - raft.server.log.write.buffer.size = 33554432 (custom)
2019-09-16 16:49:50,279 [pool-47-thread-1] INFO  server.RaftServerConfigKeys (ConfUtils.java:logGet(43)) - raft.server.log.segment.size.max = 1048576 (custom)
2019-09-16 16:49:50,280 [pool-67-thread-1] INFO  server.RaftServerConfigKeys (ConfUtils.java:logGet(43)) - raft.server.log.force.sync.num = 128 (default)
2019-09-16 16:49:50,280 [pool-97-thread-1] INFO  server.RaftServerConfigKeys (ConfUtils.java:logGet(43)) - raft.server.log.queue.byte-limit = 2147483647 (custom)
2019-09-16 16:49:50,280 [pool-67-thread-1] INFO  server.RaftServerConfigKeys (ConfUtils.java:logGet(43)) - raft.server.log.statemachine.data.sync = true (default)
2019-09-16 16:49:50,280 [pool-47-thread-1] INFO  server.RaftServerConfigKeys (ConfUtils.java:logGet(43)) - raft.server.log.segment.cache.num.max = 2 (custom)
2019-09-16 16:49:50,281 [pool-67-thread-1] INFO  server.RaftServerConfigKeys (ConfUtils.java:logGet(43)) - raft.server.log.statemachine.data.sync.timeout = 10s (default)
2019-09-16 16:49:50,281 [pool-97-thread-1] INFO  server.RaftServerConfigKeys (ConfUtils.java:logGet(43)) - raft.server.log.queue.element-limit = 1024 (custom)
2019-09-16 16:49:50,281 [pool-67-thread-1] INFO  server.RaftServerConfigKeys (ConfUtils.java:logGet(43)) - raft.server.log.statemachine.data.sync.timeout.retry = -1 (default)
2019-09-16 16:49:50,281 [pool-47-thread-1] INFO  segmented.SegmentedRaftLogWorker (SegmentedRaftLogWorker.java:<init>(172)) - new fa2692cc-7d13-407b-8ba8-1b16aaf9a086@group-3F8977C1BEA2-SegmentedRaftLogWorker for RaftStorage:Storage Directory /workdir/hadoop-ozone/integration-test/target/test-dir/MiniOzoneClusterImpl-f8b2c6cb-9ce7-4af8-81ae-d81048953348/datanode-2/data/ratis/016f2422-3b8d-41ec-9ff2-3f8977c1bea2
2019-09-16 16:49:50,281 [pool-67-thread-1] INFO  server.RaftServerConfigKeys (ConfUtils.java:logGet(43)) - raft.server.log.statemachine.data.caching.enabled = true (custom)
2019-09-16 16:49:50,281 [pool-97-thread-1] INFO  server.RaftServerConfigKeys (ConfUtils.java:logGet(43)) - raft.server.log.segment.size.max = 1048576 (custom)
2019-09-16 16:49:50,282 [pool-47-thread-1] INFO  server.RaftServerConfigKeys (ConfUtils.java:logGet(43)) - raft.server.log.queue.byte-limit = 2147483647 (custom)
2019-09-16 16:49:50,282 [pool-97-thread-1] INFO  server.RaftServerConfigKeys (ConfUtils.java:logGet(43)) - raft.server.log.preallocated.size = 16384 (custom)
2019-09-16 16:49:50,282 [pool-67-thread-1] INFO  segmented.SegmentedRaftLogWorker (SegmentedRaftLogWorker.java:lambda$new$0(132)) - 790809fb-a9ad-47fd-bbe4-169138176431@group-3F8977C1BEA2-SegmentedRaftLogWorker: flushIndex: setUnconditionally 0 -> -1
2019-09-16 16:49:50,282 [pool-97-thread-1] INFO  server.RaftServerConfigKeys (ConfUtils.java:logGet(43)) - raft.server.log.write.buffer.size = 33554432 (custom)
2019-09-16 16:49:50,282 [pool-47-thread-1] INFO  server.RaftServerConfigKeys (ConfUtils.java:logGet(43)) - raft.server.log.queue.element-limit = 1024 (custom)
2019-09-16 16:49:50,282 [pool-97-thread-1] INFO  server.RaftServerConfigKeys (ConfUtils.java:logGet(43)) - raft.server.log.force.sync.num = 128 (default)
2019-09-16 16:49:50,282 [pool-67-thread-1] INFO  server.RaftServerConfigKeys (ConfUtils.java:logGet(43)) - raft.server.snapshot.auto.trigger.enabled = true (custom)
2019-09-16 16:49:50,283 [pool-97-thread-1] INFO  server.RaftServerConfigKeys (ConfUtils.java:logGet(43)) - raft.server.log.statemachine.data.sync = true (default)
2019-09-16 16:49:50,283 [pool-47-thread-1] INFO  server.RaftServerConfigKeys (ConfUtils.java:logGet(43)) - raft.server.log.segment.size.max = 1048576 (custom)
2019-09-16 16:49:50,283 [pool-97-thread-1] INFO  server.RaftServerConfigKeys (ConfUtils.java:logGet(43)) - raft.server.log.statemachine.data.sync.timeout = 10s (default)
2019-09-16 16:49:50,283 [pool-67-thread-1] INFO  server.RaftServerConfigKeys (ConfUtils.java:logGet(43)) - raft.server.snapshot.auto.trigger.threshold = 10000 (custom)
2019-09-16 16:49:50,283 [pool-97-thread-1] INFO  server.RaftServerConfigKeys (ConfUtils.java:logGet(43)) - raft.server.log.statemachine.data.sync.timeout.retry = -1 (default)
2019-09-16 16:49:50,283 [pool-47-thread-1] INFO  server.RaftServerConfigKeys (ConfUtils.java:logGet(43)) - raft.server.log.preallocated.size = 16384 (custom)
2019-09-16 16:49:50,284 [d43b0c61-8f3a-4c5a-ae51-ff6150aafa7d@group-CB6E27F550FA:LeaderElection1] INFO  impl.RoleInfo (RoleInfo.java:updateAndGet(143)) - d43b0c61-8f3a-4c5a-ae51-ff6150aafa7d: start LeaderState
2019-09-16 16:49:50,284 [pool-97-thread-1] INFO  server.RaftServerConfigKeys (ConfUtils.java:logGet(43)) - raft.server.log.statemachine.data.caching.enabled = true (custom)
2019-09-16 16:49:50,284 [pool-67-thread-1] INFO  server.RaftServerConfigKeys (ConfUtils.java:logGet(43)) - raft.server.snapshot.retention.num.files = -1 (default)
2019-09-16 16:49:50,284 [pool-47-thread-1] INFO  server.RaftServerConfigKeys (ConfUtils.java:logGet(43)) - raft.server.log.write.buffer.size = 33554432 (custom)
2019-09-16 16:49:50,285 [pool-67-thread-1] INFO  server.RaftServerConfigKeys (ConfUtils.java:logGet(43)) - raft.server.retrycache.expirytime = 600000ms (custom)
2019-09-16 16:49:50,284 [pool-97-thread-1] INFO  segmented.SegmentedRaftLogWorker (SegmentedRaftLogWorker.java:lambda$new$0(132)) - c9a1bac0-eae5-4c8c-abbf-c37d9bceede4@group-3F8977C1BEA2-SegmentedRaftLogWorker: flushIndex: setUnconditionally 0 -> -1
2019-09-16 16:49:50,285 [pool-47-thread-1] INFO  server.RaftServerConfigKeys (ConfUtils.java:logGet(43)) - raft.server.log.force.sync.num = 128 (default)
2019-09-16 16:49:50,285 [pool-97-thread-1] INFO  server.RaftServerConfigKeys (ConfUtils.java:logGet(43)) - raft.server.snapshot.auto.trigger.enabled = true (custom)
2019-09-16 16:49:50,285 [pool-47-thread-1] INFO  server.RaftServerConfigKeys (ConfUtils.java:logGet(43)) - raft.server.log.statemachine.data.sync = true (default)
2019-09-16 16:49:50,285 [pool-97-thread-1] INFO  server.RaftServerConfigKeys (ConfUtils.java:logGet(43)) - raft.server.snapshot.auto.trigger.threshold = 10000 (custom)
2019-09-16 16:49:50,285 [pool-47-thread-1] INFO  server.RaftServerConfigKeys (ConfUtils.java:logGet(43)) - raft.server.log.statemachine.data.sync.timeout = 10s (default)
2019-09-16 16:49:50,286 [pool-97-thread-1] INFO  server.RaftServerConfigKeys (ConfUtils.java:logGet(43)) - raft.server.snapshot.retention.num.files = -1 (default)
2019-09-16 16:49:50,288 [pool-47-thread-1] INFO  server.RaftServerConfigKeys (ConfUtils.java:logGet(43)) - raft.server.log.statemachine.data.sync.timeout.retry = -1 (default)
2019-09-16 16:49:50,288 [pool-97-thread-1] INFO  server.RaftServerConfigKeys (ConfUtils.java:logGet(43)) - raft.server.retrycache.expirytime = 600000ms (custom)
2019-09-16 16:49:50,288 [pool-47-thread-1] INFO  server.RaftServerConfigKeys (ConfUtils.java:logGet(43)) - raft.server.log.statemachine.data.caching.enabled = true (custom)
2019-09-16 16:49:50,289 [pool-47-thread-1] INFO  segmented.SegmentedRaftLogWorker (SegmentedRaftLogWorker.java:lambda$new$0(132)) - fa2692cc-7d13-407b-8ba8-1b16aaf9a086@group-3F8977C1BEA2-SegmentedRaftLogWorker: flushIndex: setUnconditionally 0 -> -1
2019-09-16 16:49:50,289 [pool-47-thread-1] INFO  server.RaftServerConfigKeys (ConfUtils.java:logGet(43)) - raft.server.snapshot.auto.trigger.enabled = true (custom)
2019-09-16 16:49:50,290 [pool-47-thread-1] INFO  server.RaftServerConfigKeys (ConfUtils.java:logGet(43)) - raft.server.snapshot.auto.trigger.threshold = 10000 (custom)
2019-09-16 16:49:50,290 [pool-47-thread-1] INFO  server.RaftServerConfigKeys (ConfUtils.java:logGet(43)) - raft.server.snapshot.retention.num.files = -1 (default)
2019-09-16 16:49:50,290 [pool-47-thread-1] INFO  server.RaftServerConfigKeys (ConfUtils.java:logGet(43)) - raft.server.retrycache.expirytime = 600000ms (custom)
2019-09-16 16:49:50,290 [pool-67-thread-1] INFO  impl.RaftServerImpl (RaftServerImpl.java:start(185)) - 790809fb-a9ad-47fd-bbe4-169138176431@group-3F8977C1BEA2: start as a follower, conf=-1: [790809fb-a9ad-47fd-bbe4-169138176431:192.168.34.47:36816, c9a1bac0-eae5-4c8c-abbf-c37d9bceede4:192.168.34.47:39870, fa2692cc-7d13-407b-8ba8-1b16aaf9a086:192.168.34.47:34866], old=null
2019-09-16 16:49:50,291 [pool-67-thread-1] INFO  impl.RaftServerImpl (RaftServerImpl.java:setRole(174)) - 790809fb-a9ad-47fd-bbe4-169138176431@group-3F8977C1BEA2: changes role from      null to FOLLOWER at term 0 for startAsFollower
2019-09-16 16:49:50,291 [pool-67-thread-1] INFO  impl.RoleInfo (RoleInfo.java:updateAndGet(143)) - 790809fb-a9ad-47fd-bbe4-169138176431: start FollowerState
2019-09-16 16:49:50,291 [790809fb-a9ad-47fd-bbe4-169138176431@group-6D892B71EB5F:LeaderElection2] INFO  impl.LeaderElection (LeaderElection.java:askForVotes(182)) - 790809fb-a9ad-47fd-bbe4-169138176431@group-6D892B71EB5F:LeaderElection2: begin an election at term 1 for -1: [790809fb-a9ad-47fd-bbe4-169138176431:192.168.34.47:36816], old=null
2019-09-16 16:49:50,293 [790809fb-a9ad-47fd-bbe4-169138176431@group-6D892B71EB5F:LeaderElection2] INFO  impl.RoleInfo (RoleInfo.java:shutdownLeaderElection(134)) - 790809fb-a9ad-47fd-bbe4-169138176431: shutdown LeaderElection
2019-09-16 16:49:50,293 [790809fb-a9ad-47fd-bbe4-169138176431@group-6D892B71EB5F:LeaderElection2] INFO  impl.RaftServerImpl (RaftServerImpl.java:setRole(174)) - 790809fb-a9ad-47fd-bbe4-169138176431@group-6D892B71EB5F: changes role from CANDIDATE to LEADER at term 1 for changeToLeader
2019-09-16 16:49:50,293 [pool-67-thread-1] INFO  util.JmxRegister (JmxRegister.java:tryRegister(44)) - Successfully registered JMX Bean with object name Ratis:service=RaftServer,group=group-3F8977C1BEA2,id=790809fb-a9ad-47fd-bbe4-169138176431
2019-09-16 16:49:50,293 [790809fb-a9ad-47fd-bbe4-169138176431@group-6D892B71EB5F:LeaderElection2] INFO  impl.RaftServerImpl (ServerState.java:setLeader(253)) - 790809fb-a9ad-47fd-bbe4-169138176431@group-6D892B71EB5F: change Leader from null to 790809fb-a9ad-47fd-bbe4-169138176431 at term 1 for becomeLeader, leader elected after 1067ms
2019-09-16 16:49:50,294 [pool-97-thread-1] INFO  impl.RaftServerImpl (RaftServerImpl.java:start(185)) - c9a1bac0-eae5-4c8c-abbf-c37d9bceede4@group-3F8977C1BEA2: start as a follower, conf=-1: [790809fb-a9ad-47fd-bbe4-169138176431:192.168.34.47:36816, c9a1bac0-eae5-4c8c-abbf-c37d9bceede4:192.168.34.47:39870, fa2692cc-7d13-407b-8ba8-1b16aaf9a086:192.168.34.47:34866], old=null
2019-09-16 16:49:50,295 [790809fb-a9ad-47fd-bbe4-169138176431@group-6D892B71EB5F:LeaderElection2] INFO  server.RaftServerConfigKeys (ConfUtils.java:logGet(43)) - raft.server.staging.catchup.gap = 1000 (default)
2019-09-16 16:49:50,295 [pool-97-thread-1] INFO  impl.RaftServerImpl (RaftServerImpl.java:setRole(174)) - c9a1bac0-eae5-4c8c-abbf-c37d9bceede4@group-3F8977C1BEA2: changes role from      null to FOLLOWER at term 0 for startAsFollower
2019-09-16 16:49:50,296 [790809fb-a9ad-47fd-bbe4-169138176431@group-6D892B71EB5F:LeaderElection2] INFO  server.RaftServerConfigKeys (ConfUtils.java:logGet(43)) - raft.server.rpc.sleep.time = 25ms (default)
2019-09-16 16:49:50,296 [pool-97-thread-1] INFO  impl.RoleInfo (RoleInfo.java:updateAndGet(143)) - c9a1bac0-eae5-4c8c-abbf-c37d9bceede4: start FollowerState
2019-09-16 16:49:50,296 [790809fb-a9ad-47fd-bbe4-169138176431@group-6D892B71EB5F:LeaderElection2] INFO  server.RaftServerConfigKeys (ConfUtils.java:logGet(43)) - raft.server.write.element-limit = 4096 (default)
2019-09-16 16:49:50,296 [790809fb-a9ad-47fd-bbe4-169138176431@group-6D892B71EB5F:LeaderElection2] INFO  server.RaftServerConfigKeys (ConfUtils.java:logGet(43)) - raft.server.watch.timeout = 10s (default)
2019-09-16 16:49:50,296 [790809fb-a9ad-47fd-bbe4-169138176431@group-6D892B71EB5F:LeaderElection2] INFO  server.RaftServerConfigKeys (ConfUtils.java:logGet(43)) - raft.server.watch.timeout.denomination = 1s (default)
2019-09-16 16:49:50,296 [pool-97-thread-1] INFO  util.JmxRegister (JmxRegister.java:tryRegister(44)) - Successfully registered JMX Bean with object name Ratis:service=RaftServer,group=group-3F8977C1BEA2,id=c9a1bac0-eae5-4c8c-abbf-c37d9bceede4
2019-09-16 16:49:50,296 [790809fb-a9ad-47fd-bbe4-169138176431@group-6D892B71EB5F:LeaderElection2] INFO  server.RaftServerConfigKeys (ConfUtils.java:logGet(43)) - raft.server.watch.element-limit = 65536 (default)
2019-09-16 16:49:50,297 [pool-47-thread-1] INFO  impl.RaftServerImpl (RaftServerImpl.java:start(185)) - fa2692cc-7d13-407b-8ba8-1b16aaf9a086@group-3F8977C1BEA2: start as a follower, conf=-1: [790809fb-a9ad-47fd-bbe4-169138176431:192.168.34.47:36816, c9a1bac0-eae5-4c8c-abbf-c37d9bceede4:192.168.34.47:39870, fa2692cc-7d13-407b-8ba8-1b16aaf9a086:192.168.34.47:34866], old=null
2019-09-16 16:49:50,297 [pool-47-thread-1] INFO  impl.RaftServerImpl (RaftServerImpl.java:setRole(174)) - fa2692cc-7d13-407b-8ba8-1b16aaf9a086@group-3F8977C1BEA2: changes role from      null to FOLLOWER at term 0 for startAsFollower
2019-09-16 16:49:50,297 [pool-47-thread-1] INFO  impl.RoleInfo (RoleInfo.java:updateAndGet(143)) - fa2692cc-7d13-407b-8ba8-1b16aaf9a086: start FollowerState
2019-09-16 16:49:50,300 [pool-47-thread-1] INFO  util.JmxRegister (JmxRegister.java:tryRegister(44)) - Successfully registered JMX Bean with object name Ratis:service=RaftServer,group=group-3F8977C1BEA2,id=fa2692cc-7d13-407b-8ba8-1b16aaf9a086
2019-09-16 16:49:50,311 [790809fb-a9ad-47fd-bbe4-169138176431@group-6D892B71EB5F:LeaderElection2] INFO  impl.RoleInfo (RoleInfo.java:updateAndGet(143)) - 790809fb-a9ad-47fd-bbe4-169138176431: start LeaderState
2019-09-16 16:49:50,328 [RatisPipelineUtilsThread] INFO  pipeline.PipelineStateManager (PipelineStateManager.java:addPipeline(56)) - Created pipeline Pipeline[ Id: 016f2422-3b8d-41ec-9ff2-3f8977c1bea2, Nodes: 790809fb-a9ad-47fd-bbe4-169138176431{ip: 192.168.34.47, host: pr-hdds-2111-ptm9r-3382166736, networkLocation: /default-rack, certSerialId: null}c9a1bac0-eae5-4c8c-abbf-c37d9bceede4{ip: 192.168.34.47, host: pr-hdds-2111-ptm9r-3382166736, networkLocation: /default-rack, certSerialId: null}fa2692cc-7d13-407b-8ba8-1b16aaf9a086{ip: 192.168.34.47, host: pr-hdds-2111-ptm9r-3382166736, networkLocation: /default-rack, certSerialId: null}, Type:RATIS, Factor:THREE, State:OPEN]
2019-09-16 16:49:50,347 [790809fb-a9ad-47fd-bbe4-169138176431@group-6D892B71EB5F:LeaderElection2] INFO  segmented.SegmentedRaftLogWorker (SegmentedRaftLogWorker.java:startLogSegment(380)) - 790809fb-a9ad-47fd-bbe4-169138176431@group-6D892B71EB5F-SegmentedRaftLogWorker: Starting segment from index:0
2019-09-16 16:49:50,347 [d43b0c61-8f3a-4c5a-ae51-ff6150aafa7d@group-CB6E27F550FA:LeaderElection1] INFO  segmented.SegmentedRaftLogWorker (SegmentedRaftLogWorker.java:startLogSegment(380)) - d43b0c61-8f3a-4c5a-ae51-ff6150aafa7d@group-CB6E27F550FA-SegmentedRaftLogWorker: Starting segment from index:0
2019-09-16 16:49:50,364 [grpc-default-executor-1] INFO  impl.RaftServerProxy (RaftServerProxy.java:addNew(89)) - 9061b39a-2428-46aa-ac83-e6ff060f5840: addNew group-512358092D21:[6d73d83e-4bf7-49f9-9c6b-f14bf24667e0:192.168.34.47:40303, 7fc320a2-74a2-44cb-8d45-40912bba4ff2:192.168.34.47:36256, 9061b39a-2428-46aa-ac83-e6ff060f5840:192.168.34.47:46365] returns group-512358092D21:java.util.concurrent.CompletableFuture@3e365f63[Not completed]
2019-09-16 16:49:50,369 [grpc-default-executor-2] INFO  impl.RaftServerProxy (RaftServerProxy.java:addNew(89)) - 6d73d83e-4bf7-49f9-9c6b-f14bf24667e0: addNew group-512358092D21:[6d73d83e-4bf7-49f9-9c6b-f14bf24667e0:192.168.34.47:40303, 7fc320a2-74a2-44cb-8d45-40912bba4ff2:192.168.34.47:36256, 9061b39a-2428-46aa-ac83-e6ff060f5840:192.168.34.47:46365] returns group-512358092D21:java.util.concurrent.CompletableFuture@14ed83d6[Not completed]
2019-09-16 16:49:50,369 [grpc-default-executor-1] INFO  impl.RaftServerProxy (RaftServerProxy.java:addNew(89)) - 7fc320a2-74a2-44cb-8d45-40912bba4ff2: addNew group-512358092D21:[6d73d83e-4bf7-49f9-9c6b-f14bf24667e0:192.168.34.47:40303, 7fc320a2-74a2-44cb-8d45-40912bba4ff2:192.168.34.47:36256, 9061b39a-2428-46aa-ac83-e6ff060f5840:192.168.34.47:46365] returns group-512358092D21:java.util.concurrent.CompletableFuture@33b43dca[Not completed]
2019-09-16 16:49:50,369 [pool-107-thread-1] INFO  impl.RaftServerImpl (RaftServerImpl.java:<init>(95)) - 9061b39a-2428-46aa-ac83-e6ff060f5840: new RaftServerImpl for group-512358092D21:[6d73d83e-4bf7-49f9-9c6b-f14bf24667e0:192.168.34.47:40303, 7fc320a2-74a2-44cb-8d45-40912bba4ff2:192.168.34.47:36256, 9061b39a-2428-46aa-ac83-e6ff060f5840:192.168.34.47:46365] with ContainerStateMachine:uninitialized
2019-09-16 16:49:50,369 [pool-107-thread-1] INFO  server.RaftServerConfigKeys (ConfUtils.java:logGet(43)) - raft.server.rpc.timeout.min = 1s (custom)
2019-09-16 16:49:50,370 [pool-107-thread-1] INFO  server.RaftServerConfigKeys (ConfUtils.java:logGet(43)) - raft.server.rpc.timeout.max = 1200ms (custom)
2019-09-16 16:49:50,370 [pool-107-thread-1] INFO  server.RaftServerConfigKeys (ConfUtils.java:logGet(43)) - raft.server.rpcslowness.timeout = 120s (custom)
2019-09-16 16:49:50,370 [pool-107-thread-1] INFO  server.RaftServerConfigKeys (ConfUtils.java:logGet(43)) - raft.server.sleep.deviation.threshold = 300 (default)
2019-09-16 16:49:50,370 [pool-107-thread-1] INFO  server.RaftServerConfigKeys (ConfUtils.java:logGet(43)) - raft.server.log.appender.install.snapshot.enabled = false (custom)
2019-09-16 16:49:50,370 [pool-107-thread-1] INFO  impl.RaftServerImpl (ServerState.java:<init>(103)) - 9061b39a-2428-46aa-ac83-e6ff060f5840@group-512358092D21: ConfigurationManager, init=-1: [6d73d83e-4bf7-49f9-9c6b-f14bf24667e0:192.168.34.47:40303, 7fc320a2-74a2-44cb-8d45-40912bba4ff2:192.168.34.47:36256, 9061b39a-2428-46aa-ac83-e6ff060f5840:192.168.34.47:46365], old=null, confs=<EMPTY_MAP>
2019-09-16 16:49:50,370 [790809fb-a9ad-47fd-bbe4-169138176431@group-6D892B71EB5F:LeaderElection2] INFO  impl.RaftServerImpl (ServerState.java:setRaftConf(354)) - 790809fb-a9ad-47fd-bbe4-169138176431@group-6D892B71EB5F: set configuration 0: [790809fb-a9ad-47fd-bbe4-169138176431:192.168.34.47:36816], old=null at 0
2019-09-16 16:49:50,370 [d43b0c61-8f3a-4c5a-ae51-ff6150aafa7d@group-CB6E27F550FA:LeaderElection1] INFO  impl.RaftServerImpl (ServerState.java:setRaftConf(354)) - d43b0c61-8f3a-4c5a-ae51-ff6150aafa7d@group-CB6E27F550FA: set configuration 0: [d43b0c61-8f3a-4c5a-ae51-ff6150aafa7d:192.168.34.47:43126], old=null at 0
2019-09-16 16:49:50,370 [pool-77-thread-1] INFO  impl.RaftServerImpl (RaftServerImpl.java:<init>(95)) - 6d73d83e-4bf7-49f9-9c6b-f14bf24667e0: new RaftServerImpl for group-512358092D21:[6d73d83e-4bf7-49f9-9c6b-f14bf24667e0:192.168.34.47:40303, 7fc320a2-74a2-44cb-8d45-40912bba4ff2:192.168.34.47:36256, 9061b39a-2428-46aa-ac83-e6ff060f5840:192.168.34.47:46365] with ContainerStateMachine:uninitialized
2019-09-16 16:49:50,370 [pool-107-thread-1] INFO  server.RaftServerConfigKeys (ConfUtils.java:logGet(43)) - raft.server.storage.dir = [/workdir/hadoop-ozone/integration-test/target/test-dir/MiniOzoneClusterImpl-f8b2c6cb-9ce7-4af8-81ae-d81048953348/datanode-8/data/ratis] (custom)
2019-09-16 16:49:50,374 [pool-77-thread-1] INFO  server.RaftServerConfigKeys (ConfUtils.java:logGet(43)) - raft.server.rpc.timeout.min = 1s (custom)
2019-09-16 16:49:50,374 [pool-77-thread-1] INFO  server.RaftServerConfigKeys (ConfUtils.java:logGet(43)) - raft.server.rpc.timeout.max = 1200ms (custom)
2019-09-16 16:49:50,375 [pool-57-thread-1] INFO  impl.RaftServerImpl (RaftServerImpl.java:<init>(95)) - 7fc320a2-74a2-44cb-8d45-40912bba4ff2: new RaftServerImpl for group-512358092D21:[6d73d83e-4bf7-49f9-9c6b-f14bf24667e0:192.168.34.47:40303, 7fc320a2-74a2-44cb-8d45-40912bba4ff2:192.168.34.47:36256, 9061b39a-2428-46aa-ac83-e6ff060f5840:192.168.34.47:46365] with ContainerStateMachine:uninitialized
2019-09-16 16:49:50,375 [pool-107-thread-1] INFO  storage.RaftStorageDirectory (RaftStorageDirectory.java:analyzeStorage(246)) - The storage directory /workdir/hadoop-ozone/integration-test/target/test-dir/MiniOzoneClusterImpl-f8b2c6cb-9ce7-4af8-81ae-d81048953348/datanode-8/data/ratis/545130b7-e41f-4170-95cf-512358092d21 does not exist. Creating ...
2019-09-16 16:49:50,375 [pool-57-thread-1] INFO  server.RaftServerConfigKeys (ConfUtils.java:logGet(43)) - raft.server.rpc.timeout.min = 1s (custom)
2019-09-16 16:49:50,375 [pool-77-thread-1] INFO  server.RaftServerConfigKeys (ConfUtils.java:logGet(43)) - raft.server.rpcslowness.timeout = 120s (custom)
2019-09-16 16:49:50,375 [pool-57-thread-1] INFO  server.RaftServerConfigKeys (ConfUtils.java:logGet(43)) - raft.server.rpc.timeout.max = 1200ms (custom)
2019-09-16 16:49:50,375 [pool-77-thread-1] INFO  server.RaftServerConfigKeys (ConfUtils.java:logGet(43)) - raft.server.sleep.deviation.threshold = 300 (default)
2019-09-16 16:49:50,375 [pool-57-thread-1] INFO  server.RaftServerConfigKeys (ConfUtils.java:logGet(43)) - raft.server.rpcslowness.timeout = 120s (custom)
2019-09-16 16:49:50,375 [pool-77-thread-1] INFO  server.RaftServerConfigKeys (ConfUtils.java:logGet(43)) - raft.server.log.appender.install.snapshot.enabled = false (custom)
2019-09-16 16:49:50,376 [pool-57-thread-1] INFO  server.RaftServerConfigKeys (ConfUtils.java:logGet(43)) - raft.server.sleep.deviation.threshold = 300 (default)
2019-09-16 16:49:50,376 [pool-77-thread-1] INFO  impl.RaftServerImpl (ServerState.java:<init>(103)) - 6d73d83e-4bf7-49f9-9c6b-f14bf24667e0@group-512358092D21: ConfigurationManager, init=-1: [6d73d83e-4bf7-49f9-9c6b-f14bf24667e0:192.168.34.47:40303, 7fc320a2-74a2-44cb-8d45-40912bba4ff2:192.168.34.47:36256, 9061b39a-2428-46aa-ac83-e6ff060f5840:192.168.34.47:46365], old=null, confs=<EMPTY_MAP>
2019-09-16 16:49:50,376 [pool-57-thread-1] INFO  server.RaftServerConfigKeys (ConfUtils.java:logGet(43)) - raft.server.log.appender.install.snapshot.enabled = false (custom)
2019-09-16 16:49:50,376 [pool-77-thread-1] INFO  server.RaftServerConfigKeys (ConfUtils.java:logGet(43)) - raft.server.storage.dir = [/workdir/hadoop-ozone/integration-test/target/test-dir/MiniOzoneClusterImpl-f8b2c6cb-9ce7-4af8-81ae-d81048953348/datanode-5/data/ratis] (custom)
2019-09-16 16:49:50,376 [pool-57-thread-1] INFO  impl.RaftServerImpl (ServerState.java:<init>(103)) - 7fc320a2-74a2-44cb-8d45-40912bba4ff2@group-512358092D21: ConfigurationManager, init=-1: [6d73d83e-4bf7-49f9-9c6b-f14bf24667e0:192.168.34.47:40303, 7fc320a2-74a2-44cb-8d45-40912bba4ff2:192.168.34.47:36256, 9061b39a-2428-46aa-ac83-e6ff060f5840:192.168.34.47:46365], old=null, confs=<EMPTY_MAP>
2019-09-16 16:49:50,376 [pool-57-thread-1] INFO  server.RaftServerConfigKeys (ConfUtils.java:logGet(43)) - raft.server.storage.dir = [/workdir/hadoop-ozone/integration-test/target/test-dir/MiniOzoneClusterImpl-f8b2c6cb-9ce7-4af8-81ae-d81048953348/datanode-3/data/ratis] (custom)
2019-09-16 16:49:50,376 [pool-77-thread-1] INFO  storage.RaftStorageDirectory (RaftStorageDirectory.java:analyzeStorage(246)) - The storage directory /workdir/hadoop-ozone/integration-test/target/test-dir/MiniOzoneClusterImpl-f8b2c6cb-9ce7-4af8-81ae-d81048953348/datanode-5/data/ratis/545130b7-e41f-4170-95cf-512358092d21 does not exist. Creating ...
2019-09-16 16:49:50,377 [pool-57-thread-1] INFO  storage.RaftStorageDirectory (RaftStorageDirectory.java:analyzeStorage(246)) - The storage directory /workdir/hadoop-ozone/integration-test/target/test-dir/MiniOzoneClusterImpl-f8b2c6cb-9ce7-4af8-81ae-d81048953348/datanode-3/data/ratis/545130b7-e41f-4170-95cf-512358092d21 does not exist. Creating ...
2019-09-16 16:49:50,388 [pool-77-thread-1] INFO  storage.RaftStorageDirectory (RaftStorageDirectory.java:tryLock(328)) - Lock on /workdir/hadoop-ozone/integration-test/target/test-dir/MiniOzoneClusterImpl-f8b2c6cb-9ce7-4af8-81ae-d81048953348/datanode-5/data/ratis/545130b7-e41f-4170-95cf-512358092d21/in_use.lock acquired by nodename 8658@pr-hdds-2111-ptm9r-3382166736
2019-09-16 16:49:50,388 [pool-107-thread-1] INFO  storage.RaftStorageDirectory (RaftStorageDirectory.java:tryLock(328)) - Lock on /workdir/hadoop-ozone/integration-test/target/test-dir/MiniOzoneClusterImpl-f8b2c6cb-9ce7-4af8-81ae-d81048953348/datanode-8/data/ratis/545130b7-e41f-4170-95cf-512358092d21/in_use.lock acquired by nodename 8658@pr-hdds-2111-ptm9r-3382166736
2019-09-16 16:49:50,388 [pool-57-thread-1] INFO  storage.RaftStorageDirectory (RaftStorageDirectory.java:tryLock(328)) - Lock on /workdir/hadoop-ozone/integration-test/target/test-dir/MiniOzoneClusterImpl-f8b2c6cb-9ce7-4af8-81ae-d81048953348/datanode-3/data/ratis/545130b7-e41f-4170-95cf-512358092d21/in_use.lock acquired by nodename 8658@pr-hdds-2111-ptm9r-3382166736
2019-09-16 16:49:50,403 [pool-57-thread-1] INFO  storage.RaftStorage (RaftStorage.java:format(72)) - Storage directory /workdir/hadoop-ozone/integration-test/target/test-dir/MiniOzoneClusterImpl-f8b2c6cb-9ce7-4af8-81ae-d81048953348/datanode-3/data/ratis/545130b7-e41f-4170-95cf-512358092d21 has been successfully formatted.
2019-09-16 16:49:50,403 [pool-77-thread-1] INFO  storage.RaftStorage (RaftStorage.java:format(72)) - Storage directory /workdir/hadoop-ozone/integration-test/target/test-dir/MiniOzoneClusterImpl-f8b2c6cb-9ce7-4af8-81ae-d81048953348/datanode-5/data/ratis/545130b7-e41f-4170-95cf-512358092d21 has been successfully formatted.
2019-09-16 16:49:50,403 [pool-57-thread-1] INFO  ratis.ContainerStateMachine (ContainerStateMachine.java:loadSnapshot(230)) - group-512358092D21: The snapshot info is null. Setting the last applied indexto:(t:0, i:~)
2019-09-16 16:49:50,403 [pool-107-thread-1] INFO  storage.RaftStorage (RaftStorage.java:format(72)) - Storage directory /workdir/hadoop-ozone/integration-test/target/test-dir/MiniOzoneClusterImpl-f8b2c6cb-9ce7-4af8-81ae-d81048953348/datanode-8/data/ratis/545130b7-e41f-4170-95cf-512358092d21 has been successfully formatted.
2019-09-16 16:49:50,403 [pool-77-thread-1] INFO  ratis.ContainerStateMachine (ContainerStateMachine.java:loadSnapshot(230)) - group-512358092D21: The snapshot info is null. Setting the last applied indexto:(t:0, i:~)
2019-09-16 16:49:50,403 [pool-57-thread-1] INFO  server.RaftServerConfigKeys (ConfUtils.java:logGet(43)) - raft.server.notification.no-leader.timeout = 120s (custom)
2019-09-16 16:49:50,403 [pool-77-thread-1] INFO  server.RaftServerConfigKeys (ConfUtils.java:logGet(43)) - raft.server.notification.no-leader.timeout = 120s (custom)
2019-09-16 16:49:50,403 [pool-107-thread-1] INFO  ratis.ContainerStateMachine (ContainerStateMachine.java:loadSnapshot(230)) - group-512358092D21: The snapshot info is null. Setting the last applied indexto:(t:0, i:~)
2019-09-16 16:49:50,403 [pool-77-thread-1] INFO  server.RaftServerConfigKeys (ConfUtils.java:logGet(43)) - raft.server.log.use.memory = false (default)
2019-09-16 16:49:50,403 [pool-57-thread-1] INFO  server.RaftServerConfigKeys (ConfUtils.java:logGet(43)) - raft.server.log.use.memory = false (default)
2019-09-16 16:49:50,404 [pool-77-thread-1] INFO  server.RaftServerConfigKeys (ConfUtils.java:logGet(43)) - raft.server.log.purge.gap = 1000000 (custom)
2019-09-16 16:49:50,404 [pool-107-thread-1] INFO  server.RaftServerConfigKeys (ConfUtils.java:logGet(43)) - raft.server.notification.no-leader.timeout = 120s (custom)
2019-09-16 16:49:50,404 [pool-77-thread-1] INFO  server.RaftServerConfigKeys (ConfUtils.java:logGet(43)) - raft.server.log.appender.buffer.byte-limit = 33554432 (custom)
2019-09-16 16:49:50,404 [pool-57-thread-1] INFO  server.RaftServerConfigKeys (ConfUtils.java:logGet(43)) - raft.server.log.purge.gap = 1000000 (custom)
2019-09-16 16:49:50,404 [pool-77-thread-1] INFO  server.RaftServerConfigKeys (ConfUtils.java:logGet(43)) - raft.server.log.segment.size.max = 1048576 (custom)
2019-09-16 16:49:50,404 [pool-107-thread-1] INFO  server.RaftServerConfigKeys (ConfUtils.java:logGet(43)) - raft.server.log.use.memory = false (default)
2019-09-16 16:49:50,405 [pool-77-thread-1] INFO  server.RaftServerConfigKeys (ConfUtils.java:logGet(43)) - raft.server.log.segment.cache.num.max = 2 (custom)
2019-09-16 16:49:50,404 [pool-57-thread-1] INFO  server.RaftServerConfigKeys (ConfUtils.java:logGet(43)) - raft.server.log.appender.buffer.byte-limit = 33554432 (custom)
2019-09-16 16:49:50,405 [pool-77-thread-1] INFO  segmented.SegmentedRaftLogWorker (SegmentedRaftLogWorker.java:<init>(172)) - new 6d73d83e-4bf7-49f9-9c6b-f14bf24667e0@group-512358092D21-SegmentedRaftLogWorker for RaftStorage:Storage Directory /workdir/hadoop-ozone/integration-test/target/test-dir/MiniOzoneClusterImpl-f8b2c6cb-9ce7-4af8-81ae-d81048953348/datanode-5/data/ratis/545130b7-e41f-4170-95cf-512358092d21
2019-09-16 16:49:50,405 [pool-107-thread-1] INFO  server.RaftServerConfigKeys (ConfUtils.java:logGet(43)) - raft.server.log.purge.gap = 1000000 (custom)
2019-09-16 16:49:50,405 [pool-77-thread-1] INFO  server.RaftServerConfigKeys (ConfUtils.java:logGet(43)) - raft.server.log.queue.byte-limit = 2147483647 (custom)
2019-09-16 16:49:50,405 [pool-57-thread-1] INFO  server.RaftServerConfigKeys (ConfUtils.java:logGet(43)) - raft.server.log.segment.size.max = 1048576 (custom)
2019-09-16 16:49:50,405 [pool-77-thread-1] INFO  server.RaftServerConfigKeys (ConfUtils.java:logGet(43)) - raft.server.log.queue.element-limit = 1024 (custom)
2019-09-16 16:49:50,405 [pool-107-thread-1] INFO  server.RaftServerConfigKeys (ConfUtils.java:logGet(43)) - raft.server.log.appender.buffer.byte-limit = 33554432 (custom)
2019-09-16 16:49:50,406 [pool-77-thread-1] INFO  server.RaftServerConfigKeys (ConfUtils.java:logGet(43)) - raft.server.log.segment.size.max = 1048576 (custom)
2019-09-16 16:49:50,406 [pool-57-thread-1] INFO  server.RaftServerConfigKeys (ConfUtils.java:logGet(43)) - raft.server.log.segment.cache.num.max = 2 (custom)
2019-09-16 16:49:50,406 [pool-77-thread-1] INFO  server.RaftServerConfigKeys (ConfUtils.java:logGet(43)) - raft.server.log.preallocated.size = 16384 (custom)
2019-09-16 16:49:50,406 [pool-107-thread-1] INFO  server.RaftServerConfigKeys (ConfUtils.java:logGet(43)) - raft.server.log.segment.size.max = 1048576 (custom)
2019-09-16 16:49:50,406 [pool-77-thread-1] INFO  server.RaftServerConfigKeys (ConfUtils.java:logGet(43)) - raft.server.log.write.buffer.size = 33554432 (custom)
2019-09-16 16:49:50,406 [pool-57-thread-1] INFO  segmented.SegmentedRaftLogWorker (SegmentedRaftLogWorker.java:<init>(172)) - new 7fc320a2-74a2-44cb-8d45-40912bba4ff2@group-512358092D21-SegmentedRaftLogWorker for RaftStorage:Storage Directory /workdir/hadoop-ozone/integration-test/target/test-dir/MiniOzoneClusterImpl-f8b2c6cb-9ce7-4af8-81ae-d81048953348/datanode-3/data/ratis/545130b7-e41f-4170-95cf-512358092d21
2019-09-16 16:49:50,407 [pool-77-thread-1] INFO  server.RaftServerConfigKeys (ConfUtils.java:logGet(43)) - raft.server.log.force.sync.num = 128 (default)
2019-09-16 16:49:50,406 [pool-107-thread-1] INFO  server.RaftServerConfigKeys (ConfUtils.java:logGet(43)) - raft.server.log.segment.cache.num.max = 2 (custom)
2019-09-16 16:49:50,407 [pool-77-thread-1] INFO  server.RaftServerConfigKeys (ConfUtils.java:logGet(43)) - raft.server.log.statemachine.data.sync = true (default)
2019-09-16 16:49:50,407 [pool-57-thread-1] INFO  server.RaftServerConfigKeys (ConfUtils.java:logGet(43)) - raft.server.log.queue.byte-limit = 2147483647 (custom)
2019-09-16 16:49:50,407 [pool-77-thread-1] INFO  server.RaftServerConfigKeys (ConfUtils.java:logGet(43)) - raft.server.log.statemachine.data.sync.timeout = 10s (default)
2019-09-16 16:49:50,407 [pool-77-thread-1] INFO  server.RaftServerConfigKeys (ConfUtils.java:logGet(43)) - raft.server.log.statemachine.data.sync.timeout.retry = -1 (default)
2019-09-16 16:49:50,407 [pool-107-thread-1] INFO  segmented.SegmentedRaftLogWorker (SegmentedRaftLogWorker.java:<init>(172)) - new 9061b39a-2428-46aa-ac83-e6ff060f5840@group-512358092D21-SegmentedRaftLogWorker for RaftStorage:Storage Directory /workdir/hadoop-ozone/integration-test/target/test-dir/MiniOzoneClusterImpl-f8b2c6cb-9ce7-4af8-81ae-d81048953348/datanode-8/data/ratis/545130b7-e41f-4170-95cf-512358092d21
2019-09-16 16:49:50,408 [pool-77-thread-1] INFO  server.RaftServerConfigKeys (ConfUtils.java:logGet(43)) - raft.server.log.statemachine.data.caching.enabled = true (custom)
2019-09-16 16:49:50,407 [pool-57-thread-1] INFO  server.RaftServerConfigKeys (ConfUtils.java:logGet(43)) - raft.server.log.queue.element-limit = 1024 (custom)
2019-09-16 16:49:50,408 [pool-107-thread-1] INFO  server.RaftServerConfigKeys (ConfUtils.java:logGet(43)) - raft.server.log.queue.byte-limit = 2147483647 (custom)
2019-09-16 16:49:50,408 [pool-77-thread-1] INFO  segmented.SegmentedRaftLogWorker (SegmentedRaftLogWorker.java:lambda$new$0(132)) - 6d73d83e-4bf7-49f9-9c6b-f14bf24667e0@group-512358092D21-SegmentedRaftLogWorker: flushIndex: setUnconditionally 0 -> -1
2019-09-16 16:49:50,408 [pool-57-thread-1] INFO  server.RaftServerConfigKeys (ConfUtils.java:logGet(43)) - raft.server.log.segment.size.max = 1048576 (custom)
2019-09-16 16:49:50,408 [pool-107-thread-1] INFO  server.RaftServerConfigKeys (ConfUtils.java:logGet(43)) - raft.server.log.queue.element-limit = 1024 (custom)
2019-09-16 16:49:50,408 [pool-77-thread-1] INFO  server.RaftServerConfigKeys (ConfUtils.java:logGet(43)) - raft.server.snapshot.auto.trigger.enabled = true (custom)
2019-09-16 16:49:50,408 [pool-57-thread-1] INFO  server.RaftServerConfigKeys (ConfUtils.java:logGet(43)) - raft.server.log.preallocated.size = 16384 (custom)
2019-09-16 16:49:50,409 [pool-77-thread-1] INFO  server.RaftServerConfigKeys (ConfUtils.java:logGet(43)) - raft.server.snapshot.auto.trigger.threshold = 10000 (custom)
2019-09-16 16:49:50,409 [pool-107-thread-1] INFO  server.RaftServerConfigKeys (ConfUtils.java:logGet(43)) - raft.server.log.segment.size.max = 1048576 (custom)
2019-09-16 16:49:50,409 [pool-77-thread-1] INFO  server.RaftServerConfigKeys (ConfUtils.java:logGet(43)) - raft.server.snapshot.retention.num.files = -1 (default)
2019-09-16 16:49:50,409 [pool-57-thread-1] INFO  server.RaftServerConfigKeys (ConfUtils.java:logGet(43)) - raft.server.log.write.buffer.size = 33554432 (custom)
2019-09-16 16:49:50,409 [pool-77-thread-1] INFO  server.RaftServerConfigKeys (ConfUtils.java:logGet(43)) - raft.server.retrycache.expirytime = 600000ms (custom)
2019-09-16 16:49:50,409 [pool-107-thread-1] INFO  server.RaftServerConfigKeys (ConfUtils.java:logGet(43)) - raft.server.log.preallocated.size = 16384 (custom)
2019-09-16 16:49:50,409 [pool-57-thread-1] INFO  server.RaftServerConfigKeys (ConfUtils.java:logGet(43)) - raft.server.log.force.sync.num = 128 (default)
2019-09-16 16:49:50,410 [pool-107-thread-1] INFO  server.RaftServerConfigKeys (ConfUtils.java:logGet(43)) - raft.server.log.write.buffer.size = 33554432 (custom)
2019-09-16 16:49:50,410 [pool-57-thread-1] INFO  server.RaftServerConfigKeys (ConfUtils.java:logGet(43)) - raft.server.log.statemachine.data.sync = true (default)
2019-09-16 16:49:50,410 [pool-107-thread-1] INFO  server.RaftServerConfigKeys (ConfUtils.java:logGet(43)) - raft.server.log.force.sync.num = 128 (default)
2019-09-16 16:49:50,410 [pool-57-thread-1] INFO  server.RaftServerConfigKeys (ConfUtils.java:logGet(43)) - raft.server.log.statemachine.data.sync.timeout = 10s (default)
2019-09-16 16:49:50,410 [pool-107-thread-1] INFO  server.RaftServerConfigKeys (ConfUtils.java:logGet(43)) - raft.server.log.statemachine.data.sync = true (default)
2019-09-16 16:49:50,410 [pool-57-thread-1] INFO  server.RaftServerConfigKeys (ConfUtils.java:logGet(43)) - raft.server.log.statemachine.data.sync.timeout.retry = -1 (default)
2019-09-16 16:49:50,411 [pool-107-thread-1] INFO  server.RaftServerConfigKeys (ConfUtils.java:logGet(43)) - raft.server.log.statemachine.data.sync.timeout = 10s (default)
2019-09-16 16:49:50,411 [pool-57-thread-1] INFO  server.RaftServerConfigKeys (ConfUtils.java:logGet(43)) - raft.server.log.statemachine.data.caching.enabled = true (custom)
2019-09-16 16:49:50,411 [pool-107-thread-1] INFO  server.RaftServerConfigKeys (ConfUtils.java:logGet(43)) - raft.server.log.statemachine.data.sync.timeout.retry = -1 (default)
2019-09-16 16:49:50,411 [pool-57-thread-1] INFO  segmented.SegmentedRaftLogWorker (SegmentedRaftLogWorker.java:lambda$new$0(132)) - 7fc320a2-74a2-44cb-8d45-40912bba4ff2@group-512358092D21-SegmentedRaftLogWorker: flushIndex: setUnconditionally 0 -> -1
2019-09-16 16:49:50,411 [pool-107-thread-1] INFO  server.RaftServerConfigKeys (ConfUtils.java:logGet(43)) - raft.server.log.statemachine.data.caching.enabled = true (custom)
2019-09-16 16:49:50,411 [pool-57-thread-1] INFO  server.RaftServerConfigKeys (ConfUtils.java:logGet(43)) - raft.server.snapshot.auto.trigger.enabled = true (custom)
2019-09-16 16:49:50,411 [pool-57-thread-1] INFO  server.RaftServerConfigKeys (ConfUtils.java:logGet(43)) - raft.server.snapshot.auto.trigger.threshold = 10000 (custom)
2019-09-16 16:49:50,411 [pool-107-thread-1] INFO  segmented.SegmentedRaftLogWorker (SegmentedRaftLogWorker.java:lambda$new$0(132)) - 9061b39a-2428-46aa-ac83-e6ff060f5840@group-512358092D21-SegmentedRaftLogWorker: flushIndex: setUnconditionally 0 -> -1
2019-09-16 16:49:50,411 [pool-57-thread-1] INFO  server.RaftServerConfigKeys (ConfUtils.java:logGet(43)) - raft.server.snapshot.retention.num.files = -1 (default)
2019-09-16 16:49:50,412 [pool-57-thread-1] INFO  server.RaftServerConfigKeys (ConfUtils.java:logGet(43)) - raft.server.retrycache.expirytime = 600000ms (custom)
2019-09-16 16:49:50,412 [pool-107-thread-1] INFO  server.RaftServerConfigKeys (ConfUtils.java:logGet(43)) - raft.server.snapshot.auto.trigger.enabled = true (custom)
2019-09-16 16:49:50,412 [pool-107-thread-1] INFO  server.RaftServerConfigKeys (ConfUtils.java:logGet(43)) - raft.server.snapshot.auto.trigger.threshold = 10000 (custom)
2019-09-16 16:49:50,412 [pool-107-thread-1] INFO  server.RaftServerConfigKeys (ConfUtils.java:logGet(43)) - raft.server.snapshot.retention.num.files = -1 (default)
2019-09-16 16:49:50,412 [pool-77-thread-1] INFO  impl.RaftServerImpl (RaftServerImpl.java:start(185)) - 6d73d83e-4bf7-49f9-9c6b-f14bf24667e0@group-512358092D21: start as a follower, conf=-1: [6d73d83e-4bf7-49f9-9c6b-f14bf24667e0:192.168.34.47:40303, 7fc320a2-74a2-44cb-8d45-40912bba4ff2:192.168.34.47:36256, 9061b39a-2428-46aa-ac83-e6ff060f5840:192.168.34.47:46365], old=null
2019-09-16 16:49:50,412 [pool-107-thread-1] INFO  server.RaftServerConfigKeys (ConfUtils.java:logGet(43)) - raft.server.retrycache.expirytime = 600000ms (custom)
2019-09-16 16:49:50,412 [pool-77-thread-1] INFO  impl.RaftServerImpl (RaftServerImpl.java:setRole(174)) - 6d73d83e-4bf7-49f9-9c6b-f14bf24667e0@group-512358092D21: changes role from      null to FOLLOWER at term 0 for startAsFollower
2019-09-16 16:49:50,413 [pool-77-thread-1] INFO  impl.RoleInfo (RoleInfo.java:updateAndGet(143)) - 6d73d83e-4bf7-49f9-9c6b-f14bf24667e0: start FollowerState
2019-09-16 16:49:50,413 [pool-77-thread-1] INFO  util.JmxRegister (JmxRegister.java:tryRegister(44)) - Successfully registered JMX Bean with object name Ratis:service=RaftServer,group=group-512358092D21,id=6d73d83e-4bf7-49f9-9c6b-f14bf24667e0
2019-09-16 16:49:50,414 [pool-57-thread-1] INFO  impl.RaftServerImpl (RaftServerImpl.java:start(185)) - 7fc320a2-74a2-44cb-8d45-40912bba4ff2@group-512358092D21: start as a follower, conf=-1: [6d73d83e-4bf7-49f9-9c6b-f14bf24667e0:192.168.34.47:40303, 7fc320a2-74a2-44cb-8d45-40912bba4ff2:192.168.34.47:36256, 9061b39a-2428-46aa-ac83-e6ff060f5840:192.168.34.47:46365], old=null
2019-09-16 16:49:50,414 [pool-57-thread-1] INFO  impl.RaftServerImpl (RaftServerImpl.java:setRole(174)) - 7fc320a2-74a2-44cb-8d45-40912bba4ff2@group-512358092D21: changes role from      null to FOLLOWER at term 0 for startAsFollower
2019-09-16 16:49:50,414 [pool-57-thread-1] INFO  impl.RoleInfo (RoleInfo.java:updateAndGet(143)) - 7fc320a2-74a2-44cb-8d45-40912bba4ff2: start FollowerState
2019-09-16 16:49:50,415 [pool-57-thread-1] INFO  util.JmxRegister (JmxRegister.java:tryRegister(44)) - Successfully registered JMX Bean with object name Ratis:service=RaftServer,group=group-512358092D21,id=7fc320a2-74a2-44cb-8d45-40912bba4ff2
2019-09-16 16:49:50,427 [pool-107-thread-1] INFO  impl.RaftServerImpl (RaftServerImpl.java:start(185)) - 9061b39a-2428-46aa-ac83-e6ff060f5840@group-512358092D21: start as a follower, conf=-1: [6d73d83e-4bf7-49f9-9c6b-f14bf24667e0:192.168.34.47:40303, 7fc320a2-74a2-44cb-8d45-40912bba4ff2:192.168.34.47:36256, 9061b39a-2428-46aa-ac83-e6ff060f5840:192.168.34.47:46365], old=null
2019-09-16 16:49:50,432 [pool-107-thread-1] INFO  impl.RaftServerImpl (RaftServerImpl.java:setRole(174)) - 9061b39a-2428-46aa-ac83-e6ff060f5840@group-512358092D21: changes role from      null to FOLLOWER at term 0 for startAsFollower
2019-09-16 16:49:50,433 [Thread-291] INFO  impl.FollowerState (FollowerState.java:run(106)) - c9a1bac0-eae5-4c8c-abbf-c37d9bceede4:group-660E8B03C38A changes to CANDIDATE, lastRpcTime:1015, electionTimeout:1015ms
2019-09-16 16:49:50,433 [pool-107-thread-1] INFO  impl.RoleInfo (RoleInfo.java:updateAndGet(143)) - 9061b39a-2428-46aa-ac83-e6ff060f5840: start FollowerState
2019-09-16 16:49:50,433 [Thread-291] INFO  impl.RoleInfo (RoleInfo.java:shutdownFollowerState(121)) - c9a1bac0-eae5-4c8c-abbf-c37d9bceede4: shutdown FollowerState
2019-09-16 16:49:50,435 [Thread-291] INFO  impl.RaftServerImpl (RaftServerImpl.java:setRole(174)) - c9a1bac0-eae5-4c8c-abbf-c37d9bceede4@group-660E8B03C38A: changes role from  FOLLOWER to CANDIDATE at term 0 for changeToCandidate
2019-09-16 16:49:50,435 [Thread-291] INFO  impl.RoleInfo (RoleInfo.java:updateAndGet(143)) - c9a1bac0-eae5-4c8c-abbf-c37d9bceede4: start LeaderElection
2019-09-16 16:49:50,435 [pool-107-thread-1] INFO  util.JmxRegister (JmxRegister.java:tryRegister(44)) - Successfully registered JMX Bean with object name Ratis:service=RaftServer,group=group-512358092D21,id=9061b39a-2428-46aa-ac83-e6ff060f5840
2019-09-16 16:49:50,444 [RatisPipelineUtilsThread] INFO  pipeline.PipelineStateManager (PipelineStateManager.java:addPipeline(56)) - Created pipeline Pipeline[ Id: 545130b7-e41f-4170-95cf-512358092d21, Nodes: 7fc320a2-74a2-44cb-8d45-40912bba4ff2{ip: 192.168.34.47, host: pr-hdds-2111-ptm9r-3382166736, networkLocation: /default-rack, certSerialId: null}6d73d83e-4bf7-49f9-9c6b-f14bf24667e0{ip: 192.168.34.47, host: pr-hdds-2111-ptm9r-3382166736, networkLocation: /default-rack, certSerialId: null}9061b39a-2428-46aa-ac83-e6ff060f5840{ip: 192.168.34.47, host: pr-hdds-2111-ptm9r-3382166736, networkLocation: /default-rack, certSerialId: null}, Type:RATIS, Factor:THREE, State:OPEN]
2019-09-16 16:49:50,454 [c9a1bac0-eae5-4c8c-abbf-c37d9bceede4@group-660E8B03C38A:LeaderElection3] INFO  impl.LeaderElection (LeaderElection.java:askForVotes(182)) - c9a1bac0-eae5-4c8c-abbf-c37d9bceede4@group-660E8B03C38A:LeaderElection3: begin an election at term 1 for -1: [c9a1bac0-eae5-4c8c-abbf-c37d9bceede4:192.168.34.47:39870], old=null
2019-09-16 16:49:50,454 [c9a1bac0-eae5-4c8c-abbf-c37d9bceede4@group-660E8B03C38A:LeaderElection3] INFO  impl.RoleInfo (RoleInfo.java:shutdownLeaderElection(134)) - c9a1bac0-eae5-4c8c-abbf-c37d9bceede4: shutdown LeaderElection
2019-09-16 16:49:50,454 [c9a1bac0-eae5-4c8c-abbf-c37d9bceede4@group-660E8B03C38A:LeaderElection3] INFO  impl.RaftServerImpl (RaftServerImpl.java:setRole(174)) - c9a1bac0-eae5-4c8c-abbf-c37d9bceede4@group-660E8B03C38A: changes role from CANDIDATE to LEADER at term 1 for changeToLeader
2019-09-16 16:49:50,454 [c9a1bac0-eae5-4c8c-abbf-c37d9bceede4@group-660E8B03C38A:LeaderElection3] INFO  impl.RaftServerImpl (ServerState.java:setLeader(253)) - c9a1bac0-eae5-4c8c-abbf-c37d9bceede4@group-660E8B03C38A: change Leader from null to c9a1bac0-eae5-4c8c-abbf-c37d9bceede4 at term 1 for becomeLeader, leader elected after 1089ms
2019-09-16 16:49:50,456 [c9a1bac0-eae5-4c8c-abbf-c37d9bceede4@group-660E8B03C38A:LeaderElection3] INFO  server.RaftServerConfigKeys (ConfUtils.java:logGet(43)) - raft.server.staging.catchup.gap = 1000 (default)
2019-09-16 16:49:50,456 [c9a1bac0-eae5-4c8c-abbf-c37d9bceede4@group-660E8B03C38A:LeaderElection3] INFO  server.RaftServerConfigKeys (ConfUtils.java:logGet(43)) - raft.server.rpc.sleep.time = 25ms (default)
2019-09-16 16:49:50,456 [c9a1bac0-eae5-4c8c-abbf-c37d9bceede4@group-660E8B03C38A:LeaderElection3] INFO  server.RaftServerConfigKeys (ConfUtils.java:logGet(43)) - raft.server.write.element-limit = 4096 (default)
2019-09-16 16:49:50,456 [c9a1bac0-eae5-4c8c-abbf-c37d9bceede4@group-660E8B03C38A:LeaderElection3] INFO  server.RaftServerConfigKeys (ConfUtils.java:logGet(43)) - raft.server.watch.timeout = 10s (default)
2019-09-16 16:49:50,456 [c9a1bac0-eae5-4c8c-abbf-c37d9bceede4@group-660E8B03C38A:LeaderElection3] INFO  server.RaftServerConfigKeys (ConfUtils.java:logGet(43)) - raft.server.watch.timeout.denomination = 1s (default)
2019-09-16 16:49:50,456 [c9a1bac0-eae5-4c8c-abbf-c37d9bceede4@group-660E8B03C38A:LeaderElection3] INFO  server.RaftServerConfigKeys (ConfUtils.java:logGet(43)) - raft.server.watch.element-limit = 65536 (default)
2019-09-16 16:49:50,458 [c9a1bac0-eae5-4c8c-abbf-c37d9bceede4@group-660E8B03C38A:LeaderElection3] INFO  impl.RoleInfo (RoleInfo.java:updateAndGet(143)) - c9a1bac0-eae5-4c8c-abbf-c37d9bceede4: start LeaderState
2019-09-16 16:49:50,458 [c9a1bac0-eae5-4c8c-abbf-c37d9bceede4@group-660E8B03C38A:LeaderElection3] INFO  segmented.SegmentedRaftLogWorker (SegmentedRaftLogWorker.java:startLogSegment(380)) - c9a1bac0-eae5-4c8c-abbf-c37d9bceede4@group-660E8B03C38A-SegmentedRaftLogWorker: Starting segment from index:0
2019-09-16 16:49:50,461 [c9a1bac0-eae5-4c8c-abbf-c37d9bceede4@group-660E8B03C38A:LeaderElection3] INFO  impl.RaftServerImpl (ServerState.java:setRaftConf(354)) - c9a1bac0-eae5-4c8c-abbf-c37d9bceede4@group-660E8B03C38A: set configuration 0: [c9a1bac0-eae5-4c8c-abbf-c37d9bceede4:192.168.34.47:39870], old=null at 0
2019-09-16 16:49:50,463 [grpc-default-executor-1] INFO  impl.RaftServerProxy (RaftServerProxy.java:addNew(89)) - 95da17b0-4e07-4af0-be4f-5c62bf2a50a7: addNew group-F512E466BF16:[18b96c5b-e26d-45b3-8a36-72f0b02f08ab:192.168.34.47:45604, 95da17b0-4e07-4af0-be4f-5c62bf2a50a7:192.168.34.47:46480, d43b0c61-8f3a-4c5a-ae51-ff6150aafa7d:192.168.34.47:43126] returns group-F512E466BF16:java.util.concurrent.CompletableFuture@2973ced4[Not completed]
2019-09-16 16:49:50,464 [grpc-default-executor-0] INFO  impl.RaftServerProxy (RaftServerProxy.java:addNew(89)) - 18b96c5b-e26d-45b3-8a36-72f0b02f08ab: addNew group-F512E466BF16:[18b96c5b-e26d-45b3-8a36-72f0b02f08ab:192.168.34.47:45604, 95da17b0-4e07-4af0-be4f-5c62bf2a50a7:192.168.34.47:46480, d43b0c61-8f3a-4c5a-ae51-ff6150aafa7d:192.168.34.47:43126] returns group-F512E466BF16:java.util.concurrent.CompletableFuture@3782e66[Not completed]
2019-09-16 16:49:50,467 [grpc-default-executor-1] INFO  impl.RaftServerProxy (RaftServerProxy.java:addNew(89)) - d43b0c61-8f3a-4c5a-ae51-ff6150aafa7d: addNew group-F512E466BF16:[18b96c5b-e26d-45b3-8a36-72f0b02f08ab:192.168.34.47:45604, 95da17b0-4e07-4af0-be4f-5c62bf2a50a7:192.168.34.47:46480, d43b0c61-8f3a-4c5a-ae51-ff6150aafa7d:192.168.34.47:43126] returns group-F512E466BF16:java.util.concurrent.CompletableFuture@253251de[Not completed]
2019-09-16 16:49:50,468 [pool-117-thread-1] INFO  impl.RaftServerImpl (RaftServerImpl.java:<init>(95)) - 95da17b0-4e07-4af0-be4f-5c62bf2a50a7: new RaftServerImpl for group-F512E466BF16:[18b96c5b-e26d-45b3-8a36-72f0b02f08ab:192.168.34.47:45604, 95da17b0-4e07-4af0-be4f-5c62bf2a50a7:192.168.34.47:46480, d43b0c61-8f3a-4c5a-ae51-ff6150aafa7d:192.168.34.47:43126] with ContainerStateMachine:uninitialized
2019-09-16 16:49:50,468 [pool-117-thread-1] INFO  server.RaftServerConfigKeys (ConfUtils.java:logGet(43)) - raft.server.rpc.timeout.min = 1s (custom)
2019-09-16 16:49:50,469 [pool-117-thread-1] INFO  server.RaftServerConfigKeys (ConfUtils.java:logGet(43)) - raft.server.rpc.timeout.max = 1200ms (custom)
2019-09-16 16:49:50,469 [pool-117-thread-1] INFO  server.RaftServerConfigKeys (ConfUtils.java:logGet(43)) - raft.server.rpcslowness.timeout = 120s (custom)
2019-09-16 16:49:50,469 [pool-27-thread-1] INFO  impl.RaftServerImpl (RaftServerImpl.java:<init>(95)) - d43b0c61-8f3a-4c5a-ae51-ff6150aafa7d: new RaftServerImpl for group-F512E466BF16:[18b96c5b-e26d-45b3-8a36-72f0b02f08ab:192.168.34.47:45604, 95da17b0-4e07-4af0-be4f-5c62bf2a50a7:192.168.34.47:46480, d43b0c61-8f3a-4c5a-ae51-ff6150aafa7d:192.168.34.47:43126] with ContainerStateMachine:uninitialized
2019-09-16 16:49:50,469 [pool-117-thread-1] INFO  server.RaftServerConfigKeys (ConfUtils.java:logGet(43)) - raft.server.sleep.deviation.threshold = 300 (default)
2019-09-16 16:49:50,469 [pool-27-thread-1] INFO  server.RaftServerConfigKeys (ConfUtils.java:logGet(43)) - raft.server.rpc.timeout.min = 1s (custom)
2019-09-16 16:49:50,469 [pool-117-thread-1] INFO  server.RaftServerConfigKeys (ConfUtils.java:logGet(43)) - raft.server.log.appender.install.snapshot.enabled = false (custom)
2019-09-16 16:49:50,469 [pool-37-thread-1] INFO  impl.RaftServerImpl (RaftServerImpl.java:<init>(95)) - 18b96c5b-e26d-45b3-8a36-72f0b02f08ab: new RaftServerImpl for group-F512E466BF16:[18b96c5b-e26d-45b3-8a36-72f0b02f08ab:192.168.34.47:45604, 95da17b0-4e07-4af0-be4f-5c62bf2a50a7:192.168.34.47:46480, d43b0c61-8f3a-4c5a-ae51-ff6150aafa7d:192.168.34.47:43126] with ContainerStateMachine:uninitialized
2019-09-16 16:49:50,469 [pool-27-thread-1] INFO  server.RaftServerConfigKeys (ConfUtils.java:logGet(43)) - raft.server.rpc.timeout.max = 1200ms (custom)
2019-09-16 16:49:50,470 [pool-37-thread-1] INFO  server.RaftServerConfigKeys (ConfUtils.java:logGet(43)) - raft.server.rpc.timeout.min = 1s (custom)
2019-09-16 16:49:50,470 [pool-117-thread-1] INFO  impl.RaftServerImpl (ServerState.java:<init>(103)) - 95da17b0-4e07-4af0-be4f-5c62bf2a50a7@group-F512E466BF16: ConfigurationManager, init=-1: [18b96c5b-e26d-45b3-8a36-72f0b02f08ab:192.168.34.47:45604, 95da17b0-4e07-4af0-be4f-5c62bf2a50a7:192.168.34.47:46480, d43b0c61-8f3a-4c5a-ae51-ff6150aafa7d:192.168.34.47:43126], old=null, confs=<EMPTY_MAP>
2019-09-16 16:49:50,470 [pool-37-thread-1] INFO  server.RaftServerConfigKeys (ConfUtils.java:logGet(43)) - raft.server.rpc.timeout.max = 1200ms (custom)
2019-09-16 16:49:50,470 [pool-117-thread-1] INFO  server.RaftServerConfigKeys (ConfUtils.java:logGet(43)) - raft.server.storage.dir = [/workdir/hadoop-ozone/integration-test/target/test-dir/MiniOzoneClusterImpl-f8b2c6cb-9ce7-4af8-81ae-d81048953348/datanode-9/data/ratis] (custom)
2019-09-16 16:49:50,470 [pool-27-thread-1] INFO  server.RaftServerConfigKeys (ConfUtils.java:logGet(43)) - raft.server.rpcslowness.timeout = 120s (custom)
2019-09-16 16:49:50,470 [pool-37-thread-1] INFO  server.RaftServerConfigKeys (ConfUtils.java:logGet(43)) - raft.server.rpcslowness.timeout = 120s (custom)
2019-09-16 16:49:50,470 [pool-27-thread-1] INFO  server.RaftServerConfigKeys (ConfUtils.java:logGet(43)) - raft.server.sleep.deviation.threshold = 300 (default)
2019-09-16 16:49:50,471 [pool-117-thread-1] INFO  storage.RaftStorageDirectory (RaftStorageDirectory.java:analyzeStorage(246)) - The storage directory /workdir/hadoop-ozone/integration-test/target/test-dir/MiniOzoneClusterImpl-f8b2c6cb-9ce7-4af8-81ae-d81048953348/datanode-9/data/ratis/dfec251d-54fc-408a-b579-f512e466bf16 does not exist. Creating ...
2019-09-16 16:49:50,471 [pool-27-thread-1] INFO  server.RaftServerConfigKeys (ConfUtils.java:logGet(43)) - raft.server.log.appender.install.snapshot.enabled = false (custom)
2019-09-16 16:49:50,470 [pool-37-thread-1] INFO  server.RaftServerConfigKeys (ConfUtils.java:logGet(43)) - raft.server.sleep.deviation.threshold = 300 (default)
2019-09-16 16:49:50,471 [pool-27-thread-1] INFO  impl.RaftServerImpl (ServerState.java:<init>(103)) - d43b0c61-8f3a-4c5a-ae51-ff6150aafa7d@group-F512E466BF16: ConfigurationManager, init=-1: [18b96c5b-e26d-45b3-8a36-72f0b02f08ab:192.168.34.47:45604, 95da17b0-4e07-4af0-be4f-5c62bf2a50a7:192.168.34.47:46480, d43b0c61-8f3a-4c5a-ae51-ff6150aafa7d:192.168.34.47:43126], old=null, confs=<EMPTY_MAP>
2019-09-16 16:49:50,471 [pool-37-thread-1] INFO  server.RaftServerConfigKeys (ConfUtils.java:logGet(43)) - raft.server.log.appender.install.snapshot.enabled = false (custom)
2019-09-16 16:49:50,471 [pool-27-thread-1] INFO  server.RaftServerConfigKeys (ConfUtils.java:logGet(43)) - raft.server.storage.dir = [/workdir/hadoop-ozone/integration-test/target/test-dir/MiniOzoneClusterImpl-f8b2c6cb-9ce7-4af8-81ae-d81048953348/datanode-0/data/ratis] (custom)
2019-09-16 16:49:50,471 [pool-37-thread-1] INFO  impl.RaftServerImpl (ServerState.java:<init>(103)) - 18b96c5b-e26d-45b3-8a36-72f0b02f08ab@group-F512E466BF16: ConfigurationManager, init=-1: [18b96c5b-e26d-45b3-8a36-72f0b02f08ab:192.168.34.47:45604, 95da17b0-4e07-4af0-be4f-5c62bf2a50a7:192.168.34.47:46480, d43b0c61-8f3a-4c5a-ae51-ff6150aafa7d:192.168.34.47:43126], old=null, confs=<EMPTY_MAP>
2019-09-16 16:49:50,472 [pool-37-thread-1] INFO  server.RaftServerConfigKeys (ConfUtils.java:logGet(43)) - raft.server.storage.dir = [/workdir/hadoop-ozone/integration-test/target/test-dir/MiniOzoneClusterImpl-f8b2c6cb-9ce7-4af8-81ae-d81048953348/datanode-1/data/ratis] (custom)
2019-09-16 16:49:50,472 [pool-27-thread-1] INFO  storage.RaftStorageDirectory (RaftStorageDirectory.java:analyzeStorage(246)) - The storage directory /workdir/hadoop-ozone/integration-test/target/test-dir/MiniOzoneClusterImpl-f8b2c6cb-9ce7-4af8-81ae-d81048953348/datanode-0/data/ratis/dfec251d-54fc-408a-b579-f512e466bf16 does not exist. Creating ...
2019-09-16 16:49:50,472 [pool-37-thread-1] INFO  storage.RaftStorageDirectory (RaftStorageDirectory.java:analyzeStorage(246)) - The storage directory /workdir/hadoop-ozone/integration-test/target/test-dir/MiniOzoneClusterImpl-f8b2c6cb-9ce7-4af8-81ae-d81048953348/datanode-1/data/ratis/dfec251d-54fc-408a-b579-f512e466bf16 does not exist. Creating ...
2019-09-16 16:49:50,486 [pool-37-thread-1] INFO  storage.RaftStorageDirectory (RaftStorageDirectory.java:tryLock(328)) - Lock on /workdir/hadoop-ozone/integration-test/target/test-dir/MiniOzoneClusterImpl-f8b2c6cb-9ce7-4af8-81ae-d81048953348/datanode-1/data/ratis/dfec251d-54fc-408a-b579-f512e466bf16/in_use.lock acquired by nodename 8658@pr-hdds-2111-ptm9r-3382166736
2019-09-16 16:49:50,486 [pool-27-thread-1] INFO  storage.RaftStorageDirectory (RaftStorageDirectory.java:tryLock(328)) - Lock on /workdir/hadoop-ozone/integration-test/target/test-dir/MiniOzoneClusterImpl-f8b2c6cb-9ce7-4af8-81ae-d81048953348/datanode-0/data/ratis/dfec251d-54fc-408a-b579-f512e466bf16/in_use.lock acquired by nodename 8658@pr-hdds-2111-ptm9r-3382166736
2019-09-16 16:49:50,486 [pool-117-thread-1] INFO  storage.RaftStorageDirectory (RaftStorageDirectory.java:tryLock(328)) - Lock on /workdir/hadoop-ozone/integration-test/target/test-dir/MiniOzoneClusterImpl-f8b2c6cb-9ce7-4af8-81ae-d81048953348/datanode-9/data/ratis/dfec251d-54fc-408a-b579-f512e466bf16/in_use.lock acquired by nodename 8658@pr-hdds-2111-ptm9r-3382166736
2019-09-16 16:49:50,500 [pool-27-thread-1] INFO  storage.RaftStorage (RaftStorage.java:format(72)) - Storage directory /workdir/hadoop-ozone/integration-test/target/test-dir/MiniOzoneClusterImpl-f8b2c6cb-9ce7-4af8-81ae-d81048953348/datanode-0/data/ratis/dfec251d-54fc-408a-b579-f512e466bf16 has been successfully formatted.
2019-09-16 16:49:50,500 [pool-37-thread-1] INFO  storage.RaftStorage (RaftStorage.java:format(72)) - Storage directory /workdir/hadoop-ozone/integration-test/target/test-dir/MiniOzoneClusterImpl-f8b2c6cb-9ce7-4af8-81ae-d81048953348/datanode-1/data/ratis/dfec251d-54fc-408a-b579-f512e466bf16 has been successfully formatted.
2019-09-16 16:49:50,500 [pool-117-thread-1] INFO  storage.RaftStorage (RaftStorage.java:format(72)) - Storage directory /workdir/hadoop-ozone/integration-test/target/test-dir/MiniOzoneClusterImpl-f8b2c6cb-9ce7-4af8-81ae-d81048953348/datanode-9/data/ratis/dfec251d-54fc-408a-b579-f512e466bf16 has been successfully formatted.
2019-09-16 16:49:50,500 [pool-27-thread-1] INFO  ratis.ContainerStateMachine (ContainerStateMachine.java:loadSnapshot(230)) - group-F512E466BF16: The snapshot info is null. Setting the last applied indexto:(t:0, i:~)
2019-09-16 16:49:50,500 [pool-37-thread-1] INFO  ratis.ContainerStateMachine (ContainerStateMachine.java:loadSnapshot(230)) - group-F512E466BF16: The snapshot info is null. Setting the last applied indexto:(t:0, i:~)
2019-09-16 16:49:50,501 [pool-117-thread-1] INFO  ratis.ContainerStateMachine (ContainerStateMachine.java:loadSnapshot(230)) - group-F512E466BF16: The snapshot info is null. Setting the last applied indexto:(t:0, i:~)
2019-09-16 16:49:50,501 [pool-27-thread-1] INFO  server.RaftServerConfigKeys (ConfUtils.java:logGet(43)) - raft.server.notification.no-leader.timeout = 120s (custom)
2019-09-16 16:49:50,501 [pool-117-thread-1] INFO  server.RaftServerConfigKeys (ConfUtils.java:logGet(43)) - raft.server.notification.no-leader.timeout = 120s (custom)
2019-09-16 16:49:50,501 [pool-37-thread-1] INFO  server.RaftServerConfigKeys (ConfUtils.java:logGet(43)) - raft.server.notification.no-leader.timeout = 120s (custom)
2019-09-16 16:49:50,501 [pool-117-thread-1] INFO  server.RaftServerConfigKeys (ConfUtils.java:logGet(43)) - raft.server.log.use.memory = false (default)
2019-09-16 16:49:50,501 [pool-27-thread-1] INFO  server.RaftServerConfigKeys (ConfUtils.java:logGet(43)) - raft.server.log.use.memory = false (default)
2019-09-16 16:49:50,501 [pool-117-thread-1] INFO  server.RaftServerConfigKeys (ConfUtils.java:logGet(43)) - raft.server.log.purge.gap = 1000000 (custom)
2019-09-16 16:49:50,501 [pool-37-thread-1] INFO  server.RaftServerConfigKeys (ConfUtils.java:logGet(43)) - raft.server.log.use.memory = false (default)
2019-09-16 16:49:50,502 [pool-117-thread-1] INFO  server.RaftServerConfigKeys (ConfUtils.java:logGet(43)) - raft.server.log.appender.buffer.byte-limit = 33554432 (custom)
2019-09-16 16:49:50,502 [pool-27-thread-1] INFO  server.RaftServerConfigKeys (ConfUtils.java:logGet(43)) - raft.server.log.purge.gap = 1000000 (custom)
2019-09-16 16:49:50,502 [pool-117-thread-1] INFO  server.RaftServerConfigKeys (ConfUtils.java:logGet(43)) - raft.server.log.segment.size.max = 1048576 (custom)
2019-09-16 16:49:50,502 [pool-37-thread-1] INFO  server.RaftServerConfigKeys (ConfUtils.java:logGet(43)) - raft.server.log.purge.gap = 1000000 (custom)
2019-09-16 16:49:50,502 [pool-117-thread-1] INFO  server.RaftServerConfigKeys (ConfUtils.java:logGet(43)) - raft.server.log.segment.cache.num.max = 2 (custom)
2019-09-16 16:49:50,502 [pool-27-thread-1] INFO  server.RaftServerConfigKeys (ConfUtils.java:logGet(43)) - raft.server.log.appender.buffer.byte-limit = 33554432 (custom)
2019-09-16 16:49:50,503 [pool-117-thread-1] INFO  segmented.SegmentedRaftLogWorker (SegmentedRaftLogWorker.java:<init>(172)) - new 95da17b0-4e07-4af0-be4f-5c62bf2a50a7@group-F512E466BF16-SegmentedRaftLogWorker for RaftStorage:Storage Directory /workdir/hadoop-ozone/integration-test/target/test-dir/MiniOzoneClusterImpl-f8b2c6cb-9ce7-4af8-81ae-d81048953348/datanode-9/data/ratis/dfec251d-54fc-408a-b579-f512e466bf16
2019-09-16 16:49:50,502 [pool-37-thread-1] INFO  server.RaftServerConfigKeys (ConfUtils.java:logGet(43)) - raft.server.log.appender.buffer.byte-limit = 33554432 (custom)
2019-09-16 16:49:50,503 [pool-117-thread-1] INFO  server.RaftServerConfigKeys (ConfUtils.java:logGet(43)) - raft.server.log.queue.byte-limit = 2147483647 (custom)
2019-09-16 16:49:50,503 [pool-27-thread-1] INFO  server.RaftServerConfigKeys (ConfUtils.java:logGet(43)) - raft.server.log.segment.size.max = 1048576 (custom)
2019-09-16 16:49:50,503 [pool-117-thread-1] INFO  server.RaftServerConfigKeys (ConfUtils.java:logGet(43)) - raft.server.log.queue.element-limit = 1024 (custom)
2019-09-16 16:49:50,503 [pool-37-thread-1] INFO  server.RaftServerConfigKeys (ConfUtils.java:logGet(43)) - raft.server.log.segment.size.max = 1048576 (custom)
2019-09-16 16:49:50,503 [pool-117-thread-1] INFO  server.RaftServerConfigKeys (ConfUtils.java:logGet(43)) - raft.server.log.segment.size.max = 1048576 (custom)
2019-09-16 16:49:50,503 [pool-27-thread-1] INFO  server.RaftServerConfigKeys (ConfUtils.java:logGet(43)) - raft.server.log.segment.cache.num.max = 2 (custom)
2019-09-16 16:49:50,504 [pool-117-thread-1] INFO  server.RaftServerConfigKeys (ConfUtils.java:logGet(43)) - raft.server.log.preallocated.size = 16384 (custom)
2019-09-16 16:49:50,504 [pool-37-thread-1] INFO  server.RaftServerConfigKeys (ConfUtils.java:logGet(43)) - raft.server.log.segment.cache.num.max = 2 (custom)
2019-09-16 16:49:50,504 [pool-117-thread-1] INFO  server.RaftServerConfigKeys (ConfUtils.java:logGet(43)) - raft.server.log.write.buffer.size = 33554432 (custom)
2019-09-16 16:49:50,504 [pool-27-thread-1] INFO  segmented.SegmentedRaftLogWorker (SegmentedRaftLogWorker.java:<init>(172)) - new d43b0c61-8f3a-4c5a-ae51-ff6150aafa7d@group-F512E466BF16-SegmentedRaftLogWorker for RaftStorage:Storage Directory /workdir/hadoop-ozone/integration-test/target/test-dir/MiniOzoneClusterImpl-f8b2c6cb-9ce7-4af8-81ae-d81048953348/datanode-0/data/ratis/dfec251d-54fc-408a-b579-f512e466bf16
2019-09-16 16:49:50,504 [pool-117-thread-1] INFO  server.RaftServerConfigKeys (ConfUtils.java:logGet(43)) - raft.server.log.force.sync.num = 128 (default)
2019-09-16 16:49:50,504 [pool-37-thread-1] INFO  segmented.SegmentedRaftLogWorker (SegmentedRaftLogWorker.java:<init>(172)) - new 18b96c5b-e26d-45b3-8a36-72f0b02f08ab@group-F512E466BF16-SegmentedRaftLogWorker for RaftStorage:Storage Directory /workdir/hadoop-ozone/integration-test/target/test-dir/MiniOzoneClusterImpl-f8b2c6cb-9ce7-4af8-81ae-d81048953348/datanode-1/data/ratis/dfec251d-54fc-408a-b579-f512e466bf16
2019-09-16 16:49:50,505 [pool-117-thread-1] INFO  server.RaftServerConfigKeys (ConfUtils.java:logGet(43)) - raft.server.log.statemachine.data.sync = true (default)
2019-09-16 16:49:50,504 [pool-27-thread-1] INFO  server.RaftServerConfigKeys (ConfUtils.java:logGet(43)) - raft.server.log.queue.byte-limit = 2147483647 (custom)
2019-09-16 16:49:50,511 [pool-117-thread-1] INFO  server.RaftServerConfigKeys (ConfUtils.java:logGet(43)) - raft.server.log.statemachine.data.sync.timeout = 10s (default)
2019-09-16 16:49:50,505 [pool-37-thread-1] INFO  server.RaftServerConfigKeys (ConfUtils.java:logGet(43)) - raft.server.log.queue.byte-limit = 2147483647 (custom)
2019-09-16 16:49:50,512 [pool-117-thread-1] INFO  server.RaftServerConfigKeys (ConfUtils.java:logGet(43)) - raft.server.log.statemachine.data.sync.timeout.retry = -1 (default)
2019-09-16 16:49:50,511 [pool-27-thread-1] INFO  server.RaftServerConfigKeys (ConfUtils.java:logGet(43)) - raft.server.log.queue.element-limit = 1024 (custom)
2019-09-16 16:49:50,512 [pool-117-thread-1] INFO  server.RaftServerConfigKeys (ConfUtils.java:logGet(43)) - raft.server.log.statemachine.data.caching.enabled = true (custom)
2019-09-16 16:49:50,512 [pool-37-thread-1] INFO  server.RaftServerConfigKeys (ConfUtils.java:logGet(43)) - raft.server.log.queue.element-limit = 1024 (custom)
2019-09-16 16:49:50,512 [pool-27-thread-1] INFO  server.RaftServerConfigKeys (ConfUtils.java:logGet(43)) - raft.server.log.segment.size.max = 1048576 (custom)
2019-09-16 16:49:50,512 [pool-117-thread-1] INFO  segmented.SegmentedRaftLogWorker (SegmentedRaftLogWorker.java:lambda$new$0(132)) - 95da17b0-4e07-4af0-be4f-5c62bf2a50a7@group-F512E466BF16-SegmentedRaftLogWorker: flushIndex: setUnconditionally 0 -> -1
2019-09-16 16:49:50,512 [pool-37-thread-1] INFO  server.RaftServerConfigKeys (ConfUtils.java:logGet(43)) - raft.server.log.segment.size.max = 1048576 (custom)
2019-09-16 16:49:50,513 [pool-27-thread-1] INFO  server.RaftServerConfigKeys (ConfUtils.java:logGet(43)) - raft.server.log.preallocated.size = 16384 (custom)
2019-09-16 16:49:50,513 [pool-117-thread-1] INFO  server.RaftServerConfigKeys (ConfUtils.java:logGet(43)) - raft.server.snapshot.auto.trigger.enabled = true (custom)
2019-09-16 16:49:50,513 [pool-117-thread-1] INFO  server.RaftServerConfigKeys (ConfUtils.java:logGet(43)) - raft.server.snapshot.auto.trigger.threshold = 10000 (custom)
2019-09-16 16:49:50,513 [pool-37-thread-1] INFO  server.RaftServerConfigKeys (ConfUtils.java:logGet(43)) - raft.server.log.preallocated.size = 16384 (custom)
2019-09-16 16:49:50,513 [pool-117-thread-1] INFO  server.RaftServerConfigKeys (ConfUtils.java:logGet(43)) - raft.server.snapshot.retention.num.files = -1 (default)
2019-09-16 16:49:50,513 [pool-27-thread-1] INFO  server.RaftServerConfigKeys (ConfUtils.java:logGet(43)) - raft.server.log.write.buffer.size = 33554432 (custom)
2019-09-16 16:49:50,514 [pool-117-thread-1] INFO  server.RaftServerConfigKeys (ConfUtils.java:logGet(43)) - raft.server.retrycache.expirytime = 600000ms (custom)
2019-09-16 16:49:50,514 [pool-37-thread-1] INFO  server.RaftServerConfigKeys (ConfUtils.java:logGet(43)) - raft.server.log.write.buffer.size = 33554432 (custom)
2019-09-16 16:49:50,514 [pool-27-thread-1] INFO  server.RaftServerConfigKeys (ConfUtils.java:logGet(43)) - raft.server.log.force.sync.num = 128 (default)
2019-09-16 16:49:50,514 [pool-37-thread-1] INFO  server.RaftServerConfigKeys (ConfUtils.java:logGet(43)) - raft.server.log.force.sync.num = 128 (default)
2019-09-16 16:49:50,514 [pool-27-thread-1] INFO  server.RaftServerConfigKeys (ConfUtils.java:logGet(43)) - raft.server.log.statemachine.data.sync = true (default)
2019-09-16 16:49:50,515 [pool-37-thread-1] INFO  server.RaftServerConfigKeys (ConfUtils.java:logGet(43)) - raft.server.log.statemachine.data.sync = true (default)
2019-09-16 16:49:50,515 [pool-27-thread-1] INFO  server.RaftServerConfigKeys (ConfUtils.java:logGet(43)) - raft.server.log.statemachine.data.sync.timeout = 10s (default)
2019-09-16 16:49:50,515 [pool-37-thread-1] INFO  server.RaftServerConfigKeys (ConfUtils.java:logGet(43)) - raft.server.log.statemachine.data.sync.timeout = 10s (default)
2019-09-16 16:49:50,515 [pool-27-thread-1] INFO  server.RaftServerConfigKeys (ConfUtils.java:logGet(43)) - raft.server.log.statemachine.data.sync.timeout.retry = -1 (default)
2019-09-16 16:49:50,515 [pool-37-thread-1] INFO  server.RaftServerConfigKeys (ConfUtils.java:logGet(43)) - raft.server.log.statemachine.data.sync.timeout.retry = -1 (default)
2019-09-16 16:49:50,515 [pool-27-thread-1] INFO  server.RaftServerConfigKeys (ConfUtils.java:logGet(43)) - raft.server.log.statemachine.data.caching.enabled = true (custom)
2019-09-16 16:49:50,516 [pool-37-thread-1] INFO  server.RaftServerConfigKeys (ConfUtils.java:logGet(43)) - raft.server.log.statemachine.data.caching.enabled = true (custom)
2019-09-16 16:49:50,516 [pool-27-thread-1] INFO  segmented.SegmentedRaftLogWorker (SegmentedRaftLogWorker.java:lambda$new$0(132)) - d43b0c61-8f3a-4c5a-ae51-ff6150aafa7d@group-F512E466BF16-SegmentedRaftLogWorker: flushIndex: setUnconditionally 0 -> -1
2019-09-16 16:49:50,516 [pool-37-thread-1] INFO  segmented.SegmentedRaftLogWorker (SegmentedRaftLogWorker.java:lambda$new$0(132)) - 18b96c5b-e26d-45b3-8a36-72f0b02f08ab@group-F512E466BF16-SegmentedRaftLogWorker: flushIndex: setUnconditionally 0 -> -1
2019-09-16 16:49:50,516 [pool-27-thread-1] INFO  server.RaftServerConfigKeys (ConfUtils.java:logGet(43)) - raft.server.snapshot.auto.trigger.enabled = true (custom)
2019-09-16 16:49:50,516 [pool-37-thread-1] INFO  server.RaftServerConfigKeys (ConfUtils.java:logGet(43)) - raft.server.snapshot.auto.trigger.enabled = true (custom)
2019-09-16 16:49:50,516 [pool-27-thread-1] INFO  server.RaftServerConfigKeys (ConfUtils.java:logGet(43)) - raft.server.snapshot.auto.trigger.threshold = 10000 (custom)
2019-09-16 16:49:50,516 [pool-37-thread-1] INFO  server.RaftServerConfigKeys (ConfUtils.java:logGet(43)) - raft.server.snapshot.auto.trigger.threshold = 10000 (custom)
2019-09-16 16:49:50,517 [pool-27-thread-1] INFO  server.RaftServerConfigKeys (ConfUtils.java:logGet(43)) - raft.server.snapshot.retention.num.files = -1 (default)
2019-09-16 16:49:50,517 [pool-117-thread-1] INFO  impl.RaftServerImpl (RaftServerImpl.java:start(185)) - 95da17b0-4e07-4af0-be4f-5c62bf2a50a7@group-F512E466BF16: start as a follower, conf=-1: [18b96c5b-e26d-45b3-8a36-72f0b02f08ab:192.168.34.47:45604, 95da17b0-4e07-4af0-be4f-5c62bf2a50a7:192.168.34.47:46480, d43b0c61-8f3a-4c5a-ae51-ff6150aafa7d:192.168.34.47:43126], old=null
2019-09-16 16:49:50,517 [pool-37-thread-1] INFO  server.RaftServerConfigKeys (ConfUtils.java:logGet(43)) - raft.server.snapshot.retention.num.files = -1 (default)
2019-09-16 16:49:50,517 [pool-117-thread-1] INFO  impl.RaftServerImpl (RaftServerImpl.java:setRole(174)) - 95da17b0-4e07-4af0-be4f-5c62bf2a50a7@group-F512E466BF16: changes role from      null to FOLLOWER at term 0 for startAsFollower
2019-09-16 16:49:50,517 [pool-27-thread-1] INFO  server.RaftServerConfigKeys (ConfUtils.java:logGet(43)) - raft.server.retrycache.expirytime = 600000ms (custom)
2019-09-16 16:49:50,517 [pool-117-thread-1] INFO  impl.RoleInfo (RoleInfo.java:updateAndGet(143)) - 95da17b0-4e07-4af0-be4f-5c62bf2a50a7: start FollowerState
2019-09-16 16:49:50,517 [pool-37-thread-1] INFO  server.RaftServerConfigKeys (ConfUtils.java:logGet(43)) - raft.server.retrycache.expirytime = 600000ms (custom)
2019-09-16 16:49:50,518 [pool-117-thread-1] INFO  util.JmxRegister (JmxRegister.java:tryRegister(44)) - Successfully registered JMX Bean with object name Ratis:service=RaftServer,group=group-F512E466BF16,id=95da17b0-4e07-4af0-be4f-5c62bf2a50a7
2019-09-16 16:49:50,523 [pool-27-thread-1] INFO  impl.RaftServerImpl (RaftServerImpl.java:start(185)) - d43b0c61-8f3a-4c5a-ae51-ff6150aafa7d@group-F512E466BF16: start as a follower, conf=-1: [18b96c5b-e26d-45b3-8a36-72f0b02f08ab:192.168.34.47:45604, 95da17b0-4e07-4af0-be4f-5c62bf2a50a7:192.168.34.47:46480, d43b0c61-8f3a-4c5a-ae51-ff6150aafa7d:192.168.34.47:43126], old=null
2019-09-16 16:49:50,523 [pool-27-thread-1] INFO  impl.RaftServerImpl (RaftServerImpl.java:setRole(174)) - d43b0c61-8f3a-4c5a-ae51-ff6150aafa7d@group-F512E466BF16: changes role from      null to FOLLOWER at term 0 for startAsFollower
2019-09-16 16:49:50,523 [pool-27-thread-1] INFO  impl.RoleInfo (RoleInfo.java:updateAndGet(143)) - d43b0c61-8f3a-4c5a-ae51-ff6150aafa7d: start FollowerState
2019-09-16 16:49:50,523 [pool-37-thread-1] INFO  impl.RaftServerImpl (RaftServerImpl.java:start(185)) - 18b96c5b-e26d-45b3-8a36-72f0b02f08ab@group-F512E466BF16: start as a follower, conf=-1: [18b96c5b-e26d-45b3-8a36-72f0b02f08ab:192.168.34.47:45604, 95da17b0-4e07-4af0-be4f-5c62bf2a50a7:192.168.34.47:46480, d43b0c61-8f3a-4c5a-ae51-ff6150aafa7d:192.168.34.47:43126], old=null
2019-09-16 16:49:50,523 [pool-37-thread-1] INFO  impl.RaftServerImpl (RaftServerImpl.java:setRole(174)) - 18b96c5b-e26d-45b3-8a36-72f0b02f08ab@group-F512E466BF16: changes role from      null to FOLLOWER at term 0 for startAsFollower
2019-09-16 16:49:50,523 [pool-27-thread-1] INFO  util.JmxRegister (JmxRegister.java:tryRegister(44)) - Successfully registered JMX Bean with object name Ratis:service=RaftServer,group=group-F512E466BF16,id=d43b0c61-8f3a-4c5a-ae51-ff6150aafa7d
2019-09-16 16:49:50,523 [pool-37-thread-1] INFO  impl.RoleInfo (RoleInfo.java:updateAndGet(143)) - 18b96c5b-e26d-45b3-8a36-72f0b02f08ab: start FollowerState
2019-09-16 16:49:50,524 [pool-37-thread-1] INFO  util.JmxRegister (JmxRegister.java:tryRegister(44)) - Successfully registered JMX Bean with object name Ratis:service=RaftServer,group=group-F512E466BF16,id=18b96c5b-e26d-45b3-8a36-72f0b02f08ab
2019-09-16 16:49:50,531 [RatisPipelineUtilsThread] INFO  pipeline.PipelineStateManager (PipelineStateManager.java:addPipeline(56)) - Created pipeline Pipeline[ Id: dfec251d-54fc-408a-b579-f512e466bf16, Nodes: d43b0c61-8f3a-4c5a-ae51-ff6150aafa7d{ip: 192.168.34.47, host: pr-hdds-2111-ptm9r-3382166736, networkLocation: /default-rack, certSerialId: null}95da17b0-4e07-4af0-be4f-5c62bf2a50a7{ip: 192.168.34.47, host: pr-hdds-2111-ptm9r-3382166736, networkLocation: /default-rack, certSerialId: null}18b96c5b-e26d-45b3-8a36-72f0b02f08ab{ip: 192.168.34.47, host: pr-hdds-2111-ptm9r-3382166736, networkLocation: /default-rack, certSerialId: null}, Type:RATIS, Factor:THREE, State:OPEN]
2019-09-16 16:49:50,635 [790809fb-a9ad-47fd-bbe4-169138176431@group-6D892B71EB5F-SegmentedRaftLogWorker] INFO  segmented.SegmentedRaftLogWorker (SegmentedRaftLogWorker.java:execute(569)) - 790809fb-a9ad-47fd-bbe4-169138176431@group-6D892B71EB5F-SegmentedRaftLogWorker: created new log segment /workdir/hadoop-ozone/integration-test/target/test-dir/MiniOzoneClusterImpl-f8b2c6cb-9ce7-4af8-81ae-d81048953348/datanode-4/data/ratis/120eed1f-0446-4416-81ae-6d892b71eb5f/current/log_inprogress_0
2019-09-16 16:49:50,635 [d43b0c61-8f3a-4c5a-ae51-ff6150aafa7d@group-CB6E27F550FA-SegmentedRaftLogWorker] INFO  segmented.SegmentedRaftLogWorker (SegmentedRaftLogWorker.java:execute(569)) - d43b0c61-8f3a-4c5a-ae51-ff6150aafa7d@group-CB6E27F550FA-SegmentedRaftLogWorker: created new log segment /workdir/hadoop-ozone/integration-test/target/test-dir/MiniOzoneClusterImpl-f8b2c6cb-9ce7-4af8-81ae-d81048953348/datanode-0/data/ratis/155b09af-97de-4bf0-817c-cb6e27f550fa/current/log_inprogress_0
2019-09-16 16:49:50,635 [c9a1bac0-eae5-4c8c-abbf-c37d9bceede4@group-660E8B03C38A-SegmentedRaftLogWorker] INFO  segmented.SegmentedRaftLogWorker (SegmentedRaftLogWorker.java:execute(569)) - c9a1bac0-eae5-4c8c-abbf-c37d9bceede4@group-660E8B03C38A-SegmentedRaftLogWorker: created new log segment /workdir/hadoop-ozone/integration-test/target/test-dir/MiniOzoneClusterImpl-f8b2c6cb-9ce7-4af8-81ae-d81048953348/datanode-7/data/ratis/129c3fe0-3ea0-4bf9-b5e2-660e8b03c38a/current/log_inprogress_0
2019-09-16 16:49:50,640 [Thread-294] INFO  impl.FollowerState (FollowerState.java:run(106)) - fa2692cc-7d13-407b-8ba8-1b16aaf9a086:group-6DA157A05EAA changes to CANDIDATE, lastRpcTime:1126, electionTimeout:1126ms
2019-09-16 16:49:50,640 [Thread-294] INFO  impl.RoleInfo (RoleInfo.java:shutdownFollowerState(121)) - fa2692cc-7d13-407b-8ba8-1b16aaf9a086: shutdown FollowerState
2019-09-16 16:49:50,640 [Thread-294] INFO  impl.RaftServerImpl (RaftServerImpl.java:setRole(174)) - fa2692cc-7d13-407b-8ba8-1b16aaf9a086@group-6DA157A05EAA: changes role from  FOLLOWER to CANDIDATE at term 0 for changeToCandidate
2019-09-16 16:49:50,640 [Thread-294] INFO  impl.RoleInfo (RoleInfo.java:updateAndGet(143)) - fa2692cc-7d13-407b-8ba8-1b16aaf9a086: start LeaderElection
2019-09-16 16:49:50,654 [fa2692cc-7d13-407b-8ba8-1b16aaf9a086@group-6DA157A05EAA:LeaderElection4] INFO  impl.LeaderElection (LeaderElection.java:askForVotes(182)) - fa2692cc-7d13-407b-8ba8-1b16aaf9a086@group-6DA157A05EAA:LeaderElection4: begin an election at term 1 for -1: [fa2692cc-7d13-407b-8ba8-1b16aaf9a086:192.168.34.47:34866], old=null
2019-09-16 16:49:50,654 [fa2692cc-7d13-407b-8ba8-1b16aaf9a086@group-6DA157A05EAA:LeaderElection4] INFO  impl.RoleInfo (RoleInfo.java:shutdownLeaderElection(134)) - fa2692cc-7d13-407b-8ba8-1b16aaf9a086: shutdown LeaderElection
2019-09-16 16:49:50,654 [fa2692cc-7d13-407b-8ba8-1b16aaf9a086@group-6DA157A05EAA:LeaderElection4] INFO  impl.RaftServerImpl (RaftServerImpl.java:setRole(174)) - fa2692cc-7d13-407b-8ba8-1b16aaf9a086@group-6DA157A05EAA: changes role from CANDIDATE to LEADER at term 1 for changeToLeader
2019-09-16 16:49:50,654 [fa2692cc-7d13-407b-8ba8-1b16aaf9a086@group-6DA157A05EAA:LeaderElection4] INFO  impl.RaftServerImpl (ServerState.java:setLeader(253)) - fa2692cc-7d13-407b-8ba8-1b16aaf9a086@group-6DA157A05EAA: change Leader from null to fa2692cc-7d13-407b-8ba8-1b16aaf9a086 at term 1 for becomeLeader, leader elected after 1155ms
2019-09-16 16:49:50,667 [fa2692cc-7d13-407b-8ba8-1b16aaf9a086@group-6DA157A05EAA:LeaderElection4] INFO  server.RaftServerConfigKeys (ConfUtils.java:logGet(43)) - raft.server.staging.catchup.gap = 1000 (default)
2019-09-16 16:49:50,667 [fa2692cc-7d13-407b-8ba8-1b16aaf9a086@group-6DA157A05EAA:LeaderElection4] INFO  server.RaftServerConfigKeys (ConfUtils.java:logGet(43)) - raft.server.rpc.sleep.time = 25ms (default)
2019-09-16 16:49:50,668 [fa2692cc-7d13-407b-8ba8-1b16aaf9a086@group-6DA157A05EAA:LeaderElection4] INFO  server.RaftServerConfigKeys (ConfUtils.java:logGet(43)) - raft.server.write.element-limit = 4096 (default)
2019-09-16 16:49:50,668 [fa2692cc-7d13-407b-8ba8-1b16aaf9a086@group-6DA157A05EAA:LeaderElection4] INFO  server.RaftServerConfigKeys (ConfUtils.java:logGet(43)) - raft.server.watch.timeout = 10s (default)
2019-09-16 16:49:50,668 [fa2692cc-7d13-407b-8ba8-1b16aaf9a086@group-6DA157A05EAA:LeaderElection4] INFO  server.RaftServerConfigKeys (ConfUtils.java:logGet(43)) - raft.server.watch.timeout.denomination = 1s (default)
2019-09-16 16:49:50,668 [fa2692cc-7d13-407b-8ba8-1b16aaf9a086@group-6DA157A05EAA:LeaderElection4] INFO  server.RaftServerConfigKeys (ConfUtils.java:logGet(43)) - raft.server.watch.element-limit = 65536 (default)
2019-09-16 16:49:50,669 [Thread-297] INFO  impl.FollowerState (FollowerState.java:run(106)) - 7fc320a2-74a2-44cb-8d45-40912bba4ff2:group-A9E970CCB955 changes to CANDIDATE, lastRpcTime:1064, electionTimeout:1064ms
2019-09-16 16:49:50,669 [Thread-297] INFO  impl.RoleInfo (RoleInfo.java:shutdownFollowerState(121)) - 7fc320a2-74a2-44cb-8d45-40912bba4ff2: shutdown FollowerState
2019-09-16 16:49:50,669 [Thread-297] INFO  impl.RaftServerImpl (RaftServerImpl.java:setRole(174)) - 7fc320a2-74a2-44cb-8d45-40912bba4ff2@group-A9E970CCB955: changes role from  FOLLOWER to CANDIDATE at term 0 for changeToCandidate
2019-09-16 16:49:50,670 [Thread-297] INFO  impl.RoleInfo (RoleInfo.java:updateAndGet(143)) - 7fc320a2-74a2-44cb-8d45-40912bba4ff2: start LeaderElection
2019-09-16 16:49:50,675 [fa2692cc-7d13-407b-8ba8-1b16aaf9a086@group-6DA157A05EAA:LeaderElection4] INFO  impl.RoleInfo (RoleInfo.java:updateAndGet(143)) - fa2692cc-7d13-407b-8ba8-1b16aaf9a086: start LeaderState
2019-09-16 16:49:50,675 [fa2692cc-7d13-407b-8ba8-1b16aaf9a086@group-6DA157A05EAA:LeaderElection4] INFO  segmented.SegmentedRaftLogWorker (SegmentedRaftLogWorker.java:startLogSegment(380)) - fa2692cc-7d13-407b-8ba8-1b16aaf9a086@group-6DA157A05EAA-SegmentedRaftLogWorker: Starting segment from index:0
2019-09-16 16:49:50,676 [fa2692cc-7d13-407b-8ba8-1b16aaf9a086@group-6DA157A05EAA:LeaderElection4] INFO  impl.RaftServerImpl (ServerState.java:setRaftConf(354)) - fa2692cc-7d13-407b-8ba8-1b16aaf9a086@group-6DA157A05EAA: set configuration 0: [fa2692cc-7d13-407b-8ba8-1b16aaf9a086:192.168.34.47:34866], old=null at 0
2019-09-16 16:49:50,716 [7fc320a2-74a2-44cb-8d45-40912bba4ff2@group-A9E970CCB955:LeaderElection5] INFO  impl.LeaderElection (LeaderElection.java:askForVotes(182)) - 7fc320a2-74a2-44cb-8d45-40912bba4ff2@group-A9E970CCB955:LeaderElection5: begin an election at term 1 for -1: [7fc320a2-74a2-44cb-8d45-40912bba4ff2:192.168.34.47:36256], old=null
2019-09-16 16:49:50,716 [7fc320a2-74a2-44cb-8d45-40912bba4ff2@group-A9E970CCB955:LeaderElection5] INFO  impl.RoleInfo (RoleInfo.java:shutdownLeaderElection(134)) - 7fc320a2-74a2-44cb-8d45-40912bba4ff2: shutdown LeaderElection
2019-09-16 16:49:50,719 [7fc320a2-74a2-44cb-8d45-40912bba4ff2@group-A9E970CCB955:LeaderElection5] INFO  impl.RaftServerImpl (RaftServerImpl.java:setRole(174)) - 7fc320a2-74a2-44cb-8d45-40912bba4ff2@group-A9E970CCB955: changes role from CANDIDATE to LEADER at term 1 for changeToLeader
2019-09-16 16:49:50,719 [7fc320a2-74a2-44cb-8d45-40912bba4ff2@group-A9E970CCB955:LeaderElection5] INFO  impl.RaftServerImpl (ServerState.java:setLeader(253)) - 7fc320a2-74a2-44cb-8d45-40912bba4ff2@group-A9E970CCB955: change Leader from null to 7fc320a2-74a2-44cb-8d45-40912bba4ff2 at term 1 for becomeLeader, leader elected after 1126ms
2019-09-16 16:49:50,719 [7fc320a2-74a2-44cb-8d45-40912bba4ff2@group-A9E970CCB955:LeaderElection5] INFO  server.RaftServerConfigKeys (ConfUtils.java:logGet(43)) - raft.server.staging.catchup.gap = 1000 (default)
2019-09-16 16:49:50,719 [7fc320a2-74a2-44cb-8d45-40912bba4ff2@group-A9E970CCB955:LeaderElection5] INFO  server.RaftServerConfigKeys (ConfUtils.java:logGet(43)) - raft.server.rpc.sleep.time = 25ms (default)
2019-09-16 16:49:50,719 [7fc320a2-74a2-44cb-8d45-40912bba4ff2@group-A9E970CCB955:LeaderElection5] INFO  server.RaftServerConfigKeys (ConfUtils.java:logGet(43)) - raft.server.write.element-limit = 4096 (default)
2019-09-16 16:49:50,719 [7fc320a2-74a2-44cb-8d45-40912bba4ff2@group-A9E970CCB955:LeaderElection5] INFO  server.RaftServerConfigKeys (ConfUtils.java:logGet(43)) - raft.server.watch.timeout = 10s (default)
2019-09-16 16:49:50,720 [7fc320a2-74a2-44cb-8d45-40912bba4ff2@group-A9E970CCB955:LeaderElection5] INFO  server.RaftServerConfigKeys (ConfUtils.java:logGet(43)) - raft.server.watch.timeout.denomination = 1s (default)
2019-09-16 16:49:50,720 [7fc320a2-74a2-44cb-8d45-40912bba4ff2@group-A9E970CCB955:LeaderElection5] INFO  server.RaftServerConfigKeys (ConfUtils.java:logGet(43)) - raft.server.watch.element-limit = 65536 (default)
2019-09-16 16:49:50,722 [7fc320a2-74a2-44cb-8d45-40912bba4ff2@group-A9E970CCB955:LeaderElection5] INFO  impl.RoleInfo (RoleInfo.java:updateAndGet(143)) - 7fc320a2-74a2-44cb-8d45-40912bba4ff2: start LeaderState
2019-09-16 16:49:50,723 [7fc320a2-74a2-44cb-8d45-40912bba4ff2@group-A9E970CCB955:LeaderElection5] INFO  segmented.SegmentedRaftLogWorker (SegmentedRaftLogWorker.java:startLogSegment(380)) - 7fc320a2-74a2-44cb-8d45-40912bba4ff2@group-A9E970CCB955-SegmentedRaftLogWorker: Starting segment from index:0
2019-09-16 16:49:50,724 [7fc320a2-74a2-44cb-8d45-40912bba4ff2@group-A9E970CCB955:LeaderElection5] INFO  impl.RaftServerImpl (ServerState.java:setRaftConf(354)) - 7fc320a2-74a2-44cb-8d45-40912bba4ff2@group-A9E970CCB955: set configuration 0: [7fc320a2-74a2-44cb-8d45-40912bba4ff2:192.168.34.47:36256], old=null at 0
2019-09-16 16:49:50,758 [fa2692cc-7d13-407b-8ba8-1b16aaf9a086@group-6DA157A05EAA-SegmentedRaftLogWorker] INFO  segmented.SegmentedRaftLogWorker (SegmentedRaftLogWorker.java:execute(569)) - fa2692cc-7d13-407b-8ba8-1b16aaf9a086@group-6DA157A05EAA-SegmentedRaftLogWorker: created new log segment /workdir/hadoop-ozone/integration-test/target/test-dir/MiniOzoneClusterImpl-f8b2c6cb-9ce7-4af8-81ae-d81048953348/datanode-2/data/ratis/1d0e1987-3e77-4ff6-82cb-6da157a05eaa/current/log_inprogress_0
2019-09-16 16:49:50,770 [7fc320a2-74a2-44cb-8d45-40912bba4ff2@group-A9E970CCB955-SegmentedRaftLogWorker] INFO  segmented.SegmentedRaftLogWorker (SegmentedRaftLogWorker.java:execute(569)) - 7fc320a2-74a2-44cb-8d45-40912bba4ff2@group-A9E970CCB955-SegmentedRaftLogWorker: created new log segment /workdir/hadoop-ozone/integration-test/target/test-dir/MiniOzoneClusterImpl-f8b2c6cb-9ce7-4af8-81ae-d81048953348/datanode-3/data/ratis/6b826e48-4412-4d87-adac-a9e970ccb955/current/log_inprogress_0
2019-09-16 16:49:50,843 [Thread-300] INFO  impl.FollowerState (FollowerState.java:run(106)) - 6d73d83e-4bf7-49f9-9c6b-f14bf24667e0:group-EEA3762CD145 changes to CANDIDATE, lastRpcTime:1161, electionTimeout:1161ms
2019-09-16 16:49:50,844 [Thread-303] INFO  impl.FollowerState (FollowerState.java:run(106)) - 9061b39a-2428-46aa-ac83-e6ff060f5840:group-20A972494FA1 changes to CANDIDATE, lastRpcTime:1075, electionTimeout:1075ms
2019-09-16 16:49:50,844 [Thread-300] INFO  impl.RoleInfo (RoleInfo.java:shutdownFollowerState(121)) - 6d73d83e-4bf7-49f9-9c6b-f14bf24667e0: shutdown FollowerState
2019-09-16 16:49:50,844 [Thread-303] INFO  impl.RoleInfo (RoleInfo.java:shutdownFollowerState(121)) - 9061b39a-2428-46aa-ac83-e6ff060f5840: shutdown FollowerState
2019-09-16 16:49:50,844 [Thread-300] INFO  impl.RaftServerImpl (RaftServerImpl.java:setRole(174)) - 6d73d83e-4bf7-49f9-9c6b-f14bf24667e0@group-EEA3762CD145: changes role from  FOLLOWER to CANDIDATE at term 0 for changeToCandidate
2019-09-16 16:49:50,844 [Thread-303] INFO  impl.RaftServerImpl (RaftServerImpl.java:setRole(174)) - 9061b39a-2428-46aa-ac83-e6ff060f5840@group-20A972494FA1: changes role from  FOLLOWER to CANDIDATE at term 0 for changeToCandidate
2019-09-16 16:49:50,844 [Thread-300] INFO  impl.RoleInfo (RoleInfo.java:updateAndGet(143)) - 6d73d83e-4bf7-49f9-9c6b-f14bf24667e0: start LeaderElection
2019-09-16 16:49:50,844 [Thread-303] INFO  impl.RoleInfo (RoleInfo.java:updateAndGet(143)) - 9061b39a-2428-46aa-ac83-e6ff060f5840: start LeaderElection
2019-09-16 16:49:50,873 [main] INFO  rpc.RpcClient (RpcClient.java:createVolume(301)) - Creating Volume: datanodefailurehandlingtest, with jenkins1000 as owner.
2019-09-16 16:49:50,880 [9061b39a-2428-46aa-ac83-e6ff060f5840@group-20A972494FA1:LeaderElection7] INFO  impl.LeaderElection (LeaderElection.java:askForVotes(182)) - 9061b39a-2428-46aa-ac83-e6ff060f5840@group-20A972494FA1:LeaderElection7: begin an election at term 1 for -1: [9061b39a-2428-46aa-ac83-e6ff060f5840:192.168.34.47:46365], old=null
2019-09-16 16:49:50,880 [6d73d83e-4bf7-49f9-9c6b-f14bf24667e0@group-EEA3762CD145:LeaderElection6] INFO  impl.LeaderElection (LeaderElection.java:askForVotes(182)) - 6d73d83e-4bf7-49f9-9c6b-f14bf24667e0@group-EEA3762CD145:LeaderElection6: begin an election at term 1 for -1: [6d73d83e-4bf7-49f9-9c6b-f14bf24667e0:192.168.34.47:40303], old=null
2019-09-16 16:49:50,880 [9061b39a-2428-46aa-ac83-e6ff060f5840@group-20A972494FA1:LeaderElection7] INFO  impl.RoleInfo (RoleInfo.java:shutdownLeaderElection(134)) - 9061b39a-2428-46aa-ac83-e6ff060f5840: shutdown LeaderElection
2019-09-16 16:49:50,880 [6d73d83e-4bf7-49f9-9c6b-f14bf24667e0@group-EEA3762CD145:LeaderElection6] INFO  impl.RoleInfo (RoleInfo.java:shutdownLeaderElection(134)) - 6d73d83e-4bf7-49f9-9c6b-f14bf24667e0: shutdown LeaderElection
2019-09-16 16:49:50,880 [9061b39a-2428-46aa-ac83-e6ff060f5840@group-20A972494FA1:LeaderElection7] INFO  impl.RaftServerImpl (RaftServerImpl.java:setRole(174)) - 9061b39a-2428-46aa-ac83-e6ff060f5840@group-20A972494FA1: changes role from CANDIDATE to LEADER at term 1 for changeToLeader
2019-09-16 16:49:50,880 [6d73d83e-4bf7-49f9-9c6b-f14bf24667e0@group-EEA3762CD145:LeaderElection6] INFO  impl.RaftServerImpl (RaftServerImpl.java:setRole(174)) - 6d73d83e-4bf7-49f9-9c6b-f14bf24667e0@group-EEA3762CD145: changes role from CANDIDATE to LEADER at term 1 for changeToLeader
2019-09-16 16:49:50,880 [9061b39a-2428-46aa-ac83-e6ff060f5840@group-20A972494FA1:LeaderElection7] INFO  impl.RaftServerImpl (ServerState.java:setLeader(253)) - 9061b39a-2428-46aa-ac83-e6ff060f5840@group-20A972494FA1: change Leader from null to 9061b39a-2428-46aa-ac83-e6ff060f5840 at term 1 for becomeLeader, leader elected after 1123ms
2019-09-16 16:49:50,881 [6d73d83e-4bf7-49f9-9c6b-f14bf24667e0@group-EEA3762CD145:LeaderElection6] INFO  impl.RaftServerImpl (ServerState.java:setLeader(253)) - 6d73d83e-4bf7-49f9-9c6b-f14bf24667e0@group-EEA3762CD145: change Leader from null to 6d73d83e-4bf7-49f9-9c6b-f14bf24667e0 at term 1 for becomeLeader, leader elected after 1210ms
2019-09-16 16:49:50,881 [9061b39a-2428-46aa-ac83-e6ff060f5840@group-20A972494FA1:LeaderElection7] INFO  server.RaftServerConfigKeys (ConfUtils.java:logGet(43)) - raft.server.staging.catchup.gap = 1000 (default)
2019-09-16 16:49:50,881 [6d73d83e-4bf7-49f9-9c6b-f14bf24667e0@group-EEA3762CD145:LeaderElection6] INFO  server.RaftServerConfigKeys (ConfUtils.java:logGet(43)) - raft.server.staging.catchup.gap = 1000 (default)
2019-09-16 16:49:50,881 [9061b39a-2428-46aa-ac83-e6ff060f5840@group-20A972494FA1:LeaderElection7] INFO  server.RaftServerConfigKeys (ConfUtils.java:logGet(43)) - raft.server.rpc.sleep.time = 25ms (default)
2019-09-16 16:49:50,881 [6d73d83e-4bf7-49f9-9c6b-f14bf24667e0@group-EEA3762CD145:LeaderElection6] INFO  server.RaftServerConfigKeys (ConfUtils.java:logGet(43)) - raft.server.rpc.sleep.time = 25ms (default)
2019-09-16 16:49:50,881 [9061b39a-2428-46aa-ac83-e6ff060f5840@group-20A972494FA1:LeaderElection7] INFO  server.RaftServerConfigKeys (ConfUtils.java:logGet(43)) - raft.server.write.element-limit = 4096 (default)
2019-09-16 16:49:50,881 [6d73d83e-4bf7-49f9-9c6b-f14bf24667e0@group-EEA3762CD145:LeaderElection6] INFO  server.RaftServerConfigKeys (ConfUtils.java:logGet(43)) - raft.server.write.element-limit = 4096 (default)
2019-09-16 16:49:50,881 [9061b39a-2428-46aa-ac83-e6ff060f5840@group-20A972494FA1:LeaderElection7] INFO  server.RaftServerConfigKeys (ConfUtils.java:logGet(43)) - raft.server.watch.timeout = 10s (default)
2019-09-16 16:49:50,881 [6d73d83e-4bf7-49f9-9c6b-f14bf24667e0@group-EEA3762CD145:LeaderElection6] INFO  server.RaftServerConfigKeys (ConfUtils.java:logGet(43)) - raft.server.watch.timeout = 10s (default)
2019-09-16 16:49:50,881 [9061b39a-2428-46aa-ac83-e6ff060f5840@group-20A972494FA1:LeaderElection7] INFO  server.RaftServerConfigKeys (ConfUtils.java:logGet(43)) - raft.server.watch.timeout.denomination = 1s (default)
2019-09-16 16:49:50,882 [6d73d83e-4bf7-49f9-9c6b-f14bf24667e0@group-EEA3762CD145:LeaderElection6] INFO  server.RaftServerConfigKeys (ConfUtils.java:logGet(43)) - raft.server.watch.timeout.denomination = 1s (default)
2019-09-16 16:49:50,882 [9061b39a-2428-46aa-ac83-e6ff060f5840@group-20A972494FA1:LeaderElection7] INFO  server.RaftServerConfigKeys (ConfUtils.java:logGet(43)) - raft.server.watch.element-limit = 65536 (default)
2019-09-16 16:49:50,882 [6d73d83e-4bf7-49f9-9c6b-f14bf24667e0@group-EEA3762CD145:LeaderElection6] INFO  server.RaftServerConfigKeys (ConfUtils.java:logGet(43)) - raft.server.watch.element-limit = 65536 (default)
2019-09-16 16:49:50,885 [9061b39a-2428-46aa-ac83-e6ff060f5840@group-20A972494FA1:LeaderElection7] INFO  impl.RoleInfo (RoleInfo.java:updateAndGet(143)) - 9061b39a-2428-46aa-ac83-e6ff060f5840: start LeaderState
2019-09-16 16:49:50,885 [6d73d83e-4bf7-49f9-9c6b-f14bf24667e0@group-EEA3762CD145:LeaderElection6] INFO  impl.RoleInfo (RoleInfo.java:updateAndGet(143)) - 6d73d83e-4bf7-49f9-9c6b-f14bf24667e0: start LeaderState
2019-09-16 16:49:50,885 [9061b39a-2428-46aa-ac83-e6ff060f5840@group-20A972494FA1:LeaderElection7] INFO  segmented.SegmentedRaftLogWorker (SegmentedRaftLogWorker.java:startLogSegment(380)) - 9061b39a-2428-46aa-ac83-e6ff060f5840@group-20A972494FA1-SegmentedRaftLogWorker: Starting segment from index:0
2019-09-16 16:49:50,885 [6d73d83e-4bf7-49f9-9c6b-f14bf24667e0@group-EEA3762CD145:LeaderElection6] INFO  segmented.SegmentedRaftLogWorker (SegmentedRaftLogWorker.java:startLogSegment(380)) - 6d73d83e-4bf7-49f9-9c6b-f14bf24667e0@group-EEA3762CD145-SegmentedRaftLogWorker: Starting segment from index:0
2019-09-16 16:49:50,886 [9061b39a-2428-46aa-ac83-e6ff060f5840@group-20A972494FA1:LeaderElection7] INFO  impl.RaftServerImpl (ServerState.java:setRaftConf(354)) - 9061b39a-2428-46aa-ac83-e6ff060f5840@group-20A972494FA1: set configuration 0: [9061b39a-2428-46aa-ac83-e6ff060f5840:192.168.34.47:46365], old=null at 0
2019-09-16 16:49:50,886 [6d73d83e-4bf7-49f9-9c6b-f14bf24667e0@group-EEA3762CD145:LeaderElection6] INFO  impl.RaftServerImpl (ServerState.java:setRaftConf(354)) - 6d73d83e-4bf7-49f9-9c6b-f14bf24667e0@group-EEA3762CD145: set configuration 0: [6d73d83e-4bf7-49f9-9c6b-f14bf24667e0:192.168.34.47:40303], old=null at 0
2019-09-16 16:49:50,937 [6d73d83e-4bf7-49f9-9c6b-f14bf24667e0@group-EEA3762CD145-SegmentedRaftLogWorker] INFO  segmented.SegmentedRaftLogWorker (SegmentedRaftLogWorker.java:execute(569)) - 6d73d83e-4bf7-49f9-9c6b-f14bf24667e0@group-EEA3762CD145-SegmentedRaftLogWorker: created new log segment /workdir/hadoop-ozone/integration-test/target/test-dir/MiniOzoneClusterImpl-f8b2c6cb-9ce7-4af8-81ae-d81048953348/datanode-5/data/ratis/b8b2a1dd-a199-46de-a975-eea3762cd145/current/log_inprogress_0
2019-09-16 16:49:50,937 [9061b39a-2428-46aa-ac83-e6ff060f5840@group-20A972494FA1-SegmentedRaftLogWorker] INFO  segmented.SegmentedRaftLogWorker (SegmentedRaftLogWorker.java:execute(569)) - 9061b39a-2428-46aa-ac83-e6ff060f5840@group-20A972494FA1-SegmentedRaftLogWorker: created new log segment /workdir/hadoop-ozone/integration-test/target/test-dir/MiniOzoneClusterImpl-f8b2c6cb-9ce7-4af8-81ae-d81048953348/datanode-8/data/ratis/b22b6b93-e873-4696-8428-20a972494fa1/current/log_inprogress_0
2019-09-16 16:49:51,289 [Thread-312] INFO  impl.FollowerState (FollowerState.java:run(106)) - 1370fd8c-73fc-4f35-949b-7e5b6187350c:group-FF25A56A1D0A changes to CANDIDATE, lastRpcTime:1245, electionTimeout:1026ms
2019-09-16 16:49:51,289 [Thread-309] INFO  impl.FollowerState (FollowerState.java:run(106)) - 18b96c5b-e26d-45b3-8a36-72f0b02f08ab:group-EE0D8D7AAF1D changes to CANDIDATE, lastRpcTime:1350, electionTimeout:1150ms
2019-09-16 16:49:51,289 [Thread-306] WARN  util.JavaUtils (JavaUtils.java:sleep(250)) - Unexpected long sleep: sleep(1112ms) actually took 1427ms which is over the threshold 300ms
2019-09-16 16:49:51,290 [Thread-312] INFO  impl.RoleInfo (RoleInfo.java:shutdownFollowerState(121)) - 1370fd8c-73fc-4f35-949b-7e5b6187350c: shutdown FollowerState
2019-09-16 16:49:51,290 [Thread-309] INFO  impl.RoleInfo (RoleInfo.java:shutdownFollowerState(121)) - 18b96c5b-e26d-45b3-8a36-72f0b02f08ab: shutdown FollowerState
2019-09-16 16:49:51,293 [Thread-312] INFO  impl.RaftServerImpl (RaftServerImpl.java:setRole(174)) - 1370fd8c-73fc-4f35-949b-7e5b6187350c@group-FF25A56A1D0A: changes role from  FOLLOWER to CANDIDATE at term 0 for changeToCandidate
2019-09-16 16:49:51,293 [Thread-309] INFO  impl.RaftServerImpl (RaftServerImpl.java:setRole(174)) - 18b96c5b-e26d-45b3-8a36-72f0b02f08ab@group-EE0D8D7AAF1D: changes role from  FOLLOWER to CANDIDATE at term 0 for changeToCandidate
2019-09-16 16:49:51,293 [Thread-312] INFO  impl.RoleInfo (RoleInfo.java:updateAndGet(143)) - 1370fd8c-73fc-4f35-949b-7e5b6187350c: start LeaderElection
2019-09-16 16:49:51,293 [Thread-309] INFO  impl.RoleInfo (RoleInfo.java:updateAndGet(143)) - 18b96c5b-e26d-45b3-8a36-72f0b02f08ab: start LeaderElection
2019-09-16 16:49:51,298 [Thread-320] INFO  impl.FollowerState (FollowerState.java:run(106)) - 790809fb-a9ad-47fd-bbe4-169138176431:group-3F8977C1BEA2 changes to CANDIDATE, lastRpcTime:1007, electionTimeout:1003ms
2019-09-16 16:49:51,307 [Thread-320] INFO  impl.RoleInfo (RoleInfo.java:shutdownFollowerState(121)) - 790809fb-a9ad-47fd-bbe4-169138176431: shutdown FollowerState
2019-09-16 16:49:51,307 [Thread-322] INFO  impl.FollowerState (FollowerState.java:run(106)) - c9a1bac0-eae5-4c8c-abbf-c37d9bceede4:group-3F8977C1BEA2 changes to CANDIDATE, lastRpcTime:1011, electionTimeout:1007ms
2019-09-16 16:49:51,307 [Thread-320] INFO  impl.RaftServerImpl (RaftServerImpl.java:setRole(174)) - 790809fb-a9ad-47fd-bbe4-169138176431@group-3F8977C1BEA2: changes role from  FOLLOWER to CANDIDATE at term 0 for changeToCandidate
2019-09-16 16:49:51,310 [Thread-322] INFO  impl.RoleInfo (RoleInfo.java:shutdownFollowerState(121)) - c9a1bac0-eae5-4c8c-abbf-c37d9bceede4: shutdown FollowerState
2019-09-16 16:49:51,314 [Thread-320] INFO  impl.RoleInfo (RoleInfo.java:updateAndGet(143)) - 790809fb-a9ad-47fd-bbe4-169138176431: start LeaderElection
2019-09-16 16:49:51,314 [Thread-322] INFO  impl.RaftServerImpl (RaftServerImpl.java:setRole(174)) - c9a1bac0-eae5-4c8c-abbf-c37d9bceede4@group-3F8977C1BEA2: changes role from  FOLLOWER to CANDIDATE at term 0 for changeToCandidate
2019-09-16 16:49:51,314 [Thread-322] INFO  impl.RoleInfo (RoleInfo.java:updateAndGet(143)) - c9a1bac0-eae5-4c8c-abbf-c37d9bceede4: start LeaderElection
2019-09-16 16:49:51,326 [18b96c5b-e26d-45b3-8a36-72f0b02f08ab@group-EE0D8D7AAF1D:LeaderElection9] INFO  impl.LeaderElection (LeaderElection.java:askForVotes(182)) - 18b96c5b-e26d-45b3-8a36-72f0b02f08ab@group-EE0D8D7AAF1D:LeaderElection9: begin an election at term 1 for -1: [18b96c5b-e26d-45b3-8a36-72f0b02f08ab:192.168.34.47:45604], old=null
2019-09-16 16:49:51,326 [1370fd8c-73fc-4f35-949b-7e5b6187350c@group-FF25A56A1D0A:LeaderElection8] INFO  impl.LeaderElection (LeaderElection.java:askForVotes(182)) - 1370fd8c-73fc-4f35-949b-7e5b6187350c@group-FF25A56A1D0A:LeaderElection8: begin an election at term 1 for -1: [1370fd8c-73fc-4f35-949b-7e5b6187350c:192.168.34.47:34835], old=null
2019-09-16 16:49:51,327 [18b96c5b-e26d-45b3-8a36-72f0b02f08ab@group-EE0D8D7AAF1D:LeaderElection9] INFO  impl.RoleInfo (RoleInfo.java:shutdownLeaderElection(134)) - 18b96c5b-e26d-45b3-8a36-72f0b02f08ab: shutdown LeaderElection
2019-09-16 16:49:51,327 [1370fd8c-73fc-4f35-949b-7e5b6187350c@group-FF25A56A1D0A:LeaderElection8] INFO  impl.RoleInfo (RoleInfo.java:shutdownLeaderElection(134)) - 1370fd8c-73fc-4f35-949b-7e5b6187350c: shutdown LeaderElection
2019-09-16 16:49:51,327 [18b96c5b-e26d-45b3-8a36-72f0b02f08ab@group-EE0D8D7AAF1D:LeaderElection9] INFO  impl.RaftServerImpl (RaftServerImpl.java:setRole(174)) - 18b96c5b-e26d-45b3-8a36-72f0b02f08ab@group-EE0D8D7AAF1D: changes role from CANDIDATE to LEADER at term 1 for changeToLeader
2019-09-16 16:49:51,327 [1370fd8c-73fc-4f35-949b-7e5b6187350c@group-FF25A56A1D0A:LeaderElection8] INFO  impl.RaftServerImpl (RaftServerImpl.java:setRole(174)) - 1370fd8c-73fc-4f35-949b-7e5b6187350c@group-FF25A56A1D0A: changes role from CANDIDATE to LEADER at term 1 for changeToLeader
2019-09-16 16:49:51,327 [18b96c5b-e26d-45b3-8a36-72f0b02f08ab@group-EE0D8D7AAF1D:LeaderElection9] INFO  impl.RaftServerImpl (ServerState.java:setLeader(253)) - 18b96c5b-e26d-45b3-8a36-72f0b02f08ab@group-EE0D8D7AAF1D: change Leader from null to 18b96c5b-e26d-45b3-8a36-72f0b02f08ab at term 1 for becomeLeader, leader elected after 1398ms
2019-09-16 16:49:51,327 [1370fd8c-73fc-4f35-949b-7e5b6187350c@group-FF25A56A1D0A:LeaderElection8] INFO  impl.RaftServerImpl (ServerState.java:setLeader(253)) - 1370fd8c-73fc-4f35-949b-7e5b6187350c@group-FF25A56A1D0A: change Leader from null to 1370fd8c-73fc-4f35-949b-7e5b6187350c at term 1 for becomeLeader, leader elected after 1294ms
2019-09-16 16:49:51,327 [18b96c5b-e26d-45b3-8a36-72f0b02f08ab@group-EE0D8D7AAF1D:LeaderElection9] INFO  server.RaftServerConfigKeys (ConfUtils.java:logGet(43)) - raft.server.staging.catchup.gap = 1000 (default)
2019-09-16 16:49:51,327 [Thread-283] INFO  container.ReplicationManager (ReplicationManager.java:start(162)) - Starting Replication Monitor Thread.
2019-09-16 16:49:51,327 [1370fd8c-73fc-4f35-949b-7e5b6187350c@group-FF25A56A1D0A:LeaderElection8] INFO  server.RaftServerConfigKeys (ConfUtils.java:logGet(43)) - raft.server.staging.catchup.gap = 1000 (default)
2019-09-16 16:49:51,327 [18b96c5b-e26d-45b3-8a36-72f0b02f08ab@group-EE0D8D7AAF1D:LeaderElection9] INFO  server.RaftServerConfigKeys (ConfUtils.java:logGet(43)) - raft.server.rpc.sleep.time = 25ms (default)
2019-09-16 16:49:51,328 [1370fd8c-73fc-4f35-949b-7e5b6187350c@group-FF25A56A1D0A:LeaderElection8] INFO  server.RaftServerConfigKeys (ConfUtils.java:logGet(43)) - raft.server.rpc.sleep.time = 25ms (default)
2019-09-16 16:49:51,328 [18b96c5b-e26d-45b3-8a36-72f0b02f08ab@group-EE0D8D7AAF1D:LeaderElection9] INFO  server.RaftServerConfigKeys (ConfUtils.java:logGet(43)) - raft.server.write.element-limit = 4096 (default)
2019-09-16 16:49:51,328 [1370fd8c-73fc-4f35-949b-7e5b6187350c@group-FF25A56A1D0A:LeaderElection8] INFO  server.RaftServerConfigKeys (ConfUtils.java:logGet(43)) - raft.server.write.element-limit = 4096 (default)
2019-09-16 16:49:51,328 [18b96c5b-e26d-45b3-8a36-72f0b02f08ab@group-EE0D8D7AAF1D:LeaderElection9] INFO  server.RaftServerConfigKeys (ConfUtils.java:logGet(43)) - raft.server.watch.timeout = 10s (default)
2019-09-16 16:49:51,328 [1370fd8c-73fc-4f35-949b-7e5b6187350c@group-FF25A56A1D0A:LeaderElection8] INFO  server.RaftServerConfigKeys (ConfUtils.java:logGet(43)) - raft.server.watch.timeout = 10s (default)
2019-09-16 16:49:51,328 [18b96c5b-e26d-45b3-8a36-72f0b02f08ab@group-EE0D8D7AAF1D:LeaderElection9] INFO  server.RaftServerConfigKeys (ConfUtils.java:logGet(43)) - raft.server.watch.timeout.denomination = 1s (default)
2019-09-16 16:49:51,328 [1370fd8c-73fc-4f35-949b-7e5b6187350c@group-FF25A56A1D0A:LeaderElection8] INFO  server.RaftServerConfigKeys (ConfUtils.java:logGet(43)) - raft.server.watch.timeout.denomination = 1s (default)
2019-09-16 16:49:51,329 [18b96c5b-e26d-45b3-8a36-72f0b02f08ab@group-EE0D8D7AAF1D:LeaderElection9] INFO  server.RaftServerConfigKeys (ConfUtils.java:logGet(43)) - raft.server.watch.element-limit = 65536 (default)
2019-09-16 16:49:51,329 [1370fd8c-73fc-4f35-949b-7e5b6187350c@group-FF25A56A1D0A:LeaderElection8] INFO  server.RaftServerConfigKeys (ConfUtils.java:logGet(43)) - raft.server.watch.element-limit = 65536 (default)
2019-09-16 16:49:51,330 [ReplicationMonitor] INFO  container.ReplicationManager (ReplicationManager.java:run(225)) - Replication Monitor Thread took 1 milliseconds for processing 0 containers.
2019-09-16 16:49:51,332 [18b96c5b-e26d-45b3-8a36-72f0b02f08ab@group-EE0D8D7AAF1D:LeaderElection9] INFO  impl.RoleInfo (RoleInfo.java:updateAndGet(143)) - 18b96c5b-e26d-45b3-8a36-72f0b02f08ab: start LeaderState
2019-09-16 16:49:51,332 [18b96c5b-e26d-45b3-8a36-72f0b02f08ab@group-EE0D8D7AAF1D:LeaderElection9] INFO  segmented.SegmentedRaftLogWorker (SegmentedRaftLogWorker.java:startLogSegment(380)) - 18b96c5b-e26d-45b3-8a36-72f0b02f08ab@group-EE0D8D7AAF1D-SegmentedRaftLogWorker: Starting segment from index:0
2019-09-16 16:49:51,332 [1370fd8c-73fc-4f35-949b-7e5b6187350c@group-FF25A56A1D0A:LeaderElection8] INFO  impl.RoleInfo (RoleInfo.java:updateAndGet(143)) - 1370fd8c-73fc-4f35-949b-7e5b6187350c: start LeaderState
2019-09-16 16:49:51,333 [1370fd8c-73fc-4f35-949b-7e5b6187350c@group-FF25A56A1D0A:LeaderElection8] INFO  segmented.SegmentedRaftLogWorker (SegmentedRaftLogWorker.java:startLogSegment(380)) - 1370fd8c-73fc-4f35-949b-7e5b6187350c@group-FF25A56A1D0A-SegmentedRaftLogWorker: Starting segment from index:0
2019-09-16 16:49:51,333 [18b96c5b-e26d-45b3-8a36-72f0b02f08ab@group-EE0D8D7AAF1D:LeaderElection9] INFO  impl.RaftServerImpl (ServerState.java:setRaftConf(354)) - 18b96c5b-e26d-45b3-8a36-72f0b02f08ab@group-EE0D8D7AAF1D: set configuration 0: [18b96c5b-e26d-45b3-8a36-72f0b02f08ab:192.168.34.47:45604], old=null at 0
2019-09-16 16:49:51,366 [790809fb-a9ad-47fd-bbe4-169138176431@group-3F8977C1BEA2:LeaderElection10] INFO  impl.LeaderElection (LeaderElection.java:askForVotes(182)) - 790809fb-a9ad-47fd-bbe4-169138176431@group-3F8977C1BEA2:LeaderElection10: begin an election at term 1 for -1: [790809fb-a9ad-47fd-bbe4-169138176431:192.168.34.47:36816, c9a1bac0-eae5-4c8c-abbf-c37d9bceede4:192.168.34.47:39870, fa2692cc-7d13-407b-8ba8-1b16aaf9a086:192.168.34.47:34866], old=null
2019-09-16 16:49:51,366 [c9a1bac0-eae5-4c8c-abbf-c37d9bceede4@group-3F8977C1BEA2:LeaderElection11] INFO  impl.LeaderElection (LeaderElection.java:askForVotes(182)) - c9a1bac0-eae5-4c8c-abbf-c37d9bceede4@group-3F8977C1BEA2:LeaderElection11: begin an election at term 1 for -1: [790809fb-a9ad-47fd-bbe4-169138176431:192.168.34.47:36816, c9a1bac0-eae5-4c8c-abbf-c37d9bceede4:192.168.34.47:39870, fa2692cc-7d13-407b-8ba8-1b16aaf9a086:192.168.34.47:34866], old=null
2019-09-16 16:49:51,366 [1370fd8c-73fc-4f35-949b-7e5b6187350c@group-FF25A56A1D0A:LeaderElection8] INFO  impl.RaftServerImpl (ServerState.java:setRaftConf(354)) - 1370fd8c-73fc-4f35-949b-7e5b6187350c@group-FF25A56A1D0A: set configuration 0: [1370fd8c-73fc-4f35-949b-7e5b6187350c:192.168.34.47:34835], old=null at 0
2019-09-16 16:49:51,406 [18b96c5b-e26d-45b3-8a36-72f0b02f08ab@group-EE0D8D7AAF1D-SegmentedRaftLogWorker] INFO  segmented.SegmentedRaftLogWorker (SegmentedRaftLogWorker.java:execute(569)) - 18b96c5b-e26d-45b3-8a36-72f0b02f08ab@group-EE0D8D7AAF1D-SegmentedRaftLogWorker: created new log segment /workdir/hadoop-ozone/integration-test/target/test-dir/MiniOzoneClusterImpl-f8b2c6cb-9ce7-4af8-81ae-d81048953348/datanode-1/data/ratis/739596c6-a8dc-4b21-8b90-ee0d8d7aaf1d/current/log_inprogress_0
2019-09-16 16:49:51,415 [Thread-332] INFO  impl.FollowerState (FollowerState.java:run(106)) - 7fc320a2-74a2-44cb-8d45-40912bba4ff2:group-512358092D21 changes to CANDIDATE, lastRpcTime:1000, electionTimeout:1000ms
2019-09-16 16:49:51,415 [Thread-332] INFO  impl.RoleInfo (RoleInfo.java:shutdownFollowerState(121)) - 7fc320a2-74a2-44cb-8d45-40912bba4ff2: shutdown FollowerState
2019-09-16 16:49:51,415 [Thread-332] INFO  impl.RaftServerImpl (RaftServerImpl.java:setRole(174)) - 7fc320a2-74a2-44cb-8d45-40912bba4ff2@group-512358092D21: changes role from  FOLLOWER to CANDIDATE at term 0 for changeToCandidate
2019-09-16 16:49:51,415 [Thread-332] INFO  impl.RoleInfo (RoleInfo.java:updateAndGet(143)) - 7fc320a2-74a2-44cb-8d45-40912bba4ff2: start LeaderElection
2019-09-16 16:49:51,421 [1370fd8c-73fc-4f35-949b-7e5b6187350c@group-FF25A56A1D0A-SegmentedRaftLogWorker] INFO  segmented.SegmentedRaftLogWorker (SegmentedRaftLogWorker.java:execute(569)) - 1370fd8c-73fc-4f35-949b-7e5b6187350c@group-FF25A56A1D0A-SegmentedRaftLogWorker: created new log segment /workdir/hadoop-ozone/integration-test/target/test-dir/MiniOzoneClusterImpl-f8b2c6cb-9ce7-4af8-81ae-d81048953348/datanode-6/data/ratis/ade06ddb-661c-42a0-997a-ff25a56a1d0a/current/log_inprogress_0
2019-09-16 16:49:51,436 [7fc320a2-74a2-44cb-8d45-40912bba4ff2@group-512358092D21:LeaderElection12] INFO  impl.LeaderElection (LeaderElection.java:askForVotes(182)) - 7fc320a2-74a2-44cb-8d45-40912bba4ff2@group-512358092D21:LeaderElection12: begin an election at term 1 for -1: [6d73d83e-4bf7-49f9-9c6b-f14bf24667e0:192.168.34.47:40303, 7fc320a2-74a2-44cb-8d45-40912bba4ff2:192.168.34.47:36256, 9061b39a-2428-46aa-ac83-e6ff060f5840:192.168.34.47:46365], old=null
2019-09-16 16:49:51,462 [Thread-325] INFO  impl.FollowerState (FollowerState.java:run(106)) - fa2692cc-7d13-407b-8ba8-1b16aaf9a086:group-3F8977C1BEA2 changes to CANDIDATE, lastRpcTime:1164, electionTimeout:1161ms
2019-09-16 16:49:51,462 [Thread-325] INFO  impl.RoleInfo (RoleInfo.java:shutdownFollowerState(121)) - fa2692cc-7d13-407b-8ba8-1b16aaf9a086: shutdown FollowerState
2019-09-16 16:49:51,462 [Thread-325] INFO  impl.RaftServerImpl (RaftServerImpl.java:setRole(174)) - fa2692cc-7d13-407b-8ba8-1b16aaf9a086@group-3F8977C1BEA2: changes role from  FOLLOWER to CANDIDATE at term 0 for changeToCandidate
2019-09-16 16:49:51,463 [Thread-325] INFO  impl.RoleInfo (RoleInfo.java:updateAndGet(143)) - fa2692cc-7d13-407b-8ba8-1b16aaf9a086: start LeaderElection
2019-09-16 16:49:51,476 [grpc-default-executor-1] INFO  impl.RaftServerImpl (RaftServerImpl.java:setRole(174)) - 6d73d83e-4bf7-49f9-9c6b-f14bf24667e0@group-512358092D21: changes role from  FOLLOWER to FOLLOWER at term 1 for recognizeCandidate:7fc320a2-74a2-44cb-8d45-40912bba4ff2
2019-09-16 16:49:51,476 [grpc-default-executor-1] INFO  impl.RoleInfo (RoleInfo.java:shutdownFollowerState(121)) - 6d73d83e-4bf7-49f9-9c6b-f14bf24667e0: shutdown FollowerState
2019-09-16 16:49:51,476 [grpc-default-executor-1] INFO  impl.RoleInfo (RoleInfo.java:updateAndGet(143)) - 6d73d83e-4bf7-49f9-9c6b-f14bf24667e0: start FollowerState
2019-09-16 16:49:51,476 [Thread-330] INFO  impl.FollowerState (FollowerState.java:run(115)) - 6d73d83e-4bf7-49f9-9c6b-f14bf24667e0: FollowerState was interrupted: java.lang.InterruptedException: sleep interrupted
2019-09-16 16:49:51,491 [fa2692cc-7d13-407b-8ba8-1b16aaf9a086@group-3F8977C1BEA2:LeaderElection13] INFO  impl.LeaderElection (LeaderElection.java:askForVotes(182)) - fa2692cc-7d13-407b-8ba8-1b16aaf9a086@group-3F8977C1BEA2:LeaderElection13: begin an election at term 1 for -1: [790809fb-a9ad-47fd-bbe4-169138176431:192.168.34.47:36816, c9a1bac0-eae5-4c8c-abbf-c37d9bceede4:192.168.34.47:39870, fa2692cc-7d13-407b-8ba8-1b16aaf9a086:192.168.34.47:34866], old=null
2019-09-16 16:49:51,511 [grpc-default-executor-0] INFO  impl.RaftServerImpl (RaftServerImpl.java:setRole(174)) - 9061b39a-2428-46aa-ac83-e6ff060f5840@group-512358092D21: changes role from  FOLLOWER to FOLLOWER at term 1 for recognizeCandidate:7fc320a2-74a2-44cb-8d45-40912bba4ff2
2019-09-16 16:49:51,511 [grpc-default-executor-0] INFO  impl.RoleInfo (RoleInfo.java:shutdownFollowerState(121)) - 9061b39a-2428-46aa-ac83-e6ff060f5840: shutdown FollowerState
2019-09-16 16:49:51,511 [grpc-default-executor-0] INFO  impl.RoleInfo (RoleInfo.java:updateAndGet(143)) - 9061b39a-2428-46aa-ac83-e6ff060f5840: start FollowerState
2019-09-16 16:49:51,511 [Thread-334] INFO  impl.FollowerState (FollowerState.java:run(115)) - 9061b39a-2428-46aa-ac83-e6ff060f5840: FollowerState was interrupted: java.lang.InterruptedException: sleep interrupted
2019-09-16 16:49:51,516 [790809fb-a9ad-47fd-bbe4-169138176431@group-3F8977C1BEA2:LeaderElection10] INFO  impl.LeaderElection (LeaderElection.java:logAndReturn(56)) - 790809fb-a9ad-47fd-bbe4-169138176431@group-3F8977C1BEA2:LeaderElection10: Election REJECTED; received 2 response(s) [790809fb-a9ad-47fd-bbe4-169138176431<-c9a1bac0-eae5-4c8c-abbf-c37d9bceede4#0:FAIL-t1, 790809fb-a9ad-47fd-bbe4-169138176431<-fa2692cc-7d13-407b-8ba8-1b16aaf9a086#0:FAIL-t1] and 0 exception(s); 790809fb-a9ad-47fd-bbe4-169138176431@group-3F8977C1BEA2:t1, leader=null, voted=790809fb-a9ad-47fd-bbe4-169138176431, raftlog=790809fb-a9ad-47fd-bbe4-169138176431@group-3F8977C1BEA2-SegmentedRaftLog:OPENED:c-1,f-1,i0, conf=-1: [790809fb-a9ad-47fd-bbe4-169138176431:192.168.34.47:36816, c9a1bac0-eae5-4c8c-abbf-c37d9bceede4:192.168.34.47:39870, fa2692cc-7d13-407b-8ba8-1b16aaf9a086:192.168.34.47:34866], old=null
2019-09-16 16:49:51,519 [790809fb-a9ad-47fd-bbe4-169138176431@group-3F8977C1BEA2:LeaderElection10] INFO  impl.RaftServerImpl (RaftServerImpl.java:setRole(174)) - 790809fb-a9ad-47fd-bbe4-169138176431@group-3F8977C1BEA2: changes role from CANDIDATE to FOLLOWER at term 1 for DISCOVERED_A_NEW_TERM
2019-09-16 16:49:51,519 [790809fb-a9ad-47fd-bbe4-169138176431@group-3F8977C1BEA2:LeaderElection10] INFO  impl.RoleInfo (RoleInfo.java:shutdownLeaderElection(134)) - 790809fb-a9ad-47fd-bbe4-169138176431: shutdown LeaderElection
2019-09-16 16:49:51,523 [790809fb-a9ad-47fd-bbe4-169138176431@group-3F8977C1BEA2:LeaderElection10] INFO  impl.RoleInfo (RoleInfo.java:updateAndGet(143)) - 790809fb-a9ad-47fd-bbe4-169138176431: start FollowerState
2019-09-16 16:49:51,523 [c9a1bac0-eae5-4c8c-abbf-c37d9bceede4@group-3F8977C1BEA2:LeaderElection11] INFO  impl.LeaderElection (LeaderElection.java:logAndReturn(56)) - c9a1bac0-eae5-4c8c-abbf-c37d9bceede4@group-3F8977C1BEA2:LeaderElection11: Election REJECTED; received 2 response(s) [c9a1bac0-eae5-4c8c-abbf-c37d9bceede4<-790809fb-a9ad-47fd-bbe4-169138176431#0:FAIL-t1, c9a1bac0-eae5-4c8c-abbf-c37d9bceede4<-fa2692cc-7d13-407b-8ba8-1b16aaf9a086#0:FAIL-t1] and 0 exception(s); c9a1bac0-eae5-4c8c-abbf-c37d9bceede4@group-3F8977C1BEA2:t1, leader=null, voted=c9a1bac0-eae5-4c8c-abbf-c37d9bceede4, raftlog=c9a1bac0-eae5-4c8c-abbf-c37d9bceede4@group-3F8977C1BEA2-SegmentedRaftLog:OPENED:c-1,f-1,i0, conf=-1: [790809fb-a9ad-47fd-bbe4-169138176431:192.168.34.47:36816, c9a1bac0-eae5-4c8c-abbf-c37d9bceede4:192.168.34.47:39870, fa2692cc-7d13-407b-8ba8-1b16aaf9a086:192.168.34.47:34866], old=null
2019-09-16 16:49:51,527 [c9a1bac0-eae5-4c8c-abbf-c37d9bceede4@group-3F8977C1BEA2:LeaderElection11] INFO  impl.RaftServerImpl (RaftServerImpl.java:setRole(174)) - c9a1bac0-eae5-4c8c-abbf-c37d9bceede4@group-3F8977C1BEA2: changes role from CANDIDATE to FOLLOWER at term 1 for DISCOVERED_A_NEW_TERM
2019-09-16 16:49:51,529 [c9a1bac0-eae5-4c8c-abbf-c37d9bceede4@group-3F8977C1BEA2:LeaderElection11] INFO  impl.RoleInfo (RoleInfo.java:shutdownLeaderElection(134)) - c9a1bac0-eae5-4c8c-abbf-c37d9bceede4: shutdown LeaderElection
2019-09-16 16:49:51,529 [c9a1bac0-eae5-4c8c-abbf-c37d9bceede4@group-3F8977C1BEA2:LeaderElection11] INFO  impl.RoleInfo (RoleInfo.java:updateAndGet(143)) - c9a1bac0-eae5-4c8c-abbf-c37d9bceede4: start FollowerState
2019-09-16 16:49:51,537 [7fc320a2-74a2-44cb-8d45-40912bba4ff2@group-512358092D21:LeaderElection12] INFO  impl.LeaderElection (LeaderElection.java:logAndReturn(56)) - 7fc320a2-74a2-44cb-8d45-40912bba4ff2@group-512358092D21:LeaderElection12: Election PASSED; received 1 response(s) [7fc320a2-74a2-44cb-8d45-40912bba4ff2<-6d73d83e-4bf7-49f9-9c6b-f14bf24667e0#0:OK-t1] and 0 exception(s); 7fc320a2-74a2-44cb-8d45-40912bba4ff2@group-512358092D21:t1, leader=null, voted=7fc320a2-74a2-44cb-8d45-40912bba4ff2, raftlog=7fc320a2-74a2-44cb-8d45-40912bba4ff2@group-512358092D21-SegmentedRaftLog:OPENED:c-1,f-1,i0, conf=-1: [6d73d83e-4bf7-49f9-9c6b-f14bf24667e0:192.168.34.47:40303, 7fc320a2-74a2-44cb-8d45-40912bba4ff2:192.168.34.47:36256, 9061b39a-2428-46aa-ac83-e6ff060f5840:192.168.34.47:46365], old=null
2019-09-16 16:49:51,538 [Thread-344] INFO  impl.FollowerState (FollowerState.java:run(106)) - d43b0c61-8f3a-4c5a-ae51-ff6150aafa7d:group-F512E466BF16 changes to CANDIDATE, lastRpcTime:1015, electionTimeout:1014ms
2019-09-16 16:49:51,538 [7fc320a2-74a2-44cb-8d45-40912bba4ff2@group-512358092D21:LeaderElection12] INFO  impl.RoleInfo (RoleInfo.java:shutdownLeaderElection(134)) - 7fc320a2-74a2-44cb-8d45-40912bba4ff2: shutdown LeaderElection
2019-09-16 16:49:51,542 [7fc320a2-74a2-44cb-8d45-40912bba4ff2@group-512358092D21:LeaderElection12] INFO  impl.RaftServerImpl (RaftServerImpl.java:setRole(174)) - 7fc320a2-74a2-44cb-8d45-40912bba4ff2@group-512358092D21: changes role from CANDIDATE to LEADER at term 1 for changeToLeader
2019-09-16 16:49:51,542 [7fc320a2-74a2-44cb-8d45-40912bba4ff2@group-512358092D21:LeaderElection12] INFO  impl.RaftServerImpl (ServerState.java:setLeader(253)) - 7fc320a2-74a2-44cb-8d45-40912bba4ff2@group-512358092D21: change Leader from null to 7fc320a2-74a2-44cb-8d45-40912bba4ff2 at term 1 for becomeLeader, leader elected after 1139ms
2019-09-16 16:49:51,544 [Thread-344] INFO  impl.RoleInfo (RoleInfo.java:shutdownFollowerState(121)) - d43b0c61-8f3a-4c5a-ae51-ff6150aafa7d: shutdown FollowerState
2019-09-16 16:49:51,545 [7fc320a2-74a2-44cb-8d45-40912bba4ff2@group-512358092D21:LeaderElection12] INFO  server.RaftServerConfigKeys (ConfUtils.java:logGet(43)) - raft.server.staging.catchup.gap = 1000 (default)
2019-09-16 16:49:51,546 [Thread-344] INFO  impl.RaftServerImpl (RaftServerImpl.java:setRole(174)) - d43b0c61-8f3a-4c5a-ae51-ff6150aafa7d@group-F512E466BF16: changes role from  FOLLOWER to CANDIDATE at term 0 for changeToCandidate
2019-09-16 16:49:51,546 [7fc320a2-74a2-44cb-8d45-40912bba4ff2@group-512358092D21:LeaderElection12] INFO  server.RaftServerConfigKeys (ConfUtils.java:logGet(43)) - raft.server.rpc.sleep.time = 25ms (default)
2019-09-16 16:49:51,546 [Thread-344] INFO  impl.RoleInfo (RoleInfo.java:updateAndGet(143)) - d43b0c61-8f3a-4c5a-ae51-ff6150aafa7d: start LeaderElection
2019-09-16 16:49:51,546 [7fc320a2-74a2-44cb-8d45-40912bba4ff2@group-512358092D21:LeaderElection12] INFO  server.RaftServerConfigKeys (ConfUtils.java:logGet(43)) - raft.server.write.element-limit = 4096 (default)
2019-09-16 16:49:51,546 [fa2692cc-7d13-407b-8ba8-1b16aaf9a086@group-3F8977C1BEA2:LeaderElection13] INFO  impl.LeaderElection (LeaderElection.java:logAndReturn(56)) - fa2692cc-7d13-407b-8ba8-1b16aaf9a086@group-3F8977C1BEA2:LeaderElection13: Election REJECTED; received 2 response(s) [fa2692cc-7d13-407b-8ba8-1b16aaf9a086<-790809fb-a9ad-47fd-bbe4-169138176431#0:FAIL-t1, fa2692cc-7d13-407b-8ba8-1b16aaf9a086<-c9a1bac0-eae5-4c8c-abbf-c37d9bceede4#0:FAIL-t1] and 0 exception(s); fa2692cc-7d13-407b-8ba8-1b16aaf9a086@group-3F8977C1BEA2:t1, leader=null, voted=fa2692cc-7d13-407b-8ba8-1b16aaf9a086, raftlog=fa2692cc-7d13-407b-8ba8-1b16aaf9a086@group-3F8977C1BEA2-SegmentedRaftLog:OPENED:c-1,f-1,i0, conf=-1: [790809fb-a9ad-47fd-bbe4-169138176431:192.168.34.47:36816, c9a1bac0-eae5-4c8c-abbf-c37d9bceede4:192.168.34.47:39870, fa2692cc-7d13-407b-8ba8-1b16aaf9a086:192.168.34.47:34866], old=null
2019-09-16 16:49:51,548 [7fc320a2-74a2-44cb-8d45-40912bba4ff2@group-512358092D21:LeaderElection12] INFO  server.RaftServerConfigKeys (ConfUtils.java:logGet(43)) - raft.server.watch.timeout = 10s (default)
2019-09-16 16:49:51,551 [fa2692cc-7d13-407b-8ba8-1b16aaf9a086@group-3F8977C1BEA2:LeaderElection13] INFO  impl.RaftServerImpl (RaftServerImpl.java:setRole(174)) - fa2692cc-7d13-407b-8ba8-1b16aaf9a086@group-3F8977C1BEA2: changes role from CANDIDATE to FOLLOWER at term 1 for DISCOVERED_A_NEW_TERM
2019-09-16 16:49:51,551 [7fc320a2-74a2-44cb-8d45-40912bba4ff2@group-512358092D21:LeaderElection12] INFO  server.RaftServerConfigKeys (ConfUtils.java:logGet(43)) - raft.server.watch.timeout.denomination = 1s (default)
2019-09-16 16:49:51,553 [fa2692cc-7d13-407b-8ba8-1b16aaf9a086@group-3F8977C1BEA2:LeaderElection13] INFO  impl.RoleInfo (RoleInfo.java:shutdownLeaderElection(134)) - fa2692cc-7d13-407b-8ba8-1b16aaf9a086: shutdown LeaderElection
2019-09-16 16:49:51,553 [7fc320a2-74a2-44cb-8d45-40912bba4ff2@group-512358092D21:LeaderElection12] INFO  server.RaftServerConfigKeys (ConfUtils.java:logGet(43)) - raft.server.watch.element-limit = 65536 (default)
2019-09-16 16:49:51,553 [fa2692cc-7d13-407b-8ba8-1b16aaf9a086@group-3F8977C1BEA2:LeaderElection13] INFO  impl.RoleInfo (RoleInfo.java:updateAndGet(143)) - fa2692cc-7d13-407b-8ba8-1b16aaf9a086: start FollowerState
2019-09-16 16:49:51,565 [d43b0c61-8f3a-4c5a-ae51-ff6150aafa7d@group-F512E466BF16:LeaderElection14] INFO  impl.LeaderElection (LeaderElection.java:askForVotes(182)) - d43b0c61-8f3a-4c5a-ae51-ff6150aafa7d@group-F512E466BF16:LeaderElection14: begin an election at term 1 for -1: [18b96c5b-e26d-45b3-8a36-72f0b02f08ab:192.168.34.47:45604, 95da17b0-4e07-4af0-be4f-5c62bf2a50a7:192.168.34.47:46480, d43b0c61-8f3a-4c5a-ae51-ff6150aafa7d:192.168.34.47:43126], old=null
2019-09-16 16:49:51,571 [7fc320a2-74a2-44cb-8d45-40912bba4ff2@group-512358092D21:LeaderElection12] INFO  server.RaftServerConfigKeys (ConfUtils.java:logGet(43)) - raft.server.log.appender.snapshot.chunk.size.max = 16MB (=16777216) (default)
2019-09-16 16:49:51,571 [7fc320a2-74a2-44cb-8d45-40912bba4ff2@group-512358092D21:LeaderElection12] INFO  server.RaftServerConfigKeys (ConfUtils.java:logGet(43)) - raft.server.log.appender.buffer.byte-limit = 33554432 (custom)
2019-09-16 16:49:51,572 [7fc320a2-74a2-44cb-8d45-40912bba4ff2@group-512358092D21:LeaderElection12] INFO  server.RaftServerConfigKeys (ConfUtils.java:logGet(43)) - raft.server.log.appender.buffer.element-limit = 1 (custom)
2019-09-16 16:49:51,579 [grpc-default-executor-0] INFO  impl.RaftServerImpl (RaftServerImpl.java:setRole(174)) - 18b96c5b-e26d-45b3-8a36-72f0b02f08ab@group-F512E466BF16: changes role from  FOLLOWER to FOLLOWER at term 1 for recognizeCandidate:d43b0c61-8f3a-4c5a-ae51-ff6150aafa7d
2019-09-16 16:49:51,581 [IPC Server handler 4 on 37835] INFO  volume.OMVolumeCreateRequest (OMVolumeCreateRequest.java:validateAndUpdateCache(189)) - created volume:datanodefailurehandlingtest for user:jenkins1000
2019-09-16 16:49:51,581 [7fc320a2-74a2-44cb-8d45-40912bba4ff2@group-512358092D21:LeaderElection12] INFO  grpc.GrpcConfigKeys$Server (ConfUtils.java:logGet(43)) - raft.grpc.server.leader.outstanding.appends.max = 128 (default)
2019-09-16 16:49:51,581 [grpc-default-executor-0] INFO  impl.RoleInfo (RoleInfo.java:shutdownFollowerState(121)) - 18b96c5b-e26d-45b3-8a36-72f0b02f08ab: shutdown FollowerState
2019-09-16 16:49:51,589 [grpc-default-executor-1] INFO  impl.RaftServerImpl (RaftServerImpl.java:setRole(174)) - 95da17b0-4e07-4af0-be4f-5c62bf2a50a7@group-F512E466BF16: changes role from  FOLLOWER to FOLLOWER at term 1 for recognizeCandidate:d43b0c61-8f3a-4c5a-ae51-ff6150aafa7d
2019-09-16 16:49:51,590 [grpc-default-executor-1] INFO  impl.RoleInfo (RoleInfo.java:shutdownFollowerState(121)) - 95da17b0-4e07-4af0-be4f-5c62bf2a50a7: shutdown FollowerState
2019-09-16 16:49:51,588 [7fc320a2-74a2-44cb-8d45-40912bba4ff2@group-512358092D21:LeaderElection12] INFO  server.RaftServerConfigKeys (ConfUtils.java:logGet(43)) - raft.server.rpc.request.timeout = 3000ms (default)
2019-09-16 16:49:51,590 [Thread-342] INFO  impl.FollowerState (FollowerState.java:run(115)) - 95da17b0-4e07-4af0-be4f-5c62bf2a50a7: FollowerState was interrupted: java.lang.InterruptedException: sleep interrupted
2019-09-16 16:49:51,590 [7fc320a2-74a2-44cb-8d45-40912bba4ff2@group-512358092D21:LeaderElection12] INFO  server.RaftServerConfigKeys (ConfUtils.java:logGet(43)) - raft.server.log.appender.install.snapshot.enabled = false (custom)
2019-09-16 16:49:51,590 [grpc-default-executor-1] INFO  impl.RoleInfo (RoleInfo.java:updateAndGet(143)) - 95da17b0-4e07-4af0-be4f-5c62bf2a50a7: start FollowerState
2019-09-16 16:49:51,590 [grpc-default-executor-0] INFO  impl.RoleInfo (RoleInfo.java:updateAndGet(143)) - 18b96c5b-e26d-45b3-8a36-72f0b02f08ab: start FollowerState
2019-09-16 16:49:51,590 [Thread-345] INFO  impl.FollowerState (FollowerState.java:run(115)) - 18b96c5b-e26d-45b3-8a36-72f0b02f08ab: FollowerState was interrupted: java.lang.InterruptedException: sleep interrupted
2019-09-16 16:49:51,594 [7fc320a2-74a2-44cb-8d45-40912bba4ff2@group-512358092D21:LeaderElection12] INFO  server.RaftServerConfigKeys (ConfUtils.java:logGet(43)) - raft.server.log.appender.snapshot.chunk.size.max = 16MB (=16777216) (default)
2019-09-16 16:49:51,594 [7fc320a2-74a2-44cb-8d45-40912bba4ff2@group-512358092D21:LeaderElection12] INFO  server.RaftServerConfigKeys (ConfUtils.java:logGet(43)) - raft.server.log.appender.buffer.byte-limit = 33554432 (custom)
2019-09-16 16:49:51,595 [7fc320a2-74a2-44cb-8d45-40912bba4ff2@group-512358092D21:LeaderElection12] INFO  server.RaftServerConfigKeys (ConfUtils.java:logGet(43)) - raft.server.log.appender.buffer.element-limit = 1 (custom)
2019-09-16 16:49:51,595 [7fc320a2-74a2-44cb-8d45-40912bba4ff2@group-512358092D21:LeaderElection12] INFO  grpc.GrpcConfigKeys$Server (ConfUtils.java:logGet(43)) - raft.grpc.server.leader.outstanding.appends.max = 128 (default)
2019-09-16 16:49:51,595 [7fc320a2-74a2-44cb-8d45-40912bba4ff2@group-512358092D21:LeaderElection12] INFO  server.RaftServerConfigKeys (ConfUtils.java:logGet(43)) - raft.server.rpc.request.timeout = 3000ms (default)
2019-09-16 16:49:51,595 [7fc320a2-74a2-44cb-8d45-40912bba4ff2@group-512358092D21:LeaderElection12] INFO  server.RaftServerConfigKeys (ConfUtils.java:logGet(43)) - raft.server.log.appender.install.snapshot.enabled = false (custom)
2019-09-16 16:49:51,608 [7fc320a2-74a2-44cb-8d45-40912bba4ff2@group-512358092D21:LeaderElection12] INFO  impl.RoleInfo (RoleInfo.java:updateAndGet(143)) - 7fc320a2-74a2-44cb-8d45-40912bba4ff2: start LeaderState
2019-09-16 16:49:51,608 [7fc320a2-74a2-44cb-8d45-40912bba4ff2@group-512358092D21:LeaderElection12] INFO  segmented.SegmentedRaftLogWorker (SegmentedRaftLogWorker.java:startLogSegment(380)) - 7fc320a2-74a2-44cb-8d45-40912bba4ff2@group-512358092D21-SegmentedRaftLogWorker: Starting segment from index:0
2019-09-16 16:49:51,609 [7fc320a2-74a2-44cb-8d45-40912bba4ff2@group-512358092D21:LeaderElection12] INFO  impl.RaftServerImpl (ServerState.java:setRaftConf(354)) - 7fc320a2-74a2-44cb-8d45-40912bba4ff2@group-512358092D21: set configuration 0: [6d73d83e-4bf7-49f9-9c6b-f14bf24667e0:192.168.34.47:40303, 7fc320a2-74a2-44cb-8d45-40912bba4ff2:192.168.34.47:36256, 9061b39a-2428-46aa-ac83-e6ff060f5840:192.168.34.47:46365], old=null at 0
2019-09-16 16:49:51,644 [d43b0c61-8f3a-4c5a-ae51-ff6150aafa7d@group-F512E466BF16:LeaderElection14] INFO  impl.LeaderElection (LeaderElection.java:logAndReturn(56)) - d43b0c61-8f3a-4c5a-ae51-ff6150aafa7d@group-F512E466BF16:LeaderElection14: Election PASSED; received 1 response(s) [d43b0c61-8f3a-4c5a-ae51-ff6150aafa7d<-95da17b0-4e07-4af0-be4f-5c62bf2a50a7#0:OK-t1] and 0 exception(s); d43b0c61-8f3a-4c5a-ae51-ff6150aafa7d@group-F512E466BF16:t1, leader=null, voted=d43b0c61-8f3a-4c5a-ae51-ff6150aafa7d, raftlog=d43b0c61-8f3a-4c5a-ae51-ff6150aafa7d@group-F512E466BF16-SegmentedRaftLog:OPENED:c-1,f-1,i0, conf=-1: [18b96c5b-e26d-45b3-8a36-72f0b02f08ab:192.168.34.47:45604, 95da17b0-4e07-4af0-be4f-5c62bf2a50a7:192.168.34.47:46480, d43b0c61-8f3a-4c5a-ae51-ff6150aafa7d:192.168.34.47:43126], old=null
2019-09-16 16:49:51,644 [d43b0c61-8f3a-4c5a-ae51-ff6150aafa7d@group-F512E466BF16:LeaderElection14] INFO  impl.RoleInfo (RoleInfo.java:shutdownLeaderElection(134)) - d43b0c61-8f3a-4c5a-ae51-ff6150aafa7d: shutdown LeaderElection
2019-09-16 16:49:51,646 [d43b0c61-8f3a-4c5a-ae51-ff6150aafa7d@group-F512E466BF16:LeaderElection14] INFO  impl.RaftServerImpl (RaftServerImpl.java:setRole(174)) - d43b0c61-8f3a-4c5a-ae51-ff6150aafa7d@group-F512E466BF16: changes role from CANDIDATE to LEADER at term 1 for changeToLeader
2019-09-16 16:49:51,648 [d43b0c61-8f3a-4c5a-ae51-ff6150aafa7d@group-F512E466BF16:LeaderElection14] INFO  impl.RaftServerImpl (ServerState.java:setLeader(253)) - d43b0c61-8f3a-4c5a-ae51-ff6150aafa7d@group-F512E466BF16: change Leader from null to d43b0c61-8f3a-4c5a-ae51-ff6150aafa7d at term 1 for becomeLeader, leader elected after 1147ms
2019-09-16 16:49:51,648 [d43b0c61-8f3a-4c5a-ae51-ff6150aafa7d@group-F512E466BF16:LeaderElection14] INFO  server.RaftServerConfigKeys (ConfUtils.java:logGet(43)) - raft.server.staging.catchup.gap = 1000 (default)
2019-09-16 16:49:51,648 [d43b0c61-8f3a-4c5a-ae51-ff6150aafa7d@group-F512E466BF16:LeaderElection14] INFO  server.RaftServerConfigKeys (ConfUtils.java:logGet(43)) - raft.server.rpc.sleep.time = 25ms (default)
2019-09-16 16:49:51,656 [7fc320a2-74a2-44cb-8d45-40912bba4ff2@group-512358092D21-SegmentedRaftLogWorker] INFO  segmented.SegmentedRaftLogWorker (SegmentedRaftLogWorker.java:execute(569)) - 7fc320a2-74a2-44cb-8d45-40912bba4ff2@group-512358092D21-SegmentedRaftLogWorker: created new log segment /workdir/hadoop-ozone/integration-test/target/test-dir/MiniOzoneClusterImpl-f8b2c6cb-9ce7-4af8-81ae-d81048953348/datanode-3/data/ratis/545130b7-e41f-4170-95cf-512358092d21/current/log_inprogress_0
2019-09-16 16:49:51,675 [d43b0c61-8f3a-4c5a-ae51-ff6150aafa7d@group-F512E466BF16:LeaderElection14] INFO  server.RaftServerConfigKeys (ConfUtils.java:logGet(43)) - raft.server.write.element-limit = 4096 (default)
2019-09-16 16:49:51,675 [d43b0c61-8f3a-4c5a-ae51-ff6150aafa7d@group-F512E466BF16:LeaderElection14] INFO  server.RaftServerConfigKeys (ConfUtils.java:logGet(43)) - raft.server.watch.timeout = 10s (default)
2019-09-16 16:49:51,675 [d43b0c61-8f3a-4c5a-ae51-ff6150aafa7d@group-F512E466BF16:LeaderElection14] INFO  server.RaftServerConfigKeys (ConfUtils.java:logGet(43)) - raft.server.watch.timeout.denomination = 1s (default)
2019-09-16 16:49:51,676 [d43b0c61-8f3a-4c5a-ae51-ff6150aafa7d@group-F512E466BF16:LeaderElection14] INFO  server.RaftServerConfigKeys (ConfUtils.java:logGet(43)) - raft.server.watch.element-limit = 65536 (default)
2019-09-16 16:49:51,678 [d43b0c61-8f3a-4c5a-ae51-ff6150aafa7d@group-F512E466BF16:LeaderElection14] INFO  server.RaftServerConfigKeys (ConfUtils.java:logGet(43)) - raft.server.log.appender.snapshot.chunk.size.max = 16MB (=16777216) (default)
2019-09-16 16:49:51,678 [d43b0c61-8f3a-4c5a-ae51-ff6150aafa7d@group-F512E466BF16:LeaderElection14] INFO  server.RaftServerConfigKeys (ConfUtils.java:logGet(43)) - raft.server.log.appender.buffer.byte-limit = 33554432 (custom)
2019-09-16 16:49:51,678 [d43b0c61-8f3a-4c5a-ae51-ff6150aafa7d@group-F512E466BF16:LeaderElection14] INFO  server.RaftServerConfigKeys (ConfUtils.java:logGet(43)) - raft.server.log.appender.buffer.element-limit = 1 (custom)
2019-09-16 16:49:51,679 [main] INFO  rpc.RpcClient (RpcClient.java:createBucket(440)) - Creating Bucket: datanodefailurehandlingtest/datanodefailurehandlingtest, with Versioning false and Storage Type set to DISK and Encryption set to false 
2019-09-16 16:49:51,679 [d43b0c61-8f3a-4c5a-ae51-ff6150aafa7d@group-F512E466BF16:LeaderElection14] INFO  grpc.GrpcConfigKeys$Server (ConfUtils.java:logGet(43)) - raft.grpc.server.leader.outstanding.appends.max = 128 (default)
2019-09-16 16:49:51,682 [d43b0c61-8f3a-4c5a-ae51-ff6150aafa7d@group-F512E466BF16:LeaderElection14] INFO  server.RaftServerConfigKeys (ConfUtils.java:logGet(43)) - raft.server.rpc.request.timeout = 3000ms (default)
2019-09-16 16:49:51,682 [d43b0c61-8f3a-4c5a-ae51-ff6150aafa7d@group-F512E466BF16:LeaderElection14] INFO  server.RaftServerConfigKeys (ConfUtils.java:logGet(43)) - raft.server.log.appender.install.snapshot.enabled = false (custom)
2019-09-16 16:49:51,682 [d43b0c61-8f3a-4c5a-ae51-ff6150aafa7d@group-F512E466BF16:LeaderElection14] INFO  server.RaftServerConfigKeys (ConfUtils.java:logGet(43)) - raft.server.log.appender.snapshot.chunk.size.max = 16MB (=16777216) (default)
2019-09-16 16:49:51,683 [d43b0c61-8f3a-4c5a-ae51-ff6150aafa7d@group-F512E466BF16:LeaderElection14] INFO  server.RaftServerConfigKeys (ConfUtils.java:logGet(43)) - raft.server.log.appender.buffer.byte-limit = 33554432 (custom)
2019-09-16 16:49:51,683 [d43b0c61-8f3a-4c5a-ae51-ff6150aafa7d@group-F512E466BF16:LeaderElection14] INFO  server.RaftServerConfigKeys (ConfUtils.java:logGet(43)) - raft.server.log.appender.buffer.element-limit = 1 (custom)
2019-09-16 16:49:51,683 [d43b0c61-8f3a-4c5a-ae51-ff6150aafa7d@group-F512E466BF16:LeaderElection14] INFO  grpc.GrpcConfigKeys$Server (ConfUtils.java:logGet(43)) - raft.grpc.server.leader.outstanding.appends.max = 128 (default)
2019-09-16 16:49:51,683 [d43b0c61-8f3a-4c5a-ae51-ff6150aafa7d@group-F512E466BF16:LeaderElection14] INFO  server.RaftServerConfigKeys (ConfUtils.java:logGet(43)) - raft.server.rpc.request.timeout = 3000ms (default)
2019-09-16 16:49:51,683 [d43b0c61-8f3a-4c5a-ae51-ff6150aafa7d@group-F512E466BF16:LeaderElection14] INFO  server.RaftServerConfigKeys (ConfUtils.java:logGet(43)) - raft.server.log.appender.install.snapshot.enabled = false (custom)
2019-09-16 16:49:51,684 [d43b0c61-8f3a-4c5a-ae51-ff6150aafa7d@group-F512E466BF16:LeaderElection14] INFO  impl.RoleInfo (RoleInfo.java:updateAndGet(143)) - d43b0c61-8f3a-4c5a-ae51-ff6150aafa7d: start LeaderState
2019-09-16 16:49:51,684 [d43b0c61-8f3a-4c5a-ae51-ff6150aafa7d@group-F512E466BF16:LeaderElection14] INFO  segmented.SegmentedRaftLogWorker (SegmentedRaftLogWorker.java:startLogSegment(380)) - d43b0c61-8f3a-4c5a-ae51-ff6150aafa7d@group-F512E466BF16-SegmentedRaftLogWorker: Starting segment from index:0
2019-09-16 16:49:51,685 [d43b0c61-8f3a-4c5a-ae51-ff6150aafa7d@group-F512E466BF16:LeaderElection14] INFO  impl.RaftServerImpl (ServerState.java:setRaftConf(354)) - d43b0c61-8f3a-4c5a-ae51-ff6150aafa7d@group-F512E466BF16: set configuration 0: [18b96c5b-e26d-45b3-8a36-72f0b02f08ab:192.168.34.47:45604, 95da17b0-4e07-4af0-be4f-5c62bf2a50a7:192.168.34.47:46480, d43b0c61-8f3a-4c5a-ae51-ff6150aafa7d:192.168.34.47:43126], old=null at 0
2019-09-16 16:49:51,723 [grpc-default-executor-0] INFO  impl.RaftServerImpl (ServerState.java:setLeader(253)) - 6d73d83e-4bf7-49f9-9c6b-f14bf24667e0@group-512358092D21: change Leader from null to 7fc320a2-74a2-44cb-8d45-40912bba4ff2 at term 1 for appendEntries, leader elected after 1319ms
2019-09-16 16:49:51,725 [grpc-default-executor-3] INFO  impl.RaftServerImpl (ServerState.java:setLeader(253)) - 95da17b0-4e07-4af0-be4f-5c62bf2a50a7@group-F512E466BF16: change Leader from null to d43b0c61-8f3a-4c5a-ae51-ff6150aafa7d at term 1 for appendEntries, leader elected after 1224ms
2019-09-16 16:49:51,727 [grpc-default-executor-1] INFO  impl.RaftServerImpl (ServerState.java:setLeader(253)) - 18b96c5b-e26d-45b3-8a36-72f0b02f08ab@group-F512E466BF16: change Leader from null to d43b0c61-8f3a-4c5a-ae51-ff6150aafa7d at term 1 for appendEntries, leader elected after 1226ms
2019-09-16 16:49:51,727 [d43b0c61-8f3a-4c5a-ae51-ff6150aafa7d@group-F512E466BF16-SegmentedRaftLogWorker] INFO  segmented.SegmentedRaftLogWorker (SegmentedRaftLogWorker.java:execute(569)) - d43b0c61-8f3a-4c5a-ae51-ff6150aafa7d@group-F512E466BF16-SegmentedRaftLogWorker: created new log segment /workdir/hadoop-ozone/integration-test/target/test-dir/MiniOzoneClusterImpl-f8b2c6cb-9ce7-4af8-81ae-d81048953348/datanode-0/data/ratis/dfec251d-54fc-408a-b579-f512e466bf16/current/log_inprogress_0
2019-09-16 16:49:51,730 [grpc-default-executor-2] INFO  impl.RaftServerImpl (ServerState.java:setLeader(253)) - 9061b39a-2428-46aa-ac83-e6ff060f5840@group-512358092D21: change Leader from null to 7fc320a2-74a2-44cb-8d45-40912bba4ff2 at term 1 for appendEntries, leader elected after 1326ms
2019-09-16 16:49:51,769 [grpc-default-executor-0] INFO  impl.RaftServerImpl (ServerState.java:setRaftConf(354)) - 6d73d83e-4bf7-49f9-9c6b-f14bf24667e0@group-512358092D21: set configuration 0: [6d73d83e-4bf7-49f9-9c6b-f14bf24667e0:192.168.34.47:40303, 7fc320a2-74a2-44cb-8d45-40912bba4ff2:192.168.34.47:36256, 9061b39a-2428-46aa-ac83-e6ff060f5840:192.168.34.47:46365], old=null at 0
2019-09-16 16:49:51,769 [grpc-default-executor-1] INFO  impl.RaftServerImpl (ServerState.java:setRaftConf(354)) - 9061b39a-2428-46aa-ac83-e6ff060f5840@group-512358092D21: set configuration 0: [6d73d83e-4bf7-49f9-9c6b-f14bf24667e0:192.168.34.47:40303, 7fc320a2-74a2-44cb-8d45-40912bba4ff2:192.168.34.47:36256, 9061b39a-2428-46aa-ac83-e6ff060f5840:192.168.34.47:46365], old=null at 0
2019-09-16 16:49:51,769 [grpc-default-executor-2] INFO  impl.RaftServerImpl (ServerState.java:setRaftConf(354)) - 18b96c5b-e26d-45b3-8a36-72f0b02f08ab@group-F512E466BF16: set configuration 0: [18b96c5b-e26d-45b3-8a36-72f0b02f08ab:192.168.34.47:45604, 95da17b0-4e07-4af0-be4f-5c62bf2a50a7:192.168.34.47:46480, d43b0c61-8f3a-4c5a-ae51-ff6150aafa7d:192.168.34.47:43126], old=null at 0
2019-09-16 16:49:51,769 [grpc-default-executor-3] INFO  impl.RaftServerImpl (ServerState.java:setRaftConf(354)) - 95da17b0-4e07-4af0-be4f-5c62bf2a50a7@group-F512E466BF16: set configuration 0: [18b96c5b-e26d-45b3-8a36-72f0b02f08ab:192.168.34.47:45604, 95da17b0-4e07-4af0-be4f-5c62bf2a50a7:192.168.34.47:46480, d43b0c61-8f3a-4c5a-ae51-ff6150aafa7d:192.168.34.47:43126], old=null at 0
2019-09-16 16:49:51,770 [grpc-default-executor-2] INFO  segmented.SegmentedRaftLogWorker (SegmentedRaftLogWorker.java:startLogSegment(380)) - 18b96c5b-e26d-45b3-8a36-72f0b02f08ab@group-F512E466BF16-SegmentedRaftLogWorker: Starting segment from index:0
2019-09-16 16:49:51,770 [grpc-default-executor-1] INFO  segmented.SegmentedRaftLogWorker (SegmentedRaftLogWorker.java:startLogSegment(380)) - 9061b39a-2428-46aa-ac83-e6ff060f5840@group-512358092D21-SegmentedRaftLogWorker: Starting segment from index:0
2019-09-16 16:49:51,770 [grpc-default-executor-0] INFO  segmented.SegmentedRaftLogWorker (SegmentedRaftLogWorker.java:startLogSegment(380)) - 6d73d83e-4bf7-49f9-9c6b-f14bf24667e0@group-512358092D21-SegmentedRaftLogWorker: Starting segment from index:0
2019-09-16 16:49:51,770 [grpc-default-executor-3] INFO  segmented.SegmentedRaftLogWorker (SegmentedRaftLogWorker.java:startLogSegment(380)) - 95da17b0-4e07-4af0-be4f-5c62bf2a50a7@group-F512E466BF16-SegmentedRaftLogWorker: Starting segment from index:0
2019-09-16 16:49:51,816 [9061b39a-2428-46aa-ac83-e6ff060f5840@group-512358092D21-SegmentedRaftLogWorker] INFO  segmented.SegmentedRaftLogWorker (SegmentedRaftLogWorker.java:execute(569)) - 9061b39a-2428-46aa-ac83-e6ff060f5840@group-512358092D21-SegmentedRaftLogWorker: created new log segment /workdir/hadoop-ozone/integration-test/target/test-dir/MiniOzoneClusterImpl-f8b2c6cb-9ce7-4af8-81ae-d81048953348/datanode-8/data/ratis/545130b7-e41f-4170-95cf-512358092d21/current/log_inprogress_0
2019-09-16 16:49:51,816 [6d73d83e-4bf7-49f9-9c6b-f14bf24667e0@group-512358092D21-SegmentedRaftLogWorker] INFO  segmented.SegmentedRaftLogWorker (SegmentedRaftLogWorker.java:execute(569)) - 6d73d83e-4bf7-49f9-9c6b-f14bf24667e0@group-512358092D21-SegmentedRaftLogWorker: created new log segment /workdir/hadoop-ozone/integration-test/target/test-dir/MiniOzoneClusterImpl-f8b2c6cb-9ce7-4af8-81ae-d81048953348/datanode-5/data/ratis/545130b7-e41f-4170-95cf-512358092d21/current/log_inprogress_0
2019-09-16 16:49:51,816 [95da17b0-4e07-4af0-be4f-5c62bf2a50a7@group-F512E466BF16-SegmentedRaftLogWorker] INFO  segmented.SegmentedRaftLogWorker (SegmentedRaftLogWorker.java:execute(569)) - 95da17b0-4e07-4af0-be4f-5c62bf2a50a7@group-F512E466BF16-SegmentedRaftLogWorker: created new log segment /workdir/hadoop-ozone/integration-test/target/test-dir/MiniOzoneClusterImpl-f8b2c6cb-9ce7-4af8-81ae-d81048953348/datanode-9/data/ratis/dfec251d-54fc-408a-b579-f512e466bf16/current/log_inprogress_0
2019-09-16 16:49:51,816 [18b96c5b-e26d-45b3-8a36-72f0b02f08ab@group-F512E466BF16-SegmentedRaftLogWorker] INFO  segmented.SegmentedRaftLogWorker (SegmentedRaftLogWorker.java:execute(569)) - 18b96c5b-e26d-45b3-8a36-72f0b02f08ab@group-F512E466BF16-SegmentedRaftLogWorker: created new log segment /workdir/hadoop-ozone/integration-test/target/test-dir/MiniOzoneClusterImpl-f8b2c6cb-9ce7-4af8-81ae-d81048953348/datanode-1/data/ratis/dfec251d-54fc-408a-b579-f512e466bf16/current/log_inprogress_0
2019-09-16 16:49:52,416 [main] INFO  impl.MetricsSystemImpl (MetricsSystemImpl.java:init(158)) - XceiverClientMetrics metrics system started (again)
2019-09-16 16:49:52,431 [Thread-306] INFO  impl.FollowerState (FollowerState.java:run(106)) - 95da17b0-4e07-4af0-be4f-5c62bf2a50a7:group-6F241CE3CA9C changes to CANDIDATE, lastRpcTime:2569, electionTimeout:1141ms
2019-09-16 16:49:52,431 [Thread-306] INFO  impl.RoleInfo (RoleInfo.java:shutdownFollowerState(121)) - 95da17b0-4e07-4af0-be4f-5c62bf2a50a7: shutdown FollowerState
2019-09-16 16:49:52,431 [Thread-306] INFO  impl.RaftServerImpl (RaftServerImpl.java:setRole(174)) - 95da17b0-4e07-4af0-be4f-5c62bf2a50a7@group-6F241CE3CA9C: changes role from  FOLLOWER to CANDIDATE at term 0 for changeToCandidate
2019-09-16 16:49:52,431 [Thread-306] INFO  impl.RoleInfo (RoleInfo.java:updateAndGet(143)) - 95da17b0-4e07-4af0-be4f-5c62bf2a50a7: start LeaderElection
2019-09-16 16:49:52,451 [95da17b0-4e07-4af0-be4f-5c62bf2a50a7@group-6F241CE3CA9C:LeaderElection15] INFO  impl.LeaderElection (LeaderElection.java:askForVotes(182)) - 95da17b0-4e07-4af0-be4f-5c62bf2a50a7@group-6F241CE3CA9C:LeaderElection15: begin an election at term 1 for -1: [95da17b0-4e07-4af0-be4f-5c62bf2a50a7:192.168.34.47:46480], old=null
2019-09-16 16:49:52,451 [95da17b0-4e07-4af0-be4f-5c62bf2a50a7@group-6F241CE3CA9C:LeaderElection15] INFO  impl.RoleInfo (RoleInfo.java:shutdownLeaderElection(134)) - 95da17b0-4e07-4af0-be4f-5c62bf2a50a7: shutdown LeaderElection
2019-09-16 16:49:52,451 [95da17b0-4e07-4af0-be4f-5c62bf2a50a7@group-6F241CE3CA9C:LeaderElection15] INFO  impl.RaftServerImpl (RaftServerImpl.java:setRole(174)) - 95da17b0-4e07-4af0-be4f-5c62bf2a50a7@group-6F241CE3CA9C: changes role from CANDIDATE to LEADER at term 1 for changeToLeader
2019-09-16 16:49:52,451 [95da17b0-4e07-4af0-be4f-5c62bf2a50a7@group-6F241CE3CA9C:LeaderElection15] INFO  impl.RaftServerImpl (ServerState.java:setLeader(253)) - 95da17b0-4e07-4af0-be4f-5c62bf2a50a7@group-6F241CE3CA9C: change Leader from null to 95da17b0-4e07-4af0-be4f-5c62bf2a50a7 at term 1 for becomeLeader, leader elected after 2600ms
2019-09-16 16:49:52,451 [95da17b0-4e07-4af0-be4f-5c62bf2a50a7@group-6F241CE3CA9C:LeaderElection15] INFO  server.RaftServerConfigKeys (ConfUtils.java:logGet(43)) - raft.server.staging.catchup.gap = 1000 (default)
2019-09-16 16:49:52,451 [95da17b0-4e07-4af0-be4f-5c62bf2a50a7@group-6F241CE3CA9C:LeaderElection15] INFO  server.RaftServerConfigKeys (ConfUtils.java:logGet(43)) - raft.server.rpc.sleep.time = 25ms (default)
2019-09-16 16:49:52,452 [95da17b0-4e07-4af0-be4f-5c62bf2a50a7@group-6F241CE3CA9C:LeaderElection15] INFO  server.RaftServerConfigKeys (ConfUtils.java:logGet(43)) - raft.server.write.element-limit = 4096 (default)
2019-09-16 16:49:52,452 [95da17b0-4e07-4af0-be4f-5c62bf2a50a7@group-6F241CE3CA9C:LeaderElection15] INFO  server.RaftServerConfigKeys (ConfUtils.java:logGet(43)) - raft.server.watch.timeout = 10s (default)
2019-09-16 16:49:52,452 [95da17b0-4e07-4af0-be4f-5c62bf2a50a7@group-6F241CE3CA9C:LeaderElection15] INFO  server.RaftServerConfigKeys (ConfUtils.java:logGet(43)) - raft.server.watch.timeout.denomination = 1s (default)
2019-09-16 16:49:52,452 [95da17b0-4e07-4af0-be4f-5c62bf2a50a7@group-6F241CE3CA9C:LeaderElection15] INFO  server.RaftServerConfigKeys (ConfUtils.java:logGet(43)) - raft.server.watch.element-limit = 65536 (default)
2019-09-16 16:49:52,455 [95da17b0-4e07-4af0-be4f-5c62bf2a50a7@group-6F241CE3CA9C:LeaderElection15] INFO  impl.RoleInfo (RoleInfo.java:updateAndGet(143)) - 95da17b0-4e07-4af0-be4f-5c62bf2a50a7: start LeaderState
2019-09-16 16:49:52,455 [95da17b0-4e07-4af0-be4f-5c62bf2a50a7@group-6F241CE3CA9C:LeaderElection15] INFO  segmented.SegmentedRaftLogWorker (SegmentedRaftLogWorker.java:startLogSegment(380)) - 95da17b0-4e07-4af0-be4f-5c62bf2a50a7@group-6F241CE3CA9C-SegmentedRaftLogWorker: Starting segment from index:0
2019-09-16 16:49:52,456 [95da17b0-4e07-4af0-be4f-5c62bf2a50a7@group-6F241CE3CA9C:LeaderElection15] INFO  impl.RaftServerImpl (ServerState.java:setRaftConf(354)) - 95da17b0-4e07-4af0-be4f-5c62bf2a50a7@group-6F241CE3CA9C: set configuration 0: [95da17b0-4e07-4af0-be4f-5c62bf2a50a7:192.168.34.47:46480], old=null at 0
2019-09-16 16:49:52,511 [95da17b0-4e07-4af0-be4f-5c62bf2a50a7@group-6F241CE3CA9C-SegmentedRaftLogWorker] INFO  segmented.SegmentedRaftLogWorker (SegmentedRaftLogWorker.java:execute(569)) - 95da17b0-4e07-4af0-be4f-5c62bf2a50a7@group-6F241CE3CA9C-SegmentedRaftLogWorker: created new log segment /workdir/hadoop-ozone/integration-test/target/test-dir/MiniOzoneClusterImpl-f8b2c6cb-9ce7-4af8-81ae-d81048953348/datanode-9/data/ratis/cc647c44-e312-42c5-b3df-6f241ce3ca9c/current/log_inprogress_0
2019-09-16 16:49:52,612 [grpc-default-executor-1] INFO  client.GrpcClientProtocolClient (GrpcClientProtocolClient.java:onNext(264)) - client-66600ED44B99->790809fb-a9ad-47fd-bbe4-169138176431: receive RaftClientReply:client-66600ED44B99->790809fb-a9ad-47fd-bbe4-169138176431@group-3F8977C1BEA2, cid=19, FAILED org.apache.ratis.protocol.NotLeaderException: Server 790809fb-a9ad-47fd-bbe4-169138176431@group-3F8977C1BEA2 is not the leader, logIndex=0, commits[790809fb-a9ad-47fd-bbe4-169138176431:c-1]
2019-09-16 16:49:52,631 [Thread-381] INFO  impl.FollowerState (FollowerState.java:run(106)) - fa2692cc-7d13-407b-8ba8-1b16aaf9a086:group-3F8977C1BEA2 changes to CANDIDATE, lastRpcTime:1077, electionTimeout:1069ms
2019-09-16 16:49:52,632 [Thread-381] INFO  impl.RoleInfo (RoleInfo.java:shutdownFollowerState(121)) - fa2692cc-7d13-407b-8ba8-1b16aaf9a086: shutdown FollowerState
2019-09-16 16:49:52,632 [Thread-381] INFO  impl.RaftServerImpl (RaftServerImpl.java:setRole(174)) - fa2692cc-7d13-407b-8ba8-1b16aaf9a086@group-3F8977C1BEA2: changes role from  FOLLOWER to CANDIDATE at term 1 for changeToCandidate
2019-09-16 16:49:52,632 [Thread-381] INFO  impl.RoleInfo (RoleInfo.java:updateAndGet(143)) - fa2692cc-7d13-407b-8ba8-1b16aaf9a086: start LeaderElection
2019-09-16 16:49:52,658 [fa2692cc-7d13-407b-8ba8-1b16aaf9a086@group-3F8977C1BEA2:LeaderElection16] INFO  impl.LeaderElection (LeaderElection.java:askForVotes(182)) - fa2692cc-7d13-407b-8ba8-1b16aaf9a086@group-3F8977C1BEA2:LeaderElection16: begin an election at term 2 for -1: [790809fb-a9ad-47fd-bbe4-169138176431:192.168.34.47:36816, c9a1bac0-eae5-4c8c-abbf-c37d9bceede4:192.168.34.47:39870, fa2692cc-7d13-407b-8ba8-1b16aaf9a086:192.168.34.47:34866], old=null
2019-09-16 16:49:52,666 [Thread-377] INFO  impl.FollowerState (FollowerState.java:run(106)) - 790809fb-a9ad-47fd-bbe4-169138176431:group-3F8977C1BEA2 changes to CANDIDATE, lastRpcTime:1143, electionTimeout:1139ms
2019-09-16 16:49:52,666 [Thread-377] INFO  impl.RoleInfo (RoleInfo.java:shutdownFollowerState(121)) - 790809fb-a9ad-47fd-bbe4-169138176431: shutdown FollowerState
2019-09-16 16:49:52,666 [grpc-default-executor-0] INFO  impl.RaftServerImpl (RaftServerImpl.java:setRole(174)) - c9a1bac0-eae5-4c8c-abbf-c37d9bceede4@group-3F8977C1BEA2: changes role from  FOLLOWER to FOLLOWER at term 2 for recognizeCandidate:fa2692cc-7d13-407b-8ba8-1b16aaf9a086
2019-09-16 16:49:52,667 [Thread-377] INFO  impl.RaftServerImpl (RaftServerImpl.java:setRole(174)) - 790809fb-a9ad-47fd-bbe4-169138176431@group-3F8977C1BEA2: changes role from  FOLLOWER to CANDIDATE at term 1 for changeToCandidate
2019-09-16 16:49:52,667 [grpc-default-executor-0] INFO  impl.RoleInfo (RoleInfo.java:shutdownFollowerState(121)) - c9a1bac0-eae5-4c8c-abbf-c37d9bceede4: shutdown FollowerState
2019-09-16 16:49:52,667 [Thread-377] INFO  impl.RoleInfo (RoleInfo.java:updateAndGet(143)) - 790809fb-a9ad-47fd-bbe4-169138176431: start LeaderElection
2019-09-16 16:49:52,667 [grpc-default-executor-0] INFO  impl.RoleInfo (RoleInfo.java:updateAndGet(143)) - c9a1bac0-eae5-4c8c-abbf-c37d9bceede4: start FollowerState
2019-09-16 16:49:52,667 [Thread-378] INFO  impl.FollowerState (FollowerState.java:run(115)) - c9a1bac0-eae5-4c8c-abbf-c37d9bceede4: FollowerState was interrupted: java.lang.InterruptedException: sleep interrupted
2019-09-16 16:49:52,667 [grpc-default-executor-1] INFO  impl.RaftServerImpl (RaftServerImpl.java:setRole(174)) - 790809fb-a9ad-47fd-bbe4-169138176431@group-3F8977C1BEA2: changes role from CANDIDATE to FOLLOWER at term 2 for recognizeCandidate:fa2692cc-7d13-407b-8ba8-1b16aaf9a086
2019-09-16 16:49:52,668 [grpc-default-executor-1] INFO  impl.RoleInfo (RoleInfo.java:shutdownLeaderElection(134)) - 790809fb-a9ad-47fd-bbe4-169138176431: shutdown LeaderElection
2019-09-16 16:49:52,668 [grpc-default-executor-1] INFO  impl.RoleInfo (RoleInfo.java:updateAndGet(143)) - 790809fb-a9ad-47fd-bbe4-169138176431: start FollowerState
2019-09-16 16:49:52,683 [fa2692cc-7d13-407b-8ba8-1b16aaf9a086@group-3F8977C1BEA2:LeaderElection16] INFO  impl.LeaderElection (LeaderElection.java:logAndReturn(56)) - fa2692cc-7d13-407b-8ba8-1b16aaf9a086@group-3F8977C1BEA2:LeaderElection16: Election PASSED; received 1 response(s) [fa2692cc-7d13-407b-8ba8-1b16aaf9a086<-c9a1bac0-eae5-4c8c-abbf-c37d9bceede4#0:OK-t2] and 0 exception(s); fa2692cc-7d13-407b-8ba8-1b16aaf9a086@group-3F8977C1BEA2:t2, leader=null, voted=fa2692cc-7d13-407b-8ba8-1b16aaf9a086, raftlog=fa2692cc-7d13-407b-8ba8-1b16aaf9a086@group-3F8977C1BEA2-SegmentedRaftLog:OPENED:c-1,f-1,i0, conf=-1: [790809fb-a9ad-47fd-bbe4-169138176431:192.168.34.47:36816, c9a1bac0-eae5-4c8c-abbf-c37d9bceede4:192.168.34.47:39870, fa2692cc-7d13-407b-8ba8-1b16aaf9a086:192.168.34.47:34866], old=null
2019-09-16 16:49:52,683 [fa2692cc-7d13-407b-8ba8-1b16aaf9a086@group-3F8977C1BEA2:LeaderElection16] INFO  impl.RoleInfo (RoleInfo.java:shutdownLeaderElection(134)) - fa2692cc-7d13-407b-8ba8-1b16aaf9a086: shutdown LeaderElection
2019-09-16 16:49:52,686 [fa2692cc-7d13-407b-8ba8-1b16aaf9a086@group-3F8977C1BEA2:LeaderElection16] INFO  impl.RaftServerImpl (RaftServerImpl.java:setRole(174)) - fa2692cc-7d13-407b-8ba8-1b16aaf9a086@group-3F8977C1BEA2: changes role from CANDIDATE to LEADER at term 2 for changeToLeader
2019-09-16 16:49:52,686 [fa2692cc-7d13-407b-8ba8-1b16aaf9a086@group-3F8977C1BEA2:LeaderElection16] INFO  impl.RaftServerImpl (ServerState.java:setLeader(253)) - fa2692cc-7d13-407b-8ba8-1b16aaf9a086@group-3F8977C1BEA2: change Leader from null to fa2692cc-7d13-407b-8ba8-1b16aaf9a086 at term 2 for becomeLeader, leader elected after 2412ms
2019-09-16 16:49:52,686 [fa2692cc-7d13-407b-8ba8-1b16aaf9a086@group-3F8977C1BEA2:LeaderElection16] INFO  server.RaftServerConfigKeys (ConfUtils.java:logGet(43)) - raft.server.staging.catchup.gap = 1000 (default)
2019-09-16 16:49:52,687 [fa2692cc-7d13-407b-8ba8-1b16aaf9a086@group-3F8977C1BEA2:LeaderElection16] INFO  server.RaftServerConfigKeys (ConfUtils.java:logGet(43)) - raft.server.rpc.sleep.time = 25ms (default)
2019-09-16 16:49:52,687 [fa2692cc-7d13-407b-8ba8-1b16aaf9a086@group-3F8977C1BEA2:LeaderElection16] INFO  server.RaftServerConfigKeys (ConfUtils.java:logGet(43)) - raft.server.write.element-limit = 4096 (default)
2019-09-16 16:49:52,687 [fa2692cc-7d13-407b-8ba8-1b16aaf9a086@group-3F8977C1BEA2:LeaderElection16] INFO  server.RaftServerConfigKeys (ConfUtils.java:logGet(43)) - raft.server.watch.timeout = 10s (default)
2019-09-16 16:49:52,687 [fa2692cc-7d13-407b-8ba8-1b16aaf9a086@group-3F8977C1BEA2:LeaderElection16] INFO  server.RaftServerConfigKeys (ConfUtils.java:logGet(43)) - raft.server.watch.timeout.denomination = 1s (default)
2019-09-16 16:49:52,688 [fa2692cc-7d13-407b-8ba8-1b16aaf9a086@group-3F8977C1BEA2:LeaderElection16] INFO  server.RaftServerConfigKeys (ConfUtils.java:logGet(43)) - raft.server.watch.element-limit = 65536 (default)
2019-09-16 16:49:52,692 [fa2692cc-7d13-407b-8ba8-1b16aaf9a086@group-3F8977C1BEA2:LeaderElection16] INFO  server.RaftServerConfigKeys (ConfUtils.java:logGet(43)) - raft.server.log.appender.snapshot.chunk.size.max = 16MB (=16777216) (default)
2019-09-16 16:49:52,692 [fa2692cc-7d13-407b-8ba8-1b16aaf9a086@group-3F8977C1BEA2:LeaderElection16] INFO  server.RaftServerConfigKeys (ConfUtils.java:logGet(43)) - raft.server.log.appender.buffer.byte-limit = 33554432 (custom)
2019-09-16 16:49:52,692 [fa2692cc-7d13-407b-8ba8-1b16aaf9a086@group-3F8977C1BEA2:LeaderElection16] INFO  server.RaftServerConfigKeys (ConfUtils.java:logGet(43)) - raft.server.log.appender.buffer.element-limit = 1 (custom)
2019-09-16 16:49:52,692 [fa2692cc-7d13-407b-8ba8-1b16aaf9a086@group-3F8977C1BEA2:LeaderElection16] INFO  grpc.GrpcConfigKeys$Server (ConfUtils.java:logGet(43)) - raft.grpc.server.leader.outstanding.appends.max = 128 (default)
2019-09-16 16:49:52,693 [fa2692cc-7d13-407b-8ba8-1b16aaf9a086@group-3F8977C1BEA2:LeaderElection16] INFO  server.RaftServerConfigKeys (ConfUtils.java:logGet(43)) - raft.server.rpc.request.timeout = 3000ms (default)
2019-09-16 16:49:52,693 [fa2692cc-7d13-407b-8ba8-1b16aaf9a086@group-3F8977C1BEA2:LeaderElection16] INFO  server.RaftServerConfigKeys (ConfUtils.java:logGet(43)) - raft.server.log.appender.install.snapshot.enabled = false (custom)
2019-09-16 16:49:52,693 [fa2692cc-7d13-407b-8ba8-1b16aaf9a086@group-3F8977C1BEA2:LeaderElection16] INFO  server.RaftServerConfigKeys (ConfUtils.java:logGet(43)) - raft.server.log.appender.snapshot.chunk.size.max = 16MB (=16777216) (default)
2019-09-16 16:49:52,693 [fa2692cc-7d13-407b-8ba8-1b16aaf9a086@group-3F8977C1BEA2:LeaderElection16] INFO  server.RaftServerConfigKeys (ConfUtils.java:logGet(43)) - raft.server.log.appender.buffer.byte-limit = 33554432 (custom)
2019-09-16 16:49:52,693 [fa2692cc-7d13-407b-8ba8-1b16aaf9a086@group-3F8977C1BEA2:LeaderElection16] INFO  server.RaftServerConfigKeys (ConfUtils.java:logGet(43)) - raft.server.log.appender.buffer.element-limit = 1 (custom)
2019-09-16 16:49:52,694 [fa2692cc-7d13-407b-8ba8-1b16aaf9a086@group-3F8977C1BEA2:LeaderElection16] INFO  grpc.GrpcConfigKeys$Server (ConfUtils.java:logGet(43)) - raft.grpc.server.leader.outstanding.appends.max = 128 (default)
2019-09-16 16:49:52,694 [fa2692cc-7d13-407b-8ba8-1b16aaf9a086@group-3F8977C1BEA2:LeaderElection16] INFO  server.RaftServerConfigKeys (ConfUtils.java:logGet(43)) - raft.server.rpc.request.timeout = 3000ms (default)
2019-09-16 16:49:52,694 [fa2692cc-7d13-407b-8ba8-1b16aaf9a086@group-3F8977C1BEA2:LeaderElection16] INFO  server.RaftServerConfigKeys (ConfUtils.java:logGet(43)) - raft.server.log.appender.install.snapshot.enabled = false (custom)
2019-09-16 16:49:52,694 [fa2692cc-7d13-407b-8ba8-1b16aaf9a086@group-3F8977C1BEA2:LeaderElection16] INFO  impl.RoleInfo (RoleInfo.java:updateAndGet(143)) - fa2692cc-7d13-407b-8ba8-1b16aaf9a086: start LeaderState
2019-09-16 16:49:52,694 [790809fb-a9ad-47fd-bbe4-169138176431@group-3F8977C1BEA2:LeaderElection17] INFO  impl.LeaderElection (LeaderElection.java:askForVotes(182)) - 790809fb-a9ad-47fd-bbe4-169138176431@group-3F8977C1BEA2:LeaderElection17: begin an election at term 3 for -1: [790809fb-a9ad-47fd-bbe4-169138176431:192.168.34.47:36816, c9a1bac0-eae5-4c8c-abbf-c37d9bceede4:192.168.34.47:39870, fa2692cc-7d13-407b-8ba8-1b16aaf9a086:192.168.34.47:34866], old=null
2019-09-16 16:49:52,697 [fa2692cc-7d13-407b-8ba8-1b16aaf9a086@group-3F8977C1BEA2:LeaderElection16] INFO  segmented.SegmentedRaftLogWorker (SegmentedRaftLogWorker.java:startLogSegment(380)) - fa2692cc-7d13-407b-8ba8-1b16aaf9a086@group-3F8977C1BEA2-SegmentedRaftLogWorker: Starting segment from index:0
2019-09-16 16:49:52,698 [790809fb-a9ad-47fd-bbe4-169138176431@group-3F8977C1BEA2:LeaderElection17] INFO  impl.LeaderElection (LeaderElection.java:logAndReturn(56)) - 790809fb-a9ad-47fd-bbe4-169138176431@group-3F8977C1BEA2:LeaderElection17: Election REJECTED; received 0 response(s) [] and 0 exception(s); 790809fb-a9ad-47fd-bbe4-169138176431@group-3F8977C1BEA2:t3, leader=null, voted=790809fb-a9ad-47fd-bbe4-169138176431, raftlog=790809fb-a9ad-47fd-bbe4-169138176431@group-3F8977C1BEA2-SegmentedRaftLog:OPENED:c-1,f-1,i0, conf=-1: [790809fb-a9ad-47fd-bbe4-169138176431:192.168.34.47:36816, c9a1bac0-eae5-4c8c-abbf-c37d9bceede4:192.168.34.47:39870, fa2692cc-7d13-407b-8ba8-1b16aaf9a086:192.168.34.47:34866], old=null
2019-09-16 16:49:52,737 [fa2692cc-7d13-407b-8ba8-1b16aaf9a086@group-3F8977C1BEA2:LeaderElection16] INFO  impl.RaftServerImpl (ServerState.java:setRaftConf(354)) - fa2692cc-7d13-407b-8ba8-1b16aaf9a086@group-3F8977C1BEA2: set configuration 0: [790809fb-a9ad-47fd-bbe4-169138176431:192.168.34.47:36816, c9a1bac0-eae5-4c8c-abbf-c37d9bceede4:192.168.34.47:39870, fa2692cc-7d13-407b-8ba8-1b16aaf9a086:192.168.34.47:34866], old=null at 0
2019-09-16 16:49:52,751 [fa2692cc-7d13-407b-8ba8-1b16aaf9a086@group-3F8977C1BEA2-SegmentedRaftLogWorker] INFO  segmented.SegmentedRaftLogWorker (SegmentedRaftLogWorker.java:execute(569)) - fa2692cc-7d13-407b-8ba8-1b16aaf9a086@group-3F8977C1BEA2-SegmentedRaftLogWorker: created new log segment /workdir/hadoop-ozone/integration-test/target/test-dir/MiniOzoneClusterImpl-f8b2c6cb-9ce7-4af8-81ae-d81048953348/datanode-2/data/ratis/016f2422-3b8d-41ec-9ff2-3f8977c1bea2/current/log_inprogress_0
2019-09-16 16:49:52,754 [grpc-default-executor-1] INFO  impl.RaftServerImpl (ServerState.java:setLeader(253)) - fa2692cc-7d13-407b-8ba8-1b16aaf9a086@group-3F8977C1BEA2: change Leader from fa2692cc-7d13-407b-8ba8-1b16aaf9a086 to null at term 3 for updateCurrentTerm
2019-09-16 16:49:52,754 [grpc-default-executor-1] INFO  impl.RaftServerImpl (RaftServerImpl.java:setRole(174)) - fa2692cc-7d13-407b-8ba8-1b16aaf9a086@group-3F8977C1BEA2: changes role from    LEADER to FOLLOWER at term 3 for recognizeCandidate:790809fb-a9ad-47fd-bbe4-169138176431
2019-09-16 16:49:52,754 [grpc-default-executor-1] INFO  impl.RoleInfo (RoleInfo.java:shutdownLeaderState(104)) - fa2692cc-7d13-407b-8ba8-1b16aaf9a086: shutdown LeaderState
2019-09-16 16:49:52,754 [grpc-default-executor-0] INFO  impl.RaftServerImpl (RaftServerImpl.java:setRole(174)) - c9a1bac0-eae5-4c8c-abbf-c37d9bceede4@group-3F8977C1BEA2: changes role from  FOLLOWER to FOLLOWER at term 3 for recognizeCandidate:790809fb-a9ad-47fd-bbe4-169138176431
2019-09-16 16:49:52,755 [grpc-default-executor-0] INFO  impl.RoleInfo (RoleInfo.java:shutdownFollowerState(121)) - c9a1bac0-eae5-4c8c-abbf-c37d9bceede4: shutdown FollowerState
2019-09-16 16:49:52,755 [grpc-default-executor-0] INFO  impl.RoleInfo (RoleInfo.java:updateAndGet(143)) - c9a1bac0-eae5-4c8c-abbf-c37d9bceede4: start FollowerState
2019-09-16 16:49:52,755 [Thread-416] INFO  impl.FollowerState (FollowerState.java:run(115)) - c9a1bac0-eae5-4c8c-abbf-c37d9bceede4: FollowerState was interrupted: java.lang.InterruptedException: sleep interrupted
2019-09-16 16:49:52,760 [org.apache.ratis.server.impl.LogAppender$AppenderDaemon$$Lambda$445/891093267@35587032] WARN  server.GrpcLogAppender (GrpcLogAppender.java:mayWait(143)) - fa2692cc-7d13-407b-8ba8-1b16aaf9a086@group-3F8977C1BEA2->c9a1bac0-eae5-4c8c-abbf-c37d9bceede4-GrpcLogAppender: Wait interrupted by java.lang.InterruptedException
2019-09-16 16:49:52,760 [grpc-default-executor-1] INFO  impl.PendingRequests (PendingRequests.java:sendNotLeaderResponses(202)) - fa2692cc-7d13-407b-8ba8-1b16aaf9a086-PendingRequests: sendNotLeaderResponses
2019-09-16 16:49:52,762 [org.apache.ratis.server.impl.LogAppender$AppenderDaemon$$Lambda$445/891093267@2505bf4e] WARN  server.GrpcLogAppender (GrpcLogAppender.java:mayWait(143)) - fa2692cc-7d13-407b-8ba8-1b16aaf9a086@group-3F8977C1BEA2->790809fb-a9ad-47fd-bbe4-169138176431-GrpcLogAppender: Wait interrupted by java.lang.InterruptedException
2019-09-16 16:49:52,771 [grpc-default-executor-1] INFO  impl.RoleInfo (RoleInfo.java:updateAndGet(143)) - fa2692cc-7d13-407b-8ba8-1b16aaf9a086: start FollowerState
2019-09-16 16:49:52,772 [grpc-default-executor-4] INFO  server.GrpcServerProtocolService (GrpcServerProtocolService.java:onCompleted(113)) - 790809fb-a9ad-47fd-bbe4-169138176431: Completed APPEND_ENTRIES, lastRequest: fa2692cc-7d13-407b-8ba8-1b16aaf9a086->790809fb-a9ad-47fd-bbe4-169138176431#0-t2, previous=(t:0, i:0), leaderCommit=-1, initializing? false, entries: <empty>
2019-09-16 16:49:52,778 [grpc-default-executor-2] INFO  server.GrpcLogAppender (GrpcLogAppender.java:onCompleted(293)) - fa2692cc-7d13-407b-8ba8-1b16aaf9a086@group-3F8977C1BEA2->790809fb-a9ad-47fd-bbe4-169138176431-AppendLogResponseHandler: follower responses appendEntries COMPLETED
2019-09-16 16:49:52,779 [grpc-default-executor-3] INFO  server.GrpcServerProtocolService (GrpcServerProtocolService.java:onCompleted(113)) - c9a1bac0-eae5-4c8c-abbf-c37d9bceede4: Completed APPEND_ENTRIES, lastRequest: fa2692cc-7d13-407b-8ba8-1b16aaf9a086->c9a1bac0-eae5-4c8c-abbf-c37d9bceede4#0-t2, previous=(t:0, i:0), leaderCommit=-1, initializing? false, entries: <empty>
2019-09-16 16:49:52,787 [grpc-default-executor-2] INFO  impl.FollowerInfo (FollowerInfo.java:lambda$new$0(51)) - fa2692cc-7d13-407b-8ba8-1b16aaf9a086@group-3F8977C1BEA2->790809fb-a9ad-47fd-bbe4-169138176431: nextIndex: updateUnconditionally 0 -> 0
2019-09-16 16:49:52,791 [grpc-default-executor-0] INFO  server.GrpcLogAppender (GrpcLogAppender.java:onCompleted(293)) - fa2692cc-7d13-407b-8ba8-1b16aaf9a086@group-3F8977C1BEA2->c9a1bac0-eae5-4c8c-abbf-c37d9bceede4-AppendLogResponseHandler: follower responses appendEntries COMPLETED
2019-09-16 16:49:52,794 [grpc-default-executor-0] INFO  impl.FollowerInfo (FollowerInfo.java:lambda$new$0(51)) - fa2692cc-7d13-407b-8ba8-1b16aaf9a086@group-3F8977C1BEA2->c9a1bac0-eae5-4c8c-abbf-c37d9bceede4: nextIndex: updateUnconditionally 0 -> 0
2019-09-16 16:49:53,664 [grpc-default-executor-0] INFO  client.GrpcClientProtocolClient (GrpcClientProtocolClient.java:onNext(264)) - client-66600ED44B99->c9a1bac0-eae5-4c8c-abbf-c37d9bceede4: receive RaftClientReply:client-66600ED44B99->c9a1bac0-eae5-4c8c-abbf-c37d9bceede4@group-3F8977C1BEA2, cid=19, FAILED org.apache.ratis.protocol.NotLeaderException: Server c9a1bac0-eae5-4c8c-abbf-c37d9bceede4@group-3F8977C1BEA2 is not the leader, logIndex=0, commits[c9a1bac0-eae5-4c8c-abbf-c37d9bceede4:c-1]
2019-09-16 16:49:53,799 [Thread-425] INFO  impl.FollowerState (FollowerState.java:run(106)) - c9a1bac0-eae5-4c8c-abbf-c37d9bceede4:group-3F8977C1BEA2 changes to CANDIDATE, lastRpcTime:1044, electionTimeout:1034ms
2019-09-16 16:49:53,799 [Thread-425] INFO  impl.RoleInfo (RoleInfo.java:shutdownFollowerState(121)) - c9a1bac0-eae5-4c8c-abbf-c37d9bceede4: shutdown FollowerState
2019-09-16 16:49:53,799 [Thread-425] INFO  impl.RaftServerImpl (RaftServerImpl.java:setRole(174)) - c9a1bac0-eae5-4c8c-abbf-c37d9bceede4@group-3F8977C1BEA2: changes role from  FOLLOWER to CANDIDATE at term 3 for changeToCandidate
2019-09-16 16:49:53,800 [Thread-425] INFO  impl.RoleInfo (RoleInfo.java:updateAndGet(143)) - c9a1bac0-eae5-4c8c-abbf-c37d9bceede4: start LeaderElection
2019-09-16 16:49:53,817 [c9a1bac0-eae5-4c8c-abbf-c37d9bceede4@group-3F8977C1BEA2:LeaderElection18] INFO  impl.LeaderElection (LeaderElection.java:askForVotes(182)) - c9a1bac0-eae5-4c8c-abbf-c37d9bceede4@group-3F8977C1BEA2:LeaderElection18: begin an election at term 4 for -1: [790809fb-a9ad-47fd-bbe4-169138176431:192.168.34.47:36816, c9a1bac0-eae5-4c8c-abbf-c37d9bceede4:192.168.34.47:39870, fa2692cc-7d13-407b-8ba8-1b16aaf9a086:192.168.34.47:34866], old=null
2019-09-16 16:49:53,826 [grpc-default-executor-0] INFO  impl.RaftServerImpl (RaftServerImpl.java:setRole(174)) - 790809fb-a9ad-47fd-bbe4-169138176431@group-3F8977C1BEA2: changes role from  FOLLOWER to FOLLOWER at term 4 for recognizeCandidate:c9a1bac0-eae5-4c8c-abbf-c37d9bceede4
2019-09-16 16:49:53,826 [grpc-default-executor-1] INFO  impl.RaftServerImpl (RaftServerImpl.java:setRole(174)) - fa2692cc-7d13-407b-8ba8-1b16aaf9a086@group-3F8977C1BEA2: changes role from  FOLLOWER to FOLLOWER at term 4 for recognizeCandidate:c9a1bac0-eae5-4c8c-abbf-c37d9bceede4
2019-09-16 16:49:53,826 [grpc-default-executor-0] INFO  impl.RoleInfo (RoleInfo.java:shutdownFollowerState(121)) - 790809fb-a9ad-47fd-bbe4-169138176431: shutdown FollowerState
2019-09-16 16:49:53,826 [grpc-default-executor-1] INFO  impl.RoleInfo (RoleInfo.java:shutdownFollowerState(121)) - fa2692cc-7d13-407b-8ba8-1b16aaf9a086: shutdown FollowerState
2019-09-16 16:49:53,827 [Thread-417] INFO  impl.FollowerState (FollowerState.java:run(115)) - 790809fb-a9ad-47fd-bbe4-169138176431: FollowerState was interrupted: java.lang.InterruptedException: sleep interrupted
2019-09-16 16:49:53,827 [grpc-default-executor-0] INFO  impl.RoleInfo (RoleInfo.java:updateAndGet(143)) - 790809fb-a9ad-47fd-bbe4-169138176431: start FollowerState
2019-09-16 16:49:53,827 [Thread-426] INFO  impl.FollowerState (FollowerState.java:run(115)) - fa2692cc-7d13-407b-8ba8-1b16aaf9a086: FollowerState was interrupted: java.lang.InterruptedException: sleep interrupted
2019-09-16 16:49:53,827 [grpc-default-executor-1] INFO  impl.RoleInfo (RoleInfo.java:updateAndGet(143)) - fa2692cc-7d13-407b-8ba8-1b16aaf9a086: start FollowerState
2019-09-16 16:49:53,849 [c9a1bac0-eae5-4c8c-abbf-c37d9bceede4@group-3F8977C1BEA2:LeaderElection18] INFO  impl.LeaderElection (LeaderElection.java:logAndReturn(56)) - c9a1bac0-eae5-4c8c-abbf-c37d9bceede4@group-3F8977C1BEA2:LeaderElection18: Election PASSED; received 1 response(s) [c9a1bac0-eae5-4c8c-abbf-c37d9bceede4<-790809fb-a9ad-47fd-bbe4-169138176431#0:OK-t4] and 0 exception(s); c9a1bac0-eae5-4c8c-abbf-c37d9bceede4@group-3F8977C1BEA2:t4, leader=null, voted=c9a1bac0-eae5-4c8c-abbf-c37d9bceede4, raftlog=c9a1bac0-eae5-4c8c-abbf-c37d9bceede4@group-3F8977C1BEA2-SegmentedRaftLog:OPENED:c-1,f-1,i0, conf=-1: [790809fb-a9ad-47fd-bbe4-169138176431:192.168.34.47:36816, c9a1bac0-eae5-4c8c-abbf-c37d9bceede4:192.168.34.47:39870, fa2692cc-7d13-407b-8ba8-1b16aaf9a086:192.168.34.47:34866], old=null
2019-09-16 16:49:53,849 [c9a1bac0-eae5-4c8c-abbf-c37d9bceede4@group-3F8977C1BEA2:LeaderElection18] INFO  impl.RoleInfo (RoleInfo.java:shutdownLeaderElection(134)) - c9a1bac0-eae5-4c8c-abbf-c37d9bceede4: shutdown LeaderElection
2019-09-16 16:49:53,850 [c9a1bac0-eae5-4c8c-abbf-c37d9bceede4@group-3F8977C1BEA2:LeaderElection18] INFO  impl.RaftServerImpl (RaftServerImpl.java:setRole(174)) - c9a1bac0-eae5-4c8c-abbf-c37d9bceede4@group-3F8977C1BEA2: changes role from CANDIDATE to LEADER at term 4 for changeToLeader
2019-09-16 16:49:53,852 [c9a1bac0-eae5-4c8c-abbf-c37d9bceede4@group-3F8977C1BEA2:LeaderElection18] INFO  impl.RaftServerImpl (ServerState.java:setLeader(253)) - c9a1bac0-eae5-4c8c-abbf-c37d9bceede4@group-3F8977C1BEA2: change Leader from null to c9a1bac0-eae5-4c8c-abbf-c37d9bceede4 at term 4 for becomeLeader, leader elected after 3578ms
2019-09-16 16:49:53,852 [c9a1bac0-eae5-4c8c-abbf-c37d9bceede4@group-3F8977C1BEA2:LeaderElection18] INFO  server.RaftServerConfigKeys (ConfUtils.java:logGet(43)) - raft.server.staging.catchup.gap = 1000 (default)
2019-09-16 16:49:53,852 [c9a1bac0-eae5-4c8c-abbf-c37d9bceede4@group-3F8977C1BEA2:LeaderElection18] INFO  server.RaftServerConfigKeys (ConfUtils.java:logGet(43)) - raft.server.rpc.sleep.time = 25ms (default)
2019-09-16 16:49:53,852 [c9a1bac0-eae5-4c8c-abbf-c37d9bceede4@group-3F8977C1BEA2:LeaderElection18] INFO  server.RaftServerConfigKeys (ConfUtils.java:logGet(43)) - raft.server.write.element-limit = 4096 (default)
2019-09-16 16:49:53,852 [c9a1bac0-eae5-4c8c-abbf-c37d9bceede4@group-3F8977C1BEA2:LeaderElection18] INFO  server.RaftServerConfigKeys (ConfUtils.java:logGet(43)) - raft.server.watch.timeout = 10s (default)
2019-09-16 16:49:53,852 [c9a1bac0-eae5-4c8c-abbf-c37d9bceede4@group-3F8977C1BEA2:LeaderElection18] INFO  server.RaftServerConfigKeys (ConfUtils.java:logGet(43)) - raft.server.watch.timeout.denomination = 1s (default)
2019-09-16 16:49:53,852 [c9a1bac0-eae5-4c8c-abbf-c37d9bceede4@group-3F8977C1BEA2:LeaderElection18] INFO  server.RaftServerConfigKeys (ConfUtils.java:logGet(43)) - raft.server.watch.element-limit = 65536 (default)
2019-09-16 16:49:53,854 [c9a1bac0-eae5-4c8c-abbf-c37d9bceede4@group-3F8977C1BEA2:LeaderElection18] INFO  server.RaftServerConfigKeys (ConfUtils.java:logGet(43)) - raft.server.log.appender.snapshot.chunk.size.max = 16MB (=16777216) (default)
2019-09-16 16:49:53,855 [c9a1bac0-eae5-4c8c-abbf-c37d9bceede4@group-3F8977C1BEA2:LeaderElection18] INFO  server.RaftServerConfigKeys (ConfUtils.java:logGet(43)) - raft.server.log.appender.buffer.byte-limit = 33554432 (custom)
2019-09-16 16:49:53,855 [c9a1bac0-eae5-4c8c-abbf-c37d9bceede4@group-3F8977C1BEA2:LeaderElection18] INFO  server.RaftServerConfigKeys (ConfUtils.java:logGet(43)) - raft.server.log.appender.buffer.element-limit = 1 (custom)
2019-09-16 16:49:53,855 [c9a1bac0-eae5-4c8c-abbf-c37d9bceede4@group-3F8977C1BEA2:LeaderElection18] INFO  grpc.GrpcConfigKeys$Server (ConfUtils.java:logGet(43)) - raft.grpc.server.leader.outstanding.appends.max = 128 (default)
2019-09-16 16:49:53,855 [c9a1bac0-eae5-4c8c-abbf-c37d9bceede4@group-3F8977C1BEA2:LeaderElection18] INFO  server.RaftServerConfigKeys (ConfUtils.java:logGet(43)) - raft.server.rpc.request.timeout = 3000ms (default)
2019-09-16 16:49:53,855 [c9a1bac0-eae5-4c8c-abbf-c37d9bceede4@group-3F8977C1BEA2:LeaderElection18] INFO  server.RaftServerConfigKeys (ConfUtils.java:logGet(43)) - raft.server.log.appender.install.snapshot.enabled = false (custom)
2019-09-16 16:49:53,855 [c9a1bac0-eae5-4c8c-abbf-c37d9bceede4@group-3F8977C1BEA2:LeaderElection18] INFO  server.RaftServerConfigKeys (ConfUtils.java:logGet(43)) - raft.server.log.appender.snapshot.chunk.size.max = 16MB (=16777216) (default)
2019-09-16 16:49:53,856 [c9a1bac0-eae5-4c8c-abbf-c37d9bceede4@group-3F8977C1BEA2:LeaderElection18] INFO  server.RaftServerConfigKeys (ConfUtils.java:logGet(43)) - raft.server.log.appender.buffer.byte-limit = 33554432 (custom)
2019-09-16 16:49:53,856 [c9a1bac0-eae5-4c8c-abbf-c37d9bceede4@group-3F8977C1BEA2:LeaderElection18] INFO  server.RaftServerConfigKeys (ConfUtils.java:logGet(43)) - raft.server.log.appender.buffer.element-limit = 1 (custom)
2019-09-16 16:49:53,856 [c9a1bac0-eae5-4c8c-abbf-c37d9bceede4@group-3F8977C1BEA2:LeaderElection18] INFO  grpc.GrpcConfigKeys$Server (ConfUtils.java:logGet(43)) - raft.grpc.server.leader.outstanding.appends.max = 128 (default)
2019-09-16 16:49:53,856 [c9a1bac0-eae5-4c8c-abbf-c37d9bceede4@group-3F8977C1BEA2:LeaderElection18] INFO  server.RaftServerConfigKeys (ConfUtils.java:logGet(43)) - raft.server.rpc.request.timeout = 3000ms (default)
2019-09-16 16:49:53,856 [c9a1bac0-eae5-4c8c-abbf-c37d9bceede4@group-3F8977C1BEA2:LeaderElection18] INFO  server.RaftServerConfigKeys (ConfUtils.java:logGet(43)) - raft.server.log.appender.install.snapshot.enabled = false (custom)
2019-09-16 16:49:53,856 [c9a1bac0-eae5-4c8c-abbf-c37d9bceede4@group-3F8977C1BEA2:LeaderElection18] INFO  impl.RoleInfo (RoleInfo.java:updateAndGet(143)) - c9a1bac0-eae5-4c8c-abbf-c37d9bceede4: start LeaderState
2019-09-16 16:49:53,857 [c9a1bac0-eae5-4c8c-abbf-c37d9bceede4@group-3F8977C1BEA2:LeaderElection18] INFO  segmented.SegmentedRaftLogWorker (SegmentedRaftLogWorker.java:startLogSegment(380)) - c9a1bac0-eae5-4c8c-abbf-c37d9bceede4@group-3F8977C1BEA2-SegmentedRaftLogWorker: Starting segment from index:0
2019-09-16 16:49:53,857 [c9a1bac0-eae5-4c8c-abbf-c37d9bceede4@group-3F8977C1BEA2:LeaderElection18] INFO  impl.RaftServerImpl (ServerState.java:setRaftConf(354)) - c9a1bac0-eae5-4c8c-abbf-c37d9bceede4@group-3F8977C1BEA2: set configuration 0: [790809fb-a9ad-47fd-bbe4-169138176431:192.168.34.47:36816, c9a1bac0-eae5-4c8c-abbf-c37d9bceede4:192.168.34.47:39870, fa2692cc-7d13-407b-8ba8-1b16aaf9a086:192.168.34.47:34866], old=null at 0
2019-09-16 16:49:53,899 [grpc-default-executor-4] INFO  impl.RaftServerImpl (ServerState.java:setLeader(253)) - 790809fb-a9ad-47fd-bbe4-169138176431@group-3F8977C1BEA2: change Leader from null to c9a1bac0-eae5-4c8c-abbf-c37d9bceede4 at term 4 for appendEntries, leader elected after 3626ms
2019-09-16 16:49:53,906 [grpc-default-executor-5] INFO  impl.RaftServerImpl (ServerState.java:setLeader(253)) - fa2692cc-7d13-407b-8ba8-1b16aaf9a086@group-3F8977C1BEA2: change Leader from null to c9a1bac0-eae5-4c8c-abbf-c37d9bceede4 at term 4 for appendEntries, leader elected after 1152ms
2019-09-16 16:49:53,910 [c9a1bac0-eae5-4c8c-abbf-c37d9bceede4@group-3F8977C1BEA2-SegmentedRaftLogWorker] INFO  segmented.SegmentedRaftLogWorker (SegmentedRaftLogWorker.java:execute(569)) - c9a1bac0-eae5-4c8c-abbf-c37d9bceede4@group-3F8977C1BEA2-SegmentedRaftLogWorker: created new log segment /workdir/hadoop-ozone/integration-test/target/test-dir/MiniOzoneClusterImpl-f8b2c6cb-9ce7-4af8-81ae-d81048953348/datanode-7/data/ratis/016f2422-3b8d-41ec-9ff2-3f8977c1bea2/current/log_inprogress_0
2019-09-16 16:49:53,911 [grpc-default-executor-5] INFO  impl.RaftServerImpl (ServerState.java:setRaftConf(354)) - 790809fb-a9ad-47fd-bbe4-169138176431@group-3F8977C1BEA2: set configuration 0: [790809fb-a9ad-47fd-bbe4-169138176431:192.168.34.47:36816, c9a1bac0-eae5-4c8c-abbf-c37d9bceede4:192.168.34.47:39870, fa2692cc-7d13-407b-8ba8-1b16aaf9a086:192.168.34.47:34866], old=null at 0
2019-09-16 16:49:53,912 [grpc-default-executor-5] INFO  segmented.SegmentedRaftLogWorker (SegmentedRaftLogWorker.java:startLogSegment(380)) - 790809fb-a9ad-47fd-bbe4-169138176431@group-3F8977C1BEA2-SegmentedRaftLogWorker: Starting segment from index:0
2019-09-16 16:49:53,912 [grpc-default-executor-0] INFO  impl.RaftServerImpl (ServerState.java:setRaftConf(354)) - fa2692cc-7d13-407b-8ba8-1b16aaf9a086@group-3F8977C1BEA2: set configuration 0: [790809fb-a9ad-47fd-bbe4-169138176431:192.168.34.47:36816, c9a1bac0-eae5-4c8c-abbf-c37d9bceede4:192.168.34.47:39870, fa2692cc-7d13-407b-8ba8-1b16aaf9a086:192.168.34.47:34866], old=null at 0
2019-09-16 16:49:53,918 [grpc-default-executor-0] INFO  segmented.SegmentedRaftLogWorker (SegmentedRaftLogWorker.java:truncate(396)) - fa2692cc-7d13-407b-8ba8-1b16aaf9a086@group-3F8977C1BEA2-SegmentedRaftLogWorker: Truncating segments toTruncate: null
  toDelete: [(0, 0) isOpen? true, length=0, newEndIndex=-1], start index 0
2019-09-16 16:49:53,920 [grpc-default-executor-0] INFO  segmented.SegmentedRaftLogWorker (SegmentedRaftLogWorker.java:startLogSegment(380)) - fa2692cc-7d13-407b-8ba8-1b16aaf9a086@group-3F8977C1BEA2-SegmentedRaftLogWorker: Starting segment from index:0
2019-09-16 16:49:53,921 [fa2692cc-7d13-407b-8ba8-1b16aaf9a086@group-3F8977C1BEA2-SegmentedRaftLogWorker] INFO  segmented.SegmentedRaftLogWorker (SegmentedRaftLogWorker.java:execute(633)) - fa2692cc-7d13-407b-8ba8-1b16aaf9a086@group-3F8977C1BEA2-SegmentedRaftLogWorker: Deleted log file /workdir/hadoop-ozone/integration-test/target/test-dir/MiniOzoneClusterImpl-f8b2c6cb-9ce7-4af8-81ae-d81048953348/datanode-2/data/ratis/016f2422-3b8d-41ec-9ff2-3f8977c1bea2/current/log_inprogress_0
2019-09-16 16:49:53,921 [fa2692cc-7d13-407b-8ba8-1b16aaf9a086@group-3F8977C1BEA2-SegmentedRaftLogWorker] INFO  segmented.SegmentedRaftLogWorker (SegmentedRaftLogWorker.java:lambda$new$0(132)) - fa2692cc-7d13-407b-8ba8-1b16aaf9a086@group-3F8977C1BEA2-SegmentedRaftLogWorker: flushIndex: setUnconditionally 0 -> -1
2019-09-16 16:49:53,974 [790809fb-a9ad-47fd-bbe4-169138176431@group-3F8977C1BEA2-SegmentedRaftLogWorker] INFO  segmented.SegmentedRaftLogWorker (SegmentedRaftLogWorker.java:execute(569)) - 790809fb-a9ad-47fd-bbe4-169138176431@group-3F8977C1BEA2-SegmentedRaftLogWorker: created new log segment /workdir/hadoop-ozone/integration-test/target/test-dir/MiniOzoneClusterImpl-f8b2c6cb-9ce7-4af8-81ae-d81048953348/datanode-4/data/ratis/016f2422-3b8d-41ec-9ff2-3f8977c1bea2/current/log_inprogress_0
2019-09-16 16:49:53,974 [fa2692cc-7d13-407b-8ba8-1b16aaf9a086@group-3F8977C1BEA2-SegmentedRaftLogWorker] INFO  segmented.SegmentedRaftLogWorker (SegmentedRaftLogWorker.java:execute(569)) - fa2692cc-7d13-407b-8ba8-1b16aaf9a086@group-3F8977C1BEA2-SegmentedRaftLogWorker: created new log segment /workdir/hadoop-ozone/integration-test/target/test-dir/MiniOzoneClusterImpl-f8b2c6cb-9ce7-4af8-81ae-d81048953348/datanode-2/data/ratis/016f2422-3b8d-41ec-9ff2-3f8977c1bea2/current/log_inprogress_0
2019-09-16 16:49:54,720 [grpc-default-executor-3] INFO  client.GrpcClientProtocolClient (GrpcClientProtocolClient.java:onNext(264)) - client-66600ED44B99->fa2692cc-7d13-407b-8ba8-1b16aaf9a086: receive RaftClientReply:client-66600ED44B99->fa2692cc-7d13-407b-8ba8-1b16aaf9a086@group-3F8977C1BEA2, cid=19, FAILED org.apache.ratis.protocol.NotLeaderException: Server fa2692cc-7d13-407b-8ba8-1b16aaf9a086@group-3F8977C1BEA2 is not the leader c9a1bac0-eae5-4c8c-abbf-c37d9bceede4:192.168.34.47:39870, logIndex=0, commits[fa2692cc-7d13-407b-8ba8-1b16aaf9a086:c0, 790809fb-a9ad-47fd-bbe4-169138176431:c-1, c9a1bac0-eae5-4c8c-abbf-c37d9bceede4:c0]
2019-09-16 16:49:55,045 [grpc-default-executor-0] INFO  client.GrpcClientProtocolClient (GrpcClientProtocolClient.java:onNext(264)) - client-66600ED44B99->c9a1bac0-eae5-4c8c-abbf-c37d9bceede4: receive RaftClientReply:client-66600ED44B99->c9a1bac0-eae5-4c8c-abbf-c37d9bceede4@group-3F8977C1BEA2, cid=19, SUCCESS, logIndex=1, commits[c9a1bac0-eae5-4c8c-abbf-c37d9bceede4:c2, 790809fb-a9ad-47fd-bbe4-169138176431:c1, fa2692cc-7d13-407b-8ba8-1b16aaf9a086:c1]
2019-09-16 16:49:55,147 [grpc-default-executor-3] INFO  client.GrpcClientProtocolClient (GrpcClientProtocolClient.java:onNext(264)) - client-66600ED44B99->c9a1bac0-eae5-4c8c-abbf-c37d9bceede4: receive RaftClientReply:client-66600ED44B99->c9a1bac0-eae5-4c8c-abbf-c37d9bceede4@group-3F8977C1BEA2, cid=20, SUCCESS, logIndex=3, commits[c9a1bac0-eae5-4c8c-abbf-c37d9bceede4:c7, 790809fb-a9ad-47fd-bbe4-169138176431:c6, fa2692cc-7d13-407b-8ba8-1b16aaf9a086:c6]
2019-09-16 16:49:55,152 [grpc-default-executor-3] INFO  client.GrpcClientProtocolClient (GrpcClientProtocolClient.java:onNext(264)) - client-66600ED44B99->c9a1bac0-eae5-4c8c-abbf-c37d9bceede4: receive RaftClientReply:client-66600ED44B99->c9a1bac0-eae5-4c8c-abbf-c37d9bceede4@group-3F8977C1BEA2, cid=21, SUCCESS, logIndex=4, commits[c9a1bac0-eae5-4c8c-abbf-c37d9bceede4:c7, 790809fb-a9ad-47fd-bbe4-169138176431:c6, fa2692cc-7d13-407b-8ba8-1b16aaf9a086:c6]
2019-09-16 16:49:55,202 [grpc-default-executor-3] INFO  client.GrpcClientProtocolClient (GrpcClientProtocolClient.java:onNext(264)) - client-66600ED44B99->c9a1bac0-eae5-4c8c-abbf-c37d9bceede4: receive RaftClientReply:client-66600ED44B99->c9a1bac0-eae5-4c8c-abbf-c37d9bceede4@group-3F8977C1BEA2, cid=22, SUCCESS, logIndex=5, commits[c9a1bac0-eae5-4c8c-abbf-c37d9bceede4:c7, 790809fb-a9ad-47fd-bbe4-169138176431:c6, fa2692cc-7d13-407b-8ba8-1b16aaf9a086:c6]
2019-09-16 16:49:55,255 [grpc-default-executor-3] INFO  client.GrpcClientProtocolClient (GrpcClientProtocolClient.java:onNext(264)) - client-66600ED44B99->c9a1bac0-eae5-4c8c-abbf-c37d9bceede4: receive RaftClientReply:client-66600ED44B99->c9a1bac0-eae5-4c8c-abbf-c37d9bceede4@group-3F8977C1BEA2, cid=23, SUCCESS, logIndex=8, commits[c9a1bac0-eae5-4c8c-abbf-c37d9bceede4:c9, 790809fb-a9ad-47fd-bbe4-169138176431:c7, fa2692cc-7d13-407b-8ba8-1b16aaf9a086:c7]
2019-09-16 16:49:55,257 [grpc-default-executor-3] INFO  client.GrpcClientProtocolClient (GrpcClientProtocolClient.java:onNext(264)) - client-66600ED44B99->c9a1bac0-eae5-4c8c-abbf-c37d9bceede4: receive RaftClientReply:client-66600ED44B99->c9a1bac0-eae5-4c8c-abbf-c37d9bceede4@group-3F8977C1BEA2, cid=24, SUCCESS, logIndex=9, commits[c9a1bac0-eae5-4c8c-abbf-c37d9bceede4:c9, 790809fb-a9ad-47fd-bbe4-169138176431:c7, fa2692cc-7d13-407b-8ba8-1b16aaf9a086:c7]
2019-09-16 16:49:55,291 [grpc-default-executor-4] INFO  client.GrpcClientProtocolClient (GrpcClientProtocolClient.java:onNext(264)) - client-66600ED44B99->c9a1bac0-eae5-4c8c-abbf-c37d9bceede4: receive RaftClientReply:client-66600ED44B99->c9a1bac0-eae5-4c8c-abbf-c37d9bceede4@group-3F8977C1BEA2, cid=25, SUCCESS, logIndex=10, commits[c9a1bac0-eae5-4c8c-abbf-c37d9bceede4:c11, 790809fb-a9ad-47fd-bbe4-169138176431:c7, fa2692cc-7d13-407b-8ba8-1b16aaf9a086:c7]
2019-09-16 16:49:55,292 [grpc-default-executor-4] INFO  client.GrpcClientProtocolClient (GrpcClientProtocolClient.java:onNext(264)) - client-66600ED44B99->c9a1bac0-eae5-4c8c-abbf-c37d9bceede4: receive RaftClientReply:client-66600ED44B99->c9a1bac0-eae5-4c8c-abbf-c37d9bceede4@group-3F8977C1BEA2, cid=26, SUCCESS, logIndex=11, commits[c9a1bac0-eae5-4c8c-abbf-c37d9bceede4:c13, 790809fb-a9ad-47fd-bbe4-169138176431:c9, fa2692cc-7d13-407b-8ba8-1b16aaf9a086:c9]
2019-09-16 16:49:55,323 [grpc-default-executor-4] INFO  client.GrpcClientProtocolClient (GrpcClientProtocolClient.java:onNext(264)) - client-66600ED44B99->c9a1bac0-eae5-4c8c-abbf-c37d9bceede4: receive RaftClientReply:client-66600ED44B99->c9a1bac0-eae5-4c8c-abbf-c37d9bceede4@group-3F8977C1BEA2, cid=27, SUCCESS, logIndex=0, commits[c9a1bac0-eae5-4c8c-abbf-c37d9bceede4:c15, 790809fb-a9ad-47fd-bbe4-169138176431:c11, fa2692cc-7d13-407b-8ba8-1b16aaf9a086:c11]
2019-09-16 16:49:58,334 [java.util.concurrent.ThreadPoolExecutor$Worker@72c65599[State = -1, empty queue]] WARN  server.GrpcLogAppender (GrpcLogAppender.java:timeoutAppendRequest(200)) - c9a1bac0-eae5-4c8c-abbf-c37d9bceede4@group-3F8977C1BEA2->790809fb-a9ad-47fd-bbe4-169138176431-GrpcLogAppender: appendEntries Timeout, request=c9a1bac0-eae5-4c8c-abbf-c37d9bceede4->790809fb-a9ad-47fd-bbe4-169138176431#18-t4, previous=(t:4, i:15), leaderCommit=15, initializing? false, entries: size=1, first=(t:4, i:16), STATEMACHINELOGENTRY, client-66600ED44B99, cid=28
2019-09-16 16:49:58,335 [java.util.concurrent.ThreadPoolExecutor$Worker@3e7cc8e2[State = -1, empty queue]] WARN  server.GrpcLogAppender (GrpcLogAppender.java:timeoutAppendRequest(200)) - c9a1bac0-eae5-4c8c-abbf-c37d9bceede4@group-3F8977C1BEA2->fa2692cc-7d13-407b-8ba8-1b16aaf9a086-GrpcLogAppender: appendEntries Timeout, request=c9a1bac0-eae5-4c8c-abbf-c37d9bceede4->fa2692cc-7d13-407b-8ba8-1b16aaf9a086#18-t4, previous=(t:4, i:15), leaderCommit=15, initializing? false, entries: size=1, first=(t:4, i:16), STATEMACHINELOGENTRY, client-66600ED44B99, cid=28
2019-09-16 16:49:58,335 [java.util.concurrent.ThreadPoolExecutor$Worker@72c65599[State = -1, empty queue]] WARN  server.GrpcLogAppender (GrpcLogAppender.java:timeoutAppendRequest(200)) - c9a1bac0-eae5-4c8c-abbf-c37d9bceede4@group-3F8977C1BEA2->790809fb-a9ad-47fd-bbe4-169138176431-GrpcLogAppender: appendEntries Timeout, request=c9a1bac0-eae5-4c8c-abbf-c37d9bceede4->790809fb-a9ad-47fd-bbe4-169138176431#19-t4, previous=(t:4, i:16), leaderCommit=15, initializing? false, entries: size=1, first=(t:4, i:17), STATEMACHINELOGENTRY, client-66600ED44B99, cid=29
2019-09-16 16:49:58,340 [java.util.concurrent.ThreadPoolExecutor$Worker@3e7cc8e2[State = -1, empty queue]] WARN  server.GrpcLogAppender (GrpcLogAppender.java:timeoutAppendRequest(200)) - c9a1bac0-eae5-4c8c-abbf-c37d9bceede4@group-3F8977C1BEA2->fa2692cc-7d13-407b-8ba8-1b16aaf9a086-GrpcLogAppender: appendEntries Timeout, request=c9a1bac0-eae5-4c8c-abbf-c37d9bceede4->fa2692cc-7d13-407b-8ba8-1b16aaf9a086#19-t4, previous=(t:4, i:16), leaderCommit=15, initializing? false, entries: size=1, first=(t:4, i:17), STATEMACHINELOGENTRY, client-66600ED44B99, cid=29
2019-09-16 16:49:58,344 [java.util.concurrent.ThreadPoolExecutor$Worker@72c65599[State = -1, empty queue]] WARN  server.GrpcLogAppender (GrpcLogAppender.java:timeoutAppendRequest(200)) - c9a1bac0-eae5-4c8c-abbf-c37d9bceede4@group-3F8977C1BEA2->790809fb-a9ad-47fd-bbe4-169138176431-GrpcLogAppender: appendEntries Timeout, request=c9a1bac0-eae5-4c8c-abbf-c37d9bceede4->790809fb-a9ad-47fd-bbe4-169138176431#20-t4, previous=(t:4, i:17), leaderCommit=15, initializing? false, entries: size=1, first=(t:4, i:18), STATEMACHINELOGENTRY, client-66600ED44B99, cid=30
2019-09-16 16:49:58,344 [java.util.concurrent.ThreadPoolExecutor$Worker@3e7cc8e2[State = -1, empty queue]] WARN  server.GrpcLogAppender (GrpcLogAppender.java:timeoutAppendRequest(200)) - c9a1bac0-eae5-4c8c-abbf-c37d9bceede4@group-3F8977C1BEA2->fa2692cc-7d13-407b-8ba8-1b16aaf9a086-GrpcLogAppender: appendEntries Timeout, request=c9a1bac0-eae5-4c8c-abbf-c37d9bceede4->fa2692cc-7d13-407b-8ba8-1b16aaf9a086#20-t4, previous=(t:4, i:17), leaderCommit=15, initializing? false, entries: size=1, first=(t:4, i:18), STATEMACHINELOGENTRY, client-66600ED44B99, cid=30
2019-09-16 16:49:58,349 [java.util.concurrent.ThreadPoolExecutor$Worker@72c65599[State = -1, empty queue]] WARN  server.GrpcLogAppender (GrpcLogAppender.java:timeoutAppendRequest(200)) - c9a1bac0-eae5-4c8c-abbf-c37d9bceede4@group-3F8977C1BEA2->790809fb-a9ad-47fd-bbe4-169138176431-GrpcLogAppender: appendEntries Timeout, request=c9a1bac0-eae5-4c8c-abbf-c37d9bceede4->790809fb-a9ad-47fd-bbe4-169138176431#21-t4, previous=(t:4, i:18), leaderCommit=15, initializing? false, entries: size=1, first=(t:4, i:19), STATEMACHINELOGENTRY, client-66600ED44B99, cid=31
2019-09-16 16:49:58,352 [java.util.concurrent.ThreadPoolExecutor$Worker@3e7cc8e2[State = -1, empty queue]] WARN  server.GrpcLogAppender (GrpcLogAppender.java:timeoutAppendRequest(200)) - c9a1bac0-eae5-4c8c-abbf-c37d9bceede4@group-3F8977C1BEA2->fa2692cc-7d13-407b-8ba8-1b16aaf9a086-GrpcLogAppender: appendEntries Timeout, request=c9a1bac0-eae5-4c8c-abbf-c37d9bceede4->fa2692cc-7d13-407b-8ba8-1b16aaf9a086#21-t4, previous=(t:4, i:18), leaderCommit=15, initializing? false, entries: size=1, first=(t:4, i:19), STATEMACHINELOGENTRY, client-66600ED44B99, cid=31
2019-09-16 16:49:58,845 [java.util.concurrent.ThreadPoolExecutor$Worker@3e7cc8e2[State = -1, empty queue]] WARN  server.GrpcLogAppender (GrpcLogAppender.java:timeoutAppendRequest(200)) - c9a1bac0-eae5-4c8c-abbf-c37d9bceede4@group-3F8977C1BEA2->fa2692cc-7d13-407b-8ba8-1b16aaf9a086-GrpcLogAppender: appendEntries Timeout, request=c9a1bac0-eae5-4c8c-abbf-c37d9bceede4->fa2692cc-7d13-407b-8ba8-1b16aaf9a086#22-t4, previous=(t:4, i:19), leaderCommit=15, initializing? false, entries: <empty>
2019-09-16 16:49:58,845 [java.util.concurrent.ThreadPoolExecutor$Worker@72c65599[State = -1, empty queue]] WARN  server.GrpcLogAppender (GrpcLogAppender.java:timeoutAppendRequest(200)) - c9a1bac0-eae5-4c8c-abbf-c37d9bceede4@group-3F8977C1BEA2->790809fb-a9ad-47fd-bbe4-169138176431-GrpcLogAppender: appendEntries Timeout, request=c9a1bac0-eae5-4c8c-abbf-c37d9bceede4->790809fb-a9ad-47fd-bbe4-169138176431#22-t4, previous=(t:4, i:19), leaderCommit=15, initializing? false, entries: <empty>
2019-09-16 16:49:59,346 [java.util.concurrent.ThreadPoolExecutor$Worker@3e7cc8e2[State = -1, empty queue]] WARN  server.GrpcLogAppender (GrpcLogAppender.java:timeoutAppendRequest(200)) - c9a1bac0-eae5-4c8c-abbf-c37d9bceede4@group-3F8977C1BEA2->fa2692cc-7d13-407b-8ba8-1b16aaf9a086-GrpcLogAppender: appendEntries Timeout, request=c9a1bac0-eae5-4c8c-abbf-c37d9bceede4->fa2692cc-7d13-407b-8ba8-1b16aaf9a086#23-t4, previous=(t:4, i:19), leaderCommit=15, initializing? false, entries: <empty>
2019-09-16 16:49:59,346 [java.util.concurrent.ThreadPoolExecutor$Worker@72c65599[State = -1, empty queue]] WARN  server.GrpcLogAppender (GrpcLogAppender.java:timeoutAppendRequest(200)) - c9a1bac0-eae5-4c8c-abbf-c37d9bceede4@group-3F8977C1BEA2->790809fb-a9ad-47fd-bbe4-169138176431-GrpcLogAppender: appendEntries Timeout, request=c9a1bac0-eae5-4c8c-abbf-c37d9bceede4->790809fb-a9ad-47fd-bbe4-169138176431#23-t4, previous=(t:4, i:19), leaderCommit=15, initializing? false, entries: <empty>
2019-09-16 16:49:59,846 [java.util.concurrent.ThreadPoolExecutor$Worker@72c65599[State = -1, empty queue]] WARN  server.GrpcLogAppender (GrpcLogAppender.java:timeoutAppendRequest(200)) - c9a1bac0-eae5-4c8c-abbf-c37d9bceede4@group-3F8977C1BEA2->790809fb-a9ad-47fd-bbe4-169138176431-GrpcLogAppender: appendEntries Timeout, request=c9a1bac0-eae5-4c8c-abbf-c37d9bceede4->790809fb-a9ad-47fd-bbe4-169138176431#24-t4, previous=(t:4, i:19), leaderCommit=15, initializing? false, entries: <empty>
2019-09-16 16:49:59,846 [java.util.concurrent.ThreadPoolExecutor$Worker@3e7cc8e2[State = -1, empty queue]] WARN  server.GrpcLogAppender (GrpcLogAppender.java:timeoutAppendRequest(200)) - c9a1bac0-eae5-4c8c-abbf-c37d9bceede4@group-3F8977C1BEA2->fa2692cc-7d13-407b-8ba8-1b16aaf9a086-GrpcLogAppender: appendEntries Timeout, request=c9a1bac0-eae5-4c8c-abbf-c37d9bceede4->fa2692cc-7d13-407b-8ba8-1b16aaf9a086#24-t4, previous=(t:4, i:19), leaderCommit=15, initializing? false, entries: <empty>
2019-09-16 16:50:00,347 [java.util.concurrent.ThreadPoolExecutor$Worker@72c65599[State = -1, empty queue]] WARN  server.GrpcLogAppender (GrpcLogAppender.java:timeoutAppendRequest(200)) - c9a1bac0-eae5-4c8c-abbf-c37d9bceede4@group-3F8977C1BEA2->790809fb-a9ad-47fd-bbe4-169138176431-GrpcLogAppender: appendEntries Timeout, request=c9a1bac0-eae5-4c8c-abbf-c37d9bceede4->790809fb-a9ad-47fd-bbe4-169138176431#25-t4, previous=(t:4, i:19), leaderCommit=15, initializing? false, entries: <empty>
2019-09-16 16:50:00,347 [java.util.concurrent.ThreadPoolExecutor$Worker@3e7cc8e2[State = -1, empty queue]] WARN  server.GrpcLogAppender (GrpcLogAppender.java:timeoutAppendRequest(200)) - c9a1bac0-eae5-4c8c-abbf-c37d9bceede4@group-3F8977C1BEA2->fa2692cc-7d13-407b-8ba8-1b16aaf9a086-GrpcLogAppender: appendEntries Timeout, request=c9a1bac0-eae5-4c8c-abbf-c37d9bceede4->fa2692cc-7d13-407b-8ba8-1b16aaf9a086#25-t4, previous=(t:4, i:19), leaderCommit=15, initializing? false, entries: <empty>
2019-09-16 16:50:00,417 [grpc-default-executor-0] INFO  client.GrpcClientProtocolClient (GrpcClientProtocolClient.java:onNext(264)) - client-66600ED44B99->790809fb-a9ad-47fd-bbe4-169138176431: receive RaftClientReply:client-66600ED44B99->790809fb-a9ad-47fd-bbe4-169138176431@group-3F8977C1BEA2, cid=28, FAILED org.apache.ratis.protocol.NotLeaderException: Server 790809fb-a9ad-47fd-bbe4-169138176431@group-3F8977C1BEA2 is not the leader c9a1bac0-eae5-4c8c-abbf-c37d9bceede4:192.168.34.47:39870, logIndex=0, commits[790809fb-a9ad-47fd-bbe4-169138176431:c15, c9a1bac0-eae5-4c8c-abbf-c37d9bceede4:c15, fa2692cc-7d13-407b-8ba8-1b16aaf9a086:c11]
2019-09-16 16:50:00,848 [java.util.concurrent.ThreadPoolExecutor$Worker@3e7cc8e2[State = -1, empty queue]] WARN  server.GrpcLogAppender (GrpcLogAppender.java:timeoutAppendRequest(200)) - c9a1bac0-eae5-4c8c-abbf-c37d9bceede4@group-3F8977C1BEA2->fa2692cc-7d13-407b-8ba8-1b16aaf9a086-GrpcLogAppender: appendEntries Timeout, request=c9a1bac0-eae5-4c8c-abbf-c37d9bceede4->fa2692cc-7d13-407b-8ba8-1b16aaf9a086#26-t4, previous=(t:4, i:19), leaderCommit=15, initializing? false, entries: <empty>
2019-09-16 16:50:00,848 [java.util.concurrent.ThreadPoolExecutor$Worker@72c65599[State = -1, empty queue]] WARN  server.GrpcLogAppender (GrpcLogAppender.java:timeoutAppendRequest(200)) - c9a1bac0-eae5-4c8c-abbf-c37d9bceede4@group-3F8977C1BEA2->790809fb-a9ad-47fd-bbe4-169138176431-GrpcLogAppender: appendEntries Timeout, request=c9a1bac0-eae5-4c8c-abbf-c37d9bceede4->790809fb-a9ad-47fd-bbe4-169138176431#26-t4, previous=(t:4, i:19), leaderCommit=15, initializing? false, entries: <empty>
2019-09-16 16:50:01,353 [java.util.concurrent.ThreadPoolExecutor$Worker@72c65599[State = -1, empty queue]] WARN  server.GrpcLogAppender (GrpcLogAppender.java:timeoutAppendRequest(200)) - c9a1bac0-eae5-4c8c-abbf-c37d9bceede4@group-3F8977C1BEA2->790809fb-a9ad-47fd-bbe4-169138176431-GrpcLogAppender: appendEntries Timeout, request=c9a1bac0-eae5-4c8c-abbf-c37d9bceede4->790809fb-a9ad-47fd-bbe4-169138176431#27-t4, previous=(t:4, i:19), leaderCommit=15, initializing? false, entries: <empty>
2019-09-16 16:50:01,353 [java.util.concurrent.ThreadPoolExecutor$Worker@3e7cc8e2[State = -1, empty queue]] WARN  server.GrpcLogAppender (GrpcLogAppender.java:timeoutAppendRequest(200)) - c9a1bac0-eae5-4c8c-abbf-c37d9bceede4@group-3F8977C1BEA2->fa2692cc-7d13-407b-8ba8-1b16aaf9a086-GrpcLogAppender: appendEntries Timeout, request=c9a1bac0-eae5-4c8c-abbf-c37d9bceede4->fa2692cc-7d13-407b-8ba8-1b16aaf9a086#27-t4, previous=(t:4, i:19), leaderCommit=15, initializing? false, entries: <empty>
2019-09-16 16:50:01,874 [java.util.concurrent.ThreadPoolExecutor$Worker@3e7cc8e2[State = -1, empty queue]] WARN  server.GrpcLogAppender (GrpcLogAppender.java:timeoutAppendRequest(200)) - c9a1bac0-eae5-4c8c-abbf-c37d9bceede4@group-3F8977C1BEA2->fa2692cc-7d13-407b-8ba8-1b16aaf9a086-GrpcLogAppender: appendEntries Timeout, request=c9a1bac0-eae5-4c8c-abbf-c37d9bceede4->fa2692cc-7d13-407b-8ba8-1b16aaf9a086#28-t4, previous=(t:4, i:19), leaderCommit=15, initializing? false, entries: <empty>
2019-09-16 16:50:01,874 [java.util.concurrent.ThreadPoolExecutor$Worker@72c65599[State = -1, empty queue]] WARN  server.GrpcLogAppender (GrpcLogAppender.java:timeoutAppendRequest(200)) - c9a1bac0-eae5-4c8c-abbf-c37d9bceede4@group-3F8977C1BEA2->790809fb-a9ad-47fd-bbe4-169138176431-GrpcLogAppender: appendEntries Timeout, request=c9a1bac0-eae5-4c8c-abbf-c37d9bceede4->790809fb-a9ad-47fd-bbe4-169138176431#28-t4, previous=(t:4, i:19), leaderCommit=15, initializing? false, entries: <empty>
2019-09-16 16:50:02,355 [java.util.concurrent.ThreadPoolExecutor$Worker@3e7cc8e2[State = -1, empty queue]] WARN  server.GrpcLogAppender (GrpcLogAppender.java:timeoutAppendRequest(200)) - c9a1bac0-eae5-4c8c-abbf-c37d9bceede4@group-3F8977C1BEA2->fa2692cc-7d13-407b-8ba8-1b16aaf9a086-GrpcLogAppender: appendEntries Timeout, request=c9a1bac0-eae5-4c8c-abbf-c37d9bceede4->fa2692cc-7d13-407b-8ba8-1b16aaf9a086#29-t4, previous=(t:4, i:19), leaderCommit=15, initializing? false, entries: <empty>
2019-09-16 16:50:02,355 [java.util.concurrent.ThreadPoolExecutor$Worker@72c65599[State = -1, empty queue]] WARN  server.GrpcLogAppender (GrpcLogAppender.java:timeoutAppendRequest(200)) - c9a1bac0-eae5-4c8c-abbf-c37d9bceede4@group-3F8977C1BEA2->790809fb-a9ad-47fd-bbe4-169138176431-GrpcLogAppender: appendEntries Timeout, request=c9a1bac0-eae5-4c8c-abbf-c37d9bceede4->790809fb-a9ad-47fd-bbe4-169138176431#29-t4, previous=(t:4, i:19), leaderCommit=15, initializing? false, entries: <empty>
2019-09-16 16:50:02,856 [java.util.concurrent.ThreadPoolExecutor$Worker@3e7cc8e2[State = -1, empty queue]] WARN  server.GrpcLogAppender (GrpcLogAppender.java:timeoutAppendRequest(200)) - c9a1bac0-eae5-4c8c-abbf-c37d9bceede4@group-3F8977C1BEA2->fa2692cc-7d13-407b-8ba8-1b16aaf9a086-GrpcLogAppender: appendEntries Timeout, request=c9a1bac0-eae5-4c8c-abbf-c37d9bceede4->fa2692cc-7d13-407b-8ba8-1b16aaf9a086#30-t4, previous=(t:4, i:19), leaderCommit=15, initializing? false, entries: <empty>
2019-09-16 16:50:02,856 [java.util.concurrent.ThreadPoolExecutor$Worker@72c65599[State = -1, empty queue]] WARN  server.GrpcLogAppender (GrpcLogAppender.java:timeoutAppendRequest(200)) - c9a1bac0-eae5-4c8c-abbf-c37d9bceede4@group-3F8977C1BEA2->790809fb-a9ad-47fd-bbe4-169138176431-GrpcLogAppender: appendEntries Timeout, request=c9a1bac0-eae5-4c8c-abbf-c37d9bceede4->790809fb-a9ad-47fd-bbe4-169138176431#30-t4, previous=(t:4, i:19), leaderCommit=15, initializing? false, entries: <empty>
2019-09-16 16:50:03,356 [java.util.concurrent.ThreadPoolExecutor$Worker@3e7cc8e2[State = -1, empty queue]] WARN  server.GrpcLogAppender (GrpcLogAppender.java:timeoutAppendRequest(200)) - c9a1bac0-eae5-4c8c-abbf-c37d9bceede4@group-3F8977C1BEA2->fa2692cc-7d13-407b-8ba8-1b16aaf9a086-GrpcLogAppender: appendEntries Timeout, request=c9a1bac0-eae5-4c8c-abbf-c37d9bceede4->fa2692cc-7d13-407b-8ba8-1b16aaf9a086#31-t4, previous=(t:4, i:19), leaderCommit=15, initializing? false, entries: <empty>
2019-09-16 16:50:03,356 [java.util.concurrent.ThreadPoolExecutor$Worker@72c65599[State = -1, empty queue]] WARN  server.GrpcLogAppender (GrpcLogAppender.java:timeoutAppendRequest(200)) - c9a1bac0-eae5-4c8c-abbf-c37d9bceede4@group-3F8977C1BEA2->790809fb-a9ad-47fd-bbe4-169138176431-GrpcLogAppender: appendEntries Timeout, request=c9a1bac0-eae5-4c8c-abbf-c37d9bceede4->790809fb-a9ad-47fd-bbe4-169138176431#31-t4, previous=(t:4, i:19), leaderCommit=15, initializing? false, entries: <empty>
2019-09-16 16:50:03,872 [java.util.concurrent.ThreadPoolExecutor$Worker@72c65599[State = -1, empty queue]] WARN  server.GrpcLogAppender (GrpcLogAppender.java:timeoutAppendRequest(200)) - c9a1bac0-eae5-4c8c-abbf-c37d9bceede4@group-3F8977C1BEA2->790809fb-a9ad-47fd-bbe4-169138176431-GrpcLogAppender: appendEntries Timeout, request=c9a1bac0-eae5-4c8c-abbf-c37d9bceede4->790809fb-a9ad-47fd-bbe4-169138176431#32-t4, previous=(t:4, i:19), leaderCommit=15, initializing? false, entries: <empty>
2019-09-16 16:50:03,872 [java.util.concurrent.ThreadPoolExecutor$Worker@3e7cc8e2[State = -1, empty queue]] WARN  server.GrpcLogAppender (GrpcLogAppender.java:timeoutAppendRequest(200)) - c9a1bac0-eae5-4c8c-abbf-c37d9bceede4@group-3F8977C1BEA2->fa2692cc-7d13-407b-8ba8-1b16aaf9a086-GrpcLogAppender: appendEntries Timeout, request=c9a1bac0-eae5-4c8c-abbf-c37d9bceede4->fa2692cc-7d13-407b-8ba8-1b16aaf9a086#32-t4, previous=(t:4, i:19), leaderCommit=15, initializing? false, entries: <empty>
2019-09-16 16:50:04,373 [java.util.concurrent.ThreadPoolExecutor$Worker@72c65599[State = -1, empty queue]] WARN  server.GrpcLogAppender (GrpcLogAppender.java:timeoutAppendRequest(200)) - c9a1bac0-eae5-4c8c-abbf-c37d9bceede4@group-3F8977C1BEA2->790809fb-a9ad-47fd-bbe4-169138176431-GrpcLogAppender: appendEntries Timeout, request=c9a1bac0-eae5-4c8c-abbf-c37d9bceede4->790809fb-a9ad-47fd-bbe4-169138176431#33-t4, previous=(t:4, i:19), leaderCommit=15, initializing? false, entries: <empty>
2019-09-16 16:50:04,373 [java.util.concurrent.ThreadPoolExecutor$Worker@3e7cc8e2[State = -1, empty queue]] WARN  server.GrpcLogAppender (GrpcLogAppender.java:timeoutAppendRequest(200)) - c9a1bac0-eae5-4c8c-abbf-c37d9bceede4@group-3F8977C1BEA2->fa2692cc-7d13-407b-8ba8-1b16aaf9a086-GrpcLogAppender: appendEntries Timeout, request=c9a1bac0-eae5-4c8c-abbf-c37d9bceede4->fa2692cc-7d13-407b-8ba8-1b16aaf9a086#33-t4, previous=(t:4, i:19), leaderCommit=15, initializing? false, entries: <empty>
2019-09-16 16:50:04,874 [java.util.concurrent.ThreadPoolExecutor$Worker@3e7cc8e2[State = -1, empty queue]] WARN  server.GrpcLogAppender (GrpcLogAppender.java:timeoutAppendRequest(200)) - c9a1bac0-eae5-4c8c-abbf-c37d9bceede4@group-3F8977C1BEA2->fa2692cc-7d13-407b-8ba8-1b16aaf9a086-GrpcLogAppender: appendEntries Timeout, request=c9a1bac0-eae5-4c8c-abbf-c37d9bceede4->fa2692cc-7d13-407b-8ba8-1b16aaf9a086#34-t4, previous=(t:4, i:19), leaderCommit=15, initializing? false, entries: <empty>
2019-09-16 16:50:04,874 [java.util.concurrent.ThreadPoolExecutor$Worker@72c65599[State = -1, empty queue]] WARN  server.GrpcLogAppender (GrpcLogAppender.java:timeoutAppendRequest(200)) - c9a1bac0-eae5-4c8c-abbf-c37d9bceede4@group-3F8977C1BEA2->790809fb-a9ad-47fd-bbe4-169138176431-GrpcLogAppender: appendEntries Timeout, request=c9a1bac0-eae5-4c8c-abbf-c37d9bceede4->790809fb-a9ad-47fd-bbe4-169138176431#34-t4, previous=(t:4, i:19), leaderCommit=15, initializing? false, entries: <empty>
2019-09-16 16:50:05,377 [java.util.concurrent.ThreadPoolExecutor$Worker@3e7cc8e2[State = -1, empty queue]] WARN  server.GrpcLogAppender (GrpcLogAppender.java:timeoutAppendRequest(200)) - c9a1bac0-eae5-4c8c-abbf-c37d9bceede4@group-3F8977C1BEA2->fa2692cc-7d13-407b-8ba8-1b16aaf9a086-GrpcLogAppender: appendEntries Timeout, request=c9a1bac0-eae5-4c8c-abbf-c37d9bceede4->fa2692cc-7d13-407b-8ba8-1b16aaf9a086#35-t4, previous=(t:4, i:19), leaderCommit=15, initializing? false, entries: <empty>
2019-09-16 16:50:05,377 [java.util.concurrent.ThreadPoolExecutor$Worker@72c65599[State = -1, empty queue]] WARN  server.GrpcLogAppender (GrpcLogAppender.java:timeoutAppendRequest(200)) - c9a1bac0-eae5-4c8c-abbf-c37d9bceede4@group-3F8977C1BEA2->790809fb-a9ad-47fd-bbe4-169138176431-GrpcLogAppender: appendEntries Timeout, request=c9a1bac0-eae5-4c8c-abbf-c37d9bceede4->790809fb-a9ad-47fd-bbe4-169138176431#35-t4, previous=(t:4, i:19), leaderCommit=15, initializing? false, entries: <empty>
2019-09-16 16:50:05,458 [790809fb-a9ad-47fd-bbe4-169138176431@group-3F8977C1BEA2-SegmentedRaftLogWorker] WARN  segmented.SegmentedRaftLogWorker (SegmentedRaftLogWorker.java:getFromFuture(90)) - Timeout 0/~
org.apache.ratis.protocol.TimeoutIOException: Timeout 10s: WriteLog:18: (t:4, i:18), STATEMACHINELOGENTRY, client-66600ED44B99, cid=30-writeStateMachineData
	at org.apache.ratis.util.IOUtils.getFromFuture(IOUtils.java:87)
	at org.apache.ratis.server.raftlog.segmented.SegmentedRaftLogWorker$StateMachineDataPolicy.getFromFuture(SegmentedRaftLogWorker.java:87)
	at org.apache.ratis.server.raftlog.segmented.SegmentedRaftLogWorker$WriteLog.execute(SegmentedRaftLogWorker.java:477)
	at org.apache.ratis.server.raftlog.segmented.SegmentedRaftLogWorker.run(SegmentedRaftLogWorker.java:289)
	at java.lang.Thread.run(Thread.java:748)
Caused by: java.util.concurrent.TimeoutException
	at java.util.concurrent.CompletableFuture.timedGet(CompletableFuture.java:1771)
	at java.util.concurrent.CompletableFuture.get(CompletableFuture.java:1915)
	at org.apache.ratis.util.IOUtils.getFromFuture(IOUtils.java:79)
	... 4 more
2019-09-16 16:50:05,458 [fa2692cc-7d13-407b-8ba8-1b16aaf9a086@group-3F8977C1BEA2-SegmentedRaftLogWorker] WARN  segmented.SegmentedRaftLogWorker (SegmentedRaftLogWorker.java:getFromFuture(90)) - Timeout 0/~
org.apache.ratis.protocol.TimeoutIOException: Timeout 10s: WriteLog:18: (t:4, i:18), STATEMACHINELOGENTRY, client-66600ED44B99, cid=30-writeStateMachineData
	at org.apache.ratis.util.IOUtils.getFromFuture(IOUtils.java:87)
	at org.apache.ratis.server.raftlog.segmented.SegmentedRaftLogWorker$StateMachineDataPolicy.getFromFuture(SegmentedRaftLogWorker.java:87)
	at org.apache.ratis.server.raftlog.segmented.SegmentedRaftLogWorker$WriteLog.execute(SegmentedRaftLogWorker.java:477)
	at org.apache.ratis.server.raftlog.segmented.SegmentedRaftLogWorker.run(SegmentedRaftLogWorker.java:289)
	at java.lang.Thread.run(Thread.java:748)
Caused by: java.util.concurrent.TimeoutException
	at java.util.concurrent.CompletableFuture.timedGet(CompletableFuture.java:1771)
	at java.util.concurrent.CompletableFuture.get(CompletableFuture.java:1915)
	at org.apache.ratis.util.IOUtils.getFromFuture(IOUtils.java:79)
	... 4 more
2019-09-16 16:50:05,458 [c9a1bac0-eae5-4c8c-abbf-c37d9bceede4@group-3F8977C1BEA2-SegmentedRaftLogWorker] WARN  segmented.SegmentedRaftLogWorker (SegmentedRaftLogWorker.java:getFromFuture(90)) - Timeout 0/~
org.apache.ratis.protocol.TimeoutIOException: Timeout 10s: WriteLog:18: (t:4, i:18), STATEMACHINELOGENTRY, client-66600ED44B99, cid=30-writeStateMachineData
	at org.apache.ratis.util.IOUtils.getFromFuture(IOUtils.java:87)
	at org.apache.ratis.server.raftlog.segmented.SegmentedRaftLogWorker$StateMachineDataPolicy.getFromFuture(SegmentedRaftLogWorker.java:87)
	at org.apache.ratis.server.raftlog.segmented.SegmentedRaftLogWorker$WriteLog.execute(SegmentedRaftLogWorker.java:477)
	at org.apache.ratis.server.raftlog.segmented.SegmentedRaftLogWorker.run(SegmentedRaftLogWorker.java:289)
	at java.lang.Thread.run(Thread.java:748)
Caused by: java.util.concurrent.TimeoutException
	at java.util.concurrent.CompletableFuture.timedGet(CompletableFuture.java:1771)
	at java.util.concurrent.CompletableFuture.get(CompletableFuture.java:1915)
	at org.apache.ratis.util.IOUtils.getFromFuture(IOUtils.java:79)
	... 4 more
2019-09-16 16:50:05,494 [grpc-default-executor-5] INFO  client.GrpcClientProtocolClient (GrpcClientProtocolClient.java:onNext(264)) - client-66600ED44B99->fa2692cc-7d13-407b-8ba8-1b16aaf9a086: receive RaftClientReply:client-66600ED44B99->fa2692cc-7d13-407b-8ba8-1b16aaf9a086@group-3F8977C1BEA2, cid=28, FAILED org.apache.ratis.protocol.NotLeaderException: Server fa2692cc-7d13-407b-8ba8-1b16aaf9a086@group-3F8977C1BEA2 is not the leader c9a1bac0-eae5-4c8c-abbf-c37d9bceede4:192.168.34.47:39870, logIndex=0, commits[fa2692cc-7d13-407b-8ba8-1b16aaf9a086:c15, 790809fb-a9ad-47fd-bbe4-169138176431:c11, c9a1bac0-eae5-4c8c-abbf-c37d9bceede4:c15]
2019-09-16 16:50:05,878 [java.util.concurrent.ThreadPoolExecutor$Worker@72c65599[State = -1, empty queue]] WARN  server.GrpcLogAppender (GrpcLogAppender.java:timeoutAppendRequest(200)) - c9a1bac0-eae5-4c8c-abbf-c37d9bceede4@group-3F8977C1BEA2->790809fb-a9ad-47fd-bbe4-169138176431-GrpcLogAppender: appendEntries Timeout, request=c9a1bac0-eae5-4c8c-abbf-c37d9bceede4->790809fb-a9ad-47fd-bbe4-169138176431#36-t4, previous=(t:4, i:19), leaderCommit=15, initializing? false, entries: <empty>
2019-09-16 16:50:05,878 [java.util.concurrent.ThreadPoolExecutor$Worker@3e7cc8e2[State = -1, empty queue]] WARN  server.GrpcLogAppender (GrpcLogAppender.java:timeoutAppendRequest(200)) - c9a1bac0-eae5-4c8c-abbf-c37d9bceede4@group-3F8977C1BEA2->fa2692cc-7d13-407b-8ba8-1b16aaf9a086-GrpcLogAppender: appendEntries Timeout, request=c9a1bac0-eae5-4c8c-abbf-c37d9bceede4->fa2692cc-7d13-407b-8ba8-1b16aaf9a086#36-t4, previous=(t:4, i:19), leaderCommit=15, initializing? false, entries: <empty>
2019-09-16 16:50:06,378 [java.util.concurrent.ThreadPoolExecutor$Worker@3e7cc8e2[State = -1, empty queue]] WARN  server.GrpcLogAppender (GrpcLogAppender.java:timeoutAppendRequest(200)) - c9a1bac0-eae5-4c8c-abbf-c37d9bceede4@group-3F8977C1BEA2->fa2692cc-7d13-407b-8ba8-1b16aaf9a086-GrpcLogAppender: appendEntries Timeout, request=c9a1bac0-eae5-4c8c-abbf-c37d9bceede4->fa2692cc-7d13-407b-8ba8-1b16aaf9a086#37-t4, previous=(t:4, i:19), leaderCommit=15, initializing? false, entries: <empty>
2019-09-16 16:50:06,378 [java.util.concurrent.ThreadPoolExecutor$Worker@72c65599[State = -1, empty queue]] WARN  server.GrpcLogAppender (GrpcLogAppender.java:timeoutAppendRequest(200)) - c9a1bac0-eae5-4c8c-abbf-c37d9bceede4@group-3F8977C1BEA2->790809fb-a9ad-47fd-bbe4-169138176431-GrpcLogAppender: appendEntries Timeout, request=c9a1bac0-eae5-4c8c-abbf-c37d9bceede4->790809fb-a9ad-47fd-bbe4-169138176431#37-t4, previous=(t:4, i:19), leaderCommit=15, initializing? false, entries: <empty>
2019-09-16 16:50:06,879 [java.util.concurrent.ThreadPoolExecutor$Worker@3e7cc8e2[State = -1, empty queue]] WARN  server.GrpcLogAppender (GrpcLogAppender.java:timeoutAppendRequest(200)) - c9a1bac0-eae5-4c8c-abbf-c37d9bceede4@group-3F8977C1BEA2->fa2692cc-7d13-407b-8ba8-1b16aaf9a086-GrpcLogAppender: appendEntries Timeout, request=c9a1bac0-eae5-4c8c-abbf-c37d9bceede4->fa2692cc-7d13-407b-8ba8-1b16aaf9a086#38-t4, previous=(t:4, i:19), leaderCommit=15, initializing? false, entries: <empty>
2019-09-16 16:50:06,879 [java.util.concurrent.ThreadPoolExecutor$Worker@72c65599[State = -1, empty queue]] WARN  server.GrpcLogAppender (GrpcLogAppender.java:timeoutAppendRequest(200)) - c9a1bac0-eae5-4c8c-abbf-c37d9bceede4@group-3F8977C1BEA2->790809fb-a9ad-47fd-bbe4-169138176431-GrpcLogAppender: appendEntries Timeout, request=c9a1bac0-eae5-4c8c-abbf-c37d9bceede4->790809fb-a9ad-47fd-bbe4-169138176431#38-t4, previous=(t:4, i:19), leaderCommit=15, initializing? false, entries: <empty>
2019-09-16 16:50:07,379 [java.util.concurrent.ThreadPoolExecutor$Worker@72c65599[State = -1, empty queue]] WARN  server.GrpcLogAppender (GrpcLogAppender.java:timeoutAppendRequest(200)) - c9a1bac0-eae5-4c8c-abbf-c37d9bceede4@group-3F8977C1BEA2->790809fb-a9ad-47fd-bbe4-169138176431-GrpcLogAppender: appendEntries Timeout, request=c9a1bac0-eae5-4c8c-abbf-c37d9bceede4->790809fb-a9ad-47fd-bbe4-169138176431#39-t4, previous=(t:4, i:19), leaderCommit=15, initializing? false, entries: <empty>
2019-09-16 16:50:07,379 [java.util.concurrent.ThreadPoolExecutor$Worker@3e7cc8e2[State = -1, empty queue]] WARN  server.GrpcLogAppender (GrpcLogAppender.java:timeoutAppendRequest(200)) - c9a1bac0-eae5-4c8c-abbf-c37d9bceede4@group-3F8977C1BEA2->fa2692cc-7d13-407b-8ba8-1b16aaf9a086-GrpcLogAppender: appendEntries Timeout, request=c9a1bac0-eae5-4c8c-abbf-c37d9bceede4->fa2692cc-7d13-407b-8ba8-1b16aaf9a086#39-t4, previous=(t:4, i:19), leaderCommit=15, initializing? false, entries: <empty>
2019-09-16 16:50:07,880 [java.util.concurrent.ThreadPoolExecutor$Worker@72c65599[State = -1, empty queue]] WARN  server.GrpcLogAppender (GrpcLogAppender.java:timeoutAppendRequest(200)) - c9a1bac0-eae5-4c8c-abbf-c37d9bceede4@group-3F8977C1BEA2->790809fb-a9ad-47fd-bbe4-169138176431-GrpcLogAppender: appendEntries Timeout, request=c9a1bac0-eae5-4c8c-abbf-c37d9bceede4->790809fb-a9ad-47fd-bbe4-169138176431#40-t4, previous=(t:4, i:19), leaderCommit=15, initializing? false, entries: <empty>
2019-09-16 16:50:07,880 [java.util.concurrent.ThreadPoolExecutor$Worker@3e7cc8e2[State = -1, empty queue]] WARN  server.GrpcLogAppender (GrpcLogAppender.java:timeoutAppendRequest(200)) - c9a1bac0-eae5-4c8c-abbf-c37d9bceede4@group-3F8977C1BEA2->fa2692cc-7d13-407b-8ba8-1b16aaf9a086-GrpcLogAppender: appendEntries Timeout, request=c9a1bac0-eae5-4c8c-abbf-c37d9bceede4->fa2692cc-7d13-407b-8ba8-1b16aaf9a086#40-t4, previous=(t:4, i:19), leaderCommit=15, initializing? false, entries: <empty>
2019-09-16 16:50:08,380 [java.util.concurrent.ThreadPoolExecutor$Worker@3e7cc8e2[State = -1, empty queue]] WARN  server.GrpcLogAppender (GrpcLogAppender.java:timeoutAppendRequest(200)) - c9a1bac0-eae5-4c8c-abbf-c37d9bceede4@group-3F8977C1BEA2->fa2692cc-7d13-407b-8ba8-1b16aaf9a086-GrpcLogAppender: appendEntries Timeout, request=c9a1bac0-eae5-4c8c-abbf-c37d9bceede4->fa2692cc-7d13-407b-8ba8-1b16aaf9a086#41-t4, previous=(t:4, i:19), leaderCommit=15, initializing? false, entries: <empty>
2019-09-16 16:50:08,380 [java.util.concurrent.ThreadPoolExecutor$Worker@72c65599[State = -1, empty queue]] WARN  server.GrpcLogAppender (GrpcLogAppender.java:timeoutAppendRequest(200)) - c9a1bac0-eae5-4c8c-abbf-c37d9bceede4@group-3F8977C1BEA2->790809fb-a9ad-47fd-bbe4-169138176431-GrpcLogAppender: appendEntries Timeout, request=c9a1bac0-eae5-4c8c-abbf-c37d9bceede4->790809fb-a9ad-47fd-bbe4-169138176431#41-t4, previous=(t:4, i:19), leaderCommit=15, initializing? false, entries: <empty>
2019-09-16 16:50:08,883 [java.util.concurrent.ThreadPoolExecutor$Worker@3e7cc8e2[State = -1, empty queue]] WARN  server.GrpcLogAppender (GrpcLogAppender.java:timeoutAppendRequest(200)) - c9a1bac0-eae5-4c8c-abbf-c37d9bceede4@group-3F8977C1BEA2->fa2692cc-7d13-407b-8ba8-1b16aaf9a086-GrpcLogAppender: appendEntries Timeout, request=c9a1bac0-eae5-4c8c-abbf-c37d9bceede4->fa2692cc-7d13-407b-8ba8-1b16aaf9a086#42-t4, previous=(t:4, i:19), leaderCommit=15, initializing? false, entries: <empty>
2019-09-16 16:50:08,883 [java.util.concurrent.ThreadPoolExecutor$Worker@72c65599[State = -1, empty queue]] WARN  server.GrpcLogAppender (GrpcLogAppender.java:timeoutAppendRequest(200)) - c9a1bac0-eae5-4c8c-abbf-c37d9bceede4@group-3F8977C1BEA2->790809fb-a9ad-47fd-bbe4-169138176431-GrpcLogAppender: appendEntries Timeout, request=c9a1bac0-eae5-4c8c-abbf-c37d9bceede4->790809fb-a9ad-47fd-bbe4-169138176431#42-t4, previous=(t:4, i:19), leaderCommit=15, initializing? false, entries: <empty>
2019-09-16 16:50:09,384 [java.util.concurrent.ThreadPoolExecutor$Worker@72c65599[State = -1, empty queue]] WARN  server.GrpcLogAppender (GrpcLogAppender.java:timeoutAppendRequest(200)) - c9a1bac0-eae5-4c8c-abbf-c37d9bceede4@group-3F8977C1BEA2->790809fb-a9ad-47fd-bbe4-169138176431-GrpcLogAppender: appendEntries Timeout, request=c9a1bac0-eae5-4c8c-abbf-c37d9bceede4->790809fb-a9ad-47fd-bbe4-169138176431#43-t4, previous=(t:4, i:19), leaderCommit=15, initializing? false, entries: <empty>
2019-09-16 16:50:09,384 [java.util.concurrent.ThreadPoolExecutor$Worker@3e7cc8e2[State = -1, empty queue]] WARN  server.GrpcLogAppender (GrpcLogAppender.java:timeoutAppendRequest(200)) - c9a1bac0-eae5-4c8c-abbf-c37d9bceede4@group-3F8977C1BEA2->fa2692cc-7d13-407b-8ba8-1b16aaf9a086-GrpcLogAppender: appendEntries Timeout, request=c9a1bac0-eae5-4c8c-abbf-c37d9bceede4->fa2692cc-7d13-407b-8ba8-1b16aaf9a086#43-t4, previous=(t:4, i:19), leaderCommit=15, initializing? false, entries: <empty>
2019-09-16 16:50:09,886 [java.util.concurrent.ThreadPoolExecutor$Worker@3e7cc8e2[State = -1, empty queue]] WARN  server.GrpcLogAppender (GrpcLogAppender.java:timeoutAppendRequest(200)) - c9a1bac0-eae5-4c8c-abbf-c37d9bceede4@group-3F8977C1BEA2->fa2692cc-7d13-407b-8ba8-1b16aaf9a086-GrpcLogAppender: appendEntries Timeout, request=c9a1bac0-eae5-4c8c-abbf-c37d9bceede4->fa2692cc-7d13-407b-8ba8-1b16aaf9a086#44-t4, previous=(t:4, i:19), leaderCommit=15, initializing? false, entries: <empty>
2019-09-16 16:50:09,886 [java.util.concurrent.ThreadPoolExecutor$Worker@72c65599[State = -1, empty queue]] WARN  server.GrpcLogAppender (GrpcLogAppender.java:timeoutAppendRequest(200)) - c9a1bac0-eae5-4c8c-abbf-c37d9bceede4@group-3F8977C1BEA2->790809fb-a9ad-47fd-bbe4-169138176431-GrpcLogAppender: appendEntries Timeout, request=c9a1bac0-eae5-4c8c-abbf-c37d9bceede4->790809fb-a9ad-47fd-bbe4-169138176431#44-t4, previous=(t:4, i:19), leaderCommit=15, initializing? false, entries: <empty>
2019-09-16 16:50:10,386 [java.util.concurrent.ThreadPoolExecutor$Worker@72c65599[State = -1, empty queue]] WARN  server.GrpcLogAppender (GrpcLogAppender.java:timeoutAppendRequest(200)) - c9a1bac0-eae5-4c8c-abbf-c37d9bceede4@group-3F8977C1BEA2->790809fb-a9ad-47fd-bbe4-169138176431-GrpcLogAppender: appendEntries Timeout, request=c9a1bac0-eae5-4c8c-abbf-c37d9bceede4->790809fb-a9ad-47fd-bbe4-169138176431#45-t4, previous=(t:4, i:19), leaderCommit=15, initializing? false, entries: <empty>
2019-09-16 16:50:10,386 [java.util.concurrent.ThreadPoolExecutor$Worker@3e7cc8e2[State = -1, empty queue]] WARN  server.GrpcLogAppender (GrpcLogAppender.java:timeoutAppendRequest(200)) - c9a1bac0-eae5-4c8c-abbf-c37d9bceede4@group-3F8977C1BEA2->fa2692cc-7d13-407b-8ba8-1b16aaf9a086-GrpcLogAppender: appendEntries Timeout, request=c9a1bac0-eae5-4c8c-abbf-c37d9bceede4->fa2692cc-7d13-407b-8ba8-1b16aaf9a086#45-t4, previous=(t:4, i:19), leaderCommit=15, initializing? false, entries: <empty>
2019-09-16 16:50:10,559 [grpc-default-executor-3] INFO  client.GrpcClientProtocolClient (GrpcClientProtocolClient.java:onNext(264)) - client-66600ED44B99->fa2692cc-7d13-407b-8ba8-1b16aaf9a086: receive RaftClientReply:client-66600ED44B99->fa2692cc-7d13-407b-8ba8-1b16aaf9a086@group-3F8977C1BEA2, cid=28, FAILED org.apache.ratis.protocol.NotLeaderException: Server fa2692cc-7d13-407b-8ba8-1b16aaf9a086@group-3F8977C1BEA2 is not the leader c9a1bac0-eae5-4c8c-abbf-c37d9bceede4:192.168.34.47:39870, logIndex=0, commits[fa2692cc-7d13-407b-8ba8-1b16aaf9a086:c15, 790809fb-a9ad-47fd-bbe4-169138176431:c11, c9a1bac0-eae5-4c8c-abbf-c37d9bceede4:c15]
2019-09-16 16:50:10,887 [java.util.concurrent.ThreadPoolExecutor$Worker@72c65599[State = -1, empty queue]] WARN  server.GrpcLogAppender (GrpcLogAppender.java:timeoutAppendRequest(200)) - c9a1bac0-eae5-4c8c-abbf-c37d9bceede4@group-3F8977C1BEA2->790809fb-a9ad-47fd-bbe4-169138176431-GrpcLogAppender: appendEntries Timeout, request=c9a1bac0-eae5-4c8c-abbf-c37d9bceede4->790809fb-a9ad-47fd-bbe4-169138176431#46-t4, previous=(t:4, i:19), leaderCommit=15, initializing? false, entries: <empty>
2019-09-16 16:50:10,887 [java.util.concurrent.ThreadPoolExecutor$Worker@3e7cc8e2[State = -1, empty queue]] WARN  server.GrpcLogAppender (GrpcLogAppender.java:timeoutAppendRequest(200)) - c9a1bac0-eae5-4c8c-abbf-c37d9bceede4@group-3F8977C1BEA2->fa2692cc-7d13-407b-8ba8-1b16aaf9a086-GrpcLogAppender: appendEntries Timeout, request=c9a1bac0-eae5-4c8c-abbf-c37d9bceede4->fa2692cc-7d13-407b-8ba8-1b16aaf9a086#46-t4, previous=(t:4, i:19), leaderCommit=15, initializing? false, entries: <empty>
2019-09-16 16:50:11,388 [java.util.concurrent.ThreadPoolExecutor$Worker@72c65599[State = -1, empty queue]] WARN  server.GrpcLogAppender (GrpcLogAppender.java:timeoutAppendRequest(200)) - c9a1bac0-eae5-4c8c-abbf-c37d9bceede4@group-3F8977C1BEA2->790809fb-a9ad-47fd-bbe4-169138176431-GrpcLogAppender: appendEntries Timeout, request=c9a1bac0-eae5-4c8c-abbf-c37d9bceede4->790809fb-a9ad-47fd-bbe4-169138176431#47-t4, previous=(t:4, i:19), leaderCommit=15, initializing? false, entries: <empty>
2019-09-16 16:50:11,388 [java.util.concurrent.ThreadPoolExecutor$Worker@3e7cc8e2[State = -1, empty queue]] WARN  server.GrpcLogAppender (GrpcLogAppender.java:timeoutAppendRequest(200)) - c9a1bac0-eae5-4c8c-abbf-c37d9bceede4@group-3F8977C1BEA2->fa2692cc-7d13-407b-8ba8-1b16aaf9a086-GrpcLogAppender: appendEntries Timeout, request=c9a1bac0-eae5-4c8c-abbf-c37d9bceede4->fa2692cc-7d13-407b-8ba8-1b16aaf9a086#47-t4, previous=(t:4, i:19), leaderCommit=15, initializing? false, entries: <empty>
2019-09-16 16:50:11,888 [java.util.concurrent.ThreadPoolExecutor$Worker@3e7cc8e2[State = -1, empty queue]] WARN  server.GrpcLogAppender (GrpcLogAppender.java:timeoutAppendRequest(200)) - c9a1bac0-eae5-4c8c-abbf-c37d9bceede4@group-3F8977C1BEA2->fa2692cc-7d13-407b-8ba8-1b16aaf9a086-GrpcLogAppender: appendEntries Timeout, request=c9a1bac0-eae5-4c8c-abbf-c37d9bceede4->fa2692cc-7d13-407b-8ba8-1b16aaf9a086#48-t4, previous=(t:4, i:19), leaderCommit=15, initializing? false, entries: <empty>
2019-09-16 16:50:11,888 [java.util.concurrent.ThreadPoolExecutor$Worker@72c65599[State = -1, empty queue]] WARN  server.GrpcLogAppender (GrpcLogAppender.java:timeoutAppendRequest(200)) - c9a1bac0-eae5-4c8c-abbf-c37d9bceede4@group-3F8977C1BEA2->790809fb-a9ad-47fd-bbe4-169138176431-GrpcLogAppender: appendEntries Timeout, request=c9a1bac0-eae5-4c8c-abbf-c37d9bceede4->790809fb-a9ad-47fd-bbe4-169138176431#48-t4, previous=(t:4, i:19), leaderCommit=15, initializing? false, entries: <empty>
2019-09-16 16:50:12,388 [java.util.concurrent.ThreadPoolExecutor$Worker@3e7cc8e2[State = -1, empty queue]] WARN  server.GrpcLogAppender (GrpcLogAppender.java:timeoutAppendRequest(200)) - c9a1bac0-eae5-4c8c-abbf-c37d9bceede4@group-3F8977C1BEA2->fa2692cc-7d13-407b-8ba8-1b16aaf9a086-GrpcLogAppender: appendEntries Timeout, request=c9a1bac0-eae5-4c8c-abbf-c37d9bceede4->fa2692cc-7d13-407b-8ba8-1b16aaf9a086#49-t4, previous=(t:4, i:19), leaderCommit=15, initializing? false, entries: <empty>
2019-09-16 16:50:12,389 [java.util.concurrent.ThreadPoolExecutor$Worker@72c65599[State = -1, empty queue]] WARN  server.GrpcLogAppender (GrpcLogAppender.java:timeoutAppendRequest(200)) - c9a1bac0-eae5-4c8c-abbf-c37d9bceede4@group-3F8977C1BEA2->790809fb-a9ad-47fd-bbe4-169138176431-GrpcLogAppender: appendEntries Timeout, request=c9a1bac0-eae5-4c8c-abbf-c37d9bceede4->790809fb-a9ad-47fd-bbe4-169138176431#49-t4, previous=(t:4, i:19), leaderCommit=15, initializing? false, entries: <empty>
2019-09-16 16:50:12,889 [java.util.concurrent.ThreadPoolExecutor$Worker@3e7cc8e2[State = -1, empty queue]] WARN  server.GrpcLogAppender (GrpcLogAppender.java:timeoutAppendRequest(200)) - c9a1bac0-eae5-4c8c-abbf-c37d9bceede4@group-3F8977C1BEA2->fa2692cc-7d13-407b-8ba8-1b16aaf9a086-GrpcLogAppender: appendEntries Timeout, request=c9a1bac0-eae5-4c8c-abbf-c37d9bceede4->fa2692cc-7d13-407b-8ba8-1b16aaf9a086#50-t4, previous=(t:4, i:19), leaderCommit=15, initializing? false, entries: <empty>
2019-09-16 16:50:12,889 [java.util.concurrent.ThreadPoolExecutor$Worker@72c65599[State = -1, empty queue]] WARN  server.GrpcLogAppender (GrpcLogAppender.java:timeoutAppendRequest(200)) - c9a1bac0-eae5-4c8c-abbf-c37d9bceede4@group-3F8977C1BEA2->790809fb-a9ad-47fd-bbe4-169138176431-GrpcLogAppender: appendEntries Timeout, request=c9a1bac0-eae5-4c8c-abbf-c37d9bceede4->790809fb-a9ad-47fd-bbe4-169138176431#50-t4, previous=(t:4, i:19), leaderCommit=15, initializing? false, entries: <empty>
2019-09-16 16:50:13,389 [java.util.concurrent.ThreadPoolExecutor$Worker@3e7cc8e2[State = -1, empty queue]] WARN  server.GrpcLogAppender (GrpcLogAppender.java:timeoutAppendRequest(200)) - c9a1bac0-eae5-4c8c-abbf-c37d9bceede4@group-3F8977C1BEA2->fa2692cc-7d13-407b-8ba8-1b16aaf9a086-GrpcLogAppender: appendEntries Timeout, request=c9a1bac0-eae5-4c8c-abbf-c37d9bceede4->fa2692cc-7d13-407b-8ba8-1b16aaf9a086#51-t4, previous=(t:4, i:19), leaderCommit=15, initializing? false, entries: <empty>
2019-09-16 16:50:13,390 [java.util.concurrent.ThreadPoolExecutor$Worker@72c65599[State = -1, empty queue]] WARN  server.GrpcLogAppender (GrpcLogAppender.java:timeoutAppendRequest(200)) - c9a1bac0-eae5-4c8c-abbf-c37d9bceede4@group-3F8977C1BEA2->790809fb-a9ad-47fd-bbe4-169138176431-GrpcLogAppender: appendEntries Timeout, request=c9a1bac0-eae5-4c8c-abbf-c37d9bceede4->790809fb-a9ad-47fd-bbe4-169138176431#51-t4, previous=(t:4, i:19), leaderCommit=15, initializing? false, entries: <empty>
2019-09-16 16:50:13,597 [main] WARN  io.KeyOutputStream (KeyOutputStream.java:handleException(276)) - Encountered exception java.io.IOException: Unexpected Storage Container Exception: java.util.concurrent.CompletionException: java.util.concurrent.CompletionException: org.apache.ratis.protocol.RaftRetryFailureException: Failed RaftClientRequest:client-66600ED44B99->c9a1bac0-eae5-4c8c-abbf-c37d9bceede4@group-3F8977C1BEA2, cid=28, seq=9*, RW, org.apache.hadoop.hdds.scm.XceiverClientRatis$$Lambda$596/1907767760@dd1312e for 10 attempts with RetryLimited(maxAttempts=10, sleepTime=1000ms) on the pipeline Pipeline[ Id: 016f2422-3b8d-41ec-9ff2-3f8977c1bea2, Nodes: 790809fb-a9ad-47fd-bbe4-169138176431{ip: 192.168.34.47, host: pr-hdds-2111-ptm9r-3382166736, networkLocation: /default-rack, certSerialId: null}c9a1bac0-eae5-4c8c-abbf-c37d9bceede4{ip: 192.168.34.47, host: pr-hdds-2111-ptm9r-3382166736, networkLocation: /default-rack, certSerialId: null}fa2692cc-7d13-407b-8ba8-1b16aaf9a086{ip: 192.168.34.47, host: pr-hdds-2111-ptm9r-3382166736, networkLocation: /default-rack, certSerialId: null}, Type:RATIS, Factor:THREE, State:OPEN]. The last committed block length is 0, uncommitted data length is 2097152 retry count 0
2019-09-16 16:50:13,741 [grpc-default-executor-4] INFO  client.GrpcClientProtocolClient (GrpcClientProtocolClient.java:onNext(264)) - client-2BC354B76EA6->d43b0c61-8f3a-4c5a-ae51-ff6150aafa7d: receive RaftClientReply:client-2BC354B76EA6->d43b0c61-8f3a-4c5a-ae51-ff6150aafa7d@group-F512E466BF16, cid=32, SUCCESS, logIndex=1, commits[d43b0c61-8f3a-4c5a-ae51-ff6150aafa7d:c1, 18b96c5b-e26d-45b3-8a36-72f0b02f08ab:c0, 95da17b0-4e07-4af0-be4f-5c62bf2a50a7:c0]
2019-09-16 16:50:13,796 [grpc-default-executor-3] INFO  client.GrpcClientProtocolClient (GrpcClientProtocolClient.java:onNext(264)) - client-2BC354B76EA6->d43b0c61-8f3a-4c5a-ae51-ff6150aafa7d: receive RaftClientReply:client-2BC354B76EA6->d43b0c61-8f3a-4c5a-ae51-ff6150aafa7d@group-F512E466BF16, cid=33, SUCCESS, logIndex=3, commits[d43b0c61-8f3a-4c5a-ae51-ff6150aafa7d:c8, 18b96c5b-e26d-45b3-8a36-72f0b02f08ab:c6, 95da17b0-4e07-4af0-be4f-5c62bf2a50a7:c6]
2019-09-16 16:50:13,801 [grpc-default-executor-3] INFO  client.GrpcClientProtocolClient (GrpcClientProtocolClient.java:onNext(264)) - client-2BC354B76EA6->d43b0c61-8f3a-4c5a-ae51-ff6150aafa7d: receive RaftClientReply:client-2BC354B76EA6->d43b0c61-8f3a-4c5a-ae51-ff6150aafa7d@group-F512E466BF16, cid=34, SUCCESS, logIndex=4, commits[d43b0c61-8f3a-4c5a-ae51-ff6150aafa7d:c8, 18b96c5b-e26d-45b3-8a36-72f0b02f08ab:c6, 95da17b0-4e07-4af0-be4f-5c62bf2a50a7:c6]
2019-09-16 16:50:13,833 [grpc-default-executor-3] INFO  client.GrpcClientProtocolClient (GrpcClientProtocolClient.java:onNext(264)) - client-2BC354B76EA6->d43b0c61-8f3a-4c5a-ae51-ff6150aafa7d: receive RaftClientReply:client-2BC354B76EA6->d43b0c61-8f3a-4c5a-ae51-ff6150aafa7d@group-F512E466BF16, cid=35, SUCCESS, logIndex=6, commits[d43b0c61-8f3a-4c5a-ae51-ff6150aafa7d:c8, 18b96c5b-e26d-45b3-8a36-72f0b02f08ab:c6, 95da17b0-4e07-4af0-be4f-5c62bf2a50a7:c6]
2019-09-16 16:50:13,873 [grpc-default-executor-3] INFO  client.GrpcClientProtocolClient (GrpcClientProtocolClient.java:onNext(264)) - client-2BC354B76EA6->d43b0c61-8f3a-4c5a-ae51-ff6150aafa7d: receive RaftClientReply:client-2BC354B76EA6->d43b0c61-8f3a-4c5a-ae51-ff6150aafa7d@group-F512E466BF16, cid=36, SUCCESS, logIndex=9, commits[d43b0c61-8f3a-4c5a-ae51-ff6150aafa7d:c10, 18b96c5b-e26d-45b3-8a36-72f0b02f08ab:c6, 95da17b0-4e07-4af0-be4f-5c62bf2a50a7:c8]
2019-09-16 16:50:13,874 [grpc-default-executor-3] INFO  client.GrpcClientProtocolClient (GrpcClientProtocolClient.java:onNext(264)) - client-2BC354B76EA6->d43b0c61-8f3a-4c5a-ae51-ff6150aafa7d: receive RaftClientReply:client-2BC354B76EA6->d43b0c61-8f3a-4c5a-ae51-ff6150aafa7d@group-F512E466BF16, cid=37, SUCCESS, logIndex=10, commits[d43b0c61-8f3a-4c5a-ae51-ff6150aafa7d:c10, 18b96c5b-e26d-45b3-8a36-72f0b02f08ab:c8, 95da17b0-4e07-4af0-be4f-5c62bf2a50a7:c8]
2019-09-16 16:50:13,891 [grpc-default-executor-1] INFO  client.GrpcClientProtocolClient (GrpcClientProtocolClient.java:onNext(264)) - client-2BC354B76EA6->d43b0c61-8f3a-4c5a-ae51-ff6150aafa7d: receive RaftClientReply:client-2BC354B76EA6->d43b0c61-8f3a-4c5a-ae51-ff6150aafa7d@group-F512E466BF16, cid=38, SUCCESS, logIndex=11, commits[d43b0c61-8f3a-4c5a-ae51-ff6150aafa7d:c14, 18b96c5b-e26d-45b3-8a36-72f0b02f08ab:c10, 95da17b0-4e07-4af0-be4f-5c62bf2a50a7:c8]
2019-09-16 16:50:13,892 [grpc-default-executor-1] INFO  client.GrpcClientProtocolClient (GrpcClientProtocolClient.java:onNext(264)) - client-2BC354B76EA6->d43b0c61-8f3a-4c5a-ae51-ff6150aafa7d: receive RaftClientReply:client-2BC354B76EA6->d43b0c61-8f3a-4c5a-ae51-ff6150aafa7d@group-F512E466BF16, cid=39, SUCCESS, logIndex=12, commits[d43b0c61-8f3a-4c5a-ae51-ff6150aafa7d:c14, 18b96c5b-e26d-45b3-8a36-72f0b02f08ab:c10, 95da17b0-4e07-4af0-be4f-5c62bf2a50a7:c10]
2019-09-16 16:50:13,892 [java.util.concurrent.ThreadPoolExecutor$Worker@72c65599[State = -1, empty queue]] WARN  server.GrpcLogAppender (GrpcLogAppender.java:timeoutAppendRequest(200)) - c9a1bac0-eae5-4c8c-abbf-c37d9bceede4@group-3F8977C1BEA2->790809fb-a9ad-47fd-bbe4-169138176431-GrpcLogAppender: appendEntries Timeout, request=c9a1bac0-eae5-4c8c-abbf-c37d9bceede4->790809fb-a9ad-47fd-bbe4-169138176431#52-t4, previous=(t:4, i:19), leaderCommit=15, initializing? false, entries: <empty>
2019-09-16 16:50:13,892 [java.util.concurrent.ThreadPoolExecutor$Worker@3e7cc8e2[State = -1, empty queue]] WARN  server.GrpcLogAppender (GrpcLogAppender.java:timeoutAppendRequest(200)) - c9a1bac0-eae5-4c8c-abbf-c37d9bceede4@group-3F8977C1BEA2->fa2692cc-7d13-407b-8ba8-1b16aaf9a086-GrpcLogAppender: appendEntries Timeout, request=c9a1bac0-eae5-4c8c-abbf-c37d9bceede4->fa2692cc-7d13-407b-8ba8-1b16aaf9a086#52-t4, previous=(t:4, i:19), leaderCommit=15, initializing? false, entries: <empty>
2019-09-16 16:50:14,437 [java.util.concurrent.ThreadPoolExecutor$Worker@72c65599[State = -1, empty queue]] WARN  server.GrpcLogAppender (GrpcLogAppender.java:timeoutAppendRequest(200)) - c9a1bac0-eae5-4c8c-abbf-c37d9bceede4@group-3F8977C1BEA2->790809fb-a9ad-47fd-bbe4-169138176431-GrpcLogAppender: appendEntries Timeout, request=c9a1bac0-eae5-4c8c-abbf-c37d9bceede4->790809fb-a9ad-47fd-bbe4-169138176431#53-t4, previous=(t:4, i:19), leaderCommit=15, initializing? false, entries: <empty>
2019-09-16 16:50:14,437 [java.util.concurrent.ThreadPoolExecutor$Worker@3e7cc8e2[State = -1, empty queue]] WARN  server.GrpcLogAppender (GrpcLogAppender.java:timeoutAppendRequest(200)) - c9a1bac0-eae5-4c8c-abbf-c37d9bceede4@group-3F8977C1BEA2->fa2692cc-7d13-407b-8ba8-1b16aaf9a086-GrpcLogAppender: appendEntries Timeout, request=c9a1bac0-eae5-4c8c-abbf-c37d9bceede4->fa2692cc-7d13-407b-8ba8-1b16aaf9a086#53-t4, previous=(t:4, i:19), leaderCommit=15, initializing? false, entries: <empty>
2019-09-16 16:50:14,450 [grpc-default-executor-0] INFO  client.GrpcClientProtocolClient (GrpcClientProtocolClient.java:onNext(264)) - client-2BC354B76EA6->d43b0c61-8f3a-4c5a-ae51-ff6150aafa7d: receive RaftClientReply:client-2BC354B76EA6->d43b0c61-8f3a-4c5a-ae51-ff6150aafa7d@group-F512E466BF16, cid=40, SUCCESS, logIndex=0, commits[d43b0c61-8f3a-4c5a-ae51-ff6150aafa7d:c15, 18b96c5b-e26d-45b3-8a36-72f0b02f08ab:c15, 95da17b0-4e07-4af0-be4f-5c62bf2a50a7:c15]
2019-09-16 16:50:14,700 [grpc-default-executor-4] INFO  client.GrpcClientProtocolClient (GrpcClientProtocolClient.java:onNext(264)) - client-F1A86D2C076E->7fc320a2-74a2-44cb-8d45-40912bba4ff2: receive RaftClientReply:client-F1A86D2C076E->7fc320a2-74a2-44cb-8d45-40912bba4ff2@group-512358092D21, cid=41, SUCCESS, logIndex=1, commits[7fc320a2-74a2-44cb-8d45-40912bba4ff2:c1, 6d73d83e-4bf7-49f9-9c6b-f14bf24667e0:c0, 9061b39a-2428-46aa-ac83-e6ff060f5840:c0]
2019-09-16 16:50:14,842 [grpc-default-executor-0] INFO  client.GrpcClientProtocolClient (GrpcClientProtocolClient.java:onNext(264)) - client-F1A86D2C076E->7fc320a2-74a2-44cb-8d45-40912bba4ff2: receive RaftClientReply:client-F1A86D2C076E->7fc320a2-74a2-44cb-8d45-40912bba4ff2@group-512358092D21, cid=42, SUCCESS, logIndex=3, commits[7fc320a2-74a2-44cb-8d45-40912bba4ff2:c8, 6d73d83e-4bf7-49f9-9c6b-f14bf24667e0:c5, 9061b39a-2428-46aa-ac83-e6ff060f5840:c5]
2019-09-16 16:50:14,842 [grpc-default-executor-0] INFO  client.GrpcClientProtocolClient (GrpcClientProtocolClient.java:onNext(264)) - client-F1A86D2C076E->7fc320a2-74a2-44cb-8d45-40912bba4ff2: receive RaftClientReply:client-F1A86D2C076E->7fc320a2-74a2-44cb-8d45-40912bba4ff2@group-512358092D21, cid=43, SUCCESS, logIndex=4, commits[7fc320a2-74a2-44cb-8d45-40912bba4ff2:c8, 6d73d83e-4bf7-49f9-9c6b-f14bf24667e0:c5, 9061b39a-2428-46aa-ac83-e6ff060f5840:c5]
2019-09-16 16:50:14,896 [java.util.concurrent.ThreadPoolExecutor$Worker@3e7cc8e2[State = -1, empty queue]] WARN  server.GrpcLogAppender (GrpcLogAppender.java:timeoutAppendRequest(200)) - c9a1bac0-eae5-4c8c-abbf-c37d9bceede4@group-3F8977C1BEA2->fa2692cc-7d13-407b-8ba8-1b16aaf9a086-GrpcLogAppender: appendEntries Timeout, request=c9a1bac0-eae5-4c8c-abbf-c37d9bceede4->fa2692cc-7d13-407b-8ba8-1b16aaf9a086#54-t4, previous=(t:4, i:19), leaderCommit=15, initializing? false, entries: <empty>
2019-09-16 16:50:14,896 [java.util.concurrent.ThreadPoolExecutor$Worker@72c65599[State = -1, empty queue]] WARN  server.GrpcLogAppender (GrpcLogAppender.java:timeoutAppendRequest(200)) - c9a1bac0-eae5-4c8c-abbf-c37d9bceede4@group-3F8977C1BEA2->790809fb-a9ad-47fd-bbe4-169138176431-GrpcLogAppender: appendEntries Timeout, request=c9a1bac0-eae5-4c8c-abbf-c37d9bceede4->790809fb-a9ad-47fd-bbe4-169138176431#54-t4, previous=(t:4, i:19), leaderCommit=15, initializing? false, entries: <empty>
2019-09-16 16:50:14,938 [grpc-default-executor-0] INFO  client.GrpcClientProtocolClient (GrpcClientProtocolClient.java:onNext(264)) - client-F1A86D2C076E->7fc320a2-74a2-44cb-8d45-40912bba4ff2: receive RaftClientReply:client-F1A86D2C076E->7fc320a2-74a2-44cb-8d45-40912bba4ff2@group-512358092D21, cid=44, SUCCESS, logIndex=5, commits[7fc320a2-74a2-44cb-8d45-40912bba4ff2:c8, 6d73d83e-4bf7-49f9-9c6b-f14bf24667e0:c5, 9061b39a-2428-46aa-ac83-e6ff060f5840:c5]
2019-09-16 16:50:15,397 [java.util.concurrent.ThreadPoolExecutor$Worker@72c65599[State = -1, empty queue]] WARN  server.GrpcLogAppender (GrpcLogAppender.java:timeoutAppendRequest(200)) - c9a1bac0-eae5-4c8c-abbf-c37d9bceede4@group-3F8977C1BEA2->790809fb-a9ad-47fd-bbe4-169138176431-GrpcLogAppender: appendEntries Timeout, request=c9a1bac0-eae5-4c8c-abbf-c37d9bceede4->790809fb-a9ad-47fd-bbe4-169138176431#55-t4, previous=(t:4, i:19), leaderCommit=15, initializing? false, entries: <empty>
2019-09-16 16:50:15,397 [java.util.concurrent.ThreadPoolExecutor$Worker@3e7cc8e2[State = -1, empty queue]] WARN  server.GrpcLogAppender (GrpcLogAppender.java:timeoutAppendRequest(200)) - c9a1bac0-eae5-4c8c-abbf-c37d9bceede4@group-3F8977C1BEA2->fa2692cc-7d13-407b-8ba8-1b16aaf9a086-GrpcLogAppender: appendEntries Timeout, request=c9a1bac0-eae5-4c8c-abbf-c37d9bceede4->fa2692cc-7d13-407b-8ba8-1b16aaf9a086#55-t4, previous=(t:4, i:19), leaderCommit=15, initializing? false, entries: <empty>
2019-09-16 16:50:15,461 [790809fb-a9ad-47fd-bbe4-169138176431@group-3F8977C1BEA2-SegmentedRaftLogWorker] WARN  segmented.SegmentedRaftLogWorker (SegmentedRaftLogWorker.java:getFromFuture(90)) - Timeout 1/~
org.apache.ratis.protocol.TimeoutIOException: Timeout 10s: WriteLog:18: (t:4, i:18), STATEMACHINELOGENTRY, client-66600ED44B99, cid=30-writeStateMachineData
	at org.apache.ratis.util.IOUtils.getFromFuture(IOUtils.java:87)
	at org.apache.ratis.server.raftlog.segmented.SegmentedRaftLogWorker$StateMachineDataPolicy.getFromFuture(SegmentedRaftLogWorker.java:87)
	at org.apache.ratis.server.raftlog.segmented.SegmentedRaftLogWorker$WriteLog.execute(SegmentedRaftLogWorker.java:477)
	at org.apache.ratis.server.raftlog.segmented.SegmentedRaftLogWorker.run(SegmentedRaftLogWorker.java:289)
	at java.lang.Thread.run(Thread.java:748)
Caused by: java.util.concurrent.TimeoutException
	at java.util.concurrent.CompletableFuture.timedGet(CompletableFuture.java:1771)
	at java.util.concurrent.CompletableFuture.get(CompletableFuture.java:1915)
	at org.apache.ratis.util.IOUtils.getFromFuture(IOUtils.java:79)
	... 4 more
2019-09-16 16:50:15,461 [fa2692cc-7d13-407b-8ba8-1b16aaf9a086@group-3F8977C1BEA2-SegmentedRaftLogWorker] WARN  segmented.SegmentedRaftLogWorker (SegmentedRaftLogWorker.java:getFromFuture(90)) - Timeout 1/~
org.apache.ratis.protocol.TimeoutIOException: Timeout 10s: WriteLog:18: (t:4, i:18), STATEMACHINELOGENTRY, client-66600ED44B99, cid=30-writeStateMachineData
	at org.apache.ratis.util.IOUtils.getFromFuture(IOUtils.java:87)
	at org.apache.ratis.server.raftlog.segmented.SegmentedRaftLogWorker$StateMachineDataPolicy.getFromFuture(SegmentedRaftLogWorker.java:87)
	at org.apache.ratis.server.raftlog.segmented.SegmentedRaftLogWorker$WriteLog.execute(SegmentedRaftLogWorker.java:477)
	at org.apache.ratis.server.raftlog.segmented.SegmentedRaftLogWorker.run(SegmentedRaftLogWorker.java:289)
	at java.lang.Thread.run(Thread.java:748)
Caused by: java.util.concurrent.TimeoutException
	at java.util.concurrent.CompletableFuture.timedGet(CompletableFuture.java:1771)
	at java.util.concurrent.CompletableFuture.get(CompletableFuture.java:1915)
	at org.apache.ratis.util.IOUtils.getFromFuture(IOUtils.java:79)
	... 4 more
2019-09-16 16:50:15,461 [Datanode State Machine Thread - 0] INFO  statemachine.DatanodeStateMachine (DatanodeStateMachine.java:lambda$startDaemon$0(350)) - Ozone container server started.
2019-09-16 16:50:15,462 [c9a1bac0-eae5-4c8c-abbf-c37d9bceede4@group-3F8977C1BEA2-SegmentedRaftLogWorker] WARN  segmented.SegmentedRaftLogWorker (SegmentedRaftLogWorker.java:getFromFuture(90)) - Timeout 1/~
org.apache.ratis.protocol.TimeoutIOException: Timeout 10s: WriteLog:18: (t:4, i:18), STATEMACHINELOGENTRY, client-66600ED44B99, cid=30-writeStateMachineData
	at org.apache.ratis.util.IOUtils.getFromFuture(IOUtils.java:87)
	at org.apache.ratis.server.raftlog.segmented.SegmentedRaftLogWorker$StateMachineDataPolicy.getFromFuture(SegmentedRaftLogWorker.java:87)
	at org.apache.ratis.server.raftlog.segmented.SegmentedRaftLogWorker$WriteLog.execute(SegmentedRaftLogWorker.java:477)
	at org.apache.ratis.server.raftlog.segmented.SegmentedRaftLogWorker.run(SegmentedRaftLogWorker.java:289)
	at java.lang.Thread.run(Thread.java:748)
Caused by: java.util.concurrent.TimeoutException
	at java.util.concurrent.CompletableFuture.timedGet(CompletableFuture.java:1771)
	at java.util.concurrent.CompletableFuture.get(CompletableFuture.java:1915)
	at org.apache.ratis.util.IOUtils.getFromFuture(IOUtils.java:79)
	... 4 more
2019-09-16 16:50:15,897 [java.util.concurrent.ThreadPoolExecutor$Worker@3e7cc8e2[State = -1, empty queue]] WARN  server.GrpcLogAppender (GrpcLogAppender.java:timeoutAppendRequest(200)) - c9a1bac0-eae5-4c8c-abbf-c37d9bceede4@group-3F8977C1BEA2->fa2692cc-7d13-407b-8ba8-1b16aaf9a086-GrpcLogAppender: appendEntries Timeout, request=c9a1bac0-eae5-4c8c-abbf-c37d9bceede4->fa2692cc-7d13-407b-8ba8-1b16aaf9a086#56-t4, previous=(t:4, i:19), leaderCommit=15, initializing? false, entries: <empty>
2019-09-16 16:50:15,897 [java.util.concurrent.ThreadPoolExecutor$Worker@72c65599[State = -1, empty queue]] WARN  server.GrpcLogAppender (GrpcLogAppender.java:timeoutAppendRequest(200)) - c9a1bac0-eae5-4c8c-abbf-c37d9bceede4@group-3F8977C1BEA2->790809fb-a9ad-47fd-bbe4-169138176431-GrpcLogAppender: appendEntries Timeout, request=c9a1bac0-eae5-4c8c-abbf-c37d9bceede4->790809fb-a9ad-47fd-bbe4-169138176431#56-t4, previous=(t:4, i:19), leaderCommit=15, initializing? false, entries: <empty>
2019-09-16 16:50:16,397 [java.util.concurrent.ThreadPoolExecutor$Worker@3e7cc8e2[State = -1, empty queue]] WARN  server.GrpcLogAppender (GrpcLogAppender.java:timeoutAppendRequest(200)) - c9a1bac0-eae5-4c8c-abbf-c37d9bceede4@group-3F8977C1BEA2->fa2692cc-7d13-407b-8ba8-1b16aaf9a086-GrpcLogAppender: appendEntries Timeout, request=c9a1bac0-eae5-4c8c-abbf-c37d9bceede4->fa2692cc-7d13-407b-8ba8-1b16aaf9a086#57-t4, previous=(t:4, i:19), leaderCommit=15, initializing? false, entries: <empty>
2019-09-16 16:50:16,397 [java.util.concurrent.ThreadPoolExecutor$Worker@72c65599[State = -1, empty queue]] WARN  server.GrpcLogAppender (GrpcLogAppender.java:timeoutAppendRequest(200)) - c9a1bac0-eae5-4c8c-abbf-c37d9bceede4@group-3F8977C1BEA2->790809fb-a9ad-47fd-bbe4-169138176431-GrpcLogAppender: appendEntries Timeout, request=c9a1bac0-eae5-4c8c-abbf-c37d9bceede4->790809fb-a9ad-47fd-bbe4-169138176431#57-t4, previous=(t:4, i:19), leaderCommit=15, initializing? false, entries: <empty>
2019-09-16 16:50:16,898 [java.util.concurrent.ThreadPoolExecutor$Worker@3e7cc8e2[State = -1, empty queue]] WARN  server.GrpcLogAppender (GrpcLogAppender.java:timeoutAppendRequest(200)) - c9a1bac0-eae5-4c8c-abbf-c37d9bceede4@group-3F8977C1BEA2->fa2692cc-7d13-407b-8ba8-1b16aaf9a086-GrpcLogAppender: appendEntries Timeout, request=c9a1bac0-eae5-4c8c-abbf-c37d9bceede4->fa2692cc-7d13-407b-8ba8-1b16aaf9a086#58-t4, previous=(t:4, i:19), leaderCommit=15, initializing? false, entries: <empty>
2019-09-16 16:50:16,898 [java.util.concurrent.ThreadPoolExecutor$Worker@72c65599[State = -1, empty queue]] WARN  server.GrpcLogAppender (GrpcLogAppender.java:timeoutAppendRequest(200)) - c9a1bac0-eae5-4c8c-abbf-c37d9bceede4@group-3F8977C1BEA2->790809fb-a9ad-47fd-bbe4-169138176431-GrpcLogAppender: appendEntries Timeout, request=c9a1bac0-eae5-4c8c-abbf-c37d9bceede4->790809fb-a9ad-47fd-bbe4-169138176431#58-t4, previous=(t:4, i:19), leaderCommit=15, initializing? false, entries: <empty>
2019-09-16 16:50:17,438 [java.util.concurrent.ThreadPoolExecutor$Worker@72c65599[State = -1, empty queue]] WARN  server.GrpcLogAppender (GrpcLogAppender.java:timeoutAppendRequest(200)) - c9a1bac0-eae5-4c8c-abbf-c37d9bceede4@group-3F8977C1BEA2->790809fb-a9ad-47fd-bbe4-169138176431-GrpcLogAppender: appendEntries Timeout, request=c9a1bac0-eae5-4c8c-abbf-c37d9bceede4->790809fb-a9ad-47fd-bbe4-169138176431#59-t4, previous=(t:4, i:19), leaderCommit=15, initializing? false, entries: <empty>
2019-09-16 16:50:17,438 [java.util.concurrent.ThreadPoolExecutor$Worker@3e7cc8e2[State = -1, empty queue]] WARN  server.GrpcLogAppender (GrpcLogAppender.java:timeoutAppendRequest(200)) - c9a1bac0-eae5-4c8c-abbf-c37d9bceede4@group-3F8977C1BEA2->fa2692cc-7d13-407b-8ba8-1b16aaf9a086-GrpcLogAppender: appendEntries Timeout, request=c9a1bac0-eae5-4c8c-abbf-c37d9bceede4->fa2692cc-7d13-407b-8ba8-1b16aaf9a086#59-t4, previous=(t:4, i:19), leaderCommit=15, initializing? false, entries: <empty>
2019-09-16 16:50:17,938 [java.util.concurrent.ThreadPoolExecutor$Worker@72c65599[State = -1, empty queue]] WARN  server.GrpcLogAppender (GrpcLogAppender.java:timeoutAppendRequest(200)) - c9a1bac0-eae5-4c8c-abbf-c37d9bceede4@group-3F8977C1BEA2->790809fb-a9ad-47fd-bbe4-169138176431-GrpcLogAppender: appendEntries Timeout, request=c9a1bac0-eae5-4c8c-abbf-c37d9bceede4->790809fb-a9ad-47fd-bbe4-169138176431#60-t4, previous=(t:4, i:19), leaderCommit=15, initializing? false, entries: <empty>
2019-09-16 16:50:17,938 [java.util.concurrent.ThreadPoolExecutor$Worker@3e7cc8e2[State = -1, empty queue]] WARN  server.GrpcLogAppender (GrpcLogAppender.java:timeoutAppendRequest(200)) - c9a1bac0-eae5-4c8c-abbf-c37d9bceede4@group-3F8977C1BEA2->fa2692cc-7d13-407b-8ba8-1b16aaf9a086-GrpcLogAppender: appendEntries Timeout, request=c9a1bac0-eae5-4c8c-abbf-c37d9bceede4->fa2692cc-7d13-407b-8ba8-1b16aaf9a086#60-t4, previous=(t:4, i:19), leaderCommit=15, initializing? false, entries: <empty>
2019-09-16 16:50:18,439 [java.util.concurrent.ThreadPoolExecutor$Worker@3e7cc8e2[State = -1, empty queue]] WARN  server.GrpcLogAppender (GrpcLogAppender.java:timeoutAppendRequest(200)) - c9a1bac0-eae5-4c8c-abbf-c37d9bceede4@group-3F8977C1BEA2->fa2692cc-7d13-407b-8ba8-1b16aaf9a086-GrpcLogAppender: appendEntries Timeout, request=c9a1bac0-eae5-4c8c-abbf-c37d9bceede4->fa2692cc-7d13-407b-8ba8-1b16aaf9a086#61-t4, previous=(t:4, i:19), leaderCommit=15, initializing? false, entries: <empty>
2019-09-16 16:50:18,439 [java.util.concurrent.ThreadPoolExecutor$Worker@72c65599[State = -1, empty queue]] WARN  server.GrpcLogAppender (GrpcLogAppender.java:timeoutAppendRequest(200)) - c9a1bac0-eae5-4c8c-abbf-c37d9bceede4@group-3F8977C1BEA2->790809fb-a9ad-47fd-bbe4-169138176431-GrpcLogAppender: appendEntries Timeout, request=c9a1bac0-eae5-4c8c-abbf-c37d9bceede4->790809fb-a9ad-47fd-bbe4-169138176431#61-t4, previous=(t:4, i:19), leaderCommit=15, initializing? false, entries: <empty>
2019-09-16 16:50:18,939 [java.util.concurrent.ThreadPoolExecutor$Worker@3e7cc8e2[State = -1, empty queue]] WARN  server.GrpcLogAppender (GrpcLogAppender.java:timeoutAppendRequest(200)) - c9a1bac0-eae5-4c8c-abbf-c37d9bceede4@group-3F8977C1BEA2->fa2692cc-7d13-407b-8ba8-1b16aaf9a086-GrpcLogAppender: appendEntries Timeout, request=c9a1bac0-eae5-4c8c-abbf-c37d9bceede4->fa2692cc-7d13-407b-8ba8-1b16aaf9a086#62-t4, previous=(t:4, i:19), leaderCommit=15, initializing? false, entries: <empty>
2019-09-16 16:50:18,939 [java.util.concurrent.ThreadPoolExecutor$Worker@72c65599[State = -1, empty queue]] WARN  server.GrpcLogAppender (GrpcLogAppender.java:timeoutAppendRequest(200)) - c9a1bac0-eae5-4c8c-abbf-c37d9bceede4@group-3F8977C1BEA2->790809fb-a9ad-47fd-bbe4-169138176431-GrpcLogAppender: appendEntries Timeout, request=c9a1bac0-eae5-4c8c-abbf-c37d9bceede4->790809fb-a9ad-47fd-bbe4-169138176431#62-t4, previous=(t:4, i:19), leaderCommit=15, initializing? false, entries: <empty>
2019-09-16 16:50:19,439 [java.util.concurrent.ThreadPoolExecutor$Worker@3e7cc8e2[State = -1, empty queue]] WARN  server.GrpcLogAppender (GrpcLogAppender.java:timeoutAppendRequest(200)) - c9a1bac0-eae5-4c8c-abbf-c37d9bceede4@group-3F8977C1BEA2->fa2692cc-7d13-407b-8ba8-1b16aaf9a086-GrpcLogAppender: appendEntries Timeout, request=c9a1bac0-eae5-4c8c-abbf-c37d9bceede4->fa2692cc-7d13-407b-8ba8-1b16aaf9a086#63-t4, previous=(t:4, i:19), leaderCommit=15, initializing? false, entries: <empty>
2019-09-16 16:50:19,440 [java.util.concurrent.ThreadPoolExecutor$Worker@72c65599[State = -1, empty queue]] WARN  server.GrpcLogAppender (GrpcLogAppender.java:timeoutAppendRequest(200)) - c9a1bac0-eae5-4c8c-abbf-c37d9bceede4@group-3F8977C1BEA2->790809fb-a9ad-47fd-bbe4-169138176431-GrpcLogAppender: appendEntries Timeout, request=c9a1bac0-eae5-4c8c-abbf-c37d9bceede4->790809fb-a9ad-47fd-bbe4-169138176431#63-t4, previous=(t:4, i:19), leaderCommit=15, initializing? false, entries: <empty>
2019-09-16 16:50:19,940 [java.util.concurrent.ThreadPoolExecutor$Worker@3e7cc8e2[State = -1, empty queue]] WARN  server.GrpcLogAppender (GrpcLogAppender.java:timeoutAppendRequest(200)) - c9a1bac0-eae5-4c8c-abbf-c37d9bceede4@group-3F8977C1BEA2->fa2692cc-7d13-407b-8ba8-1b16aaf9a086-GrpcLogAppender: appendEntries Timeout, request=c9a1bac0-eae5-4c8c-abbf-c37d9bceede4->fa2692cc-7d13-407b-8ba8-1b16aaf9a086#64-t4, previous=(t:4, i:19), leaderCommit=15, initializing? false, entries: <empty>
2019-09-16 16:50:19,940 [java.util.concurrent.ThreadPoolExecutor$Worker@72c65599[State = -1, empty queue]] WARN  server.GrpcLogAppender (GrpcLogAppender.java:timeoutAppendRequest(200)) - c9a1bac0-eae5-4c8c-abbf-c37d9bceede4@group-3F8977C1BEA2->790809fb-a9ad-47fd-bbe4-169138176431-GrpcLogAppender: appendEntries Timeout, request=c9a1bac0-eae5-4c8c-abbf-c37d9bceede4->790809fb-a9ad-47fd-bbe4-169138176431#64-t4, previous=(t:4, i:19), leaderCommit=15, initializing? false, entries: <empty>
2019-09-16 16:50:19,944 [main] INFO  ozoneimpl.OzoneContainer (OzoneContainer.java:stop(231)) - Attempting to stop container services.
2019-09-16 16:50:19,946 [main] INFO  impl.RaftServerProxy (RaftServerProxy.java:lambda$close$4(314)) - 790809fb-a9ad-47fd-bbe4-169138176431: close
2019-09-16 16:50:19,947 [main] INFO  impl.RaftServerImpl (RaftServerImpl.java:lambda$shutdown$3(251)) - 790809fb-a9ad-47fd-bbe4-169138176431@group-3F8977C1BEA2: shutdown
2019-09-16 16:50:19,948 [ForkJoinPool.commonPool-worker-0] INFO  impl.RaftServerImpl (RaftServerImpl.java:lambda$shutdown$3(251)) - 790809fb-a9ad-47fd-bbe4-169138176431@group-6D892B71EB5F: shutdown
2019-09-16 16:50:19,948 [main] INFO  util.JmxRegister (JmxRegister.java:unregister(73)) - Successfully un-registered JMX Bean with object name Ratis:service=RaftServer,group=group-3F8977C1BEA2,id=790809fb-a9ad-47fd-bbe4-169138176431
2019-09-16 16:50:19,948 [ForkJoinPool.commonPool-worker-0] INFO  util.JmxRegister (JmxRegister.java:unregister(73)) - Successfully un-registered JMX Bean with object name Ratis:service=RaftServer,group=group-6D892B71EB5F,id=790809fb-a9ad-47fd-bbe4-169138176431
2019-09-16 16:50:19,948 [main] INFO  impl.RoleInfo (RoleInfo.java:shutdownFollowerState(121)) - 790809fb-a9ad-47fd-bbe4-169138176431: shutdown FollowerState
2019-09-16 16:50:19,948 [ForkJoinPool.commonPool-worker-0] INFO  impl.RoleInfo (RoleInfo.java:shutdownLeaderState(104)) - 790809fb-a9ad-47fd-bbe4-169138176431: shutdown LeaderState
2019-09-16 16:50:19,949 [Thread-440] INFO  impl.FollowerState (FollowerState.java:run(115)) - 790809fb-a9ad-47fd-bbe4-169138176431: FollowerState was interrupted: java.lang.InterruptedException: sleep interrupted
2019-09-16 16:50:19,949 [main] INFO  impl.StateMachineUpdater (StateMachineUpdater.java:stopAndJoin(125)) - 790809fb-a9ad-47fd-bbe4-169138176431@group-3F8977C1BEA2-StateMachineUpdater: set stopIndex = 15
2019-09-16 16:50:19,949 [ForkJoinPool.commonPool-worker-0] INFO  impl.PendingRequests (PendingRequests.java:sendNotLeaderResponses(202)) - 790809fb-a9ad-47fd-bbe4-169138176431-PendingRequests: sendNotLeaderResponses
2019-09-16 16:50:19,954 [790809fb-a9ad-47fd-bbe4-169138176431@group-3F8977C1BEA2-StateMachineUpdater] INFO  ratis.ContainerStateMachine (ContainerStateMachine.java:takeSnapshot(289)) - group-3F8977C1BEA2: Taking a snapshot at:(t:4, i:11) file /workdir/hadoop-ozone/integration-test/target/test-dir/MiniOzoneClusterImpl-f8b2c6cb-9ce7-4af8-81ae-d81048953348/datanode-4/data/ratis/016f2422-3b8d-41ec-9ff2-3f8977c1bea2/sm/snapshot.4_11
2019-09-16 16:50:19,954 [ForkJoinPool.commonPool-worker-0] INFO  impl.StateMachineUpdater (StateMachineUpdater.java:stopAndJoin(125)) - 790809fb-a9ad-47fd-bbe4-169138176431@group-6D892B71EB5F-StateMachineUpdater: set stopIndex = 0
2019-09-16 16:50:19,958 [ForkJoinPool.commonPool-worker-0] INFO  impl.RaftServerImpl (ServerState.java:close(385)) - 790809fb-a9ad-47fd-bbe4-169138176431@group-6D892B71EB5F: closes. applyIndex: 0
2019-09-16 16:50:19,960 [790809fb-a9ad-47fd-bbe4-169138176431@group-6D892B71EB5F-SegmentedRaftLogWorker] INFO  segmented.SegmentedRaftLogWorker (SegmentedRaftLogWorker.java:run(313)) - 790809fb-a9ad-47fd-bbe4-169138176431@group-6D892B71EB5F-SegmentedRaftLogWorker was interrupted, exiting. There are 0 tasks remaining in the queue.
2019-09-16 16:50:19,964 [ForkJoinPool.commonPool-worker-0] INFO  segmented.SegmentedRaftLogWorker (SegmentedRaftLogWorker.java:close(228)) - 790809fb-a9ad-47fd-bbe4-169138176431@group-6D892B71EB5F-SegmentedRaftLogWorker close()
2019-09-16 16:50:19,997 [790809fb-a9ad-47fd-bbe4-169138176431@group-3F8977C1BEA2-StateMachineUpdater] INFO  ratis.ContainerStateMachine (ContainerStateMachine.java:takeSnapshot(300)) - group-3F8977C1BEA2: Finished taking a snapshot at:(t:4, i:11) file:/workdir/hadoop-ozone/integration-test/target/test-dir/MiniOzoneClusterImpl-f8b2c6cb-9ce7-4af8-81ae-d81048953348/datanode-4/data/ratis/016f2422-3b8d-41ec-9ff2-3f8977c1bea2/sm/snapshot.4_11 time:43
2019-09-16 16:50:19,997 [790809fb-a9ad-47fd-bbe4-169138176431@group-3F8977C1BEA2-StateMachineUpdater] INFO  impl.StateMachineUpdater (StateMachineUpdater.java:takeSnapshot(258)) - 790809fb-a9ad-47fd-bbe4-169138176431@group-3F8977C1BEA2-StateMachineUpdater: Took a snapshot at index 11
2019-09-16 16:50:19,997 [790809fb-a9ad-47fd-bbe4-169138176431@group-3F8977C1BEA2-StateMachineUpdater] INFO  impl.StateMachineUpdater (StateMachineUpdater.java:lambda$new$0(83)) - 790809fb-a9ad-47fd-bbe4-169138176431@group-3F8977C1BEA2-StateMachineUpdater: snapshotIndex: updateIncreasingly -1 -> 11
2019-09-16 16:50:20,002 [790809fb-a9ad-47fd-bbe4-169138176431@group-3F8977C1BEA2-StateMachineUpdater] INFO  ratis.ContainerStateMachine (ContainerStateMachine.java:takeSnapshot(289)) - group-3F8977C1BEA2: Taking a snapshot at:(t:4, i:11) file /workdir/hadoop-ozone/integration-test/target/test-dir/MiniOzoneClusterImpl-f8b2c6cb-9ce7-4af8-81ae-d81048953348/datanode-4/data/ratis/016f2422-3b8d-41ec-9ff2-3f8977c1bea2/sm/snapshot.4_11
2019-09-16 16:50:20,014 [790809fb-a9ad-47fd-bbe4-169138176431@group-3F8977C1BEA2-StateMachineUpdater] INFO  ratis.ContainerStateMachine (ContainerStateMachine.java:takeSnapshot(300)) - group-3F8977C1BEA2: Finished taking a snapshot at:(t:4, i:11) file:/workdir/hadoop-ozone/integration-test/target/test-dir/MiniOzoneClusterImpl-f8b2c6cb-9ce7-4af8-81ae-d81048953348/datanode-4/data/ratis/016f2422-3b8d-41ec-9ff2-3f8977c1bea2/sm/snapshot.4_11 time:12
2019-09-16 16:50:20,015 [790809fb-a9ad-47fd-bbe4-169138176431@group-3F8977C1BEA2-StateMachineUpdater] INFO  impl.StateMachineUpdater (StateMachineUpdater.java:takeSnapshot(258)) - 790809fb-a9ad-47fd-bbe4-169138176431@group-3F8977C1BEA2-StateMachineUpdater: Took a snapshot at index 11
2019-09-16 16:50:20,015 [790809fb-a9ad-47fd-bbe4-169138176431@group-3F8977C1BEA2-StateMachineUpdater] INFO  impl.StateMachineUpdater (StateMachineUpdater.java:lambda$new$0(83)) - 790809fb-a9ad-47fd-bbe4-169138176431@group-3F8977C1BEA2-StateMachineUpdater: snapshotIndex: updateIncreasingly 11 -> 11
2019-09-16 16:50:20,015 [main] INFO  impl.RaftServerImpl (ServerState.java:close(385)) - 790809fb-a9ad-47fd-bbe4-169138176431@group-3F8977C1BEA2: closes. applyIndex: 15
2019-09-16 16:50:20,029 [790809fb-a9ad-47fd-bbe4-169138176431@group-3F8977C1BEA2-SegmentedRaftLogWorker] ERROR ratis.XceiverServerRatis (XceiverServerRatis.java:triggerPipelineClose(568)) - pipeline Action CLOSE  on pipeline PipelineID=016f2422-3b8d-41ec-9ff2-3f8977c1bea2.Reason : WriteLog:18: (t:4, i:18), STATEMACHINELOGENTRY, client-66600ED44B99, cid=30-writeStateMachineData interrupted.
2019-09-16 16:50:20,045 [main] INFO  segmented.SegmentedRaftLogWorker (SegmentedRaftLogWorker.java:close(228)) - 790809fb-a9ad-47fd-bbe4-169138176431@group-3F8977C1BEA2-SegmentedRaftLogWorker close()
2019-09-16 16:50:20,051 [main] INFO  server.GrpcService (GrpcService.java:closeImpl(164)) - 790809fb-a9ad-47fd-bbe4-169138176431: shutdown server with port 36816 now
2019-09-16 16:50:20,061 [main] INFO  server.GrpcService (GrpcService.java:closeImpl(172)) - 790809fb-a9ad-47fd-bbe4-169138176431: shutdown server with port 36816 successfully
2019-09-16 16:50:20,062 [grpc-default-executor-1] WARN  server.GrpcServerProtocolService (LogUtils.java:warn(134)) - 790809fb-a9ad-47fd-bbe4-169138176431: installSnapshot onError, lastRequest: c9a1bac0-eae5-4c8c-abbf-c37d9bceede4->790809fb-a9ad-47fd-bbe4-169138176431#70-t4, previous=(t:4, i:19), leaderCommit=15, initializing? false, entries: <empty>: org.apache.ratis.thirdparty.io.grpc.StatusRuntimeException: CANCELLED: cancelled before receiving half close
2019-09-16 16:50:20,067 [grpc-default-executor-4] WARN  server.GrpcLogAppender (LogUtils.java:warn(134)) - c9a1bac0-eae5-4c8c-abbf-c37d9bceede4@group-3F8977C1BEA2->790809fb-a9ad-47fd-bbe4-169138176431-AppendLogResponseHandler: Failed appendEntries: org.apache.ratis.thirdparty.io.grpc.StatusRuntimeException: CANCELLED: HTTP/2 error code: CANCEL
Received Rst Stream
2019-09-16 16:50:20,074 [grpc-default-executor-4] INFO  impl.FollowerInfo (FollowerInfo.java:lambda$new$0(51)) - c9a1bac0-eae5-4c8c-abbf-c37d9bceede4@group-3F8977C1BEA2->790809fb-a9ad-47fd-bbe4-169138176431: nextIndex: updateUnconditionally 20 -> 16
2019-09-16 16:50:20,074 [refreshUsed-/workdir/hadoop-ozone/integration-test/target/test-dir/MiniOzoneClusterImpl-f8b2c6cb-9ce7-4af8-81ae-d81048953348/datanode-4/data/containers] WARN  fs.CachingGetSpaceUsed (CachingGetSpaceUsed.java:run(183)) - Thread Interrupted waiting to refresh disk information: sleep interrupted
2019-09-16 16:50:20,093 [main] INFO  utils.BackgroundService (BackgroundService.java:shutdown(148)) - Shutting down service BlockDeletingService
2019-09-16 16:50:20,105 [main] INFO  statemachine.DatanodeStateMachine (DatanodeStateMachine.java:stopDaemon(395)) - Ozone container server stopped.
2019-09-16 16:50:20,111 [main] INFO  handler.ContextHandler (ContextHandler.java:doStop(910)) - Stopped o.e.j.w.WebAppContext@3204e238{/,null,UNAVAILABLE}{/hddsDatanode}
2019-09-16 16:50:20,118 [main] INFO  server.AbstractConnector (AbstractConnector.java:doStop(318)) - Stopped ServerConnector@38ed139b{HTTP/1.1,[http/1.1]}{0.0.0.0:0}
2019-09-16 16:50:20,118 [main] INFO  handler.ContextHandler (ContextHandler.java:doStop(910)) - Stopped o.e.j.s.ServletContextHandler@333c8791{/static,jar:file:/home/user/.m2/repository/org/apache/hadoop/hadoop-hdds-container-service/0.5.0-SNAPSHOT/hadoop-hdds-container-service-0.5.0-SNAPSHOT.jar!/webapps/static,UNAVAILABLE}
2019-09-16 16:50:20,119 [main] INFO  handler.ContextHandler (ContextHandler.java:doStop(910)) - Stopped o.e.j.s.ServletContextHandler@2f4c2cd4{/logs,file:///workdir/hadoop-ozone/integration-test/target/log,UNAVAILABLE}
2019-09-16 16:50:20,158 [grpc-default-executor-4] INFO  client.GrpcClientProtocolClient (GrpcClientProtocolClient.java:onNext(264)) - client-F1A86D2C076E->7fc320a2-74a2-44cb-8d45-40912bba4ff2: receive RaftClientReply:client-F1A86D2C076E->7fc320a2-74a2-44cb-8d45-40912bba4ff2@group-512358092D21, cid=45, SUCCESS, logIndex=9, commits[7fc320a2-74a2-44cb-8d45-40912bba4ff2:c10, 6d73d83e-4bf7-49f9-9c6b-f14bf24667e0:c8, 9061b39a-2428-46aa-ac83-e6ff060f5840:c8]
2019-09-16 16:50:20,159 [grpc-default-executor-4] INFO  client.GrpcClientProtocolClient (GrpcClientProtocolClient.java:onNext(264)) - client-F1A86D2C076E->7fc320a2-74a2-44cb-8d45-40912bba4ff2: receive RaftClientReply:client-F1A86D2C076E->7fc320a2-74a2-44cb-8d45-40912bba4ff2@group-512358092D21, cid=46, SUCCESS, logIndex=10, commits[7fc320a2-74a2-44cb-8d45-40912bba4ff2:c10, 6d73d83e-4bf7-49f9-9c6b-f14bf24667e0:c8, 9061b39a-2428-46aa-ac83-e6ff060f5840:c8]
2019-09-16 16:50:20,172 [grpc-default-executor-4] INFO  client.GrpcClientProtocolClient (GrpcClientProtocolClient.java:onNext(264)) - client-F1A86D2C076E->7fc320a2-74a2-44cb-8d45-40912bba4ff2: receive RaftClientReply:client-F1A86D2C076E->7fc320a2-74a2-44cb-8d45-40912bba4ff2@group-512358092D21, cid=47, SUCCESS, logIndex=11, commits[7fc320a2-74a2-44cb-8d45-40912bba4ff2:c12, 6d73d83e-4bf7-49f9-9c6b-f14bf24667e0:c8, 9061b39a-2428-46aa-ac83-e6ff060f5840:c8]
2019-09-16 16:50:20,173 [grpc-default-executor-4] INFO  client.GrpcClientProtocolClient (GrpcClientProtocolClient.java:onNext(264)) - client-F1A86D2C076E->7fc320a2-74a2-44cb-8d45-40912bba4ff2: receive RaftClientReply:client-F1A86D2C076E->7fc320a2-74a2-44cb-8d45-40912bba4ff2@group-512358092D21, cid=48, SUCCESS, logIndex=12, commits[7fc320a2-74a2-44cb-8d45-40912bba4ff2:c12, 6d73d83e-4bf7-49f9-9c6b-f14bf24667e0:c8, 9061b39a-2428-46aa-ac83-e6ff060f5840:c8]
2019-09-16 16:50:20,187 [grpc-default-executor-1] INFO  client.GrpcClientProtocolClient (GrpcClientProtocolClient.java:onNext(264)) - client-F1A86D2C076E->7fc320a2-74a2-44cb-8d45-40912bba4ff2: receive RaftClientReply:client-F1A86D2C076E->7fc320a2-74a2-44cb-8d45-40912bba4ff2@group-512358092D21, cid=49, SUCCESS, logIndex=0, commits[7fc320a2-74a2-44cb-8d45-40912bba4ff2:c12, 6d73d83e-4bf7-49f9-9c6b-f14bf24667e0:c10, 9061b39a-2428-46aa-ac83-e6ff060f5840:c10]
2019-09-16 16:50:20,189 [grpc-default-executor-1] INFO  client.GrpcClientProtocolClient (GrpcClientProtocolClient.java:onNext(264)) - client-F1A86D2C076E->7fc320a2-74a2-44cb-8d45-40912bba4ff2: receive RaftClientReply:client-F1A86D2C076E->7fc320a2-74a2-44cb-8d45-40912bba4ff2@group-512358092D21, cid=50, SUCCESS, logIndex=0, commits[7fc320a2-74a2-44cb-8d45-40912bba4ff2:c16, 6d73d83e-4bf7-49f9-9c6b-f14bf24667e0:c12, 9061b39a-2428-46aa-ac83-e6ff060f5840:c12]
2019-09-16 16:50:20,440 [java.util.concurrent.ThreadPoolExecutor$Worker@3e7cc8e2[State = -1, empty queue]] WARN  server.GrpcLogAppender (GrpcLogAppender.java:timeoutAppendRequest(200)) - c9a1bac0-eae5-4c8c-abbf-c37d9bceede4@group-3F8977C1BEA2->fa2692cc-7d13-407b-8ba8-1b16aaf9a086-GrpcLogAppender: appendEntries Timeout, request=c9a1bac0-eae5-4c8c-abbf-c37d9bceede4->fa2692cc-7d13-407b-8ba8-1b16aaf9a086#65-t4, previous=(t:4, i:19), leaderCommit=15, initializing? false, entries: <empty>
2019-09-16 16:50:20,453 [grpc-default-executor-4] WARN  server.GrpcLogAppender (LogUtils.java:warn(134)) - c9a1bac0-eae5-4c8c-abbf-c37d9bceede4@group-3F8977C1BEA2->790809fb-a9ad-47fd-bbe4-169138176431-AppendLogResponseHandler: Failed appendEntries: org.apache.ratis.thirdparty.io.grpc.StatusRuntimeException: UNAVAILABLE: io exception
2019-09-16 16:50:20,457 [grpc-default-executor-4] INFO  impl.FollowerInfo (FollowerInfo.java:lambda$new$0(51)) - c9a1bac0-eae5-4c8c-abbf-c37d9bceede4@group-3F8977C1BEA2->790809fb-a9ad-47fd-bbe4-169138176431: nextIndex: updateUnconditionally 16 -> 15
2019-09-16 16:50:20,941 [java.util.concurrent.ThreadPoolExecutor$Worker@3e7cc8e2[State = -1, empty queue]] WARN  server.GrpcLogAppender (GrpcLogAppender.java:timeoutAppendRequest(200)) - c9a1bac0-eae5-4c8c-abbf-c37d9bceede4@group-3F8977C1BEA2->fa2692cc-7d13-407b-8ba8-1b16aaf9a086-GrpcLogAppender: appendEntries Timeout, request=c9a1bac0-eae5-4c8c-abbf-c37d9bceede4->fa2692cc-7d13-407b-8ba8-1b16aaf9a086#66-t4, previous=(t:4, i:19), leaderCommit=15, initializing? false, entries: <empty>
2019-09-16 16:50:20,947 [grpc-default-executor-0] WARN  server.GrpcLogAppender (LogUtils.java:warn(134)) - c9a1bac0-eae5-4c8c-abbf-c37d9bceede4@group-3F8977C1BEA2->790809fb-a9ad-47fd-bbe4-169138176431-AppendLogResponseHandler: Failed appendEntries: org.apache.ratis.thirdparty.io.grpc.StatusRuntimeException: UNAVAILABLE: io exception
2019-09-16 16:50:20,950 [grpc-default-executor-0] INFO  impl.FollowerInfo (FollowerInfo.java:lambda$new$0(51)) - c9a1bac0-eae5-4c8c-abbf-c37d9bceede4@group-3F8977C1BEA2->790809fb-a9ad-47fd-bbe4-169138176431: nextIndex: updateUnconditionally 15 -> 14
2019-09-16 16:50:21,441 [java.util.concurrent.ThreadPoolExecutor$Worker@3e7cc8e2[State = -1, empty queue]] WARN  server.GrpcLogAppender (GrpcLogAppender.java:timeoutAppendRequest(200)) - c9a1bac0-eae5-4c8c-abbf-c37d9bceede4@group-3F8977C1BEA2->fa2692cc-7d13-407b-8ba8-1b16aaf9a086-GrpcLogAppender: appendEntries Timeout, request=c9a1bac0-eae5-4c8c-abbf-c37d9bceede4->fa2692cc-7d13-407b-8ba8-1b16aaf9a086#67-t4, previous=(t:4, i:19), leaderCommit=15, initializing? false, entries: <empty>
2019-09-16 16:50:21,448 [grpc-default-executor-1] WARN  server.GrpcLogAppender (LogUtils.java:warn(134)) - c9a1bac0-eae5-4c8c-abbf-c37d9bceede4@group-3F8977C1BEA2->790809fb-a9ad-47fd-bbe4-169138176431-AppendLogResponseHandler: Failed appendEntries: org.apache.ratis.thirdparty.io.grpc.StatusRuntimeException: UNAVAILABLE: io exception
2019-09-16 16:50:21,452 [grpc-default-executor-1] INFO  impl.FollowerInfo (FollowerInfo.java:lambda$new$0(51)) - c9a1bac0-eae5-4c8c-abbf-c37d9bceede4@group-3F8977C1BEA2->790809fb-a9ad-47fd-bbe4-169138176431: nextIndex: updateUnconditionally 14 -> 13
2019-09-16 16:50:21,941 [java.util.concurrent.ThreadPoolExecutor$Worker@3e7cc8e2[State = -1, empty queue]] WARN  server.GrpcLogAppender (GrpcLogAppender.java:timeoutAppendRequest(200)) - c9a1bac0-eae5-4c8c-abbf-c37d9bceede4@group-3F8977C1BEA2->fa2692cc-7d13-407b-8ba8-1b16aaf9a086-GrpcLogAppender: appendEntries Timeout, request=c9a1bac0-eae5-4c8c-abbf-c37d9bceede4->fa2692cc-7d13-407b-8ba8-1b16aaf9a086#68-t4, previous=(t:4, i:19), leaderCommit=15, initializing? false, entries: <empty>
2019-09-16 16:50:21,949 [grpc-default-executor-3] WARN  server.GrpcLogAppender (LogUtils.java:warn(134)) - c9a1bac0-eae5-4c8c-abbf-c37d9bceede4@group-3F8977C1BEA2->790809fb-a9ad-47fd-bbe4-169138176431-AppendLogResponseHandler: Failed appendEntries: org.apache.ratis.thirdparty.io.grpc.StatusRuntimeException: UNAVAILABLE: io exception
2019-09-16 16:50:21,961 [grpc-default-executor-3] INFO  impl.FollowerInfo (FollowerInfo.java:lambda$new$0(51)) - c9a1bac0-eae5-4c8c-abbf-c37d9bceede4@group-3F8977C1BEA2->790809fb-a9ad-47fd-bbe4-169138176431: nextIndex: updateUnconditionally 13 -> 12
2019-09-16 16:50:22,442 [java.util.concurrent.ThreadPoolExecutor$Worker@3e7cc8e2[State = -1, empty queue]] WARN  server.GrpcLogAppender (GrpcLogAppender.java:timeoutAppendRequest(200)) - c9a1bac0-eae5-4c8c-abbf-c37d9bceede4@group-3F8977C1BEA2->fa2692cc-7d13-407b-8ba8-1b16aaf9a086-GrpcLogAppender: appendEntries Timeout, request=c9a1bac0-eae5-4c8c-abbf-c37d9bceede4->fa2692cc-7d13-407b-8ba8-1b16aaf9a086#69-t4, previous=(t:4, i:19), leaderCommit=15, initializing? false, entries: <empty>
2019-09-16 16:50:22,451 [grpc-default-executor-3] WARN  server.GrpcLogAppender (LogUtils.java:warn(134)) - c9a1bac0-eae5-4c8c-abbf-c37d9bceede4@group-3F8977C1BEA2->790809fb-a9ad-47fd-bbe4-169138176431-AppendLogResponseHandler: Failed appendEntries: org.apache.ratis.thirdparty.io.grpc.StatusRuntimeException: UNAVAILABLE: io exception
2019-09-16 16:50:22,477 [grpc-default-executor-3] INFO  impl.FollowerInfo (FollowerInfo.java:lambda$new$0(51)) - c9a1bac0-eae5-4c8c-abbf-c37d9bceede4@group-3F8977C1BEA2->790809fb-a9ad-47fd-bbe4-169138176431: nextIndex: updateUnconditionally 12 -> 11
2019-09-16 16:50:22,942 [java.util.concurrent.ThreadPoolExecutor$Worker@3e7cc8e2[State = -1, empty queue]] WARN  server.GrpcLogAppender (GrpcLogAppender.java:timeoutAppendRequest(200)) - c9a1bac0-eae5-4c8c-abbf-c37d9bceede4@group-3F8977C1BEA2->fa2692cc-7d13-407b-8ba8-1b16aaf9a086-GrpcLogAppender: appendEntries Timeout, request=c9a1bac0-eae5-4c8c-abbf-c37d9bceede4->fa2692cc-7d13-407b-8ba8-1b16aaf9a086#70-t4, previous=(t:4, i:19), leaderCommit=15, initializing? false, entries: <empty>
2019-09-16 16:50:22,951 [grpc-default-executor-1] WARN  server.GrpcLogAppender (LogUtils.java:warn(134)) - c9a1bac0-eae5-4c8c-abbf-c37d9bceede4@group-3F8977C1BEA2->790809fb-a9ad-47fd-bbe4-169138176431-AppendLogResponseHandler: Failed appendEntries: org.apache.ratis.thirdparty.io.grpc.StatusRuntimeException: UNAVAILABLE: io exception
2019-09-16 16:50:22,955 [grpc-default-executor-1] INFO  impl.FollowerInfo (FollowerInfo.java:lambda$new$0(51)) - c9a1bac0-eae5-4c8c-abbf-c37d9bceede4@group-3F8977C1BEA2->790809fb-a9ad-47fd-bbe4-169138176431: nextIndex: updateUnconditionally 11 -> 10
2019-09-16 16:50:23,197 [java.util.concurrent.ThreadPoolExecutor$Worker@1a4e6aa4[State = -1, empty queue]] WARN  server.GrpcLogAppender (GrpcLogAppender.java:timeoutAppendRequest(200)) - 7fc320a2-74a2-44cb-8d45-40912bba4ff2@group-512358092D21->6d73d83e-4bf7-49f9-9c6b-f14bf24667e0-GrpcLogAppender: appendEntries Timeout, request=7fc320a2-74a2-44cb-8d45-40912bba4ff2->6d73d83e-4bf7-49f9-9c6b-f14bf24667e0#72-t1, previous=(t:1, i:16), leaderCommit=16, initializing? false, entries: size=1, first=(t:1, i:17), STATEMACHINELOGENTRY, client-F1A86D2C076E, cid=51
2019-09-16 16:50:23,197 [java.util.concurrent.ThreadPoolExecutor$Worker@62322085[State = -1, empty queue]] WARN  server.GrpcLogAppender (GrpcLogAppender.java:timeoutAppendRequest(200)) - 7fc320a2-74a2-44cb-8d45-40912bba4ff2@group-512358092D21->9061b39a-2428-46aa-ac83-e6ff060f5840-GrpcLogAppender: appendEntries Timeout, request=7fc320a2-74a2-44cb-8d45-40912bba4ff2->9061b39a-2428-46aa-ac83-e6ff060f5840#72-t1, previous=(t:1, i:16), leaderCommit=16, initializing? false, entries: size=1, first=(t:1, i:17), STATEMACHINELOGENTRY, client-F1A86D2C076E, cid=51
2019-09-16 16:50:23,197 [java.util.concurrent.ThreadPoolExecutor$Worker@1a4e6aa4[State = -1, empty queue]] WARN  server.GrpcLogAppender (GrpcLogAppender.java:timeoutAppendRequest(200)) - 7fc320a2-74a2-44cb-8d45-40912bba4ff2@group-512358092D21->6d73d83e-4bf7-49f9-9c6b-f14bf24667e0-GrpcLogAppender: appendEntries Timeout, request=7fc320a2-74a2-44cb-8d45-40912bba4ff2->6d73d83e-4bf7-49f9-9c6b-f14bf24667e0#73-t1, previous=(t:1, i:17), leaderCommit=16, initializing? false, entries: size=1, first=(t:1, i:18), STATEMACHINELOGENTRY, client-F1A86D2C076E, cid=52
2019-09-16 16:50:23,202 [java.util.concurrent.ThreadPoolExecutor$Worker@62322085[State = -1, empty queue]] WARN  server.GrpcLogAppender (GrpcLogAppender.java:timeoutAppendRequest(200)) - 7fc320a2-74a2-44cb-8d45-40912bba4ff2@group-512358092D21->9061b39a-2428-46aa-ac83-e6ff060f5840-GrpcLogAppender: appendEntries Timeout, request=7fc320a2-74a2-44cb-8d45-40912bba4ff2->9061b39a-2428-46aa-ac83-e6ff060f5840#73-t1, previous=(t:1, i:17), leaderCommit=16, initializing? false, entries: size=1, first=(t:1, i:18), STATEMACHINELOGENTRY, client-F1A86D2C076E, cid=52
2019-09-16 16:50:23,204 [java.util.concurrent.ThreadPoolExecutor$Worker@1a4e6aa4[State = -1, empty queue]] WARN  server.GrpcLogAppender (GrpcLogAppender.java:timeoutAppendRequest(200)) - 7fc320a2-74a2-44cb-8d45-40912bba4ff2@group-512358092D21->6d73d83e-4bf7-49f9-9c6b-f14bf24667e0-GrpcLogAppender: appendEntries Timeout, request=7fc320a2-74a2-44cb-8d45-40912bba4ff2->6d73d83e-4bf7-49f9-9c6b-f14bf24667e0#74-t1, previous=(t:1, i:18), leaderCommit=16, initializing? false, entries: size=1, first=(t:1, i:19), STATEMACHINELOGENTRY, client-F1A86D2C076E, cid=53
2019-09-16 16:50:23,204 [java.util.concurrent.ThreadPoolExecutor$Worker@62322085[State = -1, empty queue]] WARN  server.GrpcLogAppender (GrpcLogAppender.java:timeoutAppendRequest(200)) - 7fc320a2-74a2-44cb-8d45-40912bba4ff2@group-512358092D21->9061b39a-2428-46aa-ac83-e6ff060f5840-GrpcLogAppender: appendEntries Timeout, request=7fc320a2-74a2-44cb-8d45-40912bba4ff2->9061b39a-2428-46aa-ac83-e6ff060f5840#74-t1, previous=(t:1, i:18), leaderCommit=16, initializing? false, entries: size=1, first=(t:1, i:19), STATEMACHINELOGENTRY, client-F1A86D2C076E, cid=53
2019-09-16 16:50:23,209 [java.util.concurrent.ThreadPoolExecutor$Worker@62322085[State = -1, empty queue]] WARN  server.GrpcLogAppender (GrpcLogAppender.java:timeoutAppendRequest(200)) - 7fc320a2-74a2-44cb-8d45-40912bba4ff2@group-512358092D21->9061b39a-2428-46aa-ac83-e6ff060f5840-GrpcLogAppender: appendEntries Timeout, request=7fc320a2-74a2-44cb-8d45-40912bba4ff2->9061b39a-2428-46aa-ac83-e6ff060f5840#75-t1, previous=(t:1, i:19), leaderCommit=16, initializing? false, entries: size=1, first=(t:1, i:20), STATEMACHINELOGENTRY, client-F1A86D2C076E, cid=54
2019-09-16 16:50:23,209 [java.util.concurrent.ThreadPoolExecutor$Worker@1a4e6aa4[State = -1, empty queue]] WARN  server.GrpcLogAppender (GrpcLogAppender.java:timeoutAppendRequest(200)) - 7fc320a2-74a2-44cb-8d45-40912bba4ff2@group-512358092D21->6d73d83e-4bf7-49f9-9c6b-f14bf24667e0-GrpcLogAppender: appendEntries Timeout, request=7fc320a2-74a2-44cb-8d45-40912bba4ff2->6d73d83e-4bf7-49f9-9c6b-f14bf24667e0#75-t1, previous=(t:1, i:19), leaderCommit=16, initializing? false, entries: size=1, first=(t:1, i:20), STATEMACHINELOGENTRY, client-F1A86D2C076E, cid=54
2019-09-16 16:50:23,443 [java.util.concurrent.ThreadPoolExecutor$Worker@3e7cc8e2[State = -1, empty queue]] WARN  server.GrpcLogAppender (GrpcLogAppender.java:timeoutAppendRequest(200)) - c9a1bac0-eae5-4c8c-abbf-c37d9bceede4@group-3F8977C1BEA2->fa2692cc-7d13-407b-8ba8-1b16aaf9a086-GrpcLogAppender: appendEntries Timeout, request=c9a1bac0-eae5-4c8c-abbf-c37d9bceede4->fa2692cc-7d13-407b-8ba8-1b16aaf9a086#71-t4, previous=(t:4, i:19), leaderCommit=15, initializing? false, entries: <empty>
2019-09-16 16:50:23,453 [grpc-default-executor-3] WARN  server.GrpcLogAppender (LogUtils.java:warn(134)) - c9a1bac0-eae5-4c8c-abbf-c37d9bceede4@group-3F8977C1BEA2->790809fb-a9ad-47fd-bbe4-169138176431-AppendLogResponseHandler: Failed appendEntries: org.apache.ratis.thirdparty.io.grpc.StatusRuntimeException: UNAVAILABLE: io exception
2019-09-16 16:50:23,457 [grpc-default-executor-3] INFO  impl.FollowerInfo (FollowerInfo.java:lambda$new$0(51)) - c9a1bac0-eae5-4c8c-abbf-c37d9bceede4@group-3F8977C1BEA2->790809fb-a9ad-47fd-bbe4-169138176431: nextIndex: updateUnconditionally 10 -> 9
2019-09-16 16:50:23,701 [java.util.concurrent.ThreadPoolExecutor$Worker@62322085[State = -1, empty queue]] WARN  server.GrpcLogAppender (GrpcLogAppender.java:timeoutAppendRequest(200)) - 7fc320a2-74a2-44cb-8d45-40912bba4ff2@group-512358092D21->9061b39a-2428-46aa-ac83-e6ff060f5840-GrpcLogAppender: appendEntries Timeout, request=7fc320a2-74a2-44cb-8d45-40912bba4ff2->9061b39a-2428-46aa-ac83-e6ff060f5840#76-t1, previous=(t:1, i:20), leaderCommit=16, initializing? false, entries: <empty>
2019-09-16 16:50:23,701 [java.util.concurrent.ThreadPoolExecutor$Worker@1a4e6aa4[State = -1, empty queue]] WARN  server.GrpcLogAppender (GrpcLogAppender.java:timeoutAppendRequest(200)) - 7fc320a2-74a2-44cb-8d45-40912bba4ff2@group-512358092D21->6d73d83e-4bf7-49f9-9c6b-f14bf24667e0-GrpcLogAppender: appendEntries Timeout, request=7fc320a2-74a2-44cb-8d45-40912bba4ff2->6d73d83e-4bf7-49f9-9c6b-f14bf24667e0#76-t1, previous=(t:1, i:20), leaderCommit=16, initializing? false, entries: <empty>
2019-09-16 16:50:23,943 [java.util.concurrent.ThreadPoolExecutor$Worker@3e7cc8e2[State = -1, empty queue]] WARN  server.GrpcLogAppender (GrpcLogAppender.java:timeoutAppendRequest(200)) - c9a1bac0-eae5-4c8c-abbf-c37d9bceede4@group-3F8977C1BEA2->fa2692cc-7d13-407b-8ba8-1b16aaf9a086-GrpcLogAppender: appendEntries Timeout, request=c9a1bac0-eae5-4c8c-abbf-c37d9bceede4->fa2692cc-7d13-407b-8ba8-1b16aaf9a086#72-t4, previous=(t:4, i:19), leaderCommit=15, initializing? false, entries: <empty>
2019-09-16 16:50:23,955 [grpc-default-executor-0] WARN  server.GrpcLogAppender (LogUtils.java:warn(134)) - c9a1bac0-eae5-4c8c-abbf-c37d9bceede4@group-3F8977C1BEA2->790809fb-a9ad-47fd-bbe4-169138176431-AppendLogResponseHandler: Failed appendEntries: org.apache.ratis.thirdparty.io.grpc.StatusRuntimeException: UNAVAILABLE: io exception
2019-09-16 16:50:23,960 [grpc-default-executor-0] INFO  impl.FollowerInfo (FollowerInfo.java:lambda$new$0(51)) - c9a1bac0-eae5-4c8c-abbf-c37d9bceede4@group-3F8977C1BEA2->790809fb-a9ad-47fd-bbe4-169138176431: nextIndex: updateUnconditionally 9 -> 8
2019-09-16 16:50:24,201 [java.util.concurrent.ThreadPoolExecutor$Worker@62322085[State = -1, empty queue]] WARN  server.GrpcLogAppender (GrpcLogAppender.java:timeoutAppendRequest(200)) - 7fc320a2-74a2-44cb-8d45-40912bba4ff2@group-512358092D21->9061b39a-2428-46aa-ac83-e6ff060f5840-GrpcLogAppender: appendEntries Timeout, request=7fc320a2-74a2-44cb-8d45-40912bba4ff2->9061b39a-2428-46aa-ac83-e6ff060f5840#77-t1, previous=(t:1, i:20), leaderCommit=16, initializing? false, entries: <empty>
2019-09-16 16:50:24,202 [java.util.concurrent.ThreadPoolExecutor$Worker@1a4e6aa4[State = -1, empty queue]] WARN  server.GrpcLogAppender (GrpcLogAppender.java:timeoutAppendRequest(200)) - 7fc320a2-74a2-44cb-8d45-40912bba4ff2@group-512358092D21->6d73d83e-4bf7-49f9-9c6b-f14bf24667e0-GrpcLogAppender: appendEntries Timeout, request=7fc320a2-74a2-44cb-8d45-40912bba4ff2->6d73d83e-4bf7-49f9-9c6b-f14bf24667e0#77-t1, previous=(t:1, i:20), leaderCommit=16, initializing? false, entries: <empty>
2019-09-16 16:50:24,444 [java.util.concurrent.ThreadPoolExecutor$Worker@3e7cc8e2[State = -1, empty queue]] WARN  server.GrpcLogAppender (GrpcLogAppender.java:timeoutAppendRequest(200)) - c9a1bac0-eae5-4c8c-abbf-c37d9bceede4@group-3F8977C1BEA2->fa2692cc-7d13-407b-8ba8-1b16aaf9a086-GrpcLogAppender: appendEntries Timeout, request=c9a1bac0-eae5-4c8c-abbf-c37d9bceede4->fa2692cc-7d13-407b-8ba8-1b16aaf9a086#73-t4, previous=(t:4, i:19), leaderCommit=15, initializing? false, entries: <empty>
2019-09-16 16:50:24,457 [grpc-default-executor-1] WARN  server.GrpcLogAppender (LogUtils.java:warn(134)) - c9a1bac0-eae5-4c8c-abbf-c37d9bceede4@group-3F8977C1BEA2->790809fb-a9ad-47fd-bbe4-169138176431-AppendLogResponseHandler: Failed appendEntries: org.apache.ratis.thirdparty.io.grpc.StatusRuntimeException: UNAVAILABLE: io exception
2019-09-16 16:50:24,460 [grpc-default-executor-1] INFO  impl.FollowerInfo (FollowerInfo.java:lambda$new$0(51)) - c9a1bac0-eae5-4c8c-abbf-c37d9bceede4@group-3F8977C1BEA2->790809fb-a9ad-47fd-bbe4-169138176431: nextIndex: updateUnconditionally 8 -> 7
2019-09-16 16:50:24,702 [java.util.concurrent.ThreadPoolExecutor$Worker@62322085[State = -1, empty queue]] WARN  server.GrpcLogAppender (GrpcLogAppender.java:timeoutAppendRequest(200)) - 7fc320a2-74a2-44cb-8d45-40912bba4ff2@group-512358092D21->9061b39a-2428-46aa-ac83-e6ff060f5840-GrpcLogAppender: appendEntries Timeout, request=7fc320a2-74a2-44cb-8d45-40912bba4ff2->9061b39a-2428-46aa-ac83-e6ff060f5840#78-t1, previous=(t:1, i:20), leaderCommit=16, initializing? false, entries: <empty>
2019-09-16 16:50:24,702 [java.util.concurrent.ThreadPoolExecutor$Worker@1a4e6aa4[State = -1, empty queue]] WARN  server.GrpcLogAppender (GrpcLogAppender.java:timeoutAppendRequest(200)) - 7fc320a2-74a2-44cb-8d45-40912bba4ff2@group-512358092D21->6d73d83e-4bf7-49f9-9c6b-f14bf24667e0-GrpcLogAppender: appendEntries Timeout, request=7fc320a2-74a2-44cb-8d45-40912bba4ff2->6d73d83e-4bf7-49f9-9c6b-f14bf24667e0#78-t1, previous=(t:1, i:20), leaderCommit=16, initializing? false, entries: <empty>
2019-09-16 16:50:24,944 [java.util.concurrent.ThreadPoolExecutor$Worker@3e7cc8e2[State = -1, empty queue]] WARN  server.GrpcLogAppender (GrpcLogAppender.java:timeoutAppendRequest(200)) - c9a1bac0-eae5-4c8c-abbf-c37d9bceede4@group-3F8977C1BEA2->fa2692cc-7d13-407b-8ba8-1b16aaf9a086-GrpcLogAppender: appendEntries Timeout, request=c9a1bac0-eae5-4c8c-abbf-c37d9bceede4->fa2692cc-7d13-407b-8ba8-1b16aaf9a086#74-t4, previous=(t:4, i:19), leaderCommit=15, initializing? false, entries: <empty>
2019-09-16 16:50:24,956 [grpc-default-executor-0] WARN  server.GrpcLogAppender (LogUtils.java:warn(134)) - c9a1bac0-eae5-4c8c-abbf-c37d9bceede4@group-3F8977C1BEA2->790809fb-a9ad-47fd-bbe4-169138176431-AppendLogResponseHandler: Failed appendEntries: org.apache.ratis.thirdparty.io.grpc.StatusRuntimeException: UNAVAILABLE: io exception
2019-09-16 16:50:24,961 [grpc-default-executor-0] INFO  impl.FollowerInfo (FollowerInfo.java:lambda$new$0(51)) - c9a1bac0-eae5-4c8c-abbf-c37d9bceede4@group-3F8977C1BEA2->790809fb-a9ad-47fd-bbe4-169138176431: nextIndex: updateUnconditionally 7 -> 6
2019-09-16 16:50:25,202 [java.util.concurrent.ThreadPoolExecutor$Worker@62322085[State = -1, empty queue]] WARN  server.GrpcLogAppender (GrpcLogAppender.java:timeoutAppendRequest(200)) - 7fc320a2-74a2-44cb-8d45-40912bba4ff2@group-512358092D21->9061b39a-2428-46aa-ac83-e6ff060f5840-GrpcLogAppender: appendEntries Timeout, request=7fc320a2-74a2-44cb-8d45-40912bba4ff2->9061b39a-2428-46aa-ac83-e6ff060f5840#79-t1, previous=(t:1, i:20), leaderCommit=16, initializing? false, entries: <empty>
2019-09-16 16:50:25,202 [java.util.concurrent.ThreadPoolExecutor$Worker@1a4e6aa4[State = -1, empty queue]] WARN  server.GrpcLogAppender (GrpcLogAppender.java:timeoutAppendRequest(200)) - 7fc320a2-74a2-44cb-8d45-40912bba4ff2@group-512358092D21->6d73d83e-4bf7-49f9-9c6b-f14bf24667e0-GrpcLogAppender: appendEntries Timeout, request=7fc320a2-74a2-44cb-8d45-40912bba4ff2->6d73d83e-4bf7-49f9-9c6b-f14bf24667e0#79-t1, previous=(t:1, i:20), leaderCommit=16, initializing? false, entries: <empty>
2019-09-16 16:50:25,231 [grpc-default-executor-3] INFO  client.GrpcClientProtocolClient (GrpcClientProtocolClient.java:onNext(264)) - client-F1A86D2C076E->6d73d83e-4bf7-49f9-9c6b-f14bf24667e0: receive RaftClientReply:client-F1A86D2C076E->6d73d83e-4bf7-49f9-9c6b-f14bf24667e0@group-512358092D21, cid=51, FAILED org.apache.ratis.protocol.NotLeaderException: Server 6d73d83e-4bf7-49f9-9c6b-f14bf24667e0@group-512358092D21 is not the leader 7fc320a2-74a2-44cb-8d45-40912bba4ff2:192.168.34.47:36256, logIndex=0, commits[6d73d83e-4bf7-49f9-9c6b-f14bf24667e0:c16, 7fc320a2-74a2-44cb-8d45-40912bba4ff2:c16, 9061b39a-2428-46aa-ac83-e6ff060f5840:c12]
2019-09-16 16:50:25,446 [java.util.concurrent.ThreadPoolExecutor$Worker@3e7cc8e2[State = -1, empty queue]] WARN  server.GrpcLogAppender (GrpcLogAppender.java:timeoutAppendRequest(200)) - c9a1bac0-eae5-4c8c-abbf-c37d9bceede4@group-3F8977C1BEA2->fa2692cc-7d13-407b-8ba8-1b16aaf9a086-GrpcLogAppender: appendEntries Timeout, request=c9a1bac0-eae5-4c8c-abbf-c37d9bceede4->fa2692cc-7d13-407b-8ba8-1b16aaf9a086#75-t4, previous=(t:4, i:19), leaderCommit=15, initializing? false, entries: <empty>
2019-09-16 16:50:25,457 [grpc-default-executor-0] WARN  server.GrpcLogAppender (LogUtils.java:warn(134)) - c9a1bac0-eae5-4c8c-abbf-c37d9bceede4@group-3F8977C1BEA2->790809fb-a9ad-47fd-bbe4-169138176431-AppendLogResponseHandler: Failed appendEntries: org.apache.ratis.thirdparty.io.grpc.StatusRuntimeException: UNAVAILABLE: io exception
2019-09-16 16:50:25,462 [grpc-default-executor-0] INFO  impl.FollowerInfo (FollowerInfo.java:lambda$new$0(51)) - c9a1bac0-eae5-4c8c-abbf-c37d9bceede4@group-3F8977C1BEA2->790809fb-a9ad-47fd-bbe4-169138176431: nextIndex: updateUnconditionally 6 -> 5
2019-09-16 16:50:25,462 [fa2692cc-7d13-407b-8ba8-1b16aaf9a086@group-3F8977C1BEA2-SegmentedRaftLogWorker] WARN  segmented.SegmentedRaftLogWorker (SegmentedRaftLogWorker.java:getFromFuture(90)) - Timeout 2/~
org.apache.ratis.protocol.TimeoutIOException: Timeout 10s: WriteLog:18: (t:4, i:18), STATEMACHINELOGENTRY, client-66600ED44B99, cid=30-writeStateMachineData
	at org.apache.ratis.util.IOUtils.getFromFuture(IOUtils.java:87)
	at org.apache.ratis.server.raftlog.segmented.SegmentedRaftLogWorker$StateMachineDataPolicy.getFromFuture(SegmentedRaftLogWorker.java:87)
	at org.apache.ratis.server.raftlog.segmented.SegmentedRaftLogWorker$WriteLog.execute(SegmentedRaftLogWorker.java:477)
	at org.apache.ratis.server.raftlog.segmented.SegmentedRaftLogWorker.run(SegmentedRaftLogWorker.java:289)
	at java.lang.Thread.run(Thread.java:748)
Caused by: java.util.concurrent.TimeoutException
	at java.util.concurrent.CompletableFuture.timedGet(CompletableFuture.java:1771)
	at java.util.concurrent.CompletableFuture.get(CompletableFuture.java:1915)
	at org.apache.ratis.util.IOUtils.getFromFuture(IOUtils.java:79)
	... 4 more
2019-09-16 16:50:25,463 [c9a1bac0-eae5-4c8c-abbf-c37d9bceede4@group-3F8977C1BEA2-SegmentedRaftLogWorker] WARN  segmented.SegmentedRaftLogWorker (SegmentedRaftLogWorker.java:getFromFuture(90)) - Timeout 2/~
org.apache.ratis.protocol.TimeoutIOException: Timeout 10s: WriteLog:18: (t:4, i:18), STATEMACHINELOGENTRY, client-66600ED44B99, cid=30-writeStateMachineData
	at org.apache.ratis.util.IOUtils.getFromFuture(IOUtils.java:87)
	at org.apache.ratis.server.raftlog.segmented.SegmentedRaftLogWorker$StateMachineDataPolicy.getFromFuture(SegmentedRaftLogWorker.java:87)
	at org.apache.ratis.server.raftlog.segmented.SegmentedRaftLogWorker$WriteLog.execute(SegmentedRaftLogWorker.java:477)
	at org.apache.ratis.server.raftlog.segmented.SegmentedRaftLogWorker.run(SegmentedRaftLogWorker.java:289)
	at java.lang.Thread.run(Thread.java:748)
Caused by: java.util.concurrent.TimeoutException
	at java.util.concurrent.CompletableFuture.timedGet(CompletableFuture.java:1771)
	at java.util.concurrent.CompletableFuture.get(CompletableFuture.java:1915)
	at org.apache.ratis.util.IOUtils.getFromFuture(IOUtils.java:79)
	... 4 more
2019-09-16 16:50:25,702 [java.util.concurrent.ThreadPoolExecutor$Worker@62322085[State = -1, empty queue]] WARN  server.GrpcLogAppender (GrpcLogAppender.java:timeoutAppendRequest(200)) - 7fc320a2-74a2-44cb-8d45-40912bba4ff2@group-512358092D21->9061b39a-2428-46aa-ac83-e6ff060f5840-GrpcLogAppender: appendEntries Timeout, request=7fc320a2-74a2-44cb-8d45-40912bba4ff2->9061b39a-2428-46aa-ac83-e6ff060f5840#80-t1, previous=(t:1, i:20), leaderCommit=16, initializing? false, entries: <empty>
2019-09-16 16:50:25,703 [java.util.concurrent.ThreadPoolExecutor$Worker@1a4e6aa4[State = -1, empty queue]] WARN  server.GrpcLogAppender (GrpcLogAppender.java:timeoutAppendRequest(200)) - 7fc320a2-74a2-44cb-8d45-40912bba4ff2@group-512358092D21->6d73d83e-4bf7-49f9-9c6b-f14bf24667e0-GrpcLogAppender: appendEntries Timeout, request=7fc320a2-74a2-44cb-8d45-40912bba4ff2->6d73d83e-4bf7-49f9-9c6b-f14bf24667e0#80-t1, previous=(t:1, i:20), leaderCommit=16, initializing? false, entries: <empty>
2019-09-16 16:50:25,947 [java.util.concurrent.ThreadPoolExecutor$Worker@3e7cc8e2[State = -1, empty queue]] WARN  server.GrpcLogAppender (GrpcLogAppender.java:timeoutAppendRequest(200)) - c9a1bac0-eae5-4c8c-abbf-c37d9bceede4@group-3F8977C1BEA2->fa2692cc-7d13-407b-8ba8-1b16aaf9a086-GrpcLogAppender: appendEntries Timeout, request=c9a1bac0-eae5-4c8c-abbf-c37d9bceede4->fa2692cc-7d13-407b-8ba8-1b16aaf9a086#76-t4, previous=(t:4, i:19), leaderCommit=15, initializing? false, entries: <empty>
2019-09-16 16:50:25,958 [grpc-default-executor-3] WARN  server.GrpcLogAppender (LogUtils.java:warn(134)) - c9a1bac0-eae5-4c8c-abbf-c37d9bceede4@group-3F8977C1BEA2->790809fb-a9ad-47fd-bbe4-169138176431-AppendLogResponseHandler: Failed appendEntries: org.apache.ratis.thirdparty.io.grpc.StatusRuntimeException: UNAVAILABLE: io exception
2019-09-16 16:50:25,961 [grpc-default-executor-3] INFO  impl.FollowerInfo (FollowerInfo.java:lambda$new$0(51)) - c9a1bac0-eae5-4c8c-abbf-c37d9bceede4@group-3F8977C1BEA2->790809fb-a9ad-47fd-bbe4-169138176431: nextIndex: updateUnconditionally 5 -> 4
2019-09-16 16:50:26,204 [java.util.concurrent.ThreadPoolExecutor$Worker@1a4e6aa4[State = -1, empty queue]] WARN  server.GrpcLogAppender (GrpcLogAppender.java:timeoutAppendRequest(200)) - 7fc320a2-74a2-44cb-8d45-40912bba4ff2@group-512358092D21->6d73d83e-4bf7-49f9-9c6b-f14bf24667e0-GrpcLogAppender: appendEntries Timeout, request=7fc320a2-74a2-44cb-8d45-40912bba4ff2->6d73d83e-4bf7-49f9-9c6b-f14bf24667e0#81-t1, previous=(t:1, i:20), leaderCommit=16, initializing? false, entries: <empty>
2019-09-16 16:50:26,204 [java.util.concurrent.ThreadPoolExecutor$Worker@62322085[State = -1, empty queue]] WARN  server.GrpcLogAppender (GrpcLogAppender.java:timeoutAppendRequest(200)) - 7fc320a2-74a2-44cb-8d45-40912bba4ff2@group-512358092D21->9061b39a-2428-46aa-ac83-e6ff060f5840-GrpcLogAppender: appendEntries Timeout, request=7fc320a2-74a2-44cb-8d45-40912bba4ff2->9061b39a-2428-46aa-ac83-e6ff060f5840#81-t1, previous=(t:1, i:20), leaderCommit=16, initializing? false, entries: <empty>
2019-09-16 16:50:26,447 [java.util.concurrent.ThreadPoolExecutor$Worker@3e7cc8e2[State = -1, empty queue]] WARN  server.GrpcLogAppender (GrpcLogAppender.java:timeoutAppendRequest(200)) - c9a1bac0-eae5-4c8c-abbf-c37d9bceede4@group-3F8977C1BEA2->fa2692cc-7d13-407b-8ba8-1b16aaf9a086-GrpcLogAppender: appendEntries Timeout, request=c9a1bac0-eae5-4c8c-abbf-c37d9bceede4->fa2692cc-7d13-407b-8ba8-1b16aaf9a086#77-t4, previous=(t:4, i:19), leaderCommit=15, initializing? false, entries: <empty>
2019-09-16 16:50:26,459 [grpc-default-executor-1] WARN  server.GrpcLogAppender (LogUtils.java:warn(134)) - c9a1bac0-eae5-4c8c-abbf-c37d9bceede4@group-3F8977C1BEA2->790809fb-a9ad-47fd-bbe4-169138176431-AppendLogResponseHandler: Failed appendEntries: org.apache.ratis.thirdparty.io.grpc.StatusRuntimeException: UNAVAILABLE: io exception
2019-09-16 16:50:26,463 [grpc-default-executor-1] INFO  impl.FollowerInfo (FollowerInfo.java:lambda$new$0(51)) - c9a1bac0-eae5-4c8c-abbf-c37d9bceede4@group-3F8977C1BEA2->790809fb-a9ad-47fd-bbe4-169138176431: nextIndex: updateUnconditionally 4 -> 3
2019-09-16 16:50:26,705 [java.util.concurrent.ThreadPoolExecutor$Worker@1a4e6aa4[State = -1, empty queue]] WARN  server.GrpcLogAppender (GrpcLogAppender.java:timeoutAppendRequest(200)) - 7fc320a2-74a2-44cb-8d45-40912bba4ff2@group-512358092D21->6d73d83e-4bf7-49f9-9c6b-f14bf24667e0-GrpcLogAppender: appendEntries Timeout, request=7fc320a2-74a2-44cb-8d45-40912bba4ff2->6d73d83e-4bf7-49f9-9c6b-f14bf24667e0#82-t1, previous=(t:1, i:20), leaderCommit=16, initializing? false, entries: <empty>
2019-09-16 16:50:26,705 [java.util.concurrent.ThreadPoolExecutor$Worker@62322085[State = -1, empty queue]] WARN  server.GrpcLogAppender (GrpcLogAppender.java:timeoutAppendRequest(200)) - 7fc320a2-74a2-44cb-8d45-40912bba4ff2@group-512358092D21->9061b39a-2428-46aa-ac83-e6ff060f5840-GrpcLogAppender: appendEntries Timeout, request=7fc320a2-74a2-44cb-8d45-40912bba4ff2->9061b39a-2428-46aa-ac83-e6ff060f5840#82-t1, previous=(t:1, i:20), leaderCommit=16, initializing? false, entries: <empty>
2019-09-16 16:50:26,948 [java.util.concurrent.ThreadPoolExecutor$Worker@3e7cc8e2[State = -1, empty queue]] WARN  server.GrpcLogAppender (GrpcLogAppender.java:timeoutAppendRequest(200)) - c9a1bac0-eae5-4c8c-abbf-c37d9bceede4@group-3F8977C1BEA2->fa2692cc-7d13-407b-8ba8-1b16aaf9a086-GrpcLogAppender: appendEntries Timeout, request=c9a1bac0-eae5-4c8c-abbf-c37d9bceede4->fa2692cc-7d13-407b-8ba8-1b16aaf9a086#78-t4, previous=(t:4, i:19), leaderCommit=15, initializing? false, entries: <empty>
2019-09-16 16:50:26,959 [grpc-default-executor-3] WARN  server.GrpcLogAppender (LogUtils.java:warn(134)) - c9a1bac0-eae5-4c8c-abbf-c37d9bceede4@group-3F8977C1BEA2->790809fb-a9ad-47fd-bbe4-169138176431-AppendLogResponseHandler: Failed appendEntries: org.apache.ratis.thirdparty.io.grpc.StatusRuntimeException: UNAVAILABLE: io exception
2019-09-16 16:50:26,962 [grpc-default-executor-3] INFO  impl.FollowerInfo (FollowerInfo.java:lambda$new$0(51)) - c9a1bac0-eae5-4c8c-abbf-c37d9bceede4@group-3F8977C1BEA2->790809fb-a9ad-47fd-bbe4-169138176431: nextIndex: updateUnconditionally 3 -> 2
2019-09-16 16:50:27,205 [java.util.concurrent.ThreadPoolExecutor$Worker@1a4e6aa4[State = -1, empty queue]] WARN  server.GrpcLogAppender (GrpcLogAppender.java:timeoutAppendRequest(200)) - 7fc320a2-74a2-44cb-8d45-40912bba4ff2@group-512358092D21->6d73d83e-4bf7-49f9-9c6b-f14bf24667e0-GrpcLogAppender: appendEntries Timeout, request=7fc320a2-74a2-44cb-8d45-40912bba4ff2->6d73d83e-4bf7-49f9-9c6b-f14bf24667e0#83-t1, previous=(t:1, i:20), leaderCommit=16, initializing? false, entries: <empty>
2019-09-16 16:50:27,205 [java.util.concurrent.ThreadPoolExecutor$Worker@62322085[State = -1, empty queue]] WARN  server.GrpcLogAppender (GrpcLogAppender.java:timeoutAppendRequest(200)) - 7fc320a2-74a2-44cb-8d45-40912bba4ff2@group-512358092D21->9061b39a-2428-46aa-ac83-e6ff060f5840-GrpcLogAppender: appendEntries Timeout, request=7fc320a2-74a2-44cb-8d45-40912bba4ff2->9061b39a-2428-46aa-ac83-e6ff060f5840#83-t1, previous=(t:1, i:20), leaderCommit=16, initializing? false, entries: <empty>
2019-09-16 16:50:27,448 [java.util.concurrent.ThreadPoolExecutor$Worker@3e7cc8e2[State = -1, empty queue]] WARN  server.GrpcLogAppender (GrpcLogAppender.java:timeoutAppendRequest(200)) - c9a1bac0-eae5-4c8c-abbf-c37d9bceede4@group-3F8977C1BEA2->fa2692cc-7d13-407b-8ba8-1b16aaf9a086-GrpcLogAppender: appendEntries Timeout, request=c9a1bac0-eae5-4c8c-abbf-c37d9bceede4->fa2692cc-7d13-407b-8ba8-1b16aaf9a086#79-t4, previous=(t:4, i:19), leaderCommit=15, initializing? false, entries: <empty>
2019-09-16 16:50:27,461 [grpc-default-executor-0] WARN  server.GrpcLogAppender (LogUtils.java:warn(134)) - c9a1bac0-eae5-4c8c-abbf-c37d9bceede4@group-3F8977C1BEA2->790809fb-a9ad-47fd-bbe4-169138176431-AppendLogResponseHandler: Failed appendEntries: org.apache.ratis.thirdparty.io.grpc.StatusRuntimeException: UNAVAILABLE: io exception
2019-09-16 16:50:27,467 [grpc-default-executor-0] INFO  impl.FollowerInfo (FollowerInfo.java:lambda$new$0(51)) - c9a1bac0-eae5-4c8c-abbf-c37d9bceede4@group-3F8977C1BEA2->790809fb-a9ad-47fd-bbe4-169138176431: nextIndex: updateUnconditionally 2 -> 1
2019-09-16 16:50:27,706 [java.util.concurrent.ThreadPoolExecutor$Worker@1a4e6aa4[State = -1, empty queue]] WARN  server.GrpcLogAppender (GrpcLogAppender.java:timeoutAppendRequest(200)) - 7fc320a2-74a2-44cb-8d45-40912bba4ff2@group-512358092D21->6d73d83e-4bf7-49f9-9c6b-f14bf24667e0-GrpcLogAppender: appendEntries Timeout, request=7fc320a2-74a2-44cb-8d45-40912bba4ff2->6d73d83e-4bf7-49f9-9c6b-f14bf24667e0#84-t1, previous=(t:1, i:20), leaderCommit=16, initializing? false, entries: <empty>
2019-09-16 16:50:27,706 [java.util.concurrent.ThreadPoolExecutor$Worker@62322085[State = -1, empty queue]] WARN  server.GrpcLogAppender (GrpcLogAppender.java:timeoutAppendRequest(200)) - 7fc320a2-74a2-44cb-8d45-40912bba4ff2@group-512358092D21->9061b39a-2428-46aa-ac83-e6ff060f5840-GrpcLogAppender: appendEntries Timeout, request=7fc320a2-74a2-44cb-8d45-40912bba4ff2->9061b39a-2428-46aa-ac83-e6ff060f5840#84-t1, previous=(t:1, i:20), leaderCommit=16, initializing? false, entries: <empty>
2019-09-16 16:50:27,949 [java.util.concurrent.ThreadPoolExecutor$Worker@3e7cc8e2[State = -1, empty queue]] WARN  server.GrpcLogAppender (GrpcLogAppender.java:timeoutAppendRequest(200)) - c9a1bac0-eae5-4c8c-abbf-c37d9bceede4@group-3F8977C1BEA2->fa2692cc-7d13-407b-8ba8-1b16aaf9a086-GrpcLogAppender: appendEntries Timeout, request=c9a1bac0-eae5-4c8c-abbf-c37d9bceede4->fa2692cc-7d13-407b-8ba8-1b16aaf9a086#80-t4, previous=(t:4, i:19), leaderCommit=15, initializing? false, entries: <empty>
2019-09-16 16:50:27,962 [grpc-default-executor-0] WARN  server.GrpcLogAppender (LogUtils.java:warn(134)) - c9a1bac0-eae5-4c8c-abbf-c37d9bceede4@group-3F8977C1BEA2->790809fb-a9ad-47fd-bbe4-169138176431-AppendLogResponseHandler: Failed appendEntries: org.apache.ratis.thirdparty.io.grpc.StatusRuntimeException: UNAVAILABLE: io exception
2019-09-16 16:50:27,966 [grpc-default-executor-0] INFO  impl.FollowerInfo (FollowerInfo.java:lambda$new$0(51)) - c9a1bac0-eae5-4c8c-abbf-c37d9bceede4@group-3F8977C1BEA2->790809fb-a9ad-47fd-bbe4-169138176431: nextIndex: updateUnconditionally 1 -> 0
2019-09-16 16:50:28,206 [java.util.concurrent.ThreadPoolExecutor$Worker@1a4e6aa4[State = -1, empty queue]] WARN  server.GrpcLogAppender (GrpcLogAppender.java:timeoutAppendRequest(200)) - 7fc320a2-74a2-44cb-8d45-40912bba4ff2@group-512358092D21->6d73d83e-4bf7-49f9-9c6b-f14bf24667e0-GrpcLogAppender: appendEntries Timeout, request=7fc320a2-74a2-44cb-8d45-40912bba4ff2->6d73d83e-4bf7-49f9-9c6b-f14bf24667e0#85-t1, previous=(t:1, i:20), leaderCommit=16, initializing? false, entries: <empty>
2019-09-16 16:50:28,206 [java.util.concurrent.ThreadPoolExecutor$Worker@62322085[State = -1, empty queue]] WARN  server.GrpcLogAppender (GrpcLogAppender.java:timeoutAppendRequest(200)) - 7fc320a2-74a2-44cb-8d45-40912bba4ff2@group-512358092D21->9061b39a-2428-46aa-ac83-e6ff060f5840-GrpcLogAppender: appendEntries Timeout, request=7fc320a2-74a2-44cb-8d45-40912bba4ff2->9061b39a-2428-46aa-ac83-e6ff060f5840#85-t1, previous=(t:1, i:20), leaderCommit=16, initializing? false, entries: <empty>
2019-09-16 16:50:28,449 [java.util.concurrent.ThreadPoolExecutor$Worker@3e7cc8e2[State = -1, empty queue]] WARN  server.GrpcLogAppender (GrpcLogAppender.java:timeoutAppendRequest(200)) - c9a1bac0-eae5-4c8c-abbf-c37d9bceede4@group-3F8977C1BEA2->fa2692cc-7d13-407b-8ba8-1b16aaf9a086-GrpcLogAppender: appendEntries Timeout, request=c9a1bac0-eae5-4c8c-abbf-c37d9bceede4->fa2692cc-7d13-407b-8ba8-1b16aaf9a086#81-t4, previous=(t:4, i:19), leaderCommit=15, initializing? false, entries: <empty>
2019-09-16 16:50:28,463 [grpc-default-executor-0] WARN  server.GrpcLogAppender (LogUtils.java:warn(134)) - c9a1bac0-eae5-4c8c-abbf-c37d9bceede4@group-3F8977C1BEA2->790809fb-a9ad-47fd-bbe4-169138176431-AppendLogResponseHandler: Failed appendEntries: org.apache.ratis.thirdparty.io.grpc.StatusRuntimeException: UNAVAILABLE: io exception
2019-09-16 16:50:28,467 [grpc-default-executor-0] INFO  impl.FollowerInfo (FollowerInfo.java:lambda$new$0(51)) - c9a1bac0-eae5-4c8c-abbf-c37d9bceede4@group-3F8977C1BEA2->790809fb-a9ad-47fd-bbe4-169138176431: nextIndex: updateUnconditionally 0 -> 0
2019-09-16 16:50:28,707 [java.util.concurrent.ThreadPoolExecutor$Worker@62322085[State = -1, empty queue]] WARN  server.GrpcLogAppender (GrpcLogAppender.java:timeoutAppendRequest(200)) - 7fc320a2-74a2-44cb-8d45-40912bba4ff2@group-512358092D21->9061b39a-2428-46aa-ac83-e6ff060f5840-GrpcLogAppender: appendEntries Timeout, request=7fc320a2-74a2-44cb-8d45-40912bba4ff2->9061b39a-2428-46aa-ac83-e6ff060f5840#86-t1, previous=(t:1, i:20), leaderCommit=16, initializing? false, entries: <empty>
2019-09-16 16:50:28,707 [java.util.concurrent.ThreadPoolExecutor$Worker@1a4e6aa4[State = -1, empty queue]] WARN  server.GrpcLogAppender (GrpcLogAppender.java:timeoutAppendRequest(200)) - 7fc320a2-74a2-44cb-8d45-40912bba4ff2@group-512358092D21->6d73d83e-4bf7-49f9-9c6b-f14bf24667e0-GrpcLogAppender: appendEntries Timeout, request=7fc320a2-74a2-44cb-8d45-40912bba4ff2->6d73d83e-4bf7-49f9-9c6b-f14bf24667e0#86-t1, previous=(t:1, i:20), leaderCommit=16, initializing? false, entries: <empty>
2019-09-16 16:50:28,949 [java.util.concurrent.ThreadPoolExecutor$Worker@3e7cc8e2[State = -1, empty queue]] WARN  server.GrpcLogAppender (GrpcLogAppender.java:timeoutAppendRequest(200)) - c9a1bac0-eae5-4c8c-abbf-c37d9bceede4@group-3F8977C1BEA2->fa2692cc-7d13-407b-8ba8-1b16aaf9a086-GrpcLogAppender: appendEntries Timeout, request=c9a1bac0-eae5-4c8c-abbf-c37d9bceede4->fa2692cc-7d13-407b-8ba8-1b16aaf9a086#82-t4, previous=(t:4, i:19), leaderCommit=15, initializing? false, entries: <empty>
2019-09-16 16:50:28,966 [grpc-default-executor-1] WARN  server.GrpcLogAppender (LogUtils.java:warn(134)) - c9a1bac0-eae5-4c8c-abbf-c37d9bceede4@group-3F8977C1BEA2->790809fb-a9ad-47fd-bbe4-169138176431-AppendLogResponseHandler: Failed appendEntries: org.apache.ratis.thirdparty.io.grpc.StatusRuntimeException: UNAVAILABLE: io exception
2019-09-16 16:50:28,971 [grpc-default-executor-1] INFO  impl.FollowerInfo (FollowerInfo.java:lambda$new$0(51)) - c9a1bac0-eae5-4c8c-abbf-c37d9bceede4@group-3F8977C1BEA2->790809fb-a9ad-47fd-bbe4-169138176431: nextIndex: updateUnconditionally 0 -> 0
2019-09-16 16:50:29,207 [java.util.concurrent.ThreadPoolExecutor$Worker@62322085[State = -1, empty queue]] WARN  server.GrpcLogAppender (GrpcLogAppender.java:timeoutAppendRequest(200)) - 7fc320a2-74a2-44cb-8d45-40912bba4ff2@group-512358092D21->9061b39a-2428-46aa-ac83-e6ff060f5840-GrpcLogAppender: appendEntries Timeout, request=7fc320a2-74a2-44cb-8d45-40912bba4ff2->9061b39a-2428-46aa-ac83-e6ff060f5840#87-t1, previous=(t:1, i:20), leaderCommit=16, initializing? false, entries: <empty>
2019-09-16 16:50:29,207 [java.util.concurrent.ThreadPoolExecutor$Worker@1a4e6aa4[State = -1, empty queue]] WARN  server.GrpcLogAppender (GrpcLogAppender.java:timeoutAppendRequest(200)) - 7fc320a2-74a2-44cb-8d45-40912bba4ff2@group-512358092D21->6d73d83e-4bf7-49f9-9c6b-f14bf24667e0-GrpcLogAppender: appendEntries Timeout, request=7fc320a2-74a2-44cb-8d45-40912bba4ff2->6d73d83e-4bf7-49f9-9c6b-f14bf24667e0#87-t1, previous=(t:1, i:20), leaderCommit=16, initializing? false, entries: <empty>
2019-09-16 16:50:29,450 [java.util.concurrent.ThreadPoolExecutor$Worker@3e7cc8e2[State = -1, empty queue]] WARN  server.GrpcLogAppender (GrpcLogAppender.java:timeoutAppendRequest(200)) - c9a1bac0-eae5-4c8c-abbf-c37d9bceede4@group-3F8977C1BEA2->fa2692cc-7d13-407b-8ba8-1b16aaf9a086-GrpcLogAppender: appendEntries Timeout, request=c9a1bac0-eae5-4c8c-abbf-c37d9bceede4->fa2692cc-7d13-407b-8ba8-1b16aaf9a086#83-t4, previous=(t:4, i:19), leaderCommit=15, initializing? false, entries: <empty>
2019-09-16 16:50:29,466 [grpc-default-executor-3] WARN  server.GrpcLogAppender (LogUtils.java:warn(134)) - c9a1bac0-eae5-4c8c-abbf-c37d9bceede4@group-3F8977C1BEA2->790809fb-a9ad-47fd-bbe4-169138176431-AppendLogResponseHandler: Failed appendEntries: org.apache.ratis.thirdparty.io.grpc.StatusRuntimeException: UNAVAILABLE: io exception
2019-09-16 16:50:29,472 [grpc-default-executor-3] INFO  impl.FollowerInfo (FollowerInfo.java:lambda$new$0(51)) - c9a1bac0-eae5-4c8c-abbf-c37d9bceede4@group-3F8977C1BEA2->790809fb-a9ad-47fd-bbe4-169138176431: nextIndex: updateUnconditionally 0 -> 0
2019-09-16 16:50:29,707 [java.util.concurrent.ThreadPoolExecutor$Worker@62322085[State = -1, empty queue]] WARN  server.GrpcLogAppender (GrpcLogAppender.java:timeoutAppendRequest(200)) - 7fc320a2-74a2-44cb-8d45-40912bba4ff2@group-512358092D21->9061b39a-2428-46aa-ac83-e6ff060f5840-GrpcLogAppender: appendEntries Timeout, request=7fc320a2-74a2-44cb-8d45-40912bba4ff2->9061b39a-2428-46aa-ac83-e6ff060f5840#88-t1, previous=(t:1, i:20), leaderCommit=16, initializing? false, entries: <empty>
2019-09-16 16:50:29,707 [java.util.concurrent.ThreadPoolExecutor$Worker@1a4e6aa4[State = -1, empty queue]] WARN  server.GrpcLogAppender (GrpcLogAppender.java:timeoutAppendRequest(200)) - 7fc320a2-74a2-44cb-8d45-40912bba4ff2@group-512358092D21->6d73d83e-4bf7-49f9-9c6b-f14bf24667e0-GrpcLogAppender: appendEntries Timeout, request=7fc320a2-74a2-44cb-8d45-40912bba4ff2->6d73d83e-4bf7-49f9-9c6b-f14bf24667e0#88-t1, previous=(t:1, i:20), leaderCommit=16, initializing? false, entries: <empty>
2019-09-16 16:50:29,950 [java.util.concurrent.ThreadPoolExecutor$Worker@3e7cc8e2[State = -1, empty queue]] WARN  server.GrpcLogAppender (GrpcLogAppender.java:timeoutAppendRequest(200)) - c9a1bac0-eae5-4c8c-abbf-c37d9bceede4@group-3F8977C1BEA2->fa2692cc-7d13-407b-8ba8-1b16aaf9a086-GrpcLogAppender: appendEntries Timeout, request=c9a1bac0-eae5-4c8c-abbf-c37d9bceede4->fa2692cc-7d13-407b-8ba8-1b16aaf9a086#84-t4, previous=(t:4, i:19), leaderCommit=15, initializing? false, entries: <empty>
2019-09-16 16:50:29,995 [grpc-default-executor-1] WARN  server.GrpcLogAppender (LogUtils.java:warn(134)) - c9a1bac0-eae5-4c8c-abbf-c37d9bceede4@group-3F8977C1BEA2->790809fb-a9ad-47fd-bbe4-169138176431-AppendLogResponseHandler: Failed appendEntries: org.apache.ratis.thirdparty.io.grpc.StatusRuntimeException: UNAVAILABLE: io exception
2019-09-16 16:50:29,997 [grpc-default-executor-1] INFO  impl.FollowerInfo (FollowerInfo.java:lambda$new$0(51)) - c9a1bac0-eae5-4c8c-abbf-c37d9bceede4@group-3F8977C1BEA2->790809fb-a9ad-47fd-bbe4-169138176431: nextIndex: updateUnconditionally 0 -> 0
2019-09-16 16:50:30,206 [6d73d83e-4bf7-49f9-9c6b-f14bf24667e0@group-512358092D21-SegmentedRaftLogWorker] WARN  segmented.SegmentedRaftLogWorker (SegmentedRaftLogWorker.java:getFromFuture(90)) - Timeout 0/~
org.apache.ratis.protocol.TimeoutIOException: Timeout 10s: WriteLog:17: (t:1, i:17), STATEMACHINELOGENTRY, client-F1A86D2C076E, cid=51-writeStateMachineData
	at org.apache.ratis.util.IOUtils.getFromFuture(IOUtils.java:87)
	at org.apache.ratis.server.raftlog.segmented.SegmentedRaftLogWorker$StateMachineDataPolicy.getFromFuture(SegmentedRaftLogWorker.java:87)
	at org.apache.ratis.server.raftlog.segmented.SegmentedRaftLogWorker$WriteLog.execute(SegmentedRaftLogWorker.java:477)
	at org.apache.ratis.server.raftlog.segmented.SegmentedRaftLogWorker.run(SegmentedRaftLogWorker.java:289)
	at java.lang.Thread.run(Thread.java:748)
Caused by: java.util.concurrent.TimeoutException
	at java.util.concurrent.CompletableFuture.timedGet(CompletableFuture.java:1771)
	at java.util.concurrent.CompletableFuture.get(CompletableFuture.java:1915)
	at org.apache.ratis.util.IOUtils.getFromFuture(IOUtils.java:79)
	... 4 more
2019-09-16 16:50:30,208 [java.util.concurrent.ThreadPoolExecutor$Worker@1a4e6aa4[State = -1, empty queue]] WARN  server.GrpcLogAppender (GrpcLogAppender.java:timeoutAppendRequest(200)) - 7fc320a2-74a2-44cb-8d45-40912bba4ff2@group-512358092D21->6d73d83e-4bf7-49f9-9c6b-f14bf24667e0-GrpcLogAppender: appendEntries Timeout, request=7fc320a2-74a2-44cb-8d45-40912bba4ff2->6d73d83e-4bf7-49f9-9c6b-f14bf24667e0#89-t1, previous=(t:1, i:20), leaderCommit=16, initializing? false, entries: <empty>
2019-09-16 16:50:30,208 [java.util.concurrent.ThreadPoolExecutor$Worker@62322085[State = -1, empty queue]] WARN  server.GrpcLogAppender (GrpcLogAppender.java:timeoutAppendRequest(200)) - 7fc320a2-74a2-44cb-8d45-40912bba4ff2@group-512358092D21->9061b39a-2428-46aa-ac83-e6ff060f5840-GrpcLogAppender: appendEntries Timeout, request=7fc320a2-74a2-44cb-8d45-40912bba4ff2->9061b39a-2428-46aa-ac83-e6ff060f5840#89-t1, previous=(t:1, i:20), leaderCommit=16, initializing? false, entries: <empty>
2019-09-16 16:50:30,281 [grpc-default-executor-1] INFO  client.GrpcClientProtocolClient (GrpcClientProtocolClient.java:onNext(264)) - client-F1A86D2C076E->9061b39a-2428-46aa-ac83-e6ff060f5840: receive RaftClientReply:client-F1A86D2C076E->9061b39a-2428-46aa-ac83-e6ff060f5840@group-512358092D21, cid=51, FAILED org.apache.ratis.protocol.NotLeaderException: Server 9061b39a-2428-46aa-ac83-e6ff060f5840@group-512358092D21 is not the leader 7fc320a2-74a2-44cb-8d45-40912bba4ff2:192.168.34.47:36256, logIndex=0, commits[9061b39a-2428-46aa-ac83-e6ff060f5840:c16, 6d73d83e-4bf7-49f9-9c6b-f14bf24667e0:c12, 7fc320a2-74a2-44cb-8d45-40912bba4ff2:c16]
2019-09-16 16:50:30,339 [9061b39a-2428-46aa-ac83-e6ff060f5840@group-512358092D21-SegmentedRaftLogWorker] WARN  segmented.SegmentedRaftLogWorker (SegmentedRaftLogWorker.java:getFromFuture(90)) - Timeout 0/~
org.apache.ratis.protocol.TimeoutIOException: Timeout 10s: WriteLog:19: (t:1, i:19), STATEMACHINELOGENTRY, client-F1A86D2C076E, cid=53-writeStateMachineData
	at org.apache.ratis.util.IOUtils.getFromFuture(IOUtils.java:87)
	at org.apache.ratis.server.raftlog.segmented.SegmentedRaftLogWorker$StateMachineDataPolicy.getFromFuture(SegmentedRaftLogWorker.java:87)
	at org.apache.ratis.server.raftlog.segmented.SegmentedRaftLogWorker$WriteLog.execute(SegmentedRaftLogWorker.java:477)
	at org.apache.ratis.server.raftlog.segmented.SegmentedRaftLogWorker.run(SegmentedRaftLogWorker.java:289)
	at java.lang.Thread.run(Thread.java:748)
Caused by: java.util.concurrent.TimeoutException
	at java.util.concurrent.CompletableFuture.timedGet(CompletableFuture.java:1771)
	at java.util.concurrent.CompletableFuture.get(CompletableFuture.java:1915)
	at org.apache.ratis.util.IOUtils.getFromFuture(IOUtils.java:79)
	... 4 more
2019-09-16 16:50:30,340 [7fc320a2-74a2-44cb-8d45-40912bba4ff2@group-512358092D21-SegmentedRaftLogWorker] WARN  segmented.SegmentedRaftLogWorker (SegmentedRaftLogWorker.java:getFromFuture(90)) - Timeout 0/~
org.apache.ratis.protocol.TimeoutIOException: Timeout 10s: WriteLog:19: (t:1, i:19), STATEMACHINELOGENTRY, client-F1A86D2C076E, cid=53-writeStateMachineData
	at org.apache.ratis.util.IOUtils.getFromFuture(IOUtils.java:87)
	at org.apache.ratis.server.raftlog.segmented.SegmentedRaftLogWorker$StateMachineDataPolicy.getFromFuture(SegmentedRaftLogWorker.java:87)
	at org.apache.ratis.server.raftlog.segmented.SegmentedRaftLogWorker$WriteLog.execute(SegmentedRaftLogWorker.java:477)
	at org.apache.ratis.server.raftlog.segmented.SegmentedRaftLogWorker.run(SegmentedRaftLogWorker.java:289)
	at java.lang.Thread.run(Thread.java:748)
Caused by: java.util.concurrent.TimeoutException
	at java.util.concurrent.CompletableFuture.timedGet(CompletableFuture.java:1771)
	at java.util.concurrent.CompletableFuture.get(CompletableFuture.java:1915)
	at org.apache.ratis.util.IOUtils.getFromFuture(IOUtils.java:79)
	... 4 more
2019-09-16 16:50:30,450 [java.util.concurrent.ThreadPoolExecutor$Worker@3e7cc8e2[State = -1, empty queue]] WARN  server.GrpcLogAppender (GrpcLogAppender.java:timeoutAppendRequest(200)) - c9a1bac0-eae5-4c8c-abbf-c37d9bceede4@group-3F8977C1BEA2->fa2692cc-7d13-407b-8ba8-1b16aaf9a086-GrpcLogAppender: appendEntries Timeout, request=c9a1bac0-eae5-4c8c-abbf-c37d9bceede4->fa2692cc-7d13-407b-8ba8-1b16aaf9a086#85-t4, previous=(t:4, i:19), leaderCommit=15, initializing? false, entries: <empty>
2019-09-16 16:50:30,468 [grpc-default-executor-3] WARN  server.GrpcLogAppender (LogUtils.java:warn(134)) - c9a1bac0-eae5-4c8c-abbf-c37d9bceede4@group-3F8977C1BEA2->790809fb-a9ad-47fd-bbe4-169138176431-AppendLogResponseHandler: Failed appendEntries: org.apache.ratis.thirdparty.io.grpc.StatusRuntimeException: UNAVAILABLE: io exception
2019-09-16 16:50:30,473 [grpc-default-executor-3] INFO  impl.FollowerInfo (FollowerInfo.java:lambda$new$0(51)) - c9a1bac0-eae5-4c8c-abbf-c37d9bceede4@group-3F8977C1BEA2->790809fb-a9ad-47fd-bbe4-169138176431: nextIndex: updateUnconditionally 0 -> 0
2019-09-16 16:50:30,709 [java.util.concurrent.ThreadPoolExecutor$Worker@1a4e6aa4[State = -1, empty queue]] WARN  server.GrpcLogAppender (GrpcLogAppender.java:timeoutAppendRequest(200)) - 7fc320a2-74a2-44cb-8d45-40912bba4ff2@group-512358092D21->6d73d83e-4bf7-49f9-9c6b-f14bf24667e0-GrpcLogAppender: appendEntries Timeout, request=7fc320a2-74a2-44cb-8d45-40912bba4ff2->6d73d83e-4bf7-49f9-9c6b-f14bf24667e0#90-t1, previous=(t:1, i:20), leaderCommit=16, initializing? false, entries: <empty>
2019-09-16 16:50:30,709 [java.util.concurrent.ThreadPoolExecutor$Worker@62322085[State = -1, empty queue]] WARN  server.GrpcLogAppender (GrpcLogAppender.java:timeoutAppendRequest(200)) - 7fc320a2-74a2-44cb-8d45-40912bba4ff2@group-512358092D21->9061b39a-2428-46aa-ac83-e6ff060f5840-GrpcLogAppender: appendEntries Timeout, request=7fc320a2-74a2-44cb-8d45-40912bba4ff2->9061b39a-2428-46aa-ac83-e6ff060f5840#90-t1, previous=(t:1, i:20), leaderCommit=16, initializing? false, entries: <empty>
2019-09-16 16:50:30,951 [java.util.concurrent.ThreadPoolExecutor$Worker@3e7cc8e2[State = -1, empty queue]] WARN  server.GrpcLogAppender (GrpcLogAppender.java:timeoutAppendRequest(200)) - c9a1bac0-eae5-4c8c-abbf-c37d9bceede4@group-3F8977C1BEA2->fa2692cc-7d13-407b-8ba8-1b16aaf9a086-GrpcLogAppender: appendEntries Timeout, request=c9a1bac0-eae5-4c8c-abbf-c37d9bceede4->fa2692cc-7d13-407b-8ba8-1b16aaf9a086#86-t4, previous=(t:4, i:19), leaderCommit=15, initializing? false, entries: <empty>
2019-09-16 16:50:30,968 [grpc-default-executor-1] WARN  server.GrpcLogAppender (LogUtils.java:warn(134)) - c9a1bac0-eae5-4c8c-abbf-c37d9bceede4@group-3F8977C1BEA2->790809fb-a9ad-47fd-bbe4-169138176431-AppendLogResponseHandler: Failed appendEntries: org.apache.ratis.thirdparty.io.grpc.StatusRuntimeException: UNAVAILABLE: io exception
2019-09-16 16:50:30,976 [grpc-default-executor-1] INFO  impl.FollowerInfo (FollowerInfo.java:lambda$new$0(51)) - c9a1bac0-eae5-4c8c-abbf-c37d9bceede4@group-3F8977C1BEA2->790809fb-a9ad-47fd-bbe4-169138176431: nextIndex: updateUnconditionally 0 -> 0
2019-09-16 16:50:31,209 [java.util.concurrent.ThreadPoolExecutor$Worker@1a4e6aa4[State = -1, empty queue]] WARN  server.GrpcLogAppender (GrpcLogAppender.java:timeoutAppendRequest(200)) - 7fc320a2-74a2-44cb-8d45-40912bba4ff2@group-512358092D21->6d73d83e-4bf7-49f9-9c6b-f14bf24667e0-GrpcLogAppender: appendEntries Timeout, request=7fc320a2-74a2-44cb-8d45-40912bba4ff2->6d73d83e-4bf7-49f9-9c6b-f14bf24667e0#91-t1, previous=(t:1, i:20), leaderCommit=16, initializing? false, entries: <empty>
2019-09-16 16:50:31,209 [java.util.concurrent.ThreadPoolExecutor$Worker@62322085[State = -1, empty queue]] WARN  server.GrpcLogAppender (GrpcLogAppender.java:timeoutAppendRequest(200)) - 7fc320a2-74a2-44cb-8d45-40912bba4ff2@group-512358092D21->9061b39a-2428-46aa-ac83-e6ff060f5840-GrpcLogAppender: appendEntries Timeout, request=7fc320a2-74a2-44cb-8d45-40912bba4ff2->9061b39a-2428-46aa-ac83-e6ff060f5840#91-t1, previous=(t:1, i:20), leaderCommit=16, initializing? false, entries: <empty>
2019-09-16 16:50:31,451 [java.util.concurrent.ThreadPoolExecutor$Worker@3e7cc8e2[State = -1, empty queue]] WARN  server.GrpcLogAppender (GrpcLogAppender.java:timeoutAppendRequest(200)) - c9a1bac0-eae5-4c8c-abbf-c37d9bceede4@group-3F8977C1BEA2->fa2692cc-7d13-407b-8ba8-1b16aaf9a086-GrpcLogAppender: appendEntries Timeout, request=c9a1bac0-eae5-4c8c-abbf-c37d9bceede4->fa2692cc-7d13-407b-8ba8-1b16aaf9a086#87-t4, previous=(t:4, i:19), leaderCommit=15, initializing? false, entries: <empty>
2019-09-16 16:50:31,469 [grpc-default-executor-3] WARN  server.GrpcLogAppender (LogUtils.java:warn(134)) - c9a1bac0-eae5-4c8c-abbf-c37d9bceede4@group-3F8977C1BEA2->790809fb-a9ad-47fd-bbe4-169138176431-AppendLogResponseHandler: Failed appendEntries: org.apache.ratis.thirdparty.io.grpc.StatusRuntimeException: UNAVAILABLE: io exception
2019-09-16 16:50:31,470 [grpc-default-executor-3] INFO  impl.FollowerInfo (FollowerInfo.java:lambda$new$0(51)) - c9a1bac0-eae5-4c8c-abbf-c37d9bceede4@group-3F8977C1BEA2->790809fb-a9ad-47fd-bbe4-169138176431: nextIndex: updateUnconditionally 0 -> 0
2019-09-16 16:50:31,709 [java.util.concurrent.ThreadPoolExecutor$Worker@1a4e6aa4[State = -1, empty queue]] WARN  server.GrpcLogAppender (GrpcLogAppender.java:timeoutAppendRequest(200)) - 7fc320a2-74a2-44cb-8d45-40912bba4ff2@group-512358092D21->6d73d83e-4bf7-49f9-9c6b-f14bf24667e0-GrpcLogAppender: appendEntries Timeout, request=7fc320a2-74a2-44cb-8d45-40912bba4ff2->6d73d83e-4bf7-49f9-9c6b-f14bf24667e0#92-t1, previous=(t:1, i:20), leaderCommit=16, initializing? false, entries: <empty>
2019-09-16 16:50:31,709 [java.util.concurrent.ThreadPoolExecutor$Worker@62322085[State = -1, empty queue]] WARN  server.GrpcLogAppender (GrpcLogAppender.java:timeoutAppendRequest(200)) - 7fc320a2-74a2-44cb-8d45-40912bba4ff2@group-512358092D21->9061b39a-2428-46aa-ac83-e6ff060f5840-GrpcLogAppender: appendEntries Timeout, request=7fc320a2-74a2-44cb-8d45-40912bba4ff2->9061b39a-2428-46aa-ac83-e6ff060f5840#92-t1, previous=(t:1, i:20), leaderCommit=16, initializing? false, entries: <empty>
2019-09-16 16:50:31,951 [java.util.concurrent.ThreadPoolExecutor$Worker@3e7cc8e2[State = -1, empty queue]] WARN  server.GrpcLogAppender (GrpcLogAppender.java:timeoutAppendRequest(200)) - c9a1bac0-eae5-4c8c-abbf-c37d9bceede4@group-3F8977C1BEA2->fa2692cc-7d13-407b-8ba8-1b16aaf9a086-GrpcLogAppender: appendEntries Timeout, request=c9a1bac0-eae5-4c8c-abbf-c37d9bceede4->fa2692cc-7d13-407b-8ba8-1b16aaf9a086#88-t4, previous=(t:4, i:19), leaderCommit=15, initializing? false, entries: <empty>
2019-09-16 16:50:31,969 [grpc-default-executor-1] WARN  server.GrpcLogAppender (LogUtils.java:warn(134)) - c9a1bac0-eae5-4c8c-abbf-c37d9bceede4@group-3F8977C1BEA2->790809fb-a9ad-47fd-bbe4-169138176431-AppendLogResponseHandler: Failed appendEntries: org.apache.ratis.thirdparty.io.grpc.StatusRuntimeException: UNAVAILABLE: io exception
2019-09-16 16:50:31,970 [grpc-default-executor-1] INFO  impl.FollowerInfo (FollowerInfo.java:lambda$new$0(51)) - c9a1bac0-eae5-4c8c-abbf-c37d9bceede4@group-3F8977C1BEA2->790809fb-a9ad-47fd-bbe4-169138176431: nextIndex: updateUnconditionally 0 -> 0
2019-09-16 16:50:32,209 [java.util.concurrent.ThreadPoolExecutor$Worker@1a4e6aa4[State = -1, empty queue]] WARN  server.GrpcLogAppender (GrpcLogAppender.java:timeoutAppendRequest(200)) - 7fc320a2-74a2-44cb-8d45-40912bba4ff2@group-512358092D21->6d73d83e-4bf7-49f9-9c6b-f14bf24667e0-GrpcLogAppender: appendEntries Timeout, request=7fc320a2-74a2-44cb-8d45-40912bba4ff2->6d73d83e-4bf7-49f9-9c6b-f14bf24667e0#93-t1, previous=(t:1, i:20), leaderCommit=16, initializing? false, entries: <empty>
2019-09-16 16:50:32,210 [java.util.concurrent.ThreadPoolExecutor$Worker@62322085[State = -1, empty queue]] WARN  server.GrpcLogAppender (GrpcLogAppender.java:timeoutAppendRequest(200)) - 7fc320a2-74a2-44cb-8d45-40912bba4ff2@group-512358092D21->9061b39a-2428-46aa-ac83-e6ff060f5840-GrpcLogAppender: appendEntries Timeout, request=7fc320a2-74a2-44cb-8d45-40912bba4ff2->9061b39a-2428-46aa-ac83-e6ff060f5840#93-t1, previous=(t:1, i:20), leaderCommit=16, initializing? false, entries: <empty>
2019-09-16 16:50:32,452 [java.util.concurrent.ThreadPoolExecutor$Worker@3e7cc8e2[State = -1, empty queue]] WARN  server.GrpcLogAppender (GrpcLogAppender.java:timeoutAppendRequest(200)) - c9a1bac0-eae5-4c8c-abbf-c37d9bceede4@group-3F8977C1BEA2->fa2692cc-7d13-407b-8ba8-1b16aaf9a086-GrpcLogAppender: appendEntries Timeout, request=c9a1bac0-eae5-4c8c-abbf-c37d9bceede4->fa2692cc-7d13-407b-8ba8-1b16aaf9a086#89-t4, previous=(t:4, i:19), leaderCommit=15, initializing? false, entries: <empty>
2019-09-16 16:50:32,470 [grpc-default-executor-3] WARN  server.GrpcLogAppender (LogUtils.java:warn(134)) - c9a1bac0-eae5-4c8c-abbf-c37d9bceede4@group-3F8977C1BEA2->790809fb-a9ad-47fd-bbe4-169138176431-AppendLogResponseHandler: Failed appendEntries: org.apache.ratis.thirdparty.io.grpc.StatusRuntimeException: UNAVAILABLE: io exception
2019-09-16 16:50:32,470 [grpc-default-executor-3] INFO  impl.FollowerInfo (FollowerInfo.java:lambda$new$0(51)) - c9a1bac0-eae5-4c8c-abbf-c37d9bceede4@group-3F8977C1BEA2->790809fb-a9ad-47fd-bbe4-169138176431: nextIndex: updateUnconditionally 0 -> 0
2019-09-16 16:50:32,710 [java.util.concurrent.ThreadPoolExecutor$Worker@1a4e6aa4[State = -1, empty queue]] WARN  server.GrpcLogAppender (GrpcLogAppender.java:timeoutAppendRequest(200)) - 7fc320a2-74a2-44cb-8d45-40912bba4ff2@group-512358092D21->6d73d83e-4bf7-49f9-9c6b-f14bf24667e0-GrpcLogAppender: appendEntries Timeout, request=7fc320a2-74a2-44cb-8d45-40912bba4ff2->6d73d83e-4bf7-49f9-9c6b-f14bf24667e0#94-t1, previous=(t:1, i:20), leaderCommit=16, initializing? false, entries: <empty>
2019-09-16 16:50:32,710 [java.util.concurrent.ThreadPoolExecutor$Worker@62322085[State = -1, empty queue]] WARN  server.GrpcLogAppender (GrpcLogAppender.java:timeoutAppendRequest(200)) - 7fc320a2-74a2-44cb-8d45-40912bba4ff2@group-512358092D21->9061b39a-2428-46aa-ac83-e6ff060f5840-GrpcLogAppender: appendEntries Timeout, request=7fc320a2-74a2-44cb-8d45-40912bba4ff2->9061b39a-2428-46aa-ac83-e6ff060f5840#94-t1, previous=(t:1, i:20), leaderCommit=16, initializing? false, entries: <empty>
2019-09-16 16:50:32,953 [java.util.concurrent.ThreadPoolExecutor$Worker@3e7cc8e2[State = -1, empty queue]] WARN  server.GrpcLogAppender (GrpcLogAppender.java:timeoutAppendRequest(200)) - c9a1bac0-eae5-4c8c-abbf-c37d9bceede4@group-3F8977C1BEA2->fa2692cc-7d13-407b-8ba8-1b16aaf9a086-GrpcLogAppender: appendEntries Timeout, request=c9a1bac0-eae5-4c8c-abbf-c37d9bceede4->fa2692cc-7d13-407b-8ba8-1b16aaf9a086#90-t4, previous=(t:4, i:19), leaderCommit=15, initializing? false, entries: <empty>
2019-09-16 16:50:32,973 [grpc-default-executor-0] WARN  server.GrpcLogAppender (LogUtils.java:warn(134)) - c9a1bac0-eae5-4c8c-abbf-c37d9bceede4@group-3F8977C1BEA2->790809fb-a9ad-47fd-bbe4-169138176431-AppendLogResponseHandler: Failed appendEntries: org.apache.ratis.thirdparty.io.grpc.StatusRuntimeException: UNAVAILABLE: io exception
2019-09-16 16:50:32,974 [grpc-default-executor-0] INFO  impl.FollowerInfo (FollowerInfo.java:lambda$new$0(51)) - c9a1bac0-eae5-4c8c-abbf-c37d9bceede4@group-3F8977C1BEA2->790809fb-a9ad-47fd-bbe4-169138176431: nextIndex: updateUnconditionally 0 -> 0
2019-09-16 16:50:33,211 [java.util.concurrent.ThreadPoolExecutor$Worker@1a4e6aa4[State = -1, empty queue]] WARN  server.GrpcLogAppender (GrpcLogAppender.java:timeoutAppendRequest(200)) - 7fc320a2-74a2-44cb-8d45-40912bba4ff2@group-512358092D21->6d73d83e-4bf7-49f9-9c6b-f14bf24667e0-GrpcLogAppender: appendEntries Timeout, request=7fc320a2-74a2-44cb-8d45-40912bba4ff2->6d73d83e-4bf7-49f9-9c6b-f14bf24667e0#95-t1, previous=(t:1, i:20), leaderCommit=16, initializing? false, entries: <empty>
2019-09-16 16:50:33,211 [java.util.concurrent.ThreadPoolExecutor$Worker@62322085[State = -1, empty queue]] WARN  server.GrpcLogAppender (GrpcLogAppender.java:timeoutAppendRequest(200)) - 7fc320a2-74a2-44cb-8d45-40912bba4ff2@group-512358092D21->9061b39a-2428-46aa-ac83-e6ff060f5840-GrpcLogAppender: appendEntries Timeout, request=7fc320a2-74a2-44cb-8d45-40912bba4ff2->9061b39a-2428-46aa-ac83-e6ff060f5840#95-t1, previous=(t:1, i:20), leaderCommit=16, initializing? false, entries: <empty>
2019-09-16 16:50:33,453 [java.util.concurrent.ThreadPoolExecutor$Worker@3e7cc8e2[State = -1, empty queue]] WARN  server.GrpcLogAppender (GrpcLogAppender.java:timeoutAppendRequest(200)) - c9a1bac0-eae5-4c8c-abbf-c37d9bceede4@group-3F8977C1BEA2->fa2692cc-7d13-407b-8ba8-1b16aaf9a086-GrpcLogAppender: appendEntries Timeout, request=c9a1bac0-eae5-4c8c-abbf-c37d9bceede4->fa2692cc-7d13-407b-8ba8-1b16aaf9a086#91-t4, previous=(t:4, i:19), leaderCommit=15, initializing? false, entries: <empty>
2019-09-16 16:50:33,473 [grpc-default-executor-1] WARN  server.GrpcLogAppender (LogUtils.java:warn(134)) - c9a1bac0-eae5-4c8c-abbf-c37d9bceede4@group-3F8977C1BEA2->790809fb-a9ad-47fd-bbe4-169138176431-AppendLogResponseHandler: Failed appendEntries: org.apache.ratis.thirdparty.io.grpc.StatusRuntimeException: UNAVAILABLE: io exception
2019-09-16 16:50:33,474 [grpc-default-executor-1] INFO  impl.FollowerInfo (FollowerInfo.java:lambda$new$0(51)) - c9a1bac0-eae5-4c8c-abbf-c37d9bceede4@group-3F8977C1BEA2->790809fb-a9ad-47fd-bbe4-169138176431: nextIndex: updateUnconditionally 0 -> 0
2019-09-16 16:50:33,711 [java.util.concurrent.ThreadPoolExecutor$Worker@1a4e6aa4[State = -1, empty queue]] WARN  server.GrpcLogAppender (GrpcLogAppender.java:timeoutAppendRequest(200)) - 7fc320a2-74a2-44cb-8d45-40912bba4ff2@group-512358092D21->6d73d83e-4bf7-49f9-9c6b-f14bf24667e0-GrpcLogAppender: appendEntries Timeout, request=7fc320a2-74a2-44cb-8d45-40912bba4ff2->6d73d83e-4bf7-49f9-9c6b-f14bf24667e0#96-t1, previous=(t:1, i:20), leaderCommit=16, initializing? false, entries: <empty>
2019-09-16 16:50:33,711 [java.util.concurrent.ThreadPoolExecutor$Worker@62322085[State = -1, empty queue]] WARN  server.GrpcLogAppender (GrpcLogAppender.java:timeoutAppendRequest(200)) - 7fc320a2-74a2-44cb-8d45-40912bba4ff2@group-512358092D21->9061b39a-2428-46aa-ac83-e6ff060f5840-GrpcLogAppender: appendEntries Timeout, request=7fc320a2-74a2-44cb-8d45-40912bba4ff2->9061b39a-2428-46aa-ac83-e6ff060f5840#96-t1, previous=(t:1, i:20), leaderCommit=16, initializing? false, entries: <empty>
2019-09-16 16:50:33,953 [java.util.concurrent.ThreadPoolExecutor$Worker@3e7cc8e2[State = -1, empty queue]] WARN  server.GrpcLogAppender (GrpcLogAppender.java:timeoutAppendRequest(200)) - c9a1bac0-eae5-4c8c-abbf-c37d9bceede4@group-3F8977C1BEA2->fa2692cc-7d13-407b-8ba8-1b16aaf9a086-GrpcLogAppender: appendEntries Timeout, request=c9a1bac0-eae5-4c8c-abbf-c37d9bceede4->fa2692cc-7d13-407b-8ba8-1b16aaf9a086#92-t4, previous=(t:4, i:19), leaderCommit=15, initializing? false, entries: <empty>
2019-09-16 16:50:33,974 [grpc-default-executor-0] WARN  server.GrpcLogAppender (LogUtils.java:warn(134)) - c9a1bac0-eae5-4c8c-abbf-c37d9bceede4@group-3F8977C1BEA2->790809fb-a9ad-47fd-bbe4-169138176431-AppendLogResponseHandler: Failed appendEntries: org.apache.ratis.thirdparty.io.grpc.StatusRuntimeException: UNAVAILABLE: io exception
2019-09-16 16:50:33,974 [grpc-default-executor-0] INFO  impl.FollowerInfo (FollowerInfo.java:lambda$new$0(51)) - c9a1bac0-eae5-4c8c-abbf-c37d9bceede4@group-3F8977C1BEA2->790809fb-a9ad-47fd-bbe4-169138176431: nextIndex: updateUnconditionally 0 -> 0
2019-09-16 16:50:34,211 [java.util.concurrent.ThreadPoolExecutor$Worker@1a4e6aa4[State = -1, empty queue]] WARN  server.GrpcLogAppender (GrpcLogAppender.java:timeoutAppendRequest(200)) - 7fc320a2-74a2-44cb-8d45-40912bba4ff2@group-512358092D21->6d73d83e-4bf7-49f9-9c6b-f14bf24667e0-GrpcLogAppender: appendEntries Timeout, request=7fc320a2-74a2-44cb-8d45-40912bba4ff2->6d73d83e-4bf7-49f9-9c6b-f14bf24667e0#97-t1, previous=(t:1, i:20), leaderCommit=16, initializing? false, entries: <empty>
2019-09-16 16:50:34,211 [java.util.concurrent.ThreadPoolExecutor$Worker@62322085[State = -1, empty queue]] WARN  server.GrpcLogAppender (GrpcLogAppender.java:timeoutAppendRequest(200)) - 7fc320a2-74a2-44cb-8d45-40912bba4ff2@group-512358092D21->9061b39a-2428-46aa-ac83-e6ff060f5840-GrpcLogAppender: appendEntries Timeout, request=7fc320a2-74a2-44cb-8d45-40912bba4ff2->9061b39a-2428-46aa-ac83-e6ff060f5840#97-t1, previous=(t:1, i:20), leaderCommit=16, initializing? false, entries: <empty>
2019-09-16 16:50:34,453 [java.util.concurrent.ThreadPoolExecutor$Worker@3e7cc8e2[State = -1, empty queue]] WARN  server.GrpcLogAppender (GrpcLogAppender.java:timeoutAppendRequest(200)) - c9a1bac0-eae5-4c8c-abbf-c37d9bceede4@group-3F8977C1BEA2->fa2692cc-7d13-407b-8ba8-1b16aaf9a086-GrpcLogAppender: appendEntries Timeout, request=c9a1bac0-eae5-4c8c-abbf-c37d9bceede4->fa2692cc-7d13-407b-8ba8-1b16aaf9a086#93-t4, previous=(t:4, i:19), leaderCommit=15, initializing? false, entries: <empty>
2019-09-16 16:50:34,475 [grpc-default-executor-1] WARN  server.GrpcLogAppender (LogUtils.java:warn(134)) - c9a1bac0-eae5-4c8c-abbf-c37d9bceede4@group-3F8977C1BEA2->790809fb-a9ad-47fd-bbe4-169138176431-AppendLogResponseHandler: Failed appendEntries: org.apache.ratis.thirdparty.io.grpc.StatusRuntimeException: UNAVAILABLE: io exception
2019-09-16 16:50:34,476 [grpc-default-executor-1] INFO  impl.FollowerInfo (FollowerInfo.java:lambda$new$0(51)) - c9a1bac0-eae5-4c8c-abbf-c37d9bceede4@group-3F8977C1BEA2->790809fb-a9ad-47fd-bbe4-169138176431: nextIndex: updateUnconditionally 0 -> 0
2019-09-16 16:50:34,712 [java.util.concurrent.ThreadPoolExecutor$Worker@1a4e6aa4[State = -1, empty queue]] WARN  server.GrpcLogAppender (GrpcLogAppender.java:timeoutAppendRequest(200)) - 7fc320a2-74a2-44cb-8d45-40912bba4ff2@group-512358092D21->6d73d83e-4bf7-49f9-9c6b-f14bf24667e0-GrpcLogAppender: appendEntries Timeout, request=7fc320a2-74a2-44cb-8d45-40912bba4ff2->6d73d83e-4bf7-49f9-9c6b-f14bf24667e0#98-t1, previous=(t:1, i:20), leaderCommit=16, initializing? false, entries: <empty>
2019-09-16 16:50:34,712 [java.util.concurrent.ThreadPoolExecutor$Worker@62322085[State = -1, empty queue]] WARN  server.GrpcLogAppender (GrpcLogAppender.java:timeoutAppendRequest(200)) - 7fc320a2-74a2-44cb-8d45-40912bba4ff2@group-512358092D21->9061b39a-2428-46aa-ac83-e6ff060f5840-GrpcLogAppender: appendEntries Timeout, request=7fc320a2-74a2-44cb-8d45-40912bba4ff2->9061b39a-2428-46aa-ac83-e6ff060f5840#98-t1, previous=(t:1, i:20), leaderCommit=16, initializing? false, entries: <empty>
2019-09-16 16:50:34,954 [java.util.concurrent.ThreadPoolExecutor$Worker@3e7cc8e2[State = -1, empty queue]] WARN  server.GrpcLogAppender (GrpcLogAppender.java:timeoutAppendRequest(200)) - c9a1bac0-eae5-4c8c-abbf-c37d9bceede4@group-3F8977C1BEA2->fa2692cc-7d13-407b-8ba8-1b16aaf9a086-GrpcLogAppender: appendEntries Timeout, request=c9a1bac0-eae5-4c8c-abbf-c37d9bceede4->fa2692cc-7d13-407b-8ba8-1b16aaf9a086#94-t4, previous=(t:4, i:19), leaderCommit=15, initializing? false, entries: <empty>
2019-09-16 16:50:34,977 [grpc-default-executor-0] WARN  server.GrpcLogAppender (LogUtils.java:warn(134)) - c9a1bac0-eae5-4c8c-abbf-c37d9bceede4@group-3F8977C1BEA2->790809fb-a9ad-47fd-bbe4-169138176431-AppendLogResponseHandler: Failed appendEntries: org.apache.ratis.thirdparty.io.grpc.StatusRuntimeException: UNAVAILABLE: io exception
2019-09-16 16:50:34,977 [grpc-default-executor-0] INFO  impl.FollowerInfo (FollowerInfo.java:lambda$new$0(51)) - c9a1bac0-eae5-4c8c-abbf-c37d9bceede4@group-3F8977C1BEA2->790809fb-a9ad-47fd-bbe4-169138176431: nextIndex: updateUnconditionally 0 -> 0
2019-09-16 16:50:35,212 [java.util.concurrent.ThreadPoolExecutor$Worker@62322085[State = -1, empty queue]] WARN  server.GrpcLogAppender (GrpcLogAppender.java:timeoutAppendRequest(200)) - 7fc320a2-74a2-44cb-8d45-40912bba4ff2@group-512358092D21->9061b39a-2428-46aa-ac83-e6ff060f5840-GrpcLogAppender: appendEntries Timeout, request=7fc320a2-74a2-44cb-8d45-40912bba4ff2->9061b39a-2428-46aa-ac83-e6ff060f5840#99-t1, previous=(t:1, i:20), leaderCommit=16, initializing? false, entries: <empty>
2019-09-16 16:50:35,212 [java.util.concurrent.ThreadPoolExecutor$Worker@1a4e6aa4[State = -1, empty queue]] WARN  server.GrpcLogAppender (GrpcLogAppender.java:timeoutAppendRequest(200)) - 7fc320a2-74a2-44cb-8d45-40912bba4ff2@group-512358092D21->6d73d83e-4bf7-49f9-9c6b-f14bf24667e0-GrpcLogAppender: appendEntries Timeout, request=7fc320a2-74a2-44cb-8d45-40912bba4ff2->6d73d83e-4bf7-49f9-9c6b-f14bf24667e0#99-t1, previous=(t:1, i:20), leaderCommit=16, initializing? false, entries: <empty>
2019-09-16 16:50:35,334 [grpc-default-executor-1] INFO  client.GrpcClientProtocolClient (GrpcClientProtocolClient.java:onNext(264)) - client-F1A86D2C076E->6d73d83e-4bf7-49f9-9c6b-f14bf24667e0: receive RaftClientReply:client-F1A86D2C076E->6d73d83e-4bf7-49f9-9c6b-f14bf24667e0@group-512358092D21, cid=51, FAILED org.apache.ratis.protocol.NotLeaderException: Server 6d73d83e-4bf7-49f9-9c6b-f14bf24667e0@group-512358092D21 is not the leader 7fc320a2-74a2-44cb-8d45-40912bba4ff2:192.168.34.47:36256, logIndex=0, commits[6d73d83e-4bf7-49f9-9c6b-f14bf24667e0:c16, 7fc320a2-74a2-44cb-8d45-40912bba4ff2:c16, 9061b39a-2428-46aa-ac83-e6ff060f5840:c12]
2019-09-16 16:50:35,454 [java.util.concurrent.ThreadPoolExecutor$Worker@3e7cc8e2[State = -1, empty queue]] WARN  server.GrpcLogAppender (GrpcLogAppender.java:timeoutAppendRequest(200)) - c9a1bac0-eae5-4c8c-abbf-c37d9bceede4@group-3F8977C1BEA2->fa2692cc-7d13-407b-8ba8-1b16aaf9a086-GrpcLogAppender: appendEntries Timeout, request=c9a1bac0-eae5-4c8c-abbf-c37d9bceede4->fa2692cc-7d13-407b-8ba8-1b16aaf9a086#95-t4, previous=(t:4, i:19), leaderCommit=15, initializing? false, entries: <empty>
2019-09-16 16:50:35,463 [fa2692cc-7d13-407b-8ba8-1b16aaf9a086@group-3F8977C1BEA2-SegmentedRaftLogWorker] WARN  segmented.SegmentedRaftLogWorker (SegmentedRaftLogWorker.java:getFromFuture(90)) - Timeout 3/~
org.apache.ratis.protocol.TimeoutIOException: Timeout 10s: WriteLog:18: (t:4, i:18), STATEMACHINELOGENTRY, client-66600ED44B99, cid=30-writeStateMachineData
	at org.apache.ratis.util.IOUtils.getFromFuture(IOUtils.java:87)
	at org.apache.ratis.server.raftlog.segmented.SegmentedRaftLogWorker$StateMachineDataPolicy.getFromFuture(SegmentedRaftLogWorker.java:87)
	at org.apache.ratis.server.raftlog.segmented.SegmentedRaftLogWorker$WriteLog.execute(SegmentedRaftLogWorker.java:477)
	at org.apache.ratis.server.raftlog.segmented.SegmentedRaftLogWorker.run(SegmentedRaftLogWorker.java:289)
	at java.lang.Thread.run(Thread.java:748)
Caused by: java.util.concurrent.TimeoutException
	at java.util.concurrent.CompletableFuture.timedGet(CompletableFuture.java:1771)
	at java.util.concurrent.CompletableFuture.get(CompletableFuture.java:1915)
	at org.apache.ratis.util.IOUtils.getFromFuture(IOUtils.java:79)
	... 4 more
2019-09-16 16:50:35,467 [c9a1bac0-eae5-4c8c-abbf-c37d9bceede4@group-3F8977C1BEA2-SegmentedRaftLogWorker] WARN  segmented.SegmentedRaftLogWorker (SegmentedRaftLogWorker.java:getFromFuture(90)) - Timeout 3/~
org.apache.ratis.protocol.TimeoutIOException: Timeout 10s: WriteLog:18: (t:4, i:18), STATEMACHINELOGENTRY, client-66600ED44B99, cid=30-writeStateMachineData
	at org.apache.ratis.util.IOUtils.getFromFuture(IOUtils.java:87)
	at org.apache.ratis.server.raftlog.segmented.SegmentedRaftLogWorker$StateMachineDataPolicy.getFromFuture(SegmentedRaftLogWorker.java:87)
	at org.apache.ratis.server.raftlog.segmented.SegmentedRaftLogWorker$WriteLog.execute(SegmentedRaftLogWorker.java:477)
	at org.apache.ratis.server.raftlog.segmented.SegmentedRaftLogWorker.run(SegmentedRaftLogWorker.java:289)
	at java.lang.Thread.run(Thread.java:748)
Caused by: java.util.concurrent.TimeoutException
	at java.util.concurrent.CompletableFuture.timedGet(CompletableFuture.java:1771)
	at java.util.concurrent.CompletableFuture.get(CompletableFuture.java:1915)
	at org.apache.ratis.util.IOUtils.getFromFuture(IOUtils.java:79)
	... 4 more
2019-09-16 16:50:35,477 [grpc-default-executor-3] WARN  server.GrpcLogAppender (LogUtils.java:warn(134)) - c9a1bac0-eae5-4c8c-abbf-c37d9bceede4@group-3F8977C1BEA2->790809fb-a9ad-47fd-bbe4-169138176431-AppendLogResponseHandler: Failed appendEntries: org.apache.ratis.thirdparty.io.grpc.StatusRuntimeException: UNAVAILABLE: io exception
2019-09-16 16:50:35,477 [grpc-default-executor-3] INFO  impl.FollowerInfo (FollowerInfo.java:lambda$new$0(51)) - c9a1bac0-eae5-4c8c-abbf-c37d9bceede4@group-3F8977C1BEA2->790809fb-a9ad-47fd-bbe4-169138176431: nextIndex: updateUnconditionally 0 -> 0
2019-09-16 16:50:35,712 [java.util.concurrent.ThreadPoolExecutor$Worker@62322085[State = -1, empty queue]] WARN  server.GrpcLogAppender (GrpcLogAppender.java:timeoutAppendRequest(200)) - 7fc320a2-74a2-44cb-8d45-40912bba4ff2@group-512358092D21->9061b39a-2428-46aa-ac83-e6ff060f5840-GrpcLogAppender: appendEntries Timeout, request=7fc320a2-74a2-44cb-8d45-40912bba4ff2->9061b39a-2428-46aa-ac83-e6ff060f5840#100-t1, previous=(t:1, i:20), leaderCommit=16, initializing? false, entries: <empty>
2019-09-16 16:50:35,712 [java.util.concurrent.ThreadPoolExecutor$Worker@1a4e6aa4[State = -1, empty queue]] WARN  server.GrpcLogAppender (GrpcLogAppender.java:timeoutAppendRequest(200)) - 7fc320a2-74a2-44cb-8d45-40912bba4ff2@group-512358092D21->6d73d83e-4bf7-49f9-9c6b-f14bf24667e0-GrpcLogAppender: appendEntries Timeout, request=7fc320a2-74a2-44cb-8d45-40912bba4ff2->6d73d83e-4bf7-49f9-9c6b-f14bf24667e0#100-t1, previous=(t:1, i:20), leaderCommit=16, initializing? false, entries: <empty>
2019-09-16 16:50:35,956 [java.util.concurrent.ThreadPoolExecutor$Worker@3e7cc8e2[State = -1, empty queue]] WARN  server.GrpcLogAppender (GrpcLogAppender.java:timeoutAppendRequest(200)) - c9a1bac0-eae5-4c8c-abbf-c37d9bceede4@group-3F8977C1BEA2->fa2692cc-7d13-407b-8ba8-1b16aaf9a086-GrpcLogAppender: appendEntries Timeout, request=c9a1bac0-eae5-4c8c-abbf-c37d9bceede4->fa2692cc-7d13-407b-8ba8-1b16aaf9a086#96-t4, previous=(t:4, i:19), leaderCommit=15, initializing? false, entries: <empty>
2019-09-16 16:50:35,980 [grpc-default-executor-4] WARN  server.GrpcLogAppender (LogUtils.java:warn(134)) - c9a1bac0-eae5-4c8c-abbf-c37d9bceede4@group-3F8977C1BEA2->790809fb-a9ad-47fd-bbe4-169138176431-AppendLogResponseHandler: Failed appendEntries: org.apache.ratis.thirdparty.io.grpc.StatusRuntimeException: UNAVAILABLE: io exception
2019-09-16 16:50:35,981 [grpc-default-executor-4] INFO  impl.FollowerInfo (FollowerInfo.java:lambda$new$0(51)) - c9a1bac0-eae5-4c8c-abbf-c37d9bceede4@group-3F8977C1BEA2->790809fb-a9ad-47fd-bbe4-169138176431: nextIndex: updateUnconditionally 0 -> 0
2019-09-16 16:50:36,212 [java.util.concurrent.ThreadPoolExecutor$Worker@1a4e6aa4[State = -1, empty queue]] WARN  server.GrpcLogAppender (GrpcLogAppender.java:timeoutAppendRequest(200)) - 7fc320a2-74a2-44cb-8d45-40912bba4ff2@group-512358092D21->6d73d83e-4bf7-49f9-9c6b-f14bf24667e0-GrpcLogAppender: appendEntries Timeout, request=7fc320a2-74a2-44cb-8d45-40912bba4ff2->6d73d83e-4bf7-49f9-9c6b-f14bf24667e0#101-t1, previous=(t:1, i:20), leaderCommit=16, initializing? false, entries: <empty>
2019-09-16 16:50:36,212 [java.util.concurrent.ThreadPoolExecutor$Worker@62322085[State = -1, empty queue]] WARN  server.GrpcLogAppender (GrpcLogAppender.java:timeoutAppendRequest(200)) - 7fc320a2-74a2-44cb-8d45-40912bba4ff2@group-512358092D21->9061b39a-2428-46aa-ac83-e6ff060f5840-GrpcLogAppender: appendEntries Timeout, request=7fc320a2-74a2-44cb-8d45-40912bba4ff2->9061b39a-2428-46aa-ac83-e6ff060f5840#101-t1, previous=(t:1, i:20), leaderCommit=16, initializing? false, entries: <empty>
2019-09-16 16:50:36,456 [java.util.concurrent.ThreadPoolExecutor$Worker@3e7cc8e2[State = -1, empty queue]] WARN  server.GrpcLogAppender (GrpcLogAppender.java:timeoutAppendRequest(200)) - c9a1bac0-eae5-4c8c-abbf-c37d9bceede4@group-3F8977C1BEA2->fa2692cc-7d13-407b-8ba8-1b16aaf9a086-GrpcLogAppender: appendEntries Timeout, request=c9a1bac0-eae5-4c8c-abbf-c37d9bceede4->fa2692cc-7d13-407b-8ba8-1b16aaf9a086#97-t4, previous=(t:4, i:19), leaderCommit=15, initializing? false, entries: <empty>
2019-09-16 16:50:36,480 [grpc-default-executor-1] WARN  server.GrpcLogAppender (LogUtils.java:warn(134)) - c9a1bac0-eae5-4c8c-abbf-c37d9bceede4@group-3F8977C1BEA2->790809fb-a9ad-47fd-bbe4-169138176431-AppendLogResponseHandler: Failed appendEntries: org.apache.ratis.thirdparty.io.grpc.StatusRuntimeException: UNAVAILABLE: io exception
2019-09-16 16:50:36,481 [grpc-default-executor-1] INFO  impl.FollowerInfo (FollowerInfo.java:lambda$new$0(51)) - c9a1bac0-eae5-4c8c-abbf-c37d9bceede4@group-3F8977C1BEA2->790809fb-a9ad-47fd-bbe4-169138176431: nextIndex: updateUnconditionally 0 -> 0
2019-09-16 16:50:36,713 [java.util.concurrent.ThreadPoolExecutor$Worker@62322085[State = -1, empty queue]] WARN  server.GrpcLogAppender (GrpcLogAppender.java:timeoutAppendRequest(200)) - 7fc320a2-74a2-44cb-8d45-40912bba4ff2@group-512358092D21->9061b39a-2428-46aa-ac83-e6ff060f5840-GrpcLogAppender: appendEntries Timeout, request=7fc320a2-74a2-44cb-8d45-40912bba4ff2->9061b39a-2428-46aa-ac83-e6ff060f5840#102-t1, previous=(t:1, i:20), leaderCommit=16, initializing? false, entries: <empty>
2019-09-16 16:50:36,713 [java.util.concurrent.ThreadPoolExecutor$Worker@1a4e6aa4[State = -1, empty queue]] WARN  server.GrpcLogAppender (GrpcLogAppender.java:timeoutAppendRequest(200)) - 7fc320a2-74a2-44cb-8d45-40912bba4ff2@group-512358092D21->6d73d83e-4bf7-49f9-9c6b-f14bf24667e0-GrpcLogAppender: appendEntries Timeout, request=7fc320a2-74a2-44cb-8d45-40912bba4ff2->6d73d83e-4bf7-49f9-9c6b-f14bf24667e0#102-t1, previous=(t:1, i:20), leaderCommit=16, initializing? false, entries: <empty>
2019-09-16 16:50:36,957 [java.util.concurrent.ThreadPoolExecutor$Worker@3e7cc8e2[State = -1, empty queue]] WARN  server.GrpcLogAppender (GrpcLogAppender.java:timeoutAppendRequest(200)) - c9a1bac0-eae5-4c8c-abbf-c37d9bceede4@group-3F8977C1BEA2->fa2692cc-7d13-407b-8ba8-1b16aaf9a086-GrpcLogAppender: appendEntries Timeout, request=c9a1bac0-eae5-4c8c-abbf-c37d9bceede4->fa2692cc-7d13-407b-8ba8-1b16aaf9a086#98-t4, previous=(t:4, i:19), leaderCommit=15, initializing? false, entries: <empty>
2019-09-16 16:50:36,981 [grpc-default-executor-3] WARN  server.GrpcLogAppender (LogUtils.java:warn(134)) - c9a1bac0-eae5-4c8c-abbf-c37d9bceede4@group-3F8977C1BEA2->790809fb-a9ad-47fd-bbe4-169138176431-AppendLogResponseHandler: Failed appendEntries: org.apache.ratis.thirdparty.io.grpc.StatusRuntimeException: UNAVAILABLE: io exception
2019-09-16 16:50:36,981 [grpc-default-executor-3] INFO  impl.FollowerInfo (FollowerInfo.java:lambda$new$0(51)) - c9a1bac0-eae5-4c8c-abbf-c37d9bceede4@group-3F8977C1BEA2->790809fb-a9ad-47fd-bbe4-169138176431: nextIndex: updateUnconditionally 0 -> 0
2019-09-16 16:50:37,213 [java.util.concurrent.ThreadPoolExecutor$Worker@1a4e6aa4[State = -1, empty queue]] WARN  server.GrpcLogAppender (GrpcLogAppender.java:timeoutAppendRequest(200)) - 7fc320a2-74a2-44cb-8d45-40912bba4ff2@group-512358092D21->6d73d83e-4bf7-49f9-9c6b-f14bf24667e0-GrpcLogAppender: appendEntries Timeout, request=7fc320a2-74a2-44cb-8d45-40912bba4ff2->6d73d83e-4bf7-49f9-9c6b-f14bf24667e0#103-t1, previous=(t:1, i:20), leaderCommit=16, initializing? false, entries: <empty>
2019-09-16 16:50:37,213 [java.util.concurrent.ThreadPoolExecutor$Worker@62322085[State = -1, empty queue]] WARN  server.GrpcLogAppender (GrpcLogAppender.java:timeoutAppendRequest(200)) - 7fc320a2-74a2-44cb-8d45-40912bba4ff2@group-512358092D21->9061b39a-2428-46aa-ac83-e6ff060f5840-GrpcLogAppender: appendEntries Timeout, request=7fc320a2-74a2-44cb-8d45-40912bba4ff2->9061b39a-2428-46aa-ac83-e6ff060f5840#103-t1, previous=(t:1, i:20), leaderCommit=16, initializing? false, entries: <empty>
2019-09-16 16:50:37,457 [java.util.concurrent.ThreadPoolExecutor$Worker@3e7cc8e2[State = -1, empty queue]] WARN  server.GrpcLogAppender (GrpcLogAppender.java:timeoutAppendRequest(200)) - c9a1bac0-eae5-4c8c-abbf-c37d9bceede4@group-3F8977C1BEA2->fa2692cc-7d13-407b-8ba8-1b16aaf9a086-GrpcLogAppender: appendEntries Timeout, request=c9a1bac0-eae5-4c8c-abbf-c37d9bceede4->fa2692cc-7d13-407b-8ba8-1b16aaf9a086#99-t4, previous=(t:4, i:19), leaderCommit=15, initializing? false, entries: <empty>
2019-09-16 16:50:37,484 [grpc-default-executor-3] WARN  server.GrpcLogAppender (LogUtils.java:warn(134)) - c9a1bac0-eae5-4c8c-abbf-c37d9bceede4@group-3F8977C1BEA2->790809fb-a9ad-47fd-bbe4-169138176431-AppendLogResponseHandler: Failed appendEntries: org.apache.ratis.thirdparty.io.grpc.StatusRuntimeException: UNAVAILABLE: io exception
2019-09-16 16:50:37,485 [grpc-default-executor-3] INFO  impl.FollowerInfo (FollowerInfo.java:lambda$new$0(51)) - c9a1bac0-eae5-4c8c-abbf-c37d9bceede4@group-3F8977C1BEA2->790809fb-a9ad-47fd-bbe4-169138176431: nextIndex: updateUnconditionally 0 -> 0
2019-09-16 16:50:37,714 [java.util.concurrent.ThreadPoolExecutor$Worker@62322085[State = -1, empty queue]] WARN  server.GrpcLogAppender (GrpcLogAppender.java:timeoutAppendRequest(200)) - 7fc320a2-74a2-44cb-8d45-40912bba4ff2@group-512358092D21->9061b39a-2428-46aa-ac83-e6ff060f5840-GrpcLogAppender: appendEntries Timeout, request=7fc320a2-74a2-44cb-8d45-40912bba4ff2->9061b39a-2428-46aa-ac83-e6ff060f5840#104-t1, previous=(t:1, i:20), leaderCommit=16, initializing? false, entries: <empty>
2019-09-16 16:50:37,714 [java.util.concurrent.ThreadPoolExecutor$Worker@1a4e6aa4[State = -1, empty queue]] WARN  server.GrpcLogAppender (GrpcLogAppender.java:timeoutAppendRequest(200)) - 7fc320a2-74a2-44cb-8d45-40912bba4ff2@group-512358092D21->6d73d83e-4bf7-49f9-9c6b-f14bf24667e0-GrpcLogAppender: appendEntries Timeout, request=7fc320a2-74a2-44cb-8d45-40912bba4ff2->6d73d83e-4bf7-49f9-9c6b-f14bf24667e0#104-t1, previous=(t:1, i:20), leaderCommit=16, initializing? false, entries: <empty>
2019-09-16 16:50:37,957 [java.util.concurrent.ThreadPoolExecutor$Worker@3e7cc8e2[State = -1, empty queue]] WARN  server.GrpcLogAppender (GrpcLogAppender.java:timeoutAppendRequest(200)) - c9a1bac0-eae5-4c8c-abbf-c37d9bceede4@group-3F8977C1BEA2->fa2692cc-7d13-407b-8ba8-1b16aaf9a086-GrpcLogAppender: appendEntries Timeout, request=c9a1bac0-eae5-4c8c-abbf-c37d9bceede4->fa2692cc-7d13-407b-8ba8-1b16aaf9a086#100-t4, previous=(t:4, i:19), leaderCommit=15, initializing? false, entries: <empty>
2019-09-16 16:50:37,984 [grpc-default-executor-1] WARN  server.GrpcLogAppender (LogUtils.java:warn(134)) - c9a1bac0-eae5-4c8c-abbf-c37d9bceede4@group-3F8977C1BEA2->790809fb-a9ad-47fd-bbe4-169138176431-AppendLogResponseHandler: Failed appendEntries: org.apache.ratis.thirdparty.io.grpc.StatusRuntimeException: UNAVAILABLE: io exception
2019-09-16 16:50:37,985 [grpc-default-executor-1] INFO  impl.FollowerInfo (FollowerInfo.java:lambda$new$0(51)) - c9a1bac0-eae5-4c8c-abbf-c37d9bceede4@group-3F8977C1BEA2->790809fb-a9ad-47fd-bbe4-169138176431: nextIndex: updateUnconditionally 0 -> 0
2019-09-16 16:50:38,214 [java.util.concurrent.ThreadPoolExecutor$Worker@1a4e6aa4[State = -1, empty queue]] WARN  server.GrpcLogAppender (GrpcLogAppender.java:timeoutAppendRequest(200)) - 7fc320a2-74a2-44cb-8d45-40912bba4ff2@group-512358092D21->6d73d83e-4bf7-49f9-9c6b-f14bf24667e0-GrpcLogAppender: appendEntries Timeout, request=7fc320a2-74a2-44cb-8d45-40912bba4ff2->6d73d83e-4bf7-49f9-9c6b-f14bf24667e0#105-t1, previous=(t:1, i:20), leaderCommit=16, initializing? false, entries: <empty>
2019-09-16 16:50:38,214 [java.util.concurrent.ThreadPoolExecutor$Worker@62322085[State = -1, empty queue]] WARN  server.GrpcLogAppender (GrpcLogAppender.java:timeoutAppendRequest(200)) - 7fc320a2-74a2-44cb-8d45-40912bba4ff2@group-512358092D21->9061b39a-2428-46aa-ac83-e6ff060f5840-GrpcLogAppender: appendEntries Timeout, request=7fc320a2-74a2-44cb-8d45-40912bba4ff2->9061b39a-2428-46aa-ac83-e6ff060f5840#105-t1, previous=(t:1, i:20), leaderCommit=16, initializing? false, entries: <empty>
2019-09-16 16:50:38,358 [main] WARN  io.KeyOutputStream (KeyOutputStream.java:handleException(276)) - Encountered exception java.io.IOException: Unexpected Storage Container Exception: java.util.concurrent.CompletionException: java.util.concurrent.CompletionException: org.apache.ratis.protocol.RaftRetryFailureException: Failed RaftClientRequest:client-F1A86D2C076E->7fc320a2-74a2-44cb-8d45-40912bba4ff2@group-512358092D21, cid=51, seq=9*, RW, org.apache.hadoop.hdds.scm.XceiverClientRatis$$Lambda$596/1907767760@5dddef71 for 10 attempts with RetryLimited(maxAttempts=10, sleepTime=1000ms) on the pipeline Pipeline[ Id: 545130b7-e41f-4170-95cf-512358092d21, Nodes: 7fc320a2-74a2-44cb-8d45-40912bba4ff2{ip: 192.168.34.47, host: pr-hdds-2111-ptm9r-3382166736, networkLocation: /default-rack, certSerialId: null}6d73d83e-4bf7-49f9-9c6b-f14bf24667e0{ip: 192.168.34.47, host: pr-hdds-2111-ptm9r-3382166736, networkLocation: /default-rack, certSerialId: null}9061b39a-2428-46aa-ac83-e6ff060f5840{ip: 192.168.34.47, host: pr-hdds-2111-ptm9r-3382166736, networkLocation: /default-rack, certSerialId: null}, Type:RATIS, Factor:THREE, State:OPEN]. The last committed block length is 0, uncommitted data length is 2097152 retry count 0
2019-09-16 16:50:38,460 [java.util.concurrent.ThreadPoolExecutor$Worker@3e7cc8e2[State = -1, empty queue]] WARN  server.GrpcLogAppender (GrpcLogAppender.java:timeoutAppendRequest(200)) - c9a1bac0-eae5-4c8c-abbf-c37d9bceede4@group-3F8977C1BEA2->fa2692cc-7d13-407b-8ba8-1b16aaf9a086-GrpcLogAppender: appendEntries Timeout, request=c9a1bac0-eae5-4c8c-abbf-c37d9bceede4->fa2692cc-7d13-407b-8ba8-1b16aaf9a086#101-t4, previous=(t:4, i:19), leaderCommit=15, initializing? false, entries: <empty>
2019-09-16 16:50:38,484 [grpc-default-executor-4] WARN  server.GrpcLogAppender (LogUtils.java:warn(134)) - c9a1bac0-eae5-4c8c-abbf-c37d9bceede4@group-3F8977C1BEA2->790809fb-a9ad-47fd-bbe4-169138176431-AppendLogResponseHandler: Failed appendEntries: org.apache.ratis.thirdparty.io.grpc.StatusRuntimeException: UNAVAILABLE: io exception
2019-09-16 16:50:38,487 [grpc-default-executor-4] INFO  impl.FollowerInfo (FollowerInfo.java:lambda$new$0(51)) - c9a1bac0-eae5-4c8c-abbf-c37d9bceede4@group-3F8977C1BEA2->790809fb-a9ad-47fd-bbe4-169138176431: nextIndex: updateUnconditionally 0 -> 0
2019-09-16 16:50:38,536 [grpc-default-executor-4] INFO  client.GrpcClientProtocolClient (GrpcClientProtocolClient.java:onNext(264)) - client-82F6639D1098->d43b0c61-8f3a-4c5a-ae51-ff6150aafa7d: receive RaftClientReply:client-82F6639D1098->d43b0c61-8f3a-4c5a-ae51-ff6150aafa7d@group-F512E466BF16, cid=55, SUCCESS, logIndex=16, commits[d43b0c61-8f3a-4c5a-ae51-ff6150aafa7d:c16, 18b96c5b-e26d-45b3-8a36-72f0b02f08ab:c15, 95da17b0-4e07-4af0-be4f-5c62bf2a50a7:c15]
2019-09-16 16:50:38,580 [grpc-default-executor-3] INFO  client.GrpcClientProtocolClient (GrpcClientProtocolClient.java:onNext(264)) - client-82F6639D1098->d43b0c61-8f3a-4c5a-ae51-ff6150aafa7d: receive RaftClientReply:client-82F6639D1098->d43b0c61-8f3a-4c5a-ae51-ff6150aafa7d@group-F512E466BF16, cid=56, SUCCESS, logIndex=18, commits[d43b0c61-8f3a-4c5a-ae51-ff6150aafa7d:c22, 18b96c5b-e26d-45b3-8a36-72f0b02f08ab:c21, 95da17b0-4e07-4af0-be4f-5c62bf2a50a7:c21]
2019-09-16 16:50:38,581 [grpc-default-executor-3] INFO  client.GrpcClientProtocolClient (GrpcClientProtocolClient.java:onNext(264)) - client-82F6639D1098->d43b0c61-8f3a-4c5a-ae51-ff6150aafa7d: receive RaftClientReply:client-82F6639D1098->d43b0c61-8f3a-4c5a-ae51-ff6150aafa7d@group-F512E466BF16, cid=57, SUCCESS, logIndex=19, commits[d43b0c61-8f3a-4c5a-ae51-ff6150aafa7d:c22, 18b96c5b-e26d-45b3-8a36-72f0b02f08ab:c21, 95da17b0-4e07-4af0-be4f-5c62bf2a50a7:c21]
2019-09-16 16:50:38,613 [grpc-default-executor-3] INFO  client.GrpcClientProtocolClient (GrpcClientProtocolClient.java:onNext(264)) - client-82F6639D1098->d43b0c61-8f3a-4c5a-ae51-ff6150aafa7d: receive RaftClientReply:client-82F6639D1098->d43b0c61-8f3a-4c5a-ae51-ff6150aafa7d@group-F512E466BF16, cid=58, SUCCESS, logIndex=20, commits[d43b0c61-8f3a-4c5a-ae51-ff6150aafa7d:c22, 18b96c5b-e26d-45b3-8a36-72f0b02f08ab:c21, 95da17b0-4e07-4af0-be4f-5c62bf2a50a7:c21]
2019-09-16 16:50:38,631 [grpc-default-executor-3] INFO  client.GrpcClientProtocolClient (GrpcClientProtocolClient.java:onNext(264)) - client-82F6639D1098->d43b0c61-8f3a-4c5a-ae51-ff6150aafa7d: receive RaftClientReply:client-82F6639D1098->d43b0c61-8f3a-4c5a-ae51-ff6150aafa7d@group-F512E466BF16, cid=59, SUCCESS, logIndex=23, commits[d43b0c61-8f3a-4c5a-ae51-ff6150aafa7d:c24, 18b96c5b-e26d-45b3-8a36-72f0b02f08ab:c22, 95da17b0-4e07-4af0-be4f-5c62bf2a50a7:c21]
2019-09-16 16:50:38,632 [grpc-default-executor-3] INFO  client.GrpcClientProtocolClient (GrpcClientProtocolClient.java:onNext(264)) - client-82F6639D1098->d43b0c61-8f3a-4c5a-ae51-ff6150aafa7d: receive RaftClientReply:client-82F6639D1098->d43b0c61-8f3a-4c5a-ae51-ff6150aafa7d@group-F512E466BF16, cid=60, SUCCESS, logIndex=24, commits[d43b0c61-8f3a-4c5a-ae51-ff6150aafa7d:c24, 18b96c5b-e26d-45b3-8a36-72f0b02f08ab:c22, 95da17b0-4e07-4af0-be4f-5c62bf2a50a7:c21]
2019-09-16 16:50:38,714 [java.util.concurrent.ThreadPoolExecutor$Worker@62322085[State = -1, empty queue]] WARN  server.GrpcLogAppender (GrpcLogAppender.java:timeoutAppendRequest(200)) - 7fc320a2-74a2-44cb-8d45-40912bba4ff2@group-512358092D21->9061b39a-2428-46aa-ac83-e6ff060f5840-GrpcLogAppender: appendEntries Timeout, request=7fc320a2-74a2-44cb-8d45-40912bba4ff2->9061b39a-2428-46aa-ac83-e6ff060f5840#106-t1, previous=(t:1, i:20), leaderCommit=16, initializing? false, entries: <empty>
2019-09-16 16:50:38,714 [java.util.concurrent.ThreadPoolExecutor$Worker@1a4e6aa4[State = -1, empty queue]] WARN  server.GrpcLogAppender (GrpcLogAppender.java:timeoutAppendRequest(200)) - 7fc320a2-74a2-44cb-8d45-40912bba4ff2@group-512358092D21->6d73d83e-4bf7-49f9-9c6b-f14bf24667e0-GrpcLogAppender: appendEntries Timeout, request=7fc320a2-74a2-44cb-8d45-40912bba4ff2->6d73d83e-4bf7-49f9-9c6b-f14bf24667e0#106-t1, previous=(t:1, i:20), leaderCommit=16, initializing? false, entries: <empty>
2019-09-16 16:50:38,958 [java.util.concurrent.ThreadPoolExecutor$Worker@3e7cc8e2[State = -1, empty queue]] WARN  server.GrpcLogAppender (GrpcLogAppender.java:timeoutAppendRequest(200)) - c9a1bac0-eae5-4c8c-abbf-c37d9bceede4@group-3F8977C1BEA2->fa2692cc-7d13-407b-8ba8-1b16aaf9a086-GrpcLogAppender: appendEntries Timeout, request=c9a1bac0-eae5-4c8c-abbf-c37d9bceede4->fa2692cc-7d13-407b-8ba8-1b16aaf9a086#102-t4, previous=(t:4, i:19), leaderCommit=15, initializing? false, entries: <empty>
2019-09-16 16:50:38,985 [grpc-default-executor-4] WARN  server.GrpcLogAppender (LogUtils.java:warn(134)) - c9a1bac0-eae5-4c8c-abbf-c37d9bceede4@group-3F8977C1BEA2->790809fb-a9ad-47fd-bbe4-169138176431-AppendLogResponseHandler: Failed appendEntries: org.apache.ratis.thirdparty.io.grpc.StatusRuntimeException: UNAVAILABLE: io exception
2019-09-16 16:50:38,986 [grpc-default-executor-4] INFO  impl.FollowerInfo (FollowerInfo.java:lambda$new$0(51)) - c9a1bac0-eae5-4c8c-abbf-c37d9bceede4@group-3F8977C1BEA2->790809fb-a9ad-47fd-bbe4-169138176431: nextIndex: updateUnconditionally 0 -> 0
2019-09-16 16:50:39,215 [java.util.concurrent.ThreadPoolExecutor$Worker@1a4e6aa4[State = -1, empty queue]] WARN  server.GrpcLogAppender (GrpcLogAppender.java:timeoutAppendRequest(200)) - 7fc320a2-74a2-44cb-8d45-40912bba4ff2@group-512358092D21->6d73d83e-4bf7-49f9-9c6b-f14bf24667e0-GrpcLogAppender: appendEntries Timeout, request=7fc320a2-74a2-44cb-8d45-40912bba4ff2->6d73d83e-4bf7-49f9-9c6b-f14bf24667e0#107-t1, previous=(t:1, i:20), leaderCommit=16, initializing? false, entries: <empty>
2019-09-16 16:50:39,215 [java.util.concurrent.ThreadPoolExecutor$Worker@62322085[State = -1, empty queue]] WARN  server.GrpcLogAppender (GrpcLogAppender.java:timeoutAppendRequest(200)) - 7fc320a2-74a2-44cb-8d45-40912bba4ff2@group-512358092D21->9061b39a-2428-46aa-ac83-e6ff060f5840-GrpcLogAppender: appendEntries Timeout, request=7fc320a2-74a2-44cb-8d45-40912bba4ff2->9061b39a-2428-46aa-ac83-e6ff060f5840#107-t1, previous=(t:1, i:20), leaderCommit=16, initializing? false, entries: <empty>
2019-09-16 16:50:39,459 [java.util.concurrent.ThreadPoolExecutor$Worker@3e7cc8e2[State = -1, empty queue]] WARN  server.GrpcLogAppender (GrpcLogAppender.java:timeoutAppendRequest(200)) - c9a1bac0-eae5-4c8c-abbf-c37d9bceede4@group-3F8977C1BEA2->fa2692cc-7d13-407b-8ba8-1b16aaf9a086-GrpcLogAppender: appendEntries Timeout, request=c9a1bac0-eae5-4c8c-abbf-c37d9bceede4->fa2692cc-7d13-407b-8ba8-1b16aaf9a086#103-t4, previous=(t:4, i:19), leaderCommit=15, initializing? false, entries: <empty>
2019-09-16 16:50:39,481 [Datanode State Machine Thread - 0] INFO  statemachine.DatanodeStateMachine (DatanodeStateMachine.java:lambda$startDaemon$0(350)) - Ozone container server started.
2019-09-16 16:50:39,486 [grpc-default-executor-1] WARN  server.GrpcLogAppender (LogUtils.java:warn(134)) - c9a1bac0-eae5-4c8c-abbf-c37d9bceede4@group-3F8977C1BEA2->790809fb-a9ad-47fd-bbe4-169138176431-AppendLogResponseHandler: Failed appendEntries: org.apache.ratis.thirdparty.io.grpc.StatusRuntimeException: UNAVAILABLE: io exception
2019-09-16 16:50:39,487 [grpc-default-executor-1] INFO  impl.FollowerInfo (FollowerInfo.java:lambda$new$0(51)) - c9a1bac0-eae5-4c8c-abbf-c37d9bceede4@group-3F8977C1BEA2->790809fb-a9ad-47fd-bbe4-169138176431: nextIndex: updateUnconditionally 0 -> 0
2019-09-16 16:50:39,715 [java.util.concurrent.ThreadPoolExecutor$Worker@1a4e6aa4[State = -1, empty queue]] WARN  server.GrpcLogAppender (GrpcLogAppender.java:timeoutAppendRequest(200)) - 7fc320a2-74a2-44cb-8d45-40912bba4ff2@group-512358092D21->6d73d83e-4bf7-49f9-9c6b-f14bf24667e0-GrpcLogAppender: appendEntries Timeout, request=7fc320a2-74a2-44cb-8d45-40912bba4ff2->6d73d83e-4bf7-49f9-9c6b-f14bf24667e0#108-t1, previous=(t:1, i:20), leaderCommit=16, initializing? false, entries: <empty>
2019-09-16 16:50:39,715 [java.util.concurrent.ThreadPoolExecutor$Worker@62322085[State = -1, empty queue]] WARN  server.GrpcLogAppender (GrpcLogAppender.java:timeoutAppendRequest(200)) - 7fc320a2-74a2-44cb-8d45-40912bba4ff2@group-512358092D21->9061b39a-2428-46aa-ac83-e6ff060f5840-GrpcLogAppender: appendEntries Timeout, request=7fc320a2-74a2-44cb-8d45-40912bba4ff2->9061b39a-2428-46aa-ac83-e6ff060f5840#108-t1, previous=(t:1, i:20), leaderCommit=16, initializing? false, entries: <empty>
2019-09-16 16:50:39,959 [java.util.concurrent.ThreadPoolExecutor$Worker@3e7cc8e2[State = -1, empty queue]] WARN  server.GrpcLogAppender (GrpcLogAppender.java:timeoutAppendRequest(200)) - c9a1bac0-eae5-4c8c-abbf-c37d9bceede4@group-3F8977C1BEA2->fa2692cc-7d13-407b-8ba8-1b16aaf9a086-GrpcLogAppender: appendEntries Timeout, request=c9a1bac0-eae5-4c8c-abbf-c37d9bceede4->fa2692cc-7d13-407b-8ba8-1b16aaf9a086#104-t4, previous=(t:4, i:19), leaderCommit=15, initializing? false, entries: <empty>
2019-09-16 16:50:40,006 [grpc-default-executor-4] WARN  server.GrpcLogAppender (LogUtils.java:warn(134)) - c9a1bac0-eae5-4c8c-abbf-c37d9bceede4@group-3F8977C1BEA2->790809fb-a9ad-47fd-bbe4-169138176431-AppendLogResponseHandler: Failed appendEntries: org.apache.ratis.thirdparty.io.grpc.StatusRuntimeException: UNAVAILABLE: io exception
2019-09-16 16:50:40,007 [grpc-default-executor-4] INFO  impl.FollowerInfo (FollowerInfo.java:lambda$new$0(51)) - c9a1bac0-eae5-4c8c-abbf-c37d9bceede4@group-3F8977C1BEA2->790809fb-a9ad-47fd-bbe4-169138176431: nextIndex: updateUnconditionally 0 -> 0
2019-09-16 16:50:40,207 [6d73d83e-4bf7-49f9-9c6b-f14bf24667e0@group-512358092D21-SegmentedRaftLogWorker] WARN  segmented.SegmentedRaftLogWorker (SegmentedRaftLogWorker.java:getFromFuture(90)) - Timeout 1/~
org.apache.ratis.protocol.TimeoutIOException: Timeout 10s: WriteLog:17: (t:1, i:17), STATEMACHINELOGENTRY, client-F1A86D2C076E, cid=51-writeStateMachineData
	at org.apache.ratis.util.IOUtils.getFromFuture(IOUtils.java:87)
	at org.apache.ratis.server.raftlog.segmented.SegmentedRaftLogWorker$StateMachineDataPolicy.getFromFuture(SegmentedRaftLogWorker.java:87)
	at org.apache.ratis.server.raftlog.segmented.SegmentedRaftLogWorker$WriteLog.execute(SegmentedRaftLogWorker.java:477)
	at org.apache.ratis.server.raftlog.segmented.SegmentedRaftLogWorker.run(SegmentedRaftLogWorker.java:289)
	at java.lang.Thread.run(Thread.java:748)
Caused by: java.util.concurrent.TimeoutException
	at java.util.concurrent.CompletableFuture.timedGet(CompletableFuture.java:1771)
	at java.util.concurrent.CompletableFuture.get(CompletableFuture.java:1915)
	at org.apache.ratis.util.IOUtils.getFromFuture(IOUtils.java:79)
	... 4 more
2019-09-16 16:50:40,215 [java.util.concurrent.ThreadPoolExecutor$Worker@62322085[State = -1, empty queue]] WARN  server.GrpcLogAppender (GrpcLogAppender.java:timeoutAppendRequest(200)) - 7fc320a2-74a2-44cb-8d45-40912bba4ff2@group-512358092D21->9061b39a-2428-46aa-ac83-e6ff060f5840-GrpcLogAppender: appendEntries Timeout, request=7fc320a2-74a2-44cb-8d45-40912bba4ff2->9061b39a-2428-46aa-ac83-e6ff060f5840#109-t1, previous=(t:1, i:20), leaderCommit=16, initializing? false, entries: <empty>
2019-09-16 16:50:40,215 [java.util.concurrent.ThreadPoolExecutor$Worker@1a4e6aa4[State = -1, empty queue]] WARN  server.GrpcLogAppender (GrpcLogAppender.java:timeoutAppendRequest(200)) - 7fc320a2-74a2-44cb-8d45-40912bba4ff2@group-512358092D21->6d73d83e-4bf7-49f9-9c6b-f14bf24667e0-GrpcLogAppender: appendEntries Timeout, request=7fc320a2-74a2-44cb-8d45-40912bba4ff2->6d73d83e-4bf7-49f9-9c6b-f14bf24667e0#109-t1, previous=(t:1, i:20), leaderCommit=16, initializing? false, entries: <empty>
2019-09-16 16:50:40,340 [9061b39a-2428-46aa-ac83-e6ff060f5840@group-512358092D21-SegmentedRaftLogWorker] WARN  segmented.SegmentedRaftLogWorker (SegmentedRaftLogWorker.java:getFromFuture(90)) - Timeout 1/~
org.apache.ratis.protocol.TimeoutIOException: Timeout 10s: WriteLog:19: (t:1, i:19), STATEMACHINELOGENTRY, client-F1A86D2C076E, cid=53-writeStateMachineData
	at org.apache.ratis.util.IOUtils.getFromFuture(IOUtils.java:87)
	at org.apache.ratis.server.raftlog.segmented.SegmentedRaftLogWorker$StateMachineDataPolicy.getFromFuture(SegmentedRaftLogWorker.java:87)
	at org.apache.ratis.server.raftlog.segmented.SegmentedRaftLogWorker$WriteLog.execute(SegmentedRaftLogWorker.java:477)
	at org.apache.ratis.server.raftlog.segmented.SegmentedRaftLogWorker.run(SegmentedRaftLogWorker.java:289)
	at java.lang.Thread.run(Thread.java:748)
Caused by: java.util.concurrent.TimeoutException
	at java.util.concurrent.CompletableFuture.timedGet(CompletableFuture.java:1771)
	at java.util.concurrent.CompletableFuture.get(CompletableFuture.java:1915)
	at org.apache.ratis.util.IOUtils.getFromFuture(IOUtils.java:79)
	... 4 more
2019-09-16 16:50:40,344 [7fc320a2-74a2-44cb-8d45-40912bba4ff2@group-512358092D21-SegmentedRaftLogWorker] WARN  segmented.SegmentedRaftLogWorker (SegmentedRaftLogWorker.java:getFromFuture(90)) - Timeout 1/~
org.apache.ratis.protocol.TimeoutIOException: Timeout 10s: WriteLog:19: (t:1, i:19), STATEMACHINELOGENTRY, client-F1A86D2C076E, cid=53-writeStateMachineData
	at org.apache.ratis.util.IOUtils.getFromFuture(IOUtils.java:87)
	at org.apache.ratis.server.raftlog.segmented.SegmentedRaftLogWorker$StateMachineDataPolicy.getFromFuture(SegmentedRaftLogWorker.java:87)
	at org.apache.ratis.server.raftlog.segmented.SegmentedRaftLogWorker$WriteLog.execute(SegmentedRaftLogWorker.java:477)
	at org.apache.ratis.server.raftlog.segmented.SegmentedRaftLogWorker.run(SegmentedRaftLogWorker.java:289)
	at java.lang.Thread.run(Thread.java:748)
Caused by: java.util.concurrent.TimeoutException
	at java.util.concurrent.CompletableFuture.timedGet(CompletableFuture.java:1771)
	at java.util.concurrent.CompletableFuture.get(CompletableFuture.java:1915)
	at org.apache.ratis.util.IOUtils.getFromFuture(IOUtils.java:79)
	... 4 more
2019-09-16 16:50:40,459 [java.util.concurrent.ThreadPoolExecutor$Worker@3e7cc8e2[State = -1, empty queue]] WARN  server.GrpcLogAppender (GrpcLogAppender.java:timeoutAppendRequest(200)) - c9a1bac0-eae5-4c8c-abbf-c37d9bceede4@group-3F8977C1BEA2->fa2692cc-7d13-407b-8ba8-1b16aaf9a086-GrpcLogAppender: appendEntries Timeout, request=c9a1bac0-eae5-4c8c-abbf-c37d9bceede4->fa2692cc-7d13-407b-8ba8-1b16aaf9a086#105-t4, previous=(t:4, i:19), leaderCommit=15, initializing? false, entries: <empty>
2019-09-16 16:50:40,488 [grpc-default-executor-1] WARN  server.GrpcLogAppender (LogUtils.java:warn(134)) - c9a1bac0-eae5-4c8c-abbf-c37d9bceede4@group-3F8977C1BEA2->790809fb-a9ad-47fd-bbe4-169138176431-AppendLogResponseHandler: Failed appendEntries: org.apache.ratis.thirdparty.io.grpc.StatusRuntimeException: UNAVAILABLE: io exception
2019-09-16 16:50:40,488 [grpc-default-executor-1] INFO  impl.FollowerInfo (FollowerInfo.java:lambda$new$0(51)) - c9a1bac0-eae5-4c8c-abbf-c37d9bceede4@group-3F8977C1BEA2->790809fb-a9ad-47fd-bbe4-169138176431: nextIndex: updateUnconditionally 0 -> 0
2019-09-16 16:50:40,716 [java.util.concurrent.ThreadPoolExecutor$Worker@62322085[State = -1, empty queue]] WARN  server.GrpcLogAppender (GrpcLogAppender.java:timeoutAppendRequest(200)) - 7fc320a2-74a2-44cb-8d45-40912bba4ff2@group-512358092D21->9061b39a-2428-46aa-ac83-e6ff060f5840-GrpcLogAppender: appendEntries Timeout, request=7fc320a2-74a2-44cb-8d45-40912bba4ff2->9061b39a-2428-46aa-ac83-e6ff060f5840#110-t1, previous=(t:1, i:20), leaderCommit=16, initializing? false, entries: <empty>
2019-09-16 16:50:40,716 [java.util.concurrent.ThreadPoolExecutor$Worker@1a4e6aa4[State = -1, empty queue]] WARN  server.GrpcLogAppender (GrpcLogAppender.java:timeoutAppendRequest(200)) - 7fc320a2-74a2-44cb-8d45-40912bba4ff2@group-512358092D21->6d73d83e-4bf7-49f9-9c6b-f14bf24667e0-GrpcLogAppender: appendEntries Timeout, request=7fc320a2-74a2-44cb-8d45-40912bba4ff2->6d73d83e-4bf7-49f9-9c6b-f14bf24667e0#110-t1, previous=(t:1, i:20), leaderCommit=16, initializing? false, entries: <empty>
2019-09-16 16:50:40,960 [java.util.concurrent.ThreadPoolExecutor$Worker@3e7cc8e2[State = -1, empty queue]] WARN  server.GrpcLogAppender (GrpcLogAppender.java:timeoutAppendRequest(200)) - c9a1bac0-eae5-4c8c-abbf-c37d9bceede4@group-3F8977C1BEA2->fa2692cc-7d13-407b-8ba8-1b16aaf9a086-GrpcLogAppender: appendEntries Timeout, request=c9a1bac0-eae5-4c8c-abbf-c37d9bceede4->fa2692cc-7d13-407b-8ba8-1b16aaf9a086#106-t4, previous=(t:4, i:19), leaderCommit=15, initializing? false, entries: <empty>
2019-09-16 16:50:40,990 [grpc-default-executor-3] WARN  server.GrpcLogAppender (LogUtils.java:warn(134)) - c9a1bac0-eae5-4c8c-abbf-c37d9bceede4@group-3F8977C1BEA2->790809fb-a9ad-47fd-bbe4-169138176431-AppendLogResponseHandler: Failed appendEntries: org.apache.ratis.thirdparty.io.grpc.StatusRuntimeException: UNAVAILABLE: io exception
2019-09-16 16:50:40,990 [grpc-default-executor-3] INFO  impl.FollowerInfo (FollowerInfo.java:lambda$new$0(51)) - c9a1bac0-eae5-4c8c-abbf-c37d9bceede4@group-3F8977C1BEA2->790809fb-a9ad-47fd-bbe4-169138176431: nextIndex: updateUnconditionally 0 -> 0
2019-09-16 16:50:41,216 [java.util.concurrent.ThreadPoolExecutor$Worker@1a4e6aa4[State = -1, empty queue]] WARN  server.GrpcLogAppender (GrpcLogAppender.java:timeoutAppendRequest(200)) - 7fc320a2-74a2-44cb-8d45-40912bba4ff2@group-512358092D21->6d73d83e-4bf7-49f9-9c6b-f14bf24667e0-GrpcLogAppender: appendEntries Timeout, request=7fc320a2-74a2-44cb-8d45-40912bba4ff2->6d73d83e-4bf7-49f9-9c6b-f14bf24667e0#111-t1, previous=(t:1, i:20), leaderCommit=16, initializing? false, entries: <empty>
2019-09-16 16:50:41,216 [java.util.concurrent.ThreadPoolExecutor$Worker@62322085[State = -1, empty queue]] WARN  server.GrpcLogAppender (GrpcLogAppender.java:timeoutAppendRequest(200)) - 7fc320a2-74a2-44cb-8d45-40912bba4ff2@group-512358092D21->9061b39a-2428-46aa-ac83-e6ff060f5840-GrpcLogAppender: appendEntries Timeout, request=7fc320a2-74a2-44cb-8d45-40912bba4ff2->9061b39a-2428-46aa-ac83-e6ff060f5840#111-t1, previous=(t:1, i:20), leaderCommit=16, initializing? false, entries: <empty>
2019-09-16 16:50:41,460 [java.util.concurrent.ThreadPoolExecutor$Worker@3e7cc8e2[State = -1, empty queue]] WARN  server.GrpcLogAppender (GrpcLogAppender.java:timeoutAppendRequest(200)) - c9a1bac0-eae5-4c8c-abbf-c37d9bceede4@group-3F8977C1BEA2->fa2692cc-7d13-407b-8ba8-1b16aaf9a086-GrpcLogAppender: appendEntries Timeout, request=c9a1bac0-eae5-4c8c-abbf-c37d9bceede4->fa2692cc-7d13-407b-8ba8-1b16aaf9a086#107-t4, previous=(t:4, i:19), leaderCommit=15, initializing? false, entries: <empty>
2019-09-16 16:50:41,490 [grpc-default-executor-1] WARN  server.GrpcLogAppender (LogUtils.java:warn(134)) - c9a1bac0-eae5-4c8c-abbf-c37d9bceede4@group-3F8977C1BEA2->790809fb-a9ad-47fd-bbe4-169138176431-AppendLogResponseHandler: Failed appendEntries: org.apache.ratis.thirdparty.io.grpc.StatusRuntimeException: UNAVAILABLE: io exception
2019-09-16 16:50:41,490 [grpc-default-executor-1] INFO  impl.FollowerInfo (FollowerInfo.java:lambda$new$0(51)) - c9a1bac0-eae5-4c8c-abbf-c37d9bceede4@group-3F8977C1BEA2->790809fb-a9ad-47fd-bbe4-169138176431: nextIndex: updateUnconditionally 0 -> 0
2019-09-16 16:50:41,716 [java.util.concurrent.ThreadPoolExecutor$Worker@1a4e6aa4[State = -1, empty queue]] WARN  server.GrpcLogAppender (GrpcLogAppender.java:timeoutAppendRequest(200)) - 7fc320a2-74a2-44cb-8d45-40912bba4ff2@group-512358092D21->6d73d83e-4bf7-49f9-9c6b-f14bf24667e0-GrpcLogAppender: appendEntries Timeout, request=7fc320a2-74a2-44cb-8d45-40912bba4ff2->6d73d83e-4bf7-49f9-9c6b-f14bf24667e0#112-t1, previous=(t:1, i:20), leaderCommit=16, initializing? false, entries: <empty>
2019-09-16 16:50:41,716 [java.util.concurrent.ThreadPoolExecutor$Worker@62322085[State = -1, empty queue]] WARN  server.GrpcLogAppender (GrpcLogAppender.java:timeoutAppendRequest(200)) - 7fc320a2-74a2-44cb-8d45-40912bba4ff2@group-512358092D21->9061b39a-2428-46aa-ac83-e6ff060f5840-GrpcLogAppender: appendEntries Timeout, request=7fc320a2-74a2-44cb-8d45-40912bba4ff2->9061b39a-2428-46aa-ac83-e6ff060f5840#112-t1, previous=(t:1, i:20), leaderCommit=16, initializing? false, entries: <empty>
2019-09-16 16:50:41,960 [java.util.concurrent.ThreadPoolExecutor$Worker@3e7cc8e2[State = -1, empty queue]] WARN  server.GrpcLogAppender (GrpcLogAppender.java:timeoutAppendRequest(200)) - c9a1bac0-eae5-4c8c-abbf-c37d9bceede4@group-3F8977C1BEA2->fa2692cc-7d13-407b-8ba8-1b16aaf9a086-GrpcLogAppender: appendEntries Timeout, request=c9a1bac0-eae5-4c8c-abbf-c37d9bceede4->fa2692cc-7d13-407b-8ba8-1b16aaf9a086#108-t4, previous=(t:4, i:19), leaderCommit=15, initializing? false, entries: <empty>
2019-09-16 16:50:41,990 [grpc-default-executor-4] WARN  server.GrpcLogAppender (LogUtils.java:warn(134)) - c9a1bac0-eae5-4c8c-abbf-c37d9bceede4@group-3F8977C1BEA2->790809fb-a9ad-47fd-bbe4-169138176431-AppendLogResponseHandler: Failed appendEntries: org.apache.ratis.thirdparty.io.grpc.StatusRuntimeException: UNAVAILABLE: io exception
2019-09-16 16:50:41,991 [grpc-default-executor-4] INFO  impl.FollowerInfo (FollowerInfo.java:lambda$new$0(51)) - c9a1bac0-eae5-4c8c-abbf-c37d9bceede4@group-3F8977C1BEA2->790809fb-a9ad-47fd-bbe4-169138176431: nextIndex: updateUnconditionally 0 -> 0
2019-09-16 16:50:42,216 [java.util.concurrent.ThreadPoolExecutor$Worker@62322085[State = -1, empty queue]] WARN  server.GrpcLogAppender (GrpcLogAppender.java:timeoutAppendRequest(200)) - 7fc320a2-74a2-44cb-8d45-40912bba4ff2@group-512358092D21->9061b39a-2428-46aa-ac83-e6ff060f5840-GrpcLogAppender: appendEntries Timeout, request=7fc320a2-74a2-44cb-8d45-40912bba4ff2->9061b39a-2428-46aa-ac83-e6ff060f5840#113-t1, previous=(t:1, i:20), leaderCommit=16, initializing? false, entries: <empty>
2019-09-16 16:50:42,216 [java.util.concurrent.ThreadPoolExecutor$Worker@1a4e6aa4[State = -1, empty queue]] WARN  server.GrpcLogAppender (GrpcLogAppender.java:timeoutAppendRequest(200)) - 7fc320a2-74a2-44cb-8d45-40912bba4ff2@group-512358092D21->6d73d83e-4bf7-49f9-9c6b-f14bf24667e0-GrpcLogAppender: appendEntries Timeout, request=7fc320a2-74a2-44cb-8d45-40912bba4ff2->6d73d83e-4bf7-49f9-9c6b-f14bf24667e0#113-t1, previous=(t:1, i:20), leaderCommit=16, initializing? false, entries: <empty>
2019-09-16 16:50:42,461 [java.util.concurrent.ThreadPoolExecutor$Worker@3e7cc8e2[State = -1, empty queue]] WARN  server.GrpcLogAppender (GrpcLogAppender.java:timeoutAppendRequest(200)) - c9a1bac0-eae5-4c8c-abbf-c37d9bceede4@group-3F8977C1BEA2->fa2692cc-7d13-407b-8ba8-1b16aaf9a086-GrpcLogAppender: appendEntries Timeout, request=c9a1bac0-eae5-4c8c-abbf-c37d9bceede4->fa2692cc-7d13-407b-8ba8-1b16aaf9a086#109-t4, previous=(t:4, i:19), leaderCommit=15, initializing? false, entries: <empty>
2019-09-16 16:50:42,492 [grpc-default-executor-3] WARN  server.GrpcLogAppender (LogUtils.java:warn(134)) - c9a1bac0-eae5-4c8c-abbf-c37d9bceede4@group-3F8977C1BEA2->790809fb-a9ad-47fd-bbe4-169138176431-AppendLogResponseHandler: Failed appendEntries: org.apache.ratis.thirdparty.io.grpc.StatusRuntimeException: UNAVAILABLE: io exception
2019-09-16 16:50:42,492 [grpc-default-executor-3] INFO  impl.FollowerInfo (FollowerInfo.java:lambda$new$0(51)) - c9a1bac0-eae5-4c8c-abbf-c37d9bceede4@group-3F8977C1BEA2->790809fb-a9ad-47fd-bbe4-169138176431: nextIndex: updateUnconditionally 0 -> 0
2019-09-16 16:50:42,716 [java.util.concurrent.ThreadPoolExecutor$Worker@1a4e6aa4[State = -1, empty queue]] WARN  server.GrpcLogAppender (GrpcLogAppender.java:timeoutAppendRequest(200)) - 7fc320a2-74a2-44cb-8d45-40912bba4ff2@group-512358092D21->6d73d83e-4bf7-49f9-9c6b-f14bf24667e0-GrpcLogAppender: appendEntries Timeout, request=7fc320a2-74a2-44cb-8d45-40912bba4ff2->6d73d83e-4bf7-49f9-9c6b-f14bf24667e0#114-t1, previous=(t:1, i:20), leaderCommit=16, initializing? false, entries: <empty>
2019-09-16 16:50:42,716 [java.util.concurrent.ThreadPoolExecutor$Worker@62322085[State = -1, empty queue]] WARN  server.GrpcLogAppender (GrpcLogAppender.java:timeoutAppendRequest(200)) - 7fc320a2-74a2-44cb-8d45-40912bba4ff2@group-512358092D21->9061b39a-2428-46aa-ac83-e6ff060f5840-GrpcLogAppender: appendEntries Timeout, request=7fc320a2-74a2-44cb-8d45-40912bba4ff2->9061b39a-2428-46aa-ac83-e6ff060f5840#114-t1, previous=(t:1, i:20), leaderCommit=16, initializing? false, entries: <empty>
2019-09-16 16:50:42,961 [java.util.concurrent.ThreadPoolExecutor$Worker@3e7cc8e2[State = -1, empty queue]] WARN  server.GrpcLogAppender (GrpcLogAppender.java:timeoutAppendRequest(200)) - c9a1bac0-eae5-4c8c-abbf-c37d9bceede4@group-3F8977C1BEA2->fa2692cc-7d13-407b-8ba8-1b16aaf9a086-GrpcLogAppender: appendEntries Timeout, request=c9a1bac0-eae5-4c8c-abbf-c37d9bceede4->fa2692cc-7d13-407b-8ba8-1b16aaf9a086#110-t4, previous=(t:4, i:19), leaderCommit=15, initializing? false, entries: <empty>
2019-09-16 16:50:42,992 [grpc-default-executor-4] WARN  server.GrpcLogAppender (LogUtils.java:warn(134)) - c9a1bac0-eae5-4c8c-abbf-c37d9bceede4@group-3F8977C1BEA2->790809fb-a9ad-47fd-bbe4-169138176431-AppendLogResponseHandler: Failed appendEntries: org.apache.ratis.thirdparty.io.grpc.StatusRuntimeException: UNAVAILABLE: io exception
2019-09-16 16:50:42,992 [grpc-default-executor-4] INFO  impl.FollowerInfo (FollowerInfo.java:lambda$new$0(51)) - c9a1bac0-eae5-4c8c-abbf-c37d9bceede4@group-3F8977C1BEA2->790809fb-a9ad-47fd-bbe4-169138176431: nextIndex: updateUnconditionally 0 -> 0
2019-09-16 16:50:43,217 [java.util.concurrent.ThreadPoolExecutor$Worker@62322085[State = -1, empty queue]] WARN  server.GrpcLogAppender (GrpcLogAppender.java:timeoutAppendRequest(200)) - 7fc320a2-74a2-44cb-8d45-40912bba4ff2@group-512358092D21->9061b39a-2428-46aa-ac83-e6ff060f5840-GrpcLogAppender: appendEntries Timeout, request=7fc320a2-74a2-44cb-8d45-40912bba4ff2->9061b39a-2428-46aa-ac83-e6ff060f5840#115-t1, previous=(t:1, i:20), leaderCommit=16, initializing? false, entries: <empty>
2019-09-16 16:50:43,217 [java.util.concurrent.ThreadPoolExecutor$Worker@1a4e6aa4[State = -1, empty queue]] WARN  server.GrpcLogAppender (GrpcLogAppender.java:timeoutAppendRequest(200)) - 7fc320a2-74a2-44cb-8d45-40912bba4ff2@group-512358092D21->6d73d83e-4bf7-49f9-9c6b-f14bf24667e0-GrpcLogAppender: appendEntries Timeout, request=7fc320a2-74a2-44cb-8d45-40912bba4ff2->6d73d83e-4bf7-49f9-9c6b-f14bf24667e0#115-t1, previous=(t:1, i:20), leaderCommit=16, initializing? false, entries: <empty>
2019-09-16 16:50:43,461 [java.util.concurrent.ThreadPoolExecutor$Worker@3e7cc8e2[State = -1, empty queue]] WARN  server.GrpcLogAppender (GrpcLogAppender.java:timeoutAppendRequest(200)) - c9a1bac0-eae5-4c8c-abbf-c37d9bceede4@group-3F8977C1BEA2->fa2692cc-7d13-407b-8ba8-1b16aaf9a086-GrpcLogAppender: appendEntries Timeout, request=c9a1bac0-eae5-4c8c-abbf-c37d9bceede4->fa2692cc-7d13-407b-8ba8-1b16aaf9a086#111-t4, previous=(t:4, i:19), leaderCommit=15, initializing? false, entries: <empty>
2019-09-16 16:50:43,493 [grpc-default-executor-1] WARN  server.GrpcLogAppender (LogUtils.java:warn(134)) - c9a1bac0-eae5-4c8c-abbf-c37d9bceede4@group-3F8977C1BEA2->790809fb-a9ad-47fd-bbe4-169138176431-AppendLogResponseHandler: Failed appendEntries: org.apache.ratis.thirdparty.io.grpc.StatusRuntimeException: UNAVAILABLE: io exception
2019-09-16 16:50:43,493 [grpc-default-executor-1] INFO  impl.FollowerInfo (FollowerInfo.java:lambda$new$0(51)) - c9a1bac0-eae5-4c8c-abbf-c37d9bceede4@group-3F8977C1BEA2->790809fb-a9ad-47fd-bbe4-169138176431: nextIndex: updateUnconditionally 0 -> 0
2019-09-16 16:50:43,620 [main] INFO  ozoneimpl.OzoneContainer (OzoneContainer.java:stop(231)) - Attempting to stop container services.
2019-09-16 16:50:43,621 [main] INFO  impl.RaftServerProxy (RaftServerProxy.java:lambda$close$4(314)) - c9a1bac0-eae5-4c8c-abbf-c37d9bceede4: close
2019-09-16 16:50:43,622 [main] INFO  impl.RaftServerImpl (RaftServerImpl.java:lambda$shutdown$3(251)) - c9a1bac0-eae5-4c8c-abbf-c37d9bceede4@group-660E8B03C38A: shutdown
2019-09-16 16:50:43,622 [main] INFO  util.JmxRegister (JmxRegister.java:unregister(73)) - Successfully un-registered JMX Bean with object name Ratis:service=RaftServer,group=group-660E8B03C38A,id=c9a1bac0-eae5-4c8c-abbf-c37d9bceede4
2019-09-16 16:50:43,623 [main] INFO  impl.RoleInfo (RoleInfo.java:shutdownLeaderState(104)) - c9a1bac0-eae5-4c8c-abbf-c37d9bceede4: shutdown LeaderState
2019-09-16 16:50:43,623 [main] INFO  impl.PendingRequests (PendingRequests.java:sendNotLeaderResponses(202)) - c9a1bac0-eae5-4c8c-abbf-c37d9bceede4-PendingRequests: sendNotLeaderResponses
2019-09-16 16:50:43,624 [main] INFO  impl.StateMachineUpdater (StateMachineUpdater.java:stopAndJoin(125)) - c9a1bac0-eae5-4c8c-abbf-c37d9bceede4@group-660E8B03C38A-StateMachineUpdater: set stopIndex = 0
2019-09-16 16:50:43,624 [main] INFO  impl.RaftServerImpl (ServerState.java:close(385)) - c9a1bac0-eae5-4c8c-abbf-c37d9bceede4@group-660E8B03C38A: closes. applyIndex: 0
2019-09-16 16:50:43,625 [c9a1bac0-eae5-4c8c-abbf-c37d9bceede4@group-660E8B03C38A-SegmentedRaftLogWorker] INFO  segmented.SegmentedRaftLogWorker (SegmentedRaftLogWorker.java:run(313)) - c9a1bac0-eae5-4c8c-abbf-c37d9bceede4@group-660E8B03C38A-SegmentedRaftLogWorker was interrupted, exiting. There are 0 tasks remaining in the queue.
2019-09-16 16:50:43,629 [main] INFO  segmented.SegmentedRaftLogWorker (SegmentedRaftLogWorker.java:close(228)) - c9a1bac0-eae5-4c8c-abbf-c37d9bceede4@group-660E8B03C38A-SegmentedRaftLogWorker close()
2019-09-16 16:50:43,634 [main] INFO  impl.RaftServerImpl (RaftServerImpl.java:lambda$shutdown$3(251)) - c9a1bac0-eae5-4c8c-abbf-c37d9bceede4@group-3F8977C1BEA2: shutdown
2019-09-16 16:50:43,635 [main] INFO  util.JmxRegister (JmxRegister.java:unregister(73)) - Successfully un-registered JMX Bean with object name Ratis:service=RaftServer,group=group-3F8977C1BEA2,id=c9a1bac0-eae5-4c8c-abbf-c37d9bceede4
2019-09-16 16:50:43,635 [main] INFO  impl.RoleInfo (RoleInfo.java:shutdownLeaderState(104)) - c9a1bac0-eae5-4c8c-abbf-c37d9bceede4: shutdown LeaderState
2019-09-16 16:50:43,640 [main] INFO  impl.PendingRequests (PendingRequests.java:sendNotLeaderResponses(202)) - c9a1bac0-eae5-4c8c-abbf-c37d9bceede4-PendingRequests: sendNotLeaderResponses
2019-09-16 16:50:43,641 [org.apache.ratis.server.impl.LogAppender$AppenderDaemon$$Lambda$445/891093267@ff4c30b] WARN  server.GrpcLogAppender (GrpcLogAppender.java:mayWait(143)) - c9a1bac0-eae5-4c8c-abbf-c37d9bceede4@group-3F8977C1BEA2->fa2692cc-7d13-407b-8ba8-1b16aaf9a086-GrpcLogAppender: Wait interrupted by java.lang.InterruptedException
2019-09-16 16:50:43,641 [org.apache.ratis.server.impl.LogAppender$AppenderDaemon$$Lambda$445/891093267@3fc2ed99] WARN  server.GrpcLogAppender (GrpcLogAppender.java:mayWait(143)) - c9a1bac0-eae5-4c8c-abbf-c37d9bceede4@group-3F8977C1BEA2->790809fb-a9ad-47fd-bbe4-169138176431-GrpcLogAppender: Wait interrupted by java.lang.InterruptedException
2019-09-16 16:50:43,642 [grpc-default-executor-1] INFO  server.GrpcServerProtocolService (GrpcServerProtocolService.java:onCompleted(113)) - fa2692cc-7d13-407b-8ba8-1b16aaf9a086: Completed APPEND_ENTRIES, lastRequest: c9a1bac0-eae5-4c8c-abbf-c37d9bceede4->fa2692cc-7d13-407b-8ba8-1b16aaf9a086#117-t4, previous=(t:4, i:19), leaderCommit=15, initializing? false, entries: <empty>
2019-09-16 16:50:43,647 [main] INFO  impl.StateMachineUpdater (StateMachineUpdater.java:stopAndJoin(125)) - c9a1bac0-eae5-4c8c-abbf-c37d9bceede4@group-3F8977C1BEA2-StateMachineUpdater: set stopIndex = 15
2019-09-16 16:50:43,647 [c9a1bac0-eae5-4c8c-abbf-c37d9bceede4@group-3F8977C1BEA2-StateMachineUpdater] INFO  ratis.ContainerStateMachine (ContainerStateMachine.java:takeSnapshot(289)) - group-3F8977C1BEA2: Taking a snapshot at:(t:4, i:13) file /workdir/hadoop-ozone/integration-test/target/test-dir/MiniOzoneClusterImpl-f8b2c6cb-9ce7-4af8-81ae-d81048953348/datanode-7/data/ratis/016f2422-3b8d-41ec-9ff2-3f8977c1bea2/sm/snapshot.4_13
2019-09-16 16:50:43,647 [grpc-default-executor-1] INFO  server.GrpcLogAppender (GrpcLogAppender.java:onCompleted(293)) - c9a1bac0-eae5-4c8c-abbf-c37d9bceede4@group-3F8977C1BEA2->fa2692cc-7d13-407b-8ba8-1b16aaf9a086-AppendLogResponseHandler: follower responses appendEntries COMPLETED
2019-09-16 16:50:43,648 [grpc-default-executor-1] INFO  impl.FollowerInfo (FollowerInfo.java:lambda$new$0(51)) - c9a1bac0-eae5-4c8c-abbf-c37d9bceede4@group-3F8977C1BEA2->fa2692cc-7d13-407b-8ba8-1b16aaf9a086: nextIndex: updateUnconditionally 20 -> 16
2019-09-16 16:50:43,673 [c9a1bac0-eae5-4c8c-abbf-c37d9bceede4@group-3F8977C1BEA2-StateMachineUpdater] INFO  ratis.ContainerStateMachine (ContainerStateMachine.java:takeSnapshot(300)) - group-3F8977C1BEA2: Finished taking a snapshot at:(t:4, i:13) file:/workdir/hadoop-ozone/integration-test/target/test-dir/MiniOzoneClusterImpl-f8b2c6cb-9ce7-4af8-81ae-d81048953348/datanode-7/data/ratis/016f2422-3b8d-41ec-9ff2-3f8977c1bea2/sm/snapshot.4_13 time:26
2019-09-16 16:50:43,673 [c9a1bac0-eae5-4c8c-abbf-c37d9bceede4@group-3F8977C1BEA2-StateMachineUpdater] INFO  impl.StateMachineUpdater (StateMachineUpdater.java:takeSnapshot(258)) - c9a1bac0-eae5-4c8c-abbf-c37d9bceede4@group-3F8977C1BEA2-StateMachineUpdater: Took a snapshot at index 13
2019-09-16 16:50:43,673 [c9a1bac0-eae5-4c8c-abbf-c37d9bceede4@group-3F8977C1BEA2-StateMachineUpdater] INFO  impl.StateMachineUpdater (StateMachineUpdater.java:lambda$new$0(83)) - c9a1bac0-eae5-4c8c-abbf-c37d9bceede4@group-3F8977C1BEA2-StateMachineUpdater: snapshotIndex: updateIncreasingly -1 -> 13
2019-09-16 16:50:43,673 [c9a1bac0-eae5-4c8c-abbf-c37d9bceede4@group-3F8977C1BEA2-StateMachineUpdater] INFO  ratis.ContainerStateMachine (ContainerStateMachine.java:takeSnapshot(289)) - group-3F8977C1BEA2: Taking a snapshot at:(t:4, i:13) file /workdir/hadoop-ozone/integration-test/target/test-dir/MiniOzoneClusterImpl-f8b2c6cb-9ce7-4af8-81ae-d81048953348/datanode-7/data/ratis/016f2422-3b8d-41ec-9ff2-3f8977c1bea2/sm/snapshot.4_13
2019-09-16 16:50:43,685 [c9a1bac0-eae5-4c8c-abbf-c37d9bceede4@group-3F8977C1BEA2-StateMachineUpdater] INFO  ratis.ContainerStateMachine (ContainerStateMachine.java:takeSnapshot(300)) - group-3F8977C1BEA2: Finished taking a snapshot at:(t:4, i:13) file:/workdir/hadoop-ozone/integration-test/target/test-dir/MiniOzoneClusterImpl-f8b2c6cb-9ce7-4af8-81ae-d81048953348/datanode-7/data/ratis/016f2422-3b8d-41ec-9ff2-3f8977c1bea2/sm/snapshot.4_13 time:12
2019-09-16 16:50:43,685 [c9a1bac0-eae5-4c8c-abbf-c37d9bceede4@group-3F8977C1BEA2-StateMachineUpdater] INFO  impl.StateMachineUpdater (StateMachineUpdater.java:takeSnapshot(258)) - c9a1bac0-eae5-4c8c-abbf-c37d9bceede4@group-3F8977C1BEA2-StateMachineUpdater: Took a snapshot at index 13
2019-09-16 16:50:43,686 [c9a1bac0-eae5-4c8c-abbf-c37d9bceede4@group-3F8977C1BEA2-StateMachineUpdater] INFO  impl.StateMachineUpdater (StateMachineUpdater.java:lambda$new$0(83)) - c9a1bac0-eae5-4c8c-abbf-c37d9bceede4@group-3F8977C1BEA2-StateMachineUpdater: snapshotIndex: updateIncreasingly 13 -> 13
2019-09-16 16:50:43,686 [main] INFO  impl.RaftServerImpl (ServerState.java:close(385)) - c9a1bac0-eae5-4c8c-abbf-c37d9bceede4@group-3F8977C1BEA2: closes. applyIndex: 15
2019-09-16 16:50:43,690 [c9a1bac0-eae5-4c8c-abbf-c37d9bceede4@group-3F8977C1BEA2-SegmentedRaftLogWorker] ERROR ratis.XceiverServerRatis (XceiverServerRatis.java:triggerPipelineClose(568)) - pipeline Action CLOSE  on pipeline PipelineID=016f2422-3b8d-41ec-9ff2-3f8977c1bea2.Reason : WriteLog:18: (t:4, i:18), STATEMACHINELOGENTRY, client-66600ED44B99, cid=30-writeStateMachineData interrupted.
2019-09-16 16:50:43,694 [main] INFO  segmented.SegmentedRaftLogWorker (SegmentedRaftLogWorker.java:close(228)) - c9a1bac0-eae5-4c8c-abbf-c37d9bceede4@group-3F8977C1BEA2-SegmentedRaftLogWorker close()
2019-09-16 16:50:43,700 [main] INFO  server.GrpcService (GrpcService.java:closeImpl(164)) - c9a1bac0-eae5-4c8c-abbf-c37d9bceede4: shutdown server with port 39870 now
2019-09-16 16:50:43,701 [main] INFO  server.GrpcService (GrpcService.java:closeImpl(172)) - c9a1bac0-eae5-4c8c-abbf-c37d9bceede4: shutdown server with port 39870 successfully
2019-09-16 16:50:43,713 [refreshUsed-/workdir/hadoop-ozone/integration-test/target/test-dir/MiniOzoneClusterImpl-f8b2c6cb-9ce7-4af8-81ae-d81048953348/datanode-7/data/containers] WARN  fs.CachingGetSpaceUsed (CachingGetSpaceUsed.java:run(183)) - Thread Interrupted waiting to refresh disk information: sleep interrupted
2019-09-16 16:50:43,717 [java.util.concurrent.ThreadPoolExecutor$Worker@1a4e6aa4[State = -1, empty queue]] WARN  server.GrpcLogAppender (GrpcLogAppender.java:timeoutAppendRequest(200)) - 7fc320a2-74a2-44cb-8d45-40912bba4ff2@group-512358092D21->6d73d83e-4bf7-49f9-9c6b-f14bf24667e0-GrpcLogAppender: appendEntries Timeout, request=7fc320a2-74a2-44cb-8d45-40912bba4ff2->6d73d83e-4bf7-49f9-9c6b-f14bf24667e0#116-t1, previous=(t:1, i:20), leaderCommit=16, initializing? false, entries: <empty>
2019-09-16 16:50:43,717 [java.util.concurrent.ThreadPoolExecutor$Worker@62322085[State = -1, empty queue]] WARN  server.GrpcLogAppender (GrpcLogAppender.java:timeoutAppendRequest(200)) - 7fc320a2-74a2-44cb-8d45-40912bba4ff2@group-512358092D21->9061b39a-2428-46aa-ac83-e6ff060f5840-GrpcLogAppender: appendEntries Timeout, request=7fc320a2-74a2-44cb-8d45-40912bba4ff2->9061b39a-2428-46aa-ac83-e6ff060f5840#116-t1, previous=(t:1, i:20), leaderCommit=16, initializing? false, entries: <empty>
2019-09-16 16:50:43,730 [main] INFO  utils.BackgroundService (BackgroundService.java:shutdown(148)) - Shutting down service BlockDeletingService
2019-09-16 16:50:43,737 [main] INFO  statemachine.DatanodeStateMachine (DatanodeStateMachine.java:stopDaemon(395)) - Ozone container server stopped.
2019-09-16 16:50:43,738 [main] INFO  handler.ContextHandler (ContextHandler.java:doStop(910)) - Stopped o.e.j.w.WebAppContext@663bb8ef{/,null,UNAVAILABLE}{/hddsDatanode}
2019-09-16 16:50:43,739 [main] INFO  server.AbstractConnector (AbstractConnector.java:doStop(318)) - Stopped ServerConnector@2f4e40d7{HTTP/1.1,[http/1.1]}{0.0.0.0:0}
2019-09-16 16:50:43,740 [main] INFO  handler.ContextHandler (ContextHandler.java:doStop(910)) - Stopped o.e.j.s.ServletContextHandler@6cd3ad8a{/static,jar:file:/home/user/.m2/repository/org/apache/hadoop/hadoop-hdds-container-service/0.5.0-SNAPSHOT/hadoop-hdds-container-service-0.5.0-SNAPSHOT.jar!/webapps/static,UNAVAILABLE}
2019-09-16 16:50:43,740 [main] INFO  handler.ContextHandler (ContextHandler.java:doStop(910)) - Stopped o.e.j.s.ServletContextHandler@b9a77c8{/logs,file:///workdir/hadoop-ozone/integration-test/target/log,UNAVAILABLE}
2019-09-16 16:50:43,791 [grpc-default-executor-4] INFO  client.GrpcClientProtocolClient (GrpcClientProtocolClient.java:onNext(264)) - client-82F6639D1098->d43b0c61-8f3a-4c5a-ae51-ff6150aafa7d: receive RaftClientReply:client-82F6639D1098->d43b0c61-8f3a-4c5a-ae51-ff6150aafa7d@group-F512E466BF16, cid=61, SUCCESS, logIndex=27, commits[d43b0c61-8f3a-4c5a-ae51-ff6150aafa7d:c28, 18b96c5b-e26d-45b3-8a36-72f0b02f08ab:c26, 95da17b0-4e07-4af0-be4f-5c62bf2a50a7:c26]
2019-09-16 16:50:43,792 [grpc-default-executor-4] INFO  client.GrpcClientProtocolClient (GrpcClientProtocolClient.java:onNext(264)) - client-82F6639D1098->d43b0c61-8f3a-4c5a-ae51-ff6150aafa7d: receive RaftClientReply:client-82F6639D1098->d43b0c61-8f3a-4c5a-ae51-ff6150aafa7d@group-F512E466BF16, cid=62, SUCCESS, logIndex=28, commits[d43b0c61-8f3a-4c5a-ae51-ff6150aafa7d:c28, 18b96c5b-e26d-45b3-8a36-72f0b02f08ab:c26, 95da17b0-4e07-4af0-be4f-5c62bf2a50a7:c26]
2019-09-16 16:50:43,805 [grpc-default-executor-4] INFO  client.GrpcClientProtocolClient (GrpcClientProtocolClient.java:onNext(264)) - client-82F6639D1098->d43b0c61-8f3a-4c5a-ae51-ff6150aafa7d: receive RaftClientReply:client-82F6639D1098->d43b0c61-8f3a-4c5a-ae51-ff6150aafa7d@group-F512E466BF16, cid=63, SUCCESS, logIndex=0, commits[d43b0c61-8f3a-4c5a-ae51-ff6150aafa7d:c28, 18b96c5b-e26d-45b3-8a36-72f0b02f08ab:c28, 95da17b0-4e07-4af0-be4f-5c62bf2a50a7:c28]
2019-09-16 16:50:44,217 [java.util.concurrent.ThreadPoolExecutor$Worker@62322085[State = -1, empty queue]] WARN  server.GrpcLogAppender (GrpcLogAppender.java:timeoutAppendRequest(200)) - 7fc320a2-74a2-44cb-8d45-40912bba4ff2@group-512358092D21->9061b39a-2428-46aa-ac83-e6ff060f5840-GrpcLogAppender: appendEntries Timeout, request=7fc320a2-74a2-44cb-8d45-40912bba4ff2->9061b39a-2428-46aa-ac83-e6ff060f5840#117-t1, previous=(t:1, i:20), leaderCommit=16, initializing? false, entries: <empty>
2019-09-16 16:50:44,217 [java.util.concurrent.ThreadPoolExecutor$Worker@1a4e6aa4[State = -1, empty queue]] WARN  server.GrpcLogAppender (GrpcLogAppender.java:timeoutAppendRequest(200)) - 7fc320a2-74a2-44cb-8d45-40912bba4ff2@group-512358092D21->6d73d83e-4bf7-49f9-9c6b-f14bf24667e0-GrpcLogAppender: appendEntries Timeout, request=7fc320a2-74a2-44cb-8d45-40912bba4ff2->6d73d83e-4bf7-49f9-9c6b-f14bf24667e0#117-t1, previous=(t:1, i:20), leaderCommit=16, initializing? false, entries: <empty>
2019-09-16 16:50:44,717 [java.util.concurrent.ThreadPoolExecutor$Worker@1a4e6aa4[State = -1, empty queue]] WARN  server.GrpcLogAppender (GrpcLogAppender.java:timeoutAppendRequest(200)) - 7fc320a2-74a2-44cb-8d45-40912bba4ff2@group-512358092D21->6d73d83e-4bf7-49f9-9c6b-f14bf24667e0-GrpcLogAppender: appendEntries Timeout, request=7fc320a2-74a2-44cb-8d45-40912bba4ff2->6d73d83e-4bf7-49f9-9c6b-f14bf24667e0#118-t1, previous=(t:1, i:20), leaderCommit=16, initializing? false, entries: <empty>
2019-09-16 16:50:44,717 [java.util.concurrent.ThreadPoolExecutor$Worker@62322085[State = -1, empty queue]] WARN  server.GrpcLogAppender (GrpcLogAppender.java:timeoutAppendRequest(200)) - 7fc320a2-74a2-44cb-8d45-40912bba4ff2@group-512358092D21->9061b39a-2428-46aa-ac83-e6ff060f5840-GrpcLogAppender: appendEntries Timeout, request=7fc320a2-74a2-44cb-8d45-40912bba4ff2->9061b39a-2428-46aa-ac83-e6ff060f5840#118-t1, previous=(t:1, i:20), leaderCommit=16, initializing? false, entries: <empty>
2019-09-16 16:50:45,218 [java.util.concurrent.ThreadPoolExecutor$Worker@1a4e6aa4[State = -1, empty queue]] WARN  server.GrpcLogAppender (GrpcLogAppender.java:timeoutAppendRequest(200)) - 7fc320a2-74a2-44cb-8d45-40912bba4ff2@group-512358092D21->6d73d83e-4bf7-49f9-9c6b-f14bf24667e0-GrpcLogAppender: appendEntries Timeout, request=7fc320a2-74a2-44cb-8d45-40912bba4ff2->6d73d83e-4bf7-49f9-9c6b-f14bf24667e0#119-t1, previous=(t:1, i:20), leaderCommit=16, initializing? false, entries: <empty>
2019-09-16 16:50:45,218 [java.util.concurrent.ThreadPoolExecutor$Worker@62322085[State = -1, empty queue]] WARN  server.GrpcLogAppender (GrpcLogAppender.java:timeoutAppendRequest(200)) - 7fc320a2-74a2-44cb-8d45-40912bba4ff2@group-512358092D21->9061b39a-2428-46aa-ac83-e6ff060f5840-GrpcLogAppender: appendEntries Timeout, request=7fc320a2-74a2-44cb-8d45-40912bba4ff2->9061b39a-2428-46aa-ac83-e6ff060f5840#119-t1, previous=(t:1, i:20), leaderCommit=16, initializing? false, entries: <empty>
2019-09-16 16:50:45,467 [fa2692cc-7d13-407b-8ba8-1b16aaf9a086@group-3F8977C1BEA2-SegmentedRaftLogWorker] WARN  segmented.SegmentedRaftLogWorker (SegmentedRaftLogWorker.java:getFromFuture(90)) - Timeout 4/~
org.apache.ratis.protocol.TimeoutIOException: Timeout 10s: WriteLog:18: (t:4, i:18), STATEMACHINELOGENTRY, client-66600ED44B99, cid=30-writeStateMachineData
	at org.apache.ratis.util.IOUtils.getFromFuture(IOUtils.java:87)
	at org.apache.ratis.server.raftlog.segmented.SegmentedRaftLogWorker$StateMachineDataPolicy.getFromFuture(SegmentedRaftLogWorker.java:87)
	at org.apache.ratis.server.raftlog.segmented.SegmentedRaftLogWorker$WriteLog.execute(SegmentedRaftLogWorker.java:477)
	at org.apache.ratis.server.raftlog.segmented.SegmentedRaftLogWorker.run(SegmentedRaftLogWorker.java:289)
	at java.lang.Thread.run(Thread.java:748)
Caused by: java.util.concurrent.TimeoutException
	at java.util.concurrent.CompletableFuture.timedGet(CompletableFuture.java:1771)
	at java.util.concurrent.CompletableFuture.get(CompletableFuture.java:1915)
	at org.apache.ratis.util.IOUtils.getFromFuture(IOUtils.java:79)
	... 4 more
2019-09-16 16:50:45,718 [java.util.concurrent.ThreadPoolExecutor$Worker@62322085[State = -1, empty queue]] WARN  server.GrpcLogAppender (GrpcLogAppender.java:timeoutAppendRequest(200)) - 7fc320a2-74a2-44cb-8d45-40912bba4ff2@group-512358092D21->9061b39a-2428-46aa-ac83-e6ff060f5840-GrpcLogAppender: appendEntries Timeout, request=7fc320a2-74a2-44cb-8d45-40912bba4ff2->9061b39a-2428-46aa-ac83-e6ff060f5840#120-t1, previous=(t:1, i:20), leaderCommit=16, initializing? false, entries: <empty>
2019-09-16 16:50:45,718 [java.util.concurrent.ThreadPoolExecutor$Worker@1a4e6aa4[State = -1, empty queue]] WARN  server.GrpcLogAppender (GrpcLogAppender.java:timeoutAppendRequest(200)) - 7fc320a2-74a2-44cb-8d45-40912bba4ff2@group-512358092D21->6d73d83e-4bf7-49f9-9c6b-f14bf24667e0-GrpcLogAppender: appendEntries Timeout, request=7fc320a2-74a2-44cb-8d45-40912bba4ff2->6d73d83e-4bf7-49f9-9c6b-f14bf24667e0#120-t1, previous=(t:1, i:20), leaderCommit=16, initializing? false, entries: <empty>
2019-09-16 16:50:46,218 [java.util.concurrent.ThreadPoolExecutor$Worker@1a4e6aa4[State = -1, empty queue]] WARN  server.GrpcLogAppender (GrpcLogAppender.java:timeoutAppendRequest(200)) - 7fc320a2-74a2-44cb-8d45-40912bba4ff2@group-512358092D21->6d73d83e-4bf7-49f9-9c6b-f14bf24667e0-GrpcLogAppender: appendEntries Timeout, request=7fc320a2-74a2-44cb-8d45-40912bba4ff2->6d73d83e-4bf7-49f9-9c6b-f14bf24667e0#121-t1, previous=(t:1, i:20), leaderCommit=16, initializing? false, entries: <empty>
2019-09-16 16:50:46,218 [java.util.concurrent.ThreadPoolExecutor$Worker@62322085[State = -1, empty queue]] WARN  server.GrpcLogAppender (GrpcLogAppender.java:timeoutAppendRequest(200)) - 7fc320a2-74a2-44cb-8d45-40912bba4ff2@group-512358092D21->9061b39a-2428-46aa-ac83-e6ff060f5840-GrpcLogAppender: appendEntries Timeout, request=7fc320a2-74a2-44cb-8d45-40912bba4ff2->9061b39a-2428-46aa-ac83-e6ff060f5840#121-t1, previous=(t:1, i:20), leaderCommit=16, initializing? false, entries: <empty>
2019-09-16 16:50:46,718 [java.util.concurrent.ThreadPoolExecutor$Worker@1a4e6aa4[State = -1, empty queue]] WARN  server.GrpcLogAppender (GrpcLogAppender.java:timeoutAppendRequest(200)) - 7fc320a2-74a2-44cb-8d45-40912bba4ff2@group-512358092D21->6d73d83e-4bf7-49f9-9c6b-f14bf24667e0-GrpcLogAppender: appendEntries Timeout, request=7fc320a2-74a2-44cb-8d45-40912bba4ff2->6d73d83e-4bf7-49f9-9c6b-f14bf24667e0#122-t1, previous=(t:1, i:20), leaderCommit=16, initializing? false, entries: <empty>
2019-09-16 16:50:46,718 [java.util.concurrent.ThreadPoolExecutor$Worker@62322085[State = -1, empty queue]] WARN  server.GrpcLogAppender (GrpcLogAppender.java:timeoutAppendRequest(200)) - 7fc320a2-74a2-44cb-8d45-40912bba4ff2@group-512358092D21->9061b39a-2428-46aa-ac83-e6ff060f5840-GrpcLogAppender: appendEntries Timeout, request=7fc320a2-74a2-44cb-8d45-40912bba4ff2->9061b39a-2428-46aa-ac83-e6ff060f5840#122-t1, previous=(t:1, i:20), leaderCommit=16, initializing? false, entries: <empty>
2019-09-16 16:50:46,825 [java.util.concurrent.ThreadPoolExecutor$Worker@4a83313d[State = -1, empty queue]] WARN  server.GrpcLogAppender (GrpcLogAppender.java:timeoutAppendRequest(200)) - d43b0c61-8f3a-4c5a-ae51-ff6150aafa7d@group-F512E466BF16->95da17b0-4e07-4af0-be4f-5c62bf2a50a7-GrpcLogAppender: appendEntries Timeout, request=d43b0c61-8f3a-4c5a-ae51-ff6150aafa7d->95da17b0-4e07-4af0-be4f-5c62bf2a50a7#133-t1, previous=(t:1, i:30), leaderCommit=30, initializing? false, entries: size=1, first=(t:1, i:31), STATEMACHINELOGENTRY, client-82F6639D1098, cid=64
2019-09-16 16:50:46,826 [java.util.concurrent.ThreadPoolExecutor$Worker@39e216ad[State = -1, empty queue]] WARN  server.GrpcLogAppender (GrpcLogAppender.java:timeoutAppendRequest(200)) - d43b0c61-8f3a-4c5a-ae51-ff6150aafa7d@group-F512E466BF16->18b96c5b-e26d-45b3-8a36-72f0b02f08ab-GrpcLogAppender: appendEntries Timeout, request=d43b0c61-8f3a-4c5a-ae51-ff6150aafa7d->18b96c5b-e26d-45b3-8a36-72f0b02f08ab#133-t1, previous=(t:1, i:30), leaderCommit=30, initializing? false, entries: size=1, first=(t:1, i:31), STATEMACHINELOGENTRY, client-82F6639D1098, cid=64
2019-09-16 16:50:46,826 [java.util.concurrent.ThreadPoolExecutor$Worker@4a83313d[State = -1, empty queue]] WARN  server.GrpcLogAppender (GrpcLogAppender.java:timeoutAppendRequest(200)) - d43b0c61-8f3a-4c5a-ae51-ff6150aafa7d@group-F512E466BF16->95da17b0-4e07-4af0-be4f-5c62bf2a50a7-GrpcLogAppender: appendEntries Timeout, request=d43b0c61-8f3a-4c5a-ae51-ff6150aafa7d->95da17b0-4e07-4af0-be4f-5c62bf2a50a7#134-t1, previous=(t:1, i:31), leaderCommit=30, initializing? false, entries: size=1, first=(t:1, i:32), STATEMACHINELOGENTRY, client-82F6639D1098, cid=65
2019-09-16 16:50:46,826 [java.util.concurrent.ThreadPoolExecutor$Worker@39e216ad[State = -1, empty queue]] WARN  server.GrpcLogAppender (GrpcLogAppender.java:timeoutAppendRequest(200)) - d43b0c61-8f3a-4c5a-ae51-ff6150aafa7d@group-F512E466BF16->18b96c5b-e26d-45b3-8a36-72f0b02f08ab-GrpcLogAppender: appendEntries Timeout, request=d43b0c61-8f3a-4c5a-ae51-ff6150aafa7d->18b96c5b-e26d-45b3-8a36-72f0b02f08ab#134-t1, previous=(t:1, i:31), leaderCommit=30, initializing? false, entries: size=1, first=(t:1, i:32), STATEMACHINELOGENTRY, client-82F6639D1098, cid=65
2019-09-16 16:50:46,832 [java.util.concurrent.ThreadPoolExecutor$Worker@4a83313d[State = -1, empty queue]] WARN  server.GrpcLogAppender (GrpcLogAppender.java:timeoutAppendRequest(200)) - d43b0c61-8f3a-4c5a-ae51-ff6150aafa7d@group-F512E466BF16->95da17b0-4e07-4af0-be4f-5c62bf2a50a7-GrpcLogAppender: appendEntries Timeout, request=d43b0c61-8f3a-4c5a-ae51-ff6150aafa7d->95da17b0-4e07-4af0-be4f-5c62bf2a50a7#135-t1, previous=(t:1, i:32), leaderCommit=30, initializing? false, entries: size=1, first=(t:1, i:33), STATEMACHINELOGENTRY, client-82F6639D1098, cid=66
2019-09-16 16:50:46,835 [java.util.concurrent.ThreadPoolExecutor$Worker@39e216ad[State = -1, empty queue]] WARN  server.GrpcLogAppender (GrpcLogAppender.java:timeoutAppendRequest(200)) - d43b0c61-8f3a-4c5a-ae51-ff6150aafa7d@group-F512E466BF16->18b96c5b-e26d-45b3-8a36-72f0b02f08ab-GrpcLogAppender: appendEntries Timeout, request=d43b0c61-8f3a-4c5a-ae51-ff6150aafa7d->18b96c5b-e26d-45b3-8a36-72f0b02f08ab#135-t1, previous=(t:1, i:32), leaderCommit=30, initializing? false, entries: size=1, first=(t:1, i:33), STATEMACHINELOGENTRY, client-82F6639D1098, cid=66
2019-09-16 16:50:46,838 [java.util.concurrent.ThreadPoolExecutor$Worker@4a83313d[State = -1, empty queue]] WARN  server.GrpcLogAppender (GrpcLogAppender.java:timeoutAppendRequest(200)) - d43b0c61-8f3a-4c5a-ae51-ff6150aafa7d@group-F512E466BF16->95da17b0-4e07-4af0-be4f-5c62bf2a50a7-GrpcLogAppender: appendEntries Timeout, request=d43b0c61-8f3a-4c5a-ae51-ff6150aafa7d->95da17b0-4e07-4af0-be4f-5c62bf2a50a7#136-t1, previous=(t:1, i:33), leaderCommit=30, initializing? false, entries: size=1, first=(t:1, i:34), STATEMACHINELOGENTRY, client-82F6639D1098, cid=67
2019-09-16 16:50:46,838 [java.util.concurrent.ThreadPoolExecutor$Worker@39e216ad[State = -1, empty queue]] WARN  server.GrpcLogAppender (GrpcLogAppender.java:timeoutAppendRequest(200)) - d43b0c61-8f3a-4c5a-ae51-ff6150aafa7d@group-F512E466BF16->18b96c5b-e26d-45b3-8a36-72f0b02f08ab-GrpcLogAppender: appendEntries Timeout, request=d43b0c61-8f3a-4c5a-ae51-ff6150aafa7d->18b96c5b-e26d-45b3-8a36-72f0b02f08ab#136-t1, previous=(t:1, i:33), leaderCommit=30, initializing? false, entries: size=1, first=(t:1, i:34), STATEMACHINELOGENTRY, client-82F6639D1098, cid=67
2019-09-16 16:50:47,219 [java.util.concurrent.ThreadPoolExecutor$Worker@1a4e6aa4[State = -1, empty queue]] WARN  server.GrpcLogAppender (GrpcLogAppender.java:timeoutAppendRequest(200)) - 7fc320a2-74a2-44cb-8d45-40912bba4ff2@group-512358092D21->6d73d83e-4bf7-49f9-9c6b-f14bf24667e0-GrpcLogAppender: appendEntries Timeout, request=7fc320a2-74a2-44cb-8d45-40912bba4ff2->6d73d83e-4bf7-49f9-9c6b-f14bf24667e0#123-t1, previous=(t:1, i:20), leaderCommit=16, initializing? false, entries: <empty>
2019-09-16 16:50:47,219 [java.util.concurrent.ThreadPoolExecutor$Worker@62322085[State = -1, empty queue]] WARN  server.GrpcLogAppender (GrpcLogAppender.java:timeoutAppendRequest(200)) - 7fc320a2-74a2-44cb-8d45-40912bba4ff2@group-512358092D21->9061b39a-2428-46aa-ac83-e6ff060f5840-GrpcLogAppender: appendEntries Timeout, request=7fc320a2-74a2-44cb-8d45-40912bba4ff2->9061b39a-2428-46aa-ac83-e6ff060f5840#123-t1, previous=(t:1, i:20), leaderCommit=16, initializing? false, entries: <empty>
2019-09-16 16:50:47,330 [java.util.concurrent.ThreadPoolExecutor$Worker@39e216ad[State = -1, empty queue]] WARN  server.GrpcLogAppender (GrpcLogAppender.java:timeoutAppendRequest(200)) - d43b0c61-8f3a-4c5a-ae51-ff6150aafa7d@group-F512E466BF16->18b96c5b-e26d-45b3-8a36-72f0b02f08ab-GrpcLogAppender: appendEntries Timeout, request=d43b0c61-8f3a-4c5a-ae51-ff6150aafa7d->18b96c5b-e26d-45b3-8a36-72f0b02f08ab#137-t1, previous=(t:1, i:34), leaderCommit=30, initializing? false, entries: <empty>
2019-09-16 16:50:47,330 [java.util.concurrent.ThreadPoolExecutor$Worker@4a83313d[State = -1, empty queue]] WARN  server.GrpcLogAppender (GrpcLogAppender.java:timeoutAppendRequest(200)) - d43b0c61-8f3a-4c5a-ae51-ff6150aafa7d@group-F512E466BF16->95da17b0-4e07-4af0-be4f-5c62bf2a50a7-GrpcLogAppender: appendEntries Timeout, request=d43b0c61-8f3a-4c5a-ae51-ff6150aafa7d->95da17b0-4e07-4af0-be4f-5c62bf2a50a7#137-t1, previous=(t:1, i:34), leaderCommit=30, initializing? false, entries: <empty>
2019-09-16 16:50:47,719 [java.util.concurrent.ThreadPoolExecutor$Worker@1a4e6aa4[State = -1, empty queue]] WARN  server.GrpcLogAppender (GrpcLogAppender.java:timeoutAppendRequest(200)) - 7fc320a2-74a2-44cb-8d45-40912bba4ff2@group-512358092D21->6d73d83e-4bf7-49f9-9c6b-f14bf24667e0-GrpcLogAppender: appendEntries Timeout, request=7fc320a2-74a2-44cb-8d45-40912bba4ff2->6d73d83e-4bf7-49f9-9c6b-f14bf24667e0#124-t1, previous=(t:1, i:20), leaderCommit=16, initializing? false, entries: <empty>
2019-09-16 16:50:47,719 [java.util.concurrent.ThreadPoolExecutor$Worker@62322085[State = -1, empty queue]] WARN  server.GrpcLogAppender (GrpcLogAppender.java:timeoutAppendRequest(200)) - 7fc320a2-74a2-44cb-8d45-40912bba4ff2@group-512358092D21->9061b39a-2428-46aa-ac83-e6ff060f5840-GrpcLogAppender: appendEntries Timeout, request=7fc320a2-74a2-44cb-8d45-40912bba4ff2->9061b39a-2428-46aa-ac83-e6ff060f5840#124-t1, previous=(t:1, i:20), leaderCommit=16, initializing? false, entries: <empty>
2019-09-16 16:50:47,830 [java.util.concurrent.ThreadPoolExecutor$Worker@39e216ad[State = -1, empty queue]] WARN  server.GrpcLogAppender (GrpcLogAppender.java:timeoutAppendRequest(200)) - d43b0c61-8f3a-4c5a-ae51-ff6150aafa7d@group-F512E466BF16->18b96c5b-e26d-45b3-8a36-72f0b02f08ab-GrpcLogAppender: appendEntries Timeout, request=d43b0c61-8f3a-4c5a-ae51-ff6150aafa7d->18b96c5b-e26d-45b3-8a36-72f0b02f08ab#138-t1, previous=(t:1, i:34), leaderCommit=30, initializing? false, entries: <empty>
2019-09-16 16:50:47,830 [java.util.concurrent.ThreadPoolExecutor$Worker@4a83313d[State = -1, empty queue]] WARN  server.GrpcLogAppender (GrpcLogAppender.java:timeoutAppendRequest(200)) - d43b0c61-8f3a-4c5a-ae51-ff6150aafa7d@group-F512E466BF16->95da17b0-4e07-4af0-be4f-5c62bf2a50a7-GrpcLogAppender: appendEntries Timeout, request=d43b0c61-8f3a-4c5a-ae51-ff6150aafa7d->95da17b0-4e07-4af0-be4f-5c62bf2a50a7#138-t1, previous=(t:1, i:34), leaderCommit=30, initializing? false, entries: <empty>
2019-09-16 16:50:48,219 [java.util.concurrent.ThreadPoolExecutor$Worker@1a4e6aa4[State = -1, empty queue]] WARN  server.GrpcLogAppender (GrpcLogAppender.java:timeoutAppendRequest(200)) - 7fc320a2-74a2-44cb-8d45-40912bba4ff2@group-512358092D21->6d73d83e-4bf7-49f9-9c6b-f14bf24667e0-GrpcLogAppender: appendEntries Timeout, request=7fc320a2-74a2-44cb-8d45-40912bba4ff2->6d73d83e-4bf7-49f9-9c6b-f14bf24667e0#125-t1, previous=(t:1, i:20), leaderCommit=16, initializing? false, entries: <empty>
2019-09-16 16:50:48,219 [java.util.concurrent.ThreadPoolExecutor$Worker@62322085[State = -1, empty queue]] WARN  server.GrpcLogAppender (GrpcLogAppender.java:timeoutAppendRequest(200)) - 7fc320a2-74a2-44cb-8d45-40912bba4ff2@group-512358092D21->9061b39a-2428-46aa-ac83-e6ff060f5840-GrpcLogAppender: appendEntries Timeout, request=7fc320a2-74a2-44cb-8d45-40912bba4ff2->9061b39a-2428-46aa-ac83-e6ff060f5840#125-t1, previous=(t:1, i:20), leaderCommit=16, initializing? false, entries: <empty>
2019-09-16 16:50:48,330 [java.util.concurrent.ThreadPoolExecutor$Worker@4a83313d[State = -1, empty queue]] WARN  server.GrpcLogAppender (GrpcLogAppender.java:timeoutAppendRequest(200)) - d43b0c61-8f3a-4c5a-ae51-ff6150aafa7d@group-F512E466BF16->95da17b0-4e07-4af0-be4f-5c62bf2a50a7-GrpcLogAppender: appendEntries Timeout, request=d43b0c61-8f3a-4c5a-ae51-ff6150aafa7d->95da17b0-4e07-4af0-be4f-5c62bf2a50a7#139-t1, previous=(t:1, i:34), leaderCommit=30, initializing? false, entries: <empty>
2019-09-16 16:50:48,330 [java.util.concurrent.ThreadPoolExecutor$Worker@39e216ad[State = -1, empty queue]] WARN  server.GrpcLogAppender (GrpcLogAppender.java:timeoutAppendRequest(200)) - d43b0c61-8f3a-4c5a-ae51-ff6150aafa7d@group-F512E466BF16->18b96c5b-e26d-45b3-8a36-72f0b02f08ab-GrpcLogAppender: appendEntries Timeout, request=d43b0c61-8f3a-4c5a-ae51-ff6150aafa7d->18b96c5b-e26d-45b3-8a36-72f0b02f08ab#139-t1, previous=(t:1, i:34), leaderCommit=30, initializing? false, entries: <empty>
2019-09-16 16:50:48,719 [java.util.concurrent.ThreadPoolExecutor$Worker@1a4e6aa4[State = -1, empty queue]] WARN  server.GrpcLogAppender (GrpcLogAppender.java:timeoutAppendRequest(200)) - 7fc320a2-74a2-44cb-8d45-40912bba4ff2@group-512358092D21->6d73d83e-4bf7-49f9-9c6b-f14bf24667e0-GrpcLogAppender: appendEntries Timeout, request=7fc320a2-74a2-44cb-8d45-40912bba4ff2->6d73d83e-4bf7-49f9-9c6b-f14bf24667e0#126-t1, previous=(t:1, i:20), leaderCommit=16, initializing? false, entries: <empty>
2019-09-16 16:50:48,719 [java.util.concurrent.ThreadPoolExecutor$Worker@62322085[State = -1, empty queue]] WARN  server.GrpcLogAppender (GrpcLogAppender.java:timeoutAppendRequest(200)) - 7fc320a2-74a2-44cb-8d45-40912bba4ff2@group-512358092D21->9061b39a-2428-46aa-ac83-e6ff060f5840-GrpcLogAppender: appendEntries Timeout, request=7fc320a2-74a2-44cb-8d45-40912bba4ff2->9061b39a-2428-46aa-ac83-e6ff060f5840#126-t1, previous=(t:1, i:20), leaderCommit=16, initializing? false, entries: <empty>
2019-09-16 16:50:48,831 [java.util.concurrent.ThreadPoolExecutor$Worker@39e216ad[State = -1, empty queue]] WARN  server.GrpcLogAppender (GrpcLogAppender.java:timeoutAppendRequest(200)) - d43b0c61-8f3a-4c5a-ae51-ff6150aafa7d@group-F512E466BF16->18b96c5b-e26d-45b3-8a36-72f0b02f08ab-GrpcLogAppender: appendEntries Timeout, request=d43b0c61-8f3a-4c5a-ae51-ff6150aafa7d->18b96c5b-e26d-45b3-8a36-72f0b02f08ab#140-t1, previous=(t:1, i:34), leaderCommit=30, initializing? false, entries: <empty>
2019-09-16 16:50:48,831 [java.util.concurrent.ThreadPoolExecutor$Worker@4a83313d[State = -1, empty queue]] WARN  server.GrpcLogAppender (GrpcLogAppender.java:timeoutAppendRequest(200)) - d43b0c61-8f3a-4c5a-ae51-ff6150aafa7d@group-F512E466BF16->95da17b0-4e07-4af0-be4f-5c62bf2a50a7-GrpcLogAppender: appendEntries Timeout, request=d43b0c61-8f3a-4c5a-ae51-ff6150aafa7d->95da17b0-4e07-4af0-be4f-5c62bf2a50a7#140-t1, previous=(t:1, i:34), leaderCommit=30, initializing? false, entries: <empty>
2019-09-16 16:50:48,857 [grpc-default-executor-4] INFO  client.GrpcClientProtocolClient (GrpcClientProtocolClient.java:onNext(264)) - client-82F6639D1098->95da17b0-4e07-4af0-be4f-5c62bf2a50a7: receive RaftClientReply:client-82F6639D1098->95da17b0-4e07-4af0-be4f-5c62bf2a50a7@group-F512E466BF16, cid=64, FAILED org.apache.ratis.protocol.NotLeaderException: Server 95da17b0-4e07-4af0-be4f-5c62bf2a50a7@group-F512E466BF16 is not the leader d43b0c61-8f3a-4c5a-ae51-ff6150aafa7d:192.168.34.47:43126, logIndex=0, commits[95da17b0-4e07-4af0-be4f-5c62bf2a50a7:c30, 18b96c5b-e26d-45b3-8a36-72f0b02f08ab:c28, d43b0c61-8f3a-4c5a-ae51-ff6150aafa7d:c30]
2019-09-16 16:50:49,220 [java.util.concurrent.ThreadPoolExecutor$Worker@62322085[State = -1, empty queue]] WARN  server.GrpcLogAppender (GrpcLogAppender.java:timeoutAppendRequest(200)) - 7fc320a2-74a2-44cb-8d45-40912bba4ff2@group-512358092D21->9061b39a-2428-46aa-ac83-e6ff060f5840-GrpcLogAppender: appendEntries Timeout, request=7fc320a2-74a2-44cb-8d45-40912bba4ff2->9061b39a-2428-46aa-ac83-e6ff060f5840#127-t1, previous=(t:1, i:20), leaderCommit=16, initializing? false, entries: <empty>
2019-09-16 16:50:49,220 [java.util.concurrent.ThreadPoolExecutor$Worker@1a4e6aa4[State = -1, empty queue]] WARN  server.GrpcLogAppender (GrpcLogAppender.java:timeoutAppendRequest(200)) - 7fc320a2-74a2-44cb-8d45-40912bba4ff2@group-512358092D21->6d73d83e-4bf7-49f9-9c6b-f14bf24667e0-GrpcLogAppender: appendEntries Timeout, request=7fc320a2-74a2-44cb-8d45-40912bba4ff2->6d73d83e-4bf7-49f9-9c6b-f14bf24667e0#127-t1, previous=(t:1, i:20), leaderCommit=16, initializing? false, entries: <empty>
2019-09-16 16:50:49,331 [java.util.concurrent.ThreadPoolExecutor$Worker@4a83313d[State = -1, empty queue]] WARN  server.GrpcLogAppender (GrpcLogAppender.java:timeoutAppendRequest(200)) - d43b0c61-8f3a-4c5a-ae51-ff6150aafa7d@group-F512E466BF16->95da17b0-4e07-4af0-be4f-5c62bf2a50a7-GrpcLogAppender: appendEntries Timeout, request=d43b0c61-8f3a-4c5a-ae51-ff6150aafa7d->95da17b0-4e07-4af0-be4f-5c62bf2a50a7#141-t1, previous=(t:1, i:34), leaderCommit=30, initializing? false, entries: <empty>
2019-09-16 16:50:49,331 [java.util.concurrent.ThreadPoolExecutor$Worker@39e216ad[State = -1, empty queue]] WARN  server.GrpcLogAppender (GrpcLogAppender.java:timeoutAppendRequest(200)) - d43b0c61-8f3a-4c5a-ae51-ff6150aafa7d@group-F512E466BF16->18b96c5b-e26d-45b3-8a36-72f0b02f08ab-GrpcLogAppender: appendEntries Timeout, request=d43b0c61-8f3a-4c5a-ae51-ff6150aafa7d->18b96c5b-e26d-45b3-8a36-72f0b02f08ab#141-t1, previous=(t:1, i:34), leaderCommit=30, initializing? false, entries: <empty>
2019-09-16 16:50:49,720 [java.util.concurrent.ThreadPoolExecutor$Worker@1a4e6aa4[State = -1, empty queue]] WARN  server.GrpcLogAppender (GrpcLogAppender.java:timeoutAppendRequest(200)) - 7fc320a2-74a2-44cb-8d45-40912bba4ff2@group-512358092D21->6d73d83e-4bf7-49f9-9c6b-f14bf24667e0-GrpcLogAppender: appendEntries Timeout, request=7fc320a2-74a2-44cb-8d45-40912bba4ff2->6d73d83e-4bf7-49f9-9c6b-f14bf24667e0#128-t1, previous=(t:1, i:20), leaderCommit=16, initializing? false, entries: <empty>
2019-09-16 16:50:49,720 [java.util.concurrent.ThreadPoolExecutor$Worker@62322085[State = -1, empty queue]] WARN  server.GrpcLogAppender (GrpcLogAppender.java:timeoutAppendRequest(200)) - 7fc320a2-74a2-44cb-8d45-40912bba4ff2@group-512358092D21->9061b39a-2428-46aa-ac83-e6ff060f5840-GrpcLogAppender: appendEntries Timeout, request=7fc320a2-74a2-44cb-8d45-40912bba4ff2->9061b39a-2428-46aa-ac83-e6ff060f5840#128-t1, previous=(t:1, i:20), leaderCommit=16, initializing? false, entries: <empty>
2019-09-16 16:50:49,833 [java.util.concurrent.ThreadPoolExecutor$Worker@39e216ad[State = -1, empty queue]] WARN  server.GrpcLogAppender (GrpcLogAppender.java:timeoutAppendRequest(200)) - d43b0c61-8f3a-4c5a-ae51-ff6150aafa7d@group-F512E466BF16->18b96c5b-e26d-45b3-8a36-72f0b02f08ab-GrpcLogAppender: appendEntries Timeout, request=d43b0c61-8f3a-4c5a-ae51-ff6150aafa7d->18b96c5b-e26d-45b3-8a36-72f0b02f08ab#142-t1, previous=(t:1, i:34), leaderCommit=30, initializing? false, entries: <empty>
2019-09-16 16:50:49,833 [java.util.concurrent.ThreadPoolExecutor$Worker@4a83313d[State = -1, empty queue]] WARN  server.GrpcLogAppender (GrpcLogAppender.java:timeoutAppendRequest(200)) - d43b0c61-8f3a-4c5a-ae51-ff6150aafa7d@group-F512E466BF16->95da17b0-4e07-4af0-be4f-5c62bf2a50a7-GrpcLogAppender: appendEntries Timeout, request=d43b0c61-8f3a-4c5a-ae51-ff6150aafa7d->95da17b0-4e07-4af0-be4f-5c62bf2a50a7#142-t1, previous=(t:1, i:34), leaderCommit=30, initializing? false, entries: <empty>
2019-09-16 16:50:50,208 [6d73d83e-4bf7-49f9-9c6b-f14bf24667e0@group-512358092D21-SegmentedRaftLogWorker] WARN  segmented.SegmentedRaftLogWorker (SegmentedRaftLogWorker.java:getFromFuture(90)) - Timeout 2/~
org.apache.ratis.protocol.TimeoutIOException: Timeout 10s: WriteLog:17: (t:1, i:17), STATEMACHINELOGENTRY, client-F1A86D2C076E, cid=51-writeStateMachineData
	at org.apache.ratis.util.IOUtils.getFromFuture(IOUtils.java:87)
	at org.apache.ratis.server.raftlog.segmented.SegmentedRaftLogWorker$StateMachineDataPolicy.getFromFuture(SegmentedRaftLogWorker.java:87)
	at org.apache.ratis.server.raftlog.segmented.SegmentedRaftLogWorker$WriteLog.execute(SegmentedRaftLogWorker.java:477)
	at org.apache.ratis.server.raftlog.segmented.SegmentedRaftLogWorker.run(SegmentedRaftLogWorker.java:289)
	at java.lang.Thread.run(Thread.java:748)
Caused by: java.util.concurrent.TimeoutException
	at java.util.concurrent.CompletableFuture.timedGet(CompletableFuture.java:1771)
	at java.util.concurrent.CompletableFuture.get(CompletableFuture.java:1915)
	at org.apache.ratis.util.IOUtils.getFromFuture(IOUtils.java:79)
	... 4 more
2019-09-16 16:50:50,223 [java.util.concurrent.ThreadPoolExecutor$Worker@1a4e6aa4[State = -1, empty queue]] WARN  server.GrpcLogAppender (GrpcLogAppender.java:timeoutAppendRequest(200)) - 7fc320a2-74a2-44cb-8d45-40912bba4ff2@group-512358092D21->6d73d83e-4bf7-49f9-9c6b-f14bf24667e0-GrpcLogAppender: appendEntries Timeout, request=7fc320a2-74a2-44cb-8d45-40912bba4ff2->6d73d83e-4bf7-49f9-9c6b-f14bf24667e0#129-t1, previous=(t:1, i:20), leaderCommit=16, initializing? false, entries: <empty>
2019-09-16 16:50:50,223 [java.util.concurrent.ThreadPoolExecutor$Worker@62322085[State = -1, empty queue]] WARN  server.GrpcLogAppender (GrpcLogAppender.java:timeoutAppendRequest(200)) - 7fc320a2-74a2-44cb-8d45-40912bba4ff2@group-512358092D21->9061b39a-2428-46aa-ac83-e6ff060f5840-GrpcLogAppender: appendEntries Timeout, request=7fc320a2-74a2-44cb-8d45-40912bba4ff2->9061b39a-2428-46aa-ac83-e6ff060f5840#129-t1, previous=(t:1, i:20), leaderCommit=16, initializing? false, entries: <empty>
2019-09-16 16:50:50,333 [java.util.concurrent.ThreadPoolExecutor$Worker@4a83313d[State = -1, empty queue]] WARN  server.GrpcLogAppender (GrpcLogAppender.java:timeoutAppendRequest(200)) - d43b0c61-8f3a-4c5a-ae51-ff6150aafa7d@group-F512E466BF16->95da17b0-4e07-4af0-be4f-5c62bf2a50a7-GrpcLogAppender: appendEntries Timeout, request=d43b0c61-8f3a-4c5a-ae51-ff6150aafa7d->95da17b0-4e07-4af0-be4f-5c62bf2a50a7#143-t1, previous=(t:1, i:34), leaderCommit=30, initializing? false, entries: <empty>
2019-09-16 16:50:50,333 [java.util.concurrent.ThreadPoolExecutor$Worker@39e216ad[State = -1, empty queue]] WARN  server.GrpcLogAppender (GrpcLogAppender.java:timeoutAppendRequest(200)) - d43b0c61-8f3a-4c5a-ae51-ff6150aafa7d@group-F512E466BF16->18b96c5b-e26d-45b3-8a36-72f0b02f08ab-GrpcLogAppender: appendEntries Timeout, request=d43b0c61-8f3a-4c5a-ae51-ff6150aafa7d->18b96c5b-e26d-45b3-8a36-72f0b02f08ab#143-t1, previous=(t:1, i:34), leaderCommit=30, initializing? false, entries: <empty>
2019-09-16 16:50:50,341 [9061b39a-2428-46aa-ac83-e6ff060f5840@group-512358092D21-SegmentedRaftLogWorker] WARN  segmented.SegmentedRaftLogWorker (SegmentedRaftLogWorker.java:getFromFuture(90)) - Timeout 2/~
org.apache.ratis.protocol.TimeoutIOException: Timeout 10s: WriteLog:19: (t:1, i:19), STATEMACHINELOGENTRY, client-F1A86D2C076E, cid=53-writeStateMachineData
	at org.apache.ratis.util.IOUtils.getFromFuture(IOUtils.java:87)
	at org.apache.ratis.server.raftlog.segmented.SegmentedRaftLogWorker$StateMachineDataPolicy.getFromFuture(SegmentedRaftLogWorker.java:87)
	at org.apache.ratis.server.raftlog.segmented.SegmentedRaftLogWorker$WriteLog.execute(SegmentedRaftLogWorker.java:477)
	at org.apache.ratis.server.raftlog.segmented.SegmentedRaftLogWorker.run(SegmentedRaftLogWorker.java:289)
	at java.lang.Thread.run(Thread.java:748)
Caused by: java.util.concurrent.TimeoutException
	at java.util.concurrent.CompletableFuture.timedGet(CompletableFuture.java:1771)
	at java.util.concurrent.CompletableFuture.get(CompletableFuture.java:1915)
	at org.apache.ratis.util.IOUtils.getFromFuture(IOUtils.java:79)
	... 4 more
2019-09-16 16:50:50,344 [7fc320a2-74a2-44cb-8d45-40912bba4ff2@group-512358092D21-SegmentedRaftLogWorker] WARN  segmented.SegmentedRaftLogWorker (SegmentedRaftLogWorker.java:getFromFuture(90)) - Timeout 2/~
org.apache.ratis.protocol.TimeoutIOException: Timeout 10s: WriteLog:19: (t:1, i:19), STATEMACHINELOGENTRY, client-F1A86D2C076E, cid=53-writeStateMachineData
	at org.apache.ratis.util.IOUtils.getFromFuture(IOUtils.java:87)
	at org.apache.ratis.server.raftlog.segmented.SegmentedRaftLogWorker$StateMachineDataPolicy.getFromFuture(SegmentedRaftLogWorker.java:87)
	at org.apache.ratis.server.raftlog.segmented.SegmentedRaftLogWorker$WriteLog.execute(SegmentedRaftLogWorker.java:477)
	at org.apache.ratis.server.raftlog.segmented.SegmentedRaftLogWorker.run(SegmentedRaftLogWorker.java:289)
	at java.lang.Thread.run(Thread.java:748)
Caused by: java.util.concurrent.TimeoutException
	at java.util.concurrent.CompletableFuture.timedGet(CompletableFuture.java:1771)
	at java.util.concurrent.CompletableFuture.get(CompletableFuture.java:1915)
	at org.apache.ratis.util.IOUtils.getFromFuture(IOUtils.java:79)
	... 4 more
2019-09-16 16:50:50,723 [java.util.concurrent.ThreadPoolExecutor$Worker@1a4e6aa4[State = -1, empty queue]] WARN  server.GrpcLogAppender (GrpcLogAppender.java:timeoutAppendRequest(200)) - 7fc320a2-74a2-44cb-8d45-40912bba4ff2@group-512358092D21->6d73d83e-4bf7-49f9-9c6b-f14bf24667e0-GrpcLogAppender: appendEntries Timeout, request=7fc320a2-74a2-44cb-8d45-40912bba4ff2->6d73d83e-4bf7-49f9-9c6b-f14bf24667e0#130-t1, previous=(t:1, i:20), leaderCommit=16, initializing? false, entries: <empty>
2019-09-16 16:50:50,723 [java.util.concurrent.ThreadPoolExecutor$Worker@62322085[State = -1, empty queue]] WARN  server.GrpcLogAppender (GrpcLogAppender.java:timeoutAppendRequest(200)) - 7fc320a2-74a2-44cb-8d45-40912bba4ff2@group-512358092D21->9061b39a-2428-46aa-ac83-e6ff060f5840-GrpcLogAppender: appendEntries Timeout, request=7fc320a2-74a2-44cb-8d45-40912bba4ff2->9061b39a-2428-46aa-ac83-e6ff060f5840#130-t1, previous=(t:1, i:20), leaderCommit=16, initializing? false, entries: <empty>
2019-09-16 16:50:50,833 [java.util.concurrent.ThreadPoolExecutor$Worker@39e216ad[State = -1, empty queue]] WARN  server.GrpcLogAppender (GrpcLogAppender.java:timeoutAppendRequest(200)) - d43b0c61-8f3a-4c5a-ae51-ff6150aafa7d@group-F512E466BF16->18b96c5b-e26d-45b3-8a36-72f0b02f08ab-GrpcLogAppender: appendEntries Timeout, request=d43b0c61-8f3a-4c5a-ae51-ff6150aafa7d->18b96c5b-e26d-45b3-8a36-72f0b02f08ab#144-t1, previous=(t:1, i:34), leaderCommit=30, initializing? false, entries: <empty>
2019-09-16 16:50:50,833 [java.util.concurrent.ThreadPoolExecutor$Worker@4a83313d[State = -1, empty queue]] WARN  server.GrpcLogAppender (GrpcLogAppender.java:timeoutAppendRequest(200)) - d43b0c61-8f3a-4c5a-ae51-ff6150aafa7d@group-F512E466BF16->95da17b0-4e07-4af0-be4f-5c62bf2a50a7-GrpcLogAppender: appendEntries Timeout, request=d43b0c61-8f3a-4c5a-ae51-ff6150aafa7d->95da17b0-4e07-4af0-be4f-5c62bf2a50a7#144-t1, previous=(t:1, i:34), leaderCommit=30, initializing? false, entries: <empty>
2019-09-16 16:50:51,223 [java.util.concurrent.ThreadPoolExecutor$Worker@1a4e6aa4[State = -1, empty queue]] WARN  server.GrpcLogAppender (GrpcLogAppender.java:timeoutAppendRequest(200)) - 7fc320a2-74a2-44cb-8d45-40912bba4ff2@group-512358092D21->6d73d83e-4bf7-49f9-9c6b-f14bf24667e0-GrpcLogAppender: appendEntries Timeout, request=7fc320a2-74a2-44cb-8d45-40912bba4ff2->6d73d83e-4bf7-49f9-9c6b-f14bf24667e0#131-t1, previous=(t:1, i:20), leaderCommit=16, initializing? false, entries: <empty>
2019-09-16 16:50:51,223 [java.util.concurrent.ThreadPoolExecutor$Worker@62322085[State = -1, empty queue]] WARN  server.GrpcLogAppender (GrpcLogAppender.java:timeoutAppendRequest(200)) - 7fc320a2-74a2-44cb-8d45-40912bba4ff2@group-512358092D21->9061b39a-2428-46aa-ac83-e6ff060f5840-GrpcLogAppender: appendEntries Timeout, request=7fc320a2-74a2-44cb-8d45-40912bba4ff2->9061b39a-2428-46aa-ac83-e6ff060f5840#131-t1, previous=(t:1, i:20), leaderCommit=16, initializing? false, entries: <empty>
2019-09-16 16:50:51,333 [java.util.concurrent.ThreadPoolExecutor$Worker@39e216ad[State = -1, empty queue]] WARN  server.GrpcLogAppender (GrpcLogAppender.java:timeoutAppendRequest(200)) - d43b0c61-8f3a-4c5a-ae51-ff6150aafa7d@group-F512E466BF16->18b96c5b-e26d-45b3-8a36-72f0b02f08ab-GrpcLogAppender: appendEntries Timeout, request=d43b0c61-8f3a-4c5a-ae51-ff6150aafa7d->18b96c5b-e26d-45b3-8a36-72f0b02f08ab#145-t1, previous=(t:1, i:34), leaderCommit=30, initializing? false, entries: <empty>
2019-09-16 16:50:51,333 [java.util.concurrent.ThreadPoolExecutor$Worker@4a83313d[State = -1, empty queue]] WARN  server.GrpcLogAppender (GrpcLogAppender.java:timeoutAppendRequest(200)) - d43b0c61-8f3a-4c5a-ae51-ff6150aafa7d@group-F512E466BF16->95da17b0-4e07-4af0-be4f-5c62bf2a50a7-GrpcLogAppender: appendEntries Timeout, request=d43b0c61-8f3a-4c5a-ae51-ff6150aafa7d->95da17b0-4e07-4af0-be4f-5c62bf2a50a7#145-t1, previous=(t:1, i:34), leaderCommit=30, initializing? false, entries: <empty>
2019-09-16 16:50:51,723 [java.util.concurrent.ThreadPoolExecutor$Worker@1a4e6aa4[State = -1, empty queue]] WARN  server.GrpcLogAppender (GrpcLogAppender.java:timeoutAppendRequest(200)) - 7fc320a2-74a2-44cb-8d45-40912bba4ff2@group-512358092D21->6d73d83e-4bf7-49f9-9c6b-f14bf24667e0-GrpcLogAppender: appendEntries Timeout, request=7fc320a2-74a2-44cb-8d45-40912bba4ff2->6d73d83e-4bf7-49f9-9c6b-f14bf24667e0#132-t1, previous=(t:1, i:20), leaderCommit=16, initializing? false, entries: <empty>
2019-09-16 16:50:51,723 [java.util.concurrent.ThreadPoolExecutor$Worker@62322085[State = -1, empty queue]] WARN  server.GrpcLogAppender (GrpcLogAppender.java:timeoutAppendRequest(200)) - 7fc320a2-74a2-44cb-8d45-40912bba4ff2@group-512358092D21->9061b39a-2428-46aa-ac83-e6ff060f5840-GrpcLogAppender: appendEntries Timeout, request=7fc320a2-74a2-44cb-8d45-40912bba4ff2->9061b39a-2428-46aa-ac83-e6ff060f5840#132-t1, previous=(t:1, i:20), leaderCommit=16, initializing? false, entries: <empty>
2019-09-16 16:50:51,834 [java.util.concurrent.ThreadPoolExecutor$Worker@39e216ad[State = -1, empty queue]] WARN  server.GrpcLogAppender (GrpcLogAppender.java:timeoutAppendRequest(200)) - d43b0c61-8f3a-4c5a-ae51-ff6150aafa7d@group-F512E466BF16->18b96c5b-e26d-45b3-8a36-72f0b02f08ab-GrpcLogAppender: appendEntries Timeout, request=d43b0c61-8f3a-4c5a-ae51-ff6150aafa7d->18b96c5b-e26d-45b3-8a36-72f0b02f08ab#146-t1, previous=(t:1, i:34), leaderCommit=30, initializing? false, entries: <empty>
2019-09-16 16:50:51,834 [java.util.concurrent.ThreadPoolExecutor$Worker@4a83313d[State = -1, empty queue]] WARN  server.GrpcLogAppender (GrpcLogAppender.java:timeoutAppendRequest(200)) - d43b0c61-8f3a-4c5a-ae51-ff6150aafa7d@group-F512E466BF16->95da17b0-4e07-4af0-be4f-5c62bf2a50a7-GrpcLogAppender: appendEntries Timeout, request=d43b0c61-8f3a-4c5a-ae51-ff6150aafa7d->95da17b0-4e07-4af0-be4f-5c62bf2a50a7#146-t1, previous=(t:1, i:34), leaderCommit=30, initializing? false, entries: <empty>
2019-09-16 16:50:52,225 [java.util.concurrent.ThreadPoolExecutor$Worker@1a4e6aa4[State = -1, empty queue]] WARN  server.GrpcLogAppender (GrpcLogAppender.java:timeoutAppendRequest(200)) - 7fc320a2-74a2-44cb-8d45-40912bba4ff2@group-512358092D21->6d73d83e-4bf7-49f9-9c6b-f14bf24667e0-GrpcLogAppender: appendEntries Timeout, request=7fc320a2-74a2-44cb-8d45-40912bba4ff2->6d73d83e-4bf7-49f9-9c6b-f14bf24667e0#133-t1, previous=(t:1, i:20), leaderCommit=16, initializing? false, entries: <empty>
2019-09-16 16:50:52,225 [java.util.concurrent.ThreadPoolExecutor$Worker@62322085[State = -1, empty queue]] WARN  server.GrpcLogAppender (GrpcLogAppender.java:timeoutAppendRequest(200)) - 7fc320a2-74a2-44cb-8d45-40912bba4ff2@group-512358092D21->9061b39a-2428-46aa-ac83-e6ff060f5840-GrpcLogAppender: appendEntries Timeout, request=7fc320a2-74a2-44cb-8d45-40912bba4ff2->9061b39a-2428-46aa-ac83-e6ff060f5840#133-t1, previous=(t:1, i:20), leaderCommit=16, initializing? false, entries: <empty>
2019-09-16 16:50:52,334 [java.util.concurrent.ThreadPoolExecutor$Worker@4a83313d[State = -1, empty queue]] WARN  server.GrpcLogAppender (GrpcLogAppender.java:timeoutAppendRequest(200)) - d43b0c61-8f3a-4c5a-ae51-ff6150aafa7d@group-F512E466BF16->95da17b0-4e07-4af0-be4f-5c62bf2a50a7-GrpcLogAppender: appendEntries Timeout, request=d43b0c61-8f3a-4c5a-ae51-ff6150aafa7d->95da17b0-4e07-4af0-be4f-5c62bf2a50a7#147-t1, previous=(t:1, i:34), leaderCommit=30, initializing? false, entries: <empty>
2019-09-16 16:50:52,334 [java.util.concurrent.ThreadPoolExecutor$Worker@39e216ad[State = -1, empty queue]] WARN  server.GrpcLogAppender (GrpcLogAppender.java:timeoutAppendRequest(200)) - d43b0c61-8f3a-4c5a-ae51-ff6150aafa7d@group-F512E466BF16->18b96c5b-e26d-45b3-8a36-72f0b02f08ab-GrpcLogAppender: appendEntries Timeout, request=d43b0c61-8f3a-4c5a-ae51-ff6150aafa7d->18b96c5b-e26d-45b3-8a36-72f0b02f08ab#147-t1, previous=(t:1, i:34), leaderCommit=30, initializing? false, entries: <empty>
2019-09-16 16:50:52,726 [java.util.concurrent.ThreadPoolExecutor$Worker@1a4e6aa4[State = -1, empty queue]] WARN  server.GrpcLogAppender (GrpcLogAppender.java:timeoutAppendRequest(200)) - 7fc320a2-74a2-44cb-8d45-40912bba4ff2@group-512358092D21->6d73d83e-4bf7-49f9-9c6b-f14bf24667e0-GrpcLogAppender: appendEntries Timeout, request=7fc320a2-74a2-44cb-8d45-40912bba4ff2->6d73d83e-4bf7-49f9-9c6b-f14bf24667e0#134-t1, previous=(t:1, i:20), leaderCommit=16, initializing? false, entries: <empty>
2019-09-16 16:50:52,726 [java.util.concurrent.ThreadPoolExecutor$Worker@62322085[State = -1, empty queue]] WARN  server.GrpcLogAppender (GrpcLogAppender.java:timeoutAppendRequest(200)) - 7fc320a2-74a2-44cb-8d45-40912bba4ff2@group-512358092D21->9061b39a-2428-46aa-ac83-e6ff060f5840-GrpcLogAppender: appendEntries Timeout, request=7fc320a2-74a2-44cb-8d45-40912bba4ff2->9061b39a-2428-46aa-ac83-e6ff060f5840#134-t1, previous=(t:1, i:20), leaderCommit=16, initializing? false, entries: <empty>
2019-09-16 16:50:52,835 [java.util.concurrent.ThreadPoolExecutor$Worker@39e216ad[State = -1, empty queue]] WARN  server.GrpcLogAppender (GrpcLogAppender.java:timeoutAppendRequest(200)) - d43b0c61-8f3a-4c5a-ae51-ff6150aafa7d@group-F512E466BF16->18b96c5b-e26d-45b3-8a36-72f0b02f08ab-GrpcLogAppender: appendEntries Timeout, request=d43b0c61-8f3a-4c5a-ae51-ff6150aafa7d->18b96c5b-e26d-45b3-8a36-72f0b02f08ab#148-t1, previous=(t:1, i:34), leaderCommit=30, initializing? false, entries: <empty>
2019-09-16 16:50:52,835 [java.util.concurrent.ThreadPoolExecutor$Worker@4a83313d[State = -1, empty queue]] WARN  server.GrpcLogAppender (GrpcLogAppender.java:timeoutAppendRequest(200)) - d43b0c61-8f3a-4c5a-ae51-ff6150aafa7d@group-F512E466BF16->95da17b0-4e07-4af0-be4f-5c62bf2a50a7-GrpcLogAppender: appendEntries Timeout, request=d43b0c61-8f3a-4c5a-ae51-ff6150aafa7d->95da17b0-4e07-4af0-be4f-5c62bf2a50a7#148-t1, previous=(t:1, i:34), leaderCommit=30, initializing? false, entries: <empty>
2019-09-16 16:50:53,226 [java.util.concurrent.ThreadPoolExecutor$Worker@1a4e6aa4[State = -1, empty queue]] WARN  server.GrpcLogAppender (GrpcLogAppender.java:timeoutAppendRequest(200)) - 7fc320a2-74a2-44cb-8d45-40912bba4ff2@group-512358092D21->6d73d83e-4bf7-49f9-9c6b-f14bf24667e0-GrpcLogAppender: appendEntries Timeout, request=7fc320a2-74a2-44cb-8d45-40912bba4ff2->6d73d83e-4bf7-49f9-9c6b-f14bf24667e0#135-t1, previous=(t:1, i:20), leaderCommit=16, initializing? false, entries: <empty>
2019-09-16 16:50:53,226 [java.util.concurrent.ThreadPoolExecutor$Worker@62322085[State = -1, empty queue]] WARN  server.GrpcLogAppender (GrpcLogAppender.java:timeoutAppendRequest(200)) - 7fc320a2-74a2-44cb-8d45-40912bba4ff2@group-512358092D21->9061b39a-2428-46aa-ac83-e6ff060f5840-GrpcLogAppender: appendEntries Timeout, request=7fc320a2-74a2-44cb-8d45-40912bba4ff2->9061b39a-2428-46aa-ac83-e6ff060f5840#135-t1, previous=(t:1, i:20), leaderCommit=16, initializing? false, entries: <empty>
2019-09-16 16:50:53,335 [java.util.concurrent.ThreadPoolExecutor$Worker@4a83313d[State = -1, empty queue]] WARN  server.GrpcLogAppender (GrpcLogAppender.java:timeoutAppendRequest(200)) - d43b0c61-8f3a-4c5a-ae51-ff6150aafa7d@group-F512E466BF16->95da17b0-4e07-4af0-be4f-5c62bf2a50a7-GrpcLogAppender: appendEntries Timeout, request=d43b0c61-8f3a-4c5a-ae51-ff6150aafa7d->95da17b0-4e07-4af0-be4f-5c62bf2a50a7#149-t1, previous=(t:1, i:34), leaderCommit=30, initializing? false, entries: <empty>
2019-09-16 16:50:53,335 [java.util.concurrent.ThreadPoolExecutor$Worker@39e216ad[State = -1, empty queue]] WARN  server.GrpcLogAppender (GrpcLogAppender.java:timeoutAppendRequest(200)) - d43b0c61-8f3a-4c5a-ae51-ff6150aafa7d@group-F512E466BF16->18b96c5b-e26d-45b3-8a36-72f0b02f08ab-GrpcLogAppender: appendEntries Timeout, request=d43b0c61-8f3a-4c5a-ae51-ff6150aafa7d->18b96c5b-e26d-45b3-8a36-72f0b02f08ab#149-t1, previous=(t:1, i:34), leaderCommit=30, initializing? false, entries: <empty>
2019-09-16 16:50:53,727 [java.util.concurrent.ThreadPoolExecutor$Worker@1a4e6aa4[State = -1, empty queue]] WARN  server.GrpcLogAppender (GrpcLogAppender.java:timeoutAppendRequest(200)) - 7fc320a2-74a2-44cb-8d45-40912bba4ff2@group-512358092D21->6d73d83e-4bf7-49f9-9c6b-f14bf24667e0-GrpcLogAppender: appendEntries Timeout, request=7fc320a2-74a2-44cb-8d45-40912bba4ff2->6d73d83e-4bf7-49f9-9c6b-f14bf24667e0#136-t1, previous=(t:1, i:20), leaderCommit=16, initializing? false, entries: <empty>
2019-09-16 16:50:53,727 [java.util.concurrent.ThreadPoolExecutor$Worker@62322085[State = -1, empty queue]] WARN  server.GrpcLogAppender (GrpcLogAppender.java:timeoutAppendRequest(200)) - 7fc320a2-74a2-44cb-8d45-40912bba4ff2@group-512358092D21->9061b39a-2428-46aa-ac83-e6ff060f5840-GrpcLogAppender: appendEntries Timeout, request=7fc320a2-74a2-44cb-8d45-40912bba4ff2->9061b39a-2428-46aa-ac83-e6ff060f5840#136-t1, previous=(t:1, i:20), leaderCommit=16, initializing? false, entries: <empty>
2019-09-16 16:50:53,825 [d43b0c61-8f3a-4c5a-ae51-ff6150aafa7d@group-F512E466BF16-SegmentedRaftLogWorker] WARN  segmented.SegmentedRaftLogWorker (SegmentedRaftLogWorker.java:getFromFuture(90)) - Timeout 0/~
org.apache.ratis.protocol.TimeoutIOException: Timeout 10s: WriteLog:31: (t:1, i:31), STATEMACHINELOGENTRY, client-82F6639D1098, cid=64-writeStateMachineData
	at org.apache.ratis.util.IOUtils.getFromFuture(IOUtils.java:87)
	at org.apache.ratis.server.raftlog.segmented.SegmentedRaftLogWorker$StateMachineDataPolicy.getFromFuture(SegmentedRaftLogWorker.java:87)
	at org.apache.ratis.server.raftlog.segmented.SegmentedRaftLogWorker$WriteLog.execute(SegmentedRaftLogWorker.java:477)
	at org.apache.ratis.server.raftlog.segmented.SegmentedRaftLogWorker.run(SegmentedRaftLogWorker.java:289)
	at java.lang.Thread.run(Thread.java:748)
Caused by: java.util.concurrent.TimeoutException
	at java.util.concurrent.CompletableFuture.timedGet(CompletableFuture.java:1771)
	at java.util.concurrent.CompletableFuture.get(CompletableFuture.java:1915)
	at org.apache.ratis.util.IOUtils.getFromFuture(IOUtils.java:79)
	... 4 more
2019-09-16 16:50:53,828 [95da17b0-4e07-4af0-be4f-5c62bf2a50a7@group-F512E466BF16-SegmentedRaftLogWorker] WARN  segmented.SegmentedRaftLogWorker (SegmentedRaftLogWorker.java:getFromFuture(90)) - Timeout 0/~
org.apache.ratis.protocol.TimeoutIOException: Timeout 10s: WriteLog:31: (t:1, i:31), STATEMACHINELOGENTRY, client-82F6639D1098, cid=64-writeStateMachineData
	at org.apache.ratis.util.IOUtils.getFromFuture(IOUtils.java:87)
	at org.apache.ratis.server.raftlog.segmented.SegmentedRaftLogWorker$StateMachineDataPolicy.getFromFuture(SegmentedRaftLogWorker.java:87)
	at org.apache.ratis.server.raftlog.segmented.SegmentedRaftLogWorker$WriteLog.execute(SegmentedRaftLogWorker.java:477)
	at org.apache.ratis.server.raftlog.segmented.SegmentedRaftLogWorker.run(SegmentedRaftLogWorker.java:289)
	at java.lang.Thread.run(Thread.java:748)
Caused by: java.util.concurrent.TimeoutException
	at java.util.concurrent.CompletableFuture.timedGet(CompletableFuture.java:1771)
	at java.util.concurrent.CompletableFuture.get(CompletableFuture.java:1915)
	at org.apache.ratis.util.IOUtils.getFromFuture(IOUtils.java:79)
	... 4 more
2019-09-16 16:50:53,829 [18b96c5b-e26d-45b3-8a36-72f0b02f08ab@group-F512E466BF16-SegmentedRaftLogWorker] WARN  segmented.SegmentedRaftLogWorker (SegmentedRaftLogWorker.java:getFromFuture(90)) - Timeout 0/~
org.apache.ratis.protocol.TimeoutIOException: Timeout 10s: WriteLog:31: (t:1, i:31), STATEMACHINELOGENTRY, client-82F6639D1098, cid=64-writeStateMachineData
	at org.apache.ratis.util.IOUtils.getFromFuture(IOUtils.java:87)
	at org.apache.ratis.server.raftlog.segmented.SegmentedRaftLogWorker$StateMachineDataPolicy.getFromFuture(SegmentedRaftLogWorker.java:87)
	at org.apache.ratis.server.raftlog.segmented.SegmentedRaftLogWorker$WriteLog.execute(SegmentedRaftLogWorker.java:477)
	at org.apache.ratis.server.raftlog.segmented.SegmentedRaftLogWorker.run(SegmentedRaftLogWorker.java:289)
	at java.lang.Thread.run(Thread.java:748)
Caused by: java.util.concurrent.TimeoutException
	at java.util.concurrent.CompletableFuture.timedGet(CompletableFuture.java:1771)
	at java.util.concurrent.CompletableFuture.get(CompletableFuture.java:1915)
	at org.apache.ratis.util.IOUtils.getFromFuture(IOUtils.java:79)
	... 4 more
2019-09-16 16:50:53,835 [java.util.concurrent.ThreadPoolExecutor$Worker@4a83313d[State = -1, empty queue]] WARN  server.GrpcLogAppender (GrpcLogAppender.java:timeoutAppendRequest(200)) - d43b0c61-8f3a-4c5a-ae51-ff6150aafa7d@group-F512E466BF16->95da17b0-4e07-4af0-be4f-5c62bf2a50a7-GrpcLogAppender: appendEntries Timeout, request=d43b0c61-8f3a-4c5a-ae51-ff6150aafa7d->95da17b0-4e07-4af0-be4f-5c62bf2a50a7#150-t1, previous=(t:1, i:34), leaderCommit=30, initializing? false, entries: <empty>
2019-09-16 16:50:53,835 [java.util.concurrent.ThreadPoolExecutor$Worker@39e216ad[State = -1, empty queue]] WARN  server.GrpcLogAppender (GrpcLogAppender.java:timeoutAppendRequest(200)) - d43b0c61-8f3a-4c5a-ae51-ff6150aafa7d@group-F512E466BF16->18b96c5b-e26d-45b3-8a36-72f0b02f08ab-GrpcLogAppender: appendEntries Timeout, request=d43b0c61-8f3a-4c5a-ae51-ff6150aafa7d->18b96c5b-e26d-45b3-8a36-72f0b02f08ab#150-t1, previous=(t:1, i:34), leaderCommit=30, initializing? false, entries: <empty>
2019-09-16 16:50:53,912 [grpc-default-executor-1] INFO  client.GrpcClientProtocolClient (GrpcClientProtocolClient.java:onNext(264)) - client-82F6639D1098->18b96c5b-e26d-45b3-8a36-72f0b02f08ab: receive RaftClientReply:client-82F6639D1098->18b96c5b-e26d-45b3-8a36-72f0b02f08ab@group-F512E466BF16, cid=64, FAILED org.apache.ratis.protocol.NotLeaderException: Server 18b96c5b-e26d-45b3-8a36-72f0b02f08ab@group-F512E466BF16 is not the leader d43b0c61-8f3a-4c5a-ae51-ff6150aafa7d:192.168.34.47:43126, logIndex=0, commits[18b96c5b-e26d-45b3-8a36-72f0b02f08ab:c30, 95da17b0-4e07-4af0-be4f-5c62bf2a50a7:c28, d43b0c61-8f3a-4c5a-ae51-ff6150aafa7d:c30]
2019-09-16 16:50:54,227 [java.util.concurrent.ThreadPoolExecutor$Worker@62322085[State = -1, empty queue]] WARN  server.GrpcLogAppender (GrpcLogAppender.java:timeoutAppendRequest(200)) - 7fc320a2-74a2-44cb-8d45-40912bba4ff2@group-512358092D21->9061b39a-2428-46aa-ac83-e6ff060f5840-GrpcLogAppender: appendEntries Timeout, request=7fc320a2-74a2-44cb-8d45-40912bba4ff2->9061b39a-2428-46aa-ac83-e6ff060f5840#137-t1, previous=(t:1, i:20), leaderCommit=16, initializing? false, entries: <empty>
2019-09-16 16:50:54,227 [java.util.concurrent.ThreadPoolExecutor$Worker@1a4e6aa4[State = -1, empty queue]] WARN  server.GrpcLogAppender (GrpcLogAppender.java:timeoutAppendRequest(200)) - 7fc320a2-74a2-44cb-8d45-40912bba4ff2@group-512358092D21->6d73d83e-4bf7-49f9-9c6b-f14bf24667e0-GrpcLogAppender: appendEntries Timeout, request=7fc320a2-74a2-44cb-8d45-40912bba4ff2->6d73d83e-4bf7-49f9-9c6b-f14bf24667e0#137-t1, previous=(t:1, i:20), leaderCommit=16, initializing? false, entries: <empty>
2019-09-16 16:50:54,335 [java.util.concurrent.ThreadPoolExecutor$Worker@39e216ad[State = -1, empty queue]] WARN  server.GrpcLogAppender (GrpcLogAppender.java:timeoutAppendRequest(200)) - d43b0c61-8f3a-4c5a-ae51-ff6150aafa7d@group-F512E466BF16->18b96c5b-e26d-45b3-8a36-72f0b02f08ab-GrpcLogAppender: appendEntries Timeout, request=d43b0c61-8f3a-4c5a-ae51-ff6150aafa7d->18b96c5b-e26d-45b3-8a36-72f0b02f08ab#151-t1, previous=(t:1, i:34), leaderCommit=30, initializing? false, entries: <empty>
2019-09-16 16:50:54,335 [java.util.concurrent.ThreadPoolExecutor$Worker@4a83313d[State = -1, empty queue]] WARN  server.GrpcLogAppender (GrpcLogAppender.java:timeoutAppendRequest(200)) - d43b0c61-8f3a-4c5a-ae51-ff6150aafa7d@group-F512E466BF16->95da17b0-4e07-4af0-be4f-5c62bf2a50a7-GrpcLogAppender: appendEntries Timeout, request=d43b0c61-8f3a-4c5a-ae51-ff6150aafa7d->95da17b0-4e07-4af0-be4f-5c62bf2a50a7#151-t1, previous=(t:1, i:34), leaderCommit=30, initializing? false, entries: <empty>
2019-09-16 16:50:54,727 [java.util.concurrent.ThreadPoolExecutor$Worker@62322085[State = -1, empty queue]] WARN  server.GrpcLogAppender (GrpcLogAppender.java:timeoutAppendRequest(200)) - 7fc320a2-74a2-44cb-8d45-40912bba4ff2@group-512358092D21->9061b39a-2428-46aa-ac83-e6ff060f5840-GrpcLogAppender: appendEntries Timeout, request=7fc320a2-74a2-44cb-8d45-40912bba4ff2->9061b39a-2428-46aa-ac83-e6ff060f5840#138-t1, previous=(t:1, i:20), leaderCommit=16, initializing? false, entries: <empty>
2019-09-16 16:50:54,727 [java.util.concurrent.ThreadPoolExecutor$Worker@1a4e6aa4[State = -1, empty queue]] WARN  server.GrpcLogAppender (GrpcLogAppender.java:timeoutAppendRequest(200)) - 7fc320a2-74a2-44cb-8d45-40912bba4ff2@group-512358092D21->6d73d83e-4bf7-49f9-9c6b-f14bf24667e0-GrpcLogAppender: appendEntries Timeout, request=7fc320a2-74a2-44cb-8d45-40912bba4ff2->6d73d83e-4bf7-49f9-9c6b-f14bf24667e0#138-t1, previous=(t:1, i:20), leaderCommit=16, initializing? false, entries: <empty>
2019-09-16 16:50:54,836 [java.util.concurrent.ThreadPoolExecutor$Worker@4a83313d[State = -1, empty queue]] WARN  server.GrpcLogAppender (GrpcLogAppender.java:timeoutAppendRequest(200)) - d43b0c61-8f3a-4c5a-ae51-ff6150aafa7d@group-F512E466BF16->95da17b0-4e07-4af0-be4f-5c62bf2a50a7-GrpcLogAppender: appendEntries Timeout, request=d43b0c61-8f3a-4c5a-ae51-ff6150aafa7d->95da17b0-4e07-4af0-be4f-5c62bf2a50a7#152-t1, previous=(t:1, i:34), leaderCommit=30, initializing? false, entries: <empty>
2019-09-16 16:50:54,836 [java.util.concurrent.ThreadPoolExecutor$Worker@39e216ad[State = -1, empty queue]] WARN  server.GrpcLogAppender (GrpcLogAppender.java:timeoutAppendRequest(200)) - d43b0c61-8f3a-4c5a-ae51-ff6150aafa7d@group-F512E466BF16->18b96c5b-e26d-45b3-8a36-72f0b02f08ab-GrpcLogAppender: appendEntries Timeout, request=d43b0c61-8f3a-4c5a-ae51-ff6150aafa7d->18b96c5b-e26d-45b3-8a36-72f0b02f08ab#152-t1, previous=(t:1, i:34), leaderCommit=30, initializing? false, entries: <empty>
2019-09-16 16:50:55,228 [java.util.concurrent.ThreadPoolExecutor$Worker@62322085[State = -1, empty queue]] WARN  server.GrpcLogAppender (GrpcLogAppender.java:timeoutAppendRequest(200)) - 7fc320a2-74a2-44cb-8d45-40912bba4ff2@group-512358092D21->9061b39a-2428-46aa-ac83-e6ff060f5840-GrpcLogAppender: appendEntries Timeout, request=7fc320a2-74a2-44cb-8d45-40912bba4ff2->9061b39a-2428-46aa-ac83-e6ff060f5840#139-t1, previous=(t:1, i:20), leaderCommit=16, initializing? false, entries: <empty>
2019-09-16 16:50:55,228 [java.util.concurrent.ThreadPoolExecutor$Worker@1a4e6aa4[State = -1, empty queue]] WARN  server.GrpcLogAppender (GrpcLogAppender.java:timeoutAppendRequest(200)) - 7fc320a2-74a2-44cb-8d45-40912bba4ff2@group-512358092D21->6d73d83e-4bf7-49f9-9c6b-f14bf24667e0-GrpcLogAppender: appendEntries Timeout, request=7fc320a2-74a2-44cb-8d45-40912bba4ff2->6d73d83e-4bf7-49f9-9c6b-f14bf24667e0#139-t1, previous=(t:1, i:20), leaderCommit=16, initializing? false, entries: <empty>
2019-09-16 16:50:55,336 [java.util.concurrent.ThreadPoolExecutor$Worker@4a83313d[State = -1, empty queue]] WARN  server.GrpcLogAppender (GrpcLogAppender.java:timeoutAppendRequest(200)) - d43b0c61-8f3a-4c5a-ae51-ff6150aafa7d@group-F512E466BF16->95da17b0-4e07-4af0-be4f-5c62bf2a50a7-GrpcLogAppender: appendEntries Timeout, request=d43b0c61-8f3a-4c5a-ae51-ff6150aafa7d->95da17b0-4e07-4af0-be4f-5c62bf2a50a7#153-t1, previous=(t:1, i:34), leaderCommit=30, initializing? false, entries: <empty>
2019-09-16 16:50:55,336 [java.util.concurrent.ThreadPoolExecutor$Worker@39e216ad[State = -1, empty queue]] WARN  server.GrpcLogAppender (GrpcLogAppender.java:timeoutAppendRequest(200)) - d43b0c61-8f3a-4c5a-ae51-ff6150aafa7d@group-F512E466BF16->18b96c5b-e26d-45b3-8a36-72f0b02f08ab-GrpcLogAppender: appendEntries Timeout, request=d43b0c61-8f3a-4c5a-ae51-ff6150aafa7d->18b96c5b-e26d-45b3-8a36-72f0b02f08ab#153-t1, previous=(t:1, i:34), leaderCommit=30, initializing? false, entries: <empty>
2019-09-16 16:50:55,468 [fa2692cc-7d13-407b-8ba8-1b16aaf9a086@group-3F8977C1BEA2-SegmentedRaftLogWorker] WARN  segmented.SegmentedRaftLogWorker (SegmentedRaftLogWorker.java:getFromFuture(90)) - Timeout 5/~
org.apache.ratis.protocol.TimeoutIOException: Timeout 10s: WriteLog:18: (t:4, i:18), STATEMACHINELOGENTRY, client-66600ED44B99, cid=30-writeStateMachineData
	at org.apache.ratis.util.IOUtils.getFromFuture(IOUtils.java:87)
	at org.apache.ratis.server.raftlog.segmented.SegmentedRaftLogWorker$StateMachineDataPolicy.getFromFuture(SegmentedRaftLogWorker.java:87)
	at org.apache.ratis.server.raftlog.segmented.SegmentedRaftLogWorker$WriteLog.execute(SegmentedRaftLogWorker.java:477)
	at org.apache.ratis.server.raftlog.segmented.SegmentedRaftLogWorker.run(SegmentedRaftLogWorker.java:289)
	at java.lang.Thread.run(Thread.java:748)
Caused by: java.util.concurrent.TimeoutException
	at java.util.concurrent.CompletableFuture.timedGet(CompletableFuture.java:1771)
	at java.util.concurrent.CompletableFuture.get(CompletableFuture.java:1915)
	at org.apache.ratis.util.IOUtils.getFromFuture(IOUtils.java:79)
	... 4 more
2019-09-16 16:50:55,728 [java.util.concurrent.ThreadPoolExecutor$Worker@1a4e6aa4[State = -1, empty queue]] WARN  server.GrpcLogAppender (GrpcLogAppender.java:timeoutAppendRequest(200)) - 7fc320a2-74a2-44cb-8d45-40912bba4ff2@group-512358092D21->6d73d83e-4bf7-49f9-9c6b-f14bf24667e0-GrpcLogAppender: appendEntries Timeout, request=7fc320a2-74a2-44cb-8d45-40912bba4ff2->6d73d83e-4bf7-49f9-9c6b-f14bf24667e0#140-t1, previous=(t:1, i:20), leaderCommit=16, initializing? false, entries: <empty>
2019-09-16 16:50:55,728 [java.util.concurrent.ThreadPoolExecutor$Worker@62322085[State = -1, empty queue]] WARN  server.GrpcLogAppender (GrpcLogAppender.java:timeoutAppendRequest(200)) - 7fc320a2-74a2-44cb-8d45-40912bba4ff2@group-512358092D21->9061b39a-2428-46aa-ac83-e6ff060f5840-GrpcLogAppender: appendEntries Timeout, request=7fc320a2-74a2-44cb-8d45-40912bba4ff2->9061b39a-2428-46aa-ac83-e6ff060f5840#140-t1, previous=(t:1, i:20), leaderCommit=16, initializing? false, entries: <empty>
2019-09-16 16:50:55,837 [java.util.concurrent.ThreadPoolExecutor$Worker@4a83313d[State = -1, empty queue]] WARN  server.GrpcLogAppender (GrpcLogAppender.java:timeoutAppendRequest(200)) - d43b0c61-8f3a-4c5a-ae51-ff6150aafa7d@group-F512E466BF16->95da17b0-4e07-4af0-be4f-5c62bf2a50a7-GrpcLogAppender: appendEntries Timeout, request=d43b0c61-8f3a-4c5a-ae51-ff6150aafa7d->95da17b0-4e07-4af0-be4f-5c62bf2a50a7#154-t1, previous=(t:1, i:34), leaderCommit=30, initializing? false, entries: <empty>
2019-09-16 16:50:55,837 [java.util.concurrent.ThreadPoolExecutor$Worker@39e216ad[State = -1, empty queue]] WARN  server.GrpcLogAppender (GrpcLogAppender.java:timeoutAppendRequest(200)) - d43b0c61-8f3a-4c5a-ae51-ff6150aafa7d@group-F512E466BF16->18b96c5b-e26d-45b3-8a36-72f0b02f08ab-GrpcLogAppender: appendEntries Timeout, request=d43b0c61-8f3a-4c5a-ae51-ff6150aafa7d->18b96c5b-e26d-45b3-8a36-72f0b02f08ab#154-t1, previous=(t:1, i:34), leaderCommit=30, initializing? false, entries: <empty>
2019-09-16 16:50:56,228 [java.util.concurrent.ThreadPoolExecutor$Worker@62322085[State = -1, empty queue]] WARN  server.GrpcLogAppender (GrpcLogAppender.java:timeoutAppendRequest(200)) - 7fc320a2-74a2-44cb-8d45-40912bba4ff2@group-512358092D21->9061b39a-2428-46aa-ac83-e6ff060f5840-GrpcLogAppender: appendEntries Timeout, request=7fc320a2-74a2-44cb-8d45-40912bba4ff2->9061b39a-2428-46aa-ac83-e6ff060f5840#141-t1, previous=(t:1, i:20), leaderCommit=16, initializing? false, entries: <empty>
2019-09-16 16:50:56,228 [java.util.concurrent.ThreadPoolExecutor$Worker@1a4e6aa4[State = -1, empty queue]] WARN  server.GrpcLogAppender (GrpcLogAppender.java:timeoutAppendRequest(200)) - 7fc320a2-74a2-44cb-8d45-40912bba4ff2@group-512358092D21->6d73d83e-4bf7-49f9-9c6b-f14bf24667e0-GrpcLogAppender: appendEntries Timeout, request=7fc320a2-74a2-44cb-8d45-40912bba4ff2->6d73d83e-4bf7-49f9-9c6b-f14bf24667e0#141-t1, previous=(t:1, i:20), leaderCommit=16, initializing? false, entries: <empty>
2019-09-16 16:50:56,337 [java.util.concurrent.ThreadPoolExecutor$Worker@4a83313d[State = -1, empty queue]] WARN  server.GrpcLogAppender (GrpcLogAppender.java:timeoutAppendRequest(200)) - d43b0c61-8f3a-4c5a-ae51-ff6150aafa7d@group-F512E466BF16->95da17b0-4e07-4af0-be4f-5c62bf2a50a7-GrpcLogAppender: appendEntries Timeout, request=d43b0c61-8f3a-4c5a-ae51-ff6150aafa7d->95da17b0-4e07-4af0-be4f-5c62bf2a50a7#155-t1, previous=(t:1, i:34), leaderCommit=30, initializing? false, entries: <empty>
2019-09-16 16:50:56,337 [java.util.concurrent.ThreadPoolExecutor$Worker@39e216ad[State = -1, empty queue]] WARN  server.GrpcLogAppender (GrpcLogAppender.java:timeoutAppendRequest(200)) - d43b0c61-8f3a-4c5a-ae51-ff6150aafa7d@group-F512E466BF16->18b96c5b-e26d-45b3-8a36-72f0b02f08ab-GrpcLogAppender: appendEntries Timeout, request=d43b0c61-8f3a-4c5a-ae51-ff6150aafa7d->18b96c5b-e26d-45b3-8a36-72f0b02f08ab#155-t1, previous=(t:1, i:34), leaderCommit=30, initializing? false, entries: <empty>
2019-09-16 16:50:56,729 [java.util.concurrent.ThreadPoolExecutor$Worker@1a4e6aa4[State = -1, empty queue]] WARN  server.GrpcLogAppender (GrpcLogAppender.java:timeoutAppendRequest(200)) - 7fc320a2-74a2-44cb-8d45-40912bba4ff2@group-512358092D21->6d73d83e-4bf7-49f9-9c6b-f14bf24667e0-GrpcLogAppender: appendEntries Timeout, request=7fc320a2-74a2-44cb-8d45-40912bba4ff2->6d73d83e-4bf7-49f9-9c6b-f14bf24667e0#142-t1, previous=(t:1, i:20), leaderCommit=16, initializing? false, entries: <empty>
2019-09-16 16:50:56,729 [java.util.concurrent.ThreadPoolExecutor$Worker@62322085[State = -1, empty queue]] WARN  server.GrpcLogAppender (GrpcLogAppender.java:timeoutAppendRequest(200)) - 7fc320a2-74a2-44cb-8d45-40912bba4ff2@group-512358092D21->9061b39a-2428-46aa-ac83-e6ff060f5840-GrpcLogAppender: appendEntries Timeout, request=7fc320a2-74a2-44cb-8d45-40912bba4ff2->9061b39a-2428-46aa-ac83-e6ff060f5840#142-t1, previous=(t:1, i:20), leaderCommit=16, initializing? false, entries: <empty>
2019-09-16 16:50:56,837 [java.util.concurrent.ThreadPoolExecutor$Worker@39e216ad[State = -1, empty queue]] WARN  server.GrpcLogAppender (GrpcLogAppender.java:timeoutAppendRequest(200)) - d43b0c61-8f3a-4c5a-ae51-ff6150aafa7d@group-F512E466BF16->18b96c5b-e26d-45b3-8a36-72f0b02f08ab-GrpcLogAppender: appendEntries Timeout, request=d43b0c61-8f3a-4c5a-ae51-ff6150aafa7d->18b96c5b-e26d-45b3-8a36-72f0b02f08ab#156-t1, previous=(t:1, i:34), leaderCommit=30, initializing? false, entries: <empty>
2019-09-16 16:50:56,837 [java.util.concurrent.ThreadPoolExecutor$Worker@4a83313d[State = -1, empty queue]] WARN  server.GrpcLogAppender (GrpcLogAppender.java:timeoutAppendRequest(200)) - d43b0c61-8f3a-4c5a-ae51-ff6150aafa7d@group-F512E466BF16->95da17b0-4e07-4af0-be4f-5c62bf2a50a7-GrpcLogAppender: appendEntries Timeout, request=d43b0c61-8f3a-4c5a-ae51-ff6150aafa7d->95da17b0-4e07-4af0-be4f-5c62bf2a50a7#156-t1, previous=(t:1, i:34), leaderCommit=30, initializing? false, entries: <empty>
2019-09-16 16:50:57,230 [java.util.concurrent.ThreadPoolExecutor$Worker@62322085[State = -1, empty queue]] WARN  server.GrpcLogAppender (GrpcLogAppender.java:timeoutAppendRequest(200)) - 7fc320a2-74a2-44cb-8d45-40912bba4ff2@group-512358092D21->9061b39a-2428-46aa-ac83-e6ff060f5840-GrpcLogAppender: appendEntries Timeout, request=7fc320a2-74a2-44cb-8d45-40912bba4ff2->9061b39a-2428-46aa-ac83-e6ff060f5840#143-t1, previous=(t:1, i:20), leaderCommit=16, initializing? false, entries: <empty>
2019-09-16 16:50:57,230 [java.util.concurrent.ThreadPoolExecutor$Worker@1a4e6aa4[State = -1, empty queue]] WARN  server.GrpcLogAppender (GrpcLogAppender.java:timeoutAppendRequest(200)) - 7fc320a2-74a2-44cb-8d45-40912bba4ff2@group-512358092D21->6d73d83e-4bf7-49f9-9c6b-f14bf24667e0-GrpcLogAppender: appendEntries Timeout, request=7fc320a2-74a2-44cb-8d45-40912bba4ff2->6d73d83e-4bf7-49f9-9c6b-f14bf24667e0#143-t1, previous=(t:1, i:20), leaderCommit=16, initializing? false, entries: <empty>
2019-09-16 16:50:57,338 [java.util.concurrent.ThreadPoolExecutor$Worker@4a83313d[State = -1, empty queue]] WARN  server.GrpcLogAppender (GrpcLogAppender.java:timeoutAppendRequest(200)) - d43b0c61-8f3a-4c5a-ae51-ff6150aafa7d@group-F512E466BF16->95da17b0-4e07-4af0-be4f-5c62bf2a50a7-GrpcLogAppender: appendEntries Timeout, request=d43b0c61-8f3a-4c5a-ae51-ff6150aafa7d->95da17b0-4e07-4af0-be4f-5c62bf2a50a7#157-t1, previous=(t:1, i:34), leaderCommit=30, initializing? false, entries: <empty>
2019-09-16 16:50:57,338 [java.util.concurrent.ThreadPoolExecutor$Worker@39e216ad[State = -1, empty queue]] WARN  server.GrpcLogAppender (GrpcLogAppender.java:timeoutAppendRequest(200)) - d43b0c61-8f3a-4c5a-ae51-ff6150aafa7d@group-F512E466BF16->18b96c5b-e26d-45b3-8a36-72f0b02f08ab-GrpcLogAppender: appendEntries Timeout, request=d43b0c61-8f3a-4c5a-ae51-ff6150aafa7d->18b96c5b-e26d-45b3-8a36-72f0b02f08ab#157-t1, previous=(t:1, i:34), leaderCommit=30, initializing? false, entries: <empty>
2019-09-16 16:50:57,731 [java.util.concurrent.ThreadPoolExecutor$Worker@1a4e6aa4[State = -1, empty queue]] WARN  server.GrpcLogAppender (GrpcLogAppender.java:timeoutAppendRequest(200)) - 7fc320a2-74a2-44cb-8d45-40912bba4ff2@group-512358092D21->6d73d83e-4bf7-49f9-9c6b-f14bf24667e0-GrpcLogAppender: appendEntries Timeout, request=7fc320a2-74a2-44cb-8d45-40912bba4ff2->6d73d83e-4bf7-49f9-9c6b-f14bf24667e0#144-t1, previous=(t:1, i:20), leaderCommit=16, initializing? false, entries: <empty>
2019-09-16 16:50:57,731 [java.util.concurrent.ThreadPoolExecutor$Worker@62322085[State = -1, empty queue]] WARN  server.GrpcLogAppender (GrpcLogAppender.java:timeoutAppendRequest(200)) - 7fc320a2-74a2-44cb-8d45-40912bba4ff2@group-512358092D21->9061b39a-2428-46aa-ac83-e6ff060f5840-GrpcLogAppender: appendEntries Timeout, request=7fc320a2-74a2-44cb-8d45-40912bba4ff2->9061b39a-2428-46aa-ac83-e6ff060f5840#144-t1, previous=(t:1, i:20), leaderCommit=16, initializing? false, entries: <empty>
2019-09-16 16:50:57,839 [java.util.concurrent.ThreadPoolExecutor$Worker@39e216ad[State = -1, empty queue]] WARN  server.GrpcLogAppender (GrpcLogAppender.java:timeoutAppendRequest(200)) - d43b0c61-8f3a-4c5a-ae51-ff6150aafa7d@group-F512E466BF16->18b96c5b-e26d-45b3-8a36-72f0b02f08ab-GrpcLogAppender: appendEntries Timeout, request=d43b0c61-8f3a-4c5a-ae51-ff6150aafa7d->18b96c5b-e26d-45b3-8a36-72f0b02f08ab#158-t1, previous=(t:1, i:34), leaderCommit=30, initializing? false, entries: <empty>
2019-09-16 16:50:57,839 [java.util.concurrent.ThreadPoolExecutor$Worker@4a83313d[State = -1, empty queue]] WARN  server.GrpcLogAppender (GrpcLogAppender.java:timeoutAppendRequest(200)) - d43b0c61-8f3a-4c5a-ae51-ff6150aafa7d@group-F512E466BF16->95da17b0-4e07-4af0-be4f-5c62bf2a50a7-GrpcLogAppender: appendEntries Timeout, request=d43b0c61-8f3a-4c5a-ae51-ff6150aafa7d->95da17b0-4e07-4af0-be4f-5c62bf2a50a7#158-t1, previous=(t:1, i:34), leaderCommit=30, initializing? false, entries: <empty>
2019-09-16 16:50:58,231 [java.util.concurrent.ThreadPoolExecutor$Worker@62322085[State = -1, empty queue]] WARN  server.GrpcLogAppender (GrpcLogAppender.java:timeoutAppendRequest(200)) - 7fc320a2-74a2-44cb-8d45-40912bba4ff2@group-512358092D21->9061b39a-2428-46aa-ac83-e6ff060f5840-GrpcLogAppender: appendEntries Timeout, request=7fc320a2-74a2-44cb-8d45-40912bba4ff2->9061b39a-2428-46aa-ac83-e6ff060f5840#145-t1, previous=(t:1, i:20), leaderCommit=16, initializing? false, entries: <empty>
2019-09-16 16:50:58,231 [java.util.concurrent.ThreadPoolExecutor$Worker@1a4e6aa4[State = -1, empty queue]] WARN  server.GrpcLogAppender (GrpcLogAppender.java:timeoutAppendRequest(200)) - 7fc320a2-74a2-44cb-8d45-40912bba4ff2@group-512358092D21->6d73d83e-4bf7-49f9-9c6b-f14bf24667e0-GrpcLogAppender: appendEntries Timeout, request=7fc320a2-74a2-44cb-8d45-40912bba4ff2->6d73d83e-4bf7-49f9-9c6b-f14bf24667e0#145-t1, previous=(t:1, i:20), leaderCommit=16, initializing? false, entries: <empty>
2019-09-16 16:50:58,339 [java.util.concurrent.ThreadPoolExecutor$Worker@39e216ad[State = -1, empty queue]] WARN  server.GrpcLogAppender (GrpcLogAppender.java:timeoutAppendRequest(200)) - d43b0c61-8f3a-4c5a-ae51-ff6150aafa7d@group-F512E466BF16->18b96c5b-e26d-45b3-8a36-72f0b02f08ab-GrpcLogAppender: appendEntries Timeout, request=d43b0c61-8f3a-4c5a-ae51-ff6150aafa7d->18b96c5b-e26d-45b3-8a36-72f0b02f08ab#159-t1, previous=(t:1, i:34), leaderCommit=30, initializing? false, entries: <empty>
2019-09-16 16:50:58,339 [java.util.concurrent.ThreadPoolExecutor$Worker@4a83313d[State = -1, empty queue]] WARN  server.GrpcLogAppender (GrpcLogAppender.java:timeoutAppendRequest(200)) - d43b0c61-8f3a-4c5a-ae51-ff6150aafa7d@group-F512E466BF16->95da17b0-4e07-4af0-be4f-5c62bf2a50a7-GrpcLogAppender: appendEntries Timeout, request=d43b0c61-8f3a-4c5a-ae51-ff6150aafa7d->95da17b0-4e07-4af0-be4f-5c62bf2a50a7#159-t1, previous=(t:1, i:34), leaderCommit=30, initializing? false, entries: <empty>
2019-09-16 16:50:58,732 [java.util.concurrent.ThreadPoolExecutor$Worker@62322085[State = -1, empty queue]] WARN  server.GrpcLogAppender (GrpcLogAppender.java:timeoutAppendRequest(200)) - 7fc320a2-74a2-44cb-8d45-40912bba4ff2@group-512358092D21->9061b39a-2428-46aa-ac83-e6ff060f5840-GrpcLogAppender: appendEntries Timeout, request=7fc320a2-74a2-44cb-8d45-40912bba4ff2->9061b39a-2428-46aa-ac83-e6ff060f5840#146-t1, previous=(t:1, i:20), leaderCommit=16, initializing? false, entries: <empty>
2019-09-16 16:50:58,732 [java.util.concurrent.ThreadPoolExecutor$Worker@1a4e6aa4[State = -1, empty queue]] WARN  server.GrpcLogAppender (GrpcLogAppender.java:timeoutAppendRequest(200)) - 7fc320a2-74a2-44cb-8d45-40912bba4ff2@group-512358092D21->6d73d83e-4bf7-49f9-9c6b-f14bf24667e0-GrpcLogAppender: appendEntries Timeout, request=7fc320a2-74a2-44cb-8d45-40912bba4ff2->6d73d83e-4bf7-49f9-9c6b-f14bf24667e0#146-t1, previous=(t:1, i:20), leaderCommit=16, initializing? false, entries: <empty>
2019-09-16 16:50:58,839 [java.util.concurrent.ThreadPoolExecutor$Worker@4a83313d[State = -1, empty queue]] WARN  server.GrpcLogAppender (GrpcLogAppender.java:timeoutAppendRequest(200)) - d43b0c61-8f3a-4c5a-ae51-ff6150aafa7d@group-F512E466BF16->95da17b0-4e07-4af0-be4f-5c62bf2a50a7-GrpcLogAppender: appendEntries Timeout, request=d43b0c61-8f3a-4c5a-ae51-ff6150aafa7d->95da17b0-4e07-4af0-be4f-5c62bf2a50a7#160-t1, previous=(t:1, i:34), leaderCommit=30, initializing? false, entries: <empty>
2019-09-16 16:50:58,839 [java.util.concurrent.ThreadPoolExecutor$Worker@39e216ad[State = -1, empty queue]] WARN  server.GrpcLogAppender (GrpcLogAppender.java:timeoutAppendRequest(200)) - d43b0c61-8f3a-4c5a-ae51-ff6150aafa7d@group-F512E466BF16->18b96c5b-e26d-45b3-8a36-72f0b02f08ab-GrpcLogAppender: appendEntries Timeout, request=d43b0c61-8f3a-4c5a-ae51-ff6150aafa7d->18b96c5b-e26d-45b3-8a36-72f0b02f08ab#160-t1, previous=(t:1, i:34), leaderCommit=30, initializing? false, entries: <empty>
2019-09-16 16:50:58,968 [grpc-default-executor-1] INFO  client.GrpcClientProtocolClient (GrpcClientProtocolClient.java:onNext(264)) - client-82F6639D1098->18b96c5b-e26d-45b3-8a36-72f0b02f08ab: receive RaftClientReply:client-82F6639D1098->18b96c5b-e26d-45b3-8a36-72f0b02f08ab@group-F512E466BF16, cid=64, FAILED org.apache.ratis.protocol.NotLeaderException: Server 18b96c5b-e26d-45b3-8a36-72f0b02f08ab@group-F512E466BF16 is not the leader d43b0c61-8f3a-4c5a-ae51-ff6150aafa7d:192.168.34.47:43126, logIndex=0, commits[18b96c5b-e26d-45b3-8a36-72f0b02f08ab:c30, 95da17b0-4e07-4af0-be4f-5c62bf2a50a7:c28, d43b0c61-8f3a-4c5a-ae51-ff6150aafa7d:c30]
2019-09-16 16:50:58,980 [grpc-default-worker-ELG-3-2] WARN  nio.NioEventLoop (NioEventLoop.java:select(786)) - Selector.select() returned prematurely {} times in a row; rebuilding Selector {}.
2019-09-16 16:50:58,981 [grpc-default-worker-ELG-3-2] INFO  nio.NioEventLoop (NioEventLoop.java:rebuildSelector0(396)) - Migrated 1 channel(s) to the new Selector.
2019-09-16 16:50:59,232 [java.util.concurrent.ThreadPoolExecutor$Worker@1a4e6aa4[State = -1, empty queue]] WARN  server.GrpcLogAppender (GrpcLogAppender.java:timeoutAppendRequest(200)) - 7fc320a2-74a2-44cb-8d45-40912bba4ff2@group-512358092D21->6d73d83e-4bf7-49f9-9c6b-f14bf24667e0-GrpcLogAppender: appendEntries Timeout, request=7fc320a2-74a2-44cb-8d45-40912bba4ff2->6d73d83e-4bf7-49f9-9c6b-f14bf24667e0#147-t1, previous=(t:1, i:20), leaderCommit=16, initializing? false, entries: <empty>
2019-09-16 16:50:59,235 [java.util.concurrent.ThreadPoolExecutor$Worker@62322085[State = -1, empty queue]] WARN  server.GrpcLogAppender (GrpcLogAppender.java:timeoutAppendRequest(200)) - 7fc320a2-74a2-44cb-8d45-40912bba4ff2@group-512358092D21->9061b39a-2428-46aa-ac83-e6ff060f5840-GrpcLogAppender: appendEntries Timeout, request=7fc320a2-74a2-44cb-8d45-40912bba4ff2->9061b39a-2428-46aa-ac83-e6ff060f5840#147-t1, previous=(t:1, i:20), leaderCommit=16, initializing? false, entries: <empty>
2019-09-16 16:50:59,339 [java.util.concurrent.ThreadPoolExecutor$Worker@4a83313d[State = -1, empty queue]] WARN  server.GrpcLogAppender (GrpcLogAppender.java:timeoutAppendRequest(200)) - d43b0c61-8f3a-4c5a-ae51-ff6150aafa7d@group-F512E466BF16->95da17b0-4e07-4af0-be4f-5c62bf2a50a7-GrpcLogAppender: appendEntries Timeout, request=d43b0c61-8f3a-4c5a-ae51-ff6150aafa7d->95da17b0-4e07-4af0-be4f-5c62bf2a50a7#161-t1, previous=(t:1, i:34), leaderCommit=30, initializing? false, entries: <empty>
2019-09-16 16:50:59,339 [java.util.concurrent.ThreadPoolExecutor$Worker@39e216ad[State = -1, empty queue]] WARN  server.GrpcLogAppender (GrpcLogAppender.java:timeoutAppendRequest(200)) - d43b0c61-8f3a-4c5a-ae51-ff6150aafa7d@group-F512E466BF16->18b96c5b-e26d-45b3-8a36-72f0b02f08ab-GrpcLogAppender: appendEntries Timeout, request=d43b0c61-8f3a-4c5a-ae51-ff6150aafa7d->18b96c5b-e26d-45b3-8a36-72f0b02f08ab#161-t1, previous=(t:1, i:34), leaderCommit=30, initializing? false, entries: <empty>
2019-09-16 16:50:59,732 [java.util.concurrent.ThreadPoolExecutor$Worker@62322085[State = -1, empty queue]] WARN  server.GrpcLogAppender (GrpcLogAppender.java:timeoutAppendRequest(200)) - 7fc320a2-74a2-44cb-8d45-40912bba4ff2@group-512358092D21->9061b39a-2428-46aa-ac83-e6ff060f5840-GrpcLogAppender: appendEntries Timeout, request=7fc320a2-74a2-44cb-8d45-40912bba4ff2->9061b39a-2428-46aa-ac83-e6ff060f5840#148-t1, previous=(t:1, i:20), leaderCommit=16, initializing? false, entries: <empty>
2019-09-16 16:50:59,732 [java.util.concurrent.ThreadPoolExecutor$Worker@1a4e6aa4[State = -1, empty queue]] WARN  server.GrpcLogAppender (GrpcLogAppender.java:timeoutAppendRequest(200)) - 7fc320a2-74a2-44cb-8d45-40912bba4ff2@group-512358092D21->6d73d83e-4bf7-49f9-9c6b-f14bf24667e0-GrpcLogAppender: appendEntries Timeout, request=7fc320a2-74a2-44cb-8d45-40912bba4ff2->6d73d83e-4bf7-49f9-9c6b-f14bf24667e0#148-t1, previous=(t:1, i:20), leaderCommit=16, initializing? false, entries: <empty>
2019-09-16 16:50:59,839 [java.util.concurrent.ThreadPoolExecutor$Worker@39e216ad[State = -1, empty queue]] WARN  server.GrpcLogAppender (GrpcLogAppender.java:timeoutAppendRequest(200)) - d43b0c61-8f3a-4c5a-ae51-ff6150aafa7d@group-F512E466BF16->18b96c5b-e26d-45b3-8a36-72f0b02f08ab-GrpcLogAppender: appendEntries Timeout, request=d43b0c61-8f3a-4c5a-ae51-ff6150aafa7d->18b96c5b-e26d-45b3-8a36-72f0b02f08ab#162-t1, previous=(t:1, i:34), leaderCommit=30, initializing? false, entries: <empty>
2019-09-16 16:50:59,840 [java.util.concurrent.ThreadPoolExecutor$Worker@4a83313d[State = -1, empty queue]] WARN  server.GrpcLogAppender (GrpcLogAppender.java:timeoutAppendRequest(200)) - d43b0c61-8f3a-4c5a-ae51-ff6150aafa7d@group-F512E466BF16->95da17b0-4e07-4af0-be4f-5c62bf2a50a7-GrpcLogAppender: appendEntries Timeout, request=d43b0c61-8f3a-4c5a-ae51-ff6150aafa7d->95da17b0-4e07-4af0-be4f-5c62bf2a50a7#162-t1, previous=(t:1, i:34), leaderCommit=30, initializing? false, entries: <empty>
2019-09-16 16:51:00,210 [6d73d83e-4bf7-49f9-9c6b-f14bf24667e0@group-512358092D21-SegmentedRaftLogWorker] WARN  segmented.SegmentedRaftLogWorker (SegmentedRaftLogWorker.java:getFromFuture(90)) - Timeout 3/~
org.apache.ratis.protocol.TimeoutIOException: Timeout 10s: WriteLog:17: (t:1, i:17), STATEMACHINELOGENTRY, client-F1A86D2C076E, cid=51-writeStateMachineData
	at org.apache.ratis.util.IOUtils.getFromFuture(IOUtils.java:87)
	at org.apache.ratis.server.raftlog.segmented.SegmentedRaftLogWorker$StateMachineDataPolicy.getFromFuture(SegmentedRaftLogWorker.java:87)
	at org.apache.ratis.server.raftlog.segmented.SegmentedRaftLogWorker$WriteLog.execute(SegmentedRaftLogWorker.java:477)
	at org.apache.ratis.server.raftlog.segmented.SegmentedRaftLogWorker.run(SegmentedRaftLogWorker.java:289)
	at java.lang.Thread.run(Thread.java:748)
Caused by: java.util.concurrent.TimeoutException
	at java.util.concurrent.CompletableFuture.timedGet(CompletableFuture.java:1771)
	at java.util.concurrent.CompletableFuture.get(CompletableFuture.java:1915)
	at org.apache.ratis.util.IOUtils.getFromFuture(IOUtils.java:79)
	... 4 more
2019-09-16 16:51:00,233 [java.util.concurrent.ThreadPoolExecutor$Worker@1a4e6aa4[State = -1, empty queue]] WARN  server.GrpcLogAppender (GrpcLogAppender.java:timeoutAppendRequest(200)) - 7fc320a2-74a2-44cb-8d45-40912bba4ff2@group-512358092D21->6d73d83e-4bf7-49f9-9c6b-f14bf24667e0-GrpcLogAppender: appendEntries Timeout, request=7fc320a2-74a2-44cb-8d45-40912bba4ff2->6d73d83e-4bf7-49f9-9c6b-f14bf24667e0#149-t1, previous=(t:1, i:20), leaderCommit=16, initializing? false, entries: <empty>
2019-09-16 16:51:00,233 [java.util.concurrent.ThreadPoolExecutor$Worker@62322085[State = -1, empty queue]] WARN  server.GrpcLogAppender (GrpcLogAppender.java:timeoutAppendRequest(200)) - 7fc320a2-74a2-44cb-8d45-40912bba4ff2@group-512358092D21->9061b39a-2428-46aa-ac83-e6ff060f5840-GrpcLogAppender: appendEntries Timeout, request=7fc320a2-74a2-44cb-8d45-40912bba4ff2->9061b39a-2428-46aa-ac83-e6ff060f5840#149-t1, previous=(t:1, i:20), leaderCommit=16, initializing? false, entries: <empty>
2019-09-16 16:51:00,340 [java.util.concurrent.ThreadPoolExecutor$Worker@39e216ad[State = -1, empty queue]] WARN  server.GrpcLogAppender (GrpcLogAppender.java:timeoutAppendRequest(200)) - d43b0c61-8f3a-4c5a-ae51-ff6150aafa7d@group-F512E466BF16->18b96c5b-e26d-45b3-8a36-72f0b02f08ab-GrpcLogAppender: appendEntries Timeout, request=d43b0c61-8f3a-4c5a-ae51-ff6150aafa7d->18b96c5b-e26d-45b3-8a36-72f0b02f08ab#163-t1, previous=(t:1, i:34), leaderCommit=30, initializing? false, entries: <empty>
2019-09-16 16:51:00,340 [java.util.concurrent.ThreadPoolExecutor$Worker@4a83313d[State = -1, empty queue]] WARN  server.GrpcLogAppender (GrpcLogAppender.java:timeoutAppendRequest(200)) - d43b0c61-8f3a-4c5a-ae51-ff6150aafa7d@group-F512E466BF16->95da17b0-4e07-4af0-be4f-5c62bf2a50a7-GrpcLogAppender: appendEntries Timeout, request=d43b0c61-8f3a-4c5a-ae51-ff6150aafa7d->95da17b0-4e07-4af0-be4f-5c62bf2a50a7#163-t1, previous=(t:1, i:34), leaderCommit=30, initializing? false, entries: <empty>
2019-09-16 16:51:00,342 [9061b39a-2428-46aa-ac83-e6ff060f5840@group-512358092D21-SegmentedRaftLogWorker] WARN  segmented.SegmentedRaftLogWorker (SegmentedRaftLogWorker.java:getFromFuture(90)) - Timeout 3/~
org.apache.ratis.protocol.TimeoutIOException: Timeout 10s: WriteLog:19: (t:1, i:19), STATEMACHINELOGENTRY, client-F1A86D2C076E, cid=53-writeStateMachineData
	at org.apache.ratis.util.IOUtils.getFromFuture(IOUtils.java:87)
	at org.apache.ratis.server.raftlog.segmented.SegmentedRaftLogWorker$StateMachineDataPolicy.getFromFuture(SegmentedRaftLogWorker.java:87)
	at org.apache.ratis.server.raftlog.segmented.SegmentedRaftLogWorker$WriteLog.execute(SegmentedRaftLogWorker.java:477)
	at org.apache.ratis.server.raftlog.segmented.SegmentedRaftLogWorker.run(SegmentedRaftLogWorker.java:289)
	at java.lang.Thread.run(Thread.java:748)
Caused by: java.util.concurrent.TimeoutException
	at java.util.concurrent.CompletableFuture.timedGet(CompletableFuture.java:1771)
	at java.util.concurrent.CompletableFuture.get(CompletableFuture.java:1915)
	at org.apache.ratis.util.IOUtils.getFromFuture(IOUtils.java:79)
	... 4 more
2019-09-16 16:51:00,373 [7fc320a2-74a2-44cb-8d45-40912bba4ff2@group-512358092D21-SegmentedRaftLogWorker] WARN  segmented.SegmentedRaftLogWorker (SegmentedRaftLogWorker.java:getFromFuture(90)) - Timeout 3/~
org.apache.ratis.protocol.TimeoutIOException: Timeout 10s: WriteLog:19: (t:1, i:19), STATEMACHINELOGENTRY, client-F1A86D2C076E, cid=53-writeStateMachineData
	at org.apache.ratis.util.IOUtils.getFromFuture(IOUtils.java:87)
	at org.apache.ratis.server.raftlog.segmented.SegmentedRaftLogWorker$StateMachineDataPolicy.getFromFuture(SegmentedRaftLogWorker.java:87)
	at org.apache.ratis.server.raftlog.segmented.SegmentedRaftLogWorker$WriteLog.execute(SegmentedRaftLogWorker.java:477)
	at org.apache.ratis.server.raftlog.segmented.SegmentedRaftLogWorker.run(SegmentedRaftLogWorker.java:289)
	at java.lang.Thread.run(Thread.java:748)
Caused by: java.util.concurrent.TimeoutException
	at java.util.concurrent.CompletableFuture.timedGet(CompletableFuture.java:1771)
	at java.util.concurrent.CompletableFuture.get(CompletableFuture.java:1915)
	at org.apache.ratis.util.IOUtils.getFromFuture(IOUtils.java:79)
	... 4 more
2019-09-16 16:51:00,733 [java.util.concurrent.ThreadPoolExecutor$Worker@62322085[State = -1, empty queue]] WARN  server.GrpcLogAppender (GrpcLogAppender.java:timeoutAppendRequest(200)) - 7fc320a2-74a2-44cb-8d45-40912bba4ff2@group-512358092D21->9061b39a-2428-46aa-ac83-e6ff060f5840-GrpcLogAppender: appendEntries Timeout, request=7fc320a2-74a2-44cb-8d45-40912bba4ff2->9061b39a-2428-46aa-ac83-e6ff060f5840#150-t1, previous=(t:1, i:20), leaderCommit=16, initializing? false, entries: <empty>
2019-09-16 16:51:00,733 [java.util.concurrent.ThreadPoolExecutor$Worker@1a4e6aa4[State = -1, empty queue]] WARN  server.GrpcLogAppender (GrpcLogAppender.java:timeoutAppendRequest(200)) - 7fc320a2-74a2-44cb-8d45-40912bba4ff2@group-512358092D21->6d73d83e-4bf7-49f9-9c6b-f14bf24667e0-GrpcLogAppender: appendEntries Timeout, request=7fc320a2-74a2-44cb-8d45-40912bba4ff2->6d73d83e-4bf7-49f9-9c6b-f14bf24667e0#150-t1, previous=(t:1, i:20), leaderCommit=16, initializing? false, entries: <empty>
2019-09-16 16:51:00,841 [java.util.concurrent.ThreadPoolExecutor$Worker@39e216ad[State = -1, empty queue]] WARN  server.GrpcLogAppender (GrpcLogAppender.java:timeoutAppendRequest(200)) - d43b0c61-8f3a-4c5a-ae51-ff6150aafa7d@group-F512E466BF16->18b96c5b-e26d-45b3-8a36-72f0b02f08ab-GrpcLogAppender: appendEntries Timeout, request=d43b0c61-8f3a-4c5a-ae51-ff6150aafa7d->18b96c5b-e26d-45b3-8a36-72f0b02f08ab#164-t1, previous=(t:1, i:34), leaderCommit=30, initializing? false, entries: <empty>
2019-09-16 16:51:00,841 [java.util.concurrent.ThreadPoolExecutor$Worker@4a83313d[State = -1, empty queue]] WARN  server.GrpcLogAppender (GrpcLogAppender.java:timeoutAppendRequest(200)) - d43b0c61-8f3a-4c5a-ae51-ff6150aafa7d@group-F512E466BF16->95da17b0-4e07-4af0-be4f-5c62bf2a50a7-GrpcLogAppender: appendEntries Timeout, request=d43b0c61-8f3a-4c5a-ae51-ff6150aafa7d->95da17b0-4e07-4af0-be4f-5c62bf2a50a7#164-t1, previous=(t:1, i:34), leaderCommit=30, initializing? false, entries: <empty>
2019-09-16 16:51:01,233 [java.util.concurrent.ThreadPoolExecutor$Worker@1a4e6aa4[State = -1, empty queue]] WARN  server.GrpcLogAppender (GrpcLogAppender.java:timeoutAppendRequest(200)) - 7fc320a2-74a2-44cb-8d45-40912bba4ff2@group-512358092D21->6d73d83e-4bf7-49f9-9c6b-f14bf24667e0-GrpcLogAppender: appendEntries Timeout, request=7fc320a2-74a2-44cb-8d45-40912bba4ff2->6d73d83e-4bf7-49f9-9c6b-f14bf24667e0#151-t1, previous=(t:1, i:20), leaderCommit=16, initializing? false, entries: <empty>
2019-09-16 16:51:01,233 [java.util.concurrent.ThreadPoolExecutor$Worker@62322085[State = -1, empty queue]] WARN  server.GrpcLogAppender (GrpcLogAppender.java:timeoutAppendRequest(200)) - 7fc320a2-74a2-44cb-8d45-40912bba4ff2@group-512358092D21->9061b39a-2428-46aa-ac83-e6ff060f5840-GrpcLogAppender: appendEntries Timeout, request=7fc320a2-74a2-44cb-8d45-40912bba4ff2->9061b39a-2428-46aa-ac83-e6ff060f5840#151-t1, previous=(t:1, i:20), leaderCommit=16, initializing? false, entries: <empty>
2019-09-16 16:51:01,341 [java.util.concurrent.ThreadPoolExecutor$Worker@39e216ad[State = -1, empty queue]] WARN  server.GrpcLogAppender (GrpcLogAppender.java:timeoutAppendRequest(200)) - d43b0c61-8f3a-4c5a-ae51-ff6150aafa7d@group-F512E466BF16->18b96c5b-e26d-45b3-8a36-72f0b02f08ab-GrpcLogAppender: appendEntries Timeout, request=d43b0c61-8f3a-4c5a-ae51-ff6150aafa7d->18b96c5b-e26d-45b3-8a36-72f0b02f08ab#165-t1, previous=(t:1, i:34), leaderCommit=30, initializing? false, entries: <empty>
2019-09-16 16:51:01,341 [java.util.concurrent.ThreadPoolExecutor$Worker@4a83313d[State = -1, empty queue]] WARN  server.GrpcLogAppender (GrpcLogAppender.java:timeoutAppendRequest(200)) - d43b0c61-8f3a-4c5a-ae51-ff6150aafa7d@group-F512E466BF16->95da17b0-4e07-4af0-be4f-5c62bf2a50a7-GrpcLogAppender: appendEntries Timeout, request=d43b0c61-8f3a-4c5a-ae51-ff6150aafa7d->95da17b0-4e07-4af0-be4f-5c62bf2a50a7#165-t1, previous=(t:1, i:34), leaderCommit=30, initializing? false, entries: <empty>
2019-09-16 16:51:01,734 [java.util.concurrent.ThreadPoolExecutor$Worker@62322085[State = -1, empty queue]] WARN  server.GrpcLogAppender (GrpcLogAppender.java:timeoutAppendRequest(200)) - 7fc320a2-74a2-44cb-8d45-40912bba4ff2@group-512358092D21->9061b39a-2428-46aa-ac83-e6ff060f5840-GrpcLogAppender: appendEntries Timeout, request=7fc320a2-74a2-44cb-8d45-40912bba4ff2->9061b39a-2428-46aa-ac83-e6ff060f5840#152-t1, previous=(t:1, i:20), leaderCommit=16, initializing? false, entries: <empty>
2019-09-16 16:51:01,734 [java.util.concurrent.ThreadPoolExecutor$Worker@1a4e6aa4[State = -1, empty queue]] WARN  server.GrpcLogAppender (GrpcLogAppender.java:timeoutAppendRequest(200)) - 7fc320a2-74a2-44cb-8d45-40912bba4ff2@group-512358092D21->6d73d83e-4bf7-49f9-9c6b-f14bf24667e0-GrpcLogAppender: appendEntries Timeout, request=7fc320a2-74a2-44cb-8d45-40912bba4ff2->6d73d83e-4bf7-49f9-9c6b-f14bf24667e0#152-t1, previous=(t:1, i:20), leaderCommit=16, initializing? false, entries: <empty>
2019-09-16 16:51:01,841 [java.util.concurrent.ThreadPoolExecutor$Worker@4a83313d[State = -1, empty queue]] WARN  server.GrpcLogAppender (GrpcLogAppender.java:timeoutAppendRequest(200)) - d43b0c61-8f3a-4c5a-ae51-ff6150aafa7d@group-F512E466BF16->95da17b0-4e07-4af0-be4f-5c62bf2a50a7-GrpcLogAppender: appendEntries Timeout, request=d43b0c61-8f3a-4c5a-ae51-ff6150aafa7d->95da17b0-4e07-4af0-be4f-5c62bf2a50a7#166-t1, previous=(t:1, i:34), leaderCommit=30, initializing? false, entries: <empty>
2019-09-16 16:51:01,841 [java.util.concurrent.ThreadPoolExecutor$Worker@39e216ad[State = -1, empty queue]] WARN  server.GrpcLogAppender (GrpcLogAppender.java:timeoutAppendRequest(200)) - d43b0c61-8f3a-4c5a-ae51-ff6150aafa7d@group-F512E466BF16->18b96c5b-e26d-45b3-8a36-72f0b02f08ab-GrpcLogAppender: appendEntries Timeout, request=d43b0c61-8f3a-4c5a-ae51-ff6150aafa7d->18b96c5b-e26d-45b3-8a36-72f0b02f08ab#166-t1, previous=(t:1, i:34), leaderCommit=30, initializing? false, entries: <empty>
2019-09-16 16:51:02,000 [main] WARN  io.KeyOutputStream (KeyOutputStream.java:handleException(276)) - Encountered exception java.io.IOException: Unexpected Storage Container Exception: java.util.concurrent.CompletionException: java.util.concurrent.CompletionException: org.apache.ratis.protocol.RaftRetryFailureException: Failed RaftClientRequest:client-82F6639D1098->d43b0c61-8f3a-4c5a-ae51-ff6150aafa7d@group-F512E466BF16, cid=64, seq=9*, RW, org.apache.hadoop.hdds.scm.XceiverClientRatis$$Lambda$596/1907767760@47b415b0 for 10 attempts with RetryLimited(maxAttempts=10, sleepTime=1000ms) on the pipeline Pipeline[ Id: dfec251d-54fc-408a-b579-f512e466bf16, Nodes: d43b0c61-8f3a-4c5a-ae51-ff6150aafa7d{ip: 192.168.34.47, host: pr-hdds-2111-ptm9r-3382166736, networkLocation: /default-rack, certSerialId: null}95da17b0-4e07-4af0-be4f-5c62bf2a50a7{ip: 192.168.34.47, host: pr-hdds-2111-ptm9r-3382166736, networkLocation: /default-rack, certSerialId: null}18b96c5b-e26d-45b3-8a36-72f0b02f08ab{ip: 192.168.34.47, host: pr-hdds-2111-ptm9r-3382166736, networkLocation: /default-rack, certSerialId: null}, Type:RATIS, Factor:THREE, State:OPEN]. The last committed block length is 0, uncommitted data length is 2097152 retry count 0
2019-09-16 16:51:02,062 [IPC Server handler 1 on 43626] WARN  block.BlockManagerImpl (BlockManagerImpl.java:allocateBlock(192)) - Pipeline creation failed for type:RATIS factor:THREE. Retrying get pipelines call once.
org.apache.hadoop.hdds.scm.pipeline.InsufficientDatanodesException: Cannot create pipeline of factor 3 using 1 nodes.
	at org.apache.hadoop.hdds.scm.pipeline.RatisPipelineProvider.create(RatisPipelineProvider.java:152)
	at org.apache.hadoop.hdds.scm.pipeline.PipelineFactory.create(PipelineFactory.java:57)
	at org.apache.hadoop.hdds.scm.pipeline.SCMPipelineManager.createPipeline(SCMPipelineManager.java:151)
	at org.apache.hadoop.hdds.scm.block.BlockManagerImpl.allocateBlock(BlockManagerImpl.java:190)
	at org.apache.hadoop.hdds.scm.server.SCMBlockProtocolServer.allocateBlock(SCMBlockProtocolServer.java:182)
	at org.apache.hadoop.ozone.protocolPB.ScmBlockLocationProtocolServerSideTranslatorPB.allocateScmBlock(ScmBlockLocationProtocolServerSideTranslatorPB.java:183)
	at org.apache.hadoop.ozone.protocolPB.ScmBlockLocationProtocolServerSideTranslatorPB.processMessage(ScmBlockLocationProtocolServerSideTranslatorPB.java:141)
	at org.apache.hadoop.ozone.protocolPB.ScmBlockLocationProtocolServerSideTranslatorPB.send(ScmBlockLocationProtocolServerSideTranslatorPB.java:116)
	at org.apache.hadoop.hdds.protocol.proto.ScmBlockLocationProtocolProtos$ScmBlockLocationProtocolService$2.callBlockingMethod(ScmBlockLocationProtocolProtos.java:13157)
	at org.apache.hadoop.ipc.ProtobufRpcEngine$Server$ProtoBufRpcInvoker.call(ProtobufRpcEngine.java:524)
	at org.apache.hadoop.ipc.RPC$Server.call(RPC.java:1025)
	at org.apache.hadoop.ipc.Server$RpcCall.run(Server.java:876)
	at org.apache.hadoop.ipc.Server$RpcCall.run(Server.java:822)
	at java.security.AccessController.doPrivileged(Native Method)
	at javax.security.auth.Subject.doAs(Subject.java:422)
	at org.apache.hadoop.security.UserGroupInformation.doAs(UserGroupInformation.java:1730)
	at org.apache.hadoop.ipc.Server$Handler.run(Server.java:2682)
2019-09-16 16:51:02,063 [IPC Server handler 1 on 43626] INFO  block.BlockManagerImpl (BlockManagerImpl.java:allocateBlock(198)) - Could not find available pipeline of type:RATIS and factor:THREE even after retrying
2019-09-16 16:51:02,063 [IPC Server handler 1 on 43626] ERROR block.BlockManagerImpl (BlockManagerImpl.java:allocateBlock(222)) - Unable to allocate a block for the size: 4194304, type: RATIS, factor: THREE
2019-09-16 16:51:02,069 [main] ERROR io.BlockOutputStreamEntryPool (BlockOutputStreamEntryPool.java:allocateBlockIfNeeded(299)) - Try to allocate more blocks for write failed, already allocated 0 blocks for this write.
INTERNAL_ERROR org.apache.hadoop.ozone.om.exceptions.OMException: Allocated 0 blocks. Requested 1 blocks
	at org.apache.hadoop.ozone.om.protocolPB.OzoneManagerProtocolClientSideTranslatorPB.handleError(OzoneManagerProtocolClientSideTranslatorPB.java:724)
	at org.apache.hadoop.ozone.om.protocolPB.OzoneManagerProtocolClientSideTranslatorPB.allocateBlock(OzoneManagerProtocolClientSideTranslatorPB.java:756)
	at sun.reflect.NativeMethodAccessorImpl.invoke0(Native Method)
	at sun.reflect.NativeMethodAccessorImpl.invoke(NativeMethodAccessorImpl.java:62)
	at sun.reflect.DelegatingMethodAccessorImpl.invoke(DelegatingMethodAccessorImpl.java:43)
	at java.lang.reflect.Method.invoke(Method.java:498)
	at org.apache.hadoop.hdds.tracing.TraceAllMethod.invoke(TraceAllMethod.java:66)
	at com.sun.proxy.$Proxy36.allocateBlock(Unknown Source)
	at org.apache.hadoop.ozone.client.io.BlockOutputStreamEntryPool.allocateNewBlock(BlockOutputStreamEntryPool.java:248)
	at org.apache.hadoop.ozone.client.io.BlockOutputStreamEntryPool.allocateBlockIfNeeded(BlockOutputStreamEntryPool.java:296)
	at org.apache.hadoop.ozone.client.io.KeyOutputStream.handleWrite(KeyOutputStream.java:201)
	at org.apache.hadoop.ozone.client.io.KeyOutputStream.handleRetry(KeyOutputStream.java:376)
	at org.apache.hadoop.ozone.client.io.KeyOutputStream.handleException(KeyOutputStream.java:325)
	at org.apache.hadoop.ozone.client.io.KeyOutputStream.handleWrite(KeyOutputStream.java:231)
	at org.apache.hadoop.ozone.client.io.KeyOutputStream.write(KeyOutputStream.java:193)
	at org.apache.hadoop.ozone.client.io.OzoneOutputStream.write(OzoneOutputStream.java:49)
	at java.io.OutputStream.write(OutputStream.java:75)
	at org.apache.hadoop.ozone.client.rpc.TestMultiBlockWritesWithDnFailures.testMultiBlockWritesWithIntermittentDnFailures(TestMultiBlockWritesWithDnFailures.java:196)
	at sun.reflect.NativeMethodAccessorImpl.invoke0(Native Method)
	at sun.reflect.NativeMethodAccessorImpl.invoke(NativeMethodAccessorImpl.java:62)
	at sun.reflect.DelegatingMethodAccessorImpl.invoke(DelegatingMethodAccessorImpl.java:43)
	at java.lang.reflect.Method.invoke(Method.java:498)
	at org.junit.runners.model.FrameworkMethod$1.runReflectiveCall(FrameworkMethod.java:47)
	at org.junit.internal.runners.model.ReflectiveCallable.run(ReflectiveCallable.java:12)
	at org.junit.runners.model.FrameworkMethod.invokeExplosively(FrameworkMethod.java:44)
	at org.junit.internal.runners.statements.InvokeMethod.evaluate(InvokeMethod.java:17)
	at org.junit.internal.runners.statements.RunAfters.evaluate(RunAfters.java:27)
	at org.junit.runners.ParentRunner.runLeaf(ParentRunner.java:271)
	at org.junit.runners.BlockJUnit4ClassRunner.runChild(BlockJUnit4ClassRunner.java:70)
	at org.junit.runners.BlockJUnit4ClassRunner.runChild(BlockJUnit4ClassRunner.java:50)
	at org.junit.runners.ParentRunner$3.run(ParentRunner.java:238)
	at org.junit.runners.ParentRunner$1.schedule(ParentRunner.java:63)
	at org.junit.runners.ParentRunner.runChildren(ParentRunner.java:236)
	at org.junit.runners.ParentRunner.access$000(ParentRunner.java:53)
	at org.junit.runners.ParentRunner$2.evaluate(ParentRunner.java:229)
	at org.junit.runners.ParentRunner.run(ParentRunner.java:309)
	at org.apache.maven.surefire.junit4.JUnit4Provider.execute(JUnit4Provider.java:365)
	at org.apache.maven.surefire.junit4.JUnit4Provider.executeWithRerun(JUnit4Provider.java:273)
	at org.apache.maven.surefire.junit4.JUnit4Provider.executeTestSet(JUnit4Provider.java:238)
	at org.apache.maven.surefire.junit4.JUnit4Provider.invoke(JUnit4Provider.java:159)
	at org.apache.maven.surefire.booter.ForkedBooter.invokeProviderInSameClassLoader(ForkedBooter.java:384)
	at org.apache.maven.surefire.booter.ForkedBooter.runSuitesInProcess(ForkedBooter.java:345)
	at org.apache.maven.surefire.booter.ForkedBooter.execute(ForkedBooter.java:126)
	at org.apache.maven.surefire.booter.ForkedBooter.main(ForkedBooter.java:418)
2019-09-16 16:51:02,072 [main] INFO  ozone.MiniOzoneClusterImpl (MiniOzoneClusterImpl.java:shutdown(307)) - Shutting down the Mini Ozone Cluster
2019-09-16 16:51:02,073 [main] INFO  ozone.MiniOzoneClusterImpl (MiniOzoneClusterImpl.java:stop(322)) - Stopping the Mini Ozone Cluster
2019-09-16 16:51:02,073 [main] INFO  ozone.MiniOzoneClusterImpl (MiniOzoneClusterImpl.java:stop(324)) - Stopping the OzoneManager
2019-09-16 16:51:02,073 [main] INFO  ipc.Server (Server.java:stop(3082)) - Stopping server on 37835
2019-09-16 16:51:02,074 [IPC Server listener on 37835] INFO  ipc.Server (Server.java:run(1185)) - Stopping IPC Server listener on 37835
2019-09-16 16:51:02,075 [main] INFO  ratis.OzoneManagerDoubleBuffer (OzoneManagerDoubleBuffer.java:stop(248)) - Stopping OMDoubleBuffer flush thread
2019-09-16 16:51:02,075 [IPC Server Responder] INFO  ipc.Server (Server.java:run(1319)) - Stopping IPC Server Responder
2019-09-16 16:51:02,076 [OMDoubleBufferFlushThread] INFO  ratis.OzoneManagerDoubleBuffer (OzoneManagerDoubleBuffer.java:flushTransactions(191)) - OMDoubleBuffer flush thread OMDoubleBufferFlushThread is interrupted and will exit. OMDoubleBufferFlushThread
2019-09-16 16:51:02,077 [main] INFO  utils.BackgroundService (BackgroundService.java:shutdown(148)) - Shutting down service KeyDeletingService
2019-09-16 16:51:02,079 [main] INFO  handler.ContextHandler (ContextHandler.java:doStop(910)) - Stopped o.e.j.w.WebAppContext@444548a0{/,null,UNAVAILABLE}{/ozoneManager}
2019-09-16 16:51:02,080 [main] INFO  server.AbstractConnector (AbstractConnector.java:doStop(318)) - Stopped ServerConnector@3766c667{HTTP/1.1,[http/1.1]}{0.0.0.0:0}
2019-09-16 16:51:02,080 [main] INFO  handler.ContextHandler (ContextHandler.java:doStop(910)) - Stopped o.e.j.s.ServletContextHandler@2571066a{/static,file:///workdir/hadoop-ozone/integration-test/target/test-classes/webapps/static,UNAVAILABLE}
2019-09-16 16:51:02,081 [main] INFO  handler.ContextHandler (ContextHandler.java:doStop(910)) - Stopped o.e.j.s.ServletContextHandler@25d3cfc8{/logs,file:///workdir/hadoop-ozone/integration-test/target/log,UNAVAILABLE}
2019-09-16 16:51:02,084 [main] INFO  ozone.MiniOzoneClusterImpl (MiniOzoneClusterImpl.java:stop(330)) - Shutting the HddsDatanodes
2019-09-16 16:51:02,235 [java.util.concurrent.ThreadPoolExecutor$Worker@1a4e6aa4[State = -1, empty queue]] WARN  server.GrpcLogAppender (GrpcLogAppender.java:timeoutAppendRequest(200)) - 7fc320a2-74a2-44cb-8d45-40912bba4ff2@group-512358092D21->6d73d83e-4bf7-49f9-9c6b-f14bf24667e0-GrpcLogAppender: appendEntries Timeout, request=7fc320a2-74a2-44cb-8d45-40912bba4ff2->6d73d83e-4bf7-49f9-9c6b-f14bf24667e0#153-t1, previous=(t:1, i:20), leaderCommit=16, initializing? false, entries: <empty>
2019-09-16 16:51:02,235 [java.util.concurrent.ThreadPoolExecutor$Worker@62322085[State = -1, empty queue]] WARN  server.GrpcLogAppender (GrpcLogAppender.java:timeoutAppendRequest(200)) - 7fc320a2-74a2-44cb-8d45-40912bba4ff2@group-512358092D21->9061b39a-2428-46aa-ac83-e6ff060f5840-GrpcLogAppender: appendEntries Timeout, request=7fc320a2-74a2-44cb-8d45-40912bba4ff2->9061b39a-2428-46aa-ac83-e6ff060f5840#153-t1, previous=(t:1, i:20), leaderCommit=16, initializing? false, entries: <empty>
2019-09-16 16:51:02,340 [Datanode State Machine Thread - 0] INFO  statemachine.DatanodeStateMachine (DatanodeStateMachine.java:lambda$startDaemon$0(350)) - Ozone container server started.
2019-09-16 16:51:02,341 [java.util.concurrent.ThreadPoolExecutor$Worker@4a83313d[State = -1, empty queue]] WARN  server.GrpcLogAppender (GrpcLogAppender.java:timeoutAppendRequest(200)) - d43b0c61-8f3a-4c5a-ae51-ff6150aafa7d@group-F512E466BF16->95da17b0-4e07-4af0-be4f-5c62bf2a50a7-GrpcLogAppender: appendEntries Timeout, request=d43b0c61-8f3a-4c5a-ae51-ff6150aafa7d->95da17b0-4e07-4af0-be4f-5c62bf2a50a7#167-t1, previous=(t:1, i:34), leaderCommit=30, initializing? false, entries: <empty>
2019-09-16 16:51:02,342 [java.util.concurrent.ThreadPoolExecutor$Worker@39e216ad[State = -1, empty queue]] WARN  server.GrpcLogAppender (GrpcLogAppender.java:timeoutAppendRequest(200)) - d43b0c61-8f3a-4c5a-ae51-ff6150aafa7d@group-F512E466BF16->18b96c5b-e26d-45b3-8a36-72f0b02f08ab-GrpcLogAppender: appendEntries Timeout, request=d43b0c61-8f3a-4c5a-ae51-ff6150aafa7d->18b96c5b-e26d-45b3-8a36-72f0b02f08ab#167-t1, previous=(t:1, i:34), leaderCommit=30, initializing? false, entries: <empty>
2019-09-16 16:51:02,484 [Datanode State Machine Thread - 0] INFO  statemachine.DatanodeStateMachine (DatanodeStateMachine.java:lambda$startDaemon$0(350)) - Ozone container server started.
2019-09-16 16:51:02,736 [java.util.concurrent.ThreadPoolExecutor$Worker@62322085[State = -1, empty queue]] WARN  server.GrpcLogAppender (GrpcLogAppender.java:timeoutAppendRequest(200)) - 7fc320a2-74a2-44cb-8d45-40912bba4ff2@group-512358092D21->9061b39a-2428-46aa-ac83-e6ff060f5840-GrpcLogAppender: appendEntries Timeout, request=7fc320a2-74a2-44cb-8d45-40912bba4ff2->9061b39a-2428-46aa-ac83-e6ff060f5840#154-t1, previous=(t:1, i:20), leaderCommit=16, initializing? false, entries: <empty>
2019-09-16 16:51:02,736 [java.util.concurrent.ThreadPoolExecutor$Worker@1a4e6aa4[State = -1, empty queue]] WARN  server.GrpcLogAppender (GrpcLogAppender.java:timeoutAppendRequest(200)) - 7fc320a2-74a2-44cb-8d45-40912bba4ff2@group-512358092D21->6d73d83e-4bf7-49f9-9c6b-f14bf24667e0-GrpcLogAppender: appendEntries Timeout, request=7fc320a2-74a2-44cb-8d45-40912bba4ff2->6d73d83e-4bf7-49f9-9c6b-f14bf24667e0#154-t1, previous=(t:1, i:20), leaderCommit=16, initializing? false, entries: <empty>
2019-09-16 16:51:02,842 [java.util.concurrent.ThreadPoolExecutor$Worker@4a83313d[State = -1, empty queue]] WARN  server.GrpcLogAppender (GrpcLogAppender.java:timeoutAppendRequest(200)) - d43b0c61-8f3a-4c5a-ae51-ff6150aafa7d@group-F512E466BF16->95da17b0-4e07-4af0-be4f-5c62bf2a50a7-GrpcLogAppender: appendEntries Timeout, request=d43b0c61-8f3a-4c5a-ae51-ff6150aafa7d->95da17b0-4e07-4af0-be4f-5c62bf2a50a7#168-t1, previous=(t:1, i:34), leaderCommit=30, initializing? false, entries: <empty>
2019-09-16 16:51:02,842 [java.util.concurrent.ThreadPoolExecutor$Worker@39e216ad[State = -1, empty queue]] WARN  server.GrpcLogAppender (GrpcLogAppender.java:timeoutAppendRequest(200)) - d43b0c61-8f3a-4c5a-ae51-ff6150aafa7d@group-F512E466BF16->18b96c5b-e26d-45b3-8a36-72f0b02f08ab-GrpcLogAppender: appendEntries Timeout, request=d43b0c61-8f3a-4c5a-ae51-ff6150aafa7d->18b96c5b-e26d-45b3-8a36-72f0b02f08ab#168-t1, previous=(t:1, i:34), leaderCommit=30, initializing? false, entries: <empty>
2019-09-16 16:51:03,243 [java.util.concurrent.ThreadPoolExecutor$Worker@1a4e6aa4[State = -1, empty queue]] WARN  server.GrpcLogAppender (GrpcLogAppender.java:timeoutAppendRequest(200)) - 7fc320a2-74a2-44cb-8d45-40912bba4ff2@group-512358092D21->6d73d83e-4bf7-49f9-9c6b-f14bf24667e0-GrpcLogAppender: appendEntries Timeout, request=7fc320a2-74a2-44cb-8d45-40912bba4ff2->6d73d83e-4bf7-49f9-9c6b-f14bf24667e0#155-t1, previous=(t:1, i:20), leaderCommit=16, initializing? false, entries: <empty>
2019-09-16 16:51:03,243 [java.util.concurrent.ThreadPoolExecutor$Worker@62322085[State = -1, empty queue]] WARN  server.GrpcLogAppender (GrpcLogAppender.java:timeoutAppendRequest(200)) - 7fc320a2-74a2-44cb-8d45-40912bba4ff2@group-512358092D21->9061b39a-2428-46aa-ac83-e6ff060f5840-GrpcLogAppender: appendEntries Timeout, request=7fc320a2-74a2-44cb-8d45-40912bba4ff2->9061b39a-2428-46aa-ac83-e6ff060f5840#155-t1, previous=(t:1, i:20), leaderCommit=16, initializing? false, entries: <empty>
2019-09-16 16:51:03,343 [java.util.concurrent.ThreadPoolExecutor$Worker@4a83313d[State = -1, empty queue]] WARN  server.GrpcLogAppender (GrpcLogAppender.java:timeoutAppendRequest(200)) - d43b0c61-8f3a-4c5a-ae51-ff6150aafa7d@group-F512E466BF16->95da17b0-4e07-4af0-be4f-5c62bf2a50a7-GrpcLogAppender: appendEntries Timeout, request=d43b0c61-8f3a-4c5a-ae51-ff6150aafa7d->95da17b0-4e07-4af0-be4f-5c62bf2a50a7#169-t1, previous=(t:1, i:34), leaderCommit=30, initializing? false, entries: <empty>
2019-09-16 16:51:03,343 [java.util.concurrent.ThreadPoolExecutor$Worker@39e216ad[State = -1, empty queue]] WARN  server.GrpcLogAppender (GrpcLogAppender.java:timeoutAppendRequest(200)) - d43b0c61-8f3a-4c5a-ae51-ff6150aafa7d@group-F512E466BF16->18b96c5b-e26d-45b3-8a36-72f0b02f08ab-GrpcLogAppender: appendEntries Timeout, request=d43b0c61-8f3a-4c5a-ae51-ff6150aafa7d->18b96c5b-e26d-45b3-8a36-72f0b02f08ab#169-t1, previous=(t:1, i:34), leaderCommit=30, initializing? false, entries: <empty>
2019-09-16 16:51:03,743 [java.util.concurrent.ThreadPoolExecutor$Worker@62322085[State = -1, empty queue]] WARN  server.GrpcLogAppender (GrpcLogAppender.java:timeoutAppendRequest(200)) - 7fc320a2-74a2-44cb-8d45-40912bba4ff2@group-512358092D21->9061b39a-2428-46aa-ac83-e6ff060f5840-GrpcLogAppender: appendEntries Timeout, request=7fc320a2-74a2-44cb-8d45-40912bba4ff2->9061b39a-2428-46aa-ac83-e6ff060f5840#156-t1, previous=(t:1, i:20), leaderCommit=16, initializing? false, entries: <empty>
2019-09-16 16:51:03,743 [java.util.concurrent.ThreadPoolExecutor$Worker@1a4e6aa4[State = -1, empty queue]] WARN  server.GrpcLogAppender (GrpcLogAppender.java:timeoutAppendRequest(200)) - 7fc320a2-74a2-44cb-8d45-40912bba4ff2@group-512358092D21->6d73d83e-4bf7-49f9-9c6b-f14bf24667e0-GrpcLogAppender: appendEntries Timeout, request=7fc320a2-74a2-44cb-8d45-40912bba4ff2->6d73d83e-4bf7-49f9-9c6b-f14bf24667e0#156-t1, previous=(t:1, i:20), leaderCommit=16, initializing? false, entries: <empty>
2019-09-16 16:51:03,826 [d43b0c61-8f3a-4c5a-ae51-ff6150aafa7d@group-F512E466BF16-SegmentedRaftLogWorker] WARN  segmented.SegmentedRaftLogWorker (SegmentedRaftLogWorker.java:getFromFuture(90)) - Timeout 1/~
org.apache.ratis.protocol.TimeoutIOException: Timeout 10s: WriteLog:31: (t:1, i:31), STATEMACHINELOGENTRY, client-82F6639D1098, cid=64-writeStateMachineData
	at org.apache.ratis.util.IOUtils.getFromFuture(IOUtils.java:87)
	at org.apache.ratis.server.raftlog.segmented.SegmentedRaftLogWorker$StateMachineDataPolicy.getFromFuture(SegmentedRaftLogWorker.java:87)
	at org.apache.ratis.server.raftlog.segmented.SegmentedRaftLogWorker$WriteLog.execute(SegmentedRaftLogWorker.java:477)
	at org.apache.ratis.server.raftlog.segmented.SegmentedRaftLogWorker.run(SegmentedRaftLogWorker.java:289)
	at java.lang.Thread.run(Thread.java:748)
Caused by: java.util.concurrent.TimeoutException
	at java.util.concurrent.CompletableFuture.timedGet(CompletableFuture.java:1771)
	at java.util.concurrent.CompletableFuture.get(CompletableFuture.java:1915)
	at org.apache.ratis.util.IOUtils.getFromFuture(IOUtils.java:79)
	... 4 more
2019-09-16 16:51:03,829 [95da17b0-4e07-4af0-be4f-5c62bf2a50a7@group-F512E466BF16-SegmentedRaftLogWorker] WARN  segmented.SegmentedRaftLogWorker (SegmentedRaftLogWorker.java:getFromFuture(90)) - Timeout 1/~
org.apache.ratis.protocol.TimeoutIOException: Timeout 10s: WriteLog:31: (t:1, i:31), STATEMACHINELOGENTRY, client-82F6639D1098, cid=64-writeStateMachineData
	at org.apache.ratis.util.IOUtils.getFromFuture(IOUtils.java:87)
	at org.apache.ratis.server.raftlog.segmented.SegmentedRaftLogWorker$StateMachineDataPolicy.getFromFuture(SegmentedRaftLogWorker.java:87)
	at org.apache.ratis.server.raftlog.segmented.SegmentedRaftLogWorker$WriteLog.execute(SegmentedRaftLogWorker.java:477)
	at org.apache.ratis.server.raftlog.segmented.SegmentedRaftLogWorker.run(SegmentedRaftLogWorker.java:289)
	at java.lang.Thread.run(Thread.java:748)
Caused by: java.util.concurrent.TimeoutException
	at java.util.concurrent.CompletableFuture.timedGet(CompletableFuture.java:1771)
	at java.util.concurrent.CompletableFuture.get(CompletableFuture.java:1915)
	at org.apache.ratis.util.IOUtils.getFromFuture(IOUtils.java:79)
	... 4 more
2019-09-16 16:51:03,829 [18b96c5b-e26d-45b3-8a36-72f0b02f08ab@group-F512E466BF16-SegmentedRaftLogWorker] WARN  segmented.SegmentedRaftLogWorker (SegmentedRaftLogWorker.java:getFromFuture(90)) - Timeout 1/~
org.apache.ratis.protocol.TimeoutIOException: Timeout 10s: WriteLog:31: (t:1, i:31), STATEMACHINELOGENTRY, client-82F6639D1098, cid=64-writeStateMachineData
	at org.apache.ratis.util.IOUtils.getFromFuture(IOUtils.java:87)
	at org.apache.ratis.server.raftlog.segmented.SegmentedRaftLogWorker$StateMachineDataPolicy.getFromFuture(SegmentedRaftLogWorker.java:87)
	at org.apache.ratis.server.raftlog.segmented.SegmentedRaftLogWorker$WriteLog.execute(SegmentedRaftLogWorker.java:477)
	at org.apache.ratis.server.raftlog.segmented.SegmentedRaftLogWorker.run(SegmentedRaftLogWorker.java:289)
	at java.lang.Thread.run(Thread.java:748)
Caused by: java.util.concurrent.TimeoutException
	at java.util.concurrent.CompletableFuture.timedGet(CompletableFuture.java:1771)
	at java.util.concurrent.CompletableFuture.get(CompletableFuture.java:1915)
	at org.apache.ratis.util.IOUtils.getFromFuture(IOUtils.java:79)
	... 4 more
2019-09-16 16:51:03,843 [java.util.concurrent.ThreadPoolExecutor$Worker@39e216ad[State = -1, empty queue]] WARN  server.GrpcLogAppender (GrpcLogAppender.java:timeoutAppendRequest(200)) - d43b0c61-8f3a-4c5a-ae51-ff6150aafa7d@group-F512E466BF16->18b96c5b-e26d-45b3-8a36-72f0b02f08ab-GrpcLogAppender: appendEntries Timeout, request=d43b0c61-8f3a-4c5a-ae51-ff6150aafa7d->18b96c5b-e26d-45b3-8a36-72f0b02f08ab#170-t1, previous=(t:1, i:34), leaderCommit=30, initializing? false, entries: <empty>
2019-09-16 16:51:03,843 [java.util.concurrent.ThreadPoolExecutor$Worker@4a83313d[State = -1, empty queue]] WARN  server.GrpcLogAppender (GrpcLogAppender.java:timeoutAppendRequest(200)) - d43b0c61-8f3a-4c5a-ae51-ff6150aafa7d@group-F512E466BF16->95da17b0-4e07-4af0-be4f-5c62bf2a50a7-GrpcLogAppender: appendEntries Timeout, request=d43b0c61-8f3a-4c5a-ae51-ff6150aafa7d->95da17b0-4e07-4af0-be4f-5c62bf2a50a7#170-t1, previous=(t:1, i:34), leaderCommit=30, initializing? false, entries: <empty>
2019-09-16 16:51:04,246 [java.util.concurrent.ThreadPoolExecutor$Worker@1a4e6aa4[State = -1, empty queue]] WARN  server.GrpcLogAppender (GrpcLogAppender.java:timeoutAppendRequest(200)) - 7fc320a2-74a2-44cb-8d45-40912bba4ff2@group-512358092D21->6d73d83e-4bf7-49f9-9c6b-f14bf24667e0-GrpcLogAppender: appendEntries Timeout, request=7fc320a2-74a2-44cb-8d45-40912bba4ff2->6d73d83e-4bf7-49f9-9c6b-f14bf24667e0#157-t1, previous=(t:1, i:20), leaderCommit=16, initializing? false, entries: <empty>
2019-09-16 16:51:04,246 [java.util.concurrent.ThreadPoolExecutor$Worker@62322085[State = -1, empty queue]] WARN  server.GrpcLogAppender (GrpcLogAppender.java:timeoutAppendRequest(200)) - 7fc320a2-74a2-44cb-8d45-40912bba4ff2@group-512358092D21->9061b39a-2428-46aa-ac83-e6ff060f5840-GrpcLogAppender: appendEntries Timeout, request=7fc320a2-74a2-44cb-8d45-40912bba4ff2->9061b39a-2428-46aa-ac83-e6ff060f5840#157-t1, previous=(t:1, i:20), leaderCommit=16, initializing? false, entries: <empty>
2019-09-16 16:51:04,343 [java.util.concurrent.ThreadPoolExecutor$Worker@4a83313d[State = -1, empty queue]] WARN  server.GrpcLogAppender (GrpcLogAppender.java:timeoutAppendRequest(200)) - d43b0c61-8f3a-4c5a-ae51-ff6150aafa7d@group-F512E466BF16->95da17b0-4e07-4af0-be4f-5c62bf2a50a7-GrpcLogAppender: appendEntries Timeout, request=d43b0c61-8f3a-4c5a-ae51-ff6150aafa7d->95da17b0-4e07-4af0-be4f-5c62bf2a50a7#171-t1, previous=(t:1, i:34), leaderCommit=30, initializing? false, entries: <empty>
2019-09-16 16:51:04,343 [java.util.concurrent.ThreadPoolExecutor$Worker@39e216ad[State = -1, empty queue]] WARN  server.GrpcLogAppender (GrpcLogAppender.java:timeoutAppendRequest(200)) - d43b0c61-8f3a-4c5a-ae51-ff6150aafa7d@group-F512E466BF16->18b96c5b-e26d-45b3-8a36-72f0b02f08ab-GrpcLogAppender: appendEntries Timeout, request=d43b0c61-8f3a-4c5a-ae51-ff6150aafa7d->18b96c5b-e26d-45b3-8a36-72f0b02f08ab#171-t1, previous=(t:1, i:34), leaderCommit=30, initializing? false, entries: <empty>
2019-09-16 16:51:04,746 [java.util.concurrent.ThreadPoolExecutor$Worker@62322085[State = -1, empty queue]] WARN  server.GrpcLogAppender (GrpcLogAppender.java:timeoutAppendRequest(200)) - 7fc320a2-74a2-44cb-8d45-40912bba4ff2@group-512358092D21->9061b39a-2428-46aa-ac83-e6ff060f5840-GrpcLogAppender: appendEntries Timeout, request=7fc320a2-74a2-44cb-8d45-40912bba4ff2->9061b39a-2428-46aa-ac83-e6ff060f5840#158-t1, previous=(t:1, i:20), leaderCommit=16, initializing? false, entries: <empty>
2019-09-16 16:51:04,746 [java.util.concurrent.ThreadPoolExecutor$Worker@1a4e6aa4[State = -1, empty queue]] WARN  server.GrpcLogAppender (GrpcLogAppender.java:timeoutAppendRequest(200)) - 7fc320a2-74a2-44cb-8d45-40912bba4ff2@group-512358092D21->6d73d83e-4bf7-49f9-9c6b-f14bf24667e0-GrpcLogAppender: appendEntries Timeout, request=7fc320a2-74a2-44cb-8d45-40912bba4ff2->6d73d83e-4bf7-49f9-9c6b-f14bf24667e0#158-t1, previous=(t:1, i:20), leaderCommit=16, initializing? false, entries: <empty>
2019-09-16 16:51:04,844 [java.util.concurrent.ThreadPoolExecutor$Worker@4a83313d[State = -1, empty queue]] WARN  server.GrpcLogAppender (GrpcLogAppender.java:timeoutAppendRequest(200)) - d43b0c61-8f3a-4c5a-ae51-ff6150aafa7d@group-F512E466BF16->95da17b0-4e07-4af0-be4f-5c62bf2a50a7-GrpcLogAppender: appendEntries Timeout, request=d43b0c61-8f3a-4c5a-ae51-ff6150aafa7d->95da17b0-4e07-4af0-be4f-5c62bf2a50a7#172-t1, previous=(t:1, i:34), leaderCommit=30, initializing? false, entries: <empty>
2019-09-16 16:51:04,844 [java.util.concurrent.ThreadPoolExecutor$Worker@39e216ad[State = -1, empty queue]] WARN  server.GrpcLogAppender (GrpcLogAppender.java:timeoutAppendRequest(200)) - d43b0c61-8f3a-4c5a-ae51-ff6150aafa7d@group-F512E466BF16->18b96c5b-e26d-45b3-8a36-72f0b02f08ab-GrpcLogAppender: appendEntries Timeout, request=d43b0c61-8f3a-4c5a-ae51-ff6150aafa7d->18b96c5b-e26d-45b3-8a36-72f0b02f08ab#172-t1, previous=(t:1, i:34), leaderCommit=30, initializing? false, entries: <empty>
2019-09-16 16:51:05,247 [java.util.concurrent.ThreadPoolExecutor$Worker@1a4e6aa4[State = -1, empty queue]] WARN  server.GrpcLogAppender (GrpcLogAppender.java:timeoutAppendRequest(200)) - 7fc320a2-74a2-44cb-8d45-40912bba4ff2@group-512358092D21->6d73d83e-4bf7-49f9-9c6b-f14bf24667e0-GrpcLogAppender: appendEntries Timeout, request=7fc320a2-74a2-44cb-8d45-40912bba4ff2->6d73d83e-4bf7-49f9-9c6b-f14bf24667e0#159-t1, previous=(t:1, i:20), leaderCommit=16, initializing? false, entries: <empty>
2019-09-16 16:51:05,247 [java.util.concurrent.ThreadPoolExecutor$Worker@62322085[State = -1, empty queue]] WARN  server.GrpcLogAppender (GrpcLogAppender.java:timeoutAppendRequest(200)) - 7fc320a2-74a2-44cb-8d45-40912bba4ff2@group-512358092D21->9061b39a-2428-46aa-ac83-e6ff060f5840-GrpcLogAppender: appendEntries Timeout, request=7fc320a2-74a2-44cb-8d45-40912bba4ff2->9061b39a-2428-46aa-ac83-e6ff060f5840#159-t1, previous=(t:1, i:20), leaderCommit=16, initializing? false, entries: <empty>
2019-09-16 16:51:05,344 [java.util.concurrent.ThreadPoolExecutor$Worker@4a83313d[State = -1, empty queue]] WARN  server.GrpcLogAppender (GrpcLogAppender.java:timeoutAppendRequest(200)) - d43b0c61-8f3a-4c5a-ae51-ff6150aafa7d@group-F512E466BF16->95da17b0-4e07-4af0-be4f-5c62bf2a50a7-GrpcLogAppender: appendEntries Timeout, request=d43b0c61-8f3a-4c5a-ae51-ff6150aafa7d->95da17b0-4e07-4af0-be4f-5c62bf2a50a7#173-t1, previous=(t:1, i:34), leaderCommit=30, initializing? false, entries: <empty>
2019-09-16 16:51:05,344 [java.util.concurrent.ThreadPoolExecutor$Worker@39e216ad[State = -1, empty queue]] WARN  server.GrpcLogAppender (GrpcLogAppender.java:timeoutAppendRequest(200)) - d43b0c61-8f3a-4c5a-ae51-ff6150aafa7d@group-F512E466BF16->18b96c5b-e26d-45b3-8a36-72f0b02f08ab-GrpcLogAppender: appendEntries Timeout, request=d43b0c61-8f3a-4c5a-ae51-ff6150aafa7d->18b96c5b-e26d-45b3-8a36-72f0b02f08ab#173-t1, previous=(t:1, i:34), leaderCommit=30, initializing? false, entries: <empty>
2019-09-16 16:51:05,469 [fa2692cc-7d13-407b-8ba8-1b16aaf9a086@group-3F8977C1BEA2-SegmentedRaftLogWorker] WARN  segmented.SegmentedRaftLogWorker (SegmentedRaftLogWorker.java:getFromFuture(90)) - Timeout 6/~
org.apache.ratis.protocol.TimeoutIOException: Timeout 10s: WriteLog:18: (t:4, i:18), STATEMACHINELOGENTRY, client-66600ED44B99, cid=30-writeStateMachineData
	at org.apache.ratis.util.IOUtils.getFromFuture(IOUtils.java:87)
	at org.apache.ratis.server.raftlog.segmented.SegmentedRaftLogWorker$StateMachineDataPolicy.getFromFuture(SegmentedRaftLogWorker.java:87)
	at org.apache.ratis.server.raftlog.segmented.SegmentedRaftLogWorker$WriteLog.execute(SegmentedRaftLogWorker.java:477)
	at org.apache.ratis.server.raftlog.segmented.SegmentedRaftLogWorker.run(SegmentedRaftLogWorker.java:289)
	at java.lang.Thread.run(Thread.java:748)
Caused by: java.util.concurrent.TimeoutException
	at java.util.concurrent.CompletableFuture.timedGet(CompletableFuture.java:1771)
	at java.util.concurrent.CompletableFuture.get(CompletableFuture.java:1915)
	at org.apache.ratis.util.IOUtils.getFromFuture(IOUtils.java:79)
	... 4 more
2019-09-16 16:51:05,747 [java.util.concurrent.ThreadPoolExecutor$Worker@1a4e6aa4[State = -1, empty queue]] WARN  server.GrpcLogAppender (GrpcLogAppender.java:timeoutAppendRequest(200)) - 7fc320a2-74a2-44cb-8d45-40912bba4ff2@group-512358092D21->6d73d83e-4bf7-49f9-9c6b-f14bf24667e0-GrpcLogAppender: appendEntries Timeout, request=7fc320a2-74a2-44cb-8d45-40912bba4ff2->6d73d83e-4bf7-49f9-9c6b-f14bf24667e0#160-t1, previous=(t:1, i:20), leaderCommit=16, initializing? false, entries: <empty>
2019-09-16 16:51:05,747 [java.util.concurrent.ThreadPoolExecutor$Worker@62322085[State = -1, empty queue]] WARN  server.GrpcLogAppender (GrpcLogAppender.java:timeoutAppendRequest(200)) - 7fc320a2-74a2-44cb-8d45-40912bba4ff2@group-512358092D21->9061b39a-2428-46aa-ac83-e6ff060f5840-GrpcLogAppender: appendEntries Timeout, request=7fc320a2-74a2-44cb-8d45-40912bba4ff2->9061b39a-2428-46aa-ac83-e6ff060f5840#160-t1, previous=(t:1, i:20), leaderCommit=16, initializing? false, entries: <empty>
2019-09-16 16:51:05,844 [java.util.concurrent.ThreadPoolExecutor$Worker@4a83313d[State = -1, empty queue]] WARN  server.GrpcLogAppender (GrpcLogAppender.java:timeoutAppendRequest(200)) - d43b0c61-8f3a-4c5a-ae51-ff6150aafa7d@group-F512E466BF16->95da17b0-4e07-4af0-be4f-5c62bf2a50a7-GrpcLogAppender: appendEntries Timeout, request=d43b0c61-8f3a-4c5a-ae51-ff6150aafa7d->95da17b0-4e07-4af0-be4f-5c62bf2a50a7#174-t1, previous=(t:1, i:34), leaderCommit=30, initializing? false, entries: <empty>
2019-09-16 16:51:05,844 [java.util.concurrent.ThreadPoolExecutor$Worker@39e216ad[State = -1, empty queue]] WARN  server.GrpcLogAppender (GrpcLogAppender.java:timeoutAppendRequest(200)) - d43b0c61-8f3a-4c5a-ae51-ff6150aafa7d@group-F512E466BF16->18b96c5b-e26d-45b3-8a36-72f0b02f08ab-GrpcLogAppender: appendEntries Timeout, request=d43b0c61-8f3a-4c5a-ae51-ff6150aafa7d->18b96c5b-e26d-45b3-8a36-72f0b02f08ab#174-t1, previous=(t:1, i:34), leaderCommit=30, initializing? false, entries: <empty>
2019-09-16 16:51:06,247 [java.util.concurrent.ThreadPoolExecutor$Worker@1a4e6aa4[State = -1, empty queue]] WARN  server.GrpcLogAppender (GrpcLogAppender.java:timeoutAppendRequest(200)) - 7fc320a2-74a2-44cb-8d45-40912bba4ff2@group-512358092D21->6d73d83e-4bf7-49f9-9c6b-f14bf24667e0-GrpcLogAppender: appendEntries Timeout, request=7fc320a2-74a2-44cb-8d45-40912bba4ff2->6d73d83e-4bf7-49f9-9c6b-f14bf24667e0#161-t1, previous=(t:1, i:20), leaderCommit=16, initializing? false, entries: <empty>
2019-09-16 16:51:06,247 [java.util.concurrent.ThreadPoolExecutor$Worker@62322085[State = -1, empty queue]] WARN  server.GrpcLogAppender (GrpcLogAppender.java:timeoutAppendRequest(200)) - 7fc320a2-74a2-44cb-8d45-40912bba4ff2@group-512358092D21->9061b39a-2428-46aa-ac83-e6ff060f5840-GrpcLogAppender: appendEntries Timeout, request=7fc320a2-74a2-44cb-8d45-40912bba4ff2->9061b39a-2428-46aa-ac83-e6ff060f5840#161-t1, previous=(t:1, i:20), leaderCommit=16, initializing? false, entries: <empty>
2019-09-16 16:51:06,344 [java.util.concurrent.ThreadPoolExecutor$Worker@39e216ad[State = -1, empty queue]] WARN  server.GrpcLogAppender (GrpcLogAppender.java:timeoutAppendRequest(200)) - d43b0c61-8f3a-4c5a-ae51-ff6150aafa7d@group-F512E466BF16->18b96c5b-e26d-45b3-8a36-72f0b02f08ab-GrpcLogAppender: appendEntries Timeout, request=d43b0c61-8f3a-4c5a-ae51-ff6150aafa7d->18b96c5b-e26d-45b3-8a36-72f0b02f08ab#175-t1, previous=(t:1, i:34), leaderCommit=30, initializing? false, entries: <empty>
2019-09-16 16:51:06,344 [java.util.concurrent.ThreadPoolExecutor$Worker@4a83313d[State = -1, empty queue]] WARN  server.GrpcLogAppender (GrpcLogAppender.java:timeoutAppendRequest(200)) - d43b0c61-8f3a-4c5a-ae51-ff6150aafa7d@group-F512E466BF16->95da17b0-4e07-4af0-be4f-5c62bf2a50a7-GrpcLogAppender: appendEntries Timeout, request=d43b0c61-8f3a-4c5a-ae51-ff6150aafa7d->95da17b0-4e07-4af0-be4f-5c62bf2a50a7#175-t1, previous=(t:1, i:34), leaderCommit=30, initializing? false, entries: <empty>
2019-09-16 16:51:06,747 [java.util.concurrent.ThreadPoolExecutor$Worker@62322085[State = -1, empty queue]] WARN  server.GrpcLogAppender (GrpcLogAppender.java:timeoutAppendRequest(200)) - 7fc320a2-74a2-44cb-8d45-40912bba4ff2@group-512358092D21->9061b39a-2428-46aa-ac83-e6ff060f5840-GrpcLogAppender: appendEntries Timeout, request=7fc320a2-74a2-44cb-8d45-40912bba4ff2->9061b39a-2428-46aa-ac83-e6ff060f5840#162-t1, previous=(t:1, i:20), leaderCommit=16, initializing? false, entries: <empty>
2019-09-16 16:51:06,748 [java.util.concurrent.ThreadPoolExecutor$Worker@1a4e6aa4[State = -1, empty queue]] WARN  server.GrpcLogAppender (GrpcLogAppender.java:timeoutAppendRequest(200)) - 7fc320a2-74a2-44cb-8d45-40912bba4ff2@group-512358092D21->6d73d83e-4bf7-49f9-9c6b-f14bf24667e0-GrpcLogAppender: appendEntries Timeout, request=7fc320a2-74a2-44cb-8d45-40912bba4ff2->6d73d83e-4bf7-49f9-9c6b-f14bf24667e0#162-t1, previous=(t:1, i:20), leaderCommit=16, initializing? false, entries: <empty>
2019-09-16 16:51:06,845 [java.util.concurrent.ThreadPoolExecutor$Worker@39e216ad[State = -1, empty queue]] WARN  server.GrpcLogAppender (GrpcLogAppender.java:timeoutAppendRequest(200)) - d43b0c61-8f3a-4c5a-ae51-ff6150aafa7d@group-F512E466BF16->18b96c5b-e26d-45b3-8a36-72f0b02f08ab-GrpcLogAppender: appendEntries Timeout, request=d43b0c61-8f3a-4c5a-ae51-ff6150aafa7d->18b96c5b-e26d-45b3-8a36-72f0b02f08ab#176-t1, previous=(t:1, i:34), leaderCommit=30, initializing? false, entries: <empty>
2019-09-16 16:51:06,845 [java.util.concurrent.ThreadPoolExecutor$Worker@4a83313d[State = -1, empty queue]] WARN  server.GrpcLogAppender (GrpcLogAppender.java:timeoutAppendRequest(200)) - d43b0c61-8f3a-4c5a-ae51-ff6150aafa7d@group-F512E466BF16->95da17b0-4e07-4af0-be4f-5c62bf2a50a7-GrpcLogAppender: appendEntries Timeout, request=d43b0c61-8f3a-4c5a-ae51-ff6150aafa7d->95da17b0-4e07-4af0-be4f-5c62bf2a50a7#176-t1, previous=(t:1, i:34), leaderCommit=30, initializing? false, entries: <empty>
2019-09-16 16:51:07,086 [main] INFO  ozoneimpl.OzoneContainer (OzoneContainer.java:stop(231)) - Attempting to stop container services.
2019-09-16 16:51:07,086 [ForkJoinPool.commonPool-worker-0] INFO  ozoneimpl.OzoneContainer (OzoneContainer.java:stop(231)) - Attempting to stop container services.
2019-09-16 16:51:07,087 [main] INFO  impl.RaftServerProxy (RaftServerProxy.java:lambda$close$4(314)) - 6d73d83e-4bf7-49f9-9c6b-f14bf24667e0: close
2019-09-16 16:51:07,087 [ForkJoinPool.commonPool-worker-0] INFO  impl.RaftServerProxy (RaftServerProxy.java:lambda$close$4(314)) - fa2692cc-7d13-407b-8ba8-1b16aaf9a086: close
2019-09-16 16:51:07,087 [main] INFO  impl.RaftServerImpl (RaftServerImpl.java:lambda$shutdown$3(251)) - 6d73d83e-4bf7-49f9-9c6b-f14bf24667e0@group-EEA3762CD145: shutdown
2019-09-16 16:51:07,087 [ForkJoinPool.commonPool-worker-0] INFO  impl.RaftServerImpl (RaftServerImpl.java:lambda$shutdown$3(251)) - fa2692cc-7d13-407b-8ba8-1b16aaf9a086@group-3F8977C1BEA2: shutdown
2019-09-16 16:51:07,088 [main] INFO  util.JmxRegister (JmxRegister.java:unregister(73)) - Successfully un-registered JMX Bean with object name Ratis:service=RaftServer,group=group-EEA3762CD145,id=6d73d83e-4bf7-49f9-9c6b-f14bf24667e0
2019-09-16 16:51:07,088 [ForkJoinPool.commonPool-worker-0] INFO  util.JmxRegister (JmxRegister.java:unregister(73)) - Successfully un-registered JMX Bean with object name Ratis:service=RaftServer,group=group-3F8977C1BEA2,id=fa2692cc-7d13-407b-8ba8-1b16aaf9a086
2019-09-16 16:51:07,088 [main] INFO  impl.RoleInfo (RoleInfo.java:shutdownLeaderState(104)) - 6d73d83e-4bf7-49f9-9c6b-f14bf24667e0: shutdown LeaderState
2019-09-16 16:51:07,088 [ForkJoinPool.commonPool-worker-0] INFO  impl.RoleInfo (RoleInfo.java:shutdownFollowerState(121)) - fa2692cc-7d13-407b-8ba8-1b16aaf9a086: shutdown FollowerState
2019-09-16 16:51:07,089 [ForkJoinPool.commonPool-worker-0] INFO  impl.StateMachineUpdater (StateMachineUpdater.java:stopAndJoin(125)) - fa2692cc-7d13-407b-8ba8-1b16aaf9a086@group-3F8977C1BEA2-StateMachineUpdater: set stopIndex = 15
2019-09-16 16:51:07,089 [Thread-441] INFO  impl.FollowerState (FollowerState.java:run(115)) - fa2692cc-7d13-407b-8ba8-1b16aaf9a086: FollowerState was interrupted: java.lang.InterruptedException: sleep interrupted
2019-09-16 16:51:07,089 [main] INFO  impl.PendingRequests (PendingRequests.java:sendNotLeaderResponses(202)) - 6d73d83e-4bf7-49f9-9c6b-f14bf24667e0-PendingRequests: sendNotLeaderResponses
2019-09-16 16:51:07,089 [fa2692cc-7d13-407b-8ba8-1b16aaf9a086@group-3F8977C1BEA2-StateMachineUpdater] INFO  ratis.ContainerStateMachine (ContainerStateMachine.java:takeSnapshot(289)) - group-3F8977C1BEA2: Taking a snapshot at:(t:4, i:11) file /workdir/hadoop-ozone/integration-test/target/test-dir/MiniOzoneClusterImpl-f8b2c6cb-9ce7-4af8-81ae-d81048953348/datanode-2/data/ratis/016f2422-3b8d-41ec-9ff2-3f8977c1bea2/sm/snapshot.4_11
2019-09-16 16:51:07,095 [main] INFO  impl.StateMachineUpdater (StateMachineUpdater.java:stopAndJoin(125)) - 6d73d83e-4bf7-49f9-9c6b-f14bf24667e0@group-EEA3762CD145-StateMachineUpdater: set stopIndex = 0
2019-09-16 16:51:07,095 [main] INFO  impl.RaftServerImpl (ServerState.java:close(385)) - 6d73d83e-4bf7-49f9-9c6b-f14bf24667e0@group-EEA3762CD145: closes. applyIndex: 0
2019-09-16 16:51:07,096 [6d73d83e-4bf7-49f9-9c6b-f14bf24667e0@group-EEA3762CD145-SegmentedRaftLogWorker] INFO  segmented.SegmentedRaftLogWorker (SegmentedRaftLogWorker.java:run(313)) - 6d73d83e-4bf7-49f9-9c6b-f14bf24667e0@group-EEA3762CD145-SegmentedRaftLogWorker was interrupted, exiting. There are 0 tasks remaining in the queue.
2019-09-16 16:51:07,099 [main] INFO  segmented.SegmentedRaftLogWorker (SegmentedRaftLogWorker.java:close(228)) - 6d73d83e-4bf7-49f9-9c6b-f14bf24667e0@group-EEA3762CD145-SegmentedRaftLogWorker close()
2019-09-16 16:51:07,104 [main] INFO  impl.RaftServerImpl (RaftServerImpl.java:lambda$shutdown$3(251)) - 6d73d83e-4bf7-49f9-9c6b-f14bf24667e0@group-512358092D21: shutdown
2019-09-16 16:51:07,104 [main] INFO  util.JmxRegister (JmxRegister.java:unregister(73)) - Successfully un-registered JMX Bean with object name Ratis:service=RaftServer,group=group-512358092D21,id=6d73d83e-4bf7-49f9-9c6b-f14bf24667e0
2019-09-16 16:51:07,105 [main] INFO  impl.RoleInfo (RoleInfo.java:shutdownFollowerState(121)) - 6d73d83e-4bf7-49f9-9c6b-f14bf24667e0: shutdown FollowerState
2019-09-16 16:51:07,105 [main] INFO  impl.StateMachineUpdater (StateMachineUpdater.java:stopAndJoin(125)) - 6d73d83e-4bf7-49f9-9c6b-f14bf24667e0@group-512358092D21-StateMachineUpdater: set stopIndex = 16
2019-09-16 16:51:07,105 [Thread-373] INFO  impl.FollowerState (FollowerState.java:run(115)) - 6d73d83e-4bf7-49f9-9c6b-f14bf24667e0: FollowerState was interrupted: java.lang.InterruptedException: sleep interrupted
2019-09-16 16:51:07,105 [6d73d83e-4bf7-49f9-9c6b-f14bf24667e0@group-512358092D21-StateMachineUpdater] INFO  ratis.ContainerStateMachine (ContainerStateMachine.java:takeSnapshot(289)) - group-512358092D21: Taking a snapshot at:(t:1, i:12) file /workdir/hadoop-ozone/integration-test/target/test-dir/MiniOzoneClusterImpl-f8b2c6cb-9ce7-4af8-81ae-d81048953348/datanode-5/data/ratis/545130b7-e41f-4170-95cf-512358092d21/sm/snapshot.1_12
2019-09-16 16:51:07,108 [fa2692cc-7d13-407b-8ba8-1b16aaf9a086@group-3F8977C1BEA2-StateMachineUpdater] INFO  ratis.ContainerStateMachine (ContainerStateMachine.java:takeSnapshot(300)) - group-3F8977C1BEA2: Finished taking a snapshot at:(t:4, i:11) file:/workdir/hadoop-ozone/integration-test/target/test-dir/MiniOzoneClusterImpl-f8b2c6cb-9ce7-4af8-81ae-d81048953348/datanode-2/data/ratis/016f2422-3b8d-41ec-9ff2-3f8977c1bea2/sm/snapshot.4_11 time:20
2019-09-16 16:51:07,108 [fa2692cc-7d13-407b-8ba8-1b16aaf9a086@group-3F8977C1BEA2-StateMachineUpdater] INFO  impl.StateMachineUpdater (StateMachineUpdater.java:takeSnapshot(258)) - fa2692cc-7d13-407b-8ba8-1b16aaf9a086@group-3F8977C1BEA2-StateMachineUpdater: Took a snapshot at index 11
2019-09-16 16:51:07,108 [fa2692cc-7d13-407b-8ba8-1b16aaf9a086@group-3F8977C1BEA2-StateMachineUpdater] INFO  impl.StateMachineUpdater (StateMachineUpdater.java:lambda$new$0(83)) - fa2692cc-7d13-407b-8ba8-1b16aaf9a086@group-3F8977C1BEA2-StateMachineUpdater: snapshotIndex: updateIncreasingly -1 -> 11
2019-09-16 16:51:07,109 [fa2692cc-7d13-407b-8ba8-1b16aaf9a086@group-3F8977C1BEA2-StateMachineUpdater] INFO  ratis.ContainerStateMachine (ContainerStateMachine.java:takeSnapshot(289)) - group-3F8977C1BEA2: Taking a snapshot at:(t:4, i:11) file /workdir/hadoop-ozone/integration-test/target/test-dir/MiniOzoneClusterImpl-f8b2c6cb-9ce7-4af8-81ae-d81048953348/datanode-2/data/ratis/016f2422-3b8d-41ec-9ff2-3f8977c1bea2/sm/snapshot.4_11
2019-09-16 16:51:07,111 [6d73d83e-4bf7-49f9-9c6b-f14bf24667e0@group-512358092D21-StateMachineUpdater] INFO  ratis.ContainerStateMachine (ContainerStateMachine.java:takeSnapshot(300)) - group-512358092D21: Finished taking a snapshot at:(t:1, i:12) file:/workdir/hadoop-ozone/integration-test/target/test-dir/MiniOzoneClusterImpl-f8b2c6cb-9ce7-4af8-81ae-d81048953348/datanode-5/data/ratis/545130b7-e41f-4170-95cf-512358092d21/sm/snapshot.1_12 time:5
2019-09-16 16:51:07,111 [6d73d83e-4bf7-49f9-9c6b-f14bf24667e0@group-512358092D21-StateMachineUpdater] INFO  impl.StateMachineUpdater (StateMachineUpdater.java:takeSnapshot(258)) - 6d73d83e-4bf7-49f9-9c6b-f14bf24667e0@group-512358092D21-StateMachineUpdater: Took a snapshot at index 12
2019-09-16 16:51:07,111 [6d73d83e-4bf7-49f9-9c6b-f14bf24667e0@group-512358092D21-StateMachineUpdater] INFO  impl.StateMachineUpdater (StateMachineUpdater.java:lambda$new$0(83)) - 6d73d83e-4bf7-49f9-9c6b-f14bf24667e0@group-512358092D21-StateMachineUpdater: snapshotIndex: updateIncreasingly -1 -> 12
2019-09-16 16:51:07,111 [6d73d83e-4bf7-49f9-9c6b-f14bf24667e0@group-512358092D21-StateMachineUpdater] INFO  ratis.ContainerStateMachine (ContainerStateMachine.java:takeSnapshot(289)) - group-512358092D21: Taking a snapshot at:(t:1, i:12) file /workdir/hadoop-ozone/integration-test/target/test-dir/MiniOzoneClusterImpl-f8b2c6cb-9ce7-4af8-81ae-d81048953348/datanode-5/data/ratis/545130b7-e41f-4170-95cf-512358092d21/sm/snapshot.1_12
2019-09-16 16:51:07,113 [6d73d83e-4bf7-49f9-9c6b-f14bf24667e0@group-512358092D21-StateMachineUpdater] INFO  ratis.ContainerStateMachine (ContainerStateMachine.java:takeSnapshot(300)) - group-512358092D21: Finished taking a snapshot at:(t:1, i:12) file:/workdir/hadoop-ozone/integration-test/target/test-dir/MiniOzoneClusterImpl-f8b2c6cb-9ce7-4af8-81ae-d81048953348/datanode-5/data/ratis/545130b7-e41f-4170-95cf-512358092d21/sm/snapshot.1_12 time:2
2019-09-16 16:51:07,113 [6d73d83e-4bf7-49f9-9c6b-f14bf24667e0@group-512358092D21-StateMachineUpdater] INFO  impl.StateMachineUpdater (StateMachineUpdater.java:takeSnapshot(258)) - 6d73d83e-4bf7-49f9-9c6b-f14bf24667e0@group-512358092D21-StateMachineUpdater: Took a snapshot at index 12
2019-09-16 16:51:07,113 [fa2692cc-7d13-407b-8ba8-1b16aaf9a086@group-3F8977C1BEA2-StateMachineUpdater] INFO  ratis.ContainerStateMachine (ContainerStateMachine.java:takeSnapshot(300)) - group-3F8977C1BEA2: Finished taking a snapshot at:(t:4, i:11) file:/workdir/hadoop-ozone/integration-test/target/test-dir/MiniOzoneClusterImpl-f8b2c6cb-9ce7-4af8-81ae-d81048953348/datanode-2/data/ratis/016f2422-3b8d-41ec-9ff2-3f8977c1bea2/sm/snapshot.4_11 time:4
2019-09-16 16:51:07,113 [6d73d83e-4bf7-49f9-9c6b-f14bf24667e0@group-512358092D21-StateMachineUpdater] INFO  impl.StateMachineUpdater (StateMachineUpdater.java:lambda$new$0(83)) - 6d73d83e-4bf7-49f9-9c6b-f14bf24667e0@group-512358092D21-StateMachineUpdater: snapshotIndex: updateIncreasingly 12 -> 12
2019-09-16 16:51:07,113 [fa2692cc-7d13-407b-8ba8-1b16aaf9a086@group-3F8977C1BEA2-StateMachineUpdater] INFO  impl.StateMachineUpdater (StateMachineUpdater.java:takeSnapshot(258)) - fa2692cc-7d13-407b-8ba8-1b16aaf9a086@group-3F8977C1BEA2-StateMachineUpdater: Took a snapshot at index 11
2019-09-16 16:51:07,113 [fa2692cc-7d13-407b-8ba8-1b16aaf9a086@group-3F8977C1BEA2-StateMachineUpdater] INFO  impl.StateMachineUpdater (StateMachineUpdater.java:lambda$new$0(83)) - fa2692cc-7d13-407b-8ba8-1b16aaf9a086@group-3F8977C1BEA2-StateMachineUpdater: snapshotIndex: updateIncreasingly 11 -> 11
2019-09-16 16:51:07,113 [main] INFO  impl.RaftServerImpl (ServerState.java:close(385)) - 6d73d83e-4bf7-49f9-9c6b-f14bf24667e0@group-512358092D21: closes. applyIndex: 16
2019-09-16 16:51:07,113 [ForkJoinPool.commonPool-worker-0] INFO  impl.RaftServerImpl (ServerState.java:close(385)) - fa2692cc-7d13-407b-8ba8-1b16aaf9a086@group-3F8977C1BEA2: closes. applyIndex: 15
2019-09-16 16:51:07,116 [6d73d83e-4bf7-49f9-9c6b-f14bf24667e0@group-512358092D21-SegmentedRaftLogWorker] ERROR ratis.XceiverServerRatis (XceiverServerRatis.java:triggerPipelineClose(568)) - pipeline Action CLOSE  on pipeline PipelineID=545130b7-e41f-4170-95cf-512358092d21.Reason : WriteLog:17: (t:1, i:17), STATEMACHINELOGENTRY, client-F1A86D2C076E, cid=51-writeStateMachineData interrupted.
2019-09-16 16:51:07,119 [fa2692cc-7d13-407b-8ba8-1b16aaf9a086@group-3F8977C1BEA2-SegmentedRaftLogWorker] ERROR ratis.XceiverServerRatis (XceiverServerRatis.java:triggerPipelineClose(568)) - pipeline Action CLOSE  on pipeline PipelineID=016f2422-3b8d-41ec-9ff2-3f8977c1bea2.Reason : WriteLog:18: (t:4, i:18), STATEMACHINELOGENTRY, client-66600ED44B99, cid=30-writeStateMachineData interrupted.
2019-09-16 16:51:07,121 [main] INFO  segmented.SegmentedRaftLogWorker (SegmentedRaftLogWorker.java:close(228)) - 6d73d83e-4bf7-49f9-9c6b-f14bf24667e0@group-512358092D21-SegmentedRaftLogWorker close()
2019-09-16 16:51:07,126 [ForkJoinPool.commonPool-worker-0] INFO  segmented.SegmentedRaftLogWorker (SegmentedRaftLogWorker.java:close(228)) - fa2692cc-7d13-407b-8ba8-1b16aaf9a086@group-3F8977C1BEA2-SegmentedRaftLogWorker close()
2019-09-16 16:51:07,126 [main] INFO  server.GrpcService (GrpcService.java:closeImpl(164)) - 6d73d83e-4bf7-49f9-9c6b-f14bf24667e0: shutdown server with port 40303 now
2019-09-16 16:51:07,129 [ForkJoinPool.commonPool-worker-0] INFO  impl.RaftServerImpl (RaftServerImpl.java:lambda$shutdown$3(251)) - fa2692cc-7d13-407b-8ba8-1b16aaf9a086@group-6DA157A05EAA: shutdown
2019-09-16 16:51:07,130 [ForkJoinPool.commonPool-worker-0] INFO  util.JmxRegister (JmxRegister.java:unregister(73)) - Successfully un-registered JMX Bean with object name Ratis:service=RaftServer,group=group-6DA157A05EAA,id=fa2692cc-7d13-407b-8ba8-1b16aaf9a086
2019-09-16 16:51:07,130 [ForkJoinPool.commonPool-worker-0] INFO  impl.RoleInfo (RoleInfo.java:shutdownLeaderState(104)) - fa2692cc-7d13-407b-8ba8-1b16aaf9a086: shutdown LeaderState
2019-09-16 16:51:07,130 [ForkJoinPool.commonPool-worker-0] INFO  impl.PendingRequests (PendingRequests.java:sendNotLeaderResponses(202)) - fa2692cc-7d13-407b-8ba8-1b16aaf9a086-PendingRequests: sendNotLeaderResponses
2019-09-16 16:51:07,130 [grpc-default-executor-4] WARN  server.GrpcServerProtocolService (LogUtils.java:warn(134)) - 6d73d83e-4bf7-49f9-9c6b-f14bf24667e0: installSnapshot onError, lastRequest: 7fc320a2-74a2-44cb-8d45-40912bba4ff2->6d73d83e-4bf7-49f9-9c6b-f14bf24667e0#168-t1, previous=(t:1, i:20), leaderCommit=16, initializing? false, entries: <empty>: org.apache.ratis.thirdparty.io.grpc.StatusRuntimeException: CANCELLED: cancelled before receiving half close
2019-09-16 16:51:07,130 [ForkJoinPool.commonPool-worker-0] INFO  impl.StateMachineUpdater (StateMachineUpdater.java:stopAndJoin(125)) - fa2692cc-7d13-407b-8ba8-1b16aaf9a086@group-6DA157A05EAA-StateMachineUpdater: set stopIndex = 0
2019-09-16 16:51:07,131 [main] INFO  server.GrpcService (GrpcService.java:closeImpl(172)) - 6d73d83e-4bf7-49f9-9c6b-f14bf24667e0: shutdown server with port 40303 successfully
2019-09-16 16:51:07,133 [ForkJoinPool.commonPool-worker-0] INFO  impl.RaftServerImpl (ServerState.java:close(385)) - fa2692cc-7d13-407b-8ba8-1b16aaf9a086@group-6DA157A05EAA: closes. applyIndex: 0
2019-09-16 16:51:07,134 [grpc-default-executor-1] WARN  server.GrpcLogAppender (LogUtils.java:warn(134)) - 7fc320a2-74a2-44cb-8d45-40912bba4ff2@group-512358092D21->6d73d83e-4bf7-49f9-9c6b-f14bf24667e0-AppendLogResponseHandler: Failed appendEntries: org.apache.ratis.thirdparty.io.grpc.StatusRuntimeException: CANCELLED: HTTP/2 error code: CANCEL
Received Rst Stream
2019-09-16 16:51:07,138 [fa2692cc-7d13-407b-8ba8-1b16aaf9a086@group-6DA157A05EAA-SegmentedRaftLogWorker] INFO  segmented.SegmentedRaftLogWorker (SegmentedRaftLogWorker.java:run(313)) - fa2692cc-7d13-407b-8ba8-1b16aaf9a086@group-6DA157A05EAA-SegmentedRaftLogWorker was interrupted, exiting. There are 0 tasks remaining in the queue.
2019-09-16 16:51:07,141 [ForkJoinPool.commonPool-worker-0] INFO  segmented.SegmentedRaftLogWorker (SegmentedRaftLogWorker.java:close(228)) - fa2692cc-7d13-407b-8ba8-1b16aaf9a086@group-6DA157A05EAA-SegmentedRaftLogWorker close()
2019-09-16 16:51:07,141 [grpc-default-executor-1] INFO  impl.FollowerInfo (FollowerInfo.java:lambda$new$0(51)) - 7fc320a2-74a2-44cb-8d45-40912bba4ff2@group-512358092D21->6d73d83e-4bf7-49f9-9c6b-f14bf24667e0: nextIndex: updateUnconditionally 21 -> 17
2019-09-16 16:51:07,146 [ForkJoinPool.commonPool-worker-0] INFO  server.GrpcService (GrpcService.java:closeImpl(164)) - fa2692cc-7d13-407b-8ba8-1b16aaf9a086: shutdown server with port 34866 now
2019-09-16 16:51:07,146 [ForkJoinPool.commonPool-worker-0] INFO  server.GrpcService (GrpcService.java:closeImpl(172)) - fa2692cc-7d13-407b-8ba8-1b16aaf9a086: shutdown server with port 34866 successfully
2019-09-16 16:51:07,148 [refreshUsed-/workdir/hadoop-ozone/integration-test/target/test-dir/MiniOzoneClusterImpl-f8b2c6cb-9ce7-4af8-81ae-d81048953348/datanode-2/data/containers] WARN  fs.CachingGetSpaceUsed (CachingGetSpaceUsed.java:run(183)) - Thread Interrupted waiting to refresh disk information: sleep interrupted
2019-09-16 16:51:07,150 [refreshUsed-/workdir/hadoop-ozone/integration-test/target/test-dir/MiniOzoneClusterImpl-f8b2c6cb-9ce7-4af8-81ae-d81048953348/datanode-5/data/containers] WARN  fs.CachingGetSpaceUsed (CachingGetSpaceUsed.java:run(183)) - Thread Interrupted waiting to refresh disk information: sleep interrupted
2019-09-16 16:51:07,278 [java.util.concurrent.ThreadPoolExecutor$Worker@62322085[State = -1, empty queue]] WARN  server.GrpcLogAppender (GrpcLogAppender.java:timeoutAppendRequest(200)) - 7fc320a2-74a2-44cb-8d45-40912bba4ff2@group-512358092D21->9061b39a-2428-46aa-ac83-e6ff060f5840-GrpcLogAppender: appendEntries Timeout, request=7fc320a2-74a2-44cb-8d45-40912bba4ff2->9061b39a-2428-46aa-ac83-e6ff060f5840#163-t1, previous=(t:1, i:20), leaderCommit=16, initializing? false, entries: <empty>
2019-09-16 16:51:07,319 [grpc-default-executor-0] WARN  server.GrpcLogAppender (LogUtils.java:warn(134)) - 7fc320a2-74a2-44cb-8d45-40912bba4ff2@group-512358092D21->6d73d83e-4bf7-49f9-9c6b-f14bf24667e0-AppendLogResponseHandler: Failed appendEntries: org.apache.ratis.thirdparty.io.grpc.StatusRuntimeException: UNAVAILABLE: io exception
2019-09-16 16:51:07,319 [grpc-default-executor-0] INFO  impl.FollowerInfo (FollowerInfo.java:lambda$new$0(51)) - 7fc320a2-74a2-44cb-8d45-40912bba4ff2@group-512358092D21->6d73d83e-4bf7-49f9-9c6b-f14bf24667e0: nextIndex: updateUnconditionally 17 -> 16
2019-09-16 16:51:07,332 [ForkJoinPool.commonPool-worker-0] INFO  utils.BackgroundService (BackgroundService.java:shutdown(148)) - Shutting down service BlockDeletingService
2019-09-16 16:51:07,338 [ForkJoinPool.commonPool-worker-0] INFO  statemachine.DatanodeStateMachine (DatanodeStateMachine.java:stopDaemon(395)) - Ozone container server stopped.
2019-09-16 16:51:07,345 [java.util.concurrent.ThreadPoolExecutor$Worker@39e216ad[State = -1, empty queue]] WARN  server.GrpcLogAppender (GrpcLogAppender.java:timeoutAppendRequest(200)) - d43b0c61-8f3a-4c5a-ae51-ff6150aafa7d@group-F512E466BF16->18b96c5b-e26d-45b3-8a36-72f0b02f08ab-GrpcLogAppender: appendEntries Timeout, request=d43b0c61-8f3a-4c5a-ae51-ff6150aafa7d->18b96c5b-e26d-45b3-8a36-72f0b02f08ab#177-t1, previous=(t:1, i:34), leaderCommit=30, initializing? false, entries: <empty>
2019-09-16 16:51:07,345 [ForkJoinPool.commonPool-worker-0] INFO  handler.ContextHandler (ContextHandler.java:doStop(910)) - Stopped o.e.j.w.WebAppContext@4745e9c{/,null,UNAVAILABLE}{/hddsDatanode}
2019-09-16 16:51:07,345 [main] INFO  utils.BackgroundService (BackgroundService.java:shutdown(148)) - Shutting down service BlockDeletingService
2019-09-16 16:51:07,345 [java.util.concurrent.ThreadPoolExecutor$Worker@4a83313d[State = -1, empty queue]] WARN  server.GrpcLogAppender (GrpcLogAppender.java:timeoutAppendRequest(200)) - d43b0c61-8f3a-4c5a-ae51-ff6150aafa7d@group-F512E466BF16->95da17b0-4e07-4af0-be4f-5c62bf2a50a7-GrpcLogAppender: appendEntries Timeout, request=d43b0c61-8f3a-4c5a-ae51-ff6150aafa7d->95da17b0-4e07-4af0-be4f-5c62bf2a50a7#177-t1, previous=(t:1, i:34), leaderCommit=30, initializing? false, entries: <empty>
2019-09-16 16:51:07,350 [ForkJoinPool.commonPool-worker-0] INFO  server.AbstractConnector (AbstractConnector.java:doStop(318)) - Stopped ServerConnector@2f2bff16{HTTP/1.1,[http/1.1]}{0.0.0.0:0}
2019-09-16 16:51:07,351 [main] INFO  statemachine.DatanodeStateMachine (DatanodeStateMachine.java:stopDaemon(395)) - Ozone container server stopped.
2019-09-16 16:51:07,354 [ForkJoinPool.commonPool-worker-0] INFO  handler.ContextHandler (ContextHandler.java:doStop(910)) - Stopped o.e.j.s.ServletContextHandler@4b65d9f4{/static,jar:file:/home/user/.m2/repository/org/apache/hadoop/hadoop-hdds-container-service/0.5.0-SNAPSHOT/hadoop-hdds-container-service-0.5.0-SNAPSHOT.jar!/webapps/static,UNAVAILABLE}
2019-09-16 16:51:07,356 [ForkJoinPool.commonPool-worker-0] INFO  handler.ContextHandler (ContextHandler.java:doStop(910)) - Stopped o.e.j.s.ServletContextHandler@2e66bc32{/logs,file:///workdir/hadoop-ozone/integration-test/target/log,UNAVAILABLE}
2019-09-16 16:51:07,357 [main] INFO  handler.ContextHandler (ContextHandler.java:doStop(910)) - Stopped o.e.j.w.WebAppContext@3c83468e{/,null,UNAVAILABLE}{/hddsDatanode}
2019-09-16 16:51:07,357 [main] INFO  server.AbstractConnector (AbstractConnector.java:doStop(318)) - Stopped ServerConnector@272ce069{HTTP/1.1,[http/1.1]}{0.0.0.0:0}
2019-09-16 16:51:07,358 [main] INFO  handler.ContextHandler (ContextHandler.java:doStop(910)) - Stopped o.e.j.s.ServletContextHandler@ccf91df{/static,jar:file:/home/user/.m2/repository/org/apache/hadoop/hadoop-hdds-container-service/0.5.0-SNAPSHOT/hadoop-hdds-container-service-0.5.0-SNAPSHOT.jar!/webapps/static,UNAVAILABLE}
2019-09-16 16:51:07,358 [main] INFO  handler.ContextHandler (ContextHandler.java:doStop(910)) - Stopped o.e.j.s.ServletContextHandler@75d4a80f{/logs,file:///workdir/hadoop-ozone/integration-test/target/log,UNAVAILABLE}
2019-09-16 16:51:07,748 [java.util.concurrent.ThreadPoolExecutor$Worker@62322085[State = -1, empty queue]] WARN  server.GrpcLogAppender (GrpcLogAppender.java:timeoutAppendRequest(200)) - 7fc320a2-74a2-44cb-8d45-40912bba4ff2@group-512358092D21->9061b39a-2428-46aa-ac83-e6ff060f5840-GrpcLogAppender: appendEntries Timeout, request=7fc320a2-74a2-44cb-8d45-40912bba4ff2->9061b39a-2428-46aa-ac83-e6ff060f5840#164-t1, previous=(t:1, i:20), leaderCommit=16, initializing? false, entries: <empty>
2019-09-16 16:51:07,769 [Datanode State Machine Thread - 0] INFO  statemachine.DatanodeStateMachine (DatanodeStateMachine.java:lambda$startDaemon$0(350)) - Ozone container server started.
2019-09-16 16:51:07,815 [grpc-default-executor-4] WARN  server.GrpcLogAppender (LogUtils.java:warn(134)) - 7fc320a2-74a2-44cb-8d45-40912bba4ff2@group-512358092D21->6d73d83e-4bf7-49f9-9c6b-f14bf24667e0-AppendLogResponseHandler: Failed appendEntries: org.apache.ratis.thirdparty.io.grpc.StatusRuntimeException: UNAVAILABLE: io exception
2019-09-16 16:51:07,816 [grpc-default-executor-4] INFO  impl.FollowerInfo (FollowerInfo.java:lambda$new$0(51)) - 7fc320a2-74a2-44cb-8d45-40912bba4ff2@group-512358092D21->6d73d83e-4bf7-49f9-9c6b-f14bf24667e0: nextIndex: updateUnconditionally 16 -> 15
2019-09-16 16:51:07,845 [java.util.concurrent.ThreadPoolExecutor$Worker@39e216ad[State = -1, empty queue]] WARN  server.GrpcLogAppender (GrpcLogAppender.java:timeoutAppendRequest(200)) - d43b0c61-8f3a-4c5a-ae51-ff6150aafa7d@group-F512E466BF16->18b96c5b-e26d-45b3-8a36-72f0b02f08ab-GrpcLogAppender: appendEntries Timeout, request=d43b0c61-8f3a-4c5a-ae51-ff6150aafa7d->18b96c5b-e26d-45b3-8a36-72f0b02f08ab#178-t1, previous=(t:1, i:34), leaderCommit=30, initializing? false, entries: <empty>
2019-09-16 16:51:07,845 [java.util.concurrent.ThreadPoolExecutor$Worker@4a83313d[State = -1, empty queue]] WARN  server.GrpcLogAppender (GrpcLogAppender.java:timeoutAppendRequest(200)) - d43b0c61-8f3a-4c5a-ae51-ff6150aafa7d@group-F512E466BF16->95da17b0-4e07-4af0-be4f-5c62bf2a50a7-GrpcLogAppender: appendEntries Timeout, request=d43b0c61-8f3a-4c5a-ae51-ff6150aafa7d->95da17b0-4e07-4af0-be4f-5c62bf2a50a7#178-t1, previous=(t:1, i:34), leaderCommit=30, initializing? false, entries: <empty>
2019-09-16 16:51:08,248 [java.util.concurrent.ThreadPoolExecutor$Worker@62322085[State = -1, empty queue]] WARN  server.GrpcLogAppender (GrpcLogAppender.java:timeoutAppendRequest(200)) - 7fc320a2-74a2-44cb-8d45-40912bba4ff2@group-512358092D21->9061b39a-2428-46aa-ac83-e6ff060f5840-GrpcLogAppender: appendEntries Timeout, request=7fc320a2-74a2-44cb-8d45-40912bba4ff2->9061b39a-2428-46aa-ac83-e6ff060f5840#165-t1, previous=(t:1, i:20), leaderCommit=16, initializing? false, entries: <empty>
2019-09-16 16:51:08,316 [grpc-default-executor-0] WARN  server.GrpcLogAppender (LogUtils.java:warn(134)) - 7fc320a2-74a2-44cb-8d45-40912bba4ff2@group-512358092D21->6d73d83e-4bf7-49f9-9c6b-f14bf24667e0-AppendLogResponseHandler: Failed appendEntries: org.apache.ratis.thirdparty.io.grpc.StatusRuntimeException: UNAVAILABLE: io exception
2019-09-16 16:51:08,317 [grpc-default-executor-0] INFO  impl.FollowerInfo (FollowerInfo.java:lambda$new$0(51)) - 7fc320a2-74a2-44cb-8d45-40912bba4ff2@group-512358092D21->6d73d83e-4bf7-49f9-9c6b-f14bf24667e0: nextIndex: updateUnconditionally 15 -> 14
2019-09-16 16:51:08,343 [Datanode State Machine Thread - 0] INFO  statemachine.DatanodeStateMachine (DatanodeStateMachine.java:lambda$startDaemon$0(350)) - Ozone container server started.
2019-09-16 16:51:08,345 [java.util.concurrent.ThreadPoolExecutor$Worker@4a83313d[State = -1, empty queue]] WARN  server.GrpcLogAppender (GrpcLogAppender.java:timeoutAppendRequest(200)) - d43b0c61-8f3a-4c5a-ae51-ff6150aafa7d@group-F512E466BF16->95da17b0-4e07-4af0-be4f-5c62bf2a50a7-GrpcLogAppender: appendEntries Timeout, request=d43b0c61-8f3a-4c5a-ae51-ff6150aafa7d->95da17b0-4e07-4af0-be4f-5c62bf2a50a7#179-t1, previous=(t:1, i:34), leaderCommit=30, initializing? false, entries: <empty>
2019-09-16 16:51:08,345 [java.util.concurrent.ThreadPoolExecutor$Worker@39e216ad[State = -1, empty queue]] WARN  server.GrpcLogAppender (GrpcLogAppender.java:timeoutAppendRequest(200)) - d43b0c61-8f3a-4c5a-ae51-ff6150aafa7d@group-F512E466BF16->18b96c5b-e26d-45b3-8a36-72f0b02f08ab-GrpcLogAppender: appendEntries Timeout, request=d43b0c61-8f3a-4c5a-ae51-ff6150aafa7d->18b96c5b-e26d-45b3-8a36-72f0b02f08ab#179-t1, previous=(t:1, i:34), leaderCommit=30, initializing? false, entries: <empty>
2019-09-16 16:51:08,749 [java.util.concurrent.ThreadPoolExecutor$Worker@62322085[State = -1, empty queue]] WARN  server.GrpcLogAppender (GrpcLogAppender.java:timeoutAppendRequest(200)) - 7fc320a2-74a2-44cb-8d45-40912bba4ff2@group-512358092D21->9061b39a-2428-46aa-ac83-e6ff060f5840-GrpcLogAppender: appendEntries Timeout, request=7fc320a2-74a2-44cb-8d45-40912bba4ff2->9061b39a-2428-46aa-ac83-e6ff060f5840#166-t1, previous=(t:1, i:20), leaderCommit=16, initializing? false, entries: <empty>
2019-09-16 16:51:08,817 [grpc-default-executor-1] WARN  server.GrpcLogAppender (LogUtils.java:warn(134)) - 7fc320a2-74a2-44cb-8d45-40912bba4ff2@group-512358092D21->6d73d83e-4bf7-49f9-9c6b-f14bf24667e0-AppendLogResponseHandler: Failed appendEntries: org.apache.ratis.thirdparty.io.grpc.StatusRuntimeException: UNAVAILABLE: io exception
2019-09-16 16:51:08,817 [grpc-default-executor-1] INFO  impl.FollowerInfo (FollowerInfo.java:lambda$new$0(51)) - 7fc320a2-74a2-44cb-8d45-40912bba4ff2@group-512358092D21->6d73d83e-4bf7-49f9-9c6b-f14bf24667e0: nextIndex: updateUnconditionally 14 -> 13
2019-09-16 16:51:08,846 [java.util.concurrent.ThreadPoolExecutor$Worker@39e216ad[State = -1, empty queue]] WARN  server.GrpcLogAppender (GrpcLogAppender.java:timeoutAppendRequest(200)) - d43b0c61-8f3a-4c5a-ae51-ff6150aafa7d@group-F512E466BF16->18b96c5b-e26d-45b3-8a36-72f0b02f08ab-GrpcLogAppender: appendEntries Timeout, request=d43b0c61-8f3a-4c5a-ae51-ff6150aafa7d->18b96c5b-e26d-45b3-8a36-72f0b02f08ab#180-t1, previous=(t:1, i:34), leaderCommit=30, initializing? false, entries: <empty>
2019-09-16 16:51:08,846 [java.util.concurrent.ThreadPoolExecutor$Worker@4a83313d[State = -1, empty queue]] WARN  server.GrpcLogAppender (GrpcLogAppender.java:timeoutAppendRequest(200)) - d43b0c61-8f3a-4c5a-ae51-ff6150aafa7d@group-F512E466BF16->95da17b0-4e07-4af0-be4f-5c62bf2a50a7-GrpcLogAppender: appendEntries Timeout, request=d43b0c61-8f3a-4c5a-ae51-ff6150aafa7d->95da17b0-4e07-4af0-be4f-5c62bf2a50a7#180-t1, previous=(t:1, i:34), leaderCommit=30, initializing? false, entries: <empty>
2019-09-16 16:51:09,249 [java.util.concurrent.ThreadPoolExecutor$Worker@62322085[State = -1, empty queue]] WARN  server.GrpcLogAppender (GrpcLogAppender.java:timeoutAppendRequest(200)) - 7fc320a2-74a2-44cb-8d45-40912bba4ff2@group-512358092D21->9061b39a-2428-46aa-ac83-e6ff060f5840-GrpcLogAppender: appendEntries Timeout, request=7fc320a2-74a2-44cb-8d45-40912bba4ff2->9061b39a-2428-46aa-ac83-e6ff060f5840#167-t1, previous=(t:1, i:20), leaderCommit=16, initializing? false, entries: <empty>
2019-09-16 16:51:09,318 [grpc-default-executor-4] WARN  server.GrpcLogAppender (LogUtils.java:warn(134)) - 7fc320a2-74a2-44cb-8d45-40912bba4ff2@group-512358092D21->6d73d83e-4bf7-49f9-9c6b-f14bf24667e0-AppendLogResponseHandler: Failed appendEntries: org.apache.ratis.thirdparty.io.grpc.StatusRuntimeException: UNAVAILABLE: io exception
2019-09-16 16:51:09,318 [grpc-default-executor-4] INFO  impl.FollowerInfo (FollowerInfo.java:lambda$new$0(51)) - 7fc320a2-74a2-44cb-8d45-40912bba4ff2@group-512358092D21->6d73d83e-4bf7-49f9-9c6b-f14bf24667e0: nextIndex: updateUnconditionally 13 -> 12
2019-09-16 16:51:09,346 [java.util.concurrent.ThreadPoolExecutor$Worker@4a83313d[State = -1, empty queue]] WARN  server.GrpcLogAppender (GrpcLogAppender.java:timeoutAppendRequest(200)) - d43b0c61-8f3a-4c5a-ae51-ff6150aafa7d@group-F512E466BF16->95da17b0-4e07-4af0-be4f-5c62bf2a50a7-GrpcLogAppender: appendEntries Timeout, request=d43b0c61-8f3a-4c5a-ae51-ff6150aafa7d->95da17b0-4e07-4af0-be4f-5c62bf2a50a7#181-t1, previous=(t:1, i:34), leaderCommit=30, initializing? false, entries: <empty>
2019-09-16 16:51:09,346 [java.util.concurrent.ThreadPoolExecutor$Worker@39e216ad[State = -1, empty queue]] WARN  server.GrpcLogAppender (GrpcLogAppender.java:timeoutAppendRequest(200)) - d43b0c61-8f3a-4c5a-ae51-ff6150aafa7d@group-F512E466BF16->18b96c5b-e26d-45b3-8a36-72f0b02f08ab-GrpcLogAppender: appendEntries Timeout, request=d43b0c61-8f3a-4c5a-ae51-ff6150aafa7d->18b96c5b-e26d-45b3-8a36-72f0b02f08ab#181-t1, previous=(t:1, i:34), leaderCommit=30, initializing? false, entries: <empty>
2019-09-16 16:51:09,750 [java.util.concurrent.ThreadPoolExecutor$Worker@62322085[State = -1, empty queue]] WARN  server.GrpcLogAppender (GrpcLogAppender.java:timeoutAppendRequest(200)) - 7fc320a2-74a2-44cb-8d45-40912bba4ff2@group-512358092D21->9061b39a-2428-46aa-ac83-e6ff060f5840-GrpcLogAppender: appendEntries Timeout, request=7fc320a2-74a2-44cb-8d45-40912bba4ff2->9061b39a-2428-46aa-ac83-e6ff060f5840#168-t1, previous=(t:1, i:20), leaderCommit=16, initializing? false, entries: <empty>
2019-09-16 16:51:09,820 [grpc-default-executor-0] WARN  server.GrpcLogAppender (LogUtils.java:warn(134)) - 7fc320a2-74a2-44cb-8d45-40912bba4ff2@group-512358092D21->6d73d83e-4bf7-49f9-9c6b-f14bf24667e0-AppendLogResponseHandler: Failed appendEntries: org.apache.ratis.thirdparty.io.grpc.StatusRuntimeException: UNAVAILABLE: io exception
2019-09-16 16:51:09,820 [grpc-default-executor-0] INFO  impl.FollowerInfo (FollowerInfo.java:lambda$new$0(51)) - 7fc320a2-74a2-44cb-8d45-40912bba4ff2@group-512358092D21->6d73d83e-4bf7-49f9-9c6b-f14bf24667e0: nextIndex: updateUnconditionally 12 -> 11
2019-09-16 16:51:09,846 [java.util.concurrent.ThreadPoolExecutor$Worker@4a83313d[State = -1, empty queue]] WARN  server.GrpcLogAppender (GrpcLogAppender.java:timeoutAppendRequest(200)) - d43b0c61-8f3a-4c5a-ae51-ff6150aafa7d@group-F512E466BF16->95da17b0-4e07-4af0-be4f-5c62bf2a50a7-GrpcLogAppender: appendEntries Timeout, request=d43b0c61-8f3a-4c5a-ae51-ff6150aafa7d->95da17b0-4e07-4af0-be4f-5c62bf2a50a7#182-t1, previous=(t:1, i:34), leaderCommit=30, initializing? false, entries: <empty>
2019-09-16 16:51:09,846 [java.util.concurrent.ThreadPoolExecutor$Worker@39e216ad[State = -1, empty queue]] WARN  server.GrpcLogAppender (GrpcLogAppender.java:timeoutAppendRequest(200)) - d43b0c61-8f3a-4c5a-ae51-ff6150aafa7d@group-F512E466BF16->18b96c5b-e26d-45b3-8a36-72f0b02f08ab-GrpcLogAppender: appendEntries Timeout, request=d43b0c61-8f3a-4c5a-ae51-ff6150aafa7d->18b96c5b-e26d-45b3-8a36-72f0b02f08ab#182-t1, previous=(t:1, i:34), leaderCommit=30, initializing? false, entries: <empty>
2019-09-16 16:51:10,284 [java.util.concurrent.ThreadPoolExecutor$Worker@62322085[State = -1, empty queue]] WARN  server.GrpcLogAppender (GrpcLogAppender.java:timeoutAppendRequest(200)) - 7fc320a2-74a2-44cb-8d45-40912bba4ff2@group-512358092D21->9061b39a-2428-46aa-ac83-e6ff060f5840-GrpcLogAppender: appendEntries Timeout, request=7fc320a2-74a2-44cb-8d45-40912bba4ff2->9061b39a-2428-46aa-ac83-e6ff060f5840#169-t1, previous=(t:1, i:20), leaderCommit=16, initializing? false, entries: <empty>
2019-09-16 16:51:10,320 [grpc-default-executor-1] WARN  server.GrpcLogAppender (LogUtils.java:warn(134)) - 7fc320a2-74a2-44cb-8d45-40912bba4ff2@group-512358092D21->6d73d83e-4bf7-49f9-9c6b-f14bf24667e0-AppendLogResponseHandler: Failed appendEntries: org.apache.ratis.thirdparty.io.grpc.StatusRuntimeException: UNAVAILABLE: io exception
2019-09-16 16:51:10,320 [grpc-default-executor-1] INFO  impl.FollowerInfo (FollowerInfo.java:lambda$new$0(51)) - 7fc320a2-74a2-44cb-8d45-40912bba4ff2@group-512358092D21->6d73d83e-4bf7-49f9-9c6b-f14bf24667e0: nextIndex: updateUnconditionally 11 -> 10
2019-09-16 16:51:10,343 [9061b39a-2428-46aa-ac83-e6ff060f5840@group-512358092D21-SegmentedRaftLogWorker] WARN  segmented.SegmentedRaftLogWorker (SegmentedRaftLogWorker.java:getFromFuture(90)) - Timeout 4/~
org.apache.ratis.protocol.TimeoutIOException: Timeout 10s: WriteLog:19: (t:1, i:19), STATEMACHINELOGENTRY, client-F1A86D2C076E, cid=53-writeStateMachineData
	at org.apache.ratis.util.IOUtils.getFromFuture(IOUtils.java:87)
	at org.apache.ratis.server.raftlog.segmented.SegmentedRaftLogWorker$StateMachineDataPolicy.getFromFuture(SegmentedRaftLogWorker.java:87)
	at org.apache.ratis.server.raftlog.segmented.SegmentedRaftLogWorker$WriteLog.execute(SegmentedRaftLogWorker.java:477)
	at org.apache.ratis.server.raftlog.segmented.SegmentedRaftLogWorker.run(SegmentedRaftLogWorker.java:289)
	at java.lang.Thread.run(Thread.java:748)
Caused by: java.util.concurrent.TimeoutException
	at java.util.concurrent.CompletableFuture.timedGet(CompletableFuture.java:1771)
	at java.util.concurrent.CompletableFuture.get(CompletableFuture.java:1915)
	at org.apache.ratis.util.IOUtils.getFromFuture(IOUtils.java:79)
	... 4 more
2019-09-16 16:51:10,350 [java.util.concurrent.ThreadPoolExecutor$Worker@39e216ad[State = -1, empty queue]] WARN  server.GrpcLogAppender (GrpcLogAppender.java:timeoutAppendRequest(200)) - d43b0c61-8f3a-4c5a-ae51-ff6150aafa7d@group-F512E466BF16->18b96c5b-e26d-45b3-8a36-72f0b02f08ab-GrpcLogAppender: appendEntries Timeout, request=d43b0c61-8f3a-4c5a-ae51-ff6150aafa7d->18b96c5b-e26d-45b3-8a36-72f0b02f08ab#183-t1, previous=(t:1, i:34), leaderCommit=30, initializing? false, entries: <empty>
2019-09-16 16:51:10,350 [java.util.concurrent.ThreadPoolExecutor$Worker@4a83313d[State = -1, empty queue]] WARN  server.GrpcLogAppender (GrpcLogAppender.java:timeoutAppendRequest(200)) - d43b0c61-8f3a-4c5a-ae51-ff6150aafa7d@group-F512E466BF16->95da17b0-4e07-4af0-be4f-5c62bf2a50a7-GrpcLogAppender: appendEntries Timeout, request=d43b0c61-8f3a-4c5a-ae51-ff6150aafa7d->95da17b0-4e07-4af0-be4f-5c62bf2a50a7#183-t1, previous=(t:1, i:34), leaderCommit=30, initializing? false, entries: <empty>
2019-09-16 16:51:10,374 [7fc320a2-74a2-44cb-8d45-40912bba4ff2@group-512358092D21-SegmentedRaftLogWorker] WARN  segmented.SegmentedRaftLogWorker (SegmentedRaftLogWorker.java:getFromFuture(90)) - Timeout 4/~
org.apache.ratis.protocol.TimeoutIOException: Timeout 10s: WriteLog:19: (t:1, i:19), STATEMACHINELOGENTRY, client-F1A86D2C076E, cid=53-writeStateMachineData
	at org.apache.ratis.util.IOUtils.getFromFuture(IOUtils.java:87)
	at org.apache.ratis.server.raftlog.segmented.SegmentedRaftLogWorker$StateMachineDataPolicy.getFromFuture(SegmentedRaftLogWorker.java:87)
	at org.apache.ratis.server.raftlog.segmented.SegmentedRaftLogWorker$WriteLog.execute(SegmentedRaftLogWorker.java:477)
	at org.apache.ratis.server.raftlog.segmented.SegmentedRaftLogWorker.run(SegmentedRaftLogWorker.java:289)
	at java.lang.Thread.run(Thread.java:748)
Caused by: java.util.concurrent.TimeoutException
	at java.util.concurrent.CompletableFuture.timedGet(CompletableFuture.java:1771)
	at java.util.concurrent.CompletableFuture.get(CompletableFuture.java:1915)
	at org.apache.ratis.util.IOUtils.getFromFuture(IOUtils.java:79)
	... 4 more
2019-09-16 16:51:10,785 [java.util.concurrent.ThreadPoolExecutor$Worker@62322085[State = -1, empty queue]] WARN  server.GrpcLogAppender (GrpcLogAppender.java:timeoutAppendRequest(200)) - 7fc320a2-74a2-44cb-8d45-40912bba4ff2@group-512358092D21->9061b39a-2428-46aa-ac83-e6ff060f5840-GrpcLogAppender: appendEntries Timeout, request=7fc320a2-74a2-44cb-8d45-40912bba4ff2->9061b39a-2428-46aa-ac83-e6ff060f5840#170-t1, previous=(t:1, i:20), leaderCommit=16, initializing? false, entries: <empty>
2019-09-16 16:51:10,822 [grpc-default-executor-4] WARN  server.GrpcLogAppender (LogUtils.java:warn(134)) - 7fc320a2-74a2-44cb-8d45-40912bba4ff2@group-512358092D21->6d73d83e-4bf7-49f9-9c6b-f14bf24667e0-AppendLogResponseHandler: Failed appendEntries: org.apache.ratis.thirdparty.io.grpc.StatusRuntimeException: UNAVAILABLE: io exception
2019-09-16 16:51:10,823 [grpc-default-executor-4] INFO  impl.FollowerInfo (FollowerInfo.java:lambda$new$0(51)) - 7fc320a2-74a2-44cb-8d45-40912bba4ff2@group-512358092D21->6d73d83e-4bf7-49f9-9c6b-f14bf24667e0: nextIndex: updateUnconditionally 10 -> 9
2019-09-16 16:51:10,850 [java.util.concurrent.ThreadPoolExecutor$Worker@39e216ad[State = -1, empty queue]] WARN  server.GrpcLogAppender (GrpcLogAppender.java:timeoutAppendRequest(200)) - d43b0c61-8f3a-4c5a-ae51-ff6150aafa7d@group-F512E466BF16->18b96c5b-e26d-45b3-8a36-72f0b02f08ab-GrpcLogAppender: appendEntries Timeout, request=d43b0c61-8f3a-4c5a-ae51-ff6150aafa7d->18b96c5b-e26d-45b3-8a36-72f0b02f08ab#184-t1, previous=(t:1, i:34), leaderCommit=30, initializing? false, entries: <empty>
2019-09-16 16:51:10,850 [java.util.concurrent.ThreadPoolExecutor$Worker@4a83313d[State = -1, empty queue]] WARN  server.GrpcLogAppender (GrpcLogAppender.java:timeoutAppendRequest(200)) - d43b0c61-8f3a-4c5a-ae51-ff6150aafa7d@group-F512E466BF16->95da17b0-4e07-4af0-be4f-5c62bf2a50a7-GrpcLogAppender: appendEntries Timeout, request=d43b0c61-8f3a-4c5a-ae51-ff6150aafa7d->95da17b0-4e07-4af0-be4f-5c62bf2a50a7#184-t1, previous=(t:1, i:34), leaderCommit=30, initializing? false, entries: <empty>
2019-09-16 16:51:11,285 [java.util.concurrent.ThreadPoolExecutor$Worker@62322085[State = -1, empty queue]] WARN  server.GrpcLogAppender (GrpcLogAppender.java:timeoutAppendRequest(200)) - 7fc320a2-74a2-44cb-8d45-40912bba4ff2@group-512358092D21->9061b39a-2428-46aa-ac83-e6ff060f5840-GrpcLogAppender: appendEntries Timeout, request=7fc320a2-74a2-44cb-8d45-40912bba4ff2->9061b39a-2428-46aa-ac83-e6ff060f5840#171-t1, previous=(t:1, i:20), leaderCommit=16, initializing? false, entries: <empty>
2019-09-16 16:51:11,324 [grpc-default-executor-0] WARN  server.GrpcLogAppender (LogUtils.java:warn(134)) - 7fc320a2-74a2-44cb-8d45-40912bba4ff2@group-512358092D21->6d73d83e-4bf7-49f9-9c6b-f14bf24667e0-AppendLogResponseHandler: Failed appendEntries: org.apache.ratis.thirdparty.io.grpc.StatusRuntimeException: UNAVAILABLE: io exception
2019-09-16 16:51:11,324 [grpc-default-executor-0] INFO  impl.FollowerInfo (FollowerInfo.java:lambda$new$0(51)) - 7fc320a2-74a2-44cb-8d45-40912bba4ff2@group-512358092D21->6d73d83e-4bf7-49f9-9c6b-f14bf24667e0: nextIndex: updateUnconditionally 9 -> 8
2019-09-16 16:51:11,350 [java.util.concurrent.ThreadPoolExecutor$Worker@39e216ad[State = -1, empty queue]] WARN  server.GrpcLogAppender (GrpcLogAppender.java:timeoutAppendRequest(200)) - d43b0c61-8f3a-4c5a-ae51-ff6150aafa7d@group-F512E466BF16->18b96c5b-e26d-45b3-8a36-72f0b02f08ab-GrpcLogAppender: appendEntries Timeout, request=d43b0c61-8f3a-4c5a-ae51-ff6150aafa7d->18b96c5b-e26d-45b3-8a36-72f0b02f08ab#185-t1, previous=(t:1, i:34), leaderCommit=30, initializing? false, entries: <empty>
2019-09-16 16:51:11,350 [java.util.concurrent.ThreadPoolExecutor$Worker@4a83313d[State = -1, empty queue]] WARN  server.GrpcLogAppender (GrpcLogAppender.java:timeoutAppendRequest(200)) - d43b0c61-8f3a-4c5a-ae51-ff6150aafa7d@group-F512E466BF16->95da17b0-4e07-4af0-be4f-5c62bf2a50a7-GrpcLogAppender: appendEntries Timeout, request=d43b0c61-8f3a-4c5a-ae51-ff6150aafa7d->95da17b0-4e07-4af0-be4f-5c62bf2a50a7#185-t1, previous=(t:1, i:34), leaderCommit=30, initializing? false, entries: <empty>
2019-09-16 16:51:11,786 [java.util.concurrent.ThreadPoolExecutor$Worker@62322085[State = -1, empty queue]] WARN  server.GrpcLogAppender (GrpcLogAppender.java:timeoutAppendRequest(200)) - 7fc320a2-74a2-44cb-8d45-40912bba4ff2@group-512358092D21->9061b39a-2428-46aa-ac83-e6ff060f5840-GrpcLogAppender: appendEntries Timeout, request=7fc320a2-74a2-44cb-8d45-40912bba4ff2->9061b39a-2428-46aa-ac83-e6ff060f5840#172-t1, previous=(t:1, i:20), leaderCommit=16, initializing? false, entries: <empty>
2019-09-16 16:51:11,826 [grpc-default-executor-4] WARN  server.GrpcLogAppender (LogUtils.java:warn(134)) - 7fc320a2-74a2-44cb-8d45-40912bba4ff2@group-512358092D21->6d73d83e-4bf7-49f9-9c6b-f14bf24667e0-AppendLogResponseHandler: Failed appendEntries: org.apache.ratis.thirdparty.io.grpc.StatusRuntimeException: UNAVAILABLE: io exception
2019-09-16 16:51:11,827 [grpc-default-executor-4] INFO  impl.FollowerInfo (FollowerInfo.java:lambda$new$0(51)) - 7fc320a2-74a2-44cb-8d45-40912bba4ff2@group-512358092D21->6d73d83e-4bf7-49f9-9c6b-f14bf24667e0: nextIndex: updateUnconditionally 8 -> 7
2019-09-16 16:51:11,850 [java.util.concurrent.ThreadPoolExecutor$Worker@39e216ad[State = -1, empty queue]] WARN  server.GrpcLogAppender (GrpcLogAppender.java:timeoutAppendRequest(200)) - d43b0c61-8f3a-4c5a-ae51-ff6150aafa7d@group-F512E466BF16->18b96c5b-e26d-45b3-8a36-72f0b02f08ab-GrpcLogAppender: appendEntries Timeout, request=d43b0c61-8f3a-4c5a-ae51-ff6150aafa7d->18b96c5b-e26d-45b3-8a36-72f0b02f08ab#186-t1, previous=(t:1, i:34), leaderCommit=30, initializing? false, entries: <empty>
2019-09-16 16:51:11,850 [java.util.concurrent.ThreadPoolExecutor$Worker@4a83313d[State = -1, empty queue]] WARN  server.GrpcLogAppender (GrpcLogAppender.java:timeoutAppendRequest(200)) - d43b0c61-8f3a-4c5a-ae51-ff6150aafa7d@group-F512E466BF16->95da17b0-4e07-4af0-be4f-5c62bf2a50a7-GrpcLogAppender: appendEntries Timeout, request=d43b0c61-8f3a-4c5a-ae51-ff6150aafa7d->95da17b0-4e07-4af0-be4f-5c62bf2a50a7#186-t1, previous=(t:1, i:34), leaderCommit=30, initializing? false, entries: <empty>
2019-09-16 16:51:12,286 [java.util.concurrent.ThreadPoolExecutor$Worker@62322085[State = -1, empty queue]] WARN  server.GrpcLogAppender (GrpcLogAppender.java:timeoutAppendRequest(200)) - 7fc320a2-74a2-44cb-8d45-40912bba4ff2@group-512358092D21->9061b39a-2428-46aa-ac83-e6ff060f5840-GrpcLogAppender: appendEntries Timeout, request=7fc320a2-74a2-44cb-8d45-40912bba4ff2->9061b39a-2428-46aa-ac83-e6ff060f5840#173-t1, previous=(t:1, i:20), leaderCommit=16, initializing? false, entries: <empty>
2019-09-16 16:51:12,326 [grpc-default-executor-1] WARN  server.GrpcLogAppender (LogUtils.java:warn(134)) - 7fc320a2-74a2-44cb-8d45-40912bba4ff2@group-512358092D21->6d73d83e-4bf7-49f9-9c6b-f14bf24667e0-AppendLogResponseHandler: Failed appendEntries: org.apache.ratis.thirdparty.io.grpc.StatusRuntimeException: UNAVAILABLE: io exception
2019-09-16 16:51:12,327 [grpc-default-executor-1] INFO  impl.FollowerInfo (FollowerInfo.java:lambda$new$0(51)) - 7fc320a2-74a2-44cb-8d45-40912bba4ff2@group-512358092D21->6d73d83e-4bf7-49f9-9c6b-f14bf24667e0: nextIndex: updateUnconditionally 7 -> 6
2019-09-16 16:51:12,351 [java.util.concurrent.ThreadPoolExecutor$Worker@39e216ad[State = -1, empty queue]] WARN  server.GrpcLogAppender (GrpcLogAppender.java:timeoutAppendRequest(200)) - d43b0c61-8f3a-4c5a-ae51-ff6150aafa7d@group-F512E466BF16->18b96c5b-e26d-45b3-8a36-72f0b02f08ab-GrpcLogAppender: appendEntries Timeout, request=d43b0c61-8f3a-4c5a-ae51-ff6150aafa7d->18b96c5b-e26d-45b3-8a36-72f0b02f08ab#187-t1, previous=(t:1, i:34), leaderCommit=30, initializing? false, entries: <empty>
2019-09-16 16:51:12,351 [java.util.concurrent.ThreadPoolExecutor$Worker@4a83313d[State = -1, empty queue]] WARN  server.GrpcLogAppender (GrpcLogAppender.java:timeoutAppendRequest(200)) - d43b0c61-8f3a-4c5a-ae51-ff6150aafa7d@group-F512E466BF16->95da17b0-4e07-4af0-be4f-5c62bf2a50a7-GrpcLogAppender: appendEntries Timeout, request=d43b0c61-8f3a-4c5a-ae51-ff6150aafa7d->95da17b0-4e07-4af0-be4f-5c62bf2a50a7#187-t1, previous=(t:1, i:34), leaderCommit=30, initializing? false, entries: <empty>
2019-09-16 16:51:12,358 [ForkJoinPool.commonPool-worker-0] INFO  ozoneimpl.OzoneContainer (OzoneContainer.java:stop(231)) - Attempting to stop container services.
2019-09-16 16:51:12,359 [ForkJoinPool.commonPool-worker-0] INFO  impl.RaftServerProxy (RaftServerProxy.java:lambda$close$4(314)) - 7fc320a2-74a2-44cb-8d45-40912bba4ff2: close
2019-09-16 16:51:12,360 [main] INFO  ozoneimpl.OzoneContainer (OzoneContainer.java:stop(231)) - Attempting to stop container services.
2019-09-16 16:51:12,360 [ForkJoinPool.commonPool-worker-0] INFO  impl.RaftServerImpl (RaftServerImpl.java:lambda$shutdown$3(251)) - 7fc320a2-74a2-44cb-8d45-40912bba4ff2@group-A9E970CCB955: shutdown
2019-09-16 16:51:12,360 [main] INFO  impl.RaftServerProxy (RaftServerProxy.java:lambda$close$4(314)) - 1370fd8c-73fc-4f35-949b-7e5b6187350c: close
2019-09-16 16:51:12,361 [ForkJoinPool.commonPool-worker-0] INFO  util.JmxRegister (JmxRegister.java:unregister(73)) - Successfully un-registered JMX Bean with object name Ratis:service=RaftServer,group=group-A9E970CCB955,id=7fc320a2-74a2-44cb-8d45-40912bba4ff2
2019-09-16 16:51:12,361 [main] INFO  impl.RaftServerImpl (RaftServerImpl.java:lambda$shutdown$3(251)) - 1370fd8c-73fc-4f35-949b-7e5b6187350c@group-FF25A56A1D0A: shutdown
2019-09-16 16:51:12,361 [ForkJoinPool.commonPool-worker-0] INFO  impl.RoleInfo (RoleInfo.java:shutdownLeaderState(104)) - 7fc320a2-74a2-44cb-8d45-40912bba4ff2: shutdown LeaderState
2019-09-16 16:51:12,362 [main] INFO  util.JmxRegister (JmxRegister.java:unregister(73)) - Successfully un-registered JMX Bean with object name Ratis:service=RaftServer,group=group-FF25A56A1D0A,id=1370fd8c-73fc-4f35-949b-7e5b6187350c
2019-09-16 16:51:12,362 [ForkJoinPool.commonPool-worker-0] INFO  impl.PendingRequests (PendingRequests.java:sendNotLeaderResponses(202)) - 7fc320a2-74a2-44cb-8d45-40912bba4ff2-PendingRequests: sendNotLeaderResponses
2019-09-16 16:51:12,362 [main] INFO  impl.RoleInfo (RoleInfo.java:shutdownLeaderState(104)) - 1370fd8c-73fc-4f35-949b-7e5b6187350c: shutdown LeaderState
2019-09-16 16:51:12,363 [main] INFO  impl.PendingRequests (PendingRequests.java:sendNotLeaderResponses(202)) - 1370fd8c-73fc-4f35-949b-7e5b6187350c-PendingRequests: sendNotLeaderResponses
2019-09-16 16:51:12,363 [ForkJoinPool.commonPool-worker-0] INFO  impl.StateMachineUpdater (StateMachineUpdater.java:stopAndJoin(125)) - 7fc320a2-74a2-44cb-8d45-40912bba4ff2@group-A9E970CCB955-StateMachineUpdater: set stopIndex = 0
2019-09-16 16:51:12,363 [main] INFO  impl.StateMachineUpdater (StateMachineUpdater.java:stopAndJoin(125)) - 1370fd8c-73fc-4f35-949b-7e5b6187350c@group-FF25A56A1D0A-StateMachineUpdater: set stopIndex = 0
2019-09-16 16:51:12,364 [ForkJoinPool.commonPool-worker-0] INFO  impl.RaftServerImpl (ServerState.java:close(385)) - 7fc320a2-74a2-44cb-8d45-40912bba4ff2@group-A9E970CCB955: closes. applyIndex: 0
2019-09-16 16:51:12,364 [main] INFO  impl.RaftServerImpl (ServerState.java:close(385)) - 1370fd8c-73fc-4f35-949b-7e5b6187350c@group-FF25A56A1D0A: closes. applyIndex: 0
2019-09-16 16:51:12,365 [7fc320a2-74a2-44cb-8d45-40912bba4ff2@group-A9E970CCB955-SegmentedRaftLogWorker] INFO  segmented.SegmentedRaftLogWorker (SegmentedRaftLogWorker.java:run(313)) - 7fc320a2-74a2-44cb-8d45-40912bba4ff2@group-A9E970CCB955-SegmentedRaftLogWorker was interrupted, exiting. There are 0 tasks remaining in the queue.
2019-09-16 16:51:12,365 [1370fd8c-73fc-4f35-949b-7e5b6187350c@group-FF25A56A1D0A-SegmentedRaftLogWorker] INFO  segmented.SegmentedRaftLogWorker (SegmentedRaftLogWorker.java:run(313)) - 1370fd8c-73fc-4f35-949b-7e5b6187350c@group-FF25A56A1D0A-SegmentedRaftLogWorker was interrupted, exiting. There are 0 tasks remaining in the queue.
2019-09-16 16:51:12,371 [ForkJoinPool.commonPool-worker-0] INFO  segmented.SegmentedRaftLogWorker (SegmentedRaftLogWorker.java:close(228)) - 7fc320a2-74a2-44cb-8d45-40912bba4ff2@group-A9E970CCB955-SegmentedRaftLogWorker close()
2019-09-16 16:51:12,373 [main] INFO  segmented.SegmentedRaftLogWorker (SegmentedRaftLogWorker.java:close(228)) - 1370fd8c-73fc-4f35-949b-7e5b6187350c@group-FF25A56A1D0A-SegmentedRaftLogWorker close()
2019-09-16 16:51:12,377 [ForkJoinPool.commonPool-worker-0] INFO  impl.RaftServerImpl (RaftServerImpl.java:lambda$shutdown$3(251)) - 7fc320a2-74a2-44cb-8d45-40912bba4ff2@group-512358092D21: shutdown
2019-09-16 16:51:12,380 [main] INFO  server.GrpcService (GrpcService.java:closeImpl(164)) - 1370fd8c-73fc-4f35-949b-7e5b6187350c: shutdown server with port 34835 now
2019-09-16 16:51:12,380 [ForkJoinPool.commonPool-worker-0] INFO  util.JmxRegister (JmxRegister.java:unregister(73)) - Successfully un-registered JMX Bean with object name Ratis:service=RaftServer,group=group-512358092D21,id=7fc320a2-74a2-44cb-8d45-40912bba4ff2
2019-09-16 16:51:12,381 [ForkJoinPool.commonPool-worker-0] INFO  impl.RoleInfo (RoleInfo.java:shutdownLeaderState(104)) - 7fc320a2-74a2-44cb-8d45-40912bba4ff2: shutdown LeaderState
2019-09-16 16:51:12,383 [main] INFO  server.GrpcService (GrpcService.java:closeImpl(172)) - 1370fd8c-73fc-4f35-949b-7e5b6187350c: shutdown server with port 34835 successfully
2019-09-16 16:51:12,386 [ForkJoinPool.commonPool-worker-0] INFO  impl.PendingRequests (PendingRequests.java:sendNotLeaderResponses(202)) - 7fc320a2-74a2-44cb-8d45-40912bba4ff2-PendingRequests: sendNotLeaderResponses
2019-09-16 16:51:12,388 [org.apache.ratis.server.impl.LogAppender$AppenderDaemon$$Lambda$445/891093267@421062aa] WARN  server.GrpcLogAppender (GrpcLogAppender.java:mayWait(143)) - 7fc320a2-74a2-44cb-8d45-40912bba4ff2@group-512358092D21->6d73d83e-4bf7-49f9-9c6b-f14bf24667e0-GrpcLogAppender: Wait interrupted by java.lang.InterruptedException
2019-09-16 16:51:12,386 [org.apache.ratis.server.impl.LogAppender$AppenderDaemon$$Lambda$445/891093267@51acc34b] WARN  server.GrpcLogAppender (GrpcLogAppender.java:mayWait(143)) - 7fc320a2-74a2-44cb-8d45-40912bba4ff2@group-512358092D21->9061b39a-2428-46aa-ac83-e6ff060f5840-GrpcLogAppender: Wait interrupted by java.lang.InterruptedException
2019-09-16 16:51:12,393 [ForkJoinPool.commonPool-worker-0] INFO  impl.StateMachineUpdater (StateMachineUpdater.java:stopAndJoin(125)) - 7fc320a2-74a2-44cb-8d45-40912bba4ff2@group-512358092D21-StateMachineUpdater: set stopIndex = 16
2019-09-16 16:51:12,393 [7fc320a2-74a2-44cb-8d45-40912bba4ff2@group-512358092D21-StateMachineUpdater] INFO  ratis.ContainerStateMachine (ContainerStateMachine.java:takeSnapshot(289)) - group-512358092D21: Taking a snapshot at:(t:1, i:12) file /workdir/hadoop-ozone/integration-test/target/test-dir/MiniOzoneClusterImpl-f8b2c6cb-9ce7-4af8-81ae-d81048953348/datanode-3/data/ratis/545130b7-e41f-4170-95cf-512358092d21/sm/snapshot.1_12
2019-09-16 16:51:12,393 [grpc-default-executor-0] INFO  server.GrpcServerProtocolService (GrpcServerProtocolService.java:onCompleted(113)) - 9061b39a-2428-46aa-ac83-e6ff060f5840: Completed APPEND_ENTRIES, lastRequest: 7fc320a2-74a2-44cb-8d45-40912bba4ff2->9061b39a-2428-46aa-ac83-e6ff060f5840#179-t1, previous=(t:1, i:20), leaderCommit=16, initializing? false, entries: <empty>
2019-09-16 16:51:12,394 [refreshUsed-/workdir/hadoop-ozone/integration-test/target/test-dir/MiniOzoneClusterImpl-f8b2c6cb-9ce7-4af8-81ae-d81048953348/datanode-6/data/containers] WARN  fs.CachingGetSpaceUsed (CachingGetSpaceUsed.java:run(183)) - Thread Interrupted waiting to refresh disk information: sleep interrupted
2019-09-16 16:51:12,400 [7fc320a2-74a2-44cb-8d45-40912bba4ff2@group-512358092D21-StateMachineUpdater] INFO  ratis.ContainerStateMachine (ContainerStateMachine.java:takeSnapshot(300)) - group-512358092D21: Finished taking a snapshot at:(t:1, i:12) file:/workdir/hadoop-ozone/integration-test/target/test-dir/MiniOzoneClusterImpl-f8b2c6cb-9ce7-4af8-81ae-d81048953348/datanode-3/data/ratis/545130b7-e41f-4170-95cf-512358092d21/sm/snapshot.1_12 time:7
2019-09-16 16:51:12,400 [7fc320a2-74a2-44cb-8d45-40912bba4ff2@group-512358092D21-StateMachineUpdater] INFO  impl.StateMachineUpdater (StateMachineUpdater.java:takeSnapshot(258)) - 7fc320a2-74a2-44cb-8d45-40912bba4ff2@group-512358092D21-StateMachineUpdater: Took a snapshot at index 12
2019-09-16 16:51:12,400 [grpc-default-executor-0] INFO  server.GrpcLogAppender (GrpcLogAppender.java:onCompleted(293)) - 7fc320a2-74a2-44cb-8d45-40912bba4ff2@group-512358092D21->9061b39a-2428-46aa-ac83-e6ff060f5840-AppendLogResponseHandler: follower responses appendEntries COMPLETED
2019-09-16 16:51:12,400 [7fc320a2-74a2-44cb-8d45-40912bba4ff2@group-512358092D21-StateMachineUpdater] INFO  impl.StateMachineUpdater (StateMachineUpdater.java:lambda$new$0(83)) - 7fc320a2-74a2-44cb-8d45-40912bba4ff2@group-512358092D21-StateMachineUpdater: snapshotIndex: updateIncreasingly -1 -> 12
2019-09-16 16:51:12,400 [grpc-default-executor-0] INFO  impl.FollowerInfo (FollowerInfo.java:lambda$new$0(51)) - 7fc320a2-74a2-44cb-8d45-40912bba4ff2@group-512358092D21->9061b39a-2428-46aa-ac83-e6ff060f5840: nextIndex: updateUnconditionally 21 -> 17
2019-09-16 16:51:12,401 [7fc320a2-74a2-44cb-8d45-40912bba4ff2@group-512358092D21-StateMachineUpdater] INFO  ratis.ContainerStateMachine (ContainerStateMachine.java:takeSnapshot(289)) - group-512358092D21: Taking a snapshot at:(t:1, i:12) file /workdir/hadoop-ozone/integration-test/target/test-dir/MiniOzoneClusterImpl-f8b2c6cb-9ce7-4af8-81ae-d81048953348/datanode-3/data/ratis/545130b7-e41f-4170-95cf-512358092d21/sm/snapshot.1_12
2019-09-16 16:51:12,404 [7fc320a2-74a2-44cb-8d45-40912bba4ff2@group-512358092D21-StateMachineUpdater] INFO  ratis.ContainerStateMachine (ContainerStateMachine.java:takeSnapshot(300)) - group-512358092D21: Finished taking a snapshot at:(t:1, i:12) file:/workdir/hadoop-ozone/integration-test/target/test-dir/MiniOzoneClusterImpl-f8b2c6cb-9ce7-4af8-81ae-d81048953348/datanode-3/data/ratis/545130b7-e41f-4170-95cf-512358092d21/sm/snapshot.1_12 time:3
2019-09-16 16:51:12,404 [7fc320a2-74a2-44cb-8d45-40912bba4ff2@group-512358092D21-StateMachineUpdater] INFO  impl.StateMachineUpdater (StateMachineUpdater.java:takeSnapshot(258)) - 7fc320a2-74a2-44cb-8d45-40912bba4ff2@group-512358092D21-StateMachineUpdater: Took a snapshot at index 12
2019-09-16 16:51:12,404 [7fc320a2-74a2-44cb-8d45-40912bba4ff2@group-512358092D21-StateMachineUpdater] INFO  impl.StateMachineUpdater (StateMachineUpdater.java:lambda$new$0(83)) - 7fc320a2-74a2-44cb-8d45-40912bba4ff2@group-512358092D21-StateMachineUpdater: snapshotIndex: updateIncreasingly 12 -> 12
2019-09-16 16:51:12,404 [ForkJoinPool.commonPool-worker-0] INFO  impl.RaftServerImpl (ServerState.java:close(385)) - 7fc320a2-74a2-44cb-8d45-40912bba4ff2@group-512358092D21: closes. applyIndex: 16
2019-09-16 16:51:12,406 [7fc320a2-74a2-44cb-8d45-40912bba4ff2@group-512358092D21-SegmentedRaftLogWorker] ERROR ratis.XceiverServerRatis (XceiverServerRatis.java:triggerPipelineClose(568)) - pipeline Action CLOSE  on pipeline PipelineID=545130b7-e41f-4170-95cf-512358092d21.Reason : WriteLog:19: (t:1, i:19), STATEMACHINELOGENTRY, client-F1A86D2C076E, cid=53-writeStateMachineData interrupted.
2019-09-16 16:51:12,415 [ForkJoinPool.commonPool-worker-0] INFO  segmented.SegmentedRaftLogWorker (SegmentedRaftLogWorker.java:close(228)) - 7fc320a2-74a2-44cb-8d45-40912bba4ff2@group-512358092D21-SegmentedRaftLogWorker close()
2019-09-16 16:51:12,417 [ForkJoinPool.commonPool-worker-0] INFO  server.GrpcService (GrpcService.java:closeImpl(164)) - 7fc320a2-74a2-44cb-8d45-40912bba4ff2: shutdown server with port 36256 now
2019-09-16 16:51:12,417 [ForkJoinPool.commonPool-worker-0] INFO  server.GrpcService (GrpcService.java:closeImpl(172)) - 7fc320a2-74a2-44cb-8d45-40912bba4ff2: shutdown server with port 36256 successfully
2019-09-16 16:51:12,418 [refreshUsed-/workdir/hadoop-ozone/integration-test/target/test-dir/MiniOzoneClusterImpl-f8b2c6cb-9ce7-4af8-81ae-d81048953348/datanode-3/data/containers] WARN  fs.CachingGetSpaceUsed (CachingGetSpaceUsed.java:run(183)) - Thread Interrupted waiting to refresh disk information: sleep interrupted
2019-09-16 16:51:12,427 [main] INFO  utils.BackgroundService (BackgroundService.java:shutdown(148)) - Shutting down service BlockDeletingService
2019-09-16 16:51:12,431 [main] INFO  statemachine.DatanodeStateMachine (DatanodeStateMachine.java:stopDaemon(395)) - Ozone container server stopped.
2019-09-16 16:51:12,432 [main] INFO  handler.ContextHandler (ContextHandler.java:doStop(910)) - Stopped o.e.j.w.WebAppContext@6e4c0d8c{/,null,UNAVAILABLE}{/hddsDatanode}
2019-09-16 16:51:12,433 [main] INFO  server.AbstractConnector (AbstractConnector.java:doStop(318)) - Stopped ServerConnector@3e3315d9{HTTP/1.1,[http/1.1]}{0.0.0.0:0}
2019-09-16 16:51:12,433 [main] INFO  handler.ContextHandler (ContextHandler.java:doStop(910)) - Stopped o.e.j.s.ServletContextHandler@3b920bdc{/static,jar:file:/home/user/.m2/repository/org/apache/hadoop/hadoop-hdds-container-service/0.5.0-SNAPSHOT/hadoop-hdds-container-service-0.5.0-SNAPSHOT.jar!/webapps/static,UNAVAILABLE}
2019-09-16 16:51:12,434 [main] INFO  handler.ContextHandler (ContextHandler.java:doStop(910)) - Stopped o.e.j.s.ServletContextHandler@1a22e0ef{/logs,file:///workdir/hadoop-ozone/integration-test/target/log,UNAVAILABLE}
2019-09-16 16:51:12,435 [ForkJoinPool.commonPool-worker-0] INFO  utils.BackgroundService (BackgroundService.java:shutdown(148)) - Shutting down service BlockDeletingService
2019-09-16 16:51:12,438 [ForkJoinPool.commonPool-worker-0] INFO  statemachine.DatanodeStateMachine (DatanodeStateMachine.java:stopDaemon(395)) - Ozone container server stopped.
2019-09-16 16:51:12,442 [ForkJoinPool.commonPool-worker-0] INFO  handler.ContextHandler (ContextHandler.java:doStop(910)) - Stopped o.e.j.w.WebAppContext@7d44a19{/,null,UNAVAILABLE}{/hddsDatanode}
2019-09-16 16:51:12,443 [ForkJoinPool.commonPool-worker-0] INFO  server.AbstractConnector (AbstractConnector.java:doStop(318)) - Stopped ServerConnector@1fb2d5e{HTTP/1.1,[http/1.1]}{0.0.0.0:0}
2019-09-16 16:51:12,444 [ForkJoinPool.commonPool-worker-0] INFO  handler.ContextHandler (ContextHandler.java:doStop(910)) - Stopped o.e.j.s.ServletContextHandler@53b7ce6{/static,jar:file:/home/user/.m2/repository/org/apache/hadoop/hadoop-hdds-container-service/0.5.0-SNAPSHOT/hadoop-hdds-container-service-0.5.0-SNAPSHOT.jar!/webapps/static,UNAVAILABLE}
2019-09-16 16:51:12,445 [ForkJoinPool.commonPool-worker-0] INFO  handler.ContextHandler (ContextHandler.java:doStop(910)) - Stopped o.e.j.s.ServletContextHandler@74ecacc3{/logs,file:///workdir/hadoop-ozone/integration-test/target/log,UNAVAILABLE}
2019-09-16 16:51:12,851 [java.util.concurrent.ThreadPoolExecutor$Worker@39e216ad[State = -1, empty queue]] WARN  server.GrpcLogAppender (GrpcLogAppender.java:timeoutAppendRequest(200)) - d43b0c61-8f3a-4c5a-ae51-ff6150aafa7d@group-F512E466BF16->18b96c5b-e26d-45b3-8a36-72f0b02f08ab-GrpcLogAppender: appendEntries Timeout, request=d43b0c61-8f3a-4c5a-ae51-ff6150aafa7d->18b96c5b-e26d-45b3-8a36-72f0b02f08ab#188-t1, previous=(t:1, i:34), leaderCommit=30, initializing? false, entries: <empty>
2019-09-16 16:51:12,851 [java.util.concurrent.ThreadPoolExecutor$Worker@4a83313d[State = -1, empty queue]] WARN  server.GrpcLogAppender (GrpcLogAppender.java:timeoutAppendRequest(200)) - d43b0c61-8f3a-4c5a-ae51-ff6150aafa7d@group-F512E466BF16->95da17b0-4e07-4af0-be4f-5c62bf2a50a7-GrpcLogAppender: appendEntries Timeout, request=d43b0c61-8f3a-4c5a-ae51-ff6150aafa7d->95da17b0-4e07-4af0-be4f-5c62bf2a50a7#188-t1, previous=(t:1, i:34), leaderCommit=30, initializing? false, entries: <empty>
2019-09-16 16:51:12,986 [Datanode State Machine Thread - 0] INFO  statemachine.DatanodeStateMachine (DatanodeStateMachine.java:lambda$startDaemon$0(350)) - Ozone container server started.
2019-09-16 16:51:13,344 [Datanode State Machine Thread - 0] INFO  statemachine.DatanodeStateMachine (DatanodeStateMachine.java:lambda$startDaemon$0(350)) - Ozone container server started.
2019-09-16 16:51:13,351 [java.util.concurrent.ThreadPoolExecutor$Worker@4a83313d[State = -1, empty queue]] WARN  server.GrpcLogAppender (GrpcLogAppender.java:timeoutAppendRequest(200)) - d43b0c61-8f3a-4c5a-ae51-ff6150aafa7d@group-F512E466BF16->95da17b0-4e07-4af0-be4f-5c62bf2a50a7-GrpcLogAppender: appendEntries Timeout, request=d43b0c61-8f3a-4c5a-ae51-ff6150aafa7d->95da17b0-4e07-4af0-be4f-5c62bf2a50a7#189-t1, previous=(t:1, i:34), leaderCommit=30, initializing? false, entries: <empty>
2019-09-16 16:51:13,351 [java.util.concurrent.ThreadPoolExecutor$Worker@39e216ad[State = -1, empty queue]] WARN  server.GrpcLogAppender (GrpcLogAppender.java:timeoutAppendRequest(200)) - d43b0c61-8f3a-4c5a-ae51-ff6150aafa7d@group-F512E466BF16->18b96c5b-e26d-45b3-8a36-72f0b02f08ab-GrpcLogAppender: appendEntries Timeout, request=d43b0c61-8f3a-4c5a-ae51-ff6150aafa7d->18b96c5b-e26d-45b3-8a36-72f0b02f08ab#189-t1, previous=(t:1, i:34), leaderCommit=30, initializing? false, entries: <empty>
2019-09-16 16:51:13,829 [d43b0c61-8f3a-4c5a-ae51-ff6150aafa7d@group-F512E466BF16-SegmentedRaftLogWorker] WARN  segmented.SegmentedRaftLogWorker (SegmentedRaftLogWorker.java:getFromFuture(90)) - Timeout 2/~
org.apache.ratis.protocol.TimeoutIOException: Timeout 10s: WriteLog:31: (t:1, i:31), STATEMACHINELOGENTRY, client-82F6639D1098, cid=64-writeStateMachineData
	at org.apache.ratis.util.IOUtils.getFromFuture(IOUtils.java:87)
	at org.apache.ratis.server.raftlog.segmented.SegmentedRaftLogWorker$StateMachineDataPolicy.getFromFuture(SegmentedRaftLogWorker.java:87)
	at org.apache.ratis.server.raftlog.segmented.SegmentedRaftLogWorker$WriteLog.execute(SegmentedRaftLogWorker.java:477)
	at org.apache.ratis.server.raftlog.segmented.SegmentedRaftLogWorker.run(SegmentedRaftLogWorker.java:289)
	at java.lang.Thread.run(Thread.java:748)
Caused by: java.util.concurrent.TimeoutException
	at java.util.concurrent.CompletableFuture.timedGet(CompletableFuture.java:1771)
	at java.util.concurrent.CompletableFuture.get(CompletableFuture.java:1915)
	at org.apache.ratis.util.IOUtils.getFromFuture(IOUtils.java:79)
	... 4 more
2019-09-16 16:51:13,829 [95da17b0-4e07-4af0-be4f-5c62bf2a50a7@group-F512E466BF16-SegmentedRaftLogWorker] WARN  segmented.SegmentedRaftLogWorker (SegmentedRaftLogWorker.java:getFromFuture(90)) - Timeout 2/~
org.apache.ratis.protocol.TimeoutIOException: Timeout 10s: WriteLog:31: (t:1, i:31), STATEMACHINELOGENTRY, client-82F6639D1098, cid=64-writeStateMachineData
	at org.apache.ratis.util.IOUtils.getFromFuture(IOUtils.java:87)
	at org.apache.ratis.server.raftlog.segmented.SegmentedRaftLogWorker$StateMachineDataPolicy.getFromFuture(SegmentedRaftLogWorker.java:87)
	at org.apache.ratis.server.raftlog.segmented.SegmentedRaftLogWorker$WriteLog.execute(SegmentedRaftLogWorker.java:477)
	at org.apache.ratis.server.raftlog.segmented.SegmentedRaftLogWorker.run(SegmentedRaftLogWorker.java:289)
	at java.lang.Thread.run(Thread.java:748)
Caused by: java.util.concurrent.TimeoutException
	at java.util.concurrent.CompletableFuture.timedGet(CompletableFuture.java:1771)
	at java.util.concurrent.CompletableFuture.get(CompletableFuture.java:1915)
	at org.apache.ratis.util.IOUtils.getFromFuture(IOUtils.java:79)
	... 4 more
2019-09-16 16:51:13,830 [18b96c5b-e26d-45b3-8a36-72f0b02f08ab@group-F512E466BF16-SegmentedRaftLogWorker] WARN  segmented.SegmentedRaftLogWorker (SegmentedRaftLogWorker.java:getFromFuture(90)) - Timeout 2/~
org.apache.ratis.protocol.TimeoutIOException: Timeout 10s: WriteLog:31: (t:1, i:31), STATEMACHINELOGENTRY, client-82F6639D1098, cid=64-writeStateMachineData
	at org.apache.ratis.util.IOUtils.getFromFuture(IOUtils.java:87)
	at org.apache.ratis.server.raftlog.segmented.SegmentedRaftLogWorker$StateMachineDataPolicy.getFromFuture(SegmentedRaftLogWorker.java:87)
	at org.apache.ratis.server.raftlog.segmented.SegmentedRaftLogWorker$WriteLog.execute(SegmentedRaftLogWorker.java:477)
	at org.apache.ratis.server.raftlog.segmented.SegmentedRaftLogWorker.run(SegmentedRaftLogWorker.java:289)
	at java.lang.Thread.run(Thread.java:748)
Caused by: java.util.concurrent.TimeoutException
	at java.util.concurrent.CompletableFuture.timedGet(CompletableFuture.java:1771)
	at java.util.concurrent.CompletableFuture.get(CompletableFuture.java:1915)
	at org.apache.ratis.util.IOUtils.getFromFuture(IOUtils.java:79)
	... 4 more
2019-09-16 16:51:13,851 [java.util.concurrent.ThreadPoolExecutor$Worker@4a83313d[State = -1, empty queue]] WARN  server.GrpcLogAppender (GrpcLogAppender.java:timeoutAppendRequest(200)) - d43b0c61-8f3a-4c5a-ae51-ff6150aafa7d@group-F512E466BF16->95da17b0-4e07-4af0-be4f-5c62bf2a50a7-GrpcLogAppender: appendEntries Timeout, request=d43b0c61-8f3a-4c5a-ae51-ff6150aafa7d->95da17b0-4e07-4af0-be4f-5c62bf2a50a7#190-t1, previous=(t:1, i:34), leaderCommit=30, initializing? false, entries: <empty>
2019-09-16 16:51:13,851 [java.util.concurrent.ThreadPoolExecutor$Worker@39e216ad[State = -1, empty queue]] WARN  server.GrpcLogAppender (GrpcLogAppender.java:timeoutAppendRequest(200)) - d43b0c61-8f3a-4c5a-ae51-ff6150aafa7d@group-F512E466BF16->18b96c5b-e26d-45b3-8a36-72f0b02f08ab-GrpcLogAppender: appendEntries Timeout, request=d43b0c61-8f3a-4c5a-ae51-ff6150aafa7d->18b96c5b-e26d-45b3-8a36-72f0b02f08ab#190-t1, previous=(t:1, i:34), leaderCommit=30, initializing? false, entries: <empty>
2019-09-16 16:51:14,352 [java.util.concurrent.ThreadPoolExecutor$Worker@4a83313d[State = -1, empty queue]] WARN  server.GrpcLogAppender (GrpcLogAppender.java:timeoutAppendRequest(200)) - d43b0c61-8f3a-4c5a-ae51-ff6150aafa7d@group-F512E466BF16->95da17b0-4e07-4af0-be4f-5c62bf2a50a7-GrpcLogAppender: appendEntries Timeout, request=d43b0c61-8f3a-4c5a-ae51-ff6150aafa7d->95da17b0-4e07-4af0-be4f-5c62bf2a50a7#191-t1, previous=(t:1, i:34), leaderCommit=30, initializing? false, entries: <empty>
2019-09-16 16:51:14,352 [java.util.concurrent.ThreadPoolExecutor$Worker@39e216ad[State = -1, empty queue]] WARN  server.GrpcLogAppender (GrpcLogAppender.java:timeoutAppendRequest(200)) - d43b0c61-8f3a-4c5a-ae51-ff6150aafa7d@group-F512E466BF16->18b96c5b-e26d-45b3-8a36-72f0b02f08ab-GrpcLogAppender: appendEntries Timeout, request=d43b0c61-8f3a-4c5a-ae51-ff6150aafa7d->18b96c5b-e26d-45b3-8a36-72f0b02f08ab#191-t1, previous=(t:1, i:34), leaderCommit=30, initializing? false, entries: <empty>
2019-09-16 16:51:14,852 [java.util.concurrent.ThreadPoolExecutor$Worker@4a83313d[State = -1, empty queue]] WARN  server.GrpcLogAppender (GrpcLogAppender.java:timeoutAppendRequest(200)) - d43b0c61-8f3a-4c5a-ae51-ff6150aafa7d@group-F512E466BF16->95da17b0-4e07-4af0-be4f-5c62bf2a50a7-GrpcLogAppender: appendEntries Timeout, request=d43b0c61-8f3a-4c5a-ae51-ff6150aafa7d->95da17b0-4e07-4af0-be4f-5c62bf2a50a7#192-t1, previous=(t:1, i:34), leaderCommit=30, initializing? false, entries: <empty>
2019-09-16 16:51:14,852 [java.util.concurrent.ThreadPoolExecutor$Worker@39e216ad[State = -1, empty queue]] WARN  server.GrpcLogAppender (GrpcLogAppender.java:timeoutAppendRequest(200)) - d43b0c61-8f3a-4c5a-ae51-ff6150aafa7d@group-F512E466BF16->18b96c5b-e26d-45b3-8a36-72f0b02f08ab-GrpcLogAppender: appendEntries Timeout, request=d43b0c61-8f3a-4c5a-ae51-ff6150aafa7d->18b96c5b-e26d-45b3-8a36-72f0b02f08ab#192-t1, previous=(t:1, i:34), leaderCommit=30, initializing? false, entries: <empty>
2019-09-16 16:51:15,352 [java.util.concurrent.ThreadPoolExecutor$Worker@4a83313d[State = -1, empty queue]] WARN  server.GrpcLogAppender (GrpcLogAppender.java:timeoutAppendRequest(200)) - d43b0c61-8f3a-4c5a-ae51-ff6150aafa7d@group-F512E466BF16->95da17b0-4e07-4af0-be4f-5c62bf2a50a7-GrpcLogAppender: appendEntries Timeout, request=d43b0c61-8f3a-4c5a-ae51-ff6150aafa7d->95da17b0-4e07-4af0-be4f-5c62bf2a50a7#193-t1, previous=(t:1, i:34), leaderCommit=30, initializing? false, entries: <empty>
2019-09-16 16:51:15,352 [java.util.concurrent.ThreadPoolExecutor$Worker@39e216ad[State = -1, empty queue]] WARN  server.GrpcLogAppender (GrpcLogAppender.java:timeoutAppendRequest(200)) - d43b0c61-8f3a-4c5a-ae51-ff6150aafa7d@group-F512E466BF16->18b96c5b-e26d-45b3-8a36-72f0b02f08ab-GrpcLogAppender: appendEntries Timeout, request=d43b0c61-8f3a-4c5a-ae51-ff6150aafa7d->18b96c5b-e26d-45b3-8a36-72f0b02f08ab#193-t1, previous=(t:1, i:34), leaderCommit=30, initializing? false, entries: <empty>
2019-09-16 16:51:15,852 [java.util.concurrent.ThreadPoolExecutor$Worker@39e216ad[State = -1, empty queue]] WARN  server.GrpcLogAppender (GrpcLogAppender.java:timeoutAppendRequest(200)) - d43b0c61-8f3a-4c5a-ae51-ff6150aafa7d@group-F512E466BF16->18b96c5b-e26d-45b3-8a36-72f0b02f08ab-GrpcLogAppender: appendEntries Timeout, request=d43b0c61-8f3a-4c5a-ae51-ff6150aafa7d->18b96c5b-e26d-45b3-8a36-72f0b02f08ab#194-t1, previous=(t:1, i:34), leaderCommit=30, initializing? false, entries: <empty>
2019-09-16 16:51:15,852 [java.util.concurrent.ThreadPoolExecutor$Worker@4a83313d[State = -1, empty queue]] WARN  server.GrpcLogAppender (GrpcLogAppender.java:timeoutAppendRequest(200)) - d43b0c61-8f3a-4c5a-ae51-ff6150aafa7d@group-F512E466BF16->95da17b0-4e07-4af0-be4f-5c62bf2a50a7-GrpcLogAppender: appendEntries Timeout, request=d43b0c61-8f3a-4c5a-ae51-ff6150aafa7d->95da17b0-4e07-4af0-be4f-5c62bf2a50a7#194-t1, previous=(t:1, i:34), leaderCommit=30, initializing? false, entries: <empty>
2019-09-16 16:51:16,353 [java.util.concurrent.ThreadPoolExecutor$Worker@39e216ad[State = -1, empty queue]] WARN  server.GrpcLogAppender (GrpcLogAppender.java:timeoutAppendRequest(200)) - d43b0c61-8f3a-4c5a-ae51-ff6150aafa7d@group-F512E466BF16->18b96c5b-e26d-45b3-8a36-72f0b02f08ab-GrpcLogAppender: appendEntries Timeout, request=d43b0c61-8f3a-4c5a-ae51-ff6150aafa7d->18b96c5b-e26d-45b3-8a36-72f0b02f08ab#195-t1, previous=(t:1, i:34), leaderCommit=30, initializing? false, entries: <empty>
2019-09-16 16:51:16,353 [java.util.concurrent.ThreadPoolExecutor$Worker@4a83313d[State = -1, empty queue]] WARN  server.GrpcLogAppender (GrpcLogAppender.java:timeoutAppendRequest(200)) - d43b0c61-8f3a-4c5a-ae51-ff6150aafa7d@group-F512E466BF16->95da17b0-4e07-4af0-be4f-5c62bf2a50a7-GrpcLogAppender: appendEntries Timeout, request=d43b0c61-8f3a-4c5a-ae51-ff6150aafa7d->95da17b0-4e07-4af0-be4f-5c62bf2a50a7#195-t1, previous=(t:1, i:34), leaderCommit=30, initializing? false, entries: <empty>
2019-09-16 16:51:16,853 [java.util.concurrent.ThreadPoolExecutor$Worker@39e216ad[State = -1, empty queue]] WARN  server.GrpcLogAppender (GrpcLogAppender.java:timeoutAppendRequest(200)) - d43b0c61-8f3a-4c5a-ae51-ff6150aafa7d@group-F512E466BF16->18b96c5b-e26d-45b3-8a36-72f0b02f08ab-GrpcLogAppender: appendEntries Timeout, request=d43b0c61-8f3a-4c5a-ae51-ff6150aafa7d->18b96c5b-e26d-45b3-8a36-72f0b02f08ab#196-t1, previous=(t:1, i:34), leaderCommit=30, initializing? false, entries: <empty>
2019-09-16 16:51:16,853 [java.util.concurrent.ThreadPoolExecutor$Worker@4a83313d[State = -1, empty queue]] WARN  server.GrpcLogAppender (GrpcLogAppender.java:timeoutAppendRequest(200)) - d43b0c61-8f3a-4c5a-ae51-ff6150aafa7d@group-F512E466BF16->95da17b0-4e07-4af0-be4f-5c62bf2a50a7-GrpcLogAppender: appendEntries Timeout, request=d43b0c61-8f3a-4c5a-ae51-ff6150aafa7d->95da17b0-4e07-4af0-be4f-5c62bf2a50a7#196-t1, previous=(t:1, i:34), leaderCommit=30, initializing? false, entries: <empty>
2019-09-16 16:51:17,353 [java.util.concurrent.ThreadPoolExecutor$Worker@39e216ad[State = -1, empty queue]] WARN  server.GrpcLogAppender (GrpcLogAppender.java:timeoutAppendRequest(200)) - d43b0c61-8f3a-4c5a-ae51-ff6150aafa7d@group-F512E466BF16->18b96c5b-e26d-45b3-8a36-72f0b02f08ab-GrpcLogAppender: appendEntries Timeout, request=d43b0c61-8f3a-4c5a-ae51-ff6150aafa7d->18b96c5b-e26d-45b3-8a36-72f0b02f08ab#197-t1, previous=(t:1, i:34), leaderCommit=30, initializing? false, entries: <empty>
2019-09-16 16:51:17,353 [java.util.concurrent.ThreadPoolExecutor$Worker@4a83313d[State = -1, empty queue]] WARN  server.GrpcLogAppender (GrpcLogAppender.java:timeoutAppendRequest(200)) - d43b0c61-8f3a-4c5a-ae51-ff6150aafa7d@group-F512E466BF16->95da17b0-4e07-4af0-be4f-5c62bf2a50a7-GrpcLogAppender: appendEntries Timeout, request=d43b0c61-8f3a-4c5a-ae51-ff6150aafa7d->95da17b0-4e07-4af0-be4f-5c62bf2a50a7#197-t1, previous=(t:1, i:34), leaderCommit=30, initializing? false, entries: <empty>
2019-09-16 16:51:17,436 [main] INFO  ozoneimpl.OzoneContainer (OzoneContainer.java:stop(231)) - Attempting to stop container services.
2019-09-16 16:51:17,437 [main] INFO  impl.RaftServerProxy (RaftServerProxy.java:lambda$close$4(314)) - 9061b39a-2428-46aa-ac83-e6ff060f5840: close
2019-09-16 16:51:17,437 [main] INFO  impl.RaftServerImpl (RaftServerImpl.java:lambda$shutdown$3(251)) - 9061b39a-2428-46aa-ac83-e6ff060f5840@group-20A972494FA1: shutdown
2019-09-16 16:51:17,438 [main] INFO  util.JmxRegister (JmxRegister.java:unregister(73)) - Successfully un-registered JMX Bean with object name Ratis:service=RaftServer,group=group-20A972494FA1,id=9061b39a-2428-46aa-ac83-e6ff060f5840
2019-09-16 16:51:17,438 [main] INFO  impl.RoleInfo (RoleInfo.java:shutdownLeaderState(104)) - 9061b39a-2428-46aa-ac83-e6ff060f5840: shutdown LeaderState
2019-09-16 16:51:17,439 [main] INFO  impl.PendingRequests (PendingRequests.java:sendNotLeaderResponses(202)) - 9061b39a-2428-46aa-ac83-e6ff060f5840-PendingRequests: sendNotLeaderResponses
2019-09-16 16:51:17,439 [main] INFO  impl.StateMachineUpdater (StateMachineUpdater.java:stopAndJoin(125)) - 9061b39a-2428-46aa-ac83-e6ff060f5840@group-20A972494FA1-StateMachineUpdater: set stopIndex = 0
2019-09-16 16:51:17,440 [main] INFO  impl.RaftServerImpl (ServerState.java:close(385)) - 9061b39a-2428-46aa-ac83-e6ff060f5840@group-20A972494FA1: closes. applyIndex: 0
2019-09-16 16:51:17,440 [9061b39a-2428-46aa-ac83-e6ff060f5840@group-20A972494FA1-SegmentedRaftLogWorker] INFO  segmented.SegmentedRaftLogWorker (SegmentedRaftLogWorker.java:run(313)) - 9061b39a-2428-46aa-ac83-e6ff060f5840@group-20A972494FA1-SegmentedRaftLogWorker was interrupted, exiting. There are 0 tasks remaining in the queue.
2019-09-16 16:51:17,441 [main] INFO  segmented.SegmentedRaftLogWorker (SegmentedRaftLogWorker.java:close(228)) - 9061b39a-2428-46aa-ac83-e6ff060f5840@group-20A972494FA1-SegmentedRaftLogWorker close()
2019-09-16 16:51:17,447 [main] INFO  impl.RaftServerImpl (RaftServerImpl.java:lambda$shutdown$3(251)) - 9061b39a-2428-46aa-ac83-e6ff060f5840@group-512358092D21: shutdown
2019-09-16 16:51:17,447 [ForkJoinPool.commonPool-worker-0] INFO  ozoneimpl.OzoneContainer (OzoneContainer.java:stop(231)) - Attempting to stop container services.
2019-09-16 16:51:17,448 [main] INFO  util.JmxRegister (JmxRegister.java:unregister(73)) - Successfully un-registered JMX Bean with object name Ratis:service=RaftServer,group=group-512358092D21,id=9061b39a-2428-46aa-ac83-e6ff060f5840
2019-09-16 16:51:17,448 [ForkJoinPool.commonPool-worker-0] INFO  impl.RaftServerProxy (RaftServerProxy.java:lambda$close$4(314)) - d43b0c61-8f3a-4c5a-ae51-ff6150aafa7d: close
2019-09-16 16:51:17,448 [main] INFO  impl.RoleInfo (RoleInfo.java:shutdownFollowerState(121)) - 9061b39a-2428-46aa-ac83-e6ff060f5840: shutdown FollowerState
2019-09-16 16:51:17,448 [ForkJoinPool.commonPool-worker-0] INFO  impl.RaftServerImpl (RaftServerImpl.java:lambda$shutdown$3(251)) - d43b0c61-8f3a-4c5a-ae51-ff6150aafa7d@group-CB6E27F550FA: shutdown
2019-09-16 16:51:17,449 [9061b39a-2428-46aa-ac83-e6ff060f5840@group-512358092D21-StateMachineUpdater] INFO  ratis.ContainerStateMachine (ContainerStateMachine.java:takeSnapshot(289)) - group-512358092D21: Taking a snapshot at:(t:1, i:12) file /workdir/hadoop-ozone/integration-test/target/test-dir/MiniOzoneClusterImpl-f8b2c6cb-9ce7-4af8-81ae-d81048953348/datanode-8/data/ratis/545130b7-e41f-4170-95cf-512358092d21/sm/snapshot.1_12
2019-09-16 16:51:17,449 [main] INFO  impl.StateMachineUpdater (StateMachineUpdater.java:stopAndJoin(125)) - 9061b39a-2428-46aa-ac83-e6ff060f5840@group-512358092D21-StateMachineUpdater: set stopIndex = 16
2019-09-16 16:51:17,449 [ForkJoinPool.commonPool-worker-0] INFO  util.JmxRegister (JmxRegister.java:unregister(73)) - Successfully un-registered JMX Bean with object name Ratis:service=RaftServer,group=group-CB6E27F550FA,id=d43b0c61-8f3a-4c5a-ae51-ff6150aafa7d
2019-09-16 16:51:17,450 [ForkJoinPool.commonPool-worker-0] INFO  impl.RoleInfo (RoleInfo.java:shutdownLeaderState(104)) - d43b0c61-8f3a-4c5a-ae51-ff6150aafa7d: shutdown LeaderState
2019-09-16 16:51:17,449 [Thread-376] INFO  impl.FollowerState (FollowerState.java:run(115)) - 9061b39a-2428-46aa-ac83-e6ff060f5840: FollowerState was interrupted: java.lang.InterruptedException: sleep interrupted
2019-09-16 16:51:17,450 [ForkJoinPool.commonPool-worker-0] INFO  impl.PendingRequests (PendingRequests.java:sendNotLeaderResponses(202)) - d43b0c61-8f3a-4c5a-ae51-ff6150aafa7d-PendingRequests: sendNotLeaderResponses
2019-09-16 16:51:17,450 [ForkJoinPool.commonPool-worker-0] INFO  impl.StateMachineUpdater (StateMachineUpdater.java:stopAndJoin(125)) - d43b0c61-8f3a-4c5a-ae51-ff6150aafa7d@group-CB6E27F550FA-StateMachineUpdater: set stopIndex = 0
2019-09-16 16:51:17,451 [ForkJoinPool.commonPool-worker-0] INFO  impl.RaftServerImpl (ServerState.java:close(385)) - d43b0c61-8f3a-4c5a-ae51-ff6150aafa7d@group-CB6E27F550FA: closes. applyIndex: 0
2019-09-16 16:51:17,451 [d43b0c61-8f3a-4c5a-ae51-ff6150aafa7d@group-CB6E27F550FA-SegmentedRaftLogWorker] INFO  segmented.SegmentedRaftLogWorker (SegmentedRaftLogWorker.java:run(313)) - d43b0c61-8f3a-4c5a-ae51-ff6150aafa7d@group-CB6E27F550FA-SegmentedRaftLogWorker was interrupted, exiting. There are 0 tasks remaining in the queue.
2019-09-16 16:51:17,452 [ForkJoinPool.commonPool-worker-0] INFO  segmented.SegmentedRaftLogWorker (SegmentedRaftLogWorker.java:close(228)) - d43b0c61-8f3a-4c5a-ae51-ff6150aafa7d@group-CB6E27F550FA-SegmentedRaftLogWorker close()
2019-09-16 16:51:17,453 [ForkJoinPool.commonPool-worker-0] INFO  impl.RaftServerImpl (RaftServerImpl.java:lambda$shutdown$3(251)) - d43b0c61-8f3a-4c5a-ae51-ff6150aafa7d@group-F512E466BF16: shutdown
2019-09-16 16:51:17,454 [ForkJoinPool.commonPool-worker-0] INFO  util.JmxRegister (JmxRegister.java:unregister(73)) - Successfully un-registered JMX Bean with object name Ratis:service=RaftServer,group=group-F512E466BF16,id=d43b0c61-8f3a-4c5a-ae51-ff6150aafa7d
2019-09-16 16:51:17,454 [ForkJoinPool.commonPool-worker-0] INFO  impl.RoleInfo (RoleInfo.java:shutdownLeaderState(104)) - d43b0c61-8f3a-4c5a-ae51-ff6150aafa7d: shutdown LeaderState
2019-09-16 16:51:17,457 [ForkJoinPool.commonPool-worker-0] INFO  impl.PendingRequests (PendingRequests.java:sendNotLeaderResponses(202)) - d43b0c61-8f3a-4c5a-ae51-ff6150aafa7d-PendingRequests: sendNotLeaderResponses
2019-09-16 16:51:17,457 [org.apache.ratis.server.impl.LogAppender$AppenderDaemon$$Lambda$445/891093267@6bb46c2b] WARN  server.GrpcLogAppender (GrpcLogAppender.java:mayWait(143)) - d43b0c61-8f3a-4c5a-ae51-ff6150aafa7d@group-F512E466BF16->18b96c5b-e26d-45b3-8a36-72f0b02f08ab-GrpcLogAppender: Wait interrupted by java.lang.InterruptedException
2019-09-16 16:51:17,457 [org.apache.ratis.server.impl.LogAppender$AppenderDaemon$$Lambda$445/891093267@3b4d0c60] WARN  server.GrpcLogAppender (GrpcLogAppender.java:mayWait(143)) - d43b0c61-8f3a-4c5a-ae51-ff6150aafa7d@group-F512E466BF16->95da17b0-4e07-4af0-be4f-5c62bf2a50a7-GrpcLogAppender: Wait interrupted by java.lang.InterruptedException
2019-09-16 16:51:17,458 [grpc-default-executor-1] INFO  server.GrpcServerProtocolService (GrpcServerProtocolService.java:onCompleted(113)) - 95da17b0-4e07-4af0-be4f-5c62bf2a50a7: Completed APPEND_ENTRIES, lastRequest: d43b0c61-8f3a-4c5a-ae51-ff6150aafa7d->95da17b0-4e07-4af0-be4f-5c62bf2a50a7#203-t1, previous=(t:1, i:34), leaderCommit=30, initializing? false, entries: <empty>
2019-09-16 16:51:17,462 [ForkJoinPool.commonPool-worker-0] INFO  impl.StateMachineUpdater (StateMachineUpdater.java:stopAndJoin(125)) - d43b0c61-8f3a-4c5a-ae51-ff6150aafa7d@group-F512E466BF16-StateMachineUpdater: set stopIndex = 30
2019-09-16 16:51:17,458 [grpc-default-executor-0] INFO  server.GrpcServerProtocolService (GrpcServerProtocolService.java:onCompleted(113)) - 18b96c5b-e26d-45b3-8a36-72f0b02f08ab: Completed APPEND_ENTRIES, lastRequest: d43b0c61-8f3a-4c5a-ae51-ff6150aafa7d->18b96c5b-e26d-45b3-8a36-72f0b02f08ab#203-t1, previous=(t:1, i:34), leaderCommit=30, initializing? false, entries: <empty>
2019-09-16 16:51:17,462 [d43b0c61-8f3a-4c5a-ae51-ff6150aafa7d@group-F512E466BF16-StateMachineUpdater] INFO  ratis.ContainerStateMachine (ContainerStateMachine.java:takeSnapshot(289)) - group-F512E466BF16: Taking a snapshot at:(t:1, i:28) file /workdir/hadoop-ozone/integration-test/target/test-dir/MiniOzoneClusterImpl-f8b2c6cb-9ce7-4af8-81ae-d81048953348/datanode-0/data/ratis/dfec251d-54fc-408a-b579-f512e466bf16/sm/snapshot.1_28
2019-09-16 16:51:17,463 [grpc-default-executor-0] INFO  server.GrpcLogAppender (GrpcLogAppender.java:onCompleted(293)) - d43b0c61-8f3a-4c5a-ae51-ff6150aafa7d@group-F512E466BF16->18b96c5b-e26d-45b3-8a36-72f0b02f08ab-AppendLogResponseHandler: follower responses appendEntries COMPLETED
2019-09-16 16:51:17,463 [grpc-default-executor-1] INFO  server.GrpcLogAppender (GrpcLogAppender.java:onCompleted(293)) - d43b0c61-8f3a-4c5a-ae51-ff6150aafa7d@group-F512E466BF16->95da17b0-4e07-4af0-be4f-5c62bf2a50a7-AppendLogResponseHandler: follower responses appendEntries COMPLETED
2019-09-16 16:51:17,465 [grpc-default-executor-0] INFO  impl.FollowerInfo (FollowerInfo.java:lambda$new$0(51)) - d43b0c61-8f3a-4c5a-ae51-ff6150aafa7d@group-F512E466BF16->18b96c5b-e26d-45b3-8a36-72f0b02f08ab: nextIndex: updateUnconditionally 35 -> 31
2019-09-16 16:51:17,465 [grpc-default-executor-1] INFO  impl.FollowerInfo (FollowerInfo.java:lambda$new$0(51)) - d43b0c61-8f3a-4c5a-ae51-ff6150aafa7d@group-F512E466BF16->95da17b0-4e07-4af0-be4f-5c62bf2a50a7: nextIndex: updateUnconditionally 35 -> 31
2019-09-16 16:51:17,474 [9061b39a-2428-46aa-ac83-e6ff060f5840@group-512358092D21-StateMachineUpdater] INFO  ratis.ContainerStateMachine (ContainerStateMachine.java:takeSnapshot(300)) - group-512358092D21: Finished taking a snapshot at:(t:1, i:12) file:/workdir/hadoop-ozone/integration-test/target/test-dir/MiniOzoneClusterImpl-f8b2c6cb-9ce7-4af8-81ae-d81048953348/datanode-8/data/ratis/545130b7-e41f-4170-95cf-512358092d21/sm/snapshot.1_12 time:26
2019-09-16 16:51:17,474 [9061b39a-2428-46aa-ac83-e6ff060f5840@group-512358092D21-StateMachineUpdater] INFO  impl.StateMachineUpdater (StateMachineUpdater.java:takeSnapshot(258)) - 9061b39a-2428-46aa-ac83-e6ff060f5840@group-512358092D21-StateMachineUpdater: Took a snapshot at index 12
2019-09-16 16:51:17,475 [9061b39a-2428-46aa-ac83-e6ff060f5840@group-512358092D21-StateMachineUpdater] INFO  impl.StateMachineUpdater (StateMachineUpdater.java:lambda$new$0(83)) - 9061b39a-2428-46aa-ac83-e6ff060f5840@group-512358092D21-StateMachineUpdater: snapshotIndex: updateIncreasingly -1 -> 12
2019-09-16 16:51:17,475 [9061b39a-2428-46aa-ac83-e6ff060f5840@group-512358092D21-StateMachineUpdater] INFO  ratis.ContainerStateMachine (ContainerStateMachine.java:takeSnapshot(289)) - group-512358092D21: Taking a snapshot at:(t:1, i:12) file /workdir/hadoop-ozone/integration-test/target/test-dir/MiniOzoneClusterImpl-f8b2c6cb-9ce7-4af8-81ae-d81048953348/datanode-8/data/ratis/545130b7-e41f-4170-95cf-512358092d21/sm/snapshot.1_12
2019-09-16 16:51:17,476 [d43b0c61-8f3a-4c5a-ae51-ff6150aafa7d@group-F512E466BF16-StateMachineUpdater] INFO  ratis.ContainerStateMachine (ContainerStateMachine.java:takeSnapshot(300)) - group-F512E466BF16: Finished taking a snapshot at:(t:1, i:28) file:/workdir/hadoop-ozone/integration-test/target/test-dir/MiniOzoneClusterImpl-f8b2c6cb-9ce7-4af8-81ae-d81048953348/datanode-0/data/ratis/dfec251d-54fc-408a-b579-f512e466bf16/sm/snapshot.1_28 time:15
2019-09-16 16:51:17,476 [d43b0c61-8f3a-4c5a-ae51-ff6150aafa7d@group-F512E466BF16-StateMachineUpdater] INFO  impl.StateMachineUpdater (StateMachineUpdater.java:takeSnapshot(258)) - d43b0c61-8f3a-4c5a-ae51-ff6150aafa7d@group-F512E466BF16-StateMachineUpdater: Took a snapshot at index 28
2019-09-16 16:51:17,476 [d43b0c61-8f3a-4c5a-ae51-ff6150aafa7d@group-F512E466BF16-StateMachineUpdater] INFO  impl.StateMachineUpdater (StateMachineUpdater.java:lambda$new$0(83)) - d43b0c61-8f3a-4c5a-ae51-ff6150aafa7d@group-F512E466BF16-StateMachineUpdater: snapshotIndex: updateIncreasingly -1 -> 28
2019-09-16 16:51:17,476 [d43b0c61-8f3a-4c5a-ae51-ff6150aafa7d@group-F512E466BF16-StateMachineUpdater] INFO  ratis.ContainerStateMachine (ContainerStateMachine.java:takeSnapshot(289)) - group-F512E466BF16: Taking a snapshot at:(t:1, i:28) file /workdir/hadoop-ozone/integration-test/target/test-dir/MiniOzoneClusterImpl-f8b2c6cb-9ce7-4af8-81ae-d81048953348/datanode-0/data/ratis/dfec251d-54fc-408a-b579-f512e466bf16/sm/snapshot.1_28
2019-09-16 16:51:17,479 [d43b0c61-8f3a-4c5a-ae51-ff6150aafa7d@group-F512E466BF16-StateMachineUpdater] INFO  ratis.ContainerStateMachine (ContainerStateMachine.java:takeSnapshot(300)) - group-F512E466BF16: Finished taking a snapshot at:(t:1, i:28) file:/workdir/hadoop-ozone/integration-test/target/test-dir/MiniOzoneClusterImpl-f8b2c6cb-9ce7-4af8-81ae-d81048953348/datanode-0/data/ratis/dfec251d-54fc-408a-b579-f512e466bf16/sm/snapshot.1_28 time:2
2019-09-16 16:51:17,479 [9061b39a-2428-46aa-ac83-e6ff060f5840@group-512358092D21-StateMachineUpdater] INFO  ratis.ContainerStateMachine (ContainerStateMachine.java:takeSnapshot(300)) - group-512358092D21: Finished taking a snapshot at:(t:1, i:12) file:/workdir/hadoop-ozone/integration-test/target/test-dir/MiniOzoneClusterImpl-f8b2c6cb-9ce7-4af8-81ae-d81048953348/datanode-8/data/ratis/545130b7-e41f-4170-95cf-512358092d21/sm/snapshot.1_12 time:4
2019-09-16 16:51:17,479 [d43b0c61-8f3a-4c5a-ae51-ff6150aafa7d@group-F512E466BF16-StateMachineUpdater] INFO  impl.StateMachineUpdater (StateMachineUpdater.java:takeSnapshot(258)) - d43b0c61-8f3a-4c5a-ae51-ff6150aafa7d@group-F512E466BF16-StateMachineUpdater: Took a snapshot at index 28
2019-09-16 16:51:17,479 [9061b39a-2428-46aa-ac83-e6ff060f5840@group-512358092D21-StateMachineUpdater] INFO  impl.StateMachineUpdater (StateMachineUpdater.java:takeSnapshot(258)) - 9061b39a-2428-46aa-ac83-e6ff060f5840@group-512358092D21-StateMachineUpdater: Took a snapshot at index 12
2019-09-16 16:51:17,479 [d43b0c61-8f3a-4c5a-ae51-ff6150aafa7d@group-F512E466BF16-StateMachineUpdater] INFO  impl.StateMachineUpdater (StateMachineUpdater.java:lambda$new$0(83)) - d43b0c61-8f3a-4c5a-ae51-ff6150aafa7d@group-F512E466BF16-StateMachineUpdater: snapshotIndex: updateIncreasingly 28 -> 28
2019-09-16 16:51:17,479 [9061b39a-2428-46aa-ac83-e6ff060f5840@group-512358092D21-StateMachineUpdater] INFO  impl.StateMachineUpdater (StateMachineUpdater.java:lambda$new$0(83)) - 9061b39a-2428-46aa-ac83-e6ff060f5840@group-512358092D21-StateMachineUpdater: snapshotIndex: updateIncreasingly 12 -> 12
2019-09-16 16:51:17,480 [ForkJoinPool.commonPool-worker-0] INFO  impl.RaftServerImpl (ServerState.java:close(385)) - d43b0c61-8f3a-4c5a-ae51-ff6150aafa7d@group-F512E466BF16: closes. applyIndex: 30
2019-09-16 16:51:17,480 [main] INFO  impl.RaftServerImpl (ServerState.java:close(385)) - 9061b39a-2428-46aa-ac83-e6ff060f5840@group-512358092D21: closes. applyIndex: 16
2019-09-16 16:51:17,481 [9061b39a-2428-46aa-ac83-e6ff060f5840@group-512358092D21-SegmentedRaftLogWorker] ERROR ratis.XceiverServerRatis (XceiverServerRatis.java:triggerPipelineClose(568)) - pipeline Action CLOSE  on pipeline PipelineID=545130b7-e41f-4170-95cf-512358092d21.Reason : WriteLog:19: (t:1, i:19), STATEMACHINELOGENTRY, client-F1A86D2C076E, cid=53-writeStateMachineData interrupted.
2019-09-16 16:51:17,481 [d43b0c61-8f3a-4c5a-ae51-ff6150aafa7d@group-F512E466BF16-SegmentedRaftLogWorker] ERROR ratis.XceiverServerRatis (XceiverServerRatis.java:triggerPipelineClose(568)) - pipeline Action CLOSE  on pipeline PipelineID=dfec251d-54fc-408a-b579-f512e466bf16.Reason : WriteLog:31: (t:1, i:31), STATEMACHINELOGENTRY, client-82F6639D1098, cid=64-writeStateMachineData interrupted.
2019-09-16 16:51:17,482 [ForkJoinPool.commonPool-worker-0] INFO  segmented.SegmentedRaftLogWorker (SegmentedRaftLogWorker.java:close(228)) - d43b0c61-8f3a-4c5a-ae51-ff6150aafa7d@group-F512E466BF16-SegmentedRaftLogWorker close()
2019-09-16 16:51:17,483 [ForkJoinPool.commonPool-worker-0] INFO  server.GrpcService (GrpcService.java:closeImpl(164)) - d43b0c61-8f3a-4c5a-ae51-ff6150aafa7d: shutdown server with port 43126 now
2019-09-16 16:51:17,484 [ForkJoinPool.commonPool-worker-0] INFO  server.GrpcService (GrpcService.java:closeImpl(172)) - d43b0c61-8f3a-4c5a-ae51-ff6150aafa7d: shutdown server with port 43126 successfully
2019-09-16 16:51:17,489 [refreshUsed-/workdir/hadoop-ozone/integration-test/target/test-dir/MiniOzoneClusterImpl-f8b2c6cb-9ce7-4af8-81ae-d81048953348/datanode-0/data/containers] WARN  fs.CachingGetSpaceUsed (CachingGetSpaceUsed.java:run(183)) - Thread Interrupted waiting to refresh disk information: sleep interrupted
2019-09-16 16:51:17,493 [main] INFO  segmented.SegmentedRaftLogWorker (SegmentedRaftLogWorker.java:close(228)) - 9061b39a-2428-46aa-ac83-e6ff060f5840@group-512358092D21-SegmentedRaftLogWorker close()
2019-09-16 16:51:17,494 [main] INFO  server.GrpcService (GrpcService.java:closeImpl(164)) - 9061b39a-2428-46aa-ac83-e6ff060f5840: shutdown server with port 46365 now
2019-09-16 16:51:17,494 [main] INFO  server.GrpcService (GrpcService.java:closeImpl(172)) - 9061b39a-2428-46aa-ac83-e6ff060f5840: shutdown server with port 46365 successfully
2019-09-16 16:51:17,498 [refreshUsed-/workdir/hadoop-ozone/integration-test/target/test-dir/MiniOzoneClusterImpl-f8b2c6cb-9ce7-4af8-81ae-d81048953348/datanode-8/data/containers] WARN  fs.CachingGetSpaceUsed (CachingGetSpaceUsed.java:run(183)) - Thread Interrupted waiting to refresh disk information: sleep interrupted
2019-09-16 16:51:17,515 [ForkJoinPool.commonPool-worker-0] INFO  utils.BackgroundService (BackgroundService.java:shutdown(148)) - Shutting down service BlockDeletingService
2019-09-16 16:51:17,518 [ForkJoinPool.commonPool-worker-0] INFO  statemachine.DatanodeStateMachine (DatanodeStateMachine.java:stopDaemon(395)) - Ozone container server stopped.
2019-09-16 16:51:17,521 [main] INFO  utils.BackgroundService (BackgroundService.java:shutdown(148)) - Shutting down service BlockDeletingService
2019-09-16 16:51:17,524 [ForkJoinPool.commonPool-worker-0] INFO  handler.ContextHandler (ContextHandler.java:doStop(910)) - Stopped o.e.j.w.WebAppContext@476fe690{/,null,UNAVAILABLE}{/hddsDatanode}
2019-09-16 16:51:17,525 [main] INFO  statemachine.DatanodeStateMachine (DatanodeStateMachine.java:stopDaemon(395)) - Ozone container server stopped.
2019-09-16 16:51:17,526 [ForkJoinPool.commonPool-worker-0] INFO  server.AbstractConnector (AbstractConnector.java:doStop(318)) - Stopped ServerConnector@7a0e7ecd{HTTP/1.1,[http/1.1]}{0.0.0.0:0}
2019-09-16 16:51:17,526 [main] INFO  handler.ContextHandler (ContextHandler.java:doStop(910)) - Stopped o.e.j.w.WebAppContext@4b0f2299{/,null,UNAVAILABLE}{/hddsDatanode}
2019-09-16 16:51:17,527 [ForkJoinPool.commonPool-worker-0] INFO  handler.ContextHandler (ContextHandler.java:doStop(910)) - Stopped o.e.j.s.ServletContextHandler@6920614{/static,jar:file:/home/user/.m2/repository/org/apache/hadoop/hadoop-hdds-container-service/0.5.0-SNAPSHOT/hadoop-hdds-container-service-0.5.0-SNAPSHOT.jar!/webapps/static,UNAVAILABLE}
2019-09-16 16:51:17,528 [ForkJoinPool.commonPool-worker-0] INFO  handler.ContextHandler (ContextHandler.java:doStop(910)) - Stopped o.e.j.s.ServletContextHandler@1effd53c{/logs,file:///workdir/hadoop-ozone/integration-test/target/log,UNAVAILABLE}
2019-09-16 16:51:17,528 [main] INFO  server.AbstractConnector (AbstractConnector.java:doStop(318)) - Stopped ServerConnector@33063f5b{HTTP/1.1,[http/1.1]}{0.0.0.0:0}
2019-09-16 16:51:17,529 [main] INFO  handler.ContextHandler (ContextHandler.java:doStop(910)) - Stopped o.e.j.s.ServletContextHandler@58740366{/static,jar:file:/home/user/.m2/repository/org/apache/hadoop/hadoop-hdds-container-service/0.5.0-SNAPSHOT/hadoop-hdds-container-service-0.5.0-SNAPSHOT.jar!/webapps/static,UNAVAILABLE}
2019-09-16 16:51:17,529 [main] INFO  handler.ContextHandler (ContextHandler.java:doStop(910)) - Stopped o.e.j.s.ServletContextHandler@176f7f3b{/logs,file:///workdir/hadoop-ozone/integration-test/target/log,UNAVAILABLE}
2019-09-16 16:51:17,986 [Datanode State Machine Thread - 0] INFO  statemachine.DatanodeStateMachine (DatanodeStateMachine.java:lambda$startDaemon$0(350)) - Ozone container server started.
2019-09-16 16:51:17,990 [Datanode State Machine Thread - 0] INFO  statemachine.DatanodeStateMachine (DatanodeStateMachine.java:lambda$startDaemon$0(350)) - Ozone container server started.
2019-09-16 16:51:22,531 [ForkJoinPool.commonPool-worker-0] INFO  ozoneimpl.OzoneContainer (OzoneContainer.java:stop(231)) - Attempting to stop container services.
2019-09-16 16:51:22,531 [main] INFO  ozoneimpl.OzoneContainer (OzoneContainer.java:stop(231)) - Attempting to stop container services.
2019-09-16 16:51:22,532 [ForkJoinPool.commonPool-worker-0] INFO  impl.RaftServerProxy (RaftServerProxy.java:lambda$close$4(314)) - 18b96c5b-e26d-45b3-8a36-72f0b02f08ab: close
2019-09-16 16:51:22,532 [main] INFO  impl.RaftServerProxy (RaftServerProxy.java:lambda$close$4(314)) - 95da17b0-4e07-4af0-be4f-5c62bf2a50a7: close
2019-09-16 16:51:22,533 [ForkJoinPool.commonPool-worker-0] INFO  impl.RaftServerImpl (RaftServerImpl.java:lambda$shutdown$3(251)) - 18b96c5b-e26d-45b3-8a36-72f0b02f08ab@group-EE0D8D7AAF1D: shutdown
2019-09-16 16:51:22,533 [main] INFO  impl.RaftServerImpl (RaftServerImpl.java:lambda$shutdown$3(251)) - 95da17b0-4e07-4af0-be4f-5c62bf2a50a7@group-6F241CE3CA9C: shutdown
2019-09-16 16:51:22,533 [ForkJoinPool.commonPool-worker-0] INFO  util.JmxRegister (JmxRegister.java:unregister(73)) - Successfully un-registered JMX Bean with object name Ratis:service=RaftServer,group=group-EE0D8D7AAF1D,id=18b96c5b-e26d-45b3-8a36-72f0b02f08ab
2019-09-16 16:51:22,533 [main] INFO  util.JmxRegister (JmxRegister.java:unregister(73)) - Successfully un-registered JMX Bean with object name Ratis:service=RaftServer,group=group-6F241CE3CA9C,id=95da17b0-4e07-4af0-be4f-5c62bf2a50a7
2019-09-16 16:51:22,534 [ForkJoinPool.commonPool-worker-0] INFO  impl.RoleInfo (RoleInfo.java:shutdownLeaderState(104)) - 18b96c5b-e26d-45b3-8a36-72f0b02f08ab: shutdown LeaderState
2019-09-16 16:51:22,534 [main] INFO  impl.RoleInfo (RoleInfo.java:shutdownLeaderState(104)) - 95da17b0-4e07-4af0-be4f-5c62bf2a50a7: shutdown LeaderState
2019-09-16 16:51:22,534 [ForkJoinPool.commonPool-worker-0] INFO  impl.PendingRequests (PendingRequests.java:sendNotLeaderResponses(202)) - 18b96c5b-e26d-45b3-8a36-72f0b02f08ab-PendingRequests: sendNotLeaderResponses
2019-09-16 16:51:22,534 [main] INFO  impl.PendingRequests (PendingRequests.java:sendNotLeaderResponses(202)) - 95da17b0-4e07-4af0-be4f-5c62bf2a50a7-PendingRequests: sendNotLeaderResponses
2019-09-16 16:51:22,535 [ForkJoinPool.commonPool-worker-0] INFO  impl.StateMachineUpdater (StateMachineUpdater.java:stopAndJoin(125)) - 18b96c5b-e26d-45b3-8a36-72f0b02f08ab@group-EE0D8D7AAF1D-StateMachineUpdater: set stopIndex = 0
2019-09-16 16:51:22,535 [main] INFO  impl.StateMachineUpdater (StateMachineUpdater.java:stopAndJoin(125)) - 95da17b0-4e07-4af0-be4f-5c62bf2a50a7@group-6F241CE3CA9C-StateMachineUpdater: set stopIndex = 0
2019-09-16 16:51:22,536 [ForkJoinPool.commonPool-worker-0] INFO  impl.RaftServerImpl (ServerState.java:close(385)) - 18b96c5b-e26d-45b3-8a36-72f0b02f08ab@group-EE0D8D7AAF1D: closes. applyIndex: 0
2019-09-16 16:51:22,536 [main] INFO  impl.RaftServerImpl (ServerState.java:close(385)) - 95da17b0-4e07-4af0-be4f-5c62bf2a50a7@group-6F241CE3CA9C: closes. applyIndex: 0
2019-09-16 16:51:22,536 [18b96c5b-e26d-45b3-8a36-72f0b02f08ab@group-EE0D8D7AAF1D-SegmentedRaftLogWorker] INFO  segmented.SegmentedRaftLogWorker (SegmentedRaftLogWorker.java:run(313)) - 18b96c5b-e26d-45b3-8a36-72f0b02f08ab@group-EE0D8D7AAF1D-SegmentedRaftLogWorker was interrupted, exiting. There are 0 tasks remaining in the queue.
2019-09-16 16:51:22,537 [95da17b0-4e07-4af0-be4f-5c62bf2a50a7@group-6F241CE3CA9C-SegmentedRaftLogWorker] INFO  segmented.SegmentedRaftLogWorker (SegmentedRaftLogWorker.java:run(313)) - 95da17b0-4e07-4af0-be4f-5c62bf2a50a7@group-6F241CE3CA9C-SegmentedRaftLogWorker was interrupted, exiting. There are 0 tasks remaining in the queue.
2019-09-16 16:51:22,537 [main] INFO  segmented.SegmentedRaftLogWorker (SegmentedRaftLogWorker.java:close(228)) - 95da17b0-4e07-4af0-be4f-5c62bf2a50a7@group-6F241CE3CA9C-SegmentedRaftLogWorker close()
2019-09-16 16:51:22,537 [ForkJoinPool.commonPool-worker-0] INFO  segmented.SegmentedRaftLogWorker (SegmentedRaftLogWorker.java:close(228)) - 18b96c5b-e26d-45b3-8a36-72f0b02f08ab@group-EE0D8D7AAF1D-SegmentedRaftLogWorker close()
2019-09-16 16:51:22,541 [main] INFO  impl.RaftServerImpl (RaftServerImpl.java:lambda$shutdown$3(251)) - 95da17b0-4e07-4af0-be4f-5c62bf2a50a7@group-F512E466BF16: shutdown
2019-09-16 16:51:22,543 [ForkJoinPool.commonPool-worker-0] INFO  impl.RaftServerImpl (RaftServerImpl.java:lambda$shutdown$3(251)) - 18b96c5b-e26d-45b3-8a36-72f0b02f08ab@group-F512E466BF16: shutdown
2019-09-16 16:51:22,544 [main] INFO  util.JmxRegister (JmxRegister.java:unregister(73)) - Successfully un-registered JMX Bean with object name Ratis:service=RaftServer,group=group-F512E466BF16,id=95da17b0-4e07-4af0-be4f-5c62bf2a50a7
2019-09-16 16:51:22,544 [ForkJoinPool.commonPool-worker-0] INFO  util.JmxRegister (JmxRegister.java:unregister(73)) - Successfully un-registered JMX Bean with object name Ratis:service=RaftServer,group=group-F512E466BF16,id=18b96c5b-e26d-45b3-8a36-72f0b02f08ab
2019-09-16 16:51:22,544 [main] INFO  impl.RoleInfo (RoleInfo.java:shutdownFollowerState(121)) - 95da17b0-4e07-4af0-be4f-5c62bf2a50a7: shutdown FollowerState
2019-09-16 16:51:22,545 [ForkJoinPool.commonPool-worker-0] INFO  impl.RoleInfo (RoleInfo.java:shutdownFollowerState(121)) - 18b96c5b-e26d-45b3-8a36-72f0b02f08ab: shutdown FollowerState
2019-09-16 16:51:22,545 [Thread-386] INFO  impl.FollowerState (FollowerState.java:run(115)) - 95da17b0-4e07-4af0-be4f-5c62bf2a50a7: FollowerState was interrupted: java.lang.InterruptedException: sleep interrupted
2019-09-16 16:51:22,545 [main] INFO  impl.StateMachineUpdater (StateMachineUpdater.java:stopAndJoin(125)) - 95da17b0-4e07-4af0-be4f-5c62bf2a50a7@group-F512E466BF16-StateMachineUpdater: set stopIndex = 30
2019-09-16 16:51:22,545 [18b96c5b-e26d-45b3-8a36-72f0b02f08ab@group-F512E466BF16-StateMachineUpdater] INFO  ratis.ContainerStateMachine (ContainerStateMachine.java:takeSnapshot(289)) - group-F512E466BF16: Taking a snapshot at:(t:1, i:28) file /workdir/hadoop-ozone/integration-test/target/test-dir/MiniOzoneClusterImpl-f8b2c6cb-9ce7-4af8-81ae-d81048953348/datanode-1/data/ratis/dfec251d-54fc-408a-b579-f512e466bf16/sm/snapshot.1_28
2019-09-16 16:51:22,545 [95da17b0-4e07-4af0-be4f-5c62bf2a50a7@group-F512E466BF16-StateMachineUpdater] INFO  ratis.ContainerStateMachine (ContainerStateMachine.java:takeSnapshot(289)) - group-F512E466BF16: Taking a snapshot at:(t:1, i:28) file /workdir/hadoop-ozone/integration-test/target/test-dir/MiniOzoneClusterImpl-f8b2c6cb-9ce7-4af8-81ae-d81048953348/datanode-9/data/ratis/dfec251d-54fc-408a-b579-f512e466bf16/sm/snapshot.1_28
2019-09-16 16:51:22,545 [ForkJoinPool.commonPool-worker-0] INFO  impl.StateMachineUpdater (StateMachineUpdater.java:stopAndJoin(125)) - 18b96c5b-e26d-45b3-8a36-72f0b02f08ab@group-F512E466BF16-StateMachineUpdater: set stopIndex = 30
2019-09-16 16:51:22,546 [Thread-385] INFO  impl.FollowerState (FollowerState.java:run(115)) - 18b96c5b-e26d-45b3-8a36-72f0b02f08ab: FollowerState was interrupted: java.lang.InterruptedException: sleep interrupted
2019-09-16 16:51:22,551 [95da17b0-4e07-4af0-be4f-5c62bf2a50a7@group-F512E466BF16-StateMachineUpdater] INFO  ratis.ContainerStateMachine (ContainerStateMachine.java:takeSnapshot(300)) - group-F512E466BF16: Finished taking a snapshot at:(t:1, i:28) file:/workdir/hadoop-ozone/integration-test/target/test-dir/MiniOzoneClusterImpl-f8b2c6cb-9ce7-4af8-81ae-d81048953348/datanode-9/data/ratis/dfec251d-54fc-408a-b579-f512e466bf16/sm/snapshot.1_28 time:6
2019-09-16 16:51:22,551 [95da17b0-4e07-4af0-be4f-5c62bf2a50a7@group-F512E466BF16-StateMachineUpdater] INFO  impl.StateMachineUpdater (StateMachineUpdater.java:takeSnapshot(258)) - 95da17b0-4e07-4af0-be4f-5c62bf2a50a7@group-F512E466BF16-StateMachineUpdater: Took a snapshot at index 28
2019-09-16 16:51:22,551 [18b96c5b-e26d-45b3-8a36-72f0b02f08ab@group-F512E466BF16-StateMachineUpdater] INFO  ratis.ContainerStateMachine (ContainerStateMachine.java:takeSnapshot(300)) - group-F512E466BF16: Finished taking a snapshot at:(t:1, i:28) file:/workdir/hadoop-ozone/integration-test/target/test-dir/MiniOzoneClusterImpl-f8b2c6cb-9ce7-4af8-81ae-d81048953348/datanode-1/data/ratis/dfec251d-54fc-408a-b579-f512e466bf16/sm/snapshot.1_28 time:5
2019-09-16 16:51:22,551 [95da17b0-4e07-4af0-be4f-5c62bf2a50a7@group-F512E466BF16-StateMachineUpdater] INFO  impl.StateMachineUpdater (StateMachineUpdater.java:lambda$new$0(83)) - 95da17b0-4e07-4af0-be4f-5c62bf2a50a7@group-F512E466BF16-StateMachineUpdater: snapshotIndex: updateIncreasingly -1 -> 28
2019-09-16 16:51:22,551 [18b96c5b-e26d-45b3-8a36-72f0b02f08ab@group-F512E466BF16-StateMachineUpdater] INFO  impl.StateMachineUpdater (StateMachineUpdater.java:takeSnapshot(258)) - 18b96c5b-e26d-45b3-8a36-72f0b02f08ab@group-F512E466BF16-StateMachineUpdater: Took a snapshot at index 28
2019-09-16 16:51:22,552 [18b96c5b-e26d-45b3-8a36-72f0b02f08ab@group-F512E466BF16-StateMachineUpdater] INFO  impl.StateMachineUpdater (StateMachineUpdater.java:lambda$new$0(83)) - 18b96c5b-e26d-45b3-8a36-72f0b02f08ab@group-F512E466BF16-StateMachineUpdater: snapshotIndex: updateIncreasingly -1 -> 28
2019-09-16 16:51:22,552 [95da17b0-4e07-4af0-be4f-5c62bf2a50a7@group-F512E466BF16-StateMachineUpdater] INFO  ratis.ContainerStateMachine (ContainerStateMachine.java:takeSnapshot(289)) - group-F512E466BF16: Taking a snapshot at:(t:1, i:28) file /workdir/hadoop-ozone/integration-test/target/test-dir/MiniOzoneClusterImpl-f8b2c6cb-9ce7-4af8-81ae-d81048953348/datanode-9/data/ratis/dfec251d-54fc-408a-b579-f512e466bf16/sm/snapshot.1_28
2019-09-16 16:51:22,552 [18b96c5b-e26d-45b3-8a36-72f0b02f08ab@group-F512E466BF16-StateMachineUpdater] INFO  ratis.ContainerStateMachine (ContainerStateMachine.java:takeSnapshot(289)) - group-F512E466BF16: Taking a snapshot at:(t:1, i:28) file /workdir/hadoop-ozone/integration-test/target/test-dir/MiniOzoneClusterImpl-f8b2c6cb-9ce7-4af8-81ae-d81048953348/datanode-1/data/ratis/dfec251d-54fc-408a-b579-f512e466bf16/sm/snapshot.1_28
2019-09-16 16:51:22,555 [95da17b0-4e07-4af0-be4f-5c62bf2a50a7@group-F512E466BF16-StateMachineUpdater] INFO  ratis.ContainerStateMachine (ContainerStateMachine.java:takeSnapshot(300)) - group-F512E466BF16: Finished taking a snapshot at:(t:1, i:28) file:/workdir/hadoop-ozone/integration-test/target/test-dir/MiniOzoneClusterImpl-f8b2c6cb-9ce7-4af8-81ae-d81048953348/datanode-9/data/ratis/dfec251d-54fc-408a-b579-f512e466bf16/sm/snapshot.1_28 time:4
2019-09-16 16:51:22,555 [18b96c5b-e26d-45b3-8a36-72f0b02f08ab@group-F512E466BF16-StateMachineUpdater] INFO  ratis.ContainerStateMachine (ContainerStateMachine.java:takeSnapshot(300)) - group-F512E466BF16: Finished taking a snapshot at:(t:1, i:28) file:/workdir/hadoop-ozone/integration-test/target/test-dir/MiniOzoneClusterImpl-f8b2c6cb-9ce7-4af8-81ae-d81048953348/datanode-1/data/ratis/dfec251d-54fc-408a-b579-f512e466bf16/sm/snapshot.1_28 time:4
2019-09-16 16:51:22,556 [95da17b0-4e07-4af0-be4f-5c62bf2a50a7@group-F512E466BF16-StateMachineUpdater] INFO  impl.StateMachineUpdater (StateMachineUpdater.java:takeSnapshot(258)) - 95da17b0-4e07-4af0-be4f-5c62bf2a50a7@group-F512E466BF16-StateMachineUpdater: Took a snapshot at index 28
2019-09-16 16:51:22,556 [18b96c5b-e26d-45b3-8a36-72f0b02f08ab@group-F512E466BF16-StateMachineUpdater] INFO  impl.StateMachineUpdater (StateMachineUpdater.java:takeSnapshot(258)) - 18b96c5b-e26d-45b3-8a36-72f0b02f08ab@group-F512E466BF16-StateMachineUpdater: Took a snapshot at index 28
2019-09-16 16:51:22,556 [95da17b0-4e07-4af0-be4f-5c62bf2a50a7@group-F512E466BF16-StateMachineUpdater] INFO  impl.StateMachineUpdater (StateMachineUpdater.java:lambda$new$0(83)) - 95da17b0-4e07-4af0-be4f-5c62bf2a50a7@group-F512E466BF16-StateMachineUpdater: snapshotIndex: updateIncreasingly 28 -> 28
2019-09-16 16:51:22,556 [18b96c5b-e26d-45b3-8a36-72f0b02f08ab@group-F512E466BF16-StateMachineUpdater] INFO  impl.StateMachineUpdater (StateMachineUpdater.java:lambda$new$0(83)) - 18b96c5b-e26d-45b3-8a36-72f0b02f08ab@group-F512E466BF16-StateMachineUpdater: snapshotIndex: updateIncreasingly 28 -> 28
2019-09-16 16:51:22,556 [main] INFO  impl.RaftServerImpl (ServerState.java:close(385)) - 95da17b0-4e07-4af0-be4f-5c62bf2a50a7@group-F512E466BF16: closes. applyIndex: 30
2019-09-16 16:51:22,556 [ForkJoinPool.commonPool-worker-0] INFO  impl.RaftServerImpl (ServerState.java:close(385)) - 18b96c5b-e26d-45b3-8a36-72f0b02f08ab@group-F512E466BF16: closes. applyIndex: 30
2019-09-16 16:51:22,558 [18b96c5b-e26d-45b3-8a36-72f0b02f08ab@group-F512E466BF16-SegmentedRaftLogWorker] ERROR ratis.XceiverServerRatis (XceiverServerRatis.java:triggerPipelineClose(568)) - pipeline Action CLOSE  on pipeline PipelineID=dfec251d-54fc-408a-b579-f512e466bf16.Reason : WriteLog:31: (t:1, i:31), STATEMACHINELOGENTRY, client-82F6639D1098, cid=64-writeStateMachineData interrupted.
2019-09-16 16:51:22,560 [95da17b0-4e07-4af0-be4f-5c62bf2a50a7@group-F512E466BF16-SegmentedRaftLogWorker] ERROR ratis.XceiverServerRatis (XceiverServerRatis.java:triggerPipelineClose(568)) - pipeline Action CLOSE  on pipeline PipelineID=dfec251d-54fc-408a-b579-f512e466bf16.Reason : WriteLog:31: (t:1, i:31), STATEMACHINELOGENTRY, client-82F6639D1098, cid=64-writeStateMachineData interrupted.
2019-09-16 16:51:22,560 [ForkJoinPool.commonPool-worker-0] INFO  segmented.SegmentedRaftLogWorker (SegmentedRaftLogWorker.java:close(228)) - 18b96c5b-e26d-45b3-8a36-72f0b02f08ab@group-F512E466BF16-SegmentedRaftLogWorker close()
2019-09-16 16:51:22,560 [main] INFO  segmented.SegmentedRaftLogWorker (SegmentedRaftLogWorker.java:close(228)) - 95da17b0-4e07-4af0-be4f-5c62bf2a50a7@group-F512E466BF16-SegmentedRaftLogWorker close()
2019-09-16 16:51:22,562 [ForkJoinPool.commonPool-worker-0] INFO  server.GrpcService (GrpcService.java:closeImpl(164)) - 18b96c5b-e26d-45b3-8a36-72f0b02f08ab: shutdown server with port 45604 now
2019-09-16 16:51:22,563 [main] INFO  server.GrpcService (GrpcService.java:closeImpl(164)) - 95da17b0-4e07-4af0-be4f-5c62bf2a50a7: shutdown server with port 46480 now
2019-09-16 16:51:22,564 [ForkJoinPool.commonPool-worker-0] INFO  server.GrpcService (GrpcService.java:closeImpl(172)) - 18b96c5b-e26d-45b3-8a36-72f0b02f08ab: shutdown server with port 45604 successfully
2019-09-16 16:51:22,564 [main] INFO  server.GrpcService (GrpcService.java:closeImpl(172)) - 95da17b0-4e07-4af0-be4f-5c62bf2a50a7: shutdown server with port 46480 successfully
2019-09-16 16:51:22,567 [refreshUsed-/workdir/hadoop-ozone/integration-test/target/test-dir/MiniOzoneClusterImpl-f8b2c6cb-9ce7-4af8-81ae-d81048953348/datanode-1/data/containers] WARN  fs.CachingGetSpaceUsed (CachingGetSpaceUsed.java:run(183)) - Thread Interrupted waiting to refresh disk information: sleep interrupted
2019-09-16 16:51:22,569 [refreshUsed-/workdir/hadoop-ozone/integration-test/target/test-dir/MiniOzoneClusterImpl-f8b2c6cb-9ce7-4af8-81ae-d81048953348/datanode-9/data/containers] WARN  fs.CachingGetSpaceUsed (CachingGetSpaceUsed.java:run(183)) - Thread Interrupted waiting to refresh disk information: sleep interrupted
2019-09-16 16:51:22,587 [main] INFO  utils.BackgroundService (BackgroundService.java:shutdown(148)) - Shutting down service BlockDeletingService
2019-09-16 16:51:22,588 [ForkJoinPool.commonPool-worker-0] INFO  utils.BackgroundService (BackgroundService.java:shutdown(148)) - Shutting down service BlockDeletingService
2019-09-16 16:51:22,591 [main] INFO  statemachine.DatanodeStateMachine (DatanodeStateMachine.java:stopDaemon(395)) - Ozone container server stopped.
2019-09-16 16:51:22,592 [ForkJoinPool.commonPool-worker-0] INFO  statemachine.DatanodeStateMachine (DatanodeStateMachine.java:stopDaemon(395)) - Ozone container server stopped.
2019-09-16 16:51:22,595 [main] INFO  handler.ContextHandler (ContextHandler.java:doStop(910)) - Stopped o.e.j.w.WebAppContext@3c87fdf2{/,null,UNAVAILABLE}{/hddsDatanode}
2019-09-16 16:51:22,595 [ForkJoinPool.commonPool-worker-0] INFO  handler.ContextHandler (ContextHandler.java:doStop(910)) - Stopped o.e.j.w.WebAppContext@49faf066{/,null,UNAVAILABLE}{/hddsDatanode}
2019-09-16 16:51:22,596 [main] INFO  server.AbstractConnector (AbstractConnector.java:doStop(318)) - Stopped ServerConnector@26bbe604{HTTP/1.1,[http/1.1]}{0.0.0.0:0}
2019-09-16 16:51:22,596 [ForkJoinPool.commonPool-worker-0] INFO  server.AbstractConnector (AbstractConnector.java:doStop(318)) - Stopped ServerConnector@6f94a5a5{HTTP/1.1,[http/1.1]}{0.0.0.0:0}
2019-09-16 16:51:22,597 [main] INFO  handler.ContextHandler (ContextHandler.java:doStop(910)) - Stopped o.e.j.s.ServletContextHandler@4e49ce2b{/static,jar:file:/home/user/.m2/repository/org/apache/hadoop/hadoop-hdds-container-service/0.5.0-SNAPSHOT/hadoop-hdds-container-service-0.5.0-SNAPSHOT.jar!/webapps/static,UNAVAILABLE}
2019-09-16 16:51:22,597 [ForkJoinPool.commonPool-worker-0] INFO  handler.ContextHandler (ContextHandler.java:doStop(910)) - Stopped o.e.j.s.ServletContextHandler@18d910b3{/static,jar:file:/home/user/.m2/repository/org/apache/hadoop/hadoop-hdds-container-service/0.5.0-SNAPSHOT/hadoop-hdds-container-service-0.5.0-SNAPSHOT.jar!/webapps/static,UNAVAILABLE}
2019-09-16 16:51:22,598 [main] INFO  handler.ContextHandler (ContextHandler.java:doStop(910)) - Stopped o.e.j.s.ServletContextHandler@7b676112{/logs,file:///workdir/hadoop-ozone/integration-test/target/log,UNAVAILABLE}
2019-09-16 16:51:22,598 [ForkJoinPool.commonPool-worker-0] INFO  handler.ContextHandler (ContextHandler.java:doStop(910)) - Stopped o.e.j.s.ServletContextHandler@26cb5207{/logs,file:///workdir/hadoop-ozone/integration-test/target/log,UNAVAILABLE}
2019-09-16 16:51:22,600 [main] INFO  ozone.MiniOzoneClusterImpl (MiniOzoneClusterImpl.java:stop(339)) - Stopping the StorageContainerManager
2019-09-16 16:51:22,600 [main] INFO  server.StorageContainerManager (StorageContainerManager.java:stop(801)) - Stopping Replication Manager Service.
2019-09-16 16:51:22,600 [main] INFO  container.ReplicationManager (ReplicationManager.java:stop(203)) - Stopping Replication Monitor Thread.
2019-09-16 16:51:22,600 [main] INFO  server.StorageContainerManager (StorageContainerManager.java:stop(808)) - Stopping Lease Manager of the command watchers
2019-09-16 16:51:22,600 [main] INFO  server.StorageContainerManager (StorageContainerManager.java:stop(815)) - Stopping datanode service RPC server
2019-09-16 16:51:22,601 [main] INFO  server.SCMDatanodeProtocolServer (SCMDatanodeProtocolServer.java:stop(367)) - Stopping the RPC server for DataNodes
2019-09-16 16:51:22,601 [main] INFO  ipc.Server (Server.java:stop(3082)) - Stopping server on 45838
2019-09-16 16:51:22,602 [IPC Server listener on 45838] INFO  ipc.Server (Server.java:run(1185)) - Stopping IPC Server listener on 45838
2019-09-16 16:51:22,602 [IPC Server Responder] INFO  ipc.Server (Server.java:run(1319)) - Stopping IPC Server Responder
2019-09-16 16:51:22,606 [SCM Heartbeat Processing Thread - 0] WARN  node.NodeStateManager (NodeStateManager.java:scheduleNextHealthCheck(646)) - Current Thread is interrupted, shutting down HB processing thread for Node Manager.
2019-09-16 16:51:22,606 [main] INFO  server.StorageContainerManager (StorageContainerManager.java:stop(823)) - Stopping block service RPC server
2019-09-16 16:51:22,606 [main] INFO  server.SCMBlockProtocolServer (SCMBlockProtocolServer.java:stop(155)) - Stopping the RPC server for Block Protocol
2019-09-16 16:51:22,606 [main] INFO  ipc.Server (Server.java:stop(3082)) - Stopping server on 43626
2019-09-16 16:51:22,607 [IPC Server listener on 43626] INFO  ipc.Server (Server.java:run(1185)) - Stopping IPC Server listener on 43626
2019-09-16 16:51:22,607 [main] INFO  server.StorageContainerManager (StorageContainerManager.java:stop(830)) - Stopping the StorageContainerLocationProtocol RPC server
2019-09-16 16:51:22,608 [IPC Server Responder] INFO  ipc.Server (Server.java:run(1319)) - Stopping IPC Server Responder
2019-09-16 16:51:22,608 [main] INFO  server.SCMClientProtocolServer (SCMClientProtocolServer.java:stop(159)) - Stopping the RPC server for Client Protocol
2019-09-16 16:51:22,608 [main] INFO  ipc.Server (Server.java:stop(3082)) - Stopping server on 33613
2019-09-16 16:51:22,609 [IPC Server listener on 33613] INFO  ipc.Server (Server.java:run(1185)) - Stopping IPC Server listener on 33613
2019-09-16 16:51:22,609 [main] INFO  server.StorageContainerManager (StorageContainerManager.java:stop(837)) - Stopping Storage Container Manager HTTP server.
2019-09-16 16:51:22,609 [IPC Server Responder] INFO  ipc.Server (Server.java:run(1319)) - Stopping IPC Server Responder
2019-09-16 16:51:22,610 [main] INFO  handler.ContextHandler (ContextHandler.java:doStop(910)) - Stopped o.e.j.w.WebAppContext@7555b920{/,null,UNAVAILABLE}{/scm}
2019-09-16 16:51:22,610 [main] INFO  server.AbstractConnector (AbstractConnector.java:doStop(318)) - Stopped ServerConnector@6db66836{HTTP/1.1,[http/1.1]}{0.0.0.0:0}
2019-09-16 16:51:22,610 [main] INFO  handler.ContextHandler (ContextHandler.java:doStop(910)) - Stopped o.e.j.s.ServletContextHandler@6622fc65{/static,file:///workdir/hadoop-ozone/integration-test/target/test-classes/webapps/static,UNAVAILABLE}
2019-09-16 16:51:22,611 [main] INFO  handler.ContextHandler (ContextHandler.java:doStop(910)) - Stopped o.e.j.s.ServletContextHandler@732f29af{/logs,file:///workdir/hadoop-ozone/integration-test/target/log,UNAVAILABLE}
2019-09-16 16:51:22,612 [main] INFO  server.StorageContainerManager (StorageContainerManager.java:stop(848)) - Stopping Block Manager Service.
2019-09-16 16:51:22,612 [main] INFO  utils.BackgroundService (BackgroundService.java:shutdown(148)) - Shutting down service SCMBlockDeletingService
2019-09-16 16:51:22,612 [main] INFO  utils.BackgroundService (BackgroundService.java:shutdown(148)) - Shutting down service SCMBlockDeletingService
2019-09-16 16:51:22,613 [main] INFO  server.StorageContainerManager (StorageContainerManager.java:stop(870)) - Stopping SCM Event Queue.
2019-09-16 16:51:22,618 [main] INFO  impl.MetricsSystemImpl (MetricsSystemImpl.java:stop(210)) - Stopping XceiverClientMetrics metrics system...
2019-09-16 16:51:22,627 [prometheus] INFO  impl.MetricsSinkAdapter (MetricsSinkAdapter.java:publishMetricsFromQueue(141)) - prometheus thread interrupted.
2019-09-16 16:51:22,627 [main] INFO  impl.MetricsSystemImpl (MetricsSystemImpl.java:stop(216)) - XceiverClientMetrics metrics system stopped.
]]></system-out>
    <system-err><![CDATA[ERROR StatusLogger No Log4j 2 configuration file found. Using default configuration (logging only errors to the console), or user programmatically provided configurations. Set system property 'log4j2.debug' to show Log4j 2 internal initialization logging. See https://logging.apache.org/log4j/2.x/manual/configuration.html for instructions on how to configure Log4j 2
Sep 16, 2019 4:50:20 PM org.apache.ratis.thirdparty.io.grpc.internal.SerializingExecutor run
SEVERE: Exception while executing runnable org.apache.ratis.thirdparty.io.grpc.internal.ServerImpl$JumpToApplicationThreadServerStreamListener$1Closed@7faafebb
org.apache.ratis.thirdparty.io.grpc.StatusRuntimeException: CANCELLED: call already cancelled
	at org.apache.ratis.thirdparty.io.grpc.Status.asRuntimeException(Status.java:517)
	at org.apache.ratis.thirdparty.io.grpc.stub.ServerCalls$ServerCallStreamObserverImpl.onCompleted(ServerCalls.java:356)
	at org.apache.ratis.grpc.server.GrpcServerProtocolService$ServerRequestStreamObserver.onError(GrpcServerProtocolService.java:121)
	at org.apache.ratis.thirdparty.io.grpc.stub.ServerCalls$StreamingServerCallHandler$StreamingServerCallListener.onCancel(ServerCalls.java:269)
	at org.apache.ratis.thirdparty.io.grpc.internal.ServerCallImpl$ServerStreamListenerImpl.closed(ServerCallImpl.java:293)
	at org.apache.ratis.thirdparty.io.grpc.internal.ServerImpl$JumpToApplicationThreadServerStreamListener$1Closed.runInContext(ServerImpl.java:741)
	at org.apache.ratis.thirdparty.io.grpc.internal.ContextRunnable.run(ContextRunnable.java:37)
	at org.apache.ratis.thirdparty.io.grpc.internal.SerializingExecutor.run(SerializingExecutor.java:123)
	at java.util.concurrent.ThreadPoolExecutor.runWorker(ThreadPoolExecutor.java:1149)
	at java.util.concurrent.ThreadPoolExecutor$Worker.run(ThreadPoolExecutor.java:624)
	at java.lang.Thread.run(Thread.java:748)

Sep 16, 2019 4:51:07 PM org.apache.ratis.thirdparty.io.grpc.internal.SerializingExecutor run
SEVERE: Exception while executing runnable org.apache.ratis.thirdparty.io.grpc.internal.ServerImpl$JumpToApplicationThreadServerStreamListener$1Closed@1922f101
org.apache.ratis.thirdparty.io.grpc.StatusRuntimeException: CANCELLED: call already cancelled
	at org.apache.ratis.thirdparty.io.grpc.Status.asRuntimeException(Status.java:517)
	at org.apache.ratis.thirdparty.io.grpc.stub.ServerCalls$ServerCallStreamObserverImpl.onCompleted(ServerCalls.java:356)
	at org.apache.ratis.grpc.server.GrpcServerProtocolService$ServerRequestStreamObserver.onError(GrpcServerProtocolService.java:121)
	at org.apache.ratis.thirdparty.io.grpc.stub.ServerCalls$StreamingServerCallHandler$StreamingServerCallListener.onCancel(ServerCalls.java:269)
	at org.apache.ratis.thirdparty.io.grpc.internal.ServerCallImpl$ServerStreamListenerImpl.closed(ServerCallImpl.java:293)
	at org.apache.ratis.thirdparty.io.grpc.internal.ServerImpl$JumpToApplicationThreadServerStreamListener$1Closed.runInContext(ServerImpl.java:741)
	at org.apache.ratis.thirdparty.io.grpc.internal.ContextRunnable.run(ContextRunnable.java:37)
	at org.apache.ratis.thirdparty.io.grpc.internal.SerializingExecutor.run(SerializingExecutor.java:123)
	at java.util.concurrent.ThreadPoolExecutor.runWorker(ThreadPoolExecutor.java:1149)
	at java.util.concurrent.ThreadPoolExecutor$Worker.run(ThreadPoolExecutor.java:624)
	at java.lang.Thread.run(Thread.java:748)

]]></system-err>
  </testcase>
  <testcase name="testMultiBlockWritesWithDnFailures" classname="org.apache.hadoop.ozone.client.rpc.TestMultiBlockWritesWithDnFailures" time="46.392"/>
</testsuite>