<?xml version="1.0" encoding="UTF-8"?>
<testsuite xmlns:xsi="http://www.w3.org/2001/XMLSchema-instance" xsi:noNamespaceSchemaLocation="https://maven.apache.org/surefire/maven-surefire-plugin/xsd/surefire-test-report.xsd" name="org.apache.hadoop.ozone.client.rpc.TestBlockOutputStreamWithFailures" time="698.035" tests="8" errors="0" skipped="0" failures="1">
  <properties>
    <property name="awt.toolkit" value="sun.awt.X11.XToolkit"/>
    <property name="file.encoding.pkg" value="sun.io"/>
    <property name="java.specification.version" value="1.8"/>
    <property name="sun.cpu.isalist" value=""/>
    <property name="sun.jnu.encoding" value="UTF-8"/>
    <property name="java.class.path" value="/workdir/hadoop-ozone/integration-test/target/test-classes:/workdir/hadoop-ozone/integration-test/target/classes:/home/user/.m2/repository/org/apache/hadoop/hadoop-ozone-common/0.5.0-SNAPSHOT/hadoop-ozone-common-0.5.0-SNAPSHOT.jar:/home/user/.m2/repository/org/apache/commons/commons-compress/1.4.1/commons-compress-1.4.1.jar:/home/user/.m2/repository/org/tukaani/xz/1.0/xz-1.0.jar:/home/user/.m2/repository/org/apache/hadoop/hadoop-common/3.2.0/hadoop-common-3.2.0.jar:/home/user/.m2/repository/org/apache/hadoop/hadoop-hdfs/3.2.0/hadoop-hdfs-3.2.0.jar:/home/user/.m2/repository/org/apache/hadoop/hadoop-hdfs-client/3.2.0/hadoop-hdfs-client-3.2.0.jar:/home/user/.m2/repository/com/fasterxml/jackson/core/jackson-annotations/2.9.5/jackson-annotations-2.9.5.jar:/home/user/.m2/repository/org/apache/hadoop/hadoop-hdds-common/0.5.0-SNAPSHOT/hadoop-hdds-common-0.5.0-SNAPSHOT.jar:/home/user/.m2/repository/javax/annotation/javax.annotation-api/1.2/javax.annotation-api-1.2.jar:/home/user/.m2/repository/org/apache/ratis/ratis-server/0.4.0-2337318-SNAPSHOT/ratis-server-0.4.0-2337318-SNAPSHOT.jar:/home/user/.m2/repository/org/apache/ratis/ratis-thirdparty-misc/0.2.0/ratis-thirdparty-misc-0.2.0.jar:/home/user/.m2/repository/org/apache/ratis/ratis-proto/0.4.0-2337318-SNAPSHOT/ratis-proto-0.4.0-2337318-SNAPSHOT.jar:/home/user/.m2/repository/org/apache/ratis/ratis-common/0.4.0-2337318-SNAPSHOT/ratis-common-0.4.0-2337318-SNAPSHOT.jar:/home/user/.m2/repository/org/apache/ratis/ratis-client/0.4.0-2337318-SNAPSHOT/ratis-client-0.4.0-2337318-SNAPSHOT.jar:/home/user/.m2/repository/org/apache/ratis/ratis-metrics/0.4.0-2337318-SNAPSHOT/ratis-metrics-0.4.0-2337318-SNAPSHOT.jar:/home/user/.m2/repository/org/apache/ratis/ratis-netty/0.4.0-2337318-SNAPSHOT/ratis-netty-0.4.0-2337318-SNAPSHOT.jar:/home/user/.m2/repository/org/apache/ratis/ratis-grpc/0.4.0-2337318-SNAPSHOT/ratis-grpc-0.4.0-2337318-SNAPSHOT.jar:/home/user/.m2/repository/org/rocksdb/rocksdbjni/6.0.1/rocksdbjni-6.0.1.jar:/home/user/.m2/repository/org/apache/logging/log4j/log4j-api/2.11.0/log4j-api-2.11.0.jar:/home/user/.m2/repository/org/apache/logging/log4j/log4j-core/2.11.0/log4j-core-2.11.0.jar:/home/user/.m2/repository/com/lmax/disruptor/3.4.2/disruptor-3.4.2.jar:/home/user/.m2/repository/org/apache/commons/commons-pool2/2.6.0/commons-pool2-2.6.0.jar:/home/user/.m2/repository/org/bouncycastle/bcpkix-jdk15on/1.60/bcpkix-jdk15on-1.60.jar:/home/user/.m2/repository/commons-validator/commons-validator/1.6/commons-validator-1.6.jar:/home/user/.m2/repository/commons-digester/commons-digester/1.8.1/commons-digester-1.8.1.jar:/home/user/.m2/repository/io/jaegertracing/jaeger-client/0.33.1/jaeger-client-0.33.1.jar:/home/user/.m2/repository/io/jaegertracing/jaeger-thrift/0.33.1/jaeger-thrift-0.33.1.jar:/home/user/.m2/repository/org/apache/thrift/libthrift/0.11.0/libthrift-0.11.0.jar:/home/user/.m2/repository/com/squareup/okhttp3/okhttp/3.9.0/okhttp-3.9.0.jar:/home/user/.m2/repository/com/squareup/okio/okio/1.13.0/okio-1.13.0.jar:/home/user/.m2/repository/io/jaegertracing/jaeger-core/0.33.1/jaeger-core-0.33.1.jar:/home/user/.m2/repository/io/jaegertracing/jaeger-tracerresolver/0.33.1/jaeger-tracerresolver-0.33.1.jar:/home/user/.m2/repository/io/opentracing/contrib/opentracing-tracerresolver/0.1.5/opentracing-tracerresolver-0.1.5.jar:/home/user/.m2/repository/io/opentracing/opentracing-util/0.31.0/opentracing-util-0.31.0.jar:/home/user/.m2/repository/io/opentracing/opentracing-api/0.31.0/opentracing-api-0.31.0.jar:/home/user/.m2/repository/io/opentracing/opentracing-noop/0.31.0/opentracing-noop-0.31.0.jar:/home/user/.m2/repository/org/apache/hadoop/hadoop-hdds-server-framework/0.5.0-SNAPSHOT/hadoop-hdds-server-framework-0.5.0-SNAPSHOT.jar:/home/user/.m2/repository/org/apache/hadoop/hadoop-hdds-container-service/0.5.0-SNAPSHOT/hadoop-hdds-container-service-0.5.0-SNAPSHOT.jar:/home/user/.m2/repository/org/apache/hadoop/hadoop-hdds-client/0.5.0-SNAPSHOT/hadoop-hdds-client-0.5.0-SNAPSHOT.jar:/home/user/.m2/repository/org/apache/hadoop/hadoop-hdds-tools/0.5.0-SNAPSHOT/hadoop-hdds-tools-0.5.0-SNAPSHOT.jar:/home/user/.m2/repository/org/apache/hadoop/hadoop-hdds-server-scm/0.5.0-SNAPSHOT/hadoop-hdds-server-scm-0.5.0-SNAPSHOT.jar:/home/user/.m2/repository/org/apache/hadoop/hadoop-hdds-docs/0.5.0-SNAPSHOT/hadoop-hdds-docs-0.5.0-SNAPSHOT.jar:/home/user/.m2/repository/io/dropwizard/metrics/metrics-core/3.2.4/metrics-core-3.2.4.jar:/home/user/.m2/repository/org/hamcrest/hamcrest-all/1.3/hamcrest-all-1.3.jar:/home/user/.m2/repository/org/bouncycastle/bcprov-jdk15on/1.60/bcprov-jdk15on-1.60.jar:/home/user/.m2/repository/info/picocli/picocli/3.9.6/picocli-3.9.6.jar:/home/user/.m2/repository/com/google/protobuf/protobuf-java/2.5.0/protobuf-java-2.5.0.jar:/home/user/.m2/repository/com/google/guava/guava/11.0.2/guava-11.0.2.jar:/home/user/.m2/repository/org/apache/hadoop/hadoop-ozone-ozone-manager/0.5.0-SNAPSHOT/hadoop-ozone-ozone-manager-0.5.0-SNAPSHOT.jar:/home/user/.m2/repository/org/apache/hadoop/hadoop-minikdc/3.2.0/hadoop-minikdc-3.2.0.jar:/home/user/.m2/repository/commons-io/commons-io/2.5/commons-io-2.5.jar:/home/user/.m2/repository/org/apache/kerby/kerb-simplekdc/1.0.1/kerb-simplekdc-1.0.1.jar:/home/user/.m2/repository/org/apache/kerby/kerb-client/1.0.1/kerb-client-1.0.1.jar:/home/user/.m2/repository/org/apache/kerby/kerby-config/1.0.1/kerby-config-1.0.1.jar:/home/user/.m2/repository/org/apache/kerby/kerb-core/1.0.1/kerb-core-1.0.1.jar:/home/user/.m2/repository/org/apache/kerby/kerby-pkix/1.0.1/kerby-pkix-1.0.1.jar:/home/user/.m2/repository/org/apache/kerby/kerby-asn1/1.0.1/kerby-asn1-1.0.1.jar:/home/user/.m2/repository/org/apache/kerby/kerby-util/1.0.1/kerby-util-1.0.1.jar:/home/user/.m2/repository/org/apache/kerby/kerb-common/1.0.1/kerb-common-1.0.1.jar:/home/user/.m2/repository/org/apache/kerby/kerb-crypto/1.0.1/kerb-crypto-1.0.1.jar:/home/user/.m2/repository/org/apache/kerby/kerb-util/1.0.1/kerb-util-1.0.1.jar:/home/user/.m2/repository/org/apache/kerby/token-provider/1.0.1/token-provider-1.0.1.jar:/home/user/.m2/repository/org/apache/kerby/kerb-admin/1.0.1/kerb-admin-1.0.1.jar:/home/user/.m2/repository/org/apache/kerby/kerb-server/1.0.1/kerb-server-1.0.1.jar:/home/user/.m2/repository/org/apache/kerby/kerb-identity/1.0.1/kerb-identity-1.0.1.jar:/home/user/.m2/repository/org/apache/kerby/kerby-xdr/1.0.1/kerby-xdr-1.0.1.jar:/home/user/.m2/repository/org/slf4j/slf4j-log4j12/1.7.25/slf4j-log4j12-1.7.25.jar:/home/user/.m2/repository/org/apache/hadoop/hadoop-ozone-objectstore-service/0.5.0-SNAPSHOT/hadoop-ozone-objectstore-service-0.5.0-SNAPSHOT.jar:/home/user/.m2/repository/org/apache/hadoop/hadoop-ozone-s3gateway/0.5.0-SNAPSHOT/hadoop-ozone-s3gateway-0.5.0-SNAPSHOT.jar:/home/user/.m2/repository/org/jboss/weld/servlet/weld-servlet/2.4.7.Final/weld-servlet-2.4.7.Final.jar:/home/user/.m2/repository/org/glassfish/jersey/containers/jersey-container-servlet-core/2.27/jersey-container-servlet-core-2.27.jar:/home/user/.m2/repository/org/glassfish/hk2/external/javax.inject/2.5.0-b42/javax.inject-2.5.0-b42.jar:/home/user/.m2/repository/org/glassfish/jersey/core/jersey-common/2.27/jersey-common-2.27.jar:/home/user/.m2/repository/org/glassfish/hk2/osgi-resource-locator/1.0.1/osgi-resource-locator-1.0.1.jar:/home/user/.m2/repository/javax/ws/rs/javax.ws.rs-api/2.1/javax.ws.rs-api-2.1.jar:/home/user/.m2/repository/org/glassfish/jersey/ext/cdi/jersey-cdi1x/2.27/jersey-cdi1x-2.27.jar:/home/user/.m2/repository/org/glassfish/jersey/inject/jersey-hk2/2.27/jersey-hk2-2.27.jar:/home/user/.m2/repository/org/glassfish/hk2/hk2-locator/2.5.0-b42/hk2-locator-2.5.0-b42.jar:/home/user/.m2/repository/org/javassist/javassist/3.22.0-CR2/javassist-3.22.0-CR2.jar:/home/user/.m2/repository/org/glassfish/hk2/hk2-api/2.5.0/hk2-api-2.5.0.jar:/home/user/.m2/repository/org/glassfish/hk2/external/jakarta.inject/2.5.0/jakarta.inject-2.5.0.jar:/home/user/.m2/repository/org/glassfish/hk2/hk2-utils/2.5.0/hk2-utils-2.5.0.jar:/home/user/.m2/repository/jakarta/annotation/jakarta.annotation-api/1.3.4/jakarta.annotation-api-1.3.4.jar:/home/user/.m2/repository/org/glassfish/hk2/external/aopalliance-repackaged/2.5.0/aopalliance-repackaged-2.5.0.jar:/home/user/.m2/repository/com/fasterxml/jackson/dataformat/jackson-dataformat-xml/2.9.0/jackson-dataformat-xml-2.9.0.jar:/home/user/.m2/repository/com/fasterxml/jackson/core/jackson-core/2.9.5/jackson-core-2.9.5.jar:/home/user/.m2/repository/com/fasterxml/jackson/module/jackson-module-jaxb-annotations/2.9.5/jackson-module-jaxb-annotations-2.9.5.jar:/home/user/.m2/repository/javax/enterprise/cdi-api/1.2/cdi-api-1.2.jar:/home/user/.m2/repository/javax/el/javax.el-api/3.0.0/javax.el-api-3.0.0.jar:/home/user/.m2/repository/javax/interceptor/javax.interceptor-api/1.2/javax.interceptor-api-1.2.jar:/home/user/.m2/repository/javax/inject/javax.inject/1/javax.inject-1.jar:/home/user/.m2/repository/com/sun/xml/bind/jaxb-impl/2.3.0.1/jaxb-impl-2.3.0.1.jar:/home/user/.m2/repository/com/sun/xml/bind/jaxb-core/2.3.0.1/jaxb-core-2.3.0.1.jar:/home/user/.m2/repository/javax/xml/bind/jaxb-api/2.3.0/jaxb-api-2.3.0.jar:/home/user/.m2/repository/javax/activation/activation/1.1.1/activation-1.1.1.jar:/home/user/.m2/repository/org/apache/hadoop/hadoop-ozone-csi/0.5.0-SNAPSHOT/hadoop-ozone-csi-0.5.0-SNAPSHOT.jar:/home/user/.m2/repository/com/google/protobuf/protobuf-java-util/3.5.1/protobuf-java-util-3.5.1.jar:/home/user/.m2/repository/org/apache/hadoop/hadoop-hdds-config/0.5.0-SNAPSHOT/hadoop-hdds-config-0.5.0-SNAPSHOT.jar:/home/user/.m2/repository/io/grpc/grpc-netty/1.17.1/grpc-netty-1.17.1.jar:/home/user/.m2/repository/io/grpc/grpc-core/1.17.1/grpc-core-1.17.1.jar:/home/user/.m2/repository/io/grpc/grpc-context/1.17.1/grpc-context-1.17.1.jar:/home/user/.m2/repository/com/google/errorprone/error_prone_annotations/2.2.0/error_prone_annotations-2.2.0.jar:/home/user/.m2/repository/org/codehaus/mojo/animal-sniffer-annotations/1.17/animal-sniffer-annotations-1.17.jar:/home/user/.m2/repository/io/opencensus/opencensus-api/0.17.0/opencensus-api-0.17.0.jar:/home/user/.m2/repository/io/opencensus/opencensus-contrib-grpc-metrics/0.17.0/opencensus-contrib-grpc-metrics-0.17.0.jar:/home/user/.m2/repository/io/netty/netty-codec-http2/4.1.30.Final/netty-codec-http2-4.1.30.Final.jar:/home/user/.m2/repository/io/netty/netty-codec-http/4.1.30.Final/netty-codec-http-4.1.30.Final.jar:/home/user/.m2/repository/io/netty/netty-codec/4.1.30.Final/netty-codec-4.1.30.Final.jar:/home/user/.m2/repository/io/netty/netty-handler/4.1.30.Final/netty-handler-4.1.30.Final.jar:/home/user/.m2/repository/io/netty/netty-handler-proxy/4.1.30.Final/netty-handler-proxy-4.1.30.Final.jar:/home/user/.m2/repository/io/netty/netty-codec-socks/4.1.30.Final/netty-codec-socks-4.1.30.Final.jar:/home/user/.m2/repository/io/netty/netty-transport-native-epoll/4.1.30.Final/netty-transport-native-epoll-4.1.30.Final.jar:/home/user/.m2/repository/io/netty/netty-common/4.1.30.Final/netty-common-4.1.30.Final.jar:/home/user/.m2/repository/io/netty/netty-buffer/4.1.30.Final/netty-buffer-4.1.30.Final.jar:/home/user/.m2/repository/io/netty/netty-transport/4.1.30.Final/netty-transport-4.1.30.Final.jar:/home/user/.m2/repository/io/netty/netty-resolver/4.1.30.Final/netty-resolver-4.1.30.Final.jar:/home/user/.m2/repository/io/netty/netty-transport-native-unix-common/4.1.30.Final/netty-transport-native-unix-common-4.1.30.Final.jar:/home/user/.m2/repository/io/grpc/grpc-protobuf/1.17.1/grpc-protobuf-1.17.1.jar:/home/user/.m2/repository/com/google/api/grpc/proto-google-common-protos/1.0.0/proto-google-common-protos-1.0.0.jar:/home/user/.m2/repository/io/grpc/grpc-protobuf-lite/1.17.1/grpc-protobuf-lite-1.17.1.jar:/home/user/.m2/repository/io/grpc/grpc-stub/1.17.1/grpc-stub-1.17.1.jar:/home/user/.m2/repository/org/apache/hadoop/hadoop-ozone-recon/0.5.0-SNAPSHOT/hadoop-ozone-recon-0.5.0-SNAPSHOT.jar:/home/user/.m2/repository/org/apache/hadoop/hadoop-ozone-reconcodegen/0.5.0-SNAPSHOT/hadoop-ozone-reconcodegen-0.5.0-SNAPSHOT.jar:/home/user/.m2/repository/com/google/inject/extensions/guice-multibindings/4.0/guice-multibindings-4.0.jar:/home/user/.m2/repository/com/google/inject/guice/4.0/guice-4.0.jar:/home/user/.m2/repository/aopalliance/aopalliance/1.0/aopalliance-1.0.jar:/home/user/.m2/repository/com/google/inject/extensions/guice-servlet/4.0/guice-servlet-4.0.jar:/home/user/.m2/repository/org/glassfish/jersey/containers/jersey-container-servlet/2.27/jersey-container-servlet-2.27.jar:/home/user/.m2/repository/org/glassfish/hk2/guice-bridge/2.5.0/guice-bridge-2.5.0.jar:/home/user/.m2/repository/org/glassfish/jersey/core/jersey-server/2.27/jersey-server-2.27.jar:/home/user/.m2/repository/org/glassfish/jersey/core/jersey-client/2.27/jersey-client-2.27.jar:/home/user/.m2/repository/org/glassfish/jersey/media/jersey-media-jaxb/2.27/jersey-media-jaxb-2.27.jar:/home/user/.m2/repository/javax/validation/validation-api/1.1.0.Final/validation-api-1.1.0.Final.jar:/home/user/.m2/repository/org/glassfish/jersey/media/jersey-media-json-jackson/2.27/jersey-media-json-jackson-2.27.jar:/home/user/.m2/repository/org/glassfish/jersey/ext/jersey-entity-filtering/2.27/jersey-entity-filtering-2.27.jar:/home/user/.m2/repository/com/google/inject/extensions/guice-assistedinject/4.0/guice-assistedinject-4.0.jar:/home/user/.m2/repository/org/jooq/jooq/3.11.10/jooq-3.11.10.jar:/home/user/.m2/repository/org/jooq/jooq-meta/3.11.10/jooq-meta-3.11.10.jar:/home/user/.m2/repository/org/jooq/jooq-codegen/3.11.10/jooq-codegen-3.11.10.jar:/home/user/.m2/repository/com/jolbox/bonecp/0.8.0.RELEASE/bonecp-0.8.0.RELEASE.jar:/home/user/.m2/repository/org/xerial/sqlite-jdbc/3.25.2/sqlite-jdbc-3.25.2.jar:/home/user/.m2/repository/org/springframework/spring-jdbc/5.1.3.RELEASE/spring-jdbc-5.1.3.RELEASE.jar:/home/user/.m2/repository/org/springframework/spring-beans/5.1.3.RELEASE/spring-beans-5.1.3.RELEASE.jar:/home/user/.m2/repository/org/springframework/spring-core/5.1.3.RELEASE/spring-core-5.1.3.RELEASE.jar:/home/user/.m2/repository/org/springframework/spring-jcl/5.1.3.RELEASE/spring-jcl-5.1.3.RELEASE.jar:/home/user/.m2/repository/org/springframework/spring-tx/5.1.3.RELEASE/spring-tx-5.1.3.RELEASE.jar:/home/user/.m2/repository/org/apache/hadoop/hadoop-ozone-client/0.5.0-SNAPSHOT/hadoop-ozone-client-0.5.0-SNAPSHOT.jar:/home/user/.m2/repository/commons-lang/commons-lang/2.6/commons-lang-2.6.jar:/home/user/.m2/repository/org/apache/hadoop/hadoop-ozone-ozone-manager/0.5.0-SNAPSHOT/hadoop-ozone-ozone-manager-0.5.0-SNAPSHOT-tests.jar:/home/user/.m2/repository/junit/junit/4.11/junit-4.11.jar:/home/user/.m2/repository/org/hamcrest/hamcrest-core/1.3/hamcrest-core-1.3.jar:/home/user/.m2/repository/org/openjdk/jmh/jmh-core/1.19/jmh-core-1.19.jar:/home/user/.m2/repository/net/sf/jopt-simple/jopt-simple/4.6/jopt-simple-4.6.jar:/home/user/.m2/repository/org/apache/commons/commons-math3/3.1.1/commons-math3-3.1.1.jar:/home/user/.m2/repository/org/openjdk/jmh/jmh-generator-annprocess/1.19/jmh-generator-annprocess-1.19.jar:/home/user/.m2/repository/org/mockito/mockito-all/1.8.5/mockito-all-1.8.5.jar:/home/user/.m2/repository/org/apache/hadoop/hadoop-kms/3.2.0/hadoop-kms-3.2.0.jar:/home/user/.m2/repository/org/apache/hadoop/hadoop-auth/3.2.0/hadoop-auth-3.2.0.jar:/home/user/.m2/repository/com/nimbusds/nimbus-jose-jwt/4.41.1/nimbus-jose-jwt-4.41.1.jar:/home/user/.m2/repository/com/github/stephenc/jcip/jcip-annotations/1.0-1/jcip-annotations-1.0-1.jar:/home/user/.m2/repository/net/minidev/json-smart/2.3/json-smart-2.3.jar:/home/user/.m2/repository/net/minidev/accessors-smart/1.2/accessors-smart-1.2.jar:/home/user/.m2/repository/org/ow2/asm/asm/5.0.4/asm-5.0.4.jar:/home/user/.m2/repository/org/apache/curator/curator-framework/2.12.0/curator-framework-2.12.0.jar:/home/user/.m2/repository/com/sun/jersey/jersey-core/1.19/jersey-core-1.19.jar:/home/user/.m2/repository/javax/ws/rs/jsr311-api/1.1.1/jsr311-api-1.1.1.jar:/home/user/.m2/repository/com/sun/jersey/jersey-server/1.19/jersey-server-1.19.jar:/home/user/.m2/repository/javax/servlet/javax.servlet-api/3.1.0/javax.servlet-api-3.1.0.jar:/home/user/.m2/repository/org/eclipse/jetty/jetty-server/9.3.24.v20180605/jetty-server-9.3.24.v20180605.jar:/home/user/.m2/repository/org/eclipse/jetty/jetty-http/9.3.24.v20180605/jetty-http-9.3.24.v20180605.jar:/home/user/.m2/repository/org/eclipse/jetty/jetty-io/9.3.24.v20180605/jetty-io-9.3.24.v20180605.jar:/home/user/.m2/repository/org/eclipse/jetty/jetty-webapp/9.3.24.v20180605/jetty-webapp-9.3.24.v20180605.jar:/home/user/.m2/repository/org/eclipse/jetty/jetty-xml/9.3.24.v20180605/jetty-xml-9.3.24.v20180605.jar:/home/user/.m2/repository/log4j/log4j/1.2.17/log4j-1.2.17.jar:/home/user/.m2/repository/org/slf4j/slf4j-api/1.7.25/slf4j-api-1.7.25.jar:/home/user/.m2/repository/org/slf4j/jul-to-slf4j/1.7.25/jul-to-slf4j-1.7.25.jar:/home/user/.m2/repository/org/eclipse/jetty/jetty-util/9.3.24.v20180605/jetty-util-9.3.24.v20180605.jar:/home/user/.m2/repository/com/fasterxml/jackson/core/jackson-databind/2.9.5/jackson-databind-2.9.5.jar:/home/user/.m2/repository/org/apache/hadoop/hadoop-kms/3.2.0/hadoop-kms-3.2.0-tests.jar:/home/user/.m2/repository/org/apache/hadoop/hadoop-hdds-server-scm/0.5.0-SNAPSHOT/hadoop-hdds-server-scm-0.5.0-SNAPSHOT-tests.jar:/home/user/.m2/repository/org/apache/hadoop/hadoop-hdds-container-service/0.5.0-SNAPSHOT/hadoop-hdds-container-service-0.5.0-SNAPSHOT-tests.jar:/home/user/.m2/repository/org/yaml/snakeyaml/1.16/snakeyaml-1.16.jar:/home/user/.m2/repository/org/apache/hadoop/hadoop-common/3.2.0/hadoop-common-3.2.0-tests.jar:/home/user/.m2/repository/org/apache/hadoop/hadoop-annotations/3.2.0/hadoop-annotations-3.2.0.jar:/usr/lib/jvm/java-1.8-openjdk/jre/../lib/tools.jar:/home/user/.m2/repository/commons-cli/commons-cli/1.2/commons-cli-1.2.jar:/home/user/.m2/repository/org/apache/httpcomponents/httpclient/4.5.2/httpclient-4.5.2.jar:/home/user/.m2/repository/org/apache/httpcomponents/httpcore/4.4.4/httpcore-4.4.4.jar:/home/user/.m2/repository/commons-codec/commons-codec/1.11/commons-codec-1.11.jar:/home/user/.m2/repository/commons-net/commons-net/3.6/commons-net-3.6.jar:/home/user/.m2/repository/commons-collections/commons-collections/3.2.2/commons-collections-3.2.2.jar:/home/user/.m2/repository/org/eclipse/jetty/jetty-servlet/9.3.24.v20180605/jetty-servlet-9.3.24.v20180605.jar:/home/user/.m2/repository/org/eclipse/jetty/jetty-security/9.3.24.v20180605/jetty-security-9.3.24.v20180605.jar:/home/user/.m2/repository/javax/servlet/jsp/jsp-api/2.1/jsp-api-2.1.jar:/home/user/.m2/repository/com/sun/jersey/jersey-servlet/1.19/jersey-servlet-1.19.jar:/home/user/.m2/repository/com/sun/jersey/jersey-json/1.19/jersey-json-1.19.jar:/home/user/.m2/repository/org/codehaus/jettison/jettison/1.1/jettison-1.1.jar:/home/user/.m2/repository/org/codehaus/jackson/jackson-core-asl/1.9.13/jackson-core-asl-1.9.13.jar:/home/user/.m2/repository/org/codehaus/jackson/jackson-mapper-asl/1.9.13/jackson-mapper-asl-1.9.13.jar:/home/user/.m2/repository/org/codehaus/jackson/jackson-jaxrs/1.9.13/jackson-jaxrs-1.9.13.jar:/home/user/.m2/repository/org/codehaus/jackson/jackson-xc/1.9.13/jackson-xc-1.9.13.jar:/home/user/.m2/repository/commons-logging/commons-logging/1.1.3/commons-logging-1.1.3.jar:/home/user/.m2/repository/commons-beanutils/commons-beanutils/1.9.3/commons-beanutils-1.9.3.jar:/home/user/.m2/repository/org/apache/commons/commons-configuration2/2.1.1/commons-configuration2-2.1.1.jar:/home/user/.m2/repository/org/apache/commons/commons-lang3/3.7/commons-lang3-3.7.jar:/home/user/.m2/repository/org/apache/commons/commons-text/1.4/commons-text-1.4.jar:/home/user/.m2/repository/org/apache/avro/avro/1.7.7/avro-1.7.7.jar:/home/user/.m2/repository/com/thoughtworks/paranamer/paranamer/2.3/paranamer-2.3.jar:/home/user/.m2/repository/org/xerial/snappy/snappy-java/1.0.5/snappy-java-1.0.5.jar:/home/user/.m2/repository/com/google/re2j/re2j/1.1/re2j-1.1.jar:/home/user/.m2/repository/com/google/code/gson/gson/2.2.4/gson-2.2.4.jar:/home/user/.m2/repository/com/jcraft/jsch/0.1.54/jsch-0.1.54.jar:/home/user/.m2/repository/org/apache/curator/curator-client/2.12.0/curator-client-2.12.0.jar:/home/user/.m2/repository/org/apache/curator/curator-recipes/2.12.0/curator-recipes-2.12.0.jar:/home/user/.m2/repository/com/google/code/findbugs/jsr305/3.0.0/jsr305-3.0.0.jar:/home/user/.m2/repository/org/apache/htrace/htrace-core4/4.1.0-incubating/htrace-core4-4.1.0-incubating.jar:/home/user/.m2/repository/org/apache/zookeeper/zookeeper/3.4.13/zookeeper-3.4.13.jar:/home/user/.m2/repository/org/apache/yetus/audience-annotations/0.5.0/audience-annotations-0.5.0.jar:/home/user/.m2/repository/org/codehaus/woodstox/stax2-api/3.1.4/stax2-api-3.1.4.jar:/home/user/.m2/repository/com/fasterxml/woodstox/woodstox-core/5.0.3/woodstox-core-5.0.3.jar:/home/user/.m2/repository/dnsjava/dnsjava/2.1.7/dnsjava-2.1.7.jar:/home/user/.m2/repository/org/apache/hadoop/hadoop-hdfs/3.2.0/hadoop-hdfs-3.2.0-tests.jar:/home/user/.m2/repository/org/eclipse/jetty/jetty-util-ajax/9.3.24.v20180605/jetty-util-ajax-9.3.24.v20180605.jar:/home/user/.m2/repository/commons-daemon/commons-daemon/1.0.13/commons-daemon-1.0.13.jar:/home/user/.m2/repository/io/netty/netty/3.10.5.Final/netty-3.10.5.Final.jar:/home/user/.m2/repository/io/netty/netty-all/4.0.52.Final/netty-all-4.0.52.Final.jar:/home/user/.m2/repository/org/fusesource/leveldbjni/leveldbjni-all/1.8/leveldbjni-all-1.8.jar:"/>
    <property name="java.vm.vendor" value="IcedTea"/>
    <property name="sun.arch.data.model" value="64"/>
    <property name="test.build.dir" value="/workdir/hadoop-ozone/integration-test/target/test-dir"/>
    <property name="test.cache.data" value=""/>
    <property name="java.vendor.url" value="https://icedtea.classpath.org"/>
    <property name="user.timezone" value=""/>
    <property name="java.vm.specification.version" value="1.8"/>
    <property name="os.name" value="Linux"/>
    <property name="test.build.data" value="/workdir/hadoop-ozone/integration-test/target/test-dir"/>
    <property name="user.country" value="US"/>
    <property name="sun.java.launcher" value="SUN_STANDARD"/>
    <property name="sun.boot.library.path" value="/usr/lib/jvm/java-1.8-openjdk/jre/lib/amd64"/>
    <property name="sun.java.command" value="/workdir/hadoop-ozone/integration-test/target/surefire/surefirebooter156704524093265203.jar /workdir/hadoop-ozone/integration-test/target/surefire 2019-08-21T00-29-00_379-jvmRun1 surefire1980535091449834601tmp surefire_482865309099420228222tmp"/>
    <property name="test" value="!TestMiniChaosOzoneCluster"/>
    <property name="surefire.test.class.path" value="/workdir/hadoop-ozone/integration-test/target/test-classes:/workdir/hadoop-ozone/integration-test/target/classes:/home/user/.m2/repository/org/apache/hadoop/hadoop-ozone-common/0.5.0-SNAPSHOT/hadoop-ozone-common-0.5.0-SNAPSHOT.jar:/home/user/.m2/repository/org/apache/commons/commons-compress/1.4.1/commons-compress-1.4.1.jar:/home/user/.m2/repository/org/tukaani/xz/1.0/xz-1.0.jar:/home/user/.m2/repository/org/apache/hadoop/hadoop-common/3.2.0/hadoop-common-3.2.0.jar:/home/user/.m2/repository/org/apache/hadoop/hadoop-hdfs/3.2.0/hadoop-hdfs-3.2.0.jar:/home/user/.m2/repository/org/apache/hadoop/hadoop-hdfs-client/3.2.0/hadoop-hdfs-client-3.2.0.jar:/home/user/.m2/repository/com/fasterxml/jackson/core/jackson-annotations/2.9.5/jackson-annotations-2.9.5.jar:/home/user/.m2/repository/org/apache/hadoop/hadoop-hdds-common/0.5.0-SNAPSHOT/hadoop-hdds-common-0.5.0-SNAPSHOT.jar:/home/user/.m2/repository/javax/annotation/javax.annotation-api/1.2/javax.annotation-api-1.2.jar:/home/user/.m2/repository/org/apache/ratis/ratis-server/0.4.0-2337318-SNAPSHOT/ratis-server-0.4.0-2337318-SNAPSHOT.jar:/home/user/.m2/repository/org/apache/ratis/ratis-thirdparty-misc/0.2.0/ratis-thirdparty-misc-0.2.0.jar:/home/user/.m2/repository/org/apache/ratis/ratis-proto/0.4.0-2337318-SNAPSHOT/ratis-proto-0.4.0-2337318-SNAPSHOT.jar:/home/user/.m2/repository/org/apache/ratis/ratis-common/0.4.0-2337318-SNAPSHOT/ratis-common-0.4.0-2337318-SNAPSHOT.jar:/home/user/.m2/repository/org/apache/ratis/ratis-client/0.4.0-2337318-SNAPSHOT/ratis-client-0.4.0-2337318-SNAPSHOT.jar:/home/user/.m2/repository/org/apache/ratis/ratis-metrics/0.4.0-2337318-SNAPSHOT/ratis-metrics-0.4.0-2337318-SNAPSHOT.jar:/home/user/.m2/repository/org/apache/ratis/ratis-netty/0.4.0-2337318-SNAPSHOT/ratis-netty-0.4.0-2337318-SNAPSHOT.jar:/home/user/.m2/repository/org/apache/ratis/ratis-grpc/0.4.0-2337318-SNAPSHOT/ratis-grpc-0.4.0-2337318-SNAPSHOT.jar:/home/user/.m2/repository/org/rocksdb/rocksdbjni/6.0.1/rocksdbjni-6.0.1.jar:/home/user/.m2/repository/org/apache/logging/log4j/log4j-api/2.11.0/log4j-api-2.11.0.jar:/home/user/.m2/repository/org/apache/logging/log4j/log4j-core/2.11.0/log4j-core-2.11.0.jar:/home/user/.m2/repository/com/lmax/disruptor/3.4.2/disruptor-3.4.2.jar:/home/user/.m2/repository/org/apache/commons/commons-pool2/2.6.0/commons-pool2-2.6.0.jar:/home/user/.m2/repository/org/bouncycastle/bcpkix-jdk15on/1.60/bcpkix-jdk15on-1.60.jar:/home/user/.m2/repository/commons-validator/commons-validator/1.6/commons-validator-1.6.jar:/home/user/.m2/repository/commons-digester/commons-digester/1.8.1/commons-digester-1.8.1.jar:/home/user/.m2/repository/io/jaegertracing/jaeger-client/0.33.1/jaeger-client-0.33.1.jar:/home/user/.m2/repository/io/jaegertracing/jaeger-thrift/0.33.1/jaeger-thrift-0.33.1.jar:/home/user/.m2/repository/org/apache/thrift/libthrift/0.11.0/libthrift-0.11.0.jar:/home/user/.m2/repository/com/squareup/okhttp3/okhttp/3.9.0/okhttp-3.9.0.jar:/home/user/.m2/repository/com/squareup/okio/okio/1.13.0/okio-1.13.0.jar:/home/user/.m2/repository/io/jaegertracing/jaeger-core/0.33.1/jaeger-core-0.33.1.jar:/home/user/.m2/repository/io/jaegertracing/jaeger-tracerresolver/0.33.1/jaeger-tracerresolver-0.33.1.jar:/home/user/.m2/repository/io/opentracing/contrib/opentracing-tracerresolver/0.1.5/opentracing-tracerresolver-0.1.5.jar:/home/user/.m2/repository/io/opentracing/opentracing-util/0.31.0/opentracing-util-0.31.0.jar:/home/user/.m2/repository/io/opentracing/opentracing-api/0.31.0/opentracing-api-0.31.0.jar:/home/user/.m2/repository/io/opentracing/opentracing-noop/0.31.0/opentracing-noop-0.31.0.jar:/home/user/.m2/repository/org/apache/hadoop/hadoop-hdds-server-framework/0.5.0-SNAPSHOT/hadoop-hdds-server-framework-0.5.0-SNAPSHOT.jar:/home/user/.m2/repository/org/apache/hadoop/hadoop-hdds-container-service/0.5.0-SNAPSHOT/hadoop-hdds-container-service-0.5.0-SNAPSHOT.jar:/home/user/.m2/repository/org/apache/hadoop/hadoop-hdds-client/0.5.0-SNAPSHOT/hadoop-hdds-client-0.5.0-SNAPSHOT.jar:/home/user/.m2/repository/org/apache/hadoop/hadoop-hdds-tools/0.5.0-SNAPSHOT/hadoop-hdds-tools-0.5.0-SNAPSHOT.jar:/home/user/.m2/repository/org/apache/hadoop/hadoop-hdds-server-scm/0.5.0-SNAPSHOT/hadoop-hdds-server-scm-0.5.0-SNAPSHOT.jar:/home/user/.m2/repository/org/apache/hadoop/hadoop-hdds-docs/0.5.0-SNAPSHOT/hadoop-hdds-docs-0.5.0-SNAPSHOT.jar:/home/user/.m2/repository/io/dropwizard/metrics/metrics-core/3.2.4/metrics-core-3.2.4.jar:/home/user/.m2/repository/org/hamcrest/hamcrest-all/1.3/hamcrest-all-1.3.jar:/home/user/.m2/repository/org/bouncycastle/bcprov-jdk15on/1.60/bcprov-jdk15on-1.60.jar:/home/user/.m2/repository/info/picocli/picocli/3.9.6/picocli-3.9.6.jar:/home/user/.m2/repository/com/google/protobuf/protobuf-java/2.5.0/protobuf-java-2.5.0.jar:/home/user/.m2/repository/com/google/guava/guava/11.0.2/guava-11.0.2.jar:/home/user/.m2/repository/org/apache/hadoop/hadoop-ozone-ozone-manager/0.5.0-SNAPSHOT/hadoop-ozone-ozone-manager-0.5.0-SNAPSHOT.jar:/home/user/.m2/repository/org/apache/hadoop/hadoop-minikdc/3.2.0/hadoop-minikdc-3.2.0.jar:/home/user/.m2/repository/commons-io/commons-io/2.5/commons-io-2.5.jar:/home/user/.m2/repository/org/apache/kerby/kerb-simplekdc/1.0.1/kerb-simplekdc-1.0.1.jar:/home/user/.m2/repository/org/apache/kerby/kerb-client/1.0.1/kerb-client-1.0.1.jar:/home/user/.m2/repository/org/apache/kerby/kerby-config/1.0.1/kerby-config-1.0.1.jar:/home/user/.m2/repository/org/apache/kerby/kerb-core/1.0.1/kerb-core-1.0.1.jar:/home/user/.m2/repository/org/apache/kerby/kerby-pkix/1.0.1/kerby-pkix-1.0.1.jar:/home/user/.m2/repository/org/apache/kerby/kerby-asn1/1.0.1/kerby-asn1-1.0.1.jar:/home/user/.m2/repository/org/apache/kerby/kerby-util/1.0.1/kerby-util-1.0.1.jar:/home/user/.m2/repository/org/apache/kerby/kerb-common/1.0.1/kerb-common-1.0.1.jar:/home/user/.m2/repository/org/apache/kerby/kerb-crypto/1.0.1/kerb-crypto-1.0.1.jar:/home/user/.m2/repository/org/apache/kerby/kerb-util/1.0.1/kerb-util-1.0.1.jar:/home/user/.m2/repository/org/apache/kerby/token-provider/1.0.1/token-provider-1.0.1.jar:/home/user/.m2/repository/org/apache/kerby/kerb-admin/1.0.1/kerb-admin-1.0.1.jar:/home/user/.m2/repository/org/apache/kerby/kerb-server/1.0.1/kerb-server-1.0.1.jar:/home/user/.m2/repository/org/apache/kerby/kerb-identity/1.0.1/kerb-identity-1.0.1.jar:/home/user/.m2/repository/org/apache/kerby/kerby-xdr/1.0.1/kerby-xdr-1.0.1.jar:/home/user/.m2/repository/org/slf4j/slf4j-log4j12/1.7.25/slf4j-log4j12-1.7.25.jar:/home/user/.m2/repository/org/apache/hadoop/hadoop-ozone-objectstore-service/0.5.0-SNAPSHOT/hadoop-ozone-objectstore-service-0.5.0-SNAPSHOT.jar:/home/user/.m2/repository/org/apache/hadoop/hadoop-ozone-s3gateway/0.5.0-SNAPSHOT/hadoop-ozone-s3gateway-0.5.0-SNAPSHOT.jar:/home/user/.m2/repository/org/jboss/weld/servlet/weld-servlet/2.4.7.Final/weld-servlet-2.4.7.Final.jar:/home/user/.m2/repository/org/glassfish/jersey/containers/jersey-container-servlet-core/2.27/jersey-container-servlet-core-2.27.jar:/home/user/.m2/repository/org/glassfish/hk2/external/javax.inject/2.5.0-b42/javax.inject-2.5.0-b42.jar:/home/user/.m2/repository/org/glassfish/jersey/core/jersey-common/2.27/jersey-common-2.27.jar:/home/user/.m2/repository/org/glassfish/hk2/osgi-resource-locator/1.0.1/osgi-resource-locator-1.0.1.jar:/home/user/.m2/repository/javax/ws/rs/javax.ws.rs-api/2.1/javax.ws.rs-api-2.1.jar:/home/user/.m2/repository/org/glassfish/jersey/ext/cdi/jersey-cdi1x/2.27/jersey-cdi1x-2.27.jar:/home/user/.m2/repository/org/glassfish/jersey/inject/jersey-hk2/2.27/jersey-hk2-2.27.jar:/home/user/.m2/repository/org/glassfish/hk2/hk2-locator/2.5.0-b42/hk2-locator-2.5.0-b42.jar:/home/user/.m2/repository/org/javassist/javassist/3.22.0-CR2/javassist-3.22.0-CR2.jar:/home/user/.m2/repository/org/glassfish/hk2/hk2-api/2.5.0/hk2-api-2.5.0.jar:/home/user/.m2/repository/org/glassfish/hk2/external/jakarta.inject/2.5.0/jakarta.inject-2.5.0.jar:/home/user/.m2/repository/org/glassfish/hk2/hk2-utils/2.5.0/hk2-utils-2.5.0.jar:/home/user/.m2/repository/jakarta/annotation/jakarta.annotation-api/1.3.4/jakarta.annotation-api-1.3.4.jar:/home/user/.m2/repository/org/glassfish/hk2/external/aopalliance-repackaged/2.5.0/aopalliance-repackaged-2.5.0.jar:/home/user/.m2/repository/com/fasterxml/jackson/dataformat/jackson-dataformat-xml/2.9.0/jackson-dataformat-xml-2.9.0.jar:/home/user/.m2/repository/com/fasterxml/jackson/core/jackson-core/2.9.5/jackson-core-2.9.5.jar:/home/user/.m2/repository/com/fasterxml/jackson/module/jackson-module-jaxb-annotations/2.9.5/jackson-module-jaxb-annotations-2.9.5.jar:/home/user/.m2/repository/javax/enterprise/cdi-api/1.2/cdi-api-1.2.jar:/home/user/.m2/repository/javax/el/javax.el-api/3.0.0/javax.el-api-3.0.0.jar:/home/user/.m2/repository/javax/interceptor/javax.interceptor-api/1.2/javax.interceptor-api-1.2.jar:/home/user/.m2/repository/javax/inject/javax.inject/1/javax.inject-1.jar:/home/user/.m2/repository/com/sun/xml/bind/jaxb-impl/2.3.0.1/jaxb-impl-2.3.0.1.jar:/home/user/.m2/repository/com/sun/xml/bind/jaxb-core/2.3.0.1/jaxb-core-2.3.0.1.jar:/home/user/.m2/repository/javax/xml/bind/jaxb-api/2.3.0/jaxb-api-2.3.0.jar:/home/user/.m2/repository/javax/activation/activation/1.1.1/activation-1.1.1.jar:/home/user/.m2/repository/org/apache/hadoop/hadoop-ozone-csi/0.5.0-SNAPSHOT/hadoop-ozone-csi-0.5.0-SNAPSHOT.jar:/home/user/.m2/repository/com/google/protobuf/protobuf-java-util/3.5.1/protobuf-java-util-3.5.1.jar:/home/user/.m2/repository/org/apache/hadoop/hadoop-hdds-config/0.5.0-SNAPSHOT/hadoop-hdds-config-0.5.0-SNAPSHOT.jar:/home/user/.m2/repository/io/grpc/grpc-netty/1.17.1/grpc-netty-1.17.1.jar:/home/user/.m2/repository/io/grpc/grpc-core/1.17.1/grpc-core-1.17.1.jar:/home/user/.m2/repository/io/grpc/grpc-context/1.17.1/grpc-context-1.17.1.jar:/home/user/.m2/repository/com/google/errorprone/error_prone_annotations/2.2.0/error_prone_annotations-2.2.0.jar:/home/user/.m2/repository/org/codehaus/mojo/animal-sniffer-annotations/1.17/animal-sniffer-annotations-1.17.jar:/home/user/.m2/repository/io/opencensus/opencensus-api/0.17.0/opencensus-api-0.17.0.jar:/home/user/.m2/repository/io/opencensus/opencensus-contrib-grpc-metrics/0.17.0/opencensus-contrib-grpc-metrics-0.17.0.jar:/home/user/.m2/repository/io/netty/netty-codec-http2/4.1.30.Final/netty-codec-http2-4.1.30.Final.jar:/home/user/.m2/repository/io/netty/netty-codec-http/4.1.30.Final/netty-codec-http-4.1.30.Final.jar:/home/user/.m2/repository/io/netty/netty-codec/4.1.30.Final/netty-codec-4.1.30.Final.jar:/home/user/.m2/repository/io/netty/netty-handler/4.1.30.Final/netty-handler-4.1.30.Final.jar:/home/user/.m2/repository/io/netty/netty-handler-proxy/4.1.30.Final/netty-handler-proxy-4.1.30.Final.jar:/home/user/.m2/repository/io/netty/netty-codec-socks/4.1.30.Final/netty-codec-socks-4.1.30.Final.jar:/home/user/.m2/repository/io/netty/netty-transport-native-epoll/4.1.30.Final/netty-transport-native-epoll-4.1.30.Final.jar:/home/user/.m2/repository/io/netty/netty-common/4.1.30.Final/netty-common-4.1.30.Final.jar:/home/user/.m2/repository/io/netty/netty-buffer/4.1.30.Final/netty-buffer-4.1.30.Final.jar:/home/user/.m2/repository/io/netty/netty-transport/4.1.30.Final/netty-transport-4.1.30.Final.jar:/home/user/.m2/repository/io/netty/netty-resolver/4.1.30.Final/netty-resolver-4.1.30.Final.jar:/home/user/.m2/repository/io/netty/netty-transport-native-unix-common/4.1.30.Final/netty-transport-native-unix-common-4.1.30.Final.jar:/home/user/.m2/repository/io/grpc/grpc-protobuf/1.17.1/grpc-protobuf-1.17.1.jar:/home/user/.m2/repository/com/google/api/grpc/proto-google-common-protos/1.0.0/proto-google-common-protos-1.0.0.jar:/home/user/.m2/repository/io/grpc/grpc-protobuf-lite/1.17.1/grpc-protobuf-lite-1.17.1.jar:/home/user/.m2/repository/io/grpc/grpc-stub/1.17.1/grpc-stub-1.17.1.jar:/home/user/.m2/repository/org/apache/hadoop/hadoop-ozone-recon/0.5.0-SNAPSHOT/hadoop-ozone-recon-0.5.0-SNAPSHOT.jar:/home/user/.m2/repository/org/apache/hadoop/hadoop-ozone-reconcodegen/0.5.0-SNAPSHOT/hadoop-ozone-reconcodegen-0.5.0-SNAPSHOT.jar:/home/user/.m2/repository/com/google/inject/extensions/guice-multibindings/4.0/guice-multibindings-4.0.jar:/home/user/.m2/repository/com/google/inject/guice/4.0/guice-4.0.jar:/home/user/.m2/repository/aopalliance/aopalliance/1.0/aopalliance-1.0.jar:/home/user/.m2/repository/com/google/inject/extensions/guice-servlet/4.0/guice-servlet-4.0.jar:/home/user/.m2/repository/org/glassfish/jersey/containers/jersey-container-servlet/2.27/jersey-container-servlet-2.27.jar:/home/user/.m2/repository/org/glassfish/hk2/guice-bridge/2.5.0/guice-bridge-2.5.0.jar:/home/user/.m2/repository/org/glassfish/jersey/core/jersey-server/2.27/jersey-server-2.27.jar:/home/user/.m2/repository/org/glassfish/jersey/core/jersey-client/2.27/jersey-client-2.27.jar:/home/user/.m2/repository/org/glassfish/jersey/media/jersey-media-jaxb/2.27/jersey-media-jaxb-2.27.jar:/home/user/.m2/repository/javax/validation/validation-api/1.1.0.Final/validation-api-1.1.0.Final.jar:/home/user/.m2/repository/org/glassfish/jersey/media/jersey-media-json-jackson/2.27/jersey-media-json-jackson-2.27.jar:/home/user/.m2/repository/org/glassfish/jersey/ext/jersey-entity-filtering/2.27/jersey-entity-filtering-2.27.jar:/home/user/.m2/repository/com/google/inject/extensions/guice-assistedinject/4.0/guice-assistedinject-4.0.jar:/home/user/.m2/repository/org/jooq/jooq/3.11.10/jooq-3.11.10.jar:/home/user/.m2/repository/org/jooq/jooq-meta/3.11.10/jooq-meta-3.11.10.jar:/home/user/.m2/repository/org/jooq/jooq-codegen/3.11.10/jooq-codegen-3.11.10.jar:/home/user/.m2/repository/com/jolbox/bonecp/0.8.0.RELEASE/bonecp-0.8.0.RELEASE.jar:/home/user/.m2/repository/org/xerial/sqlite-jdbc/3.25.2/sqlite-jdbc-3.25.2.jar:/home/user/.m2/repository/org/springframework/spring-jdbc/5.1.3.RELEASE/spring-jdbc-5.1.3.RELEASE.jar:/home/user/.m2/repository/org/springframework/spring-beans/5.1.3.RELEASE/spring-beans-5.1.3.RELEASE.jar:/home/user/.m2/repository/org/springframework/spring-core/5.1.3.RELEASE/spring-core-5.1.3.RELEASE.jar:/home/user/.m2/repository/org/springframework/spring-jcl/5.1.3.RELEASE/spring-jcl-5.1.3.RELEASE.jar:/home/user/.m2/repository/org/springframework/spring-tx/5.1.3.RELEASE/spring-tx-5.1.3.RELEASE.jar:/home/user/.m2/repository/org/apache/hadoop/hadoop-ozone-client/0.5.0-SNAPSHOT/hadoop-ozone-client-0.5.0-SNAPSHOT.jar:/home/user/.m2/repository/commons-lang/commons-lang/2.6/commons-lang-2.6.jar:/home/user/.m2/repository/org/apache/hadoop/hadoop-ozone-ozone-manager/0.5.0-SNAPSHOT/hadoop-ozone-ozone-manager-0.5.0-SNAPSHOT-tests.jar:/home/user/.m2/repository/junit/junit/4.11/junit-4.11.jar:/home/user/.m2/repository/org/hamcrest/hamcrest-core/1.3/hamcrest-core-1.3.jar:/home/user/.m2/repository/org/openjdk/jmh/jmh-core/1.19/jmh-core-1.19.jar:/home/user/.m2/repository/net/sf/jopt-simple/jopt-simple/4.6/jopt-simple-4.6.jar:/home/user/.m2/repository/org/apache/commons/commons-math3/3.1.1/commons-math3-3.1.1.jar:/home/user/.m2/repository/org/openjdk/jmh/jmh-generator-annprocess/1.19/jmh-generator-annprocess-1.19.jar:/home/user/.m2/repository/org/mockito/mockito-all/1.8.5/mockito-all-1.8.5.jar:/home/user/.m2/repository/org/apache/hadoop/hadoop-kms/3.2.0/hadoop-kms-3.2.0.jar:/home/user/.m2/repository/org/apache/hadoop/hadoop-auth/3.2.0/hadoop-auth-3.2.0.jar:/home/user/.m2/repository/com/nimbusds/nimbus-jose-jwt/4.41.1/nimbus-jose-jwt-4.41.1.jar:/home/user/.m2/repository/com/github/stephenc/jcip/jcip-annotations/1.0-1/jcip-annotations-1.0-1.jar:/home/user/.m2/repository/net/minidev/json-smart/2.3/json-smart-2.3.jar:/home/user/.m2/repository/net/minidev/accessors-smart/1.2/accessors-smart-1.2.jar:/home/user/.m2/repository/org/ow2/asm/asm/5.0.4/asm-5.0.4.jar:/home/user/.m2/repository/org/apache/curator/curator-framework/2.12.0/curator-framework-2.12.0.jar:/home/user/.m2/repository/com/sun/jersey/jersey-core/1.19/jersey-core-1.19.jar:/home/user/.m2/repository/javax/ws/rs/jsr311-api/1.1.1/jsr311-api-1.1.1.jar:/home/user/.m2/repository/com/sun/jersey/jersey-server/1.19/jersey-server-1.19.jar:/home/user/.m2/repository/javax/servlet/javax.servlet-api/3.1.0/javax.servlet-api-3.1.0.jar:/home/user/.m2/repository/org/eclipse/jetty/jetty-server/9.3.24.v20180605/jetty-server-9.3.24.v20180605.jar:/home/user/.m2/repository/org/eclipse/jetty/jetty-http/9.3.24.v20180605/jetty-http-9.3.24.v20180605.jar:/home/user/.m2/repository/org/eclipse/jetty/jetty-io/9.3.24.v20180605/jetty-io-9.3.24.v20180605.jar:/home/user/.m2/repository/org/eclipse/jetty/jetty-webapp/9.3.24.v20180605/jetty-webapp-9.3.24.v20180605.jar:/home/user/.m2/repository/org/eclipse/jetty/jetty-xml/9.3.24.v20180605/jetty-xml-9.3.24.v20180605.jar:/home/user/.m2/repository/log4j/log4j/1.2.17/log4j-1.2.17.jar:/home/user/.m2/repository/org/slf4j/slf4j-api/1.7.25/slf4j-api-1.7.25.jar:/home/user/.m2/repository/org/slf4j/jul-to-slf4j/1.7.25/jul-to-slf4j-1.7.25.jar:/home/user/.m2/repository/org/eclipse/jetty/jetty-util/9.3.24.v20180605/jetty-util-9.3.24.v20180605.jar:/home/user/.m2/repository/com/fasterxml/jackson/core/jackson-databind/2.9.5/jackson-databind-2.9.5.jar:/home/user/.m2/repository/org/apache/hadoop/hadoop-kms/3.2.0/hadoop-kms-3.2.0-tests.jar:/home/user/.m2/repository/org/apache/hadoop/hadoop-hdds-server-scm/0.5.0-SNAPSHOT/hadoop-hdds-server-scm-0.5.0-SNAPSHOT-tests.jar:/home/user/.m2/repository/org/apache/hadoop/hadoop-hdds-container-service/0.5.0-SNAPSHOT/hadoop-hdds-container-service-0.5.0-SNAPSHOT-tests.jar:/home/user/.m2/repository/org/yaml/snakeyaml/1.16/snakeyaml-1.16.jar:/home/user/.m2/repository/org/apache/hadoop/hadoop-common/3.2.0/hadoop-common-3.2.0-tests.jar:/home/user/.m2/repository/org/apache/hadoop/hadoop-annotations/3.2.0/hadoop-annotations-3.2.0.jar:/usr/lib/jvm/java-1.8-openjdk/jre/../lib/tools.jar:/home/user/.m2/repository/commons-cli/commons-cli/1.2/commons-cli-1.2.jar:/home/user/.m2/repository/org/apache/httpcomponents/httpclient/4.5.2/httpclient-4.5.2.jar:/home/user/.m2/repository/org/apache/httpcomponents/httpcore/4.4.4/httpcore-4.4.4.jar:/home/user/.m2/repository/commons-codec/commons-codec/1.11/commons-codec-1.11.jar:/home/user/.m2/repository/commons-net/commons-net/3.6/commons-net-3.6.jar:/home/user/.m2/repository/commons-collections/commons-collections/3.2.2/commons-collections-3.2.2.jar:/home/user/.m2/repository/org/eclipse/jetty/jetty-servlet/9.3.24.v20180605/jetty-servlet-9.3.24.v20180605.jar:/home/user/.m2/repository/org/eclipse/jetty/jetty-security/9.3.24.v20180605/jetty-security-9.3.24.v20180605.jar:/home/user/.m2/repository/javax/servlet/jsp/jsp-api/2.1/jsp-api-2.1.jar:/home/user/.m2/repository/com/sun/jersey/jersey-servlet/1.19/jersey-servlet-1.19.jar:/home/user/.m2/repository/com/sun/jersey/jersey-json/1.19/jersey-json-1.19.jar:/home/user/.m2/repository/org/codehaus/jettison/jettison/1.1/jettison-1.1.jar:/home/user/.m2/repository/org/codehaus/jackson/jackson-core-asl/1.9.13/jackson-core-asl-1.9.13.jar:/home/user/.m2/repository/org/codehaus/jackson/jackson-mapper-asl/1.9.13/jackson-mapper-asl-1.9.13.jar:/home/user/.m2/repository/org/codehaus/jackson/jackson-jaxrs/1.9.13/jackson-jaxrs-1.9.13.jar:/home/user/.m2/repository/org/codehaus/jackson/jackson-xc/1.9.13/jackson-xc-1.9.13.jar:/home/user/.m2/repository/commons-logging/commons-logging/1.1.3/commons-logging-1.1.3.jar:/home/user/.m2/repository/commons-beanutils/commons-beanutils/1.9.3/commons-beanutils-1.9.3.jar:/home/user/.m2/repository/org/apache/commons/commons-configuration2/2.1.1/commons-configuration2-2.1.1.jar:/home/user/.m2/repository/org/apache/commons/commons-lang3/3.7/commons-lang3-3.7.jar:/home/user/.m2/repository/org/apache/commons/commons-text/1.4/commons-text-1.4.jar:/home/user/.m2/repository/org/apache/avro/avro/1.7.7/avro-1.7.7.jar:/home/user/.m2/repository/com/thoughtworks/paranamer/paranamer/2.3/paranamer-2.3.jar:/home/user/.m2/repository/org/xerial/snappy/snappy-java/1.0.5/snappy-java-1.0.5.jar:/home/user/.m2/repository/com/google/re2j/re2j/1.1/re2j-1.1.jar:/home/user/.m2/repository/com/google/code/gson/gson/2.2.4/gson-2.2.4.jar:/home/user/.m2/repository/com/jcraft/jsch/0.1.54/jsch-0.1.54.jar:/home/user/.m2/repository/org/apache/curator/curator-client/2.12.0/curator-client-2.12.0.jar:/home/user/.m2/repository/org/apache/curator/curator-recipes/2.12.0/curator-recipes-2.12.0.jar:/home/user/.m2/repository/com/google/code/findbugs/jsr305/3.0.0/jsr305-3.0.0.jar:/home/user/.m2/repository/org/apache/htrace/htrace-core4/4.1.0-incubating/htrace-core4-4.1.0-incubating.jar:/home/user/.m2/repository/org/apache/zookeeper/zookeeper/3.4.13/zookeeper-3.4.13.jar:/home/user/.m2/repository/org/apache/yetus/audience-annotations/0.5.0/audience-annotations-0.5.0.jar:/home/user/.m2/repository/org/codehaus/woodstox/stax2-api/3.1.4/stax2-api-3.1.4.jar:/home/user/.m2/repository/com/fasterxml/woodstox/woodstox-core/5.0.3/woodstox-core-5.0.3.jar:/home/user/.m2/repository/dnsjava/dnsjava/2.1.7/dnsjava-2.1.7.jar:/home/user/.m2/repository/org/apache/hadoop/hadoop-hdfs/3.2.0/hadoop-hdfs-3.2.0-tests.jar:/home/user/.m2/repository/org/eclipse/jetty/jetty-util-ajax/9.3.24.v20180605/jetty-util-ajax-9.3.24.v20180605.jar:/home/user/.m2/repository/commons-daemon/commons-daemon/1.0.13/commons-daemon-1.0.13.jar:/home/user/.m2/repository/io/netty/netty/3.10.5.Final/netty-3.10.5.Final.jar:/home/user/.m2/repository/io/netty/netty-all/4.0.52.Final/netty-all-4.0.52.Final.jar:/home/user/.m2/repository/org/fusesource/leveldbjni/leveldbjni-all/1.8/leveldbjni-all-1.8.jar:"/>
    <property name="sun.cpu.endian" value="little"/>
    <property name="user.home" value="/home/user"/>
    <property name="user.language" value="en"/>
    <property name="java.specification.vendor" value="Oracle Corporation"/>
    <property name="java.home" value="/usr/lib/jvm/java-1.8-openjdk/jre"/>
    <property name="java.security.krb5.conf" value="/workdir/hadoop-ozone/integration-test/target/test-classes/krb5.conf"/>
    <property name="basedir" value="/workdir/hadoop-ozone/integration-test"/>
    <property name="file.separator" value="/"/>
    <property name="line.separator" value="&#10;"/>
    <property name="java.vm.specification.vendor" value="Oracle Corporation"/>
    <property name="java.specification.name" value="Java Platform API Specification"/>
    <property name="java.awt.graphicsenv" value="sun.awt.X11GraphicsEnvironment"/>
    <property name="surefire.real.class.path" value="/workdir/hadoop-ozone/integration-test/target/surefire/surefirebooter156704524093265203.jar"/>
    <property name="hadoop.log.dir" value="/workdir/hadoop-ozone/integration-test/target/log"/>
    <property name="sun.boot.class.path" value="/usr/lib/jvm/java-1.8-openjdk/jre/lib/resources.jar:/usr/lib/jvm/java-1.8-openjdk/jre/lib/rt.jar:/usr/lib/jvm/java-1.8-openjdk/jre/lib/sunrsasign.jar:/usr/lib/jvm/java-1.8-openjdk/jre/lib/jsse.jar:/usr/lib/jvm/java-1.8-openjdk/jre/lib/jce.jar:/usr/lib/jvm/java-1.8-openjdk/jre/lib/charsets.jar:/usr/lib/jvm/java-1.8-openjdk/jre/lib/jfr.jar:/usr/lib/jvm/java-1.8-openjdk/jre/classes"/>
    <property name="sun.management.compiler" value="HotSpot 64-Bit Tiered Compilers"/>
    <property name="java.runtime.version" value="1.8.0_212-b04"/>
    <property name="java.net.preferIPv4Stack" value="true"/>
    <property name="user.name" value="jenkins1000"/>
    <property name="path.separator" value=":"/>
    <property name="java.security.egd" value="file:///dev/urandom"/>
    <property name="os.version" value="3.10.0-957.12.2.el7.x86_64"/>
    <property name="java.endorsed.dirs" value="/usr/lib/jvm/java-1.8-openjdk/jre/lib/endorsed"/>
    <property name="java.runtime.name" value="OpenJDK Runtime Environment"/>
    <property name="file.encoding" value="UTF-8"/>
    <property name="java.vm.name" value="OpenJDK 64-Bit Server VM"/>
    <property name="test.build.webapps" value=""/>
    <property name="localRepository" value="/home/user/.m2/repository"/>
    <property name="java.vendor.url.bug" value="https://icedtea.classpath.org/bugzilla"/>
    <property name="java.io.tmpdir" value="/tmp"/>
    <property name="require.test.libhadoop" value=""/>
    <property name="java.version" value="1.8.0_212"/>
    <property name="user.dir" value="/workdir/hadoop-ozone/integration-test"/>
    <property name="os.arch" value="amd64"/>
    <property name="java.vm.specification.name" value="Java Virtual Machine Specification"/>
    <property name="test.build.classes" value="/workdir/hadoop-ozone/integration-test/target/test-classes"/>
    <property name="java.awt.printerjob" value="sun.print.PSPrinterJob"/>
    <property name="sun.os.patch.level" value="unknown"/>
    <property name="hadoop.tmp.dir" value="/workdir/hadoop-ozone/integration-test/target/tmp"/>
    <property name="java.library.path" value="/usr/lib/jvm/java-1.8-openjdk/jre/lib/amd64/server:/usr/lib/jvm/java-1.8-openjdk/jre/lib/amd64:/usr/lib/jvm/java-1.8-openjdk/jre/../lib/amd64:/workdir/hadoop-ozone/integration-test/target/native/target/usr/local/lib:/workdir/hadoop-ozone/integration-test/../../hadoop-common-project/hadoop-common/target/native/target/usr/local/lib:/usr/java/packages/lib/amd64:/usr/lib64:/lib64:/lib:/usr/lib"/>
    <property name="java.vm.info" value="mixed mode"/>
    <property name="java.vendor" value="IcedTea"/>
    <property name="java.vm.version" value="25.212-b04"/>
    <property name="java.ext.dirs" value="/usr/lib/jvm/java-1.8-openjdk/jre/lib/ext:/usr/java/packages/lib/ext"/>
    <property name="sun.io.unicode.encoding" value="UnicodeLittle"/>
    <property name="java.class.version" value="52.0"/>
  </properties>
  <testcase name="test2DatanodesFailure" classname="org.apache.hadoop.ozone.client.rpc.TestBlockOutputStreamWithFailures" time="45.296"/>
  <testcase name="testDatanodeFailureWithPreAllocation" classname="org.apache.hadoop.ozone.client.rpc.TestBlockOutputStreamWithFailures" time="225.445"/>
  <testcase name="testDatanodeFailureWithSingleNodeRatis" classname="org.apache.hadoop.ozone.client.rpc.TestBlockOutputStreamWithFailures" time="225.001"/>
  <testcase name="testWatchForCommitWithSingleNodeRatis" classname="org.apache.hadoop.ozone.client.rpc.TestBlockOutputStreamWithFailures" time="34.949"/>
  <testcase name="testWatchForCommitDatanodeFailure" classname="org.apache.hadoop.ozone.client.rpc.TestBlockOutputStreamWithFailures" time="48.29">
    <failure message="expected:&lt;2&gt; but was:&lt;3&gt;" type="java.lang.AssertionError"><![CDATA[java.lang.AssertionError: expected:<2> but was:<3>
	at org.junit.Assert.fail(Assert.java:88)
	at org.junit.Assert.failNotEquals(Assert.java:743)
	at org.junit.Assert.assertEquals(Assert.java:118)
	at org.junit.Assert.assertEquals(Assert.java:555)
	at org.junit.Assert.assertEquals(Assert.java:542)
	at org.apache.hadoop.ozone.client.rpc.TestBlockOutputStreamWithFailures.testWatchForCommitDatanodeFailure(TestBlockOutputStreamWithFailures.java:366)
	at sun.reflect.NativeMethodAccessorImpl.invoke0(Native Method)
	at sun.reflect.NativeMethodAccessorImpl.invoke(NativeMethodAccessorImpl.java:62)
	at sun.reflect.DelegatingMethodAccessorImpl.invoke(DelegatingMethodAccessorImpl.java:43)
	at java.lang.reflect.Method.invoke(Method.java:498)
	at org.junit.runners.model.FrameworkMethod$1.runReflectiveCall(FrameworkMethod.java:47)
	at org.junit.internal.runners.model.ReflectiveCallable.run(ReflectiveCallable.java:12)
	at org.junit.runners.model.FrameworkMethod.invokeExplosively(FrameworkMethod.java:44)
	at org.junit.internal.runners.statements.InvokeMethod.evaluate(InvokeMethod.java:17)
	at org.junit.internal.runners.statements.RunBefores.evaluate(RunBefores.java:26)
	at org.junit.internal.runners.statements.RunAfters.evaluate(RunAfters.java:27)
	at org.junit.runners.ParentRunner.runLeaf(ParentRunner.java:271)
	at org.junit.runners.BlockJUnit4ClassRunner.runChild(BlockJUnit4ClassRunner.java:70)
	at org.junit.runners.BlockJUnit4ClassRunner.runChild(BlockJUnit4ClassRunner.java:50)
	at org.junit.runners.ParentRunner$3.run(ParentRunner.java:238)
	at org.junit.runners.ParentRunner$1.schedule(ParentRunner.java:63)
	at org.junit.runners.ParentRunner.runChildren(ParentRunner.java:236)
	at org.junit.runners.ParentRunner.access$000(ParentRunner.java:53)
	at org.junit.runners.ParentRunner$2.evaluate(ParentRunner.java:229)
	at org.junit.runners.ParentRunner.run(ParentRunner.java:309)
	at org.apache.maven.surefire.junit4.JUnit4Provider.execute(JUnit4Provider.java:365)
	at org.apache.maven.surefire.junit4.JUnit4Provider.executeWithRerun(JUnit4Provider.java:273)
	at org.apache.maven.surefire.junit4.JUnit4Provider.executeTestSet(JUnit4Provider.java:238)
	at org.apache.maven.surefire.junit4.JUnit4Provider.invoke(JUnit4Provider.java:159)
	at org.apache.maven.surefire.booter.ForkedBooter.invokeProviderInSameClassLoader(ForkedBooter.java:384)
	at org.apache.maven.surefire.booter.ForkedBooter.runSuitesInProcess(ForkedBooter.java:345)
	at org.apache.maven.surefire.booter.ForkedBooter.execute(ForkedBooter.java:126)
	at org.apache.maven.surefire.booter.ForkedBooter.main(ForkedBooter.java:418)
]]></failure>
    <system-out><![CDATA[2019-08-21 01:02:40,565 [main] WARN  server.ServerUtils (ServerUtils.java:getScmDbDir(145)) - ozone.scm.db.dirs is not configured. We recommend adding this setting. Falling back to ozone.metadata.dirs instead.
2019-08-21 01:02:40,580 [main] WARN  server.ServerUtils (ServerUtils.java:getScmDbDir(145)) - ozone.scm.db.dirs is not configured. We recommend adding this setting. Falling back to ozone.metadata.dirs instead.
2019-08-21 01:02:40,581 [main] WARN  server.ServerUtils (ServerUtils.java:getScmDbDir(145)) - ozone.scm.db.dirs is not configured. We recommend adding this setting. Falling back to ozone.metadata.dirs instead.
2019-08-21 01:02:40,581 [main] INFO  db.DBStoreBuilder (DBStoreBuilder.java:addTable(110)) - using custom profile for table: deletedBlocks
2019-08-21 01:02:40,581 [main] INFO  db.DBStoreBuilder (DBStoreBuilder.java:processTables(161)) - Using default column profile:DBProfile.DISK for Table:deletedBlocks
2019-08-21 01:02:40,582 [main] INFO  db.DBStoreBuilder (DBStoreBuilder.java:addTable(110)) - using custom profile for table: validCerts
2019-08-21 01:02:40,582 [main] INFO  db.DBStoreBuilder (DBStoreBuilder.java:processTables(161)) - Using default column profile:DBProfile.DISK for Table:validCerts
2019-08-21 01:02:40,582 [main] INFO  db.DBStoreBuilder (DBStoreBuilder.java:addTable(110)) - using custom profile for table: revokedCerts
2019-08-21 01:02:40,582 [main] INFO  db.DBStoreBuilder (DBStoreBuilder.java:processTables(161)) - Using default column profile:DBProfile.DISK for Table:revokedCerts
2019-08-21 01:02:40,582 [main] INFO  db.DBStoreBuilder (DBStoreBuilder.java:addTable(110)) - using custom profile for table: default
2019-08-21 01:02:40,583 [main] INFO  db.DBStoreBuilder (DBStoreBuilder.java:processTables(167)) - Using default column profile:DBProfile.DISK for Table:default
2019-08-21 01:02:40,583 [main] INFO  db.DBStoreBuilder (DBStoreBuilder.java:getDbProfile(198)) - Using default options. DBProfile.DISK
2019-08-21 01:02:40,785 [main] INFO  net.NodeSchemaLoader (NodeSchemaLoader.java:loadSchemaFromFile(125)) - Loading file from sun.misc.CompoundEnumeration@3956df0a
2019-08-21 01:02:40,785 [main] INFO  net.NodeSchemaLoader (NodeSchemaLoader.java:loadSchema(171)) - Loading network topology layer schema file
2019-08-21 01:02:40,791 [main] INFO  node.SCMNodeManager (SCMNodeManager.java:<init>(121)) - Entering startup safe mode.
2019-08-21 01:02:40,792 [main] INFO  algorithms.ContainerPlacementPolicyFactory (ContainerPlacementPolicyFactory.java:getPolicy(55)) - Create container placement policy of type org.apache.hadoop.hdds.scm.container.placement.algorithms.SCMContainerPlacementRandom
2019-08-21 01:02:40,792 [main] WARN  server.ServerUtils (ServerUtils.java:getScmDbDir(145)) - ozone.scm.db.dirs is not configured. We recommend adding this setting. Falling back to ozone.metadata.dirs instead.
2019-08-21 01:02:40,875 [main] INFO  pipeline.SCMPipelineManager (SCMPipelineManager.java:initializePipelineState(126)) - No pipeline exists in current db
2019-08-21 01:02:40,876 [main] WARN  server.ServerUtils (ServerUtils.java:getScmDbDir(145)) - ozone.scm.db.dirs is not configured. We recommend adding this setting. Falling back to ozone.metadata.dirs instead.
2019-08-21 01:02:40,909 [main] WARN  events.EventQueue (EventQueue.java:fireEvent(175)) - No event handler registered for event TypedEvent{payloadType=SafeModeStatus, name='SafeModeStatus'}
2019-08-21 01:02:40,910 [main] INFO  ipc.CallQueueManager (CallQueueManager.java:<init>(84)) - Using callQueue: class java.util.concurrent.LinkedBlockingQueue, queueCapacity: 2000, scheduler: class org.apache.hadoop.ipc.DefaultRpcScheduler, ipcBackoff: false.
2019-08-21 01:02:40,911 [Socket Reader #1 for port 38035] INFO  ipc.Server (Server.java:run(1074)) - Starting Socket Reader #1 for port 38035
2019-08-21 01:02:40,912 [main] INFO  ipc.CallQueueManager (CallQueueManager.java:<init>(84)) - Using callQueue: class java.util.concurrent.LinkedBlockingQueue, queueCapacity: 2000, scheduler: class org.apache.hadoop.ipc.DefaultRpcScheduler, ipcBackoff: false.
2019-08-21 01:02:40,913 [Socket Reader #1 for port 37811] INFO  ipc.Server (Server.java:run(1074)) - Starting Socket Reader #1 for port 37811
2019-08-21 01:02:40,914 [main] INFO  ipc.CallQueueManager (CallQueueManager.java:<init>(84)) - Using callQueue: class java.util.concurrent.LinkedBlockingQueue, queueCapacity: 2000, scheduler: class org.apache.hadoop.ipc.DefaultRpcScheduler, ipcBackoff: false.
2019-08-21 01:02:40,915 [Socket Reader #1 for port 37066] INFO  ipc.Server (Server.java:run(1074)) - Starting Socket Reader #1 for port 37066
2019-08-21 01:02:40,918 [main] INFO  hdfs.DFSUtil (DFSUtil.java:httpServerTemplateForNNAndJN(1641)) - Starting Web-server for scm at: http://0.0.0.0:0
2019-08-21 01:02:40,920 [main] INFO  server.AuthenticationFilter (AuthenticationFilter.java:constructSecretProvider(240)) - Unable to initialize FileSignerSecretProvider, falling back to use random secrets.
2019-08-21 01:02:40,921 [main] WARN  http.HttpRequestLog (HttpRequestLog.java:getRequestLog(97)) - Jetty request log can only be enabled using Log4j
2019-08-21 01:02:40,923 [main] INFO  http.HttpServer2 (HttpServer2.java:addGlobalFilter(975)) - Added global filter 'safety' (class=org.apache.hadoop.http.HttpServer2$QuotingInputFilter)
2019-08-21 01:02:40,924 [main] INFO  http.HttpServer2 (HttpServer2.java:addFilter(948)) - Added filter static_user_filter (class=org.apache.hadoop.http.lib.StaticUserWebFilter$StaticUserFilter) to context scm
2019-08-21 01:02:40,924 [main] INFO  http.HttpServer2 (HttpServer2.java:addFilter(958)) - Added filter static_user_filter (class=org.apache.hadoop.http.lib.StaticUserWebFilter$StaticUserFilter) to context logs
2019-08-21 01:02:40,924 [main] INFO  http.HttpServer2 (HttpServer2.java:addFilter(958)) - Added filter static_user_filter (class=org.apache.hadoop.http.lib.StaticUserWebFilter$StaticUserFilter) to context static
2019-08-21 01:02:40,926 [main] INFO  server.StorageContainerManager (StorageContainerManager.java:start(759)) - StorageContainerLocationProtocol RPC server is listening at /0.0.0.0:37066
2019-08-21 01:02:40,929 [main] WARN  impl.MetricsConfig (MetricsConfig.java:loadFirst(134)) - Cannot locate configuration: tried hadoop-metrics2-storagecontainermanager.properties,hadoop-metrics2.properties
2019-08-21 01:02:40,930 [main] INFO  impl.MetricsSystemImpl (MetricsSystemImpl.java:startTimer(374)) - Scheduled Metric snapshot period at 10 second(s).
2019-08-21 01:02:40,930 [main] INFO  impl.MetricsSystemImpl (MetricsSystemImpl.java:start(191)) - StorageContainerManager metrics system started
2019-08-21 01:02:40,996 [main] INFO  server.SCMClientProtocolServer (SCMClientProtocolServer.java:start(151)) - RPC server for Client  is listening at /0.0.0.0:37066
2019-08-21 01:02:40,997 [IPC Server Responder] INFO  ipc.Server (Server.java:run(1314)) - IPC Server Responder: starting
2019-08-21 01:02:40,997 [IPC Server listener on 37066] INFO  ipc.Server (Server.java:run(1153)) - IPC Server listener on 37066: starting
2019-08-21 01:02:41,000 [main] INFO  server.StorageContainerManager (StorageContainerManager.java:start(769)) - ScmBlockLocationProtocol RPC server is listening at /0.0.0.0:37811
2019-08-21 01:02:41,000 [main] INFO  server.SCMBlockProtocolServer (SCMBlockProtocolServer.java:start(140)) - RPC server for Block Protocol is listening at /0.0.0.0:37811
2019-08-21 01:02:41,001 [IPC Server Responder] INFO  ipc.Server (Server.java:run(1314)) - IPC Server Responder: starting
2019-08-21 01:02:41,002 [IPC Server listener on 37811] INFO  ipc.Server (Server.java:run(1153)) - IPC Server listener on 37811: starting
2019-08-21 01:02:41,004 [main] INFO  server.StorageContainerManager (StorageContainerManager.java:start(773)) - ScmDatanodeProtocl RPC server is listening at /0.0.0.0:38035
2019-08-21 01:02:41,005 [main] INFO  server.SCMDatanodeProtocolServer (SCMDatanodeProtocolServer.java:start(191)) - RPC server for DataNodes is listening at /0.0.0.0:38035
2019-08-21 01:02:41,005 [IPC Server Responder] INFO  ipc.Server (Server.java:run(1314)) - IPC Server Responder: starting
2019-08-21 01:02:41,006 [IPC Server listener on 38035] INFO  ipc.Server (Server.java:run(1153)) - IPC Server listener on 38035: starting
2019-08-21 01:02:41,009 [main] INFO  http.HttpServer2 (HttpServer2.java:bindListener(1191)) - Jetty bound to port 38803
2019-08-21 01:02:41,009 [main] INFO  server.Server (Server.java:doStart(351)) - jetty-9.3.24.v20180605, build timestamp: 2018-06-05T17:11:56Z, git hash: 84205aa28f11a4f31f2a3b86d1bba2cc8ab69827
2019-08-21 01:02:41,010 [main] INFO  handler.ContextHandler (ContextHandler.java:doStart(781)) - Started o.e.j.s.ServletContextHandler@38320819{/logs,file:///workdir/hadoop-ozone/integration-test/target/log,AVAILABLE}
2019-08-21 01:02:41,011 [main] INFO  handler.ContextHandler (ContextHandler.java:doStart(781)) - Started o.e.j.s.ServletContextHandler@cec1ce2{/static,file:///workdir/hadoop-ozone/integration-test/target/test-classes/webapps/static,AVAILABLE}
2019-08-21 01:02:41,014 [main] INFO  handler.ContextHandler (ContextHandler.java:doStart(781)) - Started o.e.j.w.WebAppContext@36109a76{/,file:///workdir/hadoop-ozone/integration-test/target/test-classes/webapps/scm/,AVAILABLE}{/scm}
2019-08-21 01:02:41,015 [main] INFO  server.AbstractConnector (AbstractConnector.java:doStart(278)) - Started ServerConnector@96271d8{HTTP/1.1,[http/1.1]}{0.0.0.0:38803}
2019-08-21 01:02:41,015 [main] INFO  server.Server (Server.java:doStart(419)) - Started @531735ms
2019-08-21 01:02:41,017 [main] INFO  server.BaseHttpServer (BaseHttpServer.java:updateConnectorAddress(213)) - HTTP server of SCM is listening at http://0.0.0.0:38803
2019-08-21 01:02:41,017 [main] WARN  server.ServerUtils (ServerUtils.java:getDBPath(222)) - ozone.om.db.dirs is not configured. We recommend adding this setting. Falling back to ozone.metadata.dirs instead.
2019-08-21 01:02:41,019 [org.apache.hadoop.util.JvmPauseMonitor$Monitor@7b8d1537] INFO  util.JvmPauseMonitor (JvmPauseMonitor.java:run(188)) - Starting JVM pause monitor
2019-08-21 01:02:41,032 [main] WARN  server.ServerUtils (ServerUtils.java:getDBPath(222)) - ozone.om.db.dirs is not configured. We recommend adding this setting. Falling back to ozone.metadata.dirs instead.
2019-08-21 01:02:41,032 [main] WARN  server.ServerUtils (ServerUtils.java:getDBPath(222)) - ozone.om.db.dirs is not configured. We recommend adding this setting. Falling back to ozone.metadata.dirs instead.
2019-08-21 01:02:41,032 [main] INFO  om.OzoneManager (OzoneManager.java:setOMNodeDetails(648)) - OM Service ID is not set. Setting it to the default ID: omServiceIdDefault
2019-08-21 01:02:41,033 [main] INFO  om.OzoneManager (OzoneManager.java:setOMNodeDetails(654)) - OM Node ID is not set. Setting it to the OmStorage's OmID: 3cd6713e-455c-4986-9e28-5c8b1643dbf5
2019-08-21 01:02:41,033 [main] INFO  om.OzoneManager (OzoneManager.java:loadOMHAConfigs(605)) - Found matching OM address with OMServiceId: null, OMNodeId: null, RPC Address: localhost:0 and Ratis port: 9872
2019-08-21 01:02:41,037 | INFO  | SCMAudit | user=jenkins1000 | ip=192.168.34.10 | op=GET_SCM_INFO null | ret=SUCCESS |  
2019-08-21 01:02:41,038 [main] WARN  server.ServerUtils (ServerUtils.java:getDBPath(222)) - ozone.om.db.dirs is not configured. We recommend adding this setting. Falling back to ozone.metadata.dirs instead.
2019-08-21 01:02:41,039 [main] INFO  db.DBStoreBuilder (DBStoreBuilder.java:addTable(110)) - using custom profile for table: userTable
2019-08-21 01:02:41,039 [main] INFO  db.DBStoreBuilder (DBStoreBuilder.java:processTables(161)) - Using default column profile:DBProfile.DISK for Table:userTable
2019-08-21 01:02:41,039 [main] INFO  db.DBStoreBuilder (DBStoreBuilder.java:addTable(110)) - using custom profile for table: volumeTable
2019-08-21 01:02:41,039 [main] INFO  db.DBStoreBuilder (DBStoreBuilder.java:processTables(161)) - Using default column profile:DBProfile.DISK for Table:volumeTable
2019-08-21 01:02:41,039 [main] INFO  db.DBStoreBuilder (DBStoreBuilder.java:addTable(110)) - using custom profile for table: bucketTable
2019-08-21 01:02:41,040 [main] INFO  db.DBStoreBuilder (DBStoreBuilder.java:processTables(161)) - Using default column profile:DBProfile.DISK for Table:bucketTable
2019-08-21 01:02:41,040 [main] INFO  db.DBStoreBuilder (DBStoreBuilder.java:addTable(110)) - using custom profile for table: keyTable
2019-08-21 01:02:41,040 [main] INFO  db.DBStoreBuilder (DBStoreBuilder.java:processTables(161)) - Using default column profile:DBProfile.DISK for Table:keyTable
2019-08-21 01:02:41,040 [main] INFO  db.DBStoreBuilder (DBStoreBuilder.java:addTable(110)) - using custom profile for table: deletedTable
2019-08-21 01:02:41,040 [main] INFO  db.DBStoreBuilder (DBStoreBuilder.java:processTables(161)) - Using default column profile:DBProfile.DISK for Table:deletedTable
2019-08-21 01:02:41,040 [main] INFO  db.DBStoreBuilder (DBStoreBuilder.java:addTable(110)) - using custom profile for table: openKeyTable
2019-08-21 01:02:41,040 [main] INFO  db.DBStoreBuilder (DBStoreBuilder.java:processTables(161)) - Using default column profile:DBProfile.DISK for Table:openKeyTable
2019-08-21 01:02:41,041 [main] INFO  db.DBStoreBuilder (DBStoreBuilder.java:addTable(110)) - using custom profile for table: s3Table
2019-08-21 01:02:41,041 [main] INFO  db.DBStoreBuilder (DBStoreBuilder.java:processTables(161)) - Using default column profile:DBProfile.DISK for Table:s3Table
2019-08-21 01:02:41,041 [main] INFO  db.DBStoreBuilder (DBStoreBuilder.java:addTable(110)) - using custom profile for table: multipartInfoTable
2019-08-21 01:02:41,041 [main] INFO  db.DBStoreBuilder (DBStoreBuilder.java:processTables(161)) - Using default column profile:DBProfile.DISK for Table:multipartInfoTable
2019-08-21 01:02:41,041 [main] INFO  db.DBStoreBuilder (DBStoreBuilder.java:addTable(110)) - using custom profile for table: dTokenTable
2019-08-21 01:02:41,041 [main] INFO  db.DBStoreBuilder (DBStoreBuilder.java:processTables(161)) - Using default column profile:DBProfile.DISK for Table:dTokenTable
2019-08-21 01:02:41,041 [main] INFO  db.DBStoreBuilder (DBStoreBuilder.java:addTable(110)) - using custom profile for table: s3SecretTable
2019-08-21 01:02:41,042 [main] INFO  db.DBStoreBuilder (DBStoreBuilder.java:processTables(161)) - Using default column profile:DBProfile.DISK for Table:s3SecretTable
2019-08-21 01:02:41,042 [main] INFO  db.DBStoreBuilder (DBStoreBuilder.java:addTable(110)) - using custom profile for table: prefixTable
2019-08-21 01:02:41,042 [main] INFO  db.DBStoreBuilder (DBStoreBuilder.java:processTables(161)) - Using default column profile:DBProfile.DISK for Table:prefixTable
2019-08-21 01:02:41,042 [main] INFO  db.DBStoreBuilder (DBStoreBuilder.java:addTable(110)) - using custom profile for table: default
2019-08-21 01:02:41,042 [main] INFO  db.DBStoreBuilder (DBStoreBuilder.java:processTables(167)) - Using default column profile:DBProfile.DISK for Table:default
2019-08-21 01:02:41,042 [main] INFO  db.DBStoreBuilder (DBStoreBuilder.java:getDbProfile(198)) - Using default options. DBProfile.DISK
2019-08-21 01:02:41,550 [main] INFO  ipc.CallQueueManager (CallQueueManager.java:<init>(84)) - Using callQueue: class java.util.concurrent.LinkedBlockingQueue, queueCapacity: 2000, scheduler: class org.apache.hadoop.ipc.DefaultRpcScheduler, ipcBackoff: false.
2019-08-21 01:02:41,551 [Socket Reader #1 for port 34558] INFO  ipc.Server (Server.java:run(1074)) - Starting Socket Reader #1 for port 34558
2019-08-21 01:02:41,567 [main] INFO  om.OzoneManager (OzoneManager.java:start(1259)) - OzoneManager RPC server is listening at localhost/127.0.0.1:34558
2019-08-21 01:02:41,567 [main] INFO  impl.MetricsSystemImpl (MetricsSystemImpl.java:init(158)) - OzoneManager metrics system started (again)
2019-08-21 01:02:41,568 [IPC Server Responder] INFO  ipc.Server (Server.java:run(1314)) - IPC Server Responder: starting
2019-08-21 01:02:41,568 [IPC Server listener on 34558] INFO  ipc.Server (Server.java:run(1153)) - IPC Server listener on 34558: starting
2019-08-21 01:02:41,574 [main] INFO  hdfs.DFSUtil (DFSUtil.java:httpServerTemplateForNNAndJN(1641)) - Starting Web-server for ozoneManager at: http://0.0.0.0:0
2019-08-21 01:02:41,575 [main] INFO  server.AuthenticationFilter (AuthenticationFilter.java:constructSecretProvider(240)) - Unable to initialize FileSignerSecretProvider, falling back to use random secrets.
2019-08-21 01:02:41,576 [main] WARN  http.HttpRequestLog (HttpRequestLog.java:getRequestLog(97)) - Jetty request log can only be enabled using Log4j
2019-08-21 01:02:41,577 [main] INFO  http.HttpServer2 (HttpServer2.java:addGlobalFilter(975)) - Added global filter 'safety' (class=org.apache.hadoop.http.HttpServer2$QuotingInputFilter)
2019-08-21 01:02:41,578 [main] INFO  http.HttpServer2 (HttpServer2.java:addFilter(948)) - Added filter static_user_filter (class=org.apache.hadoop.http.lib.StaticUserWebFilter$StaticUserFilter) to context ozoneManager
2019-08-21 01:02:41,578 [main] INFO  http.HttpServer2 (HttpServer2.java:addFilter(958)) - Added filter static_user_filter (class=org.apache.hadoop.http.lib.StaticUserWebFilter$StaticUserFilter) to context logs
2019-08-21 01:02:41,579 [main] INFO  http.HttpServer2 (HttpServer2.java:addFilter(958)) - Added filter static_user_filter (class=org.apache.hadoop.http.lib.StaticUserWebFilter$StaticUserFilter) to context static
2019-08-21 01:02:41,580 [main] INFO  http.HttpServer2 (HttpServer2.java:bindListener(1191)) - Jetty bound to port 34859
2019-08-21 01:02:41,580 [main] INFO  server.Server (Server.java:doStart(351)) - jetty-9.3.24.v20180605, build timestamp: 2018-06-05T17:11:56Z, git hash: 84205aa28f11a4f31f2a3b86d1bba2cc8ab69827
2019-08-21 01:02:41,583 [main] INFO  handler.ContextHandler (ContextHandler.java:doStart(781)) - Started o.e.j.s.ServletContextHandler@73418044{/logs,file:///workdir/hadoop-ozone/integration-test/target/log,AVAILABLE}
2019-08-21 01:02:41,584 [main] INFO  handler.ContextHandler (ContextHandler.java:doStart(781)) - Started o.e.j.s.ServletContextHandler@52b2713a{/static,file:///workdir/hadoop-ozone/integration-test/target/test-classes/webapps/static,AVAILABLE}
2019-08-21 01:02:41,594 [main] INFO  handler.ContextHandler (ContextHandler.java:doStart(781)) - Started o.e.j.w.WebAppContext@354baab2{/,file:///workdir/hadoop-ozone/integration-test/target/test-classes/webapps/ozoneManager/,AVAILABLE}{/ozoneManager}
2019-08-21 01:02:41,595 [main] INFO  server.AbstractConnector (AbstractConnector.java:doStart(278)) - Started ServerConnector@30be6a05{HTTP/1.1,[http/1.1]}{0.0.0.0:34859}
2019-08-21 01:02:41,596 [main] INFO  server.Server (Server.java:doStart(419)) - Started @532316ms
2019-08-21 01:02:41,598 [main] INFO  server.BaseHttpServer (BaseHttpServer.java:updateConnectorAddress(213)) - HTTP server of OZONEMANAGER is listening at http://0.0.0.0:34859
2019-08-21 01:02:41,622 [main] INFO  impl.MetricsSystemImpl (MetricsSystemImpl.java:init(158)) - HddsDatanode metrics system started (again)
2019-08-21 01:02:41,625 [main] INFO  ozone.HddsDatanodeService (HddsDatanodeService.java:start(184)) - HddsDatanodeService host:pr-hdds-1927-qfsst-2448355857 ip:192.168.34.10
2019-08-21 01:02:41,636 [main] INFO  volume.HddsVolume (HddsVolume.java:<init>(176)) - Creating Volume: /workdir/hadoop-ozone/integration-test/target/test-dir/MiniOzoneClusterImpl-b121f0fa-5b36-4e30-bdae-6f5cf730914f/datanode-0/data/containers/hdds of  storage type : DISK and capacity : 1482555576320
2019-08-21 01:02:41,636 [main] INFO  volume.VolumeSet (VolumeSet.java:initializeVolumeSet(170)) - Added Volume : /workdir/hadoop-ozone/integration-test/target/test-dir/MiniOzoneClusterImpl-b121f0fa-5b36-4e30-bdae-6f5cf730914f/datanode-0/data/containers/hdds to VolumeSet
2019-08-21 01:02:41,636 [main] INFO  volume.ThrottledAsyncChecker (ThrottledAsyncChecker.java:schedule(140)) - Scheduling a check for org.apache.hadoop.ozone.container.common.volume.HddsVolume@34714012
2019-08-21 01:02:41,637 [main] INFO  volume.HddsVolumeChecker (HddsVolumeChecker.java:checkAllVolumes(203)) - Scheduled health check for volume org.apache.hadoop.ozone.container.common.volume.HddsVolume@34714012
2019-08-21 01:02:41,652 [main] INFO  impl.RaftServerProxy (ConfUtils.java:logGet(43)) - raft.rpc.type = GRPC (default)
2019-08-21 01:02:41,652 [main] INFO  grpc.GrpcFactory (GrpcFactory.java:checkPooledByteBufAllocatorUseCacheForAllThreads(45)) - PERFORMANCE WARNING: useCacheForAllThreads is true that may cause Netty to create a lot garbage objects and, as a result, trigger GC.
	It is recommended to disable useCacheForAllThreads by setting -Dorg.apache.ratis.thirdparty.io.netty.allocator.useCacheForAllThreads=false in command line.
2019-08-21 01:02:41,653 [main] INFO  grpc.GrpcConfigKeys$Server (ConfUtils.java:logGet(43)) - raft.grpc.server.port = 0 (default)
2019-08-21 01:02:41,653 [main] INFO  server.GrpcService (ConfUtils.java:logGet(43)) - raft.grpc.message.size.max = 33570816 (custom)
2019-08-21 01:02:41,653 [main] INFO  server.RaftServerConfigKeys (ConfUtils.java:logGet(43)) - raft.server.log.appender.buffer.byte-limit = 33554432 (custom)
2019-08-21 01:02:41,653 [main] INFO  server.GrpcService (ConfUtils.java:logGet(43)) - raft.grpc.flow.control.window = 1MB (=1048576) (default)
2019-08-21 01:02:41,653 [main] INFO  server.RaftServerConfigKeys (ConfUtils.java:logGet(43)) - raft.server.rpc.request.timeout = 3000ms (default)
2019-08-21 01:02:41,654 [main] INFO  server.RaftServerConfigKeys (ConfUtils.java:logGet(43)) - raft.server.storage.dir = [/workdir/hadoop-ozone/integration-test/target/test-dir/MiniOzoneClusterImpl-b121f0fa-5b36-4e30-bdae-6f5cf730914f/datanode-0/data/ratis] (custom)
2019-08-21 01:02:41,654 [main] INFO  replication.SimpleContainerDownloader (SimpleContainerDownloader.java:<init>(72)) - Starting container downloader service to copy containers to replicate.
2019-08-21 01:02:41,655 [main] INFO  hdfs.DFSUtil (DFSUtil.java:httpServerTemplateForNNAndJN(1641)) - Starting Web-server for hddsDatanode at: http://0.0.0.0:0
2019-08-21 01:02:41,657 [main] INFO  server.AuthenticationFilter (AuthenticationFilter.java:constructSecretProvider(240)) - Unable to initialize FileSignerSecretProvider, falling back to use random secrets.
2019-08-21 01:02:41,657 [main] WARN  http.HttpRequestLog (HttpRequestLog.java:getRequestLog(97)) - Jetty request log can only be enabled using Log4j
2019-08-21 01:02:41,658 [main] INFO  http.HttpServer2 (HttpServer2.java:addGlobalFilter(975)) - Added global filter 'safety' (class=org.apache.hadoop.http.HttpServer2$QuotingInputFilter)
2019-08-21 01:02:41,659 [main] INFO  http.HttpServer2 (HttpServer2.java:addFilter(948)) - Added filter static_user_filter (class=org.apache.hadoop.http.lib.StaticUserWebFilter$StaticUserFilter) to context hddsDatanode
2019-08-21 01:02:41,659 [main] INFO  http.HttpServer2 (HttpServer2.java:addFilter(958)) - Added filter static_user_filter (class=org.apache.hadoop.http.lib.StaticUserWebFilter$StaticUserFilter) to context logs
2019-08-21 01:02:41,659 [main] INFO  http.HttpServer2 (HttpServer2.java:addFilter(958)) - Added filter static_user_filter (class=org.apache.hadoop.http.lib.StaticUserWebFilter$StaticUserFilter) to context static
2019-08-21 01:02:41,660 [main] INFO  http.HttpServer2 (HttpServer2.java:bindListener(1191)) - Jetty bound to port 46384
2019-08-21 01:02:41,660 [main] INFO  server.Server (Server.java:doStart(351)) - jetty-9.3.24.v20180605, build timestamp: 2018-06-05T17:11:56Z, git hash: 84205aa28f11a4f31f2a3b86d1bba2cc8ab69827
2019-08-21 01:02:41,662 [main] INFO  handler.ContextHandler (ContextHandler.java:doStart(781)) - Started o.e.j.s.ServletContextHandler@56dae6{/logs,file:///workdir/hadoop-ozone/integration-test/target/log,AVAILABLE}
2019-08-21 01:02:41,662 [main] INFO  handler.ContextHandler (ContextHandler.java:doStart(781)) - Started o.e.j.s.ServletContextHandler@6e43c01f{/static,jar:file:/home/user/.m2/repository/org/apache/hadoop/hadoop-hdds-container-service/0.5.0-SNAPSHOT/hadoop-hdds-container-service-0.5.0-SNAPSHOT.jar!/webapps/static,AVAILABLE}
2019-08-21 01:02:41,692 [main] INFO  handler.ContextHandler (ContextHandler.java:doStart(781)) - Started o.e.j.w.WebAppContext@c50503e{/,file:///tmp/jetty-0.0.0.0-46384-hddsDatanode-_-any-5013632098906177964.dir/webapp/,AVAILABLE}{/hddsDatanode}
2019-08-21 01:02:41,693 [main] INFO  server.AbstractConnector (AbstractConnector.java:doStart(278)) - Started ServerConnector@4ac2b4c6{HTTP/1.1,[http/1.1]}{0.0.0.0:46384}
2019-08-21 01:02:41,693 [main] INFO  server.Server (Server.java:doStart(419)) - Started @532412ms
2019-08-21 01:02:41,695 [main] INFO  server.BaseHttpServer (BaseHttpServer.java:updateConnectorAddress(213)) - HTTP server of HDDSDATANODE is listening at http://0.0.0.0:46384
2019-08-21 01:02:41,799 | INFO  | ObjectStoreRestHttpServer | Listening HDDS REST traffic on /0.0.0.0:46327 |  
2019-08-21 01:02:41,799 [main] INFO  ozone.HddsDatanodeService (HddsDatanodeService.java:startPlugins(395)) - Started plug-in org.apache.hadoop.ozone.web.OzoneHddsDatanodeService@718b9d56
2019-08-21 01:02:41,799 [main] INFO  impl.MetricsSystemImpl (MetricsSystemImpl.java:init(158)) - HddsDatanode metrics system started (again)
2019-08-21 01:02:41,801 [main] INFO  ozone.HddsDatanodeService (HddsDatanodeService.java:start(184)) - HddsDatanodeService host:pr-hdds-1927-qfsst-2448355857 ip:192.168.34.10
2019-08-21 01:02:41,801 [org.apache.hadoop.util.JvmPauseMonitor$Monitor@1dcd7989] INFO  util.JvmPauseMonitor (JvmPauseMonitor.java:run(188)) - Starting JVM pause monitor
2019-08-21 01:02:41,803 [Datanode State Machine Thread - 0] INFO  datanode.InitDatanodeState (InitDatanodeState.java:persistContainerDatanodeDetails(140)) - DatanodeDetails is persisted to /workdir/hadoop-ozone/integration-test/target/test-dir/MiniOzoneClusterImpl-b121f0fa-5b36-4e30-bdae-6f5cf730914f/datanode-0/meta/datanode.id
2019-08-21 01:02:41,812 [main] INFO  volume.HddsVolume (HddsVolume.java:<init>(176)) - Creating Volume: /workdir/hadoop-ozone/integration-test/target/test-dir/MiniOzoneClusterImpl-b121f0fa-5b36-4e30-bdae-6f5cf730914f/datanode-1/data/containers/hdds of  storage type : DISK and capacity : 1482555576320
2019-08-21 01:02:41,812 [main] INFO  volume.VolumeSet (VolumeSet.java:initializeVolumeSet(170)) - Added Volume : /workdir/hadoop-ozone/integration-test/target/test-dir/MiniOzoneClusterImpl-b121f0fa-5b36-4e30-bdae-6f5cf730914f/datanode-1/data/containers/hdds to VolumeSet
2019-08-21 01:02:41,812 [main] INFO  volume.ThrottledAsyncChecker (ThrottledAsyncChecker.java:schedule(140)) - Scheduling a check for org.apache.hadoop.ozone.container.common.volume.HddsVolume@44f8d884
2019-08-21 01:02:41,813 [main] INFO  volume.HddsVolumeChecker (HddsVolumeChecker.java:checkAllVolumes(203)) - Scheduled health check for volume org.apache.hadoop.ozone.container.common.volume.HddsVolume@44f8d884
2019-08-21 01:02:41,828 [main] INFO  impl.RaftServerProxy (ConfUtils.java:logGet(43)) - raft.rpc.type = GRPC (default)
2019-08-21 01:02:41,828 [main] INFO  grpc.GrpcFactory (GrpcFactory.java:checkPooledByteBufAllocatorUseCacheForAllThreads(45)) - PERFORMANCE WARNING: useCacheForAllThreads is true that may cause Netty to create a lot garbage objects and, as a result, trigger GC.
	It is recommended to disable useCacheForAllThreads by setting -Dorg.apache.ratis.thirdparty.io.netty.allocator.useCacheForAllThreads=false in command line.
2019-08-21 01:02:41,828 [main] INFO  grpc.GrpcConfigKeys$Server (ConfUtils.java:logGet(43)) - raft.grpc.server.port = 0 (default)
2019-08-21 01:02:41,828 [main] INFO  server.GrpcService (ConfUtils.java:logGet(43)) - raft.grpc.message.size.max = 33570816 (custom)
2019-08-21 01:02:41,828 [main] INFO  server.RaftServerConfigKeys (ConfUtils.java:logGet(43)) - raft.server.log.appender.buffer.byte-limit = 33554432 (custom)
2019-08-21 01:02:41,829 [main] INFO  server.GrpcService (ConfUtils.java:logGet(43)) - raft.grpc.flow.control.window = 1MB (=1048576) (default)
2019-08-21 01:02:41,829 [main] INFO  server.RaftServerConfigKeys (ConfUtils.java:logGet(43)) - raft.server.rpc.request.timeout = 3000ms (default)
2019-08-21 01:02:41,829 [main] INFO  server.RaftServerConfigKeys (ConfUtils.java:logGet(43)) - raft.server.storage.dir = [/workdir/hadoop-ozone/integration-test/target/test-dir/MiniOzoneClusterImpl-b121f0fa-5b36-4e30-bdae-6f5cf730914f/datanode-1/data/ratis] (custom)
2019-08-21 01:02:41,830 [main] INFO  replication.SimpleContainerDownloader (SimpleContainerDownloader.java:<init>(72)) - Starting container downloader service to copy containers to replicate.
2019-08-21 01:02:41,831 [main] INFO  hdfs.DFSUtil (DFSUtil.java:httpServerTemplateForNNAndJN(1641)) - Starting Web-server for hddsDatanode at: http://0.0.0.0:0
2019-08-21 01:02:41,832 [main] INFO  server.AuthenticationFilter (AuthenticationFilter.java:constructSecretProvider(240)) - Unable to initialize FileSignerSecretProvider, falling back to use random secrets.
2019-08-21 01:02:41,832 [main] WARN  http.HttpRequestLog (HttpRequestLog.java:getRequestLog(97)) - Jetty request log can only be enabled using Log4j
2019-08-21 01:02:41,833 [main] INFO  http.HttpServer2 (HttpServer2.java:addGlobalFilter(975)) - Added global filter 'safety' (class=org.apache.hadoop.http.HttpServer2$QuotingInputFilter)
2019-08-21 01:02:41,834 [main] INFO  http.HttpServer2 (HttpServer2.java:addFilter(948)) - Added filter static_user_filter (class=org.apache.hadoop.http.lib.StaticUserWebFilter$StaticUserFilter) to context hddsDatanode
2019-08-21 01:02:41,834 [main] INFO  http.HttpServer2 (HttpServer2.java:addFilter(958)) - Added filter static_user_filter (class=org.apache.hadoop.http.lib.StaticUserWebFilter$StaticUserFilter) to context static
2019-08-21 01:02:41,834 [main] INFO  http.HttpServer2 (HttpServer2.java:addFilter(958)) - Added filter static_user_filter (class=org.apache.hadoop.http.lib.StaticUserWebFilter$StaticUserFilter) to context logs
2019-08-21 01:02:41,835 [main] INFO  http.HttpServer2 (HttpServer2.java:bindListener(1191)) - Jetty bound to port 45384
2019-08-21 01:02:41,835 [main] INFO  server.Server (Server.java:doStart(351)) - jetty-9.3.24.v20180605, build timestamp: 2018-06-05T17:11:56Z, git hash: 84205aa28f11a4f31f2a3b86d1bba2cc8ab69827
2019-08-21 01:02:41,836 [main] INFO  handler.ContextHandler (ContextHandler.java:doStart(781)) - Started o.e.j.s.ServletContextHandler@179e8859{/logs,file:///workdir/hadoop-ozone/integration-test/target/log,AVAILABLE}
2019-08-21 01:02:41,836 [main] INFO  handler.ContextHandler (ContextHandler.java:doStart(781)) - Started o.e.j.s.ServletContextHandler@781ecbac{/static,jar:file:/home/user/.m2/repository/org/apache/hadoop/hadoop-hdds-container-service/0.5.0-SNAPSHOT/hadoop-hdds-container-service-0.5.0-SNAPSHOT.jar!/webapps/static,AVAILABLE}
2019-08-21 01:02:41,864 [main] INFO  handler.ContextHandler (ContextHandler.java:doStart(781)) - Started o.e.j.w.WebAppContext@39cf7f3c{/,file:///tmp/jetty-0.0.0.0-45384-hddsDatanode-_-any-8163325660726751022.dir/webapp/,AVAILABLE}{/hddsDatanode}
2019-08-21 01:02:41,865 [main] INFO  server.AbstractConnector (AbstractConnector.java:doStart(278)) - Started ServerConnector@25df95b{HTTP/1.1,[http/1.1]}{0.0.0.0:45384}
2019-08-21 01:02:41,866 [main] INFO  server.Server (Server.java:doStart(419)) - Started @532586ms
2019-08-21 01:02:41,867 [main] INFO  server.BaseHttpServer (BaseHttpServer.java:updateConnectorAddress(213)) - HTTP server of HDDSDATANODE is listening at http://0.0.0.0:45384
2019-08-21 01:02:41,972 | INFO  | ObjectStoreRestHttpServer | Listening HDDS REST traffic on /0.0.0.0:40391 |  
2019-08-21 01:02:41,972 [main] INFO  ozone.HddsDatanodeService (HddsDatanodeService.java:startPlugins(395)) - Started plug-in org.apache.hadoop.ozone.web.OzoneHddsDatanodeService@63fcc21
2019-08-21 01:02:41,972 [main] INFO  impl.MetricsSystemImpl (MetricsSystemImpl.java:init(158)) - HddsDatanode metrics system started (again)
2019-08-21 01:02:41,975 [main] INFO  ozone.HddsDatanodeService (HddsDatanodeService.java:start(184)) - HddsDatanodeService host:pr-hdds-1927-qfsst-2448355857 ip:192.168.34.10
2019-08-21 01:02:41,975 [org.apache.hadoop.util.JvmPauseMonitor$Monitor@bd18241] INFO  util.JvmPauseMonitor (JvmPauseMonitor.java:run(188)) - Starting JVM pause monitor
2019-08-21 01:02:41,976 [Datanode State Machine Thread - 0] INFO  datanode.InitDatanodeState (InitDatanodeState.java:persistContainerDatanodeDetails(140)) - DatanodeDetails is persisted to /workdir/hadoop-ozone/integration-test/target/test-dir/MiniOzoneClusterImpl-b121f0fa-5b36-4e30-bdae-6f5cf730914f/datanode-1/meta/datanode.id
2019-08-21 01:02:41,986 [main] INFO  volume.HddsVolume (HddsVolume.java:<init>(176)) - Creating Volume: /workdir/hadoop-ozone/integration-test/target/test-dir/MiniOzoneClusterImpl-b121f0fa-5b36-4e30-bdae-6f5cf730914f/datanode-2/data/containers/hdds of  storage type : DISK and capacity : 1482555576320
2019-08-21 01:02:41,986 [main] INFO  volume.VolumeSet (VolumeSet.java:initializeVolumeSet(170)) - Added Volume : /workdir/hadoop-ozone/integration-test/target/test-dir/MiniOzoneClusterImpl-b121f0fa-5b36-4e30-bdae-6f5cf730914f/datanode-2/data/containers/hdds to VolumeSet
2019-08-21 01:02:41,986 [main] INFO  volume.ThrottledAsyncChecker (ThrottledAsyncChecker.java:schedule(140)) - Scheduling a check for org.apache.hadoop.ozone.container.common.volume.HddsVolume@52d625bd
2019-08-21 01:02:41,986 [main] INFO  volume.HddsVolumeChecker (HddsVolumeChecker.java:checkAllVolumes(203)) - Scheduled health check for volume org.apache.hadoop.ozone.container.common.volume.HddsVolume@52d625bd
2019-08-21 01:02:42,002 [main] INFO  impl.RaftServerProxy (ConfUtils.java:logGet(43)) - raft.rpc.type = GRPC (default)
2019-08-21 01:02:42,002 [main] INFO  grpc.GrpcFactory (GrpcFactory.java:checkPooledByteBufAllocatorUseCacheForAllThreads(45)) - PERFORMANCE WARNING: useCacheForAllThreads is true that may cause Netty to create a lot garbage objects and, as a result, trigger GC.
	It is recommended to disable useCacheForAllThreads by setting -Dorg.apache.ratis.thirdparty.io.netty.allocator.useCacheForAllThreads=false in command line.
2019-08-21 01:02:42,002 [main] INFO  grpc.GrpcConfigKeys$Server (ConfUtils.java:logGet(43)) - raft.grpc.server.port = 0 (default)
2019-08-21 01:02:42,003 [main] INFO  server.GrpcService (ConfUtils.java:logGet(43)) - raft.grpc.message.size.max = 33570816 (custom)
2019-08-21 01:02:42,003 [main] INFO  server.RaftServerConfigKeys (ConfUtils.java:logGet(43)) - raft.server.log.appender.buffer.byte-limit = 33554432 (custom)
2019-08-21 01:02:42,003 [main] INFO  server.GrpcService (ConfUtils.java:logGet(43)) - raft.grpc.flow.control.window = 1MB (=1048576) (default)
2019-08-21 01:02:42,003 [main] INFO  server.RaftServerConfigKeys (ConfUtils.java:logGet(43)) - raft.server.rpc.request.timeout = 3000ms (default)
2019-08-21 01:02:42,003 [main] INFO  server.RaftServerConfigKeys (ConfUtils.java:logGet(43)) - raft.server.storage.dir = [/workdir/hadoop-ozone/integration-test/target/test-dir/MiniOzoneClusterImpl-b121f0fa-5b36-4e30-bdae-6f5cf730914f/datanode-2/data/ratis] (custom)
2019-08-21 01:02:42,004 [main] INFO  replication.SimpleContainerDownloader (SimpleContainerDownloader.java:<init>(72)) - Starting container downloader service to copy containers to replicate.
2019-08-21 01:02:42,005 [main] INFO  hdfs.DFSUtil (DFSUtil.java:httpServerTemplateForNNAndJN(1641)) - Starting Web-server for hddsDatanode at: http://0.0.0.0:0
2019-08-21 01:02:42,006 [main] INFO  server.AuthenticationFilter (AuthenticationFilter.java:constructSecretProvider(240)) - Unable to initialize FileSignerSecretProvider, falling back to use random secrets.
2019-08-21 01:02:42,006 [main] WARN  http.HttpRequestLog (HttpRequestLog.java:getRequestLog(97)) - Jetty request log can only be enabled using Log4j
2019-08-21 01:02:42,008 [main] INFO  http.HttpServer2 (HttpServer2.java:addGlobalFilter(975)) - Added global filter 'safety' (class=org.apache.hadoop.http.HttpServer2$QuotingInputFilter)
2019-08-21 01:02:42,008 [main] INFO  http.HttpServer2 (HttpServer2.java:addFilter(948)) - Added filter static_user_filter (class=org.apache.hadoop.http.lib.StaticUserWebFilter$StaticUserFilter) to context hddsDatanode
2019-08-21 01:02:42,008 [main] INFO  http.HttpServer2 (HttpServer2.java:addFilter(958)) - Added filter static_user_filter (class=org.apache.hadoop.http.lib.StaticUserWebFilter$StaticUserFilter) to context static
2019-08-21 01:02:42,008 [main] INFO  http.HttpServer2 (HttpServer2.java:addFilter(958)) - Added filter static_user_filter (class=org.apache.hadoop.http.lib.StaticUserWebFilter$StaticUserFilter) to context logs
2019-08-21 01:02:42,009 [main] INFO  http.HttpServer2 (HttpServer2.java:bindListener(1191)) - Jetty bound to port 38265
2019-08-21 01:02:42,009 [main] INFO  server.Server (Server.java:doStart(351)) - jetty-9.3.24.v20180605, build timestamp: 2018-06-05T17:11:56Z, git hash: 84205aa28f11a4f31f2a3b86d1bba2cc8ab69827
2019-08-21 01:02:42,010 [main] INFO  handler.ContextHandler (ContextHandler.java:doStart(781)) - Started o.e.j.s.ServletContextHandler@63fef83c{/logs,file:///workdir/hadoop-ozone/integration-test/target/log,AVAILABLE}
2019-08-21 01:02:42,011 [main] INFO  handler.ContextHandler (ContextHandler.java:doStart(781)) - Started o.e.j.s.ServletContextHandler@52811dc1{/static,jar:file:/home/user/.m2/repository/org/apache/hadoop/hadoop-hdds-container-service/0.5.0-SNAPSHOT/hadoop-hdds-container-service-0.5.0-SNAPSHOT.jar!/webapps/static,AVAILABLE}
2019-08-21 01:02:42,038 [main] INFO  handler.ContextHandler (ContextHandler.java:doStart(781)) - Started o.e.j.w.WebAppContext@489a722d{/,file:///tmp/jetty-0.0.0.0-38265-hddsDatanode-_-any-8195573672761593842.dir/webapp/,AVAILABLE}{/hddsDatanode}
2019-08-21 01:02:42,039 [main] INFO  server.AbstractConnector (AbstractConnector.java:doStart(278)) - Started ServerConnector@3448a248{HTTP/1.1,[http/1.1]}{0.0.0.0:38265}
2019-08-21 01:02:42,039 [main] INFO  server.Server (Server.java:doStart(419)) - Started @532758ms
2019-08-21 01:02:42,041 [main] INFO  server.BaseHttpServer (BaseHttpServer.java:updateConnectorAddress(213)) - HTTP server of HDDSDATANODE is listening at http://0.0.0.0:38265
2019-08-21 01:02:42,290 | INFO  | ObjectStoreRestHttpServer | Listening HDDS REST traffic on /0.0.0.0:37309 |  
2019-08-21 01:02:42,290 [main] INFO  ozone.HddsDatanodeService (HddsDatanodeService.java:startPlugins(395)) - Started plug-in org.apache.hadoop.ozone.web.OzoneHddsDatanodeService@2b6d9650
2019-08-21 01:02:42,297 [main] INFO  impl.MetricsSystemImpl (MetricsSystemImpl.java:init(158)) - HddsDatanode metrics system started (again)
2019-08-21 01:02:42,301 [main] INFO  ozone.HddsDatanodeService (HddsDatanodeService.java:start(184)) - HddsDatanodeService host:pr-hdds-1927-qfsst-2448355857 ip:192.168.34.10
2019-08-21 01:02:42,331 [main] INFO  volume.HddsVolume (HddsVolume.java:<init>(176)) - Creating Volume: /workdir/hadoop-ozone/integration-test/target/test-dir/MiniOzoneClusterImpl-b121f0fa-5b36-4e30-bdae-6f5cf730914f/datanode-3/data/containers/hdds of  storage type : DISK and capacity : 1482555576320
2019-08-21 01:02:42,332 [main] INFO  volume.VolumeSet (VolumeSet.java:initializeVolumeSet(170)) - Added Volume : /workdir/hadoop-ozone/integration-test/target/test-dir/MiniOzoneClusterImpl-b121f0fa-5b36-4e30-bdae-6f5cf730914f/datanode-3/data/containers/hdds to VolumeSet
2019-08-21 01:02:42,333 [main] INFO  volume.ThrottledAsyncChecker (ThrottledAsyncChecker.java:schedule(140)) - Scheduling a check for org.apache.hadoop.ozone.container.common.volume.HddsVolume@1bad5ab3
2019-08-21 01:02:42,334 [org.apache.hadoop.util.JvmPauseMonitor$Monitor@1eec1a39] INFO  util.JvmPauseMonitor (JvmPauseMonitor.java:run(188)) - Starting JVM pause monitor
2019-08-21 01:02:42,336 [main] INFO  volume.HddsVolumeChecker (HddsVolumeChecker.java:checkAllVolumes(203)) - Scheduled health check for volume org.apache.hadoop.ozone.container.common.volume.HddsVolume@1bad5ab3
2019-08-21 01:02:42,338 [Datanode State Machine Thread - 0] INFO  datanode.InitDatanodeState (InitDatanodeState.java:persistContainerDatanodeDetails(140)) - DatanodeDetails is persisted to /workdir/hadoop-ozone/integration-test/target/test-dir/MiniOzoneClusterImpl-b121f0fa-5b36-4e30-bdae-6f5cf730914f/datanode-2/meta/datanode.id
2019-08-21 01:02:42,360 [main] INFO  impl.RaftServerProxy (ConfUtils.java:logGet(43)) - raft.rpc.type = GRPC (default)
2019-08-21 01:02:42,361 [main] INFO  grpc.GrpcFactory (GrpcFactory.java:checkPooledByteBufAllocatorUseCacheForAllThreads(45)) - PERFORMANCE WARNING: useCacheForAllThreads is true that may cause Netty to create a lot garbage objects and, as a result, trigger GC.
	It is recommended to disable useCacheForAllThreads by setting -Dorg.apache.ratis.thirdparty.io.netty.allocator.useCacheForAllThreads=false in command line.
2019-08-21 01:02:42,361 [main] INFO  grpc.GrpcConfigKeys$Server (ConfUtils.java:logGet(43)) - raft.grpc.server.port = 0 (default)
2019-08-21 01:02:42,361 [main] INFO  server.GrpcService (ConfUtils.java:logGet(43)) - raft.grpc.message.size.max = 33570816 (custom)
2019-08-21 01:02:42,362 [main] INFO  server.RaftServerConfigKeys (ConfUtils.java:logGet(43)) - raft.server.log.appender.buffer.byte-limit = 33554432 (custom)
2019-08-21 01:02:42,362 [main] INFO  server.GrpcService (ConfUtils.java:logGet(43)) - raft.grpc.flow.control.window = 1MB (=1048576) (default)
2019-08-21 01:02:42,362 [main] INFO  server.RaftServerConfigKeys (ConfUtils.java:logGet(43)) - raft.server.rpc.request.timeout = 3000ms (default)
2019-08-21 01:02:42,363 [main] INFO  server.RaftServerConfigKeys (ConfUtils.java:logGet(43)) - raft.server.storage.dir = [/workdir/hadoop-ozone/integration-test/target/test-dir/MiniOzoneClusterImpl-b121f0fa-5b36-4e30-bdae-6f5cf730914f/datanode-3/data/ratis] (custom)
2019-08-21 01:02:42,363 [main] INFO  replication.SimpleContainerDownloader (SimpleContainerDownloader.java:<init>(72)) - Starting container downloader service to copy containers to replicate.
2019-08-21 01:02:42,364 [main] INFO  hdfs.DFSUtil (DFSUtil.java:httpServerTemplateForNNAndJN(1641)) - Starting Web-server for hddsDatanode at: http://0.0.0.0:0
2019-08-21 01:02:42,366 [main] INFO  server.AuthenticationFilter (AuthenticationFilter.java:constructSecretProvider(240)) - Unable to initialize FileSignerSecretProvider, falling back to use random secrets.
2019-08-21 01:02:42,366 [main] WARN  http.HttpRequestLog (HttpRequestLog.java:getRequestLog(97)) - Jetty request log can only be enabled using Log4j
2019-08-21 01:02:42,367 [main] INFO  http.HttpServer2 (HttpServer2.java:addGlobalFilter(975)) - Added global filter 'safety' (class=org.apache.hadoop.http.HttpServer2$QuotingInputFilter)
2019-08-21 01:02:42,368 [main] INFO  http.HttpServer2 (HttpServer2.java:addFilter(948)) - Added filter static_user_filter (class=org.apache.hadoop.http.lib.StaticUserWebFilter$StaticUserFilter) to context hddsDatanode
2019-08-21 01:02:42,368 [main] INFO  http.HttpServer2 (HttpServer2.java:addFilter(958)) - Added filter static_user_filter (class=org.apache.hadoop.http.lib.StaticUserWebFilter$StaticUserFilter) to context logs
2019-08-21 01:02:42,368 [main] INFO  http.HttpServer2 (HttpServer2.java:addFilter(958)) - Added filter static_user_filter (class=org.apache.hadoop.http.lib.StaticUserWebFilter$StaticUserFilter) to context static
2019-08-21 01:02:42,369 [main] INFO  http.HttpServer2 (HttpServer2.java:bindListener(1191)) - Jetty bound to port 34308
2019-08-21 01:02:42,369 [main] INFO  server.Server (Server.java:doStart(351)) - jetty-9.3.24.v20180605, build timestamp: 2018-06-05T17:11:56Z, git hash: 84205aa28f11a4f31f2a3b86d1bba2cc8ab69827
2019-08-21 01:02:42,370 [main] INFO  handler.ContextHandler (ContextHandler.java:doStart(781)) - Started o.e.j.s.ServletContextHandler@3c9cab4{/logs,file:///workdir/hadoop-ozone/integration-test/target/log,AVAILABLE}
2019-08-21 01:02:42,371 [main] INFO  handler.ContextHandler (ContextHandler.java:doStart(781)) - Started o.e.j.s.ServletContextHandler@2ff4d61b{/static,jar:file:/home/user/.m2/repository/org/apache/hadoop/hadoop-hdds-container-service/0.5.0-SNAPSHOT/hadoop-hdds-container-service-0.5.0-SNAPSHOT.jar!/webapps/static,AVAILABLE}
2019-08-21 01:02:42,399 [main] INFO  handler.ContextHandler (ContextHandler.java:doStart(781)) - Started o.e.j.w.WebAppContext@41030c21{/,file:///tmp/jetty-0.0.0.0-34308-hddsDatanode-_-any-2751148158316387217.dir/webapp/,AVAILABLE}{/hddsDatanode}
2019-08-21 01:02:42,400 [main] INFO  server.AbstractConnector (AbstractConnector.java:doStart(278)) - Started ServerConnector@3c5797c6{HTTP/1.1,[http/1.1]}{0.0.0.0:34308}
2019-08-21 01:02:42,400 [main] INFO  server.Server (Server.java:doStart(419)) - Started @533120ms
2019-08-21 01:02:42,402 [main] INFO  server.BaseHttpServer (BaseHttpServer.java:updateConnectorAddress(213)) - HTTP server of HDDSDATANODE is listening at http://0.0.0.0:34308
2019-08-21 01:02:42,507 | INFO  | ObjectStoreRestHttpServer | Listening HDDS REST traffic on /0.0.0.0:46192 |  
2019-08-21 01:02:42,507 [main] INFO  ozone.HddsDatanodeService (HddsDatanodeService.java:startPlugins(395)) - Started plug-in org.apache.hadoop.ozone.web.OzoneHddsDatanodeService@29511cf9
2019-08-21 01:02:42,508 [main] INFO  impl.MetricsSystemImpl (MetricsSystemImpl.java:init(158)) - HddsDatanode metrics system started (again)
2019-08-21 01:02:42,510 [main] INFO  ozone.HddsDatanodeService (HddsDatanodeService.java:start(184)) - HddsDatanodeService host:pr-hdds-1927-qfsst-2448355857 ip:192.168.34.10
2019-08-21 01:02:42,511 [org.apache.hadoop.util.JvmPauseMonitor$Monitor@509c2ef5] INFO  util.JvmPauseMonitor (JvmPauseMonitor.java:run(188)) - Starting JVM pause monitor
2019-08-21 01:02:42,512 [Datanode State Machine Thread - 0] INFO  datanode.InitDatanodeState (InitDatanodeState.java:persistContainerDatanodeDetails(140)) - DatanodeDetails is persisted to /workdir/hadoop-ozone/integration-test/target/test-dir/MiniOzoneClusterImpl-b121f0fa-5b36-4e30-bdae-6f5cf730914f/datanode-3/meta/datanode.id
2019-08-21 01:02:42,523 [main] INFO  volume.HddsVolume (HddsVolume.java:<init>(176)) - Creating Volume: /workdir/hadoop-ozone/integration-test/target/test-dir/MiniOzoneClusterImpl-b121f0fa-5b36-4e30-bdae-6f5cf730914f/datanode-4/data/containers/hdds of  storage type : DISK and capacity : 1482555576320
2019-08-21 01:02:42,523 [main] INFO  volume.VolumeSet (VolumeSet.java:initializeVolumeSet(170)) - Added Volume : /workdir/hadoop-ozone/integration-test/target/test-dir/MiniOzoneClusterImpl-b121f0fa-5b36-4e30-bdae-6f5cf730914f/datanode-4/data/containers/hdds to VolumeSet
2019-08-21 01:02:42,523 [main] INFO  volume.ThrottledAsyncChecker (ThrottledAsyncChecker.java:schedule(140)) - Scheduling a check for org.apache.hadoop.ozone.container.common.volume.HddsVolume@2b0df4ba
2019-08-21 01:02:42,524 [main] INFO  volume.HddsVolumeChecker (HddsVolumeChecker.java:checkAllVolumes(203)) - Scheduled health check for volume org.apache.hadoop.ozone.container.common.volume.HddsVolume@2b0df4ba
2019-08-21 01:02:42,538 [main] INFO  impl.RaftServerProxy (ConfUtils.java:logGet(43)) - raft.rpc.type = GRPC (default)
2019-08-21 01:02:42,539 [main] INFO  grpc.GrpcFactory (GrpcFactory.java:checkPooledByteBufAllocatorUseCacheForAllThreads(45)) - PERFORMANCE WARNING: useCacheForAllThreads is true that may cause Netty to create a lot garbage objects and, as a result, trigger GC.
	It is recommended to disable useCacheForAllThreads by setting -Dorg.apache.ratis.thirdparty.io.netty.allocator.useCacheForAllThreads=false in command line.
2019-08-21 01:02:42,539 [main] INFO  grpc.GrpcConfigKeys$Server (ConfUtils.java:logGet(43)) - raft.grpc.server.port = 0 (default)
2019-08-21 01:02:42,539 [main] INFO  server.GrpcService (ConfUtils.java:logGet(43)) - raft.grpc.message.size.max = 33570816 (custom)
2019-08-21 01:02:42,539 [main] INFO  server.RaftServerConfigKeys (ConfUtils.java:logGet(43)) - raft.server.log.appender.buffer.byte-limit = 33554432 (custom)
2019-08-21 01:02:42,539 [main] INFO  server.GrpcService (ConfUtils.java:logGet(43)) - raft.grpc.flow.control.window = 1MB (=1048576) (default)
2019-08-21 01:02:42,539 [main] INFO  server.RaftServerConfigKeys (ConfUtils.java:logGet(43)) - raft.server.rpc.request.timeout = 3000ms (default)
2019-08-21 01:02:42,540 [main] INFO  server.RaftServerConfigKeys (ConfUtils.java:logGet(43)) - raft.server.storage.dir = [/workdir/hadoop-ozone/integration-test/target/test-dir/MiniOzoneClusterImpl-b121f0fa-5b36-4e30-bdae-6f5cf730914f/datanode-4/data/ratis] (custom)
2019-08-21 01:02:42,540 [main] INFO  replication.SimpleContainerDownloader (SimpleContainerDownloader.java:<init>(72)) - Starting container downloader service to copy containers to replicate.
2019-08-21 01:02:42,541 [main] INFO  hdfs.DFSUtil (DFSUtil.java:httpServerTemplateForNNAndJN(1641)) - Starting Web-server for hddsDatanode at: http://0.0.0.0:0
2019-08-21 01:02:42,542 [main] INFO  server.AuthenticationFilter (AuthenticationFilter.java:constructSecretProvider(240)) - Unable to initialize FileSignerSecretProvider, falling back to use random secrets.
2019-08-21 01:02:42,543 [main] WARN  http.HttpRequestLog (HttpRequestLog.java:getRequestLog(97)) - Jetty request log can only be enabled using Log4j
2019-08-21 01:02:42,544 [main] INFO  http.HttpServer2 (HttpServer2.java:addGlobalFilter(975)) - Added global filter 'safety' (class=org.apache.hadoop.http.HttpServer2$QuotingInputFilter)
2019-08-21 01:02:42,544 [main] INFO  http.HttpServer2 (HttpServer2.java:addFilter(948)) - Added filter static_user_filter (class=org.apache.hadoop.http.lib.StaticUserWebFilter$StaticUserFilter) to context hddsDatanode
2019-08-21 01:02:42,544 [main] INFO  http.HttpServer2 (HttpServer2.java:addFilter(958)) - Added filter static_user_filter (class=org.apache.hadoop.http.lib.StaticUserWebFilter$StaticUserFilter) to context logs
2019-08-21 01:02:42,544 [main] INFO  http.HttpServer2 (HttpServer2.java:addFilter(958)) - Added filter static_user_filter (class=org.apache.hadoop.http.lib.StaticUserWebFilter$StaticUserFilter) to context static
2019-08-21 01:02:42,545 [main] INFO  http.HttpServer2 (HttpServer2.java:bindListener(1191)) - Jetty bound to port 33932
2019-08-21 01:02:42,545 [main] INFO  server.Server (Server.java:doStart(351)) - jetty-9.3.24.v20180605, build timestamp: 2018-06-05T17:11:56Z, git hash: 84205aa28f11a4f31f2a3b86d1bba2cc8ab69827
2019-08-21 01:02:42,546 [main] INFO  handler.ContextHandler (ContextHandler.java:doStart(781)) - Started o.e.j.s.ServletContextHandler@ab5f1d5{/logs,file:///workdir/hadoop-ozone/integration-test/target/log,AVAILABLE}
2019-08-21 01:02:42,547 [main] INFO  handler.ContextHandler (ContextHandler.java:doStart(781)) - Started o.e.j.s.ServletContextHandler@10395bc4{/static,jar:file:/home/user/.m2/repository/org/apache/hadoop/hadoop-hdds-container-service/0.5.0-SNAPSHOT/hadoop-hdds-container-service-0.5.0-SNAPSHOT.jar!/webapps/static,AVAILABLE}
2019-08-21 01:02:42,574 [main] INFO  handler.ContextHandler (ContextHandler.java:doStart(781)) - Started o.e.j.w.WebAppContext@718198db{/,file:///tmp/jetty-0.0.0.0-33932-hddsDatanode-_-any-255129682871979846.dir/webapp/,AVAILABLE}{/hddsDatanode}
2019-08-21 01:02:42,575 [main] INFO  server.AbstractConnector (AbstractConnector.java:doStart(278)) - Started ServerConnector@40bac624{HTTP/1.1,[http/1.1]}{0.0.0.0:33932}
2019-08-21 01:02:42,575 [main] INFO  server.Server (Server.java:doStart(419)) - Started @533294ms
2019-08-21 01:02:42,577 [main] INFO  server.BaseHttpServer (BaseHttpServer.java:updateConnectorAddress(213)) - HTTP server of HDDSDATANODE is listening at http://0.0.0.0:33932
2019-08-21 01:02:42,679 | INFO  | ObjectStoreRestHttpServer | Listening HDDS REST traffic on /0.0.0.0:45863 |  
2019-08-21 01:02:42,679 [main] INFO  ozone.HddsDatanodeService (HddsDatanodeService.java:startPlugins(395)) - Started plug-in org.apache.hadoop.ozone.web.OzoneHddsDatanodeService@5ebd80f8
2019-08-21 01:02:42,679 [main] INFO  impl.MetricsSystemImpl (MetricsSystemImpl.java:init(158)) - HddsDatanode metrics system started (again)
2019-08-21 01:02:42,682 [org.apache.hadoop.util.JvmPauseMonitor$Monitor@777c0f74] INFO  util.JvmPauseMonitor (JvmPauseMonitor.java:run(188)) - Starting JVM pause monitor
2019-08-21 01:02:42,682 [main] INFO  ozone.HddsDatanodeService (HddsDatanodeService.java:start(184)) - HddsDatanodeService host:pr-hdds-1927-qfsst-2448355857 ip:192.168.34.10
2019-08-21 01:02:42,684 [Datanode State Machine Thread - 0] INFO  datanode.InitDatanodeState (InitDatanodeState.java:persistContainerDatanodeDetails(140)) - DatanodeDetails is persisted to /workdir/hadoop-ozone/integration-test/target/test-dir/MiniOzoneClusterImpl-b121f0fa-5b36-4e30-bdae-6f5cf730914f/datanode-4/meta/datanode.id
2019-08-21 01:02:42,693 [main] INFO  volume.HddsVolume (HddsVolume.java:<init>(176)) - Creating Volume: /workdir/hadoop-ozone/integration-test/target/test-dir/MiniOzoneClusterImpl-b121f0fa-5b36-4e30-bdae-6f5cf730914f/datanode-5/data/containers/hdds of  storage type : DISK and capacity : 1482555576320
2019-08-21 01:02:42,694 [main] INFO  volume.VolumeSet (VolumeSet.java:initializeVolumeSet(170)) - Added Volume : /workdir/hadoop-ozone/integration-test/target/test-dir/MiniOzoneClusterImpl-b121f0fa-5b36-4e30-bdae-6f5cf730914f/datanode-5/data/containers/hdds to VolumeSet
2019-08-21 01:02:42,694 [main] INFO  volume.ThrottledAsyncChecker (ThrottledAsyncChecker.java:schedule(140)) - Scheduling a check for org.apache.hadoop.ozone.container.common.volume.HddsVolume@21c7415e
2019-08-21 01:02:42,694 [main] INFO  volume.HddsVolumeChecker (HddsVolumeChecker.java:checkAllVolumes(203)) - Scheduled health check for volume org.apache.hadoop.ozone.container.common.volume.HddsVolume@21c7415e
2019-08-21 01:02:42,711 [main] INFO  impl.RaftServerProxy (ConfUtils.java:logGet(43)) - raft.rpc.type = GRPC (default)
2019-08-21 01:02:42,711 [main] INFO  grpc.GrpcFactory (GrpcFactory.java:checkPooledByteBufAllocatorUseCacheForAllThreads(45)) - PERFORMANCE WARNING: useCacheForAllThreads is true that may cause Netty to create a lot garbage objects and, as a result, trigger GC.
	It is recommended to disable useCacheForAllThreads by setting -Dorg.apache.ratis.thirdparty.io.netty.allocator.useCacheForAllThreads=false in command line.
2019-08-21 01:02:42,712 [main] INFO  grpc.GrpcConfigKeys$Server (ConfUtils.java:logGet(43)) - raft.grpc.server.port = 0 (default)
2019-08-21 01:02:42,712 [main] INFO  server.GrpcService (ConfUtils.java:logGet(43)) - raft.grpc.message.size.max = 33570816 (custom)
2019-08-21 01:02:42,712 [main] INFO  server.RaftServerConfigKeys (ConfUtils.java:logGet(43)) - raft.server.log.appender.buffer.byte-limit = 33554432 (custom)
2019-08-21 01:02:42,712 [main] INFO  server.GrpcService (ConfUtils.java:logGet(43)) - raft.grpc.flow.control.window = 1MB (=1048576) (default)
2019-08-21 01:02:42,712 [main] INFO  server.RaftServerConfigKeys (ConfUtils.java:logGet(43)) - raft.server.rpc.request.timeout = 3000ms (default)
2019-08-21 01:02:42,713 [main] INFO  server.RaftServerConfigKeys (ConfUtils.java:logGet(43)) - raft.server.storage.dir = [/workdir/hadoop-ozone/integration-test/target/test-dir/MiniOzoneClusterImpl-b121f0fa-5b36-4e30-bdae-6f5cf730914f/datanode-5/data/ratis] (custom)
2019-08-21 01:02:42,713 [main] INFO  replication.SimpleContainerDownloader (SimpleContainerDownloader.java:<init>(72)) - Starting container downloader service to copy containers to replicate.
2019-08-21 01:02:42,714 [main] INFO  hdfs.DFSUtil (DFSUtil.java:httpServerTemplateForNNAndJN(1641)) - Starting Web-server for hddsDatanode at: http://0.0.0.0:0
2019-08-21 01:02:42,715 [main] INFO  server.AuthenticationFilter (AuthenticationFilter.java:constructSecretProvider(240)) - Unable to initialize FileSignerSecretProvider, falling back to use random secrets.
2019-08-21 01:02:42,715 [main] WARN  http.HttpRequestLog (HttpRequestLog.java:getRequestLog(97)) - Jetty request log can only be enabled using Log4j
2019-08-21 01:02:42,717 [main] INFO  http.HttpServer2 (HttpServer2.java:addGlobalFilter(975)) - Added global filter 'safety' (class=org.apache.hadoop.http.HttpServer2$QuotingInputFilter)
2019-08-21 01:02:42,717 [main] INFO  http.HttpServer2 (HttpServer2.java:addFilter(948)) - Added filter static_user_filter (class=org.apache.hadoop.http.lib.StaticUserWebFilter$StaticUserFilter) to context hddsDatanode
2019-08-21 01:02:42,717 [main] INFO  http.HttpServer2 (HttpServer2.java:addFilter(958)) - Added filter static_user_filter (class=org.apache.hadoop.http.lib.StaticUserWebFilter$StaticUserFilter) to context logs
2019-08-21 01:02:42,717 [main] INFO  http.HttpServer2 (HttpServer2.java:addFilter(958)) - Added filter static_user_filter (class=org.apache.hadoop.http.lib.StaticUserWebFilter$StaticUserFilter) to context static
2019-08-21 01:02:42,718 [main] INFO  http.HttpServer2 (HttpServer2.java:bindListener(1191)) - Jetty bound to port 45654
2019-08-21 01:02:42,718 [main] INFO  server.Server (Server.java:doStart(351)) - jetty-9.3.24.v20180605, build timestamp: 2018-06-05T17:11:56Z, git hash: 84205aa28f11a4f31f2a3b86d1bba2cc8ab69827
2019-08-21 01:02:42,719 [main] INFO  handler.ContextHandler (ContextHandler.java:doStart(781)) - Started o.e.j.s.ServletContextHandler@347074a9{/logs,file:///workdir/hadoop-ozone/integration-test/target/log,AVAILABLE}
2019-08-21 01:02:42,720 [main] INFO  handler.ContextHandler (ContextHandler.java:doStart(781)) - Started o.e.j.s.ServletContextHandler@5d956649{/static,jar:file:/home/user/.m2/repository/org/apache/hadoop/hadoop-hdds-container-service/0.5.0-SNAPSHOT/hadoop-hdds-container-service-0.5.0-SNAPSHOT.jar!/webapps/static,AVAILABLE}
2019-08-21 01:02:42,747 [main] INFO  handler.ContextHandler (ContextHandler.java:doStart(781)) - Started o.e.j.w.WebAppContext@2ddb260e{/,file:///tmp/jetty-0.0.0.0-45654-hddsDatanode-_-any-8310522788886568777.dir/webapp/,AVAILABLE}{/hddsDatanode}
2019-08-21 01:02:42,747 [main] INFO  server.AbstractConnector (AbstractConnector.java:doStart(278)) - Started ServerConnector@482040a{HTTP/1.1,[http/1.1]}{0.0.0.0:45654}
2019-08-21 01:02:42,749 [main] INFO  server.Server (Server.java:doStart(419)) - Started @533468ms
2019-08-21 01:02:42,750 [main] INFO  server.BaseHttpServer (BaseHttpServer.java:updateConnectorAddress(213)) - HTTP server of HDDSDATANODE is listening at http://0.0.0.0:45654
2019-08-21 01:02:42,850 | INFO  | ObjectStoreRestHttpServer | Listening HDDS REST traffic on /0.0.0.0:36678 |  
2019-08-21 01:02:42,851 [main] INFO  ozone.HddsDatanodeService (HddsDatanodeService.java:startPlugins(395)) - Started plug-in org.apache.hadoop.ozone.web.OzoneHddsDatanodeService@26bd2d7d
2019-08-21 01:02:42,851 [main] INFO  impl.MetricsSystemImpl (MetricsSystemImpl.java:init(158)) - HddsDatanode metrics system started (again)
2019-08-21 01:02:42,854 [main] INFO  ozone.HddsDatanodeService (HddsDatanodeService.java:start(184)) - HddsDatanodeService host:pr-hdds-1927-qfsst-2448355857 ip:192.168.34.10
2019-08-21 01:02:42,854 [org.apache.hadoop.util.JvmPauseMonitor$Monitor@5dc63297] INFO  util.JvmPauseMonitor (JvmPauseMonitor.java:run(188)) - Starting JVM pause monitor
2019-08-21 01:02:42,856 [Datanode State Machine Thread - 0] INFO  datanode.InitDatanodeState (InitDatanodeState.java:persistContainerDatanodeDetails(140)) - DatanodeDetails is persisted to /workdir/hadoop-ozone/integration-test/target/test-dir/MiniOzoneClusterImpl-b121f0fa-5b36-4e30-bdae-6f5cf730914f/datanode-5/meta/datanode.id
2019-08-21 01:02:42,866 [main] INFO  volume.HddsVolume (HddsVolume.java:<init>(176)) - Creating Volume: /workdir/hadoop-ozone/integration-test/target/test-dir/MiniOzoneClusterImpl-b121f0fa-5b36-4e30-bdae-6f5cf730914f/datanode-6/data/containers/hdds of  storage type : DISK and capacity : 1482555576320
2019-08-21 01:02:42,866 [main] INFO  volume.VolumeSet (VolumeSet.java:initializeVolumeSet(170)) - Added Volume : /workdir/hadoop-ozone/integration-test/target/test-dir/MiniOzoneClusterImpl-b121f0fa-5b36-4e30-bdae-6f5cf730914f/datanode-6/data/containers/hdds to VolumeSet
2019-08-21 01:02:42,866 [main] INFO  volume.ThrottledAsyncChecker (ThrottledAsyncChecker.java:schedule(140)) - Scheduling a check for org.apache.hadoop.ozone.container.common.volume.HddsVolume@4c343088
2019-08-21 01:02:42,867 [main] INFO  volume.HddsVolumeChecker (HddsVolumeChecker.java:checkAllVolumes(203)) - Scheduled health check for volume org.apache.hadoop.ozone.container.common.volume.HddsVolume@4c343088
2019-08-21 01:02:42,880 [main] INFO  impl.RaftServerProxy (ConfUtils.java:logGet(43)) - raft.rpc.type = GRPC (default)
2019-08-21 01:02:42,880 [main] INFO  grpc.GrpcFactory (GrpcFactory.java:checkPooledByteBufAllocatorUseCacheForAllThreads(45)) - PERFORMANCE WARNING: useCacheForAllThreads is true that may cause Netty to create a lot garbage objects and, as a result, trigger GC.
	It is recommended to disable useCacheForAllThreads by setting -Dorg.apache.ratis.thirdparty.io.netty.allocator.useCacheForAllThreads=false in command line.
2019-08-21 01:02:42,881 [main] INFO  grpc.GrpcConfigKeys$Server (ConfUtils.java:logGet(43)) - raft.grpc.server.port = 0 (default)
2019-08-21 01:02:42,881 [main] INFO  server.GrpcService (ConfUtils.java:logGet(43)) - raft.grpc.message.size.max = 33570816 (custom)
2019-08-21 01:02:42,881 [main] INFO  server.RaftServerConfigKeys (ConfUtils.java:logGet(43)) - raft.server.log.appender.buffer.byte-limit = 33554432 (custom)
2019-08-21 01:02:42,881 [main] INFO  server.GrpcService (ConfUtils.java:logGet(43)) - raft.grpc.flow.control.window = 1MB (=1048576) (default)
2019-08-21 01:02:42,881 [main] INFO  server.RaftServerConfigKeys (ConfUtils.java:logGet(43)) - raft.server.rpc.request.timeout = 3000ms (default)
2019-08-21 01:02:42,882 [main] INFO  server.RaftServerConfigKeys (ConfUtils.java:logGet(43)) - raft.server.storage.dir = [/workdir/hadoop-ozone/integration-test/target/test-dir/MiniOzoneClusterImpl-b121f0fa-5b36-4e30-bdae-6f5cf730914f/datanode-6/data/ratis] (custom)
2019-08-21 01:02:42,882 [main] INFO  replication.SimpleContainerDownloader (SimpleContainerDownloader.java:<init>(72)) - Starting container downloader service to copy containers to replicate.
2019-08-21 01:02:42,883 [main] INFO  hdfs.DFSUtil (DFSUtil.java:httpServerTemplateForNNAndJN(1641)) - Starting Web-server for hddsDatanode at: http://0.0.0.0:0
2019-08-21 01:02:42,884 [main] INFO  server.AuthenticationFilter (AuthenticationFilter.java:constructSecretProvider(240)) - Unable to initialize FileSignerSecretProvider, falling back to use random secrets.
2019-08-21 01:02:42,884 [main] WARN  http.HttpRequestLog (HttpRequestLog.java:getRequestLog(97)) - Jetty request log can only be enabled using Log4j
2019-08-21 01:02:42,885 [main] INFO  http.HttpServer2 (HttpServer2.java:addGlobalFilter(975)) - Added global filter 'safety' (class=org.apache.hadoop.http.HttpServer2$QuotingInputFilter)
2019-08-21 01:02:42,886 [main] INFO  http.HttpServer2 (HttpServer2.java:addFilter(948)) - Added filter static_user_filter (class=org.apache.hadoop.http.lib.StaticUserWebFilter$StaticUserFilter) to context hddsDatanode
2019-08-21 01:02:42,886 [main] INFO  http.HttpServer2 (HttpServer2.java:addFilter(958)) - Added filter static_user_filter (class=org.apache.hadoop.http.lib.StaticUserWebFilter$StaticUserFilter) to context static
2019-08-21 01:02:42,886 [main] INFO  http.HttpServer2 (HttpServer2.java:addFilter(958)) - Added filter static_user_filter (class=org.apache.hadoop.http.lib.StaticUserWebFilter$StaticUserFilter) to context logs
2019-08-21 01:02:42,886 [main] INFO  http.HttpServer2 (HttpServer2.java:bindListener(1191)) - Jetty bound to port 35776
2019-08-21 01:02:42,886 [main] INFO  server.Server (Server.java:doStart(351)) - jetty-9.3.24.v20180605, build timestamp: 2018-06-05T17:11:56Z, git hash: 84205aa28f11a4f31f2a3b86d1bba2cc8ab69827
2019-08-21 01:02:42,888 [main] INFO  handler.ContextHandler (ContextHandler.java:doStart(781)) - Started o.e.j.s.ServletContextHandler@5ea9f2f3{/logs,file:///workdir/hadoop-ozone/integration-test/target/log,AVAILABLE}
2019-08-21 01:02:42,888 [main] INFO  handler.ContextHandler (ContextHandler.java:doStart(781)) - Started o.e.j.s.ServletContextHandler@74ee8f57{/static,jar:file:/home/user/.m2/repository/org/apache/hadoop/hadoop-hdds-container-service/0.5.0-SNAPSHOT/hadoop-hdds-container-service-0.5.0-SNAPSHOT.jar!/webapps/static,AVAILABLE}
2019-08-21 01:02:42,910 [main] INFO  handler.ContextHandler (ContextHandler.java:doStart(781)) - Started o.e.j.w.WebAppContext@57af157c{/,file:///tmp/jetty-0.0.0.0-35776-hddsDatanode-_-any-7071575673661656062.dir/webapp/,AVAILABLE}{/hddsDatanode}
2019-08-21 01:02:42,910 [main] INFO  server.AbstractConnector (AbstractConnector.java:doStart(278)) - Started ServerConnector@765ccc7a{HTTP/1.1,[http/1.1]}{0.0.0.0:35776}
2019-08-21 01:02:42,910 [main] INFO  server.Server (Server.java:doStart(419)) - Started @533630ms
2019-08-21 01:02:42,917 [main] INFO  server.BaseHttpServer (BaseHttpServer.java:updateConnectorAddress(213)) - HTTP server of HDDSDATANODE is listening at http://0.0.0.0:35776
2019-08-21 01:02:43,011 | INFO  | ObjectStoreRestHttpServer | Listening HDDS REST traffic on /0.0.0.0:39617 |  
2019-08-21 01:02:43,011 [main] INFO  ozone.HddsDatanodeService (HddsDatanodeService.java:startPlugins(395)) - Started plug-in org.apache.hadoop.ozone.web.OzoneHddsDatanodeService@4d343793
2019-08-21 01:02:43,012 [main] INFO  ozone.MiniOzoneClusterImpl (MiniOzoneClusterImpl.java:lambda$waitForClusterToBeReady$0(142)) - Waiting for cluster to be ready. Got 0 of 7 DN Heartbeats.
2019-08-21 01:02:43,013 [org.apache.hadoop.util.JvmPauseMonitor$Monitor@13ba506b] INFO  util.JvmPauseMonitor (JvmPauseMonitor.java:run(188)) - Starting JVM pause monitor
2019-08-21 01:02:43,014 [Datanode State Machine Thread - 0] INFO  datanode.InitDatanodeState (InitDatanodeState.java:persistContainerDatanodeDetails(140)) - DatanodeDetails is persisted to /workdir/hadoop-ozone/integration-test/target/test-dir/MiniOzoneClusterImpl-b121f0fa-5b36-4e30-bdae-6f5cf730914f/datanode-6/meta/datanode.id
2019-08-21 01:02:43,808 | INFO  | SCMAudit | user=jenkins1000 | ip=192.168.34.10 | op=GET_VERSION null | ret=SUCCESS |  
2019-08-21 01:02:43,833 [Datanode State Machine Thread - 0] INFO  ozoneimpl.OzoneContainer (OzoneContainer.java:start(186)) - Attempting to start container services.
2019-08-21 01:02:43,833 [Datanode State Machine Thread - 0] INFO  ozoneimpl.OzoneContainer (OzoneContainer.java:startContainerScrub(160)) - Background container scrubber has been disabled by hdds.containerscrub.enabled
2019-08-21 01:02:43,833 [Datanode State Machine Thread - 0] INFO  ratis.XceiverServerRatis (XceiverServerRatis.java:start(404)) - Starting XceiverServerRatis f7fc252f-131b-479f-9e1d-bf8bc8cd8a61 at port 0
2019-08-21 01:02:43,837 [Datanode State Machine Thread - 0] INFO  impl.RaftServerProxy (RaftServerProxy.java:lambda$start$3(299)) - f7fc252f-131b-479f-9e1d-bf8bc8cd8a61: start RPC server
2019-08-21 01:02:43,839 [Datanode State Machine Thread - 0] INFO  server.GrpcService (GrpcService.java:startImpl(149)) - f7fc252f-131b-479f-9e1d-bf8bc8cd8a61: GrpcService started, listening on 0.0.0.0/0.0.0.0:34883
2019-08-21 01:02:43,839 [Datanode State Machine Thread - 0] INFO  ratis.XceiverServerRatis (XceiverServerRatis.java:start(414)) - XceiverServerRatis f7fc252f-131b-479f-9e1d-bf8bc8cd8a61 is started using port 34883
2019-08-21 01:02:43,839 [Datanode State Machine Thread - 0] INFO  server.XceiverServerGrpc (XceiverServerGrpc.java:start(161)) - XceiverServerGrpc f7fc252f-131b-479f-9e1d-bf8bc8cd8a61 is started using port 36316
2019-08-21 01:02:43,975 | INFO  | SCMAudit | user=jenkins1000 | ip=192.168.34.10 | op=GET_VERSION null | ret=SUCCESS |  
2019-08-21 01:02:43,990 [Datanode State Machine Thread - 0] INFO  ozoneimpl.OzoneContainer (OzoneContainer.java:start(186)) - Attempting to start container services.
2019-08-21 01:02:43,990 [Datanode State Machine Thread - 0] INFO  ozoneimpl.OzoneContainer (OzoneContainer.java:startContainerScrub(160)) - Background container scrubber has been disabled by hdds.containerscrub.enabled
2019-08-21 01:02:43,990 [Datanode State Machine Thread - 0] INFO  ratis.XceiverServerRatis (XceiverServerRatis.java:start(404)) - Starting XceiverServerRatis 0fe1d74e-166c-4d98-8cc5-3a12f218ca10 at port 0
2019-08-21 01:02:43,995 [Datanode State Machine Thread - 0] INFO  impl.RaftServerProxy (RaftServerProxy.java:lambda$start$3(299)) - 0fe1d74e-166c-4d98-8cc5-3a12f218ca10: start RPC server
2019-08-21 01:02:43,997 [Datanode State Machine Thread - 0] INFO  server.GrpcService (GrpcService.java:startImpl(149)) - 0fe1d74e-166c-4d98-8cc5-3a12f218ca10: GrpcService started, listening on 0.0.0.0/0.0.0.0:34757
2019-08-21 01:02:43,998 [Datanode State Machine Thread - 0] INFO  ratis.XceiverServerRatis (XceiverServerRatis.java:start(414)) - XceiverServerRatis 0fe1d74e-166c-4d98-8cc5-3a12f218ca10 is started using port 34757
2019-08-21 01:02:43,999 [Datanode State Machine Thread - 0] INFO  server.XceiverServerGrpc (XceiverServerGrpc.java:start(161)) - XceiverServerGrpc 0fe1d74e-166c-4d98-8cc5-3a12f218ca10 is started using port 36503
2019-08-21 01:02:44,012 [main] INFO  ozone.MiniOzoneClusterImpl (MiniOzoneClusterImpl.java:lambda$waitForClusterToBeReady$0(142)) - Waiting for cluster to be ready. Got 0 of 7 DN Heartbeats.
2019-08-21 01:02:44,336 | INFO  | SCMAudit | user=jenkins1000 | ip=192.168.34.10 | op=GET_VERSION null | ret=SUCCESS |  
2019-08-21 01:02:44,350 [Datanode State Machine Thread - 0] INFO  ozoneimpl.OzoneContainer (OzoneContainer.java:start(186)) - Attempting to start container services.
2019-08-21 01:02:44,350 [Datanode State Machine Thread - 0] INFO  ozoneimpl.OzoneContainer (OzoneContainer.java:startContainerScrub(160)) - Background container scrubber has been disabled by hdds.containerscrub.enabled
2019-08-21 01:02:44,350 [Datanode State Machine Thread - 0] INFO  ratis.XceiverServerRatis (XceiverServerRatis.java:start(404)) - Starting XceiverServerRatis da6cf7a5-fd86-493b-8551-65e1ed8dd98c at port 0
2019-08-21 01:02:44,358 [Datanode State Machine Thread - 0] INFO  impl.RaftServerProxy (RaftServerProxy.java:lambda$start$3(299)) - da6cf7a5-fd86-493b-8551-65e1ed8dd98c: start RPC server
2019-08-21 01:02:44,359 [Datanode State Machine Thread - 0] INFO  server.GrpcService (GrpcService.java:startImpl(149)) - da6cf7a5-fd86-493b-8551-65e1ed8dd98c: GrpcService started, listening on 0.0.0.0/0.0.0.0:36254
2019-08-21 01:02:44,359 [Datanode State Machine Thread - 0] INFO  ratis.XceiverServerRatis (XceiverServerRatis.java:start(414)) - XceiverServerRatis da6cf7a5-fd86-493b-8551-65e1ed8dd98c is started using port 36254
2019-08-21 01:02:44,360 [Datanode State Machine Thread - 0] INFO  server.XceiverServerGrpc (XceiverServerGrpc.java:start(161)) - XceiverServerGrpc da6cf7a5-fd86-493b-8551-65e1ed8dd98c is started using port 35637
2019-08-21 01:02:44,511 | INFO  | SCMAudit | user=jenkins1000 | ip=192.168.34.10 | op=GET_VERSION null | ret=SUCCESS |  
2019-08-21 01:02:44,537 [Datanode State Machine Thread - 0] INFO  ozoneimpl.OzoneContainer (OzoneContainer.java:start(186)) - Attempting to start container services.
2019-08-21 01:02:44,538 [Datanode State Machine Thread - 0] INFO  ozoneimpl.OzoneContainer (OzoneContainer.java:startContainerScrub(160)) - Background container scrubber has been disabled by hdds.containerscrub.enabled
2019-08-21 01:02:44,538 [Datanode State Machine Thread - 0] INFO  ratis.XceiverServerRatis (XceiverServerRatis.java:start(404)) - Starting XceiverServerRatis a8f43d7f-8ab9-4263-bc60-233f29780d16 at port 0
2019-08-21 01:02:44,545 [Datanode State Machine Thread - 0] INFO  impl.RaftServerProxy (RaftServerProxy.java:lambda$start$3(299)) - a8f43d7f-8ab9-4263-bc60-233f29780d16: start RPC server
2019-08-21 01:02:44,546 [Datanode State Machine Thread - 0] INFO  server.GrpcService (GrpcService.java:startImpl(149)) - a8f43d7f-8ab9-4263-bc60-233f29780d16: GrpcService started, listening on 0.0.0.0/0.0.0.0:36401
2019-08-21 01:02:44,546 [Datanode State Machine Thread - 0] INFO  ratis.XceiverServerRatis (XceiverServerRatis.java:start(414)) - XceiverServerRatis a8f43d7f-8ab9-4263-bc60-233f29780d16 is started using port 36401
2019-08-21 01:02:44,547 [Datanode State Machine Thread - 0] INFO  server.XceiverServerGrpc (XceiverServerGrpc.java:start(161)) - XceiverServerGrpc a8f43d7f-8ab9-4263-bc60-233f29780d16 is started using port 37217
2019-08-21 01:02:44,683 | INFO  | SCMAudit | user=jenkins1000 | ip=192.168.34.10 | op=GET_VERSION null | ret=SUCCESS |  
2019-08-21 01:02:44,696 [Datanode State Machine Thread - 0] INFO  ozoneimpl.OzoneContainer (OzoneContainer.java:start(186)) - Attempting to start container services.
2019-08-21 01:02:44,696 [Datanode State Machine Thread - 0] INFO  ozoneimpl.OzoneContainer (OzoneContainer.java:startContainerScrub(160)) - Background container scrubber has been disabled by hdds.containerscrub.enabled
2019-08-21 01:02:44,696 [Datanode State Machine Thread - 0] INFO  ratis.XceiverServerRatis (XceiverServerRatis.java:start(404)) - Starting XceiverServerRatis 24a30f30-831a-4833-93ea-707e8199d09b at port 0
2019-08-21 01:02:44,704 [Datanode State Machine Thread - 0] INFO  impl.RaftServerProxy (RaftServerProxy.java:lambda$start$3(299)) - 24a30f30-831a-4833-93ea-707e8199d09b: start RPC server
2019-08-21 01:02:44,705 [Datanode State Machine Thread - 0] INFO  server.GrpcService (GrpcService.java:startImpl(149)) - 24a30f30-831a-4833-93ea-707e8199d09b: GrpcService started, listening on 0.0.0.0/0.0.0.0:34461
2019-08-21 01:02:44,705 [Datanode State Machine Thread - 0] INFO  ratis.XceiverServerRatis (XceiverServerRatis.java:start(414)) - XceiverServerRatis 24a30f30-831a-4833-93ea-707e8199d09b is started using port 34461
2019-08-21 01:02:44,706 [Datanode State Machine Thread - 0] INFO  server.XceiverServerGrpc (XceiverServerGrpc.java:start(161)) - XceiverServerGrpc 24a30f30-831a-4833-93ea-707e8199d09b is started using port 45400
2019-08-21 01:02:44,856 | INFO  | SCMAudit | user=jenkins1000 | ip=192.168.34.10 | op=GET_VERSION null | ret=SUCCESS |  
2019-08-21 01:02:44,881 [Datanode State Machine Thread - 0] INFO  ozoneimpl.OzoneContainer (OzoneContainer.java:start(186)) - Attempting to start container services.
2019-08-21 01:02:44,881 [Datanode State Machine Thread - 0] INFO  ozoneimpl.OzoneContainer (OzoneContainer.java:startContainerScrub(160)) - Background container scrubber has been disabled by hdds.containerscrub.enabled
2019-08-21 01:02:44,882 [Datanode State Machine Thread - 0] INFO  ratis.XceiverServerRatis (XceiverServerRatis.java:start(404)) - Starting XceiverServerRatis fccca5a2-55db-4efd-8b7f-8a266599827f at port 0
2019-08-21 01:02:44,889 [Datanode State Machine Thread - 0] INFO  impl.RaftServerProxy (RaftServerProxy.java:lambda$start$3(299)) - fccca5a2-55db-4efd-8b7f-8a266599827f: start RPC server
2019-08-21 01:02:44,893 [Datanode State Machine Thread - 0] INFO  server.GrpcService (GrpcService.java:startImpl(149)) - fccca5a2-55db-4efd-8b7f-8a266599827f: GrpcService started, listening on 0.0.0.0/0.0.0.0:41787
2019-08-21 01:02:44,893 [Datanode State Machine Thread - 0] INFO  ratis.XceiverServerRatis (XceiverServerRatis.java:start(414)) - XceiverServerRatis fccca5a2-55db-4efd-8b7f-8a266599827f is started using port 41787
2019-08-21 01:02:44,903 [Datanode State Machine Thread - 0] INFO  server.XceiverServerGrpc (XceiverServerGrpc.java:start(161)) - XceiverServerGrpc fccca5a2-55db-4efd-8b7f-8a266599827f is started using port 46714
2019-08-21 01:02:45,012 [main] INFO  ozone.MiniOzoneClusterImpl (MiniOzoneClusterImpl.java:lambda$waitForClusterToBeReady$0(142)) - Waiting for cluster to be ready. Got 0 of 7 DN Heartbeats.
2019-08-21 01:02:45,014 | INFO  | SCMAudit | user=jenkins1000 | ip=192.168.34.10 | op=GET_VERSION null | ret=SUCCESS |  
2019-08-21 01:02:45,027 [Datanode State Machine Thread - 0] INFO  ozoneimpl.OzoneContainer (OzoneContainer.java:start(186)) - Attempting to start container services.
2019-08-21 01:02:45,028 [Datanode State Machine Thread - 0] INFO  ozoneimpl.OzoneContainer (OzoneContainer.java:startContainerScrub(160)) - Background container scrubber has been disabled by hdds.containerscrub.enabled
2019-08-21 01:02:45,028 [Datanode State Machine Thread - 0] INFO  ratis.XceiverServerRatis (XceiverServerRatis.java:start(404)) - Starting XceiverServerRatis 853a8d38-210a-40e1-a500-60344a22ce2b at port 0
2019-08-21 01:02:45,034 [Datanode State Machine Thread - 0] INFO  impl.RaftServerProxy (RaftServerProxy.java:lambda$start$3(299)) - 853a8d38-210a-40e1-a500-60344a22ce2b: start RPC server
2019-08-21 01:02:45,035 [Datanode State Machine Thread - 0] INFO  server.GrpcService (GrpcService.java:startImpl(149)) - 853a8d38-210a-40e1-a500-60344a22ce2b: GrpcService started, listening on 0.0.0.0/0.0.0.0:41908
2019-08-21 01:02:45,035 [Datanode State Machine Thread - 0] INFO  ratis.XceiverServerRatis (XceiverServerRatis.java:start(414)) - XceiverServerRatis 853a8d38-210a-40e1-a500-60344a22ce2b is started using port 41908
2019-08-21 01:02:45,036 [Datanode State Machine Thread - 0] INFO  server.XceiverServerGrpc (XceiverServerGrpc.java:start(161)) - XceiverServerGrpc 853a8d38-210a-40e1-a500-60344a22ce2b is started using port 40382
2019-08-21 01:02:45,806 [IPC Server handler 3 on 38035] INFO  net.NetworkTopology (NetworkTopologyImpl.java:add(110)) - Added a new node: /default-rack/f7fc252f-131b-479f-9e1d-bf8bc8cd8a61
2019-08-21 01:02:45,809 [IPC Server handler 3 on 38035] INFO  node.SCMNodeManager (SCMNodeManager.java:register(273)) - Registered Data node : f7fc252f-131b-479f-9e1d-bf8bc8cd8a61{ip: 192.168.34.10, host: pr-hdds-1927-qfsst-2448355857, networkLocation: /default-rack, certSerialId: null}
2019-08-21 01:02:45,810 | INFO  | SCMAudit | user=jenkins1000 | ip=192.168.34.10 | op=REGISTER {datanodeDetails=f7fc252f-131b-479f-9e1d-bf8bc8cd8a61{ip: 192.168.34.10, host: pr-hdds-1927-qfsst-2448355857, networkLocation: /default-rack, certSerialId: null}} | ret=SUCCESS |  
2019-08-21 01:02:45,810 [EventQueue-NodeRegistrationContainerReportForDataNodeSafeModeRule] INFO  safemode.SCMSafeModeManager (DataNodeSafeModeRule.java:process(71)) - SCM in safe mode. 1 DataNodes registered, 1 required.
2019-08-21 01:02:45,813 [EventQueue-NodeRegistrationContainerReportForDataNodeSafeModeRule] INFO  safemode.SCMSafeModeManager (SCMSafeModeManager.java:validateSafeModeExitRules(177)) - ScmSafeModeManager, all rules are successfully validated
2019-08-21 01:02:45,813 [EventQueue-NodeRegistrationContainerReportForDataNodeSafeModeRule] INFO  safemode.SCMSafeModeManager (SCMSafeModeManager.java:exitSafeMode(193)) - SCM exiting safe mode.
2019-08-21 01:02:45,836 [grpc-default-executor-5] INFO  impl.RaftServerProxy (RaftServerProxy.java:addNew(89)) - f7fc252f-131b-479f-9e1d-bf8bc8cd8a61: addNew group-59BB1868FAF7:[f7fc252f-131b-479f-9e1d-bf8bc8cd8a61:192.168.34.10:34883] returns group-59BB1868FAF7:java.util.concurrent.CompletableFuture@ba4953c[Not completed]
2019-08-21 01:02:45,837 [pool-439-thread-1] INFO  impl.RaftServerImpl (RaftServerImpl.java:<init>(93)) - f7fc252f-131b-479f-9e1d-bf8bc8cd8a61: new RaftServerImpl for group-59BB1868FAF7:[f7fc252f-131b-479f-9e1d-bf8bc8cd8a61:192.168.34.10:34883] with ContainerStateMachine:uninitialized
2019-08-21 01:02:45,837 [pool-439-thread-1] INFO  server.RaftServerConfigKeys (ConfUtils.java:logGet(43)) - raft.server.rpc.timeout.min = 5s (custom)
2019-08-21 01:02:45,838 [pool-439-thread-1] INFO  server.RaftServerConfigKeys (ConfUtils.java:logGet(43)) - raft.server.rpc.timeout.max = 5200ms (custom)
2019-08-21 01:02:45,838 [pool-439-thread-1] INFO  server.RaftServerConfigKeys (ConfUtils.java:logGet(43)) - raft.server.rpcslowness.timeout = 120s (custom)
2019-08-21 01:02:45,838 [pool-439-thread-1] INFO  server.RaftServerConfigKeys (ConfUtils.java:logGet(43)) - raft.server.sleep.deviation.threshold = 300 (default)
2019-08-21 01:02:45,838 [pool-439-thread-1] INFO  server.RaftServerConfigKeys (ConfUtils.java:logGet(43)) - raft.server.log.appender.install.snapshot.enabled = false (custom)
2019-08-21 01:02:45,838 [pool-439-thread-1] INFO  impl.RaftServerImpl (ServerState.java:<init>(105)) - f7fc252f-131b-479f-9e1d-bf8bc8cd8a61:group-59BB1868FAF7 ConfigurationManager, init=-1: [f7fc252f-131b-479f-9e1d-bf8bc8cd8a61:192.168.34.10:34883], old=null, confs=<EMPTY_MAP>
2019-08-21 01:02:45,838 [pool-439-thread-1] INFO  server.RaftServerConfigKeys (ConfUtils.java:logGet(43)) - raft.server.storage.dir = [/workdir/hadoop-ozone/integration-test/target/test-dir/MiniOzoneClusterImpl-b121f0fa-5b36-4e30-bdae-6f5cf730914f/datanode-0/data/ratis] (custom)
2019-08-21 01:02:45,839 [pool-439-thread-1] INFO  storage.RaftStorageDirectory (RaftStorageDirectory.java:analyzeStorage(246)) - The storage directory /workdir/hadoop-ozone/integration-test/target/test-dir/MiniOzoneClusterImpl-b121f0fa-5b36-4e30-bdae-6f5cf730914f/datanode-0/data/ratis/ec82a8df-300b-483c-a2c5-59bb1868faf7 does not exist. Creating ...
2019-08-21 01:02:45,851 [pool-439-thread-1] INFO  storage.RaftStorageDirectory (RaftStorageDirectory.java:tryLock(328)) - Lock on /workdir/hadoop-ozone/integration-test/target/test-dir/MiniOzoneClusterImpl-b121f0fa-5b36-4e30-bdae-6f5cf730914f/datanode-0/data/ratis/ec82a8df-300b-483c-a2c5-59bb1868faf7/in_use.lock acquired by nodename 11957@pr-hdds-1927-qfsst-2448355857
2019-08-21 01:02:45,865 [pool-439-thread-1] INFO  storage.RaftStorage (RaftStorage.java:format(72)) - Storage directory /workdir/hadoop-ozone/integration-test/target/test-dir/MiniOzoneClusterImpl-b121f0fa-5b36-4e30-bdae-6f5cf730914f/datanode-0/data/ratis/ec82a8df-300b-483c-a2c5-59bb1868faf7 has been successfully formatted.
2019-08-21 01:02:45,865 [pool-439-thread-1] INFO  ratis.ContainerStateMachine (ContainerStateMachine.java:loadSnapshot(226)) - group-59BB1868FAF7: The snapshot info is null. Setting the last applied indexto:(t:0, i:~)
2019-08-21 01:02:45,865 [pool-439-thread-1] INFO  server.RaftServerConfigKeys (ConfUtils.java:logGet(43)) - raft.server.leader.election.timeout = 120s (custom)
2019-08-21 01:02:45,865 [pool-439-thread-1] INFO  server.RaftServerConfigKeys (ConfUtils.java:logGet(43)) - raft.server.log.use.memory = false (default)
2019-08-21 01:02:45,865 [pool-439-thread-1] INFO  server.RaftServerConfigKeys (ConfUtils.java:logGet(43)) - raft.server.log.purge.gap = 1000000 (custom)
2019-08-21 01:02:45,866 [pool-439-thread-1] INFO  server.RaftServerConfigKeys (ConfUtils.java:logGet(43)) - raft.server.log.appender.buffer.byte-limit = 33554432 (custom)
2019-08-21 01:02:45,866 [pool-439-thread-1] INFO  server.RaftServerConfigKeys (ConfUtils.java:logGet(43)) - raft.server.log.segment.size.max = 1048576 (custom)
2019-08-21 01:02:45,866 [pool-439-thread-1] INFO  server.RaftServerConfigKeys (ConfUtils.java:logGet(43)) - raft.server.log.segment.cache.num.max = 2 (custom)
2019-08-21 01:02:45,866 [pool-439-thread-1] INFO  segmented.SegmentedRaftLogWorker (SegmentedRaftLogWorker.java:<init>(172)) - new f7fc252f-131b-479f-9e1d-bf8bc8cd8a61-SegmentedRaftLogWorker:Storage Directory /workdir/hadoop-ozone/integration-test/target/test-dir/MiniOzoneClusterImpl-b121f0fa-5b36-4e30-bdae-6f5cf730914f/datanode-0/data/ratis/ec82a8df-300b-483c-a2c5-59bb1868faf7 for RaftStorage:Storage Directory /workdir/hadoop-ozone/integration-test/target/test-dir/MiniOzoneClusterImpl-b121f0fa-5b36-4e30-bdae-6f5cf730914f/datanode-0/data/ratis/ec82a8df-300b-483c-a2c5-59bb1868faf7
2019-08-21 01:02:45,866 [pool-439-thread-1] INFO  server.RaftServerConfigKeys (ConfUtils.java:logGet(43)) - raft.server.log.queue.byte-limit = 2147483647 (custom)
2019-08-21 01:02:45,866 [pool-439-thread-1] INFO  server.RaftServerConfigKeys (ConfUtils.java:logGet(43)) - raft.server.log.queue.element-limit = 1024 (custom)
2019-08-21 01:02:45,867 [pool-439-thread-1] INFO  server.RaftServerConfigKeys (ConfUtils.java:logGet(43)) - raft.server.log.segment.size.max = 1048576 (custom)
2019-08-21 01:02:45,867 [pool-439-thread-1] INFO  server.RaftServerConfigKeys (ConfUtils.java:logGet(43)) - raft.server.log.preallocated.size = 16384 (custom)
2019-08-21 01:02:45,867 [pool-439-thread-1] INFO  server.RaftServerConfigKeys (ConfUtils.java:logGet(43)) - raft.server.log.write.buffer.size = 33554432 (custom)
2019-08-21 01:02:45,867 [pool-439-thread-1] INFO  server.RaftServerConfigKeys (ConfUtils.java:logGet(43)) - raft.server.log.force.sync.num = 128 (default)
2019-08-21 01:02:45,867 [pool-439-thread-1] INFO  server.RaftServerConfigKeys (ConfUtils.java:logGet(43)) - raft.server.log.statemachine.data.sync = true (default)
2019-08-21 01:02:45,867 [pool-439-thread-1] INFO  server.RaftServerConfigKeys (ConfUtils.java:logGet(43)) - raft.server.log.statemachine.data.sync.timeout = 10s (default)
2019-08-21 01:02:45,867 [pool-439-thread-1] INFO  server.RaftServerConfigKeys (ConfUtils.java:logGet(43)) - raft.server.log.statemachine.data.sync.timeout.retry = -1 (default)
2019-08-21 01:02:45,868 [pool-439-thread-1] INFO  server.RaftServerConfigKeys (ConfUtils.java:logGet(43)) - raft.server.log.statemachine.data.caching.enabled = true (custom)
2019-08-21 01:02:45,868 [pool-439-thread-1] INFO  segmented.SegmentedRaftLogWorker (SegmentedRaftLogWorker.java:lambda$new$0(132)) - f7fc252f-131b-479f-9e1d-bf8bc8cd8a61-SegmentedRaftLogWorker:Storage Directory /workdir/hadoop-ozone/integration-test/target/test-dir/MiniOzoneClusterImpl-b121f0fa-5b36-4e30-bdae-6f5cf730914f/datanode-0/data/ratis/ec82a8df-300b-483c-a2c5-59bb1868faf7: flushIndex: setUnconditionally 0 -> -1
2019-08-21 01:02:45,868 [pool-439-thread-1] INFO  server.RaftServerConfigKeys (ConfUtils.java:logGet(43)) - raft.server.snapshot.auto.trigger.enabled = true (custom)
2019-08-21 01:02:45,869 [pool-439-thread-1] INFO  server.RaftServerConfigKeys (ConfUtils.java:logGet(43)) - raft.server.snapshot.auto.trigger.threshold = 10000 (custom)
2019-08-21 01:02:45,869 [pool-439-thread-1] INFO  server.RaftServerConfigKeys (ConfUtils.java:logGet(43)) - raft.server.retrycache.expirytime = 600000ms (custom)
2019-08-21 01:02:45,869 [pool-439-thread-1] INFO  impl.RaftServerImpl (RaftServerImpl.java:start(180)) - f7fc252f-131b-479f-9e1d-bf8bc8cd8a61: start group-59BB1868FAF7
2019-08-21 01:02:45,869 [pool-439-thread-1] INFO  impl.RaftServerImpl (RaftServerImpl.java:setRole(171)) - f7fc252f-131b-479f-9e1d-bf8bc8cd8a61:group-59BB1868FAF7 changes role from null to FOLLOWER at term 0 for startAsFollower
2019-08-21 01:02:45,869 [pool-439-thread-1] INFO  impl.RoleInfo (RoleInfo.java:updateAndGet(143)) - f7fc252f-131b-479f-9e1d-bf8bc8cd8a61: start FollowerState
2019-08-21 01:02:45,870 [pool-439-thread-1] INFO  util.JmxRegister (JmxRegister.java:tryRegister(44)) - Successfully registered JMX Bean with object name Ratis:service=RaftServer,group=group-59BB1868FAF7,id=f7fc252f-131b-479f-9e1d-bf8bc8cd8a61
2019-08-21 01:02:45,873 [RatisPipelineUtilsThread] INFO  pipeline.PipelineStateManager (PipelineStateManager.java:addPipeline(56)) - Created pipeline Pipeline[ Id: ec82a8df-300b-483c-a2c5-59bb1868faf7, Nodes: f7fc252f-131b-479f-9e1d-bf8bc8cd8a61{ip: 192.168.34.10, host: pr-hdds-1927-qfsst-2448355857, networkLocation: /default-rack, certSerialId: null}, Type:RATIS, Factor:ONE, State:OPEN]
2019-08-21 01:02:45,977 [IPC Server handler 4 on 38035] INFO  net.NetworkTopology (NetworkTopologyImpl.java:add(110)) - Added a new node: /default-rack/0fe1d74e-166c-4d98-8cc5-3a12f218ca10
2019-08-21 01:02:45,977 [IPC Server handler 4 on 38035] INFO  node.SCMNodeManager (SCMNodeManager.java:register(273)) - Registered Data node : 0fe1d74e-166c-4d98-8cc5-3a12f218ca10{ip: 192.168.34.10, host: pr-hdds-1927-qfsst-2448355857, networkLocation: /default-rack, certSerialId: null}
2019-08-21 01:02:45,978 | INFO  | SCMAudit | user=jenkins1000 | ip=192.168.34.10 | op=REGISTER {datanodeDetails=0fe1d74e-166c-4d98-8cc5-3a12f218ca10{ip: 192.168.34.10, host: pr-hdds-1927-qfsst-2448355857, networkLocation: /default-rack, certSerialId: null}} | ret=SUCCESS |  
2019-08-21 01:02:45,986 [grpc-default-executor-5] INFO  impl.RaftServerProxy (RaftServerProxy.java:addNew(89)) - 0fe1d74e-166c-4d98-8cc5-3a12f218ca10: addNew group-DB721C20318B:[0fe1d74e-166c-4d98-8cc5-3a12f218ca10:192.168.34.10:34757] returns group-DB721C20318B:java.util.concurrent.CompletableFuture@1bbc20c3[Not completed]
2019-08-21 01:02:45,988 [pool-450-thread-1] INFO  impl.RaftServerImpl (RaftServerImpl.java:<init>(93)) - 0fe1d74e-166c-4d98-8cc5-3a12f218ca10: new RaftServerImpl for group-DB721C20318B:[0fe1d74e-166c-4d98-8cc5-3a12f218ca10:192.168.34.10:34757] with ContainerStateMachine:uninitialized
2019-08-21 01:02:45,988 [pool-450-thread-1] INFO  server.RaftServerConfigKeys (ConfUtils.java:logGet(43)) - raft.server.rpc.timeout.min = 5s (custom)
2019-08-21 01:02:45,988 [pool-450-thread-1] INFO  server.RaftServerConfigKeys (ConfUtils.java:logGet(43)) - raft.server.rpc.timeout.max = 5200ms (custom)
2019-08-21 01:02:45,988 [pool-450-thread-1] INFO  server.RaftServerConfigKeys (ConfUtils.java:logGet(43)) - raft.server.rpcslowness.timeout = 120s (custom)
2019-08-21 01:02:45,988 [pool-450-thread-1] INFO  server.RaftServerConfigKeys (ConfUtils.java:logGet(43)) - raft.server.sleep.deviation.threshold = 300 (default)
2019-08-21 01:02:45,988 [pool-450-thread-1] INFO  server.RaftServerConfigKeys (ConfUtils.java:logGet(43)) - raft.server.log.appender.install.snapshot.enabled = false (custom)
2019-08-21 01:02:45,988 [pool-450-thread-1] INFO  impl.RaftServerImpl (ServerState.java:<init>(105)) - 0fe1d74e-166c-4d98-8cc5-3a12f218ca10:group-DB721C20318B ConfigurationManager, init=-1: [0fe1d74e-166c-4d98-8cc5-3a12f218ca10:192.168.34.10:34757], old=null, confs=<EMPTY_MAP>
2019-08-21 01:02:45,989 [pool-450-thread-1] INFO  server.RaftServerConfigKeys (ConfUtils.java:logGet(43)) - raft.server.storage.dir = [/workdir/hadoop-ozone/integration-test/target/test-dir/MiniOzoneClusterImpl-b121f0fa-5b36-4e30-bdae-6f5cf730914f/datanode-1/data/ratis] (custom)
2019-08-21 01:02:45,989 [pool-450-thread-1] INFO  storage.RaftStorageDirectory (RaftStorageDirectory.java:analyzeStorage(246)) - The storage directory /workdir/hadoop-ozone/integration-test/target/test-dir/MiniOzoneClusterImpl-b121f0fa-5b36-4e30-bdae-6f5cf730914f/datanode-1/data/ratis/c2c0d5c9-9911-4f42-9b8a-db721c20318b does not exist. Creating ...
2019-08-21 01:02:46,002 [pool-450-thread-1] INFO  storage.RaftStorageDirectory (RaftStorageDirectory.java:tryLock(328)) - Lock on /workdir/hadoop-ozone/integration-test/target/test-dir/MiniOzoneClusterImpl-b121f0fa-5b36-4e30-bdae-6f5cf730914f/datanode-1/data/ratis/c2c0d5c9-9911-4f42-9b8a-db721c20318b/in_use.lock acquired by nodename 11957@pr-hdds-1927-qfsst-2448355857
2019-08-21 01:02:46,013 [main] INFO  ozone.MiniOzoneClusterImpl (MiniOzoneClusterImpl.java:lambda$waitForClusterToBeReady$0(142)) - Waiting for cluster to be ready. Got 2 of 7 DN Heartbeats.
2019-08-21 01:02:46,015 [pool-450-thread-1] INFO  storage.RaftStorage (RaftStorage.java:format(72)) - Storage directory /workdir/hadoop-ozone/integration-test/target/test-dir/MiniOzoneClusterImpl-b121f0fa-5b36-4e30-bdae-6f5cf730914f/datanode-1/data/ratis/c2c0d5c9-9911-4f42-9b8a-db721c20318b has been successfully formatted.
2019-08-21 01:02:46,016 [pool-450-thread-1] INFO  ratis.ContainerStateMachine (ContainerStateMachine.java:loadSnapshot(226)) - group-DB721C20318B: The snapshot info is null. Setting the last applied indexto:(t:0, i:~)
2019-08-21 01:02:46,016 [pool-450-thread-1] INFO  server.RaftServerConfigKeys (ConfUtils.java:logGet(43)) - raft.server.leader.election.timeout = 120s (custom)
2019-08-21 01:02:46,016 [pool-450-thread-1] INFO  server.RaftServerConfigKeys (ConfUtils.java:logGet(43)) - raft.server.log.use.memory = false (default)
2019-08-21 01:02:46,016 [pool-450-thread-1] INFO  server.RaftServerConfigKeys (ConfUtils.java:logGet(43)) - raft.server.log.purge.gap = 1000000 (custom)
2019-08-21 01:02:46,016 [pool-450-thread-1] INFO  server.RaftServerConfigKeys (ConfUtils.java:logGet(43)) - raft.server.log.appender.buffer.byte-limit = 33554432 (custom)
2019-08-21 01:02:46,016 [pool-450-thread-1] INFO  server.RaftServerConfigKeys (ConfUtils.java:logGet(43)) - raft.server.log.segment.size.max = 1048576 (custom)
2019-08-21 01:02:46,017 [pool-450-thread-1] INFO  server.RaftServerConfigKeys (ConfUtils.java:logGet(43)) - raft.server.log.segment.cache.num.max = 2 (custom)
2019-08-21 01:02:46,017 [pool-450-thread-1] INFO  segmented.SegmentedRaftLogWorker (SegmentedRaftLogWorker.java:<init>(172)) - new 0fe1d74e-166c-4d98-8cc5-3a12f218ca10-SegmentedRaftLogWorker:Storage Directory /workdir/hadoop-ozone/integration-test/target/test-dir/MiniOzoneClusterImpl-b121f0fa-5b36-4e30-bdae-6f5cf730914f/datanode-1/data/ratis/c2c0d5c9-9911-4f42-9b8a-db721c20318b for RaftStorage:Storage Directory /workdir/hadoop-ozone/integration-test/target/test-dir/MiniOzoneClusterImpl-b121f0fa-5b36-4e30-bdae-6f5cf730914f/datanode-1/data/ratis/c2c0d5c9-9911-4f42-9b8a-db721c20318b
2019-08-21 01:02:46,017 [pool-450-thread-1] INFO  server.RaftServerConfigKeys (ConfUtils.java:logGet(43)) - raft.server.log.queue.byte-limit = 2147483647 (custom)
2019-08-21 01:02:46,017 [pool-450-thread-1] INFO  server.RaftServerConfigKeys (ConfUtils.java:logGet(43)) - raft.server.log.queue.element-limit = 1024 (custom)
2019-08-21 01:02:46,017 [pool-450-thread-1] INFO  server.RaftServerConfigKeys (ConfUtils.java:logGet(43)) - raft.server.log.segment.size.max = 1048576 (custom)
2019-08-21 01:02:46,017 [pool-450-thread-1] INFO  server.RaftServerConfigKeys (ConfUtils.java:logGet(43)) - raft.server.log.preallocated.size = 16384 (custom)
2019-08-21 01:02:46,018 [pool-450-thread-1] INFO  server.RaftServerConfigKeys (ConfUtils.java:logGet(43)) - raft.server.log.write.buffer.size = 33554432 (custom)
2019-08-21 01:02:46,018 [pool-450-thread-1] INFO  server.RaftServerConfigKeys (ConfUtils.java:logGet(43)) - raft.server.log.force.sync.num = 128 (default)
2019-08-21 01:02:46,018 [pool-450-thread-1] INFO  server.RaftServerConfigKeys (ConfUtils.java:logGet(43)) - raft.server.log.statemachine.data.sync = true (default)
2019-08-21 01:02:46,018 [pool-450-thread-1] INFO  server.RaftServerConfigKeys (ConfUtils.java:logGet(43)) - raft.server.log.statemachine.data.sync.timeout = 10s (default)
2019-08-21 01:02:46,018 [pool-450-thread-1] INFO  server.RaftServerConfigKeys (ConfUtils.java:logGet(43)) - raft.server.log.statemachine.data.sync.timeout.retry = -1 (default)
2019-08-21 01:02:46,018 [pool-450-thread-1] INFO  server.RaftServerConfigKeys (ConfUtils.java:logGet(43)) - raft.server.log.statemachine.data.caching.enabled = true (custom)
2019-08-21 01:02:46,019 [pool-450-thread-1] INFO  segmented.SegmentedRaftLogWorker (SegmentedRaftLogWorker.java:lambda$new$0(132)) - 0fe1d74e-166c-4d98-8cc5-3a12f218ca10-SegmentedRaftLogWorker:Storage Directory /workdir/hadoop-ozone/integration-test/target/test-dir/MiniOzoneClusterImpl-b121f0fa-5b36-4e30-bdae-6f5cf730914f/datanode-1/data/ratis/c2c0d5c9-9911-4f42-9b8a-db721c20318b: flushIndex: setUnconditionally 0 -> -1
2019-08-21 01:02:46,019 [pool-450-thread-1] INFO  server.RaftServerConfigKeys (ConfUtils.java:logGet(43)) - raft.server.snapshot.auto.trigger.enabled = true (custom)
2019-08-21 01:02:46,019 [pool-450-thread-1] INFO  server.RaftServerConfigKeys (ConfUtils.java:logGet(43)) - raft.server.snapshot.auto.trigger.threshold = 10000 (custom)
2019-08-21 01:02:46,019 [pool-450-thread-1] INFO  server.RaftServerConfigKeys (ConfUtils.java:logGet(43)) - raft.server.retrycache.expirytime = 600000ms (custom)
2019-08-21 01:02:46,019 [pool-450-thread-1] INFO  impl.RaftServerImpl (RaftServerImpl.java:start(180)) - 0fe1d74e-166c-4d98-8cc5-3a12f218ca10: start group-DB721C20318B
2019-08-21 01:02:46,020 [pool-450-thread-1] INFO  impl.RaftServerImpl (RaftServerImpl.java:setRole(171)) - 0fe1d74e-166c-4d98-8cc5-3a12f218ca10:group-DB721C20318B changes role from null to FOLLOWER at term 0 for startAsFollower
2019-08-21 01:02:46,020 [pool-450-thread-1] INFO  impl.RoleInfo (RoleInfo.java:updateAndGet(143)) - 0fe1d74e-166c-4d98-8cc5-3a12f218ca10: start FollowerState
2019-08-21 01:02:46,020 [pool-450-thread-1] INFO  util.JmxRegister (JmxRegister.java:tryRegister(44)) - Successfully registered JMX Bean with object name Ratis:service=RaftServer,group=group-DB721C20318B,id=0fe1d74e-166c-4d98-8cc5-3a12f218ca10
2019-08-21 01:02:46,022 [RatisPipelineUtilsThread] INFO  pipeline.PipelineStateManager (PipelineStateManager.java:addPipeline(56)) - Created pipeline Pipeline[ Id: c2c0d5c9-9911-4f42-9b8a-db721c20318b, Nodes: 0fe1d74e-166c-4d98-8cc5-3a12f218ca10{ip: 192.168.34.10, host: pr-hdds-1927-qfsst-2448355857, networkLocation: /default-rack, certSerialId: null}, Type:RATIS, Factor:ONE, State:OPEN]
2019-08-21 01:02:46,336 [IPC Server handler 1 on 38035] INFO  net.NetworkTopology (NetworkTopologyImpl.java:add(110)) - Added a new node: /default-rack/da6cf7a5-fd86-493b-8551-65e1ed8dd98c
2019-08-21 01:02:46,337 [IPC Server handler 1 on 38035] INFO  node.SCMNodeManager (SCMNodeManager.java:register(273)) - Registered Data node : da6cf7a5-fd86-493b-8551-65e1ed8dd98c{ip: 192.168.34.10, host: pr-hdds-1927-qfsst-2448355857, networkLocation: /default-rack, certSerialId: null}
2019-08-21 01:02:46,337 | INFO  | SCMAudit | user=jenkins1000 | ip=192.168.34.10 | op=REGISTER {datanodeDetails=da6cf7a5-fd86-493b-8551-65e1ed8dd98c{ip: 192.168.34.10, host: pr-hdds-1927-qfsst-2448355857, networkLocation: /default-rack, certSerialId: null}} | ret=SUCCESS |  
2019-08-21 01:02:46,346 [grpc-default-executor-5] INFO  impl.RaftServerProxy (RaftServerProxy.java:addNew(89)) - da6cf7a5-fd86-493b-8551-65e1ed8dd98c: addNew group-CABAD8B595B7:[da6cf7a5-fd86-493b-8551-65e1ed8dd98c:192.168.34.10:36254] returns group-CABAD8B595B7:java.util.concurrent.CompletableFuture@3d5f66c1[Not completed]
2019-08-21 01:02:46,348 [pool-461-thread-1] INFO  impl.RaftServerImpl (RaftServerImpl.java:<init>(93)) - da6cf7a5-fd86-493b-8551-65e1ed8dd98c: new RaftServerImpl for group-CABAD8B595B7:[da6cf7a5-fd86-493b-8551-65e1ed8dd98c:192.168.34.10:36254] with ContainerStateMachine:uninitialized
2019-08-21 01:02:46,348 [pool-461-thread-1] INFO  server.RaftServerConfigKeys (ConfUtils.java:logGet(43)) - raft.server.rpc.timeout.min = 5s (custom)
2019-08-21 01:02:46,348 [pool-461-thread-1] INFO  server.RaftServerConfigKeys (ConfUtils.java:logGet(43)) - raft.server.rpc.timeout.max = 5200ms (custom)
2019-08-21 01:02:46,348 [pool-461-thread-1] INFO  server.RaftServerConfigKeys (ConfUtils.java:logGet(43)) - raft.server.rpcslowness.timeout = 120s (custom)
2019-08-21 01:02:46,348 [pool-461-thread-1] INFO  server.RaftServerConfigKeys (ConfUtils.java:logGet(43)) - raft.server.sleep.deviation.threshold = 300 (default)
2019-08-21 01:02:46,348 [pool-461-thread-1] INFO  server.RaftServerConfigKeys (ConfUtils.java:logGet(43)) - raft.server.log.appender.install.snapshot.enabled = false (custom)
2019-08-21 01:02:46,349 [pool-461-thread-1] INFO  impl.RaftServerImpl (ServerState.java:<init>(105)) - da6cf7a5-fd86-493b-8551-65e1ed8dd98c:group-CABAD8B595B7 ConfigurationManager, init=-1: [da6cf7a5-fd86-493b-8551-65e1ed8dd98c:192.168.34.10:36254], old=null, confs=<EMPTY_MAP>
2019-08-21 01:02:46,349 [pool-461-thread-1] INFO  server.RaftServerConfigKeys (ConfUtils.java:logGet(43)) - raft.server.storage.dir = [/workdir/hadoop-ozone/integration-test/target/test-dir/MiniOzoneClusterImpl-b121f0fa-5b36-4e30-bdae-6f5cf730914f/datanode-2/data/ratis] (custom)
2019-08-21 01:02:46,349 [pool-461-thread-1] INFO  storage.RaftStorageDirectory (RaftStorageDirectory.java:analyzeStorage(246)) - The storage directory /workdir/hadoop-ozone/integration-test/target/test-dir/MiniOzoneClusterImpl-b121f0fa-5b36-4e30-bdae-6f5cf730914f/datanode-2/data/ratis/c11a4461-9042-434b-a922-cabad8b595b7 does not exist. Creating ...
2019-08-21 01:02:46,374 [pool-461-thread-1] INFO  storage.RaftStorageDirectory (RaftStorageDirectory.java:tryLock(328)) - Lock on /workdir/hadoop-ozone/integration-test/target/test-dir/MiniOzoneClusterImpl-b121f0fa-5b36-4e30-bdae-6f5cf730914f/datanode-2/data/ratis/c11a4461-9042-434b-a922-cabad8b595b7/in_use.lock acquired by nodename 11957@pr-hdds-1927-qfsst-2448355857
2019-08-21 01:02:46,387 [pool-461-thread-1] INFO  storage.RaftStorage (RaftStorage.java:format(72)) - Storage directory /workdir/hadoop-ozone/integration-test/target/test-dir/MiniOzoneClusterImpl-b121f0fa-5b36-4e30-bdae-6f5cf730914f/datanode-2/data/ratis/c11a4461-9042-434b-a922-cabad8b595b7 has been successfully formatted.
2019-08-21 01:02:46,387 [pool-461-thread-1] INFO  ratis.ContainerStateMachine (ContainerStateMachine.java:loadSnapshot(226)) - group-CABAD8B595B7: The snapshot info is null. Setting the last applied indexto:(t:0, i:~)
2019-08-21 01:02:46,387 [pool-461-thread-1] INFO  server.RaftServerConfigKeys (ConfUtils.java:logGet(43)) - raft.server.leader.election.timeout = 120s (custom)
2019-08-21 01:02:46,388 [pool-461-thread-1] INFO  server.RaftServerConfigKeys (ConfUtils.java:logGet(43)) - raft.server.log.use.memory = false (default)
2019-08-21 01:02:46,388 [pool-461-thread-1] INFO  server.RaftServerConfigKeys (ConfUtils.java:logGet(43)) - raft.server.log.purge.gap = 1000000 (custom)
2019-08-21 01:02:46,388 [pool-461-thread-1] INFO  server.RaftServerConfigKeys (ConfUtils.java:logGet(43)) - raft.server.log.appender.buffer.byte-limit = 33554432 (custom)
2019-08-21 01:02:46,388 [pool-461-thread-1] INFO  server.RaftServerConfigKeys (ConfUtils.java:logGet(43)) - raft.server.log.segment.size.max = 1048576 (custom)
2019-08-21 01:02:46,388 [pool-461-thread-1] INFO  server.RaftServerConfigKeys (ConfUtils.java:logGet(43)) - raft.server.log.segment.cache.num.max = 2 (custom)
2019-08-21 01:02:46,388 [pool-461-thread-1] INFO  segmented.SegmentedRaftLogWorker (SegmentedRaftLogWorker.java:<init>(172)) - new da6cf7a5-fd86-493b-8551-65e1ed8dd98c-SegmentedRaftLogWorker:Storage Directory /workdir/hadoop-ozone/integration-test/target/test-dir/MiniOzoneClusterImpl-b121f0fa-5b36-4e30-bdae-6f5cf730914f/datanode-2/data/ratis/c11a4461-9042-434b-a922-cabad8b595b7 for RaftStorage:Storage Directory /workdir/hadoop-ozone/integration-test/target/test-dir/MiniOzoneClusterImpl-b121f0fa-5b36-4e30-bdae-6f5cf730914f/datanode-2/data/ratis/c11a4461-9042-434b-a922-cabad8b595b7
2019-08-21 01:02:46,389 [pool-461-thread-1] INFO  server.RaftServerConfigKeys (ConfUtils.java:logGet(43)) - raft.server.log.queue.byte-limit = 2147483647 (custom)
2019-08-21 01:02:46,389 [pool-461-thread-1] INFO  server.RaftServerConfigKeys (ConfUtils.java:logGet(43)) - raft.server.log.queue.element-limit = 1024 (custom)
2019-08-21 01:02:46,389 [pool-461-thread-1] INFO  server.RaftServerConfigKeys (ConfUtils.java:logGet(43)) - raft.server.log.segment.size.max = 1048576 (custom)
2019-08-21 01:02:46,389 [pool-461-thread-1] INFO  server.RaftServerConfigKeys (ConfUtils.java:logGet(43)) - raft.server.log.preallocated.size = 16384 (custom)
2019-08-21 01:02:46,389 [pool-461-thread-1] INFO  server.RaftServerConfigKeys (ConfUtils.java:logGet(43)) - raft.server.log.write.buffer.size = 33554432 (custom)
2019-08-21 01:02:46,390 [pool-461-thread-1] INFO  server.RaftServerConfigKeys (ConfUtils.java:logGet(43)) - raft.server.log.force.sync.num = 128 (default)
2019-08-21 01:02:46,390 [pool-461-thread-1] INFO  server.RaftServerConfigKeys (ConfUtils.java:logGet(43)) - raft.server.log.statemachine.data.sync = true (default)
2019-08-21 01:02:46,390 [pool-461-thread-1] INFO  server.RaftServerConfigKeys (ConfUtils.java:logGet(43)) - raft.server.log.statemachine.data.sync.timeout = 10s (default)
2019-08-21 01:02:46,390 [pool-461-thread-1] INFO  server.RaftServerConfigKeys (ConfUtils.java:logGet(43)) - raft.server.log.statemachine.data.sync.timeout.retry = -1 (default)
2019-08-21 01:02:46,390 [pool-461-thread-1] INFO  server.RaftServerConfigKeys (ConfUtils.java:logGet(43)) - raft.server.log.statemachine.data.caching.enabled = true (custom)
2019-08-21 01:02:46,391 [pool-461-thread-1] INFO  segmented.SegmentedRaftLogWorker (SegmentedRaftLogWorker.java:lambda$new$0(132)) - da6cf7a5-fd86-493b-8551-65e1ed8dd98c-SegmentedRaftLogWorker:Storage Directory /workdir/hadoop-ozone/integration-test/target/test-dir/MiniOzoneClusterImpl-b121f0fa-5b36-4e30-bdae-6f5cf730914f/datanode-2/data/ratis/c11a4461-9042-434b-a922-cabad8b595b7: flushIndex: setUnconditionally 0 -> -1
2019-08-21 01:02:46,391 [pool-461-thread-1] INFO  server.RaftServerConfigKeys (ConfUtils.java:logGet(43)) - raft.server.snapshot.auto.trigger.enabled = true (custom)
2019-08-21 01:02:46,391 [pool-461-thread-1] INFO  server.RaftServerConfigKeys (ConfUtils.java:logGet(43)) - raft.server.snapshot.auto.trigger.threshold = 10000 (custom)
2019-08-21 01:02:46,391 [pool-461-thread-1] INFO  server.RaftServerConfigKeys (ConfUtils.java:logGet(43)) - raft.server.retrycache.expirytime = 600000ms (custom)
2019-08-21 01:02:46,392 [pool-461-thread-1] INFO  impl.RaftServerImpl (RaftServerImpl.java:start(180)) - da6cf7a5-fd86-493b-8551-65e1ed8dd98c: start group-CABAD8B595B7
2019-08-21 01:02:46,392 [pool-461-thread-1] INFO  impl.RaftServerImpl (RaftServerImpl.java:setRole(171)) - da6cf7a5-fd86-493b-8551-65e1ed8dd98c:group-CABAD8B595B7 changes role from null to FOLLOWER at term 0 for startAsFollower
2019-08-21 01:02:46,392 [pool-461-thread-1] INFO  impl.RoleInfo (RoleInfo.java:updateAndGet(143)) - da6cf7a5-fd86-493b-8551-65e1ed8dd98c: start FollowerState
2019-08-21 01:02:46,392 [pool-461-thread-1] INFO  util.JmxRegister (JmxRegister.java:tryRegister(44)) - Successfully registered JMX Bean with object name Ratis:service=RaftServer,group=group-CABAD8B595B7,id=da6cf7a5-fd86-493b-8551-65e1ed8dd98c
2019-08-21 01:02:46,395 [RatisPipelineUtilsThread] INFO  pipeline.PipelineStateManager (PipelineStateManager.java:addPipeline(56)) - Created pipeline Pipeline[ Id: c11a4461-9042-434b-a922-cabad8b595b7, Nodes: da6cf7a5-fd86-493b-8551-65e1ed8dd98c{ip: 192.168.34.10, host: pr-hdds-1927-qfsst-2448355857, networkLocation: /default-rack, certSerialId: null}, Type:RATIS, Factor:ONE, State:OPEN]
2019-08-21 01:02:46,409 [grpc-default-executor-7] INFO  impl.RaftServerProxy (RaftServerProxy.java:addNew(89)) - da6cf7a5-fd86-493b-8551-65e1ed8dd98c: addNew group-3528105455D3:[da6cf7a5-fd86-493b-8551-65e1ed8dd98c:192.168.34.10:36254, f7fc252f-131b-479f-9e1d-bf8bc8cd8a61:192.168.34.10:34883, 0fe1d74e-166c-4d98-8cc5-3a12f218ca10:192.168.34.10:34757] returns group-3528105455D3:java.util.concurrent.CompletableFuture@4f9f9fb1[Not completed]
2019-08-21 01:02:46,409 [grpc-default-executor-8] INFO  impl.RaftServerProxy (RaftServerProxy.java:addNew(89)) - f7fc252f-131b-479f-9e1d-bf8bc8cd8a61: addNew group-3528105455D3:[da6cf7a5-fd86-493b-8551-65e1ed8dd98c:192.168.34.10:36254, f7fc252f-131b-479f-9e1d-bf8bc8cd8a61:192.168.34.10:34883, 0fe1d74e-166c-4d98-8cc5-3a12f218ca10:192.168.34.10:34757] returns group-3528105455D3:java.util.concurrent.CompletableFuture@bf916b8[Not completed]
2019-08-21 01:02:46,409 [grpc-default-executor-5] INFO  impl.RaftServerProxy (RaftServerProxy.java:addNew(89)) - 0fe1d74e-166c-4d98-8cc5-3a12f218ca10: addNew group-3528105455D3:[da6cf7a5-fd86-493b-8551-65e1ed8dd98c:192.168.34.10:36254, f7fc252f-131b-479f-9e1d-bf8bc8cd8a61:192.168.34.10:34883, 0fe1d74e-166c-4d98-8cc5-3a12f218ca10:192.168.34.10:34757] returns group-3528105455D3:java.util.concurrent.CompletableFuture@198093c[Not completed]
2019-08-21 01:02:46,410 [pool-461-thread-1] INFO  impl.RaftServerImpl (RaftServerImpl.java:<init>(93)) - da6cf7a5-fd86-493b-8551-65e1ed8dd98c: new RaftServerImpl for group-3528105455D3:[da6cf7a5-fd86-493b-8551-65e1ed8dd98c:192.168.34.10:36254, f7fc252f-131b-479f-9e1d-bf8bc8cd8a61:192.168.34.10:34883, 0fe1d74e-166c-4d98-8cc5-3a12f218ca10:192.168.34.10:34757] with ContainerStateMachine:uninitialized
2019-08-21 01:02:46,411 [pool-461-thread-1] INFO  server.RaftServerConfigKeys (ConfUtils.java:logGet(43)) - raft.server.rpc.timeout.min = 5s (custom)
2019-08-21 01:02:46,411 [pool-461-thread-1] INFO  server.RaftServerConfigKeys (ConfUtils.java:logGet(43)) - raft.server.rpc.timeout.max = 5200ms (custom)
2019-08-21 01:02:46,411 [pool-461-thread-1] INFO  server.RaftServerConfigKeys (ConfUtils.java:logGet(43)) - raft.server.rpcslowness.timeout = 120s (custom)
2019-08-21 01:02:46,411 [pool-439-thread-1] INFO  impl.RaftServerImpl (RaftServerImpl.java:<init>(93)) - f7fc252f-131b-479f-9e1d-bf8bc8cd8a61: new RaftServerImpl for group-3528105455D3:[da6cf7a5-fd86-493b-8551-65e1ed8dd98c:192.168.34.10:36254, f7fc252f-131b-479f-9e1d-bf8bc8cd8a61:192.168.34.10:34883, 0fe1d74e-166c-4d98-8cc5-3a12f218ca10:192.168.34.10:34757] with ContainerStateMachine:uninitialized
2019-08-21 01:02:46,411 [pool-461-thread-1] INFO  server.RaftServerConfigKeys (ConfUtils.java:logGet(43)) - raft.server.sleep.deviation.threshold = 300 (default)
2019-08-21 01:02:46,411 [pool-439-thread-1] INFO  server.RaftServerConfigKeys (ConfUtils.java:logGet(43)) - raft.server.rpc.timeout.min = 5s (custom)
2019-08-21 01:02:46,411 [pool-461-thread-1] INFO  server.RaftServerConfigKeys (ConfUtils.java:logGet(43)) - raft.server.log.appender.install.snapshot.enabled = false (custom)
2019-08-21 01:02:46,411 [pool-450-thread-1] INFO  impl.RaftServerImpl (RaftServerImpl.java:<init>(93)) - 0fe1d74e-166c-4d98-8cc5-3a12f218ca10: new RaftServerImpl for group-3528105455D3:[da6cf7a5-fd86-493b-8551-65e1ed8dd98c:192.168.34.10:36254, f7fc252f-131b-479f-9e1d-bf8bc8cd8a61:192.168.34.10:34883, 0fe1d74e-166c-4d98-8cc5-3a12f218ca10:192.168.34.10:34757] with ContainerStateMachine:uninitialized
2019-08-21 01:02:46,411 [pool-439-thread-1] INFO  server.RaftServerConfigKeys (ConfUtils.java:logGet(43)) - raft.server.rpc.timeout.max = 5200ms (custom)
2019-08-21 01:02:46,412 [pool-450-thread-1] INFO  server.RaftServerConfigKeys (ConfUtils.java:logGet(43)) - raft.server.rpc.timeout.min = 5s (custom)
2019-08-21 01:02:46,412 [pool-450-thread-1] INFO  server.RaftServerConfigKeys (ConfUtils.java:logGet(43)) - raft.server.rpc.timeout.max = 5200ms (custom)
2019-08-21 01:02:46,412 [pool-461-thread-1] INFO  impl.RaftServerImpl (ServerState.java:<init>(105)) - da6cf7a5-fd86-493b-8551-65e1ed8dd98c:group-3528105455D3 ConfigurationManager, init=-1: [da6cf7a5-fd86-493b-8551-65e1ed8dd98c:192.168.34.10:36254, f7fc252f-131b-479f-9e1d-bf8bc8cd8a61:192.168.34.10:34883, 0fe1d74e-166c-4d98-8cc5-3a12f218ca10:192.168.34.10:34757], old=null, confs=<EMPTY_MAP>
2019-08-21 01:02:46,412 [pool-450-thread-1] INFO  server.RaftServerConfigKeys (ConfUtils.java:logGet(43)) - raft.server.rpcslowness.timeout = 120s (custom)
2019-08-21 01:02:46,412 [pool-439-thread-1] INFO  server.RaftServerConfigKeys (ConfUtils.java:logGet(43)) - raft.server.rpcslowness.timeout = 120s (custom)
2019-08-21 01:02:46,412 [pool-450-thread-1] INFO  server.RaftServerConfigKeys (ConfUtils.java:logGet(43)) - raft.server.sleep.deviation.threshold = 300 (default)
2019-08-21 01:02:46,413 [pool-450-thread-1] INFO  server.RaftServerConfigKeys (ConfUtils.java:logGet(43)) - raft.server.log.appender.install.snapshot.enabled = false (custom)
2019-08-21 01:02:46,412 [pool-461-thread-1] INFO  server.RaftServerConfigKeys (ConfUtils.java:logGet(43)) - raft.server.storage.dir = [/workdir/hadoop-ozone/integration-test/target/test-dir/MiniOzoneClusterImpl-b121f0fa-5b36-4e30-bdae-6f5cf730914f/datanode-2/data/ratis] (custom)
2019-08-21 01:02:46,413 [pool-450-thread-1] INFO  impl.RaftServerImpl (ServerState.java:<init>(105)) - 0fe1d74e-166c-4d98-8cc5-3a12f218ca10:group-3528105455D3 ConfigurationManager, init=-1: [da6cf7a5-fd86-493b-8551-65e1ed8dd98c:192.168.34.10:36254, f7fc252f-131b-479f-9e1d-bf8bc8cd8a61:192.168.34.10:34883, 0fe1d74e-166c-4d98-8cc5-3a12f218ca10:192.168.34.10:34757], old=null, confs=<EMPTY_MAP>
2019-08-21 01:02:46,413 [pool-439-thread-1] INFO  server.RaftServerConfigKeys (ConfUtils.java:logGet(43)) - raft.server.sleep.deviation.threshold = 300 (default)
2019-08-21 01:02:46,413 [pool-461-thread-1] INFO  storage.RaftStorageDirectory (RaftStorageDirectory.java:analyzeStorage(246)) - The storage directory /workdir/hadoop-ozone/integration-test/target/test-dir/MiniOzoneClusterImpl-b121f0fa-5b36-4e30-bdae-6f5cf730914f/datanode-2/data/ratis/8a3425bf-2bba-4f72-9a42-3528105455d3 does not exist. Creating ...
2019-08-21 01:02:46,413 [pool-450-thread-1] INFO  server.RaftServerConfigKeys (ConfUtils.java:logGet(43)) - raft.server.storage.dir = [/workdir/hadoop-ozone/integration-test/target/test-dir/MiniOzoneClusterImpl-b121f0fa-5b36-4e30-bdae-6f5cf730914f/datanode-1/data/ratis] (custom)
2019-08-21 01:02:46,413 [pool-439-thread-1] INFO  server.RaftServerConfigKeys (ConfUtils.java:logGet(43)) - raft.server.log.appender.install.snapshot.enabled = false (custom)
2019-08-21 01:02:46,414 [pool-439-thread-1] INFO  impl.RaftServerImpl (ServerState.java:<init>(105)) - f7fc252f-131b-479f-9e1d-bf8bc8cd8a61:group-3528105455D3 ConfigurationManager, init=-1: [da6cf7a5-fd86-493b-8551-65e1ed8dd98c:192.168.34.10:36254, f7fc252f-131b-479f-9e1d-bf8bc8cd8a61:192.168.34.10:34883, 0fe1d74e-166c-4d98-8cc5-3a12f218ca10:192.168.34.10:34757], old=null, confs=<EMPTY_MAP>
2019-08-21 01:02:46,414 [pool-450-thread-1] INFO  storage.RaftStorageDirectory (RaftStorageDirectory.java:analyzeStorage(246)) - The storage directory /workdir/hadoop-ozone/integration-test/target/test-dir/MiniOzoneClusterImpl-b121f0fa-5b36-4e30-bdae-6f5cf730914f/datanode-1/data/ratis/8a3425bf-2bba-4f72-9a42-3528105455d3 does not exist. Creating ...
2019-08-21 01:02:46,414 [pool-439-thread-1] INFO  server.RaftServerConfigKeys (ConfUtils.java:logGet(43)) - raft.server.storage.dir = [/workdir/hadoop-ozone/integration-test/target/test-dir/MiniOzoneClusterImpl-b121f0fa-5b36-4e30-bdae-6f5cf730914f/datanode-0/data/ratis] (custom)
2019-08-21 01:02:46,414 [pool-439-thread-1] INFO  storage.RaftStorageDirectory (RaftStorageDirectory.java:analyzeStorage(246)) - The storage directory /workdir/hadoop-ozone/integration-test/target/test-dir/MiniOzoneClusterImpl-b121f0fa-5b36-4e30-bdae-6f5cf730914f/datanode-0/data/ratis/8a3425bf-2bba-4f72-9a42-3528105455d3 does not exist. Creating ...
2019-08-21 01:02:46,439 [pool-439-thread-1] INFO  storage.RaftStorageDirectory (RaftStorageDirectory.java:tryLock(328)) - Lock on /workdir/hadoop-ozone/integration-test/target/test-dir/MiniOzoneClusterImpl-b121f0fa-5b36-4e30-bdae-6f5cf730914f/datanode-0/data/ratis/8a3425bf-2bba-4f72-9a42-3528105455d3/in_use.lock acquired by nodename 11957@pr-hdds-1927-qfsst-2448355857
2019-08-21 01:02:46,439 [pool-450-thread-1] INFO  storage.RaftStorageDirectory (RaftStorageDirectory.java:tryLock(328)) - Lock on /workdir/hadoop-ozone/integration-test/target/test-dir/MiniOzoneClusterImpl-b121f0fa-5b36-4e30-bdae-6f5cf730914f/datanode-1/data/ratis/8a3425bf-2bba-4f72-9a42-3528105455d3/in_use.lock acquired by nodename 11957@pr-hdds-1927-qfsst-2448355857
2019-08-21 01:02:46,439 [pool-461-thread-1] INFO  storage.RaftStorageDirectory (RaftStorageDirectory.java:tryLock(328)) - Lock on /workdir/hadoop-ozone/integration-test/target/test-dir/MiniOzoneClusterImpl-b121f0fa-5b36-4e30-bdae-6f5cf730914f/datanode-2/data/ratis/8a3425bf-2bba-4f72-9a42-3528105455d3/in_use.lock acquired by nodename 11957@pr-hdds-1927-qfsst-2448355857
2019-08-21 01:02:46,464 [pool-450-thread-1] INFO  storage.RaftStorage (RaftStorage.java:format(72)) - Storage directory /workdir/hadoop-ozone/integration-test/target/test-dir/MiniOzoneClusterImpl-b121f0fa-5b36-4e30-bdae-6f5cf730914f/datanode-1/data/ratis/8a3425bf-2bba-4f72-9a42-3528105455d3 has been successfully formatted.
2019-08-21 01:02:46,464 [pool-461-thread-1] INFO  storage.RaftStorage (RaftStorage.java:format(72)) - Storage directory /workdir/hadoop-ozone/integration-test/target/test-dir/MiniOzoneClusterImpl-b121f0fa-5b36-4e30-bdae-6f5cf730914f/datanode-2/data/ratis/8a3425bf-2bba-4f72-9a42-3528105455d3 has been successfully formatted.
2019-08-21 01:02:46,464 [pool-439-thread-1] INFO  storage.RaftStorage (RaftStorage.java:format(72)) - Storage directory /workdir/hadoop-ozone/integration-test/target/test-dir/MiniOzoneClusterImpl-b121f0fa-5b36-4e30-bdae-6f5cf730914f/datanode-0/data/ratis/8a3425bf-2bba-4f72-9a42-3528105455d3 has been successfully formatted.
2019-08-21 01:02:46,464 [pool-461-thread-1] INFO  ratis.ContainerStateMachine (ContainerStateMachine.java:loadSnapshot(226)) - group-3528105455D3: The snapshot info is null. Setting the last applied indexto:(t:0, i:~)
2019-08-21 01:02:46,464 [pool-439-thread-1] INFO  ratis.ContainerStateMachine (ContainerStateMachine.java:loadSnapshot(226)) - group-3528105455D3: The snapshot info is null. Setting the last applied indexto:(t:0, i:~)
2019-08-21 01:02:46,465 [pool-461-thread-1] INFO  server.RaftServerConfigKeys (ConfUtils.java:logGet(43)) - raft.server.leader.election.timeout = 120s (custom)
2019-08-21 01:02:46,465 [pool-450-thread-1] INFO  ratis.ContainerStateMachine (ContainerStateMachine.java:loadSnapshot(226)) - group-3528105455D3: The snapshot info is null. Setting the last applied indexto:(t:0, i:~)
2019-08-21 01:02:46,465 [pool-439-thread-1] INFO  server.RaftServerConfigKeys (ConfUtils.java:logGet(43)) - raft.server.leader.election.timeout = 120s (custom)
2019-08-21 01:02:46,465 [pool-450-thread-1] INFO  server.RaftServerConfigKeys (ConfUtils.java:logGet(43)) - raft.server.leader.election.timeout = 120s (custom)
2019-08-21 01:02:46,465 [pool-461-thread-1] INFO  server.RaftServerConfigKeys (ConfUtils.java:logGet(43)) - raft.server.log.use.memory = false (default)
2019-08-21 01:02:46,465 [pool-450-thread-1] INFO  server.RaftServerConfigKeys (ConfUtils.java:logGet(43)) - raft.server.log.use.memory = false (default)
2019-08-21 01:02:46,465 [pool-439-thread-1] INFO  server.RaftServerConfigKeys (ConfUtils.java:logGet(43)) - raft.server.log.use.memory = false (default)
2019-08-21 01:02:46,466 [pool-450-thread-1] INFO  server.RaftServerConfigKeys (ConfUtils.java:logGet(43)) - raft.server.log.purge.gap = 1000000 (custom)
2019-08-21 01:02:46,465 [pool-461-thread-1] INFO  server.RaftServerConfigKeys (ConfUtils.java:logGet(43)) - raft.server.log.purge.gap = 1000000 (custom)
2019-08-21 01:02:46,466 [pool-450-thread-1] INFO  server.RaftServerConfigKeys (ConfUtils.java:logGet(43)) - raft.server.log.appender.buffer.byte-limit = 33554432 (custom)
2019-08-21 01:02:46,466 [pool-439-thread-1] INFO  server.RaftServerConfigKeys (ConfUtils.java:logGet(43)) - raft.server.log.purge.gap = 1000000 (custom)
2019-08-21 01:02:46,466 [pool-450-thread-1] INFO  server.RaftServerConfigKeys (ConfUtils.java:logGet(43)) - raft.server.log.segment.size.max = 1048576 (custom)
2019-08-21 01:02:46,466 [pool-450-thread-1] INFO  server.RaftServerConfigKeys (ConfUtils.java:logGet(43)) - raft.server.log.segment.cache.num.max = 2 (custom)
2019-08-21 01:02:46,466 [pool-461-thread-1] INFO  server.RaftServerConfigKeys (ConfUtils.java:logGet(43)) - raft.server.log.appender.buffer.byte-limit = 33554432 (custom)
2019-08-21 01:02:46,467 [pool-450-thread-1] INFO  segmented.SegmentedRaftLogWorker (SegmentedRaftLogWorker.java:<init>(172)) - new 0fe1d74e-166c-4d98-8cc5-3a12f218ca10-SegmentedRaftLogWorker:Storage Directory /workdir/hadoop-ozone/integration-test/target/test-dir/MiniOzoneClusterImpl-b121f0fa-5b36-4e30-bdae-6f5cf730914f/datanode-1/data/ratis/8a3425bf-2bba-4f72-9a42-3528105455d3 for RaftStorage:Storage Directory /workdir/hadoop-ozone/integration-test/target/test-dir/MiniOzoneClusterImpl-b121f0fa-5b36-4e30-bdae-6f5cf730914f/datanode-1/data/ratis/8a3425bf-2bba-4f72-9a42-3528105455d3
2019-08-21 01:02:46,466 [pool-439-thread-1] INFO  server.RaftServerConfigKeys (ConfUtils.java:logGet(43)) - raft.server.log.appender.buffer.byte-limit = 33554432 (custom)
2019-08-21 01:02:46,467 [pool-450-thread-1] INFO  server.RaftServerConfigKeys (ConfUtils.java:logGet(43)) - raft.server.log.queue.byte-limit = 2147483647 (custom)
2019-08-21 01:02:46,467 [pool-461-thread-1] INFO  server.RaftServerConfigKeys (ConfUtils.java:logGet(43)) - raft.server.log.segment.size.max = 1048576 (custom)
2019-08-21 01:02:46,467 [pool-450-thread-1] INFO  server.RaftServerConfigKeys (ConfUtils.java:logGet(43)) - raft.server.log.queue.element-limit = 1024 (custom)
2019-08-21 01:02:46,467 [pool-439-thread-1] INFO  server.RaftServerConfigKeys (ConfUtils.java:logGet(43)) - raft.server.log.segment.size.max = 1048576 (custom)
2019-08-21 01:02:46,468 [pool-450-thread-1] INFO  server.RaftServerConfigKeys (ConfUtils.java:logGet(43)) - raft.server.log.segment.size.max = 1048576 (custom)
2019-08-21 01:02:46,468 [pool-450-thread-1] INFO  server.RaftServerConfigKeys (ConfUtils.java:logGet(43)) - raft.server.log.preallocated.size = 16384 (custom)
2019-08-21 01:02:46,467 [pool-461-thread-1] INFO  server.RaftServerConfigKeys (ConfUtils.java:logGet(43)) - raft.server.log.segment.cache.num.max = 2 (custom)
2019-08-21 01:02:46,468 [pool-450-thread-1] INFO  server.RaftServerConfigKeys (ConfUtils.java:logGet(43)) - raft.server.log.write.buffer.size = 33554432 (custom)
2019-08-21 01:02:46,468 [pool-450-thread-1] INFO  server.RaftServerConfigKeys (ConfUtils.java:logGet(43)) - raft.server.log.force.sync.num = 128 (default)
2019-08-21 01:02:46,468 [pool-439-thread-1] INFO  server.RaftServerConfigKeys (ConfUtils.java:logGet(43)) - raft.server.log.segment.cache.num.max = 2 (custom)
2019-08-21 01:02:46,469 [pool-450-thread-1] INFO  server.RaftServerConfigKeys (ConfUtils.java:logGet(43)) - raft.server.log.statemachine.data.sync = true (default)
2019-08-21 01:02:46,468 [pool-461-thread-1] INFO  segmented.SegmentedRaftLogWorker (SegmentedRaftLogWorker.java:<init>(172)) - new da6cf7a5-fd86-493b-8551-65e1ed8dd98c-SegmentedRaftLogWorker:Storage Directory /workdir/hadoop-ozone/integration-test/target/test-dir/MiniOzoneClusterImpl-b121f0fa-5b36-4e30-bdae-6f5cf730914f/datanode-2/data/ratis/8a3425bf-2bba-4f72-9a42-3528105455d3 for RaftStorage:Storage Directory /workdir/hadoop-ozone/integration-test/target/test-dir/MiniOzoneClusterImpl-b121f0fa-5b36-4e30-bdae-6f5cf730914f/datanode-2/data/ratis/8a3425bf-2bba-4f72-9a42-3528105455d3
2019-08-21 01:02:46,469 [pool-450-thread-1] INFO  server.RaftServerConfigKeys (ConfUtils.java:logGet(43)) - raft.server.log.statemachine.data.sync.timeout = 10s (default)
2019-08-21 01:02:46,469 [pool-439-thread-1] INFO  segmented.SegmentedRaftLogWorker (SegmentedRaftLogWorker.java:<init>(172)) - new f7fc252f-131b-479f-9e1d-bf8bc8cd8a61-SegmentedRaftLogWorker:Storage Directory /workdir/hadoop-ozone/integration-test/target/test-dir/MiniOzoneClusterImpl-b121f0fa-5b36-4e30-bdae-6f5cf730914f/datanode-0/data/ratis/8a3425bf-2bba-4f72-9a42-3528105455d3 for RaftStorage:Storage Directory /workdir/hadoop-ozone/integration-test/target/test-dir/MiniOzoneClusterImpl-b121f0fa-5b36-4e30-bdae-6f5cf730914f/datanode-0/data/ratis/8a3425bf-2bba-4f72-9a42-3528105455d3
2019-08-21 01:02:46,469 [pool-450-thread-1] INFO  server.RaftServerConfigKeys (ConfUtils.java:logGet(43)) - raft.server.log.statemachine.data.sync.timeout.retry = -1 (default)
2019-08-21 01:02:46,469 [pool-461-thread-1] INFO  server.RaftServerConfigKeys (ConfUtils.java:logGet(43)) - raft.server.log.queue.byte-limit = 2147483647 (custom)
2019-08-21 01:02:46,470 [pool-450-thread-1] INFO  server.RaftServerConfigKeys (ConfUtils.java:logGet(43)) - raft.server.log.statemachine.data.caching.enabled = true (custom)
2019-08-21 01:02:46,469 [pool-439-thread-1] INFO  server.RaftServerConfigKeys (ConfUtils.java:logGet(43)) - raft.server.log.queue.byte-limit = 2147483647 (custom)
2019-08-21 01:02:46,470 [pool-450-thread-1] INFO  segmented.SegmentedRaftLogWorker (SegmentedRaftLogWorker.java:lambda$new$0(132)) - 0fe1d74e-166c-4d98-8cc5-3a12f218ca10-SegmentedRaftLogWorker:Storage Directory /workdir/hadoop-ozone/integration-test/target/test-dir/MiniOzoneClusterImpl-b121f0fa-5b36-4e30-bdae-6f5cf730914f/datanode-1/data/ratis/8a3425bf-2bba-4f72-9a42-3528105455d3: flushIndex: setUnconditionally 0 -> -1
2019-08-21 01:02:46,470 [pool-461-thread-1] INFO  server.RaftServerConfigKeys (ConfUtils.java:logGet(43)) - raft.server.log.queue.element-limit = 1024 (custom)
2019-08-21 01:02:46,470 [pool-439-thread-1] INFO  server.RaftServerConfigKeys (ConfUtils.java:logGet(43)) - raft.server.log.queue.element-limit = 1024 (custom)
2019-08-21 01:02:46,470 [pool-450-thread-1] INFO  server.RaftServerConfigKeys (ConfUtils.java:logGet(43)) - raft.server.snapshot.auto.trigger.enabled = true (custom)
2019-08-21 01:02:46,470 [pool-461-thread-1] INFO  server.RaftServerConfigKeys (ConfUtils.java:logGet(43)) - raft.server.log.segment.size.max = 1048576 (custom)
2019-08-21 01:02:46,471 [pool-450-thread-1] INFO  server.RaftServerConfigKeys (ConfUtils.java:logGet(43)) - raft.server.snapshot.auto.trigger.threshold = 10000 (custom)
2019-08-21 01:02:46,471 [pool-439-thread-1] INFO  server.RaftServerConfigKeys (ConfUtils.java:logGet(43)) - raft.server.log.segment.size.max = 1048576 (custom)
2019-08-21 01:02:46,471 [pool-450-thread-1] INFO  server.RaftServerConfigKeys (ConfUtils.java:logGet(43)) - raft.server.retrycache.expirytime = 600000ms (custom)
2019-08-21 01:02:46,471 [pool-461-thread-1] INFO  server.RaftServerConfigKeys (ConfUtils.java:logGet(43)) - raft.server.log.preallocated.size = 16384 (custom)
2019-08-21 01:02:46,471 [pool-450-thread-1] INFO  impl.RaftServerImpl (RaftServerImpl.java:start(180)) - 0fe1d74e-166c-4d98-8cc5-3a12f218ca10: start group-3528105455D3
2019-08-21 01:02:46,472 [pool-450-thread-1] INFO  impl.RaftServerImpl (RaftServerImpl.java:setRole(171)) - 0fe1d74e-166c-4d98-8cc5-3a12f218ca10:group-3528105455D3 changes role from null to FOLLOWER at term 0 for startAsFollower
2019-08-21 01:02:46,471 [pool-439-thread-1] INFO  server.RaftServerConfigKeys (ConfUtils.java:logGet(43)) - raft.server.log.preallocated.size = 16384 (custom)
2019-08-21 01:02:46,472 [pool-450-thread-1] INFO  impl.RoleInfo (RoleInfo.java:updateAndGet(143)) - 0fe1d74e-166c-4d98-8cc5-3a12f218ca10: start FollowerState
2019-08-21 01:02:46,471 [pool-461-thread-1] INFO  server.RaftServerConfigKeys (ConfUtils.java:logGet(43)) - raft.server.log.write.buffer.size = 33554432 (custom)
2019-08-21 01:02:46,472 [pool-461-thread-1] INFO  server.RaftServerConfigKeys (ConfUtils.java:logGet(43)) - raft.server.log.force.sync.num = 128 (default)
2019-08-21 01:02:46,487 [pool-450-thread-1] INFO  util.JmxRegister (JmxRegister.java:tryRegister(44)) - Successfully registered JMX Bean with object name Ratis:service=RaftServer,group=group-3528105455D3,id=0fe1d74e-166c-4d98-8cc5-3a12f218ca10
2019-08-21 01:02:46,472 [pool-439-thread-1] INFO  server.RaftServerConfigKeys (ConfUtils.java:logGet(43)) - raft.server.log.write.buffer.size = 33554432 (custom)
2019-08-21 01:02:46,487 [pool-461-thread-1] INFO  server.RaftServerConfigKeys (ConfUtils.java:logGet(43)) - raft.server.log.statemachine.data.sync = true (default)
2019-08-21 01:02:46,496 [pool-461-thread-1] INFO  server.RaftServerConfigKeys (ConfUtils.java:logGet(43)) - raft.server.log.statemachine.data.sync.timeout = 10s (default)
2019-08-21 01:02:46,488 [pool-439-thread-1] INFO  server.RaftServerConfigKeys (ConfUtils.java:logGet(43)) - raft.server.log.force.sync.num = 128 (default)
2019-08-21 01:02:46,496 [pool-461-thread-1] INFO  server.RaftServerConfigKeys (ConfUtils.java:logGet(43)) - raft.server.log.statemachine.data.sync.timeout.retry = -1 (default)
2019-08-21 01:02:46,496 [pool-439-thread-1] INFO  server.RaftServerConfigKeys (ConfUtils.java:logGet(43)) - raft.server.log.statemachine.data.sync = true (default)
2019-08-21 01:02:46,497 [pool-461-thread-1] INFO  server.RaftServerConfigKeys (ConfUtils.java:logGet(43)) - raft.server.log.statemachine.data.caching.enabled = true (custom)
2019-08-21 01:02:46,497 [pool-439-thread-1] INFO  server.RaftServerConfigKeys (ConfUtils.java:logGet(43)) - raft.server.log.statemachine.data.sync.timeout = 10s (default)
2019-08-21 01:02:46,497 [pool-439-thread-1] INFO  server.RaftServerConfigKeys (ConfUtils.java:logGet(43)) - raft.server.log.statemachine.data.sync.timeout.retry = -1 (default)
2019-08-21 01:02:46,497 [pool-461-thread-1] INFO  segmented.SegmentedRaftLogWorker (SegmentedRaftLogWorker.java:lambda$new$0(132)) - da6cf7a5-fd86-493b-8551-65e1ed8dd98c-SegmentedRaftLogWorker:Storage Directory /workdir/hadoop-ozone/integration-test/target/test-dir/MiniOzoneClusterImpl-b121f0fa-5b36-4e30-bdae-6f5cf730914f/datanode-2/data/ratis/8a3425bf-2bba-4f72-9a42-3528105455d3: flushIndex: setUnconditionally 0 -> -1
2019-08-21 01:02:46,497 [pool-439-thread-1] INFO  server.RaftServerConfigKeys (ConfUtils.java:logGet(43)) - raft.server.log.statemachine.data.caching.enabled = true (custom)
2019-08-21 01:02:46,498 [pool-461-thread-1] INFO  server.RaftServerConfigKeys (ConfUtils.java:logGet(43)) - raft.server.snapshot.auto.trigger.enabled = true (custom)
2019-08-21 01:02:46,498 [pool-439-thread-1] INFO  segmented.SegmentedRaftLogWorker (SegmentedRaftLogWorker.java:lambda$new$0(132)) - f7fc252f-131b-479f-9e1d-bf8bc8cd8a61-SegmentedRaftLogWorker:Storage Directory /workdir/hadoop-ozone/integration-test/target/test-dir/MiniOzoneClusterImpl-b121f0fa-5b36-4e30-bdae-6f5cf730914f/datanode-0/data/ratis/8a3425bf-2bba-4f72-9a42-3528105455d3: flushIndex: setUnconditionally 0 -> -1
2019-08-21 01:02:46,498 [pool-461-thread-1] INFO  server.RaftServerConfigKeys (ConfUtils.java:logGet(43)) - raft.server.snapshot.auto.trigger.threshold = 10000 (custom)
2019-08-21 01:02:46,498 [pool-461-thread-1] INFO  server.RaftServerConfigKeys (ConfUtils.java:logGet(43)) - raft.server.retrycache.expirytime = 600000ms (custom)
2019-08-21 01:02:46,498 [pool-439-thread-1] INFO  server.RaftServerConfigKeys (ConfUtils.java:logGet(43)) - raft.server.snapshot.auto.trigger.enabled = true (custom)
2019-08-21 01:02:46,498 [pool-461-thread-1] INFO  impl.RaftServerImpl (RaftServerImpl.java:start(180)) - da6cf7a5-fd86-493b-8551-65e1ed8dd98c: start group-3528105455D3
2019-08-21 01:02:46,499 [pool-439-thread-1] INFO  server.RaftServerConfigKeys (ConfUtils.java:logGet(43)) - raft.server.snapshot.auto.trigger.threshold = 10000 (custom)
2019-08-21 01:02:46,499 [pool-461-thread-1] INFO  impl.RaftServerImpl (RaftServerImpl.java:setRole(171)) - da6cf7a5-fd86-493b-8551-65e1ed8dd98c:group-3528105455D3 changes role from null to FOLLOWER at term 0 for startAsFollower
2019-08-21 01:02:46,499 [pool-439-thread-1] INFO  server.RaftServerConfigKeys (ConfUtils.java:logGet(43)) - raft.server.retrycache.expirytime = 600000ms (custom)
2019-08-21 01:02:46,499 [pool-461-thread-1] INFO  impl.RoleInfo (RoleInfo.java:updateAndGet(143)) - da6cf7a5-fd86-493b-8551-65e1ed8dd98c: start FollowerState
2019-08-21 01:02:46,499 [pool-439-thread-1] INFO  impl.RaftServerImpl (RaftServerImpl.java:start(180)) - f7fc252f-131b-479f-9e1d-bf8bc8cd8a61: start group-3528105455D3
2019-08-21 01:02:46,499 [pool-439-thread-1] INFO  impl.RaftServerImpl (RaftServerImpl.java:setRole(171)) - f7fc252f-131b-479f-9e1d-bf8bc8cd8a61:group-3528105455D3 changes role from null to FOLLOWER at term 0 for startAsFollower
2019-08-21 01:02:46,499 [pool-439-thread-1] INFO  impl.RoleInfo (RoleInfo.java:updateAndGet(143)) - f7fc252f-131b-479f-9e1d-bf8bc8cd8a61: start FollowerState
2019-08-21 01:02:46,499 [pool-461-thread-1] INFO  util.JmxRegister (JmxRegister.java:tryRegister(44)) - Successfully registered JMX Bean with object name Ratis:service=RaftServer,group=group-3528105455D3,id=da6cf7a5-fd86-493b-8551-65e1ed8dd98c
2019-08-21 01:02:46,500 [pool-439-thread-1] INFO  util.JmxRegister (JmxRegister.java:tryRegister(44)) - Successfully registered JMX Bean with object name Ratis:service=RaftServer,group=group-3528105455D3,id=f7fc252f-131b-479f-9e1d-bf8bc8cd8a61
2019-08-21 01:02:46,502 [RatisPipelineUtilsThread] INFO  pipeline.PipelineStateManager (PipelineStateManager.java:addPipeline(56)) - Created pipeline Pipeline[ Id: 8a3425bf-2bba-4f72-9a42-3528105455d3, Nodes: 0fe1d74e-166c-4d98-8cc5-3a12f218ca10{ip: 192.168.34.10, host: pr-hdds-1927-qfsst-2448355857, networkLocation: /default-rack, certSerialId: null}da6cf7a5-fd86-493b-8551-65e1ed8dd98c{ip: 192.168.34.10, host: pr-hdds-1927-qfsst-2448355857, networkLocation: /default-rack, certSerialId: null}f7fc252f-131b-479f-9e1d-bf8bc8cd8a61{ip: 192.168.34.10, host: pr-hdds-1927-qfsst-2448355857, networkLocation: /default-rack, certSerialId: null}, Type:RATIS, Factor:THREE, State:OPEN]
2019-08-21 01:02:46,511 [IPC Server handler 2 on 38035] INFO  net.NetworkTopology (NetworkTopologyImpl.java:add(110)) - Added a new node: /default-rack/a8f43d7f-8ab9-4263-bc60-233f29780d16
2019-08-21 01:02:46,512 [IPC Server handler 2 on 38035] INFO  node.SCMNodeManager (SCMNodeManager.java:register(273)) - Registered Data node : a8f43d7f-8ab9-4263-bc60-233f29780d16{ip: 192.168.34.10, host: pr-hdds-1927-qfsst-2448355857, networkLocation: /default-rack, certSerialId: null}
2019-08-21 01:02:46,512 | INFO  | SCMAudit | user=jenkins1000 | ip=192.168.34.10 | op=REGISTER {datanodeDetails=a8f43d7f-8ab9-4263-bc60-233f29780d16{ip: 192.168.34.10, host: pr-hdds-1927-qfsst-2448355857, networkLocation: /default-rack, certSerialId: null}} | ret=SUCCESS |  
2019-08-21 01:02:46,519 [grpc-default-executor-5] INFO  impl.RaftServerProxy (RaftServerProxy.java:addNew(89)) - a8f43d7f-8ab9-4263-bc60-233f29780d16: addNew group-F83951DF55EB:[a8f43d7f-8ab9-4263-bc60-233f29780d16:192.168.34.10:36401] returns group-F83951DF55EB:java.util.concurrent.CompletableFuture@500b8826[Not completed]
2019-08-21 01:02:46,520 [pool-472-thread-1] INFO  impl.RaftServerImpl (RaftServerImpl.java:<init>(93)) - a8f43d7f-8ab9-4263-bc60-233f29780d16: new RaftServerImpl for group-F83951DF55EB:[a8f43d7f-8ab9-4263-bc60-233f29780d16:192.168.34.10:36401] with ContainerStateMachine:uninitialized
2019-08-21 01:02:46,520 [pool-472-thread-1] INFO  server.RaftServerConfigKeys (ConfUtils.java:logGet(43)) - raft.server.rpc.timeout.min = 5s (custom)
2019-08-21 01:02:46,520 [pool-472-thread-1] INFO  server.RaftServerConfigKeys (ConfUtils.java:logGet(43)) - raft.server.rpc.timeout.max = 5200ms (custom)
2019-08-21 01:02:46,520 [pool-472-thread-1] INFO  server.RaftServerConfigKeys (ConfUtils.java:logGet(43)) - raft.server.rpcslowness.timeout = 120s (custom)
2019-08-21 01:02:46,521 [pool-472-thread-1] INFO  server.RaftServerConfigKeys (ConfUtils.java:logGet(43)) - raft.server.sleep.deviation.threshold = 300 (default)
2019-08-21 01:02:46,521 [pool-472-thread-1] INFO  server.RaftServerConfigKeys (ConfUtils.java:logGet(43)) - raft.server.log.appender.install.snapshot.enabled = false (custom)
2019-08-21 01:02:46,521 [pool-472-thread-1] INFO  impl.RaftServerImpl (ServerState.java:<init>(105)) - a8f43d7f-8ab9-4263-bc60-233f29780d16:group-F83951DF55EB ConfigurationManager, init=-1: [a8f43d7f-8ab9-4263-bc60-233f29780d16:192.168.34.10:36401], old=null, confs=<EMPTY_MAP>
2019-08-21 01:02:46,521 [pool-472-thread-1] INFO  server.RaftServerConfigKeys (ConfUtils.java:logGet(43)) - raft.server.storage.dir = [/workdir/hadoop-ozone/integration-test/target/test-dir/MiniOzoneClusterImpl-b121f0fa-5b36-4e30-bdae-6f5cf730914f/datanode-3/data/ratis] (custom)
2019-08-21 01:02:46,523 [pool-472-thread-1] INFO  storage.RaftStorageDirectory (RaftStorageDirectory.java:analyzeStorage(246)) - The storage directory /workdir/hadoop-ozone/integration-test/target/test-dir/MiniOzoneClusterImpl-b121f0fa-5b36-4e30-bdae-6f5cf730914f/datanode-3/data/ratis/16b984d5-0abb-4268-988f-f83951df55eb does not exist. Creating ...
2019-08-21 01:02:46,536 [pool-472-thread-1] INFO  storage.RaftStorageDirectory (RaftStorageDirectory.java:tryLock(328)) - Lock on /workdir/hadoop-ozone/integration-test/target/test-dir/MiniOzoneClusterImpl-b121f0fa-5b36-4e30-bdae-6f5cf730914f/datanode-3/data/ratis/16b984d5-0abb-4268-988f-f83951df55eb/in_use.lock acquired by nodename 11957@pr-hdds-1927-qfsst-2448355857
2019-08-21 01:02:46,548 [pool-472-thread-1] INFO  storage.RaftStorage (RaftStorage.java:format(72)) - Storage directory /workdir/hadoop-ozone/integration-test/target/test-dir/MiniOzoneClusterImpl-b121f0fa-5b36-4e30-bdae-6f5cf730914f/datanode-3/data/ratis/16b984d5-0abb-4268-988f-f83951df55eb has been successfully formatted.
2019-08-21 01:02:46,548 [pool-472-thread-1] INFO  ratis.ContainerStateMachine (ContainerStateMachine.java:loadSnapshot(226)) - group-F83951DF55EB: The snapshot info is null. Setting the last applied indexto:(t:0, i:~)
2019-08-21 01:02:46,549 [pool-472-thread-1] INFO  server.RaftServerConfigKeys (ConfUtils.java:logGet(43)) - raft.server.leader.election.timeout = 120s (custom)
2019-08-21 01:02:46,549 [pool-472-thread-1] INFO  server.RaftServerConfigKeys (ConfUtils.java:logGet(43)) - raft.server.log.use.memory = false (default)
2019-08-21 01:02:46,549 [pool-472-thread-1] INFO  server.RaftServerConfigKeys (ConfUtils.java:logGet(43)) - raft.server.log.purge.gap = 1000000 (custom)
2019-08-21 01:02:46,549 [pool-472-thread-1] INFO  server.RaftServerConfigKeys (ConfUtils.java:logGet(43)) - raft.server.log.appender.buffer.byte-limit = 33554432 (custom)
2019-08-21 01:02:46,549 [pool-472-thread-1] INFO  server.RaftServerConfigKeys (ConfUtils.java:logGet(43)) - raft.server.log.segment.size.max = 1048576 (custom)
2019-08-21 01:02:46,549 [pool-472-thread-1] INFO  server.RaftServerConfigKeys (ConfUtils.java:logGet(43)) - raft.server.log.segment.cache.num.max = 2 (custom)
2019-08-21 01:02:46,550 [pool-472-thread-1] INFO  segmented.SegmentedRaftLogWorker (SegmentedRaftLogWorker.java:<init>(172)) - new a8f43d7f-8ab9-4263-bc60-233f29780d16-SegmentedRaftLogWorker:Storage Directory /workdir/hadoop-ozone/integration-test/target/test-dir/MiniOzoneClusterImpl-b121f0fa-5b36-4e30-bdae-6f5cf730914f/datanode-3/data/ratis/16b984d5-0abb-4268-988f-f83951df55eb for RaftStorage:Storage Directory /workdir/hadoop-ozone/integration-test/target/test-dir/MiniOzoneClusterImpl-b121f0fa-5b36-4e30-bdae-6f5cf730914f/datanode-3/data/ratis/16b984d5-0abb-4268-988f-f83951df55eb
2019-08-21 01:02:46,550 [pool-472-thread-1] INFO  server.RaftServerConfigKeys (ConfUtils.java:logGet(43)) - raft.server.log.queue.byte-limit = 2147483647 (custom)
2019-08-21 01:02:46,550 [pool-472-thread-1] INFO  server.RaftServerConfigKeys (ConfUtils.java:logGet(43)) - raft.server.log.queue.element-limit = 1024 (custom)
2019-08-21 01:02:46,550 [pool-472-thread-1] INFO  server.RaftServerConfigKeys (ConfUtils.java:logGet(43)) - raft.server.log.segment.size.max = 1048576 (custom)
2019-08-21 01:02:46,550 [pool-472-thread-1] INFO  server.RaftServerConfigKeys (ConfUtils.java:logGet(43)) - raft.server.log.preallocated.size = 16384 (custom)
2019-08-21 01:02:46,550 [pool-472-thread-1] INFO  server.RaftServerConfigKeys (ConfUtils.java:logGet(43)) - raft.server.log.write.buffer.size = 33554432 (custom)
2019-08-21 01:02:46,551 [pool-472-thread-1] INFO  server.RaftServerConfigKeys (ConfUtils.java:logGet(43)) - raft.server.log.force.sync.num = 128 (default)
2019-08-21 01:02:46,551 [pool-472-thread-1] INFO  server.RaftServerConfigKeys (ConfUtils.java:logGet(43)) - raft.server.log.statemachine.data.sync = true (default)
2019-08-21 01:02:46,551 [pool-472-thread-1] INFO  server.RaftServerConfigKeys (ConfUtils.java:logGet(43)) - raft.server.log.statemachine.data.sync.timeout = 10s (default)
2019-08-21 01:02:46,551 [pool-472-thread-1] INFO  server.RaftServerConfigKeys (ConfUtils.java:logGet(43)) - raft.server.log.statemachine.data.sync.timeout.retry = -1 (default)
2019-08-21 01:02:46,551 [pool-472-thread-1] INFO  server.RaftServerConfigKeys (ConfUtils.java:logGet(43)) - raft.server.log.statemachine.data.caching.enabled = true (custom)
2019-08-21 01:02:46,551 [pool-472-thread-1] INFO  segmented.SegmentedRaftLogWorker (SegmentedRaftLogWorker.java:lambda$new$0(132)) - a8f43d7f-8ab9-4263-bc60-233f29780d16-SegmentedRaftLogWorker:Storage Directory /workdir/hadoop-ozone/integration-test/target/test-dir/MiniOzoneClusterImpl-b121f0fa-5b36-4e30-bdae-6f5cf730914f/datanode-3/data/ratis/16b984d5-0abb-4268-988f-f83951df55eb: flushIndex: setUnconditionally 0 -> -1
2019-08-21 01:02:46,552 [pool-472-thread-1] INFO  server.RaftServerConfigKeys (ConfUtils.java:logGet(43)) - raft.server.snapshot.auto.trigger.enabled = true (custom)
2019-08-21 01:02:46,552 [pool-472-thread-1] INFO  server.RaftServerConfigKeys (ConfUtils.java:logGet(43)) - raft.server.snapshot.auto.trigger.threshold = 10000 (custom)
2019-08-21 01:02:46,552 [pool-472-thread-1] INFO  server.RaftServerConfigKeys (ConfUtils.java:logGet(43)) - raft.server.retrycache.expirytime = 600000ms (custom)
2019-08-21 01:02:46,552 [pool-472-thread-1] INFO  impl.RaftServerImpl (RaftServerImpl.java:start(180)) - a8f43d7f-8ab9-4263-bc60-233f29780d16: start group-F83951DF55EB
2019-08-21 01:02:46,552 [pool-472-thread-1] INFO  impl.RaftServerImpl (RaftServerImpl.java:setRole(171)) - a8f43d7f-8ab9-4263-bc60-233f29780d16:group-F83951DF55EB changes role from null to FOLLOWER at term 0 for startAsFollower
2019-08-21 01:02:46,553 [pool-472-thread-1] INFO  impl.RoleInfo (RoleInfo.java:updateAndGet(143)) - a8f43d7f-8ab9-4263-bc60-233f29780d16: start FollowerState
2019-08-21 01:02:46,553 [pool-472-thread-1] INFO  util.JmxRegister (JmxRegister.java:tryRegister(44)) - Successfully registered JMX Bean with object name Ratis:service=RaftServer,group=group-F83951DF55EB,id=a8f43d7f-8ab9-4263-bc60-233f29780d16
2019-08-21 01:02:46,555 [RatisPipelineUtilsThread] INFO  pipeline.PipelineStateManager (PipelineStateManager.java:addPipeline(56)) - Created pipeline Pipeline[ Id: 16b984d5-0abb-4268-988f-f83951df55eb, Nodes: a8f43d7f-8ab9-4263-bc60-233f29780d16{ip: 192.168.34.10, host: pr-hdds-1927-qfsst-2448355857, networkLocation: /default-rack, certSerialId: null}, Type:RATIS, Factor:ONE, State:OPEN]
2019-08-21 01:02:46,683 [IPC Server handler 3 on 38035] INFO  net.NetworkTopology (NetworkTopologyImpl.java:add(110)) - Added a new node: /default-rack/24a30f30-831a-4833-93ea-707e8199d09b
2019-08-21 01:02:46,683 [IPC Server handler 3 on 38035] INFO  node.SCMNodeManager (SCMNodeManager.java:register(273)) - Registered Data node : 24a30f30-831a-4833-93ea-707e8199d09b{ip: 192.168.34.10, host: pr-hdds-1927-qfsst-2448355857, networkLocation: /default-rack, certSerialId: null}
2019-08-21 01:02:46,684 | INFO  | SCMAudit | user=jenkins1000 | ip=192.168.34.10 | op=REGISTER {datanodeDetails=24a30f30-831a-4833-93ea-707e8199d09b{ip: 192.168.34.10, host: pr-hdds-1927-qfsst-2448355857, networkLocation: /default-rack, certSerialId: null}} | ret=SUCCESS |  
2019-08-21 01:02:46,690 [grpc-default-executor-5] INFO  impl.RaftServerProxy (RaftServerProxy.java:addNew(89)) - 24a30f30-831a-4833-93ea-707e8199d09b: addNew group-B3AE95AF8519:[24a30f30-831a-4833-93ea-707e8199d09b:192.168.34.10:34461] returns group-B3AE95AF8519:java.util.concurrent.CompletableFuture@2f19ee5a[Not completed]
2019-08-21 01:02:46,691 [pool-483-thread-1] INFO  impl.RaftServerImpl (RaftServerImpl.java:<init>(93)) - 24a30f30-831a-4833-93ea-707e8199d09b: new RaftServerImpl for group-B3AE95AF8519:[24a30f30-831a-4833-93ea-707e8199d09b:192.168.34.10:34461] with ContainerStateMachine:uninitialized
2019-08-21 01:02:46,692 [pool-483-thread-1] INFO  server.RaftServerConfigKeys (ConfUtils.java:logGet(43)) - raft.server.rpc.timeout.min = 5s (custom)
2019-08-21 01:02:46,692 [pool-483-thread-1] INFO  server.RaftServerConfigKeys (ConfUtils.java:logGet(43)) - raft.server.rpc.timeout.max = 5200ms (custom)
2019-08-21 01:02:46,692 [pool-483-thread-1] INFO  server.RaftServerConfigKeys (ConfUtils.java:logGet(43)) - raft.server.rpcslowness.timeout = 120s (custom)
2019-08-21 01:02:46,692 [pool-483-thread-1] INFO  server.RaftServerConfigKeys (ConfUtils.java:logGet(43)) - raft.server.sleep.deviation.threshold = 300 (default)
2019-08-21 01:02:46,692 [pool-483-thread-1] INFO  server.RaftServerConfigKeys (ConfUtils.java:logGet(43)) - raft.server.log.appender.install.snapshot.enabled = false (custom)
2019-08-21 01:02:46,692 [pool-483-thread-1] INFO  impl.RaftServerImpl (ServerState.java:<init>(105)) - 24a30f30-831a-4833-93ea-707e8199d09b:group-B3AE95AF8519 ConfigurationManager, init=-1: [24a30f30-831a-4833-93ea-707e8199d09b:192.168.34.10:34461], old=null, confs=<EMPTY_MAP>
2019-08-21 01:02:46,693 [pool-483-thread-1] INFO  server.RaftServerConfigKeys (ConfUtils.java:logGet(43)) - raft.server.storage.dir = [/workdir/hadoop-ozone/integration-test/target/test-dir/MiniOzoneClusterImpl-b121f0fa-5b36-4e30-bdae-6f5cf730914f/datanode-4/data/ratis] (custom)
2019-08-21 01:02:46,693 [pool-483-thread-1] INFO  storage.RaftStorageDirectory (RaftStorageDirectory.java:analyzeStorage(246)) - The storage directory /workdir/hadoop-ozone/integration-test/target/test-dir/MiniOzoneClusterImpl-b121f0fa-5b36-4e30-bdae-6f5cf730914f/datanode-4/data/ratis/ca806749-cc70-4e77-b24a-b3ae95af8519 does not exist. Creating ...
2019-08-21 01:02:46,714 [pool-483-thread-1] INFO  storage.RaftStorageDirectory (RaftStorageDirectory.java:tryLock(328)) - Lock on /workdir/hadoop-ozone/integration-test/target/test-dir/MiniOzoneClusterImpl-b121f0fa-5b36-4e30-bdae-6f5cf730914f/datanode-4/data/ratis/ca806749-cc70-4e77-b24a-b3ae95af8519/in_use.lock acquired by nodename 11957@pr-hdds-1927-qfsst-2448355857
2019-08-21 01:02:46,727 [pool-483-thread-1] INFO  storage.RaftStorage (RaftStorage.java:format(72)) - Storage directory /workdir/hadoop-ozone/integration-test/target/test-dir/MiniOzoneClusterImpl-b121f0fa-5b36-4e30-bdae-6f5cf730914f/datanode-4/data/ratis/ca806749-cc70-4e77-b24a-b3ae95af8519 has been successfully formatted.
2019-08-21 01:02:46,728 [pool-483-thread-1] INFO  ratis.ContainerStateMachine (ContainerStateMachine.java:loadSnapshot(226)) - group-B3AE95AF8519: The snapshot info is null. Setting the last applied indexto:(t:0, i:~)
2019-08-21 01:02:46,728 [pool-483-thread-1] INFO  server.RaftServerConfigKeys (ConfUtils.java:logGet(43)) - raft.server.leader.election.timeout = 120s (custom)
2019-08-21 01:02:46,728 [pool-483-thread-1] INFO  server.RaftServerConfigKeys (ConfUtils.java:logGet(43)) - raft.server.log.use.memory = false (default)
2019-08-21 01:02:46,728 [pool-483-thread-1] INFO  server.RaftServerConfigKeys (ConfUtils.java:logGet(43)) - raft.server.log.purge.gap = 1000000 (custom)
2019-08-21 01:02:46,729 [pool-483-thread-1] INFO  server.RaftServerConfigKeys (ConfUtils.java:logGet(43)) - raft.server.log.appender.buffer.byte-limit = 33554432 (custom)
2019-08-21 01:02:46,729 [pool-483-thread-1] INFO  server.RaftServerConfigKeys (ConfUtils.java:logGet(43)) - raft.server.log.segment.size.max = 1048576 (custom)
2019-08-21 01:02:46,729 [pool-483-thread-1] INFO  server.RaftServerConfigKeys (ConfUtils.java:logGet(43)) - raft.server.log.segment.cache.num.max = 2 (custom)
2019-08-21 01:02:46,729 [pool-483-thread-1] INFO  segmented.SegmentedRaftLogWorker (SegmentedRaftLogWorker.java:<init>(172)) - new 24a30f30-831a-4833-93ea-707e8199d09b-SegmentedRaftLogWorker:Storage Directory /workdir/hadoop-ozone/integration-test/target/test-dir/MiniOzoneClusterImpl-b121f0fa-5b36-4e30-bdae-6f5cf730914f/datanode-4/data/ratis/ca806749-cc70-4e77-b24a-b3ae95af8519 for RaftStorage:Storage Directory /workdir/hadoop-ozone/integration-test/target/test-dir/MiniOzoneClusterImpl-b121f0fa-5b36-4e30-bdae-6f5cf730914f/datanode-4/data/ratis/ca806749-cc70-4e77-b24a-b3ae95af8519
2019-08-21 01:02:46,730 [pool-483-thread-1] INFO  server.RaftServerConfigKeys (ConfUtils.java:logGet(43)) - raft.server.log.queue.byte-limit = 2147483647 (custom)
2019-08-21 01:02:46,730 [pool-483-thread-1] INFO  server.RaftServerConfigKeys (ConfUtils.java:logGet(43)) - raft.server.log.queue.element-limit = 1024 (custom)
2019-08-21 01:02:46,731 [pool-483-thread-1] INFO  server.RaftServerConfigKeys (ConfUtils.java:logGet(43)) - raft.server.log.segment.size.max = 1048576 (custom)
2019-08-21 01:02:46,731 [pool-483-thread-1] INFO  server.RaftServerConfigKeys (ConfUtils.java:logGet(43)) - raft.server.log.preallocated.size = 16384 (custom)
2019-08-21 01:02:46,731 [pool-483-thread-1] INFO  server.RaftServerConfigKeys (ConfUtils.java:logGet(43)) - raft.server.log.write.buffer.size = 33554432 (custom)
2019-08-21 01:02:46,731 [pool-483-thread-1] INFO  server.RaftServerConfigKeys (ConfUtils.java:logGet(43)) - raft.server.log.force.sync.num = 128 (default)
2019-08-21 01:02:46,731 [pool-483-thread-1] INFO  server.RaftServerConfigKeys (ConfUtils.java:logGet(43)) - raft.server.log.statemachine.data.sync = true (default)
2019-08-21 01:02:46,732 [pool-483-thread-1] INFO  server.RaftServerConfigKeys (ConfUtils.java:logGet(43)) - raft.server.log.statemachine.data.sync.timeout = 10s (default)
2019-08-21 01:02:46,732 [pool-483-thread-1] INFO  server.RaftServerConfigKeys (ConfUtils.java:logGet(43)) - raft.server.log.statemachine.data.sync.timeout.retry = -1 (default)
2019-08-21 01:02:46,733 [pool-483-thread-1] INFO  server.RaftServerConfigKeys (ConfUtils.java:logGet(43)) - raft.server.log.statemachine.data.caching.enabled = true (custom)
2019-08-21 01:02:46,733 [pool-483-thread-1] INFO  segmented.SegmentedRaftLogWorker (SegmentedRaftLogWorker.java:lambda$new$0(132)) - 24a30f30-831a-4833-93ea-707e8199d09b-SegmentedRaftLogWorker:Storage Directory /workdir/hadoop-ozone/integration-test/target/test-dir/MiniOzoneClusterImpl-b121f0fa-5b36-4e30-bdae-6f5cf730914f/datanode-4/data/ratis/ca806749-cc70-4e77-b24a-b3ae95af8519: flushIndex: setUnconditionally 0 -> -1
2019-08-21 01:02:46,733 [pool-483-thread-1] INFO  server.RaftServerConfigKeys (ConfUtils.java:logGet(43)) - raft.server.snapshot.auto.trigger.enabled = true (custom)
2019-08-21 01:02:46,733 [pool-483-thread-1] INFO  server.RaftServerConfigKeys (ConfUtils.java:logGet(43)) - raft.server.snapshot.auto.trigger.threshold = 10000 (custom)
2019-08-21 01:02:46,734 [pool-483-thread-1] INFO  server.RaftServerConfigKeys (ConfUtils.java:logGet(43)) - raft.server.retrycache.expirytime = 600000ms (custom)
2019-08-21 01:02:46,734 [pool-483-thread-1] INFO  impl.RaftServerImpl (RaftServerImpl.java:start(180)) - 24a30f30-831a-4833-93ea-707e8199d09b: start group-B3AE95AF8519
2019-08-21 01:02:46,734 [pool-483-thread-1] INFO  impl.RaftServerImpl (RaftServerImpl.java:setRole(171)) - 24a30f30-831a-4833-93ea-707e8199d09b:group-B3AE95AF8519 changes role from null to FOLLOWER at term 0 for startAsFollower
2019-08-21 01:02:46,734 [pool-483-thread-1] INFO  impl.RoleInfo (RoleInfo.java:updateAndGet(143)) - 24a30f30-831a-4833-93ea-707e8199d09b: start FollowerState
2019-08-21 01:02:46,734 [pool-483-thread-1] INFO  util.JmxRegister (JmxRegister.java:tryRegister(44)) - Successfully registered JMX Bean with object name Ratis:service=RaftServer,group=group-B3AE95AF8519,id=24a30f30-831a-4833-93ea-707e8199d09b
2019-08-21 01:02:46,737 [RatisPipelineUtilsThread] INFO  pipeline.PipelineStateManager (PipelineStateManager.java:addPipeline(56)) - Created pipeline Pipeline[ Id: ca806749-cc70-4e77-b24a-b3ae95af8519, Nodes: 24a30f30-831a-4833-93ea-707e8199d09b{ip: 192.168.34.10, host: pr-hdds-1927-qfsst-2448355857, networkLocation: /default-rack, certSerialId: null}, Type:RATIS, Factor:ONE, State:OPEN]
2019-08-21 01:02:46,855 [IPC Server handler 4 on 38035] INFO  net.NetworkTopology (NetworkTopologyImpl.java:add(110)) - Added a new node: /default-rack/fccca5a2-55db-4efd-8b7f-8a266599827f
2019-08-21 01:02:46,856 [IPC Server handler 4 on 38035] INFO  node.SCMNodeManager (SCMNodeManager.java:register(273)) - Registered Data node : fccca5a2-55db-4efd-8b7f-8a266599827f{ip: 192.168.34.10, host: pr-hdds-1927-qfsst-2448355857, networkLocation: /default-rack, certSerialId: null}
2019-08-21 01:02:46,856 | INFO  | SCMAudit | user=jenkins1000 | ip=192.168.34.10 | op=REGISTER {datanodeDetails=fccca5a2-55db-4efd-8b7f-8a266599827f{ip: 192.168.34.10, host: pr-hdds-1927-qfsst-2448355857, networkLocation: /default-rack, certSerialId: null}} | ret=SUCCESS |  
2019-08-21 01:02:46,864 [grpc-default-executor-5] INFO  impl.RaftServerProxy (RaftServerProxy.java:addNew(89)) - fccca5a2-55db-4efd-8b7f-8a266599827f: addNew group-281C8978DDB3:[fccca5a2-55db-4efd-8b7f-8a266599827f:192.168.34.10:41787] returns group-281C8978DDB3:java.util.concurrent.CompletableFuture@6f5a2602[Not completed]
2019-08-21 01:02:46,865 [pool-494-thread-1] INFO  impl.RaftServerImpl (RaftServerImpl.java:<init>(93)) - fccca5a2-55db-4efd-8b7f-8a266599827f: new RaftServerImpl for group-281C8978DDB3:[fccca5a2-55db-4efd-8b7f-8a266599827f:192.168.34.10:41787] with ContainerStateMachine:uninitialized
2019-08-21 01:02:46,866 [pool-494-thread-1] INFO  server.RaftServerConfigKeys (ConfUtils.java:logGet(43)) - raft.server.rpc.timeout.min = 5s (custom)
2019-08-21 01:02:46,866 [pool-494-thread-1] INFO  server.RaftServerConfigKeys (ConfUtils.java:logGet(43)) - raft.server.rpc.timeout.max = 5200ms (custom)
2019-08-21 01:02:46,866 [pool-494-thread-1] INFO  server.RaftServerConfigKeys (ConfUtils.java:logGet(43)) - raft.server.rpcslowness.timeout = 120s (custom)
2019-08-21 01:02:46,866 [pool-494-thread-1] INFO  server.RaftServerConfigKeys (ConfUtils.java:logGet(43)) - raft.server.sleep.deviation.threshold = 300 (default)
2019-08-21 01:02:46,866 [pool-494-thread-1] INFO  server.RaftServerConfigKeys (ConfUtils.java:logGet(43)) - raft.server.log.appender.install.snapshot.enabled = false (custom)
2019-08-21 01:02:46,866 [pool-494-thread-1] INFO  impl.RaftServerImpl (ServerState.java:<init>(105)) - fccca5a2-55db-4efd-8b7f-8a266599827f:group-281C8978DDB3 ConfigurationManager, init=-1: [fccca5a2-55db-4efd-8b7f-8a266599827f:192.168.34.10:41787], old=null, confs=<EMPTY_MAP>
2019-08-21 01:02:46,867 [pool-494-thread-1] INFO  server.RaftServerConfigKeys (ConfUtils.java:logGet(43)) - raft.server.storage.dir = [/workdir/hadoop-ozone/integration-test/target/test-dir/MiniOzoneClusterImpl-b121f0fa-5b36-4e30-bdae-6f5cf730914f/datanode-5/data/ratis] (custom)
2019-08-21 01:02:46,867 [pool-494-thread-1] INFO  storage.RaftStorageDirectory (RaftStorageDirectory.java:analyzeStorage(246)) - The storage directory /workdir/hadoop-ozone/integration-test/target/test-dir/MiniOzoneClusterImpl-b121f0fa-5b36-4e30-bdae-6f5cf730914f/datanode-5/data/ratis/7707b395-9f43-4b28-8cf2-281c8978ddb3 does not exist. Creating ...
2019-08-21 01:02:46,890 [pool-494-thread-1] INFO  storage.RaftStorageDirectory (RaftStorageDirectory.java:tryLock(328)) - Lock on /workdir/hadoop-ozone/integration-test/target/test-dir/MiniOzoneClusterImpl-b121f0fa-5b36-4e30-bdae-6f5cf730914f/datanode-5/data/ratis/7707b395-9f43-4b28-8cf2-281c8978ddb3/in_use.lock acquired by nodename 11957@pr-hdds-1927-qfsst-2448355857
2019-08-21 01:02:46,902 [pool-494-thread-1] INFO  storage.RaftStorage (RaftStorage.java:format(72)) - Storage directory /workdir/hadoop-ozone/integration-test/target/test-dir/MiniOzoneClusterImpl-b121f0fa-5b36-4e30-bdae-6f5cf730914f/datanode-5/data/ratis/7707b395-9f43-4b28-8cf2-281c8978ddb3 has been successfully formatted.
2019-08-21 01:02:46,903 [pool-494-thread-1] INFO  ratis.ContainerStateMachine (ContainerStateMachine.java:loadSnapshot(226)) - group-281C8978DDB3: The snapshot info is null. Setting the last applied indexto:(t:0, i:~)
2019-08-21 01:02:46,903 [pool-494-thread-1] INFO  server.RaftServerConfigKeys (ConfUtils.java:logGet(43)) - raft.server.leader.election.timeout = 120s (custom)
2019-08-21 01:02:46,903 [pool-494-thread-1] INFO  server.RaftServerConfigKeys (ConfUtils.java:logGet(43)) - raft.server.log.use.memory = false (default)
2019-08-21 01:02:46,903 [pool-494-thread-1] INFO  server.RaftServerConfigKeys (ConfUtils.java:logGet(43)) - raft.server.log.purge.gap = 1000000 (custom)
2019-08-21 01:02:46,903 [pool-494-thread-1] INFO  server.RaftServerConfigKeys (ConfUtils.java:logGet(43)) - raft.server.log.appender.buffer.byte-limit = 33554432 (custom)
2019-08-21 01:02:46,904 [pool-494-thread-1] INFO  server.RaftServerConfigKeys (ConfUtils.java:logGet(43)) - raft.server.log.segment.size.max = 1048576 (custom)
2019-08-21 01:02:46,904 [pool-494-thread-1] INFO  server.RaftServerConfigKeys (ConfUtils.java:logGet(43)) - raft.server.log.segment.cache.num.max = 2 (custom)
2019-08-21 01:02:46,904 [pool-494-thread-1] INFO  segmented.SegmentedRaftLogWorker (SegmentedRaftLogWorker.java:<init>(172)) - new fccca5a2-55db-4efd-8b7f-8a266599827f-SegmentedRaftLogWorker:Storage Directory /workdir/hadoop-ozone/integration-test/target/test-dir/MiniOzoneClusterImpl-b121f0fa-5b36-4e30-bdae-6f5cf730914f/datanode-5/data/ratis/7707b395-9f43-4b28-8cf2-281c8978ddb3 for RaftStorage:Storage Directory /workdir/hadoop-ozone/integration-test/target/test-dir/MiniOzoneClusterImpl-b121f0fa-5b36-4e30-bdae-6f5cf730914f/datanode-5/data/ratis/7707b395-9f43-4b28-8cf2-281c8978ddb3
2019-08-21 01:02:46,904 [pool-494-thread-1] INFO  server.RaftServerConfigKeys (ConfUtils.java:logGet(43)) - raft.server.log.queue.byte-limit = 2147483647 (custom)
2019-08-21 01:02:46,904 [pool-494-thread-1] INFO  server.RaftServerConfigKeys (ConfUtils.java:logGet(43)) - raft.server.log.queue.element-limit = 1024 (custom)
2019-08-21 01:02:46,905 [pool-494-thread-1] INFO  server.RaftServerConfigKeys (ConfUtils.java:logGet(43)) - raft.server.log.segment.size.max = 1048576 (custom)
2019-08-21 01:02:46,905 [pool-494-thread-1] INFO  server.RaftServerConfigKeys (ConfUtils.java:logGet(43)) - raft.server.log.preallocated.size = 16384 (custom)
2019-08-21 01:02:46,905 [pool-494-thread-1] INFO  server.RaftServerConfigKeys (ConfUtils.java:logGet(43)) - raft.server.log.write.buffer.size = 33554432 (custom)
2019-08-21 01:02:46,905 [pool-494-thread-1] INFO  server.RaftServerConfigKeys (ConfUtils.java:logGet(43)) - raft.server.log.force.sync.num = 128 (default)
2019-08-21 01:02:46,905 [pool-494-thread-1] INFO  server.RaftServerConfigKeys (ConfUtils.java:logGet(43)) - raft.server.log.statemachine.data.sync = true (default)
2019-08-21 01:02:46,905 [pool-494-thread-1] INFO  server.RaftServerConfigKeys (ConfUtils.java:logGet(43)) - raft.server.log.statemachine.data.sync.timeout = 10s (default)
2019-08-21 01:02:46,905 [pool-494-thread-1] INFO  server.RaftServerConfigKeys (ConfUtils.java:logGet(43)) - raft.server.log.statemachine.data.sync.timeout.retry = -1 (default)
2019-08-21 01:02:46,906 [pool-494-thread-1] INFO  server.RaftServerConfigKeys (ConfUtils.java:logGet(43)) - raft.server.log.statemachine.data.caching.enabled = true (custom)
2019-08-21 01:02:46,906 [pool-494-thread-1] INFO  segmented.SegmentedRaftLogWorker (SegmentedRaftLogWorker.java:lambda$new$0(132)) - fccca5a2-55db-4efd-8b7f-8a266599827f-SegmentedRaftLogWorker:Storage Directory /workdir/hadoop-ozone/integration-test/target/test-dir/MiniOzoneClusterImpl-b121f0fa-5b36-4e30-bdae-6f5cf730914f/datanode-5/data/ratis/7707b395-9f43-4b28-8cf2-281c8978ddb3: flushIndex: setUnconditionally 0 -> -1
2019-08-21 01:02:46,906 [pool-494-thread-1] INFO  server.RaftServerConfigKeys (ConfUtils.java:logGet(43)) - raft.server.snapshot.auto.trigger.enabled = true (custom)
2019-08-21 01:02:46,907 [pool-494-thread-1] INFO  server.RaftServerConfigKeys (ConfUtils.java:logGet(43)) - raft.server.snapshot.auto.trigger.threshold = 10000 (custom)
2019-08-21 01:02:46,907 [pool-494-thread-1] INFO  server.RaftServerConfigKeys (ConfUtils.java:logGet(43)) - raft.server.retrycache.expirytime = 600000ms (custom)
2019-08-21 01:02:46,907 [pool-494-thread-1] INFO  impl.RaftServerImpl (RaftServerImpl.java:start(180)) - fccca5a2-55db-4efd-8b7f-8a266599827f: start group-281C8978DDB3
2019-08-21 01:02:46,907 [pool-494-thread-1] INFO  impl.RaftServerImpl (RaftServerImpl.java:setRole(171)) - fccca5a2-55db-4efd-8b7f-8a266599827f:group-281C8978DDB3 changes role from null to FOLLOWER at term 0 for startAsFollower
2019-08-21 01:02:46,907 [pool-494-thread-1] INFO  impl.RoleInfo (RoleInfo.java:updateAndGet(143)) - fccca5a2-55db-4efd-8b7f-8a266599827f: start FollowerState
2019-08-21 01:02:46,908 [pool-494-thread-1] INFO  util.JmxRegister (JmxRegister.java:tryRegister(44)) - Successfully registered JMX Bean with object name Ratis:service=RaftServer,group=group-281C8978DDB3,id=fccca5a2-55db-4efd-8b7f-8a266599827f
2019-08-21 01:02:46,910 [RatisPipelineUtilsThread] INFO  pipeline.PipelineStateManager (PipelineStateManager.java:addPipeline(56)) - Created pipeline Pipeline[ Id: 7707b395-9f43-4b28-8cf2-281c8978ddb3, Nodes: fccca5a2-55db-4efd-8b7f-8a266599827f{ip: 192.168.34.10, host: pr-hdds-1927-qfsst-2448355857, networkLocation: /default-rack, certSerialId: null}, Type:RATIS, Factor:ONE, State:OPEN]
2019-08-21 01:02:46,924 [grpc-default-executor-8] INFO  impl.RaftServerProxy (RaftServerProxy.java:addNew(89)) - a8f43d7f-8ab9-4263-bc60-233f29780d16: addNew group-4D5979CA93C7:[fccca5a2-55db-4efd-8b7f-8a266599827f:192.168.34.10:41787, a8f43d7f-8ab9-4263-bc60-233f29780d16:192.168.34.10:36401, 24a30f30-831a-4833-93ea-707e8199d09b:192.168.34.10:34461] returns group-4D5979CA93C7:java.util.concurrent.CompletableFuture@5fb0347[Not completed]
2019-08-21 01:02:46,924 [grpc-default-executor-7] INFO  impl.RaftServerProxy (RaftServerProxy.java:addNew(89)) - fccca5a2-55db-4efd-8b7f-8a266599827f: addNew group-4D5979CA93C7:[fccca5a2-55db-4efd-8b7f-8a266599827f:192.168.34.10:41787, a8f43d7f-8ab9-4263-bc60-233f29780d16:192.168.34.10:36401, 24a30f30-831a-4833-93ea-707e8199d09b:192.168.34.10:34461] returns group-4D5979CA93C7:java.util.concurrent.CompletableFuture@6bbaccb3[Not completed]
2019-08-21 01:02:46,924 [grpc-default-executor-5] INFO  impl.RaftServerProxy (RaftServerProxy.java:addNew(89)) - 24a30f30-831a-4833-93ea-707e8199d09b: addNew group-4D5979CA93C7:[fccca5a2-55db-4efd-8b7f-8a266599827f:192.168.34.10:41787, a8f43d7f-8ab9-4263-bc60-233f29780d16:192.168.34.10:36401, 24a30f30-831a-4833-93ea-707e8199d09b:192.168.34.10:34461] returns group-4D5979CA93C7:java.util.concurrent.CompletableFuture@541cd871[Not completed]
2019-08-21 01:02:46,925 [pool-472-thread-1] INFO  impl.RaftServerImpl (RaftServerImpl.java:<init>(93)) - a8f43d7f-8ab9-4263-bc60-233f29780d16: new RaftServerImpl for group-4D5979CA93C7:[fccca5a2-55db-4efd-8b7f-8a266599827f:192.168.34.10:41787, a8f43d7f-8ab9-4263-bc60-233f29780d16:192.168.34.10:36401, 24a30f30-831a-4833-93ea-707e8199d09b:192.168.34.10:34461] with ContainerStateMachine:uninitialized
2019-08-21 01:02:46,925 [pool-472-thread-1] INFO  server.RaftServerConfigKeys (ConfUtils.java:logGet(43)) - raft.server.rpc.timeout.min = 5s (custom)
2019-08-21 01:02:46,926 [pool-472-thread-1] INFO  server.RaftServerConfigKeys (ConfUtils.java:logGet(43)) - raft.server.rpc.timeout.max = 5200ms (custom)
2019-08-21 01:02:46,926 [pool-472-thread-1] INFO  server.RaftServerConfigKeys (ConfUtils.java:logGet(43)) - raft.server.rpcslowness.timeout = 120s (custom)
2019-08-21 01:02:46,926 [pool-472-thread-1] INFO  server.RaftServerConfigKeys (ConfUtils.java:logGet(43)) - raft.server.sleep.deviation.threshold = 300 (default)
2019-08-21 01:02:46,926 [pool-483-thread-1] INFO  impl.RaftServerImpl (RaftServerImpl.java:<init>(93)) - 24a30f30-831a-4833-93ea-707e8199d09b: new RaftServerImpl for group-4D5979CA93C7:[fccca5a2-55db-4efd-8b7f-8a266599827f:192.168.34.10:41787, a8f43d7f-8ab9-4263-bc60-233f29780d16:192.168.34.10:36401, 24a30f30-831a-4833-93ea-707e8199d09b:192.168.34.10:34461] with ContainerStateMachine:uninitialized
2019-08-21 01:02:46,926 [pool-472-thread-1] INFO  server.RaftServerConfigKeys (ConfUtils.java:logGet(43)) - raft.server.log.appender.install.snapshot.enabled = false (custom)
2019-08-21 01:02:46,926 [pool-483-thread-1] INFO  server.RaftServerConfigKeys (ConfUtils.java:logGet(43)) - raft.server.rpc.timeout.min = 5s (custom)
2019-08-21 01:02:46,926 [pool-494-thread-1] INFO  impl.RaftServerImpl (RaftServerImpl.java:<init>(93)) - fccca5a2-55db-4efd-8b7f-8a266599827f: new RaftServerImpl for group-4D5979CA93C7:[fccca5a2-55db-4efd-8b7f-8a266599827f:192.168.34.10:41787, a8f43d7f-8ab9-4263-bc60-233f29780d16:192.168.34.10:36401, 24a30f30-831a-4833-93ea-707e8199d09b:192.168.34.10:34461] with ContainerStateMachine:uninitialized
2019-08-21 01:02:46,926 [pool-483-thread-1] INFO  server.RaftServerConfigKeys (ConfUtils.java:logGet(43)) - raft.server.rpc.timeout.max = 5200ms (custom)
2019-08-21 01:02:46,927 [pool-483-thread-1] INFO  server.RaftServerConfigKeys (ConfUtils.java:logGet(43)) - raft.server.rpcslowness.timeout = 120s (custom)
2019-08-21 01:02:46,926 [pool-472-thread-1] INFO  impl.RaftServerImpl (ServerState.java:<init>(105)) - a8f43d7f-8ab9-4263-bc60-233f29780d16:group-4D5979CA93C7 ConfigurationManager, init=-1: [fccca5a2-55db-4efd-8b7f-8a266599827f:192.168.34.10:41787, a8f43d7f-8ab9-4263-bc60-233f29780d16:192.168.34.10:36401, 24a30f30-831a-4833-93ea-707e8199d09b:192.168.34.10:34461], old=null, confs=<EMPTY_MAP>
2019-08-21 01:02:46,927 [pool-483-thread-1] INFO  server.RaftServerConfigKeys (ConfUtils.java:logGet(43)) - raft.server.sleep.deviation.threshold = 300 (default)
2019-08-21 01:02:46,927 [pool-494-thread-1] INFO  server.RaftServerConfigKeys (ConfUtils.java:logGet(43)) - raft.server.rpc.timeout.min = 5s (custom)
2019-08-21 01:02:46,927 [pool-483-thread-1] INFO  server.RaftServerConfigKeys (ConfUtils.java:logGet(43)) - raft.server.log.appender.install.snapshot.enabled = false (custom)
2019-08-21 01:02:46,927 [pool-472-thread-1] INFO  server.RaftServerConfigKeys (ConfUtils.java:logGet(43)) - raft.server.storage.dir = [/workdir/hadoop-ozone/integration-test/target/test-dir/MiniOzoneClusterImpl-b121f0fa-5b36-4e30-bdae-6f5cf730914f/datanode-3/data/ratis] (custom)
2019-08-21 01:02:46,927 [pool-483-thread-1] INFO  impl.RaftServerImpl (ServerState.java:<init>(105)) - 24a30f30-831a-4833-93ea-707e8199d09b:group-4D5979CA93C7 ConfigurationManager, init=-1: [fccca5a2-55db-4efd-8b7f-8a266599827f:192.168.34.10:41787, a8f43d7f-8ab9-4263-bc60-233f29780d16:192.168.34.10:36401, 24a30f30-831a-4833-93ea-707e8199d09b:192.168.34.10:34461], old=null, confs=<EMPTY_MAP>
2019-08-21 01:02:46,927 [pool-494-thread-1] INFO  server.RaftServerConfigKeys (ConfUtils.java:logGet(43)) - raft.server.rpc.timeout.max = 5200ms (custom)
2019-08-21 01:02:46,928 [pool-472-thread-1] INFO  storage.RaftStorageDirectory (RaftStorageDirectory.java:analyzeStorage(246)) - The storage directory /workdir/hadoop-ozone/integration-test/target/test-dir/MiniOzoneClusterImpl-b121f0fa-5b36-4e30-bdae-6f5cf730914f/datanode-3/data/ratis/b22549c8-e21d-4f4d-a2c6-4d5979ca93c7 does not exist. Creating ...
2019-08-21 01:02:46,928 [pool-483-thread-1] INFO  server.RaftServerConfigKeys (ConfUtils.java:logGet(43)) - raft.server.storage.dir = [/workdir/hadoop-ozone/integration-test/target/test-dir/MiniOzoneClusterImpl-b121f0fa-5b36-4e30-bdae-6f5cf730914f/datanode-4/data/ratis] (custom)
2019-08-21 01:02:46,928 [pool-494-thread-1] INFO  server.RaftServerConfigKeys (ConfUtils.java:logGet(43)) - raft.server.rpcslowness.timeout = 120s (custom)
2019-08-21 01:02:46,928 [pool-494-thread-1] INFO  server.RaftServerConfigKeys (ConfUtils.java:logGet(43)) - raft.server.sleep.deviation.threshold = 300 (default)
2019-08-21 01:02:46,928 [pool-494-thread-1] INFO  server.RaftServerConfigKeys (ConfUtils.java:logGet(43)) - raft.server.log.appender.install.snapshot.enabled = false (custom)
2019-08-21 01:02:46,928 [pool-483-thread-1] INFO  storage.RaftStorageDirectory (RaftStorageDirectory.java:analyzeStorage(246)) - The storage directory /workdir/hadoop-ozone/integration-test/target/test-dir/MiniOzoneClusterImpl-b121f0fa-5b36-4e30-bdae-6f5cf730914f/datanode-4/data/ratis/b22549c8-e21d-4f4d-a2c6-4d5979ca93c7 does not exist. Creating ...
2019-08-21 01:02:46,929 [pool-494-thread-1] INFO  impl.RaftServerImpl (ServerState.java:<init>(105)) - fccca5a2-55db-4efd-8b7f-8a266599827f:group-4D5979CA93C7 ConfigurationManager, init=-1: [fccca5a2-55db-4efd-8b7f-8a266599827f:192.168.34.10:41787, a8f43d7f-8ab9-4263-bc60-233f29780d16:192.168.34.10:36401, 24a30f30-831a-4833-93ea-707e8199d09b:192.168.34.10:34461], old=null, confs=<EMPTY_MAP>
2019-08-21 01:02:46,929 [pool-494-thread-1] INFO  server.RaftServerConfigKeys (ConfUtils.java:logGet(43)) - raft.server.storage.dir = [/workdir/hadoop-ozone/integration-test/target/test-dir/MiniOzoneClusterImpl-b121f0fa-5b36-4e30-bdae-6f5cf730914f/datanode-5/data/ratis] (custom)
2019-08-21 01:02:46,929 [pool-494-thread-1] INFO  storage.RaftStorageDirectory (RaftStorageDirectory.java:analyzeStorage(246)) - The storage directory /workdir/hadoop-ozone/integration-test/target/test-dir/MiniOzoneClusterImpl-b121f0fa-5b36-4e30-bdae-6f5cf730914f/datanode-5/data/ratis/b22549c8-e21d-4f4d-a2c6-4d5979ca93c7 does not exist. Creating ...
2019-08-21 01:02:46,942 [pool-483-thread-1] INFO  storage.RaftStorageDirectory (RaftStorageDirectory.java:tryLock(328)) - Lock on /workdir/hadoop-ozone/integration-test/target/test-dir/MiniOzoneClusterImpl-b121f0fa-5b36-4e30-bdae-6f5cf730914f/datanode-4/data/ratis/b22549c8-e21d-4f4d-a2c6-4d5979ca93c7/in_use.lock acquired by nodename 11957@pr-hdds-1927-qfsst-2448355857
2019-08-21 01:02:46,942 [pool-494-thread-1] INFO  storage.RaftStorageDirectory (RaftStorageDirectory.java:tryLock(328)) - Lock on /workdir/hadoop-ozone/integration-test/target/test-dir/MiniOzoneClusterImpl-b121f0fa-5b36-4e30-bdae-6f5cf730914f/datanode-5/data/ratis/b22549c8-e21d-4f4d-a2c6-4d5979ca93c7/in_use.lock acquired by nodename 11957@pr-hdds-1927-qfsst-2448355857
2019-08-21 01:02:46,942 [pool-472-thread-1] INFO  storage.RaftStorageDirectory (RaftStorageDirectory.java:tryLock(328)) - Lock on /workdir/hadoop-ozone/integration-test/target/test-dir/MiniOzoneClusterImpl-b121f0fa-5b36-4e30-bdae-6f5cf730914f/datanode-3/data/ratis/b22549c8-e21d-4f4d-a2c6-4d5979ca93c7/in_use.lock acquired by nodename 11957@pr-hdds-1927-qfsst-2448355857
2019-08-21 01:02:46,967 [pool-472-thread-1] INFO  storage.RaftStorage (RaftStorage.java:format(72)) - Storage directory /workdir/hadoop-ozone/integration-test/target/test-dir/MiniOzoneClusterImpl-b121f0fa-5b36-4e30-bdae-6f5cf730914f/datanode-3/data/ratis/b22549c8-e21d-4f4d-a2c6-4d5979ca93c7 has been successfully formatted.
2019-08-21 01:02:46,967 [pool-483-thread-1] INFO  storage.RaftStorage (RaftStorage.java:format(72)) - Storage directory /workdir/hadoop-ozone/integration-test/target/test-dir/MiniOzoneClusterImpl-b121f0fa-5b36-4e30-bdae-6f5cf730914f/datanode-4/data/ratis/b22549c8-e21d-4f4d-a2c6-4d5979ca93c7 has been successfully formatted.
2019-08-21 01:02:46,967 [pool-494-thread-1] INFO  storage.RaftStorage (RaftStorage.java:format(72)) - Storage directory /workdir/hadoop-ozone/integration-test/target/test-dir/MiniOzoneClusterImpl-b121f0fa-5b36-4e30-bdae-6f5cf730914f/datanode-5/data/ratis/b22549c8-e21d-4f4d-a2c6-4d5979ca93c7 has been successfully formatted.
2019-08-21 01:02:46,968 [pool-483-thread-1] INFO  ratis.ContainerStateMachine (ContainerStateMachine.java:loadSnapshot(226)) - group-4D5979CA93C7: The snapshot info is null. Setting the last applied indexto:(t:0, i:~)
2019-08-21 01:02:46,967 [pool-472-thread-1] INFO  ratis.ContainerStateMachine (ContainerStateMachine.java:loadSnapshot(226)) - group-4D5979CA93C7: The snapshot info is null. Setting the last applied indexto:(t:0, i:~)
2019-08-21 01:02:46,968 [pool-483-thread-1] INFO  server.RaftServerConfigKeys (ConfUtils.java:logGet(43)) - raft.server.leader.election.timeout = 120s (custom)
2019-08-21 01:02:46,968 [pool-494-thread-1] INFO  ratis.ContainerStateMachine (ContainerStateMachine.java:loadSnapshot(226)) - group-4D5979CA93C7: The snapshot info is null. Setting the last applied indexto:(t:0, i:~)
2019-08-21 01:02:46,968 [pool-483-thread-1] INFO  server.RaftServerConfigKeys (ConfUtils.java:logGet(43)) - raft.server.log.use.memory = false (default)
2019-08-21 01:02:46,968 [pool-472-thread-1] INFO  server.RaftServerConfigKeys (ConfUtils.java:logGet(43)) - raft.server.leader.election.timeout = 120s (custom)
2019-08-21 01:02:46,968 [pool-483-thread-1] INFO  server.RaftServerConfigKeys (ConfUtils.java:logGet(43)) - raft.server.log.purge.gap = 1000000 (custom)
2019-08-21 01:02:46,968 [pool-494-thread-1] INFO  server.RaftServerConfigKeys (ConfUtils.java:logGet(43)) - raft.server.leader.election.timeout = 120s (custom)
2019-08-21 01:02:46,969 [pool-483-thread-1] INFO  server.RaftServerConfigKeys (ConfUtils.java:logGet(43)) - raft.server.log.appender.buffer.byte-limit = 33554432 (custom)
2019-08-21 01:02:46,968 [pool-472-thread-1] INFO  server.RaftServerConfigKeys (ConfUtils.java:logGet(43)) - raft.server.log.use.memory = false (default)
2019-08-21 01:02:46,969 [pool-483-thread-1] INFO  server.RaftServerConfigKeys (ConfUtils.java:logGet(43)) - raft.server.log.segment.size.max = 1048576 (custom)
2019-08-21 01:02:46,969 [pool-494-thread-1] INFO  server.RaftServerConfigKeys (ConfUtils.java:logGet(43)) - raft.server.log.use.memory = false (default)
2019-08-21 01:02:46,969 [pool-483-thread-1] INFO  server.RaftServerConfigKeys (ConfUtils.java:logGet(43)) - raft.server.log.segment.cache.num.max = 2 (custom)
2019-08-21 01:02:46,969 [pool-472-thread-1] INFO  server.RaftServerConfigKeys (ConfUtils.java:logGet(43)) - raft.server.log.purge.gap = 1000000 (custom)
2019-08-21 01:02:46,969 [pool-483-thread-1] INFO  segmented.SegmentedRaftLogWorker (SegmentedRaftLogWorker.java:<init>(172)) - new 24a30f30-831a-4833-93ea-707e8199d09b-SegmentedRaftLogWorker:Storage Directory /workdir/hadoop-ozone/integration-test/target/test-dir/MiniOzoneClusterImpl-b121f0fa-5b36-4e30-bdae-6f5cf730914f/datanode-4/data/ratis/b22549c8-e21d-4f4d-a2c6-4d5979ca93c7 for RaftStorage:Storage Directory /workdir/hadoop-ozone/integration-test/target/test-dir/MiniOzoneClusterImpl-b121f0fa-5b36-4e30-bdae-6f5cf730914f/datanode-4/data/ratis/b22549c8-e21d-4f4d-a2c6-4d5979ca93c7
2019-08-21 01:02:46,969 [pool-494-thread-1] INFO  server.RaftServerConfigKeys (ConfUtils.java:logGet(43)) - raft.server.log.purge.gap = 1000000 (custom)
2019-08-21 01:02:46,970 [pool-483-thread-1] INFO  server.RaftServerConfigKeys (ConfUtils.java:logGet(43)) - raft.server.log.queue.byte-limit = 2147483647 (custom)
2019-08-21 01:02:46,970 [pool-483-thread-1] INFO  server.RaftServerConfigKeys (ConfUtils.java:logGet(43)) - raft.server.log.queue.element-limit = 1024 (custom)
2019-08-21 01:02:46,969 [pool-472-thread-1] INFO  server.RaftServerConfigKeys (ConfUtils.java:logGet(43)) - raft.server.log.appender.buffer.byte-limit = 33554432 (custom)
2019-08-21 01:02:46,970 [pool-483-thread-1] INFO  server.RaftServerConfigKeys (ConfUtils.java:logGet(43)) - raft.server.log.segment.size.max = 1048576 (custom)
2019-08-21 01:02:46,970 [pool-494-thread-1] INFO  server.RaftServerConfigKeys (ConfUtils.java:logGet(43)) - raft.server.log.appender.buffer.byte-limit = 33554432 (custom)
2019-08-21 01:02:46,970 [pool-483-thread-1] INFO  server.RaftServerConfigKeys (ConfUtils.java:logGet(43)) - raft.server.log.preallocated.size = 16384 (custom)
2019-08-21 01:02:46,970 [pool-483-thread-1] INFO  server.RaftServerConfigKeys (ConfUtils.java:logGet(43)) - raft.server.log.write.buffer.size = 33554432 (custom)
2019-08-21 01:02:46,970 [pool-472-thread-1] INFO  server.RaftServerConfigKeys (ConfUtils.java:logGet(43)) - raft.server.log.segment.size.max = 1048576 (custom)
2019-08-21 01:02:46,970 [pool-483-thread-1] INFO  server.RaftServerConfigKeys (ConfUtils.java:logGet(43)) - raft.server.log.force.sync.num = 128 (default)
2019-08-21 01:02:46,971 [pool-483-thread-1] INFO  server.RaftServerConfigKeys (ConfUtils.java:logGet(43)) - raft.server.log.statemachine.data.sync = true (default)
2019-08-21 01:02:46,970 [pool-494-thread-1] INFO  server.RaftServerConfigKeys (ConfUtils.java:logGet(43)) - raft.server.log.segment.size.max = 1048576 (custom)
2019-08-21 01:02:46,971 [pool-483-thread-1] INFO  server.RaftServerConfigKeys (ConfUtils.java:logGet(43)) - raft.server.log.statemachine.data.sync.timeout = 10s (default)
2019-08-21 01:02:46,971 [pool-472-thread-1] INFO  server.RaftServerConfigKeys (ConfUtils.java:logGet(43)) - raft.server.log.segment.cache.num.max = 2 (custom)
2019-08-21 01:02:46,971 [pool-483-thread-1] INFO  server.RaftServerConfigKeys (ConfUtils.java:logGet(43)) - raft.server.log.statemachine.data.sync.timeout.retry = -1 (default)
2019-08-21 01:02:46,971 [pool-494-thread-1] INFO  server.RaftServerConfigKeys (ConfUtils.java:logGet(43)) - raft.server.log.segment.cache.num.max = 2 (custom)
2019-08-21 01:02:46,971 [pool-483-thread-1] INFO  server.RaftServerConfigKeys (ConfUtils.java:logGet(43)) - raft.server.log.statemachine.data.caching.enabled = true (custom)
2019-08-21 01:02:46,971 [pool-472-thread-1] INFO  segmented.SegmentedRaftLogWorker (SegmentedRaftLogWorker.java:<init>(172)) - new a8f43d7f-8ab9-4263-bc60-233f29780d16-SegmentedRaftLogWorker:Storage Directory /workdir/hadoop-ozone/integration-test/target/test-dir/MiniOzoneClusterImpl-b121f0fa-5b36-4e30-bdae-6f5cf730914f/datanode-3/data/ratis/b22549c8-e21d-4f4d-a2c6-4d5979ca93c7 for RaftStorage:Storage Directory /workdir/hadoop-ozone/integration-test/target/test-dir/MiniOzoneClusterImpl-b121f0fa-5b36-4e30-bdae-6f5cf730914f/datanode-3/data/ratis/b22549c8-e21d-4f4d-a2c6-4d5979ca93c7
2019-08-21 01:02:46,972 [pool-494-thread-1] INFO  segmented.SegmentedRaftLogWorker (SegmentedRaftLogWorker.java:<init>(172)) - new fccca5a2-55db-4efd-8b7f-8a266599827f-SegmentedRaftLogWorker:Storage Directory /workdir/hadoop-ozone/integration-test/target/test-dir/MiniOzoneClusterImpl-b121f0fa-5b36-4e30-bdae-6f5cf730914f/datanode-5/data/ratis/b22549c8-e21d-4f4d-a2c6-4d5979ca93c7 for RaftStorage:Storage Directory /workdir/hadoop-ozone/integration-test/target/test-dir/MiniOzoneClusterImpl-b121f0fa-5b36-4e30-bdae-6f5cf730914f/datanode-5/data/ratis/b22549c8-e21d-4f4d-a2c6-4d5979ca93c7
2019-08-21 01:02:46,972 [pool-483-thread-1] INFO  segmented.SegmentedRaftLogWorker (SegmentedRaftLogWorker.java:lambda$new$0(132)) - 24a30f30-831a-4833-93ea-707e8199d09b-SegmentedRaftLogWorker:Storage Directory /workdir/hadoop-ozone/integration-test/target/test-dir/MiniOzoneClusterImpl-b121f0fa-5b36-4e30-bdae-6f5cf730914f/datanode-4/data/ratis/b22549c8-e21d-4f4d-a2c6-4d5979ca93c7: flushIndex: setUnconditionally 0 -> -1
2019-08-21 01:02:46,972 [pool-472-thread-1] INFO  server.RaftServerConfigKeys (ConfUtils.java:logGet(43)) - raft.server.log.queue.byte-limit = 2147483647 (custom)
2019-08-21 01:02:46,972 [pool-494-thread-1] INFO  server.RaftServerConfigKeys (ConfUtils.java:logGet(43)) - raft.server.log.queue.byte-limit = 2147483647 (custom)
2019-08-21 01:02:46,972 [pool-483-thread-1] INFO  server.RaftServerConfigKeys (ConfUtils.java:logGet(43)) - raft.server.snapshot.auto.trigger.enabled = true (custom)
2019-08-21 01:02:46,972 [pool-472-thread-1] INFO  server.RaftServerConfigKeys (ConfUtils.java:logGet(43)) - raft.server.log.queue.element-limit = 1024 (custom)
2019-08-21 01:02:46,973 [pool-483-thread-1] INFO  server.RaftServerConfigKeys (ConfUtils.java:logGet(43)) - raft.server.snapshot.auto.trigger.threshold = 10000 (custom)
2019-08-21 01:02:46,973 [pool-494-thread-1] INFO  server.RaftServerConfigKeys (ConfUtils.java:logGet(43)) - raft.server.log.queue.element-limit = 1024 (custom)
2019-08-21 01:02:46,973 [pool-483-thread-1] INFO  server.RaftServerConfigKeys (ConfUtils.java:logGet(43)) - raft.server.retrycache.expirytime = 600000ms (custom)
2019-08-21 01:02:46,973 [pool-472-thread-1] INFO  server.RaftServerConfigKeys (ConfUtils.java:logGet(43)) - raft.server.log.segment.size.max = 1048576 (custom)
2019-08-21 01:02:46,973 [pool-483-thread-1] INFO  impl.RaftServerImpl (RaftServerImpl.java:start(180)) - 24a30f30-831a-4833-93ea-707e8199d09b: start group-4D5979CA93C7
2019-08-21 01:02:46,973 [pool-494-thread-1] INFO  server.RaftServerConfigKeys (ConfUtils.java:logGet(43)) - raft.server.log.segment.size.max = 1048576 (custom)
2019-08-21 01:02:46,973 [pool-483-thread-1] INFO  impl.RaftServerImpl (RaftServerImpl.java:setRole(171)) - 24a30f30-831a-4833-93ea-707e8199d09b:group-4D5979CA93C7 changes role from null to FOLLOWER at term 0 for startAsFollower
2019-08-21 01:02:46,973 [pool-472-thread-1] INFO  server.RaftServerConfigKeys (ConfUtils.java:logGet(43)) - raft.server.log.preallocated.size = 16384 (custom)
2019-08-21 01:02:46,974 [pool-483-thread-1] INFO  impl.RoleInfo (RoleInfo.java:updateAndGet(143)) - 24a30f30-831a-4833-93ea-707e8199d09b: start FollowerState
2019-08-21 01:02:46,974 [pool-494-thread-1] INFO  server.RaftServerConfigKeys (ConfUtils.java:logGet(43)) - raft.server.log.preallocated.size = 16384 (custom)
2019-08-21 01:02:46,974 [pool-472-thread-1] INFO  server.RaftServerConfigKeys (ConfUtils.java:logGet(43)) - raft.server.log.write.buffer.size = 33554432 (custom)
2019-08-21 01:02:46,974 [pool-483-thread-1] INFO  util.JmxRegister (JmxRegister.java:tryRegister(44)) - Successfully registered JMX Bean with object name Ratis:service=RaftServer,group=group-4D5979CA93C7,id=24a30f30-831a-4833-93ea-707e8199d09b
2019-08-21 01:02:46,974 [pool-494-thread-1] INFO  server.RaftServerConfigKeys (ConfUtils.java:logGet(43)) - raft.server.log.write.buffer.size = 33554432 (custom)
2019-08-21 01:02:46,974 [pool-472-thread-1] INFO  server.RaftServerConfigKeys (ConfUtils.java:logGet(43)) - raft.server.log.force.sync.num = 128 (default)
2019-08-21 01:02:46,975 [pool-494-thread-1] INFO  server.RaftServerConfigKeys (ConfUtils.java:logGet(43)) - raft.server.log.force.sync.num = 128 (default)
2019-08-21 01:02:46,975 [pool-472-thread-1] INFO  server.RaftServerConfigKeys (ConfUtils.java:logGet(43)) - raft.server.log.statemachine.data.sync = true (default)
2019-08-21 01:02:46,975 [pool-494-thread-1] INFO  server.RaftServerConfigKeys (ConfUtils.java:logGet(43)) - raft.server.log.statemachine.data.sync = true (default)
2019-08-21 01:02:46,975 [pool-472-thread-1] INFO  server.RaftServerConfigKeys (ConfUtils.java:logGet(43)) - raft.server.log.statemachine.data.sync.timeout = 10s (default)
2019-08-21 01:02:46,975 [pool-494-thread-1] INFO  server.RaftServerConfigKeys (ConfUtils.java:logGet(43)) - raft.server.log.statemachine.data.sync.timeout = 10s (default)
2019-08-21 01:02:46,975 [pool-472-thread-1] INFO  server.RaftServerConfigKeys (ConfUtils.java:logGet(43)) - raft.server.log.statemachine.data.sync.timeout.retry = -1 (default)
2019-08-21 01:02:46,975 [pool-494-thread-1] INFO  server.RaftServerConfigKeys (ConfUtils.java:logGet(43)) - raft.server.log.statemachine.data.sync.timeout.retry = -1 (default)
2019-08-21 01:02:46,976 [pool-472-thread-1] INFO  server.RaftServerConfigKeys (ConfUtils.java:logGet(43)) - raft.server.log.statemachine.data.caching.enabled = true (custom)
2019-08-21 01:02:46,976 [pool-494-thread-1] INFO  server.RaftServerConfigKeys (ConfUtils.java:logGet(43)) - raft.server.log.statemachine.data.caching.enabled = true (custom)
2019-08-21 01:02:46,976 [pool-472-thread-1] INFO  segmented.SegmentedRaftLogWorker (SegmentedRaftLogWorker.java:lambda$new$0(132)) - a8f43d7f-8ab9-4263-bc60-233f29780d16-SegmentedRaftLogWorker:Storage Directory /workdir/hadoop-ozone/integration-test/target/test-dir/MiniOzoneClusterImpl-b121f0fa-5b36-4e30-bdae-6f5cf730914f/datanode-3/data/ratis/b22549c8-e21d-4f4d-a2c6-4d5979ca93c7: flushIndex: setUnconditionally 0 -> -1
2019-08-21 01:02:46,976 [pool-494-thread-1] INFO  segmented.SegmentedRaftLogWorker (SegmentedRaftLogWorker.java:lambda$new$0(132)) - fccca5a2-55db-4efd-8b7f-8a266599827f-SegmentedRaftLogWorker:Storage Directory /workdir/hadoop-ozone/integration-test/target/test-dir/MiniOzoneClusterImpl-b121f0fa-5b36-4e30-bdae-6f5cf730914f/datanode-5/data/ratis/b22549c8-e21d-4f4d-a2c6-4d5979ca93c7: flushIndex: setUnconditionally 0 -> -1
2019-08-21 01:02:46,976 [pool-472-thread-1] INFO  server.RaftServerConfigKeys (ConfUtils.java:logGet(43)) - raft.server.snapshot.auto.trigger.enabled = true (custom)
2019-08-21 01:02:46,976 [pool-472-thread-1] INFO  server.RaftServerConfigKeys (ConfUtils.java:logGet(43)) - raft.server.snapshot.auto.trigger.threshold = 10000 (custom)
2019-08-21 01:02:46,977 [pool-494-thread-1] INFO  server.RaftServerConfigKeys (ConfUtils.java:logGet(43)) - raft.server.snapshot.auto.trigger.enabled = true (custom)
2019-08-21 01:02:46,977 [pool-472-thread-1] INFO  server.RaftServerConfigKeys (ConfUtils.java:logGet(43)) - raft.server.retrycache.expirytime = 600000ms (custom)
2019-08-21 01:02:46,977 [pool-494-thread-1] INFO  server.RaftServerConfigKeys (ConfUtils.java:logGet(43)) - raft.server.snapshot.auto.trigger.threshold = 10000 (custom)
2019-08-21 01:02:46,977 [pool-472-thread-1] INFO  impl.RaftServerImpl (RaftServerImpl.java:start(180)) - a8f43d7f-8ab9-4263-bc60-233f29780d16: start group-4D5979CA93C7
2019-08-21 01:02:46,977 [pool-494-thread-1] INFO  server.RaftServerConfigKeys (ConfUtils.java:logGet(43)) - raft.server.retrycache.expirytime = 600000ms (custom)
2019-08-21 01:02:46,977 [pool-472-thread-1] INFO  impl.RaftServerImpl (RaftServerImpl.java:setRole(171)) - a8f43d7f-8ab9-4263-bc60-233f29780d16:group-4D5979CA93C7 changes role from null to FOLLOWER at term 0 for startAsFollower
2019-08-21 01:02:46,977 [pool-494-thread-1] INFO  impl.RaftServerImpl (RaftServerImpl.java:start(180)) - fccca5a2-55db-4efd-8b7f-8a266599827f: start group-4D5979CA93C7
2019-08-21 01:02:46,977 [pool-472-thread-1] INFO  impl.RoleInfo (RoleInfo.java:updateAndGet(143)) - a8f43d7f-8ab9-4263-bc60-233f29780d16: start FollowerState
2019-08-21 01:02:46,977 [pool-494-thread-1] INFO  impl.RaftServerImpl (RaftServerImpl.java:setRole(171)) - fccca5a2-55db-4efd-8b7f-8a266599827f:group-4D5979CA93C7 changes role from null to FOLLOWER at term 0 for startAsFollower
2019-08-21 01:02:46,978 [pool-494-thread-1] INFO  impl.RoleInfo (RoleInfo.java:updateAndGet(143)) - fccca5a2-55db-4efd-8b7f-8a266599827f: start FollowerState
2019-08-21 01:02:46,978 [pool-472-thread-1] INFO  util.JmxRegister (JmxRegister.java:tryRegister(44)) - Successfully registered JMX Bean with object name Ratis:service=RaftServer,group=group-4D5979CA93C7,id=a8f43d7f-8ab9-4263-bc60-233f29780d16
2019-08-21 01:02:46,978 [pool-494-thread-1] INFO  util.JmxRegister (JmxRegister.java:tryRegister(44)) - Successfully registered JMX Bean with object name Ratis:service=RaftServer,group=group-4D5979CA93C7,id=fccca5a2-55db-4efd-8b7f-8a266599827f
2019-08-21 01:02:46,980 [RatisPipelineUtilsThread] INFO  pipeline.PipelineStateManager (PipelineStateManager.java:addPipeline(56)) - Created pipeline Pipeline[ Id: b22549c8-e21d-4f4d-a2c6-4d5979ca93c7, Nodes: a8f43d7f-8ab9-4263-bc60-233f29780d16{ip: 192.168.34.10, host: pr-hdds-1927-qfsst-2448355857, networkLocation: /default-rack, certSerialId: null}fccca5a2-55db-4efd-8b7f-8a266599827f{ip: 192.168.34.10, host: pr-hdds-1927-qfsst-2448355857, networkLocation: /default-rack, certSerialId: null}24a30f30-831a-4833-93ea-707e8199d09b{ip: 192.168.34.10, host: pr-hdds-1927-qfsst-2448355857, networkLocation: /default-rack, certSerialId: null}, Type:RATIS, Factor:THREE, State:OPEN]
2019-08-21 01:02:47,013 [main] INFO  ozone.MiniOzoneClusterImpl (MiniOzoneClusterImpl.java:lambda$waitForClusterToBeReady$0(142)) - Waiting for cluster to be ready. Got 6 of 7 DN Heartbeats.
2019-08-21 01:02:47,015 [IPC Server handler 0 on 38035] INFO  net.NetworkTopology (NetworkTopologyImpl.java:add(110)) - Added a new node: /default-rack/853a8d38-210a-40e1-a500-60344a22ce2b
2019-08-21 01:02:47,015 [IPC Server handler 0 on 38035] INFO  node.SCMNodeManager (SCMNodeManager.java:register(273)) - Registered Data node : 853a8d38-210a-40e1-a500-60344a22ce2b{ip: 192.168.34.10, host: pr-hdds-1927-qfsst-2448355857, networkLocation: /default-rack, certSerialId: null}
2019-08-21 01:02:47,018 | INFO  | SCMAudit | user=jenkins1000 | ip=192.168.34.10 | op=REGISTER {datanodeDetails=853a8d38-210a-40e1-a500-60344a22ce2b{ip: 192.168.34.10, host: pr-hdds-1927-qfsst-2448355857, networkLocation: /default-rack, certSerialId: null}} | ret=SUCCESS |  
2019-08-21 01:02:47,025 [grpc-default-executor-7] INFO  impl.RaftServerProxy (RaftServerProxy.java:addNew(89)) - 853a8d38-210a-40e1-a500-60344a22ce2b: addNew group-22CE4606D816:[853a8d38-210a-40e1-a500-60344a22ce2b:192.168.34.10:41908] returns group-22CE4606D816:java.util.concurrent.CompletableFuture@25b0ec20[Not completed]
2019-08-21 01:02:47,026 [pool-505-thread-1] INFO  impl.RaftServerImpl (RaftServerImpl.java:<init>(93)) - 853a8d38-210a-40e1-a500-60344a22ce2b: new RaftServerImpl for group-22CE4606D816:[853a8d38-210a-40e1-a500-60344a22ce2b:192.168.34.10:41908] with ContainerStateMachine:uninitialized
2019-08-21 01:02:47,026 [pool-505-thread-1] INFO  server.RaftServerConfigKeys (ConfUtils.java:logGet(43)) - raft.server.rpc.timeout.min = 5s (custom)
2019-08-21 01:02:47,026 [pool-505-thread-1] INFO  server.RaftServerConfigKeys (ConfUtils.java:logGet(43)) - raft.server.rpc.timeout.max = 5200ms (custom)
2019-08-21 01:02:47,026 [pool-505-thread-1] INFO  server.RaftServerConfigKeys (ConfUtils.java:logGet(43)) - raft.server.rpcslowness.timeout = 120s (custom)
2019-08-21 01:02:47,027 [pool-505-thread-1] INFO  server.RaftServerConfigKeys (ConfUtils.java:logGet(43)) - raft.server.sleep.deviation.threshold = 300 (default)
2019-08-21 01:02:47,027 [pool-505-thread-1] INFO  server.RaftServerConfigKeys (ConfUtils.java:logGet(43)) - raft.server.log.appender.install.snapshot.enabled = false (custom)
2019-08-21 01:02:47,027 [pool-505-thread-1] INFO  impl.RaftServerImpl (ServerState.java:<init>(105)) - 853a8d38-210a-40e1-a500-60344a22ce2b:group-22CE4606D816 ConfigurationManager, init=-1: [853a8d38-210a-40e1-a500-60344a22ce2b:192.168.34.10:41908], old=null, confs=<EMPTY_MAP>
2019-08-21 01:02:47,027 [pool-505-thread-1] INFO  server.RaftServerConfigKeys (ConfUtils.java:logGet(43)) - raft.server.storage.dir = [/workdir/hadoop-ozone/integration-test/target/test-dir/MiniOzoneClusterImpl-b121f0fa-5b36-4e30-bdae-6f5cf730914f/datanode-6/data/ratis] (custom)
2019-08-21 01:02:47,028 [pool-505-thread-1] INFO  storage.RaftStorageDirectory (RaftStorageDirectory.java:analyzeStorage(246)) - The storage directory /workdir/hadoop-ozone/integration-test/target/test-dir/MiniOzoneClusterImpl-b121f0fa-5b36-4e30-bdae-6f5cf730914f/datanode-6/data/ratis/b8d82d89-1258-41c2-a0a8-22ce4606d816 does not exist. Creating ...
2019-08-21 01:02:47,040 [pool-505-thread-1] INFO  storage.RaftStorageDirectory (RaftStorageDirectory.java:tryLock(328)) - Lock on /workdir/hadoop-ozone/integration-test/target/test-dir/MiniOzoneClusterImpl-b121f0fa-5b36-4e30-bdae-6f5cf730914f/datanode-6/data/ratis/b8d82d89-1258-41c2-a0a8-22ce4606d816/in_use.lock acquired by nodename 11957@pr-hdds-1927-qfsst-2448355857
2019-08-21 01:02:47,053 [pool-505-thread-1] INFO  storage.RaftStorage (RaftStorage.java:format(72)) - Storage directory /workdir/hadoop-ozone/integration-test/target/test-dir/MiniOzoneClusterImpl-b121f0fa-5b36-4e30-bdae-6f5cf730914f/datanode-6/data/ratis/b8d82d89-1258-41c2-a0a8-22ce4606d816 has been successfully formatted.
2019-08-21 01:02:47,054 [pool-505-thread-1] INFO  ratis.ContainerStateMachine (ContainerStateMachine.java:loadSnapshot(226)) - group-22CE4606D816: The snapshot info is null. Setting the last applied indexto:(t:0, i:~)
2019-08-21 01:02:47,054 [pool-505-thread-1] INFO  server.RaftServerConfigKeys (ConfUtils.java:logGet(43)) - raft.server.leader.election.timeout = 120s (custom)
2019-08-21 01:02:47,054 [pool-505-thread-1] INFO  server.RaftServerConfigKeys (ConfUtils.java:logGet(43)) - raft.server.log.use.memory = false (default)
2019-08-21 01:02:47,054 [pool-505-thread-1] INFO  server.RaftServerConfigKeys (ConfUtils.java:logGet(43)) - raft.server.log.purge.gap = 1000000 (custom)
2019-08-21 01:02:47,054 [pool-505-thread-1] INFO  server.RaftServerConfigKeys (ConfUtils.java:logGet(43)) - raft.server.log.appender.buffer.byte-limit = 33554432 (custom)
2019-08-21 01:02:47,054 [pool-505-thread-1] INFO  server.RaftServerConfigKeys (ConfUtils.java:logGet(43)) - raft.server.log.segment.size.max = 1048576 (custom)
2019-08-21 01:02:47,054 [pool-505-thread-1] INFO  server.RaftServerConfigKeys (ConfUtils.java:logGet(43)) - raft.server.log.segment.cache.num.max = 2 (custom)
2019-08-21 01:02:47,055 [pool-505-thread-1] INFO  segmented.SegmentedRaftLogWorker (SegmentedRaftLogWorker.java:<init>(172)) - new 853a8d38-210a-40e1-a500-60344a22ce2b-SegmentedRaftLogWorker:Storage Directory /workdir/hadoop-ozone/integration-test/target/test-dir/MiniOzoneClusterImpl-b121f0fa-5b36-4e30-bdae-6f5cf730914f/datanode-6/data/ratis/b8d82d89-1258-41c2-a0a8-22ce4606d816 for RaftStorage:Storage Directory /workdir/hadoop-ozone/integration-test/target/test-dir/MiniOzoneClusterImpl-b121f0fa-5b36-4e30-bdae-6f5cf730914f/datanode-6/data/ratis/b8d82d89-1258-41c2-a0a8-22ce4606d816
2019-08-21 01:02:47,055 [pool-505-thread-1] INFO  server.RaftServerConfigKeys (ConfUtils.java:logGet(43)) - raft.server.log.queue.byte-limit = 2147483647 (custom)
2019-08-21 01:02:47,055 [pool-505-thread-1] INFO  server.RaftServerConfigKeys (ConfUtils.java:logGet(43)) - raft.server.log.queue.element-limit = 1024 (custom)
2019-08-21 01:02:47,055 [pool-505-thread-1] INFO  server.RaftServerConfigKeys (ConfUtils.java:logGet(43)) - raft.server.log.segment.size.max = 1048576 (custom)
2019-08-21 01:02:47,055 [pool-505-thread-1] INFO  server.RaftServerConfigKeys (ConfUtils.java:logGet(43)) - raft.server.log.preallocated.size = 16384 (custom)
2019-08-21 01:02:47,055 [pool-505-thread-1] INFO  server.RaftServerConfigKeys (ConfUtils.java:logGet(43)) - raft.server.log.write.buffer.size = 33554432 (custom)
2019-08-21 01:02:47,056 [pool-505-thread-1] INFO  server.RaftServerConfigKeys (ConfUtils.java:logGet(43)) - raft.server.log.force.sync.num = 128 (default)
2019-08-21 01:02:47,056 [pool-505-thread-1] INFO  server.RaftServerConfigKeys (ConfUtils.java:logGet(43)) - raft.server.log.statemachine.data.sync = true (default)
2019-08-21 01:02:47,056 [pool-505-thread-1] INFO  server.RaftServerConfigKeys (ConfUtils.java:logGet(43)) - raft.server.log.statemachine.data.sync.timeout = 10s (default)
2019-08-21 01:02:47,056 [pool-505-thread-1] INFO  server.RaftServerConfigKeys (ConfUtils.java:logGet(43)) - raft.server.log.statemachine.data.sync.timeout.retry = -1 (default)
2019-08-21 01:02:47,057 [pool-505-thread-1] INFO  server.RaftServerConfigKeys (ConfUtils.java:logGet(43)) - raft.server.log.statemachine.data.caching.enabled = true (custom)
2019-08-21 01:02:47,057 [pool-505-thread-1] INFO  segmented.SegmentedRaftLogWorker (SegmentedRaftLogWorker.java:lambda$new$0(132)) - 853a8d38-210a-40e1-a500-60344a22ce2b-SegmentedRaftLogWorker:Storage Directory /workdir/hadoop-ozone/integration-test/target/test-dir/MiniOzoneClusterImpl-b121f0fa-5b36-4e30-bdae-6f5cf730914f/datanode-6/data/ratis/b8d82d89-1258-41c2-a0a8-22ce4606d816: flushIndex: setUnconditionally 0 -> -1
2019-08-21 01:02:47,057 [pool-505-thread-1] INFO  server.RaftServerConfigKeys (ConfUtils.java:logGet(43)) - raft.server.snapshot.auto.trigger.enabled = true (custom)
2019-08-21 01:02:47,057 [pool-505-thread-1] INFO  server.RaftServerConfigKeys (ConfUtils.java:logGet(43)) - raft.server.snapshot.auto.trigger.threshold = 10000 (custom)
2019-08-21 01:02:47,057 [pool-505-thread-1] INFO  server.RaftServerConfigKeys (ConfUtils.java:logGet(43)) - raft.server.retrycache.expirytime = 600000ms (custom)
2019-08-21 01:02:47,058 [pool-505-thread-1] INFO  impl.RaftServerImpl (RaftServerImpl.java:start(180)) - 853a8d38-210a-40e1-a500-60344a22ce2b: start group-22CE4606D816
2019-08-21 01:02:47,058 [pool-505-thread-1] INFO  impl.RaftServerImpl (RaftServerImpl.java:setRole(171)) - 853a8d38-210a-40e1-a500-60344a22ce2b:group-22CE4606D816 changes role from null to FOLLOWER at term 0 for startAsFollower
2019-08-21 01:02:47,058 [pool-505-thread-1] INFO  impl.RoleInfo (RoleInfo.java:updateAndGet(143)) - 853a8d38-210a-40e1-a500-60344a22ce2b: start FollowerState
2019-08-21 01:02:47,058 [pool-505-thread-1] INFO  util.JmxRegister (JmxRegister.java:tryRegister(44)) - Successfully registered JMX Bean with object name Ratis:service=RaftServer,group=group-22CE4606D816,id=853a8d38-210a-40e1-a500-60344a22ce2b
2019-08-21 01:02:47,060 [RatisPipelineUtilsThread] INFO  pipeline.PipelineStateManager (PipelineStateManager.java:addPipeline(56)) - Created pipeline Pipeline[ Id: b8d82d89-1258-41c2-a0a8-22ce4606d816, Nodes: 853a8d38-210a-40e1-a500-60344a22ce2b{ip: 192.168.34.10, host: pr-hdds-1927-qfsst-2448355857, networkLocation: /default-rack, certSerialId: null}, Type:RATIS, Factor:ONE, State:OPEN]
2019-08-21 01:02:47,803 | INFO  | SCMAudit | user=jenkins1000 | ip=192.168.34.10 | op=SEND_HEARTBEAT {datanodeUUID=f7fc252f-131b-479f-9e1d-bf8bc8cd8a61, command=[]} | ret=SUCCESS |  
2019-08-21 01:02:47,975 | INFO  | SCMAudit | user=jenkins1000 | ip=192.168.34.10 | op=SEND_HEARTBEAT {datanodeUUID=0fe1d74e-166c-4d98-8cc5-3a12f218ca10, command=[]} | ret=SUCCESS |  
2019-08-21 01:02:48,014 [main] INFO  ozone.MiniOzoneClusterImpl (MiniOzoneClusterImpl.java:lambda$waitForClusterToBeReady$0(142)) - Cluster is ready. Got 7 of 7 DN Heartbeats.
2019-08-21 01:02:48,045 [main] INFO  rpc.RpcClient (RpcClient.java:createVolume(293)) - Creating Volume: testblockoutputstream, with jenkins1000 as owner.
2019-08-21 01:02:48,047 | INFO  | OMAudit | user=jenkins1000 | ip=127.0.0.1 | op=CREATE_VOLUME {admin=jenkins1000, owner=jenkins1000, volume=testblockoutputstream, creationTime=1566349368046, quotaInBytes=1152921504606846976} | ret=SUCCESS |  
2019-08-21 01:02:48,056 | INFO  | OMAudit | user=jenkins1000 | ip=127.0.0.1 | op=READ_VOLUME {volume=testblockoutputstream} | ret=SUCCESS |  
2019-08-21 01:02:48,057 [main] INFO  rpc.RpcClient (RpcClient.java:createBucket(432)) - Creating Bucket: testblockoutputstream/testblockoutputstream, with Versioning false and Storage Type set to DISK and Encryption set to false 
2019-08-21 01:02:48,061 | INFO  | OMAudit | user=jenkins1000 | ip=127.0.0.1 | op=CREATE_BUCKET {volume=testblockoutputstream, bucket=testblockoutputstream, acls=[user:jenkins1000:a[ACCESS], group:default:a[ACCESS]], isVersionEnabled=false, storageType=DISK, creationTime=0} | ret=SUCCESS |  
2019-08-21 01:02:48,062 | INFO  | OMAudit | user=jenkins1000 | ip=127.0.0.1 | op=READ_VOLUME {volume=testblockoutputstream} | ret=SUCCESS |  
2019-08-21 01:02:48,064 | INFO  | OMAudit | user=jenkins1000 | ip=127.0.0.1 | op=READ_BUCKET {volume=testblockoutputstream, bucket=testblockoutputstream} | ret=SUCCESS |  
2019-08-21 01:02:48,067 | INFO  | SCMAudit | user=jenkins1000 | ip=192.168.34.10 | op=ALLOCATE_BLOCK {owner=3cd6713e-455c-4986-9e28-5c8b1643dbf5, size=800, type=RATIS, factor=THREE} | ret=SUCCESS |  
2019-08-21 01:02:48,070 | INFO  | OMAudit | user=jenkins1000 | ip=127.0.0.1 | op=ALLOCATE_KEY {volume=testblockoutputstream, bucket=testblockoutputstream, key=a43dcc7b-9ef6-4793-9d2e-6bda93124094, dataSize=0, replicationType=RATIS, replicationFactor=THREE, keyLocationInfo=null} | ret=SUCCESS |  
2019-08-21 01:02:48,083 [grpc-default-executor-7] INFO  client.GrpcClientProtocolClient (GrpcClientProtocolClient.java:onNext(255)) - client-B5CAA62F7100->0fe1d74e-166c-4d98-8cc5-3a12f218ca10: receive RaftClientReply:client-B5CAA62F7100->0fe1d74e-166c-4d98-8cc5-3a12f218ca10@group-3528105455D3, cid=175, FAILED org.apache.ratis.protocol.NotLeaderException: Server 0fe1d74e-166c-4d98-8cc5-3a12f218ca10 is not the leader (null). Request must be sent to leader., logIndex=0, commits[0fe1d74e-166c-4d98-8cc5-3a12f218ca10:c-1]
2019-08-21 01:02:48,335 | INFO  | SCMAudit | user=jenkins1000 | ip=192.168.34.10 | op=SEND_HEARTBEAT {datanodeUUID=da6cf7a5-fd86-493b-8551-65e1ed8dd98c, command=[]} | ret=SUCCESS |  
2019-08-21 01:02:48,511 | INFO  | SCMAudit | user=jenkins1000 | ip=192.168.34.10 | op=SEND_HEARTBEAT {datanodeUUID=a8f43d7f-8ab9-4263-bc60-233f29780d16, command=[]} | ret=SUCCESS |  
2019-08-21 01:02:48,684 | INFO  | SCMAudit | user=jenkins1000 | ip=192.168.34.10 | op=SEND_HEARTBEAT {datanodeUUID=24a30f30-831a-4833-93ea-707e8199d09b, command=[]} | ret=SUCCESS |  
2019-08-21 01:02:48,802 | INFO  | SCMAudit | user=jenkins1000 | ip=192.168.34.10 | op=SEND_HEARTBEAT {datanodeUUID=f7fc252f-131b-479f-9e1d-bf8bc8cd8a61, command=[]} | ret=SUCCESS |  
2019-08-21 01:02:48,814 [Thread-3295] INFO  container.ReplicationManager (ReplicationManager.java:start(152)) - Starting Replication Monitor Thread.
2019-08-21 01:02:48,819 [ReplicationMonitor] INFO  container.ReplicationManager (ReplicationManager.java:run(215)) - Replication Monitor Thread took 0 milliseconds for processing 1 containers.
2019-08-21 01:02:48,855 | INFO  | SCMAudit | user=jenkins1000 | ip=192.168.34.10 | op=SEND_HEARTBEAT {datanodeUUID=fccca5a2-55db-4efd-8b7f-8a266599827f, command=[]} | ret=SUCCESS |  
2019-08-21 01:02:48,976 | INFO  | SCMAudit | user=jenkins1000 | ip=192.168.34.10 | op=SEND_HEARTBEAT {datanodeUUID=0fe1d74e-166c-4d98-8cc5-3a12f218ca10, command=[]} | ret=SUCCESS |  
2019-08-21 01:02:49,015 | INFO  | SCMAudit | user=jenkins1000 | ip=192.168.34.10 | op=SEND_HEARTBEAT {datanodeUUID=853a8d38-210a-40e1-a500-60344a22ce2b, command=[]} | ret=SUCCESS |  
2019-08-21 01:02:49,097 [grpc-default-executor-7] INFO  client.GrpcClientProtocolClient (GrpcClientProtocolClient.java:onNext(255)) - client-B5CAA62F7100->da6cf7a5-fd86-493b-8551-65e1ed8dd98c: receive RaftClientReply:client-B5CAA62F7100->da6cf7a5-fd86-493b-8551-65e1ed8dd98c@group-3528105455D3, cid=175, FAILED org.apache.ratis.protocol.NotLeaderException: Server da6cf7a5-fd86-493b-8551-65e1ed8dd98c is not the leader (null). Request must be sent to leader., logIndex=0, commits[da6cf7a5-fd86-493b-8551-65e1ed8dd98c:c-1]
2019-08-21 01:02:49,336 | INFO  | SCMAudit | user=jenkins1000 | ip=192.168.34.10 | op=SEND_HEARTBEAT {datanodeUUID=da6cf7a5-fd86-493b-8551-65e1ed8dd98c, command=[]} | ret=SUCCESS |  
2019-08-21 01:02:49,511 | INFO  | SCMAudit | user=jenkins1000 | ip=192.168.34.10 | op=SEND_HEARTBEAT {datanodeUUID=a8f43d7f-8ab9-4263-bc60-233f29780d16, command=[]} | ret=SUCCESS |  
2019-08-21 01:02:49,684 | INFO  | SCMAudit | user=jenkins1000 | ip=192.168.34.10 | op=SEND_HEARTBEAT {datanodeUUID=24a30f30-831a-4833-93ea-707e8199d09b, command=[]} | ret=SUCCESS |  
2019-08-21 01:02:49,802 | INFO  | SCMAudit | user=jenkins1000 | ip=192.168.34.10 | op=SEND_HEARTBEAT {datanodeUUID=f7fc252f-131b-479f-9e1d-bf8bc8cd8a61, command=[]} | ret=SUCCESS |  
2019-08-21 01:02:49,855 | INFO  | SCMAudit | user=jenkins1000 | ip=192.168.34.10 | op=SEND_HEARTBEAT {datanodeUUID=fccca5a2-55db-4efd-8b7f-8a266599827f, command=[]} | ret=SUCCESS |  
2019-08-21 01:02:49,975 | INFO  | SCMAudit | user=jenkins1000 | ip=192.168.34.10 | op=SEND_HEARTBEAT {datanodeUUID=0fe1d74e-166c-4d98-8cc5-3a12f218ca10, command=[]} | ret=SUCCESS |  
2019-08-21 01:02:50,014 | INFO  | SCMAudit | user=jenkins1000 | ip=192.168.34.10 | op=SEND_HEARTBEAT {datanodeUUID=853a8d38-210a-40e1-a500-60344a22ce2b, command=[]} | ret=SUCCESS |  
2019-08-21 01:02:50,109 [grpc-default-executor-7] INFO  client.GrpcClientProtocolClient (GrpcClientProtocolClient.java:onNext(255)) - client-B5CAA62F7100->0fe1d74e-166c-4d98-8cc5-3a12f218ca10: receive RaftClientReply:client-B5CAA62F7100->0fe1d74e-166c-4d98-8cc5-3a12f218ca10@group-3528105455D3, cid=175, FAILED org.apache.ratis.protocol.NotLeaderException: Server 0fe1d74e-166c-4d98-8cc5-3a12f218ca10 is not the leader (null). Request must be sent to leader., logIndex=0, commits[0fe1d74e-166c-4d98-8cc5-3a12f218ca10:c-1]
2019-08-21 01:02:50,335 | INFO  | SCMAudit | user=jenkins1000 | ip=192.168.34.10 | op=SEND_HEARTBEAT {datanodeUUID=da6cf7a5-fd86-493b-8551-65e1ed8dd98c, command=[]} | ret=SUCCESS |  
2019-08-21 01:02:50,511 | INFO  | SCMAudit | user=jenkins1000 | ip=192.168.34.10 | op=SEND_HEARTBEAT {datanodeUUID=a8f43d7f-8ab9-4263-bc60-233f29780d16, command=[]} | ret=SUCCESS |  
2019-08-21 01:02:50,685 | INFO  | SCMAudit | user=jenkins1000 | ip=192.168.34.10 | op=SEND_HEARTBEAT {datanodeUUID=24a30f30-831a-4833-93ea-707e8199d09b, command=[]} | ret=SUCCESS |  
2019-08-21 01:02:50,802 | INFO  | SCMAudit | user=jenkins1000 | ip=192.168.34.10 | op=SEND_HEARTBEAT {datanodeUUID=f7fc252f-131b-479f-9e1d-bf8bc8cd8a61, command=[]} | ret=SUCCESS |  
2019-08-21 01:02:50,855 | INFO  | SCMAudit | user=jenkins1000 | ip=192.168.34.10 | op=SEND_HEARTBEAT {datanodeUUID=fccca5a2-55db-4efd-8b7f-8a266599827f, command=[]} | ret=SUCCESS |  
2019-08-21 01:02:50,942 [Thread-3297] INFO  impl.FollowerState (FollowerState.java:run(106)) - f7fc252f-131b-479f-9e1d-bf8bc8cd8a61:group-59BB1868FAF7 changes to CANDIDATE, lastRpcTime:5072, electionTimeout:5072ms
2019-08-21 01:02:50,942 [Thread-3297] INFO  impl.RoleInfo (RoleInfo.java:shutdownFollowerState(121)) - f7fc252f-131b-479f-9e1d-bf8bc8cd8a61: shutdown FollowerState
2019-08-21 01:02:50,942 [Thread-3297] INFO  impl.RaftServerImpl (RaftServerImpl.java:setRole(171)) - f7fc252f-131b-479f-9e1d-bf8bc8cd8a61:group-59BB1868FAF7 changes role from FOLLOWER to CANDIDATE at term 0 for changeToCandidate
2019-08-21 01:02:50,942 [Thread-3297] INFO  impl.RoleInfo (RoleInfo.java:updateAndGet(143)) - f7fc252f-131b-479f-9e1d-bf8bc8cd8a61: start LeaderElection
2019-08-21 01:02:50,973 [f7fc252f-131b-479f-9e1d-bf8bc8cd8a61:group-59BB1868FAF7:LeaderElection55] INFO  impl.LeaderElection (LeaderElection.java:askForVotes(181)) - f7fc252f-131b-479f-9e1d-bf8bc8cd8a61:group-59BB1868FAF7:LeaderElection55: begin an election at term 1 for -1: [f7fc252f-131b-479f-9e1d-bf8bc8cd8a61:192.168.34.10:34883], old=null
2019-08-21 01:02:50,974 [f7fc252f-131b-479f-9e1d-bf8bc8cd8a61:group-59BB1868FAF7:LeaderElection55] INFO  impl.RoleInfo (RoleInfo.java:shutdownLeaderElection(134)) - f7fc252f-131b-479f-9e1d-bf8bc8cd8a61: shutdown LeaderElection
2019-08-21 01:02:50,974 [f7fc252f-131b-479f-9e1d-bf8bc8cd8a61:group-59BB1868FAF7:LeaderElection55] INFO  impl.RaftServerImpl (RaftServerImpl.java:setRole(171)) - f7fc252f-131b-479f-9e1d-bf8bc8cd8a61:group-59BB1868FAF7 changes role from CANDIDATE to LEADER at term 1 for changeToLeader
2019-08-21 01:02:50,974 [f7fc252f-131b-479f-9e1d-bf8bc8cd8a61:group-59BB1868FAF7:LeaderElection55] INFO  impl.RaftServerImpl (ServerState.java:setLeader(263)) - f7fc252f-131b-479f-9e1d-bf8bc8cd8a61:group-59BB1868FAF7 change Leader from null to f7fc252f-131b-479f-9e1d-bf8bc8cd8a61 at term 1 for becomeLeader, leader elected after 5108ms
2019-08-21 01:02:50,974 [f7fc252f-131b-479f-9e1d-bf8bc8cd8a61:group-59BB1868FAF7:LeaderElection55] INFO  server.RaftServerConfigKeys (ConfUtils.java:logGet(43)) - raft.server.staging.catchup.gap = 1000 (default)
2019-08-21 01:02:50,974 [f7fc252f-131b-479f-9e1d-bf8bc8cd8a61:group-59BB1868FAF7:LeaderElection55] INFO  server.RaftServerConfigKeys (ConfUtils.java:logGet(43)) - raft.server.rpc.sleep.time = 25ms (default)
2019-08-21 01:02:50,974 [f7fc252f-131b-479f-9e1d-bf8bc8cd8a61:group-59BB1868FAF7:LeaderElection55] INFO  server.RaftServerConfigKeys (ConfUtils.java:logGet(43)) - raft.server.write.element-limit = 4096 (default)
2019-08-21 01:02:50,975 [f7fc252f-131b-479f-9e1d-bf8bc8cd8a61:group-59BB1868FAF7:LeaderElection55] INFO  server.RaftServerConfigKeys (ConfUtils.java:logGet(43)) - raft.server.watch.timeout = 10s (default)
2019-08-21 01:02:50,975 [f7fc252f-131b-479f-9e1d-bf8bc8cd8a61:group-59BB1868FAF7:LeaderElection55] INFO  server.RaftServerConfigKeys (ConfUtils.java:logGet(43)) - raft.server.watch.timeout.denomination = 1s (default)
2019-08-21 01:02:50,975 [f7fc252f-131b-479f-9e1d-bf8bc8cd8a61:group-59BB1868FAF7:LeaderElection55] INFO  server.RaftServerConfigKeys (ConfUtils.java:logGet(43)) - raft.server.watch.element-limit = 65536 (default)
2019-08-21 01:02:50,975 [f7fc252f-131b-479f-9e1d-bf8bc8cd8a61:group-59BB1868FAF7:LeaderElection55] INFO  impl.RoleInfo (RoleInfo.java:updateAndGet(143)) - f7fc252f-131b-479f-9e1d-bf8bc8cd8a61: start LeaderState
2019-08-21 01:02:50,975 | INFO  | SCMAudit | user=jenkins1000 | ip=192.168.34.10 | op=SEND_HEARTBEAT {datanodeUUID=0fe1d74e-166c-4d98-8cc5-3a12f218ca10, command=[]} | ret=SUCCESS |  
2019-08-21 01:02:50,976 [f7fc252f-131b-479f-9e1d-bf8bc8cd8a61:group-59BB1868FAF7:LeaderElection55] INFO  segmented.SegmentedRaftLogWorker (SegmentedRaftLogWorker.java:startLogSegment(380)) - f7fc252f-131b-479f-9e1d-bf8bc8cd8a61-SegmentedRaftLogWorker:Storage Directory /workdir/hadoop-ozone/integration-test/target/test-dir/MiniOzoneClusterImpl-b121f0fa-5b36-4e30-bdae-6f5cf730914f/datanode-0/data/ratis/ec82a8df-300b-483c-a2c5-59bb1868faf7: Starting segment from index:0
2019-08-21 01:02:50,976 [f7fc252f-131b-479f-9e1d-bf8bc8cd8a61:group-59BB1868FAF7:LeaderElection55] INFO  impl.RaftServerImpl (ServerState.java:setRaftConf(361)) - f7fc252f-131b-479f-9e1d-bf8bc8cd8a61:group-59BB1868FAF7 set configuration 0: [f7fc252f-131b-479f-9e1d-bf8bc8cd8a61:192.168.34.10:34883], old=null at 0
2019-08-21 01:02:51,014 | INFO  | SCMAudit | user=jenkins1000 | ip=192.168.34.10 | op=SEND_HEARTBEAT {datanodeUUID=853a8d38-210a-40e1-a500-60344a22ce2b, command=[]} | ret=SUCCESS |  
2019-08-21 01:02:51,026 [f7fc252f-131b-479f-9e1d-bf8bc8cd8a61-SegmentedRaftLogWorker:Storage Directory /workdir/hadoop-ozone/integration-test/target/test-dir/MiniOzoneClusterImpl-b121f0fa-5b36-4e30-bdae-6f5cf730914f/datanode-0/data/ratis/ec82a8df-300b-483c-a2c5-59bb1868faf7] INFO  segmented.SegmentedRaftLogWorker (SegmentedRaftLogWorker.java:execute(569)) - f7fc252f-131b-479f-9e1d-bf8bc8cd8a61-SegmentedRaftLogWorker:Storage Directory /workdir/hadoop-ozone/integration-test/target/test-dir/MiniOzoneClusterImpl-b121f0fa-5b36-4e30-bdae-6f5cf730914f/datanode-0/data/ratis/ec82a8df-300b-483c-a2c5-59bb1868faf7: created new log segment /workdir/hadoop-ozone/integration-test/target/test-dir/MiniOzoneClusterImpl-b121f0fa-5b36-4e30-bdae-6f5cf730914f/datanode-0/data/ratis/ec82a8df-300b-483c-a2c5-59bb1868faf7/current/log_inprogress_0
2019-08-21 01:02:51,135 [grpc-default-executor-7] INFO  client.GrpcClientProtocolClient (GrpcClientProtocolClient.java:onNext(255)) - client-B5CAA62F7100->f7fc252f-131b-479f-9e1d-bf8bc8cd8a61: receive RaftClientReply:client-B5CAA62F7100->f7fc252f-131b-479f-9e1d-bf8bc8cd8a61@group-3528105455D3, cid=175, FAILED org.apache.ratis.protocol.NotLeaderException: Server f7fc252f-131b-479f-9e1d-bf8bc8cd8a61 is not the leader (null). Request must be sent to leader., logIndex=0, commits[f7fc252f-131b-479f-9e1d-bf8bc8cd8a61:c-1]
2019-08-21 01:02:51,138 [Thread-3300] INFO  impl.FollowerState (FollowerState.java:run(106)) - 0fe1d74e-166c-4d98-8cc5-3a12f218ca10:group-DB721C20318B changes to CANDIDATE, lastRpcTime:5117, electionTimeout:5116ms
2019-08-21 01:02:51,138 [Thread-3300] INFO  impl.RoleInfo (RoleInfo.java:shutdownFollowerState(121)) - 0fe1d74e-166c-4d98-8cc5-3a12f218ca10: shutdown FollowerState
2019-08-21 01:02:51,138 [Thread-3300] INFO  impl.RaftServerImpl (RaftServerImpl.java:setRole(171)) - 0fe1d74e-166c-4d98-8cc5-3a12f218ca10:group-DB721C20318B changes role from FOLLOWER to CANDIDATE at term 0 for changeToCandidate
2019-08-21 01:02:51,138 [Thread-3300] INFO  impl.RoleInfo (RoleInfo.java:updateAndGet(143)) - 0fe1d74e-166c-4d98-8cc5-3a12f218ca10: start LeaderElection
2019-08-21 01:02:51,168 [0fe1d74e-166c-4d98-8cc5-3a12f218ca10:group-DB721C20318B:LeaderElection56] INFO  impl.LeaderElection (LeaderElection.java:askForVotes(181)) - 0fe1d74e-166c-4d98-8cc5-3a12f218ca10:group-DB721C20318B:LeaderElection56: begin an election at term 1 for -1: [0fe1d74e-166c-4d98-8cc5-3a12f218ca10:192.168.34.10:34757], old=null
2019-08-21 01:02:51,168 [0fe1d74e-166c-4d98-8cc5-3a12f218ca10:group-DB721C20318B:LeaderElection56] INFO  impl.RoleInfo (RoleInfo.java:shutdownLeaderElection(134)) - 0fe1d74e-166c-4d98-8cc5-3a12f218ca10: shutdown LeaderElection
2019-08-21 01:02:51,168 [0fe1d74e-166c-4d98-8cc5-3a12f218ca10:group-DB721C20318B:LeaderElection56] INFO  impl.RaftServerImpl (RaftServerImpl.java:setRole(171)) - 0fe1d74e-166c-4d98-8cc5-3a12f218ca10:group-DB721C20318B changes role from CANDIDATE to LEADER at term 1 for changeToLeader
2019-08-21 01:02:51,168 [0fe1d74e-166c-4d98-8cc5-3a12f218ca10:group-DB721C20318B:LeaderElection56] INFO  impl.RaftServerImpl (ServerState.java:setLeader(263)) - 0fe1d74e-166c-4d98-8cc5-3a12f218ca10:group-DB721C20318B change Leader from null to 0fe1d74e-166c-4d98-8cc5-3a12f218ca10 at term 1 for becomeLeader, leader elected after 5152ms
2019-08-21 01:02:51,168 [0fe1d74e-166c-4d98-8cc5-3a12f218ca10:group-DB721C20318B:LeaderElection56] INFO  server.RaftServerConfigKeys (ConfUtils.java:logGet(43)) - raft.server.staging.catchup.gap = 1000 (default)
2019-08-21 01:02:51,169 [0fe1d74e-166c-4d98-8cc5-3a12f218ca10:group-DB721C20318B:LeaderElection56] INFO  server.RaftServerConfigKeys (ConfUtils.java:logGet(43)) - raft.server.rpc.sleep.time = 25ms (default)
2019-08-21 01:02:51,169 [0fe1d74e-166c-4d98-8cc5-3a12f218ca10:group-DB721C20318B:LeaderElection56] INFO  server.RaftServerConfigKeys (ConfUtils.java:logGet(43)) - raft.server.write.element-limit = 4096 (default)
2019-08-21 01:02:51,169 [0fe1d74e-166c-4d98-8cc5-3a12f218ca10:group-DB721C20318B:LeaderElection56] INFO  server.RaftServerConfigKeys (ConfUtils.java:logGet(43)) - raft.server.watch.timeout = 10s (default)
2019-08-21 01:02:51,169 [0fe1d74e-166c-4d98-8cc5-3a12f218ca10:group-DB721C20318B:LeaderElection56] INFO  server.RaftServerConfigKeys (ConfUtils.java:logGet(43)) - raft.server.watch.timeout.denomination = 1s (default)
2019-08-21 01:02:51,169 [0fe1d74e-166c-4d98-8cc5-3a12f218ca10:group-DB721C20318B:LeaderElection56] INFO  server.RaftServerConfigKeys (ConfUtils.java:logGet(43)) - raft.server.watch.element-limit = 65536 (default)
2019-08-21 01:02:51,169 [0fe1d74e-166c-4d98-8cc5-3a12f218ca10:group-DB721C20318B:LeaderElection56] INFO  impl.RoleInfo (RoleInfo.java:updateAndGet(143)) - 0fe1d74e-166c-4d98-8cc5-3a12f218ca10: start LeaderState
2019-08-21 01:02:51,170 [0fe1d74e-166c-4d98-8cc5-3a12f218ca10:group-DB721C20318B:LeaderElection56] INFO  segmented.SegmentedRaftLogWorker (SegmentedRaftLogWorker.java:startLogSegment(380)) - 0fe1d74e-166c-4d98-8cc5-3a12f218ca10-SegmentedRaftLogWorker:Storage Directory /workdir/hadoop-ozone/integration-test/target/test-dir/MiniOzoneClusterImpl-b121f0fa-5b36-4e30-bdae-6f5cf730914f/datanode-1/data/ratis/c2c0d5c9-9911-4f42-9b8a-db721c20318b: Starting segment from index:0
2019-08-21 01:02:51,170 [0fe1d74e-166c-4d98-8cc5-3a12f218ca10:group-DB721C20318B:LeaderElection56] INFO  impl.RaftServerImpl (ServerState.java:setRaftConf(361)) - 0fe1d74e-166c-4d98-8cc5-3a12f218ca10:group-DB721C20318B set configuration 0: [0fe1d74e-166c-4d98-8cc5-3a12f218ca10:192.168.34.10:34757], old=null at 0
2019-08-21 01:02:51,230 [0fe1d74e-166c-4d98-8cc5-3a12f218ca10-SegmentedRaftLogWorker:Storage Directory /workdir/hadoop-ozone/integration-test/target/test-dir/MiniOzoneClusterImpl-b121f0fa-5b36-4e30-bdae-6f5cf730914f/datanode-1/data/ratis/c2c0d5c9-9911-4f42-9b8a-db721c20318b] INFO  segmented.SegmentedRaftLogWorker (SegmentedRaftLogWorker.java:execute(569)) - 0fe1d74e-166c-4d98-8cc5-3a12f218ca10-SegmentedRaftLogWorker:Storage Directory /workdir/hadoop-ozone/integration-test/target/test-dir/MiniOzoneClusterImpl-b121f0fa-5b36-4e30-bdae-6f5cf730914f/datanode-1/data/ratis/c2c0d5c9-9911-4f42-9b8a-db721c20318b: created new log segment /workdir/hadoop-ozone/integration-test/target/test-dir/MiniOzoneClusterImpl-b121f0fa-5b36-4e30-bdae-6f5cf730914f/datanode-1/data/ratis/c2c0d5c9-9911-4f42-9b8a-db721c20318b/current/log_inprogress_0
2019-08-21 01:02:51,335 | INFO  | SCMAudit | user=jenkins1000 | ip=192.168.34.10 | op=SEND_HEARTBEAT {datanodeUUID=da6cf7a5-fd86-493b-8551-65e1ed8dd98c, command=[]} | ret=SUCCESS |  
2019-08-21 01:02:51,512 | INFO  | SCMAudit | user=jenkins1000 | ip=192.168.34.10 | op=SEND_HEARTBEAT {datanodeUUID=a8f43d7f-8ab9-4263-bc60-233f29780d16, command=[]} | ret=SUCCESS |  
2019-08-21 01:02:51,528 [Thread-3303] INFO  impl.FollowerState (FollowerState.java:run(106)) - da6cf7a5-fd86-493b-8551-65e1ed8dd98c:group-CABAD8B595B7 changes to CANDIDATE, lastRpcTime:5135, electionTimeout:5135ms
2019-08-21 01:02:51,528 [Thread-3303] INFO  impl.RoleInfo (RoleInfo.java:shutdownFollowerState(121)) - da6cf7a5-fd86-493b-8551-65e1ed8dd98c: shutdown FollowerState
2019-08-21 01:02:51,528 [Thread-3303] INFO  impl.RaftServerImpl (RaftServerImpl.java:setRole(171)) - da6cf7a5-fd86-493b-8551-65e1ed8dd98c:group-CABAD8B595B7 changes role from FOLLOWER to CANDIDATE at term 0 for changeToCandidate
2019-08-21 01:02:51,528 [Thread-3303] INFO  impl.RoleInfo (RoleInfo.java:updateAndGet(143)) - da6cf7a5-fd86-493b-8551-65e1ed8dd98c: start LeaderElection
2019-08-21 01:02:51,544 [Thread-3306] INFO  impl.FollowerState (FollowerState.java:run(106)) - 0fe1d74e-166c-4d98-8cc5-3a12f218ca10:group-3528105455D3 changes to CANDIDATE, lastRpcTime:5071, electionTimeout:5071ms
2019-08-21 01:02:51,544 [Thread-3306] INFO  impl.RoleInfo (RoleInfo.java:shutdownFollowerState(121)) - 0fe1d74e-166c-4d98-8cc5-3a12f218ca10: shutdown FollowerState
2019-08-21 01:02:51,544 [Thread-3306] INFO  impl.RaftServerImpl (RaftServerImpl.java:setRole(171)) - 0fe1d74e-166c-4d98-8cc5-3a12f218ca10:group-3528105455D3 changes role from FOLLOWER to CANDIDATE at term 0 for changeToCandidate
2019-08-21 01:02:51,544 [Thread-3306] INFO  impl.RoleInfo (RoleInfo.java:updateAndGet(143)) - 0fe1d74e-166c-4d98-8cc5-3a12f218ca10: start LeaderElection
2019-08-21 01:02:51,549 [da6cf7a5-fd86-493b-8551-65e1ed8dd98c:group-CABAD8B595B7:LeaderElection57] INFO  impl.LeaderElection (LeaderElection.java:askForVotes(181)) - da6cf7a5-fd86-493b-8551-65e1ed8dd98c:group-CABAD8B595B7:LeaderElection57: begin an election at term 1 for -1: [da6cf7a5-fd86-493b-8551-65e1ed8dd98c:192.168.34.10:36254], old=null
2019-08-21 01:02:51,549 [da6cf7a5-fd86-493b-8551-65e1ed8dd98c:group-CABAD8B595B7:LeaderElection57] INFO  impl.RoleInfo (RoleInfo.java:shutdownLeaderElection(134)) - da6cf7a5-fd86-493b-8551-65e1ed8dd98c: shutdown LeaderElection
2019-08-21 01:02:51,549 [da6cf7a5-fd86-493b-8551-65e1ed8dd98c:group-CABAD8B595B7:LeaderElection57] INFO  impl.RaftServerImpl (RaftServerImpl.java:setRole(171)) - da6cf7a5-fd86-493b-8551-65e1ed8dd98c:group-CABAD8B595B7 changes role from CANDIDATE to LEADER at term 1 for changeToLeader
2019-08-21 01:02:51,549 [da6cf7a5-fd86-493b-8551-65e1ed8dd98c:group-CABAD8B595B7:LeaderElection57] INFO  impl.RaftServerImpl (ServerState.java:setLeader(263)) - da6cf7a5-fd86-493b-8551-65e1ed8dd98c:group-CABAD8B595B7 change Leader from null to da6cf7a5-fd86-493b-8551-65e1ed8dd98c at term 1 for becomeLeader, leader elected after 5161ms
2019-08-21 01:02:51,549 [da6cf7a5-fd86-493b-8551-65e1ed8dd98c:group-CABAD8B595B7:LeaderElection57] INFO  server.RaftServerConfigKeys (ConfUtils.java:logGet(43)) - raft.server.staging.catchup.gap = 1000 (default)
2019-08-21 01:02:51,549 [da6cf7a5-fd86-493b-8551-65e1ed8dd98c:group-CABAD8B595B7:LeaderElection57] INFO  server.RaftServerConfigKeys (ConfUtils.java:logGet(43)) - raft.server.rpc.sleep.time = 25ms (default)
2019-08-21 01:02:51,550 [da6cf7a5-fd86-493b-8551-65e1ed8dd98c:group-CABAD8B595B7:LeaderElection57] INFO  server.RaftServerConfigKeys (ConfUtils.java:logGet(43)) - raft.server.write.element-limit = 4096 (default)
2019-08-21 01:02:51,550 [da6cf7a5-fd86-493b-8551-65e1ed8dd98c:group-CABAD8B595B7:LeaderElection57] INFO  server.RaftServerConfigKeys (ConfUtils.java:logGet(43)) - raft.server.watch.timeout = 10s (default)
2019-08-21 01:02:51,550 [da6cf7a5-fd86-493b-8551-65e1ed8dd98c:group-CABAD8B595B7:LeaderElection57] INFO  server.RaftServerConfigKeys (ConfUtils.java:logGet(43)) - raft.server.watch.timeout.denomination = 1s (default)
2019-08-21 01:02:51,550 [da6cf7a5-fd86-493b-8551-65e1ed8dd98c:group-CABAD8B595B7:LeaderElection57] INFO  server.RaftServerConfigKeys (ConfUtils.java:logGet(43)) - raft.server.watch.element-limit = 65536 (default)
2019-08-21 01:02:51,550 [da6cf7a5-fd86-493b-8551-65e1ed8dd98c:group-CABAD8B595B7:LeaderElection57] INFO  impl.RoleInfo (RoleInfo.java:updateAndGet(143)) - da6cf7a5-fd86-493b-8551-65e1ed8dd98c: start LeaderState
2019-08-21 01:02:51,551 [da6cf7a5-fd86-493b-8551-65e1ed8dd98c:group-CABAD8B595B7:LeaderElection57] INFO  segmented.SegmentedRaftLogWorker (SegmentedRaftLogWorker.java:startLogSegment(380)) - da6cf7a5-fd86-493b-8551-65e1ed8dd98c-SegmentedRaftLogWorker:Storage Directory /workdir/hadoop-ozone/integration-test/target/test-dir/MiniOzoneClusterImpl-b121f0fa-5b36-4e30-bdae-6f5cf730914f/datanode-2/data/ratis/c11a4461-9042-434b-a922-cabad8b595b7: Starting segment from index:0
2019-08-21 01:02:51,551 [da6cf7a5-fd86-493b-8551-65e1ed8dd98c:group-CABAD8B595B7:LeaderElection57] INFO  impl.RaftServerImpl (ServerState.java:setRaftConf(361)) - da6cf7a5-fd86-493b-8551-65e1ed8dd98c:group-CABAD8B595B7 set configuration 0: [da6cf7a5-fd86-493b-8551-65e1ed8dd98c:192.168.34.10:36254], old=null at 0
2019-08-21 01:02:51,591 [Thread-3311] INFO  impl.FollowerState (FollowerState.java:run(106)) - f7fc252f-131b-479f-9e1d-bf8bc8cd8a61:group-3528105455D3 changes to CANDIDATE, lastRpcTime:5091, electionTimeout:5078ms
2019-08-21 01:02:51,592 [Thread-3311] INFO  impl.RoleInfo (RoleInfo.java:shutdownFollowerState(121)) - f7fc252f-131b-479f-9e1d-bf8bc8cd8a61: shutdown FollowerState
2019-08-21 01:02:51,592 [Thread-3315] INFO  impl.FollowerState (FollowerState.java:run(106)) - a8f43d7f-8ab9-4263-bc60-233f29780d16:group-F83951DF55EB changes to CANDIDATE, lastRpcTime:5039, electionTimeout:5019ms
2019-08-21 01:02:51,592 [Thread-3311] INFO  impl.RaftServerImpl (RaftServerImpl.java:setRole(171)) - f7fc252f-131b-479f-9e1d-bf8bc8cd8a61:group-3528105455D3 changes role from FOLLOWER to CANDIDATE at term 0 for changeToCandidate
2019-08-21 01:02:51,592 [Thread-3310] INFO  impl.FollowerState (FollowerState.java:run(106)) - da6cf7a5-fd86-493b-8551-65e1ed8dd98c:group-3528105455D3 changes to CANDIDATE, lastRpcTime:5093, electionTimeout:5072ms
2019-08-21 01:02:51,592 [Thread-3310] INFO  impl.RoleInfo (RoleInfo.java:shutdownFollowerState(121)) - da6cf7a5-fd86-493b-8551-65e1ed8dd98c: shutdown FollowerState
2019-08-21 01:02:51,592 [Thread-3315] INFO  impl.RoleInfo (RoleInfo.java:shutdownFollowerState(121)) - a8f43d7f-8ab9-4263-bc60-233f29780d16: shutdown FollowerState
2019-08-21 01:02:51,592 [0fe1d74e-166c-4d98-8cc5-3a12f218ca10:group-3528105455D3:LeaderElection58] INFO  impl.LeaderElection (LeaderElection.java:askForVotes(181)) - 0fe1d74e-166c-4d98-8cc5-3a12f218ca10:group-3528105455D3:LeaderElection58: begin an election at term 1 for -1: [da6cf7a5-fd86-493b-8551-65e1ed8dd98c:192.168.34.10:36254, f7fc252f-131b-479f-9e1d-bf8bc8cd8a61:192.168.34.10:34883, 0fe1d74e-166c-4d98-8cc5-3a12f218ca10:192.168.34.10:34757], old=null
2019-08-21 01:02:51,592 [Thread-3310] INFO  impl.RaftServerImpl (RaftServerImpl.java:setRole(171)) - da6cf7a5-fd86-493b-8551-65e1ed8dd98c:group-3528105455D3 changes role from FOLLOWER to CANDIDATE at term 0 for changeToCandidate
2019-08-21 01:02:51,592 [Thread-3311] INFO  impl.RoleInfo (RoleInfo.java:updateAndGet(143)) - f7fc252f-131b-479f-9e1d-bf8bc8cd8a61: start LeaderElection
2019-08-21 01:02:51,593 [Thread-3310] INFO  impl.RoleInfo (RoleInfo.java:updateAndGet(143)) - da6cf7a5-fd86-493b-8551-65e1ed8dd98c: start LeaderElection
2019-08-21 01:02:51,592 [Thread-3315] INFO  impl.RaftServerImpl (RaftServerImpl.java:setRole(171)) - a8f43d7f-8ab9-4263-bc60-233f29780d16:group-F83951DF55EB changes role from FOLLOWER to CANDIDATE at term 0 for changeToCandidate
2019-08-21 01:02:51,596 [Thread-3315] INFO  impl.RoleInfo (RoleInfo.java:updateAndGet(143)) - a8f43d7f-8ab9-4263-bc60-233f29780d16: start LeaderElection
2019-08-21 01:02:51,615 [da6cf7a5-fd86-493b-8551-65e1ed8dd98c-SegmentedRaftLogWorker:Storage Directory /workdir/hadoop-ozone/integration-test/target/test-dir/MiniOzoneClusterImpl-b121f0fa-5b36-4e30-bdae-6f5cf730914f/datanode-2/data/ratis/c11a4461-9042-434b-a922-cabad8b595b7] INFO  segmented.SegmentedRaftLogWorker (SegmentedRaftLogWorker.java:execute(569)) - da6cf7a5-fd86-493b-8551-65e1ed8dd98c-SegmentedRaftLogWorker:Storage Directory /workdir/hadoop-ozone/integration-test/target/test-dir/MiniOzoneClusterImpl-b121f0fa-5b36-4e30-bdae-6f5cf730914f/datanode-2/data/ratis/c11a4461-9042-434b-a922-cabad8b595b7: created new log segment /workdir/hadoop-ozone/integration-test/target/test-dir/MiniOzoneClusterImpl-b121f0fa-5b36-4e30-bdae-6f5cf730914f/datanode-2/data/ratis/c11a4461-9042-434b-a922-cabad8b595b7/current/log_inprogress_0
2019-08-21 01:02:51,628 [a8f43d7f-8ab9-4263-bc60-233f29780d16:group-F83951DF55EB:LeaderElection61] INFO  impl.LeaderElection (LeaderElection.java:askForVotes(181)) - a8f43d7f-8ab9-4263-bc60-233f29780d16:group-F83951DF55EB:LeaderElection61: begin an election at term 1 for -1: [a8f43d7f-8ab9-4263-bc60-233f29780d16:192.168.34.10:36401], old=null
2019-08-21 01:02:51,628 [da6cf7a5-fd86-493b-8551-65e1ed8dd98c:group-3528105455D3:LeaderElection60] INFO  impl.LeaderElection (LeaderElection.java:askForVotes(181)) - da6cf7a5-fd86-493b-8551-65e1ed8dd98c:group-3528105455D3:LeaderElection60: begin an election at term 1 for -1: [da6cf7a5-fd86-493b-8551-65e1ed8dd98c:192.168.34.10:36254, f7fc252f-131b-479f-9e1d-bf8bc8cd8a61:192.168.34.10:34883, 0fe1d74e-166c-4d98-8cc5-3a12f218ca10:192.168.34.10:34757], old=null
2019-08-21 01:02:51,628 [a8f43d7f-8ab9-4263-bc60-233f29780d16:group-F83951DF55EB:LeaderElection61] INFO  impl.RoleInfo (RoleInfo.java:shutdownLeaderElection(134)) - a8f43d7f-8ab9-4263-bc60-233f29780d16: shutdown LeaderElection
2019-08-21 01:02:51,628 [f7fc252f-131b-479f-9e1d-bf8bc8cd8a61:group-3528105455D3:LeaderElection59] INFO  impl.LeaderElection (LeaderElection.java:askForVotes(181)) - f7fc252f-131b-479f-9e1d-bf8bc8cd8a61:group-3528105455D3:LeaderElection59: begin an election at term 1 for -1: [da6cf7a5-fd86-493b-8551-65e1ed8dd98c:192.168.34.10:36254, f7fc252f-131b-479f-9e1d-bf8bc8cd8a61:192.168.34.10:34883, 0fe1d74e-166c-4d98-8cc5-3a12f218ca10:192.168.34.10:34757], old=null
2019-08-21 01:02:51,628 [a8f43d7f-8ab9-4263-bc60-233f29780d16:group-F83951DF55EB:LeaderElection61] INFO  impl.RaftServerImpl (RaftServerImpl.java:setRole(171)) - a8f43d7f-8ab9-4263-bc60-233f29780d16:group-F83951DF55EB changes role from CANDIDATE to LEADER at term 1 for changeToLeader
2019-08-21 01:02:51,629 [a8f43d7f-8ab9-4263-bc60-233f29780d16:group-F83951DF55EB:LeaderElection61] INFO  impl.RaftServerImpl (ServerState.java:setLeader(263)) - a8f43d7f-8ab9-4263-bc60-233f29780d16:group-F83951DF55EB change Leader from null to a8f43d7f-8ab9-4263-bc60-233f29780d16 at term 1 for becomeLeader, leader elected after 5080ms
2019-08-21 01:02:51,629 [a8f43d7f-8ab9-4263-bc60-233f29780d16:group-F83951DF55EB:LeaderElection61] INFO  server.RaftServerConfigKeys (ConfUtils.java:logGet(43)) - raft.server.staging.catchup.gap = 1000 (default)
2019-08-21 01:02:51,629 [a8f43d7f-8ab9-4263-bc60-233f29780d16:group-F83951DF55EB:LeaderElection61] INFO  server.RaftServerConfigKeys (ConfUtils.java:logGet(43)) - raft.server.rpc.sleep.time = 25ms (default)
2019-08-21 01:02:51,629 [a8f43d7f-8ab9-4263-bc60-233f29780d16:group-F83951DF55EB:LeaderElection61] INFO  server.RaftServerConfigKeys (ConfUtils.java:logGet(43)) - raft.server.write.element-limit = 4096 (default)
2019-08-21 01:02:51,629 [0fe1d74e-166c-4d98-8cc5-3a12f218ca10:group-3528105455D3:LeaderElection58] INFO  impl.LeaderElection (LeaderElection.java:logAndReturn(56)) - 0fe1d74e-166c-4d98-8cc5-3a12f218ca10:group-3528105455D3:LeaderElection58: Election REJECTED; received 2 response(s) [0fe1d74e-166c-4d98-8cc5-3a12f218ca10<-da6cf7a5-fd86-493b-8551-65e1ed8dd98c#0:FAIL-t1, 0fe1d74e-166c-4d98-8cc5-3a12f218ca10<-f7fc252f-131b-479f-9e1d-bf8bc8cd8a61#0:FAIL-t1] and 0 exception(s); 0fe1d74e-166c-4d98-8cc5-3a12f218ca10:t1, leader=null, voted=0fe1d74e-166c-4d98-8cc5-3a12f218ca10, raftlog=0fe1d74e-166c-4d98-8cc5-3a12f218ca10-SegmentedRaftLog:OPENED:c-1,f-1,i0, conf=-1: [da6cf7a5-fd86-493b-8551-65e1ed8dd98c:192.168.34.10:36254, f7fc252f-131b-479f-9e1d-bf8bc8cd8a61:192.168.34.10:34883, 0fe1d74e-166c-4d98-8cc5-3a12f218ca10:192.168.34.10:34757], old=null
2019-08-21 01:02:51,629 [a8f43d7f-8ab9-4263-bc60-233f29780d16:group-F83951DF55EB:LeaderElection61] INFO  server.RaftServerConfigKeys (ConfUtils.java:logGet(43)) - raft.server.watch.timeout = 10s (default)
2019-08-21 01:02:51,629 [0fe1d74e-166c-4d98-8cc5-3a12f218ca10:group-3528105455D3:LeaderElection58] INFO  impl.RaftServerImpl (RaftServerImpl.java:setRole(171)) - 0fe1d74e-166c-4d98-8cc5-3a12f218ca10:group-3528105455D3 changes role from CANDIDATE to FOLLOWER at term 1 for DISCOVERED_A_NEW_TERM
2019-08-21 01:02:51,630 [a8f43d7f-8ab9-4263-bc60-233f29780d16:group-F83951DF55EB:LeaderElection61] INFO  server.RaftServerConfigKeys (ConfUtils.java:logGet(43)) - raft.server.watch.timeout.denomination = 1s (default)
2019-08-21 01:02:51,630 [0fe1d74e-166c-4d98-8cc5-3a12f218ca10:group-3528105455D3:LeaderElection58] INFO  impl.RoleInfo (RoleInfo.java:shutdownLeaderElection(134)) - 0fe1d74e-166c-4d98-8cc5-3a12f218ca10: shutdown LeaderElection
2019-08-21 01:02:51,630 [a8f43d7f-8ab9-4263-bc60-233f29780d16:group-F83951DF55EB:LeaderElection61] INFO  server.RaftServerConfigKeys (ConfUtils.java:logGet(43)) - raft.server.watch.element-limit = 65536 (default)
2019-08-21 01:02:51,630 [0fe1d74e-166c-4d98-8cc5-3a12f218ca10:group-3528105455D3:LeaderElection58] INFO  impl.RoleInfo (RoleInfo.java:updateAndGet(143)) - 0fe1d74e-166c-4d98-8cc5-3a12f218ca10: start FollowerState
2019-08-21 01:02:51,630 [a8f43d7f-8ab9-4263-bc60-233f29780d16:group-F83951DF55EB:LeaderElection61] INFO  impl.RoleInfo (RoleInfo.java:updateAndGet(143)) - a8f43d7f-8ab9-4263-bc60-233f29780d16: start LeaderState
2019-08-21 01:02:51,631 [a8f43d7f-8ab9-4263-bc60-233f29780d16:group-F83951DF55EB:LeaderElection61] INFO  segmented.SegmentedRaftLogWorker (SegmentedRaftLogWorker.java:startLogSegment(380)) - a8f43d7f-8ab9-4263-bc60-233f29780d16-SegmentedRaftLogWorker:Storage Directory /workdir/hadoop-ozone/integration-test/target/test-dir/MiniOzoneClusterImpl-b121f0fa-5b36-4e30-bdae-6f5cf730914f/datanode-3/data/ratis/16b984d5-0abb-4268-988f-f83951df55eb: Starting segment from index:0
2019-08-21 01:02:51,631 [a8f43d7f-8ab9-4263-bc60-233f29780d16:group-F83951DF55EB:LeaderElection61] INFO  impl.RaftServerImpl (ServerState.java:setRaftConf(361)) - a8f43d7f-8ab9-4263-bc60-233f29780d16:group-F83951DF55EB set configuration 0: [a8f43d7f-8ab9-4263-bc60-233f29780d16:192.168.34.10:36401], old=null at 0
2019-08-21 01:02:51,676 [da6cf7a5-fd86-493b-8551-65e1ed8dd98c:group-3528105455D3:LeaderElection60] INFO  impl.LeaderElection (LeaderElection.java:logAndReturn(56)) - da6cf7a5-fd86-493b-8551-65e1ed8dd98c:group-3528105455D3:LeaderElection60: Election REJECTED; received 2 response(s) [da6cf7a5-fd86-493b-8551-65e1ed8dd98c<-f7fc252f-131b-479f-9e1d-bf8bc8cd8a61#0:FAIL-t1, da6cf7a5-fd86-493b-8551-65e1ed8dd98c<-0fe1d74e-166c-4d98-8cc5-3a12f218ca10#0:FAIL-t1] and 0 exception(s); da6cf7a5-fd86-493b-8551-65e1ed8dd98c:t1, leader=null, voted=da6cf7a5-fd86-493b-8551-65e1ed8dd98c, raftlog=da6cf7a5-fd86-493b-8551-65e1ed8dd98c-SegmentedRaftLog:OPENED:c-1,f-1,i0, conf=-1: [da6cf7a5-fd86-493b-8551-65e1ed8dd98c:192.168.34.10:36254, f7fc252f-131b-479f-9e1d-bf8bc8cd8a61:192.168.34.10:34883, 0fe1d74e-166c-4d98-8cc5-3a12f218ca10:192.168.34.10:34757], old=null
2019-08-21 01:02:51,677 [f7fc252f-131b-479f-9e1d-bf8bc8cd8a61:group-3528105455D3:LeaderElection59] INFO  impl.LeaderElection (LeaderElection.java:logAndReturn(56)) - f7fc252f-131b-479f-9e1d-bf8bc8cd8a61:group-3528105455D3:LeaderElection59: Election REJECTED; received 2 response(s) [f7fc252f-131b-479f-9e1d-bf8bc8cd8a61<-da6cf7a5-fd86-493b-8551-65e1ed8dd98c#0:FAIL-t1, f7fc252f-131b-479f-9e1d-bf8bc8cd8a61<-0fe1d74e-166c-4d98-8cc5-3a12f218ca10#0:FAIL-t1] and 0 exception(s); f7fc252f-131b-479f-9e1d-bf8bc8cd8a61:t1, leader=null, voted=f7fc252f-131b-479f-9e1d-bf8bc8cd8a61, raftlog=f7fc252f-131b-479f-9e1d-bf8bc8cd8a61-SegmentedRaftLog:OPENED:c-1,f-1,i0, conf=-1: [da6cf7a5-fd86-493b-8551-65e1ed8dd98c:192.168.34.10:36254, f7fc252f-131b-479f-9e1d-bf8bc8cd8a61:192.168.34.10:34883, 0fe1d74e-166c-4d98-8cc5-3a12f218ca10:192.168.34.10:34757], old=null
2019-08-21 01:02:51,677 [da6cf7a5-fd86-493b-8551-65e1ed8dd98c:group-3528105455D3:LeaderElection60] INFO  impl.RaftServerImpl (RaftServerImpl.java:setRole(171)) - da6cf7a5-fd86-493b-8551-65e1ed8dd98c:group-3528105455D3 changes role from CANDIDATE to FOLLOWER at term 1 for DISCOVERED_A_NEW_TERM
2019-08-21 01:02:51,677 [f7fc252f-131b-479f-9e1d-bf8bc8cd8a61:group-3528105455D3:LeaderElection59] INFO  impl.RaftServerImpl (RaftServerImpl.java:setRole(171)) - f7fc252f-131b-479f-9e1d-bf8bc8cd8a61:group-3528105455D3 changes role from CANDIDATE to FOLLOWER at term 1 for DISCOVERED_A_NEW_TERM
2019-08-21 01:02:51,677 [f7fc252f-131b-479f-9e1d-bf8bc8cd8a61:group-3528105455D3:LeaderElection59] INFO  impl.RoleInfo (RoleInfo.java:shutdownLeaderElection(134)) - f7fc252f-131b-479f-9e1d-bf8bc8cd8a61: shutdown LeaderElection
2019-08-21 01:02:51,677 [da6cf7a5-fd86-493b-8551-65e1ed8dd98c:group-3528105455D3:LeaderElection60] INFO  impl.RoleInfo (RoleInfo.java:shutdownLeaderElection(134)) - da6cf7a5-fd86-493b-8551-65e1ed8dd98c: shutdown LeaderElection
2019-08-21 01:02:51,677 [f7fc252f-131b-479f-9e1d-bf8bc8cd8a61:group-3528105455D3:LeaderElection59] INFO  impl.RoleInfo (RoleInfo.java:updateAndGet(143)) - f7fc252f-131b-479f-9e1d-bf8bc8cd8a61: start FollowerState
2019-08-21 01:02:51,678 [da6cf7a5-fd86-493b-8551-65e1ed8dd98c:group-3528105455D3:LeaderElection60] INFO  impl.RoleInfo (RoleInfo.java:updateAndGet(143)) - da6cf7a5-fd86-493b-8551-65e1ed8dd98c: start FollowerState
2019-08-21 01:02:51,684 | INFO  | SCMAudit | user=jenkins1000 | ip=192.168.34.10 | op=SEND_HEARTBEAT {datanodeUUID=24a30f30-831a-4833-93ea-707e8199d09b, command=[]} | ret=SUCCESS |  
2019-08-21 01:02:51,686 [a8f43d7f-8ab9-4263-bc60-233f29780d16-SegmentedRaftLogWorker:Storage Directory /workdir/hadoop-ozone/integration-test/target/test-dir/MiniOzoneClusterImpl-b121f0fa-5b36-4e30-bdae-6f5cf730914f/datanode-3/data/ratis/16b984d5-0abb-4268-988f-f83951df55eb] INFO  segmented.SegmentedRaftLogWorker (SegmentedRaftLogWorker.java:execute(569)) - a8f43d7f-8ab9-4263-bc60-233f29780d16-SegmentedRaftLogWorker:Storage Directory /workdir/hadoop-ozone/integration-test/target/test-dir/MiniOzoneClusterImpl-b121f0fa-5b36-4e30-bdae-6f5cf730914f/datanode-3/data/ratis/16b984d5-0abb-4268-988f-f83951df55eb: created new log segment /workdir/hadoop-ozone/integration-test/target/test-dir/MiniOzoneClusterImpl-b121f0fa-5b36-4e30-bdae-6f5cf730914f/datanode-3/data/ratis/16b984d5-0abb-4268-988f-f83951df55eb/current/log_inprogress_0
2019-08-21 01:02:51,803 | INFO  | SCMAudit | user=jenkins1000 | ip=192.168.34.10 | op=SEND_HEARTBEAT {datanodeUUID=f7fc252f-131b-479f-9e1d-bf8bc8cd8a61, command=[]} | ret=SUCCESS |  
2019-08-21 01:02:51,833 [Thread-3318] INFO  impl.FollowerState (FollowerState.java:run(106)) - 24a30f30-831a-4833-93ea-707e8199d09b:group-B3AE95AF8519 changes to CANDIDATE, lastRpcTime:5098, electionTimeout:5098ms
2019-08-21 01:02:51,833 [Thread-3318] INFO  impl.RoleInfo (RoleInfo.java:shutdownFollowerState(121)) - 24a30f30-831a-4833-93ea-707e8199d09b: shutdown FollowerState
2019-08-21 01:02:51,833 [Thread-3318] INFO  impl.RaftServerImpl (RaftServerImpl.java:setRole(171)) - 24a30f30-831a-4833-93ea-707e8199d09b:group-B3AE95AF8519 changes role from FOLLOWER to CANDIDATE at term 0 for changeToCandidate
2019-08-21 01:02:51,833 [Thread-3318] INFO  impl.RoleInfo (RoleInfo.java:updateAndGet(143)) - 24a30f30-831a-4833-93ea-707e8199d09b: start LeaderElection
2019-08-21 01:02:51,856 | INFO  | SCMAudit | user=jenkins1000 | ip=192.168.34.10 | op=SEND_HEARTBEAT {datanodeUUID=fccca5a2-55db-4efd-8b7f-8a266599827f, command=[]} | ret=SUCCESS |  
2019-08-21 01:02:51,864 [24a30f30-831a-4833-93ea-707e8199d09b:group-B3AE95AF8519:LeaderElection62] INFO  impl.LeaderElection (LeaderElection.java:askForVotes(181)) - 24a30f30-831a-4833-93ea-707e8199d09b:group-B3AE95AF8519:LeaderElection62: begin an election at term 1 for -1: [24a30f30-831a-4833-93ea-707e8199d09b:192.168.34.10:34461], old=null
2019-08-21 01:02:51,864 [24a30f30-831a-4833-93ea-707e8199d09b:group-B3AE95AF8519:LeaderElection62] INFO  impl.RoleInfo (RoleInfo.java:shutdownLeaderElection(134)) - 24a30f30-831a-4833-93ea-707e8199d09b: shutdown LeaderElection
2019-08-21 01:02:51,865 [24a30f30-831a-4833-93ea-707e8199d09b:group-B3AE95AF8519:LeaderElection62] INFO  impl.RaftServerImpl (RaftServerImpl.java:setRole(171)) - 24a30f30-831a-4833-93ea-707e8199d09b:group-B3AE95AF8519 changes role from CANDIDATE to LEADER at term 1 for changeToLeader
2019-08-21 01:02:51,865 [24a30f30-831a-4833-93ea-707e8199d09b:group-B3AE95AF8519:LeaderElection62] INFO  impl.RaftServerImpl (ServerState.java:setLeader(263)) - 24a30f30-831a-4833-93ea-707e8199d09b:group-B3AE95AF8519 change Leader from null to 24a30f30-831a-4833-93ea-707e8199d09b at term 1 for becomeLeader, leader elected after 5136ms
2019-08-21 01:02:51,865 [24a30f30-831a-4833-93ea-707e8199d09b:group-B3AE95AF8519:LeaderElection62] INFO  server.RaftServerConfigKeys (ConfUtils.java:logGet(43)) - raft.server.staging.catchup.gap = 1000 (default)
2019-08-21 01:02:51,865 [24a30f30-831a-4833-93ea-707e8199d09b:group-B3AE95AF8519:LeaderElection62] INFO  server.RaftServerConfigKeys (ConfUtils.java:logGet(43)) - raft.server.rpc.sleep.time = 25ms (default)
2019-08-21 01:02:51,865 [24a30f30-831a-4833-93ea-707e8199d09b:group-B3AE95AF8519:LeaderElection62] INFO  server.RaftServerConfigKeys (ConfUtils.java:logGet(43)) - raft.server.write.element-limit = 4096 (default)
2019-08-21 01:02:51,865 [24a30f30-831a-4833-93ea-707e8199d09b:group-B3AE95AF8519:LeaderElection62] INFO  server.RaftServerConfigKeys (ConfUtils.java:logGet(43)) - raft.server.watch.timeout = 10s (default)
2019-08-21 01:02:51,866 [24a30f30-831a-4833-93ea-707e8199d09b:group-B3AE95AF8519:LeaderElection62] INFO  server.RaftServerConfigKeys (ConfUtils.java:logGet(43)) - raft.server.watch.timeout.denomination = 1s (default)
2019-08-21 01:02:51,866 [24a30f30-831a-4833-93ea-707e8199d09b:group-B3AE95AF8519:LeaderElection62] INFO  server.RaftServerConfigKeys (ConfUtils.java:logGet(43)) - raft.server.watch.element-limit = 65536 (default)
2019-08-21 01:02:51,866 [24a30f30-831a-4833-93ea-707e8199d09b:group-B3AE95AF8519:LeaderElection62] INFO  impl.RoleInfo (RoleInfo.java:updateAndGet(143)) - 24a30f30-831a-4833-93ea-707e8199d09b: start LeaderState
2019-08-21 01:02:51,866 [24a30f30-831a-4833-93ea-707e8199d09b:group-B3AE95AF8519:LeaderElection62] INFO  segmented.SegmentedRaftLogWorker (SegmentedRaftLogWorker.java:startLogSegment(380)) - 24a30f30-831a-4833-93ea-707e8199d09b-SegmentedRaftLogWorker:Storage Directory /workdir/hadoop-ozone/integration-test/target/test-dir/MiniOzoneClusterImpl-b121f0fa-5b36-4e30-bdae-6f5cf730914f/datanode-4/data/ratis/ca806749-cc70-4e77-b24a-b3ae95af8519: Starting segment from index:0
2019-08-21 01:02:51,867 [24a30f30-831a-4833-93ea-707e8199d09b:group-B3AE95AF8519:LeaderElection62] INFO  impl.RaftServerImpl (ServerState.java:setRaftConf(361)) - 24a30f30-831a-4833-93ea-707e8199d09b:group-B3AE95AF8519 set configuration 0: [24a30f30-831a-4833-93ea-707e8199d09b:192.168.34.10:34461], old=null at 0
2019-08-21 01:02:51,919 [24a30f30-831a-4833-93ea-707e8199d09b-SegmentedRaftLogWorker:Storage Directory /workdir/hadoop-ozone/integration-test/target/test-dir/MiniOzoneClusterImpl-b121f0fa-5b36-4e30-bdae-6f5cf730914f/datanode-4/data/ratis/ca806749-cc70-4e77-b24a-b3ae95af8519] INFO  segmented.SegmentedRaftLogWorker (SegmentedRaftLogWorker.java:execute(569)) - 24a30f30-831a-4833-93ea-707e8199d09b-SegmentedRaftLogWorker:Storage Directory /workdir/hadoop-ozone/integration-test/target/test-dir/MiniOzoneClusterImpl-b121f0fa-5b36-4e30-bdae-6f5cf730914f/datanode-4/data/ratis/ca806749-cc70-4e77-b24a-b3ae95af8519: created new log segment /workdir/hadoop-ozone/integration-test/target/test-dir/MiniOzoneClusterImpl-b121f0fa-5b36-4e30-bdae-6f5cf730914f/datanode-4/data/ratis/ca806749-cc70-4e77-b24a-b3ae95af8519/current/log_inprogress_0
2019-08-21 01:02:51,976 | INFO  | SCMAudit | user=jenkins1000 | ip=192.168.34.10 | op=SEND_HEARTBEAT {datanodeUUID=0fe1d74e-166c-4d98-8cc5-3a12f218ca10, command=[]} | ret=SUCCESS |  
2019-08-21 01:02:51,994 [Thread-3324] INFO  impl.FollowerState (FollowerState.java:run(106)) - 24a30f30-831a-4833-93ea-707e8199d09b:group-4D5979CA93C7 changes to CANDIDATE, lastRpcTime:5020, electionTimeout:5020ms
2019-08-21 01:02:51,995 [Thread-3324] INFO  impl.RoleInfo (RoleInfo.java:shutdownFollowerState(121)) - 24a30f30-831a-4833-93ea-707e8199d09b: shutdown FollowerState
2019-08-21 01:02:51,995 [Thread-3324] INFO  impl.RaftServerImpl (RaftServerImpl.java:setRole(171)) - 24a30f30-831a-4833-93ea-707e8199d09b:group-4D5979CA93C7 changes role from FOLLOWER to CANDIDATE at term 0 for changeToCandidate
2019-08-21 01:02:51,995 [Thread-3324] INFO  impl.RoleInfo (RoleInfo.java:updateAndGet(143)) - 24a30f30-831a-4833-93ea-707e8199d09b: start LeaderElection
2019-08-21 01:02:52,013 [24a30f30-831a-4833-93ea-707e8199d09b:group-4D5979CA93C7:LeaderElection63] INFO  impl.LeaderElection (LeaderElection.java:askForVotes(181)) - 24a30f30-831a-4833-93ea-707e8199d09b:group-4D5979CA93C7:LeaderElection63: begin an election at term 1 for -1: [fccca5a2-55db-4efd-8b7f-8a266599827f:192.168.34.10:41787, a8f43d7f-8ab9-4263-bc60-233f29780d16:192.168.34.10:36401, 24a30f30-831a-4833-93ea-707e8199d09b:192.168.34.10:34461], old=null
2019-08-21 01:02:52,014 | INFO  | SCMAudit | user=jenkins1000 | ip=192.168.34.10 | op=SEND_HEARTBEAT {datanodeUUID=853a8d38-210a-40e1-a500-60344a22ce2b, command=[]} | ret=SUCCESS |  
2019-08-21 01:02:52,021 [grpc-default-executor-7] INFO  impl.RaftServerImpl (RaftServerImpl.java:setRole(171)) - fccca5a2-55db-4efd-8b7f-8a266599827f:group-4D5979CA93C7 changes role from FOLLOWER to FOLLOWER at term 1 for recognizeCandidate:24a30f30-831a-4833-93ea-707e8199d09b
2019-08-21 01:02:52,021 [grpc-default-executor-5] INFO  impl.RaftServerImpl (RaftServerImpl.java:setRole(171)) - a8f43d7f-8ab9-4263-bc60-233f29780d16:group-4D5979CA93C7 changes role from FOLLOWER to FOLLOWER at term 1 for recognizeCandidate:24a30f30-831a-4833-93ea-707e8199d09b
2019-08-21 01:02:52,022 [grpc-default-executor-7] INFO  impl.RoleInfo (RoleInfo.java:shutdownFollowerState(121)) - fccca5a2-55db-4efd-8b7f-8a266599827f: shutdown FollowerState
2019-08-21 01:02:52,022 [grpc-default-executor-5] INFO  impl.RoleInfo (RoleInfo.java:shutdownFollowerState(121)) - a8f43d7f-8ab9-4263-bc60-233f29780d16: shutdown FollowerState
2019-08-21 01:02:52,022 [Thread-3329] INFO  impl.FollowerState (FollowerState.java:run(114)) - fccca5a2-55db-4efd-8b7f-8a266599827f: FollowerState was interrupted: java.lang.InterruptedException: sleep interrupted
2019-08-21 01:02:52,022 [grpc-default-executor-7] INFO  impl.RoleInfo (RoleInfo.java:updateAndGet(143)) - fccca5a2-55db-4efd-8b7f-8a266599827f: start FollowerState
2019-08-21 01:02:52,022 [Thread-3328] INFO  impl.FollowerState (FollowerState.java:run(114)) - a8f43d7f-8ab9-4263-bc60-233f29780d16: FollowerState was interrupted: java.lang.InterruptedException: sleep interrupted
2019-08-21 01:02:52,022 [grpc-default-executor-5] INFO  impl.RoleInfo (RoleInfo.java:updateAndGet(143)) - a8f43d7f-8ab9-4263-bc60-233f29780d16: start FollowerState
2019-08-21 01:02:52,043 [24a30f30-831a-4833-93ea-707e8199d09b:group-4D5979CA93C7:LeaderElection63] INFO  impl.LeaderElection (LeaderElection.java:logAndReturn(56)) - 24a30f30-831a-4833-93ea-707e8199d09b:group-4D5979CA93C7:LeaderElection63: Election PASSED; received 1 response(s) [24a30f30-831a-4833-93ea-707e8199d09b<-fccca5a2-55db-4efd-8b7f-8a266599827f#0:OK-t1] and 0 exception(s); 24a30f30-831a-4833-93ea-707e8199d09b:t1, leader=null, voted=24a30f30-831a-4833-93ea-707e8199d09b, raftlog=24a30f30-831a-4833-93ea-707e8199d09b-SegmentedRaftLog:OPENED:c-1,f-1,i0, conf=-1: [fccca5a2-55db-4efd-8b7f-8a266599827f:192.168.34.10:41787, a8f43d7f-8ab9-4263-bc60-233f29780d16:192.168.34.10:36401, 24a30f30-831a-4833-93ea-707e8199d09b:192.168.34.10:34461], old=null
2019-08-21 01:02:52,043 [24a30f30-831a-4833-93ea-707e8199d09b:group-4D5979CA93C7:LeaderElection63] INFO  impl.RoleInfo (RoleInfo.java:shutdownLeaderElection(134)) - 24a30f30-831a-4833-93ea-707e8199d09b: shutdown LeaderElection
2019-08-21 01:02:52,043 [24a30f30-831a-4833-93ea-707e8199d09b:group-4D5979CA93C7:LeaderElection63] INFO  impl.RaftServerImpl (RaftServerImpl.java:setRole(171)) - 24a30f30-831a-4833-93ea-707e8199d09b:group-4D5979CA93C7 changes role from CANDIDATE to LEADER at term 1 for changeToLeader
2019-08-21 01:02:52,043 [24a30f30-831a-4833-93ea-707e8199d09b:group-4D5979CA93C7:LeaderElection63] INFO  impl.RaftServerImpl (ServerState.java:setLeader(263)) - 24a30f30-831a-4833-93ea-707e8199d09b:group-4D5979CA93C7 change Leader from null to 24a30f30-831a-4833-93ea-707e8199d09b at term 1 for becomeLeader, leader elected after 5075ms
2019-08-21 01:02:52,044 [24a30f30-831a-4833-93ea-707e8199d09b:group-4D5979CA93C7:LeaderElection63] INFO  server.RaftServerConfigKeys (ConfUtils.java:logGet(43)) - raft.server.staging.catchup.gap = 1000 (default)
2019-08-21 01:02:52,044 [24a30f30-831a-4833-93ea-707e8199d09b:group-4D5979CA93C7:LeaderElection63] INFO  server.RaftServerConfigKeys (ConfUtils.java:logGet(43)) - raft.server.rpc.sleep.time = 25ms (default)
2019-08-21 01:02:52,044 [24a30f30-831a-4833-93ea-707e8199d09b:group-4D5979CA93C7:LeaderElection63] INFO  server.RaftServerConfigKeys (ConfUtils.java:logGet(43)) - raft.server.write.element-limit = 4096 (default)
2019-08-21 01:02:52,044 [24a30f30-831a-4833-93ea-707e8199d09b:group-4D5979CA93C7:LeaderElection63] INFO  server.RaftServerConfigKeys (ConfUtils.java:logGet(43)) - raft.server.watch.timeout = 10s (default)
2019-08-21 01:02:52,044 [24a30f30-831a-4833-93ea-707e8199d09b:group-4D5979CA93C7:LeaderElection63] INFO  server.RaftServerConfigKeys (ConfUtils.java:logGet(43)) - raft.server.watch.timeout.denomination = 1s (default)
2019-08-21 01:02:52,044 [24a30f30-831a-4833-93ea-707e8199d09b:group-4D5979CA93C7:LeaderElection63] INFO  server.RaftServerConfigKeys (ConfUtils.java:logGet(43)) - raft.server.watch.element-limit = 65536 (default)
2019-08-21 01:02:52,045 [24a30f30-831a-4833-93ea-707e8199d09b:group-4D5979CA93C7:LeaderElection63] INFO  server.RaftServerConfigKeys (ConfUtils.java:logGet(43)) - raft.server.log.appender.snapshot.chunk.size.max = 16MB (=16777216) (default)
2019-08-21 01:02:52,045 [24a30f30-831a-4833-93ea-707e8199d09b:group-4D5979CA93C7:LeaderElection63] INFO  server.RaftServerConfigKeys (ConfUtils.java:logGet(43)) - raft.server.log.appender.buffer.byte-limit = 33554432 (custom)
2019-08-21 01:02:52,045 [24a30f30-831a-4833-93ea-707e8199d09b:group-4D5979CA93C7:LeaderElection63] INFO  server.RaftServerConfigKeys (ConfUtils.java:logGet(43)) - raft.server.log.appender.buffer.element-limit = 1 (custom)
2019-08-21 01:02:52,045 [24a30f30-831a-4833-93ea-707e8199d09b:group-4D5979CA93C7:LeaderElection63] INFO  grpc.GrpcConfigKeys$Server (ConfUtils.java:logGet(43)) - raft.grpc.server.leader.outstanding.appends.max = 128 (default)
2019-08-21 01:02:52,045 [24a30f30-831a-4833-93ea-707e8199d09b:group-4D5979CA93C7:LeaderElection63] INFO  server.RaftServerConfigKeys (ConfUtils.java:logGet(43)) - raft.server.rpc.request.timeout = 3000ms (default)
2019-08-21 01:02:52,046 [24a30f30-831a-4833-93ea-707e8199d09b:group-4D5979CA93C7:LeaderElection63] INFO  server.RaftServerConfigKeys (ConfUtils.java:logGet(43)) - raft.server.log.appender.install.snapshot.enabled = false (custom)
2019-08-21 01:02:52,046 [24a30f30-831a-4833-93ea-707e8199d09b:group-4D5979CA93C7:LeaderElection63] INFO  server.RaftServerConfigKeys (ConfUtils.java:logGet(43)) - raft.server.log.appender.snapshot.chunk.size.max = 16MB (=16777216) (default)
2019-08-21 01:02:52,046 [24a30f30-831a-4833-93ea-707e8199d09b:group-4D5979CA93C7:LeaderElection63] INFO  server.RaftServerConfigKeys (ConfUtils.java:logGet(43)) - raft.server.log.appender.buffer.byte-limit = 33554432 (custom)
2019-08-21 01:02:52,046 [24a30f30-831a-4833-93ea-707e8199d09b:group-4D5979CA93C7:LeaderElection63] INFO  server.RaftServerConfigKeys (ConfUtils.java:logGet(43)) - raft.server.log.appender.buffer.element-limit = 1 (custom)
2019-08-21 01:02:52,046 [24a30f30-831a-4833-93ea-707e8199d09b:group-4D5979CA93C7:LeaderElection63] INFO  grpc.GrpcConfigKeys$Server (ConfUtils.java:logGet(43)) - raft.grpc.server.leader.outstanding.appends.max = 128 (default)
2019-08-21 01:02:52,046 [24a30f30-831a-4833-93ea-707e8199d09b:group-4D5979CA93C7:LeaderElection63] INFO  server.RaftServerConfigKeys (ConfUtils.java:logGet(43)) - raft.server.rpc.request.timeout = 3000ms (default)
2019-08-21 01:02:52,047 [24a30f30-831a-4833-93ea-707e8199d09b:group-4D5979CA93C7:LeaderElection63] INFO  server.RaftServerConfigKeys (ConfUtils.java:logGet(43)) - raft.server.log.appender.install.snapshot.enabled = false (custom)
2019-08-21 01:02:52,047 [24a30f30-831a-4833-93ea-707e8199d09b:group-4D5979CA93C7:LeaderElection63] INFO  impl.RoleInfo (RoleInfo.java:updateAndGet(143)) - 24a30f30-831a-4833-93ea-707e8199d09b: start LeaderState
2019-08-21 01:02:52,047 [24a30f30-831a-4833-93ea-707e8199d09b:group-4D5979CA93C7:LeaderElection63] INFO  segmented.SegmentedRaftLogWorker (SegmentedRaftLogWorker.java:startLogSegment(380)) - 24a30f30-831a-4833-93ea-707e8199d09b-SegmentedRaftLogWorker:Storage Directory /workdir/hadoop-ozone/integration-test/target/test-dir/MiniOzoneClusterImpl-b121f0fa-5b36-4e30-bdae-6f5cf730914f/datanode-4/data/ratis/b22549c8-e21d-4f4d-a2c6-4d5979ca93c7: Starting segment from index:0
2019-08-21 01:02:52,048 [24a30f30-831a-4833-93ea-707e8199d09b:group-4D5979CA93C7:LeaderElection63] INFO  impl.RaftServerImpl (ServerState.java:setRaftConf(361)) - 24a30f30-831a-4833-93ea-707e8199d09b:group-4D5979CA93C7 set configuration 0: [fccca5a2-55db-4efd-8b7f-8a266599827f:192.168.34.10:41787, a8f43d7f-8ab9-4263-bc60-233f29780d16:192.168.34.10:36401, 24a30f30-831a-4833-93ea-707e8199d09b:192.168.34.10:34461], old=null at 0
2019-08-21 01:02:52,089 [grpc-default-executor-5] INFO  impl.RaftServerImpl (ServerState.java:setLeader(263)) - fccca5a2-55db-4efd-8b7f-8a266599827f:group-4D5979CA93C7 change Leader from null to 24a30f30-831a-4833-93ea-707e8199d09b at term 1 for appendEntries, leader elected after 5121ms
2019-08-21 01:02:52,089 [Thread-3321] INFO  impl.FollowerState (FollowerState.java:run(106)) - fccca5a2-55db-4efd-8b7f-8a266599827f:group-281C8978DDB3 changes to CANDIDATE, lastRpcTime:5182, electionTimeout:5180ms
2019-08-21 01:02:52,090 [Thread-3321] INFO  impl.RoleInfo (RoleInfo.java:shutdownFollowerState(121)) - fccca5a2-55db-4efd-8b7f-8a266599827f: shutdown FollowerState
2019-08-21 01:02:52,090 [Thread-3321] INFO  impl.RaftServerImpl (RaftServerImpl.java:setRole(171)) - fccca5a2-55db-4efd-8b7f-8a266599827f:group-281C8978DDB3 changes role from FOLLOWER to CANDIDATE at term 0 for changeToCandidate
2019-08-21 01:02:52,092 [grpc-default-executor-7] INFO  impl.RaftServerImpl (ServerState.java:setLeader(263)) - a8f43d7f-8ab9-4263-bc60-233f29780d16:group-4D5979CA93C7 change Leader from null to 24a30f30-831a-4833-93ea-707e8199d09b at term 1 for appendEntries, leader elected after 5124ms
2019-08-21 01:02:52,093 [Thread-3321] INFO  impl.RoleInfo (RoleInfo.java:updateAndGet(143)) - fccca5a2-55db-4efd-8b7f-8a266599827f: start LeaderElection
2019-08-21 01:02:52,098 [24a30f30-831a-4833-93ea-707e8199d09b-SegmentedRaftLogWorker:Storage Directory /workdir/hadoop-ozone/integration-test/target/test-dir/MiniOzoneClusterImpl-b121f0fa-5b36-4e30-bdae-6f5cf730914f/datanode-4/data/ratis/b22549c8-e21d-4f4d-a2c6-4d5979ca93c7] INFO  segmented.SegmentedRaftLogWorker (SegmentedRaftLogWorker.java:execute(569)) - 24a30f30-831a-4833-93ea-707e8199d09b-SegmentedRaftLogWorker:Storage Directory /workdir/hadoop-ozone/integration-test/target/test-dir/MiniOzoneClusterImpl-b121f0fa-5b36-4e30-bdae-6f5cf730914f/datanode-4/data/ratis/b22549c8-e21d-4f4d-a2c6-4d5979ca93c7: created new log segment /workdir/hadoop-ozone/integration-test/target/test-dir/MiniOzoneClusterImpl-b121f0fa-5b36-4e30-bdae-6f5cf730914f/datanode-4/data/ratis/b22549c8-e21d-4f4d-a2c6-4d5979ca93c7/current/log_inprogress_0
2019-08-21 01:02:52,100 [grpc-default-executor-7] INFO  impl.RaftServerImpl (ServerState.java:setRaftConf(361)) - fccca5a2-55db-4efd-8b7f-8a266599827f:group-4D5979CA93C7 set configuration 0: [fccca5a2-55db-4efd-8b7f-8a266599827f:192.168.34.10:41787, a8f43d7f-8ab9-4263-bc60-233f29780d16:192.168.34.10:36401, 24a30f30-831a-4833-93ea-707e8199d09b:192.168.34.10:34461], old=null at 0
2019-08-21 01:02:52,100 [grpc-default-executor-7] INFO  segmented.SegmentedRaftLogWorker (SegmentedRaftLogWorker.java:startLogSegment(380)) - fccca5a2-55db-4efd-8b7f-8a266599827f-SegmentedRaftLogWorker:Storage Directory /workdir/hadoop-ozone/integration-test/target/test-dir/MiniOzoneClusterImpl-b121f0fa-5b36-4e30-bdae-6f5cf730914f/datanode-5/data/ratis/b22549c8-e21d-4f4d-a2c6-4d5979ca93c7: Starting segment from index:0
2019-08-21 01:02:52,100 [grpc-default-executor-5] INFO  impl.RaftServerImpl (ServerState.java:setRaftConf(361)) - a8f43d7f-8ab9-4263-bc60-233f29780d16:group-4D5979CA93C7 set configuration 0: [fccca5a2-55db-4efd-8b7f-8a266599827f:192.168.34.10:41787, a8f43d7f-8ab9-4263-bc60-233f29780d16:192.168.34.10:36401, 24a30f30-831a-4833-93ea-707e8199d09b:192.168.34.10:34461], old=null at 0
2019-08-21 01:02:52,100 [grpc-default-executor-5] INFO  segmented.SegmentedRaftLogWorker (SegmentedRaftLogWorker.java:startLogSegment(380)) - a8f43d7f-8ab9-4263-bc60-233f29780d16-SegmentedRaftLogWorker:Storage Directory /workdir/hadoop-ozone/integration-test/target/test-dir/MiniOzoneClusterImpl-b121f0fa-5b36-4e30-bdae-6f5cf730914f/datanode-3/data/ratis/b22549c8-e21d-4f4d-a2c6-4d5979ca93c7: Starting segment from index:0
2019-08-21 01:02:52,112 [fccca5a2-55db-4efd-8b7f-8a266599827f:group-281C8978DDB3:LeaderElection64] INFO  impl.LeaderElection (LeaderElection.java:askForVotes(181)) - fccca5a2-55db-4efd-8b7f-8a266599827f:group-281C8978DDB3:LeaderElection64: begin an election at term 1 for -1: [fccca5a2-55db-4efd-8b7f-8a266599827f:192.168.34.10:41787], old=null
2019-08-21 01:02:52,112 [fccca5a2-55db-4efd-8b7f-8a266599827f:group-281C8978DDB3:LeaderElection64] INFO  impl.RoleInfo (RoleInfo.java:shutdownLeaderElection(134)) - fccca5a2-55db-4efd-8b7f-8a266599827f: shutdown LeaderElection
2019-08-21 01:02:52,113 [fccca5a2-55db-4efd-8b7f-8a266599827f:group-281C8978DDB3:LeaderElection64] INFO  impl.RaftServerImpl (RaftServerImpl.java:setRole(171)) - fccca5a2-55db-4efd-8b7f-8a266599827f:group-281C8978DDB3 changes role from CANDIDATE to LEADER at term 1 for changeToLeader
2019-08-21 01:02:52,113 [fccca5a2-55db-4efd-8b7f-8a266599827f:group-281C8978DDB3:LeaderElection64] INFO  impl.RaftServerImpl (ServerState.java:setLeader(263)) - fccca5a2-55db-4efd-8b7f-8a266599827f:group-281C8978DDB3 change Leader from null to fccca5a2-55db-4efd-8b7f-8a266599827f at term 1 for becomeLeader, leader elected after 5209ms
2019-08-21 01:02:52,113 [fccca5a2-55db-4efd-8b7f-8a266599827f:group-281C8978DDB3:LeaderElection64] INFO  server.RaftServerConfigKeys (ConfUtils.java:logGet(43)) - raft.server.staging.catchup.gap = 1000 (default)
2019-08-21 01:02:52,113 [fccca5a2-55db-4efd-8b7f-8a266599827f:group-281C8978DDB3:LeaderElection64] INFO  server.RaftServerConfigKeys (ConfUtils.java:logGet(43)) - raft.server.rpc.sleep.time = 25ms (default)
2019-08-21 01:02:52,113 [fccca5a2-55db-4efd-8b7f-8a266599827f:group-281C8978DDB3:LeaderElection64] INFO  server.RaftServerConfigKeys (ConfUtils.java:logGet(43)) - raft.server.write.element-limit = 4096 (default)
2019-08-21 01:02:52,113 [fccca5a2-55db-4efd-8b7f-8a266599827f:group-281C8978DDB3:LeaderElection64] INFO  server.RaftServerConfigKeys (ConfUtils.java:logGet(43)) - raft.server.watch.timeout = 10s (default)
2019-08-21 01:02:52,113 [fccca5a2-55db-4efd-8b7f-8a266599827f:group-281C8978DDB3:LeaderElection64] INFO  server.RaftServerConfigKeys (ConfUtils.java:logGet(43)) - raft.server.watch.timeout.denomination = 1s (default)
2019-08-21 01:02:52,114 [fccca5a2-55db-4efd-8b7f-8a266599827f:group-281C8978DDB3:LeaderElection64] INFO  server.RaftServerConfigKeys (ConfUtils.java:logGet(43)) - raft.server.watch.element-limit = 65536 (default)
2019-08-21 01:02:52,114 [fccca5a2-55db-4efd-8b7f-8a266599827f:group-281C8978DDB3:LeaderElection64] INFO  impl.RoleInfo (RoleInfo.java:updateAndGet(143)) - fccca5a2-55db-4efd-8b7f-8a266599827f: start LeaderState
2019-08-21 01:02:52,114 [fccca5a2-55db-4efd-8b7f-8a266599827f:group-281C8978DDB3:LeaderElection64] INFO  segmented.SegmentedRaftLogWorker (SegmentedRaftLogWorker.java:startLogSegment(380)) - fccca5a2-55db-4efd-8b7f-8a266599827f-SegmentedRaftLogWorker:Storage Directory /workdir/hadoop-ozone/integration-test/target/test-dir/MiniOzoneClusterImpl-b121f0fa-5b36-4e30-bdae-6f5cf730914f/datanode-5/data/ratis/7707b395-9f43-4b28-8cf2-281c8978ddb3: Starting segment from index:0
2019-08-21 01:02:52,115 [fccca5a2-55db-4efd-8b7f-8a266599827f:group-281C8978DDB3:LeaderElection64] INFO  impl.RaftServerImpl (ServerState.java:setRaftConf(361)) - fccca5a2-55db-4efd-8b7f-8a266599827f:group-281C8978DDB3 set configuration 0: [fccca5a2-55db-4efd-8b7f-8a266599827f:192.168.34.10:41787], old=null at 0
2019-08-21 01:02:52,164 [grpc-default-executor-5] INFO  client.GrpcClientProtocolClient (GrpcClientProtocolClient.java:onNext(255)) - client-B5CAA62F7100->da6cf7a5-fd86-493b-8551-65e1ed8dd98c: receive RaftClientReply:client-B5CAA62F7100->da6cf7a5-fd86-493b-8551-65e1ed8dd98c@group-3528105455D3, cid=175, FAILED org.apache.ratis.protocol.NotLeaderException: Server da6cf7a5-fd86-493b-8551-65e1ed8dd98c is not the leader (null). Request must be sent to leader., logIndex=0, commits[da6cf7a5-fd86-493b-8551-65e1ed8dd98c:c-1]
2019-08-21 01:02:52,176 [fccca5a2-55db-4efd-8b7f-8a266599827f-SegmentedRaftLogWorker:Storage Directory /workdir/hadoop-ozone/integration-test/target/test-dir/MiniOzoneClusterImpl-b121f0fa-5b36-4e30-bdae-6f5cf730914f/datanode-5/data/ratis/b22549c8-e21d-4f4d-a2c6-4d5979ca93c7] INFO  segmented.SegmentedRaftLogWorker (SegmentedRaftLogWorker.java:execute(569)) - fccca5a2-55db-4efd-8b7f-8a266599827f-SegmentedRaftLogWorker:Storage Directory /workdir/hadoop-ozone/integration-test/target/test-dir/MiniOzoneClusterImpl-b121f0fa-5b36-4e30-bdae-6f5cf730914f/datanode-5/data/ratis/b22549c8-e21d-4f4d-a2c6-4d5979ca93c7: created new log segment /workdir/hadoop-ozone/integration-test/target/test-dir/MiniOzoneClusterImpl-b121f0fa-5b36-4e30-bdae-6f5cf730914f/datanode-5/data/ratis/b22549c8-e21d-4f4d-a2c6-4d5979ca93c7/current/log_inprogress_0
2019-08-21 01:02:52,176 [fccca5a2-55db-4efd-8b7f-8a266599827f-SegmentedRaftLogWorker:Storage Directory /workdir/hadoop-ozone/integration-test/target/test-dir/MiniOzoneClusterImpl-b121f0fa-5b36-4e30-bdae-6f5cf730914f/datanode-5/data/ratis/7707b395-9f43-4b28-8cf2-281c8978ddb3] INFO  segmented.SegmentedRaftLogWorker (SegmentedRaftLogWorker.java:execute(569)) - fccca5a2-55db-4efd-8b7f-8a266599827f-SegmentedRaftLogWorker:Storage Directory /workdir/hadoop-ozone/integration-test/target/test-dir/MiniOzoneClusterImpl-b121f0fa-5b36-4e30-bdae-6f5cf730914f/datanode-5/data/ratis/7707b395-9f43-4b28-8cf2-281c8978ddb3: created new log segment /workdir/hadoop-ozone/integration-test/target/test-dir/MiniOzoneClusterImpl-b121f0fa-5b36-4e30-bdae-6f5cf730914f/datanode-5/data/ratis/7707b395-9f43-4b28-8cf2-281c8978ddb3/current/log_inprogress_0
2019-08-21 01:02:52,176 [a8f43d7f-8ab9-4263-bc60-233f29780d16-SegmentedRaftLogWorker:Storage Directory /workdir/hadoop-ozone/integration-test/target/test-dir/MiniOzoneClusterImpl-b121f0fa-5b36-4e30-bdae-6f5cf730914f/datanode-3/data/ratis/b22549c8-e21d-4f4d-a2c6-4d5979ca93c7] INFO  segmented.SegmentedRaftLogWorker (SegmentedRaftLogWorker.java:execute(569)) - a8f43d7f-8ab9-4263-bc60-233f29780d16-SegmentedRaftLogWorker:Storage Directory /workdir/hadoop-ozone/integration-test/target/test-dir/MiniOzoneClusterImpl-b121f0fa-5b36-4e30-bdae-6f5cf730914f/datanode-3/data/ratis/b22549c8-e21d-4f4d-a2c6-4d5979ca93c7: created new log segment /workdir/hadoop-ozone/integration-test/target/test-dir/MiniOzoneClusterImpl-b121f0fa-5b36-4e30-bdae-6f5cf730914f/datanode-3/data/ratis/b22549c8-e21d-4f4d-a2c6-4d5979ca93c7/current/log_inprogress_0
2019-08-21 01:02:52,228 [Thread-3333] INFO  impl.FollowerState (FollowerState.java:run(106)) - 853a8d38-210a-40e1-a500-60344a22ce2b:group-22CE4606D816 changes to CANDIDATE, lastRpcTime:5170, electionTimeout:5170ms
2019-08-21 01:02:52,229 [Thread-3333] INFO  impl.RoleInfo (RoleInfo.java:shutdownFollowerState(121)) - 853a8d38-210a-40e1-a500-60344a22ce2b: shutdown FollowerState
2019-08-21 01:02:52,229 [Thread-3333] INFO  impl.RaftServerImpl (RaftServerImpl.java:setRole(171)) - 853a8d38-210a-40e1-a500-60344a22ce2b:group-22CE4606D816 changes role from FOLLOWER to CANDIDATE at term 0 for changeToCandidate
2019-08-21 01:02:52,229 [Thread-3333] INFO  impl.RoleInfo (RoleInfo.java:updateAndGet(143)) - 853a8d38-210a-40e1-a500-60344a22ce2b: start LeaderElection
2019-08-21 01:02:52,260 [853a8d38-210a-40e1-a500-60344a22ce2b:group-22CE4606D816:LeaderElection65] INFO  impl.LeaderElection (LeaderElection.java:askForVotes(181)) - 853a8d38-210a-40e1-a500-60344a22ce2b:group-22CE4606D816:LeaderElection65: begin an election at term 1 for -1: [853a8d38-210a-40e1-a500-60344a22ce2b:192.168.34.10:41908], old=null
2019-08-21 01:02:52,260 [853a8d38-210a-40e1-a500-60344a22ce2b:group-22CE4606D816:LeaderElection65] INFO  impl.RoleInfo (RoleInfo.java:shutdownLeaderElection(134)) - 853a8d38-210a-40e1-a500-60344a22ce2b: shutdown LeaderElection
2019-08-21 01:02:52,260 [853a8d38-210a-40e1-a500-60344a22ce2b:group-22CE4606D816:LeaderElection65] INFO  impl.RaftServerImpl (RaftServerImpl.java:setRole(171)) - 853a8d38-210a-40e1-a500-60344a22ce2b:group-22CE4606D816 changes role from CANDIDATE to LEADER at term 1 for changeToLeader
2019-08-21 01:02:52,260 [853a8d38-210a-40e1-a500-60344a22ce2b:group-22CE4606D816:LeaderElection65] INFO  impl.RaftServerImpl (ServerState.java:setLeader(263)) - 853a8d38-210a-40e1-a500-60344a22ce2b:group-22CE4606D816 change Leader from null to 853a8d38-210a-40e1-a500-60344a22ce2b at term 1 for becomeLeader, leader elected after 5206ms
2019-08-21 01:02:52,261 [853a8d38-210a-40e1-a500-60344a22ce2b:group-22CE4606D816:LeaderElection65] INFO  server.RaftServerConfigKeys (ConfUtils.java:logGet(43)) - raft.server.staging.catchup.gap = 1000 (default)
2019-08-21 01:02:52,261 [853a8d38-210a-40e1-a500-60344a22ce2b:group-22CE4606D816:LeaderElection65] INFO  server.RaftServerConfigKeys (ConfUtils.java:logGet(43)) - raft.server.rpc.sleep.time = 25ms (default)
2019-08-21 01:02:52,261 [853a8d38-210a-40e1-a500-60344a22ce2b:group-22CE4606D816:LeaderElection65] INFO  server.RaftServerConfigKeys (ConfUtils.java:logGet(43)) - raft.server.write.element-limit = 4096 (default)
2019-08-21 01:02:52,261 [853a8d38-210a-40e1-a500-60344a22ce2b:group-22CE4606D816:LeaderElection65] INFO  server.RaftServerConfigKeys (ConfUtils.java:logGet(43)) - raft.server.watch.timeout = 10s (default)
2019-08-21 01:02:52,261 [853a8d38-210a-40e1-a500-60344a22ce2b:group-22CE4606D816:LeaderElection65] INFO  server.RaftServerConfigKeys (ConfUtils.java:logGet(43)) - raft.server.watch.timeout.denomination = 1s (default)
2019-08-21 01:02:52,261 [853a8d38-210a-40e1-a500-60344a22ce2b:group-22CE4606D816:LeaderElection65] INFO  server.RaftServerConfigKeys (ConfUtils.java:logGet(43)) - raft.server.watch.element-limit = 65536 (default)
2019-08-21 01:02:52,262 [853a8d38-210a-40e1-a500-60344a22ce2b:group-22CE4606D816:LeaderElection65] INFO  impl.RoleInfo (RoleInfo.java:updateAndGet(143)) - 853a8d38-210a-40e1-a500-60344a22ce2b: start LeaderState
2019-08-21 01:02:52,262 [853a8d38-210a-40e1-a500-60344a22ce2b:group-22CE4606D816:LeaderElection65] INFO  segmented.SegmentedRaftLogWorker (SegmentedRaftLogWorker.java:startLogSegment(380)) - 853a8d38-210a-40e1-a500-60344a22ce2b-SegmentedRaftLogWorker:Storage Directory /workdir/hadoop-ozone/integration-test/target/test-dir/MiniOzoneClusterImpl-b121f0fa-5b36-4e30-bdae-6f5cf730914f/datanode-6/data/ratis/b8d82d89-1258-41c2-a0a8-22ce4606d816: Starting segment from index:0
2019-08-21 01:02:52,263 [853a8d38-210a-40e1-a500-60344a22ce2b:group-22CE4606D816:LeaderElection65] INFO  impl.RaftServerImpl (ServerState.java:setRaftConf(361)) - 853a8d38-210a-40e1-a500-60344a22ce2b:group-22CE4606D816 set configuration 0: [853a8d38-210a-40e1-a500-60344a22ce2b:192.168.34.10:41908], old=null at 0
2019-08-21 01:02:52,315 [853a8d38-210a-40e1-a500-60344a22ce2b-SegmentedRaftLogWorker:Storage Directory /workdir/hadoop-ozone/integration-test/target/test-dir/MiniOzoneClusterImpl-b121f0fa-5b36-4e30-bdae-6f5cf730914f/datanode-6/data/ratis/b8d82d89-1258-41c2-a0a8-22ce4606d816] INFO  segmented.SegmentedRaftLogWorker (SegmentedRaftLogWorker.java:execute(569)) - 853a8d38-210a-40e1-a500-60344a22ce2b-SegmentedRaftLogWorker:Storage Directory /workdir/hadoop-ozone/integration-test/target/test-dir/MiniOzoneClusterImpl-b121f0fa-5b36-4e30-bdae-6f5cf730914f/datanode-6/data/ratis/b8d82d89-1258-41c2-a0a8-22ce4606d816: created new log segment /workdir/hadoop-ozone/integration-test/target/test-dir/MiniOzoneClusterImpl-b121f0fa-5b36-4e30-bdae-6f5cf730914f/datanode-6/data/ratis/b8d82d89-1258-41c2-a0a8-22ce4606d816/current/log_inprogress_0
2019-08-21 01:02:52,336 | INFO  | SCMAudit | user=jenkins1000 | ip=192.168.34.10 | op=SEND_HEARTBEAT {datanodeUUID=da6cf7a5-fd86-493b-8551-65e1ed8dd98c, command=[]} | ret=SUCCESS |  
2019-08-21 01:02:52,512 | INFO  | SCMAudit | user=jenkins1000 | ip=192.168.34.10 | op=SEND_HEARTBEAT {datanodeUUID=a8f43d7f-8ab9-4263-bc60-233f29780d16, command=[]} | ret=SUCCESS |  
2019-08-21 01:02:52,684 | INFO  | SCMAudit | user=jenkins1000 | ip=192.168.34.10 | op=SEND_HEARTBEAT {datanodeUUID=24a30f30-831a-4833-93ea-707e8199d09b, command=[]} | ret=SUCCESS |  
2019-08-21 01:02:52,803 | INFO  | SCMAudit | user=jenkins1000 | ip=192.168.34.10 | op=SEND_HEARTBEAT {datanodeUUID=f7fc252f-131b-479f-9e1d-bf8bc8cd8a61, command=[]} | ret=SUCCESS |  
2019-08-21 01:02:52,856 | INFO  | SCMAudit | user=jenkins1000 | ip=192.168.34.10 | op=SEND_HEARTBEAT {datanodeUUID=fccca5a2-55db-4efd-8b7f-8a266599827f, command=[]} | ret=SUCCESS |  
2019-08-21 01:02:52,976 | INFO  | SCMAudit | user=jenkins1000 | ip=192.168.34.10 | op=SEND_HEARTBEAT {datanodeUUID=0fe1d74e-166c-4d98-8cc5-3a12f218ca10, command=[]} | ret=SUCCESS |  
2019-08-21 01:02:53,014 | INFO  | SCMAudit | user=jenkins1000 | ip=192.168.34.10 | op=SEND_HEARTBEAT {datanodeUUID=853a8d38-210a-40e1-a500-60344a22ce2b, command=[]} | ret=SUCCESS |  
2019-08-21 01:02:53,175 [grpc-default-executor-7] INFO  client.GrpcClientProtocolClient (GrpcClientProtocolClient.java:onNext(255)) - client-B5CAA62F7100->0fe1d74e-166c-4d98-8cc5-3a12f218ca10: receive RaftClientReply:client-B5CAA62F7100->0fe1d74e-166c-4d98-8cc5-3a12f218ca10@group-3528105455D3, cid=175, FAILED org.apache.ratis.protocol.NotLeaderException: Server 0fe1d74e-166c-4d98-8cc5-3a12f218ca10 is not the leader (null). Request must be sent to leader., logIndex=0, commits[0fe1d74e-166c-4d98-8cc5-3a12f218ca10:c-1]
2019-08-21 01:02:53,335 | INFO  | SCMAudit | user=jenkins1000 | ip=192.168.34.10 | op=SEND_HEARTBEAT {datanodeUUID=da6cf7a5-fd86-493b-8551-65e1ed8dd98c, command=[]} | ret=SUCCESS |  
2019-08-21 01:02:53,511 | INFO  | SCMAudit | user=jenkins1000 | ip=192.168.34.10 | op=SEND_HEARTBEAT {datanodeUUID=a8f43d7f-8ab9-4263-bc60-233f29780d16, command=[]} | ret=SUCCESS |  
2019-08-21 01:02:53,685 | INFO  | SCMAudit | user=jenkins1000 | ip=192.168.34.10 | op=SEND_HEARTBEAT {datanodeUUID=24a30f30-831a-4833-93ea-707e8199d09b, command=[]} | ret=SUCCESS |  
2019-08-21 01:02:53,802 | INFO  | SCMAudit | user=jenkins1000 | ip=192.168.34.10 | op=SEND_HEARTBEAT {datanodeUUID=f7fc252f-131b-479f-9e1d-bf8bc8cd8a61, command=[]} | ret=SUCCESS |  
2019-08-21 01:02:53,856 | INFO  | SCMAudit | user=jenkins1000 | ip=192.168.34.10 | op=SEND_HEARTBEAT {datanodeUUID=fccca5a2-55db-4efd-8b7f-8a266599827f, command=[]} | ret=SUCCESS |  
2019-08-21 01:02:53,977 | INFO  | SCMAudit | user=jenkins1000 | ip=192.168.34.10 | op=SEND_HEARTBEAT {datanodeUUID=0fe1d74e-166c-4d98-8cc5-3a12f218ca10, command=[]} | ret=SUCCESS |  
2019-08-21 01:02:54,015 | INFO  | SCMAudit | user=jenkins1000 | ip=192.168.34.10 | op=SEND_HEARTBEAT {datanodeUUID=853a8d38-210a-40e1-a500-60344a22ce2b, command=[]} | ret=SUCCESS |  
2019-08-21 01:02:54,189 [grpc-default-executor-5] INFO  client.GrpcClientProtocolClient (GrpcClientProtocolClient.java:onNext(255)) - client-B5CAA62F7100->f7fc252f-131b-479f-9e1d-bf8bc8cd8a61: receive RaftClientReply:client-B5CAA62F7100->f7fc252f-131b-479f-9e1d-bf8bc8cd8a61@group-3528105455D3, cid=175, FAILED org.apache.ratis.protocol.NotLeaderException: Server f7fc252f-131b-479f-9e1d-bf8bc8cd8a61 is not the leader (null). Request must be sent to leader., logIndex=0, commits[f7fc252f-131b-479f-9e1d-bf8bc8cd8a61:c-1]
2019-08-21 01:02:54,336 | INFO  | SCMAudit | user=jenkins1000 | ip=192.168.34.10 | op=SEND_HEARTBEAT {datanodeUUID=da6cf7a5-fd86-493b-8551-65e1ed8dd98c, command=[]} | ret=SUCCESS |  
2019-08-21 01:02:54,511 | INFO  | SCMAudit | user=jenkins1000 | ip=192.168.34.10 | op=SEND_HEARTBEAT {datanodeUUID=a8f43d7f-8ab9-4263-bc60-233f29780d16, command=[]} | ret=SUCCESS |  
2019-08-21 01:02:54,685 | INFO  | SCMAudit | user=jenkins1000 | ip=192.168.34.10 | op=SEND_HEARTBEAT {datanodeUUID=24a30f30-831a-4833-93ea-707e8199d09b, command=[]} | ret=SUCCESS |  
2019-08-21 01:02:54,803 | INFO  | SCMAudit | user=jenkins1000 | ip=192.168.34.10 | op=SEND_HEARTBEAT {datanodeUUID=f7fc252f-131b-479f-9e1d-bf8bc8cd8a61, command=[]} | ret=SUCCESS |  
2019-08-21 01:02:54,856 | INFO  | SCMAudit | user=jenkins1000 | ip=192.168.34.10 | op=SEND_HEARTBEAT {datanodeUUID=fccca5a2-55db-4efd-8b7f-8a266599827f, command=[]} | ret=SUCCESS |  
2019-08-21 01:02:54,976 | INFO  | SCMAudit | user=jenkins1000 | ip=192.168.34.10 | op=SEND_HEARTBEAT {datanodeUUID=0fe1d74e-166c-4d98-8cc5-3a12f218ca10, command=[]} | ret=SUCCESS |  
2019-08-21 01:02:55,014 | INFO  | SCMAudit | user=jenkins1000 | ip=192.168.34.10 | op=SEND_HEARTBEAT {datanodeUUID=853a8d38-210a-40e1-a500-60344a22ce2b, command=[]} | ret=SUCCESS |  
2019-08-21 01:02:55,199 [grpc-default-executor-7] INFO  client.GrpcClientProtocolClient (GrpcClientProtocolClient.java:onNext(255)) - client-B5CAA62F7100->0fe1d74e-166c-4d98-8cc5-3a12f218ca10: receive RaftClientReply:client-B5CAA62F7100->0fe1d74e-166c-4d98-8cc5-3a12f218ca10@group-3528105455D3, cid=175, FAILED org.apache.ratis.protocol.NotLeaderException: Server 0fe1d74e-166c-4d98-8cc5-3a12f218ca10 is not the leader (null). Request must be sent to leader., logIndex=0, commits[0fe1d74e-166c-4d98-8cc5-3a12f218ca10:c-1]
2019-08-21 01:02:55,335 | INFO  | SCMAudit | user=jenkins1000 | ip=192.168.34.10 | op=SEND_HEARTBEAT {datanodeUUID=da6cf7a5-fd86-493b-8551-65e1ed8dd98c, command=[]} | ret=SUCCESS |  
2019-08-21 01:02:55,512 | INFO  | SCMAudit | user=jenkins1000 | ip=192.168.34.10 | op=SEND_HEARTBEAT {datanodeUUID=a8f43d7f-8ab9-4263-bc60-233f29780d16, command=[]} | ret=SUCCESS |  
2019-08-21 01:02:55,685 | INFO  | SCMAudit | user=jenkins1000 | ip=192.168.34.10 | op=SEND_HEARTBEAT {datanodeUUID=24a30f30-831a-4833-93ea-707e8199d09b, command=[]} | ret=SUCCESS |  
2019-08-21 01:02:55,802 | INFO  | SCMAudit | user=jenkins1000 | ip=192.168.34.10 | op=SEND_HEARTBEAT {datanodeUUID=f7fc252f-131b-479f-9e1d-bf8bc8cd8a61, command=[]} | ret=SUCCESS |  
2019-08-21 01:02:55,856 | INFO  | SCMAudit | user=jenkins1000 | ip=192.168.34.10 | op=SEND_HEARTBEAT {datanodeUUID=fccca5a2-55db-4efd-8b7f-8a266599827f, command=[]} | ret=SUCCESS |  
2019-08-21 01:02:55,977 | INFO  | SCMAudit | user=jenkins1000 | ip=192.168.34.10 | op=SEND_HEARTBEAT {datanodeUUID=0fe1d74e-166c-4d98-8cc5-3a12f218ca10, command=[]} | ret=SUCCESS |  
2019-08-21 01:02:56,014 | INFO  | SCMAudit | user=jenkins1000 | ip=192.168.34.10 | op=SEND_HEARTBEAT {datanodeUUID=853a8d38-210a-40e1-a500-60344a22ce2b, command=[]} | ret=SUCCESS |  
2019-08-21 01:02:56,211 [grpc-default-executor-5] INFO  client.GrpcClientProtocolClient (GrpcClientProtocolClient.java:onNext(255)) - client-B5CAA62F7100->da6cf7a5-fd86-493b-8551-65e1ed8dd98c: receive RaftClientReply:client-B5CAA62F7100->da6cf7a5-fd86-493b-8551-65e1ed8dd98c@group-3528105455D3, cid=175, FAILED org.apache.ratis.protocol.NotLeaderException: Server da6cf7a5-fd86-493b-8551-65e1ed8dd98c is not the leader (null). Request must be sent to leader., logIndex=0, commits[da6cf7a5-fd86-493b-8551-65e1ed8dd98c:c-1]
2019-08-21 01:02:56,335 | INFO  | SCMAudit | user=jenkins1000 | ip=192.168.34.10 | op=SEND_HEARTBEAT {datanodeUUID=da6cf7a5-fd86-493b-8551-65e1ed8dd98c, command=[]} | ret=SUCCESS |  
2019-08-21 01:02:56,512 | INFO  | SCMAudit | user=jenkins1000 | ip=192.168.34.10 | op=SEND_HEARTBEAT {datanodeUUID=a8f43d7f-8ab9-4263-bc60-233f29780d16, command=[]} | ret=SUCCESS |  
2019-08-21 01:02:56,666 [Thread-3367] INFO  impl.FollowerState (FollowerState.java:run(106)) - 0fe1d74e-166c-4d98-8cc5-3a12f218ca10:group-3528105455D3 changes to CANDIDATE, lastRpcTime:5035, electionTimeout:5035ms
2019-08-21 01:02:56,666 [Thread-3367] INFO  impl.RoleInfo (RoleInfo.java:shutdownFollowerState(121)) - 0fe1d74e-166c-4d98-8cc5-3a12f218ca10: shutdown FollowerState
2019-08-21 01:02:56,666 [Thread-3367] INFO  impl.RaftServerImpl (RaftServerImpl.java:setRole(171)) - 0fe1d74e-166c-4d98-8cc5-3a12f218ca10:group-3528105455D3 changes role from FOLLOWER to CANDIDATE at term 1 for changeToCandidate
2019-08-21 01:02:56,666 [Thread-3367] INFO  impl.RoleInfo (RoleInfo.java:updateAndGet(143)) - 0fe1d74e-166c-4d98-8cc5-3a12f218ca10: start LeaderElection
2019-08-21 01:02:56,685 | INFO  | SCMAudit | user=jenkins1000 | ip=192.168.34.10 | op=SEND_HEARTBEAT {datanodeUUID=24a30f30-831a-4833-93ea-707e8199d09b, command=[]} | ret=SUCCESS |  
2019-08-21 01:02:56,694 [0fe1d74e-166c-4d98-8cc5-3a12f218ca10:group-3528105455D3:LeaderElection66] INFO  impl.LeaderElection (LeaderElection.java:askForVotes(181)) - 0fe1d74e-166c-4d98-8cc5-3a12f218ca10:group-3528105455D3:LeaderElection66: begin an election at term 2 for -1: [da6cf7a5-fd86-493b-8551-65e1ed8dd98c:192.168.34.10:36254, f7fc252f-131b-479f-9e1d-bf8bc8cd8a61:192.168.34.10:34883, 0fe1d74e-166c-4d98-8cc5-3a12f218ca10:192.168.34.10:34757], old=null
2019-08-21 01:02:56,697 [grpc-default-executor-5] INFO  impl.RaftServerImpl (RaftServerImpl.java:setRole(171)) - f7fc252f-131b-479f-9e1d-bf8bc8cd8a61:group-3528105455D3 changes role from FOLLOWER to FOLLOWER at term 2 for recognizeCandidate:0fe1d74e-166c-4d98-8cc5-3a12f218ca10
2019-08-21 01:02:56,697 [grpc-default-executor-7] INFO  impl.RaftServerImpl (RaftServerImpl.java:setRole(171)) - da6cf7a5-fd86-493b-8551-65e1ed8dd98c:group-3528105455D3 changes role from FOLLOWER to FOLLOWER at term 2 for recognizeCandidate:0fe1d74e-166c-4d98-8cc5-3a12f218ca10
2019-08-21 01:02:56,697 [grpc-default-executor-5] INFO  impl.RoleInfo (RoleInfo.java:shutdownFollowerState(121)) - f7fc252f-131b-479f-9e1d-bf8bc8cd8a61: shutdown FollowerState
2019-08-21 01:02:56,697 [grpc-default-executor-7] INFO  impl.RoleInfo (RoleInfo.java:shutdownFollowerState(121)) - da6cf7a5-fd86-493b-8551-65e1ed8dd98c: shutdown FollowerState
2019-08-21 01:02:56,697 [Thread-3368] INFO  impl.FollowerState (FollowerState.java:run(114)) - f7fc252f-131b-479f-9e1d-bf8bc8cd8a61: FollowerState was interrupted: java.lang.InterruptedException: sleep interrupted
2019-08-21 01:02:56,697 [grpc-default-executor-5] INFO  impl.RoleInfo (RoleInfo.java:updateAndGet(143)) - f7fc252f-131b-479f-9e1d-bf8bc8cd8a61: start FollowerState
2019-08-21 01:02:56,698 [Thread-3369] INFO  impl.FollowerState (FollowerState.java:run(114)) - da6cf7a5-fd86-493b-8551-65e1ed8dd98c: FollowerState was interrupted: java.lang.InterruptedException: sleep interrupted
2019-08-21 01:02:56,697 [grpc-default-executor-7] INFO  impl.RoleInfo (RoleInfo.java:updateAndGet(143)) - da6cf7a5-fd86-493b-8551-65e1ed8dd98c: start FollowerState
2019-08-21 01:02:56,719 [0fe1d74e-166c-4d98-8cc5-3a12f218ca10:group-3528105455D3:LeaderElection66] INFO  impl.LeaderElection (LeaderElection.java:logAndReturn(56)) - 0fe1d74e-166c-4d98-8cc5-3a12f218ca10:group-3528105455D3:LeaderElection66: Election PASSED; received 1 response(s) [0fe1d74e-166c-4d98-8cc5-3a12f218ca10<-da6cf7a5-fd86-493b-8551-65e1ed8dd98c#0:OK-t2] and 0 exception(s); 0fe1d74e-166c-4d98-8cc5-3a12f218ca10:t2, leader=null, voted=0fe1d74e-166c-4d98-8cc5-3a12f218ca10, raftlog=0fe1d74e-166c-4d98-8cc5-3a12f218ca10-SegmentedRaftLog:OPENED:c-1,f-1,i0, conf=-1: [da6cf7a5-fd86-493b-8551-65e1ed8dd98c:192.168.34.10:36254, f7fc252f-131b-479f-9e1d-bf8bc8cd8a61:192.168.34.10:34883, 0fe1d74e-166c-4d98-8cc5-3a12f218ca10:192.168.34.10:34757], old=null
2019-08-21 01:02:56,720 [0fe1d74e-166c-4d98-8cc5-3a12f218ca10:group-3528105455D3:LeaderElection66] INFO  impl.RoleInfo (RoleInfo.java:shutdownLeaderElection(134)) - 0fe1d74e-166c-4d98-8cc5-3a12f218ca10: shutdown LeaderElection
2019-08-21 01:02:56,720 [0fe1d74e-166c-4d98-8cc5-3a12f218ca10:group-3528105455D3:LeaderElection66] INFO  impl.RaftServerImpl (RaftServerImpl.java:setRole(171)) - 0fe1d74e-166c-4d98-8cc5-3a12f218ca10:group-3528105455D3 changes role from CANDIDATE to LEADER at term 2 for changeToLeader
2019-08-21 01:02:56,720 [0fe1d74e-166c-4d98-8cc5-3a12f218ca10:group-3528105455D3:LeaderElection66] INFO  impl.RaftServerImpl (ServerState.java:setLeader(263)) - 0fe1d74e-166c-4d98-8cc5-3a12f218ca10:group-3528105455D3 change Leader from null to 0fe1d74e-166c-4d98-8cc5-3a12f218ca10 at term 2 for becomeLeader, leader elected after 10254ms
2019-08-21 01:02:56,720 [0fe1d74e-166c-4d98-8cc5-3a12f218ca10:group-3528105455D3:LeaderElection66] INFO  server.RaftServerConfigKeys (ConfUtils.java:logGet(43)) - raft.server.staging.catchup.gap = 1000 (default)
2019-08-21 01:02:56,720 [0fe1d74e-166c-4d98-8cc5-3a12f218ca10:group-3528105455D3:LeaderElection66] INFO  server.RaftServerConfigKeys (ConfUtils.java:logGet(43)) - raft.server.rpc.sleep.time = 25ms (default)
2019-08-21 01:02:56,721 [0fe1d74e-166c-4d98-8cc5-3a12f218ca10:group-3528105455D3:LeaderElection66] INFO  server.RaftServerConfigKeys (ConfUtils.java:logGet(43)) - raft.server.write.element-limit = 4096 (default)
2019-08-21 01:02:56,721 [0fe1d74e-166c-4d98-8cc5-3a12f218ca10:group-3528105455D3:LeaderElection66] INFO  server.RaftServerConfigKeys (ConfUtils.java:logGet(43)) - raft.server.watch.timeout = 10s (default)
2019-08-21 01:02:56,721 [0fe1d74e-166c-4d98-8cc5-3a12f218ca10:group-3528105455D3:LeaderElection66] INFO  server.RaftServerConfigKeys (ConfUtils.java:logGet(43)) - raft.server.watch.timeout.denomination = 1s (default)
2019-08-21 01:02:56,721 [0fe1d74e-166c-4d98-8cc5-3a12f218ca10:group-3528105455D3:LeaderElection66] INFO  server.RaftServerConfigKeys (ConfUtils.java:logGet(43)) - raft.server.watch.element-limit = 65536 (default)
2019-08-21 01:02:56,722 [0fe1d74e-166c-4d98-8cc5-3a12f218ca10:group-3528105455D3:LeaderElection66] INFO  server.RaftServerConfigKeys (ConfUtils.java:logGet(43)) - raft.server.log.appender.snapshot.chunk.size.max = 16MB (=16777216) (default)
2019-08-21 01:02:56,722 [0fe1d74e-166c-4d98-8cc5-3a12f218ca10:group-3528105455D3:LeaderElection66] INFO  server.RaftServerConfigKeys (ConfUtils.java:logGet(43)) - raft.server.log.appender.buffer.byte-limit = 33554432 (custom)
2019-08-21 01:02:56,722 [0fe1d74e-166c-4d98-8cc5-3a12f218ca10:group-3528105455D3:LeaderElection66] INFO  server.RaftServerConfigKeys (ConfUtils.java:logGet(43)) - raft.server.log.appender.buffer.element-limit = 1 (custom)
2019-08-21 01:02:56,723 [0fe1d74e-166c-4d98-8cc5-3a12f218ca10:group-3528105455D3:LeaderElection66] INFO  grpc.GrpcConfigKeys$Server (ConfUtils.java:logGet(43)) - raft.grpc.server.leader.outstanding.appends.max = 128 (default)
2019-08-21 01:02:56,723 [0fe1d74e-166c-4d98-8cc5-3a12f218ca10:group-3528105455D3:LeaderElection66] INFO  server.RaftServerConfigKeys (ConfUtils.java:logGet(43)) - raft.server.rpc.request.timeout = 3000ms (default)
2019-08-21 01:02:56,723 [0fe1d74e-166c-4d98-8cc5-3a12f218ca10:group-3528105455D3:LeaderElection66] INFO  server.RaftServerConfigKeys (ConfUtils.java:logGet(43)) - raft.server.log.appender.install.snapshot.enabled = false (custom)
2019-08-21 01:02:56,723 [0fe1d74e-166c-4d98-8cc5-3a12f218ca10:group-3528105455D3:LeaderElection66] INFO  server.RaftServerConfigKeys (ConfUtils.java:logGet(43)) - raft.server.log.appender.snapshot.chunk.size.max = 16MB (=16777216) (default)
2019-08-21 01:02:56,724 [0fe1d74e-166c-4d98-8cc5-3a12f218ca10:group-3528105455D3:LeaderElection66] INFO  server.RaftServerConfigKeys (ConfUtils.java:logGet(43)) - raft.server.log.appender.buffer.byte-limit = 33554432 (custom)
2019-08-21 01:02:56,724 [0fe1d74e-166c-4d98-8cc5-3a12f218ca10:group-3528105455D3:LeaderElection66] INFO  server.RaftServerConfigKeys (ConfUtils.java:logGet(43)) - raft.server.log.appender.buffer.element-limit = 1 (custom)
2019-08-21 01:02:56,724 [0fe1d74e-166c-4d98-8cc5-3a12f218ca10:group-3528105455D3:LeaderElection66] INFO  grpc.GrpcConfigKeys$Server (ConfUtils.java:logGet(43)) - raft.grpc.server.leader.outstanding.appends.max = 128 (default)
2019-08-21 01:02:56,724 [0fe1d74e-166c-4d98-8cc5-3a12f218ca10:group-3528105455D3:LeaderElection66] INFO  server.RaftServerConfigKeys (ConfUtils.java:logGet(43)) - raft.server.rpc.request.timeout = 3000ms (default)
2019-08-21 01:02:56,725 [0fe1d74e-166c-4d98-8cc5-3a12f218ca10:group-3528105455D3:LeaderElection66] INFO  server.RaftServerConfigKeys (ConfUtils.java:logGet(43)) - raft.server.log.appender.install.snapshot.enabled = false (custom)
2019-08-21 01:02:56,725 [0fe1d74e-166c-4d98-8cc5-3a12f218ca10:group-3528105455D3:LeaderElection66] INFO  impl.RoleInfo (RoleInfo.java:updateAndGet(143)) - 0fe1d74e-166c-4d98-8cc5-3a12f218ca10: start LeaderState
2019-08-21 01:02:56,725 [0fe1d74e-166c-4d98-8cc5-3a12f218ca10:group-3528105455D3:LeaderElection66] INFO  segmented.SegmentedRaftLogWorker (SegmentedRaftLogWorker.java:startLogSegment(380)) - 0fe1d74e-166c-4d98-8cc5-3a12f218ca10-SegmentedRaftLogWorker:Storage Directory /workdir/hadoop-ozone/integration-test/target/test-dir/MiniOzoneClusterImpl-b121f0fa-5b36-4e30-bdae-6f5cf730914f/datanode-1/data/ratis/8a3425bf-2bba-4f72-9a42-3528105455d3: Starting segment from index:0
2019-08-21 01:02:56,727 [0fe1d74e-166c-4d98-8cc5-3a12f218ca10:group-3528105455D3:LeaderElection66] INFO  impl.RaftServerImpl (ServerState.java:setRaftConf(361)) - 0fe1d74e-166c-4d98-8cc5-3a12f218ca10:group-3528105455D3 set configuration 0: [da6cf7a5-fd86-493b-8551-65e1ed8dd98c:192.168.34.10:36254, f7fc252f-131b-479f-9e1d-bf8bc8cd8a61:192.168.34.10:34883, 0fe1d74e-166c-4d98-8cc5-3a12f218ca10:192.168.34.10:34757], old=null at 0
2019-08-21 01:02:56,728 [grpc-default-executor-7] INFO  impl.RaftServerImpl (ServerState.java:setLeader(263)) - da6cf7a5-fd86-493b-8551-65e1ed8dd98c:group-3528105455D3 change Leader from null to 0fe1d74e-166c-4d98-8cc5-3a12f218ca10 at term 2 for appendEntries, leader elected after 10263ms
2019-08-21 01:02:56,728 [grpc-default-executor-5] INFO  impl.RaftServerImpl (ServerState.java:setLeader(263)) - f7fc252f-131b-479f-9e1d-bf8bc8cd8a61:group-3528105455D3 change Leader from null to 0fe1d74e-166c-4d98-8cc5-3a12f218ca10 at term 2 for appendEntries, leader elected after 10263ms
2019-08-21 01:02:56,730 [grpc-default-executor-5] INFO  impl.RaftServerImpl (ServerState.java:setRaftConf(361)) - da6cf7a5-fd86-493b-8551-65e1ed8dd98c:group-3528105455D3 set configuration 0: [da6cf7a5-fd86-493b-8551-65e1ed8dd98c:192.168.34.10:36254, f7fc252f-131b-479f-9e1d-bf8bc8cd8a61:192.168.34.10:34883, 0fe1d74e-166c-4d98-8cc5-3a12f218ca10:192.168.34.10:34757], old=null at 0
2019-08-21 01:02:56,730 [grpc-default-executor-5] INFO  segmented.SegmentedRaftLogWorker (SegmentedRaftLogWorker.java:startLogSegment(380)) - da6cf7a5-fd86-493b-8551-65e1ed8dd98c-SegmentedRaftLogWorker:Storage Directory /workdir/hadoop-ozone/integration-test/target/test-dir/MiniOzoneClusterImpl-b121f0fa-5b36-4e30-bdae-6f5cf730914f/datanode-2/data/ratis/8a3425bf-2bba-4f72-9a42-3528105455d3: Starting segment from index:0
2019-08-21 01:02:56,730 [grpc-default-executor-7] INFO  impl.RaftServerImpl (ServerState.java:setRaftConf(361)) - f7fc252f-131b-479f-9e1d-bf8bc8cd8a61:group-3528105455D3 set configuration 0: [da6cf7a5-fd86-493b-8551-65e1ed8dd98c:192.168.34.10:36254, f7fc252f-131b-479f-9e1d-bf8bc8cd8a61:192.168.34.10:34883, 0fe1d74e-166c-4d98-8cc5-3a12f218ca10:192.168.34.10:34757], old=null at 0
2019-08-21 01:02:56,731 [grpc-default-executor-7] INFO  segmented.SegmentedRaftLogWorker (SegmentedRaftLogWorker.java:startLogSegment(380)) - f7fc252f-131b-479f-9e1d-bf8bc8cd8a61-SegmentedRaftLogWorker:Storage Directory /workdir/hadoop-ozone/integration-test/target/test-dir/MiniOzoneClusterImpl-b121f0fa-5b36-4e30-bdae-6f5cf730914f/datanode-0/data/ratis/8a3425bf-2bba-4f72-9a42-3528105455d3: Starting segment from index:0
2019-08-21 01:02:56,776 [0fe1d74e-166c-4d98-8cc5-3a12f218ca10-SegmentedRaftLogWorker:Storage Directory /workdir/hadoop-ozone/integration-test/target/test-dir/MiniOzoneClusterImpl-b121f0fa-5b36-4e30-bdae-6f5cf730914f/datanode-1/data/ratis/8a3425bf-2bba-4f72-9a42-3528105455d3] INFO  segmented.SegmentedRaftLogWorker (SegmentedRaftLogWorker.java:execute(569)) - 0fe1d74e-166c-4d98-8cc5-3a12f218ca10-SegmentedRaftLogWorker:Storage Directory /workdir/hadoop-ozone/integration-test/target/test-dir/MiniOzoneClusterImpl-b121f0fa-5b36-4e30-bdae-6f5cf730914f/datanode-1/data/ratis/8a3425bf-2bba-4f72-9a42-3528105455d3: created new log segment /workdir/hadoop-ozone/integration-test/target/test-dir/MiniOzoneClusterImpl-b121f0fa-5b36-4e30-bdae-6f5cf730914f/datanode-1/data/ratis/8a3425bf-2bba-4f72-9a42-3528105455d3/current/log_inprogress_0
2019-08-21 01:02:56,789 [f7fc252f-131b-479f-9e1d-bf8bc8cd8a61-SegmentedRaftLogWorker:Storage Directory /workdir/hadoop-ozone/integration-test/target/test-dir/MiniOzoneClusterImpl-b121f0fa-5b36-4e30-bdae-6f5cf730914f/datanode-0/data/ratis/8a3425bf-2bba-4f72-9a42-3528105455d3] INFO  segmented.SegmentedRaftLogWorker (SegmentedRaftLogWorker.java:execute(569)) - f7fc252f-131b-479f-9e1d-bf8bc8cd8a61-SegmentedRaftLogWorker:Storage Directory /workdir/hadoop-ozone/integration-test/target/test-dir/MiniOzoneClusterImpl-b121f0fa-5b36-4e30-bdae-6f5cf730914f/datanode-0/data/ratis/8a3425bf-2bba-4f72-9a42-3528105455d3: created new log segment /workdir/hadoop-ozone/integration-test/target/test-dir/MiniOzoneClusterImpl-b121f0fa-5b36-4e30-bdae-6f5cf730914f/datanode-0/data/ratis/8a3425bf-2bba-4f72-9a42-3528105455d3/current/log_inprogress_0
2019-08-21 01:02:56,789 [da6cf7a5-fd86-493b-8551-65e1ed8dd98c-SegmentedRaftLogWorker:Storage Directory /workdir/hadoop-ozone/integration-test/target/test-dir/MiniOzoneClusterImpl-b121f0fa-5b36-4e30-bdae-6f5cf730914f/datanode-2/data/ratis/8a3425bf-2bba-4f72-9a42-3528105455d3] INFO  segmented.SegmentedRaftLogWorker (SegmentedRaftLogWorker.java:execute(569)) - da6cf7a5-fd86-493b-8551-65e1ed8dd98c-SegmentedRaftLogWorker:Storage Directory /workdir/hadoop-ozone/integration-test/target/test-dir/MiniOzoneClusterImpl-b121f0fa-5b36-4e30-bdae-6f5cf730914f/datanode-2/data/ratis/8a3425bf-2bba-4f72-9a42-3528105455d3: created new log segment /workdir/hadoop-ozone/integration-test/target/test-dir/MiniOzoneClusterImpl-b121f0fa-5b36-4e30-bdae-6f5cf730914f/datanode-2/data/ratis/8a3425bf-2bba-4f72-9a42-3528105455d3/current/log_inprogress_0
2019-08-21 01:02:56,802 | INFO  | SCMAudit | user=jenkins1000 | ip=192.168.34.10 | op=SEND_HEARTBEAT {datanodeUUID=f7fc252f-131b-479f-9e1d-bf8bc8cd8a61, command=[]} | ret=SUCCESS |  
2019-08-21 01:02:56,857 | INFO  | SCMAudit | user=jenkins1000 | ip=192.168.34.10 | op=SEND_HEARTBEAT {datanodeUUID=fccca5a2-55db-4efd-8b7f-8a266599827f, command=[]} | ret=SUCCESS |  
2019-08-21 01:02:56,977 | INFO  | SCMAudit | user=jenkins1000 | ip=192.168.34.10 | op=SEND_HEARTBEAT {datanodeUUID=0fe1d74e-166c-4d98-8cc5-3a12f218ca10, command=[]} | ret=SUCCESS |  
2019-08-21 01:02:57,015 | INFO  | SCMAudit | user=jenkins1000 | ip=192.168.34.10 | op=SEND_HEARTBEAT {datanodeUUID=853a8d38-210a-40e1-a500-60344a22ce2b, command=[]} | ret=SUCCESS |  
2019-08-21 01:02:57,225 [grpc-default-executor-5] INFO  client.GrpcClientProtocolClient (GrpcClientProtocolClient.java:onNext(255)) - client-B5CAA62F7100->f7fc252f-131b-479f-9e1d-bf8bc8cd8a61: receive RaftClientReply:client-B5CAA62F7100->f7fc252f-131b-479f-9e1d-bf8bc8cd8a61@group-3528105455D3, cid=175, FAILED org.apache.ratis.protocol.NotLeaderException: Server f7fc252f-131b-479f-9e1d-bf8bc8cd8a61 is not the leader (0fe1d74e-166c-4d98-8cc5-3a12f218ca10:192.168.34.10:34757). Request must be sent to leader., logIndex=0, commits[f7fc252f-131b-479f-9e1d-bf8bc8cd8a61:c-1, da6cf7a5-fd86-493b-8551-65e1ed8dd98c:c-1, 0fe1d74e-166c-4d98-8cc5-3a12f218ca10:c-1]
2019-08-21 01:02:57,336 | INFO  | SCMAudit | user=jenkins1000 | ip=192.168.34.10 | op=SEND_HEARTBEAT {datanodeUUID=da6cf7a5-fd86-493b-8551-65e1ed8dd98c, command=[]} | ret=SUCCESS |  
2019-08-21 01:02:57,391 | INFO  | DNAudit | user=null | ip=null | op=WRITE_CHUNK {blockData=conID: 1 locID: 102652272185638926 bcsId: 0} | ret=SUCCESS |  
2019-08-21 01:02:57,391 | INFO  | DNAudit | user=null | ip=null | op=WRITE_CHUNK {blockData=conID: 1 locID: 102652272185638926 bcsId: 0} | ret=SUCCESS |  
2019-08-21 01:02:57,391 | INFO  | DNAudit | user=null | ip=null | op=WRITE_CHUNK {blockData=conID: 1 locID: 102652272185638926 bcsId: 0} | ret=SUCCESS |  
2019-08-21 01:02:57,391 | INFO  | SCMAudit | user=jenkins1000 | ip=192.168.34.10 | op=SEND_HEARTBEAT {datanodeUUID=0fe1d74e-166c-4d98-8cc5-3a12f218ca10, command=[]} | ret=SUCCESS |  
2019-08-21 01:02:57,391 | INFO  | SCMAudit | user=jenkins1000 | ip=192.168.34.10 | op=SEND_HEARTBEAT {datanodeUUID=da6cf7a5-fd86-493b-8551-65e1ed8dd98c, command=[]} | ret=SUCCESS |  
2019-08-21 01:02:57,391 | INFO  | SCMAudit | user=jenkins1000 | ip=192.168.34.10 | op=SEND_HEARTBEAT {datanodeUUID=f7fc252f-131b-479f-9e1d-bf8bc8cd8a61, command=[]} | ret=SUCCESS |  
2019-08-21 01:02:57,404 | INFO  | DNAudit | user=null | ip=null | op=WRITE_CHUNK {blockData=conID: 1 locID: 102652272185638926 bcsId: 0} | ret=SUCCESS |  
2019-08-21 01:02:57,412 [grpc-default-executor-5] INFO  client.GrpcClientProtocolClient (GrpcClientProtocolClient.java:onNext(255)) - client-B5CAA62F7100->0fe1d74e-166c-4d98-8cc5-3a12f218ca10: receive RaftClientReply:client-B5CAA62F7100->0fe1d74e-166c-4d98-8cc5-3a12f218ca10@group-3528105455D3, cid=175, SUCCESS, logIndex=1, commits[0fe1d74e-166c-4d98-8cc5-3a12f218ca10:c1, da6cf7a5-fd86-493b-8551-65e1ed8dd98c:c0, f7fc252f-131b-479f-9e1d-bf8bc8cd8a61:c0]
2019-08-21 01:02:57,415 | INFO  | DNAudit | user=null | ip=null | op=WRITE_CHUNK {blockData=conID: 1 locID: 102652272185638926 bcsId: 0} | ret=SUCCESS |  
2019-08-21 01:02:57,417 | INFO  | DNAudit | user=null | ip=null | op=WRITE_CHUNK {blockData=conID: 1 locID: 102652272185638926 bcsId: 0} | ret=SUCCESS |  
2019-08-21 01:02:57,417 | INFO  | DNAudit | user=null | ip=null | op=WRITE_CHUNK {blockData=conID: 1 locID: 102652272185638926 bcsId: 0} | ret=SUCCESS |  
2019-08-21 01:02:57,417 | INFO  | DNAudit | user=null | ip=null | op=WRITE_CHUNK {blockData=conID: 1 locID: 102652272185638926 bcsId: 0} | ret=SUCCESS |  
2019-08-21 01:02:57,418 | INFO  | DNAudit | user=null | ip=null | op=WRITE_CHUNK {blockData=conID: 1 locID: 102652272185638926 bcsId: 0} | ret=SUCCESS |  
2019-08-21 01:02:57,418 | INFO  | DNAudit | user=null | ip=null | op=WRITE_CHUNK {blockData=conID: 1 locID: 102652272185638926 bcsId: 0} | ret=SUCCESS |  
2019-08-21 01:02:57,418 | INFO  | DNAudit | user=null | ip=null | op=WRITE_CHUNK {blockData=conID: 1 locID: 102652272185638926 bcsId: 0} | ret=SUCCESS |  
2019-08-21 01:02:57,418 | INFO  | DNAudit | user=null | ip=null | op=WRITE_CHUNK {blockData=conID: 1 locID: 102652272185638926 bcsId: 0} | ret=SUCCESS |  
2019-08-21 01:02:57,419 | INFO  | DNAudit | user=null | ip=null | op=WRITE_CHUNK {blockData=conID: 1 locID: 102652272185638926 bcsId: 0} | ret=SUCCESS |  
2019-08-21 01:02:57,419 | INFO  | DNAudit | user=null | ip=null | op=WRITE_CHUNK {blockData=conID: 1 locID: 102652272185638926 bcsId: 0} | ret=SUCCESS |  
2019-08-21 01:02:57,420 | INFO  | DNAudit | user=null | ip=null | op=WRITE_CHUNK {blockData=conID: 1 locID: 102652272185638926 bcsId: 0} | ret=SUCCESS |  
2019-08-21 01:02:57,430 | INFO  | DNAudit | user=null | ip=null | op=WRITE_CHUNK {blockData=conID: 1 locID: 102652272185638926 bcsId: 0} | ret=SUCCESS |  
2019-08-21 01:02:57,435 [grpc-default-executor-7] INFO  client.GrpcClientProtocolClient (GrpcClientProtocolClient.java:onNext(255)) - client-B5CAA62F7100->0fe1d74e-166c-4d98-8cc5-3a12f218ca10: receive RaftClientReply:client-B5CAA62F7100->0fe1d74e-166c-4d98-8cc5-3a12f218ca10@group-3528105455D3, cid=176, SUCCESS, logIndex=3, commits[0fe1d74e-166c-4d98-8cc5-3a12f218ca10:c4, da6cf7a5-fd86-493b-8551-65e1ed8dd98c:c1, f7fc252f-131b-479f-9e1d-bf8bc8cd8a61:c1]
2019-08-21 01:02:57,448 | INFO  | DNAudit | user=null | ip=null | op=WRITE_CHUNK {blockData=conID: 1 locID: 102652272185638926 bcsId: 0} | ret=SUCCESS |  
2019-08-21 01:02:57,461 | INFO  | DNAudit | user=null | ip=null | op=WRITE_CHUNK {blockData=conID: 1 locID: 102652272185638926 bcsId: 0} | ret=SUCCESS |  
2019-08-21 01:02:57,473 | INFO  | DNAudit | user=null | ip=null | op=PUT_BLOCK {blockData=[blockId=conID: 1 locID: 102652272185638926 bcsId: 0,size=200]} | ret=SUCCESS |  
2019-08-21 01:02:57,474 | INFO  | DNAudit | user=null | ip=null | op=WRITE_CHUNK {blockData=conID: 1 locID: 102652272185638926 bcsId: 0} | ret=SUCCESS |  
2019-08-21 01:02:57,474 | INFO  | DNAudit | user=null | ip=null | op=WRITE_CHUNK {blockData=conID: 1 locID: 102652272185638926 bcsId: 0} | ret=SUCCESS |  
2019-08-21 01:02:57,475 [grpc-default-executor-9] INFO  client.GrpcClientProtocolClient (GrpcClientProtocolClient.java:onNext(255)) - client-B5CAA62F7100->0fe1d74e-166c-4d98-8cc5-3a12f218ca10: receive RaftClientReply:client-B5CAA62F7100->0fe1d74e-166c-4d98-8cc5-3a12f218ca10@group-3528105455D3, cid=177, SUCCESS, logIndex=4, commits[0fe1d74e-166c-4d98-8cc5-3a12f218ca10:c11, da6cf7a5-fd86-493b-8551-65e1ed8dd98c:c7, f7fc252f-131b-479f-9e1d-bf8bc8cd8a61:c7]
2019-08-21 01:02:57,475 [grpc-default-executor-9] INFO  client.GrpcClientProtocolClient (GrpcClientProtocolClient.java:onNext(255)) - client-B5CAA62F7100->0fe1d74e-166c-4d98-8cc5-3a12f218ca10: receive RaftClientReply:client-B5CAA62F7100->0fe1d74e-166c-4d98-8cc5-3a12f218ca10@group-3528105455D3, cid=178, SUCCESS, logIndex=5, commits[0fe1d74e-166c-4d98-8cc5-3a12f218ca10:c11, da6cf7a5-fd86-493b-8551-65e1ed8dd98c:c7, f7fc252f-131b-479f-9e1d-bf8bc8cd8a61:c7]
2019-08-21 01:02:57,476 [grpc-default-executor-9] INFO  client.GrpcClientProtocolClient (GrpcClientProtocolClient.java:onNext(255)) - client-B5CAA62F7100->0fe1d74e-166c-4d98-8cc5-3a12f218ca10: receive RaftClientReply:client-B5CAA62F7100->0fe1d74e-166c-4d98-8cc5-3a12f218ca10@group-3528105455D3, cid=179, SUCCESS, logIndex=6, commits[0fe1d74e-166c-4d98-8cc5-3a12f218ca10:c11, da6cf7a5-fd86-493b-8551-65e1ed8dd98c:c7, f7fc252f-131b-479f-9e1d-bf8bc8cd8a61:c7]
2019-08-21 01:02:57,512 | INFO  | SCMAudit | user=jenkins1000 | ip=192.168.34.10 | op=SEND_HEARTBEAT {datanodeUUID=a8f43d7f-8ab9-4263-bc60-233f29780d16, command=[]} | ret=SUCCESS |  
2019-08-21 01:02:57,542 | INFO  | DNAudit | user=null | ip=null | op=PUT_BLOCK {blockData=[blockId=conID: 1 locID: 102652272185638926 bcsId: 0,size=200]} | ret=SUCCESS |  
2019-08-21 01:02:57,543 | INFO  | DNAudit | user=null | ip=null | op=WRITE_CHUNK {blockData=conID: 1 locID: 102652272185638926 bcsId: 0} | ret=SUCCESS |  
2019-08-21 01:02:57,543 | INFO  | DNAudit | user=null | ip=null | op=WRITE_CHUNK {blockData=conID: 1 locID: 102652272185638926 bcsId: 0} | ret=SUCCESS |  
2019-08-21 01:02:57,609 | INFO  | DNAudit | user=null | ip=null | op=PUT_BLOCK {blockData=[blockId=conID: 1 locID: 102652272185638926 bcsId: 0,size=200]} | ret=SUCCESS |  
2019-08-21 01:02:57,609 | INFO  | DNAudit | user=null | ip=null | op=PUT_BLOCK {blockData=[blockId=conID: 1 locID: 102652272185638926 bcsId: 0,size=400]} | ret=SUCCESS |  
2019-08-21 01:02:57,609 | INFO  | DNAudit | user=null | ip=null | op=PUT_BLOCK {blockData=[blockId=conID: 1 locID: 102652272185638926 bcsId: 0,size=400]} | ret=SUCCESS |  
2019-08-21 01:02:57,610 | INFO  | DNAudit | user=null | ip=null | op=WRITE_CHUNK {blockData=conID: 1 locID: 102652272185638926 bcsId: 0} | ret=SUCCESS |  
2019-08-21 01:02:57,610 | INFO  | DNAudit | user=null | ip=null | op=WRITE_CHUNK {blockData=conID: 1 locID: 102652272185638926 bcsId: 0} | ret=SUCCESS |  
2019-08-21 01:02:57,610 [grpc-default-executor-9] INFO  client.GrpcClientProtocolClient (GrpcClientProtocolClient.java:onNext(255)) - client-B5CAA62F7100->0fe1d74e-166c-4d98-8cc5-3a12f218ca10: receive RaftClientReply:client-B5CAA62F7100->0fe1d74e-166c-4d98-8cc5-3a12f218ca10@group-3528105455D3, cid=180, SUCCESS, logIndex=7, commits[0fe1d74e-166c-4d98-8cc5-3a12f218ca10:c11, da6cf7a5-fd86-493b-8551-65e1ed8dd98c:c7, f7fc252f-131b-479f-9e1d-bf8bc8cd8a61:c7]
2019-08-21 01:02:57,611 | INFO  | DNAudit | user=null | ip=null | op=PUT_BLOCK {blockData=[blockId=conID: 1 locID: 102652272185638926 bcsId: 0,size=400]} | ret=SUCCESS |  
2019-08-21 01:02:57,618 | INFO  | DNAudit | user=null | ip=null | op=WRITE_CHUNK {blockData=conID: 1 locID: 102652272185638926 bcsId: 7} | ret=SUCCESS |  
2019-08-21 01:02:57,620 | INFO  | DNAudit | user=null | ip=null | op=WRITE_CHUNK {blockData=conID: 1 locID: 102652272185638926 bcsId: 7} | ret=SUCCESS |  
2019-08-21 01:02:57,620 | INFO  | DNAudit | user=null | ip=null | op=WRITE_CHUNK {blockData=conID: 1 locID: 102652272185638926 bcsId: 7} | ret=SUCCESS |  
2019-08-21 01:02:57,630 | INFO  | DNAudit | user=null | ip=null | op=WRITE_CHUNK {blockData=conID: 1 locID: 102652272185638926 bcsId: 7} | ret=SUCCESS |  
2019-08-21 01:02:57,631 | INFO  | DNAudit | user=null | ip=null | op=PUT_BLOCK {blockData=[blockId=conID: 1 locID: 102652272185638926 bcsId: 0,size=450]} | ret=SUCCESS |  
2019-08-21 01:02:57,631 [grpc-default-executor-5] INFO  client.GrpcClientProtocolClient (GrpcClientProtocolClient.java:onNext(255)) - client-B5CAA62F7100->0fe1d74e-166c-4d98-8cc5-3a12f218ca10: receive RaftClientReply:client-B5CAA62F7100->0fe1d74e-166c-4d98-8cc5-3a12f218ca10@group-3528105455D3, cid=181, SUCCESS, logIndex=12, commits[0fe1d74e-166c-4d98-8cc5-3a12f218ca10:c13, da6cf7a5-fd86-493b-8551-65e1ed8dd98c:c11, f7fc252f-131b-479f-9e1d-bf8bc8cd8a61:c11]
2019-08-21 01:02:57,632 [grpc-default-executor-5] INFO  client.GrpcClientProtocolClient (GrpcClientProtocolClient.java:onNext(255)) - client-B5CAA62F7100->0fe1d74e-166c-4d98-8cc5-3a12f218ca10: receive RaftClientReply:client-B5CAA62F7100->0fe1d74e-166c-4d98-8cc5-3a12f218ca10@group-3528105455D3, cid=182, SUCCESS, logIndex=13, commits[0fe1d74e-166c-4d98-8cc5-3a12f218ca10:c13, da6cf7a5-fd86-493b-8551-65e1ed8dd98c:c11, f7fc252f-131b-479f-9e1d-bf8bc8cd8a61:c11]
2019-08-21 01:02:57,642 | INFO  | DNAudit | user=null | ip=null | op=WRITE_CHUNK {blockData=conID: 1 locID: 102652272185638926 bcsId: 7} | ret=SUCCESS |  
2019-08-21 01:02:57,642 | INFO  | DNAudit | user=null | ip=null | op=WRITE_CHUNK {blockData=conID: 1 locID: 102652272185638926 bcsId: 7} | ret=SUCCESS |  
2019-08-21 01:02:57,648 | INFO  | DNAudit | user=null | ip=null | op=PUT_BLOCK {blockData=[blockId=conID: 1 locID: 102652272185638926 bcsId: 0,size=450]} | ret=SUCCESS |  
2019-08-21 01:02:57,648 | INFO  | DNAudit | user=null | ip=null | op=PUT_BLOCK {blockData=[blockId=conID: 1 locID: 102652272185638926 bcsId: 0,size=450]} | ret=SUCCESS |  
2019-08-21 01:02:57,648 [grpc-default-executor-7] INFO  client.GrpcClientProtocolClient (GrpcClientProtocolClient.java:onNext(255)) - client-B5CAA62F7100->0fe1d74e-166c-4d98-8cc5-3a12f218ca10: receive RaftClientReply:client-B5CAA62F7100->0fe1d74e-166c-4d98-8cc5-3a12f218ca10@group-3528105455D3, cid=183, SUCCESS, logIndex=0, commits[0fe1d74e-166c-4d98-8cc5-3a12f218ca10:c14, da6cf7a5-fd86-493b-8551-65e1ed8dd98c:c13, f7fc252f-131b-479f-9e1d-bf8bc8cd8a61:c13]
2019-08-21 01:02:57,649 [main] INFO  datanode.ObjectStoreHandler (ObjectStoreHandler.java:close(155)) - Closing ObjectStoreHandler.
2019-08-21 01:02:57,650 [main] INFO  ozone.HddsDatanodeService (HddsDatanodeService.java:stop(451)) - Stopped plug-in org.apache.hadoop.ozone.web.OzoneHddsDatanodeService@63fcc21
2019-08-21 01:02:57,685 | INFO  | SCMAudit | user=jenkins1000 | ip=192.168.34.10 | op=SEND_HEARTBEAT {datanodeUUID=24a30f30-831a-4833-93ea-707e8199d09b, command=[]} | ret=SUCCESS |  
2019-08-21 01:02:57,856 | INFO  | SCMAudit | user=jenkins1000 | ip=192.168.34.10 | op=SEND_HEARTBEAT {datanodeUUID=fccca5a2-55db-4efd-8b7f-8a266599827f, command=[]} | ret=SUCCESS |  
2019-08-21 01:02:58,015 | INFO  | SCMAudit | user=jenkins1000 | ip=192.168.34.10 | op=SEND_HEARTBEAT {datanodeUUID=853a8d38-210a-40e1-a500-60344a22ce2b, command=[]} | ret=SUCCESS |  
2019-08-21 01:02:58,391 [Datanode State Machine Thread - 0] INFO  statemachine.DatanodeStateMachine (DatanodeStateMachine.java:lambda$startDaemon$0(350)) - Ozone container server started.
2019-08-21 01:02:58,392 | INFO  | SCMAudit | user=jenkins1000 | ip=192.168.34.10 | op=SEND_HEARTBEAT {datanodeUUID=da6cf7a5-fd86-493b-8551-65e1ed8dd98c, command=[]} | ret=SUCCESS |  
2019-08-21 01:02:58,392 | INFO  | SCMAudit | user=jenkins1000 | ip=192.168.34.10 | op=SEND_HEARTBEAT {datanodeUUID=f7fc252f-131b-479f-9e1d-bf8bc8cd8a61, command=[]} | ret=SUCCESS |  
2019-08-21 01:02:58,513 | INFO  | SCMAudit | user=jenkins1000 | ip=192.168.34.10 | op=SEND_HEARTBEAT {datanodeUUID=a8f43d7f-8ab9-4263-bc60-233f29780d16, command=[]} | ret=SUCCESS |  
2019-08-21 01:02:58,685 | INFO  | SCMAudit | user=jenkins1000 | ip=192.168.34.10 | op=SEND_HEARTBEAT {datanodeUUID=24a30f30-831a-4833-93ea-707e8199d09b, command=[]} | ret=SUCCESS |  
2019-08-21 01:02:58,857 | INFO  | SCMAudit | user=jenkins1000 | ip=192.168.34.10 | op=SEND_HEARTBEAT {datanodeUUID=fccca5a2-55db-4efd-8b7f-8a266599827f, command=[]} | ret=SUCCESS |  
2019-08-21 01:02:59,014 | INFO  | SCMAudit | user=jenkins1000 | ip=192.168.34.10 | op=SEND_HEARTBEAT {datanodeUUID=853a8d38-210a-40e1-a500-60344a22ce2b, command=[]} | ret=SUCCESS |  
2019-08-21 01:02:59,392 | INFO  | SCMAudit | user=jenkins1000 | ip=192.168.34.10 | op=SEND_HEARTBEAT {datanodeUUID=f7fc252f-131b-479f-9e1d-bf8bc8cd8a61, command=[]} | ret=SUCCESS |  
2019-08-21 01:02:59,392 | INFO  | SCMAudit | user=jenkins1000 | ip=192.168.34.10 | op=SEND_HEARTBEAT {datanodeUUID=da6cf7a5-fd86-493b-8551-65e1ed8dd98c, command=[]} | ret=SUCCESS |  
2019-08-21 01:02:59,513 | INFO  | SCMAudit | user=jenkins1000 | ip=192.168.34.10 | op=SEND_HEARTBEAT {datanodeUUID=a8f43d7f-8ab9-4263-bc60-233f29780d16, command=[]} | ret=SUCCESS |  
2019-08-21 01:02:59,685 | INFO  | SCMAudit | user=jenkins1000 | ip=192.168.34.10 | op=SEND_HEARTBEAT {datanodeUUID=24a30f30-831a-4833-93ea-707e8199d09b, command=[]} | ret=SUCCESS |  
2019-08-21 01:02:59,856 | INFO  | SCMAudit | user=jenkins1000 | ip=192.168.34.10 | op=SEND_HEARTBEAT {datanodeUUID=fccca5a2-55db-4efd-8b7f-8a266599827f, command=[]} | ret=SUCCESS |  
2019-08-21 01:03:00,015 | INFO  | SCMAudit | user=jenkins1000 | ip=192.168.34.10 | op=SEND_HEARTBEAT {datanodeUUID=853a8d38-210a-40e1-a500-60344a22ce2b, command=[]} | ret=SUCCESS |  
2019-08-21 01:03:00,391 | INFO  | SCMAudit | user=jenkins1000 | ip=192.168.34.10 | op=SEND_HEARTBEAT {datanodeUUID=f7fc252f-131b-479f-9e1d-bf8bc8cd8a61, command=[]} | ret=SUCCESS |  
2019-08-21 01:03:00,391 | INFO  | SCMAudit | user=jenkins1000 | ip=192.168.34.10 | op=SEND_HEARTBEAT {datanodeUUID=da6cf7a5-fd86-493b-8551-65e1ed8dd98c, command=[]} | ret=SUCCESS |  
2019-08-21 01:03:00,513 | INFO  | SCMAudit | user=jenkins1000 | ip=192.168.34.10 | op=SEND_HEARTBEAT {datanodeUUID=a8f43d7f-8ab9-4263-bc60-233f29780d16, command=[]} | ret=SUCCESS |  
2019-08-21 01:03:00,685 | INFO  | SCMAudit | user=jenkins1000 | ip=192.168.34.10 | op=SEND_HEARTBEAT {datanodeUUID=24a30f30-831a-4833-93ea-707e8199d09b, command=[]} | ret=SUCCESS |  
2019-08-21 01:03:00,856 | INFO  | SCMAudit | user=jenkins1000 | ip=192.168.34.10 | op=SEND_HEARTBEAT {datanodeUUID=fccca5a2-55db-4efd-8b7f-8a266599827f, command=[]} | ret=SUCCESS |  
2019-08-21 01:03:01,015 | INFO  | SCMAudit | user=jenkins1000 | ip=192.168.34.10 | op=SEND_HEARTBEAT {datanodeUUID=853a8d38-210a-40e1-a500-60344a22ce2b, command=[]} | ret=SUCCESS |  
2019-08-21 01:03:01,391 | INFO  | SCMAudit | user=jenkins1000 | ip=192.168.34.10 | op=SEND_HEARTBEAT {datanodeUUID=f7fc252f-131b-479f-9e1d-bf8bc8cd8a61, command=[]} | ret=SUCCESS |  
2019-08-21 01:03:01,391 | INFO  | SCMAudit | user=jenkins1000 | ip=192.168.34.10 | op=SEND_HEARTBEAT {datanodeUUID=da6cf7a5-fd86-493b-8551-65e1ed8dd98c, command=[]} | ret=SUCCESS |  
2019-08-21 01:03:01,513 | INFO  | SCMAudit | user=jenkins1000 | ip=192.168.34.10 | op=SEND_HEARTBEAT {datanodeUUID=a8f43d7f-8ab9-4263-bc60-233f29780d16, command=[]} | ret=SUCCESS |  
2019-08-21 01:03:01,685 | INFO  | SCMAudit | user=jenkins1000 | ip=192.168.34.10 | op=SEND_HEARTBEAT {datanodeUUID=24a30f30-831a-4833-93ea-707e8199d09b, command=[]} | ret=SUCCESS |  
2019-08-21 01:03:01,856 | INFO  | SCMAudit | user=jenkins1000 | ip=192.168.34.10 | op=SEND_HEARTBEAT {datanodeUUID=fccca5a2-55db-4efd-8b7f-8a266599827f, command=[]} | ret=SUCCESS |  
2019-08-21 01:03:02,014 | INFO  | SCMAudit | user=jenkins1000 | ip=192.168.34.10 | op=SEND_HEARTBEAT {datanodeUUID=853a8d38-210a-40e1-a500-60344a22ce2b, command=[]} | ret=SUCCESS |  
2019-08-21 01:03:02,392 | INFO  | SCMAudit | user=jenkins1000 | ip=192.168.34.10 | op=SEND_HEARTBEAT {datanodeUUID=da6cf7a5-fd86-493b-8551-65e1ed8dd98c, command=[]} | ret=SUCCESS |  
2019-08-21 01:03:02,392 | INFO  | SCMAudit | user=jenkins1000 | ip=192.168.34.10 | op=SEND_HEARTBEAT {datanodeUUID=f7fc252f-131b-479f-9e1d-bf8bc8cd8a61, command=[]} | ret=SUCCESS |  
2019-08-21 01:03:02,424 [EventQueue-StaleNodeForStaleNodeHandler] INFO  node.StaleNodeHandler (StaleNodeHandler.java:onMessage(58)) - Datanode 0fe1d74e-166c-4d98-8cc5-3a12f218ca10{ip: 192.168.34.10, host: pr-hdds-1927-qfsst-2448355857, networkLocation: /default-rack, certSerialId: null} moved to stale state. Finalizing its pipelines [PipelineID=c2c0d5c9-9911-4f42-9b8a-db721c20318b, PipelineID=8a3425bf-2bba-4f72-9a42-3528105455d3]
2019-08-21 01:03:02,425 [EventQueue-StaleNodeForStaleNodeHandler] INFO  pipeline.SCMPipelineManager (SCMPipelineManager.java:finalizeAndDestroyPipeline(309)) - destroying pipeline:Pipeline[ Id: c2c0d5c9-9911-4f42-9b8a-db721c20318b, Nodes: 0fe1d74e-166c-4d98-8cc5-3a12f218ca10{ip: 192.168.34.10, host: pr-hdds-1927-qfsst-2448355857, networkLocation: /default-rack, certSerialId: null}, Type:RATIS, Factor:ONE, State:OPEN]
2019-08-21 01:03:02,425 [EventQueue-StaleNodeForStaleNodeHandler] INFO  pipeline.PipelineStateManager (PipelineStateManager.java:finalizePipeline(123)) - Pipeline Pipeline[ Id: c2c0d5c9-9911-4f42-9b8a-db721c20318b, Nodes: 0fe1d74e-166c-4d98-8cc5-3a12f218ca10{ip: 192.168.34.10, host: pr-hdds-1927-qfsst-2448355857, networkLocation: /default-rack, certSerialId: null}, Type:RATIS, Factor:ONE, State:CLOSED] moved to CLOSED state
2019-08-21 01:03:02,425 [EventQueue-StaleNodeForStaleNodeHandler] INFO  pipeline.SCMPipelineManager (SCMPipelineManager.java:finalizeAndDestroyPipeline(309)) - destroying pipeline:Pipeline[ Id: 8a3425bf-2bba-4f72-9a42-3528105455d3, Nodes: 0fe1d74e-166c-4d98-8cc5-3a12f218ca10{ip: 192.168.34.10, host: pr-hdds-1927-qfsst-2448355857, networkLocation: /default-rack, certSerialId: null}da6cf7a5-fd86-493b-8551-65e1ed8dd98c{ip: 192.168.34.10, host: pr-hdds-1927-qfsst-2448355857, networkLocation: /default-rack, certSerialId: null}f7fc252f-131b-479f-9e1d-bf8bc8cd8a61{ip: 192.168.34.10, host: pr-hdds-1927-qfsst-2448355857, networkLocation: /default-rack, certSerialId: null}, Type:RATIS, Factor:THREE, State:OPEN]
2019-08-21 01:03:02,425 [EventQueue-StaleNodeForStaleNodeHandler] INFO  pipeline.PipelineStateManager (PipelineStateManager.java:finalizePipeline(123)) - Pipeline Pipeline[ Id: 8a3425bf-2bba-4f72-9a42-3528105455d3, Nodes: 0fe1d74e-166c-4d98-8cc5-3a12f218ca10{ip: 192.168.34.10, host: pr-hdds-1927-qfsst-2448355857, networkLocation: /default-rack, certSerialId: null}da6cf7a5-fd86-493b-8551-65e1ed8dd98c{ip: 192.168.34.10, host: pr-hdds-1927-qfsst-2448355857, networkLocation: /default-rack, certSerialId: null}f7fc252f-131b-479f-9e1d-bf8bc8cd8a61{ip: 192.168.34.10, host: pr-hdds-1927-qfsst-2448355857, networkLocation: /default-rack, certSerialId: null}, Type:RATIS, Factor:THREE, State:CLOSED] moved to CLOSED state
2019-08-21 01:03:02,426 [EventQueue-CloseContainerForCloseContainerEventHandler] INFO  container.CloseContainerEventHandler (CloseContainerEventHandler.java:onMessage(61)) - Close container Event triggered for container : #1
2019-08-21 01:03:02,513 | INFO  | SCMAudit | user=jenkins1000 | ip=192.168.34.10 | op=SEND_HEARTBEAT {datanodeUUID=a8f43d7f-8ab9-4263-bc60-233f29780d16, command=[]} | ret=SUCCESS |  
2019-08-21 01:03:02,650 [main] INFO  ozoneimpl.OzoneContainer (OzoneContainer.java:stop(199)) - Attempting to stop container services.
2019-08-21 01:03:02,651 [main] INFO  impl.RaftServerProxy (RaftServerProxy.java:lambda$close$4(314)) - 0fe1d74e-166c-4d98-8cc5-3a12f218ca10: close
2019-08-21 01:03:02,656 [main] INFO  impl.RaftServerImpl (RaftServerImpl.java:lambda$shutdown$3(245)) - 0fe1d74e-166c-4d98-8cc5-3a12f218ca10: shutdown group-DB721C20318B
2019-08-21 01:03:02,656 [main] INFO  util.JmxRegister (JmxRegister.java:unregister(73)) - Successfully un-registered JMX Bean with object name Ratis:service=RaftServer,group=group-DB721C20318B,id=0fe1d74e-166c-4d98-8cc5-3a12f218ca10
2019-08-21 01:03:02,657 [main] INFO  impl.RoleInfo (RoleInfo.java:shutdownLeaderState(104)) - 0fe1d74e-166c-4d98-8cc5-3a12f218ca10: shutdown LeaderState
2019-08-21 01:03:02,657 [main] INFO  impl.PendingRequests (PendingRequests.java:sendNotLeaderResponses(202)) - 0fe1d74e-166c-4d98-8cc5-3a12f218ca10-PendingRequests: sendNotLeaderResponses
2019-08-21 01:03:02,658 [main] INFO  impl.StateMachineUpdater (StateMachineUpdater.java:stopAndJoin(115)) - StateMachineUpdater:0fe1d74e-166c-4d98-8cc5-3a12f218ca10:group-DB721C20318B: set stopIndex = 0
2019-08-21 01:03:02,658 [main] INFO  impl.RaftServerImpl (ServerState.java:close(394)) - 0fe1d74e-166c-4d98-8cc5-3a12f218ca10:group-DB721C20318B closes. The last applied log index is 0
2019-08-21 01:03:02,659 [0fe1d74e-166c-4d98-8cc5-3a12f218ca10-SegmentedRaftLogWorker:Storage Directory /workdir/hadoop-ozone/integration-test/target/test-dir/MiniOzoneClusterImpl-b121f0fa-5b36-4e30-bdae-6f5cf730914f/datanode-1/data/ratis/c2c0d5c9-9911-4f42-9b8a-db721c20318b] INFO  segmented.SegmentedRaftLogWorker (SegmentedRaftLogWorker.java:run(313)) - 0fe1d74e-166c-4d98-8cc5-3a12f218ca10-SegmentedRaftLogWorker:Storage Directory /workdir/hadoop-ozone/integration-test/target/test-dir/MiniOzoneClusterImpl-b121f0fa-5b36-4e30-bdae-6f5cf730914f/datanode-1/data/ratis/c2c0d5c9-9911-4f42-9b8a-db721c20318b was interrupted, exiting. There are 0 tasks remaining in the queue.
2019-08-21 01:03:02,662 [main] INFO  segmented.SegmentedRaftLogWorker (SegmentedRaftLogWorker.java:close(228)) - 0fe1d74e-166c-4d98-8cc5-3a12f218ca10-SegmentedRaftLogWorker:Storage Directory /workdir/hadoop-ozone/integration-test/target/test-dir/MiniOzoneClusterImpl-b121f0fa-5b36-4e30-bdae-6f5cf730914f/datanode-1/data/ratis/c2c0d5c9-9911-4f42-9b8a-db721c20318b close()
2019-08-21 01:03:02,667 [main] INFO  impl.RaftServerImpl (RaftServerImpl.java:lambda$shutdown$3(245)) - 0fe1d74e-166c-4d98-8cc5-3a12f218ca10: shutdown group-3528105455D3
2019-08-21 01:03:02,667 [main] INFO  util.JmxRegister (JmxRegister.java:unregister(73)) - Successfully un-registered JMX Bean with object name Ratis:service=RaftServer,group=group-3528105455D3,id=0fe1d74e-166c-4d98-8cc5-3a12f218ca10
2019-08-21 01:03:02,668 [main] INFO  impl.RoleInfo (RoleInfo.java:shutdownLeaderState(104)) - 0fe1d74e-166c-4d98-8cc5-3a12f218ca10: shutdown LeaderState
2019-08-21 01:03:02,672 [main] INFO  impl.PendingRequests (PendingRequests.java:sendNotLeaderResponses(202)) - 0fe1d74e-166c-4d98-8cc5-3a12f218ca10-PendingRequests: sendNotLeaderResponses
2019-08-21 01:03:02,672 [org.apache.ratis.server.impl.LogAppender$AppenderDaemon$$Lambda$518/846780932@3502e10d] WARN  server.GrpcLogAppender (GrpcLogAppender.java:mayWait(143)) - GrpcLogAppender(0fe1d74e-166c-4d98-8cc5-3a12f218ca10->f7fc252f-131b-479f-9e1d-bf8bc8cd8a61): Wait interrupted by java.lang.InterruptedException
2019-08-21 01:03:02,672 [org.apache.ratis.server.impl.LogAppender$AppenderDaemon$$Lambda$518/846780932@70006169] WARN  server.GrpcLogAppender (GrpcLogAppender.java:mayWait(143)) - GrpcLogAppender(0fe1d74e-166c-4d98-8cc5-3a12f218ca10->da6cf7a5-fd86-493b-8551-65e1ed8dd98c): Wait interrupted by java.lang.InterruptedException
2019-08-21 01:03:02,677 [main] INFO  impl.StateMachineUpdater (StateMachineUpdater.java:stopAndJoin(115)) - StateMachineUpdater:0fe1d74e-166c-4d98-8cc5-3a12f218ca10:group-3528105455D3: set stopIndex = 15
2019-08-21 01:03:02,678 [grpc-default-executor-7] INFO  server.GrpcServerProtocolService (GrpcServerProtocolService.java:onCompleted(104)) - da6cf7a5-fd86-493b-8551-65e1ed8dd98c: appendEntries completed
2019-08-21 01:03:02,678 [StateMachineUpdater:0fe1d74e-166c-4d98-8cc5-3a12f218ca10:group-3528105455D3] INFO  ratis.ContainerStateMachine (ContainerStateMachine.java:takeSnapshot(283)) - group-3528105455D3: Taking a snapshot at:(t:2, i:13) file /workdir/hadoop-ozone/integration-test/target/test-dir/MiniOzoneClusterImpl-b121f0fa-5b36-4e30-bdae-6f5cf730914f/datanode-1/data/ratis/8a3425bf-2bba-4f72-9a42-3528105455d3/sm/snapshot.2_13
2019-08-21 01:03:02,678 [grpc-default-executor-5] INFO  server.GrpcServerProtocolService (GrpcServerProtocolService.java:onCompleted(104)) - f7fc252f-131b-479f-9e1d-bf8bc8cd8a61: appendEntries completed
2019-08-21 01:03:02,678 [grpc-default-executor-9] INFO  server.GrpcLogAppender (GrpcLogAppender.java:onCompleted(292)) - 0fe1d74e-166c-4d98-8cc5-3a12f218ca10->da6cf7a5-fd86-493b-8551-65e1ed8dd98c: follower responses appendEntries COMPLETED
2019-08-21 01:03:02,679 [grpc-default-executor-5] INFO  server.GrpcLogAppender (GrpcLogAppender.java:onCompleted(292)) - 0fe1d74e-166c-4d98-8cc5-3a12f218ca10->f7fc252f-131b-479f-9e1d-bf8bc8cd8a61: follower responses appendEntries COMPLETED
2019-08-21 01:03:02,679 [grpc-default-executor-5] INFO  impl.FollowerInfo (FollowerInfo.java:lambda$new$0(50)) - 0fe1d74e-166c-4d98-8cc5-3a12f218ca10->f7fc252f-131b-479f-9e1d-bf8bc8cd8a61: nextIndex: updateUnconditionally 16 -> 15
2019-08-21 01:03:02,679 [grpc-default-executor-9] INFO  impl.FollowerInfo (FollowerInfo.java:lambda$new$0(50)) - 0fe1d74e-166c-4d98-8cc5-3a12f218ca10->da6cf7a5-fd86-493b-8551-65e1ed8dd98c: nextIndex: updateUnconditionally 16 -> 15
2019-08-21 01:03:02,685 | INFO  | SCMAudit | user=jenkins1000 | ip=192.168.34.10 | op=SEND_HEARTBEAT {datanodeUUID=24a30f30-831a-4833-93ea-707e8199d09b, command=[]} | ret=SUCCESS |  
2019-08-21 01:03:02,691 [StateMachineUpdater:0fe1d74e-166c-4d98-8cc5-3a12f218ca10:group-3528105455D3] INFO  ratis.ContainerStateMachine (ContainerStateMachine.java:takeSnapshot(294)) - group-3528105455D3: Finished taking a snapshot at:(t:2, i:13) file:/workdir/hadoop-ozone/integration-test/target/test-dir/MiniOzoneClusterImpl-b121f0fa-5b36-4e30-bdae-6f5cf730914f/datanode-1/data/ratis/8a3425bf-2bba-4f72-9a42-3528105455d3/sm/snapshot.2_13 time:14
2019-08-21 01:03:02,691 [StateMachineUpdater:0fe1d74e-166c-4d98-8cc5-3a12f218ca10:group-3528105455D3] INFO  impl.StateMachineUpdater (StateMachineUpdater.java:takeSnapshot(242)) - StateMachineUpdater:0fe1d74e-166c-4d98-8cc5-3a12f218ca10:group-3528105455D3: Took a snapshot at index 13
2019-08-21 01:03:02,691 [StateMachineUpdater:0fe1d74e-166c-4d98-8cc5-3a12f218ca10:group-3528105455D3] INFO  impl.StateMachineUpdater (StateMachineUpdater.java:lambda$new$0(80)) - StateMachineUpdater:0fe1d74e-166c-4d98-8cc5-3a12f218ca10:group-3528105455D3: snapshotIndex: updateIncreasingly -1 -> 13
2019-08-21 01:03:02,692 [main] INFO  impl.RaftServerImpl (ServerState.java:close(394)) - 0fe1d74e-166c-4d98-8cc5-3a12f218ca10:group-3528105455D3 closes. The last applied log index is 15
2019-08-21 01:03:02,692 [0fe1d74e-166c-4d98-8cc5-3a12f218ca10-SegmentedRaftLogWorker:Storage Directory /workdir/hadoop-ozone/integration-test/target/test-dir/MiniOzoneClusterImpl-b121f0fa-5b36-4e30-bdae-6f5cf730914f/datanode-1/data/ratis/8a3425bf-2bba-4f72-9a42-3528105455d3] INFO  segmented.SegmentedRaftLogWorker (SegmentedRaftLogWorker.java:run(313)) - 0fe1d74e-166c-4d98-8cc5-3a12f218ca10-SegmentedRaftLogWorker:Storage Directory /workdir/hadoop-ozone/integration-test/target/test-dir/MiniOzoneClusterImpl-b121f0fa-5b36-4e30-bdae-6f5cf730914f/datanode-1/data/ratis/8a3425bf-2bba-4f72-9a42-3528105455d3 was interrupted, exiting. There are 0 tasks remaining in the queue.
2019-08-21 01:03:02,695 [main] INFO  segmented.SegmentedRaftLogWorker (SegmentedRaftLogWorker.java:close(228)) - 0fe1d74e-166c-4d98-8cc5-3a12f218ca10-SegmentedRaftLogWorker:Storage Directory /workdir/hadoop-ozone/integration-test/target/test-dir/MiniOzoneClusterImpl-b121f0fa-5b36-4e30-bdae-6f5cf730914f/datanode-1/data/ratis/8a3425bf-2bba-4f72-9a42-3528105455d3 close()
2019-08-21 01:03:02,699 [main] INFO  server.GrpcService (GrpcService.java:closeImpl(155)) - 0fe1d74e-166c-4d98-8cc5-3a12f218ca10: shutdown server with port 34757 now
2019-08-21 01:03:02,700 [grpc-default-executor-5] WARN  client.GrpcClientProtocolService (LogUtils.java:warn(134)) - 5-UnorderedRequestStreamObserver5: onError: org.apache.ratis.thirdparty.io.grpc.StatusRuntimeException: CANCELLED: cancelled before receiving half close
2019-08-21 01:03:02,703 [main] INFO  server.GrpcService (GrpcService.java:closeImpl(163)) - 0fe1d74e-166c-4d98-8cc5-3a12f218ca10: shutdown server with port 34757 successfully
2019-08-21 01:03:02,704 [main] INFO  utils.BackgroundService (BackgroundService.java:shutdown(148)) - Shutting down service BlockDeletingService
2019-08-21 01:03:02,706 [refreshUsed-/workdir/hadoop-ozone/integration-test/target/test-dir/MiniOzoneClusterImpl-b121f0fa-5b36-4e30-bdae-6f5cf730914f/datanode-1/data/containers] WARN  fs.CachingGetSpaceUsed (CachingGetSpaceUsed.java:run(183)) - Thread Interrupted waiting to refresh disk information: sleep interrupted
2019-08-21 01:03:02,733 [main] INFO  statemachine.DatanodeStateMachine (DatanodeStateMachine.java:stopDaemon(395)) - Ozone container server stopped.
2019-08-21 01:03:02,735 [main] INFO  handler.ContextHandler (ContextHandler.java:doStop(910)) - Stopped o.e.j.w.WebAppContext@39cf7f3c{/,null,UNAVAILABLE}{/hddsDatanode}
2019-08-21 01:03:02,736 [main] INFO  server.AbstractConnector (AbstractConnector.java:doStop(318)) - Stopped ServerConnector@25df95b{HTTP/1.1,[http/1.1]}{0.0.0.0:0}
2019-08-21 01:03:02,736 [main] INFO  handler.ContextHandler (ContextHandler.java:doStop(910)) - Stopped o.e.j.s.ServletContextHandler@781ecbac{/static,jar:file:/home/user/.m2/repository/org/apache/hadoop/hadoop-hdds-container-service/0.5.0-SNAPSHOT/hadoop-hdds-container-service-0.5.0-SNAPSHOT.jar!/webapps/static,UNAVAILABLE}
2019-08-21 01:03:02,736 [main] INFO  handler.ContextHandler (ContextHandler.java:doStop(910)) - Stopped o.e.j.s.ServletContextHandler@179e8859{/logs,file:///workdir/hadoop-ozone/integration-test/target/log,UNAVAILABLE}
2019-08-21 01:03:02,861 | INFO  | SCMAudit | user=jenkins1000 | ip=192.168.34.10 | op=SEND_HEARTBEAT {datanodeUUID=fccca5a2-55db-4efd-8b7f-8a266599827f, command=[]} | ret=SUCCESS |  
2019-08-21 01:03:03,014 | INFO  | SCMAudit | user=jenkins1000 | ip=192.168.34.10 | op=SEND_HEARTBEAT {datanodeUUID=853a8d38-210a-40e1-a500-60344a22ce2b, command=[]} | ret=SUCCESS |  
2019-08-21 01:03:03,392 | INFO  | SCMAudit | user=jenkins1000 | ip=192.168.34.10 | op=SEND_HEARTBEAT {datanodeUUID=f7fc252f-131b-479f-9e1d-bf8bc8cd8a61, command=[commandType: closeContainerCommand closeContainerCommandProto { containerID: 1 pipelineID { id: "8a3425bf-2bba-4f72-9a42-3528105455d3" } cmdId: 1 force: false } ]} | ret=SUCCESS |  
2019-08-21 01:03:03,392 | INFO  | SCMAudit | user=jenkins1000 | ip=192.168.34.10 | op=SEND_HEARTBEAT {datanodeUUID=da6cf7a5-fd86-493b-8551-65e1ed8dd98c, command=[commandType: closeContainerCommand closeContainerCommandProto { containerID: 1 pipelineID { id: "8a3425bf-2bba-4f72-9a42-3528105455d3" } cmdId: 1 force: false } ]} | ret=SUCCESS |  
2019-08-21 01:03:03,513 | INFO  | SCMAudit | user=jenkins1000 | ip=192.168.34.10 | op=SEND_HEARTBEAT {datanodeUUID=a8f43d7f-8ab9-4263-bc60-233f29780d16, command=[]} | ret=SUCCESS |  
2019-08-21 01:03:03,686 | INFO  | SCMAudit | user=jenkins1000 | ip=192.168.34.10 | op=SEND_HEARTBEAT {datanodeUUID=24a30f30-831a-4833-93ea-707e8199d09b, command=[]} | ret=SUCCESS |  
2019-08-21 01:03:03,865 | INFO  | SCMAudit | user=jenkins1000 | ip=192.168.34.10 | op=SEND_HEARTBEAT {datanodeUUID=fccca5a2-55db-4efd-8b7f-8a266599827f, command=[]} | ret=SUCCESS |  
2019-08-21 01:03:04,014 | INFO  | SCMAudit | user=jenkins1000 | ip=192.168.34.10 | op=SEND_HEARTBEAT {datanodeUUID=853a8d38-210a-40e1-a500-60344a22ce2b, command=[]} | ret=SUCCESS |  
2019-08-21 01:03:04,391 | INFO  | SCMAudit | user=jenkins1000 | ip=192.168.34.10 | op=SEND_HEARTBEAT {datanodeUUID=da6cf7a5-fd86-493b-8551-65e1ed8dd98c, command=[]} | ret=SUCCESS |  
2019-08-21 01:03:04,392 | INFO  | SCMAudit | user=jenkins1000 | ip=192.168.34.10 | op=SEND_HEARTBEAT {datanodeUUID=f7fc252f-131b-479f-9e1d-bf8bc8cd8a61, command=[]} | ret=SUCCESS |  
2019-08-21 01:03:04,420 | INFO  | SCMAudit | user=jenkins1000 | ip=192.168.34.10 | op=SEND_HEARTBEAT {datanodeUUID=f7fc252f-131b-479f-9e1d-bf8bc8cd8a61, command=[]} | ret=SUCCESS |  
2019-08-21 01:03:04,420 | INFO  | SCMAudit | user=jenkins1000 | ip=192.168.34.10 | op=SEND_HEARTBEAT {datanodeUUID=da6cf7a5-fd86-493b-8551-65e1ed8dd98c, command=[]} | ret=SUCCESS |  
2019-08-21 01:03:04,513 | INFO  | SCMAudit | user=jenkins1000 | ip=192.168.34.10 | op=SEND_HEARTBEAT {datanodeUUID=a8f43d7f-8ab9-4263-bc60-233f29780d16, command=[]} | ret=SUCCESS |  
2019-08-21 01:03:04,685 | INFO  | SCMAudit | user=jenkins1000 | ip=192.168.34.10 | op=SEND_HEARTBEAT {datanodeUUID=24a30f30-831a-4833-93ea-707e8199d09b, command=[]} | ret=SUCCESS |  
2019-08-21 01:03:04,751 [grpc-default-executor-5] INFO  client.GrpcClientProtocolClient (GrpcClientProtocolClient.java:onNext(255)) - client-B5CAA62F7100->f7fc252f-131b-479f-9e1d-bf8bc8cd8a61: receive RaftClientReply:client-B5CAA62F7100->f7fc252f-131b-479f-9e1d-bf8bc8cd8a61@group-3528105455D3, cid=184, FAILED org.apache.ratis.protocol.NotLeaderException: Server f7fc252f-131b-479f-9e1d-bf8bc8cd8a61 is not the leader (0fe1d74e-166c-4d98-8cc5-3a12f218ca10:192.168.34.10:34757). Request must be sent to leader., logIndex=0, commits[f7fc252f-131b-479f-9e1d-bf8bc8cd8a61:c15, da6cf7a5-fd86-493b-8551-65e1ed8dd98c:c15, 0fe1d74e-166c-4d98-8cc5-3a12f218ca10:c15]
2019-08-21 01:03:04,865 | INFO  | SCMAudit | user=jenkins1000 | ip=192.168.34.10 | op=SEND_HEARTBEAT {datanodeUUID=fccca5a2-55db-4efd-8b7f-8a266599827f, command=[]} | ret=SUCCESS |  
2019-08-21 01:03:05,015 | INFO  | SCMAudit | user=jenkins1000 | ip=192.168.34.10 | op=SEND_HEARTBEAT {datanodeUUID=853a8d38-210a-40e1-a500-60344a22ce2b, command=[]} | ret=SUCCESS |  
2019-08-21 01:03:05,420 | INFO  | SCMAudit | user=jenkins1000 | ip=192.168.34.10 | op=SEND_HEARTBEAT {datanodeUUID=da6cf7a5-fd86-493b-8551-65e1ed8dd98c, command=[]} | ret=SUCCESS |  
2019-08-21 01:03:05,420 | INFO  | SCMAudit | user=jenkins1000 | ip=192.168.34.10 | op=SEND_HEARTBEAT {datanodeUUID=f7fc252f-131b-479f-9e1d-bf8bc8cd8a61, command=[]} | ret=SUCCESS |  
2019-08-21 01:03:05,513 | INFO  | SCMAudit | user=jenkins1000 | ip=192.168.34.10 | op=SEND_HEARTBEAT {datanodeUUID=a8f43d7f-8ab9-4263-bc60-233f29780d16, command=[]} | ret=SUCCESS |  
2019-08-21 01:03:05,685 | INFO  | SCMAudit | user=jenkins1000 | ip=192.168.34.10 | op=SEND_HEARTBEAT {datanodeUUID=24a30f30-831a-4833-93ea-707e8199d09b, command=[]} | ret=SUCCESS |  
2019-08-21 01:03:05,771 [grpc-default-executor-7] INFO  client.GrpcClientProtocolClient (GrpcClientProtocolClient.java:onNext(255)) - client-B5CAA62F7100->da6cf7a5-fd86-493b-8551-65e1ed8dd98c: receive RaftClientReply:client-B5CAA62F7100->da6cf7a5-fd86-493b-8551-65e1ed8dd98c@group-3528105455D3, cid=184, FAILED org.apache.ratis.protocol.NotLeaderException: Server da6cf7a5-fd86-493b-8551-65e1ed8dd98c is not the leader (0fe1d74e-166c-4d98-8cc5-3a12f218ca10:192.168.34.10:34757). Request must be sent to leader., logIndex=0, commits[da6cf7a5-fd86-493b-8551-65e1ed8dd98c:c15, f7fc252f-131b-479f-9e1d-bf8bc8cd8a61:c15, 0fe1d74e-166c-4d98-8cc5-3a12f218ca10:c15]
2019-08-21 01:03:05,865 | INFO  | SCMAudit | user=jenkins1000 | ip=192.168.34.10 | op=SEND_HEARTBEAT {datanodeUUID=fccca5a2-55db-4efd-8b7f-8a266599827f, command=[]} | ret=SUCCESS |  
2019-08-21 01:03:06,014 | INFO  | SCMAudit | user=jenkins1000 | ip=192.168.34.10 | op=SEND_HEARTBEAT {datanodeUUID=853a8d38-210a-40e1-a500-60344a22ce2b, command=[]} | ret=SUCCESS |  
2019-08-21 01:03:06,419 | INFO  | SCMAudit | user=jenkins1000 | ip=192.168.34.10 | op=SEND_HEARTBEAT {datanodeUUID=da6cf7a5-fd86-493b-8551-65e1ed8dd98c, command=[]} | ret=SUCCESS |  
2019-08-21 01:03:06,419 | INFO  | SCMAudit | user=jenkins1000 | ip=192.168.34.10 | op=SEND_HEARTBEAT {datanodeUUID=f7fc252f-131b-479f-9e1d-bf8bc8cd8a61, command=[]} | ret=SUCCESS |  
2019-08-21 01:03:06,513 | INFO  | SCMAudit | user=jenkins1000 | ip=192.168.34.10 | op=SEND_HEARTBEAT {datanodeUUID=a8f43d7f-8ab9-4263-bc60-233f29780d16, command=[]} | ret=SUCCESS |  
2019-08-21 01:03:06,685 | INFO  | SCMAudit | user=jenkins1000 | ip=192.168.34.10 | op=SEND_HEARTBEAT {datanodeUUID=24a30f30-831a-4833-93ea-707e8199d09b, command=[]} | ret=SUCCESS |  
2019-08-21 01:03:06,786 [grpc-default-executor-5] INFO  client.GrpcClientProtocolClient (GrpcClientProtocolClient.java:onNext(255)) - client-B5CAA62F7100->da6cf7a5-fd86-493b-8551-65e1ed8dd98c: receive RaftClientReply:client-B5CAA62F7100->da6cf7a5-fd86-493b-8551-65e1ed8dd98c@group-3528105455D3, cid=184, FAILED org.apache.ratis.protocol.NotLeaderException: Server da6cf7a5-fd86-493b-8551-65e1ed8dd98c is not the leader (0fe1d74e-166c-4d98-8cc5-3a12f218ca10:192.168.34.10:34757). Request must be sent to leader., logIndex=0, commits[da6cf7a5-fd86-493b-8551-65e1ed8dd98c:c15, f7fc252f-131b-479f-9e1d-bf8bc8cd8a61:c15, 0fe1d74e-166c-4d98-8cc5-3a12f218ca10:c15]
2019-08-21 01:03:06,867 | INFO  | SCMAudit | user=jenkins1000 | ip=192.168.34.10 | op=SEND_HEARTBEAT {datanodeUUID=fccca5a2-55db-4efd-8b7f-8a266599827f, command=[]} | ret=SUCCESS |  
2019-08-21 01:03:07,014 | INFO  | SCMAudit | user=jenkins1000 | ip=192.168.34.10 | op=SEND_HEARTBEAT {datanodeUUID=853a8d38-210a-40e1-a500-60344a22ce2b, command=[]} | ret=SUCCESS |  
2019-08-21 01:03:07,419 | INFO  | SCMAudit | user=jenkins1000 | ip=192.168.34.10 | op=SEND_HEARTBEAT {datanodeUUID=da6cf7a5-fd86-493b-8551-65e1ed8dd98c, command=[]} | ret=SUCCESS |  
2019-08-21 01:03:07,420 | INFO  | SCMAudit | user=jenkins1000 | ip=192.168.34.10 | op=SEND_HEARTBEAT {datanodeUUID=f7fc252f-131b-479f-9e1d-bf8bc8cd8a61, command=[]} | ret=SUCCESS |  
2019-08-21 01:03:07,513 | INFO  | SCMAudit | user=jenkins1000 | ip=192.168.34.10 | op=SEND_HEARTBEAT {datanodeUUID=a8f43d7f-8ab9-4263-bc60-233f29780d16, command=[]} | ret=SUCCESS |  
2019-08-21 01:03:07,685 | INFO  | SCMAudit | user=jenkins1000 | ip=192.168.34.10 | op=SEND_HEARTBEAT {datanodeUUID=24a30f30-831a-4833-93ea-707e8199d09b, command=[]} | ret=SUCCESS |  
2019-08-21 01:03:07,806 [grpc-default-executor-5] INFO  client.GrpcClientProtocolClient (GrpcClientProtocolClient.java:onNext(255)) - client-B5CAA62F7100->f7fc252f-131b-479f-9e1d-bf8bc8cd8a61: receive RaftClientReply:client-B5CAA62F7100->f7fc252f-131b-479f-9e1d-bf8bc8cd8a61@group-3528105455D3, cid=184, FAILED org.apache.ratis.protocol.NotLeaderException: Server f7fc252f-131b-479f-9e1d-bf8bc8cd8a61 is not the leader (0fe1d74e-166c-4d98-8cc5-3a12f218ca10:192.168.34.10:34757). Request must be sent to leader., logIndex=0, commits[f7fc252f-131b-479f-9e1d-bf8bc8cd8a61:c15, da6cf7a5-fd86-493b-8551-65e1ed8dd98c:c15, 0fe1d74e-166c-4d98-8cc5-3a12f218ca10:c15]
2019-08-21 01:03:07,865 | INFO  | SCMAudit | user=jenkins1000 | ip=192.168.34.10 | op=SEND_HEARTBEAT {datanodeUUID=fccca5a2-55db-4efd-8b7f-8a266599827f, command=[]} | ret=SUCCESS |  
2019-08-21 01:03:08,014 | INFO  | SCMAudit | user=jenkins1000 | ip=192.168.34.10 | op=SEND_HEARTBEAT {datanodeUUID=853a8d38-210a-40e1-a500-60344a22ce2b, command=[]} | ret=SUCCESS |  
2019-08-21 01:03:08,420 | INFO  | SCMAudit | user=jenkins1000 | ip=192.168.34.10 | op=SEND_HEARTBEAT {datanodeUUID=f7fc252f-131b-479f-9e1d-bf8bc8cd8a61, command=[]} | ret=SUCCESS |  
2019-08-21 01:03:08,420 | INFO  | SCMAudit | user=jenkins1000 | ip=192.168.34.10 | op=SEND_HEARTBEAT {datanodeUUID=da6cf7a5-fd86-493b-8551-65e1ed8dd98c, command=[]} | ret=SUCCESS |  
2019-08-21 01:03:08,513 | INFO  | SCMAudit | user=jenkins1000 | ip=192.168.34.10 | op=SEND_HEARTBEAT {datanodeUUID=a8f43d7f-8ab9-4263-bc60-233f29780d16, command=[]} | ret=SUCCESS |  
2019-08-21 01:03:08,685 | INFO  | SCMAudit | user=jenkins1000 | ip=192.168.34.10 | op=SEND_HEARTBEAT {datanodeUUID=24a30f30-831a-4833-93ea-707e8199d09b, command=[]} | ret=SUCCESS |  
2019-08-21 01:03:08,821 [grpc-default-executor-7] INFO  client.GrpcClientProtocolClient (GrpcClientProtocolClient.java:onNext(255)) - client-B5CAA62F7100->da6cf7a5-fd86-493b-8551-65e1ed8dd98c: receive RaftClientReply:client-B5CAA62F7100->da6cf7a5-fd86-493b-8551-65e1ed8dd98c@group-3528105455D3, cid=184, FAILED org.apache.ratis.protocol.NotLeaderException: Server da6cf7a5-fd86-493b-8551-65e1ed8dd98c is not the leader (0fe1d74e-166c-4d98-8cc5-3a12f218ca10:192.168.34.10:34757). Request must be sent to leader., logIndex=0, commits[da6cf7a5-fd86-493b-8551-65e1ed8dd98c:c15, f7fc252f-131b-479f-9e1d-bf8bc8cd8a61:c15, 0fe1d74e-166c-4d98-8cc5-3a12f218ca10:c15]
2019-08-21 01:03:08,865 | INFO  | SCMAudit | user=jenkins1000 | ip=192.168.34.10 | op=SEND_HEARTBEAT {datanodeUUID=fccca5a2-55db-4efd-8b7f-8a266599827f, command=[]} | ret=SUCCESS |  
2019-08-21 01:03:09,015 | INFO  | SCMAudit | user=jenkins1000 | ip=192.168.34.10 | op=SEND_HEARTBEAT {datanodeUUID=853a8d38-210a-40e1-a500-60344a22ce2b, command=[]} | ret=SUCCESS |  
2019-08-21 01:03:09,419 | INFO  | SCMAudit | user=jenkins1000 | ip=192.168.34.10 | op=SEND_HEARTBEAT {datanodeUUID=da6cf7a5-fd86-493b-8551-65e1ed8dd98c, command=[]} | ret=SUCCESS |  
2019-08-21 01:03:09,419 | INFO  | SCMAudit | user=jenkins1000 | ip=192.168.34.10 | op=SEND_HEARTBEAT {datanodeUUID=f7fc252f-131b-479f-9e1d-bf8bc8cd8a61, command=[]} | ret=SUCCESS |  
2019-08-21 01:03:09,513 | INFO  | SCMAudit | user=jenkins1000 | ip=192.168.34.10 | op=SEND_HEARTBEAT {datanodeUUID=a8f43d7f-8ab9-4263-bc60-233f29780d16, command=[]} | ret=SUCCESS |  
2019-08-21 01:03:09,685 | INFO  | SCMAudit | user=jenkins1000 | ip=192.168.34.10 | op=SEND_HEARTBEAT {datanodeUUID=24a30f30-831a-4833-93ea-707e8199d09b, command=[]} | ret=SUCCESS |  
2019-08-21 01:03:09,836 [grpc-default-executor-9] INFO  client.GrpcClientProtocolClient (GrpcClientProtocolClient.java:onNext(255)) - client-B5CAA62F7100->f7fc252f-131b-479f-9e1d-bf8bc8cd8a61: receive RaftClientReply:client-B5CAA62F7100->f7fc252f-131b-479f-9e1d-bf8bc8cd8a61@group-3528105455D3, cid=184, FAILED org.apache.ratis.protocol.NotLeaderException: Server f7fc252f-131b-479f-9e1d-bf8bc8cd8a61 is not the leader (0fe1d74e-166c-4d98-8cc5-3a12f218ca10:192.168.34.10:34757). Request must be sent to leader., logIndex=0, commits[f7fc252f-131b-479f-9e1d-bf8bc8cd8a61:c15, da6cf7a5-fd86-493b-8551-65e1ed8dd98c:c15, 0fe1d74e-166c-4d98-8cc5-3a12f218ca10:c15]
2019-08-21 01:03:09,866 | INFO  | SCMAudit | user=jenkins1000 | ip=192.168.34.10 | op=SEND_HEARTBEAT {datanodeUUID=fccca5a2-55db-4efd-8b7f-8a266599827f, command=[]} | ret=SUCCESS |  
2019-08-21 01:03:10,014 | INFO  | SCMAudit | user=jenkins1000 | ip=192.168.34.10 | op=SEND_HEARTBEAT {datanodeUUID=853a8d38-210a-40e1-a500-60344a22ce2b, command=[]} | ret=SUCCESS |  
2019-08-21 01:03:10,419 | INFO  | SCMAudit | user=jenkins1000 | ip=192.168.34.10 | op=SEND_HEARTBEAT {datanodeUUID=f7fc252f-131b-479f-9e1d-bf8bc8cd8a61, command=[]} | ret=SUCCESS |  
2019-08-21 01:03:10,419 | INFO  | SCMAudit | user=jenkins1000 | ip=192.168.34.10 | op=SEND_HEARTBEAT {datanodeUUID=da6cf7a5-fd86-493b-8551-65e1ed8dd98c, command=[]} | ret=SUCCESS |  
2019-08-21 01:03:10,513 | INFO  | SCMAudit | user=jenkins1000 | ip=192.168.34.10 | op=SEND_HEARTBEAT {datanodeUUID=a8f43d7f-8ab9-4263-bc60-233f29780d16, command=[]} | ret=SUCCESS |  
2019-08-21 01:03:10,685 | INFO  | SCMAudit | user=jenkins1000 | ip=192.168.34.10 | op=SEND_HEARTBEAT {datanodeUUID=24a30f30-831a-4833-93ea-707e8199d09b, command=[]} | ret=SUCCESS |  
2019-08-21 01:03:10,850 [grpc-default-executor-9] INFO  client.GrpcClientProtocolClient (GrpcClientProtocolClient.java:onNext(255)) - client-B5CAA62F7100->da6cf7a5-fd86-493b-8551-65e1ed8dd98c: receive RaftClientReply:client-B5CAA62F7100->da6cf7a5-fd86-493b-8551-65e1ed8dd98c@group-3528105455D3, cid=184, FAILED org.apache.ratis.protocol.NotLeaderException: Server da6cf7a5-fd86-493b-8551-65e1ed8dd98c is not the leader (0fe1d74e-166c-4d98-8cc5-3a12f218ca10:192.168.34.10:34757). Request must be sent to leader., logIndex=0, commits[da6cf7a5-fd86-493b-8551-65e1ed8dd98c:c15, f7fc252f-131b-479f-9e1d-bf8bc8cd8a61:c15, 0fe1d74e-166c-4d98-8cc5-3a12f218ca10:c15]
2019-08-21 01:03:10,866 | INFO  | SCMAudit | user=jenkins1000 | ip=192.168.34.10 | op=SEND_HEARTBEAT {datanodeUUID=fccca5a2-55db-4efd-8b7f-8a266599827f, command=[]} | ret=SUCCESS |  
2019-08-21 01:03:11,014 | INFO  | SCMAudit | user=jenkins1000 | ip=192.168.34.10 | op=SEND_HEARTBEAT {datanodeUUID=853a8d38-210a-40e1-a500-60344a22ce2b, command=[]} | ret=SUCCESS |  
2019-08-21 01:03:11,420 | INFO  | SCMAudit | user=jenkins1000 | ip=192.168.34.10 | op=SEND_HEARTBEAT {datanodeUUID=da6cf7a5-fd86-493b-8551-65e1ed8dd98c, command=[]} | ret=SUCCESS |  
2019-08-21 01:03:11,420 | INFO  | SCMAudit | user=jenkins1000 | ip=192.168.34.10 | op=SEND_HEARTBEAT {datanodeUUID=f7fc252f-131b-479f-9e1d-bf8bc8cd8a61, command=[]} | ret=SUCCESS |  
2019-08-21 01:03:11,513 | INFO  | SCMAudit | user=jenkins1000 | ip=192.168.34.10 | op=SEND_HEARTBEAT {datanodeUUID=a8f43d7f-8ab9-4263-bc60-233f29780d16, command=[]} | ret=SUCCESS |  
2019-08-21 01:03:11,685 | INFO  | SCMAudit | user=jenkins1000 | ip=192.168.34.10 | op=SEND_HEARTBEAT {datanodeUUID=24a30f30-831a-4833-93ea-707e8199d09b, command=[]} | ret=SUCCESS |  
2019-08-21 01:03:11,865 [grpc-default-executor-7] INFO  client.GrpcClientProtocolClient (GrpcClientProtocolClient.java:onNext(255)) - client-B5CAA62F7100->da6cf7a5-fd86-493b-8551-65e1ed8dd98c: receive RaftClientReply:client-B5CAA62F7100->da6cf7a5-fd86-493b-8551-65e1ed8dd98c@group-3528105455D3, cid=184, FAILED org.apache.ratis.protocol.NotLeaderException: Server da6cf7a5-fd86-493b-8551-65e1ed8dd98c is not the leader (0fe1d74e-166c-4d98-8cc5-3a12f218ca10:192.168.34.10:34757). Request must be sent to leader., logIndex=0, commits[da6cf7a5-fd86-493b-8551-65e1ed8dd98c:c15, f7fc252f-131b-479f-9e1d-bf8bc8cd8a61:c15, 0fe1d74e-166c-4d98-8cc5-3a12f218ca10:c15]
2019-08-21 01:03:11,869 | INFO  | SCMAudit | user=jenkins1000 | ip=192.168.34.10 | op=SEND_HEARTBEAT {datanodeUUID=fccca5a2-55db-4efd-8b7f-8a266599827f, command=[]} | ret=SUCCESS |  
2019-08-21 01:03:11,961 [Thread-3411] INFO  impl.FollowerState (FollowerState.java:run(106)) - da6cf7a5-fd86-493b-8551-65e1ed8dd98c:group-3528105455D3 changes to CANDIDATE, lastRpcTime:9312, electionTimeout:5005ms
2019-08-21 01:03:11,961 [Thread-3411] INFO  impl.RoleInfo (RoleInfo.java:shutdownFollowerState(121)) - da6cf7a5-fd86-493b-8551-65e1ed8dd98c: shutdown FollowerState
2019-08-21 01:03:11,961 [Thread-3411] INFO  impl.RaftServerImpl (RaftServerImpl.java:setRole(171)) - da6cf7a5-fd86-493b-8551-65e1ed8dd98c:group-3528105455D3 changes role from FOLLOWER to CANDIDATE at term 2 for changeToCandidate
2019-08-21 01:03:11,961 [Thread-3411] INFO  impl.RoleInfo (RoleInfo.java:updateAndGet(143)) - da6cf7a5-fd86-493b-8551-65e1ed8dd98c: start LeaderElection
2019-08-21 01:03:11,965 [da6cf7a5-fd86-493b-8551-65e1ed8dd98c:group-3528105455D3:LeaderElection67] INFO  impl.RaftServerImpl (ServerState.java:setLeader(263)) - da6cf7a5-fd86-493b-8551-65e1ed8dd98c:group-3528105455D3 change Leader from 0fe1d74e-166c-4d98-8cc5-3a12f218ca10 to null at term 2 for initElection
2019-08-21 01:03:11,978 [da6cf7a5-fd86-493b-8551-65e1ed8dd98c:group-3528105455D3:LeaderElection67] INFO  impl.LeaderElection (LeaderElection.java:askForVotes(181)) - da6cf7a5-fd86-493b-8551-65e1ed8dd98c:group-3528105455D3:LeaderElection67: begin an election at term 3 for 0: [da6cf7a5-fd86-493b-8551-65e1ed8dd98c:192.168.34.10:36254, f7fc252f-131b-479f-9e1d-bf8bc8cd8a61:192.168.34.10:34883, 0fe1d74e-166c-4d98-8cc5-3a12f218ca10:192.168.34.10:34757], old=null
2019-08-21 01:03:11,981 [da6cf7a5-fd86-493b-8551-65e1ed8dd98c:group-3528105455D3:LeaderElection67] INFO  impl.LeaderElection (LogUtils.java:infoOrTrace(149)) - da6cf7a5-fd86-493b-8551-65e1ed8dd98c:group-3528105455D3:LeaderElection67 got exception when requesting votes: {}
java.util.concurrent.ExecutionException: org.apache.ratis.thirdparty.io.grpc.StatusRuntimeException: UNAVAILABLE: io exception
	at java.util.concurrent.FutureTask.report(FutureTask.java:122)
	at java.util.concurrent.FutureTask.get(FutureTask.java:192)
	at org.apache.ratis.server.impl.LeaderElection.waitForResults(LeaderElection.java:262)
	at org.apache.ratis.server.impl.LeaderElection.askForVotes(LeaderElection.java:200)
	at org.apache.ratis.server.impl.LeaderElection.run(LeaderElection.java:130)
	at java.lang.Thread.run(Thread.java:748)
Caused by: org.apache.ratis.thirdparty.io.grpc.StatusRuntimeException: UNAVAILABLE: io exception
	at org.apache.ratis.thirdparty.io.grpc.stub.ClientCalls.toStatusRuntimeException(ClientCalls.java:233)
	at org.apache.ratis.thirdparty.io.grpc.stub.ClientCalls.getUnchecked(ClientCalls.java:214)
	at org.apache.ratis.thirdparty.io.grpc.stub.ClientCalls.blockingUnaryCall(ClientCalls.java:139)
	at org.apache.ratis.proto.grpc.RaftServerProtocolServiceGrpc$RaftServerProtocolServiceBlockingStub.requestVote(RaftServerProtocolServiceGrpc.java:265)
	at org.apache.ratis.grpc.server.GrpcServerProtocolClient.requestVote(GrpcServerProtocolClient.java:83)
	at org.apache.ratis.grpc.server.GrpcService.requestVote(GrpcService.java:195)
	at org.apache.ratis.server.impl.LeaderElection.lambda$submitRequests$1(LeaderElection.java:237)
	at java.util.concurrent.FutureTask.run(FutureTask.java:266)
	at java.util.concurrent.Executors$RunnableAdapter.call(Executors.java:511)
	at java.util.concurrent.FutureTask.run(FutureTask.java:266)
	at java.util.concurrent.ThreadPoolExecutor.runWorker(ThreadPoolExecutor.java:1149)
	at java.util.concurrent.ThreadPoolExecutor$Worker.run(ThreadPoolExecutor.java:624)
	... 1 more
Caused by: org.apache.ratis.thirdparty.io.netty.channel.AbstractChannel$AnnotatedConnectException: Connection refused: /192.168.34.10:34757
	at sun.nio.ch.SocketChannelImpl.checkConnect(Native Method)
	at sun.nio.ch.SocketChannelImpl.finishConnect(SocketChannelImpl.java:717)
	at org.apache.ratis.thirdparty.io.netty.channel.socket.nio.NioSocketChannel.doFinishConnect(NioSocketChannel.java:327)
	at org.apache.ratis.thirdparty.io.netty.channel.nio.AbstractNioChannel$AbstractNioUnsafe.finishConnect(AbstractNioChannel.java:340)
	at org.apache.ratis.thirdparty.io.netty.channel.nio.NioEventLoop.processSelectedKey(NioEventLoop.java:632)
	at org.apache.ratis.thirdparty.io.netty.channel.nio.NioEventLoop.processSelectedKeysOptimized(NioEventLoop.java:579)
	at org.apache.ratis.thirdparty.io.netty.channel.nio.NioEventLoop.processSelectedKeys(NioEventLoop.java:496)
	at org.apache.ratis.thirdparty.io.netty.channel.nio.NioEventLoop.run(NioEventLoop.java:458)
	at org.apache.ratis.thirdparty.io.netty.util.concurrent.SingleThreadEventExecutor$5.run(SingleThreadEventExecutor.java:897)
	at org.apache.ratis.thirdparty.io.netty.util.concurrent.FastThreadLocalRunnable.run(FastThreadLocalRunnable.java:30)
	... 1 more
Caused by: java.net.ConnectException: Connection refused
	... 11 more
2019-08-21 01:03:11,981 [grpc-default-executor-9] INFO  impl.RaftServerImpl (ServerState.java:setLeader(263)) - f7fc252f-131b-479f-9e1d-bf8bc8cd8a61:group-3528105455D3 change Leader from 0fe1d74e-166c-4d98-8cc5-3a12f218ca10 to null at term 3 for updateCurrentTerm
2019-08-21 01:03:11,984 [grpc-default-executor-9] INFO  impl.RaftServerImpl (RaftServerImpl.java:setRole(171)) - f7fc252f-131b-479f-9e1d-bf8bc8cd8a61:group-3528105455D3 changes role from FOLLOWER to FOLLOWER at term 3 for recognizeCandidate:da6cf7a5-fd86-493b-8551-65e1ed8dd98c
2019-08-21 01:03:11,985 [grpc-default-executor-9] INFO  impl.RoleInfo (RoleInfo.java:shutdownFollowerState(121)) - f7fc252f-131b-479f-9e1d-bf8bc8cd8a61: shutdown FollowerState
2019-08-21 01:03:11,985 [grpc-default-executor-9] INFO  impl.RoleInfo (RoleInfo.java:updateAndGet(143)) - f7fc252f-131b-479f-9e1d-bf8bc8cd8a61: start FollowerState
2019-08-21 01:03:11,985 [Thread-3410] INFO  impl.FollowerState (FollowerState.java:run(114)) - f7fc252f-131b-479f-9e1d-bf8bc8cd8a61: FollowerState was interrupted: java.lang.InterruptedException: sleep interrupted
2019-08-21 01:03:12,001 [da6cf7a5-fd86-493b-8551-65e1ed8dd98c:group-3528105455D3:LeaderElection67] INFO  impl.LeaderElection (LeaderElection.java:logAndReturn(56)) - da6cf7a5-fd86-493b-8551-65e1ed8dd98c:group-3528105455D3:LeaderElection67: Election PASSED; received 1 response(s) [da6cf7a5-fd86-493b-8551-65e1ed8dd98c<-f7fc252f-131b-479f-9e1d-bf8bc8cd8a61#0:OK-t3] and 1 exception(s); da6cf7a5-fd86-493b-8551-65e1ed8dd98c:t3, leader=null, voted=da6cf7a5-fd86-493b-8551-65e1ed8dd98c, raftlog=da6cf7a5-fd86-493b-8551-65e1ed8dd98c-SegmentedRaftLog:OPENED:c15,f15,i15, conf=0: [da6cf7a5-fd86-493b-8551-65e1ed8dd98c:192.168.34.10:36254, f7fc252f-131b-479f-9e1d-bf8bc8cd8a61:192.168.34.10:34883, 0fe1d74e-166c-4d98-8cc5-3a12f218ca10:192.168.34.10:34757], old=null
2019-08-21 01:03:12,002 [da6cf7a5-fd86-493b-8551-65e1ed8dd98c:group-3528105455D3:LeaderElection67] INFO  impl.LeaderElection (LogUtils.java:infoOrTrace(149)) -   Exception 0: {}
java.util.concurrent.ExecutionException: org.apache.ratis.thirdparty.io.grpc.StatusRuntimeException: UNAVAILABLE: io exception
	at java.util.concurrent.FutureTask.report(FutureTask.java:122)
	at java.util.concurrent.FutureTask.get(FutureTask.java:192)
	at org.apache.ratis.server.impl.LeaderElection.waitForResults(LeaderElection.java:262)
	at org.apache.ratis.server.impl.LeaderElection.askForVotes(LeaderElection.java:200)
	at org.apache.ratis.server.impl.LeaderElection.run(LeaderElection.java:130)
	at java.lang.Thread.run(Thread.java:748)
Caused by: org.apache.ratis.thirdparty.io.grpc.StatusRuntimeException: UNAVAILABLE: io exception
	at org.apache.ratis.thirdparty.io.grpc.stub.ClientCalls.toStatusRuntimeException(ClientCalls.java:233)
	at org.apache.ratis.thirdparty.io.grpc.stub.ClientCalls.getUnchecked(ClientCalls.java:214)
	at org.apache.ratis.thirdparty.io.grpc.stub.ClientCalls.blockingUnaryCall(ClientCalls.java:139)
	at org.apache.ratis.proto.grpc.RaftServerProtocolServiceGrpc$RaftServerProtocolServiceBlockingStub.requestVote(RaftServerProtocolServiceGrpc.java:265)
	at org.apache.ratis.grpc.server.GrpcServerProtocolClient.requestVote(GrpcServerProtocolClient.java:83)
	at org.apache.ratis.grpc.server.GrpcService.requestVote(GrpcService.java:195)
	at org.apache.ratis.server.impl.LeaderElection.lambda$submitRequests$1(LeaderElection.java:237)
	at java.util.concurrent.FutureTask.run(FutureTask.java:266)
	at java.util.concurrent.Executors$RunnableAdapter.call(Executors.java:511)
	at java.util.concurrent.FutureTask.run(FutureTask.java:266)
	at java.util.concurrent.ThreadPoolExecutor.runWorker(ThreadPoolExecutor.java:1149)
	at java.util.concurrent.ThreadPoolExecutor$Worker.run(ThreadPoolExecutor.java:624)
	... 1 more
Caused by: org.apache.ratis.thirdparty.io.netty.channel.AbstractChannel$AnnotatedConnectException: Connection refused: /192.168.34.10:34757
	at sun.nio.ch.SocketChannelImpl.checkConnect(Native Method)
	at sun.nio.ch.SocketChannelImpl.finishConnect(SocketChannelImpl.java:717)
	at org.apache.ratis.thirdparty.io.netty.channel.socket.nio.NioSocketChannel.doFinishConnect(NioSocketChannel.java:327)
	at org.apache.ratis.thirdparty.io.netty.channel.nio.AbstractNioChannel$AbstractNioUnsafe.finishConnect(AbstractNioChannel.java:340)
	at org.apache.ratis.thirdparty.io.netty.channel.nio.NioEventLoop.processSelectedKey(NioEventLoop.java:632)
	at org.apache.ratis.thirdparty.io.netty.channel.nio.NioEventLoop.processSelectedKeysOptimized(NioEventLoop.java:579)
	at org.apache.ratis.thirdparty.io.netty.channel.nio.NioEventLoop.processSelectedKeys(NioEventLoop.java:496)
	at org.apache.ratis.thirdparty.io.netty.channel.nio.NioEventLoop.run(NioEventLoop.java:458)
	at org.apache.ratis.thirdparty.io.netty.util.concurrent.SingleThreadEventExecutor$5.run(SingleThreadEventExecutor.java:897)
	at org.apache.ratis.thirdparty.io.netty.util.concurrent.FastThreadLocalRunnable.run(FastThreadLocalRunnable.java:30)
	... 1 more
Caused by: java.net.ConnectException: Connection refused
	... 11 more
2019-08-21 01:03:12,002 [da6cf7a5-fd86-493b-8551-65e1ed8dd98c:group-3528105455D3:LeaderElection67] INFO  impl.RoleInfo (RoleInfo.java:shutdownLeaderElection(134)) - da6cf7a5-fd86-493b-8551-65e1ed8dd98c: shutdown LeaderElection
2019-08-21 01:03:12,002 [da6cf7a5-fd86-493b-8551-65e1ed8dd98c:group-3528105455D3:LeaderElection67] INFO  impl.RaftServerImpl (RaftServerImpl.java:setRole(171)) - da6cf7a5-fd86-493b-8551-65e1ed8dd98c:group-3528105455D3 changes role from CANDIDATE to LEADER at term 3 for changeToLeader
2019-08-21 01:03:12,002 [da6cf7a5-fd86-493b-8551-65e1ed8dd98c:group-3528105455D3:LeaderElection67] INFO  impl.RaftServerImpl (ServerState.java:setLeader(263)) - da6cf7a5-fd86-493b-8551-65e1ed8dd98c:group-3528105455D3 change Leader from null to da6cf7a5-fd86-493b-8551-65e1ed8dd98c at term 3 for becomeLeader, leader elected after 37ms
2019-08-21 01:03:12,002 [da6cf7a5-fd86-493b-8551-65e1ed8dd98c:group-3528105455D3:LeaderElection67] INFO  server.RaftServerConfigKeys (ConfUtils.java:logGet(43)) - raft.server.staging.catchup.gap = 1000 (default)
2019-08-21 01:03:12,003 [da6cf7a5-fd86-493b-8551-65e1ed8dd98c:group-3528105455D3:LeaderElection67] INFO  server.RaftServerConfigKeys (ConfUtils.java:logGet(43)) - raft.server.rpc.sleep.time = 25ms (default)
2019-08-21 01:03:12,003 [da6cf7a5-fd86-493b-8551-65e1ed8dd98c:group-3528105455D3:LeaderElection67] INFO  server.RaftServerConfigKeys (ConfUtils.java:logGet(43)) - raft.server.write.element-limit = 4096 (default)
2019-08-21 01:03:12,003 [da6cf7a5-fd86-493b-8551-65e1ed8dd98c:group-3528105455D3:LeaderElection67] INFO  server.RaftServerConfigKeys (ConfUtils.java:logGet(43)) - raft.server.watch.timeout = 10s (default)
2019-08-21 01:03:12,003 [da6cf7a5-fd86-493b-8551-65e1ed8dd98c:group-3528105455D3:LeaderElection67] INFO  server.RaftServerConfigKeys (ConfUtils.java:logGet(43)) - raft.server.watch.timeout.denomination = 1s (default)
2019-08-21 01:03:12,003 [da6cf7a5-fd86-493b-8551-65e1ed8dd98c:group-3528105455D3:LeaderElection67] INFO  server.RaftServerConfigKeys (ConfUtils.java:logGet(43)) - raft.server.watch.element-limit = 65536 (default)
2019-08-21 01:03:12,004 [da6cf7a5-fd86-493b-8551-65e1ed8dd98c:group-3528105455D3:LeaderElection67] INFO  server.RaftServerConfigKeys (ConfUtils.java:logGet(43)) - raft.server.log.appender.snapshot.chunk.size.max = 16MB (=16777216) (default)
2019-08-21 01:03:12,004 [da6cf7a5-fd86-493b-8551-65e1ed8dd98c:group-3528105455D3:LeaderElection67] INFO  server.RaftServerConfigKeys (ConfUtils.java:logGet(43)) - raft.server.log.appender.buffer.byte-limit = 33554432 (custom)
2019-08-21 01:03:12,004 [da6cf7a5-fd86-493b-8551-65e1ed8dd98c:group-3528105455D3:LeaderElection67] INFO  server.RaftServerConfigKeys (ConfUtils.java:logGet(43)) - raft.server.log.appender.buffer.element-limit = 1 (custom)
2019-08-21 01:03:12,005 [da6cf7a5-fd86-493b-8551-65e1ed8dd98c:group-3528105455D3:LeaderElection67] INFO  grpc.GrpcConfigKeys$Server (ConfUtils.java:logGet(43)) - raft.grpc.server.leader.outstanding.appends.max = 128 (default)
2019-08-21 01:03:12,005 [da6cf7a5-fd86-493b-8551-65e1ed8dd98c:group-3528105455D3:LeaderElection67] INFO  server.RaftServerConfigKeys (ConfUtils.java:logGet(43)) - raft.server.rpc.request.timeout = 3000ms (default)
2019-08-21 01:03:12,005 [da6cf7a5-fd86-493b-8551-65e1ed8dd98c:group-3528105455D3:LeaderElection67] INFO  server.RaftServerConfigKeys (ConfUtils.java:logGet(43)) - raft.server.log.appender.install.snapshot.enabled = false (custom)
2019-08-21 01:03:12,005 [da6cf7a5-fd86-493b-8551-65e1ed8dd98c:group-3528105455D3:LeaderElection67] INFO  server.RaftServerConfigKeys (ConfUtils.java:logGet(43)) - raft.server.log.appender.snapshot.chunk.size.max = 16MB (=16777216) (default)
2019-08-21 01:03:12,005 [da6cf7a5-fd86-493b-8551-65e1ed8dd98c:group-3528105455D3:LeaderElection67] INFO  server.RaftServerConfigKeys (ConfUtils.java:logGet(43)) - raft.server.log.appender.buffer.byte-limit = 33554432 (custom)
2019-08-21 01:03:12,005 [da6cf7a5-fd86-493b-8551-65e1ed8dd98c:group-3528105455D3:LeaderElection67] INFO  server.RaftServerConfigKeys (ConfUtils.java:logGet(43)) - raft.server.log.appender.buffer.element-limit = 1 (custom)
2019-08-21 01:03:12,006 [da6cf7a5-fd86-493b-8551-65e1ed8dd98c:group-3528105455D3:LeaderElection67] INFO  grpc.GrpcConfigKeys$Server (ConfUtils.java:logGet(43)) - raft.grpc.server.leader.outstanding.appends.max = 128 (default)
2019-08-21 01:03:12,006 [da6cf7a5-fd86-493b-8551-65e1ed8dd98c:group-3528105455D3:LeaderElection67] INFO  server.RaftServerConfigKeys (ConfUtils.java:logGet(43)) - raft.server.rpc.request.timeout = 3000ms (default)
2019-08-21 01:03:12,006 [da6cf7a5-fd86-493b-8551-65e1ed8dd98c:group-3528105455D3:LeaderElection67] INFO  server.RaftServerConfigKeys (ConfUtils.java:logGet(43)) - raft.server.log.appender.install.snapshot.enabled = false (custom)
2019-08-21 01:03:12,006 [da6cf7a5-fd86-493b-8551-65e1ed8dd98c:group-3528105455D3:LeaderElection67] INFO  impl.RoleInfo (RoleInfo.java:updateAndGet(143)) - da6cf7a5-fd86-493b-8551-65e1ed8dd98c: start LeaderState
2019-08-21 01:03:12,007 [da6cf7a5-fd86-493b-8551-65e1ed8dd98c:group-3528105455D3:LeaderElection67] INFO  segmented.SegmentedRaftLogWorker (SegmentedRaftLogWorker.java:rollLogSegment(385)) - da6cf7a5-fd86-493b-8551-65e1ed8dd98c-SegmentedRaftLogWorker:Storage Directory /workdir/hadoop-ozone/integration-test/target/test-dir/MiniOzoneClusterImpl-b121f0fa-5b36-4e30-bdae-6f5cf730914f/datanode-2/data/ratis/8a3425bf-2bba-4f72-9a42-3528105455d3: Rolling segment log-0_15 to index:15
2019-08-21 01:03:12,008 [da6cf7a5-fd86-493b-8551-65e1ed8dd98c:group-3528105455D3:LeaderElection67] INFO  impl.RaftServerImpl (ServerState.java:setRaftConf(361)) - da6cf7a5-fd86-493b-8551-65e1ed8dd98c:group-3528105455D3 set configuration 16: [da6cf7a5-fd86-493b-8551-65e1ed8dd98c:192.168.34.10:36254, f7fc252f-131b-479f-9e1d-bf8bc8cd8a61:192.168.34.10:34883, 0fe1d74e-166c-4d98-8cc5-3a12f218ca10:192.168.34.10:34757], old=null at 16
2019-08-21 01:03:12,008 [da6cf7a5-fd86-493b-8551-65e1ed8dd98c-SegmentedRaftLogWorker:Storage Directory /workdir/hadoop-ozone/integration-test/target/test-dir/MiniOzoneClusterImpl-b121f0fa-5b36-4e30-bdae-6f5cf730914f/datanode-2/data/ratis/8a3425bf-2bba-4f72-9a42-3528105455d3] INFO  segmented.SegmentedRaftLogWorker (SegmentedRaftLogWorker.java:execute(526)) - da6cf7a5-fd86-493b-8551-65e1ed8dd98c-SegmentedRaftLogWorker:Storage Directory /workdir/hadoop-ozone/integration-test/target/test-dir/MiniOzoneClusterImpl-b121f0fa-5b36-4e30-bdae-6f5cf730914f/datanode-2/data/ratis/8a3425bf-2bba-4f72-9a42-3528105455d3: Rolled log segment from /workdir/hadoop-ozone/integration-test/target/test-dir/MiniOzoneClusterImpl-b121f0fa-5b36-4e30-bdae-6f5cf730914f/datanode-2/data/ratis/8a3425bf-2bba-4f72-9a42-3528105455d3/current/log_inprogress_0 to /workdir/hadoop-ozone/integration-test/target/test-dir/MiniOzoneClusterImpl-b121f0fa-5b36-4e30-bdae-6f5cf730914f/datanode-2/data/ratis/8a3425bf-2bba-4f72-9a42-3528105455d3/current/log_0-15
2019-08-21 01:03:12,008 [grpc-default-executor-9] WARN  server.GrpcLogAppender (LogUtils.java:warn(134)) - da6cf7a5-fd86-493b-8551-65e1ed8dd98c->0fe1d74e-166c-4d98-8cc5-3a12f218ca10: Failed appendEntries: org.apache.ratis.thirdparty.io.grpc.StatusRuntimeException: UNAVAILABLE: io exception
2019-08-21 01:03:12,009 [grpc-default-executor-9] INFO  impl.FollowerInfo (FollowerInfo.java:lambda$new$0(50)) - da6cf7a5-fd86-493b-8551-65e1ed8dd98c->0fe1d74e-166c-4d98-8cc5-3a12f218ca10: nextIndex: updateUnconditionally 16 -> 1
2019-08-21 01:03:12,009 [grpc-default-executor-5] INFO  impl.RaftServerImpl (ServerState.java:setLeader(263)) - f7fc252f-131b-479f-9e1d-bf8bc8cd8a61:group-3528105455D3 change Leader from null to da6cf7a5-fd86-493b-8551-65e1ed8dd98c at term 3 for appendEntries, leader elected after 27ms
2019-08-21 01:03:12,012 [grpc-default-executor-5] INFO  impl.RaftServerImpl (ServerState.java:setRaftConf(361)) - f7fc252f-131b-479f-9e1d-bf8bc8cd8a61:group-3528105455D3 set configuration 16: [da6cf7a5-fd86-493b-8551-65e1ed8dd98c:192.168.34.10:36254, f7fc252f-131b-479f-9e1d-bf8bc8cd8a61:192.168.34.10:34883, 0fe1d74e-166c-4d98-8cc5-3a12f218ca10:192.168.34.10:34757], old=null at 16
2019-08-21 01:03:12,012 [grpc-default-executor-5] INFO  segmented.SegmentedRaftLogWorker (SegmentedRaftLogWorker.java:rollLogSegment(385)) - f7fc252f-131b-479f-9e1d-bf8bc8cd8a61-SegmentedRaftLogWorker:Storage Directory /workdir/hadoop-ozone/integration-test/target/test-dir/MiniOzoneClusterImpl-b121f0fa-5b36-4e30-bdae-6f5cf730914f/datanode-0/data/ratis/8a3425bf-2bba-4f72-9a42-3528105455d3: Rolling segment log-0_15 to index:15
2019-08-21 01:03:12,013 [f7fc252f-131b-479f-9e1d-bf8bc8cd8a61-SegmentedRaftLogWorker:Storage Directory /workdir/hadoop-ozone/integration-test/target/test-dir/MiniOzoneClusterImpl-b121f0fa-5b36-4e30-bdae-6f5cf730914f/datanode-0/data/ratis/8a3425bf-2bba-4f72-9a42-3528105455d3] INFO  segmented.SegmentedRaftLogWorker (SegmentedRaftLogWorker.java:execute(526)) - f7fc252f-131b-479f-9e1d-bf8bc8cd8a61-SegmentedRaftLogWorker:Storage Directory /workdir/hadoop-ozone/integration-test/target/test-dir/MiniOzoneClusterImpl-b121f0fa-5b36-4e30-bdae-6f5cf730914f/datanode-0/data/ratis/8a3425bf-2bba-4f72-9a42-3528105455d3: Rolled log segment from /workdir/hadoop-ozone/integration-test/target/test-dir/MiniOzoneClusterImpl-b121f0fa-5b36-4e30-bdae-6f5cf730914f/datanode-0/data/ratis/8a3425bf-2bba-4f72-9a42-3528105455d3/current/log_inprogress_0 to /workdir/hadoop-ozone/integration-test/target/test-dir/MiniOzoneClusterImpl-b121f0fa-5b36-4e30-bdae-6f5cf730914f/datanode-0/data/ratis/8a3425bf-2bba-4f72-9a42-3528105455d3/current/log_0-15
2019-08-21 01:03:12,014 | INFO  | SCMAudit | user=jenkins1000 | ip=192.168.34.10 | op=SEND_HEARTBEAT {datanodeUUID=853a8d38-210a-40e1-a500-60344a22ce2b, command=[]} | ret=SUCCESS |  
2019-08-21 01:03:12,059 [da6cf7a5-fd86-493b-8551-65e1ed8dd98c-SegmentedRaftLogWorker:Storage Directory /workdir/hadoop-ozone/integration-test/target/test-dir/MiniOzoneClusterImpl-b121f0fa-5b36-4e30-bdae-6f5cf730914f/datanode-2/data/ratis/8a3425bf-2bba-4f72-9a42-3528105455d3] INFO  segmented.SegmentedRaftLogWorker (SegmentedRaftLogWorker.java:execute(569)) - da6cf7a5-fd86-493b-8551-65e1ed8dd98c-SegmentedRaftLogWorker:Storage Directory /workdir/hadoop-ozone/integration-test/target/test-dir/MiniOzoneClusterImpl-b121f0fa-5b36-4e30-bdae-6f5cf730914f/datanode-2/data/ratis/8a3425bf-2bba-4f72-9a42-3528105455d3: created new log segment /workdir/hadoop-ozone/integration-test/target/test-dir/MiniOzoneClusterImpl-b121f0fa-5b36-4e30-bdae-6f5cf730914f/datanode-2/data/ratis/8a3425bf-2bba-4f72-9a42-3528105455d3/current/log_inprogress_16
2019-08-21 01:03:12,059 [f7fc252f-131b-479f-9e1d-bf8bc8cd8a61-SegmentedRaftLogWorker:Storage Directory /workdir/hadoop-ozone/integration-test/target/test-dir/MiniOzoneClusterImpl-b121f0fa-5b36-4e30-bdae-6f5cf730914f/datanode-0/data/ratis/8a3425bf-2bba-4f72-9a42-3528105455d3] INFO  segmented.SegmentedRaftLogWorker (SegmentedRaftLogWorker.java:execute(569)) - f7fc252f-131b-479f-9e1d-bf8bc8cd8a61-SegmentedRaftLogWorker:Storage Directory /workdir/hadoop-ozone/integration-test/target/test-dir/MiniOzoneClusterImpl-b121f0fa-5b36-4e30-bdae-6f5cf730914f/datanode-0/data/ratis/8a3425bf-2bba-4f72-9a42-3528105455d3: created new log segment /workdir/hadoop-ozone/integration-test/target/test-dir/MiniOzoneClusterImpl-b121f0fa-5b36-4e30-bdae-6f5cf730914f/datanode-0/data/ratis/8a3425bf-2bba-4f72-9a42-3528105455d3/current/log_inprogress_16
2019-08-21 01:03:12,085 | INFO  | DNAudit | user=null | ip=null | op=READ_CHUNK {blockData=conID: 1 locID: 102652272185638926 bcsId: 0} | ret=SUCCESS |  
2019-08-21 01:03:12,091 [grpc-default-executor-7] WARN  server.GrpcLogAppender (LogUtils.java:warn(134)) - da6cf7a5-fd86-493b-8551-65e1ed8dd98c->0fe1d74e-166c-4d98-8cc5-3a12f218ca10: Failed appendEntries: org.apache.ratis.thirdparty.io.grpc.StatusRuntimeException: UNAVAILABLE: io exception
2019-08-21 01:03:12,091 [grpc-default-executor-7] INFO  impl.FollowerInfo (FollowerInfo.java:lambda$new$0(50)) - da6cf7a5-fd86-493b-8551-65e1ed8dd98c->0fe1d74e-166c-4d98-8cc5-3a12f218ca10: nextIndex: updateUnconditionally 2 -> 1
2019-08-21 01:03:12,419 | INFO  | SCMAudit | user=jenkins1000 | ip=192.168.34.10 | op=SEND_HEARTBEAT {datanodeUUID=f7fc252f-131b-479f-9e1d-bf8bc8cd8a61, command=[]} | ret=SUCCESS |  
2019-08-21 01:03:12,419 | INFO  | SCMAudit | user=jenkins1000 | ip=192.168.34.10 | op=SEND_HEARTBEAT {datanodeUUID=da6cf7a5-fd86-493b-8551-65e1ed8dd98c, command=[]} | ret=SUCCESS |  
2019-08-21 01:03:12,513 | INFO  | SCMAudit | user=jenkins1000 | ip=192.168.34.10 | op=SEND_HEARTBEAT {datanodeUUID=a8f43d7f-8ab9-4263-bc60-233f29780d16, command=[]} | ret=SUCCESS |  
2019-08-21 01:03:12,685 | INFO  | SCMAudit | user=jenkins1000 | ip=192.168.34.10 | op=SEND_HEARTBEAT {datanodeUUID=24a30f30-831a-4833-93ea-707e8199d09b, command=[]} | ret=SUCCESS |  
2019-08-21 01:03:12,866 | INFO  | SCMAudit | user=jenkins1000 | ip=192.168.34.10 | op=SEND_HEARTBEAT {datanodeUUID=fccca5a2-55db-4efd-8b7f-8a266599827f, command=[]} | ret=SUCCESS |  
2019-08-21 01:03:12,876 | ERROR | DNAudit | user=null | ip=null | op=WRITE_CHUNK {blockData=conID: 1 locID: 102652272185638926 bcsId: 13} | ret=FAILURE | org.apache.hadoop.hdds.scm.container.common.helpers.ContainerNotOpenException: Container 1 in CLOSING state
	at org.apache.hadoop.ozone.container.common.impl.HddsDispatcher.validateContainerCommand(HddsDispatcher.java:408)
	at org.apache.hadoop.ozone.container.common.transport.server.ratis.ContainerStateMachine.startTransaction(ContainerStateMachine.java:309) 
2019-08-21 01:03:12,899 [grpc-default-executor-7] INFO  client.GrpcClientProtocolClient (GrpcClientProtocolClient.java:onNext(255)) - client-B5CAA62F7100->da6cf7a5-fd86-493b-8551-65e1ed8dd98c: receive RaftClientReply:client-B5CAA62F7100->da6cf7a5-fd86-493b-8551-65e1ed8dd98c@group-3528105455D3, cid=184, FAILED org.apache.ratis.protocol.StateMachineException: org.apache.hadoop.hdds.scm.container.common.helpers.ContainerNotOpenException from Server da6cf7a5-fd86-493b-8551-65e1ed8dd98c: Container 1 in CLOSING state, logIndex=0, commits[da6cf7a5-fd86-493b-8551-65e1ed8dd98c:c17, f7fc252f-131b-479f-9e1d-bf8bc8cd8a61:c16, 0fe1d74e-166c-4d98-8cc5-3a12f218ca10:c15]
2019-08-21 01:03:12,902 | ERROR | DNAudit | user=null | ip=null | op=WRITE_CHUNK {blockData=conID: 1 locID: 102652272185638926 bcsId: 13} | ret=FAILURE | org.apache.hadoop.hdds.scm.container.common.helpers.ContainerNotOpenException: Container 1 in CLOSING state
	at org.apache.hadoop.ozone.container.common.impl.HddsDispatcher.validateContainerCommand(HddsDispatcher.java:408)
	at org.apache.hadoop.ozone.container.common.transport.server.ratis.ContainerStateMachine.startTransaction(ContainerStateMachine.java:309) 
2019-08-21 01:03:12,915 | ERROR | DNAudit | user=null | ip=null | op=PUT_BLOCK {blockData=[blockId=conID: 1 locID: 102652272185638926 bcsId: 0,size=650]} | ret=FAILURE | org.apache.hadoop.hdds.scm.container.common.helpers.ContainerNotOpenException: Container 1 in CLOSING state
	at org.apache.hadoop.ozone.container.common.impl.HddsDispatcher.validateContainerCommand(HddsDispatcher.java:408)
	at org.apache.hadoop.ozone.container.common.transport.server.ratis.ContainerStateMachine.startTransaction(ContainerStateMachine.java:309) 
2019-08-21 01:03:12,916 [grpc-default-executor-7] INFO  client.GrpcClientProtocolClient (GrpcClientProtocolClient.java:onNext(255)) - client-B5CAA62F7100->da6cf7a5-fd86-493b-8551-65e1ed8dd98c: receive RaftClientReply:client-B5CAA62F7100->da6cf7a5-fd86-493b-8551-65e1ed8dd98c@group-3528105455D3, cid=185, FAILED org.apache.ratis.protocol.StateMachineException: org.apache.hadoop.hdds.scm.container.common.helpers.ContainerNotOpenException from Server da6cf7a5-fd86-493b-8551-65e1ed8dd98c: Container 1 in CLOSING state, logIndex=0, commits[da6cf7a5-fd86-493b-8551-65e1ed8dd98c:c17, f7fc252f-131b-479f-9e1d-bf8bc8cd8a61:c16, 0fe1d74e-166c-4d98-8cc5-3a12f218ca10:c15]
2019-08-21 01:03:12,916 | ERROR | DNAudit | user=null | ip=null | op=WRITE_CHUNK {blockData=conID: 1 locID: 102652272185638926 bcsId: 13} | ret=FAILURE | org.apache.hadoop.hdds.scm.container.common.helpers.ContainerNotOpenException: Container 1 in CLOSING state
	at org.apache.hadoop.ozone.container.common.impl.HddsDispatcher.validateContainerCommand(HddsDispatcher.java:408)
	at org.apache.hadoop.ozone.container.common.transport.server.ratis.ContainerStateMachine.startTransaction(ContainerStateMachine.java:309) 
2019-08-21 01:03:12,923 | ERROR | DNAudit | user=null | ip=null | op=WRITE_CHUNK {blockData=conID: 1 locID: 102652272185638926 bcsId: 13} | ret=FAILURE | org.apache.hadoop.hdds.scm.container.common.helpers.ContainerNotOpenException: Container 1 in CLOSING state
	at org.apache.hadoop.ozone.container.common.impl.HddsDispatcher.validateContainerCommand(HddsDispatcher.java:408)
	at org.apache.hadoop.ozone.container.common.transport.server.ratis.ContainerStateMachine.startTransaction(ContainerStateMachine.java:309) 
2019-08-21 01:03:12,927 [grpc-default-executor-7] INFO  client.GrpcClientProtocolClient (GrpcClientProtocolClient.java:onNext(255)) - client-B5CAA62F7100->da6cf7a5-fd86-493b-8551-65e1ed8dd98c: receive RaftClientReply:client-B5CAA62F7100->da6cf7a5-fd86-493b-8551-65e1ed8dd98c@group-3528105455D3, cid=186, FAILED org.apache.ratis.protocol.StateMachineException: org.apache.hadoop.hdds.scm.container.common.helpers.ContainerNotOpenException from Server da6cf7a5-fd86-493b-8551-65e1ed8dd98c: Container 1 in CLOSING state, logIndex=0, commits[da6cf7a5-fd86-493b-8551-65e1ed8dd98c:c17, f7fc252f-131b-479f-9e1d-bf8bc8cd8a61:c16, 0fe1d74e-166c-4d98-8cc5-3a12f218ca10:c15]
2019-08-21 01:03:12,931 | ERROR | DNAudit | user=null | ip=null | op=PUT_BLOCK {blockData=[blockId=conID: 1 locID: 102652272185638926 bcsId: 0,size=800]} | ret=FAILURE | org.apache.hadoop.hdds.scm.container.common.helpers.ContainerNotOpenException: Container 1 in CLOSING state
	at org.apache.hadoop.ozone.container.common.impl.HddsDispatcher.validateContainerCommand(HddsDispatcher.java:408)
	at org.apache.hadoop.ozone.container.common.transport.server.ratis.ContainerStateMachine.startTransaction(ContainerStateMachine.java:309) 
2019-08-21 01:03:12,943 [grpc-default-executor-7] INFO  client.GrpcClientProtocolClient (GrpcClientProtocolClient.java:onNext(255)) - client-B5CAA62F7100->da6cf7a5-fd86-493b-8551-65e1ed8dd98c: receive RaftClientReply:client-B5CAA62F7100->da6cf7a5-fd86-493b-8551-65e1ed8dd98c@group-3528105455D3, cid=187, FAILED org.apache.ratis.protocol.StateMachineException: org.apache.hadoop.hdds.scm.container.common.helpers.ContainerNotOpenException from Server da6cf7a5-fd86-493b-8551-65e1ed8dd98c: Container 1 in CLOSING state, logIndex=0, commits[da6cf7a5-fd86-493b-8551-65e1ed8dd98c:c17, f7fc252f-131b-479f-9e1d-bf8bc8cd8a61:c16, 0fe1d74e-166c-4d98-8cc5-3a12f218ca10:c15]
2019-08-21 01:03:12,944 [grpc-default-executor-7] INFO  client.GrpcClientProtocolClient (GrpcClientProtocolClient.java:onNext(255)) - client-B5CAA62F7100->da6cf7a5-fd86-493b-8551-65e1ed8dd98c: receive RaftClientReply:client-B5CAA62F7100->da6cf7a5-fd86-493b-8551-65e1ed8dd98c@group-3528105455D3, cid=188, FAILED org.apache.ratis.protocol.StateMachineException: org.apache.hadoop.hdds.scm.container.common.helpers.ContainerNotOpenException from Server da6cf7a5-fd86-493b-8551-65e1ed8dd98c: Container 1 in CLOSING state, logIndex=0, commits[da6cf7a5-fd86-493b-8551-65e1ed8dd98c:c17, f7fc252f-131b-479f-9e1d-bf8bc8cd8a61:c16, 0fe1d74e-166c-4d98-8cc5-3a12f218ca10:c15]
2019-08-21 01:03:12,946 [grpc-default-executor-7] INFO  client.GrpcClientProtocolClient (GrpcClientProtocolClient.java:onNext(255)) - client-B5CAA62F7100->da6cf7a5-fd86-493b-8551-65e1ed8dd98c: receive RaftClientReply:client-B5CAA62F7100->da6cf7a5-fd86-493b-8551-65e1ed8dd98c@group-3528105455D3, cid=189, FAILED org.apache.ratis.protocol.StateMachineException: org.apache.hadoop.hdds.scm.container.common.helpers.ContainerNotOpenException from Server da6cf7a5-fd86-493b-8551-65e1ed8dd98c: Container 1 in CLOSING state, logIndex=0, commits[da6cf7a5-fd86-493b-8551-65e1ed8dd98c:c17, f7fc252f-131b-479f-9e1d-bf8bc8cd8a61:c16, 0fe1d74e-166c-4d98-8cc5-3a12f218ca10:c15]
2019-08-21 01:03:12,984 | INFO  | SCMAudit | user=jenkins1000 | ip=192.168.34.10 | op=ALLOCATE_BLOCK {owner=3cd6713e-455c-4986-9e28-5c8b1643dbf5, size=800, type=RATIS, factor=THREE} | ret=SUCCESS |  
2019-08-21 01:03:12,985 | INFO  | OMAudit | user=jenkins1000 | ip=127.0.0.1 | op=ALLOCATE_BLOCK {volume=testblockoutputstream, bucket=testblockoutputstream, key=a43dcc7b-9ef6-4793-9d2e-6bda93124094, dataSize=0, replicationType=null, replicationFactor=null, keyLocationInfo=null, clientID=102652272185507853} | ret=SUCCESS |  
2019-08-21 01:03:12,995 [grpc-default-executor-5] INFO  client.GrpcClientProtocolClient (GrpcClientProtocolClient.java:onNext(255)) - client-5B21E5DC14AE->a8f43d7f-8ab9-4263-bc60-233f29780d16: receive RaftClientReply:client-5B21E5DC14AE->a8f43d7f-8ab9-4263-bc60-233f29780d16@group-4D5979CA93C7, cid=190, FAILED org.apache.ratis.protocol.NotLeaderException: Server a8f43d7f-8ab9-4263-bc60-233f29780d16 is not the leader (24a30f30-831a-4833-93ea-707e8199d09b:192.168.34.10:34461). Request must be sent to leader., logIndex=0, commits[a8f43d7f-8ab9-4263-bc60-233f29780d16:c0, fccca5a2-55db-4efd-8b7f-8a266599827f:c0, 24a30f30-831a-4833-93ea-707e8199d09b:c0]
2019-08-21 01:03:13,015 | INFO  | SCMAudit | user=jenkins1000 | ip=192.168.34.10 | op=SEND_HEARTBEAT {datanodeUUID=853a8d38-210a-40e1-a500-60344a22ce2b, command=[]} | ret=SUCCESS |  
2019-08-21 01:03:13,169 | INFO  | DNAudit | user=null | ip=null | op=WRITE_CHUNK {blockData=conID: 2 locID: 102652273818599439 bcsId: 0} | ret=SUCCESS |  
2019-08-21 01:03:13,169 | INFO  | DNAudit | user=null | ip=null | op=WRITE_CHUNK {blockData=conID: 2 locID: 102652273818599439 bcsId: 0} | ret=SUCCESS |  
2019-08-21 01:03:13,169 | INFO  | DNAudit | user=null | ip=null | op=WRITE_CHUNK {blockData=conID: 2 locID: 102652273818599439 bcsId: 0} | ret=SUCCESS |  
2019-08-21 01:03:13,169 | INFO  | SCMAudit | user=jenkins1000 | ip=192.168.34.10 | op=SEND_HEARTBEAT {datanodeUUID=a8f43d7f-8ab9-4263-bc60-233f29780d16, command=[]} | ret=SUCCESS |  
2019-08-21 01:03:13,169 | INFO  | SCMAudit | user=jenkins1000 | ip=192.168.34.10 | op=SEND_HEARTBEAT {datanodeUUID=fccca5a2-55db-4efd-8b7f-8a266599827f, command=[]} | ret=SUCCESS |  
2019-08-21 01:03:13,169 | INFO  | SCMAudit | user=jenkins1000 | ip=192.168.34.10 | op=SEND_HEARTBEAT {datanodeUUID=24a30f30-831a-4833-93ea-707e8199d09b, command=[]} | ret=SUCCESS |  
2019-08-21 01:03:13,183 | INFO  | DNAudit | user=null | ip=null | op=WRITE_CHUNK {blockData=conID: 2 locID: 102652273818599439 bcsId: 0} | ret=SUCCESS |  
2019-08-21 01:03:13,186 [grpc-default-executor-7] INFO  client.GrpcClientProtocolClient (GrpcClientProtocolClient.java:onNext(255)) - client-5B21E5DC14AE->24a30f30-831a-4833-93ea-707e8199d09b: receive RaftClientReply:client-5B21E5DC14AE->24a30f30-831a-4833-93ea-707e8199d09b@group-4D5979CA93C7, cid=190, SUCCESS, logIndex=1, commits[24a30f30-831a-4833-93ea-707e8199d09b:c1, fccca5a2-55db-4efd-8b7f-8a266599827f:c0, a8f43d7f-8ab9-4263-bc60-233f29780d16:c0]
2019-08-21 01:03:13,189 | INFO  | DNAudit | user=null | ip=null | op=WRITE_CHUNK {blockData=conID: 2 locID: 102652273818599439 bcsId: 0} | ret=SUCCESS |  
2019-08-21 01:03:13,191 | INFO  | DNAudit | user=null | ip=null | op=WRITE_CHUNK {blockData=conID: 2 locID: 102652273818599439 bcsId: 0} | ret=SUCCESS |  
2019-08-21 01:03:13,191 | INFO  | DNAudit | user=null | ip=null | op=WRITE_CHUNK {blockData=conID: 2 locID: 102652273818599439 bcsId: 0} | ret=SUCCESS |  
2019-08-21 01:03:13,191 | INFO  | DNAudit | user=null | ip=null | op=WRITE_CHUNK {blockData=conID: 2 locID: 102652273818599439 bcsId: 0} | ret=SUCCESS |  
2019-08-21 01:03:13,192 | INFO  | DNAudit | user=null | ip=null | op=WRITE_CHUNK {blockData=conID: 2 locID: 102652273818599439 bcsId: 0} | ret=SUCCESS |  
2019-08-21 01:03:13,192 | INFO  | DNAudit | user=null | ip=null | op=WRITE_CHUNK {blockData=conID: 2 locID: 102652273818599439 bcsId: 0} | ret=SUCCESS |  
2019-08-21 01:03:13,192 | INFO  | DNAudit | user=null | ip=null | op=WRITE_CHUNK {blockData=conID: 2 locID: 102652273818599439 bcsId: 0} | ret=SUCCESS |  
2019-08-21 01:03:13,193 | INFO  | DNAudit | user=null | ip=null | op=WRITE_CHUNK {blockData=conID: 2 locID: 102652273818599439 bcsId: 0} | ret=SUCCESS |  
2019-08-21 01:03:13,193 | INFO  | DNAudit | user=null | ip=null | op=WRITE_CHUNK {blockData=conID: 2 locID: 102652273818599439 bcsId: 0} | ret=SUCCESS |  
2019-08-21 01:03:13,194 | INFO  | DNAudit | user=null | ip=null | op=WRITE_CHUNK {blockData=conID: 2 locID: 102652273818599439 bcsId: 0} | ret=SUCCESS |  
2019-08-21 01:03:13,195 | INFO  | DNAudit | user=null | ip=null | op=WRITE_CHUNK {blockData=conID: 2 locID: 102652273818599439 bcsId: 0} | ret=SUCCESS |  
2019-08-21 01:03:13,196 | INFO  | DNAudit | user=null | ip=null | op=WRITE_CHUNK {blockData=conID: 2 locID: 102652273818599439 bcsId: 0} | ret=SUCCESS |  
2019-08-21 01:03:13,200 [grpc-default-executor-7] INFO  client.GrpcClientProtocolClient (GrpcClientProtocolClient.java:onNext(255)) - client-5B21E5DC14AE->24a30f30-831a-4833-93ea-707e8199d09b: receive RaftClientReply:client-5B21E5DC14AE->24a30f30-831a-4833-93ea-707e8199d09b@group-4D5979CA93C7, cid=191, SUCCESS, logIndex=3, commits[24a30f30-831a-4833-93ea-707e8199d09b:c6, fccca5a2-55db-4efd-8b7f-8a266599827f:c1, a8f43d7f-8ab9-4263-bc60-233f29780d16:c1]
2019-08-21 01:03:13,220 | INFO  | DNAudit | user=null | ip=null | op=WRITE_CHUNK {blockData=conID: 2 locID: 102652273818599439 bcsId: 0} | ret=SUCCESS |  
2019-08-21 01:03:13,220 | INFO  | DNAudit | user=null | ip=null | op=WRITE_CHUNK {blockData=conID: 2 locID: 102652273818599439 bcsId: 0} | ret=SUCCESS |  
2019-08-21 01:03:13,242 | INFO  | DNAudit | user=null | ip=null | op=PUT_BLOCK {blockData=[blockId=conID: 2 locID: 102652273818599439 bcsId: 0,size=200]} | ret=SUCCESS |  
2019-08-21 01:03:13,242 | INFO  | DNAudit | user=null | ip=null | op=WRITE_CHUNK {blockData=conID: 2 locID: 102652273818599439 bcsId: 0} | ret=SUCCESS |  
2019-08-21 01:03:13,243 [grpc-default-executor-7] INFO  client.GrpcClientProtocolClient (GrpcClientProtocolClient.java:onNext(255)) - client-5B21E5DC14AE->24a30f30-831a-4833-93ea-707e8199d09b: receive RaftClientReply:client-5B21E5DC14AE->24a30f30-831a-4833-93ea-707e8199d09b@group-4D5979CA93C7, cid=192, SUCCESS, logIndex=4, commits[24a30f30-831a-4833-93ea-707e8199d09b:c12, fccca5a2-55db-4efd-8b7f-8a266599827f:c7, a8f43d7f-8ab9-4263-bc60-233f29780d16:c7]
2019-08-21 01:03:13,243 | INFO  | DNAudit | user=null | ip=null | op=WRITE_CHUNK {blockData=conID: 2 locID: 102652273818599439 bcsId: 0} | ret=SUCCESS |  
2019-08-21 01:03:13,243 [grpc-default-executor-7] INFO  client.GrpcClientProtocolClient (GrpcClientProtocolClient.java:onNext(255)) - client-5B21E5DC14AE->24a30f30-831a-4833-93ea-707e8199d09b: receive RaftClientReply:client-5B21E5DC14AE->24a30f30-831a-4833-93ea-707e8199d09b@group-4D5979CA93C7, cid=193, SUCCESS, logIndex=5, commits[24a30f30-831a-4833-93ea-707e8199d09b:c12, fccca5a2-55db-4efd-8b7f-8a266599827f:c7, a8f43d7f-8ab9-4263-bc60-233f29780d16:c7]
2019-08-21 01:03:13,244 [grpc-default-executor-7] INFO  client.GrpcClientProtocolClient (GrpcClientProtocolClient.java:onNext(255)) - client-5B21E5DC14AE->24a30f30-831a-4833-93ea-707e8199d09b: receive RaftClientReply:client-5B21E5DC14AE->24a30f30-831a-4833-93ea-707e8199d09b@group-4D5979CA93C7, cid=194, SUCCESS, logIndex=6, commits[24a30f30-831a-4833-93ea-707e8199d09b:c12, fccca5a2-55db-4efd-8b7f-8a266599827f:c7, a8f43d7f-8ab9-4263-bc60-233f29780d16:c7]
2019-08-21 01:03:13,291 | INFO  | DNAudit | user=null | ip=null | op=PUT_BLOCK {blockData=[blockId=conID: 2 locID: 102652273818599439 bcsId: 0,size=200]} | ret=SUCCESS |  
2019-08-21 01:03:13,291 | INFO  | DNAudit | user=null | ip=null | op=WRITE_CHUNK {blockData=conID: 2 locID: 102652273818599439 bcsId: 0} | ret=SUCCESS |  
2019-08-21 01:03:13,292 | INFO  | DNAudit | user=null | ip=null | op=WRITE_CHUNK {blockData=conID: 2 locID: 102652273818599439 bcsId: 0} | ret=SUCCESS |  
2019-08-21 01:03:13,311 | INFO  | DNAudit | user=null | ip=null | op=PUT_BLOCK {blockData=[blockId=conID: 2 locID: 102652273818599439 bcsId: 0,size=400]} | ret=SUCCESS |  
2019-08-21 01:03:13,311 | INFO  | DNAudit | user=null | ip=null | op=PUT_BLOCK {blockData=[blockId=conID: 2 locID: 102652273818599439 bcsId: 0,size=400]} | ret=SUCCESS |  
2019-08-21 01:03:13,311 | INFO  | DNAudit | user=null | ip=null | op=PUT_BLOCK {blockData=[blockId=conID: 2 locID: 102652273818599439 bcsId: 0,size=200]} | ret=SUCCESS |  
2019-08-21 01:03:13,312 | INFO  | DNAudit | user=null | ip=null | op=WRITE_CHUNK {blockData=conID: 2 locID: 102652273818599439 bcsId: 0} | ret=SUCCESS |  
2019-08-21 01:03:13,312 | INFO  | DNAudit | user=null | ip=null | op=WRITE_CHUNK {blockData=conID: 2 locID: 102652273818599439 bcsId: 0} | ret=SUCCESS |  
2019-08-21 01:03:13,312 [grpc-default-executor-7] INFO  client.GrpcClientProtocolClient (GrpcClientProtocolClient.java:onNext(255)) - client-5B21E5DC14AE->24a30f30-831a-4833-93ea-707e8199d09b: receive RaftClientReply:client-5B21E5DC14AE->24a30f30-831a-4833-93ea-707e8199d09b@group-4D5979CA93C7, cid=195, SUCCESS, logIndex=7, commits[24a30f30-831a-4833-93ea-707e8199d09b:c12, fccca5a2-55db-4efd-8b7f-8a266599827f:c7, a8f43d7f-8ab9-4263-bc60-233f29780d16:c7]
2019-08-21 01:03:13,313 | INFO  | DNAudit | user=null | ip=null | op=PUT_BLOCK {blockData=[blockId=conID: 2 locID: 102652273818599439 bcsId: 0,size=400]} | ret=SUCCESS |  
2019-08-21 01:03:13,319 | INFO  | DNAudit | user=null | ip=null | op=WRITE_CHUNK {blockData=conID: 2 locID: 102652273818599439 bcsId: 7} | ret=SUCCESS |  
2019-08-21 01:03:13,320 | INFO  | DNAudit | user=null | ip=null | op=WRITE_CHUNK {blockData=conID: 2 locID: 102652273818599439 bcsId: 7} | ret=SUCCESS |  
2019-08-21 01:03:13,320 | INFO  | DNAudit | user=null | ip=null | op=WRITE_CHUNK {blockData=conID: 2 locID: 102652273818599439 bcsId: 7} | ret=SUCCESS |  
2019-08-21 01:03:13,338 | INFO  | DNAudit | user=null | ip=null | op=WRITE_CHUNK {blockData=conID: 2 locID: 102652273818599439 bcsId: 7} | ret=SUCCESS |  
2019-08-21 01:03:13,339 | INFO  | DNAudit | user=null | ip=null | op=PUT_BLOCK {blockData=[blockId=conID: 2 locID: 102652273818599439 bcsId: 0,size=450]} | ret=SUCCESS |  
2019-08-21 01:03:13,339 [grpc-default-executor-5] INFO  client.GrpcClientProtocolClient (GrpcClientProtocolClient.java:onNext(255)) - client-5B21E5DC14AE->24a30f30-831a-4833-93ea-707e8199d09b: receive RaftClientReply:client-5B21E5DC14AE->24a30f30-831a-4833-93ea-707e8199d09b@group-4D5979CA93C7, cid=196, SUCCESS, logIndex=13, commits[24a30f30-831a-4833-93ea-707e8199d09b:c14, fccca5a2-55db-4efd-8b7f-8a266599827f:c12, a8f43d7f-8ab9-4263-bc60-233f29780d16:c12]
2019-08-21 01:03:13,340 [grpc-default-executor-5] INFO  client.GrpcClientProtocolClient (GrpcClientProtocolClient.java:onNext(255)) - client-5B21E5DC14AE->24a30f30-831a-4833-93ea-707e8199d09b: receive RaftClientReply:client-5B21E5DC14AE->24a30f30-831a-4833-93ea-707e8199d09b@group-4D5979CA93C7, cid=197, SUCCESS, logIndex=14, commits[24a30f30-831a-4833-93ea-707e8199d09b:c14, fccca5a2-55db-4efd-8b7f-8a266599827f:c12, a8f43d7f-8ab9-4263-bc60-233f29780d16:c12]
2019-08-21 01:03:13,348 | INFO  | DNAudit | user=null | ip=null | op=WRITE_CHUNK {blockData=conID: 2 locID: 102652273818599439 bcsId: 7} | ret=SUCCESS |  
2019-08-21 01:03:13,348 | INFO  | DNAudit | user=null | ip=null | op=WRITE_CHUNK {blockData=conID: 2 locID: 102652273818599439 bcsId: 7} | ret=SUCCESS |  
2019-08-21 01:03:13,351 | INFO  | DNAudit | user=null | ip=null | op=PUT_BLOCK {blockData=[blockId=conID: 2 locID: 102652273818599439 bcsId: 0,size=450]} | ret=SUCCESS |  
2019-08-21 01:03:13,351 | INFO  | DNAudit | user=null | ip=null | op=PUT_BLOCK {blockData=[blockId=conID: 2 locID: 102652273818599439 bcsId: 0,size=450]} | ret=SUCCESS |  
2019-08-21 01:03:13,352 [grpc-default-executor-5] INFO  client.GrpcClientProtocolClient (GrpcClientProtocolClient.java:onNext(255)) - client-5B21E5DC14AE->24a30f30-831a-4833-93ea-707e8199d09b: receive RaftClientReply:client-5B21E5DC14AE->24a30f30-831a-4833-93ea-707e8199d09b@group-4D5979CA93C7, cid=198, SUCCESS, logIndex=0, commits[24a30f30-831a-4833-93ea-707e8199d09b:c15, fccca5a2-55db-4efd-8b7f-8a266599827f:c14, a8f43d7f-8ab9-4263-bc60-233f29780d16:c14]
2019-08-21 01:03:13,353 [main] INFO  ozone.MiniOzoneClusterImpl (MiniOzoneClusterImpl.java:shutdown(321)) - Shutting down the Mini Ozone Cluster
2019-08-21 01:03:13,354 | INFO  | SCMAudit | user=null | ip=null | op=GET_SCM_INFO null | ret=SUCCESS |  
2019-08-21 01:03:13,354 [main] INFO  ozone.MiniOzoneClusterImpl (MiniOzoneClusterImpl.java:stop(336)) - Stopping the Mini Ozone Cluster
2019-08-21 01:03:13,354 [main] INFO  ozone.MiniOzoneClusterImpl (MiniOzoneClusterImpl.java:stop(338)) - Stopping the OzoneManager
2019-08-21 01:03:13,354 [main] INFO  ipc.Server (Server.java:stop(3082)) - Stopping server on 34558
2019-08-21 01:03:13,374 [main] INFO  ratis.OzoneManagerDoubleBuffer (OzoneManagerDoubleBuffer.java:stop(248)) - Stopping OMDoubleBuffer flush thread
2019-08-21 01:03:13,374 [IPC Server listener on 34558] INFO  ipc.Server (Server.java:run(1185)) - Stopping IPC Server listener on 34558
2019-08-21 01:03:13,374 [IPC Server Responder] INFO  ipc.Server (Server.java:run(1319)) - Stopping IPC Server Responder
2019-08-21 01:03:13,378 [OMDoubleBufferFlushThread] INFO  ratis.OzoneManagerDoubleBuffer (OzoneManagerDoubleBuffer.java:flushTransactions(191)) - OMDoubleBuffer flush thread OMDoubleBufferFlushThread is interrupted and will exit. OMDoubleBufferFlushThread
2019-08-21 01:03:13,391 [main] INFO  utils.BackgroundService (BackgroundService.java:shutdown(148)) - Shutting down service KeyDeletingService
2019-08-21 01:03:13,393 [main] INFO  handler.ContextHandler (ContextHandler.java:doStop(910)) - Stopped o.e.j.w.WebAppContext@354baab2{/,null,UNAVAILABLE}{/ozoneManager}
2019-08-21 01:03:13,394 [main] INFO  server.AbstractConnector (AbstractConnector.java:doStop(318)) - Stopped ServerConnector@30be6a05{HTTP/1.1,[http/1.1]}{0.0.0.0:0}
2019-08-21 01:03:13,395 [main] INFO  handler.ContextHandler (ContextHandler.java:doStop(910)) - Stopped o.e.j.s.ServletContextHandler@52b2713a{/static,file:///workdir/hadoop-ozone/integration-test/target/test-classes/webapps/static,UNAVAILABLE}
2019-08-21 01:03:13,395 [main] INFO  handler.ContextHandler (ContextHandler.java:doStop(910)) - Stopped o.e.j.s.ServletContextHandler@73418044{/logs,file:///workdir/hadoop-ozone/integration-test/target/log,UNAVAILABLE}
2019-08-21 01:03:13,399 [main] INFO  ozone.MiniOzoneClusterImpl (MiniOzoneClusterImpl.java:stop(344)) - Shutting the HddsDatanodes
2019-08-21 01:03:13,399 [main] INFO  datanode.ObjectStoreHandler (ObjectStoreHandler.java:close(155)) - Closing ObjectStoreHandler.
2019-08-21 01:03:13,399 [ForkJoinPool.commonPool-worker-0] INFO  datanode.ObjectStoreHandler (ObjectStoreHandler.java:close(155)) - Closing ObjectStoreHandler.
2019-08-21 01:03:13,400 [main] INFO  ozone.HddsDatanodeService (HddsDatanodeService.java:stop(451)) - Stopped plug-in org.apache.hadoop.ozone.web.OzoneHddsDatanodeService@5ebd80f8
2019-08-21 01:03:13,400 [ForkJoinPool.commonPool-worker-0] INFO  ozone.HddsDatanodeService (HddsDatanodeService.java:stop(451)) - Stopped plug-in org.apache.hadoop.ozone.web.OzoneHddsDatanodeService@2b6d9650
2019-08-21 01:03:13,419 [Datanode State Machine Thread - 0] INFO  statemachine.DatanodeStateMachine (DatanodeStateMachine.java:lambda$startDaemon$0(350)) - Ozone container server started.
2019-08-21 01:03:13,419 | INFO  | SCMAudit | user=jenkins1000 | ip=192.168.34.10 | op=SEND_HEARTBEAT {datanodeUUID=f7fc252f-131b-479f-9e1d-bf8bc8cd8a61, command=[]} | ret=SUCCESS |  
2019-08-21 01:03:14,015 | INFO  | SCMAudit | user=jenkins1000 | ip=192.168.34.10 | op=SEND_HEARTBEAT {datanodeUUID=853a8d38-210a-40e1-a500-60344a22ce2b, command=[]} | ret=SUCCESS |  
2019-08-21 01:03:14,166 [Datanode State Machine Thread - 0] INFO  statemachine.DatanodeStateMachine (DatanodeStateMachine.java:lambda$startDaemon$0(350)) - Ozone container server started.
2019-08-21 01:03:14,166 | INFO  | SCMAudit | user=jenkins1000 | ip=192.168.34.10 | op=SEND_HEARTBEAT {datanodeUUID=a8f43d7f-8ab9-4263-bc60-233f29780d16, command=[]} | ret=SUCCESS |  
2019-08-21 01:03:14,167 | INFO  | SCMAudit | user=jenkins1000 | ip=192.168.34.10 | op=SEND_HEARTBEAT {datanodeUUID=fccca5a2-55db-4efd-8b7f-8a266599827f, command=[]} | ret=SUCCESS |  
2019-08-21 01:03:14,420 | INFO  | SCMAudit | user=jenkins1000 | ip=192.168.34.10 | op=SEND_HEARTBEAT {datanodeUUID=f7fc252f-131b-479f-9e1d-bf8bc8cd8a61, command=[]} | ret=SUCCESS |  
2019-08-21 01:03:14,592 [grpc-default-executor-5] WARN  server.GrpcLogAppender (LogUtils.java:warn(134)) - da6cf7a5-fd86-493b-8551-65e1ed8dd98c->0fe1d74e-166c-4d98-8cc5-3a12f218ca10: Failed appendEntries: org.apache.ratis.thirdparty.io.grpc.StatusRuntimeException: UNAVAILABLE: io exception
2019-08-21 01:03:14,592 [grpc-default-executor-5] INFO  impl.FollowerInfo (FollowerInfo.java:lambda$new$0(50)) - da6cf7a5-fd86-493b-8551-65e1ed8dd98c->0fe1d74e-166c-4d98-8cc5-3a12f218ca10: nextIndex: updateUnconditionally 1 -> 0
2019-08-21 01:03:15,015 | INFO  | SCMAudit | user=jenkins1000 | ip=192.168.34.10 | op=SEND_HEARTBEAT {datanodeUUID=853a8d38-210a-40e1-a500-60344a22ce2b, command=[]} | ret=SUCCESS |  
2019-08-21 01:03:15,166 | INFO  | SCMAudit | user=jenkins1000 | ip=192.168.34.10 | op=SEND_HEARTBEAT {datanodeUUID=a8f43d7f-8ab9-4263-bc60-233f29780d16, command=[]} | ret=SUCCESS |  
2019-08-21 01:03:15,167 | INFO  | SCMAudit | user=jenkins1000 | ip=192.168.34.10 | op=SEND_HEARTBEAT {datanodeUUID=fccca5a2-55db-4efd-8b7f-8a266599827f, command=[]} | ret=SUCCESS |  
2019-08-21 01:03:15,420 | INFO  | SCMAudit | user=jenkins1000 | ip=192.168.34.10 | op=SEND_HEARTBEAT {datanodeUUID=f7fc252f-131b-479f-9e1d-bf8bc8cd8a61, command=[]} | ret=SUCCESS |  
2019-08-21 01:03:16,016 | INFO  | SCMAudit | user=jenkins1000 | ip=192.168.34.10 | op=SEND_HEARTBEAT {datanodeUUID=853a8d38-210a-40e1-a500-60344a22ce2b, command=[]} | ret=SUCCESS |  
2019-08-21 01:03:16,166 | INFO  | SCMAudit | user=jenkins1000 | ip=192.168.34.10 | op=SEND_HEARTBEAT {datanodeUUID=fccca5a2-55db-4efd-8b7f-8a266599827f, command=[]} | ret=SUCCESS |  
2019-08-21 01:03:16,166 | INFO  | SCMAudit | user=jenkins1000 | ip=192.168.34.10 | op=SEND_HEARTBEAT {datanodeUUID=a8f43d7f-8ab9-4263-bc60-233f29780d16, command=[]} | ret=SUCCESS |  
2019-08-21 01:03:16,420 | INFO  | SCMAudit | user=jenkins1000 | ip=192.168.34.10 | op=SEND_HEARTBEAT {datanodeUUID=f7fc252f-131b-479f-9e1d-bf8bc8cd8a61, command=[]} | ret=SUCCESS |  
2019-08-21 01:03:17,016 | INFO  | SCMAudit | user=jenkins1000 | ip=192.168.34.10 | op=SEND_HEARTBEAT {datanodeUUID=853a8d38-210a-40e1-a500-60344a22ce2b, command=[]} | ret=SUCCESS |  
2019-08-21 01:03:17,092 [grpc-default-executor-7] WARN  server.GrpcLogAppender (LogUtils.java:warn(134)) - da6cf7a5-fd86-493b-8551-65e1ed8dd98c->0fe1d74e-166c-4d98-8cc5-3a12f218ca10: Failed appendEntries: org.apache.ratis.thirdparty.io.grpc.StatusRuntimeException: UNAVAILABLE: io exception
2019-08-21 01:03:17,093 [grpc-default-executor-7] INFO  impl.FollowerInfo (FollowerInfo.java:lambda$new$0(50)) - da6cf7a5-fd86-493b-8551-65e1ed8dd98c->0fe1d74e-166c-4d98-8cc5-3a12f218ca10: nextIndex: updateUnconditionally 0 -> 0
2019-08-21 01:03:17,166 | INFO  | SCMAudit | user=jenkins1000 | ip=192.168.34.10 | op=SEND_HEARTBEAT {datanodeUUID=a8f43d7f-8ab9-4263-bc60-233f29780d16, command=[]} | ret=SUCCESS |  
2019-08-21 01:03:17,166 | INFO  | SCMAudit | user=jenkins1000 | ip=192.168.34.10 | op=SEND_HEARTBEAT {datanodeUUID=fccca5a2-55db-4efd-8b7f-8a266599827f, command=[]} | ret=SUCCESS |  
2019-08-21 01:03:17,420 | INFO  | SCMAudit | user=jenkins1000 | ip=192.168.34.10 | op=SEND_HEARTBEAT {datanodeUUID=f7fc252f-131b-479f-9e1d-bf8bc8cd8a61, command=[]} | ret=SUCCESS |  
2019-08-21 01:03:17,449 [EventQueue-StaleNodeForStaleNodeHandler] INFO  node.StaleNodeHandler (StaleNodeHandler.java:onMessage(58)) - Datanode da6cf7a5-fd86-493b-8551-65e1ed8dd98c{ip: 192.168.34.10, host: pr-hdds-1927-qfsst-2448355857, networkLocation: /default-rack, certSerialId: null} moved to stale state. Finalizing its pipelines [PipelineID=c11a4461-9042-434b-a922-cabad8b595b7, PipelineID=8a3425bf-2bba-4f72-9a42-3528105455d3]
2019-08-21 01:03:17,449 [EventQueue-StaleNodeForStaleNodeHandler] INFO  pipeline.SCMPipelineManager (SCMPipelineManager.java:finalizeAndDestroyPipeline(309)) - destroying pipeline:Pipeline[ Id: c11a4461-9042-434b-a922-cabad8b595b7, Nodes: da6cf7a5-fd86-493b-8551-65e1ed8dd98c{ip: 192.168.34.10, host: pr-hdds-1927-qfsst-2448355857, networkLocation: /default-rack, certSerialId: null}, Type:RATIS, Factor:ONE, State:OPEN]
2019-08-21 01:03:17,449 [EventQueue-StaleNodeForStaleNodeHandler] INFO  pipeline.PipelineStateManager (PipelineStateManager.java:finalizePipeline(123)) - Pipeline Pipeline[ Id: c11a4461-9042-434b-a922-cabad8b595b7, Nodes: da6cf7a5-fd86-493b-8551-65e1ed8dd98c{ip: 192.168.34.10, host: pr-hdds-1927-qfsst-2448355857, networkLocation: /default-rack, certSerialId: null}, Type:RATIS, Factor:ONE, State:CLOSED] moved to CLOSED state
2019-08-21 01:03:17,450 [EventQueue-StaleNodeForStaleNodeHandler] INFO  pipeline.SCMPipelineManager (SCMPipelineManager.java:finalizeAndDestroyPipeline(309)) - destroying pipeline:Pipeline[ Id: 8a3425bf-2bba-4f72-9a42-3528105455d3, Nodes: 0fe1d74e-166c-4d98-8cc5-3a12f218ca10{ip: 192.168.34.10, host: pr-hdds-1927-qfsst-2448355857, networkLocation: /default-rack, certSerialId: null}da6cf7a5-fd86-493b-8551-65e1ed8dd98c{ip: 192.168.34.10, host: pr-hdds-1927-qfsst-2448355857, networkLocation: /default-rack, certSerialId: null}f7fc252f-131b-479f-9e1d-bf8bc8cd8a61{ip: 192.168.34.10, host: pr-hdds-1927-qfsst-2448355857, networkLocation: /default-rack, certSerialId: null}, Type:RATIS, Factor:THREE, State:CLOSED]
2019-08-21 01:03:18,016 | INFO  | SCMAudit | user=jenkins1000 | ip=192.168.34.10 | op=SEND_HEARTBEAT {datanodeUUID=853a8d38-210a-40e1-a500-60344a22ce2b, command=[]} | ret=SUCCESS |  
2019-08-21 01:03:18,167 | INFO  | SCMAudit | user=jenkins1000 | ip=192.168.34.10 | op=SEND_HEARTBEAT {datanodeUUID=a8f43d7f-8ab9-4263-bc60-233f29780d16, command=[]} | ret=SUCCESS |  
2019-08-21 01:03:18,167 | INFO  | SCMAudit | user=jenkins1000 | ip=192.168.34.10 | op=SEND_HEARTBEAT {datanodeUUID=fccca5a2-55db-4efd-8b7f-8a266599827f, command=[]} | ret=SUCCESS |  
2019-08-21 01:03:18,250 [EventQueue-StaleNodeForStaleNodeHandler] INFO  node.StaleNodeHandler (StaleNodeHandler.java:onMessage(58)) - Datanode 24a30f30-831a-4833-93ea-707e8199d09b{ip: 192.168.34.10, host: pr-hdds-1927-qfsst-2448355857, networkLocation: /default-rack, certSerialId: null} moved to stale state. Finalizing its pipelines [PipelineID=ca806749-cc70-4e77-b24a-b3ae95af8519, PipelineID=b22549c8-e21d-4f4d-a2c6-4d5979ca93c7]
2019-08-21 01:03:18,250 [EventQueue-StaleNodeForStaleNodeHandler] INFO  pipeline.SCMPipelineManager (SCMPipelineManager.java:finalizeAndDestroyPipeline(309)) - destroying pipeline:Pipeline[ Id: ca806749-cc70-4e77-b24a-b3ae95af8519, Nodes: 24a30f30-831a-4833-93ea-707e8199d09b{ip: 192.168.34.10, host: pr-hdds-1927-qfsst-2448355857, networkLocation: /default-rack, certSerialId: null}, Type:RATIS, Factor:ONE, State:OPEN]
2019-08-21 01:03:18,250 [EventQueue-StaleNodeForStaleNodeHandler] INFO  pipeline.PipelineStateManager (PipelineStateManager.java:finalizePipeline(123)) - Pipeline Pipeline[ Id: ca806749-cc70-4e77-b24a-b3ae95af8519, Nodes: 24a30f30-831a-4833-93ea-707e8199d09b{ip: 192.168.34.10, host: pr-hdds-1927-qfsst-2448355857, networkLocation: /default-rack, certSerialId: null}, Type:RATIS, Factor:ONE, State:CLOSED] moved to CLOSED state
2019-08-21 01:03:18,251 [EventQueue-StaleNodeForStaleNodeHandler] INFO  pipeline.SCMPipelineManager (SCMPipelineManager.java:finalizeAndDestroyPipeline(309)) - destroying pipeline:Pipeline[ Id: b22549c8-e21d-4f4d-a2c6-4d5979ca93c7, Nodes: a8f43d7f-8ab9-4263-bc60-233f29780d16{ip: 192.168.34.10, host: pr-hdds-1927-qfsst-2448355857, networkLocation: /default-rack, certSerialId: null}fccca5a2-55db-4efd-8b7f-8a266599827f{ip: 192.168.34.10, host: pr-hdds-1927-qfsst-2448355857, networkLocation: /default-rack, certSerialId: null}24a30f30-831a-4833-93ea-707e8199d09b{ip: 192.168.34.10, host: pr-hdds-1927-qfsst-2448355857, networkLocation: /default-rack, certSerialId: null}, Type:RATIS, Factor:THREE, State:OPEN]
2019-08-21 01:03:18,251 [EventQueue-StaleNodeForStaleNodeHandler] INFO  pipeline.PipelineStateManager (PipelineStateManager.java:finalizePipeline(123)) - Pipeline Pipeline[ Id: b22549c8-e21d-4f4d-a2c6-4d5979ca93c7, Nodes: a8f43d7f-8ab9-4263-bc60-233f29780d16{ip: 192.168.34.10, host: pr-hdds-1927-qfsst-2448355857, networkLocation: /default-rack, certSerialId: null}fccca5a2-55db-4efd-8b7f-8a266599827f{ip: 192.168.34.10, host: pr-hdds-1927-qfsst-2448355857, networkLocation: /default-rack, certSerialId: null}24a30f30-831a-4833-93ea-707e8199d09b{ip: 192.168.34.10, host: pr-hdds-1927-qfsst-2448355857, networkLocation: /default-rack, certSerialId: null}, Type:RATIS, Factor:THREE, State:CLOSED] moved to CLOSED state
2019-08-21 01:03:18,251 [EventQueue-CloseContainerForCloseContainerEventHandler] INFO  container.CloseContainerEventHandler (CloseContainerEventHandler.java:onMessage(61)) - Close container Event triggered for container : #2
2019-08-21 01:03:18,402 [main] INFO  ozoneimpl.OzoneContainer (OzoneContainer.java:stop(199)) - Attempting to stop container services.
2019-08-21 01:03:18,402 [ForkJoinPool.commonPool-worker-0] INFO  ozoneimpl.OzoneContainer (OzoneContainer.java:stop(199)) - Attempting to stop container services.
2019-08-21 01:03:18,403 [main] INFO  impl.RaftServerProxy (RaftServerProxy.java:lambda$close$4(314)) - 24a30f30-831a-4833-93ea-707e8199d09b: close
2019-08-21 01:03:18,403 [ForkJoinPool.commonPool-worker-0] INFO  impl.RaftServerProxy (RaftServerProxy.java:lambda$close$4(314)) - da6cf7a5-fd86-493b-8551-65e1ed8dd98c: close
2019-08-21 01:03:18,403 [main] INFO  impl.RaftServerImpl (RaftServerImpl.java:lambda$shutdown$3(245)) - 24a30f30-831a-4833-93ea-707e8199d09b: shutdown group-B3AE95AF8519
2019-08-21 01:03:18,404 [ForkJoinPool.commonPool-worker-0] INFO  impl.RaftServerImpl (RaftServerImpl.java:lambda$shutdown$3(245)) - da6cf7a5-fd86-493b-8551-65e1ed8dd98c: shutdown group-CABAD8B595B7
2019-08-21 01:03:18,404 [main] INFO  util.JmxRegister (JmxRegister.java:unregister(73)) - Successfully un-registered JMX Bean with object name Ratis:service=RaftServer,group=group-B3AE95AF8519,id=24a30f30-831a-4833-93ea-707e8199d09b
2019-08-21 01:03:18,404 [ForkJoinPool.commonPool-worker-0] INFO  util.JmxRegister (JmxRegister.java:unregister(73)) - Successfully un-registered JMX Bean with object name Ratis:service=RaftServer,group=group-CABAD8B595B7,id=da6cf7a5-fd86-493b-8551-65e1ed8dd98c
2019-08-21 01:03:18,405 [main] INFO  impl.RoleInfo (RoleInfo.java:shutdownLeaderState(104)) - 24a30f30-831a-4833-93ea-707e8199d09b: shutdown LeaderState
2019-08-21 01:03:18,405 [ForkJoinPool.commonPool-worker-0] INFO  impl.RoleInfo (RoleInfo.java:shutdownLeaderState(104)) - da6cf7a5-fd86-493b-8551-65e1ed8dd98c: shutdown LeaderState
2019-08-21 01:03:18,405 [main] INFO  impl.PendingRequests (PendingRequests.java:sendNotLeaderResponses(202)) - 24a30f30-831a-4833-93ea-707e8199d09b-PendingRequests: sendNotLeaderResponses
2019-08-21 01:03:18,406 [ForkJoinPool.commonPool-worker-0] INFO  impl.PendingRequests (PendingRequests.java:sendNotLeaderResponses(202)) - da6cf7a5-fd86-493b-8551-65e1ed8dd98c-PendingRequests: sendNotLeaderResponses
2019-08-21 01:03:18,406 [main] INFO  impl.StateMachineUpdater (StateMachineUpdater.java:stopAndJoin(115)) - StateMachineUpdater:24a30f30-831a-4833-93ea-707e8199d09b:group-B3AE95AF8519: set stopIndex = 0
2019-08-21 01:03:18,407 [ForkJoinPool.commonPool-worker-0] INFO  impl.StateMachineUpdater (StateMachineUpdater.java:stopAndJoin(115)) - StateMachineUpdater:da6cf7a5-fd86-493b-8551-65e1ed8dd98c:group-CABAD8B595B7: set stopIndex = 0
2019-08-21 01:03:18,407 [main] INFO  impl.RaftServerImpl (ServerState.java:close(394)) - 24a30f30-831a-4833-93ea-707e8199d09b:group-B3AE95AF8519 closes. The last applied log index is 0
2019-08-21 01:03:18,407 [ForkJoinPool.commonPool-worker-0] INFO  impl.RaftServerImpl (ServerState.java:close(394)) - da6cf7a5-fd86-493b-8551-65e1ed8dd98c:group-CABAD8B595B7 closes. The last applied log index is 0
2019-08-21 01:03:18,408 [24a30f30-831a-4833-93ea-707e8199d09b-SegmentedRaftLogWorker:Storage Directory /workdir/hadoop-ozone/integration-test/target/test-dir/MiniOzoneClusterImpl-b121f0fa-5b36-4e30-bdae-6f5cf730914f/datanode-4/data/ratis/ca806749-cc70-4e77-b24a-b3ae95af8519] INFO  segmented.SegmentedRaftLogWorker (SegmentedRaftLogWorker.java:run(313)) - 24a30f30-831a-4833-93ea-707e8199d09b-SegmentedRaftLogWorker:Storage Directory /workdir/hadoop-ozone/integration-test/target/test-dir/MiniOzoneClusterImpl-b121f0fa-5b36-4e30-bdae-6f5cf730914f/datanode-4/data/ratis/ca806749-cc70-4e77-b24a-b3ae95af8519 was interrupted, exiting. There are 0 tasks remaining in the queue.
2019-08-21 01:03:18,408 [da6cf7a5-fd86-493b-8551-65e1ed8dd98c-SegmentedRaftLogWorker:Storage Directory /workdir/hadoop-ozone/integration-test/target/test-dir/MiniOzoneClusterImpl-b121f0fa-5b36-4e30-bdae-6f5cf730914f/datanode-2/data/ratis/c11a4461-9042-434b-a922-cabad8b595b7] INFO  segmented.SegmentedRaftLogWorker (SegmentedRaftLogWorker.java:run(313)) - da6cf7a5-fd86-493b-8551-65e1ed8dd98c-SegmentedRaftLogWorker:Storage Directory /workdir/hadoop-ozone/integration-test/target/test-dir/MiniOzoneClusterImpl-b121f0fa-5b36-4e30-bdae-6f5cf730914f/datanode-2/data/ratis/c11a4461-9042-434b-a922-cabad8b595b7 was interrupted, exiting. There are 0 tasks remaining in the queue.
2019-08-21 01:03:18,413 [main] INFO  segmented.SegmentedRaftLogWorker (SegmentedRaftLogWorker.java:close(228)) - 24a30f30-831a-4833-93ea-707e8199d09b-SegmentedRaftLogWorker:Storage Directory /workdir/hadoop-ozone/integration-test/target/test-dir/MiniOzoneClusterImpl-b121f0fa-5b36-4e30-bdae-6f5cf730914f/datanode-4/data/ratis/ca806749-cc70-4e77-b24a-b3ae95af8519 close()
2019-08-21 01:03:18,413 [ForkJoinPool.commonPool-worker-0] INFO  segmented.SegmentedRaftLogWorker (SegmentedRaftLogWorker.java:close(228)) - da6cf7a5-fd86-493b-8551-65e1ed8dd98c-SegmentedRaftLogWorker:Storage Directory /workdir/hadoop-ozone/integration-test/target/test-dir/MiniOzoneClusterImpl-b121f0fa-5b36-4e30-bdae-6f5cf730914f/datanode-2/data/ratis/c11a4461-9042-434b-a922-cabad8b595b7 close()
2019-08-21 01:03:18,417 [main] INFO  impl.RaftServerImpl (RaftServerImpl.java:lambda$shutdown$3(245)) - 24a30f30-831a-4833-93ea-707e8199d09b: shutdown group-4D5979CA93C7
2019-08-21 01:03:18,421 [ForkJoinPool.commonPool-worker-0] INFO  impl.RaftServerImpl (RaftServerImpl.java:lambda$shutdown$3(245)) - da6cf7a5-fd86-493b-8551-65e1ed8dd98c: shutdown group-3528105455D3
2019-08-21 01:03:18,422 | INFO  | SCMAudit | user=jenkins1000 | ip=192.168.34.10 | op=SEND_HEARTBEAT {datanodeUUID=f7fc252f-131b-479f-9e1d-bf8bc8cd8a61, command=[]} | ret=SUCCESS |  
2019-08-21 01:03:18,422 [main] INFO  util.JmxRegister (JmxRegister.java:unregister(73)) - Successfully un-registered JMX Bean with object name Ratis:service=RaftServer,group=group-4D5979CA93C7,id=24a30f30-831a-4833-93ea-707e8199d09b
2019-08-21 01:03:18,422 [ForkJoinPool.commonPool-worker-0] INFO  util.JmxRegister (JmxRegister.java:unregister(73)) - Successfully un-registered JMX Bean with object name Ratis:service=RaftServer,group=group-3528105455D3,id=da6cf7a5-fd86-493b-8551-65e1ed8dd98c
2019-08-21 01:03:18,423 [main] INFO  impl.RoleInfo (RoleInfo.java:shutdownLeaderState(104)) - 24a30f30-831a-4833-93ea-707e8199d09b: shutdown LeaderState
2019-08-21 01:03:18,423 [ForkJoinPool.commonPool-worker-0] INFO  impl.RoleInfo (RoleInfo.java:shutdownLeaderState(104)) - da6cf7a5-fd86-493b-8551-65e1ed8dd98c: shutdown LeaderState
2019-08-21 01:03:18,427 [org.apache.ratis.server.impl.LogAppender$AppenderDaemon$$Lambda$518/846780932@32c38430] WARN  server.GrpcLogAppender (GrpcLogAppender.java:mayWait(143)) - GrpcLogAppender(24a30f30-831a-4833-93ea-707e8199d09b->a8f43d7f-8ab9-4263-bc60-233f29780d16): Wait interrupted by java.lang.InterruptedException
2019-08-21 01:03:18,427 [org.apache.ratis.server.impl.LogAppender$AppenderDaemon$$Lambda$518/846780932@77c114ac] WARN  server.GrpcLogAppender (GrpcLogAppender.java:mayWait(143)) - GrpcLogAppender(24a30f30-831a-4833-93ea-707e8199d09b->fccca5a2-55db-4efd-8b7f-8a266599827f): Wait interrupted by java.lang.InterruptedException
2019-08-21 01:03:18,427 [main] INFO  impl.PendingRequests (PendingRequests.java:sendNotLeaderResponses(202)) - 24a30f30-831a-4833-93ea-707e8199d09b-PendingRequests: sendNotLeaderResponses
2019-08-21 01:03:18,432 [grpc-default-executor-5] INFO  server.GrpcServerProtocolService (GrpcServerProtocolService.java:onCompleted(104)) - fccca5a2-55db-4efd-8b7f-8a266599827f: appendEntries completed
2019-08-21 01:03:18,432 [grpc-default-executor-7] INFO  server.GrpcServerProtocolService (GrpcServerProtocolService.java:onCompleted(104)) - a8f43d7f-8ab9-4263-bc60-233f29780d16: appendEntries completed
2019-08-21 01:03:18,431 [org.apache.ratis.server.impl.LogAppender$AppenderDaemon$$Lambda$518/846780932@43bbd4a2] WARN  server.GrpcLogAppender (GrpcLogAppender.java:mayWait(143)) - GrpcLogAppender(da6cf7a5-fd86-493b-8551-65e1ed8dd98c->0fe1d74e-166c-4d98-8cc5-3a12f218ca10): Wait interrupted by java.lang.InterruptedException
2019-08-21 01:03:18,431 [org.apache.ratis.server.impl.LogAppender$AppenderDaemon$$Lambda$518/846780932@286d855] WARN  server.GrpcLogAppender (GrpcLogAppender.java:mayWait(143)) - GrpcLogAppender(da6cf7a5-fd86-493b-8551-65e1ed8dd98c->f7fc252f-131b-479f-9e1d-bf8bc8cd8a61): Wait interrupted by java.lang.InterruptedException
2019-08-21 01:03:18,431 [ForkJoinPool.commonPool-worker-0] INFO  impl.PendingRequests (PendingRequests.java:sendNotLeaderResponses(202)) - da6cf7a5-fd86-493b-8551-65e1ed8dd98c-PendingRequests: sendNotLeaderResponses
2019-08-21 01:03:18,436 [grpc-default-executor-5] INFO  server.GrpcLogAppender (GrpcLogAppender.java:onCompleted(292)) - 24a30f30-831a-4833-93ea-707e8199d09b->a8f43d7f-8ab9-4263-bc60-233f29780d16: follower responses appendEntries COMPLETED
2019-08-21 01:03:18,436 [grpc-default-executor-7] INFO  server.GrpcLogAppender (GrpcLogAppender.java:onCompleted(292)) - 24a30f30-831a-4833-93ea-707e8199d09b->fccca5a2-55db-4efd-8b7f-8a266599827f: follower responses appendEntries COMPLETED
2019-08-21 01:03:18,436 [StateMachineUpdater:24a30f30-831a-4833-93ea-707e8199d09b:group-4D5979CA93C7] INFO  ratis.ContainerStateMachine (ContainerStateMachine.java:takeSnapshot(283)) - group-4D5979CA93C7: Taking a snapshot at:(t:1, i:14) file /workdir/hadoop-ozone/integration-test/target/test-dir/MiniOzoneClusterImpl-b121f0fa-5b36-4e30-bdae-6f5cf730914f/datanode-4/data/ratis/b22549c8-e21d-4f4d-a2c6-4d5979ca93c7/sm/snapshot.1_14
2019-08-21 01:03:18,436 [main] INFO  impl.StateMachineUpdater (StateMachineUpdater.java:stopAndJoin(115)) - StateMachineUpdater:24a30f30-831a-4833-93ea-707e8199d09b:group-4D5979CA93C7: set stopIndex = 16
2019-08-21 01:03:18,437 [grpc-default-executor-7] INFO  impl.FollowerInfo (FollowerInfo.java:lambda$new$0(50)) - 24a30f30-831a-4833-93ea-707e8199d09b->fccca5a2-55db-4efd-8b7f-8a266599827f: nextIndex: updateUnconditionally 17 -> 16
2019-08-21 01:03:18,437 [grpc-default-executor-5] INFO  impl.FollowerInfo (FollowerInfo.java:lambda$new$0(50)) - 24a30f30-831a-4833-93ea-707e8199d09b->a8f43d7f-8ab9-4263-bc60-233f29780d16: nextIndex: updateUnconditionally 17 -> 16
2019-08-21 01:03:18,437 [StateMachineUpdater:da6cf7a5-fd86-493b-8551-65e1ed8dd98c:group-3528105455D3] INFO  ratis.ContainerStateMachine (ContainerStateMachine.java:takeSnapshot(283)) - group-3528105455D3: Taking a snapshot at:(t:2, i:13) file /workdir/hadoop-ozone/integration-test/target/test-dir/MiniOzoneClusterImpl-b121f0fa-5b36-4e30-bdae-6f5cf730914f/datanode-2/data/ratis/8a3425bf-2bba-4f72-9a42-3528105455d3/sm/snapshot.2_13
2019-08-21 01:03:18,437 [ForkJoinPool.commonPool-worker-0] INFO  impl.StateMachineUpdater (StateMachineUpdater.java:stopAndJoin(115)) - StateMachineUpdater:da6cf7a5-fd86-493b-8551-65e1ed8dd98c:group-3528105455D3: set stopIndex = 17
2019-08-21 01:03:18,437 [grpc-default-executor-8] INFO  server.GrpcServerProtocolService (GrpcServerProtocolService.java:onCompleted(104)) - f7fc252f-131b-479f-9e1d-bf8bc8cd8a61: appendEntries completed
2019-08-21 01:03:18,440 [grpc-default-executor-8] INFO  server.GrpcLogAppender (GrpcLogAppender.java:onCompleted(292)) - da6cf7a5-fd86-493b-8551-65e1ed8dd98c->f7fc252f-131b-479f-9e1d-bf8bc8cd8a61: follower responses appendEntries COMPLETED
2019-08-21 01:03:18,440 [grpc-default-executor-8] INFO  impl.FollowerInfo (FollowerInfo.java:lambda$new$0(50)) - da6cf7a5-fd86-493b-8551-65e1ed8dd98c->f7fc252f-131b-479f-9e1d-bf8bc8cd8a61: nextIndex: updateUnconditionally 18 -> 17
2019-08-21 01:03:18,463 [StateMachineUpdater:da6cf7a5-fd86-493b-8551-65e1ed8dd98c:group-3528105455D3] INFO  ratis.ContainerStateMachine (ContainerStateMachine.java:takeSnapshot(294)) - group-3528105455D3: Finished taking a snapshot at:(t:2, i:13) file:/workdir/hadoop-ozone/integration-test/target/test-dir/MiniOzoneClusterImpl-b121f0fa-5b36-4e30-bdae-6f5cf730914f/datanode-2/data/ratis/8a3425bf-2bba-4f72-9a42-3528105455d3/sm/snapshot.2_13 time:26
2019-08-21 01:03:18,463 [StateMachineUpdater:24a30f30-831a-4833-93ea-707e8199d09b:group-4D5979CA93C7] INFO  ratis.ContainerStateMachine (ContainerStateMachine.java:takeSnapshot(294)) - group-4D5979CA93C7: Finished taking a snapshot at:(t:1, i:14) file:/workdir/hadoop-ozone/integration-test/target/test-dir/MiniOzoneClusterImpl-b121f0fa-5b36-4e30-bdae-6f5cf730914f/datanode-4/data/ratis/b22549c8-e21d-4f4d-a2c6-4d5979ca93c7/sm/snapshot.1_14 time:27
2019-08-21 01:03:18,463 [StateMachineUpdater:da6cf7a5-fd86-493b-8551-65e1ed8dd98c:group-3528105455D3] INFO  impl.StateMachineUpdater (StateMachineUpdater.java:takeSnapshot(242)) - StateMachineUpdater:da6cf7a5-fd86-493b-8551-65e1ed8dd98c:group-3528105455D3: Took a snapshot at index 13
2019-08-21 01:03:18,463 [StateMachineUpdater:24a30f30-831a-4833-93ea-707e8199d09b:group-4D5979CA93C7] INFO  impl.StateMachineUpdater (StateMachineUpdater.java:takeSnapshot(242)) - StateMachineUpdater:24a30f30-831a-4833-93ea-707e8199d09b:group-4D5979CA93C7: Took a snapshot at index 14
2019-08-21 01:03:18,463 [StateMachineUpdater:da6cf7a5-fd86-493b-8551-65e1ed8dd98c:group-3528105455D3] INFO  impl.StateMachineUpdater (StateMachineUpdater.java:lambda$new$0(80)) - StateMachineUpdater:da6cf7a5-fd86-493b-8551-65e1ed8dd98c:group-3528105455D3: snapshotIndex: updateIncreasingly -1 -> 13
2019-08-21 01:03:18,463 [StateMachineUpdater:24a30f30-831a-4833-93ea-707e8199d09b:group-4D5979CA93C7] INFO  impl.StateMachineUpdater (StateMachineUpdater.java:lambda$new$0(80)) - StateMachineUpdater:24a30f30-831a-4833-93ea-707e8199d09b:group-4D5979CA93C7: snapshotIndex: updateIncreasingly -1 -> 14
2019-08-21 01:03:18,463 [ForkJoinPool.commonPool-worker-0] INFO  impl.RaftServerImpl (ServerState.java:close(394)) - da6cf7a5-fd86-493b-8551-65e1ed8dd98c:group-3528105455D3 closes. The last applied log index is 17
2019-08-21 01:03:18,464 [main] INFO  impl.RaftServerImpl (ServerState.java:close(394)) - 24a30f30-831a-4833-93ea-707e8199d09b:group-4D5979CA93C7 closes. The last applied log index is 16
2019-08-21 01:03:18,464 [da6cf7a5-fd86-493b-8551-65e1ed8dd98c-SegmentedRaftLogWorker:Storage Directory /workdir/hadoop-ozone/integration-test/target/test-dir/MiniOzoneClusterImpl-b121f0fa-5b36-4e30-bdae-6f5cf730914f/datanode-2/data/ratis/8a3425bf-2bba-4f72-9a42-3528105455d3] INFO  segmented.SegmentedRaftLogWorker (SegmentedRaftLogWorker.java:run(313)) - da6cf7a5-fd86-493b-8551-65e1ed8dd98c-SegmentedRaftLogWorker:Storage Directory /workdir/hadoop-ozone/integration-test/target/test-dir/MiniOzoneClusterImpl-b121f0fa-5b36-4e30-bdae-6f5cf730914f/datanode-2/data/ratis/8a3425bf-2bba-4f72-9a42-3528105455d3 was interrupted, exiting. There are 0 tasks remaining in the queue.
2019-08-21 01:03:18,464 [24a30f30-831a-4833-93ea-707e8199d09b-SegmentedRaftLogWorker:Storage Directory /workdir/hadoop-ozone/integration-test/target/test-dir/MiniOzoneClusterImpl-b121f0fa-5b36-4e30-bdae-6f5cf730914f/datanode-4/data/ratis/b22549c8-e21d-4f4d-a2c6-4d5979ca93c7] INFO  segmented.SegmentedRaftLogWorker (SegmentedRaftLogWorker.java:run(313)) - 24a30f30-831a-4833-93ea-707e8199d09b-SegmentedRaftLogWorker:Storage Directory /workdir/hadoop-ozone/integration-test/target/test-dir/MiniOzoneClusterImpl-b121f0fa-5b36-4e30-bdae-6f5cf730914f/datanode-4/data/ratis/b22549c8-e21d-4f4d-a2c6-4d5979ca93c7 was interrupted, exiting. There are 0 tasks remaining in the queue.
2019-08-21 01:03:18,467 [ForkJoinPool.commonPool-worker-0] INFO  segmented.SegmentedRaftLogWorker (SegmentedRaftLogWorker.java:close(228)) - da6cf7a5-fd86-493b-8551-65e1ed8dd98c-SegmentedRaftLogWorker:Storage Directory /workdir/hadoop-ozone/integration-test/target/test-dir/MiniOzoneClusterImpl-b121f0fa-5b36-4e30-bdae-6f5cf730914f/datanode-2/data/ratis/8a3425bf-2bba-4f72-9a42-3528105455d3 close()
2019-08-21 01:03:18,469 [main] INFO  segmented.SegmentedRaftLogWorker (SegmentedRaftLogWorker.java:close(228)) - 24a30f30-831a-4833-93ea-707e8199d09b-SegmentedRaftLogWorker:Storage Directory /workdir/hadoop-ozone/integration-test/target/test-dir/MiniOzoneClusterImpl-b121f0fa-5b36-4e30-bdae-6f5cf730914f/datanode-4/data/ratis/b22549c8-e21d-4f4d-a2c6-4d5979ca93c7 close()
2019-08-21 01:03:18,474 [ForkJoinPool.commonPool-worker-0] INFO  server.GrpcService (GrpcService.java:closeImpl(155)) - da6cf7a5-fd86-493b-8551-65e1ed8dd98c: shutdown server with port 36254 now
2019-08-21 01:03:18,478 [main] INFO  server.GrpcService (GrpcService.java:closeImpl(155)) - 24a30f30-831a-4833-93ea-707e8199d09b: shutdown server with port 34461 now
2019-08-21 01:03:18,479 [ForkJoinPool.commonPool-worker-0] INFO  server.GrpcService (GrpcService.java:closeImpl(163)) - da6cf7a5-fd86-493b-8551-65e1ed8dd98c: shutdown server with port 36254 successfully
2019-08-21 01:03:18,479 [grpc-default-executor-7] WARN  client.GrpcClientProtocolService (LogUtils.java:warn(134)) - 1-UnorderedRequestStreamObserver1: onError: org.apache.ratis.thirdparty.io.grpc.StatusRuntimeException: CANCELLED: cancelled before receiving half close
2019-08-21 01:03:18,480 [main] INFO  server.GrpcService (GrpcService.java:closeImpl(163)) - 24a30f30-831a-4833-93ea-707e8199d09b: shutdown server with port 34461 successfully
2019-08-21 01:03:18,482 [main] INFO  utils.BackgroundService (BackgroundService.java:shutdown(148)) - Shutting down service BlockDeletingService
2019-08-21 01:03:18,482 [ForkJoinPool.commonPool-worker-0] INFO  utils.BackgroundService (BackgroundService.java:shutdown(148)) - Shutting down service BlockDeletingService
2019-08-21 01:03:18,490 [refreshUsed-/workdir/hadoop-ozone/integration-test/target/test-dir/MiniOzoneClusterImpl-b121f0fa-5b36-4e30-bdae-6f5cf730914f/datanode-4/data/containers] WARN  fs.CachingGetSpaceUsed (CachingGetSpaceUsed.java:run(183)) - Thread Interrupted waiting to refresh disk information: sleep interrupted
2019-08-21 01:03:18,490 [refreshUsed-/workdir/hadoop-ozone/integration-test/target/test-dir/MiniOzoneClusterImpl-b121f0fa-5b36-4e30-bdae-6f5cf730914f/datanode-2/data/containers] WARN  fs.CachingGetSpaceUsed (CachingGetSpaceUsed.java:run(183)) - Thread Interrupted waiting to refresh disk information: sleep interrupted
2019-08-21 01:03:18,509 [main] INFO  statemachine.DatanodeStateMachine (DatanodeStateMachine.java:stopDaemon(395)) - Ozone container server stopped.
2019-08-21 01:03:18,510 [main] INFO  handler.ContextHandler (ContextHandler.java:doStop(910)) - Stopped o.e.j.w.WebAppContext@718198db{/,null,UNAVAILABLE}{/hddsDatanode}
2019-08-21 01:03:18,515 [ForkJoinPool.commonPool-worker-0] INFO  statemachine.DatanodeStateMachine (DatanodeStateMachine.java:stopDaemon(395)) - Ozone container server stopped.
2019-08-21 01:03:18,515 [main] INFO  server.AbstractConnector (AbstractConnector.java:doStop(318)) - Stopped ServerConnector@40bac624{HTTP/1.1,[http/1.1]}{0.0.0.0:0}
2019-08-21 01:03:18,518 [main] INFO  handler.ContextHandler (ContextHandler.java:doStop(910)) - Stopped o.e.j.s.ServletContextHandler@10395bc4{/static,jar:file:/home/user/.m2/repository/org/apache/hadoop/hadoop-hdds-container-service/0.5.0-SNAPSHOT/hadoop-hdds-container-service-0.5.0-SNAPSHOT.jar!/webapps/static,UNAVAILABLE}
2019-08-21 01:03:18,520 [ForkJoinPool.commonPool-worker-0] INFO  handler.ContextHandler (ContextHandler.java:doStop(910)) - Stopped o.e.j.w.WebAppContext@489a722d{/,null,UNAVAILABLE}{/hddsDatanode}
2019-08-21 01:03:18,520 [main] INFO  handler.ContextHandler (ContextHandler.java:doStop(910)) - Stopped o.e.j.s.ServletContextHandler@ab5f1d5{/logs,file:///workdir/hadoop-ozone/integration-test/target/log,UNAVAILABLE}
2019-08-21 01:03:18,521 [ForkJoinPool.commonPool-worker-0] INFO  server.AbstractConnector (AbstractConnector.java:doStop(318)) - Stopped ServerConnector@3448a248{HTTP/1.1,[http/1.1]}{0.0.0.0:0}
2019-08-21 01:03:18,522 [main] INFO  datanode.ObjectStoreHandler (ObjectStoreHandler.java:close(155)) - Closing ObjectStoreHandler.
2019-08-21 01:03:18,523 [ForkJoinPool.commonPool-worker-0] INFO  handler.ContextHandler (ContextHandler.java:doStop(910)) - Stopped o.e.j.s.ServletContextHandler@52811dc1{/static,jar:file:/home/user/.m2/repository/org/apache/hadoop/hadoop-hdds-container-service/0.5.0-SNAPSHOT/hadoop-hdds-container-service-0.5.0-SNAPSHOT.jar!/webapps/static,UNAVAILABLE}
2019-08-21 01:03:18,523 [main] INFO  ozone.HddsDatanodeService (HddsDatanodeService.java:stop(451)) - Stopped plug-in org.apache.hadoop.ozone.web.OzoneHddsDatanodeService@29511cf9
2019-08-21 01:03:18,524 [ForkJoinPool.commonPool-worker-0] INFO  handler.ContextHandler (ContextHandler.java:doStop(910)) - Stopped o.e.j.s.ServletContextHandler@63fef83c{/logs,file:///workdir/hadoop-ozone/integration-test/target/log,UNAVAILABLE}
2019-08-21 01:03:18,526 [ForkJoinPool.commonPool-worker-0] INFO  datanode.ObjectStoreHandler (ObjectStoreHandler.java:close(155)) - Closing ObjectStoreHandler.
2019-08-21 01:03:18,526 [ForkJoinPool.commonPool-worker-0] INFO  ozone.HddsDatanodeService (HddsDatanodeService.java:stop(451)) - Stopped plug-in org.apache.hadoop.ozone.web.OzoneHddsDatanodeService@718b9d56
2019-08-21 01:03:19,017 | INFO  | SCMAudit | user=jenkins1000 | ip=192.168.34.10 | op=SEND_HEARTBEAT {datanodeUUID=853a8d38-210a-40e1-a500-60344a22ce2b, command=[]} | ret=SUCCESS |  
2019-08-21 01:03:19,166 [Datanode State Machine Thread - 0] INFO  statemachine.DatanodeStateMachine (DatanodeStateMachine.java:lambda$startDaemon$0(350)) - Ozone container server started.
2019-08-21 01:03:19,168 | INFO  | SCMAudit | user=jenkins1000 | ip=192.168.34.10 | op=SEND_HEARTBEAT {datanodeUUID=fccca5a2-55db-4efd-8b7f-8a266599827f, command=[commandType: closeContainerCommand closeContainerCommandProto { containerID: 2 pipelineID { id: "b22549c8-e21d-4f4d-a2c6-4d5979ca93c7" } cmdId: 2 force: false } ]} | ret=SUCCESS |  
2019-08-21 01:03:19,422 [Datanode State Machine Thread - 0] INFO  statemachine.DatanodeStateMachine (DatanodeStateMachine.java:lambda$startDaemon$0(350)) - Ozone container server started.
2019-08-21 01:03:20,016 | INFO  | SCMAudit | user=jenkins1000 | ip=192.168.34.10 | op=SEND_HEARTBEAT {datanodeUUID=853a8d38-210a-40e1-a500-60344a22ce2b, command=[]} | ret=SUCCESS |  
2019-08-21 01:03:20,167 | INFO  | SCMAudit | user=jenkins1000 | ip=192.168.34.10 | op=SEND_HEARTBEAT {datanodeUUID=fccca5a2-55db-4efd-8b7f-8a266599827f, command=[]} | ret=SUCCESS |  
2019-08-21 01:03:20,195 | INFO  | SCMAudit | user=jenkins1000 | ip=192.168.34.10 | op=SEND_HEARTBEAT {datanodeUUID=fccca5a2-55db-4efd-8b7f-8a266599827f, command=[]} | ret=SUCCESS |  
2019-08-21 01:03:21,016 | INFO  | SCMAudit | user=jenkins1000 | ip=192.168.34.10 | op=SEND_HEARTBEAT {datanodeUUID=853a8d38-210a-40e1-a500-60344a22ce2b, command=[]} | ret=SUCCESS |  
2019-08-21 01:03:21,194 | INFO  | SCMAudit | user=jenkins1000 | ip=192.168.34.10 | op=SEND_HEARTBEAT {datanodeUUID=fccca5a2-55db-4efd-8b7f-8a266599827f, command=[]} | ret=SUCCESS |  
2019-08-21 01:03:22,016 | INFO  | SCMAudit | user=jenkins1000 | ip=192.168.34.10 | op=SEND_HEARTBEAT {datanodeUUID=853a8d38-210a-40e1-a500-60344a22ce2b, command=[]} | ret=SUCCESS |  
2019-08-21 01:03:22,188 [Thread-3534] INFO  impl.FollowerState (FollowerState.java:run(106)) - f7fc252f-131b-479f-9e1d-bf8bc8cd8a61:group-3528105455D3 changes to CANDIDATE, lastRpcTime:5096, electionTimeout:5042ms
2019-08-21 01:03:22,188 [Thread-3534] INFO  impl.RoleInfo (RoleInfo.java:shutdownFollowerState(121)) - f7fc252f-131b-479f-9e1d-bf8bc8cd8a61: shutdown FollowerState
2019-08-21 01:03:22,188 [Thread-3534] INFO  impl.RaftServerImpl (RaftServerImpl.java:setRole(171)) - f7fc252f-131b-479f-9e1d-bf8bc8cd8a61:group-3528105455D3 changes role from FOLLOWER to CANDIDATE at term 3 for changeToCandidate
2019-08-21 01:03:22,188 [Thread-3534] INFO  impl.RoleInfo (RoleInfo.java:updateAndGet(143)) - f7fc252f-131b-479f-9e1d-bf8bc8cd8a61: start LeaderElection
2019-08-21 01:03:22,192 [f7fc252f-131b-479f-9e1d-bf8bc8cd8a61:group-3528105455D3:LeaderElection68] INFO  impl.RaftServerImpl (ServerState.java:setLeader(263)) - f7fc252f-131b-479f-9e1d-bf8bc8cd8a61:group-3528105455D3 change Leader from da6cf7a5-fd86-493b-8551-65e1ed8dd98c to null at term 3 for initElection
2019-08-21 01:03:22,194 | INFO  | SCMAudit | user=jenkins1000 | ip=192.168.34.10 | op=SEND_HEARTBEAT {datanodeUUID=fccca5a2-55db-4efd-8b7f-8a266599827f, command=[]} | ret=SUCCESS |  
2019-08-21 01:03:22,217 [f7fc252f-131b-479f-9e1d-bf8bc8cd8a61:group-3528105455D3:LeaderElection68] INFO  impl.LeaderElection (LeaderElection.java:askForVotes(181)) - f7fc252f-131b-479f-9e1d-bf8bc8cd8a61:group-3528105455D3:LeaderElection68: begin an election at term 4 for 16: [da6cf7a5-fd86-493b-8551-65e1ed8dd98c:192.168.34.10:36254, f7fc252f-131b-479f-9e1d-bf8bc8cd8a61:192.168.34.10:34883, 0fe1d74e-166c-4d98-8cc5-3a12f218ca10:192.168.34.10:34757], old=null
2019-08-21 01:03:22,220 [f7fc252f-131b-479f-9e1d-bf8bc8cd8a61:group-3528105455D3:LeaderElection68] INFO  impl.LeaderElection (LogUtils.java:infoOrTrace(149)) - f7fc252f-131b-479f-9e1d-bf8bc8cd8a61:group-3528105455D3:LeaderElection68 got exception when requesting votes: {}
java.util.concurrent.ExecutionException: org.apache.ratis.thirdparty.io.grpc.StatusRuntimeException: UNAVAILABLE: io exception
	at java.util.concurrent.FutureTask.report(FutureTask.java:122)
	at java.util.concurrent.FutureTask.get(FutureTask.java:192)
	at org.apache.ratis.server.impl.LeaderElection.waitForResults(LeaderElection.java:262)
	at org.apache.ratis.server.impl.LeaderElection.askForVotes(LeaderElection.java:200)
	at org.apache.ratis.server.impl.LeaderElection.run(LeaderElection.java:130)
	at java.lang.Thread.run(Thread.java:748)
Caused by: org.apache.ratis.thirdparty.io.grpc.StatusRuntimeException: UNAVAILABLE: io exception
	at org.apache.ratis.thirdparty.io.grpc.stub.ClientCalls.toStatusRuntimeException(ClientCalls.java:233)
	at org.apache.ratis.thirdparty.io.grpc.stub.ClientCalls.getUnchecked(ClientCalls.java:214)
	at org.apache.ratis.thirdparty.io.grpc.stub.ClientCalls.blockingUnaryCall(ClientCalls.java:139)
	at org.apache.ratis.proto.grpc.RaftServerProtocolServiceGrpc$RaftServerProtocolServiceBlockingStub.requestVote(RaftServerProtocolServiceGrpc.java:265)
	at org.apache.ratis.grpc.server.GrpcServerProtocolClient.requestVote(GrpcServerProtocolClient.java:83)
	at org.apache.ratis.grpc.server.GrpcService.requestVote(GrpcService.java:195)
	at org.apache.ratis.server.impl.LeaderElection.lambda$submitRequests$1(LeaderElection.java:237)
	at java.util.concurrent.FutureTask.run(FutureTask.java:266)
	at java.util.concurrent.Executors$RunnableAdapter.call(Executors.java:511)
	at java.util.concurrent.FutureTask.run(FutureTask.java:266)
	at java.util.concurrent.ThreadPoolExecutor.runWorker(ThreadPoolExecutor.java:1149)
	at java.util.concurrent.ThreadPoolExecutor$Worker.run(ThreadPoolExecutor.java:624)
	... 1 more
Caused by: org.apache.ratis.thirdparty.io.netty.channel.AbstractChannel$AnnotatedConnectException: Connection refused: /192.168.34.10:36254
	at sun.nio.ch.SocketChannelImpl.checkConnect(Native Method)
	at sun.nio.ch.SocketChannelImpl.finishConnect(SocketChannelImpl.java:717)
	at org.apache.ratis.thirdparty.io.netty.channel.socket.nio.NioSocketChannel.doFinishConnect(NioSocketChannel.java:327)
	at org.apache.ratis.thirdparty.io.netty.channel.nio.AbstractNioChannel$AbstractNioUnsafe.finishConnect(AbstractNioChannel.java:340)
	at org.apache.ratis.thirdparty.io.netty.channel.nio.NioEventLoop.processSelectedKey(NioEventLoop.java:632)
	at org.apache.ratis.thirdparty.io.netty.channel.nio.NioEventLoop.processSelectedKeysOptimized(NioEventLoop.java:579)
	at org.apache.ratis.thirdparty.io.netty.channel.nio.NioEventLoop.processSelectedKeys(NioEventLoop.java:496)
	at org.apache.ratis.thirdparty.io.netty.channel.nio.NioEventLoop.run(NioEventLoop.java:458)
	at org.apache.ratis.thirdparty.io.netty.util.concurrent.SingleThreadEventExecutor$5.run(SingleThreadEventExecutor.java:897)
	at org.apache.ratis.thirdparty.io.netty.util.concurrent.FastThreadLocalRunnable.run(FastThreadLocalRunnable.java:30)
	... 1 more
Caused by: java.net.ConnectException: Connection refused
	... 11 more
2019-08-21 01:03:22,224 [f7fc252f-131b-479f-9e1d-bf8bc8cd8a61:group-3528105455D3:LeaderElection68] INFO  impl.LeaderElection (LogUtils.java:infoOrTrace(149)) - f7fc252f-131b-479f-9e1d-bf8bc8cd8a61:group-3528105455D3:LeaderElection68 got exception when requesting votes: {}
java.util.concurrent.ExecutionException: org.apache.ratis.thirdparty.io.grpc.StatusRuntimeException: UNAVAILABLE: io exception
	at java.util.concurrent.FutureTask.report(FutureTask.java:122)
	at java.util.concurrent.FutureTask.get(FutureTask.java:192)
	at org.apache.ratis.server.impl.LeaderElection.waitForResults(LeaderElection.java:262)
	at org.apache.ratis.server.impl.LeaderElection.askForVotes(LeaderElection.java:200)
	at org.apache.ratis.server.impl.LeaderElection.run(LeaderElection.java:130)
	at java.lang.Thread.run(Thread.java:748)
Caused by: org.apache.ratis.thirdparty.io.grpc.StatusRuntimeException: UNAVAILABLE: io exception
	at org.apache.ratis.thirdparty.io.grpc.stub.ClientCalls.toStatusRuntimeException(ClientCalls.java:233)
	at org.apache.ratis.thirdparty.io.grpc.stub.ClientCalls.getUnchecked(ClientCalls.java:214)
	at org.apache.ratis.thirdparty.io.grpc.stub.ClientCalls.blockingUnaryCall(ClientCalls.java:139)
	at org.apache.ratis.proto.grpc.RaftServerProtocolServiceGrpc$RaftServerProtocolServiceBlockingStub.requestVote(RaftServerProtocolServiceGrpc.java:265)
	at org.apache.ratis.grpc.server.GrpcServerProtocolClient.requestVote(GrpcServerProtocolClient.java:83)
	at org.apache.ratis.grpc.server.GrpcService.requestVote(GrpcService.java:195)
	at org.apache.ratis.server.impl.LeaderElection.lambda$submitRequests$1(LeaderElection.java:237)
	at java.util.concurrent.FutureTask.run(FutureTask.java:266)
	at java.util.concurrent.Executors$RunnableAdapter.call(Executors.java:511)
	at java.util.concurrent.FutureTask.run(FutureTask.java:266)
	at java.util.concurrent.ThreadPoolExecutor.runWorker(ThreadPoolExecutor.java:1149)
	at java.util.concurrent.ThreadPoolExecutor$Worker.run(ThreadPoolExecutor.java:624)
	... 1 more
Caused by: org.apache.ratis.thirdparty.io.netty.channel.AbstractChannel$AnnotatedConnectException: Connection refused: /192.168.34.10:34757
	at sun.nio.ch.SocketChannelImpl.checkConnect(Native Method)
	at sun.nio.ch.SocketChannelImpl.finishConnect(SocketChannelImpl.java:717)
	at org.apache.ratis.thirdparty.io.netty.channel.socket.nio.NioSocketChannel.doFinishConnect(NioSocketChannel.java:327)
	at org.apache.ratis.thirdparty.io.netty.channel.nio.AbstractNioChannel$AbstractNioUnsafe.finishConnect(AbstractNioChannel.java:340)
	at org.apache.ratis.thirdparty.io.netty.channel.nio.NioEventLoop.processSelectedKey(NioEventLoop.java:632)
	at org.apache.ratis.thirdparty.io.netty.channel.nio.NioEventLoop.processSelectedKeysOptimized(NioEventLoop.java:579)
	at org.apache.ratis.thirdparty.io.netty.channel.nio.NioEventLoop.processSelectedKeys(NioEventLoop.java:496)
	at org.apache.ratis.thirdparty.io.netty.channel.nio.NioEventLoop.run(NioEventLoop.java:458)
	at org.apache.ratis.thirdparty.io.netty.util.concurrent.SingleThreadEventExecutor$5.run(SingleThreadEventExecutor.java:897)
	at org.apache.ratis.thirdparty.io.netty.util.concurrent.FastThreadLocalRunnable.run(FastThreadLocalRunnable.java:30)
	... 1 more
Caused by: java.net.ConnectException: Connection refused
	... 11 more
2019-08-21 01:03:22,227 [f7fc252f-131b-479f-9e1d-bf8bc8cd8a61:group-3528105455D3:LeaderElection68] INFO  impl.LeaderElection (LeaderElection.java:logAndReturn(56)) - f7fc252f-131b-479f-9e1d-bf8bc8cd8a61:group-3528105455D3:LeaderElection68: Election REJECTED; received 0 response(s) [] and 2 exception(s); f7fc252f-131b-479f-9e1d-bf8bc8cd8a61:t4, leader=null, voted=f7fc252f-131b-479f-9e1d-bf8bc8cd8a61, raftlog=f7fc252f-131b-479f-9e1d-bf8bc8cd8a61-SegmentedRaftLog:OPENED:c17,f17,i17, conf=16: [da6cf7a5-fd86-493b-8551-65e1ed8dd98c:192.168.34.10:36254, f7fc252f-131b-479f-9e1d-bf8bc8cd8a61:192.168.34.10:34883, 0fe1d74e-166c-4d98-8cc5-3a12f218ca10:192.168.34.10:34757], old=null
2019-08-21 01:03:22,228 [f7fc252f-131b-479f-9e1d-bf8bc8cd8a61:group-3528105455D3:LeaderElection68] INFO  impl.LeaderElection (LogUtils.java:infoOrTrace(149)) -   Exception 0: {}
java.util.concurrent.ExecutionException: org.apache.ratis.thirdparty.io.grpc.StatusRuntimeException: UNAVAILABLE: io exception
	at java.util.concurrent.FutureTask.report(FutureTask.java:122)
	at java.util.concurrent.FutureTask.get(FutureTask.java:192)
	at org.apache.ratis.server.impl.LeaderElection.waitForResults(LeaderElection.java:262)
	at org.apache.ratis.server.impl.LeaderElection.askForVotes(LeaderElection.java:200)
	at org.apache.ratis.server.impl.LeaderElection.run(LeaderElection.java:130)
	at java.lang.Thread.run(Thread.java:748)
Caused by: org.apache.ratis.thirdparty.io.grpc.StatusRuntimeException: UNAVAILABLE: io exception
	at org.apache.ratis.thirdparty.io.grpc.stub.ClientCalls.toStatusRuntimeException(ClientCalls.java:233)
	at org.apache.ratis.thirdparty.io.grpc.stub.ClientCalls.getUnchecked(ClientCalls.java:214)
	at org.apache.ratis.thirdparty.io.grpc.stub.ClientCalls.blockingUnaryCall(ClientCalls.java:139)
	at org.apache.ratis.proto.grpc.RaftServerProtocolServiceGrpc$RaftServerProtocolServiceBlockingStub.requestVote(RaftServerProtocolServiceGrpc.java:265)
	at org.apache.ratis.grpc.server.GrpcServerProtocolClient.requestVote(GrpcServerProtocolClient.java:83)
	at org.apache.ratis.grpc.server.GrpcService.requestVote(GrpcService.java:195)
	at org.apache.ratis.server.impl.LeaderElection.lambda$submitRequests$1(LeaderElection.java:237)
	at java.util.concurrent.FutureTask.run(FutureTask.java:266)
	at java.util.concurrent.Executors$RunnableAdapter.call(Executors.java:511)
	at java.util.concurrent.FutureTask.run(FutureTask.java:266)
	at java.util.concurrent.ThreadPoolExecutor.runWorker(ThreadPoolExecutor.java:1149)
	at java.util.concurrent.ThreadPoolExecutor$Worker.run(ThreadPoolExecutor.java:624)
	... 1 more
Caused by: org.apache.ratis.thirdparty.io.netty.channel.AbstractChannel$AnnotatedConnectException: Connection refused: /192.168.34.10:36254
	at sun.nio.ch.SocketChannelImpl.checkConnect(Native Method)
	at sun.nio.ch.SocketChannelImpl.finishConnect(SocketChannelImpl.java:717)
	at org.apache.ratis.thirdparty.io.netty.channel.socket.nio.NioSocketChannel.doFinishConnect(NioSocketChannel.java:327)
	at org.apache.ratis.thirdparty.io.netty.channel.nio.AbstractNioChannel$AbstractNioUnsafe.finishConnect(AbstractNioChannel.java:340)
	at org.apache.ratis.thirdparty.io.netty.channel.nio.NioEventLoop.processSelectedKey(NioEventLoop.java:632)
	at org.apache.ratis.thirdparty.io.netty.channel.nio.NioEventLoop.processSelectedKeysOptimized(NioEventLoop.java:579)
	at org.apache.ratis.thirdparty.io.netty.channel.nio.NioEventLoop.processSelectedKeys(NioEventLoop.java:496)
	at org.apache.ratis.thirdparty.io.netty.channel.nio.NioEventLoop.run(NioEventLoop.java:458)
	at org.apache.ratis.thirdparty.io.netty.util.concurrent.SingleThreadEventExecutor$5.run(SingleThreadEventExecutor.java:897)
	at org.apache.ratis.thirdparty.io.netty.util.concurrent.FastThreadLocalRunnable.run(FastThreadLocalRunnable.java:30)
	... 1 more
Caused by: java.net.ConnectException: Connection refused
	... 11 more
2019-08-21 01:03:22,228 [f7fc252f-131b-479f-9e1d-bf8bc8cd8a61:group-3528105455D3:LeaderElection68] INFO  impl.LeaderElection (LogUtils.java:infoOrTrace(149)) -   Exception 1: {}
java.util.concurrent.ExecutionException: org.apache.ratis.thirdparty.io.grpc.StatusRuntimeException: UNAVAILABLE: io exception
	at java.util.concurrent.FutureTask.report(FutureTask.java:122)
	at java.util.concurrent.FutureTask.get(FutureTask.java:192)
	at org.apache.ratis.server.impl.LeaderElection.waitForResults(LeaderElection.java:262)
	at org.apache.ratis.server.impl.LeaderElection.askForVotes(LeaderElection.java:200)
	at org.apache.ratis.server.impl.LeaderElection.run(LeaderElection.java:130)
	at java.lang.Thread.run(Thread.java:748)
Caused by: org.apache.ratis.thirdparty.io.grpc.StatusRuntimeException: UNAVAILABLE: io exception
	at org.apache.ratis.thirdparty.io.grpc.stub.ClientCalls.toStatusRuntimeException(ClientCalls.java:233)
	at org.apache.ratis.thirdparty.io.grpc.stub.ClientCalls.getUnchecked(ClientCalls.java:214)
	at org.apache.ratis.thirdparty.io.grpc.stub.ClientCalls.blockingUnaryCall(ClientCalls.java:139)
	at org.apache.ratis.proto.grpc.RaftServerProtocolServiceGrpc$RaftServerProtocolServiceBlockingStub.requestVote(RaftServerProtocolServiceGrpc.java:265)
	at org.apache.ratis.grpc.server.GrpcServerProtocolClient.requestVote(GrpcServerProtocolClient.java:83)
	at org.apache.ratis.grpc.server.GrpcService.requestVote(GrpcService.java:195)
	at org.apache.ratis.server.impl.LeaderElection.lambda$submitRequests$1(LeaderElection.java:237)
	at java.util.concurrent.FutureTask.run(FutureTask.java:266)
	at java.util.concurrent.Executors$RunnableAdapter.call(Executors.java:511)
	at java.util.concurrent.FutureTask.run(FutureTask.java:266)
	at java.util.concurrent.ThreadPoolExecutor.runWorker(ThreadPoolExecutor.java:1149)
	at java.util.concurrent.ThreadPoolExecutor$Worker.run(ThreadPoolExecutor.java:624)
	... 1 more
Caused by: org.apache.ratis.thirdparty.io.netty.channel.AbstractChannel$AnnotatedConnectException: Connection refused: /192.168.34.10:34757
	at sun.nio.ch.SocketChannelImpl.checkConnect(Native Method)
	at sun.nio.ch.SocketChannelImpl.finishConnect(SocketChannelImpl.java:717)
	at org.apache.ratis.thirdparty.io.netty.channel.socket.nio.NioSocketChannel.doFinishConnect(NioSocketChannel.java:327)
	at org.apache.ratis.thirdparty.io.netty.channel.nio.AbstractNioChannel$AbstractNioUnsafe.finishConnect(AbstractNioChannel.java:340)
	at org.apache.ratis.thirdparty.io.netty.channel.nio.NioEventLoop.processSelectedKey(NioEventLoop.java:632)
	at org.apache.ratis.thirdparty.io.netty.channel.nio.NioEventLoop.processSelectedKeysOptimized(NioEventLoop.java:579)
	at org.apache.ratis.thirdparty.io.netty.channel.nio.NioEventLoop.processSelectedKeys(NioEventLoop.java:496)
	at org.apache.ratis.thirdparty.io.netty.channel.nio.NioEventLoop.run(NioEventLoop.java:458)
	at org.apache.ratis.thirdparty.io.netty.util.concurrent.SingleThreadEventExecutor$5.run(SingleThreadEventExecutor.java:897)
	at org.apache.ratis.thirdparty.io.netty.util.concurrent.FastThreadLocalRunnable.run(FastThreadLocalRunnable.java:30)
	... 1 more
Caused by: java.net.ConnectException: Connection refused
	... 11 more
2019-08-21 01:03:22,228 [f7fc252f-131b-479f-9e1d-bf8bc8cd8a61:group-3528105455D3:LeaderElection68] INFO  impl.RaftServerImpl (RaftServerImpl.java:setRole(171)) - f7fc252f-131b-479f-9e1d-bf8bc8cd8a61:group-3528105455D3 changes role from CANDIDATE to FOLLOWER at term 4 for DISCOVERED_A_NEW_TERM
2019-08-21 01:03:22,228 [f7fc252f-131b-479f-9e1d-bf8bc8cd8a61:group-3528105455D3:LeaderElection68] INFO  impl.RoleInfo (RoleInfo.java:shutdownLeaderElection(134)) - f7fc252f-131b-479f-9e1d-bf8bc8cd8a61: shutdown LeaderElection
2019-08-21 01:03:22,228 [f7fc252f-131b-479f-9e1d-bf8bc8cd8a61:group-3528105455D3:LeaderElection68] INFO  impl.RoleInfo (RoleInfo.java:updateAndGet(143)) - f7fc252f-131b-479f-9e1d-bf8bc8cd8a61: start FollowerState
2019-08-21 01:03:23,017 | INFO  | SCMAudit | user=jenkins1000 | ip=192.168.34.10 | op=SEND_HEARTBEAT {datanodeUUID=853a8d38-210a-40e1-a500-60344a22ce2b, command=[]} | ret=SUCCESS |  
2019-08-21 01:03:23,195 | INFO  | SCMAudit | user=jenkins1000 | ip=192.168.34.10 | op=SEND_HEARTBEAT {datanodeUUID=fccca5a2-55db-4efd-8b7f-8a266599827f, command=[]} | ret=SUCCESS |  
2019-08-21 01:03:23,256 [EventQueue-StaleNodeForStaleNodeHandler] INFO  node.StaleNodeHandler (StaleNodeHandler.java:onMessage(58)) - Datanode a8f43d7f-8ab9-4263-bc60-233f29780d16{ip: 192.168.34.10, host: pr-hdds-1927-qfsst-2448355857, networkLocation: /default-rack, certSerialId: null} moved to stale state. Finalizing its pipelines [PipelineID=16b984d5-0abb-4268-988f-f83951df55eb, PipelineID=b22549c8-e21d-4f4d-a2c6-4d5979ca93c7]
2019-08-21 01:03:23,257 [EventQueue-StaleNodeForStaleNodeHandler] INFO  pipeline.SCMPipelineManager (SCMPipelineManager.java:finalizeAndDestroyPipeline(309)) - destroying pipeline:Pipeline[ Id: 16b984d5-0abb-4268-988f-f83951df55eb, Nodes: a8f43d7f-8ab9-4263-bc60-233f29780d16{ip: 192.168.34.10, host: pr-hdds-1927-qfsst-2448355857, networkLocation: /default-rack, certSerialId: null}, Type:RATIS, Factor:ONE, State:OPEN]
2019-08-21 01:03:23,257 [EventQueue-StaleNodeForStaleNodeHandler] INFO  pipeline.PipelineStateManager (PipelineStateManager.java:finalizePipeline(123)) - Pipeline Pipeline[ Id: 16b984d5-0abb-4268-988f-f83951df55eb, Nodes: a8f43d7f-8ab9-4263-bc60-233f29780d16{ip: 192.168.34.10, host: pr-hdds-1927-qfsst-2448355857, networkLocation: /default-rack, certSerialId: null}, Type:RATIS, Factor:ONE, State:CLOSED] moved to CLOSED state
2019-08-21 01:03:23,257 [EventQueue-StaleNodeForStaleNodeHandler] INFO  pipeline.SCMPipelineManager (SCMPipelineManager.java:finalizeAndDestroyPipeline(309)) - destroying pipeline:Pipeline[ Id: b22549c8-e21d-4f4d-a2c6-4d5979ca93c7, Nodes: a8f43d7f-8ab9-4263-bc60-233f29780d16{ip: 192.168.34.10, host: pr-hdds-1927-qfsst-2448355857, networkLocation: /default-rack, certSerialId: null}fccca5a2-55db-4efd-8b7f-8a266599827f{ip: 192.168.34.10, host: pr-hdds-1927-qfsst-2448355857, networkLocation: /default-rack, certSerialId: null}24a30f30-831a-4833-93ea-707e8199d09b{ip: 192.168.34.10, host: pr-hdds-1927-qfsst-2448355857, networkLocation: /default-rack, certSerialId: null}, Type:RATIS, Factor:THREE, State:CLOSED]
2019-08-21 01:03:23,457 [EventQueue-StaleNodeForStaleNodeHandler] INFO  node.StaleNodeHandler (StaleNodeHandler.java:onMessage(58)) - Datanode f7fc252f-131b-479f-9e1d-bf8bc8cd8a61{ip: 192.168.34.10, host: pr-hdds-1927-qfsst-2448355857, networkLocation: /default-rack, certSerialId: null} moved to stale state. Finalizing its pipelines [PipelineID=ec82a8df-300b-483c-a2c5-59bb1868faf7, PipelineID=8a3425bf-2bba-4f72-9a42-3528105455d3]
2019-08-21 01:03:23,457 [EventQueue-StaleNodeForStaleNodeHandler] INFO  pipeline.SCMPipelineManager (SCMPipelineManager.java:finalizeAndDestroyPipeline(309)) - destroying pipeline:Pipeline[ Id: ec82a8df-300b-483c-a2c5-59bb1868faf7, Nodes: f7fc252f-131b-479f-9e1d-bf8bc8cd8a61{ip: 192.168.34.10, host: pr-hdds-1927-qfsst-2448355857, networkLocation: /default-rack, certSerialId: null}, Type:RATIS, Factor:ONE, State:OPEN]
2019-08-21 01:03:23,457 [EventQueue-StaleNodeForStaleNodeHandler] INFO  pipeline.PipelineStateManager (PipelineStateManager.java:finalizePipeline(123)) - Pipeline Pipeline[ Id: ec82a8df-300b-483c-a2c5-59bb1868faf7, Nodes: f7fc252f-131b-479f-9e1d-bf8bc8cd8a61{ip: 192.168.34.10, host: pr-hdds-1927-qfsst-2448355857, networkLocation: /default-rack, certSerialId: null}, Type:RATIS, Factor:ONE, State:CLOSED] moved to CLOSED state
2019-08-21 01:03:23,458 [EventQueue-StaleNodeForStaleNodeHandler] INFO  pipeline.SCMPipelineManager (SCMPipelineManager.java:finalizeAndDestroyPipeline(309)) - destroying pipeline:Pipeline[ Id: 8a3425bf-2bba-4f72-9a42-3528105455d3, Nodes: 0fe1d74e-166c-4d98-8cc5-3a12f218ca10{ip: 192.168.34.10, host: pr-hdds-1927-qfsst-2448355857, networkLocation: /default-rack, certSerialId: null}da6cf7a5-fd86-493b-8551-65e1ed8dd98c{ip: 192.168.34.10, host: pr-hdds-1927-qfsst-2448355857, networkLocation: /default-rack, certSerialId: null}f7fc252f-131b-479f-9e1d-bf8bc8cd8a61{ip: 192.168.34.10, host: pr-hdds-1927-qfsst-2448355857, networkLocation: /default-rack, certSerialId: null}, Type:RATIS, Factor:THREE, State:CLOSED]
2019-08-21 01:03:23,525 [main] INFO  ozoneimpl.OzoneContainer (OzoneContainer.java:stop(199)) - Attempting to stop container services.
2019-08-21 01:03:23,526 [main] INFO  impl.RaftServerProxy (RaftServerProxy.java:lambda$close$4(314)) - a8f43d7f-8ab9-4263-bc60-233f29780d16: close
2019-08-21 01:03:23,526 [main] INFO  impl.RaftServerImpl (RaftServerImpl.java:lambda$shutdown$3(245)) - a8f43d7f-8ab9-4263-bc60-233f29780d16: shutdown group-F83951DF55EB
2019-08-21 01:03:23,527 [main] INFO  util.JmxRegister (JmxRegister.java:unregister(73)) - Successfully un-registered JMX Bean with object name Ratis:service=RaftServer,group=group-F83951DF55EB,id=a8f43d7f-8ab9-4263-bc60-233f29780d16
2019-08-21 01:03:23,527 [ForkJoinPool.commonPool-worker-0] INFO  ozoneimpl.OzoneContainer (OzoneContainer.java:stop(199)) - Attempting to stop container services.
2019-08-21 01:03:23,527 [main] INFO  impl.RoleInfo (RoleInfo.java:shutdownLeaderState(104)) - a8f43d7f-8ab9-4263-bc60-233f29780d16: shutdown LeaderState
2019-08-21 01:03:23,528 [ForkJoinPool.commonPool-worker-0] INFO  impl.RaftServerProxy (RaftServerProxy.java:lambda$close$4(314)) - f7fc252f-131b-479f-9e1d-bf8bc8cd8a61: close
2019-08-21 01:03:23,528 [main] INFO  impl.PendingRequests (PendingRequests.java:sendNotLeaderResponses(202)) - a8f43d7f-8ab9-4263-bc60-233f29780d16-PendingRequests: sendNotLeaderResponses
2019-08-21 01:03:23,528 [ForkJoinPool.commonPool-worker-0] INFO  impl.RaftServerImpl (RaftServerImpl.java:lambda$shutdown$3(245)) - f7fc252f-131b-479f-9e1d-bf8bc8cd8a61: shutdown group-59BB1868FAF7
2019-08-21 01:03:23,529 [main] INFO  impl.StateMachineUpdater (StateMachineUpdater.java:stopAndJoin(115)) - StateMachineUpdater:a8f43d7f-8ab9-4263-bc60-233f29780d16:group-F83951DF55EB: set stopIndex = 0
2019-08-21 01:03:23,529 [ForkJoinPool.commonPool-worker-0] INFO  util.JmxRegister (JmxRegister.java:unregister(73)) - Successfully un-registered JMX Bean with object name Ratis:service=RaftServer,group=group-59BB1868FAF7,id=f7fc252f-131b-479f-9e1d-bf8bc8cd8a61
2019-08-21 01:03:23,529 [main] INFO  impl.RaftServerImpl (ServerState.java:close(394)) - a8f43d7f-8ab9-4263-bc60-233f29780d16:group-F83951DF55EB closes. The last applied log index is 0
2019-08-21 01:03:23,530 [ForkJoinPool.commonPool-worker-0] INFO  impl.RoleInfo (RoleInfo.java:shutdownLeaderState(104)) - f7fc252f-131b-479f-9e1d-bf8bc8cd8a61: shutdown LeaderState
2019-08-21 01:03:23,530 [a8f43d7f-8ab9-4263-bc60-233f29780d16-SegmentedRaftLogWorker:Storage Directory /workdir/hadoop-ozone/integration-test/target/test-dir/MiniOzoneClusterImpl-b121f0fa-5b36-4e30-bdae-6f5cf730914f/datanode-3/data/ratis/16b984d5-0abb-4268-988f-f83951df55eb] INFO  segmented.SegmentedRaftLogWorker (SegmentedRaftLogWorker.java:run(313)) - a8f43d7f-8ab9-4263-bc60-233f29780d16-SegmentedRaftLogWorker:Storage Directory /workdir/hadoop-ozone/integration-test/target/test-dir/MiniOzoneClusterImpl-b121f0fa-5b36-4e30-bdae-6f5cf730914f/datanode-3/data/ratis/16b984d5-0abb-4268-988f-f83951df55eb was interrupted, exiting. There are 0 tasks remaining in the queue.
2019-08-21 01:03:23,531 [ForkJoinPool.commonPool-worker-0] INFO  impl.PendingRequests (PendingRequests.java:sendNotLeaderResponses(202)) - f7fc252f-131b-479f-9e1d-bf8bc8cd8a61-PendingRequests: sendNotLeaderResponses
2019-08-21 01:03:23,534 [main] INFO  segmented.SegmentedRaftLogWorker (SegmentedRaftLogWorker.java:close(228)) - a8f43d7f-8ab9-4263-bc60-233f29780d16-SegmentedRaftLogWorker:Storage Directory /workdir/hadoop-ozone/integration-test/target/test-dir/MiniOzoneClusterImpl-b121f0fa-5b36-4e30-bdae-6f5cf730914f/datanode-3/data/ratis/16b984d5-0abb-4268-988f-f83951df55eb close()
2019-08-21 01:03:23,534 [ForkJoinPool.commonPool-worker-0] INFO  impl.StateMachineUpdater (StateMachineUpdater.java:stopAndJoin(115)) - StateMachineUpdater:f7fc252f-131b-479f-9e1d-bf8bc8cd8a61:group-59BB1868FAF7: set stopIndex = 0
2019-08-21 01:03:23,539 [ForkJoinPool.commonPool-worker-0] INFO  impl.RaftServerImpl (ServerState.java:close(394)) - f7fc252f-131b-479f-9e1d-bf8bc8cd8a61:group-59BB1868FAF7 closes. The last applied log index is 0
2019-08-21 01:03:23,538 [main] INFO  impl.RaftServerImpl (RaftServerImpl.java:lambda$shutdown$3(245)) - a8f43d7f-8ab9-4263-bc60-233f29780d16: shutdown group-4D5979CA93C7
2019-08-21 01:03:23,539 [f7fc252f-131b-479f-9e1d-bf8bc8cd8a61-SegmentedRaftLogWorker:Storage Directory /workdir/hadoop-ozone/integration-test/target/test-dir/MiniOzoneClusterImpl-b121f0fa-5b36-4e30-bdae-6f5cf730914f/datanode-0/data/ratis/ec82a8df-300b-483c-a2c5-59bb1868faf7] INFO  segmented.SegmentedRaftLogWorker (SegmentedRaftLogWorker.java:run(313)) - f7fc252f-131b-479f-9e1d-bf8bc8cd8a61-SegmentedRaftLogWorker:Storage Directory /workdir/hadoop-ozone/integration-test/target/test-dir/MiniOzoneClusterImpl-b121f0fa-5b36-4e30-bdae-6f5cf730914f/datanode-0/data/ratis/ec82a8df-300b-483c-a2c5-59bb1868faf7 was interrupted, exiting. There are 0 tasks remaining in the queue.
2019-08-21 01:03:23,539 [main] INFO  util.JmxRegister (JmxRegister.java:unregister(73)) - Successfully un-registered JMX Bean with object name Ratis:service=RaftServer,group=group-4D5979CA93C7,id=a8f43d7f-8ab9-4263-bc60-233f29780d16
2019-08-21 01:03:23,541 [ForkJoinPool.commonPool-worker-0] INFO  segmented.SegmentedRaftLogWorker (SegmentedRaftLogWorker.java:close(228)) - f7fc252f-131b-479f-9e1d-bf8bc8cd8a61-SegmentedRaftLogWorker:Storage Directory /workdir/hadoop-ozone/integration-test/target/test-dir/MiniOzoneClusterImpl-b121f0fa-5b36-4e30-bdae-6f5cf730914f/datanode-0/data/ratis/ec82a8df-300b-483c-a2c5-59bb1868faf7 close()
2019-08-21 01:03:23,542 [main] INFO  impl.RoleInfo (RoleInfo.java:shutdownFollowerState(121)) - a8f43d7f-8ab9-4263-bc60-233f29780d16: shutdown FollowerState
2019-08-21 01:03:23,545 [ForkJoinPool.commonPool-worker-0] INFO  impl.RaftServerImpl (RaftServerImpl.java:lambda$shutdown$3(245)) - f7fc252f-131b-479f-9e1d-bf8bc8cd8a61: shutdown group-3528105455D3
2019-08-21 01:03:23,546 [StateMachineUpdater:a8f43d7f-8ab9-4263-bc60-233f29780d16:group-4D5979CA93C7] INFO  ratis.ContainerStateMachine (ContainerStateMachine.java:takeSnapshot(283)) - group-4D5979CA93C7: Taking a snapshot at:(t:1, i:14) file /workdir/hadoop-ozone/integration-test/target/test-dir/MiniOzoneClusterImpl-b121f0fa-5b36-4e30-bdae-6f5cf730914f/datanode-3/data/ratis/b22549c8-e21d-4f4d-a2c6-4d5979ca93c7/sm/snapshot.1_14
2019-08-21 01:03:23,546 [main] INFO  impl.StateMachineUpdater (StateMachineUpdater.java:stopAndJoin(115)) - StateMachineUpdater:a8f43d7f-8ab9-4263-bc60-233f29780d16:group-4D5979CA93C7: set stopIndex = 16
2019-08-21 01:03:23,546 [Thread-3376] INFO  impl.FollowerState (FollowerState.java:run(114)) - a8f43d7f-8ab9-4263-bc60-233f29780d16: FollowerState was interrupted: java.lang.InterruptedException: sleep interrupted
2019-08-21 01:03:23,546 [ForkJoinPool.commonPool-worker-0] INFO  util.JmxRegister (JmxRegister.java:unregister(73)) - Successfully un-registered JMX Bean with object name Ratis:service=RaftServer,group=group-3528105455D3,id=f7fc252f-131b-479f-9e1d-bf8bc8cd8a61
2019-08-21 01:03:23,557 [ForkJoinPool.commonPool-worker-0] INFO  impl.RoleInfo (RoleInfo.java:shutdownFollowerState(121)) - f7fc252f-131b-479f-9e1d-bf8bc8cd8a61: shutdown FollowerState
2019-08-21 01:03:23,557 [ForkJoinPool.commonPool-worker-0] INFO  impl.StateMachineUpdater (StateMachineUpdater.java:stopAndJoin(115)) - StateMachineUpdater:f7fc252f-131b-479f-9e1d-bf8bc8cd8a61:group-3528105455D3: set stopIndex = 17
2019-08-21 01:03:23,557 [Thread-3625] INFO  impl.FollowerState (FollowerState.java:run(114)) - f7fc252f-131b-479f-9e1d-bf8bc8cd8a61: FollowerState was interrupted: java.lang.InterruptedException: sleep interrupted
2019-08-21 01:03:23,557 [StateMachineUpdater:f7fc252f-131b-479f-9e1d-bf8bc8cd8a61:group-3528105455D3] INFO  ratis.ContainerStateMachine (ContainerStateMachine.java:takeSnapshot(283)) - group-3528105455D3: Taking a snapshot at:(t:2, i:13) file /workdir/hadoop-ozone/integration-test/target/test-dir/MiniOzoneClusterImpl-b121f0fa-5b36-4e30-bdae-6f5cf730914f/datanode-0/data/ratis/8a3425bf-2bba-4f72-9a42-3528105455d3/sm/snapshot.2_13
2019-08-21 01:03:23,572 [StateMachineUpdater:a8f43d7f-8ab9-4263-bc60-233f29780d16:group-4D5979CA93C7] INFO  ratis.ContainerStateMachine (ContainerStateMachine.java:takeSnapshot(294)) - group-4D5979CA93C7: Finished taking a snapshot at:(t:1, i:14) file:/workdir/hadoop-ozone/integration-test/target/test-dir/MiniOzoneClusterImpl-b121f0fa-5b36-4e30-bdae-6f5cf730914f/datanode-3/data/ratis/b22549c8-e21d-4f4d-a2c6-4d5979ca93c7/sm/snapshot.1_14 time:26
2019-08-21 01:03:23,572 [StateMachineUpdater:a8f43d7f-8ab9-4263-bc60-233f29780d16:group-4D5979CA93C7] INFO  impl.StateMachineUpdater (StateMachineUpdater.java:takeSnapshot(242)) - StateMachineUpdater:a8f43d7f-8ab9-4263-bc60-233f29780d16:group-4D5979CA93C7: Took a snapshot at index 14
2019-08-21 01:03:23,572 [StateMachineUpdater:a8f43d7f-8ab9-4263-bc60-233f29780d16:group-4D5979CA93C7] INFO  impl.StateMachineUpdater (StateMachineUpdater.java:lambda$new$0(80)) - StateMachineUpdater:a8f43d7f-8ab9-4263-bc60-233f29780d16:group-4D5979CA93C7: snapshotIndex: updateIncreasingly -1 -> 14
2019-08-21 01:03:23,573 [main] INFO  impl.RaftServerImpl (ServerState.java:close(394)) - a8f43d7f-8ab9-4263-bc60-233f29780d16:group-4D5979CA93C7 closes. The last applied log index is 16
2019-08-21 01:03:23,573 [StateMachineUpdater:f7fc252f-131b-479f-9e1d-bf8bc8cd8a61:group-3528105455D3] INFO  ratis.ContainerStateMachine (ContainerStateMachine.java:takeSnapshot(294)) - group-3528105455D3: Finished taking a snapshot at:(t:2, i:13) file:/workdir/hadoop-ozone/integration-test/target/test-dir/MiniOzoneClusterImpl-b121f0fa-5b36-4e30-bdae-6f5cf730914f/datanode-0/data/ratis/8a3425bf-2bba-4f72-9a42-3528105455d3/sm/snapshot.2_13 time:15
2019-08-21 01:03:23,573 [StateMachineUpdater:f7fc252f-131b-479f-9e1d-bf8bc8cd8a61:group-3528105455D3] INFO  impl.StateMachineUpdater (StateMachineUpdater.java:takeSnapshot(242)) - StateMachineUpdater:f7fc252f-131b-479f-9e1d-bf8bc8cd8a61:group-3528105455D3: Took a snapshot at index 13
2019-08-21 01:03:23,573 [a8f43d7f-8ab9-4263-bc60-233f29780d16-SegmentedRaftLogWorker:Storage Directory /workdir/hadoop-ozone/integration-test/target/test-dir/MiniOzoneClusterImpl-b121f0fa-5b36-4e30-bdae-6f5cf730914f/datanode-3/data/ratis/b22549c8-e21d-4f4d-a2c6-4d5979ca93c7] INFO  segmented.SegmentedRaftLogWorker (SegmentedRaftLogWorker.java:run(313)) - a8f43d7f-8ab9-4263-bc60-233f29780d16-SegmentedRaftLogWorker:Storage Directory /workdir/hadoop-ozone/integration-test/target/test-dir/MiniOzoneClusterImpl-b121f0fa-5b36-4e30-bdae-6f5cf730914f/datanode-3/data/ratis/b22549c8-e21d-4f4d-a2c6-4d5979ca93c7 was interrupted, exiting. There are 0 tasks remaining in the queue.
2019-08-21 01:03:23,573 [StateMachineUpdater:f7fc252f-131b-479f-9e1d-bf8bc8cd8a61:group-3528105455D3] INFO  impl.StateMachineUpdater (StateMachineUpdater.java:lambda$new$0(80)) - StateMachineUpdater:f7fc252f-131b-479f-9e1d-bf8bc8cd8a61:group-3528105455D3: snapshotIndex: updateIncreasingly -1 -> 13
2019-08-21 01:03:23,575 [main] INFO  segmented.SegmentedRaftLogWorker (SegmentedRaftLogWorker.java:close(228)) - a8f43d7f-8ab9-4263-bc60-233f29780d16-SegmentedRaftLogWorker:Storage Directory /workdir/hadoop-ozone/integration-test/target/test-dir/MiniOzoneClusterImpl-b121f0fa-5b36-4e30-bdae-6f5cf730914f/datanode-3/data/ratis/b22549c8-e21d-4f4d-a2c6-4d5979ca93c7 close()
2019-08-21 01:03:23,575 [ForkJoinPool.commonPool-worker-0] INFO  impl.RaftServerImpl (ServerState.java:close(394)) - f7fc252f-131b-479f-9e1d-bf8bc8cd8a61:group-3528105455D3 closes. The last applied log index is 17
2019-08-21 01:03:23,579 [main] INFO  server.GrpcService (GrpcService.java:closeImpl(155)) - a8f43d7f-8ab9-4263-bc60-233f29780d16: shutdown server with port 36401 now
2019-08-21 01:03:23,579 [f7fc252f-131b-479f-9e1d-bf8bc8cd8a61-SegmentedRaftLogWorker:Storage Directory /workdir/hadoop-ozone/integration-test/target/test-dir/MiniOzoneClusterImpl-b121f0fa-5b36-4e30-bdae-6f5cf730914f/datanode-0/data/ratis/8a3425bf-2bba-4f72-9a42-3528105455d3] INFO  segmented.SegmentedRaftLogWorker (SegmentedRaftLogWorker.java:run(313)) - f7fc252f-131b-479f-9e1d-bf8bc8cd8a61-SegmentedRaftLogWorker:Storage Directory /workdir/hadoop-ozone/integration-test/target/test-dir/MiniOzoneClusterImpl-b121f0fa-5b36-4e30-bdae-6f5cf730914f/datanode-0/data/ratis/8a3425bf-2bba-4f72-9a42-3528105455d3 was interrupted, exiting. There are 0 tasks remaining in the queue.
2019-08-21 01:03:23,584 [ForkJoinPool.commonPool-worker-0] INFO  segmented.SegmentedRaftLogWorker (SegmentedRaftLogWorker.java:close(228)) - f7fc252f-131b-479f-9e1d-bf8bc8cd8a61-SegmentedRaftLogWorker:Storage Directory /workdir/hadoop-ozone/integration-test/target/test-dir/MiniOzoneClusterImpl-b121f0fa-5b36-4e30-bdae-6f5cf730914f/datanode-0/data/ratis/8a3425bf-2bba-4f72-9a42-3528105455d3 close()
2019-08-21 01:03:23,585 [main] INFO  server.GrpcService (GrpcService.java:closeImpl(163)) - a8f43d7f-8ab9-4263-bc60-233f29780d16: shutdown server with port 36401 successfully
2019-08-21 01:03:23,586 [ForkJoinPool.commonPool-worker-0] INFO  server.GrpcService (GrpcService.java:closeImpl(155)) - f7fc252f-131b-479f-9e1d-bf8bc8cd8a61: shutdown server with port 34883 now
2019-08-21 01:03:23,587 [ForkJoinPool.commonPool-worker-0] INFO  server.GrpcService (GrpcService.java:closeImpl(163)) - f7fc252f-131b-479f-9e1d-bf8bc8cd8a61: shutdown server with port 34883 successfully
2019-08-21 01:03:23,589 [main] INFO  utils.BackgroundService (BackgroundService.java:shutdown(148)) - Shutting down service BlockDeletingService
2019-08-21 01:03:23,589 [ForkJoinPool.commonPool-worker-0] INFO  utils.BackgroundService (BackgroundService.java:shutdown(148)) - Shutting down service BlockDeletingService
2019-08-21 01:03:23,591 [refreshUsed-/workdir/hadoop-ozone/integration-test/target/test-dir/MiniOzoneClusterImpl-b121f0fa-5b36-4e30-bdae-6f5cf730914f/datanode-0/data/containers] WARN  fs.CachingGetSpaceUsed (CachingGetSpaceUsed.java:run(183)) - Thread Interrupted waiting to refresh disk information: sleep interrupted
2019-08-21 01:03:23,591 [refreshUsed-/workdir/hadoop-ozone/integration-test/target/test-dir/MiniOzoneClusterImpl-b121f0fa-5b36-4e30-bdae-6f5cf730914f/datanode-3/data/containers] WARN  fs.CachingGetSpaceUsed (CachingGetSpaceUsed.java:run(183)) - Thread Interrupted waiting to refresh disk information: sleep interrupted
2019-08-21 01:03:23,612 [main] INFO  statemachine.DatanodeStateMachine (DatanodeStateMachine.java:stopDaemon(395)) - Ozone container server stopped.
2019-08-21 01:03:23,613 [main] INFO  handler.ContextHandler (ContextHandler.java:doStop(910)) - Stopped o.e.j.w.WebAppContext@41030c21{/,null,UNAVAILABLE}{/hddsDatanode}
2019-08-21 01:03:23,614 [main] INFO  server.AbstractConnector (AbstractConnector.java:doStop(318)) - Stopped ServerConnector@3c5797c6{HTTP/1.1,[http/1.1]}{0.0.0.0:0}
2019-08-21 01:03:23,614 [main] INFO  handler.ContextHandler (ContextHandler.java:doStop(910)) - Stopped o.e.j.s.ServletContextHandler@2ff4d61b{/static,jar:file:/home/user/.m2/repository/org/apache/hadoop/hadoop-hdds-container-service/0.5.0-SNAPSHOT/hadoop-hdds-container-service-0.5.0-SNAPSHOT.jar!/webapps/static,UNAVAILABLE}
2019-08-21 01:03:23,615 [main] INFO  handler.ContextHandler (ContextHandler.java:doStop(910)) - Stopped o.e.j.s.ServletContextHandler@3c9cab4{/logs,file:///workdir/hadoop-ozone/integration-test/target/log,UNAVAILABLE}
2019-08-21 01:03:23,619 [ForkJoinPool.commonPool-worker-0] INFO  statemachine.DatanodeStateMachine (DatanodeStateMachine.java:stopDaemon(395)) - Ozone container server stopped.
2019-08-21 01:03:23,624 [main] INFO  datanode.ObjectStoreHandler (ObjectStoreHandler.java:close(155)) - Closing ObjectStoreHandler.
2019-08-21 01:03:23,625 [ForkJoinPool.commonPool-worker-0] INFO  handler.ContextHandler (ContextHandler.java:doStop(910)) - Stopped o.e.j.w.WebAppContext@c50503e{/,null,UNAVAILABLE}{/hddsDatanode}
2019-08-21 01:03:23,626 [main] INFO  ozone.HddsDatanodeService (HddsDatanodeService.java:stop(451)) - Stopped plug-in org.apache.hadoop.ozone.web.OzoneHddsDatanodeService@4d343793
2019-08-21 01:03:23,626 [ForkJoinPool.commonPool-worker-0] INFO  server.AbstractConnector (AbstractConnector.java:doStop(318)) - Stopped ServerConnector@4ac2b4c6{HTTP/1.1,[http/1.1]}{0.0.0.0:0}
2019-08-21 01:03:23,628 [ForkJoinPool.commonPool-worker-0] INFO  handler.ContextHandler (ContextHandler.java:doStop(910)) - Stopped o.e.j.s.ServletContextHandler@6e43c01f{/static,jar:file:/home/user/.m2/repository/org/apache/hadoop/hadoop-hdds-container-service/0.5.0-SNAPSHOT/hadoop-hdds-container-service-0.5.0-SNAPSHOT.jar!/webapps/static,UNAVAILABLE}
2019-08-21 01:03:23,630 [ForkJoinPool.commonPool-worker-0] INFO  handler.ContextHandler (ContextHandler.java:doStop(910)) - Stopped o.e.j.s.ServletContextHandler@56dae6{/logs,file:///workdir/hadoop-ozone/integration-test/target/log,UNAVAILABLE}
2019-08-21 01:03:23,631 [ForkJoinPool.commonPool-worker-0] INFO  datanode.ObjectStoreHandler (ObjectStoreHandler.java:close(155)) - Closing ObjectStoreHandler.
2019-08-21 01:03:23,631 [ForkJoinPool.commonPool-worker-0] INFO  ozone.HddsDatanodeService (HddsDatanodeService.java:stop(451)) - Stopped plug-in org.apache.hadoop.ozone.web.OzoneHddsDatanodeService@26bd2d7d
2019-08-21 01:03:24,015 [Datanode State Machine Thread - 0] INFO  statemachine.DatanodeStateMachine (DatanodeStateMachine.java:lambda$startDaemon$0(350)) - Ozone container server started.
2019-08-21 01:03:24,193 [Datanode State Machine Thread - 0] INFO  statemachine.DatanodeStateMachine (DatanodeStateMachine.java:lambda$startDaemon$0(350)) - Ozone container server started.
2019-08-21 01:03:27,784 [Thread-3375] INFO  impl.FollowerState (FollowerState.java:run(106)) - fccca5a2-55db-4efd-8b7f-8a266599827f:group-4D5979CA93C7 changes to CANDIDATE, lastRpcTime:9431, electionTimeout:5154ms
2019-08-21 01:03:27,785 [Thread-3375] INFO  impl.RoleInfo (RoleInfo.java:shutdownFollowerState(121)) - fccca5a2-55db-4efd-8b7f-8a266599827f: shutdown FollowerState
2019-08-21 01:03:27,785 [Thread-3375] INFO  impl.RaftServerImpl (RaftServerImpl.java:setRole(171)) - fccca5a2-55db-4efd-8b7f-8a266599827f:group-4D5979CA93C7 changes role from FOLLOWER to CANDIDATE at term 1 for changeToCandidate
2019-08-21 01:03:27,785 [Thread-3375] INFO  impl.RoleInfo (RoleInfo.java:updateAndGet(143)) - fccca5a2-55db-4efd-8b7f-8a266599827f: start LeaderElection
2019-08-21 01:03:27,786 [fccca5a2-55db-4efd-8b7f-8a266599827f:group-4D5979CA93C7:LeaderElection69] INFO  impl.RaftServerImpl (ServerState.java:setLeader(263)) - fccca5a2-55db-4efd-8b7f-8a266599827f:group-4D5979CA93C7 change Leader from 24a30f30-831a-4833-93ea-707e8199d09b to null at term 1 for initElection
2019-08-21 01:03:27,811 [fccca5a2-55db-4efd-8b7f-8a266599827f:group-4D5979CA93C7:LeaderElection69] INFO  impl.LeaderElection (LeaderElection.java:askForVotes(181)) - fccca5a2-55db-4efd-8b7f-8a266599827f:group-4D5979CA93C7:LeaderElection69: begin an election at term 2 for 0: [fccca5a2-55db-4efd-8b7f-8a266599827f:192.168.34.10:41787, a8f43d7f-8ab9-4263-bc60-233f29780d16:192.168.34.10:36401, 24a30f30-831a-4833-93ea-707e8199d09b:192.168.34.10:34461], old=null
2019-08-21 01:03:27,814 [fccca5a2-55db-4efd-8b7f-8a266599827f:group-4D5979CA93C7:LeaderElection69] INFO  impl.LeaderElection (LogUtils.java:infoOrTrace(149)) - fccca5a2-55db-4efd-8b7f-8a266599827f:group-4D5979CA93C7:LeaderElection69 got exception when requesting votes: {}
java.util.concurrent.ExecutionException: org.apache.ratis.thirdparty.io.grpc.StatusRuntimeException: UNAVAILABLE: io exception
	at java.util.concurrent.FutureTask.report(FutureTask.java:122)
	at java.util.concurrent.FutureTask.get(FutureTask.java:192)
	at org.apache.ratis.server.impl.LeaderElection.waitForResults(LeaderElection.java:262)
	at org.apache.ratis.server.impl.LeaderElection.askForVotes(LeaderElection.java:200)
	at org.apache.ratis.server.impl.LeaderElection.run(LeaderElection.java:130)
	at java.lang.Thread.run(Thread.java:748)
Caused by: org.apache.ratis.thirdparty.io.grpc.StatusRuntimeException: UNAVAILABLE: io exception
	at org.apache.ratis.thirdparty.io.grpc.stub.ClientCalls.toStatusRuntimeException(ClientCalls.java:233)
	at org.apache.ratis.thirdparty.io.grpc.stub.ClientCalls.getUnchecked(ClientCalls.java:214)
	at org.apache.ratis.thirdparty.io.grpc.stub.ClientCalls.blockingUnaryCall(ClientCalls.java:139)
	at org.apache.ratis.proto.grpc.RaftServerProtocolServiceGrpc$RaftServerProtocolServiceBlockingStub.requestVote(RaftServerProtocolServiceGrpc.java:265)
	at org.apache.ratis.grpc.server.GrpcServerProtocolClient.requestVote(GrpcServerProtocolClient.java:83)
	at org.apache.ratis.grpc.server.GrpcService.requestVote(GrpcService.java:195)
	at org.apache.ratis.server.impl.LeaderElection.lambda$submitRequests$1(LeaderElection.java:237)
	at java.util.concurrent.FutureTask.run(FutureTask.java:266)
	at java.util.concurrent.Executors$RunnableAdapter.call(Executors.java:511)
	at java.util.concurrent.FutureTask.run(FutureTask.java:266)
	at java.util.concurrent.ThreadPoolExecutor.runWorker(ThreadPoolExecutor.java:1149)
	at java.util.concurrent.ThreadPoolExecutor$Worker.run(ThreadPoolExecutor.java:624)
	... 1 more
Caused by: org.apache.ratis.thirdparty.io.netty.channel.AbstractChannel$AnnotatedConnectException: Connection refused: /192.168.34.10:34461
	at sun.nio.ch.SocketChannelImpl.checkConnect(Native Method)
	at sun.nio.ch.SocketChannelImpl.finishConnect(SocketChannelImpl.java:717)
	at org.apache.ratis.thirdparty.io.netty.channel.socket.nio.NioSocketChannel.doFinishConnect(NioSocketChannel.java:327)
	at org.apache.ratis.thirdparty.io.netty.channel.nio.AbstractNioChannel$AbstractNioUnsafe.finishConnect(AbstractNioChannel.java:340)
	at org.apache.ratis.thirdparty.io.netty.channel.nio.NioEventLoop.processSelectedKey(NioEventLoop.java:632)
	at org.apache.ratis.thirdparty.io.netty.channel.nio.NioEventLoop.processSelectedKeysOptimized(NioEventLoop.java:579)
	at org.apache.ratis.thirdparty.io.netty.channel.nio.NioEventLoop.processSelectedKeys(NioEventLoop.java:496)
	at org.apache.ratis.thirdparty.io.netty.channel.nio.NioEventLoop.run(NioEventLoop.java:458)
	at org.apache.ratis.thirdparty.io.netty.util.concurrent.SingleThreadEventExecutor$5.run(SingleThreadEventExecutor.java:897)
	at org.apache.ratis.thirdparty.io.netty.util.concurrent.FastThreadLocalRunnable.run(FastThreadLocalRunnable.java:30)
	... 1 more
Caused by: java.net.ConnectException: Connection refused
	... 11 more
2019-08-21 01:03:27,817 [fccca5a2-55db-4efd-8b7f-8a266599827f:group-4D5979CA93C7:LeaderElection69] INFO  impl.LeaderElection (LogUtils.java:infoOrTrace(149)) - fccca5a2-55db-4efd-8b7f-8a266599827f:group-4D5979CA93C7:LeaderElection69 got exception when requesting votes: {}
java.util.concurrent.ExecutionException: org.apache.ratis.thirdparty.io.grpc.StatusRuntimeException: UNAVAILABLE: io exception
	at java.util.concurrent.FutureTask.report(FutureTask.java:122)
	at java.util.concurrent.FutureTask.get(FutureTask.java:192)
	at org.apache.ratis.server.impl.LeaderElection.waitForResults(LeaderElection.java:262)
	at org.apache.ratis.server.impl.LeaderElection.askForVotes(LeaderElection.java:200)
	at org.apache.ratis.server.impl.LeaderElection.run(LeaderElection.java:130)
	at java.lang.Thread.run(Thread.java:748)
Caused by: org.apache.ratis.thirdparty.io.grpc.StatusRuntimeException: UNAVAILABLE: io exception
	at org.apache.ratis.thirdparty.io.grpc.stub.ClientCalls.toStatusRuntimeException(ClientCalls.java:233)
	at org.apache.ratis.thirdparty.io.grpc.stub.ClientCalls.getUnchecked(ClientCalls.java:214)
	at org.apache.ratis.thirdparty.io.grpc.stub.ClientCalls.blockingUnaryCall(ClientCalls.java:139)
	at org.apache.ratis.proto.grpc.RaftServerProtocolServiceGrpc$RaftServerProtocolServiceBlockingStub.requestVote(RaftServerProtocolServiceGrpc.java:265)
	at org.apache.ratis.grpc.server.GrpcServerProtocolClient.requestVote(GrpcServerProtocolClient.java:83)
	at org.apache.ratis.grpc.server.GrpcService.requestVote(GrpcService.java:195)
	at org.apache.ratis.server.impl.LeaderElection.lambda$submitRequests$1(LeaderElection.java:237)
	at java.util.concurrent.FutureTask.run(FutureTask.java:266)
	at java.util.concurrent.Executors$RunnableAdapter.call(Executors.java:511)
	at java.util.concurrent.FutureTask.run(FutureTask.java:266)
	at java.util.concurrent.ThreadPoolExecutor.runWorker(ThreadPoolExecutor.java:1149)
	at java.util.concurrent.ThreadPoolExecutor$Worker.run(ThreadPoolExecutor.java:624)
	... 1 more
Caused by: org.apache.ratis.thirdparty.io.netty.channel.AbstractChannel$AnnotatedConnectException: Connection refused: /192.168.34.10:36401
	at sun.nio.ch.SocketChannelImpl.checkConnect(Native Method)
	at sun.nio.ch.SocketChannelImpl.finishConnect(SocketChannelImpl.java:717)
	at org.apache.ratis.thirdparty.io.netty.channel.socket.nio.NioSocketChannel.doFinishConnect(NioSocketChannel.java:327)
	at org.apache.ratis.thirdparty.io.netty.channel.nio.AbstractNioChannel$AbstractNioUnsafe.finishConnect(AbstractNioChannel.java:340)
	at org.apache.ratis.thirdparty.io.netty.channel.nio.NioEventLoop.processSelectedKey(NioEventLoop.java:632)
	at org.apache.ratis.thirdparty.io.netty.channel.nio.NioEventLoop.processSelectedKeysOptimized(NioEventLoop.java:579)
	at org.apache.ratis.thirdparty.io.netty.channel.nio.NioEventLoop.processSelectedKeys(NioEventLoop.java:496)
	at org.apache.ratis.thirdparty.io.netty.channel.nio.NioEventLoop.run(NioEventLoop.java:458)
	at org.apache.ratis.thirdparty.io.netty.util.concurrent.SingleThreadEventExecutor$5.run(SingleThreadEventExecutor.java:897)
	at org.apache.ratis.thirdparty.io.netty.util.concurrent.FastThreadLocalRunnable.run(FastThreadLocalRunnable.java:30)
	... 1 more
Caused by: java.net.ConnectException: Connection refused
	... 11 more
2019-08-21 01:03:27,818 [fccca5a2-55db-4efd-8b7f-8a266599827f:group-4D5979CA93C7:LeaderElection69] INFO  impl.LeaderElection (LeaderElection.java:logAndReturn(56)) - fccca5a2-55db-4efd-8b7f-8a266599827f:group-4D5979CA93C7:LeaderElection69: Election REJECTED; received 0 response(s) [] and 2 exception(s); fccca5a2-55db-4efd-8b7f-8a266599827f:t2, leader=null, voted=fccca5a2-55db-4efd-8b7f-8a266599827f, raftlog=fccca5a2-55db-4efd-8b7f-8a266599827f-SegmentedRaftLog:OPENED:c16,f16,i16, conf=0: [fccca5a2-55db-4efd-8b7f-8a266599827f:192.168.34.10:41787, a8f43d7f-8ab9-4263-bc60-233f29780d16:192.168.34.10:36401, 24a30f30-831a-4833-93ea-707e8199d09b:192.168.34.10:34461], old=null
2019-08-21 01:03:27,819 [fccca5a2-55db-4efd-8b7f-8a266599827f:group-4D5979CA93C7:LeaderElection69] INFO  impl.LeaderElection (LogUtils.java:infoOrTrace(149)) -   Exception 0: {}
java.util.concurrent.ExecutionException: org.apache.ratis.thirdparty.io.grpc.StatusRuntimeException: UNAVAILABLE: io exception
	at java.util.concurrent.FutureTask.report(FutureTask.java:122)
	at java.util.concurrent.FutureTask.get(FutureTask.java:192)
	at org.apache.ratis.server.impl.LeaderElection.waitForResults(LeaderElection.java:262)
	at org.apache.ratis.server.impl.LeaderElection.askForVotes(LeaderElection.java:200)
	at org.apache.ratis.server.impl.LeaderElection.run(LeaderElection.java:130)
	at java.lang.Thread.run(Thread.java:748)
Caused by: org.apache.ratis.thirdparty.io.grpc.StatusRuntimeException: UNAVAILABLE: io exception
	at org.apache.ratis.thirdparty.io.grpc.stub.ClientCalls.toStatusRuntimeException(ClientCalls.java:233)
	at org.apache.ratis.thirdparty.io.grpc.stub.ClientCalls.getUnchecked(ClientCalls.java:214)
	at org.apache.ratis.thirdparty.io.grpc.stub.ClientCalls.blockingUnaryCall(ClientCalls.java:139)
	at org.apache.ratis.proto.grpc.RaftServerProtocolServiceGrpc$RaftServerProtocolServiceBlockingStub.requestVote(RaftServerProtocolServiceGrpc.java:265)
	at org.apache.ratis.grpc.server.GrpcServerProtocolClient.requestVote(GrpcServerProtocolClient.java:83)
	at org.apache.ratis.grpc.server.GrpcService.requestVote(GrpcService.java:195)
	at org.apache.ratis.server.impl.LeaderElection.lambda$submitRequests$1(LeaderElection.java:237)
	at java.util.concurrent.FutureTask.run(FutureTask.java:266)
	at java.util.concurrent.Executors$RunnableAdapter.call(Executors.java:511)
	at java.util.concurrent.FutureTask.run(FutureTask.java:266)
	at java.util.concurrent.ThreadPoolExecutor.runWorker(ThreadPoolExecutor.java:1149)
	at java.util.concurrent.ThreadPoolExecutor$Worker.run(ThreadPoolExecutor.java:624)
	... 1 more
Caused by: org.apache.ratis.thirdparty.io.netty.channel.AbstractChannel$AnnotatedConnectException: Connection refused: /192.168.34.10:34461
	at sun.nio.ch.SocketChannelImpl.checkConnect(Native Method)
	at sun.nio.ch.SocketChannelImpl.finishConnect(SocketChannelImpl.java:717)
	at org.apache.ratis.thirdparty.io.netty.channel.socket.nio.NioSocketChannel.doFinishConnect(NioSocketChannel.java:327)
	at org.apache.ratis.thirdparty.io.netty.channel.nio.AbstractNioChannel$AbstractNioUnsafe.finishConnect(AbstractNioChannel.java:340)
	at org.apache.ratis.thirdparty.io.netty.channel.nio.NioEventLoop.processSelectedKey(NioEventLoop.java:632)
	at org.apache.ratis.thirdparty.io.netty.channel.nio.NioEventLoop.processSelectedKeysOptimized(NioEventLoop.java:579)
	at org.apache.ratis.thirdparty.io.netty.channel.nio.NioEventLoop.processSelectedKeys(NioEventLoop.java:496)
	at org.apache.ratis.thirdparty.io.netty.channel.nio.NioEventLoop.run(NioEventLoop.java:458)
	at org.apache.ratis.thirdparty.io.netty.util.concurrent.SingleThreadEventExecutor$5.run(SingleThreadEventExecutor.java:897)
	at org.apache.ratis.thirdparty.io.netty.util.concurrent.FastThreadLocalRunnable.run(FastThreadLocalRunnable.java:30)
	... 1 more
Caused by: java.net.ConnectException: Connection refused
	... 11 more
2019-08-21 01:03:27,819 [fccca5a2-55db-4efd-8b7f-8a266599827f:group-4D5979CA93C7:LeaderElection69] INFO  impl.LeaderElection (LogUtils.java:infoOrTrace(149)) -   Exception 1: {}
java.util.concurrent.ExecutionException: org.apache.ratis.thirdparty.io.grpc.StatusRuntimeException: UNAVAILABLE: io exception
	at java.util.concurrent.FutureTask.report(FutureTask.java:122)
	at java.util.concurrent.FutureTask.get(FutureTask.java:192)
	at org.apache.ratis.server.impl.LeaderElection.waitForResults(LeaderElection.java:262)
	at org.apache.ratis.server.impl.LeaderElection.askForVotes(LeaderElection.java:200)
	at org.apache.ratis.server.impl.LeaderElection.run(LeaderElection.java:130)
	at java.lang.Thread.run(Thread.java:748)
Caused by: org.apache.ratis.thirdparty.io.grpc.StatusRuntimeException: UNAVAILABLE: io exception
	at org.apache.ratis.thirdparty.io.grpc.stub.ClientCalls.toStatusRuntimeException(ClientCalls.java:233)
	at org.apache.ratis.thirdparty.io.grpc.stub.ClientCalls.getUnchecked(ClientCalls.java:214)
	at org.apache.ratis.thirdparty.io.grpc.stub.ClientCalls.blockingUnaryCall(ClientCalls.java:139)
	at org.apache.ratis.proto.grpc.RaftServerProtocolServiceGrpc$RaftServerProtocolServiceBlockingStub.requestVote(RaftServerProtocolServiceGrpc.java:265)
	at org.apache.ratis.grpc.server.GrpcServerProtocolClient.requestVote(GrpcServerProtocolClient.java:83)
	at org.apache.ratis.grpc.server.GrpcService.requestVote(GrpcService.java:195)
	at org.apache.ratis.server.impl.LeaderElection.lambda$submitRequests$1(LeaderElection.java:237)
	at java.util.concurrent.FutureTask.run(FutureTask.java:266)
	at java.util.concurrent.Executors$RunnableAdapter.call(Executors.java:511)
	at java.util.concurrent.FutureTask.run(FutureTask.java:266)
	at java.util.concurrent.ThreadPoolExecutor.runWorker(ThreadPoolExecutor.java:1149)
	at java.util.concurrent.ThreadPoolExecutor$Worker.run(ThreadPoolExecutor.java:624)
	... 1 more
Caused by: org.apache.ratis.thirdparty.io.netty.channel.AbstractChannel$AnnotatedConnectException: Connection refused: /192.168.34.10:36401
	at sun.nio.ch.SocketChannelImpl.checkConnect(Native Method)
	at sun.nio.ch.SocketChannelImpl.finishConnect(SocketChannelImpl.java:717)
	at org.apache.ratis.thirdparty.io.netty.channel.socket.nio.NioSocketChannel.doFinishConnect(NioSocketChannel.java:327)
	at org.apache.ratis.thirdparty.io.netty.channel.nio.AbstractNioChannel$AbstractNioUnsafe.finishConnect(AbstractNioChannel.java:340)
	at org.apache.ratis.thirdparty.io.netty.channel.nio.NioEventLoop.processSelectedKey(NioEventLoop.java:632)
	at org.apache.ratis.thirdparty.io.netty.channel.nio.NioEventLoop.processSelectedKeysOptimized(NioEventLoop.java:579)
	at org.apache.ratis.thirdparty.io.netty.channel.nio.NioEventLoop.processSelectedKeys(NioEventLoop.java:496)
	at org.apache.ratis.thirdparty.io.netty.channel.nio.NioEventLoop.run(NioEventLoop.java:458)
	at org.apache.ratis.thirdparty.io.netty.util.concurrent.SingleThreadEventExecutor$5.run(SingleThreadEventExecutor.java:897)
	at org.apache.ratis.thirdparty.io.netty.util.concurrent.FastThreadLocalRunnable.run(FastThreadLocalRunnable.java:30)
	... 1 more
Caused by: java.net.ConnectException: Connection refused
	... 11 more
2019-08-21 01:03:27,819 [fccca5a2-55db-4efd-8b7f-8a266599827f:group-4D5979CA93C7:LeaderElection69] INFO  impl.RaftServerImpl (RaftServerImpl.java:setRole(171)) - fccca5a2-55db-4efd-8b7f-8a266599827f:group-4D5979CA93C7 changes role from CANDIDATE to FOLLOWER at term 2 for DISCOVERED_A_NEW_TERM
2019-08-21 01:03:27,819 [fccca5a2-55db-4efd-8b7f-8a266599827f:group-4D5979CA93C7:LeaderElection69] INFO  impl.RoleInfo (RoleInfo.java:shutdownLeaderElection(134)) - fccca5a2-55db-4efd-8b7f-8a266599827f: shutdown LeaderElection
2019-08-21 01:03:27,819 [fccca5a2-55db-4efd-8b7f-8a266599827f:group-4D5979CA93C7:LeaderElection69] INFO  impl.RoleInfo (RoleInfo.java:updateAndGet(143)) - fccca5a2-55db-4efd-8b7f-8a266599827f: start FollowerState
2019-08-21 01:03:28,063 [EventQueue-StaleNodeForStaleNodeHandler] INFO  node.StaleNodeHandler (StaleNodeHandler.java:onMessage(58)) - Datanode 853a8d38-210a-40e1-a500-60344a22ce2b{ip: 192.168.34.10, host: pr-hdds-1927-qfsst-2448355857, networkLocation: /default-rack, certSerialId: null} moved to stale state. Finalizing its pipelines [PipelineID=b8d82d89-1258-41c2-a0a8-22ce4606d816]
2019-08-21 01:03:28,064 [EventQueue-StaleNodeForStaleNodeHandler] INFO  pipeline.SCMPipelineManager (SCMPipelineManager.java:finalizeAndDestroyPipeline(309)) - destroying pipeline:Pipeline[ Id: b8d82d89-1258-41c2-a0a8-22ce4606d816, Nodes: 853a8d38-210a-40e1-a500-60344a22ce2b{ip: 192.168.34.10, host: pr-hdds-1927-qfsst-2448355857, networkLocation: /default-rack, certSerialId: null}, Type:RATIS, Factor:ONE, State:OPEN]
2019-08-21 01:03:28,064 [EventQueue-StaleNodeForStaleNodeHandler] INFO  pipeline.PipelineStateManager (PipelineStateManager.java:finalizePipeline(123)) - Pipeline Pipeline[ Id: b8d82d89-1258-41c2-a0a8-22ce4606d816, Nodes: 853a8d38-210a-40e1-a500-60344a22ce2b{ip: 192.168.34.10, host: pr-hdds-1927-qfsst-2448355857, networkLocation: /default-rack, certSerialId: null}, Type:RATIS, Factor:ONE, State:CLOSED] moved to CLOSED state
2019-08-21 01:03:28,264 [EventQueue-StaleNodeForStaleNodeHandler] INFO  node.StaleNodeHandler (StaleNodeHandler.java:onMessage(58)) - Datanode fccca5a2-55db-4efd-8b7f-8a266599827f{ip: 192.168.34.10, host: pr-hdds-1927-qfsst-2448355857, networkLocation: /default-rack, certSerialId: null} moved to stale state. Finalizing its pipelines [PipelineID=7707b395-9f43-4b28-8cf2-281c8978ddb3, PipelineID=b22549c8-e21d-4f4d-a2c6-4d5979ca93c7]
2019-08-21 01:03:28,264 [EventQueue-StaleNodeForStaleNodeHandler] INFO  pipeline.SCMPipelineManager (SCMPipelineManager.java:finalizeAndDestroyPipeline(309)) - destroying pipeline:Pipeline[ Id: 7707b395-9f43-4b28-8cf2-281c8978ddb3, Nodes: fccca5a2-55db-4efd-8b7f-8a266599827f{ip: 192.168.34.10, host: pr-hdds-1927-qfsst-2448355857, networkLocation: /default-rack, certSerialId: null}, Type:RATIS, Factor:ONE, State:OPEN]
2019-08-21 01:03:28,264 [EventQueue-StaleNodeForStaleNodeHandler] INFO  pipeline.PipelineStateManager (PipelineStateManager.java:finalizePipeline(123)) - Pipeline Pipeline[ Id: 7707b395-9f43-4b28-8cf2-281c8978ddb3, Nodes: fccca5a2-55db-4efd-8b7f-8a266599827f{ip: 192.168.34.10, host: pr-hdds-1927-qfsst-2448355857, networkLocation: /default-rack, certSerialId: null}, Type:RATIS, Factor:ONE, State:CLOSED] moved to CLOSED state
2019-08-21 01:03:28,265 [EventQueue-StaleNodeForStaleNodeHandler] INFO  pipeline.SCMPipelineManager (SCMPipelineManager.java:finalizeAndDestroyPipeline(309)) - destroying pipeline:Pipeline[ Id: b22549c8-e21d-4f4d-a2c6-4d5979ca93c7, Nodes: a8f43d7f-8ab9-4263-bc60-233f29780d16{ip: 192.168.34.10, host: pr-hdds-1927-qfsst-2448355857, networkLocation: /default-rack, certSerialId: null}fccca5a2-55db-4efd-8b7f-8a266599827f{ip: 192.168.34.10, host: pr-hdds-1927-qfsst-2448355857, networkLocation: /default-rack, certSerialId: null}24a30f30-831a-4833-93ea-707e8199d09b{ip: 192.168.34.10, host: pr-hdds-1927-qfsst-2448355857, networkLocation: /default-rack, certSerialId: null}, Type:RATIS, Factor:THREE, State:CLOSED]
2019-08-21 01:03:28,627 [main] INFO  ozoneimpl.OzoneContainer (OzoneContainer.java:stop(199)) - Attempting to stop container services.
2019-08-21 01:03:28,627 [main] INFO  impl.RaftServerProxy (RaftServerProxy.java:lambda$close$4(314)) - 853a8d38-210a-40e1-a500-60344a22ce2b: close
2019-08-21 01:03:28,628 [main] INFO  impl.RaftServerImpl (RaftServerImpl.java:lambda$shutdown$3(245)) - 853a8d38-210a-40e1-a500-60344a22ce2b: shutdown group-22CE4606D816
2019-08-21 01:03:28,628 [main] INFO  util.JmxRegister (JmxRegister.java:unregister(73)) - Successfully un-registered JMX Bean with object name Ratis:service=RaftServer,group=group-22CE4606D816,id=853a8d38-210a-40e1-a500-60344a22ce2b
2019-08-21 01:03:28,629 [main] INFO  impl.RoleInfo (RoleInfo.java:shutdownLeaderState(104)) - 853a8d38-210a-40e1-a500-60344a22ce2b: shutdown LeaderState
2019-08-21 01:03:28,629 [main] INFO  impl.PendingRequests (PendingRequests.java:sendNotLeaderResponses(202)) - 853a8d38-210a-40e1-a500-60344a22ce2b-PendingRequests: sendNotLeaderResponses
2019-08-21 01:03:28,630 [main] INFO  impl.StateMachineUpdater (StateMachineUpdater.java:stopAndJoin(115)) - StateMachineUpdater:853a8d38-210a-40e1-a500-60344a22ce2b:group-22CE4606D816: set stopIndex = 0
2019-08-21 01:03:28,630 [main] INFO  impl.RaftServerImpl (ServerState.java:close(394)) - 853a8d38-210a-40e1-a500-60344a22ce2b:group-22CE4606D816 closes. The last applied log index is 0
2019-08-21 01:03:28,631 [853a8d38-210a-40e1-a500-60344a22ce2b-SegmentedRaftLogWorker:Storage Directory /workdir/hadoop-ozone/integration-test/target/test-dir/MiniOzoneClusterImpl-b121f0fa-5b36-4e30-bdae-6f5cf730914f/datanode-6/data/ratis/b8d82d89-1258-41c2-a0a8-22ce4606d816] INFO  segmented.SegmentedRaftLogWorker (SegmentedRaftLogWorker.java:run(313)) - 853a8d38-210a-40e1-a500-60344a22ce2b-SegmentedRaftLogWorker:Storage Directory /workdir/hadoop-ozone/integration-test/target/test-dir/MiniOzoneClusterImpl-b121f0fa-5b36-4e30-bdae-6f5cf730914f/datanode-6/data/ratis/b8d82d89-1258-41c2-a0a8-22ce4606d816 was interrupted, exiting. There are 0 tasks remaining in the queue.
2019-08-21 01:03:28,631 [main] INFO  segmented.SegmentedRaftLogWorker (SegmentedRaftLogWorker.java:close(228)) - 853a8d38-210a-40e1-a500-60344a22ce2b-SegmentedRaftLogWorker:Storage Directory /workdir/hadoop-ozone/integration-test/target/test-dir/MiniOzoneClusterImpl-b121f0fa-5b36-4e30-bdae-6f5cf730914f/datanode-6/data/ratis/b8d82d89-1258-41c2-a0a8-22ce4606d816 close()
2019-08-21 01:03:28,632 [ForkJoinPool.commonPool-worker-0] INFO  ozoneimpl.OzoneContainer (OzoneContainer.java:stop(199)) - Attempting to stop container services.
2019-08-21 01:03:28,634 [main] INFO  server.GrpcService (GrpcService.java:closeImpl(155)) - 853a8d38-210a-40e1-a500-60344a22ce2b: shutdown server with port 41908 now
2019-08-21 01:03:28,635 [ForkJoinPool.commonPool-worker-0] INFO  impl.RaftServerProxy (RaftServerProxy.java:lambda$close$4(314)) - fccca5a2-55db-4efd-8b7f-8a266599827f: close
2019-08-21 01:03:28,635 [ForkJoinPool.commonPool-worker-0] INFO  impl.RaftServerImpl (RaftServerImpl.java:lambda$shutdown$3(245)) - fccca5a2-55db-4efd-8b7f-8a266599827f: shutdown group-281C8978DDB3
2019-08-21 01:03:28,642 [main] INFO  server.GrpcService (GrpcService.java:closeImpl(163)) - 853a8d38-210a-40e1-a500-60344a22ce2b: shutdown server with port 41908 successfully
2019-08-21 01:03:28,642 [ForkJoinPool.commonPool-worker-0] INFO  util.JmxRegister (JmxRegister.java:unregister(73)) - Successfully un-registered JMX Bean with object name Ratis:service=RaftServer,group=group-281C8978DDB3,id=fccca5a2-55db-4efd-8b7f-8a266599827f
2019-08-21 01:03:28,643 [ForkJoinPool.commonPool-worker-0] INFO  impl.RoleInfo (RoleInfo.java:shutdownLeaderState(104)) - fccca5a2-55db-4efd-8b7f-8a266599827f: shutdown LeaderState
2019-08-21 01:03:28,643 [ForkJoinPool.commonPool-worker-0] INFO  impl.PendingRequests (PendingRequests.java:sendNotLeaderResponses(202)) - fccca5a2-55db-4efd-8b7f-8a266599827f-PendingRequests: sendNotLeaderResponses
2019-08-21 01:03:28,643 [main] INFO  utils.BackgroundService (BackgroundService.java:shutdown(148)) - Shutting down service BlockDeletingService
2019-08-21 01:03:28,644 [ForkJoinPool.commonPool-worker-0] INFO  impl.StateMachineUpdater (StateMachineUpdater.java:stopAndJoin(115)) - StateMachineUpdater:fccca5a2-55db-4efd-8b7f-8a266599827f:group-281C8978DDB3: set stopIndex = 0
2019-08-21 01:03:28,644 [ForkJoinPool.commonPool-worker-0] INFO  impl.RaftServerImpl (ServerState.java:close(394)) - fccca5a2-55db-4efd-8b7f-8a266599827f:group-281C8978DDB3 closes. The last applied log index is 0
2019-08-21 01:03:28,645 [fccca5a2-55db-4efd-8b7f-8a266599827f-SegmentedRaftLogWorker:Storage Directory /workdir/hadoop-ozone/integration-test/target/test-dir/MiniOzoneClusterImpl-b121f0fa-5b36-4e30-bdae-6f5cf730914f/datanode-5/data/ratis/7707b395-9f43-4b28-8cf2-281c8978ddb3] INFO  segmented.SegmentedRaftLogWorker (SegmentedRaftLogWorker.java:run(313)) - fccca5a2-55db-4efd-8b7f-8a266599827f-SegmentedRaftLogWorker:Storage Directory /workdir/hadoop-ozone/integration-test/target/test-dir/MiniOzoneClusterImpl-b121f0fa-5b36-4e30-bdae-6f5cf730914f/datanode-5/data/ratis/7707b395-9f43-4b28-8cf2-281c8978ddb3 was interrupted, exiting. There are 0 tasks remaining in the queue.
2019-08-21 01:03:28,645 [ForkJoinPool.commonPool-worker-0] INFO  segmented.SegmentedRaftLogWorker (SegmentedRaftLogWorker.java:close(228)) - fccca5a2-55db-4efd-8b7f-8a266599827f-SegmentedRaftLogWorker:Storage Directory /workdir/hadoop-ozone/integration-test/target/test-dir/MiniOzoneClusterImpl-b121f0fa-5b36-4e30-bdae-6f5cf730914f/datanode-5/data/ratis/7707b395-9f43-4b28-8cf2-281c8978ddb3 close()
2019-08-21 01:03:28,647 [ForkJoinPool.commonPool-worker-0] INFO  impl.RaftServerImpl (RaftServerImpl.java:lambda$shutdown$3(245)) - fccca5a2-55db-4efd-8b7f-8a266599827f: shutdown group-4D5979CA93C7
2019-08-21 01:03:28,648 [refreshUsed-/workdir/hadoop-ozone/integration-test/target/test-dir/MiniOzoneClusterImpl-b121f0fa-5b36-4e30-bdae-6f5cf730914f/datanode-6/data/containers] WARN  fs.CachingGetSpaceUsed (CachingGetSpaceUsed.java:run(183)) - Thread Interrupted waiting to refresh disk information: sleep interrupted
2019-08-21 01:03:28,648 [ForkJoinPool.commonPool-worker-0] INFO  util.JmxRegister (JmxRegister.java:unregister(73)) - Successfully un-registered JMX Bean with object name Ratis:service=RaftServer,group=group-4D5979CA93C7,id=fccca5a2-55db-4efd-8b7f-8a266599827f
2019-08-21 01:03:28,648 [ForkJoinPool.commonPool-worker-0] INFO  impl.RoleInfo (RoleInfo.java:shutdownFollowerState(121)) - fccca5a2-55db-4efd-8b7f-8a266599827f: shutdown FollowerState
2019-08-21 01:03:28,649 [ForkJoinPool.commonPool-worker-0] INFO  impl.StateMachineUpdater (StateMachineUpdater.java:stopAndJoin(115)) - StateMachineUpdater:fccca5a2-55db-4efd-8b7f-8a266599827f:group-4D5979CA93C7: set stopIndex = 16
2019-08-21 01:03:28,649 [StateMachineUpdater:fccca5a2-55db-4efd-8b7f-8a266599827f:group-4D5979CA93C7] INFO  ratis.ContainerStateMachine (ContainerStateMachine.java:takeSnapshot(283)) - group-4D5979CA93C7: Taking a snapshot at:(t:1, i:14) file /workdir/hadoop-ozone/integration-test/target/test-dir/MiniOzoneClusterImpl-b121f0fa-5b36-4e30-bdae-6f5cf730914f/datanode-5/data/ratis/b22549c8-e21d-4f4d-a2c6-4d5979ca93c7/sm/snapshot.1_14
2019-08-21 01:03:28,649 [Thread-3630] INFO  impl.FollowerState (FollowerState.java:run(114)) - fccca5a2-55db-4efd-8b7f-8a266599827f: FollowerState was interrupted: java.lang.InterruptedException: sleep interrupted
2019-08-21 01:03:28,669 [main] INFO  statemachine.DatanodeStateMachine (DatanodeStateMachine.java:stopDaemon(395)) - Ozone container server stopped.
2019-08-21 01:03:28,670 [main] INFO  handler.ContextHandler (ContextHandler.java:doStop(910)) - Stopped o.e.j.w.WebAppContext@57af157c{/,null,UNAVAILABLE}{/hddsDatanode}
2019-08-21 01:03:28,672 [main] INFO  server.AbstractConnector (AbstractConnector.java:doStop(318)) - Stopped ServerConnector@765ccc7a{HTTP/1.1,[http/1.1]}{0.0.0.0:0}
2019-08-21 01:03:28,672 [main] INFO  handler.ContextHandler (ContextHandler.java:doStop(910)) - Stopped o.e.j.s.ServletContextHandler@74ee8f57{/static,jar:file:/home/user/.m2/repository/org/apache/hadoop/hadoop-hdds-container-service/0.5.0-SNAPSHOT/hadoop-hdds-container-service-0.5.0-SNAPSHOT.jar!/webapps/static,UNAVAILABLE}
2019-08-21 01:03:28,673 [main] INFO  handler.ContextHandler (ContextHandler.java:doStop(910)) - Stopped o.e.j.s.ServletContextHandler@5ea9f2f3{/logs,file:///workdir/hadoop-ozone/integration-test/target/log,UNAVAILABLE}
2019-08-21 01:03:28,676 [StateMachineUpdater:fccca5a2-55db-4efd-8b7f-8a266599827f:group-4D5979CA93C7] INFO  ratis.ContainerStateMachine (ContainerStateMachine.java:takeSnapshot(294)) - group-4D5979CA93C7: Finished taking a snapshot at:(t:1, i:14) file:/workdir/hadoop-ozone/integration-test/target/test-dir/MiniOzoneClusterImpl-b121f0fa-5b36-4e30-bdae-6f5cf730914f/datanode-5/data/ratis/b22549c8-e21d-4f4d-a2c6-4d5979ca93c7/sm/snapshot.1_14 time:28
2019-08-21 01:03:28,676 [StateMachineUpdater:fccca5a2-55db-4efd-8b7f-8a266599827f:group-4D5979CA93C7] INFO  impl.StateMachineUpdater (StateMachineUpdater.java:takeSnapshot(242)) - StateMachineUpdater:fccca5a2-55db-4efd-8b7f-8a266599827f:group-4D5979CA93C7: Took a snapshot at index 14
2019-08-21 01:03:28,677 [StateMachineUpdater:fccca5a2-55db-4efd-8b7f-8a266599827f:group-4D5979CA93C7] INFO  impl.StateMachineUpdater (StateMachineUpdater.java:lambda$new$0(80)) - StateMachineUpdater:fccca5a2-55db-4efd-8b7f-8a266599827f:group-4D5979CA93C7: snapshotIndex: updateIncreasingly -1 -> 14
2019-08-21 01:03:28,677 [ForkJoinPool.commonPool-worker-0] INFO  impl.RaftServerImpl (ServerState.java:close(394)) - fccca5a2-55db-4efd-8b7f-8a266599827f:group-4D5979CA93C7 closes. The last applied log index is 16
2019-08-21 01:03:28,677 [fccca5a2-55db-4efd-8b7f-8a266599827f-SegmentedRaftLogWorker:Storage Directory /workdir/hadoop-ozone/integration-test/target/test-dir/MiniOzoneClusterImpl-b121f0fa-5b36-4e30-bdae-6f5cf730914f/datanode-5/data/ratis/b22549c8-e21d-4f4d-a2c6-4d5979ca93c7] INFO  segmented.SegmentedRaftLogWorker (SegmentedRaftLogWorker.java:run(313)) - fccca5a2-55db-4efd-8b7f-8a266599827f-SegmentedRaftLogWorker:Storage Directory /workdir/hadoop-ozone/integration-test/target/test-dir/MiniOzoneClusterImpl-b121f0fa-5b36-4e30-bdae-6f5cf730914f/datanode-5/data/ratis/b22549c8-e21d-4f4d-a2c6-4d5979ca93c7 was interrupted, exiting. There are 0 tasks remaining in the queue.
2019-08-21 01:03:28,678 [ForkJoinPool.commonPool-worker-0] INFO  segmented.SegmentedRaftLogWorker (SegmentedRaftLogWorker.java:close(228)) - fccca5a2-55db-4efd-8b7f-8a266599827f-SegmentedRaftLogWorker:Storage Directory /workdir/hadoop-ozone/integration-test/target/test-dir/MiniOzoneClusterImpl-b121f0fa-5b36-4e30-bdae-6f5cf730914f/datanode-5/data/ratis/b22549c8-e21d-4f4d-a2c6-4d5979ca93c7 close()
2019-08-21 01:03:28,679 [ForkJoinPool.commonPool-worker-0] INFO  server.GrpcService (GrpcService.java:closeImpl(155)) - fccca5a2-55db-4efd-8b7f-8a266599827f: shutdown server with port 41787 now
2019-08-21 01:03:28,680 [ForkJoinPool.commonPool-worker-0] INFO  server.GrpcService (GrpcService.java:closeImpl(163)) - fccca5a2-55db-4efd-8b7f-8a266599827f: shutdown server with port 41787 successfully
2019-08-21 01:03:28,681 [ForkJoinPool.commonPool-worker-0] INFO  utils.BackgroundService (BackgroundService.java:shutdown(148)) - Shutting down service BlockDeletingService
2019-08-21 01:03:28,684 [refreshUsed-/workdir/hadoop-ozone/integration-test/target/test-dir/MiniOzoneClusterImpl-b121f0fa-5b36-4e30-bdae-6f5cf730914f/datanode-5/data/containers] WARN  fs.CachingGetSpaceUsed (CachingGetSpaceUsed.java:run(183)) - Thread Interrupted waiting to refresh disk information: sleep interrupted
2019-08-21 01:03:28,702 [ForkJoinPool.commonPool-worker-0] INFO  statemachine.DatanodeStateMachine (DatanodeStateMachine.java:stopDaemon(395)) - Ozone container server stopped.
2019-08-21 01:03:28,705 [ForkJoinPool.commonPool-worker-0] INFO  handler.ContextHandler (ContextHandler.java:doStop(910)) - Stopped o.e.j.w.WebAppContext@2ddb260e{/,null,UNAVAILABLE}{/hddsDatanode}
2019-08-21 01:03:28,706 [ForkJoinPool.commonPool-worker-0] INFO  server.AbstractConnector (AbstractConnector.java:doStop(318)) - Stopped ServerConnector@482040a{HTTP/1.1,[http/1.1]}{0.0.0.0:0}
2019-08-21 01:03:28,710 [ForkJoinPool.commonPool-worker-0] INFO  handler.ContextHandler (ContextHandler.java:doStop(910)) - Stopped o.e.j.s.ServletContextHandler@5d956649{/static,jar:file:/home/user/.m2/repository/org/apache/hadoop/hadoop-hdds-container-service/0.5.0-SNAPSHOT/hadoop-hdds-container-service-0.5.0-SNAPSHOT.jar!/webapps/static,UNAVAILABLE}
2019-08-21 01:03:28,710 [ForkJoinPool.commonPool-worker-0] INFO  handler.ContextHandler (ContextHandler.java:doStop(910)) - Stopped o.e.j.s.ServletContextHandler@347074a9{/logs,file:///workdir/hadoop-ozone/integration-test/target/log,UNAVAILABLE}
2019-08-21 01:03:28,711 [main] INFO  ozone.MiniOzoneClusterImpl (MiniOzoneClusterImpl.java:stop(353)) - Stopping the StorageContainerManager
2019-08-21 01:03:28,711 [main] INFO  server.StorageContainerManager (StorageContainerManager.java:stop(797)) - Stopping Replication Manager Service.
2019-08-21 01:03:28,712 [main] INFO  container.ReplicationManager (ReplicationManager.java:stop(193)) - Stopping Replication Monitor Thread.
2019-08-21 01:03:28,712 [main] INFO  server.StorageContainerManager (StorageContainerManager.java:stop(804)) - Stopping Lease Manager of the command watchers
2019-08-21 01:03:28,712 [main] INFO  server.StorageContainerManager (StorageContainerManager.java:stop(811)) - Stopping datanode service RPC server
2019-08-21 01:03:28,712 [main] INFO  server.SCMDatanodeProtocolServer (SCMDatanodeProtocolServer.java:stop(367)) - Stopping the RPC server for DataNodes
2019-08-21 01:03:28,712 [main] INFO  ipc.Server (Server.java:stop(3082)) - Stopping server on 38035
2019-08-21 01:03:28,715 [IPC Server listener on 38035] INFO  ipc.Server (Server.java:run(1185)) - Stopping IPC Server listener on 38035
2019-08-21 01:03:28,716 [IPC Server Responder] INFO  ipc.Server (Server.java:run(1319)) - Stopping IPC Server Responder
2019-08-21 01:03:28,764 [SCM Heartbeat Processing Thread - 0] WARN  node.NodeStateManager (NodeStateManager.java:scheduleNextHealthCheck(646)) - Current Thread is interrupted, shutting down HB processing thread for Node Manager.
2019-08-21 01:03:28,765 [main] INFO  server.StorageContainerManager (StorageContainerManager.java:stop(819)) - Stopping block service RPC server
2019-08-21 01:03:28,765 [main] INFO  server.SCMBlockProtocolServer (SCMBlockProtocolServer.java:stop(148)) - Stopping the RPC server for Block Protocol
2019-08-21 01:03:28,765 [main] INFO  ipc.Server (Server.java:stop(3082)) - Stopping server on 37811
2019-08-21 01:03:28,767 [IPC Server listener on 37811] INFO  ipc.Server (Server.java:run(1185)) - Stopping IPC Server listener on 37811
2019-08-21 01:03:28,767 [main] INFO  server.StorageContainerManager (StorageContainerManager.java:stop(826)) - Stopping the StorageContainerLocationProtocol RPC server
2019-08-21 01:03:28,769 [main] INFO  server.SCMClientProtocolServer (SCMClientProtocolServer.java:stop(159)) - Stopping the RPC server for Client Protocol
2019-08-21 01:03:28,769 [main] INFO  ipc.Server (Server.java:stop(3082)) - Stopping server on 37066
2019-08-21 01:03:28,772 [IPC Server Responder] INFO  ipc.Server (Server.java:run(1319)) - Stopping IPC Server Responder
2019-08-21 01:03:28,773 [IPC Server listener on 37066] INFO  ipc.Server (Server.java:run(1185)) - Stopping IPC Server listener on 37066
2019-08-21 01:03:28,773 [main] INFO  server.StorageContainerManager (StorageContainerManager.java:stop(833)) - Stopping Storage Container Manager HTTP server.
2019-08-21 01:03:28,773 [IPC Server Responder] INFO  ipc.Server (Server.java:run(1319)) - Stopping IPC Server Responder
2019-08-21 01:03:28,775 [main] INFO  handler.ContextHandler (ContextHandler.java:doStop(910)) - Stopped o.e.j.w.WebAppContext@36109a76{/,null,UNAVAILABLE}{/scm}
2019-08-21 01:03:28,775 [main] INFO  server.AbstractConnector (AbstractConnector.java:doStop(318)) - Stopped ServerConnector@96271d8{HTTP/1.1,[http/1.1]}{0.0.0.0:0}
2019-08-21 01:03:28,776 [main] INFO  handler.ContextHandler (ContextHandler.java:doStop(910)) - Stopped o.e.j.s.ServletContextHandler@cec1ce2{/static,file:///workdir/hadoop-ozone/integration-test/target/test-classes/webapps/static,UNAVAILABLE}
2019-08-21 01:03:28,776 [main] INFO  handler.ContextHandler (ContextHandler.java:doStop(910)) - Stopped o.e.j.s.ServletContextHandler@38320819{/logs,file:///workdir/hadoop-ozone/integration-test/target/log,UNAVAILABLE}
2019-08-21 01:03:28,777 [main] INFO  server.StorageContainerManager (StorageContainerManager.java:stop(844)) - Stopping Block Manager Service.
2019-08-21 01:03:28,777 [main] INFO  utils.BackgroundService (BackgroundService.java:shutdown(148)) - Shutting down service SCMBlockDeletingService
2019-08-21 01:03:28,778 [main] INFO  utils.BackgroundService (BackgroundService.java:shutdown(148)) - Shutting down service SCMBlockDeletingService
2019-08-21 01:03:28,778 [main] INFO  server.StorageContainerManager (StorageContainerManager.java:stop(866)) - Stopping SCM Event Queue.
2019-08-21 01:03:28,783 [main] INFO  impl.MetricsSystemImpl (MetricsSystemImpl.java:stop(210)) - Stopping HddsDatanode metrics system...
2019-08-21 01:03:28,795 [main] INFO  impl.MetricsSystemImpl (MetricsSystemImpl.java:stop(216)) - HddsDatanode metrics system stopped.
]]></system-out>
    <system-err><![CDATA[Aug 21, 2019 1:02:41 AM com.sun.jersey.server.impl.application.WebApplicationImpl _initiate
INFO: Initiating Jersey application, version 'Jersey: 1.19 02/11/2015 03:25 AM'
Aug 21, 2019 1:02:41 AM com.sun.jersey.server.impl.application.WebApplicationImpl _initiate
INFO: Initiating Jersey application, version 'Jersey: 1.19 02/11/2015 03:25 AM'
Aug 21, 2019 1:02:42 AM com.sun.jersey.server.impl.application.WebApplicationImpl _initiate
INFO: Initiating Jersey application, version 'Jersey: 1.19 02/11/2015 03:25 AM'
Aug 21, 2019 1:02:42 AM com.sun.jersey.server.impl.application.WebApplicationImpl _initiate
INFO: Initiating Jersey application, version 'Jersey: 1.19 02/11/2015 03:25 AM'
Aug 21, 2019 1:02:42 AM com.sun.jersey.server.impl.application.WebApplicationImpl _initiate
INFO: Initiating Jersey application, version 'Jersey: 1.19 02/11/2015 03:25 AM'
Aug 21, 2019 1:02:42 AM com.sun.jersey.server.impl.application.WebApplicationImpl _initiate
INFO: Initiating Jersey application, version 'Jersey: 1.19 02/11/2015 03:25 AM'
Aug 21, 2019 1:02:42 AM com.sun.jersey.server.impl.application.WebApplicationImpl _initiate
INFO: Initiating Jersey application, version 'Jersey: 1.19 02/11/2015 03:25 AM'
Aug 21, 2019 1:02:45 AM org.apache.ratis.thirdparty.io.grpc.internal.ManagedChannelOrphanWrapper$ManagedChannelReference cleanQueue
SEVERE: *~*~*~ Channel ManagedChannelImpl{logId=2664, target=192.168.34.10:41431} was not shutdown properly!!! ~*~*~*
    Make sure to call shutdown()/shutdownNow() and wait until awaitTermination() returns true.
java.lang.RuntimeException: ManagedChannel allocation site
	at org.apache.ratis.thirdparty.io.grpc.internal.ManagedChannelOrphanWrapper$ManagedChannelReference.<init>(ManagedChannelOrphanWrapper.java:103)
	at org.apache.ratis.thirdparty.io.grpc.internal.ManagedChannelOrphanWrapper.<init>(ManagedChannelOrphanWrapper.java:53)
	at org.apache.ratis.thirdparty.io.grpc.internal.ManagedChannelOrphanWrapper.<init>(ManagedChannelOrphanWrapper.java:44)
	at org.apache.ratis.thirdparty.io.grpc.internal.AbstractManagedChannelImplBuilder.build(AbstractManagedChannelImplBuilder.java:411)
	at org.apache.ratis.grpc.client.GrpcClientProtocolClient.<init>(GrpcClientProtocolClient.java:119)
	at org.apache.ratis.grpc.client.GrpcClientRpc.lambda$new$0(GrpcClientRpc.java:55)
	at org.apache.ratis.util.PeerProxyMap$PeerAndProxy.lambda$getProxy$0(PeerProxyMap.java:61)
	at org.apache.ratis.util.LifeCycle.startAndTransition(LifeCycle.java:202)
	at org.apache.ratis.util.PeerProxyMap$PeerAndProxy.getProxy(PeerProxyMap.java:60)
	at org.apache.ratis.util.PeerProxyMap.getProxy(PeerProxyMap.java:107)
	at org.apache.ratis.grpc.client.GrpcClientRpc.sendRequestAsync(GrpcClientRpc.java:66)
	at org.apache.ratis.client.impl.OrderedAsync.sendRequest(OrderedAsync.java:208)
	at org.apache.ratis.client.impl.OrderedAsync.sendRequestWithRetry(OrderedAsync.java:169)
	at org.apache.ratis.util.SlidingWindow$Client.sendOrDelayRequest(SlidingWindow.java:278)
	at org.apache.ratis.util.SlidingWindow$Client.retry(SlidingWindow.java:294)
	at org.apache.ratis.client.impl.OrderedAsync.lambda$scheduleWithTimeout$7(OrderedAsync.java:195)
	at org.apache.ratis.util.TimeoutScheduler.lambda$onTimeout$0(TimeoutScheduler.java:85)
	at org.apache.ratis.util.TimeoutScheduler.lambda$onTimeout$1(TimeoutScheduler.java:104)
	at org.apache.ratis.util.LogUtils.runAndLog(LogUtils.java:50)
	at org.apache.ratis.util.LogUtils$1.run(LogUtils.java:91)
	at java.util.concurrent.Executors$RunnableAdapter.call(Executors.java:511)
	at java.util.concurrent.FutureTask.run(FutureTask.java:266)
	at java.util.concurrent.ScheduledThreadPoolExecutor$ScheduledFutureTask.access$201(ScheduledThreadPoolExecutor.java:180)
	at java.util.concurrent.ScheduledThreadPoolExecutor$ScheduledFutureTask.run(ScheduledThreadPoolExecutor.java:293)
	at java.util.concurrent.ThreadPoolExecutor.runWorker(ThreadPoolExecutor.java:1149)
	at java.util.concurrent.ThreadPoolExecutor$Worker.run(ThreadPoolExecutor.java:624)
	at java.lang.Thread.run(Thread.java:748)

Aug 21, 2019 1:02:45 AM org.apache.ratis.thirdparty.io.grpc.internal.ManagedChannelOrphanWrapper$ManagedChannelReference cleanQueue
SEVERE: *~*~*~ Channel ManagedChannelImpl{logId=2669, target=192.168.34.10:34538} was not shutdown properly!!! ~*~*~*
    Make sure to call shutdown()/shutdownNow() and wait until awaitTermination() returns true.
java.lang.RuntimeException: ManagedChannel allocation site
	at org.apache.ratis.thirdparty.io.grpc.internal.ManagedChannelOrphanWrapper$ManagedChannelReference.<init>(ManagedChannelOrphanWrapper.java:103)
	at org.apache.ratis.thirdparty.io.grpc.internal.ManagedChannelOrphanWrapper.<init>(ManagedChannelOrphanWrapper.java:53)
	at org.apache.ratis.thirdparty.io.grpc.internal.ManagedChannelOrphanWrapper.<init>(ManagedChannelOrphanWrapper.java:44)
	at org.apache.ratis.thirdparty.io.grpc.internal.AbstractManagedChannelImplBuilder.build(AbstractManagedChannelImplBuilder.java:411)
	at org.apache.ratis.grpc.client.GrpcClientProtocolClient.<init>(GrpcClientProtocolClient.java:119)
	at org.apache.ratis.grpc.client.GrpcClientRpc.lambda$new$0(GrpcClientRpc.java:55)
	at org.apache.ratis.util.PeerProxyMap$PeerAndProxy.lambda$getProxy$0(PeerProxyMap.java:61)
	at org.apache.ratis.util.LifeCycle.startAndTransition(LifeCycle.java:202)
	at org.apache.ratis.util.PeerProxyMap$PeerAndProxy.getProxy(PeerProxyMap.java:60)
	at org.apache.ratis.util.PeerProxyMap.getProxy(PeerProxyMap.java:107)
	at org.apache.ratis.grpc.client.GrpcClientRpc.sendRequestAsync(GrpcClientRpc.java:66)
	at org.apache.ratis.client.impl.OrderedAsync.sendRequest(OrderedAsync.java:208)
	at org.apache.ratis.client.impl.OrderedAsync.sendRequestWithRetry(OrderedAsync.java:169)
	at org.apache.ratis.util.SlidingWindow$Client.sendOrDelayRequest(SlidingWindow.java:278)
	at org.apache.ratis.util.SlidingWindow$Client.submitNewRequest(SlidingWindow.java:257)
	at org.apache.ratis.client.impl.OrderedAsync.send(OrderedAsync.java:155)
	at org.apache.ratis.client.impl.RaftClientImpl.sendAsync(RaftClientImpl.java:145)
	at org.apache.ratis.client.impl.RaftClientImpl.sendAsync(RaftClientImpl.java:125)
	at org.apache.hadoop.hdds.scm.XceiverClientRatis.sendRequestAsync(XceiverClientRatis.java:224)
	at org.apache.hadoop.hdds.scm.XceiverClientRatis.sendCommandAsync(XceiverClientRatis.java:302)
	at org.apache.hadoop.hdds.scm.storage.ContainerProtocolCalls.writeChunkAsync(ContainerProtocolCalls.java:310)
	at org.apache.hadoop.hdds.scm.storage.BlockOutputStream.writeChunkToContainer(BlockOutputStream.java:601)
	at org.apache.hadoop.hdds.scm.storage.BlockOutputStream.writeChunk(BlockOutputStream.java:459)
	at org.apache.hadoop.hdds.scm.storage.BlockOutputStream.writeOnRetry(BlockOutputStream.java:285)
	at org.apache.hadoop.ozone.client.io.BlockOutputStreamEntry.writeOnRetry(BlockOutputStreamEntry.java:200)
	at org.apache.hadoop.ozone.client.io.KeyOutputStream.handleWrite(KeyOutputStream.java:209)
	at org.apache.hadoop.ozone.client.io.KeyOutputStream.handleRetry(KeyOutputStream.java:376)
	at org.apache.hadoop.ozone.client.io.KeyOutputStream.handleException(KeyOutputStream.java:325)
	at org.apache.hadoop.ozone.client.io.KeyOutputStream.handleFlushOrClose(KeyOutputStream.java:448)
	at org.apache.hadoop.ozone.client.io.KeyOutputStream.handleWrite(KeyOutputStream.java:235)
	at org.apache.hadoop.ozone.client.io.KeyOutputStream.write(KeyOutputStream.java:193)
	at org.apache.hadoop.ozone.client.io.OzoneOutputStream.write(OzoneOutputStream.java:49)
	at java.io.OutputStream.write(OutputStream.java:75)
	at org.apache.hadoop.ozone.client.rpc.TestBlockOutputStreamWithFailures.testWatchForCommitWithSingleNodeRatis(TestBlockOutputStreamWithFailures.java:885)
	at sun.reflect.NativeMethodAccessorImpl.invoke0(Native Method)
	at sun.reflect.NativeMethodAccessorImpl.invoke(NativeMethodAccessorImpl.java:62)
	at sun.reflect.DelegatingMethodAccessorImpl.invoke(DelegatingMethodAccessorImpl.java:43)
	at java.lang.reflect.Method.invoke(Method.java:498)
	at org.junit.runners.model.FrameworkMethod$1.runReflectiveCall(FrameworkMethod.java:47)
	at org.junit.internal.runners.model.ReflectiveCallable.run(ReflectiveCallable.java:12)
	at org.junit.runners.model.FrameworkMethod.invokeExplosively(FrameworkMethod.java:44)
	at org.junit.internal.runners.statements.InvokeMethod.evaluate(InvokeMethod.java:17)
	at org.junit.internal.runners.statements.RunBefores.evaluate(RunBefores.java:26)
	at org.junit.internal.runners.statements.RunAfters.evaluate(RunAfters.java:27)
	at org.junit.runners.ParentRunner.runLeaf(ParentRunner.java:271)
	at org.junit.runners.BlockJUnit4ClassRunner.runChild(BlockJUnit4ClassRunner.java:70)
	at org.junit.runners.BlockJUnit4ClassRunner.runChild(BlockJUnit4ClassRunner.java:50)
	at org.junit.runners.ParentRunner$3.run(ParentRunner.java:238)
	at org.junit.runners.ParentRunner$1.schedule(ParentRunner.java:63)
	at org.junit.runners.ParentRunner.runChildren(ParentRunner.java:236)
	at org.junit.runners.ParentRunner.access$000(ParentRunner.java:53)
	at org.junit.runners.ParentRunner$2.evaluate(ParentRunner.java:229)
	at org.junit.runners.ParentRunner.run(ParentRunner.java:309)
	at org.apache.maven.surefire.junit4.JUnit4Provider.execute(JUnit4Provider.java:365)
	at org.apache.maven.surefire.junit4.JUnit4Provider.executeWithRerun(JUnit4Provider.java:273)
	at org.apache.maven.surefire.junit4.JUnit4Provider.executeTestSet(JUnit4Provider.java:238)
	at org.apache.maven.surefire.junit4.JUnit4Provider.invoke(JUnit4Provider.java:159)
	at org.apache.maven.surefire.booter.ForkedBooter.invokeProviderInSameClassLoader(ForkedBooter.java:384)
	at org.apache.maven.surefire.booter.ForkedBooter.runSuitesInProcess(ForkedBooter.java:345)
	at org.apache.maven.surefire.booter.ForkedBooter.execute(ForkedBooter.java:126)
	at org.apache.maven.surefire.booter.ForkedBooter.main(ForkedBooter.java:418)

Aug 21, 2019 1:02:45 AM org.apache.ratis.thirdparty.io.grpc.internal.ManagedChannelOrphanWrapper$ManagedChannelReference cleanQueue
SEVERE: *~*~*~ Channel ManagedChannelImpl{logId=2679, target=192.168.34.10:33617} was not shutdown properly!!! ~*~*~*
    Make sure to call shutdown()/shutdownNow() and wait until awaitTermination() returns true.
java.lang.RuntimeException: ManagedChannel allocation site
	at org.apache.ratis.thirdparty.io.grpc.internal.ManagedChannelOrphanWrapper$ManagedChannelReference.<init>(ManagedChannelOrphanWrapper.java:103)
	at org.apache.ratis.thirdparty.io.grpc.internal.ManagedChannelOrphanWrapper.<init>(ManagedChannelOrphanWrapper.java:53)
	at org.apache.ratis.thirdparty.io.grpc.internal.ManagedChannelOrphanWrapper.<init>(ManagedChannelOrphanWrapper.java:44)
	at org.apache.ratis.thirdparty.io.grpc.internal.AbstractManagedChannelImplBuilder.build(AbstractManagedChannelImplBuilder.java:411)
	at org.apache.hadoop.hdds.scm.XceiverClientGrpc.connectToDatanode(XceiverClientGrpc.java:174)
	at org.apache.hadoop.hdds.scm.XceiverClientGrpc.reconnect(XceiverClientGrpc.java:422)
	at org.apache.hadoop.hdds.scm.XceiverClientGrpc.sendCommandAsync(XceiverClientGrpc.java:371)
	at org.apache.hadoop.hdds.scm.XceiverClientGrpc.sendCommandWithRetry(XceiverClientGrpc.java:284)
	at org.apache.hadoop.hdds.scm.XceiverClientGrpc.sendCommandWithTraceIDAndRetry(XceiverClientGrpc.java:250)
	at org.apache.hadoop.hdds.scm.XceiverClientGrpc.sendCommand(XceiverClientGrpc.java:233)
	at org.apache.hadoop.hdds.scm.storage.ContainerProtocolCalls.getBlock(ContainerProtocolCalls.java:118)
	at org.apache.hadoop.hdds.scm.storage.BlockInputStream.getChunkInfos(BlockInputStream.java:167)
	at org.apache.hadoop.hdds.scm.storage.BlockInputStream.initialize(BlockInputStream.java:118)
	at org.apache.hadoop.hdds.scm.storage.BlockInputStream.read(BlockInputStream.java:222)
	at org.apache.hadoop.ozone.client.io.KeyInputStream.read(KeyInputStream.java:171)
	at org.apache.hadoop.ozone.client.io.OzoneInputStream.read(OzoneInputStream.java:47)
	at java.io.InputStream.read(InputStream.java:101)
	at org.apache.hadoop.ozone.container.ContainerTestHelper.validateData(ContainerTestHelper.java:713)
	at org.apache.hadoop.ozone.client.rpc.TestBlockOutputStreamWithFailures.validateData(TestBlockOutputStreamWithFailures.java:1216)
	at org.apache.hadoop.ozone.client.rpc.TestBlockOutputStreamWithFailures.testWatchForCommitWithSingleNodeRatis(TestBlockOutputStreamWithFailures.java:918)
	at sun.reflect.NativeMethodAccessorImpl.invoke0(Native Method)
	at sun.reflect.NativeMethodAccessorImpl.invoke(NativeMethodAccessorImpl.java:62)
	at sun.reflect.DelegatingMethodAccessorImpl.invoke(DelegatingMethodAccessorImpl.java:43)
	at java.lang.reflect.Method.invoke(Method.java:498)
	at org.junit.runners.model.FrameworkMethod$1.runReflectiveCall(FrameworkMethod.java:47)
	at org.junit.internal.runners.model.ReflectiveCallable.run(ReflectiveCallable.java:12)
	at org.junit.runners.model.FrameworkMethod.invokeExplosively(FrameworkMethod.java:44)
	at org.junit.internal.runners.statements.InvokeMethod.evaluate(InvokeMethod.java:17)
	at org.junit.internal.runners.statements.RunBefores.evaluate(RunBefores.java:26)
	at org.junit.internal.runners.statements.RunAfters.evaluate(RunAfters.java:27)
	at org.junit.runners.ParentRunner.runLeaf(ParentRunner.java:271)
	at org.junit.runners.BlockJUnit4ClassRunner.runChild(BlockJUnit4ClassRunner.java:70)
	at org.junit.runners.BlockJUnit4ClassRunner.runChild(BlockJUnit4ClassRunner.java:50)
	at org.junit.runners.ParentRunner$3.run(ParentRunner.java:238)
	at org.junit.runners.ParentRunner$1.schedule(ParentRunner.java:63)
	at org.junit.runners.ParentRunner.runChildren(ParentRunner.java:236)
	at org.junit.runners.ParentRunner.access$000(ParentRunner.java:53)
	at org.junit.runners.ParentRunner$2.evaluate(ParentRunner.java:229)
	at org.junit.runners.ParentRunner.run(ParentRunner.java:309)
	at org.apache.maven.surefire.junit4.JUnit4Provider.execute(JUnit4Provider.java:365)
	at org.apache.maven.surefire.junit4.JUnit4Provider.executeWithRerun(JUnit4Provider.java:273)
	at org.apache.maven.surefire.junit4.JUnit4Provider.executeTestSet(JUnit4Provider.java:238)
	at org.apache.maven.surefire.junit4.JUnit4Provider.invoke(JUnit4Provider.java:159)
	at org.apache.maven.surefire.booter.ForkedBooter.invokeProviderInSameClassLoader(ForkedBooter.java:384)
	at org.apache.maven.surefire.booter.ForkedBooter.runSuitesInProcess(ForkedBooter.java:345)
	at org.apache.maven.surefire.booter.ForkedBooter.execute(ForkedBooter.java:126)
	at org.apache.maven.surefire.booter.ForkedBooter.main(ForkedBooter.java:418)

Aug 21, 2019 1:02:45 AM org.apache.ratis.thirdparty.io.grpc.internal.ManagedChannelOrphanWrapper$ManagedChannelReference cleanQueue
SEVERE: *~*~*~ Channel ManagedChannelImpl{logId=2674, target=192.168.34.10:35499} was not shutdown properly!!! ~*~*~*
    Make sure to call shutdown()/shutdownNow() and wait until awaitTermination() returns true.
java.lang.RuntimeException: ManagedChannel allocation site
	at org.apache.ratis.thirdparty.io.grpc.internal.ManagedChannelOrphanWrapper$ManagedChannelReference.<init>(ManagedChannelOrphanWrapper.java:103)
	at org.apache.ratis.thirdparty.io.grpc.internal.ManagedChannelOrphanWrapper.<init>(ManagedChannelOrphanWrapper.java:53)
	at org.apache.ratis.thirdparty.io.grpc.internal.ManagedChannelOrphanWrapper.<init>(ManagedChannelOrphanWrapper.java:44)
	at org.apache.ratis.thirdparty.io.grpc.internal.AbstractManagedChannelImplBuilder.build(AbstractManagedChannelImplBuilder.java:411)
	at org.apache.hadoop.hdds.scm.XceiverClientGrpc.connectToDatanode(XceiverClientGrpc.java:174)
	at org.apache.hadoop.hdds.scm.XceiverClientGrpc.reconnect(XceiverClientGrpc.java:422)
	at org.apache.hadoop.hdds.scm.XceiverClientGrpc.sendCommandAsync(XceiverClientGrpc.java:371)
	at org.apache.hadoop.hdds.scm.XceiverClientGrpc.sendCommandWithRetry(XceiverClientGrpc.java:284)
	at org.apache.hadoop.hdds.scm.XceiverClientGrpc.sendCommandWithTraceIDAndRetry(XceiverClientGrpc.java:250)
	at org.apache.hadoop.hdds.scm.XceiverClientGrpc.sendCommand(XceiverClientGrpc.java:233)
	at org.apache.hadoop.hdds.scm.storage.ContainerProtocolCalls.getBlock(ContainerProtocolCalls.java:118)
	at org.apache.hadoop.hdds.scm.storage.BlockInputStream.getChunkInfos(BlockInputStream.java:167)
	at org.apache.hadoop.hdds.scm.storage.BlockInputStream.initialize(BlockInputStream.java:118)
	at org.apache.hadoop.hdds.scm.storage.BlockInputStream.read(BlockInputStream.java:222)
	at org.apache.hadoop.ozone.client.io.KeyInputStream.read(KeyInputStream.java:171)
	at org.apache.hadoop.ozone.client.io.OzoneInputStream.read(OzoneInputStream.java:47)
	at java.io.InputStream.read(InputStream.java:101)
	at org.apache.hadoop.ozone.container.ContainerTestHelper.validateData(ContainerTestHelper.java:713)
	at org.apache.hadoop.ozone.client.rpc.TestBlockOutputStreamWithFailures.validateData(TestBlockOutputStreamWithFailures.java:1216)
	at org.apache.hadoop.ozone.client.rpc.TestBlockOutputStreamWithFailures.testWatchForCommitWithSingleNodeRatis(TestBlockOutputStreamWithFailures.java:918)
	at sun.reflect.NativeMethodAccessorImpl.invoke0(Native Method)
	at sun.reflect.NativeMethodAccessorImpl.invoke(NativeMethodAccessorImpl.java:62)
	at sun.reflect.DelegatingMethodAccessorImpl.invoke(DelegatingMethodAccessorImpl.java:43)
	at java.lang.reflect.Method.invoke(Method.java:498)
	at org.junit.runners.model.FrameworkMethod$1.runReflectiveCall(FrameworkMethod.java:47)
	at org.junit.internal.runners.model.ReflectiveCallable.run(ReflectiveCallable.java:12)
	at org.junit.runners.model.FrameworkMethod.invokeExplosively(FrameworkMethod.java:44)
	at org.junit.internal.runners.statements.InvokeMethod.evaluate(InvokeMethod.java:17)
	at org.junit.internal.runners.statements.RunBefores.evaluate(RunBefores.java:26)
	at org.junit.internal.runners.statements.RunAfters.evaluate(RunAfters.java:27)
	at org.junit.runners.ParentRunner.runLeaf(ParentRunner.java:271)
	at org.junit.runners.BlockJUnit4ClassRunner.runChild(BlockJUnit4ClassRunner.java:70)
	at org.junit.runners.BlockJUnit4ClassRunner.runChild(BlockJUnit4ClassRunner.java:50)
	at org.junit.runners.ParentRunner$3.run(ParentRunner.java:238)
	at org.junit.runners.ParentRunner$1.schedule(ParentRunner.java:63)
	at org.junit.runners.ParentRunner.runChildren(ParentRunner.java:236)
	at org.junit.runners.ParentRunner.access$000(ParentRunner.java:53)
	at org.junit.runners.ParentRunner$2.evaluate(ParentRunner.java:229)
	at org.junit.runners.ParentRunner.run(ParentRunner.java:309)
	at org.apache.maven.surefire.junit4.JUnit4Provider.execute(JUnit4Provider.java:365)
	at org.apache.maven.surefire.junit4.JUnit4Provider.executeWithRerun(JUnit4Provider.java:273)
	at org.apache.maven.surefire.junit4.JUnit4Provider.executeTestSet(JUnit4Provider.java:238)
	at org.apache.maven.surefire.junit4.JUnit4Provider.invoke(JUnit4Provider.java:159)
	at org.apache.maven.surefire.booter.ForkedBooter.invokeProviderInSameClassLoader(ForkedBooter.java:384)
	at org.apache.maven.surefire.booter.ForkedBooter.runSuitesInProcess(ForkedBooter.java:345)
	at org.apache.maven.surefire.booter.ForkedBooter.execute(ForkedBooter.java:126)
	at org.apache.maven.surefire.booter.ForkedBooter.main(ForkedBooter.java:418)

]]></system-err>
  </testcase>
  <testcase name="testFailureWithPrimeSizedData" classname="org.apache.hadoop.ozone.client.rpc.TestBlockOutputStreamWithFailures" time="34.511"/>
  <testcase name="testWatchForCommitWithCloseContainerException" classname="org.apache.hadoop.ozone.client.rpc.TestBlockOutputStreamWithFailures" time="49.858"/>
  <testcase name="testExceptionDuringClose" classname="org.apache.hadoop.ozone.client.rpc.TestBlockOutputStreamWithFailures" time="34.449"/>
</testsuite>