<?xml version="1.0" encoding="UTF-8"?>
<testsuite xmlns:xsi="http://www.w3.org/2001/XMLSchema-instance" xsi:noNamespaceSchemaLocation="https://maven.apache.org/surefire/maven-surefire-plugin/xsd/surefire-test-report.xsd" name="org.apache.hadoop.ozone.client.rpc.TestCommitWatcher" time="57.976" tests="2" errors="0" skipped="0" failures="1">
  <properties>
    <property name="awt.toolkit" value="sun.awt.X11.XToolkit"/>
    <property name="file.encoding.pkg" value="sun.io"/>
    <property name="java.specification.version" value="1.8"/>
    <property name="sun.cpu.isalist" value=""/>
    <property name="sun.jnu.encoding" value="UTF-8"/>
    <property name="java.class.path" value="/workdir/hadoop-ozone/integration-test/target/test-classes:/workdir/hadoop-ozone/integration-test/target/classes:/home/user/.m2/repository/org/apache/hadoop/hadoop-ozone-common/0.5.0-SNAPSHOT/hadoop-ozone-common-0.5.0-SNAPSHOT.jar:/home/user/.m2/repository/org/apache/commons/commons-compress/1.4.1/commons-compress-1.4.1.jar:/home/user/.m2/repository/org/tukaani/xz/1.0/xz-1.0.jar:/home/user/.m2/repository/org/apache/hadoop/hadoop-common/3.2.0/hadoop-common-3.2.0.jar:/home/user/.m2/repository/org/apache/hadoop/hadoop-hdfs/3.2.0/hadoop-hdfs-3.2.0.jar:/home/user/.m2/repository/org/apache/hadoop/hadoop-hdfs-client/3.2.0/hadoop-hdfs-client-3.2.0.jar:/home/user/.m2/repository/com/fasterxml/jackson/core/jackson-annotations/2.9.5/jackson-annotations-2.9.5.jar:/home/user/.m2/repository/org/apache/hadoop/hadoop-hdds-common/0.5.0-SNAPSHOT/hadoop-hdds-common-0.5.0-SNAPSHOT.jar:/home/user/.m2/repository/javax/annotation/javax.annotation-api/1.2/javax.annotation-api-1.2.jar:/home/user/.m2/repository/org/apache/ratis/ratis-server/0.4.0-2337318-SNAPSHOT/ratis-server-0.4.0-2337318-SNAPSHOT.jar:/home/user/.m2/repository/org/apache/ratis/ratis-thirdparty-misc/0.2.0/ratis-thirdparty-misc-0.2.0.jar:/home/user/.m2/repository/org/apache/ratis/ratis-proto/0.4.0-2337318-SNAPSHOT/ratis-proto-0.4.0-2337318-SNAPSHOT.jar:/home/user/.m2/repository/org/apache/ratis/ratis-common/0.4.0-2337318-SNAPSHOT/ratis-common-0.4.0-2337318-SNAPSHOT.jar:/home/user/.m2/repository/org/apache/ratis/ratis-client/0.4.0-2337318-SNAPSHOT/ratis-client-0.4.0-2337318-SNAPSHOT.jar:/home/user/.m2/repository/org/apache/ratis/ratis-metrics/0.4.0-2337318-SNAPSHOT/ratis-metrics-0.4.0-2337318-SNAPSHOT.jar:/home/user/.m2/repository/org/apache/ratis/ratis-netty/0.4.0-2337318-SNAPSHOT/ratis-netty-0.4.0-2337318-SNAPSHOT.jar:/home/user/.m2/repository/org/apache/ratis/ratis-grpc/0.4.0-2337318-SNAPSHOT/ratis-grpc-0.4.0-2337318-SNAPSHOT.jar:/home/user/.m2/repository/org/rocksdb/rocksdbjni/6.0.1/rocksdbjni-6.0.1.jar:/home/user/.m2/repository/org/apache/logging/log4j/log4j-api/2.11.0/log4j-api-2.11.0.jar:/home/user/.m2/repository/org/apache/logging/log4j/log4j-core/2.11.0/log4j-core-2.11.0.jar:/home/user/.m2/repository/com/lmax/disruptor/3.4.2/disruptor-3.4.2.jar:/home/user/.m2/repository/org/apache/commons/commons-pool2/2.6.0/commons-pool2-2.6.0.jar:/home/user/.m2/repository/org/bouncycastle/bcpkix-jdk15on/1.60/bcpkix-jdk15on-1.60.jar:/home/user/.m2/repository/commons-validator/commons-validator/1.6/commons-validator-1.6.jar:/home/user/.m2/repository/commons-digester/commons-digester/1.8.1/commons-digester-1.8.1.jar:/home/user/.m2/repository/io/jaegertracing/jaeger-client/0.33.1/jaeger-client-0.33.1.jar:/home/user/.m2/repository/io/jaegertracing/jaeger-thrift/0.33.1/jaeger-thrift-0.33.1.jar:/home/user/.m2/repository/org/apache/thrift/libthrift/0.11.0/libthrift-0.11.0.jar:/home/user/.m2/repository/com/squareup/okhttp3/okhttp/3.9.0/okhttp-3.9.0.jar:/home/user/.m2/repository/com/squareup/okio/okio/1.13.0/okio-1.13.0.jar:/home/user/.m2/repository/io/jaegertracing/jaeger-core/0.33.1/jaeger-core-0.33.1.jar:/home/user/.m2/repository/io/jaegertracing/jaeger-tracerresolver/0.33.1/jaeger-tracerresolver-0.33.1.jar:/home/user/.m2/repository/io/opentracing/contrib/opentracing-tracerresolver/0.1.5/opentracing-tracerresolver-0.1.5.jar:/home/user/.m2/repository/io/opentracing/opentracing-util/0.31.0/opentracing-util-0.31.0.jar:/home/user/.m2/repository/io/opentracing/opentracing-api/0.31.0/opentracing-api-0.31.0.jar:/home/user/.m2/repository/io/opentracing/opentracing-noop/0.31.0/opentracing-noop-0.31.0.jar:/home/user/.m2/repository/org/apache/hadoop/hadoop-hdds-server-framework/0.5.0-SNAPSHOT/hadoop-hdds-server-framework-0.5.0-SNAPSHOT.jar:/home/user/.m2/repository/org/apache/hadoop/hadoop-hdds-container-service/0.5.0-SNAPSHOT/hadoop-hdds-container-service-0.5.0-SNAPSHOT.jar:/home/user/.m2/repository/org/apache/hadoop/hadoop-hdds-client/0.5.0-SNAPSHOT/hadoop-hdds-client-0.5.0-SNAPSHOT.jar:/home/user/.m2/repository/org/apache/hadoop/hadoop-hdds-tools/0.5.0-SNAPSHOT/hadoop-hdds-tools-0.5.0-SNAPSHOT.jar:/home/user/.m2/repository/org/apache/hadoop/hadoop-hdds-server-scm/0.5.0-SNAPSHOT/hadoop-hdds-server-scm-0.5.0-SNAPSHOT.jar:/home/user/.m2/repository/org/apache/hadoop/hadoop-hdds-docs/0.5.0-SNAPSHOT/hadoop-hdds-docs-0.5.0-SNAPSHOT.jar:/home/user/.m2/repository/io/dropwizard/metrics/metrics-core/3.2.4/metrics-core-3.2.4.jar:/home/user/.m2/repository/org/hamcrest/hamcrest-all/1.3/hamcrest-all-1.3.jar:/home/user/.m2/repository/org/bouncycastle/bcprov-jdk15on/1.60/bcprov-jdk15on-1.60.jar:/home/user/.m2/repository/info/picocli/picocli/3.9.6/picocli-3.9.6.jar:/home/user/.m2/repository/com/google/protobuf/protobuf-java/2.5.0/protobuf-java-2.5.0.jar:/home/user/.m2/repository/com/google/guava/guava/11.0.2/guava-11.0.2.jar:/home/user/.m2/repository/org/apache/hadoop/hadoop-ozone-ozone-manager/0.5.0-SNAPSHOT/hadoop-ozone-ozone-manager-0.5.0-SNAPSHOT.jar:/home/user/.m2/repository/org/apache/hadoop/hadoop-minikdc/3.2.0/hadoop-minikdc-3.2.0.jar:/home/user/.m2/repository/commons-io/commons-io/2.5/commons-io-2.5.jar:/home/user/.m2/repository/org/apache/kerby/kerb-simplekdc/1.0.1/kerb-simplekdc-1.0.1.jar:/home/user/.m2/repository/org/apache/kerby/kerb-client/1.0.1/kerb-client-1.0.1.jar:/home/user/.m2/repository/org/apache/kerby/kerby-config/1.0.1/kerby-config-1.0.1.jar:/home/user/.m2/repository/org/apache/kerby/kerb-core/1.0.1/kerb-core-1.0.1.jar:/home/user/.m2/repository/org/apache/kerby/kerby-pkix/1.0.1/kerby-pkix-1.0.1.jar:/home/user/.m2/repository/org/apache/kerby/kerby-asn1/1.0.1/kerby-asn1-1.0.1.jar:/home/user/.m2/repository/org/apache/kerby/kerby-util/1.0.1/kerby-util-1.0.1.jar:/home/user/.m2/repository/org/apache/kerby/kerb-common/1.0.1/kerb-common-1.0.1.jar:/home/user/.m2/repository/org/apache/kerby/kerb-crypto/1.0.1/kerb-crypto-1.0.1.jar:/home/user/.m2/repository/org/apache/kerby/kerb-util/1.0.1/kerb-util-1.0.1.jar:/home/user/.m2/repository/org/apache/kerby/token-provider/1.0.1/token-provider-1.0.1.jar:/home/user/.m2/repository/org/apache/kerby/kerb-admin/1.0.1/kerb-admin-1.0.1.jar:/home/user/.m2/repository/org/apache/kerby/kerb-server/1.0.1/kerb-server-1.0.1.jar:/home/user/.m2/repository/org/apache/kerby/kerb-identity/1.0.1/kerb-identity-1.0.1.jar:/home/user/.m2/repository/org/apache/kerby/kerby-xdr/1.0.1/kerby-xdr-1.0.1.jar:/home/user/.m2/repository/org/slf4j/slf4j-log4j12/1.7.25/slf4j-log4j12-1.7.25.jar:/home/user/.m2/repository/org/apache/hadoop/hadoop-ozone-s3gateway/0.5.0-SNAPSHOT/hadoop-ozone-s3gateway-0.5.0-SNAPSHOT.jar:/home/user/.m2/repository/org/jboss/weld/servlet/weld-servlet/2.4.7.Final/weld-servlet-2.4.7.Final.jar:/home/user/.m2/repository/org/glassfish/jersey/containers/jersey-container-servlet-core/2.27/jersey-container-servlet-core-2.27.jar:/home/user/.m2/repository/org/glassfish/hk2/external/javax.inject/2.5.0-b42/javax.inject-2.5.0-b42.jar:/home/user/.m2/repository/org/glassfish/jersey/core/jersey-common/2.27/jersey-common-2.27.jar:/home/user/.m2/repository/org/glassfish/hk2/osgi-resource-locator/1.0.1/osgi-resource-locator-1.0.1.jar:/home/user/.m2/repository/javax/ws/rs/javax.ws.rs-api/2.1/javax.ws.rs-api-2.1.jar:/home/user/.m2/repository/org/glassfish/jersey/ext/cdi/jersey-cdi1x/2.27/jersey-cdi1x-2.27.jar:/home/user/.m2/repository/org/glassfish/jersey/inject/jersey-hk2/2.27/jersey-hk2-2.27.jar:/home/user/.m2/repository/org/glassfish/hk2/hk2-locator/2.5.0-b42/hk2-locator-2.5.0-b42.jar:/home/user/.m2/repository/org/javassist/javassist/3.22.0-CR2/javassist-3.22.0-CR2.jar:/home/user/.m2/repository/org/glassfish/hk2/hk2-api/2.5.0/hk2-api-2.5.0.jar:/home/user/.m2/repository/org/glassfish/hk2/external/jakarta.inject/2.5.0/jakarta.inject-2.5.0.jar:/home/user/.m2/repository/org/glassfish/hk2/hk2-utils/2.5.0/hk2-utils-2.5.0.jar:/home/user/.m2/repository/jakarta/annotation/jakarta.annotation-api/1.3.4/jakarta.annotation-api-1.3.4.jar:/home/user/.m2/repository/org/glassfish/hk2/external/aopalliance-repackaged/2.5.0/aopalliance-repackaged-2.5.0.jar:/home/user/.m2/repository/com/fasterxml/jackson/dataformat/jackson-dataformat-xml/2.9.0/jackson-dataformat-xml-2.9.0.jar:/home/user/.m2/repository/com/fasterxml/jackson/core/jackson-core/2.9.5/jackson-core-2.9.5.jar:/home/user/.m2/repository/com/fasterxml/jackson/module/jackson-module-jaxb-annotations/2.9.5/jackson-module-jaxb-annotations-2.9.5.jar:/home/user/.m2/repository/javax/enterprise/cdi-api/1.2/cdi-api-1.2.jar:/home/user/.m2/repository/javax/el/javax.el-api/3.0.0/javax.el-api-3.0.0.jar:/home/user/.m2/repository/javax/interceptor/javax.interceptor-api/1.2/javax.interceptor-api-1.2.jar:/home/user/.m2/repository/javax/inject/javax.inject/1/javax.inject-1.jar:/home/user/.m2/repository/com/sun/xml/bind/jaxb-impl/2.3.0.1/jaxb-impl-2.3.0.1.jar:/home/user/.m2/repository/com/sun/xml/bind/jaxb-core/2.3.0.1/jaxb-core-2.3.0.1.jar:/home/user/.m2/repository/javax/xml/bind/jaxb-api/2.3.0/jaxb-api-2.3.0.jar:/home/user/.m2/repository/javax/activation/activation/1.1.1/activation-1.1.1.jar:/home/user/.m2/repository/org/apache/hadoop/hadoop-ozone-csi/0.5.0-SNAPSHOT/hadoop-ozone-csi-0.5.0-SNAPSHOT.jar:/home/user/.m2/repository/com/google/protobuf/protobuf-java-util/3.5.1/protobuf-java-util-3.5.1.jar:/home/user/.m2/repository/org/apache/hadoop/hadoop-hdds-config/0.5.0-SNAPSHOT/hadoop-hdds-config-0.5.0-SNAPSHOT.jar:/home/user/.m2/repository/io/grpc/grpc-netty/1.17.1/grpc-netty-1.17.1.jar:/home/user/.m2/repository/io/grpc/grpc-core/1.17.1/grpc-core-1.17.1.jar:/home/user/.m2/repository/io/grpc/grpc-context/1.17.1/grpc-context-1.17.1.jar:/home/user/.m2/repository/com/google/errorprone/error_prone_annotations/2.2.0/error_prone_annotations-2.2.0.jar:/home/user/.m2/repository/org/codehaus/mojo/animal-sniffer-annotations/1.17/animal-sniffer-annotations-1.17.jar:/home/user/.m2/repository/io/opencensus/opencensus-api/0.17.0/opencensus-api-0.17.0.jar:/home/user/.m2/repository/io/opencensus/opencensus-contrib-grpc-metrics/0.17.0/opencensus-contrib-grpc-metrics-0.17.0.jar:/home/user/.m2/repository/io/netty/netty-codec-http2/4.1.30.Final/netty-codec-http2-4.1.30.Final.jar:/home/user/.m2/repository/io/netty/netty-codec-http/4.1.30.Final/netty-codec-http-4.1.30.Final.jar:/home/user/.m2/repository/io/netty/netty-codec/4.1.30.Final/netty-codec-4.1.30.Final.jar:/home/user/.m2/repository/io/netty/netty-handler/4.1.30.Final/netty-handler-4.1.30.Final.jar:/home/user/.m2/repository/io/netty/netty-handler-proxy/4.1.30.Final/netty-handler-proxy-4.1.30.Final.jar:/home/user/.m2/repository/io/netty/netty-codec-socks/4.1.30.Final/netty-codec-socks-4.1.30.Final.jar:/home/user/.m2/repository/io/netty/netty-transport-native-epoll/4.1.30.Final/netty-transport-native-epoll-4.1.30.Final.jar:/home/user/.m2/repository/io/netty/netty-common/4.1.30.Final/netty-common-4.1.30.Final.jar:/home/user/.m2/repository/io/netty/netty-buffer/4.1.30.Final/netty-buffer-4.1.30.Final.jar:/home/user/.m2/repository/io/netty/netty-transport/4.1.30.Final/netty-transport-4.1.30.Final.jar:/home/user/.m2/repository/io/netty/netty-resolver/4.1.30.Final/netty-resolver-4.1.30.Final.jar:/home/user/.m2/repository/io/netty/netty-transport-native-unix-common/4.1.30.Final/netty-transport-native-unix-common-4.1.30.Final.jar:/home/user/.m2/repository/io/grpc/grpc-protobuf/1.17.1/grpc-protobuf-1.17.1.jar:/home/user/.m2/repository/com/google/api/grpc/proto-google-common-protos/1.0.0/proto-google-common-protos-1.0.0.jar:/home/user/.m2/repository/io/grpc/grpc-protobuf-lite/1.17.1/grpc-protobuf-lite-1.17.1.jar:/home/user/.m2/repository/io/grpc/grpc-stub/1.17.1/grpc-stub-1.17.1.jar:/home/user/.m2/repository/org/apache/hadoop/hadoop-ozone-recon/0.5.0-SNAPSHOT/hadoop-ozone-recon-0.5.0-SNAPSHOT.jar:/home/user/.m2/repository/org/apache/hadoop/hadoop-ozone-reconcodegen/0.5.0-SNAPSHOT/hadoop-ozone-reconcodegen-0.5.0-SNAPSHOT.jar:/home/user/.m2/repository/com/google/inject/extensions/guice-multibindings/4.0/guice-multibindings-4.0.jar:/home/user/.m2/repository/com/google/inject/guice/4.0/guice-4.0.jar:/home/user/.m2/repository/aopalliance/aopalliance/1.0/aopalliance-1.0.jar:/home/user/.m2/repository/com/google/inject/extensions/guice-servlet/4.0/guice-servlet-4.0.jar:/home/user/.m2/repository/org/glassfish/jersey/containers/jersey-container-servlet/2.27/jersey-container-servlet-2.27.jar:/home/user/.m2/repository/org/glassfish/hk2/guice-bridge/2.5.0/guice-bridge-2.5.0.jar:/home/user/.m2/repository/org/glassfish/jersey/core/jersey-server/2.27/jersey-server-2.27.jar:/home/user/.m2/repository/org/glassfish/jersey/core/jersey-client/2.27/jersey-client-2.27.jar:/home/user/.m2/repository/org/glassfish/jersey/media/jersey-media-jaxb/2.27/jersey-media-jaxb-2.27.jar:/home/user/.m2/repository/javax/validation/validation-api/1.1.0.Final/validation-api-1.1.0.Final.jar:/home/user/.m2/repository/org/glassfish/jersey/media/jersey-media-json-jackson/2.27/jersey-media-json-jackson-2.27.jar:/home/user/.m2/repository/org/glassfish/jersey/ext/jersey-entity-filtering/2.27/jersey-entity-filtering-2.27.jar:/home/user/.m2/repository/com/google/inject/extensions/guice-assistedinject/4.0/guice-assistedinject-4.0.jar:/home/user/.m2/repository/org/jooq/jooq/3.11.10/jooq-3.11.10.jar:/home/user/.m2/repository/org/jooq/jooq-meta/3.11.10/jooq-meta-3.11.10.jar:/home/user/.m2/repository/org/jooq/jooq-codegen/3.11.10/jooq-codegen-3.11.10.jar:/home/user/.m2/repository/com/jolbox/bonecp/0.8.0.RELEASE/bonecp-0.8.0.RELEASE.jar:/home/user/.m2/repository/org/xerial/sqlite-jdbc/3.25.2/sqlite-jdbc-3.25.2.jar:/home/user/.m2/repository/org/springframework/spring-jdbc/5.1.3.RELEASE/spring-jdbc-5.1.3.RELEASE.jar:/home/user/.m2/repository/org/springframework/spring-beans/5.1.3.RELEASE/spring-beans-5.1.3.RELEASE.jar:/home/user/.m2/repository/org/springframework/spring-core/5.1.3.RELEASE/spring-core-5.1.3.RELEASE.jar:/home/user/.m2/repository/org/springframework/spring-jcl/5.1.3.RELEASE/spring-jcl-5.1.3.RELEASE.jar:/home/user/.m2/repository/org/springframework/spring-tx/5.1.3.RELEASE/spring-tx-5.1.3.RELEASE.jar:/home/user/.m2/repository/org/apache/hadoop/hadoop-ozone-client/0.5.0-SNAPSHOT/hadoop-ozone-client-0.5.0-SNAPSHOT.jar:/home/user/.m2/repository/commons-lang/commons-lang/2.6/commons-lang-2.6.jar:/home/user/.m2/repository/org/apache/hadoop/hadoop-ozone-ozone-manager/0.5.0-SNAPSHOT/hadoop-ozone-ozone-manager-0.5.0-SNAPSHOT-tests.jar:/home/user/.m2/repository/junit/junit/4.11/junit-4.11.jar:/home/user/.m2/repository/org/hamcrest/hamcrest-core/1.3/hamcrest-core-1.3.jar:/home/user/.m2/repository/org/openjdk/jmh/jmh-core/1.19/jmh-core-1.19.jar:/home/user/.m2/repository/net/sf/jopt-simple/jopt-simple/4.6/jopt-simple-4.6.jar:/home/user/.m2/repository/org/apache/commons/commons-math3/3.1.1/commons-math3-3.1.1.jar:/home/user/.m2/repository/org/openjdk/jmh/jmh-generator-annprocess/1.19/jmh-generator-annprocess-1.19.jar:/home/user/.m2/repository/org/mockito/mockito-all/1.8.5/mockito-all-1.8.5.jar:/home/user/.m2/repository/org/apache/hadoop/hadoop-kms/3.2.0/hadoop-kms-3.2.0.jar:/home/user/.m2/repository/org/apache/hadoop/hadoop-auth/3.2.0/hadoop-auth-3.2.0.jar:/home/user/.m2/repository/com/nimbusds/nimbus-jose-jwt/4.41.1/nimbus-jose-jwt-4.41.1.jar:/home/user/.m2/repository/com/github/stephenc/jcip/jcip-annotations/1.0-1/jcip-annotations-1.0-1.jar:/home/user/.m2/repository/net/minidev/json-smart/2.3/json-smart-2.3.jar:/home/user/.m2/repository/net/minidev/accessors-smart/1.2/accessors-smart-1.2.jar:/home/user/.m2/repository/org/ow2/asm/asm/5.0.4/asm-5.0.4.jar:/home/user/.m2/repository/org/apache/curator/curator-framework/2.12.0/curator-framework-2.12.0.jar:/home/user/.m2/repository/com/sun/jersey/jersey-core/1.19/jersey-core-1.19.jar:/home/user/.m2/repository/javax/ws/rs/jsr311-api/1.1.1/jsr311-api-1.1.1.jar:/home/user/.m2/repository/com/sun/jersey/jersey-server/1.19/jersey-server-1.19.jar:/home/user/.m2/repository/javax/servlet/javax.servlet-api/3.1.0/javax.servlet-api-3.1.0.jar:/home/user/.m2/repository/org/eclipse/jetty/jetty-server/9.3.24.v20180605/jetty-server-9.3.24.v20180605.jar:/home/user/.m2/repository/org/eclipse/jetty/jetty-http/9.3.24.v20180605/jetty-http-9.3.24.v20180605.jar:/home/user/.m2/repository/org/eclipse/jetty/jetty-io/9.3.24.v20180605/jetty-io-9.3.24.v20180605.jar:/home/user/.m2/repository/org/eclipse/jetty/jetty-webapp/9.3.24.v20180605/jetty-webapp-9.3.24.v20180605.jar:/home/user/.m2/repository/org/eclipse/jetty/jetty-xml/9.3.24.v20180605/jetty-xml-9.3.24.v20180605.jar:/home/user/.m2/repository/log4j/log4j/1.2.17/log4j-1.2.17.jar:/home/user/.m2/repository/org/slf4j/slf4j-api/1.7.25/slf4j-api-1.7.25.jar:/home/user/.m2/repository/org/slf4j/jul-to-slf4j/1.7.25/jul-to-slf4j-1.7.25.jar:/home/user/.m2/repository/org/eclipse/jetty/jetty-util/9.3.24.v20180605/jetty-util-9.3.24.v20180605.jar:/home/user/.m2/repository/com/fasterxml/jackson/core/jackson-databind/2.9.5/jackson-databind-2.9.5.jar:/home/user/.m2/repository/org/apache/hadoop/hadoop-kms/3.2.0/hadoop-kms-3.2.0-tests.jar:/home/user/.m2/repository/org/apache/hadoop/hadoop-hdds-server-scm/0.5.0-SNAPSHOT/hadoop-hdds-server-scm-0.5.0-SNAPSHOT-tests.jar:/home/user/.m2/repository/org/apache/hadoop/hadoop-hdds-container-service/0.5.0-SNAPSHOT/hadoop-hdds-container-service-0.5.0-SNAPSHOT-tests.jar:/home/user/.m2/repository/org/yaml/snakeyaml/1.16/snakeyaml-1.16.jar:/home/user/.m2/repository/org/apache/hadoop/hadoop-common/3.2.0/hadoop-common-3.2.0-tests.jar:/home/user/.m2/repository/org/apache/hadoop/hadoop-annotations/3.2.0/hadoop-annotations-3.2.0.jar:/usr/lib/jvm/java-1.8-openjdk/jre/../lib/tools.jar:/home/user/.m2/repository/commons-cli/commons-cli/1.2/commons-cli-1.2.jar:/home/user/.m2/repository/org/apache/httpcomponents/httpclient/4.5.2/httpclient-4.5.2.jar:/home/user/.m2/repository/org/apache/httpcomponents/httpcore/4.4.4/httpcore-4.4.4.jar:/home/user/.m2/repository/commons-codec/commons-codec/1.11/commons-codec-1.11.jar:/home/user/.m2/repository/commons-net/commons-net/3.6/commons-net-3.6.jar:/home/user/.m2/repository/commons-collections/commons-collections/3.2.2/commons-collections-3.2.2.jar:/home/user/.m2/repository/org/eclipse/jetty/jetty-servlet/9.3.24.v20180605/jetty-servlet-9.3.24.v20180605.jar:/home/user/.m2/repository/org/eclipse/jetty/jetty-security/9.3.24.v20180605/jetty-security-9.3.24.v20180605.jar:/home/user/.m2/repository/javax/servlet/jsp/jsp-api/2.1/jsp-api-2.1.jar:/home/user/.m2/repository/com/sun/jersey/jersey-servlet/1.19/jersey-servlet-1.19.jar:/home/user/.m2/repository/com/sun/jersey/jersey-json/1.19/jersey-json-1.19.jar:/home/user/.m2/repository/org/codehaus/jettison/jettison/1.1/jettison-1.1.jar:/home/user/.m2/repository/org/codehaus/jackson/jackson-core-asl/1.9.13/jackson-core-asl-1.9.13.jar:/home/user/.m2/repository/org/codehaus/jackson/jackson-mapper-asl/1.9.13/jackson-mapper-asl-1.9.13.jar:/home/user/.m2/repository/org/codehaus/jackson/jackson-jaxrs/1.9.13/jackson-jaxrs-1.9.13.jar:/home/user/.m2/repository/org/codehaus/jackson/jackson-xc/1.9.13/jackson-xc-1.9.13.jar:/home/user/.m2/repository/commons-logging/commons-logging/1.1.3/commons-logging-1.1.3.jar:/home/user/.m2/repository/commons-beanutils/commons-beanutils/1.9.3/commons-beanutils-1.9.3.jar:/home/user/.m2/repository/org/apache/commons/commons-configuration2/2.1.1/commons-configuration2-2.1.1.jar:/home/user/.m2/repository/org/apache/commons/commons-lang3/3.7/commons-lang3-3.7.jar:/home/user/.m2/repository/org/apache/commons/commons-text/1.4/commons-text-1.4.jar:/home/user/.m2/repository/org/apache/avro/avro/1.7.7/avro-1.7.7.jar:/home/user/.m2/repository/com/thoughtworks/paranamer/paranamer/2.3/paranamer-2.3.jar:/home/user/.m2/repository/org/xerial/snappy/snappy-java/1.0.5/snappy-java-1.0.5.jar:/home/user/.m2/repository/com/google/re2j/re2j/1.1/re2j-1.1.jar:/home/user/.m2/repository/com/google/code/gson/gson/2.2.4/gson-2.2.4.jar:/home/user/.m2/repository/com/jcraft/jsch/0.1.54/jsch-0.1.54.jar:/home/user/.m2/repository/org/apache/curator/curator-client/2.12.0/curator-client-2.12.0.jar:/home/user/.m2/repository/org/apache/curator/curator-recipes/2.12.0/curator-recipes-2.12.0.jar:/home/user/.m2/repository/com/google/code/findbugs/jsr305/3.0.0/jsr305-3.0.0.jar:/home/user/.m2/repository/org/apache/htrace/htrace-core4/4.1.0-incubating/htrace-core4-4.1.0-incubating.jar:/home/user/.m2/repository/org/apache/zookeeper/zookeeper/3.4.13/zookeeper-3.4.13.jar:/home/user/.m2/repository/org/apache/yetus/audience-annotations/0.5.0/audience-annotations-0.5.0.jar:/home/user/.m2/repository/org/codehaus/woodstox/stax2-api/3.1.4/stax2-api-3.1.4.jar:/home/user/.m2/repository/com/fasterxml/woodstox/woodstox-core/5.0.3/woodstox-core-5.0.3.jar:/home/user/.m2/repository/dnsjava/dnsjava/2.1.7/dnsjava-2.1.7.jar:/home/user/.m2/repository/org/apache/hadoop/hadoop-hdfs/3.2.0/hadoop-hdfs-3.2.0-tests.jar:/home/user/.m2/repository/org/eclipse/jetty/jetty-util-ajax/9.3.24.v20180605/jetty-util-ajax-9.3.24.v20180605.jar:/home/user/.m2/repository/commons-daemon/commons-daemon/1.0.13/commons-daemon-1.0.13.jar:/home/user/.m2/repository/io/netty/netty/3.10.5.Final/netty-3.10.5.Final.jar:/home/user/.m2/repository/io/netty/netty-all/4.0.52.Final/netty-all-4.0.52.Final.jar:/home/user/.m2/repository/org/fusesource/leveldbjni/leveldbjni-all/1.8/leveldbjni-all-1.8.jar:"/>
    <property name="java.vm.vendor" value="IcedTea"/>
    <property name="sun.arch.data.model" value="64"/>
    <property name="test.build.dir" value="/workdir/hadoop-ozone/integration-test/target/test-dir"/>
    <property name="test.cache.data" value=""/>
    <property name="java.vendor.url" value="https://icedtea.classpath.org"/>
    <property name="user.timezone" value=""/>
    <property name="java.vm.specification.version" value="1.8"/>
    <property name="os.name" value="Linux"/>
    <property name="test.build.data" value="/workdir/hadoop-ozone/integration-test/target/test-dir"/>
    <property name="user.country" value="US"/>
    <property name="sun.java.launcher" value="SUN_STANDARD"/>
    <property name="sun.boot.library.path" value="/usr/lib/jvm/java-1.8-openjdk/jre/lib/amd64"/>
    <property name="sun.java.command" value="/workdir/hadoop-ozone/integration-test/target/surefire/surefirebooter4445175876977416328.jar /workdir/hadoop-ozone/integration-test/target/surefire 2019-09-05T17-29-34_875-jvmRun1 surefire3640027683768924205tmp surefire_342288508137778580260tmp"/>
    <property name="test" value="!TestMiniChaosOzoneCluster"/>
    <property name="surefire.test.class.path" value="/workdir/hadoop-ozone/integration-test/target/test-classes:/workdir/hadoop-ozone/integration-test/target/classes:/home/user/.m2/repository/org/apache/hadoop/hadoop-ozone-common/0.5.0-SNAPSHOT/hadoop-ozone-common-0.5.0-SNAPSHOT.jar:/home/user/.m2/repository/org/apache/commons/commons-compress/1.4.1/commons-compress-1.4.1.jar:/home/user/.m2/repository/org/tukaani/xz/1.0/xz-1.0.jar:/home/user/.m2/repository/org/apache/hadoop/hadoop-common/3.2.0/hadoop-common-3.2.0.jar:/home/user/.m2/repository/org/apache/hadoop/hadoop-hdfs/3.2.0/hadoop-hdfs-3.2.0.jar:/home/user/.m2/repository/org/apache/hadoop/hadoop-hdfs-client/3.2.0/hadoop-hdfs-client-3.2.0.jar:/home/user/.m2/repository/com/fasterxml/jackson/core/jackson-annotations/2.9.5/jackson-annotations-2.9.5.jar:/home/user/.m2/repository/org/apache/hadoop/hadoop-hdds-common/0.5.0-SNAPSHOT/hadoop-hdds-common-0.5.0-SNAPSHOT.jar:/home/user/.m2/repository/javax/annotation/javax.annotation-api/1.2/javax.annotation-api-1.2.jar:/home/user/.m2/repository/org/apache/ratis/ratis-server/0.4.0-2337318-SNAPSHOT/ratis-server-0.4.0-2337318-SNAPSHOT.jar:/home/user/.m2/repository/org/apache/ratis/ratis-thirdparty-misc/0.2.0/ratis-thirdparty-misc-0.2.0.jar:/home/user/.m2/repository/org/apache/ratis/ratis-proto/0.4.0-2337318-SNAPSHOT/ratis-proto-0.4.0-2337318-SNAPSHOT.jar:/home/user/.m2/repository/org/apache/ratis/ratis-common/0.4.0-2337318-SNAPSHOT/ratis-common-0.4.0-2337318-SNAPSHOT.jar:/home/user/.m2/repository/org/apache/ratis/ratis-client/0.4.0-2337318-SNAPSHOT/ratis-client-0.4.0-2337318-SNAPSHOT.jar:/home/user/.m2/repository/org/apache/ratis/ratis-metrics/0.4.0-2337318-SNAPSHOT/ratis-metrics-0.4.0-2337318-SNAPSHOT.jar:/home/user/.m2/repository/org/apache/ratis/ratis-netty/0.4.0-2337318-SNAPSHOT/ratis-netty-0.4.0-2337318-SNAPSHOT.jar:/home/user/.m2/repository/org/apache/ratis/ratis-grpc/0.4.0-2337318-SNAPSHOT/ratis-grpc-0.4.0-2337318-SNAPSHOT.jar:/home/user/.m2/repository/org/rocksdb/rocksdbjni/6.0.1/rocksdbjni-6.0.1.jar:/home/user/.m2/repository/org/apache/logging/log4j/log4j-api/2.11.0/log4j-api-2.11.0.jar:/home/user/.m2/repository/org/apache/logging/log4j/log4j-core/2.11.0/log4j-core-2.11.0.jar:/home/user/.m2/repository/com/lmax/disruptor/3.4.2/disruptor-3.4.2.jar:/home/user/.m2/repository/org/apache/commons/commons-pool2/2.6.0/commons-pool2-2.6.0.jar:/home/user/.m2/repository/org/bouncycastle/bcpkix-jdk15on/1.60/bcpkix-jdk15on-1.60.jar:/home/user/.m2/repository/commons-validator/commons-validator/1.6/commons-validator-1.6.jar:/home/user/.m2/repository/commons-digester/commons-digester/1.8.1/commons-digester-1.8.1.jar:/home/user/.m2/repository/io/jaegertracing/jaeger-client/0.33.1/jaeger-client-0.33.1.jar:/home/user/.m2/repository/io/jaegertracing/jaeger-thrift/0.33.1/jaeger-thrift-0.33.1.jar:/home/user/.m2/repository/org/apache/thrift/libthrift/0.11.0/libthrift-0.11.0.jar:/home/user/.m2/repository/com/squareup/okhttp3/okhttp/3.9.0/okhttp-3.9.0.jar:/home/user/.m2/repository/com/squareup/okio/okio/1.13.0/okio-1.13.0.jar:/home/user/.m2/repository/io/jaegertracing/jaeger-core/0.33.1/jaeger-core-0.33.1.jar:/home/user/.m2/repository/io/jaegertracing/jaeger-tracerresolver/0.33.1/jaeger-tracerresolver-0.33.1.jar:/home/user/.m2/repository/io/opentracing/contrib/opentracing-tracerresolver/0.1.5/opentracing-tracerresolver-0.1.5.jar:/home/user/.m2/repository/io/opentracing/opentracing-util/0.31.0/opentracing-util-0.31.0.jar:/home/user/.m2/repository/io/opentracing/opentracing-api/0.31.0/opentracing-api-0.31.0.jar:/home/user/.m2/repository/io/opentracing/opentracing-noop/0.31.0/opentracing-noop-0.31.0.jar:/home/user/.m2/repository/org/apache/hadoop/hadoop-hdds-server-framework/0.5.0-SNAPSHOT/hadoop-hdds-server-framework-0.5.0-SNAPSHOT.jar:/home/user/.m2/repository/org/apache/hadoop/hadoop-hdds-container-service/0.5.0-SNAPSHOT/hadoop-hdds-container-service-0.5.0-SNAPSHOT.jar:/home/user/.m2/repository/org/apache/hadoop/hadoop-hdds-client/0.5.0-SNAPSHOT/hadoop-hdds-client-0.5.0-SNAPSHOT.jar:/home/user/.m2/repository/org/apache/hadoop/hadoop-hdds-tools/0.5.0-SNAPSHOT/hadoop-hdds-tools-0.5.0-SNAPSHOT.jar:/home/user/.m2/repository/org/apache/hadoop/hadoop-hdds-server-scm/0.5.0-SNAPSHOT/hadoop-hdds-server-scm-0.5.0-SNAPSHOT.jar:/home/user/.m2/repository/org/apache/hadoop/hadoop-hdds-docs/0.5.0-SNAPSHOT/hadoop-hdds-docs-0.5.0-SNAPSHOT.jar:/home/user/.m2/repository/io/dropwizard/metrics/metrics-core/3.2.4/metrics-core-3.2.4.jar:/home/user/.m2/repository/org/hamcrest/hamcrest-all/1.3/hamcrest-all-1.3.jar:/home/user/.m2/repository/org/bouncycastle/bcprov-jdk15on/1.60/bcprov-jdk15on-1.60.jar:/home/user/.m2/repository/info/picocli/picocli/3.9.6/picocli-3.9.6.jar:/home/user/.m2/repository/com/google/protobuf/protobuf-java/2.5.0/protobuf-java-2.5.0.jar:/home/user/.m2/repository/com/google/guava/guava/11.0.2/guava-11.0.2.jar:/home/user/.m2/repository/org/apache/hadoop/hadoop-ozone-ozone-manager/0.5.0-SNAPSHOT/hadoop-ozone-ozone-manager-0.5.0-SNAPSHOT.jar:/home/user/.m2/repository/org/apache/hadoop/hadoop-minikdc/3.2.0/hadoop-minikdc-3.2.0.jar:/home/user/.m2/repository/commons-io/commons-io/2.5/commons-io-2.5.jar:/home/user/.m2/repository/org/apache/kerby/kerb-simplekdc/1.0.1/kerb-simplekdc-1.0.1.jar:/home/user/.m2/repository/org/apache/kerby/kerb-client/1.0.1/kerb-client-1.0.1.jar:/home/user/.m2/repository/org/apache/kerby/kerby-config/1.0.1/kerby-config-1.0.1.jar:/home/user/.m2/repository/org/apache/kerby/kerb-core/1.0.1/kerb-core-1.0.1.jar:/home/user/.m2/repository/org/apache/kerby/kerby-pkix/1.0.1/kerby-pkix-1.0.1.jar:/home/user/.m2/repository/org/apache/kerby/kerby-asn1/1.0.1/kerby-asn1-1.0.1.jar:/home/user/.m2/repository/org/apache/kerby/kerby-util/1.0.1/kerby-util-1.0.1.jar:/home/user/.m2/repository/org/apache/kerby/kerb-common/1.0.1/kerb-common-1.0.1.jar:/home/user/.m2/repository/org/apache/kerby/kerb-crypto/1.0.1/kerb-crypto-1.0.1.jar:/home/user/.m2/repository/org/apache/kerby/kerb-util/1.0.1/kerb-util-1.0.1.jar:/home/user/.m2/repository/org/apache/kerby/token-provider/1.0.1/token-provider-1.0.1.jar:/home/user/.m2/repository/org/apache/kerby/kerb-admin/1.0.1/kerb-admin-1.0.1.jar:/home/user/.m2/repository/org/apache/kerby/kerb-server/1.0.1/kerb-server-1.0.1.jar:/home/user/.m2/repository/org/apache/kerby/kerb-identity/1.0.1/kerb-identity-1.0.1.jar:/home/user/.m2/repository/org/apache/kerby/kerby-xdr/1.0.1/kerby-xdr-1.0.1.jar:/home/user/.m2/repository/org/slf4j/slf4j-log4j12/1.7.25/slf4j-log4j12-1.7.25.jar:/home/user/.m2/repository/org/apache/hadoop/hadoop-ozone-s3gateway/0.5.0-SNAPSHOT/hadoop-ozone-s3gateway-0.5.0-SNAPSHOT.jar:/home/user/.m2/repository/org/jboss/weld/servlet/weld-servlet/2.4.7.Final/weld-servlet-2.4.7.Final.jar:/home/user/.m2/repository/org/glassfish/jersey/containers/jersey-container-servlet-core/2.27/jersey-container-servlet-core-2.27.jar:/home/user/.m2/repository/org/glassfish/hk2/external/javax.inject/2.5.0-b42/javax.inject-2.5.0-b42.jar:/home/user/.m2/repository/org/glassfish/jersey/core/jersey-common/2.27/jersey-common-2.27.jar:/home/user/.m2/repository/org/glassfish/hk2/osgi-resource-locator/1.0.1/osgi-resource-locator-1.0.1.jar:/home/user/.m2/repository/javax/ws/rs/javax.ws.rs-api/2.1/javax.ws.rs-api-2.1.jar:/home/user/.m2/repository/org/glassfish/jersey/ext/cdi/jersey-cdi1x/2.27/jersey-cdi1x-2.27.jar:/home/user/.m2/repository/org/glassfish/jersey/inject/jersey-hk2/2.27/jersey-hk2-2.27.jar:/home/user/.m2/repository/org/glassfish/hk2/hk2-locator/2.5.0-b42/hk2-locator-2.5.0-b42.jar:/home/user/.m2/repository/org/javassist/javassist/3.22.0-CR2/javassist-3.22.0-CR2.jar:/home/user/.m2/repository/org/glassfish/hk2/hk2-api/2.5.0/hk2-api-2.5.0.jar:/home/user/.m2/repository/org/glassfish/hk2/external/jakarta.inject/2.5.0/jakarta.inject-2.5.0.jar:/home/user/.m2/repository/org/glassfish/hk2/hk2-utils/2.5.0/hk2-utils-2.5.0.jar:/home/user/.m2/repository/jakarta/annotation/jakarta.annotation-api/1.3.4/jakarta.annotation-api-1.3.4.jar:/home/user/.m2/repository/org/glassfish/hk2/external/aopalliance-repackaged/2.5.0/aopalliance-repackaged-2.5.0.jar:/home/user/.m2/repository/com/fasterxml/jackson/dataformat/jackson-dataformat-xml/2.9.0/jackson-dataformat-xml-2.9.0.jar:/home/user/.m2/repository/com/fasterxml/jackson/core/jackson-core/2.9.5/jackson-core-2.9.5.jar:/home/user/.m2/repository/com/fasterxml/jackson/module/jackson-module-jaxb-annotations/2.9.5/jackson-module-jaxb-annotations-2.9.5.jar:/home/user/.m2/repository/javax/enterprise/cdi-api/1.2/cdi-api-1.2.jar:/home/user/.m2/repository/javax/el/javax.el-api/3.0.0/javax.el-api-3.0.0.jar:/home/user/.m2/repository/javax/interceptor/javax.interceptor-api/1.2/javax.interceptor-api-1.2.jar:/home/user/.m2/repository/javax/inject/javax.inject/1/javax.inject-1.jar:/home/user/.m2/repository/com/sun/xml/bind/jaxb-impl/2.3.0.1/jaxb-impl-2.3.0.1.jar:/home/user/.m2/repository/com/sun/xml/bind/jaxb-core/2.3.0.1/jaxb-core-2.3.0.1.jar:/home/user/.m2/repository/javax/xml/bind/jaxb-api/2.3.0/jaxb-api-2.3.0.jar:/home/user/.m2/repository/javax/activation/activation/1.1.1/activation-1.1.1.jar:/home/user/.m2/repository/org/apache/hadoop/hadoop-ozone-csi/0.5.0-SNAPSHOT/hadoop-ozone-csi-0.5.0-SNAPSHOT.jar:/home/user/.m2/repository/com/google/protobuf/protobuf-java-util/3.5.1/protobuf-java-util-3.5.1.jar:/home/user/.m2/repository/org/apache/hadoop/hadoop-hdds-config/0.5.0-SNAPSHOT/hadoop-hdds-config-0.5.0-SNAPSHOT.jar:/home/user/.m2/repository/io/grpc/grpc-netty/1.17.1/grpc-netty-1.17.1.jar:/home/user/.m2/repository/io/grpc/grpc-core/1.17.1/grpc-core-1.17.1.jar:/home/user/.m2/repository/io/grpc/grpc-context/1.17.1/grpc-context-1.17.1.jar:/home/user/.m2/repository/com/google/errorprone/error_prone_annotations/2.2.0/error_prone_annotations-2.2.0.jar:/home/user/.m2/repository/org/codehaus/mojo/animal-sniffer-annotations/1.17/animal-sniffer-annotations-1.17.jar:/home/user/.m2/repository/io/opencensus/opencensus-api/0.17.0/opencensus-api-0.17.0.jar:/home/user/.m2/repository/io/opencensus/opencensus-contrib-grpc-metrics/0.17.0/opencensus-contrib-grpc-metrics-0.17.0.jar:/home/user/.m2/repository/io/netty/netty-codec-http2/4.1.30.Final/netty-codec-http2-4.1.30.Final.jar:/home/user/.m2/repository/io/netty/netty-codec-http/4.1.30.Final/netty-codec-http-4.1.30.Final.jar:/home/user/.m2/repository/io/netty/netty-codec/4.1.30.Final/netty-codec-4.1.30.Final.jar:/home/user/.m2/repository/io/netty/netty-handler/4.1.30.Final/netty-handler-4.1.30.Final.jar:/home/user/.m2/repository/io/netty/netty-handler-proxy/4.1.30.Final/netty-handler-proxy-4.1.30.Final.jar:/home/user/.m2/repository/io/netty/netty-codec-socks/4.1.30.Final/netty-codec-socks-4.1.30.Final.jar:/home/user/.m2/repository/io/netty/netty-transport-native-epoll/4.1.30.Final/netty-transport-native-epoll-4.1.30.Final.jar:/home/user/.m2/repository/io/netty/netty-common/4.1.30.Final/netty-common-4.1.30.Final.jar:/home/user/.m2/repository/io/netty/netty-buffer/4.1.30.Final/netty-buffer-4.1.30.Final.jar:/home/user/.m2/repository/io/netty/netty-transport/4.1.30.Final/netty-transport-4.1.30.Final.jar:/home/user/.m2/repository/io/netty/netty-resolver/4.1.30.Final/netty-resolver-4.1.30.Final.jar:/home/user/.m2/repository/io/netty/netty-transport-native-unix-common/4.1.30.Final/netty-transport-native-unix-common-4.1.30.Final.jar:/home/user/.m2/repository/io/grpc/grpc-protobuf/1.17.1/grpc-protobuf-1.17.1.jar:/home/user/.m2/repository/com/google/api/grpc/proto-google-common-protos/1.0.0/proto-google-common-protos-1.0.0.jar:/home/user/.m2/repository/io/grpc/grpc-protobuf-lite/1.17.1/grpc-protobuf-lite-1.17.1.jar:/home/user/.m2/repository/io/grpc/grpc-stub/1.17.1/grpc-stub-1.17.1.jar:/home/user/.m2/repository/org/apache/hadoop/hadoop-ozone-recon/0.5.0-SNAPSHOT/hadoop-ozone-recon-0.5.0-SNAPSHOT.jar:/home/user/.m2/repository/org/apache/hadoop/hadoop-ozone-reconcodegen/0.5.0-SNAPSHOT/hadoop-ozone-reconcodegen-0.5.0-SNAPSHOT.jar:/home/user/.m2/repository/com/google/inject/extensions/guice-multibindings/4.0/guice-multibindings-4.0.jar:/home/user/.m2/repository/com/google/inject/guice/4.0/guice-4.0.jar:/home/user/.m2/repository/aopalliance/aopalliance/1.0/aopalliance-1.0.jar:/home/user/.m2/repository/com/google/inject/extensions/guice-servlet/4.0/guice-servlet-4.0.jar:/home/user/.m2/repository/org/glassfish/jersey/containers/jersey-container-servlet/2.27/jersey-container-servlet-2.27.jar:/home/user/.m2/repository/org/glassfish/hk2/guice-bridge/2.5.0/guice-bridge-2.5.0.jar:/home/user/.m2/repository/org/glassfish/jersey/core/jersey-server/2.27/jersey-server-2.27.jar:/home/user/.m2/repository/org/glassfish/jersey/core/jersey-client/2.27/jersey-client-2.27.jar:/home/user/.m2/repository/org/glassfish/jersey/media/jersey-media-jaxb/2.27/jersey-media-jaxb-2.27.jar:/home/user/.m2/repository/javax/validation/validation-api/1.1.0.Final/validation-api-1.1.0.Final.jar:/home/user/.m2/repository/org/glassfish/jersey/media/jersey-media-json-jackson/2.27/jersey-media-json-jackson-2.27.jar:/home/user/.m2/repository/org/glassfish/jersey/ext/jersey-entity-filtering/2.27/jersey-entity-filtering-2.27.jar:/home/user/.m2/repository/com/google/inject/extensions/guice-assistedinject/4.0/guice-assistedinject-4.0.jar:/home/user/.m2/repository/org/jooq/jooq/3.11.10/jooq-3.11.10.jar:/home/user/.m2/repository/org/jooq/jooq-meta/3.11.10/jooq-meta-3.11.10.jar:/home/user/.m2/repository/org/jooq/jooq-codegen/3.11.10/jooq-codegen-3.11.10.jar:/home/user/.m2/repository/com/jolbox/bonecp/0.8.0.RELEASE/bonecp-0.8.0.RELEASE.jar:/home/user/.m2/repository/org/xerial/sqlite-jdbc/3.25.2/sqlite-jdbc-3.25.2.jar:/home/user/.m2/repository/org/springframework/spring-jdbc/5.1.3.RELEASE/spring-jdbc-5.1.3.RELEASE.jar:/home/user/.m2/repository/org/springframework/spring-beans/5.1.3.RELEASE/spring-beans-5.1.3.RELEASE.jar:/home/user/.m2/repository/org/springframework/spring-core/5.1.3.RELEASE/spring-core-5.1.3.RELEASE.jar:/home/user/.m2/repository/org/springframework/spring-jcl/5.1.3.RELEASE/spring-jcl-5.1.3.RELEASE.jar:/home/user/.m2/repository/org/springframework/spring-tx/5.1.3.RELEASE/spring-tx-5.1.3.RELEASE.jar:/home/user/.m2/repository/org/apache/hadoop/hadoop-ozone-client/0.5.0-SNAPSHOT/hadoop-ozone-client-0.5.0-SNAPSHOT.jar:/home/user/.m2/repository/commons-lang/commons-lang/2.6/commons-lang-2.6.jar:/home/user/.m2/repository/org/apache/hadoop/hadoop-ozone-ozone-manager/0.5.0-SNAPSHOT/hadoop-ozone-ozone-manager-0.5.0-SNAPSHOT-tests.jar:/home/user/.m2/repository/junit/junit/4.11/junit-4.11.jar:/home/user/.m2/repository/org/hamcrest/hamcrest-core/1.3/hamcrest-core-1.3.jar:/home/user/.m2/repository/org/openjdk/jmh/jmh-core/1.19/jmh-core-1.19.jar:/home/user/.m2/repository/net/sf/jopt-simple/jopt-simple/4.6/jopt-simple-4.6.jar:/home/user/.m2/repository/org/apache/commons/commons-math3/3.1.1/commons-math3-3.1.1.jar:/home/user/.m2/repository/org/openjdk/jmh/jmh-generator-annprocess/1.19/jmh-generator-annprocess-1.19.jar:/home/user/.m2/repository/org/mockito/mockito-all/1.8.5/mockito-all-1.8.5.jar:/home/user/.m2/repository/org/apache/hadoop/hadoop-kms/3.2.0/hadoop-kms-3.2.0.jar:/home/user/.m2/repository/org/apache/hadoop/hadoop-auth/3.2.0/hadoop-auth-3.2.0.jar:/home/user/.m2/repository/com/nimbusds/nimbus-jose-jwt/4.41.1/nimbus-jose-jwt-4.41.1.jar:/home/user/.m2/repository/com/github/stephenc/jcip/jcip-annotations/1.0-1/jcip-annotations-1.0-1.jar:/home/user/.m2/repository/net/minidev/json-smart/2.3/json-smart-2.3.jar:/home/user/.m2/repository/net/minidev/accessors-smart/1.2/accessors-smart-1.2.jar:/home/user/.m2/repository/org/ow2/asm/asm/5.0.4/asm-5.0.4.jar:/home/user/.m2/repository/org/apache/curator/curator-framework/2.12.0/curator-framework-2.12.0.jar:/home/user/.m2/repository/com/sun/jersey/jersey-core/1.19/jersey-core-1.19.jar:/home/user/.m2/repository/javax/ws/rs/jsr311-api/1.1.1/jsr311-api-1.1.1.jar:/home/user/.m2/repository/com/sun/jersey/jersey-server/1.19/jersey-server-1.19.jar:/home/user/.m2/repository/javax/servlet/javax.servlet-api/3.1.0/javax.servlet-api-3.1.0.jar:/home/user/.m2/repository/org/eclipse/jetty/jetty-server/9.3.24.v20180605/jetty-server-9.3.24.v20180605.jar:/home/user/.m2/repository/org/eclipse/jetty/jetty-http/9.3.24.v20180605/jetty-http-9.3.24.v20180605.jar:/home/user/.m2/repository/org/eclipse/jetty/jetty-io/9.3.24.v20180605/jetty-io-9.3.24.v20180605.jar:/home/user/.m2/repository/org/eclipse/jetty/jetty-webapp/9.3.24.v20180605/jetty-webapp-9.3.24.v20180605.jar:/home/user/.m2/repository/org/eclipse/jetty/jetty-xml/9.3.24.v20180605/jetty-xml-9.3.24.v20180605.jar:/home/user/.m2/repository/log4j/log4j/1.2.17/log4j-1.2.17.jar:/home/user/.m2/repository/org/slf4j/slf4j-api/1.7.25/slf4j-api-1.7.25.jar:/home/user/.m2/repository/org/slf4j/jul-to-slf4j/1.7.25/jul-to-slf4j-1.7.25.jar:/home/user/.m2/repository/org/eclipse/jetty/jetty-util/9.3.24.v20180605/jetty-util-9.3.24.v20180605.jar:/home/user/.m2/repository/com/fasterxml/jackson/core/jackson-databind/2.9.5/jackson-databind-2.9.5.jar:/home/user/.m2/repository/org/apache/hadoop/hadoop-kms/3.2.0/hadoop-kms-3.2.0-tests.jar:/home/user/.m2/repository/org/apache/hadoop/hadoop-hdds-server-scm/0.5.0-SNAPSHOT/hadoop-hdds-server-scm-0.5.0-SNAPSHOT-tests.jar:/home/user/.m2/repository/org/apache/hadoop/hadoop-hdds-container-service/0.5.0-SNAPSHOT/hadoop-hdds-container-service-0.5.0-SNAPSHOT-tests.jar:/home/user/.m2/repository/org/yaml/snakeyaml/1.16/snakeyaml-1.16.jar:/home/user/.m2/repository/org/apache/hadoop/hadoop-common/3.2.0/hadoop-common-3.2.0-tests.jar:/home/user/.m2/repository/org/apache/hadoop/hadoop-annotations/3.2.0/hadoop-annotations-3.2.0.jar:/usr/lib/jvm/java-1.8-openjdk/jre/../lib/tools.jar:/home/user/.m2/repository/commons-cli/commons-cli/1.2/commons-cli-1.2.jar:/home/user/.m2/repository/org/apache/httpcomponents/httpclient/4.5.2/httpclient-4.5.2.jar:/home/user/.m2/repository/org/apache/httpcomponents/httpcore/4.4.4/httpcore-4.4.4.jar:/home/user/.m2/repository/commons-codec/commons-codec/1.11/commons-codec-1.11.jar:/home/user/.m2/repository/commons-net/commons-net/3.6/commons-net-3.6.jar:/home/user/.m2/repository/commons-collections/commons-collections/3.2.2/commons-collections-3.2.2.jar:/home/user/.m2/repository/org/eclipse/jetty/jetty-servlet/9.3.24.v20180605/jetty-servlet-9.3.24.v20180605.jar:/home/user/.m2/repository/org/eclipse/jetty/jetty-security/9.3.24.v20180605/jetty-security-9.3.24.v20180605.jar:/home/user/.m2/repository/javax/servlet/jsp/jsp-api/2.1/jsp-api-2.1.jar:/home/user/.m2/repository/com/sun/jersey/jersey-servlet/1.19/jersey-servlet-1.19.jar:/home/user/.m2/repository/com/sun/jersey/jersey-json/1.19/jersey-json-1.19.jar:/home/user/.m2/repository/org/codehaus/jettison/jettison/1.1/jettison-1.1.jar:/home/user/.m2/repository/org/codehaus/jackson/jackson-core-asl/1.9.13/jackson-core-asl-1.9.13.jar:/home/user/.m2/repository/org/codehaus/jackson/jackson-mapper-asl/1.9.13/jackson-mapper-asl-1.9.13.jar:/home/user/.m2/repository/org/codehaus/jackson/jackson-jaxrs/1.9.13/jackson-jaxrs-1.9.13.jar:/home/user/.m2/repository/org/codehaus/jackson/jackson-xc/1.9.13/jackson-xc-1.9.13.jar:/home/user/.m2/repository/commons-logging/commons-logging/1.1.3/commons-logging-1.1.3.jar:/home/user/.m2/repository/commons-beanutils/commons-beanutils/1.9.3/commons-beanutils-1.9.3.jar:/home/user/.m2/repository/org/apache/commons/commons-configuration2/2.1.1/commons-configuration2-2.1.1.jar:/home/user/.m2/repository/org/apache/commons/commons-lang3/3.7/commons-lang3-3.7.jar:/home/user/.m2/repository/org/apache/commons/commons-text/1.4/commons-text-1.4.jar:/home/user/.m2/repository/org/apache/avro/avro/1.7.7/avro-1.7.7.jar:/home/user/.m2/repository/com/thoughtworks/paranamer/paranamer/2.3/paranamer-2.3.jar:/home/user/.m2/repository/org/xerial/snappy/snappy-java/1.0.5/snappy-java-1.0.5.jar:/home/user/.m2/repository/com/google/re2j/re2j/1.1/re2j-1.1.jar:/home/user/.m2/repository/com/google/code/gson/gson/2.2.4/gson-2.2.4.jar:/home/user/.m2/repository/com/jcraft/jsch/0.1.54/jsch-0.1.54.jar:/home/user/.m2/repository/org/apache/curator/curator-client/2.12.0/curator-client-2.12.0.jar:/home/user/.m2/repository/org/apache/curator/curator-recipes/2.12.0/curator-recipes-2.12.0.jar:/home/user/.m2/repository/com/google/code/findbugs/jsr305/3.0.0/jsr305-3.0.0.jar:/home/user/.m2/repository/org/apache/htrace/htrace-core4/4.1.0-incubating/htrace-core4-4.1.0-incubating.jar:/home/user/.m2/repository/org/apache/zookeeper/zookeeper/3.4.13/zookeeper-3.4.13.jar:/home/user/.m2/repository/org/apache/yetus/audience-annotations/0.5.0/audience-annotations-0.5.0.jar:/home/user/.m2/repository/org/codehaus/woodstox/stax2-api/3.1.4/stax2-api-3.1.4.jar:/home/user/.m2/repository/com/fasterxml/woodstox/woodstox-core/5.0.3/woodstox-core-5.0.3.jar:/home/user/.m2/repository/dnsjava/dnsjava/2.1.7/dnsjava-2.1.7.jar:/home/user/.m2/repository/org/apache/hadoop/hadoop-hdfs/3.2.0/hadoop-hdfs-3.2.0-tests.jar:/home/user/.m2/repository/org/eclipse/jetty/jetty-util-ajax/9.3.24.v20180605/jetty-util-ajax-9.3.24.v20180605.jar:/home/user/.m2/repository/commons-daemon/commons-daemon/1.0.13/commons-daemon-1.0.13.jar:/home/user/.m2/repository/io/netty/netty/3.10.5.Final/netty-3.10.5.Final.jar:/home/user/.m2/repository/io/netty/netty-all/4.0.52.Final/netty-all-4.0.52.Final.jar:/home/user/.m2/repository/org/fusesource/leveldbjni/leveldbjni-all/1.8/leveldbjni-all-1.8.jar:"/>
    <property name="sun.cpu.endian" value="little"/>
    <property name="user.home" value="/home/user"/>
    <property name="user.language" value="en"/>
    <property name="java.specification.vendor" value="Oracle Corporation"/>
    <property name="java.home" value="/usr/lib/jvm/java-1.8-openjdk/jre"/>
    <property name="java.security.krb5.conf" value="/workdir/hadoop-ozone/integration-test/target/test-classes/krb5.conf"/>
    <property name="basedir" value="/workdir/hadoop-ozone/integration-test"/>
    <property name="file.separator" value="/"/>
    <property name="line.separator" value="&#10;"/>
    <property name="java.vm.specification.vendor" value="Oracle Corporation"/>
    <property name="java.specification.name" value="Java Platform API Specification"/>
    <property name="java.awt.graphicsenv" value="sun.awt.X11GraphicsEnvironment"/>
    <property name="surefire.real.class.path" value="/workdir/hadoop-ozone/integration-test/target/surefire/surefirebooter4445175876977416328.jar"/>
    <property name="hadoop.log.dir" value="/workdir/hadoop-ozone/integration-test/target/log"/>
    <property name="sun.boot.class.path" value="/usr/lib/jvm/java-1.8-openjdk/jre/lib/resources.jar:/usr/lib/jvm/java-1.8-openjdk/jre/lib/rt.jar:/usr/lib/jvm/java-1.8-openjdk/jre/lib/sunrsasign.jar:/usr/lib/jvm/java-1.8-openjdk/jre/lib/jsse.jar:/usr/lib/jvm/java-1.8-openjdk/jre/lib/jce.jar:/usr/lib/jvm/java-1.8-openjdk/jre/lib/charsets.jar:/usr/lib/jvm/java-1.8-openjdk/jre/lib/jfr.jar:/usr/lib/jvm/java-1.8-openjdk/jre/classes"/>
    <property name="sun.management.compiler" value="HotSpot 64-Bit Tiered Compilers"/>
    <property name="java.runtime.version" value="1.8.0_212-b04"/>
    <property name="java.net.preferIPv4Stack" value="true"/>
    <property name="user.name" value="jenkins1000"/>
    <property name="path.separator" value=":"/>
    <property name="java.security.egd" value="file:///dev/urandom"/>
    <property name="os.version" value="3.10.0-957.12.2.el7.x86_64"/>
    <property name="java.endorsed.dirs" value="/usr/lib/jvm/java-1.8-openjdk/jre/lib/endorsed"/>
    <property name="java.runtime.name" value="OpenJDK Runtime Environment"/>
    <property name="file.encoding" value="UTF-8"/>
    <property name="java.vm.name" value="OpenJDK 64-Bit Server VM"/>
    <property name="test.build.webapps" value=""/>
    <property name="localRepository" value="/home/user/.m2/repository"/>
    <property name="java.vendor.url.bug" value="https://icedtea.classpath.org/bugzilla"/>
    <property name="java.io.tmpdir" value="/tmp"/>
    <property name="require.test.libhadoop" value=""/>
    <property name="java.version" value="1.8.0_212"/>
    <property name="user.dir" value="/workdir/hadoop-ozone/integration-test"/>
    <property name="os.arch" value="amd64"/>
    <property name="java.vm.specification.name" value="Java Virtual Machine Specification"/>
    <property name="test.build.classes" value="/workdir/hadoop-ozone/integration-test/target/test-classes"/>
    <property name="java.awt.printerjob" value="sun.print.PSPrinterJob"/>
    <property name="sun.os.patch.level" value="unknown"/>
    <property name="hadoop.tmp.dir" value="/workdir/hadoop-ozone/integration-test/target/tmp"/>
    <property name="java.library.path" value="/usr/lib/jvm/java-1.8-openjdk/jre/lib/amd64/server:/usr/lib/jvm/java-1.8-openjdk/jre/lib/amd64:/usr/lib/jvm/java-1.8-openjdk/jre/../lib/amd64:/workdir/hadoop-ozone/integration-test/target/native/target/usr/local/lib:/workdir/hadoop-ozone/integration-test/../../hadoop-common-project/hadoop-common/target/native/target/usr/local/lib:/usr/java/packages/lib/amd64:/usr/lib64:/lib64:/lib:/usr/lib"/>
    <property name="java.vm.info" value="mixed mode"/>
    <property name="java.vendor" value="IcedTea"/>
    <property name="java.vm.version" value="25.212-b04"/>
    <property name="java.ext.dirs" value="/usr/lib/jvm/java-1.8-openjdk/jre/lib/ext:/usr/java/packages/lib/ext"/>
    <property name="sun.io.unicode.encoding" value="UnicodeLittle"/>
    <property name="java.class.version" value="52.0"/>
  </properties>
  <testcase name="testReleaseBuffers" classname="org.apache.hadoop.ozone.client.rpc.TestCommitWatcher" time="5.298"/>
  <testcase name="testReleaseBuffersOnException" classname="org.apache.hadoop.ozone.client.rpc.TestCommitWatcher" time="26.072">
    <failure type="java.lang.AssertionError">java.lang.AssertionError
	at org.junit.Assert.fail(Assert.java:86)
	at org.junit.Assert.assertTrue(Assert.java:41)
	at org.junit.Assert.assertTrue(Assert.java:52)
	at org.apache.hadoop.ozone.client.rpc.TestCommitWatcher.testReleaseBuffersOnException(TestCommitWatcher.java:284)
	at sun.reflect.NativeMethodAccessorImpl.invoke0(Native Method)
	at sun.reflect.NativeMethodAccessorImpl.invoke(NativeMethodAccessorImpl.java:62)
	at sun.reflect.DelegatingMethodAccessorImpl.invoke(DelegatingMethodAccessorImpl.java:43)
	at java.lang.reflect.Method.invoke(Method.java:498)
	at org.junit.runners.model.FrameworkMethod$1.runReflectiveCall(FrameworkMethod.java:47)
	at org.junit.internal.runners.model.ReflectiveCallable.run(ReflectiveCallable.java:12)
	at org.junit.runners.model.FrameworkMethod.invokeExplosively(FrameworkMethod.java:44)
	at org.junit.internal.runners.statements.InvokeMethod.evaluate(InvokeMethod.java:17)
	at org.junit.runners.ParentRunner.runLeaf(ParentRunner.java:271)
	at org.junit.runners.BlockJUnit4ClassRunner.runChild(BlockJUnit4ClassRunner.java:70)
	at org.junit.runners.BlockJUnit4ClassRunner.runChild(BlockJUnit4ClassRunner.java:50)
	at org.junit.runners.ParentRunner$3.run(ParentRunner.java:238)
	at org.junit.runners.ParentRunner$1.schedule(ParentRunner.java:63)
	at org.junit.runners.ParentRunner.runChildren(ParentRunner.java:236)
	at org.junit.runners.ParentRunner.access$000(ParentRunner.java:53)
	at org.junit.runners.ParentRunner$2.evaluate(ParentRunner.java:229)
	at org.junit.internal.runners.statements.RunBefores.evaluate(RunBefores.java:26)
	at org.junit.internal.runners.statements.RunAfters.evaluate(RunAfters.java:27)
	at org.junit.runners.ParentRunner.run(ParentRunner.java:309)
	at org.apache.maven.surefire.junit4.JUnit4Provider.execute(JUnit4Provider.java:365)
	at org.apache.maven.surefire.junit4.JUnit4Provider.executeWithRerun(JUnit4Provider.java:273)
	at org.apache.maven.surefire.junit4.JUnit4Provider.executeTestSet(JUnit4Provider.java:238)
	at org.apache.maven.surefire.junit4.JUnit4Provider.invoke(JUnit4Provider.java:159)
	at org.apache.maven.surefire.booter.ForkedBooter.invokeProviderInSameClassLoader(ForkedBooter.java:384)
	at org.apache.maven.surefire.booter.ForkedBooter.runSuitesInProcess(ForkedBooter.java:345)
	at org.apache.maven.surefire.booter.ForkedBooter.execute(ForkedBooter.java:126)
	at org.apache.maven.surefire.booter.ForkedBooter.main(ForkedBooter.java:418)
</failure>
    <system-out><![CDATA[2019-09-05 18:04:38,112 [grpc-default-executor-3] INFO  client.GrpcClientProtocolClient (GrpcClientProtocolClient.java:onNext(255)) - client-75A82D46EE64->6bd215d6-7e22-4e7d-80a7-71057b8599e7: receive RaftClientReply:client-75A82D46EE64->6bd215d6-7e22-4e7d-80a7-71057b8599e7@group-73B3AA389F78, cid=17, FAILED org.apache.ratis.protocol.NotLeaderException: Server 6bd215d6-7e22-4e7d-80a7-71057b8599e7 is not the leader (null). Request must be sent to leader., logIndex=0, commits[6bd215d6-7e22-4e7d-80a7-71057b8599e7:c-1]
2019-09-05 18:04:39,150 [grpc-default-executor-3] INFO  client.GrpcClientProtocolClient (GrpcClientProtocolClient.java:onNext(255)) - client-75A82D46EE64->4565607b-6db6-4015-bfdd-bcd9e0243822: receive RaftClientReply:client-75A82D46EE64->4565607b-6db6-4015-bfdd-bcd9e0243822@group-73B3AA389F78, cid=17, FAILED org.apache.ratis.protocol.NotLeaderException: Server 4565607b-6db6-4015-bfdd-bcd9e0243822 is not the leader (null). Request must be sent to leader., logIndex=0, commits[4565607b-6db6-4015-bfdd-bcd9e0243822:c-1]
2019-09-05 18:04:40,179 [grpc-default-executor-4] INFO  client.GrpcClientProtocolClient (GrpcClientProtocolClient.java:onNext(255)) - client-75A82D46EE64->6bd215d6-7e22-4e7d-80a7-71057b8599e7: receive RaftClientReply:client-75A82D46EE64->6bd215d6-7e22-4e7d-80a7-71057b8599e7@group-73B3AA389F78, cid=17, FAILED org.apache.ratis.protocol.NotLeaderException: Server 6bd215d6-7e22-4e7d-80a7-71057b8599e7 is not the leader (null). Request must be sent to leader., logIndex=0, commits[6bd215d6-7e22-4e7d-80a7-71057b8599e7:c-1]
2019-09-05 18:04:41,212 [grpc-default-executor-4] INFO  client.GrpcClientProtocolClient (GrpcClientProtocolClient.java:onNext(255)) - client-75A82D46EE64->2a5c49c1-f96d-44e3-95f8-090a95903c3f: receive RaftClientReply:client-75A82D46EE64->2a5c49c1-f96d-44e3-95f8-090a95903c3f@group-73B3AA389F78, cid=17, FAILED org.apache.ratis.protocol.NotLeaderException: Server 2a5c49c1-f96d-44e3-95f8-090a95903c3f is not the leader (null). Request must be sent to leader., logIndex=0, commits[2a5c49c1-f96d-44e3-95f8-090a95903c3f:c-1]
2019-09-05 18:04:42,241 [grpc-default-executor-3] INFO  client.GrpcClientProtocolClient (GrpcClientProtocolClient.java:onNext(255)) - client-75A82D46EE64->6bd215d6-7e22-4e7d-80a7-71057b8599e7: receive RaftClientReply:client-75A82D46EE64->6bd215d6-7e22-4e7d-80a7-71057b8599e7@group-73B3AA389F78, cid=17, FAILED org.apache.ratis.protocol.NotLeaderException: Server 6bd215d6-7e22-4e7d-80a7-71057b8599e7 is not the leader (null). Request must be sent to leader., logIndex=0, commits[6bd215d6-7e22-4e7d-80a7-71057b8599e7:c-1]
2019-09-05 18:04:42,398 [Thread-333] INFO  impl.FollowerState (FollowerState.java:run(106)) - 4565607b-6db6-4015-bfdd-bcd9e0243822:group-73B3AA389F78 changes to CANDIDATE, lastRpcTime:5032, electionTimeout:5032ms
2019-09-05 18:04:42,400 [Thread-333] INFO  impl.RoleInfo (RoleInfo.java:shutdownFollowerState(121)) - 4565607b-6db6-4015-bfdd-bcd9e0243822: shutdown FollowerState
2019-09-05 18:04:42,400 [Thread-333] INFO  impl.RaftServerImpl (RaftServerImpl.java:setRole(171)) - 4565607b-6db6-4015-bfdd-bcd9e0243822:group-73B3AA389F78 changes role from FOLLOWER to CANDIDATE at term 1 for changeToCandidate
2019-09-05 18:04:42,401 [Thread-333] INFO  impl.RoleInfo (RoleInfo.java:updateAndGet(143)) - 4565607b-6db6-4015-bfdd-bcd9e0243822: start LeaderElection
2019-09-05 18:04:42,419 [4565607b-6db6-4015-bfdd-bcd9e0243822:group-73B3AA389F78:LeaderElection13] INFO  impl.LeaderElection (LeaderElection.java:askForVotes(181)) - 4565607b-6db6-4015-bfdd-bcd9e0243822:group-73B3AA389F78:LeaderElection13: begin an election at term 2 for -1: [4565607b-6db6-4015-bfdd-bcd9e0243822:192.168.157.242:38846, 6bd215d6-7e22-4e7d-80a7-71057b8599e7:192.168.157.242:37016, 2a5c49c1-f96d-44e3-95f8-090a95903c3f:192.168.157.242:43382], old=null
2019-09-05 18:04:42,432 [Thread-334] INFO  impl.FollowerState (FollowerState.java:run(106)) - 2a5c49c1-f96d-44e3-95f8-090a95903c3f:group-73B3AA389F78 changes to CANDIDATE, lastRpcTime:5066, electionTimeout:5065ms
2019-09-05 18:04:42,432 [grpc-default-executor-4] INFO  impl.RaftServerImpl (RaftServerImpl.java:setRole(171)) - 6bd215d6-7e22-4e7d-80a7-71057b8599e7:group-73B3AA389F78 changes role from FOLLOWER to FOLLOWER at term 2 for recognizeCandidate:4565607b-6db6-4015-bfdd-bcd9e0243822
2019-09-05 18:04:42,432 [Thread-334] INFO  impl.RoleInfo (RoleInfo.java:shutdownFollowerState(121)) - 2a5c49c1-f96d-44e3-95f8-090a95903c3f: shutdown FollowerState
2019-09-05 18:04:42,432 [grpc-default-executor-4] INFO  impl.RoleInfo (RoleInfo.java:shutdownFollowerState(121)) - 6bd215d6-7e22-4e7d-80a7-71057b8599e7: shutdown FollowerState
2019-09-05 18:04:42,433 [Thread-334] INFO  impl.RaftServerImpl (RaftServerImpl.java:setRole(171)) - 2a5c49c1-f96d-44e3-95f8-090a95903c3f:group-73B3AA389F78 changes role from FOLLOWER to CANDIDATE at term 1 for changeToCandidate
2019-09-05 18:04:42,433 [grpc-default-executor-4] INFO  impl.RoleInfo (RoleInfo.java:updateAndGet(143)) - 6bd215d6-7e22-4e7d-80a7-71057b8599e7: start FollowerState
2019-09-05 18:04:42,433 [Thread-334] INFO  impl.RoleInfo (RoleInfo.java:updateAndGet(143)) - 2a5c49c1-f96d-44e3-95f8-090a95903c3f: start LeaderElection
2019-09-05 18:04:42,433 [Thread-330] INFO  impl.FollowerState (FollowerState.java:run(114)) - 6bd215d6-7e22-4e7d-80a7-71057b8599e7: FollowerState was interrupted: java.lang.InterruptedException: sleep interrupted
2019-09-05 18:04:42,437 [grpc-default-executor-3] INFO  impl.RaftServerImpl (RaftServerImpl.java:setRole(171)) - 2a5c49c1-f96d-44e3-95f8-090a95903c3f:group-73B3AA389F78 changes role from CANDIDATE to FOLLOWER at term 2 for recognizeCandidate:4565607b-6db6-4015-bfdd-bcd9e0243822
2019-09-05 18:04:42,438 [grpc-default-executor-3] INFO  impl.RoleInfo (RoleInfo.java:shutdownLeaderElection(134)) - 2a5c49c1-f96d-44e3-95f8-090a95903c3f: shutdown LeaderElection
2019-09-05 18:04:42,438 [grpc-default-executor-3] INFO  impl.RoleInfo (RoleInfo.java:updateAndGet(143)) - 2a5c49c1-f96d-44e3-95f8-090a95903c3f: start FollowerState
2019-09-05 18:04:42,453 [4565607b-6db6-4015-bfdd-bcd9e0243822:group-73B3AA389F78:LeaderElection13] INFO  impl.LeaderElection (LeaderElection.java:logAndReturn(56)) - 4565607b-6db6-4015-bfdd-bcd9e0243822:group-73B3AA389F78:LeaderElection13: Election PASSED; received 1 response(s) [4565607b-6db6-4015-bfdd-bcd9e0243822<-6bd215d6-7e22-4e7d-80a7-71057b8599e7#0:OK-t2] and 0 exception(s); 4565607b-6db6-4015-bfdd-bcd9e0243822:t2, leader=null, voted=4565607b-6db6-4015-bfdd-bcd9e0243822, raftlog=4565607b-6db6-4015-bfdd-bcd9e0243822-SegmentedRaftLog:OPENED:c-1,f-1,i0, conf=-1: [4565607b-6db6-4015-bfdd-bcd9e0243822:192.168.157.242:38846, 6bd215d6-7e22-4e7d-80a7-71057b8599e7:192.168.157.242:37016, 2a5c49c1-f96d-44e3-95f8-090a95903c3f:192.168.157.242:43382], old=null
2019-09-05 18:04:42,454 [4565607b-6db6-4015-bfdd-bcd9e0243822:group-73B3AA389F78:LeaderElection13] INFO  impl.RoleInfo (RoleInfo.java:shutdownLeaderElection(134)) - 4565607b-6db6-4015-bfdd-bcd9e0243822: shutdown LeaderElection
2019-09-05 18:04:42,456 [4565607b-6db6-4015-bfdd-bcd9e0243822:group-73B3AA389F78:LeaderElection13] INFO  impl.RaftServerImpl (RaftServerImpl.java:setRole(171)) - 4565607b-6db6-4015-bfdd-bcd9e0243822:group-73B3AA389F78 changes role from CANDIDATE to LEADER at term 2 for changeToLeader
2019-09-05 18:04:42,456 [4565607b-6db6-4015-bfdd-bcd9e0243822:group-73B3AA389F78:LeaderElection13] INFO  impl.RaftServerImpl (ServerState.java:setLeader(263)) - 4565607b-6db6-4015-bfdd-bcd9e0243822:group-73B3AA389F78 change Leader from null to 4565607b-6db6-4015-bfdd-bcd9e0243822 at term 2 for becomeLeader, leader elected after 10305ms
2019-09-05 18:04:42,457 [4565607b-6db6-4015-bfdd-bcd9e0243822:group-73B3AA389F78:LeaderElection13] INFO  server.RaftServerConfigKeys (ConfUtils.java:logGet(43)) - raft.server.staging.catchup.gap = 1000 (default)
2019-09-05 18:04:42,457 [4565607b-6db6-4015-bfdd-bcd9e0243822:group-73B3AA389F78:LeaderElection13] INFO  server.RaftServerConfigKeys (ConfUtils.java:logGet(43)) - raft.server.rpc.sleep.time = 25ms (default)
2019-09-05 18:04:42,457 [4565607b-6db6-4015-bfdd-bcd9e0243822:group-73B3AA389F78:LeaderElection13] INFO  server.RaftServerConfigKeys (ConfUtils.java:logGet(43)) - raft.server.write.element-limit = 4096 (default)
2019-09-05 18:04:42,457 [4565607b-6db6-4015-bfdd-bcd9e0243822:group-73B3AA389F78:LeaderElection13] INFO  server.RaftServerConfigKeys (ConfUtils.java:logGet(43)) - raft.server.watch.timeout = 10s (default)
2019-09-05 18:04:42,458 [4565607b-6db6-4015-bfdd-bcd9e0243822:group-73B3AA389F78:LeaderElection13] INFO  server.RaftServerConfigKeys (ConfUtils.java:logGet(43)) - raft.server.watch.timeout.denomination = 1s (default)
2019-09-05 18:04:42,458 [4565607b-6db6-4015-bfdd-bcd9e0243822:group-73B3AA389F78:LeaderElection13] INFO  server.RaftServerConfigKeys (ConfUtils.java:logGet(43)) - raft.server.watch.element-limit = 65536 (default)
2019-09-05 18:04:42,458 [4565607b-6db6-4015-bfdd-bcd9e0243822:group-73B3AA389F78:LeaderElection13] INFO  server.RaftServerConfigKeys (ConfUtils.java:logGet(43)) - raft.server.log.appender.snapshot.chunk.size.max = 16MB (=16777216) (default)
2019-09-05 18:04:42,459 [4565607b-6db6-4015-bfdd-bcd9e0243822:group-73B3AA389F78:LeaderElection13] INFO  server.RaftServerConfigKeys (ConfUtils.java:logGet(43)) - raft.server.log.appender.buffer.byte-limit = 33554432 (custom)
2019-09-05 18:04:42,459 [4565607b-6db6-4015-bfdd-bcd9e0243822:group-73B3AA389F78:LeaderElection13] INFO  server.RaftServerConfigKeys (ConfUtils.java:logGet(43)) - raft.server.log.appender.buffer.element-limit = 1 (custom)
2019-09-05 18:04:42,459 [4565607b-6db6-4015-bfdd-bcd9e0243822:group-73B3AA389F78:LeaderElection13] INFO  grpc.GrpcConfigKeys$Server (ConfUtils.java:logGet(43)) - raft.grpc.server.leader.outstanding.appends.max = 128 (default)
2019-09-05 18:04:42,462 [4565607b-6db6-4015-bfdd-bcd9e0243822:group-73B3AA389F78:LeaderElection13] INFO  server.RaftServerConfigKeys (ConfUtils.java:logGet(43)) - raft.server.rpc.request.timeout = 3000ms (default)
2019-09-05 18:04:42,462 [4565607b-6db6-4015-bfdd-bcd9e0243822:group-73B3AA389F78:LeaderElection13] INFO  server.RaftServerConfigKeys (ConfUtils.java:logGet(43)) - raft.server.log.appender.install.snapshot.enabled = false (custom)
2019-09-05 18:04:42,462 [4565607b-6db6-4015-bfdd-bcd9e0243822:group-73B3AA389F78:LeaderElection13] INFO  server.RaftServerConfigKeys (ConfUtils.java:logGet(43)) - raft.server.log.appender.snapshot.chunk.size.max = 16MB (=16777216) (default)
2019-09-05 18:04:42,462 [4565607b-6db6-4015-bfdd-bcd9e0243822:group-73B3AA389F78:LeaderElection13] INFO  server.RaftServerConfigKeys (ConfUtils.java:logGet(43)) - raft.server.log.appender.buffer.byte-limit = 33554432 (custom)
2019-09-05 18:04:42,463 [4565607b-6db6-4015-bfdd-bcd9e0243822:group-73B3AA389F78:LeaderElection13] INFO  server.RaftServerConfigKeys (ConfUtils.java:logGet(43)) - raft.server.log.appender.buffer.element-limit = 1 (custom)
2019-09-05 18:04:42,463 [4565607b-6db6-4015-bfdd-bcd9e0243822:group-73B3AA389F78:LeaderElection13] INFO  grpc.GrpcConfigKeys$Server (ConfUtils.java:logGet(43)) - raft.grpc.server.leader.outstanding.appends.max = 128 (default)
2019-09-05 18:04:42,463 [4565607b-6db6-4015-bfdd-bcd9e0243822:group-73B3AA389F78:LeaderElection13] INFO  server.RaftServerConfigKeys (ConfUtils.java:logGet(43)) - raft.server.rpc.request.timeout = 3000ms (default)
2019-09-05 18:04:42,463 [4565607b-6db6-4015-bfdd-bcd9e0243822:group-73B3AA389F78:LeaderElection13] INFO  server.RaftServerConfigKeys (ConfUtils.java:logGet(43)) - raft.server.log.appender.install.snapshot.enabled = false (custom)
2019-09-05 18:04:42,464 [4565607b-6db6-4015-bfdd-bcd9e0243822:group-73B3AA389F78:LeaderElection13] INFO  impl.RoleInfo (RoleInfo.java:updateAndGet(143)) - 4565607b-6db6-4015-bfdd-bcd9e0243822: start LeaderState
2019-09-05 18:04:42,464 [4565607b-6db6-4015-bfdd-bcd9e0243822:group-73B3AA389F78:LeaderElection13] INFO  segmented.SegmentedRaftLogWorker (SegmentedRaftLogWorker.java:startLogSegment(380)) - 4565607b-6db6-4015-bfdd-bcd9e0243822-SegmentedRaftLogWorker:Storage Directory /workdir/hadoop-ozone/integration-test/target/test-dir/MiniOzoneClusterImpl-766b94ba-5e71-4562-b587-e70c6ca727c3/datanode-3/data/ratis/7a1e7bbb-41dd-4099-96f2-73b3aa389f78: Starting segment from index:0
2019-09-05 18:04:42,465 [2a5c49c1-f96d-44e3-95f8-090a95903c3f:group-73B3AA389F78:LeaderElection14] INFO  impl.LeaderElection (LeaderElection.java:askForVotes(181)) - 2a5c49c1-f96d-44e3-95f8-090a95903c3f:group-73B3AA389F78:LeaderElection14: begin an election at term 3 for -1: [4565607b-6db6-4015-bfdd-bcd9e0243822:192.168.157.242:38846, 6bd215d6-7e22-4e7d-80a7-71057b8599e7:192.168.157.242:37016, 2a5c49c1-f96d-44e3-95f8-090a95903c3f:192.168.157.242:43382], old=null
2019-09-05 18:04:42,504 [2a5c49c1-f96d-44e3-95f8-090a95903c3f:group-73B3AA389F78:LeaderElection14] INFO  impl.LeaderElection (LeaderElection.java:logAndReturn(56)) - 2a5c49c1-f96d-44e3-95f8-090a95903c3f:group-73B3AA389F78:LeaderElection14: Election REJECTED; received 0 response(s) [] and 0 exception(s); 2a5c49c1-f96d-44e3-95f8-090a95903c3f:t3, leader=null, voted=2a5c49c1-f96d-44e3-95f8-090a95903c3f, raftlog=2a5c49c1-f96d-44e3-95f8-090a95903c3f-SegmentedRaftLog:OPENED:c-1,f-1,i0, conf=-1: [4565607b-6db6-4015-bfdd-bcd9e0243822:192.168.157.242:38846, 6bd215d6-7e22-4e7d-80a7-71057b8599e7:192.168.157.242:37016, 2a5c49c1-f96d-44e3-95f8-090a95903c3f:192.168.157.242:43382], old=null
2019-09-05 18:04:42,506 [4565607b-6db6-4015-bfdd-bcd9e0243822:group-73B3AA389F78:LeaderElection13] INFO  impl.RaftServerImpl (ServerState.java:setRaftConf(361)) - 4565607b-6db6-4015-bfdd-bcd9e0243822:group-73B3AA389F78 set configuration 0: [4565607b-6db6-4015-bfdd-bcd9e0243822:192.168.157.242:38846, 6bd215d6-7e22-4e7d-80a7-71057b8599e7:192.168.157.242:37016, 2a5c49c1-f96d-44e3-95f8-090a95903c3f:192.168.157.242:43382], old=null at 0
2019-09-05 18:04:42,511 [grpc-default-executor-3] INFO  impl.RaftServerImpl (ServerState.java:setLeader(263)) - 6bd215d6-7e22-4e7d-80a7-71057b8599e7:group-73B3AA389F78 change Leader from null to 4565607b-6db6-4015-bfdd-bcd9e0243822 at term 2 for appendEntries, leader elected after 10359ms
2019-09-05 18:04:42,529 [4565607b-6db6-4015-bfdd-bcd9e0243822-SegmentedRaftLogWorker:Storage Directory /workdir/hadoop-ozone/integration-test/target/test-dir/MiniOzoneClusterImpl-766b94ba-5e71-4562-b587-e70c6ca727c3/datanode-3/data/ratis/7a1e7bbb-41dd-4099-96f2-73b3aa389f78] INFO  segmented.SegmentedRaftLogWorker (SegmentedRaftLogWorker.java:execute(569)) - 4565607b-6db6-4015-bfdd-bcd9e0243822-SegmentedRaftLogWorker:Storage Directory /workdir/hadoop-ozone/integration-test/target/test-dir/MiniOzoneClusterImpl-766b94ba-5e71-4562-b587-e70c6ca727c3/datanode-3/data/ratis/7a1e7bbb-41dd-4099-96f2-73b3aa389f78: created new log segment /workdir/hadoop-ozone/integration-test/target/test-dir/MiniOzoneClusterImpl-766b94ba-5e71-4562-b587-e70c6ca727c3/datanode-3/data/ratis/7a1e7bbb-41dd-4099-96f2-73b3aa389f78/current/log_inprogress_0
2019-09-05 18:04:42,533 [grpc-default-executor-2] INFO  impl.RaftServerImpl (ServerState.java:setLeader(263)) - 4565607b-6db6-4015-bfdd-bcd9e0243822:group-73B3AA389F78 change Leader from 4565607b-6db6-4015-bfdd-bcd9e0243822 to null at term 3 for updateCurrentTerm
2019-09-05 18:04:42,533 [grpc-default-executor-0] INFO  impl.RaftServerImpl (ServerState.java:setLeader(263)) - 6bd215d6-7e22-4e7d-80a7-71057b8599e7:group-73B3AA389F78 change Leader from 4565607b-6db6-4015-bfdd-bcd9e0243822 to null at term 3 for updateCurrentTerm
2019-09-05 18:04:42,533 [grpc-default-executor-2] INFO  impl.RaftServerImpl (RaftServerImpl.java:setRole(171)) - 4565607b-6db6-4015-bfdd-bcd9e0243822:group-73B3AA389F78 changes role from LEADER to FOLLOWER at term 3 for recognizeCandidate:2a5c49c1-f96d-44e3-95f8-090a95903c3f
2019-09-05 18:04:42,533 [grpc-default-executor-0] INFO  impl.RaftServerImpl (RaftServerImpl.java:setRole(171)) - 6bd215d6-7e22-4e7d-80a7-71057b8599e7:group-73B3AA389F78 changes role from FOLLOWER to FOLLOWER at term 3 for recognizeCandidate:2a5c49c1-f96d-44e3-95f8-090a95903c3f
2019-09-05 18:04:42,533 [grpc-default-executor-2] INFO  impl.RoleInfo (RoleInfo.java:shutdownLeaderState(104)) - 4565607b-6db6-4015-bfdd-bcd9e0243822: shutdown LeaderState
2019-09-05 18:04:42,534 [grpc-default-executor-0] INFO  impl.RoleInfo (RoleInfo.java:shutdownFollowerState(121)) - 6bd215d6-7e22-4e7d-80a7-71057b8599e7: shutdown FollowerState
2019-09-05 18:04:42,534 [grpc-default-executor-0] INFO  impl.RoleInfo (RoleInfo.java:updateAndGet(143)) - 6bd215d6-7e22-4e7d-80a7-71057b8599e7: start FollowerState
2019-09-05 18:04:42,534 [Thread-387] INFO  impl.FollowerState (FollowerState.java:run(114)) - 6bd215d6-7e22-4e7d-80a7-71057b8599e7: FollowerState was interrupted: java.lang.InterruptedException: sleep interrupted
2019-09-05 18:04:42,541 [org.apache.ratis.server.impl.LogAppender$AppenderDaemon$$Lambda$498/758968745@145e8df6] WARN  server.GrpcLogAppender (GrpcLogAppender.java:mayWait(143)) - GrpcLogAppender(4565607b-6db6-4015-bfdd-bcd9e0243822->6bd215d6-7e22-4e7d-80a7-71057b8599e7): Wait interrupted by java.lang.InterruptedException
2019-09-05 18:04:42,541 [org.apache.ratis.server.impl.LogAppender$AppenderDaemon$$Lambda$498/758968745@515c0119] WARN  server.GrpcLogAppender (GrpcLogAppender.java:mayWait(143)) - GrpcLogAppender(4565607b-6db6-4015-bfdd-bcd9e0243822->2a5c49c1-f96d-44e3-95f8-090a95903c3f): Wait interrupted by java.lang.InterruptedException
2019-09-05 18:04:42,541 [grpc-default-executor-2] INFO  impl.PendingRequests (PendingRequests.java:sendNotLeaderResponses(202)) - 4565607b-6db6-4015-bfdd-bcd9e0243822-PendingRequests: sendNotLeaderResponses
2019-09-05 18:04:42,549 [grpc-default-executor-4] INFO  server.GrpcServerProtocolService (GrpcServerProtocolService.java:onCompleted(104)) - 2a5c49c1-f96d-44e3-95f8-090a95903c3f: appendEntries completed
2019-09-05 18:04:42,549 [grpc-default-executor-1] INFO  server.GrpcServerProtocolService (GrpcServerProtocolService.java:onCompleted(104)) - 6bd215d6-7e22-4e7d-80a7-71057b8599e7: appendEntries completed
2019-09-05 18:04:42,556 [grpc-default-executor-2] INFO  impl.RoleInfo (RoleInfo.java:updateAndGet(143)) - 4565607b-6db6-4015-bfdd-bcd9e0243822: start FollowerState
2019-09-05 18:04:42,556 [grpc-default-executor-1] INFO  server.GrpcLogAppender (GrpcLogAppender.java:onCompleted(292)) - 4565607b-6db6-4015-bfdd-bcd9e0243822->6bd215d6-7e22-4e7d-80a7-71057b8599e7: follower responses appendEntries COMPLETED
2019-09-05 18:04:42,562 [grpc-default-executor-1] INFO  impl.FollowerInfo (FollowerInfo.java:lambda$new$0(50)) - 4565607b-6db6-4015-bfdd-bcd9e0243822->6bd215d6-7e22-4e7d-80a7-71057b8599e7: nextIndex: updateUnconditionally 0 -> 0
2019-09-05 18:04:42,572 [grpc-default-executor-3] INFO  server.GrpcLogAppender (GrpcLogAppender.java:onCompleted(292)) - 4565607b-6db6-4015-bfdd-bcd9e0243822->2a5c49c1-f96d-44e3-95f8-090a95903c3f: follower responses appendEntries COMPLETED
2019-09-05 18:04:42,574 [grpc-default-executor-3] INFO  impl.FollowerInfo (FollowerInfo.java:lambda$new$0(50)) - 4565607b-6db6-4015-bfdd-bcd9e0243822->2a5c49c1-f96d-44e3-95f8-090a95903c3f: nextIndex: updateUnconditionally 0 -> 0
2019-09-05 18:04:43,278 [grpc-default-executor-3] INFO  client.GrpcClientProtocolClient (GrpcClientProtocolClient.java:onNext(255)) - client-75A82D46EE64->4565607b-6db6-4015-bfdd-bcd9e0243822: receive RaftClientReply:client-75A82D46EE64->4565607b-6db6-4015-bfdd-bcd9e0243822@group-73B3AA389F78, cid=17, FAILED org.apache.ratis.protocol.NotLeaderException: Server 4565607b-6db6-4015-bfdd-bcd9e0243822 is not the leader (null). Request must be sent to leader., logIndex=0, commits[4565607b-6db6-4015-bfdd-bcd9e0243822:c-1, 6bd215d6-7e22-4e7d-80a7-71057b8599e7:c-1, 2a5c49c1-f96d-44e3-95f8-090a95903c3f:c-1]
2019-09-05 18:04:44,311 [grpc-default-executor-2] INFO  client.GrpcClientProtocolClient (GrpcClientProtocolClient.java:onNext(255)) - client-75A82D46EE64->6bd215d6-7e22-4e7d-80a7-71057b8599e7: receive RaftClientReply:client-75A82D46EE64->6bd215d6-7e22-4e7d-80a7-71057b8599e7@group-73B3AA389F78, cid=17, FAILED org.apache.ratis.protocol.NotLeaderException: Server 6bd215d6-7e22-4e7d-80a7-71057b8599e7 is not the leader (null). Request must be sent to leader., logIndex=0, commits[6bd215d6-7e22-4e7d-80a7-71057b8599e7:c-1, 4565607b-6db6-4015-bfdd-bcd9e0243822:c-1, 2a5c49c1-f96d-44e3-95f8-090a95903c3f:c-1]
2019-09-05 18:04:45,341 [grpc-default-executor-2] INFO  client.GrpcClientProtocolClient (GrpcClientProtocolClient.java:onNext(255)) - client-75A82D46EE64->4565607b-6db6-4015-bfdd-bcd9e0243822: receive RaftClientReply:client-75A82D46EE64->4565607b-6db6-4015-bfdd-bcd9e0243822@group-73B3AA389F78, cid=17, FAILED org.apache.ratis.protocol.NotLeaderException: Server 4565607b-6db6-4015-bfdd-bcd9e0243822 is not the leader (null). Request must be sent to leader., logIndex=0, commits[4565607b-6db6-4015-bfdd-bcd9e0243822:c-1, 6bd215d6-7e22-4e7d-80a7-71057b8599e7:c-1, 2a5c49c1-f96d-44e3-95f8-090a95903c3f:c-1]
2019-09-05 18:04:46,370 [grpc-default-executor-3] INFO  client.GrpcClientProtocolClient (GrpcClientProtocolClient.java:onNext(255)) - client-75A82D46EE64->2a5c49c1-f96d-44e3-95f8-090a95903c3f: receive RaftClientReply:client-75A82D46EE64->2a5c49c1-f96d-44e3-95f8-090a95903c3f@group-73B3AA389F78, cid=17, FAILED org.apache.ratis.protocol.NotLeaderException: Server 2a5c49c1-f96d-44e3-95f8-090a95903c3f is not the leader (null). Request must be sent to leader., logIndex=0, commits[2a5c49c1-f96d-44e3-95f8-090a95903c3f:c-1]
2019-09-05 18:04:47,398 [grpc-default-executor-2] INFO  client.GrpcClientProtocolClient (GrpcClientProtocolClient.java:onNext(255)) - client-75A82D46EE64->4565607b-6db6-4015-bfdd-bcd9e0243822: receive RaftClientReply:client-75A82D46EE64->4565607b-6db6-4015-bfdd-bcd9e0243822@group-73B3AA389F78, cid=17, FAILED org.apache.ratis.protocol.NotLeaderException: Server 4565607b-6db6-4015-bfdd-bcd9e0243822 is not the leader (null). Request must be sent to leader., logIndex=0, commits[4565607b-6db6-4015-bfdd-bcd9e0243822:c-1, 6bd215d6-7e22-4e7d-80a7-71057b8599e7:c-1, 2a5c49c1-f96d-44e3-95f8-090a95903c3f:c-1]
2019-09-05 18:04:47,561 [Thread-389] INFO  impl.FollowerState (FollowerState.java:run(106)) - 2a5c49c1-f96d-44e3-95f8-090a95903c3f:group-73B3AA389F78 changes to CANDIDATE, lastRpcTime:5122, electionTimeout:5122ms
2019-09-05 18:04:47,561 [Thread-389] INFO  impl.RoleInfo (RoleInfo.java:shutdownFollowerState(121)) - 2a5c49c1-f96d-44e3-95f8-090a95903c3f: shutdown FollowerState
2019-09-05 18:04:47,561 [Thread-389] INFO  impl.RaftServerImpl (RaftServerImpl.java:setRole(171)) - 2a5c49c1-f96d-44e3-95f8-090a95903c3f:group-73B3AA389F78 changes role from FOLLOWER to CANDIDATE at term 3 for changeToCandidate
2019-09-05 18:04:47,561 [Thread-389] INFO  impl.RoleInfo (RoleInfo.java:updateAndGet(143)) - 2a5c49c1-f96d-44e3-95f8-090a95903c3f: start LeaderElection
2019-09-05 18:04:47,574 [Thread-398] INFO  impl.FollowerState (FollowerState.java:run(106)) - 6bd215d6-7e22-4e7d-80a7-71057b8599e7:group-73B3AA389F78 changes to CANDIDATE, lastRpcTime:5040, electionTimeout:5035ms
2019-09-05 18:04:47,574 [Thread-398] INFO  impl.RoleInfo (RoleInfo.java:shutdownFollowerState(121)) - 6bd215d6-7e22-4e7d-80a7-71057b8599e7: shutdown FollowerState
2019-09-05 18:04:47,574 [Thread-398] INFO  impl.RaftServerImpl (RaftServerImpl.java:setRole(171)) - 6bd215d6-7e22-4e7d-80a7-71057b8599e7:group-73B3AA389F78 changes role from FOLLOWER to CANDIDATE at term 3 for changeToCandidate
2019-09-05 18:04:47,575 [Thread-398] INFO  impl.RoleInfo (RoleInfo.java:updateAndGet(143)) - 6bd215d6-7e22-4e7d-80a7-71057b8599e7: start LeaderElection
2019-09-05 18:04:47,579 [2a5c49c1-f96d-44e3-95f8-090a95903c3f:group-73B3AA389F78:LeaderElection15] INFO  impl.LeaderElection (LeaderElection.java:askForVotes(181)) - 2a5c49c1-f96d-44e3-95f8-090a95903c3f:group-73B3AA389F78:LeaderElection15: begin an election at term 4 for -1: [4565607b-6db6-4015-bfdd-bcd9e0243822:192.168.157.242:38846, 6bd215d6-7e22-4e7d-80a7-71057b8599e7:192.168.157.242:37016, 2a5c49c1-f96d-44e3-95f8-090a95903c3f:192.168.157.242:43382], old=null
2019-09-05 18:04:47,581 [6bd215d6-7e22-4e7d-80a7-71057b8599e7:group-73B3AA389F78:LeaderElection16] INFO  impl.LeaderElection (LeaderElection.java:askForVotes(181)) - 6bd215d6-7e22-4e7d-80a7-71057b8599e7:group-73B3AA389F78:LeaderElection16: begin an election at term 4 for -1: [4565607b-6db6-4015-bfdd-bcd9e0243822:192.168.157.242:38846, 6bd215d6-7e22-4e7d-80a7-71057b8599e7:192.168.157.242:37016, 2a5c49c1-f96d-44e3-95f8-090a95903c3f:192.168.157.242:43382], old=null
2019-09-05 18:04:47,584 [grpc-default-executor-3] INFO  impl.RaftServerImpl (RaftServerImpl.java:setRole(171)) - 4565607b-6db6-4015-bfdd-bcd9e0243822:group-73B3AA389F78 changes role from FOLLOWER to FOLLOWER at term 4 for recognizeCandidate:6bd215d6-7e22-4e7d-80a7-71057b8599e7
2019-09-05 18:04:47,585 [grpc-default-executor-3] INFO  impl.RoleInfo (RoleInfo.java:shutdownFollowerState(121)) - 4565607b-6db6-4015-bfdd-bcd9e0243822: shutdown FollowerState
2019-09-05 18:04:47,585 [grpc-default-executor-3] INFO  impl.RoleInfo (RoleInfo.java:updateAndGet(143)) - 4565607b-6db6-4015-bfdd-bcd9e0243822: start FollowerState
2019-09-05 18:04:47,585 [Thread-399] INFO  impl.FollowerState (FollowerState.java:run(114)) - 4565607b-6db6-4015-bfdd-bcd9e0243822: FollowerState was interrupted: java.lang.InterruptedException: sleep interrupted
2019-09-05 18:04:47,610 [grpc-default-executor-1] INFO  impl.RaftServerImpl (RaftServerImpl.java:setRole(171)) - 4565607b-6db6-4015-bfdd-bcd9e0243822:group-73B3AA389F78 changes role from FOLLOWER to FOLLOWER at term 4 for recognizeCandidate:2a5c49c1-f96d-44e3-95f8-090a95903c3f
2019-09-05 18:04:47,610 [grpc-default-executor-1] INFO  impl.RoleInfo (RoleInfo.java:shutdownFollowerState(121)) - 4565607b-6db6-4015-bfdd-bcd9e0243822: shutdown FollowerState
2019-09-05 18:04:47,611 [grpc-default-executor-1] INFO  impl.RoleInfo (RoleInfo.java:updateAndGet(143)) - 4565607b-6db6-4015-bfdd-bcd9e0243822: start FollowerState
2019-09-05 18:04:47,611 [Thread-425] INFO  impl.FollowerState (FollowerState.java:run(114)) - 4565607b-6db6-4015-bfdd-bcd9e0243822: FollowerState was interrupted: java.lang.InterruptedException: sleep interrupted
2019-09-05 18:04:47,612 [6bd215d6-7e22-4e7d-80a7-71057b8599e7:group-73B3AA389F78:LeaderElection16] INFO  impl.LeaderElection (LeaderElection.java:logAndReturn(56)) - 6bd215d6-7e22-4e7d-80a7-71057b8599e7:group-73B3AA389F78:LeaderElection16: Election REJECTED; received 2 response(s) [6bd215d6-7e22-4e7d-80a7-71057b8599e7<-4565607b-6db6-4015-bfdd-bcd9e0243822#0:FAIL-t4, 6bd215d6-7e22-4e7d-80a7-71057b8599e7<-2a5c49c1-f96d-44e3-95f8-090a95903c3f#0:FAIL-t4] and 0 exception(s); 6bd215d6-7e22-4e7d-80a7-71057b8599e7:t4, leader=null, voted=6bd215d6-7e22-4e7d-80a7-71057b8599e7, raftlog=6bd215d6-7e22-4e7d-80a7-71057b8599e7-SegmentedRaftLog:OPENED:c-1,f-1,i0, conf=-1: [4565607b-6db6-4015-bfdd-bcd9e0243822:192.168.157.242:38846, 6bd215d6-7e22-4e7d-80a7-71057b8599e7:192.168.157.242:37016, 2a5c49c1-f96d-44e3-95f8-090a95903c3f:192.168.157.242:43382], old=null
2019-09-05 18:04:47,612 [6bd215d6-7e22-4e7d-80a7-71057b8599e7:group-73B3AA389F78:LeaderElection16] INFO  impl.RaftServerImpl (RaftServerImpl.java:setRole(171)) - 6bd215d6-7e22-4e7d-80a7-71057b8599e7:group-73B3AA389F78 changes role from CANDIDATE to FOLLOWER at term 4 for DISCOVERED_A_NEW_TERM
2019-09-05 18:04:47,615 [6bd215d6-7e22-4e7d-80a7-71057b8599e7:group-73B3AA389F78:LeaderElection16] INFO  impl.RoleInfo (RoleInfo.java:shutdownLeaderElection(134)) - 6bd215d6-7e22-4e7d-80a7-71057b8599e7: shutdown LeaderElection
2019-09-05 18:04:47,615 [6bd215d6-7e22-4e7d-80a7-71057b8599e7:group-73B3AA389F78:LeaderElection16] INFO  impl.RoleInfo (RoleInfo.java:updateAndGet(143)) - 6bd215d6-7e22-4e7d-80a7-71057b8599e7: start FollowerState
2019-09-05 18:04:47,615 [2a5c49c1-f96d-44e3-95f8-090a95903c3f:group-73B3AA389F78:LeaderElection15] INFO  impl.LeaderElection (LeaderElection.java:logAndReturn(56)) - 2a5c49c1-f96d-44e3-95f8-090a95903c3f:group-73B3AA389F78:LeaderElection15: Election REJECTED; received 2 response(s) [2a5c49c1-f96d-44e3-95f8-090a95903c3f<-4565607b-6db6-4015-bfdd-bcd9e0243822#0:FAIL-t4, 2a5c49c1-f96d-44e3-95f8-090a95903c3f<-6bd215d6-7e22-4e7d-80a7-71057b8599e7#0:FAIL-t4] and 0 exception(s); 2a5c49c1-f96d-44e3-95f8-090a95903c3f:t4, leader=null, voted=2a5c49c1-f96d-44e3-95f8-090a95903c3f, raftlog=2a5c49c1-f96d-44e3-95f8-090a95903c3f-SegmentedRaftLog:OPENED:c-1,f-1,i0, conf=-1: [4565607b-6db6-4015-bfdd-bcd9e0243822:192.168.157.242:38846, 6bd215d6-7e22-4e7d-80a7-71057b8599e7:192.168.157.242:37016, 2a5c49c1-f96d-44e3-95f8-090a95903c3f:192.168.157.242:43382], old=null
2019-09-05 18:04:47,618 [2a5c49c1-f96d-44e3-95f8-090a95903c3f:group-73B3AA389F78:LeaderElection15] INFO  impl.RaftServerImpl (RaftServerImpl.java:setRole(171)) - 2a5c49c1-f96d-44e3-95f8-090a95903c3f:group-73B3AA389F78 changes role from CANDIDATE to FOLLOWER at term 4 for DISCOVERED_A_NEW_TERM
2019-09-05 18:04:47,618 [2a5c49c1-f96d-44e3-95f8-090a95903c3f:group-73B3AA389F78:LeaderElection15] INFO  impl.RoleInfo (RoleInfo.java:shutdownLeaderElection(134)) - 2a5c49c1-f96d-44e3-95f8-090a95903c3f: shutdown LeaderElection
2019-09-05 18:04:47,620 [2a5c49c1-f96d-44e3-95f8-090a95903c3f:group-73B3AA389F78:LeaderElection15] INFO  impl.RoleInfo (RoleInfo.java:updateAndGet(143)) - 2a5c49c1-f96d-44e3-95f8-090a95903c3f: start FollowerState
2019-09-05 18:04:48,429 [grpc-default-executor-1] INFO  client.GrpcClientProtocolClient (GrpcClientProtocolClient.java:onNext(255)) - client-75A82D46EE64->2a5c49c1-f96d-44e3-95f8-090a95903c3f: receive RaftClientReply:client-75A82D46EE64->2a5c49c1-f96d-44e3-95f8-090a95903c3f@group-73B3AA389F78, cid=17, FAILED org.apache.ratis.protocol.NotLeaderException: Server 2a5c49c1-f96d-44e3-95f8-090a95903c3f is not the leader (null). Request must be sent to leader., logIndex=0, commits[2a5c49c1-f96d-44e3-95f8-090a95903c3f:c-1]
2019-09-05 18:04:49,472 [grpc-default-executor-1] INFO  client.GrpcClientProtocolClient (GrpcClientProtocolClient.java:onNext(255)) - client-75A82D46EE64->4565607b-6db6-4015-bfdd-bcd9e0243822: receive RaftClientReply:client-75A82D46EE64->4565607b-6db6-4015-bfdd-bcd9e0243822@group-73B3AA389F78, cid=17, FAILED org.apache.ratis.protocol.NotLeaderException: Server 4565607b-6db6-4015-bfdd-bcd9e0243822 is not the leader (null). Request must be sent to leader., logIndex=0, commits[4565607b-6db6-4015-bfdd-bcd9e0243822:c-1, 6bd215d6-7e22-4e7d-80a7-71057b8599e7:c-1, 2a5c49c1-f96d-44e3-95f8-090a95903c3f:c-1]
2019-09-05 18:04:50,504 [grpc-default-executor-2] INFO  client.GrpcClientProtocolClient (GrpcClientProtocolClient.java:onNext(255)) - client-75A82D46EE64->6bd215d6-7e22-4e7d-80a7-71057b8599e7: receive RaftClientReply:client-75A82D46EE64->6bd215d6-7e22-4e7d-80a7-71057b8599e7@group-73B3AA389F78, cid=17, FAILED org.apache.ratis.protocol.NotLeaderException: Server 6bd215d6-7e22-4e7d-80a7-71057b8599e7 is not the leader (null). Request must be sent to leader., logIndex=0, commits[6bd215d6-7e22-4e7d-80a7-71057b8599e7:c-1, 4565607b-6db6-4015-bfdd-bcd9e0243822:c-1, 2a5c49c1-f96d-44e3-95f8-090a95903c3f:c-1]
2019-09-05 18:04:51,529 [grpc-default-executor-2] INFO  client.GrpcClientProtocolClient (GrpcClientProtocolClient.java:onNext(255)) - client-75A82D46EE64->2a5c49c1-f96d-44e3-95f8-090a95903c3f: receive RaftClientReply:client-75A82D46EE64->2a5c49c1-f96d-44e3-95f8-090a95903c3f@group-73B3AA389F78, cid=17, FAILED org.apache.ratis.protocol.NotLeaderException: Server 2a5c49c1-f96d-44e3-95f8-090a95903c3f is not the leader (null). Request must be sent to leader., logIndex=0, commits[2a5c49c1-f96d-44e3-95f8-090a95903c3f:c-1]
2019-09-05 18:04:52,574 [grpc-default-executor-3] INFO  client.GrpcClientProtocolClient (GrpcClientProtocolClient.java:onNext(255)) - client-75A82D46EE64->4565607b-6db6-4015-bfdd-bcd9e0243822: receive RaftClientReply:client-75A82D46EE64->4565607b-6db6-4015-bfdd-bcd9e0243822@group-73B3AA389F78, cid=17, FAILED org.apache.ratis.protocol.NotLeaderException: Server 4565607b-6db6-4015-bfdd-bcd9e0243822 is not the leader (null). Request must be sent to leader., logIndex=0, commits[4565607b-6db6-4015-bfdd-bcd9e0243822:c-1, 6bd215d6-7e22-4e7d-80a7-71057b8599e7:c-1, 2a5c49c1-f96d-44e3-95f8-090a95903c3f:c-1]
2019-09-05 18:04:52,635 [Thread-428] INFO  impl.FollowerState (FollowerState.java:run(106)) - 2a5c49c1-f96d-44e3-95f8-090a95903c3f:group-73B3AA389F78 changes to CANDIDATE, lastRpcTime:5015, electionTimeout:5013ms
2019-09-05 18:04:52,635 [Thread-428] INFO  impl.RoleInfo (RoleInfo.java:shutdownFollowerState(121)) - 2a5c49c1-f96d-44e3-95f8-090a95903c3f: shutdown FollowerState
2019-09-05 18:04:52,636 [Thread-428] INFO  impl.RaftServerImpl (RaftServerImpl.java:setRole(171)) - 2a5c49c1-f96d-44e3-95f8-090a95903c3f:group-73B3AA389F78 changes role from FOLLOWER to CANDIDATE at term 4 for changeToCandidate
2019-09-05 18:04:52,636 [Thread-428] INFO  impl.RoleInfo (RoleInfo.java:updateAndGet(143)) - 2a5c49c1-f96d-44e3-95f8-090a95903c3f: start LeaderElection
2019-09-05 18:04:52,653 [2a5c49c1-f96d-44e3-95f8-090a95903c3f:group-73B3AA389F78:LeaderElection17] INFO  impl.LeaderElection (LeaderElection.java:askForVotes(181)) - 2a5c49c1-f96d-44e3-95f8-090a95903c3f:group-73B3AA389F78:LeaderElection17: begin an election at term 5 for -1: [4565607b-6db6-4015-bfdd-bcd9e0243822:192.168.157.242:38846, 6bd215d6-7e22-4e7d-80a7-71057b8599e7:192.168.157.242:37016, 2a5c49c1-f96d-44e3-95f8-090a95903c3f:192.168.157.242:43382], old=null
2019-09-05 18:04:52,657 [grpc-default-executor-2] INFO  impl.RaftServerImpl (RaftServerImpl.java:setRole(171)) - 4565607b-6db6-4015-bfdd-bcd9e0243822:group-73B3AA389F78 changes role from FOLLOWER to FOLLOWER at term 5 for recognizeCandidate:2a5c49c1-f96d-44e3-95f8-090a95903c3f
2019-09-05 18:04:52,657 [grpc-default-executor-3] INFO  impl.RaftServerImpl (RaftServerImpl.java:setRole(171)) - 6bd215d6-7e22-4e7d-80a7-71057b8599e7:group-73B3AA389F78 changes role from FOLLOWER to FOLLOWER at term 5 for recognizeCandidate:2a5c49c1-f96d-44e3-95f8-090a95903c3f
2019-09-05 18:04:52,657 [grpc-default-executor-2] INFO  impl.RoleInfo (RoleInfo.java:shutdownFollowerState(121)) - 4565607b-6db6-4015-bfdd-bcd9e0243822: shutdown FollowerState
2019-09-05 18:04:52,658 [grpc-default-executor-3] INFO  impl.RoleInfo (RoleInfo.java:shutdownFollowerState(121)) - 6bd215d6-7e22-4e7d-80a7-71057b8599e7: shutdown FollowerState
2019-09-05 18:04:52,658 [Thread-426] INFO  impl.FollowerState (FollowerState.java:run(114)) - 4565607b-6db6-4015-bfdd-bcd9e0243822: FollowerState was interrupted: java.lang.InterruptedException: sleep interrupted
2019-09-05 18:04:52,658 [grpc-default-executor-3] INFO  impl.RoleInfo (RoleInfo.java:updateAndGet(143)) - 6bd215d6-7e22-4e7d-80a7-71057b8599e7: start FollowerState
2019-09-05 18:04:52,658 [grpc-default-executor-2] INFO  impl.RoleInfo (RoleInfo.java:updateAndGet(143)) - 4565607b-6db6-4015-bfdd-bcd9e0243822: start FollowerState
2019-09-05 18:04:52,658 [Thread-427] INFO  impl.FollowerState (FollowerState.java:run(114)) - 6bd215d6-7e22-4e7d-80a7-71057b8599e7: FollowerState was interrupted: java.lang.InterruptedException: sleep interrupted
2019-09-05 18:04:52,679 [2a5c49c1-f96d-44e3-95f8-090a95903c3f:group-73B3AA389F78:LeaderElection17] INFO  impl.LeaderElection (LeaderElection.java:logAndReturn(56)) - 2a5c49c1-f96d-44e3-95f8-090a95903c3f:group-73B3AA389F78:LeaderElection17: Election PASSED; received 1 response(s) [2a5c49c1-f96d-44e3-95f8-090a95903c3f<-6bd215d6-7e22-4e7d-80a7-71057b8599e7#0:OK-t5] and 0 exception(s); 2a5c49c1-f96d-44e3-95f8-090a95903c3f:t5, leader=null, voted=2a5c49c1-f96d-44e3-95f8-090a95903c3f, raftlog=2a5c49c1-f96d-44e3-95f8-090a95903c3f-SegmentedRaftLog:OPENED:c-1,f-1,i0, conf=-1: [4565607b-6db6-4015-bfdd-bcd9e0243822:192.168.157.242:38846, 6bd215d6-7e22-4e7d-80a7-71057b8599e7:192.168.157.242:37016, 2a5c49c1-f96d-44e3-95f8-090a95903c3f:192.168.157.242:43382], old=null
2019-09-05 18:04:52,679 [2a5c49c1-f96d-44e3-95f8-090a95903c3f:group-73B3AA389F78:LeaderElection17] INFO  impl.RoleInfo (RoleInfo.java:shutdownLeaderElection(134)) - 2a5c49c1-f96d-44e3-95f8-090a95903c3f: shutdown LeaderElection
2019-09-05 18:04:52,679 [2a5c49c1-f96d-44e3-95f8-090a95903c3f:group-73B3AA389F78:LeaderElection17] INFO  impl.RaftServerImpl (RaftServerImpl.java:setRole(171)) - 2a5c49c1-f96d-44e3-95f8-090a95903c3f:group-73B3AA389F78 changes role from CANDIDATE to LEADER at term 5 for changeToLeader
2019-09-05 18:04:52,681 [2a5c49c1-f96d-44e3-95f8-090a95903c3f:group-73B3AA389F78:LeaderElection17] INFO  impl.RaftServerImpl (ServerState.java:setLeader(263)) - 2a5c49c1-f96d-44e3-95f8-090a95903c3f:group-73B3AA389F78 change Leader from null to 2a5c49c1-f96d-44e3-95f8-090a95903c3f at term 5 for becomeLeader, leader elected after 20530ms
2019-09-05 18:04:52,682 [2a5c49c1-f96d-44e3-95f8-090a95903c3f:group-73B3AA389F78:LeaderElection17] INFO  server.RaftServerConfigKeys (ConfUtils.java:logGet(43)) - raft.server.staging.catchup.gap = 1000 (default)
2019-09-05 18:04:52,682 [2a5c49c1-f96d-44e3-95f8-090a95903c3f:group-73B3AA389F78:LeaderElection17] INFO  server.RaftServerConfigKeys (ConfUtils.java:logGet(43)) - raft.server.rpc.sleep.time = 25ms (default)
2019-09-05 18:04:52,682 [2a5c49c1-f96d-44e3-95f8-090a95903c3f:group-73B3AA389F78:LeaderElection17] INFO  server.RaftServerConfigKeys (ConfUtils.java:logGet(43)) - raft.server.write.element-limit = 4096 (default)
2019-09-05 18:04:52,683 [2a5c49c1-f96d-44e3-95f8-090a95903c3f:group-73B3AA389F78:LeaderElection17] INFO  server.RaftServerConfigKeys (ConfUtils.java:logGet(43)) - raft.server.watch.timeout = 10s (default)
2019-09-05 18:04:52,683 [2a5c49c1-f96d-44e3-95f8-090a95903c3f:group-73B3AA389F78:LeaderElection17] INFO  server.RaftServerConfigKeys (ConfUtils.java:logGet(43)) - raft.server.watch.timeout.denomination = 1s (default)
2019-09-05 18:04:52,683 [2a5c49c1-f96d-44e3-95f8-090a95903c3f:group-73B3AA389F78:LeaderElection17] INFO  server.RaftServerConfigKeys (ConfUtils.java:logGet(43)) - raft.server.watch.element-limit = 65536 (default)
2019-09-05 18:04:52,684 [2a5c49c1-f96d-44e3-95f8-090a95903c3f:group-73B3AA389F78:LeaderElection17] INFO  server.RaftServerConfigKeys (ConfUtils.java:logGet(43)) - raft.server.log.appender.snapshot.chunk.size.max = 16MB (=16777216) (default)
2019-09-05 18:04:52,684 [2a5c49c1-f96d-44e3-95f8-090a95903c3f:group-73B3AA389F78:LeaderElection17] INFO  server.RaftServerConfigKeys (ConfUtils.java:logGet(43)) - raft.server.log.appender.buffer.byte-limit = 33554432 (custom)
2019-09-05 18:04:52,684 [2a5c49c1-f96d-44e3-95f8-090a95903c3f:group-73B3AA389F78:LeaderElection17] INFO  server.RaftServerConfigKeys (ConfUtils.java:logGet(43)) - raft.server.log.appender.buffer.element-limit = 1 (custom)
2019-09-05 18:04:52,684 [2a5c49c1-f96d-44e3-95f8-090a95903c3f:group-73B3AA389F78:LeaderElection17] INFO  grpc.GrpcConfigKeys$Server (ConfUtils.java:logGet(43)) - raft.grpc.server.leader.outstanding.appends.max = 128 (default)
2019-09-05 18:04:52,685 [2a5c49c1-f96d-44e3-95f8-090a95903c3f:group-73B3AA389F78:LeaderElection17] INFO  server.RaftServerConfigKeys (ConfUtils.java:logGet(43)) - raft.server.rpc.request.timeout = 3000ms (default)
2019-09-05 18:04:52,685 [2a5c49c1-f96d-44e3-95f8-090a95903c3f:group-73B3AA389F78:LeaderElection17] INFO  server.RaftServerConfigKeys (ConfUtils.java:logGet(43)) - raft.server.log.appender.install.snapshot.enabled = false (custom)
2019-09-05 18:04:52,685 [2a5c49c1-f96d-44e3-95f8-090a95903c3f:group-73B3AA389F78:LeaderElection17] INFO  server.RaftServerConfigKeys (ConfUtils.java:logGet(43)) - raft.server.log.appender.snapshot.chunk.size.max = 16MB (=16777216) (default)
2019-09-05 18:04:52,685 [2a5c49c1-f96d-44e3-95f8-090a95903c3f:group-73B3AA389F78:LeaderElection17] INFO  server.RaftServerConfigKeys (ConfUtils.java:logGet(43)) - raft.server.log.appender.buffer.byte-limit = 33554432 (custom)
2019-09-05 18:04:52,685 [2a5c49c1-f96d-44e3-95f8-090a95903c3f:group-73B3AA389F78:LeaderElection17] INFO  server.RaftServerConfigKeys (ConfUtils.java:logGet(43)) - raft.server.log.appender.buffer.element-limit = 1 (custom)
2019-09-05 18:04:52,686 [2a5c49c1-f96d-44e3-95f8-090a95903c3f:group-73B3AA389F78:LeaderElection17] INFO  grpc.GrpcConfigKeys$Server (ConfUtils.java:logGet(43)) - raft.grpc.server.leader.outstanding.appends.max = 128 (default)
2019-09-05 18:04:52,686 [2a5c49c1-f96d-44e3-95f8-090a95903c3f:group-73B3AA389F78:LeaderElection17] INFO  server.RaftServerConfigKeys (ConfUtils.java:logGet(43)) - raft.server.rpc.request.timeout = 3000ms (default)
2019-09-05 18:04:52,686 [2a5c49c1-f96d-44e3-95f8-090a95903c3f:group-73B3AA389F78:LeaderElection17] INFO  server.RaftServerConfigKeys (ConfUtils.java:logGet(43)) - raft.server.log.appender.install.snapshot.enabled = false (custom)
2019-09-05 18:04:52,687 [2a5c49c1-f96d-44e3-95f8-090a95903c3f:group-73B3AA389F78:LeaderElection17] INFO  impl.RoleInfo (RoleInfo.java:updateAndGet(143)) - 2a5c49c1-f96d-44e3-95f8-090a95903c3f: start LeaderState
2019-09-05 18:04:52,687 [2a5c49c1-f96d-44e3-95f8-090a95903c3f:group-73B3AA389F78:LeaderElection17] INFO  segmented.SegmentedRaftLogWorker (SegmentedRaftLogWorker.java:startLogSegment(380)) - 2a5c49c1-f96d-44e3-95f8-090a95903c3f-SegmentedRaftLogWorker:Storage Directory /workdir/hadoop-ozone/integration-test/target/test-dir/MiniOzoneClusterImpl-766b94ba-5e71-4562-b587-e70c6ca727c3/datanode-0/data/ratis/7a1e7bbb-41dd-4099-96f2-73b3aa389f78: Starting segment from index:0
2019-09-05 18:04:52,689 [2a5c49c1-f96d-44e3-95f8-090a95903c3f:group-73B3AA389F78:LeaderElection17] INFO  impl.RaftServerImpl (ServerState.java:setRaftConf(361)) - 2a5c49c1-f96d-44e3-95f8-090a95903c3f:group-73B3AA389F78 set configuration 0: [4565607b-6db6-4015-bfdd-bcd9e0243822:192.168.157.242:38846, 6bd215d6-7e22-4e7d-80a7-71057b8599e7:192.168.157.242:37016, 2a5c49c1-f96d-44e3-95f8-090a95903c3f:192.168.157.242:43382], old=null at 0
2019-09-05 18:04:52,731 [grpc-default-executor-2] INFO  impl.RaftServerImpl (ServerState.java:setLeader(263)) - 6bd215d6-7e22-4e7d-80a7-71057b8599e7:group-73B3AA389F78 change Leader from null to 2a5c49c1-f96d-44e3-95f8-090a95903c3f at term 5 for appendEntries, leader elected after 10198ms
2019-09-05 18:04:52,732 [grpc-default-executor-3] INFO  impl.RaftServerImpl (ServerState.java:setLeader(263)) - 4565607b-6db6-4015-bfdd-bcd9e0243822:group-73B3AA389F78 change Leader from null to 2a5c49c1-f96d-44e3-95f8-090a95903c3f at term 5 for appendEntries, leader elected after 10199ms
2019-09-05 18:04:52,736 [grpc-default-executor-3] INFO  impl.RaftServerImpl (ServerState.java:setRaftConf(361)) - 6bd215d6-7e22-4e7d-80a7-71057b8599e7:group-73B3AA389F78 set configuration 0: [4565607b-6db6-4015-bfdd-bcd9e0243822:192.168.157.242:38846, 6bd215d6-7e22-4e7d-80a7-71057b8599e7:192.168.157.242:37016, 2a5c49c1-f96d-44e3-95f8-090a95903c3f:192.168.157.242:43382], old=null at 0
2019-09-05 18:04:52,736 [grpc-default-executor-2] INFO  impl.RaftServerImpl (ServerState.java:setRaftConf(361)) - 4565607b-6db6-4015-bfdd-bcd9e0243822:group-73B3AA389F78 set configuration 0: [4565607b-6db6-4015-bfdd-bcd9e0243822:192.168.157.242:38846, 6bd215d6-7e22-4e7d-80a7-71057b8599e7:192.168.157.242:37016, 2a5c49c1-f96d-44e3-95f8-090a95903c3f:192.168.157.242:43382], old=null at 0
2019-09-05 18:04:52,736 [grpc-default-executor-3] INFO  segmented.SegmentedRaftLogWorker (SegmentedRaftLogWorker.java:startLogSegment(380)) - 6bd215d6-7e22-4e7d-80a7-71057b8599e7-SegmentedRaftLogWorker:Storage Directory /workdir/hadoop-ozone/integration-test/target/test-dir/MiniOzoneClusterImpl-766b94ba-5e71-4562-b587-e70c6ca727c3/datanode-6/data/ratis/7a1e7bbb-41dd-4099-96f2-73b3aa389f78: Starting segment from index:0
2019-09-05 18:04:52,742 [2a5c49c1-f96d-44e3-95f8-090a95903c3f-SegmentedRaftLogWorker:Storage Directory /workdir/hadoop-ozone/integration-test/target/test-dir/MiniOzoneClusterImpl-766b94ba-5e71-4562-b587-e70c6ca727c3/datanode-0/data/ratis/7a1e7bbb-41dd-4099-96f2-73b3aa389f78] INFO  segmented.SegmentedRaftLogWorker (SegmentedRaftLogWorker.java:execute(569)) - 2a5c49c1-f96d-44e3-95f8-090a95903c3f-SegmentedRaftLogWorker:Storage Directory /workdir/hadoop-ozone/integration-test/target/test-dir/MiniOzoneClusterImpl-766b94ba-5e71-4562-b587-e70c6ca727c3/datanode-0/data/ratis/7a1e7bbb-41dd-4099-96f2-73b3aa389f78: created new log segment /workdir/hadoop-ozone/integration-test/target/test-dir/MiniOzoneClusterImpl-766b94ba-5e71-4562-b587-e70c6ca727c3/datanode-0/data/ratis/7a1e7bbb-41dd-4099-96f2-73b3aa389f78/current/log_inprogress_0
2019-09-05 18:04:52,742 [grpc-default-executor-2] INFO  segmented.SegmentedRaftLogWorker (SegmentedRaftLogWorker.java:truncate(396)) - 4565607b-6db6-4015-bfdd-bcd9e0243822-SegmentedRaftLogWorker:Storage Directory /workdir/hadoop-ozone/integration-test/target/test-dir/MiniOzoneClusterImpl-766b94ba-5e71-4562-b587-e70c6ca727c3/datanode-3/data/ratis/7a1e7bbb-41dd-4099-96f2-73b3aa389f78: Truncating segments toTruncate: null
  toDelete: [(0, 0) isOpen? true, length=0, newEndIndex=-1], start index 0
2019-09-05 18:04:52,743 [grpc-default-executor-2] INFO  segmented.SegmentedRaftLogWorker (SegmentedRaftLogWorker.java:startLogSegment(380)) - 4565607b-6db6-4015-bfdd-bcd9e0243822-SegmentedRaftLogWorker:Storage Directory /workdir/hadoop-ozone/integration-test/target/test-dir/MiniOzoneClusterImpl-766b94ba-5e71-4562-b587-e70c6ca727c3/datanode-3/data/ratis/7a1e7bbb-41dd-4099-96f2-73b3aa389f78: Starting segment from index:0
2019-09-05 18:04:52,745 [4565607b-6db6-4015-bfdd-bcd9e0243822-SegmentedRaftLogWorker:Storage Directory /workdir/hadoop-ozone/integration-test/target/test-dir/MiniOzoneClusterImpl-766b94ba-5e71-4562-b587-e70c6ca727c3/datanode-3/data/ratis/7a1e7bbb-41dd-4099-96f2-73b3aa389f78] INFO  segmented.SegmentedRaftLogWorker (SegmentedRaftLogWorker.java:execute(633)) - 4565607b-6db6-4015-bfdd-bcd9e0243822-SegmentedRaftLogWorker:Storage Directory /workdir/hadoop-ozone/integration-test/target/test-dir/MiniOzoneClusterImpl-766b94ba-5e71-4562-b587-e70c6ca727c3/datanode-3/data/ratis/7a1e7bbb-41dd-4099-96f2-73b3aa389f78: Deleted log file /workdir/hadoop-ozone/integration-test/target/test-dir/MiniOzoneClusterImpl-766b94ba-5e71-4562-b587-e70c6ca727c3/datanode-3/data/ratis/7a1e7bbb-41dd-4099-96f2-73b3aa389f78/current/log_inprogress_0
2019-09-05 18:04:52,746 [4565607b-6db6-4015-bfdd-bcd9e0243822-SegmentedRaftLogWorker:Storage Directory /workdir/hadoop-ozone/integration-test/target/test-dir/MiniOzoneClusterImpl-766b94ba-5e71-4562-b587-e70c6ca727c3/datanode-3/data/ratis/7a1e7bbb-41dd-4099-96f2-73b3aa389f78] INFO  segmented.SegmentedRaftLogWorker (SegmentedRaftLogWorker.java:lambda$new$0(132)) - 4565607b-6db6-4015-bfdd-bcd9e0243822-SegmentedRaftLogWorker:Storage Directory /workdir/hadoop-ozone/integration-test/target/test-dir/MiniOzoneClusterImpl-766b94ba-5e71-4562-b587-e70c6ca727c3/datanode-3/data/ratis/7a1e7bbb-41dd-4099-96f2-73b3aa389f78: flushIndex: setUnconditionally 0 -> -1
2019-09-05 18:04:52,791 [6bd215d6-7e22-4e7d-80a7-71057b8599e7-SegmentedRaftLogWorker:Storage Directory /workdir/hadoop-ozone/integration-test/target/test-dir/MiniOzoneClusterImpl-766b94ba-5e71-4562-b587-e70c6ca727c3/datanode-6/data/ratis/7a1e7bbb-41dd-4099-96f2-73b3aa389f78] INFO  segmented.SegmentedRaftLogWorker (SegmentedRaftLogWorker.java:execute(569)) - 6bd215d6-7e22-4e7d-80a7-71057b8599e7-SegmentedRaftLogWorker:Storage Directory /workdir/hadoop-ozone/integration-test/target/test-dir/MiniOzoneClusterImpl-766b94ba-5e71-4562-b587-e70c6ca727c3/datanode-6/data/ratis/7a1e7bbb-41dd-4099-96f2-73b3aa389f78: created new log segment /workdir/hadoop-ozone/integration-test/target/test-dir/MiniOzoneClusterImpl-766b94ba-5e71-4562-b587-e70c6ca727c3/datanode-6/data/ratis/7a1e7bbb-41dd-4099-96f2-73b3aa389f78/current/log_inprogress_0
2019-09-05 18:04:52,791 [4565607b-6db6-4015-bfdd-bcd9e0243822-SegmentedRaftLogWorker:Storage Directory /workdir/hadoop-ozone/integration-test/target/test-dir/MiniOzoneClusterImpl-766b94ba-5e71-4562-b587-e70c6ca727c3/datanode-3/data/ratis/7a1e7bbb-41dd-4099-96f2-73b3aa389f78] INFO  segmented.SegmentedRaftLogWorker (SegmentedRaftLogWorker.java:execute(569)) - 4565607b-6db6-4015-bfdd-bcd9e0243822-SegmentedRaftLogWorker:Storage Directory /workdir/hadoop-ozone/integration-test/target/test-dir/MiniOzoneClusterImpl-766b94ba-5e71-4562-b587-e70c6ca727c3/datanode-3/data/ratis/7a1e7bbb-41dd-4099-96f2-73b3aa389f78: created new log segment /workdir/hadoop-ozone/integration-test/target/test-dir/MiniOzoneClusterImpl-766b94ba-5e71-4562-b587-e70c6ca727c3/datanode-3/data/ratis/7a1e7bbb-41dd-4099-96f2-73b3aa389f78/current/log_inprogress_0
2019-09-05 18:04:53,607 [grpc-default-executor-2] INFO  client.GrpcClientProtocolClient (GrpcClientProtocolClient.java:onNext(255)) - client-75A82D46EE64->6bd215d6-7e22-4e7d-80a7-71057b8599e7: receive RaftClientReply:client-75A82D46EE64->6bd215d6-7e22-4e7d-80a7-71057b8599e7@group-73B3AA389F78, cid=17, FAILED org.apache.ratis.protocol.NotLeaderException: Server 6bd215d6-7e22-4e7d-80a7-71057b8599e7 is not the leader (2a5c49c1-f96d-44e3-95f8-090a95903c3f:192.168.157.242:43382). Request must be sent to leader., logIndex=0, commits[6bd215d6-7e22-4e7d-80a7-71057b8599e7:c-1, 4565607b-6db6-4015-bfdd-bcd9e0243822:c-1, 2a5c49c1-f96d-44e3-95f8-090a95903c3f:c-1]
2019-09-05 18:04:53,773 [grpc-default-executor-3] INFO  client.GrpcClientProtocolClient (GrpcClientProtocolClient.java:onNext(255)) - client-75A82D46EE64->2a5c49c1-f96d-44e3-95f8-090a95903c3f: receive RaftClientReply:client-75A82D46EE64->2a5c49c1-f96d-44e3-95f8-090a95903c3f@group-73B3AA389F78, cid=17, SUCCESS, logIndex=1, commits[2a5c49c1-f96d-44e3-95f8-090a95903c3f:c1, 4565607b-6db6-4015-bfdd-bcd9e0243822:c0, 6bd215d6-7e22-4e7d-80a7-71057b8599e7:c0]
2019-09-05 18:04:53,795 [pool-26-thread-4] WARN  impl.ChunkManagerImpl (ChunkUtils.java:validateChunkForOverwrite(203)) - Duplicate write chunk request. Chunk overwrite without explicit request. ChunkInfo{chunkName='1567706678067.data.0, offset=0, len=1048576}
2019-09-05 18:04:53,796 [pool-26-thread-4] WARN  impl.ChunkManagerImpl (ChunkManagerImpl.java:writeChunk(111)) - ChunkFile already exists/workdir/hadoop-ozone/integration-test/target/test-dir/MiniOzoneClusterImpl-766b94ba-5e71-4562-b587-e70c6ca727c3/datanode-0/data/containers/hdds/e1460062-438d-4a0a-b014-7cc68eb9382e/current/containerDir0/2/chunks/1567706678067.data.0.Deleting it.
2019-09-05 18:04:53,808 [pool-86-thread-2] WARN  impl.ChunkManagerImpl (ChunkUtils.java:validateChunkForOverwrite(203)) - Duplicate write chunk request. Chunk overwrite without explicit request. ChunkInfo{chunkName='1567706678067.data.0, offset=0, len=1048576}
2019-09-05 18:04:53,808 [pool-86-thread-2] WARN  impl.ChunkManagerImpl (ChunkManagerImpl.java:writeChunk(111)) - ChunkFile already exists/workdir/hadoop-ozone/integration-test/target/test-dir/MiniOzoneClusterImpl-766b94ba-5e71-4562-b587-e70c6ca727c3/datanode-6/data/containers/hdds/e1460062-438d-4a0a-b014-7cc68eb9382e/current/containerDir0/2/chunks/1567706678067.data.0.Deleting it.
2019-09-05 18:04:53,813 [pool-56-thread-2] WARN  impl.ChunkManagerImpl (ChunkUtils.java:validateChunkForOverwrite(203)) - Duplicate write chunk request. Chunk overwrite without explicit request. ChunkInfo{chunkName='1567706678067.data.0, offset=0, len=1048576}
2019-09-05 18:04:53,813 [pool-56-thread-2] WARN  impl.ChunkManagerImpl (ChunkManagerImpl.java:writeChunk(111)) - ChunkFile already exists/workdir/hadoop-ozone/integration-test/target/test-dir/MiniOzoneClusterImpl-766b94ba-5e71-4562-b587-e70c6ca727c3/datanode-3/data/containers/hdds/e1460062-438d-4a0a-b014-7cc68eb9382e/current/containerDir0/2/chunks/1567706678067.data.0.Deleting it.
2019-09-05 18:04:53,845 [grpc-default-executor-3] INFO  client.GrpcClientProtocolClient (GrpcClientProtocolClient.java:onNext(255)) - client-75A82D46EE64->2a5c49c1-f96d-44e3-95f8-090a95903c3f: receive RaftClientReply:client-75A82D46EE64->2a5c49c1-f96d-44e3-95f8-090a95903c3f@group-73B3AA389F78, cid=18, SUCCESS, logIndex=3, commits[2a5c49c1-f96d-44e3-95f8-090a95903c3f:c8, 4565607b-6db6-4015-bfdd-bcd9e0243822:c6, 6bd215d6-7e22-4e7d-80a7-71057b8599e7:c6]
2019-09-05 18:04:53,846 [grpc-default-executor-3] INFO  client.GrpcClientProtocolClient (GrpcClientProtocolClient.java:onNext(255)) - client-75A82D46EE64->2a5c49c1-f96d-44e3-95f8-090a95903c3f: receive RaftClientReply:client-75A82D46EE64->2a5c49c1-f96d-44e3-95f8-090a95903c3f@group-73B3AA389F78, cid=19, SUCCESS, logIndex=4, commits[2a5c49c1-f96d-44e3-95f8-090a95903c3f:c8, 4565607b-6db6-4015-bfdd-bcd9e0243822:c6, 6bd215d6-7e22-4e7d-80a7-71057b8599e7:c6]
2019-09-05 18:04:53,902 [grpc-default-executor-3] INFO  client.GrpcClientProtocolClient (GrpcClientProtocolClient.java:onNext(255)) - client-75A82D46EE64->2a5c49c1-f96d-44e3-95f8-090a95903c3f: receive RaftClientReply:client-75A82D46EE64->2a5c49c1-f96d-44e3-95f8-090a95903c3f@group-73B3AA389F78, cid=20, SUCCESS, logIndex=5, commits[2a5c49c1-f96d-44e3-95f8-090a95903c3f:c8, 4565607b-6db6-4015-bfdd-bcd9e0243822:c6, 6bd215d6-7e22-4e7d-80a7-71057b8599e7:c6]
2019-09-05 18:04:54,739 [Datanode State Machine Thread - 0] INFO  statemachine.DatanodeStateMachine (DatanodeStateMachine.java:lambda$startDaemon$0(350)) - Ozone container server started.
2019-09-05 18:04:56,762 [EventQueue-StaleNodeForStaleNodeHandler] INFO  node.StaleNodeHandler (StaleNodeHandler.java:onMessage(58)) - Datanode 6bd215d6-7e22-4e7d-80a7-71057b8599e7{ip: 192.168.157.242, host: pr-hdds-2007-np5jl-579499515, networkLocation: /default-rack, certSerialId: null} moved to stale state. Finalizing its pipelines [PipelineID=7a1e7bbb-41dd-4099-96f2-73b3aa389f78, PipelineID=933b0ad0-4980-4505-9839-d094f2d1e59e]
2019-09-05 18:04:56,762 [EventQueue-StaleNodeForStaleNodeHandler] INFO  pipeline.SCMPipelineManager (SCMPipelineManager.java:finalizeAndDestroyPipeline(311)) - destroying pipeline:Pipeline[ Id: 7a1e7bbb-41dd-4099-96f2-73b3aa389f78, Nodes: 6bd215d6-7e22-4e7d-80a7-71057b8599e7{ip: 192.168.157.242, host: pr-hdds-2007-np5jl-579499515, networkLocation: /default-rack, certSerialId: null}2a5c49c1-f96d-44e3-95f8-090a95903c3f{ip: 192.168.157.242, host: pr-hdds-2007-np5jl-579499515, networkLocation: /default-rack, certSerialId: null}4565607b-6db6-4015-bfdd-bcd9e0243822{ip: 192.168.157.242, host: pr-hdds-2007-np5jl-579499515, networkLocation: /default-rack, certSerialId: null}, Type:RATIS, Factor:THREE, State:OPEN]
2019-09-05 18:04:56,764 [EventQueue-StaleNodeForStaleNodeHandler] INFO  pipeline.PipelineStateManager (PipelineStateManager.java:finalizePipeline(123)) - Pipeline Pipeline[ Id: 7a1e7bbb-41dd-4099-96f2-73b3aa389f78, Nodes: 6bd215d6-7e22-4e7d-80a7-71057b8599e7{ip: 192.168.157.242, host: pr-hdds-2007-np5jl-579499515, networkLocation: /default-rack, certSerialId: null}2a5c49c1-f96d-44e3-95f8-090a95903c3f{ip: 192.168.157.242, host: pr-hdds-2007-np5jl-579499515, networkLocation: /default-rack, certSerialId: null}4565607b-6db6-4015-bfdd-bcd9e0243822{ip: 192.168.157.242, host: pr-hdds-2007-np5jl-579499515, networkLocation: /default-rack, certSerialId: null}, Type:RATIS, Factor:THREE, State:CLOSED] moved to CLOSED state
2019-09-05 18:04:56,765 [EventQueue-CloseContainerForCloseContainerEventHandler] INFO  container.CloseContainerEventHandler (CloseContainerEventHandler.java:onMessage(61)) - Close container Event triggered for container : #2
2019-09-05 18:04:56,766 [EventQueue-StaleNodeForStaleNodeHandler] INFO  pipeline.SCMPipelineManager (SCMPipelineManager.java:finalizeAndDestroyPipeline(311)) - destroying pipeline:Pipeline[ Id: 933b0ad0-4980-4505-9839-d094f2d1e59e, Nodes: 6bd215d6-7e22-4e7d-80a7-71057b8599e7{ip: 192.168.157.242, host: pr-hdds-2007-np5jl-579499515, networkLocation: /default-rack, certSerialId: null}, Type:RATIS, Factor:ONE, State:OPEN]
2019-09-05 18:04:56,766 [EventQueue-StaleNodeForStaleNodeHandler] INFO  pipeline.PipelineStateManager (PipelineStateManager.java:finalizePipeline(123)) - Pipeline Pipeline[ Id: 933b0ad0-4980-4505-9839-d094f2d1e59e, Nodes: 6bd215d6-7e22-4e7d-80a7-71057b8599e7{ip: 192.168.157.242, host: pr-hdds-2007-np5jl-579499515, networkLocation: /default-rack, certSerialId: null}, Type:RATIS, Factor:ONE, State:CLOSED] moved to CLOSED state
2019-09-05 18:04:58,906 [main] INFO  ozoneimpl.OzoneContainer (OzoneContainer.java:stop(215)) - Attempting to stop container services.
2019-09-05 18:04:58,907 [main] INFO  impl.RaftServerProxy (RaftServerProxy.java:lambda$close$4(314)) - 6bd215d6-7e22-4e7d-80a7-71057b8599e7: close
2019-09-05 18:04:58,909 [main] INFO  impl.RaftServerImpl (RaftServerImpl.java:lambda$shutdown$3(245)) - 6bd215d6-7e22-4e7d-80a7-71057b8599e7: shutdown group-73B3AA389F78
2019-09-05 18:04:58,910 [ForkJoinPool.commonPool-worker-0] INFO  impl.RaftServerImpl (RaftServerImpl.java:lambda$shutdown$3(245)) - 6bd215d6-7e22-4e7d-80a7-71057b8599e7: shutdown group-D094F2D1E59E
2019-09-05 18:04:58,910 [main] INFO  util.JmxRegister (JmxRegister.java:unregister(73)) - Successfully un-registered JMX Bean with object name Ratis:service=RaftServer,group=group-73B3AA389F78,id=6bd215d6-7e22-4e7d-80a7-71057b8599e7
2019-09-05 18:04:58,910 [ForkJoinPool.commonPool-worker-0] INFO  util.JmxRegister (JmxRegister.java:unregister(73)) - Successfully un-registered JMX Bean with object name Ratis:service=RaftServer,group=group-D094F2D1E59E,id=6bd215d6-7e22-4e7d-80a7-71057b8599e7
2019-09-05 18:04:58,911 [main] INFO  impl.RoleInfo (RoleInfo.java:shutdownFollowerState(121)) - 6bd215d6-7e22-4e7d-80a7-71057b8599e7: shutdown FollowerState
2019-09-05 18:04:58,911 [ForkJoinPool.commonPool-worker-0] INFO  impl.RoleInfo (RoleInfo.java:shutdownLeaderState(104)) - 6bd215d6-7e22-4e7d-80a7-71057b8599e7: shutdown LeaderState
2019-09-05 18:04:58,911 [main] INFO  impl.StateMachineUpdater (StateMachineUpdater.java:stopAndJoin(115)) - StateMachineUpdater:6bd215d6-7e22-4e7d-80a7-71057b8599e7:group-73B3AA389F78: set stopIndex = 8
2019-09-05 18:04:58,911 [Thread-452] INFO  impl.FollowerState (FollowerState.java:run(114)) - 6bd215d6-7e22-4e7d-80a7-71057b8599e7: FollowerState was interrupted: java.lang.InterruptedException: sleep interrupted
2019-09-05 18:04:58,915 [StateMachineUpdater:6bd215d6-7e22-4e7d-80a7-71057b8599e7:group-73B3AA389F78] INFO  ratis.ContainerStateMachine (ContainerStateMachine.java:takeSnapshot(284)) - group-73B3AA389F78: Taking a snapshot at:(t:5, i:6) file /workdir/hadoop-ozone/integration-test/target/test-dir/MiniOzoneClusterImpl-766b94ba-5e71-4562-b587-e70c6ca727c3/datanode-6/data/ratis/7a1e7bbb-41dd-4099-96f2-73b3aa389f78/sm/snapshot.5_6
2019-09-05 18:04:58,912 [ForkJoinPool.commonPool-worker-0] INFO  impl.PendingRequests (PendingRequests.java:sendNotLeaderResponses(202)) - 6bd215d6-7e22-4e7d-80a7-71057b8599e7-PendingRequests: sendNotLeaderResponses
2019-09-05 18:04:58,918 [ForkJoinPool.commonPool-worker-0] INFO  impl.StateMachineUpdater (StateMachineUpdater.java:stopAndJoin(115)) - StateMachineUpdater:6bd215d6-7e22-4e7d-80a7-71057b8599e7:group-D094F2D1E59E: set stopIndex = 0
2019-09-05 18:04:58,922 [ForkJoinPool.commonPool-worker-0] INFO  impl.RaftServerImpl (ServerState.java:close(394)) - 6bd215d6-7e22-4e7d-80a7-71057b8599e7:group-D094F2D1E59E closes. The last applied log index is 0
2019-09-05 18:04:58,924 [6bd215d6-7e22-4e7d-80a7-71057b8599e7-SegmentedRaftLogWorker:Storage Directory /workdir/hadoop-ozone/integration-test/target/test-dir/MiniOzoneClusterImpl-766b94ba-5e71-4562-b587-e70c6ca727c3/datanode-6/data/ratis/933b0ad0-4980-4505-9839-d094f2d1e59e] INFO  segmented.SegmentedRaftLogWorker (SegmentedRaftLogWorker.java:run(313)) - 6bd215d6-7e22-4e7d-80a7-71057b8599e7-SegmentedRaftLogWorker:Storage Directory /workdir/hadoop-ozone/integration-test/target/test-dir/MiniOzoneClusterImpl-766b94ba-5e71-4562-b587-e70c6ca727c3/datanode-6/data/ratis/933b0ad0-4980-4505-9839-d094f2d1e59e was interrupted, exiting. There are 0 tasks remaining in the queue.
2019-09-05 18:04:58,930 [ForkJoinPool.commonPool-worker-0] INFO  segmented.SegmentedRaftLogWorker (SegmentedRaftLogWorker.java:close(228)) - 6bd215d6-7e22-4e7d-80a7-71057b8599e7-SegmentedRaftLogWorker:Storage Directory /workdir/hadoop-ozone/integration-test/target/test-dir/MiniOzoneClusterImpl-766b94ba-5e71-4562-b587-e70c6ca727c3/datanode-6/data/ratis/933b0ad0-4980-4505-9839-d094f2d1e59e close()
2019-09-05 18:04:58,952 [StateMachineUpdater:6bd215d6-7e22-4e7d-80a7-71057b8599e7:group-73B3AA389F78] INFO  ratis.ContainerStateMachine (ContainerStateMachine.java:takeSnapshot(295)) - group-73B3AA389F78: Finished taking a snapshot at:(t:5, i:6) file:/workdir/hadoop-ozone/integration-test/target/test-dir/MiniOzoneClusterImpl-766b94ba-5e71-4562-b587-e70c6ca727c3/datanode-6/data/ratis/7a1e7bbb-41dd-4099-96f2-73b3aa389f78/sm/snapshot.5_6 time:41
2019-09-05 18:04:58,952 [StateMachineUpdater:6bd215d6-7e22-4e7d-80a7-71057b8599e7:group-73B3AA389F78] INFO  impl.StateMachineUpdater (StateMachineUpdater.java:takeSnapshot(242)) - StateMachineUpdater:6bd215d6-7e22-4e7d-80a7-71057b8599e7:group-73B3AA389F78: Took a snapshot at index 6
2019-09-05 18:04:58,952 [StateMachineUpdater:6bd215d6-7e22-4e7d-80a7-71057b8599e7:group-73B3AA389F78] INFO  impl.StateMachineUpdater (StateMachineUpdater.java:lambda$new$0(80)) - StateMachineUpdater:6bd215d6-7e22-4e7d-80a7-71057b8599e7:group-73B3AA389F78: snapshotIndex: updateIncreasingly -1 -> 6
2019-09-05 18:04:58,959 [main] INFO  impl.RaftServerImpl (ServerState.java:close(394)) - 6bd215d6-7e22-4e7d-80a7-71057b8599e7:group-73B3AA389F78 closes. The last applied log index is 8
2019-09-05 18:04:58,960 [6bd215d6-7e22-4e7d-80a7-71057b8599e7-SegmentedRaftLogWorker:Storage Directory /workdir/hadoop-ozone/integration-test/target/test-dir/MiniOzoneClusterImpl-766b94ba-5e71-4562-b587-e70c6ca727c3/datanode-6/data/ratis/7a1e7bbb-41dd-4099-96f2-73b3aa389f78] INFO  segmented.SegmentedRaftLogWorker (SegmentedRaftLogWorker.java:run(313)) - 6bd215d6-7e22-4e7d-80a7-71057b8599e7-SegmentedRaftLogWorker:Storage Directory /workdir/hadoop-ozone/integration-test/target/test-dir/MiniOzoneClusterImpl-766b94ba-5e71-4562-b587-e70c6ca727c3/datanode-6/data/ratis/7a1e7bbb-41dd-4099-96f2-73b3aa389f78 was interrupted, exiting. There are 0 tasks remaining in the queue.
2019-09-05 18:04:58,963 [main] INFO  segmented.SegmentedRaftLogWorker (SegmentedRaftLogWorker.java:close(228)) - 6bd215d6-7e22-4e7d-80a7-71057b8599e7-SegmentedRaftLogWorker:Storage Directory /workdir/hadoop-ozone/integration-test/target/test-dir/MiniOzoneClusterImpl-766b94ba-5e71-4562-b587-e70c6ca727c3/datanode-6/data/ratis/7a1e7bbb-41dd-4099-96f2-73b3aa389f78 close()
2019-09-05 18:04:58,968 [main] INFO  server.GrpcService (GrpcService.java:closeImpl(155)) - 6bd215d6-7e22-4e7d-80a7-71057b8599e7: shutdown server with port 37016 now
2019-09-05 18:04:58,972 [main] INFO  server.GrpcService (GrpcService.java:closeImpl(163)) - 6bd215d6-7e22-4e7d-80a7-71057b8599e7: shutdown server with port 37016 successfully
2019-09-05 18:04:58,973 [grpc-default-executor-3] WARN  server.GrpcServerProtocolService (LogUtils.java:warn(134)) - 6bd215d6-7e22-4e7d-80a7-71057b8599e7: appendEntries onError: org.apache.ratis.thirdparty.io.grpc.StatusRuntimeException: CANCELLED: cancelled before receiving half close
2019-09-05 18:04:58,975 [grpc-default-executor-2] WARN  server.GrpcLogAppender (LogUtils.java:warn(134)) - 2a5c49c1-f96d-44e3-95f8-090a95903c3f->6bd215d6-7e22-4e7d-80a7-71057b8599e7: Failed appendEntries: org.apache.ratis.thirdparty.io.grpc.StatusRuntimeException: CANCELLED: HTTP/2 error code: CANCEL
Received Rst Stream
2019-09-05 18:04:58,975 [refreshUsed-/workdir/hadoop-ozone/integration-test/target/test-dir/MiniOzoneClusterImpl-766b94ba-5e71-4562-b587-e70c6ca727c3/datanode-6/data/containers] WARN  fs.CachingGetSpaceUsed (CachingGetSpaceUsed.java:run(183)) - Thread Interrupted waiting to refresh disk information: sleep interrupted
2019-09-05 18:04:58,976 [grpc-default-executor-2] INFO  impl.FollowerInfo (FollowerInfo.java:lambda$new$0(50)) - 2a5c49c1-f96d-44e3-95f8-090a95903c3f->6bd215d6-7e22-4e7d-80a7-71057b8599e7: nextIndex: updateUnconditionally 9 -> 8
2019-09-05 18:04:59,002 [main] INFO  utils.BackgroundService (BackgroundService.java:shutdown(148)) - Shutting down service BlockDeletingService
2019-09-05 18:04:59,009 [main] INFO  statemachine.DatanodeStateMachine (DatanodeStateMachine.java:stopDaemon(395)) - Ozone container server stopped.
2019-09-05 18:04:59,015 [main] INFO  handler.ContextHandler (ContextHandler.java:doStop(910)) - Stopped o.e.j.w.WebAppContext@1f9f381d{/,null,UNAVAILABLE}{/hddsDatanode}
2019-09-05 18:04:59,022 [main] INFO  server.AbstractConnector (AbstractConnector.java:doStop(318)) - Stopped ServerConnector@34780cd9{HTTP/1.1,[http/1.1]}{0.0.0.0:0}
2019-09-05 18:04:59,022 [main] INFO  handler.ContextHandler (ContextHandler.java:doStop(910)) - Stopped o.e.j.s.ServletContextHandler@64d4f7c7{/static,jar:file:/home/user/.m2/repository/org/apache/hadoop/hadoop-hdds-container-service/0.5.0-SNAPSHOT/hadoop-hdds-container-service-0.5.0-SNAPSHOT.jar!/webapps/static,UNAVAILABLE}
2019-09-05 18:04:59,023 [main] INFO  handler.ContextHandler (ContextHandler.java:doStop(910)) - Stopped o.e.j.s.ServletContextHandler@268cbb86{/logs,file:///workdir/hadoop-ozone/integration-test/target/log,UNAVAILABLE}
2019-09-05 18:04:59,721 [Datanode State Machine Thread - 0] INFO  statemachine.DatanodeStateMachine (DatanodeStateMachine.java:lambda$startDaemon$0(350)) - Ozone container server started.
2019-09-05 18:05:01,347 [grpc-default-executor-2] WARN  server.GrpcLogAppender (LogUtils.java:warn(134)) - 2a5c49c1-f96d-44e3-95f8-090a95903c3f->6bd215d6-7e22-4e7d-80a7-71057b8599e7: Failed appendEntries: org.apache.ratis.thirdparty.io.grpc.StatusRuntimeException: UNAVAILABLE: io exception
2019-09-05 18:05:01,351 [grpc-default-executor-2] INFO  impl.FollowerInfo (FollowerInfo.java:lambda$new$0(50)) - 2a5c49c1-f96d-44e3-95f8-090a95903c3f->6bd215d6-7e22-4e7d-80a7-71057b8599e7: nextIndex: updateUnconditionally 8 -> 7
2019-09-05 18:05:01,781 [EventQueue-StaleNodeForStaleNodeHandler] INFO  node.StaleNodeHandler (StaleNodeHandler.java:onMessage(58)) - Datanode 2a5c49c1-f96d-44e3-95f8-090a95903c3f{ip: 192.168.157.242, host: pr-hdds-2007-np5jl-579499515, networkLocation: /default-rack, certSerialId: null} moved to stale state. Finalizing its pipelines [PipelineID=7a1e7bbb-41dd-4099-96f2-73b3aa389f78, PipelineID=ed6d5980-e99b-4d5d-8d94-9837d8f83ce6]
2019-09-05 18:05:01,781 [EventQueue-StaleNodeForStaleNodeHandler] INFO  pipeline.SCMPipelineManager (SCMPipelineManager.java:finalizeAndDestroyPipeline(311)) - destroying pipeline:Pipeline[ Id: 7a1e7bbb-41dd-4099-96f2-73b3aa389f78, Nodes: 6bd215d6-7e22-4e7d-80a7-71057b8599e7{ip: 192.168.157.242, host: pr-hdds-2007-np5jl-579499515, networkLocation: /default-rack, certSerialId: null}2a5c49c1-f96d-44e3-95f8-090a95903c3f{ip: 192.168.157.242, host: pr-hdds-2007-np5jl-579499515, networkLocation: /default-rack, certSerialId: null}4565607b-6db6-4015-bfdd-bcd9e0243822{ip: 192.168.157.242, host: pr-hdds-2007-np5jl-579499515, networkLocation: /default-rack, certSerialId: null}, Type:RATIS, Factor:THREE, State:CLOSED]
2019-09-05 18:05:01,781 [EventQueue-StaleNodeForStaleNodeHandler] INFO  pipeline.SCMPipelineManager (SCMPipelineManager.java:finalizeAndDestroyPipeline(311)) - destroying pipeline:Pipeline[ Id: ed6d5980-e99b-4d5d-8d94-9837d8f83ce6, Nodes: 2a5c49c1-f96d-44e3-95f8-090a95903c3f{ip: 192.168.157.242, host: pr-hdds-2007-np5jl-579499515, networkLocation: /default-rack, certSerialId: null}, Type:RATIS, Factor:ONE, State:OPEN]
2019-09-05 18:05:01,782 [EventQueue-StaleNodeForStaleNodeHandler] INFO  pipeline.PipelineStateManager (PipelineStateManager.java:finalizePipeline(123)) - Pipeline Pipeline[ Id: ed6d5980-e99b-4d5d-8d94-9837d8f83ce6, Nodes: 2a5c49c1-f96d-44e3-95f8-090a95903c3f{ip: 192.168.157.242, host: pr-hdds-2007-np5jl-579499515, networkLocation: /default-rack, certSerialId: null}, Type:RATIS, Factor:ONE, State:CLOSED] moved to CLOSED state
2019-09-05 18:05:03,837 [grpc-default-executor-0] WARN  server.GrpcLogAppender (LogUtils.java:warn(134)) - 2a5c49c1-f96d-44e3-95f8-090a95903c3f->6bd215d6-7e22-4e7d-80a7-71057b8599e7: Failed appendEntries: org.apache.ratis.thirdparty.io.grpc.StatusRuntimeException: UNAVAILABLE: io exception
2019-09-05 18:05:03,842 [grpc-default-executor-0] INFO  impl.FollowerInfo (FollowerInfo.java:lambda$new$0(50)) - 2a5c49c1-f96d-44e3-95f8-090a95903c3f->6bd215d6-7e22-4e7d-80a7-71057b8599e7: nextIndex: updateUnconditionally 7 -> 6
2019-09-05 18:05:04,026 [main] INFO  ozoneimpl.OzoneContainer (OzoneContainer.java:stop(215)) - Attempting to stop container services.
2019-09-05 18:05:04,027 [main] INFO  impl.RaftServerProxy (RaftServerProxy.java:lambda$close$4(314)) - 2a5c49c1-f96d-44e3-95f8-090a95903c3f: close
2019-09-05 18:05:04,027 [main] INFO  impl.RaftServerImpl (RaftServerImpl.java:lambda$shutdown$3(245)) - 2a5c49c1-f96d-44e3-95f8-090a95903c3f: shutdown group-73B3AA389F78
2019-09-05 18:05:04,028 [main] INFO  util.JmxRegister (JmxRegister.java:unregister(73)) - Successfully un-registered JMX Bean with object name Ratis:service=RaftServer,group=group-73B3AA389F78,id=2a5c49c1-f96d-44e3-95f8-090a95903c3f
2019-09-05 18:05:04,028 [main] INFO  impl.RoleInfo (RoleInfo.java:shutdownLeaderState(104)) - 2a5c49c1-f96d-44e3-95f8-090a95903c3f: shutdown LeaderState
2019-09-05 18:05:04,034 [main] INFO  impl.PendingRequests (PendingRequests.java:sendNotLeaderResponses(202)) - 2a5c49c1-f96d-44e3-95f8-090a95903c3f-PendingRequests: sendNotLeaderResponses
2019-09-05 18:05:04,034 [org.apache.ratis.server.impl.LogAppender$AppenderDaemon$$Lambda$498/758968745@35887ba1] WARN  server.GrpcLogAppender (GrpcLogAppender.java:mayWait(143)) - GrpcLogAppender(2a5c49c1-f96d-44e3-95f8-090a95903c3f->4565607b-6db6-4015-bfdd-bcd9e0243822): Wait interrupted by java.lang.InterruptedException
2019-09-05 18:05:04,034 [org.apache.ratis.server.impl.LogAppender$AppenderDaemon$$Lambda$498/758968745@708ae374] WARN  server.GrpcLogAppender (GrpcLogAppender.java:mayWait(143)) - GrpcLogAppender(2a5c49c1-f96d-44e3-95f8-090a95903c3f->6bd215d6-7e22-4e7d-80a7-71057b8599e7): Wait interrupted by java.lang.InterruptedException
2019-09-05 18:05:04,038 [grpc-default-executor-3] INFO  server.GrpcServerProtocolService (GrpcServerProtocolService.java:onCompleted(104)) - 4565607b-6db6-4015-bfdd-bcd9e0243822: appendEntries completed
2019-09-05 18:05:04,040 [grpc-default-executor-3] INFO  server.GrpcLogAppender (GrpcLogAppender.java:onCompleted(292)) - 2a5c49c1-f96d-44e3-95f8-090a95903c3f->4565607b-6db6-4015-bfdd-bcd9e0243822: follower responses appendEntries COMPLETED
2019-09-05 18:05:04,041 [grpc-default-executor-3] INFO  impl.FollowerInfo (FollowerInfo.java:lambda$new$0(50)) - 2a5c49c1-f96d-44e3-95f8-090a95903c3f->4565607b-6db6-4015-bfdd-bcd9e0243822: nextIndex: updateUnconditionally 9 -> 8
2019-09-05 18:05:04,046 [main] INFO  impl.StateMachineUpdater (StateMachineUpdater.java:stopAndJoin(115)) - StateMachineUpdater:2a5c49c1-f96d-44e3-95f8-090a95903c3f:group-73B3AA389F78: set stopIndex = 8
2019-09-05 18:05:04,046 [StateMachineUpdater:2a5c49c1-f96d-44e3-95f8-090a95903c3f:group-73B3AA389F78] INFO  ratis.ContainerStateMachine (ContainerStateMachine.java:takeSnapshot(284)) - group-73B3AA389F78: Taking a snapshot at:(t:5, i:8) file /workdir/hadoop-ozone/integration-test/target/test-dir/MiniOzoneClusterImpl-766b94ba-5e71-4562-b587-e70c6ca727c3/datanode-0/data/ratis/7a1e7bbb-41dd-4099-96f2-73b3aa389f78/sm/snapshot.5_8
2019-09-05 18:05:04,060 [StateMachineUpdater:2a5c49c1-f96d-44e3-95f8-090a95903c3f:group-73B3AA389F78] INFO  ratis.ContainerStateMachine (ContainerStateMachine.java:takeSnapshot(295)) - group-73B3AA389F78: Finished taking a snapshot at:(t:5, i:8) file:/workdir/hadoop-ozone/integration-test/target/test-dir/MiniOzoneClusterImpl-766b94ba-5e71-4562-b587-e70c6ca727c3/datanode-0/data/ratis/7a1e7bbb-41dd-4099-96f2-73b3aa389f78/sm/snapshot.5_8 time:14
2019-09-05 18:05:04,060 [StateMachineUpdater:2a5c49c1-f96d-44e3-95f8-090a95903c3f:group-73B3AA389F78] INFO  impl.StateMachineUpdater (StateMachineUpdater.java:takeSnapshot(242)) - StateMachineUpdater:2a5c49c1-f96d-44e3-95f8-090a95903c3f:group-73B3AA389F78: Took a snapshot at index 8
2019-09-05 18:05:04,060 [StateMachineUpdater:2a5c49c1-f96d-44e3-95f8-090a95903c3f:group-73B3AA389F78] INFO  impl.StateMachineUpdater (StateMachineUpdater.java:lambda$new$0(80)) - StateMachineUpdater:2a5c49c1-f96d-44e3-95f8-090a95903c3f:group-73B3AA389F78: snapshotIndex: updateIncreasingly -1 -> 8
2019-09-05 18:05:04,061 [main] INFO  impl.RaftServerImpl (ServerState.java:close(394)) - 2a5c49c1-f96d-44e3-95f8-090a95903c3f:group-73B3AA389F78 closes. The last applied log index is 8
2019-09-05 18:05:04,061 [2a5c49c1-f96d-44e3-95f8-090a95903c3f-SegmentedRaftLogWorker:Storage Directory /workdir/hadoop-ozone/integration-test/target/test-dir/MiniOzoneClusterImpl-766b94ba-5e71-4562-b587-e70c6ca727c3/datanode-0/data/ratis/7a1e7bbb-41dd-4099-96f2-73b3aa389f78] INFO  segmented.SegmentedRaftLogWorker (SegmentedRaftLogWorker.java:run(313)) - 2a5c49c1-f96d-44e3-95f8-090a95903c3f-SegmentedRaftLogWorker:Storage Directory /workdir/hadoop-ozone/integration-test/target/test-dir/MiniOzoneClusterImpl-766b94ba-5e71-4562-b587-e70c6ca727c3/datanode-0/data/ratis/7a1e7bbb-41dd-4099-96f2-73b3aa389f78 was interrupted, exiting. There are 0 tasks remaining in the queue.
2019-09-05 18:05:04,064 [main] INFO  segmented.SegmentedRaftLogWorker (SegmentedRaftLogWorker.java:close(228)) - 2a5c49c1-f96d-44e3-95f8-090a95903c3f-SegmentedRaftLogWorker:Storage Directory /workdir/hadoop-ozone/integration-test/target/test-dir/MiniOzoneClusterImpl-766b94ba-5e71-4562-b587-e70c6ca727c3/datanode-0/data/ratis/7a1e7bbb-41dd-4099-96f2-73b3aa389f78 close()
2019-09-05 18:05:04,068 [main] INFO  impl.RaftServerImpl (RaftServerImpl.java:lambda$shutdown$3(245)) - 2a5c49c1-f96d-44e3-95f8-090a95903c3f: shutdown group-9837D8F83CE6
2019-09-05 18:05:04,069 [main] INFO  util.JmxRegister (JmxRegister.java:unregister(73)) - Successfully un-registered JMX Bean with object name Ratis:service=RaftServer,group=group-9837D8F83CE6,id=2a5c49c1-f96d-44e3-95f8-090a95903c3f
2019-09-05 18:05:04,069 [main] INFO  impl.RoleInfo (RoleInfo.java:shutdownLeaderState(104)) - 2a5c49c1-f96d-44e3-95f8-090a95903c3f: shutdown LeaderState
2019-09-05 18:05:04,069 [main] INFO  impl.PendingRequests (PendingRequests.java:sendNotLeaderResponses(202)) - 2a5c49c1-f96d-44e3-95f8-090a95903c3f-PendingRequests: sendNotLeaderResponses
2019-09-05 18:05:04,070 [main] INFO  impl.StateMachineUpdater (StateMachineUpdater.java:stopAndJoin(115)) - StateMachineUpdater:2a5c49c1-f96d-44e3-95f8-090a95903c3f:group-9837D8F83CE6: set stopIndex = 0
2019-09-05 18:05:04,070 [main] INFO  impl.RaftServerImpl (ServerState.java:close(394)) - 2a5c49c1-f96d-44e3-95f8-090a95903c3f:group-9837D8F83CE6 closes. The last applied log index is 0
2019-09-05 18:05:04,071 [2a5c49c1-f96d-44e3-95f8-090a95903c3f-SegmentedRaftLogWorker:Storage Directory /workdir/hadoop-ozone/integration-test/target/test-dir/MiniOzoneClusterImpl-766b94ba-5e71-4562-b587-e70c6ca727c3/datanode-0/data/ratis/ed6d5980-e99b-4d5d-8d94-9837d8f83ce6] INFO  segmented.SegmentedRaftLogWorker (SegmentedRaftLogWorker.java:run(313)) - 2a5c49c1-f96d-44e3-95f8-090a95903c3f-SegmentedRaftLogWorker:Storage Directory /workdir/hadoop-ozone/integration-test/target/test-dir/MiniOzoneClusterImpl-766b94ba-5e71-4562-b587-e70c6ca727c3/datanode-0/data/ratis/ed6d5980-e99b-4d5d-8d94-9837d8f83ce6 was interrupted, exiting. There are 0 tasks remaining in the queue.
2019-09-05 18:05:04,073 [main] INFO  segmented.SegmentedRaftLogWorker (SegmentedRaftLogWorker.java:close(228)) - 2a5c49c1-f96d-44e3-95f8-090a95903c3f-SegmentedRaftLogWorker:Storage Directory /workdir/hadoop-ozone/integration-test/target/test-dir/MiniOzoneClusterImpl-766b94ba-5e71-4562-b587-e70c6ca727c3/datanode-0/data/ratis/ed6d5980-e99b-4d5d-8d94-9837d8f83ce6 close()
2019-09-05 18:05:04,077 [main] INFO  server.GrpcService (GrpcService.java:closeImpl(155)) - 2a5c49c1-f96d-44e3-95f8-090a95903c3f: shutdown server with port 43382 now
2019-09-05 18:05:04,078 [main] INFO  server.GrpcService (GrpcService.java:closeImpl(163)) - 2a5c49c1-f96d-44e3-95f8-090a95903c3f: shutdown server with port 43382 successfully
2019-09-05 18:05:04,082 [refreshUsed-/workdir/hadoop-ozone/integration-test/target/test-dir/MiniOzoneClusterImpl-766b94ba-5e71-4562-b587-e70c6ca727c3/datanode-0/data/containers] WARN  fs.CachingGetSpaceUsed (CachingGetSpaceUsed.java:run(183)) - Thread Interrupted waiting to refresh disk information: sleep interrupted
2019-09-05 18:05:04,104 [main] INFO  utils.BackgroundService (BackgroundService.java:shutdown(148)) - Shutting down service BlockDeletingService
2019-09-05 18:05:04,110 [main] INFO  statemachine.DatanodeStateMachine (DatanodeStateMachine.java:stopDaemon(395)) - Ozone container server stopped.
2019-09-05 18:05:04,111 [main] INFO  handler.ContextHandler (ContextHandler.java:doStop(910)) - Stopped o.e.j.w.WebAppContext@433348bc{/,null,UNAVAILABLE}{/hddsDatanode}
2019-09-05 18:05:04,112 [main] INFO  server.AbstractConnector (AbstractConnector.java:doStop(318)) - Stopped ServerConnector@6d1dcdff{HTTP/1.1,[http/1.1]}{0.0.0.0:0}
2019-09-05 18:05:04,113 [main] INFO  handler.ContextHandler (ContextHandler.java:doStop(910)) - Stopped o.e.j.s.ServletContextHandler@76563d26{/static,jar:file:/home/user/.m2/repository/org/apache/hadoop/hadoop-hdds-container-service/0.5.0-SNAPSHOT/hadoop-hdds-container-service-0.5.0-SNAPSHOT.jar!/webapps/static,UNAVAILABLE}
2019-09-05 18:05:04,113 [main] INFO  handler.ContextHandler (ContextHandler.java:doStop(910)) - Stopped o.e.j.s.ServletContextHandler@658255aa{/logs,file:///workdir/hadoop-ozone/integration-test/target/log,UNAVAILABLE}
]]></system-out>
  </testcase>
</testsuite>