<?xml version="1.0" encoding="UTF-8"?>
<testsuite xmlns:xsi="http://www.w3.org/2001/XMLSchema-instance" xsi:noNamespaceSchemaLocation="https://maven.apache.org/surefire/maven-surefire-plugin/xsd/surefire-test-report.xsd" name="org.apache.hadoop.ozone.client.rpc.TestOzoneClientRetriesOnException" time="103.93" tests="2" errors="1" skipped="0" failures="0">
  <properties>
    <property name="awt.toolkit" value="sun.awt.X11.XToolkit"/>
    <property name="file.encoding.pkg" value="sun.io"/>
    <property name="java.specification.version" value="1.8"/>
    <property name="sun.cpu.isalist" value=""/>
    <property name="sun.jnu.encoding" value="UTF-8"/>
    <property name="java.class.path" value="/workdir/hadoop-ozone/integration-test/target/test-classes:/workdir/hadoop-ozone/integration-test/target/classes:/home/user/.m2/repository/org/apache/hadoop/hadoop-ozone-common/0.5.0-SNAPSHOT/hadoop-ozone-common-0.5.0-SNAPSHOT.jar:/home/user/.m2/repository/org/apache/commons/commons-compress/1.4.1/commons-compress-1.4.1.jar:/home/user/.m2/repository/org/tukaani/xz/1.0/xz-1.0.jar:/home/user/.m2/repository/org/apache/hadoop/hadoop-common/3.2.0/hadoop-common-3.2.0.jar:/home/user/.m2/repository/org/apache/hadoop/hadoop-hdfs/3.2.0/hadoop-hdfs-3.2.0.jar:/home/user/.m2/repository/org/apache/hadoop/hadoop-hdfs-client/3.2.0/hadoop-hdfs-client-3.2.0.jar:/home/user/.m2/repository/com/fasterxml/jackson/core/jackson-annotations/2.9.5/jackson-annotations-2.9.5.jar:/home/user/.m2/repository/org/apache/hadoop/hadoop-hdds-common/0.5.0-SNAPSHOT/hadoop-hdds-common-0.5.0-SNAPSHOT.jar:/home/user/.m2/repository/javax/annotation/javax.annotation-api/1.2/javax.annotation-api-1.2.jar:/home/user/.m2/repository/org/apache/ratis/ratis-server/0.4.0-2337318-SNAPSHOT/ratis-server-0.4.0-2337318-SNAPSHOT.jar:/home/user/.m2/repository/org/apache/ratis/ratis-thirdparty-misc/0.2.0/ratis-thirdparty-misc-0.2.0.jar:/home/user/.m2/repository/org/apache/ratis/ratis-proto/0.4.0-2337318-SNAPSHOT/ratis-proto-0.4.0-2337318-SNAPSHOT.jar:/home/user/.m2/repository/org/apache/ratis/ratis-common/0.4.0-2337318-SNAPSHOT/ratis-common-0.4.0-2337318-SNAPSHOT.jar:/home/user/.m2/repository/org/apache/ratis/ratis-client/0.4.0-2337318-SNAPSHOT/ratis-client-0.4.0-2337318-SNAPSHOT.jar:/home/user/.m2/repository/org/apache/ratis/ratis-metrics/0.4.0-2337318-SNAPSHOT/ratis-metrics-0.4.0-2337318-SNAPSHOT.jar:/home/user/.m2/repository/org/apache/ratis/ratis-netty/0.4.0-2337318-SNAPSHOT/ratis-netty-0.4.0-2337318-SNAPSHOT.jar:/home/user/.m2/repository/org/apache/ratis/ratis-grpc/0.4.0-2337318-SNAPSHOT/ratis-grpc-0.4.0-2337318-SNAPSHOT.jar:/home/user/.m2/repository/org/rocksdb/rocksdbjni/6.0.1/rocksdbjni-6.0.1.jar:/home/user/.m2/repository/org/apache/logging/log4j/log4j-api/2.11.0/log4j-api-2.11.0.jar:/home/user/.m2/repository/org/apache/logging/log4j/log4j-core/2.11.0/log4j-core-2.11.0.jar:/home/user/.m2/repository/com/lmax/disruptor/3.4.2/disruptor-3.4.2.jar:/home/user/.m2/repository/org/apache/commons/commons-pool2/2.6.0/commons-pool2-2.6.0.jar:/home/user/.m2/repository/org/bouncycastle/bcpkix-jdk15on/1.60/bcpkix-jdk15on-1.60.jar:/home/user/.m2/repository/commons-validator/commons-validator/1.6/commons-validator-1.6.jar:/home/user/.m2/repository/commons-digester/commons-digester/1.8.1/commons-digester-1.8.1.jar:/home/user/.m2/repository/io/jaegertracing/jaeger-client/0.33.1/jaeger-client-0.33.1.jar:/home/user/.m2/repository/io/jaegertracing/jaeger-thrift/0.33.1/jaeger-thrift-0.33.1.jar:/home/user/.m2/repository/org/apache/thrift/libthrift/0.11.0/libthrift-0.11.0.jar:/home/user/.m2/repository/com/squareup/okhttp3/okhttp/3.9.0/okhttp-3.9.0.jar:/home/user/.m2/repository/com/squareup/okio/okio/1.13.0/okio-1.13.0.jar:/home/user/.m2/repository/io/jaegertracing/jaeger-core/0.33.1/jaeger-core-0.33.1.jar:/home/user/.m2/repository/io/jaegertracing/jaeger-tracerresolver/0.33.1/jaeger-tracerresolver-0.33.1.jar:/home/user/.m2/repository/io/opentracing/contrib/opentracing-tracerresolver/0.1.5/opentracing-tracerresolver-0.1.5.jar:/home/user/.m2/repository/io/opentracing/opentracing-util/0.31.0/opentracing-util-0.31.0.jar:/home/user/.m2/repository/io/opentracing/opentracing-api/0.31.0/opentracing-api-0.31.0.jar:/home/user/.m2/repository/io/opentracing/opentracing-noop/0.31.0/opentracing-noop-0.31.0.jar:/home/user/.m2/repository/org/apache/hadoop/hadoop-hdds-server-framework/0.5.0-SNAPSHOT/hadoop-hdds-server-framework-0.5.0-SNAPSHOT.jar:/home/user/.m2/repository/org/apache/hadoop/hadoop-hdds-container-service/0.5.0-SNAPSHOT/hadoop-hdds-container-service-0.5.0-SNAPSHOT.jar:/home/user/.m2/repository/org/apache/hadoop/hadoop-hdds-client/0.5.0-SNAPSHOT/hadoop-hdds-client-0.5.0-SNAPSHOT.jar:/home/user/.m2/repository/org/apache/hadoop/hadoop-hdds-tools/0.5.0-SNAPSHOT/hadoop-hdds-tools-0.5.0-SNAPSHOT.jar:/home/user/.m2/repository/org/apache/hadoop/hadoop-hdds-server-scm/0.5.0-SNAPSHOT/hadoop-hdds-server-scm-0.5.0-SNAPSHOT.jar:/home/user/.m2/repository/org/apache/hadoop/hadoop-hdds-docs/0.5.0-SNAPSHOT/hadoop-hdds-docs-0.5.0-SNAPSHOT.jar:/home/user/.m2/repository/io/dropwizard/metrics/metrics-core/3.2.4/metrics-core-3.2.4.jar:/home/user/.m2/repository/org/hamcrest/hamcrest-all/1.3/hamcrest-all-1.3.jar:/home/user/.m2/repository/org/bouncycastle/bcprov-jdk15on/1.60/bcprov-jdk15on-1.60.jar:/home/user/.m2/repository/info/picocli/picocli/3.9.6/picocli-3.9.6.jar:/home/user/.m2/repository/com/google/protobuf/protobuf-java/2.5.0/protobuf-java-2.5.0.jar:/home/user/.m2/repository/com/google/guava/guava/11.0.2/guava-11.0.2.jar:/home/user/.m2/repository/org/apache/hadoop/hadoop-ozone-ozone-manager/0.5.0-SNAPSHOT/hadoop-ozone-ozone-manager-0.5.0-SNAPSHOT.jar:/home/user/.m2/repository/org/apache/hadoop/hadoop-minikdc/3.2.0/hadoop-minikdc-3.2.0.jar:/home/user/.m2/repository/commons-io/commons-io/2.5/commons-io-2.5.jar:/home/user/.m2/repository/org/apache/kerby/kerb-simplekdc/1.0.1/kerb-simplekdc-1.0.1.jar:/home/user/.m2/repository/org/apache/kerby/kerb-client/1.0.1/kerb-client-1.0.1.jar:/home/user/.m2/repository/org/apache/kerby/kerby-config/1.0.1/kerby-config-1.0.1.jar:/home/user/.m2/repository/org/apache/kerby/kerb-core/1.0.1/kerb-core-1.0.1.jar:/home/user/.m2/repository/org/apache/kerby/kerby-pkix/1.0.1/kerby-pkix-1.0.1.jar:/home/user/.m2/repository/org/apache/kerby/kerby-asn1/1.0.1/kerby-asn1-1.0.1.jar:/home/user/.m2/repository/org/apache/kerby/kerby-util/1.0.1/kerby-util-1.0.1.jar:/home/user/.m2/repository/org/apache/kerby/kerb-common/1.0.1/kerb-common-1.0.1.jar:/home/user/.m2/repository/org/apache/kerby/kerb-crypto/1.0.1/kerb-crypto-1.0.1.jar:/home/user/.m2/repository/org/apache/kerby/kerb-util/1.0.1/kerb-util-1.0.1.jar:/home/user/.m2/repository/org/apache/kerby/token-provider/1.0.1/token-provider-1.0.1.jar:/home/user/.m2/repository/org/apache/kerby/kerb-admin/1.0.1/kerb-admin-1.0.1.jar:/home/user/.m2/repository/org/apache/kerby/kerb-server/1.0.1/kerb-server-1.0.1.jar:/home/user/.m2/repository/org/apache/kerby/kerb-identity/1.0.1/kerb-identity-1.0.1.jar:/home/user/.m2/repository/org/apache/kerby/kerby-xdr/1.0.1/kerby-xdr-1.0.1.jar:/home/user/.m2/repository/org/slf4j/slf4j-log4j12/1.7.25/slf4j-log4j12-1.7.25.jar:/home/user/.m2/repository/org/apache/hadoop/hadoop-ozone-objectstore-service/0.5.0-SNAPSHOT/hadoop-ozone-objectstore-service-0.5.0-SNAPSHOT.jar:/home/user/.m2/repository/org/apache/hadoop/hadoop-ozone-s3gateway/0.5.0-SNAPSHOT/hadoop-ozone-s3gateway-0.5.0-SNAPSHOT.jar:/home/user/.m2/repository/org/jboss/weld/servlet/weld-servlet/2.4.7.Final/weld-servlet-2.4.7.Final.jar:/home/user/.m2/repository/org/glassfish/jersey/containers/jersey-container-servlet-core/2.27/jersey-container-servlet-core-2.27.jar:/home/user/.m2/repository/org/glassfish/hk2/external/javax.inject/2.5.0-b42/javax.inject-2.5.0-b42.jar:/home/user/.m2/repository/org/glassfish/jersey/core/jersey-common/2.27/jersey-common-2.27.jar:/home/user/.m2/repository/org/glassfish/hk2/osgi-resource-locator/1.0.1/osgi-resource-locator-1.0.1.jar:/home/user/.m2/repository/javax/ws/rs/javax.ws.rs-api/2.1/javax.ws.rs-api-2.1.jar:/home/user/.m2/repository/org/glassfish/jersey/ext/cdi/jersey-cdi1x/2.27/jersey-cdi1x-2.27.jar:/home/user/.m2/repository/org/glassfish/jersey/inject/jersey-hk2/2.27/jersey-hk2-2.27.jar:/home/user/.m2/repository/org/glassfish/hk2/hk2-locator/2.5.0-b42/hk2-locator-2.5.0-b42.jar:/home/user/.m2/repository/org/javassist/javassist/3.22.0-CR2/javassist-3.22.0-CR2.jar:/home/user/.m2/repository/org/glassfish/hk2/hk2-api/2.5.0/hk2-api-2.5.0.jar:/home/user/.m2/repository/org/glassfish/hk2/external/jakarta.inject/2.5.0/jakarta.inject-2.5.0.jar:/home/user/.m2/repository/org/glassfish/hk2/hk2-utils/2.5.0/hk2-utils-2.5.0.jar:/home/user/.m2/repository/jakarta/annotation/jakarta.annotation-api/1.3.4/jakarta.annotation-api-1.3.4.jar:/home/user/.m2/repository/org/glassfish/hk2/external/aopalliance-repackaged/2.5.0/aopalliance-repackaged-2.5.0.jar:/home/user/.m2/repository/com/fasterxml/jackson/dataformat/jackson-dataformat-xml/2.9.0/jackson-dataformat-xml-2.9.0.jar:/home/user/.m2/repository/com/fasterxml/jackson/core/jackson-core/2.9.5/jackson-core-2.9.5.jar:/home/user/.m2/repository/com/fasterxml/jackson/module/jackson-module-jaxb-annotations/2.9.5/jackson-module-jaxb-annotations-2.9.5.jar:/home/user/.m2/repository/javax/enterprise/cdi-api/1.2/cdi-api-1.2.jar:/home/user/.m2/repository/javax/el/javax.el-api/3.0.0/javax.el-api-3.0.0.jar:/home/user/.m2/repository/javax/interceptor/javax.interceptor-api/1.2/javax.interceptor-api-1.2.jar:/home/user/.m2/repository/javax/inject/javax.inject/1/javax.inject-1.jar:/home/user/.m2/repository/com/sun/xml/bind/jaxb-impl/2.3.0.1/jaxb-impl-2.3.0.1.jar:/home/user/.m2/repository/com/sun/xml/bind/jaxb-core/2.3.0.1/jaxb-core-2.3.0.1.jar:/home/user/.m2/repository/javax/xml/bind/jaxb-api/2.3.0/jaxb-api-2.3.0.jar:/home/user/.m2/repository/javax/activation/activation/1.1.1/activation-1.1.1.jar:/home/user/.m2/repository/org/apache/hadoop/hadoop-ozone-csi/0.5.0-SNAPSHOT/hadoop-ozone-csi-0.5.0-SNAPSHOT.jar:/home/user/.m2/repository/com/google/protobuf/protobuf-java-util/3.5.1/protobuf-java-util-3.5.1.jar:/home/user/.m2/repository/org/apache/hadoop/hadoop-hdds-config/0.5.0-SNAPSHOT/hadoop-hdds-config-0.5.0-SNAPSHOT.jar:/home/user/.m2/repository/io/grpc/grpc-netty/1.17.1/grpc-netty-1.17.1.jar:/home/user/.m2/repository/io/grpc/grpc-core/1.17.1/grpc-core-1.17.1.jar:/home/user/.m2/repository/io/grpc/grpc-context/1.17.1/grpc-context-1.17.1.jar:/home/user/.m2/repository/com/google/errorprone/error_prone_annotations/2.2.0/error_prone_annotations-2.2.0.jar:/home/user/.m2/repository/org/codehaus/mojo/animal-sniffer-annotations/1.17/animal-sniffer-annotations-1.17.jar:/home/user/.m2/repository/io/opencensus/opencensus-api/0.17.0/opencensus-api-0.17.0.jar:/home/user/.m2/repository/io/opencensus/opencensus-contrib-grpc-metrics/0.17.0/opencensus-contrib-grpc-metrics-0.17.0.jar:/home/user/.m2/repository/io/netty/netty-codec-http2/4.1.30.Final/netty-codec-http2-4.1.30.Final.jar:/home/user/.m2/repository/io/netty/netty-codec-http/4.1.30.Final/netty-codec-http-4.1.30.Final.jar:/home/user/.m2/repository/io/netty/netty-codec/4.1.30.Final/netty-codec-4.1.30.Final.jar:/home/user/.m2/repository/io/netty/netty-handler/4.1.30.Final/netty-handler-4.1.30.Final.jar:/home/user/.m2/repository/io/netty/netty-handler-proxy/4.1.30.Final/netty-handler-proxy-4.1.30.Final.jar:/home/user/.m2/repository/io/netty/netty-codec-socks/4.1.30.Final/netty-codec-socks-4.1.30.Final.jar:/home/user/.m2/repository/io/netty/netty-transport-native-epoll/4.1.30.Final/netty-transport-native-epoll-4.1.30.Final.jar:/home/user/.m2/repository/io/netty/netty-common/4.1.30.Final/netty-common-4.1.30.Final.jar:/home/user/.m2/repository/io/netty/netty-buffer/4.1.30.Final/netty-buffer-4.1.30.Final.jar:/home/user/.m2/repository/io/netty/netty-transport/4.1.30.Final/netty-transport-4.1.30.Final.jar:/home/user/.m2/repository/io/netty/netty-resolver/4.1.30.Final/netty-resolver-4.1.30.Final.jar:/home/user/.m2/repository/io/netty/netty-transport-native-unix-common/4.1.30.Final/netty-transport-native-unix-common-4.1.30.Final.jar:/home/user/.m2/repository/io/grpc/grpc-protobuf/1.17.1/grpc-protobuf-1.17.1.jar:/home/user/.m2/repository/com/google/api/grpc/proto-google-common-protos/1.0.0/proto-google-common-protos-1.0.0.jar:/home/user/.m2/repository/io/grpc/grpc-protobuf-lite/1.17.1/grpc-protobuf-lite-1.17.1.jar:/home/user/.m2/repository/io/grpc/grpc-stub/1.17.1/grpc-stub-1.17.1.jar:/home/user/.m2/repository/org/apache/hadoop/hadoop-ozone-recon/0.5.0-SNAPSHOT/hadoop-ozone-recon-0.5.0-SNAPSHOT.jar:/home/user/.m2/repository/org/apache/hadoop/hadoop-ozone-reconcodegen/0.5.0-SNAPSHOT/hadoop-ozone-reconcodegen-0.5.0-SNAPSHOT.jar:/home/user/.m2/repository/com/google/inject/extensions/guice-multibindings/4.0/guice-multibindings-4.0.jar:/home/user/.m2/repository/com/google/inject/guice/4.0/guice-4.0.jar:/home/user/.m2/repository/aopalliance/aopalliance/1.0/aopalliance-1.0.jar:/home/user/.m2/repository/com/google/inject/extensions/guice-servlet/4.0/guice-servlet-4.0.jar:/home/user/.m2/repository/org/glassfish/jersey/containers/jersey-container-servlet/2.27/jersey-container-servlet-2.27.jar:/home/user/.m2/repository/org/glassfish/hk2/guice-bridge/2.5.0/guice-bridge-2.5.0.jar:/home/user/.m2/repository/org/glassfish/jersey/core/jersey-server/2.27/jersey-server-2.27.jar:/home/user/.m2/repository/org/glassfish/jersey/core/jersey-client/2.27/jersey-client-2.27.jar:/home/user/.m2/repository/org/glassfish/jersey/media/jersey-media-jaxb/2.27/jersey-media-jaxb-2.27.jar:/home/user/.m2/repository/javax/validation/validation-api/1.1.0.Final/validation-api-1.1.0.Final.jar:/home/user/.m2/repository/org/glassfish/jersey/media/jersey-media-json-jackson/2.27/jersey-media-json-jackson-2.27.jar:/home/user/.m2/repository/org/glassfish/jersey/ext/jersey-entity-filtering/2.27/jersey-entity-filtering-2.27.jar:/home/user/.m2/repository/com/google/inject/extensions/guice-assistedinject/4.0/guice-assistedinject-4.0.jar:/home/user/.m2/repository/org/jooq/jooq/3.11.10/jooq-3.11.10.jar:/home/user/.m2/repository/org/jooq/jooq-meta/3.11.10/jooq-meta-3.11.10.jar:/home/user/.m2/repository/org/jooq/jooq-codegen/3.11.10/jooq-codegen-3.11.10.jar:/home/user/.m2/repository/com/jolbox/bonecp/0.8.0.RELEASE/bonecp-0.8.0.RELEASE.jar:/home/user/.m2/repository/org/xerial/sqlite-jdbc/3.25.2/sqlite-jdbc-3.25.2.jar:/home/user/.m2/repository/org/springframework/spring-jdbc/5.1.3.RELEASE/spring-jdbc-5.1.3.RELEASE.jar:/home/user/.m2/repository/org/springframework/spring-beans/5.1.3.RELEASE/spring-beans-5.1.3.RELEASE.jar:/home/user/.m2/repository/org/springframework/spring-core/5.1.3.RELEASE/spring-core-5.1.3.RELEASE.jar:/home/user/.m2/repository/org/springframework/spring-jcl/5.1.3.RELEASE/spring-jcl-5.1.3.RELEASE.jar:/home/user/.m2/repository/org/springframework/spring-tx/5.1.3.RELEASE/spring-tx-5.1.3.RELEASE.jar:/home/user/.m2/repository/org/apache/hadoop/hadoop-ozone-client/0.5.0-SNAPSHOT/hadoop-ozone-client-0.5.0-SNAPSHOT.jar:/home/user/.m2/repository/commons-lang/commons-lang/2.6/commons-lang-2.6.jar:/home/user/.m2/repository/org/apache/hadoop/hadoop-ozone-ozone-manager/0.5.0-SNAPSHOT/hadoop-ozone-ozone-manager-0.5.0-SNAPSHOT-tests.jar:/home/user/.m2/repository/junit/junit/4.11/junit-4.11.jar:/home/user/.m2/repository/org/hamcrest/hamcrest-core/1.3/hamcrest-core-1.3.jar:/home/user/.m2/repository/org/openjdk/jmh/jmh-core/1.19/jmh-core-1.19.jar:/home/user/.m2/repository/net/sf/jopt-simple/jopt-simple/4.6/jopt-simple-4.6.jar:/home/user/.m2/repository/org/apache/commons/commons-math3/3.1.1/commons-math3-3.1.1.jar:/home/user/.m2/repository/org/openjdk/jmh/jmh-generator-annprocess/1.19/jmh-generator-annprocess-1.19.jar:/home/user/.m2/repository/org/mockito/mockito-all/1.8.5/mockito-all-1.8.5.jar:/home/user/.m2/repository/org/apache/hadoop/hadoop-kms/3.2.0/hadoop-kms-3.2.0.jar:/home/user/.m2/repository/org/apache/hadoop/hadoop-auth/3.2.0/hadoop-auth-3.2.0.jar:/home/user/.m2/repository/com/nimbusds/nimbus-jose-jwt/4.41.1/nimbus-jose-jwt-4.41.1.jar:/home/user/.m2/repository/com/github/stephenc/jcip/jcip-annotations/1.0-1/jcip-annotations-1.0-1.jar:/home/user/.m2/repository/net/minidev/json-smart/2.3/json-smart-2.3.jar:/home/user/.m2/repository/net/minidev/accessors-smart/1.2/accessors-smart-1.2.jar:/home/user/.m2/repository/org/ow2/asm/asm/5.0.4/asm-5.0.4.jar:/home/user/.m2/repository/org/apache/curator/curator-framework/2.12.0/curator-framework-2.12.0.jar:/home/user/.m2/repository/com/sun/jersey/jersey-core/1.19/jersey-core-1.19.jar:/home/user/.m2/repository/javax/ws/rs/jsr311-api/1.1.1/jsr311-api-1.1.1.jar:/home/user/.m2/repository/com/sun/jersey/jersey-server/1.19/jersey-server-1.19.jar:/home/user/.m2/repository/javax/servlet/javax.servlet-api/3.1.0/javax.servlet-api-3.1.0.jar:/home/user/.m2/repository/org/eclipse/jetty/jetty-server/9.3.24.v20180605/jetty-server-9.3.24.v20180605.jar:/home/user/.m2/repository/org/eclipse/jetty/jetty-http/9.3.24.v20180605/jetty-http-9.3.24.v20180605.jar:/home/user/.m2/repository/org/eclipse/jetty/jetty-io/9.3.24.v20180605/jetty-io-9.3.24.v20180605.jar:/home/user/.m2/repository/org/eclipse/jetty/jetty-webapp/9.3.24.v20180605/jetty-webapp-9.3.24.v20180605.jar:/home/user/.m2/repository/org/eclipse/jetty/jetty-xml/9.3.24.v20180605/jetty-xml-9.3.24.v20180605.jar:/home/user/.m2/repository/log4j/log4j/1.2.17/log4j-1.2.17.jar:/home/user/.m2/repository/org/slf4j/slf4j-api/1.7.25/slf4j-api-1.7.25.jar:/home/user/.m2/repository/org/slf4j/jul-to-slf4j/1.7.25/jul-to-slf4j-1.7.25.jar:/home/user/.m2/repository/org/eclipse/jetty/jetty-util/9.3.24.v20180605/jetty-util-9.3.24.v20180605.jar:/home/user/.m2/repository/com/fasterxml/jackson/core/jackson-databind/2.9.5/jackson-databind-2.9.5.jar:/home/user/.m2/repository/org/apache/hadoop/hadoop-kms/3.2.0/hadoop-kms-3.2.0-tests.jar:/home/user/.m2/repository/org/apache/hadoop/hadoop-hdds-server-scm/0.5.0-SNAPSHOT/hadoop-hdds-server-scm-0.5.0-SNAPSHOT-tests.jar:/home/user/.m2/repository/org/apache/hadoop/hadoop-hdds-container-service/0.5.0-SNAPSHOT/hadoop-hdds-container-service-0.5.0-SNAPSHOT-tests.jar:/home/user/.m2/repository/org/yaml/snakeyaml/1.16/snakeyaml-1.16.jar:/home/user/.m2/repository/org/apache/hadoop/hadoop-common/3.2.0/hadoop-common-3.2.0-tests.jar:/home/user/.m2/repository/org/apache/hadoop/hadoop-annotations/3.2.0/hadoop-annotations-3.2.0.jar:/usr/lib/jvm/java-1.8-openjdk/jre/../lib/tools.jar:/home/user/.m2/repository/commons-cli/commons-cli/1.2/commons-cli-1.2.jar:/home/user/.m2/repository/org/apache/httpcomponents/httpclient/4.5.2/httpclient-4.5.2.jar:/home/user/.m2/repository/org/apache/httpcomponents/httpcore/4.4.4/httpcore-4.4.4.jar:/home/user/.m2/repository/commons-codec/commons-codec/1.11/commons-codec-1.11.jar:/home/user/.m2/repository/commons-net/commons-net/3.6/commons-net-3.6.jar:/home/user/.m2/repository/commons-collections/commons-collections/3.2.2/commons-collections-3.2.2.jar:/home/user/.m2/repository/org/eclipse/jetty/jetty-servlet/9.3.24.v20180605/jetty-servlet-9.3.24.v20180605.jar:/home/user/.m2/repository/org/eclipse/jetty/jetty-security/9.3.24.v20180605/jetty-security-9.3.24.v20180605.jar:/home/user/.m2/repository/javax/servlet/jsp/jsp-api/2.1/jsp-api-2.1.jar:/home/user/.m2/repository/com/sun/jersey/jersey-servlet/1.19/jersey-servlet-1.19.jar:/home/user/.m2/repository/com/sun/jersey/jersey-json/1.19/jersey-json-1.19.jar:/home/user/.m2/repository/org/codehaus/jettison/jettison/1.1/jettison-1.1.jar:/home/user/.m2/repository/org/codehaus/jackson/jackson-core-asl/1.9.13/jackson-core-asl-1.9.13.jar:/home/user/.m2/repository/org/codehaus/jackson/jackson-mapper-asl/1.9.13/jackson-mapper-asl-1.9.13.jar:/home/user/.m2/repository/org/codehaus/jackson/jackson-jaxrs/1.9.13/jackson-jaxrs-1.9.13.jar:/home/user/.m2/repository/org/codehaus/jackson/jackson-xc/1.9.13/jackson-xc-1.9.13.jar:/home/user/.m2/repository/commons-logging/commons-logging/1.1.3/commons-logging-1.1.3.jar:/home/user/.m2/repository/commons-beanutils/commons-beanutils/1.9.3/commons-beanutils-1.9.3.jar:/home/user/.m2/repository/org/apache/commons/commons-configuration2/2.1.1/commons-configuration2-2.1.1.jar:/home/user/.m2/repository/org/apache/commons/commons-lang3/3.7/commons-lang3-3.7.jar:/home/user/.m2/repository/org/apache/commons/commons-text/1.4/commons-text-1.4.jar:/home/user/.m2/repository/org/apache/avro/avro/1.7.7/avro-1.7.7.jar:/home/user/.m2/repository/com/thoughtworks/paranamer/paranamer/2.3/paranamer-2.3.jar:/home/user/.m2/repository/org/xerial/snappy/snappy-java/1.0.5/snappy-java-1.0.5.jar:/home/user/.m2/repository/com/google/re2j/re2j/1.1/re2j-1.1.jar:/home/user/.m2/repository/com/google/code/gson/gson/2.2.4/gson-2.2.4.jar:/home/user/.m2/repository/com/jcraft/jsch/0.1.54/jsch-0.1.54.jar:/home/user/.m2/repository/org/apache/curator/curator-client/2.12.0/curator-client-2.12.0.jar:/home/user/.m2/repository/org/apache/curator/curator-recipes/2.12.0/curator-recipes-2.12.0.jar:/home/user/.m2/repository/com/google/code/findbugs/jsr305/3.0.0/jsr305-3.0.0.jar:/home/user/.m2/repository/org/apache/htrace/htrace-core4/4.1.0-incubating/htrace-core4-4.1.0-incubating.jar:/home/user/.m2/repository/org/apache/zookeeper/zookeeper/3.4.13/zookeeper-3.4.13.jar:/home/user/.m2/repository/org/apache/yetus/audience-annotations/0.5.0/audience-annotations-0.5.0.jar:/home/user/.m2/repository/org/codehaus/woodstox/stax2-api/3.1.4/stax2-api-3.1.4.jar:/home/user/.m2/repository/com/fasterxml/woodstox/woodstox-core/5.0.3/woodstox-core-5.0.3.jar:/home/user/.m2/repository/dnsjava/dnsjava/2.1.7/dnsjava-2.1.7.jar:/home/user/.m2/repository/org/apache/hadoop/hadoop-hdfs/3.2.0/hadoop-hdfs-3.2.0-tests.jar:/home/user/.m2/repository/org/eclipse/jetty/jetty-util-ajax/9.3.24.v20180605/jetty-util-ajax-9.3.24.v20180605.jar:/home/user/.m2/repository/commons-daemon/commons-daemon/1.0.13/commons-daemon-1.0.13.jar:/home/user/.m2/repository/io/netty/netty/3.10.5.Final/netty-3.10.5.Final.jar:/home/user/.m2/repository/io/netty/netty-all/4.0.52.Final/netty-all-4.0.52.Final.jar:/home/user/.m2/repository/org/fusesource/leveldbjni/leveldbjni-all/1.8/leveldbjni-all-1.8.jar:"/>
    <property name="java.vm.vendor" value="IcedTea"/>
    <property name="sun.arch.data.model" value="64"/>
    <property name="test.build.dir" value="/workdir/hadoop-ozone/integration-test/target/test-dir"/>
    <property name="test.cache.data" value=""/>
    <property name="java.vendor.url" value="https://icedtea.classpath.org"/>
    <property name="user.timezone" value=""/>
    <property name="java.vm.specification.version" value="1.8"/>
    <property name="os.name" value="Linux"/>
    <property name="test.build.data" value="/workdir/hadoop-ozone/integration-test/target/test-dir"/>
    <property name="user.country" value="US"/>
    <property name="sun.java.launcher" value="SUN_STANDARD"/>
    <property name="sun.boot.library.path" value="/usr/lib/jvm/java-1.8-openjdk/jre/lib/amd64"/>
    <property name="sun.java.command" value="/workdir/hadoop-ozone/integration-test/target/surefire/surefirebooter8361640350726885402.jar /workdir/hadoop-ozone/integration-test/target/surefire 2019-08-20T13-53-42_991-jvmRun1 surefire2935086386627618661tmp surefire_298628661853023996618tmp"/>
    <property name="test" value="!TestMiniChaosOzoneCluster"/>
    <property name="surefire.test.class.path" value="/workdir/hadoop-ozone/integration-test/target/test-classes:/workdir/hadoop-ozone/integration-test/target/classes:/home/user/.m2/repository/org/apache/hadoop/hadoop-ozone-common/0.5.0-SNAPSHOT/hadoop-ozone-common-0.5.0-SNAPSHOT.jar:/home/user/.m2/repository/org/apache/commons/commons-compress/1.4.1/commons-compress-1.4.1.jar:/home/user/.m2/repository/org/tukaani/xz/1.0/xz-1.0.jar:/home/user/.m2/repository/org/apache/hadoop/hadoop-common/3.2.0/hadoop-common-3.2.0.jar:/home/user/.m2/repository/org/apache/hadoop/hadoop-hdfs/3.2.0/hadoop-hdfs-3.2.0.jar:/home/user/.m2/repository/org/apache/hadoop/hadoop-hdfs-client/3.2.0/hadoop-hdfs-client-3.2.0.jar:/home/user/.m2/repository/com/fasterxml/jackson/core/jackson-annotations/2.9.5/jackson-annotations-2.9.5.jar:/home/user/.m2/repository/org/apache/hadoop/hadoop-hdds-common/0.5.0-SNAPSHOT/hadoop-hdds-common-0.5.0-SNAPSHOT.jar:/home/user/.m2/repository/javax/annotation/javax.annotation-api/1.2/javax.annotation-api-1.2.jar:/home/user/.m2/repository/org/apache/ratis/ratis-server/0.4.0-2337318-SNAPSHOT/ratis-server-0.4.0-2337318-SNAPSHOT.jar:/home/user/.m2/repository/org/apache/ratis/ratis-thirdparty-misc/0.2.0/ratis-thirdparty-misc-0.2.0.jar:/home/user/.m2/repository/org/apache/ratis/ratis-proto/0.4.0-2337318-SNAPSHOT/ratis-proto-0.4.0-2337318-SNAPSHOT.jar:/home/user/.m2/repository/org/apache/ratis/ratis-common/0.4.0-2337318-SNAPSHOT/ratis-common-0.4.0-2337318-SNAPSHOT.jar:/home/user/.m2/repository/org/apache/ratis/ratis-client/0.4.0-2337318-SNAPSHOT/ratis-client-0.4.0-2337318-SNAPSHOT.jar:/home/user/.m2/repository/org/apache/ratis/ratis-metrics/0.4.0-2337318-SNAPSHOT/ratis-metrics-0.4.0-2337318-SNAPSHOT.jar:/home/user/.m2/repository/org/apache/ratis/ratis-netty/0.4.0-2337318-SNAPSHOT/ratis-netty-0.4.0-2337318-SNAPSHOT.jar:/home/user/.m2/repository/org/apache/ratis/ratis-grpc/0.4.0-2337318-SNAPSHOT/ratis-grpc-0.4.0-2337318-SNAPSHOT.jar:/home/user/.m2/repository/org/rocksdb/rocksdbjni/6.0.1/rocksdbjni-6.0.1.jar:/home/user/.m2/repository/org/apache/logging/log4j/log4j-api/2.11.0/log4j-api-2.11.0.jar:/home/user/.m2/repository/org/apache/logging/log4j/log4j-core/2.11.0/log4j-core-2.11.0.jar:/home/user/.m2/repository/com/lmax/disruptor/3.4.2/disruptor-3.4.2.jar:/home/user/.m2/repository/org/apache/commons/commons-pool2/2.6.0/commons-pool2-2.6.0.jar:/home/user/.m2/repository/org/bouncycastle/bcpkix-jdk15on/1.60/bcpkix-jdk15on-1.60.jar:/home/user/.m2/repository/commons-validator/commons-validator/1.6/commons-validator-1.6.jar:/home/user/.m2/repository/commons-digester/commons-digester/1.8.1/commons-digester-1.8.1.jar:/home/user/.m2/repository/io/jaegertracing/jaeger-client/0.33.1/jaeger-client-0.33.1.jar:/home/user/.m2/repository/io/jaegertracing/jaeger-thrift/0.33.1/jaeger-thrift-0.33.1.jar:/home/user/.m2/repository/org/apache/thrift/libthrift/0.11.0/libthrift-0.11.0.jar:/home/user/.m2/repository/com/squareup/okhttp3/okhttp/3.9.0/okhttp-3.9.0.jar:/home/user/.m2/repository/com/squareup/okio/okio/1.13.0/okio-1.13.0.jar:/home/user/.m2/repository/io/jaegertracing/jaeger-core/0.33.1/jaeger-core-0.33.1.jar:/home/user/.m2/repository/io/jaegertracing/jaeger-tracerresolver/0.33.1/jaeger-tracerresolver-0.33.1.jar:/home/user/.m2/repository/io/opentracing/contrib/opentracing-tracerresolver/0.1.5/opentracing-tracerresolver-0.1.5.jar:/home/user/.m2/repository/io/opentracing/opentracing-util/0.31.0/opentracing-util-0.31.0.jar:/home/user/.m2/repository/io/opentracing/opentracing-api/0.31.0/opentracing-api-0.31.0.jar:/home/user/.m2/repository/io/opentracing/opentracing-noop/0.31.0/opentracing-noop-0.31.0.jar:/home/user/.m2/repository/org/apache/hadoop/hadoop-hdds-server-framework/0.5.0-SNAPSHOT/hadoop-hdds-server-framework-0.5.0-SNAPSHOT.jar:/home/user/.m2/repository/org/apache/hadoop/hadoop-hdds-container-service/0.5.0-SNAPSHOT/hadoop-hdds-container-service-0.5.0-SNAPSHOT.jar:/home/user/.m2/repository/org/apache/hadoop/hadoop-hdds-client/0.5.0-SNAPSHOT/hadoop-hdds-client-0.5.0-SNAPSHOT.jar:/home/user/.m2/repository/org/apache/hadoop/hadoop-hdds-tools/0.5.0-SNAPSHOT/hadoop-hdds-tools-0.5.0-SNAPSHOT.jar:/home/user/.m2/repository/org/apache/hadoop/hadoop-hdds-server-scm/0.5.0-SNAPSHOT/hadoop-hdds-server-scm-0.5.0-SNAPSHOT.jar:/home/user/.m2/repository/org/apache/hadoop/hadoop-hdds-docs/0.5.0-SNAPSHOT/hadoop-hdds-docs-0.5.0-SNAPSHOT.jar:/home/user/.m2/repository/io/dropwizard/metrics/metrics-core/3.2.4/metrics-core-3.2.4.jar:/home/user/.m2/repository/org/hamcrest/hamcrest-all/1.3/hamcrest-all-1.3.jar:/home/user/.m2/repository/org/bouncycastle/bcprov-jdk15on/1.60/bcprov-jdk15on-1.60.jar:/home/user/.m2/repository/info/picocli/picocli/3.9.6/picocli-3.9.6.jar:/home/user/.m2/repository/com/google/protobuf/protobuf-java/2.5.0/protobuf-java-2.5.0.jar:/home/user/.m2/repository/com/google/guava/guava/11.0.2/guava-11.0.2.jar:/home/user/.m2/repository/org/apache/hadoop/hadoop-ozone-ozone-manager/0.5.0-SNAPSHOT/hadoop-ozone-ozone-manager-0.5.0-SNAPSHOT.jar:/home/user/.m2/repository/org/apache/hadoop/hadoop-minikdc/3.2.0/hadoop-minikdc-3.2.0.jar:/home/user/.m2/repository/commons-io/commons-io/2.5/commons-io-2.5.jar:/home/user/.m2/repository/org/apache/kerby/kerb-simplekdc/1.0.1/kerb-simplekdc-1.0.1.jar:/home/user/.m2/repository/org/apache/kerby/kerb-client/1.0.1/kerb-client-1.0.1.jar:/home/user/.m2/repository/org/apache/kerby/kerby-config/1.0.1/kerby-config-1.0.1.jar:/home/user/.m2/repository/org/apache/kerby/kerb-core/1.0.1/kerb-core-1.0.1.jar:/home/user/.m2/repository/org/apache/kerby/kerby-pkix/1.0.1/kerby-pkix-1.0.1.jar:/home/user/.m2/repository/org/apache/kerby/kerby-asn1/1.0.1/kerby-asn1-1.0.1.jar:/home/user/.m2/repository/org/apache/kerby/kerby-util/1.0.1/kerby-util-1.0.1.jar:/home/user/.m2/repository/org/apache/kerby/kerb-common/1.0.1/kerb-common-1.0.1.jar:/home/user/.m2/repository/org/apache/kerby/kerb-crypto/1.0.1/kerb-crypto-1.0.1.jar:/home/user/.m2/repository/org/apache/kerby/kerb-util/1.0.1/kerb-util-1.0.1.jar:/home/user/.m2/repository/org/apache/kerby/token-provider/1.0.1/token-provider-1.0.1.jar:/home/user/.m2/repository/org/apache/kerby/kerb-admin/1.0.1/kerb-admin-1.0.1.jar:/home/user/.m2/repository/org/apache/kerby/kerb-server/1.0.1/kerb-server-1.0.1.jar:/home/user/.m2/repository/org/apache/kerby/kerb-identity/1.0.1/kerb-identity-1.0.1.jar:/home/user/.m2/repository/org/apache/kerby/kerby-xdr/1.0.1/kerby-xdr-1.0.1.jar:/home/user/.m2/repository/org/slf4j/slf4j-log4j12/1.7.25/slf4j-log4j12-1.7.25.jar:/home/user/.m2/repository/org/apache/hadoop/hadoop-ozone-objectstore-service/0.5.0-SNAPSHOT/hadoop-ozone-objectstore-service-0.5.0-SNAPSHOT.jar:/home/user/.m2/repository/org/apache/hadoop/hadoop-ozone-s3gateway/0.5.0-SNAPSHOT/hadoop-ozone-s3gateway-0.5.0-SNAPSHOT.jar:/home/user/.m2/repository/org/jboss/weld/servlet/weld-servlet/2.4.7.Final/weld-servlet-2.4.7.Final.jar:/home/user/.m2/repository/org/glassfish/jersey/containers/jersey-container-servlet-core/2.27/jersey-container-servlet-core-2.27.jar:/home/user/.m2/repository/org/glassfish/hk2/external/javax.inject/2.5.0-b42/javax.inject-2.5.0-b42.jar:/home/user/.m2/repository/org/glassfish/jersey/core/jersey-common/2.27/jersey-common-2.27.jar:/home/user/.m2/repository/org/glassfish/hk2/osgi-resource-locator/1.0.1/osgi-resource-locator-1.0.1.jar:/home/user/.m2/repository/javax/ws/rs/javax.ws.rs-api/2.1/javax.ws.rs-api-2.1.jar:/home/user/.m2/repository/org/glassfish/jersey/ext/cdi/jersey-cdi1x/2.27/jersey-cdi1x-2.27.jar:/home/user/.m2/repository/org/glassfish/jersey/inject/jersey-hk2/2.27/jersey-hk2-2.27.jar:/home/user/.m2/repository/org/glassfish/hk2/hk2-locator/2.5.0-b42/hk2-locator-2.5.0-b42.jar:/home/user/.m2/repository/org/javassist/javassist/3.22.0-CR2/javassist-3.22.0-CR2.jar:/home/user/.m2/repository/org/glassfish/hk2/hk2-api/2.5.0/hk2-api-2.5.0.jar:/home/user/.m2/repository/org/glassfish/hk2/external/jakarta.inject/2.5.0/jakarta.inject-2.5.0.jar:/home/user/.m2/repository/org/glassfish/hk2/hk2-utils/2.5.0/hk2-utils-2.5.0.jar:/home/user/.m2/repository/jakarta/annotation/jakarta.annotation-api/1.3.4/jakarta.annotation-api-1.3.4.jar:/home/user/.m2/repository/org/glassfish/hk2/external/aopalliance-repackaged/2.5.0/aopalliance-repackaged-2.5.0.jar:/home/user/.m2/repository/com/fasterxml/jackson/dataformat/jackson-dataformat-xml/2.9.0/jackson-dataformat-xml-2.9.0.jar:/home/user/.m2/repository/com/fasterxml/jackson/core/jackson-core/2.9.5/jackson-core-2.9.5.jar:/home/user/.m2/repository/com/fasterxml/jackson/module/jackson-module-jaxb-annotations/2.9.5/jackson-module-jaxb-annotations-2.9.5.jar:/home/user/.m2/repository/javax/enterprise/cdi-api/1.2/cdi-api-1.2.jar:/home/user/.m2/repository/javax/el/javax.el-api/3.0.0/javax.el-api-3.0.0.jar:/home/user/.m2/repository/javax/interceptor/javax.interceptor-api/1.2/javax.interceptor-api-1.2.jar:/home/user/.m2/repository/javax/inject/javax.inject/1/javax.inject-1.jar:/home/user/.m2/repository/com/sun/xml/bind/jaxb-impl/2.3.0.1/jaxb-impl-2.3.0.1.jar:/home/user/.m2/repository/com/sun/xml/bind/jaxb-core/2.3.0.1/jaxb-core-2.3.0.1.jar:/home/user/.m2/repository/javax/xml/bind/jaxb-api/2.3.0/jaxb-api-2.3.0.jar:/home/user/.m2/repository/javax/activation/activation/1.1.1/activation-1.1.1.jar:/home/user/.m2/repository/org/apache/hadoop/hadoop-ozone-csi/0.5.0-SNAPSHOT/hadoop-ozone-csi-0.5.0-SNAPSHOT.jar:/home/user/.m2/repository/com/google/protobuf/protobuf-java-util/3.5.1/protobuf-java-util-3.5.1.jar:/home/user/.m2/repository/org/apache/hadoop/hadoop-hdds-config/0.5.0-SNAPSHOT/hadoop-hdds-config-0.5.0-SNAPSHOT.jar:/home/user/.m2/repository/io/grpc/grpc-netty/1.17.1/grpc-netty-1.17.1.jar:/home/user/.m2/repository/io/grpc/grpc-core/1.17.1/grpc-core-1.17.1.jar:/home/user/.m2/repository/io/grpc/grpc-context/1.17.1/grpc-context-1.17.1.jar:/home/user/.m2/repository/com/google/errorprone/error_prone_annotations/2.2.0/error_prone_annotations-2.2.0.jar:/home/user/.m2/repository/org/codehaus/mojo/animal-sniffer-annotations/1.17/animal-sniffer-annotations-1.17.jar:/home/user/.m2/repository/io/opencensus/opencensus-api/0.17.0/opencensus-api-0.17.0.jar:/home/user/.m2/repository/io/opencensus/opencensus-contrib-grpc-metrics/0.17.0/opencensus-contrib-grpc-metrics-0.17.0.jar:/home/user/.m2/repository/io/netty/netty-codec-http2/4.1.30.Final/netty-codec-http2-4.1.30.Final.jar:/home/user/.m2/repository/io/netty/netty-codec-http/4.1.30.Final/netty-codec-http-4.1.30.Final.jar:/home/user/.m2/repository/io/netty/netty-codec/4.1.30.Final/netty-codec-4.1.30.Final.jar:/home/user/.m2/repository/io/netty/netty-handler/4.1.30.Final/netty-handler-4.1.30.Final.jar:/home/user/.m2/repository/io/netty/netty-handler-proxy/4.1.30.Final/netty-handler-proxy-4.1.30.Final.jar:/home/user/.m2/repository/io/netty/netty-codec-socks/4.1.30.Final/netty-codec-socks-4.1.30.Final.jar:/home/user/.m2/repository/io/netty/netty-transport-native-epoll/4.1.30.Final/netty-transport-native-epoll-4.1.30.Final.jar:/home/user/.m2/repository/io/netty/netty-common/4.1.30.Final/netty-common-4.1.30.Final.jar:/home/user/.m2/repository/io/netty/netty-buffer/4.1.30.Final/netty-buffer-4.1.30.Final.jar:/home/user/.m2/repository/io/netty/netty-transport/4.1.30.Final/netty-transport-4.1.30.Final.jar:/home/user/.m2/repository/io/netty/netty-resolver/4.1.30.Final/netty-resolver-4.1.30.Final.jar:/home/user/.m2/repository/io/netty/netty-transport-native-unix-common/4.1.30.Final/netty-transport-native-unix-common-4.1.30.Final.jar:/home/user/.m2/repository/io/grpc/grpc-protobuf/1.17.1/grpc-protobuf-1.17.1.jar:/home/user/.m2/repository/com/google/api/grpc/proto-google-common-protos/1.0.0/proto-google-common-protos-1.0.0.jar:/home/user/.m2/repository/io/grpc/grpc-protobuf-lite/1.17.1/grpc-protobuf-lite-1.17.1.jar:/home/user/.m2/repository/io/grpc/grpc-stub/1.17.1/grpc-stub-1.17.1.jar:/home/user/.m2/repository/org/apache/hadoop/hadoop-ozone-recon/0.5.0-SNAPSHOT/hadoop-ozone-recon-0.5.0-SNAPSHOT.jar:/home/user/.m2/repository/org/apache/hadoop/hadoop-ozone-reconcodegen/0.5.0-SNAPSHOT/hadoop-ozone-reconcodegen-0.5.0-SNAPSHOT.jar:/home/user/.m2/repository/com/google/inject/extensions/guice-multibindings/4.0/guice-multibindings-4.0.jar:/home/user/.m2/repository/com/google/inject/guice/4.0/guice-4.0.jar:/home/user/.m2/repository/aopalliance/aopalliance/1.0/aopalliance-1.0.jar:/home/user/.m2/repository/com/google/inject/extensions/guice-servlet/4.0/guice-servlet-4.0.jar:/home/user/.m2/repository/org/glassfish/jersey/containers/jersey-container-servlet/2.27/jersey-container-servlet-2.27.jar:/home/user/.m2/repository/org/glassfish/hk2/guice-bridge/2.5.0/guice-bridge-2.5.0.jar:/home/user/.m2/repository/org/glassfish/jersey/core/jersey-server/2.27/jersey-server-2.27.jar:/home/user/.m2/repository/org/glassfish/jersey/core/jersey-client/2.27/jersey-client-2.27.jar:/home/user/.m2/repository/org/glassfish/jersey/media/jersey-media-jaxb/2.27/jersey-media-jaxb-2.27.jar:/home/user/.m2/repository/javax/validation/validation-api/1.1.0.Final/validation-api-1.1.0.Final.jar:/home/user/.m2/repository/org/glassfish/jersey/media/jersey-media-json-jackson/2.27/jersey-media-json-jackson-2.27.jar:/home/user/.m2/repository/org/glassfish/jersey/ext/jersey-entity-filtering/2.27/jersey-entity-filtering-2.27.jar:/home/user/.m2/repository/com/google/inject/extensions/guice-assistedinject/4.0/guice-assistedinject-4.0.jar:/home/user/.m2/repository/org/jooq/jooq/3.11.10/jooq-3.11.10.jar:/home/user/.m2/repository/org/jooq/jooq-meta/3.11.10/jooq-meta-3.11.10.jar:/home/user/.m2/repository/org/jooq/jooq-codegen/3.11.10/jooq-codegen-3.11.10.jar:/home/user/.m2/repository/com/jolbox/bonecp/0.8.0.RELEASE/bonecp-0.8.0.RELEASE.jar:/home/user/.m2/repository/org/xerial/sqlite-jdbc/3.25.2/sqlite-jdbc-3.25.2.jar:/home/user/.m2/repository/org/springframework/spring-jdbc/5.1.3.RELEASE/spring-jdbc-5.1.3.RELEASE.jar:/home/user/.m2/repository/org/springframework/spring-beans/5.1.3.RELEASE/spring-beans-5.1.3.RELEASE.jar:/home/user/.m2/repository/org/springframework/spring-core/5.1.3.RELEASE/spring-core-5.1.3.RELEASE.jar:/home/user/.m2/repository/org/springframework/spring-jcl/5.1.3.RELEASE/spring-jcl-5.1.3.RELEASE.jar:/home/user/.m2/repository/org/springframework/spring-tx/5.1.3.RELEASE/spring-tx-5.1.3.RELEASE.jar:/home/user/.m2/repository/org/apache/hadoop/hadoop-ozone-client/0.5.0-SNAPSHOT/hadoop-ozone-client-0.5.0-SNAPSHOT.jar:/home/user/.m2/repository/commons-lang/commons-lang/2.6/commons-lang-2.6.jar:/home/user/.m2/repository/org/apache/hadoop/hadoop-ozone-ozone-manager/0.5.0-SNAPSHOT/hadoop-ozone-ozone-manager-0.5.0-SNAPSHOT-tests.jar:/home/user/.m2/repository/junit/junit/4.11/junit-4.11.jar:/home/user/.m2/repository/org/hamcrest/hamcrest-core/1.3/hamcrest-core-1.3.jar:/home/user/.m2/repository/org/openjdk/jmh/jmh-core/1.19/jmh-core-1.19.jar:/home/user/.m2/repository/net/sf/jopt-simple/jopt-simple/4.6/jopt-simple-4.6.jar:/home/user/.m2/repository/org/apache/commons/commons-math3/3.1.1/commons-math3-3.1.1.jar:/home/user/.m2/repository/org/openjdk/jmh/jmh-generator-annprocess/1.19/jmh-generator-annprocess-1.19.jar:/home/user/.m2/repository/org/mockito/mockito-all/1.8.5/mockito-all-1.8.5.jar:/home/user/.m2/repository/org/apache/hadoop/hadoop-kms/3.2.0/hadoop-kms-3.2.0.jar:/home/user/.m2/repository/org/apache/hadoop/hadoop-auth/3.2.0/hadoop-auth-3.2.0.jar:/home/user/.m2/repository/com/nimbusds/nimbus-jose-jwt/4.41.1/nimbus-jose-jwt-4.41.1.jar:/home/user/.m2/repository/com/github/stephenc/jcip/jcip-annotations/1.0-1/jcip-annotations-1.0-1.jar:/home/user/.m2/repository/net/minidev/json-smart/2.3/json-smart-2.3.jar:/home/user/.m2/repository/net/minidev/accessors-smart/1.2/accessors-smart-1.2.jar:/home/user/.m2/repository/org/ow2/asm/asm/5.0.4/asm-5.0.4.jar:/home/user/.m2/repository/org/apache/curator/curator-framework/2.12.0/curator-framework-2.12.0.jar:/home/user/.m2/repository/com/sun/jersey/jersey-core/1.19/jersey-core-1.19.jar:/home/user/.m2/repository/javax/ws/rs/jsr311-api/1.1.1/jsr311-api-1.1.1.jar:/home/user/.m2/repository/com/sun/jersey/jersey-server/1.19/jersey-server-1.19.jar:/home/user/.m2/repository/javax/servlet/javax.servlet-api/3.1.0/javax.servlet-api-3.1.0.jar:/home/user/.m2/repository/org/eclipse/jetty/jetty-server/9.3.24.v20180605/jetty-server-9.3.24.v20180605.jar:/home/user/.m2/repository/org/eclipse/jetty/jetty-http/9.3.24.v20180605/jetty-http-9.3.24.v20180605.jar:/home/user/.m2/repository/org/eclipse/jetty/jetty-io/9.3.24.v20180605/jetty-io-9.3.24.v20180605.jar:/home/user/.m2/repository/org/eclipse/jetty/jetty-webapp/9.3.24.v20180605/jetty-webapp-9.3.24.v20180605.jar:/home/user/.m2/repository/org/eclipse/jetty/jetty-xml/9.3.24.v20180605/jetty-xml-9.3.24.v20180605.jar:/home/user/.m2/repository/log4j/log4j/1.2.17/log4j-1.2.17.jar:/home/user/.m2/repository/org/slf4j/slf4j-api/1.7.25/slf4j-api-1.7.25.jar:/home/user/.m2/repository/org/slf4j/jul-to-slf4j/1.7.25/jul-to-slf4j-1.7.25.jar:/home/user/.m2/repository/org/eclipse/jetty/jetty-util/9.3.24.v20180605/jetty-util-9.3.24.v20180605.jar:/home/user/.m2/repository/com/fasterxml/jackson/core/jackson-databind/2.9.5/jackson-databind-2.9.5.jar:/home/user/.m2/repository/org/apache/hadoop/hadoop-kms/3.2.0/hadoop-kms-3.2.0-tests.jar:/home/user/.m2/repository/org/apache/hadoop/hadoop-hdds-server-scm/0.5.0-SNAPSHOT/hadoop-hdds-server-scm-0.5.0-SNAPSHOT-tests.jar:/home/user/.m2/repository/org/apache/hadoop/hadoop-hdds-container-service/0.5.0-SNAPSHOT/hadoop-hdds-container-service-0.5.0-SNAPSHOT-tests.jar:/home/user/.m2/repository/org/yaml/snakeyaml/1.16/snakeyaml-1.16.jar:/home/user/.m2/repository/org/apache/hadoop/hadoop-common/3.2.0/hadoop-common-3.2.0-tests.jar:/home/user/.m2/repository/org/apache/hadoop/hadoop-annotations/3.2.0/hadoop-annotations-3.2.0.jar:/usr/lib/jvm/java-1.8-openjdk/jre/../lib/tools.jar:/home/user/.m2/repository/commons-cli/commons-cli/1.2/commons-cli-1.2.jar:/home/user/.m2/repository/org/apache/httpcomponents/httpclient/4.5.2/httpclient-4.5.2.jar:/home/user/.m2/repository/org/apache/httpcomponents/httpcore/4.4.4/httpcore-4.4.4.jar:/home/user/.m2/repository/commons-codec/commons-codec/1.11/commons-codec-1.11.jar:/home/user/.m2/repository/commons-net/commons-net/3.6/commons-net-3.6.jar:/home/user/.m2/repository/commons-collections/commons-collections/3.2.2/commons-collections-3.2.2.jar:/home/user/.m2/repository/org/eclipse/jetty/jetty-servlet/9.3.24.v20180605/jetty-servlet-9.3.24.v20180605.jar:/home/user/.m2/repository/org/eclipse/jetty/jetty-security/9.3.24.v20180605/jetty-security-9.3.24.v20180605.jar:/home/user/.m2/repository/javax/servlet/jsp/jsp-api/2.1/jsp-api-2.1.jar:/home/user/.m2/repository/com/sun/jersey/jersey-servlet/1.19/jersey-servlet-1.19.jar:/home/user/.m2/repository/com/sun/jersey/jersey-json/1.19/jersey-json-1.19.jar:/home/user/.m2/repository/org/codehaus/jettison/jettison/1.1/jettison-1.1.jar:/home/user/.m2/repository/org/codehaus/jackson/jackson-core-asl/1.9.13/jackson-core-asl-1.9.13.jar:/home/user/.m2/repository/org/codehaus/jackson/jackson-mapper-asl/1.9.13/jackson-mapper-asl-1.9.13.jar:/home/user/.m2/repository/org/codehaus/jackson/jackson-jaxrs/1.9.13/jackson-jaxrs-1.9.13.jar:/home/user/.m2/repository/org/codehaus/jackson/jackson-xc/1.9.13/jackson-xc-1.9.13.jar:/home/user/.m2/repository/commons-logging/commons-logging/1.1.3/commons-logging-1.1.3.jar:/home/user/.m2/repository/commons-beanutils/commons-beanutils/1.9.3/commons-beanutils-1.9.3.jar:/home/user/.m2/repository/org/apache/commons/commons-configuration2/2.1.1/commons-configuration2-2.1.1.jar:/home/user/.m2/repository/org/apache/commons/commons-lang3/3.7/commons-lang3-3.7.jar:/home/user/.m2/repository/org/apache/commons/commons-text/1.4/commons-text-1.4.jar:/home/user/.m2/repository/org/apache/avro/avro/1.7.7/avro-1.7.7.jar:/home/user/.m2/repository/com/thoughtworks/paranamer/paranamer/2.3/paranamer-2.3.jar:/home/user/.m2/repository/org/xerial/snappy/snappy-java/1.0.5/snappy-java-1.0.5.jar:/home/user/.m2/repository/com/google/re2j/re2j/1.1/re2j-1.1.jar:/home/user/.m2/repository/com/google/code/gson/gson/2.2.4/gson-2.2.4.jar:/home/user/.m2/repository/com/jcraft/jsch/0.1.54/jsch-0.1.54.jar:/home/user/.m2/repository/org/apache/curator/curator-client/2.12.0/curator-client-2.12.0.jar:/home/user/.m2/repository/org/apache/curator/curator-recipes/2.12.0/curator-recipes-2.12.0.jar:/home/user/.m2/repository/com/google/code/findbugs/jsr305/3.0.0/jsr305-3.0.0.jar:/home/user/.m2/repository/org/apache/htrace/htrace-core4/4.1.0-incubating/htrace-core4-4.1.0-incubating.jar:/home/user/.m2/repository/org/apache/zookeeper/zookeeper/3.4.13/zookeeper-3.4.13.jar:/home/user/.m2/repository/org/apache/yetus/audience-annotations/0.5.0/audience-annotations-0.5.0.jar:/home/user/.m2/repository/org/codehaus/woodstox/stax2-api/3.1.4/stax2-api-3.1.4.jar:/home/user/.m2/repository/com/fasterxml/woodstox/woodstox-core/5.0.3/woodstox-core-5.0.3.jar:/home/user/.m2/repository/dnsjava/dnsjava/2.1.7/dnsjava-2.1.7.jar:/home/user/.m2/repository/org/apache/hadoop/hadoop-hdfs/3.2.0/hadoop-hdfs-3.2.0-tests.jar:/home/user/.m2/repository/org/eclipse/jetty/jetty-util-ajax/9.3.24.v20180605/jetty-util-ajax-9.3.24.v20180605.jar:/home/user/.m2/repository/commons-daemon/commons-daemon/1.0.13/commons-daemon-1.0.13.jar:/home/user/.m2/repository/io/netty/netty/3.10.5.Final/netty-3.10.5.Final.jar:/home/user/.m2/repository/io/netty/netty-all/4.0.52.Final/netty-all-4.0.52.Final.jar:/home/user/.m2/repository/org/fusesource/leveldbjni/leveldbjni-all/1.8/leveldbjni-all-1.8.jar:"/>
    <property name="sun.cpu.endian" value="little"/>
    <property name="user.home" value="/home/user"/>
    <property name="user.language" value="en"/>
    <property name="java.specification.vendor" value="Oracle Corporation"/>
    <property name="java.home" value="/usr/lib/jvm/java-1.8-openjdk/jre"/>
    <property name="java.security.krb5.conf" value="/workdir/hadoop-ozone/integration-test/target/test-classes/krb5.conf"/>
    <property name="basedir" value="/workdir/hadoop-ozone/integration-test"/>
    <property name="file.separator" value="/"/>
    <property name="line.separator" value="&#10;"/>
    <property name="java.vm.specification.vendor" value="Oracle Corporation"/>
    <property name="java.specification.name" value="Java Platform API Specification"/>
    <property name="java.awt.graphicsenv" value="sun.awt.X11GraphicsEnvironment"/>
    <property name="surefire.real.class.path" value="/workdir/hadoop-ozone/integration-test/target/surefire/surefirebooter8361640350726885402.jar"/>
    <property name="hadoop.log.dir" value="/workdir/hadoop-ozone/integration-test/target/log"/>
    <property name="sun.boot.class.path" value="/usr/lib/jvm/java-1.8-openjdk/jre/lib/resources.jar:/usr/lib/jvm/java-1.8-openjdk/jre/lib/rt.jar:/usr/lib/jvm/java-1.8-openjdk/jre/lib/sunrsasign.jar:/usr/lib/jvm/java-1.8-openjdk/jre/lib/jsse.jar:/usr/lib/jvm/java-1.8-openjdk/jre/lib/jce.jar:/usr/lib/jvm/java-1.8-openjdk/jre/lib/charsets.jar:/usr/lib/jvm/java-1.8-openjdk/jre/lib/jfr.jar:/usr/lib/jvm/java-1.8-openjdk/jre/classes"/>
    <property name="sun.management.compiler" value="HotSpot 64-Bit Tiered Compilers"/>
    <property name="java.runtime.version" value="1.8.0_212-b04"/>
    <property name="java.net.preferIPv4Stack" value="true"/>
    <property name="user.name" value="jenkins1000"/>
    <property name="path.separator" value=":"/>
    <property name="java.security.egd" value="file:///dev/urandom"/>
    <property name="os.version" value="3.10.0-957.12.2.el7.x86_64"/>
    <property name="java.endorsed.dirs" value="/usr/lib/jvm/java-1.8-openjdk/jre/lib/endorsed"/>
    <property name="java.runtime.name" value="OpenJDK Runtime Environment"/>
    <property name="file.encoding" value="UTF-8"/>
    <property name="java.vm.name" value="OpenJDK 64-Bit Server VM"/>
    <property name="test.build.webapps" value=""/>
    <property name="localRepository" value="/home/user/.m2/repository"/>
    <property name="java.vendor.url.bug" value="https://icedtea.classpath.org/bugzilla"/>
    <property name="java.io.tmpdir" value="/tmp"/>
    <property name="require.test.libhadoop" value=""/>
    <property name="java.version" value="1.8.0_212"/>
    <property name="user.dir" value="/workdir/hadoop-ozone/integration-test"/>
    <property name="os.arch" value="amd64"/>
    <property name="java.vm.specification.name" value="Java Virtual Machine Specification"/>
    <property name="test.build.classes" value="/workdir/hadoop-ozone/integration-test/target/test-classes"/>
    <property name="java.awt.printerjob" value="sun.print.PSPrinterJob"/>
    <property name="sun.os.patch.level" value="unknown"/>
    <property name="hadoop.tmp.dir" value="/workdir/hadoop-ozone/integration-test/target/tmp"/>
    <property name="java.library.path" value="/usr/lib/jvm/java-1.8-openjdk/jre/lib/amd64/server:/usr/lib/jvm/java-1.8-openjdk/jre/lib/amd64:/usr/lib/jvm/java-1.8-openjdk/jre/../lib/amd64:/workdir/hadoop-ozone/integration-test/target/native/target/usr/local/lib:/workdir/hadoop-ozone/integration-test/../../hadoop-common-project/hadoop-common/target/native/target/usr/local/lib:/usr/java/packages/lib/amd64:/usr/lib64:/lib64:/lib:/usr/lib"/>
    <property name="java.vm.info" value="mixed mode"/>
    <property name="java.vendor" value="IcedTea"/>
    <property name="java.vm.version" value="25.212-b04"/>
    <property name="java.ext.dirs" value="/usr/lib/jvm/java-1.8-openjdk/jre/lib/ext:/usr/java/packages/lib/ext"/>
    <property name="sun.io.unicode.encoding" value="UnicodeLittle"/>
    <property name="java.class.version" value="52.0"/>
  </properties>
  <testcase name="testGroupMismatchExceptionHandling" classname="org.apache.hadoop.ozone.client.rpc.TestOzoneClientRetriesOnException" time="62.686"/>
  <testcase name="testMaxRetriesByOzoneClient" classname="org.apache.hadoop.ozone.client.rpc.TestOzoneClientRetriesOnException" time="41.004">
    <error message="Failed to command cmdType: CreateContainer&#10;containerID: 1&#10;datanodeUuid: &quot;ab54d0aa-45c9-4c80-aad1-fb02da82d4c1&quot;&#10;createContainer {&#10;}&#10;" type="java.io.IOException">java.io.IOException: 
Failed to command cmdType: CreateContainer
containerID: 1
datanodeUuid: "ab54d0aa-45c9-4c80-aad1-fb02da82d4c1"
createContainer {
}

	at org.apache.hadoop.hdds.scm.XceiverClientSpi.sendCommand(XceiverClientSpi.java:113)
	at org.apache.hadoop.ozone.client.rpc.TestOzoneClientRetriesOnException.testMaxRetriesByOzoneClient(TestOzoneClientRetriesOnException.java:190)
	at sun.reflect.NativeMethodAccessorImpl.invoke0(Native Method)
	at sun.reflect.NativeMethodAccessorImpl.invoke(NativeMethodAccessorImpl.java:62)
	at sun.reflect.DelegatingMethodAccessorImpl.invoke(DelegatingMethodAccessorImpl.java:43)
	at java.lang.reflect.Method.invoke(Method.java:498)
	at org.junit.runners.model.FrameworkMethod$1.runReflectiveCall(FrameworkMethod.java:47)
	at org.junit.internal.runners.model.ReflectiveCallable.run(ReflectiveCallable.java:12)
	at org.junit.runners.model.FrameworkMethod.invokeExplosively(FrameworkMethod.java:44)
	at org.junit.internal.runners.statements.InvokeMethod.evaluate(InvokeMethod.java:17)
	at org.junit.internal.runners.statements.RunBefores.evaluate(RunBefores.java:26)
	at org.junit.internal.runners.statements.RunAfters.evaluate(RunAfters.java:27)
	at org.junit.runners.ParentRunner.runLeaf(ParentRunner.java:271)
	at org.junit.runners.BlockJUnit4ClassRunner.runChild(BlockJUnit4ClassRunner.java:70)
	at org.junit.runners.BlockJUnit4ClassRunner.runChild(BlockJUnit4ClassRunner.java:50)
	at org.junit.runners.ParentRunner$3.run(ParentRunner.java:238)
	at org.junit.runners.ParentRunner$1.schedule(ParentRunner.java:63)
	at org.junit.runners.ParentRunner.runChildren(ParentRunner.java:236)
	at org.junit.runners.ParentRunner.access$000(ParentRunner.java:53)
	at org.junit.runners.ParentRunner$2.evaluate(ParentRunner.java:229)
	at org.junit.runners.ParentRunner.run(ParentRunner.java:309)
	at org.apache.maven.surefire.junit4.JUnit4Provider.execute(JUnit4Provider.java:365)
	at org.apache.maven.surefire.junit4.JUnit4Provider.executeWithRerun(JUnit4Provider.java:273)
	at org.apache.maven.surefire.junit4.JUnit4Provider.executeTestSet(JUnit4Provider.java:238)
	at org.apache.maven.surefire.junit4.JUnit4Provider.invoke(JUnit4Provider.java:159)
	at org.apache.maven.surefire.booter.ForkedBooter.invokeProviderInSameClassLoader(ForkedBooter.java:384)
	at org.apache.maven.surefire.booter.ForkedBooter.runSuitesInProcess(ForkedBooter.java:345)
	at org.apache.maven.surefire.booter.ForkedBooter.execute(ForkedBooter.java:126)
	at org.apache.maven.surefire.booter.ForkedBooter.main(ForkedBooter.java:418)
Caused by: java.util.concurrent.ExecutionException: org.apache.ratis.protocol.StateMachineException: java.util.concurrent.CompletionException: java.lang.IllegalArgumentException
	at java.util.concurrent.CompletableFuture.reportGet(CompletableFuture.java:357)
	at java.util.concurrent.CompletableFuture.get(CompletableFuture.java:1895)
	at org.apache.hadoop.hdds.scm.XceiverClientSpi.sendCommand(XceiverClientSpi.java:110)
	... 28 more
Caused by: org.apache.ratis.protocol.StateMachineException: java.util.concurrent.CompletionException: java.lang.IllegalArgumentException
	at java.util.concurrent.CompletableFuture.encodeThrowable(CompletableFuture.java:273)
	at java.util.concurrent.CompletableFuture.completeThrowable(CompletableFuture.java:280)
	at java.util.concurrent.CompletableFuture$AsyncSupply.run(CompletableFuture.java:1592)
	at java.util.concurrent.ThreadPoolExecutor.runWorker(ThreadPoolExecutor.java:1149)
	at java.util.concurrent.ThreadPoolExecutor$Worker.run(ThreadPoolExecutor.java:624)
	at java.lang.Thread.run(Thread.java:748)
</error>
    <system-out><![CDATA[2019-08-20 14:16:53,151 [main] WARN  server.ServerUtils (ServerUtils.java:getScmDbDir(145)) - ozone.scm.db.dirs is not configured. We recommend adding this setting. Falling back to ozone.metadata.dirs instead.
2019-08-20 14:16:53,185 [main] WARN  server.ServerUtils (ServerUtils.java:getScmDbDir(145)) - ozone.scm.db.dirs is not configured. We recommend adding this setting. Falling back to ozone.metadata.dirs instead.
2019-08-20 14:16:53,185 [main] WARN  server.ServerUtils (ServerUtils.java:getScmDbDir(145)) - ozone.scm.db.dirs is not configured. We recommend adding this setting. Falling back to ozone.metadata.dirs instead.
2019-08-20 14:16:53,186 [main] INFO  db.DBStoreBuilder (DBStoreBuilder.java:addTable(110)) - using custom profile for table: deletedBlocks
2019-08-20 14:16:53,186 [main] INFO  db.DBStoreBuilder (DBStoreBuilder.java:processTables(161)) - Using default column profile:DBProfile.DISK for Table:deletedBlocks
2019-08-20 14:16:53,186 [main] INFO  db.DBStoreBuilder (DBStoreBuilder.java:addTable(110)) - using custom profile for table: validCerts
2019-08-20 14:16:53,187 [main] INFO  db.DBStoreBuilder (DBStoreBuilder.java:processTables(161)) - Using default column profile:DBProfile.DISK for Table:validCerts
2019-08-20 14:16:53,187 [main] INFO  db.DBStoreBuilder (DBStoreBuilder.java:addTable(110)) - using custom profile for table: revokedCerts
2019-08-20 14:16:53,187 [main] INFO  db.DBStoreBuilder (DBStoreBuilder.java:processTables(161)) - Using default column profile:DBProfile.DISK for Table:revokedCerts
2019-08-20 14:16:53,187 [main] INFO  db.DBStoreBuilder (DBStoreBuilder.java:addTable(110)) - using custom profile for table: default
2019-08-20 14:16:53,187 [main] INFO  db.DBStoreBuilder (DBStoreBuilder.java:processTables(167)) - Using default column profile:DBProfile.DISK for Table:default
2019-08-20 14:16:53,188 [main] INFO  db.DBStoreBuilder (DBStoreBuilder.java:getDbProfile(198)) - Using default options. DBProfile.DISK
2019-08-20 14:16:53,375 [main] INFO  net.NodeSchemaLoader (NodeSchemaLoader.java:loadSchemaFromFile(125)) - Loading file from sun.misc.CompoundEnumeration@6b126187
2019-08-20 14:16:53,375 [main] INFO  net.NodeSchemaLoader (NodeSchemaLoader.java:loadSchema(171)) - Loading network topology layer schema file
2019-08-20 14:16:53,380 [main] WARN  server.ServerUtils (ServerUtils.java:sanitizeUserArgs(70)) - ozone.scm.stale.node.interval value = 300000 is larger than max = 100000 based on the key value of ozone.scm.heartbeat.thread.interval, reset to the max value 100000.
2019-08-20 14:16:53,380 [main] WARN  server.ServerUtils (ServerUtils.java:sanitizeUserArgs(70)) - ozone.scm.stale.node.interval value = 300000 is larger than max = 100000 based on the key value of ozone.scm.heartbeat.thread.interval, reset to the max value 100000.
2019-08-20 14:16:53,380 [main] INFO  node.SCMNodeManager (SCMNodeManager.java:<init>(121)) - Entering startup safe mode.
2019-08-20 14:16:53,381 [main] INFO  algorithms.ContainerPlacementPolicyFactory (ContainerPlacementPolicyFactory.java:getPolicy(55)) - Create container placement policy of type org.apache.hadoop.hdds.scm.container.placement.algorithms.SCMContainerPlacementRandom
2019-08-20 14:16:53,381 [main] WARN  server.ServerUtils (ServerUtils.java:getScmDbDir(145)) - ozone.scm.db.dirs is not configured. We recommend adding this setting. Falling back to ozone.metadata.dirs instead.
2019-08-20 14:16:53,423 [main] INFO  pipeline.SCMPipelineManager (SCMPipelineManager.java:initializePipelineState(126)) - No pipeline exists in current db
2019-08-20 14:16:53,423 [main] WARN  server.ServerUtils (ServerUtils.java:getScmDbDir(145)) - ozone.scm.db.dirs is not configured. We recommend adding this setting. Falling back to ozone.metadata.dirs instead.
2019-08-20 14:16:53,524 [main] WARN  events.EventQueue (EventQueue.java:fireEvent(175)) - No event handler registered for event TypedEvent{payloadType=SafeModeStatus, name='SafeModeStatus'}
2019-08-20 14:16:53,525 [main] INFO  ipc.CallQueueManager (CallQueueManager.java:<init>(84)) - Using callQueue: class java.util.concurrent.LinkedBlockingQueue, queueCapacity: 2000, scheduler: class org.apache.hadoop.ipc.DefaultRpcScheduler, ipcBackoff: false.
2019-08-20 14:16:53,526 [Socket Reader #1 for port 44808] INFO  ipc.Server (Server.java:run(1074)) - Starting Socket Reader #1 for port 44808
2019-08-20 14:16:53,527 [main] INFO  ipc.CallQueueManager (CallQueueManager.java:<init>(84)) - Using callQueue: class java.util.concurrent.LinkedBlockingQueue, queueCapacity: 2000, scheduler: class org.apache.hadoop.ipc.DefaultRpcScheduler, ipcBackoff: false.
2019-08-20 14:16:53,528 [Socket Reader #1 for port 37811] INFO  ipc.Server (Server.java:run(1074)) - Starting Socket Reader #1 for port 37811
2019-08-20 14:16:53,529 [main] INFO  ipc.CallQueueManager (CallQueueManager.java:<init>(84)) - Using callQueue: class java.util.concurrent.LinkedBlockingQueue, queueCapacity: 2000, scheduler: class org.apache.hadoop.ipc.DefaultRpcScheduler, ipcBackoff: false.
2019-08-20 14:16:53,530 [Socket Reader #1 for port 36261] INFO  ipc.Server (Server.java:run(1074)) - Starting Socket Reader #1 for port 36261
2019-08-20 14:16:53,532 [main] INFO  hdfs.DFSUtil (DFSUtil.java:httpServerTemplateForNNAndJN(1641)) - Starting Web-server for scm at: http://0.0.0.0:0
2019-08-20 14:16:53,535 [main] INFO  server.AuthenticationFilter (AuthenticationFilter.java:constructSecretProvider(240)) - Unable to initialize FileSignerSecretProvider, falling back to use random secrets.
2019-08-20 14:16:53,536 [main] WARN  http.HttpRequestLog (HttpRequestLog.java:getRequestLog(97)) - Jetty request log can only be enabled using Log4j
2019-08-20 14:16:53,538 [main] INFO  http.HttpServer2 (HttpServer2.java:addGlobalFilter(975)) - Added global filter 'safety' (class=org.apache.hadoop.http.HttpServer2$QuotingInputFilter)
2019-08-20 14:16:53,539 [main] INFO  http.HttpServer2 (HttpServer2.java:addFilter(948)) - Added filter static_user_filter (class=org.apache.hadoop.http.lib.StaticUserWebFilter$StaticUserFilter) to context scm
2019-08-20 14:16:53,539 [main] INFO  http.HttpServer2 (HttpServer2.java:addFilter(958)) - Added filter static_user_filter (class=org.apache.hadoop.http.lib.StaticUserWebFilter$StaticUserFilter) to context static
2019-08-20 14:16:53,539 [main] INFO  http.HttpServer2 (HttpServer2.java:addFilter(958)) - Added filter static_user_filter (class=org.apache.hadoop.http.lib.StaticUserWebFilter$StaticUserFilter) to context logs
2019-08-20 14:16:53,542 [main] INFO  server.StorageContainerManager (StorageContainerManager.java:start(759)) - StorageContainerLocationProtocol RPC server is listening at /0.0.0.0:36261
2019-08-20 14:16:53,544 [main] WARN  impl.MetricsConfig (MetricsConfig.java:loadFirst(134)) - Cannot locate configuration: tried hadoop-metrics2-storagecontainermanager.properties,hadoop-metrics2.properties
2019-08-20 14:16:53,545 [main] INFO  impl.MetricsSystemImpl (MetricsSystemImpl.java:startTimer(374)) - Scheduled Metric snapshot period at 10 second(s).
2019-08-20 14:16:53,545 [main] INFO  impl.MetricsSystemImpl (MetricsSystemImpl.java:start(191)) - StorageContainerManager metrics system started
2019-08-20 14:16:53,595 [main] INFO  server.SCMClientProtocolServer (SCMClientProtocolServer.java:start(151)) - RPC server for Client  is listening at /0.0.0.0:36261
2019-08-20 14:16:53,595 [IPC Server Responder] INFO  ipc.Server (Server.java:run(1314)) - IPC Server Responder: starting
2019-08-20 14:16:53,595 [IPC Server listener on 36261] INFO  ipc.Server (Server.java:run(1153)) - IPC Server listener on 36261: starting
2019-08-20 14:16:53,599 [main] INFO  server.StorageContainerManager (StorageContainerManager.java:start(769)) - ScmBlockLocationProtocol RPC server is listening at /0.0.0.0:37811
2019-08-20 14:16:53,599 [main] INFO  server.SCMBlockProtocolServer (SCMBlockProtocolServer.java:start(140)) - RPC server for Block Protocol is listening at /0.0.0.0:37811
2019-08-20 14:16:53,599 [IPC Server Responder] INFO  ipc.Server (Server.java:run(1314)) - IPC Server Responder: starting
2019-08-20 14:16:53,599 [IPC Server listener on 37811] INFO  ipc.Server (Server.java:run(1153)) - IPC Server listener on 37811: starting
2019-08-20 14:16:53,603 [main] INFO  server.StorageContainerManager (StorageContainerManager.java:start(773)) - ScmDatanodeProtocl RPC server is listening at /0.0.0.0:44808
2019-08-20 14:16:53,603 [main] INFO  server.SCMDatanodeProtocolServer (SCMDatanodeProtocolServer.java:start(191)) - RPC server for DataNodes is listening at /0.0.0.0:44808
2019-08-20 14:16:53,603 [IPC Server Responder] INFO  ipc.Server (Server.java:run(1314)) - IPC Server Responder: starting
2019-08-20 14:16:53,603 [IPC Server listener on 44808] INFO  ipc.Server (Server.java:run(1153)) - IPC Server listener on 44808: starting
2019-08-20 14:16:53,607 [main] INFO  http.HttpServer2 (HttpServer2.java:bindListener(1191)) - Jetty bound to port 40663
2019-08-20 14:16:53,608 [main] INFO  server.Server (Server.java:doStart(351)) - jetty-9.3.24.v20180605, build timestamp: 2018-06-05T17:11:56Z, git hash: 84205aa28f11a4f31f2a3b86d1bba2cc8ab69827
2019-08-20 14:16:53,609 [main] INFO  handler.ContextHandler (ContextHandler.java:doStart(781)) - Started o.e.j.s.ServletContextHandler@184de357{/logs,file:///workdir/hadoop-ozone/integration-test/target/log,AVAILABLE}
2019-08-20 14:16:53,610 [main] INFO  handler.ContextHandler (ContextHandler.java:doStart(781)) - Started o.e.j.s.ServletContextHandler@6dcf7b6a{/static,file:///workdir/hadoop-ozone/integration-test/target/test-classes/webapps/static,AVAILABLE}
2019-08-20 14:16:53,619 [main] INFO  handler.ContextHandler (ContextHandler.java:doStart(781)) - Started o.e.j.w.WebAppContext@63cf578f{/,file:///workdir/hadoop-ozone/integration-test/target/test-classes/webapps/scm/,AVAILABLE}{/scm}
2019-08-20 14:16:53,620 [main] INFO  server.AbstractConnector (AbstractConnector.java:doStart(278)) - Started ServerConnector@194b9783{HTTP/1.1,[http/1.1]}{0.0.0.0:40663}
2019-08-20 14:16:53,621 [main] INFO  server.Server (Server.java:doStart(419)) - Started @63771ms
2019-08-20 14:16:53,623 [main] INFO  server.BaseHttpServer (BaseHttpServer.java:updateConnectorAddress(213)) - HTTP server of SCM is listening at http://0.0.0.0:40663
2019-08-20 14:16:53,623 [main] WARN  server.ServerUtils (ServerUtils.java:getDBPath(222)) - ozone.om.db.dirs is not configured. We recommend adding this setting. Falling back to ozone.metadata.dirs instead.
2019-08-20 14:16:53,624 [org.apache.hadoop.util.JvmPauseMonitor$Monitor@4dd1548e] INFO  util.JvmPauseMonitor (JvmPauseMonitor.java:run(188)) - Starting JVM pause monitor
2019-08-20 14:16:53,631 [main] WARN  server.ServerUtils (ServerUtils.java:getDBPath(222)) - ozone.om.db.dirs is not configured. We recommend adding this setting. Falling back to ozone.metadata.dirs instead.
2019-08-20 14:16:53,632 [main] WARN  server.ServerUtils (ServerUtils.java:getDBPath(222)) - ozone.om.db.dirs is not configured. We recommend adding this setting. Falling back to ozone.metadata.dirs instead.
2019-08-20 14:16:53,632 [main] INFO  om.OzoneManager (OzoneManager.java:setOMNodeDetails(648)) - OM Service ID is not set. Setting it to the default ID: omServiceIdDefault
2019-08-20 14:16:53,632 [main] INFO  om.OzoneManager (OzoneManager.java:setOMNodeDetails(654)) - OM Node ID is not set. Setting it to the OmStorage's OmID: 1e7c0802-a6fe-4b35-b41f-901cecc38cae
2019-08-20 14:16:53,632 [main] INFO  om.OzoneManager (OzoneManager.java:loadOMHAConfigs(605)) - Found matching OM address with OMServiceId: null, OMNodeId: null, RPC Address: localhost:0 and Ratis port: 9872
2019-08-20 14:16:53,637 | INFO  | SCMAudit | user=jenkins1000 | ip=192.168.157.218 | op=GET_SCM_INFO null | ret=SUCCESS |  
2019-08-20 14:16:53,640 [main] WARN  server.ServerUtils (ServerUtils.java:getDBPath(222)) - ozone.om.db.dirs is not configured. We recommend adding this setting. Falling back to ozone.metadata.dirs instead.
2019-08-20 14:16:53,640 [main] INFO  db.DBStoreBuilder (DBStoreBuilder.java:addTable(110)) - using custom profile for table: userTable
2019-08-20 14:16:53,640 [main] INFO  db.DBStoreBuilder (DBStoreBuilder.java:processTables(161)) - Using default column profile:DBProfile.DISK for Table:userTable
2019-08-20 14:16:53,641 [main] INFO  db.DBStoreBuilder (DBStoreBuilder.java:addTable(110)) - using custom profile for table: volumeTable
2019-08-20 14:16:53,641 [main] INFO  db.DBStoreBuilder (DBStoreBuilder.java:processTables(161)) - Using default column profile:DBProfile.DISK for Table:volumeTable
2019-08-20 14:16:53,641 [main] INFO  db.DBStoreBuilder (DBStoreBuilder.java:addTable(110)) - using custom profile for table: bucketTable
2019-08-20 14:16:53,641 [main] INFO  db.DBStoreBuilder (DBStoreBuilder.java:processTables(161)) - Using default column profile:DBProfile.DISK for Table:bucketTable
2019-08-20 14:16:53,641 [main] INFO  db.DBStoreBuilder (DBStoreBuilder.java:addTable(110)) - using custom profile for table: keyTable
2019-08-20 14:16:53,641 [main] INFO  db.DBStoreBuilder (DBStoreBuilder.java:processTables(161)) - Using default column profile:DBProfile.DISK for Table:keyTable
2019-08-20 14:16:53,642 [main] INFO  db.DBStoreBuilder (DBStoreBuilder.java:addTable(110)) - using custom profile for table: deletedTable
2019-08-20 14:16:53,642 [main] INFO  db.DBStoreBuilder (DBStoreBuilder.java:processTables(161)) - Using default column profile:DBProfile.DISK for Table:deletedTable
2019-08-20 14:16:53,642 [main] INFO  db.DBStoreBuilder (DBStoreBuilder.java:addTable(110)) - using custom profile for table: openKeyTable
2019-08-20 14:16:53,642 [main] INFO  db.DBStoreBuilder (DBStoreBuilder.java:processTables(161)) - Using default column profile:DBProfile.DISK for Table:openKeyTable
2019-08-20 14:16:53,642 [main] INFO  db.DBStoreBuilder (DBStoreBuilder.java:addTable(110)) - using custom profile for table: s3Table
2019-08-20 14:16:53,642 [main] INFO  db.DBStoreBuilder (DBStoreBuilder.java:processTables(161)) - Using default column profile:DBProfile.DISK for Table:s3Table
2019-08-20 14:16:53,643 [main] INFO  db.DBStoreBuilder (DBStoreBuilder.java:addTable(110)) - using custom profile for table: multipartInfoTable
2019-08-20 14:16:53,643 [main] INFO  db.DBStoreBuilder (DBStoreBuilder.java:processTables(161)) - Using default column profile:DBProfile.DISK for Table:multipartInfoTable
2019-08-20 14:16:53,643 [main] INFO  db.DBStoreBuilder (DBStoreBuilder.java:addTable(110)) - using custom profile for table: dTokenTable
2019-08-20 14:16:53,643 [main] INFO  db.DBStoreBuilder (DBStoreBuilder.java:processTables(161)) - Using default column profile:DBProfile.DISK for Table:dTokenTable
2019-08-20 14:16:53,643 [main] INFO  db.DBStoreBuilder (DBStoreBuilder.java:addTable(110)) - using custom profile for table: s3SecretTable
2019-08-20 14:16:53,644 [main] INFO  db.DBStoreBuilder (DBStoreBuilder.java:processTables(161)) - Using default column profile:DBProfile.DISK for Table:s3SecretTable
2019-08-20 14:16:53,644 [main] INFO  db.DBStoreBuilder (DBStoreBuilder.java:addTable(110)) - using custom profile for table: prefixTable
2019-08-20 14:16:53,644 [main] INFO  db.DBStoreBuilder (DBStoreBuilder.java:processTables(161)) - Using default column profile:DBProfile.DISK for Table:prefixTable
2019-08-20 14:16:53,644 [main] INFO  db.DBStoreBuilder (DBStoreBuilder.java:addTable(110)) - using custom profile for table: default
2019-08-20 14:16:53,644 [main] INFO  db.DBStoreBuilder (DBStoreBuilder.java:processTables(167)) - Using default column profile:DBProfile.DISK for Table:default
2019-08-20 14:16:53,644 [main] INFO  db.DBStoreBuilder (DBStoreBuilder.java:getDbProfile(198)) - Using default options. DBProfile.DISK
2019-08-20 14:16:54,153 [main] INFO  ipc.CallQueueManager (CallQueueManager.java:<init>(84)) - Using callQueue: class java.util.concurrent.LinkedBlockingQueue, queueCapacity: 2000, scheduler: class org.apache.hadoop.ipc.DefaultRpcScheduler, ipcBackoff: false.
2019-08-20 14:16:54,154 [Socket Reader #1 for port 37459] INFO  ipc.Server (Server.java:run(1074)) - Starting Socket Reader #1 for port 37459
2019-08-20 14:16:54,166 [main] INFO  om.OzoneManager (OzoneManager.java:start(1259)) - OzoneManager RPC server is listening at localhost/127.0.0.1:37459
2019-08-20 14:16:54,167 [main] INFO  impl.MetricsSystemImpl (MetricsSystemImpl.java:init(158)) - OzoneManager metrics system started (again)
2019-08-20 14:16:54,167 [IPC Server Responder] INFO  ipc.Server (Server.java:run(1314)) - IPC Server Responder: starting
2019-08-20 14:16:54,168 [IPC Server listener on 37459] INFO  ipc.Server (Server.java:run(1153)) - IPC Server listener on 37459: starting
2019-08-20 14:16:54,172 [main] INFO  hdfs.DFSUtil (DFSUtil.java:httpServerTemplateForNNAndJN(1641)) - Starting Web-server for ozoneManager at: http://0.0.0.0:0
2019-08-20 14:16:54,174 [main] INFO  server.AuthenticationFilter (AuthenticationFilter.java:constructSecretProvider(240)) - Unable to initialize FileSignerSecretProvider, falling back to use random secrets.
2019-08-20 14:16:54,174 [main] WARN  http.HttpRequestLog (HttpRequestLog.java:getRequestLog(97)) - Jetty request log can only be enabled using Log4j
2019-08-20 14:16:54,176 [main] INFO  http.HttpServer2 (HttpServer2.java:addGlobalFilter(975)) - Added global filter 'safety' (class=org.apache.hadoop.http.HttpServer2$QuotingInputFilter)
2019-08-20 14:16:54,177 [main] INFO  http.HttpServer2 (HttpServer2.java:addFilter(948)) - Added filter static_user_filter (class=org.apache.hadoop.http.lib.StaticUserWebFilter$StaticUserFilter) to context ozoneManager
2019-08-20 14:16:54,177 [main] INFO  http.HttpServer2 (HttpServer2.java:addFilter(958)) - Added filter static_user_filter (class=org.apache.hadoop.http.lib.StaticUserWebFilter$StaticUserFilter) to context logs
2019-08-20 14:16:54,177 [main] INFO  http.HttpServer2 (HttpServer2.java:addFilter(958)) - Added filter static_user_filter (class=org.apache.hadoop.http.lib.StaticUserWebFilter$StaticUserFilter) to context static
2019-08-20 14:16:54,178 [main] INFO  http.HttpServer2 (HttpServer2.java:bindListener(1191)) - Jetty bound to port 43019
2019-08-20 14:16:54,179 [main] INFO  server.Server (Server.java:doStart(351)) - jetty-9.3.24.v20180605, build timestamp: 2018-06-05T17:11:56Z, git hash: 84205aa28f11a4f31f2a3b86d1bba2cc8ab69827
2019-08-20 14:16:54,180 [main] INFO  handler.ContextHandler (ContextHandler.java:doStart(781)) - Started o.e.j.s.ServletContextHandler@4005e485{/logs,file:///workdir/hadoop-ozone/integration-test/target/log,AVAILABLE}
2019-08-20 14:16:54,181 [main] INFO  handler.ContextHandler (ContextHandler.java:doStart(781)) - Started o.e.j.s.ServletContextHandler@464400b3{/static,file:///workdir/hadoop-ozone/integration-test/target/test-classes/webapps/static,AVAILABLE}
2019-08-20 14:16:54,187 [main] INFO  handler.ContextHandler (ContextHandler.java:doStart(781)) - Started o.e.j.w.WebAppContext@2eb6d34a{/,file:///workdir/hadoop-ozone/integration-test/target/test-classes/webapps/ozoneManager/,AVAILABLE}{/ozoneManager}
2019-08-20 14:16:54,187 [main] INFO  server.AbstractConnector (AbstractConnector.java:doStart(278)) - Started ServerConnector@2d73e8c4{HTTP/1.1,[http/1.1]}{0.0.0.0:43019}
2019-08-20 14:16:54,188 [main] INFO  server.Server (Server.java:doStart(419)) - Started @64339ms
2019-08-20 14:16:54,189 [main] INFO  server.BaseHttpServer (BaseHttpServer.java:updateConnectorAddress(213)) - HTTP server of OZONEMANAGER is listening at http://0.0.0.0:43019
2019-08-20 14:16:54,206 [main] INFO  impl.MetricsSystemImpl (MetricsSystemImpl.java:init(158)) - HddsDatanode metrics system started (again)
2019-08-20 14:16:54,208 [main] INFO  ozone.HddsDatanodeService (HddsDatanodeService.java:start(184)) - HddsDatanodeService host:pr-hdds-1950-rs6kf-667707070 ip:192.168.157.218
2019-08-20 14:16:54,214 [main] INFO  volume.HddsVolume (HddsVolume.java:<init>(176)) - Creating Volume: /workdir/hadoop-ozone/integration-test/target/test-dir/MiniOzoneClusterImpl-1e699435-ac44-4e4c-83e9-3412d5c7c720/datanode-0/data/containers/hdds of  storage type : DISK and capacity : 1482555576320
2019-08-20 14:16:54,214 [main] INFO  volume.VolumeSet (VolumeSet.java:initializeVolumeSet(170)) - Added Volume : /workdir/hadoop-ozone/integration-test/target/test-dir/MiniOzoneClusterImpl-1e699435-ac44-4e4c-83e9-3412d5c7c720/datanode-0/data/containers/hdds to VolumeSet
2019-08-20 14:16:54,215 [main] INFO  volume.ThrottledAsyncChecker (ThrottledAsyncChecker.java:schedule(140)) - Scheduling a check for org.apache.hadoop.ozone.container.common.volume.HddsVolume@35010a6b
2019-08-20 14:16:54,215 [main] INFO  volume.HddsVolumeChecker (HddsVolumeChecker.java:checkAllVolumes(203)) - Scheduled health check for volume org.apache.hadoop.ozone.container.common.volume.HddsVolume@35010a6b
2019-08-20 14:16:54,229 [main] INFO  impl.RaftServerProxy (ConfUtils.java:logGet(43)) - raft.rpc.type = GRPC (default)
2019-08-20 14:16:54,229 [main] INFO  grpc.GrpcFactory (GrpcFactory.java:checkPooledByteBufAllocatorUseCacheForAllThreads(45)) - PERFORMANCE WARNING: useCacheForAllThreads is true that may cause Netty to create a lot garbage objects and, as a result, trigger GC.
	It is recommended to disable useCacheForAllThreads by setting -Dorg.apache.ratis.thirdparty.io.netty.allocator.useCacheForAllThreads=false in command line.
2019-08-20 14:16:54,230 [main] INFO  grpc.GrpcConfigKeys$Server (ConfUtils.java:logGet(43)) - raft.grpc.server.port = 0 (default)
2019-08-20 14:16:54,230 [main] INFO  server.GrpcService (ConfUtils.java:logGet(43)) - raft.grpc.message.size.max = 33570816 (custom)
2019-08-20 14:16:54,230 [main] INFO  server.RaftServerConfigKeys (ConfUtils.java:logGet(43)) - raft.server.log.appender.buffer.byte-limit = 33554432 (custom)
2019-08-20 14:16:54,230 [main] INFO  server.GrpcService (ConfUtils.java:logGet(43)) - raft.grpc.flow.control.window = 1MB (=1048576) (default)
2019-08-20 14:16:54,230 [main] INFO  server.RaftServerConfigKeys (ConfUtils.java:logGet(43)) - raft.server.rpc.request.timeout = 3000ms (default)
2019-08-20 14:16:54,231 [main] INFO  server.RaftServerConfigKeys (ConfUtils.java:logGet(43)) - raft.server.storage.dir = [/workdir/hadoop-ozone/integration-test/target/test-dir/MiniOzoneClusterImpl-1e699435-ac44-4e4c-83e9-3412d5c7c720/datanode-0/data/ratis] (custom)
2019-08-20 14:16:54,232 [main] INFO  replication.SimpleContainerDownloader (SimpleContainerDownloader.java:<init>(72)) - Starting container downloader service to copy containers to replicate.
2019-08-20 14:16:54,233 [main] INFO  hdfs.DFSUtil (DFSUtil.java:httpServerTemplateForNNAndJN(1641)) - Starting Web-server for hddsDatanode at: http://0.0.0.0:0
2019-08-20 14:16:54,234 [main] INFO  server.AuthenticationFilter (AuthenticationFilter.java:constructSecretProvider(240)) - Unable to initialize FileSignerSecretProvider, falling back to use random secrets.
2019-08-20 14:16:54,234 [main] WARN  http.HttpRequestLog (HttpRequestLog.java:getRequestLog(97)) - Jetty request log can only be enabled using Log4j
2019-08-20 14:16:54,236 [main] INFO  http.HttpServer2 (HttpServer2.java:addGlobalFilter(975)) - Added global filter 'safety' (class=org.apache.hadoop.http.HttpServer2$QuotingInputFilter)
2019-08-20 14:16:54,236 [main] INFO  http.HttpServer2 (HttpServer2.java:addFilter(948)) - Added filter static_user_filter (class=org.apache.hadoop.http.lib.StaticUserWebFilter$StaticUserFilter) to context hddsDatanode
2019-08-20 14:16:54,236 [main] INFO  http.HttpServer2 (HttpServer2.java:addFilter(958)) - Added filter static_user_filter (class=org.apache.hadoop.http.lib.StaticUserWebFilter$StaticUserFilter) to context logs
2019-08-20 14:16:54,237 [main] INFO  http.HttpServer2 (HttpServer2.java:addFilter(958)) - Added filter static_user_filter (class=org.apache.hadoop.http.lib.StaticUserWebFilter$StaticUserFilter) to context static
2019-08-20 14:16:54,237 [main] INFO  http.HttpServer2 (HttpServer2.java:bindListener(1191)) - Jetty bound to port 43155
2019-08-20 14:16:54,238 [main] INFO  server.Server (Server.java:doStart(351)) - jetty-9.3.24.v20180605, build timestamp: 2018-06-05T17:11:56Z, git hash: 84205aa28f11a4f31f2a3b86d1bba2cc8ab69827
2019-08-20 14:16:54,239 [main] INFO  handler.ContextHandler (ContextHandler.java:doStart(781)) - Started o.e.j.s.ServletContextHandler@7657d90b{/logs,file:///workdir/hadoop-ozone/integration-test/target/log,AVAILABLE}
2019-08-20 14:16:54,239 [main] INFO  handler.ContextHandler (ContextHandler.java:doStart(781)) - Started o.e.j.s.ServletContextHandler@416a4275{/static,jar:file:/home/user/.m2/repository/org/apache/hadoop/hadoop-hdds-container-service/0.5.0-SNAPSHOT/hadoop-hdds-container-service-0.5.0-SNAPSHOT.jar!/webapps/static,AVAILABLE}
2019-08-20 14:16:54,268 [main] INFO  handler.ContextHandler (ContextHandler.java:doStart(781)) - Started o.e.j.w.WebAppContext@2987d0fa{/,file:///tmp/jetty-0.0.0.0-43155-hddsDatanode-_-any-1920299123320182933.dir/webapp/,AVAILABLE}{/hddsDatanode}
2019-08-20 14:16:54,268 [main] INFO  server.AbstractConnector (AbstractConnector.java:doStart(278)) - Started ServerConnector@13234ac9{HTTP/1.1,[http/1.1]}{0.0.0.0:43155}
2019-08-20 14:16:54,269 [main] INFO  server.Server (Server.java:doStart(419)) - Started @64420ms
2019-08-20 14:16:54,270 [main] INFO  server.BaseHttpServer (BaseHttpServer.java:updateConnectorAddress(213)) - HTTP server of HDDSDATANODE is listening at http://0.0.0.0:43155
2019-08-20 14:16:54,414 | INFO  | ObjectStoreRestHttpServer | Listening HDDS REST traffic on /0.0.0.0:45280 |  
2019-08-20 14:16:54,414 [main] INFO  ozone.HddsDatanodeService (HddsDatanodeService.java:startPlugins(395)) - Started plug-in org.apache.hadoop.ozone.web.OzoneHddsDatanodeService@4db728df
2019-08-20 14:16:54,415 [main] INFO  impl.MetricsSystemImpl (MetricsSystemImpl.java:init(158)) - HddsDatanode metrics system started (again)
2019-08-20 14:16:54,418 [org.apache.hadoop.util.JvmPauseMonitor$Monitor@6318643a] INFO  util.JvmPauseMonitor (JvmPauseMonitor.java:run(188)) - Starting JVM pause monitor
2019-08-20 14:16:54,418 [main] INFO  ozone.HddsDatanodeService (HddsDatanodeService.java:start(184)) - HddsDatanodeService host:pr-hdds-1950-rs6kf-667707070 ip:192.168.157.218
2019-08-20 14:16:54,419 [Datanode State Machine Thread - 0] INFO  datanode.InitDatanodeState (InitDatanodeState.java:persistContainerDatanodeDetails(140)) - DatanodeDetails is persisted to /workdir/hadoop-ozone/integration-test/target/test-dir/MiniOzoneClusterImpl-1e699435-ac44-4e4c-83e9-3412d5c7c720/datanode-0/meta/datanode.id
2019-08-20 14:16:54,424 [main] INFO  volume.HddsVolume (HddsVolume.java:<init>(176)) - Creating Volume: /workdir/hadoop-ozone/integration-test/target/test-dir/MiniOzoneClusterImpl-1e699435-ac44-4e4c-83e9-3412d5c7c720/datanode-1/data/containers/hdds of  storage type : DISK and capacity : 1482555576320
2019-08-20 14:16:54,424 [main] INFO  volume.VolumeSet (VolumeSet.java:initializeVolumeSet(170)) - Added Volume : /workdir/hadoop-ozone/integration-test/target/test-dir/MiniOzoneClusterImpl-1e699435-ac44-4e4c-83e9-3412d5c7c720/datanode-1/data/containers/hdds to VolumeSet
2019-08-20 14:16:54,424 [main] INFO  volume.ThrottledAsyncChecker (ThrottledAsyncChecker.java:schedule(140)) - Scheduling a check for org.apache.hadoop.ozone.container.common.volume.HddsVolume@5c1c9881
2019-08-20 14:16:54,425 [main] INFO  volume.HddsVolumeChecker (HddsVolumeChecker.java:checkAllVolumes(203)) - Scheduled health check for volume org.apache.hadoop.ozone.container.common.volume.HddsVolume@5c1c9881
2019-08-20 14:16:54,439 [main] INFO  impl.RaftServerProxy (ConfUtils.java:logGet(43)) - raft.rpc.type = GRPC (default)
2019-08-20 14:16:54,440 [main] INFO  grpc.GrpcFactory (GrpcFactory.java:checkPooledByteBufAllocatorUseCacheForAllThreads(45)) - PERFORMANCE WARNING: useCacheForAllThreads is true that may cause Netty to create a lot garbage objects and, as a result, trigger GC.
	It is recommended to disable useCacheForAllThreads by setting -Dorg.apache.ratis.thirdparty.io.netty.allocator.useCacheForAllThreads=false in command line.
2019-08-20 14:16:54,440 [main] INFO  grpc.GrpcConfigKeys$Server (ConfUtils.java:logGet(43)) - raft.grpc.server.port = 0 (default)
2019-08-20 14:16:54,440 [main] INFO  server.GrpcService (ConfUtils.java:logGet(43)) - raft.grpc.message.size.max = 33570816 (custom)
2019-08-20 14:16:54,440 [main] INFO  server.RaftServerConfigKeys (ConfUtils.java:logGet(43)) - raft.server.log.appender.buffer.byte-limit = 33554432 (custom)
2019-08-20 14:16:54,440 [main] INFO  server.GrpcService (ConfUtils.java:logGet(43)) - raft.grpc.flow.control.window = 1MB (=1048576) (default)
2019-08-20 14:16:54,441 [main] INFO  server.RaftServerConfigKeys (ConfUtils.java:logGet(43)) - raft.server.rpc.request.timeout = 3000ms (default)
2019-08-20 14:16:54,441 [main] INFO  server.RaftServerConfigKeys (ConfUtils.java:logGet(43)) - raft.server.storage.dir = [/workdir/hadoop-ozone/integration-test/target/test-dir/MiniOzoneClusterImpl-1e699435-ac44-4e4c-83e9-3412d5c7c720/datanode-1/data/ratis] (custom)
2019-08-20 14:16:54,441 [main] INFO  replication.SimpleContainerDownloader (SimpleContainerDownloader.java:<init>(72)) - Starting container downloader service to copy containers to replicate.
2019-08-20 14:16:54,442 [main] INFO  hdfs.DFSUtil (DFSUtil.java:httpServerTemplateForNNAndJN(1641)) - Starting Web-server for hddsDatanode at: http://0.0.0.0:0
2019-08-20 14:16:54,444 [main] INFO  server.AuthenticationFilter (AuthenticationFilter.java:constructSecretProvider(240)) - Unable to initialize FileSignerSecretProvider, falling back to use random secrets.
2019-08-20 14:16:54,444 [main] WARN  http.HttpRequestLog (HttpRequestLog.java:getRequestLog(97)) - Jetty request log can only be enabled using Log4j
2019-08-20 14:16:54,446 [main] INFO  http.HttpServer2 (HttpServer2.java:addGlobalFilter(975)) - Added global filter 'safety' (class=org.apache.hadoop.http.HttpServer2$QuotingInputFilter)
2019-08-20 14:16:54,446 [main] INFO  http.HttpServer2 (HttpServer2.java:addFilter(948)) - Added filter static_user_filter (class=org.apache.hadoop.http.lib.StaticUserWebFilter$StaticUserFilter) to context hddsDatanode
2019-08-20 14:16:54,446 [main] INFO  http.HttpServer2 (HttpServer2.java:addFilter(958)) - Added filter static_user_filter (class=org.apache.hadoop.http.lib.StaticUserWebFilter$StaticUserFilter) to context static
2019-08-20 14:16:54,446 [main] INFO  http.HttpServer2 (HttpServer2.java:addFilter(958)) - Added filter static_user_filter (class=org.apache.hadoop.http.lib.StaticUserWebFilter$StaticUserFilter) to context logs
2019-08-20 14:16:54,447 [main] INFO  http.HttpServer2 (HttpServer2.java:bindListener(1191)) - Jetty bound to port 34444
2019-08-20 14:16:54,447 [main] INFO  server.Server (Server.java:doStart(351)) - jetty-9.3.24.v20180605, build timestamp: 2018-06-05T17:11:56Z, git hash: 84205aa28f11a4f31f2a3b86d1bba2cc8ab69827
2019-08-20 14:16:54,449 [main] INFO  handler.ContextHandler (ContextHandler.java:doStart(781)) - Started o.e.j.s.ServletContextHandler@794cb26b{/logs,file:///workdir/hadoop-ozone/integration-test/target/log,AVAILABLE}
2019-08-20 14:16:54,449 [main] INFO  handler.ContextHandler (ContextHandler.java:doStart(781)) - Started o.e.j.s.ServletContextHandler@311a0b3e{/static,jar:file:/home/user/.m2/repository/org/apache/hadoop/hadoop-hdds-container-service/0.5.0-SNAPSHOT/hadoop-hdds-container-service-0.5.0-SNAPSHOT.jar!/webapps/static,AVAILABLE}
2019-08-20 14:16:54,478 [main] INFO  handler.ContextHandler (ContextHandler.java:doStart(781)) - Started o.e.j.w.WebAppContext@26101efc{/,file:///tmp/jetty-0.0.0.0-34444-hddsDatanode-_-any-9029519956122453722.dir/webapp/,AVAILABLE}{/hddsDatanode}
2019-08-20 14:16:54,480 [main] INFO  server.AbstractConnector (AbstractConnector.java:doStart(278)) - Started ServerConnector@4e2109fe{HTTP/1.1,[http/1.1]}{0.0.0.0:34444}
2019-08-20 14:16:54,480 [main] INFO  server.Server (Server.java:doStart(419)) - Started @64631ms
2019-08-20 14:16:54,481 [main] INFO  server.BaseHttpServer (BaseHttpServer.java:updateConnectorAddress(213)) - HTTP server of HDDSDATANODE is listening at http://0.0.0.0:34444
2019-08-20 14:16:54,609 | INFO  | ObjectStoreRestHttpServer | Listening HDDS REST traffic on /0.0.0.0:45738 |  
2019-08-20 14:16:54,609 [main] INFO  ozone.HddsDatanodeService (HddsDatanodeService.java:startPlugins(395)) - Started plug-in org.apache.hadoop.ozone.web.OzoneHddsDatanodeService@4387d2f4
2019-08-20 14:16:54,610 [main] INFO  impl.MetricsSystemImpl (MetricsSystemImpl.java:init(158)) - HddsDatanode metrics system started (again)
2019-08-20 14:16:54,613 [org.apache.hadoop.util.JvmPauseMonitor$Monitor@6ac64488] INFO  util.JvmPauseMonitor (JvmPauseMonitor.java:run(188)) - Starting JVM pause monitor
2019-08-20 14:16:54,614 [main] INFO  ozone.HddsDatanodeService (HddsDatanodeService.java:start(184)) - HddsDatanodeService host:pr-hdds-1950-rs6kf-667707070 ip:192.168.157.218
2019-08-20 14:16:54,615 [Datanode State Machine Thread - 0] INFO  datanode.InitDatanodeState (InitDatanodeState.java:persistContainerDatanodeDetails(140)) - DatanodeDetails is persisted to /workdir/hadoop-ozone/integration-test/target/test-dir/MiniOzoneClusterImpl-1e699435-ac44-4e4c-83e9-3412d5c7c720/datanode-1/meta/datanode.id
2019-08-20 14:16:54,619 [main] INFO  volume.HddsVolume (HddsVolume.java:<init>(176)) - Creating Volume: /workdir/hadoop-ozone/integration-test/target/test-dir/MiniOzoneClusterImpl-1e699435-ac44-4e4c-83e9-3412d5c7c720/datanode-2/data/containers/hdds of  storage type : DISK and capacity : 1482555576320
2019-08-20 14:16:54,619 [main] INFO  volume.VolumeSet (VolumeSet.java:initializeVolumeSet(170)) - Added Volume : /workdir/hadoop-ozone/integration-test/target/test-dir/MiniOzoneClusterImpl-1e699435-ac44-4e4c-83e9-3412d5c7c720/datanode-2/data/containers/hdds to VolumeSet
2019-08-20 14:16:54,619 [main] INFO  volume.ThrottledAsyncChecker (ThrottledAsyncChecker.java:schedule(140)) - Scheduling a check for org.apache.hadoop.ozone.container.common.volume.HddsVolume@4aeaff64
2019-08-20 14:16:54,620 [main] INFO  volume.HddsVolumeChecker (HddsVolumeChecker.java:checkAllVolumes(203)) - Scheduled health check for volume org.apache.hadoop.ozone.container.common.volume.HddsVolume@4aeaff64
2019-08-20 14:16:54,632 [main] INFO  impl.RaftServerProxy (ConfUtils.java:logGet(43)) - raft.rpc.type = GRPC (default)
2019-08-20 14:16:54,633 [main] INFO  grpc.GrpcFactory (GrpcFactory.java:checkPooledByteBufAllocatorUseCacheForAllThreads(45)) - PERFORMANCE WARNING: useCacheForAllThreads is true that may cause Netty to create a lot garbage objects and, as a result, trigger GC.
	It is recommended to disable useCacheForAllThreads by setting -Dorg.apache.ratis.thirdparty.io.netty.allocator.useCacheForAllThreads=false in command line.
2019-08-20 14:16:54,633 [main] INFO  grpc.GrpcConfigKeys$Server (ConfUtils.java:logGet(43)) - raft.grpc.server.port = 0 (default)
2019-08-20 14:16:54,633 [main] INFO  server.GrpcService (ConfUtils.java:logGet(43)) - raft.grpc.message.size.max = 33570816 (custom)
2019-08-20 14:16:54,633 [main] INFO  server.RaftServerConfigKeys (ConfUtils.java:logGet(43)) - raft.server.log.appender.buffer.byte-limit = 33554432 (custom)
2019-08-20 14:16:54,633 [main] INFO  server.GrpcService (ConfUtils.java:logGet(43)) - raft.grpc.flow.control.window = 1MB (=1048576) (default)
2019-08-20 14:16:54,633 [main] INFO  server.RaftServerConfigKeys (ConfUtils.java:logGet(43)) - raft.server.rpc.request.timeout = 3000ms (default)
2019-08-20 14:16:54,634 [main] INFO  server.RaftServerConfigKeys (ConfUtils.java:logGet(43)) - raft.server.storage.dir = [/workdir/hadoop-ozone/integration-test/target/test-dir/MiniOzoneClusterImpl-1e699435-ac44-4e4c-83e9-3412d5c7c720/datanode-2/data/ratis] (custom)
2019-08-20 14:16:54,634 [main] INFO  replication.SimpleContainerDownloader (SimpleContainerDownloader.java:<init>(72)) - Starting container downloader service to copy containers to replicate.
2019-08-20 14:16:54,635 [main] INFO  hdfs.DFSUtil (DFSUtil.java:httpServerTemplateForNNAndJN(1641)) - Starting Web-server for hddsDatanode at: http://0.0.0.0:0
2019-08-20 14:16:54,636 [main] INFO  server.AuthenticationFilter (AuthenticationFilter.java:constructSecretProvider(240)) - Unable to initialize FileSignerSecretProvider, falling back to use random secrets.
2019-08-20 14:16:54,637 [main] WARN  http.HttpRequestLog (HttpRequestLog.java:getRequestLog(97)) - Jetty request log can only be enabled using Log4j
2019-08-20 14:16:54,638 [main] INFO  http.HttpServer2 (HttpServer2.java:addGlobalFilter(975)) - Added global filter 'safety' (class=org.apache.hadoop.http.HttpServer2$QuotingInputFilter)
2019-08-20 14:16:54,639 [main] INFO  http.HttpServer2 (HttpServer2.java:addFilter(948)) - Added filter static_user_filter (class=org.apache.hadoop.http.lib.StaticUserWebFilter$StaticUserFilter) to context hddsDatanode
2019-08-20 14:16:54,639 [main] INFO  http.HttpServer2 (HttpServer2.java:addFilter(958)) - Added filter static_user_filter (class=org.apache.hadoop.http.lib.StaticUserWebFilter$StaticUserFilter) to context static
2019-08-20 14:16:54,639 [main] INFO  http.HttpServer2 (HttpServer2.java:addFilter(958)) - Added filter static_user_filter (class=org.apache.hadoop.http.lib.StaticUserWebFilter$StaticUserFilter) to context logs
2019-08-20 14:16:54,639 [main] INFO  http.HttpServer2 (HttpServer2.java:bindListener(1191)) - Jetty bound to port 46701
2019-08-20 14:16:54,640 [main] INFO  server.Server (Server.java:doStart(351)) - jetty-9.3.24.v20180605, build timestamp: 2018-06-05T17:11:56Z, git hash: 84205aa28f11a4f31f2a3b86d1bba2cc8ab69827
2019-08-20 14:16:54,641 [main] INFO  handler.ContextHandler (ContextHandler.java:doStart(781)) - Started o.e.j.s.ServletContextHandler@698ac187{/logs,file:///workdir/hadoop-ozone/integration-test/target/log,AVAILABLE}
2019-08-20 14:16:54,641 [main] INFO  handler.ContextHandler (ContextHandler.java:doStart(781)) - Started o.e.j.s.ServletContextHandler@65f5cae3{/static,jar:file:/home/user/.m2/repository/org/apache/hadoop/hadoop-hdds-container-service/0.5.0-SNAPSHOT/hadoop-hdds-container-service-0.5.0-SNAPSHOT.jar!/webapps/static,AVAILABLE}
2019-08-20 14:16:54,669 [main] INFO  handler.ContextHandler (ContextHandler.java:doStart(781)) - Started o.e.j.w.WebAppContext@4a4ff5ed{/,file:///tmp/jetty-0.0.0.0-46701-hddsDatanode-_-any-4123830543152473431.dir/webapp/,AVAILABLE}{/hddsDatanode}
2019-08-20 14:16:54,669 [main] INFO  server.AbstractConnector (AbstractConnector.java:doStart(278)) - Started ServerConnector@5ddb302{HTTP/1.1,[http/1.1]}{0.0.0.0:46701}
2019-08-20 14:16:54,671 [main] INFO  server.Server (Server.java:doStart(419)) - Started @64821ms
2019-08-20 14:16:54,672 [main] INFO  server.BaseHttpServer (BaseHttpServer.java:updateConnectorAddress(213)) - HTTP server of HDDSDATANODE is listening at http://0.0.0.0:46701
2019-08-20 14:16:54,799 | INFO  | ObjectStoreRestHttpServer | Listening HDDS REST traffic on /0.0.0.0:42947 |  
2019-08-20 14:16:54,800 [main] INFO  ozone.HddsDatanodeService (HddsDatanodeService.java:startPlugins(395)) - Started plug-in org.apache.hadoop.ozone.web.OzoneHddsDatanodeService@4ef31221
2019-08-20 14:16:54,800 [main] INFO  impl.MetricsSystemImpl (MetricsSystemImpl.java:init(158)) - HddsDatanode metrics system started (again)
2019-08-20 14:16:54,804 [org.apache.hadoop.util.JvmPauseMonitor$Monitor@6db717ac] INFO  util.JvmPauseMonitor (JvmPauseMonitor.java:run(188)) - Starting JVM pause monitor
2019-08-20 14:16:54,805 [main] INFO  ozone.HddsDatanodeService (HddsDatanodeService.java:start(184)) - HddsDatanodeService host:pr-hdds-1950-rs6kf-667707070 ip:192.168.157.218
2019-08-20 14:16:54,806 [Datanode State Machine Thread - 0] INFO  datanode.InitDatanodeState (InitDatanodeState.java:persistContainerDatanodeDetails(140)) - DatanodeDetails is persisted to /workdir/hadoop-ozone/integration-test/target/test-dir/MiniOzoneClusterImpl-1e699435-ac44-4e4c-83e9-3412d5c7c720/datanode-2/meta/datanode.id
2019-08-20 14:16:54,811 [main] INFO  volume.HddsVolume (HddsVolume.java:<init>(176)) - Creating Volume: /workdir/hadoop-ozone/integration-test/target/test-dir/MiniOzoneClusterImpl-1e699435-ac44-4e4c-83e9-3412d5c7c720/datanode-3/data/containers/hdds of  storage type : DISK and capacity : 1482555576320
2019-08-20 14:16:54,812 [main] INFO  volume.VolumeSet (VolumeSet.java:initializeVolumeSet(170)) - Added Volume : /workdir/hadoop-ozone/integration-test/target/test-dir/MiniOzoneClusterImpl-1e699435-ac44-4e4c-83e9-3412d5c7c720/datanode-3/data/containers/hdds to VolumeSet
2019-08-20 14:16:54,812 [main] INFO  volume.ThrottledAsyncChecker (ThrottledAsyncChecker.java:schedule(140)) - Scheduling a check for org.apache.hadoop.ozone.container.common.volume.HddsVolume@186295cc
2019-08-20 14:16:54,813 [main] INFO  volume.HddsVolumeChecker (HddsVolumeChecker.java:checkAllVolumes(203)) - Scheduled health check for volume org.apache.hadoop.ozone.container.common.volume.HddsVolume@186295cc
2019-08-20 14:16:54,828 [main] INFO  impl.RaftServerProxy (ConfUtils.java:logGet(43)) - raft.rpc.type = GRPC (default)
2019-08-20 14:16:54,828 [main] INFO  grpc.GrpcFactory (GrpcFactory.java:checkPooledByteBufAllocatorUseCacheForAllThreads(45)) - PERFORMANCE WARNING: useCacheForAllThreads is true that may cause Netty to create a lot garbage objects and, as a result, trigger GC.
	It is recommended to disable useCacheForAllThreads by setting -Dorg.apache.ratis.thirdparty.io.netty.allocator.useCacheForAllThreads=false in command line.
2019-08-20 14:16:54,828 [main] INFO  grpc.GrpcConfigKeys$Server (ConfUtils.java:logGet(43)) - raft.grpc.server.port = 0 (default)
2019-08-20 14:16:54,829 [main] INFO  server.GrpcService (ConfUtils.java:logGet(43)) - raft.grpc.message.size.max = 33570816 (custom)
2019-08-20 14:16:54,829 [main] INFO  server.RaftServerConfigKeys (ConfUtils.java:logGet(43)) - raft.server.log.appender.buffer.byte-limit = 33554432 (custom)
2019-08-20 14:16:54,829 [main] INFO  server.GrpcService (ConfUtils.java:logGet(43)) - raft.grpc.flow.control.window = 1MB (=1048576) (default)
2019-08-20 14:16:54,829 [main] INFO  server.RaftServerConfigKeys (ConfUtils.java:logGet(43)) - raft.server.rpc.request.timeout = 3000ms (default)
2019-08-20 14:16:54,830 [main] INFO  server.RaftServerConfigKeys (ConfUtils.java:logGet(43)) - raft.server.storage.dir = [/workdir/hadoop-ozone/integration-test/target/test-dir/MiniOzoneClusterImpl-1e699435-ac44-4e4c-83e9-3412d5c7c720/datanode-3/data/ratis] (custom)
2019-08-20 14:16:54,830 [main] INFO  replication.SimpleContainerDownloader (SimpleContainerDownloader.java:<init>(72)) - Starting container downloader service to copy containers to replicate.
2019-08-20 14:16:54,831 [main] INFO  hdfs.DFSUtil (DFSUtil.java:httpServerTemplateForNNAndJN(1641)) - Starting Web-server for hddsDatanode at: http://0.0.0.0:0
2019-08-20 14:16:54,832 [main] INFO  server.AuthenticationFilter (AuthenticationFilter.java:constructSecretProvider(240)) - Unable to initialize FileSignerSecretProvider, falling back to use random secrets.
2019-08-20 14:16:54,833 [main] WARN  http.HttpRequestLog (HttpRequestLog.java:getRequestLog(97)) - Jetty request log can only be enabled using Log4j
2019-08-20 14:16:54,834 [main] INFO  http.HttpServer2 (HttpServer2.java:addGlobalFilter(975)) - Added global filter 'safety' (class=org.apache.hadoop.http.HttpServer2$QuotingInputFilter)
2019-08-20 14:16:54,834 [main] INFO  http.HttpServer2 (HttpServer2.java:addFilter(948)) - Added filter static_user_filter (class=org.apache.hadoop.http.lib.StaticUserWebFilter$StaticUserFilter) to context hddsDatanode
2019-08-20 14:16:54,835 [main] INFO  http.HttpServer2 (HttpServer2.java:addFilter(958)) - Added filter static_user_filter (class=org.apache.hadoop.http.lib.StaticUserWebFilter$StaticUserFilter) to context static
2019-08-20 14:16:54,835 [main] INFO  http.HttpServer2 (HttpServer2.java:addFilter(958)) - Added filter static_user_filter (class=org.apache.hadoop.http.lib.StaticUserWebFilter$StaticUserFilter) to context logs
2019-08-20 14:16:54,835 [main] INFO  http.HttpServer2 (HttpServer2.java:bindListener(1191)) - Jetty bound to port 46693
2019-08-20 14:16:54,836 [main] INFO  server.Server (Server.java:doStart(351)) - jetty-9.3.24.v20180605, build timestamp: 2018-06-05T17:11:56Z, git hash: 84205aa28f11a4f31f2a3b86d1bba2cc8ab69827
2019-08-20 14:16:54,837 [main] INFO  handler.ContextHandler (ContextHandler.java:doStart(781)) - Started o.e.j.s.ServletContextHandler@49d543a9{/logs,file:///workdir/hadoop-ozone/integration-test/target/log,AVAILABLE}
2019-08-20 14:16:54,837 [main] INFO  handler.ContextHandler (ContextHandler.java:doStart(781)) - Started o.e.j.s.ServletContextHandler@4ac19bc6{/static,jar:file:/home/user/.m2/repository/org/apache/hadoop/hadoop-hdds-container-service/0.5.0-SNAPSHOT/hadoop-hdds-container-service-0.5.0-SNAPSHOT.jar!/webapps/static,AVAILABLE}
2019-08-20 14:16:54,865 [main] INFO  handler.ContextHandler (ContextHandler.java:doStart(781)) - Started o.e.j.w.WebAppContext@4dac40b{/,file:///tmp/jetty-0.0.0.0-46693-hddsDatanode-_-any-3065543165903197491.dir/webapp/,AVAILABLE}{/hddsDatanode}
2019-08-20 14:16:54,867 [main] INFO  server.AbstractConnector (AbstractConnector.java:doStart(278)) - Started ServerConnector@2c54c497{HTTP/1.1,[http/1.1]}{0.0.0.0:46693}
2019-08-20 14:16:54,867 [main] INFO  server.Server (Server.java:doStart(419)) - Started @65018ms
2019-08-20 14:16:54,868 [main] INFO  server.BaseHttpServer (BaseHttpServer.java:updateConnectorAddress(213)) - HTTP server of HDDSDATANODE is listening at http://0.0.0.0:46693
2019-08-20 14:16:55,182 | INFO  | ObjectStoreRestHttpServer | Listening HDDS REST traffic on /0.0.0.0:44018 |  
2019-08-20 14:16:55,182 [main] INFO  ozone.HddsDatanodeService (HddsDatanodeService.java:startPlugins(395)) - Started plug-in org.apache.hadoop.ozone.web.OzoneHddsDatanodeService@43b4ec0c
2019-08-20 14:16:55,182 [main] INFO  impl.MetricsSystemImpl (MetricsSystemImpl.java:init(158)) - HddsDatanode metrics system started (again)
2019-08-20 14:16:55,187 [org.apache.hadoop.util.JvmPauseMonitor$Monitor@5e99241e] INFO  util.JvmPauseMonitor (JvmPauseMonitor.java:run(188)) - Starting JVM pause monitor
2019-08-20 14:16:55,187 [main] INFO  ozone.HddsDatanodeService (HddsDatanodeService.java:start(184)) - HddsDatanodeService host:pr-hdds-1950-rs6kf-667707070 ip:192.168.157.218
2019-08-20 14:16:55,188 [Datanode State Machine Thread - 0] INFO  datanode.InitDatanodeState (InitDatanodeState.java:persistContainerDatanodeDetails(140)) - DatanodeDetails is persisted to /workdir/hadoop-ozone/integration-test/target/test-dir/MiniOzoneClusterImpl-1e699435-ac44-4e4c-83e9-3412d5c7c720/datanode-3/meta/datanode.id
2019-08-20 14:16:55,194 [main] INFO  volume.HddsVolume (HddsVolume.java:<init>(176)) - Creating Volume: /workdir/hadoop-ozone/integration-test/target/test-dir/MiniOzoneClusterImpl-1e699435-ac44-4e4c-83e9-3412d5c7c720/datanode-4/data/containers/hdds of  storage type : DISK and capacity : 1482555576320
2019-08-20 14:16:55,194 [main] INFO  volume.VolumeSet (VolumeSet.java:initializeVolumeSet(170)) - Added Volume : /workdir/hadoop-ozone/integration-test/target/test-dir/MiniOzoneClusterImpl-1e699435-ac44-4e4c-83e9-3412d5c7c720/datanode-4/data/containers/hdds to VolumeSet
2019-08-20 14:16:55,194 [main] INFO  volume.ThrottledAsyncChecker (ThrottledAsyncChecker.java:schedule(140)) - Scheduling a check for org.apache.hadoop.ozone.container.common.volume.HddsVolume@3b56947a
2019-08-20 14:16:55,195 [main] INFO  volume.HddsVolumeChecker (HddsVolumeChecker.java:checkAllVolumes(203)) - Scheduled health check for volume org.apache.hadoop.ozone.container.common.volume.HddsVolume@3b56947a
2019-08-20 14:16:55,208 [main] INFO  impl.RaftServerProxy (ConfUtils.java:logGet(43)) - raft.rpc.type = GRPC (default)
2019-08-20 14:16:55,208 [main] INFO  grpc.GrpcFactory (GrpcFactory.java:checkPooledByteBufAllocatorUseCacheForAllThreads(45)) - PERFORMANCE WARNING: useCacheForAllThreads is true that may cause Netty to create a lot garbage objects and, as a result, trigger GC.
	It is recommended to disable useCacheForAllThreads by setting -Dorg.apache.ratis.thirdparty.io.netty.allocator.useCacheForAllThreads=false in command line.
2019-08-20 14:16:55,208 [main] INFO  grpc.GrpcConfigKeys$Server (ConfUtils.java:logGet(43)) - raft.grpc.server.port = 0 (default)
2019-08-20 14:16:55,208 [main] INFO  server.GrpcService (ConfUtils.java:logGet(43)) - raft.grpc.message.size.max = 33570816 (custom)
2019-08-20 14:16:55,208 [main] INFO  server.RaftServerConfigKeys (ConfUtils.java:logGet(43)) - raft.server.log.appender.buffer.byte-limit = 33554432 (custom)
2019-08-20 14:16:55,209 [main] INFO  server.GrpcService (ConfUtils.java:logGet(43)) - raft.grpc.flow.control.window = 1MB (=1048576) (default)
2019-08-20 14:16:55,209 [main] INFO  server.RaftServerConfigKeys (ConfUtils.java:logGet(43)) - raft.server.rpc.request.timeout = 3000ms (default)
2019-08-20 14:16:55,209 [main] INFO  server.RaftServerConfigKeys (ConfUtils.java:logGet(43)) - raft.server.storage.dir = [/workdir/hadoop-ozone/integration-test/target/test-dir/MiniOzoneClusterImpl-1e699435-ac44-4e4c-83e9-3412d5c7c720/datanode-4/data/ratis] (custom)
2019-08-20 14:16:55,210 [main] INFO  replication.SimpleContainerDownloader (SimpleContainerDownloader.java:<init>(72)) - Starting container downloader service to copy containers to replicate.
2019-08-20 14:16:55,211 [main] INFO  hdfs.DFSUtil (DFSUtil.java:httpServerTemplateForNNAndJN(1641)) - Starting Web-server for hddsDatanode at: http://0.0.0.0:0
2019-08-20 14:16:55,212 [main] INFO  server.AuthenticationFilter (AuthenticationFilter.java:constructSecretProvider(240)) - Unable to initialize FileSignerSecretProvider, falling back to use random secrets.
2019-08-20 14:16:55,213 [main] WARN  http.HttpRequestLog (HttpRequestLog.java:getRequestLog(97)) - Jetty request log can only be enabled using Log4j
2019-08-20 14:16:55,214 [main] INFO  http.HttpServer2 (HttpServer2.java:addGlobalFilter(975)) - Added global filter 'safety' (class=org.apache.hadoop.http.HttpServer2$QuotingInputFilter)
2019-08-20 14:16:55,214 [main] INFO  http.HttpServer2 (HttpServer2.java:addFilter(948)) - Added filter static_user_filter (class=org.apache.hadoop.http.lib.StaticUserWebFilter$StaticUserFilter) to context hddsDatanode
2019-08-20 14:16:55,215 [main] INFO  http.HttpServer2 (HttpServer2.java:addFilter(958)) - Added filter static_user_filter (class=org.apache.hadoop.http.lib.StaticUserWebFilter$StaticUserFilter) to context static
2019-08-20 14:16:55,215 [main] INFO  http.HttpServer2 (HttpServer2.java:addFilter(958)) - Added filter static_user_filter (class=org.apache.hadoop.http.lib.StaticUserWebFilter$StaticUserFilter) to context logs
2019-08-20 14:16:55,215 [main] INFO  http.HttpServer2 (HttpServer2.java:bindListener(1191)) - Jetty bound to port 44122
2019-08-20 14:16:55,216 [main] INFO  server.Server (Server.java:doStart(351)) - jetty-9.3.24.v20180605, build timestamp: 2018-06-05T17:11:56Z, git hash: 84205aa28f11a4f31f2a3b86d1bba2cc8ab69827
2019-08-20 14:16:55,218 [main] INFO  handler.ContextHandler (ContextHandler.java:doStart(781)) - Started o.e.j.s.ServletContextHandler@38cf4497{/logs,file:///workdir/hadoop-ozone/integration-test/target/log,AVAILABLE}
2019-08-20 14:16:55,218 [main] INFO  handler.ContextHandler (ContextHandler.java:doStart(781)) - Started o.e.j.s.ServletContextHandler@9d3a7a1{/static,jar:file:/home/user/.m2/repository/org/apache/hadoop/hadoop-hdds-container-service/0.5.0-SNAPSHOT/hadoop-hdds-container-service-0.5.0-SNAPSHOT.jar!/webapps/static,AVAILABLE}
2019-08-20 14:16:55,243 [main] INFO  handler.ContextHandler (ContextHandler.java:doStart(781)) - Started o.e.j.w.WebAppContext@1b69fc07{/,file:///tmp/jetty-0.0.0.0-44122-hddsDatanode-_-any-6392904830439293376.dir/webapp/,AVAILABLE}{/hddsDatanode}
2019-08-20 14:16:55,244 [main] INFO  server.AbstractConnector (AbstractConnector.java:doStart(278)) - Started ServerConnector@19e801b5{HTTP/1.1,[http/1.1]}{0.0.0.0:44122}
2019-08-20 14:16:55,245 [main] INFO  server.Server (Server.java:doStart(419)) - Started @65396ms
2019-08-20 14:16:55,246 [main] INFO  server.BaseHttpServer (BaseHttpServer.java:updateConnectorAddress(213)) - HTTP server of HDDSDATANODE is listening at http://0.0.0.0:44122
2019-08-20 14:16:55,371 | INFO  | ObjectStoreRestHttpServer | Listening HDDS REST traffic on /0.0.0.0:40499 |  
2019-08-20 14:16:55,371 [main] INFO  ozone.HddsDatanodeService (HddsDatanodeService.java:startPlugins(395)) - Started plug-in org.apache.hadoop.ozone.web.OzoneHddsDatanodeService@470135da
2019-08-20 14:16:55,372 [main] INFO  impl.MetricsSystemImpl (MetricsSystemImpl.java:init(158)) - HddsDatanode metrics system started (again)
2019-08-20 14:16:55,378 [org.apache.hadoop.util.JvmPauseMonitor$Monitor@333ff564] INFO  util.JvmPauseMonitor (JvmPauseMonitor.java:run(188)) - Starting JVM pause monitor
2019-08-20 14:16:55,378 [main] INFO  ozone.HddsDatanodeService (HddsDatanodeService.java:start(184)) - HddsDatanodeService host:pr-hdds-1950-rs6kf-667707070 ip:192.168.157.218
2019-08-20 14:16:55,380 [Datanode State Machine Thread - 0] INFO  datanode.InitDatanodeState (InitDatanodeState.java:persistContainerDatanodeDetails(140)) - DatanodeDetails is persisted to /workdir/hadoop-ozone/integration-test/target/test-dir/MiniOzoneClusterImpl-1e699435-ac44-4e4c-83e9-3412d5c7c720/datanode-4/meta/datanode.id
2019-08-20 14:16:55,388 [main] INFO  volume.HddsVolume (HddsVolume.java:<init>(176)) - Creating Volume: /workdir/hadoop-ozone/integration-test/target/test-dir/MiniOzoneClusterImpl-1e699435-ac44-4e4c-83e9-3412d5c7c720/datanode-5/data/containers/hdds of  storage type : DISK and capacity : 1482555576320
2019-08-20 14:16:55,388 [main] INFO  volume.VolumeSet (VolumeSet.java:initializeVolumeSet(170)) - Added Volume : /workdir/hadoop-ozone/integration-test/target/test-dir/MiniOzoneClusterImpl-1e699435-ac44-4e4c-83e9-3412d5c7c720/datanode-5/data/containers/hdds to VolumeSet
2019-08-20 14:16:55,389 [main] INFO  volume.ThrottledAsyncChecker (ThrottledAsyncChecker.java:schedule(140)) - Scheduling a check for org.apache.hadoop.ozone.container.common.volume.HddsVolume@2e8986b6
2019-08-20 14:16:55,389 [main] INFO  volume.HddsVolumeChecker (HddsVolumeChecker.java:checkAllVolumes(203)) - Scheduled health check for volume org.apache.hadoop.ozone.container.common.volume.HddsVolume@2e8986b6
2019-08-20 14:16:55,408 [main] INFO  impl.RaftServerProxy (ConfUtils.java:logGet(43)) - raft.rpc.type = GRPC (default)
2019-08-20 14:16:55,409 [main] INFO  grpc.GrpcFactory (GrpcFactory.java:checkPooledByteBufAllocatorUseCacheForAllThreads(45)) - PERFORMANCE WARNING: useCacheForAllThreads is true that may cause Netty to create a lot garbage objects and, as a result, trigger GC.
	It is recommended to disable useCacheForAllThreads by setting -Dorg.apache.ratis.thirdparty.io.netty.allocator.useCacheForAllThreads=false in command line.
2019-08-20 14:16:55,409 [main] INFO  grpc.GrpcConfigKeys$Server (ConfUtils.java:logGet(43)) - raft.grpc.server.port = 0 (default)
2019-08-20 14:16:55,409 [main] INFO  server.GrpcService (ConfUtils.java:logGet(43)) - raft.grpc.message.size.max = 33570816 (custom)
2019-08-20 14:16:55,409 [main] INFO  server.RaftServerConfigKeys (ConfUtils.java:logGet(43)) - raft.server.log.appender.buffer.byte-limit = 33554432 (custom)
2019-08-20 14:16:55,409 [main] INFO  server.GrpcService (ConfUtils.java:logGet(43)) - raft.grpc.flow.control.window = 1MB (=1048576) (default)
2019-08-20 14:16:55,410 [main] INFO  server.RaftServerConfigKeys (ConfUtils.java:logGet(43)) - raft.server.rpc.request.timeout = 3000ms (default)
2019-08-20 14:16:55,410 [main] INFO  server.RaftServerConfigKeys (ConfUtils.java:logGet(43)) - raft.server.storage.dir = [/workdir/hadoop-ozone/integration-test/target/test-dir/MiniOzoneClusterImpl-1e699435-ac44-4e4c-83e9-3412d5c7c720/datanode-5/data/ratis] (custom)
2019-08-20 14:16:55,410 [main] INFO  replication.SimpleContainerDownloader (SimpleContainerDownloader.java:<init>(72)) - Starting container downloader service to copy containers to replicate.
2019-08-20 14:16:55,411 [main] INFO  hdfs.DFSUtil (DFSUtil.java:httpServerTemplateForNNAndJN(1641)) - Starting Web-server for hddsDatanode at: http://0.0.0.0:0
2019-08-20 14:16:55,413 [main] INFO  server.AuthenticationFilter (AuthenticationFilter.java:constructSecretProvider(240)) - Unable to initialize FileSignerSecretProvider, falling back to use random secrets.
2019-08-20 14:16:55,413 [main] WARN  http.HttpRequestLog (HttpRequestLog.java:getRequestLog(97)) - Jetty request log can only be enabled using Log4j
2019-08-20 14:16:55,414 [main] INFO  http.HttpServer2 (HttpServer2.java:addGlobalFilter(975)) - Added global filter 'safety' (class=org.apache.hadoop.http.HttpServer2$QuotingInputFilter)
2019-08-20 14:16:55,415 [main] INFO  http.HttpServer2 (HttpServer2.java:addFilter(948)) - Added filter static_user_filter (class=org.apache.hadoop.http.lib.StaticUserWebFilter$StaticUserFilter) to context hddsDatanode
2019-08-20 14:16:55,415 [main] INFO  http.HttpServer2 (HttpServer2.java:addFilter(958)) - Added filter static_user_filter (class=org.apache.hadoop.http.lib.StaticUserWebFilter$StaticUserFilter) to context static
2019-08-20 14:16:55,415 [main] INFO  http.HttpServer2 (HttpServer2.java:addFilter(958)) - Added filter static_user_filter (class=org.apache.hadoop.http.lib.StaticUserWebFilter$StaticUserFilter) to context logs
2019-08-20 14:16:55,416 [main] INFO  http.HttpServer2 (HttpServer2.java:bindListener(1191)) - Jetty bound to port 38852
2019-08-20 14:16:55,416 [main] INFO  server.Server (Server.java:doStart(351)) - jetty-9.3.24.v20180605, build timestamp: 2018-06-05T17:11:56Z, git hash: 84205aa28f11a4f31f2a3b86d1bba2cc8ab69827
2019-08-20 14:16:55,417 [main] INFO  handler.ContextHandler (ContextHandler.java:doStart(781)) - Started o.e.j.s.ServletContextHandler@14b48f39{/logs,file:///workdir/hadoop-ozone/integration-test/target/log,AVAILABLE}
2019-08-20 14:16:55,418 [main] INFO  handler.ContextHandler (ContextHandler.java:doStart(781)) - Started o.e.j.s.ServletContextHandler@c87787d{/static,jar:file:/home/user/.m2/repository/org/apache/hadoop/hadoop-hdds-container-service/0.5.0-SNAPSHOT/hadoop-hdds-container-service-0.5.0-SNAPSHOT.jar!/webapps/static,AVAILABLE}
2019-08-20 14:16:55,445 [main] INFO  handler.ContextHandler (ContextHandler.java:doStart(781)) - Started o.e.j.w.WebAppContext@5cdda548{/,file:///tmp/jetty-0.0.0.0-38852-hddsDatanode-_-any-1154065909892220985.dir/webapp/,AVAILABLE}{/hddsDatanode}
2019-08-20 14:16:55,446 [main] INFO  server.AbstractConnector (AbstractConnector.java:doStart(278)) - Started ServerConnector@4f2544b0{HTTP/1.1,[http/1.1]}{0.0.0.0:38852}
2019-08-20 14:16:55,448 [main] INFO  server.Server (Server.java:doStart(419)) - Started @65598ms
2019-08-20 14:16:55,448 [main] INFO  server.BaseHttpServer (BaseHttpServer.java:updateConnectorAddress(213)) - HTTP server of HDDSDATANODE is listening at http://0.0.0.0:38852
2019-08-20 14:16:55,572 | INFO  | ObjectStoreRestHttpServer | Listening HDDS REST traffic on /0.0.0.0:40591 |  
2019-08-20 14:16:55,572 [main] INFO  ozone.HddsDatanodeService (HddsDatanodeService.java:startPlugins(395)) - Started plug-in org.apache.hadoop.ozone.web.OzoneHddsDatanodeService@cef885d
2019-08-20 14:16:55,572 [main] INFO  impl.MetricsSystemImpl (MetricsSystemImpl.java:init(158)) - HddsDatanode metrics system started (again)
2019-08-20 14:16:55,574 [org.apache.hadoop.util.JvmPauseMonitor$Monitor@7a7895a1] INFO  util.JvmPauseMonitor (JvmPauseMonitor.java:run(188)) - Starting JVM pause monitor
2019-08-20 14:16:55,577 [main] INFO  ozone.HddsDatanodeService (HddsDatanodeService.java:start(184)) - HddsDatanodeService host:pr-hdds-1950-rs6kf-667707070 ip:192.168.157.218
2019-08-20 14:16:55,578 [Datanode State Machine Thread - 0] INFO  datanode.InitDatanodeState (InitDatanodeState.java:persistContainerDatanodeDetails(140)) - DatanodeDetails is persisted to /workdir/hadoop-ozone/integration-test/target/test-dir/MiniOzoneClusterImpl-1e699435-ac44-4e4c-83e9-3412d5c7c720/datanode-5/meta/datanode.id
2019-08-20 14:16:55,584 [main] INFO  volume.HddsVolume (HddsVolume.java:<init>(176)) - Creating Volume: /workdir/hadoop-ozone/integration-test/target/test-dir/MiniOzoneClusterImpl-1e699435-ac44-4e4c-83e9-3412d5c7c720/datanode-6/data/containers/hdds of  storage type : DISK and capacity : 1482555576320
2019-08-20 14:16:55,585 [main] INFO  volume.VolumeSet (VolumeSet.java:initializeVolumeSet(170)) - Added Volume : /workdir/hadoop-ozone/integration-test/target/test-dir/MiniOzoneClusterImpl-1e699435-ac44-4e4c-83e9-3412d5c7c720/datanode-6/data/containers/hdds to VolumeSet
2019-08-20 14:16:55,585 [main] INFO  volume.ThrottledAsyncChecker (ThrottledAsyncChecker.java:schedule(140)) - Scheduling a check for org.apache.hadoop.ozone.container.common.volume.HddsVolume@4a6facb0
2019-08-20 14:16:55,585 [main] INFO  volume.HddsVolumeChecker (HddsVolumeChecker.java:checkAllVolumes(203)) - Scheduled health check for volume org.apache.hadoop.ozone.container.common.volume.HddsVolume@4a6facb0
2019-08-20 14:16:55,600 [main] INFO  impl.RaftServerProxy (ConfUtils.java:logGet(43)) - raft.rpc.type = GRPC (default)
2019-08-20 14:16:55,600 [main] INFO  grpc.GrpcFactory (GrpcFactory.java:checkPooledByteBufAllocatorUseCacheForAllThreads(45)) - PERFORMANCE WARNING: useCacheForAllThreads is true that may cause Netty to create a lot garbage objects and, as a result, trigger GC.
	It is recommended to disable useCacheForAllThreads by setting -Dorg.apache.ratis.thirdparty.io.netty.allocator.useCacheForAllThreads=false in command line.
2019-08-20 14:16:55,600 [main] INFO  grpc.GrpcConfigKeys$Server (ConfUtils.java:logGet(43)) - raft.grpc.server.port = 0 (default)
2019-08-20 14:16:55,600 [main] INFO  server.GrpcService (ConfUtils.java:logGet(43)) - raft.grpc.message.size.max = 33570816 (custom)
2019-08-20 14:16:55,600 [main] INFO  server.RaftServerConfigKeys (ConfUtils.java:logGet(43)) - raft.server.log.appender.buffer.byte-limit = 33554432 (custom)
2019-08-20 14:16:55,601 [main] INFO  server.GrpcService (ConfUtils.java:logGet(43)) - raft.grpc.flow.control.window = 1MB (=1048576) (default)
2019-08-20 14:16:55,601 [main] INFO  server.RaftServerConfigKeys (ConfUtils.java:logGet(43)) - raft.server.rpc.request.timeout = 3000ms (default)
2019-08-20 14:16:55,601 [main] INFO  server.RaftServerConfigKeys (ConfUtils.java:logGet(43)) - raft.server.storage.dir = [/workdir/hadoop-ozone/integration-test/target/test-dir/MiniOzoneClusterImpl-1e699435-ac44-4e4c-83e9-3412d5c7c720/datanode-6/data/ratis] (custom)
2019-08-20 14:16:55,602 [main] INFO  replication.SimpleContainerDownloader (SimpleContainerDownloader.java:<init>(72)) - Starting container downloader service to copy containers to replicate.
2019-08-20 14:16:55,603 [main] INFO  hdfs.DFSUtil (DFSUtil.java:httpServerTemplateForNNAndJN(1641)) - Starting Web-server for hddsDatanode at: http://0.0.0.0:0
2019-08-20 14:16:55,604 [main] INFO  server.AuthenticationFilter (AuthenticationFilter.java:constructSecretProvider(240)) - Unable to initialize FileSignerSecretProvider, falling back to use random secrets.
2019-08-20 14:16:55,604 [main] WARN  http.HttpRequestLog (HttpRequestLog.java:getRequestLog(97)) - Jetty request log can only be enabled using Log4j
2019-08-20 14:16:55,605 [main] INFO  http.HttpServer2 (HttpServer2.java:addGlobalFilter(975)) - Added global filter 'safety' (class=org.apache.hadoop.http.HttpServer2$QuotingInputFilter)
2019-08-20 14:16:55,606 [main] INFO  http.HttpServer2 (HttpServer2.java:addFilter(948)) - Added filter static_user_filter (class=org.apache.hadoop.http.lib.StaticUserWebFilter$StaticUserFilter) to context hddsDatanode
2019-08-20 14:16:55,606 [main] INFO  http.HttpServer2 (HttpServer2.java:addFilter(958)) - Added filter static_user_filter (class=org.apache.hadoop.http.lib.StaticUserWebFilter$StaticUserFilter) to context logs
2019-08-20 14:16:55,606 [main] INFO  http.HttpServer2 (HttpServer2.java:addFilter(958)) - Added filter static_user_filter (class=org.apache.hadoop.http.lib.StaticUserWebFilter$StaticUserFilter) to context static
2019-08-20 14:16:55,607 [main] INFO  http.HttpServer2 (HttpServer2.java:bindListener(1191)) - Jetty bound to port 41001
2019-08-20 14:16:55,607 [main] INFO  server.Server (Server.java:doStart(351)) - jetty-9.3.24.v20180605, build timestamp: 2018-06-05T17:11:56Z, git hash: 84205aa28f11a4f31f2a3b86d1bba2cc8ab69827
2019-08-20 14:16:55,608 [main] INFO  handler.ContextHandler (ContextHandler.java:doStart(781)) - Started o.e.j.s.ServletContextHandler@74badf19{/logs,file:///workdir/hadoop-ozone/integration-test/target/log,AVAILABLE}
2019-08-20 14:16:55,608 [main] INFO  handler.ContextHandler (ContextHandler.java:doStart(781)) - Started o.e.j.s.ServletContextHandler@18dbc1b{/static,jar:file:/home/user/.m2/repository/org/apache/hadoop/hadoop-hdds-container-service/0.5.0-SNAPSHOT/hadoop-hdds-container-service-0.5.0-SNAPSHOT.jar!/webapps/static,AVAILABLE}
2019-08-20 14:16:55,635 [main] INFO  handler.ContextHandler (ContextHandler.java:doStart(781)) - Started o.e.j.w.WebAppContext@56b704ea{/,file:///tmp/jetty-0.0.0.0-41001-hddsDatanode-_-any-4934596526916315235.dir/webapp/,AVAILABLE}{/hddsDatanode}
2019-08-20 14:16:55,635 [main] INFO  server.AbstractConnector (AbstractConnector.java:doStart(278)) - Started ServerConnector@ab4d2ba{HTTP/1.1,[http/1.1]}{0.0.0.0:41001}
2019-08-20 14:16:55,637 [main] INFO  server.Server (Server.java:doStart(419)) - Started @65787ms
2019-08-20 14:16:55,637 [main] INFO  server.BaseHttpServer (BaseHttpServer.java:updateConnectorAddress(213)) - HTTP server of HDDSDATANODE is listening at http://0.0.0.0:41001
2019-08-20 14:16:55,759 | INFO  | ObjectStoreRestHttpServer | Listening HDDS REST traffic on /0.0.0.0:36562 |  
2019-08-20 14:16:55,759 [main] INFO  ozone.HddsDatanodeService (HddsDatanodeService.java:startPlugins(395)) - Started plug-in org.apache.hadoop.ozone.web.OzoneHddsDatanodeService@425f94d7
2019-08-20 14:16:55,760 [main] INFO  ozone.MiniOzoneClusterImpl (MiniOzoneClusterImpl.java:lambda$waitForClusterToBeReady$0(142)) - Waiting for cluster to be ready. Got 0 of 7 DN Heartbeats.
2019-08-20 14:16:55,761 [org.apache.hadoop.util.JvmPauseMonitor$Monitor@61d7efbd] INFO  util.JvmPauseMonitor (JvmPauseMonitor.java:run(188)) - Starting JVM pause monitor
2019-08-20 14:16:55,763 [Datanode State Machine Thread - 0] INFO  datanode.InitDatanodeState (InitDatanodeState.java:persistContainerDatanodeDetails(140)) - DatanodeDetails is persisted to /workdir/hadoop-ozone/integration-test/target/test-dir/MiniOzoneClusterImpl-1e699435-ac44-4e4c-83e9-3412d5c7c720/datanode-6/meta/datanode.id
2019-08-20 14:16:56,422 | INFO  | SCMAudit | user=jenkins1000 | ip=192.168.157.218 | op=GET_VERSION null | ret=SUCCESS |  
2019-08-20 14:16:56,471 [Datanode State Machine Thread - 0] INFO  ozoneimpl.OzoneContainer (OzoneContainer.java:start(186)) - Attempting to start container services.
2019-08-20 14:16:56,474 [Datanode State Machine Thread - 0] INFO  ozoneimpl.OzoneContainer (OzoneContainer.java:startContainerScrub(160)) - Background container scrubber has been disabled by hdds.containerscrub.enabled
2019-08-20 14:16:56,474 [Datanode State Machine Thread - 0] INFO  ratis.XceiverServerRatis (XceiverServerRatis.java:start(404)) - Starting XceiverServerRatis f81e0742-261c-4f1d-a9d7-43862556ad20 at port 0
2019-08-20 14:16:56,479 [Datanode State Machine Thread - 0] INFO  impl.RaftServerProxy (RaftServerProxy.java:lambda$start$3(299)) - f81e0742-261c-4f1d-a9d7-43862556ad20: start RPC server
2019-08-20 14:16:56,480 [Datanode State Machine Thread - 0] INFO  server.GrpcService (GrpcService.java:startImpl(149)) - f81e0742-261c-4f1d-a9d7-43862556ad20: GrpcService started, listening on 0.0.0.0/0.0.0.0:33409
2019-08-20 14:16:56,480 [Datanode State Machine Thread - 0] INFO  ratis.XceiverServerRatis (XceiverServerRatis.java:start(414)) - XceiverServerRatis f81e0742-261c-4f1d-a9d7-43862556ad20 is started using port 33409
2019-08-20 14:16:56,482 [Datanode State Machine Thread - 0] INFO  server.XceiverServerGrpc (XceiverServerGrpc.java:start(161)) - XceiverServerGrpc f81e0742-261c-4f1d-a9d7-43862556ad20 is started using port 34762
2019-08-20 14:16:56,615 | INFO  | SCMAudit | user=jenkins1000 | ip=192.168.157.218 | op=GET_VERSION null | ret=SUCCESS |  
2019-08-20 14:16:56,761 [main] INFO  ozone.MiniOzoneClusterImpl (MiniOzoneClusterImpl.java:lambda$waitForClusterToBeReady$0(142)) - Waiting for cluster to be ready. Got 0 of 7 DN Heartbeats.
2019-08-20 14:16:56,806 | INFO  | SCMAudit | user=jenkins1000 | ip=192.168.157.218 | op=GET_VERSION null | ret=SUCCESS |  
2019-08-20 14:16:57,187 | INFO  | SCMAudit | user=jenkins1000 | ip=192.168.157.218 | op=GET_VERSION null | ret=SUCCESS |  
2019-08-20 14:16:57,379 | INFO  | SCMAudit | user=jenkins1000 | ip=192.168.157.218 | op=GET_VERSION null | ret=SUCCESS |  
2019-08-20 14:16:57,575 | INFO  | SCMAudit | user=jenkins1000 | ip=192.168.157.218 | op=GET_VERSION null | ret=SUCCESS |  
2019-08-20 14:16:57,761 [main] INFO  ozone.MiniOzoneClusterImpl (MiniOzoneClusterImpl.java:lambda$waitForClusterToBeReady$0(142)) - Waiting for cluster to be ready. Got 0 of 7 DN Heartbeats.
2019-08-20 14:16:57,762 | INFO  | SCMAudit | user=jenkins1000 | ip=192.168.157.218 | op=GET_VERSION null | ret=SUCCESS |  
2019-08-20 14:16:58,236 [Datanode State Machine Thread - 0] INFO  ozoneimpl.OzoneContainer (OzoneContainer.java:start(186)) - Attempting to start container services.
2019-08-20 14:16:58,236 [Datanode State Machine Thread - 0] INFO  ozoneimpl.OzoneContainer (OzoneContainer.java:start(186)) - Attempting to start container services.
2019-08-20 14:16:58,236 [Datanode State Machine Thread - 0] INFO  ozoneimpl.OzoneContainer (OzoneContainer.java:start(186)) - Attempting to start container services.
2019-08-20 14:16:58,243 [Datanode State Machine Thread - 0] INFO  ozoneimpl.OzoneContainer (OzoneContainer.java:startContainerScrub(160)) - Background container scrubber has been disabled by hdds.containerscrub.enabled
2019-08-20 14:16:58,243 [Datanode State Machine Thread - 0] INFO  ratis.XceiverServerRatis (XceiverServerRatis.java:start(404)) - Starting XceiverServerRatis 81acbee6-4241-4f67-881f-cd5af487d526 at port 0
2019-08-20 14:16:58,243 [Datanode State Machine Thread - 0] INFO  ozoneimpl.OzoneContainer (OzoneContainer.java:startContainerScrub(160)) - Background container scrubber has been disabled by hdds.containerscrub.enabled
2019-08-20 14:16:58,244 [Datanode State Machine Thread - 0] INFO  ratis.XceiverServerRatis (XceiverServerRatis.java:start(404)) - Starting XceiverServerRatis 8e57c45d-c95e-4a54-a459-391d2c10b1fa at port 0
2019-08-20 14:16:58,243 [Datanode State Machine Thread - 0] INFO  ozoneimpl.OzoneContainer (OzoneContainer.java:startContainerScrub(160)) - Background container scrubber has been disabled by hdds.containerscrub.enabled
2019-08-20 14:16:58,244 [Datanode State Machine Thread - 0] INFO  ratis.XceiverServerRatis (XceiverServerRatis.java:start(404)) - Starting XceiverServerRatis 7daf3e09-cf23-4648-b9a4-99837f6061ba at port 0
2019-08-20 14:16:58,257 [Datanode State Machine Thread - 0] INFO  impl.RaftServerProxy (RaftServerProxy.java:lambda$start$3(299)) - 7daf3e09-cf23-4648-b9a4-99837f6061ba: start RPC server
2019-08-20 14:16:58,259 [Datanode State Machine Thread - 0] INFO  server.GrpcService (GrpcService.java:startImpl(149)) - 7daf3e09-cf23-4648-b9a4-99837f6061ba: GrpcService started, listening on 0.0.0.0/0.0.0.0:45198
2019-08-20 14:16:58,259 [Datanode State Machine Thread - 0] INFO  ratis.XceiverServerRatis (XceiverServerRatis.java:start(414)) - XceiverServerRatis 7daf3e09-cf23-4648-b9a4-99837f6061ba is started using port 45198
2019-08-20 14:16:58,264 [Datanode State Machine Thread - 0] INFO  server.XceiverServerGrpc (XceiverServerGrpc.java:start(161)) - XceiverServerGrpc 7daf3e09-cf23-4648-b9a4-99837f6061ba is started using port 34592
2019-08-20 14:16:58,265 [Datanode State Machine Thread - 0] INFO  impl.RaftServerProxy (RaftServerProxy.java:lambda$start$3(299)) - 8e57c45d-c95e-4a54-a459-391d2c10b1fa: start RPC server
2019-08-20 14:16:58,265 [Datanode State Machine Thread - 0] INFO  impl.RaftServerProxy (RaftServerProxy.java:lambda$start$3(299)) - 81acbee6-4241-4f67-881f-cd5af487d526: start RPC server
2019-08-20 14:16:58,270 [Datanode State Machine Thread - 0] INFO  server.GrpcService (GrpcService.java:startImpl(149)) - 8e57c45d-c95e-4a54-a459-391d2c10b1fa: GrpcService started, listening on 0.0.0.0/0.0.0.0:38181
2019-08-20 14:16:58,270 [Datanode State Machine Thread - 0] INFO  server.GrpcService (GrpcService.java:startImpl(149)) - 81acbee6-4241-4f67-881f-cd5af487d526: GrpcService started, listening on 0.0.0.0/0.0.0.0:35656
2019-08-20 14:16:58,270 [Datanode State Machine Thread - 0] INFO  ratis.XceiverServerRatis (XceiverServerRatis.java:start(414)) - XceiverServerRatis 8e57c45d-c95e-4a54-a459-391d2c10b1fa is started using port 38181
2019-08-20 14:16:58,270 [Datanode State Machine Thread - 0] INFO  ratis.XceiverServerRatis (XceiverServerRatis.java:start(414)) - XceiverServerRatis 81acbee6-4241-4f67-881f-cd5af487d526 is started using port 35656
2019-08-20 14:16:58,271 [Datanode State Machine Thread - 0] INFO  server.XceiverServerGrpc (XceiverServerGrpc.java:start(161)) - XceiverServerGrpc 8e57c45d-c95e-4a54-a459-391d2c10b1fa is started using port 37836
2019-08-20 14:16:58,271 [Datanode State Machine Thread - 0] INFO  server.XceiverServerGrpc (XceiverServerGrpc.java:start(161)) - XceiverServerGrpc 81acbee6-4241-4f67-881f-cd5af487d526 is started using port 45651
2019-08-20 14:16:58,422 [IPC Server handler 3 on 44808] INFO  net.NetworkTopology (NetworkTopologyImpl.java:add(110)) - Added a new node: /default-rack/f81e0742-261c-4f1d-a9d7-43862556ad20
2019-08-20 14:16:58,424 [IPC Server handler 3 on 44808] INFO  node.SCMNodeManager (SCMNodeManager.java:register(273)) - Registered Data node : f81e0742-261c-4f1d-a9d7-43862556ad20{ip: 192.168.157.218, host: pr-hdds-1950-rs6kf-667707070, networkLocation: /default-rack, certSerialId: null}
2019-08-20 14:16:58,425 [EventQueue-NodeRegistrationContainerReportForDataNodeSafeModeRule] INFO  safemode.SCMSafeModeManager (DataNodeSafeModeRule.java:process(71)) - SCM in safe mode. 1 DataNodes registered, 1 required.
2019-08-20 14:16:58,427 [EventQueue-NodeRegistrationContainerReportForContainerSafeModeRule] INFO  safemode.SCMSafeModeManager (SCMSafeModeManager.java:validateSafeModeExitRules(177)) - ScmSafeModeManager, all rules are successfully validated
2019-08-20 14:16:58,427 [EventQueue-NodeRegistrationContainerReportForContainerSafeModeRule] INFO  safemode.SCMSafeModeManager (SCMSafeModeManager.java:exitSafeMode(193)) - SCM exiting safe mode.
2019-08-20 14:16:58,427 | INFO  | SCMAudit | user=jenkins1000 | ip=192.168.157.218 | op=REGISTER {datanodeDetails=f81e0742-261c-4f1d-a9d7-43862556ad20{ip: 192.168.157.218, host: pr-hdds-1950-rs6kf-667707070, networkLocation: /default-rack, certSerialId: null}} | ret=SUCCESS |  
2019-08-20 14:16:58,435 [grpc-default-executor-3] INFO  impl.RaftServerProxy (RaftServerProxy.java:addNew(89)) - f81e0742-261c-4f1d-a9d7-43862556ad20: addNew group-A1D51C9A481D:[f81e0742-261c-4f1d-a9d7-43862556ad20:192.168.157.218:33409] returns group-A1D51C9A481D:java.util.concurrent.CompletableFuture@b5dff1b[Not completed]
2019-08-20 14:16:58,436 [pool-126-thread-1] INFO  impl.RaftServerImpl (RaftServerImpl.java:<init>(93)) - f81e0742-261c-4f1d-a9d7-43862556ad20: new RaftServerImpl for group-A1D51C9A481D:[f81e0742-261c-4f1d-a9d7-43862556ad20:192.168.157.218:33409] with ContainerStateMachine:uninitialized
2019-08-20 14:16:58,436 [pool-126-thread-1] INFO  server.RaftServerConfigKeys (ConfUtils.java:logGet(43)) - raft.server.rpc.timeout.min = 5s (custom)
2019-08-20 14:16:58,436 [pool-126-thread-1] INFO  server.RaftServerConfigKeys (ConfUtils.java:logGet(43)) - raft.server.rpc.timeout.max = 5200ms (custom)
2019-08-20 14:16:58,436 [pool-126-thread-1] INFO  server.RaftServerConfigKeys (ConfUtils.java:logGet(43)) - raft.server.rpcslowness.timeout = 120s (custom)
2019-08-20 14:16:58,436 [pool-126-thread-1] INFO  server.RaftServerConfigKeys (ConfUtils.java:logGet(43)) - raft.server.sleep.deviation.threshold = 300 (default)
2019-08-20 14:16:58,436 [pool-126-thread-1] INFO  server.RaftServerConfigKeys (ConfUtils.java:logGet(43)) - raft.server.log.appender.install.snapshot.enabled = false (custom)
2019-08-20 14:16:58,436 [pool-126-thread-1] INFO  impl.RaftServerImpl (ServerState.java:<init>(105)) - f81e0742-261c-4f1d-a9d7-43862556ad20:group-A1D51C9A481D ConfigurationManager, init=-1: [f81e0742-261c-4f1d-a9d7-43862556ad20:192.168.157.218:33409], old=null, confs=<EMPTY_MAP>
2019-08-20 14:16:58,437 [pool-126-thread-1] INFO  server.RaftServerConfigKeys (ConfUtils.java:logGet(43)) - raft.server.storage.dir = [/workdir/hadoop-ozone/integration-test/target/test-dir/MiniOzoneClusterImpl-1e699435-ac44-4e4c-83e9-3412d5c7c720/datanode-0/data/ratis] (custom)
2019-08-20 14:16:58,437 [pool-126-thread-1] INFO  storage.RaftStorageDirectory (RaftStorageDirectory.java:analyzeStorage(246)) - The storage directory /workdir/hadoop-ozone/integration-test/target/test-dir/MiniOzoneClusterImpl-1e699435-ac44-4e4c-83e9-3412d5c7c720/datanode-0/data/ratis/da1191d8-f398-4929-aa4d-a1d51c9a481d does not exist. Creating ...
2019-08-20 14:16:58,616 [IPC Server handler 1 on 44808] INFO  net.NetworkTopology (NetworkTopologyImpl.java:add(110)) - Added a new node: /default-rack/7daf3e09-cf23-4648-b9a4-99837f6061ba
2019-08-20 14:16:58,616 [IPC Server handler 1 on 44808] INFO  node.SCMNodeManager (SCMNodeManager.java:register(273)) - Registered Data node : 7daf3e09-cf23-4648-b9a4-99837f6061ba{ip: 192.168.157.218, host: pr-hdds-1950-rs6kf-667707070, networkLocation: /default-rack, certSerialId: null}
2019-08-20 14:16:58,617 | INFO  | SCMAudit | user=jenkins1000 | ip=192.168.157.218 | op=REGISTER {datanodeDetails=7daf3e09-cf23-4648-b9a4-99837f6061ba{ip: 192.168.157.218, host: pr-hdds-1950-rs6kf-667707070, networkLocation: /default-rack, certSerialId: null}} | ret=SUCCESS |  
2019-08-20 14:16:58,762 [main] INFO  ozone.MiniOzoneClusterImpl (MiniOzoneClusterImpl.java:lambda$waitForClusterToBeReady$0(142)) - Waiting for cluster to be ready. Got 2 of 7 DN Heartbeats.
2019-08-20 14:16:58,806 [IPC Server handler 2 on 44808] INFO  net.NetworkTopology (NetworkTopologyImpl.java:add(110)) - Added a new node: /default-rack/81acbee6-4241-4f67-881f-cd5af487d526
2019-08-20 14:16:58,807 [IPC Server handler 2 on 44808] INFO  node.SCMNodeManager (SCMNodeManager.java:register(273)) - Registered Data node : 81acbee6-4241-4f67-881f-cd5af487d526{ip: 192.168.157.218, host: pr-hdds-1950-rs6kf-667707070, networkLocation: /default-rack, certSerialId: null}
2019-08-20 14:16:58,807 | INFO  | SCMAudit | user=jenkins1000 | ip=192.168.157.218 | op=REGISTER {datanodeDetails=81acbee6-4241-4f67-881f-cd5af487d526{ip: 192.168.157.218, host: pr-hdds-1950-rs6kf-667707070, networkLocation: /default-rack, certSerialId: null}} | ret=SUCCESS |  
2019-08-20 14:16:58,945 [Datanode State Machine Thread - 0] INFO  ozoneimpl.OzoneContainer (OzoneContainer.java:start(186)) - Attempting to start container services.
2019-08-20 14:16:58,945 [Datanode State Machine Thread - 0] INFO  ozoneimpl.OzoneContainer (OzoneContainer.java:start(186)) - Attempting to start container services.
2019-08-20 14:16:58,945 [Datanode State Machine Thread - 0] INFO  ozoneimpl.OzoneContainer (OzoneContainer.java:start(186)) - Attempting to start container services.
2019-08-20 14:16:58,945 [Datanode State Machine Thread - 0] INFO  ozoneimpl.OzoneContainer (OzoneContainer.java:startContainerScrub(160)) - Background container scrubber has been disabled by hdds.containerscrub.enabled
2019-08-20 14:16:58,945 [Datanode State Machine Thread - 0] INFO  ozoneimpl.OzoneContainer (OzoneContainer.java:startContainerScrub(160)) - Background container scrubber has been disabled by hdds.containerscrub.enabled
2019-08-20 14:16:58,945 [Datanode State Machine Thread - 0] INFO  ratis.XceiverServerRatis (XceiverServerRatis.java:start(404)) - Starting XceiverServerRatis ab54d0aa-45c9-4c80-aad1-fb02da82d4c1 at port 0
2019-08-20 14:16:58,945 [Datanode State Machine Thread - 0] INFO  ozoneimpl.OzoneContainer (OzoneContainer.java:startContainerScrub(160)) - Background container scrubber has been disabled by hdds.containerscrub.enabled
2019-08-20 14:16:58,945 [Datanode State Machine Thread - 0] INFO  ratis.XceiverServerRatis (XceiverServerRatis.java:start(404)) - Starting XceiverServerRatis fa3f5044-84f5-4c3c-a0e4-383ceb43ef86 at port 0
2019-08-20 14:16:58,946 [Datanode State Machine Thread - 0] INFO  ratis.XceiverServerRatis (XceiverServerRatis.java:start(404)) - Starting XceiverServerRatis 104c0d76-7897-4d13-8f7d-7917ac27112c at port 0
2019-08-20 14:16:58,961 [Datanode State Machine Thread - 0] INFO  impl.RaftServerProxy (RaftServerProxy.java:lambda$start$3(299)) - ab54d0aa-45c9-4c80-aad1-fb02da82d4c1: start RPC server
2019-08-20 14:16:58,961 [Datanode State Machine Thread - 0] INFO  impl.RaftServerProxy (RaftServerProxy.java:lambda$start$3(299)) - fa3f5044-84f5-4c3c-a0e4-383ceb43ef86: start RPC server
2019-08-20 14:16:58,961 [Datanode State Machine Thread - 0] INFO  server.GrpcService (GrpcService.java:startImpl(149)) - ab54d0aa-45c9-4c80-aad1-fb02da82d4c1: GrpcService started, listening on 0.0.0.0/0.0.0.0:41845
2019-08-20 14:16:58,962 [Datanode State Machine Thread - 0] INFO  ratis.XceiverServerRatis (XceiverServerRatis.java:start(414)) - XceiverServerRatis ab54d0aa-45c9-4c80-aad1-fb02da82d4c1 is started using port 41845
2019-08-20 14:16:58,962 [Datanode State Machine Thread - 0] INFO  server.GrpcService (GrpcService.java:startImpl(149)) - fa3f5044-84f5-4c3c-a0e4-383ceb43ef86: GrpcService started, listening on 0.0.0.0/0.0.0.0:42805
2019-08-20 14:16:58,962 [Datanode State Machine Thread - 0] INFO  impl.RaftServerProxy (RaftServerProxy.java:lambda$start$3(299)) - 104c0d76-7897-4d13-8f7d-7917ac27112c: start RPC server
2019-08-20 14:16:58,964 [Datanode State Machine Thread - 0] INFO  server.XceiverServerGrpc (XceiverServerGrpc.java:start(161)) - XceiverServerGrpc ab54d0aa-45c9-4c80-aad1-fb02da82d4c1 is started using port 44367
2019-08-20 14:16:58,964 [pool-126-thread-1] INFO  storage.RaftStorageDirectory (RaftStorageDirectory.java:tryLock(328)) - Lock on /workdir/hadoop-ozone/integration-test/target/test-dir/MiniOzoneClusterImpl-1e699435-ac44-4e4c-83e9-3412d5c7c720/datanode-0/data/ratis/da1191d8-f398-4929-aa4d-a1d51c9a481d/in_use.lock acquired by nodename 2601@pr-hdds-1950-rs6kf-667707070
2019-08-20 14:16:58,962 [Datanode State Machine Thread - 0] INFO  ratis.XceiverServerRatis (XceiverServerRatis.java:start(414)) - XceiverServerRatis fa3f5044-84f5-4c3c-a0e4-383ceb43ef86 is started using port 42805
2019-08-20 14:16:58,965 [Datanode State Machine Thread - 0] INFO  server.XceiverServerGrpc (XceiverServerGrpc.java:start(161)) - XceiverServerGrpc fa3f5044-84f5-4c3c-a0e4-383ceb43ef86 is started using port 36200
2019-08-20 14:16:58,965 [Datanode State Machine Thread - 0] INFO  server.GrpcService (GrpcService.java:startImpl(149)) - 104c0d76-7897-4d13-8f7d-7917ac27112c: GrpcService started, listening on 0.0.0.0/0.0.0.0:45829
2019-08-20 14:16:58,966 [Datanode State Machine Thread - 0] INFO  ratis.XceiverServerRatis (XceiverServerRatis.java:start(414)) - XceiverServerRatis 104c0d76-7897-4d13-8f7d-7917ac27112c is started using port 45829
2019-08-20 14:16:58,969 [Datanode State Machine Thread - 0] INFO  server.XceiverServerGrpc (XceiverServerGrpc.java:start(161)) - XceiverServerGrpc 104c0d76-7897-4d13-8f7d-7917ac27112c is started using port 36569
2019-08-20 14:16:58,979 [pool-126-thread-1] INFO  storage.RaftStorage (RaftStorage.java:format(72)) - Storage directory /workdir/hadoop-ozone/integration-test/target/test-dir/MiniOzoneClusterImpl-1e699435-ac44-4e4c-83e9-3412d5c7c720/datanode-0/data/ratis/da1191d8-f398-4929-aa4d-a1d51c9a481d has been successfully formatted.
2019-08-20 14:16:58,980 [pool-126-thread-1] INFO  ratis.ContainerStateMachine (ContainerStateMachine.java:loadSnapshot(222)) - group-A1D51C9A481D: The snapshot info is null. Setting the last applied indexto:(t:0, i:~)
2019-08-20 14:16:58,980 [pool-126-thread-1] INFO  server.RaftServerConfigKeys (ConfUtils.java:logGet(43)) - raft.server.leader.election.timeout = 120s (custom)
2019-08-20 14:16:58,980 [pool-126-thread-1] INFO  server.RaftServerConfigKeys (ConfUtils.java:logGet(43)) - raft.server.log.use.memory = false (default)
2019-08-20 14:16:58,981 [pool-126-thread-1] INFO  server.RaftServerConfigKeys (ConfUtils.java:logGet(43)) - raft.server.log.purge.gap = 1000000 (custom)
2019-08-20 14:16:58,981 [pool-126-thread-1] INFO  server.RaftServerConfigKeys (ConfUtils.java:logGet(43)) - raft.server.log.appender.buffer.byte-limit = 33554432 (custom)
2019-08-20 14:16:58,981 [pool-126-thread-1] INFO  server.RaftServerConfigKeys (ConfUtils.java:logGet(43)) - raft.server.log.segment.size.max = 1048576 (custom)
2019-08-20 14:16:58,981 [pool-126-thread-1] INFO  server.RaftServerConfigKeys (ConfUtils.java:logGet(43)) - raft.server.log.segment.cache.num.max = 2 (custom)
2019-08-20 14:16:58,982 [pool-126-thread-1] INFO  segmented.SegmentedRaftLogWorker (SegmentedRaftLogWorker.java:<init>(172)) - new f81e0742-261c-4f1d-a9d7-43862556ad20-SegmentedRaftLogWorker:Storage Directory /workdir/hadoop-ozone/integration-test/target/test-dir/MiniOzoneClusterImpl-1e699435-ac44-4e4c-83e9-3412d5c7c720/datanode-0/data/ratis/da1191d8-f398-4929-aa4d-a1d51c9a481d for RaftStorage:Storage Directory /workdir/hadoop-ozone/integration-test/target/test-dir/MiniOzoneClusterImpl-1e699435-ac44-4e4c-83e9-3412d5c7c720/datanode-0/data/ratis/da1191d8-f398-4929-aa4d-a1d51c9a481d
2019-08-20 14:16:58,982 [pool-126-thread-1] INFO  server.RaftServerConfigKeys (ConfUtils.java:logGet(43)) - raft.server.log.queue.byte-limit = 2147483647 (custom)
2019-08-20 14:16:58,982 [pool-126-thread-1] INFO  server.RaftServerConfigKeys (ConfUtils.java:logGet(43)) - raft.server.log.queue.element-limit = 1024 (custom)
2019-08-20 14:16:58,983 [pool-126-thread-1] INFO  server.RaftServerConfigKeys (ConfUtils.java:logGet(43)) - raft.server.log.segment.size.max = 1048576 (custom)
2019-08-20 14:16:58,983 [pool-126-thread-1] INFO  server.RaftServerConfigKeys (ConfUtils.java:logGet(43)) - raft.server.log.preallocated.size = 16384 (custom)
2019-08-20 14:16:58,983 [pool-126-thread-1] INFO  server.RaftServerConfigKeys (ConfUtils.java:logGet(43)) - raft.server.log.write.buffer.size = 33554432 (custom)
2019-08-20 14:16:58,983 [pool-126-thread-1] INFO  server.RaftServerConfigKeys (ConfUtils.java:logGet(43)) - raft.server.log.force.sync.num = 128 (default)
2019-08-20 14:16:58,983 [pool-126-thread-1] INFO  server.RaftServerConfigKeys (ConfUtils.java:logGet(43)) - raft.server.log.statemachine.data.sync = true (default)
2019-08-20 14:16:58,984 [pool-126-thread-1] INFO  server.RaftServerConfigKeys (ConfUtils.java:logGet(43)) - raft.server.log.statemachine.data.sync.timeout = 10s (default)
2019-08-20 14:16:58,984 [pool-126-thread-1] INFO  server.RaftServerConfigKeys (ConfUtils.java:logGet(43)) - raft.server.log.statemachine.data.sync.timeout.retry = -1 (default)
2019-08-20 14:16:58,984 [pool-126-thread-1] INFO  server.RaftServerConfigKeys (ConfUtils.java:logGet(43)) - raft.server.log.statemachine.data.caching.enabled = true (custom)
2019-08-20 14:16:58,985 [pool-126-thread-1] INFO  segmented.SegmentedRaftLogWorker (SegmentedRaftLogWorker.java:lambda$new$0(132)) - f81e0742-261c-4f1d-a9d7-43862556ad20-SegmentedRaftLogWorker:Storage Directory /workdir/hadoop-ozone/integration-test/target/test-dir/MiniOzoneClusterImpl-1e699435-ac44-4e4c-83e9-3412d5c7c720/datanode-0/data/ratis/da1191d8-f398-4929-aa4d-a1d51c9a481d: flushIndex: setUnconditionally 0 -> -1
2019-08-20 14:16:58,985 [pool-126-thread-1] INFO  server.RaftServerConfigKeys (ConfUtils.java:logGet(43)) - raft.server.snapshot.auto.trigger.enabled = true (custom)
2019-08-20 14:16:58,985 [pool-126-thread-1] INFO  server.RaftServerConfigKeys (ConfUtils.java:logGet(43)) - raft.server.snapshot.auto.trigger.threshold = 10000 (custom)
2019-08-20 14:16:58,986 [pool-126-thread-1] INFO  server.RaftServerConfigKeys (ConfUtils.java:logGet(43)) - raft.server.retrycache.expirytime = 600000ms (custom)
2019-08-20 14:16:58,986 [pool-126-thread-1] INFO  impl.RaftServerImpl (RaftServerImpl.java:start(180)) - f81e0742-261c-4f1d-a9d7-43862556ad20: start group-A1D51C9A481D
2019-08-20 14:16:58,986 [pool-126-thread-1] INFO  impl.RaftServerImpl (RaftServerImpl.java:setRole(171)) - f81e0742-261c-4f1d-a9d7-43862556ad20:group-A1D51C9A481D changes role from null to FOLLOWER at term 0 for startAsFollower
2019-08-20 14:16:58,986 [pool-126-thread-1] INFO  impl.RoleInfo (RoleInfo.java:updateAndGet(143)) - f81e0742-261c-4f1d-a9d7-43862556ad20: start FollowerState
2019-08-20 14:16:58,988 [pool-126-thread-1] INFO  util.JmxRegister (JmxRegister.java:tryRegister(44)) - Successfully registered JMX Bean with object name Ratis:service=RaftServer,group=group-A1D51C9A481D,id=f81e0742-261c-4f1d-a9d7-43862556ad20
2019-08-20 14:16:58,991 [RatisPipelineUtilsThread] INFO  pipeline.PipelineStateManager (PipelineStateManager.java:addPipeline(56)) - Created pipeline Pipeline[ Id: da1191d8-f398-4929-aa4d-a1d51c9a481d, Nodes: f81e0742-261c-4f1d-a9d7-43862556ad20{ip: 192.168.157.218, host: pr-hdds-1950-rs6kf-667707070, networkLocation: /default-rack, certSerialId: null}, Type:RATIS, Factor:ONE, State:OPEN]
2019-08-20 14:16:59,001 [grpc-default-executor-3] INFO  impl.RaftServerProxy (RaftServerProxy.java:addNew(89)) - 7daf3e09-cf23-4648-b9a4-99837f6061ba: addNew group-84499F8FB012:[7daf3e09-cf23-4648-b9a4-99837f6061ba:192.168.157.218:45198] returns group-84499F8FB012:java.util.concurrent.CompletableFuture@32d545e3[Not completed]
2019-08-20 14:16:59,008 [pool-137-thread-1] INFO  impl.RaftServerImpl (RaftServerImpl.java:<init>(93)) - 7daf3e09-cf23-4648-b9a4-99837f6061ba: new RaftServerImpl for group-84499F8FB012:[7daf3e09-cf23-4648-b9a4-99837f6061ba:192.168.157.218:45198] with ContainerStateMachine:uninitialized
2019-08-20 14:16:59,008 [pool-137-thread-1] INFO  server.RaftServerConfigKeys (ConfUtils.java:logGet(43)) - raft.server.rpc.timeout.min = 5s (custom)
2019-08-20 14:16:59,008 [pool-137-thread-1] INFO  server.RaftServerConfigKeys (ConfUtils.java:logGet(43)) - raft.server.rpc.timeout.max = 5200ms (custom)
2019-08-20 14:16:59,009 [pool-137-thread-1] INFO  server.RaftServerConfigKeys (ConfUtils.java:logGet(43)) - raft.server.rpcslowness.timeout = 120s (custom)
2019-08-20 14:16:59,009 [pool-137-thread-1] INFO  server.RaftServerConfigKeys (ConfUtils.java:logGet(43)) - raft.server.sleep.deviation.threshold = 300 (default)
2019-08-20 14:16:59,009 [pool-137-thread-1] INFO  server.RaftServerConfigKeys (ConfUtils.java:logGet(43)) - raft.server.log.appender.install.snapshot.enabled = false (custom)
2019-08-20 14:16:59,009 [pool-137-thread-1] INFO  impl.RaftServerImpl (ServerState.java:<init>(105)) - 7daf3e09-cf23-4648-b9a4-99837f6061ba:group-84499F8FB012 ConfigurationManager, init=-1: [7daf3e09-cf23-4648-b9a4-99837f6061ba:192.168.157.218:45198], old=null, confs=<EMPTY_MAP>
2019-08-20 14:16:59,009 [pool-137-thread-1] INFO  server.RaftServerConfigKeys (ConfUtils.java:logGet(43)) - raft.server.storage.dir = [/workdir/hadoop-ozone/integration-test/target/test-dir/MiniOzoneClusterImpl-1e699435-ac44-4e4c-83e9-3412d5c7c720/datanode-1/data/ratis] (custom)
2019-08-20 14:16:59,010 [pool-137-thread-1] INFO  storage.RaftStorageDirectory (RaftStorageDirectory.java:analyzeStorage(246)) - The storage directory /workdir/hadoop-ozone/integration-test/target/test-dir/MiniOzoneClusterImpl-1e699435-ac44-4e4c-83e9-3412d5c7c720/datanode-1/data/ratis/73eff577-4bcc-4429-af24-84499f8fb012 does not exist. Creating ...
2019-08-20 14:16:59,020 [pool-137-thread-1] INFO  storage.RaftStorageDirectory (RaftStorageDirectory.java:tryLock(328)) - Lock on /workdir/hadoop-ozone/integration-test/target/test-dir/MiniOzoneClusterImpl-1e699435-ac44-4e4c-83e9-3412d5c7c720/datanode-1/data/ratis/73eff577-4bcc-4429-af24-84499f8fb012/in_use.lock acquired by nodename 2601@pr-hdds-1950-rs6kf-667707070
2019-08-20 14:16:59,051 [pool-137-thread-1] INFO  storage.RaftStorage (RaftStorage.java:format(72)) - Storage directory /workdir/hadoop-ozone/integration-test/target/test-dir/MiniOzoneClusterImpl-1e699435-ac44-4e4c-83e9-3412d5c7c720/datanode-1/data/ratis/73eff577-4bcc-4429-af24-84499f8fb012 has been successfully formatted.
2019-08-20 14:16:59,051 [pool-137-thread-1] INFO  ratis.ContainerStateMachine (ContainerStateMachine.java:loadSnapshot(222)) - group-84499F8FB012: The snapshot info is null. Setting the last applied indexto:(t:0, i:~)
2019-08-20 14:16:59,051 [pool-137-thread-1] INFO  server.RaftServerConfigKeys (ConfUtils.java:logGet(43)) - raft.server.leader.election.timeout = 120s (custom)
2019-08-20 14:16:59,051 [pool-137-thread-1] INFO  server.RaftServerConfigKeys (ConfUtils.java:logGet(43)) - raft.server.log.use.memory = false (default)
2019-08-20 14:16:59,052 [pool-137-thread-1] INFO  server.RaftServerConfigKeys (ConfUtils.java:logGet(43)) - raft.server.log.purge.gap = 1000000 (custom)
2019-08-20 14:16:59,052 [pool-137-thread-1] INFO  server.RaftServerConfigKeys (ConfUtils.java:logGet(43)) - raft.server.log.appender.buffer.byte-limit = 33554432 (custom)
2019-08-20 14:16:59,052 [pool-137-thread-1] INFO  server.RaftServerConfigKeys (ConfUtils.java:logGet(43)) - raft.server.log.segment.size.max = 1048576 (custom)
2019-08-20 14:16:59,052 [pool-137-thread-1] INFO  server.RaftServerConfigKeys (ConfUtils.java:logGet(43)) - raft.server.log.segment.cache.num.max = 2 (custom)
2019-08-20 14:16:59,052 [pool-137-thread-1] INFO  segmented.SegmentedRaftLogWorker (SegmentedRaftLogWorker.java:<init>(172)) - new 7daf3e09-cf23-4648-b9a4-99837f6061ba-SegmentedRaftLogWorker:Storage Directory /workdir/hadoop-ozone/integration-test/target/test-dir/MiniOzoneClusterImpl-1e699435-ac44-4e4c-83e9-3412d5c7c720/datanode-1/data/ratis/73eff577-4bcc-4429-af24-84499f8fb012 for RaftStorage:Storage Directory /workdir/hadoop-ozone/integration-test/target/test-dir/MiniOzoneClusterImpl-1e699435-ac44-4e4c-83e9-3412d5c7c720/datanode-1/data/ratis/73eff577-4bcc-4429-af24-84499f8fb012
2019-08-20 14:16:59,052 [pool-137-thread-1] INFO  server.RaftServerConfigKeys (ConfUtils.java:logGet(43)) - raft.server.log.queue.byte-limit = 2147483647 (custom)
2019-08-20 14:16:59,052 [pool-137-thread-1] INFO  server.RaftServerConfigKeys (ConfUtils.java:logGet(43)) - raft.server.log.queue.element-limit = 1024 (custom)
2019-08-20 14:16:59,053 [pool-137-thread-1] INFO  server.RaftServerConfigKeys (ConfUtils.java:logGet(43)) - raft.server.log.segment.size.max = 1048576 (custom)
2019-08-20 14:16:59,053 [pool-137-thread-1] INFO  server.RaftServerConfigKeys (ConfUtils.java:logGet(43)) - raft.server.log.preallocated.size = 16384 (custom)
2019-08-20 14:16:59,053 [pool-137-thread-1] INFO  server.RaftServerConfigKeys (ConfUtils.java:logGet(43)) - raft.server.log.write.buffer.size = 33554432 (custom)
2019-08-20 14:16:59,053 [pool-137-thread-1] INFO  server.RaftServerConfigKeys (ConfUtils.java:logGet(43)) - raft.server.log.force.sync.num = 128 (default)
2019-08-20 14:16:59,053 [pool-137-thread-1] INFO  server.RaftServerConfigKeys (ConfUtils.java:logGet(43)) - raft.server.log.statemachine.data.sync = true (default)
2019-08-20 14:16:59,053 [pool-137-thread-1] INFO  server.RaftServerConfigKeys (ConfUtils.java:logGet(43)) - raft.server.log.statemachine.data.sync.timeout = 10s (default)
2019-08-20 14:16:59,053 [pool-137-thread-1] INFO  server.RaftServerConfigKeys (ConfUtils.java:logGet(43)) - raft.server.log.statemachine.data.sync.timeout.retry = -1 (default)
2019-08-20 14:16:59,054 [pool-137-thread-1] INFO  server.RaftServerConfigKeys (ConfUtils.java:logGet(43)) - raft.server.log.statemachine.data.caching.enabled = true (custom)
2019-08-20 14:16:59,054 [pool-137-thread-1] INFO  segmented.SegmentedRaftLogWorker (SegmentedRaftLogWorker.java:lambda$new$0(132)) - 7daf3e09-cf23-4648-b9a4-99837f6061ba-SegmentedRaftLogWorker:Storage Directory /workdir/hadoop-ozone/integration-test/target/test-dir/MiniOzoneClusterImpl-1e699435-ac44-4e4c-83e9-3412d5c7c720/datanode-1/data/ratis/73eff577-4bcc-4429-af24-84499f8fb012: flushIndex: setUnconditionally 0 -> -1
2019-08-20 14:16:59,054 [pool-137-thread-1] INFO  server.RaftServerConfigKeys (ConfUtils.java:logGet(43)) - raft.server.snapshot.auto.trigger.enabled = true (custom)
2019-08-20 14:16:59,054 [pool-137-thread-1] INFO  server.RaftServerConfigKeys (ConfUtils.java:logGet(43)) - raft.server.snapshot.auto.trigger.threshold = 10000 (custom)
2019-08-20 14:16:59,055 [pool-137-thread-1] INFO  server.RaftServerConfigKeys (ConfUtils.java:logGet(43)) - raft.server.retrycache.expirytime = 600000ms (custom)
2019-08-20 14:16:59,055 [pool-137-thread-1] INFO  impl.RaftServerImpl (RaftServerImpl.java:start(180)) - 7daf3e09-cf23-4648-b9a4-99837f6061ba: start group-84499F8FB012
2019-08-20 14:16:59,055 [pool-137-thread-1] INFO  impl.RaftServerImpl (RaftServerImpl.java:setRole(171)) - 7daf3e09-cf23-4648-b9a4-99837f6061ba:group-84499F8FB012 changes role from null to FOLLOWER at term 0 for startAsFollower
2019-08-20 14:16:59,055 [pool-137-thread-1] INFO  impl.RoleInfo (RoleInfo.java:updateAndGet(143)) - 7daf3e09-cf23-4648-b9a4-99837f6061ba: start FollowerState
2019-08-20 14:16:59,055 [pool-137-thread-1] INFO  util.JmxRegister (JmxRegister.java:tryRegister(44)) - Successfully registered JMX Bean with object name Ratis:service=RaftServer,group=group-84499F8FB012,id=7daf3e09-cf23-4648-b9a4-99837f6061ba
2019-08-20 14:16:59,058 [RatisPipelineUtilsThread] INFO  pipeline.PipelineStateManager (PipelineStateManager.java:addPipeline(56)) - Created pipeline Pipeline[ Id: 73eff577-4bcc-4429-af24-84499f8fb012, Nodes: 7daf3e09-cf23-4648-b9a4-99837f6061ba{ip: 192.168.157.218, host: pr-hdds-1950-rs6kf-667707070, networkLocation: /default-rack, certSerialId: null}, Type:RATIS, Factor:ONE, State:OPEN]
2019-08-20 14:16:59,067 [grpc-default-executor-3] INFO  impl.RaftServerProxy (RaftServerProxy.java:addNew(89)) - 81acbee6-4241-4f67-881f-cd5af487d526: addNew group-BDAB68432FB5:[81acbee6-4241-4f67-881f-cd5af487d526:192.168.157.218:35656] returns group-BDAB68432FB5:java.util.concurrent.CompletableFuture@6fa29082[Not completed]
2019-08-20 14:16:59,073 [pool-148-thread-1] INFO  impl.RaftServerImpl (RaftServerImpl.java:<init>(93)) - 81acbee6-4241-4f67-881f-cd5af487d526: new RaftServerImpl for group-BDAB68432FB5:[81acbee6-4241-4f67-881f-cd5af487d526:192.168.157.218:35656] with ContainerStateMachine:uninitialized
2019-08-20 14:16:59,074 [pool-148-thread-1] INFO  server.RaftServerConfigKeys (ConfUtils.java:logGet(43)) - raft.server.rpc.timeout.min = 5s (custom)
2019-08-20 14:16:59,074 [pool-148-thread-1] INFO  server.RaftServerConfigKeys (ConfUtils.java:logGet(43)) - raft.server.rpc.timeout.max = 5200ms (custom)
2019-08-20 14:16:59,074 [pool-148-thread-1] INFO  server.RaftServerConfigKeys (ConfUtils.java:logGet(43)) - raft.server.rpcslowness.timeout = 120s (custom)
2019-08-20 14:16:59,074 [pool-148-thread-1] INFO  server.RaftServerConfigKeys (ConfUtils.java:logGet(43)) - raft.server.sleep.deviation.threshold = 300 (default)
2019-08-20 14:16:59,074 [pool-148-thread-1] INFO  server.RaftServerConfigKeys (ConfUtils.java:logGet(43)) - raft.server.log.appender.install.snapshot.enabled = false (custom)
2019-08-20 14:16:59,075 [pool-148-thread-1] INFO  impl.RaftServerImpl (ServerState.java:<init>(105)) - 81acbee6-4241-4f67-881f-cd5af487d526:group-BDAB68432FB5 ConfigurationManager, init=-1: [81acbee6-4241-4f67-881f-cd5af487d526:192.168.157.218:35656], old=null, confs=<EMPTY_MAP>
2019-08-20 14:16:59,075 [pool-148-thread-1] INFO  server.RaftServerConfigKeys (ConfUtils.java:logGet(43)) - raft.server.storage.dir = [/workdir/hadoop-ozone/integration-test/target/test-dir/MiniOzoneClusterImpl-1e699435-ac44-4e4c-83e9-3412d5c7c720/datanode-2/data/ratis] (custom)
2019-08-20 14:16:59,075 [pool-148-thread-1] INFO  storage.RaftStorageDirectory (RaftStorageDirectory.java:analyzeStorage(246)) - The storage directory /workdir/hadoop-ozone/integration-test/target/test-dir/MiniOzoneClusterImpl-1e699435-ac44-4e4c-83e9-3412d5c7c720/datanode-2/data/ratis/624b624a-b658-419f-8562-bdab68432fb5 does not exist. Creating ...
2019-08-20 14:16:59,079 [pool-148-thread-1] INFO  storage.RaftStorageDirectory (RaftStorageDirectory.java:tryLock(328)) - Lock on /workdir/hadoop-ozone/integration-test/target/test-dir/MiniOzoneClusterImpl-1e699435-ac44-4e4c-83e9-3412d5c7c720/datanode-2/data/ratis/624b624a-b658-419f-8562-bdab68432fb5/in_use.lock acquired by nodename 2601@pr-hdds-1950-rs6kf-667707070
2019-08-20 14:16:59,082 [pool-148-thread-1] INFO  storage.RaftStorage (RaftStorage.java:format(72)) - Storage directory /workdir/hadoop-ozone/integration-test/target/test-dir/MiniOzoneClusterImpl-1e699435-ac44-4e4c-83e9-3412d5c7c720/datanode-2/data/ratis/624b624a-b658-419f-8562-bdab68432fb5 has been successfully formatted.
2019-08-20 14:16:59,083 [pool-148-thread-1] INFO  ratis.ContainerStateMachine (ContainerStateMachine.java:loadSnapshot(222)) - group-BDAB68432FB5: The snapshot info is null. Setting the last applied indexto:(t:0, i:~)
2019-08-20 14:16:59,083 [pool-148-thread-1] INFO  server.RaftServerConfigKeys (ConfUtils.java:logGet(43)) - raft.server.leader.election.timeout = 120s (custom)
2019-08-20 14:16:59,083 [pool-148-thread-1] INFO  server.RaftServerConfigKeys (ConfUtils.java:logGet(43)) - raft.server.log.use.memory = false (default)
2019-08-20 14:16:59,083 [pool-148-thread-1] INFO  server.RaftServerConfigKeys (ConfUtils.java:logGet(43)) - raft.server.log.purge.gap = 1000000 (custom)
2019-08-20 14:16:59,083 [pool-148-thread-1] INFO  server.RaftServerConfigKeys (ConfUtils.java:logGet(43)) - raft.server.log.appender.buffer.byte-limit = 33554432 (custom)
2019-08-20 14:16:59,083 [pool-148-thread-1] INFO  server.RaftServerConfigKeys (ConfUtils.java:logGet(43)) - raft.server.log.segment.size.max = 1048576 (custom)
2019-08-20 14:16:59,083 [pool-148-thread-1] INFO  server.RaftServerConfigKeys (ConfUtils.java:logGet(43)) - raft.server.log.segment.cache.num.max = 2 (custom)
2019-08-20 14:16:59,084 [pool-148-thread-1] INFO  segmented.SegmentedRaftLogWorker (SegmentedRaftLogWorker.java:<init>(172)) - new 81acbee6-4241-4f67-881f-cd5af487d526-SegmentedRaftLogWorker:Storage Directory /workdir/hadoop-ozone/integration-test/target/test-dir/MiniOzoneClusterImpl-1e699435-ac44-4e4c-83e9-3412d5c7c720/datanode-2/data/ratis/624b624a-b658-419f-8562-bdab68432fb5 for RaftStorage:Storage Directory /workdir/hadoop-ozone/integration-test/target/test-dir/MiniOzoneClusterImpl-1e699435-ac44-4e4c-83e9-3412d5c7c720/datanode-2/data/ratis/624b624a-b658-419f-8562-bdab68432fb5
2019-08-20 14:16:59,084 [pool-148-thread-1] INFO  server.RaftServerConfigKeys (ConfUtils.java:logGet(43)) - raft.server.log.queue.byte-limit = 2147483647 (custom)
2019-08-20 14:16:59,084 [pool-148-thread-1] INFO  server.RaftServerConfigKeys (ConfUtils.java:logGet(43)) - raft.server.log.queue.element-limit = 1024 (custom)
2019-08-20 14:16:59,084 [pool-148-thread-1] INFO  server.RaftServerConfigKeys (ConfUtils.java:logGet(43)) - raft.server.log.segment.size.max = 1048576 (custom)
2019-08-20 14:16:59,084 [pool-148-thread-1] INFO  server.RaftServerConfigKeys (ConfUtils.java:logGet(43)) - raft.server.log.preallocated.size = 16384 (custom)
2019-08-20 14:16:59,084 [pool-148-thread-1] INFO  server.RaftServerConfigKeys (ConfUtils.java:logGet(43)) - raft.server.log.write.buffer.size = 33554432 (custom)
2019-08-20 14:16:59,084 [pool-148-thread-1] INFO  server.RaftServerConfigKeys (ConfUtils.java:logGet(43)) - raft.server.log.force.sync.num = 128 (default)
2019-08-20 14:16:59,085 [pool-148-thread-1] INFO  server.RaftServerConfigKeys (ConfUtils.java:logGet(43)) - raft.server.log.statemachine.data.sync = true (default)
2019-08-20 14:16:59,085 [pool-148-thread-1] INFO  server.RaftServerConfigKeys (ConfUtils.java:logGet(43)) - raft.server.log.statemachine.data.sync.timeout = 10s (default)
2019-08-20 14:16:59,085 [pool-148-thread-1] INFO  server.RaftServerConfigKeys (ConfUtils.java:logGet(43)) - raft.server.log.statemachine.data.sync.timeout.retry = -1 (default)
2019-08-20 14:16:59,085 [pool-148-thread-1] INFO  server.RaftServerConfigKeys (ConfUtils.java:logGet(43)) - raft.server.log.statemachine.data.caching.enabled = true (custom)
2019-08-20 14:16:59,085 [pool-148-thread-1] INFO  segmented.SegmentedRaftLogWorker (SegmentedRaftLogWorker.java:lambda$new$0(132)) - 81acbee6-4241-4f67-881f-cd5af487d526-SegmentedRaftLogWorker:Storage Directory /workdir/hadoop-ozone/integration-test/target/test-dir/MiniOzoneClusterImpl-1e699435-ac44-4e4c-83e9-3412d5c7c720/datanode-2/data/ratis/624b624a-b658-419f-8562-bdab68432fb5: flushIndex: setUnconditionally 0 -> -1
2019-08-20 14:16:59,086 [pool-148-thread-1] INFO  server.RaftServerConfigKeys (ConfUtils.java:logGet(43)) - raft.server.snapshot.auto.trigger.enabled = true (custom)
2019-08-20 14:16:59,086 [pool-148-thread-1] INFO  server.RaftServerConfigKeys (ConfUtils.java:logGet(43)) - raft.server.snapshot.auto.trigger.threshold = 10000 (custom)
2019-08-20 14:16:59,086 [pool-148-thread-1] INFO  server.RaftServerConfigKeys (ConfUtils.java:logGet(43)) - raft.server.retrycache.expirytime = 600000ms (custom)
2019-08-20 14:16:59,086 [pool-148-thread-1] INFO  impl.RaftServerImpl (RaftServerImpl.java:start(180)) - 81acbee6-4241-4f67-881f-cd5af487d526: start group-BDAB68432FB5
2019-08-20 14:16:59,086 [pool-148-thread-1] INFO  impl.RaftServerImpl (RaftServerImpl.java:setRole(171)) - 81acbee6-4241-4f67-881f-cd5af487d526:group-BDAB68432FB5 changes role from null to FOLLOWER at term 0 for startAsFollower
2019-08-20 14:16:59,086 [pool-148-thread-1] INFO  impl.RoleInfo (RoleInfo.java:updateAndGet(143)) - 81acbee6-4241-4f67-881f-cd5af487d526: start FollowerState
2019-08-20 14:16:59,087 [pool-148-thread-1] INFO  util.JmxRegister (JmxRegister.java:tryRegister(44)) - Successfully registered JMX Bean with object name Ratis:service=RaftServer,group=group-BDAB68432FB5,id=81acbee6-4241-4f67-881f-cd5af487d526
2019-08-20 14:16:59,089 [RatisPipelineUtilsThread] INFO  pipeline.PipelineStateManager (PipelineStateManager.java:addPipeline(56)) - Created pipeline Pipeline[ Id: 624b624a-b658-419f-8562-bdab68432fb5, Nodes: 81acbee6-4241-4f67-881f-cd5af487d526{ip: 192.168.157.218, host: pr-hdds-1950-rs6kf-667707070, networkLocation: /default-rack, certSerialId: null}, Type:RATIS, Factor:ONE, State:OPEN]
2019-08-20 14:16:59,102 [grpc-default-executor-3] INFO  impl.RaftServerProxy (RaftServerProxy.java:addNew(89)) - f81e0742-261c-4f1d-a9d7-43862556ad20: addNew group-37350B33DEF5:[f81e0742-261c-4f1d-a9d7-43862556ad20:192.168.157.218:33409, 7daf3e09-cf23-4648-b9a4-99837f6061ba:192.168.157.218:45198, 81acbee6-4241-4f67-881f-cd5af487d526:192.168.157.218:35656] returns group-37350B33DEF5:java.util.concurrent.CompletableFuture@7a8555c[Not completed]
2019-08-20 14:16:59,102 [grpc-default-executor-2] INFO  impl.RaftServerProxy (RaftServerProxy.java:addNew(89)) - 81acbee6-4241-4f67-881f-cd5af487d526: addNew group-37350B33DEF5:[f81e0742-261c-4f1d-a9d7-43862556ad20:192.168.157.218:33409, 7daf3e09-cf23-4648-b9a4-99837f6061ba:192.168.157.218:45198, 81acbee6-4241-4f67-881f-cd5af487d526:192.168.157.218:35656] returns group-37350B33DEF5:java.util.concurrent.CompletableFuture@4f33d7b8[Not completed]
2019-08-20 14:16:59,102 [grpc-default-executor-0] INFO  impl.RaftServerProxy (RaftServerProxy.java:addNew(89)) - 7daf3e09-cf23-4648-b9a4-99837f6061ba: addNew group-37350B33DEF5:[f81e0742-261c-4f1d-a9d7-43862556ad20:192.168.157.218:33409, 7daf3e09-cf23-4648-b9a4-99837f6061ba:192.168.157.218:45198, 81acbee6-4241-4f67-881f-cd5af487d526:192.168.157.218:35656] returns group-37350B33DEF5:java.util.concurrent.CompletableFuture@7f8d86a1[Not completed]
2019-08-20 14:16:59,103 [pool-137-thread-1] INFO  impl.RaftServerImpl (RaftServerImpl.java:<init>(93)) - 7daf3e09-cf23-4648-b9a4-99837f6061ba: new RaftServerImpl for group-37350B33DEF5:[f81e0742-261c-4f1d-a9d7-43862556ad20:192.168.157.218:33409, 7daf3e09-cf23-4648-b9a4-99837f6061ba:192.168.157.218:45198, 81acbee6-4241-4f67-881f-cd5af487d526:192.168.157.218:35656] with ContainerStateMachine:uninitialized
2019-08-20 14:16:59,103 [pool-137-thread-1] INFO  server.RaftServerConfigKeys (ConfUtils.java:logGet(43)) - raft.server.rpc.timeout.min = 5s (custom)
2019-08-20 14:16:59,103 [pool-137-thread-1] INFO  server.RaftServerConfigKeys (ConfUtils.java:logGet(43)) - raft.server.rpc.timeout.max = 5200ms (custom)
2019-08-20 14:16:59,104 [pool-137-thread-1] INFO  server.RaftServerConfigKeys (ConfUtils.java:logGet(43)) - raft.server.rpcslowness.timeout = 120s (custom)
2019-08-20 14:16:59,104 [pool-137-thread-1] INFO  server.RaftServerConfigKeys (ConfUtils.java:logGet(43)) - raft.server.sleep.deviation.threshold = 300 (default)
2019-08-20 14:16:59,104 [pool-137-thread-1] INFO  server.RaftServerConfigKeys (ConfUtils.java:logGet(43)) - raft.server.log.appender.install.snapshot.enabled = false (custom)
2019-08-20 14:16:59,104 [pool-137-thread-1] INFO  impl.RaftServerImpl (ServerState.java:<init>(105)) - 7daf3e09-cf23-4648-b9a4-99837f6061ba:group-37350B33DEF5 ConfigurationManager, init=-1: [f81e0742-261c-4f1d-a9d7-43862556ad20:192.168.157.218:33409, 7daf3e09-cf23-4648-b9a4-99837f6061ba:192.168.157.218:45198, 81acbee6-4241-4f67-881f-cd5af487d526:192.168.157.218:35656], old=null, confs=<EMPTY_MAP>
2019-08-20 14:16:59,104 [pool-137-thread-1] INFO  server.RaftServerConfigKeys (ConfUtils.java:logGet(43)) - raft.server.storage.dir = [/workdir/hadoop-ozone/integration-test/target/test-dir/MiniOzoneClusterImpl-1e699435-ac44-4e4c-83e9-3412d5c7c720/datanode-1/data/ratis] (custom)
2019-08-20 14:16:59,104 [pool-126-thread-1] INFO  impl.RaftServerImpl (RaftServerImpl.java:<init>(93)) - f81e0742-261c-4f1d-a9d7-43862556ad20: new RaftServerImpl for group-37350B33DEF5:[f81e0742-261c-4f1d-a9d7-43862556ad20:192.168.157.218:33409, 7daf3e09-cf23-4648-b9a4-99837f6061ba:192.168.157.218:45198, 81acbee6-4241-4f67-881f-cd5af487d526:192.168.157.218:35656] with ContainerStateMachine:uninitialized
2019-08-20 14:16:59,104 [pool-137-thread-1] INFO  storage.RaftStorageDirectory (RaftStorageDirectory.java:analyzeStorage(246)) - The storage directory /workdir/hadoop-ozone/integration-test/target/test-dir/MiniOzoneClusterImpl-1e699435-ac44-4e4c-83e9-3412d5c7c720/datanode-1/data/ratis/86317f8f-4c7f-4884-92f8-37350b33def5 does not exist. Creating ...
2019-08-20 14:16:59,105 [pool-126-thread-1] INFO  server.RaftServerConfigKeys (ConfUtils.java:logGet(43)) - raft.server.rpc.timeout.min = 5s (custom)
2019-08-20 14:16:59,105 [pool-126-thread-1] INFO  server.RaftServerConfigKeys (ConfUtils.java:logGet(43)) - raft.server.rpc.timeout.max = 5200ms (custom)
2019-08-20 14:16:59,105 [pool-126-thread-1] INFO  server.RaftServerConfigKeys (ConfUtils.java:logGet(43)) - raft.server.rpcslowness.timeout = 120s (custom)
2019-08-20 14:16:59,105 [pool-126-thread-1] INFO  server.RaftServerConfigKeys (ConfUtils.java:logGet(43)) - raft.server.sleep.deviation.threshold = 300 (default)
2019-08-20 14:16:59,105 [pool-126-thread-1] INFO  server.RaftServerConfigKeys (ConfUtils.java:logGet(43)) - raft.server.log.appender.install.snapshot.enabled = false (custom)
2019-08-20 14:16:59,105 [pool-148-thread-1] INFO  impl.RaftServerImpl (RaftServerImpl.java:<init>(93)) - 81acbee6-4241-4f67-881f-cd5af487d526: new RaftServerImpl for group-37350B33DEF5:[f81e0742-261c-4f1d-a9d7-43862556ad20:192.168.157.218:33409, 7daf3e09-cf23-4648-b9a4-99837f6061ba:192.168.157.218:45198, 81acbee6-4241-4f67-881f-cd5af487d526:192.168.157.218:35656] with ContainerStateMachine:uninitialized
2019-08-20 14:16:59,105 [pool-126-thread-1] INFO  impl.RaftServerImpl (ServerState.java:<init>(105)) - f81e0742-261c-4f1d-a9d7-43862556ad20:group-37350B33DEF5 ConfigurationManager, init=-1: [f81e0742-261c-4f1d-a9d7-43862556ad20:192.168.157.218:33409, 7daf3e09-cf23-4648-b9a4-99837f6061ba:192.168.157.218:45198, 81acbee6-4241-4f67-881f-cd5af487d526:192.168.157.218:35656], old=null, confs=<EMPTY_MAP>
2019-08-20 14:16:59,105 [pool-148-thread-1] INFO  server.RaftServerConfigKeys (ConfUtils.java:logGet(43)) - raft.server.rpc.timeout.min = 5s (custom)
2019-08-20 14:16:59,105 [pool-126-thread-1] INFO  server.RaftServerConfigKeys (ConfUtils.java:logGet(43)) - raft.server.storage.dir = [/workdir/hadoop-ozone/integration-test/target/test-dir/MiniOzoneClusterImpl-1e699435-ac44-4e4c-83e9-3412d5c7c720/datanode-0/data/ratis] (custom)
2019-08-20 14:16:59,105 [pool-148-thread-1] INFO  server.RaftServerConfigKeys (ConfUtils.java:logGet(43)) - raft.server.rpc.timeout.max = 5200ms (custom)
2019-08-20 14:16:59,106 [pool-148-thread-1] INFO  server.RaftServerConfigKeys (ConfUtils.java:logGet(43)) - raft.server.rpcslowness.timeout = 120s (custom)
2019-08-20 14:16:59,106 [pool-126-thread-1] INFO  storage.RaftStorageDirectory (RaftStorageDirectory.java:analyzeStorage(246)) - The storage directory /workdir/hadoop-ozone/integration-test/target/test-dir/MiniOzoneClusterImpl-1e699435-ac44-4e4c-83e9-3412d5c7c720/datanode-0/data/ratis/86317f8f-4c7f-4884-92f8-37350b33def5 does not exist. Creating ...
2019-08-20 14:16:59,106 [pool-148-thread-1] INFO  server.RaftServerConfigKeys (ConfUtils.java:logGet(43)) - raft.server.sleep.deviation.threshold = 300 (default)
2019-08-20 14:16:59,106 [pool-148-thread-1] INFO  server.RaftServerConfigKeys (ConfUtils.java:logGet(43)) - raft.server.log.appender.install.snapshot.enabled = false (custom)
2019-08-20 14:16:59,106 [pool-148-thread-1] INFO  impl.RaftServerImpl (ServerState.java:<init>(105)) - 81acbee6-4241-4f67-881f-cd5af487d526:group-37350B33DEF5 ConfigurationManager, init=-1: [f81e0742-261c-4f1d-a9d7-43862556ad20:192.168.157.218:33409, 7daf3e09-cf23-4648-b9a4-99837f6061ba:192.168.157.218:45198, 81acbee6-4241-4f67-881f-cd5af487d526:192.168.157.218:35656], old=null, confs=<EMPTY_MAP>
2019-08-20 14:16:59,107 [pool-148-thread-1] INFO  server.RaftServerConfigKeys (ConfUtils.java:logGet(43)) - raft.server.storage.dir = [/workdir/hadoop-ozone/integration-test/target/test-dir/MiniOzoneClusterImpl-1e699435-ac44-4e4c-83e9-3412d5c7c720/datanode-2/data/ratis] (custom)
2019-08-20 14:16:59,107 [pool-148-thread-1] INFO  storage.RaftStorageDirectory (RaftStorageDirectory.java:analyzeStorage(246)) - The storage directory /workdir/hadoop-ozone/integration-test/target/test-dir/MiniOzoneClusterImpl-1e699435-ac44-4e4c-83e9-3412d5c7c720/datanode-2/data/ratis/86317f8f-4c7f-4884-92f8-37350b33def5 does not exist. Creating ...
2019-08-20 14:16:59,120 [pool-148-thread-1] INFO  storage.RaftStorageDirectory (RaftStorageDirectory.java:tryLock(328)) - Lock on /workdir/hadoop-ozone/integration-test/target/test-dir/MiniOzoneClusterImpl-1e699435-ac44-4e4c-83e9-3412d5c7c720/datanode-2/data/ratis/86317f8f-4c7f-4884-92f8-37350b33def5/in_use.lock acquired by nodename 2601@pr-hdds-1950-rs6kf-667707070
2019-08-20 14:16:59,120 [pool-137-thread-1] INFO  storage.RaftStorageDirectory (RaftStorageDirectory.java:tryLock(328)) - Lock on /workdir/hadoop-ozone/integration-test/target/test-dir/MiniOzoneClusterImpl-1e699435-ac44-4e4c-83e9-3412d5c7c720/datanode-1/data/ratis/86317f8f-4c7f-4884-92f8-37350b33def5/in_use.lock acquired by nodename 2601@pr-hdds-1950-rs6kf-667707070
2019-08-20 14:16:59,120 [pool-126-thread-1] INFO  storage.RaftStorageDirectory (RaftStorageDirectory.java:tryLock(328)) - Lock on /workdir/hadoop-ozone/integration-test/target/test-dir/MiniOzoneClusterImpl-1e699435-ac44-4e4c-83e9-3412d5c7c720/datanode-0/data/ratis/86317f8f-4c7f-4884-92f8-37350b33def5/in_use.lock acquired by nodename 2601@pr-hdds-1950-rs6kf-667707070
2019-08-20 14:16:59,147 [pool-148-thread-1] INFO  storage.RaftStorage (RaftStorage.java:format(72)) - Storage directory /workdir/hadoop-ozone/integration-test/target/test-dir/MiniOzoneClusterImpl-1e699435-ac44-4e4c-83e9-3412d5c7c720/datanode-2/data/ratis/86317f8f-4c7f-4884-92f8-37350b33def5 has been successfully formatted.
2019-08-20 14:16:59,147 [pool-137-thread-1] INFO  storage.RaftStorage (RaftStorage.java:format(72)) - Storage directory /workdir/hadoop-ozone/integration-test/target/test-dir/MiniOzoneClusterImpl-1e699435-ac44-4e4c-83e9-3412d5c7c720/datanode-1/data/ratis/86317f8f-4c7f-4884-92f8-37350b33def5 has been successfully formatted.
2019-08-20 14:16:59,147 [pool-126-thread-1] INFO  storage.RaftStorage (RaftStorage.java:format(72)) - Storage directory /workdir/hadoop-ozone/integration-test/target/test-dir/MiniOzoneClusterImpl-1e699435-ac44-4e4c-83e9-3412d5c7c720/datanode-0/data/ratis/86317f8f-4c7f-4884-92f8-37350b33def5 has been successfully formatted.
2019-08-20 14:16:59,147 [pool-148-thread-1] INFO  ratis.ContainerStateMachine (ContainerStateMachine.java:loadSnapshot(222)) - group-37350B33DEF5: The snapshot info is null. Setting the last applied indexto:(t:0, i:~)
2019-08-20 14:16:59,148 [pool-148-thread-1] INFO  server.RaftServerConfigKeys (ConfUtils.java:logGet(43)) - raft.server.leader.election.timeout = 120s (custom)
2019-08-20 14:16:59,148 [pool-148-thread-1] INFO  server.RaftServerConfigKeys (ConfUtils.java:logGet(43)) - raft.server.log.use.memory = false (default)
2019-08-20 14:16:59,148 [pool-148-thread-1] INFO  server.RaftServerConfigKeys (ConfUtils.java:logGet(43)) - raft.server.log.purge.gap = 1000000 (custom)
2019-08-20 14:16:59,148 [pool-148-thread-1] INFO  server.RaftServerConfigKeys (ConfUtils.java:logGet(43)) - raft.server.log.appender.buffer.byte-limit = 33554432 (custom)
2019-08-20 14:16:59,148 [pool-148-thread-1] INFO  server.RaftServerConfigKeys (ConfUtils.java:logGet(43)) - raft.server.log.segment.size.max = 1048576 (custom)
2019-08-20 14:16:59,148 [pool-148-thread-1] INFO  server.RaftServerConfigKeys (ConfUtils.java:logGet(43)) - raft.server.log.segment.cache.num.max = 2 (custom)
2019-08-20 14:16:59,148 [pool-148-thread-1] INFO  segmented.SegmentedRaftLogWorker (SegmentedRaftLogWorker.java:<init>(172)) - new 81acbee6-4241-4f67-881f-cd5af487d526-SegmentedRaftLogWorker:Storage Directory /workdir/hadoop-ozone/integration-test/target/test-dir/MiniOzoneClusterImpl-1e699435-ac44-4e4c-83e9-3412d5c7c720/datanode-2/data/ratis/86317f8f-4c7f-4884-92f8-37350b33def5 for RaftStorage:Storage Directory /workdir/hadoop-ozone/integration-test/target/test-dir/MiniOzoneClusterImpl-1e699435-ac44-4e4c-83e9-3412d5c7c720/datanode-2/data/ratis/86317f8f-4c7f-4884-92f8-37350b33def5
2019-08-20 14:16:59,148 [pool-148-thread-1] INFO  server.RaftServerConfigKeys (ConfUtils.java:logGet(43)) - raft.server.log.queue.byte-limit = 2147483647 (custom)
2019-08-20 14:16:59,149 [pool-148-thread-1] INFO  server.RaftServerConfigKeys (ConfUtils.java:logGet(43)) - raft.server.log.queue.element-limit = 1024 (custom)
2019-08-20 14:16:59,149 [pool-126-thread-1] INFO  ratis.ContainerStateMachine (ContainerStateMachine.java:loadSnapshot(222)) - group-37350B33DEF5: The snapshot info is null. Setting the last applied indexto:(t:0, i:~)
2019-08-20 14:16:59,149 [pool-148-thread-1] INFO  server.RaftServerConfigKeys (ConfUtils.java:logGet(43)) - raft.server.log.segment.size.max = 1048576 (custom)
2019-08-20 14:16:59,149 [pool-137-thread-1] INFO  ratis.ContainerStateMachine (ContainerStateMachine.java:loadSnapshot(222)) - group-37350B33DEF5: The snapshot info is null. Setting the last applied indexto:(t:0, i:~)
2019-08-20 14:16:59,149 [pool-148-thread-1] INFO  server.RaftServerConfigKeys (ConfUtils.java:logGet(43)) - raft.server.log.preallocated.size = 16384 (custom)
2019-08-20 14:16:59,149 [pool-126-thread-1] INFO  server.RaftServerConfigKeys (ConfUtils.java:logGet(43)) - raft.server.leader.election.timeout = 120s (custom)
2019-08-20 14:16:59,149 [pool-148-thread-1] INFO  server.RaftServerConfigKeys (ConfUtils.java:logGet(43)) - raft.server.log.write.buffer.size = 33554432 (custom)
2019-08-20 14:16:59,149 [pool-137-thread-1] INFO  server.RaftServerConfigKeys (ConfUtils.java:logGet(43)) - raft.server.leader.election.timeout = 120s (custom)
2019-08-20 14:16:59,149 [pool-148-thread-1] INFO  server.RaftServerConfigKeys (ConfUtils.java:logGet(43)) - raft.server.log.force.sync.num = 128 (default)
2019-08-20 14:16:59,149 [pool-126-thread-1] INFO  server.RaftServerConfigKeys (ConfUtils.java:logGet(43)) - raft.server.log.use.memory = false (default)
2019-08-20 14:16:59,150 [pool-148-thread-1] INFO  server.RaftServerConfigKeys (ConfUtils.java:logGet(43)) - raft.server.log.statemachine.data.sync = true (default)
2019-08-20 14:16:59,149 [pool-137-thread-1] INFO  server.RaftServerConfigKeys (ConfUtils.java:logGet(43)) - raft.server.log.use.memory = false (default)
2019-08-20 14:16:59,150 [pool-148-thread-1] INFO  server.RaftServerConfigKeys (ConfUtils.java:logGet(43)) - raft.server.log.statemachine.data.sync.timeout = 10s (default)
2019-08-20 14:16:59,150 [pool-126-thread-1] INFO  server.RaftServerConfigKeys (ConfUtils.java:logGet(43)) - raft.server.log.purge.gap = 1000000 (custom)
2019-08-20 14:16:59,150 [pool-148-thread-1] INFO  server.RaftServerConfigKeys (ConfUtils.java:logGet(43)) - raft.server.log.statemachine.data.sync.timeout.retry = -1 (default)
2019-08-20 14:16:59,150 [pool-137-thread-1] INFO  server.RaftServerConfigKeys (ConfUtils.java:logGet(43)) - raft.server.log.purge.gap = 1000000 (custom)
2019-08-20 14:16:59,150 [pool-148-thread-1] INFO  server.RaftServerConfigKeys (ConfUtils.java:logGet(43)) - raft.server.log.statemachine.data.caching.enabled = true (custom)
2019-08-20 14:16:59,150 [pool-126-thread-1] INFO  server.RaftServerConfigKeys (ConfUtils.java:logGet(43)) - raft.server.log.appender.buffer.byte-limit = 33554432 (custom)
2019-08-20 14:16:59,150 [pool-137-thread-1] INFO  server.RaftServerConfigKeys (ConfUtils.java:logGet(43)) - raft.server.log.appender.buffer.byte-limit = 33554432 (custom)
2019-08-20 14:16:59,151 [pool-148-thread-1] INFO  segmented.SegmentedRaftLogWorker (SegmentedRaftLogWorker.java:lambda$new$0(132)) - 81acbee6-4241-4f67-881f-cd5af487d526-SegmentedRaftLogWorker:Storage Directory /workdir/hadoop-ozone/integration-test/target/test-dir/MiniOzoneClusterImpl-1e699435-ac44-4e4c-83e9-3412d5c7c720/datanode-2/data/ratis/86317f8f-4c7f-4884-92f8-37350b33def5: flushIndex: setUnconditionally 0 -> -1
2019-08-20 14:16:59,151 [pool-126-thread-1] INFO  server.RaftServerConfigKeys (ConfUtils.java:logGet(43)) - raft.server.log.segment.size.max = 1048576 (custom)
2019-08-20 14:16:59,151 [pool-137-thread-1] INFO  server.RaftServerConfigKeys (ConfUtils.java:logGet(43)) - raft.server.log.segment.size.max = 1048576 (custom)
2019-08-20 14:16:59,151 [pool-148-thread-1] INFO  server.RaftServerConfigKeys (ConfUtils.java:logGet(43)) - raft.server.snapshot.auto.trigger.enabled = true (custom)
2019-08-20 14:16:59,151 [pool-126-thread-1] INFO  server.RaftServerConfigKeys (ConfUtils.java:logGet(43)) - raft.server.log.segment.cache.num.max = 2 (custom)
2019-08-20 14:16:59,151 [pool-148-thread-1] INFO  server.RaftServerConfigKeys (ConfUtils.java:logGet(43)) - raft.server.snapshot.auto.trigger.threshold = 10000 (custom)
2019-08-20 14:16:59,151 [pool-137-thread-1] INFO  server.RaftServerConfigKeys (ConfUtils.java:logGet(43)) - raft.server.log.segment.cache.num.max = 2 (custom)
2019-08-20 14:16:59,151 [pool-148-thread-1] INFO  server.RaftServerConfigKeys (ConfUtils.java:logGet(43)) - raft.server.retrycache.expirytime = 600000ms (custom)
2019-08-20 14:16:59,151 [pool-126-thread-1] INFO  segmented.SegmentedRaftLogWorker (SegmentedRaftLogWorker.java:<init>(172)) - new f81e0742-261c-4f1d-a9d7-43862556ad20-SegmentedRaftLogWorker:Storage Directory /workdir/hadoop-ozone/integration-test/target/test-dir/MiniOzoneClusterImpl-1e699435-ac44-4e4c-83e9-3412d5c7c720/datanode-0/data/ratis/86317f8f-4c7f-4884-92f8-37350b33def5 for RaftStorage:Storage Directory /workdir/hadoop-ozone/integration-test/target/test-dir/MiniOzoneClusterImpl-1e699435-ac44-4e4c-83e9-3412d5c7c720/datanode-0/data/ratis/86317f8f-4c7f-4884-92f8-37350b33def5
2019-08-20 14:16:59,152 [pool-137-thread-1] INFO  segmented.SegmentedRaftLogWorker (SegmentedRaftLogWorker.java:<init>(172)) - new 7daf3e09-cf23-4648-b9a4-99837f6061ba-SegmentedRaftLogWorker:Storage Directory /workdir/hadoop-ozone/integration-test/target/test-dir/MiniOzoneClusterImpl-1e699435-ac44-4e4c-83e9-3412d5c7c720/datanode-1/data/ratis/86317f8f-4c7f-4884-92f8-37350b33def5 for RaftStorage:Storage Directory /workdir/hadoop-ozone/integration-test/target/test-dir/MiniOzoneClusterImpl-1e699435-ac44-4e4c-83e9-3412d5c7c720/datanode-1/data/ratis/86317f8f-4c7f-4884-92f8-37350b33def5
2019-08-20 14:16:59,152 [pool-126-thread-1] INFO  server.RaftServerConfigKeys (ConfUtils.java:logGet(43)) - raft.server.log.queue.byte-limit = 2147483647 (custom)
2019-08-20 14:16:59,152 [pool-148-thread-1] INFO  impl.RaftServerImpl (RaftServerImpl.java:start(180)) - 81acbee6-4241-4f67-881f-cd5af487d526: start group-37350B33DEF5
2019-08-20 14:16:59,152 [pool-126-thread-1] INFO  server.RaftServerConfigKeys (ConfUtils.java:logGet(43)) - raft.server.log.queue.element-limit = 1024 (custom)
2019-08-20 14:16:59,152 [pool-137-thread-1] INFO  server.RaftServerConfigKeys (ConfUtils.java:logGet(43)) - raft.server.log.queue.byte-limit = 2147483647 (custom)
2019-08-20 14:16:59,152 [pool-126-thread-1] INFO  server.RaftServerConfigKeys (ConfUtils.java:logGet(43)) - raft.server.log.segment.size.max = 1048576 (custom)
2019-08-20 14:16:59,152 [pool-148-thread-1] INFO  impl.RaftServerImpl (RaftServerImpl.java:setRole(171)) - 81acbee6-4241-4f67-881f-cd5af487d526:group-37350B33DEF5 changes role from null to FOLLOWER at term 0 for startAsFollower
2019-08-20 14:16:59,152 [pool-126-thread-1] INFO  server.RaftServerConfigKeys (ConfUtils.java:logGet(43)) - raft.server.log.preallocated.size = 16384 (custom)
2019-08-20 14:16:59,152 [pool-137-thread-1] INFO  server.RaftServerConfigKeys (ConfUtils.java:logGet(43)) - raft.server.log.queue.element-limit = 1024 (custom)
2019-08-20 14:16:59,153 [pool-126-thread-1] INFO  server.RaftServerConfigKeys (ConfUtils.java:logGet(43)) - raft.server.log.write.buffer.size = 33554432 (custom)
2019-08-20 14:16:59,152 [pool-148-thread-1] INFO  impl.RoleInfo (RoleInfo.java:updateAndGet(143)) - 81acbee6-4241-4f67-881f-cd5af487d526: start FollowerState
2019-08-20 14:16:59,153 [pool-126-thread-1] INFO  server.RaftServerConfigKeys (ConfUtils.java:logGet(43)) - raft.server.log.force.sync.num = 128 (default)
2019-08-20 14:16:59,153 [pool-137-thread-1] INFO  server.RaftServerConfigKeys (ConfUtils.java:logGet(43)) - raft.server.log.segment.size.max = 1048576 (custom)
2019-08-20 14:16:59,153 [pool-126-thread-1] INFO  server.RaftServerConfigKeys (ConfUtils.java:logGet(43)) - raft.server.log.statemachine.data.sync = true (default)
2019-08-20 14:16:59,162 [pool-148-thread-1] INFO  util.JmxRegister (JmxRegister.java:tryRegister(44)) - Successfully registered JMX Bean with object name Ratis:service=RaftServer,group=group-37350B33DEF5,id=81acbee6-4241-4f67-881f-cd5af487d526
2019-08-20 14:16:59,153 [pool-137-thread-1] INFO  server.RaftServerConfigKeys (ConfUtils.java:logGet(43)) - raft.server.log.preallocated.size = 16384 (custom)
2019-08-20 14:16:59,162 [pool-126-thread-1] INFO  server.RaftServerConfigKeys (ConfUtils.java:logGet(43)) - raft.server.log.statemachine.data.sync.timeout = 10s (default)
2019-08-20 14:16:59,178 [pool-137-thread-1] INFO  server.RaftServerConfigKeys (ConfUtils.java:logGet(43)) - raft.server.log.write.buffer.size = 33554432 (custom)
2019-08-20 14:16:59,180 [pool-126-thread-1] INFO  server.RaftServerConfigKeys (ConfUtils.java:logGet(43)) - raft.server.log.statemachine.data.sync.timeout.retry = -1 (default)
2019-08-20 14:16:59,180 [pool-137-thread-1] INFO  server.RaftServerConfigKeys (ConfUtils.java:logGet(43)) - raft.server.log.force.sync.num = 128 (default)
2019-08-20 14:16:59,180 [pool-137-thread-1] INFO  server.RaftServerConfigKeys (ConfUtils.java:logGet(43)) - raft.server.log.statemachine.data.sync = true (default)
2019-08-20 14:16:59,180 [pool-126-thread-1] INFO  server.RaftServerConfigKeys (ConfUtils.java:logGet(43)) - raft.server.log.statemachine.data.caching.enabled = true (custom)
2019-08-20 14:16:59,180 [pool-137-thread-1] INFO  server.RaftServerConfigKeys (ConfUtils.java:logGet(43)) - raft.server.log.statemachine.data.sync.timeout = 10s (default)
2019-08-20 14:16:59,180 [pool-137-thread-1] INFO  server.RaftServerConfigKeys (ConfUtils.java:logGet(43)) - raft.server.log.statemachine.data.sync.timeout.retry = -1 (default)
2019-08-20 14:16:59,180 [pool-137-thread-1] INFO  server.RaftServerConfigKeys (ConfUtils.java:logGet(43)) - raft.server.log.statemachine.data.caching.enabled = true (custom)
2019-08-20 14:16:59,181 [pool-126-thread-1] INFO  segmented.SegmentedRaftLogWorker (SegmentedRaftLogWorker.java:lambda$new$0(132)) - f81e0742-261c-4f1d-a9d7-43862556ad20-SegmentedRaftLogWorker:Storage Directory /workdir/hadoop-ozone/integration-test/target/test-dir/MiniOzoneClusterImpl-1e699435-ac44-4e4c-83e9-3412d5c7c720/datanode-0/data/ratis/86317f8f-4c7f-4884-92f8-37350b33def5: flushIndex: setUnconditionally 0 -> -1
2019-08-20 14:16:59,181 [pool-137-thread-1] INFO  segmented.SegmentedRaftLogWorker (SegmentedRaftLogWorker.java:lambda$new$0(132)) - 7daf3e09-cf23-4648-b9a4-99837f6061ba-SegmentedRaftLogWorker:Storage Directory /workdir/hadoop-ozone/integration-test/target/test-dir/MiniOzoneClusterImpl-1e699435-ac44-4e4c-83e9-3412d5c7c720/datanode-1/data/ratis/86317f8f-4c7f-4884-92f8-37350b33def5: flushIndex: setUnconditionally 0 -> -1
2019-08-20 14:16:59,181 [pool-126-thread-1] INFO  server.RaftServerConfigKeys (ConfUtils.java:logGet(43)) - raft.server.snapshot.auto.trigger.enabled = true (custom)
2019-08-20 14:16:59,181 [pool-137-thread-1] INFO  server.RaftServerConfigKeys (ConfUtils.java:logGet(43)) - raft.server.snapshot.auto.trigger.enabled = true (custom)
2019-08-20 14:16:59,181 [pool-126-thread-1] INFO  server.RaftServerConfigKeys (ConfUtils.java:logGet(43)) - raft.server.snapshot.auto.trigger.threshold = 10000 (custom)
2019-08-20 14:16:59,181 [pool-137-thread-1] INFO  server.RaftServerConfigKeys (ConfUtils.java:logGet(43)) - raft.server.snapshot.auto.trigger.threshold = 10000 (custom)
2019-08-20 14:16:59,181 [pool-126-thread-1] INFO  server.RaftServerConfigKeys (ConfUtils.java:logGet(43)) - raft.server.retrycache.expirytime = 600000ms (custom)
2019-08-20 14:16:59,181 [pool-137-thread-1] INFO  server.RaftServerConfigKeys (ConfUtils.java:logGet(43)) - raft.server.retrycache.expirytime = 600000ms (custom)
2019-08-20 14:16:59,182 [pool-137-thread-1] INFO  impl.RaftServerImpl (RaftServerImpl.java:start(180)) - 7daf3e09-cf23-4648-b9a4-99837f6061ba: start group-37350B33DEF5
2019-08-20 14:16:59,182 [pool-126-thread-1] INFO  impl.RaftServerImpl (RaftServerImpl.java:start(180)) - f81e0742-261c-4f1d-a9d7-43862556ad20: start group-37350B33DEF5
2019-08-20 14:16:59,182 [pool-137-thread-1] INFO  impl.RaftServerImpl (RaftServerImpl.java:setRole(171)) - 7daf3e09-cf23-4648-b9a4-99837f6061ba:group-37350B33DEF5 changes role from null to FOLLOWER at term 0 for startAsFollower
2019-08-20 14:16:59,182 [pool-126-thread-1] INFO  impl.RaftServerImpl (RaftServerImpl.java:setRole(171)) - f81e0742-261c-4f1d-a9d7-43862556ad20:group-37350B33DEF5 changes role from null to FOLLOWER at term 0 for startAsFollower
2019-08-20 14:16:59,182 [pool-137-thread-1] INFO  impl.RoleInfo (RoleInfo.java:updateAndGet(143)) - 7daf3e09-cf23-4648-b9a4-99837f6061ba: start FollowerState
2019-08-20 14:16:59,182 [pool-126-thread-1] INFO  impl.RoleInfo (RoleInfo.java:updateAndGet(143)) - f81e0742-261c-4f1d-a9d7-43862556ad20: start FollowerState
2019-08-20 14:16:59,183 [pool-137-thread-1] INFO  util.JmxRegister (JmxRegister.java:tryRegister(44)) - Successfully registered JMX Bean with object name Ratis:service=RaftServer,group=group-37350B33DEF5,id=7daf3e09-cf23-4648-b9a4-99837f6061ba
2019-08-20 14:16:59,183 [pool-126-thread-1] INFO  util.JmxRegister (JmxRegister.java:tryRegister(44)) - Successfully registered JMX Bean with object name Ratis:service=RaftServer,group=group-37350B33DEF5,id=f81e0742-261c-4f1d-a9d7-43862556ad20
2019-08-20 14:16:59,186 [RatisPipelineUtilsThread] INFO  pipeline.PipelineStateManager (PipelineStateManager.java:addPipeline(56)) - Created pipeline Pipeline[ Id: 86317f8f-4c7f-4884-92f8-37350b33def5, Nodes: 7daf3e09-cf23-4648-b9a4-99837f6061ba{ip: 192.168.157.218, host: pr-hdds-1950-rs6kf-667707070, networkLocation: /default-rack, certSerialId: null}81acbee6-4241-4f67-881f-cd5af487d526{ip: 192.168.157.218, host: pr-hdds-1950-rs6kf-667707070, networkLocation: /default-rack, certSerialId: null}f81e0742-261c-4f1d-a9d7-43862556ad20{ip: 192.168.157.218, host: pr-hdds-1950-rs6kf-667707070, networkLocation: /default-rack, certSerialId: null}, Type:RATIS, Factor:THREE, State:OPEN]
2019-08-20 14:16:59,189 [IPC Server handler 4 on 44808] INFO  net.NetworkTopology (NetworkTopologyImpl.java:add(110)) - Added a new node: /default-rack/8e57c45d-c95e-4a54-a459-391d2c10b1fa
2019-08-20 14:16:59,190 [IPC Server handler 4 on 44808] INFO  node.SCMNodeManager (SCMNodeManager.java:register(273)) - Registered Data node : 8e57c45d-c95e-4a54-a459-391d2c10b1fa{ip: 192.168.157.218, host: pr-hdds-1950-rs6kf-667707070, networkLocation: /default-rack, certSerialId: null}
2019-08-20 14:16:59,195 | INFO  | SCMAudit | user=jenkins1000 | ip=192.168.157.218 | op=REGISTER {datanodeDetails=8e57c45d-c95e-4a54-a459-391d2c10b1fa{ip: 192.168.157.218, host: pr-hdds-1950-rs6kf-667707070, networkLocation: /default-rack, certSerialId: null}} | ret=SUCCESS |  
2019-08-20 14:16:59,206 [grpc-default-executor-0] INFO  impl.RaftServerProxy (RaftServerProxy.java:addNew(89)) - 8e57c45d-c95e-4a54-a459-391d2c10b1fa: addNew group-0E8AA4FA5782:[8e57c45d-c95e-4a54-a459-391d2c10b1fa:192.168.157.218:38181] returns group-0E8AA4FA5782:java.util.concurrent.CompletableFuture@5d547675[Not completed]
2019-08-20 14:16:59,214 [pool-159-thread-1] INFO  impl.RaftServerImpl (RaftServerImpl.java:<init>(93)) - 8e57c45d-c95e-4a54-a459-391d2c10b1fa: new RaftServerImpl for group-0E8AA4FA5782:[8e57c45d-c95e-4a54-a459-391d2c10b1fa:192.168.157.218:38181] with ContainerStateMachine:uninitialized
2019-08-20 14:16:59,214 [pool-159-thread-1] INFO  server.RaftServerConfigKeys (ConfUtils.java:logGet(43)) - raft.server.rpc.timeout.min = 5s (custom)
2019-08-20 14:16:59,214 [pool-159-thread-1] INFO  server.RaftServerConfigKeys (ConfUtils.java:logGet(43)) - raft.server.rpc.timeout.max = 5200ms (custom)
2019-08-20 14:16:59,214 [pool-159-thread-1] INFO  server.RaftServerConfigKeys (ConfUtils.java:logGet(43)) - raft.server.rpcslowness.timeout = 120s (custom)
2019-08-20 14:16:59,214 [pool-159-thread-1] INFO  server.RaftServerConfigKeys (ConfUtils.java:logGet(43)) - raft.server.sleep.deviation.threshold = 300 (default)
2019-08-20 14:16:59,214 [pool-159-thread-1] INFO  server.RaftServerConfigKeys (ConfUtils.java:logGet(43)) - raft.server.log.appender.install.snapshot.enabled = false (custom)
2019-08-20 14:16:59,214 [pool-159-thread-1] INFO  impl.RaftServerImpl (ServerState.java:<init>(105)) - 8e57c45d-c95e-4a54-a459-391d2c10b1fa:group-0E8AA4FA5782 ConfigurationManager, init=-1: [8e57c45d-c95e-4a54-a459-391d2c10b1fa:192.168.157.218:38181], old=null, confs=<EMPTY_MAP>
2019-08-20 14:16:59,215 [pool-159-thread-1] INFO  server.RaftServerConfigKeys (ConfUtils.java:logGet(43)) - raft.server.storage.dir = [/workdir/hadoop-ozone/integration-test/target/test-dir/MiniOzoneClusterImpl-1e699435-ac44-4e4c-83e9-3412d5c7c720/datanode-3/data/ratis] (custom)
2019-08-20 14:16:59,215 [pool-159-thread-1] INFO  storage.RaftStorageDirectory (RaftStorageDirectory.java:analyzeStorage(246)) - The storage directory /workdir/hadoop-ozone/integration-test/target/test-dir/MiniOzoneClusterImpl-1e699435-ac44-4e4c-83e9-3412d5c7c720/datanode-3/data/ratis/9383aa33-2b4b-446c-89b4-0e8aa4fa5782 does not exist. Creating ...
2019-08-20 14:16:59,244 [pool-159-thread-1] INFO  storage.RaftStorageDirectory (RaftStorageDirectory.java:tryLock(328)) - Lock on /workdir/hadoop-ozone/integration-test/target/test-dir/MiniOzoneClusterImpl-1e699435-ac44-4e4c-83e9-3412d5c7c720/datanode-3/data/ratis/9383aa33-2b4b-446c-89b4-0e8aa4fa5782/in_use.lock acquired by nodename 2601@pr-hdds-1950-rs6kf-667707070
2019-08-20 14:16:59,306 [pool-159-thread-1] INFO  storage.RaftStorage (RaftStorage.java:format(72)) - Storage directory /workdir/hadoop-ozone/integration-test/target/test-dir/MiniOzoneClusterImpl-1e699435-ac44-4e4c-83e9-3412d5c7c720/datanode-3/data/ratis/9383aa33-2b4b-446c-89b4-0e8aa4fa5782 has been successfully formatted.
2019-08-20 14:16:59,307 [pool-159-thread-1] INFO  ratis.ContainerStateMachine (ContainerStateMachine.java:loadSnapshot(222)) - group-0E8AA4FA5782: The snapshot info is null. Setting the last applied indexto:(t:0, i:~)
2019-08-20 14:16:59,307 [pool-159-thread-1] INFO  server.RaftServerConfigKeys (ConfUtils.java:logGet(43)) - raft.server.leader.election.timeout = 120s (custom)
2019-08-20 14:16:59,307 [pool-159-thread-1] INFO  server.RaftServerConfigKeys (ConfUtils.java:logGet(43)) - raft.server.log.use.memory = false (default)
2019-08-20 14:16:59,307 [pool-159-thread-1] INFO  server.RaftServerConfigKeys (ConfUtils.java:logGet(43)) - raft.server.log.purge.gap = 1000000 (custom)
2019-08-20 14:16:59,307 [pool-159-thread-1] INFO  server.RaftServerConfigKeys (ConfUtils.java:logGet(43)) - raft.server.log.appender.buffer.byte-limit = 33554432 (custom)
2019-08-20 14:16:59,308 [pool-159-thread-1] INFO  server.RaftServerConfigKeys (ConfUtils.java:logGet(43)) - raft.server.log.segment.size.max = 1048576 (custom)
2019-08-20 14:16:59,308 [pool-159-thread-1] INFO  server.RaftServerConfigKeys (ConfUtils.java:logGet(43)) - raft.server.log.segment.cache.num.max = 2 (custom)
2019-08-20 14:16:59,308 [pool-159-thread-1] INFO  segmented.SegmentedRaftLogWorker (SegmentedRaftLogWorker.java:<init>(172)) - new 8e57c45d-c95e-4a54-a459-391d2c10b1fa-SegmentedRaftLogWorker:Storage Directory /workdir/hadoop-ozone/integration-test/target/test-dir/MiniOzoneClusterImpl-1e699435-ac44-4e4c-83e9-3412d5c7c720/datanode-3/data/ratis/9383aa33-2b4b-446c-89b4-0e8aa4fa5782 for RaftStorage:Storage Directory /workdir/hadoop-ozone/integration-test/target/test-dir/MiniOzoneClusterImpl-1e699435-ac44-4e4c-83e9-3412d5c7c720/datanode-3/data/ratis/9383aa33-2b4b-446c-89b4-0e8aa4fa5782
2019-08-20 14:16:59,308 [pool-159-thread-1] INFO  server.RaftServerConfigKeys (ConfUtils.java:logGet(43)) - raft.server.log.queue.byte-limit = 2147483647 (custom)
2019-08-20 14:16:59,308 [pool-159-thread-1] INFO  server.RaftServerConfigKeys (ConfUtils.java:logGet(43)) - raft.server.log.queue.element-limit = 1024 (custom)
2019-08-20 14:16:59,309 [pool-159-thread-1] INFO  server.RaftServerConfigKeys (ConfUtils.java:logGet(43)) - raft.server.log.segment.size.max = 1048576 (custom)
2019-08-20 14:16:59,309 [pool-159-thread-1] INFO  server.RaftServerConfigKeys (ConfUtils.java:logGet(43)) - raft.server.log.preallocated.size = 16384 (custom)
2019-08-20 14:16:59,309 [pool-159-thread-1] INFO  server.RaftServerConfigKeys (ConfUtils.java:logGet(43)) - raft.server.log.write.buffer.size = 33554432 (custom)
2019-08-20 14:16:59,309 [pool-159-thread-1] INFO  server.RaftServerConfigKeys (ConfUtils.java:logGet(43)) - raft.server.log.force.sync.num = 128 (default)
2019-08-20 14:16:59,309 [pool-159-thread-1] INFO  server.RaftServerConfigKeys (ConfUtils.java:logGet(43)) - raft.server.log.statemachine.data.sync = true (default)
2019-08-20 14:16:59,309 [pool-159-thread-1] INFO  server.RaftServerConfigKeys (ConfUtils.java:logGet(43)) - raft.server.log.statemachine.data.sync.timeout = 10s (default)
2019-08-20 14:16:59,309 [pool-159-thread-1] INFO  server.RaftServerConfigKeys (ConfUtils.java:logGet(43)) - raft.server.log.statemachine.data.sync.timeout.retry = -1 (default)
2019-08-20 14:16:59,310 [pool-159-thread-1] INFO  server.RaftServerConfigKeys (ConfUtils.java:logGet(43)) - raft.server.log.statemachine.data.caching.enabled = true (custom)
2019-08-20 14:16:59,310 [pool-159-thread-1] INFO  segmented.SegmentedRaftLogWorker (SegmentedRaftLogWorker.java:lambda$new$0(132)) - 8e57c45d-c95e-4a54-a459-391d2c10b1fa-SegmentedRaftLogWorker:Storage Directory /workdir/hadoop-ozone/integration-test/target/test-dir/MiniOzoneClusterImpl-1e699435-ac44-4e4c-83e9-3412d5c7c720/datanode-3/data/ratis/9383aa33-2b4b-446c-89b4-0e8aa4fa5782: flushIndex: setUnconditionally 0 -> -1
2019-08-20 14:16:59,310 [pool-159-thread-1] INFO  server.RaftServerConfigKeys (ConfUtils.java:logGet(43)) - raft.server.snapshot.auto.trigger.enabled = true (custom)
2019-08-20 14:16:59,310 [pool-159-thread-1] INFO  server.RaftServerConfigKeys (ConfUtils.java:logGet(43)) - raft.server.snapshot.auto.trigger.threshold = 10000 (custom)
2019-08-20 14:16:59,311 [pool-159-thread-1] INFO  server.RaftServerConfigKeys (ConfUtils.java:logGet(43)) - raft.server.retrycache.expirytime = 600000ms (custom)
2019-08-20 14:16:59,311 [pool-159-thread-1] INFO  impl.RaftServerImpl (RaftServerImpl.java:start(180)) - 8e57c45d-c95e-4a54-a459-391d2c10b1fa: start group-0E8AA4FA5782
2019-08-20 14:16:59,311 [pool-159-thread-1] INFO  impl.RaftServerImpl (RaftServerImpl.java:setRole(171)) - 8e57c45d-c95e-4a54-a459-391d2c10b1fa:group-0E8AA4FA5782 changes role from null to FOLLOWER at term 0 for startAsFollower
2019-08-20 14:16:59,311 [pool-159-thread-1] INFO  impl.RoleInfo (RoleInfo.java:updateAndGet(143)) - 8e57c45d-c95e-4a54-a459-391d2c10b1fa: start FollowerState
2019-08-20 14:16:59,311 [pool-159-thread-1] INFO  util.JmxRegister (JmxRegister.java:tryRegister(44)) - Successfully registered JMX Bean with object name Ratis:service=RaftServer,group=group-0E8AA4FA5782,id=8e57c45d-c95e-4a54-a459-391d2c10b1fa
2019-08-20 14:16:59,315 [RatisPipelineUtilsThread] INFO  pipeline.PipelineStateManager (PipelineStateManager.java:addPipeline(56)) - Created pipeline Pipeline[ Id: 9383aa33-2b4b-446c-89b4-0e8aa4fa5782, Nodes: 8e57c45d-c95e-4a54-a459-391d2c10b1fa{ip: 192.168.157.218, host: pr-hdds-1950-rs6kf-667707070, networkLocation: /default-rack, certSerialId: null}, Type:RATIS, Factor:ONE, State:OPEN]
2019-08-20 14:16:59,379 [IPC Server handler 3 on 44808] INFO  net.NetworkTopology (NetworkTopologyImpl.java:add(110)) - Added a new node: /default-rack/ab54d0aa-45c9-4c80-aad1-fb02da82d4c1
2019-08-20 14:16:59,379 [IPC Server handler 3 on 44808] INFO  node.SCMNodeManager (SCMNodeManager.java:register(273)) - Registered Data node : ab54d0aa-45c9-4c80-aad1-fb02da82d4c1{ip: 192.168.157.218, host: pr-hdds-1950-rs6kf-667707070, networkLocation: /default-rack, certSerialId: null}
2019-08-20 14:16:59,383 | INFO  | SCMAudit | user=jenkins1000 | ip=192.168.157.218 | op=REGISTER {datanodeDetails=ab54d0aa-45c9-4c80-aad1-fb02da82d4c1{ip: 192.168.157.218, host: pr-hdds-1950-rs6kf-667707070, networkLocation: /default-rack, certSerialId: null}} | ret=SUCCESS |  
2019-08-20 14:16:59,391 [grpc-default-executor-0] INFO  impl.RaftServerProxy (RaftServerProxy.java:addNew(89)) - ab54d0aa-45c9-4c80-aad1-fb02da82d4c1: addNew group-E2391E920E2F:[ab54d0aa-45c9-4c80-aad1-fb02da82d4c1:192.168.157.218:41845] returns group-E2391E920E2F:java.util.concurrent.CompletableFuture@3405dfd4[Not completed]
2019-08-20 14:16:59,396 [pool-170-thread-1] INFO  impl.RaftServerImpl (RaftServerImpl.java:<init>(93)) - ab54d0aa-45c9-4c80-aad1-fb02da82d4c1: new RaftServerImpl for group-E2391E920E2F:[ab54d0aa-45c9-4c80-aad1-fb02da82d4c1:192.168.157.218:41845] with ContainerStateMachine:uninitialized
2019-08-20 14:16:59,396 [pool-170-thread-1] INFO  server.RaftServerConfigKeys (ConfUtils.java:logGet(43)) - raft.server.rpc.timeout.min = 5s (custom)
2019-08-20 14:16:59,396 [pool-170-thread-1] INFO  server.RaftServerConfigKeys (ConfUtils.java:logGet(43)) - raft.server.rpc.timeout.max = 5200ms (custom)
2019-08-20 14:16:59,396 [pool-170-thread-1] INFO  server.RaftServerConfigKeys (ConfUtils.java:logGet(43)) - raft.server.rpcslowness.timeout = 120s (custom)
2019-08-20 14:16:59,396 [pool-170-thread-1] INFO  server.RaftServerConfigKeys (ConfUtils.java:logGet(43)) - raft.server.sleep.deviation.threshold = 300 (default)
2019-08-20 14:16:59,396 [pool-170-thread-1] INFO  server.RaftServerConfigKeys (ConfUtils.java:logGet(43)) - raft.server.log.appender.install.snapshot.enabled = false (custom)
2019-08-20 14:16:59,396 [pool-170-thread-1] INFO  impl.RaftServerImpl (ServerState.java:<init>(105)) - ab54d0aa-45c9-4c80-aad1-fb02da82d4c1:group-E2391E920E2F ConfigurationManager, init=-1: [ab54d0aa-45c9-4c80-aad1-fb02da82d4c1:192.168.157.218:41845], old=null, confs=<EMPTY_MAP>
2019-08-20 14:16:59,397 [pool-170-thread-1] INFO  server.RaftServerConfigKeys (ConfUtils.java:logGet(43)) - raft.server.storage.dir = [/workdir/hadoop-ozone/integration-test/target/test-dir/MiniOzoneClusterImpl-1e699435-ac44-4e4c-83e9-3412d5c7c720/datanode-4/data/ratis] (custom)
2019-08-20 14:16:59,397 [pool-170-thread-1] INFO  storage.RaftStorageDirectory (RaftStorageDirectory.java:analyzeStorage(246)) - The storage directory /workdir/hadoop-ozone/integration-test/target/test-dir/MiniOzoneClusterImpl-1e699435-ac44-4e4c-83e9-3412d5c7c720/datanode-4/data/ratis/9a549469-44df-483a-950e-e2391e920e2f does not exist. Creating ...
2019-08-20 14:16:59,411 [pool-170-thread-1] INFO  storage.RaftStorageDirectory (RaftStorageDirectory.java:tryLock(328)) - Lock on /workdir/hadoop-ozone/integration-test/target/test-dir/MiniOzoneClusterImpl-1e699435-ac44-4e4c-83e9-3412d5c7c720/datanode-4/data/ratis/9a549469-44df-483a-950e-e2391e920e2f/in_use.lock acquired by nodename 2601@pr-hdds-1950-rs6kf-667707070
2019-08-20 14:16:59,425 [pool-170-thread-1] INFO  storage.RaftStorage (RaftStorage.java:format(72)) - Storage directory /workdir/hadoop-ozone/integration-test/target/test-dir/MiniOzoneClusterImpl-1e699435-ac44-4e4c-83e9-3412d5c7c720/datanode-4/data/ratis/9a549469-44df-483a-950e-e2391e920e2f has been successfully formatted.
2019-08-20 14:16:59,425 [pool-170-thread-1] INFO  ratis.ContainerStateMachine (ContainerStateMachine.java:loadSnapshot(222)) - group-E2391E920E2F: The snapshot info is null. Setting the last applied indexto:(t:0, i:~)
2019-08-20 14:16:59,425 [pool-170-thread-1] INFO  server.RaftServerConfigKeys (ConfUtils.java:logGet(43)) - raft.server.leader.election.timeout = 120s (custom)
2019-08-20 14:16:59,425 [pool-170-thread-1] INFO  server.RaftServerConfigKeys (ConfUtils.java:logGet(43)) - raft.server.log.use.memory = false (default)
2019-08-20 14:16:59,425 [pool-170-thread-1] INFO  server.RaftServerConfigKeys (ConfUtils.java:logGet(43)) - raft.server.log.purge.gap = 1000000 (custom)
2019-08-20 14:16:59,425 [pool-170-thread-1] INFO  server.RaftServerConfigKeys (ConfUtils.java:logGet(43)) - raft.server.log.appender.buffer.byte-limit = 33554432 (custom)
2019-08-20 14:16:59,425 [pool-170-thread-1] INFO  server.RaftServerConfigKeys (ConfUtils.java:logGet(43)) - raft.server.log.segment.size.max = 1048576 (custom)
2019-08-20 14:16:59,425 [pool-170-thread-1] INFO  server.RaftServerConfigKeys (ConfUtils.java:logGet(43)) - raft.server.log.segment.cache.num.max = 2 (custom)
2019-08-20 14:16:59,426 [pool-170-thread-1] INFO  segmented.SegmentedRaftLogWorker (SegmentedRaftLogWorker.java:<init>(172)) - new ab54d0aa-45c9-4c80-aad1-fb02da82d4c1-SegmentedRaftLogWorker:Storage Directory /workdir/hadoop-ozone/integration-test/target/test-dir/MiniOzoneClusterImpl-1e699435-ac44-4e4c-83e9-3412d5c7c720/datanode-4/data/ratis/9a549469-44df-483a-950e-e2391e920e2f for RaftStorage:Storage Directory /workdir/hadoop-ozone/integration-test/target/test-dir/MiniOzoneClusterImpl-1e699435-ac44-4e4c-83e9-3412d5c7c720/datanode-4/data/ratis/9a549469-44df-483a-950e-e2391e920e2f
2019-08-20 14:16:59,426 [pool-170-thread-1] INFO  server.RaftServerConfigKeys (ConfUtils.java:logGet(43)) - raft.server.log.queue.byte-limit = 2147483647 (custom)
2019-08-20 14:16:59,426 [pool-170-thread-1] INFO  server.RaftServerConfigKeys (ConfUtils.java:logGet(43)) - raft.server.log.queue.element-limit = 1024 (custom)
2019-08-20 14:16:59,426 [pool-170-thread-1] INFO  server.RaftServerConfigKeys (ConfUtils.java:logGet(43)) - raft.server.log.segment.size.max = 1048576 (custom)
2019-08-20 14:16:59,426 [pool-170-thread-1] INFO  server.RaftServerConfigKeys (ConfUtils.java:logGet(43)) - raft.server.log.preallocated.size = 16384 (custom)
2019-08-20 14:16:59,426 [pool-170-thread-1] INFO  server.RaftServerConfigKeys (ConfUtils.java:logGet(43)) - raft.server.log.write.buffer.size = 33554432 (custom)
2019-08-20 14:16:59,426 [pool-170-thread-1] INFO  server.RaftServerConfigKeys (ConfUtils.java:logGet(43)) - raft.server.log.force.sync.num = 128 (default)
2019-08-20 14:16:59,426 [pool-170-thread-1] INFO  server.RaftServerConfigKeys (ConfUtils.java:logGet(43)) - raft.server.log.statemachine.data.sync = true (default)
2019-08-20 14:16:59,427 [pool-170-thread-1] INFO  server.RaftServerConfigKeys (ConfUtils.java:logGet(43)) - raft.server.log.statemachine.data.sync.timeout = 10s (default)
2019-08-20 14:16:59,427 [pool-170-thread-1] INFO  server.RaftServerConfigKeys (ConfUtils.java:logGet(43)) - raft.server.log.statemachine.data.sync.timeout.retry = -1 (default)
2019-08-20 14:16:59,427 [pool-170-thread-1] INFO  server.RaftServerConfigKeys (ConfUtils.java:logGet(43)) - raft.server.log.statemachine.data.caching.enabled = true (custom)
2019-08-20 14:16:59,427 [pool-170-thread-1] INFO  segmented.SegmentedRaftLogWorker (SegmentedRaftLogWorker.java:lambda$new$0(132)) - ab54d0aa-45c9-4c80-aad1-fb02da82d4c1-SegmentedRaftLogWorker:Storage Directory /workdir/hadoop-ozone/integration-test/target/test-dir/MiniOzoneClusterImpl-1e699435-ac44-4e4c-83e9-3412d5c7c720/datanode-4/data/ratis/9a549469-44df-483a-950e-e2391e920e2f: flushIndex: setUnconditionally 0 -> -1
2019-08-20 14:16:59,427 [pool-170-thread-1] INFO  server.RaftServerConfigKeys (ConfUtils.java:logGet(43)) - raft.server.snapshot.auto.trigger.enabled = true (custom)
2019-08-20 14:16:59,428 [pool-170-thread-1] INFO  server.RaftServerConfigKeys (ConfUtils.java:logGet(43)) - raft.server.snapshot.auto.trigger.threshold = 10000 (custom)
2019-08-20 14:16:59,428 [pool-170-thread-1] INFO  server.RaftServerConfigKeys (ConfUtils.java:logGet(43)) - raft.server.retrycache.expirytime = 600000ms (custom)
2019-08-20 14:16:59,428 [pool-170-thread-1] INFO  impl.RaftServerImpl (RaftServerImpl.java:start(180)) - ab54d0aa-45c9-4c80-aad1-fb02da82d4c1: start group-E2391E920E2F
2019-08-20 14:16:59,428 [pool-170-thread-1] INFO  impl.RaftServerImpl (RaftServerImpl.java:setRole(171)) - ab54d0aa-45c9-4c80-aad1-fb02da82d4c1:group-E2391E920E2F changes role from null to FOLLOWER at term 0 for startAsFollower
2019-08-20 14:16:59,428 [pool-170-thread-1] INFO  impl.RoleInfo (RoleInfo.java:updateAndGet(143)) - ab54d0aa-45c9-4c80-aad1-fb02da82d4c1: start FollowerState
2019-08-20 14:16:59,428 [pool-170-thread-1] INFO  util.JmxRegister (JmxRegister.java:tryRegister(44)) - Successfully registered JMX Bean with object name Ratis:service=RaftServer,group=group-E2391E920E2F,id=ab54d0aa-45c9-4c80-aad1-fb02da82d4c1
2019-08-20 14:16:59,431 [RatisPipelineUtilsThread] INFO  pipeline.PipelineStateManager (PipelineStateManager.java:addPipeline(56)) - Created pipeline Pipeline[ Id: 9a549469-44df-483a-950e-e2391e920e2f, Nodes: ab54d0aa-45c9-4c80-aad1-fb02da82d4c1{ip: 192.168.157.218, host: pr-hdds-1950-rs6kf-667707070, networkLocation: /default-rack, certSerialId: null}, Type:RATIS, Factor:ONE, State:OPEN]
2019-08-20 14:16:59,576 [IPC Server handler 5 on 44808] INFO  net.NetworkTopology (NetworkTopologyImpl.java:add(110)) - Added a new node: /default-rack/fa3f5044-84f5-4c3c-a0e4-383ceb43ef86
2019-08-20 14:16:59,576 [IPC Server handler 5 on 44808] INFO  node.SCMNodeManager (SCMNodeManager.java:register(273)) - Registered Data node : fa3f5044-84f5-4c3c-a0e4-383ceb43ef86{ip: 192.168.157.218, host: pr-hdds-1950-rs6kf-667707070, networkLocation: /default-rack, certSerialId: null}
2019-08-20 14:16:59,585 | INFO  | SCMAudit | user=jenkins1000 | ip=192.168.157.218 | op=REGISTER {datanodeDetails=fa3f5044-84f5-4c3c-a0e4-383ceb43ef86{ip: 192.168.157.218, host: pr-hdds-1950-rs6kf-667707070, networkLocation: /default-rack, certSerialId: null}} | ret=SUCCESS |  
2019-08-20 14:16:59,592 [grpc-default-executor-0] INFO  impl.RaftServerProxy (RaftServerProxy.java:addNew(89)) - fa3f5044-84f5-4c3c-a0e4-383ceb43ef86: addNew group-8DC04238F7A5:[fa3f5044-84f5-4c3c-a0e4-383ceb43ef86:192.168.157.218:42805] returns group-8DC04238F7A5:java.util.concurrent.CompletableFuture@48521eab[Not completed]
2019-08-20 14:16:59,596 [pool-181-thread-1] INFO  impl.RaftServerImpl (RaftServerImpl.java:<init>(93)) - fa3f5044-84f5-4c3c-a0e4-383ceb43ef86: new RaftServerImpl for group-8DC04238F7A5:[fa3f5044-84f5-4c3c-a0e4-383ceb43ef86:192.168.157.218:42805] with ContainerStateMachine:uninitialized
2019-08-20 14:16:59,596 [pool-181-thread-1] INFO  server.RaftServerConfigKeys (ConfUtils.java:logGet(43)) - raft.server.rpc.timeout.min = 5s (custom)
2019-08-20 14:16:59,596 [pool-181-thread-1] INFO  server.RaftServerConfigKeys (ConfUtils.java:logGet(43)) - raft.server.rpc.timeout.max = 5200ms (custom)
2019-08-20 14:16:59,597 [pool-181-thread-1] INFO  server.RaftServerConfigKeys (ConfUtils.java:logGet(43)) - raft.server.rpcslowness.timeout = 120s (custom)
2019-08-20 14:16:59,597 [pool-181-thread-1] INFO  server.RaftServerConfigKeys (ConfUtils.java:logGet(43)) - raft.server.sleep.deviation.threshold = 300 (default)
2019-08-20 14:16:59,597 [pool-181-thread-1] INFO  server.RaftServerConfigKeys (ConfUtils.java:logGet(43)) - raft.server.log.appender.install.snapshot.enabled = false (custom)
2019-08-20 14:16:59,597 [pool-181-thread-1] INFO  impl.RaftServerImpl (ServerState.java:<init>(105)) - fa3f5044-84f5-4c3c-a0e4-383ceb43ef86:group-8DC04238F7A5 ConfigurationManager, init=-1: [fa3f5044-84f5-4c3c-a0e4-383ceb43ef86:192.168.157.218:42805], old=null, confs=<EMPTY_MAP>
2019-08-20 14:16:59,597 [pool-181-thread-1] INFO  server.RaftServerConfigKeys (ConfUtils.java:logGet(43)) - raft.server.storage.dir = [/workdir/hadoop-ozone/integration-test/target/test-dir/MiniOzoneClusterImpl-1e699435-ac44-4e4c-83e9-3412d5c7c720/datanode-5/data/ratis] (custom)
2019-08-20 14:16:59,597 [pool-181-thread-1] INFO  storage.RaftStorageDirectory (RaftStorageDirectory.java:analyzeStorage(246)) - The storage directory /workdir/hadoop-ozone/integration-test/target/test-dir/MiniOzoneClusterImpl-1e699435-ac44-4e4c-83e9-3412d5c7c720/datanode-5/data/ratis/d8068b20-41c2-4787-8fc5-8dc04238f7a5 does not exist. Creating ...
2019-08-20 14:16:59,629 [pool-181-thread-1] INFO  storage.RaftStorageDirectory (RaftStorageDirectory.java:tryLock(328)) - Lock on /workdir/hadoop-ozone/integration-test/target/test-dir/MiniOzoneClusterImpl-1e699435-ac44-4e4c-83e9-3412d5c7c720/datanode-5/data/ratis/d8068b20-41c2-4787-8fc5-8dc04238f7a5/in_use.lock acquired by nodename 2601@pr-hdds-1950-rs6kf-667707070
2019-08-20 14:16:59,644 [pool-181-thread-1] INFO  storage.RaftStorage (RaftStorage.java:format(72)) - Storage directory /workdir/hadoop-ozone/integration-test/target/test-dir/MiniOzoneClusterImpl-1e699435-ac44-4e4c-83e9-3412d5c7c720/datanode-5/data/ratis/d8068b20-41c2-4787-8fc5-8dc04238f7a5 has been successfully formatted.
2019-08-20 14:16:59,644 [pool-181-thread-1] INFO  ratis.ContainerStateMachine (ContainerStateMachine.java:loadSnapshot(222)) - group-8DC04238F7A5: The snapshot info is null. Setting the last applied indexto:(t:0, i:~)
2019-08-20 14:16:59,644 [pool-181-thread-1] INFO  server.RaftServerConfigKeys (ConfUtils.java:logGet(43)) - raft.server.leader.election.timeout = 120s (custom)
2019-08-20 14:16:59,645 [pool-181-thread-1] INFO  server.RaftServerConfigKeys (ConfUtils.java:logGet(43)) - raft.server.log.use.memory = false (default)
2019-08-20 14:16:59,645 [pool-181-thread-1] INFO  server.RaftServerConfigKeys (ConfUtils.java:logGet(43)) - raft.server.log.purge.gap = 1000000 (custom)
2019-08-20 14:16:59,645 [pool-181-thread-1] INFO  server.RaftServerConfigKeys (ConfUtils.java:logGet(43)) - raft.server.log.appender.buffer.byte-limit = 33554432 (custom)
2019-08-20 14:16:59,645 [pool-181-thread-1] INFO  server.RaftServerConfigKeys (ConfUtils.java:logGet(43)) - raft.server.log.segment.size.max = 1048576 (custom)
2019-08-20 14:16:59,645 [pool-181-thread-1] INFO  server.RaftServerConfigKeys (ConfUtils.java:logGet(43)) - raft.server.log.segment.cache.num.max = 2 (custom)
2019-08-20 14:16:59,645 [pool-181-thread-1] INFO  segmented.SegmentedRaftLogWorker (SegmentedRaftLogWorker.java:<init>(172)) - new fa3f5044-84f5-4c3c-a0e4-383ceb43ef86-SegmentedRaftLogWorker:Storage Directory /workdir/hadoop-ozone/integration-test/target/test-dir/MiniOzoneClusterImpl-1e699435-ac44-4e4c-83e9-3412d5c7c720/datanode-5/data/ratis/d8068b20-41c2-4787-8fc5-8dc04238f7a5 for RaftStorage:Storage Directory /workdir/hadoop-ozone/integration-test/target/test-dir/MiniOzoneClusterImpl-1e699435-ac44-4e4c-83e9-3412d5c7c720/datanode-5/data/ratis/d8068b20-41c2-4787-8fc5-8dc04238f7a5
2019-08-20 14:16:59,645 [pool-181-thread-1] INFO  server.RaftServerConfigKeys (ConfUtils.java:logGet(43)) - raft.server.log.queue.byte-limit = 2147483647 (custom)
2019-08-20 14:16:59,645 [pool-181-thread-1] INFO  server.RaftServerConfigKeys (ConfUtils.java:logGet(43)) - raft.server.log.queue.element-limit = 1024 (custom)
2019-08-20 14:16:59,646 [pool-181-thread-1] INFO  server.RaftServerConfigKeys (ConfUtils.java:logGet(43)) - raft.server.log.segment.size.max = 1048576 (custom)
2019-08-20 14:16:59,646 [pool-181-thread-1] INFO  server.RaftServerConfigKeys (ConfUtils.java:logGet(43)) - raft.server.log.preallocated.size = 16384 (custom)
2019-08-20 14:16:59,646 [pool-181-thread-1] INFO  server.RaftServerConfigKeys (ConfUtils.java:logGet(43)) - raft.server.log.write.buffer.size = 33554432 (custom)
2019-08-20 14:16:59,646 [pool-181-thread-1] INFO  server.RaftServerConfigKeys (ConfUtils.java:logGet(43)) - raft.server.log.force.sync.num = 128 (default)
2019-08-20 14:16:59,646 [pool-181-thread-1] INFO  server.RaftServerConfigKeys (ConfUtils.java:logGet(43)) - raft.server.log.statemachine.data.sync = true (default)
2019-08-20 14:16:59,647 [pool-181-thread-1] INFO  server.RaftServerConfigKeys (ConfUtils.java:logGet(43)) - raft.server.log.statemachine.data.sync.timeout = 10s (default)
2019-08-20 14:16:59,647 [pool-181-thread-1] INFO  server.RaftServerConfigKeys (ConfUtils.java:logGet(43)) - raft.server.log.statemachine.data.sync.timeout.retry = -1 (default)
2019-08-20 14:16:59,647 [pool-181-thread-1] INFO  server.RaftServerConfigKeys (ConfUtils.java:logGet(43)) - raft.server.log.statemachine.data.caching.enabled = true (custom)
2019-08-20 14:16:59,648 [pool-181-thread-1] INFO  segmented.SegmentedRaftLogWorker (SegmentedRaftLogWorker.java:lambda$new$0(132)) - fa3f5044-84f5-4c3c-a0e4-383ceb43ef86-SegmentedRaftLogWorker:Storage Directory /workdir/hadoop-ozone/integration-test/target/test-dir/MiniOzoneClusterImpl-1e699435-ac44-4e4c-83e9-3412d5c7c720/datanode-5/data/ratis/d8068b20-41c2-4787-8fc5-8dc04238f7a5: flushIndex: setUnconditionally 0 -> -1
2019-08-20 14:16:59,648 [pool-181-thread-1] INFO  server.RaftServerConfigKeys (ConfUtils.java:logGet(43)) - raft.server.snapshot.auto.trigger.enabled = true (custom)
2019-08-20 14:16:59,648 [pool-181-thread-1] INFO  server.RaftServerConfigKeys (ConfUtils.java:logGet(43)) - raft.server.snapshot.auto.trigger.threshold = 10000 (custom)
2019-08-20 14:16:59,649 [pool-181-thread-1] INFO  server.RaftServerConfigKeys (ConfUtils.java:logGet(43)) - raft.server.retrycache.expirytime = 600000ms (custom)
2019-08-20 14:16:59,649 [pool-181-thread-1] INFO  impl.RaftServerImpl (RaftServerImpl.java:start(180)) - fa3f5044-84f5-4c3c-a0e4-383ceb43ef86: start group-8DC04238F7A5
2019-08-20 14:16:59,649 [pool-181-thread-1] INFO  impl.RaftServerImpl (RaftServerImpl.java:setRole(171)) - fa3f5044-84f5-4c3c-a0e4-383ceb43ef86:group-8DC04238F7A5 changes role from null to FOLLOWER at term 0 for startAsFollower
2019-08-20 14:16:59,649 [pool-181-thread-1] INFO  impl.RoleInfo (RoleInfo.java:updateAndGet(143)) - fa3f5044-84f5-4c3c-a0e4-383ceb43ef86: start FollowerState
2019-08-20 14:16:59,650 [pool-181-thread-1] INFO  util.JmxRegister (JmxRegister.java:tryRegister(44)) - Successfully registered JMX Bean with object name Ratis:service=RaftServer,group=group-8DC04238F7A5,id=fa3f5044-84f5-4c3c-a0e4-383ceb43ef86
2019-08-20 14:16:59,652 [RatisPipelineUtilsThread] INFO  pipeline.PipelineStateManager (PipelineStateManager.java:addPipeline(56)) - Created pipeline Pipeline[ Id: d8068b20-41c2-4787-8fc5-8dc04238f7a5, Nodes: fa3f5044-84f5-4c3c-a0e4-383ceb43ef86{ip: 192.168.157.218, host: pr-hdds-1950-rs6kf-667707070, networkLocation: /default-rack, certSerialId: null}, Type:RATIS, Factor:ONE, State:OPEN]
2019-08-20 14:16:59,666 [grpc-default-executor-2] INFO  impl.RaftServerProxy (RaftServerProxy.java:addNew(89)) - fa3f5044-84f5-4c3c-a0e4-383ceb43ef86: addNew group-DE271B0870CE:[ab54d0aa-45c9-4c80-aad1-fb02da82d4c1:192.168.157.218:41845, fa3f5044-84f5-4c3c-a0e4-383ceb43ef86:192.168.157.218:42805, 8e57c45d-c95e-4a54-a459-391d2c10b1fa:192.168.157.218:38181] returns group-DE271B0870CE:java.util.concurrent.CompletableFuture@328b6449[Not completed]
2019-08-20 14:16:59,666 [grpc-default-executor-0] INFO  impl.RaftServerProxy (RaftServerProxy.java:addNew(89)) - ab54d0aa-45c9-4c80-aad1-fb02da82d4c1: addNew group-DE271B0870CE:[ab54d0aa-45c9-4c80-aad1-fb02da82d4c1:192.168.157.218:41845, fa3f5044-84f5-4c3c-a0e4-383ceb43ef86:192.168.157.218:42805, 8e57c45d-c95e-4a54-a459-391d2c10b1fa:192.168.157.218:38181] returns group-DE271B0870CE:java.util.concurrent.CompletableFuture@7f851abb[Not completed]
2019-08-20 14:16:59,666 [grpc-default-executor-3] INFO  impl.RaftServerProxy (RaftServerProxy.java:addNew(89)) - 8e57c45d-c95e-4a54-a459-391d2c10b1fa: addNew group-DE271B0870CE:[ab54d0aa-45c9-4c80-aad1-fb02da82d4c1:192.168.157.218:41845, fa3f5044-84f5-4c3c-a0e4-383ceb43ef86:192.168.157.218:42805, 8e57c45d-c95e-4a54-a459-391d2c10b1fa:192.168.157.218:38181] returns group-DE271B0870CE:java.util.concurrent.CompletableFuture@c748f40[Not completed]
2019-08-20 14:16:59,667 [pool-170-thread-1] INFO  impl.RaftServerImpl (RaftServerImpl.java:<init>(93)) - ab54d0aa-45c9-4c80-aad1-fb02da82d4c1: new RaftServerImpl for group-DE271B0870CE:[ab54d0aa-45c9-4c80-aad1-fb02da82d4c1:192.168.157.218:41845, fa3f5044-84f5-4c3c-a0e4-383ceb43ef86:192.168.157.218:42805, 8e57c45d-c95e-4a54-a459-391d2c10b1fa:192.168.157.218:38181] with ContainerStateMachine:uninitialized
2019-08-20 14:16:59,667 [pool-170-thread-1] INFO  server.RaftServerConfigKeys (ConfUtils.java:logGet(43)) - raft.server.rpc.timeout.min = 5s (custom)
2019-08-20 14:16:59,667 [pool-170-thread-1] INFO  server.RaftServerConfigKeys (ConfUtils.java:logGet(43)) - raft.server.rpc.timeout.max = 5200ms (custom)
2019-08-20 14:16:59,667 [pool-170-thread-1] INFO  server.RaftServerConfigKeys (ConfUtils.java:logGet(43)) - raft.server.rpcslowness.timeout = 120s (custom)
2019-08-20 14:16:59,667 [pool-170-thread-1] INFO  server.RaftServerConfigKeys (ConfUtils.java:logGet(43)) - raft.server.sleep.deviation.threshold = 300 (default)
2019-08-20 14:16:59,668 [pool-170-thread-1] INFO  server.RaftServerConfigKeys (ConfUtils.java:logGet(43)) - raft.server.log.appender.install.snapshot.enabled = false (custom)
2019-08-20 14:16:59,668 [pool-170-thread-1] INFO  impl.RaftServerImpl (ServerState.java:<init>(105)) - ab54d0aa-45c9-4c80-aad1-fb02da82d4c1:group-DE271B0870CE ConfigurationManager, init=-1: [ab54d0aa-45c9-4c80-aad1-fb02da82d4c1:192.168.157.218:41845, fa3f5044-84f5-4c3c-a0e4-383ceb43ef86:192.168.157.218:42805, 8e57c45d-c95e-4a54-a459-391d2c10b1fa:192.168.157.218:38181], old=null, confs=<EMPTY_MAP>
2019-08-20 14:16:59,668 [pool-159-thread-1] INFO  impl.RaftServerImpl (RaftServerImpl.java:<init>(93)) - 8e57c45d-c95e-4a54-a459-391d2c10b1fa: new RaftServerImpl for group-DE271B0870CE:[ab54d0aa-45c9-4c80-aad1-fb02da82d4c1:192.168.157.218:41845, fa3f5044-84f5-4c3c-a0e4-383ceb43ef86:192.168.157.218:42805, 8e57c45d-c95e-4a54-a459-391d2c10b1fa:192.168.157.218:38181] with ContainerStateMachine:uninitialized
2019-08-20 14:16:59,668 [pool-170-thread-1] INFO  server.RaftServerConfigKeys (ConfUtils.java:logGet(43)) - raft.server.storage.dir = [/workdir/hadoop-ozone/integration-test/target/test-dir/MiniOzoneClusterImpl-1e699435-ac44-4e4c-83e9-3412d5c7c720/datanode-4/data/ratis] (custom)
2019-08-20 14:16:59,668 [pool-159-thread-1] INFO  server.RaftServerConfigKeys (ConfUtils.java:logGet(43)) - raft.server.rpc.timeout.min = 5s (custom)
2019-08-20 14:16:59,668 [pool-159-thread-1] INFO  server.RaftServerConfigKeys (ConfUtils.java:logGet(43)) - raft.server.rpc.timeout.max = 5200ms (custom)
2019-08-20 14:16:59,669 [pool-159-thread-1] INFO  server.RaftServerConfigKeys (ConfUtils.java:logGet(43)) - raft.server.rpcslowness.timeout = 120s (custom)
2019-08-20 14:16:59,669 [pool-170-thread-1] INFO  storage.RaftStorageDirectory (RaftStorageDirectory.java:analyzeStorage(246)) - The storage directory /workdir/hadoop-ozone/integration-test/target/test-dir/MiniOzoneClusterImpl-1e699435-ac44-4e4c-83e9-3412d5c7c720/datanode-4/data/ratis/17703c9d-fe06-41de-93bd-de271b0870ce does not exist. Creating ...
2019-08-20 14:16:59,669 [pool-159-thread-1] INFO  server.RaftServerConfigKeys (ConfUtils.java:logGet(43)) - raft.server.sleep.deviation.threshold = 300 (default)
2019-08-20 14:16:59,669 [pool-159-thread-1] INFO  server.RaftServerConfigKeys (ConfUtils.java:logGet(43)) - raft.server.log.appender.install.snapshot.enabled = false (custom)
2019-08-20 14:16:59,669 [pool-159-thread-1] INFO  impl.RaftServerImpl (ServerState.java:<init>(105)) - 8e57c45d-c95e-4a54-a459-391d2c10b1fa:group-DE271B0870CE ConfigurationManager, init=-1: [ab54d0aa-45c9-4c80-aad1-fb02da82d4c1:192.168.157.218:41845, fa3f5044-84f5-4c3c-a0e4-383ceb43ef86:192.168.157.218:42805, 8e57c45d-c95e-4a54-a459-391d2c10b1fa:192.168.157.218:38181], old=null, confs=<EMPTY_MAP>
2019-08-20 14:16:59,669 [pool-181-thread-1] INFO  impl.RaftServerImpl (RaftServerImpl.java:<init>(93)) - fa3f5044-84f5-4c3c-a0e4-383ceb43ef86: new RaftServerImpl for group-DE271B0870CE:[ab54d0aa-45c9-4c80-aad1-fb02da82d4c1:192.168.157.218:41845, fa3f5044-84f5-4c3c-a0e4-383ceb43ef86:192.168.157.218:42805, 8e57c45d-c95e-4a54-a459-391d2c10b1fa:192.168.157.218:38181] with ContainerStateMachine:uninitialized
2019-08-20 14:16:59,669 [pool-159-thread-1] INFO  server.RaftServerConfigKeys (ConfUtils.java:logGet(43)) - raft.server.storage.dir = [/workdir/hadoop-ozone/integration-test/target/test-dir/MiniOzoneClusterImpl-1e699435-ac44-4e4c-83e9-3412d5c7c720/datanode-3/data/ratis] (custom)
2019-08-20 14:16:59,669 [pool-181-thread-1] INFO  server.RaftServerConfigKeys (ConfUtils.java:logGet(43)) - raft.server.rpc.timeout.min = 5s (custom)
2019-08-20 14:16:59,669 [pool-181-thread-1] INFO  server.RaftServerConfigKeys (ConfUtils.java:logGet(43)) - raft.server.rpc.timeout.max = 5200ms (custom)
2019-08-20 14:16:59,670 [pool-159-thread-1] INFO  storage.RaftStorageDirectory (RaftStorageDirectory.java:analyzeStorage(246)) - The storage directory /workdir/hadoop-ozone/integration-test/target/test-dir/MiniOzoneClusterImpl-1e699435-ac44-4e4c-83e9-3412d5c7c720/datanode-3/data/ratis/17703c9d-fe06-41de-93bd-de271b0870ce does not exist. Creating ...
2019-08-20 14:16:59,670 [pool-181-thread-1] INFO  server.RaftServerConfigKeys (ConfUtils.java:logGet(43)) - raft.server.rpcslowness.timeout = 120s (custom)
2019-08-20 14:16:59,670 [pool-181-thread-1] INFO  server.RaftServerConfigKeys (ConfUtils.java:logGet(43)) - raft.server.sleep.deviation.threshold = 300 (default)
2019-08-20 14:16:59,670 [pool-181-thread-1] INFO  server.RaftServerConfigKeys (ConfUtils.java:logGet(43)) - raft.server.log.appender.install.snapshot.enabled = false (custom)
2019-08-20 14:16:59,670 [pool-181-thread-1] INFO  impl.RaftServerImpl (ServerState.java:<init>(105)) - fa3f5044-84f5-4c3c-a0e4-383ceb43ef86:group-DE271B0870CE ConfigurationManager, init=-1: [ab54d0aa-45c9-4c80-aad1-fb02da82d4c1:192.168.157.218:41845, fa3f5044-84f5-4c3c-a0e4-383ceb43ef86:192.168.157.218:42805, 8e57c45d-c95e-4a54-a459-391d2c10b1fa:192.168.157.218:38181], old=null, confs=<EMPTY_MAP>
2019-08-20 14:16:59,670 [pool-181-thread-1] INFO  server.RaftServerConfigKeys (ConfUtils.java:logGet(43)) - raft.server.storage.dir = [/workdir/hadoop-ozone/integration-test/target/test-dir/MiniOzoneClusterImpl-1e699435-ac44-4e4c-83e9-3412d5c7c720/datanode-5/data/ratis] (custom)
2019-08-20 14:16:59,671 [pool-181-thread-1] INFO  storage.RaftStorageDirectory (RaftStorageDirectory.java:analyzeStorage(246)) - The storage directory /workdir/hadoop-ozone/integration-test/target/test-dir/MiniOzoneClusterImpl-1e699435-ac44-4e4c-83e9-3412d5c7c720/datanode-5/data/ratis/17703c9d-fe06-41de-93bd-de271b0870ce does not exist. Creating ...
2019-08-20 14:16:59,693 [pool-159-thread-1] INFO  storage.RaftStorageDirectory (RaftStorageDirectory.java:tryLock(328)) - Lock on /workdir/hadoop-ozone/integration-test/target/test-dir/MiniOzoneClusterImpl-1e699435-ac44-4e4c-83e9-3412d5c7c720/datanode-3/data/ratis/17703c9d-fe06-41de-93bd-de271b0870ce/in_use.lock acquired by nodename 2601@pr-hdds-1950-rs6kf-667707070
2019-08-20 14:16:59,693 [pool-181-thread-1] INFO  storage.RaftStorageDirectory (RaftStorageDirectory.java:tryLock(328)) - Lock on /workdir/hadoop-ozone/integration-test/target/test-dir/MiniOzoneClusterImpl-1e699435-ac44-4e4c-83e9-3412d5c7c720/datanode-5/data/ratis/17703c9d-fe06-41de-93bd-de271b0870ce/in_use.lock acquired by nodename 2601@pr-hdds-1950-rs6kf-667707070
2019-08-20 14:16:59,693 [pool-170-thread-1] INFO  storage.RaftStorageDirectory (RaftStorageDirectory.java:tryLock(328)) - Lock on /workdir/hadoop-ozone/integration-test/target/test-dir/MiniOzoneClusterImpl-1e699435-ac44-4e4c-83e9-3412d5c7c720/datanode-4/data/ratis/17703c9d-fe06-41de-93bd-de271b0870ce/in_use.lock acquired by nodename 2601@pr-hdds-1950-rs6kf-667707070
2019-08-20 14:16:59,707 [pool-181-thread-1] INFO  storage.RaftStorage (RaftStorage.java:format(72)) - Storage directory /workdir/hadoop-ozone/integration-test/target/test-dir/MiniOzoneClusterImpl-1e699435-ac44-4e4c-83e9-3412d5c7c720/datanode-5/data/ratis/17703c9d-fe06-41de-93bd-de271b0870ce has been successfully formatted.
2019-08-20 14:16:59,707 [pool-159-thread-1] INFO  storage.RaftStorage (RaftStorage.java:format(72)) - Storage directory /workdir/hadoop-ozone/integration-test/target/test-dir/MiniOzoneClusterImpl-1e699435-ac44-4e4c-83e9-3412d5c7c720/datanode-3/data/ratis/17703c9d-fe06-41de-93bd-de271b0870ce has been successfully formatted.
2019-08-20 14:16:59,707 [pool-170-thread-1] INFO  storage.RaftStorage (RaftStorage.java:format(72)) - Storage directory /workdir/hadoop-ozone/integration-test/target/test-dir/MiniOzoneClusterImpl-1e699435-ac44-4e4c-83e9-3412d5c7c720/datanode-4/data/ratis/17703c9d-fe06-41de-93bd-de271b0870ce has been successfully formatted.
2019-08-20 14:16:59,708 [pool-181-thread-1] INFO  ratis.ContainerStateMachine (ContainerStateMachine.java:loadSnapshot(222)) - group-DE271B0870CE: The snapshot info is null. Setting the last applied indexto:(t:0, i:~)
2019-08-20 14:16:59,708 [pool-159-thread-1] INFO  ratis.ContainerStateMachine (ContainerStateMachine.java:loadSnapshot(222)) - group-DE271B0870CE: The snapshot info is null. Setting the last applied indexto:(t:0, i:~)
2019-08-20 14:16:59,708 [pool-181-thread-1] INFO  server.RaftServerConfigKeys (ConfUtils.java:logGet(43)) - raft.server.leader.election.timeout = 120s (custom)
2019-08-20 14:16:59,708 [pool-170-thread-1] INFO  ratis.ContainerStateMachine (ContainerStateMachine.java:loadSnapshot(222)) - group-DE271B0870CE: The snapshot info is null. Setting the last applied indexto:(t:0, i:~)
2019-08-20 14:16:59,708 [pool-159-thread-1] INFO  server.RaftServerConfigKeys (ConfUtils.java:logGet(43)) - raft.server.leader.election.timeout = 120s (custom)
2019-08-20 14:16:59,708 [pool-170-thread-1] INFO  server.RaftServerConfigKeys (ConfUtils.java:logGet(43)) - raft.server.leader.election.timeout = 120s (custom)
2019-08-20 14:16:59,708 [pool-181-thread-1] INFO  server.RaftServerConfigKeys (ConfUtils.java:logGet(43)) - raft.server.log.use.memory = false (default)
2019-08-20 14:16:59,708 [pool-170-thread-1] INFO  server.RaftServerConfigKeys (ConfUtils.java:logGet(43)) - raft.server.log.use.memory = false (default)
2019-08-20 14:16:59,708 [pool-159-thread-1] INFO  server.RaftServerConfigKeys (ConfUtils.java:logGet(43)) - raft.server.log.use.memory = false (default)
2019-08-20 14:16:59,709 [pool-170-thread-1] INFO  server.RaftServerConfigKeys (ConfUtils.java:logGet(43)) - raft.server.log.purge.gap = 1000000 (custom)
2019-08-20 14:16:59,708 [pool-181-thread-1] INFO  server.RaftServerConfigKeys (ConfUtils.java:logGet(43)) - raft.server.log.purge.gap = 1000000 (custom)
2019-08-20 14:16:59,709 [pool-170-thread-1] INFO  server.RaftServerConfigKeys (ConfUtils.java:logGet(43)) - raft.server.log.appender.buffer.byte-limit = 33554432 (custom)
2019-08-20 14:16:59,709 [pool-159-thread-1] INFO  server.RaftServerConfigKeys (ConfUtils.java:logGet(43)) - raft.server.log.purge.gap = 1000000 (custom)
2019-08-20 14:16:59,709 [pool-170-thread-1] INFO  server.RaftServerConfigKeys (ConfUtils.java:logGet(43)) - raft.server.log.segment.size.max = 1048576 (custom)
2019-08-20 14:16:59,709 [pool-181-thread-1] INFO  server.RaftServerConfigKeys (ConfUtils.java:logGet(43)) - raft.server.log.appender.buffer.byte-limit = 33554432 (custom)
2019-08-20 14:16:59,709 [pool-170-thread-1] INFO  server.RaftServerConfigKeys (ConfUtils.java:logGet(43)) - raft.server.log.segment.cache.num.max = 2 (custom)
2019-08-20 14:16:59,709 [pool-159-thread-1] INFO  server.RaftServerConfigKeys (ConfUtils.java:logGet(43)) - raft.server.log.appender.buffer.byte-limit = 33554432 (custom)
2019-08-20 14:16:59,709 [pool-170-thread-1] INFO  segmented.SegmentedRaftLogWorker (SegmentedRaftLogWorker.java:<init>(172)) - new ab54d0aa-45c9-4c80-aad1-fb02da82d4c1-SegmentedRaftLogWorker:Storage Directory /workdir/hadoop-ozone/integration-test/target/test-dir/MiniOzoneClusterImpl-1e699435-ac44-4e4c-83e9-3412d5c7c720/datanode-4/data/ratis/17703c9d-fe06-41de-93bd-de271b0870ce for RaftStorage:Storage Directory /workdir/hadoop-ozone/integration-test/target/test-dir/MiniOzoneClusterImpl-1e699435-ac44-4e4c-83e9-3412d5c7c720/datanode-4/data/ratis/17703c9d-fe06-41de-93bd-de271b0870ce
2019-08-20 14:16:59,709 [pool-181-thread-1] INFO  server.RaftServerConfigKeys (ConfUtils.java:logGet(43)) - raft.server.log.segment.size.max = 1048576 (custom)
2019-08-20 14:16:59,710 [pool-170-thread-1] INFO  server.RaftServerConfigKeys (ConfUtils.java:logGet(43)) - raft.server.log.queue.byte-limit = 2147483647 (custom)
2019-08-20 14:16:59,709 [pool-159-thread-1] INFO  server.RaftServerConfigKeys (ConfUtils.java:logGet(43)) - raft.server.log.segment.size.max = 1048576 (custom)
2019-08-20 14:16:59,710 [pool-170-thread-1] INFO  server.RaftServerConfigKeys (ConfUtils.java:logGet(43)) - raft.server.log.queue.element-limit = 1024 (custom)
2019-08-20 14:16:59,710 [pool-181-thread-1] INFO  server.RaftServerConfigKeys (ConfUtils.java:logGet(43)) - raft.server.log.segment.cache.num.max = 2 (custom)
2019-08-20 14:16:59,710 [pool-170-thread-1] INFO  server.RaftServerConfigKeys (ConfUtils.java:logGet(43)) - raft.server.log.segment.size.max = 1048576 (custom)
2019-08-20 14:16:59,710 [pool-159-thread-1] INFO  server.RaftServerConfigKeys (ConfUtils.java:logGet(43)) - raft.server.log.segment.cache.num.max = 2 (custom)
2019-08-20 14:16:59,710 [pool-170-thread-1] INFO  server.RaftServerConfigKeys (ConfUtils.java:logGet(43)) - raft.server.log.preallocated.size = 16384 (custom)
2019-08-20 14:16:59,710 [pool-181-thread-1] INFO  segmented.SegmentedRaftLogWorker (SegmentedRaftLogWorker.java:<init>(172)) - new fa3f5044-84f5-4c3c-a0e4-383ceb43ef86-SegmentedRaftLogWorker:Storage Directory /workdir/hadoop-ozone/integration-test/target/test-dir/MiniOzoneClusterImpl-1e699435-ac44-4e4c-83e9-3412d5c7c720/datanode-5/data/ratis/17703c9d-fe06-41de-93bd-de271b0870ce for RaftStorage:Storage Directory /workdir/hadoop-ozone/integration-test/target/test-dir/MiniOzoneClusterImpl-1e699435-ac44-4e4c-83e9-3412d5c7c720/datanode-5/data/ratis/17703c9d-fe06-41de-93bd-de271b0870ce
2019-08-20 14:16:59,710 [pool-170-thread-1] INFO  server.RaftServerConfigKeys (ConfUtils.java:logGet(43)) - raft.server.log.write.buffer.size = 33554432 (custom)
2019-08-20 14:16:59,710 [pool-159-thread-1] INFO  segmented.SegmentedRaftLogWorker (SegmentedRaftLogWorker.java:<init>(172)) - new 8e57c45d-c95e-4a54-a459-391d2c10b1fa-SegmentedRaftLogWorker:Storage Directory /workdir/hadoop-ozone/integration-test/target/test-dir/MiniOzoneClusterImpl-1e699435-ac44-4e4c-83e9-3412d5c7c720/datanode-3/data/ratis/17703c9d-fe06-41de-93bd-de271b0870ce for RaftStorage:Storage Directory /workdir/hadoop-ozone/integration-test/target/test-dir/MiniOzoneClusterImpl-1e699435-ac44-4e4c-83e9-3412d5c7c720/datanode-3/data/ratis/17703c9d-fe06-41de-93bd-de271b0870ce
2019-08-20 14:16:59,711 [pool-170-thread-1] INFO  server.RaftServerConfigKeys (ConfUtils.java:logGet(43)) - raft.server.log.force.sync.num = 128 (default)
2019-08-20 14:16:59,710 [pool-181-thread-1] INFO  server.RaftServerConfigKeys (ConfUtils.java:logGet(43)) - raft.server.log.queue.byte-limit = 2147483647 (custom)
2019-08-20 14:16:59,711 [pool-170-thread-1] INFO  server.RaftServerConfigKeys (ConfUtils.java:logGet(43)) - raft.server.log.statemachine.data.sync = true (default)
2019-08-20 14:16:59,711 [pool-159-thread-1] INFO  server.RaftServerConfigKeys (ConfUtils.java:logGet(43)) - raft.server.log.queue.byte-limit = 2147483647 (custom)
2019-08-20 14:16:59,711 [pool-170-thread-1] INFO  server.RaftServerConfigKeys (ConfUtils.java:logGet(43)) - raft.server.log.statemachine.data.sync.timeout = 10s (default)
2019-08-20 14:16:59,711 [pool-181-thread-1] INFO  server.RaftServerConfigKeys (ConfUtils.java:logGet(43)) - raft.server.log.queue.element-limit = 1024 (custom)
2019-08-20 14:16:59,711 [pool-170-thread-1] INFO  server.RaftServerConfigKeys (ConfUtils.java:logGet(43)) - raft.server.log.statemachine.data.sync.timeout.retry = -1 (default)
2019-08-20 14:16:59,711 [pool-159-thread-1] INFO  server.RaftServerConfigKeys (ConfUtils.java:logGet(43)) - raft.server.log.queue.element-limit = 1024 (custom)
2019-08-20 14:16:59,711 [pool-170-thread-1] INFO  server.RaftServerConfigKeys (ConfUtils.java:logGet(43)) - raft.server.log.statemachine.data.caching.enabled = true (custom)
2019-08-20 14:16:59,711 [pool-181-thread-1] INFO  server.RaftServerConfigKeys (ConfUtils.java:logGet(43)) - raft.server.log.segment.size.max = 1048576 (custom)
2019-08-20 14:16:59,711 [pool-159-thread-1] INFO  server.RaftServerConfigKeys (ConfUtils.java:logGet(43)) - raft.server.log.segment.size.max = 1048576 (custom)
2019-08-20 14:16:59,712 [pool-181-thread-1] INFO  server.RaftServerConfigKeys (ConfUtils.java:logGet(43)) - raft.server.log.preallocated.size = 16384 (custom)
2019-08-20 14:16:59,712 [pool-159-thread-1] INFO  server.RaftServerConfigKeys (ConfUtils.java:logGet(43)) - raft.server.log.preallocated.size = 16384 (custom)
2019-08-20 14:16:59,712 [pool-170-thread-1] INFO  segmented.SegmentedRaftLogWorker (SegmentedRaftLogWorker.java:lambda$new$0(132)) - ab54d0aa-45c9-4c80-aad1-fb02da82d4c1-SegmentedRaftLogWorker:Storage Directory /workdir/hadoop-ozone/integration-test/target/test-dir/MiniOzoneClusterImpl-1e699435-ac44-4e4c-83e9-3412d5c7c720/datanode-4/data/ratis/17703c9d-fe06-41de-93bd-de271b0870ce: flushIndex: setUnconditionally 0 -> -1
2019-08-20 14:16:59,712 [pool-159-thread-1] INFO  server.RaftServerConfigKeys (ConfUtils.java:logGet(43)) - raft.server.log.write.buffer.size = 33554432 (custom)
2019-08-20 14:16:59,712 [pool-181-thread-1] INFO  server.RaftServerConfigKeys (ConfUtils.java:logGet(43)) - raft.server.log.write.buffer.size = 33554432 (custom)
2019-08-20 14:16:59,712 [pool-170-thread-1] INFO  server.RaftServerConfigKeys (ConfUtils.java:logGet(43)) - raft.server.snapshot.auto.trigger.enabled = true (custom)
2019-08-20 14:16:59,712 [pool-159-thread-1] INFO  server.RaftServerConfigKeys (ConfUtils.java:logGet(43)) - raft.server.log.force.sync.num = 128 (default)
2019-08-20 14:16:59,712 [pool-170-thread-1] INFO  server.RaftServerConfigKeys (ConfUtils.java:logGet(43)) - raft.server.snapshot.auto.trigger.threshold = 10000 (custom)
2019-08-20 14:16:59,712 [pool-181-thread-1] INFO  server.RaftServerConfigKeys (ConfUtils.java:logGet(43)) - raft.server.log.force.sync.num = 128 (default)
2019-08-20 14:16:59,712 [pool-170-thread-1] INFO  server.RaftServerConfigKeys (ConfUtils.java:logGet(43)) - raft.server.retrycache.expirytime = 600000ms (custom)
2019-08-20 14:16:59,712 [pool-159-thread-1] INFO  server.RaftServerConfigKeys (ConfUtils.java:logGet(43)) - raft.server.log.statemachine.data.sync = true (default)
2019-08-20 14:16:59,713 [pool-181-thread-1] INFO  server.RaftServerConfigKeys (ConfUtils.java:logGet(43)) - raft.server.log.statemachine.data.sync = true (default)
2019-08-20 14:16:59,713 [pool-159-thread-1] INFO  server.RaftServerConfigKeys (ConfUtils.java:logGet(43)) - raft.server.log.statemachine.data.sync.timeout = 10s (default)
2019-08-20 14:16:59,713 [pool-170-thread-1] INFO  impl.RaftServerImpl (RaftServerImpl.java:start(180)) - ab54d0aa-45c9-4c80-aad1-fb02da82d4c1: start group-DE271B0870CE
2019-08-20 14:16:59,713 [pool-181-thread-1] INFO  server.RaftServerConfigKeys (ConfUtils.java:logGet(43)) - raft.server.log.statemachine.data.sync.timeout = 10s (default)
2019-08-20 14:16:59,713 [pool-170-thread-1] INFO  impl.RaftServerImpl (RaftServerImpl.java:setRole(171)) - ab54d0aa-45c9-4c80-aad1-fb02da82d4c1:group-DE271B0870CE changes role from null to FOLLOWER at term 0 for startAsFollower
2019-08-20 14:16:59,713 [pool-159-thread-1] INFO  server.RaftServerConfigKeys (ConfUtils.java:logGet(43)) - raft.server.log.statemachine.data.sync.timeout.retry = -1 (default)
2019-08-20 14:16:59,713 [pool-170-thread-1] INFO  impl.RoleInfo (RoleInfo.java:updateAndGet(143)) - ab54d0aa-45c9-4c80-aad1-fb02da82d4c1: start FollowerState
2019-08-20 14:16:59,713 [pool-181-thread-1] INFO  server.RaftServerConfigKeys (ConfUtils.java:logGet(43)) - raft.server.log.statemachine.data.sync.timeout.retry = -1 (default)
2019-08-20 14:16:59,713 [pool-159-thread-1] INFO  server.RaftServerConfigKeys (ConfUtils.java:logGet(43)) - raft.server.log.statemachine.data.caching.enabled = true (custom)
2019-08-20 14:16:59,713 [pool-181-thread-1] INFO  server.RaftServerConfigKeys (ConfUtils.java:logGet(43)) - raft.server.log.statemachine.data.caching.enabled = true (custom)
2019-08-20 14:16:59,714 [pool-170-thread-1] INFO  util.JmxRegister (JmxRegister.java:tryRegister(44)) - Successfully registered JMX Bean with object name Ratis:service=RaftServer,group=group-DE271B0870CE,id=ab54d0aa-45c9-4c80-aad1-fb02da82d4c1
2019-08-20 14:16:59,714 [pool-159-thread-1] INFO  segmented.SegmentedRaftLogWorker (SegmentedRaftLogWorker.java:lambda$new$0(132)) - 8e57c45d-c95e-4a54-a459-391d2c10b1fa-SegmentedRaftLogWorker:Storage Directory /workdir/hadoop-ozone/integration-test/target/test-dir/MiniOzoneClusterImpl-1e699435-ac44-4e4c-83e9-3412d5c7c720/datanode-3/data/ratis/17703c9d-fe06-41de-93bd-de271b0870ce: flushIndex: setUnconditionally 0 -> -1
2019-08-20 14:16:59,714 [pool-181-thread-1] INFO  segmented.SegmentedRaftLogWorker (SegmentedRaftLogWorker.java:lambda$new$0(132)) - fa3f5044-84f5-4c3c-a0e4-383ceb43ef86-SegmentedRaftLogWorker:Storage Directory /workdir/hadoop-ozone/integration-test/target/test-dir/MiniOzoneClusterImpl-1e699435-ac44-4e4c-83e9-3412d5c7c720/datanode-5/data/ratis/17703c9d-fe06-41de-93bd-de271b0870ce: flushIndex: setUnconditionally 0 -> -1
2019-08-20 14:16:59,714 [pool-159-thread-1] INFO  server.RaftServerConfigKeys (ConfUtils.java:logGet(43)) - raft.server.snapshot.auto.trigger.enabled = true (custom)
2019-08-20 14:16:59,714 [pool-181-thread-1] INFO  server.RaftServerConfigKeys (ConfUtils.java:logGet(43)) - raft.server.snapshot.auto.trigger.enabled = true (custom)
2019-08-20 14:16:59,714 [pool-159-thread-1] INFO  server.RaftServerConfigKeys (ConfUtils.java:logGet(43)) - raft.server.snapshot.auto.trigger.threshold = 10000 (custom)
2019-08-20 14:16:59,714 [pool-181-thread-1] INFO  server.RaftServerConfigKeys (ConfUtils.java:logGet(43)) - raft.server.snapshot.auto.trigger.threshold = 10000 (custom)
2019-08-20 14:16:59,714 [pool-159-thread-1] INFO  server.RaftServerConfigKeys (ConfUtils.java:logGet(43)) - raft.server.retrycache.expirytime = 600000ms (custom)
2019-08-20 14:16:59,714 [pool-181-thread-1] INFO  server.RaftServerConfigKeys (ConfUtils.java:logGet(43)) - raft.server.retrycache.expirytime = 600000ms (custom)
2019-08-20 14:16:59,715 [pool-159-thread-1] INFO  impl.RaftServerImpl (RaftServerImpl.java:start(180)) - 8e57c45d-c95e-4a54-a459-391d2c10b1fa: start group-DE271B0870CE
2019-08-20 14:16:59,715 [pool-181-thread-1] INFO  impl.RaftServerImpl (RaftServerImpl.java:start(180)) - fa3f5044-84f5-4c3c-a0e4-383ceb43ef86: start group-DE271B0870CE
2019-08-20 14:16:59,715 [pool-159-thread-1] INFO  impl.RaftServerImpl (RaftServerImpl.java:setRole(171)) - 8e57c45d-c95e-4a54-a459-391d2c10b1fa:group-DE271B0870CE changes role from null to FOLLOWER at term 0 for startAsFollower
2019-08-20 14:16:59,715 [pool-181-thread-1] INFO  impl.RaftServerImpl (RaftServerImpl.java:setRole(171)) - fa3f5044-84f5-4c3c-a0e4-383ceb43ef86:group-DE271B0870CE changes role from null to FOLLOWER at term 0 for startAsFollower
2019-08-20 14:16:59,715 [pool-159-thread-1] INFO  impl.RoleInfo (RoleInfo.java:updateAndGet(143)) - 8e57c45d-c95e-4a54-a459-391d2c10b1fa: start FollowerState
2019-08-20 14:16:59,715 [pool-181-thread-1] INFO  impl.RoleInfo (RoleInfo.java:updateAndGet(143)) - fa3f5044-84f5-4c3c-a0e4-383ceb43ef86: start FollowerState
2019-08-20 14:16:59,715 [pool-159-thread-1] INFO  util.JmxRegister (JmxRegister.java:tryRegister(44)) - Successfully registered JMX Bean with object name Ratis:service=RaftServer,group=group-DE271B0870CE,id=8e57c45d-c95e-4a54-a459-391d2c10b1fa
2019-08-20 14:16:59,715 [pool-181-thread-1] INFO  util.JmxRegister (JmxRegister.java:tryRegister(44)) - Successfully registered JMX Bean with object name Ratis:service=RaftServer,group=group-DE271B0870CE,id=fa3f5044-84f5-4c3c-a0e4-383ceb43ef86
2019-08-20 14:16:59,717 [RatisPipelineUtilsThread] INFO  pipeline.PipelineStateManager (PipelineStateManager.java:addPipeline(56)) - Created pipeline Pipeline[ Id: 17703c9d-fe06-41de-93bd-de271b0870ce, Nodes: ab54d0aa-45c9-4c80-aad1-fb02da82d4c1{ip: 192.168.157.218, host: pr-hdds-1950-rs6kf-667707070, networkLocation: /default-rack, certSerialId: null}8e57c45d-c95e-4a54-a459-391d2c10b1fa{ip: 192.168.157.218, host: pr-hdds-1950-rs6kf-667707070, networkLocation: /default-rack, certSerialId: null}fa3f5044-84f5-4c3c-a0e4-383ceb43ef86{ip: 192.168.157.218, host: pr-hdds-1950-rs6kf-667707070, networkLocation: /default-rack, certSerialId: null}, Type:RATIS, Factor:THREE, State:OPEN]
2019-08-20 14:16:59,762 [main] INFO  ozone.MiniOzoneClusterImpl (MiniOzoneClusterImpl.java:lambda$waitForClusterToBeReady$0(142)) - Cluster is ready. Got 7 of 7 DN Heartbeats.
2019-08-20 14:16:59,762 [IPC Server handler 2 on 44808] INFO  net.NetworkTopology (NetworkTopologyImpl.java:add(110)) - Added a new node: /default-rack/104c0d76-7897-4d13-8f7d-7917ac27112c
2019-08-20 14:16:59,765 [IPC Server handler 2 on 44808] INFO  node.SCMNodeManager (SCMNodeManager.java:register(273)) - Registered Data node : 104c0d76-7897-4d13-8f7d-7917ac27112c{ip: 192.168.157.218, host: pr-hdds-1950-rs6kf-667707070, networkLocation: /default-rack, certSerialId: null}
2019-08-20 14:16:59,766 | INFO  | SCMAudit | user=jenkins1000 | ip=192.168.157.218 | op=REGISTER {datanodeDetails=104c0d76-7897-4d13-8f7d-7917ac27112c{ip: 192.168.157.218, host: pr-hdds-1950-rs6kf-667707070, networkLocation: /default-rack, certSerialId: null}} | ret=SUCCESS |  
2019-08-20 14:16:59,777 [grpc-default-executor-3] INFO  impl.RaftServerProxy (RaftServerProxy.java:addNew(89)) - 104c0d76-7897-4d13-8f7d-7917ac27112c: addNew group-3126D9422771:[104c0d76-7897-4d13-8f7d-7917ac27112c:192.168.157.218:45829] returns group-3126D9422771:java.util.concurrent.CompletableFuture@1f9d685[Not completed]
2019-08-20 14:16:59,786 [pool-192-thread-1] INFO  impl.RaftServerImpl (RaftServerImpl.java:<init>(93)) - 104c0d76-7897-4d13-8f7d-7917ac27112c: new RaftServerImpl for group-3126D9422771:[104c0d76-7897-4d13-8f7d-7917ac27112c:192.168.157.218:45829] with ContainerStateMachine:uninitialized
2019-08-20 14:16:59,786 [pool-192-thread-1] INFO  server.RaftServerConfigKeys (ConfUtils.java:logGet(43)) - raft.server.rpc.timeout.min = 5s (custom)
2019-08-20 14:16:59,786 [pool-192-thread-1] INFO  server.RaftServerConfigKeys (ConfUtils.java:logGet(43)) - raft.server.rpc.timeout.max = 5200ms (custom)
2019-08-20 14:16:59,787 [pool-192-thread-1] INFO  server.RaftServerConfigKeys (ConfUtils.java:logGet(43)) - raft.server.rpcslowness.timeout = 120s (custom)
2019-08-20 14:16:59,787 [pool-192-thread-1] INFO  server.RaftServerConfigKeys (ConfUtils.java:logGet(43)) - raft.server.sleep.deviation.threshold = 300 (default)
2019-08-20 14:16:59,790 [pool-192-thread-1] INFO  server.RaftServerConfigKeys (ConfUtils.java:logGet(43)) - raft.server.log.appender.install.snapshot.enabled = false (custom)
2019-08-20 14:16:59,790 [pool-192-thread-1] INFO  impl.RaftServerImpl (ServerState.java:<init>(105)) - 104c0d76-7897-4d13-8f7d-7917ac27112c:group-3126D9422771 ConfigurationManager, init=-1: [104c0d76-7897-4d13-8f7d-7917ac27112c:192.168.157.218:45829], old=null, confs=<EMPTY_MAP>
2019-08-20 14:16:59,791 [pool-192-thread-1] INFO  server.RaftServerConfigKeys (ConfUtils.java:logGet(43)) - raft.server.storage.dir = [/workdir/hadoop-ozone/integration-test/target/test-dir/MiniOzoneClusterImpl-1e699435-ac44-4e4c-83e9-3412d5c7c720/datanode-6/data/ratis] (custom)
2019-08-20 14:16:59,791 [pool-192-thread-1] INFO  storage.RaftStorageDirectory (RaftStorageDirectory.java:analyzeStorage(246)) - The storage directory /workdir/hadoop-ozone/integration-test/target/test-dir/MiniOzoneClusterImpl-1e699435-ac44-4e4c-83e9-3412d5c7c720/datanode-6/data/ratis/4a107e31-de9b-419c-80e3-3126d9422771 does not exist. Creating ...
2019-08-20 14:16:59,796 [main] INFO  rpc.RpcClient (RpcClient.java:createVolume(292)) - Creating Volume: testblockoutputstreamwithretries, with jenkins1000 as owner.
2019-08-20 14:16:59,798 | INFO  | OMAudit | user=jenkins1000 | ip=127.0.0.1 | op=CREATE_VOLUME {admin=jenkins1000, owner=jenkins1000, volume=testblockoutputstreamwithretries, creationTime=1566310619797, quotaInBytes=1152921504606846976} | ret=SUCCESS |  
2019-08-20 14:16:59,805 | INFO  | OMAudit | user=jenkins1000 | ip=127.0.0.1 | op=READ_VOLUME {volume=testblockoutputstreamwithretries} | ret=SUCCESS |  
2019-08-20 14:16:59,806 [main] INFO  rpc.RpcClient (RpcClient.java:createBucket(431)) - Creating Bucket: testblockoutputstreamwithretries/testblockoutputstreamwithretries, with Versioning false and Storage Type set to DISK and Encryption set to false 
2019-08-20 14:16:59,810 | INFO  | OMAudit | user=jenkins1000 | ip=127.0.0.1 | op=CREATE_BUCKET {volume=testblockoutputstreamwithretries, bucket=testblockoutputstreamwithretries, acls=[user:jenkins1000:a[ACCESS], group:default:a[ACCESS]], isVersionEnabled=false, storageType=DISK, creationTime=0} | ret=SUCCESS |  
2019-08-20 14:16:59,811 [pool-192-thread-1] INFO  storage.RaftStorageDirectory (RaftStorageDirectory.java:tryLock(328)) - Lock on /workdir/hadoop-ozone/integration-test/target/test-dir/MiniOzoneClusterImpl-1e699435-ac44-4e4c-83e9-3412d5c7c720/datanode-6/data/ratis/4a107e31-de9b-419c-80e3-3126d9422771/in_use.lock acquired by nodename 2601@pr-hdds-1950-rs6kf-667707070
2019-08-20 14:16:59,811 | INFO  | OMAudit | user=jenkins1000 | ip=127.0.0.1 | op=READ_VOLUME {volume=testblockoutputstreamwithretries} | ret=SUCCESS |  
2019-08-20 14:16:59,813 | INFO  | OMAudit | user=jenkins1000 | ip=127.0.0.1 | op=READ_BUCKET {volume=testblockoutputstreamwithretries, bucket=testblockoutputstreamwithretries} | ret=SUCCESS |  
2019-08-20 14:16:59,837 [pool-192-thread-1] INFO  storage.RaftStorage (RaftStorage.java:format(72)) - Storage directory /workdir/hadoop-ozone/integration-test/target/test-dir/MiniOzoneClusterImpl-1e699435-ac44-4e4c-83e9-3412d5c7c720/datanode-6/data/ratis/4a107e31-de9b-419c-80e3-3126d9422771 has been successfully formatted.
2019-08-20 14:16:59,837 [pool-192-thread-1] INFO  ratis.ContainerStateMachine (ContainerStateMachine.java:loadSnapshot(222)) - group-3126D9422771: The snapshot info is null. Setting the last applied indexto:(t:0, i:~)
2019-08-20 14:16:59,837 [pool-192-thread-1] INFO  server.RaftServerConfigKeys (ConfUtils.java:logGet(43)) - raft.server.leader.election.timeout = 120s (custom)
2019-08-20 14:16:59,837 [pool-192-thread-1] INFO  server.RaftServerConfigKeys (ConfUtils.java:logGet(43)) - raft.server.log.use.memory = false (default)
2019-08-20 14:16:59,837 [pool-192-thread-1] INFO  server.RaftServerConfigKeys (ConfUtils.java:logGet(43)) - raft.server.log.purge.gap = 1000000 (custom)
2019-08-20 14:16:59,837 [pool-192-thread-1] INFO  server.RaftServerConfigKeys (ConfUtils.java:logGet(43)) - raft.server.log.appender.buffer.byte-limit = 33554432 (custom)
2019-08-20 14:16:59,838 [pool-192-thread-1] INFO  server.RaftServerConfigKeys (ConfUtils.java:logGet(43)) - raft.server.log.segment.size.max = 1048576 (custom)
2019-08-20 14:16:59,838 [pool-192-thread-1] INFO  server.RaftServerConfigKeys (ConfUtils.java:logGet(43)) - raft.server.log.segment.cache.num.max = 2 (custom)
2019-08-20 14:16:59,838 [pool-192-thread-1] INFO  segmented.SegmentedRaftLogWorker (SegmentedRaftLogWorker.java:<init>(172)) - new 104c0d76-7897-4d13-8f7d-7917ac27112c-SegmentedRaftLogWorker:Storage Directory /workdir/hadoop-ozone/integration-test/target/test-dir/MiniOzoneClusterImpl-1e699435-ac44-4e4c-83e9-3412d5c7c720/datanode-6/data/ratis/4a107e31-de9b-419c-80e3-3126d9422771 for RaftStorage:Storage Directory /workdir/hadoop-ozone/integration-test/target/test-dir/MiniOzoneClusterImpl-1e699435-ac44-4e4c-83e9-3412d5c7c720/datanode-6/data/ratis/4a107e31-de9b-419c-80e3-3126d9422771
2019-08-20 14:16:59,838 [pool-192-thread-1] INFO  server.RaftServerConfigKeys (ConfUtils.java:logGet(43)) - raft.server.log.queue.byte-limit = 2147483647 (custom)
2019-08-20 14:16:59,838 [pool-192-thread-1] INFO  server.RaftServerConfigKeys (ConfUtils.java:logGet(43)) - raft.server.log.queue.element-limit = 1024 (custom)
2019-08-20 14:16:59,838 [pool-192-thread-1] INFO  server.RaftServerConfigKeys (ConfUtils.java:logGet(43)) - raft.server.log.segment.size.max = 1048576 (custom)
2019-08-20 14:16:59,838 [pool-192-thread-1] INFO  server.RaftServerConfigKeys (ConfUtils.java:logGet(43)) - raft.server.log.preallocated.size = 16384 (custom)
2019-08-20 14:16:59,839 [pool-192-thread-1] INFO  server.RaftServerConfigKeys (ConfUtils.java:logGet(43)) - raft.server.log.write.buffer.size = 33554432 (custom)
2019-08-20 14:16:59,839 [pool-192-thread-1] INFO  server.RaftServerConfigKeys (ConfUtils.java:logGet(43)) - raft.server.log.force.sync.num = 128 (default)
2019-08-20 14:16:59,839 [pool-192-thread-1] INFO  server.RaftServerConfigKeys (ConfUtils.java:logGet(43)) - raft.server.log.statemachine.data.sync = true (default)
2019-08-20 14:16:59,839 [pool-192-thread-1] INFO  server.RaftServerConfigKeys (ConfUtils.java:logGet(43)) - raft.server.log.statemachine.data.sync.timeout = 10s (default)
2019-08-20 14:16:59,839 [pool-192-thread-1] INFO  server.RaftServerConfigKeys (ConfUtils.java:logGet(43)) - raft.server.log.statemachine.data.sync.timeout.retry = -1 (default)
2019-08-20 14:16:59,839 [pool-192-thread-1] INFO  server.RaftServerConfigKeys (ConfUtils.java:logGet(43)) - raft.server.log.statemachine.data.caching.enabled = true (custom)
2019-08-20 14:16:59,840 [pool-192-thread-1] INFO  segmented.SegmentedRaftLogWorker (SegmentedRaftLogWorker.java:lambda$new$0(132)) - 104c0d76-7897-4d13-8f7d-7917ac27112c-SegmentedRaftLogWorker:Storage Directory /workdir/hadoop-ozone/integration-test/target/test-dir/MiniOzoneClusterImpl-1e699435-ac44-4e4c-83e9-3412d5c7c720/datanode-6/data/ratis/4a107e31-de9b-419c-80e3-3126d9422771: flushIndex: setUnconditionally 0 -> -1
2019-08-20 14:16:59,840 [pool-192-thread-1] INFO  server.RaftServerConfigKeys (ConfUtils.java:logGet(43)) - raft.server.snapshot.auto.trigger.enabled = true (custom)
2019-08-20 14:16:59,840 [pool-192-thread-1] INFO  server.RaftServerConfigKeys (ConfUtils.java:logGet(43)) - raft.server.snapshot.auto.trigger.threshold = 10000 (custom)
2019-08-20 14:16:59,840 [pool-192-thread-1] INFO  server.RaftServerConfigKeys (ConfUtils.java:logGet(43)) - raft.server.retrycache.expirytime = 600000ms (custom)
2019-08-20 14:16:59,840 [pool-192-thread-1] INFO  impl.RaftServerImpl (RaftServerImpl.java:start(180)) - 104c0d76-7897-4d13-8f7d-7917ac27112c: start group-3126D9422771
2019-08-20 14:16:59,840 [pool-192-thread-1] INFO  impl.RaftServerImpl (RaftServerImpl.java:setRole(171)) - 104c0d76-7897-4d13-8f7d-7917ac27112c:group-3126D9422771 changes role from null to FOLLOWER at term 0 for startAsFollower
2019-08-20 14:16:59,840 [pool-192-thread-1] INFO  impl.RoleInfo (RoleInfo.java:updateAndGet(143)) - 104c0d76-7897-4d13-8f7d-7917ac27112c: start FollowerState
2019-08-20 14:16:59,841 [pool-192-thread-1] INFO  util.JmxRegister (JmxRegister.java:tryRegister(44)) - Successfully registered JMX Bean with object name Ratis:service=RaftServer,group=group-3126D9422771,id=104c0d76-7897-4d13-8f7d-7917ac27112c
2019-08-20 14:16:59,843 [RatisPipelineUtilsThread] INFO  pipeline.PipelineStateManager (PipelineStateManager.java:addPipeline(56)) - Created pipeline Pipeline[ Id: 4a107e31-de9b-419c-80e3-3126d9422771, Nodes: 104c0d76-7897-4d13-8f7d-7917ac27112c{ip: 192.168.157.218, host: pr-hdds-1950-rs6kf-667707070, networkLocation: /default-rack, certSerialId: null}, Type:RATIS, Factor:ONE, State:OPEN]
2019-08-20 14:16:59,845 | INFO  | SCMAudit | user=jenkins1000 | ip=192.168.157.218 | op=ALLOCATE_BLOCK {owner=1e7c0802-a6fe-4b35-b41f-901cecc38cae, size=800, type=RATIS, factor=THREE} | ret=SUCCESS |  
2019-08-20 14:16:59,847 | INFO  | OMAudit | user=jenkins1000 | ip=127.0.0.1 | op=ALLOCATE_KEY {volume=testblockoutputstreamwithretries, bucket=testblockoutputstreamwithretries, key=4f8b83f0-2df2-43de-9832-026c3beb0acc, dataSize=3200, replicationType=RATIS, replicationFactor=THREE, keyLocationInfo=null} | ret=SUCCESS |  
2019-08-20 14:16:59,860 [grpc-default-executor-3] INFO  client.GrpcClientProtocolClient (GrpcClientProtocolClient.java:onNext(255)) - client-D7911010F97B->ab54d0aa-45c9-4c80-aad1-fb02da82d4c1: receive RaftClientReply:client-D7911010F97B->ab54d0aa-45c9-4c80-aad1-fb02da82d4c1@group-DE271B0870CE, cid=42, FAILED org.apache.ratis.protocol.NotLeaderException: Server ab54d0aa-45c9-4c80-aad1-fb02da82d4c1 is not the leader (null). Request must be sent to leader., logIndex=0, commits[ab54d0aa-45c9-4c80-aad1-fb02da82d4c1:c-1]
2019-08-20 14:17:00,419 | INFO  | SCMAudit | user=jenkins1000 | ip=192.168.157.218 | op=SEND_HEARTBEAT {datanodeUUID=f81e0742-261c-4f1d-a9d7-43862556ad20, command=[]} | ret=SUCCESS |  
2019-08-20 14:17:00,616 | INFO  | SCMAudit | user=jenkins1000 | ip=192.168.157.218 | op=SEND_HEARTBEAT {datanodeUUID=7daf3e09-cf23-4648-b9a4-99837f6061ba, command=[]} | ret=SUCCESS |  
2019-08-20 14:17:00,807 | INFO  | SCMAudit | user=jenkins1000 | ip=192.168.157.218 | op=SEND_HEARTBEAT {datanodeUUID=81acbee6-4241-4f67-881f-cd5af487d526, command=[]} | ret=SUCCESS |  
2019-08-20 14:17:00,881 [grpc-default-executor-0] INFO  client.GrpcClientProtocolClient (GrpcClientProtocolClient.java:onNext(255)) - client-D7911010F97B->8e57c45d-c95e-4a54-a459-391d2c10b1fa: receive RaftClientReply:client-D7911010F97B->8e57c45d-c95e-4a54-a459-391d2c10b1fa@group-DE271B0870CE, cid=42, FAILED org.apache.ratis.protocol.NotLeaderException: Server 8e57c45d-c95e-4a54-a459-391d2c10b1fa is not the leader (null). Request must be sent to leader., logIndex=0, commits[8e57c45d-c95e-4a54-a459-391d2c10b1fa:c-1]
2019-08-20 14:17:01,189 | INFO  | SCMAudit | user=jenkins1000 | ip=192.168.157.218 | op=SEND_HEARTBEAT {datanodeUUID=8e57c45d-c95e-4a54-a459-391d2c10b1fa, command=[]} | ret=SUCCESS |  
2019-08-20 14:17:01,379 | INFO  | SCMAudit | user=jenkins1000 | ip=192.168.157.218 | op=SEND_HEARTBEAT {datanodeUUID=ab54d0aa-45c9-4c80-aad1-fb02da82d4c1, command=[]} | ret=SUCCESS |  
2019-08-20 14:17:01,418 | INFO  | SCMAudit | user=jenkins1000 | ip=192.168.157.218 | op=SEND_HEARTBEAT {datanodeUUID=f81e0742-261c-4f1d-a9d7-43862556ad20, command=[]} | ret=SUCCESS |  
2019-08-20 14:17:01,429 [Thread-793] INFO  container.ReplicationManager (ReplicationManager.java:start(152)) - Starting Replication Monitor Thread.
2019-08-20 14:17:01,432 [ReplicationMonitor] INFO  container.ReplicationManager (ReplicationManager.java:run(215)) - Replication Monitor Thread took 0 milliseconds for processing 3 containers.
2019-08-20 14:17:01,575 | INFO  | SCMAudit | user=jenkins1000 | ip=192.168.157.218 | op=SEND_HEARTBEAT {datanodeUUID=fa3f5044-84f5-4c3c-a0e4-383ceb43ef86, command=[]} | ret=SUCCESS |  
2019-08-20 14:17:01,615 | INFO  | SCMAudit | user=jenkins1000 | ip=192.168.157.218 | op=SEND_HEARTBEAT {datanodeUUID=7daf3e09-cf23-4648-b9a4-99837f6061ba, command=[]} | ret=SUCCESS |  
2019-08-20 14:17:01,762 | INFO  | SCMAudit | user=jenkins1000 | ip=192.168.157.218 | op=SEND_HEARTBEAT {datanodeUUID=104c0d76-7897-4d13-8f7d-7917ac27112c, command=[]} | ret=SUCCESS |  
2019-08-20 14:17:01,808 | INFO  | SCMAudit | user=jenkins1000 | ip=192.168.157.218 | op=SEND_HEARTBEAT {datanodeUUID=81acbee6-4241-4f67-881f-cd5af487d526, command=[]} | ret=SUCCESS |  
2019-08-20 14:17:01,896 [grpc-default-executor-0] INFO  client.GrpcClientProtocolClient (GrpcClientProtocolClient.java:onNext(255)) - client-D7911010F97B->fa3f5044-84f5-4c3c-a0e4-383ceb43ef86: receive RaftClientReply:client-D7911010F97B->fa3f5044-84f5-4c3c-a0e4-383ceb43ef86@group-DE271B0870CE, cid=42, FAILED org.apache.ratis.protocol.NotLeaderException: Server fa3f5044-84f5-4c3c-a0e4-383ceb43ef86 is not the leader (null). Request must be sent to leader., logIndex=0, commits[fa3f5044-84f5-4c3c-a0e4-383ceb43ef86:c-1]
2019-08-20 14:17:02,188 | INFO  | SCMAudit | user=jenkins1000 | ip=192.168.157.218 | op=SEND_HEARTBEAT {datanodeUUID=8e57c45d-c95e-4a54-a459-391d2c10b1fa, command=[]} | ret=SUCCESS |  
2019-08-20 14:17:02,378 | INFO  | SCMAudit | user=jenkins1000 | ip=192.168.157.218 | op=SEND_HEARTBEAT {datanodeUUID=ab54d0aa-45c9-4c80-aad1-fb02da82d4c1, command=[]} | ret=SUCCESS |  
2019-08-20 14:17:02,419 | INFO  | SCMAudit | user=jenkins1000 | ip=192.168.157.218 | op=SEND_HEARTBEAT {datanodeUUID=f81e0742-261c-4f1d-a9d7-43862556ad20, command=[]} | ret=SUCCESS |  
2019-08-20 14:17:02,576 | INFO  | SCMAudit | user=jenkins1000 | ip=192.168.157.218 | op=SEND_HEARTBEAT {datanodeUUID=fa3f5044-84f5-4c3c-a0e4-383ceb43ef86, command=[]} | ret=SUCCESS |  
2019-08-20 14:17:02,616 | INFO  | SCMAudit | user=jenkins1000 | ip=192.168.157.218 | op=SEND_HEARTBEAT {datanodeUUID=7daf3e09-cf23-4648-b9a4-99837f6061ba, command=[]} | ret=SUCCESS |  
2019-08-20 14:17:02,763 | INFO  | SCMAudit | user=jenkins1000 | ip=192.168.157.218 | op=SEND_HEARTBEAT {datanodeUUID=104c0d76-7897-4d13-8f7d-7917ac27112c, command=[]} | ret=SUCCESS |  
2019-08-20 14:17:02,807 | INFO  | SCMAudit | user=jenkins1000 | ip=192.168.157.218 | op=SEND_HEARTBEAT {datanodeUUID=81acbee6-4241-4f67-881f-cd5af487d526, command=[]} | ret=SUCCESS |  
2019-08-20 14:17:02,912 [grpc-default-executor-3] INFO  client.GrpcClientProtocolClient (GrpcClientProtocolClient.java:onNext(255)) - client-D7911010F97B->8e57c45d-c95e-4a54-a459-391d2c10b1fa: receive RaftClientReply:client-D7911010F97B->8e57c45d-c95e-4a54-a459-391d2c10b1fa@group-DE271B0870CE, cid=42, FAILED org.apache.ratis.protocol.NotLeaderException: Server 8e57c45d-c95e-4a54-a459-391d2c10b1fa is not the leader (null). Request must be sent to leader., logIndex=0, commits[8e57c45d-c95e-4a54-a459-391d2c10b1fa:c-1]
2019-08-20 14:17:03,188 | INFO  | SCMAudit | user=jenkins1000 | ip=192.168.157.218 | op=SEND_HEARTBEAT {datanodeUUID=8e57c45d-c95e-4a54-a459-391d2c10b1fa, command=[]} | ret=SUCCESS |  
2019-08-20 14:17:03,378 | INFO  | SCMAudit | user=jenkins1000 | ip=192.168.157.218 | op=SEND_HEARTBEAT {datanodeUUID=ab54d0aa-45c9-4c80-aad1-fb02da82d4c1, command=[]} | ret=SUCCESS |  
2019-08-20 14:17:03,420 | INFO  | SCMAudit | user=jenkins1000 | ip=192.168.157.218 | op=SEND_HEARTBEAT {datanodeUUID=f81e0742-261c-4f1d-a9d7-43862556ad20, command=[]} | ret=SUCCESS |  
2019-08-20 14:17:03,578 | INFO  | SCMAudit | user=jenkins1000 | ip=192.168.157.218 | op=SEND_HEARTBEAT {datanodeUUID=fa3f5044-84f5-4c3c-a0e4-383ceb43ef86, command=[]} | ret=SUCCESS |  
2019-08-20 14:17:03,616 | INFO  | SCMAudit | user=jenkins1000 | ip=192.168.157.218 | op=SEND_HEARTBEAT {datanodeUUID=7daf3e09-cf23-4648-b9a4-99837f6061ba, command=[]} | ret=SUCCESS |  
2019-08-20 14:17:03,764 | INFO  | SCMAudit | user=jenkins1000 | ip=192.168.157.218 | op=SEND_HEARTBEAT {datanodeUUID=104c0d76-7897-4d13-8f7d-7917ac27112c, command=[]} | ret=SUCCESS |  
2019-08-20 14:17:03,808 | INFO  | SCMAudit | user=jenkins1000 | ip=192.168.157.218 | op=SEND_HEARTBEAT {datanodeUUID=81acbee6-4241-4f67-881f-cd5af487d526, command=[]} | ret=SUCCESS |  
2019-08-20 14:17:03,931 [grpc-default-executor-0] INFO  client.GrpcClientProtocolClient (GrpcClientProtocolClient.java:onNext(255)) - client-D7911010F97B->ab54d0aa-45c9-4c80-aad1-fb02da82d4c1: receive RaftClientReply:client-D7911010F97B->ab54d0aa-45c9-4c80-aad1-fb02da82d4c1@group-DE271B0870CE, cid=42, FAILED org.apache.ratis.protocol.NotLeaderException: Server ab54d0aa-45c9-4c80-aad1-fb02da82d4c1 is not the leader (null). Request must be sent to leader., logIndex=0, commits[ab54d0aa-45c9-4c80-aad1-fb02da82d4c1:c-1]
2019-08-20 14:17:04,149 [Thread-795] INFO  impl.FollowerState (FollowerState.java:run(106)) - f81e0742-261c-4f1d-a9d7-43862556ad20:group-A1D51C9A481D changes to CANDIDATE, lastRpcTime:5162, electionTimeout:5162ms
2019-08-20 14:17:04,149 [Thread-795] INFO  impl.RoleInfo (RoleInfo.java:shutdownFollowerState(121)) - f81e0742-261c-4f1d-a9d7-43862556ad20: shutdown FollowerState
2019-08-20 14:17:04,149 [Thread-795] INFO  impl.RaftServerImpl (RaftServerImpl.java:setRole(171)) - f81e0742-261c-4f1d-a9d7-43862556ad20:group-A1D51C9A481D changes role from FOLLOWER to CANDIDATE at term 0 for changeToCandidate
2019-08-20 14:17:04,150 [Thread-795] INFO  impl.RoleInfo (RoleInfo.java:updateAndGet(143)) - f81e0742-261c-4f1d-a9d7-43862556ad20: start LeaderElection
2019-08-20 14:17:04,170 [Thread-798] INFO  impl.FollowerState (FollowerState.java:run(106)) - 7daf3e09-cf23-4648-b9a4-99837f6061ba:group-84499F8FB012 changes to CANDIDATE, lastRpcTime:5115, electionTimeout:5106ms
2019-08-20 14:17:04,170 [Thread-798] INFO  impl.RoleInfo (RoleInfo.java:shutdownFollowerState(121)) - 7daf3e09-cf23-4648-b9a4-99837f6061ba: shutdown FollowerState
2019-08-20 14:17:04,171 [Thread-798] INFO  impl.RaftServerImpl (RaftServerImpl.java:setRole(171)) - 7daf3e09-cf23-4648-b9a4-99837f6061ba:group-84499F8FB012 changes role from FOLLOWER to CANDIDATE at term 0 for changeToCandidate
2019-08-20 14:17:04,171 [Thread-798] INFO  impl.RoleInfo (RoleInfo.java:updateAndGet(143)) - 7daf3e09-cf23-4648-b9a4-99837f6061ba: start LeaderElection
2019-08-20 14:17:04,188 | INFO  | SCMAudit | user=jenkins1000 | ip=192.168.157.218 | op=SEND_HEARTBEAT {datanodeUUID=8e57c45d-c95e-4a54-a459-391d2c10b1fa, command=[]} | ret=SUCCESS |  
2019-08-20 14:17:04,241 [Thread-801] INFO  impl.FollowerState (FollowerState.java:run(106)) - 81acbee6-4241-4f67-881f-cd5af487d526:group-BDAB68432FB5 changes to CANDIDATE, lastRpcTime:5154, electionTimeout:5154ms
2019-08-20 14:17:04,241 [Thread-801] INFO  impl.RoleInfo (RoleInfo.java:shutdownFollowerState(121)) - 81acbee6-4241-4f67-881f-cd5af487d526: shutdown FollowerState
2019-08-20 14:17:04,241 [Thread-801] INFO  impl.RaftServerImpl (RaftServerImpl.java:setRole(171)) - 81acbee6-4241-4f67-881f-cd5af487d526:group-BDAB68432FB5 changes role from FOLLOWER to CANDIDATE at term 0 for changeToCandidate
2019-08-20 14:17:04,241 [Thread-801] INFO  impl.RoleInfo (RoleInfo.java:updateAndGet(143)) - 81acbee6-4241-4f67-881f-cd5af487d526: start LeaderElection
2019-08-20 14:17:04,251 [Thread-804] INFO  impl.FollowerState (FollowerState.java:run(106)) - 81acbee6-4241-4f67-881f-cd5af487d526:group-37350B33DEF5 changes to CANDIDATE, lastRpcTime:5098, electionTimeout:5098ms
2019-08-20 14:17:04,251 [Thread-804] INFO  impl.RoleInfo (RoleInfo.java:shutdownFollowerState(121)) - 81acbee6-4241-4f67-881f-cd5af487d526: shutdown FollowerState
2019-08-20 14:17:04,251 [Thread-804] INFO  impl.RaftServerImpl (RaftServerImpl.java:setRole(171)) - 81acbee6-4241-4f67-881f-cd5af487d526:group-37350B33DEF5 changes role from FOLLOWER to CANDIDATE at term 0 for changeToCandidate
2019-08-20 14:17:04,252 [Thread-804] INFO  impl.RoleInfo (RoleInfo.java:updateAndGet(143)) - 81acbee6-4241-4f67-881f-cd5af487d526: start LeaderElection
2019-08-20 14:17:04,277 [Thread-809] INFO  impl.FollowerState (FollowerState.java:run(106)) - f81e0742-261c-4f1d-a9d7-43862556ad20:group-37350B33DEF5 changes to CANDIDATE, lastRpcTime:5094, electionTimeout:5094ms
2019-08-20 14:17:04,277 [Thread-809] INFO  impl.RoleInfo (RoleInfo.java:shutdownFollowerState(121)) - f81e0742-261c-4f1d-a9d7-43862556ad20: shutdown FollowerState
2019-08-20 14:17:04,277 [Thread-809] INFO  impl.RaftServerImpl (RaftServerImpl.java:setRole(171)) - f81e0742-261c-4f1d-a9d7-43862556ad20:group-37350B33DEF5 changes role from FOLLOWER to CANDIDATE at term 0 for changeToCandidate
2019-08-20 14:17:04,277 [Thread-809] INFO  impl.RoleInfo (RoleInfo.java:updateAndGet(143)) - f81e0742-261c-4f1d-a9d7-43862556ad20: start LeaderElection
2019-08-20 14:17:04,359 [Thread-808] INFO  impl.FollowerState (FollowerState.java:run(106)) - 7daf3e09-cf23-4648-b9a4-99837f6061ba:group-37350B33DEF5 changes to CANDIDATE, lastRpcTime:5176, electionTimeout:5176ms
2019-08-20 14:17:04,359 [Thread-808] INFO  impl.RoleInfo (RoleInfo.java:shutdownFollowerState(121)) - 7daf3e09-cf23-4648-b9a4-99837f6061ba: shutdown FollowerState
2019-08-20 14:17:04,359 [Thread-808] INFO  impl.RaftServerImpl (RaftServerImpl.java:setRole(171)) - 7daf3e09-cf23-4648-b9a4-99837f6061ba:group-37350B33DEF5 changes role from FOLLOWER to CANDIDATE at term 0 for changeToCandidate
2019-08-20 14:17:04,359 [Thread-808] INFO  impl.RoleInfo (RoleInfo.java:updateAndGet(143)) - 7daf3e09-cf23-4648-b9a4-99837f6061ba: start LeaderElection
2019-08-20 14:17:04,379 | INFO  | SCMAudit | user=jenkins1000 | ip=192.168.157.218 | op=SEND_HEARTBEAT {datanodeUUID=ab54d0aa-45c9-4c80-aad1-fb02da82d4c1, command=[]} | ret=SUCCESS |  
2019-08-20 14:17:04,419 | INFO  | SCMAudit | user=jenkins1000 | ip=192.168.157.218 | op=SEND_HEARTBEAT {datanodeUUID=f81e0742-261c-4f1d-a9d7-43862556ad20, command=[]} | ret=SUCCESS |  
2019-08-20 14:17:04,428 [Thread-813] INFO  impl.FollowerState (FollowerState.java:run(106)) - 8e57c45d-c95e-4a54-a459-391d2c10b1fa:group-0E8AA4FA5782 changes to CANDIDATE, lastRpcTime:5116, electionTimeout:5116ms
2019-08-20 14:17:04,428 [Thread-813] INFO  impl.RoleInfo (RoleInfo.java:shutdownFollowerState(121)) - 8e57c45d-c95e-4a54-a459-391d2c10b1fa: shutdown FollowerState
2019-08-20 14:17:04,428 [Thread-813] INFO  impl.RaftServerImpl (RaftServerImpl.java:setRole(171)) - 8e57c45d-c95e-4a54-a459-391d2c10b1fa:group-0E8AA4FA5782 changes role from FOLLOWER to CANDIDATE at term 0 for changeToCandidate
2019-08-20 14:17:04,428 [Thread-813] INFO  impl.RoleInfo (RoleInfo.java:updateAndGet(143)) - 8e57c45d-c95e-4a54-a459-391d2c10b1fa: start LeaderElection
2019-08-20 14:17:04,577 | INFO  | SCMAudit | user=jenkins1000 | ip=192.168.157.218 | op=SEND_HEARTBEAT {datanodeUUID=fa3f5044-84f5-4c3c-a0e4-383ceb43ef86, command=[]} | ret=SUCCESS |  
2019-08-20 14:17:04,578 [Thread-816] INFO  impl.FollowerState (FollowerState.java:run(106)) - ab54d0aa-45c9-4c80-aad1-fb02da82d4c1:group-E2391E920E2F changes to CANDIDATE, lastRpcTime:5149, electionTimeout:5149ms
2019-08-20 14:17:04,578 [Thread-816] INFO  impl.RoleInfo (RoleInfo.java:shutdownFollowerState(121)) - ab54d0aa-45c9-4c80-aad1-fb02da82d4c1: shutdown FollowerState
2019-08-20 14:17:04,578 [Thread-816] INFO  impl.RaftServerImpl (RaftServerImpl.java:setRole(171)) - ab54d0aa-45c9-4c80-aad1-fb02da82d4c1:group-E2391E920E2F changes role from FOLLOWER to CANDIDATE at term 0 for changeToCandidate
2019-08-20 14:17:04,578 [Thread-816] INFO  impl.RoleInfo (RoleInfo.java:updateAndGet(143)) - ab54d0aa-45c9-4c80-aad1-fb02da82d4c1: start LeaderElection
2019-08-20 14:17:04,616 | INFO  | SCMAudit | user=jenkins1000 | ip=192.168.157.218 | op=SEND_HEARTBEAT {datanodeUUID=7daf3e09-cf23-4648-b9a4-99837f6061ba, command=[]} | ret=SUCCESS |  
2019-08-20 14:17:04,742 [Thread-819] INFO  impl.FollowerState (FollowerState.java:run(106)) - fa3f5044-84f5-4c3c-a0e4-383ceb43ef86:group-8DC04238F7A5 changes to CANDIDATE, lastRpcTime:5092, electionTimeout:5092ms
2019-08-20 14:17:04,742 [Thread-819] INFO  impl.RoleInfo (RoleInfo.java:shutdownFollowerState(121)) - fa3f5044-84f5-4c3c-a0e4-383ceb43ef86: shutdown FollowerState
2019-08-20 14:17:04,742 [Thread-819] INFO  impl.RaftServerImpl (RaftServerImpl.java:setRole(171)) - fa3f5044-84f5-4c3c-a0e4-383ceb43ef86:group-8DC04238F7A5 changes role from FOLLOWER to CANDIDATE at term 0 for changeToCandidate
2019-08-20 14:17:04,742 [Thread-819] INFO  impl.RoleInfo (RoleInfo.java:updateAndGet(143)) - fa3f5044-84f5-4c3c-a0e4-383ceb43ef86: start LeaderElection
2019-08-20 14:17:04,749 [Thread-826] INFO  impl.FollowerState (FollowerState.java:run(106)) - 8e57c45d-c95e-4a54-a459-391d2c10b1fa:group-DE271B0870CE changes to CANDIDATE, lastRpcTime:5033, electionTimeout:5031ms
2019-08-20 14:17:04,749 [Thread-826] INFO  impl.RoleInfo (RoleInfo.java:shutdownFollowerState(121)) - 8e57c45d-c95e-4a54-a459-391d2c10b1fa: shutdown FollowerState
2019-08-20 14:17:04,749 [Thread-826] INFO  impl.RaftServerImpl (RaftServerImpl.java:setRole(171)) - 8e57c45d-c95e-4a54-a459-391d2c10b1fa:group-DE271B0870CE changes role from FOLLOWER to CANDIDATE at term 0 for changeToCandidate
2019-08-20 14:17:04,749 [Thread-826] INFO  impl.RoleInfo (RoleInfo.java:updateAndGet(143)) - 8e57c45d-c95e-4a54-a459-391d2c10b1fa: start LeaderElection
2019-08-20 14:17:04,763 [Thread-827] INFO  impl.FollowerState (FollowerState.java:run(106)) - fa3f5044-84f5-4c3c-a0e4-383ceb43ef86:group-DE271B0870CE changes to CANDIDATE, lastRpcTime:5048, electionTimeout:5048ms
2019-08-20 14:17:04,764 [Thread-827] INFO  impl.RoleInfo (RoleInfo.java:shutdownFollowerState(121)) - fa3f5044-84f5-4c3c-a0e4-383ceb43ef86: shutdown FollowerState
2019-08-20 14:17:04,764 [Thread-827] INFO  impl.RaftServerImpl (RaftServerImpl.java:setRole(171)) - fa3f5044-84f5-4c3c-a0e4-383ceb43ef86:group-DE271B0870CE changes role from FOLLOWER to CANDIDATE at term 0 for changeToCandidate
2019-08-20 14:17:04,764 [Thread-827] INFO  impl.RoleInfo (RoleInfo.java:updateAndGet(143)) - fa3f5044-84f5-4c3c-a0e4-383ceb43ef86: start LeaderElection
2019-08-20 14:17:04,764 | INFO  | SCMAudit | user=jenkins1000 | ip=192.168.157.218 | op=SEND_HEARTBEAT {datanodeUUID=104c0d76-7897-4d13-8f7d-7917ac27112c, command=[]} | ret=SUCCESS |  
2019-08-20 14:17:04,809 | INFO  | SCMAudit | user=jenkins1000 | ip=192.168.157.218 | op=SEND_HEARTBEAT {datanodeUUID=81acbee6-4241-4f67-881f-cd5af487d526, command=[]} | ret=SUCCESS |  
2019-08-20 14:17:04,892 [Thread-833] INFO  impl.FollowerState (FollowerState.java:run(106)) - 104c0d76-7897-4d13-8f7d-7917ac27112c:group-3126D9422771 changes to CANDIDATE, lastRpcTime:5051, electionTimeout:5047ms
2019-08-20 14:17:04,892 [Thread-833] INFO  impl.RoleInfo (RoleInfo.java:shutdownFollowerState(121)) - 104c0d76-7897-4d13-8f7d-7917ac27112c: shutdown FollowerState
2019-08-20 14:17:04,892 [Thread-833] INFO  impl.RaftServerImpl (RaftServerImpl.java:setRole(171)) - 104c0d76-7897-4d13-8f7d-7917ac27112c:group-3126D9422771 changes role from FOLLOWER to CANDIDATE at term 0 for changeToCandidate
2019-08-20 14:17:04,892 [Thread-833] INFO  impl.RoleInfo (RoleInfo.java:updateAndGet(143)) - 104c0d76-7897-4d13-8f7d-7917ac27112c: start LeaderElection
2019-08-20 14:17:04,900 [Thread-822] INFO  impl.FollowerState (FollowerState.java:run(106)) - ab54d0aa-45c9-4c80-aad1-fb02da82d4c1:group-DE271B0870CE changes to CANDIDATE, lastRpcTime:5186, electionTimeout:5186ms
2019-08-20 14:17:04,900 [Thread-822] INFO  impl.RoleInfo (RoleInfo.java:shutdownFollowerState(121)) - ab54d0aa-45c9-4c80-aad1-fb02da82d4c1: shutdown FollowerState
2019-08-20 14:17:04,900 [Thread-822] INFO  impl.RaftServerImpl (RaftServerImpl.java:setRole(171)) - ab54d0aa-45c9-4c80-aad1-fb02da82d4c1:group-DE271B0870CE changes role from FOLLOWER to CANDIDATE at term 0 for changeToCandidate
2019-08-20 14:17:04,900 [Thread-822] INFO  impl.RoleInfo (RoleInfo.java:updateAndGet(143)) - ab54d0aa-45c9-4c80-aad1-fb02da82d4c1: start LeaderElection
2019-08-20 14:17:04,950 [grpc-default-executor-3] INFO  client.GrpcClientProtocolClient (GrpcClientProtocolClient.java:onNext(255)) - client-D7911010F97B->8e57c45d-c95e-4a54-a459-391d2c10b1fa: receive RaftClientReply:client-D7911010F97B->8e57c45d-c95e-4a54-a459-391d2c10b1fa@group-DE271B0870CE, cid=42, FAILED org.apache.ratis.protocol.NotLeaderException: Server 8e57c45d-c95e-4a54-a459-391d2c10b1fa is not the leader (null). Request must be sent to leader., logIndex=0, commits[8e57c45d-c95e-4a54-a459-391d2c10b1fa:c-1]
2019-08-20 14:17:05,188 | INFO  | SCMAudit | user=jenkins1000 | ip=192.168.157.218 | op=SEND_HEARTBEAT {datanodeUUID=8e57c45d-c95e-4a54-a459-391d2c10b1fa, command=[]} | ret=SUCCESS |  
2019-08-20 14:17:05,379 | INFO  | SCMAudit | user=jenkins1000 | ip=192.168.157.218 | op=SEND_HEARTBEAT {datanodeUUID=ab54d0aa-45c9-4c80-aad1-fb02da82d4c1, command=[]} | ret=SUCCESS |  
2019-08-20 14:17:05,420 | INFO  | SCMAudit | user=jenkins1000 | ip=192.168.157.218 | op=SEND_HEARTBEAT {datanodeUUID=f81e0742-261c-4f1d-a9d7-43862556ad20, command=[]} | ret=SUCCESS |  
2019-08-20 14:17:05,578 | INFO  | SCMAudit | user=jenkins1000 | ip=192.168.157.218 | op=SEND_HEARTBEAT {datanodeUUID=fa3f5044-84f5-4c3c-a0e4-383ceb43ef86, command=[]} | ret=SUCCESS |  
2019-08-20 14:17:05,616 | INFO  | SCMAudit | user=jenkins1000 | ip=192.168.157.218 | op=SEND_HEARTBEAT {datanodeUUID=7daf3e09-cf23-4648-b9a4-99837f6061ba, command=[]} | ret=SUCCESS |  
2019-08-20 14:17:05,763 | INFO  | SCMAudit | user=jenkins1000 | ip=192.168.157.218 | op=SEND_HEARTBEAT {datanodeUUID=104c0d76-7897-4d13-8f7d-7917ac27112c, command=[]} | ret=SUCCESS |  
2019-08-20 14:17:05,808 | INFO  | SCMAudit | user=jenkins1000 | ip=192.168.157.218 | op=SEND_HEARTBEAT {datanodeUUID=81acbee6-4241-4f67-881f-cd5af487d526, command=[]} | ret=SUCCESS |  
2019-08-20 14:17:05,971 [grpc-default-executor-0] INFO  client.GrpcClientProtocolClient (GrpcClientProtocolClient.java:onNext(255)) - client-D7911010F97B->ab54d0aa-45c9-4c80-aad1-fb02da82d4c1: receive RaftClientReply:client-D7911010F97B->ab54d0aa-45c9-4c80-aad1-fb02da82d4c1@group-DE271B0870CE, cid=42, FAILED org.apache.ratis.protocol.NotLeaderException: Server ab54d0aa-45c9-4c80-aad1-fb02da82d4c1 is not the leader (null). Request must be sent to leader., logIndex=0, commits[ab54d0aa-45c9-4c80-aad1-fb02da82d4c1:c-1]
2019-08-20 14:17:06,189 | INFO  | SCMAudit | user=jenkins1000 | ip=192.168.157.218 | op=SEND_HEARTBEAT {datanodeUUID=8e57c45d-c95e-4a54-a459-391d2c10b1fa, command=[]} | ret=SUCCESS |  
2019-08-20 14:17:06,378 | INFO  | SCMAudit | user=jenkins1000 | ip=192.168.157.218 | op=SEND_HEARTBEAT {datanodeUUID=ab54d0aa-45c9-4c80-aad1-fb02da82d4c1, command=[]} | ret=SUCCESS |  
2019-08-20 14:17:06,421 | INFO  | SCMAudit | user=jenkins1000 | ip=192.168.157.218 | op=SEND_HEARTBEAT {datanodeUUID=f81e0742-261c-4f1d-a9d7-43862556ad20, command=[]} | ret=SUCCESS |  
2019-08-20 14:17:06,577 | INFO  | SCMAudit | user=jenkins1000 | ip=192.168.157.218 | op=SEND_HEARTBEAT {datanodeUUID=fa3f5044-84f5-4c3c-a0e4-383ceb43ef86, command=[]} | ret=SUCCESS |  
2019-08-20 14:17:06,616 | INFO  | SCMAudit | user=jenkins1000 | ip=192.168.157.218 | op=SEND_HEARTBEAT {datanodeUUID=7daf3e09-cf23-4648-b9a4-99837f6061ba, command=[]} | ret=SUCCESS |  
2019-08-20 14:17:06,763 | INFO  | SCMAudit | user=jenkins1000 | ip=192.168.157.218 | op=SEND_HEARTBEAT {datanodeUUID=104c0d76-7897-4d13-8f7d-7917ac27112c, command=[]} | ret=SUCCESS |  
2019-08-20 14:17:06,809 | INFO  | SCMAudit | user=jenkins1000 | ip=192.168.157.218 | op=SEND_HEARTBEAT {datanodeUUID=81acbee6-4241-4f67-881f-cd5af487d526, command=[]} | ret=SUCCESS |  
2019-08-20 14:17:06,987 [grpc-default-executor-3] INFO  client.GrpcClientProtocolClient (GrpcClientProtocolClient.java:onNext(255)) - client-D7911010F97B->fa3f5044-84f5-4c3c-a0e4-383ceb43ef86: receive RaftClientReply:client-D7911010F97B->fa3f5044-84f5-4c3c-a0e4-383ceb43ef86@group-DE271B0870CE, cid=42, FAILED org.apache.ratis.protocol.NotLeaderException: Server fa3f5044-84f5-4c3c-a0e4-383ceb43ef86 is not the leader (null). Request must be sent to leader., logIndex=0, commits[fa3f5044-84f5-4c3c-a0e4-383ceb43ef86:c-1]
2019-08-20 14:17:07,081 [f81e0742-261c-4f1d-a9d7-43862556ad20:group-37350B33DEF5:LeaderElection25] INFO  impl.LeaderElection (LeaderElection.java:askForVotes(181)) - f81e0742-261c-4f1d-a9d7-43862556ad20:group-37350B33DEF5:LeaderElection25: begin an election at term 1 for -1: [f81e0742-261c-4f1d-a9d7-43862556ad20:192.168.157.218:33409, 7daf3e09-cf23-4648-b9a4-99837f6061ba:192.168.157.218:45198, 81acbee6-4241-4f67-881f-cd5af487d526:192.168.157.218:35656], old=null
2019-08-20 14:17:07,081 [f81e0742-261c-4f1d-a9d7-43862556ad20:group-A1D51C9A481D:LeaderElection21] INFO  impl.LeaderElection (LeaderElection.java:askForVotes(181)) - f81e0742-261c-4f1d-a9d7-43862556ad20:group-A1D51C9A481D:LeaderElection21: begin an election at term 1 for -1: [f81e0742-261c-4f1d-a9d7-43862556ad20:192.168.157.218:33409], old=null
2019-08-20 14:17:07,081 [7daf3e09-cf23-4648-b9a4-99837f6061ba:group-84499F8FB012:LeaderElection22] INFO  impl.LeaderElection (LeaderElection.java:askForVotes(181)) - 7daf3e09-cf23-4648-b9a4-99837f6061ba:group-84499F8FB012:LeaderElection22: begin an election at term 1 for -1: [7daf3e09-cf23-4648-b9a4-99837f6061ba:192.168.157.218:45198], old=null
2019-08-20 14:17:07,082 [f81e0742-261c-4f1d-a9d7-43862556ad20:group-A1D51C9A481D:LeaderElection21] INFO  impl.RoleInfo (RoleInfo.java:shutdownLeaderElection(134)) - f81e0742-261c-4f1d-a9d7-43862556ad20: shutdown LeaderElection
2019-08-20 14:17:07,081 [81acbee6-4241-4f67-881f-cd5af487d526:group-BDAB68432FB5:LeaderElection23] INFO  impl.LeaderElection (LeaderElection.java:askForVotes(181)) - 81acbee6-4241-4f67-881f-cd5af487d526:group-BDAB68432FB5:LeaderElection23: begin an election at term 1 for -1: [81acbee6-4241-4f67-881f-cd5af487d526:192.168.157.218:35656], old=null
2019-08-20 14:17:07,081 [81acbee6-4241-4f67-881f-cd5af487d526:group-37350B33DEF5:LeaderElection24] INFO  impl.LeaderElection (LeaderElection.java:askForVotes(181)) - 81acbee6-4241-4f67-881f-cd5af487d526:group-37350B33DEF5:LeaderElection24: begin an election at term 1 for -1: [f81e0742-261c-4f1d-a9d7-43862556ad20:192.168.157.218:33409, 7daf3e09-cf23-4648-b9a4-99837f6061ba:192.168.157.218:45198, 81acbee6-4241-4f67-881f-cd5af487d526:192.168.157.218:35656], old=null
2019-08-20 14:17:07,082 [81acbee6-4241-4f67-881f-cd5af487d526:group-BDAB68432FB5:LeaderElection23] INFO  impl.RoleInfo (RoleInfo.java:shutdownLeaderElection(134)) - 81acbee6-4241-4f67-881f-cd5af487d526: shutdown LeaderElection
2019-08-20 14:17:07,082 [7daf3e09-cf23-4648-b9a4-99837f6061ba:group-37350B33DEF5:LeaderElection26] INFO  impl.LeaderElection (LeaderElection.java:askForVotes(181)) - 7daf3e09-cf23-4648-b9a4-99837f6061ba:group-37350B33DEF5:LeaderElection26: begin an election at term 1 for -1: [f81e0742-261c-4f1d-a9d7-43862556ad20:192.168.157.218:33409, 7daf3e09-cf23-4648-b9a4-99837f6061ba:192.168.157.218:45198, 81acbee6-4241-4f67-881f-cd5af487d526:192.168.157.218:35656], old=null
2019-08-20 14:17:07,082 [fa3f5044-84f5-4c3c-a0e4-383ceb43ef86:group-8DC04238F7A5:LeaderElection29] INFO  impl.LeaderElection (LeaderElection.java:askForVotes(181)) - fa3f5044-84f5-4c3c-a0e4-383ceb43ef86:group-8DC04238F7A5:LeaderElection29: begin an election at term 1 for -1: [fa3f5044-84f5-4c3c-a0e4-383ceb43ef86:192.168.157.218:42805], old=null
2019-08-20 14:17:07,082 [ab54d0aa-45c9-4c80-aad1-fb02da82d4c1:group-E2391E920E2F:LeaderElection28] INFO  impl.LeaderElection (LeaderElection.java:askForVotes(181)) - ab54d0aa-45c9-4c80-aad1-fb02da82d4c1:group-E2391E920E2F:LeaderElection28: begin an election at term 1 for -1: [ab54d0aa-45c9-4c80-aad1-fb02da82d4c1:192.168.157.218:41845], old=null
2019-08-20 14:17:07,082 [104c0d76-7897-4d13-8f7d-7917ac27112c:group-3126D9422771:LeaderElection32] INFO  impl.LeaderElection (LeaderElection.java:askForVotes(181)) - 104c0d76-7897-4d13-8f7d-7917ac27112c:group-3126D9422771:LeaderElection32: begin an election at term 1 for -1: [104c0d76-7897-4d13-8f7d-7917ac27112c:192.168.157.218:45829], old=null
2019-08-20 14:17:07,082 [8e57c45d-c95e-4a54-a459-391d2c10b1fa:group-0E8AA4FA5782:LeaderElection27] INFO  impl.LeaderElection (LeaderElection.java:askForVotes(181)) - 8e57c45d-c95e-4a54-a459-391d2c10b1fa:group-0E8AA4FA5782:LeaderElection27: begin an election at term 1 for -1: [8e57c45d-c95e-4a54-a459-391d2c10b1fa:192.168.157.218:38181], old=null
2019-08-20 14:17:07,082 [ab54d0aa-45c9-4c80-aad1-fb02da82d4c1:group-DE271B0870CE:LeaderElection33] INFO  impl.LeaderElection (LeaderElection.java:askForVotes(181)) - ab54d0aa-45c9-4c80-aad1-fb02da82d4c1:group-DE271B0870CE:LeaderElection33: begin an election at term 1 for -1: [ab54d0aa-45c9-4c80-aad1-fb02da82d4c1:192.168.157.218:41845, fa3f5044-84f5-4c3c-a0e4-383ceb43ef86:192.168.157.218:42805, 8e57c45d-c95e-4a54-a459-391d2c10b1fa:192.168.157.218:38181], old=null
2019-08-20 14:17:07,082 [8e57c45d-c95e-4a54-a459-391d2c10b1fa:group-DE271B0870CE:LeaderElection30] INFO  impl.LeaderElection (LeaderElection.java:askForVotes(181)) - 8e57c45d-c95e-4a54-a459-391d2c10b1fa:group-DE271B0870CE:LeaderElection30: begin an election at term 1 for -1: [ab54d0aa-45c9-4c80-aad1-fb02da82d4c1:192.168.157.218:41845, fa3f5044-84f5-4c3c-a0e4-383ceb43ef86:192.168.157.218:42805, 8e57c45d-c95e-4a54-a459-391d2c10b1fa:192.168.157.218:38181], old=null
2019-08-20 14:17:07,082 [fa3f5044-84f5-4c3c-a0e4-383ceb43ef86:group-DE271B0870CE:LeaderElection31] INFO  impl.LeaderElection (LeaderElection.java:askForVotes(181)) - fa3f5044-84f5-4c3c-a0e4-383ceb43ef86:group-DE271B0870CE:LeaderElection31: begin an election at term 1 for -1: [ab54d0aa-45c9-4c80-aad1-fb02da82d4c1:192.168.157.218:41845, fa3f5044-84f5-4c3c-a0e4-383ceb43ef86:192.168.157.218:42805, 8e57c45d-c95e-4a54-a459-391d2c10b1fa:192.168.157.218:38181], old=null
2019-08-20 14:17:07,082 [f81e0742-261c-4f1d-a9d7-43862556ad20:group-A1D51C9A481D:LeaderElection21] INFO  impl.RaftServerImpl (RaftServerImpl.java:setRole(171)) - f81e0742-261c-4f1d-a9d7-43862556ad20:group-A1D51C9A481D changes role from CANDIDATE to LEADER at term 1 for changeToLeader
2019-08-20 14:17:07,082 [7daf3e09-cf23-4648-b9a4-99837f6061ba:group-84499F8FB012:LeaderElection22] INFO  impl.RoleInfo (RoleInfo.java:shutdownLeaderElection(134)) - 7daf3e09-cf23-4648-b9a4-99837f6061ba: shutdown LeaderElection
2019-08-20 14:17:07,084 [f81e0742-261c-4f1d-a9d7-43862556ad20:group-A1D51C9A481D:LeaderElection21] INFO  impl.RaftServerImpl (ServerState.java:setLeader(263)) - f81e0742-261c-4f1d-a9d7-43862556ad20:group-A1D51C9A481D change Leader from null to f81e0742-261c-4f1d-a9d7-43862556ad20 at term 1 for becomeLeader, leader elected after 8103ms
2019-08-20 14:17:07,083 [8e57c45d-c95e-4a54-a459-391d2c10b1fa:group-0E8AA4FA5782:LeaderElection27] INFO  impl.RoleInfo (RoleInfo.java:shutdownLeaderElection(134)) - 8e57c45d-c95e-4a54-a459-391d2c10b1fa: shutdown LeaderElection
2019-08-20 14:17:07,083 [104c0d76-7897-4d13-8f7d-7917ac27112c:group-3126D9422771:LeaderElection32] INFO  impl.RoleInfo (RoleInfo.java:shutdownLeaderElection(134)) - 104c0d76-7897-4d13-8f7d-7917ac27112c: shutdown LeaderElection
2019-08-20 14:17:07,083 [ab54d0aa-45c9-4c80-aad1-fb02da82d4c1:group-E2391E920E2F:LeaderElection28] INFO  impl.RoleInfo (RoleInfo.java:shutdownLeaderElection(134)) - ab54d0aa-45c9-4c80-aad1-fb02da82d4c1: shutdown LeaderElection
2019-08-20 14:17:07,083 [fa3f5044-84f5-4c3c-a0e4-383ceb43ef86:group-8DC04238F7A5:LeaderElection29] INFO  impl.RoleInfo (RoleInfo.java:shutdownLeaderElection(134)) - fa3f5044-84f5-4c3c-a0e4-383ceb43ef86: shutdown LeaderElection
2019-08-20 14:17:07,082 [81acbee6-4241-4f67-881f-cd5af487d526:group-BDAB68432FB5:LeaderElection23] INFO  impl.RaftServerImpl (RaftServerImpl.java:setRole(171)) - 81acbee6-4241-4f67-881f-cd5af487d526:group-BDAB68432FB5 changes role from CANDIDATE to LEADER at term 1 for changeToLeader
2019-08-20 14:17:07,089 [fa3f5044-84f5-4c3c-a0e4-383ceb43ef86:group-8DC04238F7A5:LeaderElection29] INFO  impl.RaftServerImpl (RaftServerImpl.java:setRole(171)) - fa3f5044-84f5-4c3c-a0e4-383ceb43ef86:group-8DC04238F7A5 changes role from CANDIDATE to LEADER at term 1 for changeToLeader
2019-08-20 14:17:07,089 [f81e0742-261c-4f1d-a9d7-43862556ad20:group-A1D51C9A481D:LeaderElection21] INFO  server.RaftServerConfigKeys (ConfUtils.java:logGet(43)) - raft.server.staging.catchup.gap = 1000 (default)
2019-08-20 14:17:07,085 [ab54d0aa-45c9-4c80-aad1-fb02da82d4c1:group-E2391E920E2F:LeaderElection28] INFO  impl.RaftServerImpl (RaftServerImpl.java:setRole(171)) - ab54d0aa-45c9-4c80-aad1-fb02da82d4c1:group-E2391E920E2F changes role from CANDIDATE to LEADER at term 1 for changeToLeader
2019-08-20 14:17:07,084 [104c0d76-7897-4d13-8f7d-7917ac27112c:group-3126D9422771:LeaderElection32] INFO  impl.RaftServerImpl (RaftServerImpl.java:setRole(171)) - 104c0d76-7897-4d13-8f7d-7917ac27112c:group-3126D9422771 changes role from CANDIDATE to LEADER at term 1 for changeToLeader
2019-08-20 14:17:07,084 [8e57c45d-c95e-4a54-a459-391d2c10b1fa:group-0E8AA4FA5782:LeaderElection27] INFO  impl.RaftServerImpl (RaftServerImpl.java:setRole(171)) - 8e57c45d-c95e-4a54-a459-391d2c10b1fa:group-0E8AA4FA5782 changes role from CANDIDATE to LEADER at term 1 for changeToLeader
2019-08-20 14:17:07,084 [7daf3e09-cf23-4648-b9a4-99837f6061ba:group-84499F8FB012:LeaderElection22] INFO  impl.RaftServerImpl (RaftServerImpl.java:setRole(171)) - 7daf3e09-cf23-4648-b9a4-99837f6061ba:group-84499F8FB012 changes role from CANDIDATE to LEADER at term 1 for changeToLeader
2019-08-20 14:17:07,093 [8e57c45d-c95e-4a54-a459-391d2c10b1fa:group-0E8AA4FA5782:LeaderElection27] INFO  impl.RaftServerImpl (ServerState.java:setLeader(263)) - 8e57c45d-c95e-4a54-a459-391d2c10b1fa:group-0E8AA4FA5782 change Leader from null to 8e57c45d-c95e-4a54-a459-391d2c10b1fa at term 1 for becomeLeader, leader elected after 7786ms
2019-08-20 14:17:07,093 [104c0d76-7897-4d13-8f7d-7917ac27112c:group-3126D9422771:LeaderElection32] INFO  impl.RaftServerImpl (ServerState.java:setLeader(263)) - 104c0d76-7897-4d13-8f7d-7917ac27112c:group-3126D9422771 change Leader from null to 104c0d76-7897-4d13-8f7d-7917ac27112c at term 1 for becomeLeader, leader elected after 7255ms
2019-08-20 14:17:07,093 [ab54d0aa-45c9-4c80-aad1-fb02da82d4c1:group-E2391E920E2F:LeaderElection28] INFO  impl.RaftServerImpl (ServerState.java:setLeader(263)) - ab54d0aa-45c9-4c80-aad1-fb02da82d4c1:group-E2391E920E2F change Leader from null to ab54d0aa-45c9-4c80-aad1-fb02da82d4c1 at term 1 for becomeLeader, leader elected after 7665ms
2019-08-20 14:17:07,090 [f81e0742-261c-4f1d-a9d7-43862556ad20:group-A1D51C9A481D:LeaderElection21] INFO  server.RaftServerConfigKeys (ConfUtils.java:logGet(43)) - raft.server.rpc.sleep.time = 25ms (default)
2019-08-20 14:17:07,090 [fa3f5044-84f5-4c3c-a0e4-383ceb43ef86:group-8DC04238F7A5:LeaderElection29] INFO  impl.RaftServerImpl (ServerState.java:setLeader(263)) - fa3f5044-84f5-4c3c-a0e4-383ceb43ef86:group-8DC04238F7A5 change Leader from null to fa3f5044-84f5-4c3c-a0e4-383ceb43ef86 at term 1 for becomeLeader, leader elected after 7445ms
2019-08-20 14:17:07,089 [81acbee6-4241-4f67-881f-cd5af487d526:group-BDAB68432FB5:LeaderElection23] INFO  impl.RaftServerImpl (ServerState.java:setLeader(263)) - 81acbee6-4241-4f67-881f-cd5af487d526:group-BDAB68432FB5 change Leader from null to 81acbee6-4241-4f67-881f-cd5af487d526 at term 1 for becomeLeader, leader elected after 8006ms
2019-08-20 14:17:07,102 [fa3f5044-84f5-4c3c-a0e4-383ceb43ef86:group-8DC04238F7A5:LeaderElection29] INFO  server.RaftServerConfigKeys (ConfUtils.java:logGet(43)) - raft.server.staging.catchup.gap = 1000 (default)
2019-08-20 14:17:07,100 [f81e0742-261c-4f1d-a9d7-43862556ad20:group-A1D51C9A481D:LeaderElection21] INFO  server.RaftServerConfigKeys (ConfUtils.java:logGet(43)) - raft.server.write.element-limit = 4096 (default)
2019-08-20 14:17:07,099 [ab54d0aa-45c9-4c80-aad1-fb02da82d4c1:group-E2391E920E2F:LeaderElection28] INFO  server.RaftServerConfigKeys (ConfUtils.java:logGet(43)) - raft.server.staging.catchup.gap = 1000 (default)
2019-08-20 14:17:07,098 [104c0d76-7897-4d13-8f7d-7917ac27112c:group-3126D9422771:LeaderElection32] INFO  server.RaftServerConfigKeys (ConfUtils.java:logGet(43)) - raft.server.staging.catchup.gap = 1000 (default)
2019-08-20 14:17:07,095 [8e57c45d-c95e-4a54-a459-391d2c10b1fa:group-0E8AA4FA5782:LeaderElection27] INFO  server.RaftServerConfigKeys (ConfUtils.java:logGet(43)) - raft.server.staging.catchup.gap = 1000 (default)
2019-08-20 14:17:07,093 [7daf3e09-cf23-4648-b9a4-99837f6061ba:group-84499F8FB012:LeaderElection22] INFO  impl.RaftServerImpl (ServerState.java:setLeader(263)) - 7daf3e09-cf23-4648-b9a4-99837f6061ba:group-84499F8FB012 change Leader from null to 7daf3e09-cf23-4648-b9a4-99837f6061ba at term 1 for becomeLeader, leader elected after 8041ms
2019-08-20 14:17:07,115 [8e57c45d-c95e-4a54-a459-391d2c10b1fa:group-0E8AA4FA5782:LeaderElection27] INFO  server.RaftServerConfigKeys (ConfUtils.java:logGet(43)) - raft.server.rpc.sleep.time = 25ms (default)
2019-08-20 14:17:07,115 [104c0d76-7897-4d13-8f7d-7917ac27112c:group-3126D9422771:LeaderElection32] INFO  server.RaftServerConfigKeys (ConfUtils.java:logGet(43)) - raft.server.rpc.sleep.time = 25ms (default)
2019-08-20 14:17:07,114 [ab54d0aa-45c9-4c80-aad1-fb02da82d4c1:group-E2391E920E2F:LeaderElection28] INFO  server.RaftServerConfigKeys (ConfUtils.java:logGet(43)) - raft.server.rpc.sleep.time = 25ms (default)
2019-08-20 14:17:07,114 [f81e0742-261c-4f1d-a9d7-43862556ad20:group-A1D51C9A481D:LeaderElection21] INFO  server.RaftServerConfigKeys (ConfUtils.java:logGet(43)) - raft.server.watch.timeout = 10s (default)
2019-08-20 14:17:07,114 [fa3f5044-84f5-4c3c-a0e4-383ceb43ef86:group-8DC04238F7A5:LeaderElection29] INFO  server.RaftServerConfigKeys (ConfUtils.java:logGet(43)) - raft.server.rpc.sleep.time = 25ms (default)
2019-08-20 14:17:07,114 [81acbee6-4241-4f67-881f-cd5af487d526:group-BDAB68432FB5:LeaderElection23] INFO  server.RaftServerConfigKeys (ConfUtils.java:logGet(43)) - raft.server.staging.catchup.gap = 1000 (default)
2019-08-20 14:17:07,116 [fa3f5044-84f5-4c3c-a0e4-383ceb43ef86:group-8DC04238F7A5:LeaderElection29] INFO  server.RaftServerConfigKeys (ConfUtils.java:logGet(43)) - raft.server.write.element-limit = 4096 (default)
2019-08-20 14:17:07,115 [f81e0742-261c-4f1d-a9d7-43862556ad20:group-A1D51C9A481D:LeaderElection21] INFO  server.RaftServerConfigKeys (ConfUtils.java:logGet(43)) - raft.server.watch.timeout.denomination = 1s (default)
2019-08-20 14:17:07,115 [ab54d0aa-45c9-4c80-aad1-fb02da82d4c1:group-E2391E920E2F:LeaderElection28] INFO  server.RaftServerConfigKeys (ConfUtils.java:logGet(43)) - raft.server.write.element-limit = 4096 (default)
2019-08-20 14:17:07,115 [104c0d76-7897-4d13-8f7d-7917ac27112c:group-3126D9422771:LeaderElection32] INFO  server.RaftServerConfigKeys (ConfUtils.java:logGet(43)) - raft.server.write.element-limit = 4096 (default)
2019-08-20 14:17:07,115 [8e57c45d-c95e-4a54-a459-391d2c10b1fa:group-0E8AA4FA5782:LeaderElection27] INFO  server.RaftServerConfigKeys (ConfUtils.java:logGet(43)) - raft.server.write.element-limit = 4096 (default)
2019-08-20 14:17:07,115 [7daf3e09-cf23-4648-b9a4-99837f6061ba:group-84499F8FB012:LeaderElection22] INFO  server.RaftServerConfigKeys (ConfUtils.java:logGet(43)) - raft.server.staging.catchup.gap = 1000 (default)
2019-08-20 14:17:07,117 [8e57c45d-c95e-4a54-a459-391d2c10b1fa:group-0E8AA4FA5782:LeaderElection27] INFO  server.RaftServerConfigKeys (ConfUtils.java:logGet(43)) - raft.server.watch.timeout = 10s (default)
2019-08-20 14:17:07,117 [8e57c45d-c95e-4a54-a459-391d2c10b1fa:group-0E8AA4FA5782:LeaderElection27] INFO  server.RaftServerConfigKeys (ConfUtils.java:logGet(43)) - raft.server.watch.timeout.denomination = 1s (default)
2019-08-20 14:17:07,117 [104c0d76-7897-4d13-8f7d-7917ac27112c:group-3126D9422771:LeaderElection32] INFO  server.RaftServerConfigKeys (ConfUtils.java:logGet(43)) - raft.server.watch.timeout = 10s (default)
2019-08-20 14:17:07,116 [ab54d0aa-45c9-4c80-aad1-fb02da82d4c1:group-E2391E920E2F:LeaderElection28] INFO  server.RaftServerConfigKeys (ConfUtils.java:logGet(43)) - raft.server.watch.timeout = 10s (default)
2019-08-20 14:17:07,116 [f81e0742-261c-4f1d-a9d7-43862556ad20:group-A1D51C9A481D:LeaderElection21] INFO  server.RaftServerConfigKeys (ConfUtils.java:logGet(43)) - raft.server.watch.element-limit = 65536 (default)
2019-08-20 14:17:07,116 [fa3f5044-84f5-4c3c-a0e4-383ceb43ef86:group-8DC04238F7A5:LeaderElection29] INFO  server.RaftServerConfigKeys (ConfUtils.java:logGet(43)) - raft.server.watch.timeout = 10s (default)
2019-08-20 14:17:07,120 [f81e0742-261c-4f1d-a9d7-43862556ad20:group-A1D51C9A481D:LeaderElection21] INFO  impl.RoleInfo (RoleInfo.java:updateAndGet(143)) - f81e0742-261c-4f1d-a9d7-43862556ad20: start LeaderState
2019-08-20 14:17:07,116 [81acbee6-4241-4f67-881f-cd5af487d526:group-BDAB68432FB5:LeaderElection23] INFO  server.RaftServerConfigKeys (ConfUtils.java:logGet(43)) - raft.server.rpc.sleep.time = 25ms (default)
2019-08-20 14:17:07,120 [fa3f5044-84f5-4c3c-a0e4-383ceb43ef86:group-8DC04238F7A5:LeaderElection29] INFO  server.RaftServerConfigKeys (ConfUtils.java:logGet(43)) - raft.server.watch.timeout.denomination = 1s (default)
2019-08-20 14:17:07,120 [ab54d0aa-45c9-4c80-aad1-fb02da82d4c1:group-E2391E920E2F:LeaderElection28] INFO  server.RaftServerConfigKeys (ConfUtils.java:logGet(43)) - raft.server.watch.timeout.denomination = 1s (default)
2019-08-20 14:17:07,117 [104c0d76-7897-4d13-8f7d-7917ac27112c:group-3126D9422771:LeaderElection32] INFO  server.RaftServerConfigKeys (ConfUtils.java:logGet(43)) - raft.server.watch.timeout.denomination = 1s (default)
2019-08-20 14:17:07,117 [8e57c45d-c95e-4a54-a459-391d2c10b1fa:group-0E8AA4FA5782:LeaderElection27] INFO  server.RaftServerConfigKeys (ConfUtils.java:logGet(43)) - raft.server.watch.element-limit = 65536 (default)
2019-08-20 14:17:07,117 [7daf3e09-cf23-4648-b9a4-99837f6061ba:group-84499F8FB012:LeaderElection22] INFO  server.RaftServerConfigKeys (ConfUtils.java:logGet(43)) - raft.server.rpc.sleep.time = 25ms (default)
2019-08-20 14:17:07,121 [104c0d76-7897-4d13-8f7d-7917ac27112c:group-3126D9422771:LeaderElection32] INFO  server.RaftServerConfigKeys (ConfUtils.java:logGet(43)) - raft.server.watch.element-limit = 65536 (default)
2019-08-20 14:17:07,121 [ab54d0aa-45c9-4c80-aad1-fb02da82d4c1:group-E2391E920E2F:LeaderElection28] INFO  server.RaftServerConfigKeys (ConfUtils.java:logGet(43)) - raft.server.watch.element-limit = 65536 (default)
2019-08-20 14:17:07,121 [fa3f5044-84f5-4c3c-a0e4-383ceb43ef86:group-8DC04238F7A5:LeaderElection29] INFO  server.RaftServerConfigKeys (ConfUtils.java:logGet(43)) - raft.server.watch.element-limit = 65536 (default)
2019-08-20 14:17:07,121 [f81e0742-261c-4f1d-a9d7-43862556ad20:group-A1D51C9A481D:LeaderElection21] INFO  segmented.SegmentedRaftLogWorker (SegmentedRaftLogWorker.java:startLogSegment(380)) - f81e0742-261c-4f1d-a9d7-43862556ad20-SegmentedRaftLogWorker:Storage Directory /workdir/hadoop-ozone/integration-test/target/test-dir/MiniOzoneClusterImpl-1e699435-ac44-4e4c-83e9-3412d5c7c720/datanode-0/data/ratis/da1191d8-f398-4929-aa4d-a1d51c9a481d: Starting segment from index:0
2019-08-20 14:17:07,124 [fa3f5044-84f5-4c3c-a0e4-383ceb43ef86:group-8DC04238F7A5:LeaderElection29] INFO  impl.RoleInfo (RoleInfo.java:updateAndGet(143)) - fa3f5044-84f5-4c3c-a0e4-383ceb43ef86: start LeaderState
2019-08-20 14:17:07,121 [81acbee6-4241-4f67-881f-cd5af487d526:group-BDAB68432FB5:LeaderElection23] INFO  server.RaftServerConfigKeys (ConfUtils.java:logGet(43)) - raft.server.write.element-limit = 4096 (default)
2019-08-20 14:17:07,124 [fa3f5044-84f5-4c3c-a0e4-383ceb43ef86:group-8DC04238F7A5:LeaderElection29] INFO  segmented.SegmentedRaftLogWorker (SegmentedRaftLogWorker.java:startLogSegment(380)) - fa3f5044-84f5-4c3c-a0e4-383ceb43ef86-SegmentedRaftLogWorker:Storage Directory /workdir/hadoop-ozone/integration-test/target/test-dir/MiniOzoneClusterImpl-1e699435-ac44-4e4c-83e9-3412d5c7c720/datanode-5/data/ratis/d8068b20-41c2-4787-8fc5-8dc04238f7a5: Starting segment from index:0
2019-08-20 14:17:07,124 [ab54d0aa-45c9-4c80-aad1-fb02da82d4c1:group-E2391E920E2F:LeaderElection28] INFO  impl.RoleInfo (RoleInfo.java:updateAndGet(143)) - ab54d0aa-45c9-4c80-aad1-fb02da82d4c1: start LeaderState
2019-08-20 14:17:07,124 [104c0d76-7897-4d13-8f7d-7917ac27112c:group-3126D9422771:LeaderElection32] INFO  impl.RoleInfo (RoleInfo.java:updateAndGet(143)) - 104c0d76-7897-4d13-8f7d-7917ac27112c: start LeaderState
2019-08-20 14:17:07,128 [ab54d0aa-45c9-4c80-aad1-fb02da82d4c1:group-E2391E920E2F:LeaderElection28] INFO  segmented.SegmentedRaftLogWorker (SegmentedRaftLogWorker.java:startLogSegment(380)) - ab54d0aa-45c9-4c80-aad1-fb02da82d4c1-SegmentedRaftLogWorker:Storage Directory /workdir/hadoop-ozone/integration-test/target/test-dir/MiniOzoneClusterImpl-1e699435-ac44-4e4c-83e9-3412d5c7c720/datanode-4/data/ratis/9a549469-44df-483a-950e-e2391e920e2f: Starting segment from index:0
2019-08-20 14:17:07,124 [7daf3e09-cf23-4648-b9a4-99837f6061ba:group-84499F8FB012:LeaderElection22] INFO  server.RaftServerConfigKeys (ConfUtils.java:logGet(43)) - raft.server.write.element-limit = 4096 (default)
2019-08-20 14:17:07,124 [8e57c45d-c95e-4a54-a459-391d2c10b1fa:group-0E8AA4FA5782:LeaderElection27] INFO  impl.RoleInfo (RoleInfo.java:updateAndGet(143)) - 8e57c45d-c95e-4a54-a459-391d2c10b1fa: start LeaderState
2019-08-20 14:17:07,129 [7daf3e09-cf23-4648-b9a4-99837f6061ba:group-84499F8FB012:LeaderElection22] INFO  server.RaftServerConfigKeys (ConfUtils.java:logGet(43)) - raft.server.watch.timeout = 10s (default)
2019-08-20 14:17:07,129 [fa3f5044-84f5-4c3c-a0e4-383ceb43ef86:group-8DC04238F7A5:LeaderElection29] INFO  impl.RaftServerImpl (ServerState.java:setRaftConf(361)) - fa3f5044-84f5-4c3c-a0e4-383ceb43ef86:group-8DC04238F7A5 set configuration 0: [fa3f5044-84f5-4c3c-a0e4-383ceb43ef86:192.168.157.218:42805], old=null at 0
2019-08-20 14:17:07,129 [104c0d76-7897-4d13-8f7d-7917ac27112c:group-3126D9422771:LeaderElection32] INFO  segmented.SegmentedRaftLogWorker (SegmentedRaftLogWorker.java:startLogSegment(380)) - 104c0d76-7897-4d13-8f7d-7917ac27112c-SegmentedRaftLogWorker:Storage Directory /workdir/hadoop-ozone/integration-test/target/test-dir/MiniOzoneClusterImpl-1e699435-ac44-4e4c-83e9-3412d5c7c720/datanode-6/data/ratis/4a107e31-de9b-419c-80e3-3126d9422771: Starting segment from index:0
2019-08-20 14:17:07,128 [f81e0742-261c-4f1d-a9d7-43862556ad20:group-A1D51C9A481D:LeaderElection21] INFO  impl.RaftServerImpl (ServerState.java:setRaftConf(361)) - f81e0742-261c-4f1d-a9d7-43862556ad20:group-A1D51C9A481D set configuration 0: [f81e0742-261c-4f1d-a9d7-43862556ad20:192.168.157.218:33409], old=null at 0
2019-08-20 14:17:07,125 [81acbee6-4241-4f67-881f-cd5af487d526:group-BDAB68432FB5:LeaderElection23] INFO  server.RaftServerConfigKeys (ConfUtils.java:logGet(43)) - raft.server.watch.timeout = 10s (default)
2019-08-20 14:17:07,129 [ab54d0aa-45c9-4c80-aad1-fb02da82d4c1:group-E2391E920E2F:LeaderElection28] INFO  impl.RaftServerImpl (ServerState.java:setRaftConf(361)) - ab54d0aa-45c9-4c80-aad1-fb02da82d4c1:group-E2391E920E2F set configuration 0: [ab54d0aa-45c9-4c80-aad1-fb02da82d4c1:192.168.157.218:41845], old=null at 0
2019-08-20 14:17:07,129 [7daf3e09-cf23-4648-b9a4-99837f6061ba:group-84499F8FB012:LeaderElection22] INFO  server.RaftServerConfigKeys (ConfUtils.java:logGet(43)) - raft.server.watch.timeout.denomination = 1s (default)
2019-08-20 14:17:07,196 | INFO  | SCMAudit | user=jenkins1000 | ip=192.168.157.218 | op=SEND_HEARTBEAT {datanodeUUID=8e57c45d-c95e-4a54-a459-391d2c10b1fa, command=[]} | ret=SUCCESS |  
2019-08-20 14:17:07,129 [8e57c45d-c95e-4a54-a459-391d2c10b1fa:group-0E8AA4FA5782:LeaderElection27] INFO  segmented.SegmentedRaftLogWorker (SegmentedRaftLogWorker.java:startLogSegment(380)) - 8e57c45d-c95e-4a54-a459-391d2c10b1fa-SegmentedRaftLogWorker:Storage Directory /workdir/hadoop-ozone/integration-test/target/test-dir/MiniOzoneClusterImpl-1e699435-ac44-4e4c-83e9-3412d5c7c720/datanode-3/data/ratis/9383aa33-2b4b-446c-89b4-0e8aa4fa5782: Starting segment from index:0
2019-08-20 14:17:07,196 [7daf3e09-cf23-4648-b9a4-99837f6061ba:group-84499F8FB012:LeaderElection22] INFO  server.RaftServerConfigKeys (ConfUtils.java:logGet(43)) - raft.server.watch.element-limit = 65536 (default)
2019-08-20 14:17:07,196 [81acbee6-4241-4f67-881f-cd5af487d526:group-37350B33DEF5:LeaderElection24] INFO  impl.LeaderElection (LeaderElection.java:logAndReturn(56)) - 81acbee6-4241-4f67-881f-cd5af487d526:group-37350B33DEF5:LeaderElection24: Election REJECTED; received 2 response(s) [81acbee6-4241-4f67-881f-cd5af487d526<-f81e0742-261c-4f1d-a9d7-43862556ad20#0:FAIL-t1, 81acbee6-4241-4f67-881f-cd5af487d526<-7daf3e09-cf23-4648-b9a4-99837f6061ba#0:FAIL-t1] and 0 exception(s); 81acbee6-4241-4f67-881f-cd5af487d526:t1, leader=null, voted=81acbee6-4241-4f67-881f-cd5af487d526, raftlog=81acbee6-4241-4f67-881f-cd5af487d526-SegmentedRaftLog:OPENED:c-1,f-1,i0, conf=-1: [f81e0742-261c-4f1d-a9d7-43862556ad20:192.168.157.218:33409, 7daf3e09-cf23-4648-b9a4-99837f6061ba:192.168.157.218:45198, 81acbee6-4241-4f67-881f-cd5af487d526:192.168.157.218:35656], old=null
2019-08-20 14:17:07,195 [fa3f5044-84f5-4c3c-a0e4-383ceb43ef86-SegmentedRaftLogWorker:Storage Directory /workdir/hadoop-ozone/integration-test/target/test-dir/MiniOzoneClusterImpl-1e699435-ac44-4e4c-83e9-3412d5c7c720/datanode-5/data/ratis/d8068b20-41c2-4787-8fc5-8dc04238f7a5] INFO  segmented.SegmentedRaftLogWorker (SegmentedRaftLogWorker.java:execute(569)) - fa3f5044-84f5-4c3c-a0e4-383ceb43ef86-SegmentedRaftLogWorker:Storage Directory /workdir/hadoop-ozone/integration-test/target/test-dir/MiniOzoneClusterImpl-1e699435-ac44-4e4c-83e9-3412d5c7c720/datanode-5/data/ratis/d8068b20-41c2-4787-8fc5-8dc04238f7a5: created new log segment /workdir/hadoop-ozone/integration-test/target/test-dir/MiniOzoneClusterImpl-1e699435-ac44-4e4c-83e9-3412d5c7c720/datanode-5/data/ratis/d8068b20-41c2-4787-8fc5-8dc04238f7a5/current/log_inprogress_0
2019-08-20 14:17:07,195 [ab54d0aa-45c9-4c80-aad1-fb02da82d4c1-SegmentedRaftLogWorker:Storage Directory /workdir/hadoop-ozone/integration-test/target/test-dir/MiniOzoneClusterImpl-1e699435-ac44-4e4c-83e9-3412d5c7c720/datanode-4/data/ratis/9a549469-44df-483a-950e-e2391e920e2f] INFO  segmented.SegmentedRaftLogWorker (SegmentedRaftLogWorker.java:execute(569)) - ab54d0aa-45c9-4c80-aad1-fb02da82d4c1-SegmentedRaftLogWorker:Storage Directory /workdir/hadoop-ozone/integration-test/target/test-dir/MiniOzoneClusterImpl-1e699435-ac44-4e4c-83e9-3412d5c7c720/datanode-4/data/ratis/9a549469-44df-483a-950e-e2391e920e2f: created new log segment /workdir/hadoop-ozone/integration-test/target/test-dir/MiniOzoneClusterImpl-1e699435-ac44-4e4c-83e9-3412d5c7c720/datanode-4/data/ratis/9a549469-44df-483a-950e-e2391e920e2f/current/log_inprogress_0
2019-08-20 14:17:07,195 [f81e0742-261c-4f1d-a9d7-43862556ad20-SegmentedRaftLogWorker:Storage Directory /workdir/hadoop-ozone/integration-test/target/test-dir/MiniOzoneClusterImpl-1e699435-ac44-4e4c-83e9-3412d5c7c720/datanode-0/data/ratis/da1191d8-f398-4929-aa4d-a1d51c9a481d] INFO  segmented.SegmentedRaftLogWorker (SegmentedRaftLogWorker.java:execute(569)) - f81e0742-261c-4f1d-a9d7-43862556ad20-SegmentedRaftLogWorker:Storage Directory /workdir/hadoop-ozone/integration-test/target/test-dir/MiniOzoneClusterImpl-1e699435-ac44-4e4c-83e9-3412d5c7c720/datanode-0/data/ratis/da1191d8-f398-4929-aa4d-a1d51c9a481d: created new log segment /workdir/hadoop-ozone/integration-test/target/test-dir/MiniOzoneClusterImpl-1e699435-ac44-4e4c-83e9-3412d5c7c720/datanode-0/data/ratis/da1191d8-f398-4929-aa4d-a1d51c9a481d/current/log_inprogress_0
2019-08-20 14:17:07,166 [81acbee6-4241-4f67-881f-cd5af487d526:group-BDAB68432FB5:LeaderElection23] INFO  server.RaftServerConfigKeys (ConfUtils.java:logGet(43)) - raft.server.watch.timeout.denomination = 1s (default)
2019-08-20 14:17:07,197 [7daf3e09-cf23-4648-b9a4-99837f6061ba:group-37350B33DEF5:LeaderElection26] INFO  impl.LeaderElection (LeaderElection.java:logAndReturn(56)) - 7daf3e09-cf23-4648-b9a4-99837f6061ba:group-37350B33DEF5:LeaderElection26: Election REJECTED; received 2 response(s) [7daf3e09-cf23-4648-b9a4-99837f6061ba<-f81e0742-261c-4f1d-a9d7-43862556ad20#0:FAIL-t1, 7daf3e09-cf23-4648-b9a4-99837f6061ba<-81acbee6-4241-4f67-881f-cd5af487d526#0:FAIL-t1] and 0 exception(s); 7daf3e09-cf23-4648-b9a4-99837f6061ba:t1, leader=null, voted=7daf3e09-cf23-4648-b9a4-99837f6061ba, raftlog=7daf3e09-cf23-4648-b9a4-99837f6061ba-SegmentedRaftLog:OPENED:c-1,f-1,i0, conf=-1: [f81e0742-261c-4f1d-a9d7-43862556ad20:192.168.157.218:33409, 7daf3e09-cf23-4648-b9a4-99837f6061ba:192.168.157.218:45198, 81acbee6-4241-4f67-881f-cd5af487d526:192.168.157.218:35656], old=null
2019-08-20 14:17:07,166 [104c0d76-7897-4d13-8f7d-7917ac27112c:group-3126D9422771:LeaderElection32] INFO  impl.RaftServerImpl (ServerState.java:setRaftConf(361)) - 104c0d76-7897-4d13-8f7d-7917ac27112c:group-3126D9422771 set configuration 0: [104c0d76-7897-4d13-8f7d-7917ac27112c:192.168.157.218:45829], old=null at 0
2019-08-20 14:17:07,198 [f81e0742-261c-4f1d-a9d7-43862556ad20:group-37350B33DEF5:LeaderElection25] INFO  impl.LeaderElection (LeaderElection.java:logAndReturn(56)) - f81e0742-261c-4f1d-a9d7-43862556ad20:group-37350B33DEF5:LeaderElection25: Election REJECTED; received 2 response(s) [f81e0742-261c-4f1d-a9d7-43862556ad20<-7daf3e09-cf23-4648-b9a4-99837f6061ba#0:FAIL-t1, f81e0742-261c-4f1d-a9d7-43862556ad20<-81acbee6-4241-4f67-881f-cd5af487d526#0:FAIL-t1] and 0 exception(s); f81e0742-261c-4f1d-a9d7-43862556ad20:t1, leader=null, voted=f81e0742-261c-4f1d-a9d7-43862556ad20, raftlog=f81e0742-261c-4f1d-a9d7-43862556ad20-SegmentedRaftLog:OPENED:c-1,f-1,i0, conf=-1: [f81e0742-261c-4f1d-a9d7-43862556ad20:192.168.157.218:33409, 7daf3e09-cf23-4648-b9a4-99837f6061ba:192.168.157.218:45198, 81acbee6-4241-4f67-881f-cd5af487d526:192.168.157.218:35656], old=null
2019-08-20 14:17:07,198 [7daf3e09-cf23-4648-b9a4-99837f6061ba:group-37350B33DEF5:LeaderElection26] INFO  impl.RaftServerImpl (RaftServerImpl.java:setRole(171)) - 7daf3e09-cf23-4648-b9a4-99837f6061ba:group-37350B33DEF5 changes role from CANDIDATE to FOLLOWER at term 1 for DISCOVERED_A_NEW_TERM
2019-08-20 14:17:07,198 [81acbee6-4241-4f67-881f-cd5af487d526:group-BDAB68432FB5:LeaderElection23] INFO  server.RaftServerConfigKeys (ConfUtils.java:logGet(43)) - raft.server.watch.element-limit = 65536 (default)
2019-08-20 14:17:07,197 [8e57c45d-c95e-4a54-a459-391d2c10b1fa:group-0E8AA4FA5782:LeaderElection27] INFO  impl.RaftServerImpl (ServerState.java:setRaftConf(361)) - 8e57c45d-c95e-4a54-a459-391d2c10b1fa:group-0E8AA4FA5782 set configuration 0: [8e57c45d-c95e-4a54-a459-391d2c10b1fa:192.168.157.218:38181], old=null at 0
2019-08-20 14:17:07,197 [81acbee6-4241-4f67-881f-cd5af487d526:group-37350B33DEF5:LeaderElection24] INFO  impl.RaftServerImpl (RaftServerImpl.java:setRole(171)) - 81acbee6-4241-4f67-881f-cd5af487d526:group-37350B33DEF5 changes role from CANDIDATE to FOLLOWER at term 1 for DISCOVERED_A_NEW_TERM
2019-08-20 14:17:07,197 [7daf3e09-cf23-4648-b9a4-99837f6061ba:group-84499F8FB012:LeaderElection22] INFO  impl.RoleInfo (RoleInfo.java:updateAndGet(143)) - 7daf3e09-cf23-4648-b9a4-99837f6061ba: start LeaderState
2019-08-20 14:17:07,227 [81acbee6-4241-4f67-881f-cd5af487d526:group-37350B33DEF5:LeaderElection24] INFO  impl.RoleInfo (RoleInfo.java:shutdownLeaderElection(134)) - 81acbee6-4241-4f67-881f-cd5af487d526: shutdown LeaderElection
2019-08-20 14:17:07,225 [fa3f5044-84f5-4c3c-a0e4-383ceb43ef86:group-DE271B0870CE:LeaderElection31] INFO  impl.LeaderElection (LeaderElection.java:logAndReturn(56)) - fa3f5044-84f5-4c3c-a0e4-383ceb43ef86:group-DE271B0870CE:LeaderElection31: Election REJECTED; received 2 response(s) [fa3f5044-84f5-4c3c-a0e4-383ceb43ef86<-ab54d0aa-45c9-4c80-aad1-fb02da82d4c1#0:FAIL-t1, fa3f5044-84f5-4c3c-a0e4-383ceb43ef86<-8e57c45d-c95e-4a54-a459-391d2c10b1fa#0:FAIL-t1] and 0 exception(s); fa3f5044-84f5-4c3c-a0e4-383ceb43ef86:t1, leader=null, voted=fa3f5044-84f5-4c3c-a0e4-383ceb43ef86, raftlog=fa3f5044-84f5-4c3c-a0e4-383ceb43ef86-SegmentedRaftLog:OPENED:c-1,f-1,i0, conf=-1: [ab54d0aa-45c9-4c80-aad1-fb02da82d4c1:192.168.157.218:41845, fa3f5044-84f5-4c3c-a0e4-383ceb43ef86:192.168.157.218:42805, 8e57c45d-c95e-4a54-a459-391d2c10b1fa:192.168.157.218:38181], old=null
2019-08-20 14:17:07,225 [81acbee6-4241-4f67-881f-cd5af487d526:group-BDAB68432FB5:LeaderElection23] INFO  impl.RoleInfo (RoleInfo.java:updateAndGet(143)) - 81acbee6-4241-4f67-881f-cd5af487d526: start LeaderState
2019-08-20 14:17:07,227 [fa3f5044-84f5-4c3c-a0e4-383ceb43ef86:group-DE271B0870CE:LeaderElection31] INFO  impl.RaftServerImpl (RaftServerImpl.java:setRole(171)) - fa3f5044-84f5-4c3c-a0e4-383ceb43ef86:group-DE271B0870CE changes role from CANDIDATE to FOLLOWER at term 1 for DISCOVERED_A_NEW_TERM
2019-08-20 14:17:07,225 [7daf3e09-cf23-4648-b9a4-99837f6061ba:group-37350B33DEF5:LeaderElection26] INFO  impl.RoleInfo (RoleInfo.java:shutdownLeaderElection(134)) - 7daf3e09-cf23-4648-b9a4-99837f6061ba: shutdown LeaderElection
2019-08-20 14:17:07,225 [f81e0742-261c-4f1d-a9d7-43862556ad20:group-37350B33DEF5:LeaderElection25] INFO  impl.RaftServerImpl (RaftServerImpl.java:setRole(171)) - f81e0742-261c-4f1d-a9d7-43862556ad20:group-37350B33DEF5 changes role from CANDIDATE to FOLLOWER at term 1 for DISCOVERED_A_NEW_TERM
2019-08-20 14:17:07,224 [104c0d76-7897-4d13-8f7d-7917ac27112c-SegmentedRaftLogWorker:Storage Directory /workdir/hadoop-ozone/integration-test/target/test-dir/MiniOzoneClusterImpl-1e699435-ac44-4e4c-83e9-3412d5c7c720/datanode-6/data/ratis/4a107e31-de9b-419c-80e3-3126d9422771] INFO  segmented.SegmentedRaftLogWorker (SegmentedRaftLogWorker.java:execute(569)) - 104c0d76-7897-4d13-8f7d-7917ac27112c-SegmentedRaftLogWorker:Storage Directory /workdir/hadoop-ozone/integration-test/target/test-dir/MiniOzoneClusterImpl-1e699435-ac44-4e4c-83e9-3412d5c7c720/datanode-6/data/ratis/4a107e31-de9b-419c-80e3-3126d9422771: created new log segment /workdir/hadoop-ozone/integration-test/target/test-dir/MiniOzoneClusterImpl-1e699435-ac44-4e4c-83e9-3412d5c7c720/datanode-6/data/ratis/4a107e31-de9b-419c-80e3-3126d9422771/current/log_inprogress_0
2019-08-20 14:17:07,228 [f81e0742-261c-4f1d-a9d7-43862556ad20:group-37350B33DEF5:LeaderElection25] INFO  impl.RoleInfo (RoleInfo.java:shutdownLeaderElection(134)) - f81e0742-261c-4f1d-a9d7-43862556ad20: shutdown LeaderElection
2019-08-20 14:17:07,228 [7daf3e09-cf23-4648-b9a4-99837f6061ba:group-37350B33DEF5:LeaderElection26] INFO  impl.RoleInfo (RoleInfo.java:updateAndGet(143)) - 7daf3e09-cf23-4648-b9a4-99837f6061ba: start FollowerState
2019-08-20 14:17:07,227 [fa3f5044-84f5-4c3c-a0e4-383ceb43ef86:group-DE271B0870CE:LeaderElection31] INFO  impl.RoleInfo (RoleInfo.java:shutdownLeaderElection(134)) - fa3f5044-84f5-4c3c-a0e4-383ceb43ef86: shutdown LeaderElection
2019-08-20 14:17:07,227 [81acbee6-4241-4f67-881f-cd5af487d526:group-BDAB68432FB5:LeaderElection23] INFO  segmented.SegmentedRaftLogWorker (SegmentedRaftLogWorker.java:startLogSegment(380)) - 81acbee6-4241-4f67-881f-cd5af487d526-SegmentedRaftLogWorker:Storage Directory /workdir/hadoop-ozone/integration-test/target/test-dir/MiniOzoneClusterImpl-1e699435-ac44-4e4c-83e9-3412d5c7c720/datanode-2/data/ratis/624b624a-b658-419f-8562-bdab68432fb5: Starting segment from index:0
2019-08-20 14:17:07,227 [81acbee6-4241-4f67-881f-cd5af487d526:group-37350B33DEF5:LeaderElection24] INFO  impl.RoleInfo (RoleInfo.java:updateAndGet(143)) - 81acbee6-4241-4f67-881f-cd5af487d526: start FollowerState
2019-08-20 14:17:07,227 [7daf3e09-cf23-4648-b9a4-99837f6061ba:group-84499F8FB012:LeaderElection22] INFO  segmented.SegmentedRaftLogWorker (SegmentedRaftLogWorker.java:startLogSegment(380)) - 7daf3e09-cf23-4648-b9a4-99837f6061ba-SegmentedRaftLogWorker:Storage Directory /workdir/hadoop-ozone/integration-test/target/test-dir/MiniOzoneClusterImpl-1e699435-ac44-4e4c-83e9-3412d5c7c720/datanode-1/data/ratis/73eff577-4bcc-4429-af24-84499f8fb012: Starting segment from index:0
2019-08-20 14:17:07,228 [fa3f5044-84f5-4c3c-a0e4-383ceb43ef86:group-DE271B0870CE:LeaderElection31] INFO  impl.RoleInfo (RoleInfo.java:updateAndGet(143)) - fa3f5044-84f5-4c3c-a0e4-383ceb43ef86: start FollowerState
2019-08-20 14:17:07,228 [ab54d0aa-45c9-4c80-aad1-fb02da82d4c1:group-DE271B0870CE:LeaderElection33] INFO  impl.LeaderElection (LeaderElection.java:logAndReturn(56)) - ab54d0aa-45c9-4c80-aad1-fb02da82d4c1:group-DE271B0870CE:LeaderElection33: Election REJECTED; received 2 response(s) [ab54d0aa-45c9-4c80-aad1-fb02da82d4c1<-fa3f5044-84f5-4c3c-a0e4-383ceb43ef86#0:FAIL-t1, ab54d0aa-45c9-4c80-aad1-fb02da82d4c1<-8e57c45d-c95e-4a54-a459-391d2c10b1fa#0:FAIL-t1] and 0 exception(s); ab54d0aa-45c9-4c80-aad1-fb02da82d4c1:t1, leader=null, voted=ab54d0aa-45c9-4c80-aad1-fb02da82d4c1, raftlog=ab54d0aa-45c9-4c80-aad1-fb02da82d4c1-SegmentedRaftLog:OPENED:c-1,f-1,i0, conf=-1: [ab54d0aa-45c9-4c80-aad1-fb02da82d4c1:192.168.157.218:41845, fa3f5044-84f5-4c3c-a0e4-383ceb43ef86:192.168.157.218:42805, 8e57c45d-c95e-4a54-a459-391d2c10b1fa:192.168.157.218:38181], old=null
2019-08-20 14:17:07,228 [f81e0742-261c-4f1d-a9d7-43862556ad20:group-37350B33DEF5:LeaderElection25] INFO  impl.RoleInfo (RoleInfo.java:updateAndGet(143)) - f81e0742-261c-4f1d-a9d7-43862556ad20: start FollowerState
2019-08-20 14:17:07,228 [8e57c45d-c95e-4a54-a459-391d2c10b1fa:group-DE271B0870CE:LeaderElection30] INFO  impl.LeaderElection (LeaderElection.java:logAndReturn(56)) - 8e57c45d-c95e-4a54-a459-391d2c10b1fa:group-DE271B0870CE:LeaderElection30: Election REJECTED; received 2 response(s) [8e57c45d-c95e-4a54-a459-391d2c10b1fa<-ab54d0aa-45c9-4c80-aad1-fb02da82d4c1#0:FAIL-t1, 8e57c45d-c95e-4a54-a459-391d2c10b1fa<-fa3f5044-84f5-4c3c-a0e4-383ceb43ef86#0:FAIL-t1] and 0 exception(s); 8e57c45d-c95e-4a54-a459-391d2c10b1fa:t1, leader=null, voted=8e57c45d-c95e-4a54-a459-391d2c10b1fa, raftlog=8e57c45d-c95e-4a54-a459-391d2c10b1fa-SegmentedRaftLog:OPENED:c-1,f-1,i0, conf=-1: [ab54d0aa-45c9-4c80-aad1-fb02da82d4c1:192.168.157.218:41845, fa3f5044-84f5-4c3c-a0e4-383ceb43ef86:192.168.157.218:42805, 8e57c45d-c95e-4a54-a459-391d2c10b1fa:192.168.157.218:38181], old=null
2019-08-20 14:17:07,228 [81acbee6-4241-4f67-881f-cd5af487d526:group-BDAB68432FB5:LeaderElection23] INFO  impl.RaftServerImpl (ServerState.java:setRaftConf(361)) - 81acbee6-4241-4f67-881f-cd5af487d526:group-BDAB68432FB5 set configuration 0: [81acbee6-4241-4f67-881f-cd5af487d526:192.168.157.218:35656], old=null at 0
2019-08-20 14:17:07,229 [ab54d0aa-45c9-4c80-aad1-fb02da82d4c1:group-DE271B0870CE:LeaderElection33] INFO  impl.RaftServerImpl (RaftServerImpl.java:setRole(171)) - ab54d0aa-45c9-4c80-aad1-fb02da82d4c1:group-DE271B0870CE changes role from CANDIDATE to FOLLOWER at term 1 for DISCOVERED_A_NEW_TERM
2019-08-20 14:17:07,256 [7daf3e09-cf23-4648-b9a4-99837f6061ba:group-84499F8FB012:LeaderElection22] INFO  impl.RaftServerImpl (ServerState.java:setRaftConf(361)) - 7daf3e09-cf23-4648-b9a4-99837f6061ba:group-84499F8FB012 set configuration 0: [7daf3e09-cf23-4648-b9a4-99837f6061ba:192.168.157.218:45198], old=null at 0
2019-08-20 14:17:07,255 [8e57c45d-c95e-4a54-a459-391d2c10b1fa-SegmentedRaftLogWorker:Storage Directory /workdir/hadoop-ozone/integration-test/target/test-dir/MiniOzoneClusterImpl-1e699435-ac44-4e4c-83e9-3412d5c7c720/datanode-3/data/ratis/9383aa33-2b4b-446c-89b4-0e8aa4fa5782] INFO  segmented.SegmentedRaftLogWorker (SegmentedRaftLogWorker.java:execute(569)) - 8e57c45d-c95e-4a54-a459-391d2c10b1fa-SegmentedRaftLogWorker:Storage Directory /workdir/hadoop-ozone/integration-test/target/test-dir/MiniOzoneClusterImpl-1e699435-ac44-4e4c-83e9-3412d5c7c720/datanode-3/data/ratis/9383aa33-2b4b-446c-89b4-0e8aa4fa5782: created new log segment /workdir/hadoop-ozone/integration-test/target/test-dir/MiniOzoneClusterImpl-1e699435-ac44-4e4c-83e9-3412d5c7c720/datanode-3/data/ratis/9383aa33-2b4b-446c-89b4-0e8aa4fa5782/current/log_inprogress_0
2019-08-20 14:17:07,255 [8e57c45d-c95e-4a54-a459-391d2c10b1fa:group-DE271B0870CE:LeaderElection30] INFO  impl.RaftServerImpl (RaftServerImpl.java:setRole(171)) - 8e57c45d-c95e-4a54-a459-391d2c10b1fa:group-DE271B0870CE changes role from CANDIDATE to FOLLOWER at term 1 for DISCOVERED_A_NEW_TERM
2019-08-20 14:17:07,282 [81acbee6-4241-4f67-881f-cd5af487d526-SegmentedRaftLogWorker:Storage Directory /workdir/hadoop-ozone/integration-test/target/test-dir/MiniOzoneClusterImpl-1e699435-ac44-4e4c-83e9-3412d5c7c720/datanode-2/data/ratis/624b624a-b658-419f-8562-bdab68432fb5] INFO  segmented.SegmentedRaftLogWorker (SegmentedRaftLogWorker.java:execute(569)) - 81acbee6-4241-4f67-881f-cd5af487d526-SegmentedRaftLogWorker:Storage Directory /workdir/hadoop-ozone/integration-test/target/test-dir/MiniOzoneClusterImpl-1e699435-ac44-4e4c-83e9-3412d5c7c720/datanode-2/data/ratis/624b624a-b658-419f-8562-bdab68432fb5: created new log segment /workdir/hadoop-ozone/integration-test/target/test-dir/MiniOzoneClusterImpl-1e699435-ac44-4e4c-83e9-3412d5c7c720/datanode-2/data/ratis/624b624a-b658-419f-8562-bdab68432fb5/current/log_inprogress_0
2019-08-20 14:17:07,256 [ab54d0aa-45c9-4c80-aad1-fb02da82d4c1:group-DE271B0870CE:LeaderElection33] INFO  impl.RoleInfo (RoleInfo.java:shutdownLeaderElection(134)) - ab54d0aa-45c9-4c80-aad1-fb02da82d4c1: shutdown LeaderElection
2019-08-20 14:17:07,282 [8e57c45d-c95e-4a54-a459-391d2c10b1fa:group-DE271B0870CE:LeaderElection30] INFO  impl.RoleInfo (RoleInfo.java:shutdownLeaderElection(134)) - 8e57c45d-c95e-4a54-a459-391d2c10b1fa: shutdown LeaderElection
2019-08-20 14:17:07,283 [ab54d0aa-45c9-4c80-aad1-fb02da82d4c1:group-DE271B0870CE:LeaderElection33] INFO  impl.RoleInfo (RoleInfo.java:updateAndGet(143)) - ab54d0aa-45c9-4c80-aad1-fb02da82d4c1: start FollowerState
2019-08-20 14:17:07,283 [8e57c45d-c95e-4a54-a459-391d2c10b1fa:group-DE271B0870CE:LeaderElection30] INFO  impl.RoleInfo (RoleInfo.java:updateAndGet(143)) - 8e57c45d-c95e-4a54-a459-391d2c10b1fa: start FollowerState
2019-08-20 14:17:07,311 [7daf3e09-cf23-4648-b9a4-99837f6061ba-SegmentedRaftLogWorker:Storage Directory /workdir/hadoop-ozone/integration-test/target/test-dir/MiniOzoneClusterImpl-1e699435-ac44-4e4c-83e9-3412d5c7c720/datanode-1/data/ratis/73eff577-4bcc-4429-af24-84499f8fb012] INFO  segmented.SegmentedRaftLogWorker (SegmentedRaftLogWorker.java:execute(569)) - 7daf3e09-cf23-4648-b9a4-99837f6061ba-SegmentedRaftLogWorker:Storage Directory /workdir/hadoop-ozone/integration-test/target/test-dir/MiniOzoneClusterImpl-1e699435-ac44-4e4c-83e9-3412d5c7c720/datanode-1/data/ratis/73eff577-4bcc-4429-af24-84499f8fb012: created new log segment /workdir/hadoop-ozone/integration-test/target/test-dir/MiniOzoneClusterImpl-1e699435-ac44-4e4c-83e9-3412d5c7c720/datanode-1/data/ratis/73eff577-4bcc-4429-af24-84499f8fb012/current/log_inprogress_0
2019-08-20 14:17:07,380 | INFO  | SCMAudit | user=jenkins1000 | ip=192.168.157.218 | op=SEND_HEARTBEAT {datanodeUUID=ab54d0aa-45c9-4c80-aad1-fb02da82d4c1, command=[]} | ret=SUCCESS |  
2019-08-20 14:17:07,420 | INFO  | SCMAudit | user=jenkins1000 | ip=192.168.157.218 | op=SEND_HEARTBEAT {datanodeUUID=f81e0742-261c-4f1d-a9d7-43862556ad20, command=[]} | ret=SUCCESS |  
2019-08-20 14:17:07,576 | INFO  | SCMAudit | user=jenkins1000 | ip=192.168.157.218 | op=SEND_HEARTBEAT {datanodeUUID=fa3f5044-84f5-4c3c-a0e4-383ceb43ef86, command=[]} | ret=SUCCESS |  
2019-08-20 14:17:07,615 | INFO  | SCMAudit | user=jenkins1000 | ip=192.168.157.218 | op=SEND_HEARTBEAT {datanodeUUID=7daf3e09-cf23-4648-b9a4-99837f6061ba, command=[]} | ret=SUCCESS |  
2019-08-20 14:17:07,764 | INFO  | SCMAudit | user=jenkins1000 | ip=192.168.157.218 | op=SEND_HEARTBEAT {datanodeUUID=104c0d76-7897-4d13-8f7d-7917ac27112c, command=[]} | ret=SUCCESS |  
2019-08-20 14:17:07,809 | INFO  | SCMAudit | user=jenkins1000 | ip=192.168.157.218 | op=SEND_HEARTBEAT {datanodeUUID=81acbee6-4241-4f67-881f-cd5af487d526, command=[]} | ret=SUCCESS |  
2019-08-20 14:17:08,003 [grpc-default-executor-1] INFO  client.GrpcClientProtocolClient (GrpcClientProtocolClient.java:onNext(255)) - client-D7911010F97B->8e57c45d-c95e-4a54-a459-391d2c10b1fa: receive RaftClientReply:client-D7911010F97B->8e57c45d-c95e-4a54-a459-391d2c10b1fa@group-DE271B0870CE, cid=42, FAILED org.apache.ratis.protocol.NotLeaderException: Server 8e57c45d-c95e-4a54-a459-391d2c10b1fa is not the leader (null). Request must be sent to leader., logIndex=0, commits[8e57c45d-c95e-4a54-a459-391d2c10b1fa:c-1]
2019-08-20 14:17:08,197 | INFO  | SCMAudit | user=jenkins1000 | ip=192.168.157.218 | op=SEND_HEARTBEAT {datanodeUUID=8e57c45d-c95e-4a54-a459-391d2c10b1fa, command=[]} | ret=SUCCESS |  
2019-08-20 14:17:08,380 | INFO  | SCMAudit | user=jenkins1000 | ip=192.168.157.218 | op=SEND_HEARTBEAT {datanodeUUID=ab54d0aa-45c9-4c80-aad1-fb02da82d4c1, command=[]} | ret=SUCCESS |  
2019-08-20 14:17:08,421 | INFO  | SCMAudit | user=jenkins1000 | ip=192.168.157.218 | op=SEND_HEARTBEAT {datanodeUUID=f81e0742-261c-4f1d-a9d7-43862556ad20, command=[]} | ret=SUCCESS |  
2019-08-20 14:17:08,576 | INFO  | SCMAudit | user=jenkins1000 | ip=192.168.157.218 | op=SEND_HEARTBEAT {datanodeUUID=fa3f5044-84f5-4c3c-a0e4-383ceb43ef86, command=[]} | ret=SUCCESS |  
2019-08-20 14:17:08,615 | INFO  | SCMAudit | user=jenkins1000 | ip=192.168.157.218 | op=SEND_HEARTBEAT {datanodeUUID=7daf3e09-cf23-4648-b9a4-99837f6061ba, command=[]} | ret=SUCCESS |  
2019-08-20 14:17:08,764 | INFO  | SCMAudit | user=jenkins1000 | ip=192.168.157.218 | op=SEND_HEARTBEAT {datanodeUUID=104c0d76-7897-4d13-8f7d-7917ac27112c, command=[]} | ret=SUCCESS |  
2019-08-20 14:17:08,809 | INFO  | SCMAudit | user=jenkins1000 | ip=192.168.157.218 | op=SEND_HEARTBEAT {datanodeUUID=81acbee6-4241-4f67-881f-cd5af487d526, command=[]} | ret=SUCCESS |  
2019-08-20 14:17:09,024 [grpc-default-executor-4] INFO  client.GrpcClientProtocolClient (GrpcClientProtocolClient.java:onNext(255)) - client-D7911010F97B->ab54d0aa-45c9-4c80-aad1-fb02da82d4c1: receive RaftClientReply:client-D7911010F97B->ab54d0aa-45c9-4c80-aad1-fb02da82d4c1@group-DE271B0870CE, cid=42, FAILED org.apache.ratis.protocol.NotLeaderException: Server ab54d0aa-45c9-4c80-aad1-fb02da82d4c1 is not the leader (null). Request must be sent to leader., logIndex=0, commits[ab54d0aa-45c9-4c80-aad1-fb02da82d4c1:c-1]
2019-08-20 14:17:09,197 | INFO  | SCMAudit | user=jenkins1000 | ip=192.168.157.218 | op=SEND_HEARTBEAT {datanodeUUID=8e57c45d-c95e-4a54-a459-391d2c10b1fa, command=[]} | ret=SUCCESS |  
2019-08-20 14:17:09,380 | INFO  | SCMAudit | user=jenkins1000 | ip=192.168.157.218 | op=SEND_HEARTBEAT {datanodeUUID=ab54d0aa-45c9-4c80-aad1-fb02da82d4c1, command=[]} | ret=SUCCESS |  
2019-08-20 14:17:09,420 | INFO  | SCMAudit | user=jenkins1000 | ip=192.168.157.218 | op=SEND_HEARTBEAT {datanodeUUID=f81e0742-261c-4f1d-a9d7-43862556ad20, command=[]} | ret=SUCCESS |  
2019-08-20 14:17:09,577 | INFO  | SCMAudit | user=jenkins1000 | ip=192.168.157.218 | op=SEND_HEARTBEAT {datanodeUUID=fa3f5044-84f5-4c3c-a0e4-383ceb43ef86, command=[]} | ret=SUCCESS |  
2019-08-20 14:17:09,615 | INFO  | SCMAudit | user=jenkins1000 | ip=192.168.157.218 | op=SEND_HEARTBEAT {datanodeUUID=7daf3e09-cf23-4648-b9a4-99837f6061ba, command=[]} | ret=SUCCESS |  
2019-08-20 14:17:09,764 | INFO  | SCMAudit | user=jenkins1000 | ip=192.168.157.218 | op=SEND_HEARTBEAT {datanodeUUID=104c0d76-7897-4d13-8f7d-7917ac27112c, command=[]} | ret=SUCCESS |  
2019-08-20 14:17:09,810 | INFO  | SCMAudit | user=jenkins1000 | ip=192.168.157.218 | op=SEND_HEARTBEAT {datanodeUUID=81acbee6-4241-4f67-881f-cd5af487d526, command=[]} | ret=SUCCESS |  
2019-08-20 14:17:10,043 [grpc-default-executor-1] INFO  client.GrpcClientProtocolClient (GrpcClientProtocolClient.java:onNext(255)) - client-D7911010F97B->fa3f5044-84f5-4c3c-a0e4-383ceb43ef86: receive RaftClientReply:client-D7911010F97B->fa3f5044-84f5-4c3c-a0e4-383ceb43ef86@group-DE271B0870CE, cid=42, FAILED org.apache.ratis.protocol.NotLeaderException: Server fa3f5044-84f5-4c3c-a0e4-383ceb43ef86 is not the leader (null). Request must be sent to leader., logIndex=0, commits[fa3f5044-84f5-4c3c-a0e4-383ceb43ef86:c-1]
2019-08-20 14:17:10,197 | INFO  | SCMAudit | user=jenkins1000 | ip=192.168.157.218 | op=SEND_HEARTBEAT {datanodeUUID=8e57c45d-c95e-4a54-a459-391d2c10b1fa, command=[]} | ret=SUCCESS |  
2019-08-20 14:17:10,381 | INFO  | SCMAudit | user=jenkins1000 | ip=192.168.157.218 | op=SEND_HEARTBEAT {datanodeUUID=ab54d0aa-45c9-4c80-aad1-fb02da82d4c1, command=[]} | ret=SUCCESS |  
2019-08-20 14:17:10,421 | INFO  | SCMAudit | user=jenkins1000 | ip=192.168.157.218 | op=SEND_HEARTBEAT {datanodeUUID=f81e0742-261c-4f1d-a9d7-43862556ad20, command=[]} | ret=SUCCESS |  
2019-08-20 14:17:10,577 | INFO  | SCMAudit | user=jenkins1000 | ip=192.168.157.218 | op=SEND_HEARTBEAT {datanodeUUID=fa3f5044-84f5-4c3c-a0e4-383ceb43ef86, command=[]} | ret=SUCCESS |  
2019-08-20 14:17:10,616 | INFO  | SCMAudit | user=jenkins1000 | ip=192.168.157.218 | op=SEND_HEARTBEAT {datanodeUUID=7daf3e09-cf23-4648-b9a4-99837f6061ba, command=[]} | ret=SUCCESS |  
2019-08-20 14:17:10,765 | INFO  | SCMAudit | user=jenkins1000 | ip=192.168.157.218 | op=SEND_HEARTBEAT {datanodeUUID=104c0d76-7897-4d13-8f7d-7917ac27112c, command=[]} | ret=SUCCESS |  
2019-08-20 14:17:10,809 | INFO  | SCMAudit | user=jenkins1000 | ip=192.168.157.218 | op=SEND_HEARTBEAT {datanodeUUID=81acbee6-4241-4f67-881f-cd5af487d526, command=[]} | ret=SUCCESS |  
2019-08-20 14:17:11,061 [grpc-default-executor-4] INFO  client.GrpcClientProtocolClient (GrpcClientProtocolClient.java:onNext(255)) - client-D7911010F97B->8e57c45d-c95e-4a54-a459-391d2c10b1fa: receive RaftClientReply:client-D7911010F97B->8e57c45d-c95e-4a54-a459-391d2c10b1fa@group-DE271B0870CE, cid=42, FAILED org.apache.ratis.protocol.NotLeaderException: Server 8e57c45d-c95e-4a54-a459-391d2c10b1fa is not the leader (null). Request must be sent to leader., logIndex=0, commits[8e57c45d-c95e-4a54-a459-391d2c10b1fa:c-1]
2019-08-20 14:17:11,197 | INFO  | SCMAudit | user=jenkins1000 | ip=192.168.157.218 | op=SEND_HEARTBEAT {datanodeUUID=8e57c45d-c95e-4a54-a459-391d2c10b1fa, command=[]} | ret=SUCCESS |  
2019-08-20 14:17:11,382 | INFO  | SCMAudit | user=jenkins1000 | ip=192.168.157.218 | op=SEND_HEARTBEAT {datanodeUUID=ab54d0aa-45c9-4c80-aad1-fb02da82d4c1, command=[]} | ret=SUCCESS |  
2019-08-20 14:17:11,420 | INFO  | SCMAudit | user=jenkins1000 | ip=192.168.157.218 | op=SEND_HEARTBEAT {datanodeUUID=f81e0742-261c-4f1d-a9d7-43862556ad20, command=[]} | ret=SUCCESS |  
2019-08-20 14:17:11,576 | INFO  | SCMAudit | user=jenkins1000 | ip=192.168.157.218 | op=SEND_HEARTBEAT {datanodeUUID=fa3f5044-84f5-4c3c-a0e4-383ceb43ef86, command=[]} | ret=SUCCESS |  
2019-08-20 14:17:11,615 | INFO  | SCMAudit | user=jenkins1000 | ip=192.168.157.218 | op=SEND_HEARTBEAT {datanodeUUID=7daf3e09-cf23-4648-b9a4-99837f6061ba, command=[]} | ret=SUCCESS |  
2019-08-20 14:17:11,764 | INFO  | SCMAudit | user=jenkins1000 | ip=192.168.157.218 | op=SEND_HEARTBEAT {datanodeUUID=104c0d76-7897-4d13-8f7d-7917ac27112c, command=[]} | ret=SUCCESS |  
2019-08-20 14:17:11,809 | INFO  | SCMAudit | user=jenkins1000 | ip=192.168.157.218 | op=SEND_HEARTBEAT {datanodeUUID=81acbee6-4241-4f67-881f-cd5af487d526, command=[]} | ret=SUCCESS |  
2019-08-20 14:17:12,079 [grpc-default-executor-1] INFO  client.GrpcClientProtocolClient (GrpcClientProtocolClient.java:onNext(255)) - client-D7911010F97B->fa3f5044-84f5-4c3c-a0e4-383ceb43ef86: receive RaftClientReply:client-D7911010F97B->fa3f5044-84f5-4c3c-a0e4-383ceb43ef86@group-DE271B0870CE, cid=42, FAILED org.apache.ratis.protocol.NotLeaderException: Server fa3f5044-84f5-4c3c-a0e4-383ceb43ef86 is not the leader (null). Request must be sent to leader., logIndex=0, commits[fa3f5044-84f5-4c3c-a0e4-383ceb43ef86:c-1]
2019-08-20 14:17:12,196 | INFO  | SCMAudit | user=jenkins1000 | ip=192.168.157.218 | op=SEND_HEARTBEAT {datanodeUUID=8e57c45d-c95e-4a54-a459-391d2c10b1fa, command=[]} | ret=SUCCESS |  
2019-08-20 14:17:12,235 [Thread-893] INFO  impl.FollowerState (FollowerState.java:run(106)) - 7daf3e09-cf23-4648-b9a4-99837f6061ba:group-37350B33DEF5 changes to CANDIDATE, lastRpcTime:5007, electionTimeout:5007ms
2019-08-20 14:17:12,236 [Thread-893] INFO  impl.RoleInfo (RoleInfo.java:shutdownFollowerState(121)) - 7daf3e09-cf23-4648-b9a4-99837f6061ba: shutdown FollowerState
2019-08-20 14:17:12,236 [Thread-893] INFO  impl.RaftServerImpl (RaftServerImpl.java:setRole(171)) - 7daf3e09-cf23-4648-b9a4-99837f6061ba:group-37350B33DEF5 changes role from FOLLOWER to CANDIDATE at term 1 for changeToCandidate
2019-08-20 14:17:12,236 [Thread-893] INFO  impl.RoleInfo (RoleInfo.java:updateAndGet(143)) - 7daf3e09-cf23-4648-b9a4-99837f6061ba: start LeaderElection
2019-08-20 14:17:12,263 [7daf3e09-cf23-4648-b9a4-99837f6061ba:group-37350B33DEF5:LeaderElection34] INFO  impl.LeaderElection (LeaderElection.java:askForVotes(181)) - 7daf3e09-cf23-4648-b9a4-99837f6061ba:group-37350B33DEF5:LeaderElection34: begin an election at term 2 for -1: [f81e0742-261c-4f1d-a9d7-43862556ad20:192.168.157.218:33409, 7daf3e09-cf23-4648-b9a4-99837f6061ba:192.168.157.218:45198, 81acbee6-4241-4f67-881f-cd5af487d526:192.168.157.218:35656], old=null
2019-08-20 14:17:12,268 [grpc-default-executor-1] INFO  impl.RaftServerImpl (RaftServerImpl.java:setRole(171)) - 81acbee6-4241-4f67-881f-cd5af487d526:group-37350B33DEF5 changes role from FOLLOWER to FOLLOWER at term 2 for recognizeCandidate:7daf3e09-cf23-4648-b9a4-99837f6061ba
2019-08-20 14:17:12,268 [grpc-default-executor-4] INFO  impl.RaftServerImpl (RaftServerImpl.java:setRole(171)) - f81e0742-261c-4f1d-a9d7-43862556ad20:group-37350B33DEF5 changes role from FOLLOWER to FOLLOWER at term 2 for recognizeCandidate:7daf3e09-cf23-4648-b9a4-99837f6061ba
2019-08-20 14:17:12,268 [grpc-default-executor-1] INFO  impl.RoleInfo (RoleInfo.java:shutdownFollowerState(121)) - 81acbee6-4241-4f67-881f-cd5af487d526: shutdown FollowerState
2019-08-20 14:17:12,268 [grpc-default-executor-4] INFO  impl.RoleInfo (RoleInfo.java:shutdownFollowerState(121)) - f81e0742-261c-4f1d-a9d7-43862556ad20: shutdown FollowerState
2019-08-20 14:17:12,268 [Thread-892] INFO  impl.FollowerState (FollowerState.java:run(114)) - 81acbee6-4241-4f67-881f-cd5af487d526: FollowerState was interrupted: java.lang.InterruptedException: sleep interrupted
2019-08-20 14:17:12,268 [grpc-default-executor-1] INFO  impl.RoleInfo (RoleInfo.java:updateAndGet(143)) - 81acbee6-4241-4f67-881f-cd5af487d526: start FollowerState
2019-08-20 14:17:12,268 [Thread-894] INFO  impl.FollowerState (FollowerState.java:run(114)) - f81e0742-261c-4f1d-a9d7-43862556ad20: FollowerState was interrupted: java.lang.InterruptedException: sleep interrupted
2019-08-20 14:17:12,268 [grpc-default-executor-4] INFO  impl.RoleInfo (RoleInfo.java:updateAndGet(143)) - f81e0742-261c-4f1d-a9d7-43862556ad20: start FollowerState
2019-08-20 14:17:12,290 [7daf3e09-cf23-4648-b9a4-99837f6061ba:group-37350B33DEF5:LeaderElection34] INFO  impl.LeaderElection (LeaderElection.java:logAndReturn(56)) - 7daf3e09-cf23-4648-b9a4-99837f6061ba:group-37350B33DEF5:LeaderElection34: Election PASSED; received 1 response(s) [7daf3e09-cf23-4648-b9a4-99837f6061ba<-f81e0742-261c-4f1d-a9d7-43862556ad20#0:OK-t2] and 0 exception(s); 7daf3e09-cf23-4648-b9a4-99837f6061ba:t2, leader=null, voted=7daf3e09-cf23-4648-b9a4-99837f6061ba, raftlog=7daf3e09-cf23-4648-b9a4-99837f6061ba-SegmentedRaftLog:OPENED:c-1,f-1,i0, conf=-1: [f81e0742-261c-4f1d-a9d7-43862556ad20:192.168.157.218:33409, 7daf3e09-cf23-4648-b9a4-99837f6061ba:192.168.157.218:45198, 81acbee6-4241-4f67-881f-cd5af487d526:192.168.157.218:35656], old=null
2019-08-20 14:17:12,290 [7daf3e09-cf23-4648-b9a4-99837f6061ba:group-37350B33DEF5:LeaderElection34] INFO  impl.RoleInfo (RoleInfo.java:shutdownLeaderElection(134)) - 7daf3e09-cf23-4648-b9a4-99837f6061ba: shutdown LeaderElection
2019-08-20 14:17:12,290 [7daf3e09-cf23-4648-b9a4-99837f6061ba:group-37350B33DEF5:LeaderElection34] INFO  impl.RaftServerImpl (RaftServerImpl.java:setRole(171)) - 7daf3e09-cf23-4648-b9a4-99837f6061ba:group-37350B33DEF5 changes role from CANDIDATE to LEADER at term 2 for changeToLeader
2019-08-20 14:17:12,290 [7daf3e09-cf23-4648-b9a4-99837f6061ba:group-37350B33DEF5:LeaderElection34] INFO  impl.RaftServerImpl (ServerState.java:setLeader(263)) - 7daf3e09-cf23-4648-b9a4-99837f6061ba:group-37350B33DEF5 change Leader from null to 7daf3e09-cf23-4648-b9a4-99837f6061ba at term 2 for becomeLeader, leader elected after 13141ms
2019-08-20 14:17:12,291 [7daf3e09-cf23-4648-b9a4-99837f6061ba:group-37350B33DEF5:LeaderElection34] INFO  server.RaftServerConfigKeys (ConfUtils.java:logGet(43)) - raft.server.staging.catchup.gap = 1000 (default)
2019-08-20 14:17:12,291 [7daf3e09-cf23-4648-b9a4-99837f6061ba:group-37350B33DEF5:LeaderElection34] INFO  server.RaftServerConfigKeys (ConfUtils.java:logGet(43)) - raft.server.rpc.sleep.time = 25ms (default)
2019-08-20 14:17:12,291 [7daf3e09-cf23-4648-b9a4-99837f6061ba:group-37350B33DEF5:LeaderElection34] INFO  server.RaftServerConfigKeys (ConfUtils.java:logGet(43)) - raft.server.write.element-limit = 4096 (default)
2019-08-20 14:17:12,291 [7daf3e09-cf23-4648-b9a4-99837f6061ba:group-37350B33DEF5:LeaderElection34] INFO  server.RaftServerConfigKeys (ConfUtils.java:logGet(43)) - raft.server.watch.timeout = 10s (default)
2019-08-20 14:17:12,291 [7daf3e09-cf23-4648-b9a4-99837f6061ba:group-37350B33DEF5:LeaderElection34] INFO  server.RaftServerConfigKeys (ConfUtils.java:logGet(43)) - raft.server.watch.timeout.denomination = 1s (default)
2019-08-20 14:17:12,291 [7daf3e09-cf23-4648-b9a4-99837f6061ba:group-37350B33DEF5:LeaderElection34] INFO  server.RaftServerConfigKeys (ConfUtils.java:logGet(43)) - raft.server.watch.element-limit = 65536 (default)
2019-08-20 14:17:12,292 [7daf3e09-cf23-4648-b9a4-99837f6061ba:group-37350B33DEF5:LeaderElection34] INFO  server.RaftServerConfigKeys (ConfUtils.java:logGet(43)) - raft.server.log.appender.snapshot.chunk.size.max = 16MB (=16777216) (default)
2019-08-20 14:17:12,292 [7daf3e09-cf23-4648-b9a4-99837f6061ba:group-37350B33DEF5:LeaderElection34] INFO  server.RaftServerConfigKeys (ConfUtils.java:logGet(43)) - raft.server.log.appender.buffer.byte-limit = 33554432 (custom)
2019-08-20 14:17:12,292 [7daf3e09-cf23-4648-b9a4-99837f6061ba:group-37350B33DEF5:LeaderElection34] INFO  server.RaftServerConfigKeys (ConfUtils.java:logGet(43)) - raft.server.log.appender.buffer.element-limit = 1 (custom)
2019-08-20 14:17:12,292 [7daf3e09-cf23-4648-b9a4-99837f6061ba:group-37350B33DEF5:LeaderElection34] INFO  grpc.GrpcConfigKeys$Server (ConfUtils.java:logGet(43)) - raft.grpc.server.leader.outstanding.appends.max = 128 (default)
2019-08-20 14:17:12,293 [7daf3e09-cf23-4648-b9a4-99837f6061ba:group-37350B33DEF5:LeaderElection34] INFO  server.RaftServerConfigKeys (ConfUtils.java:logGet(43)) - raft.server.rpc.request.timeout = 3000ms (default)
2019-08-20 14:17:12,293 [7daf3e09-cf23-4648-b9a4-99837f6061ba:group-37350B33DEF5:LeaderElection34] INFO  server.RaftServerConfigKeys (ConfUtils.java:logGet(43)) - raft.server.log.appender.install.snapshot.enabled = false (custom)
2019-08-20 14:17:12,293 [7daf3e09-cf23-4648-b9a4-99837f6061ba:group-37350B33DEF5:LeaderElection34] INFO  server.RaftServerConfigKeys (ConfUtils.java:logGet(43)) - raft.server.log.appender.snapshot.chunk.size.max = 16MB (=16777216) (default)
2019-08-20 14:17:12,293 [7daf3e09-cf23-4648-b9a4-99837f6061ba:group-37350B33DEF5:LeaderElection34] INFO  server.RaftServerConfigKeys (ConfUtils.java:logGet(43)) - raft.server.log.appender.buffer.byte-limit = 33554432 (custom)
2019-08-20 14:17:12,293 [7daf3e09-cf23-4648-b9a4-99837f6061ba:group-37350B33DEF5:LeaderElection34] INFO  server.RaftServerConfigKeys (ConfUtils.java:logGet(43)) - raft.server.log.appender.buffer.element-limit = 1 (custom)
2019-08-20 14:17:12,293 [7daf3e09-cf23-4648-b9a4-99837f6061ba:group-37350B33DEF5:LeaderElection34] INFO  grpc.GrpcConfigKeys$Server (ConfUtils.java:logGet(43)) - raft.grpc.server.leader.outstanding.appends.max = 128 (default)
2019-08-20 14:17:12,293 [7daf3e09-cf23-4648-b9a4-99837f6061ba:group-37350B33DEF5:LeaderElection34] INFO  server.RaftServerConfigKeys (ConfUtils.java:logGet(43)) - raft.server.rpc.request.timeout = 3000ms (default)
2019-08-20 14:17:12,294 [7daf3e09-cf23-4648-b9a4-99837f6061ba:group-37350B33DEF5:LeaderElection34] INFO  server.RaftServerConfigKeys (ConfUtils.java:logGet(43)) - raft.server.log.appender.install.snapshot.enabled = false (custom)
2019-08-20 14:17:12,294 [7daf3e09-cf23-4648-b9a4-99837f6061ba:group-37350B33DEF5:LeaderElection34] INFO  impl.RoleInfo (RoleInfo.java:updateAndGet(143)) - 7daf3e09-cf23-4648-b9a4-99837f6061ba: start LeaderState
2019-08-20 14:17:12,294 [7daf3e09-cf23-4648-b9a4-99837f6061ba:group-37350B33DEF5:LeaderElection34] INFO  segmented.SegmentedRaftLogWorker (SegmentedRaftLogWorker.java:startLogSegment(380)) - 7daf3e09-cf23-4648-b9a4-99837f6061ba-SegmentedRaftLogWorker:Storage Directory /workdir/hadoop-ozone/integration-test/target/test-dir/MiniOzoneClusterImpl-1e699435-ac44-4e4c-83e9-3412d5c7c720/datanode-1/data/ratis/86317f8f-4c7f-4884-92f8-37350b33def5: Starting segment from index:0
2019-08-20 14:17:12,295 [7daf3e09-cf23-4648-b9a4-99837f6061ba:group-37350B33DEF5:LeaderElection34] INFO  impl.RaftServerImpl (ServerState.java:setRaftConf(361)) - 7daf3e09-cf23-4648-b9a4-99837f6061ba:group-37350B33DEF5 set configuration 0: [f81e0742-261c-4f1d-a9d7-43862556ad20:192.168.157.218:33409, 7daf3e09-cf23-4648-b9a4-99837f6061ba:192.168.157.218:45198, 81acbee6-4241-4f67-881f-cd5af487d526:192.168.157.218:35656], old=null at 0
2019-08-20 14:17:12,298 [grpc-default-executor-4] INFO  impl.RaftServerImpl (ServerState.java:setLeader(263)) - f81e0742-261c-4f1d-a9d7-43862556ad20:group-37350B33DEF5 change Leader from null to 7daf3e09-cf23-4648-b9a4-99837f6061ba at term 2 for appendEntries, leader elected after 13149ms
2019-08-20 14:17:12,298 [grpc-default-executor-1] INFO  impl.RaftServerImpl (ServerState.java:setLeader(263)) - 81acbee6-4241-4f67-881f-cd5af487d526:group-37350B33DEF5 change Leader from null to 7daf3e09-cf23-4648-b9a4-99837f6061ba at term 2 for appendEntries, leader elected after 13150ms
2019-08-20 14:17:12,302 [grpc-default-executor-4] INFO  impl.RaftServerImpl (ServerState.java:setRaftConf(361)) - f81e0742-261c-4f1d-a9d7-43862556ad20:group-37350B33DEF5 set configuration 0: [f81e0742-261c-4f1d-a9d7-43862556ad20:192.168.157.218:33409, 7daf3e09-cf23-4648-b9a4-99837f6061ba:192.168.157.218:45198, 81acbee6-4241-4f67-881f-cd5af487d526:192.168.157.218:35656], old=null at 0
2019-08-20 14:17:12,302 [grpc-default-executor-4] INFO  segmented.SegmentedRaftLogWorker (SegmentedRaftLogWorker.java:startLogSegment(380)) - f81e0742-261c-4f1d-a9d7-43862556ad20-SegmentedRaftLogWorker:Storage Directory /workdir/hadoop-ozone/integration-test/target/test-dir/MiniOzoneClusterImpl-1e699435-ac44-4e4c-83e9-3412d5c7c720/datanode-0/data/ratis/86317f8f-4c7f-4884-92f8-37350b33def5: Starting segment from index:0
2019-08-20 14:17:12,302 [grpc-default-executor-1] INFO  impl.RaftServerImpl (ServerState.java:setRaftConf(361)) - 81acbee6-4241-4f67-881f-cd5af487d526:group-37350B33DEF5 set configuration 0: [f81e0742-261c-4f1d-a9d7-43862556ad20:192.168.157.218:33409, 7daf3e09-cf23-4648-b9a4-99837f6061ba:192.168.157.218:45198, 81acbee6-4241-4f67-881f-cd5af487d526:192.168.157.218:35656], old=null at 0
2019-08-20 14:17:12,303 [grpc-default-executor-1] INFO  segmented.SegmentedRaftLogWorker (SegmentedRaftLogWorker.java:startLogSegment(380)) - 81acbee6-4241-4f67-881f-cd5af487d526-SegmentedRaftLogWorker:Storage Directory /workdir/hadoop-ozone/integration-test/target/test-dir/MiniOzoneClusterImpl-1e699435-ac44-4e4c-83e9-3412d5c7c720/datanode-2/data/ratis/86317f8f-4c7f-4884-92f8-37350b33def5: Starting segment from index:0
2019-08-20 14:17:12,344 [f81e0742-261c-4f1d-a9d7-43862556ad20-SegmentedRaftLogWorker:Storage Directory /workdir/hadoop-ozone/integration-test/target/test-dir/MiniOzoneClusterImpl-1e699435-ac44-4e4c-83e9-3412d5c7c720/datanode-0/data/ratis/86317f8f-4c7f-4884-92f8-37350b33def5] INFO  segmented.SegmentedRaftLogWorker (SegmentedRaftLogWorker.java:execute(569)) - f81e0742-261c-4f1d-a9d7-43862556ad20-SegmentedRaftLogWorker:Storage Directory /workdir/hadoop-ozone/integration-test/target/test-dir/MiniOzoneClusterImpl-1e699435-ac44-4e4c-83e9-3412d5c7c720/datanode-0/data/ratis/86317f8f-4c7f-4884-92f8-37350b33def5: created new log segment /workdir/hadoop-ozone/integration-test/target/test-dir/MiniOzoneClusterImpl-1e699435-ac44-4e4c-83e9-3412d5c7c720/datanode-0/data/ratis/86317f8f-4c7f-4884-92f8-37350b33def5/current/log_inprogress_0
2019-08-20 14:17:12,344 [7daf3e09-cf23-4648-b9a4-99837f6061ba-SegmentedRaftLogWorker:Storage Directory /workdir/hadoop-ozone/integration-test/target/test-dir/MiniOzoneClusterImpl-1e699435-ac44-4e4c-83e9-3412d5c7c720/datanode-1/data/ratis/86317f8f-4c7f-4884-92f8-37350b33def5] INFO  segmented.SegmentedRaftLogWorker (SegmentedRaftLogWorker.java:execute(569)) - 7daf3e09-cf23-4648-b9a4-99837f6061ba-SegmentedRaftLogWorker:Storage Directory /workdir/hadoop-ozone/integration-test/target/test-dir/MiniOzoneClusterImpl-1e699435-ac44-4e4c-83e9-3412d5c7c720/datanode-1/data/ratis/86317f8f-4c7f-4884-92f8-37350b33def5: created new log segment /workdir/hadoop-ozone/integration-test/target/test-dir/MiniOzoneClusterImpl-1e699435-ac44-4e4c-83e9-3412d5c7c720/datanode-1/data/ratis/86317f8f-4c7f-4884-92f8-37350b33def5/current/log_inprogress_0
2019-08-20 14:17:12,344 [81acbee6-4241-4f67-881f-cd5af487d526-SegmentedRaftLogWorker:Storage Directory /workdir/hadoop-ozone/integration-test/target/test-dir/MiniOzoneClusterImpl-1e699435-ac44-4e4c-83e9-3412d5c7c720/datanode-2/data/ratis/86317f8f-4c7f-4884-92f8-37350b33def5] INFO  segmented.SegmentedRaftLogWorker (SegmentedRaftLogWorker.java:execute(569)) - 81acbee6-4241-4f67-881f-cd5af487d526-SegmentedRaftLogWorker:Storage Directory /workdir/hadoop-ozone/integration-test/target/test-dir/MiniOzoneClusterImpl-1e699435-ac44-4e4c-83e9-3412d5c7c720/datanode-2/data/ratis/86317f8f-4c7f-4884-92f8-37350b33def5: created new log segment /workdir/hadoop-ozone/integration-test/target/test-dir/MiniOzoneClusterImpl-1e699435-ac44-4e4c-83e9-3412d5c7c720/datanode-2/data/ratis/86317f8f-4c7f-4884-92f8-37350b33def5/current/log_inprogress_0
2019-08-20 14:17:12,381 | INFO  | SCMAudit | user=jenkins1000 | ip=192.168.157.218 | op=SEND_HEARTBEAT {datanodeUUID=ab54d0aa-45c9-4c80-aad1-fb02da82d4c1, command=[]} | ret=SUCCESS |  
2019-08-20 14:17:12,420 | INFO  | SCMAudit | user=jenkins1000 | ip=192.168.157.218 | op=SEND_HEARTBEAT {datanodeUUID=f81e0742-261c-4f1d-a9d7-43862556ad20, command=[]} | ret=SUCCESS |  
2019-08-20 14:17:12,421 [Thread-895] INFO  impl.FollowerState (FollowerState.java:run(106)) - fa3f5044-84f5-4c3c-a0e4-383ceb43ef86:group-DE271B0870CE changes to CANDIDATE, lastRpcTime:5193, electionTimeout:5166ms
2019-08-20 14:17:12,422 [Thread-895] INFO  impl.RoleInfo (RoleInfo.java:shutdownFollowerState(121)) - fa3f5044-84f5-4c3c-a0e4-383ceb43ef86: shutdown FollowerState
2019-08-20 14:17:12,422 [Thread-895] INFO  impl.RaftServerImpl (RaftServerImpl.java:setRole(171)) - fa3f5044-84f5-4c3c-a0e4-383ceb43ef86:group-DE271B0870CE changes role from FOLLOWER to CANDIDATE at term 1 for changeToCandidate
2019-08-20 14:17:12,422 [Thread-895] INFO  impl.RoleInfo (RoleInfo.java:updateAndGet(143)) - fa3f5044-84f5-4c3c-a0e4-383ceb43ef86: start LeaderElection
2019-08-20 14:17:12,457 [fa3f5044-84f5-4c3c-a0e4-383ceb43ef86:group-DE271B0870CE:LeaderElection35] INFO  impl.LeaderElection (LeaderElection.java:askForVotes(181)) - fa3f5044-84f5-4c3c-a0e4-383ceb43ef86:group-DE271B0870CE:LeaderElection35: begin an election at term 2 for -1: [ab54d0aa-45c9-4c80-aad1-fb02da82d4c1:192.168.157.218:41845, fa3f5044-84f5-4c3c-a0e4-383ceb43ef86:192.168.157.218:42805, 8e57c45d-c95e-4a54-a459-391d2c10b1fa:192.168.157.218:38181], old=null
2019-08-20 14:17:12,459 [Thread-896] INFO  impl.FollowerState (FollowerState.java:run(106)) - ab54d0aa-45c9-4c80-aad1-fb02da82d4c1:group-DE271B0870CE changes to CANDIDATE, lastRpcTime:5176, electionTimeout:5176ms
2019-08-20 14:17:12,459 [Thread-896] INFO  impl.RoleInfo (RoleInfo.java:shutdownFollowerState(121)) - ab54d0aa-45c9-4c80-aad1-fb02da82d4c1: shutdown FollowerState
2019-08-20 14:17:12,459 [Thread-896] INFO  impl.RaftServerImpl (RaftServerImpl.java:setRole(171)) - ab54d0aa-45c9-4c80-aad1-fb02da82d4c1:group-DE271B0870CE changes role from FOLLOWER to CANDIDATE at term 1 for changeToCandidate
2019-08-20 14:17:12,460 [Thread-896] INFO  impl.RoleInfo (RoleInfo.java:updateAndGet(143)) - ab54d0aa-45c9-4c80-aad1-fb02da82d4c1: start LeaderElection
2019-08-20 14:17:12,464 [grpc-default-executor-1] INFO  impl.RaftServerImpl (RaftServerImpl.java:setRole(171)) - 8e57c45d-c95e-4a54-a459-391d2c10b1fa:group-DE271B0870CE changes role from FOLLOWER to FOLLOWER at term 2 for recognizeCandidate:fa3f5044-84f5-4c3c-a0e4-383ceb43ef86
2019-08-20 14:17:12,464 [grpc-default-executor-1] INFO  impl.RoleInfo (RoleInfo.java:shutdownFollowerState(121)) - 8e57c45d-c95e-4a54-a459-391d2c10b1fa: shutdown FollowerState
2019-08-20 14:17:12,464 [grpc-default-executor-1] INFO  impl.RoleInfo (RoleInfo.java:updateAndGet(143)) - 8e57c45d-c95e-4a54-a459-391d2c10b1fa: start FollowerState
2019-08-20 14:17:12,465 [Thread-897] INFO  impl.FollowerState (FollowerState.java:run(114)) - 8e57c45d-c95e-4a54-a459-391d2c10b1fa: FollowerState was interrupted: java.lang.InterruptedException: sleep interrupted
2019-08-20 14:17:12,477 [ab54d0aa-45c9-4c80-aad1-fb02da82d4c1:group-DE271B0870CE:LeaderElection36] INFO  impl.LeaderElection (LeaderElection.java:askForVotes(181)) - ab54d0aa-45c9-4c80-aad1-fb02da82d4c1:group-DE271B0870CE:LeaderElection36: begin an election at term 2 for -1: [ab54d0aa-45c9-4c80-aad1-fb02da82d4c1:192.168.157.218:41845, fa3f5044-84f5-4c3c-a0e4-383ceb43ef86:192.168.157.218:42805, 8e57c45d-c95e-4a54-a459-391d2c10b1fa:192.168.157.218:38181], old=null
2019-08-20 14:17:12,479 [fa3f5044-84f5-4c3c-a0e4-383ceb43ef86:group-DE271B0870CE:LeaderElection35] INFO  impl.LeaderElection (LeaderElection.java:logAndReturn(56)) - fa3f5044-84f5-4c3c-a0e4-383ceb43ef86:group-DE271B0870CE:LeaderElection35: Election PASSED; received 1 response(s) [fa3f5044-84f5-4c3c-a0e4-383ceb43ef86<-8e57c45d-c95e-4a54-a459-391d2c10b1fa#0:OK-t2] and 0 exception(s); fa3f5044-84f5-4c3c-a0e4-383ceb43ef86:t2, leader=null, voted=fa3f5044-84f5-4c3c-a0e4-383ceb43ef86, raftlog=fa3f5044-84f5-4c3c-a0e4-383ceb43ef86-SegmentedRaftLog:OPENED:c-1,f-1,i0, conf=-1: [ab54d0aa-45c9-4c80-aad1-fb02da82d4c1:192.168.157.218:41845, fa3f5044-84f5-4c3c-a0e4-383ceb43ef86:192.168.157.218:42805, 8e57c45d-c95e-4a54-a459-391d2c10b1fa:192.168.157.218:38181], old=null
2019-08-20 14:17:12,479 [fa3f5044-84f5-4c3c-a0e4-383ceb43ef86:group-DE271B0870CE:LeaderElection35] INFO  impl.RoleInfo (RoleInfo.java:shutdownLeaderElection(134)) - fa3f5044-84f5-4c3c-a0e4-383ceb43ef86: shutdown LeaderElection
2019-08-20 14:17:12,479 [fa3f5044-84f5-4c3c-a0e4-383ceb43ef86:group-DE271B0870CE:LeaderElection35] INFO  impl.RaftServerImpl (RaftServerImpl.java:setRole(171)) - fa3f5044-84f5-4c3c-a0e4-383ceb43ef86:group-DE271B0870CE changes role from CANDIDATE to LEADER at term 2 for changeToLeader
2019-08-20 14:17:12,480 [fa3f5044-84f5-4c3c-a0e4-383ceb43ef86:group-DE271B0870CE:LeaderElection35] INFO  impl.RaftServerImpl (ServerState.java:setLeader(263)) - fa3f5044-84f5-4c3c-a0e4-383ceb43ef86:group-DE271B0870CE change Leader from null to fa3f5044-84f5-4c3c-a0e4-383ceb43ef86 at term 2 for becomeLeader, leader elected after 12771ms
2019-08-20 14:17:12,480 [fa3f5044-84f5-4c3c-a0e4-383ceb43ef86:group-DE271B0870CE:LeaderElection35] INFO  server.RaftServerConfigKeys (ConfUtils.java:logGet(43)) - raft.server.staging.catchup.gap = 1000 (default)
2019-08-20 14:17:12,480 [fa3f5044-84f5-4c3c-a0e4-383ceb43ef86:group-DE271B0870CE:LeaderElection35] INFO  server.RaftServerConfigKeys (ConfUtils.java:logGet(43)) - raft.server.rpc.sleep.time = 25ms (default)
2019-08-20 14:17:12,481 [fa3f5044-84f5-4c3c-a0e4-383ceb43ef86:group-DE271B0870CE:LeaderElection35] INFO  server.RaftServerConfigKeys (ConfUtils.java:logGet(43)) - raft.server.write.element-limit = 4096 (default)
2019-08-20 14:17:12,481 [fa3f5044-84f5-4c3c-a0e4-383ceb43ef86:group-DE271B0870CE:LeaderElection35] INFO  server.RaftServerConfigKeys (ConfUtils.java:logGet(43)) - raft.server.watch.timeout = 10s (default)
2019-08-20 14:17:12,481 [fa3f5044-84f5-4c3c-a0e4-383ceb43ef86:group-DE271B0870CE:LeaderElection35] INFO  server.RaftServerConfigKeys (ConfUtils.java:logGet(43)) - raft.server.watch.timeout.denomination = 1s (default)
2019-08-20 14:17:12,481 [fa3f5044-84f5-4c3c-a0e4-383ceb43ef86:group-DE271B0870CE:LeaderElection35] INFO  server.RaftServerConfigKeys (ConfUtils.java:logGet(43)) - raft.server.watch.element-limit = 65536 (default)
2019-08-20 14:17:12,482 [fa3f5044-84f5-4c3c-a0e4-383ceb43ef86:group-DE271B0870CE:LeaderElection35] INFO  server.RaftServerConfigKeys (ConfUtils.java:logGet(43)) - raft.server.log.appender.snapshot.chunk.size.max = 16MB (=16777216) (default)
2019-08-20 14:17:12,482 [fa3f5044-84f5-4c3c-a0e4-383ceb43ef86:group-DE271B0870CE:LeaderElection35] INFO  server.RaftServerConfigKeys (ConfUtils.java:logGet(43)) - raft.server.log.appender.buffer.byte-limit = 33554432 (custom)
2019-08-20 14:17:12,482 [fa3f5044-84f5-4c3c-a0e4-383ceb43ef86:group-DE271B0870CE:LeaderElection35] INFO  server.RaftServerConfigKeys (ConfUtils.java:logGet(43)) - raft.server.log.appender.buffer.element-limit = 1 (custom)
2019-08-20 14:17:12,483 [fa3f5044-84f5-4c3c-a0e4-383ceb43ef86:group-DE271B0870CE:LeaderElection35] INFO  grpc.GrpcConfigKeys$Server (ConfUtils.java:logGet(43)) - raft.grpc.server.leader.outstanding.appends.max = 128 (default)
2019-08-20 14:17:12,483 [fa3f5044-84f5-4c3c-a0e4-383ceb43ef86:group-DE271B0870CE:LeaderElection35] INFO  server.RaftServerConfigKeys (ConfUtils.java:logGet(43)) - raft.server.rpc.request.timeout = 3000ms (default)
2019-08-20 14:17:12,483 [fa3f5044-84f5-4c3c-a0e4-383ceb43ef86:group-DE271B0870CE:LeaderElection35] INFO  server.RaftServerConfigKeys (ConfUtils.java:logGet(43)) - raft.server.log.appender.install.snapshot.enabled = false (custom)
2019-08-20 14:17:12,484 [fa3f5044-84f5-4c3c-a0e4-383ceb43ef86:group-DE271B0870CE:LeaderElection35] INFO  server.RaftServerConfigKeys (ConfUtils.java:logGet(43)) - raft.server.log.appender.snapshot.chunk.size.max = 16MB (=16777216) (default)
2019-08-20 14:17:12,484 [fa3f5044-84f5-4c3c-a0e4-383ceb43ef86:group-DE271B0870CE:LeaderElection35] INFO  server.RaftServerConfigKeys (ConfUtils.java:logGet(43)) - raft.server.log.appender.buffer.byte-limit = 33554432 (custom)
2019-08-20 14:17:12,484 [fa3f5044-84f5-4c3c-a0e4-383ceb43ef86:group-DE271B0870CE:LeaderElection35] INFO  server.RaftServerConfigKeys (ConfUtils.java:logGet(43)) - raft.server.log.appender.buffer.element-limit = 1 (custom)
2019-08-20 14:17:12,484 [fa3f5044-84f5-4c3c-a0e4-383ceb43ef86:group-DE271B0870CE:LeaderElection35] INFO  grpc.GrpcConfigKeys$Server (ConfUtils.java:logGet(43)) - raft.grpc.server.leader.outstanding.appends.max = 128 (default)
2019-08-20 14:17:12,484 [fa3f5044-84f5-4c3c-a0e4-383ceb43ef86:group-DE271B0870CE:LeaderElection35] INFO  server.RaftServerConfigKeys (ConfUtils.java:logGet(43)) - raft.server.rpc.request.timeout = 3000ms (default)
2019-08-20 14:17:12,485 [fa3f5044-84f5-4c3c-a0e4-383ceb43ef86:group-DE271B0870CE:LeaderElection35] INFO  server.RaftServerConfigKeys (ConfUtils.java:logGet(43)) - raft.server.log.appender.install.snapshot.enabled = false (custom)
2019-08-20 14:17:12,485 [fa3f5044-84f5-4c3c-a0e4-383ceb43ef86:group-DE271B0870CE:LeaderElection35] INFO  impl.RoleInfo (RoleInfo.java:updateAndGet(143)) - fa3f5044-84f5-4c3c-a0e4-383ceb43ef86: start LeaderState
2019-08-20 14:17:12,485 [fa3f5044-84f5-4c3c-a0e4-383ceb43ef86:group-DE271B0870CE:LeaderElection35] INFO  segmented.SegmentedRaftLogWorker (SegmentedRaftLogWorker.java:startLogSegment(380)) - fa3f5044-84f5-4c3c-a0e4-383ceb43ef86-SegmentedRaftLogWorker:Storage Directory /workdir/hadoop-ozone/integration-test/target/test-dir/MiniOzoneClusterImpl-1e699435-ac44-4e4c-83e9-3412d5c7c720/datanode-5/data/ratis/17703c9d-fe06-41de-93bd-de271b0870ce: Starting segment from index:0
2019-08-20 14:17:12,486 [fa3f5044-84f5-4c3c-a0e4-383ceb43ef86:group-DE271B0870CE:LeaderElection35] INFO  impl.RaftServerImpl (ServerState.java:setRaftConf(361)) - fa3f5044-84f5-4c3c-a0e4-383ceb43ef86:group-DE271B0870CE set configuration 0: [ab54d0aa-45c9-4c80-aad1-fb02da82d4c1:192.168.157.218:41845, fa3f5044-84f5-4c3c-a0e4-383ceb43ef86:192.168.157.218:42805, 8e57c45d-c95e-4a54-a459-391d2c10b1fa:192.168.157.218:38181], old=null at 0
2019-08-20 14:17:12,486 [grpc-default-executor-4] INFO  impl.RaftServerImpl (RaftServerImpl.java:requestVote(754)) - fa3f5044-84f5-4c3c-a0e4-383ceb43ef86-LEADER: Withhold vote from candidate ab54d0aa-45c9-4c80-aad1-fb02da82d4c1 with term 2. State: leader=fa3f5044-84f5-4c3c-a0e4-383ceb43ef86, term=2, lastRpcElapsed=null
2019-08-20 14:17:12,488 [ab54d0aa-45c9-4c80-aad1-fb02da82d4c1:group-DE271B0870CE:LeaderElection36] INFO  impl.LeaderElection (LeaderElection.java:logAndReturn(56)) - ab54d0aa-45c9-4c80-aad1-fb02da82d4c1:group-DE271B0870CE:LeaderElection36: Election REJECTED; received 2 response(s) [ab54d0aa-45c9-4c80-aad1-fb02da82d4c1<-fa3f5044-84f5-4c3c-a0e4-383ceb43ef86#0:FAIL-t2, ab54d0aa-45c9-4c80-aad1-fb02da82d4c1<-8e57c45d-c95e-4a54-a459-391d2c10b1fa#0:FAIL-t2] and 0 exception(s); ab54d0aa-45c9-4c80-aad1-fb02da82d4c1:t2, leader=null, voted=ab54d0aa-45c9-4c80-aad1-fb02da82d4c1, raftlog=ab54d0aa-45c9-4c80-aad1-fb02da82d4c1-SegmentedRaftLog:OPENED:c-1,f-1,i0, conf=-1: [ab54d0aa-45c9-4c80-aad1-fb02da82d4c1:192.168.157.218:41845, fa3f5044-84f5-4c3c-a0e4-383ceb43ef86:192.168.157.218:42805, 8e57c45d-c95e-4a54-a459-391d2c10b1fa:192.168.157.218:38181], old=null
2019-08-20 14:17:12,488 [ab54d0aa-45c9-4c80-aad1-fb02da82d4c1:group-DE271B0870CE:LeaderElection36] INFO  impl.RaftServerImpl (RaftServerImpl.java:setRole(171)) - ab54d0aa-45c9-4c80-aad1-fb02da82d4c1:group-DE271B0870CE changes role from CANDIDATE to FOLLOWER at term 2 for DISCOVERED_A_NEW_TERM
2019-08-20 14:17:12,488 [ab54d0aa-45c9-4c80-aad1-fb02da82d4c1:group-DE271B0870CE:LeaderElection36] INFO  impl.RoleInfo (RoleInfo.java:shutdownLeaderElection(134)) - ab54d0aa-45c9-4c80-aad1-fb02da82d4c1: shutdown LeaderElection
2019-08-20 14:17:12,489 [ab54d0aa-45c9-4c80-aad1-fb02da82d4c1:group-DE271B0870CE:LeaderElection36] INFO  impl.RoleInfo (RoleInfo.java:updateAndGet(143)) - ab54d0aa-45c9-4c80-aad1-fb02da82d4c1: start FollowerState
2019-08-20 14:17:12,489 [grpc-default-executor-1] INFO  impl.RaftServerImpl (ServerState.java:setLeader(263)) - ab54d0aa-45c9-4c80-aad1-fb02da82d4c1:group-DE271B0870CE change Leader from null to fa3f5044-84f5-4c3c-a0e4-383ceb43ef86 at term 2 for appendEntries, leader elected after 12780ms
2019-08-20 14:17:12,489 [grpc-default-executor-4] INFO  impl.RaftServerImpl (ServerState.java:setLeader(263)) - 8e57c45d-c95e-4a54-a459-391d2c10b1fa:group-DE271B0870CE change Leader from null to fa3f5044-84f5-4c3c-a0e4-383ceb43ef86 at term 2 for appendEntries, leader elected after 12781ms
2019-08-20 14:17:12,492 [grpc-default-executor-4] INFO  impl.RaftServerImpl (ServerState.java:setRaftConf(361)) - ab54d0aa-45c9-4c80-aad1-fb02da82d4c1:group-DE271B0870CE set configuration 0: [ab54d0aa-45c9-4c80-aad1-fb02da82d4c1:192.168.157.218:41845, fa3f5044-84f5-4c3c-a0e4-383ceb43ef86:192.168.157.218:42805, 8e57c45d-c95e-4a54-a459-391d2c10b1fa:192.168.157.218:38181], old=null at 0
2019-08-20 14:17:12,493 [grpc-default-executor-4] INFO  segmented.SegmentedRaftLogWorker (SegmentedRaftLogWorker.java:startLogSegment(380)) - ab54d0aa-45c9-4c80-aad1-fb02da82d4c1-SegmentedRaftLogWorker:Storage Directory /workdir/hadoop-ozone/integration-test/target/test-dir/MiniOzoneClusterImpl-1e699435-ac44-4e4c-83e9-3412d5c7c720/datanode-4/data/ratis/17703c9d-fe06-41de-93bd-de271b0870ce: Starting segment from index:0
2019-08-20 14:17:12,493 [grpc-default-executor-1] INFO  impl.RaftServerImpl (ServerState.java:setRaftConf(361)) - 8e57c45d-c95e-4a54-a459-391d2c10b1fa:group-DE271B0870CE set configuration 0: [ab54d0aa-45c9-4c80-aad1-fb02da82d4c1:192.168.157.218:41845, fa3f5044-84f5-4c3c-a0e4-383ceb43ef86:192.168.157.218:42805, 8e57c45d-c95e-4a54-a459-391d2c10b1fa:192.168.157.218:38181], old=null at 0
2019-08-20 14:17:12,493 [grpc-default-executor-1] INFO  segmented.SegmentedRaftLogWorker (SegmentedRaftLogWorker.java:startLogSegment(380)) - 8e57c45d-c95e-4a54-a459-391d2c10b1fa-SegmentedRaftLogWorker:Storage Directory /workdir/hadoop-ozone/integration-test/target/test-dir/MiniOzoneClusterImpl-1e699435-ac44-4e4c-83e9-3412d5c7c720/datanode-3/data/ratis/17703c9d-fe06-41de-93bd-de271b0870ce: Starting segment from index:0
2019-08-20 14:17:12,535 [8e57c45d-c95e-4a54-a459-391d2c10b1fa-SegmentedRaftLogWorker:Storage Directory /workdir/hadoop-ozone/integration-test/target/test-dir/MiniOzoneClusterImpl-1e699435-ac44-4e4c-83e9-3412d5c7c720/datanode-3/data/ratis/17703c9d-fe06-41de-93bd-de271b0870ce] INFO  segmented.SegmentedRaftLogWorker (SegmentedRaftLogWorker.java:execute(569)) - 8e57c45d-c95e-4a54-a459-391d2c10b1fa-SegmentedRaftLogWorker:Storage Directory /workdir/hadoop-ozone/integration-test/target/test-dir/MiniOzoneClusterImpl-1e699435-ac44-4e4c-83e9-3412d5c7c720/datanode-3/data/ratis/17703c9d-fe06-41de-93bd-de271b0870ce: created new log segment /workdir/hadoop-ozone/integration-test/target/test-dir/MiniOzoneClusterImpl-1e699435-ac44-4e4c-83e9-3412d5c7c720/datanode-3/data/ratis/17703c9d-fe06-41de-93bd-de271b0870ce/current/log_inprogress_0
2019-08-20 14:17:12,535 [ab54d0aa-45c9-4c80-aad1-fb02da82d4c1-SegmentedRaftLogWorker:Storage Directory /workdir/hadoop-ozone/integration-test/target/test-dir/MiniOzoneClusterImpl-1e699435-ac44-4e4c-83e9-3412d5c7c720/datanode-4/data/ratis/17703c9d-fe06-41de-93bd-de271b0870ce] INFO  segmented.SegmentedRaftLogWorker (SegmentedRaftLogWorker.java:execute(569)) - ab54d0aa-45c9-4c80-aad1-fb02da82d4c1-SegmentedRaftLogWorker:Storage Directory /workdir/hadoop-ozone/integration-test/target/test-dir/MiniOzoneClusterImpl-1e699435-ac44-4e4c-83e9-3412d5c7c720/datanode-4/data/ratis/17703c9d-fe06-41de-93bd-de271b0870ce: created new log segment /workdir/hadoop-ozone/integration-test/target/test-dir/MiniOzoneClusterImpl-1e699435-ac44-4e4c-83e9-3412d5c7c720/datanode-4/data/ratis/17703c9d-fe06-41de-93bd-de271b0870ce/current/log_inprogress_0
2019-08-20 14:17:12,535 [fa3f5044-84f5-4c3c-a0e4-383ceb43ef86-SegmentedRaftLogWorker:Storage Directory /workdir/hadoop-ozone/integration-test/target/test-dir/MiniOzoneClusterImpl-1e699435-ac44-4e4c-83e9-3412d5c7c720/datanode-5/data/ratis/17703c9d-fe06-41de-93bd-de271b0870ce] INFO  segmented.SegmentedRaftLogWorker (SegmentedRaftLogWorker.java:execute(569)) - fa3f5044-84f5-4c3c-a0e4-383ceb43ef86-SegmentedRaftLogWorker:Storage Directory /workdir/hadoop-ozone/integration-test/target/test-dir/MiniOzoneClusterImpl-1e699435-ac44-4e4c-83e9-3412d5c7c720/datanode-5/data/ratis/17703c9d-fe06-41de-93bd-de271b0870ce: created new log segment /workdir/hadoop-ozone/integration-test/target/test-dir/MiniOzoneClusterImpl-1e699435-ac44-4e4c-83e9-3412d5c7c720/datanode-5/data/ratis/17703c9d-fe06-41de-93bd-de271b0870ce/current/log_inprogress_0
2019-08-20 14:17:12,576 | INFO  | SCMAudit | user=jenkins1000 | ip=192.168.157.218 | op=SEND_HEARTBEAT {datanodeUUID=fa3f5044-84f5-4c3c-a0e4-383ceb43ef86, command=[]} | ret=SUCCESS |  
2019-08-20 14:17:12,615 | INFO  | SCMAudit | user=jenkins1000 | ip=192.168.157.218 | op=SEND_HEARTBEAT {datanodeUUID=7daf3e09-cf23-4648-b9a4-99837f6061ba, command=[]} | ret=SUCCESS |  
2019-08-20 14:17:12,765 | INFO  | SCMAudit | user=jenkins1000 | ip=192.168.157.218 | op=SEND_HEARTBEAT {datanodeUUID=104c0d76-7897-4d13-8f7d-7917ac27112c, command=[]} | ret=SUCCESS |  
2019-08-20 14:17:12,809 | INFO  | SCMAudit | user=jenkins1000 | ip=192.168.157.218 | op=SEND_HEARTBEAT {datanodeUUID=81acbee6-4241-4f67-881f-cd5af487d526, command=[]} | ret=SUCCESS |  
2019-08-20 14:17:13,095 [grpc-default-executor-1] INFO  client.GrpcClientProtocolClient (GrpcClientProtocolClient.java:onNext(255)) - client-D7911010F97B->ab54d0aa-45c9-4c80-aad1-fb02da82d4c1: receive RaftClientReply:client-D7911010F97B->ab54d0aa-45c9-4c80-aad1-fb02da82d4c1@group-DE271B0870CE, cid=42, FAILED org.apache.ratis.protocol.NotLeaderException: Server ab54d0aa-45c9-4c80-aad1-fb02da82d4c1 is not the leader (fa3f5044-84f5-4c3c-a0e4-383ceb43ef86:192.168.157.218:42805). Request must be sent to leader., logIndex=0, commits[ab54d0aa-45c9-4c80-aad1-fb02da82d4c1:c-1, fa3f5044-84f5-4c3c-a0e4-383ceb43ef86:c-1, 8e57c45d-c95e-4a54-a459-391d2c10b1fa:c-1]
2019-08-20 14:17:13,196 | INFO  | SCMAudit | user=jenkins1000 | ip=192.168.157.218 | op=SEND_HEARTBEAT {datanodeUUID=8e57c45d-c95e-4a54-a459-391d2c10b1fa, command=[]} | ret=SUCCESS |  
2019-08-20 14:17:13,258 | INFO  | DNAudit | user=null | ip=null | op=CREATE_CONTAINER {containerID=1, containerType=KeyValueContainer} | ret=SUCCESS |  
2019-08-20 14:17:13,265 | INFO  | SCMAudit | user=jenkins1000 | ip=192.168.157.218 | op=SEND_HEARTBEAT {datanodeUUID=fa3f5044-84f5-4c3c-a0e4-383ceb43ef86, command=[]} | ret=SUCCESS |  
2019-08-20 14:17:13,265 [grpc-default-executor-4] INFO  client.GrpcClientProtocolClient (GrpcClientProtocolClient.java:onNext(255)) - client-D7911010F97B->fa3f5044-84f5-4c3c-a0e4-383ceb43ef86: receive RaftClientReply:client-D7911010F97B->fa3f5044-84f5-4c3c-a0e4-383ceb43ef86@group-DE271B0870CE, cid=42, SUCCESS, logIndex=1, commits[fa3f5044-84f5-4c3c-a0e4-383ceb43ef86:c2, ab54d0aa-45c9-4c80-aad1-fb02da82d4c1:c1, 8e57c45d-c95e-4a54-a459-391d2c10b1fa:c1]
2019-08-20 14:17:13,283 [grpc-default-executor-4] INFO  client.GrpcClientProtocolClient (GrpcClientProtocolClient.java:onNext(255)) - client-592A4D592458->ab54d0aa-45c9-4c80-aad1-fb02da82d4c1: receive RaftClientReply:client-592A4D592458->ab54d0aa-45c9-4c80-aad1-fb02da82d4c1@group-DE271B0870CE, cid=43, FAILED org.apache.ratis.protocol.NotLeaderException: Server ab54d0aa-45c9-4c80-aad1-fb02da82d4c1 is not the leader (fa3f5044-84f5-4c3c-a0e4-383ceb43ef86:192.168.157.218:42805). Request must be sent to leader., logIndex=0, commits[ab54d0aa-45c9-4c80-aad1-fb02da82d4c1:c1, fa3f5044-84f5-4c3c-a0e4-383ceb43ef86:c1, 8e57c45d-c95e-4a54-a459-391d2c10b1fa:c0]
2019-08-20 14:17:13,294 | INFO  | DNAudit | user=null | ip=null | op=CREATE_CONTAINER {containerID=1, containerType=KeyValueContainer} | ret=SUCCESS |  
2019-08-20 14:17:13,298 | INFO  | DNAudit | user=null | ip=null | op=CREATE_CONTAINER {containerID=1, containerType=KeyValueContainer} | ret=SUCCESS |  
2019-08-20 14:17:13,300 | INFO  | SCMAudit | user=jenkins1000 | ip=192.168.157.218 | op=SEND_HEARTBEAT {datanodeUUID=ab54d0aa-45c9-4c80-aad1-fb02da82d4c1, command=[]} | ret=SUCCESS |  
2019-08-20 14:17:13,300 | INFO  | SCMAudit | user=jenkins1000 | ip=192.168.157.218 | op=SEND_HEARTBEAT {datanodeUUID=8e57c45d-c95e-4a54-a459-391d2c10b1fa, command=[]} | ret=SUCCESS |  
2019-08-20 14:17:13,420 | INFO  | SCMAudit | user=jenkins1000 | ip=192.168.157.218 | op=SEND_HEARTBEAT {datanodeUUID=f81e0742-261c-4f1d-a9d7-43862556ad20, command=[]} | ret=SUCCESS |  
2019-08-20 14:17:13,448 | INFO  | DNAudit | user=null | ip=null | op=CREATE_CONTAINER {containerID=2, containerType=KeyValueContainer} | ret=SUCCESS |  
2019-08-20 14:17:13,456 | INFO  | SCMAudit | user=jenkins1000 | ip=192.168.157.218 | op=SEND_HEARTBEAT {datanodeUUID=fa3f5044-84f5-4c3c-a0e4-383ceb43ef86, command=[]} | ret=SUCCESS |  
2019-08-20 14:17:13,457 [grpc-default-executor-1] INFO  client.GrpcClientProtocolClient (GrpcClientProtocolClient.java:onNext(255)) - client-592A4D592458->fa3f5044-84f5-4c3c-a0e4-383ceb43ef86: receive RaftClientReply:client-592A4D592458->fa3f5044-84f5-4c3c-a0e4-383ceb43ef86@group-DE271B0870CE, cid=43, SUCCESS, logIndex=3, commits[fa3f5044-84f5-4c3c-a0e4-383ceb43ef86:c4, ab54d0aa-45c9-4c80-aad1-fb02da82d4c1:c2, 8e57c45d-c95e-4a54-a459-391d2c10b1fa:c2]
2019-08-20 14:17:13,599 | INFO  | DNAudit | user=null | ip=null | op=CREATE_CONTAINER {containerID=2, containerType=KeyValueContainer} | ret=SUCCESS |  
2019-08-20 14:17:13,599 | INFO  | DNAudit | user=null | ip=null | op=CREATE_CONTAINER {containerID=3, containerType=KeyValueContainer} | ret=SUCCESS |  
2019-08-20 14:17:13,599 | INFO  | DNAudit | user=null | ip=null | op=CREATE_CONTAINER {containerID=2, containerType=KeyValueContainer} | ret=SUCCESS |  
2019-08-20 14:17:13,607 | INFO  | SCMAudit | user=jenkins1000 | ip=192.168.157.218 | op=SEND_HEARTBEAT {datanodeUUID=ab54d0aa-45c9-4c80-aad1-fb02da82d4c1, command=[]} | ret=SUCCESS |  
2019-08-20 14:17:13,607 | INFO  | SCMAudit | user=jenkins1000 | ip=192.168.157.218 | op=SEND_HEARTBEAT {datanodeUUID=8e57c45d-c95e-4a54-a459-391d2c10b1fa, command=[]} | ret=SUCCESS |  
2019-08-20 14:17:13,607 | INFO  | SCMAudit | user=jenkins1000 | ip=192.168.157.218 | op=SEND_HEARTBEAT {datanodeUUID=fa3f5044-84f5-4c3c-a0e4-383ceb43ef86, command=[]} | ret=SUCCESS |  
2019-08-20 14:17:13,608 [grpc-default-executor-1] INFO  client.GrpcClientProtocolClient (GrpcClientProtocolClient.java:onNext(255)) - client-592A4D592458->fa3f5044-84f5-4c3c-a0e4-383ceb43ef86: receive RaftClientReply:client-592A4D592458->fa3f5044-84f5-4c3c-a0e4-383ceb43ef86@group-DE271B0870CE, cid=44, SUCCESS, logIndex=5, commits[fa3f5044-84f5-4c3c-a0e4-383ceb43ef86:c6, ab54d0aa-45c9-4c80-aad1-fb02da82d4c1:c5, 8e57c45d-c95e-4a54-a459-391d2c10b1fa:c5]
2019-08-20 14:17:13,615 | INFO  | SCMAudit | user=jenkins1000 | ip=192.168.157.218 | op=SEND_HEARTBEAT {datanodeUUID=7daf3e09-cf23-4648-b9a4-99837f6061ba, command=[]} | ret=SUCCESS |  
2019-08-20 14:17:13,639 [grpc-default-executor-1] INFO  client.GrpcClientProtocolClient (GrpcClientProtocolClient.java:onNext(255)) - client-592A4D592458->fa3f5044-84f5-4c3c-a0e4-383ceb43ef86: receive RaftClientReply:client-592A4D592458->fa3f5044-84f5-4c3c-a0e4-383ceb43ef86@group-DE271B0870CE, cid=45, FAILED org.apache.ratis.protocol.StateMachineException: java.util.concurrent.CompletionException: java.lang.IllegalArgumentException, logIndex=7, commits[fa3f5044-84f5-4c3c-a0e4-383ceb43ef86:c7, ab54d0aa-45c9-4c80-aad1-fb02da82d4c1:c6, 8e57c45d-c95e-4a54-a459-391d2c10b1fa:c6]
2019-08-20 14:17:13,644 [main] INFO  ozone.MiniOzoneClusterImpl (MiniOzoneClusterImpl.java:shutdown(321)) - Shutting down the Mini Ozone Cluster
2019-08-20 14:17:13,644 | INFO  | SCMAudit | user=null | ip=null | op=GET_SCM_INFO null | ret=SUCCESS |  
2019-08-20 14:17:13,644 [main] INFO  ozone.MiniOzoneClusterImpl (MiniOzoneClusterImpl.java:stop(336)) - Stopping the Mini Ozone Cluster
2019-08-20 14:17:13,645 [main] INFO  ozone.MiniOzoneClusterImpl (MiniOzoneClusterImpl.java:stop(338)) - Stopping the OzoneManager
2019-08-20 14:17:13,645 [main] INFO  ipc.Server (Server.java:stop(3082)) - Stopping server on 37459
2019-08-20 14:17:13,656 [IPC Server listener on 37459] INFO  ipc.Server (Server.java:run(1185)) - Stopping IPC Server listener on 37459
2019-08-20 14:17:13,659 [main] INFO  ratis.OzoneManagerDoubleBuffer (OzoneManagerDoubleBuffer.java:stop(248)) - Stopping OMDoubleBuffer flush thread
2019-08-20 14:17:13,659 [IPC Server Responder] INFO  ipc.Server (Server.java:run(1319)) - Stopping IPC Server Responder
2019-08-20 14:17:13,673 [OMDoubleBufferFlushThread] INFO  ratis.OzoneManagerDoubleBuffer (OzoneManagerDoubleBuffer.java:flushTransactions(191)) - OMDoubleBuffer flush thread OMDoubleBufferFlushThread is interrupted and will exit. OMDoubleBufferFlushThread
2019-08-20 14:17:13,673 [main] INFO  utils.BackgroundService (BackgroundService.java:shutdown(148)) - Shutting down service KeyDeletingService
2019-08-20 14:17:13,675 [main] INFO  handler.ContextHandler (ContextHandler.java:doStop(910)) - Stopped o.e.j.w.WebAppContext@2eb6d34a{/,null,UNAVAILABLE}{/ozoneManager}
2019-08-20 14:17:13,675 [main] INFO  server.AbstractConnector (AbstractConnector.java:doStop(318)) - Stopped ServerConnector@2d73e8c4{HTTP/1.1,[http/1.1]}{0.0.0.0:0}
2019-08-20 14:17:13,676 [main] INFO  handler.ContextHandler (ContextHandler.java:doStop(910)) - Stopped o.e.j.s.ServletContextHandler@464400b3{/static,file:///workdir/hadoop-ozone/integration-test/target/test-classes/webapps/static,UNAVAILABLE}
2019-08-20 14:17:13,676 [main] INFO  handler.ContextHandler (ContextHandler.java:doStop(910)) - Stopped o.e.j.s.ServletContextHandler@4005e485{/logs,file:///workdir/hadoop-ozone/integration-test/target/log,UNAVAILABLE}
2019-08-20 14:17:13,679 [main] INFO  ozone.MiniOzoneClusterImpl (MiniOzoneClusterImpl.java:stop(344)) - Shutting the HddsDatanodes
2019-08-20 14:17:13,679 [main] INFO  datanode.ObjectStoreHandler (ObjectStoreHandler.java:close(155)) - Closing ObjectStoreHandler.
2019-08-20 14:17:13,679 [ForkJoinPool.commonPool-worker-1] INFO  datanode.ObjectStoreHandler (ObjectStoreHandler.java:close(155)) - Closing ObjectStoreHandler.
2019-08-20 14:17:13,680 [main] INFO  ozone.HddsDatanodeService (HddsDatanodeService.java:stop(451)) - Stopped plug-in org.apache.hadoop.ozone.web.OzoneHddsDatanodeService@470135da
2019-08-20 14:17:13,681 [ForkJoinPool.commonPool-worker-1] INFO  ozone.HddsDatanodeService (HddsDatanodeService.java:stop(451)) - Stopped plug-in org.apache.hadoop.ozone.web.OzoneHddsDatanodeService@4387d2f4
2019-08-20 14:17:13,689 | INFO  | DNAudit | user=null | ip=null | op=CREATE_CONTAINER {containerID=3, containerType=KeyValueContainer} | ret=SUCCESS |  
2019-08-20 14:17:13,689 [Datanode State Machine Thread - 0] INFO  statemachine.DatanodeStateMachine (DatanodeStateMachine.java:lambda$startDaemon$0(350)) - Ozone container server started.
2019-08-20 14:17:13,689 | INFO  | DNAudit | user=null | ip=null | op=CREATE_CONTAINER {containerID=3, containerType=KeyValueContainer} | ret=SUCCESS |  
2019-08-20 14:17:13,690 | INFO  | SCMAudit | user=jenkins1000 | ip=192.168.157.218 | op=SEND_HEARTBEAT {datanodeUUID=8e57c45d-c95e-4a54-a459-391d2c10b1fa, command=[]} | ret=SUCCESS |  
2019-08-20 14:17:13,765 | INFO  | SCMAudit | user=jenkins1000 | ip=192.168.157.218 | op=SEND_HEARTBEAT {datanodeUUID=104c0d76-7897-4d13-8f7d-7917ac27112c, command=[]} | ret=SUCCESS |  
2019-08-20 14:17:13,809 | INFO  | SCMAudit | user=jenkins1000 | ip=192.168.157.218 | op=SEND_HEARTBEAT {datanodeUUID=81acbee6-4241-4f67-881f-cd5af487d526, command=[]} | ret=SUCCESS |  
2019-08-20 14:17:14,420 | INFO  | SCMAudit | user=jenkins1000 | ip=192.168.157.218 | op=SEND_HEARTBEAT {datanodeUUID=f81e0742-261c-4f1d-a9d7-43862556ad20, command=[]} | ret=SUCCESS |  
2019-08-20 14:17:14,600 | INFO  | SCMAudit | user=jenkins1000 | ip=192.168.157.218 | op=SEND_HEARTBEAT {datanodeUUID=fa3f5044-84f5-4c3c-a0e4-383ceb43ef86, command=[]} | ret=SUCCESS |  
2019-08-20 14:17:14,614 [Datanode State Machine Thread - 0] INFO  statemachine.DatanodeStateMachine (DatanodeStateMachine.java:lambda$startDaemon$0(350)) - Ozone container server started.
2019-08-20 14:17:14,690 | INFO  | SCMAudit | user=jenkins1000 | ip=192.168.157.218 | op=SEND_HEARTBEAT {datanodeUUID=8e57c45d-c95e-4a54-a459-391d2c10b1fa, command=[]} | ret=SUCCESS |  
2019-08-20 14:17:14,764 | INFO  | SCMAudit | user=jenkins1000 | ip=192.168.157.218 | op=SEND_HEARTBEAT {datanodeUUID=104c0d76-7897-4d13-8f7d-7917ac27112c, command=[]} | ret=SUCCESS |  
2019-08-20 14:17:14,809 | INFO  | SCMAudit | user=jenkins1000 | ip=192.168.157.218 | op=SEND_HEARTBEAT {datanodeUUID=81acbee6-4241-4f67-881f-cd5af487d526, command=[]} | ret=SUCCESS |  
2019-08-20 14:17:15,421 | INFO  | SCMAudit | user=jenkins1000 | ip=192.168.157.218 | op=SEND_HEARTBEAT {datanodeUUID=f81e0742-261c-4f1d-a9d7-43862556ad20, command=[]} | ret=SUCCESS |  
2019-08-20 14:17:15,599 | INFO  | SCMAudit | user=jenkins1000 | ip=192.168.157.218 | op=SEND_HEARTBEAT {datanodeUUID=fa3f5044-84f5-4c3c-a0e4-383ceb43ef86, command=[]} | ret=SUCCESS |  
2019-08-20 14:17:15,690 | INFO  | SCMAudit | user=jenkins1000 | ip=192.168.157.218 | op=SEND_HEARTBEAT {datanodeUUID=8e57c45d-c95e-4a54-a459-391d2c10b1fa, command=[]} | ret=SUCCESS |  
2019-08-20 14:17:15,765 | INFO  | SCMAudit | user=jenkins1000 | ip=192.168.157.218 | op=SEND_HEARTBEAT {datanodeUUID=104c0d76-7897-4d13-8f7d-7917ac27112c, command=[]} | ret=SUCCESS |  
2019-08-20 14:17:15,809 | INFO  | SCMAudit | user=jenkins1000 | ip=192.168.157.218 | op=SEND_HEARTBEAT {datanodeUUID=81acbee6-4241-4f67-881f-cd5af487d526, command=[]} | ret=SUCCESS |  
2019-08-20 14:17:16,421 | INFO  | SCMAudit | user=jenkins1000 | ip=192.168.157.218 | op=SEND_HEARTBEAT {datanodeUUID=f81e0742-261c-4f1d-a9d7-43862556ad20, command=[]} | ret=SUCCESS |  
2019-08-20 14:17:16,599 | INFO  | SCMAudit | user=jenkins1000 | ip=192.168.157.218 | op=SEND_HEARTBEAT {datanodeUUID=fa3f5044-84f5-4c3c-a0e4-383ceb43ef86, command=[]} | ret=SUCCESS |  
2019-08-20 14:17:16,689 | INFO  | SCMAudit | user=jenkins1000 | ip=192.168.157.218 | op=SEND_HEARTBEAT {datanodeUUID=8e57c45d-c95e-4a54-a459-391d2c10b1fa, command=[]} | ret=SUCCESS |  
2019-08-20 14:17:16,764 | INFO  | SCMAudit | user=jenkins1000 | ip=192.168.157.218 | op=SEND_HEARTBEAT {datanodeUUID=104c0d76-7897-4d13-8f7d-7917ac27112c, command=[]} | ret=SUCCESS |  
2019-08-20 14:17:16,809 | INFO  | SCMAudit | user=jenkins1000 | ip=192.168.157.218 | op=SEND_HEARTBEAT {datanodeUUID=81acbee6-4241-4f67-881f-cd5af487d526, command=[]} | ret=SUCCESS |  
2019-08-20 14:17:17,421 | INFO  | SCMAudit | user=jenkins1000 | ip=192.168.157.218 | op=SEND_HEARTBEAT {datanodeUUID=f81e0742-261c-4f1d-a9d7-43862556ad20, command=[]} | ret=SUCCESS |  
2019-08-20 14:17:17,599 | INFO  | SCMAudit | user=jenkins1000 | ip=192.168.157.218 | op=SEND_HEARTBEAT {datanodeUUID=fa3f5044-84f5-4c3c-a0e4-383ceb43ef86, command=[]} | ret=SUCCESS |  
2019-08-20 14:17:17,689 | INFO  | SCMAudit | user=jenkins1000 | ip=192.168.157.218 | op=SEND_HEARTBEAT {datanodeUUID=8e57c45d-c95e-4a54-a459-391d2c10b1fa, command=[]} | ret=SUCCESS |  
2019-08-20 14:17:17,765 | INFO  | SCMAudit | user=jenkins1000 | ip=192.168.157.218 | op=SEND_HEARTBEAT {datanodeUUID=104c0d76-7897-4d13-8f7d-7917ac27112c, command=[]} | ret=SUCCESS |  
2019-08-20 14:17:17,809 | INFO  | SCMAudit | user=jenkins1000 | ip=192.168.157.218 | op=SEND_HEARTBEAT {datanodeUUID=81acbee6-4241-4f67-881f-cd5af487d526, command=[]} | ret=SUCCESS |  
2019-08-20 14:17:18,421 | INFO  | SCMAudit | user=jenkins1000 | ip=192.168.157.218 | op=SEND_HEARTBEAT {datanodeUUID=f81e0742-261c-4f1d-a9d7-43862556ad20, command=[]} | ret=SUCCESS |  
2019-08-20 14:17:18,599 | INFO  | SCMAudit | user=jenkins1000 | ip=192.168.157.218 | op=SEND_HEARTBEAT {datanodeUUID=fa3f5044-84f5-4c3c-a0e4-383ceb43ef86, command=[]} | ret=SUCCESS |  
2019-08-20 14:17:18,681 [main] INFO  ozoneimpl.OzoneContainer (OzoneContainer.java:stop(199)) - Attempting to stop container services.
2019-08-20 14:17:18,681 [main] INFO  impl.RaftServerProxy (RaftServerProxy.java:lambda$close$4(314)) - ab54d0aa-45c9-4c80-aad1-fb02da82d4c1: close
2019-08-20 14:17:18,682 [main] INFO  impl.RaftServerImpl (RaftServerImpl.java:lambda$shutdown$3(245)) - ab54d0aa-45c9-4c80-aad1-fb02da82d4c1: shutdown group-E2391E920E2F
2019-08-20 14:17:18,682 [ForkJoinPool.commonPool-worker-1] INFO  ozoneimpl.OzoneContainer (OzoneContainer.java:stop(199)) - Attempting to stop container services.
2019-08-20 14:17:18,682 [main] INFO  util.JmxRegister (JmxRegister.java:unregister(73)) - Successfully un-registered JMX Bean with object name Ratis:service=RaftServer,group=group-E2391E920E2F,id=ab54d0aa-45c9-4c80-aad1-fb02da82d4c1
2019-08-20 14:17:18,682 [ForkJoinPool.commonPool-worker-1] INFO  impl.RaftServerProxy (RaftServerProxy.java:lambda$close$4(314)) - 7daf3e09-cf23-4648-b9a4-99837f6061ba: close
2019-08-20 14:17:18,682 [main] INFO  impl.RoleInfo (RoleInfo.java:shutdownLeaderState(104)) - ab54d0aa-45c9-4c80-aad1-fb02da82d4c1: shutdown LeaderState
2019-08-20 14:17:18,683 [ForkJoinPool.commonPool-worker-1] INFO  impl.RaftServerImpl (RaftServerImpl.java:lambda$shutdown$3(245)) - 7daf3e09-cf23-4648-b9a4-99837f6061ba: shutdown group-84499F8FB012
2019-08-20 14:17:18,683 [main] INFO  impl.PendingRequests (PendingRequests.java:sendNotLeaderResponses(202)) - ab54d0aa-45c9-4c80-aad1-fb02da82d4c1-PendingRequests: sendNotLeaderResponses
2019-08-20 14:17:18,683 [ForkJoinPool.commonPool-worker-1] INFO  util.JmxRegister (JmxRegister.java:unregister(73)) - Successfully un-registered JMX Bean with object name Ratis:service=RaftServer,group=group-84499F8FB012,id=7daf3e09-cf23-4648-b9a4-99837f6061ba
2019-08-20 14:17:18,683 [main] INFO  impl.StateMachineUpdater (StateMachineUpdater.java:stopAndJoin(115)) - StateMachineUpdater:ab54d0aa-45c9-4c80-aad1-fb02da82d4c1:group-E2391E920E2F: set stopIndex = 0
2019-08-20 14:17:18,684 [ForkJoinPool.commonPool-worker-1] INFO  impl.RoleInfo (RoleInfo.java:shutdownLeaderState(104)) - 7daf3e09-cf23-4648-b9a4-99837f6061ba: shutdown LeaderState
2019-08-20 14:17:18,684 [main] INFO  impl.RaftServerImpl (ServerState.java:close(394)) - ab54d0aa-45c9-4c80-aad1-fb02da82d4c1:group-E2391E920E2F closes. The last applied log index is 0
2019-08-20 14:17:18,684 [ForkJoinPool.commonPool-worker-1] INFO  impl.PendingRequests (PendingRequests.java:sendNotLeaderResponses(202)) - 7daf3e09-cf23-4648-b9a4-99837f6061ba-PendingRequests: sendNotLeaderResponses
2019-08-20 14:17:18,684 [ab54d0aa-45c9-4c80-aad1-fb02da82d4c1-SegmentedRaftLogWorker:Storage Directory /workdir/hadoop-ozone/integration-test/target/test-dir/MiniOzoneClusterImpl-1e699435-ac44-4e4c-83e9-3412d5c7c720/datanode-4/data/ratis/9a549469-44df-483a-950e-e2391e920e2f] INFO  segmented.SegmentedRaftLogWorker (SegmentedRaftLogWorker.java:run(313)) - ab54d0aa-45c9-4c80-aad1-fb02da82d4c1-SegmentedRaftLogWorker:Storage Directory /workdir/hadoop-ozone/integration-test/target/test-dir/MiniOzoneClusterImpl-1e699435-ac44-4e4c-83e9-3412d5c7c720/datanode-4/data/ratis/9a549469-44df-483a-950e-e2391e920e2f was interrupted, exiting. There are 0 tasks remaining in the queue.
2019-08-20 14:17:18,685 [ForkJoinPool.commonPool-worker-1] INFO  impl.StateMachineUpdater (StateMachineUpdater.java:stopAndJoin(115)) - StateMachineUpdater:7daf3e09-cf23-4648-b9a4-99837f6061ba:group-84499F8FB012: set stopIndex = 0
2019-08-20 14:17:18,689 [ForkJoinPool.commonPool-worker-1] INFO  impl.RaftServerImpl (ServerState.java:close(394)) - 7daf3e09-cf23-4648-b9a4-99837f6061ba:group-84499F8FB012 closes. The last applied log index is 0
2019-08-20 14:17:18,689 [main] INFO  segmented.SegmentedRaftLogWorker (SegmentedRaftLogWorker.java:close(228)) - ab54d0aa-45c9-4c80-aad1-fb02da82d4c1-SegmentedRaftLogWorker:Storage Directory /workdir/hadoop-ozone/integration-test/target/test-dir/MiniOzoneClusterImpl-1e699435-ac44-4e4c-83e9-3412d5c7c720/datanode-4/data/ratis/9a549469-44df-483a-950e-e2391e920e2f close()
2019-08-20 14:17:18,689 [7daf3e09-cf23-4648-b9a4-99837f6061ba-SegmentedRaftLogWorker:Storage Directory /workdir/hadoop-ozone/integration-test/target/test-dir/MiniOzoneClusterImpl-1e699435-ac44-4e4c-83e9-3412d5c7c720/datanode-1/data/ratis/73eff577-4bcc-4429-af24-84499f8fb012] INFO  segmented.SegmentedRaftLogWorker (SegmentedRaftLogWorker.java:run(313)) - 7daf3e09-cf23-4648-b9a4-99837f6061ba-SegmentedRaftLogWorker:Storage Directory /workdir/hadoop-ozone/integration-test/target/test-dir/MiniOzoneClusterImpl-1e699435-ac44-4e4c-83e9-3412d5c7c720/datanode-1/data/ratis/73eff577-4bcc-4429-af24-84499f8fb012 was interrupted, exiting. There are 0 tasks remaining in the queue.
2019-08-20 14:17:18,689 | INFO  | SCMAudit | user=jenkins1000 | ip=192.168.157.218 | op=SEND_HEARTBEAT {datanodeUUID=8e57c45d-c95e-4a54-a459-391d2c10b1fa, command=[]} | ret=SUCCESS |  
2019-08-20 14:17:18,697 [main] INFO  impl.RaftServerImpl (RaftServerImpl.java:lambda$shutdown$3(245)) - ab54d0aa-45c9-4c80-aad1-fb02da82d4c1: shutdown group-DE271B0870CE
2019-08-20 14:17:18,697 [ForkJoinPool.commonPool-worker-1] INFO  segmented.SegmentedRaftLogWorker (SegmentedRaftLogWorker.java:close(228)) - 7daf3e09-cf23-4648-b9a4-99837f6061ba-SegmentedRaftLogWorker:Storage Directory /workdir/hadoop-ozone/integration-test/target/test-dir/MiniOzoneClusterImpl-1e699435-ac44-4e4c-83e9-3412d5c7c720/datanode-1/data/ratis/73eff577-4bcc-4429-af24-84499f8fb012 close()
2019-08-20 14:17:18,697 [main] INFO  util.JmxRegister (JmxRegister.java:unregister(73)) - Successfully un-registered JMX Bean with object name Ratis:service=RaftServer,group=group-DE271B0870CE,id=ab54d0aa-45c9-4c80-aad1-fb02da82d4c1
2019-08-20 14:17:18,704 [ForkJoinPool.commonPool-worker-1] INFO  impl.RaftServerImpl (RaftServerImpl.java:lambda$shutdown$3(245)) - 7daf3e09-cf23-4648-b9a4-99837f6061ba: shutdown group-37350B33DEF5
2019-08-20 14:17:18,705 [main] INFO  impl.RoleInfo (RoleInfo.java:shutdownFollowerState(121)) - ab54d0aa-45c9-4c80-aad1-fb02da82d4c1: shutdown FollowerState
2019-08-20 14:17:18,705 [ForkJoinPool.commonPool-worker-1] INFO  util.JmxRegister (JmxRegister.java:unregister(73)) - Successfully un-registered JMX Bean with object name Ratis:service=RaftServer,group=group-37350B33DEF5,id=7daf3e09-cf23-4648-b9a4-99837f6061ba
2019-08-20 14:17:18,705 [StateMachineUpdater:ab54d0aa-45c9-4c80-aad1-fb02da82d4c1:group-DE271B0870CE] INFO  ratis.ContainerStateMachine (ContainerStateMachine.java:takeSnapshot(271)) - group-DE271B0870CE: Taking a snapshot at:(t:2, i:6) file /workdir/hadoop-ozone/integration-test/target/test-dir/MiniOzoneClusterImpl-1e699435-ac44-4e4c-83e9-3412d5c7c720/datanode-4/data/ratis/17703c9d-fe06-41de-93bd-de271b0870ce/sm/snapshot.2_6
2019-08-20 14:17:18,705 [Thread-938] INFO  impl.FollowerState (FollowerState.java:run(114)) - ab54d0aa-45c9-4c80-aad1-fb02da82d4c1: FollowerState was interrupted: java.lang.InterruptedException: sleep interrupted
2019-08-20 14:17:18,705 [main] INFO  impl.StateMachineUpdater (StateMachineUpdater.java:stopAndJoin(115)) - StateMachineUpdater:ab54d0aa-45c9-4c80-aad1-fb02da82d4c1:group-DE271B0870CE: set stopIndex = 8
2019-08-20 14:17:18,705 [ForkJoinPool.commonPool-worker-1] INFO  impl.RoleInfo (RoleInfo.java:shutdownLeaderState(104)) - 7daf3e09-cf23-4648-b9a4-99837f6061ba: shutdown LeaderState
2019-08-20 14:17:18,726 [org.apache.ratis.server.impl.LogAppender$AppenderDaemon$$Lambda$486/262344910@72efa5c6] WARN  server.GrpcLogAppender (GrpcLogAppender.java:mayWait(143)) - GrpcLogAppender(7daf3e09-cf23-4648-b9a4-99837f6061ba->f81e0742-261c-4f1d-a9d7-43862556ad20): Wait interrupted by java.lang.InterruptedException
2019-08-20 14:17:18,726 [org.apache.ratis.server.impl.LogAppender$AppenderDaemon$$Lambda$486/262344910@37ed25ff] WARN  server.GrpcLogAppender (GrpcLogAppender.java:mayWait(143)) - GrpcLogAppender(7daf3e09-cf23-4648-b9a4-99837f6061ba->81acbee6-4241-4f67-881f-cd5af487d526): Wait interrupted by java.lang.InterruptedException
2019-08-20 14:17:18,726 [ForkJoinPool.commonPool-worker-1] INFO  impl.PendingRequests (PendingRequests.java:sendNotLeaderResponses(202)) - 7daf3e09-cf23-4648-b9a4-99837f6061ba-PendingRequests: sendNotLeaderResponses
2019-08-20 14:17:18,726 [ForkJoinPool.commonPool-worker-1] INFO  impl.StateMachineUpdater (StateMachineUpdater.java:stopAndJoin(115)) - StateMachineUpdater:7daf3e09-cf23-4648-b9a4-99837f6061ba:group-37350B33DEF5: set stopIndex = 0
2019-08-20 14:17:18,726 [ForkJoinPool.commonPool-worker-1] INFO  impl.RaftServerImpl (ServerState.java:close(394)) - 7daf3e09-cf23-4648-b9a4-99837f6061ba:group-37350B33DEF5 closes. The last applied log index is 0
2019-08-20 14:17:18,727 [grpc-default-executor-2] INFO  server.GrpcServerProtocolService (GrpcServerProtocolService.java:onCompleted(104)) - f81e0742-261c-4f1d-a9d7-43862556ad20: appendEntries completed
2019-08-20 14:17:18,727 [7daf3e09-cf23-4648-b9a4-99837f6061ba-SegmentedRaftLogWorker:Storage Directory /workdir/hadoop-ozone/integration-test/target/test-dir/MiniOzoneClusterImpl-1e699435-ac44-4e4c-83e9-3412d5c7c720/datanode-1/data/ratis/86317f8f-4c7f-4884-92f8-37350b33def5] INFO  segmented.SegmentedRaftLogWorker (SegmentedRaftLogWorker.java:run(313)) - 7daf3e09-cf23-4648-b9a4-99837f6061ba-SegmentedRaftLogWorker:Storage Directory /workdir/hadoop-ozone/integration-test/target/test-dir/MiniOzoneClusterImpl-1e699435-ac44-4e4c-83e9-3412d5c7c720/datanode-1/data/ratis/86317f8f-4c7f-4884-92f8-37350b33def5 was interrupted, exiting. There are 0 tasks remaining in the queue.
2019-08-20 14:17:18,727 [grpc-default-executor-1] INFO  server.GrpcServerProtocolService (GrpcServerProtocolService.java:onCompleted(104)) - 81acbee6-4241-4f67-881f-cd5af487d526: appendEntries completed
2019-08-20 14:17:18,730 [ForkJoinPool.commonPool-worker-1] INFO  segmented.SegmentedRaftLogWorker (SegmentedRaftLogWorker.java:close(228)) - 7daf3e09-cf23-4648-b9a4-99837f6061ba-SegmentedRaftLogWorker:Storage Directory /workdir/hadoop-ozone/integration-test/target/test-dir/MiniOzoneClusterImpl-1e699435-ac44-4e4c-83e9-3412d5c7c720/datanode-1/data/ratis/86317f8f-4c7f-4884-92f8-37350b33def5 close()
2019-08-20 14:17:18,730 [grpc-default-executor-2] INFO  server.GrpcLogAppender (GrpcLogAppender.java:onCompleted(292)) - 7daf3e09-cf23-4648-b9a4-99837f6061ba->f81e0742-261c-4f1d-a9d7-43862556ad20: follower responses appendEntries COMPLETED
2019-08-20 14:17:18,736 [grpc-default-executor-1] INFO  server.GrpcLogAppender (GrpcLogAppender.java:onCompleted(292)) - 7daf3e09-cf23-4648-b9a4-99837f6061ba->81acbee6-4241-4f67-881f-cd5af487d526: follower responses appendEntries COMPLETED
2019-08-20 14:17:18,736 [ForkJoinPool.commonPool-worker-1] INFO  server.GrpcService (GrpcService.java:closeImpl(155)) - 7daf3e09-cf23-4648-b9a4-99837f6061ba: shutdown server with port 45198 now
2019-08-20 14:17:18,743 [grpc-default-executor-2] INFO  impl.FollowerInfo (FollowerInfo.java:lambda$new$0(50)) - 7daf3e09-cf23-4648-b9a4-99837f6061ba->f81e0742-261c-4f1d-a9d7-43862556ad20: nextIndex: updateUnconditionally 1 -> 0
2019-08-20 14:17:18,743 [grpc-default-executor-1] INFO  impl.FollowerInfo (FollowerInfo.java:lambda$new$0(50)) - 7daf3e09-cf23-4648-b9a4-99837f6061ba->81acbee6-4241-4f67-881f-cd5af487d526: nextIndex: updateUnconditionally 1 -> 0
2019-08-20 14:17:18,739 [StateMachineUpdater:ab54d0aa-45c9-4c80-aad1-fb02da82d4c1:group-DE271B0870CE] INFO  ratis.ContainerStateMachine (ContainerStateMachine.java:takeSnapshot(282)) - group-DE271B0870CE: Finished taking a snapshot at:(t:2, i:6) file:/workdir/hadoop-ozone/integration-test/target/test-dir/MiniOzoneClusterImpl-1e699435-ac44-4e4c-83e9-3412d5c7c720/datanode-4/data/ratis/17703c9d-fe06-41de-93bd-de271b0870ce/sm/snapshot.2_6 time:34
2019-08-20 14:17:18,743 [StateMachineUpdater:ab54d0aa-45c9-4c80-aad1-fb02da82d4c1:group-DE271B0870CE] INFO  impl.StateMachineUpdater (StateMachineUpdater.java:takeSnapshot(242)) - StateMachineUpdater:ab54d0aa-45c9-4c80-aad1-fb02da82d4c1:group-DE271B0870CE: Took a snapshot at index 6
2019-08-20 14:17:18,744 [StateMachineUpdater:ab54d0aa-45c9-4c80-aad1-fb02da82d4c1:group-DE271B0870CE] INFO  impl.StateMachineUpdater (StateMachineUpdater.java:lambda$new$0(80)) - StateMachineUpdater:ab54d0aa-45c9-4c80-aad1-fb02da82d4c1:group-DE271B0870CE: snapshotIndex: updateIncreasingly -1 -> 6
2019-08-20 14:17:18,744 [ForkJoinPool.commonPool-worker-1] INFO  server.GrpcService (GrpcService.java:closeImpl(163)) - 7daf3e09-cf23-4648-b9a4-99837f6061ba: shutdown server with port 45198 successfully
2019-08-20 14:17:18,744 [main] INFO  impl.RaftServerImpl (ServerState.java:close(394)) - ab54d0aa-45c9-4c80-aad1-fb02da82d4c1:group-DE271B0870CE closes. The last applied log index is 8
2019-08-20 14:17:18,745 [ab54d0aa-45c9-4c80-aad1-fb02da82d4c1-SegmentedRaftLogWorker:Storage Directory /workdir/hadoop-ozone/integration-test/target/test-dir/MiniOzoneClusterImpl-1e699435-ac44-4e4c-83e9-3412d5c7c720/datanode-4/data/ratis/17703c9d-fe06-41de-93bd-de271b0870ce] INFO  segmented.SegmentedRaftLogWorker (SegmentedRaftLogWorker.java:run(313)) - ab54d0aa-45c9-4c80-aad1-fb02da82d4c1-SegmentedRaftLogWorker:Storage Directory /workdir/hadoop-ozone/integration-test/target/test-dir/MiniOzoneClusterImpl-1e699435-ac44-4e4c-83e9-3412d5c7c720/datanode-4/data/ratis/17703c9d-fe06-41de-93bd-de271b0870ce was interrupted, exiting. There are 0 tasks remaining in the queue.
2019-08-20 14:17:18,748 [main] INFO  segmented.SegmentedRaftLogWorker (SegmentedRaftLogWorker.java:close(228)) - ab54d0aa-45c9-4c80-aad1-fb02da82d4c1-SegmentedRaftLogWorker:Storage Directory /workdir/hadoop-ozone/integration-test/target/test-dir/MiniOzoneClusterImpl-1e699435-ac44-4e4c-83e9-3412d5c7c720/datanode-4/data/ratis/17703c9d-fe06-41de-93bd-de271b0870ce close()
2019-08-20 14:17:18,757 [main] INFO  server.GrpcService (GrpcService.java:closeImpl(155)) - ab54d0aa-45c9-4c80-aad1-fb02da82d4c1: shutdown server with port 41845 now
2019-08-20 14:17:18,770 | INFO  | SCMAudit | user=jenkins1000 | ip=192.168.157.218 | op=SEND_HEARTBEAT {datanodeUUID=104c0d76-7897-4d13-8f7d-7917ac27112c, command=[]} | ret=SUCCESS |  
2019-08-20 14:17:18,771 [grpc-default-executor-2] WARN  server.GrpcServerProtocolService (LogUtils.java:warn(134)) - ab54d0aa-45c9-4c80-aad1-fb02da82d4c1: appendEntries onError: org.apache.ratis.thirdparty.io.grpc.StatusRuntimeException: CANCELLED: cancelled before receiving half close
2019-08-20 14:17:18,771 [main] INFO  server.GrpcService (GrpcService.java:closeImpl(163)) - ab54d0aa-45c9-4c80-aad1-fb02da82d4c1: shutdown server with port 41845 successfully
2019-08-20 14:17:18,771 [ForkJoinPool.commonPool-worker-1] INFO  utils.BackgroundService (BackgroundService.java:shutdown(148)) - Shutting down service BlockDeletingService
2019-08-20 14:17:18,772 [grpc-default-executor-1] WARN  server.GrpcLogAppender (LogUtils.java:warn(134)) - fa3f5044-84f5-4c3c-a0e4-383ceb43ef86->ab54d0aa-45c9-4c80-aad1-fb02da82d4c1: Failed appendEntries: org.apache.ratis.thirdparty.io.grpc.StatusRuntimeException: CANCELLED: HTTP/2 error code: CANCEL
Received Rst Stream
2019-08-20 14:17:18,772 [grpc-default-executor-1] INFO  impl.FollowerInfo (FollowerInfo.java:lambda$new$0(50)) - fa3f5044-84f5-4c3c-a0e4-383ceb43ef86->ab54d0aa-45c9-4c80-aad1-fb02da82d4c1: nextIndex: updateUnconditionally 9 -> 8
2019-08-20 14:17:18,774 [refreshUsed-/workdir/hadoop-ozone/integration-test/target/test-dir/MiniOzoneClusterImpl-1e699435-ac44-4e4c-83e9-3412d5c7c720/datanode-1/data/containers] WARN  fs.CachingGetSpaceUsed (CachingGetSpaceUsed.java:run(183)) - Thread Interrupted waiting to refresh disk information: sleep interrupted
2019-08-20 14:17:18,775 [main] INFO  utils.BackgroundService (BackgroundService.java:shutdown(148)) - Shutting down service BlockDeletingService
2019-08-20 14:17:18,776 [refreshUsed-/workdir/hadoop-ozone/integration-test/target/test-dir/MiniOzoneClusterImpl-1e699435-ac44-4e4c-83e9-3412d5c7c720/datanode-4/data/containers] WARN  fs.CachingGetSpaceUsed (CachingGetSpaceUsed.java:run(183)) - Thread Interrupted waiting to refresh disk information: sleep interrupted
2019-08-20 14:17:18,801 [ForkJoinPool.commonPool-worker-1] INFO  statemachine.DatanodeStateMachine (DatanodeStateMachine.java:stopDaemon(395)) - Ozone container server stopped.
2019-08-20 14:17:18,801 [main] INFO  statemachine.DatanodeStateMachine (DatanodeStateMachine.java:stopDaemon(395)) - Ozone container server stopped.
2019-08-20 14:17:18,807 [ForkJoinPool.commonPool-worker-1] INFO  handler.ContextHandler (ContextHandler.java:doStop(910)) - Stopped o.e.j.w.WebAppContext@26101efc{/,null,UNAVAILABLE}{/hddsDatanode}
2019-08-20 14:17:18,807 [main] INFO  handler.ContextHandler (ContextHandler.java:doStop(910)) - Stopped o.e.j.w.WebAppContext@1b69fc07{/,null,UNAVAILABLE}{/hddsDatanode}
2019-08-20 14:17:18,807 [ForkJoinPool.commonPool-worker-1] INFO  server.AbstractConnector (AbstractConnector.java:doStop(318)) - Stopped ServerConnector@4e2109fe{HTTP/1.1,[http/1.1]}{0.0.0.0:0}
2019-08-20 14:17:18,807 [main] INFO  server.AbstractConnector (AbstractConnector.java:doStop(318)) - Stopped ServerConnector@19e801b5{HTTP/1.1,[http/1.1]}{0.0.0.0:0}
2019-08-20 14:17:18,809 [ForkJoinPool.commonPool-worker-1] INFO  handler.ContextHandler (ContextHandler.java:doStop(910)) - Stopped o.e.j.s.ServletContextHandler@311a0b3e{/static,jar:file:/home/user/.m2/repository/org/apache/hadoop/hadoop-hdds-container-service/0.5.0-SNAPSHOT/hadoop-hdds-container-service-0.5.0-SNAPSHOT.jar!/webapps/static,UNAVAILABLE}
2019-08-20 14:17:18,809 [main] INFO  handler.ContextHandler (ContextHandler.java:doStop(910)) - Stopped o.e.j.s.ServletContextHandler@9d3a7a1{/static,jar:file:/home/user/.m2/repository/org/apache/hadoop/hadoop-hdds-container-service/0.5.0-SNAPSHOT/hadoop-hdds-container-service-0.5.0-SNAPSHOT.jar!/webapps/static,UNAVAILABLE}
2019-08-20 14:17:18,811 [ForkJoinPool.commonPool-worker-1] INFO  handler.ContextHandler (ContextHandler.java:doStop(910)) - Stopped o.e.j.s.ServletContextHandler@794cb26b{/logs,file:///workdir/hadoop-ozone/integration-test/target/log,UNAVAILABLE}
2019-08-20 14:17:18,811 | INFO  | SCMAudit | user=jenkins1000 | ip=192.168.157.218 | op=SEND_HEARTBEAT {datanodeUUID=81acbee6-4241-4f67-881f-cd5af487d526, command=[]} | ret=SUCCESS |  
2019-08-20 14:17:18,811 [main] INFO  handler.ContextHandler (ContextHandler.java:doStop(910)) - Stopped o.e.j.s.ServletContextHandler@38cf4497{/logs,file:///workdir/hadoop-ozone/integration-test/target/log,UNAVAILABLE}
2019-08-20 14:17:18,812 [ForkJoinPool.commonPool-worker-1] INFO  datanode.ObjectStoreHandler (ObjectStoreHandler.java:close(155)) - Closing ObjectStoreHandler.
2019-08-20 14:17:18,812 [main] INFO  datanode.ObjectStoreHandler (ObjectStoreHandler.java:close(155)) - Closing ObjectStoreHandler.
2019-08-20 14:17:18,813 [main] INFO  ozone.HddsDatanodeService (HddsDatanodeService.java:stop(451)) - Stopped plug-in org.apache.hadoop.ozone.web.OzoneHddsDatanodeService@43b4ec0c
2019-08-20 14:17:18,813 [ForkJoinPool.commonPool-worker-1] INFO  ozone.HddsDatanodeService (HddsDatanodeService.java:stop(451)) - Stopped plug-in org.apache.hadoop.ozone.web.OzoneHddsDatanodeService@4ef31221
2019-08-20 14:17:19,422 | INFO  | SCMAudit | user=jenkins1000 | ip=192.168.157.218 | op=SEND_HEARTBEAT {datanodeUUID=f81e0742-261c-4f1d-a9d7-43862556ad20, command=[]} | ret=SUCCESS |  
2019-08-20 14:17:19,599 | INFO  | SCMAudit | user=jenkins1000 | ip=192.168.157.218 | op=SEND_HEARTBEAT {datanodeUUID=fa3f5044-84f5-4c3c-a0e4-383ceb43ef86, command=[]} | ret=SUCCESS |  
2019-08-20 14:17:19,689 [Datanode State Machine Thread - 0] INFO  statemachine.DatanodeStateMachine (DatanodeStateMachine.java:lambda$startDaemon$0(350)) - Ozone container server started.
2019-08-20 14:17:19,771 | INFO  | SCMAudit | user=jenkins1000 | ip=192.168.157.218 | op=SEND_HEARTBEAT {datanodeUUID=104c0d76-7897-4d13-8f7d-7917ac27112c, command=[]} | ret=SUCCESS |  
2019-08-20 14:17:19,810 [Datanode State Machine Thread - 0] INFO  statemachine.DatanodeStateMachine (DatanodeStateMachine.java:lambda$startDaemon$0(350)) - Ozone container server started.
2019-08-20 14:17:20,421 | INFO  | SCMAudit | user=jenkins1000 | ip=192.168.157.218 | op=SEND_HEARTBEAT {datanodeUUID=f81e0742-261c-4f1d-a9d7-43862556ad20, command=[]} | ret=SUCCESS |  
2019-08-20 14:17:20,599 | INFO  | SCMAudit | user=jenkins1000 | ip=192.168.157.218 | op=SEND_HEARTBEAT {datanodeUUID=fa3f5044-84f5-4c3c-a0e4-383ceb43ef86, command=[]} | ret=SUCCESS |  
2019-08-20 14:17:20,772 | INFO  | SCMAudit | user=jenkins1000 | ip=192.168.157.218 | op=SEND_HEARTBEAT {datanodeUUID=104c0d76-7897-4d13-8f7d-7917ac27112c, command=[]} | ret=SUCCESS |  
2019-08-20 14:17:21,154 [grpc-default-executor-1] WARN  server.GrpcLogAppender (LogUtils.java:warn(134)) - fa3f5044-84f5-4c3c-a0e4-383ceb43ef86->ab54d0aa-45c9-4c80-aad1-fb02da82d4c1: Failed appendEntries: org.apache.ratis.thirdparty.io.grpc.StatusRuntimeException: UNAVAILABLE: io exception
2019-08-20 14:17:21,157 [grpc-default-executor-1] INFO  impl.FollowerInfo (FollowerInfo.java:lambda$new$0(50)) - fa3f5044-84f5-4c3c-a0e4-383ceb43ef86->ab54d0aa-45c9-4c80-aad1-fb02da82d4c1: nextIndex: updateUnconditionally 8 -> 7
2019-08-20 14:17:21,421 | INFO  | SCMAudit | user=jenkins1000 | ip=192.168.157.218 | op=SEND_HEARTBEAT {datanodeUUID=f81e0742-261c-4f1d-a9d7-43862556ad20, command=[]} | ret=SUCCESS |  
2019-08-20 14:17:21,600 | INFO  | SCMAudit | user=jenkins1000 | ip=192.168.157.218 | op=SEND_HEARTBEAT {datanodeUUID=fa3f5044-84f5-4c3c-a0e4-383ceb43ef86, command=[]} | ret=SUCCESS |  
2019-08-20 14:17:21,772 | INFO  | SCMAudit | user=jenkins1000 | ip=192.168.157.218 | op=SEND_HEARTBEAT {datanodeUUID=104c0d76-7897-4d13-8f7d-7917ac27112c, command=[]} | ret=SUCCESS |  
2019-08-20 14:17:22,422 | INFO  | SCMAudit | user=jenkins1000 | ip=192.168.157.218 | op=SEND_HEARTBEAT {datanodeUUID=f81e0742-261c-4f1d-a9d7-43862556ad20, command=[]} | ret=SUCCESS |  
2019-08-20 14:17:22,543 [Thread-917] INFO  impl.FollowerState (FollowerState.java:run(106)) - f81e0742-261c-4f1d-a9d7-43862556ad20:group-37350B33DEF5 changes to CANDIDATE, lastRpcTime:5179, electionTimeout:5111ms
2019-08-20 14:17:22,544 [Thread-917] INFO  impl.RoleInfo (RoleInfo.java:shutdownFollowerState(121)) - f81e0742-261c-4f1d-a9d7-43862556ad20: shutdown FollowerState
2019-08-20 14:17:22,544 [Thread-917] INFO  impl.RaftServerImpl (RaftServerImpl.java:setRole(171)) - f81e0742-261c-4f1d-a9d7-43862556ad20:group-37350B33DEF5 changes role from FOLLOWER to CANDIDATE at term 2 for changeToCandidate
2019-08-20 14:17:22,544 [Thread-917] INFO  impl.RoleInfo (RoleInfo.java:updateAndGet(143)) - f81e0742-261c-4f1d-a9d7-43862556ad20: start LeaderElection
2019-08-20 14:17:22,545 [f81e0742-261c-4f1d-a9d7-43862556ad20:group-37350B33DEF5:LeaderElection37] INFO  impl.RaftServerImpl (ServerState.java:setLeader(263)) - f81e0742-261c-4f1d-a9d7-43862556ad20:group-37350B33DEF5 change Leader from 7daf3e09-cf23-4648-b9a4-99837f6061ba to null at term 2 for initElection
2019-08-20 14:17:22,601 | INFO  | SCMAudit | user=jenkins1000 | ip=192.168.157.218 | op=SEND_HEARTBEAT {datanodeUUID=fa3f5044-84f5-4c3c-a0e4-383ceb43ef86, command=[]} | ret=SUCCESS |  
2019-08-20 14:17:22,771 | INFO  | SCMAudit | user=jenkins1000 | ip=192.168.157.218 | op=SEND_HEARTBEAT {datanodeUUID=104c0d76-7897-4d13-8f7d-7917ac27112c, command=[]} | ret=SUCCESS |  
2019-08-20 14:17:23,421 | INFO  | SCMAudit | user=jenkins1000 | ip=192.168.157.218 | op=SEND_HEARTBEAT {datanodeUUID=f81e0742-261c-4f1d-a9d7-43862556ad20, command=[]} | ret=SUCCESS |  
2019-08-20 14:17:23,600 | INFO  | SCMAudit | user=jenkins1000 | ip=192.168.157.218 | op=SEND_HEARTBEAT {datanodeUUID=fa3f5044-84f5-4c3c-a0e4-383ceb43ef86, command=[]} | ret=SUCCESS |  
2019-08-20 14:17:23,655 [grpc-default-executor-4] WARN  server.GrpcLogAppender (LogUtils.java:warn(134)) - fa3f5044-84f5-4c3c-a0e4-383ceb43ef86->ab54d0aa-45c9-4c80-aad1-fb02da82d4c1: Failed appendEntries: org.apache.ratis.thirdparty.io.grpc.StatusRuntimeException: UNAVAILABLE: io exception
2019-08-20 14:17:23,659 [grpc-default-executor-4] INFO  impl.FollowerInfo (FollowerInfo.java:lambda$new$0(50)) - fa3f5044-84f5-4c3c-a0e4-383ceb43ef86->ab54d0aa-45c9-4c80-aad1-fb02da82d4c1: nextIndex: updateUnconditionally 7 -> 6
2019-08-20 14:17:23,771 | INFO  | SCMAudit | user=jenkins1000 | ip=192.168.157.218 | op=SEND_HEARTBEAT {datanodeUUID=104c0d76-7897-4d13-8f7d-7917ac27112c, command=[]} | ret=SUCCESS |  
2019-08-20 14:17:23,814 [main] INFO  ozoneimpl.OzoneContainer (OzoneContainer.java:stop(199)) - Attempting to stop container services.
2019-08-20 14:17:23,814 [ForkJoinPool.commonPool-worker-1] INFO  ozoneimpl.OzoneContainer (OzoneContainer.java:stop(199)) - Attempting to stop container services.
2019-08-20 14:17:23,814 [main] INFO  impl.RaftServerProxy (RaftServerProxy.java:lambda$close$4(314)) - 8e57c45d-c95e-4a54-a459-391d2c10b1fa: close
2019-08-20 14:17:23,815 [ForkJoinPool.commonPool-worker-1] INFO  impl.RaftServerProxy (RaftServerProxy.java:lambda$close$4(314)) - 81acbee6-4241-4f67-881f-cd5af487d526: close
2019-08-20 14:17:23,815 [main] INFO  impl.RaftServerImpl (RaftServerImpl.java:lambda$shutdown$3(245)) - 8e57c45d-c95e-4a54-a459-391d2c10b1fa: shutdown group-0E8AA4FA5782
2019-08-20 14:17:23,815 [ForkJoinPool.commonPool-worker-1] INFO  impl.RaftServerImpl (RaftServerImpl.java:lambda$shutdown$3(245)) - 81acbee6-4241-4f67-881f-cd5af487d526: shutdown group-BDAB68432FB5
2019-08-20 14:17:23,816 [main] INFO  util.JmxRegister (JmxRegister.java:unregister(73)) - Successfully un-registered JMX Bean with object name Ratis:service=RaftServer,group=group-0E8AA4FA5782,id=8e57c45d-c95e-4a54-a459-391d2c10b1fa
2019-08-20 14:17:23,816 [ForkJoinPool.commonPool-worker-1] INFO  util.JmxRegister (JmxRegister.java:unregister(73)) - Successfully un-registered JMX Bean with object name Ratis:service=RaftServer,group=group-BDAB68432FB5,id=81acbee6-4241-4f67-881f-cd5af487d526
2019-08-20 14:17:23,816 [main] INFO  impl.RoleInfo (RoleInfo.java:shutdownLeaderState(104)) - 8e57c45d-c95e-4a54-a459-391d2c10b1fa: shutdown LeaderState
2019-08-20 14:17:23,817 [ForkJoinPool.commonPool-worker-1] INFO  impl.RoleInfo (RoleInfo.java:shutdownLeaderState(104)) - 81acbee6-4241-4f67-881f-cd5af487d526: shutdown LeaderState
2019-08-20 14:17:23,817 [main] INFO  impl.PendingRequests (PendingRequests.java:sendNotLeaderResponses(202)) - 8e57c45d-c95e-4a54-a459-391d2c10b1fa-PendingRequests: sendNotLeaderResponses
2019-08-20 14:17:23,817 [ForkJoinPool.commonPool-worker-1] INFO  impl.PendingRequests (PendingRequests.java:sendNotLeaderResponses(202)) - 81acbee6-4241-4f67-881f-cd5af487d526-PendingRequests: sendNotLeaderResponses
2019-08-20 14:17:23,818 [main] INFO  impl.StateMachineUpdater (StateMachineUpdater.java:stopAndJoin(115)) - StateMachineUpdater:8e57c45d-c95e-4a54-a459-391d2c10b1fa:group-0E8AA4FA5782: set stopIndex = 0
2019-08-20 14:17:23,818 [ForkJoinPool.commonPool-worker-1] INFO  impl.StateMachineUpdater (StateMachineUpdater.java:stopAndJoin(115)) - StateMachineUpdater:81acbee6-4241-4f67-881f-cd5af487d526:group-BDAB68432FB5: set stopIndex = 0
2019-08-20 14:17:23,819 [main] INFO  impl.RaftServerImpl (ServerState.java:close(394)) - 8e57c45d-c95e-4a54-a459-391d2c10b1fa:group-0E8AA4FA5782 closes. The last applied log index is 0
2019-08-20 14:17:23,819 [ForkJoinPool.commonPool-worker-1] INFO  impl.RaftServerImpl (ServerState.java:close(394)) - 81acbee6-4241-4f67-881f-cd5af487d526:group-BDAB68432FB5 closes. The last applied log index is 0
2019-08-20 14:17:23,819 [8e57c45d-c95e-4a54-a459-391d2c10b1fa-SegmentedRaftLogWorker:Storage Directory /workdir/hadoop-ozone/integration-test/target/test-dir/MiniOzoneClusterImpl-1e699435-ac44-4e4c-83e9-3412d5c7c720/datanode-3/data/ratis/9383aa33-2b4b-446c-89b4-0e8aa4fa5782] INFO  segmented.SegmentedRaftLogWorker (SegmentedRaftLogWorker.java:run(313)) - 8e57c45d-c95e-4a54-a459-391d2c10b1fa-SegmentedRaftLogWorker:Storage Directory /workdir/hadoop-ozone/integration-test/target/test-dir/MiniOzoneClusterImpl-1e699435-ac44-4e4c-83e9-3412d5c7c720/datanode-3/data/ratis/9383aa33-2b4b-446c-89b4-0e8aa4fa5782 was interrupted, exiting. There are 0 tasks remaining in the queue.
2019-08-20 14:17:23,820 [81acbee6-4241-4f67-881f-cd5af487d526-SegmentedRaftLogWorker:Storage Directory /workdir/hadoop-ozone/integration-test/target/test-dir/MiniOzoneClusterImpl-1e699435-ac44-4e4c-83e9-3412d5c7c720/datanode-2/data/ratis/624b624a-b658-419f-8562-bdab68432fb5] INFO  segmented.SegmentedRaftLogWorker (SegmentedRaftLogWorker.java:run(313)) - 81acbee6-4241-4f67-881f-cd5af487d526-SegmentedRaftLogWorker:Storage Directory /workdir/hadoop-ozone/integration-test/target/test-dir/MiniOzoneClusterImpl-1e699435-ac44-4e4c-83e9-3412d5c7c720/datanode-2/data/ratis/624b624a-b658-419f-8562-bdab68432fb5 was interrupted, exiting. There are 0 tasks remaining in the queue.
2019-08-20 14:17:23,823 [main] INFO  segmented.SegmentedRaftLogWorker (SegmentedRaftLogWorker.java:close(228)) - 8e57c45d-c95e-4a54-a459-391d2c10b1fa-SegmentedRaftLogWorker:Storage Directory /workdir/hadoop-ozone/integration-test/target/test-dir/MiniOzoneClusterImpl-1e699435-ac44-4e4c-83e9-3412d5c7c720/datanode-3/data/ratis/9383aa33-2b4b-446c-89b4-0e8aa4fa5782 close()
2019-08-20 14:17:23,825 [ForkJoinPool.commonPool-worker-1] INFO  segmented.SegmentedRaftLogWorker (SegmentedRaftLogWorker.java:close(228)) - 81acbee6-4241-4f67-881f-cd5af487d526-SegmentedRaftLogWorker:Storage Directory /workdir/hadoop-ozone/integration-test/target/test-dir/MiniOzoneClusterImpl-1e699435-ac44-4e4c-83e9-3412d5c7c720/datanode-2/data/ratis/624b624a-b658-419f-8562-bdab68432fb5 close()
2019-08-20 14:17:23,827 [main] INFO  impl.RaftServerImpl (RaftServerImpl.java:lambda$shutdown$3(245)) - 8e57c45d-c95e-4a54-a459-391d2c10b1fa: shutdown group-DE271B0870CE
2019-08-20 14:17:23,830 [ForkJoinPool.commonPool-worker-1] INFO  impl.RaftServerImpl (RaftServerImpl.java:lambda$shutdown$3(245)) - 81acbee6-4241-4f67-881f-cd5af487d526: shutdown group-37350B33DEF5
2019-08-20 14:17:23,830 [main] INFO  util.JmxRegister (JmxRegister.java:unregister(73)) - Successfully un-registered JMX Bean with object name Ratis:service=RaftServer,group=group-DE271B0870CE,id=8e57c45d-c95e-4a54-a459-391d2c10b1fa
2019-08-20 14:17:23,831 [ForkJoinPool.commonPool-worker-1] INFO  util.JmxRegister (JmxRegister.java:unregister(73)) - Successfully un-registered JMX Bean with object name Ratis:service=RaftServer,group=group-37350B33DEF5,id=81acbee6-4241-4f67-881f-cd5af487d526
2019-08-20 14:17:23,831 [main] INFO  impl.RoleInfo (RoleInfo.java:shutdownFollowerState(121)) - 8e57c45d-c95e-4a54-a459-391d2c10b1fa: shutdown FollowerState
2019-08-20 14:17:23,831 [ForkJoinPool.commonPool-worker-1] INFO  impl.RoleInfo (RoleInfo.java:shutdownFollowerState(121)) - 81acbee6-4241-4f67-881f-cd5af487d526: shutdown FollowerState
2019-08-20 14:17:23,832 [Thread-931] INFO  impl.FollowerState (FollowerState.java:run(114)) - 8e57c45d-c95e-4a54-a459-391d2c10b1fa: FollowerState was interrupted: java.lang.InterruptedException: sleep interrupted
2019-08-20 14:17:23,832 [StateMachineUpdater:8e57c45d-c95e-4a54-a459-391d2c10b1fa:group-DE271B0870CE] INFO  ratis.ContainerStateMachine (ContainerStateMachine.java:takeSnapshot(271)) - group-DE271B0870CE: Taking a snapshot at:(t:2, i:6) file /workdir/hadoop-ozone/integration-test/target/test-dir/MiniOzoneClusterImpl-1e699435-ac44-4e4c-83e9-3412d5c7c720/datanode-3/data/ratis/17703c9d-fe06-41de-93bd-de271b0870ce/sm/snapshot.2_6
2019-08-20 14:17:23,832 [main] INFO  impl.StateMachineUpdater (StateMachineUpdater.java:stopAndJoin(115)) - StateMachineUpdater:8e57c45d-c95e-4a54-a459-391d2c10b1fa:group-DE271B0870CE: set stopIndex = 8
2019-08-20 14:17:23,832 [Thread-916] INFO  impl.FollowerState (FollowerState.java:run(114)) - 81acbee6-4241-4f67-881f-cd5af487d526: FollowerState was interrupted: java.lang.InterruptedException: sleep interrupted
2019-08-20 14:17:23,832 [ForkJoinPool.commonPool-worker-1] INFO  impl.StateMachineUpdater (StateMachineUpdater.java:stopAndJoin(115)) - StateMachineUpdater:81acbee6-4241-4f67-881f-cd5af487d526:group-37350B33DEF5: set stopIndex = 0
2019-08-20 14:17:23,833 [ForkJoinPool.commonPool-worker-1] INFO  impl.RaftServerImpl (ServerState.java:close(394)) - 81acbee6-4241-4f67-881f-cd5af487d526:group-37350B33DEF5 closes. The last applied log index is 0
2019-08-20 14:17:23,834 [81acbee6-4241-4f67-881f-cd5af487d526-SegmentedRaftLogWorker:Storage Directory /workdir/hadoop-ozone/integration-test/target/test-dir/MiniOzoneClusterImpl-1e699435-ac44-4e4c-83e9-3412d5c7c720/datanode-2/data/ratis/86317f8f-4c7f-4884-92f8-37350b33def5] INFO  segmented.SegmentedRaftLogWorker (SegmentedRaftLogWorker.java:run(313)) - 81acbee6-4241-4f67-881f-cd5af487d526-SegmentedRaftLogWorker:Storage Directory /workdir/hadoop-ozone/integration-test/target/test-dir/MiniOzoneClusterImpl-1e699435-ac44-4e4c-83e9-3412d5c7c720/datanode-2/data/ratis/86317f8f-4c7f-4884-92f8-37350b33def5 was interrupted, exiting. There are 0 tasks remaining in the queue.
2019-08-20 14:17:23,836 [ForkJoinPool.commonPool-worker-1] INFO  segmented.SegmentedRaftLogWorker (SegmentedRaftLogWorker.java:close(228)) - 81acbee6-4241-4f67-881f-cd5af487d526-SegmentedRaftLogWorker:Storage Directory /workdir/hadoop-ozone/integration-test/target/test-dir/MiniOzoneClusterImpl-1e699435-ac44-4e4c-83e9-3412d5c7c720/datanode-2/data/ratis/86317f8f-4c7f-4884-92f8-37350b33def5 close()
2019-08-20 14:17:23,838 [ForkJoinPool.commonPool-worker-1] INFO  server.GrpcService (GrpcService.java:closeImpl(155)) - 81acbee6-4241-4f67-881f-cd5af487d526: shutdown server with port 35656 now
2019-08-20 14:17:23,839 [ForkJoinPool.commonPool-worker-1] INFO  server.GrpcService (GrpcService.java:closeImpl(163)) - 81acbee6-4241-4f67-881f-cd5af487d526: shutdown server with port 35656 successfully
2019-08-20 14:17:23,840 [ForkJoinPool.commonPool-worker-1] INFO  utils.BackgroundService (BackgroundService.java:shutdown(148)) - Shutting down service BlockDeletingService
2019-08-20 14:17:23,866 [refreshUsed-/workdir/hadoop-ozone/integration-test/target/test-dir/MiniOzoneClusterImpl-1e699435-ac44-4e4c-83e9-3412d5c7c720/datanode-2/data/containers] WARN  fs.CachingGetSpaceUsed (CachingGetSpaceUsed.java:run(183)) - Thread Interrupted waiting to refresh disk information: sleep interrupted
2019-08-20 14:17:23,886 [ForkJoinPool.commonPool-worker-1] INFO  statemachine.DatanodeStateMachine (DatanodeStateMachine.java:stopDaemon(395)) - Ozone container server stopped.
2019-08-20 14:17:23,892 [ForkJoinPool.commonPool-worker-1] INFO  handler.ContextHandler (ContextHandler.java:doStop(910)) - Stopped o.e.j.w.WebAppContext@4a4ff5ed{/,null,UNAVAILABLE}{/hddsDatanode}
2019-08-20 14:17:23,893 [ForkJoinPool.commonPool-worker-1] INFO  server.AbstractConnector (AbstractConnector.java:doStop(318)) - Stopped ServerConnector@5ddb302{HTTP/1.1,[http/1.1]}{0.0.0.0:0}
2019-08-20 14:17:23,895 [ForkJoinPool.commonPool-worker-1] INFO  handler.ContextHandler (ContextHandler.java:doStop(910)) - Stopped o.e.j.s.ServletContextHandler@65f5cae3{/static,jar:file:/home/user/.m2/repository/org/apache/hadoop/hadoop-hdds-container-service/0.5.0-SNAPSHOT/hadoop-hdds-container-service-0.5.0-SNAPSHOT.jar!/webapps/static,UNAVAILABLE}
2019-08-20 14:17:23,897 [ForkJoinPool.commonPool-worker-1] INFO  handler.ContextHandler (ContextHandler.java:doStop(910)) - Stopped o.e.j.s.ServletContextHandler@698ac187{/logs,file:///workdir/hadoop-ozone/integration-test/target/log,UNAVAILABLE}
2019-08-20 14:17:23,898 [ForkJoinPool.commonPool-worker-1] INFO  datanode.ObjectStoreHandler (ObjectStoreHandler.java:close(155)) - Closing ObjectStoreHandler.
2019-08-20 14:17:23,898 [ForkJoinPool.commonPool-worker-1] INFO  ozone.HddsDatanodeService (HddsDatanodeService.java:stop(451)) - Stopped plug-in org.apache.hadoop.ozone.web.OzoneHddsDatanodeService@4db728df
2019-08-20 14:17:23,909 [StateMachineUpdater:8e57c45d-c95e-4a54-a459-391d2c10b1fa:group-DE271B0870CE] INFO  ratis.ContainerStateMachine (ContainerStateMachine.java:takeSnapshot(282)) - group-DE271B0870CE: Finished taking a snapshot at:(t:2, i:6) file:/workdir/hadoop-ozone/integration-test/target/test-dir/MiniOzoneClusterImpl-1e699435-ac44-4e4c-83e9-3412d5c7c720/datanode-3/data/ratis/17703c9d-fe06-41de-93bd-de271b0870ce/sm/snapshot.2_6 time:78
2019-08-20 14:17:23,909 [StateMachineUpdater:8e57c45d-c95e-4a54-a459-391d2c10b1fa:group-DE271B0870CE] INFO  impl.StateMachineUpdater (StateMachineUpdater.java:takeSnapshot(242)) - StateMachineUpdater:8e57c45d-c95e-4a54-a459-391d2c10b1fa:group-DE271B0870CE: Took a snapshot at index 6
2019-08-20 14:17:23,909 [StateMachineUpdater:8e57c45d-c95e-4a54-a459-391d2c10b1fa:group-DE271B0870CE] INFO  impl.StateMachineUpdater (StateMachineUpdater.java:lambda$new$0(80)) - StateMachineUpdater:8e57c45d-c95e-4a54-a459-391d2c10b1fa:group-DE271B0870CE: snapshotIndex: updateIncreasingly -1 -> 6
2019-08-20 14:17:23,909 [f81e0742-261c-4f1d-a9d7-43862556ad20:group-37350B33DEF5:LeaderElection37] INFO  impl.LeaderElection (LeaderElection.java:askForVotes(181)) - f81e0742-261c-4f1d-a9d7-43862556ad20:group-37350B33DEF5:LeaderElection37: begin an election at term 3 for 0: [f81e0742-261c-4f1d-a9d7-43862556ad20:192.168.157.218:33409, 7daf3e09-cf23-4648-b9a4-99837f6061ba:192.168.157.218:45198, 81acbee6-4241-4f67-881f-cd5af487d526:192.168.157.218:35656], old=null
2019-08-20 14:17:23,910 [main] INFO  impl.RaftServerImpl (ServerState.java:close(394)) - 8e57c45d-c95e-4a54-a459-391d2c10b1fa:group-DE271B0870CE closes. The last applied log index is 8
2019-08-20 14:17:23,910 [8e57c45d-c95e-4a54-a459-391d2c10b1fa-SegmentedRaftLogWorker:Storage Directory /workdir/hadoop-ozone/integration-test/target/test-dir/MiniOzoneClusterImpl-1e699435-ac44-4e4c-83e9-3412d5c7c720/datanode-3/data/ratis/17703c9d-fe06-41de-93bd-de271b0870ce] INFO  segmented.SegmentedRaftLogWorker (SegmentedRaftLogWorker.java:run(313)) - 8e57c45d-c95e-4a54-a459-391d2c10b1fa-SegmentedRaftLogWorker:Storage Directory /workdir/hadoop-ozone/integration-test/target/test-dir/MiniOzoneClusterImpl-1e699435-ac44-4e4c-83e9-3412d5c7c720/datanode-3/data/ratis/17703c9d-fe06-41de-93bd-de271b0870ce was interrupted, exiting. There are 0 tasks remaining in the queue.
2019-08-20 14:17:23,912 [main] INFO  segmented.SegmentedRaftLogWorker (SegmentedRaftLogWorker.java:close(228)) - 8e57c45d-c95e-4a54-a459-391d2c10b1fa-SegmentedRaftLogWorker:Storage Directory /workdir/hadoop-ozone/integration-test/target/test-dir/MiniOzoneClusterImpl-1e699435-ac44-4e4c-83e9-3412d5c7c720/datanode-3/data/ratis/17703c9d-fe06-41de-93bd-de271b0870ce close()
2019-08-20 14:17:23,915 [main] INFO  server.GrpcService (GrpcService.java:closeImpl(155)) - 8e57c45d-c95e-4a54-a459-391d2c10b1fa: shutdown server with port 38181 now
2019-08-20 14:17:23,916 [grpc-default-executor-1] WARN  server.GrpcServerProtocolService (LogUtils.java:warn(134)) - 8e57c45d-c95e-4a54-a459-391d2c10b1fa: appendEntries onError: org.apache.ratis.thirdparty.io.grpc.StatusRuntimeException: CANCELLED: cancelled before receiving half close
2019-08-20 14:17:23,916 [main] INFO  server.GrpcService (GrpcService.java:closeImpl(163)) - 8e57c45d-c95e-4a54-a459-391d2c10b1fa: shutdown server with port 38181 successfully
2019-08-20 14:17:23,917 [grpc-default-executor-1] WARN  server.GrpcLogAppender (LogUtils.java:warn(134)) - fa3f5044-84f5-4c3c-a0e4-383ceb43ef86->8e57c45d-c95e-4a54-a459-391d2c10b1fa: Failed appendEntries: org.apache.ratis.thirdparty.io.grpc.StatusRuntimeException: CANCELLED: HTTP/2 error code: CANCEL
Received Rst Stream
2019-08-20 14:17:23,917 [grpc-default-executor-1] INFO  impl.FollowerInfo (FollowerInfo.java:lambda$new$0(50)) - fa3f5044-84f5-4c3c-a0e4-383ceb43ef86->8e57c45d-c95e-4a54-a459-391d2c10b1fa: nextIndex: updateUnconditionally 9 -> 8
2019-08-20 14:17:23,918 [main] INFO  utils.BackgroundService (BackgroundService.java:shutdown(148)) - Shutting down service BlockDeletingService
2019-08-20 14:17:23,919 [refreshUsed-/workdir/hadoop-ozone/integration-test/target/test-dir/MiniOzoneClusterImpl-1e699435-ac44-4e4c-83e9-3412d5c7c720/datanode-3/data/containers] WARN  fs.CachingGetSpaceUsed (CachingGetSpaceUsed.java:run(183)) - Thread Interrupted waiting to refresh disk information: sleep interrupted
2019-08-20 14:17:23,924 [f81e0742-261c-4f1d-a9d7-43862556ad20:group-37350B33DEF5:LeaderElection37] INFO  impl.LeaderElection (LogUtils.java:infoOrTrace(149)) - f81e0742-261c-4f1d-a9d7-43862556ad20:group-37350B33DEF5:LeaderElection37 got exception when requesting votes: {}
java.util.concurrent.ExecutionException: org.apache.ratis.thirdparty.io.grpc.StatusRuntimeException: UNAVAILABLE: io exception
	at java.util.concurrent.FutureTask.report(FutureTask.java:122)
	at java.util.concurrent.FutureTask.get(FutureTask.java:192)
	at org.apache.ratis.server.impl.LeaderElection.waitForResults(LeaderElection.java:262)
	at org.apache.ratis.server.impl.LeaderElection.askForVotes(LeaderElection.java:200)
	at org.apache.ratis.server.impl.LeaderElection.run(LeaderElection.java:130)
	at java.lang.Thread.run(Thread.java:748)
Caused by: org.apache.ratis.thirdparty.io.grpc.StatusRuntimeException: UNAVAILABLE: io exception
	at org.apache.ratis.thirdparty.io.grpc.stub.ClientCalls.toStatusRuntimeException(ClientCalls.java:233)
	at org.apache.ratis.thirdparty.io.grpc.stub.ClientCalls.getUnchecked(ClientCalls.java:214)
	at org.apache.ratis.thirdparty.io.grpc.stub.ClientCalls.blockingUnaryCall(ClientCalls.java:139)
	at org.apache.ratis.proto.grpc.RaftServerProtocolServiceGrpc$RaftServerProtocolServiceBlockingStub.requestVote(RaftServerProtocolServiceGrpc.java:265)
	at org.apache.ratis.grpc.server.GrpcServerProtocolClient.requestVote(GrpcServerProtocolClient.java:83)
	at org.apache.ratis.grpc.server.GrpcService.requestVote(GrpcService.java:195)
	at org.apache.ratis.server.impl.LeaderElection.lambda$submitRequests$1(LeaderElection.java:237)
	at java.util.concurrent.FutureTask.run(FutureTask.java:266)
	at java.util.concurrent.Executors$RunnableAdapter.call(Executors.java:511)
	at java.util.concurrent.FutureTask.run(FutureTask.java:266)
	at java.util.concurrent.ThreadPoolExecutor.runWorker(ThreadPoolExecutor.java:1149)
	at java.util.concurrent.ThreadPoolExecutor$Worker.run(ThreadPoolExecutor.java:624)
	... 1 more
Caused by: org.apache.ratis.thirdparty.io.netty.channel.AbstractChannel$AnnotatedConnectException: Connection refused: /192.168.157.218:45198
	at sun.nio.ch.SocketChannelImpl.checkConnect(Native Method)
	at sun.nio.ch.SocketChannelImpl.finishConnect(SocketChannelImpl.java:717)
	at org.apache.ratis.thirdparty.io.netty.channel.socket.nio.NioSocketChannel.doFinishConnect(NioSocketChannel.java:327)
	at org.apache.ratis.thirdparty.io.netty.channel.nio.AbstractNioChannel$AbstractNioUnsafe.finishConnect(AbstractNioChannel.java:340)
	at org.apache.ratis.thirdparty.io.netty.channel.nio.NioEventLoop.processSelectedKey(NioEventLoop.java:632)
	at org.apache.ratis.thirdparty.io.netty.channel.nio.NioEventLoop.processSelectedKeysOptimized(NioEventLoop.java:579)
	at org.apache.ratis.thirdparty.io.netty.channel.nio.NioEventLoop.processSelectedKeys(NioEventLoop.java:496)
	at org.apache.ratis.thirdparty.io.netty.channel.nio.NioEventLoop.run(NioEventLoop.java:458)
	at org.apache.ratis.thirdparty.io.netty.util.concurrent.SingleThreadEventExecutor$5.run(SingleThreadEventExecutor.java:897)
	at org.apache.ratis.thirdparty.io.netty.util.concurrent.FastThreadLocalRunnable.run(FastThreadLocalRunnable.java:30)
	... 1 more
Caused by: java.net.ConnectException: Connection refused
	... 11 more
2019-08-20 14:17:23,928 [f81e0742-261c-4f1d-a9d7-43862556ad20:group-37350B33DEF5:LeaderElection37] INFO  impl.LeaderElection (LogUtils.java:infoOrTrace(149)) - f81e0742-261c-4f1d-a9d7-43862556ad20:group-37350B33DEF5:LeaderElection37 got exception when requesting votes: {}
java.util.concurrent.ExecutionException: org.apache.ratis.thirdparty.io.grpc.StatusRuntimeException: UNAVAILABLE: io exception
	at java.util.concurrent.FutureTask.report(FutureTask.java:122)
	at java.util.concurrent.FutureTask.get(FutureTask.java:192)
	at org.apache.ratis.server.impl.LeaderElection.waitForResults(LeaderElection.java:262)
	at org.apache.ratis.server.impl.LeaderElection.askForVotes(LeaderElection.java:200)
	at org.apache.ratis.server.impl.LeaderElection.run(LeaderElection.java:130)
	at java.lang.Thread.run(Thread.java:748)
Caused by: org.apache.ratis.thirdparty.io.grpc.StatusRuntimeException: UNAVAILABLE: io exception
	at org.apache.ratis.thirdparty.io.grpc.stub.ClientCalls.toStatusRuntimeException(ClientCalls.java:233)
	at org.apache.ratis.thirdparty.io.grpc.stub.ClientCalls.getUnchecked(ClientCalls.java:214)
	at org.apache.ratis.thirdparty.io.grpc.stub.ClientCalls.blockingUnaryCall(ClientCalls.java:139)
	at org.apache.ratis.proto.grpc.RaftServerProtocolServiceGrpc$RaftServerProtocolServiceBlockingStub.requestVote(RaftServerProtocolServiceGrpc.java:265)
	at org.apache.ratis.grpc.server.GrpcServerProtocolClient.requestVote(GrpcServerProtocolClient.java:83)
	at org.apache.ratis.grpc.server.GrpcService.requestVote(GrpcService.java:195)
	at org.apache.ratis.server.impl.LeaderElection.lambda$submitRequests$1(LeaderElection.java:237)
	at java.util.concurrent.FutureTask.run(FutureTask.java:266)
	at java.util.concurrent.Executors$RunnableAdapter.call(Executors.java:511)
	at java.util.concurrent.FutureTask.run(FutureTask.java:266)
	at java.util.concurrent.ThreadPoolExecutor.runWorker(ThreadPoolExecutor.java:1149)
	at java.util.concurrent.ThreadPoolExecutor$Worker.run(ThreadPoolExecutor.java:624)
	... 1 more
Caused by: org.apache.ratis.thirdparty.io.netty.channel.AbstractChannel$AnnotatedConnectException: Connection refused: /192.168.157.218:35656
	at sun.nio.ch.SocketChannelImpl.checkConnect(Native Method)
	at sun.nio.ch.SocketChannelImpl.finishConnect(SocketChannelImpl.java:717)
	at org.apache.ratis.thirdparty.io.netty.channel.socket.nio.NioSocketChannel.doFinishConnect(NioSocketChannel.java:327)
	at org.apache.ratis.thirdparty.io.netty.channel.nio.AbstractNioChannel$AbstractNioUnsafe.finishConnect(AbstractNioChannel.java:340)
	at org.apache.ratis.thirdparty.io.netty.channel.nio.NioEventLoop.processSelectedKey(NioEventLoop.java:632)
	at org.apache.ratis.thirdparty.io.netty.channel.nio.NioEventLoop.processSelectedKeysOptimized(NioEventLoop.java:579)
	at org.apache.ratis.thirdparty.io.netty.channel.nio.NioEventLoop.processSelectedKeys(NioEventLoop.java:496)
	at org.apache.ratis.thirdparty.io.netty.channel.nio.NioEventLoop.run(NioEventLoop.java:458)
	at org.apache.ratis.thirdparty.io.netty.util.concurrent.SingleThreadEventExecutor$5.run(SingleThreadEventExecutor.java:897)
	at org.apache.ratis.thirdparty.io.netty.util.concurrent.FastThreadLocalRunnable.run(FastThreadLocalRunnable.java:30)
	... 1 more
Caused by: java.net.ConnectException: Connection refused
	... 11 more
2019-08-20 14:17:23,930 [f81e0742-261c-4f1d-a9d7-43862556ad20:group-37350B33DEF5:LeaderElection37] INFO  impl.LeaderElection (LeaderElection.java:logAndReturn(56)) - f81e0742-261c-4f1d-a9d7-43862556ad20:group-37350B33DEF5:LeaderElection37: Election REJECTED; received 0 response(s) [] and 2 exception(s); f81e0742-261c-4f1d-a9d7-43862556ad20:t3, leader=null, voted=f81e0742-261c-4f1d-a9d7-43862556ad20, raftlog=f81e0742-261c-4f1d-a9d7-43862556ad20-SegmentedRaftLog:OPENED:c0,f0,i0, conf=0: [f81e0742-261c-4f1d-a9d7-43862556ad20:192.168.157.218:33409, 7daf3e09-cf23-4648-b9a4-99837f6061ba:192.168.157.218:45198, 81acbee6-4241-4f67-881f-cd5af487d526:192.168.157.218:35656], old=null
2019-08-20 14:17:23,930 [f81e0742-261c-4f1d-a9d7-43862556ad20:group-37350B33DEF5:LeaderElection37] INFO  impl.LeaderElection (LogUtils.java:infoOrTrace(149)) -   Exception 0: {}
java.util.concurrent.ExecutionException: org.apache.ratis.thirdparty.io.grpc.StatusRuntimeException: UNAVAILABLE: io exception
	at java.util.concurrent.FutureTask.report(FutureTask.java:122)
	at java.util.concurrent.FutureTask.get(FutureTask.java:192)
	at org.apache.ratis.server.impl.LeaderElection.waitForResults(LeaderElection.java:262)
	at org.apache.ratis.server.impl.LeaderElection.askForVotes(LeaderElection.java:200)
	at org.apache.ratis.server.impl.LeaderElection.run(LeaderElection.java:130)
	at java.lang.Thread.run(Thread.java:748)
Caused by: org.apache.ratis.thirdparty.io.grpc.StatusRuntimeException: UNAVAILABLE: io exception
	at org.apache.ratis.thirdparty.io.grpc.stub.ClientCalls.toStatusRuntimeException(ClientCalls.java:233)
	at org.apache.ratis.thirdparty.io.grpc.stub.ClientCalls.getUnchecked(ClientCalls.java:214)
	at org.apache.ratis.thirdparty.io.grpc.stub.ClientCalls.blockingUnaryCall(ClientCalls.java:139)
	at org.apache.ratis.proto.grpc.RaftServerProtocolServiceGrpc$RaftServerProtocolServiceBlockingStub.requestVote(RaftServerProtocolServiceGrpc.java:265)
	at org.apache.ratis.grpc.server.GrpcServerProtocolClient.requestVote(GrpcServerProtocolClient.java:83)
	at org.apache.ratis.grpc.server.GrpcService.requestVote(GrpcService.java:195)
	at org.apache.ratis.server.impl.LeaderElection.lambda$submitRequests$1(LeaderElection.java:237)
	at java.util.concurrent.FutureTask.run(FutureTask.java:266)
	at java.util.concurrent.Executors$RunnableAdapter.call(Executors.java:511)
	at java.util.concurrent.FutureTask.run(FutureTask.java:266)
	at java.util.concurrent.ThreadPoolExecutor.runWorker(ThreadPoolExecutor.java:1149)
	at java.util.concurrent.ThreadPoolExecutor$Worker.run(ThreadPoolExecutor.java:624)
	... 1 more
Caused by: org.apache.ratis.thirdparty.io.netty.channel.AbstractChannel$AnnotatedConnectException: Connection refused: /192.168.157.218:45198
	at sun.nio.ch.SocketChannelImpl.checkConnect(Native Method)
	at sun.nio.ch.SocketChannelImpl.finishConnect(SocketChannelImpl.java:717)
	at org.apache.ratis.thirdparty.io.netty.channel.socket.nio.NioSocketChannel.doFinishConnect(NioSocketChannel.java:327)
	at org.apache.ratis.thirdparty.io.netty.channel.nio.AbstractNioChannel$AbstractNioUnsafe.finishConnect(AbstractNioChannel.java:340)
	at org.apache.ratis.thirdparty.io.netty.channel.nio.NioEventLoop.processSelectedKey(NioEventLoop.java:632)
	at org.apache.ratis.thirdparty.io.netty.channel.nio.NioEventLoop.processSelectedKeysOptimized(NioEventLoop.java:579)
	at org.apache.ratis.thirdparty.io.netty.channel.nio.NioEventLoop.processSelectedKeys(NioEventLoop.java:496)
	at org.apache.ratis.thirdparty.io.netty.channel.nio.NioEventLoop.run(NioEventLoop.java:458)
	at org.apache.ratis.thirdparty.io.netty.util.concurrent.SingleThreadEventExecutor$5.run(SingleThreadEventExecutor.java:897)
	at org.apache.ratis.thirdparty.io.netty.util.concurrent.FastThreadLocalRunnable.run(FastThreadLocalRunnable.java:30)
	... 1 more
Caused by: java.net.ConnectException: Connection refused
	... 11 more
2019-08-20 14:17:23,931 [f81e0742-261c-4f1d-a9d7-43862556ad20:group-37350B33DEF5:LeaderElection37] INFO  impl.LeaderElection (LogUtils.java:infoOrTrace(149)) -   Exception 1: {}
java.util.concurrent.ExecutionException: org.apache.ratis.thirdparty.io.grpc.StatusRuntimeException: UNAVAILABLE: io exception
	at java.util.concurrent.FutureTask.report(FutureTask.java:122)
	at java.util.concurrent.FutureTask.get(FutureTask.java:192)
	at org.apache.ratis.server.impl.LeaderElection.waitForResults(LeaderElection.java:262)
	at org.apache.ratis.server.impl.LeaderElection.askForVotes(LeaderElection.java:200)
	at org.apache.ratis.server.impl.LeaderElection.run(LeaderElection.java:130)
	at java.lang.Thread.run(Thread.java:748)
Caused by: org.apache.ratis.thirdparty.io.grpc.StatusRuntimeException: UNAVAILABLE: io exception
	at org.apache.ratis.thirdparty.io.grpc.stub.ClientCalls.toStatusRuntimeException(ClientCalls.java:233)
	at org.apache.ratis.thirdparty.io.grpc.stub.ClientCalls.getUnchecked(ClientCalls.java:214)
	at org.apache.ratis.thirdparty.io.grpc.stub.ClientCalls.blockingUnaryCall(ClientCalls.java:139)
	at org.apache.ratis.proto.grpc.RaftServerProtocolServiceGrpc$RaftServerProtocolServiceBlockingStub.requestVote(RaftServerProtocolServiceGrpc.java:265)
	at org.apache.ratis.grpc.server.GrpcServerProtocolClient.requestVote(GrpcServerProtocolClient.java:83)
	at org.apache.ratis.grpc.server.GrpcService.requestVote(GrpcService.java:195)
	at org.apache.ratis.server.impl.LeaderElection.lambda$submitRequests$1(LeaderElection.java:237)
	at java.util.concurrent.FutureTask.run(FutureTask.java:266)
	at java.util.concurrent.Executors$RunnableAdapter.call(Executors.java:511)
	at java.util.concurrent.FutureTask.run(FutureTask.java:266)
	at java.util.concurrent.ThreadPoolExecutor.runWorker(ThreadPoolExecutor.java:1149)
	at java.util.concurrent.ThreadPoolExecutor$Worker.run(ThreadPoolExecutor.java:624)
	... 1 more
Caused by: org.apache.ratis.thirdparty.io.netty.channel.AbstractChannel$AnnotatedConnectException: Connection refused: /192.168.157.218:35656
	at sun.nio.ch.SocketChannelImpl.checkConnect(Native Method)
	at sun.nio.ch.SocketChannelImpl.finishConnect(SocketChannelImpl.java:717)
	at org.apache.ratis.thirdparty.io.netty.channel.socket.nio.NioSocketChannel.doFinishConnect(NioSocketChannel.java:327)
	at org.apache.ratis.thirdparty.io.netty.channel.nio.AbstractNioChannel$AbstractNioUnsafe.finishConnect(AbstractNioChannel.java:340)
	at org.apache.ratis.thirdparty.io.netty.channel.nio.NioEventLoop.processSelectedKey(NioEventLoop.java:632)
	at org.apache.ratis.thirdparty.io.netty.channel.nio.NioEventLoop.processSelectedKeysOptimized(NioEventLoop.java:579)
	at org.apache.ratis.thirdparty.io.netty.channel.nio.NioEventLoop.processSelectedKeys(NioEventLoop.java:496)
	at org.apache.ratis.thirdparty.io.netty.channel.nio.NioEventLoop.run(NioEventLoop.java:458)
	at org.apache.ratis.thirdparty.io.netty.util.concurrent.SingleThreadEventExecutor$5.run(SingleThreadEventExecutor.java:897)
	at org.apache.ratis.thirdparty.io.netty.util.concurrent.FastThreadLocalRunnable.run(FastThreadLocalRunnable.java:30)
	... 1 more
Caused by: java.net.ConnectException: Connection refused
	... 11 more
2019-08-20 14:17:23,932 [f81e0742-261c-4f1d-a9d7-43862556ad20:group-37350B33DEF5:LeaderElection37] INFO  impl.RaftServerImpl (RaftServerImpl.java:setRole(171)) - f81e0742-261c-4f1d-a9d7-43862556ad20:group-37350B33DEF5 changes role from CANDIDATE to FOLLOWER at term 3 for DISCOVERED_A_NEW_TERM
2019-08-20 14:17:23,932 [f81e0742-261c-4f1d-a9d7-43862556ad20:group-37350B33DEF5:LeaderElection37] INFO  impl.RoleInfo (RoleInfo.java:shutdownLeaderElection(134)) - f81e0742-261c-4f1d-a9d7-43862556ad20: shutdown LeaderElection
2019-08-20 14:17:23,933 [f81e0742-261c-4f1d-a9d7-43862556ad20:group-37350B33DEF5:LeaderElection37] INFO  impl.RoleInfo (RoleInfo.java:updateAndGet(143)) - f81e0742-261c-4f1d-a9d7-43862556ad20: start FollowerState
2019-08-20 14:17:23,950 [main] INFO  statemachine.DatanodeStateMachine (DatanodeStateMachine.java:stopDaemon(395)) - Ozone container server stopped.
2019-08-20 14:17:23,952 [main] INFO  handler.ContextHandler (ContextHandler.java:doStop(910)) - Stopped o.e.j.w.WebAppContext@4dac40b{/,null,UNAVAILABLE}{/hddsDatanode}
2019-08-20 14:17:23,953 [main] INFO  server.AbstractConnector (AbstractConnector.java:doStop(318)) - Stopped ServerConnector@2c54c497{HTTP/1.1,[http/1.1]}{0.0.0.0:0}
2019-08-20 14:17:23,953 [main] INFO  handler.ContextHandler (ContextHandler.java:doStop(910)) - Stopped o.e.j.s.ServletContextHandler@4ac19bc6{/static,jar:file:/home/user/.m2/repository/org/apache/hadoop/hadoop-hdds-container-service/0.5.0-SNAPSHOT/hadoop-hdds-container-service-0.5.0-SNAPSHOT.jar!/webapps/static,UNAVAILABLE}
2019-08-20 14:17:23,953 [main] INFO  handler.ContextHandler (ContextHandler.java:doStop(910)) - Stopped o.e.j.s.ServletContextHandler@49d543a9{/logs,file:///workdir/hadoop-ozone/integration-test/target/log,UNAVAILABLE}
2019-08-20 14:17:23,954 [main] INFO  datanode.ObjectStoreHandler (ObjectStoreHandler.java:close(155)) - Closing ObjectStoreHandler.
2019-08-20 14:17:23,955 [main] INFO  ozone.HddsDatanodeService (HddsDatanodeService.java:stop(451)) - Stopped plug-in org.apache.hadoop.ozone.web.OzoneHddsDatanodeService@425f94d7
2019-08-20 14:17:24,420 [Datanode State Machine Thread - 0] INFO  statemachine.DatanodeStateMachine (DatanodeStateMachine.java:lambda$startDaemon$0(350)) - Ozone container server started.
2019-08-20 14:17:24,601 | INFO  | SCMAudit | user=jenkins1000 | ip=192.168.157.218 | op=SEND_HEARTBEAT {datanodeUUID=fa3f5044-84f5-4c3c-a0e4-383ceb43ef86, command=[]} | ret=SUCCESS |  
2019-08-20 14:17:24,771 [Datanode State Machine Thread - 0] INFO  statemachine.DatanodeStateMachine (DatanodeStateMachine.java:lambda$startDaemon$0(350)) - Ozone container server started.
2019-08-20 14:17:25,605 | INFO  | SCMAudit | user=jenkins1000 | ip=192.168.157.218 | op=SEND_HEARTBEAT {datanodeUUID=fa3f5044-84f5-4c3c-a0e4-383ceb43ef86, command=[]} | ret=SUCCESS |  
2019-08-20 14:17:26,159 [grpc-default-executor-4] WARN  server.GrpcLogAppender (LogUtils.java:warn(134)) - fa3f5044-84f5-4c3c-a0e4-383ceb43ef86->ab54d0aa-45c9-4c80-aad1-fb02da82d4c1: Failed appendEntries: org.apache.ratis.thirdparty.io.grpc.StatusRuntimeException: UNAVAILABLE: io exception
2019-08-20 14:17:26,165 [grpc-default-executor-4] INFO  impl.FollowerInfo (FollowerInfo.java:lambda$new$0(50)) - fa3f5044-84f5-4c3c-a0e4-383ceb43ef86->ab54d0aa-45c9-4c80-aad1-fb02da82d4c1: nextIndex: updateUnconditionally 6 -> 5
2019-08-20 14:17:26,166 [grpc-default-executor-1] WARN  server.GrpcLogAppender (LogUtils.java:warn(134)) - fa3f5044-84f5-4c3c-a0e4-383ceb43ef86->8e57c45d-c95e-4a54-a459-391d2c10b1fa: Failed appendEntries: org.apache.ratis.thirdparty.io.grpc.StatusRuntimeException: UNAVAILABLE: io exception
2019-08-20 14:17:26,168 [grpc-default-executor-1] INFO  impl.FollowerInfo (FollowerInfo.java:lambda$new$0(50)) - fa3f5044-84f5-4c3c-a0e4-383ceb43ef86->8e57c45d-c95e-4a54-a459-391d2c10b1fa: nextIndex: updateUnconditionally 8 -> 7
2019-08-20 14:17:26,601 | INFO  | SCMAudit | user=jenkins1000 | ip=192.168.157.218 | op=SEND_HEARTBEAT {datanodeUUID=fa3f5044-84f5-4c3c-a0e4-383ceb43ef86, command=[]} | ret=SUCCESS |  
2019-08-20 14:17:27,602 | INFO  | SCMAudit | user=jenkins1000 | ip=192.168.157.218 | op=SEND_HEARTBEAT {datanodeUUID=fa3f5044-84f5-4c3c-a0e4-383ceb43ef86, command=[]} | ret=SUCCESS |  
2019-08-20 14:17:28,602 | INFO  | SCMAudit | user=jenkins1000 | ip=192.168.157.218 | op=SEND_HEARTBEAT {datanodeUUID=fa3f5044-84f5-4c3c-a0e4-383ceb43ef86, command=[]} | ret=SUCCESS |  
2019-08-20 14:17:28,659 [grpc-default-executor-1] WARN  server.GrpcLogAppender (LogUtils.java:warn(134)) - fa3f5044-84f5-4c3c-a0e4-383ceb43ef86->ab54d0aa-45c9-4c80-aad1-fb02da82d4c1: Failed appendEntries: org.apache.ratis.thirdparty.io.grpc.StatusRuntimeException: UNAVAILABLE: io exception
2019-08-20 14:17:28,662 [grpc-default-executor-1] INFO  impl.FollowerInfo (FollowerInfo.java:lambda$new$0(50)) - fa3f5044-84f5-4c3c-a0e4-383ceb43ef86->ab54d0aa-45c9-4c80-aad1-fb02da82d4c1: nextIndex: updateUnconditionally 5 -> 4
2019-08-20 14:17:28,667 [grpc-default-executor-2] WARN  server.GrpcLogAppender (LogUtils.java:warn(134)) - fa3f5044-84f5-4c3c-a0e4-383ceb43ef86->8e57c45d-c95e-4a54-a459-391d2c10b1fa: Failed appendEntries: org.apache.ratis.thirdparty.io.grpc.StatusRuntimeException: UNAVAILABLE: io exception
2019-08-20 14:17:28,669 [grpc-default-executor-2] INFO  impl.FollowerInfo (FollowerInfo.java:lambda$new$0(50)) - fa3f5044-84f5-4c3c-a0e4-383ceb43ef86->8e57c45d-c95e-4a54-a459-391d2c10b1fa: nextIndex: updateUnconditionally 7 -> 6
2019-08-20 14:17:28,899 [ForkJoinPool.commonPool-worker-1] INFO  ozoneimpl.OzoneContainer (OzoneContainer.java:stop(199)) - Attempting to stop container services.
2019-08-20 14:17:28,900 [ForkJoinPool.commonPool-worker-1] INFO  impl.RaftServerProxy (RaftServerProxy.java:lambda$close$4(314)) - f81e0742-261c-4f1d-a9d7-43862556ad20: close
2019-08-20 14:17:28,901 [ForkJoinPool.commonPool-worker-1] INFO  impl.RaftServerImpl (RaftServerImpl.java:lambda$shutdown$3(245)) - f81e0742-261c-4f1d-a9d7-43862556ad20: shutdown group-A1D51C9A481D
2019-08-20 14:17:28,901 [ForkJoinPool.commonPool-worker-1] INFO  util.JmxRegister (JmxRegister.java:unregister(73)) - Successfully un-registered JMX Bean with object name Ratis:service=RaftServer,group=group-A1D51C9A481D,id=f81e0742-261c-4f1d-a9d7-43862556ad20
2019-08-20 14:17:28,901 [ForkJoinPool.commonPool-worker-1] INFO  impl.RoleInfo (RoleInfo.java:shutdownLeaderState(104)) - f81e0742-261c-4f1d-a9d7-43862556ad20: shutdown LeaderState
2019-08-20 14:17:28,901 [ForkJoinPool.commonPool-worker-1] INFO  impl.PendingRequests (PendingRequests.java:sendNotLeaderResponses(202)) - f81e0742-261c-4f1d-a9d7-43862556ad20-PendingRequests: sendNotLeaderResponses
2019-08-20 14:17:28,902 [ForkJoinPool.commonPool-worker-1] INFO  impl.StateMachineUpdater (StateMachineUpdater.java:stopAndJoin(115)) - StateMachineUpdater:f81e0742-261c-4f1d-a9d7-43862556ad20:group-A1D51C9A481D: set stopIndex = 0
2019-08-20 14:17:28,902 [ForkJoinPool.commonPool-worker-1] INFO  impl.RaftServerImpl (ServerState.java:close(394)) - f81e0742-261c-4f1d-a9d7-43862556ad20:group-A1D51C9A481D closes. The last applied log index is 0
2019-08-20 14:17:28,902 [f81e0742-261c-4f1d-a9d7-43862556ad20-SegmentedRaftLogWorker:Storage Directory /workdir/hadoop-ozone/integration-test/target/test-dir/MiniOzoneClusterImpl-1e699435-ac44-4e4c-83e9-3412d5c7c720/datanode-0/data/ratis/da1191d8-f398-4929-aa4d-a1d51c9a481d] INFO  segmented.SegmentedRaftLogWorker (SegmentedRaftLogWorker.java:run(313)) - f81e0742-261c-4f1d-a9d7-43862556ad20-SegmentedRaftLogWorker:Storage Directory /workdir/hadoop-ozone/integration-test/target/test-dir/MiniOzoneClusterImpl-1e699435-ac44-4e4c-83e9-3412d5c7c720/datanode-0/data/ratis/da1191d8-f398-4929-aa4d-a1d51c9a481d was interrupted, exiting. There are 0 tasks remaining in the queue.
2019-08-20 14:17:28,911 [ForkJoinPool.commonPool-worker-1] INFO  segmented.SegmentedRaftLogWorker (SegmentedRaftLogWorker.java:close(228)) - f81e0742-261c-4f1d-a9d7-43862556ad20-SegmentedRaftLogWorker:Storage Directory /workdir/hadoop-ozone/integration-test/target/test-dir/MiniOzoneClusterImpl-1e699435-ac44-4e4c-83e9-3412d5c7c720/datanode-0/data/ratis/da1191d8-f398-4929-aa4d-a1d51c9a481d close()
2019-08-20 14:17:28,912 [ForkJoinPool.commonPool-worker-1] INFO  impl.RaftServerImpl (RaftServerImpl.java:lambda$shutdown$3(245)) - f81e0742-261c-4f1d-a9d7-43862556ad20: shutdown group-37350B33DEF5
2019-08-20 14:17:28,913 [ForkJoinPool.commonPool-worker-1] INFO  util.JmxRegister (JmxRegister.java:unregister(73)) - Successfully un-registered JMX Bean with object name Ratis:service=RaftServer,group=group-37350B33DEF5,id=f81e0742-261c-4f1d-a9d7-43862556ad20
2019-08-20 14:17:28,913 [ForkJoinPool.commonPool-worker-1] INFO  impl.RoleInfo (RoleInfo.java:shutdownFollowerState(121)) - f81e0742-261c-4f1d-a9d7-43862556ad20: shutdown FollowerState
2019-08-20 14:17:28,913 [ForkJoinPool.commonPool-worker-1] INFO  impl.StateMachineUpdater (StateMachineUpdater.java:stopAndJoin(115)) - StateMachineUpdater:f81e0742-261c-4f1d-a9d7-43862556ad20:group-37350B33DEF5: set stopIndex = 0
2019-08-20 14:17:28,914 [ForkJoinPool.commonPool-worker-1] INFO  impl.RaftServerImpl (ServerState.java:close(394)) - f81e0742-261c-4f1d-a9d7-43862556ad20:group-37350B33DEF5 closes. The last applied log index is 0
2019-08-20 14:17:28,914 [Thread-1003] INFO  impl.FollowerState (FollowerState.java:run(114)) - f81e0742-261c-4f1d-a9d7-43862556ad20: FollowerState was interrupted: java.lang.InterruptedException: sleep interrupted
2019-08-20 14:17:28,914 [f81e0742-261c-4f1d-a9d7-43862556ad20-SegmentedRaftLogWorker:Storage Directory /workdir/hadoop-ozone/integration-test/target/test-dir/MiniOzoneClusterImpl-1e699435-ac44-4e4c-83e9-3412d5c7c720/datanode-0/data/ratis/86317f8f-4c7f-4884-92f8-37350b33def5] INFO  segmented.SegmentedRaftLogWorker (SegmentedRaftLogWorker.java:run(313)) - f81e0742-261c-4f1d-a9d7-43862556ad20-SegmentedRaftLogWorker:Storage Directory /workdir/hadoop-ozone/integration-test/target/test-dir/MiniOzoneClusterImpl-1e699435-ac44-4e4c-83e9-3412d5c7c720/datanode-0/data/ratis/86317f8f-4c7f-4884-92f8-37350b33def5 was interrupted, exiting. There are 0 tasks remaining in the queue.
2019-08-20 14:17:28,916 [ForkJoinPool.commonPool-worker-1] INFO  segmented.SegmentedRaftLogWorker (SegmentedRaftLogWorker.java:close(228)) - f81e0742-261c-4f1d-a9d7-43862556ad20-SegmentedRaftLogWorker:Storage Directory /workdir/hadoop-ozone/integration-test/target/test-dir/MiniOzoneClusterImpl-1e699435-ac44-4e4c-83e9-3412d5c7c720/datanode-0/data/ratis/86317f8f-4c7f-4884-92f8-37350b33def5 close()
2019-08-20 14:17:28,922 [ForkJoinPool.commonPool-worker-1] INFO  server.GrpcService (GrpcService.java:closeImpl(155)) - f81e0742-261c-4f1d-a9d7-43862556ad20: shutdown server with port 33409 now
2019-08-20 14:17:28,922 [ForkJoinPool.commonPool-worker-1] INFO  server.GrpcService (GrpcService.java:closeImpl(163)) - f81e0742-261c-4f1d-a9d7-43862556ad20: shutdown server with port 33409 successfully
2019-08-20 14:17:28,924 [ForkJoinPool.commonPool-worker-1] INFO  utils.BackgroundService (BackgroundService.java:shutdown(148)) - Shutting down service BlockDeletingService
2019-08-20 14:17:28,926 [refreshUsed-/workdir/hadoop-ozone/integration-test/target/test-dir/MiniOzoneClusterImpl-1e699435-ac44-4e4c-83e9-3412d5c7c720/datanode-0/data/containers] WARN  fs.CachingGetSpaceUsed (CachingGetSpaceUsed.java:run(183)) - Thread Interrupted waiting to refresh disk information: sleep interrupted
2019-08-20 14:17:28,944 [ForkJoinPool.commonPool-worker-1] INFO  statemachine.DatanodeStateMachine (DatanodeStateMachine.java:stopDaemon(395)) - Ozone container server stopped.
2019-08-20 14:17:28,949 [ForkJoinPool.commonPool-worker-1] INFO  handler.ContextHandler (ContextHandler.java:doStop(910)) - Stopped o.e.j.w.WebAppContext@2987d0fa{/,null,UNAVAILABLE}{/hddsDatanode}
2019-08-20 14:17:28,949 [ForkJoinPool.commonPool-worker-1] INFO  server.AbstractConnector (AbstractConnector.java:doStop(318)) - Stopped ServerConnector@13234ac9{HTTP/1.1,[http/1.1]}{0.0.0.0:0}
2019-08-20 14:17:28,951 [ForkJoinPool.commonPool-worker-1] INFO  handler.ContextHandler (ContextHandler.java:doStop(910)) - Stopped o.e.j.s.ServletContextHandler@416a4275{/static,jar:file:/home/user/.m2/repository/org/apache/hadoop/hadoop-hdds-container-service/0.5.0-SNAPSHOT/hadoop-hdds-container-service-0.5.0-SNAPSHOT.jar!/webapps/static,UNAVAILABLE}
2019-08-20 14:17:28,952 [ForkJoinPool.commonPool-worker-1] INFO  handler.ContextHandler (ContextHandler.java:doStop(910)) - Stopped o.e.j.s.ServletContextHandler@7657d90b{/logs,file:///workdir/hadoop-ozone/integration-test/target/log,UNAVAILABLE}
2019-08-20 14:17:28,953 [ForkJoinPool.commonPool-worker-1] INFO  datanode.ObjectStoreHandler (ObjectStoreHandler.java:close(155)) - Closing ObjectStoreHandler.
2019-08-20 14:17:28,954 [ForkJoinPool.commonPool-worker-1] INFO  ozone.HddsDatanodeService (HddsDatanodeService.java:stop(451)) - Stopped plug-in org.apache.hadoop.ozone.web.OzoneHddsDatanodeService@cef885d
2019-08-20 14:17:28,956 [main] INFO  ozoneimpl.OzoneContainer (OzoneContainer.java:stop(199)) - Attempting to stop container services.
2019-08-20 14:17:28,957 [main] INFO  impl.RaftServerProxy (RaftServerProxy.java:lambda$close$4(314)) - 104c0d76-7897-4d13-8f7d-7917ac27112c: close
2019-08-20 14:17:28,957 [main] INFO  impl.RaftServerImpl (RaftServerImpl.java:lambda$shutdown$3(245)) - 104c0d76-7897-4d13-8f7d-7917ac27112c: shutdown group-3126D9422771
2019-08-20 14:17:28,957 [main] INFO  util.JmxRegister (JmxRegister.java:unregister(73)) - Successfully un-registered JMX Bean with object name Ratis:service=RaftServer,group=group-3126D9422771,id=104c0d76-7897-4d13-8f7d-7917ac27112c
2019-08-20 14:17:28,958 [main] INFO  impl.RoleInfo (RoleInfo.java:shutdownLeaderState(104)) - 104c0d76-7897-4d13-8f7d-7917ac27112c: shutdown LeaderState
2019-08-20 14:17:28,958 [main] INFO  impl.PendingRequests (PendingRequests.java:sendNotLeaderResponses(202)) - 104c0d76-7897-4d13-8f7d-7917ac27112c-PendingRequests: sendNotLeaderResponses
2019-08-20 14:17:28,959 [main] INFO  impl.StateMachineUpdater (StateMachineUpdater.java:stopAndJoin(115)) - StateMachineUpdater:104c0d76-7897-4d13-8f7d-7917ac27112c:group-3126D9422771: set stopIndex = 0
2019-08-20 14:17:28,959 [main] INFO  impl.RaftServerImpl (ServerState.java:close(394)) - 104c0d76-7897-4d13-8f7d-7917ac27112c:group-3126D9422771 closes. The last applied log index is 0
2019-08-20 14:17:28,960 [104c0d76-7897-4d13-8f7d-7917ac27112c-SegmentedRaftLogWorker:Storage Directory /workdir/hadoop-ozone/integration-test/target/test-dir/MiniOzoneClusterImpl-1e699435-ac44-4e4c-83e9-3412d5c7c720/datanode-6/data/ratis/4a107e31-de9b-419c-80e3-3126d9422771] INFO  segmented.SegmentedRaftLogWorker (SegmentedRaftLogWorker.java:run(313)) - 104c0d76-7897-4d13-8f7d-7917ac27112c-SegmentedRaftLogWorker:Storage Directory /workdir/hadoop-ozone/integration-test/target/test-dir/MiniOzoneClusterImpl-1e699435-ac44-4e4c-83e9-3412d5c7c720/datanode-6/data/ratis/4a107e31-de9b-419c-80e3-3126d9422771 was interrupted, exiting. There are 0 tasks remaining in the queue.
2019-08-20 14:17:28,960 [main] INFO  segmented.SegmentedRaftLogWorker (SegmentedRaftLogWorker.java:close(228)) - 104c0d76-7897-4d13-8f7d-7917ac27112c-SegmentedRaftLogWorker:Storage Directory /workdir/hadoop-ozone/integration-test/target/test-dir/MiniOzoneClusterImpl-1e699435-ac44-4e4c-83e9-3412d5c7c720/datanode-6/data/ratis/4a107e31-de9b-419c-80e3-3126d9422771 close()
2019-08-20 14:17:28,961 [main] INFO  server.GrpcService (GrpcService.java:closeImpl(155)) - 104c0d76-7897-4d13-8f7d-7917ac27112c: shutdown server with port 45829 now
2019-08-20 14:17:28,962 [main] INFO  server.GrpcService (GrpcService.java:closeImpl(163)) - 104c0d76-7897-4d13-8f7d-7917ac27112c: shutdown server with port 45829 successfully
2019-08-20 14:17:28,964 [main] INFO  utils.BackgroundService (BackgroundService.java:shutdown(148)) - Shutting down service BlockDeletingService
2019-08-20 14:17:28,965 [refreshUsed-/workdir/hadoop-ozone/integration-test/target/test-dir/MiniOzoneClusterImpl-1e699435-ac44-4e4c-83e9-3412d5c7c720/datanode-6/data/containers] WARN  fs.CachingGetSpaceUsed (CachingGetSpaceUsed.java:run(183)) - Thread Interrupted waiting to refresh disk information: sleep interrupted
2019-08-20 14:17:28,986 [main] INFO  statemachine.DatanodeStateMachine (DatanodeStateMachine.java:stopDaemon(395)) - Ozone container server stopped.
2019-08-20 14:17:28,987 [main] INFO  handler.ContextHandler (ContextHandler.java:doStop(910)) - Stopped o.e.j.w.WebAppContext@56b704ea{/,null,UNAVAILABLE}{/hddsDatanode}
2019-08-20 14:17:28,988 [main] INFO  server.AbstractConnector (AbstractConnector.java:doStop(318)) - Stopped ServerConnector@ab4d2ba{HTTP/1.1,[http/1.1]}{0.0.0.0:0}
2019-08-20 14:17:28,988 [main] INFO  handler.ContextHandler (ContextHandler.java:doStop(910)) - Stopped o.e.j.s.ServletContextHandler@18dbc1b{/static,jar:file:/home/user/.m2/repository/org/apache/hadoop/hadoop-hdds-container-service/0.5.0-SNAPSHOT/hadoop-hdds-container-service-0.5.0-SNAPSHOT.jar!/webapps/static,UNAVAILABLE}
2019-08-20 14:17:28,989 [main] INFO  handler.ContextHandler (ContextHandler.java:doStop(910)) - Stopped o.e.j.s.ServletContextHandler@74badf19{/logs,file:///workdir/hadoop-ozone/integration-test/target/log,UNAVAILABLE}
2019-08-20 14:17:29,601 [Datanode State Machine Thread - 0] INFO  statemachine.DatanodeStateMachine (DatanodeStateMachine.java:lambda$startDaemon$0(350)) - Ozone container server started.
2019-08-20 14:17:31,162 [grpc-default-executor-4] WARN  server.GrpcLogAppender (LogUtils.java:warn(134)) - fa3f5044-84f5-4c3c-a0e4-383ceb43ef86->ab54d0aa-45c9-4c80-aad1-fb02da82d4c1: Failed appendEntries: org.apache.ratis.thirdparty.io.grpc.StatusRuntimeException: UNAVAILABLE: io exception
2019-08-20 14:17:31,164 [grpc-default-executor-4] INFO  impl.FollowerInfo (FollowerInfo.java:lambda$new$0(50)) - fa3f5044-84f5-4c3c-a0e4-383ceb43ef86->ab54d0aa-45c9-4c80-aad1-fb02da82d4c1: nextIndex: updateUnconditionally 4 -> 3
2019-08-20 14:17:31,168 [grpc-default-executor-1] WARN  server.GrpcLogAppender (LogUtils.java:warn(134)) - fa3f5044-84f5-4c3c-a0e4-383ceb43ef86->8e57c45d-c95e-4a54-a459-391d2c10b1fa: Failed appendEntries: org.apache.ratis.thirdparty.io.grpc.StatusRuntimeException: UNAVAILABLE: io exception
2019-08-20 14:17:31,170 [grpc-default-executor-1] INFO  impl.FollowerInfo (FollowerInfo.java:lambda$new$0(50)) - fa3f5044-84f5-4c3c-a0e4-383ceb43ef86->8e57c45d-c95e-4a54-a459-391d2c10b1fa: nextIndex: updateUnconditionally 6 -> 5
2019-08-20 14:17:33,661 [grpc-default-executor-1] WARN  server.GrpcLogAppender (LogUtils.java:warn(134)) - fa3f5044-84f5-4c3c-a0e4-383ceb43ef86->ab54d0aa-45c9-4c80-aad1-fb02da82d4c1: Failed appendEntries: org.apache.ratis.thirdparty.io.grpc.StatusRuntimeException: UNAVAILABLE: io exception
2019-08-20 14:17:33,663 [grpc-default-executor-1] INFO  impl.FollowerInfo (FollowerInfo.java:lambda$new$0(50)) - fa3f5044-84f5-4c3c-a0e4-383ceb43ef86->ab54d0aa-45c9-4c80-aad1-fb02da82d4c1: nextIndex: updateUnconditionally 3 -> 2
2019-08-20 14:17:33,673 [grpc-default-executor-2] WARN  server.GrpcLogAppender (LogUtils.java:warn(134)) - fa3f5044-84f5-4c3c-a0e4-383ceb43ef86->8e57c45d-c95e-4a54-a459-391d2c10b1fa: Failed appendEntries: org.apache.ratis.thirdparty.io.grpc.StatusRuntimeException: UNAVAILABLE: io exception
2019-08-20 14:17:33,674 [grpc-default-executor-2] INFO  impl.FollowerInfo (FollowerInfo.java:lambda$new$0(50)) - fa3f5044-84f5-4c3c-a0e4-383ceb43ef86->8e57c45d-c95e-4a54-a459-391d2c10b1fa: nextIndex: updateUnconditionally 5 -> 4
2019-08-20 14:17:33,955 [ForkJoinPool.commonPool-worker-1] INFO  ozoneimpl.OzoneContainer (OzoneContainer.java:stop(199)) - Attempting to stop container services.
2019-08-20 14:17:33,955 [ForkJoinPool.commonPool-worker-1] INFO  impl.RaftServerProxy (RaftServerProxy.java:lambda$close$4(314)) - fa3f5044-84f5-4c3c-a0e4-383ceb43ef86: close
2019-08-20 14:17:33,955 [ForkJoinPool.commonPool-worker-1] INFO  impl.RaftServerImpl (RaftServerImpl.java:lambda$shutdown$3(245)) - fa3f5044-84f5-4c3c-a0e4-383ceb43ef86: shutdown group-DE271B0870CE
2019-08-20 14:17:33,956 [ForkJoinPool.commonPool-worker-1] INFO  util.JmxRegister (JmxRegister.java:unregister(73)) - Successfully un-registered JMX Bean with object name Ratis:service=RaftServer,group=group-DE271B0870CE,id=fa3f5044-84f5-4c3c-a0e4-383ceb43ef86
2019-08-20 14:17:33,956 [ForkJoinPool.commonPool-worker-1] INFO  impl.RoleInfo (RoleInfo.java:shutdownLeaderState(104)) - fa3f5044-84f5-4c3c-a0e4-383ceb43ef86: shutdown LeaderState
2019-08-20 14:17:33,959 [org.apache.ratis.server.impl.LogAppender$AppenderDaemon$$Lambda$486/262344910@75aaf5cc] WARN  server.GrpcLogAppender (GrpcLogAppender.java:mayWait(143)) - GrpcLogAppender(fa3f5044-84f5-4c3c-a0e4-383ceb43ef86->ab54d0aa-45c9-4c80-aad1-fb02da82d4c1): Wait interrupted by java.lang.InterruptedException
2019-08-20 14:17:33,959 [org.apache.ratis.server.impl.LogAppender$AppenderDaemon$$Lambda$486/262344910@30a8651d] WARN  server.GrpcLogAppender (GrpcLogAppender.java:mayWait(143)) - GrpcLogAppender(fa3f5044-84f5-4c3c-a0e4-383ceb43ef86->8e57c45d-c95e-4a54-a459-391d2c10b1fa): Wait interrupted by java.lang.InterruptedException
2019-08-20 14:17:33,959 [ForkJoinPool.commonPool-worker-1] INFO  impl.PendingRequests (PendingRequests.java:sendNotLeaderResponses(202)) - fa3f5044-84f5-4c3c-a0e4-383ceb43ef86-PendingRequests: sendNotLeaderResponses
2019-08-20 14:17:33,962 [ForkJoinPool.commonPool-worker-1] INFO  impl.StateMachineUpdater (StateMachineUpdater.java:stopAndJoin(115)) - StateMachineUpdater:fa3f5044-84f5-4c3c-a0e4-383ceb43ef86:group-DE271B0870CE: set stopIndex = 8
2019-08-20 14:17:33,962 [StateMachineUpdater:fa3f5044-84f5-4c3c-a0e4-383ceb43ef86:group-DE271B0870CE] INFO  ratis.ContainerStateMachine (ContainerStateMachine.java:takeSnapshot(271)) - group-DE271B0870CE: Taking a snapshot at:(t:2, i:6) file /workdir/hadoop-ozone/integration-test/target/test-dir/MiniOzoneClusterImpl-1e699435-ac44-4e4c-83e9-3412d5c7c720/datanode-5/data/ratis/17703c9d-fe06-41de-93bd-de271b0870ce/sm/snapshot.2_6
2019-08-20 14:17:33,970 [StateMachineUpdater:fa3f5044-84f5-4c3c-a0e4-383ceb43ef86:group-DE271B0870CE] INFO  ratis.ContainerStateMachine (ContainerStateMachine.java:takeSnapshot(282)) - group-DE271B0870CE: Finished taking a snapshot at:(t:2, i:6) file:/workdir/hadoop-ozone/integration-test/target/test-dir/MiniOzoneClusterImpl-1e699435-ac44-4e4c-83e9-3412d5c7c720/datanode-5/data/ratis/17703c9d-fe06-41de-93bd-de271b0870ce/sm/snapshot.2_6 time:8
2019-08-20 14:17:33,970 [StateMachineUpdater:fa3f5044-84f5-4c3c-a0e4-383ceb43ef86:group-DE271B0870CE] INFO  impl.StateMachineUpdater (StateMachineUpdater.java:takeSnapshot(242)) - StateMachineUpdater:fa3f5044-84f5-4c3c-a0e4-383ceb43ef86:group-DE271B0870CE: Took a snapshot at index 6
2019-08-20 14:17:33,970 [StateMachineUpdater:fa3f5044-84f5-4c3c-a0e4-383ceb43ef86:group-DE271B0870CE] INFO  impl.StateMachineUpdater (StateMachineUpdater.java:lambda$new$0(80)) - StateMachineUpdater:fa3f5044-84f5-4c3c-a0e4-383ceb43ef86:group-DE271B0870CE: snapshotIndex: updateIncreasingly -1 -> 6
2019-08-20 14:17:33,971 [ForkJoinPool.commonPool-worker-1] INFO  impl.RaftServerImpl (ServerState.java:close(394)) - fa3f5044-84f5-4c3c-a0e4-383ceb43ef86:group-DE271B0870CE closes. The last applied log index is 8
2019-08-20 14:17:33,972 [fa3f5044-84f5-4c3c-a0e4-383ceb43ef86-SegmentedRaftLogWorker:Storage Directory /workdir/hadoop-ozone/integration-test/target/test-dir/MiniOzoneClusterImpl-1e699435-ac44-4e4c-83e9-3412d5c7c720/datanode-5/data/ratis/17703c9d-fe06-41de-93bd-de271b0870ce] INFO  segmented.SegmentedRaftLogWorker (SegmentedRaftLogWorker.java:run(313)) - fa3f5044-84f5-4c3c-a0e4-383ceb43ef86-SegmentedRaftLogWorker:Storage Directory /workdir/hadoop-ozone/integration-test/target/test-dir/MiniOzoneClusterImpl-1e699435-ac44-4e4c-83e9-3412d5c7c720/datanode-5/data/ratis/17703c9d-fe06-41de-93bd-de271b0870ce was interrupted, exiting. There are 0 tasks remaining in the queue.
2019-08-20 14:17:33,972 [ForkJoinPool.commonPool-worker-1] INFO  segmented.SegmentedRaftLogWorker (SegmentedRaftLogWorker.java:close(228)) - fa3f5044-84f5-4c3c-a0e4-383ceb43ef86-SegmentedRaftLogWorker:Storage Directory /workdir/hadoop-ozone/integration-test/target/test-dir/MiniOzoneClusterImpl-1e699435-ac44-4e4c-83e9-3412d5c7c720/datanode-5/data/ratis/17703c9d-fe06-41de-93bd-de271b0870ce close()
2019-08-20 14:17:33,972 [ForkJoinPool.commonPool-worker-1] INFO  impl.RaftServerImpl (RaftServerImpl.java:lambda$shutdown$3(245)) - fa3f5044-84f5-4c3c-a0e4-383ceb43ef86: shutdown group-8DC04238F7A5
2019-08-20 14:17:33,973 [ForkJoinPool.commonPool-worker-1] INFO  util.JmxRegister (JmxRegister.java:unregister(73)) - Successfully un-registered JMX Bean with object name Ratis:service=RaftServer,group=group-8DC04238F7A5,id=fa3f5044-84f5-4c3c-a0e4-383ceb43ef86
2019-08-20 14:17:33,973 [ForkJoinPool.commonPool-worker-1] INFO  impl.RoleInfo (RoleInfo.java:shutdownLeaderState(104)) - fa3f5044-84f5-4c3c-a0e4-383ceb43ef86: shutdown LeaderState
2019-08-20 14:17:33,973 [ForkJoinPool.commonPool-worker-1] INFO  impl.PendingRequests (PendingRequests.java:sendNotLeaderResponses(202)) - fa3f5044-84f5-4c3c-a0e4-383ceb43ef86-PendingRequests: sendNotLeaderResponses
2019-08-20 14:17:33,974 [ForkJoinPool.commonPool-worker-1] INFO  impl.StateMachineUpdater (StateMachineUpdater.java:stopAndJoin(115)) - StateMachineUpdater:fa3f5044-84f5-4c3c-a0e4-383ceb43ef86:group-8DC04238F7A5: set stopIndex = 0
2019-08-20 14:17:33,974 [ForkJoinPool.commonPool-worker-1] INFO  impl.RaftServerImpl (ServerState.java:close(394)) - fa3f5044-84f5-4c3c-a0e4-383ceb43ef86:group-8DC04238F7A5 closes. The last applied log index is 0
2019-08-20 14:17:33,974 [fa3f5044-84f5-4c3c-a0e4-383ceb43ef86-SegmentedRaftLogWorker:Storage Directory /workdir/hadoop-ozone/integration-test/target/test-dir/MiniOzoneClusterImpl-1e699435-ac44-4e4c-83e9-3412d5c7c720/datanode-5/data/ratis/d8068b20-41c2-4787-8fc5-8dc04238f7a5] INFO  segmented.SegmentedRaftLogWorker (SegmentedRaftLogWorker.java:run(313)) - fa3f5044-84f5-4c3c-a0e4-383ceb43ef86-SegmentedRaftLogWorker:Storage Directory /workdir/hadoop-ozone/integration-test/target/test-dir/MiniOzoneClusterImpl-1e699435-ac44-4e4c-83e9-3412d5c7c720/datanode-5/data/ratis/d8068b20-41c2-4787-8fc5-8dc04238f7a5 was interrupted, exiting. There are 0 tasks remaining in the queue.
2019-08-20 14:17:33,975 [ForkJoinPool.commonPool-worker-1] INFO  segmented.SegmentedRaftLogWorker (SegmentedRaftLogWorker.java:close(228)) - fa3f5044-84f5-4c3c-a0e4-383ceb43ef86-SegmentedRaftLogWorker:Storage Directory /workdir/hadoop-ozone/integration-test/target/test-dir/MiniOzoneClusterImpl-1e699435-ac44-4e4c-83e9-3412d5c7c720/datanode-5/data/ratis/d8068b20-41c2-4787-8fc5-8dc04238f7a5 close()
2019-08-20 14:17:33,975 [ForkJoinPool.commonPool-worker-1] INFO  server.GrpcService (GrpcService.java:closeImpl(155)) - fa3f5044-84f5-4c3c-a0e4-383ceb43ef86: shutdown server with port 42805 now
2019-08-20 14:17:33,976 [ForkJoinPool.commonPool-worker-1] INFO  server.GrpcService (GrpcService.java:closeImpl(163)) - fa3f5044-84f5-4c3c-a0e4-383ceb43ef86: shutdown server with port 42805 successfully
2019-08-20 14:17:33,977 [ForkJoinPool.commonPool-worker-1] INFO  utils.BackgroundService (BackgroundService.java:shutdown(148)) - Shutting down service BlockDeletingService
2019-08-20 14:17:33,979 [refreshUsed-/workdir/hadoop-ozone/integration-test/target/test-dir/MiniOzoneClusterImpl-1e699435-ac44-4e4c-83e9-3412d5c7c720/datanode-5/data/containers] WARN  fs.CachingGetSpaceUsed (CachingGetSpaceUsed.java:run(183)) - Thread Interrupted waiting to refresh disk information: sleep interrupted
2019-08-20 14:17:34,003 [ForkJoinPool.commonPool-worker-1] INFO  statemachine.DatanodeStateMachine (DatanodeStateMachine.java:stopDaemon(395)) - Ozone container server stopped.
2019-08-20 14:17:34,006 [ForkJoinPool.commonPool-worker-1] INFO  handler.ContextHandler (ContextHandler.java:doStop(910)) - Stopped o.e.j.w.WebAppContext@5cdda548{/,null,UNAVAILABLE}{/hddsDatanode}
2019-08-20 14:17:34,007 [ForkJoinPool.commonPool-worker-1] INFO  server.AbstractConnector (AbstractConnector.java:doStop(318)) - Stopped ServerConnector@4f2544b0{HTTP/1.1,[http/1.1]}{0.0.0.0:0}
2019-08-20 14:17:34,010 [ForkJoinPool.commonPool-worker-1] INFO  handler.ContextHandler (ContextHandler.java:doStop(910)) - Stopped o.e.j.s.ServletContextHandler@c87787d{/static,jar:file:/home/user/.m2/repository/org/apache/hadoop/hadoop-hdds-container-service/0.5.0-SNAPSHOT/hadoop-hdds-container-service-0.5.0-SNAPSHOT.jar!/webapps/static,UNAVAILABLE}
2019-08-20 14:17:34,011 [ForkJoinPool.commonPool-worker-1] INFO  handler.ContextHandler (ContextHandler.java:doStop(910)) - Stopped o.e.j.s.ServletContextHandler@14b48f39{/logs,file:///workdir/hadoop-ozone/integration-test/target/log,UNAVAILABLE}
2019-08-20 14:17:34,012 [main] INFO  ozone.MiniOzoneClusterImpl (MiniOzoneClusterImpl.java:stop(353)) - Stopping the StorageContainerManager
2019-08-20 14:17:34,012 [main] INFO  server.StorageContainerManager (StorageContainerManager.java:stop(797)) - Stopping Replication Manager Service.
2019-08-20 14:17:34,012 [main] INFO  container.ReplicationManager (ReplicationManager.java:stop(193)) - Stopping Replication Monitor Thread.
2019-08-20 14:17:34,013 [main] INFO  server.StorageContainerManager (StorageContainerManager.java:stop(804)) - Stopping Lease Manager of the command watchers
2019-08-20 14:17:34,013 [main] INFO  server.StorageContainerManager (StorageContainerManager.java:stop(811)) - Stopping datanode service RPC server
2019-08-20 14:17:34,013 [main] INFO  server.SCMDatanodeProtocolServer (SCMDatanodeProtocolServer.java:stop(367)) - Stopping the RPC server for DataNodes
2019-08-20 14:17:34,013 [main] INFO  ipc.Server (Server.java:stop(3082)) - Stopping server on 44808
2019-08-20 14:17:34,016 [IPC Server listener on 44808] INFO  ipc.Server (Server.java:run(1185)) - Stopping IPC Server listener on 44808
2019-08-20 14:17:34,017 [IPC Server Responder] INFO  ipc.Server (Server.java:run(1319)) - Stopping IPC Server Responder
2019-08-20 14:17:34,068 [SCM Heartbeat Processing Thread - 0] WARN  node.NodeStateManager (NodeStateManager.java:scheduleNextHealthCheck(646)) - Current Thread is interrupted, shutting down HB processing thread for Node Manager.
2019-08-20 14:17:34,069 [main] INFO  server.StorageContainerManager (StorageContainerManager.java:stop(819)) - Stopping block service RPC server
2019-08-20 14:17:34,069 [main] INFO  server.SCMBlockProtocolServer (SCMBlockProtocolServer.java:stop(148)) - Stopping the RPC server for Block Protocol
2019-08-20 14:17:34,069 [main] INFO  ipc.Server (Server.java:stop(3082)) - Stopping server on 37811
2019-08-20 14:17:34,072 [IPC Server listener on 37811] INFO  ipc.Server (Server.java:run(1185)) - Stopping IPC Server listener on 37811
2019-08-20 14:17:34,073 [IPC Server Responder] INFO  ipc.Server (Server.java:run(1319)) - Stopping IPC Server Responder
2019-08-20 14:17:34,073 [main] INFO  server.StorageContainerManager (StorageContainerManager.java:stop(826)) - Stopping the StorageContainerLocationProtocol RPC server
2019-08-20 14:17:34,074 [main] INFO  server.SCMClientProtocolServer (SCMClientProtocolServer.java:stop(159)) - Stopping the RPC server for Client Protocol
2019-08-20 14:17:34,074 [main] INFO  ipc.Server (Server.java:stop(3082)) - Stopping server on 36261
2019-08-20 14:17:34,076 [main] INFO  server.StorageContainerManager (StorageContainerManager.java:stop(833)) - Stopping Storage Container Manager HTTP server.
2019-08-20 14:17:34,076 [IPC Server listener on 36261] INFO  ipc.Server (Server.java:run(1185)) - Stopping IPC Server listener on 36261
2019-08-20 14:17:34,077 [IPC Server Responder] INFO  ipc.Server (Server.java:run(1319)) - Stopping IPC Server Responder
2019-08-20 14:17:34,078 [main] INFO  handler.ContextHandler (ContextHandler.java:doStop(910)) - Stopped o.e.j.w.WebAppContext@63cf578f{/,null,UNAVAILABLE}{/scm}
2019-08-20 14:17:34,079 [main] INFO  server.AbstractConnector (AbstractConnector.java:doStop(318)) - Stopped ServerConnector@194b9783{HTTP/1.1,[http/1.1]}{0.0.0.0:0}
2019-08-20 14:17:34,079 [main] INFO  handler.ContextHandler (ContextHandler.java:doStop(910)) - Stopped o.e.j.s.ServletContextHandler@6dcf7b6a{/static,file:///workdir/hadoop-ozone/integration-test/target/test-classes/webapps/static,UNAVAILABLE}
2019-08-20 14:17:34,080 [main] INFO  handler.ContextHandler (ContextHandler.java:doStop(910)) - Stopped o.e.j.s.ServletContextHandler@184de357{/logs,file:///workdir/hadoop-ozone/integration-test/target/log,UNAVAILABLE}
2019-08-20 14:17:34,081 [main] INFO  server.StorageContainerManager (StorageContainerManager.java:stop(844)) - Stopping Block Manager Service.
2019-08-20 14:17:34,081 [main] INFO  utils.BackgroundService (BackgroundService.java:shutdown(148)) - Shutting down service SCMBlockDeletingService
2019-08-20 14:17:34,082 [main] INFO  utils.BackgroundService (BackgroundService.java:shutdown(148)) - Shutting down service SCMBlockDeletingService
2019-08-20 14:17:34,082 [main] INFO  server.StorageContainerManager (StorageContainerManager.java:stop(866)) - Stopping SCM Event Queue.
2019-08-20 14:17:34,087 [main] INFO  impl.MetricsSystemImpl (MetricsSystemImpl.java:stop(210)) - Stopping HddsDatanode metrics system...
2019-08-20 14:17:34,092 [main] INFO  impl.MetricsSystemImpl (MetricsSystemImpl.java:stop(216)) - HddsDatanode metrics system stopped.
]]></system-out>
    <system-err><![CDATA[Aug 20, 2019 2:16:54 PM com.sun.jersey.server.impl.application.WebApplicationImpl _initiate
INFO: Initiating Jersey application, version 'Jersey: 1.19 02/11/2015 03:25 AM'
Aug 20, 2019 2:16:54 PM com.sun.jersey.server.impl.application.WebApplicationImpl _initiate
INFO: Initiating Jersey application, version 'Jersey: 1.19 02/11/2015 03:25 AM'
Aug 20, 2019 2:16:54 PM com.sun.jersey.server.impl.application.WebApplicationImpl _initiate
INFO: Initiating Jersey application, version 'Jersey: 1.19 02/11/2015 03:25 AM'
Aug 20, 2019 2:16:54 PM com.sun.jersey.server.impl.application.WebApplicationImpl _initiate
INFO: Initiating Jersey application, version 'Jersey: 1.19 02/11/2015 03:25 AM'
Aug 20, 2019 2:16:55 PM com.sun.jersey.server.impl.application.WebApplicationImpl _initiate
INFO: Initiating Jersey application, version 'Jersey: 1.19 02/11/2015 03:25 AM'
Aug 20, 2019 2:16:55 PM com.sun.jersey.server.impl.application.WebApplicationImpl _initiate
INFO: Initiating Jersey application, version 'Jersey: 1.19 02/11/2015 03:25 AM'
Aug 20, 2019 2:16:55 PM com.sun.jersey.server.impl.application.WebApplicationImpl _initiate
INFO: Initiating Jersey application, version 'Jersey: 1.19 02/11/2015 03:25 AM'
]]></system-err>
  </testcase>
</testsuite>