<?xml version="1.0" encoding="UTF-8"?>
<testsuite xmlns:xsi="http://www.w3.org/2001/XMLSchema-instance" xsi:noNamespaceSchemaLocation="https://maven.apache.org/surefire/maven-surefire-plugin/xsd/surefire-test-report.xsd" name="org.apache.hadoop.ozone.client.rpc.TestCloseContainerHandlingByClient" time="78.616" tests="8" errors="7" skipped="1" failures="0">
  <properties>
    <property name="awt.toolkit" value="sun.awt.X11.XToolkit"/>
    <property name="file.encoding.pkg" value="sun.io"/>
    <property name="java.specification.version" value="1.8"/>
    <property name="sun.cpu.isalist" value=""/>
    <property name="sun.jnu.encoding" value="UTF-8"/>
    <property name="java.class.path" value="/workdir/hadoop-ozone/integration-test/target/test-classes:/workdir/hadoop-ozone/integration-test/target/classes:/home/user/.m2/repository/org/apache/hadoop/hadoop-ozone-common/0.5.0-SNAPSHOT/hadoop-ozone-common-0.5.0-SNAPSHOT.jar:/home/user/.m2/repository/org/apache/commons/commons-compress/1.4.1/commons-compress-1.4.1.jar:/home/user/.m2/repository/org/tukaani/xz/1.0/xz-1.0.jar:/home/user/.m2/repository/org/apache/hadoop/hadoop-common/3.2.0/hadoop-common-3.2.0.jar:/home/user/.m2/repository/org/apache/hadoop/hadoop-hdfs/3.2.0/hadoop-hdfs-3.2.0.jar:/home/user/.m2/repository/org/apache/hadoop/hadoop-hdfs-client/3.2.0/hadoop-hdfs-client-3.2.0.jar:/home/user/.m2/repository/com/fasterxml/jackson/core/jackson-annotations/2.9.5/jackson-annotations-2.9.5.jar:/home/user/.m2/repository/org/apache/hadoop/hadoop-hdds-common/0.5.0-SNAPSHOT/hadoop-hdds-common-0.5.0-SNAPSHOT.jar:/home/user/.m2/repository/javax/annotation/javax.annotation-api/1.2/javax.annotation-api-1.2.jar:/home/user/.m2/repository/org/apache/ratis/ratis-server/0.4.0-2337318-SNAPSHOT/ratis-server-0.4.0-2337318-SNAPSHOT.jar:/home/user/.m2/repository/org/apache/ratis/ratis-thirdparty-misc/0.2.0/ratis-thirdparty-misc-0.2.0.jar:/home/user/.m2/repository/org/apache/ratis/ratis-proto/0.4.0-2337318-SNAPSHOT/ratis-proto-0.4.0-2337318-SNAPSHOT.jar:/home/user/.m2/repository/org/apache/ratis/ratis-common/0.4.0-2337318-SNAPSHOT/ratis-common-0.4.0-2337318-SNAPSHOT.jar:/home/user/.m2/repository/org/apache/ratis/ratis-client/0.4.0-2337318-SNAPSHOT/ratis-client-0.4.0-2337318-SNAPSHOT.jar:/home/user/.m2/repository/org/apache/ratis/ratis-metrics/0.4.0-2337318-SNAPSHOT/ratis-metrics-0.4.0-2337318-SNAPSHOT.jar:/home/user/.m2/repository/org/apache/ratis/ratis-netty/0.4.0-2337318-SNAPSHOT/ratis-netty-0.4.0-2337318-SNAPSHOT.jar:/home/user/.m2/repository/org/apache/ratis/ratis-grpc/0.4.0-2337318-SNAPSHOT/ratis-grpc-0.4.0-2337318-SNAPSHOT.jar:/home/user/.m2/repository/org/rocksdb/rocksdbjni/6.0.1/rocksdbjni-6.0.1.jar:/home/user/.m2/repository/org/apache/logging/log4j/log4j-api/2.11.0/log4j-api-2.11.0.jar:/home/user/.m2/repository/org/apache/logging/log4j/log4j-core/2.11.0/log4j-core-2.11.0.jar:/home/user/.m2/repository/com/lmax/disruptor/3.4.2/disruptor-3.4.2.jar:/home/user/.m2/repository/org/apache/commons/commons-pool2/2.6.0/commons-pool2-2.6.0.jar:/home/user/.m2/repository/org/bouncycastle/bcpkix-jdk15on/1.60/bcpkix-jdk15on-1.60.jar:/home/user/.m2/repository/commons-validator/commons-validator/1.6/commons-validator-1.6.jar:/home/user/.m2/repository/commons-digester/commons-digester/1.8.1/commons-digester-1.8.1.jar:/home/user/.m2/repository/io/jaegertracing/jaeger-client/0.33.1/jaeger-client-0.33.1.jar:/home/user/.m2/repository/io/jaegertracing/jaeger-thrift/0.33.1/jaeger-thrift-0.33.1.jar:/home/user/.m2/repository/org/apache/thrift/libthrift/0.11.0/libthrift-0.11.0.jar:/home/user/.m2/repository/com/squareup/okhttp3/okhttp/3.9.0/okhttp-3.9.0.jar:/home/user/.m2/repository/com/squareup/okio/okio/1.13.0/okio-1.13.0.jar:/home/user/.m2/repository/io/jaegertracing/jaeger-core/0.33.1/jaeger-core-0.33.1.jar:/home/user/.m2/repository/io/jaegertracing/jaeger-tracerresolver/0.33.1/jaeger-tracerresolver-0.33.1.jar:/home/user/.m2/repository/io/opentracing/contrib/opentracing-tracerresolver/0.1.5/opentracing-tracerresolver-0.1.5.jar:/home/user/.m2/repository/io/opentracing/opentracing-util/0.31.0/opentracing-util-0.31.0.jar:/home/user/.m2/repository/io/opentracing/opentracing-api/0.31.0/opentracing-api-0.31.0.jar:/home/user/.m2/repository/io/opentracing/opentracing-noop/0.31.0/opentracing-noop-0.31.0.jar:/home/user/.m2/repository/org/apache/hadoop/hadoop-hdds-server-framework/0.5.0-SNAPSHOT/hadoop-hdds-server-framework-0.5.0-SNAPSHOT.jar:/home/user/.m2/repository/org/apache/hadoop/hadoop-hdds-container-service/0.5.0-SNAPSHOT/hadoop-hdds-container-service-0.5.0-SNAPSHOT.jar:/home/user/.m2/repository/org/apache/hadoop/hadoop-hdds-client/0.5.0-SNAPSHOT/hadoop-hdds-client-0.5.0-SNAPSHOT.jar:/home/user/.m2/repository/org/apache/hadoop/hadoop-hdds-tools/0.5.0-SNAPSHOT/hadoop-hdds-tools-0.5.0-SNAPSHOT.jar:/home/user/.m2/repository/org/apache/hadoop/hadoop-hdds-server-scm/0.5.0-SNAPSHOT/hadoop-hdds-server-scm-0.5.0-SNAPSHOT.jar:/home/user/.m2/repository/org/apache/hadoop/hadoop-hdds-docs/0.5.0-SNAPSHOT/hadoop-hdds-docs-0.5.0-SNAPSHOT.jar:/home/user/.m2/repository/io/dropwizard/metrics/metrics-core/3.2.4/metrics-core-3.2.4.jar:/home/user/.m2/repository/org/hamcrest/hamcrest-all/1.3/hamcrest-all-1.3.jar:/home/user/.m2/repository/org/bouncycastle/bcprov-jdk15on/1.60/bcprov-jdk15on-1.60.jar:/home/user/.m2/repository/info/picocli/picocli/3.9.6/picocli-3.9.6.jar:/home/user/.m2/repository/com/google/protobuf/protobuf-java/2.5.0/protobuf-java-2.5.0.jar:/home/user/.m2/repository/com/google/guava/guava/11.0.2/guava-11.0.2.jar:/home/user/.m2/repository/org/apache/hadoop/hadoop-ozone-ozone-manager/0.5.0-SNAPSHOT/hadoop-ozone-ozone-manager-0.5.0-SNAPSHOT.jar:/home/user/.m2/repository/org/apache/hadoop/hadoop-minikdc/3.2.0/hadoop-minikdc-3.2.0.jar:/home/user/.m2/repository/commons-io/commons-io/2.5/commons-io-2.5.jar:/home/user/.m2/repository/org/apache/kerby/kerb-simplekdc/1.0.1/kerb-simplekdc-1.0.1.jar:/home/user/.m2/repository/org/apache/kerby/kerb-client/1.0.1/kerb-client-1.0.1.jar:/home/user/.m2/repository/org/apache/kerby/kerby-config/1.0.1/kerby-config-1.0.1.jar:/home/user/.m2/repository/org/apache/kerby/kerb-core/1.0.1/kerb-core-1.0.1.jar:/home/user/.m2/repository/org/apache/kerby/kerby-pkix/1.0.1/kerby-pkix-1.0.1.jar:/home/user/.m2/repository/org/apache/kerby/kerby-asn1/1.0.1/kerby-asn1-1.0.1.jar:/home/user/.m2/repository/org/apache/kerby/kerby-util/1.0.1/kerby-util-1.0.1.jar:/home/user/.m2/repository/org/apache/kerby/kerb-common/1.0.1/kerb-common-1.0.1.jar:/home/user/.m2/repository/org/apache/kerby/kerb-crypto/1.0.1/kerb-crypto-1.0.1.jar:/home/user/.m2/repository/org/apache/kerby/kerb-util/1.0.1/kerb-util-1.0.1.jar:/home/user/.m2/repository/org/apache/kerby/token-provider/1.0.1/token-provider-1.0.1.jar:/home/user/.m2/repository/org/apache/kerby/kerb-admin/1.0.1/kerb-admin-1.0.1.jar:/home/user/.m2/repository/org/apache/kerby/kerb-server/1.0.1/kerb-server-1.0.1.jar:/home/user/.m2/repository/org/apache/kerby/kerb-identity/1.0.1/kerb-identity-1.0.1.jar:/home/user/.m2/repository/org/apache/kerby/kerby-xdr/1.0.1/kerby-xdr-1.0.1.jar:/home/user/.m2/repository/org/slf4j/slf4j-log4j12/1.7.25/slf4j-log4j12-1.7.25.jar:/home/user/.m2/repository/org/apache/hadoop/hadoop-ozone-objectstore-service/0.5.0-SNAPSHOT/hadoop-ozone-objectstore-service-0.5.0-SNAPSHOT.jar:/home/user/.m2/repository/org/apache/hadoop/hadoop-ozone-s3gateway/0.5.0-SNAPSHOT/hadoop-ozone-s3gateway-0.5.0-SNAPSHOT.jar:/home/user/.m2/repository/org/jboss/weld/servlet/weld-servlet/2.4.7.Final/weld-servlet-2.4.7.Final.jar:/home/user/.m2/repository/org/glassfish/jersey/containers/jersey-container-servlet-core/2.27/jersey-container-servlet-core-2.27.jar:/home/user/.m2/repository/org/glassfish/hk2/external/javax.inject/2.5.0-b42/javax.inject-2.5.0-b42.jar:/home/user/.m2/repository/org/glassfish/jersey/core/jersey-common/2.27/jersey-common-2.27.jar:/home/user/.m2/repository/org/glassfish/hk2/osgi-resource-locator/1.0.1/osgi-resource-locator-1.0.1.jar:/home/user/.m2/repository/javax/ws/rs/javax.ws.rs-api/2.1/javax.ws.rs-api-2.1.jar:/home/user/.m2/repository/org/glassfish/jersey/ext/cdi/jersey-cdi1x/2.27/jersey-cdi1x-2.27.jar:/home/user/.m2/repository/org/glassfish/jersey/inject/jersey-hk2/2.27/jersey-hk2-2.27.jar:/home/user/.m2/repository/org/glassfish/hk2/hk2-locator/2.5.0-b42/hk2-locator-2.5.0-b42.jar:/home/user/.m2/repository/org/javassist/javassist/3.22.0-CR2/javassist-3.22.0-CR2.jar:/home/user/.m2/repository/org/glassfish/hk2/hk2-api/2.5.0/hk2-api-2.5.0.jar:/home/user/.m2/repository/org/glassfish/hk2/external/jakarta.inject/2.5.0/jakarta.inject-2.5.0.jar:/home/user/.m2/repository/org/glassfish/hk2/hk2-utils/2.5.0/hk2-utils-2.5.0.jar:/home/user/.m2/repository/jakarta/annotation/jakarta.annotation-api/1.3.4/jakarta.annotation-api-1.3.4.jar:/home/user/.m2/repository/org/glassfish/hk2/external/aopalliance-repackaged/2.5.0/aopalliance-repackaged-2.5.0.jar:/home/user/.m2/repository/com/fasterxml/jackson/dataformat/jackson-dataformat-xml/2.9.0/jackson-dataformat-xml-2.9.0.jar:/home/user/.m2/repository/com/fasterxml/jackson/core/jackson-core/2.9.5/jackson-core-2.9.5.jar:/home/user/.m2/repository/com/fasterxml/jackson/module/jackson-module-jaxb-annotations/2.9.5/jackson-module-jaxb-annotations-2.9.5.jar:/home/user/.m2/repository/javax/enterprise/cdi-api/1.2/cdi-api-1.2.jar:/home/user/.m2/repository/javax/el/javax.el-api/3.0.0/javax.el-api-3.0.0.jar:/home/user/.m2/repository/javax/interceptor/javax.interceptor-api/1.2/javax.interceptor-api-1.2.jar:/home/user/.m2/repository/javax/inject/javax.inject/1/javax.inject-1.jar:/home/user/.m2/repository/com/sun/xml/bind/jaxb-impl/2.3.0.1/jaxb-impl-2.3.0.1.jar:/home/user/.m2/repository/com/sun/xml/bind/jaxb-core/2.3.0.1/jaxb-core-2.3.0.1.jar:/home/user/.m2/repository/javax/xml/bind/jaxb-api/2.3.0/jaxb-api-2.3.0.jar:/home/user/.m2/repository/javax/activation/activation/1.1.1/activation-1.1.1.jar:/home/user/.m2/repository/org/apache/hadoop/hadoop-ozone-csi/0.5.0-SNAPSHOT/hadoop-ozone-csi-0.5.0-SNAPSHOT.jar:/home/user/.m2/repository/com/google/protobuf/protobuf-java-util/3.5.1/protobuf-java-util-3.5.1.jar:/home/user/.m2/repository/org/apache/hadoop/hadoop-hdds-config/0.5.0-SNAPSHOT/hadoop-hdds-config-0.5.0-SNAPSHOT.jar:/home/user/.m2/repository/io/grpc/grpc-netty/1.17.1/grpc-netty-1.17.1.jar:/home/user/.m2/repository/io/grpc/grpc-core/1.17.1/grpc-core-1.17.1.jar:/home/user/.m2/repository/io/grpc/grpc-context/1.17.1/grpc-context-1.17.1.jar:/home/user/.m2/repository/com/google/errorprone/error_prone_annotations/2.2.0/error_prone_annotations-2.2.0.jar:/home/user/.m2/repository/org/codehaus/mojo/animal-sniffer-annotations/1.17/animal-sniffer-annotations-1.17.jar:/home/user/.m2/repository/io/opencensus/opencensus-api/0.17.0/opencensus-api-0.17.0.jar:/home/user/.m2/repository/io/opencensus/opencensus-contrib-grpc-metrics/0.17.0/opencensus-contrib-grpc-metrics-0.17.0.jar:/home/user/.m2/repository/io/netty/netty-codec-http2/4.1.30.Final/netty-codec-http2-4.1.30.Final.jar:/home/user/.m2/repository/io/netty/netty-codec-http/4.1.30.Final/netty-codec-http-4.1.30.Final.jar:/home/user/.m2/repository/io/netty/netty-codec/4.1.30.Final/netty-codec-4.1.30.Final.jar:/home/user/.m2/repository/io/netty/netty-handler/4.1.30.Final/netty-handler-4.1.30.Final.jar:/home/user/.m2/repository/io/netty/netty-handler-proxy/4.1.30.Final/netty-handler-proxy-4.1.30.Final.jar:/home/user/.m2/repository/io/netty/netty-codec-socks/4.1.30.Final/netty-codec-socks-4.1.30.Final.jar:/home/user/.m2/repository/io/netty/netty-transport-native-epoll/4.1.30.Final/netty-transport-native-epoll-4.1.30.Final.jar:/home/user/.m2/repository/io/netty/netty-common/4.1.30.Final/netty-common-4.1.30.Final.jar:/home/user/.m2/repository/io/netty/netty-buffer/4.1.30.Final/netty-buffer-4.1.30.Final.jar:/home/user/.m2/repository/io/netty/netty-transport/4.1.30.Final/netty-transport-4.1.30.Final.jar:/home/user/.m2/repository/io/netty/netty-resolver/4.1.30.Final/netty-resolver-4.1.30.Final.jar:/home/user/.m2/repository/io/netty/netty-transport-native-unix-common/4.1.30.Final/netty-transport-native-unix-common-4.1.30.Final.jar:/home/user/.m2/repository/io/grpc/grpc-protobuf/1.17.1/grpc-protobuf-1.17.1.jar:/home/user/.m2/repository/com/google/api/grpc/proto-google-common-protos/1.0.0/proto-google-common-protos-1.0.0.jar:/home/user/.m2/repository/io/grpc/grpc-protobuf-lite/1.17.1/grpc-protobuf-lite-1.17.1.jar:/home/user/.m2/repository/io/grpc/grpc-stub/1.17.1/grpc-stub-1.17.1.jar:/home/user/.m2/repository/org/apache/hadoop/hadoop-ozone-recon/0.5.0-SNAPSHOT/hadoop-ozone-recon-0.5.0-SNAPSHOT.jar:/home/user/.m2/repository/org/apache/hadoop/hadoop-ozone-reconcodegen/0.5.0-SNAPSHOT/hadoop-ozone-reconcodegen-0.5.0-SNAPSHOT.jar:/home/user/.m2/repository/com/google/inject/extensions/guice-multibindings/4.0/guice-multibindings-4.0.jar:/home/user/.m2/repository/com/google/inject/guice/4.0/guice-4.0.jar:/home/user/.m2/repository/aopalliance/aopalliance/1.0/aopalliance-1.0.jar:/home/user/.m2/repository/com/google/inject/extensions/guice-servlet/4.0/guice-servlet-4.0.jar:/home/user/.m2/repository/org/glassfish/jersey/containers/jersey-container-servlet/2.27/jersey-container-servlet-2.27.jar:/home/user/.m2/repository/org/glassfish/hk2/guice-bridge/2.5.0/guice-bridge-2.5.0.jar:/home/user/.m2/repository/org/glassfish/jersey/core/jersey-server/2.27/jersey-server-2.27.jar:/home/user/.m2/repository/org/glassfish/jersey/core/jersey-client/2.27/jersey-client-2.27.jar:/home/user/.m2/repository/org/glassfish/jersey/media/jersey-media-jaxb/2.27/jersey-media-jaxb-2.27.jar:/home/user/.m2/repository/javax/validation/validation-api/1.1.0.Final/validation-api-1.1.0.Final.jar:/home/user/.m2/repository/org/glassfish/jersey/media/jersey-media-json-jackson/2.27/jersey-media-json-jackson-2.27.jar:/home/user/.m2/repository/org/glassfish/jersey/ext/jersey-entity-filtering/2.27/jersey-entity-filtering-2.27.jar:/home/user/.m2/repository/com/google/inject/extensions/guice-assistedinject/4.0/guice-assistedinject-4.0.jar:/home/user/.m2/repository/org/jooq/jooq/3.11.10/jooq-3.11.10.jar:/home/user/.m2/repository/org/jooq/jooq-meta/3.11.10/jooq-meta-3.11.10.jar:/home/user/.m2/repository/org/jooq/jooq-codegen/3.11.10/jooq-codegen-3.11.10.jar:/home/user/.m2/repository/com/jolbox/bonecp/0.8.0.RELEASE/bonecp-0.8.0.RELEASE.jar:/home/user/.m2/repository/org/xerial/sqlite-jdbc/3.25.2/sqlite-jdbc-3.25.2.jar:/home/user/.m2/repository/org/springframework/spring-jdbc/5.1.3.RELEASE/spring-jdbc-5.1.3.RELEASE.jar:/home/user/.m2/repository/org/springframework/spring-beans/5.1.3.RELEASE/spring-beans-5.1.3.RELEASE.jar:/home/user/.m2/repository/org/springframework/spring-core/5.1.3.RELEASE/spring-core-5.1.3.RELEASE.jar:/home/user/.m2/repository/org/springframework/spring-jcl/5.1.3.RELEASE/spring-jcl-5.1.3.RELEASE.jar:/home/user/.m2/repository/org/springframework/spring-tx/5.1.3.RELEASE/spring-tx-5.1.3.RELEASE.jar:/home/user/.m2/repository/org/apache/hadoop/hadoop-ozone-client/0.5.0-SNAPSHOT/hadoop-ozone-client-0.5.0-SNAPSHOT.jar:/home/user/.m2/repository/commons-lang/commons-lang/2.6/commons-lang-2.6.jar:/home/user/.m2/repository/org/apache/hadoop/hadoop-ozone-ozone-manager/0.5.0-SNAPSHOT/hadoop-ozone-ozone-manager-0.5.0-SNAPSHOT-tests.jar:/home/user/.m2/repository/junit/junit/4.11/junit-4.11.jar:/home/user/.m2/repository/org/hamcrest/hamcrest-core/1.3/hamcrest-core-1.3.jar:/home/user/.m2/repository/org/openjdk/jmh/jmh-core/1.19/jmh-core-1.19.jar:/home/user/.m2/repository/net/sf/jopt-simple/jopt-simple/4.6/jopt-simple-4.6.jar:/home/user/.m2/repository/org/apache/commons/commons-math3/3.1.1/commons-math3-3.1.1.jar:/home/user/.m2/repository/org/openjdk/jmh/jmh-generator-annprocess/1.19/jmh-generator-annprocess-1.19.jar:/home/user/.m2/repository/org/mockito/mockito-all/1.8.5/mockito-all-1.8.5.jar:/home/user/.m2/repository/org/apache/hadoop/hadoop-kms/3.2.0/hadoop-kms-3.2.0.jar:/home/user/.m2/repository/org/apache/hadoop/hadoop-auth/3.2.0/hadoop-auth-3.2.0.jar:/home/user/.m2/repository/com/nimbusds/nimbus-jose-jwt/4.41.1/nimbus-jose-jwt-4.41.1.jar:/home/user/.m2/repository/com/github/stephenc/jcip/jcip-annotations/1.0-1/jcip-annotations-1.0-1.jar:/home/user/.m2/repository/net/minidev/json-smart/2.3/json-smart-2.3.jar:/home/user/.m2/repository/net/minidev/accessors-smart/1.2/accessors-smart-1.2.jar:/home/user/.m2/repository/org/ow2/asm/asm/5.0.4/asm-5.0.4.jar:/home/user/.m2/repository/org/apache/curator/curator-framework/2.12.0/curator-framework-2.12.0.jar:/home/user/.m2/repository/com/sun/jersey/jersey-core/1.19/jersey-core-1.19.jar:/home/user/.m2/repository/javax/ws/rs/jsr311-api/1.1.1/jsr311-api-1.1.1.jar:/home/user/.m2/repository/com/sun/jersey/jersey-server/1.19/jersey-server-1.19.jar:/home/user/.m2/repository/javax/servlet/javax.servlet-api/3.1.0/javax.servlet-api-3.1.0.jar:/home/user/.m2/repository/org/eclipse/jetty/jetty-server/9.3.24.v20180605/jetty-server-9.3.24.v20180605.jar:/home/user/.m2/repository/org/eclipse/jetty/jetty-http/9.3.24.v20180605/jetty-http-9.3.24.v20180605.jar:/home/user/.m2/repository/org/eclipse/jetty/jetty-io/9.3.24.v20180605/jetty-io-9.3.24.v20180605.jar:/home/user/.m2/repository/org/eclipse/jetty/jetty-webapp/9.3.24.v20180605/jetty-webapp-9.3.24.v20180605.jar:/home/user/.m2/repository/org/eclipse/jetty/jetty-xml/9.3.24.v20180605/jetty-xml-9.3.24.v20180605.jar:/home/user/.m2/repository/log4j/log4j/1.2.17/log4j-1.2.17.jar:/home/user/.m2/repository/org/slf4j/slf4j-api/1.7.25/slf4j-api-1.7.25.jar:/home/user/.m2/repository/org/slf4j/jul-to-slf4j/1.7.25/jul-to-slf4j-1.7.25.jar:/home/user/.m2/repository/org/eclipse/jetty/jetty-util/9.3.24.v20180605/jetty-util-9.3.24.v20180605.jar:/home/user/.m2/repository/com/fasterxml/jackson/core/jackson-databind/2.9.5/jackson-databind-2.9.5.jar:/home/user/.m2/repository/org/apache/hadoop/hadoop-kms/3.2.0/hadoop-kms-3.2.0-tests.jar:/home/user/.m2/repository/org/apache/hadoop/hadoop-hdds-server-scm/0.5.0-SNAPSHOT/hadoop-hdds-server-scm-0.5.0-SNAPSHOT-tests.jar:/home/user/.m2/repository/org/apache/hadoop/hadoop-hdds-container-service/0.5.0-SNAPSHOT/hadoop-hdds-container-service-0.5.0-SNAPSHOT-tests.jar:/home/user/.m2/repository/org/yaml/snakeyaml/1.16/snakeyaml-1.16.jar:/home/user/.m2/repository/org/apache/hadoop/hadoop-common/3.2.0/hadoop-common-3.2.0-tests.jar:/home/user/.m2/repository/org/apache/hadoop/hadoop-annotations/3.2.0/hadoop-annotations-3.2.0.jar:/usr/lib/jvm/java-1.8-openjdk/jre/../lib/tools.jar:/home/user/.m2/repository/commons-cli/commons-cli/1.2/commons-cli-1.2.jar:/home/user/.m2/repository/org/apache/httpcomponents/httpclient/4.5.2/httpclient-4.5.2.jar:/home/user/.m2/repository/org/apache/httpcomponents/httpcore/4.4.4/httpcore-4.4.4.jar:/home/user/.m2/repository/commons-codec/commons-codec/1.11/commons-codec-1.11.jar:/home/user/.m2/repository/commons-net/commons-net/3.6/commons-net-3.6.jar:/home/user/.m2/repository/commons-collections/commons-collections/3.2.2/commons-collections-3.2.2.jar:/home/user/.m2/repository/org/eclipse/jetty/jetty-servlet/9.3.24.v20180605/jetty-servlet-9.3.24.v20180605.jar:/home/user/.m2/repository/org/eclipse/jetty/jetty-security/9.3.24.v20180605/jetty-security-9.3.24.v20180605.jar:/home/user/.m2/repository/javax/servlet/jsp/jsp-api/2.1/jsp-api-2.1.jar:/home/user/.m2/repository/com/sun/jersey/jersey-servlet/1.19/jersey-servlet-1.19.jar:/home/user/.m2/repository/com/sun/jersey/jersey-json/1.19/jersey-json-1.19.jar:/home/user/.m2/repository/org/codehaus/jettison/jettison/1.1/jettison-1.1.jar:/home/user/.m2/repository/org/codehaus/jackson/jackson-core-asl/1.9.13/jackson-core-asl-1.9.13.jar:/home/user/.m2/repository/org/codehaus/jackson/jackson-mapper-asl/1.9.13/jackson-mapper-asl-1.9.13.jar:/home/user/.m2/repository/org/codehaus/jackson/jackson-jaxrs/1.9.13/jackson-jaxrs-1.9.13.jar:/home/user/.m2/repository/org/codehaus/jackson/jackson-xc/1.9.13/jackson-xc-1.9.13.jar:/home/user/.m2/repository/commons-logging/commons-logging/1.1.3/commons-logging-1.1.3.jar:/home/user/.m2/repository/commons-beanutils/commons-beanutils/1.9.3/commons-beanutils-1.9.3.jar:/home/user/.m2/repository/org/apache/commons/commons-configuration2/2.1.1/commons-configuration2-2.1.1.jar:/home/user/.m2/repository/org/apache/commons/commons-lang3/3.7/commons-lang3-3.7.jar:/home/user/.m2/repository/org/apache/commons/commons-text/1.4/commons-text-1.4.jar:/home/user/.m2/repository/org/apache/avro/avro/1.7.7/avro-1.7.7.jar:/home/user/.m2/repository/com/thoughtworks/paranamer/paranamer/2.3/paranamer-2.3.jar:/home/user/.m2/repository/org/xerial/snappy/snappy-java/1.0.5/snappy-java-1.0.5.jar:/home/user/.m2/repository/com/google/re2j/re2j/1.1/re2j-1.1.jar:/home/user/.m2/repository/com/google/code/gson/gson/2.2.4/gson-2.2.4.jar:/home/user/.m2/repository/com/jcraft/jsch/0.1.54/jsch-0.1.54.jar:/home/user/.m2/repository/org/apache/curator/curator-client/2.12.0/curator-client-2.12.0.jar:/home/user/.m2/repository/org/apache/curator/curator-recipes/2.12.0/curator-recipes-2.12.0.jar:/home/user/.m2/repository/com/google/code/findbugs/jsr305/3.0.0/jsr305-3.0.0.jar:/home/user/.m2/repository/org/apache/htrace/htrace-core4/4.1.0-incubating/htrace-core4-4.1.0-incubating.jar:/home/user/.m2/repository/org/apache/zookeeper/zookeeper/3.4.13/zookeeper-3.4.13.jar:/home/user/.m2/repository/org/apache/yetus/audience-annotations/0.5.0/audience-annotations-0.5.0.jar:/home/user/.m2/repository/org/codehaus/woodstox/stax2-api/3.1.4/stax2-api-3.1.4.jar:/home/user/.m2/repository/com/fasterxml/woodstox/woodstox-core/5.0.3/woodstox-core-5.0.3.jar:/home/user/.m2/repository/dnsjava/dnsjava/2.1.7/dnsjava-2.1.7.jar:/home/user/.m2/repository/org/apache/hadoop/hadoop-hdfs/3.2.0/hadoop-hdfs-3.2.0-tests.jar:/home/user/.m2/repository/org/eclipse/jetty/jetty-util-ajax/9.3.24.v20180605/jetty-util-ajax-9.3.24.v20180605.jar:/home/user/.m2/repository/commons-daemon/commons-daemon/1.0.13/commons-daemon-1.0.13.jar:/home/user/.m2/repository/io/netty/netty/3.10.5.Final/netty-3.10.5.Final.jar:/home/user/.m2/repository/io/netty/netty-all/4.0.52.Final/netty-all-4.0.52.Final.jar:/home/user/.m2/repository/org/fusesource/leveldbjni/leveldbjni-all/1.8/leveldbjni-all-1.8.jar:"/>
    <property name="java.vm.vendor" value="IcedTea"/>
    <property name="sun.arch.data.model" value="64"/>
    <property name="test.build.dir" value="/workdir/hadoop-ozone/integration-test/target/test-dir"/>
    <property name="test.cache.data" value=""/>
    <property name="java.vendor.url" value="https://icedtea.classpath.org"/>
    <property name="user.timezone" value=""/>
    <property name="java.vm.specification.version" value="1.8"/>
    <property name="os.name" value="Linux"/>
    <property name="test.build.data" value="/workdir/hadoop-ozone/integration-test/target/test-dir"/>
    <property name="user.country" value="US"/>
    <property name="sun.java.launcher" value="SUN_STANDARD"/>
    <property name="sun.boot.library.path" value="/usr/lib/jvm/java-1.8-openjdk/jre/lib/amd64"/>
    <property name="sun.java.command" value="/workdir/hadoop-ozone/integration-test/target/surefire/surefirebooter8820198340559461464.jar /workdir/hadoop-ozone/integration-test/target/surefire 2019-08-29T07-35-59_936-jvmRun1 surefire3107052545692485303tmp surefire_525563686431227997699tmp"/>
    <property name="test" value="!TestMiniChaosOzoneCluster"/>
    <property name="surefire.test.class.path" value="/workdir/hadoop-ozone/integration-test/target/test-classes:/workdir/hadoop-ozone/integration-test/target/classes:/home/user/.m2/repository/org/apache/hadoop/hadoop-ozone-common/0.5.0-SNAPSHOT/hadoop-ozone-common-0.5.0-SNAPSHOT.jar:/home/user/.m2/repository/org/apache/commons/commons-compress/1.4.1/commons-compress-1.4.1.jar:/home/user/.m2/repository/org/tukaani/xz/1.0/xz-1.0.jar:/home/user/.m2/repository/org/apache/hadoop/hadoop-common/3.2.0/hadoop-common-3.2.0.jar:/home/user/.m2/repository/org/apache/hadoop/hadoop-hdfs/3.2.0/hadoop-hdfs-3.2.0.jar:/home/user/.m2/repository/org/apache/hadoop/hadoop-hdfs-client/3.2.0/hadoop-hdfs-client-3.2.0.jar:/home/user/.m2/repository/com/fasterxml/jackson/core/jackson-annotations/2.9.5/jackson-annotations-2.9.5.jar:/home/user/.m2/repository/org/apache/hadoop/hadoop-hdds-common/0.5.0-SNAPSHOT/hadoop-hdds-common-0.5.0-SNAPSHOT.jar:/home/user/.m2/repository/javax/annotation/javax.annotation-api/1.2/javax.annotation-api-1.2.jar:/home/user/.m2/repository/org/apache/ratis/ratis-server/0.4.0-2337318-SNAPSHOT/ratis-server-0.4.0-2337318-SNAPSHOT.jar:/home/user/.m2/repository/org/apache/ratis/ratis-thirdparty-misc/0.2.0/ratis-thirdparty-misc-0.2.0.jar:/home/user/.m2/repository/org/apache/ratis/ratis-proto/0.4.0-2337318-SNAPSHOT/ratis-proto-0.4.0-2337318-SNAPSHOT.jar:/home/user/.m2/repository/org/apache/ratis/ratis-common/0.4.0-2337318-SNAPSHOT/ratis-common-0.4.0-2337318-SNAPSHOT.jar:/home/user/.m2/repository/org/apache/ratis/ratis-client/0.4.0-2337318-SNAPSHOT/ratis-client-0.4.0-2337318-SNAPSHOT.jar:/home/user/.m2/repository/org/apache/ratis/ratis-metrics/0.4.0-2337318-SNAPSHOT/ratis-metrics-0.4.0-2337318-SNAPSHOT.jar:/home/user/.m2/repository/org/apache/ratis/ratis-netty/0.4.0-2337318-SNAPSHOT/ratis-netty-0.4.0-2337318-SNAPSHOT.jar:/home/user/.m2/repository/org/apache/ratis/ratis-grpc/0.4.0-2337318-SNAPSHOT/ratis-grpc-0.4.0-2337318-SNAPSHOT.jar:/home/user/.m2/repository/org/rocksdb/rocksdbjni/6.0.1/rocksdbjni-6.0.1.jar:/home/user/.m2/repository/org/apache/logging/log4j/log4j-api/2.11.0/log4j-api-2.11.0.jar:/home/user/.m2/repository/org/apache/logging/log4j/log4j-core/2.11.0/log4j-core-2.11.0.jar:/home/user/.m2/repository/com/lmax/disruptor/3.4.2/disruptor-3.4.2.jar:/home/user/.m2/repository/org/apache/commons/commons-pool2/2.6.0/commons-pool2-2.6.0.jar:/home/user/.m2/repository/org/bouncycastle/bcpkix-jdk15on/1.60/bcpkix-jdk15on-1.60.jar:/home/user/.m2/repository/commons-validator/commons-validator/1.6/commons-validator-1.6.jar:/home/user/.m2/repository/commons-digester/commons-digester/1.8.1/commons-digester-1.8.1.jar:/home/user/.m2/repository/io/jaegertracing/jaeger-client/0.33.1/jaeger-client-0.33.1.jar:/home/user/.m2/repository/io/jaegertracing/jaeger-thrift/0.33.1/jaeger-thrift-0.33.1.jar:/home/user/.m2/repository/org/apache/thrift/libthrift/0.11.0/libthrift-0.11.0.jar:/home/user/.m2/repository/com/squareup/okhttp3/okhttp/3.9.0/okhttp-3.9.0.jar:/home/user/.m2/repository/com/squareup/okio/okio/1.13.0/okio-1.13.0.jar:/home/user/.m2/repository/io/jaegertracing/jaeger-core/0.33.1/jaeger-core-0.33.1.jar:/home/user/.m2/repository/io/jaegertracing/jaeger-tracerresolver/0.33.1/jaeger-tracerresolver-0.33.1.jar:/home/user/.m2/repository/io/opentracing/contrib/opentracing-tracerresolver/0.1.5/opentracing-tracerresolver-0.1.5.jar:/home/user/.m2/repository/io/opentracing/opentracing-util/0.31.0/opentracing-util-0.31.0.jar:/home/user/.m2/repository/io/opentracing/opentracing-api/0.31.0/opentracing-api-0.31.0.jar:/home/user/.m2/repository/io/opentracing/opentracing-noop/0.31.0/opentracing-noop-0.31.0.jar:/home/user/.m2/repository/org/apache/hadoop/hadoop-hdds-server-framework/0.5.0-SNAPSHOT/hadoop-hdds-server-framework-0.5.0-SNAPSHOT.jar:/home/user/.m2/repository/org/apache/hadoop/hadoop-hdds-container-service/0.5.0-SNAPSHOT/hadoop-hdds-container-service-0.5.0-SNAPSHOT.jar:/home/user/.m2/repository/org/apache/hadoop/hadoop-hdds-client/0.5.0-SNAPSHOT/hadoop-hdds-client-0.5.0-SNAPSHOT.jar:/home/user/.m2/repository/org/apache/hadoop/hadoop-hdds-tools/0.5.0-SNAPSHOT/hadoop-hdds-tools-0.5.0-SNAPSHOT.jar:/home/user/.m2/repository/org/apache/hadoop/hadoop-hdds-server-scm/0.5.0-SNAPSHOT/hadoop-hdds-server-scm-0.5.0-SNAPSHOT.jar:/home/user/.m2/repository/org/apache/hadoop/hadoop-hdds-docs/0.5.0-SNAPSHOT/hadoop-hdds-docs-0.5.0-SNAPSHOT.jar:/home/user/.m2/repository/io/dropwizard/metrics/metrics-core/3.2.4/metrics-core-3.2.4.jar:/home/user/.m2/repository/org/hamcrest/hamcrest-all/1.3/hamcrest-all-1.3.jar:/home/user/.m2/repository/org/bouncycastle/bcprov-jdk15on/1.60/bcprov-jdk15on-1.60.jar:/home/user/.m2/repository/info/picocli/picocli/3.9.6/picocli-3.9.6.jar:/home/user/.m2/repository/com/google/protobuf/protobuf-java/2.5.0/protobuf-java-2.5.0.jar:/home/user/.m2/repository/com/google/guava/guava/11.0.2/guava-11.0.2.jar:/home/user/.m2/repository/org/apache/hadoop/hadoop-ozone-ozone-manager/0.5.0-SNAPSHOT/hadoop-ozone-ozone-manager-0.5.0-SNAPSHOT.jar:/home/user/.m2/repository/org/apache/hadoop/hadoop-minikdc/3.2.0/hadoop-minikdc-3.2.0.jar:/home/user/.m2/repository/commons-io/commons-io/2.5/commons-io-2.5.jar:/home/user/.m2/repository/org/apache/kerby/kerb-simplekdc/1.0.1/kerb-simplekdc-1.0.1.jar:/home/user/.m2/repository/org/apache/kerby/kerb-client/1.0.1/kerb-client-1.0.1.jar:/home/user/.m2/repository/org/apache/kerby/kerby-config/1.0.1/kerby-config-1.0.1.jar:/home/user/.m2/repository/org/apache/kerby/kerb-core/1.0.1/kerb-core-1.0.1.jar:/home/user/.m2/repository/org/apache/kerby/kerby-pkix/1.0.1/kerby-pkix-1.0.1.jar:/home/user/.m2/repository/org/apache/kerby/kerby-asn1/1.0.1/kerby-asn1-1.0.1.jar:/home/user/.m2/repository/org/apache/kerby/kerby-util/1.0.1/kerby-util-1.0.1.jar:/home/user/.m2/repository/org/apache/kerby/kerb-common/1.0.1/kerb-common-1.0.1.jar:/home/user/.m2/repository/org/apache/kerby/kerb-crypto/1.0.1/kerb-crypto-1.0.1.jar:/home/user/.m2/repository/org/apache/kerby/kerb-util/1.0.1/kerb-util-1.0.1.jar:/home/user/.m2/repository/org/apache/kerby/token-provider/1.0.1/token-provider-1.0.1.jar:/home/user/.m2/repository/org/apache/kerby/kerb-admin/1.0.1/kerb-admin-1.0.1.jar:/home/user/.m2/repository/org/apache/kerby/kerb-server/1.0.1/kerb-server-1.0.1.jar:/home/user/.m2/repository/org/apache/kerby/kerb-identity/1.0.1/kerb-identity-1.0.1.jar:/home/user/.m2/repository/org/apache/kerby/kerby-xdr/1.0.1/kerby-xdr-1.0.1.jar:/home/user/.m2/repository/org/slf4j/slf4j-log4j12/1.7.25/slf4j-log4j12-1.7.25.jar:/home/user/.m2/repository/org/apache/hadoop/hadoop-ozone-objectstore-service/0.5.0-SNAPSHOT/hadoop-ozone-objectstore-service-0.5.0-SNAPSHOT.jar:/home/user/.m2/repository/org/apache/hadoop/hadoop-ozone-s3gateway/0.5.0-SNAPSHOT/hadoop-ozone-s3gateway-0.5.0-SNAPSHOT.jar:/home/user/.m2/repository/org/jboss/weld/servlet/weld-servlet/2.4.7.Final/weld-servlet-2.4.7.Final.jar:/home/user/.m2/repository/org/glassfish/jersey/containers/jersey-container-servlet-core/2.27/jersey-container-servlet-core-2.27.jar:/home/user/.m2/repository/org/glassfish/hk2/external/javax.inject/2.5.0-b42/javax.inject-2.5.0-b42.jar:/home/user/.m2/repository/org/glassfish/jersey/core/jersey-common/2.27/jersey-common-2.27.jar:/home/user/.m2/repository/org/glassfish/hk2/osgi-resource-locator/1.0.1/osgi-resource-locator-1.0.1.jar:/home/user/.m2/repository/javax/ws/rs/javax.ws.rs-api/2.1/javax.ws.rs-api-2.1.jar:/home/user/.m2/repository/org/glassfish/jersey/ext/cdi/jersey-cdi1x/2.27/jersey-cdi1x-2.27.jar:/home/user/.m2/repository/org/glassfish/jersey/inject/jersey-hk2/2.27/jersey-hk2-2.27.jar:/home/user/.m2/repository/org/glassfish/hk2/hk2-locator/2.5.0-b42/hk2-locator-2.5.0-b42.jar:/home/user/.m2/repository/org/javassist/javassist/3.22.0-CR2/javassist-3.22.0-CR2.jar:/home/user/.m2/repository/org/glassfish/hk2/hk2-api/2.5.0/hk2-api-2.5.0.jar:/home/user/.m2/repository/org/glassfish/hk2/external/jakarta.inject/2.5.0/jakarta.inject-2.5.0.jar:/home/user/.m2/repository/org/glassfish/hk2/hk2-utils/2.5.0/hk2-utils-2.5.0.jar:/home/user/.m2/repository/jakarta/annotation/jakarta.annotation-api/1.3.4/jakarta.annotation-api-1.3.4.jar:/home/user/.m2/repository/org/glassfish/hk2/external/aopalliance-repackaged/2.5.0/aopalliance-repackaged-2.5.0.jar:/home/user/.m2/repository/com/fasterxml/jackson/dataformat/jackson-dataformat-xml/2.9.0/jackson-dataformat-xml-2.9.0.jar:/home/user/.m2/repository/com/fasterxml/jackson/core/jackson-core/2.9.5/jackson-core-2.9.5.jar:/home/user/.m2/repository/com/fasterxml/jackson/module/jackson-module-jaxb-annotations/2.9.5/jackson-module-jaxb-annotations-2.9.5.jar:/home/user/.m2/repository/javax/enterprise/cdi-api/1.2/cdi-api-1.2.jar:/home/user/.m2/repository/javax/el/javax.el-api/3.0.0/javax.el-api-3.0.0.jar:/home/user/.m2/repository/javax/interceptor/javax.interceptor-api/1.2/javax.interceptor-api-1.2.jar:/home/user/.m2/repository/javax/inject/javax.inject/1/javax.inject-1.jar:/home/user/.m2/repository/com/sun/xml/bind/jaxb-impl/2.3.0.1/jaxb-impl-2.3.0.1.jar:/home/user/.m2/repository/com/sun/xml/bind/jaxb-core/2.3.0.1/jaxb-core-2.3.0.1.jar:/home/user/.m2/repository/javax/xml/bind/jaxb-api/2.3.0/jaxb-api-2.3.0.jar:/home/user/.m2/repository/javax/activation/activation/1.1.1/activation-1.1.1.jar:/home/user/.m2/repository/org/apache/hadoop/hadoop-ozone-csi/0.5.0-SNAPSHOT/hadoop-ozone-csi-0.5.0-SNAPSHOT.jar:/home/user/.m2/repository/com/google/protobuf/protobuf-java-util/3.5.1/protobuf-java-util-3.5.1.jar:/home/user/.m2/repository/org/apache/hadoop/hadoop-hdds-config/0.5.0-SNAPSHOT/hadoop-hdds-config-0.5.0-SNAPSHOT.jar:/home/user/.m2/repository/io/grpc/grpc-netty/1.17.1/grpc-netty-1.17.1.jar:/home/user/.m2/repository/io/grpc/grpc-core/1.17.1/grpc-core-1.17.1.jar:/home/user/.m2/repository/io/grpc/grpc-context/1.17.1/grpc-context-1.17.1.jar:/home/user/.m2/repository/com/google/errorprone/error_prone_annotations/2.2.0/error_prone_annotations-2.2.0.jar:/home/user/.m2/repository/org/codehaus/mojo/animal-sniffer-annotations/1.17/animal-sniffer-annotations-1.17.jar:/home/user/.m2/repository/io/opencensus/opencensus-api/0.17.0/opencensus-api-0.17.0.jar:/home/user/.m2/repository/io/opencensus/opencensus-contrib-grpc-metrics/0.17.0/opencensus-contrib-grpc-metrics-0.17.0.jar:/home/user/.m2/repository/io/netty/netty-codec-http2/4.1.30.Final/netty-codec-http2-4.1.30.Final.jar:/home/user/.m2/repository/io/netty/netty-codec-http/4.1.30.Final/netty-codec-http-4.1.30.Final.jar:/home/user/.m2/repository/io/netty/netty-codec/4.1.30.Final/netty-codec-4.1.30.Final.jar:/home/user/.m2/repository/io/netty/netty-handler/4.1.30.Final/netty-handler-4.1.30.Final.jar:/home/user/.m2/repository/io/netty/netty-handler-proxy/4.1.30.Final/netty-handler-proxy-4.1.30.Final.jar:/home/user/.m2/repository/io/netty/netty-codec-socks/4.1.30.Final/netty-codec-socks-4.1.30.Final.jar:/home/user/.m2/repository/io/netty/netty-transport-native-epoll/4.1.30.Final/netty-transport-native-epoll-4.1.30.Final.jar:/home/user/.m2/repository/io/netty/netty-common/4.1.30.Final/netty-common-4.1.30.Final.jar:/home/user/.m2/repository/io/netty/netty-buffer/4.1.30.Final/netty-buffer-4.1.30.Final.jar:/home/user/.m2/repository/io/netty/netty-transport/4.1.30.Final/netty-transport-4.1.30.Final.jar:/home/user/.m2/repository/io/netty/netty-resolver/4.1.30.Final/netty-resolver-4.1.30.Final.jar:/home/user/.m2/repository/io/netty/netty-transport-native-unix-common/4.1.30.Final/netty-transport-native-unix-common-4.1.30.Final.jar:/home/user/.m2/repository/io/grpc/grpc-protobuf/1.17.1/grpc-protobuf-1.17.1.jar:/home/user/.m2/repository/com/google/api/grpc/proto-google-common-protos/1.0.0/proto-google-common-protos-1.0.0.jar:/home/user/.m2/repository/io/grpc/grpc-protobuf-lite/1.17.1/grpc-protobuf-lite-1.17.1.jar:/home/user/.m2/repository/io/grpc/grpc-stub/1.17.1/grpc-stub-1.17.1.jar:/home/user/.m2/repository/org/apache/hadoop/hadoop-ozone-recon/0.5.0-SNAPSHOT/hadoop-ozone-recon-0.5.0-SNAPSHOT.jar:/home/user/.m2/repository/org/apache/hadoop/hadoop-ozone-reconcodegen/0.5.0-SNAPSHOT/hadoop-ozone-reconcodegen-0.5.0-SNAPSHOT.jar:/home/user/.m2/repository/com/google/inject/extensions/guice-multibindings/4.0/guice-multibindings-4.0.jar:/home/user/.m2/repository/com/google/inject/guice/4.0/guice-4.0.jar:/home/user/.m2/repository/aopalliance/aopalliance/1.0/aopalliance-1.0.jar:/home/user/.m2/repository/com/google/inject/extensions/guice-servlet/4.0/guice-servlet-4.0.jar:/home/user/.m2/repository/org/glassfish/jersey/containers/jersey-container-servlet/2.27/jersey-container-servlet-2.27.jar:/home/user/.m2/repository/org/glassfish/hk2/guice-bridge/2.5.0/guice-bridge-2.5.0.jar:/home/user/.m2/repository/org/glassfish/jersey/core/jersey-server/2.27/jersey-server-2.27.jar:/home/user/.m2/repository/org/glassfish/jersey/core/jersey-client/2.27/jersey-client-2.27.jar:/home/user/.m2/repository/org/glassfish/jersey/media/jersey-media-jaxb/2.27/jersey-media-jaxb-2.27.jar:/home/user/.m2/repository/javax/validation/validation-api/1.1.0.Final/validation-api-1.1.0.Final.jar:/home/user/.m2/repository/org/glassfish/jersey/media/jersey-media-json-jackson/2.27/jersey-media-json-jackson-2.27.jar:/home/user/.m2/repository/org/glassfish/jersey/ext/jersey-entity-filtering/2.27/jersey-entity-filtering-2.27.jar:/home/user/.m2/repository/com/google/inject/extensions/guice-assistedinject/4.0/guice-assistedinject-4.0.jar:/home/user/.m2/repository/org/jooq/jooq/3.11.10/jooq-3.11.10.jar:/home/user/.m2/repository/org/jooq/jooq-meta/3.11.10/jooq-meta-3.11.10.jar:/home/user/.m2/repository/org/jooq/jooq-codegen/3.11.10/jooq-codegen-3.11.10.jar:/home/user/.m2/repository/com/jolbox/bonecp/0.8.0.RELEASE/bonecp-0.8.0.RELEASE.jar:/home/user/.m2/repository/org/xerial/sqlite-jdbc/3.25.2/sqlite-jdbc-3.25.2.jar:/home/user/.m2/repository/org/springframework/spring-jdbc/5.1.3.RELEASE/spring-jdbc-5.1.3.RELEASE.jar:/home/user/.m2/repository/org/springframework/spring-beans/5.1.3.RELEASE/spring-beans-5.1.3.RELEASE.jar:/home/user/.m2/repository/org/springframework/spring-core/5.1.3.RELEASE/spring-core-5.1.3.RELEASE.jar:/home/user/.m2/repository/org/springframework/spring-jcl/5.1.3.RELEASE/spring-jcl-5.1.3.RELEASE.jar:/home/user/.m2/repository/org/springframework/spring-tx/5.1.3.RELEASE/spring-tx-5.1.3.RELEASE.jar:/home/user/.m2/repository/org/apache/hadoop/hadoop-ozone-client/0.5.0-SNAPSHOT/hadoop-ozone-client-0.5.0-SNAPSHOT.jar:/home/user/.m2/repository/commons-lang/commons-lang/2.6/commons-lang-2.6.jar:/home/user/.m2/repository/org/apache/hadoop/hadoop-ozone-ozone-manager/0.5.0-SNAPSHOT/hadoop-ozone-ozone-manager-0.5.0-SNAPSHOT-tests.jar:/home/user/.m2/repository/junit/junit/4.11/junit-4.11.jar:/home/user/.m2/repository/org/hamcrest/hamcrest-core/1.3/hamcrest-core-1.3.jar:/home/user/.m2/repository/org/openjdk/jmh/jmh-core/1.19/jmh-core-1.19.jar:/home/user/.m2/repository/net/sf/jopt-simple/jopt-simple/4.6/jopt-simple-4.6.jar:/home/user/.m2/repository/org/apache/commons/commons-math3/3.1.1/commons-math3-3.1.1.jar:/home/user/.m2/repository/org/openjdk/jmh/jmh-generator-annprocess/1.19/jmh-generator-annprocess-1.19.jar:/home/user/.m2/repository/org/mockito/mockito-all/1.8.5/mockito-all-1.8.5.jar:/home/user/.m2/repository/org/apache/hadoop/hadoop-kms/3.2.0/hadoop-kms-3.2.0.jar:/home/user/.m2/repository/org/apache/hadoop/hadoop-auth/3.2.0/hadoop-auth-3.2.0.jar:/home/user/.m2/repository/com/nimbusds/nimbus-jose-jwt/4.41.1/nimbus-jose-jwt-4.41.1.jar:/home/user/.m2/repository/com/github/stephenc/jcip/jcip-annotations/1.0-1/jcip-annotations-1.0-1.jar:/home/user/.m2/repository/net/minidev/json-smart/2.3/json-smart-2.3.jar:/home/user/.m2/repository/net/minidev/accessors-smart/1.2/accessors-smart-1.2.jar:/home/user/.m2/repository/org/ow2/asm/asm/5.0.4/asm-5.0.4.jar:/home/user/.m2/repository/org/apache/curator/curator-framework/2.12.0/curator-framework-2.12.0.jar:/home/user/.m2/repository/com/sun/jersey/jersey-core/1.19/jersey-core-1.19.jar:/home/user/.m2/repository/javax/ws/rs/jsr311-api/1.1.1/jsr311-api-1.1.1.jar:/home/user/.m2/repository/com/sun/jersey/jersey-server/1.19/jersey-server-1.19.jar:/home/user/.m2/repository/javax/servlet/javax.servlet-api/3.1.0/javax.servlet-api-3.1.0.jar:/home/user/.m2/repository/org/eclipse/jetty/jetty-server/9.3.24.v20180605/jetty-server-9.3.24.v20180605.jar:/home/user/.m2/repository/org/eclipse/jetty/jetty-http/9.3.24.v20180605/jetty-http-9.3.24.v20180605.jar:/home/user/.m2/repository/org/eclipse/jetty/jetty-io/9.3.24.v20180605/jetty-io-9.3.24.v20180605.jar:/home/user/.m2/repository/org/eclipse/jetty/jetty-webapp/9.3.24.v20180605/jetty-webapp-9.3.24.v20180605.jar:/home/user/.m2/repository/org/eclipse/jetty/jetty-xml/9.3.24.v20180605/jetty-xml-9.3.24.v20180605.jar:/home/user/.m2/repository/log4j/log4j/1.2.17/log4j-1.2.17.jar:/home/user/.m2/repository/org/slf4j/slf4j-api/1.7.25/slf4j-api-1.7.25.jar:/home/user/.m2/repository/org/slf4j/jul-to-slf4j/1.7.25/jul-to-slf4j-1.7.25.jar:/home/user/.m2/repository/org/eclipse/jetty/jetty-util/9.3.24.v20180605/jetty-util-9.3.24.v20180605.jar:/home/user/.m2/repository/com/fasterxml/jackson/core/jackson-databind/2.9.5/jackson-databind-2.9.5.jar:/home/user/.m2/repository/org/apache/hadoop/hadoop-kms/3.2.0/hadoop-kms-3.2.0-tests.jar:/home/user/.m2/repository/org/apache/hadoop/hadoop-hdds-server-scm/0.5.0-SNAPSHOT/hadoop-hdds-server-scm-0.5.0-SNAPSHOT-tests.jar:/home/user/.m2/repository/org/apache/hadoop/hadoop-hdds-container-service/0.5.0-SNAPSHOT/hadoop-hdds-container-service-0.5.0-SNAPSHOT-tests.jar:/home/user/.m2/repository/org/yaml/snakeyaml/1.16/snakeyaml-1.16.jar:/home/user/.m2/repository/org/apache/hadoop/hadoop-common/3.2.0/hadoop-common-3.2.0-tests.jar:/home/user/.m2/repository/org/apache/hadoop/hadoop-annotations/3.2.0/hadoop-annotations-3.2.0.jar:/usr/lib/jvm/java-1.8-openjdk/jre/../lib/tools.jar:/home/user/.m2/repository/commons-cli/commons-cli/1.2/commons-cli-1.2.jar:/home/user/.m2/repository/org/apache/httpcomponents/httpclient/4.5.2/httpclient-4.5.2.jar:/home/user/.m2/repository/org/apache/httpcomponents/httpcore/4.4.4/httpcore-4.4.4.jar:/home/user/.m2/repository/commons-codec/commons-codec/1.11/commons-codec-1.11.jar:/home/user/.m2/repository/commons-net/commons-net/3.6/commons-net-3.6.jar:/home/user/.m2/repository/commons-collections/commons-collections/3.2.2/commons-collections-3.2.2.jar:/home/user/.m2/repository/org/eclipse/jetty/jetty-servlet/9.3.24.v20180605/jetty-servlet-9.3.24.v20180605.jar:/home/user/.m2/repository/org/eclipse/jetty/jetty-security/9.3.24.v20180605/jetty-security-9.3.24.v20180605.jar:/home/user/.m2/repository/javax/servlet/jsp/jsp-api/2.1/jsp-api-2.1.jar:/home/user/.m2/repository/com/sun/jersey/jersey-servlet/1.19/jersey-servlet-1.19.jar:/home/user/.m2/repository/com/sun/jersey/jersey-json/1.19/jersey-json-1.19.jar:/home/user/.m2/repository/org/codehaus/jettison/jettison/1.1/jettison-1.1.jar:/home/user/.m2/repository/org/codehaus/jackson/jackson-core-asl/1.9.13/jackson-core-asl-1.9.13.jar:/home/user/.m2/repository/org/codehaus/jackson/jackson-mapper-asl/1.9.13/jackson-mapper-asl-1.9.13.jar:/home/user/.m2/repository/org/codehaus/jackson/jackson-jaxrs/1.9.13/jackson-jaxrs-1.9.13.jar:/home/user/.m2/repository/org/codehaus/jackson/jackson-xc/1.9.13/jackson-xc-1.9.13.jar:/home/user/.m2/repository/commons-logging/commons-logging/1.1.3/commons-logging-1.1.3.jar:/home/user/.m2/repository/commons-beanutils/commons-beanutils/1.9.3/commons-beanutils-1.9.3.jar:/home/user/.m2/repository/org/apache/commons/commons-configuration2/2.1.1/commons-configuration2-2.1.1.jar:/home/user/.m2/repository/org/apache/commons/commons-lang3/3.7/commons-lang3-3.7.jar:/home/user/.m2/repository/org/apache/commons/commons-text/1.4/commons-text-1.4.jar:/home/user/.m2/repository/org/apache/avro/avro/1.7.7/avro-1.7.7.jar:/home/user/.m2/repository/com/thoughtworks/paranamer/paranamer/2.3/paranamer-2.3.jar:/home/user/.m2/repository/org/xerial/snappy/snappy-java/1.0.5/snappy-java-1.0.5.jar:/home/user/.m2/repository/com/google/re2j/re2j/1.1/re2j-1.1.jar:/home/user/.m2/repository/com/google/code/gson/gson/2.2.4/gson-2.2.4.jar:/home/user/.m2/repository/com/jcraft/jsch/0.1.54/jsch-0.1.54.jar:/home/user/.m2/repository/org/apache/curator/curator-client/2.12.0/curator-client-2.12.0.jar:/home/user/.m2/repository/org/apache/curator/curator-recipes/2.12.0/curator-recipes-2.12.0.jar:/home/user/.m2/repository/com/google/code/findbugs/jsr305/3.0.0/jsr305-3.0.0.jar:/home/user/.m2/repository/org/apache/htrace/htrace-core4/4.1.0-incubating/htrace-core4-4.1.0-incubating.jar:/home/user/.m2/repository/org/apache/zookeeper/zookeeper/3.4.13/zookeeper-3.4.13.jar:/home/user/.m2/repository/org/apache/yetus/audience-annotations/0.5.0/audience-annotations-0.5.0.jar:/home/user/.m2/repository/org/codehaus/woodstox/stax2-api/3.1.4/stax2-api-3.1.4.jar:/home/user/.m2/repository/com/fasterxml/woodstox/woodstox-core/5.0.3/woodstox-core-5.0.3.jar:/home/user/.m2/repository/dnsjava/dnsjava/2.1.7/dnsjava-2.1.7.jar:/home/user/.m2/repository/org/apache/hadoop/hadoop-hdfs/3.2.0/hadoop-hdfs-3.2.0-tests.jar:/home/user/.m2/repository/org/eclipse/jetty/jetty-util-ajax/9.3.24.v20180605/jetty-util-ajax-9.3.24.v20180605.jar:/home/user/.m2/repository/commons-daemon/commons-daemon/1.0.13/commons-daemon-1.0.13.jar:/home/user/.m2/repository/io/netty/netty/3.10.5.Final/netty-3.10.5.Final.jar:/home/user/.m2/repository/io/netty/netty-all/4.0.52.Final/netty-all-4.0.52.Final.jar:/home/user/.m2/repository/org/fusesource/leveldbjni/leveldbjni-all/1.8/leveldbjni-all-1.8.jar:"/>
    <property name="sun.cpu.endian" value="little"/>
    <property name="user.home" value="/home/user"/>
    <property name="user.language" value="en"/>
    <property name="java.specification.vendor" value="Oracle Corporation"/>
    <property name="java.home" value="/usr/lib/jvm/java-1.8-openjdk/jre"/>
    <property name="java.security.krb5.conf" value="/workdir/hadoop-ozone/integration-test/target/test-classes/krb5.conf"/>
    <property name="basedir" value="/workdir/hadoop-ozone/integration-test"/>
    <property name="file.separator" value="/"/>
    <property name="line.separator" value="&#10;"/>
    <property name="java.vm.specification.vendor" value="Oracle Corporation"/>
    <property name="java.specification.name" value="Java Platform API Specification"/>
    <property name="java.awt.graphicsenv" value="sun.awt.X11GraphicsEnvironment"/>
    <property name="surefire.real.class.path" value="/workdir/hadoop-ozone/integration-test/target/surefire/surefirebooter8820198340559461464.jar"/>
    <property name="hadoop.log.dir" value="/workdir/hadoop-ozone/integration-test/target/log"/>
    <property name="sun.boot.class.path" value="/usr/lib/jvm/java-1.8-openjdk/jre/lib/resources.jar:/usr/lib/jvm/java-1.8-openjdk/jre/lib/rt.jar:/usr/lib/jvm/java-1.8-openjdk/jre/lib/sunrsasign.jar:/usr/lib/jvm/java-1.8-openjdk/jre/lib/jsse.jar:/usr/lib/jvm/java-1.8-openjdk/jre/lib/jce.jar:/usr/lib/jvm/java-1.8-openjdk/jre/lib/charsets.jar:/usr/lib/jvm/java-1.8-openjdk/jre/lib/jfr.jar:/usr/lib/jvm/java-1.8-openjdk/jre/classes"/>
    <property name="sun.management.compiler" value="HotSpot 64-Bit Tiered Compilers"/>
    <property name="java.runtime.version" value="1.8.0_212-b04"/>
    <property name="java.net.preferIPv4Stack" value="true"/>
    <property name="user.name" value="jenkins1000"/>
    <property name="path.separator" value=":"/>
    <property name="java.security.egd" value="file:///dev/urandom"/>
    <property name="os.version" value="3.10.0-957.12.2.el7.x86_64"/>
    <property name="java.endorsed.dirs" value="/usr/lib/jvm/java-1.8-openjdk/jre/lib/endorsed"/>
    <property name="java.runtime.name" value="OpenJDK Runtime Environment"/>
    <property name="file.encoding" value="UTF-8"/>
    <property name="java.vm.name" value="OpenJDK 64-Bit Server VM"/>
    <property name="test.build.webapps" value=""/>
    <property name="localRepository" value="/home/user/.m2/repository"/>
    <property name="java.vendor.url.bug" value="https://icedtea.classpath.org/bugzilla"/>
    <property name="java.io.tmpdir" value="/tmp"/>
    <property name="require.test.libhadoop" value=""/>
    <property name="java.version" value="1.8.0_212"/>
    <property name="user.dir" value="/workdir/hadoop-ozone/integration-test"/>
    <property name="os.arch" value="amd64"/>
    <property name="java.vm.specification.name" value="Java Virtual Machine Specification"/>
    <property name="test.build.classes" value="/workdir/hadoop-ozone/integration-test/target/test-classes"/>
    <property name="java.awt.printerjob" value="sun.print.PSPrinterJob"/>
    <property name="sun.os.patch.level" value="unknown"/>
    <property name="hadoop.tmp.dir" value="/workdir/hadoop-ozone/integration-test/target/tmp"/>
    <property name="java.library.path" value="/usr/lib/jvm/java-1.8-openjdk/jre/lib/amd64/server:/usr/lib/jvm/java-1.8-openjdk/jre/lib/amd64:/usr/lib/jvm/java-1.8-openjdk/jre/../lib/amd64:/workdir/hadoop-ozone/integration-test/target/native/target/usr/local/lib:/workdir/hadoop-ozone/integration-test/../../hadoop-common-project/hadoop-common/target/native/target/usr/local/lib:/usr/java/packages/lib/amd64:/usr/lib64:/lib64:/lib:/usr/lib"/>
    <property name="java.vm.info" value="mixed mode"/>
    <property name="java.vendor" value="IcedTea"/>
    <property name="java.vm.version" value="25.212-b04"/>
    <property name="java.ext.dirs" value="/usr/lib/jvm/java-1.8-openjdk/jre/lib/ext:/usr/java/packages/lib/ext"/>
    <property name="sun.io.unicode.encoding" value="UnicodeLittle"/>
    <property name="java.class.version" value="52.0"/>
  </properties>
  <testcase name="testBlockWriteViaRatis" classname="org.apache.hadoop.ozone.client.rpc.TestCloseContainerHandlingByClient" time="14.393">
    <error message="Allocated 0 blocks. Requested 1 blocks" type="INTERNAL_ERROR org.apache.hadoop.ozone.om.exceptions.OMException">INTERNAL_ERROR org.apache.hadoop.ozone.om.exceptions.OMException: Allocated 0 blocks. Requested 1 blocks
	at org.apache.hadoop.ozone.om.protocolPB.OzoneManagerProtocolClientSideTranslatorPB.handleError(OzoneManagerProtocolClientSideTranslatorPB.java:725)
	at org.apache.hadoop.ozone.om.protocolPB.OzoneManagerProtocolClientSideTranslatorPB.openKey(OzoneManagerProtocolClientSideTranslatorPB.java:716)
	at org.apache.hadoop.ozone.client.rpc.RpcClient.createKey(RpcClient.java:615)
	at org.apache.hadoop.ozone.client.OzoneBucket.createKey(OzoneBucket.java:323)
	at org.apache.hadoop.ozone.container.ContainerTestHelper.createKey(ContainerTestHelper.java:694)
	at org.apache.hadoop.ozone.client.rpc.TestCloseContainerHandlingByClient.createKey(TestCloseContainerHandlingByClient.java:396)
	at org.apache.hadoop.ozone.client.rpc.TestCloseContainerHandlingByClient.testBlockWriteViaRatis(TestCloseContainerHandlingByClient.java:407)
	at sun.reflect.NativeMethodAccessorImpl.invoke0(Native Method)
	at sun.reflect.NativeMethodAccessorImpl.invoke(NativeMethodAccessorImpl.java:62)
	at sun.reflect.DelegatingMethodAccessorImpl.invoke(DelegatingMethodAccessorImpl.java:43)
	at java.lang.reflect.Method.invoke(Method.java:498)
	at org.junit.runners.model.FrameworkMethod$1.runReflectiveCall(FrameworkMethod.java:47)
	at org.junit.internal.runners.model.ReflectiveCallable.run(ReflectiveCallable.java:12)
	at org.junit.runners.model.FrameworkMethod.invokeExplosively(FrameworkMethod.java:44)
	at org.junit.internal.runners.statements.InvokeMethod.evaluate(InvokeMethod.java:17)
	at org.junit.runners.ParentRunner.runLeaf(ParentRunner.java:271)
	at org.junit.runners.BlockJUnit4ClassRunner.runChild(BlockJUnit4ClassRunner.java:70)
	at org.junit.runners.BlockJUnit4ClassRunner.runChild(BlockJUnit4ClassRunner.java:50)
	at org.junit.runners.ParentRunner$3.run(ParentRunner.java:238)
	at org.junit.runners.ParentRunner$1.schedule(ParentRunner.java:63)
	at org.junit.runners.ParentRunner.runChildren(ParentRunner.java:236)
	at org.junit.runners.ParentRunner.access$000(ParentRunner.java:53)
	at org.junit.runners.ParentRunner$2.evaluate(ParentRunner.java:229)
	at org.junit.internal.runners.statements.RunBefores.evaluate(RunBefores.java:26)
	at org.junit.internal.runners.statements.RunAfters.evaluate(RunAfters.java:27)
	at org.junit.runners.ParentRunner.run(ParentRunner.java:309)
	at org.apache.maven.surefire.junit4.JUnit4Provider.execute(JUnit4Provider.java:365)
	at org.apache.maven.surefire.junit4.JUnit4Provider.executeWithRerun(JUnit4Provider.java:273)
	at org.apache.maven.surefire.junit4.JUnit4Provider.executeTestSet(JUnit4Provider.java:238)
	at org.apache.maven.surefire.junit4.JUnit4Provider.invoke(JUnit4Provider.java:159)
	at org.apache.maven.surefire.booter.ForkedBooter.invokeProviderInSameClassLoader(ForkedBooter.java:384)
	at org.apache.maven.surefire.booter.ForkedBooter.runSuitesInProcess(ForkedBooter.java:345)
	at org.apache.maven.surefire.booter.ForkedBooter.execute(ForkedBooter.java:126)
	at org.apache.maven.surefire.booter.ForkedBooter.main(ForkedBooter.java:418)
</error>
    <system-out><![CDATA[2019-08-29 08:17:29,382 [main] WARN  server.ServerUtils (ServerUtils.java:getScmDbDir(145)) - ozone.scm.db.dirs is not configured. We recommend adding this setting. Falling back to ozone.metadata.dirs instead.
2019-08-29 08:17:29,480 [main] WARN  server.ServerUtils (ServerUtils.java:getScmDbDir(145)) - ozone.scm.db.dirs is not configured. We recommend adding this setting. Falling back to ozone.metadata.dirs instead.
2019-08-29 08:17:29,483 [main] WARN  server.ServerUtils (ServerUtils.java:getScmDbDir(145)) - ozone.scm.db.dirs is not configured. We recommend adding this setting. Falling back to ozone.metadata.dirs instead.
2019-08-29 08:17:29,502 [main] INFO  util.log (Log.java:initialized(192)) - Logging initialized @885ms
2019-08-29 08:17:29,601 [main] INFO  db.DBStoreBuilder (DBStoreBuilder.java:addTable(110)) - using custom profile for table: deletedBlocks
2019-08-29 08:17:29,601 [main] INFO  db.DBStoreBuilder (DBStoreBuilder.java:processTables(161)) - Using default column profile:DBProfile.DISK for Table:deletedBlocks
2019-08-29 08:17:29,602 [main] INFO  db.DBStoreBuilder (DBStoreBuilder.java:addTable(110)) - using custom profile for table: validCerts
2019-08-29 08:17:29,602 [main] INFO  db.DBStoreBuilder (DBStoreBuilder.java:processTables(161)) - Using default column profile:DBProfile.DISK for Table:validCerts
2019-08-29 08:17:29,602 [main] INFO  db.DBStoreBuilder (DBStoreBuilder.java:addTable(110)) - using custom profile for table: revokedCerts
2019-08-29 08:17:29,602 [main] INFO  db.DBStoreBuilder (DBStoreBuilder.java:processTables(161)) - Using default column profile:DBProfile.DISK for Table:revokedCerts
2019-08-29 08:17:29,614 [main] INFO  db.DBStoreBuilder (DBStoreBuilder.java:addTable(110)) - using custom profile for table: default
2019-08-29 08:17:29,614 [main] INFO  db.DBStoreBuilder (DBStoreBuilder.java:processTables(167)) - Using default column profile:DBProfile.DISK for Table:default
2019-08-29 08:17:29,615 [main] INFO  db.DBStoreBuilder (DBStoreBuilder.java:getDbProfile(198)) - Using default options. DBProfile.DISK
2019-08-29 08:17:29,799 [main] INFO  net.NodeSchemaLoader (NodeSchemaLoader.java:loadSchemaFromFile(125)) - Loading file from sun.misc.CompoundEnumeration@5119fb47
2019-08-29 08:17:29,801 [main] INFO  net.NodeSchemaLoader (NodeSchemaLoader.java:loadSchema(171)) - Loading network topology layer schema file
2019-08-29 08:17:29,871 [main] INFO  node.SCMNodeManager (SCMNodeManager.java:<init>(121)) - Entering startup safe mode.
2019-08-29 08:17:29,941 [main] INFO  algorithms.ContainerPlacementPolicyFactory (ContainerPlacementPolicyFactory.java:getPolicy(57)) - Create container placement policy of type org.apache.hadoop.hdds.scm.container.placement.algorithms.SCMContainerPlacementRandom
2019-08-29 08:17:29,955 [main] WARN  server.ServerUtils (ServerUtils.java:getScmDbDir(145)) - ozone.scm.db.dirs is not configured. We recommend adding this setting. Falling back to ozone.metadata.dirs instead.
2019-08-29 08:17:29,997 [main] INFO  pipeline.SCMPipelineManager (SCMPipelineManager.java:initializePipelineState(126)) - No pipeline exists in current db
2019-08-29 08:17:30,000 [main] WARN  server.ServerUtils (ServerUtils.java:getScmDbDir(145)) - ozone.scm.db.dirs is not configured. We recommend adding this setting. Falling back to ozone.metadata.dirs instead.
2019-08-29 08:17:30,085 [main] WARN  events.EventQueue (EventQueue.java:fireEvent(175)) - No event handler registered for event TypedEvent{payloadType=SafeModeStatus, name='SafeModeStatus'}
2019-08-29 08:17:30,588 [main] INFO  ipc.CallQueueManager (CallQueueManager.java:<init>(84)) - Using callQueue: class java.util.concurrent.LinkedBlockingQueue, queueCapacity: 2000, scheduler: class org.apache.hadoop.ipc.DefaultRpcScheduler, ipcBackoff: false.
2019-08-29 08:17:30,863 [Socket Reader #1 for port 34887] INFO  ipc.Server (Server.java:run(1074)) - Starting Socket Reader #1 for port 34887
2019-08-29 08:17:30,891 [main] INFO  ipc.CallQueueManager (CallQueueManager.java:<init>(84)) - Using callQueue: class java.util.concurrent.LinkedBlockingQueue, queueCapacity: 2000, scheduler: class org.apache.hadoop.ipc.DefaultRpcScheduler, ipcBackoff: false.
2019-08-29 08:17:30,892 [Socket Reader #1 for port 42726] INFO  ipc.Server (Server.java:run(1074)) - Starting Socket Reader #1 for port 42726
2019-08-29 08:17:30,900 [main] INFO  ipc.CallQueueManager (CallQueueManager.java:<init>(84)) - Using callQueue: class java.util.concurrent.LinkedBlockingQueue, queueCapacity: 2000, scheduler: class org.apache.hadoop.ipc.DefaultRpcScheduler, ipcBackoff: false.
2019-08-29 08:17:30,901 [Socket Reader #1 for port 35514] INFO  ipc.Server (Server.java:run(1074)) - Starting Socket Reader #1 for port 35514
2019-08-29 08:17:30,922 [main] INFO  hdfs.DFSUtil (DFSUtil.java:httpServerTemplateForNNAndJN(1641)) - Starting Web-server for scm at: http://0.0.0.0:0
2019-08-29 08:17:31,106 [main] INFO  server.AuthenticationFilter (AuthenticationFilter.java:constructSecretProvider(240)) - Unable to initialize FileSignerSecretProvider, falling back to use random secrets.
2019-08-29 08:17:31,114 [main] WARN  http.HttpRequestLog (HttpRequestLog.java:getRequestLog(97)) - Jetty request log can only be enabled using Log4j
2019-08-29 08:17:31,123 [main] INFO  http.HttpServer2 (HttpServer2.java:addGlobalFilter(975)) - Added global filter 'safety' (class=org.apache.hadoop.http.HttpServer2$QuotingInputFilter)
2019-08-29 08:17:31,125 [main] INFO  http.HttpServer2 (HttpServer2.java:addFilter(948)) - Added filter static_user_filter (class=org.apache.hadoop.http.lib.StaticUserWebFilter$StaticUserFilter) to context scm
2019-08-29 08:17:31,126 [main] INFO  http.HttpServer2 (HttpServer2.java:addFilter(958)) - Added filter static_user_filter (class=org.apache.hadoop.http.lib.StaticUserWebFilter$StaticUserFilter) to context static
2019-08-29 08:17:31,126 [main] INFO  http.HttpServer2 (HttpServer2.java:addFilter(958)) - Added filter static_user_filter (class=org.apache.hadoop.http.lib.StaticUserWebFilter$StaticUserFilter) to context logs
2019-08-29 08:17:31,154 [main] INFO  server.StorageContainerManager (StorageContainerManager.java:start(761)) - StorageContainerLocationProtocol RPC server is listening at /0.0.0.0:35514
2019-08-29 08:17:31,233 [main] WARN  impl.MetricsConfig (MetricsConfig.java:loadFirst(134)) - Cannot locate configuration: tried hadoop-metrics2-storagecontainermanager.properties,hadoop-metrics2.properties
2019-08-29 08:17:31,252 [main] INFO  impl.MetricsSystemImpl (MetricsSystemImpl.java:startTimer(374)) - Scheduled Metric snapshot period at 10 second(s).
2019-08-29 08:17:31,253 [main] INFO  impl.MetricsSystemImpl (MetricsSystemImpl.java:start(191)) - StorageContainerManager metrics system started
2019-08-29 08:17:31,502 [main] INFO  server.SCMClientProtocolServer (SCMClientProtocolServer.java:start(151)) - RPC server for Client  is listening at /0.0.0.0:35514
2019-08-29 08:17:31,503 [IPC Server Responder] INFO  ipc.Server (Server.java:run(1314)) - IPC Server Responder: starting
2019-08-29 08:17:31,503 [IPC Server listener on 35514] INFO  ipc.Server (Server.java:run(1153)) - IPC Server listener on 35514: starting
2019-08-29 08:17:31,505 [main] INFO  server.StorageContainerManager (StorageContainerManager.java:start(771)) - ScmBlockLocationProtocol RPC server is listening at /0.0.0.0:42726
2019-08-29 08:17:31,505 [main] INFO  server.SCMBlockProtocolServer (SCMBlockProtocolServer.java:start(140)) - RPC server for Block Protocol is listening at /0.0.0.0:42726
2019-08-29 08:17:31,506 [IPC Server Responder] INFO  ipc.Server (Server.java:run(1314)) - IPC Server Responder: starting
2019-08-29 08:17:31,506 [IPC Server listener on 42726] INFO  ipc.Server (Server.java:run(1153)) - IPC Server listener on 42726: starting
2019-08-29 08:17:31,507 [main] INFO  server.StorageContainerManager (StorageContainerManager.java:start(775)) - ScmDatanodeProtocl RPC server is listening at /0.0.0.0:34887
2019-08-29 08:17:31,508 [main] INFO  server.SCMDatanodeProtocolServer (SCMDatanodeProtocolServer.java:start(191)) - RPC server for DataNodes is listening at /0.0.0.0:34887
2019-08-29 08:17:31,508 [IPC Server Responder] INFO  ipc.Server (Server.java:run(1314)) - IPC Server Responder: starting
2019-08-29 08:17:31,508 [IPC Server listener on 34887] INFO  ipc.Server (Server.java:run(1153)) - IPC Server listener on 34887: starting
2019-08-29 08:17:31,511 [main] INFO  http.HttpServer2 (HttpServer2.java:bindListener(1191)) - Jetty bound to port 33263
2019-08-29 08:17:31,513 [main] INFO  server.Server (Server.java:doStart(351)) - jetty-9.3.24.v20180605, build timestamp: 2018-06-05T17:11:56Z, git hash: 84205aa28f11a4f31f2a3b86d1bba2cc8ab69827
2019-08-29 08:17:31,551 [main] INFO  handler.ContextHandler (ContextHandler.java:doStart(781)) - Started o.e.j.s.ServletContextHandler@5a411614{/logs,file:///workdir/hadoop-ozone/integration-test/target/log,AVAILABLE}
2019-08-29 08:17:31,552 [main] INFO  handler.ContextHandler (ContextHandler.java:doStart(781)) - Started o.e.j.s.ServletContextHandler@54d18072{/static,file:///workdir/hadoop-ozone/integration-test/target/test-classes/webapps/static,AVAILABLE}
2019-08-29 08:17:31,585 [main] INFO  handler.ContextHandler (ContextHandler.java:doStart(781)) - Started o.e.j.w.WebAppContext@5769e7ae{/,file:///workdir/hadoop-ozone/integration-test/target/test-classes/webapps/scm/,AVAILABLE}{/scm}
2019-08-29 08:17:31,591 [main] INFO  server.AbstractConnector (AbstractConnector.java:doStart(278)) - Started ServerConnector@5707c1cb{HTTP/1.1,[http/1.1]}{0.0.0.0:33263}
2019-08-29 08:17:31,592 [main] INFO  server.Server (Server.java:doStart(419)) - Started @2975ms
2019-08-29 08:17:31,593 [main] INFO  server.BaseHttpServer (BaseHttpServer.java:updateConnectorAddress(213)) - HTTP server of SCM is listening at http://0.0.0.0:33263
2019-08-29 08:17:31,599 [org.apache.hadoop.util.JvmPauseMonitor$Monitor@70d2e40b] INFO  util.JvmPauseMonitor (JvmPauseMonitor.java:run(188)) - Starting JVM pause monitor
2019-08-29 08:17:31,602 [main] WARN  server.ServerUtils (ServerUtils.java:getDBPath(222)) - ozone.om.db.dirs is not configured. We recommend adding this setting. Falling back to ozone.metadata.dirs instead.
2019-08-29 08:17:31,722 [main] WARN  server.ServerUtils (ServerUtils.java:getDBPath(222)) - ozone.om.db.dirs is not configured. We recommend adding this setting. Falling back to ozone.metadata.dirs instead.
2019-08-29 08:17:31,722 [main] WARN  server.ServerUtils (ServerUtils.java:getDBPath(222)) - ozone.om.db.dirs is not configured. We recommend adding this setting. Falling back to ozone.metadata.dirs instead.
2019-08-29 08:17:31,723 [main] INFO  om.OzoneManager (OzoneManager.java:setOMNodeDetails(645)) - OM Service ID is not set. Setting it to the default ID: omServiceIdDefault
2019-08-29 08:17:31,724 [main] INFO  om.OzoneManager (OzoneManager.java:setOMNodeDetails(651)) - OM Node ID is not set. Setting it to the OmStorage's OmID: b907be6b-be72-4542-91af-def5b892d723
2019-08-29 08:17:31,725 [main] INFO  om.OzoneManager (OzoneManager.java:loadOMHAConfigs(602)) - Found matching OM address with OMServiceId: null, OMNodeId: null, RPC Address: localhost:0 and Ratis port: 9872
2019-08-29 08:17:32,006 | INFO  | SCMAudit | user=jenkins1000 | ip=192.168.34.54 | op=GET_SCM_INFO null | ret=SUCCESS |  
2019-08-29 08:17:32,445 [main] WARN  server.ServerUtils (ServerUtils.java:getDBPath(222)) - ozone.om.db.dirs is not configured. We recommend adding this setting. Falling back to ozone.metadata.dirs instead.
2019-08-29 08:17:32,453 [main] INFO  db.DBStoreBuilder (DBStoreBuilder.java:addTable(110)) - using custom profile for table: userTable
2019-08-29 08:17:32,454 [main] INFO  db.DBStoreBuilder (DBStoreBuilder.java:processTables(161)) - Using default column profile:DBProfile.DISK for Table:userTable
2019-08-29 08:17:32,454 [main] INFO  db.DBStoreBuilder (DBStoreBuilder.java:addTable(110)) - using custom profile for table: volumeTable
2019-08-29 08:17:32,454 [main] INFO  db.DBStoreBuilder (DBStoreBuilder.java:processTables(161)) - Using default column profile:DBProfile.DISK for Table:volumeTable
2019-08-29 08:17:32,454 [main] INFO  db.DBStoreBuilder (DBStoreBuilder.java:addTable(110)) - using custom profile for table: bucketTable
2019-08-29 08:17:32,455 [main] INFO  db.DBStoreBuilder (DBStoreBuilder.java:processTables(161)) - Using default column profile:DBProfile.DISK for Table:bucketTable
2019-08-29 08:17:32,455 [main] INFO  db.DBStoreBuilder (DBStoreBuilder.java:addTable(110)) - using custom profile for table: keyTable
2019-08-29 08:17:32,455 [main] INFO  db.DBStoreBuilder (DBStoreBuilder.java:processTables(161)) - Using default column profile:DBProfile.DISK for Table:keyTable
2019-08-29 08:17:32,455 [main] INFO  db.DBStoreBuilder (DBStoreBuilder.java:addTable(110)) - using custom profile for table: deletedTable
2019-08-29 08:17:32,456 [main] INFO  db.DBStoreBuilder (DBStoreBuilder.java:processTables(161)) - Using default column profile:DBProfile.DISK for Table:deletedTable
2019-08-29 08:17:32,456 [main] INFO  db.DBStoreBuilder (DBStoreBuilder.java:addTable(110)) - using custom profile for table: openKeyTable
2019-08-29 08:17:32,456 [main] INFO  db.DBStoreBuilder (DBStoreBuilder.java:processTables(161)) - Using default column profile:DBProfile.DISK for Table:openKeyTable
2019-08-29 08:17:32,456 [main] INFO  db.DBStoreBuilder (DBStoreBuilder.java:addTable(110)) - using custom profile for table: s3Table
2019-08-29 08:17:32,457 [main] INFO  db.DBStoreBuilder (DBStoreBuilder.java:processTables(161)) - Using default column profile:DBProfile.DISK for Table:s3Table
2019-08-29 08:17:32,457 [main] INFO  db.DBStoreBuilder (DBStoreBuilder.java:addTable(110)) - using custom profile for table: multipartInfoTable
2019-08-29 08:17:32,457 [main] INFO  db.DBStoreBuilder (DBStoreBuilder.java:processTables(161)) - Using default column profile:DBProfile.DISK for Table:multipartInfoTable
2019-08-29 08:17:32,457 [main] INFO  db.DBStoreBuilder (DBStoreBuilder.java:addTable(110)) - using custom profile for table: dTokenTable
2019-08-29 08:17:32,457 [main] INFO  db.DBStoreBuilder (DBStoreBuilder.java:processTables(161)) - Using default column profile:DBProfile.DISK for Table:dTokenTable
2019-08-29 08:17:32,458 [main] INFO  db.DBStoreBuilder (DBStoreBuilder.java:addTable(110)) - using custom profile for table: s3SecretTable
2019-08-29 08:17:32,458 [main] INFO  db.DBStoreBuilder (DBStoreBuilder.java:processTables(161)) - Using default column profile:DBProfile.DISK for Table:s3SecretTable
2019-08-29 08:17:32,458 [main] INFO  db.DBStoreBuilder (DBStoreBuilder.java:addTable(110)) - using custom profile for table: prefixTable
2019-08-29 08:17:32,459 [main] INFO  db.DBStoreBuilder (DBStoreBuilder.java:processTables(161)) - Using default column profile:DBProfile.DISK for Table:prefixTable
2019-08-29 08:17:32,459 [main] INFO  db.DBStoreBuilder (DBStoreBuilder.java:addTable(110)) - using custom profile for table: default
2019-08-29 08:17:32,459 [main] INFO  db.DBStoreBuilder (DBStoreBuilder.java:processTables(167)) - Using default column profile:DBProfile.DISK for Table:default
2019-08-29 08:17:32,459 [main] INFO  db.DBStoreBuilder (DBStoreBuilder.java:getDbProfile(198)) - Using default options. DBProfile.DISK
2019-08-29 08:17:32,961 [main] INFO  ipc.CallQueueManager (CallQueueManager.java:<init>(84)) - Using callQueue: class java.util.concurrent.LinkedBlockingQueue, queueCapacity: 2000, scheduler: class org.apache.hadoop.ipc.DefaultRpcScheduler, ipcBackoff: false.
2019-08-29 08:17:32,962 [Socket Reader #1 for port 33517] INFO  ipc.Server (Server.java:run(1074)) - Starting Socket Reader #1 for port 33517
2019-08-29 08:17:32,991 [main] INFO  om.OzoneManager (OzoneManager.java:start(1256)) - OzoneManager RPC server is listening at localhost/127.0.0.1:33517
2019-08-29 08:17:32,992 [main] INFO  impl.MetricsSystemImpl (MetricsSystemImpl.java:init(158)) - OzoneManager metrics system started (again)
2019-08-29 08:17:32,993 [IPC Server Responder] INFO  ipc.Server (Server.java:run(1314)) - IPC Server Responder: starting
2019-08-29 08:17:32,994 [IPC Server listener on 33517] INFO  ipc.Server (Server.java:run(1153)) - IPC Server listener on 33517: starting
2019-08-29 08:17:33,000 [main] INFO  hdfs.DFSUtil (DFSUtil.java:httpServerTemplateForNNAndJN(1641)) - Starting Web-server for ozoneManager at: http://0.0.0.0:0
2019-08-29 08:17:33,147 [main] INFO  server.AuthenticationFilter (AuthenticationFilter.java:constructSecretProvider(240)) - Unable to initialize FileSignerSecretProvider, falling back to use random secrets.
2019-08-29 08:17:33,149 [main] WARN  http.HttpRequestLog (HttpRequestLog.java:getRequestLog(97)) - Jetty request log can only be enabled using Log4j
2019-08-29 08:17:33,156 [main] INFO  http.HttpServer2 (HttpServer2.java:addGlobalFilter(975)) - Added global filter 'safety' (class=org.apache.hadoop.http.HttpServer2$QuotingInputFilter)
2019-08-29 08:17:33,159 [main] INFO  http.HttpServer2 (HttpServer2.java:addFilter(948)) - Added filter static_user_filter (class=org.apache.hadoop.http.lib.StaticUserWebFilter$StaticUserFilter) to context ozoneManager
2019-08-29 08:17:33,159 [main] INFO  http.HttpServer2 (HttpServer2.java:addFilter(958)) - Added filter static_user_filter (class=org.apache.hadoop.http.lib.StaticUserWebFilter$StaticUserFilter) to context logs
2019-08-29 08:17:33,159 [main] INFO  http.HttpServer2 (HttpServer2.java:addFilter(958)) - Added filter static_user_filter (class=org.apache.hadoop.http.lib.StaticUserWebFilter$StaticUserFilter) to context static
2019-08-29 08:17:33,162 [main] INFO  http.HttpServer2 (HttpServer2.java:bindListener(1191)) - Jetty bound to port 32870
2019-08-29 08:17:33,162 [main] INFO  server.Server (Server.java:doStart(351)) - jetty-9.3.24.v20180605, build timestamp: 2018-06-05T17:11:56Z, git hash: 84205aa28f11a4f31f2a3b86d1bba2cc8ab69827
2019-08-29 08:17:33,164 [main] INFO  handler.ContextHandler (ContextHandler.java:doStart(781)) - Started o.e.j.s.ServletContextHandler@f8f56b9{/logs,file:///workdir/hadoop-ozone/integration-test/target/log,AVAILABLE}
2019-08-29 08:17:33,165 [main] INFO  handler.ContextHandler (ContextHandler.java:doStart(781)) - Started o.e.j.s.ServletContextHandler@4f186450{/static,file:///workdir/hadoop-ozone/integration-test/target/test-classes/webapps/static,AVAILABLE}
2019-08-29 08:17:33,170 [main] INFO  handler.ContextHandler (ContextHandler.java:doStart(781)) - Started o.e.j.w.WebAppContext@7551da2a{/,file:///workdir/hadoop-ozone/integration-test/target/test-classes/webapps/ozoneManager/,AVAILABLE}{/ozoneManager}
2019-08-29 08:17:33,171 [main] INFO  server.AbstractConnector (AbstractConnector.java:doStart(278)) - Started ServerConnector@432034a{HTTP/1.1,[http/1.1]}{0.0.0.0:32870}
2019-08-29 08:17:33,171 [main] INFO  server.Server (Server.java:doStart(419)) - Started @4554ms
2019-08-29 08:17:33,173 [main] INFO  server.BaseHttpServer (BaseHttpServer.java:updateConnectorAddress(213)) - HTTP server of OZONEMANAGER is listening at http://0.0.0.0:32870
2019-08-29 08:17:33,356 [main] INFO  impl.MetricsSystemImpl (MetricsSystemImpl.java:init(158)) - HddsDatanode metrics system started (again)
2019-08-29 08:17:33,441 [main] INFO  ozone.HddsDatanodeService (HddsDatanodeService.java:start(184)) - HddsDatanodeService host:pr-hdds-1553-zhl8q-89899572 ip:192.168.34.54
2019-08-29 08:17:33,470 [main] INFO  volume.HddsVolume (HddsVolume.java:<init>(176)) - Creating Volume: /workdir/hadoop-ozone/integration-test/target/test-dir/MiniOzoneClusterImpl-ef39a000-56f8-499f-ba54-08500adcb141/datanode-0/data/containers/hdds of  storage type : DISK and capacity : 1482555576320
2019-08-29 08:17:33,473 [main] INFO  volume.VolumeSet (VolumeSet.java:initializeVolumeSet(170)) - Added Volume : /workdir/hadoop-ozone/integration-test/target/test-dir/MiniOzoneClusterImpl-ef39a000-56f8-499f-ba54-08500adcb141/datanode-0/data/containers/hdds to VolumeSet
2019-08-29 08:17:33,475 [main] INFO  volume.ThrottledAsyncChecker (ThrottledAsyncChecker.java:schedule(140)) - Scheduling a check for org.apache.hadoop.ozone.container.common.volume.HddsVolume@65ec8b24
2019-08-29 08:17:33,491 [main] INFO  volume.HddsVolumeChecker (HddsVolumeChecker.java:checkAllVolumes(203)) - Scheduled health check for volume org.apache.hadoop.ozone.container.common.volume.HddsVolume@65ec8b24
2019-08-29 08:17:33,603 [main] INFO  impl.RaftServerProxy (ConfUtils.java:logGet(43)) - raft.rpc.type = GRPC (default)
2019-08-29 08:17:33,685 [main] INFO  grpc.GrpcFactory (GrpcFactory.java:checkPooledByteBufAllocatorUseCacheForAllThreads(45)) - PERFORMANCE WARNING: useCacheForAllThreads is true that may cause Netty to create a lot garbage objects and, as a result, trigger GC.
	It is recommended to disable useCacheForAllThreads by setting -Dorg.apache.ratis.thirdparty.io.netty.allocator.useCacheForAllThreads=false in command line.
2019-08-29 08:17:33,690 [main] INFO  grpc.GrpcConfigKeys$Server (ConfUtils.java:logGet(43)) - raft.grpc.server.port = 0 (default)
2019-08-29 08:17:33,691 [main] INFO  server.GrpcService (ConfUtils.java:logGet(43)) - raft.grpc.message.size.max = 33570816 (custom)
2019-08-29 08:17:33,692 [main] INFO  server.RaftServerConfigKeys (ConfUtils.java:logGet(43)) - raft.server.log.appender.buffer.byte-limit = 33554432 (custom)
2019-08-29 08:17:33,693 [main] INFO  server.GrpcService (ConfUtils.java:logGet(43)) - raft.grpc.flow.control.window = 1MB (=1048576) (default)
2019-08-29 08:17:33,694 [main] INFO  server.RaftServerConfigKeys (ConfUtils.java:logGet(43)) - raft.server.rpc.request.timeout = 3000ms (default)
2019-08-29 08:17:33,849 [main] INFO  server.RaftServerConfigKeys (ConfUtils.java:logGet(43)) - raft.server.storage.dir = [/workdir/hadoop-ozone/integration-test/target/test-dir/MiniOzoneClusterImpl-ef39a000-56f8-499f-ba54-08500adcb141/datanode-0/data/ratis] (custom)
2019-08-29 08:17:33,886 [main] INFO  replication.SimpleContainerDownloader (SimpleContainerDownloader.java:<init>(72)) - Starting container downloader service to copy containers to replicate.
2019-08-29 08:17:33,898 [main] INFO  hdfs.DFSUtil (DFSUtil.java:httpServerTemplateForNNAndJN(1641)) - Starting Web-server for hddsDatanode at: http://0.0.0.0:0
2019-08-29 08:17:33,900 [main] INFO  server.AuthenticationFilter (AuthenticationFilter.java:constructSecretProvider(240)) - Unable to initialize FileSignerSecretProvider, falling back to use random secrets.
2019-08-29 08:17:33,901 [main] WARN  http.HttpRequestLog (HttpRequestLog.java:getRequestLog(97)) - Jetty request log can only be enabled using Log4j
2019-08-29 08:17:33,902 [main] INFO  http.HttpServer2 (HttpServer2.java:addGlobalFilter(975)) - Added global filter 'safety' (class=org.apache.hadoop.http.HttpServer2$QuotingInputFilter)
2019-08-29 08:17:33,903 [main] INFO  http.HttpServer2 (HttpServer2.java:addFilter(948)) - Added filter static_user_filter (class=org.apache.hadoop.http.lib.StaticUserWebFilter$StaticUserFilter) to context hddsDatanode
2019-08-29 08:17:33,903 [main] INFO  http.HttpServer2 (HttpServer2.java:addFilter(958)) - Added filter static_user_filter (class=org.apache.hadoop.http.lib.StaticUserWebFilter$StaticUserFilter) to context logs
2019-08-29 08:17:33,903 [main] INFO  http.HttpServer2 (HttpServer2.java:addFilter(958)) - Added filter static_user_filter (class=org.apache.hadoop.http.lib.StaticUserWebFilter$StaticUserFilter) to context static
2019-08-29 08:17:33,904 [main] INFO  http.HttpServer2 (HttpServer2.java:bindListener(1191)) - Jetty bound to port 42846
2019-08-29 08:17:33,904 [main] INFO  server.Server (Server.java:doStart(351)) - jetty-9.3.24.v20180605, build timestamp: 2018-06-05T17:11:56Z, git hash: 84205aa28f11a4f31f2a3b86d1bba2cc8ab69827
2019-08-29 08:17:33,906 [main] INFO  handler.ContextHandler (ContextHandler.java:doStart(781)) - Started o.e.j.s.ServletContextHandler@1cc680e{/logs,file:///workdir/hadoop-ozone/integration-test/target/log,AVAILABLE}
2019-08-29 08:17:33,907 [main] INFO  handler.ContextHandler (ContextHandler.java:doStart(781)) - Started o.e.j.s.ServletContextHandler@6a1d3225{/static,jar:file:/home/user/.m2/repository/org/apache/hadoop/hadoop-hdds-container-service/0.5.0-SNAPSHOT/hadoop-hdds-container-service-0.5.0-SNAPSHOT.jar!/webapps/static,AVAILABLE}
2019-08-29 08:17:33,944 [main] INFO  handler.ContextHandler (ContextHandler.java:doStart(781)) - Started o.e.j.w.WebAppContext@4dba773d{/,file:///tmp/jetty-0.0.0.0-42846-hddsDatanode-_-any-1086092437526628423.dir/webapp/,AVAILABLE}{/hddsDatanode}
2019-08-29 08:17:33,945 [main] INFO  server.AbstractConnector (AbstractConnector.java:doStart(278)) - Started ServerConnector@1d9bd4da{HTTP/1.1,[http/1.1]}{0.0.0.0:42846}
2019-08-29 08:17:33,946 [main] INFO  server.Server (Server.java:doStart(419)) - Started @5328ms
2019-08-29 08:17:33,946 [main] INFO  server.BaseHttpServer (BaseHttpServer.java:updateConnectorAddress(213)) - HTTP server of HDDSDATANODE is listening at http://0.0.0.0:42846
2019-08-29 08:17:35,109 | INFO  | ObjectStoreRestHttpServer | Listening HDDS REST traffic on /0.0.0.0:40925 |  
2019-08-29 08:17:35,110 [main] INFO  ozone.HddsDatanodeService (HddsDatanodeService.java:startPlugins(395)) - Started plug-in org.apache.hadoop.ozone.web.OzoneHddsDatanodeService@35787726
2019-08-29 08:17:35,111 [main] INFO  impl.MetricsSystemImpl (MetricsSystemImpl.java:init(158)) - HddsDatanode metrics system started (again)
2019-08-29 08:17:35,114 [main] INFO  ozone.HddsDatanodeService (HddsDatanodeService.java:start(184)) - HddsDatanodeService host:pr-hdds-1553-zhl8q-89899572 ip:192.168.34.54
2019-08-29 08:17:35,115 [org.apache.hadoop.util.JvmPauseMonitor$Monitor@1d7eb6d2] INFO  util.JvmPauseMonitor (JvmPauseMonitor.java:run(188)) - Starting JVM pause monitor
2019-08-29 08:17:35,120 [main] INFO  volume.HddsVolume (HddsVolume.java:<init>(176)) - Creating Volume: /workdir/hadoop-ozone/integration-test/target/test-dir/MiniOzoneClusterImpl-ef39a000-56f8-499f-ba54-08500adcb141/datanode-1/data/containers/hdds of  storage type : DISK and capacity : 1482555576320
2019-08-29 08:17:35,121 [main] INFO  volume.VolumeSet (VolumeSet.java:initializeVolumeSet(170)) - Added Volume : /workdir/hadoop-ozone/integration-test/target/test-dir/MiniOzoneClusterImpl-ef39a000-56f8-499f-ba54-08500adcb141/datanode-1/data/containers/hdds to VolumeSet
2019-08-29 08:17:35,121 [main] INFO  volume.ThrottledAsyncChecker (ThrottledAsyncChecker.java:schedule(140)) - Scheduling a check for org.apache.hadoop.ozone.container.common.volume.HddsVolume@565aa4ac
2019-08-29 08:17:35,122 [main] INFO  volume.HddsVolumeChecker (HddsVolumeChecker.java:checkAllVolumes(203)) - Scheduled health check for volume org.apache.hadoop.ozone.container.common.volume.HddsVolume@565aa4ac
2019-08-29 08:17:35,142 [main] INFO  impl.RaftServerProxy (ConfUtils.java:logGet(43)) - raft.rpc.type = GRPC (default)
2019-08-29 08:17:35,142 [main] INFO  grpc.GrpcFactory (GrpcFactory.java:checkPooledByteBufAllocatorUseCacheForAllThreads(45)) - PERFORMANCE WARNING: useCacheForAllThreads is true that may cause Netty to create a lot garbage objects and, as a result, trigger GC.
	It is recommended to disable useCacheForAllThreads by setting -Dorg.apache.ratis.thirdparty.io.netty.allocator.useCacheForAllThreads=false in command line.
2019-08-29 08:17:35,143 [main] INFO  grpc.GrpcConfigKeys$Server (ConfUtils.java:logGet(43)) - raft.grpc.server.port = 0 (default)
2019-08-29 08:17:35,143 [main] INFO  server.GrpcService (ConfUtils.java:logGet(43)) - raft.grpc.message.size.max = 33570816 (custom)
2019-08-29 08:17:35,143 [main] INFO  server.RaftServerConfigKeys (ConfUtils.java:logGet(43)) - raft.server.log.appender.buffer.byte-limit = 33554432 (custom)
2019-08-29 08:17:35,143 [main] INFO  server.GrpcService (ConfUtils.java:logGet(43)) - raft.grpc.flow.control.window = 1MB (=1048576) (default)
2019-08-29 08:17:35,144 [main] INFO  server.RaftServerConfigKeys (ConfUtils.java:logGet(43)) - raft.server.rpc.request.timeout = 3000ms (default)
2019-08-29 08:17:35,145 [main] INFO  server.RaftServerConfigKeys (ConfUtils.java:logGet(43)) - raft.server.storage.dir = [/workdir/hadoop-ozone/integration-test/target/test-dir/MiniOzoneClusterImpl-ef39a000-56f8-499f-ba54-08500adcb141/datanode-1/data/ratis] (custom)
2019-08-29 08:17:35,146 [main] INFO  replication.SimpleContainerDownloader (SimpleContainerDownloader.java:<init>(72)) - Starting container downloader service to copy containers to replicate.
2019-08-29 08:17:35,147 [main] INFO  hdfs.DFSUtil (DFSUtil.java:httpServerTemplateForNNAndJN(1641)) - Starting Web-server for hddsDatanode at: http://0.0.0.0:0
2019-08-29 08:17:35,149 [main] INFO  server.AuthenticationFilter (AuthenticationFilter.java:constructSecretProvider(240)) - Unable to initialize FileSignerSecretProvider, falling back to use random secrets.
2019-08-29 08:17:35,150 [main] WARN  http.HttpRequestLog (HttpRequestLog.java:getRequestLog(97)) - Jetty request log can only be enabled using Log4j
2019-08-29 08:17:35,152 [main] INFO  http.HttpServer2 (HttpServer2.java:addGlobalFilter(975)) - Added global filter 'safety' (class=org.apache.hadoop.http.HttpServer2$QuotingInputFilter)
2019-08-29 08:17:35,153 [main] INFO  http.HttpServer2 (HttpServer2.java:addFilter(948)) - Added filter static_user_filter (class=org.apache.hadoop.http.lib.StaticUserWebFilter$StaticUserFilter) to context hddsDatanode
2019-08-29 08:17:35,153 [main] INFO  http.HttpServer2 (HttpServer2.java:addFilter(958)) - Added filter static_user_filter (class=org.apache.hadoop.http.lib.StaticUserWebFilter$StaticUserFilter) to context static
2019-08-29 08:17:35,153 [main] INFO  http.HttpServer2 (HttpServer2.java:addFilter(958)) - Added filter static_user_filter (class=org.apache.hadoop.http.lib.StaticUserWebFilter$StaticUserFilter) to context logs
2019-08-29 08:17:35,154 [main] INFO  http.HttpServer2 (HttpServer2.java:bindListener(1191)) - Jetty bound to port 42224
2019-08-29 08:17:35,154 [main] INFO  server.Server (Server.java:doStart(351)) - jetty-9.3.24.v20180605, build timestamp: 2018-06-05T17:11:56Z, git hash: 84205aa28f11a4f31f2a3b86d1bba2cc8ab69827
2019-08-29 08:17:35,158 [main] INFO  handler.ContextHandler (ContextHandler.java:doStart(781)) - Started o.e.j.s.ServletContextHandler@46a795de{/logs,file:///workdir/hadoop-ozone/integration-test/target/log,AVAILABLE}
2019-08-29 08:17:35,158 [main] INFO  handler.ContextHandler (ContextHandler.java:doStart(781)) - Started o.e.j.s.ServletContextHandler@2f3928ac{/static,jar:file:/home/user/.m2/repository/org/apache/hadoop/hadoop-hdds-container-service/0.5.0-SNAPSHOT/hadoop-hdds-container-service-0.5.0-SNAPSHOT.jar!/webapps/static,AVAILABLE}
2019-08-29 08:17:35,193 [main] INFO  handler.ContextHandler (ContextHandler.java:doStart(781)) - Started o.e.j.w.WebAppContext@18d47df0{/,file:///tmp/jetty-0.0.0.0-42224-hddsDatanode-_-any-534215582276057238.dir/webapp/,AVAILABLE}{/hddsDatanode}
2019-08-29 08:17:35,195 [main] INFO  server.AbstractConnector (AbstractConnector.java:doStart(278)) - Started ServerConnector@28393e82{HTTP/1.1,[http/1.1]}{0.0.0.0:42224}
2019-08-29 08:17:35,196 [main] INFO  server.Server (Server.java:doStart(419)) - Started @6579ms
2019-08-29 08:17:35,197 [main] INFO  server.BaseHttpServer (BaseHttpServer.java:updateConnectorAddress(213)) - HTTP server of HDDSDATANODE is listening at http://0.0.0.0:42224
2019-08-29 08:17:35,226 [Datanode State Machine Thread - 0] INFO  datanode.InitDatanodeState (InitDatanodeState.java:persistContainerDatanodeDetails(140)) - DatanodeDetails is persisted to /workdir/hadoop-ozone/integration-test/target/test-dir/MiniOzoneClusterImpl-ef39a000-56f8-499f-ba54-08500adcb141/datanode-0/meta/datanode.id
2019-08-29 08:17:35,354 | INFO  | ObjectStoreRestHttpServer | Listening HDDS REST traffic on /0.0.0.0:44081 |  
2019-08-29 08:17:35,354 [main] INFO  ozone.HddsDatanodeService (HddsDatanodeService.java:startPlugins(395)) - Started plug-in org.apache.hadoop.ozone.web.OzoneHddsDatanodeService@1f129467
2019-08-29 08:17:35,355 [main] INFO  impl.MetricsSystemImpl (MetricsSystemImpl.java:init(158)) - HddsDatanode metrics system started (again)
2019-08-29 08:17:35,358 [org.apache.hadoop.util.JvmPauseMonitor$Monitor@6411b8a8] INFO  util.JvmPauseMonitor (JvmPauseMonitor.java:run(188)) - Starting JVM pause monitor
2019-08-29 08:17:35,359 [main] INFO  ozone.HddsDatanodeService (HddsDatanodeService.java:start(184)) - HddsDatanodeService host:pr-hdds-1553-zhl8q-89899572 ip:192.168.34.54
2019-08-29 08:17:35,362 [Datanode State Machine Thread - 0] INFO  datanode.InitDatanodeState (InitDatanodeState.java:persistContainerDatanodeDetails(140)) - DatanodeDetails is persisted to /workdir/hadoop-ozone/integration-test/target/test-dir/MiniOzoneClusterImpl-ef39a000-56f8-499f-ba54-08500adcb141/datanode-1/meta/datanode.id
2019-08-29 08:17:35,369 [main] INFO  volume.HddsVolume (HddsVolume.java:<init>(176)) - Creating Volume: /workdir/hadoop-ozone/integration-test/target/test-dir/MiniOzoneClusterImpl-ef39a000-56f8-499f-ba54-08500adcb141/datanode-2/data/containers/hdds of  storage type : DISK and capacity : 1482555576320
2019-08-29 08:17:35,369 [main] INFO  volume.VolumeSet (VolumeSet.java:initializeVolumeSet(170)) - Added Volume : /workdir/hadoop-ozone/integration-test/target/test-dir/MiniOzoneClusterImpl-ef39a000-56f8-499f-ba54-08500adcb141/datanode-2/data/containers/hdds to VolumeSet
2019-08-29 08:17:35,370 [main] INFO  volume.ThrottledAsyncChecker (ThrottledAsyncChecker.java:schedule(140)) - Scheduling a check for org.apache.hadoop.ozone.container.common.volume.HddsVolume@26e0d39c
2019-08-29 08:17:35,370 [main] INFO  volume.HddsVolumeChecker (HddsVolumeChecker.java:checkAllVolumes(203)) - Scheduled health check for volume org.apache.hadoop.ozone.container.common.volume.HddsVolume@26e0d39c
2019-08-29 08:17:35,387 [main] INFO  impl.RaftServerProxy (ConfUtils.java:logGet(43)) - raft.rpc.type = GRPC (default)
2019-08-29 08:17:35,387 [main] INFO  grpc.GrpcFactory (GrpcFactory.java:checkPooledByteBufAllocatorUseCacheForAllThreads(45)) - PERFORMANCE WARNING: useCacheForAllThreads is true that may cause Netty to create a lot garbage objects and, as a result, trigger GC.
	It is recommended to disable useCacheForAllThreads by setting -Dorg.apache.ratis.thirdparty.io.netty.allocator.useCacheForAllThreads=false in command line.
2019-08-29 08:17:35,388 [main] INFO  grpc.GrpcConfigKeys$Server (ConfUtils.java:logGet(43)) - raft.grpc.server.port = 0 (default)
2019-08-29 08:17:35,388 [main] INFO  server.GrpcService (ConfUtils.java:logGet(43)) - raft.grpc.message.size.max = 33570816 (custom)
2019-08-29 08:17:35,388 [main] INFO  server.RaftServerConfigKeys (ConfUtils.java:logGet(43)) - raft.server.log.appender.buffer.byte-limit = 33554432 (custom)
2019-08-29 08:17:35,389 [main] INFO  server.GrpcService (ConfUtils.java:logGet(43)) - raft.grpc.flow.control.window = 1MB (=1048576) (default)
2019-08-29 08:17:35,389 [main] INFO  server.RaftServerConfigKeys (ConfUtils.java:logGet(43)) - raft.server.rpc.request.timeout = 3000ms (default)
2019-08-29 08:17:35,389 [main] INFO  server.RaftServerConfigKeys (ConfUtils.java:logGet(43)) - raft.server.storage.dir = [/workdir/hadoop-ozone/integration-test/target/test-dir/MiniOzoneClusterImpl-ef39a000-56f8-499f-ba54-08500adcb141/datanode-2/data/ratis] (custom)
2019-08-29 08:17:35,390 [main] INFO  replication.SimpleContainerDownloader (SimpleContainerDownloader.java:<init>(72)) - Starting container downloader service to copy containers to replicate.
2019-08-29 08:17:35,392 [main] INFO  hdfs.DFSUtil (DFSUtil.java:httpServerTemplateForNNAndJN(1641)) - Starting Web-server for hddsDatanode at: http://0.0.0.0:0
2019-08-29 08:17:35,393 [main] INFO  server.AuthenticationFilter (AuthenticationFilter.java:constructSecretProvider(240)) - Unable to initialize FileSignerSecretProvider, falling back to use random secrets.
2019-08-29 08:17:35,393 [main] WARN  http.HttpRequestLog (HttpRequestLog.java:getRequestLog(97)) - Jetty request log can only be enabled using Log4j
2019-08-29 08:17:35,395 [main] INFO  http.HttpServer2 (HttpServer2.java:addGlobalFilter(975)) - Added global filter 'safety' (class=org.apache.hadoop.http.HttpServer2$QuotingInputFilter)
2019-08-29 08:17:35,396 [main] INFO  http.HttpServer2 (HttpServer2.java:addFilter(948)) - Added filter static_user_filter (class=org.apache.hadoop.http.lib.StaticUserWebFilter$StaticUserFilter) to context hddsDatanode
2019-08-29 08:17:35,396 [main] INFO  http.HttpServer2 (HttpServer2.java:addFilter(958)) - Added filter static_user_filter (class=org.apache.hadoop.http.lib.StaticUserWebFilter$StaticUserFilter) to context static
2019-08-29 08:17:35,396 [main] INFO  http.HttpServer2 (HttpServer2.java:addFilter(958)) - Added filter static_user_filter (class=org.apache.hadoop.http.lib.StaticUserWebFilter$StaticUserFilter) to context logs
2019-08-29 08:17:35,397 [main] INFO  http.HttpServer2 (HttpServer2.java:bindListener(1191)) - Jetty bound to port 44161
2019-08-29 08:17:35,397 [main] INFO  server.Server (Server.java:doStart(351)) - jetty-9.3.24.v20180605, build timestamp: 2018-06-05T17:11:56Z, git hash: 84205aa28f11a4f31f2a3b86d1bba2cc8ab69827
2019-08-29 08:17:35,398 [main] INFO  handler.ContextHandler (ContextHandler.java:doStart(781)) - Started o.e.j.s.ServletContextHandler@6df4af5{/logs,file:///workdir/hadoop-ozone/integration-test/target/log,AVAILABLE}
2019-08-29 08:17:35,399 [main] INFO  handler.ContextHandler (ContextHandler.java:doStart(781)) - Started o.e.j.s.ServletContextHandler@5aa76ad2{/static,jar:file:/home/user/.m2/repository/org/apache/hadoop/hadoop-hdds-container-service/0.5.0-SNAPSHOT/hadoop-hdds-container-service-0.5.0-SNAPSHOT.jar!/webapps/static,AVAILABLE}
2019-08-29 08:17:35,435 [main] INFO  handler.ContextHandler (ContextHandler.java:doStart(781)) - Started o.e.j.w.WebAppContext@7f27f59b{/,file:///tmp/jetty-0.0.0.0-44161-hddsDatanode-_-any-6872983630139069172.dir/webapp/,AVAILABLE}{/hddsDatanode}
2019-08-29 08:17:35,438 [main] INFO  server.AbstractConnector (AbstractConnector.java:doStart(278)) - Started ServerConnector@5ecaaa4d{HTTP/1.1,[http/1.1]}{0.0.0.0:44161}
2019-08-29 08:17:35,438 [main] INFO  server.Server (Server.java:doStart(419)) - Started @6821ms
2019-08-29 08:17:35,439 [main] INFO  server.BaseHttpServer (BaseHttpServer.java:updateConnectorAddress(213)) - HTTP server of HDDSDATANODE is listening at http://0.0.0.0:44161
2019-08-29 08:17:35,610 | INFO  | ObjectStoreRestHttpServer | Listening HDDS REST traffic on /0.0.0.0:35606 |  
2019-08-29 08:17:35,610 [main] INFO  ozone.HddsDatanodeService (HddsDatanodeService.java:startPlugins(395)) - Started plug-in org.apache.hadoop.ozone.web.OzoneHddsDatanodeService@37d28938
2019-08-29 08:17:35,610 [main] INFO  impl.MetricsSystemImpl (MetricsSystemImpl.java:init(158)) - HddsDatanode metrics system started (again)
2019-08-29 08:17:35,613 [org.apache.hadoop.util.JvmPauseMonitor$Monitor@12c8f7e0] INFO  util.JvmPauseMonitor (JvmPauseMonitor.java:run(188)) - Starting JVM pause monitor
2019-08-29 08:17:35,613 [main] INFO  ozone.HddsDatanodeService (HddsDatanodeService.java:start(184)) - HddsDatanodeService host:pr-hdds-1553-zhl8q-89899572 ip:192.168.34.54
2019-08-29 08:17:35,614 [Datanode State Machine Thread - 0] INFO  datanode.InitDatanodeState (InitDatanodeState.java:persistContainerDatanodeDetails(140)) - DatanodeDetails is persisted to /workdir/hadoop-ozone/integration-test/target/test-dir/MiniOzoneClusterImpl-ef39a000-56f8-499f-ba54-08500adcb141/datanode-2/meta/datanode.id
2019-08-29 08:17:35,619 [main] INFO  volume.HddsVolume (HddsVolume.java:<init>(176)) - Creating Volume: /workdir/hadoop-ozone/integration-test/target/test-dir/MiniOzoneClusterImpl-ef39a000-56f8-499f-ba54-08500adcb141/datanode-3/data/containers/hdds of  storage type : DISK and capacity : 1482555576320
2019-08-29 08:17:35,633 [main] INFO  volume.VolumeSet (VolumeSet.java:initializeVolumeSet(170)) - Added Volume : /workdir/hadoop-ozone/integration-test/target/test-dir/MiniOzoneClusterImpl-ef39a000-56f8-499f-ba54-08500adcb141/datanode-3/data/containers/hdds to VolumeSet
2019-08-29 08:17:35,633 [main] INFO  volume.ThrottledAsyncChecker (ThrottledAsyncChecker.java:schedule(140)) - Scheduling a check for org.apache.hadoop.ozone.container.common.volume.HddsVolume@350323a0
2019-08-29 08:17:35,634 [main] INFO  volume.HddsVolumeChecker (HddsVolumeChecker.java:checkAllVolumes(203)) - Scheduled health check for volume org.apache.hadoop.ozone.container.common.volume.HddsVolume@350323a0
2019-08-29 08:17:35,649 [main] INFO  impl.RaftServerProxy (ConfUtils.java:logGet(43)) - raft.rpc.type = GRPC (default)
2019-08-29 08:17:35,650 [main] INFO  grpc.GrpcFactory (GrpcFactory.java:checkPooledByteBufAllocatorUseCacheForAllThreads(45)) - PERFORMANCE WARNING: useCacheForAllThreads is true that may cause Netty to create a lot garbage objects and, as a result, trigger GC.
	It is recommended to disable useCacheForAllThreads by setting -Dorg.apache.ratis.thirdparty.io.netty.allocator.useCacheForAllThreads=false in command line.
2019-08-29 08:17:35,650 [main] INFO  grpc.GrpcConfigKeys$Server (ConfUtils.java:logGet(43)) - raft.grpc.server.port = 0 (default)
2019-08-29 08:17:35,650 [main] INFO  server.GrpcService (ConfUtils.java:logGet(43)) - raft.grpc.message.size.max = 33570816 (custom)
2019-08-29 08:17:35,650 [main] INFO  server.RaftServerConfigKeys (ConfUtils.java:logGet(43)) - raft.server.log.appender.buffer.byte-limit = 33554432 (custom)
2019-08-29 08:17:35,651 [main] INFO  server.GrpcService (ConfUtils.java:logGet(43)) - raft.grpc.flow.control.window = 1MB (=1048576) (default)
2019-08-29 08:17:35,651 [main] INFO  server.RaftServerConfigKeys (ConfUtils.java:logGet(43)) - raft.server.rpc.request.timeout = 3000ms (default)
2019-08-29 08:17:35,651 [main] INFO  server.RaftServerConfigKeys (ConfUtils.java:logGet(43)) - raft.server.storage.dir = [/workdir/hadoop-ozone/integration-test/target/test-dir/MiniOzoneClusterImpl-ef39a000-56f8-499f-ba54-08500adcb141/datanode-3/data/ratis] (custom)
2019-08-29 08:17:35,652 [main] INFO  replication.SimpleContainerDownloader (SimpleContainerDownloader.java:<init>(72)) - Starting container downloader service to copy containers to replicate.
2019-08-29 08:17:35,655 [main] INFO  hdfs.DFSUtil (DFSUtil.java:httpServerTemplateForNNAndJN(1641)) - Starting Web-server for hddsDatanode at: http://0.0.0.0:0
2019-08-29 08:17:35,656 [main] INFO  server.AuthenticationFilter (AuthenticationFilter.java:constructSecretProvider(240)) - Unable to initialize FileSignerSecretProvider, falling back to use random secrets.
2019-08-29 08:17:35,657 [main] WARN  http.HttpRequestLog (HttpRequestLog.java:getRequestLog(97)) - Jetty request log can only be enabled using Log4j
2019-08-29 08:17:35,658 [main] INFO  http.HttpServer2 (HttpServer2.java:addGlobalFilter(975)) - Added global filter 'safety' (class=org.apache.hadoop.http.HttpServer2$QuotingInputFilter)
2019-08-29 08:17:35,658 [main] INFO  http.HttpServer2 (HttpServer2.java:addFilter(948)) - Added filter static_user_filter (class=org.apache.hadoop.http.lib.StaticUserWebFilter$StaticUserFilter) to context hddsDatanode
2019-08-29 08:17:35,659 [main] INFO  http.HttpServer2 (HttpServer2.java:addFilter(958)) - Added filter static_user_filter (class=org.apache.hadoop.http.lib.StaticUserWebFilter$StaticUserFilter) to context logs
2019-08-29 08:17:35,659 [main] INFO  http.HttpServer2 (HttpServer2.java:addFilter(958)) - Added filter static_user_filter (class=org.apache.hadoop.http.lib.StaticUserWebFilter$StaticUserFilter) to context static
2019-08-29 08:17:35,660 [main] INFO  http.HttpServer2 (HttpServer2.java:bindListener(1191)) - Jetty bound to port 34059
2019-08-29 08:17:35,660 [main] INFO  server.Server (Server.java:doStart(351)) - jetty-9.3.24.v20180605, build timestamp: 2018-06-05T17:11:56Z, git hash: 84205aa28f11a4f31f2a3b86d1bba2cc8ab69827
2019-08-29 08:17:35,664 [main] INFO  handler.ContextHandler (ContextHandler.java:doStart(781)) - Started o.e.j.s.ServletContextHandler@723e2d08{/logs,file:///workdir/hadoop-ozone/integration-test/target/log,AVAILABLE}
2019-08-29 08:17:35,664 [main] INFO  handler.ContextHandler (ContextHandler.java:doStart(781)) - Started o.e.j.s.ServletContextHandler@14f060b8{/static,jar:file:/home/user/.m2/repository/org/apache/hadoop/hadoop-hdds-container-service/0.5.0-SNAPSHOT/hadoop-hdds-container-service-0.5.0-SNAPSHOT.jar!/webapps/static,AVAILABLE}
2019-08-29 08:17:35,695 [main] INFO  handler.ContextHandler (ContextHandler.java:doStart(781)) - Started o.e.j.w.WebAppContext@6f50d55c{/,file:///tmp/jetty-0.0.0.0-34059-hddsDatanode-_-any-4020512227604386125.dir/webapp/,AVAILABLE}{/hddsDatanode}
2019-08-29 08:17:35,696 [main] INFO  server.AbstractConnector (AbstractConnector.java:doStart(278)) - Started ServerConnector@19b5214b{HTTP/1.1,[http/1.1]}{0.0.0.0:34059}
2019-08-29 08:17:35,696 [main] INFO  server.Server (Server.java:doStart(419)) - Started @7079ms
2019-08-29 08:17:35,697 [main] INFO  server.BaseHttpServer (BaseHttpServer.java:updateConnectorAddress(213)) - HTTP server of HDDSDATANODE is listening at http://0.0.0.0:34059
2019-08-29 08:17:35,860 | INFO  | ObjectStoreRestHttpServer | Listening HDDS REST traffic on /0.0.0.0:45188 |  
2019-08-29 08:17:35,860 [main] INFO  ozone.HddsDatanodeService (HddsDatanodeService.java:startPlugins(395)) - Started plug-in org.apache.hadoop.ozone.web.OzoneHddsDatanodeService@463045fb
2019-08-29 08:17:35,861 [main] INFO  impl.MetricsSystemImpl (MetricsSystemImpl.java:init(158)) - HddsDatanode metrics system started (again)
2019-08-29 08:17:35,864 [org.apache.hadoop.util.JvmPauseMonitor$Monitor@7384e62a] INFO  util.JvmPauseMonitor (JvmPauseMonitor.java:run(188)) - Starting JVM pause monitor
2019-08-29 08:17:35,864 [main] INFO  ozone.HddsDatanodeService (HddsDatanodeService.java:start(184)) - HddsDatanodeService host:pr-hdds-1553-zhl8q-89899572 ip:192.168.34.54
2019-08-29 08:17:35,866 [Datanode State Machine Thread - 0] INFO  datanode.InitDatanodeState (InitDatanodeState.java:persistContainerDatanodeDetails(140)) - DatanodeDetails is persisted to /workdir/hadoop-ozone/integration-test/target/test-dir/MiniOzoneClusterImpl-ef39a000-56f8-499f-ba54-08500adcb141/datanode-3/meta/datanode.id
2019-08-29 08:17:35,870 [main] INFO  volume.HddsVolume (HddsVolume.java:<init>(176)) - Creating Volume: /workdir/hadoop-ozone/integration-test/target/test-dir/MiniOzoneClusterImpl-ef39a000-56f8-499f-ba54-08500adcb141/datanode-4/data/containers/hdds of  storage type : DISK and capacity : 1482555576320
2019-08-29 08:17:35,870 [main] INFO  volume.VolumeSet (VolumeSet.java:initializeVolumeSet(170)) - Added Volume : /workdir/hadoop-ozone/integration-test/target/test-dir/MiniOzoneClusterImpl-ef39a000-56f8-499f-ba54-08500adcb141/datanode-4/data/containers/hdds to VolumeSet
2019-08-29 08:17:35,870 [main] INFO  volume.ThrottledAsyncChecker (ThrottledAsyncChecker.java:schedule(140)) - Scheduling a check for org.apache.hadoop.ozone.container.common.volume.HddsVolume@1bee0085
2019-08-29 08:17:35,871 [main] INFO  volume.HddsVolumeChecker (HddsVolumeChecker.java:checkAllVolumes(203)) - Scheduled health check for volume org.apache.hadoop.ozone.container.common.volume.HddsVolume@1bee0085
2019-08-29 08:17:35,885 [main] INFO  impl.RaftServerProxy (ConfUtils.java:logGet(43)) - raft.rpc.type = GRPC (default)
2019-08-29 08:17:35,885 [main] INFO  grpc.GrpcFactory (GrpcFactory.java:checkPooledByteBufAllocatorUseCacheForAllThreads(45)) - PERFORMANCE WARNING: useCacheForAllThreads is true that may cause Netty to create a lot garbage objects and, as a result, trigger GC.
	It is recommended to disable useCacheForAllThreads by setting -Dorg.apache.ratis.thirdparty.io.netty.allocator.useCacheForAllThreads=false in command line.
2019-08-29 08:17:35,885 [main] INFO  grpc.GrpcConfigKeys$Server (ConfUtils.java:logGet(43)) - raft.grpc.server.port = 0 (default)
2019-08-29 08:17:35,886 [main] INFO  server.GrpcService (ConfUtils.java:logGet(43)) - raft.grpc.message.size.max = 33570816 (custom)
2019-08-29 08:17:35,886 [main] INFO  server.RaftServerConfigKeys (ConfUtils.java:logGet(43)) - raft.server.log.appender.buffer.byte-limit = 33554432 (custom)
2019-08-29 08:17:35,886 [main] INFO  server.GrpcService (ConfUtils.java:logGet(43)) - raft.grpc.flow.control.window = 1MB (=1048576) (default)
2019-08-29 08:17:35,886 [main] INFO  server.RaftServerConfigKeys (ConfUtils.java:logGet(43)) - raft.server.rpc.request.timeout = 3000ms (default)
2019-08-29 08:17:35,887 [main] INFO  server.RaftServerConfigKeys (ConfUtils.java:logGet(43)) - raft.server.storage.dir = [/workdir/hadoop-ozone/integration-test/target/test-dir/MiniOzoneClusterImpl-ef39a000-56f8-499f-ba54-08500adcb141/datanode-4/data/ratis] (custom)
2019-08-29 08:17:35,887 [main] INFO  replication.SimpleContainerDownloader (SimpleContainerDownloader.java:<init>(72)) - Starting container downloader service to copy containers to replicate.
2019-08-29 08:17:35,889 [main] INFO  hdfs.DFSUtil (DFSUtil.java:httpServerTemplateForNNAndJN(1641)) - Starting Web-server for hddsDatanode at: http://0.0.0.0:0
2019-08-29 08:17:35,890 [main] INFO  server.AuthenticationFilter (AuthenticationFilter.java:constructSecretProvider(240)) - Unable to initialize FileSignerSecretProvider, falling back to use random secrets.
2019-08-29 08:17:35,891 [main] WARN  http.HttpRequestLog (HttpRequestLog.java:getRequestLog(97)) - Jetty request log can only be enabled using Log4j
2019-08-29 08:17:35,893 [main] INFO  http.HttpServer2 (HttpServer2.java:addGlobalFilter(975)) - Added global filter 'safety' (class=org.apache.hadoop.http.HttpServer2$QuotingInputFilter)
2019-08-29 08:17:35,894 [main] INFO  http.HttpServer2 (HttpServer2.java:addFilter(948)) - Added filter static_user_filter (class=org.apache.hadoop.http.lib.StaticUserWebFilter$StaticUserFilter) to context hddsDatanode
2019-08-29 08:17:35,894 [main] INFO  http.HttpServer2 (HttpServer2.java:addFilter(958)) - Added filter static_user_filter (class=org.apache.hadoop.http.lib.StaticUserWebFilter$StaticUserFilter) to context static
2019-08-29 08:17:35,894 [main] INFO  http.HttpServer2 (HttpServer2.java:addFilter(958)) - Added filter static_user_filter (class=org.apache.hadoop.http.lib.StaticUserWebFilter$StaticUserFilter) to context logs
2019-08-29 08:17:35,895 [main] INFO  http.HttpServer2 (HttpServer2.java:bindListener(1191)) - Jetty bound to port 40146
2019-08-29 08:17:35,895 [main] INFO  server.Server (Server.java:doStart(351)) - jetty-9.3.24.v20180605, build timestamp: 2018-06-05T17:11:56Z, git hash: 84205aa28f11a4f31f2a3b86d1bba2cc8ab69827
2019-08-29 08:17:35,897 [main] INFO  handler.ContextHandler (ContextHandler.java:doStart(781)) - Started o.e.j.s.ServletContextHandler@374ccb9{/logs,file:///workdir/hadoop-ozone/integration-test/target/log,AVAILABLE}
2019-08-29 08:17:35,898 [main] INFO  handler.ContextHandler (ContextHandler.java:doStart(781)) - Started o.e.j.s.ServletContextHandler@2ab09943{/static,jar:file:/home/user/.m2/repository/org/apache/hadoop/hadoop-hdds-container-service/0.5.0-SNAPSHOT/hadoop-hdds-container-service-0.5.0-SNAPSHOT.jar!/webapps/static,AVAILABLE}
2019-08-29 08:17:35,934 [main] INFO  handler.ContextHandler (ContextHandler.java:doStart(781)) - Started o.e.j.w.WebAppContext@ad3f70a{/,file:///tmp/jetty-0.0.0.0-40146-hddsDatanode-_-any-4872394848106988826.dir/webapp/,AVAILABLE}{/hddsDatanode}
2019-08-29 08:17:35,935 [main] INFO  server.AbstractConnector (AbstractConnector.java:doStart(278)) - Started ServerConnector@54ccb3{HTTP/1.1,[http/1.1]}{0.0.0.0:40146}
2019-08-29 08:17:35,936 [main] INFO  server.Server (Server.java:doStart(419)) - Started @7319ms
2019-08-29 08:17:35,937 [main] INFO  server.BaseHttpServer (BaseHttpServer.java:updateConnectorAddress(213)) - HTTP server of HDDSDATANODE is listening at http://0.0.0.0:40146
2019-08-29 08:17:36,083 | INFO  | ObjectStoreRestHttpServer | Listening HDDS REST traffic on /0.0.0.0:39000 |  
2019-08-29 08:17:36,083 [main] INFO  ozone.HddsDatanodeService (HddsDatanodeService.java:startPlugins(395)) - Started plug-in org.apache.hadoop.ozone.web.OzoneHddsDatanodeService@5a47730c
2019-08-29 08:17:36,083 [main] INFO  impl.MetricsSystemImpl (MetricsSystemImpl.java:init(158)) - HddsDatanode metrics system started (again)
2019-08-29 08:17:36,086 [org.apache.hadoop.util.JvmPauseMonitor$Monitor@4325b1b0] INFO  util.JvmPauseMonitor (JvmPauseMonitor.java:run(188)) - Starting JVM pause monitor
2019-08-29 08:17:36,087 [main] INFO  ozone.HddsDatanodeService (HddsDatanodeService.java:start(184)) - HddsDatanodeService host:pr-hdds-1553-zhl8q-89899572 ip:192.168.34.54
2019-08-29 08:17:36,088 [Datanode State Machine Thread - 0] INFO  datanode.InitDatanodeState (InitDatanodeState.java:persistContainerDatanodeDetails(140)) - DatanodeDetails is persisted to /workdir/hadoop-ozone/integration-test/target/test-dir/MiniOzoneClusterImpl-ef39a000-56f8-499f-ba54-08500adcb141/datanode-4/meta/datanode.id
2019-08-29 08:17:36,094 [main] INFO  volume.HddsVolume (HddsVolume.java:<init>(176)) - Creating Volume: /workdir/hadoop-ozone/integration-test/target/test-dir/MiniOzoneClusterImpl-ef39a000-56f8-499f-ba54-08500adcb141/datanode-5/data/containers/hdds of  storage type : DISK and capacity : 1482555576320
2019-08-29 08:17:36,094 [main] INFO  volume.VolumeSet (VolumeSet.java:initializeVolumeSet(170)) - Added Volume : /workdir/hadoop-ozone/integration-test/target/test-dir/MiniOzoneClusterImpl-ef39a000-56f8-499f-ba54-08500adcb141/datanode-5/data/containers/hdds to VolumeSet
2019-08-29 08:17:36,094 [main] INFO  volume.ThrottledAsyncChecker (ThrottledAsyncChecker.java:schedule(140)) - Scheduling a check for org.apache.hadoop.ozone.container.common.volume.HddsVolume@7af1d072
2019-08-29 08:17:36,095 [main] INFO  volume.HddsVolumeChecker (HddsVolumeChecker.java:checkAllVolumes(203)) - Scheduled health check for volume org.apache.hadoop.ozone.container.common.volume.HddsVolume@7af1d072
2019-08-29 08:17:36,109 [main] INFO  impl.RaftServerProxy (ConfUtils.java:logGet(43)) - raft.rpc.type = GRPC (default)
2019-08-29 08:17:36,109 [main] INFO  grpc.GrpcFactory (GrpcFactory.java:checkPooledByteBufAllocatorUseCacheForAllThreads(45)) - PERFORMANCE WARNING: useCacheForAllThreads is true that may cause Netty to create a lot garbage objects and, as a result, trigger GC.
	It is recommended to disable useCacheForAllThreads by setting -Dorg.apache.ratis.thirdparty.io.netty.allocator.useCacheForAllThreads=false in command line.
2019-08-29 08:17:36,110 [main] INFO  grpc.GrpcConfigKeys$Server (ConfUtils.java:logGet(43)) - raft.grpc.server.port = 0 (default)
2019-08-29 08:17:36,110 [main] INFO  server.GrpcService (ConfUtils.java:logGet(43)) - raft.grpc.message.size.max = 33570816 (custom)
2019-08-29 08:17:36,110 [main] INFO  server.RaftServerConfigKeys (ConfUtils.java:logGet(43)) - raft.server.log.appender.buffer.byte-limit = 33554432 (custom)
2019-08-29 08:17:36,110 [main] INFO  server.GrpcService (ConfUtils.java:logGet(43)) - raft.grpc.flow.control.window = 1MB (=1048576) (default)
2019-08-29 08:17:36,110 [main] INFO  server.RaftServerConfigKeys (ConfUtils.java:logGet(43)) - raft.server.rpc.request.timeout = 3000ms (default)
2019-08-29 08:17:36,111 [main] INFO  server.RaftServerConfigKeys (ConfUtils.java:logGet(43)) - raft.server.storage.dir = [/workdir/hadoop-ozone/integration-test/target/test-dir/MiniOzoneClusterImpl-ef39a000-56f8-499f-ba54-08500adcb141/datanode-5/data/ratis] (custom)
2019-08-29 08:17:36,111 [main] INFO  replication.SimpleContainerDownloader (SimpleContainerDownloader.java:<init>(72)) - Starting container downloader service to copy containers to replicate.
2019-08-29 08:17:36,112 [main] INFO  hdfs.DFSUtil (DFSUtil.java:httpServerTemplateForNNAndJN(1641)) - Starting Web-server for hddsDatanode at: http://0.0.0.0:0
2019-08-29 08:17:36,114 [main] INFO  server.AuthenticationFilter (AuthenticationFilter.java:constructSecretProvider(240)) - Unable to initialize FileSignerSecretProvider, falling back to use random secrets.
2019-08-29 08:17:36,114 [main] WARN  http.HttpRequestLog (HttpRequestLog.java:getRequestLog(97)) - Jetty request log can only be enabled using Log4j
2019-08-29 08:17:36,115 [main] INFO  http.HttpServer2 (HttpServer2.java:addGlobalFilter(975)) - Added global filter 'safety' (class=org.apache.hadoop.http.HttpServer2$QuotingInputFilter)
2019-08-29 08:17:36,116 [main] INFO  http.HttpServer2 (HttpServer2.java:addFilter(948)) - Added filter static_user_filter (class=org.apache.hadoop.http.lib.StaticUserWebFilter$StaticUserFilter) to context hddsDatanode
2019-08-29 08:17:36,116 [main] INFO  http.HttpServer2 (HttpServer2.java:addFilter(958)) - Added filter static_user_filter (class=org.apache.hadoop.http.lib.StaticUserWebFilter$StaticUserFilter) to context static
2019-08-29 08:17:36,116 [main] INFO  http.HttpServer2 (HttpServer2.java:addFilter(958)) - Added filter static_user_filter (class=org.apache.hadoop.http.lib.StaticUserWebFilter$StaticUserFilter) to context logs
2019-08-29 08:17:36,117 [main] INFO  http.HttpServer2 (HttpServer2.java:bindListener(1191)) - Jetty bound to port 45607
2019-08-29 08:17:36,117 [main] INFO  server.Server (Server.java:doStart(351)) - jetty-9.3.24.v20180605, build timestamp: 2018-06-05T17:11:56Z, git hash: 84205aa28f11a4f31f2a3b86d1bba2cc8ab69827
2019-08-29 08:17:36,119 [main] INFO  handler.ContextHandler (ContextHandler.java:doStart(781)) - Started o.e.j.s.ServletContextHandler@33d230ce{/logs,file:///workdir/hadoop-ozone/integration-test/target/log,AVAILABLE}
2019-08-29 08:17:36,120 [main] INFO  handler.ContextHandler (ContextHandler.java:doStart(781)) - Started o.e.j.s.ServletContextHandler@a316f6b{/static,jar:file:/home/user/.m2/repository/org/apache/hadoop/hadoop-hdds-container-service/0.5.0-SNAPSHOT/hadoop-hdds-container-service-0.5.0-SNAPSHOT.jar!/webapps/static,AVAILABLE}
2019-08-29 08:17:36,146 [main] INFO  handler.ContextHandler (ContextHandler.java:doStart(781)) - Started o.e.j.w.WebAppContext@7bf018dd{/,file:///tmp/jetty-0.0.0.0-45607-hddsDatanode-_-any-1220903738979096683.dir/webapp/,AVAILABLE}{/hddsDatanode}
2019-08-29 08:17:36,147 [main] INFO  server.AbstractConnector (AbstractConnector.java:doStart(278)) - Started ServerConnector@15a8cebd{HTTP/1.1,[http/1.1]}{0.0.0.0:45607}
2019-08-29 08:17:36,148 [main] INFO  server.Server (Server.java:doStart(419)) - Started @7531ms
2019-08-29 08:17:36,149 [main] INFO  server.BaseHttpServer (BaseHttpServer.java:updateConnectorAddress(213)) - HTTP server of HDDSDATANODE is listening at http://0.0.0.0:45607
2019-08-29 08:17:36,357 | INFO  | ObjectStoreRestHttpServer | Listening HDDS REST traffic on /0.0.0.0:37514 |  
2019-08-29 08:17:36,357 [main] INFO  ozone.HddsDatanodeService (HddsDatanodeService.java:startPlugins(395)) - Started plug-in org.apache.hadoop.ozone.web.OzoneHddsDatanodeService@3a0896b3
2019-08-29 08:17:36,357 [main] INFO  impl.MetricsSystemImpl (MetricsSystemImpl.java:init(158)) - HddsDatanode metrics system started (again)
2019-08-29 08:17:36,360 [org.apache.hadoop.util.JvmPauseMonitor$Monitor@57256054] INFO  util.JvmPauseMonitor (JvmPauseMonitor.java:run(188)) - Starting JVM pause monitor
2019-08-29 08:17:36,360 [main] INFO  ozone.HddsDatanodeService (HddsDatanodeService.java:start(184)) - HddsDatanodeService host:pr-hdds-1553-zhl8q-89899572 ip:192.168.34.54
2019-08-29 08:17:36,362 [Datanode State Machine Thread - 0] INFO  datanode.InitDatanodeState (InitDatanodeState.java:persistContainerDatanodeDetails(140)) - DatanodeDetails is persisted to /workdir/hadoop-ozone/integration-test/target/test-dir/MiniOzoneClusterImpl-ef39a000-56f8-499f-ba54-08500adcb141/datanode-5/meta/datanode.id
2019-08-29 08:17:36,367 [main] INFO  volume.HddsVolume (HddsVolume.java:<init>(176)) - Creating Volume: /workdir/hadoop-ozone/integration-test/target/test-dir/MiniOzoneClusterImpl-ef39a000-56f8-499f-ba54-08500adcb141/datanode-6/data/containers/hdds of  storage type : DISK and capacity : 1482555576320
2019-08-29 08:17:36,367 [main] INFO  volume.VolumeSet (VolumeSet.java:initializeVolumeSet(170)) - Added Volume : /workdir/hadoop-ozone/integration-test/target/test-dir/MiniOzoneClusterImpl-ef39a000-56f8-499f-ba54-08500adcb141/datanode-6/data/containers/hdds to VolumeSet
2019-08-29 08:17:36,367 [main] INFO  volume.ThrottledAsyncChecker (ThrottledAsyncChecker.java:schedule(140)) - Scheduling a check for org.apache.hadoop.ozone.container.common.volume.HddsVolume@1e6bd263
2019-08-29 08:17:36,368 [main] INFO  volume.HddsVolumeChecker (HddsVolumeChecker.java:checkAllVolumes(203)) - Scheduled health check for volume org.apache.hadoop.ozone.container.common.volume.HddsVolume@1e6bd263
2019-08-29 08:17:36,381 [main] INFO  impl.RaftServerProxy (ConfUtils.java:logGet(43)) - raft.rpc.type = GRPC (default)
2019-08-29 08:17:36,382 [main] INFO  grpc.GrpcFactory (GrpcFactory.java:checkPooledByteBufAllocatorUseCacheForAllThreads(45)) - PERFORMANCE WARNING: useCacheForAllThreads is true that may cause Netty to create a lot garbage objects and, as a result, trigger GC.
	It is recommended to disable useCacheForAllThreads by setting -Dorg.apache.ratis.thirdparty.io.netty.allocator.useCacheForAllThreads=false in command line.
2019-08-29 08:17:36,382 [main] INFO  grpc.GrpcConfigKeys$Server (ConfUtils.java:logGet(43)) - raft.grpc.server.port = 0 (default)
2019-08-29 08:17:36,383 [main] INFO  server.GrpcService (ConfUtils.java:logGet(43)) - raft.grpc.message.size.max = 33570816 (custom)
2019-08-29 08:17:36,383 [main] INFO  server.RaftServerConfigKeys (ConfUtils.java:logGet(43)) - raft.server.log.appender.buffer.byte-limit = 33554432 (custom)
2019-08-29 08:17:36,383 [main] INFO  server.GrpcService (ConfUtils.java:logGet(43)) - raft.grpc.flow.control.window = 1MB (=1048576) (default)
2019-08-29 08:17:36,383 [main] INFO  server.RaftServerConfigKeys (ConfUtils.java:logGet(43)) - raft.server.rpc.request.timeout = 3000ms (default)
2019-08-29 08:17:36,384 [main] INFO  server.RaftServerConfigKeys (ConfUtils.java:logGet(43)) - raft.server.storage.dir = [/workdir/hadoop-ozone/integration-test/target/test-dir/MiniOzoneClusterImpl-ef39a000-56f8-499f-ba54-08500adcb141/datanode-6/data/ratis] (custom)
2019-08-29 08:17:36,385 [main] INFO  replication.SimpleContainerDownloader (SimpleContainerDownloader.java:<init>(72)) - Starting container downloader service to copy containers to replicate.
2019-08-29 08:17:36,387 [main] INFO  hdfs.DFSUtil (DFSUtil.java:httpServerTemplateForNNAndJN(1641)) - Starting Web-server for hddsDatanode at: http://0.0.0.0:0
2019-08-29 08:17:36,388 [main] INFO  server.AuthenticationFilter (AuthenticationFilter.java:constructSecretProvider(240)) - Unable to initialize FileSignerSecretProvider, falling back to use random secrets.
2019-08-29 08:17:36,388 [main] WARN  http.HttpRequestLog (HttpRequestLog.java:getRequestLog(97)) - Jetty request log can only be enabled using Log4j
2019-08-29 08:17:36,390 [main] INFO  http.HttpServer2 (HttpServer2.java:addGlobalFilter(975)) - Added global filter 'safety' (class=org.apache.hadoop.http.HttpServer2$QuotingInputFilter)
2019-08-29 08:17:36,390 [main] INFO  http.HttpServer2 (HttpServer2.java:addFilter(948)) - Added filter static_user_filter (class=org.apache.hadoop.http.lib.StaticUserWebFilter$StaticUserFilter) to context hddsDatanode
2019-08-29 08:17:36,390 [main] INFO  http.HttpServer2 (HttpServer2.java:addFilter(958)) - Added filter static_user_filter (class=org.apache.hadoop.http.lib.StaticUserWebFilter$StaticUserFilter) to context static
2019-08-29 08:17:36,391 [main] INFO  http.HttpServer2 (HttpServer2.java:addFilter(958)) - Added filter static_user_filter (class=org.apache.hadoop.http.lib.StaticUserWebFilter$StaticUserFilter) to context logs
2019-08-29 08:17:36,391 [main] INFO  http.HttpServer2 (HttpServer2.java:bindListener(1191)) - Jetty bound to port 42532
2019-08-29 08:17:36,391 [main] INFO  server.Server (Server.java:doStart(351)) - jetty-9.3.24.v20180605, build timestamp: 2018-06-05T17:11:56Z, git hash: 84205aa28f11a4f31f2a3b86d1bba2cc8ab69827
2019-08-29 08:17:36,393 [main] INFO  handler.ContextHandler (ContextHandler.java:doStart(781)) - Started o.e.j.s.ServletContextHandler@a457c2b{/logs,file:///workdir/hadoop-ozone/integration-test/target/log,AVAILABLE}
2019-08-29 08:17:36,394 [main] INFO  handler.ContextHandler (ContextHandler.java:doStart(781)) - Started o.e.j.s.ServletContextHandler@5773d271{/static,jar:file:/home/user/.m2/repository/org/apache/hadoop/hadoop-hdds-container-service/0.5.0-SNAPSHOT/hadoop-hdds-container-service-0.5.0-SNAPSHOT.jar!/webapps/static,AVAILABLE}
2019-08-29 08:17:36,421 [main] INFO  handler.ContextHandler (ContextHandler.java:doStart(781)) - Started o.e.j.w.WebAppContext@474e34e4{/,file:///tmp/jetty-0.0.0.0-42532-hddsDatanode-_-any-5795514678538726984.dir/webapp/,AVAILABLE}{/hddsDatanode}
2019-08-29 08:17:36,422 [main] INFO  server.AbstractConnector (AbstractConnector.java:doStart(278)) - Started ServerConnector@7e2c6702{HTTP/1.1,[http/1.1]}{0.0.0.0:42532}
2019-08-29 08:17:36,423 [main] INFO  server.Server (Server.java:doStart(419)) - Started @7806ms
2019-08-29 08:17:36,424 [main] INFO  server.BaseHttpServer (BaseHttpServer.java:updateConnectorAddress(213)) - HTTP server of HDDSDATANODE is listening at http://0.0.0.0:42532
2019-08-29 08:17:36,561 | INFO  | ObjectStoreRestHttpServer | Listening HDDS REST traffic on /0.0.0.0:45195 |  
2019-08-29 08:17:36,561 [main] INFO  ozone.HddsDatanodeService (HddsDatanodeService.java:startPlugins(395)) - Started plug-in org.apache.hadoop.ozone.web.OzoneHddsDatanodeService@fabef2e
2019-08-29 08:17:36,563 [main] INFO  ozone.MiniOzoneClusterImpl (MiniOzoneClusterImpl.java:lambda$waitForClusterToBeReady$0(142)) - Waiting for cluster to be ready. Got 0 of 7 DN Heartbeats.
2019-08-29 08:17:36,564 [org.apache.hadoop.util.JvmPauseMonitor$Monitor@1f17b366] INFO  util.JvmPauseMonitor (JvmPauseMonitor.java:run(188)) - Starting JVM pause monitor
2019-08-29 08:17:36,565 [Datanode State Machine Thread - 0] INFO  datanode.InitDatanodeState (InitDatanodeState.java:persistContainerDatanodeDetails(140)) - DatanodeDetails is persisted to /workdir/hadoop-ozone/integration-test/target/test-dir/MiniOzoneClusterImpl-ef39a000-56f8-499f-ba54-08500adcb141/datanode-6/meta/datanode.id
2019-08-29 08:17:37,137 | INFO  | SCMAudit | user=jenkins1000 | ip=192.168.34.54 | op=GET_VERSION null | ret=SUCCESS |  
2019-08-29 08:17:37,158 [Datanode State Machine Thread - 0] INFO  ozoneimpl.OzoneContainer (OzoneContainer.java:start(186)) - Attempting to start container services.
2019-08-29 08:17:37,160 [Datanode State Machine Thread - 0] INFO  ozoneimpl.OzoneContainer (OzoneContainer.java:startContainerScrub(160)) - Background container scrubber has been disabled by hdds.containerscrub.enabled
2019-08-29 08:17:37,160 [Datanode State Machine Thread - 0] INFO  ratis.XceiverServerRatis (XceiverServerRatis.java:start(404)) - Starting XceiverServerRatis 62fbaf2b-c9dd-41a4-90d2-fdfdf099a3b1 at port 0
2019-08-29 08:17:37,177 [Datanode State Machine Thread - 0] INFO  impl.RaftServerProxy (RaftServerProxy.java:lambda$start$3(299)) - 62fbaf2b-c9dd-41a4-90d2-fdfdf099a3b1: start RPC server
2019-08-29 08:17:37,290 [Datanode State Machine Thread - 0] INFO  server.GrpcService (GrpcService.java:startImpl(149)) - 62fbaf2b-c9dd-41a4-90d2-fdfdf099a3b1: GrpcService started, listening on 0.0.0.0/0.0.0.0:37907
2019-08-29 08:17:37,291 [Datanode State Machine Thread - 0] INFO  ratis.XceiverServerRatis (XceiverServerRatis.java:start(414)) - XceiverServerRatis 62fbaf2b-c9dd-41a4-90d2-fdfdf099a3b1 is started using port 37907
2019-08-29 08:17:37,293 [Datanode State Machine Thread - 0] INFO  server.XceiverServerGrpc (XceiverServerGrpc.java:start(161)) - XceiverServerGrpc 62fbaf2b-c9dd-41a4-90d2-fdfdf099a3b1 is started using port 46011
2019-08-29 08:17:37,360 | INFO  | SCMAudit | user=jenkins1000 | ip=192.168.34.54 | op=GET_VERSION null | ret=SUCCESS |  
2019-08-29 08:17:37,393 [Datanode State Machine Thread - 0] INFO  ozoneimpl.OzoneContainer (OzoneContainer.java:start(186)) - Attempting to start container services.
2019-08-29 08:17:37,395 [Datanode State Machine Thread - 0] INFO  ozoneimpl.OzoneContainer (OzoneContainer.java:startContainerScrub(160)) - Background container scrubber has been disabled by hdds.containerscrub.enabled
2019-08-29 08:17:37,395 [Datanode State Machine Thread - 0] INFO  ratis.XceiverServerRatis (XceiverServerRatis.java:start(404)) - Starting XceiverServerRatis 4e66ed9b-7a7a-49e4-a069-f2e74814d405 at port 0
2019-08-29 08:17:37,401 [Datanode State Machine Thread - 0] INFO  impl.RaftServerProxy (RaftServerProxy.java:lambda$start$3(299)) - 4e66ed9b-7a7a-49e4-a069-f2e74814d405: start RPC server
2019-08-29 08:17:37,404 [Datanode State Machine Thread - 0] INFO  server.GrpcService (GrpcService.java:startImpl(149)) - 4e66ed9b-7a7a-49e4-a069-f2e74814d405: GrpcService started, listening on 0.0.0.0/0.0.0.0:42110
2019-08-29 08:17:37,404 [Datanode State Machine Thread - 0] INFO  ratis.XceiverServerRatis (XceiverServerRatis.java:start(414)) - XceiverServerRatis 4e66ed9b-7a7a-49e4-a069-f2e74814d405 is started using port 42110
2019-08-29 08:17:37,406 [Datanode State Machine Thread - 0] INFO  server.XceiverServerGrpc (XceiverServerGrpc.java:start(161)) - XceiverServerGrpc 4e66ed9b-7a7a-49e4-a069-f2e74814d405 is started using port 41769
2019-08-29 08:17:37,563 [main] INFO  ozone.MiniOzoneClusterImpl (MiniOzoneClusterImpl.java:lambda$waitForClusterToBeReady$0(142)) - Waiting for cluster to be ready. Got 0 of 7 DN Heartbeats.
2019-08-29 08:17:37,615 | INFO  | SCMAudit | user=jenkins1000 | ip=192.168.34.54 | op=GET_VERSION null | ret=SUCCESS |  
2019-08-29 08:17:37,630 [Datanode State Machine Thread - 0] INFO  ozoneimpl.OzoneContainer (OzoneContainer.java:start(186)) - Attempting to start container services.
2019-08-29 08:17:37,634 [Datanode State Machine Thread - 0] INFO  ozoneimpl.OzoneContainer (OzoneContainer.java:startContainerScrub(160)) - Background container scrubber has been disabled by hdds.containerscrub.enabled
2019-08-29 08:17:37,635 [Datanode State Machine Thread - 0] INFO  ratis.XceiverServerRatis (XceiverServerRatis.java:start(404)) - Starting XceiverServerRatis 14879765-9127-45ba-89de-04712631aaf6 at port 0
2019-08-29 08:17:37,642 [Datanode State Machine Thread - 0] INFO  impl.RaftServerProxy (RaftServerProxy.java:lambda$start$3(299)) - 14879765-9127-45ba-89de-04712631aaf6: start RPC server
2019-08-29 08:17:37,646 [Datanode State Machine Thread - 0] INFO  server.GrpcService (GrpcService.java:startImpl(149)) - 14879765-9127-45ba-89de-04712631aaf6: GrpcService started, listening on 0.0.0.0/0.0.0.0:41705
2019-08-29 08:17:37,647 [Datanode State Machine Thread - 0] INFO  ratis.XceiverServerRatis (XceiverServerRatis.java:start(414)) - XceiverServerRatis 14879765-9127-45ba-89de-04712631aaf6 is started using port 41705
2019-08-29 08:17:37,649 [Datanode State Machine Thread - 0] INFO  server.XceiverServerGrpc (XceiverServerGrpc.java:start(161)) - XceiverServerGrpc 14879765-9127-45ba-89de-04712631aaf6 is started using port 33886
2019-08-29 08:17:37,867 | INFO  | SCMAudit | user=jenkins1000 | ip=192.168.34.54 | op=GET_VERSION null | ret=SUCCESS |  
2019-08-29 08:17:38,089 | INFO  | SCMAudit | user=jenkins1000 | ip=192.168.34.54 | op=GET_VERSION null | ret=SUCCESS |  
2019-08-29 08:17:38,363 | INFO  | SCMAudit | user=jenkins1000 | ip=192.168.34.54 | op=GET_VERSION null | ret=SUCCESS |  
2019-08-29 08:17:38,564 [main] INFO  ozone.MiniOzoneClusterImpl (MiniOzoneClusterImpl.java:lambda$waitForClusterToBeReady$0(142)) - Waiting for cluster to be ready. Got 0 of 7 DN Heartbeats.
2019-08-29 08:17:38,566 | INFO  | SCMAudit | user=jenkins1000 | ip=192.168.34.54 | op=GET_VERSION null | ret=SUCCESS |  
2019-08-29 08:17:38,785 [Datanode State Machine Thread - 0] INFO  ozoneimpl.OzoneContainer (OzoneContainer.java:start(186)) - Attempting to start container services.
2019-08-29 08:17:38,785 [Datanode State Machine Thread - 0] INFO  ozoneimpl.OzoneContainer (OzoneContainer.java:start(186)) - Attempting to start container services.
2019-08-29 08:17:38,785 [Datanode State Machine Thread - 0] INFO  ozoneimpl.OzoneContainer (OzoneContainer.java:start(186)) - Attempting to start container services.
2019-08-29 08:17:38,786 [Datanode State Machine Thread - 0] INFO  ozoneimpl.OzoneContainer (OzoneContainer.java:startContainerScrub(160)) - Background container scrubber has been disabled by hdds.containerscrub.enabled
2019-08-29 08:17:38,786 [Datanode State Machine Thread - 0] INFO  ozoneimpl.OzoneContainer (OzoneContainer.java:startContainerScrub(160)) - Background container scrubber has been disabled by hdds.containerscrub.enabled
2019-08-29 08:17:38,786 [Datanode State Machine Thread - 0] INFO  ozoneimpl.OzoneContainer (OzoneContainer.java:startContainerScrub(160)) - Background container scrubber has been disabled by hdds.containerscrub.enabled
2019-08-29 08:17:38,786 [Datanode State Machine Thread - 0] INFO  ratis.XceiverServerRatis (XceiverServerRatis.java:start(404)) - Starting XceiverServerRatis dd9a91c5-5c4b-4478-b7f7-3956f198c950 at port 0
2019-08-29 08:17:38,786 [Datanode State Machine Thread - 0] INFO  ratis.XceiverServerRatis (XceiverServerRatis.java:start(404)) - Starting XceiverServerRatis dba0a522-61fc-431c-9633-76c1b0451c6f at port 0
2019-08-29 08:17:38,786 [Datanode State Machine Thread - 0] INFO  ratis.XceiverServerRatis (XceiverServerRatis.java:start(404)) - Starting XceiverServerRatis 84674177-5820-4a0b-9345-463c27e4b0c8 at port 0
2019-08-29 08:17:38,801 [Datanode State Machine Thread - 0] INFO  impl.RaftServerProxy (RaftServerProxy.java:lambda$start$3(299)) - dd9a91c5-5c4b-4478-b7f7-3956f198c950: start RPC server
2019-08-29 08:17:38,801 [Datanode State Machine Thread - 0] INFO  impl.RaftServerProxy (RaftServerProxy.java:lambda$start$3(299)) - 84674177-5820-4a0b-9345-463c27e4b0c8: start RPC server
2019-08-29 08:17:38,801 [Datanode State Machine Thread - 0] INFO  impl.RaftServerProxy (RaftServerProxy.java:lambda$start$3(299)) - dba0a522-61fc-431c-9633-76c1b0451c6f: start RPC server
2019-08-29 08:17:38,807 [Datanode State Machine Thread - 0] INFO  server.GrpcService (GrpcService.java:startImpl(149)) - dd9a91c5-5c4b-4478-b7f7-3956f198c950: GrpcService started, listening on 0.0.0.0/0.0.0.0:35600
2019-08-29 08:17:38,808 [Datanode State Machine Thread - 0] INFO  server.GrpcService (GrpcService.java:startImpl(149)) - 84674177-5820-4a0b-9345-463c27e4b0c8: GrpcService started, listening on 0.0.0.0/0.0.0.0:41651
2019-08-29 08:17:38,808 [Datanode State Machine Thread - 0] INFO  ratis.XceiverServerRatis (XceiverServerRatis.java:start(414)) - XceiverServerRatis dd9a91c5-5c4b-4478-b7f7-3956f198c950 is started using port 35600
2019-08-29 08:17:38,808 [Datanode State Machine Thread - 0] INFO  server.GrpcService (GrpcService.java:startImpl(149)) - dba0a522-61fc-431c-9633-76c1b0451c6f: GrpcService started, listening on 0.0.0.0/0.0.0.0:36011
2019-08-29 08:17:38,808 [Datanode State Machine Thread - 0] INFO  ratis.XceiverServerRatis (XceiverServerRatis.java:start(414)) - XceiverServerRatis 84674177-5820-4a0b-9345-463c27e4b0c8 is started using port 41651
2019-08-29 08:17:38,808 [Datanode State Machine Thread - 0] INFO  ratis.XceiverServerRatis (XceiverServerRatis.java:start(414)) - XceiverServerRatis dba0a522-61fc-431c-9633-76c1b0451c6f is started using port 36011
2019-08-29 08:17:38,810 [Datanode State Machine Thread - 0] INFO  server.XceiverServerGrpc (XceiverServerGrpc.java:start(161)) - XceiverServerGrpc dd9a91c5-5c4b-4478-b7f7-3956f198c950 is started using port 37330
2019-08-29 08:17:38,813 [Datanode State Machine Thread - 0] INFO  server.XceiverServerGrpc (XceiverServerGrpc.java:start(161)) - XceiverServerGrpc 84674177-5820-4a0b-9345-463c27e4b0c8 is started using port 33487
2019-08-29 08:17:38,814 [Datanode State Machine Thread - 0] INFO  server.XceiverServerGrpc (XceiverServerGrpc.java:start(161)) - XceiverServerGrpc dba0a522-61fc-431c-9633-76c1b0451c6f is started using port 34131
2019-08-29 08:17:38,951 [Datanode State Machine Thread - 0] INFO  ozoneimpl.OzoneContainer (OzoneContainer.java:start(186)) - Attempting to start container services.
2019-08-29 08:17:38,951 [Datanode State Machine Thread - 0] INFO  ozoneimpl.OzoneContainer (OzoneContainer.java:startContainerScrub(160)) - Background container scrubber has been disabled by hdds.containerscrub.enabled
2019-08-29 08:17:38,951 [Datanode State Machine Thread - 0] INFO  ratis.XceiverServerRatis (XceiverServerRatis.java:start(404)) - Starting XceiverServerRatis 9b2222ce-dbb0-4da1-b31a-a52ba00795b8 at port 0
2019-08-29 08:17:38,957 [Datanode State Machine Thread - 0] INFO  impl.RaftServerProxy (RaftServerProxy.java:lambda$start$3(299)) - 9b2222ce-dbb0-4da1-b31a-a52ba00795b8: start RPC server
2019-08-29 08:17:38,961 [Datanode State Machine Thread - 0] INFO  server.GrpcService (GrpcService.java:startImpl(149)) - 9b2222ce-dbb0-4da1-b31a-a52ba00795b8: GrpcService started, listening on 0.0.0.0/0.0.0.0:34658
2019-08-29 08:17:38,961 [Datanode State Machine Thread - 0] INFO  ratis.XceiverServerRatis (XceiverServerRatis.java:start(414)) - XceiverServerRatis 9b2222ce-dbb0-4da1-b31a-a52ba00795b8 is started using port 34658
2019-08-29 08:17:38,963 [Datanode State Machine Thread - 0] INFO  server.XceiverServerGrpc (XceiverServerGrpc.java:start(161)) - XceiverServerGrpc 9b2222ce-dbb0-4da1-b31a-a52ba00795b8 is started using port 41039
2019-08-29 08:17:39,152 [IPC Server handler 4 on 34887] INFO  net.NetworkTopology (NetworkTopologyImpl.java:add(110)) - Added a new node: /default-rack/62fbaf2b-c9dd-41a4-90d2-fdfdf099a3b1
2019-08-29 08:17:39,153 [IPC Server handler 4 on 34887] INFO  node.SCMNodeManager (SCMNodeManager.java:register(273)) - Registered Data node : 62fbaf2b-c9dd-41a4-90d2-fdfdf099a3b1{ip: 192.168.34.54, host: pr-hdds-1553-zhl8q-89899572, networkLocation: /default-rack, certSerialId: null}
2019-08-29 08:17:39,157 [EventQueue-NodeRegistrationContainerReportForDataNodeSafeModeRule] INFO  safemode.SCMSafeModeManager (DataNodeSafeModeRule.java:process(71)) - SCM in safe mode. 1 DataNodes registered, 1 required.
2019-08-29 08:17:39,157 [EventQueue-NodeRegistrationContainerReportForDataNodeSafeModeRule] INFO  safemode.SCMSafeModeManager (SCMSafeModeManager.java:validateSafeModeExitRules(177)) - ScmSafeModeManager, all rules are successfully validated
2019-08-29 08:17:39,157 [EventQueue-NodeRegistrationContainerReportForDataNodeSafeModeRule] INFO  safemode.SCMSafeModeManager (SCMSafeModeManager.java:exitSafeMode(193)) - SCM exiting safe mode.
2019-08-29 08:17:39,166 | INFO  | SCMAudit | user=jenkins1000 | ip=192.168.34.54 | op=REGISTER {datanodeDetails=62fbaf2b-c9dd-41a4-90d2-fdfdf099a3b1{ip: 192.168.34.54, host: pr-hdds-1553-zhl8q-89899572, networkLocation: /default-rack, certSerialId: null}} | ret=SUCCESS |  
2019-08-29 08:17:39,363 [IPC Server handler 3 on 34887] INFO  net.NetworkTopology (NetworkTopologyImpl.java:add(110)) - Added a new node: /default-rack/4e66ed9b-7a7a-49e4-a069-f2e74814d405
2019-08-29 08:17:39,365 [IPC Server handler 3 on 34887] INFO  node.SCMNodeManager (SCMNodeManager.java:register(273)) - Registered Data node : 4e66ed9b-7a7a-49e4-a069-f2e74814d405{ip: 192.168.34.54, host: pr-hdds-1553-zhl8q-89899572, networkLocation: /default-rack, certSerialId: null}
2019-08-29 08:17:39,366 | INFO  | SCMAudit | user=jenkins1000 | ip=192.168.34.54 | op=REGISTER {datanodeDetails=4e66ed9b-7a7a-49e4-a069-f2e74814d405{ip: 192.168.34.54, host: pr-hdds-1553-zhl8q-89899572, networkLocation: /default-rack, certSerialId: null}} | ret=SUCCESS |  
2019-08-29 08:17:39,817 [main] INFO  ozone.MiniOzoneClusterImpl (MiniOzoneClusterImpl.java:lambda$waitForClusterToBeReady$0(142)) - Waiting for cluster to be ready. Got 2 of 7 DN Heartbeats.
2019-08-29 08:17:39,820 [IPC Server handler 0 on 34887] INFO  net.NetworkTopology (NetworkTopologyImpl.java:add(110)) - Added a new node: /default-rack/14879765-9127-45ba-89de-04712631aaf6
2019-08-29 08:17:39,820 [IPC Server handler 0 on 34887] INFO  node.SCMNodeManager (SCMNodeManager.java:register(273)) - Registered Data node : 14879765-9127-45ba-89de-04712631aaf6{ip: 192.168.34.54, host: pr-hdds-1553-zhl8q-89899572, networkLocation: /default-rack, certSerialId: null}
2019-08-29 08:17:39,821 | INFO  | SCMAudit | user=jenkins1000 | ip=192.168.34.54 | op=REGISTER {datanodeDetails=14879765-9127-45ba-89de-04712631aaf6{ip: 192.168.34.54, host: pr-hdds-1553-zhl8q-89899572, networkLocation: /default-rack, certSerialId: null}} | ret=SUCCESS |  
2019-08-29 08:17:39,868 [IPC Server handler 1 on 34887] INFO  net.NetworkTopology (NetworkTopologyImpl.java:add(110)) - Added a new node: /default-rack/dd9a91c5-5c4b-4478-b7f7-3956f198c950
2019-08-29 08:17:39,868 [IPC Server handler 1 on 34887] INFO  node.SCMNodeManager (SCMNodeManager.java:register(273)) - Registered Data node : dd9a91c5-5c4b-4478-b7f7-3956f198c950{ip: 192.168.34.54, host: pr-hdds-1553-zhl8q-89899572, networkLocation: /default-rack, certSerialId: null}
2019-08-29 08:17:39,869 | INFO  | SCMAudit | user=jenkins1000 | ip=192.168.34.54 | op=REGISTER {datanodeDetails=dd9a91c5-5c4b-4478-b7f7-3956f198c950{ip: 192.168.34.54, host: pr-hdds-1553-zhl8q-89899572, networkLocation: /default-rack, certSerialId: null}} | ret=SUCCESS |  
2019-08-29 08:17:40,024 [grpc-default-executor-0] INFO  impl.RaftServerProxy (RaftServerProxy.java:addNew(89)) - 62fbaf2b-c9dd-41a4-90d2-fdfdf099a3b1: addNew group-DEF757EF0DF5:[62fbaf2b-c9dd-41a4-90d2-fdfdf099a3b1:192.168.34.54:37907] returns group-DEF757EF0DF5:java.util.concurrent.CompletableFuture@699c98a2[Not completed]
2019-08-29 08:17:40,040 [pool-27-thread-1] INFO  impl.RaftServerImpl (RaftServerImpl.java:<init>(93)) - 62fbaf2b-c9dd-41a4-90d2-fdfdf099a3b1: new RaftServerImpl for group-DEF757EF0DF5:[62fbaf2b-c9dd-41a4-90d2-fdfdf099a3b1:192.168.34.54:37907] with ContainerStateMachine:uninitialized
2019-08-29 08:17:40,041 [pool-27-thread-1] INFO  server.RaftServerConfigKeys (ConfUtils.java:logGet(43)) - raft.server.rpc.timeout.min = 5s (custom)
2019-08-29 08:17:40,043 [pool-27-thread-1] INFO  server.RaftServerConfigKeys (ConfUtils.java:logGet(43)) - raft.server.rpc.timeout.max = 5200ms (custom)
2019-08-29 08:17:40,043 [pool-27-thread-1] INFO  server.RaftServerConfigKeys (ConfUtils.java:logGet(43)) - raft.server.rpcslowness.timeout = 120s (custom)
2019-08-29 08:17:40,044 [pool-27-thread-1] INFO  server.RaftServerConfigKeys (ConfUtils.java:logGet(43)) - raft.server.sleep.deviation.threshold = 300 (default)
2019-08-29 08:17:40,044 [pool-27-thread-1] INFO  server.RaftServerConfigKeys (ConfUtils.java:logGet(43)) - raft.server.log.appender.install.snapshot.enabled = false (custom)
2019-08-29 08:17:40,051 [pool-27-thread-1] INFO  impl.RaftServerImpl (ServerState.java:<init>(105)) - 62fbaf2b-c9dd-41a4-90d2-fdfdf099a3b1:group-DEF757EF0DF5 ConfigurationManager, init=-1: [62fbaf2b-c9dd-41a4-90d2-fdfdf099a3b1:192.168.34.54:37907], old=null, confs=<EMPTY_MAP>
2019-08-29 08:17:40,051 [pool-27-thread-1] INFO  server.RaftServerConfigKeys (ConfUtils.java:logGet(43)) - raft.server.storage.dir = [/workdir/hadoop-ozone/integration-test/target/test-dir/MiniOzoneClusterImpl-ef39a000-56f8-499f-ba54-08500adcb141/datanode-0/data/ratis] (custom)
2019-08-29 08:17:40,058 [pool-27-thread-1] INFO  storage.RaftStorageDirectory (RaftStorageDirectory.java:analyzeStorage(246)) - The storage directory /workdir/hadoop-ozone/integration-test/target/test-dir/MiniOzoneClusterImpl-ef39a000-56f8-499f-ba54-08500adcb141/datanode-0/data/ratis/6bdbb6e9-2eaf-4143-a03e-def757ef0df5 does not exist. Creating ...
2019-08-29 08:17:40,091 [IPC Server handler 4 on 34887] INFO  net.NetworkTopology (NetworkTopologyImpl.java:add(110)) - Added a new node: /default-rack/84674177-5820-4a0b-9345-463c27e4b0c8
2019-08-29 08:17:40,091 [IPC Server handler 4 on 34887] INFO  node.SCMNodeManager (SCMNodeManager.java:register(273)) - Registered Data node : 84674177-5820-4a0b-9345-463c27e4b0c8{ip: 192.168.34.54, host: pr-hdds-1553-zhl8q-89899572, networkLocation: /default-rack, certSerialId: null}
2019-08-29 08:17:40,091 | INFO  | SCMAudit | user=jenkins1000 | ip=192.168.34.54 | op=REGISTER {datanodeDetails=84674177-5820-4a0b-9345-463c27e4b0c8{ip: 192.168.34.54, host: pr-hdds-1553-zhl8q-89899572, networkLocation: /default-rack, certSerialId: null}} | ret=SUCCESS |  
2019-08-29 08:17:40,364 [IPC Server handler 3 on 34887] INFO  net.NetworkTopology (NetworkTopologyImpl.java:add(110)) - Added a new node: /default-rack/dba0a522-61fc-431c-9633-76c1b0451c6f
2019-08-29 08:17:40,365 [IPC Server handler 3 on 34887] INFO  node.SCMNodeManager (SCMNodeManager.java:register(273)) - Registered Data node : dba0a522-61fc-431c-9633-76c1b0451c6f{ip: 192.168.34.54, host: pr-hdds-1553-zhl8q-89899572, networkLocation: /default-rack, certSerialId: null}
2019-08-29 08:17:40,365 | INFO  | SCMAudit | user=jenkins1000 | ip=192.168.34.54 | op=REGISTER {datanodeDetails=dba0a522-61fc-431c-9633-76c1b0451c6f{ip: 192.168.34.54, host: pr-hdds-1553-zhl8q-89899572, networkLocation: /default-rack, certSerialId: null}} | ret=SUCCESS |  
2019-08-29 08:17:40,568 [IPC Server handler 2 on 34887] INFO  net.NetworkTopology (NetworkTopologyImpl.java:add(110)) - Added a new node: /default-rack/9b2222ce-dbb0-4da1-b31a-a52ba00795b8
2019-08-29 08:17:40,569 [IPC Server handler 2 on 34887] INFO  node.SCMNodeManager (SCMNodeManager.java:register(273)) - Registered Data node : 9b2222ce-dbb0-4da1-b31a-a52ba00795b8{ip: 192.168.34.54, host: pr-hdds-1553-zhl8q-89899572, networkLocation: /default-rack, certSerialId: null}
2019-08-29 08:17:40,569 | INFO  | SCMAudit | user=jenkins1000 | ip=192.168.34.54 | op=REGISTER {datanodeDetails=9b2222ce-dbb0-4da1-b31a-a52ba00795b8{ip: 192.168.34.54, host: pr-hdds-1553-zhl8q-89899572, networkLocation: /default-rack, certSerialId: null}} | ret=SUCCESS |  
2019-08-29 08:17:40,818 [main] INFO  ozone.MiniOzoneClusterImpl (MiniOzoneClusterImpl.java:lambda$waitForClusterToBeReady$0(142)) - Cluster is ready. Got 7 of 7 DN Heartbeats.
2019-08-29 08:17:41,111 [main] INFO  rpc.RpcClient (RpcClient.java:createVolume(293)) - Creating Volume: closecontainerexceptionhandlingtest, with jenkins1000 as owner.
2019-08-29 08:17:41,137 | INFO  | SCMAudit | user=jenkins1000 | ip=192.168.34.54 | op=SEND_HEARTBEAT {datanodeUUID=62fbaf2b-c9dd-41a4-90d2-fdfdf099a3b1, command=[]} | ret=SUCCESS |  
2019-08-29 08:17:41,139 | INFO  | OMAudit | user=jenkins1000 | ip=127.0.0.1 | op=CREATE_VOLUME {admin=jenkins1000, owner=jenkins1000, volume=closecontainerexceptionhandlingtest, creationTime=1567066661133, quotaInBytes=1152921504606846976} | ret=SUCCESS |  
2019-08-29 08:17:41,155 | INFO  | OMAudit | user=jenkins1000 | ip=127.0.0.1 | op=READ_VOLUME {volume=closecontainerexceptionhandlingtest} | ret=SUCCESS |  
2019-08-29 08:17:41,161 [main] INFO  rpc.RpcClient (RpcClient.java:createBucket(432)) - Creating Bucket: closecontainerexceptionhandlingtest/closecontainerexceptionhandlingtest, with Versioning false and Storage Type set to DISK and Encryption set to false 
2019-08-29 08:17:41,186 | INFO  | OMAudit | user=jenkins1000 | ip=127.0.0.1 | op=CREATE_BUCKET {volume=closecontainerexceptionhandlingtest, bucket=closecontainerexceptionhandlingtest, acls=[user:jenkins1000:a[ACCESS], group:default:a[ACCESS]], isVersionEnabled=false, storageType=DISK, creationTime=0} | ret=SUCCESS |  
2019-08-29 08:17:41,195 | INFO  | OMAudit | user=jenkins1000 | ip=127.0.0.1 | op=READ_VOLUME {volume=closecontainerexceptionhandlingtest} | ret=SUCCESS |  
2019-08-29 08:17:41,201 | INFO  | OMAudit | user=jenkins1000 | ip=127.0.0.1 | op=READ_BUCKET {volume=closecontainerexceptionhandlingtest, bucket=closecontainerexceptionhandlingtest} | ret=SUCCESS |  
2019-08-29 08:17:41,344 [pool-27-thread-1] INFO  storage.RaftStorageDirectory (RaftStorageDirectory.java:tryLock(328)) - Lock on /workdir/hadoop-ozone/integration-test/target/test-dir/MiniOzoneClusterImpl-ef39a000-56f8-499f-ba54-08500adcb141/datanode-0/data/ratis/6bdbb6e9-2eaf-4143-a03e-def757ef0df5/in_use.lock acquired by nodename 28333@pr-hdds-1553-zhl8q-89899572
2019-08-29 08:17:41,364 | INFO  | SCMAudit | user=jenkins1000 | ip=192.168.34.54 | op=SEND_HEARTBEAT {datanodeUUID=4e66ed9b-7a7a-49e4-a069-f2e74814d405, command=[]} | ret=SUCCESS |  
2019-08-29 08:17:41,822 | INFO  | SCMAudit | user=jenkins1000 | ip=192.168.34.54 | op=SEND_HEARTBEAT {datanodeUUID=14879765-9127-45ba-89de-04712631aaf6, command=[]} | ret=SUCCESS |  
2019-08-29 08:17:41,870 | INFO  | SCMAudit | user=jenkins1000 | ip=192.168.34.54 | op=SEND_HEARTBEAT {datanodeUUID=dd9a91c5-5c4b-4478-b7f7-3956f198c950, command=[]} | ret=SUCCESS |  
2019-08-29 08:17:42,091 | INFO  | SCMAudit | user=jenkins1000 | ip=192.168.34.54 | op=SEND_HEARTBEAT {datanodeUUID=84674177-5820-4a0b-9345-463c27e4b0c8, command=[]} | ret=SUCCESS |  
2019-08-29 08:17:42,119 | INFO  | SCMAudit | user=jenkins1000 | ip=192.168.34.54 | op=SEND_HEARTBEAT {datanodeUUID=62fbaf2b-c9dd-41a4-90d2-fdfdf099a3b1, command=[]} | ret=SUCCESS |  
2019-08-29 08:17:42,162 [Thread-237] INFO  container.ReplicationManager (ReplicationManager.java:start(152)) - Starting Replication Monitor Thread.
2019-08-29 08:17:42,164 [ReplicationMonitor] INFO  container.ReplicationManager (ReplicationManager.java:run(215)) - Replication Monitor Thread took 1 milliseconds for processing 0 containers.
2019-08-29 08:17:42,365 | INFO  | SCMAudit | user=jenkins1000 | ip=192.168.34.54 | op=SEND_HEARTBEAT {datanodeUUID=4e66ed9b-7a7a-49e4-a069-f2e74814d405, command=[]} | ret=SUCCESS |  
2019-08-29 08:17:42,365 | INFO  | SCMAudit | user=jenkins1000 | ip=192.168.34.54 | op=SEND_HEARTBEAT {datanodeUUID=dba0a522-61fc-431c-9633-76c1b0451c6f, command=[]} | ret=SUCCESS |  
2019-08-29 08:17:42,375 [RATISCREATEPIPELINE1] ERROR pipeline.RatisPipelineProvider (RatisPipelineProvider.java:lambda$null$5(235)) - Failed invoke Ratis rpc org.apache.hadoop.hdds.scm.pipeline.RatisPipelineProvider$$Lambda$171/510276410@7e2a3957 for 62fbaf2b-c9dd-41a4-90d2-fdfdf099a3b1
org.apache.ratis.protocol.TimeoutIOException: deadline exceeded after 2949068551ns
	at org.apache.ratis.grpc.GrpcUtil.tryUnwrapException(GrpcUtil.java:82)
	at org.apache.ratis.grpc.GrpcUtil.unwrapException(GrpcUtil.java:75)
	at org.apache.ratis.grpc.client.GrpcClientProtocolClient.blockingCall(GrpcClientProtocolClient.java:169)
	at org.apache.ratis.grpc.client.GrpcClientProtocolClient.groupAdd(GrpcClientProtocolClient.java:138)
	at org.apache.ratis.grpc.client.GrpcClientRpc.sendRequest(GrpcClientRpc.java:94)
	at org.apache.ratis.client.impl.RaftClientImpl.sendRequest(RaftClientImpl.java:279)
	at org.apache.ratis.client.impl.RaftClientImpl.groupAdd(RaftClientImpl.java:206)
	at org.apache.hadoop.hdds.scm.pipeline.RatisPipelineProvider.lambda$initializePipeline$4(RatisPipelineProvider.java:194)
	at org.apache.hadoop.hdds.scm.pipeline.RatisPipelineProvider.lambda$null$5(RatisPipelineProvider.java:231)
	at java.util.stream.ForEachOps$ForEachOp$OfRef.accept(ForEachOps.java:184)
	at java.util.ArrayList$ArrayListSpliterator.forEachRemaining(ArrayList.java:1382)
	at java.util.stream.AbstractPipeline.copyInto(AbstractPipeline.java:482)
	at java.util.stream.ForEachOps$ForEachTask.compute(ForEachOps.java:291)
	at java.util.concurrent.CountedCompleter.exec(CountedCompleter.java:731)
	at java.util.concurrent.ForkJoinTask.doExec(ForkJoinTask.java:289)
	at java.util.concurrent.ForkJoinTask.doInvoke(ForkJoinTask.java:401)
	at java.util.concurrent.ForkJoinTask.invoke(ForkJoinTask.java:734)
	at java.util.stream.ForEachOps$ForEachOp.evaluateParallel(ForEachOps.java:160)
	at java.util.stream.ForEachOps$ForEachOp$OfRef.evaluateParallel(ForEachOps.java:174)
	at java.util.stream.AbstractPipeline.evaluate(AbstractPipeline.java:233)
	at java.util.stream.ReferencePipeline.forEach(ReferencePipeline.java:418)
	at java.util.stream.ReferencePipeline$Head.forEach(ReferencePipeline.java:583)
	at org.apache.hadoop.hdds.scm.pipeline.RatisPipelineProvider.lambda$callRatisRpc$6(RatisPipelineProvider.java:225)
	at java.util.concurrent.ForkJoinTask$AdaptedRunnableAction.exec(ForkJoinTask.java:1386)
	at java.util.concurrent.ForkJoinTask.doExec(ForkJoinTask.java:289)
	at java.util.concurrent.ForkJoinPool$WorkQueue.runTask(ForkJoinPool.java:1056)
	at java.util.concurrent.ForkJoinPool.runWorker(ForkJoinPool.java:1692)
	at java.util.concurrent.ForkJoinWorkerThread.run(ForkJoinWorkerThread.java:157)
Caused by: org.apache.ratis.thirdparty.io.grpc.StatusRuntimeException: DEADLINE_EXCEEDED: deadline exceeded after 2949068551ns
	at org.apache.ratis.thirdparty.io.grpc.stub.ClientCalls.toStatusRuntimeException(ClientCalls.java:233)
	at org.apache.ratis.thirdparty.io.grpc.stub.ClientCalls.getUnchecked(ClientCalls.java:214)
	at org.apache.ratis.thirdparty.io.grpc.stub.ClientCalls.blockingUnaryCall(ClientCalls.java:139)
	at org.apache.ratis.proto.grpc.AdminProtocolServiceGrpc$AdminProtocolServiceBlockingStub.groupManagement(AdminProtocolServiceGrpc.java:274)
	at org.apache.ratis.grpc.client.GrpcClientProtocolClient.lambda$groupAdd$3(GrpcClientProtocolClient.java:140)
	at org.apache.ratis.grpc.client.GrpcClientProtocolClient.blockingCall(GrpcClientProtocolClient.java:167)
	... 25 more
2019-08-29 08:17:42,443 [grpc-default-executor-2] INFO  impl.RaftServerProxy (RaftServerProxy.java:addNew(89)) - dd9a91c5-5c4b-4478-b7f7-3956f198c950: addNew group-68C63D44239F:[9b2222ce-dbb0-4da1-b31a-a52ba00795b8:192.168.34.54:34658, dd9a91c5-5c4b-4478-b7f7-3956f198c950:192.168.34.54:35600, 14879765-9127-45ba-89de-04712631aaf6:192.168.34.54:41705] returns group-68C63D44239F:java.util.concurrent.CompletableFuture@5986f298[Not completed]
2019-08-29 08:17:42,447 [grpc-default-executor-0] INFO  impl.RaftServerProxy (RaftServerProxy.java:addNew(89)) - 14879765-9127-45ba-89de-04712631aaf6: addNew group-68C63D44239F:[9b2222ce-dbb0-4da1-b31a-a52ba00795b8:192.168.34.54:34658, dd9a91c5-5c4b-4478-b7f7-3956f198c950:192.168.34.54:35600, 14879765-9127-45ba-89de-04712631aaf6:192.168.34.54:41705] returns group-68C63D44239F:java.util.concurrent.CompletableFuture@3ca06ea2[Not completed]
2019-08-29 08:17:42,447 [grpc-default-executor-1] INFO  impl.RaftServerProxy (RaftServerProxy.java:addNew(89)) - 9b2222ce-dbb0-4da1-b31a-a52ba00795b8: addNew group-68C63D44239F:[9b2222ce-dbb0-4da1-b31a-a52ba00795b8:192.168.34.54:34658, dd9a91c5-5c4b-4478-b7f7-3956f198c950:192.168.34.54:35600, 14879765-9127-45ba-89de-04712631aaf6:192.168.34.54:41705] returns group-68C63D44239F:java.util.concurrent.CompletableFuture@4404375[Not completed]
2019-08-29 08:17:42,498 [pool-60-thread-1] INFO  impl.RaftServerImpl (RaftServerImpl.java:<init>(93)) - dd9a91c5-5c4b-4478-b7f7-3956f198c950: new RaftServerImpl for group-68C63D44239F:[9b2222ce-dbb0-4da1-b31a-a52ba00795b8:192.168.34.54:34658, dd9a91c5-5c4b-4478-b7f7-3956f198c950:192.168.34.54:35600, 14879765-9127-45ba-89de-04712631aaf6:192.168.34.54:41705] with ContainerStateMachine:uninitialized
2019-08-29 08:17:42,499 [pool-60-thread-1] INFO  server.RaftServerConfigKeys (ConfUtils.java:logGet(43)) - raft.server.rpc.timeout.min = 5s (custom)
2019-08-29 08:17:42,509 [pool-60-thread-1] INFO  server.RaftServerConfigKeys (ConfUtils.java:logGet(43)) - raft.server.rpc.timeout.max = 5200ms (custom)
2019-08-29 08:17:42,509 [pool-60-thread-1] INFO  server.RaftServerConfigKeys (ConfUtils.java:logGet(43)) - raft.server.rpcslowness.timeout = 120s (custom)
2019-08-29 08:17:42,509 [pool-60-thread-1] INFO  server.RaftServerConfigKeys (ConfUtils.java:logGet(43)) - raft.server.sleep.deviation.threshold = 300 (default)
2019-08-29 08:17:42,509 [pool-60-thread-1] INFO  server.RaftServerConfigKeys (ConfUtils.java:logGet(43)) - raft.server.log.appender.install.snapshot.enabled = false (custom)
2019-08-29 08:17:42,509 [pool-60-thread-1] INFO  impl.RaftServerImpl (ServerState.java:<init>(105)) - dd9a91c5-5c4b-4478-b7f7-3956f198c950:group-68C63D44239F ConfigurationManager, init=-1: [9b2222ce-dbb0-4da1-b31a-a52ba00795b8:192.168.34.54:34658, dd9a91c5-5c4b-4478-b7f7-3956f198c950:192.168.34.54:35600, 14879765-9127-45ba-89de-04712631aaf6:192.168.34.54:41705], old=null, confs=<EMPTY_MAP>
2019-08-29 08:17:42,510 [pool-60-thread-1] INFO  server.RaftServerConfigKeys (ConfUtils.java:logGet(43)) - raft.server.storage.dir = [/workdir/hadoop-ozone/integration-test/target/test-dir/MiniOzoneClusterImpl-ef39a000-56f8-499f-ba54-08500adcb141/datanode-3/data/ratis] (custom)
2019-08-29 08:17:42,511 [pool-49-thread-1] INFO  impl.RaftServerImpl (RaftServerImpl.java:<init>(93)) - 14879765-9127-45ba-89de-04712631aaf6: new RaftServerImpl for group-68C63D44239F:[9b2222ce-dbb0-4da1-b31a-a52ba00795b8:192.168.34.54:34658, dd9a91c5-5c4b-4478-b7f7-3956f198c950:192.168.34.54:35600, 14879765-9127-45ba-89de-04712631aaf6:192.168.34.54:41705] with ContainerStateMachine:uninitialized
2019-08-29 08:17:42,511 [pool-60-thread-1] INFO  storage.RaftStorageDirectory (RaftStorageDirectory.java:analyzeStorage(246)) - The storage directory /workdir/hadoop-ozone/integration-test/target/test-dir/MiniOzoneClusterImpl-ef39a000-56f8-499f-ba54-08500adcb141/datanode-3/data/ratis/4ef31ae2-18fa-4c53-a5ec-68c63d44239f does not exist. Creating ...
2019-08-29 08:17:42,512 [pool-49-thread-1] INFO  server.RaftServerConfigKeys (ConfUtils.java:logGet(43)) - raft.server.rpc.timeout.min = 5s (custom)
2019-08-29 08:17:42,513 [pool-49-thread-1] INFO  server.RaftServerConfigKeys (ConfUtils.java:logGet(43)) - raft.server.rpc.timeout.max = 5200ms (custom)
2019-08-29 08:17:42,513 [pool-49-thread-1] INFO  server.RaftServerConfigKeys (ConfUtils.java:logGet(43)) - raft.server.rpcslowness.timeout = 120s (custom)
2019-08-29 08:17:42,513 [pool-49-thread-1] INFO  server.RaftServerConfigKeys (ConfUtils.java:logGet(43)) - raft.server.sleep.deviation.threshold = 300 (default)
2019-08-29 08:17:42,515 [pool-93-thread-1] INFO  impl.RaftServerImpl (RaftServerImpl.java:<init>(93)) - 9b2222ce-dbb0-4da1-b31a-a52ba00795b8: new RaftServerImpl for group-68C63D44239F:[9b2222ce-dbb0-4da1-b31a-a52ba00795b8:192.168.34.54:34658, dd9a91c5-5c4b-4478-b7f7-3956f198c950:192.168.34.54:35600, 14879765-9127-45ba-89de-04712631aaf6:192.168.34.54:41705] with ContainerStateMachine:uninitialized
2019-08-29 08:17:42,515 [pool-49-thread-1] INFO  server.RaftServerConfigKeys (ConfUtils.java:logGet(43)) - raft.server.log.appender.install.snapshot.enabled = false (custom)
2019-08-29 08:17:42,516 [pool-93-thread-1] INFO  server.RaftServerConfigKeys (ConfUtils.java:logGet(43)) - raft.server.rpc.timeout.min = 5s (custom)
2019-08-29 08:17:42,516 [pool-49-thread-1] INFO  impl.RaftServerImpl (ServerState.java:<init>(105)) - 14879765-9127-45ba-89de-04712631aaf6:group-68C63D44239F ConfigurationManager, init=-1: [9b2222ce-dbb0-4da1-b31a-a52ba00795b8:192.168.34.54:34658, dd9a91c5-5c4b-4478-b7f7-3956f198c950:192.168.34.54:35600, 14879765-9127-45ba-89de-04712631aaf6:192.168.34.54:41705], old=null, confs=<EMPTY_MAP>
2019-08-29 08:17:42,516 [pool-93-thread-1] INFO  server.RaftServerConfigKeys (ConfUtils.java:logGet(43)) - raft.server.rpc.timeout.max = 5200ms (custom)
2019-08-29 08:17:42,516 [pool-49-thread-1] INFO  server.RaftServerConfigKeys (ConfUtils.java:logGet(43)) - raft.server.storage.dir = [/workdir/hadoop-ozone/integration-test/target/test-dir/MiniOzoneClusterImpl-ef39a000-56f8-499f-ba54-08500adcb141/datanode-2/data/ratis] (custom)
2019-08-29 08:17:42,516 [pool-93-thread-1] INFO  server.RaftServerConfigKeys (ConfUtils.java:logGet(43)) - raft.server.rpcslowness.timeout = 120s (custom)
2019-08-29 08:17:42,517 [pool-93-thread-1] INFO  server.RaftServerConfigKeys (ConfUtils.java:logGet(43)) - raft.server.sleep.deviation.threshold = 300 (default)
2019-08-29 08:17:42,517 [pool-93-thread-1] INFO  server.RaftServerConfigKeys (ConfUtils.java:logGet(43)) - raft.server.log.appender.install.snapshot.enabled = false (custom)
2019-08-29 08:17:42,517 [pool-49-thread-1] INFO  storage.RaftStorageDirectory (RaftStorageDirectory.java:analyzeStorage(246)) - The storage directory /workdir/hadoop-ozone/integration-test/target/test-dir/MiniOzoneClusterImpl-ef39a000-56f8-499f-ba54-08500adcb141/datanode-2/data/ratis/4ef31ae2-18fa-4c53-a5ec-68c63d44239f does not exist. Creating ...
2019-08-29 08:17:42,517 [pool-93-thread-1] INFO  impl.RaftServerImpl (ServerState.java:<init>(105)) - 9b2222ce-dbb0-4da1-b31a-a52ba00795b8:group-68C63D44239F ConfigurationManager, init=-1: [9b2222ce-dbb0-4da1-b31a-a52ba00795b8:192.168.34.54:34658, dd9a91c5-5c4b-4478-b7f7-3956f198c950:192.168.34.54:35600, 14879765-9127-45ba-89de-04712631aaf6:192.168.34.54:41705], old=null, confs=<EMPTY_MAP>
2019-08-29 08:17:42,517 [pool-93-thread-1] INFO  server.RaftServerConfigKeys (ConfUtils.java:logGet(43)) - raft.server.storage.dir = [/workdir/hadoop-ozone/integration-test/target/test-dir/MiniOzoneClusterImpl-ef39a000-56f8-499f-ba54-08500adcb141/datanode-6/data/ratis] (custom)
2019-08-29 08:17:42,518 [pool-93-thread-1] INFO  storage.RaftStorageDirectory (RaftStorageDirectory.java:analyzeStorage(246)) - The storage directory /workdir/hadoop-ozone/integration-test/target/test-dir/MiniOzoneClusterImpl-ef39a000-56f8-499f-ba54-08500adcb141/datanode-6/data/ratis/4ef31ae2-18fa-4c53-a5ec-68c63d44239f does not exist. Creating ...
2019-08-29 08:17:42,567 | INFO  | SCMAudit | user=jenkins1000 | ip=192.168.34.54 | op=SEND_HEARTBEAT {datanodeUUID=9b2222ce-dbb0-4da1-b31a-a52ba00795b8, command=[]} | ret=SUCCESS |  
2019-08-29 08:17:42,590 [pool-27-thread-1] INFO  storage.RaftStorage (RaftStorage.java:format(72)) - Storage directory /workdir/hadoop-ozone/integration-test/target/test-dir/MiniOzoneClusterImpl-ef39a000-56f8-499f-ba54-08500adcb141/datanode-0/data/ratis/6bdbb6e9-2eaf-4143-a03e-def757ef0df5 has been successfully formatted.
2019-08-29 08:17:42,594 [pool-27-thread-1] INFO  ratis.ContainerStateMachine (ContainerStateMachine.java:loadSnapshot(226)) - group-DEF757EF0DF5: The snapshot info is null. Setting the last applied indexto:(t:0, i:~)
2019-08-29 08:17:42,594 [pool-27-thread-1] INFO  server.RaftServerConfigKeys (ConfUtils.java:logGet(43)) - raft.server.leader.election.timeout = 120s (custom)
2019-08-29 08:17:42,597 [pool-27-thread-1] INFO  server.RaftServerConfigKeys (ConfUtils.java:logGet(43)) - raft.server.log.use.memory = false (default)
2019-08-29 08:17:42,604 [pool-27-thread-1] INFO  server.RaftServerConfigKeys (ConfUtils.java:logGet(43)) - raft.server.log.purge.gap = 1000000 (custom)
2019-08-29 08:17:42,604 [pool-27-thread-1] INFO  server.RaftServerConfigKeys (ConfUtils.java:logGet(43)) - raft.server.log.appender.buffer.byte-limit = 33554432 (custom)
2019-08-29 08:17:42,606 [pool-27-thread-1] INFO  server.RaftServerConfigKeys (ConfUtils.java:logGet(43)) - raft.server.log.segment.size.max = 1048576 (custom)
2019-08-29 08:17:42,610 [pool-27-thread-1] INFO  server.RaftServerConfigKeys (ConfUtils.java:logGet(43)) - raft.server.log.segment.cache.num.max = 2 (custom)
2019-08-29 08:17:42,616 [pool-27-thread-1] INFO  segmented.SegmentedRaftLogWorker (SegmentedRaftLogWorker.java:<init>(172)) - new 62fbaf2b-c9dd-41a4-90d2-fdfdf099a3b1-SegmentedRaftLogWorker:Storage Directory /workdir/hadoop-ozone/integration-test/target/test-dir/MiniOzoneClusterImpl-ef39a000-56f8-499f-ba54-08500adcb141/datanode-0/data/ratis/6bdbb6e9-2eaf-4143-a03e-def757ef0df5 for RaftStorage:Storage Directory /workdir/hadoop-ozone/integration-test/target/test-dir/MiniOzoneClusterImpl-ef39a000-56f8-499f-ba54-08500adcb141/datanode-0/data/ratis/6bdbb6e9-2eaf-4143-a03e-def757ef0df5
2019-08-29 08:17:42,628 [pool-27-thread-1] INFO  server.RaftServerConfigKeys (ConfUtils.java:logGet(43)) - raft.server.log.queue.byte-limit = 2147483647 (custom)
2019-08-29 08:17:42,628 [pool-27-thread-1] INFO  server.RaftServerConfigKeys (ConfUtils.java:logGet(43)) - raft.server.log.queue.element-limit = 1024 (custom)
2019-08-29 08:17:42,633 [pool-27-thread-1] INFO  server.RaftServerConfigKeys (ConfUtils.java:logGet(43)) - raft.server.log.segment.size.max = 1048576 (custom)
2019-08-29 08:17:42,634 [pool-27-thread-1] INFO  server.RaftServerConfigKeys (ConfUtils.java:logGet(43)) - raft.server.log.preallocated.size = 16384 (custom)
2019-08-29 08:17:42,634 [pool-27-thread-1] INFO  server.RaftServerConfigKeys (ConfUtils.java:logGet(43)) - raft.server.log.write.buffer.size = 33554432 (custom)
2019-08-29 08:17:42,634 [pool-27-thread-1] INFO  server.RaftServerConfigKeys (ConfUtils.java:logGet(43)) - raft.server.log.force.sync.num = 128 (default)
2019-08-29 08:17:42,635 [pool-27-thread-1] INFO  server.RaftServerConfigKeys (ConfUtils.java:logGet(43)) - raft.server.log.statemachine.data.sync = true (default)
2019-08-29 08:17:42,636 [pool-27-thread-1] INFO  server.RaftServerConfigKeys (ConfUtils.java:logGet(43)) - raft.server.log.statemachine.data.sync.timeout = 10s (default)
2019-08-29 08:17:42,636 [pool-27-thread-1] INFO  server.RaftServerConfigKeys (ConfUtils.java:logGet(43)) - raft.server.log.statemachine.data.sync.timeout.retry = -1 (default)
2019-08-29 08:17:42,644 [pool-27-thread-1] INFO  server.RaftServerConfigKeys (ConfUtils.java:logGet(43)) - raft.server.log.statemachine.data.caching.enabled = true (custom)
2019-08-29 08:17:42,649 [pool-27-thread-1] INFO  segmented.SegmentedRaftLogWorker (SegmentedRaftLogWorker.java:lambda$new$0(132)) - 62fbaf2b-c9dd-41a4-90d2-fdfdf099a3b1-SegmentedRaftLogWorker:Storage Directory /workdir/hadoop-ozone/integration-test/target/test-dir/MiniOzoneClusterImpl-ef39a000-56f8-499f-ba54-08500adcb141/datanode-0/data/ratis/6bdbb6e9-2eaf-4143-a03e-def757ef0df5: flushIndex: setUnconditionally 0 -> -1
2019-08-29 08:17:42,653 [pool-27-thread-1] INFO  server.RaftServerConfigKeys (ConfUtils.java:logGet(43)) - raft.server.snapshot.auto.trigger.enabled = true (custom)
2019-08-29 08:17:42,653 [pool-27-thread-1] INFO  server.RaftServerConfigKeys (ConfUtils.java:logGet(43)) - raft.server.snapshot.auto.trigger.threshold = 10000 (custom)
2019-08-29 08:17:42,654 [pool-27-thread-1] INFO  server.RaftServerConfigKeys (ConfUtils.java:logGet(43)) - raft.server.retrycache.expirytime = 600000ms (custom)
2019-08-29 08:17:42,673 [pool-27-thread-1] INFO  impl.RaftServerImpl (RaftServerImpl.java:start(180)) - 62fbaf2b-c9dd-41a4-90d2-fdfdf099a3b1: start group-DEF757EF0DF5
2019-08-29 08:17:42,674 [pool-27-thread-1] INFO  impl.RaftServerImpl (RaftServerImpl.java:setRole(171)) - 62fbaf2b-c9dd-41a4-90d2-fdfdf099a3b1:group-DEF757EF0DF5 changes role from null to FOLLOWER at term 0 for startAsFollower
2019-08-29 08:17:42,675 [pool-27-thread-1] INFO  impl.RoleInfo (RoleInfo.java:updateAndGet(143)) - 62fbaf2b-c9dd-41a4-90d2-fdfdf099a3b1: start FollowerState
2019-08-29 08:17:42,677 [pool-27-thread-1] INFO  util.JmxRegister (JmxRegister.java:tryRegister(44)) - Successfully registered JMX Bean with object name Ratis:service=RaftServer,group=group-DEF757EF0DF5,id=62fbaf2b-c9dd-41a4-90d2-fdfdf099a3b1
2019-08-29 08:17:42,822 | INFO  | SCMAudit | user=jenkins1000 | ip=192.168.34.54 | op=SEND_HEARTBEAT {datanodeUUID=14879765-9127-45ba-89de-04712631aaf6, command=[]} | ret=SUCCESS |  
2019-08-29 08:17:42,869 | INFO  | SCMAudit | user=jenkins1000 | ip=192.168.34.54 | op=SEND_HEARTBEAT {datanodeUUID=dd9a91c5-5c4b-4478-b7f7-3956f198c950, command=[]} | ret=SUCCESS |  
2019-08-29 08:17:43,090 | INFO  | SCMAudit | user=jenkins1000 | ip=192.168.34.54 | op=SEND_HEARTBEAT {datanodeUUID=84674177-5820-4a0b-9345-463c27e4b0c8, command=[]} | ret=SUCCESS |  
2019-08-29 08:17:43,119 | INFO  | SCMAudit | user=jenkins1000 | ip=192.168.34.54 | op=SEND_HEARTBEAT {datanodeUUID=62fbaf2b-c9dd-41a4-90d2-fdfdf099a3b1, command=[]} | ret=SUCCESS |  
2019-08-29 08:17:43,326 [pool-60-thread-1] INFO  storage.RaftStorageDirectory (RaftStorageDirectory.java:tryLock(328)) - Lock on /workdir/hadoop-ozone/integration-test/target/test-dir/MiniOzoneClusterImpl-ef39a000-56f8-499f-ba54-08500adcb141/datanode-3/data/ratis/4ef31ae2-18fa-4c53-a5ec-68c63d44239f/in_use.lock acquired by nodename 28333@pr-hdds-1553-zhl8q-89899572
2019-08-29 08:17:43,328 [pool-93-thread-1] INFO  storage.RaftStorageDirectory (RaftStorageDirectory.java:tryLock(328)) - Lock on /workdir/hadoop-ozone/integration-test/target/test-dir/MiniOzoneClusterImpl-ef39a000-56f8-499f-ba54-08500adcb141/datanode-6/data/ratis/4ef31ae2-18fa-4c53-a5ec-68c63d44239f/in_use.lock acquired by nodename 28333@pr-hdds-1553-zhl8q-89899572
2019-08-29 08:17:43,326 [pool-49-thread-1] INFO  storage.RaftStorageDirectory (RaftStorageDirectory.java:tryLock(328)) - Lock on /workdir/hadoop-ozone/integration-test/target/test-dir/MiniOzoneClusterImpl-ef39a000-56f8-499f-ba54-08500adcb141/datanode-2/data/ratis/4ef31ae2-18fa-4c53-a5ec-68c63d44239f/in_use.lock acquired by nodename 28333@pr-hdds-1553-zhl8q-89899572
2019-08-29 08:17:43,366 | INFO  | SCMAudit | user=jenkins1000 | ip=192.168.34.54 | op=SEND_HEARTBEAT {datanodeUUID=dba0a522-61fc-431c-9633-76c1b0451c6f, command=[]} | ret=SUCCESS |  
2019-08-29 08:17:43,366 | INFO  | SCMAudit | user=jenkins1000 | ip=192.168.34.54 | op=SEND_HEARTBEAT {datanodeUUID=4e66ed9b-7a7a-49e4-a069-f2e74814d405, command=[]} | ret=SUCCESS |  
2019-08-29 08:17:43,568 | INFO  | SCMAudit | user=jenkins1000 | ip=192.168.34.54 | op=SEND_HEARTBEAT {datanodeUUID=9b2222ce-dbb0-4da1-b31a-a52ba00795b8, command=[]} | ret=SUCCESS |  
2019-08-29 08:17:43,829 | INFO  | SCMAudit | user=jenkins1000 | ip=192.168.34.54 | op=SEND_HEARTBEAT {datanodeUUID=14879765-9127-45ba-89de-04712631aaf6, command=[]} | ret=SUCCESS |  
2019-08-29 08:17:43,867 | INFO  | SCMAudit | user=jenkins1000 | ip=192.168.34.54 | op=SEND_HEARTBEAT {datanodeUUID=dd9a91c5-5c4b-4478-b7f7-3956f198c950, command=[]} | ret=SUCCESS |  
2019-08-29 08:17:44,088 | INFO  | SCMAudit | user=jenkins1000 | ip=192.168.34.54 | op=SEND_HEARTBEAT {datanodeUUID=84674177-5820-4a0b-9345-463c27e4b0c8, command=[]} | ret=SUCCESS |  
2019-08-29 08:17:44,117 | INFO  | SCMAudit | user=jenkins1000 | ip=192.168.34.54 | op=SEND_HEARTBEAT {datanodeUUID=62fbaf2b-c9dd-41a4-90d2-fdfdf099a3b1, command=[]} | ret=SUCCESS |  
2019-08-29 08:17:44,361 | INFO  | SCMAudit | user=jenkins1000 | ip=192.168.34.54 | op=SEND_HEARTBEAT {datanodeUUID=dba0a522-61fc-431c-9633-76c1b0451c6f, command=[]} | ret=SUCCESS |  
2019-08-29 08:17:44,361 | INFO  | SCMAudit | user=jenkins1000 | ip=192.168.34.54 | op=SEND_HEARTBEAT {datanodeUUID=4e66ed9b-7a7a-49e4-a069-f2e74814d405, command=[]} | ret=SUCCESS |  
2019-08-29 08:17:44,566 | INFO  | SCMAudit | user=jenkins1000 | ip=192.168.34.54 | op=SEND_HEARTBEAT {datanodeUUID=9b2222ce-dbb0-4da1-b31a-a52ba00795b8, command=[]} | ret=SUCCESS |  
2019-08-29 08:17:44,819 | INFO  | SCMAudit | user=jenkins1000 | ip=192.168.34.54 | op=SEND_HEARTBEAT {datanodeUUID=14879765-9127-45ba-89de-04712631aaf6, command=[]} | ret=SUCCESS |  
2019-08-29 08:17:44,867 | INFO  | SCMAudit | user=jenkins1000 | ip=192.168.34.54 | op=SEND_HEARTBEAT {datanodeUUID=dd9a91c5-5c4b-4478-b7f7-3956f198c950, command=[]} | ret=SUCCESS |  
2019-08-29 08:17:45,089 | INFO  | SCMAudit | user=jenkins1000 | ip=192.168.34.54 | op=SEND_HEARTBEAT {datanodeUUID=84674177-5820-4a0b-9345-463c27e4b0c8, command=[]} | ret=SUCCESS |  
2019-08-29 08:17:45,117 | INFO  | SCMAudit | user=jenkins1000 | ip=192.168.34.54 | op=SEND_HEARTBEAT {datanodeUUID=62fbaf2b-c9dd-41a4-90d2-fdfdf099a3b1, command=[]} | ret=SUCCESS |  
2019-08-29 08:17:45,362 | INFO  | SCMAudit | user=jenkins1000 | ip=192.168.34.54 | op=SEND_HEARTBEAT {datanodeUUID=4e66ed9b-7a7a-49e4-a069-f2e74814d405, command=[]} | ret=SUCCESS |  
2019-08-29 08:17:45,362 | INFO  | SCMAudit | user=jenkins1000 | ip=192.168.34.54 | op=SEND_HEARTBEAT {datanodeUUID=dba0a522-61fc-431c-9633-76c1b0451c6f, command=[]} | ret=SUCCESS |  
2019-08-29 08:17:45,397 [RATISCREATEPIPELINE1] ERROR pipeline.RatisPipelineProvider (RatisPipelineProvider.java:lambda$null$5(235)) - Failed invoke Ratis rpc org.apache.hadoop.hdds.scm.pipeline.RatisPipelineProvider$$Lambda$171/510276410@7f4d9150 for dd9a91c5-5c4b-4478-b7f7-3956f198c950
org.apache.ratis.protocol.TimeoutIOException: deadline exceeded after 2997767094ns
	at org.apache.ratis.grpc.GrpcUtil.tryUnwrapException(GrpcUtil.java:82)
	at org.apache.ratis.grpc.GrpcUtil.unwrapException(GrpcUtil.java:75)
	at org.apache.ratis.grpc.client.GrpcClientProtocolClient.blockingCall(GrpcClientProtocolClient.java:169)
	at org.apache.ratis.grpc.client.GrpcClientProtocolClient.groupAdd(GrpcClientProtocolClient.java:138)
	at org.apache.ratis.grpc.client.GrpcClientRpc.sendRequest(GrpcClientRpc.java:94)
	at org.apache.ratis.client.impl.RaftClientImpl.sendRequest(RaftClientImpl.java:279)
	at org.apache.ratis.client.impl.RaftClientImpl.groupAdd(RaftClientImpl.java:206)
	at org.apache.hadoop.hdds.scm.pipeline.RatisPipelineProvider.lambda$initializePipeline$4(RatisPipelineProvider.java:194)
	at org.apache.hadoop.hdds.scm.pipeline.RatisPipelineProvider.lambda$null$5(RatisPipelineProvider.java:231)
	at java.util.stream.ForEachOps$ForEachOp$OfRef.accept(ForEachOps.java:184)
	at java.util.ArrayList$ArrayListSpliterator.forEachRemaining(ArrayList.java:1382)
	at java.util.stream.AbstractPipeline.copyInto(AbstractPipeline.java:482)
	at java.util.stream.ForEachOps$ForEachTask.compute(ForEachOps.java:291)
	at java.util.concurrent.CountedCompleter.exec(CountedCompleter.java:731)
	at java.util.concurrent.ForkJoinTask.doExec(ForkJoinTask.java:289)
	at java.util.concurrent.ForkJoinTask.doInvoke(ForkJoinTask.java:401)
	at java.util.concurrent.ForkJoinTask.invoke(ForkJoinTask.java:734)
	at java.util.stream.ForEachOps$ForEachOp.evaluateParallel(ForEachOps.java:160)
	at java.util.stream.ForEachOps$ForEachOp$OfRef.evaluateParallel(ForEachOps.java:174)
	at java.util.stream.AbstractPipeline.evaluate(AbstractPipeline.java:233)
	at java.util.stream.ReferencePipeline.forEach(ReferencePipeline.java:418)
	at java.util.stream.ReferencePipeline$Head.forEach(ReferencePipeline.java:583)
	at org.apache.hadoop.hdds.scm.pipeline.RatisPipelineProvider.lambda$callRatisRpc$6(RatisPipelineProvider.java:225)
	at java.util.concurrent.ForkJoinTask$AdaptedRunnableAction.exec(ForkJoinTask.java:1386)
	at java.util.concurrent.ForkJoinTask.doExec(ForkJoinTask.java:289)
	at java.util.concurrent.ForkJoinPool$WorkQueue.runTask(ForkJoinPool.java:1056)
	at java.util.concurrent.ForkJoinPool.runWorker(ForkJoinPool.java:1692)
	at java.util.concurrent.ForkJoinWorkerThread.run(ForkJoinWorkerThread.java:157)
Caused by: org.apache.ratis.thirdparty.io.grpc.StatusRuntimeException: DEADLINE_EXCEEDED: deadline exceeded after 2997767094ns
	at org.apache.ratis.thirdparty.io.grpc.stub.ClientCalls.toStatusRuntimeException(ClientCalls.java:233)
	at org.apache.ratis.thirdparty.io.grpc.stub.ClientCalls.getUnchecked(ClientCalls.java:214)
	at org.apache.ratis.thirdparty.io.grpc.stub.ClientCalls.blockingUnaryCall(ClientCalls.java:139)
	at org.apache.ratis.proto.grpc.AdminProtocolServiceGrpc$AdminProtocolServiceBlockingStub.groupManagement(AdminProtocolServiceGrpc.java:274)
	at org.apache.ratis.grpc.client.GrpcClientProtocolClient.lambda$groupAdd$3(GrpcClientProtocolClient.java:140)
	at org.apache.ratis.grpc.client.GrpcClientProtocolClient.blockingCall(GrpcClientProtocolClient.java:167)
	... 25 more
2019-08-29 08:17:45,403 [RATISCREATEPIPELINE3] ERROR pipeline.RatisPipelineProvider (RatisPipelineProvider.java:lambda$null$5(235)) - Failed invoke Ratis rpc org.apache.hadoop.hdds.scm.pipeline.RatisPipelineProvider$$Lambda$171/510276410@7f4d9150 for 14879765-9127-45ba-89de-04712631aaf6
org.apache.ratis.protocol.TimeoutIOException: deadline exceeded after 2994261533ns
	at org.apache.ratis.grpc.GrpcUtil.tryUnwrapException(GrpcUtil.java:82)
	at org.apache.ratis.grpc.GrpcUtil.unwrapException(GrpcUtil.java:75)
	at org.apache.ratis.grpc.client.GrpcClientProtocolClient.blockingCall(GrpcClientProtocolClient.java:169)
	at org.apache.ratis.grpc.client.GrpcClientProtocolClient.groupAdd(GrpcClientProtocolClient.java:138)
	at org.apache.ratis.grpc.client.GrpcClientRpc.sendRequest(GrpcClientRpc.java:94)
	at org.apache.ratis.client.impl.RaftClientImpl.sendRequest(RaftClientImpl.java:279)
	at org.apache.ratis.client.impl.RaftClientImpl.groupAdd(RaftClientImpl.java:206)
	at org.apache.hadoop.hdds.scm.pipeline.RatisPipelineProvider.lambda$initializePipeline$4(RatisPipelineProvider.java:194)
	at org.apache.hadoop.hdds.scm.pipeline.RatisPipelineProvider.lambda$null$5(RatisPipelineProvider.java:231)
	at java.util.stream.ForEachOps$ForEachOp$OfRef.accept(ForEachOps.java:184)
	at java.util.ArrayList$ArrayListSpliterator.forEachRemaining(ArrayList.java:1382)
	at java.util.stream.AbstractPipeline.copyInto(AbstractPipeline.java:482)
	at java.util.stream.ForEachOps$ForEachTask.compute(ForEachOps.java:291)
	at java.util.concurrent.CountedCompleter.exec(CountedCompleter.java:731)
	at java.util.concurrent.ForkJoinTask.doExec(ForkJoinTask.java:289)
	at java.util.concurrent.ForkJoinPool$WorkQueue.runTask(ForkJoinPool.java:1056)
	at java.util.concurrent.ForkJoinPool.runWorker(ForkJoinPool.java:1692)
	at java.util.concurrent.ForkJoinWorkerThread.run(ForkJoinWorkerThread.java:157)
Caused by: org.apache.ratis.thirdparty.io.grpc.StatusRuntimeException: DEADLINE_EXCEEDED: deadline exceeded after 2994261533ns
	at org.apache.ratis.thirdparty.io.grpc.stub.ClientCalls.toStatusRuntimeException(ClientCalls.java:233)
	at org.apache.ratis.thirdparty.io.grpc.stub.ClientCalls.getUnchecked(ClientCalls.java:214)
	at org.apache.ratis.thirdparty.io.grpc.stub.ClientCalls.blockingUnaryCall(ClientCalls.java:139)
	at org.apache.ratis.proto.grpc.AdminProtocolServiceGrpc$AdminProtocolServiceBlockingStub.groupManagement(AdminProtocolServiceGrpc.java:274)
	at org.apache.ratis.grpc.client.GrpcClientProtocolClient.lambda$groupAdd$3(GrpcClientProtocolClient.java:140)
	at org.apache.ratis.grpc.client.GrpcClientProtocolClient.blockingCall(GrpcClientProtocolClient.java:167)
	... 15 more
2019-08-29 08:17:45,399 [RATISCREATEPIPELINE2] ERROR pipeline.RatisPipelineProvider (RatisPipelineProvider.java:lambda$null$5(235)) - Failed invoke Ratis rpc org.apache.hadoop.hdds.scm.pipeline.RatisPipelineProvider$$Lambda$171/510276410@7f4d9150 for 9b2222ce-dbb0-4da1-b31a-a52ba00795b8
org.apache.ratis.protocol.TimeoutIOException: deadline exceeded after 2997979547ns
	at org.apache.ratis.grpc.GrpcUtil.tryUnwrapException(GrpcUtil.java:82)
	at org.apache.ratis.grpc.GrpcUtil.unwrapException(GrpcUtil.java:75)
	at org.apache.ratis.grpc.client.GrpcClientProtocolClient.blockingCall(GrpcClientProtocolClient.java:169)
	at org.apache.ratis.grpc.client.GrpcClientProtocolClient.groupAdd(GrpcClientProtocolClient.java:138)
	at org.apache.ratis.grpc.client.GrpcClientRpc.sendRequest(GrpcClientRpc.java:94)
	at org.apache.ratis.client.impl.RaftClientImpl.sendRequest(RaftClientImpl.java:279)
	at org.apache.ratis.client.impl.RaftClientImpl.groupAdd(RaftClientImpl.java:206)
	at org.apache.hadoop.hdds.scm.pipeline.RatisPipelineProvider.lambda$initializePipeline$4(RatisPipelineProvider.java:194)
	at org.apache.hadoop.hdds.scm.pipeline.RatisPipelineProvider.lambda$null$5(RatisPipelineProvider.java:231)
	at java.util.stream.ForEachOps$ForEachOp$OfRef.accept(ForEachOps.java:184)
	at java.util.ArrayList$ArrayListSpliterator.forEachRemaining(ArrayList.java:1382)
	at java.util.stream.AbstractPipeline.copyInto(AbstractPipeline.java:482)
	at java.util.stream.ForEachOps$ForEachTask.compute(ForEachOps.java:291)
	at java.util.concurrent.CountedCompleter.exec(CountedCompleter.java:731)
	at java.util.concurrent.ForkJoinTask.doExec(ForkJoinTask.java:289)
	at java.util.concurrent.ForkJoinPool$WorkQueue.runTask(ForkJoinPool.java:1056)
	at java.util.concurrent.ForkJoinPool.runWorker(ForkJoinPool.java:1692)
	at java.util.concurrent.ForkJoinWorkerThread.run(ForkJoinWorkerThread.java:157)
Caused by: org.apache.ratis.thirdparty.io.grpc.StatusRuntimeException: DEADLINE_EXCEEDED: deadline exceeded after 2997979547ns
	at org.apache.ratis.thirdparty.io.grpc.stub.ClientCalls.toStatusRuntimeException(ClientCalls.java:233)
	at org.apache.ratis.thirdparty.io.grpc.stub.ClientCalls.getUnchecked(ClientCalls.java:214)
	at org.apache.ratis.thirdparty.io.grpc.stub.ClientCalls.blockingUnaryCall(ClientCalls.java:139)
	at org.apache.ratis.proto.grpc.AdminProtocolServiceGrpc$AdminProtocolServiceBlockingStub.groupManagement(AdminProtocolServiceGrpc.java:274)
	at org.apache.ratis.grpc.client.GrpcClientProtocolClient.lambda$groupAdd$3(GrpcClientProtocolClient.java:140)
	at org.apache.ratis.grpc.client.GrpcClientProtocolClient.blockingCall(GrpcClientProtocolClient.java:167)
	... 15 more
2019-08-29 08:17:45,439 [grpc-default-executor-0] INFO  impl.RaftServerProxy (RaftServerProxy.java:addNew(89)) - 9b2222ce-dbb0-4da1-b31a-a52ba00795b8: addNew group-91C7A3B7E451:[9b2222ce-dbb0-4da1-b31a-a52ba00795b8:192.168.34.54:34658] returns group-91C7A3B7E451:java.util.concurrent.CompletableFuture@1ffc2643[Not completed]
2019-08-29 08:17:45,565 | INFO  | SCMAudit | user=jenkins1000 | ip=192.168.34.54 | op=SEND_HEARTBEAT {datanodeUUID=9b2222ce-dbb0-4da1-b31a-a52ba00795b8, command=[]} | ret=SUCCESS |  
2019-08-29 08:17:45,819 | INFO  | SCMAudit | user=jenkins1000 | ip=192.168.34.54 | op=SEND_HEARTBEAT {datanodeUUID=14879765-9127-45ba-89de-04712631aaf6, command=[]} | ret=SUCCESS |  
2019-08-29 08:17:45,868 | INFO  | SCMAudit | user=jenkins1000 | ip=192.168.34.54 | op=SEND_HEARTBEAT {datanodeUUID=dd9a91c5-5c4b-4478-b7f7-3956f198c950, command=[]} | ret=SUCCESS |  
2019-08-29 08:17:46,088 | INFO  | SCMAudit | user=jenkins1000 | ip=192.168.34.54 | op=SEND_HEARTBEAT {datanodeUUID=84674177-5820-4a0b-9345-463c27e4b0c8, command=[]} | ret=SUCCESS |  
2019-08-29 08:17:46,117 | INFO  | SCMAudit | user=jenkins1000 | ip=192.168.34.54 | op=SEND_HEARTBEAT {datanodeUUID=62fbaf2b-c9dd-41a4-90d2-fdfdf099a3b1, command=[]} | ret=SUCCESS |  
2019-08-29 08:17:46,361 | INFO  | SCMAudit | user=jenkins1000 | ip=192.168.34.54 | op=SEND_HEARTBEAT {datanodeUUID=dba0a522-61fc-431c-9633-76c1b0451c6f, command=[]} | ret=SUCCESS |  
2019-08-29 08:17:46,361 | INFO  | SCMAudit | user=jenkins1000 | ip=192.168.34.54 | op=SEND_HEARTBEAT {datanodeUUID=4e66ed9b-7a7a-49e4-a069-f2e74814d405, command=[]} | ret=SUCCESS |  
2019-08-29 08:17:46,567 | INFO  | SCMAudit | user=jenkins1000 | ip=192.168.34.54 | op=SEND_HEARTBEAT {datanodeUUID=9b2222ce-dbb0-4da1-b31a-a52ba00795b8, command=[]} | ret=SUCCESS |  
2019-08-29 08:17:46,819 | INFO  | SCMAudit | user=jenkins1000 | ip=192.168.34.54 | op=SEND_HEARTBEAT {datanodeUUID=14879765-9127-45ba-89de-04712631aaf6, command=[]} | ret=SUCCESS |  
2019-08-29 08:17:46,869 | INFO  | SCMAudit | user=jenkins1000 | ip=192.168.34.54 | op=SEND_HEARTBEAT {datanodeUUID=dd9a91c5-5c4b-4478-b7f7-3956f198c950, command=[]} | ret=SUCCESS |  
2019-08-29 08:17:47,089 | INFO  | SCMAudit | user=jenkins1000 | ip=192.168.34.54 | op=SEND_HEARTBEAT {datanodeUUID=84674177-5820-4a0b-9345-463c27e4b0c8, command=[]} | ret=SUCCESS |  
2019-08-29 08:17:47,117 | INFO  | SCMAudit | user=jenkins1000 | ip=192.168.34.54 | op=SEND_HEARTBEAT {datanodeUUID=62fbaf2b-c9dd-41a4-90d2-fdfdf099a3b1, command=[]} | ret=SUCCESS |  
2019-08-29 08:17:47,361 | INFO  | SCMAudit | user=jenkins1000 | ip=192.168.34.54 | op=SEND_HEARTBEAT {datanodeUUID=dba0a522-61fc-431c-9633-76c1b0451c6f, command=[]} | ret=SUCCESS |  
2019-08-29 08:17:47,361 | INFO  | SCMAudit | user=jenkins1000 | ip=192.168.34.54 | op=SEND_HEARTBEAT {datanodeUUID=4e66ed9b-7a7a-49e4-a069-f2e74814d405, command=[]} | ret=SUCCESS |  
2019-08-29 08:17:47,567 | INFO  | SCMAudit | user=jenkins1000 | ip=192.168.34.54 | op=SEND_HEARTBEAT {datanodeUUID=9b2222ce-dbb0-4da1-b31a-a52ba00795b8, command=[]} | ret=SUCCESS |  
2019-08-29 08:17:47,632 [pool-49-thread-1] INFO  storage.RaftStorage (RaftStorage.java:format(72)) - Storage directory /workdir/hadoop-ozone/integration-test/target/test-dir/MiniOzoneClusterImpl-ef39a000-56f8-499f-ba54-08500adcb141/datanode-2/data/ratis/4ef31ae2-18fa-4c53-a5ec-68c63d44239f has been successfully formatted.
2019-08-29 08:17:47,632 [pool-93-thread-1] INFO  storage.RaftStorage (RaftStorage.java:format(72)) - Storage directory /workdir/hadoop-ozone/integration-test/target/test-dir/MiniOzoneClusterImpl-ef39a000-56f8-499f-ba54-08500adcb141/datanode-6/data/ratis/4ef31ae2-18fa-4c53-a5ec-68c63d44239f has been successfully formatted.
2019-08-29 08:17:47,632 [pool-60-thread-1] INFO  storage.RaftStorage (RaftStorage.java:format(72)) - Storage directory /workdir/hadoop-ozone/integration-test/target/test-dir/MiniOzoneClusterImpl-ef39a000-56f8-499f-ba54-08500adcb141/datanode-3/data/ratis/4ef31ae2-18fa-4c53-a5ec-68c63d44239f has been successfully formatted.
2019-08-29 08:17:47,635 [pool-49-thread-1] INFO  ratis.ContainerStateMachine (ContainerStateMachine.java:loadSnapshot(226)) - group-68C63D44239F: The snapshot info is null. Setting the last applied indexto:(t:0, i:~)
2019-08-29 08:17:47,637 [pool-60-thread-1] INFO  ratis.ContainerStateMachine (ContainerStateMachine.java:loadSnapshot(226)) - group-68C63D44239F: The snapshot info is null. Setting the last applied indexto:(t:0, i:~)
2019-08-29 08:17:47,638 [pool-49-thread-1] INFO  server.RaftServerConfigKeys (ConfUtils.java:logGet(43)) - raft.server.leader.election.timeout = 120s (custom)
2019-08-29 08:17:47,635 [pool-93-thread-1] INFO  ratis.ContainerStateMachine (ContainerStateMachine.java:loadSnapshot(226)) - group-68C63D44239F: The snapshot info is null. Setting the last applied indexto:(t:0, i:~)
2019-08-29 08:17:47,638 [pool-49-thread-1] INFO  server.RaftServerConfigKeys (ConfUtils.java:logGet(43)) - raft.server.log.use.memory = false (default)
2019-08-29 08:17:47,638 [pool-60-thread-1] INFO  server.RaftServerConfigKeys (ConfUtils.java:logGet(43)) - raft.server.leader.election.timeout = 120s (custom)
2019-08-29 08:17:47,638 [pool-49-thread-1] INFO  server.RaftServerConfigKeys (ConfUtils.java:logGet(43)) - raft.server.log.purge.gap = 1000000 (custom)
2019-08-29 08:17:47,638 [pool-93-thread-1] INFO  server.RaftServerConfigKeys (ConfUtils.java:logGet(43)) - raft.server.leader.election.timeout = 120s (custom)
2019-08-29 08:17:47,638 [pool-49-thread-1] INFO  server.RaftServerConfigKeys (ConfUtils.java:logGet(43)) - raft.server.log.appender.buffer.byte-limit = 33554432 (custom)
2019-08-29 08:17:47,638 [pool-60-thread-1] INFO  server.RaftServerConfigKeys (ConfUtils.java:logGet(43)) - raft.server.log.use.memory = false (default)
2019-08-29 08:17:47,639 [pool-49-thread-1] INFO  server.RaftServerConfigKeys (ConfUtils.java:logGet(43)) - raft.server.log.segment.size.max = 1048576 (custom)
2019-08-29 08:17:47,639 [pool-93-thread-1] INFO  server.RaftServerConfigKeys (ConfUtils.java:logGet(43)) - raft.server.log.use.memory = false (default)
2019-08-29 08:17:47,639 [pool-49-thread-1] INFO  server.RaftServerConfigKeys (ConfUtils.java:logGet(43)) - raft.server.log.segment.cache.num.max = 2 (custom)
2019-08-29 08:17:47,639 [pool-60-thread-1] INFO  server.RaftServerConfigKeys (ConfUtils.java:logGet(43)) - raft.server.log.purge.gap = 1000000 (custom)
2019-08-29 08:17:47,640 [pool-49-thread-1] INFO  segmented.SegmentedRaftLogWorker (SegmentedRaftLogWorker.java:<init>(172)) - new 14879765-9127-45ba-89de-04712631aaf6-SegmentedRaftLogWorker:Storage Directory /workdir/hadoop-ozone/integration-test/target/test-dir/MiniOzoneClusterImpl-ef39a000-56f8-499f-ba54-08500adcb141/datanode-2/data/ratis/4ef31ae2-18fa-4c53-a5ec-68c63d44239f for RaftStorage:Storage Directory /workdir/hadoop-ozone/integration-test/target/test-dir/MiniOzoneClusterImpl-ef39a000-56f8-499f-ba54-08500adcb141/datanode-2/data/ratis/4ef31ae2-18fa-4c53-a5ec-68c63d44239f
2019-08-29 08:17:47,639 [pool-93-thread-1] INFO  server.RaftServerConfigKeys (ConfUtils.java:logGet(43)) - raft.server.log.purge.gap = 1000000 (custom)
2019-08-29 08:17:47,642 [pool-49-thread-1] INFO  server.RaftServerConfigKeys (ConfUtils.java:logGet(43)) - raft.server.log.queue.byte-limit = 2147483647 (custom)
2019-08-29 08:17:47,641 [pool-60-thread-1] INFO  server.RaftServerConfigKeys (ConfUtils.java:logGet(43)) - raft.server.log.appender.buffer.byte-limit = 33554432 (custom)
2019-08-29 08:17:47,644 [pool-49-thread-1] INFO  server.RaftServerConfigKeys (ConfUtils.java:logGet(43)) - raft.server.log.queue.element-limit = 1024 (custom)
2019-08-29 08:17:47,644 [pool-93-thread-1] INFO  server.RaftServerConfigKeys (ConfUtils.java:logGet(43)) - raft.server.log.appender.buffer.byte-limit = 33554432 (custom)
2019-08-29 08:17:47,644 [pool-60-thread-1] INFO  server.RaftServerConfigKeys (ConfUtils.java:logGet(43)) - raft.server.log.segment.size.max = 1048576 (custom)
2019-08-29 08:17:47,644 [pool-49-thread-1] INFO  server.RaftServerConfigKeys (ConfUtils.java:logGet(43)) - raft.server.log.segment.size.max = 1048576 (custom)
2019-08-29 08:17:47,644 [pool-93-thread-1] INFO  server.RaftServerConfigKeys (ConfUtils.java:logGet(43)) - raft.server.log.segment.size.max = 1048576 (custom)
2019-08-29 08:17:47,645 [pool-49-thread-1] INFO  server.RaftServerConfigKeys (ConfUtils.java:logGet(43)) - raft.server.log.preallocated.size = 16384 (custom)
2019-08-29 08:17:47,645 [pool-60-thread-1] INFO  server.RaftServerConfigKeys (ConfUtils.java:logGet(43)) - raft.server.log.segment.cache.num.max = 2 (custom)
2019-08-29 08:17:47,645 [pool-49-thread-1] INFO  server.RaftServerConfigKeys (ConfUtils.java:logGet(43)) - raft.server.log.write.buffer.size = 33554432 (custom)
2019-08-29 08:17:47,645 [pool-93-thread-1] INFO  server.RaftServerConfigKeys (ConfUtils.java:logGet(43)) - raft.server.log.segment.cache.num.max = 2 (custom)
2019-08-29 08:17:47,646 [pool-49-thread-1] INFO  server.RaftServerConfigKeys (ConfUtils.java:logGet(43)) - raft.server.log.force.sync.num = 128 (default)
2019-08-29 08:17:47,645 [pool-60-thread-1] INFO  segmented.SegmentedRaftLogWorker (SegmentedRaftLogWorker.java:<init>(172)) - new dd9a91c5-5c4b-4478-b7f7-3956f198c950-SegmentedRaftLogWorker:Storage Directory /workdir/hadoop-ozone/integration-test/target/test-dir/MiniOzoneClusterImpl-ef39a000-56f8-499f-ba54-08500adcb141/datanode-3/data/ratis/4ef31ae2-18fa-4c53-a5ec-68c63d44239f for RaftStorage:Storage Directory /workdir/hadoop-ozone/integration-test/target/test-dir/MiniOzoneClusterImpl-ef39a000-56f8-499f-ba54-08500adcb141/datanode-3/data/ratis/4ef31ae2-18fa-4c53-a5ec-68c63d44239f
2019-08-29 08:17:47,646 [pool-49-thread-1] INFO  server.RaftServerConfigKeys (ConfUtils.java:logGet(43)) - raft.server.log.statemachine.data.sync = true (default)
2019-08-29 08:17:47,646 [pool-93-thread-1] INFO  segmented.SegmentedRaftLogWorker (SegmentedRaftLogWorker.java:<init>(172)) - new 9b2222ce-dbb0-4da1-b31a-a52ba00795b8-SegmentedRaftLogWorker:Storage Directory /workdir/hadoop-ozone/integration-test/target/test-dir/MiniOzoneClusterImpl-ef39a000-56f8-499f-ba54-08500adcb141/datanode-6/data/ratis/4ef31ae2-18fa-4c53-a5ec-68c63d44239f for RaftStorage:Storage Directory /workdir/hadoop-ozone/integration-test/target/test-dir/MiniOzoneClusterImpl-ef39a000-56f8-499f-ba54-08500adcb141/datanode-6/data/ratis/4ef31ae2-18fa-4c53-a5ec-68c63d44239f
2019-08-29 08:17:47,648 [pool-49-thread-1] INFO  server.RaftServerConfigKeys (ConfUtils.java:logGet(43)) - raft.server.log.statemachine.data.sync.timeout = 10s (default)
2019-08-29 08:17:47,646 [pool-60-thread-1] INFO  server.RaftServerConfigKeys (ConfUtils.java:logGet(43)) - raft.server.log.queue.byte-limit = 2147483647 (custom)
2019-08-29 08:17:47,650 [pool-49-thread-1] INFO  server.RaftServerConfigKeys (ConfUtils.java:logGet(43)) - raft.server.log.statemachine.data.sync.timeout.retry = -1 (default)
2019-08-29 08:17:47,648 [pool-93-thread-1] INFO  server.RaftServerConfigKeys (ConfUtils.java:logGet(43)) - raft.server.log.queue.byte-limit = 2147483647 (custom)
2019-08-29 08:17:47,650 [pool-60-thread-1] INFO  server.RaftServerConfigKeys (ConfUtils.java:logGet(43)) - raft.server.log.queue.element-limit = 1024 (custom)
2019-08-29 08:17:47,650 [pool-49-thread-1] INFO  server.RaftServerConfigKeys (ConfUtils.java:logGet(43)) - raft.server.log.statemachine.data.caching.enabled = true (custom)
2019-08-29 08:17:47,650 [pool-93-thread-1] INFO  server.RaftServerConfigKeys (ConfUtils.java:logGet(43)) - raft.server.log.queue.element-limit = 1024 (custom)
2019-08-29 08:17:47,651 [pool-60-thread-1] INFO  server.RaftServerConfigKeys (ConfUtils.java:logGet(43)) - raft.server.log.segment.size.max = 1048576 (custom)
2019-08-29 08:17:47,651 [pool-49-thread-1] INFO  segmented.SegmentedRaftLogWorker (SegmentedRaftLogWorker.java:lambda$new$0(132)) - 14879765-9127-45ba-89de-04712631aaf6-SegmentedRaftLogWorker:Storage Directory /workdir/hadoop-ozone/integration-test/target/test-dir/MiniOzoneClusterImpl-ef39a000-56f8-499f-ba54-08500adcb141/datanode-2/data/ratis/4ef31ae2-18fa-4c53-a5ec-68c63d44239f: flushIndex: setUnconditionally 0 -> -1
2019-08-29 08:17:47,651 [pool-60-thread-1] INFO  server.RaftServerConfigKeys (ConfUtils.java:logGet(43)) - raft.server.log.preallocated.size = 16384 (custom)
2019-08-29 08:17:47,651 [pool-93-thread-1] INFO  server.RaftServerConfigKeys (ConfUtils.java:logGet(43)) - raft.server.log.segment.size.max = 1048576 (custom)
2019-08-29 08:17:47,652 [pool-49-thread-1] INFO  server.RaftServerConfigKeys (ConfUtils.java:logGet(43)) - raft.server.snapshot.auto.trigger.enabled = true (custom)
2019-08-29 08:17:47,651 [pool-60-thread-1] INFO  server.RaftServerConfigKeys (ConfUtils.java:logGet(43)) - raft.server.log.write.buffer.size = 33554432 (custom)
2019-08-29 08:17:47,652 [pool-49-thread-1] INFO  server.RaftServerConfigKeys (ConfUtils.java:logGet(43)) - raft.server.snapshot.auto.trigger.threshold = 10000 (custom)
2019-08-29 08:17:47,652 [pool-93-thread-1] INFO  server.RaftServerConfigKeys (ConfUtils.java:logGet(43)) - raft.server.log.preallocated.size = 16384 (custom)
2019-08-29 08:17:47,652 [pool-49-thread-1] INFO  server.RaftServerConfigKeys (ConfUtils.java:logGet(43)) - raft.server.retrycache.expirytime = 600000ms (custom)
2019-08-29 08:17:47,652 [pool-60-thread-1] INFO  server.RaftServerConfigKeys (ConfUtils.java:logGet(43)) - raft.server.log.force.sync.num = 128 (default)
2019-08-29 08:17:47,652 [pool-93-thread-1] INFO  server.RaftServerConfigKeys (ConfUtils.java:logGet(43)) - raft.server.log.write.buffer.size = 33554432 (custom)
2019-08-29 08:17:47,653 [pool-60-thread-1] INFO  server.RaftServerConfigKeys (ConfUtils.java:logGet(43)) - raft.server.log.statemachine.data.sync = true (default)
2019-08-29 08:17:47,653 [pool-49-thread-1] INFO  impl.RaftServerImpl (RaftServerImpl.java:start(180)) - 14879765-9127-45ba-89de-04712631aaf6: start group-68C63D44239F
2019-08-29 08:17:47,653 [pool-60-thread-1] INFO  server.RaftServerConfigKeys (ConfUtils.java:logGet(43)) - raft.server.log.statemachine.data.sync.timeout = 10s (default)
2019-08-29 08:17:47,653 [pool-93-thread-1] INFO  server.RaftServerConfigKeys (ConfUtils.java:logGet(43)) - raft.server.log.force.sync.num = 128 (default)
2019-08-29 08:17:47,654 [pool-60-thread-1] INFO  server.RaftServerConfigKeys (ConfUtils.java:logGet(43)) - raft.server.log.statemachine.data.sync.timeout.retry = -1 (default)
2019-08-29 08:17:47,653 [pool-49-thread-1] INFO  impl.RaftServerImpl (RaftServerImpl.java:setRole(171)) - 14879765-9127-45ba-89de-04712631aaf6:group-68C63D44239F changes role from null to FOLLOWER at term 0 for startAsFollower
2019-08-29 08:17:47,654 [pool-60-thread-1] INFO  server.RaftServerConfigKeys (ConfUtils.java:logGet(43)) - raft.server.log.statemachine.data.caching.enabled = true (custom)
2019-08-29 08:17:47,655 [pool-60-thread-1] INFO  segmented.SegmentedRaftLogWorker (SegmentedRaftLogWorker.java:lambda$new$0(132)) - dd9a91c5-5c4b-4478-b7f7-3956f198c950-SegmentedRaftLogWorker:Storage Directory /workdir/hadoop-ozone/integration-test/target/test-dir/MiniOzoneClusterImpl-ef39a000-56f8-499f-ba54-08500adcb141/datanode-3/data/ratis/4ef31ae2-18fa-4c53-a5ec-68c63d44239f: flushIndex: setUnconditionally 0 -> -1
2019-08-29 08:17:47,654 [pool-93-thread-1] INFO  server.RaftServerConfigKeys (ConfUtils.java:logGet(43)) - raft.server.log.statemachine.data.sync = true (default)
2019-08-29 08:17:47,657 [pool-60-thread-1] INFO  server.RaftServerConfigKeys (ConfUtils.java:logGet(43)) - raft.server.snapshot.auto.trigger.enabled = true (custom)
2019-08-29 08:17:47,654 [pool-49-thread-1] INFO  impl.RoleInfo (RoleInfo.java:updateAndGet(143)) - 14879765-9127-45ba-89de-04712631aaf6: start FollowerState
2019-08-29 08:17:47,657 [pool-60-thread-1] INFO  server.RaftServerConfigKeys (ConfUtils.java:logGet(43)) - raft.server.snapshot.auto.trigger.threshold = 10000 (custom)
2019-08-29 08:17:47,657 [pool-93-thread-1] INFO  server.RaftServerConfigKeys (ConfUtils.java:logGet(43)) - raft.server.log.statemachine.data.sync.timeout = 10s (default)
2019-08-29 08:17:47,658 [pool-60-thread-1] INFO  server.RaftServerConfigKeys (ConfUtils.java:logGet(43)) - raft.server.retrycache.expirytime = 600000ms (custom)
2019-08-29 08:17:47,658 [pool-93-thread-1] INFO  server.RaftServerConfigKeys (ConfUtils.java:logGet(43)) - raft.server.log.statemachine.data.sync.timeout.retry = -1 (default)
2019-08-29 08:17:47,658 [pool-49-thread-1] INFO  util.JmxRegister (JmxRegister.java:tryRegister(44)) - Successfully registered JMX Bean with object name Ratis:service=RaftServer,group=group-68C63D44239F,id=14879765-9127-45ba-89de-04712631aaf6
2019-08-29 08:17:47,660 [pool-60-thread-1] INFO  impl.RaftServerImpl (RaftServerImpl.java:start(180)) - dd9a91c5-5c4b-4478-b7f7-3956f198c950: start group-68C63D44239F
2019-08-29 08:17:47,660 [pool-93-thread-1] INFO  server.RaftServerConfigKeys (ConfUtils.java:logGet(43)) - raft.server.log.statemachine.data.caching.enabled = true (custom)
2019-08-29 08:17:47,660 [pool-60-thread-1] INFO  impl.RaftServerImpl (RaftServerImpl.java:setRole(171)) - dd9a91c5-5c4b-4478-b7f7-3956f198c950:group-68C63D44239F changes role from null to FOLLOWER at term 0 for startAsFollower
2019-08-29 08:17:47,660 [pool-93-thread-1] INFO  segmented.SegmentedRaftLogWorker (SegmentedRaftLogWorker.java:lambda$new$0(132)) - 9b2222ce-dbb0-4da1-b31a-a52ba00795b8-SegmentedRaftLogWorker:Storage Directory /workdir/hadoop-ozone/integration-test/target/test-dir/MiniOzoneClusterImpl-ef39a000-56f8-499f-ba54-08500adcb141/datanode-6/data/ratis/4ef31ae2-18fa-4c53-a5ec-68c63d44239f: flushIndex: setUnconditionally 0 -> -1
2019-08-29 08:17:47,661 [pool-60-thread-1] INFO  impl.RoleInfo (RoleInfo.java:updateAndGet(143)) - dd9a91c5-5c4b-4478-b7f7-3956f198c950: start FollowerState
2019-08-29 08:17:47,661 [pool-93-thread-1] INFO  server.RaftServerConfigKeys (ConfUtils.java:logGet(43)) - raft.server.snapshot.auto.trigger.enabled = true (custom)
2019-08-29 08:17:47,661 [pool-93-thread-1] INFO  server.RaftServerConfigKeys (ConfUtils.java:logGet(43)) - raft.server.snapshot.auto.trigger.threshold = 10000 (custom)
2019-08-29 08:17:47,661 [pool-60-thread-1] INFO  util.JmxRegister (JmxRegister.java:tryRegister(44)) - Successfully registered JMX Bean with object name Ratis:service=RaftServer,group=group-68C63D44239F,id=dd9a91c5-5c4b-4478-b7f7-3956f198c950
2019-08-29 08:17:47,661 [pool-93-thread-1] INFO  server.RaftServerConfigKeys (ConfUtils.java:logGet(43)) - raft.server.retrycache.expirytime = 600000ms (custom)
2019-08-29 08:17:47,664 [pool-93-thread-1] INFO  impl.RaftServerImpl (RaftServerImpl.java:<init>(93)) - 9b2222ce-dbb0-4da1-b31a-a52ba00795b8: new RaftServerImpl for group-91C7A3B7E451:[9b2222ce-dbb0-4da1-b31a-a52ba00795b8:192.168.34.54:34658] with ContainerStateMachine:uninitialized
2019-08-29 08:17:47,664 [pool-93-thread-1] INFO  server.RaftServerConfigKeys (ConfUtils.java:logGet(43)) - raft.server.rpc.timeout.min = 5s (custom)
2019-08-29 08:17:47,664 [pool-93-thread-1] INFO  server.RaftServerConfigKeys (ConfUtils.java:logGet(43)) - raft.server.rpc.timeout.max = 5200ms (custom)
2019-08-29 08:17:47,664 [pool-93-thread-1] INFO  server.RaftServerConfigKeys (ConfUtils.java:logGet(43)) - raft.server.rpcslowness.timeout = 120s (custom)
2019-08-29 08:17:47,665 [pool-93-thread-1] INFO  server.RaftServerConfigKeys (ConfUtils.java:logGet(43)) - raft.server.sleep.deviation.threshold = 300 (default)
2019-08-29 08:17:47,665 [pool-93-thread-1] INFO  server.RaftServerConfigKeys (ConfUtils.java:logGet(43)) - raft.server.log.appender.install.snapshot.enabled = false (custom)
2019-08-29 08:17:47,665 [pool-93-thread-1] INFO  impl.RaftServerImpl (ServerState.java:<init>(105)) - 9b2222ce-dbb0-4da1-b31a-a52ba00795b8:group-91C7A3B7E451 ConfigurationManager, init=-1: [9b2222ce-dbb0-4da1-b31a-a52ba00795b8:192.168.34.54:34658], old=null, confs=<EMPTY_MAP>
2019-08-29 08:17:47,665 [pool-93-thread-1] INFO  server.RaftServerConfigKeys (ConfUtils.java:logGet(43)) - raft.server.storage.dir = [/workdir/hadoop-ozone/integration-test/target/test-dir/MiniOzoneClusterImpl-ef39a000-56f8-499f-ba54-08500adcb141/datanode-6/data/ratis] (custom)
2019-08-29 08:17:47,666 [pool-93-thread-1] INFO  storage.RaftStorageDirectory (RaftStorageDirectory.java:analyzeStorage(246)) - The storage directory /workdir/hadoop-ozone/integration-test/target/test-dir/MiniOzoneClusterImpl-ef39a000-56f8-499f-ba54-08500adcb141/datanode-6/data/ratis/f1a0ed22-4e3a-4c8f-bf99-91c7a3b7e451 does not exist. Creating ...
2019-08-29 08:17:47,754 [Thread-243] INFO  impl.FollowerState (FollowerState.java:run(106)) - 62fbaf2b-c9dd-41a4-90d2-fdfdf099a3b1:group-DEF757EF0DF5 changes to CANDIDATE, lastRpcTime:5079, electionTimeout:5078ms
2019-08-29 08:17:47,754 [Thread-243] INFO  impl.RoleInfo (RoleInfo.java:shutdownFollowerState(121)) - 62fbaf2b-c9dd-41a4-90d2-fdfdf099a3b1: shutdown FollowerState
2019-08-29 08:17:47,754 [Thread-243] INFO  impl.RaftServerImpl (RaftServerImpl.java:setRole(171)) - 62fbaf2b-c9dd-41a4-90d2-fdfdf099a3b1:group-DEF757EF0DF5 changes role from FOLLOWER to CANDIDATE at term 0 for changeToCandidate
2019-08-29 08:17:47,762 [Thread-243] INFO  impl.RoleInfo (RoleInfo.java:updateAndGet(143)) - 62fbaf2b-c9dd-41a4-90d2-fdfdf099a3b1: start LeaderElection
2019-08-29 08:17:47,820 | INFO  | SCMAudit | user=jenkins1000 | ip=192.168.34.54 | op=SEND_HEARTBEAT {datanodeUUID=14879765-9127-45ba-89de-04712631aaf6, command=[]} | ret=SUCCESS |  
2019-08-29 08:17:47,869 | INFO  | SCMAudit | user=jenkins1000 | ip=192.168.34.54 | op=SEND_HEARTBEAT {datanodeUUID=dd9a91c5-5c4b-4478-b7f7-3956f198c950, command=[]} | ret=SUCCESS |  
2019-08-29 08:17:48,089 | INFO  | SCMAudit | user=jenkins1000 | ip=192.168.34.54 | op=SEND_HEARTBEAT {datanodeUUID=84674177-5820-4a0b-9345-463c27e4b0c8, command=[]} | ret=SUCCESS |  
2019-08-29 08:17:48,117 | INFO  | SCMAudit | user=jenkins1000 | ip=192.168.34.54 | op=SEND_HEARTBEAT {datanodeUUID=62fbaf2b-c9dd-41a4-90d2-fdfdf099a3b1, command=[]} | ret=SUCCESS |  
2019-08-29 08:17:48,362 | INFO  | SCMAudit | user=jenkins1000 | ip=192.168.34.54 | op=SEND_HEARTBEAT {datanodeUUID=4e66ed9b-7a7a-49e4-a069-f2e74814d405, command=[]} | ret=SUCCESS |  
2019-08-29 08:17:48,362 | INFO  | SCMAudit | user=jenkins1000 | ip=192.168.34.54 | op=SEND_HEARTBEAT {datanodeUUID=dba0a522-61fc-431c-9633-76c1b0451c6f, command=[]} | ret=SUCCESS |  
2019-08-29 08:17:48,428 [RATISCREATEPIPELINE1] ERROR pipeline.RatisPipelineProvider (RatisPipelineProvider.java:lambda$null$5(235)) - Failed invoke Ratis rpc org.apache.hadoop.hdds.scm.pipeline.RatisPipelineProvider$$Lambda$171/510276410@1c2d08ce for 9b2222ce-dbb0-4da1-b31a-a52ba00795b8
org.apache.ratis.protocol.TimeoutIOException: deadline exceeded after 2999690836ns
	at org.apache.ratis.grpc.GrpcUtil.tryUnwrapException(GrpcUtil.java:82)
	at org.apache.ratis.grpc.GrpcUtil.unwrapException(GrpcUtil.java:75)
	at org.apache.ratis.grpc.client.GrpcClientProtocolClient.blockingCall(GrpcClientProtocolClient.java:169)
	at org.apache.ratis.grpc.client.GrpcClientProtocolClient.groupAdd(GrpcClientProtocolClient.java:138)
	at org.apache.ratis.grpc.client.GrpcClientRpc.sendRequest(GrpcClientRpc.java:94)
	at org.apache.ratis.client.impl.RaftClientImpl.sendRequest(RaftClientImpl.java:279)
	at org.apache.ratis.client.impl.RaftClientImpl.groupAdd(RaftClientImpl.java:206)
	at org.apache.hadoop.hdds.scm.pipeline.RatisPipelineProvider.lambda$initializePipeline$4(RatisPipelineProvider.java:194)
	at org.apache.hadoop.hdds.scm.pipeline.RatisPipelineProvider.lambda$null$5(RatisPipelineProvider.java:231)
	at java.util.stream.ForEachOps$ForEachOp$OfRef.accept(ForEachOps.java:184)
	at java.util.ArrayList$ArrayListSpliterator.forEachRemaining(ArrayList.java:1382)
	at java.util.stream.AbstractPipeline.copyInto(AbstractPipeline.java:482)
	at java.util.stream.ForEachOps$ForEachTask.compute(ForEachOps.java:291)
	at java.util.concurrent.CountedCompleter.exec(CountedCompleter.java:731)
	at java.util.concurrent.ForkJoinTask.doExec(ForkJoinTask.java:289)
	at java.util.concurrent.ForkJoinTask.doInvoke(ForkJoinTask.java:401)
	at java.util.concurrent.ForkJoinTask.invoke(ForkJoinTask.java:734)
	at java.util.stream.ForEachOps$ForEachOp.evaluateParallel(ForEachOps.java:160)
	at java.util.stream.ForEachOps$ForEachOp$OfRef.evaluateParallel(ForEachOps.java:174)
	at java.util.stream.AbstractPipeline.evaluate(AbstractPipeline.java:233)
	at java.util.stream.ReferencePipeline.forEach(ReferencePipeline.java:418)
	at java.util.stream.ReferencePipeline$Head.forEach(ReferencePipeline.java:583)
	at org.apache.hadoop.hdds.scm.pipeline.RatisPipelineProvider.lambda$callRatisRpc$6(RatisPipelineProvider.java:225)
	at java.util.concurrent.ForkJoinTask$AdaptedRunnableAction.exec(ForkJoinTask.java:1386)
	at java.util.concurrent.ForkJoinTask.doExec(ForkJoinTask.java:289)
	at java.util.concurrent.ForkJoinPool$WorkQueue.runTask(ForkJoinPool.java:1056)
	at java.util.concurrent.ForkJoinPool.runWorker(ForkJoinPool.java:1692)
	at java.util.concurrent.ForkJoinWorkerThread.run(ForkJoinWorkerThread.java:157)
Caused by: org.apache.ratis.thirdparty.io.grpc.StatusRuntimeException: DEADLINE_EXCEEDED: deadline exceeded after 2999690836ns
	at org.apache.ratis.thirdparty.io.grpc.stub.ClientCalls.toStatusRuntimeException(ClientCalls.java:233)
	at org.apache.ratis.thirdparty.io.grpc.stub.ClientCalls.getUnchecked(ClientCalls.java:214)
	at org.apache.ratis.thirdparty.io.grpc.stub.ClientCalls.blockingUnaryCall(ClientCalls.java:139)
	at org.apache.ratis.proto.grpc.AdminProtocolServiceGrpc$AdminProtocolServiceBlockingStub.groupManagement(AdminProtocolServiceGrpc.java:274)
	at org.apache.ratis.grpc.client.GrpcClientProtocolClient.lambda$groupAdd$3(GrpcClientProtocolClient.java:140)
	at org.apache.ratis.grpc.client.GrpcClientProtocolClient.blockingCall(GrpcClientProtocolClient.java:167)
	... 25 more
2019-08-29 08:17:48,488 [grpc-default-executor-1] INFO  impl.RaftServerProxy (RaftServerProxy.java:addNew(89)) - 9b2222ce-dbb0-4da1-b31a-a52ba00795b8: addNew group-59B4FD6504DB:[9b2222ce-dbb0-4da1-b31a-a52ba00795b8:192.168.34.54:34658, dd9a91c5-5c4b-4478-b7f7-3956f198c950:192.168.34.54:35600, 14879765-9127-45ba-89de-04712631aaf6:192.168.34.54:41705] returns group-59B4FD6504DB:java.util.concurrent.CompletableFuture@7c91a8ef[Not completed]
2019-08-29 08:17:48,488 [grpc-default-executor-2] INFO  impl.RaftServerProxy (RaftServerProxy.java:addNew(89)) - dd9a91c5-5c4b-4478-b7f7-3956f198c950: addNew group-59B4FD6504DB:[9b2222ce-dbb0-4da1-b31a-a52ba00795b8:192.168.34.54:34658, dd9a91c5-5c4b-4478-b7f7-3956f198c950:192.168.34.54:35600, 14879765-9127-45ba-89de-04712631aaf6:192.168.34.54:41705] returns group-59B4FD6504DB:java.util.concurrent.CompletableFuture@6815caf6[Not completed]
2019-08-29 08:17:48,492 [pool-60-thread-1] INFO  impl.RaftServerImpl (RaftServerImpl.java:<init>(93)) - dd9a91c5-5c4b-4478-b7f7-3956f198c950: new RaftServerImpl for group-59B4FD6504DB:[9b2222ce-dbb0-4da1-b31a-a52ba00795b8:192.168.34.54:34658, dd9a91c5-5c4b-4478-b7f7-3956f198c950:192.168.34.54:35600, 14879765-9127-45ba-89de-04712631aaf6:192.168.34.54:41705] with ContainerStateMachine:uninitialized
2019-08-29 08:17:48,492 [pool-60-thread-1] INFO  server.RaftServerConfigKeys (ConfUtils.java:logGet(43)) - raft.server.rpc.timeout.min = 5s (custom)
2019-08-29 08:17:48,493 [pool-60-thread-1] INFO  server.RaftServerConfigKeys (ConfUtils.java:logGet(43)) - raft.server.rpc.timeout.max = 5200ms (custom)
2019-08-29 08:17:48,493 [grpc-default-executor-2] INFO  impl.RaftServerProxy (RaftServerProxy.java:addNew(89)) - 14879765-9127-45ba-89de-04712631aaf6: addNew group-59B4FD6504DB:[9b2222ce-dbb0-4da1-b31a-a52ba00795b8:192.168.34.54:34658, dd9a91c5-5c4b-4478-b7f7-3956f198c950:192.168.34.54:35600, 14879765-9127-45ba-89de-04712631aaf6:192.168.34.54:41705] returns group-59B4FD6504DB:java.util.concurrent.CompletableFuture@57553797[Not completed]
2019-08-29 08:17:48,493 [pool-60-thread-1] INFO  server.RaftServerConfigKeys (ConfUtils.java:logGet(43)) - raft.server.rpcslowness.timeout = 120s (custom)
2019-08-29 08:17:48,493 [pool-60-thread-1] INFO  server.RaftServerConfigKeys (ConfUtils.java:logGet(43)) - raft.server.sleep.deviation.threshold = 300 (default)
2019-08-29 08:17:48,493 [pool-60-thread-1] INFO  server.RaftServerConfigKeys (ConfUtils.java:logGet(43)) - raft.server.log.appender.install.snapshot.enabled = false (custom)
2019-08-29 08:17:48,494 [pool-60-thread-1] INFO  impl.RaftServerImpl (ServerState.java:<init>(105)) - dd9a91c5-5c4b-4478-b7f7-3956f198c950:group-59B4FD6504DB ConfigurationManager, init=-1: [9b2222ce-dbb0-4da1-b31a-a52ba00795b8:192.168.34.54:34658, dd9a91c5-5c4b-4478-b7f7-3956f198c950:192.168.34.54:35600, 14879765-9127-45ba-89de-04712631aaf6:192.168.34.54:41705], old=null, confs=<EMPTY_MAP>
2019-08-29 08:17:48,494 [pool-60-thread-1] INFO  server.RaftServerConfigKeys (ConfUtils.java:logGet(43)) - raft.server.storage.dir = [/workdir/hadoop-ozone/integration-test/target/test-dir/MiniOzoneClusterImpl-ef39a000-56f8-499f-ba54-08500adcb141/datanode-3/data/ratis] (custom)
2019-08-29 08:17:48,494 [pool-60-thread-1] INFO  storage.RaftStorageDirectory (RaftStorageDirectory.java:analyzeStorage(246)) - The storage directory /workdir/hadoop-ozone/integration-test/target/test-dir/MiniOzoneClusterImpl-ef39a000-56f8-499f-ba54-08500adcb141/datanode-3/data/ratis/23124dfc-bcd1-4b4b-805a-59b4fd6504db does not exist. Creating ...
2019-08-29 08:17:48,495 [pool-49-thread-1] INFO  impl.RaftServerImpl (RaftServerImpl.java:<init>(93)) - 14879765-9127-45ba-89de-04712631aaf6: new RaftServerImpl for group-59B4FD6504DB:[9b2222ce-dbb0-4da1-b31a-a52ba00795b8:192.168.34.54:34658, dd9a91c5-5c4b-4478-b7f7-3956f198c950:192.168.34.54:35600, 14879765-9127-45ba-89de-04712631aaf6:192.168.34.54:41705] with ContainerStateMachine:uninitialized
2019-08-29 08:17:48,495 [pool-49-thread-1] INFO  server.RaftServerConfigKeys (ConfUtils.java:logGet(43)) - raft.server.rpc.timeout.min = 5s (custom)
2019-08-29 08:17:48,495 [pool-49-thread-1] INFO  server.RaftServerConfigKeys (ConfUtils.java:logGet(43)) - raft.server.rpc.timeout.max = 5200ms (custom)
2019-08-29 08:17:48,495 [pool-49-thread-1] INFO  server.RaftServerConfigKeys (ConfUtils.java:logGet(43)) - raft.server.rpcslowness.timeout = 120s (custom)
2019-08-29 08:17:48,496 [pool-49-thread-1] INFO  server.RaftServerConfigKeys (ConfUtils.java:logGet(43)) - raft.server.sleep.deviation.threshold = 300 (default)
2019-08-29 08:17:48,496 [pool-49-thread-1] INFO  server.RaftServerConfigKeys (ConfUtils.java:logGet(43)) - raft.server.log.appender.install.snapshot.enabled = false (custom)
2019-08-29 08:17:48,496 [pool-49-thread-1] INFO  impl.RaftServerImpl (ServerState.java:<init>(105)) - 14879765-9127-45ba-89de-04712631aaf6:group-59B4FD6504DB ConfigurationManager, init=-1: [9b2222ce-dbb0-4da1-b31a-a52ba00795b8:192.168.34.54:34658, dd9a91c5-5c4b-4478-b7f7-3956f198c950:192.168.34.54:35600, 14879765-9127-45ba-89de-04712631aaf6:192.168.34.54:41705], old=null, confs=<EMPTY_MAP>
2019-08-29 08:17:48,496 [pool-49-thread-1] INFO  server.RaftServerConfigKeys (ConfUtils.java:logGet(43)) - raft.server.storage.dir = [/workdir/hadoop-ozone/integration-test/target/test-dir/MiniOzoneClusterImpl-ef39a000-56f8-499f-ba54-08500adcb141/datanode-2/data/ratis] (custom)
2019-08-29 08:17:48,497 [pool-49-thread-1] INFO  storage.RaftStorageDirectory (RaftStorageDirectory.java:analyzeStorage(246)) - The storage directory /workdir/hadoop-ozone/integration-test/target/test-dir/MiniOzoneClusterImpl-ef39a000-56f8-499f-ba54-08500adcb141/datanode-2/data/ratis/23124dfc-bcd1-4b4b-805a-59b4fd6504db does not exist. Creating ...
2019-08-29 08:17:48,566 | INFO  | SCMAudit | user=jenkins1000 | ip=192.168.34.54 | op=SEND_HEARTBEAT {datanodeUUID=9b2222ce-dbb0-4da1-b31a-a52ba00795b8, command=[]} | ret=SUCCESS |  
2019-08-29 08:17:48,820 | INFO  | SCMAudit | user=jenkins1000 | ip=192.168.34.54 | op=SEND_HEARTBEAT {datanodeUUID=14879765-9127-45ba-89de-04712631aaf6, command=[]} | ret=SUCCESS |  
2019-08-29 08:17:48,869 | INFO  | SCMAudit | user=jenkins1000 | ip=192.168.34.54 | op=SEND_HEARTBEAT {datanodeUUID=dd9a91c5-5c4b-4478-b7f7-3956f198c950, command=[]} | ret=SUCCESS |  
2019-08-29 08:17:49,089 | INFO  | SCMAudit | user=jenkins1000 | ip=192.168.34.54 | op=SEND_HEARTBEAT {datanodeUUID=84674177-5820-4a0b-9345-463c27e4b0c8, command=[]} | ret=SUCCESS |  
2019-08-29 08:17:49,117 | INFO  | SCMAudit | user=jenkins1000 | ip=192.168.34.54 | op=SEND_HEARTBEAT {datanodeUUID=62fbaf2b-c9dd-41a4-90d2-fdfdf099a3b1, command=[]} | ret=SUCCESS |  
2019-08-29 08:17:49,362 | INFO  | SCMAudit | user=jenkins1000 | ip=192.168.34.54 | op=SEND_HEARTBEAT {datanodeUUID=dba0a522-61fc-431c-9633-76c1b0451c6f, command=[]} | ret=SUCCESS |  
2019-08-29 08:17:49,362 | INFO  | SCMAudit | user=jenkins1000 | ip=192.168.34.54 | op=SEND_HEARTBEAT {datanodeUUID=4e66ed9b-7a7a-49e4-a069-f2e74814d405, command=[]} | ret=SUCCESS |  
2019-08-29 08:17:49,567 | INFO  | SCMAudit | user=jenkins1000 | ip=192.168.34.54 | op=SEND_HEARTBEAT {datanodeUUID=9b2222ce-dbb0-4da1-b31a-a52ba00795b8, command=[]} | ret=SUCCESS |  
2019-08-29 08:17:49,819 | INFO  | SCMAudit | user=jenkins1000 | ip=192.168.34.54 | op=SEND_HEARTBEAT {datanodeUUID=14879765-9127-45ba-89de-04712631aaf6, command=[]} | ret=SUCCESS |  
2019-08-29 08:17:49,870 | INFO  | SCMAudit | user=jenkins1000 | ip=192.168.34.54 | op=SEND_HEARTBEAT {datanodeUUID=dd9a91c5-5c4b-4478-b7f7-3956f198c950, command=[]} | ret=SUCCESS |  
2019-08-29 08:17:50,089 | INFO  | SCMAudit | user=jenkins1000 | ip=192.168.34.54 | op=SEND_HEARTBEAT {datanodeUUID=84674177-5820-4a0b-9345-463c27e4b0c8, command=[]} | ret=SUCCESS |  
2019-08-29 08:17:50,117 | INFO  | SCMAudit | user=jenkins1000 | ip=192.168.34.54 | op=SEND_HEARTBEAT {datanodeUUID=62fbaf2b-c9dd-41a4-90d2-fdfdf099a3b1, command=[]} | ret=SUCCESS |  
2019-08-29 08:17:50,361 | INFO  | SCMAudit | user=jenkins1000 | ip=192.168.34.54 | op=SEND_HEARTBEAT {datanodeUUID=dba0a522-61fc-431c-9633-76c1b0451c6f, command=[]} | ret=SUCCESS |  
2019-08-29 08:17:50,362 | INFO  | SCMAudit | user=jenkins1000 | ip=192.168.34.54 | op=SEND_HEARTBEAT {datanodeUUID=4e66ed9b-7a7a-49e4-a069-f2e74814d405, command=[]} | ret=SUCCESS |  
2019-08-29 08:17:50,566 | INFO  | SCMAudit | user=jenkins1000 | ip=192.168.34.54 | op=SEND_HEARTBEAT {datanodeUUID=9b2222ce-dbb0-4da1-b31a-a52ba00795b8, command=[]} | ret=SUCCESS |  
2019-08-29 08:17:50,819 | INFO  | SCMAudit | user=jenkins1000 | ip=192.168.34.54 | op=SEND_HEARTBEAT {datanodeUUID=14879765-9127-45ba-89de-04712631aaf6, command=[]} | ret=SUCCESS |  
2019-08-29 08:17:50,870 | INFO  | SCMAudit | user=jenkins1000 | ip=192.168.34.54 | op=SEND_HEARTBEAT {datanodeUUID=dd9a91c5-5c4b-4478-b7f7-3956f198c950, command=[]} | ret=SUCCESS |  
2019-08-29 08:17:51,089 | INFO  | SCMAudit | user=jenkins1000 | ip=192.168.34.54 | op=SEND_HEARTBEAT {datanodeUUID=84674177-5820-4a0b-9345-463c27e4b0c8, command=[]} | ret=SUCCESS |  
2019-08-29 08:17:51,117 | INFO  | SCMAudit | user=jenkins1000 | ip=192.168.34.54 | op=SEND_HEARTBEAT {datanodeUUID=62fbaf2b-c9dd-41a4-90d2-fdfdf099a3b1, command=[]} | ret=SUCCESS |  
2019-08-29 08:17:51,361 | INFO  | SCMAudit | user=jenkins1000 | ip=192.168.34.54 | op=SEND_HEARTBEAT {datanodeUUID=dba0a522-61fc-431c-9633-76c1b0451c6f, command=[]} | ret=SUCCESS |  
2019-08-29 08:17:51,362 | INFO  | SCMAudit | user=jenkins1000 | ip=192.168.34.54 | op=SEND_HEARTBEAT {datanodeUUID=4e66ed9b-7a7a-49e4-a069-f2e74814d405, command=[]} | ret=SUCCESS |  
2019-08-29 08:17:51,450 [RATISCREATEPIPELINE2] ERROR pipeline.RatisPipelineProvider (RatisPipelineProvider.java:lambda$null$5(235)) - Failed invoke Ratis rpc org.apache.hadoop.hdds.scm.pipeline.RatisPipelineProvider$$Lambda$171/510276410@550d0ff0 for 9b2222ce-dbb0-4da1-b31a-a52ba00795b8
org.apache.ratis.protocol.TimeoutIOException: deadline exceeded after 2998089772ns
	at org.apache.ratis.grpc.GrpcUtil.tryUnwrapException(GrpcUtil.java:82)
	at org.apache.ratis.grpc.GrpcUtil.unwrapException(GrpcUtil.java:75)
	at org.apache.ratis.grpc.client.GrpcClientProtocolClient.blockingCall(GrpcClientProtocolClient.java:169)
	at org.apache.ratis.grpc.client.GrpcClientProtocolClient.groupAdd(GrpcClientProtocolClient.java:138)
	at org.apache.ratis.grpc.client.GrpcClientRpc.sendRequest(GrpcClientRpc.java:94)
	at org.apache.ratis.client.impl.RaftClientImpl.sendRequest(RaftClientImpl.java:279)
	at org.apache.ratis.client.impl.RaftClientImpl.groupAdd(RaftClientImpl.java:206)
	at org.apache.hadoop.hdds.scm.pipeline.RatisPipelineProvider.lambda$initializePipeline$4(RatisPipelineProvider.java:194)
	at org.apache.hadoop.hdds.scm.pipeline.RatisPipelineProvider.lambda$null$5(RatisPipelineProvider.java:231)
	at java.util.stream.ForEachOps$ForEachOp$OfRef.accept(ForEachOps.java:184)
	at java.util.ArrayList$ArrayListSpliterator.forEachRemaining(ArrayList.java:1382)
	at java.util.stream.AbstractPipeline.copyInto(AbstractPipeline.java:482)
	at java.util.stream.ForEachOps$ForEachTask.compute(ForEachOps.java:291)
	at java.util.concurrent.CountedCompleter.exec(CountedCompleter.java:731)
	at java.util.concurrent.ForkJoinTask.doExec(ForkJoinTask.java:289)
	at java.util.concurrent.ForkJoinPool$WorkQueue.runTask(ForkJoinPool.java:1056)
	at java.util.concurrent.ForkJoinPool.runWorker(ForkJoinPool.java:1692)
	at java.util.concurrent.ForkJoinWorkerThread.run(ForkJoinWorkerThread.java:157)
Caused by: org.apache.ratis.thirdparty.io.grpc.StatusRuntimeException: DEADLINE_EXCEEDED: deadline exceeded after 2998089772ns
	at org.apache.ratis.thirdparty.io.grpc.stub.ClientCalls.toStatusRuntimeException(ClientCalls.java:233)
	at org.apache.ratis.thirdparty.io.grpc.stub.ClientCalls.getUnchecked(ClientCalls.java:214)
	at org.apache.ratis.thirdparty.io.grpc.stub.ClientCalls.blockingUnaryCall(ClientCalls.java:139)
	at org.apache.ratis.proto.grpc.AdminProtocolServiceGrpc$AdminProtocolServiceBlockingStub.groupManagement(AdminProtocolServiceGrpc.java:274)
	at org.apache.ratis.grpc.client.GrpcClientProtocolClient.lambda$groupAdd$3(GrpcClientProtocolClient.java:140)
	at org.apache.ratis.grpc.client.GrpcClientProtocolClient.blockingCall(GrpcClientProtocolClient.java:167)
	... 15 more
2019-08-29 08:17:51,454 [RATISCREATEPIPELINE1] ERROR pipeline.RatisPipelineProvider (RatisPipelineProvider.java:lambda$null$5(235)) - Failed invoke Ratis rpc org.apache.hadoop.hdds.scm.pipeline.RatisPipelineProvider$$Lambda$171/510276410@550d0ff0 for dd9a91c5-5c4b-4478-b7f7-3956f198c950
org.apache.ratis.protocol.TimeoutIOException: deadline exceeded after 2999668592ns
	at org.apache.ratis.grpc.GrpcUtil.tryUnwrapException(GrpcUtil.java:82)
	at org.apache.ratis.grpc.GrpcUtil.unwrapException(GrpcUtil.java:75)
	at org.apache.ratis.grpc.client.GrpcClientProtocolClient.blockingCall(GrpcClientProtocolClient.java:169)
	at org.apache.ratis.grpc.client.GrpcClientProtocolClient.groupAdd(GrpcClientProtocolClient.java:138)
	at org.apache.ratis.grpc.client.GrpcClientRpc.sendRequest(GrpcClientRpc.java:94)
	at org.apache.ratis.client.impl.RaftClientImpl.sendRequest(RaftClientImpl.java:279)
	at org.apache.ratis.client.impl.RaftClientImpl.groupAdd(RaftClientImpl.java:206)
	at org.apache.hadoop.hdds.scm.pipeline.RatisPipelineProvider.lambda$initializePipeline$4(RatisPipelineProvider.java:194)
	at org.apache.hadoop.hdds.scm.pipeline.RatisPipelineProvider.lambda$null$5(RatisPipelineProvider.java:231)
	at java.util.stream.ForEachOps$ForEachOp$OfRef.accept(ForEachOps.java:184)
	at java.util.ArrayList$ArrayListSpliterator.forEachRemaining(ArrayList.java:1382)
	at java.util.stream.AbstractPipeline.copyInto(AbstractPipeline.java:482)
	at java.util.stream.ForEachOps$ForEachTask.compute(ForEachOps.java:291)
	at java.util.concurrent.CountedCompleter.exec(CountedCompleter.java:731)
	at java.util.concurrent.ForkJoinTask.doExec(ForkJoinTask.java:289)
	at java.util.concurrent.ForkJoinTask.doInvoke(ForkJoinTask.java:401)
	at java.util.concurrent.ForkJoinTask.invoke(ForkJoinTask.java:734)
	at java.util.stream.ForEachOps$ForEachOp.evaluateParallel(ForEachOps.java:160)
	at java.util.stream.ForEachOps$ForEachOp$OfRef.evaluateParallel(ForEachOps.java:174)
	at java.util.stream.AbstractPipeline.evaluate(AbstractPipeline.java:233)
	at java.util.stream.ReferencePipeline.forEach(ReferencePipeline.java:418)
	at java.util.stream.ReferencePipeline$Head.forEach(ReferencePipeline.java:583)
	at org.apache.hadoop.hdds.scm.pipeline.RatisPipelineProvider.lambda$callRatisRpc$6(RatisPipelineProvider.java:225)
	at java.util.concurrent.ForkJoinTask$AdaptedRunnableAction.exec(ForkJoinTask.java:1386)
	at java.util.concurrent.ForkJoinTask.doExec(ForkJoinTask.java:289)
	at java.util.concurrent.ForkJoinPool$WorkQueue.runTask(ForkJoinPool.java:1056)
	at java.util.concurrent.ForkJoinPool.runWorker(ForkJoinPool.java:1692)
	at java.util.concurrent.ForkJoinWorkerThread.run(ForkJoinWorkerThread.java:157)
Caused by: org.apache.ratis.thirdparty.io.grpc.StatusRuntimeException: DEADLINE_EXCEEDED: deadline exceeded after 2999668592ns
	at org.apache.ratis.thirdparty.io.grpc.stub.ClientCalls.toStatusRuntimeException(ClientCalls.java:233)
	at org.apache.ratis.thirdparty.io.grpc.stub.ClientCalls.getUnchecked(ClientCalls.java:214)
	at org.apache.ratis.thirdparty.io.grpc.stub.ClientCalls.blockingUnaryCall(ClientCalls.java:139)
	at org.apache.ratis.proto.grpc.AdminProtocolServiceGrpc$AdminProtocolServiceBlockingStub.groupManagement(AdminProtocolServiceGrpc.java:274)
	at org.apache.ratis.grpc.client.GrpcClientProtocolClient.lambda$groupAdd$3(GrpcClientProtocolClient.java:140)
	at org.apache.ratis.grpc.client.GrpcClientProtocolClient.blockingCall(GrpcClientProtocolClient.java:167)
	... 25 more
2019-08-29 08:17:51,452 [RATISCREATEPIPELINE3] ERROR pipeline.RatisPipelineProvider (RatisPipelineProvider.java:lambda$null$5(235)) - Failed invoke Ratis rpc org.apache.hadoop.hdds.scm.pipeline.RatisPipelineProvider$$Lambda$171/510276410@550d0ff0 for 14879765-9127-45ba-89de-04712631aaf6
org.apache.ratis.protocol.TimeoutIOException: deadline exceeded after 2997669897ns
	at org.apache.ratis.grpc.GrpcUtil.tryUnwrapException(GrpcUtil.java:82)
	at org.apache.ratis.grpc.GrpcUtil.unwrapException(GrpcUtil.java:75)
	at org.apache.ratis.grpc.client.GrpcClientProtocolClient.blockingCall(GrpcClientProtocolClient.java:169)
	at org.apache.ratis.grpc.client.GrpcClientProtocolClient.groupAdd(GrpcClientProtocolClient.java:138)
	at org.apache.ratis.grpc.client.GrpcClientRpc.sendRequest(GrpcClientRpc.java:94)
	at org.apache.ratis.client.impl.RaftClientImpl.sendRequest(RaftClientImpl.java:279)
	at org.apache.ratis.client.impl.RaftClientImpl.groupAdd(RaftClientImpl.java:206)
	at org.apache.hadoop.hdds.scm.pipeline.RatisPipelineProvider.lambda$initializePipeline$4(RatisPipelineProvider.java:194)
	at org.apache.hadoop.hdds.scm.pipeline.RatisPipelineProvider.lambda$null$5(RatisPipelineProvider.java:231)
	at java.util.stream.ForEachOps$ForEachOp$OfRef.accept(ForEachOps.java:184)
	at java.util.ArrayList$ArrayListSpliterator.forEachRemaining(ArrayList.java:1382)
	at java.util.stream.AbstractPipeline.copyInto(AbstractPipeline.java:482)
	at java.util.stream.ForEachOps$ForEachTask.compute(ForEachOps.java:291)
	at java.util.concurrent.CountedCompleter.exec(CountedCompleter.java:731)
	at java.util.concurrent.ForkJoinTask.doExec(ForkJoinTask.java:289)
	at java.util.concurrent.ForkJoinPool$WorkQueue.runTask(ForkJoinPool.java:1056)
	at java.util.concurrent.ForkJoinPool.runWorker(ForkJoinPool.java:1692)
	at java.util.concurrent.ForkJoinWorkerThread.run(ForkJoinWorkerThread.java:157)
Caused by: org.apache.ratis.thirdparty.io.grpc.StatusRuntimeException: DEADLINE_EXCEEDED: deadline exceeded after 2997669897ns
	at org.apache.ratis.thirdparty.io.grpc.stub.ClientCalls.toStatusRuntimeException(ClientCalls.java:233)
	at org.apache.ratis.thirdparty.io.grpc.stub.ClientCalls.getUnchecked(ClientCalls.java:214)
	at org.apache.ratis.thirdparty.io.grpc.stub.ClientCalls.blockingUnaryCall(ClientCalls.java:139)
	at org.apache.ratis.proto.grpc.AdminProtocolServiceGrpc$AdminProtocolServiceBlockingStub.groupManagement(AdminProtocolServiceGrpc.java:274)
	at org.apache.ratis.grpc.client.GrpcClientProtocolClient.lambda$groupAdd$3(GrpcClientProtocolClient.java:140)
	at org.apache.ratis.grpc.client.GrpcClientProtocolClient.blockingCall(GrpcClientProtocolClient.java:167)
	... 15 more
2019-08-29 08:17:51,489 [grpc-default-executor-0] INFO  impl.RaftServerProxy (RaftServerProxy.java:addNew(89)) - dd9a91c5-5c4b-4478-b7f7-3956f198c950: addNew group-97AF3AC212A7:[9b2222ce-dbb0-4da1-b31a-a52ba00795b8:192.168.34.54:34658, dd9a91c5-5c4b-4478-b7f7-3956f198c950:192.168.34.54:35600, 14879765-9127-45ba-89de-04712631aaf6:192.168.34.54:41705] returns group-97AF3AC212A7:java.util.concurrent.CompletableFuture@25fe68b[Not completed]
2019-08-29 08:17:51,493 [grpc-default-executor-0] INFO  impl.RaftServerProxy (RaftServerProxy.java:addNew(89)) - 14879765-9127-45ba-89de-04712631aaf6: addNew group-97AF3AC212A7:[9b2222ce-dbb0-4da1-b31a-a52ba00795b8:192.168.34.54:34658, dd9a91c5-5c4b-4478-b7f7-3956f198c950:192.168.34.54:35600, 14879765-9127-45ba-89de-04712631aaf6:192.168.34.54:41705] returns group-97AF3AC212A7:java.util.concurrent.CompletableFuture@7cef16bd[Not completed]
2019-08-29 08:17:51,494 [grpc-default-executor-2] INFO  impl.RaftServerProxy (RaftServerProxy.java:addNew(89)) - 9b2222ce-dbb0-4da1-b31a-a52ba00795b8: addNew group-97AF3AC212A7:[9b2222ce-dbb0-4da1-b31a-a52ba00795b8:192.168.34.54:34658, dd9a91c5-5c4b-4478-b7f7-3956f198c950:192.168.34.54:35600, 14879765-9127-45ba-89de-04712631aaf6:192.168.34.54:41705] returns group-97AF3AC212A7:java.util.concurrent.CompletableFuture@74427d63[Not completed]
2019-08-29 08:17:51,566 | INFO  | SCMAudit | user=jenkins1000 | ip=192.168.34.54 | op=SEND_HEARTBEAT {datanodeUUID=9b2222ce-dbb0-4da1-b31a-a52ba00795b8, command=[]} | ret=SUCCESS |  
2019-08-29 08:17:51,820 | INFO  | SCMAudit | user=jenkins1000 | ip=192.168.34.54 | op=SEND_HEARTBEAT {datanodeUUID=14879765-9127-45ba-89de-04712631aaf6, command=[]} | ret=SUCCESS |  
2019-08-29 08:17:51,870 | INFO  | SCMAudit | user=jenkins1000 | ip=192.168.34.54 | op=SEND_HEARTBEAT {datanodeUUID=dd9a91c5-5c4b-4478-b7f7-3956f198c950, command=[]} | ret=SUCCESS |  
2019-08-29 08:17:52,089 | INFO  | SCMAudit | user=jenkins1000 | ip=192.168.34.54 | op=SEND_HEARTBEAT {datanodeUUID=84674177-5820-4a0b-9345-463c27e4b0c8, command=[]} | ret=SUCCESS |  
2019-08-29 08:17:52,118 | INFO  | SCMAudit | user=jenkins1000 | ip=192.168.34.54 | op=SEND_HEARTBEAT {datanodeUUID=62fbaf2b-c9dd-41a4-90d2-fdfdf099a3b1, command=[]} | ret=SUCCESS |  
2019-08-29 08:17:52,362 | INFO  | SCMAudit | user=jenkins1000 | ip=192.168.34.54 | op=SEND_HEARTBEAT {datanodeUUID=dba0a522-61fc-431c-9633-76c1b0451c6f, command=[]} | ret=SUCCESS |  
2019-08-29 08:17:52,362 | INFO  | SCMAudit | user=jenkins1000 | ip=192.168.34.54 | op=SEND_HEARTBEAT {datanodeUUID=4e66ed9b-7a7a-49e4-a069-f2e74814d405, command=[]} | ret=SUCCESS |  
2019-08-29 08:17:52,566 | INFO  | SCMAudit | user=jenkins1000 | ip=192.168.34.54 | op=SEND_HEARTBEAT {datanodeUUID=9b2222ce-dbb0-4da1-b31a-a52ba00795b8, command=[]} | ret=SUCCESS |  
2019-08-29 08:17:52,702 [Thread-246] INFO  impl.FollowerState (FollowerState.java:run(106)) - 14879765-9127-45ba-89de-04712631aaf6:group-68C63D44239F changes to CANDIDATE, lastRpcTime:5047, electionTimeout:5044ms
2019-08-29 08:17:52,705 [Thread-246] INFO  impl.RoleInfo (RoleInfo.java:shutdownFollowerState(121)) - 14879765-9127-45ba-89de-04712631aaf6: shutdown FollowerState
2019-08-29 08:17:52,705 [Thread-246] INFO  impl.RaftServerImpl (RaftServerImpl.java:setRole(171)) - 14879765-9127-45ba-89de-04712631aaf6:group-68C63D44239F changes role from FOLLOWER to CANDIDATE at term 0 for changeToCandidate
2019-08-29 08:17:52,705 [Thread-246] INFO  impl.RoleInfo (RoleInfo.java:updateAndGet(143)) - 14879765-9127-45ba-89de-04712631aaf6: start LeaderElection
2019-08-29 08:17:52,819 | INFO  | SCMAudit | user=jenkins1000 | ip=192.168.34.54 | op=SEND_HEARTBEAT {datanodeUUID=14879765-9127-45ba-89de-04712631aaf6, command=[]} | ret=SUCCESS |  
2019-08-29 08:17:52,828 [Thread-249] INFO  impl.FollowerState (FollowerState.java:run(106)) - dd9a91c5-5c4b-4478-b7f7-3956f198c950:group-68C63D44239F changes to CANDIDATE, lastRpcTime:5167, electionTimeout:5167ms
2019-08-29 08:17:52,829 [Thread-249] INFO  impl.RoleInfo (RoleInfo.java:shutdownFollowerState(121)) - dd9a91c5-5c4b-4478-b7f7-3956f198c950: shutdown FollowerState
2019-08-29 08:17:52,829 [Thread-249] INFO  impl.RaftServerImpl (RaftServerImpl.java:setRole(171)) - dd9a91c5-5c4b-4478-b7f7-3956f198c950:group-68C63D44239F changes role from FOLLOWER to CANDIDATE at term 0 for changeToCandidate
2019-08-29 08:17:52,829 [Thread-249] INFO  impl.RoleInfo (RoleInfo.java:updateAndGet(143)) - dd9a91c5-5c4b-4478-b7f7-3956f198c950: start LeaderElection
2019-08-29 08:17:52,870 | INFO  | SCMAudit | user=jenkins1000 | ip=192.168.34.54 | op=SEND_HEARTBEAT {datanodeUUID=dd9a91c5-5c4b-4478-b7f7-3956f198c950, command=[]} | ret=SUCCESS |  
2019-08-29 08:17:53,089 | INFO  | SCMAudit | user=jenkins1000 | ip=192.168.34.54 | op=SEND_HEARTBEAT {datanodeUUID=84674177-5820-4a0b-9345-463c27e4b0c8, command=[]} | ret=SUCCESS |  
2019-08-29 08:17:53,118 | INFO  | SCMAudit | user=jenkins1000 | ip=192.168.34.54 | op=SEND_HEARTBEAT {datanodeUUID=62fbaf2b-c9dd-41a4-90d2-fdfdf099a3b1, command=[]} | ret=SUCCESS |  
2019-08-29 08:17:53,361 | INFO  | SCMAudit | user=jenkins1000 | ip=192.168.34.54 | op=SEND_HEARTBEAT {datanodeUUID=dba0a522-61fc-431c-9633-76c1b0451c6f, command=[]} | ret=SUCCESS |  
2019-08-29 08:17:53,362 | INFO  | SCMAudit | user=jenkins1000 | ip=192.168.34.54 | op=SEND_HEARTBEAT {datanodeUUID=4e66ed9b-7a7a-49e4-a069-f2e74814d405, command=[]} | ret=SUCCESS |  
2019-08-29 08:17:53,567 | INFO  | SCMAudit | user=jenkins1000 | ip=192.168.34.54 | op=SEND_HEARTBEAT {datanodeUUID=9b2222ce-dbb0-4da1-b31a-a52ba00795b8, command=[]} | ret=SUCCESS |  
2019-08-29 08:17:53,819 | INFO  | SCMAudit | user=jenkins1000 | ip=192.168.34.54 | op=SEND_HEARTBEAT {datanodeUUID=14879765-9127-45ba-89de-04712631aaf6, command=[]} | ret=SUCCESS |  
2019-08-29 08:17:53,870 | INFO  | SCMAudit | user=jenkins1000 | ip=192.168.34.54 | op=SEND_HEARTBEAT {datanodeUUID=dd9a91c5-5c4b-4478-b7f7-3956f198c950, command=[]} | ret=SUCCESS |  
2019-08-29 08:17:54,089 | INFO  | SCMAudit | user=jenkins1000 | ip=192.168.34.54 | op=SEND_HEARTBEAT {datanodeUUID=84674177-5820-4a0b-9345-463c27e4b0c8, command=[]} | ret=SUCCESS |  
2019-08-29 08:17:54,119 | INFO  | SCMAudit | user=jenkins1000 | ip=192.168.34.54 | op=SEND_HEARTBEAT {datanodeUUID=62fbaf2b-c9dd-41a4-90d2-fdfdf099a3b1, command=[]} | ret=SUCCESS |  
2019-08-29 08:17:54,362 | INFO  | SCMAudit | user=jenkins1000 | ip=192.168.34.54 | op=SEND_HEARTBEAT {datanodeUUID=dba0a522-61fc-431c-9633-76c1b0451c6f, command=[]} | ret=SUCCESS |  
2019-08-29 08:17:54,362 | INFO  | SCMAudit | user=jenkins1000 | ip=192.168.34.54 | op=SEND_HEARTBEAT {datanodeUUID=4e66ed9b-7a7a-49e4-a069-f2e74814d405, command=[]} | ret=SUCCESS |  
2019-08-29 08:17:54,479 [RATISCREATEPIPELINE3] ERROR pipeline.RatisPipelineProvider (RatisPipelineProvider.java:lambda$null$5(235)) - Failed invoke Ratis rpc org.apache.hadoop.hdds.scm.pipeline.RatisPipelineProvider$$Lambda$171/510276410@6057bad2 for 9b2222ce-dbb0-4da1-b31a-a52ba00795b8
org.apache.ratis.protocol.TimeoutIOException: deadline exceeded after 2998270190ns
	at org.apache.ratis.grpc.GrpcUtil.tryUnwrapException(GrpcUtil.java:82)
	at org.apache.ratis.grpc.GrpcUtil.unwrapException(GrpcUtil.java:75)
	at org.apache.ratis.grpc.client.GrpcClientProtocolClient.blockingCall(GrpcClientProtocolClient.java:169)
	at org.apache.ratis.grpc.client.GrpcClientProtocolClient.groupAdd(GrpcClientProtocolClient.java:138)
	at org.apache.ratis.grpc.client.GrpcClientRpc.sendRequest(GrpcClientRpc.java:94)
	at org.apache.ratis.client.impl.RaftClientImpl.sendRequest(RaftClientImpl.java:279)
	at org.apache.ratis.client.impl.RaftClientImpl.groupAdd(RaftClientImpl.java:206)
	at org.apache.hadoop.hdds.scm.pipeline.RatisPipelineProvider.lambda$initializePipeline$4(RatisPipelineProvider.java:194)
	at org.apache.hadoop.hdds.scm.pipeline.RatisPipelineProvider.lambda$null$5(RatisPipelineProvider.java:231)
	at java.util.stream.ForEachOps$ForEachOp$OfRef.accept(ForEachOps.java:184)
	at java.util.ArrayList$ArrayListSpliterator.forEachRemaining(ArrayList.java:1382)
	at java.util.stream.AbstractPipeline.copyInto(AbstractPipeline.java:482)
	at java.util.stream.ForEachOps$ForEachTask.compute(ForEachOps.java:291)
	at java.util.concurrent.CountedCompleter.exec(CountedCompleter.java:731)
	at java.util.concurrent.ForkJoinTask.doExec(ForkJoinTask.java:289)
	at java.util.concurrent.ForkJoinPool$WorkQueue.runTask(ForkJoinPool.java:1056)
	at java.util.concurrent.ForkJoinPool.runWorker(ForkJoinPool.java:1692)
	at java.util.concurrent.ForkJoinWorkerThread.run(ForkJoinWorkerThread.java:157)
Caused by: org.apache.ratis.thirdparty.io.grpc.StatusRuntimeException: DEADLINE_EXCEEDED: deadline exceeded after 2998270190ns
	at org.apache.ratis.thirdparty.io.grpc.stub.ClientCalls.toStatusRuntimeException(ClientCalls.java:233)
	at org.apache.ratis.thirdparty.io.grpc.stub.ClientCalls.getUnchecked(ClientCalls.java:214)
	at org.apache.ratis.thirdparty.io.grpc.stub.ClientCalls.blockingUnaryCall(ClientCalls.java:139)
	at org.apache.ratis.proto.grpc.AdminProtocolServiceGrpc$AdminProtocolServiceBlockingStub.groupManagement(AdminProtocolServiceGrpc.java:274)
	at org.apache.ratis.grpc.client.GrpcClientProtocolClient.lambda$groupAdd$3(GrpcClientProtocolClient.java:140)
	at org.apache.ratis.grpc.client.GrpcClientProtocolClient.blockingCall(GrpcClientProtocolClient.java:167)
	... 15 more
2019-08-29 08:17:54,483 [RATISCREATEPIPELINE2] ERROR pipeline.RatisPipelineProvider (RatisPipelineProvider.java:lambda$null$5(235)) - Failed invoke Ratis rpc org.apache.hadoop.hdds.scm.pipeline.RatisPipelineProvider$$Lambda$171/510276410@6057bad2 for 14879765-9127-45ba-89de-04712631aaf6
org.apache.ratis.protocol.TimeoutIOException: deadline exceeded after 2999801875ns
	at org.apache.ratis.grpc.GrpcUtil.tryUnwrapException(GrpcUtil.java:82)
	at org.apache.ratis.grpc.GrpcUtil.unwrapException(GrpcUtil.java:75)
	at org.apache.ratis.grpc.client.GrpcClientProtocolClient.blockingCall(GrpcClientProtocolClient.java:169)
	at org.apache.ratis.grpc.client.GrpcClientProtocolClient.groupAdd(GrpcClientProtocolClient.java:138)
	at org.apache.ratis.grpc.client.GrpcClientRpc.sendRequest(GrpcClientRpc.java:94)
	at org.apache.ratis.client.impl.RaftClientImpl.sendRequest(RaftClientImpl.java:279)
	at org.apache.ratis.client.impl.RaftClientImpl.groupAdd(RaftClientImpl.java:206)
	at org.apache.hadoop.hdds.scm.pipeline.RatisPipelineProvider.lambda$initializePipeline$4(RatisPipelineProvider.java:194)
	at org.apache.hadoop.hdds.scm.pipeline.RatisPipelineProvider.lambda$null$5(RatisPipelineProvider.java:231)
	at java.util.stream.ForEachOps$ForEachOp$OfRef.accept(ForEachOps.java:184)
	at java.util.ArrayList$ArrayListSpliterator.forEachRemaining(ArrayList.java:1382)
	at java.util.stream.AbstractPipeline.copyInto(AbstractPipeline.java:482)
	at java.util.stream.ForEachOps$ForEachTask.compute(ForEachOps.java:291)
	at java.util.concurrent.CountedCompleter.exec(CountedCompleter.java:731)
	at java.util.concurrent.ForkJoinTask.doExec(ForkJoinTask.java:289)
	at java.util.concurrent.ForkJoinPool$WorkQueue.runTask(ForkJoinPool.java:1056)
	at java.util.concurrent.ForkJoinPool.runWorker(ForkJoinPool.java:1692)
	at java.util.concurrent.ForkJoinWorkerThread.run(ForkJoinWorkerThread.java:157)
Caused by: org.apache.ratis.thirdparty.io.grpc.StatusRuntimeException: DEADLINE_EXCEEDED: deadline exceeded after 2999801875ns
	at org.apache.ratis.thirdparty.io.grpc.stub.ClientCalls.toStatusRuntimeException(ClientCalls.java:233)
	at org.apache.ratis.thirdparty.io.grpc.stub.ClientCalls.getUnchecked(ClientCalls.java:214)
	at org.apache.ratis.thirdparty.io.grpc.stub.ClientCalls.blockingUnaryCall(ClientCalls.java:139)
	at org.apache.ratis.proto.grpc.AdminProtocolServiceGrpc$AdminProtocolServiceBlockingStub.groupManagement(AdminProtocolServiceGrpc.java:274)
	at org.apache.ratis.grpc.client.GrpcClientProtocolClient.lambda$groupAdd$3(GrpcClientProtocolClient.java:140)
	at org.apache.ratis.grpc.client.GrpcClientProtocolClient.blockingCall(GrpcClientProtocolClient.java:167)
	... 15 more
2019-08-29 08:17:54,479 [RATISCREATEPIPELINE1] ERROR pipeline.RatisPipelineProvider (RatisPipelineProvider.java:lambda$null$5(235)) - Failed invoke Ratis rpc org.apache.hadoop.hdds.scm.pipeline.RatisPipelineProvider$$Lambda$171/510276410@6057bad2 for dd9a91c5-5c4b-4478-b7f7-3956f198c950
org.apache.ratis.protocol.TimeoutIOException: deadline exceeded after 2999791220ns
	at org.apache.ratis.grpc.GrpcUtil.tryUnwrapException(GrpcUtil.java:82)
	at org.apache.ratis.grpc.GrpcUtil.unwrapException(GrpcUtil.java:75)
	at org.apache.ratis.grpc.client.GrpcClientProtocolClient.blockingCall(GrpcClientProtocolClient.java:169)
	at org.apache.ratis.grpc.client.GrpcClientProtocolClient.groupAdd(GrpcClientProtocolClient.java:138)
	at org.apache.ratis.grpc.client.GrpcClientRpc.sendRequest(GrpcClientRpc.java:94)
	at org.apache.ratis.client.impl.RaftClientImpl.sendRequest(RaftClientImpl.java:279)
	at org.apache.ratis.client.impl.RaftClientImpl.groupAdd(RaftClientImpl.java:206)
	at org.apache.hadoop.hdds.scm.pipeline.RatisPipelineProvider.lambda$initializePipeline$4(RatisPipelineProvider.java:194)
	at org.apache.hadoop.hdds.scm.pipeline.RatisPipelineProvider.lambda$null$5(RatisPipelineProvider.java:231)
	at java.util.stream.ForEachOps$ForEachOp$OfRef.accept(ForEachOps.java:184)
	at java.util.ArrayList$ArrayListSpliterator.forEachRemaining(ArrayList.java:1382)
	at java.util.stream.AbstractPipeline.copyInto(AbstractPipeline.java:482)
	at java.util.stream.ForEachOps$ForEachTask.compute(ForEachOps.java:291)
	at java.util.concurrent.CountedCompleter.exec(CountedCompleter.java:731)
	at java.util.concurrent.ForkJoinTask.doExec(ForkJoinTask.java:289)
	at java.util.concurrent.ForkJoinTask.doInvoke(ForkJoinTask.java:401)
	at java.util.concurrent.ForkJoinTask.invoke(ForkJoinTask.java:734)
	at java.util.stream.ForEachOps$ForEachOp.evaluateParallel(ForEachOps.java:160)
	at java.util.stream.ForEachOps$ForEachOp$OfRef.evaluateParallel(ForEachOps.java:174)
	at java.util.stream.AbstractPipeline.evaluate(AbstractPipeline.java:233)
	at java.util.stream.ReferencePipeline.forEach(ReferencePipeline.java:418)
	at java.util.stream.ReferencePipeline$Head.forEach(ReferencePipeline.java:583)
	at org.apache.hadoop.hdds.scm.pipeline.RatisPipelineProvider.lambda$callRatisRpc$6(RatisPipelineProvider.java:225)
	at java.util.concurrent.ForkJoinTask$AdaptedRunnableAction.exec(ForkJoinTask.java:1386)
	at java.util.concurrent.ForkJoinTask.doExec(ForkJoinTask.java:289)
	at java.util.concurrent.ForkJoinPool$WorkQueue.runTask(ForkJoinPool.java:1056)
	at java.util.concurrent.ForkJoinPool.runWorker(ForkJoinPool.java:1692)
	at java.util.concurrent.ForkJoinWorkerThread.run(ForkJoinWorkerThread.java:157)
Caused by: org.apache.ratis.thirdparty.io.grpc.StatusRuntimeException: DEADLINE_EXCEEDED: deadline exceeded after 2999791220ns
	at org.apache.ratis.thirdparty.io.grpc.stub.ClientCalls.toStatusRuntimeException(ClientCalls.java:233)
	at org.apache.ratis.thirdparty.io.grpc.stub.ClientCalls.getUnchecked(ClientCalls.java:214)
	at org.apache.ratis.thirdparty.io.grpc.stub.ClientCalls.blockingUnaryCall(ClientCalls.java:139)
	at org.apache.ratis.proto.grpc.AdminProtocolServiceGrpc$AdminProtocolServiceBlockingStub.groupManagement(AdminProtocolServiceGrpc.java:274)
	at org.apache.ratis.grpc.client.GrpcClientProtocolClient.lambda$groupAdd$3(GrpcClientProtocolClient.java:140)
	at org.apache.ratis.grpc.client.GrpcClientProtocolClient.blockingCall(GrpcClientProtocolClient.java:167)
	... 25 more
2019-08-29 08:17:54,492 [IPC Server handler 4 on 42726] WARN  block.BlockManagerImpl (BlockManagerImpl.java:allocateBlock(192)) - Pipeline creation failed for type:RATIS factor:THREE. Retrying get pipelines call once.
org.apache.hadoop.io.MultipleIOException: 3 exceptions [java.io.IOException: Failed invoke Ratis rpc org.apache.hadoop.hdds.scm.pipeline.RatisPipelineProvider$$Lambda$171/510276410@6057bad2 for 9b2222ce-dbb0-4da1-b31a-a52ba00795b8, java.io.IOException: Failed invoke Ratis rpc org.apache.hadoop.hdds.scm.pipeline.RatisPipelineProvider$$Lambda$171/510276410@6057bad2 for 14879765-9127-45ba-89de-04712631aaf6, java.io.IOException: Failed invoke Ratis rpc org.apache.hadoop.hdds.scm.pipeline.RatisPipelineProvider$$Lambda$171/510276410@6057bad2 for dd9a91c5-5c4b-4478-b7f7-3956f198c950]
	at org.apache.hadoop.io.MultipleIOException.createIOException(MultipleIOException.java:53)
	at org.apache.hadoop.hdds.scm.pipeline.RatisPipelineProvider.callRatisRpc(RatisPipelineProvider.java:251)
	at org.apache.hadoop.hdds.scm.pipeline.RatisPipelineProvider.initializePipeline(RatisPipelineProvider.java:192)
	at org.apache.hadoop.hdds.scm.pipeline.RatisPipelineProvider.create(RatisPipelineProvider.java:161)
	at org.apache.hadoop.hdds.scm.pipeline.PipelineFactory.create(PipelineFactory.java:57)
	at org.apache.hadoop.hdds.scm.pipeline.SCMPipelineManager.createPipeline(SCMPipelineManager.java:149)
	at org.apache.hadoop.hdds.scm.block.BlockManagerImpl.allocateBlock(BlockManagerImpl.java:190)
	at org.apache.hadoop.hdds.scm.server.SCMBlockProtocolServer.allocateBlock(SCMBlockProtocolServer.java:175)
	at org.apache.hadoop.ozone.protocolPB.ScmBlockLocationProtocolServerSideTranslatorPB.allocateScmBlock(ScmBlockLocationProtocolServerSideTranslatorPB.java:153)
	at org.apache.hadoop.ozone.protocolPB.ScmBlockLocationProtocolServerSideTranslatorPB.send(ScmBlockLocationProtocolServerSideTranslatorPB.java:112)
	at org.apache.hadoop.hdds.protocol.proto.ScmBlockLocationProtocolProtos$ScmBlockLocationProtocolService$2.callBlockingMethod(ScmBlockLocationProtocolProtos.java:13157)
	at org.apache.hadoop.ipc.ProtobufRpcEngine$Server$ProtoBufRpcInvoker.call(ProtobufRpcEngine.java:524)
	at org.apache.hadoop.ipc.RPC$Server.call(RPC.java:1025)
	at org.apache.hadoop.ipc.Server$RpcCall.run(Server.java:876)
	at org.apache.hadoop.ipc.Server$RpcCall.run(Server.java:822)
	at java.security.AccessController.doPrivileged(Native Method)
	at javax.security.auth.Subject.doAs(Subject.java:422)
	at org.apache.hadoop.security.UserGroupInformation.doAs(UserGroupInformation.java:1730)
	at org.apache.hadoop.ipc.Server$Handler.run(Server.java:2682)
2019-08-29 08:17:54,493 [IPC Server handler 4 on 42726] INFO  block.BlockManagerImpl (BlockManagerImpl.java:allocateBlock(198)) - Could not find available pipeline of type:RATIS and factor:THREE even after retrying
2019-08-29 08:17:54,493 [IPC Server handler 4 on 42726] ERROR block.BlockManagerImpl (BlockManagerImpl.java:allocateBlock(222)) - Unable to allocate a block for the size: 4194304, type: RATIS, factor: THREE
2019-08-29 08:17:54,493 | INFO  | SCMAudit | user=jenkins1000 | ip=192.168.34.54 | op=ALLOCATE_BLOCK {owner=b907be6b-be72-4542-91af-def5b892d723, size=4194304, type=RATIS, factor=THREE} | ret=SUCCESS |  
2019-08-29 08:17:54,501 | ERROR | OMAudit | user=jenkins1000 | ip=127.0.0.1 | op=ALLOCATE_KEY {volume=closecontainerexceptionhandlingtest, bucket=closecontainerexceptionhandlingtest, key=7eb6ea3c-662b-45f1-a5bd-cb89122d4ae4, dataSize=0, replicationType=RATIS, replicationFactor=THREE, keyLocationInfo=null} | ret=FAILURE | org.apache.hadoop.hdds.scm.exceptions.SCMException: Allocated 0 blocks. Requested 1 blocks
	at org.apache.hadoop.hdds.scm.protocolPB.ScmBlockLocationProtocolClientSideTranslatorPB.handleError(ScmBlockLocationProtocolClientSideTranslatorPB.java:118)
	at org.apache.hadoop.hdds.scm.protocolPB.ScmBlockLocationProtocolClientSideTranslatorPB.allocateBlock(ScmBlockLocationProtocolClientSideTranslatorPB.java:156) 
]]></system-out>
    <system-err><![CDATA[Aug 29, 2019 8:17:34 AM com.sun.jersey.server.impl.application.WebApplicationImpl _initiate
INFO: Initiating Jersey application, version 'Jersey: 1.19 02/11/2015 03:25 AM'
Aug 29, 2019 8:17:35 AM com.sun.jersey.server.impl.application.WebApplicationImpl _initiate
INFO: Initiating Jersey application, version 'Jersey: 1.19 02/11/2015 03:25 AM'
Aug 29, 2019 8:17:35 AM com.sun.jersey.server.impl.application.WebApplicationImpl _initiate
INFO: Initiating Jersey application, version 'Jersey: 1.19 02/11/2015 03:25 AM'
Aug 29, 2019 8:17:35 AM com.sun.jersey.server.impl.application.WebApplicationImpl _initiate
INFO: Initiating Jersey application, version 'Jersey: 1.19 02/11/2015 03:25 AM'
Aug 29, 2019 8:17:35 AM com.sun.jersey.server.impl.application.WebApplicationImpl _initiate
INFO: Initiating Jersey application, version 'Jersey: 1.19 02/11/2015 03:25 AM'
Aug 29, 2019 8:17:36 AM com.sun.jersey.server.impl.application.WebApplicationImpl _initiate
INFO: Initiating Jersey application, version 'Jersey: 1.19 02/11/2015 03:25 AM'
Aug 29, 2019 8:17:36 AM com.sun.jersey.server.impl.application.WebApplicationImpl _initiate
INFO: Initiating Jersey application, version 'Jersey: 1.19 02/11/2015 03:25 AM'
]]></system-err>
  </testcase>
  <testcase name="testBlockWritesWithFlushAndClose" classname="org.apache.hadoop.ozone.client.rpc.TestCloseContainerHandlingByClient" time="2.004">
    <error message="Allocated 0 blocks. Requested 1 blocks" type="INTERNAL_ERROR org.apache.hadoop.ozone.om.exceptions.OMException">INTERNAL_ERROR org.apache.hadoop.ozone.om.exceptions.OMException: Allocated 0 blocks. Requested 1 blocks
	at org.apache.hadoop.ozone.om.protocolPB.OzoneManagerProtocolClientSideTranslatorPB.handleError(OzoneManagerProtocolClientSideTranslatorPB.java:725)
	at org.apache.hadoop.ozone.om.protocolPB.OzoneManagerProtocolClientSideTranslatorPB.openKey(OzoneManagerProtocolClientSideTranslatorPB.java:716)
	at org.apache.hadoop.ozone.client.rpc.RpcClient.createKey(RpcClient.java:615)
	at org.apache.hadoop.ozone.client.OzoneBucket.createKey(OzoneBucket.java:323)
	at org.apache.hadoop.ozone.container.ContainerTestHelper.createKey(ContainerTestHelper.java:694)
	at org.apache.hadoop.ozone.client.rpc.TestCloseContainerHandlingByClient.createKey(TestCloseContainerHandlingByClient.java:396)
	at org.apache.hadoop.ozone.client.rpc.TestCloseContainerHandlingByClient.testBlockWritesWithFlushAndClose(TestCloseContainerHandlingByClient.java:123)
	at sun.reflect.NativeMethodAccessorImpl.invoke0(Native Method)
	at sun.reflect.NativeMethodAccessorImpl.invoke(NativeMethodAccessorImpl.java:62)
	at sun.reflect.DelegatingMethodAccessorImpl.invoke(DelegatingMethodAccessorImpl.java:43)
	at java.lang.reflect.Method.invoke(Method.java:498)
	at org.junit.runners.model.FrameworkMethod$1.runReflectiveCall(FrameworkMethod.java:47)
	at org.junit.internal.runners.model.ReflectiveCallable.run(ReflectiveCallable.java:12)
	at org.junit.runners.model.FrameworkMethod.invokeExplosively(FrameworkMethod.java:44)
	at org.junit.internal.runners.statements.InvokeMethod.evaluate(InvokeMethod.java:17)
	at org.junit.runners.ParentRunner.runLeaf(ParentRunner.java:271)
	at org.junit.runners.BlockJUnit4ClassRunner.runChild(BlockJUnit4ClassRunner.java:70)
	at org.junit.runners.BlockJUnit4ClassRunner.runChild(BlockJUnit4ClassRunner.java:50)
	at org.junit.runners.ParentRunner$3.run(ParentRunner.java:238)
	at org.junit.runners.ParentRunner$1.schedule(ParentRunner.java:63)
	at org.junit.runners.ParentRunner.runChildren(ParentRunner.java:236)
	at org.junit.runners.ParentRunner.access$000(ParentRunner.java:53)
	at org.junit.runners.ParentRunner$2.evaluate(ParentRunner.java:229)
	at org.junit.internal.runners.statements.RunBefores.evaluate(RunBefores.java:26)
	at org.junit.internal.runners.statements.RunAfters.evaluate(RunAfters.java:27)
	at org.junit.runners.ParentRunner.run(ParentRunner.java:309)
	at org.apache.maven.surefire.junit4.JUnit4Provider.execute(JUnit4Provider.java:365)
	at org.apache.maven.surefire.junit4.JUnit4Provider.executeWithRerun(JUnit4Provider.java:273)
	at org.apache.maven.surefire.junit4.JUnit4Provider.executeTestSet(JUnit4Provider.java:238)
	at org.apache.maven.surefire.junit4.JUnit4Provider.invoke(JUnit4Provider.java:159)
	at org.apache.maven.surefire.booter.ForkedBooter.invokeProviderInSameClassLoader(ForkedBooter.java:384)
	at org.apache.maven.surefire.booter.ForkedBooter.runSuitesInProcess(ForkedBooter.java:345)
	at org.apache.maven.surefire.booter.ForkedBooter.execute(ForkedBooter.java:126)
	at org.apache.maven.surefire.booter.ForkedBooter.main(ForkedBooter.java:418)
</error>
    <system-out><![CDATA[2019-08-29 08:17:54,530 | INFO  | OMAudit | user=jenkins1000 | ip=127.0.0.1 | op=READ_VOLUME {volume=closecontainerexceptionhandlingtest} | ret=SUCCESS |  
2019-08-29 08:17:54,533 | INFO  | OMAudit | user=jenkins1000 | ip=127.0.0.1 | op=READ_BUCKET {volume=closecontainerexceptionhandlingtest, bucket=closecontainerexceptionhandlingtest} | ret=SUCCESS |  
2019-08-29 08:17:54,579 | INFO  | SCMAudit | user=jenkins1000 | ip=192.168.34.54 | op=SEND_HEARTBEAT {datanodeUUID=9b2222ce-dbb0-4da1-b31a-a52ba00795b8, command=[]} | ret=SUCCESS |  
2019-08-29 08:17:54,587 [grpc-default-executor-0] INFO  impl.RaftServerProxy (RaftServerProxy.java:addNew(89)) - dd9a91c5-5c4b-4478-b7f7-3956f198c950: addNew group-29AA9DB7490E:[9b2222ce-dbb0-4da1-b31a-a52ba00795b8:192.168.34.54:34658, dd9a91c5-5c4b-4478-b7f7-3956f198c950:192.168.34.54:35600, 14879765-9127-45ba-89de-04712631aaf6:192.168.34.54:41705] returns group-29AA9DB7490E:java.util.concurrent.CompletableFuture@165900f8[Not completed]
2019-08-29 08:17:54,587 [grpc-default-executor-2] INFO  impl.RaftServerProxy (RaftServerProxy.java:addNew(89)) - 14879765-9127-45ba-89de-04712631aaf6: addNew group-29AA9DB7490E:[9b2222ce-dbb0-4da1-b31a-a52ba00795b8:192.168.34.54:34658, dd9a91c5-5c4b-4478-b7f7-3956f198c950:192.168.34.54:35600, 14879765-9127-45ba-89de-04712631aaf6:192.168.34.54:41705] returns group-29AA9DB7490E:java.util.concurrent.CompletableFuture@4c513b27[Not completed]
2019-08-29 08:17:54,590 [grpc-default-executor-2] INFO  impl.RaftServerProxy (RaftServerProxy.java:addNew(89)) - 9b2222ce-dbb0-4da1-b31a-a52ba00795b8: addNew group-29AA9DB7490E:[9b2222ce-dbb0-4da1-b31a-a52ba00795b8:192.168.34.54:34658, dd9a91c5-5c4b-4478-b7f7-3956f198c950:192.168.34.54:35600, 14879765-9127-45ba-89de-04712631aaf6:192.168.34.54:41705] returns group-29AA9DB7490E:java.util.concurrent.CompletableFuture@3de750cf[Not completed]
2019-08-29 08:17:54,819 | INFO  | SCMAudit | user=jenkins1000 | ip=192.168.34.54 | op=SEND_HEARTBEAT {datanodeUUID=14879765-9127-45ba-89de-04712631aaf6, command=[]} | ret=SUCCESS |  
2019-08-29 08:17:54,870 | INFO  | SCMAudit | user=jenkins1000 | ip=192.168.34.54 | op=SEND_HEARTBEAT {datanodeUUID=dd9a91c5-5c4b-4478-b7f7-3956f198c950, command=[]} | ret=SUCCESS |  
2019-08-29 08:17:55,089 | INFO  | SCMAudit | user=jenkins1000 | ip=192.168.34.54 | op=SEND_HEARTBEAT {datanodeUUID=84674177-5820-4a0b-9345-463c27e4b0c8, command=[]} | ret=SUCCESS |  
2019-08-29 08:17:55,119 | INFO  | SCMAudit | user=jenkins1000 | ip=192.168.34.54 | op=SEND_HEARTBEAT {datanodeUUID=62fbaf2b-c9dd-41a4-90d2-fdfdf099a3b1, command=[]} | ret=SUCCESS |  
2019-08-29 08:17:55,361 | INFO  | SCMAudit | user=jenkins1000 | ip=192.168.34.54 | op=SEND_HEARTBEAT {datanodeUUID=dba0a522-61fc-431c-9633-76c1b0451c6f, command=[]} | ret=SUCCESS |  
2019-08-29 08:17:55,362 | INFO  | SCMAudit | user=jenkins1000 | ip=192.168.34.54 | op=SEND_HEARTBEAT {datanodeUUID=4e66ed9b-7a7a-49e4-a069-f2e74814d405, command=[]} | ret=SUCCESS |  
2019-08-29 08:17:55,569 | INFO  | SCMAudit | user=jenkins1000 | ip=192.168.34.54 | op=SEND_HEARTBEAT {datanodeUUID=9b2222ce-dbb0-4da1-b31a-a52ba00795b8, command=[]} | ret=SUCCESS |  
2019-08-29 08:17:55,820 | INFO  | SCMAudit | user=jenkins1000 | ip=192.168.34.54 | op=SEND_HEARTBEAT {datanodeUUID=14879765-9127-45ba-89de-04712631aaf6, command=[]} | ret=SUCCESS |  
2019-08-29 08:17:55,870 | INFO  | SCMAudit | user=jenkins1000 | ip=192.168.34.54 | op=SEND_HEARTBEAT {datanodeUUID=dd9a91c5-5c4b-4478-b7f7-3956f198c950, command=[]} | ret=SUCCESS |  
2019-08-29 08:17:56,089 | INFO  | SCMAudit | user=jenkins1000 | ip=192.168.34.54 | op=SEND_HEARTBEAT {datanodeUUID=84674177-5820-4a0b-9345-463c27e4b0c8, command=[]} | ret=SUCCESS |  
2019-08-29 08:17:56,119 | INFO  | SCMAudit | user=jenkins1000 | ip=192.168.34.54 | op=SEND_HEARTBEAT {datanodeUUID=62fbaf2b-c9dd-41a4-90d2-fdfdf099a3b1, command=[]} | ret=SUCCESS |  
2019-08-29 08:17:56,361 | INFO  | SCMAudit | user=jenkins1000 | ip=192.168.34.54 | op=SEND_HEARTBEAT {datanodeUUID=dba0a522-61fc-431c-9633-76c1b0451c6f, command=[]} | ret=SUCCESS |  
2019-08-29 08:17:56,361 | INFO  | SCMAudit | user=jenkins1000 | ip=192.168.34.54 | op=SEND_HEARTBEAT {datanodeUUID=4e66ed9b-7a7a-49e4-a069-f2e74814d405, command=[]} | ret=SUCCESS |  
2019-08-29 08:17:56,570 | INFO  | SCMAudit | user=jenkins1000 | ip=192.168.34.54 | op=SEND_HEARTBEAT {datanodeUUID=9b2222ce-dbb0-4da1-b31a-a52ba00795b8, command=[]} | ret=SUCCESS |  
2019-08-29 08:17:56,820 | INFO  | SCMAudit | user=jenkins1000 | ip=192.168.34.54 | op=SEND_HEARTBEAT {datanodeUUID=14879765-9127-45ba-89de-04712631aaf6, command=[]} | ret=SUCCESS |  
2019-08-29 08:17:56,870 | INFO  | SCMAudit | user=jenkins1000 | ip=192.168.34.54 | op=SEND_HEARTBEAT {datanodeUUID=dd9a91c5-5c4b-4478-b7f7-3956f198c950, command=[]} | ret=SUCCESS |  
2019-08-29 08:17:56,935 [pool-60-thread-1] INFO  storage.RaftStorageDirectory (RaftStorageDirectory.java:tryLock(328)) - Lock on /workdir/hadoop-ozone/integration-test/target/test-dir/MiniOzoneClusterImpl-ef39a000-56f8-499f-ba54-08500adcb141/datanode-3/data/ratis/23124dfc-bcd1-4b4b-805a-59b4fd6504db/in_use.lock acquired by nodename 28333@pr-hdds-1553-zhl8q-89899572
2019-08-29 08:17:56,935 [pool-49-thread-1] INFO  storage.RaftStorageDirectory (RaftStorageDirectory.java:tryLock(328)) - Lock on /workdir/hadoop-ozone/integration-test/target/test-dir/MiniOzoneClusterImpl-ef39a000-56f8-499f-ba54-08500adcb141/datanode-2/data/ratis/23124dfc-bcd1-4b4b-805a-59b4fd6504db/in_use.lock acquired by nodename 28333@pr-hdds-1553-zhl8q-89899572
2019-08-29 08:17:56,935 [pool-93-thread-1] INFO  storage.RaftStorageDirectory (RaftStorageDirectory.java:tryLock(328)) - Lock on /workdir/hadoop-ozone/integration-test/target/test-dir/MiniOzoneClusterImpl-ef39a000-56f8-499f-ba54-08500adcb141/datanode-6/data/ratis/f1a0ed22-4e3a-4c8f-bf99-91c7a3b7e451/in_use.lock acquired by nodename 28333@pr-hdds-1553-zhl8q-89899572
2019-08-29 08:17:56,936 [62fbaf2b-c9dd-41a4-90d2-fdfdf099a3b1:group-DEF757EF0DF5:LeaderElection1] INFO  impl.LeaderElection (LeaderElection.java:askForVotes(181)) - 62fbaf2b-c9dd-41a4-90d2-fdfdf099a3b1:group-DEF757EF0DF5:LeaderElection1: begin an election at term 1 for -1: [62fbaf2b-c9dd-41a4-90d2-fdfdf099a3b1:192.168.34.54:37907], old=null
2019-08-29 08:17:56,940 [62fbaf2b-c9dd-41a4-90d2-fdfdf099a3b1:group-DEF757EF0DF5:LeaderElection1] INFO  impl.RoleInfo (RoleInfo.java:shutdownLeaderElection(134)) - 62fbaf2b-c9dd-41a4-90d2-fdfdf099a3b1: shutdown LeaderElection
2019-08-29 08:17:56,941 [62fbaf2b-c9dd-41a4-90d2-fdfdf099a3b1:group-DEF757EF0DF5:LeaderElection1] INFO  impl.RaftServerImpl (RaftServerImpl.java:setRole(171)) - 62fbaf2b-c9dd-41a4-90d2-fdfdf099a3b1:group-DEF757EF0DF5 changes role from CANDIDATE to LEADER at term 1 for changeToLeader
2019-08-29 08:17:56,941 [62fbaf2b-c9dd-41a4-90d2-fdfdf099a3b1:group-DEF757EF0DF5:LeaderElection1] INFO  impl.RaftServerImpl (ServerState.java:setLeader(263)) - 62fbaf2b-c9dd-41a4-90d2-fdfdf099a3b1:group-DEF757EF0DF5 change Leader from null to 62fbaf2b-c9dd-41a4-90d2-fdfdf099a3b1 at term 1 for becomeLeader, leader elected after 14347ms
2019-08-29 08:17:56,954 [62fbaf2b-c9dd-41a4-90d2-fdfdf099a3b1:group-DEF757EF0DF5:LeaderElection1] INFO  server.RaftServerConfigKeys (ConfUtils.java:logGet(43)) - raft.server.staging.catchup.gap = 1000 (default)
2019-08-29 08:17:56,954 [62fbaf2b-c9dd-41a4-90d2-fdfdf099a3b1:group-DEF757EF0DF5:LeaderElection1] INFO  server.RaftServerConfigKeys (ConfUtils.java:logGet(43)) - raft.server.rpc.sleep.time = 25ms (default)
2019-08-29 08:17:56,959 [62fbaf2b-c9dd-41a4-90d2-fdfdf099a3b1:group-DEF757EF0DF5:LeaderElection1] INFO  server.RaftServerConfigKeys (ConfUtils.java:logGet(43)) - raft.server.write.element-limit = 4096 (default)
2019-08-29 08:17:56,963 [62fbaf2b-c9dd-41a4-90d2-fdfdf099a3b1:group-DEF757EF0DF5:LeaderElection1] INFO  server.RaftServerConfigKeys (ConfUtils.java:logGet(43)) - raft.server.watch.timeout = 10s (default)
2019-08-29 08:17:56,964 [62fbaf2b-c9dd-41a4-90d2-fdfdf099a3b1:group-DEF757EF0DF5:LeaderElection1] INFO  server.RaftServerConfigKeys (ConfUtils.java:logGet(43)) - raft.server.watch.timeout.denomination = 1s (default)
2019-08-29 08:17:56,965 [62fbaf2b-c9dd-41a4-90d2-fdfdf099a3b1:group-DEF757EF0DF5:LeaderElection1] INFO  server.RaftServerConfigKeys (ConfUtils.java:logGet(43)) - raft.server.watch.element-limit = 65536 (default)
2019-08-29 08:17:56,977 [62fbaf2b-c9dd-41a4-90d2-fdfdf099a3b1:group-DEF757EF0DF5:LeaderElection1] INFO  impl.RoleInfo (RoleInfo.java:updateAndGet(143)) - 62fbaf2b-c9dd-41a4-90d2-fdfdf099a3b1: start LeaderState
2019-08-29 08:17:57,008 [62fbaf2b-c9dd-41a4-90d2-fdfdf099a3b1:group-DEF757EF0DF5:LeaderElection1] INFO  segmented.SegmentedRaftLogWorker (SegmentedRaftLogWorker.java:startLogSegment(380)) - 62fbaf2b-c9dd-41a4-90d2-fdfdf099a3b1-SegmentedRaftLogWorker:Storage Directory /workdir/hadoop-ozone/integration-test/target/test-dir/MiniOzoneClusterImpl-ef39a000-56f8-499f-ba54-08500adcb141/datanode-0/data/ratis/6bdbb6e9-2eaf-4143-a03e-def757ef0df5: Starting segment from index:0
2019-08-29 08:17:57,019 [62fbaf2b-c9dd-41a4-90d2-fdfdf099a3b1:group-DEF757EF0DF5:LeaderElection1] INFO  impl.RaftServerImpl (ServerState.java:setRaftConf(361)) - 62fbaf2b-c9dd-41a4-90d2-fdfdf099a3b1:group-DEF757EF0DF5 set configuration 0: [62fbaf2b-c9dd-41a4-90d2-fdfdf099a3b1:192.168.34.54:37907], old=null at 0
2019-08-29 08:17:57,089 | INFO  | SCMAudit | user=jenkins1000 | ip=192.168.34.54 | op=SEND_HEARTBEAT {datanodeUUID=84674177-5820-4a0b-9345-463c27e4b0c8, command=[]} | ret=SUCCESS |  
2019-08-29 08:17:57,120 | INFO  | SCMAudit | user=jenkins1000 | ip=192.168.34.54 | op=SEND_HEARTBEAT {datanodeUUID=62fbaf2b-c9dd-41a4-90d2-fdfdf099a3b1, command=[]} | ret=SUCCESS |  
2019-08-29 08:17:57,361 | INFO  | SCMAudit | user=jenkins1000 | ip=192.168.34.54 | op=SEND_HEARTBEAT {datanodeUUID=dba0a522-61fc-431c-9633-76c1b0451c6f, command=[]} | ret=SUCCESS |  
2019-08-29 08:17:57,362 | INFO  | SCMAudit | user=jenkins1000 | ip=192.168.34.54 | op=SEND_HEARTBEAT {datanodeUUID=4e66ed9b-7a7a-49e4-a069-f2e74814d405, command=[]} | ret=SUCCESS |  
2019-08-29 08:17:57,566 [RATISCREATEPIPELINE3] ERROR pipeline.RatisPipelineProvider (RatisPipelineProvider.java:lambda$null$5(235)) - Failed invoke Ratis rpc org.apache.hadoop.hdds.scm.pipeline.RatisPipelineProvider$$Lambda$171/510276410@38c51c0 for 14879765-9127-45ba-89de-04712631aaf6
org.apache.ratis.protocol.TimeoutIOException: deadline exceeded after 2999658736ns
	at org.apache.ratis.grpc.GrpcUtil.tryUnwrapException(GrpcUtil.java:82)
	at org.apache.ratis.grpc.GrpcUtil.unwrapException(GrpcUtil.java:75)
	at org.apache.ratis.grpc.client.GrpcClientProtocolClient.blockingCall(GrpcClientProtocolClient.java:169)
	at org.apache.ratis.grpc.client.GrpcClientProtocolClient.groupAdd(GrpcClientProtocolClient.java:138)
	at org.apache.ratis.grpc.client.GrpcClientRpc.sendRequest(GrpcClientRpc.java:94)
	at org.apache.ratis.client.impl.RaftClientImpl.sendRequest(RaftClientImpl.java:279)
	at org.apache.ratis.client.impl.RaftClientImpl.groupAdd(RaftClientImpl.java:206)
	at org.apache.hadoop.hdds.scm.pipeline.RatisPipelineProvider.lambda$initializePipeline$4(RatisPipelineProvider.java:194)
	at org.apache.hadoop.hdds.scm.pipeline.RatisPipelineProvider.lambda$null$5(RatisPipelineProvider.java:231)
	at java.util.stream.ForEachOps$ForEachOp$OfRef.accept(ForEachOps.java:184)
	at java.util.ArrayList$ArrayListSpliterator.forEachRemaining(ArrayList.java:1382)
	at java.util.stream.AbstractPipeline.copyInto(AbstractPipeline.java:482)
	at java.util.stream.ForEachOps$ForEachTask.compute(ForEachOps.java:291)
	at java.util.concurrent.CountedCompleter.exec(CountedCompleter.java:731)
	at java.util.concurrent.ForkJoinTask.doExec(ForkJoinTask.java:289)
	at java.util.concurrent.ForkJoinPool$WorkQueue.runTask(ForkJoinPool.java:1056)
	at java.util.concurrent.ForkJoinPool.runWorker(ForkJoinPool.java:1692)
	at java.util.concurrent.ForkJoinWorkerThread.run(ForkJoinWorkerThread.java:157)
Caused by: org.apache.ratis.thirdparty.io.grpc.StatusRuntimeException: DEADLINE_EXCEEDED: deadline exceeded after 2999658736ns
	at org.apache.ratis.thirdparty.io.grpc.stub.ClientCalls.toStatusRuntimeException(ClientCalls.java:233)
	at org.apache.ratis.thirdparty.io.grpc.stub.ClientCalls.getUnchecked(ClientCalls.java:214)
	at org.apache.ratis.thirdparty.io.grpc.stub.ClientCalls.blockingUnaryCall(ClientCalls.java:139)
	at org.apache.ratis.proto.grpc.AdminProtocolServiceGrpc$AdminProtocolServiceBlockingStub.groupManagement(AdminProtocolServiceGrpc.java:274)
	at org.apache.ratis.grpc.client.GrpcClientProtocolClient.lambda$groupAdd$3(GrpcClientProtocolClient.java:140)
	at org.apache.ratis.grpc.client.GrpcClientProtocolClient.blockingCall(GrpcClientProtocolClient.java:167)
	... 15 more
2019-08-29 08:17:57,575 | INFO  | SCMAudit | user=jenkins1000 | ip=192.168.34.54 | op=SEND_HEARTBEAT {datanodeUUID=9b2222ce-dbb0-4da1-b31a-a52ba00795b8, command=[]} | ret=SUCCESS |  
2019-08-29 08:17:57,566 [RATISCREATEPIPELINE1] ERROR pipeline.RatisPipelineProvider (RatisPipelineProvider.java:lambda$null$5(235)) - Failed invoke Ratis rpc org.apache.hadoop.hdds.scm.pipeline.RatisPipelineProvider$$Lambda$171/510276410@38c51c0 for dd9a91c5-5c4b-4478-b7f7-3956f198c950
org.apache.ratis.protocol.TimeoutIOException: deadline exceeded after 2999636410ns
	at org.apache.ratis.grpc.GrpcUtil.tryUnwrapException(GrpcUtil.java:82)
	at org.apache.ratis.grpc.GrpcUtil.unwrapException(GrpcUtil.java:75)
	at org.apache.ratis.grpc.client.GrpcClientProtocolClient.blockingCall(GrpcClientProtocolClient.java:169)
	at org.apache.ratis.grpc.client.GrpcClientProtocolClient.groupAdd(GrpcClientProtocolClient.java:138)
	at org.apache.ratis.grpc.client.GrpcClientRpc.sendRequest(GrpcClientRpc.java:94)
	at org.apache.ratis.client.impl.RaftClientImpl.sendRequest(RaftClientImpl.java:279)
	at org.apache.ratis.client.impl.RaftClientImpl.groupAdd(RaftClientImpl.java:206)
	at org.apache.hadoop.hdds.scm.pipeline.RatisPipelineProvider.lambda$initializePipeline$4(RatisPipelineProvider.java:194)
	at org.apache.hadoop.hdds.scm.pipeline.RatisPipelineProvider.lambda$null$5(RatisPipelineProvider.java:231)
	at java.util.stream.ForEachOps$ForEachOp$OfRef.accept(ForEachOps.java:184)
	at java.util.ArrayList$ArrayListSpliterator.forEachRemaining(ArrayList.java:1382)
	at java.util.stream.AbstractPipeline.copyInto(AbstractPipeline.java:482)
	at java.util.stream.ForEachOps$ForEachTask.compute(ForEachOps.java:291)
	at java.util.concurrent.CountedCompleter.exec(CountedCompleter.java:731)
	at java.util.concurrent.ForkJoinTask.doExec(ForkJoinTask.java:289)
	at java.util.concurrent.ForkJoinTask.doInvoke(ForkJoinTask.java:401)
	at java.util.concurrent.ForkJoinTask.invoke(ForkJoinTask.java:734)
	at java.util.stream.ForEachOps$ForEachOp.evaluateParallel(ForEachOps.java:160)
	at java.util.stream.ForEachOps$ForEachOp$OfRef.evaluateParallel(ForEachOps.java:174)
	at java.util.stream.AbstractPipeline.evaluate(AbstractPipeline.java:233)
	at java.util.stream.ReferencePipeline.forEach(ReferencePipeline.java:418)
	at java.util.stream.ReferencePipeline$Head.forEach(ReferencePipeline.java:583)
	at org.apache.hadoop.hdds.scm.pipeline.RatisPipelineProvider.lambda$callRatisRpc$6(RatisPipelineProvider.java:225)
	at java.util.concurrent.ForkJoinTask$AdaptedRunnableAction.exec(ForkJoinTask.java:1386)
	at java.util.concurrent.ForkJoinTask.doExec(ForkJoinTask.java:289)
	at java.util.concurrent.ForkJoinPool$WorkQueue.runTask(ForkJoinPool.java:1056)
	at java.util.concurrent.ForkJoinPool.runWorker(ForkJoinPool.java:1692)
	at java.util.concurrent.ForkJoinWorkerThread.run(ForkJoinWorkerThread.java:157)
Caused by: org.apache.ratis.thirdparty.io.grpc.StatusRuntimeException: DEADLINE_EXCEEDED: deadline exceeded after 2999636410ns
	at org.apache.ratis.thirdparty.io.grpc.stub.ClientCalls.toStatusRuntimeException(ClientCalls.java:233)
	at org.apache.ratis.thirdparty.io.grpc.stub.ClientCalls.getUnchecked(ClientCalls.java:214)
	at org.apache.ratis.thirdparty.io.grpc.stub.ClientCalls.blockingUnaryCall(ClientCalls.java:139)
	at org.apache.ratis.proto.grpc.AdminProtocolServiceGrpc$AdminProtocolServiceBlockingStub.groupManagement(AdminProtocolServiceGrpc.java:274)
	at org.apache.ratis.grpc.client.GrpcClientProtocolClient.lambda$groupAdd$3(GrpcClientProtocolClient.java:140)
	at org.apache.ratis.grpc.client.GrpcClientProtocolClient.blockingCall(GrpcClientProtocolClient.java:167)
	... 25 more
2019-08-29 08:17:57,566 [RATISCREATEPIPELINE2] ERROR pipeline.RatisPipelineProvider (RatisPipelineProvider.java:lambda$null$5(235)) - Failed invoke Ratis rpc org.apache.hadoop.hdds.scm.pipeline.RatisPipelineProvider$$Lambda$171/510276410@38c51c0 for 9b2222ce-dbb0-4da1-b31a-a52ba00795b8
org.apache.ratis.protocol.TimeoutIOException: deadline exceeded after 2999636594ns
	at org.apache.ratis.grpc.GrpcUtil.tryUnwrapException(GrpcUtil.java:82)
	at org.apache.ratis.grpc.GrpcUtil.unwrapException(GrpcUtil.java:75)
	at org.apache.ratis.grpc.client.GrpcClientProtocolClient.blockingCall(GrpcClientProtocolClient.java:169)
	at org.apache.ratis.grpc.client.GrpcClientProtocolClient.groupAdd(GrpcClientProtocolClient.java:138)
	at org.apache.ratis.grpc.client.GrpcClientRpc.sendRequest(GrpcClientRpc.java:94)
	at org.apache.ratis.client.impl.RaftClientImpl.sendRequest(RaftClientImpl.java:279)
	at org.apache.ratis.client.impl.RaftClientImpl.groupAdd(RaftClientImpl.java:206)
	at org.apache.hadoop.hdds.scm.pipeline.RatisPipelineProvider.lambda$initializePipeline$4(RatisPipelineProvider.java:194)
	at org.apache.hadoop.hdds.scm.pipeline.RatisPipelineProvider.lambda$null$5(RatisPipelineProvider.java:231)
	at java.util.stream.ForEachOps$ForEachOp$OfRef.accept(ForEachOps.java:184)
	at java.util.ArrayList$ArrayListSpliterator.forEachRemaining(ArrayList.java:1382)
	at java.util.stream.AbstractPipeline.copyInto(AbstractPipeline.java:482)
	at java.util.stream.ForEachOps$ForEachTask.compute(ForEachOps.java:291)
	at java.util.concurrent.CountedCompleter.exec(CountedCompleter.java:731)
	at java.util.concurrent.ForkJoinTask.doExec(ForkJoinTask.java:289)
	at java.util.concurrent.ForkJoinPool$WorkQueue.runTask(ForkJoinPool.java:1056)
	at java.util.concurrent.ForkJoinPool.runWorker(ForkJoinPool.java:1692)
	at java.util.concurrent.ForkJoinWorkerThread.run(ForkJoinWorkerThread.java:157)
Caused by: org.apache.ratis.thirdparty.io.grpc.StatusRuntimeException: DEADLINE_EXCEEDED: deadline exceeded after 2999636594ns
	at org.apache.ratis.thirdparty.io.grpc.stub.ClientCalls.toStatusRuntimeException(ClientCalls.java:233)
	at org.apache.ratis.thirdparty.io.grpc.stub.ClientCalls.getUnchecked(ClientCalls.java:214)
	at org.apache.ratis.thirdparty.io.grpc.stub.ClientCalls.blockingUnaryCall(ClientCalls.java:139)
	at org.apache.ratis.proto.grpc.AdminProtocolServiceGrpc$AdminProtocolServiceBlockingStub.groupManagement(AdminProtocolServiceGrpc.java:274)
	at org.apache.ratis.grpc.client.GrpcClientProtocolClient.lambda$groupAdd$3(GrpcClientProtocolClient.java:140)
	at org.apache.ratis.grpc.client.GrpcClientProtocolClient.blockingCall(GrpcClientProtocolClient.java:167)
	... 15 more
2019-08-29 08:17:57,579 [IPC Server handler 0 on 42726] WARN  block.BlockManagerImpl (BlockManagerImpl.java:allocateBlock(192)) - Pipeline creation failed for type:RATIS factor:THREE. Retrying get pipelines call once.
org.apache.hadoop.io.MultipleIOException: 3 exceptions [java.io.IOException: Failed invoke Ratis rpc org.apache.hadoop.hdds.scm.pipeline.RatisPipelineProvider$$Lambda$171/510276410@38c51c0 for 14879765-9127-45ba-89de-04712631aaf6, java.io.IOException: Failed invoke Ratis rpc org.apache.hadoop.hdds.scm.pipeline.RatisPipelineProvider$$Lambda$171/510276410@38c51c0 for dd9a91c5-5c4b-4478-b7f7-3956f198c950, java.io.IOException: Failed invoke Ratis rpc org.apache.hadoop.hdds.scm.pipeline.RatisPipelineProvider$$Lambda$171/510276410@38c51c0 for 9b2222ce-dbb0-4da1-b31a-a52ba00795b8]
	at org.apache.hadoop.io.MultipleIOException.createIOException(MultipleIOException.java:53)
	at org.apache.hadoop.hdds.scm.pipeline.RatisPipelineProvider.callRatisRpc(RatisPipelineProvider.java:251)
	at org.apache.hadoop.hdds.scm.pipeline.RatisPipelineProvider.initializePipeline(RatisPipelineProvider.java:192)
	at org.apache.hadoop.hdds.scm.pipeline.RatisPipelineProvider.create(RatisPipelineProvider.java:161)
	at org.apache.hadoop.hdds.scm.pipeline.PipelineFactory.create(PipelineFactory.java:57)
	at org.apache.hadoop.hdds.scm.pipeline.SCMPipelineManager.createPipeline(SCMPipelineManager.java:149)
	at org.apache.hadoop.hdds.scm.block.BlockManagerImpl.allocateBlock(BlockManagerImpl.java:190)
	at org.apache.hadoop.hdds.scm.server.SCMBlockProtocolServer.allocateBlock(SCMBlockProtocolServer.java:175)
	at org.apache.hadoop.ozone.protocolPB.ScmBlockLocationProtocolServerSideTranslatorPB.allocateScmBlock(ScmBlockLocationProtocolServerSideTranslatorPB.java:153)
	at org.apache.hadoop.ozone.protocolPB.ScmBlockLocationProtocolServerSideTranslatorPB.send(ScmBlockLocationProtocolServerSideTranslatorPB.java:112)
	at org.apache.hadoop.hdds.protocol.proto.ScmBlockLocationProtocolProtos$ScmBlockLocationProtocolService$2.callBlockingMethod(ScmBlockLocationProtocolProtos.java:13157)
	at org.apache.hadoop.ipc.ProtobufRpcEngine$Server$ProtoBufRpcInvoker.call(ProtobufRpcEngine.java:524)
	at org.apache.hadoop.ipc.RPC$Server.call(RPC.java:1025)
	at org.apache.hadoop.ipc.Server$RpcCall.run(Server.java:876)
	at org.apache.hadoop.ipc.Server$RpcCall.run(Server.java:822)
	at java.security.AccessController.doPrivileged(Native Method)
	at javax.security.auth.Subject.doAs(Subject.java:422)
	at org.apache.hadoop.security.UserGroupInformation.doAs(UserGroupInformation.java:1730)
	at org.apache.hadoop.ipc.Server$Handler.run(Server.java:2682)
2019-08-29 08:17:57,580 [IPC Server handler 0 on 42726] INFO  block.BlockManagerImpl (BlockManagerImpl.java:allocateBlock(198)) - Could not find available pipeline of type:RATIS and factor:THREE even after retrying
2019-08-29 08:17:57,580 [IPC Server handler 0 on 42726] ERROR block.BlockManagerImpl (BlockManagerImpl.java:allocateBlock(222)) - Unable to allocate a block for the size: 4194304, type: RATIS, factor: THREE
2019-08-29 08:17:57,580 | INFO  | SCMAudit | user=jenkins1000 | ip=192.168.34.54 | op=ALLOCATE_BLOCK {owner=b907be6b-be72-4542-91af-def5b892d723, size=4194304, type=RATIS, factor=THREE} | ret=SUCCESS |  
2019-08-29 08:17:57,581 | ERROR | OMAudit | user=jenkins1000 | ip=127.0.0.1 | op=ALLOCATE_KEY {volume=closecontainerexceptionhandlingtest, bucket=closecontainerexceptionhandlingtest, key=4e1ce488-0c44-4e54-8a21-d5da08ca390c, dataSize=0, replicationType=RATIS, replicationFactor=THREE, keyLocationInfo=null} | ret=FAILURE | org.apache.hadoop.hdds.scm.exceptions.SCMException: Allocated 0 blocks. Requested 1 blocks
	at org.apache.hadoop.hdds.scm.protocolPB.ScmBlockLocationProtocolClientSideTranslatorPB.handleError(ScmBlockLocationProtocolClientSideTranslatorPB.java:118)
	at org.apache.hadoop.hdds.scm.protocolPB.ScmBlockLocationProtocolClientSideTranslatorPB.allocateBlock(ScmBlockLocationProtocolClientSideTranslatorPB.java:156) 
]]></system-out>
  </testcase>
  <testcase name="testBlockWritesCloseConsistency" classname="org.apache.hadoop.ozone.client.rpc.TestCloseContainerHandlingByClient" time="3.043">
    <error message="Allocated 0 blocks. Requested 1 blocks" type="INTERNAL_ERROR org.apache.hadoop.ozone.om.exceptions.OMException">INTERNAL_ERROR org.apache.hadoop.ozone.om.exceptions.OMException: Allocated 0 blocks. Requested 1 blocks
	at org.apache.hadoop.ozone.om.protocolPB.OzoneManagerProtocolClientSideTranslatorPB.handleError(OzoneManagerProtocolClientSideTranslatorPB.java:725)
	at org.apache.hadoop.ozone.om.protocolPB.OzoneManagerProtocolClientSideTranslatorPB.openKey(OzoneManagerProtocolClientSideTranslatorPB.java:716)
	at org.apache.hadoop.ozone.client.rpc.RpcClient.createKey(RpcClient.java:615)
	at org.apache.hadoop.ozone.client.OzoneBucket.createKey(OzoneBucket.java:323)
	at org.apache.hadoop.ozone.container.ContainerTestHelper.createKey(ContainerTestHelper.java:694)
	at org.apache.hadoop.ozone.client.rpc.TestCloseContainerHandlingByClient.createKey(TestCloseContainerHandlingByClient.java:396)
	at org.apache.hadoop.ozone.client.rpc.TestCloseContainerHandlingByClient.testBlockWritesCloseConsistency(TestCloseContainerHandlingByClient.java:156)
	at sun.reflect.NativeMethodAccessorImpl.invoke0(Native Method)
	at sun.reflect.NativeMethodAccessorImpl.invoke(NativeMethodAccessorImpl.java:62)
	at sun.reflect.DelegatingMethodAccessorImpl.invoke(DelegatingMethodAccessorImpl.java:43)
	at java.lang.reflect.Method.invoke(Method.java:498)
	at org.junit.runners.model.FrameworkMethod$1.runReflectiveCall(FrameworkMethod.java:47)
	at org.junit.internal.runners.model.ReflectiveCallable.run(ReflectiveCallable.java:12)
	at org.junit.runners.model.FrameworkMethod.invokeExplosively(FrameworkMethod.java:44)
	at org.junit.internal.runners.statements.InvokeMethod.evaluate(InvokeMethod.java:17)
	at org.junit.runners.ParentRunner.runLeaf(ParentRunner.java:271)
	at org.junit.runners.BlockJUnit4ClassRunner.runChild(BlockJUnit4ClassRunner.java:70)
	at org.junit.runners.BlockJUnit4ClassRunner.runChild(BlockJUnit4ClassRunner.java:50)
	at org.junit.runners.ParentRunner$3.run(ParentRunner.java:238)
	at org.junit.runners.ParentRunner$1.schedule(ParentRunner.java:63)
	at org.junit.runners.ParentRunner.runChildren(ParentRunner.java:236)
	at org.junit.runners.ParentRunner.access$000(ParentRunner.java:53)
	at org.junit.runners.ParentRunner$2.evaluate(ParentRunner.java:229)
	at org.junit.internal.runners.statements.RunBefores.evaluate(RunBefores.java:26)
	at org.junit.internal.runners.statements.RunAfters.evaluate(RunAfters.java:27)
	at org.junit.runners.ParentRunner.run(ParentRunner.java:309)
	at org.apache.maven.surefire.junit4.JUnit4Provider.execute(JUnit4Provider.java:365)
	at org.apache.maven.surefire.junit4.JUnit4Provider.executeWithRerun(JUnit4Provider.java:273)
	at org.apache.maven.surefire.junit4.JUnit4Provider.executeTestSet(JUnit4Provider.java:238)
	at org.apache.maven.surefire.junit4.JUnit4Provider.invoke(JUnit4Provider.java:159)
	at org.apache.maven.surefire.booter.ForkedBooter.invokeProviderInSameClassLoader(ForkedBooter.java:384)
	at org.apache.maven.surefire.booter.ForkedBooter.runSuitesInProcess(ForkedBooter.java:345)
	at org.apache.maven.surefire.booter.ForkedBooter.execute(ForkedBooter.java:126)
	at org.apache.maven.surefire.booter.ForkedBooter.main(ForkedBooter.java:418)
</error>
    <system-out><![CDATA[2019-08-29 08:17:57,587 | INFO  | OMAudit | user=jenkins1000 | ip=127.0.0.1 | op=READ_VOLUME {volume=closecontainerexceptionhandlingtest} | ret=SUCCESS |  
2019-08-29 08:17:57,589 | INFO  | OMAudit | user=jenkins1000 | ip=127.0.0.1 | op=READ_BUCKET {volume=closecontainerexceptionhandlingtest, bucket=closecontainerexceptionhandlingtest} | ret=SUCCESS |  
2019-08-29 08:17:57,612 [grpc-default-executor-1] INFO  impl.RaftServerProxy (RaftServerProxy.java:addNew(89)) - 9b2222ce-dbb0-4da1-b31a-a52ba00795b8: addNew group-F4E1730B74EE:[9b2222ce-dbb0-4da1-b31a-a52ba00795b8:192.168.34.54:34658, dd9a91c5-5c4b-4478-b7f7-3956f198c950:192.168.34.54:35600, 14879765-9127-45ba-89de-04712631aaf6:192.168.34.54:41705] returns group-F4E1730B74EE:java.util.concurrent.CompletableFuture@c36085d[Not completed]
2019-08-29 08:17:57,612 [grpc-default-executor-2] INFO  impl.RaftServerProxy (RaftServerProxy.java:addNew(89)) - 14879765-9127-45ba-89de-04712631aaf6: addNew group-F4E1730B74EE:[9b2222ce-dbb0-4da1-b31a-a52ba00795b8:192.168.34.54:34658, dd9a91c5-5c4b-4478-b7f7-3956f198c950:192.168.34.54:35600, 14879765-9127-45ba-89de-04712631aaf6:192.168.34.54:41705] returns group-F4E1730B74EE:java.util.concurrent.CompletableFuture@5a347e24[Not completed]
2019-08-29 08:17:57,612 [grpc-default-executor-0] INFO  impl.RaftServerProxy (RaftServerProxy.java:addNew(89)) - dd9a91c5-5c4b-4478-b7f7-3956f198c950: addNew group-F4E1730B74EE:[9b2222ce-dbb0-4da1-b31a-a52ba00795b8:192.168.34.54:34658, dd9a91c5-5c4b-4478-b7f7-3956f198c950:192.168.34.54:35600, 14879765-9127-45ba-89de-04712631aaf6:192.168.34.54:41705] returns group-F4E1730B74EE:java.util.concurrent.CompletableFuture@37c6b904[Not completed]
2019-08-29 08:17:57,820 | INFO  | SCMAudit | user=jenkins1000 | ip=192.168.34.54 | op=SEND_HEARTBEAT {datanodeUUID=14879765-9127-45ba-89de-04712631aaf6, command=[]} | ret=SUCCESS |  
2019-08-29 08:17:57,870 | INFO  | SCMAudit | user=jenkins1000 | ip=192.168.34.54 | op=SEND_HEARTBEAT {datanodeUUID=dd9a91c5-5c4b-4478-b7f7-3956f198c950, command=[]} | ret=SUCCESS |  
2019-08-29 08:17:58,089 | INFO  | SCMAudit | user=jenkins1000 | ip=192.168.34.54 | op=SEND_HEARTBEAT {datanodeUUID=84674177-5820-4a0b-9345-463c27e4b0c8, command=[]} | ret=SUCCESS |  
2019-08-29 08:17:58,119 | INFO  | SCMAudit | user=jenkins1000 | ip=192.168.34.54 | op=SEND_HEARTBEAT {datanodeUUID=62fbaf2b-c9dd-41a4-90d2-fdfdf099a3b1, command=[]} | ret=SUCCESS |  
2019-08-29 08:17:58,361 | INFO  | SCMAudit | user=jenkins1000 | ip=192.168.34.54 | op=SEND_HEARTBEAT {datanodeUUID=dba0a522-61fc-431c-9633-76c1b0451c6f, command=[]} | ret=SUCCESS |  
2019-08-29 08:17:58,362 | INFO  | SCMAudit | user=jenkins1000 | ip=192.168.34.54 | op=SEND_HEARTBEAT {datanodeUUID=4e66ed9b-7a7a-49e4-a069-f2e74814d405, command=[]} | ret=SUCCESS |  
2019-08-29 08:17:58,576 | INFO  | SCMAudit | user=jenkins1000 | ip=192.168.34.54 | op=SEND_HEARTBEAT {datanodeUUID=9b2222ce-dbb0-4da1-b31a-a52ba00795b8, command=[]} | ret=SUCCESS |  
2019-08-29 08:17:58,820 | INFO  | SCMAudit | user=jenkins1000 | ip=192.168.34.54 | op=SEND_HEARTBEAT {datanodeUUID=14879765-9127-45ba-89de-04712631aaf6, command=[]} | ret=SUCCESS |  
2019-08-29 08:17:58,870 | INFO  | SCMAudit | user=jenkins1000 | ip=192.168.34.54 | op=SEND_HEARTBEAT {datanodeUUID=dd9a91c5-5c4b-4478-b7f7-3956f198c950, command=[]} | ret=SUCCESS |  
2019-08-29 08:17:59,089 | INFO  | SCMAudit | user=jenkins1000 | ip=192.168.34.54 | op=SEND_HEARTBEAT {datanodeUUID=84674177-5820-4a0b-9345-463c27e4b0c8, command=[]} | ret=SUCCESS |  
2019-08-29 08:17:59,120 | INFO  | SCMAudit | user=jenkins1000 | ip=192.168.34.54 | op=SEND_HEARTBEAT {datanodeUUID=62fbaf2b-c9dd-41a4-90d2-fdfdf099a3b1, command=[]} | ret=SUCCESS |  
2019-08-29 08:17:59,362 | INFO  | SCMAudit | user=jenkins1000 | ip=192.168.34.54 | op=SEND_HEARTBEAT {datanodeUUID=4e66ed9b-7a7a-49e4-a069-f2e74814d405, command=[]} | ret=SUCCESS |  
2019-08-29 08:17:59,362 | INFO  | SCMAudit | user=jenkins1000 | ip=192.168.34.54 | op=SEND_HEARTBEAT {datanodeUUID=dba0a522-61fc-431c-9633-76c1b0451c6f, command=[]} | ret=SUCCESS |  
2019-08-29 08:17:59,576 | INFO  | SCMAudit | user=jenkins1000 | ip=192.168.34.54 | op=SEND_HEARTBEAT {datanodeUUID=9b2222ce-dbb0-4da1-b31a-a52ba00795b8, command=[]} | ret=SUCCESS |  
2019-08-29 08:17:59,581 [dd9a91c5-5c4b-4478-b7f7-3956f198c950:group-68C63D44239F:LeaderElection3] INFO  impl.LeaderElection (LeaderElection.java:askForVotes(181)) - dd9a91c5-5c4b-4478-b7f7-3956f198c950:group-68C63D44239F:LeaderElection3: begin an election at term 1 for -1: [9b2222ce-dbb0-4da1-b31a-a52ba00795b8:192.168.34.54:34658, dd9a91c5-5c4b-4478-b7f7-3956f198c950:192.168.34.54:35600, 14879765-9127-45ba-89de-04712631aaf6:192.168.34.54:41705], old=null
2019-08-29 08:17:59,581 [14879765-9127-45ba-89de-04712631aaf6:group-68C63D44239F:LeaderElection2] INFO  impl.LeaderElection (LeaderElection.java:askForVotes(181)) - 14879765-9127-45ba-89de-04712631aaf6:group-68C63D44239F:LeaderElection2: begin an election at term 1 for -1: [9b2222ce-dbb0-4da1-b31a-a52ba00795b8:192.168.34.54:34658, dd9a91c5-5c4b-4478-b7f7-3956f198c950:192.168.34.54:35600, 14879765-9127-45ba-89de-04712631aaf6:192.168.34.54:41705], old=null
2019-08-29 08:17:59,640 [grpc-default-executor-0] WARN  server.GrpcServerProtocolService (LogUtils.java:warn(134)) - 9b2222ce-dbb0-4da1-b31a-a52ba00795b8: Failed requestVote 14879765-9127-45ba-89de-04712631aaf6->9b2222ce-dbb0-4da1-b31a-a52ba00795b8#0: org.apache.ratis.protocol.ServerNotReadyException: Server 9b2222ce-dbb0-4da1-b31a-a52ba00795b8 is not [RUNNING]: current state is NEW
2019-08-29 08:17:59,640 [grpc-default-executor-3] WARN  server.GrpcServerProtocolService (LogUtils.java:warn(134)) - 9b2222ce-dbb0-4da1-b31a-a52ba00795b8: Failed requestVote dd9a91c5-5c4b-4478-b7f7-3956f198c950->9b2222ce-dbb0-4da1-b31a-a52ba00795b8#0: org.apache.ratis.protocol.ServerNotReadyException: Server 9b2222ce-dbb0-4da1-b31a-a52ba00795b8 is not [RUNNING]: current state is NEW
2019-08-29 08:17:59,697 [14879765-9127-45ba-89de-04712631aaf6:group-68C63D44239F:LeaderElection2] INFO  impl.LeaderElection (LogUtils.java:infoOrTrace(149)) - 14879765-9127-45ba-89de-04712631aaf6:group-68C63D44239F:LeaderElection2 got exception when requesting votes: {}
java.util.concurrent.ExecutionException: org.apache.ratis.thirdparty.io.grpc.StatusRuntimeException: INTERNAL: Server 9b2222ce-dbb0-4da1-b31a-a52ba00795b8 is not [RUNNING]: current state is NEW
	at java.util.concurrent.FutureTask.report(FutureTask.java:122)
	at java.util.concurrent.FutureTask.get(FutureTask.java:192)
	at org.apache.ratis.server.impl.LeaderElection.waitForResults(LeaderElection.java:262)
	at org.apache.ratis.server.impl.LeaderElection.askForVotes(LeaderElection.java:200)
	at org.apache.ratis.server.impl.LeaderElection.run(LeaderElection.java:130)
	at java.lang.Thread.run(Thread.java:748)
Caused by: org.apache.ratis.thirdparty.io.grpc.StatusRuntimeException: INTERNAL: Server 9b2222ce-dbb0-4da1-b31a-a52ba00795b8 is not [RUNNING]: current state is NEW
	at org.apache.ratis.thirdparty.io.grpc.stub.ClientCalls.toStatusRuntimeException(ClientCalls.java:233)
	at org.apache.ratis.thirdparty.io.grpc.stub.ClientCalls.getUnchecked(ClientCalls.java:214)
	at org.apache.ratis.thirdparty.io.grpc.stub.ClientCalls.blockingUnaryCall(ClientCalls.java:139)
	at org.apache.ratis.proto.grpc.RaftServerProtocolServiceGrpc$RaftServerProtocolServiceBlockingStub.requestVote(RaftServerProtocolServiceGrpc.java:265)
	at org.apache.ratis.grpc.server.GrpcServerProtocolClient.requestVote(GrpcServerProtocolClient.java:83)
	at org.apache.ratis.grpc.server.GrpcService.requestVote(GrpcService.java:195)
	at org.apache.ratis.server.impl.LeaderElection.lambda$submitRequests$1(LeaderElection.java:237)
	at java.util.concurrent.FutureTask.run(FutureTask.java:266)
	at java.util.concurrent.Executors$RunnableAdapter.call(Executors.java:511)
	at java.util.concurrent.FutureTask.run(FutureTask.java:266)
	at java.util.concurrent.ThreadPoolExecutor.runWorker(ThreadPoolExecutor.java:1149)
	at java.util.concurrent.ThreadPoolExecutor$Worker.run(ThreadPoolExecutor.java:624)
	... 1 more
2019-08-29 08:17:59,697 [dd9a91c5-5c4b-4478-b7f7-3956f198c950:group-68C63D44239F:LeaderElection3] INFO  impl.LeaderElection (LogUtils.java:infoOrTrace(149)) - dd9a91c5-5c4b-4478-b7f7-3956f198c950:group-68C63D44239F:LeaderElection3 got exception when requesting votes: {}
java.util.concurrent.ExecutionException: org.apache.ratis.thirdparty.io.grpc.StatusRuntimeException: INTERNAL: Server 9b2222ce-dbb0-4da1-b31a-a52ba00795b8 is not [RUNNING]: current state is NEW
	at java.util.concurrent.FutureTask.report(FutureTask.java:122)
	at java.util.concurrent.FutureTask.get(FutureTask.java:192)
	at org.apache.ratis.server.impl.LeaderElection.waitForResults(LeaderElection.java:262)
	at org.apache.ratis.server.impl.LeaderElection.askForVotes(LeaderElection.java:200)
	at org.apache.ratis.server.impl.LeaderElection.run(LeaderElection.java:130)
	at java.lang.Thread.run(Thread.java:748)
Caused by: org.apache.ratis.thirdparty.io.grpc.StatusRuntimeException: INTERNAL: Server 9b2222ce-dbb0-4da1-b31a-a52ba00795b8 is not [RUNNING]: current state is NEW
	at org.apache.ratis.thirdparty.io.grpc.stub.ClientCalls.toStatusRuntimeException(ClientCalls.java:233)
	at org.apache.ratis.thirdparty.io.grpc.stub.ClientCalls.getUnchecked(ClientCalls.java:214)
	at org.apache.ratis.thirdparty.io.grpc.stub.ClientCalls.blockingUnaryCall(ClientCalls.java:139)
	at org.apache.ratis.proto.grpc.RaftServerProtocolServiceGrpc$RaftServerProtocolServiceBlockingStub.requestVote(RaftServerProtocolServiceGrpc.java:265)
	at org.apache.ratis.grpc.server.GrpcServerProtocolClient.requestVote(GrpcServerProtocolClient.java:83)
	at org.apache.ratis.grpc.server.GrpcService.requestVote(GrpcService.java:195)
	at org.apache.ratis.server.impl.LeaderElection.lambda$submitRequests$1(LeaderElection.java:237)
	at java.util.concurrent.FutureTask.run(FutureTask.java:266)
	at java.util.concurrent.Executors$RunnableAdapter.call(Executors.java:511)
	at java.util.concurrent.FutureTask.run(FutureTask.java:266)
	at java.util.concurrent.ThreadPoolExecutor.runWorker(ThreadPoolExecutor.java:1149)
	at java.util.concurrent.ThreadPoolExecutor$Worker.run(ThreadPoolExecutor.java:624)
	... 1 more
2019-08-29 08:17:59,701 [dd9a91c5-5c4b-4478-b7f7-3956f198c950:group-68C63D44239F:LeaderElection3] INFO  impl.LeaderElection (LeaderElection.java:logAndReturn(56)) - dd9a91c5-5c4b-4478-b7f7-3956f198c950:group-68C63D44239F:LeaderElection3: Election REJECTED; received 1 response(s) [dd9a91c5-5c4b-4478-b7f7-3956f198c950<-14879765-9127-45ba-89de-04712631aaf6#0:FAIL-t1] and 1 exception(s); dd9a91c5-5c4b-4478-b7f7-3956f198c950:t1, leader=null, voted=dd9a91c5-5c4b-4478-b7f7-3956f198c950, raftlog=dd9a91c5-5c4b-4478-b7f7-3956f198c950-SegmentedRaftLog:OPENED:c-1,f-1,i0, conf=-1: [9b2222ce-dbb0-4da1-b31a-a52ba00795b8:192.168.34.54:34658, dd9a91c5-5c4b-4478-b7f7-3956f198c950:192.168.34.54:35600, 14879765-9127-45ba-89de-04712631aaf6:192.168.34.54:41705], old=null
2019-08-29 08:17:59,701 [14879765-9127-45ba-89de-04712631aaf6:group-68C63D44239F:LeaderElection2] INFO  impl.LeaderElection (LeaderElection.java:logAndReturn(56)) - 14879765-9127-45ba-89de-04712631aaf6:group-68C63D44239F:LeaderElection2: Election REJECTED; received 1 response(s) [14879765-9127-45ba-89de-04712631aaf6<-dd9a91c5-5c4b-4478-b7f7-3956f198c950#0:FAIL-t1] and 1 exception(s); 14879765-9127-45ba-89de-04712631aaf6:t1, leader=null, voted=14879765-9127-45ba-89de-04712631aaf6, raftlog=14879765-9127-45ba-89de-04712631aaf6-SegmentedRaftLog:OPENED:c-1,f-1,i0, conf=-1: [9b2222ce-dbb0-4da1-b31a-a52ba00795b8:192.168.34.54:34658, dd9a91c5-5c4b-4478-b7f7-3956f198c950:192.168.34.54:35600, 14879765-9127-45ba-89de-04712631aaf6:192.168.34.54:41705], old=null
2019-08-29 08:17:59,701 [dd9a91c5-5c4b-4478-b7f7-3956f198c950:group-68C63D44239F:LeaderElection3] INFO  impl.LeaderElection (LogUtils.java:infoOrTrace(149)) -   Exception 0: {}
java.util.concurrent.ExecutionException: org.apache.ratis.thirdparty.io.grpc.StatusRuntimeException: INTERNAL: Server 9b2222ce-dbb0-4da1-b31a-a52ba00795b8 is not [RUNNING]: current state is NEW
	at java.util.concurrent.FutureTask.report(FutureTask.java:122)
	at java.util.concurrent.FutureTask.get(FutureTask.java:192)
	at org.apache.ratis.server.impl.LeaderElection.waitForResults(LeaderElection.java:262)
	at org.apache.ratis.server.impl.LeaderElection.askForVotes(LeaderElection.java:200)
	at org.apache.ratis.server.impl.LeaderElection.run(LeaderElection.java:130)
	at java.lang.Thread.run(Thread.java:748)
Caused by: org.apache.ratis.thirdparty.io.grpc.StatusRuntimeException: INTERNAL: Server 9b2222ce-dbb0-4da1-b31a-a52ba00795b8 is not [RUNNING]: current state is NEW
	at org.apache.ratis.thirdparty.io.grpc.stub.ClientCalls.toStatusRuntimeException(ClientCalls.java:233)
	at org.apache.ratis.thirdparty.io.grpc.stub.ClientCalls.getUnchecked(ClientCalls.java:214)
	at org.apache.ratis.thirdparty.io.grpc.stub.ClientCalls.blockingUnaryCall(ClientCalls.java:139)
	at org.apache.ratis.proto.grpc.RaftServerProtocolServiceGrpc$RaftServerProtocolServiceBlockingStub.requestVote(RaftServerProtocolServiceGrpc.java:265)
	at org.apache.ratis.grpc.server.GrpcServerProtocolClient.requestVote(GrpcServerProtocolClient.java:83)
	at org.apache.ratis.grpc.server.GrpcService.requestVote(GrpcService.java:195)
	at org.apache.ratis.server.impl.LeaderElection.lambda$submitRequests$1(LeaderElection.java:237)
	at java.util.concurrent.FutureTask.run(FutureTask.java:266)
	at java.util.concurrent.Executors$RunnableAdapter.call(Executors.java:511)
	at java.util.concurrent.FutureTask.run(FutureTask.java:266)
	at java.util.concurrent.ThreadPoolExecutor.runWorker(ThreadPoolExecutor.java:1149)
	at java.util.concurrent.ThreadPoolExecutor$Worker.run(ThreadPoolExecutor.java:624)
	... 1 more
2019-08-29 08:17:59,702 [14879765-9127-45ba-89de-04712631aaf6:group-68C63D44239F:LeaderElection2] INFO  impl.LeaderElection (LogUtils.java:infoOrTrace(149)) -   Exception 0: {}
java.util.concurrent.ExecutionException: org.apache.ratis.thirdparty.io.grpc.StatusRuntimeException: INTERNAL: Server 9b2222ce-dbb0-4da1-b31a-a52ba00795b8 is not [RUNNING]: current state is NEW
	at java.util.concurrent.FutureTask.report(FutureTask.java:122)
	at java.util.concurrent.FutureTask.get(FutureTask.java:192)
	at org.apache.ratis.server.impl.LeaderElection.waitForResults(LeaderElection.java:262)
	at org.apache.ratis.server.impl.LeaderElection.askForVotes(LeaderElection.java:200)
	at org.apache.ratis.server.impl.LeaderElection.run(LeaderElection.java:130)
	at java.lang.Thread.run(Thread.java:748)
Caused by: org.apache.ratis.thirdparty.io.grpc.StatusRuntimeException: INTERNAL: Server 9b2222ce-dbb0-4da1-b31a-a52ba00795b8 is not [RUNNING]: current state is NEW
	at org.apache.ratis.thirdparty.io.grpc.stub.ClientCalls.toStatusRuntimeException(ClientCalls.java:233)
	at org.apache.ratis.thirdparty.io.grpc.stub.ClientCalls.getUnchecked(ClientCalls.java:214)
	at org.apache.ratis.thirdparty.io.grpc.stub.ClientCalls.blockingUnaryCall(ClientCalls.java:139)
	at org.apache.ratis.proto.grpc.RaftServerProtocolServiceGrpc$RaftServerProtocolServiceBlockingStub.requestVote(RaftServerProtocolServiceGrpc.java:265)
	at org.apache.ratis.grpc.server.GrpcServerProtocolClient.requestVote(GrpcServerProtocolClient.java:83)
	at org.apache.ratis.grpc.server.GrpcService.requestVote(GrpcService.java:195)
	at org.apache.ratis.server.impl.LeaderElection.lambda$submitRequests$1(LeaderElection.java:237)
	at java.util.concurrent.FutureTask.run(FutureTask.java:266)
	at java.util.concurrent.Executors$RunnableAdapter.call(Executors.java:511)
	at java.util.concurrent.FutureTask.run(FutureTask.java:266)
	at java.util.concurrent.ThreadPoolExecutor.runWorker(ThreadPoolExecutor.java:1149)
	at java.util.concurrent.ThreadPoolExecutor$Worker.run(ThreadPoolExecutor.java:624)
	... 1 more
2019-08-29 08:17:59,707 [dd9a91c5-5c4b-4478-b7f7-3956f198c950:group-68C63D44239F:LeaderElection3] INFO  impl.RaftServerImpl (RaftServerImpl.java:setRole(171)) - dd9a91c5-5c4b-4478-b7f7-3956f198c950:group-68C63D44239F changes role from CANDIDATE to FOLLOWER at term 1 for DISCOVERED_A_NEW_TERM
2019-08-29 08:17:59,708 [14879765-9127-45ba-89de-04712631aaf6:group-68C63D44239F:LeaderElection2] INFO  impl.RaftServerImpl (RaftServerImpl.java:setRole(171)) - 14879765-9127-45ba-89de-04712631aaf6:group-68C63D44239F changes role from CANDIDATE to FOLLOWER at term 1 for DISCOVERED_A_NEW_TERM
2019-08-29 08:17:59,708 [dd9a91c5-5c4b-4478-b7f7-3956f198c950:group-68C63D44239F:LeaderElection3] INFO  impl.RoleInfo (RoleInfo.java:shutdownLeaderElection(134)) - dd9a91c5-5c4b-4478-b7f7-3956f198c950: shutdown LeaderElection
2019-08-29 08:17:59,709 [14879765-9127-45ba-89de-04712631aaf6:group-68C63D44239F:LeaderElection2] INFO  impl.RoleInfo (RoleInfo.java:shutdownLeaderElection(134)) - 14879765-9127-45ba-89de-04712631aaf6: shutdown LeaderElection
2019-08-29 08:17:59,709 [dd9a91c5-5c4b-4478-b7f7-3956f198c950:group-68C63D44239F:LeaderElection3] INFO  impl.RoleInfo (RoleInfo.java:updateAndGet(143)) - dd9a91c5-5c4b-4478-b7f7-3956f198c950: start FollowerState
2019-08-29 08:17:59,709 [14879765-9127-45ba-89de-04712631aaf6:group-68C63D44239F:LeaderElection2] INFO  impl.RoleInfo (RoleInfo.java:updateAndGet(143)) - 14879765-9127-45ba-89de-04712631aaf6: start FollowerState
2019-08-29 08:17:59,820 | INFO  | SCMAudit | user=jenkins1000 | ip=192.168.34.54 | op=SEND_HEARTBEAT {datanodeUUID=14879765-9127-45ba-89de-04712631aaf6, command=[]} | ret=SUCCESS |  
2019-08-29 08:17:59,870 | INFO  | SCMAudit | user=jenkins1000 | ip=192.168.34.54 | op=SEND_HEARTBEAT {datanodeUUID=dd9a91c5-5c4b-4478-b7f7-3956f198c950, command=[]} | ret=SUCCESS |  
2019-08-29 08:18:00,089 | INFO  | SCMAudit | user=jenkins1000 | ip=192.168.34.54 | op=SEND_HEARTBEAT {datanodeUUID=84674177-5820-4a0b-9345-463c27e4b0c8, command=[]} | ret=SUCCESS |  
2019-08-29 08:18:00,120 | INFO  | SCMAudit | user=jenkins1000 | ip=192.168.34.54 | op=SEND_HEARTBEAT {datanodeUUID=62fbaf2b-c9dd-41a4-90d2-fdfdf099a3b1, command=[]} | ret=SUCCESS |  
2019-08-29 08:18:00,360 | INFO  | SCMAudit | user=jenkins1000 | ip=192.168.34.54 | op=SEND_HEARTBEAT {datanodeUUID=dba0a522-61fc-431c-9633-76c1b0451c6f, command=[]} | ret=SUCCESS |  
2019-08-29 08:18:00,361 | INFO  | SCMAudit | user=jenkins1000 | ip=192.168.34.54 | op=SEND_HEARTBEAT {datanodeUUID=4e66ed9b-7a7a-49e4-a069-f2e74814d405, command=[]} | ret=SUCCESS |  
2019-08-29 08:18:00,576 | INFO  | SCMAudit | user=jenkins1000 | ip=192.168.34.54 | op=SEND_HEARTBEAT {datanodeUUID=9b2222ce-dbb0-4da1-b31a-a52ba00795b8, command=[]} | ret=SUCCESS |  
2019-08-29 08:18:00,607 [RATISCREATEPIPELINE2] ERROR pipeline.RatisPipelineProvider (RatisPipelineProvider.java:lambda$null$5(235)) - Failed invoke Ratis rpc org.apache.hadoop.hdds.scm.pipeline.RatisPipelineProvider$$Lambda$171/510276410@770500e0 for 9b2222ce-dbb0-4da1-b31a-a52ba00795b8
org.apache.ratis.protocol.TimeoutIOException: deadline exceeded after 2997772093ns
	at org.apache.ratis.grpc.GrpcUtil.tryUnwrapException(GrpcUtil.java:82)
	at org.apache.ratis.grpc.GrpcUtil.unwrapException(GrpcUtil.java:75)
	at org.apache.ratis.grpc.client.GrpcClientProtocolClient.blockingCall(GrpcClientProtocolClient.java:169)
	at org.apache.ratis.grpc.client.GrpcClientProtocolClient.groupAdd(GrpcClientProtocolClient.java:138)
	at org.apache.ratis.grpc.client.GrpcClientRpc.sendRequest(GrpcClientRpc.java:94)
	at org.apache.ratis.client.impl.RaftClientImpl.sendRequest(RaftClientImpl.java:279)
	at org.apache.ratis.client.impl.RaftClientImpl.groupAdd(RaftClientImpl.java:206)
	at org.apache.hadoop.hdds.scm.pipeline.RatisPipelineProvider.lambda$initializePipeline$4(RatisPipelineProvider.java:194)
	at org.apache.hadoop.hdds.scm.pipeline.RatisPipelineProvider.lambda$null$5(RatisPipelineProvider.java:231)
	at java.util.stream.ForEachOps$ForEachOp$OfRef.accept(ForEachOps.java:184)
	at java.util.ArrayList$ArrayListSpliterator.forEachRemaining(ArrayList.java:1382)
	at java.util.stream.AbstractPipeline.copyInto(AbstractPipeline.java:482)
	at java.util.stream.ForEachOps$ForEachTask.compute(ForEachOps.java:291)
	at java.util.concurrent.CountedCompleter.exec(CountedCompleter.java:731)
	at java.util.concurrent.ForkJoinTask.doExec(ForkJoinTask.java:289)
	at java.util.concurrent.ForkJoinPool$WorkQueue.runTask(ForkJoinPool.java:1056)
	at java.util.concurrent.ForkJoinPool.runWorker(ForkJoinPool.java:1692)
	at java.util.concurrent.ForkJoinWorkerThread.run(ForkJoinWorkerThread.java:157)
Caused by: org.apache.ratis.thirdparty.io.grpc.StatusRuntimeException: DEADLINE_EXCEEDED: deadline exceeded after 2997772093ns
	at org.apache.ratis.thirdparty.io.grpc.stub.ClientCalls.toStatusRuntimeException(ClientCalls.java:233)
	at org.apache.ratis.thirdparty.io.grpc.stub.ClientCalls.getUnchecked(ClientCalls.java:214)
	at org.apache.ratis.thirdparty.io.grpc.stub.ClientCalls.blockingUnaryCall(ClientCalls.java:139)
	at org.apache.ratis.proto.grpc.AdminProtocolServiceGrpc$AdminProtocolServiceBlockingStub.groupManagement(AdminProtocolServiceGrpc.java:274)
	at org.apache.ratis.grpc.client.GrpcClientProtocolClient.lambda$groupAdd$3(GrpcClientProtocolClient.java:140)
	at org.apache.ratis.grpc.client.GrpcClientProtocolClient.blockingCall(GrpcClientProtocolClient.java:167)
	... 15 more
2019-08-29 08:18:00,607 [RATISCREATEPIPELINE3] ERROR pipeline.RatisPipelineProvider (RatisPipelineProvider.java:lambda$null$5(235)) - Failed invoke Ratis rpc org.apache.hadoop.hdds.scm.pipeline.RatisPipelineProvider$$Lambda$171/510276410@770500e0 for 14879765-9127-45ba-89de-04712631aaf6
org.apache.ratis.protocol.TimeoutIOException: deadline exceeded after 2995347196ns
	at org.apache.ratis.grpc.GrpcUtil.tryUnwrapException(GrpcUtil.java:82)
	at org.apache.ratis.grpc.GrpcUtil.unwrapException(GrpcUtil.java:75)
	at org.apache.ratis.grpc.client.GrpcClientProtocolClient.blockingCall(GrpcClientProtocolClient.java:169)
	at org.apache.ratis.grpc.client.GrpcClientProtocolClient.groupAdd(GrpcClientProtocolClient.java:138)
	at org.apache.ratis.grpc.client.GrpcClientRpc.sendRequest(GrpcClientRpc.java:94)
	at org.apache.ratis.client.impl.RaftClientImpl.sendRequest(RaftClientImpl.java:279)
	at org.apache.ratis.client.impl.RaftClientImpl.groupAdd(RaftClientImpl.java:206)
	at org.apache.hadoop.hdds.scm.pipeline.RatisPipelineProvider.lambda$initializePipeline$4(RatisPipelineProvider.java:194)
	at org.apache.hadoop.hdds.scm.pipeline.RatisPipelineProvider.lambda$null$5(RatisPipelineProvider.java:231)
	at java.util.stream.ForEachOps$ForEachOp$OfRef.accept(ForEachOps.java:184)
	at java.util.ArrayList$ArrayListSpliterator.forEachRemaining(ArrayList.java:1382)
	at java.util.stream.AbstractPipeline.copyInto(AbstractPipeline.java:482)
	at java.util.stream.ForEachOps$ForEachTask.compute(ForEachOps.java:291)
	at java.util.concurrent.CountedCompleter.exec(CountedCompleter.java:731)
	at java.util.concurrent.ForkJoinTask.doExec(ForkJoinTask.java:289)
	at java.util.concurrent.ForkJoinPool$WorkQueue.runTask(ForkJoinPool.java:1056)
	at java.util.concurrent.ForkJoinPool.runWorker(ForkJoinPool.java:1692)
	at java.util.concurrent.ForkJoinWorkerThread.run(ForkJoinWorkerThread.java:157)
Caused by: org.apache.ratis.thirdparty.io.grpc.StatusRuntimeException: DEADLINE_EXCEEDED: deadline exceeded after 2995347196ns
	at org.apache.ratis.thirdparty.io.grpc.stub.ClientCalls.toStatusRuntimeException(ClientCalls.java:233)
	at org.apache.ratis.thirdparty.io.grpc.stub.ClientCalls.getUnchecked(ClientCalls.java:214)
	at org.apache.ratis.thirdparty.io.grpc.stub.ClientCalls.blockingUnaryCall(ClientCalls.java:139)
	at org.apache.ratis.proto.grpc.AdminProtocolServiceGrpc$AdminProtocolServiceBlockingStub.groupManagement(AdminProtocolServiceGrpc.java:274)
	at org.apache.ratis.grpc.client.GrpcClientProtocolClient.lambda$groupAdd$3(GrpcClientProtocolClient.java:140)
	at org.apache.ratis.grpc.client.GrpcClientProtocolClient.blockingCall(GrpcClientProtocolClient.java:167)
	... 15 more
2019-08-29 08:18:00,607 [RATISCREATEPIPELINE1] ERROR pipeline.RatisPipelineProvider (RatisPipelineProvider.java:lambda$null$5(235)) - Failed invoke Ratis rpc org.apache.hadoop.hdds.scm.pipeline.RatisPipelineProvider$$Lambda$171/510276410@770500e0 for dd9a91c5-5c4b-4478-b7f7-3956f198c950
org.apache.ratis.protocol.TimeoutIOException: deadline exceeded after 2997784450ns
	at org.apache.ratis.grpc.GrpcUtil.tryUnwrapException(GrpcUtil.java:82)
	at org.apache.ratis.grpc.GrpcUtil.unwrapException(GrpcUtil.java:75)
	at org.apache.ratis.grpc.client.GrpcClientProtocolClient.blockingCall(GrpcClientProtocolClient.java:169)
	at org.apache.ratis.grpc.client.GrpcClientProtocolClient.groupAdd(GrpcClientProtocolClient.java:138)
	at org.apache.ratis.grpc.client.GrpcClientRpc.sendRequest(GrpcClientRpc.java:94)
	at org.apache.ratis.client.impl.RaftClientImpl.sendRequest(RaftClientImpl.java:279)
	at org.apache.ratis.client.impl.RaftClientImpl.groupAdd(RaftClientImpl.java:206)
	at org.apache.hadoop.hdds.scm.pipeline.RatisPipelineProvider.lambda$initializePipeline$4(RatisPipelineProvider.java:194)
	at org.apache.hadoop.hdds.scm.pipeline.RatisPipelineProvider.lambda$null$5(RatisPipelineProvider.java:231)
	at java.util.stream.ForEachOps$ForEachOp$OfRef.accept(ForEachOps.java:184)
	at java.util.ArrayList$ArrayListSpliterator.forEachRemaining(ArrayList.java:1382)
	at java.util.stream.AbstractPipeline.copyInto(AbstractPipeline.java:482)
	at java.util.stream.ForEachOps$ForEachTask.compute(ForEachOps.java:291)
	at java.util.concurrent.CountedCompleter.exec(CountedCompleter.java:731)
	at java.util.concurrent.ForkJoinTask.doExec(ForkJoinTask.java:289)
	at java.util.concurrent.ForkJoinTask.doInvoke(ForkJoinTask.java:401)
	at java.util.concurrent.ForkJoinTask.invoke(ForkJoinTask.java:734)
	at java.util.stream.ForEachOps$ForEachOp.evaluateParallel(ForEachOps.java:160)
	at java.util.stream.ForEachOps$ForEachOp$OfRef.evaluateParallel(ForEachOps.java:174)
	at java.util.stream.AbstractPipeline.evaluate(AbstractPipeline.java:233)
	at java.util.stream.ReferencePipeline.forEach(ReferencePipeline.java:418)
	at java.util.stream.ReferencePipeline$Head.forEach(ReferencePipeline.java:583)
	at org.apache.hadoop.hdds.scm.pipeline.RatisPipelineProvider.lambda$callRatisRpc$6(RatisPipelineProvider.java:225)
	at java.util.concurrent.ForkJoinTask$AdaptedRunnableAction.exec(ForkJoinTask.java:1386)
	at java.util.concurrent.ForkJoinTask.doExec(ForkJoinTask.java:289)
	at java.util.concurrent.ForkJoinPool$WorkQueue.runTask(ForkJoinPool.java:1056)
	at java.util.concurrent.ForkJoinPool.runWorker(ForkJoinPool.java:1692)
	at java.util.concurrent.ForkJoinWorkerThread.run(ForkJoinWorkerThread.java:157)
Caused by: org.apache.ratis.thirdparty.io.grpc.StatusRuntimeException: DEADLINE_EXCEEDED: deadline exceeded after 2997784450ns
	at org.apache.ratis.thirdparty.io.grpc.stub.ClientCalls.toStatusRuntimeException(ClientCalls.java:233)
	at org.apache.ratis.thirdparty.io.grpc.stub.ClientCalls.getUnchecked(ClientCalls.java:214)
	at org.apache.ratis.thirdparty.io.grpc.stub.ClientCalls.blockingUnaryCall(ClientCalls.java:139)
	at org.apache.ratis.proto.grpc.AdminProtocolServiceGrpc$AdminProtocolServiceBlockingStub.groupManagement(AdminProtocolServiceGrpc.java:274)
	at org.apache.ratis.grpc.client.GrpcClientProtocolClient.lambda$groupAdd$3(GrpcClientProtocolClient.java:140)
	at org.apache.ratis.grpc.client.GrpcClientProtocolClient.blockingCall(GrpcClientProtocolClient.java:167)
	... 25 more
2019-08-29 08:18:00,620 [IPC Server handler 4 on 42726] WARN  block.BlockManagerImpl (BlockManagerImpl.java:allocateBlock(192)) - Pipeline creation failed for type:RATIS factor:THREE. Retrying get pipelines call once.
org.apache.hadoop.io.MultipleIOException: 3 exceptions [java.io.IOException: Failed invoke Ratis rpc org.apache.hadoop.hdds.scm.pipeline.RatisPipelineProvider$$Lambda$171/510276410@770500e0 for 9b2222ce-dbb0-4da1-b31a-a52ba00795b8, java.io.IOException: Failed invoke Ratis rpc org.apache.hadoop.hdds.scm.pipeline.RatisPipelineProvider$$Lambda$171/510276410@770500e0 for 14879765-9127-45ba-89de-04712631aaf6, java.io.IOException: Failed invoke Ratis rpc org.apache.hadoop.hdds.scm.pipeline.RatisPipelineProvider$$Lambda$171/510276410@770500e0 for dd9a91c5-5c4b-4478-b7f7-3956f198c950]
	at org.apache.hadoop.io.MultipleIOException.createIOException(MultipleIOException.java:53)
	at org.apache.hadoop.hdds.scm.pipeline.RatisPipelineProvider.callRatisRpc(RatisPipelineProvider.java:251)
	at org.apache.hadoop.hdds.scm.pipeline.RatisPipelineProvider.initializePipeline(RatisPipelineProvider.java:192)
	at org.apache.hadoop.hdds.scm.pipeline.RatisPipelineProvider.create(RatisPipelineProvider.java:161)
	at org.apache.hadoop.hdds.scm.pipeline.PipelineFactory.create(PipelineFactory.java:57)
	at org.apache.hadoop.hdds.scm.pipeline.SCMPipelineManager.createPipeline(SCMPipelineManager.java:149)
	at org.apache.hadoop.hdds.scm.block.BlockManagerImpl.allocateBlock(BlockManagerImpl.java:190)
	at org.apache.hadoop.hdds.scm.server.SCMBlockProtocolServer.allocateBlock(SCMBlockProtocolServer.java:175)
	at org.apache.hadoop.ozone.protocolPB.ScmBlockLocationProtocolServerSideTranslatorPB.allocateScmBlock(ScmBlockLocationProtocolServerSideTranslatorPB.java:153)
	at org.apache.hadoop.ozone.protocolPB.ScmBlockLocationProtocolServerSideTranslatorPB.send(ScmBlockLocationProtocolServerSideTranslatorPB.java:112)
	at org.apache.hadoop.hdds.protocol.proto.ScmBlockLocationProtocolProtos$ScmBlockLocationProtocolService$2.callBlockingMethod(ScmBlockLocationProtocolProtos.java:13157)
	at org.apache.hadoop.ipc.ProtobufRpcEngine$Server$ProtoBufRpcInvoker.call(ProtobufRpcEngine.java:524)
	at org.apache.hadoop.ipc.RPC$Server.call(RPC.java:1025)
	at org.apache.hadoop.ipc.Server$RpcCall.run(Server.java:876)
	at org.apache.hadoop.ipc.Server$RpcCall.run(Server.java:822)
	at java.security.AccessController.doPrivileged(Native Method)
	at javax.security.auth.Subject.doAs(Subject.java:422)
	at org.apache.hadoop.security.UserGroupInformation.doAs(UserGroupInformation.java:1730)
	at org.apache.hadoop.ipc.Server$Handler.run(Server.java:2682)
2019-08-29 08:18:00,621 [IPC Server handler 4 on 42726] INFO  block.BlockManagerImpl (BlockManagerImpl.java:allocateBlock(198)) - Could not find available pipeline of type:RATIS and factor:THREE even after retrying
2019-08-29 08:18:00,621 [IPC Server handler 4 on 42726] ERROR block.BlockManagerImpl (BlockManagerImpl.java:allocateBlock(222)) - Unable to allocate a block for the size: 4194304, type: RATIS, factor: THREE
2019-08-29 08:18:00,621 | INFO  | SCMAudit | user=jenkins1000 | ip=192.168.34.54 | op=ALLOCATE_BLOCK {owner=b907be6b-be72-4542-91af-def5b892d723, size=4194304, type=RATIS, factor=THREE} | ret=SUCCESS |  
2019-08-29 08:18:00,624 | ERROR | OMAudit | user=jenkins1000 | ip=127.0.0.1 | op=ALLOCATE_KEY {volume=closecontainerexceptionhandlingtest, bucket=closecontainerexceptionhandlingtest, key=7f073965-69af-481a-b747-3d658b116f50, dataSize=0, replicationType=RATIS, replicationFactor=THREE, keyLocationInfo=null} | ret=FAILURE | org.apache.hadoop.hdds.scm.exceptions.SCMException: Allocated 0 blocks. Requested 1 blocks
	at org.apache.hadoop.hdds.scm.protocolPB.ScmBlockLocationProtocolClientSideTranslatorPB.handleError(ScmBlockLocationProtocolClientSideTranslatorPB.java:118)
	at org.apache.hadoop.hdds.scm.protocolPB.ScmBlockLocationProtocolClientSideTranslatorPB.allocateBlock(ScmBlockLocationProtocolClientSideTranslatorPB.java:156) 
]]></system-out>
  </testcase>
  <testcase name="testMultiBlockWrites" classname="org.apache.hadoop.ozone.client.rpc.TestCloseContainerHandlingByClient" time="9.105">
    <error message="Allocated 0 blocks. Requested 3 blocks" type="INTERNAL_ERROR org.apache.hadoop.ozone.om.exceptions.OMException">INTERNAL_ERROR org.apache.hadoop.ozone.om.exceptions.OMException: Allocated 0 blocks. Requested 3 blocks
	at org.apache.hadoop.ozone.om.protocolPB.OzoneManagerProtocolClientSideTranslatorPB.handleError(OzoneManagerProtocolClientSideTranslatorPB.java:725)
	at org.apache.hadoop.ozone.om.protocolPB.OzoneManagerProtocolClientSideTranslatorPB.openKey(OzoneManagerProtocolClientSideTranslatorPB.java:716)
	at org.apache.hadoop.ozone.client.rpc.RpcClient.createKey(RpcClient.java:615)
	at org.apache.hadoop.ozone.client.OzoneBucket.createKey(OzoneBucket.java:323)
	at org.apache.hadoop.ozone.container.ContainerTestHelper.createKey(ContainerTestHelper.java:694)
	at org.apache.hadoop.ozone.client.rpc.TestCloseContainerHandlingByClient.createKey(TestCloseContainerHandlingByClient.java:396)
	at org.apache.hadoop.ozone.client.rpc.TestCloseContainerHandlingByClient.testMultiBlockWrites(TestCloseContainerHandlingByClient.java:186)
	at sun.reflect.NativeMethodAccessorImpl.invoke0(Native Method)
	at sun.reflect.NativeMethodAccessorImpl.invoke(NativeMethodAccessorImpl.java:62)
	at sun.reflect.DelegatingMethodAccessorImpl.invoke(DelegatingMethodAccessorImpl.java:43)
	at java.lang.reflect.Method.invoke(Method.java:498)
	at org.junit.runners.model.FrameworkMethod$1.runReflectiveCall(FrameworkMethod.java:47)
	at org.junit.internal.runners.model.ReflectiveCallable.run(ReflectiveCallable.java:12)
	at org.junit.runners.model.FrameworkMethod.invokeExplosively(FrameworkMethod.java:44)
	at org.junit.internal.runners.statements.InvokeMethod.evaluate(InvokeMethod.java:17)
	at org.junit.runners.ParentRunner.runLeaf(ParentRunner.java:271)
	at org.junit.runners.BlockJUnit4ClassRunner.runChild(BlockJUnit4ClassRunner.java:70)
	at org.junit.runners.BlockJUnit4ClassRunner.runChild(BlockJUnit4ClassRunner.java:50)
	at org.junit.runners.ParentRunner$3.run(ParentRunner.java:238)
	at org.junit.runners.ParentRunner$1.schedule(ParentRunner.java:63)
	at org.junit.runners.ParentRunner.runChildren(ParentRunner.java:236)
	at org.junit.runners.ParentRunner.access$000(ParentRunner.java:53)
	at org.junit.runners.ParentRunner$2.evaluate(ParentRunner.java:229)
	at org.junit.internal.runners.statements.RunBefores.evaluate(RunBefores.java:26)
	at org.junit.internal.runners.statements.RunAfters.evaluate(RunAfters.java:27)
	at org.junit.runners.ParentRunner.run(ParentRunner.java:309)
	at org.apache.maven.surefire.junit4.JUnit4Provider.execute(JUnit4Provider.java:365)
	at org.apache.maven.surefire.junit4.JUnit4Provider.executeWithRerun(JUnit4Provider.java:273)
	at org.apache.maven.surefire.junit4.JUnit4Provider.executeTestSet(JUnit4Provider.java:238)
	at org.apache.maven.surefire.junit4.JUnit4Provider.invoke(JUnit4Provider.java:159)
	at org.apache.maven.surefire.booter.ForkedBooter.invokeProviderInSameClassLoader(ForkedBooter.java:384)
	at org.apache.maven.surefire.booter.ForkedBooter.runSuitesInProcess(ForkedBooter.java:345)
	at org.apache.maven.surefire.booter.ForkedBooter.execute(ForkedBooter.java:126)
	at org.apache.maven.surefire.booter.ForkedBooter.main(ForkedBooter.java:418)
</error>
    <system-out><![CDATA[2019-08-29 08:18:00,630 | INFO  | OMAudit | user=jenkins1000 | ip=127.0.0.1 | op=READ_VOLUME {volume=closecontainerexceptionhandlingtest} | ret=SUCCESS |  
2019-08-29 08:18:00,633 | INFO  | OMAudit | user=jenkins1000 | ip=127.0.0.1 | op=READ_BUCKET {volume=closecontainerexceptionhandlingtest, bucket=closecontainerexceptionhandlingtest} | ret=SUCCESS |  
2019-08-29 08:18:00,659 [grpc-default-executor-3] INFO  impl.RaftServerProxy (RaftServerProxy.java:addNew(89)) - 9b2222ce-dbb0-4da1-b31a-a52ba00795b8: addNew group-5EE34F4F29F8:[9b2222ce-dbb0-4da1-b31a-a52ba00795b8:192.168.34.54:34658, dd9a91c5-5c4b-4478-b7f7-3956f198c950:192.168.34.54:35600, 14879765-9127-45ba-89de-04712631aaf6:192.168.34.54:41705] returns group-5EE34F4F29F8:java.util.concurrent.CompletableFuture@7cd4fe9b[Not completed]
2019-08-29 08:18:00,659 [grpc-default-executor-0] INFO  impl.RaftServerProxy (RaftServerProxy.java:addNew(89)) - 14879765-9127-45ba-89de-04712631aaf6: addNew group-5EE34F4F29F8:[9b2222ce-dbb0-4da1-b31a-a52ba00795b8:192.168.34.54:34658, dd9a91c5-5c4b-4478-b7f7-3956f198c950:192.168.34.54:35600, 14879765-9127-45ba-89de-04712631aaf6:192.168.34.54:41705] returns group-5EE34F4F29F8:java.util.concurrent.CompletableFuture@144aed0c[Not completed]
2019-08-29 08:18:00,659 [grpc-default-executor-2] INFO  impl.RaftServerProxy (RaftServerProxy.java:addNew(89)) - dd9a91c5-5c4b-4478-b7f7-3956f198c950: addNew group-5EE34F4F29F8:[9b2222ce-dbb0-4da1-b31a-a52ba00795b8:192.168.34.54:34658, dd9a91c5-5c4b-4478-b7f7-3956f198c950:192.168.34.54:35600, 14879765-9127-45ba-89de-04712631aaf6:192.168.34.54:41705] returns group-5EE34F4F29F8:java.util.concurrent.CompletableFuture@5f300b03[Not completed]
2019-08-29 08:18:00,820 | INFO  | SCMAudit | user=jenkins1000 | ip=192.168.34.54 | op=SEND_HEARTBEAT {datanodeUUID=14879765-9127-45ba-89de-04712631aaf6, command=[]} | ret=SUCCESS |  
2019-08-29 08:18:00,870 | INFO  | SCMAudit | user=jenkins1000 | ip=192.168.34.54 | op=SEND_HEARTBEAT {datanodeUUID=dd9a91c5-5c4b-4478-b7f7-3956f198c950, command=[]} | ret=SUCCESS |  
2019-08-29 08:18:01,089 | INFO  | SCMAudit | user=jenkins1000 | ip=192.168.34.54 | op=SEND_HEARTBEAT {datanodeUUID=84674177-5820-4a0b-9345-463c27e4b0c8, command=[]} | ret=SUCCESS |  
2019-08-29 08:18:01,119 | INFO  | SCMAudit | user=jenkins1000 | ip=192.168.34.54 | op=SEND_HEARTBEAT {datanodeUUID=62fbaf2b-c9dd-41a4-90d2-fdfdf099a3b1, command=[]} | ret=SUCCESS |  
2019-08-29 08:18:01,361 | INFO  | SCMAudit | user=jenkins1000 | ip=192.168.34.54 | op=SEND_HEARTBEAT {datanodeUUID=dba0a522-61fc-431c-9633-76c1b0451c6f, command=[]} | ret=SUCCESS |  
2019-08-29 08:18:01,361 | INFO  | SCMAudit | user=jenkins1000 | ip=192.168.34.54 | op=SEND_HEARTBEAT {datanodeUUID=4e66ed9b-7a7a-49e4-a069-f2e74814d405, command=[]} | ret=SUCCESS |  
2019-08-29 08:18:01,421 [pool-93-thread-1] INFO  storage.RaftStorage (RaftStorage.java:format(72)) - Storage directory /workdir/hadoop-ozone/integration-test/target/test-dir/MiniOzoneClusterImpl-ef39a000-56f8-499f-ba54-08500adcb141/datanode-6/data/ratis/f1a0ed22-4e3a-4c8f-bf99-91c7a3b7e451 has been successfully formatted.
2019-08-29 08:18:01,421 [pool-60-thread-1] INFO  storage.RaftStorage (RaftStorage.java:format(72)) - Storage directory /workdir/hadoop-ozone/integration-test/target/test-dir/MiniOzoneClusterImpl-ef39a000-56f8-499f-ba54-08500adcb141/datanode-3/data/ratis/23124dfc-bcd1-4b4b-805a-59b4fd6504db has been successfully formatted.
2019-08-29 08:18:01,421 [62fbaf2b-c9dd-41a4-90d2-fdfdf099a3b1-SegmentedRaftLogWorker:Storage Directory /workdir/hadoop-ozone/integration-test/target/test-dir/MiniOzoneClusterImpl-ef39a000-56f8-499f-ba54-08500adcb141/datanode-0/data/ratis/6bdbb6e9-2eaf-4143-a03e-def757ef0df5] INFO  segmented.SegmentedRaftLogWorker (SegmentedRaftLogWorker.java:execute(569)) - 62fbaf2b-c9dd-41a4-90d2-fdfdf099a3b1-SegmentedRaftLogWorker:Storage Directory /workdir/hadoop-ozone/integration-test/target/test-dir/MiniOzoneClusterImpl-ef39a000-56f8-499f-ba54-08500adcb141/datanode-0/data/ratis/6bdbb6e9-2eaf-4143-a03e-def757ef0df5: created new log segment /workdir/hadoop-ozone/integration-test/target/test-dir/MiniOzoneClusterImpl-ef39a000-56f8-499f-ba54-08500adcb141/datanode-0/data/ratis/6bdbb6e9-2eaf-4143-a03e-def757ef0df5/current/log_inprogress_0
2019-08-29 08:18:01,421 [pool-49-thread-1] INFO  storage.RaftStorage (RaftStorage.java:format(72)) - Storage directory /workdir/hadoop-ozone/integration-test/target/test-dir/MiniOzoneClusterImpl-ef39a000-56f8-499f-ba54-08500adcb141/datanode-2/data/ratis/23124dfc-bcd1-4b4b-805a-59b4fd6504db has been successfully formatted.
2019-08-29 08:18:01,422 [pool-60-thread-1] INFO  ratis.ContainerStateMachine (ContainerStateMachine.java:loadSnapshot(226)) - group-59B4FD6504DB: The snapshot info is null. Setting the last applied indexto:(t:0, i:~)
2019-08-29 08:18:01,422 [pool-93-thread-1] INFO  ratis.ContainerStateMachine (ContainerStateMachine.java:loadSnapshot(226)) - group-91C7A3B7E451: The snapshot info is null. Setting the last applied indexto:(t:0, i:~)
2019-08-29 08:18:01,425 [pool-60-thread-1] INFO  server.RaftServerConfigKeys (ConfUtils.java:logGet(43)) - raft.server.leader.election.timeout = 120s (custom)
2019-08-29 08:18:01,424 [pool-49-thread-1] INFO  ratis.ContainerStateMachine (ContainerStateMachine.java:loadSnapshot(226)) - group-59B4FD6504DB: The snapshot info is null. Setting the last applied indexto:(t:0, i:~)
2019-08-29 08:18:01,425 [pool-60-thread-1] INFO  server.RaftServerConfigKeys (ConfUtils.java:logGet(43)) - raft.server.log.use.memory = false (default)
2019-08-29 08:18:01,425 [pool-93-thread-1] INFO  server.RaftServerConfigKeys (ConfUtils.java:logGet(43)) - raft.server.leader.election.timeout = 120s (custom)
2019-08-29 08:18:01,425 [pool-60-thread-1] INFO  server.RaftServerConfigKeys (ConfUtils.java:logGet(43)) - raft.server.log.purge.gap = 1000000 (custom)
2019-08-29 08:18:01,425 [pool-49-thread-1] INFO  server.RaftServerConfigKeys (ConfUtils.java:logGet(43)) - raft.server.leader.election.timeout = 120s (custom)
2019-08-29 08:18:01,425 [pool-60-thread-1] INFO  server.RaftServerConfigKeys (ConfUtils.java:logGet(43)) - raft.server.log.appender.buffer.byte-limit = 33554432 (custom)
2019-08-29 08:18:01,425 [pool-93-thread-1] INFO  server.RaftServerConfigKeys (ConfUtils.java:logGet(43)) - raft.server.log.use.memory = false (default)
2019-08-29 08:18:01,426 [pool-60-thread-1] INFO  server.RaftServerConfigKeys (ConfUtils.java:logGet(43)) - raft.server.log.segment.size.max = 1048576 (custom)
2019-08-29 08:18:01,425 [pool-49-thread-1] INFO  server.RaftServerConfigKeys (ConfUtils.java:logGet(43)) - raft.server.log.use.memory = false (default)
2019-08-29 08:18:01,426 [pool-60-thread-1] INFO  server.RaftServerConfigKeys (ConfUtils.java:logGet(43)) - raft.server.log.segment.cache.num.max = 2 (custom)
2019-08-29 08:18:01,426 [pool-93-thread-1] INFO  server.RaftServerConfigKeys (ConfUtils.java:logGet(43)) - raft.server.log.purge.gap = 1000000 (custom)
2019-08-29 08:18:01,426 [pool-60-thread-1] INFO  segmented.SegmentedRaftLogWorker (SegmentedRaftLogWorker.java:<init>(172)) - new dd9a91c5-5c4b-4478-b7f7-3956f198c950-SegmentedRaftLogWorker:Storage Directory /workdir/hadoop-ozone/integration-test/target/test-dir/MiniOzoneClusterImpl-ef39a000-56f8-499f-ba54-08500adcb141/datanode-3/data/ratis/23124dfc-bcd1-4b4b-805a-59b4fd6504db for RaftStorage:Storage Directory /workdir/hadoop-ozone/integration-test/target/test-dir/MiniOzoneClusterImpl-ef39a000-56f8-499f-ba54-08500adcb141/datanode-3/data/ratis/23124dfc-bcd1-4b4b-805a-59b4fd6504db
2019-08-29 08:18:01,426 [pool-49-thread-1] INFO  server.RaftServerConfigKeys (ConfUtils.java:logGet(43)) - raft.server.log.purge.gap = 1000000 (custom)
2019-08-29 08:18:01,426 [pool-60-thread-1] INFO  server.RaftServerConfigKeys (ConfUtils.java:logGet(43)) - raft.server.log.queue.byte-limit = 2147483647 (custom)
2019-08-29 08:18:01,426 [pool-93-thread-1] INFO  server.RaftServerConfigKeys (ConfUtils.java:logGet(43)) - raft.server.log.appender.buffer.byte-limit = 33554432 (custom)
2019-08-29 08:18:01,428 [pool-60-thread-1] INFO  server.RaftServerConfigKeys (ConfUtils.java:logGet(43)) - raft.server.log.queue.element-limit = 1024 (custom)
2019-08-29 08:18:01,428 [pool-49-thread-1] INFO  server.RaftServerConfigKeys (ConfUtils.java:logGet(43)) - raft.server.log.appender.buffer.byte-limit = 33554432 (custom)
2019-08-29 08:18:01,428 [pool-60-thread-1] INFO  server.RaftServerConfigKeys (ConfUtils.java:logGet(43)) - raft.server.log.segment.size.max = 1048576 (custom)
2019-08-29 08:18:01,429 [pool-49-thread-1] INFO  server.RaftServerConfigKeys (ConfUtils.java:logGet(43)) - raft.server.log.segment.size.max = 1048576 (custom)
2019-08-29 08:18:01,428 [pool-93-thread-1] INFO  server.RaftServerConfigKeys (ConfUtils.java:logGet(43)) - raft.server.log.segment.size.max = 1048576 (custom)
2019-08-29 08:18:01,429 [pool-49-thread-1] INFO  server.RaftServerConfigKeys (ConfUtils.java:logGet(43)) - raft.server.log.segment.cache.num.max = 2 (custom)
2019-08-29 08:18:01,429 [pool-60-thread-1] INFO  server.RaftServerConfigKeys (ConfUtils.java:logGet(43)) - raft.server.log.preallocated.size = 16384 (custom)
2019-08-29 08:18:01,429 [pool-49-thread-1] INFO  segmented.SegmentedRaftLogWorker (SegmentedRaftLogWorker.java:<init>(172)) - new 14879765-9127-45ba-89de-04712631aaf6-SegmentedRaftLogWorker:Storage Directory /workdir/hadoop-ozone/integration-test/target/test-dir/MiniOzoneClusterImpl-ef39a000-56f8-499f-ba54-08500adcb141/datanode-2/data/ratis/23124dfc-bcd1-4b4b-805a-59b4fd6504db for RaftStorage:Storage Directory /workdir/hadoop-ozone/integration-test/target/test-dir/MiniOzoneClusterImpl-ef39a000-56f8-499f-ba54-08500adcb141/datanode-2/data/ratis/23124dfc-bcd1-4b4b-805a-59b4fd6504db
2019-08-29 08:18:01,429 [pool-93-thread-1] INFO  server.RaftServerConfigKeys (ConfUtils.java:logGet(43)) - raft.server.log.segment.cache.num.max = 2 (custom)
2019-08-29 08:18:01,429 [pool-49-thread-1] INFO  server.RaftServerConfigKeys (ConfUtils.java:logGet(43)) - raft.server.log.queue.byte-limit = 2147483647 (custom)
2019-08-29 08:18:01,429 [pool-60-thread-1] INFO  server.RaftServerConfigKeys (ConfUtils.java:logGet(43)) - raft.server.log.write.buffer.size = 33554432 (custom)
2019-08-29 08:18:01,431 [pool-49-thread-1] INFO  server.RaftServerConfigKeys (ConfUtils.java:logGet(43)) - raft.server.log.queue.element-limit = 1024 (custom)
2019-08-29 08:18:01,431 [pool-93-thread-1] INFO  segmented.SegmentedRaftLogWorker (SegmentedRaftLogWorker.java:<init>(172)) - new 9b2222ce-dbb0-4da1-b31a-a52ba00795b8-SegmentedRaftLogWorker:Storage Directory /workdir/hadoop-ozone/integration-test/target/test-dir/MiniOzoneClusterImpl-ef39a000-56f8-499f-ba54-08500adcb141/datanode-6/data/ratis/f1a0ed22-4e3a-4c8f-bf99-91c7a3b7e451 for RaftStorage:Storage Directory /workdir/hadoop-ozone/integration-test/target/test-dir/MiniOzoneClusterImpl-ef39a000-56f8-499f-ba54-08500adcb141/datanode-6/data/ratis/f1a0ed22-4e3a-4c8f-bf99-91c7a3b7e451
2019-08-29 08:18:01,431 [pool-49-thread-1] INFO  server.RaftServerConfigKeys (ConfUtils.java:logGet(43)) - raft.server.log.segment.size.max = 1048576 (custom)
2019-08-29 08:18:01,431 [pool-60-thread-1] INFO  server.RaftServerConfigKeys (ConfUtils.java:logGet(43)) - raft.server.log.force.sync.num = 128 (default)
2019-08-29 08:18:01,432 [pool-49-thread-1] INFO  server.RaftServerConfigKeys (ConfUtils.java:logGet(43)) - raft.server.log.preallocated.size = 16384 (custom)
2019-08-29 08:18:01,432 [pool-93-thread-1] INFO  server.RaftServerConfigKeys (ConfUtils.java:logGet(43)) - raft.server.log.queue.byte-limit = 2147483647 (custom)
2019-08-29 08:18:01,434 [pool-49-thread-1] INFO  server.RaftServerConfigKeys (ConfUtils.java:logGet(43)) - raft.server.log.write.buffer.size = 33554432 (custom)
2019-08-29 08:18:01,433 [pool-60-thread-1] INFO  server.RaftServerConfigKeys (ConfUtils.java:logGet(43)) - raft.server.log.statemachine.data.sync = true (default)
2019-08-29 08:18:01,434 [pool-49-thread-1] INFO  server.RaftServerConfigKeys (ConfUtils.java:logGet(43)) - raft.server.log.force.sync.num = 128 (default)
2019-08-29 08:18:01,434 [pool-93-thread-1] INFO  server.RaftServerConfigKeys (ConfUtils.java:logGet(43)) - raft.server.log.queue.element-limit = 1024 (custom)
2019-08-29 08:18:01,434 [pool-49-thread-1] INFO  server.RaftServerConfigKeys (ConfUtils.java:logGet(43)) - raft.server.log.statemachine.data.sync = true (default)
2019-08-29 08:18:01,434 [pool-60-thread-1] INFO  server.RaftServerConfigKeys (ConfUtils.java:logGet(43)) - raft.server.log.statemachine.data.sync.timeout = 10s (default)
2019-08-29 08:18:01,434 [pool-49-thread-1] INFO  server.RaftServerConfigKeys (ConfUtils.java:logGet(43)) - raft.server.log.statemachine.data.sync.timeout = 10s (default)
2019-08-29 08:18:01,434 [pool-93-thread-1] INFO  server.RaftServerConfigKeys (ConfUtils.java:logGet(43)) - raft.server.log.segment.size.max = 1048576 (custom)
2019-08-29 08:18:01,435 [pool-49-thread-1] INFO  server.RaftServerConfigKeys (ConfUtils.java:logGet(43)) - raft.server.log.statemachine.data.sync.timeout.retry = -1 (default)
2019-08-29 08:18:01,435 [pool-60-thread-1] INFO  server.RaftServerConfigKeys (ConfUtils.java:logGet(43)) - raft.server.log.statemachine.data.sync.timeout.retry = -1 (default)
2019-08-29 08:18:01,435 [pool-93-thread-1] INFO  server.RaftServerConfigKeys (ConfUtils.java:logGet(43)) - raft.server.log.preallocated.size = 16384 (custom)
2019-08-29 08:18:01,435 [pool-60-thread-1] INFO  server.RaftServerConfigKeys (ConfUtils.java:logGet(43)) - raft.server.log.statemachine.data.caching.enabled = true (custom)
2019-08-29 08:18:01,435 [pool-49-thread-1] INFO  server.RaftServerConfigKeys (ConfUtils.java:logGet(43)) - raft.server.log.statemachine.data.caching.enabled = true (custom)
2019-08-29 08:18:01,435 [pool-93-thread-1] INFO  server.RaftServerConfigKeys (ConfUtils.java:logGet(43)) - raft.server.log.write.buffer.size = 33554432 (custom)
2019-08-29 08:18:01,435 [pool-60-thread-1] INFO  segmented.SegmentedRaftLogWorker (SegmentedRaftLogWorker.java:lambda$new$0(132)) - dd9a91c5-5c4b-4478-b7f7-3956f198c950-SegmentedRaftLogWorker:Storage Directory /workdir/hadoop-ozone/integration-test/target/test-dir/MiniOzoneClusterImpl-ef39a000-56f8-499f-ba54-08500adcb141/datanode-3/data/ratis/23124dfc-bcd1-4b4b-805a-59b4fd6504db: flushIndex: setUnconditionally 0 -> -1
2019-08-29 08:18:01,435 [pool-49-thread-1] INFO  segmented.SegmentedRaftLogWorker (SegmentedRaftLogWorker.java:lambda$new$0(132)) - 14879765-9127-45ba-89de-04712631aaf6-SegmentedRaftLogWorker:Storage Directory /workdir/hadoop-ozone/integration-test/target/test-dir/MiniOzoneClusterImpl-ef39a000-56f8-499f-ba54-08500adcb141/datanode-2/data/ratis/23124dfc-bcd1-4b4b-805a-59b4fd6504db: flushIndex: setUnconditionally 0 -> -1
2019-08-29 08:18:01,435 [pool-93-thread-1] INFO  server.RaftServerConfigKeys (ConfUtils.java:logGet(43)) - raft.server.log.force.sync.num = 128 (default)
2019-08-29 08:18:01,436 [pool-60-thread-1] INFO  server.RaftServerConfigKeys (ConfUtils.java:logGet(43)) - raft.server.snapshot.auto.trigger.enabled = true (custom)
2019-08-29 08:18:01,436 [pool-49-thread-1] INFO  server.RaftServerConfigKeys (ConfUtils.java:logGet(43)) - raft.server.snapshot.auto.trigger.enabled = true (custom)
2019-08-29 08:18:01,436 [pool-93-thread-1] INFO  server.RaftServerConfigKeys (ConfUtils.java:logGet(43)) - raft.server.log.statemachine.data.sync = true (default)
2019-08-29 08:18:01,436 [pool-49-thread-1] INFO  server.RaftServerConfigKeys (ConfUtils.java:logGet(43)) - raft.server.snapshot.auto.trigger.threshold = 10000 (custom)
2019-08-29 08:18:01,436 [pool-60-thread-1] INFO  server.RaftServerConfigKeys (ConfUtils.java:logGet(43)) - raft.server.snapshot.auto.trigger.threshold = 10000 (custom)
2019-08-29 08:18:01,436 [pool-93-thread-1] INFO  server.RaftServerConfigKeys (ConfUtils.java:logGet(43)) - raft.server.log.statemachine.data.sync.timeout = 10s (default)
2019-08-29 08:18:01,436 [pool-60-thread-1] INFO  server.RaftServerConfigKeys (ConfUtils.java:logGet(43)) - raft.server.retrycache.expirytime = 600000ms (custom)
2019-08-29 08:18:01,436 [pool-49-thread-1] INFO  server.RaftServerConfigKeys (ConfUtils.java:logGet(43)) - raft.server.retrycache.expirytime = 600000ms (custom)
2019-08-29 08:18:01,437 [pool-93-thread-1] INFO  server.RaftServerConfigKeys (ConfUtils.java:logGet(43)) - raft.server.log.statemachine.data.sync.timeout.retry = -1 (default)
2019-08-29 08:18:01,437 [pool-93-thread-1] INFO  server.RaftServerConfigKeys (ConfUtils.java:logGet(43)) - raft.server.log.statemachine.data.caching.enabled = true (custom)
2019-08-29 08:18:01,437 [pool-93-thread-1] INFO  segmented.SegmentedRaftLogWorker (SegmentedRaftLogWorker.java:lambda$new$0(132)) - 9b2222ce-dbb0-4da1-b31a-a52ba00795b8-SegmentedRaftLogWorker:Storage Directory /workdir/hadoop-ozone/integration-test/target/test-dir/MiniOzoneClusterImpl-ef39a000-56f8-499f-ba54-08500adcb141/datanode-6/data/ratis/f1a0ed22-4e3a-4c8f-bf99-91c7a3b7e451: flushIndex: setUnconditionally 0 -> -1
2019-08-29 08:18:01,437 [pool-93-thread-1] INFO  server.RaftServerConfigKeys (ConfUtils.java:logGet(43)) - raft.server.snapshot.auto.trigger.enabled = true (custom)
2019-08-29 08:18:01,438 [pool-93-thread-1] INFO  server.RaftServerConfigKeys (ConfUtils.java:logGet(43)) - raft.server.snapshot.auto.trigger.threshold = 10000 (custom)
2019-08-29 08:18:01,438 [pool-93-thread-1] INFO  server.RaftServerConfigKeys (ConfUtils.java:logGet(43)) - raft.server.retrycache.expirytime = 600000ms (custom)
2019-08-29 08:18:01,438 [pool-93-thread-1] INFO  impl.RaftServerImpl (RaftServerImpl.java:start(180)) - 9b2222ce-dbb0-4da1-b31a-a52ba00795b8: start group-68C63D44239F
2019-08-29 08:18:01,438 [pool-93-thread-1] INFO  impl.RaftServerImpl (RaftServerImpl.java:setRole(171)) - 9b2222ce-dbb0-4da1-b31a-a52ba00795b8:group-68C63D44239F changes role from null to FOLLOWER at term 0 for startAsFollower
2019-08-29 08:18:01,438 [pool-60-thread-1] INFO  impl.RaftServerImpl (RaftServerImpl.java:<init>(93)) - dd9a91c5-5c4b-4478-b7f7-3956f198c950: new RaftServerImpl for group-97AF3AC212A7:[9b2222ce-dbb0-4da1-b31a-a52ba00795b8:192.168.34.54:34658, dd9a91c5-5c4b-4478-b7f7-3956f198c950:192.168.34.54:35600, 14879765-9127-45ba-89de-04712631aaf6:192.168.34.54:41705] with ContainerStateMachine:uninitialized
2019-08-29 08:18:01,438 [pool-93-thread-1] INFO  impl.RoleInfo (RoleInfo.java:updateAndGet(143)) - 9b2222ce-dbb0-4da1-b31a-a52ba00795b8: start FollowerState
2019-08-29 08:18:01,438 [pool-60-thread-1] INFO  server.RaftServerConfigKeys (ConfUtils.java:logGet(43)) - raft.server.rpc.timeout.min = 5s (custom)
2019-08-29 08:18:01,438 [pool-60-thread-1] INFO  server.RaftServerConfigKeys (ConfUtils.java:logGet(43)) - raft.server.rpc.timeout.max = 5200ms (custom)
2019-08-29 08:18:01,439 [pool-60-thread-1] INFO  server.RaftServerConfigKeys (ConfUtils.java:logGet(43)) - raft.server.rpcslowness.timeout = 120s (custom)
2019-08-29 08:18:01,439 [pool-93-thread-1] INFO  util.JmxRegister (JmxRegister.java:tryRegister(44)) - Successfully registered JMX Bean with object name Ratis:service=RaftServer,group=group-68C63D44239F,id=9b2222ce-dbb0-4da1-b31a-a52ba00795b8
2019-08-29 08:18:01,439 [pool-60-thread-1] INFO  server.RaftServerConfigKeys (ConfUtils.java:logGet(43)) - raft.server.sleep.deviation.threshold = 300 (default)
2019-08-29 08:18:01,439 [pool-60-thread-1] INFO  server.RaftServerConfigKeys (ConfUtils.java:logGet(43)) - raft.server.log.appender.install.snapshot.enabled = false (custom)
2019-08-29 08:18:01,439 [pool-60-thread-1] INFO  impl.RaftServerImpl (ServerState.java:<init>(105)) - dd9a91c5-5c4b-4478-b7f7-3956f198c950:group-97AF3AC212A7 ConfigurationManager, init=-1: [9b2222ce-dbb0-4da1-b31a-a52ba00795b8:192.168.34.54:34658, dd9a91c5-5c4b-4478-b7f7-3956f198c950:192.168.34.54:35600, 14879765-9127-45ba-89de-04712631aaf6:192.168.34.54:41705], old=null, confs=<EMPTY_MAP>
2019-08-29 08:18:01,439 [pool-49-thread-1] INFO  impl.RaftServerImpl (RaftServerImpl.java:<init>(93)) - 14879765-9127-45ba-89de-04712631aaf6: new RaftServerImpl for group-97AF3AC212A7:[9b2222ce-dbb0-4da1-b31a-a52ba00795b8:192.168.34.54:34658, dd9a91c5-5c4b-4478-b7f7-3956f198c950:192.168.34.54:35600, 14879765-9127-45ba-89de-04712631aaf6:192.168.34.54:41705] with ContainerStateMachine:uninitialized
2019-08-29 08:18:01,439 [pool-60-thread-1] INFO  server.RaftServerConfigKeys (ConfUtils.java:logGet(43)) - raft.server.storage.dir = [/workdir/hadoop-ozone/integration-test/target/test-dir/MiniOzoneClusterImpl-ef39a000-56f8-499f-ba54-08500adcb141/datanode-3/data/ratis] (custom)
2019-08-29 08:18:01,439 [pool-49-thread-1] INFO  server.RaftServerConfigKeys (ConfUtils.java:logGet(43)) - raft.server.rpc.timeout.min = 5s (custom)
2019-08-29 08:18:01,439 [pool-49-thread-1] INFO  server.RaftServerConfigKeys (ConfUtils.java:logGet(43)) - raft.server.rpc.timeout.max = 5200ms (custom)
2019-08-29 08:18:01,440 [pool-60-thread-1] INFO  storage.RaftStorageDirectory (RaftStorageDirectory.java:analyzeStorage(246)) - The storage directory /workdir/hadoop-ozone/integration-test/target/test-dir/MiniOzoneClusterImpl-ef39a000-56f8-499f-ba54-08500adcb141/datanode-3/data/ratis/69ca6f74-3e56-4090-9310-97af3ac212a7 does not exist. Creating ...
2019-08-29 08:18:01,440 [pool-49-thread-1] INFO  server.RaftServerConfigKeys (ConfUtils.java:logGet(43)) - raft.server.rpcslowness.timeout = 120s (custom)
2019-08-29 08:18:01,440 [pool-49-thread-1] INFO  server.RaftServerConfigKeys (ConfUtils.java:logGet(43)) - raft.server.sleep.deviation.threshold = 300 (default)
2019-08-29 08:18:01,440 [pool-49-thread-1] INFO  server.RaftServerConfigKeys (ConfUtils.java:logGet(43)) - raft.server.log.appender.install.snapshot.enabled = false (custom)
2019-08-29 08:18:01,440 [pool-49-thread-1] INFO  impl.RaftServerImpl (ServerState.java:<init>(105)) - 14879765-9127-45ba-89de-04712631aaf6:group-97AF3AC212A7 ConfigurationManager, init=-1: [9b2222ce-dbb0-4da1-b31a-a52ba00795b8:192.168.34.54:34658, dd9a91c5-5c4b-4478-b7f7-3956f198c950:192.168.34.54:35600, 14879765-9127-45ba-89de-04712631aaf6:192.168.34.54:41705], old=null, confs=<EMPTY_MAP>
2019-08-29 08:18:01,440 [pool-49-thread-1] INFO  server.RaftServerConfigKeys (ConfUtils.java:logGet(43)) - raft.server.storage.dir = [/workdir/hadoop-ozone/integration-test/target/test-dir/MiniOzoneClusterImpl-ef39a000-56f8-499f-ba54-08500adcb141/datanode-2/data/ratis] (custom)
2019-08-29 08:18:01,441 [pool-93-thread-1] INFO  impl.RaftServerImpl (RaftServerImpl.java:<init>(93)) - 9b2222ce-dbb0-4da1-b31a-a52ba00795b8: new RaftServerImpl for group-59B4FD6504DB:[9b2222ce-dbb0-4da1-b31a-a52ba00795b8:192.168.34.54:34658, dd9a91c5-5c4b-4478-b7f7-3956f198c950:192.168.34.54:35600, 14879765-9127-45ba-89de-04712631aaf6:192.168.34.54:41705] with ContainerStateMachine:uninitialized
2019-08-29 08:18:01,441 [pool-49-thread-1] INFO  storage.RaftStorageDirectory (RaftStorageDirectory.java:analyzeStorage(246)) - The storage directory /workdir/hadoop-ozone/integration-test/target/test-dir/MiniOzoneClusterImpl-ef39a000-56f8-499f-ba54-08500adcb141/datanode-2/data/ratis/69ca6f74-3e56-4090-9310-97af3ac212a7 does not exist. Creating ...
2019-08-29 08:18:01,441 [pool-93-thread-1] INFO  server.RaftServerConfigKeys (ConfUtils.java:logGet(43)) - raft.server.rpc.timeout.min = 5s (custom)
2019-08-29 08:18:01,441 [pool-93-thread-1] INFO  server.RaftServerConfigKeys (ConfUtils.java:logGet(43)) - raft.server.rpc.timeout.max = 5200ms (custom)
2019-08-29 08:18:01,441 [pool-93-thread-1] INFO  server.RaftServerConfigKeys (ConfUtils.java:logGet(43)) - raft.server.rpcslowness.timeout = 120s (custom)
2019-08-29 08:18:01,441 [pool-93-thread-1] INFO  server.RaftServerConfigKeys (ConfUtils.java:logGet(43)) - raft.server.sleep.deviation.threshold = 300 (default)
2019-08-29 08:18:01,441 [pool-93-thread-1] INFO  server.RaftServerConfigKeys (ConfUtils.java:logGet(43)) - raft.server.log.appender.install.snapshot.enabled = false (custom)
2019-08-29 08:18:01,441 [pool-93-thread-1] INFO  impl.RaftServerImpl (ServerState.java:<init>(105)) - 9b2222ce-dbb0-4da1-b31a-a52ba00795b8:group-59B4FD6504DB ConfigurationManager, init=-1: [9b2222ce-dbb0-4da1-b31a-a52ba00795b8:192.168.34.54:34658, dd9a91c5-5c4b-4478-b7f7-3956f198c950:192.168.34.54:35600, 14879765-9127-45ba-89de-04712631aaf6:192.168.34.54:41705], old=null, confs=<EMPTY_MAP>
2019-08-29 08:18:01,442 [pool-93-thread-1] INFO  server.RaftServerConfigKeys (ConfUtils.java:logGet(43)) - raft.server.storage.dir = [/workdir/hadoop-ozone/integration-test/target/test-dir/MiniOzoneClusterImpl-ef39a000-56f8-499f-ba54-08500adcb141/datanode-6/data/ratis] (custom)
2019-08-29 08:18:01,442 [pool-93-thread-1] INFO  storage.RaftStorageDirectory (RaftStorageDirectory.java:analyzeStorage(246)) - The storage directory /workdir/hadoop-ozone/integration-test/target/test-dir/MiniOzoneClusterImpl-ef39a000-56f8-499f-ba54-08500adcb141/datanode-6/data/ratis/23124dfc-bcd1-4b4b-805a-59b4fd6504db does not exist. Creating ...
2019-08-29 08:18:01,576 | INFO  | SCMAudit | user=jenkins1000 | ip=192.168.34.54 | op=SEND_HEARTBEAT {datanodeUUID=9b2222ce-dbb0-4da1-b31a-a52ba00795b8, command=[]} | ret=SUCCESS |  
2019-08-29 08:18:01,820 | INFO  | SCMAudit | user=jenkins1000 | ip=192.168.34.54 | op=SEND_HEARTBEAT {datanodeUUID=14879765-9127-45ba-89de-04712631aaf6, command=[]} | ret=SUCCESS |  
2019-08-29 08:18:01,871 | INFO  | SCMAudit | user=jenkins1000 | ip=192.168.34.54 | op=SEND_HEARTBEAT {datanodeUUID=dd9a91c5-5c4b-4478-b7f7-3956f198c950, command=[]} | ret=SUCCESS |  
2019-08-29 08:18:02,089 | INFO  | SCMAudit | user=jenkins1000 | ip=192.168.34.54 | op=SEND_HEARTBEAT {datanodeUUID=84674177-5820-4a0b-9345-463c27e4b0c8, command=[]} | ret=SUCCESS |  
2019-08-29 08:18:02,120 | INFO  | SCMAudit | user=jenkins1000 | ip=192.168.34.54 | op=SEND_HEARTBEAT {datanodeUUID=62fbaf2b-c9dd-41a4-90d2-fdfdf099a3b1, command=[]} | ret=SUCCESS |  
2019-08-29 08:18:02,362 | INFO  | SCMAudit | user=jenkins1000 | ip=192.168.34.54 | op=SEND_HEARTBEAT {datanodeUUID=4e66ed9b-7a7a-49e4-a069-f2e74814d405, command=[]} | ret=SUCCESS |  
2019-08-29 08:18:02,362 | INFO  | SCMAudit | user=jenkins1000 | ip=192.168.34.54 | op=SEND_HEARTBEAT {datanodeUUID=dba0a522-61fc-431c-9633-76c1b0451c6f, command=[]} | ret=SUCCESS |  
2019-08-29 08:18:02,576 | INFO  | SCMAudit | user=jenkins1000 | ip=192.168.34.54 | op=SEND_HEARTBEAT {datanodeUUID=9b2222ce-dbb0-4da1-b31a-a52ba00795b8, command=[]} | ret=SUCCESS |  
2019-08-29 08:18:02,820 | INFO  | SCMAudit | user=jenkins1000 | ip=192.168.34.54 | op=SEND_HEARTBEAT {datanodeUUID=14879765-9127-45ba-89de-04712631aaf6, command=[]} | ret=SUCCESS |  
2019-08-29 08:18:02,870 | INFO  | SCMAudit | user=jenkins1000 | ip=192.168.34.54 | op=SEND_HEARTBEAT {datanodeUUID=dd9a91c5-5c4b-4478-b7f7-3956f198c950, command=[]} | ret=SUCCESS |  
2019-08-29 08:18:03,089 | INFO  | SCMAudit | user=jenkins1000 | ip=192.168.34.54 | op=SEND_HEARTBEAT {datanodeUUID=84674177-5820-4a0b-9345-463c27e4b0c8, command=[]} | ret=SUCCESS |  
2019-08-29 08:18:03,120 | INFO  | SCMAudit | user=jenkins1000 | ip=192.168.34.54 | op=SEND_HEARTBEAT {datanodeUUID=62fbaf2b-c9dd-41a4-90d2-fdfdf099a3b1, command=[]} | ret=SUCCESS |  
2019-08-29 08:18:03,167 [pool-60-thread-1] INFO  storage.RaftStorageDirectory (RaftStorageDirectory.java:tryLock(328)) - Lock on /workdir/hadoop-ozone/integration-test/target/test-dir/MiniOzoneClusterImpl-ef39a000-56f8-499f-ba54-08500adcb141/datanode-3/data/ratis/69ca6f74-3e56-4090-9310-97af3ac212a7/in_use.lock acquired by nodename 28333@pr-hdds-1553-zhl8q-89899572
2019-08-29 08:18:03,167 [pool-49-thread-1] INFO  storage.RaftStorageDirectory (RaftStorageDirectory.java:tryLock(328)) - Lock on /workdir/hadoop-ozone/integration-test/target/test-dir/MiniOzoneClusterImpl-ef39a000-56f8-499f-ba54-08500adcb141/datanode-2/data/ratis/69ca6f74-3e56-4090-9310-97af3ac212a7/in_use.lock acquired by nodename 28333@pr-hdds-1553-zhl8q-89899572
2019-08-29 08:18:03,167 [pool-93-thread-1] INFO  storage.RaftStorageDirectory (RaftStorageDirectory.java:tryLock(328)) - Lock on /workdir/hadoop-ozone/integration-test/target/test-dir/MiniOzoneClusterImpl-ef39a000-56f8-499f-ba54-08500adcb141/datanode-6/data/ratis/23124dfc-bcd1-4b4b-805a-59b4fd6504db/in_use.lock acquired by nodename 28333@pr-hdds-1553-zhl8q-89899572
2019-08-29 08:18:03,307 [pool-49-thread-1] INFO  storage.RaftStorage (RaftStorage.java:format(72)) - Storage directory /workdir/hadoop-ozone/integration-test/target/test-dir/MiniOzoneClusterImpl-ef39a000-56f8-499f-ba54-08500adcb141/datanode-2/data/ratis/69ca6f74-3e56-4090-9310-97af3ac212a7 has been successfully formatted.
2019-08-29 08:18:03,307 [pool-60-thread-1] INFO  storage.RaftStorage (RaftStorage.java:format(72)) - Storage directory /workdir/hadoop-ozone/integration-test/target/test-dir/MiniOzoneClusterImpl-ef39a000-56f8-499f-ba54-08500adcb141/datanode-3/data/ratis/69ca6f74-3e56-4090-9310-97af3ac212a7 has been successfully formatted.
2019-08-29 08:18:03,307 [pool-93-thread-1] INFO  storage.RaftStorage (RaftStorage.java:format(72)) - Storage directory /workdir/hadoop-ozone/integration-test/target/test-dir/MiniOzoneClusterImpl-ef39a000-56f8-499f-ba54-08500adcb141/datanode-6/data/ratis/23124dfc-bcd1-4b4b-805a-59b4fd6504db has been successfully formatted.
2019-08-29 08:18:03,308 [pool-60-thread-1] INFO  ratis.ContainerStateMachine (ContainerStateMachine.java:loadSnapshot(226)) - group-97AF3AC212A7: The snapshot info is null. Setting the last applied indexto:(t:0, i:~)
2019-08-29 08:18:03,308 [pool-49-thread-1] INFO  ratis.ContainerStateMachine (ContainerStateMachine.java:loadSnapshot(226)) - group-97AF3AC212A7: The snapshot info is null. Setting the last applied indexto:(t:0, i:~)
2019-08-29 08:18:03,308 [pool-93-thread-1] INFO  ratis.ContainerStateMachine (ContainerStateMachine.java:loadSnapshot(226)) - group-59B4FD6504DB: The snapshot info is null. Setting the last applied indexto:(t:0, i:~)
2019-08-29 08:18:03,308 [pool-60-thread-1] INFO  server.RaftServerConfigKeys (ConfUtils.java:logGet(43)) - raft.server.leader.election.timeout = 120s (custom)
2019-08-29 08:18:03,309 [pool-93-thread-1] INFO  server.RaftServerConfigKeys (ConfUtils.java:logGet(43)) - raft.server.leader.election.timeout = 120s (custom)
2019-08-29 08:18:03,309 [pool-49-thread-1] INFO  server.RaftServerConfigKeys (ConfUtils.java:logGet(43)) - raft.server.leader.election.timeout = 120s (custom)
2019-08-29 08:18:03,309 [pool-93-thread-1] INFO  server.RaftServerConfigKeys (ConfUtils.java:logGet(43)) - raft.server.log.use.memory = false (default)
2019-08-29 08:18:03,309 [pool-60-thread-1] INFO  server.RaftServerConfigKeys (ConfUtils.java:logGet(43)) - raft.server.log.use.memory = false (default)
2019-08-29 08:18:03,309 [pool-93-thread-1] INFO  server.RaftServerConfigKeys (ConfUtils.java:logGet(43)) - raft.server.log.purge.gap = 1000000 (custom)
2019-08-29 08:18:03,309 [pool-49-thread-1] INFO  server.RaftServerConfigKeys (ConfUtils.java:logGet(43)) - raft.server.log.use.memory = false (default)
2019-08-29 08:18:03,310 [pool-93-thread-1] INFO  server.RaftServerConfigKeys (ConfUtils.java:logGet(43)) - raft.server.log.appender.buffer.byte-limit = 33554432 (custom)
2019-08-29 08:18:03,309 [pool-60-thread-1] INFO  server.RaftServerConfigKeys (ConfUtils.java:logGet(43)) - raft.server.log.purge.gap = 1000000 (custom)
2019-08-29 08:18:03,310 [pool-93-thread-1] INFO  server.RaftServerConfigKeys (ConfUtils.java:logGet(43)) - raft.server.log.segment.size.max = 1048576 (custom)
2019-08-29 08:18:03,310 [pool-49-thread-1] INFO  server.RaftServerConfigKeys (ConfUtils.java:logGet(43)) - raft.server.log.purge.gap = 1000000 (custom)
2019-08-29 08:18:03,310 [pool-93-thread-1] INFO  server.RaftServerConfigKeys (ConfUtils.java:logGet(43)) - raft.server.log.segment.cache.num.max = 2 (custom)
2019-08-29 08:18:03,310 [pool-60-thread-1] INFO  server.RaftServerConfigKeys (ConfUtils.java:logGet(43)) - raft.server.log.appender.buffer.byte-limit = 33554432 (custom)
2019-08-29 08:18:03,311 [pool-93-thread-1] INFO  segmented.SegmentedRaftLogWorker (SegmentedRaftLogWorker.java:<init>(172)) - new 9b2222ce-dbb0-4da1-b31a-a52ba00795b8-SegmentedRaftLogWorker:Storage Directory /workdir/hadoop-ozone/integration-test/target/test-dir/MiniOzoneClusterImpl-ef39a000-56f8-499f-ba54-08500adcb141/datanode-6/data/ratis/23124dfc-bcd1-4b4b-805a-59b4fd6504db for RaftStorage:Storage Directory /workdir/hadoop-ozone/integration-test/target/test-dir/MiniOzoneClusterImpl-ef39a000-56f8-499f-ba54-08500adcb141/datanode-6/data/ratis/23124dfc-bcd1-4b4b-805a-59b4fd6504db
2019-08-29 08:18:03,311 [pool-49-thread-1] INFO  server.RaftServerConfigKeys (ConfUtils.java:logGet(43)) - raft.server.log.appender.buffer.byte-limit = 33554432 (custom)
2019-08-29 08:18:03,311 [pool-93-thread-1] INFO  server.RaftServerConfigKeys (ConfUtils.java:logGet(43)) - raft.server.log.queue.byte-limit = 2147483647 (custom)
2019-08-29 08:18:03,311 [pool-60-thread-1] INFO  server.RaftServerConfigKeys (ConfUtils.java:logGet(43)) - raft.server.log.segment.size.max = 1048576 (custom)
2019-08-29 08:18:03,315 [pool-93-thread-1] INFO  server.RaftServerConfigKeys (ConfUtils.java:logGet(43)) - raft.server.log.queue.element-limit = 1024 (custom)
2019-08-29 08:18:03,315 [pool-49-thread-1] INFO  server.RaftServerConfigKeys (ConfUtils.java:logGet(43)) - raft.server.log.segment.size.max = 1048576 (custom)
2019-08-29 08:18:03,315 [pool-93-thread-1] INFO  server.RaftServerConfigKeys (ConfUtils.java:logGet(43)) - raft.server.log.segment.size.max = 1048576 (custom)
2019-08-29 08:18:03,315 [pool-60-thread-1] INFO  server.RaftServerConfigKeys (ConfUtils.java:logGet(43)) - raft.server.log.segment.cache.num.max = 2 (custom)
2019-08-29 08:18:03,315 [pool-93-thread-1] INFO  server.RaftServerConfigKeys (ConfUtils.java:logGet(43)) - raft.server.log.preallocated.size = 16384 (custom)
2019-08-29 08:18:03,315 [pool-49-thread-1] INFO  server.RaftServerConfigKeys (ConfUtils.java:logGet(43)) - raft.server.log.segment.cache.num.max = 2 (custom)
2019-08-29 08:18:03,316 [pool-93-thread-1] INFO  server.RaftServerConfigKeys (ConfUtils.java:logGet(43)) - raft.server.log.write.buffer.size = 33554432 (custom)
2019-08-29 08:18:03,316 [pool-60-thread-1] INFO  segmented.SegmentedRaftLogWorker (SegmentedRaftLogWorker.java:<init>(172)) - new dd9a91c5-5c4b-4478-b7f7-3956f198c950-SegmentedRaftLogWorker:Storage Directory /workdir/hadoop-ozone/integration-test/target/test-dir/MiniOzoneClusterImpl-ef39a000-56f8-499f-ba54-08500adcb141/datanode-3/data/ratis/69ca6f74-3e56-4090-9310-97af3ac212a7 for RaftStorage:Storage Directory /workdir/hadoop-ozone/integration-test/target/test-dir/MiniOzoneClusterImpl-ef39a000-56f8-499f-ba54-08500adcb141/datanode-3/data/ratis/69ca6f74-3e56-4090-9310-97af3ac212a7
2019-08-29 08:18:03,316 [pool-93-thread-1] INFO  server.RaftServerConfigKeys (ConfUtils.java:logGet(43)) - raft.server.log.force.sync.num = 128 (default)
2019-08-29 08:18:03,316 [pool-49-thread-1] INFO  segmented.SegmentedRaftLogWorker (SegmentedRaftLogWorker.java:<init>(172)) - new 14879765-9127-45ba-89de-04712631aaf6-SegmentedRaftLogWorker:Storage Directory /workdir/hadoop-ozone/integration-test/target/test-dir/MiniOzoneClusterImpl-ef39a000-56f8-499f-ba54-08500adcb141/datanode-2/data/ratis/69ca6f74-3e56-4090-9310-97af3ac212a7 for RaftStorage:Storage Directory /workdir/hadoop-ozone/integration-test/target/test-dir/MiniOzoneClusterImpl-ef39a000-56f8-499f-ba54-08500adcb141/datanode-2/data/ratis/69ca6f74-3e56-4090-9310-97af3ac212a7
2019-08-29 08:18:03,317 [pool-93-thread-1] INFO  server.RaftServerConfigKeys (ConfUtils.java:logGet(43)) - raft.server.log.statemachine.data.sync = true (default)
2019-08-29 08:18:03,316 [pool-60-thread-1] INFO  server.RaftServerConfigKeys (ConfUtils.java:logGet(43)) - raft.server.log.queue.byte-limit = 2147483647 (custom)
2019-08-29 08:18:03,321 [pool-93-thread-1] INFO  server.RaftServerConfigKeys (ConfUtils.java:logGet(43)) - raft.server.log.statemachine.data.sync.timeout = 10s (default)
2019-08-29 08:18:03,319 [pool-49-thread-1] INFO  server.RaftServerConfigKeys (ConfUtils.java:logGet(43)) - raft.server.log.queue.byte-limit = 2147483647 (custom)
2019-08-29 08:18:03,321 [pool-93-thread-1] INFO  server.RaftServerConfigKeys (ConfUtils.java:logGet(43)) - raft.server.log.statemachine.data.sync.timeout.retry = -1 (default)
2019-08-29 08:18:03,321 [pool-60-thread-1] INFO  server.RaftServerConfigKeys (ConfUtils.java:logGet(43)) - raft.server.log.queue.element-limit = 1024 (custom)
2019-08-29 08:18:03,322 [pool-93-thread-1] INFO  server.RaftServerConfigKeys (ConfUtils.java:logGet(43)) - raft.server.log.statemachine.data.caching.enabled = true (custom)
2019-08-29 08:18:03,321 [pool-49-thread-1] INFO  server.RaftServerConfigKeys (ConfUtils.java:logGet(43)) - raft.server.log.queue.element-limit = 1024 (custom)
2019-08-29 08:18:03,322 [pool-60-thread-1] INFO  server.RaftServerConfigKeys (ConfUtils.java:logGet(43)) - raft.server.log.segment.size.max = 1048576 (custom)
2019-08-29 08:18:03,322 [pool-49-thread-1] INFO  server.RaftServerConfigKeys (ConfUtils.java:logGet(43)) - raft.server.log.segment.size.max = 1048576 (custom)
2019-08-29 08:18:03,322 [pool-93-thread-1] INFO  segmented.SegmentedRaftLogWorker (SegmentedRaftLogWorker.java:lambda$new$0(132)) - 9b2222ce-dbb0-4da1-b31a-a52ba00795b8-SegmentedRaftLogWorker:Storage Directory /workdir/hadoop-ozone/integration-test/target/test-dir/MiniOzoneClusterImpl-ef39a000-56f8-499f-ba54-08500adcb141/datanode-6/data/ratis/23124dfc-bcd1-4b4b-805a-59b4fd6504db: flushIndex: setUnconditionally 0 -> -1
2019-08-29 08:18:03,322 [pool-49-thread-1] INFO  server.RaftServerConfigKeys (ConfUtils.java:logGet(43)) - raft.server.log.preallocated.size = 16384 (custom)
2019-08-29 08:18:03,322 [pool-60-thread-1] INFO  server.RaftServerConfigKeys (ConfUtils.java:logGet(43)) - raft.server.log.preallocated.size = 16384 (custom)
2019-08-29 08:18:03,323 [pool-93-thread-1] INFO  server.RaftServerConfigKeys (ConfUtils.java:logGet(43)) - raft.server.snapshot.auto.trigger.enabled = true (custom)
2019-08-29 08:18:03,323 [pool-49-thread-1] INFO  server.RaftServerConfigKeys (ConfUtils.java:logGet(43)) - raft.server.log.write.buffer.size = 33554432 (custom)
2019-08-29 08:18:03,323 [pool-93-thread-1] INFO  server.RaftServerConfigKeys (ConfUtils.java:logGet(43)) - raft.server.snapshot.auto.trigger.threshold = 10000 (custom)
2019-08-29 08:18:03,323 [pool-60-thread-1] INFO  server.RaftServerConfigKeys (ConfUtils.java:logGet(43)) - raft.server.log.write.buffer.size = 33554432 (custom)
2019-08-29 08:18:03,323 [pool-93-thread-1] INFO  server.RaftServerConfigKeys (ConfUtils.java:logGet(43)) - raft.server.retrycache.expirytime = 600000ms (custom)
2019-08-29 08:18:03,323 [pool-49-thread-1] INFO  server.RaftServerConfigKeys (ConfUtils.java:logGet(43)) - raft.server.log.force.sync.num = 128 (default)
2019-08-29 08:18:03,323 [pool-60-thread-1] INFO  server.RaftServerConfigKeys (ConfUtils.java:logGet(43)) - raft.server.log.force.sync.num = 128 (default)
2019-08-29 08:18:03,324 [pool-49-thread-1] INFO  server.RaftServerConfigKeys (ConfUtils.java:logGet(43)) - raft.server.log.statemachine.data.sync = true (default)
2019-08-29 08:18:03,324 [pool-60-thread-1] INFO  server.RaftServerConfigKeys (ConfUtils.java:logGet(43)) - raft.server.log.statemachine.data.sync = true (default)
2019-08-29 08:18:03,324 [pool-49-thread-1] INFO  server.RaftServerConfigKeys (ConfUtils.java:logGet(43)) - raft.server.log.statemachine.data.sync.timeout = 10s (default)
2019-08-29 08:18:03,324 [pool-60-thread-1] INFO  server.RaftServerConfigKeys (ConfUtils.java:logGet(43)) - raft.server.log.statemachine.data.sync.timeout = 10s (default)
2019-08-29 08:18:03,324 [pool-49-thread-1] INFO  server.RaftServerConfigKeys (ConfUtils.java:logGet(43)) - raft.server.log.statemachine.data.sync.timeout.retry = -1 (default)
2019-08-29 08:18:03,324 [pool-60-thread-1] INFO  server.RaftServerConfigKeys (ConfUtils.java:logGet(43)) - raft.server.log.statemachine.data.sync.timeout.retry = -1 (default)
2019-08-29 08:18:03,325 [pool-49-thread-1] INFO  server.RaftServerConfigKeys (ConfUtils.java:logGet(43)) - raft.server.log.statemachine.data.caching.enabled = true (custom)
2019-08-29 08:18:03,325 [pool-60-thread-1] INFO  server.RaftServerConfigKeys (ConfUtils.java:logGet(43)) - raft.server.log.statemachine.data.caching.enabled = true (custom)
2019-08-29 08:18:03,325 [pool-49-thread-1] INFO  segmented.SegmentedRaftLogWorker (SegmentedRaftLogWorker.java:lambda$new$0(132)) - 14879765-9127-45ba-89de-04712631aaf6-SegmentedRaftLogWorker:Storage Directory /workdir/hadoop-ozone/integration-test/target/test-dir/MiniOzoneClusterImpl-ef39a000-56f8-499f-ba54-08500adcb141/datanode-2/data/ratis/69ca6f74-3e56-4090-9310-97af3ac212a7: flushIndex: setUnconditionally 0 -> -1
2019-08-29 08:18:03,325 [pool-49-thread-1] INFO  server.RaftServerConfigKeys (ConfUtils.java:logGet(43)) - raft.server.snapshot.auto.trigger.enabled = true (custom)
2019-08-29 08:18:03,325 [pool-60-thread-1] INFO  segmented.SegmentedRaftLogWorker (SegmentedRaftLogWorker.java:lambda$new$0(132)) - dd9a91c5-5c4b-4478-b7f7-3956f198c950-SegmentedRaftLogWorker:Storage Directory /workdir/hadoop-ozone/integration-test/target/test-dir/MiniOzoneClusterImpl-ef39a000-56f8-499f-ba54-08500adcb141/datanode-3/data/ratis/69ca6f74-3e56-4090-9310-97af3ac212a7: flushIndex: setUnconditionally 0 -> -1
2019-08-29 08:18:03,325 [pool-49-thread-1] INFO  server.RaftServerConfigKeys (ConfUtils.java:logGet(43)) - raft.server.snapshot.auto.trigger.threshold = 10000 (custom)
2019-08-29 08:18:03,326 [pool-49-thread-1] INFO  server.RaftServerConfigKeys (ConfUtils.java:logGet(43)) - raft.server.retrycache.expirytime = 600000ms (custom)
2019-08-29 08:18:03,326 [pool-60-thread-1] INFO  server.RaftServerConfigKeys (ConfUtils.java:logGet(43)) - raft.server.snapshot.auto.trigger.enabled = true (custom)
2019-08-29 08:18:03,326 [pool-60-thread-1] INFO  server.RaftServerConfigKeys (ConfUtils.java:logGet(43)) - raft.server.snapshot.auto.trigger.threshold = 10000 (custom)
2019-08-29 08:18:03,326 [pool-93-thread-1] INFO  impl.RaftServerImpl (RaftServerImpl.java:<init>(93)) - 9b2222ce-dbb0-4da1-b31a-a52ba00795b8: new RaftServerImpl for group-97AF3AC212A7:[9b2222ce-dbb0-4da1-b31a-a52ba00795b8:192.168.34.54:34658, dd9a91c5-5c4b-4478-b7f7-3956f198c950:192.168.34.54:35600, 14879765-9127-45ba-89de-04712631aaf6:192.168.34.54:41705] with ContainerStateMachine:uninitialized
2019-08-29 08:18:03,326 [pool-60-thread-1] INFO  server.RaftServerConfigKeys (ConfUtils.java:logGet(43)) - raft.server.retrycache.expirytime = 600000ms (custom)
2019-08-29 08:18:03,326 [pool-93-thread-1] INFO  server.RaftServerConfigKeys (ConfUtils.java:logGet(43)) - raft.server.rpc.timeout.min = 5s (custom)
2019-08-29 08:18:03,327 [pool-93-thread-1] INFO  server.RaftServerConfigKeys (ConfUtils.java:logGet(43)) - raft.server.rpc.timeout.max = 5200ms (custom)
2019-08-29 08:18:03,327 [pool-93-thread-1] INFO  server.RaftServerConfigKeys (ConfUtils.java:logGet(43)) - raft.server.rpcslowness.timeout = 120s (custom)
2019-08-29 08:18:03,327 [pool-93-thread-1] INFO  server.RaftServerConfigKeys (ConfUtils.java:logGet(43)) - raft.server.sleep.deviation.threshold = 300 (default)
2019-08-29 08:18:03,327 [pool-49-thread-1] INFO  impl.RaftServerImpl (RaftServerImpl.java:<init>(93)) - 14879765-9127-45ba-89de-04712631aaf6: new RaftServerImpl for group-29AA9DB7490E:[9b2222ce-dbb0-4da1-b31a-a52ba00795b8:192.168.34.54:34658, dd9a91c5-5c4b-4478-b7f7-3956f198c950:192.168.34.54:35600, 14879765-9127-45ba-89de-04712631aaf6:192.168.34.54:41705] with ContainerStateMachine:uninitialized
2019-08-29 08:18:03,327 [pool-93-thread-1] INFO  server.RaftServerConfigKeys (ConfUtils.java:logGet(43)) - raft.server.log.appender.install.snapshot.enabled = false (custom)
2019-08-29 08:18:03,327 [pool-49-thread-1] INFO  server.RaftServerConfigKeys (ConfUtils.java:logGet(43)) - raft.server.rpc.timeout.min = 5s (custom)
2019-08-29 08:18:03,327 [pool-93-thread-1] INFO  impl.RaftServerImpl (ServerState.java:<init>(105)) - 9b2222ce-dbb0-4da1-b31a-a52ba00795b8:group-97AF3AC212A7 ConfigurationManager, init=-1: [9b2222ce-dbb0-4da1-b31a-a52ba00795b8:192.168.34.54:34658, dd9a91c5-5c4b-4478-b7f7-3956f198c950:192.168.34.54:35600, 14879765-9127-45ba-89de-04712631aaf6:192.168.34.54:41705], old=null, confs=<EMPTY_MAP>
2019-08-29 08:18:03,327 [pool-49-thread-1] INFO  server.RaftServerConfigKeys (ConfUtils.java:logGet(43)) - raft.server.rpc.timeout.max = 5200ms (custom)
2019-08-29 08:18:03,328 [pool-49-thread-1] INFO  server.RaftServerConfigKeys (ConfUtils.java:logGet(43)) - raft.server.rpcslowness.timeout = 120s (custom)
2019-08-29 08:18:03,328 [pool-93-thread-1] INFO  server.RaftServerConfigKeys (ConfUtils.java:logGet(43)) - raft.server.storage.dir = [/workdir/hadoop-ozone/integration-test/target/test-dir/MiniOzoneClusterImpl-ef39a000-56f8-499f-ba54-08500adcb141/datanode-6/data/ratis] (custom)
2019-08-29 08:18:03,328 [pool-49-thread-1] INFO  server.RaftServerConfigKeys (ConfUtils.java:logGet(43)) - raft.server.sleep.deviation.threshold = 300 (default)
2019-08-29 08:18:03,328 [pool-49-thread-1] INFO  server.RaftServerConfigKeys (ConfUtils.java:logGet(43)) - raft.server.log.appender.install.snapshot.enabled = false (custom)
2019-08-29 08:18:03,328 [pool-49-thread-1] INFO  impl.RaftServerImpl (ServerState.java:<init>(105)) - 14879765-9127-45ba-89de-04712631aaf6:group-29AA9DB7490E ConfigurationManager, init=-1: [9b2222ce-dbb0-4da1-b31a-a52ba00795b8:192.168.34.54:34658, dd9a91c5-5c4b-4478-b7f7-3956f198c950:192.168.34.54:35600, 14879765-9127-45ba-89de-04712631aaf6:192.168.34.54:41705], old=null, confs=<EMPTY_MAP>
2019-08-29 08:18:03,328 [pool-60-thread-1] INFO  impl.RaftServerImpl (RaftServerImpl.java:<init>(93)) - dd9a91c5-5c4b-4478-b7f7-3956f198c950: new RaftServerImpl for group-29AA9DB7490E:[9b2222ce-dbb0-4da1-b31a-a52ba00795b8:192.168.34.54:34658, dd9a91c5-5c4b-4478-b7f7-3956f198c950:192.168.34.54:35600, 14879765-9127-45ba-89de-04712631aaf6:192.168.34.54:41705] with ContainerStateMachine:uninitialized
2019-08-29 08:18:03,328 [pool-49-thread-1] INFO  server.RaftServerConfigKeys (ConfUtils.java:logGet(43)) - raft.server.storage.dir = [/workdir/hadoop-ozone/integration-test/target/test-dir/MiniOzoneClusterImpl-ef39a000-56f8-499f-ba54-08500adcb141/datanode-2/data/ratis] (custom)
2019-08-29 08:18:03,328 [pool-93-thread-1] INFO  storage.RaftStorageDirectory (RaftStorageDirectory.java:analyzeStorage(246)) - The storage directory /workdir/hadoop-ozone/integration-test/target/test-dir/MiniOzoneClusterImpl-ef39a000-56f8-499f-ba54-08500adcb141/datanode-6/data/ratis/69ca6f74-3e56-4090-9310-97af3ac212a7 does not exist. Creating ...
2019-08-29 08:18:03,328 [pool-60-thread-1] INFO  server.RaftServerConfigKeys (ConfUtils.java:logGet(43)) - raft.server.rpc.timeout.min = 5s (custom)
2019-08-29 08:18:03,328 [pool-49-thread-1] INFO  storage.RaftStorageDirectory (RaftStorageDirectory.java:analyzeStorage(246)) - The storage directory /workdir/hadoop-ozone/integration-test/target/test-dir/MiniOzoneClusterImpl-ef39a000-56f8-499f-ba54-08500adcb141/datanode-2/data/ratis/7b3a2503-82fa-46bd-b444-29aa9db7490e does not exist. Creating ...
2019-08-29 08:18:03,329 [pool-60-thread-1] INFO  server.RaftServerConfigKeys (ConfUtils.java:logGet(43)) - raft.server.rpc.timeout.max = 5200ms (custom)
2019-08-29 08:18:03,329 [pool-60-thread-1] INFO  server.RaftServerConfigKeys (ConfUtils.java:logGet(43)) - raft.server.rpcslowness.timeout = 120s (custom)
2019-08-29 08:18:03,329 [pool-60-thread-1] INFO  server.RaftServerConfigKeys (ConfUtils.java:logGet(43)) - raft.server.sleep.deviation.threshold = 300 (default)
2019-08-29 08:18:03,329 [pool-60-thread-1] INFO  server.RaftServerConfigKeys (ConfUtils.java:logGet(43)) - raft.server.log.appender.install.snapshot.enabled = false (custom)
2019-08-29 08:18:03,329 [pool-60-thread-1] INFO  impl.RaftServerImpl (ServerState.java:<init>(105)) - dd9a91c5-5c4b-4478-b7f7-3956f198c950:group-29AA9DB7490E ConfigurationManager, init=-1: [9b2222ce-dbb0-4da1-b31a-a52ba00795b8:192.168.34.54:34658, dd9a91c5-5c4b-4478-b7f7-3956f198c950:192.168.34.54:35600, 14879765-9127-45ba-89de-04712631aaf6:192.168.34.54:41705], old=null, confs=<EMPTY_MAP>
2019-08-29 08:18:03,330 [pool-60-thread-1] INFO  server.RaftServerConfigKeys (ConfUtils.java:logGet(43)) - raft.server.storage.dir = [/workdir/hadoop-ozone/integration-test/target/test-dir/MiniOzoneClusterImpl-ef39a000-56f8-499f-ba54-08500adcb141/datanode-3/data/ratis] (custom)
2019-08-29 08:18:03,330 [pool-60-thread-1] INFO  storage.RaftStorageDirectory (RaftStorageDirectory.java:analyzeStorage(246)) - The storage directory /workdir/hadoop-ozone/integration-test/target/test-dir/MiniOzoneClusterImpl-ef39a000-56f8-499f-ba54-08500adcb141/datanode-3/data/ratis/7b3a2503-82fa-46bd-b444-29aa9db7490e does not exist. Creating ...
2019-08-29 08:18:03,362 | INFO  | SCMAudit | user=jenkins1000 | ip=192.168.34.54 | op=SEND_HEARTBEAT {datanodeUUID=4e66ed9b-7a7a-49e4-a069-f2e74814d405, command=[]} | ret=SUCCESS |  
2019-08-29 08:18:03,362 | INFO  | SCMAudit | user=jenkins1000 | ip=192.168.34.54 | op=SEND_HEARTBEAT {datanodeUUID=dba0a522-61fc-431c-9633-76c1b0451c6f, command=[]} | ret=SUCCESS |  
2019-08-29 08:18:03,576 | INFO  | SCMAudit | user=jenkins1000 | ip=192.168.34.54 | op=SEND_HEARTBEAT {datanodeUUID=9b2222ce-dbb0-4da1-b31a-a52ba00795b8, command=[]} | ret=SUCCESS |  
2019-08-29 08:18:03,654 [RATISCREATEPIPELINE2] ERROR pipeline.RatisPipelineProvider (RatisPipelineProvider.java:lambda$null$5(235)) - Failed invoke Ratis rpc org.apache.hadoop.hdds.scm.pipeline.RatisPipelineProvider$$Lambda$171/510276410@6cb1e45f for 9b2222ce-dbb0-4da1-b31a-a52ba00795b8
org.apache.ratis.protocol.TimeoutIOException: deadline exceeded after 2999668422ns
	at org.apache.ratis.grpc.GrpcUtil.tryUnwrapException(GrpcUtil.java:82)
	at org.apache.ratis.grpc.GrpcUtil.unwrapException(GrpcUtil.java:75)
	at org.apache.ratis.grpc.client.GrpcClientProtocolClient.blockingCall(GrpcClientProtocolClient.java:169)
	at org.apache.ratis.grpc.client.GrpcClientProtocolClient.groupAdd(GrpcClientProtocolClient.java:138)
	at org.apache.ratis.grpc.client.GrpcClientRpc.sendRequest(GrpcClientRpc.java:94)
	at org.apache.ratis.client.impl.RaftClientImpl.sendRequest(RaftClientImpl.java:279)
	at org.apache.ratis.client.impl.RaftClientImpl.groupAdd(RaftClientImpl.java:206)
	at org.apache.hadoop.hdds.scm.pipeline.RatisPipelineProvider.lambda$initializePipeline$4(RatisPipelineProvider.java:194)
	at org.apache.hadoop.hdds.scm.pipeline.RatisPipelineProvider.lambda$null$5(RatisPipelineProvider.java:231)
	at java.util.stream.ForEachOps$ForEachOp$OfRef.accept(ForEachOps.java:184)
	at java.util.ArrayList$ArrayListSpliterator.forEachRemaining(ArrayList.java:1382)
	at java.util.stream.AbstractPipeline.copyInto(AbstractPipeline.java:482)
	at java.util.stream.ForEachOps$ForEachTask.compute(ForEachOps.java:291)
	at java.util.concurrent.CountedCompleter.exec(CountedCompleter.java:731)
	at java.util.concurrent.ForkJoinTask.doExec(ForkJoinTask.java:289)
	at java.util.concurrent.ForkJoinPool$WorkQueue.runTask(ForkJoinPool.java:1056)
	at java.util.concurrent.ForkJoinPool.runWorker(ForkJoinPool.java:1692)
	at java.util.concurrent.ForkJoinWorkerThread.run(ForkJoinWorkerThread.java:157)
Caused by: org.apache.ratis.thirdparty.io.grpc.StatusRuntimeException: DEADLINE_EXCEEDED: deadline exceeded after 2999668422ns
	at org.apache.ratis.thirdparty.io.grpc.stub.ClientCalls.toStatusRuntimeException(ClientCalls.java:233)
	at org.apache.ratis.thirdparty.io.grpc.stub.ClientCalls.getUnchecked(ClientCalls.java:214)
	at org.apache.ratis.thirdparty.io.grpc.stub.ClientCalls.blockingUnaryCall(ClientCalls.java:139)
	at org.apache.ratis.proto.grpc.AdminProtocolServiceGrpc$AdminProtocolServiceBlockingStub.groupManagement(AdminProtocolServiceGrpc.java:274)
	at org.apache.ratis.grpc.client.GrpcClientProtocolClient.lambda$groupAdd$3(GrpcClientProtocolClient.java:140)
	at org.apache.ratis.grpc.client.GrpcClientProtocolClient.blockingCall(GrpcClientProtocolClient.java:167)
	... 15 more
2019-08-29 08:18:03,656 [RATISCREATEPIPELINE1] ERROR pipeline.RatisPipelineProvider (RatisPipelineProvider.java:lambda$null$5(235)) - Failed invoke Ratis rpc org.apache.hadoop.hdds.scm.pipeline.RatisPipelineProvider$$Lambda$171/510276410@6cb1e45f for dd9a91c5-5c4b-4478-b7f7-3956f198c950
org.apache.ratis.protocol.TimeoutIOException: deadline exceeded after 2999654877ns
	at org.apache.ratis.grpc.GrpcUtil.tryUnwrapException(GrpcUtil.java:82)
	at org.apache.ratis.grpc.GrpcUtil.unwrapException(GrpcUtil.java:75)
	at org.apache.ratis.grpc.client.GrpcClientProtocolClient.blockingCall(GrpcClientProtocolClient.java:169)
	at org.apache.ratis.grpc.client.GrpcClientProtocolClient.groupAdd(GrpcClientProtocolClient.java:138)
	at org.apache.ratis.grpc.client.GrpcClientRpc.sendRequest(GrpcClientRpc.java:94)
	at org.apache.ratis.client.impl.RaftClientImpl.sendRequest(RaftClientImpl.java:279)
	at org.apache.ratis.client.impl.RaftClientImpl.groupAdd(RaftClientImpl.java:206)
	at org.apache.hadoop.hdds.scm.pipeline.RatisPipelineProvider.lambda$initializePipeline$4(RatisPipelineProvider.java:194)
	at org.apache.hadoop.hdds.scm.pipeline.RatisPipelineProvider.lambda$null$5(RatisPipelineProvider.java:231)
	at java.util.stream.ForEachOps$ForEachOp$OfRef.accept(ForEachOps.java:184)
	at java.util.ArrayList$ArrayListSpliterator.forEachRemaining(ArrayList.java:1382)
	at java.util.stream.AbstractPipeline.copyInto(AbstractPipeline.java:482)
	at java.util.stream.ForEachOps$ForEachTask.compute(ForEachOps.java:291)
	at java.util.concurrent.CountedCompleter.exec(CountedCompleter.java:731)
	at java.util.concurrent.ForkJoinTask.doExec(ForkJoinTask.java:289)
	at java.util.concurrent.ForkJoinTask.doInvoke(ForkJoinTask.java:401)
	at java.util.concurrent.ForkJoinTask.invoke(ForkJoinTask.java:734)
	at java.util.stream.ForEachOps$ForEachOp.evaluateParallel(ForEachOps.java:160)
	at java.util.stream.ForEachOps$ForEachOp$OfRef.evaluateParallel(ForEachOps.java:174)
	at java.util.stream.AbstractPipeline.evaluate(AbstractPipeline.java:233)
	at java.util.stream.ReferencePipeline.forEach(ReferencePipeline.java:418)
	at java.util.stream.ReferencePipeline$Head.forEach(ReferencePipeline.java:583)
	at org.apache.hadoop.hdds.scm.pipeline.RatisPipelineProvider.lambda$callRatisRpc$6(RatisPipelineProvider.java:225)
	at java.util.concurrent.ForkJoinTask$AdaptedRunnableAction.exec(ForkJoinTask.java:1386)
	at java.util.concurrent.ForkJoinTask.doExec(ForkJoinTask.java:289)
	at java.util.concurrent.ForkJoinPool$WorkQueue.runTask(ForkJoinPool.java:1056)
	at java.util.concurrent.ForkJoinPool.runWorker(ForkJoinPool.java:1692)
	at java.util.concurrent.ForkJoinWorkerThread.run(ForkJoinWorkerThread.java:157)
Caused by: org.apache.ratis.thirdparty.io.grpc.StatusRuntimeException: DEADLINE_EXCEEDED: deadline exceeded after 2999654877ns
	at org.apache.ratis.thirdparty.io.grpc.stub.ClientCalls.toStatusRuntimeException(ClientCalls.java:233)
	at org.apache.ratis.thirdparty.io.grpc.stub.ClientCalls.getUnchecked(ClientCalls.java:214)
	at org.apache.ratis.thirdparty.io.grpc.stub.ClientCalls.blockingUnaryCall(ClientCalls.java:139)
	at org.apache.ratis.proto.grpc.AdminProtocolServiceGrpc$AdminProtocolServiceBlockingStub.groupManagement(AdminProtocolServiceGrpc.java:274)
	at org.apache.ratis.grpc.client.GrpcClientProtocolClient.lambda$groupAdd$3(GrpcClientProtocolClient.java:140)
	at org.apache.ratis.grpc.client.GrpcClientProtocolClient.blockingCall(GrpcClientProtocolClient.java:167)
	... 25 more
2019-08-29 08:18:03,654 [RATISCREATEPIPELINE3] ERROR pipeline.RatisPipelineProvider (RatisPipelineProvider.java:lambda$null$5(235)) - Failed invoke Ratis rpc org.apache.hadoop.hdds.scm.pipeline.RatisPipelineProvider$$Lambda$171/510276410@6cb1e45f for 14879765-9127-45ba-89de-04712631aaf6
org.apache.ratis.protocol.TimeoutIOException: deadline exceeded after 2999678342ns
	at org.apache.ratis.grpc.GrpcUtil.tryUnwrapException(GrpcUtil.java:82)
	at org.apache.ratis.grpc.GrpcUtil.unwrapException(GrpcUtil.java:75)
	at org.apache.ratis.grpc.client.GrpcClientProtocolClient.blockingCall(GrpcClientProtocolClient.java:169)
	at org.apache.ratis.grpc.client.GrpcClientProtocolClient.groupAdd(GrpcClientProtocolClient.java:138)
	at org.apache.ratis.grpc.client.GrpcClientRpc.sendRequest(GrpcClientRpc.java:94)
	at org.apache.ratis.client.impl.RaftClientImpl.sendRequest(RaftClientImpl.java:279)
	at org.apache.ratis.client.impl.RaftClientImpl.groupAdd(RaftClientImpl.java:206)
	at org.apache.hadoop.hdds.scm.pipeline.RatisPipelineProvider.lambda$initializePipeline$4(RatisPipelineProvider.java:194)
	at org.apache.hadoop.hdds.scm.pipeline.RatisPipelineProvider.lambda$null$5(RatisPipelineProvider.java:231)
	at java.util.stream.ForEachOps$ForEachOp$OfRef.accept(ForEachOps.java:184)
	at java.util.ArrayList$ArrayListSpliterator.forEachRemaining(ArrayList.java:1382)
	at java.util.stream.AbstractPipeline.copyInto(AbstractPipeline.java:482)
	at java.util.stream.ForEachOps$ForEachTask.compute(ForEachOps.java:291)
	at java.util.concurrent.CountedCompleter.exec(CountedCompleter.java:731)
	at java.util.concurrent.ForkJoinTask.doExec(ForkJoinTask.java:289)
	at java.util.concurrent.ForkJoinPool$WorkQueue.runTask(ForkJoinPool.java:1056)
	at java.util.concurrent.ForkJoinPool.runWorker(ForkJoinPool.java:1692)
	at java.util.concurrent.ForkJoinWorkerThread.run(ForkJoinWorkerThread.java:157)
Caused by: org.apache.ratis.thirdparty.io.grpc.StatusRuntimeException: DEADLINE_EXCEEDED: deadline exceeded after 2999678342ns
	at org.apache.ratis.thirdparty.io.grpc.stub.ClientCalls.toStatusRuntimeException(ClientCalls.java:233)
	at org.apache.ratis.thirdparty.io.grpc.stub.ClientCalls.getUnchecked(ClientCalls.java:214)
	at org.apache.ratis.thirdparty.io.grpc.stub.ClientCalls.blockingUnaryCall(ClientCalls.java:139)
	at org.apache.ratis.proto.grpc.AdminProtocolServiceGrpc$AdminProtocolServiceBlockingStub.groupManagement(AdminProtocolServiceGrpc.java:274)
	at org.apache.ratis.grpc.client.GrpcClientProtocolClient.lambda$groupAdd$3(GrpcClientProtocolClient.java:140)
	at org.apache.ratis.grpc.client.GrpcClientProtocolClient.blockingCall(GrpcClientProtocolClient.java:167)
	... 15 more
2019-08-29 08:18:03,676 [IPC Server handler 6 on 42726] WARN  block.BlockManagerImpl (BlockManagerImpl.java:allocateBlock(192)) - Pipeline creation failed for type:RATIS factor:THREE. Retrying get pipelines call once.
org.apache.hadoop.io.MultipleIOException: 3 exceptions [java.io.IOException: Failed invoke Ratis rpc org.apache.hadoop.hdds.scm.pipeline.RatisPipelineProvider$$Lambda$171/510276410@6cb1e45f for 9b2222ce-dbb0-4da1-b31a-a52ba00795b8, java.io.IOException: Failed invoke Ratis rpc org.apache.hadoop.hdds.scm.pipeline.RatisPipelineProvider$$Lambda$171/510276410@6cb1e45f for dd9a91c5-5c4b-4478-b7f7-3956f198c950, java.io.IOException: Failed invoke Ratis rpc org.apache.hadoop.hdds.scm.pipeline.RatisPipelineProvider$$Lambda$171/510276410@6cb1e45f for 14879765-9127-45ba-89de-04712631aaf6]
	at org.apache.hadoop.io.MultipleIOException.createIOException(MultipleIOException.java:53)
	at org.apache.hadoop.hdds.scm.pipeline.RatisPipelineProvider.callRatisRpc(RatisPipelineProvider.java:251)
	at org.apache.hadoop.hdds.scm.pipeline.RatisPipelineProvider.initializePipeline(RatisPipelineProvider.java:192)
	at org.apache.hadoop.hdds.scm.pipeline.RatisPipelineProvider.create(RatisPipelineProvider.java:161)
	at org.apache.hadoop.hdds.scm.pipeline.PipelineFactory.create(PipelineFactory.java:57)
	at org.apache.hadoop.hdds.scm.pipeline.SCMPipelineManager.createPipeline(SCMPipelineManager.java:149)
	at org.apache.hadoop.hdds.scm.block.BlockManagerImpl.allocateBlock(BlockManagerImpl.java:190)
	at org.apache.hadoop.hdds.scm.server.SCMBlockProtocolServer.allocateBlock(SCMBlockProtocolServer.java:175)
	at org.apache.hadoop.ozone.protocolPB.ScmBlockLocationProtocolServerSideTranslatorPB.allocateScmBlock(ScmBlockLocationProtocolServerSideTranslatorPB.java:153)
	at org.apache.hadoop.ozone.protocolPB.ScmBlockLocationProtocolServerSideTranslatorPB.send(ScmBlockLocationProtocolServerSideTranslatorPB.java:112)
	at org.apache.hadoop.hdds.protocol.proto.ScmBlockLocationProtocolProtos$ScmBlockLocationProtocolService$2.callBlockingMethod(ScmBlockLocationProtocolProtos.java:13157)
	at org.apache.hadoop.ipc.ProtobufRpcEngine$Server$ProtoBufRpcInvoker.call(ProtobufRpcEngine.java:524)
	at org.apache.hadoop.ipc.RPC$Server.call(RPC.java:1025)
	at org.apache.hadoop.ipc.Server$RpcCall.run(Server.java:876)
	at org.apache.hadoop.ipc.Server$RpcCall.run(Server.java:822)
	at java.security.AccessController.doPrivileged(Native Method)
	at javax.security.auth.Subject.doAs(Subject.java:422)
	at org.apache.hadoop.security.UserGroupInformation.doAs(UserGroupInformation.java:1730)
	at org.apache.hadoop.ipc.Server$Handler.run(Server.java:2682)
2019-08-29 08:18:03,677 [IPC Server handler 6 on 42726] INFO  block.BlockManagerImpl (BlockManagerImpl.java:allocateBlock(198)) - Could not find available pipeline of type:RATIS and factor:THREE even after retrying
2019-08-29 08:18:03,677 [IPC Server handler 6 on 42726] ERROR block.BlockManagerImpl (BlockManagerImpl.java:allocateBlock(222)) - Unable to allocate a block for the size: 4194304, type: RATIS, factor: THREE
2019-08-29 08:18:03,694 [grpc-default-executor-2] INFO  impl.RaftServerProxy (RaftServerProxy.java:addNew(89)) - 14879765-9127-45ba-89de-04712631aaf6: addNew group-D780A69E0DBC:[9b2222ce-dbb0-4da1-b31a-a52ba00795b8:192.168.34.54:34658, dd9a91c5-5c4b-4478-b7f7-3956f198c950:192.168.34.54:35600, 14879765-9127-45ba-89de-04712631aaf6:192.168.34.54:41705] returns group-D780A69E0DBC:java.util.concurrent.CompletableFuture@7da51183[Not completed]
2019-08-29 08:18:03,697 [grpc-default-executor-3] INFO  impl.RaftServerProxy (RaftServerProxy.java:addNew(89)) - 9b2222ce-dbb0-4da1-b31a-a52ba00795b8: addNew group-D780A69E0DBC:[9b2222ce-dbb0-4da1-b31a-a52ba00795b8:192.168.34.54:34658, dd9a91c5-5c4b-4478-b7f7-3956f198c950:192.168.34.54:35600, 14879765-9127-45ba-89de-04712631aaf6:192.168.34.54:41705] returns group-D780A69E0DBC:java.util.concurrent.CompletableFuture@54524de7[Not completed]
2019-08-29 08:18:03,697 [grpc-default-executor-0] INFO  impl.RaftServerProxy (RaftServerProxy.java:addNew(89)) - dd9a91c5-5c4b-4478-b7f7-3956f198c950: addNew group-D780A69E0DBC:[9b2222ce-dbb0-4da1-b31a-a52ba00795b8:192.168.34.54:34658, dd9a91c5-5c4b-4478-b7f7-3956f198c950:192.168.34.54:35600, 14879765-9127-45ba-89de-04712631aaf6:192.168.34.54:41705] returns group-D780A69E0DBC:java.util.concurrent.CompletableFuture@272ebb51[Not completed]
2019-08-29 08:18:03,820 | INFO  | SCMAudit | user=jenkins1000 | ip=192.168.34.54 | op=SEND_HEARTBEAT {datanodeUUID=14879765-9127-45ba-89de-04712631aaf6, command=[]} | ret=SUCCESS |  
2019-08-29 08:18:03,872 | INFO  | SCMAudit | user=jenkins1000 | ip=192.168.34.54 | op=SEND_HEARTBEAT {datanodeUUID=dd9a91c5-5c4b-4478-b7f7-3956f198c950, command=[]} | ret=SUCCESS |  
2019-08-29 08:18:04,089 | INFO  | SCMAudit | user=jenkins1000 | ip=192.168.34.54 | op=SEND_HEARTBEAT {datanodeUUID=84674177-5820-4a0b-9345-463c27e4b0c8, command=[]} | ret=SUCCESS |  
2019-08-29 08:18:04,119 | INFO  | SCMAudit | user=jenkins1000 | ip=192.168.34.54 | op=SEND_HEARTBEAT {datanodeUUID=62fbaf2b-c9dd-41a4-90d2-fdfdf099a3b1, command=[]} | ret=SUCCESS |  
2019-08-29 08:18:04,362 | INFO  | SCMAudit | user=jenkins1000 | ip=192.168.34.54 | op=SEND_HEARTBEAT {datanodeUUID=dba0a522-61fc-431c-9633-76c1b0451c6f, command=[]} | ret=SUCCESS |  
2019-08-29 08:18:04,362 | INFO  | SCMAudit | user=jenkins1000 | ip=192.168.34.54 | op=SEND_HEARTBEAT {datanodeUUID=4e66ed9b-7a7a-49e4-a069-f2e74814d405, command=[]} | ret=SUCCESS |  
2019-08-29 08:18:04,593 | INFO  | SCMAudit | user=jenkins1000 | ip=192.168.34.54 | op=SEND_HEARTBEAT {datanodeUUID=9b2222ce-dbb0-4da1-b31a-a52ba00795b8, command=[]} | ret=SUCCESS |  
2019-08-29 08:18:04,755 [Thread-262] INFO  impl.FollowerState (FollowerState.java:run(106)) - dd9a91c5-5c4b-4478-b7f7-3956f198c950:group-68C63D44239F changes to CANDIDATE, lastRpcTime:5046, electionTimeout:5045ms
2019-08-29 08:18:04,756 [Thread-262] INFO  impl.RoleInfo (RoleInfo.java:shutdownFollowerState(121)) - dd9a91c5-5c4b-4478-b7f7-3956f198c950: shutdown FollowerState
2019-08-29 08:18:04,756 [Thread-262] INFO  impl.RaftServerImpl (RaftServerImpl.java:setRole(171)) - dd9a91c5-5c4b-4478-b7f7-3956f198c950:group-68C63D44239F changes role from FOLLOWER to CANDIDATE at term 1 for changeToCandidate
2019-08-29 08:18:04,756 [Thread-262] INFO  impl.RoleInfo (RoleInfo.java:updateAndGet(143)) - dd9a91c5-5c4b-4478-b7f7-3956f198c950: start LeaderElection
2019-08-29 08:18:04,798 [Thread-263] INFO  impl.FollowerState (FollowerState.java:run(106)) - 14879765-9127-45ba-89de-04712631aaf6:group-68C63D44239F changes to CANDIDATE, lastRpcTime:5088, electionTimeout:5086ms
2019-08-29 08:18:04,798 [Thread-263] INFO  impl.RoleInfo (RoleInfo.java:shutdownFollowerState(121)) - 14879765-9127-45ba-89de-04712631aaf6: shutdown FollowerState
2019-08-29 08:18:04,798 [Thread-263] INFO  impl.RaftServerImpl (RaftServerImpl.java:setRole(171)) - 14879765-9127-45ba-89de-04712631aaf6:group-68C63D44239F changes role from FOLLOWER to CANDIDATE at term 1 for changeToCandidate
2019-08-29 08:18:04,798 [Thread-263] INFO  impl.RoleInfo (RoleInfo.java:updateAndGet(143)) - 14879765-9127-45ba-89de-04712631aaf6: start LeaderElection
2019-08-29 08:18:04,820 | INFO  | SCMAudit | user=jenkins1000 | ip=192.168.34.54 | op=SEND_HEARTBEAT {datanodeUUID=14879765-9127-45ba-89de-04712631aaf6, command=[]} | ret=SUCCESS |  
2019-08-29 08:18:04,872 | INFO  | SCMAudit | user=jenkins1000 | ip=192.168.34.54 | op=SEND_HEARTBEAT {datanodeUUID=dd9a91c5-5c4b-4478-b7f7-3956f198c950, command=[]} | ret=SUCCESS |  
2019-08-29 08:18:05,089 | INFO  | SCMAudit | user=jenkins1000 | ip=192.168.34.54 | op=SEND_HEARTBEAT {datanodeUUID=84674177-5820-4a0b-9345-463c27e4b0c8, command=[]} | ret=SUCCESS |  
2019-08-29 08:18:05,120 | INFO  | SCMAudit | user=jenkins1000 | ip=192.168.34.54 | op=SEND_HEARTBEAT {datanodeUUID=62fbaf2b-c9dd-41a4-90d2-fdfdf099a3b1, command=[]} | ret=SUCCESS |  
2019-08-29 08:18:05,362 | INFO  | SCMAudit | user=jenkins1000 | ip=192.168.34.54 | op=SEND_HEARTBEAT {datanodeUUID=4e66ed9b-7a7a-49e4-a069-f2e74814d405, command=[]} | ret=SUCCESS |  
2019-08-29 08:18:05,362 | INFO  | SCMAudit | user=jenkins1000 | ip=192.168.34.54 | op=SEND_HEARTBEAT {datanodeUUID=dba0a522-61fc-431c-9633-76c1b0451c6f, command=[]} | ret=SUCCESS |  
2019-08-29 08:18:05,586 | INFO  | SCMAudit | user=jenkins1000 | ip=192.168.34.54 | op=SEND_HEARTBEAT {datanodeUUID=9b2222ce-dbb0-4da1-b31a-a52ba00795b8, command=[]} | ret=SUCCESS |  
2019-08-29 08:18:05,820 | INFO  | SCMAudit | user=jenkins1000 | ip=192.168.34.54 | op=SEND_HEARTBEAT {datanodeUUID=14879765-9127-45ba-89de-04712631aaf6, command=[]} | ret=SUCCESS |  
2019-08-29 08:18:05,872 | INFO  | SCMAudit | user=jenkins1000 | ip=192.168.34.54 | op=SEND_HEARTBEAT {datanodeUUID=dd9a91c5-5c4b-4478-b7f7-3956f198c950, command=[]} | ret=SUCCESS |  
2019-08-29 08:18:06,089 | INFO  | SCMAudit | user=jenkins1000 | ip=192.168.34.54 | op=SEND_HEARTBEAT {datanodeUUID=84674177-5820-4a0b-9345-463c27e4b0c8, command=[]} | ret=SUCCESS |  
2019-08-29 08:18:06,120 | INFO  | SCMAudit | user=jenkins1000 | ip=192.168.34.54 | op=SEND_HEARTBEAT {datanodeUUID=62fbaf2b-c9dd-41a4-90d2-fdfdf099a3b1, command=[]} | ret=SUCCESS |  
2019-08-29 08:18:06,362 | INFO  | SCMAudit | user=jenkins1000 | ip=192.168.34.54 | op=SEND_HEARTBEAT {datanodeUUID=dba0a522-61fc-431c-9633-76c1b0451c6f, command=[]} | ret=SUCCESS |  
2019-08-29 08:18:06,362 | INFO  | SCMAudit | user=jenkins1000 | ip=192.168.34.54 | op=SEND_HEARTBEAT {datanodeUUID=4e66ed9b-7a7a-49e4-a069-f2e74814d405, command=[]} | ret=SUCCESS |  
2019-08-29 08:18:06,442 [Thread-267] INFO  impl.FollowerState (FollowerState.java:run(106)) - 9b2222ce-dbb0-4da1-b31a-a52ba00795b8:group-68C63D44239F changes to CANDIDATE, lastRpcTime:5003, electionTimeout:5003ms
2019-08-29 08:18:06,442 [Thread-267] INFO  impl.RoleInfo (RoleInfo.java:shutdownFollowerState(121)) - 9b2222ce-dbb0-4da1-b31a-a52ba00795b8: shutdown FollowerState
2019-08-29 08:18:06,442 [Thread-267] INFO  impl.RaftServerImpl (RaftServerImpl.java:setRole(171)) - 9b2222ce-dbb0-4da1-b31a-a52ba00795b8:group-68C63D44239F changes role from FOLLOWER to CANDIDATE at term 0 for changeToCandidate
2019-08-29 08:18:06,442 [Thread-267] INFO  impl.RoleInfo (RoleInfo.java:updateAndGet(143)) - 9b2222ce-dbb0-4da1-b31a-a52ba00795b8: start LeaderElection
2019-08-29 08:18:06,586 | INFO  | SCMAudit | user=jenkins1000 | ip=192.168.34.54 | op=SEND_HEARTBEAT {datanodeUUID=9b2222ce-dbb0-4da1-b31a-a52ba00795b8, command=[]} | ret=SUCCESS |  
2019-08-29 08:18:06,692 [RATISCREATEPIPELINE1] ERROR pipeline.RatisPipelineProvider (RatisPipelineProvider.java:lambda$null$5(235)) - Failed invoke Ratis rpc org.apache.hadoop.hdds.scm.pipeline.RatisPipelineProvider$$Lambda$171/510276410@4bfec74a for dd9a91c5-5c4b-4478-b7f7-3956f198c950
org.apache.ratis.protocol.TimeoutIOException: deadline exceeded after 2999695135ns
	at org.apache.ratis.grpc.GrpcUtil.tryUnwrapException(GrpcUtil.java:82)
	at org.apache.ratis.grpc.GrpcUtil.unwrapException(GrpcUtil.java:75)
	at org.apache.ratis.grpc.client.GrpcClientProtocolClient.blockingCall(GrpcClientProtocolClient.java:169)
	at org.apache.ratis.grpc.client.GrpcClientProtocolClient.groupAdd(GrpcClientProtocolClient.java:138)
	at org.apache.ratis.grpc.client.GrpcClientRpc.sendRequest(GrpcClientRpc.java:94)
	at org.apache.ratis.client.impl.RaftClientImpl.sendRequest(RaftClientImpl.java:279)
	at org.apache.ratis.client.impl.RaftClientImpl.groupAdd(RaftClientImpl.java:206)
	at org.apache.hadoop.hdds.scm.pipeline.RatisPipelineProvider.lambda$initializePipeline$4(RatisPipelineProvider.java:194)
	at org.apache.hadoop.hdds.scm.pipeline.RatisPipelineProvider.lambda$null$5(RatisPipelineProvider.java:231)
	at java.util.stream.ForEachOps$ForEachOp$OfRef.accept(ForEachOps.java:184)
	at java.util.ArrayList$ArrayListSpliterator.forEachRemaining(ArrayList.java:1382)
	at java.util.stream.AbstractPipeline.copyInto(AbstractPipeline.java:482)
	at java.util.stream.ForEachOps$ForEachTask.compute(ForEachOps.java:291)
	at java.util.concurrent.CountedCompleter.exec(CountedCompleter.java:731)
	at java.util.concurrent.ForkJoinTask.doExec(ForkJoinTask.java:289)
	at java.util.concurrent.ForkJoinTask.doInvoke(ForkJoinTask.java:401)
	at java.util.concurrent.ForkJoinTask.invoke(ForkJoinTask.java:734)
	at java.util.stream.ForEachOps$ForEachOp.evaluateParallel(ForEachOps.java:160)
	at java.util.stream.ForEachOps$ForEachOp$OfRef.evaluateParallel(ForEachOps.java:174)
	at java.util.stream.AbstractPipeline.evaluate(AbstractPipeline.java:233)
	at java.util.stream.ReferencePipeline.forEach(ReferencePipeline.java:418)
	at java.util.stream.ReferencePipeline$Head.forEach(ReferencePipeline.java:583)
	at org.apache.hadoop.hdds.scm.pipeline.RatisPipelineProvider.lambda$callRatisRpc$6(RatisPipelineProvider.java:225)
	at java.util.concurrent.ForkJoinTask$AdaptedRunnableAction.exec(ForkJoinTask.java:1386)
	at java.util.concurrent.ForkJoinTask.doExec(ForkJoinTask.java:289)
	at java.util.concurrent.ForkJoinPool$WorkQueue.runTask(ForkJoinPool.java:1056)
	at java.util.concurrent.ForkJoinPool.runWorker(ForkJoinPool.java:1692)
	at java.util.concurrent.ForkJoinWorkerThread.run(ForkJoinWorkerThread.java:157)
Caused by: org.apache.ratis.thirdparty.io.grpc.StatusRuntimeException: DEADLINE_EXCEEDED: deadline exceeded after 2999695135ns
	at org.apache.ratis.thirdparty.io.grpc.stub.ClientCalls.toStatusRuntimeException(ClientCalls.java:233)
	at org.apache.ratis.thirdparty.io.grpc.stub.ClientCalls.getUnchecked(ClientCalls.java:214)
	at org.apache.ratis.thirdparty.io.grpc.stub.ClientCalls.blockingUnaryCall(ClientCalls.java:139)
	at org.apache.ratis.proto.grpc.AdminProtocolServiceGrpc$AdminProtocolServiceBlockingStub.groupManagement(AdminProtocolServiceGrpc.java:274)
	at org.apache.ratis.grpc.client.GrpcClientProtocolClient.lambda$groupAdd$3(GrpcClientProtocolClient.java:140)
	at org.apache.ratis.grpc.client.GrpcClientProtocolClient.blockingCall(GrpcClientProtocolClient.java:167)
	... 25 more
2019-08-29 08:18:06,695 [RATISCREATEPIPELINE3] ERROR pipeline.RatisPipelineProvider (RatisPipelineProvider.java:lambda$null$5(235)) - Failed invoke Ratis rpc org.apache.hadoop.hdds.scm.pipeline.RatisPipelineProvider$$Lambda$171/510276410@4bfec74a for 9b2222ce-dbb0-4da1-b31a-a52ba00795b8
org.apache.ratis.protocol.TimeoutIOException: deadline exceeded after 2999737770ns
	at org.apache.ratis.grpc.GrpcUtil.tryUnwrapException(GrpcUtil.java:82)
	at org.apache.ratis.grpc.GrpcUtil.unwrapException(GrpcUtil.java:75)
	at org.apache.ratis.grpc.client.GrpcClientProtocolClient.blockingCall(GrpcClientProtocolClient.java:169)
	at org.apache.ratis.grpc.client.GrpcClientProtocolClient.groupAdd(GrpcClientProtocolClient.java:138)
	at org.apache.ratis.grpc.client.GrpcClientRpc.sendRequest(GrpcClientRpc.java:94)
	at org.apache.ratis.client.impl.RaftClientImpl.sendRequest(RaftClientImpl.java:279)
	at org.apache.ratis.client.impl.RaftClientImpl.groupAdd(RaftClientImpl.java:206)
	at org.apache.hadoop.hdds.scm.pipeline.RatisPipelineProvider.lambda$initializePipeline$4(RatisPipelineProvider.java:194)
	at org.apache.hadoop.hdds.scm.pipeline.RatisPipelineProvider.lambda$null$5(RatisPipelineProvider.java:231)
	at java.util.stream.ForEachOps$ForEachOp$OfRef.accept(ForEachOps.java:184)
	at java.util.ArrayList$ArrayListSpliterator.forEachRemaining(ArrayList.java:1382)
	at java.util.stream.AbstractPipeline.copyInto(AbstractPipeline.java:482)
	at java.util.stream.ForEachOps$ForEachTask.compute(ForEachOps.java:291)
	at java.util.concurrent.CountedCompleter.exec(CountedCompleter.java:731)
	at java.util.concurrent.ForkJoinTask.doExec(ForkJoinTask.java:289)
	at java.util.concurrent.ForkJoinPool$WorkQueue.runTask(ForkJoinPool.java:1056)
	at java.util.concurrent.ForkJoinPool.runWorker(ForkJoinPool.java:1692)
	at java.util.concurrent.ForkJoinWorkerThread.run(ForkJoinWorkerThread.java:157)
Caused by: org.apache.ratis.thirdparty.io.grpc.StatusRuntimeException: DEADLINE_EXCEEDED: deadline exceeded after 2999737770ns
	at org.apache.ratis.thirdparty.io.grpc.stub.ClientCalls.toStatusRuntimeException(ClientCalls.java:233)
	at org.apache.ratis.thirdparty.io.grpc.stub.ClientCalls.getUnchecked(ClientCalls.java:214)
	at org.apache.ratis.thirdparty.io.grpc.stub.ClientCalls.blockingUnaryCall(ClientCalls.java:139)
	at org.apache.ratis.proto.grpc.AdminProtocolServiceGrpc$AdminProtocolServiceBlockingStub.groupManagement(AdminProtocolServiceGrpc.java:274)
	at org.apache.ratis.grpc.client.GrpcClientProtocolClient.lambda$groupAdd$3(GrpcClientProtocolClient.java:140)
	at org.apache.ratis.grpc.client.GrpcClientProtocolClient.blockingCall(GrpcClientProtocolClient.java:167)
	... 15 more
2019-08-29 08:18:06,707 [RATISCREATEPIPELINE2] ERROR pipeline.RatisPipelineProvider (RatisPipelineProvider.java:lambda$null$5(235)) - Failed invoke Ratis rpc org.apache.hadoop.hdds.scm.pipeline.RatisPipelineProvider$$Lambda$171/510276410@4bfec74a for 14879765-9127-45ba-89de-04712631aaf6
org.apache.ratis.protocol.TimeoutIOException
	at org.apache.ratis.grpc.GrpcUtil.tryUnwrapException(GrpcUtil.java:82)
	at org.apache.ratis.grpc.GrpcUtil.unwrapException(GrpcUtil.java:75)
	at org.apache.ratis.grpc.client.GrpcClientProtocolClient.blockingCall(GrpcClientProtocolClient.java:169)
	at org.apache.ratis.grpc.client.GrpcClientProtocolClient.groupAdd(GrpcClientProtocolClient.java:138)
	at org.apache.ratis.grpc.client.GrpcClientRpc.sendRequest(GrpcClientRpc.java:94)
	at org.apache.ratis.client.impl.RaftClientImpl.sendRequest(RaftClientImpl.java:279)
	at org.apache.ratis.client.impl.RaftClientImpl.groupAdd(RaftClientImpl.java:206)
	at org.apache.hadoop.hdds.scm.pipeline.RatisPipelineProvider.lambda$initializePipeline$4(RatisPipelineProvider.java:194)
	at org.apache.hadoop.hdds.scm.pipeline.RatisPipelineProvider.lambda$null$5(RatisPipelineProvider.java:231)
	at java.util.stream.ForEachOps$ForEachOp$OfRef.accept(ForEachOps.java:184)
	at java.util.ArrayList$ArrayListSpliterator.forEachRemaining(ArrayList.java:1382)
	at java.util.stream.AbstractPipeline.copyInto(AbstractPipeline.java:482)
	at java.util.stream.ForEachOps$ForEachTask.compute(ForEachOps.java:291)
	at java.util.concurrent.CountedCompleter.exec(CountedCompleter.java:731)
	at java.util.concurrent.ForkJoinTask.doExec(ForkJoinTask.java:289)
	at java.util.concurrent.ForkJoinPool$WorkQueue.runTask(ForkJoinPool.java:1056)
	at java.util.concurrent.ForkJoinPool.runWorker(ForkJoinPool.java:1692)
	at java.util.concurrent.ForkJoinWorkerThread.run(ForkJoinWorkerThread.java:157)
Caused by: org.apache.ratis.thirdparty.io.grpc.StatusRuntimeException: DEADLINE_EXCEEDED
	at org.apache.ratis.thirdparty.io.grpc.stub.ClientCalls.toStatusRuntimeException(ClientCalls.java:233)
	at org.apache.ratis.thirdparty.io.grpc.stub.ClientCalls.getUnchecked(ClientCalls.java:214)
	at org.apache.ratis.thirdparty.io.grpc.stub.ClientCalls.blockingUnaryCall(ClientCalls.java:139)
	at org.apache.ratis.proto.grpc.AdminProtocolServiceGrpc$AdminProtocolServiceBlockingStub.groupManagement(AdminProtocolServiceGrpc.java:274)
	at org.apache.ratis.grpc.client.GrpcClientProtocolClient.lambda$groupAdd$3(GrpcClientProtocolClient.java:140)
	at org.apache.ratis.grpc.client.GrpcClientProtocolClient.blockingCall(GrpcClientProtocolClient.java:167)
	... 15 more
2019-08-29 08:18:06,708 [IPC Server handler 6 on 42726] WARN  block.BlockManagerImpl (BlockManagerImpl.java:allocateBlock(192)) - Pipeline creation failed for type:RATIS factor:THREE. Retrying get pipelines call once.
org.apache.hadoop.io.MultipleIOException: 3 exceptions [java.io.IOException: Failed invoke Ratis rpc org.apache.hadoop.hdds.scm.pipeline.RatisPipelineProvider$$Lambda$171/510276410@4bfec74a for dd9a91c5-5c4b-4478-b7f7-3956f198c950, java.io.IOException: Failed invoke Ratis rpc org.apache.hadoop.hdds.scm.pipeline.RatisPipelineProvider$$Lambda$171/510276410@4bfec74a for 9b2222ce-dbb0-4da1-b31a-a52ba00795b8, java.io.IOException: Failed invoke Ratis rpc org.apache.hadoop.hdds.scm.pipeline.RatisPipelineProvider$$Lambda$171/510276410@4bfec74a for 14879765-9127-45ba-89de-04712631aaf6]
	at org.apache.hadoop.io.MultipleIOException.createIOException(MultipleIOException.java:53)
	at org.apache.hadoop.hdds.scm.pipeline.RatisPipelineProvider.callRatisRpc(RatisPipelineProvider.java:251)
	at org.apache.hadoop.hdds.scm.pipeline.RatisPipelineProvider.initializePipeline(RatisPipelineProvider.java:192)
	at org.apache.hadoop.hdds.scm.pipeline.RatisPipelineProvider.create(RatisPipelineProvider.java:161)
	at org.apache.hadoop.hdds.scm.pipeline.PipelineFactory.create(PipelineFactory.java:57)
	at org.apache.hadoop.hdds.scm.pipeline.SCMPipelineManager.createPipeline(SCMPipelineManager.java:149)
	at org.apache.hadoop.hdds.scm.block.BlockManagerImpl.allocateBlock(BlockManagerImpl.java:190)
	at org.apache.hadoop.hdds.scm.server.SCMBlockProtocolServer.allocateBlock(SCMBlockProtocolServer.java:175)
	at org.apache.hadoop.ozone.protocolPB.ScmBlockLocationProtocolServerSideTranslatorPB.allocateScmBlock(ScmBlockLocationProtocolServerSideTranslatorPB.java:153)
	at org.apache.hadoop.ozone.protocolPB.ScmBlockLocationProtocolServerSideTranslatorPB.send(ScmBlockLocationProtocolServerSideTranslatorPB.java:112)
	at org.apache.hadoop.hdds.protocol.proto.ScmBlockLocationProtocolProtos$ScmBlockLocationProtocolService$2.callBlockingMethod(ScmBlockLocationProtocolProtos.java:13157)
	at org.apache.hadoop.ipc.ProtobufRpcEngine$Server$ProtoBufRpcInvoker.call(ProtobufRpcEngine.java:524)
	at org.apache.hadoop.ipc.RPC$Server.call(RPC.java:1025)
	at org.apache.hadoop.ipc.Server$RpcCall.run(Server.java:876)
	at org.apache.hadoop.ipc.Server$RpcCall.run(Server.java:822)
	at java.security.AccessController.doPrivileged(Native Method)
	at javax.security.auth.Subject.doAs(Subject.java:422)
	at org.apache.hadoop.security.UserGroupInformation.doAs(UserGroupInformation.java:1730)
	at org.apache.hadoop.ipc.Server$Handler.run(Server.java:2682)
2019-08-29 08:18:06,709 [IPC Server handler 6 on 42726] INFO  block.BlockManagerImpl (BlockManagerImpl.java:allocateBlock(198)) - Could not find available pipeline of type:RATIS and factor:THREE even after retrying
2019-08-29 08:18:06,709 [IPC Server handler 6 on 42726] ERROR block.BlockManagerImpl (BlockManagerImpl.java:allocateBlock(222)) - Unable to allocate a block for the size: 4194304, type: RATIS, factor: THREE
2019-08-29 08:18:06,730 [grpc-default-executor-2] INFO  impl.RaftServerProxy (RaftServerProxy.java:addNew(89)) - dd9a91c5-5c4b-4478-b7f7-3956f198c950: addNew group-C707077486AB:[9b2222ce-dbb0-4da1-b31a-a52ba00795b8:192.168.34.54:34658, dd9a91c5-5c4b-4478-b7f7-3956f198c950:192.168.34.54:35600, 14879765-9127-45ba-89de-04712631aaf6:192.168.34.54:41705] returns group-C707077486AB:java.util.concurrent.CompletableFuture@441471fe[Not completed]
2019-08-29 08:18:06,730 [grpc-default-executor-0] INFO  impl.RaftServerProxy (RaftServerProxy.java:addNew(89)) - 9b2222ce-dbb0-4da1-b31a-a52ba00795b8: addNew group-C707077486AB:[9b2222ce-dbb0-4da1-b31a-a52ba00795b8:192.168.34.54:34658, dd9a91c5-5c4b-4478-b7f7-3956f198c950:192.168.34.54:35600, 14879765-9127-45ba-89de-04712631aaf6:192.168.34.54:41705] returns group-C707077486AB:java.util.concurrent.CompletableFuture@48e2fc19[Not completed]
2019-08-29 08:18:06,730 [grpc-default-executor-3] INFO  impl.RaftServerProxy (RaftServerProxy.java:addNew(89)) - 14879765-9127-45ba-89de-04712631aaf6: addNew group-C707077486AB:[9b2222ce-dbb0-4da1-b31a-a52ba00795b8:192.168.34.54:34658, dd9a91c5-5c4b-4478-b7f7-3956f198c950:192.168.34.54:35600, 14879765-9127-45ba-89de-04712631aaf6:192.168.34.54:41705] returns group-C707077486AB:java.util.concurrent.CompletableFuture@7d6cb517[Not completed]
2019-08-29 08:18:06,820 | INFO  | SCMAudit | user=jenkins1000 | ip=192.168.34.54 | op=SEND_HEARTBEAT {datanodeUUID=14879765-9127-45ba-89de-04712631aaf6, command=[]} | ret=SUCCESS |  
2019-08-29 08:18:06,872 | INFO  | SCMAudit | user=jenkins1000 | ip=192.168.34.54 | op=SEND_HEARTBEAT {datanodeUUID=dd9a91c5-5c4b-4478-b7f7-3956f198c950, command=[]} | ret=SUCCESS |  
2019-08-29 08:18:07,089 | INFO  | SCMAudit | user=jenkins1000 | ip=192.168.34.54 | op=SEND_HEARTBEAT {datanodeUUID=84674177-5820-4a0b-9345-463c27e4b0c8, command=[]} | ret=SUCCESS |  
2019-08-29 08:18:07,120 | INFO  | SCMAudit | user=jenkins1000 | ip=192.168.34.54 | op=SEND_HEARTBEAT {datanodeUUID=62fbaf2b-c9dd-41a4-90d2-fdfdf099a3b1, command=[]} | ret=SUCCESS |  
2019-08-29 08:18:07,361 | INFO  | SCMAudit | user=jenkins1000 | ip=192.168.34.54 | op=SEND_HEARTBEAT {datanodeUUID=4e66ed9b-7a7a-49e4-a069-f2e74814d405, command=[]} | ret=SUCCESS |  
2019-08-29 08:18:07,361 | INFO  | SCMAudit | user=jenkins1000 | ip=192.168.34.54 | op=SEND_HEARTBEAT {datanodeUUID=dba0a522-61fc-431c-9633-76c1b0451c6f, command=[]} | ret=SUCCESS |  
2019-08-29 08:18:07,586 | INFO  | SCMAudit | user=jenkins1000 | ip=192.168.34.54 | op=SEND_HEARTBEAT {datanodeUUID=9b2222ce-dbb0-4da1-b31a-a52ba00795b8, command=[]} | ret=SUCCESS |  
2019-08-29 08:18:07,820 | INFO  | SCMAudit | user=jenkins1000 | ip=192.168.34.54 | op=SEND_HEARTBEAT {datanodeUUID=14879765-9127-45ba-89de-04712631aaf6, command=[]} | ret=SUCCESS |  
2019-08-29 08:18:07,872 | INFO  | SCMAudit | user=jenkins1000 | ip=192.168.34.54 | op=SEND_HEARTBEAT {datanodeUUID=dd9a91c5-5c4b-4478-b7f7-3956f198c950, command=[]} | ret=SUCCESS |  
2019-08-29 08:18:08,089 | INFO  | SCMAudit | user=jenkins1000 | ip=192.168.34.54 | op=SEND_HEARTBEAT {datanodeUUID=84674177-5820-4a0b-9345-463c27e4b0c8, command=[]} | ret=SUCCESS |  
2019-08-29 08:18:08,121 | INFO  | SCMAudit | user=jenkins1000 | ip=192.168.34.54 | op=SEND_HEARTBEAT {datanodeUUID=62fbaf2b-c9dd-41a4-90d2-fdfdf099a3b1, command=[]} | ret=SUCCESS |  
2019-08-29 08:18:08,362 | INFO  | SCMAudit | user=jenkins1000 | ip=192.168.34.54 | op=SEND_HEARTBEAT {datanodeUUID=dba0a522-61fc-431c-9633-76c1b0451c6f, command=[]} | ret=SUCCESS |  
2019-08-29 08:18:08,362 | INFO  | SCMAudit | user=jenkins1000 | ip=192.168.34.54 | op=SEND_HEARTBEAT {datanodeUUID=4e66ed9b-7a7a-49e4-a069-f2e74814d405, command=[]} | ret=SUCCESS |  
2019-08-29 08:18:08,586 | INFO  | SCMAudit | user=jenkins1000 | ip=192.168.34.54 | op=SEND_HEARTBEAT {datanodeUUID=9b2222ce-dbb0-4da1-b31a-a52ba00795b8, command=[]} | ret=SUCCESS |  
2019-08-29 08:18:08,820 | INFO  | SCMAudit | user=jenkins1000 | ip=192.168.34.54 | op=SEND_HEARTBEAT {datanodeUUID=14879765-9127-45ba-89de-04712631aaf6, command=[]} | ret=SUCCESS |  
2019-08-29 08:18:08,873 | INFO  | SCMAudit | user=jenkins1000 | ip=192.168.34.54 | op=SEND_HEARTBEAT {datanodeUUID=dd9a91c5-5c4b-4478-b7f7-3956f198c950, command=[]} | ret=SUCCESS |  
2019-08-29 08:18:09,089 | INFO  | SCMAudit | user=jenkins1000 | ip=192.168.34.54 | op=SEND_HEARTBEAT {datanodeUUID=84674177-5820-4a0b-9345-463c27e4b0c8, command=[]} | ret=SUCCESS |  
2019-08-29 08:18:09,121 | INFO  | SCMAudit | user=jenkins1000 | ip=192.168.34.54 | op=SEND_HEARTBEAT {datanodeUUID=62fbaf2b-c9dd-41a4-90d2-fdfdf099a3b1, command=[]} | ret=SUCCESS |  
2019-08-29 08:18:09,362 | INFO  | SCMAudit | user=jenkins1000 | ip=192.168.34.54 | op=SEND_HEARTBEAT {datanodeUUID=4e66ed9b-7a7a-49e4-a069-f2e74814d405, command=[]} | ret=SUCCESS |  
2019-08-29 08:18:09,362 | INFO  | SCMAudit | user=jenkins1000 | ip=192.168.34.54 | op=SEND_HEARTBEAT {datanodeUUID=dba0a522-61fc-431c-9633-76c1b0451c6f, command=[]} | ret=SUCCESS |  
2019-08-29 08:18:09,586 | INFO  | SCMAudit | user=jenkins1000 | ip=192.168.34.54 | op=SEND_HEARTBEAT {datanodeUUID=9b2222ce-dbb0-4da1-b31a-a52ba00795b8, command=[]} | ret=SUCCESS |  
2019-08-29 08:18:09,723 [RATISCREATEPIPELINE2] ERROR pipeline.RatisPipelineProvider (RatisPipelineProvider.java:lambda$null$5(235)) - Failed invoke Ratis rpc org.apache.hadoop.hdds.scm.pipeline.RatisPipelineProvider$$Lambda$171/510276410@56af0e49 for 9b2222ce-dbb0-4da1-b31a-a52ba00795b8
org.apache.ratis.protocol.TimeoutIOException: deadline exceeded after 2998186750ns
	at org.apache.ratis.grpc.GrpcUtil.tryUnwrapException(GrpcUtil.java:82)
	at org.apache.ratis.grpc.GrpcUtil.unwrapException(GrpcUtil.java:75)
	at org.apache.ratis.grpc.client.GrpcClientProtocolClient.blockingCall(GrpcClientProtocolClient.java:169)
	at org.apache.ratis.grpc.client.GrpcClientProtocolClient.groupAdd(GrpcClientProtocolClient.java:138)
	at org.apache.ratis.grpc.client.GrpcClientRpc.sendRequest(GrpcClientRpc.java:94)
	at org.apache.ratis.client.impl.RaftClientImpl.sendRequest(RaftClientImpl.java:279)
	at org.apache.ratis.client.impl.RaftClientImpl.groupAdd(RaftClientImpl.java:206)
	at org.apache.hadoop.hdds.scm.pipeline.RatisPipelineProvider.lambda$initializePipeline$4(RatisPipelineProvider.java:194)
	at org.apache.hadoop.hdds.scm.pipeline.RatisPipelineProvider.lambda$null$5(RatisPipelineProvider.java:231)
	at java.util.stream.ForEachOps$ForEachOp$OfRef.accept(ForEachOps.java:184)
	at java.util.ArrayList$ArrayListSpliterator.forEachRemaining(ArrayList.java:1382)
	at java.util.stream.AbstractPipeline.copyInto(AbstractPipeline.java:482)
	at java.util.stream.ForEachOps$ForEachTask.compute(ForEachOps.java:291)
	at java.util.concurrent.CountedCompleter.exec(CountedCompleter.java:731)
	at java.util.concurrent.ForkJoinTask.doExec(ForkJoinTask.java:289)
	at java.util.concurrent.ForkJoinPool$WorkQueue.runTask(ForkJoinPool.java:1056)
	at java.util.concurrent.ForkJoinPool.runWorker(ForkJoinPool.java:1692)
	at java.util.concurrent.ForkJoinWorkerThread.run(ForkJoinWorkerThread.java:157)
Caused by: org.apache.ratis.thirdparty.io.grpc.StatusRuntimeException: DEADLINE_EXCEEDED: deadline exceeded after 2998186750ns
	at org.apache.ratis.thirdparty.io.grpc.stub.ClientCalls.toStatusRuntimeException(ClientCalls.java:233)
	at org.apache.ratis.thirdparty.io.grpc.stub.ClientCalls.getUnchecked(ClientCalls.java:214)
	at org.apache.ratis.thirdparty.io.grpc.stub.ClientCalls.blockingUnaryCall(ClientCalls.java:139)
	at org.apache.ratis.proto.grpc.AdminProtocolServiceGrpc$AdminProtocolServiceBlockingStub.groupManagement(AdminProtocolServiceGrpc.java:274)
	at org.apache.ratis.grpc.client.GrpcClientProtocolClient.lambda$groupAdd$3(GrpcClientProtocolClient.java:140)
	at org.apache.ratis.grpc.client.GrpcClientProtocolClient.blockingCall(GrpcClientProtocolClient.java:167)
	... 15 more
2019-08-29 08:18:09,723 [RATISCREATEPIPELINE1] ERROR pipeline.RatisPipelineProvider (RatisPipelineProvider.java:lambda$null$5(235)) - Failed invoke Ratis rpc org.apache.hadoop.hdds.scm.pipeline.RatisPipelineProvider$$Lambda$171/510276410@56af0e49 for dd9a91c5-5c4b-4478-b7f7-3956f198c950
org.apache.ratis.protocol.TimeoutIOException: deadline exceeded after 2999744859ns
	at org.apache.ratis.grpc.GrpcUtil.tryUnwrapException(GrpcUtil.java:82)
	at org.apache.ratis.grpc.GrpcUtil.unwrapException(GrpcUtil.java:75)
	at org.apache.ratis.grpc.client.GrpcClientProtocolClient.blockingCall(GrpcClientProtocolClient.java:169)
	at org.apache.ratis.grpc.client.GrpcClientProtocolClient.groupAdd(GrpcClientProtocolClient.java:138)
	at org.apache.ratis.grpc.client.GrpcClientRpc.sendRequest(GrpcClientRpc.java:94)
	at org.apache.ratis.client.impl.RaftClientImpl.sendRequest(RaftClientImpl.java:279)
	at org.apache.ratis.client.impl.RaftClientImpl.groupAdd(RaftClientImpl.java:206)
	at org.apache.hadoop.hdds.scm.pipeline.RatisPipelineProvider.lambda$initializePipeline$4(RatisPipelineProvider.java:194)
	at org.apache.hadoop.hdds.scm.pipeline.RatisPipelineProvider.lambda$null$5(RatisPipelineProvider.java:231)
	at java.util.stream.ForEachOps$ForEachOp$OfRef.accept(ForEachOps.java:184)
	at java.util.ArrayList$ArrayListSpliterator.forEachRemaining(ArrayList.java:1382)
	at java.util.stream.AbstractPipeline.copyInto(AbstractPipeline.java:482)
	at java.util.stream.ForEachOps$ForEachTask.compute(ForEachOps.java:291)
	at java.util.concurrent.CountedCompleter.exec(CountedCompleter.java:731)
	at java.util.concurrent.ForkJoinTask.doExec(ForkJoinTask.java:289)
	at java.util.concurrent.ForkJoinTask.doInvoke(ForkJoinTask.java:401)
	at java.util.concurrent.ForkJoinTask.invoke(ForkJoinTask.java:734)
	at java.util.stream.ForEachOps$ForEachOp.evaluateParallel(ForEachOps.java:160)
	at java.util.stream.ForEachOps$ForEachOp$OfRef.evaluateParallel(ForEachOps.java:174)
	at java.util.stream.AbstractPipeline.evaluate(AbstractPipeline.java:233)
	at java.util.stream.ReferencePipeline.forEach(ReferencePipeline.java:418)
	at java.util.stream.ReferencePipeline$Head.forEach(ReferencePipeline.java:583)
	at org.apache.hadoop.hdds.scm.pipeline.RatisPipelineProvider.lambda$callRatisRpc$6(RatisPipelineProvider.java:225)
	at java.util.concurrent.ForkJoinTask$AdaptedRunnableAction.exec(ForkJoinTask.java:1386)
	at java.util.concurrent.ForkJoinTask.doExec(ForkJoinTask.java:289)
	at java.util.concurrent.ForkJoinPool$WorkQueue.runTask(ForkJoinPool.java:1056)
	at java.util.concurrent.ForkJoinPool.runWorker(ForkJoinPool.java:1692)
	at java.util.concurrent.ForkJoinWorkerThread.run(ForkJoinWorkerThread.java:157)
Caused by: org.apache.ratis.thirdparty.io.grpc.StatusRuntimeException: DEADLINE_EXCEEDED: deadline exceeded after 2999744859ns
	at org.apache.ratis.thirdparty.io.grpc.stub.ClientCalls.toStatusRuntimeException(ClientCalls.java:233)
	at org.apache.ratis.thirdparty.io.grpc.stub.ClientCalls.getUnchecked(ClientCalls.java:214)
	at org.apache.ratis.thirdparty.io.grpc.stub.ClientCalls.blockingUnaryCall(ClientCalls.java:139)
	at org.apache.ratis.proto.grpc.AdminProtocolServiceGrpc$AdminProtocolServiceBlockingStub.groupManagement(AdminProtocolServiceGrpc.java:274)
	at org.apache.ratis.grpc.client.GrpcClientProtocolClient.lambda$groupAdd$3(GrpcClientProtocolClient.java:140)
	at org.apache.ratis.grpc.client.GrpcClientProtocolClient.blockingCall(GrpcClientProtocolClient.java:167)
	... 25 more
2019-08-29 08:18:09,724 [RATISCREATEPIPELINE3] ERROR pipeline.RatisPipelineProvider (RatisPipelineProvider.java:lambda$null$5(235)) - Failed invoke Ratis rpc org.apache.hadoop.hdds.scm.pipeline.RatisPipelineProvider$$Lambda$171/510276410@56af0e49 for 14879765-9127-45ba-89de-04712631aaf6
org.apache.ratis.protocol.TimeoutIOException: deadline exceeded after 2999782765ns
	at org.apache.ratis.grpc.GrpcUtil.tryUnwrapException(GrpcUtil.java:82)
	at org.apache.ratis.grpc.GrpcUtil.unwrapException(GrpcUtil.java:75)
	at org.apache.ratis.grpc.client.GrpcClientProtocolClient.blockingCall(GrpcClientProtocolClient.java:169)
	at org.apache.ratis.grpc.client.GrpcClientProtocolClient.groupAdd(GrpcClientProtocolClient.java:138)
	at org.apache.ratis.grpc.client.GrpcClientRpc.sendRequest(GrpcClientRpc.java:94)
	at org.apache.ratis.client.impl.RaftClientImpl.sendRequest(RaftClientImpl.java:279)
	at org.apache.ratis.client.impl.RaftClientImpl.groupAdd(RaftClientImpl.java:206)
	at org.apache.hadoop.hdds.scm.pipeline.RatisPipelineProvider.lambda$initializePipeline$4(RatisPipelineProvider.java:194)
	at org.apache.hadoop.hdds.scm.pipeline.RatisPipelineProvider.lambda$null$5(RatisPipelineProvider.java:231)
	at java.util.stream.ForEachOps$ForEachOp$OfRef.accept(ForEachOps.java:184)
	at java.util.ArrayList$ArrayListSpliterator.forEachRemaining(ArrayList.java:1382)
	at java.util.stream.AbstractPipeline.copyInto(AbstractPipeline.java:482)
	at java.util.stream.ForEachOps$ForEachTask.compute(ForEachOps.java:291)
	at java.util.concurrent.CountedCompleter.exec(CountedCompleter.java:731)
	at java.util.concurrent.ForkJoinTask.doExec(ForkJoinTask.java:289)
	at java.util.concurrent.ForkJoinPool$WorkQueue.runTask(ForkJoinPool.java:1056)
	at java.util.concurrent.ForkJoinPool.runWorker(ForkJoinPool.java:1692)
	at java.util.concurrent.ForkJoinWorkerThread.run(ForkJoinWorkerThread.java:157)
Caused by: org.apache.ratis.thirdparty.io.grpc.StatusRuntimeException: DEADLINE_EXCEEDED: deadline exceeded after 2999782765ns
	at org.apache.ratis.thirdparty.io.grpc.stub.ClientCalls.toStatusRuntimeException(ClientCalls.java:233)
	at org.apache.ratis.thirdparty.io.grpc.stub.ClientCalls.getUnchecked(ClientCalls.java:214)
	at org.apache.ratis.thirdparty.io.grpc.stub.ClientCalls.blockingUnaryCall(ClientCalls.java:139)
	at org.apache.ratis.proto.grpc.AdminProtocolServiceGrpc$AdminProtocolServiceBlockingStub.groupManagement(AdminProtocolServiceGrpc.java:274)
	at org.apache.ratis.grpc.client.GrpcClientProtocolClient.lambda$groupAdd$3(GrpcClientProtocolClient.java:140)
	at org.apache.ratis.grpc.client.GrpcClientProtocolClient.blockingCall(GrpcClientProtocolClient.java:167)
	... 15 more
2019-08-29 08:18:09,726 [IPC Server handler 6 on 42726] WARN  block.BlockManagerImpl (BlockManagerImpl.java:allocateBlock(192)) - Pipeline creation failed for type:RATIS factor:THREE. Retrying get pipelines call once.
org.apache.hadoop.io.MultipleIOException: 3 exceptions [java.io.IOException: Failed invoke Ratis rpc org.apache.hadoop.hdds.scm.pipeline.RatisPipelineProvider$$Lambda$171/510276410@56af0e49 for 9b2222ce-dbb0-4da1-b31a-a52ba00795b8, java.io.IOException: Failed invoke Ratis rpc org.apache.hadoop.hdds.scm.pipeline.RatisPipelineProvider$$Lambda$171/510276410@56af0e49 for dd9a91c5-5c4b-4478-b7f7-3956f198c950, java.io.IOException: Failed invoke Ratis rpc org.apache.hadoop.hdds.scm.pipeline.RatisPipelineProvider$$Lambda$171/510276410@56af0e49 for 14879765-9127-45ba-89de-04712631aaf6]
	at org.apache.hadoop.io.MultipleIOException.createIOException(MultipleIOException.java:53)
	at org.apache.hadoop.hdds.scm.pipeline.RatisPipelineProvider.callRatisRpc(RatisPipelineProvider.java:251)
	at org.apache.hadoop.hdds.scm.pipeline.RatisPipelineProvider.initializePipeline(RatisPipelineProvider.java:192)
	at org.apache.hadoop.hdds.scm.pipeline.RatisPipelineProvider.create(RatisPipelineProvider.java:161)
	at org.apache.hadoop.hdds.scm.pipeline.PipelineFactory.create(PipelineFactory.java:57)
	at org.apache.hadoop.hdds.scm.pipeline.SCMPipelineManager.createPipeline(SCMPipelineManager.java:149)
	at org.apache.hadoop.hdds.scm.block.BlockManagerImpl.allocateBlock(BlockManagerImpl.java:190)
	at org.apache.hadoop.hdds.scm.server.SCMBlockProtocolServer.allocateBlock(SCMBlockProtocolServer.java:175)
	at org.apache.hadoop.ozone.protocolPB.ScmBlockLocationProtocolServerSideTranslatorPB.allocateScmBlock(ScmBlockLocationProtocolServerSideTranslatorPB.java:153)
	at org.apache.hadoop.ozone.protocolPB.ScmBlockLocationProtocolServerSideTranslatorPB.send(ScmBlockLocationProtocolServerSideTranslatorPB.java:112)
	at org.apache.hadoop.hdds.protocol.proto.ScmBlockLocationProtocolProtos$ScmBlockLocationProtocolService$2.callBlockingMethod(ScmBlockLocationProtocolProtos.java:13157)
	at org.apache.hadoop.ipc.ProtobufRpcEngine$Server$ProtoBufRpcInvoker.call(ProtobufRpcEngine.java:524)
	at org.apache.hadoop.ipc.RPC$Server.call(RPC.java:1025)
	at org.apache.hadoop.ipc.Server$RpcCall.run(Server.java:876)
	at org.apache.hadoop.ipc.Server$RpcCall.run(Server.java:822)
	at java.security.AccessController.doPrivileged(Native Method)
	at javax.security.auth.Subject.doAs(Subject.java:422)
	at org.apache.hadoop.security.UserGroupInformation.doAs(UserGroupInformation.java:1730)
	at org.apache.hadoop.ipc.Server$Handler.run(Server.java:2682)
2019-08-29 08:18:09,727 [IPC Server handler 6 on 42726] INFO  block.BlockManagerImpl (BlockManagerImpl.java:allocateBlock(198)) - Could not find available pipeline of type:RATIS and factor:THREE even after retrying
2019-08-29 08:18:09,727 [IPC Server handler 6 on 42726] ERROR block.BlockManagerImpl (BlockManagerImpl.java:allocateBlock(222)) - Unable to allocate a block for the size: 4194304, type: RATIS, factor: THREE
2019-08-29 08:18:09,727 | INFO  | SCMAudit | user=jenkins1000 | ip=192.168.34.54 | op=ALLOCATE_BLOCK {owner=b907be6b-be72-4542-91af-def5b892d723, size=4194304, type=RATIS, factor=THREE} | ret=SUCCESS |  
2019-08-29 08:18:09,728 | ERROR | OMAudit | user=jenkins1000 | ip=127.0.0.1 | op=ALLOCATE_KEY {volume=closecontainerexceptionhandlingtest, bucket=closecontainerexceptionhandlingtest, key=b65023f6-0500-4d2d-b8d3-fbaeec7b5237, dataSize=12582912, replicationType=RATIS, replicationFactor=THREE, keyLocationInfo=null} | ret=FAILURE | org.apache.hadoop.hdds.scm.exceptions.SCMException: Allocated 0 blocks. Requested 3 blocks
	at org.apache.hadoop.hdds.scm.protocolPB.ScmBlockLocationProtocolClientSideTranslatorPB.handleError(ScmBlockLocationProtocolClientSideTranslatorPB.java:118)
	at org.apache.hadoop.hdds.scm.protocolPB.ScmBlockLocationProtocolClientSideTranslatorPB.allocateBlock(ScmBlockLocationProtocolClientSideTranslatorPB.java:156) 
]]></system-out>
  </testcase>
  <testcase name="testBlockWrites" classname="org.apache.hadoop.ozone.client.rpc.TestCloseContainerHandlingByClient" time="3.143">
    <error message="Allocated 0 blocks. Requested 1 blocks" type="INTERNAL_ERROR org.apache.hadoop.ozone.om.exceptions.OMException">INTERNAL_ERROR org.apache.hadoop.ozone.om.exceptions.OMException: Allocated 0 blocks. Requested 1 blocks
	at org.apache.hadoop.ozone.om.protocolPB.OzoneManagerProtocolClientSideTranslatorPB.handleError(OzoneManagerProtocolClientSideTranslatorPB.java:725)
	at org.apache.hadoop.ozone.om.protocolPB.OzoneManagerProtocolClientSideTranslatorPB.openKey(OzoneManagerProtocolClientSideTranslatorPB.java:716)
	at org.apache.hadoop.ozone.client.rpc.RpcClient.createKey(RpcClient.java:615)
	at org.apache.hadoop.ozone.client.OzoneBucket.createKey(OzoneBucket.java:323)
	at org.apache.hadoop.ozone.container.ContainerTestHelper.createKey(ContainerTestHelper.java:694)
	at org.apache.hadoop.ozone.client.rpc.TestCloseContainerHandlingByClient.createKey(TestCloseContainerHandlingByClient.java:396)
	at org.apache.hadoop.ozone.client.rpc.TestCloseContainerHandlingByClient.testBlockWrites(TestCloseContainerHandlingByClient.java:439)
	at sun.reflect.NativeMethodAccessorImpl.invoke0(Native Method)
	at sun.reflect.NativeMethodAccessorImpl.invoke(NativeMethodAccessorImpl.java:62)
	at sun.reflect.DelegatingMethodAccessorImpl.invoke(DelegatingMethodAccessorImpl.java:43)
	at java.lang.reflect.Method.invoke(Method.java:498)
	at org.junit.runners.model.FrameworkMethod$1.runReflectiveCall(FrameworkMethod.java:47)
	at org.junit.internal.runners.model.ReflectiveCallable.run(ReflectiveCallable.java:12)
	at org.junit.runners.model.FrameworkMethod.invokeExplosively(FrameworkMethod.java:44)
	at org.junit.internal.runners.statements.InvokeMethod.evaluate(InvokeMethod.java:17)
	at org.junit.runners.ParentRunner.runLeaf(ParentRunner.java:271)
	at org.junit.runners.BlockJUnit4ClassRunner.runChild(BlockJUnit4ClassRunner.java:70)
	at org.junit.runners.BlockJUnit4ClassRunner.runChild(BlockJUnit4ClassRunner.java:50)
	at org.junit.runners.ParentRunner$3.run(ParentRunner.java:238)
	at org.junit.runners.ParentRunner$1.schedule(ParentRunner.java:63)
	at org.junit.runners.ParentRunner.runChildren(ParentRunner.java:236)
	at org.junit.runners.ParentRunner.access$000(ParentRunner.java:53)
	at org.junit.runners.ParentRunner$2.evaluate(ParentRunner.java:229)
	at org.junit.internal.runners.statements.RunBefores.evaluate(RunBefores.java:26)
	at org.junit.internal.runners.statements.RunAfters.evaluate(RunAfters.java:27)
	at org.junit.runners.ParentRunner.run(ParentRunner.java:309)
	at org.apache.maven.surefire.junit4.JUnit4Provider.execute(JUnit4Provider.java:365)
	at org.apache.maven.surefire.junit4.JUnit4Provider.executeWithRerun(JUnit4Provider.java:273)
	at org.apache.maven.surefire.junit4.JUnit4Provider.executeTestSet(JUnit4Provider.java:238)
	at org.apache.maven.surefire.junit4.JUnit4Provider.invoke(JUnit4Provider.java:159)
	at org.apache.maven.surefire.booter.ForkedBooter.invokeProviderInSameClassLoader(ForkedBooter.java:384)
	at org.apache.maven.surefire.booter.ForkedBooter.runSuitesInProcess(ForkedBooter.java:345)
	at org.apache.maven.surefire.booter.ForkedBooter.execute(ForkedBooter.java:126)
	at org.apache.maven.surefire.booter.ForkedBooter.main(ForkedBooter.java:418)
</error>
    <system-out><![CDATA[2019-08-29 08:18:09,736 | INFO  | OMAudit | user=jenkins1000 | ip=127.0.0.1 | op=READ_VOLUME {volume=closecontainerexceptionhandlingtest} | ret=SUCCESS |  
2019-08-29 08:18:09,738 | INFO  | OMAudit | user=jenkins1000 | ip=127.0.0.1 | op=READ_BUCKET {volume=closecontainerexceptionhandlingtest, bucket=closecontainerexceptionhandlingtest} | ret=SUCCESS |  
2019-08-29 08:18:09,755 [grpc-default-executor-3] INFO  impl.RaftServerProxy (RaftServerProxy.java:addNew(89)) - 14879765-9127-45ba-89de-04712631aaf6: addNew group-1A170CE98F90:[9b2222ce-dbb0-4da1-b31a-a52ba00795b8:192.168.34.54:34658, dd9a91c5-5c4b-4478-b7f7-3956f198c950:192.168.34.54:35600, 14879765-9127-45ba-89de-04712631aaf6:192.168.34.54:41705] returns group-1A170CE98F90:java.util.concurrent.CompletableFuture@c99345a[Not completed]
2019-08-29 08:18:09,755 [grpc-default-executor-0] INFO  impl.RaftServerProxy (RaftServerProxy.java:addNew(89)) - 9b2222ce-dbb0-4da1-b31a-a52ba00795b8: addNew group-1A170CE98F90:[9b2222ce-dbb0-4da1-b31a-a52ba00795b8:192.168.34.54:34658, dd9a91c5-5c4b-4478-b7f7-3956f198c950:192.168.34.54:35600, 14879765-9127-45ba-89de-04712631aaf6:192.168.34.54:41705] returns group-1A170CE98F90:java.util.concurrent.CompletableFuture@3b63ad94[Not completed]
2019-08-29 08:18:09,755 [grpc-default-executor-2] INFO  impl.RaftServerProxy (RaftServerProxy.java:addNew(89)) - dd9a91c5-5c4b-4478-b7f7-3956f198c950: addNew group-1A170CE98F90:[9b2222ce-dbb0-4da1-b31a-a52ba00795b8:192.168.34.54:34658, dd9a91c5-5c4b-4478-b7f7-3956f198c950:192.168.34.54:35600, 14879765-9127-45ba-89de-04712631aaf6:192.168.34.54:41705] returns group-1A170CE98F90:java.util.concurrent.CompletableFuture@b892c41[Not completed]
2019-08-29 08:18:09,820 | INFO  | SCMAudit | user=jenkins1000 | ip=192.168.34.54 | op=SEND_HEARTBEAT {datanodeUUID=14879765-9127-45ba-89de-04712631aaf6, command=[]} | ret=SUCCESS |  
2019-08-29 08:18:09,873 | INFO  | SCMAudit | user=jenkins1000 | ip=192.168.34.54 | op=SEND_HEARTBEAT {datanodeUUID=dd9a91c5-5c4b-4478-b7f7-3956f198c950, command=[]} | ret=SUCCESS |  
2019-08-29 08:18:10,089 | INFO  | SCMAudit | user=jenkins1000 | ip=192.168.34.54 | op=SEND_HEARTBEAT {datanodeUUID=84674177-5820-4a0b-9345-463c27e4b0c8, command=[]} | ret=SUCCESS |  
2019-08-29 08:18:10,121 | INFO  | SCMAudit | user=jenkins1000 | ip=192.168.34.54 | op=SEND_HEARTBEAT {datanodeUUID=62fbaf2b-c9dd-41a4-90d2-fdfdf099a3b1, command=[]} | ret=SUCCESS |  
2019-08-29 08:18:10,362 | INFO  | SCMAudit | user=jenkins1000 | ip=192.168.34.54 | op=SEND_HEARTBEAT {datanodeUUID=dba0a522-61fc-431c-9633-76c1b0451c6f, command=[]} | ret=SUCCESS |  
2019-08-29 08:18:10,362 | INFO  | SCMAudit | user=jenkins1000 | ip=192.168.34.54 | op=SEND_HEARTBEAT {datanodeUUID=4e66ed9b-7a7a-49e4-a069-f2e74814d405, command=[]} | ret=SUCCESS |  
2019-08-29 08:18:10,487 [pool-60-thread-1] INFO  storage.RaftStorageDirectory (RaftStorageDirectory.java:tryLock(328)) - Lock on /workdir/hadoop-ozone/integration-test/target/test-dir/MiniOzoneClusterImpl-ef39a000-56f8-499f-ba54-08500adcb141/datanode-3/data/ratis/7b3a2503-82fa-46bd-b444-29aa9db7490e/in_use.lock acquired by nodename 28333@pr-hdds-1553-zhl8q-89899572
2019-08-29 08:18:10,487 [pool-49-thread-1] INFO  storage.RaftStorageDirectory (RaftStorageDirectory.java:tryLock(328)) - Lock on /workdir/hadoop-ozone/integration-test/target/test-dir/MiniOzoneClusterImpl-ef39a000-56f8-499f-ba54-08500adcb141/datanode-2/data/ratis/7b3a2503-82fa-46bd-b444-29aa9db7490e/in_use.lock acquired by nodename 28333@pr-hdds-1553-zhl8q-89899572
2019-08-29 08:18:10,487 [pool-93-thread-1] INFO  storage.RaftStorageDirectory (RaftStorageDirectory.java:tryLock(328)) - Lock on /workdir/hadoop-ozone/integration-test/target/test-dir/MiniOzoneClusterImpl-ef39a000-56f8-499f-ba54-08500adcb141/datanode-6/data/ratis/69ca6f74-3e56-4090-9310-97af3ac212a7/in_use.lock acquired by nodename 28333@pr-hdds-1553-zhl8q-89899572
2019-08-29 08:18:10,487 [14879765-9127-45ba-89de-04712631aaf6:group-68C63D44239F:LeaderElection5] INFO  impl.LeaderElection (LeaderElection.java:askForVotes(181)) - 14879765-9127-45ba-89de-04712631aaf6:group-68C63D44239F:LeaderElection5: begin an election at term 2 for -1: [9b2222ce-dbb0-4da1-b31a-a52ba00795b8:192.168.34.54:34658, dd9a91c5-5c4b-4478-b7f7-3956f198c950:192.168.34.54:35600, 14879765-9127-45ba-89de-04712631aaf6:192.168.34.54:41705], old=null
2019-08-29 08:18:10,487 [dd9a91c5-5c4b-4478-b7f7-3956f198c950:group-68C63D44239F:LeaderElection4] INFO  impl.LeaderElection (LeaderElection.java:askForVotes(181)) - dd9a91c5-5c4b-4478-b7f7-3956f198c950:group-68C63D44239F:LeaderElection4: begin an election at term 2 for -1: [9b2222ce-dbb0-4da1-b31a-a52ba00795b8:192.168.34.54:34658, dd9a91c5-5c4b-4478-b7f7-3956f198c950:192.168.34.54:35600, 14879765-9127-45ba-89de-04712631aaf6:192.168.34.54:41705], old=null
2019-08-29 08:18:10,586 | INFO  | SCMAudit | user=jenkins1000 | ip=192.168.34.54 | op=SEND_HEARTBEAT {datanodeUUID=9b2222ce-dbb0-4da1-b31a-a52ba00795b8, command=[]} | ret=SUCCESS |  
2019-08-29 08:18:10,821 | INFO  | SCMAudit | user=jenkins1000 | ip=192.168.34.54 | op=SEND_HEARTBEAT {datanodeUUID=14879765-9127-45ba-89de-04712631aaf6, command=[]} | ret=SUCCESS |  
2019-08-29 08:18:10,873 | INFO  | SCMAudit | user=jenkins1000 | ip=192.168.34.54 | op=SEND_HEARTBEAT {datanodeUUID=dd9a91c5-5c4b-4478-b7f7-3956f198c950, command=[]} | ret=SUCCESS |  
2019-08-29 08:18:11,089 | INFO  | SCMAudit | user=jenkins1000 | ip=192.168.34.54 | op=SEND_HEARTBEAT {datanodeUUID=84674177-5820-4a0b-9345-463c27e4b0c8, command=[]} | ret=SUCCESS |  
2019-08-29 08:18:11,120 | INFO  | SCMAudit | user=jenkins1000 | ip=192.168.34.54 | op=SEND_HEARTBEAT {datanodeUUID=62fbaf2b-c9dd-41a4-90d2-fdfdf099a3b1, command=[]} | ret=SUCCESS |  
2019-08-29 08:18:11,362 | INFO  | SCMAudit | user=jenkins1000 | ip=192.168.34.54 | op=SEND_HEARTBEAT {datanodeUUID=dba0a522-61fc-431c-9633-76c1b0451c6f, command=[]} | ret=SUCCESS |  
2019-08-29 08:18:11,362 | INFO  | SCMAudit | user=jenkins1000 | ip=192.168.34.54 | op=SEND_HEARTBEAT {datanodeUUID=4e66ed9b-7a7a-49e4-a069-f2e74814d405, command=[]} | ret=SUCCESS |  
2019-08-29 08:18:11,392 [grpc-default-executor-3] INFO  impl.RaftServerImpl (RaftServerImpl.java:setRole(171)) - 9b2222ce-dbb0-4da1-b31a-a52ba00795b8:group-68C63D44239F changes role from CANDIDATE to FOLLOWER at term 2 for recognizeCandidate:dd9a91c5-5c4b-4478-b7f7-3956f198c950
2019-08-29 08:18:11,392 [9b2222ce-dbb0-4da1-b31a-a52ba00795b8:group-68C63D44239F:LeaderElection6] INFO  impl.LeaderElection (LeaderElection.java:askForVotes(181)) - 9b2222ce-dbb0-4da1-b31a-a52ba00795b8:group-68C63D44239F:LeaderElection6: begin an election at term 1 for -1: [9b2222ce-dbb0-4da1-b31a-a52ba00795b8:192.168.34.54:34658, dd9a91c5-5c4b-4478-b7f7-3956f198c950:192.168.34.54:35600, 14879765-9127-45ba-89de-04712631aaf6:192.168.34.54:41705], old=null
2019-08-29 08:18:11,392 [grpc-default-executor-3] INFO  impl.RoleInfo (RoleInfo.java:shutdownLeaderElection(134)) - 9b2222ce-dbb0-4da1-b31a-a52ba00795b8: shutdown LeaderElection
2019-08-29 08:18:11,393 [grpc-default-executor-3] INFO  impl.RoleInfo (RoleInfo.java:updateAndGet(143)) - 9b2222ce-dbb0-4da1-b31a-a52ba00795b8: start FollowerState
2019-08-29 08:18:11,586 | INFO  | SCMAudit | user=jenkins1000 | ip=192.168.34.54 | op=SEND_HEARTBEAT {datanodeUUID=9b2222ce-dbb0-4da1-b31a-a52ba00795b8, command=[]} | ret=SUCCESS |  
2019-08-29 08:18:11,821 | INFO  | SCMAudit | user=jenkins1000 | ip=192.168.34.54 | op=SEND_HEARTBEAT {datanodeUUID=14879765-9127-45ba-89de-04712631aaf6, command=[]} | ret=SUCCESS |  
2019-08-29 08:18:11,873 | INFO  | SCMAudit | user=jenkins1000 | ip=192.168.34.54 | op=SEND_HEARTBEAT {datanodeUUID=dd9a91c5-5c4b-4478-b7f7-3956f198c950, command=[]} | ret=SUCCESS |  
2019-08-29 08:18:12,090 | INFO  | SCMAudit | user=jenkins1000 | ip=192.168.34.54 | op=SEND_HEARTBEAT {datanodeUUID=84674177-5820-4a0b-9345-463c27e4b0c8, command=[]} | ret=SUCCESS |  
2019-08-29 08:18:12,122 | INFO  | SCMAudit | user=jenkins1000 | ip=192.168.34.54 | op=SEND_HEARTBEAT {datanodeUUID=62fbaf2b-c9dd-41a4-90d2-fdfdf099a3b1, command=[]} | ret=SUCCESS |  
2019-08-29 08:18:12,362 | INFO  | SCMAudit | user=jenkins1000 | ip=192.168.34.54 | op=SEND_HEARTBEAT {datanodeUUID=4e66ed9b-7a7a-49e4-a069-f2e74814d405, command=[]} | ret=SUCCESS |  
2019-08-29 08:18:12,362 | INFO  | SCMAudit | user=jenkins1000 | ip=192.168.34.54 | op=SEND_HEARTBEAT {datanodeUUID=dba0a522-61fc-431c-9633-76c1b0451c6f, command=[]} | ret=SUCCESS |  
2019-08-29 08:18:12,586 | INFO  | SCMAudit | user=jenkins1000 | ip=192.168.34.54 | op=SEND_HEARTBEAT {datanodeUUID=9b2222ce-dbb0-4da1-b31a-a52ba00795b8, command=[]} | ret=SUCCESS |  
2019-08-29 08:18:12,755 [RATISCREATEPIPELINE1] ERROR pipeline.RatisPipelineProvider (RatisPipelineProvider.java:lambda$null$5(235)) - Failed invoke Ratis rpc org.apache.hadoop.hdds.scm.pipeline.RatisPipelineProvider$$Lambda$171/510276410@4bb52046 for dd9a91c5-5c4b-4478-b7f7-3956f198c950
org.apache.ratis.protocol.TimeoutIOException: deadline exceeded after 2998141276ns
	at org.apache.ratis.grpc.GrpcUtil.tryUnwrapException(GrpcUtil.java:82)
	at org.apache.ratis.grpc.GrpcUtil.unwrapException(GrpcUtil.java:75)
	at org.apache.ratis.grpc.client.GrpcClientProtocolClient.blockingCall(GrpcClientProtocolClient.java:169)
	at org.apache.ratis.grpc.client.GrpcClientProtocolClient.groupAdd(GrpcClientProtocolClient.java:138)
	at org.apache.ratis.grpc.client.GrpcClientRpc.sendRequest(GrpcClientRpc.java:94)
	at org.apache.ratis.client.impl.RaftClientImpl.sendRequest(RaftClientImpl.java:279)
	at org.apache.ratis.client.impl.RaftClientImpl.groupAdd(RaftClientImpl.java:206)
	at org.apache.hadoop.hdds.scm.pipeline.RatisPipelineProvider.lambda$initializePipeline$4(RatisPipelineProvider.java:194)
	at org.apache.hadoop.hdds.scm.pipeline.RatisPipelineProvider.lambda$null$5(RatisPipelineProvider.java:231)
	at java.util.stream.ForEachOps$ForEachOp$OfRef.accept(ForEachOps.java:184)
	at java.util.ArrayList$ArrayListSpliterator.forEachRemaining(ArrayList.java:1382)
	at java.util.stream.AbstractPipeline.copyInto(AbstractPipeline.java:482)
	at java.util.stream.ForEachOps$ForEachTask.compute(ForEachOps.java:291)
	at java.util.concurrent.CountedCompleter.exec(CountedCompleter.java:731)
	at java.util.concurrent.ForkJoinTask.doExec(ForkJoinTask.java:289)
	at java.util.concurrent.ForkJoinTask.doInvoke(ForkJoinTask.java:401)
	at java.util.concurrent.ForkJoinTask.invoke(ForkJoinTask.java:734)
	at java.util.stream.ForEachOps$ForEachOp.evaluateParallel(ForEachOps.java:160)
	at java.util.stream.ForEachOps$ForEachOp$OfRef.evaluateParallel(ForEachOps.java:174)
	at java.util.stream.AbstractPipeline.evaluate(AbstractPipeline.java:233)
	at java.util.stream.ReferencePipeline.forEach(ReferencePipeline.java:418)
	at java.util.stream.ReferencePipeline$Head.forEach(ReferencePipeline.java:583)
	at org.apache.hadoop.hdds.scm.pipeline.RatisPipelineProvider.lambda$callRatisRpc$6(RatisPipelineProvider.java:225)
	at java.util.concurrent.ForkJoinTask$AdaptedRunnableAction.exec(ForkJoinTask.java:1386)
	at java.util.concurrent.ForkJoinTask.doExec(ForkJoinTask.java:289)
	at java.util.concurrent.ForkJoinPool$WorkQueue.runTask(ForkJoinPool.java:1056)
	at java.util.concurrent.ForkJoinPool.runWorker(ForkJoinPool.java:1692)
	at java.util.concurrent.ForkJoinWorkerThread.run(ForkJoinWorkerThread.java:157)
Caused by: org.apache.ratis.thirdparty.io.grpc.StatusRuntimeException: DEADLINE_EXCEEDED: deadline exceeded after 2998141276ns
	at org.apache.ratis.thirdparty.io.grpc.stub.ClientCalls.toStatusRuntimeException(ClientCalls.java:233)
	at org.apache.ratis.thirdparty.io.grpc.stub.ClientCalls.getUnchecked(ClientCalls.java:214)
	at org.apache.ratis.thirdparty.io.grpc.stub.ClientCalls.blockingUnaryCall(ClientCalls.java:139)
	at org.apache.ratis.proto.grpc.AdminProtocolServiceGrpc$AdminProtocolServiceBlockingStub.groupManagement(AdminProtocolServiceGrpc.java:274)
	at org.apache.ratis.grpc.client.GrpcClientProtocolClient.lambda$groupAdd$3(GrpcClientProtocolClient.java:140)
	at org.apache.ratis.grpc.client.GrpcClientProtocolClient.blockingCall(GrpcClientProtocolClient.java:167)
	... 25 more
2019-08-29 08:18:12,756 [RATISCREATEPIPELINE2] ERROR pipeline.RatisPipelineProvider (RatisPipelineProvider.java:lambda$null$5(235)) - Failed invoke Ratis rpc org.apache.hadoop.hdds.scm.pipeline.RatisPipelineProvider$$Lambda$171/510276410@4bb52046 for 14879765-9127-45ba-89de-04712631aaf6
org.apache.ratis.protocol.TimeoutIOException: deadline exceeded after 2997996585ns
	at org.apache.ratis.grpc.GrpcUtil.tryUnwrapException(GrpcUtil.java:82)
	at org.apache.ratis.grpc.GrpcUtil.unwrapException(GrpcUtil.java:75)
	at org.apache.ratis.grpc.client.GrpcClientProtocolClient.blockingCall(GrpcClientProtocolClient.java:169)
	at org.apache.ratis.grpc.client.GrpcClientProtocolClient.groupAdd(GrpcClientProtocolClient.java:138)
	at org.apache.ratis.grpc.client.GrpcClientRpc.sendRequest(GrpcClientRpc.java:94)
	at org.apache.ratis.client.impl.RaftClientImpl.sendRequest(RaftClientImpl.java:279)
	at org.apache.ratis.client.impl.RaftClientImpl.groupAdd(RaftClientImpl.java:206)
	at org.apache.hadoop.hdds.scm.pipeline.RatisPipelineProvider.lambda$initializePipeline$4(RatisPipelineProvider.java:194)
	at org.apache.hadoop.hdds.scm.pipeline.RatisPipelineProvider.lambda$null$5(RatisPipelineProvider.java:231)
	at java.util.stream.ForEachOps$ForEachOp$OfRef.accept(ForEachOps.java:184)
	at java.util.ArrayList$ArrayListSpliterator.forEachRemaining(ArrayList.java:1382)
	at java.util.stream.AbstractPipeline.copyInto(AbstractPipeline.java:482)
	at java.util.stream.ForEachOps$ForEachTask.compute(ForEachOps.java:291)
	at java.util.concurrent.CountedCompleter.exec(CountedCompleter.java:731)
	at java.util.concurrent.ForkJoinTask.doExec(ForkJoinTask.java:289)
	at java.util.concurrent.ForkJoinPool$WorkQueue.runTask(ForkJoinPool.java:1056)
	at java.util.concurrent.ForkJoinPool.runWorker(ForkJoinPool.java:1692)
	at java.util.concurrent.ForkJoinWorkerThread.run(ForkJoinWorkerThread.java:157)
Caused by: org.apache.ratis.thirdparty.io.grpc.StatusRuntimeException: DEADLINE_EXCEEDED: deadline exceeded after 2997996585ns
	at org.apache.ratis.thirdparty.io.grpc.stub.ClientCalls.toStatusRuntimeException(ClientCalls.java:233)
	at org.apache.ratis.thirdparty.io.grpc.stub.ClientCalls.getUnchecked(ClientCalls.java:214)
	at org.apache.ratis.thirdparty.io.grpc.stub.ClientCalls.blockingUnaryCall(ClientCalls.java:139)
	at org.apache.ratis.proto.grpc.AdminProtocolServiceGrpc$AdminProtocolServiceBlockingStub.groupManagement(AdminProtocolServiceGrpc.java:274)
	at org.apache.ratis.grpc.client.GrpcClientProtocolClient.lambda$groupAdd$3(GrpcClientProtocolClient.java:140)
	at org.apache.ratis.grpc.client.GrpcClientProtocolClient.blockingCall(GrpcClientProtocolClient.java:167)
	... 15 more
2019-08-29 08:18:12,755 [RATISCREATEPIPELINE3] ERROR pipeline.RatisPipelineProvider (RatisPipelineProvider.java:lambda$null$5(235)) - Failed invoke Ratis rpc org.apache.hadoop.hdds.scm.pipeline.RatisPipelineProvider$$Lambda$171/510276410@4bb52046 for 9b2222ce-dbb0-4da1-b31a-a52ba00795b8
org.apache.ratis.protocol.TimeoutIOException: deadline exceeded after 2997996620ns
	at org.apache.ratis.grpc.GrpcUtil.tryUnwrapException(GrpcUtil.java:82)
	at org.apache.ratis.grpc.GrpcUtil.unwrapException(GrpcUtil.java:75)
	at org.apache.ratis.grpc.client.GrpcClientProtocolClient.blockingCall(GrpcClientProtocolClient.java:169)
	at org.apache.ratis.grpc.client.GrpcClientProtocolClient.groupAdd(GrpcClientProtocolClient.java:138)
	at org.apache.ratis.grpc.client.GrpcClientRpc.sendRequest(GrpcClientRpc.java:94)
	at org.apache.ratis.client.impl.RaftClientImpl.sendRequest(RaftClientImpl.java:279)
	at org.apache.ratis.client.impl.RaftClientImpl.groupAdd(RaftClientImpl.java:206)
	at org.apache.hadoop.hdds.scm.pipeline.RatisPipelineProvider.lambda$initializePipeline$4(RatisPipelineProvider.java:194)
	at org.apache.hadoop.hdds.scm.pipeline.RatisPipelineProvider.lambda$null$5(RatisPipelineProvider.java:231)
	at java.util.stream.ForEachOps$ForEachOp$OfRef.accept(ForEachOps.java:184)
	at java.util.ArrayList$ArrayListSpliterator.forEachRemaining(ArrayList.java:1382)
	at java.util.stream.AbstractPipeline.copyInto(AbstractPipeline.java:482)
	at java.util.stream.ForEachOps$ForEachTask.compute(ForEachOps.java:291)
	at java.util.concurrent.CountedCompleter.exec(CountedCompleter.java:731)
	at java.util.concurrent.ForkJoinTask.doExec(ForkJoinTask.java:289)
	at java.util.concurrent.ForkJoinPool$WorkQueue.runTask(ForkJoinPool.java:1056)
	at java.util.concurrent.ForkJoinPool.runWorker(ForkJoinPool.java:1692)
	at java.util.concurrent.ForkJoinWorkerThread.run(ForkJoinWorkerThread.java:157)
Caused by: org.apache.ratis.thirdparty.io.grpc.StatusRuntimeException: DEADLINE_EXCEEDED: deadline exceeded after 2997996620ns
	at org.apache.ratis.thirdparty.io.grpc.stub.ClientCalls.toStatusRuntimeException(ClientCalls.java:233)
	at org.apache.ratis.thirdparty.io.grpc.stub.ClientCalls.getUnchecked(ClientCalls.java:214)
	at org.apache.ratis.thirdparty.io.grpc.stub.ClientCalls.blockingUnaryCall(ClientCalls.java:139)
	at org.apache.ratis.proto.grpc.AdminProtocolServiceGrpc$AdminProtocolServiceBlockingStub.groupManagement(AdminProtocolServiceGrpc.java:274)
	at org.apache.ratis.grpc.client.GrpcClientProtocolClient.lambda$groupAdd$3(GrpcClientProtocolClient.java:140)
	at org.apache.ratis.grpc.client.GrpcClientProtocolClient.blockingCall(GrpcClientProtocolClient.java:167)
	... 15 more
2019-08-29 08:18:12,759 [IPC Server handler 15 on 42726] WARN  block.BlockManagerImpl (BlockManagerImpl.java:allocateBlock(192)) - Pipeline creation failed for type:RATIS factor:THREE. Retrying get pipelines call once.
org.apache.hadoop.io.MultipleIOException: 3 exceptions [java.io.IOException: Failed invoke Ratis rpc org.apache.hadoop.hdds.scm.pipeline.RatisPipelineProvider$$Lambda$171/510276410@4bb52046 for dd9a91c5-5c4b-4478-b7f7-3956f198c950, java.io.IOException: Failed invoke Ratis rpc org.apache.hadoop.hdds.scm.pipeline.RatisPipelineProvider$$Lambda$171/510276410@4bb52046 for 14879765-9127-45ba-89de-04712631aaf6, java.io.IOException: Failed invoke Ratis rpc org.apache.hadoop.hdds.scm.pipeline.RatisPipelineProvider$$Lambda$171/510276410@4bb52046 for 9b2222ce-dbb0-4da1-b31a-a52ba00795b8]
	at org.apache.hadoop.io.MultipleIOException.createIOException(MultipleIOException.java:53)
	at org.apache.hadoop.hdds.scm.pipeline.RatisPipelineProvider.callRatisRpc(RatisPipelineProvider.java:251)
	at org.apache.hadoop.hdds.scm.pipeline.RatisPipelineProvider.initializePipeline(RatisPipelineProvider.java:192)
	at org.apache.hadoop.hdds.scm.pipeline.RatisPipelineProvider.create(RatisPipelineProvider.java:161)
	at org.apache.hadoop.hdds.scm.pipeline.PipelineFactory.create(PipelineFactory.java:57)
	at org.apache.hadoop.hdds.scm.pipeline.SCMPipelineManager.createPipeline(SCMPipelineManager.java:149)
	at org.apache.hadoop.hdds.scm.block.BlockManagerImpl.allocateBlock(BlockManagerImpl.java:190)
	at org.apache.hadoop.hdds.scm.server.SCMBlockProtocolServer.allocateBlock(SCMBlockProtocolServer.java:175)
	at org.apache.hadoop.ozone.protocolPB.ScmBlockLocationProtocolServerSideTranslatorPB.allocateScmBlock(ScmBlockLocationProtocolServerSideTranslatorPB.java:153)
	at org.apache.hadoop.ozone.protocolPB.ScmBlockLocationProtocolServerSideTranslatorPB.send(ScmBlockLocationProtocolServerSideTranslatorPB.java:112)
	at org.apache.hadoop.hdds.protocol.proto.ScmBlockLocationProtocolProtos$ScmBlockLocationProtocolService$2.callBlockingMethod(ScmBlockLocationProtocolProtos.java:13157)
	at org.apache.hadoop.ipc.ProtobufRpcEngine$Server$ProtoBufRpcInvoker.call(ProtobufRpcEngine.java:524)
	at org.apache.hadoop.ipc.RPC$Server.call(RPC.java:1025)
	at org.apache.hadoop.ipc.Server$RpcCall.run(Server.java:876)
	at org.apache.hadoop.ipc.Server$RpcCall.run(Server.java:822)
	at java.security.AccessController.doPrivileged(Native Method)
	at javax.security.auth.Subject.doAs(Subject.java:422)
	at org.apache.hadoop.security.UserGroupInformation.doAs(UserGroupInformation.java:1730)
	at org.apache.hadoop.ipc.Server$Handler.run(Server.java:2682)
2019-08-29 08:18:12,760 [IPC Server handler 15 on 42726] INFO  block.BlockManagerImpl (BlockManagerImpl.java:allocateBlock(198)) - Could not find available pipeline of type:RATIS and factor:THREE even after retrying
2019-08-29 08:18:12,760 [IPC Server handler 15 on 42726] ERROR block.BlockManagerImpl (BlockManagerImpl.java:allocateBlock(222)) - Unable to allocate a block for the size: 4194304, type: RATIS, factor: THREE
2019-08-29 08:18:12,760 | INFO  | SCMAudit | user=jenkins1000 | ip=192.168.34.54 | op=ALLOCATE_BLOCK {owner=b907be6b-be72-4542-91af-def5b892d723, size=4194304, type=RATIS, factor=THREE} | ret=SUCCESS |  
2019-08-29 08:18:12,761 | ERROR | OMAudit | user=jenkins1000 | ip=127.0.0.1 | op=ALLOCATE_KEY {volume=closecontainerexceptionhandlingtest, bucket=closecontainerexceptionhandlingtest, key=297a9cc0-84de-4305-8318-a83fde7cdd9f, dataSize=0, replicationType=RATIS, replicationFactor=THREE, keyLocationInfo=null} | ret=FAILURE | org.apache.hadoop.hdds.scm.exceptions.SCMException: Allocated 0 blocks. Requested 1 blocks
	at org.apache.hadoop.hdds.scm.protocolPB.ScmBlockLocationProtocolClientSideTranslatorPB.handleError(ScmBlockLocationProtocolClientSideTranslatorPB.java:118)
	at org.apache.hadoop.hdds.scm.protocolPB.ScmBlockLocationProtocolClientSideTranslatorPB.allocateBlock(ScmBlockLocationProtocolClientSideTranslatorPB.java:156) 
]]></system-out>
  </testcase>
  <testcase name="testMultiBlockWrites2" classname="org.apache.hadoop.ozone.client.rpc.TestCloseContainerHandlingByClient" time="5.948">
    <error message="Allocated 0 blocks. Requested 2 blocks" type="INTERNAL_ERROR org.apache.hadoop.ozone.om.exceptions.OMException">INTERNAL_ERROR org.apache.hadoop.ozone.om.exceptions.OMException: Allocated 0 blocks. Requested 2 blocks
	at org.apache.hadoop.ozone.om.protocolPB.OzoneManagerProtocolClientSideTranslatorPB.handleError(OzoneManagerProtocolClientSideTranslatorPB.java:725)
	at org.apache.hadoop.ozone.om.protocolPB.OzoneManagerProtocolClientSideTranslatorPB.openKey(OzoneManagerProtocolClientSideTranslatorPB.java:716)
	at org.apache.hadoop.ozone.client.rpc.RpcClient.createKey(RpcClient.java:615)
	at org.apache.hadoop.ozone.client.OzoneBucket.createKey(OzoneBucket.java:323)
	at org.apache.hadoop.ozone.container.ContainerTestHelper.createKey(ContainerTestHelper.java:694)
	at org.apache.hadoop.ozone.client.rpc.TestCloseContainerHandlingByClient.createKey(TestCloseContainerHandlingByClient.java:396)
	at org.apache.hadoop.ozone.client.rpc.TestCloseContainerHandlingByClient.testMultiBlockWrites2(TestCloseContainerHandlingByClient.java:233)
	at sun.reflect.NativeMethodAccessorImpl.invoke0(Native Method)
	at sun.reflect.NativeMethodAccessorImpl.invoke(NativeMethodAccessorImpl.java:62)
	at sun.reflect.DelegatingMethodAccessorImpl.invoke(DelegatingMethodAccessorImpl.java:43)
	at java.lang.reflect.Method.invoke(Method.java:498)
	at org.junit.runners.model.FrameworkMethod$1.runReflectiveCall(FrameworkMethod.java:47)
	at org.junit.internal.runners.model.ReflectiveCallable.run(ReflectiveCallable.java:12)
	at org.junit.runners.model.FrameworkMethod.invokeExplosively(FrameworkMethod.java:44)
	at org.junit.internal.runners.statements.InvokeMethod.evaluate(InvokeMethod.java:17)
	at org.junit.runners.ParentRunner.runLeaf(ParentRunner.java:271)
	at org.junit.runners.BlockJUnit4ClassRunner.runChild(BlockJUnit4ClassRunner.java:70)
	at org.junit.runners.BlockJUnit4ClassRunner.runChild(BlockJUnit4ClassRunner.java:50)
	at org.junit.runners.ParentRunner$3.run(ParentRunner.java:238)
	at org.junit.runners.ParentRunner$1.schedule(ParentRunner.java:63)
	at org.junit.runners.ParentRunner.runChildren(ParentRunner.java:236)
	at org.junit.runners.ParentRunner.access$000(ParentRunner.java:53)
	at org.junit.runners.ParentRunner$2.evaluate(ParentRunner.java:229)
	at org.junit.internal.runners.statements.RunBefores.evaluate(RunBefores.java:26)
	at org.junit.internal.runners.statements.RunAfters.evaluate(RunAfters.java:27)
	at org.junit.runners.ParentRunner.run(ParentRunner.java:309)
	at org.apache.maven.surefire.junit4.JUnit4Provider.execute(JUnit4Provider.java:365)
	at org.apache.maven.surefire.junit4.JUnit4Provider.executeWithRerun(JUnit4Provider.java:273)
	at org.apache.maven.surefire.junit4.JUnit4Provider.executeTestSet(JUnit4Provider.java:238)
	at org.apache.maven.surefire.junit4.JUnit4Provider.invoke(JUnit4Provider.java:159)
	at org.apache.maven.surefire.booter.ForkedBooter.invokeProviderInSameClassLoader(ForkedBooter.java:384)
	at org.apache.maven.surefire.booter.ForkedBooter.runSuitesInProcess(ForkedBooter.java:345)
	at org.apache.maven.surefire.booter.ForkedBooter.execute(ForkedBooter.java:126)
	at org.apache.maven.surefire.booter.ForkedBooter.main(ForkedBooter.java:418)
</error>
    <system-out><![CDATA[2019-08-29 08:18:12,767 | INFO  | OMAudit | user=jenkins1000 | ip=127.0.0.1 | op=READ_VOLUME {volume=closecontainerexceptionhandlingtest} | ret=SUCCESS |  
2019-08-29 08:18:12,769 | INFO  | OMAudit | user=jenkins1000 | ip=127.0.0.1 | op=READ_BUCKET {volume=closecontainerexceptionhandlingtest, bucket=closecontainerexceptionhandlingtest} | ret=SUCCESS |  
2019-08-29 08:18:12,798 [grpc-default-executor-4] INFO  impl.RaftServerProxy (RaftServerProxy.java:addNew(89)) - 9b2222ce-dbb0-4da1-b31a-a52ba00795b8: addNew group-265B3718A09F:[9b2222ce-dbb0-4da1-b31a-a52ba00795b8:192.168.34.54:34658, dd9a91c5-5c4b-4478-b7f7-3956f198c950:192.168.34.54:35600, 14879765-9127-45ba-89de-04712631aaf6:192.168.34.54:41705] returns group-265B3718A09F:java.util.concurrent.CompletableFuture@10cbecb1[Not completed]
2019-08-29 08:18:12,799 [grpc-default-executor-0] INFO  impl.RaftServerProxy (RaftServerProxy.java:addNew(89)) - dd9a91c5-5c4b-4478-b7f7-3956f198c950: addNew group-265B3718A09F:[9b2222ce-dbb0-4da1-b31a-a52ba00795b8:192.168.34.54:34658, dd9a91c5-5c4b-4478-b7f7-3956f198c950:192.168.34.54:35600, 14879765-9127-45ba-89de-04712631aaf6:192.168.34.54:41705] returns group-265B3718A09F:java.util.concurrent.CompletableFuture@75bb1ff3[Not completed]
2019-08-29 08:18:12,799 [grpc-default-executor-4] INFO  impl.RaftServerProxy (RaftServerProxy.java:addNew(89)) - 14879765-9127-45ba-89de-04712631aaf6: addNew group-265B3718A09F:[9b2222ce-dbb0-4da1-b31a-a52ba00795b8:192.168.34.54:34658, dd9a91c5-5c4b-4478-b7f7-3956f198c950:192.168.34.54:35600, 14879765-9127-45ba-89de-04712631aaf6:192.168.34.54:41705] returns group-265B3718A09F:java.util.concurrent.CompletableFuture@14f46a70[Not completed]
2019-08-29 08:18:12,821 | INFO  | SCMAudit | user=jenkins1000 | ip=192.168.34.54 | op=SEND_HEARTBEAT {datanodeUUID=14879765-9127-45ba-89de-04712631aaf6, command=[]} | ret=SUCCESS |  
2019-08-29 08:18:12,873 | INFO  | SCMAudit | user=jenkins1000 | ip=192.168.34.54 | op=SEND_HEARTBEAT {datanodeUUID=dd9a91c5-5c4b-4478-b7f7-3956f198c950, command=[]} | ret=SUCCESS |  
2019-08-29 08:18:13,089 | INFO  | SCMAudit | user=jenkins1000 | ip=192.168.34.54 | op=SEND_HEARTBEAT {datanodeUUID=84674177-5820-4a0b-9345-463c27e4b0c8, command=[]} | ret=SUCCESS |  
2019-08-29 08:18:13,121 | INFO  | SCMAudit | user=jenkins1000 | ip=192.168.34.54 | op=SEND_HEARTBEAT {datanodeUUID=62fbaf2b-c9dd-41a4-90d2-fdfdf099a3b1, command=[]} | ret=SUCCESS |  
2019-08-29 08:18:13,156 [pool-93-thread-1] INFO  storage.RaftStorage (RaftStorage.java:format(72)) - Storage directory /workdir/hadoop-ozone/integration-test/target/test-dir/MiniOzoneClusterImpl-ef39a000-56f8-499f-ba54-08500adcb141/datanode-6/data/ratis/69ca6f74-3e56-4090-9310-97af3ac212a7 has been successfully formatted.
2019-08-29 08:18:13,156 [pool-49-thread-1] INFO  storage.RaftStorage (RaftStorage.java:format(72)) - Storage directory /workdir/hadoop-ozone/integration-test/target/test-dir/MiniOzoneClusterImpl-ef39a000-56f8-499f-ba54-08500adcb141/datanode-2/data/ratis/7b3a2503-82fa-46bd-b444-29aa9db7490e has been successfully formatted.
2019-08-29 08:18:13,156 [pool-60-thread-1] INFO  storage.RaftStorage (RaftStorage.java:format(72)) - Storage directory /workdir/hadoop-ozone/integration-test/target/test-dir/MiniOzoneClusterImpl-ef39a000-56f8-499f-ba54-08500adcb141/datanode-3/data/ratis/7b3a2503-82fa-46bd-b444-29aa9db7490e has been successfully formatted.
2019-08-29 08:18:13,156 [pool-93-thread-1] INFO  ratis.ContainerStateMachine (ContainerStateMachine.java:loadSnapshot(226)) - group-97AF3AC212A7: The snapshot info is null. Setting the last applied indexto:(t:0, i:~)
2019-08-29 08:18:13,156 [pool-49-thread-1] INFO  ratis.ContainerStateMachine (ContainerStateMachine.java:loadSnapshot(226)) - group-29AA9DB7490E: The snapshot info is null. Setting the last applied indexto:(t:0, i:~)
2019-08-29 08:18:13,157 [pool-93-thread-1] INFO  server.RaftServerConfigKeys (ConfUtils.java:logGet(43)) - raft.server.leader.election.timeout = 120s (custom)
2019-08-29 08:18:13,157 [pool-60-thread-1] INFO  ratis.ContainerStateMachine (ContainerStateMachine.java:loadSnapshot(226)) - group-29AA9DB7490E: The snapshot info is null. Setting the last applied indexto:(t:0, i:~)
2019-08-29 08:18:13,157 [pool-93-thread-1] INFO  server.RaftServerConfigKeys (ConfUtils.java:logGet(43)) - raft.server.log.use.memory = false (default)
2019-08-29 08:18:13,157 [pool-49-thread-1] INFO  server.RaftServerConfigKeys (ConfUtils.java:logGet(43)) - raft.server.leader.election.timeout = 120s (custom)
2019-08-29 08:18:13,157 [pool-93-thread-1] INFO  server.RaftServerConfigKeys (ConfUtils.java:logGet(43)) - raft.server.log.purge.gap = 1000000 (custom)
2019-08-29 08:18:13,157 [pool-60-thread-1] INFO  server.RaftServerConfigKeys (ConfUtils.java:logGet(43)) - raft.server.leader.election.timeout = 120s (custom)
2019-08-29 08:18:13,158 [pool-93-thread-1] INFO  server.RaftServerConfigKeys (ConfUtils.java:logGet(43)) - raft.server.log.appender.buffer.byte-limit = 33554432 (custom)
2019-08-29 08:18:13,157 [pool-49-thread-1] INFO  server.RaftServerConfigKeys (ConfUtils.java:logGet(43)) - raft.server.log.use.memory = false (default)
2019-08-29 08:18:13,158 [pool-93-thread-1] INFO  server.RaftServerConfigKeys (ConfUtils.java:logGet(43)) - raft.server.log.segment.size.max = 1048576 (custom)
2019-08-29 08:18:13,158 [pool-60-thread-1] INFO  server.RaftServerConfigKeys (ConfUtils.java:logGet(43)) - raft.server.log.use.memory = false (default)
2019-08-29 08:18:13,158 [pool-93-thread-1] INFO  server.RaftServerConfigKeys (ConfUtils.java:logGet(43)) - raft.server.log.segment.cache.num.max = 2 (custom)
2019-08-29 08:18:13,158 [pool-49-thread-1] INFO  server.RaftServerConfigKeys (ConfUtils.java:logGet(43)) - raft.server.log.purge.gap = 1000000 (custom)
2019-08-29 08:18:13,158 [pool-93-thread-1] INFO  segmented.SegmentedRaftLogWorker (SegmentedRaftLogWorker.java:<init>(172)) - new 9b2222ce-dbb0-4da1-b31a-a52ba00795b8-SegmentedRaftLogWorker:Storage Directory /workdir/hadoop-ozone/integration-test/target/test-dir/MiniOzoneClusterImpl-ef39a000-56f8-499f-ba54-08500adcb141/datanode-6/data/ratis/69ca6f74-3e56-4090-9310-97af3ac212a7 for RaftStorage:Storage Directory /workdir/hadoop-ozone/integration-test/target/test-dir/MiniOzoneClusterImpl-ef39a000-56f8-499f-ba54-08500adcb141/datanode-6/data/ratis/69ca6f74-3e56-4090-9310-97af3ac212a7
2019-08-29 08:18:13,158 [pool-60-thread-1] INFO  server.RaftServerConfigKeys (ConfUtils.java:logGet(43)) - raft.server.log.purge.gap = 1000000 (custom)
2019-08-29 08:18:13,159 [pool-93-thread-1] INFO  server.RaftServerConfigKeys (ConfUtils.java:logGet(43)) - raft.server.log.queue.byte-limit = 2147483647 (custom)
2019-08-29 08:18:13,159 [pool-49-thread-1] INFO  server.RaftServerConfigKeys (ConfUtils.java:logGet(43)) - raft.server.log.appender.buffer.byte-limit = 33554432 (custom)
2019-08-29 08:18:13,162 [pool-93-thread-1] INFO  server.RaftServerConfigKeys (ConfUtils.java:logGet(43)) - raft.server.log.queue.element-limit = 1024 (custom)
2019-08-29 08:18:13,159 [pool-60-thread-1] INFO  server.RaftServerConfigKeys (ConfUtils.java:logGet(43)) - raft.server.log.appender.buffer.byte-limit = 33554432 (custom)
2019-08-29 08:18:13,163 [pool-93-thread-1] INFO  server.RaftServerConfigKeys (ConfUtils.java:logGet(43)) - raft.server.log.segment.size.max = 1048576 (custom)
2019-08-29 08:18:13,162 [pool-49-thread-1] INFO  server.RaftServerConfigKeys (ConfUtils.java:logGet(43)) - raft.server.log.segment.size.max = 1048576 (custom)
2019-08-29 08:18:13,163 [pool-93-thread-1] INFO  server.RaftServerConfigKeys (ConfUtils.java:logGet(43)) - raft.server.log.preallocated.size = 16384 (custom)
2019-08-29 08:18:13,163 [pool-60-thread-1] INFO  server.RaftServerConfigKeys (ConfUtils.java:logGet(43)) - raft.server.log.segment.size.max = 1048576 (custom)
2019-08-29 08:18:13,163 [pool-93-thread-1] INFO  server.RaftServerConfigKeys (ConfUtils.java:logGet(43)) - raft.server.log.write.buffer.size = 33554432 (custom)
2019-08-29 08:18:13,163 [pool-49-thread-1] INFO  server.RaftServerConfigKeys (ConfUtils.java:logGet(43)) - raft.server.log.segment.cache.num.max = 2 (custom)
2019-08-29 08:18:13,164 [pool-93-thread-1] INFO  server.RaftServerConfigKeys (ConfUtils.java:logGet(43)) - raft.server.log.force.sync.num = 128 (default)
2019-08-29 08:18:13,163 [pool-60-thread-1] INFO  server.RaftServerConfigKeys (ConfUtils.java:logGet(43)) - raft.server.log.segment.cache.num.max = 2 (custom)
2019-08-29 08:18:13,164 [pool-93-thread-1] INFO  server.RaftServerConfigKeys (ConfUtils.java:logGet(43)) - raft.server.log.statemachine.data.sync = true (default)
2019-08-29 08:18:13,164 [pool-49-thread-1] INFO  segmented.SegmentedRaftLogWorker (SegmentedRaftLogWorker.java:<init>(172)) - new 14879765-9127-45ba-89de-04712631aaf6-SegmentedRaftLogWorker:Storage Directory /workdir/hadoop-ozone/integration-test/target/test-dir/MiniOzoneClusterImpl-ef39a000-56f8-499f-ba54-08500adcb141/datanode-2/data/ratis/7b3a2503-82fa-46bd-b444-29aa9db7490e for RaftStorage:Storage Directory /workdir/hadoop-ozone/integration-test/target/test-dir/MiniOzoneClusterImpl-ef39a000-56f8-499f-ba54-08500adcb141/datanode-2/data/ratis/7b3a2503-82fa-46bd-b444-29aa9db7490e
2019-08-29 08:18:13,164 [pool-93-thread-1] INFO  server.RaftServerConfigKeys (ConfUtils.java:logGet(43)) - raft.server.log.statemachine.data.sync.timeout = 10s (default)
2019-08-29 08:18:13,164 [pool-60-thread-1] INFO  segmented.SegmentedRaftLogWorker (SegmentedRaftLogWorker.java:<init>(172)) - new dd9a91c5-5c4b-4478-b7f7-3956f198c950-SegmentedRaftLogWorker:Storage Directory /workdir/hadoop-ozone/integration-test/target/test-dir/MiniOzoneClusterImpl-ef39a000-56f8-499f-ba54-08500adcb141/datanode-3/data/ratis/7b3a2503-82fa-46bd-b444-29aa9db7490e for RaftStorage:Storage Directory /workdir/hadoop-ozone/integration-test/target/test-dir/MiniOzoneClusterImpl-ef39a000-56f8-499f-ba54-08500adcb141/datanode-3/data/ratis/7b3a2503-82fa-46bd-b444-29aa9db7490e
2019-08-29 08:18:13,165 [pool-93-thread-1] INFO  server.RaftServerConfigKeys (ConfUtils.java:logGet(43)) - raft.server.log.statemachine.data.sync.timeout.retry = -1 (default)
2019-08-29 08:18:13,164 [pool-49-thread-1] INFO  server.RaftServerConfigKeys (ConfUtils.java:logGet(43)) - raft.server.log.queue.byte-limit = 2147483647 (custom)
2019-08-29 08:18:13,168 [pool-93-thread-1] INFO  server.RaftServerConfigKeys (ConfUtils.java:logGet(43)) - raft.server.log.statemachine.data.caching.enabled = true (custom)
2019-08-29 08:18:13,167 [pool-60-thread-1] INFO  server.RaftServerConfigKeys (ConfUtils.java:logGet(43)) - raft.server.log.queue.byte-limit = 2147483647 (custom)
2019-08-29 08:18:13,168 [pool-49-thread-1] INFO  server.RaftServerConfigKeys (ConfUtils.java:logGet(43)) - raft.server.log.queue.element-limit = 1024 (custom)
2019-08-29 08:18:13,169 [pool-60-thread-1] INFO  server.RaftServerConfigKeys (ConfUtils.java:logGet(43)) - raft.server.log.queue.element-limit = 1024 (custom)
2019-08-29 08:18:13,169 [pool-93-thread-1] INFO  segmented.SegmentedRaftLogWorker (SegmentedRaftLogWorker.java:lambda$new$0(132)) - 9b2222ce-dbb0-4da1-b31a-a52ba00795b8-SegmentedRaftLogWorker:Storage Directory /workdir/hadoop-ozone/integration-test/target/test-dir/MiniOzoneClusterImpl-ef39a000-56f8-499f-ba54-08500adcb141/datanode-6/data/ratis/69ca6f74-3e56-4090-9310-97af3ac212a7: flushIndex: setUnconditionally 0 -> -1
2019-08-29 08:18:13,169 [pool-60-thread-1] INFO  server.RaftServerConfigKeys (ConfUtils.java:logGet(43)) - raft.server.log.segment.size.max = 1048576 (custom)
2019-08-29 08:18:13,169 [pool-49-thread-1] INFO  server.RaftServerConfigKeys (ConfUtils.java:logGet(43)) - raft.server.log.segment.size.max = 1048576 (custom)
2019-08-29 08:18:13,169 [pool-93-thread-1] INFO  server.RaftServerConfigKeys (ConfUtils.java:logGet(43)) - raft.server.snapshot.auto.trigger.enabled = true (custom)
2019-08-29 08:18:13,169 [pool-60-thread-1] INFO  server.RaftServerConfigKeys (ConfUtils.java:logGet(43)) - raft.server.log.preallocated.size = 16384 (custom)
2019-08-29 08:18:13,170 [pool-93-thread-1] INFO  server.RaftServerConfigKeys (ConfUtils.java:logGet(43)) - raft.server.snapshot.auto.trigger.threshold = 10000 (custom)
2019-08-29 08:18:13,169 [pool-49-thread-1] INFO  server.RaftServerConfigKeys (ConfUtils.java:logGet(43)) - raft.server.log.preallocated.size = 16384 (custom)
2019-08-29 08:18:13,170 [pool-93-thread-1] INFO  server.RaftServerConfigKeys (ConfUtils.java:logGet(43)) - raft.server.retrycache.expirytime = 600000ms (custom)
2019-08-29 08:18:13,170 [pool-60-thread-1] INFO  server.RaftServerConfigKeys (ConfUtils.java:logGet(43)) - raft.server.log.write.buffer.size = 33554432 (custom)
2019-08-29 08:18:13,170 [pool-49-thread-1] INFO  server.RaftServerConfigKeys (ConfUtils.java:logGet(43)) - raft.server.log.write.buffer.size = 33554432 (custom)
2019-08-29 08:18:13,170 [pool-60-thread-1] INFO  server.RaftServerConfigKeys (ConfUtils.java:logGet(43)) - raft.server.log.force.sync.num = 128 (default)
2019-08-29 08:18:13,170 [pool-49-thread-1] INFO  server.RaftServerConfigKeys (ConfUtils.java:logGet(43)) - raft.server.log.force.sync.num = 128 (default)
2019-08-29 08:18:13,171 [pool-60-thread-1] INFO  server.RaftServerConfigKeys (ConfUtils.java:logGet(43)) - raft.server.log.statemachine.data.sync = true (default)
2019-08-29 08:18:13,171 [pool-49-thread-1] INFO  server.RaftServerConfigKeys (ConfUtils.java:logGet(43)) - raft.server.log.statemachine.data.sync = true (default)
2019-08-29 08:18:13,171 [pool-60-thread-1] INFO  server.RaftServerConfigKeys (ConfUtils.java:logGet(43)) - raft.server.log.statemachine.data.sync.timeout = 10s (default)
2019-08-29 08:18:13,171 [pool-49-thread-1] INFO  server.RaftServerConfigKeys (ConfUtils.java:logGet(43)) - raft.server.log.statemachine.data.sync.timeout = 10s (default)
2019-08-29 08:18:13,171 [pool-60-thread-1] INFO  server.RaftServerConfigKeys (ConfUtils.java:logGet(43)) - raft.server.log.statemachine.data.sync.timeout.retry = -1 (default)
2019-08-29 08:18:13,171 [pool-49-thread-1] INFO  server.RaftServerConfigKeys (ConfUtils.java:logGet(43)) - raft.server.log.statemachine.data.sync.timeout.retry = -1 (default)
2019-08-29 08:18:13,171 [pool-60-thread-1] INFO  server.RaftServerConfigKeys (ConfUtils.java:logGet(43)) - raft.server.log.statemachine.data.caching.enabled = true (custom)
2019-08-29 08:18:13,171 [pool-49-thread-1] INFO  server.RaftServerConfigKeys (ConfUtils.java:logGet(43)) - raft.server.log.statemachine.data.caching.enabled = true (custom)
2019-08-29 08:18:13,172 [pool-60-thread-1] INFO  segmented.SegmentedRaftLogWorker (SegmentedRaftLogWorker.java:lambda$new$0(132)) - dd9a91c5-5c4b-4478-b7f7-3956f198c950-SegmentedRaftLogWorker:Storage Directory /workdir/hadoop-ozone/integration-test/target/test-dir/MiniOzoneClusterImpl-ef39a000-56f8-499f-ba54-08500adcb141/datanode-3/data/ratis/7b3a2503-82fa-46bd-b444-29aa9db7490e: flushIndex: setUnconditionally 0 -> -1
2019-08-29 08:18:13,172 [pool-49-thread-1] INFO  segmented.SegmentedRaftLogWorker (SegmentedRaftLogWorker.java:lambda$new$0(132)) - 14879765-9127-45ba-89de-04712631aaf6-SegmentedRaftLogWorker:Storage Directory /workdir/hadoop-ozone/integration-test/target/test-dir/MiniOzoneClusterImpl-ef39a000-56f8-499f-ba54-08500adcb141/datanode-2/data/ratis/7b3a2503-82fa-46bd-b444-29aa9db7490e: flushIndex: setUnconditionally 0 -> -1
2019-08-29 08:18:13,172 [pool-60-thread-1] INFO  server.RaftServerConfigKeys (ConfUtils.java:logGet(43)) - raft.server.snapshot.auto.trigger.enabled = true (custom)
2019-08-29 08:18:13,172 [pool-49-thread-1] INFO  server.RaftServerConfigKeys (ConfUtils.java:logGet(43)) - raft.server.snapshot.auto.trigger.enabled = true (custom)
2019-08-29 08:18:13,172 [pool-60-thread-1] INFO  server.RaftServerConfigKeys (ConfUtils.java:logGet(43)) - raft.server.snapshot.auto.trigger.threshold = 10000 (custom)
2019-08-29 08:18:13,172 [pool-49-thread-1] INFO  server.RaftServerConfigKeys (ConfUtils.java:logGet(43)) - raft.server.snapshot.auto.trigger.threshold = 10000 (custom)
2019-08-29 08:18:13,173 [pool-60-thread-1] INFO  server.RaftServerConfigKeys (ConfUtils.java:logGet(43)) - raft.server.retrycache.expirytime = 600000ms (custom)
2019-08-29 08:18:13,173 [pool-49-thread-1] INFO  server.RaftServerConfigKeys (ConfUtils.java:logGet(43)) - raft.server.retrycache.expirytime = 600000ms (custom)
2019-08-29 08:18:13,173 [pool-93-thread-1] INFO  impl.RaftServerImpl (RaftServerImpl.java:<init>(93)) - 9b2222ce-dbb0-4da1-b31a-a52ba00795b8: new RaftServerImpl for group-29AA9DB7490E:[9b2222ce-dbb0-4da1-b31a-a52ba00795b8:192.168.34.54:34658, dd9a91c5-5c4b-4478-b7f7-3956f198c950:192.168.34.54:35600, 14879765-9127-45ba-89de-04712631aaf6:192.168.34.54:41705] with ContainerStateMachine:uninitialized
2019-08-29 08:18:13,173 [pool-93-thread-1] INFO  server.RaftServerConfigKeys (ConfUtils.java:logGet(43)) - raft.server.rpc.timeout.min = 5s (custom)
2019-08-29 08:18:13,173 [pool-93-thread-1] INFO  server.RaftServerConfigKeys (ConfUtils.java:logGet(43)) - raft.server.rpc.timeout.max = 5200ms (custom)
2019-08-29 08:18:13,173 [pool-93-thread-1] INFO  server.RaftServerConfigKeys (ConfUtils.java:logGet(43)) - raft.server.rpcslowness.timeout = 120s (custom)
2019-08-29 08:18:13,174 [pool-93-thread-1] INFO  server.RaftServerConfigKeys (ConfUtils.java:logGet(43)) - raft.server.sleep.deviation.threshold = 300 (default)
2019-08-29 08:18:13,174 [pool-93-thread-1] INFO  server.RaftServerConfigKeys (ConfUtils.java:logGet(43)) - raft.server.log.appender.install.snapshot.enabled = false (custom)
2019-08-29 08:18:13,174 [pool-93-thread-1] INFO  impl.RaftServerImpl (ServerState.java:<init>(105)) - 9b2222ce-dbb0-4da1-b31a-a52ba00795b8:group-29AA9DB7490E ConfigurationManager, init=-1: [9b2222ce-dbb0-4da1-b31a-a52ba00795b8:192.168.34.54:34658, dd9a91c5-5c4b-4478-b7f7-3956f198c950:192.168.34.54:35600, 14879765-9127-45ba-89de-04712631aaf6:192.168.34.54:41705], old=null, confs=<EMPTY_MAP>
2019-08-29 08:18:13,174 [pool-93-thread-1] INFO  server.RaftServerConfigKeys (ConfUtils.java:logGet(43)) - raft.server.storage.dir = [/workdir/hadoop-ozone/integration-test/target/test-dir/MiniOzoneClusterImpl-ef39a000-56f8-499f-ba54-08500adcb141/datanode-6/data/ratis] (custom)
2019-08-29 08:18:13,174 [pool-93-thread-1] INFO  storage.RaftStorageDirectory (RaftStorageDirectory.java:analyzeStorage(246)) - The storage directory /workdir/hadoop-ozone/integration-test/target/test-dir/MiniOzoneClusterImpl-ef39a000-56f8-499f-ba54-08500adcb141/datanode-6/data/ratis/7b3a2503-82fa-46bd-b444-29aa9db7490e does not exist. Creating ...
2019-08-29 08:18:13,175 [pool-60-thread-1] INFO  impl.RaftServerImpl (RaftServerImpl.java:<init>(93)) - dd9a91c5-5c4b-4478-b7f7-3956f198c950: new RaftServerImpl for group-F4E1730B74EE:[9b2222ce-dbb0-4da1-b31a-a52ba00795b8:192.168.34.54:34658, dd9a91c5-5c4b-4478-b7f7-3956f198c950:192.168.34.54:35600, 14879765-9127-45ba-89de-04712631aaf6:192.168.34.54:41705] with ContainerStateMachine:uninitialized
2019-08-29 08:18:13,175 [pool-60-thread-1] INFO  server.RaftServerConfigKeys (ConfUtils.java:logGet(43)) - raft.server.rpc.timeout.min = 5s (custom)
2019-08-29 08:18:13,175 [pool-60-thread-1] INFO  server.RaftServerConfigKeys (ConfUtils.java:logGet(43)) - raft.server.rpc.timeout.max = 5200ms (custom)
2019-08-29 08:18:13,175 [pool-60-thread-1] INFO  server.RaftServerConfigKeys (ConfUtils.java:logGet(43)) - raft.server.rpcslowness.timeout = 120s (custom)
2019-08-29 08:18:13,176 [pool-49-thread-1] INFO  impl.RaftServerImpl (RaftServerImpl.java:<init>(93)) - 14879765-9127-45ba-89de-04712631aaf6: new RaftServerImpl for group-F4E1730B74EE:[9b2222ce-dbb0-4da1-b31a-a52ba00795b8:192.168.34.54:34658, dd9a91c5-5c4b-4478-b7f7-3956f198c950:192.168.34.54:35600, 14879765-9127-45ba-89de-04712631aaf6:192.168.34.54:41705] with ContainerStateMachine:uninitialized
2019-08-29 08:18:13,176 [pool-60-thread-1] INFO  server.RaftServerConfigKeys (ConfUtils.java:logGet(43)) - raft.server.sleep.deviation.threshold = 300 (default)
2019-08-29 08:18:13,176 [pool-49-thread-1] INFO  server.RaftServerConfigKeys (ConfUtils.java:logGet(43)) - raft.server.rpc.timeout.min = 5s (custom)
2019-08-29 08:18:13,176 [pool-60-thread-1] INFO  server.RaftServerConfigKeys (ConfUtils.java:logGet(43)) - raft.server.log.appender.install.snapshot.enabled = false (custom)
2019-08-29 08:18:13,176 [pool-49-thread-1] INFO  server.RaftServerConfigKeys (ConfUtils.java:logGet(43)) - raft.server.rpc.timeout.max = 5200ms (custom)
2019-08-29 08:18:13,176 [pool-60-thread-1] INFO  impl.RaftServerImpl (ServerState.java:<init>(105)) - dd9a91c5-5c4b-4478-b7f7-3956f198c950:group-F4E1730B74EE ConfigurationManager, init=-1: [9b2222ce-dbb0-4da1-b31a-a52ba00795b8:192.168.34.54:34658, dd9a91c5-5c4b-4478-b7f7-3956f198c950:192.168.34.54:35600, 14879765-9127-45ba-89de-04712631aaf6:192.168.34.54:41705], old=null, confs=<EMPTY_MAP>
2019-08-29 08:18:13,176 [pool-49-thread-1] INFO  server.RaftServerConfigKeys (ConfUtils.java:logGet(43)) - raft.server.rpcslowness.timeout = 120s (custom)
2019-08-29 08:18:13,176 [pool-60-thread-1] INFO  server.RaftServerConfigKeys (ConfUtils.java:logGet(43)) - raft.server.storage.dir = [/workdir/hadoop-ozone/integration-test/target/test-dir/MiniOzoneClusterImpl-ef39a000-56f8-499f-ba54-08500adcb141/datanode-3/data/ratis] (custom)
2019-08-29 08:18:13,176 [pool-49-thread-1] INFO  server.RaftServerConfigKeys (ConfUtils.java:logGet(43)) - raft.server.sleep.deviation.threshold = 300 (default)
2019-08-29 08:18:13,177 [pool-49-thread-1] INFO  server.RaftServerConfigKeys (ConfUtils.java:logGet(43)) - raft.server.log.appender.install.snapshot.enabled = false (custom)
2019-08-29 08:18:13,177 [pool-49-thread-1] INFO  impl.RaftServerImpl (ServerState.java:<init>(105)) - 14879765-9127-45ba-89de-04712631aaf6:group-F4E1730B74EE ConfigurationManager, init=-1: [9b2222ce-dbb0-4da1-b31a-a52ba00795b8:192.168.34.54:34658, dd9a91c5-5c4b-4478-b7f7-3956f198c950:192.168.34.54:35600, 14879765-9127-45ba-89de-04712631aaf6:192.168.34.54:41705], old=null, confs=<EMPTY_MAP>
2019-08-29 08:18:13,177 [pool-60-thread-1] INFO  storage.RaftStorageDirectory (RaftStorageDirectory.java:analyzeStorage(246)) - The storage directory /workdir/hadoop-ozone/integration-test/target/test-dir/MiniOzoneClusterImpl-ef39a000-56f8-499f-ba54-08500adcb141/datanode-3/data/ratis/866e4eaa-64b2-4e13-af9a-f4e1730b74ee does not exist. Creating ...
2019-08-29 08:18:13,177 [pool-49-thread-1] INFO  server.RaftServerConfigKeys (ConfUtils.java:logGet(43)) - raft.server.storage.dir = [/workdir/hadoop-ozone/integration-test/target/test-dir/MiniOzoneClusterImpl-ef39a000-56f8-499f-ba54-08500adcb141/datanode-2/data/ratis] (custom)
2019-08-29 08:18:13,177 [pool-49-thread-1] INFO  storage.RaftStorageDirectory (RaftStorageDirectory.java:analyzeStorage(246)) - The storage directory /workdir/hadoop-ozone/integration-test/target/test-dir/MiniOzoneClusterImpl-ef39a000-56f8-499f-ba54-08500adcb141/datanode-2/data/ratis/866e4eaa-64b2-4e13-af9a-f4e1730b74ee does not exist. Creating ...
2019-08-29 08:18:13,362 | INFO  | SCMAudit | user=jenkins1000 | ip=192.168.34.54 | op=SEND_HEARTBEAT {datanodeUUID=4e66ed9b-7a7a-49e4-a069-f2e74814d405, command=[]} | ret=SUCCESS |  
2019-08-29 08:18:13,362 | INFO  | SCMAudit | user=jenkins1000 | ip=192.168.34.54 | op=SEND_HEARTBEAT {datanodeUUID=dba0a522-61fc-431c-9633-76c1b0451c6f, command=[]} | ret=SUCCESS |  
2019-08-29 08:18:13,490 [14879765-9127-45ba-89de-04712631aaf6:group-68C63D44239F:LeaderElection5] INFO  impl.LeaderElection (LogUtils.java:infoOrTrace(149)) - 14879765-9127-45ba-89de-04712631aaf6:group-68C63D44239F:LeaderElection5 got exception when requesting votes: {}
java.util.concurrent.ExecutionException: org.apache.ratis.thirdparty.io.grpc.StatusRuntimeException: DEADLINE_EXCEEDED: deadline exceeded after 2999351340ns
	at java.util.concurrent.FutureTask.report(FutureTask.java:122)
	at java.util.concurrent.FutureTask.get(FutureTask.java:192)
	at org.apache.ratis.server.impl.LeaderElection.waitForResults(LeaderElection.java:262)
	at org.apache.ratis.server.impl.LeaderElection.askForVotes(LeaderElection.java:200)
	at org.apache.ratis.server.impl.LeaderElection.run(LeaderElection.java:130)
	at java.lang.Thread.run(Thread.java:748)
Caused by: org.apache.ratis.thirdparty.io.grpc.StatusRuntimeException: DEADLINE_EXCEEDED: deadline exceeded after 2999351340ns
	at org.apache.ratis.thirdparty.io.grpc.stub.ClientCalls.toStatusRuntimeException(ClientCalls.java:233)
	at org.apache.ratis.thirdparty.io.grpc.stub.ClientCalls.getUnchecked(ClientCalls.java:214)
	at org.apache.ratis.thirdparty.io.grpc.stub.ClientCalls.blockingUnaryCall(ClientCalls.java:139)
	at org.apache.ratis.proto.grpc.RaftServerProtocolServiceGrpc$RaftServerProtocolServiceBlockingStub.requestVote(RaftServerProtocolServiceGrpc.java:265)
	at org.apache.ratis.grpc.server.GrpcServerProtocolClient.requestVote(GrpcServerProtocolClient.java:83)
	at org.apache.ratis.grpc.server.GrpcService.requestVote(GrpcService.java:195)
	at org.apache.ratis.server.impl.LeaderElection.lambda$submitRequests$1(LeaderElection.java:237)
	at java.util.concurrent.FutureTask.run(FutureTask.java:266)
	at java.util.concurrent.Executors$RunnableAdapter.call(Executors.java:511)
	at java.util.concurrent.FutureTask.run(FutureTask.java:266)
	at java.util.concurrent.ThreadPoolExecutor.runWorker(ThreadPoolExecutor.java:1149)
	at java.util.concurrent.ThreadPoolExecutor$Worker.run(ThreadPoolExecutor.java:624)
	... 1 more
2019-08-29 08:18:13,490 [dd9a91c5-5c4b-4478-b7f7-3956f198c950:group-68C63D44239F:LeaderElection4] INFO  impl.LeaderElection (LogUtils.java:infoOrTrace(149)) - dd9a91c5-5c4b-4478-b7f7-3956f198c950:group-68C63D44239F:LeaderElection4 got exception when requesting votes: {}
java.util.concurrent.ExecutionException: org.apache.ratis.thirdparty.io.grpc.StatusRuntimeException: DEADLINE_EXCEEDED: deadline exceeded after 2999604011ns
	at java.util.concurrent.FutureTask.report(FutureTask.java:122)
	at java.util.concurrent.FutureTask.get(FutureTask.java:192)
	at org.apache.ratis.server.impl.LeaderElection.waitForResults(LeaderElection.java:262)
	at org.apache.ratis.server.impl.LeaderElection.askForVotes(LeaderElection.java:200)
	at org.apache.ratis.server.impl.LeaderElection.run(LeaderElection.java:130)
	at java.lang.Thread.run(Thread.java:748)
Caused by: org.apache.ratis.thirdparty.io.grpc.StatusRuntimeException: DEADLINE_EXCEEDED: deadline exceeded after 2999604011ns
	at org.apache.ratis.thirdparty.io.grpc.stub.ClientCalls.toStatusRuntimeException(ClientCalls.java:233)
	at org.apache.ratis.thirdparty.io.grpc.stub.ClientCalls.getUnchecked(ClientCalls.java:214)
	at org.apache.ratis.thirdparty.io.grpc.stub.ClientCalls.blockingUnaryCall(ClientCalls.java:139)
	at org.apache.ratis.proto.grpc.RaftServerProtocolServiceGrpc$RaftServerProtocolServiceBlockingStub.requestVote(RaftServerProtocolServiceGrpc.java:265)
	at org.apache.ratis.grpc.server.GrpcServerProtocolClient.requestVote(GrpcServerProtocolClient.java:83)
	at org.apache.ratis.grpc.server.GrpcService.requestVote(GrpcService.java:195)
	at org.apache.ratis.server.impl.LeaderElection.lambda$submitRequests$1(LeaderElection.java:237)
	at java.util.concurrent.FutureTask.run(FutureTask.java:266)
	at java.util.concurrent.Executors$RunnableAdapter.call(Executors.java:511)
	at java.util.concurrent.FutureTask.run(FutureTask.java:266)
	at java.util.concurrent.ThreadPoolExecutor.runWorker(ThreadPoolExecutor.java:1149)
	at java.util.concurrent.ThreadPoolExecutor$Worker.run(ThreadPoolExecutor.java:624)
	... 1 more
2019-08-29 08:18:13,494 [14879765-9127-45ba-89de-04712631aaf6:group-68C63D44239F:LeaderElection5] INFO  impl.LeaderElection (LeaderElection.java:logAndReturn(56)) - 14879765-9127-45ba-89de-04712631aaf6:group-68C63D44239F:LeaderElection5: Election REJECTED; received 1 response(s) [14879765-9127-45ba-89de-04712631aaf6<-dd9a91c5-5c4b-4478-b7f7-3956f198c950#0:FAIL-t2] and 1 exception(s); 14879765-9127-45ba-89de-04712631aaf6:t2, leader=null, voted=14879765-9127-45ba-89de-04712631aaf6, raftlog=14879765-9127-45ba-89de-04712631aaf6-SegmentedRaftLog:OPENED:c-1,f-1,i0, conf=-1: [9b2222ce-dbb0-4da1-b31a-a52ba00795b8:192.168.34.54:34658, dd9a91c5-5c4b-4478-b7f7-3956f198c950:192.168.34.54:35600, 14879765-9127-45ba-89de-04712631aaf6:192.168.34.54:41705], old=null
2019-08-29 08:18:13,497 [dd9a91c5-5c4b-4478-b7f7-3956f198c950:group-68C63D44239F:LeaderElection4] INFO  impl.LeaderElection (LeaderElection.java:logAndReturn(56)) - dd9a91c5-5c4b-4478-b7f7-3956f198c950:group-68C63D44239F:LeaderElection4: Election REJECTED; received 1 response(s) [dd9a91c5-5c4b-4478-b7f7-3956f198c950<-14879765-9127-45ba-89de-04712631aaf6#0:FAIL-t2] and 1 exception(s); dd9a91c5-5c4b-4478-b7f7-3956f198c950:t2, leader=null, voted=dd9a91c5-5c4b-4478-b7f7-3956f198c950, raftlog=dd9a91c5-5c4b-4478-b7f7-3956f198c950-SegmentedRaftLog:OPENED:c-1,f-1,i0, conf=-1: [9b2222ce-dbb0-4da1-b31a-a52ba00795b8:192.168.34.54:34658, dd9a91c5-5c4b-4478-b7f7-3956f198c950:192.168.34.54:35600, 14879765-9127-45ba-89de-04712631aaf6:192.168.34.54:41705], old=null
2019-08-29 08:18:13,497 [14879765-9127-45ba-89de-04712631aaf6:group-68C63D44239F:LeaderElection5] INFO  impl.LeaderElection (LogUtils.java:infoOrTrace(149)) -   Exception 0: {}
java.util.concurrent.ExecutionException: org.apache.ratis.thirdparty.io.grpc.StatusRuntimeException: DEADLINE_EXCEEDED: deadline exceeded after 2999351340ns
	at java.util.concurrent.FutureTask.report(FutureTask.java:122)
	at java.util.concurrent.FutureTask.get(FutureTask.java:192)
	at org.apache.ratis.server.impl.LeaderElection.waitForResults(LeaderElection.java:262)
	at org.apache.ratis.server.impl.LeaderElection.askForVotes(LeaderElection.java:200)
	at org.apache.ratis.server.impl.LeaderElection.run(LeaderElection.java:130)
	at java.lang.Thread.run(Thread.java:748)
Caused by: org.apache.ratis.thirdparty.io.grpc.StatusRuntimeException: DEADLINE_EXCEEDED: deadline exceeded after 2999351340ns
	at org.apache.ratis.thirdparty.io.grpc.stub.ClientCalls.toStatusRuntimeException(ClientCalls.java:233)
	at org.apache.ratis.thirdparty.io.grpc.stub.ClientCalls.getUnchecked(ClientCalls.java:214)
	at org.apache.ratis.thirdparty.io.grpc.stub.ClientCalls.blockingUnaryCall(ClientCalls.java:139)
	at org.apache.ratis.proto.grpc.RaftServerProtocolServiceGrpc$RaftServerProtocolServiceBlockingStub.requestVote(RaftServerProtocolServiceGrpc.java:265)
	at org.apache.ratis.grpc.server.GrpcServerProtocolClient.requestVote(GrpcServerProtocolClient.java:83)
	at org.apache.ratis.grpc.server.GrpcService.requestVote(GrpcService.java:195)
	at org.apache.ratis.server.impl.LeaderElection.lambda$submitRequests$1(LeaderElection.java:237)
	at java.util.concurrent.FutureTask.run(FutureTask.java:266)
	at java.util.concurrent.Executors$RunnableAdapter.call(Executors.java:511)
	at java.util.concurrent.FutureTask.run(FutureTask.java:266)
	at java.util.concurrent.ThreadPoolExecutor.runWorker(ThreadPoolExecutor.java:1149)
	at java.util.concurrent.ThreadPoolExecutor$Worker.run(ThreadPoolExecutor.java:624)
	... 1 more
2019-08-29 08:18:13,497 [dd9a91c5-5c4b-4478-b7f7-3956f198c950:group-68C63D44239F:LeaderElection4] INFO  impl.LeaderElection (LogUtils.java:infoOrTrace(149)) -   Exception 0: {}
java.util.concurrent.ExecutionException: org.apache.ratis.thirdparty.io.grpc.StatusRuntimeException: DEADLINE_EXCEEDED: deadline exceeded after 2999604011ns
	at java.util.concurrent.FutureTask.report(FutureTask.java:122)
	at java.util.concurrent.FutureTask.get(FutureTask.java:192)
	at org.apache.ratis.server.impl.LeaderElection.waitForResults(LeaderElection.java:262)
	at org.apache.ratis.server.impl.LeaderElection.askForVotes(LeaderElection.java:200)
	at org.apache.ratis.server.impl.LeaderElection.run(LeaderElection.java:130)
	at java.lang.Thread.run(Thread.java:748)
Caused by: org.apache.ratis.thirdparty.io.grpc.StatusRuntimeException: DEADLINE_EXCEEDED: deadline exceeded after 2999604011ns
	at org.apache.ratis.thirdparty.io.grpc.stub.ClientCalls.toStatusRuntimeException(ClientCalls.java:233)
	at org.apache.ratis.thirdparty.io.grpc.stub.ClientCalls.getUnchecked(ClientCalls.java:214)
	at org.apache.ratis.thirdparty.io.grpc.stub.ClientCalls.blockingUnaryCall(ClientCalls.java:139)
	at org.apache.ratis.proto.grpc.RaftServerProtocolServiceGrpc$RaftServerProtocolServiceBlockingStub.requestVote(RaftServerProtocolServiceGrpc.java:265)
	at org.apache.ratis.grpc.server.GrpcServerProtocolClient.requestVote(GrpcServerProtocolClient.java:83)
	at org.apache.ratis.grpc.server.GrpcService.requestVote(GrpcService.java:195)
	at org.apache.ratis.server.impl.LeaderElection.lambda$submitRequests$1(LeaderElection.java:237)
	at java.util.concurrent.FutureTask.run(FutureTask.java:266)
	at java.util.concurrent.Executors$RunnableAdapter.call(Executors.java:511)
	at java.util.concurrent.FutureTask.run(FutureTask.java:266)
	at java.util.concurrent.ThreadPoolExecutor.runWorker(ThreadPoolExecutor.java:1149)
	at java.util.concurrent.ThreadPoolExecutor$Worker.run(ThreadPoolExecutor.java:624)
	... 1 more
2019-08-29 08:18:13,502 [14879765-9127-45ba-89de-04712631aaf6:group-68C63D44239F:LeaderElection5] INFO  impl.RaftServerImpl (RaftServerImpl.java:setRole(171)) - 14879765-9127-45ba-89de-04712631aaf6:group-68C63D44239F changes role from CANDIDATE to FOLLOWER at term 2 for DISCOVERED_A_NEW_TERM
2019-08-29 08:18:13,506 [dd9a91c5-5c4b-4478-b7f7-3956f198c950:group-68C63D44239F:LeaderElection4] INFO  impl.RaftServerImpl (RaftServerImpl.java:setRole(171)) - dd9a91c5-5c4b-4478-b7f7-3956f198c950:group-68C63D44239F changes role from CANDIDATE to FOLLOWER at term 2 for DISCOVERED_A_NEW_TERM
2019-08-29 08:18:13,510 [14879765-9127-45ba-89de-04712631aaf6:group-68C63D44239F:LeaderElection5] INFO  impl.RoleInfo (RoleInfo.java:shutdownLeaderElection(134)) - 14879765-9127-45ba-89de-04712631aaf6: shutdown LeaderElection
2019-08-29 08:18:13,510 [dd9a91c5-5c4b-4478-b7f7-3956f198c950:group-68C63D44239F:LeaderElection4] INFO  impl.RoleInfo (RoleInfo.java:shutdownLeaderElection(134)) - dd9a91c5-5c4b-4478-b7f7-3956f198c950: shutdown LeaderElection
2019-08-29 08:18:13,510 [14879765-9127-45ba-89de-04712631aaf6:group-68C63D44239F:LeaderElection5] INFO  impl.RoleInfo (RoleInfo.java:updateAndGet(143)) - 14879765-9127-45ba-89de-04712631aaf6: start FollowerState
2019-08-29 08:18:13,510 [dd9a91c5-5c4b-4478-b7f7-3956f198c950:group-68C63D44239F:LeaderElection4] INFO  impl.RoleInfo (RoleInfo.java:updateAndGet(143)) - dd9a91c5-5c4b-4478-b7f7-3956f198c950: start FollowerState
2019-08-29 08:18:13,587 | INFO  | SCMAudit | user=jenkins1000 | ip=192.168.34.54 | op=SEND_HEARTBEAT {datanodeUUID=9b2222ce-dbb0-4da1-b31a-a52ba00795b8, command=[]} | ret=SUCCESS |  
2019-08-29 08:18:13,821 | INFO  | SCMAudit | user=jenkins1000 | ip=192.168.34.54 | op=SEND_HEARTBEAT {datanodeUUID=14879765-9127-45ba-89de-04712631aaf6, command=[]} | ret=SUCCESS |  
2019-08-29 08:18:13,873 | INFO  | SCMAudit | user=jenkins1000 | ip=192.168.34.54 | op=SEND_HEARTBEAT {datanodeUUID=dd9a91c5-5c4b-4478-b7f7-3956f198c950, command=[]} | ret=SUCCESS |  
2019-08-29 08:18:14,090 | INFO  | SCMAudit | user=jenkins1000 | ip=192.168.34.54 | op=SEND_HEARTBEAT {datanodeUUID=84674177-5820-4a0b-9345-463c27e4b0c8, command=[]} | ret=SUCCESS |  
2019-08-29 08:18:14,122 | INFO  | SCMAudit | user=jenkins1000 | ip=192.168.34.54 | op=SEND_HEARTBEAT {datanodeUUID=62fbaf2b-c9dd-41a4-90d2-fdfdf099a3b1, command=[]} | ret=SUCCESS |  
2019-08-29 08:18:14,363 | INFO  | SCMAudit | user=jenkins1000 | ip=192.168.34.54 | op=SEND_HEARTBEAT {datanodeUUID=4e66ed9b-7a7a-49e4-a069-f2e74814d405, command=[]} | ret=SUCCESS |  
2019-08-29 08:18:14,363 | INFO  | SCMAudit | user=jenkins1000 | ip=192.168.34.54 | op=SEND_HEARTBEAT {datanodeUUID=dba0a522-61fc-431c-9633-76c1b0451c6f, command=[]} | ret=SUCCESS |  
2019-08-29 08:18:14,587 | INFO  | SCMAudit | user=jenkins1000 | ip=192.168.34.54 | op=SEND_HEARTBEAT {datanodeUUID=9b2222ce-dbb0-4da1-b31a-a52ba00795b8, command=[]} | ret=SUCCESS |  
2019-08-29 08:18:14,821 | INFO  | SCMAudit | user=jenkins1000 | ip=192.168.34.54 | op=SEND_HEARTBEAT {datanodeUUID=14879765-9127-45ba-89de-04712631aaf6, command=[]} | ret=SUCCESS |  
2019-08-29 08:18:14,873 | INFO  | SCMAudit | user=jenkins1000 | ip=192.168.34.54 | op=SEND_HEARTBEAT {datanodeUUID=dd9a91c5-5c4b-4478-b7f7-3956f198c950, command=[]} | ret=SUCCESS |  
2019-08-29 08:18:15,090 | INFO  | SCMAudit | user=jenkins1000 | ip=192.168.34.54 | op=SEND_HEARTBEAT {datanodeUUID=84674177-5820-4a0b-9345-463c27e4b0c8, command=[]} | ret=SUCCESS |  
2019-08-29 08:18:15,122 | INFO  | SCMAudit | user=jenkins1000 | ip=192.168.34.54 | op=SEND_HEARTBEAT {datanodeUUID=62fbaf2b-c9dd-41a4-90d2-fdfdf099a3b1, command=[]} | ret=SUCCESS |  
2019-08-29 08:18:15,361 | INFO  | SCMAudit | user=jenkins1000 | ip=192.168.34.54 | op=SEND_HEARTBEAT {datanodeUUID=dba0a522-61fc-431c-9633-76c1b0451c6f, command=[]} | ret=SUCCESS |  
2019-08-29 08:18:15,361 | INFO  | SCMAudit | user=jenkins1000 | ip=192.168.34.54 | op=SEND_HEARTBEAT {datanodeUUID=4e66ed9b-7a7a-49e4-a069-f2e74814d405, command=[]} | ret=SUCCESS |  
2019-08-29 08:18:15,440 [grpc-default-executor-2] INFO  impl.RaftServerImpl (RaftServerImpl.java:setRole(171)) - 9b2222ce-dbb0-4da1-b31a-a52ba00795b8:group-68C63D44239F changes role from FOLLOWER to FOLLOWER at term 2 for recognizeCandidate:14879765-9127-45ba-89de-04712631aaf6
2019-08-29 08:18:15,441 [grpc-default-executor-2] INFO  impl.RoleInfo (RoleInfo.java:shutdownFollowerState(121)) - 9b2222ce-dbb0-4da1-b31a-a52ba00795b8: shutdown FollowerState
2019-08-29 08:18:15,441 [grpc-default-executor-2] INFO  impl.RoleInfo (RoleInfo.java:updateAndGet(143)) - 9b2222ce-dbb0-4da1-b31a-a52ba00795b8: start FollowerState
2019-08-29 08:18:15,441 [Thread-279] INFO  impl.FollowerState (FollowerState.java:run(114)) - 9b2222ce-dbb0-4da1-b31a-a52ba00795b8: FollowerState was interrupted: java.lang.InterruptedException: sleep interrupted
2019-08-29 08:18:15,587 | INFO  | SCMAudit | user=jenkins1000 | ip=192.168.34.54 | op=SEND_HEARTBEAT {datanodeUUID=9b2222ce-dbb0-4da1-b31a-a52ba00795b8, command=[]} | ret=SUCCESS |  
2019-08-29 08:18:15,784 [RATISCREATEPIPELINE1] ERROR pipeline.RatisPipelineProvider (RatisPipelineProvider.java:lambda$null$5(235)) - Failed invoke Ratis rpc org.apache.hadoop.hdds.scm.pipeline.RatisPipelineProvider$$Lambda$171/510276410@508a308b for dd9a91c5-5c4b-4478-b7f7-3956f198c950
org.apache.ratis.protocol.TimeoutIOException: deadline exceeded after 2999755410ns
	at org.apache.ratis.grpc.GrpcUtil.tryUnwrapException(GrpcUtil.java:82)
	at org.apache.ratis.grpc.GrpcUtil.unwrapException(GrpcUtil.java:75)
	at org.apache.ratis.grpc.client.GrpcClientProtocolClient.blockingCall(GrpcClientProtocolClient.java:169)
	at org.apache.ratis.grpc.client.GrpcClientProtocolClient.groupAdd(GrpcClientProtocolClient.java:138)
	at org.apache.ratis.grpc.client.GrpcClientRpc.sendRequest(GrpcClientRpc.java:94)
	at org.apache.ratis.client.impl.RaftClientImpl.sendRequest(RaftClientImpl.java:279)
	at org.apache.ratis.client.impl.RaftClientImpl.groupAdd(RaftClientImpl.java:206)
	at org.apache.hadoop.hdds.scm.pipeline.RatisPipelineProvider.lambda$initializePipeline$4(RatisPipelineProvider.java:194)
	at org.apache.hadoop.hdds.scm.pipeline.RatisPipelineProvider.lambda$null$5(RatisPipelineProvider.java:231)
	at java.util.stream.ForEachOps$ForEachOp$OfRef.accept(ForEachOps.java:184)
	at java.util.ArrayList$ArrayListSpliterator.forEachRemaining(ArrayList.java:1382)
	at java.util.stream.AbstractPipeline.copyInto(AbstractPipeline.java:482)
	at java.util.stream.ForEachOps$ForEachTask.compute(ForEachOps.java:291)
	at java.util.concurrent.CountedCompleter.exec(CountedCompleter.java:731)
	at java.util.concurrent.ForkJoinTask.doExec(ForkJoinTask.java:289)
	at java.util.concurrent.ForkJoinTask.doInvoke(ForkJoinTask.java:401)
	at java.util.concurrent.ForkJoinTask.invoke(ForkJoinTask.java:734)
	at java.util.stream.ForEachOps$ForEachOp.evaluateParallel(ForEachOps.java:160)
	at java.util.stream.ForEachOps$ForEachOp$OfRef.evaluateParallel(ForEachOps.java:174)
	at java.util.stream.AbstractPipeline.evaluate(AbstractPipeline.java:233)
	at java.util.stream.ReferencePipeline.forEach(ReferencePipeline.java:418)
	at java.util.stream.ReferencePipeline$Head.forEach(ReferencePipeline.java:583)
	at org.apache.hadoop.hdds.scm.pipeline.RatisPipelineProvider.lambda$callRatisRpc$6(RatisPipelineProvider.java:225)
	at java.util.concurrent.ForkJoinTask$AdaptedRunnableAction.exec(ForkJoinTask.java:1386)
	at java.util.concurrent.ForkJoinTask.doExec(ForkJoinTask.java:289)
	at java.util.concurrent.ForkJoinPool$WorkQueue.runTask(ForkJoinPool.java:1056)
	at java.util.concurrent.ForkJoinPool.runWorker(ForkJoinPool.java:1692)
	at java.util.concurrent.ForkJoinWorkerThread.run(ForkJoinWorkerThread.java:157)
Caused by: org.apache.ratis.thirdparty.io.grpc.StatusRuntimeException: DEADLINE_EXCEEDED: deadline exceeded after 2999755410ns
	at org.apache.ratis.thirdparty.io.grpc.stub.ClientCalls.toStatusRuntimeException(ClientCalls.java:233)
	at org.apache.ratis.thirdparty.io.grpc.stub.ClientCalls.getUnchecked(ClientCalls.java:214)
	at org.apache.ratis.thirdparty.io.grpc.stub.ClientCalls.blockingUnaryCall(ClientCalls.java:139)
	at org.apache.ratis.proto.grpc.AdminProtocolServiceGrpc$AdminProtocolServiceBlockingStub.groupManagement(AdminProtocolServiceGrpc.java:274)
	at org.apache.ratis.grpc.client.GrpcClientProtocolClient.lambda$groupAdd$3(GrpcClientProtocolClient.java:140)
	at org.apache.ratis.grpc.client.GrpcClientProtocolClient.blockingCall(GrpcClientProtocolClient.java:167)
	... 25 more
2019-08-29 08:18:15,785 [RATISCREATEPIPELINE3] ERROR pipeline.RatisPipelineProvider (RatisPipelineProvider.java:lambda$null$5(235)) - Failed invoke Ratis rpc org.apache.hadoop.hdds.scm.pipeline.RatisPipelineProvider$$Lambda$171/510276410@508a308b for 14879765-9127-45ba-89de-04712631aaf6
org.apache.ratis.protocol.TimeoutIOException: deadline exceeded after 2997629420ns
	at org.apache.ratis.grpc.GrpcUtil.tryUnwrapException(GrpcUtil.java:82)
	at org.apache.ratis.grpc.GrpcUtil.unwrapException(GrpcUtil.java:75)
	at org.apache.ratis.grpc.client.GrpcClientProtocolClient.blockingCall(GrpcClientProtocolClient.java:169)
	at org.apache.ratis.grpc.client.GrpcClientProtocolClient.groupAdd(GrpcClientProtocolClient.java:138)
	at org.apache.ratis.grpc.client.GrpcClientRpc.sendRequest(GrpcClientRpc.java:94)
	at org.apache.ratis.client.impl.RaftClientImpl.sendRequest(RaftClientImpl.java:279)
	at org.apache.ratis.client.impl.RaftClientImpl.groupAdd(RaftClientImpl.java:206)
	at org.apache.hadoop.hdds.scm.pipeline.RatisPipelineProvider.lambda$initializePipeline$4(RatisPipelineProvider.java:194)
	at org.apache.hadoop.hdds.scm.pipeline.RatisPipelineProvider.lambda$null$5(RatisPipelineProvider.java:231)
	at java.util.stream.ForEachOps$ForEachOp$OfRef.accept(ForEachOps.java:184)
	at java.util.ArrayList$ArrayListSpliterator.forEachRemaining(ArrayList.java:1382)
	at java.util.stream.AbstractPipeline.copyInto(AbstractPipeline.java:482)
	at java.util.stream.ForEachOps$ForEachTask.compute(ForEachOps.java:291)
	at java.util.concurrent.CountedCompleter.exec(CountedCompleter.java:731)
	at java.util.concurrent.ForkJoinTask.doExec(ForkJoinTask.java:289)
	at java.util.concurrent.ForkJoinPool$WorkQueue.runTask(ForkJoinPool.java:1056)
	at java.util.concurrent.ForkJoinPool.runWorker(ForkJoinPool.java:1692)
	at java.util.concurrent.ForkJoinWorkerThread.run(ForkJoinWorkerThread.java:157)
Caused by: org.apache.ratis.thirdparty.io.grpc.StatusRuntimeException: DEADLINE_EXCEEDED: deadline exceeded after 2997629420ns
	at org.apache.ratis.thirdparty.io.grpc.stub.ClientCalls.toStatusRuntimeException(ClientCalls.java:233)
	at org.apache.ratis.thirdparty.io.grpc.stub.ClientCalls.getUnchecked(ClientCalls.java:214)
	at org.apache.ratis.thirdparty.io.grpc.stub.ClientCalls.blockingUnaryCall(ClientCalls.java:139)
	at org.apache.ratis.proto.grpc.AdminProtocolServiceGrpc$AdminProtocolServiceBlockingStub.groupManagement(AdminProtocolServiceGrpc.java:274)
	at org.apache.ratis.grpc.client.GrpcClientProtocolClient.lambda$groupAdd$3(GrpcClientProtocolClient.java:140)
	at org.apache.ratis.grpc.client.GrpcClientProtocolClient.blockingCall(GrpcClientProtocolClient.java:167)
	... 15 more
2019-08-29 08:18:15,784 [RATISCREATEPIPELINE2] ERROR pipeline.RatisPipelineProvider (RatisPipelineProvider.java:lambda$null$5(235)) - Failed invoke Ratis rpc org.apache.hadoop.hdds.scm.pipeline.RatisPipelineProvider$$Lambda$171/510276410@508a308b for 9b2222ce-dbb0-4da1-b31a-a52ba00795b8
org.apache.ratis.protocol.TimeoutIOException: deadline exceeded after 2995549872ns
	at org.apache.ratis.grpc.GrpcUtil.tryUnwrapException(GrpcUtil.java:82)
	at org.apache.ratis.grpc.GrpcUtil.unwrapException(GrpcUtil.java:75)
	at org.apache.ratis.grpc.client.GrpcClientProtocolClient.blockingCall(GrpcClientProtocolClient.java:169)
	at org.apache.ratis.grpc.client.GrpcClientProtocolClient.groupAdd(GrpcClientProtocolClient.java:138)
	at org.apache.ratis.grpc.client.GrpcClientRpc.sendRequest(GrpcClientRpc.java:94)
	at org.apache.ratis.client.impl.RaftClientImpl.sendRequest(RaftClientImpl.java:279)
	at org.apache.ratis.client.impl.RaftClientImpl.groupAdd(RaftClientImpl.java:206)
	at org.apache.hadoop.hdds.scm.pipeline.RatisPipelineProvider.lambda$initializePipeline$4(RatisPipelineProvider.java:194)
	at org.apache.hadoop.hdds.scm.pipeline.RatisPipelineProvider.lambda$null$5(RatisPipelineProvider.java:231)
	at java.util.stream.ForEachOps$ForEachOp$OfRef.accept(ForEachOps.java:184)
	at java.util.ArrayList$ArrayListSpliterator.forEachRemaining(ArrayList.java:1382)
	at java.util.stream.AbstractPipeline.copyInto(AbstractPipeline.java:482)
	at java.util.stream.ForEachOps$ForEachTask.compute(ForEachOps.java:291)
	at java.util.concurrent.CountedCompleter.exec(CountedCompleter.java:731)
	at java.util.concurrent.ForkJoinTask.doExec(ForkJoinTask.java:289)
	at java.util.concurrent.ForkJoinPool$WorkQueue.runTask(ForkJoinPool.java:1056)
	at java.util.concurrent.ForkJoinPool.runWorker(ForkJoinPool.java:1692)
	at java.util.concurrent.ForkJoinWorkerThread.run(ForkJoinWorkerThread.java:157)
Caused by: org.apache.ratis.thirdparty.io.grpc.StatusRuntimeException: DEADLINE_EXCEEDED: deadline exceeded after 2995549872ns
	at org.apache.ratis.thirdparty.io.grpc.stub.ClientCalls.toStatusRuntimeException(ClientCalls.java:233)
	at org.apache.ratis.thirdparty.io.grpc.stub.ClientCalls.getUnchecked(ClientCalls.java:214)
	at org.apache.ratis.thirdparty.io.grpc.stub.ClientCalls.blockingUnaryCall(ClientCalls.java:139)
	at org.apache.ratis.proto.grpc.AdminProtocolServiceGrpc$AdminProtocolServiceBlockingStub.groupManagement(AdminProtocolServiceGrpc.java:274)
	at org.apache.ratis.grpc.client.GrpcClientProtocolClient.lambda$groupAdd$3(GrpcClientProtocolClient.java:140)
	at org.apache.ratis.grpc.client.GrpcClientProtocolClient.blockingCall(GrpcClientProtocolClient.java:167)
	... 15 more
2019-08-29 08:18:15,788 [pool-60-thread-1] INFO  storage.RaftStorageDirectory (RaftStorageDirectory.java:tryLock(328)) - Lock on /workdir/hadoop-ozone/integration-test/target/test-dir/MiniOzoneClusterImpl-ef39a000-56f8-499f-ba54-08500adcb141/datanode-3/data/ratis/866e4eaa-64b2-4e13-af9a-f4e1730b74ee/in_use.lock acquired by nodename 28333@pr-hdds-1553-zhl8q-89899572
2019-08-29 08:18:15,788 [pool-49-thread-1] INFO  storage.RaftStorageDirectory (RaftStorageDirectory.java:tryLock(328)) - Lock on /workdir/hadoop-ozone/integration-test/target/test-dir/MiniOzoneClusterImpl-ef39a000-56f8-499f-ba54-08500adcb141/datanode-2/data/ratis/866e4eaa-64b2-4e13-af9a-f4e1730b74ee/in_use.lock acquired by nodename 28333@pr-hdds-1553-zhl8q-89899572
2019-08-29 08:18:15,788 [pool-93-thread-1] INFO  storage.RaftStorageDirectory (RaftStorageDirectory.java:tryLock(328)) - Lock on /workdir/hadoop-ozone/integration-test/target/test-dir/MiniOzoneClusterImpl-ef39a000-56f8-499f-ba54-08500adcb141/datanode-6/data/ratis/7b3a2503-82fa-46bd-b444-29aa9db7490e/in_use.lock acquired by nodename 28333@pr-hdds-1553-zhl8q-89899572
2019-08-29 08:18:15,788 [IPC Server handler 14 on 42726] WARN  block.BlockManagerImpl (BlockManagerImpl.java:allocateBlock(192)) - Pipeline creation failed for type:RATIS factor:THREE. Retrying get pipelines call once.
org.apache.hadoop.io.MultipleIOException: 3 exceptions [java.io.IOException: Failed invoke Ratis rpc org.apache.hadoop.hdds.scm.pipeline.RatisPipelineProvider$$Lambda$171/510276410@508a308b for dd9a91c5-5c4b-4478-b7f7-3956f198c950, java.io.IOException: Failed invoke Ratis rpc org.apache.hadoop.hdds.scm.pipeline.RatisPipelineProvider$$Lambda$171/510276410@508a308b for 14879765-9127-45ba-89de-04712631aaf6, java.io.IOException: Failed invoke Ratis rpc org.apache.hadoop.hdds.scm.pipeline.RatisPipelineProvider$$Lambda$171/510276410@508a308b for 9b2222ce-dbb0-4da1-b31a-a52ba00795b8]
	at org.apache.hadoop.io.MultipleIOException.createIOException(MultipleIOException.java:53)
	at org.apache.hadoop.hdds.scm.pipeline.RatisPipelineProvider.callRatisRpc(RatisPipelineProvider.java:251)
	at org.apache.hadoop.hdds.scm.pipeline.RatisPipelineProvider.initializePipeline(RatisPipelineProvider.java:192)
	at org.apache.hadoop.hdds.scm.pipeline.RatisPipelineProvider.create(RatisPipelineProvider.java:161)
	at org.apache.hadoop.hdds.scm.pipeline.PipelineFactory.create(PipelineFactory.java:57)
	at org.apache.hadoop.hdds.scm.pipeline.SCMPipelineManager.createPipeline(SCMPipelineManager.java:149)
	at org.apache.hadoop.hdds.scm.block.BlockManagerImpl.allocateBlock(BlockManagerImpl.java:190)
	at org.apache.hadoop.hdds.scm.server.SCMBlockProtocolServer.allocateBlock(SCMBlockProtocolServer.java:175)
	at org.apache.hadoop.ozone.protocolPB.ScmBlockLocationProtocolServerSideTranslatorPB.allocateScmBlock(ScmBlockLocationProtocolServerSideTranslatorPB.java:153)
	at org.apache.hadoop.ozone.protocolPB.ScmBlockLocationProtocolServerSideTranslatorPB.send(ScmBlockLocationProtocolServerSideTranslatorPB.java:112)
	at org.apache.hadoop.hdds.protocol.proto.ScmBlockLocationProtocolProtos$ScmBlockLocationProtocolService$2.callBlockingMethod(ScmBlockLocationProtocolProtos.java:13157)
	at org.apache.hadoop.ipc.ProtobufRpcEngine$Server$ProtoBufRpcInvoker.call(ProtobufRpcEngine.java:524)
	at org.apache.hadoop.ipc.RPC$Server.call(RPC.java:1025)
	at org.apache.hadoop.ipc.Server$RpcCall.run(Server.java:876)
	at org.apache.hadoop.ipc.Server$RpcCall.run(Server.java:822)
	at java.security.AccessController.doPrivileged(Native Method)
	at javax.security.auth.Subject.doAs(Subject.java:422)
	at org.apache.hadoop.security.UserGroupInformation.doAs(UserGroupInformation.java:1730)
	at org.apache.hadoop.ipc.Server$Handler.run(Server.java:2682)
2019-08-29 08:18:15,790 [IPC Server handler 14 on 42726] INFO  block.BlockManagerImpl (BlockManagerImpl.java:allocateBlock(198)) - Could not find available pipeline of type:RATIS and factor:THREE even after retrying
2019-08-29 08:18:15,790 [IPC Server handler 14 on 42726] ERROR block.BlockManagerImpl (BlockManagerImpl.java:allocateBlock(222)) - Unable to allocate a block for the size: 4194304, type: RATIS, factor: THREE
2019-08-29 08:18:15,804 [grpc-default-executor-1] INFO  impl.RaftServerProxy (RaftServerProxy.java:addNew(89)) - dd9a91c5-5c4b-4478-b7f7-3956f198c950: addNew group-A4A3F741FD29:[9b2222ce-dbb0-4da1-b31a-a52ba00795b8:192.168.34.54:34658, dd9a91c5-5c4b-4478-b7f7-3956f198c950:192.168.34.54:35600, 14879765-9127-45ba-89de-04712631aaf6:192.168.34.54:41705] returns group-A4A3F741FD29:java.util.concurrent.CompletableFuture@34456e87[Not completed]
2019-08-29 08:18:15,804 [grpc-default-executor-0] INFO  impl.RaftServerProxy (RaftServerProxy.java:addNew(89)) - 9b2222ce-dbb0-4da1-b31a-a52ba00795b8: addNew group-A4A3F741FD29:[9b2222ce-dbb0-4da1-b31a-a52ba00795b8:192.168.34.54:34658, dd9a91c5-5c4b-4478-b7f7-3956f198c950:192.168.34.54:35600, 14879765-9127-45ba-89de-04712631aaf6:192.168.34.54:41705] returns group-A4A3F741FD29:java.util.concurrent.CompletableFuture@112bf964[Not completed]
2019-08-29 08:18:15,805 [grpc-default-executor-0] INFO  impl.RaftServerProxy (RaftServerProxy.java:addNew(89)) - 14879765-9127-45ba-89de-04712631aaf6: addNew group-A4A3F741FD29:[9b2222ce-dbb0-4da1-b31a-a52ba00795b8:192.168.34.54:34658, dd9a91c5-5c4b-4478-b7f7-3956f198c950:192.168.34.54:35600, 14879765-9127-45ba-89de-04712631aaf6:192.168.34.54:41705] returns group-A4A3F741FD29:java.util.concurrent.CompletableFuture@ab255ff[Not completed]
2019-08-29 08:18:15,821 | INFO  | SCMAudit | user=jenkins1000 | ip=192.168.34.54 | op=SEND_HEARTBEAT {datanodeUUID=14879765-9127-45ba-89de-04712631aaf6, command=[]} | ret=SUCCESS |  
2019-08-29 08:18:15,873 | INFO  | SCMAudit | user=jenkins1000 | ip=192.168.34.54 | op=SEND_HEARTBEAT {datanodeUUID=dd9a91c5-5c4b-4478-b7f7-3956f198c950, command=[]} | ret=SUCCESS |  
2019-08-29 08:18:16,090 | INFO  | SCMAudit | user=jenkins1000 | ip=192.168.34.54 | op=SEND_HEARTBEAT {datanodeUUID=84674177-5820-4a0b-9345-463c27e4b0c8, command=[]} | ret=SUCCESS |  
2019-08-29 08:18:16,122 | INFO  | SCMAudit | user=jenkins1000 | ip=192.168.34.54 | op=SEND_HEARTBEAT {datanodeUUID=62fbaf2b-c9dd-41a4-90d2-fdfdf099a3b1, command=[]} | ret=SUCCESS |  
2019-08-29 08:18:16,362 | INFO  | SCMAudit | user=jenkins1000 | ip=192.168.34.54 | op=SEND_HEARTBEAT {datanodeUUID=4e66ed9b-7a7a-49e4-a069-f2e74814d405, command=[]} | ret=SUCCESS |  
2019-08-29 08:18:16,362 | INFO  | SCMAudit | user=jenkins1000 | ip=192.168.34.54 | op=SEND_HEARTBEAT {datanodeUUID=dba0a522-61fc-431c-9633-76c1b0451c6f, command=[]} | ret=SUCCESS |  
2019-08-29 08:18:16,587 | INFO  | SCMAudit | user=jenkins1000 | ip=192.168.34.54 | op=SEND_HEARTBEAT {datanodeUUID=9b2222ce-dbb0-4da1-b31a-a52ba00795b8, command=[]} | ret=SUCCESS |  
2019-08-29 08:18:16,822 | INFO  | SCMAudit | user=jenkins1000 | ip=192.168.34.54 | op=SEND_HEARTBEAT {datanodeUUID=14879765-9127-45ba-89de-04712631aaf6, command=[]} | ret=SUCCESS |  
2019-08-29 08:18:16,873 | INFO  | SCMAudit | user=jenkins1000 | ip=192.168.34.54 | op=SEND_HEARTBEAT {datanodeUUID=dd9a91c5-5c4b-4478-b7f7-3956f198c950, command=[]} | ret=SUCCESS |  
2019-08-29 08:18:17,090 | INFO  | SCMAudit | user=jenkins1000 | ip=192.168.34.54 | op=SEND_HEARTBEAT {datanodeUUID=84674177-5820-4a0b-9345-463c27e4b0c8, command=[]} | ret=SUCCESS |  
2019-08-29 08:18:17,121 | INFO  | SCMAudit | user=jenkins1000 | ip=192.168.34.54 | op=SEND_HEARTBEAT {datanodeUUID=62fbaf2b-c9dd-41a4-90d2-fdfdf099a3b1, command=[]} | ret=SUCCESS |  
2019-08-29 08:18:17,362 | INFO  | SCMAudit | user=jenkins1000 | ip=192.168.34.54 | op=SEND_HEARTBEAT {datanodeUUID=4e66ed9b-7a7a-49e4-a069-f2e74814d405, command=[]} | ret=SUCCESS |  
2019-08-29 08:18:17,362 | INFO  | SCMAudit | user=jenkins1000 | ip=192.168.34.54 | op=SEND_HEARTBEAT {datanodeUUID=dba0a522-61fc-431c-9633-76c1b0451c6f, command=[]} | ret=SUCCESS |  
2019-08-29 08:18:17,588 | INFO  | SCMAudit | user=jenkins1000 | ip=192.168.34.54 | op=SEND_HEARTBEAT {datanodeUUID=9b2222ce-dbb0-4da1-b31a-a52ba00795b8, command=[]} | ret=SUCCESS |  
2019-08-29 08:18:17,822 | INFO  | SCMAudit | user=jenkins1000 | ip=192.168.34.54 | op=SEND_HEARTBEAT {datanodeUUID=14879765-9127-45ba-89de-04712631aaf6, command=[]} | ret=SUCCESS |  
2019-08-29 08:18:17,873 | INFO  | SCMAudit | user=jenkins1000 | ip=192.168.34.54 | op=SEND_HEARTBEAT {datanodeUUID=dd9a91c5-5c4b-4478-b7f7-3956f198c950, command=[]} | ret=SUCCESS |  
2019-08-29 08:18:18,090 | INFO  | SCMAudit | user=jenkins1000 | ip=192.168.34.54 | op=SEND_HEARTBEAT {datanodeUUID=84674177-5820-4a0b-9345-463c27e4b0c8, command=[]} | ret=SUCCESS |  
2019-08-29 08:18:18,122 | INFO  | SCMAudit | user=jenkins1000 | ip=192.168.34.54 | op=SEND_HEARTBEAT {datanodeUUID=62fbaf2b-c9dd-41a4-90d2-fdfdf099a3b1, command=[]} | ret=SUCCESS |  
2019-08-29 08:18:18,267 [9b2222ce-dbb0-4da1-b31a-a52ba00795b8:group-68C63D44239F:LeaderElection6] INFO  impl.LeaderElection (LeaderElection.java:logAndReturn(56)) - 9b2222ce-dbb0-4da1-b31a-a52ba00795b8:group-68C63D44239F:LeaderElection6: Election REJECTED; received 0 response(s) [] and 0 exception(s); 9b2222ce-dbb0-4da1-b31a-a52ba00795b8:t2, leader=null, voted=14879765-9127-45ba-89de-04712631aaf6, raftlog=9b2222ce-dbb0-4da1-b31a-a52ba00795b8-SegmentedRaftLog:OPENED:c-1,f-1,i0, conf=-1: [9b2222ce-dbb0-4da1-b31a-a52ba00795b8:192.168.34.54:34658, dd9a91c5-5c4b-4478-b7f7-3956f198c950:192.168.34.54:35600, 14879765-9127-45ba-89de-04712631aaf6:192.168.34.54:41705], old=null
2019-08-29 08:18:18,362 | INFO  | SCMAudit | user=jenkins1000 | ip=192.168.34.54 | op=SEND_HEARTBEAT {datanodeUUID=4e66ed9b-7a7a-49e4-a069-f2e74814d405, command=[]} | ret=SUCCESS |  
2019-08-29 08:18:18,362 | INFO  | SCMAudit | user=jenkins1000 | ip=192.168.34.54 | op=SEND_HEARTBEAT {datanodeUUID=dba0a522-61fc-431c-9633-76c1b0451c6f, command=[]} | ret=SUCCESS |  
2019-08-29 08:18:18,546 [Thread-284] INFO  impl.FollowerState (FollowerState.java:run(106)) - dd9a91c5-5c4b-4478-b7f7-3956f198c950:group-68C63D44239F changes to CANDIDATE, lastRpcTime:5035, electionTimeout:5030ms
2019-08-29 08:18:18,546 [Thread-284] INFO  impl.RoleInfo (RoleInfo.java:shutdownFollowerState(121)) - dd9a91c5-5c4b-4478-b7f7-3956f198c950: shutdown FollowerState
2019-08-29 08:18:18,546 [Thread-284] INFO  impl.RaftServerImpl (RaftServerImpl.java:setRole(171)) - dd9a91c5-5c4b-4478-b7f7-3956f198c950:group-68C63D44239F changes role from FOLLOWER to CANDIDATE at term 2 for changeToCandidate
2019-08-29 08:18:18,547 [Thread-284] INFO  impl.RoleInfo (RoleInfo.java:updateAndGet(143)) - dd9a91c5-5c4b-4478-b7f7-3956f198c950: start LeaderElection
2019-08-29 08:18:18,588 | INFO  | SCMAudit | user=jenkins1000 | ip=192.168.34.54 | op=SEND_HEARTBEAT {datanodeUUID=9b2222ce-dbb0-4da1-b31a-a52ba00795b8, command=[]} | ret=SUCCESS |  
2019-08-29 08:18:18,667 [Thread-283] INFO  impl.FollowerState (FollowerState.java:run(106)) - 14879765-9127-45ba-89de-04712631aaf6:group-68C63D44239F changes to CANDIDATE, lastRpcTime:5156, electionTimeout:5147ms
2019-08-29 08:18:18,670 [Thread-283] INFO  impl.RoleInfo (RoleInfo.java:shutdownFollowerState(121)) - 14879765-9127-45ba-89de-04712631aaf6: shutdown FollowerState
2019-08-29 08:18:18,670 [Thread-283] INFO  impl.RaftServerImpl (RaftServerImpl.java:setRole(171)) - 14879765-9127-45ba-89de-04712631aaf6:group-68C63D44239F changes role from FOLLOWER to CANDIDATE at term 2 for changeToCandidate
2019-08-29 08:18:18,670 [Thread-283] INFO  impl.RoleInfo (RoleInfo.java:updateAndGet(143)) - 14879765-9127-45ba-89de-04712631aaf6: start LeaderElection
2019-08-29 08:18:18,809 [RATISCREATEPIPELINE2] ERROR pipeline.RatisPipelineProvider (RatisPipelineProvider.java:lambda$null$5(235)) - Failed invoke Ratis rpc org.apache.hadoop.hdds.scm.pipeline.RatisPipelineProvider$$Lambda$171/510276410@27064323 for 14879765-9127-45ba-89de-04712631aaf6
org.apache.ratis.protocol.TimeoutIOException: deadline exceeded after 2999696363ns
	at org.apache.ratis.grpc.GrpcUtil.tryUnwrapException(GrpcUtil.java:82)
	at org.apache.ratis.grpc.GrpcUtil.unwrapException(GrpcUtil.java:75)
	at org.apache.ratis.grpc.client.GrpcClientProtocolClient.blockingCall(GrpcClientProtocolClient.java:169)
	at org.apache.ratis.grpc.client.GrpcClientProtocolClient.groupAdd(GrpcClientProtocolClient.java:138)
	at org.apache.ratis.grpc.client.GrpcClientRpc.sendRequest(GrpcClientRpc.java:94)
	at org.apache.ratis.client.impl.RaftClientImpl.sendRequest(RaftClientImpl.java:279)
	at org.apache.ratis.client.impl.RaftClientImpl.groupAdd(RaftClientImpl.java:206)
	at org.apache.hadoop.hdds.scm.pipeline.RatisPipelineProvider.lambda$initializePipeline$4(RatisPipelineProvider.java:194)
	at org.apache.hadoop.hdds.scm.pipeline.RatisPipelineProvider.lambda$null$5(RatisPipelineProvider.java:231)
	at java.util.stream.ForEachOps$ForEachOp$OfRef.accept(ForEachOps.java:184)
	at java.util.ArrayList$ArrayListSpliterator.forEachRemaining(ArrayList.java:1382)
	at java.util.stream.AbstractPipeline.copyInto(AbstractPipeline.java:482)
	at java.util.stream.ForEachOps$ForEachTask.compute(ForEachOps.java:291)
	at java.util.concurrent.CountedCompleter.exec(CountedCompleter.java:731)
	at java.util.concurrent.ForkJoinTask.doExec(ForkJoinTask.java:289)
	at java.util.concurrent.ForkJoinPool$WorkQueue.runTask(ForkJoinPool.java:1056)
	at java.util.concurrent.ForkJoinPool.runWorker(ForkJoinPool.java:1692)
	at java.util.concurrent.ForkJoinWorkerThread.run(ForkJoinWorkerThread.java:157)
Caused by: org.apache.ratis.thirdparty.io.grpc.StatusRuntimeException: DEADLINE_EXCEEDED: deadline exceeded after 2999696363ns
	at org.apache.ratis.thirdparty.io.grpc.stub.ClientCalls.toStatusRuntimeException(ClientCalls.java:233)
	at org.apache.ratis.thirdparty.io.grpc.stub.ClientCalls.getUnchecked(ClientCalls.java:214)
	at org.apache.ratis.thirdparty.io.grpc.stub.ClientCalls.blockingUnaryCall(ClientCalls.java:139)
	at org.apache.ratis.proto.grpc.AdminProtocolServiceGrpc$AdminProtocolServiceBlockingStub.groupManagement(AdminProtocolServiceGrpc.java:274)
	at org.apache.ratis.grpc.client.GrpcClientProtocolClient.lambda$groupAdd$3(GrpcClientProtocolClient.java:140)
	at org.apache.ratis.grpc.client.GrpcClientProtocolClient.blockingCall(GrpcClientProtocolClient.java:167)
	... 15 more
2019-08-29 08:18:18,810 [RATISCREATEPIPELINE3] ERROR pipeline.RatisPipelineProvider (RatisPipelineProvider.java:lambda$null$5(235)) - Failed invoke Ratis rpc org.apache.hadoop.hdds.scm.pipeline.RatisPipelineProvider$$Lambda$171/510276410@27064323 for 9b2222ce-dbb0-4da1-b31a-a52ba00795b8
org.apache.ratis.protocol.TimeoutIOException
	at org.apache.ratis.grpc.GrpcUtil.tryUnwrapException(GrpcUtil.java:82)
	at org.apache.ratis.grpc.GrpcUtil.unwrapException(GrpcUtil.java:75)
	at org.apache.ratis.grpc.client.GrpcClientProtocolClient.blockingCall(GrpcClientProtocolClient.java:169)
	at org.apache.ratis.grpc.client.GrpcClientProtocolClient.groupAdd(GrpcClientProtocolClient.java:138)
	at org.apache.ratis.grpc.client.GrpcClientRpc.sendRequest(GrpcClientRpc.java:94)
	at org.apache.ratis.client.impl.RaftClientImpl.sendRequest(RaftClientImpl.java:279)
	at org.apache.ratis.client.impl.RaftClientImpl.groupAdd(RaftClientImpl.java:206)
	at org.apache.hadoop.hdds.scm.pipeline.RatisPipelineProvider.lambda$initializePipeline$4(RatisPipelineProvider.java:194)
	at org.apache.hadoop.hdds.scm.pipeline.RatisPipelineProvider.lambda$null$5(RatisPipelineProvider.java:231)
	at java.util.stream.ForEachOps$ForEachOp$OfRef.accept(ForEachOps.java:184)
	at java.util.ArrayList$ArrayListSpliterator.forEachRemaining(ArrayList.java:1382)
	at java.util.stream.AbstractPipeline.copyInto(AbstractPipeline.java:482)
	at java.util.stream.ForEachOps$ForEachTask.compute(ForEachOps.java:291)
	at java.util.concurrent.CountedCompleter.exec(CountedCompleter.java:731)
	at java.util.concurrent.ForkJoinTask.doExec(ForkJoinTask.java:289)
	at java.util.concurrent.ForkJoinPool$WorkQueue.runTask(ForkJoinPool.java:1056)
	at java.util.concurrent.ForkJoinPool.runWorker(ForkJoinPool.java:1692)
	at java.util.concurrent.ForkJoinWorkerThread.run(ForkJoinWorkerThread.java:157)
Caused by: org.apache.ratis.thirdparty.io.grpc.StatusRuntimeException: DEADLINE_EXCEEDED
	at org.apache.ratis.thirdparty.io.grpc.stub.ClientCalls.toStatusRuntimeException(ClientCalls.java:233)
	at org.apache.ratis.thirdparty.io.grpc.stub.ClientCalls.getUnchecked(ClientCalls.java:214)
	at org.apache.ratis.thirdparty.io.grpc.stub.ClientCalls.blockingUnaryCall(ClientCalls.java:139)
	at org.apache.ratis.proto.grpc.AdminProtocolServiceGrpc$AdminProtocolServiceBlockingStub.groupManagement(AdminProtocolServiceGrpc.java:274)
	at org.apache.ratis.grpc.client.GrpcClientProtocolClient.lambda$groupAdd$3(GrpcClientProtocolClient.java:140)
	at org.apache.ratis.grpc.client.GrpcClientProtocolClient.blockingCall(GrpcClientProtocolClient.java:167)
	... 15 more
2019-08-29 08:18:18,810 [RATISCREATEPIPELINE1] ERROR pipeline.RatisPipelineProvider (RatisPipelineProvider.java:lambda$null$5(235)) - Failed invoke Ratis rpc org.apache.hadoop.hdds.scm.pipeline.RatisPipelineProvider$$Lambda$171/510276410@27064323 for dd9a91c5-5c4b-4478-b7f7-3956f198c950
org.apache.ratis.protocol.TimeoutIOException: deadline exceeded after 2997787681ns
	at org.apache.ratis.grpc.GrpcUtil.tryUnwrapException(GrpcUtil.java:82)
	at org.apache.ratis.grpc.GrpcUtil.unwrapException(GrpcUtil.java:75)
	at org.apache.ratis.grpc.client.GrpcClientProtocolClient.blockingCall(GrpcClientProtocolClient.java:169)
	at org.apache.ratis.grpc.client.GrpcClientProtocolClient.groupAdd(GrpcClientProtocolClient.java:138)
	at org.apache.ratis.grpc.client.GrpcClientRpc.sendRequest(GrpcClientRpc.java:94)
	at org.apache.ratis.client.impl.RaftClientImpl.sendRequest(RaftClientImpl.java:279)
	at org.apache.ratis.client.impl.RaftClientImpl.groupAdd(RaftClientImpl.java:206)
	at org.apache.hadoop.hdds.scm.pipeline.RatisPipelineProvider.lambda$initializePipeline$4(RatisPipelineProvider.java:194)
	at org.apache.hadoop.hdds.scm.pipeline.RatisPipelineProvider.lambda$null$5(RatisPipelineProvider.java:231)
	at java.util.stream.ForEachOps$ForEachOp$OfRef.accept(ForEachOps.java:184)
	at java.util.ArrayList$ArrayListSpliterator.forEachRemaining(ArrayList.java:1382)
	at java.util.stream.AbstractPipeline.copyInto(AbstractPipeline.java:482)
	at java.util.stream.ForEachOps$ForEachTask.compute(ForEachOps.java:291)
	at java.util.concurrent.CountedCompleter.exec(CountedCompleter.java:731)
	at java.util.concurrent.ForkJoinTask.doExec(ForkJoinTask.java:289)
	at java.util.concurrent.ForkJoinTask.doInvoke(ForkJoinTask.java:401)
	at java.util.concurrent.ForkJoinTask.invoke(ForkJoinTask.java:734)
	at java.util.stream.ForEachOps$ForEachOp.evaluateParallel(ForEachOps.java:160)
	at java.util.stream.ForEachOps$ForEachOp$OfRef.evaluateParallel(ForEachOps.java:174)
	at java.util.stream.AbstractPipeline.evaluate(AbstractPipeline.java:233)
	at java.util.stream.ReferencePipeline.forEach(ReferencePipeline.java:418)
	at java.util.stream.ReferencePipeline$Head.forEach(ReferencePipeline.java:583)
	at org.apache.hadoop.hdds.scm.pipeline.RatisPipelineProvider.lambda$callRatisRpc$6(RatisPipelineProvider.java:225)
	at java.util.concurrent.ForkJoinTask$AdaptedRunnableAction.exec(ForkJoinTask.java:1386)
	at java.util.concurrent.ForkJoinTask.doExec(ForkJoinTask.java:289)
	at java.util.concurrent.ForkJoinPool$WorkQueue.runTask(ForkJoinPool.java:1056)
	at java.util.concurrent.ForkJoinPool.runWorker(ForkJoinPool.java:1692)
	at java.util.concurrent.ForkJoinWorkerThread.run(ForkJoinWorkerThread.java:157)
Caused by: org.apache.ratis.thirdparty.io.grpc.StatusRuntimeException: DEADLINE_EXCEEDED: deadline exceeded after 2997787681ns
	at org.apache.ratis.thirdparty.io.grpc.stub.ClientCalls.toStatusRuntimeException(ClientCalls.java:233)
	at org.apache.ratis.thirdparty.io.grpc.stub.ClientCalls.getUnchecked(ClientCalls.java:214)
	at org.apache.ratis.thirdparty.io.grpc.stub.ClientCalls.blockingUnaryCall(ClientCalls.java:139)
	at org.apache.ratis.proto.grpc.AdminProtocolServiceGrpc$AdminProtocolServiceBlockingStub.groupManagement(AdminProtocolServiceGrpc.java:274)
	at org.apache.ratis.grpc.client.GrpcClientProtocolClient.lambda$groupAdd$3(GrpcClientProtocolClient.java:140)
	at org.apache.ratis.grpc.client.GrpcClientProtocolClient.blockingCall(GrpcClientProtocolClient.java:167)
	... 25 more
2019-08-29 08:18:18,814 [IPC Server handler 14 on 42726] WARN  block.BlockManagerImpl (BlockManagerImpl.java:allocateBlock(192)) - Pipeline creation failed for type:RATIS factor:THREE. Retrying get pipelines call once.
org.apache.hadoop.io.MultipleIOException: 3 exceptions [java.io.IOException: Failed invoke Ratis rpc org.apache.hadoop.hdds.scm.pipeline.RatisPipelineProvider$$Lambda$171/510276410@27064323 for 14879765-9127-45ba-89de-04712631aaf6, java.io.IOException: Failed invoke Ratis rpc org.apache.hadoop.hdds.scm.pipeline.RatisPipelineProvider$$Lambda$171/510276410@27064323 for 9b2222ce-dbb0-4da1-b31a-a52ba00795b8, java.io.IOException: Failed invoke Ratis rpc org.apache.hadoop.hdds.scm.pipeline.RatisPipelineProvider$$Lambda$171/510276410@27064323 for dd9a91c5-5c4b-4478-b7f7-3956f198c950]
	at org.apache.hadoop.io.MultipleIOException.createIOException(MultipleIOException.java:53)
	at org.apache.hadoop.hdds.scm.pipeline.RatisPipelineProvider.callRatisRpc(RatisPipelineProvider.java:251)
	at org.apache.hadoop.hdds.scm.pipeline.RatisPipelineProvider.initializePipeline(RatisPipelineProvider.java:192)
	at org.apache.hadoop.hdds.scm.pipeline.RatisPipelineProvider.create(RatisPipelineProvider.java:161)
	at org.apache.hadoop.hdds.scm.pipeline.PipelineFactory.create(PipelineFactory.java:57)
	at org.apache.hadoop.hdds.scm.pipeline.SCMPipelineManager.createPipeline(SCMPipelineManager.java:149)
	at org.apache.hadoop.hdds.scm.block.BlockManagerImpl.allocateBlock(BlockManagerImpl.java:190)
	at org.apache.hadoop.hdds.scm.server.SCMBlockProtocolServer.allocateBlock(SCMBlockProtocolServer.java:175)
	at org.apache.hadoop.ozone.protocolPB.ScmBlockLocationProtocolServerSideTranslatorPB.allocateScmBlock(ScmBlockLocationProtocolServerSideTranslatorPB.java:153)
	at org.apache.hadoop.ozone.protocolPB.ScmBlockLocationProtocolServerSideTranslatorPB.send(ScmBlockLocationProtocolServerSideTranslatorPB.java:112)
	at org.apache.hadoop.hdds.protocol.proto.ScmBlockLocationProtocolProtos$ScmBlockLocationProtocolService$2.callBlockingMethod(ScmBlockLocationProtocolProtos.java:13157)
	at org.apache.hadoop.ipc.ProtobufRpcEngine$Server$ProtoBufRpcInvoker.call(ProtobufRpcEngine.java:524)
	at org.apache.hadoop.ipc.RPC$Server.call(RPC.java:1025)
	at org.apache.hadoop.ipc.Server$RpcCall.run(Server.java:876)
	at org.apache.hadoop.ipc.Server$RpcCall.run(Server.java:822)
	at java.security.AccessController.doPrivileged(Native Method)
	at javax.security.auth.Subject.doAs(Subject.java:422)
	at org.apache.hadoop.security.UserGroupInformation.doAs(UserGroupInformation.java:1730)
	at org.apache.hadoop.ipc.Server$Handler.run(Server.java:2682)
2019-08-29 08:18:18,814 [IPC Server handler 14 on 42726] INFO  block.BlockManagerImpl (BlockManagerImpl.java:allocateBlock(198)) - Could not find available pipeline of type:RATIS and factor:THREE even after retrying
2019-08-29 08:18:18,814 [IPC Server handler 14 on 42726] ERROR block.BlockManagerImpl (BlockManagerImpl.java:allocateBlock(222)) - Unable to allocate a block for the size: 4194304, type: RATIS, factor: THREE
2019-08-29 08:18:18,815 | INFO  | SCMAudit | user=jenkins1000 | ip=192.168.34.54 | op=ALLOCATE_BLOCK {owner=b907be6b-be72-4542-91af-def5b892d723, size=4194304, type=RATIS, factor=THREE} | ret=SUCCESS |  
2019-08-29 08:18:18,817 | ERROR | OMAudit | user=jenkins1000 | ip=127.0.0.1 | op=ALLOCATE_KEY {volume=closecontainerexceptionhandlingtest, bucket=closecontainerexceptionhandlingtest, key=2c15170e-bec6-4dda-a2a9-5880c4811915, dataSize=8388608, replicationType=RATIS, replicationFactor=THREE, keyLocationInfo=null} | ret=FAILURE | org.apache.hadoop.hdds.scm.exceptions.SCMException: Allocated 0 blocks. Requested 2 blocks
	at org.apache.hadoop.hdds.scm.protocolPB.ScmBlockLocationProtocolClientSideTranslatorPB.handleError(ScmBlockLocationProtocolClientSideTranslatorPB.java:118)
	at org.apache.hadoop.hdds.scm.protocolPB.ScmBlockLocationProtocolClientSideTranslatorPB.allocateBlock(ScmBlockLocationProtocolClientSideTranslatorPB.java:156) 
2019-08-29 08:18:18,823 | INFO  | SCMAudit | user=jenkins1000 | ip=192.168.34.54 | op=SEND_HEARTBEAT {datanodeUUID=14879765-9127-45ba-89de-04712631aaf6, command=[]} | ret=SUCCESS |  
]]></system-out>
  </testcase>
  <testcase name="testMultiBlockWrites3" classname="org.apache.hadoop.ozone.client.rpc.TestCloseContainerHandlingByClient" time="7.719">
    <error message="Allocated 2 blocks. Requested 4 blocks" type="INTERNAL_ERROR org.apache.hadoop.ozone.om.exceptions.OMException">INTERNAL_ERROR org.apache.hadoop.ozone.om.exceptions.OMException: Allocated 2 blocks. Requested 4 blocks
	at org.apache.hadoop.ozone.om.protocolPB.OzoneManagerProtocolClientSideTranslatorPB.handleError(OzoneManagerProtocolClientSideTranslatorPB.java:725)
	at org.apache.hadoop.ozone.om.protocolPB.OzoneManagerProtocolClientSideTranslatorPB.openKey(OzoneManagerProtocolClientSideTranslatorPB.java:716)
	at org.apache.hadoop.ozone.client.rpc.RpcClient.createKey(RpcClient.java:615)
	at org.apache.hadoop.ozone.client.OzoneBucket.createKey(OzoneBucket.java:323)
	at org.apache.hadoop.ozone.container.ContainerTestHelper.createKey(ContainerTestHelper.java:694)
	at org.apache.hadoop.ozone.client.rpc.TestCloseContainerHandlingByClient.createKey(TestCloseContainerHandlingByClient.java:396)
	at org.apache.hadoop.ozone.client.rpc.TestCloseContainerHandlingByClient.testMultiBlockWrites3(TestCloseContainerHandlingByClient.java:289)
	at sun.reflect.NativeMethodAccessorImpl.invoke0(Native Method)
	at sun.reflect.NativeMethodAccessorImpl.invoke(NativeMethodAccessorImpl.java:62)
	at sun.reflect.DelegatingMethodAccessorImpl.invoke(DelegatingMethodAccessorImpl.java:43)
	at java.lang.reflect.Method.invoke(Method.java:498)
	at org.junit.runners.model.FrameworkMethod$1.runReflectiveCall(FrameworkMethod.java:47)
	at org.junit.internal.runners.model.ReflectiveCallable.run(ReflectiveCallable.java:12)
	at org.junit.runners.model.FrameworkMethod.invokeExplosively(FrameworkMethod.java:44)
	at org.junit.internal.runners.statements.InvokeMethod.evaluate(InvokeMethod.java:17)
	at org.junit.runners.ParentRunner.runLeaf(ParentRunner.java:271)
	at org.junit.runners.BlockJUnit4ClassRunner.runChild(BlockJUnit4ClassRunner.java:70)
	at org.junit.runners.BlockJUnit4ClassRunner.runChild(BlockJUnit4ClassRunner.java:50)
	at org.junit.runners.ParentRunner$3.run(ParentRunner.java:238)
	at org.junit.runners.ParentRunner$1.schedule(ParentRunner.java:63)
	at org.junit.runners.ParentRunner.runChildren(ParentRunner.java:236)
	at org.junit.runners.ParentRunner.access$000(ParentRunner.java:53)
	at org.junit.runners.ParentRunner$2.evaluate(ParentRunner.java:229)
	at org.junit.internal.runners.statements.RunBefores.evaluate(RunBefores.java:26)
	at org.junit.internal.runners.statements.RunAfters.evaluate(RunAfters.java:27)
	at org.junit.runners.ParentRunner.run(ParentRunner.java:309)
	at org.apache.maven.surefire.junit4.JUnit4Provider.execute(JUnit4Provider.java:365)
	at org.apache.maven.surefire.junit4.JUnit4Provider.executeWithRerun(JUnit4Provider.java:273)
	at org.apache.maven.surefire.junit4.JUnit4Provider.executeTestSet(JUnit4Provider.java:238)
	at org.apache.maven.surefire.junit4.JUnit4Provider.invoke(JUnit4Provider.java:159)
	at org.apache.maven.surefire.booter.ForkedBooter.invokeProviderInSameClassLoader(ForkedBooter.java:384)
	at org.apache.maven.surefire.booter.ForkedBooter.runSuitesInProcess(ForkedBooter.java:345)
	at org.apache.maven.surefire.booter.ForkedBooter.execute(ForkedBooter.java:126)
	at org.apache.maven.surefire.booter.ForkedBooter.main(ForkedBooter.java:418)
</error>
    <system-out><![CDATA[2019-08-29 08:18:18,827 | INFO  | OMAudit | user=jenkins1000 | ip=127.0.0.1 | op=READ_VOLUME {volume=closecontainerexceptionhandlingtest} | ret=SUCCESS |  
2019-08-29 08:18:18,829 | INFO  | OMAudit | user=jenkins1000 | ip=127.0.0.1 | op=READ_BUCKET {volume=closecontainerexceptionhandlingtest, bucket=closecontainerexceptionhandlingtest} | ret=SUCCESS |  
2019-08-29 08:18:18,850 [grpc-default-executor-4] INFO  impl.RaftServerProxy (RaftServerProxy.java:addNew(89)) - 9b2222ce-dbb0-4da1-b31a-a52ba00795b8: addNew group-FDA797314C32:[9b2222ce-dbb0-4da1-b31a-a52ba00795b8:192.168.34.54:34658, dd9a91c5-5c4b-4478-b7f7-3956f198c950:192.168.34.54:35600, 14879765-9127-45ba-89de-04712631aaf6:192.168.34.54:41705] returns group-FDA797314C32:java.util.concurrent.CompletableFuture@60ed3681[Not completed]
2019-08-29 08:18:18,850 [grpc-default-executor-0] INFO  impl.RaftServerProxy (RaftServerProxy.java:addNew(89)) - 14879765-9127-45ba-89de-04712631aaf6: addNew group-FDA797314C32:[9b2222ce-dbb0-4da1-b31a-a52ba00795b8:192.168.34.54:34658, dd9a91c5-5c4b-4478-b7f7-3956f198c950:192.168.34.54:35600, 14879765-9127-45ba-89de-04712631aaf6:192.168.34.54:41705] returns group-FDA797314C32:java.util.concurrent.CompletableFuture@493f45f1[Not completed]
2019-08-29 08:18:18,850 [grpc-default-executor-2] INFO  impl.RaftServerProxy (RaftServerProxy.java:addNew(89)) - dd9a91c5-5c4b-4478-b7f7-3956f198c950: addNew group-FDA797314C32:[9b2222ce-dbb0-4da1-b31a-a52ba00795b8:192.168.34.54:34658, dd9a91c5-5c4b-4478-b7f7-3956f198c950:192.168.34.54:35600, 14879765-9127-45ba-89de-04712631aaf6:192.168.34.54:41705] returns group-FDA797314C32:java.util.concurrent.CompletableFuture@3a6e9a28[Not completed]
2019-08-29 08:18:18,873 | INFO  | SCMAudit | user=jenkins1000 | ip=192.168.34.54 | op=SEND_HEARTBEAT {datanodeUUID=dd9a91c5-5c4b-4478-b7f7-3956f198c950, command=[]} | ret=SUCCESS |  
2019-08-29 08:18:19,090 | INFO  | SCMAudit | user=jenkins1000 | ip=192.168.34.54 | op=SEND_HEARTBEAT {datanodeUUID=84674177-5820-4a0b-9345-463c27e4b0c8, command=[]} | ret=SUCCESS |  
2019-08-29 08:18:19,125 | INFO  | SCMAudit | user=jenkins1000 | ip=192.168.34.54 | op=SEND_HEARTBEAT {datanodeUUID=62fbaf2b-c9dd-41a4-90d2-fdfdf099a3b1, command=[]} | ret=SUCCESS |  
2019-08-29 08:18:19,362 | INFO  | SCMAudit | user=jenkins1000 | ip=192.168.34.54 | op=SEND_HEARTBEAT {datanodeUUID=dba0a522-61fc-431c-9633-76c1b0451c6f, command=[]} | ret=SUCCESS |  
2019-08-29 08:18:19,362 | INFO  | SCMAudit | user=jenkins1000 | ip=192.168.34.54 | op=SEND_HEARTBEAT {datanodeUUID=4e66ed9b-7a7a-49e4-a069-f2e74814d405, command=[]} | ret=SUCCESS |  
2019-08-29 08:18:19,588 | INFO  | SCMAudit | user=jenkins1000 | ip=192.168.34.54 | op=SEND_HEARTBEAT {datanodeUUID=9b2222ce-dbb0-4da1-b31a-a52ba00795b8, command=[]} | ret=SUCCESS |  
2019-08-29 08:18:19,823 | INFO  | SCMAudit | user=jenkins1000 | ip=192.168.34.54 | op=SEND_HEARTBEAT {datanodeUUID=14879765-9127-45ba-89de-04712631aaf6, command=[]} | ret=SUCCESS |  
2019-08-29 08:18:19,873 | INFO  | SCMAudit | user=jenkins1000 | ip=192.168.34.54 | op=SEND_HEARTBEAT {datanodeUUID=dd9a91c5-5c4b-4478-b7f7-3956f198c950, command=[]} | ret=SUCCESS |  
2019-08-29 08:18:20,090 | INFO  | SCMAudit | user=jenkins1000 | ip=192.168.34.54 | op=SEND_HEARTBEAT {datanodeUUID=84674177-5820-4a0b-9345-463c27e4b0c8, command=[]} | ret=SUCCESS |  
2019-08-29 08:18:20,122 | INFO  | SCMAudit | user=jenkins1000 | ip=192.168.34.54 | op=SEND_HEARTBEAT {datanodeUUID=62fbaf2b-c9dd-41a4-90d2-fdfdf099a3b1, command=[]} | ret=SUCCESS |  
2019-08-29 08:18:20,362 | INFO  | SCMAudit | user=jenkins1000 | ip=192.168.34.54 | op=SEND_HEARTBEAT {datanodeUUID=dba0a522-61fc-431c-9633-76c1b0451c6f, command=[]} | ret=SUCCESS |  
2019-08-29 08:18:20,362 | INFO  | SCMAudit | user=jenkins1000 | ip=192.168.34.54 | op=SEND_HEARTBEAT {datanodeUUID=4e66ed9b-7a7a-49e4-a069-f2e74814d405, command=[]} | ret=SUCCESS |  
2019-08-29 08:18:20,573 [Thread-285] INFO  impl.FollowerState (FollowerState.java:run(106)) - 9b2222ce-dbb0-4da1-b31a-a52ba00795b8:group-68C63D44239F changes to CANDIDATE, lastRpcTime:5131, electionTimeout:5128ms
2019-08-29 08:18:20,573 [Thread-285] INFO  impl.RoleInfo (RoleInfo.java:shutdownFollowerState(121)) - 9b2222ce-dbb0-4da1-b31a-a52ba00795b8: shutdown FollowerState
2019-08-29 08:18:20,574 [Thread-285] INFO  impl.RaftServerImpl (RaftServerImpl.java:setRole(171)) - 9b2222ce-dbb0-4da1-b31a-a52ba00795b8:group-68C63D44239F changes role from FOLLOWER to CANDIDATE at term 2 for changeToCandidate
2019-08-29 08:18:20,574 [Thread-285] INFO  impl.RoleInfo (RoleInfo.java:updateAndGet(143)) - 9b2222ce-dbb0-4da1-b31a-a52ba00795b8: start LeaderElection
2019-08-29 08:18:20,588 | INFO  | SCMAudit | user=jenkins1000 | ip=192.168.34.54 | op=SEND_HEARTBEAT {datanodeUUID=9b2222ce-dbb0-4da1-b31a-a52ba00795b8, command=[]} | ret=SUCCESS |  
2019-08-29 08:18:20,823 | INFO  | SCMAudit | user=jenkins1000 | ip=192.168.34.54 | op=SEND_HEARTBEAT {datanodeUUID=14879765-9127-45ba-89de-04712631aaf6, command=[]} | ret=SUCCESS |  
2019-08-29 08:18:20,874 | INFO  | SCMAudit | user=jenkins1000 | ip=192.168.34.54 | op=SEND_HEARTBEAT {datanodeUUID=dd9a91c5-5c4b-4478-b7f7-3956f198c950, command=[]} | ret=SUCCESS |  
2019-08-29 08:18:21,090 | INFO  | SCMAudit | user=jenkins1000 | ip=192.168.34.54 | op=SEND_HEARTBEAT {datanodeUUID=84674177-5820-4a0b-9345-463c27e4b0c8, command=[]} | ret=SUCCESS |  
2019-08-29 08:18:21,122 | INFO  | SCMAudit | user=jenkins1000 | ip=192.168.34.54 | op=SEND_HEARTBEAT {datanodeUUID=62fbaf2b-c9dd-41a4-90d2-fdfdf099a3b1, command=[]} | ret=SUCCESS |  
2019-08-29 08:18:21,362 | INFO  | SCMAudit | user=jenkins1000 | ip=192.168.34.54 | op=SEND_HEARTBEAT {datanodeUUID=dba0a522-61fc-431c-9633-76c1b0451c6f, command=[]} | ret=SUCCESS |  
2019-08-29 08:18:21,363 | INFO  | SCMAudit | user=jenkins1000 | ip=192.168.34.54 | op=SEND_HEARTBEAT {datanodeUUID=4e66ed9b-7a7a-49e4-a069-f2e74814d405, command=[]} | ret=SUCCESS |  
2019-08-29 08:18:21,588 | INFO  | SCMAudit | user=jenkins1000 | ip=192.168.34.54 | op=SEND_HEARTBEAT {datanodeUUID=9b2222ce-dbb0-4da1-b31a-a52ba00795b8, command=[]} | ret=SUCCESS |  
2019-08-29 08:18:21,823 | INFO  | SCMAudit | user=jenkins1000 | ip=192.168.34.54 | op=SEND_HEARTBEAT {datanodeUUID=14879765-9127-45ba-89de-04712631aaf6, command=[]} | ret=SUCCESS |  
2019-08-29 08:18:21,849 [RATISCREATEPIPELINE1] ERROR pipeline.RatisPipelineProvider (RatisPipelineProvider.java:lambda$null$5(235)) - Failed invoke Ratis rpc org.apache.hadoop.hdds.scm.pipeline.RatisPipelineProvider$$Lambda$171/510276410@3787bb4b for dd9a91c5-5c4b-4478-b7f7-3956f198c950
org.apache.ratis.protocol.TimeoutIOException: deadline exceeded after 2999630511ns
	at org.apache.ratis.grpc.GrpcUtil.tryUnwrapException(GrpcUtil.java:82)
	at org.apache.ratis.grpc.GrpcUtil.unwrapException(GrpcUtil.java:75)
	at org.apache.ratis.grpc.client.GrpcClientProtocolClient.blockingCall(GrpcClientProtocolClient.java:169)
	at org.apache.ratis.grpc.client.GrpcClientProtocolClient.groupAdd(GrpcClientProtocolClient.java:138)
	at org.apache.ratis.grpc.client.GrpcClientRpc.sendRequest(GrpcClientRpc.java:94)
	at org.apache.ratis.client.impl.RaftClientImpl.sendRequest(RaftClientImpl.java:279)
	at org.apache.ratis.client.impl.RaftClientImpl.groupAdd(RaftClientImpl.java:206)
	at org.apache.hadoop.hdds.scm.pipeline.RatisPipelineProvider.lambda$initializePipeline$4(RatisPipelineProvider.java:194)
	at org.apache.hadoop.hdds.scm.pipeline.RatisPipelineProvider.lambda$null$5(RatisPipelineProvider.java:231)
	at java.util.stream.ForEachOps$ForEachOp$OfRef.accept(ForEachOps.java:184)
	at java.util.ArrayList$ArrayListSpliterator.forEachRemaining(ArrayList.java:1382)
	at java.util.stream.AbstractPipeline.copyInto(AbstractPipeline.java:482)
	at java.util.stream.ForEachOps$ForEachTask.compute(ForEachOps.java:291)
	at java.util.concurrent.CountedCompleter.exec(CountedCompleter.java:731)
	at java.util.concurrent.ForkJoinTask.doExec(ForkJoinTask.java:289)
	at java.util.concurrent.ForkJoinTask.doInvoke(ForkJoinTask.java:401)
	at java.util.concurrent.ForkJoinTask.invoke(ForkJoinTask.java:734)
	at java.util.stream.ForEachOps$ForEachOp.evaluateParallel(ForEachOps.java:160)
	at java.util.stream.ForEachOps$ForEachOp$OfRef.evaluateParallel(ForEachOps.java:174)
	at java.util.stream.AbstractPipeline.evaluate(AbstractPipeline.java:233)
	at java.util.stream.ReferencePipeline.forEach(ReferencePipeline.java:418)
	at java.util.stream.ReferencePipeline$Head.forEach(ReferencePipeline.java:583)
	at org.apache.hadoop.hdds.scm.pipeline.RatisPipelineProvider.lambda$callRatisRpc$6(RatisPipelineProvider.java:225)
	at java.util.concurrent.ForkJoinTask$AdaptedRunnableAction.exec(ForkJoinTask.java:1386)
	at java.util.concurrent.ForkJoinTask.doExec(ForkJoinTask.java:289)
	at java.util.concurrent.ForkJoinPool$WorkQueue.runTask(ForkJoinPool.java:1056)
	at java.util.concurrent.ForkJoinPool.runWorker(ForkJoinPool.java:1692)
	at java.util.concurrent.ForkJoinWorkerThread.run(ForkJoinWorkerThread.java:157)
Caused by: org.apache.ratis.thirdparty.io.grpc.StatusRuntimeException: DEADLINE_EXCEEDED: deadline exceeded after 2999630511ns
	at org.apache.ratis.thirdparty.io.grpc.stub.ClientCalls.toStatusRuntimeException(ClientCalls.java:233)
	at org.apache.ratis.thirdparty.io.grpc.stub.ClientCalls.getUnchecked(ClientCalls.java:214)
	at org.apache.ratis.thirdparty.io.grpc.stub.ClientCalls.blockingUnaryCall(ClientCalls.java:139)
	at org.apache.ratis.proto.grpc.AdminProtocolServiceGrpc$AdminProtocolServiceBlockingStub.groupManagement(AdminProtocolServiceGrpc.java:274)
	at org.apache.ratis.grpc.client.GrpcClientProtocolClient.lambda$groupAdd$3(GrpcClientProtocolClient.java:140)
	at org.apache.ratis.grpc.client.GrpcClientProtocolClient.blockingCall(GrpcClientProtocolClient.java:167)
	... 25 more
2019-08-29 08:18:21,849 [RATISCREATEPIPELINE3] ERROR pipeline.RatisPipelineProvider (RatisPipelineProvider.java:lambda$null$5(235)) - Failed invoke Ratis rpc org.apache.hadoop.hdds.scm.pipeline.RatisPipelineProvider$$Lambda$171/510276410@3787bb4b for 14879765-9127-45ba-89de-04712631aaf6
org.apache.ratis.protocol.TimeoutIOException: deadline exceeded after 2999710494ns
	at org.apache.ratis.grpc.GrpcUtil.tryUnwrapException(GrpcUtil.java:82)
	at org.apache.ratis.grpc.GrpcUtil.unwrapException(GrpcUtil.java:75)
	at org.apache.ratis.grpc.client.GrpcClientProtocolClient.blockingCall(GrpcClientProtocolClient.java:169)
	at org.apache.ratis.grpc.client.GrpcClientProtocolClient.groupAdd(GrpcClientProtocolClient.java:138)
	at org.apache.ratis.grpc.client.GrpcClientRpc.sendRequest(GrpcClientRpc.java:94)
	at org.apache.ratis.client.impl.RaftClientImpl.sendRequest(RaftClientImpl.java:279)
	at org.apache.ratis.client.impl.RaftClientImpl.groupAdd(RaftClientImpl.java:206)
	at org.apache.hadoop.hdds.scm.pipeline.RatisPipelineProvider.lambda$initializePipeline$4(RatisPipelineProvider.java:194)
	at org.apache.hadoop.hdds.scm.pipeline.RatisPipelineProvider.lambda$null$5(RatisPipelineProvider.java:231)
	at java.util.stream.ForEachOps$ForEachOp$OfRef.accept(ForEachOps.java:184)
	at java.util.ArrayList$ArrayListSpliterator.forEachRemaining(ArrayList.java:1382)
	at java.util.stream.AbstractPipeline.copyInto(AbstractPipeline.java:482)
	at java.util.stream.ForEachOps$ForEachTask.compute(ForEachOps.java:291)
	at java.util.concurrent.CountedCompleter.exec(CountedCompleter.java:731)
	at java.util.concurrent.ForkJoinTask.doExec(ForkJoinTask.java:289)
	at java.util.concurrent.ForkJoinPool$WorkQueue.runTask(ForkJoinPool.java:1056)
	at java.util.concurrent.ForkJoinPool.runWorker(ForkJoinPool.java:1692)
	at java.util.concurrent.ForkJoinWorkerThread.run(ForkJoinWorkerThread.java:157)
Caused by: org.apache.ratis.thirdparty.io.grpc.StatusRuntimeException: DEADLINE_EXCEEDED: deadline exceeded after 2999710494ns
	at org.apache.ratis.thirdparty.io.grpc.stub.ClientCalls.toStatusRuntimeException(ClientCalls.java:233)
	at org.apache.ratis.thirdparty.io.grpc.stub.ClientCalls.getUnchecked(ClientCalls.java:214)
	at org.apache.ratis.thirdparty.io.grpc.stub.ClientCalls.blockingUnaryCall(ClientCalls.java:139)
	at org.apache.ratis.proto.grpc.AdminProtocolServiceGrpc$AdminProtocolServiceBlockingStub.groupManagement(AdminProtocolServiceGrpc.java:274)
	at org.apache.ratis.grpc.client.GrpcClientProtocolClient.lambda$groupAdd$3(GrpcClientProtocolClient.java:140)
	at org.apache.ratis.grpc.client.GrpcClientProtocolClient.blockingCall(GrpcClientProtocolClient.java:167)
	... 15 more
2019-08-29 08:18:21,849 [RATISCREATEPIPELINE2] ERROR pipeline.RatisPipelineProvider (RatisPipelineProvider.java:lambda$null$5(235)) - Failed invoke Ratis rpc org.apache.hadoop.hdds.scm.pipeline.RatisPipelineProvider$$Lambda$171/510276410@3787bb4b for 9b2222ce-dbb0-4da1-b31a-a52ba00795b8
org.apache.ratis.protocol.TimeoutIOException: deadline exceeded after 2999630528ns
	at org.apache.ratis.grpc.GrpcUtil.tryUnwrapException(GrpcUtil.java:82)
	at org.apache.ratis.grpc.GrpcUtil.unwrapException(GrpcUtil.java:75)
	at org.apache.ratis.grpc.client.GrpcClientProtocolClient.blockingCall(GrpcClientProtocolClient.java:169)
	at org.apache.ratis.grpc.client.GrpcClientProtocolClient.groupAdd(GrpcClientProtocolClient.java:138)
	at org.apache.ratis.grpc.client.GrpcClientRpc.sendRequest(GrpcClientRpc.java:94)
	at org.apache.ratis.client.impl.RaftClientImpl.sendRequest(RaftClientImpl.java:279)
	at org.apache.ratis.client.impl.RaftClientImpl.groupAdd(RaftClientImpl.java:206)
	at org.apache.hadoop.hdds.scm.pipeline.RatisPipelineProvider.lambda$initializePipeline$4(RatisPipelineProvider.java:194)
	at org.apache.hadoop.hdds.scm.pipeline.RatisPipelineProvider.lambda$null$5(RatisPipelineProvider.java:231)
	at java.util.stream.ForEachOps$ForEachOp$OfRef.accept(ForEachOps.java:184)
	at java.util.ArrayList$ArrayListSpliterator.forEachRemaining(ArrayList.java:1382)
	at java.util.stream.AbstractPipeline.copyInto(AbstractPipeline.java:482)
	at java.util.stream.ForEachOps$ForEachTask.compute(ForEachOps.java:291)
	at java.util.concurrent.CountedCompleter.exec(CountedCompleter.java:731)
	at java.util.concurrent.ForkJoinTask.doExec(ForkJoinTask.java:289)
	at java.util.concurrent.ForkJoinPool$WorkQueue.runTask(ForkJoinPool.java:1056)
	at java.util.concurrent.ForkJoinPool.runWorker(ForkJoinPool.java:1692)
	at java.util.concurrent.ForkJoinWorkerThread.run(ForkJoinWorkerThread.java:157)
Caused by: org.apache.ratis.thirdparty.io.grpc.StatusRuntimeException: DEADLINE_EXCEEDED: deadline exceeded after 2999630528ns
	at org.apache.ratis.thirdparty.io.grpc.stub.ClientCalls.toStatusRuntimeException(ClientCalls.java:233)
	at org.apache.ratis.thirdparty.io.grpc.stub.ClientCalls.getUnchecked(ClientCalls.java:214)
	at org.apache.ratis.thirdparty.io.grpc.stub.ClientCalls.blockingUnaryCall(ClientCalls.java:139)
	at org.apache.ratis.proto.grpc.AdminProtocolServiceGrpc$AdminProtocolServiceBlockingStub.groupManagement(AdminProtocolServiceGrpc.java:274)
	at org.apache.ratis.grpc.client.GrpcClientProtocolClient.lambda$groupAdd$3(GrpcClientProtocolClient.java:140)
	at org.apache.ratis.grpc.client.GrpcClientProtocolClient.blockingCall(GrpcClientProtocolClient.java:167)
	... 15 more
2019-08-29 08:18:21,867 [IPC Server handler 19 on 42726] WARN  block.BlockManagerImpl (BlockManagerImpl.java:allocateBlock(192)) - Pipeline creation failed for type:RATIS factor:THREE. Retrying get pipelines call once.
org.apache.hadoop.io.MultipleIOException: 3 exceptions [java.io.IOException: Failed invoke Ratis rpc org.apache.hadoop.hdds.scm.pipeline.RatisPipelineProvider$$Lambda$171/510276410@3787bb4b for dd9a91c5-5c4b-4478-b7f7-3956f198c950, java.io.IOException: Failed invoke Ratis rpc org.apache.hadoop.hdds.scm.pipeline.RatisPipelineProvider$$Lambda$171/510276410@3787bb4b for 14879765-9127-45ba-89de-04712631aaf6, java.io.IOException: Failed invoke Ratis rpc org.apache.hadoop.hdds.scm.pipeline.RatisPipelineProvider$$Lambda$171/510276410@3787bb4b for 9b2222ce-dbb0-4da1-b31a-a52ba00795b8]
	at org.apache.hadoop.io.MultipleIOException.createIOException(MultipleIOException.java:53)
	at org.apache.hadoop.hdds.scm.pipeline.RatisPipelineProvider.callRatisRpc(RatisPipelineProvider.java:251)
	at org.apache.hadoop.hdds.scm.pipeline.RatisPipelineProvider.initializePipeline(RatisPipelineProvider.java:192)
	at org.apache.hadoop.hdds.scm.pipeline.RatisPipelineProvider.create(RatisPipelineProvider.java:161)
	at org.apache.hadoop.hdds.scm.pipeline.PipelineFactory.create(PipelineFactory.java:57)
	at org.apache.hadoop.hdds.scm.pipeline.SCMPipelineManager.createPipeline(SCMPipelineManager.java:149)
	at org.apache.hadoop.hdds.scm.block.BlockManagerImpl.allocateBlock(BlockManagerImpl.java:190)
	at org.apache.hadoop.hdds.scm.server.SCMBlockProtocolServer.allocateBlock(SCMBlockProtocolServer.java:175)
	at org.apache.hadoop.ozone.protocolPB.ScmBlockLocationProtocolServerSideTranslatorPB.allocateScmBlock(ScmBlockLocationProtocolServerSideTranslatorPB.java:153)
	at org.apache.hadoop.ozone.protocolPB.ScmBlockLocationProtocolServerSideTranslatorPB.send(ScmBlockLocationProtocolServerSideTranslatorPB.java:112)
	at org.apache.hadoop.hdds.protocol.proto.ScmBlockLocationProtocolProtos$ScmBlockLocationProtocolService$2.callBlockingMethod(ScmBlockLocationProtocolProtos.java:13157)
	at org.apache.hadoop.ipc.ProtobufRpcEngine$Server$ProtoBufRpcInvoker.call(ProtobufRpcEngine.java:524)
	at org.apache.hadoop.ipc.RPC$Server.call(RPC.java:1025)
	at org.apache.hadoop.ipc.Server$RpcCall.run(Server.java:876)
	at org.apache.hadoop.ipc.Server$RpcCall.run(Server.java:822)
	at java.security.AccessController.doPrivileged(Native Method)
	at javax.security.auth.Subject.doAs(Subject.java:422)
	at org.apache.hadoop.security.UserGroupInformation.doAs(UserGroupInformation.java:1730)
	at org.apache.hadoop.ipc.Server$Handler.run(Server.java:2682)
2019-08-29 08:18:21,868 [IPC Server handler 19 on 42726] INFO  block.BlockManagerImpl (BlockManagerImpl.java:allocateBlock(198)) - Could not find available pipeline of type:RATIS and factor:THREE even after retrying
2019-08-29 08:18:21,868 [IPC Server handler 19 on 42726] ERROR block.BlockManagerImpl (BlockManagerImpl.java:allocateBlock(222)) - Unable to allocate a block for the size: 4194304, type: RATIS, factor: THREE
2019-08-29 08:18:21,874 | INFO  | SCMAudit | user=jenkins1000 | ip=192.168.34.54 | op=SEND_HEARTBEAT {datanodeUUID=dd9a91c5-5c4b-4478-b7f7-3956f198c950, command=[]} | ret=SUCCESS |  
2019-08-29 08:18:21,882 [grpc-default-executor-0] INFO  impl.RaftServerProxy (RaftServerProxy.java:addNew(89)) - 9b2222ce-dbb0-4da1-b31a-a52ba00795b8: addNew group-63A8D25A6702:[9b2222ce-dbb0-4da1-b31a-a52ba00795b8:192.168.34.54:34658, dd9a91c5-5c4b-4478-b7f7-3956f198c950:192.168.34.54:35600, 14879765-9127-45ba-89de-04712631aaf6:192.168.34.54:41705] returns group-63A8D25A6702:java.util.concurrent.CompletableFuture@2aa4fc11[Not completed]
2019-08-29 08:18:21,882 [grpc-default-executor-2] INFO  impl.RaftServerProxy (RaftServerProxy.java:addNew(89)) - 14879765-9127-45ba-89de-04712631aaf6: addNew group-63A8D25A6702:[9b2222ce-dbb0-4da1-b31a-a52ba00795b8:192.168.34.54:34658, dd9a91c5-5c4b-4478-b7f7-3956f198c950:192.168.34.54:35600, 14879765-9127-45ba-89de-04712631aaf6:192.168.34.54:41705] returns group-63A8D25A6702:java.util.concurrent.CompletableFuture@3ed28251[Not completed]
2019-08-29 08:18:21,882 [grpc-default-executor-4] INFO  impl.RaftServerProxy (RaftServerProxy.java:addNew(89)) - dd9a91c5-5c4b-4478-b7f7-3956f198c950: addNew group-63A8D25A6702:[9b2222ce-dbb0-4da1-b31a-a52ba00795b8:192.168.34.54:34658, dd9a91c5-5c4b-4478-b7f7-3956f198c950:192.168.34.54:35600, 14879765-9127-45ba-89de-04712631aaf6:192.168.34.54:41705] returns group-63A8D25A6702:java.util.concurrent.CompletableFuture@31d919c5[Not completed]
2019-08-29 08:18:22,090 | INFO  | SCMAudit | user=jenkins1000 | ip=192.168.34.54 | op=SEND_HEARTBEAT {datanodeUUID=84674177-5820-4a0b-9345-463c27e4b0c8, command=[]} | ret=SUCCESS |  
2019-08-29 08:18:22,122 | INFO  | SCMAudit | user=jenkins1000 | ip=192.168.34.54 | op=SEND_HEARTBEAT {datanodeUUID=62fbaf2b-c9dd-41a4-90d2-fdfdf099a3b1, command=[]} | ret=SUCCESS |  
2019-08-29 08:18:22,362 | INFO  | SCMAudit | user=jenkins1000 | ip=192.168.34.54 | op=SEND_HEARTBEAT {datanodeUUID=4e66ed9b-7a7a-49e4-a069-f2e74814d405, command=[]} | ret=SUCCESS |  
2019-08-29 08:18:22,362 | INFO  | SCMAudit | user=jenkins1000 | ip=192.168.34.54 | op=SEND_HEARTBEAT {datanodeUUID=dba0a522-61fc-431c-9633-76c1b0451c6f, command=[]} | ret=SUCCESS |  
2019-08-29 08:18:22,588 | INFO  | SCMAudit | user=jenkins1000 | ip=192.168.34.54 | op=SEND_HEARTBEAT {datanodeUUID=9b2222ce-dbb0-4da1-b31a-a52ba00795b8, command=[]} | ret=SUCCESS |  
2019-08-29 08:18:22,626 [pool-49-thread-1] INFO  storage.RaftStorage (RaftStorage.java:format(72)) - Storage directory /workdir/hadoop-ozone/integration-test/target/test-dir/MiniOzoneClusterImpl-ef39a000-56f8-499f-ba54-08500adcb141/datanode-2/data/ratis/866e4eaa-64b2-4e13-af9a-f4e1730b74ee has been successfully formatted.
2019-08-29 08:18:22,626 [pool-93-thread-1] INFO  storage.RaftStorage (RaftStorage.java:format(72)) - Storage directory /workdir/hadoop-ozone/integration-test/target/test-dir/MiniOzoneClusterImpl-ef39a000-56f8-499f-ba54-08500adcb141/datanode-6/data/ratis/7b3a2503-82fa-46bd-b444-29aa9db7490e has been successfully formatted.
2019-08-29 08:18:22,626 [pool-60-thread-1] INFO  storage.RaftStorage (RaftStorage.java:format(72)) - Storage directory /workdir/hadoop-ozone/integration-test/target/test-dir/MiniOzoneClusterImpl-ef39a000-56f8-499f-ba54-08500adcb141/datanode-3/data/ratis/866e4eaa-64b2-4e13-af9a-f4e1730b74ee has been successfully formatted.
2019-08-29 08:18:22,626 [pool-49-thread-1] INFO  ratis.ContainerStateMachine (ContainerStateMachine.java:loadSnapshot(226)) - group-F4E1730B74EE: The snapshot info is null. Setting the last applied indexto:(t:0, i:~)
2019-08-29 08:18:22,626 [pool-93-thread-1] INFO  ratis.ContainerStateMachine (ContainerStateMachine.java:loadSnapshot(226)) - group-29AA9DB7490E: The snapshot info is null. Setting the last applied indexto:(t:0, i:~)
2019-08-29 08:18:22,626 [pool-49-thread-1] INFO  server.RaftServerConfigKeys (ConfUtils.java:logGet(43)) - raft.server.leader.election.timeout = 120s (custom)
2019-08-29 08:18:22,626 [pool-60-thread-1] INFO  ratis.ContainerStateMachine (ContainerStateMachine.java:loadSnapshot(226)) - group-F4E1730B74EE: The snapshot info is null. Setting the last applied indexto:(t:0, i:~)
2019-08-29 08:18:22,627 [pool-49-thread-1] INFO  server.RaftServerConfigKeys (ConfUtils.java:logGet(43)) - raft.server.log.use.memory = false (default)
2019-08-29 08:18:22,627 [pool-93-thread-1] INFO  server.RaftServerConfigKeys (ConfUtils.java:logGet(43)) - raft.server.leader.election.timeout = 120s (custom)
2019-08-29 08:18:22,627 [pool-49-thread-1] INFO  server.RaftServerConfigKeys (ConfUtils.java:logGet(43)) - raft.server.log.purge.gap = 1000000 (custom)
2019-08-29 08:18:22,627 [pool-60-thread-1] INFO  server.RaftServerConfigKeys (ConfUtils.java:logGet(43)) - raft.server.leader.election.timeout = 120s (custom)
2019-08-29 08:18:22,627 [pool-49-thread-1] INFO  server.RaftServerConfigKeys (ConfUtils.java:logGet(43)) - raft.server.log.appender.buffer.byte-limit = 33554432 (custom)
2019-08-29 08:18:22,627 [pool-93-thread-1] INFO  server.RaftServerConfigKeys (ConfUtils.java:logGet(43)) - raft.server.log.use.memory = false (default)
2019-08-29 08:18:22,628 [pool-49-thread-1] INFO  server.RaftServerConfigKeys (ConfUtils.java:logGet(43)) - raft.server.log.segment.size.max = 1048576 (custom)
2019-08-29 08:18:22,628 [pool-60-thread-1] INFO  server.RaftServerConfigKeys (ConfUtils.java:logGet(43)) - raft.server.log.use.memory = false (default)
2019-08-29 08:18:22,628 [pool-49-thread-1] INFO  server.RaftServerConfigKeys (ConfUtils.java:logGet(43)) - raft.server.log.segment.cache.num.max = 2 (custom)
2019-08-29 08:18:22,628 [pool-93-thread-1] INFO  server.RaftServerConfigKeys (ConfUtils.java:logGet(43)) - raft.server.log.purge.gap = 1000000 (custom)
2019-08-29 08:18:22,628 [pool-49-thread-1] INFO  segmented.SegmentedRaftLogWorker (SegmentedRaftLogWorker.java:<init>(172)) - new 14879765-9127-45ba-89de-04712631aaf6-SegmentedRaftLogWorker:Storage Directory /workdir/hadoop-ozone/integration-test/target/test-dir/MiniOzoneClusterImpl-ef39a000-56f8-499f-ba54-08500adcb141/datanode-2/data/ratis/866e4eaa-64b2-4e13-af9a-f4e1730b74ee for RaftStorage:Storage Directory /workdir/hadoop-ozone/integration-test/target/test-dir/MiniOzoneClusterImpl-ef39a000-56f8-499f-ba54-08500adcb141/datanode-2/data/ratis/866e4eaa-64b2-4e13-af9a-f4e1730b74ee
2019-08-29 08:18:22,628 [pool-60-thread-1] INFO  server.RaftServerConfigKeys (ConfUtils.java:logGet(43)) - raft.server.log.purge.gap = 1000000 (custom)
2019-08-29 08:18:22,629 [pool-49-thread-1] INFO  server.RaftServerConfigKeys (ConfUtils.java:logGet(43)) - raft.server.log.queue.byte-limit = 2147483647 (custom)
2019-08-29 08:18:22,629 [pool-93-thread-1] INFO  server.RaftServerConfigKeys (ConfUtils.java:logGet(43)) - raft.server.log.appender.buffer.byte-limit = 33554432 (custom)
2019-08-29 08:18:22,637 [pool-49-thread-1] INFO  server.RaftServerConfigKeys (ConfUtils.java:logGet(43)) - raft.server.log.queue.element-limit = 1024 (custom)
2019-08-29 08:18:22,629 [pool-60-thread-1] INFO  server.RaftServerConfigKeys (ConfUtils.java:logGet(43)) - raft.server.log.appender.buffer.byte-limit = 33554432 (custom)
2019-08-29 08:18:22,638 [pool-49-thread-1] INFO  server.RaftServerConfigKeys (ConfUtils.java:logGet(43)) - raft.server.log.segment.size.max = 1048576 (custom)
2019-08-29 08:18:22,638 [pool-93-thread-1] INFO  server.RaftServerConfigKeys (ConfUtils.java:logGet(43)) - raft.server.log.segment.size.max = 1048576 (custom)
2019-08-29 08:18:22,638 [pool-49-thread-1] INFO  server.RaftServerConfigKeys (ConfUtils.java:logGet(43)) - raft.server.log.preallocated.size = 16384 (custom)
2019-08-29 08:18:22,638 [pool-60-thread-1] INFO  server.RaftServerConfigKeys (ConfUtils.java:logGet(43)) - raft.server.log.segment.size.max = 1048576 (custom)
2019-08-29 08:18:22,638 [pool-49-thread-1] INFO  server.RaftServerConfigKeys (ConfUtils.java:logGet(43)) - raft.server.log.write.buffer.size = 33554432 (custom)
2019-08-29 08:18:22,638 [pool-93-thread-1] INFO  server.RaftServerConfigKeys (ConfUtils.java:logGet(43)) - raft.server.log.segment.cache.num.max = 2 (custom)
2019-08-29 08:18:22,639 [pool-49-thread-1] INFO  server.RaftServerConfigKeys (ConfUtils.java:logGet(43)) - raft.server.log.force.sync.num = 128 (default)
2019-08-29 08:18:22,638 [pool-60-thread-1] INFO  server.RaftServerConfigKeys (ConfUtils.java:logGet(43)) - raft.server.log.segment.cache.num.max = 2 (custom)
2019-08-29 08:18:22,639 [pool-49-thread-1] INFO  server.RaftServerConfigKeys (ConfUtils.java:logGet(43)) - raft.server.log.statemachine.data.sync = true (default)
2019-08-29 08:18:22,639 [pool-93-thread-1] INFO  segmented.SegmentedRaftLogWorker (SegmentedRaftLogWorker.java:<init>(172)) - new 9b2222ce-dbb0-4da1-b31a-a52ba00795b8-SegmentedRaftLogWorker:Storage Directory /workdir/hadoop-ozone/integration-test/target/test-dir/MiniOzoneClusterImpl-ef39a000-56f8-499f-ba54-08500adcb141/datanode-6/data/ratis/7b3a2503-82fa-46bd-b444-29aa9db7490e for RaftStorage:Storage Directory /workdir/hadoop-ozone/integration-test/target/test-dir/MiniOzoneClusterImpl-ef39a000-56f8-499f-ba54-08500adcb141/datanode-6/data/ratis/7b3a2503-82fa-46bd-b444-29aa9db7490e
2019-08-29 08:18:22,639 [pool-49-thread-1] INFO  server.RaftServerConfigKeys (ConfUtils.java:logGet(43)) - raft.server.log.statemachine.data.sync.timeout = 10s (default)
2019-08-29 08:18:22,639 [pool-60-thread-1] INFO  segmented.SegmentedRaftLogWorker (SegmentedRaftLogWorker.java:<init>(172)) - new dd9a91c5-5c4b-4478-b7f7-3956f198c950-SegmentedRaftLogWorker:Storage Directory /workdir/hadoop-ozone/integration-test/target/test-dir/MiniOzoneClusterImpl-ef39a000-56f8-499f-ba54-08500adcb141/datanode-3/data/ratis/866e4eaa-64b2-4e13-af9a-f4e1730b74ee for RaftStorage:Storage Directory /workdir/hadoop-ozone/integration-test/target/test-dir/MiniOzoneClusterImpl-ef39a000-56f8-499f-ba54-08500adcb141/datanode-3/data/ratis/866e4eaa-64b2-4e13-af9a-f4e1730b74ee
2019-08-29 08:18:22,640 [pool-49-thread-1] INFO  server.RaftServerConfigKeys (ConfUtils.java:logGet(43)) - raft.server.log.statemachine.data.sync.timeout.retry = -1 (default)
2019-08-29 08:18:22,640 [pool-93-thread-1] INFO  server.RaftServerConfigKeys (ConfUtils.java:logGet(43)) - raft.server.log.queue.byte-limit = 2147483647 (custom)
2019-08-29 08:18:22,642 [pool-49-thread-1] INFO  server.RaftServerConfigKeys (ConfUtils.java:logGet(43)) - raft.server.log.statemachine.data.caching.enabled = true (custom)
2019-08-29 08:18:22,641 [pool-60-thread-1] INFO  server.RaftServerConfigKeys (ConfUtils.java:logGet(43)) - raft.server.log.queue.byte-limit = 2147483647 (custom)
2019-08-29 08:18:22,642 [pool-93-thread-1] INFO  server.RaftServerConfigKeys (ConfUtils.java:logGet(43)) - raft.server.log.queue.element-limit = 1024 (custom)
2019-08-29 08:18:22,643 [pool-49-thread-1] INFO  segmented.SegmentedRaftLogWorker (SegmentedRaftLogWorker.java:lambda$new$0(132)) - 14879765-9127-45ba-89de-04712631aaf6-SegmentedRaftLogWorker:Storage Directory /workdir/hadoop-ozone/integration-test/target/test-dir/MiniOzoneClusterImpl-ef39a000-56f8-499f-ba54-08500adcb141/datanode-2/data/ratis/866e4eaa-64b2-4e13-af9a-f4e1730b74ee: flushIndex: setUnconditionally 0 -> -1
2019-08-29 08:18:22,643 [pool-60-thread-1] INFO  server.RaftServerConfigKeys (ConfUtils.java:logGet(43)) - raft.server.log.queue.element-limit = 1024 (custom)
2019-08-29 08:18:22,643 [pool-93-thread-1] INFO  server.RaftServerConfigKeys (ConfUtils.java:logGet(43)) - raft.server.log.segment.size.max = 1048576 (custom)
2019-08-29 08:18:22,643 [pool-60-thread-1] INFO  server.RaftServerConfigKeys (ConfUtils.java:logGet(43)) - raft.server.log.segment.size.max = 1048576 (custom)
2019-08-29 08:18:22,643 [pool-49-thread-1] INFO  server.RaftServerConfigKeys (ConfUtils.java:logGet(43)) - raft.server.snapshot.auto.trigger.enabled = true (custom)
2019-08-29 08:18:22,644 [pool-60-thread-1] INFO  server.RaftServerConfigKeys (ConfUtils.java:logGet(43)) - raft.server.log.preallocated.size = 16384 (custom)
2019-08-29 08:18:22,644 [pool-93-thread-1] INFO  server.RaftServerConfigKeys (ConfUtils.java:logGet(43)) - raft.server.log.preallocated.size = 16384 (custom)
2019-08-29 08:18:22,644 [pool-60-thread-1] INFO  server.RaftServerConfigKeys (ConfUtils.java:logGet(43)) - raft.server.log.write.buffer.size = 33554432 (custom)
2019-08-29 08:18:22,644 [pool-49-thread-1] INFO  server.RaftServerConfigKeys (ConfUtils.java:logGet(43)) - raft.server.snapshot.auto.trigger.threshold = 10000 (custom)
2019-08-29 08:18:22,644 [pool-60-thread-1] INFO  server.RaftServerConfigKeys (ConfUtils.java:logGet(43)) - raft.server.log.force.sync.num = 128 (default)
2019-08-29 08:18:22,644 [pool-93-thread-1] INFO  server.RaftServerConfigKeys (ConfUtils.java:logGet(43)) - raft.server.log.write.buffer.size = 33554432 (custom)
2019-08-29 08:18:22,644 [pool-60-thread-1] INFO  server.RaftServerConfigKeys (ConfUtils.java:logGet(43)) - raft.server.log.statemachine.data.sync = true (default)
2019-08-29 08:18:22,644 [pool-49-thread-1] INFO  server.RaftServerConfigKeys (ConfUtils.java:logGet(43)) - raft.server.retrycache.expirytime = 600000ms (custom)
2019-08-29 08:18:22,645 [pool-60-thread-1] INFO  server.RaftServerConfigKeys (ConfUtils.java:logGet(43)) - raft.server.log.statemachine.data.sync.timeout = 10s (default)
2019-08-29 08:18:22,645 [pool-93-thread-1] INFO  server.RaftServerConfigKeys (ConfUtils.java:logGet(43)) - raft.server.log.force.sync.num = 128 (default)
2019-08-29 08:18:22,645 [pool-60-thread-1] INFO  server.RaftServerConfigKeys (ConfUtils.java:logGet(43)) - raft.server.log.statemachine.data.sync.timeout.retry = -1 (default)
2019-08-29 08:18:22,645 [pool-93-thread-1] INFO  server.RaftServerConfigKeys (ConfUtils.java:logGet(43)) - raft.server.log.statemachine.data.sync = true (default)
2019-08-29 08:18:22,645 [pool-60-thread-1] INFO  server.RaftServerConfigKeys (ConfUtils.java:logGet(43)) - raft.server.log.statemachine.data.caching.enabled = true (custom)
2019-08-29 08:18:22,645 [pool-93-thread-1] INFO  server.RaftServerConfigKeys (ConfUtils.java:logGet(43)) - raft.server.log.statemachine.data.sync.timeout = 10s (default)
2019-08-29 08:18:22,646 [pool-93-thread-1] INFO  server.RaftServerConfigKeys (ConfUtils.java:logGet(43)) - raft.server.log.statemachine.data.sync.timeout.retry = -1 (default)
2019-08-29 08:18:22,646 [pool-60-thread-1] INFO  segmented.SegmentedRaftLogWorker (SegmentedRaftLogWorker.java:lambda$new$0(132)) - dd9a91c5-5c4b-4478-b7f7-3956f198c950-SegmentedRaftLogWorker:Storage Directory /workdir/hadoop-ozone/integration-test/target/test-dir/MiniOzoneClusterImpl-ef39a000-56f8-499f-ba54-08500adcb141/datanode-3/data/ratis/866e4eaa-64b2-4e13-af9a-f4e1730b74ee: flushIndex: setUnconditionally 0 -> -1
2019-08-29 08:18:22,646 [pool-93-thread-1] INFO  server.RaftServerConfigKeys (ConfUtils.java:logGet(43)) - raft.server.log.statemachine.data.caching.enabled = true (custom)
2019-08-29 08:18:22,646 [pool-60-thread-1] INFO  server.RaftServerConfigKeys (ConfUtils.java:logGet(43)) - raft.server.snapshot.auto.trigger.enabled = true (custom)
2019-08-29 08:18:22,646 [pool-93-thread-1] INFO  segmented.SegmentedRaftLogWorker (SegmentedRaftLogWorker.java:lambda$new$0(132)) - 9b2222ce-dbb0-4da1-b31a-a52ba00795b8-SegmentedRaftLogWorker:Storage Directory /workdir/hadoop-ozone/integration-test/target/test-dir/MiniOzoneClusterImpl-ef39a000-56f8-499f-ba54-08500adcb141/datanode-6/data/ratis/7b3a2503-82fa-46bd-b444-29aa9db7490e: flushIndex: setUnconditionally 0 -> -1
2019-08-29 08:18:22,646 [pool-60-thread-1] INFO  server.RaftServerConfigKeys (ConfUtils.java:logGet(43)) - raft.server.snapshot.auto.trigger.threshold = 10000 (custom)
2019-08-29 08:18:22,647 [pool-93-thread-1] INFO  server.RaftServerConfigKeys (ConfUtils.java:logGet(43)) - raft.server.snapshot.auto.trigger.enabled = true (custom)
2019-08-29 08:18:22,647 [pool-60-thread-1] INFO  server.RaftServerConfigKeys (ConfUtils.java:logGet(43)) - raft.server.retrycache.expirytime = 600000ms (custom)
2019-08-29 08:18:22,647 [pool-93-thread-1] INFO  server.RaftServerConfigKeys (ConfUtils.java:logGet(43)) - raft.server.snapshot.auto.trigger.threshold = 10000 (custom)
2019-08-29 08:18:22,647 [pool-93-thread-1] INFO  server.RaftServerConfigKeys (ConfUtils.java:logGet(43)) - raft.server.retrycache.expirytime = 600000ms (custom)
2019-08-29 08:18:22,648 [pool-49-thread-1] INFO  impl.RaftServerImpl (RaftServerImpl.java:<init>(93)) - 14879765-9127-45ba-89de-04712631aaf6: new RaftServerImpl for group-5EE34F4F29F8:[9b2222ce-dbb0-4da1-b31a-a52ba00795b8:192.168.34.54:34658, dd9a91c5-5c4b-4478-b7f7-3956f198c950:192.168.34.54:35600, 14879765-9127-45ba-89de-04712631aaf6:192.168.34.54:41705] with ContainerStateMachine:uninitialized
2019-08-29 08:18:22,648 [pool-49-thread-1] INFO  server.RaftServerConfigKeys (ConfUtils.java:logGet(43)) - raft.server.rpc.timeout.min = 5s (custom)
2019-08-29 08:18:22,648 [pool-49-thread-1] INFO  server.RaftServerConfigKeys (ConfUtils.java:logGet(43)) - raft.server.rpc.timeout.max = 5200ms (custom)
2019-08-29 08:18:22,649 [pool-49-thread-1] INFO  server.RaftServerConfigKeys (ConfUtils.java:logGet(43)) - raft.server.rpcslowness.timeout = 120s (custom)
2019-08-29 08:18:22,649 [pool-93-thread-1] INFO  impl.RaftServerImpl (RaftServerImpl.java:<init>(93)) - 9b2222ce-dbb0-4da1-b31a-a52ba00795b8: new RaftServerImpl for group-F4E1730B74EE:[9b2222ce-dbb0-4da1-b31a-a52ba00795b8:192.168.34.54:34658, dd9a91c5-5c4b-4478-b7f7-3956f198c950:192.168.34.54:35600, 14879765-9127-45ba-89de-04712631aaf6:192.168.34.54:41705] with ContainerStateMachine:uninitialized
2019-08-29 08:18:22,649 [pool-49-thread-1] INFO  server.RaftServerConfigKeys (ConfUtils.java:logGet(43)) - raft.server.sleep.deviation.threshold = 300 (default)
2019-08-29 08:18:22,649 [pool-93-thread-1] INFO  server.RaftServerConfigKeys (ConfUtils.java:logGet(43)) - raft.server.rpc.timeout.min = 5s (custom)
2019-08-29 08:18:22,649 [pool-49-thread-1] INFO  server.RaftServerConfigKeys (ConfUtils.java:logGet(43)) - raft.server.log.appender.install.snapshot.enabled = false (custom)
2019-08-29 08:18:22,649 [pool-93-thread-1] INFO  server.RaftServerConfigKeys (ConfUtils.java:logGet(43)) - raft.server.rpc.timeout.max = 5200ms (custom)
2019-08-29 08:18:22,649 [pool-49-thread-1] INFO  impl.RaftServerImpl (ServerState.java:<init>(105)) - 14879765-9127-45ba-89de-04712631aaf6:group-5EE34F4F29F8 ConfigurationManager, init=-1: [9b2222ce-dbb0-4da1-b31a-a52ba00795b8:192.168.34.54:34658, dd9a91c5-5c4b-4478-b7f7-3956f198c950:192.168.34.54:35600, 14879765-9127-45ba-89de-04712631aaf6:192.168.34.54:41705], old=null, confs=<EMPTY_MAP>
2019-08-29 08:18:22,649 [pool-93-thread-1] INFO  server.RaftServerConfigKeys (ConfUtils.java:logGet(43)) - raft.server.rpcslowness.timeout = 120s (custom)
2019-08-29 08:18:22,649 [pool-93-thread-1] INFO  server.RaftServerConfigKeys (ConfUtils.java:logGet(43)) - raft.server.sleep.deviation.threshold = 300 (default)
2019-08-29 08:18:22,649 [pool-49-thread-1] INFO  server.RaftServerConfigKeys (ConfUtils.java:logGet(43)) - raft.server.storage.dir = [/workdir/hadoop-ozone/integration-test/target/test-dir/MiniOzoneClusterImpl-ef39a000-56f8-499f-ba54-08500adcb141/datanode-2/data/ratis] (custom)
2019-08-29 08:18:22,649 [pool-60-thread-1] INFO  impl.RaftServerImpl (RaftServerImpl.java:<init>(93)) - dd9a91c5-5c4b-4478-b7f7-3956f198c950: new RaftServerImpl for group-5EE34F4F29F8:[9b2222ce-dbb0-4da1-b31a-a52ba00795b8:192.168.34.54:34658, dd9a91c5-5c4b-4478-b7f7-3956f198c950:192.168.34.54:35600, 14879765-9127-45ba-89de-04712631aaf6:192.168.34.54:41705] with ContainerStateMachine:uninitialized
2019-08-29 08:18:22,649 [pool-93-thread-1] INFO  server.RaftServerConfigKeys (ConfUtils.java:logGet(43)) - raft.server.log.appender.install.snapshot.enabled = false (custom)
2019-08-29 08:18:22,650 [pool-60-thread-1] INFO  server.RaftServerConfigKeys (ConfUtils.java:logGet(43)) - raft.server.rpc.timeout.min = 5s (custom)
2019-08-29 08:18:22,650 [pool-93-thread-1] INFO  impl.RaftServerImpl (ServerState.java:<init>(105)) - 9b2222ce-dbb0-4da1-b31a-a52ba00795b8:group-F4E1730B74EE ConfigurationManager, init=-1: [9b2222ce-dbb0-4da1-b31a-a52ba00795b8:192.168.34.54:34658, dd9a91c5-5c4b-4478-b7f7-3956f198c950:192.168.34.54:35600, 14879765-9127-45ba-89de-04712631aaf6:192.168.34.54:41705], old=null, confs=<EMPTY_MAP>
2019-08-29 08:18:22,650 [pool-60-thread-1] INFO  server.RaftServerConfigKeys (ConfUtils.java:logGet(43)) - raft.server.rpc.timeout.max = 5200ms (custom)
2019-08-29 08:18:22,650 [pool-49-thread-1] INFO  storage.RaftStorageDirectory (RaftStorageDirectory.java:analyzeStorage(246)) - The storage directory /workdir/hadoop-ozone/integration-test/target/test-dir/MiniOzoneClusterImpl-ef39a000-56f8-499f-ba54-08500adcb141/datanode-2/data/ratis/bca96f84-0e9e-487d-bb9c-5ee34f4f29f8 does not exist. Creating ...
2019-08-29 08:18:22,650 [pool-93-thread-1] INFO  server.RaftServerConfigKeys (ConfUtils.java:logGet(43)) - raft.server.storage.dir = [/workdir/hadoop-ozone/integration-test/target/test-dir/MiniOzoneClusterImpl-ef39a000-56f8-499f-ba54-08500adcb141/datanode-6/data/ratis] (custom)
2019-08-29 08:18:22,650 [pool-60-thread-1] INFO  server.RaftServerConfigKeys (ConfUtils.java:logGet(43)) - raft.server.rpcslowness.timeout = 120s (custom)
2019-08-29 08:18:22,650 [pool-60-thread-1] INFO  server.RaftServerConfigKeys (ConfUtils.java:logGet(43)) - raft.server.sleep.deviation.threshold = 300 (default)
2019-08-29 08:18:22,651 [pool-60-thread-1] INFO  server.RaftServerConfigKeys (ConfUtils.java:logGet(43)) - raft.server.log.appender.install.snapshot.enabled = false (custom)
2019-08-29 08:18:22,651 [pool-60-thread-1] INFO  impl.RaftServerImpl (ServerState.java:<init>(105)) - dd9a91c5-5c4b-4478-b7f7-3956f198c950:group-5EE34F4F29F8 ConfigurationManager, init=-1: [9b2222ce-dbb0-4da1-b31a-a52ba00795b8:192.168.34.54:34658, dd9a91c5-5c4b-4478-b7f7-3956f198c950:192.168.34.54:35600, 14879765-9127-45ba-89de-04712631aaf6:192.168.34.54:41705], old=null, confs=<EMPTY_MAP>
2019-08-29 08:18:22,651 [pool-60-thread-1] INFO  server.RaftServerConfigKeys (ConfUtils.java:logGet(43)) - raft.server.storage.dir = [/workdir/hadoop-ozone/integration-test/target/test-dir/MiniOzoneClusterImpl-ef39a000-56f8-499f-ba54-08500adcb141/datanode-3/data/ratis] (custom)
2019-08-29 08:18:22,651 [pool-60-thread-1] INFO  storage.RaftStorageDirectory (RaftStorageDirectory.java:analyzeStorage(246)) - The storage directory /workdir/hadoop-ozone/integration-test/target/test-dir/MiniOzoneClusterImpl-ef39a000-56f8-499f-ba54-08500adcb141/datanode-3/data/ratis/bca96f84-0e9e-487d-bb9c-5ee34f4f29f8 does not exist. Creating ...
2019-08-29 08:18:22,823 | INFO  | SCMAudit | user=jenkins1000 | ip=192.168.34.54 | op=SEND_HEARTBEAT {datanodeUUID=14879765-9127-45ba-89de-04712631aaf6, command=[]} | ret=SUCCESS |  
2019-08-29 08:18:22,874 | INFO  | SCMAudit | user=jenkins1000 | ip=192.168.34.54 | op=SEND_HEARTBEAT {datanodeUUID=dd9a91c5-5c4b-4478-b7f7-3956f198c950, command=[]} | ret=SUCCESS |  
2019-08-29 08:18:23,090 | INFO  | SCMAudit | user=jenkins1000 | ip=192.168.34.54 | op=SEND_HEARTBEAT {datanodeUUID=84674177-5820-4a0b-9345-463c27e4b0c8, command=[]} | ret=SUCCESS |  
2019-08-29 08:18:23,123 | INFO  | SCMAudit | user=jenkins1000 | ip=192.168.34.54 | op=SEND_HEARTBEAT {datanodeUUID=62fbaf2b-c9dd-41a4-90d2-fdfdf099a3b1, command=[]} | ret=SUCCESS |  
2019-08-29 08:18:23,362 | INFO  | SCMAudit | user=jenkins1000 | ip=192.168.34.54 | op=SEND_HEARTBEAT {datanodeUUID=dba0a522-61fc-431c-9633-76c1b0451c6f, command=[]} | ret=SUCCESS |  
2019-08-29 08:18:23,363 | INFO  | SCMAudit | user=jenkins1000 | ip=192.168.34.54 | op=SEND_HEARTBEAT {datanodeUUID=4e66ed9b-7a7a-49e4-a069-f2e74814d405, command=[]} | ret=SUCCESS |  
2019-08-29 08:18:23,578 [pool-93-thread-1] INFO  storage.RaftStorageDirectory (RaftStorageDirectory.java:analyzeStorage(246)) - The storage directory /workdir/hadoop-ozone/integration-test/target/test-dir/MiniOzoneClusterImpl-ef39a000-56f8-499f-ba54-08500adcb141/datanode-6/data/ratis/866e4eaa-64b2-4e13-af9a-f4e1730b74ee does not exist. Creating ...
2019-08-29 08:18:23,589 | INFO  | SCMAudit | user=jenkins1000 | ip=192.168.34.54 | op=SEND_HEARTBEAT {datanodeUUID=9b2222ce-dbb0-4da1-b31a-a52ba00795b8, command=[]} | ret=SUCCESS |  
2019-08-29 08:18:23,822 | INFO  | SCMAudit | user=jenkins1000 | ip=192.168.34.54 | op=SEND_HEARTBEAT {datanodeUUID=14879765-9127-45ba-89de-04712631aaf6, command=[]} | ret=SUCCESS |  
2019-08-29 08:18:23,877 | INFO  | SCMAudit | user=jenkins1000 | ip=192.168.34.54 | op=SEND_HEARTBEAT {datanodeUUID=dd9a91c5-5c4b-4478-b7f7-3956f198c950, command=[]} | ret=SUCCESS |  
2019-08-29 08:18:24,090 | INFO  | SCMAudit | user=jenkins1000 | ip=192.168.34.54 | op=SEND_HEARTBEAT {datanodeUUID=84674177-5820-4a0b-9345-463c27e4b0c8, command=[]} | ret=SUCCESS |  
2019-08-29 08:18:24,123 | INFO  | SCMAudit | user=jenkins1000 | ip=192.168.34.54 | op=SEND_HEARTBEAT {datanodeUUID=62fbaf2b-c9dd-41a4-90d2-fdfdf099a3b1, command=[]} | ret=SUCCESS |  
2019-08-29 08:18:24,362 | INFO  | SCMAudit | user=jenkins1000 | ip=192.168.34.54 | op=SEND_HEARTBEAT {datanodeUUID=dba0a522-61fc-431c-9633-76c1b0451c6f, command=[]} | ret=SUCCESS |  
2019-08-29 08:18:24,363 | INFO  | SCMAudit | user=jenkins1000 | ip=192.168.34.54 | op=SEND_HEARTBEAT {datanodeUUID=4e66ed9b-7a7a-49e4-a069-f2e74814d405, command=[]} | ret=SUCCESS |  
2019-08-29 08:18:24,589 | INFO  | SCMAudit | user=jenkins1000 | ip=192.168.34.54 | op=SEND_HEARTBEAT {datanodeUUID=9b2222ce-dbb0-4da1-b31a-a52ba00795b8, command=[]} | ret=SUCCESS |  
2019-08-29 08:18:24,822 | INFO  | SCMAudit | user=jenkins1000 | ip=192.168.34.54 | op=SEND_HEARTBEAT {datanodeUUID=14879765-9127-45ba-89de-04712631aaf6, command=[]} | ret=SUCCESS |  
2019-08-29 08:18:24,877 | INFO  | SCMAudit | user=jenkins1000 | ip=192.168.34.54 | op=SEND_HEARTBEAT {datanodeUUID=dd9a91c5-5c4b-4478-b7f7-3956f198c950, command=[]} | ret=SUCCESS |  
2019-08-29 08:18:24,880 [RATISCREATEPIPELINE1] ERROR pipeline.RatisPipelineProvider (RatisPipelineProvider.java:lambda$null$5(235)) - Failed invoke Ratis rpc org.apache.hadoop.hdds.scm.pipeline.RatisPipelineProvider$$Lambda$171/510276410@7fe2a647 for dd9a91c5-5c4b-4478-b7f7-3956f198c950
org.apache.ratis.protocol.TimeoutIOException
	at org.apache.ratis.grpc.GrpcUtil.tryUnwrapException(GrpcUtil.java:82)
	at org.apache.ratis.grpc.GrpcUtil.unwrapException(GrpcUtil.java:75)
	at org.apache.ratis.grpc.client.GrpcClientProtocolClient.blockingCall(GrpcClientProtocolClient.java:169)
	at org.apache.ratis.grpc.client.GrpcClientProtocolClient.groupAdd(GrpcClientProtocolClient.java:138)
	at org.apache.ratis.grpc.client.GrpcClientRpc.sendRequest(GrpcClientRpc.java:94)
	at org.apache.ratis.client.impl.RaftClientImpl.sendRequest(RaftClientImpl.java:279)
	at org.apache.ratis.client.impl.RaftClientImpl.groupAdd(RaftClientImpl.java:206)
	at org.apache.hadoop.hdds.scm.pipeline.RatisPipelineProvider.lambda$initializePipeline$4(RatisPipelineProvider.java:194)
	at org.apache.hadoop.hdds.scm.pipeline.RatisPipelineProvider.lambda$null$5(RatisPipelineProvider.java:231)
	at java.util.stream.ForEachOps$ForEachOp$OfRef.accept(ForEachOps.java:184)
	at java.util.ArrayList$ArrayListSpliterator.forEachRemaining(ArrayList.java:1382)
	at java.util.stream.AbstractPipeline.copyInto(AbstractPipeline.java:482)
	at java.util.stream.ForEachOps$ForEachTask.compute(ForEachOps.java:291)
	at java.util.concurrent.CountedCompleter.exec(CountedCompleter.java:731)
	at java.util.concurrent.ForkJoinTask.doExec(ForkJoinTask.java:289)
	at java.util.concurrent.ForkJoinTask.doInvoke(ForkJoinTask.java:401)
	at java.util.concurrent.ForkJoinTask.invoke(ForkJoinTask.java:734)
	at java.util.stream.ForEachOps$ForEachOp.evaluateParallel(ForEachOps.java:160)
	at java.util.stream.ForEachOps$ForEachOp$OfRef.evaluateParallel(ForEachOps.java:174)
	at java.util.stream.AbstractPipeline.evaluate(AbstractPipeline.java:233)
	at java.util.stream.ReferencePipeline.forEach(ReferencePipeline.java:418)
	at java.util.stream.ReferencePipeline$Head.forEach(ReferencePipeline.java:583)
	at org.apache.hadoop.hdds.scm.pipeline.RatisPipelineProvider.lambda$callRatisRpc$6(RatisPipelineProvider.java:225)
	at java.util.concurrent.ForkJoinTask$AdaptedRunnableAction.exec(ForkJoinTask.java:1386)
	at java.util.concurrent.ForkJoinTask.doExec(ForkJoinTask.java:289)
	at java.util.concurrent.ForkJoinPool$WorkQueue.runTask(ForkJoinPool.java:1056)
	at java.util.concurrent.ForkJoinPool.runWorker(ForkJoinPool.java:1692)
	at java.util.concurrent.ForkJoinWorkerThread.run(ForkJoinWorkerThread.java:157)
Caused by: org.apache.ratis.thirdparty.io.grpc.StatusRuntimeException: DEADLINE_EXCEEDED
	at org.apache.ratis.thirdparty.io.grpc.stub.ClientCalls.toStatusRuntimeException(ClientCalls.java:233)
	at org.apache.ratis.thirdparty.io.grpc.stub.ClientCalls.getUnchecked(ClientCalls.java:214)
	at org.apache.ratis.thirdparty.io.grpc.stub.ClientCalls.blockingUnaryCall(ClientCalls.java:139)
	at org.apache.ratis.proto.grpc.AdminProtocolServiceGrpc$AdminProtocolServiceBlockingStub.groupManagement(AdminProtocolServiceGrpc.java:274)
	at org.apache.ratis.grpc.client.GrpcClientProtocolClient.lambda$groupAdd$3(GrpcClientProtocolClient.java:140)
	at org.apache.ratis.grpc.client.GrpcClientProtocolClient.blockingCall(GrpcClientProtocolClient.java:167)
	... 25 more
2019-08-29 08:18:24,880 [RATISCREATEPIPELINE3] ERROR pipeline.RatisPipelineProvider (RatisPipelineProvider.java:lambda$null$5(235)) - Failed invoke Ratis rpc org.apache.hadoop.hdds.scm.pipeline.RatisPipelineProvider$$Lambda$171/510276410@7fe2a647 for 14879765-9127-45ba-89de-04712631aaf6
org.apache.ratis.protocol.TimeoutIOException: deadline exceeded after 2999589504ns
	at org.apache.ratis.grpc.GrpcUtil.tryUnwrapException(GrpcUtil.java:82)
	at org.apache.ratis.grpc.GrpcUtil.unwrapException(GrpcUtil.java:75)
	at org.apache.ratis.grpc.client.GrpcClientProtocolClient.blockingCall(GrpcClientProtocolClient.java:169)
	at org.apache.ratis.grpc.client.GrpcClientProtocolClient.groupAdd(GrpcClientProtocolClient.java:138)
	at org.apache.ratis.grpc.client.GrpcClientRpc.sendRequest(GrpcClientRpc.java:94)
	at org.apache.ratis.client.impl.RaftClientImpl.sendRequest(RaftClientImpl.java:279)
	at org.apache.ratis.client.impl.RaftClientImpl.groupAdd(RaftClientImpl.java:206)
	at org.apache.hadoop.hdds.scm.pipeline.RatisPipelineProvider.lambda$initializePipeline$4(RatisPipelineProvider.java:194)
	at org.apache.hadoop.hdds.scm.pipeline.RatisPipelineProvider.lambda$null$5(RatisPipelineProvider.java:231)
	at java.util.stream.ForEachOps$ForEachOp$OfRef.accept(ForEachOps.java:184)
	at java.util.ArrayList$ArrayListSpliterator.forEachRemaining(ArrayList.java:1382)
	at java.util.stream.AbstractPipeline.copyInto(AbstractPipeline.java:482)
	at java.util.stream.ForEachOps$ForEachTask.compute(ForEachOps.java:291)
	at java.util.concurrent.CountedCompleter.exec(CountedCompleter.java:731)
	at java.util.concurrent.ForkJoinTask.doExec(ForkJoinTask.java:289)
	at java.util.concurrent.ForkJoinPool$WorkQueue.runTask(ForkJoinPool.java:1056)
	at java.util.concurrent.ForkJoinPool.runWorker(ForkJoinPool.java:1692)
	at java.util.concurrent.ForkJoinWorkerThread.run(ForkJoinWorkerThread.java:157)
Caused by: org.apache.ratis.thirdparty.io.grpc.StatusRuntimeException: DEADLINE_EXCEEDED: deadline exceeded after 2999589504ns
	at org.apache.ratis.thirdparty.io.grpc.stub.ClientCalls.toStatusRuntimeException(ClientCalls.java:233)
	at org.apache.ratis.thirdparty.io.grpc.stub.ClientCalls.getUnchecked(ClientCalls.java:214)
	at org.apache.ratis.thirdparty.io.grpc.stub.ClientCalls.blockingUnaryCall(ClientCalls.java:139)
	at org.apache.ratis.proto.grpc.AdminProtocolServiceGrpc$AdminProtocolServiceBlockingStub.groupManagement(AdminProtocolServiceGrpc.java:274)
	at org.apache.ratis.grpc.client.GrpcClientProtocolClient.lambda$groupAdd$3(GrpcClientProtocolClient.java:140)
	at org.apache.ratis.grpc.client.GrpcClientProtocolClient.blockingCall(GrpcClientProtocolClient.java:167)
	... 15 more
2019-08-29 08:18:24,880 [RATISCREATEPIPELINE2] ERROR pipeline.RatisPipelineProvider (RatisPipelineProvider.java:lambda$null$5(235)) - Failed invoke Ratis rpc org.apache.hadoop.hdds.scm.pipeline.RatisPipelineProvider$$Lambda$171/510276410@7fe2a647 for 9b2222ce-dbb0-4da1-b31a-a52ba00795b8
org.apache.ratis.protocol.TimeoutIOException: deadline exceeded after 2999585296ns
	at org.apache.ratis.grpc.GrpcUtil.tryUnwrapException(GrpcUtil.java:82)
	at org.apache.ratis.grpc.GrpcUtil.unwrapException(GrpcUtil.java:75)
	at org.apache.ratis.grpc.client.GrpcClientProtocolClient.blockingCall(GrpcClientProtocolClient.java:169)
	at org.apache.ratis.grpc.client.GrpcClientProtocolClient.groupAdd(GrpcClientProtocolClient.java:138)
	at org.apache.ratis.grpc.client.GrpcClientRpc.sendRequest(GrpcClientRpc.java:94)
	at org.apache.ratis.client.impl.RaftClientImpl.sendRequest(RaftClientImpl.java:279)
	at org.apache.ratis.client.impl.RaftClientImpl.groupAdd(RaftClientImpl.java:206)
	at org.apache.hadoop.hdds.scm.pipeline.RatisPipelineProvider.lambda$initializePipeline$4(RatisPipelineProvider.java:194)
	at org.apache.hadoop.hdds.scm.pipeline.RatisPipelineProvider.lambda$null$5(RatisPipelineProvider.java:231)
	at java.util.stream.ForEachOps$ForEachOp$OfRef.accept(ForEachOps.java:184)
	at java.util.ArrayList$ArrayListSpliterator.forEachRemaining(ArrayList.java:1382)
	at java.util.stream.AbstractPipeline.copyInto(AbstractPipeline.java:482)
	at java.util.stream.ForEachOps$ForEachTask.compute(ForEachOps.java:291)
	at java.util.concurrent.CountedCompleter.exec(CountedCompleter.java:731)
	at java.util.concurrent.ForkJoinTask.doExec(ForkJoinTask.java:289)
	at java.util.concurrent.ForkJoinPool$WorkQueue.runTask(ForkJoinPool.java:1056)
	at java.util.concurrent.ForkJoinPool.runWorker(ForkJoinPool.java:1692)
	at java.util.concurrent.ForkJoinWorkerThread.run(ForkJoinWorkerThread.java:157)
Caused by: org.apache.ratis.thirdparty.io.grpc.StatusRuntimeException: DEADLINE_EXCEEDED: deadline exceeded after 2999585296ns
	at org.apache.ratis.thirdparty.io.grpc.stub.ClientCalls.toStatusRuntimeException(ClientCalls.java:233)
	at org.apache.ratis.thirdparty.io.grpc.stub.ClientCalls.getUnchecked(ClientCalls.java:214)
	at org.apache.ratis.thirdparty.io.grpc.stub.ClientCalls.blockingUnaryCall(ClientCalls.java:139)
	at org.apache.ratis.proto.grpc.AdminProtocolServiceGrpc$AdminProtocolServiceBlockingStub.groupManagement(AdminProtocolServiceGrpc.java:274)
	at org.apache.ratis.grpc.client.GrpcClientProtocolClient.lambda$groupAdd$3(GrpcClientProtocolClient.java:140)
	at org.apache.ratis.grpc.client.GrpcClientProtocolClient.blockingCall(GrpcClientProtocolClient.java:167)
	... 15 more
2019-08-29 08:18:24,898 [IPC Server handler 19 on 42726] WARN  block.BlockManagerImpl (BlockManagerImpl.java:allocateBlock(192)) - Pipeline creation failed for type:RATIS factor:THREE. Retrying get pipelines call once.
org.apache.hadoop.io.MultipleIOException: 3 exceptions [java.io.IOException: Failed invoke Ratis rpc org.apache.hadoop.hdds.scm.pipeline.RatisPipelineProvider$$Lambda$171/510276410@7fe2a647 for dd9a91c5-5c4b-4478-b7f7-3956f198c950, java.io.IOException: Failed invoke Ratis rpc org.apache.hadoop.hdds.scm.pipeline.RatisPipelineProvider$$Lambda$171/510276410@7fe2a647 for 14879765-9127-45ba-89de-04712631aaf6, java.io.IOException: Failed invoke Ratis rpc org.apache.hadoop.hdds.scm.pipeline.RatisPipelineProvider$$Lambda$171/510276410@7fe2a647 for 9b2222ce-dbb0-4da1-b31a-a52ba00795b8]
	at org.apache.hadoop.io.MultipleIOException.createIOException(MultipleIOException.java:53)
	at org.apache.hadoop.hdds.scm.pipeline.RatisPipelineProvider.callRatisRpc(RatisPipelineProvider.java:251)
	at org.apache.hadoop.hdds.scm.pipeline.RatisPipelineProvider.initializePipeline(RatisPipelineProvider.java:192)
	at org.apache.hadoop.hdds.scm.pipeline.RatisPipelineProvider.create(RatisPipelineProvider.java:161)
	at org.apache.hadoop.hdds.scm.pipeline.PipelineFactory.create(PipelineFactory.java:57)
	at org.apache.hadoop.hdds.scm.pipeline.SCMPipelineManager.createPipeline(SCMPipelineManager.java:149)
	at org.apache.hadoop.hdds.scm.block.BlockManagerImpl.allocateBlock(BlockManagerImpl.java:190)
	at org.apache.hadoop.hdds.scm.server.SCMBlockProtocolServer.allocateBlock(SCMBlockProtocolServer.java:175)
	at org.apache.hadoop.ozone.protocolPB.ScmBlockLocationProtocolServerSideTranslatorPB.allocateScmBlock(ScmBlockLocationProtocolServerSideTranslatorPB.java:153)
	at org.apache.hadoop.ozone.protocolPB.ScmBlockLocationProtocolServerSideTranslatorPB.send(ScmBlockLocationProtocolServerSideTranslatorPB.java:112)
	at org.apache.hadoop.hdds.protocol.proto.ScmBlockLocationProtocolProtos$ScmBlockLocationProtocolService$2.callBlockingMethod(ScmBlockLocationProtocolProtos.java:13157)
	at org.apache.hadoop.ipc.ProtobufRpcEngine$Server$ProtoBufRpcInvoker.call(ProtobufRpcEngine.java:524)
	at org.apache.hadoop.ipc.RPC$Server.call(RPC.java:1025)
	at org.apache.hadoop.ipc.Server$RpcCall.run(Server.java:876)
	at org.apache.hadoop.ipc.Server$RpcCall.run(Server.java:822)
	at java.security.AccessController.doPrivileged(Native Method)
	at javax.security.auth.Subject.doAs(Subject.java:422)
	at org.apache.hadoop.security.UserGroupInformation.doAs(UserGroupInformation.java:1730)
	at org.apache.hadoop.ipc.Server$Handler.run(Server.java:2682)
2019-08-29 08:18:24,898 [IPC Server handler 19 on 42726] INFO  block.BlockManagerImpl (BlockManagerImpl.java:allocateBlock(198)) - Could not find available pipeline of type:RATIS and factor:THREE even after retrying
2019-08-29 08:18:24,898 [IPC Server handler 19 on 42726] ERROR block.BlockManagerImpl (BlockManagerImpl.java:allocateBlock(222)) - Unable to allocate a block for the size: 4194304, type: RATIS, factor: THREE
2019-08-29 08:18:24,909 [14879765-9127-45ba-89de-04712631aaf6:group-68C63D44239F:LeaderElection8] INFO  impl.LeaderElection (LeaderElection.java:askForVotes(181)) - 14879765-9127-45ba-89de-04712631aaf6:group-68C63D44239F:LeaderElection8: begin an election at term 3 for -1: [9b2222ce-dbb0-4da1-b31a-a52ba00795b8:192.168.34.54:34658, dd9a91c5-5c4b-4478-b7f7-3956f198c950:192.168.34.54:35600, 14879765-9127-45ba-89de-04712631aaf6:192.168.34.54:41705], old=null
2019-08-29 08:18:24,909 [dd9a91c5-5c4b-4478-b7f7-3956f198c950:group-68C63D44239F:LeaderElection7] INFO  impl.LeaderElection (LeaderElection.java:askForVotes(181)) - dd9a91c5-5c4b-4478-b7f7-3956f198c950:group-68C63D44239F:LeaderElection7: begin an election at term 3 for -1: [9b2222ce-dbb0-4da1-b31a-a52ba00795b8:192.168.34.54:34658, dd9a91c5-5c4b-4478-b7f7-3956f198c950:192.168.34.54:35600, 14879765-9127-45ba-89de-04712631aaf6:192.168.34.54:41705], old=null
2019-08-29 08:18:24,909 [9b2222ce-dbb0-4da1-b31a-a52ba00795b8:group-68C63D44239F:LeaderElection9] INFO  impl.LeaderElection (LeaderElection.java:askForVotes(181)) - 9b2222ce-dbb0-4da1-b31a-a52ba00795b8:group-68C63D44239F:LeaderElection9: begin an election at term 3 for -1: [9b2222ce-dbb0-4da1-b31a-a52ba00795b8:192.168.34.54:34658, dd9a91c5-5c4b-4478-b7f7-3956f198c950:192.168.34.54:35600, 14879765-9127-45ba-89de-04712631aaf6:192.168.34.54:41705], old=null
2019-08-29 08:18:24,911 [grpc-default-executor-4] INFO  impl.RaftServerProxy (RaftServerProxy.java:addNew(89)) - dd9a91c5-5c4b-4478-b7f7-3956f198c950: addNew group-513F57D2E45B:[9b2222ce-dbb0-4da1-b31a-a52ba00795b8:192.168.34.54:34658, dd9a91c5-5c4b-4478-b7f7-3956f198c950:192.168.34.54:35600, 14879765-9127-45ba-89de-04712631aaf6:192.168.34.54:41705] returns group-513F57D2E45B:java.util.concurrent.CompletableFuture@7080679f[Not completed]
2019-08-29 08:18:24,911 [grpc-default-executor-0] INFO  impl.RaftServerProxy (RaftServerProxy.java:addNew(89)) - 9b2222ce-dbb0-4da1-b31a-a52ba00795b8: addNew group-513F57D2E45B:[9b2222ce-dbb0-4da1-b31a-a52ba00795b8:192.168.34.54:34658, dd9a91c5-5c4b-4478-b7f7-3956f198c950:192.168.34.54:35600, 14879765-9127-45ba-89de-04712631aaf6:192.168.34.54:41705] returns group-513F57D2E45B:java.util.concurrent.CompletableFuture@15ffc800[Not completed]
2019-08-29 08:18:24,912 [grpc-default-executor-2] INFO  impl.RaftServerProxy (RaftServerProxy.java:addNew(89)) - 14879765-9127-45ba-89de-04712631aaf6: addNew group-513F57D2E45B:[9b2222ce-dbb0-4da1-b31a-a52ba00795b8:192.168.34.54:34658, dd9a91c5-5c4b-4478-b7f7-3956f198c950:192.168.34.54:35600, 14879765-9127-45ba-89de-04712631aaf6:192.168.34.54:41705] returns group-513F57D2E45B:java.util.concurrent.CompletableFuture@47c37626[Not completed]
2019-08-29 08:18:24,921 [dd9a91c5-5c4b-4478-b7f7-3956f198c950:group-68C63D44239F:LeaderElection7] INFO  impl.LeaderElection (LeaderElection.java:logAndReturn(56)) - dd9a91c5-5c4b-4478-b7f7-3956f198c950:group-68C63D44239F:LeaderElection7: Election REJECTED; received 2 response(s) [dd9a91c5-5c4b-4478-b7f7-3956f198c950<-9b2222ce-dbb0-4da1-b31a-a52ba00795b8#0:FAIL-t3, dd9a91c5-5c4b-4478-b7f7-3956f198c950<-14879765-9127-45ba-89de-04712631aaf6#0:FAIL-t3] and 0 exception(s); dd9a91c5-5c4b-4478-b7f7-3956f198c950:t3, leader=null, voted=dd9a91c5-5c4b-4478-b7f7-3956f198c950, raftlog=dd9a91c5-5c4b-4478-b7f7-3956f198c950-SegmentedRaftLog:OPENED:c-1,f-1,i0, conf=-1: [9b2222ce-dbb0-4da1-b31a-a52ba00795b8:192.168.34.54:34658, dd9a91c5-5c4b-4478-b7f7-3956f198c950:192.168.34.54:35600, 14879765-9127-45ba-89de-04712631aaf6:192.168.34.54:41705], old=null
2019-08-29 08:18:24,922 [dd9a91c5-5c4b-4478-b7f7-3956f198c950:group-68C63D44239F:LeaderElection7] INFO  impl.RaftServerImpl (RaftServerImpl.java:setRole(171)) - dd9a91c5-5c4b-4478-b7f7-3956f198c950:group-68C63D44239F changes role from CANDIDATE to FOLLOWER at term 3 for DISCOVERED_A_NEW_TERM
2019-08-29 08:18:24,924 [dd9a91c5-5c4b-4478-b7f7-3956f198c950:group-68C63D44239F:LeaderElection7] INFO  impl.RoleInfo (RoleInfo.java:shutdownLeaderElection(134)) - dd9a91c5-5c4b-4478-b7f7-3956f198c950: shutdown LeaderElection
2019-08-29 08:18:24,926 [dd9a91c5-5c4b-4478-b7f7-3956f198c950:group-68C63D44239F:LeaderElection7] INFO  impl.RoleInfo (RoleInfo.java:updateAndGet(143)) - dd9a91c5-5c4b-4478-b7f7-3956f198c950: start FollowerState
2019-08-29 08:18:24,929 [9b2222ce-dbb0-4da1-b31a-a52ba00795b8:group-68C63D44239F:LeaderElection9] INFO  impl.LeaderElection (LeaderElection.java:logAndReturn(56)) - 9b2222ce-dbb0-4da1-b31a-a52ba00795b8:group-68C63D44239F:LeaderElection9: Election REJECTED; received 2 response(s) [9b2222ce-dbb0-4da1-b31a-a52ba00795b8<-dd9a91c5-5c4b-4478-b7f7-3956f198c950#0:FAIL-t3, 9b2222ce-dbb0-4da1-b31a-a52ba00795b8<-14879765-9127-45ba-89de-04712631aaf6#0:FAIL-t3] and 0 exception(s); 9b2222ce-dbb0-4da1-b31a-a52ba00795b8:t3, leader=null, voted=9b2222ce-dbb0-4da1-b31a-a52ba00795b8, raftlog=9b2222ce-dbb0-4da1-b31a-a52ba00795b8-SegmentedRaftLog:OPENED:c-1,f-1,i0, conf=-1: [9b2222ce-dbb0-4da1-b31a-a52ba00795b8:192.168.34.54:34658, dd9a91c5-5c4b-4478-b7f7-3956f198c950:192.168.34.54:35600, 14879765-9127-45ba-89de-04712631aaf6:192.168.34.54:41705], old=null
2019-08-29 08:18:24,931 [9b2222ce-dbb0-4da1-b31a-a52ba00795b8:group-68C63D44239F:LeaderElection9] INFO  impl.RaftServerImpl (RaftServerImpl.java:setRole(171)) - 9b2222ce-dbb0-4da1-b31a-a52ba00795b8:group-68C63D44239F changes role from CANDIDATE to FOLLOWER at term 3 for DISCOVERED_A_NEW_TERM
2019-08-29 08:18:24,940 [9b2222ce-dbb0-4da1-b31a-a52ba00795b8:group-68C63D44239F:LeaderElection9] INFO  impl.RoleInfo (RoleInfo.java:shutdownLeaderElection(134)) - 9b2222ce-dbb0-4da1-b31a-a52ba00795b8: shutdown LeaderElection
2019-08-29 08:18:24,940 [9b2222ce-dbb0-4da1-b31a-a52ba00795b8:group-68C63D44239F:LeaderElection9] INFO  impl.RoleInfo (RoleInfo.java:updateAndGet(143)) - 9b2222ce-dbb0-4da1-b31a-a52ba00795b8: start FollowerState
2019-08-29 08:18:24,941 [14879765-9127-45ba-89de-04712631aaf6:group-68C63D44239F:LeaderElection8] INFO  impl.LeaderElection (LeaderElection.java:logAndReturn(56)) - 14879765-9127-45ba-89de-04712631aaf6:group-68C63D44239F:LeaderElection8: Election REJECTED; received 2 response(s) [14879765-9127-45ba-89de-04712631aaf6<-dd9a91c5-5c4b-4478-b7f7-3956f198c950#0:FAIL-t3, 14879765-9127-45ba-89de-04712631aaf6<-9b2222ce-dbb0-4da1-b31a-a52ba00795b8#0:FAIL-t3] and 0 exception(s); 14879765-9127-45ba-89de-04712631aaf6:t3, leader=null, voted=14879765-9127-45ba-89de-04712631aaf6, raftlog=14879765-9127-45ba-89de-04712631aaf6-SegmentedRaftLog:OPENED:c-1,f-1,i0, conf=-1: [9b2222ce-dbb0-4da1-b31a-a52ba00795b8:192.168.34.54:34658, dd9a91c5-5c4b-4478-b7f7-3956f198c950:192.168.34.54:35600, 14879765-9127-45ba-89de-04712631aaf6:192.168.34.54:41705], old=null
2019-08-29 08:18:24,943 [14879765-9127-45ba-89de-04712631aaf6:group-68C63D44239F:LeaderElection8] INFO  impl.RaftServerImpl (RaftServerImpl.java:setRole(171)) - 14879765-9127-45ba-89de-04712631aaf6:group-68C63D44239F changes role from CANDIDATE to FOLLOWER at term 3 for DISCOVERED_A_NEW_TERM
2019-08-29 08:18:24,943 [14879765-9127-45ba-89de-04712631aaf6:group-68C63D44239F:LeaderElection8] INFO  impl.RoleInfo (RoleInfo.java:shutdownLeaderElection(134)) - 14879765-9127-45ba-89de-04712631aaf6: shutdown LeaderElection
2019-08-29 08:18:24,943 [14879765-9127-45ba-89de-04712631aaf6:group-68C63D44239F:LeaderElection8] INFO  impl.RoleInfo (RoleInfo.java:updateAndGet(143)) - 14879765-9127-45ba-89de-04712631aaf6: start FollowerState
2019-08-29 08:18:25,031 [pool-49-thread-1] INFO  storage.RaftStorageDirectory (RaftStorageDirectory.java:tryLock(328)) - Lock on /workdir/hadoop-ozone/integration-test/target/test-dir/MiniOzoneClusterImpl-ef39a000-56f8-499f-ba54-08500adcb141/datanode-2/data/ratis/bca96f84-0e9e-487d-bb9c-5ee34f4f29f8/in_use.lock acquired by nodename 28333@pr-hdds-1553-zhl8q-89899572
2019-08-29 08:18:25,031 [pool-60-thread-1] INFO  storage.RaftStorageDirectory (RaftStorageDirectory.java:tryLock(328)) - Lock on /workdir/hadoop-ozone/integration-test/target/test-dir/MiniOzoneClusterImpl-ef39a000-56f8-499f-ba54-08500adcb141/datanode-3/data/ratis/bca96f84-0e9e-487d-bb9c-5ee34f4f29f8/in_use.lock acquired by nodename 28333@pr-hdds-1553-zhl8q-89899572
2019-08-29 08:18:25,031 [pool-93-thread-1] INFO  storage.RaftStorageDirectory (RaftStorageDirectory.java:tryLock(328)) - Lock on /workdir/hadoop-ozone/integration-test/target/test-dir/MiniOzoneClusterImpl-ef39a000-56f8-499f-ba54-08500adcb141/datanode-6/data/ratis/866e4eaa-64b2-4e13-af9a-f4e1730b74ee/in_use.lock acquired by nodename 28333@pr-hdds-1553-zhl8q-89899572
2019-08-29 08:18:25,090 | INFO  | SCMAudit | user=jenkins1000 | ip=192.168.34.54 | op=SEND_HEARTBEAT {datanodeUUID=84674177-5820-4a0b-9345-463c27e4b0c8, command=[]} | ret=SUCCESS |  
2019-08-29 08:18:25,122 | INFO  | SCMAudit | user=jenkins1000 | ip=192.168.34.54 | op=SEND_HEARTBEAT {datanodeUUID=62fbaf2b-c9dd-41a4-90d2-fdfdf099a3b1, command=[]} | ret=SUCCESS |  
2019-08-29 08:18:25,228 [pool-60-thread-1] INFO  storage.RaftStorage (RaftStorage.java:format(72)) - Storage directory /workdir/hadoop-ozone/integration-test/target/test-dir/MiniOzoneClusterImpl-ef39a000-56f8-499f-ba54-08500adcb141/datanode-3/data/ratis/bca96f84-0e9e-487d-bb9c-5ee34f4f29f8 has been successfully formatted.
2019-08-29 08:18:25,228 [pool-93-thread-1] INFO  storage.RaftStorage (RaftStorage.java:format(72)) - Storage directory /workdir/hadoop-ozone/integration-test/target/test-dir/MiniOzoneClusterImpl-ef39a000-56f8-499f-ba54-08500adcb141/datanode-6/data/ratis/866e4eaa-64b2-4e13-af9a-f4e1730b74ee has been successfully formatted.
2019-08-29 08:18:25,228 [pool-49-thread-1] INFO  storage.RaftStorage (RaftStorage.java:format(72)) - Storage directory /workdir/hadoop-ozone/integration-test/target/test-dir/MiniOzoneClusterImpl-ef39a000-56f8-499f-ba54-08500adcb141/datanode-2/data/ratis/bca96f84-0e9e-487d-bb9c-5ee34f4f29f8 has been successfully formatted.
2019-08-29 08:18:25,228 [pool-60-thread-1] INFO  ratis.ContainerStateMachine (ContainerStateMachine.java:loadSnapshot(226)) - group-5EE34F4F29F8: The snapshot info is null. Setting the last applied indexto:(t:0, i:~)
2019-08-29 08:18:25,228 [pool-93-thread-1] INFO  ratis.ContainerStateMachine (ContainerStateMachine.java:loadSnapshot(226)) - group-F4E1730B74EE: The snapshot info is null. Setting the last applied indexto:(t:0, i:~)
2019-08-29 08:18:25,228 [pool-60-thread-1] INFO  server.RaftServerConfigKeys (ConfUtils.java:logGet(43)) - raft.server.leader.election.timeout = 120s (custom)
2019-08-29 08:18:25,228 [pool-49-thread-1] INFO  ratis.ContainerStateMachine (ContainerStateMachine.java:loadSnapshot(226)) - group-5EE34F4F29F8: The snapshot info is null. Setting the last applied indexto:(t:0, i:~)
2019-08-29 08:18:25,228 [pool-60-thread-1] INFO  server.RaftServerConfigKeys (ConfUtils.java:logGet(43)) - raft.server.log.use.memory = false (default)
2019-08-29 08:18:25,228 [pool-93-thread-1] INFO  server.RaftServerConfigKeys (ConfUtils.java:logGet(43)) - raft.server.leader.election.timeout = 120s (custom)
2019-08-29 08:18:25,229 [pool-60-thread-1] INFO  server.RaftServerConfigKeys (ConfUtils.java:logGet(43)) - raft.server.log.purge.gap = 1000000 (custom)
2019-08-29 08:18:25,229 [pool-49-thread-1] INFO  server.RaftServerConfigKeys (ConfUtils.java:logGet(43)) - raft.server.leader.election.timeout = 120s (custom)
2019-08-29 08:18:25,229 [pool-60-thread-1] INFO  server.RaftServerConfigKeys (ConfUtils.java:logGet(43)) - raft.server.log.appender.buffer.byte-limit = 33554432 (custom)
2019-08-29 08:18:25,229 [pool-93-thread-1] INFO  server.RaftServerConfigKeys (ConfUtils.java:logGet(43)) - raft.server.log.use.memory = false (default)
2019-08-29 08:18:25,229 [pool-60-thread-1] INFO  server.RaftServerConfigKeys (ConfUtils.java:logGet(43)) - raft.server.log.segment.size.max = 1048576 (custom)
2019-08-29 08:18:25,229 [pool-49-thread-1] INFO  server.RaftServerConfigKeys (ConfUtils.java:logGet(43)) - raft.server.log.use.memory = false (default)
2019-08-29 08:18:25,229 [pool-60-thread-1] INFO  server.RaftServerConfigKeys (ConfUtils.java:logGet(43)) - raft.server.log.segment.cache.num.max = 2 (custom)
2019-08-29 08:18:25,229 [pool-93-thread-1] INFO  server.RaftServerConfigKeys (ConfUtils.java:logGet(43)) - raft.server.log.purge.gap = 1000000 (custom)
2019-08-29 08:18:25,230 [pool-60-thread-1] INFO  segmented.SegmentedRaftLogWorker (SegmentedRaftLogWorker.java:<init>(172)) - new dd9a91c5-5c4b-4478-b7f7-3956f198c950-SegmentedRaftLogWorker:Storage Directory /workdir/hadoop-ozone/integration-test/target/test-dir/MiniOzoneClusterImpl-ef39a000-56f8-499f-ba54-08500adcb141/datanode-3/data/ratis/bca96f84-0e9e-487d-bb9c-5ee34f4f29f8 for RaftStorage:Storage Directory /workdir/hadoop-ozone/integration-test/target/test-dir/MiniOzoneClusterImpl-ef39a000-56f8-499f-ba54-08500adcb141/datanode-3/data/ratis/bca96f84-0e9e-487d-bb9c-5ee34f4f29f8
2019-08-29 08:18:25,229 [pool-49-thread-1] INFO  server.RaftServerConfigKeys (ConfUtils.java:logGet(43)) - raft.server.log.purge.gap = 1000000 (custom)
2019-08-29 08:18:25,230 [pool-60-thread-1] INFO  server.RaftServerConfigKeys (ConfUtils.java:logGet(43)) - raft.server.log.queue.byte-limit = 2147483647 (custom)
2019-08-29 08:18:25,230 [pool-93-thread-1] INFO  server.RaftServerConfigKeys (ConfUtils.java:logGet(43)) - raft.server.log.appender.buffer.byte-limit = 33554432 (custom)
2019-08-29 08:18:25,232 [pool-60-thread-1] INFO  server.RaftServerConfigKeys (ConfUtils.java:logGet(43)) - raft.server.log.queue.element-limit = 1024 (custom)
2019-08-29 08:18:25,230 [pool-49-thread-1] INFO  server.RaftServerConfigKeys (ConfUtils.java:logGet(43)) - raft.server.log.appender.buffer.byte-limit = 33554432 (custom)
2019-08-29 08:18:25,233 [pool-60-thread-1] INFO  server.RaftServerConfigKeys (ConfUtils.java:logGet(43)) - raft.server.log.segment.size.max = 1048576 (custom)
2019-08-29 08:18:25,232 [pool-93-thread-1] INFO  server.RaftServerConfigKeys (ConfUtils.java:logGet(43)) - raft.server.log.segment.size.max = 1048576 (custom)
2019-08-29 08:18:25,233 [pool-60-thread-1] INFO  server.RaftServerConfigKeys (ConfUtils.java:logGet(43)) - raft.server.log.preallocated.size = 16384 (custom)
2019-08-29 08:18:25,233 [pool-60-thread-1] INFO  server.RaftServerConfigKeys (ConfUtils.java:logGet(43)) - raft.server.log.write.buffer.size = 33554432 (custom)
2019-08-29 08:18:25,233 [pool-49-thread-1] INFO  server.RaftServerConfigKeys (ConfUtils.java:logGet(43)) - raft.server.log.segment.size.max = 1048576 (custom)
2019-08-29 08:18:25,233 [pool-60-thread-1] INFO  server.RaftServerConfigKeys (ConfUtils.java:logGet(43)) - raft.server.log.force.sync.num = 128 (default)
2019-08-29 08:18:25,233 [pool-93-thread-1] INFO  server.RaftServerConfigKeys (ConfUtils.java:logGet(43)) - raft.server.log.segment.cache.num.max = 2 (custom)
2019-08-29 08:18:25,233 [pool-60-thread-1] INFO  server.RaftServerConfigKeys (ConfUtils.java:logGet(43)) - raft.server.log.statemachine.data.sync = true (default)
2019-08-29 08:18:25,233 [pool-49-thread-1] INFO  server.RaftServerConfigKeys (ConfUtils.java:logGet(43)) - raft.server.log.segment.cache.num.max = 2 (custom)
2019-08-29 08:18:25,234 [pool-60-thread-1] INFO  server.RaftServerConfigKeys (ConfUtils.java:logGet(43)) - raft.server.log.statemachine.data.sync.timeout = 10s (default)
2019-08-29 08:18:25,234 [pool-60-thread-1] INFO  server.RaftServerConfigKeys (ConfUtils.java:logGet(43)) - raft.server.log.statemachine.data.sync.timeout.retry = -1 (default)
2019-08-29 08:18:25,233 [pool-93-thread-1] INFO  segmented.SegmentedRaftLogWorker (SegmentedRaftLogWorker.java:<init>(172)) - new 9b2222ce-dbb0-4da1-b31a-a52ba00795b8-SegmentedRaftLogWorker:Storage Directory /workdir/hadoop-ozone/integration-test/target/test-dir/MiniOzoneClusterImpl-ef39a000-56f8-499f-ba54-08500adcb141/datanode-6/data/ratis/866e4eaa-64b2-4e13-af9a-f4e1730b74ee for RaftStorage:Storage Directory /workdir/hadoop-ozone/integration-test/target/test-dir/MiniOzoneClusterImpl-ef39a000-56f8-499f-ba54-08500adcb141/datanode-6/data/ratis/866e4eaa-64b2-4e13-af9a-f4e1730b74ee
2019-08-29 08:18:25,234 [pool-60-thread-1] INFO  server.RaftServerConfigKeys (ConfUtils.java:logGet(43)) - raft.server.log.statemachine.data.caching.enabled = true (custom)
2019-08-29 08:18:25,234 [pool-49-thread-1] INFO  segmented.SegmentedRaftLogWorker (SegmentedRaftLogWorker.java:<init>(172)) - new 14879765-9127-45ba-89de-04712631aaf6-SegmentedRaftLogWorker:Storage Directory /workdir/hadoop-ozone/integration-test/target/test-dir/MiniOzoneClusterImpl-ef39a000-56f8-499f-ba54-08500adcb141/datanode-2/data/ratis/bca96f84-0e9e-487d-bb9c-5ee34f4f29f8 for RaftStorage:Storage Directory /workdir/hadoop-ozone/integration-test/target/test-dir/MiniOzoneClusterImpl-ef39a000-56f8-499f-ba54-08500adcb141/datanode-2/data/ratis/bca96f84-0e9e-487d-bb9c-5ee34f4f29f8
2019-08-29 08:18:25,236 [pool-60-thread-1] INFO  segmented.SegmentedRaftLogWorker (SegmentedRaftLogWorker.java:lambda$new$0(132)) - dd9a91c5-5c4b-4478-b7f7-3956f198c950-SegmentedRaftLogWorker:Storage Directory /workdir/hadoop-ozone/integration-test/target/test-dir/MiniOzoneClusterImpl-ef39a000-56f8-499f-ba54-08500adcb141/datanode-3/data/ratis/bca96f84-0e9e-487d-bb9c-5ee34f4f29f8: flushIndex: setUnconditionally 0 -> -1
2019-08-29 08:18:25,234 [pool-93-thread-1] INFO  server.RaftServerConfigKeys (ConfUtils.java:logGet(43)) - raft.server.log.queue.byte-limit = 2147483647 (custom)
2019-08-29 08:18:25,237 [pool-60-thread-1] INFO  server.RaftServerConfigKeys (ConfUtils.java:logGet(43)) - raft.server.snapshot.auto.trigger.enabled = true (custom)
2019-08-29 08:18:25,236 [pool-49-thread-1] INFO  server.RaftServerConfigKeys (ConfUtils.java:logGet(43)) - raft.server.log.queue.byte-limit = 2147483647 (custom)
2019-08-29 08:18:25,237 [pool-60-thread-1] INFO  server.RaftServerConfigKeys (ConfUtils.java:logGet(43)) - raft.server.snapshot.auto.trigger.threshold = 10000 (custom)
2019-08-29 08:18:25,237 [pool-93-thread-1] INFO  server.RaftServerConfigKeys (ConfUtils.java:logGet(43)) - raft.server.log.queue.element-limit = 1024 (custom)
2019-08-29 08:18:25,238 [pool-49-thread-1] INFO  server.RaftServerConfigKeys (ConfUtils.java:logGet(43)) - raft.server.log.queue.element-limit = 1024 (custom)
2019-08-29 08:18:25,238 [pool-93-thread-1] INFO  server.RaftServerConfigKeys (ConfUtils.java:logGet(43)) - raft.server.log.segment.size.max = 1048576 (custom)
2019-08-29 08:18:25,238 [pool-60-thread-1] INFO  server.RaftServerConfigKeys (ConfUtils.java:logGet(43)) - raft.server.retrycache.expirytime = 600000ms (custom)
2019-08-29 08:18:25,238 [pool-93-thread-1] INFO  server.RaftServerConfigKeys (ConfUtils.java:logGet(43)) - raft.server.log.preallocated.size = 16384 (custom)
2019-08-29 08:18:25,238 [pool-49-thread-1] INFO  server.RaftServerConfigKeys (ConfUtils.java:logGet(43)) - raft.server.log.segment.size.max = 1048576 (custom)
2019-08-29 08:18:25,238 [pool-93-thread-1] INFO  server.RaftServerConfigKeys (ConfUtils.java:logGet(43)) - raft.server.log.write.buffer.size = 33554432 (custom)
2019-08-29 08:18:25,238 [pool-60-thread-1] INFO  impl.RaftServerImpl (RaftServerImpl.java:start(180)) - dd9a91c5-5c4b-4478-b7f7-3956f198c950: start group-59B4FD6504DB
2019-08-29 08:18:25,239 [pool-93-thread-1] INFO  server.RaftServerConfigKeys (ConfUtils.java:logGet(43)) - raft.server.log.force.sync.num = 128 (default)
2019-08-29 08:18:25,238 [pool-49-thread-1] INFO  server.RaftServerConfigKeys (ConfUtils.java:logGet(43)) - raft.server.log.preallocated.size = 16384 (custom)
2019-08-29 08:18:25,239 [pool-93-thread-1] INFO  server.RaftServerConfigKeys (ConfUtils.java:logGet(43)) - raft.server.log.statemachine.data.sync = true (default)
2019-08-29 08:18:25,239 [pool-60-thread-1] INFO  impl.RaftServerImpl (RaftServerImpl.java:setRole(171)) - dd9a91c5-5c4b-4478-b7f7-3956f198c950:group-59B4FD6504DB changes role from null to FOLLOWER at term 0 for startAsFollower
2019-08-29 08:18:25,239 [pool-93-thread-1] INFO  server.RaftServerConfigKeys (ConfUtils.java:logGet(43)) - raft.server.log.statemachine.data.sync.timeout = 10s (default)
2019-08-29 08:18:25,239 [pool-49-thread-1] INFO  server.RaftServerConfigKeys (ConfUtils.java:logGet(43)) - raft.server.log.write.buffer.size = 33554432 (custom)
2019-08-29 08:18:25,239 [pool-93-thread-1] INFO  server.RaftServerConfigKeys (ConfUtils.java:logGet(43)) - raft.server.log.statemachine.data.sync.timeout.retry = -1 (default)
2019-08-29 08:18:25,239 [pool-60-thread-1] INFO  impl.RoleInfo (RoleInfo.java:updateAndGet(143)) - dd9a91c5-5c4b-4478-b7f7-3956f198c950: start FollowerState
2019-08-29 08:18:25,240 [pool-93-thread-1] INFO  server.RaftServerConfigKeys (ConfUtils.java:logGet(43)) - raft.server.log.statemachine.data.caching.enabled = true (custom)
2019-08-29 08:18:25,240 [pool-49-thread-1] INFO  server.RaftServerConfigKeys (ConfUtils.java:logGet(43)) - raft.server.log.force.sync.num = 128 (default)
2019-08-29 08:18:25,240 [pool-49-thread-1] INFO  server.RaftServerConfigKeys (ConfUtils.java:logGet(43)) - raft.server.log.statemachine.data.sync = true (default)
2019-08-29 08:18:25,240 [pool-60-thread-1] INFO  util.JmxRegister (JmxRegister.java:tryRegister(44)) - Successfully registered JMX Bean with object name Ratis:service=RaftServer,group=group-59B4FD6504DB,id=dd9a91c5-5c4b-4478-b7f7-3956f198c950
2019-08-29 08:18:25,240 [pool-93-thread-1] INFO  segmented.SegmentedRaftLogWorker (SegmentedRaftLogWorker.java:lambda$new$0(132)) - 9b2222ce-dbb0-4da1-b31a-a52ba00795b8-SegmentedRaftLogWorker:Storage Directory /workdir/hadoop-ozone/integration-test/target/test-dir/MiniOzoneClusterImpl-ef39a000-56f8-499f-ba54-08500adcb141/datanode-6/data/ratis/866e4eaa-64b2-4e13-af9a-f4e1730b74ee: flushIndex: setUnconditionally 0 -> -1
2019-08-29 08:18:25,240 [pool-49-thread-1] INFO  server.RaftServerConfigKeys (ConfUtils.java:logGet(43)) - raft.server.log.statemachine.data.sync.timeout = 10s (default)
2019-08-29 08:18:25,241 [pool-49-thread-1] INFO  server.RaftServerConfigKeys (ConfUtils.java:logGet(43)) - raft.server.log.statemachine.data.sync.timeout.retry = -1 (default)
2019-08-29 08:18:25,241 [pool-93-thread-1] INFO  server.RaftServerConfigKeys (ConfUtils.java:logGet(43)) - raft.server.snapshot.auto.trigger.enabled = true (custom)
2019-08-29 08:18:25,241 [pool-49-thread-1] INFO  server.RaftServerConfigKeys (ConfUtils.java:logGet(43)) - raft.server.log.statemachine.data.caching.enabled = true (custom)
2019-08-29 08:18:25,241 [pool-60-thread-1] INFO  impl.RaftServerImpl (RaftServerImpl.java:start(180)) - dd9a91c5-5c4b-4478-b7f7-3956f198c950: start group-97AF3AC212A7
2019-08-29 08:18:25,241 [pool-93-thread-1] INFO  server.RaftServerConfigKeys (ConfUtils.java:logGet(43)) - raft.server.snapshot.auto.trigger.threshold = 10000 (custom)
2019-08-29 08:18:25,241 [pool-49-thread-1] INFO  segmented.SegmentedRaftLogWorker (SegmentedRaftLogWorker.java:lambda$new$0(132)) - 14879765-9127-45ba-89de-04712631aaf6-SegmentedRaftLogWorker:Storage Directory /workdir/hadoop-ozone/integration-test/target/test-dir/MiniOzoneClusterImpl-ef39a000-56f8-499f-ba54-08500adcb141/datanode-2/data/ratis/bca96f84-0e9e-487d-bb9c-5ee34f4f29f8: flushIndex: setUnconditionally 0 -> -1
2019-08-29 08:18:25,241 [pool-60-thread-1] INFO  impl.RaftServerImpl (RaftServerImpl.java:setRole(171)) - dd9a91c5-5c4b-4478-b7f7-3956f198c950:group-97AF3AC212A7 changes role from null to FOLLOWER at term 0 for startAsFollower
2019-08-29 08:18:25,241 [pool-93-thread-1] INFO  server.RaftServerConfigKeys (ConfUtils.java:logGet(43)) - raft.server.retrycache.expirytime = 600000ms (custom)
2019-08-29 08:18:25,241 [pool-60-thread-1] INFO  impl.RoleInfo (RoleInfo.java:updateAndGet(143)) - dd9a91c5-5c4b-4478-b7f7-3956f198c950: start FollowerState
2019-08-29 08:18:25,241 [pool-49-thread-1] INFO  server.RaftServerConfigKeys (ConfUtils.java:logGet(43)) - raft.server.snapshot.auto.trigger.enabled = true (custom)
2019-08-29 08:18:25,242 [pool-49-thread-1] INFO  server.RaftServerConfigKeys (ConfUtils.java:logGet(43)) - raft.server.snapshot.auto.trigger.threshold = 10000 (custom)
2019-08-29 08:18:25,242 [pool-60-thread-1] INFO  util.JmxRegister (JmxRegister.java:tryRegister(44)) - Successfully registered JMX Bean with object name Ratis:service=RaftServer,group=group-97AF3AC212A7,id=dd9a91c5-5c4b-4478-b7f7-3956f198c950
2019-08-29 08:18:25,242 [pool-49-thread-1] INFO  server.RaftServerConfigKeys (ConfUtils.java:logGet(43)) - raft.server.retrycache.expirytime = 600000ms (custom)
2019-08-29 08:18:25,242 [pool-49-thread-1] INFO  impl.RaftServerImpl (RaftServerImpl.java:start(180)) - 14879765-9127-45ba-89de-04712631aaf6: start group-59B4FD6504DB
2019-08-29 08:18:25,242 [pool-49-thread-1] INFO  impl.RaftServerImpl (RaftServerImpl.java:setRole(171)) - 14879765-9127-45ba-89de-04712631aaf6:group-59B4FD6504DB changes role from null to FOLLOWER at term 0 for startAsFollower
2019-08-29 08:18:25,242 [pool-49-thread-1] INFO  impl.RoleInfo (RoleInfo.java:updateAndGet(143)) - 14879765-9127-45ba-89de-04712631aaf6: start FollowerState
2019-08-29 08:18:25,243 [pool-49-thread-1] INFO  util.JmxRegister (JmxRegister.java:tryRegister(44)) - Successfully registered JMX Bean with object name Ratis:service=RaftServer,group=group-59B4FD6504DB,id=14879765-9127-45ba-89de-04712631aaf6
2019-08-29 08:18:25,243 [pool-49-thread-1] INFO  impl.RaftServerImpl (RaftServerImpl.java:start(180)) - 14879765-9127-45ba-89de-04712631aaf6: start group-97AF3AC212A7
2019-08-29 08:18:25,243 [pool-49-thread-1] INFO  impl.RaftServerImpl (RaftServerImpl.java:setRole(171)) - 14879765-9127-45ba-89de-04712631aaf6:group-97AF3AC212A7 changes role from null to FOLLOWER at term 0 for startAsFollower
2019-08-29 08:18:25,244 [pool-49-thread-1] INFO  impl.RoleInfo (RoleInfo.java:updateAndGet(143)) - 14879765-9127-45ba-89de-04712631aaf6: start FollowerState
2019-08-29 08:18:25,244 [pool-93-thread-1] INFO  impl.RaftServerImpl (RaftServerImpl.java:<init>(93)) - 9b2222ce-dbb0-4da1-b31a-a52ba00795b8: new RaftServerImpl for group-5EE34F4F29F8:[9b2222ce-dbb0-4da1-b31a-a52ba00795b8:192.168.34.54:34658, dd9a91c5-5c4b-4478-b7f7-3956f198c950:192.168.34.54:35600, 14879765-9127-45ba-89de-04712631aaf6:192.168.34.54:41705] with ContainerStateMachine:uninitialized
2019-08-29 08:18:25,244 [pool-49-thread-1] INFO  util.JmxRegister (JmxRegister.java:tryRegister(44)) - Successfully registered JMX Bean with object name Ratis:service=RaftServer,group=group-97AF3AC212A7,id=14879765-9127-45ba-89de-04712631aaf6
2019-08-29 08:18:25,244 [pool-93-thread-1] INFO  server.RaftServerConfigKeys (ConfUtils.java:logGet(43)) - raft.server.rpc.timeout.min = 5s (custom)
2019-08-29 08:18:25,244 [pool-93-thread-1] INFO  server.RaftServerConfigKeys (ConfUtils.java:logGet(43)) - raft.server.rpc.timeout.max = 5200ms (custom)
2019-08-29 08:18:25,244 [pool-93-thread-1] INFO  server.RaftServerConfigKeys (ConfUtils.java:logGet(43)) - raft.server.rpcslowness.timeout = 120s (custom)
2019-08-29 08:18:25,245 [pool-93-thread-1] INFO  server.RaftServerConfigKeys (ConfUtils.java:logGet(43)) - raft.server.sleep.deviation.threshold = 300 (default)
2019-08-29 08:18:25,245 [pool-93-thread-1] INFO  server.RaftServerConfigKeys (ConfUtils.java:logGet(43)) - raft.server.log.appender.install.snapshot.enabled = false (custom)
2019-08-29 08:18:25,245 [pool-60-thread-1] INFO  impl.RaftServerImpl (RaftServerImpl.java:<init>(93)) - dd9a91c5-5c4b-4478-b7f7-3956f198c950: new RaftServerImpl for group-D780A69E0DBC:[9b2222ce-dbb0-4da1-b31a-a52ba00795b8:192.168.34.54:34658, dd9a91c5-5c4b-4478-b7f7-3956f198c950:192.168.34.54:35600, 14879765-9127-45ba-89de-04712631aaf6:192.168.34.54:41705] with ContainerStateMachine:uninitialized
2019-08-29 08:18:25,245 [pool-93-thread-1] INFO  impl.RaftServerImpl (ServerState.java:<init>(105)) - 9b2222ce-dbb0-4da1-b31a-a52ba00795b8:group-5EE34F4F29F8 ConfigurationManager, init=-1: [9b2222ce-dbb0-4da1-b31a-a52ba00795b8:192.168.34.54:34658, dd9a91c5-5c4b-4478-b7f7-3956f198c950:192.168.34.54:35600, 14879765-9127-45ba-89de-04712631aaf6:192.168.34.54:41705], old=null, confs=<EMPTY_MAP>
2019-08-29 08:18:25,245 [pool-60-thread-1] INFO  server.RaftServerConfigKeys (ConfUtils.java:logGet(43)) - raft.server.rpc.timeout.min = 5s (custom)
2019-08-29 08:18:25,245 [pool-60-thread-1] INFO  server.RaftServerConfigKeys (ConfUtils.java:logGet(43)) - raft.server.rpc.timeout.max = 5200ms (custom)
2019-08-29 08:18:25,245 [pool-93-thread-1] INFO  server.RaftServerConfigKeys (ConfUtils.java:logGet(43)) - raft.server.storage.dir = [/workdir/hadoop-ozone/integration-test/target/test-dir/MiniOzoneClusterImpl-ef39a000-56f8-499f-ba54-08500adcb141/datanode-6/data/ratis] (custom)
2019-08-29 08:18:25,245 [pool-60-thread-1] INFO  server.RaftServerConfigKeys (ConfUtils.java:logGet(43)) - raft.server.rpcslowness.timeout = 120s (custom)
2019-08-29 08:18:25,245 [pool-60-thread-1] INFO  server.RaftServerConfigKeys (ConfUtils.java:logGet(43)) - raft.server.sleep.deviation.threshold = 300 (default)
2019-08-29 08:18:25,245 [pool-60-thread-1] INFO  server.RaftServerConfigKeys (ConfUtils.java:logGet(43)) - raft.server.log.appender.install.snapshot.enabled = false (custom)
2019-08-29 08:18:25,245 [pool-49-thread-1] INFO  impl.RaftServerImpl (RaftServerImpl.java:<init>(93)) - 14879765-9127-45ba-89de-04712631aaf6: new RaftServerImpl for group-D780A69E0DBC:[9b2222ce-dbb0-4da1-b31a-a52ba00795b8:192.168.34.54:34658, dd9a91c5-5c4b-4478-b7f7-3956f198c950:192.168.34.54:35600, 14879765-9127-45ba-89de-04712631aaf6:192.168.34.54:41705] with ContainerStateMachine:uninitialized
2019-08-29 08:18:25,246 [pool-93-thread-1] INFO  storage.RaftStorageDirectory (RaftStorageDirectory.java:analyzeStorage(246)) - The storage directory /workdir/hadoop-ozone/integration-test/target/test-dir/MiniOzoneClusterImpl-ef39a000-56f8-499f-ba54-08500adcb141/datanode-6/data/ratis/bca96f84-0e9e-487d-bb9c-5ee34f4f29f8 does not exist. Creating ...
2019-08-29 08:18:25,246 [pool-60-thread-1] INFO  impl.RaftServerImpl (ServerState.java:<init>(105)) - dd9a91c5-5c4b-4478-b7f7-3956f198c950:group-D780A69E0DBC ConfigurationManager, init=-1: [9b2222ce-dbb0-4da1-b31a-a52ba00795b8:192.168.34.54:34658, dd9a91c5-5c4b-4478-b7f7-3956f198c950:192.168.34.54:35600, 14879765-9127-45ba-89de-04712631aaf6:192.168.34.54:41705], old=null, confs=<EMPTY_MAP>
2019-08-29 08:18:25,246 [pool-49-thread-1] INFO  server.RaftServerConfigKeys (ConfUtils.java:logGet(43)) - raft.server.rpc.timeout.min = 5s (custom)
2019-08-29 08:18:25,246 [pool-60-thread-1] INFO  server.RaftServerConfigKeys (ConfUtils.java:logGet(43)) - raft.server.storage.dir = [/workdir/hadoop-ozone/integration-test/target/test-dir/MiniOzoneClusterImpl-ef39a000-56f8-499f-ba54-08500adcb141/datanode-3/data/ratis] (custom)
2019-08-29 08:18:25,246 [pool-49-thread-1] INFO  server.RaftServerConfigKeys (ConfUtils.java:logGet(43)) - raft.server.rpc.timeout.max = 5200ms (custom)
2019-08-29 08:18:25,246 [pool-49-thread-1] INFO  server.RaftServerConfigKeys (ConfUtils.java:logGet(43)) - raft.server.rpcslowness.timeout = 120s (custom)
2019-08-29 08:18:25,246 [pool-49-thread-1] INFO  server.RaftServerConfigKeys (ConfUtils.java:logGet(43)) - raft.server.sleep.deviation.threshold = 300 (default)
2019-08-29 08:18:25,246 [pool-49-thread-1] INFO  server.RaftServerConfigKeys (ConfUtils.java:logGet(43)) - raft.server.log.appender.install.snapshot.enabled = false (custom)
2019-08-29 08:18:25,246 [pool-60-thread-1] INFO  storage.RaftStorageDirectory (RaftStorageDirectory.java:analyzeStorage(246)) - The storage directory /workdir/hadoop-ozone/integration-test/target/test-dir/MiniOzoneClusterImpl-ef39a000-56f8-499f-ba54-08500adcb141/datanode-3/data/ratis/d8ea1ec4-875b-49da-9bde-d780a69e0dbc does not exist. Creating ...
2019-08-29 08:18:25,247 [pool-49-thread-1] INFO  impl.RaftServerImpl (ServerState.java:<init>(105)) - 14879765-9127-45ba-89de-04712631aaf6:group-D780A69E0DBC ConfigurationManager, init=-1: [9b2222ce-dbb0-4da1-b31a-a52ba00795b8:192.168.34.54:34658, dd9a91c5-5c4b-4478-b7f7-3956f198c950:192.168.34.54:35600, 14879765-9127-45ba-89de-04712631aaf6:192.168.34.54:41705], old=null, confs=<EMPTY_MAP>
2019-08-29 08:18:25,247 [pool-49-thread-1] INFO  server.RaftServerConfigKeys (ConfUtils.java:logGet(43)) - raft.server.storage.dir = [/workdir/hadoop-ozone/integration-test/target/test-dir/MiniOzoneClusterImpl-ef39a000-56f8-499f-ba54-08500adcb141/datanode-2/data/ratis] (custom)
2019-08-29 08:18:25,247 [pool-49-thread-1] INFO  storage.RaftStorageDirectory (RaftStorageDirectory.java:analyzeStorage(246)) - The storage directory /workdir/hadoop-ozone/integration-test/target/test-dir/MiniOzoneClusterImpl-ef39a000-56f8-499f-ba54-08500adcb141/datanode-2/data/ratis/d8ea1ec4-875b-49da-9bde-d780a69e0dbc does not exist. Creating ...
2019-08-29 08:18:25,288 [pool-49-thread-1] INFO  storage.RaftStorageDirectory (RaftStorageDirectory.java:tryLock(328)) - Lock on /workdir/hadoop-ozone/integration-test/target/test-dir/MiniOzoneClusterImpl-ef39a000-56f8-499f-ba54-08500adcb141/datanode-2/data/ratis/d8ea1ec4-875b-49da-9bde-d780a69e0dbc/in_use.lock acquired by nodename 28333@pr-hdds-1553-zhl8q-89899572
2019-08-29 08:18:25,288 [pool-60-thread-1] INFO  storage.RaftStorageDirectory (RaftStorageDirectory.java:tryLock(328)) - Lock on /workdir/hadoop-ozone/integration-test/target/test-dir/MiniOzoneClusterImpl-ef39a000-56f8-499f-ba54-08500adcb141/datanode-3/data/ratis/d8ea1ec4-875b-49da-9bde-d780a69e0dbc/in_use.lock acquired by nodename 28333@pr-hdds-1553-zhl8q-89899572
2019-08-29 08:18:25,288 [pool-93-thread-1] INFO  storage.RaftStorageDirectory (RaftStorageDirectory.java:tryLock(328)) - Lock on /workdir/hadoop-ozone/integration-test/target/test-dir/MiniOzoneClusterImpl-ef39a000-56f8-499f-ba54-08500adcb141/datanode-6/data/ratis/bca96f84-0e9e-487d-bb9c-5ee34f4f29f8/in_use.lock acquired by nodename 28333@pr-hdds-1553-zhl8q-89899572
2019-08-29 08:18:25,327 [pool-49-thread-1] INFO  storage.RaftStorage (RaftStorage.java:format(72)) - Storage directory /workdir/hadoop-ozone/integration-test/target/test-dir/MiniOzoneClusterImpl-ef39a000-56f8-499f-ba54-08500adcb141/datanode-2/data/ratis/d8ea1ec4-875b-49da-9bde-d780a69e0dbc has been successfully formatted.
2019-08-29 08:18:25,327 [pool-60-thread-1] INFO  storage.RaftStorage (RaftStorage.java:format(72)) - Storage directory /workdir/hadoop-ozone/integration-test/target/test-dir/MiniOzoneClusterImpl-ef39a000-56f8-499f-ba54-08500adcb141/datanode-3/data/ratis/d8ea1ec4-875b-49da-9bde-d780a69e0dbc has been successfully formatted.
2019-08-29 08:18:25,327 [pool-49-thread-1] INFO  ratis.ContainerStateMachine (ContainerStateMachine.java:loadSnapshot(226)) - group-D780A69E0DBC: The snapshot info is null. Setting the last applied indexto:(t:0, i:~)
2019-08-29 08:18:25,327 [pool-93-thread-1] INFO  storage.RaftStorage (RaftStorage.java:format(72)) - Storage directory /workdir/hadoop-ozone/integration-test/target/test-dir/MiniOzoneClusterImpl-ef39a000-56f8-499f-ba54-08500adcb141/datanode-6/data/ratis/bca96f84-0e9e-487d-bb9c-5ee34f4f29f8 has been successfully formatted.
2019-08-29 08:18:25,327 [pool-60-thread-1] INFO  ratis.ContainerStateMachine (ContainerStateMachine.java:loadSnapshot(226)) - group-D780A69E0DBC: The snapshot info is null. Setting the last applied indexto:(t:0, i:~)
2019-08-29 08:18:25,327 [pool-49-thread-1] INFO  server.RaftServerConfigKeys (ConfUtils.java:logGet(43)) - raft.server.leader.election.timeout = 120s (custom)
2019-08-29 08:18:25,327 [pool-60-thread-1] INFO  server.RaftServerConfigKeys (ConfUtils.java:logGet(43)) - raft.server.leader.election.timeout = 120s (custom)
2019-08-29 08:18:25,327 [pool-93-thread-1] INFO  ratis.ContainerStateMachine (ContainerStateMachine.java:loadSnapshot(226)) - group-5EE34F4F29F8: The snapshot info is null. Setting the last applied indexto:(t:0, i:~)
2019-08-29 08:18:25,328 [pool-60-thread-1] INFO  server.RaftServerConfigKeys (ConfUtils.java:logGet(43)) - raft.server.log.use.memory = false (default)
2019-08-29 08:18:25,327 [pool-49-thread-1] INFO  server.RaftServerConfigKeys (ConfUtils.java:logGet(43)) - raft.server.log.use.memory = false (default)
2019-08-29 08:18:25,328 [pool-60-thread-1] INFO  server.RaftServerConfigKeys (ConfUtils.java:logGet(43)) - raft.server.log.purge.gap = 1000000 (custom)
2019-08-29 08:18:25,328 [pool-93-thread-1] INFO  server.RaftServerConfigKeys (ConfUtils.java:logGet(43)) - raft.server.leader.election.timeout = 120s (custom)
2019-08-29 08:18:25,328 [pool-49-thread-1] INFO  server.RaftServerConfigKeys (ConfUtils.java:logGet(43)) - raft.server.log.purge.gap = 1000000 (custom)
2019-08-29 08:18:25,328 [pool-60-thread-1] INFO  server.RaftServerConfigKeys (ConfUtils.java:logGet(43)) - raft.server.log.appender.buffer.byte-limit = 33554432 (custom)
2019-08-29 08:18:25,328 [pool-93-thread-1] INFO  server.RaftServerConfigKeys (ConfUtils.java:logGet(43)) - raft.server.log.use.memory = false (default)
2019-08-29 08:18:25,329 [pool-60-thread-1] INFO  server.RaftServerConfigKeys (ConfUtils.java:logGet(43)) - raft.server.log.segment.size.max = 1048576 (custom)
2019-08-29 08:18:25,328 [pool-49-thread-1] INFO  server.RaftServerConfigKeys (ConfUtils.java:logGet(43)) - raft.server.log.appender.buffer.byte-limit = 33554432 (custom)
2019-08-29 08:18:25,329 [pool-60-thread-1] INFO  server.RaftServerConfigKeys (ConfUtils.java:logGet(43)) - raft.server.log.segment.cache.num.max = 2 (custom)
2019-08-29 08:18:25,329 [pool-93-thread-1] INFO  server.RaftServerConfigKeys (ConfUtils.java:logGet(43)) - raft.server.log.purge.gap = 1000000 (custom)
2019-08-29 08:18:25,329 [pool-60-thread-1] INFO  segmented.SegmentedRaftLogWorker (SegmentedRaftLogWorker.java:<init>(172)) - new dd9a91c5-5c4b-4478-b7f7-3956f198c950-SegmentedRaftLogWorker:Storage Directory /workdir/hadoop-ozone/integration-test/target/test-dir/MiniOzoneClusterImpl-ef39a000-56f8-499f-ba54-08500adcb141/datanode-3/data/ratis/d8ea1ec4-875b-49da-9bde-d780a69e0dbc for RaftStorage:Storage Directory /workdir/hadoop-ozone/integration-test/target/test-dir/MiniOzoneClusterImpl-ef39a000-56f8-499f-ba54-08500adcb141/datanode-3/data/ratis/d8ea1ec4-875b-49da-9bde-d780a69e0dbc
2019-08-29 08:18:25,329 [pool-49-thread-1] INFO  server.RaftServerConfigKeys (ConfUtils.java:logGet(43)) - raft.server.log.segment.size.max = 1048576 (custom)
2019-08-29 08:18:25,329 [pool-60-thread-1] INFO  server.RaftServerConfigKeys (ConfUtils.java:logGet(43)) - raft.server.log.queue.byte-limit = 2147483647 (custom)
2019-08-29 08:18:25,329 [pool-93-thread-1] INFO  server.RaftServerConfigKeys (ConfUtils.java:logGet(43)) - raft.server.log.appender.buffer.byte-limit = 33554432 (custom)
2019-08-29 08:18:25,332 [pool-60-thread-1] INFO  server.RaftServerConfigKeys (ConfUtils.java:logGet(43)) - raft.server.log.queue.element-limit = 1024 (custom)
2019-08-29 08:18:25,329 [pool-49-thread-1] INFO  server.RaftServerConfigKeys (ConfUtils.java:logGet(43)) - raft.server.log.segment.cache.num.max = 2 (custom)
2019-08-29 08:18:25,332 [pool-60-thread-1] INFO  server.RaftServerConfigKeys (ConfUtils.java:logGet(43)) - raft.server.log.segment.size.max = 1048576 (custom)
2019-08-29 08:18:25,332 [pool-93-thread-1] INFO  server.RaftServerConfigKeys (ConfUtils.java:logGet(43)) - raft.server.log.segment.size.max = 1048576 (custom)
2019-08-29 08:18:25,332 [pool-60-thread-1] INFO  server.RaftServerConfigKeys (ConfUtils.java:logGet(43)) - raft.server.log.preallocated.size = 16384 (custom)
2019-08-29 08:18:25,332 [pool-49-thread-1] INFO  segmented.SegmentedRaftLogWorker (SegmentedRaftLogWorker.java:<init>(172)) - new 14879765-9127-45ba-89de-04712631aaf6-SegmentedRaftLogWorker:Storage Directory /workdir/hadoop-ozone/integration-test/target/test-dir/MiniOzoneClusterImpl-ef39a000-56f8-499f-ba54-08500adcb141/datanode-2/data/ratis/d8ea1ec4-875b-49da-9bde-d780a69e0dbc for RaftStorage:Storage Directory /workdir/hadoop-ozone/integration-test/target/test-dir/MiniOzoneClusterImpl-ef39a000-56f8-499f-ba54-08500adcb141/datanode-2/data/ratis/d8ea1ec4-875b-49da-9bde-d780a69e0dbc
2019-08-29 08:18:25,332 [pool-60-thread-1] INFO  server.RaftServerConfigKeys (ConfUtils.java:logGet(43)) - raft.server.log.write.buffer.size = 33554432 (custom)
2019-08-29 08:18:25,332 [pool-93-thread-1] INFO  server.RaftServerConfigKeys (ConfUtils.java:logGet(43)) - raft.server.log.segment.cache.num.max = 2 (custom)
2019-08-29 08:18:25,333 [pool-60-thread-1] INFO  server.RaftServerConfigKeys (ConfUtils.java:logGet(43)) - raft.server.log.force.sync.num = 128 (default)
2019-08-29 08:18:25,333 [pool-49-thread-1] INFO  server.RaftServerConfigKeys (ConfUtils.java:logGet(43)) - raft.server.log.queue.byte-limit = 2147483647 (custom)
2019-08-29 08:18:25,334 [pool-60-thread-1] INFO  server.RaftServerConfigKeys (ConfUtils.java:logGet(43)) - raft.server.log.statemachine.data.sync = true (default)
2019-08-29 08:18:25,334 [pool-93-thread-1] INFO  segmented.SegmentedRaftLogWorker (SegmentedRaftLogWorker.java:<init>(172)) - new 9b2222ce-dbb0-4da1-b31a-a52ba00795b8-SegmentedRaftLogWorker:Storage Directory /workdir/hadoop-ozone/integration-test/target/test-dir/MiniOzoneClusterImpl-ef39a000-56f8-499f-ba54-08500adcb141/datanode-6/data/ratis/bca96f84-0e9e-487d-bb9c-5ee34f4f29f8 for RaftStorage:Storage Directory /workdir/hadoop-ozone/integration-test/target/test-dir/MiniOzoneClusterImpl-ef39a000-56f8-499f-ba54-08500adcb141/datanode-6/data/ratis/bca96f84-0e9e-487d-bb9c-5ee34f4f29f8
2019-08-29 08:18:25,335 [pool-60-thread-1] INFO  server.RaftServerConfigKeys (ConfUtils.java:logGet(43)) - raft.server.log.statemachine.data.sync.timeout = 10s (default)
2019-08-29 08:18:25,334 [pool-49-thread-1] INFO  server.RaftServerConfigKeys (ConfUtils.java:logGet(43)) - raft.server.log.queue.element-limit = 1024 (custom)
2019-08-29 08:18:25,336 [pool-60-thread-1] INFO  server.RaftServerConfigKeys (ConfUtils.java:logGet(43)) - raft.server.log.statemachine.data.sync.timeout.retry = -1 (default)
2019-08-29 08:18:25,335 [pool-93-thread-1] INFO  server.RaftServerConfigKeys (ConfUtils.java:logGet(43)) - raft.server.log.queue.byte-limit = 2147483647 (custom)
2019-08-29 08:18:25,336 [pool-49-thread-1] INFO  server.RaftServerConfigKeys (ConfUtils.java:logGet(43)) - raft.server.log.segment.size.max = 1048576 (custom)
2019-08-29 08:18:25,336 [pool-60-thread-1] INFO  server.RaftServerConfigKeys (ConfUtils.java:logGet(43)) - raft.server.log.statemachine.data.caching.enabled = true (custom)
2019-08-29 08:18:25,336 [pool-93-thread-1] INFO  server.RaftServerConfigKeys (ConfUtils.java:logGet(43)) - raft.server.log.queue.element-limit = 1024 (custom)
2019-08-29 08:18:25,337 [pool-49-thread-1] INFO  server.RaftServerConfigKeys (ConfUtils.java:logGet(43)) - raft.server.log.preallocated.size = 16384 (custom)
2019-08-29 08:18:25,337 [pool-93-thread-1] INFO  server.RaftServerConfigKeys (ConfUtils.java:logGet(43)) - raft.server.log.segment.size.max = 1048576 (custom)
2019-08-29 08:18:25,337 [pool-49-thread-1] INFO  server.RaftServerConfigKeys (ConfUtils.java:logGet(43)) - raft.server.log.write.buffer.size = 33554432 (custom)
2019-08-29 08:18:25,337 [pool-93-thread-1] INFO  server.RaftServerConfigKeys (ConfUtils.java:logGet(43)) - raft.server.log.preallocated.size = 16384 (custom)
2019-08-29 08:18:25,337 [pool-60-thread-1] INFO  segmented.SegmentedRaftLogWorker (SegmentedRaftLogWorker.java:lambda$new$0(132)) - dd9a91c5-5c4b-4478-b7f7-3956f198c950-SegmentedRaftLogWorker:Storage Directory /workdir/hadoop-ozone/integration-test/target/test-dir/MiniOzoneClusterImpl-ef39a000-56f8-499f-ba54-08500adcb141/datanode-3/data/ratis/d8ea1ec4-875b-49da-9bde-d780a69e0dbc: flushIndex: setUnconditionally 0 -> -1
2019-08-29 08:18:25,337 [pool-93-thread-1] INFO  server.RaftServerConfigKeys (ConfUtils.java:logGet(43)) - raft.server.log.write.buffer.size = 33554432 (custom)
2019-08-29 08:18:25,337 [pool-49-thread-1] INFO  server.RaftServerConfigKeys (ConfUtils.java:logGet(43)) - raft.server.log.force.sync.num = 128 (default)
2019-08-29 08:18:25,337 [pool-60-thread-1] INFO  server.RaftServerConfigKeys (ConfUtils.java:logGet(43)) - raft.server.snapshot.auto.trigger.enabled = true (custom)
2019-08-29 08:18:25,337 [pool-93-thread-1] INFO  server.RaftServerConfigKeys (ConfUtils.java:logGet(43)) - raft.server.log.force.sync.num = 128 (default)
2019-08-29 08:18:25,338 [pool-60-thread-1] INFO  server.RaftServerConfigKeys (ConfUtils.java:logGet(43)) - raft.server.snapshot.auto.trigger.threshold = 10000 (custom)
2019-08-29 08:18:25,338 [pool-49-thread-1] INFO  server.RaftServerConfigKeys (ConfUtils.java:logGet(43)) - raft.server.log.statemachine.data.sync = true (default)
2019-08-29 08:18:25,338 [pool-60-thread-1] INFO  server.RaftServerConfigKeys (ConfUtils.java:logGet(43)) - raft.server.retrycache.expirytime = 600000ms (custom)
2019-08-29 08:18:25,338 [pool-93-thread-1] INFO  server.RaftServerConfigKeys (ConfUtils.java:logGet(43)) - raft.server.log.statemachine.data.sync = true (default)
2019-08-29 08:18:25,338 [pool-49-thread-1] INFO  server.RaftServerConfigKeys (ConfUtils.java:logGet(43)) - raft.server.log.statemachine.data.sync.timeout = 10s (default)
2019-08-29 08:18:25,338 [pool-93-thread-1] INFO  server.RaftServerConfigKeys (ConfUtils.java:logGet(43)) - raft.server.log.statemachine.data.sync.timeout = 10s (default)
2019-08-29 08:18:25,338 [pool-49-thread-1] INFO  server.RaftServerConfigKeys (ConfUtils.java:logGet(43)) - raft.server.log.statemachine.data.sync.timeout.retry = -1 (default)
2019-08-29 08:18:25,338 [pool-93-thread-1] INFO  server.RaftServerConfigKeys (ConfUtils.java:logGet(43)) - raft.server.log.statemachine.data.sync.timeout.retry = -1 (default)
2019-08-29 08:18:25,339 [pool-49-thread-1] INFO  server.RaftServerConfigKeys (ConfUtils.java:logGet(43)) - raft.server.log.statemachine.data.caching.enabled = true (custom)
2019-08-29 08:18:25,339 [pool-93-thread-1] INFO  server.RaftServerConfigKeys (ConfUtils.java:logGet(43)) - raft.server.log.statemachine.data.caching.enabled = true (custom)
2019-08-29 08:18:25,339 [pool-49-thread-1] INFO  segmented.SegmentedRaftLogWorker (SegmentedRaftLogWorker.java:lambda$new$0(132)) - 14879765-9127-45ba-89de-04712631aaf6-SegmentedRaftLogWorker:Storage Directory /workdir/hadoop-ozone/integration-test/target/test-dir/MiniOzoneClusterImpl-ef39a000-56f8-499f-ba54-08500adcb141/datanode-2/data/ratis/d8ea1ec4-875b-49da-9bde-d780a69e0dbc: flushIndex: setUnconditionally 0 -> -1
2019-08-29 08:18:25,339 [pool-93-thread-1] INFO  segmented.SegmentedRaftLogWorker (SegmentedRaftLogWorker.java:lambda$new$0(132)) - 9b2222ce-dbb0-4da1-b31a-a52ba00795b8-SegmentedRaftLogWorker:Storage Directory /workdir/hadoop-ozone/integration-test/target/test-dir/MiniOzoneClusterImpl-ef39a000-56f8-499f-ba54-08500adcb141/datanode-6/data/ratis/bca96f84-0e9e-487d-bb9c-5ee34f4f29f8: flushIndex: setUnconditionally 0 -> -1
2019-08-29 08:18:25,339 [pool-49-thread-1] INFO  server.RaftServerConfigKeys (ConfUtils.java:logGet(43)) - raft.server.snapshot.auto.trigger.enabled = true (custom)
2019-08-29 08:18:25,339 [pool-93-thread-1] INFO  server.RaftServerConfigKeys (ConfUtils.java:logGet(43)) - raft.server.snapshot.auto.trigger.enabled = true (custom)
2019-08-29 08:18:25,339 [pool-49-thread-1] INFO  server.RaftServerConfigKeys (ConfUtils.java:logGet(43)) - raft.server.snapshot.auto.trigger.threshold = 10000 (custom)
2019-08-29 08:18:25,339 [pool-93-thread-1] INFO  server.RaftServerConfigKeys (ConfUtils.java:logGet(43)) - raft.server.snapshot.auto.trigger.threshold = 10000 (custom)
2019-08-29 08:18:25,340 [pool-49-thread-1] INFO  server.RaftServerConfigKeys (ConfUtils.java:logGet(43)) - raft.server.retrycache.expirytime = 600000ms (custom)
2019-08-29 08:18:25,340 [pool-93-thread-1] INFO  server.RaftServerConfigKeys (ConfUtils.java:logGet(43)) - raft.server.retrycache.expirytime = 600000ms (custom)
2019-08-29 08:18:25,340 [pool-93-thread-1] INFO  impl.RaftServerImpl (RaftServerImpl.java:start(180)) - 9b2222ce-dbb0-4da1-b31a-a52ba00795b8: start group-91C7A3B7E451
2019-08-29 08:18:25,340 [pool-93-thread-1] INFO  impl.RaftServerImpl (RaftServerImpl.java:setRole(171)) - 9b2222ce-dbb0-4da1-b31a-a52ba00795b8:group-91C7A3B7E451 changes role from null to FOLLOWER at term 0 for startAsFollower
2019-08-29 08:18:25,340 [pool-93-thread-1] INFO  impl.RoleInfo (RoleInfo.java:updateAndGet(143)) - 9b2222ce-dbb0-4da1-b31a-a52ba00795b8: start FollowerState
2019-08-29 08:18:25,341 [pool-93-thread-1] INFO  util.JmxRegister (JmxRegister.java:tryRegister(44)) - Successfully registered JMX Bean with object name Ratis:service=RaftServer,group=group-91C7A3B7E451,id=9b2222ce-dbb0-4da1-b31a-a52ba00795b8
2019-08-29 08:18:25,341 [pool-60-thread-1] INFO  impl.RaftServerImpl (RaftServerImpl.java:<init>(93)) - dd9a91c5-5c4b-4478-b7f7-3956f198c950: new RaftServerImpl for group-C707077486AB:[9b2222ce-dbb0-4da1-b31a-a52ba00795b8:192.168.34.54:34658, dd9a91c5-5c4b-4478-b7f7-3956f198c950:192.168.34.54:35600, 14879765-9127-45ba-89de-04712631aaf6:192.168.34.54:41705] with ContainerStateMachine:uninitialized
2019-08-29 08:18:25,341 [pool-60-thread-1] INFO  server.RaftServerConfigKeys (ConfUtils.java:logGet(43)) - raft.server.rpc.timeout.min = 5s (custom)
2019-08-29 08:18:25,341 [pool-93-thread-1] INFO  impl.RaftServerImpl (RaftServerImpl.java:start(180)) - 9b2222ce-dbb0-4da1-b31a-a52ba00795b8: start group-59B4FD6504DB
2019-08-29 08:18:25,341 [pool-60-thread-1] INFO  server.RaftServerConfigKeys (ConfUtils.java:logGet(43)) - raft.server.rpc.timeout.max = 5200ms (custom)
2019-08-29 08:18:25,341 [pool-93-thread-1] INFO  impl.RaftServerImpl (RaftServerImpl.java:setRole(171)) - 9b2222ce-dbb0-4da1-b31a-a52ba00795b8:group-59B4FD6504DB changes role from null to FOLLOWER at term 0 for startAsFollower
2019-08-29 08:18:25,341 [pool-60-thread-1] INFO  server.RaftServerConfigKeys (ConfUtils.java:logGet(43)) - raft.server.rpcslowness.timeout = 120s (custom)
2019-08-29 08:18:25,341 [pool-49-thread-1] INFO  impl.RaftServerImpl (RaftServerImpl.java:<init>(93)) - 14879765-9127-45ba-89de-04712631aaf6: new RaftServerImpl for group-C707077486AB:[9b2222ce-dbb0-4da1-b31a-a52ba00795b8:192.168.34.54:34658, dd9a91c5-5c4b-4478-b7f7-3956f198c950:192.168.34.54:35600, 14879765-9127-45ba-89de-04712631aaf6:192.168.34.54:41705] with ContainerStateMachine:uninitialized
2019-08-29 08:18:25,341 [pool-93-thread-1] INFO  impl.RoleInfo (RoleInfo.java:updateAndGet(143)) - 9b2222ce-dbb0-4da1-b31a-a52ba00795b8: start FollowerState
2019-08-29 08:18:25,342 [pool-49-thread-1] INFO  server.RaftServerConfigKeys (ConfUtils.java:logGet(43)) - raft.server.rpc.timeout.min = 5s (custom)
2019-08-29 08:18:25,341 [pool-60-thread-1] INFO  server.RaftServerConfigKeys (ConfUtils.java:logGet(43)) - raft.server.sleep.deviation.threshold = 300 (default)
2019-08-29 08:18:25,342 [pool-49-thread-1] INFO  server.RaftServerConfigKeys (ConfUtils.java:logGet(43)) - raft.server.rpc.timeout.max = 5200ms (custom)
2019-08-29 08:18:25,342 [pool-60-thread-1] INFO  server.RaftServerConfigKeys (ConfUtils.java:logGet(43)) - raft.server.log.appender.install.snapshot.enabled = false (custom)
2019-08-29 08:18:25,342 [pool-93-thread-1] INFO  util.JmxRegister (JmxRegister.java:tryRegister(44)) - Successfully registered JMX Bean with object name Ratis:service=RaftServer,group=group-59B4FD6504DB,id=9b2222ce-dbb0-4da1-b31a-a52ba00795b8
2019-08-29 08:18:25,342 [pool-60-thread-1] INFO  impl.RaftServerImpl (ServerState.java:<init>(105)) - dd9a91c5-5c4b-4478-b7f7-3956f198c950:group-C707077486AB ConfigurationManager, init=-1: [9b2222ce-dbb0-4da1-b31a-a52ba00795b8:192.168.34.54:34658, dd9a91c5-5c4b-4478-b7f7-3956f198c950:192.168.34.54:35600, 14879765-9127-45ba-89de-04712631aaf6:192.168.34.54:41705], old=null, confs=<EMPTY_MAP>
2019-08-29 08:18:25,342 [pool-49-thread-1] INFO  server.RaftServerConfigKeys (ConfUtils.java:logGet(43)) - raft.server.rpcslowness.timeout = 120s (custom)
2019-08-29 08:18:25,342 [pool-60-thread-1] INFO  server.RaftServerConfigKeys (ConfUtils.java:logGet(43)) - raft.server.storage.dir = [/workdir/hadoop-ozone/integration-test/target/test-dir/MiniOzoneClusterImpl-ef39a000-56f8-499f-ba54-08500adcb141/datanode-3/data/ratis] (custom)
2019-08-29 08:18:25,342 [pool-49-thread-1] INFO  server.RaftServerConfigKeys (ConfUtils.java:logGet(43)) - raft.server.sleep.deviation.threshold = 300 (default)
2019-08-29 08:18:25,343 [pool-49-thread-1] INFO  server.RaftServerConfigKeys (ConfUtils.java:logGet(43)) - raft.server.log.appender.install.snapshot.enabled = false (custom)
2019-08-29 08:18:25,343 [pool-49-thread-1] INFO  impl.RaftServerImpl (ServerState.java:<init>(105)) - 14879765-9127-45ba-89de-04712631aaf6:group-C707077486AB ConfigurationManager, init=-1: [9b2222ce-dbb0-4da1-b31a-a52ba00795b8:192.168.34.54:34658, dd9a91c5-5c4b-4478-b7f7-3956f198c950:192.168.34.54:35600, 14879765-9127-45ba-89de-04712631aaf6:192.168.34.54:41705], old=null, confs=<EMPTY_MAP>
2019-08-29 08:18:25,343 [pool-60-thread-1] INFO  storage.RaftStorageDirectory (RaftStorageDirectory.java:analyzeStorage(246)) - The storage directory /workdir/hadoop-ozone/integration-test/target/test-dir/MiniOzoneClusterImpl-ef39a000-56f8-499f-ba54-08500adcb141/datanode-3/data/ratis/8631db2f-ed70-4e4e-b30e-c707077486ab does not exist. Creating ...
2019-08-29 08:18:25,343 [pool-49-thread-1] INFO  server.RaftServerConfigKeys (ConfUtils.java:logGet(43)) - raft.server.storage.dir = [/workdir/hadoop-ozone/integration-test/target/test-dir/MiniOzoneClusterImpl-ef39a000-56f8-499f-ba54-08500adcb141/datanode-2/data/ratis] (custom)
2019-08-29 08:18:25,343 [pool-93-thread-1] INFO  impl.RaftServerImpl (RaftServerImpl.java:<init>(93)) - 9b2222ce-dbb0-4da1-b31a-a52ba00795b8: new RaftServerImpl for group-D780A69E0DBC:[9b2222ce-dbb0-4da1-b31a-a52ba00795b8:192.168.34.54:34658, dd9a91c5-5c4b-4478-b7f7-3956f198c950:192.168.34.54:35600, 14879765-9127-45ba-89de-04712631aaf6:192.168.34.54:41705] with ContainerStateMachine:uninitialized
2019-08-29 08:18:25,343 [pool-49-thread-1] INFO  storage.RaftStorageDirectory (RaftStorageDirectory.java:analyzeStorage(246)) - The storage directory /workdir/hadoop-ozone/integration-test/target/test-dir/MiniOzoneClusterImpl-ef39a000-56f8-499f-ba54-08500adcb141/datanode-2/data/ratis/8631db2f-ed70-4e4e-b30e-c707077486ab does not exist. Creating ...
2019-08-29 08:18:25,343 [pool-93-thread-1] INFO  server.RaftServerConfigKeys (ConfUtils.java:logGet(43)) - raft.server.rpc.timeout.min = 5s (custom)
2019-08-29 08:18:25,344 [pool-93-thread-1] INFO  server.RaftServerConfigKeys (ConfUtils.java:logGet(43)) - raft.server.rpc.timeout.max = 5200ms (custom)
2019-08-29 08:18:25,344 [pool-93-thread-1] INFO  server.RaftServerConfigKeys (ConfUtils.java:logGet(43)) - raft.server.rpcslowness.timeout = 120s (custom)
2019-08-29 08:18:25,344 [pool-93-thread-1] INFO  server.RaftServerConfigKeys (ConfUtils.java:logGet(43)) - raft.server.sleep.deviation.threshold = 300 (default)
2019-08-29 08:18:25,344 [pool-93-thread-1] INFO  server.RaftServerConfigKeys (ConfUtils.java:logGet(43)) - raft.server.log.appender.install.snapshot.enabled = false (custom)
2019-08-29 08:18:25,344 [pool-93-thread-1] INFO  impl.RaftServerImpl (ServerState.java:<init>(105)) - 9b2222ce-dbb0-4da1-b31a-a52ba00795b8:group-D780A69E0DBC ConfigurationManager, init=-1: [9b2222ce-dbb0-4da1-b31a-a52ba00795b8:192.168.34.54:34658, dd9a91c5-5c4b-4478-b7f7-3956f198c950:192.168.34.54:35600, 14879765-9127-45ba-89de-04712631aaf6:192.168.34.54:41705], old=null, confs=<EMPTY_MAP>
2019-08-29 08:18:25,344 [pool-93-thread-1] INFO  server.RaftServerConfigKeys (ConfUtils.java:logGet(43)) - raft.server.storage.dir = [/workdir/hadoop-ozone/integration-test/target/test-dir/MiniOzoneClusterImpl-ef39a000-56f8-499f-ba54-08500adcb141/datanode-6/data/ratis] (custom)
2019-08-29 08:18:25,344 [pool-93-thread-1] INFO  storage.RaftStorageDirectory (RaftStorageDirectory.java:analyzeStorage(246)) - The storage directory /workdir/hadoop-ozone/integration-test/target/test-dir/MiniOzoneClusterImpl-ef39a000-56f8-499f-ba54-08500adcb141/datanode-6/data/ratis/d8ea1ec4-875b-49da-9bde-d780a69e0dbc does not exist. Creating ...
2019-08-29 08:18:25,359 [pool-60-thread-1] INFO  storage.RaftStorageDirectory (RaftStorageDirectory.java:tryLock(328)) - Lock on /workdir/hadoop-ozone/integration-test/target/test-dir/MiniOzoneClusterImpl-ef39a000-56f8-499f-ba54-08500adcb141/datanode-3/data/ratis/8631db2f-ed70-4e4e-b30e-c707077486ab/in_use.lock acquired by nodename 28333@pr-hdds-1553-zhl8q-89899572
2019-08-29 08:18:25,359 [pool-49-thread-1] INFO  storage.RaftStorageDirectory (RaftStorageDirectory.java:tryLock(328)) - Lock on /workdir/hadoop-ozone/integration-test/target/test-dir/MiniOzoneClusterImpl-ef39a000-56f8-499f-ba54-08500adcb141/datanode-2/data/ratis/8631db2f-ed70-4e4e-b30e-c707077486ab/in_use.lock acquired by nodename 28333@pr-hdds-1553-zhl8q-89899572
2019-08-29 08:18:25,361 [pool-93-thread-1] INFO  storage.RaftStorageDirectory (RaftStorageDirectory.java:tryLock(328)) - Lock on /workdir/hadoop-ozone/integration-test/target/test-dir/MiniOzoneClusterImpl-ef39a000-56f8-499f-ba54-08500adcb141/datanode-6/data/ratis/d8ea1ec4-875b-49da-9bde-d780a69e0dbc/in_use.lock acquired by nodename 28333@pr-hdds-1553-zhl8q-89899572
2019-08-29 08:18:25,362 | INFO  | SCMAudit | user=jenkins1000 | ip=192.168.34.54 | op=SEND_HEARTBEAT {datanodeUUID=dba0a522-61fc-431c-9633-76c1b0451c6f, command=[]} | ret=SUCCESS |  
2019-08-29 08:18:25,362 | INFO  | SCMAudit | user=jenkins1000 | ip=192.168.34.54 | op=SEND_HEARTBEAT {datanodeUUID=4e66ed9b-7a7a-49e4-a069-f2e74814d405, command=[]} | ret=SUCCESS |  
2019-08-29 08:18:25,403 [pool-60-thread-1] INFO  storage.RaftStorage (RaftStorage.java:format(72)) - Storage directory /workdir/hadoop-ozone/integration-test/target/test-dir/MiniOzoneClusterImpl-ef39a000-56f8-499f-ba54-08500adcb141/datanode-3/data/ratis/8631db2f-ed70-4e4e-b30e-c707077486ab has been successfully formatted.
2019-08-29 08:18:25,403 [pool-49-thread-1] INFO  storage.RaftStorage (RaftStorage.java:format(72)) - Storage directory /workdir/hadoop-ozone/integration-test/target/test-dir/MiniOzoneClusterImpl-ef39a000-56f8-499f-ba54-08500adcb141/datanode-2/data/ratis/8631db2f-ed70-4e4e-b30e-c707077486ab has been successfully formatted.
2019-08-29 08:18:25,403 [pool-93-thread-1] INFO  storage.RaftStorage (RaftStorage.java:format(72)) - Storage directory /workdir/hadoop-ozone/integration-test/target/test-dir/MiniOzoneClusterImpl-ef39a000-56f8-499f-ba54-08500adcb141/datanode-6/data/ratis/d8ea1ec4-875b-49da-9bde-d780a69e0dbc has been successfully formatted.
2019-08-29 08:18:25,403 [pool-60-thread-1] INFO  ratis.ContainerStateMachine (ContainerStateMachine.java:loadSnapshot(226)) - group-C707077486AB: The snapshot info is null. Setting the last applied indexto:(t:0, i:~)
2019-08-29 08:18:25,403 [pool-93-thread-1] INFO  ratis.ContainerStateMachine (ContainerStateMachine.java:loadSnapshot(226)) - group-D780A69E0DBC: The snapshot info is null. Setting the last applied indexto:(t:0, i:~)
2019-08-29 08:18:25,403 [pool-49-thread-1] INFO  ratis.ContainerStateMachine (ContainerStateMachine.java:loadSnapshot(226)) - group-C707077486AB: The snapshot info is null. Setting the last applied indexto:(t:0, i:~)
2019-08-29 08:18:25,403 [pool-93-thread-1] INFO  server.RaftServerConfigKeys (ConfUtils.java:logGet(43)) - raft.server.leader.election.timeout = 120s (custom)
2019-08-29 08:18:25,403 [pool-60-thread-1] INFO  server.RaftServerConfigKeys (ConfUtils.java:logGet(43)) - raft.server.leader.election.timeout = 120s (custom)
2019-08-29 08:18:25,403 [pool-93-thread-1] INFO  server.RaftServerConfigKeys (ConfUtils.java:logGet(43)) - raft.server.log.use.memory = false (default)
2019-08-29 08:18:25,403 [pool-49-thread-1] INFO  server.RaftServerConfigKeys (ConfUtils.java:logGet(43)) - raft.server.leader.election.timeout = 120s (custom)
2019-08-29 08:18:25,404 [pool-93-thread-1] INFO  server.RaftServerConfigKeys (ConfUtils.java:logGet(43)) - raft.server.log.purge.gap = 1000000 (custom)
2019-08-29 08:18:25,403 [pool-60-thread-1] INFO  server.RaftServerConfigKeys (ConfUtils.java:logGet(43)) - raft.server.log.use.memory = false (default)
2019-08-29 08:18:25,404 [pool-93-thread-1] INFO  server.RaftServerConfigKeys (ConfUtils.java:logGet(43)) - raft.server.log.appender.buffer.byte-limit = 33554432 (custom)
2019-08-29 08:18:25,404 [pool-49-thread-1] INFO  server.RaftServerConfigKeys (ConfUtils.java:logGet(43)) - raft.server.log.use.memory = false (default)
2019-08-29 08:18:25,404 [pool-93-thread-1] INFO  server.RaftServerConfigKeys (ConfUtils.java:logGet(43)) - raft.server.log.segment.size.max = 1048576 (custom)
2019-08-29 08:18:25,404 [pool-60-thread-1] INFO  server.RaftServerConfigKeys (ConfUtils.java:logGet(43)) - raft.server.log.purge.gap = 1000000 (custom)
2019-08-29 08:18:25,404 [pool-93-thread-1] INFO  server.RaftServerConfigKeys (ConfUtils.java:logGet(43)) - raft.server.log.segment.cache.num.max = 2 (custom)
2019-08-29 08:18:25,404 [pool-49-thread-1] INFO  server.RaftServerConfigKeys (ConfUtils.java:logGet(43)) - raft.server.log.purge.gap = 1000000 (custom)
2019-08-29 08:18:25,404 [pool-93-thread-1] INFO  segmented.SegmentedRaftLogWorker (SegmentedRaftLogWorker.java:<init>(172)) - new 9b2222ce-dbb0-4da1-b31a-a52ba00795b8-SegmentedRaftLogWorker:Storage Directory /workdir/hadoop-ozone/integration-test/target/test-dir/MiniOzoneClusterImpl-ef39a000-56f8-499f-ba54-08500adcb141/datanode-6/data/ratis/d8ea1ec4-875b-49da-9bde-d780a69e0dbc for RaftStorage:Storage Directory /workdir/hadoop-ozone/integration-test/target/test-dir/MiniOzoneClusterImpl-ef39a000-56f8-499f-ba54-08500adcb141/datanode-6/data/ratis/d8ea1ec4-875b-49da-9bde-d780a69e0dbc
2019-08-29 08:18:25,404 [pool-60-thread-1] INFO  server.RaftServerConfigKeys (ConfUtils.java:logGet(43)) - raft.server.log.appender.buffer.byte-limit = 33554432 (custom)
2019-08-29 08:18:25,405 [pool-93-thread-1] INFO  server.RaftServerConfigKeys (ConfUtils.java:logGet(43)) - raft.server.log.queue.byte-limit = 2147483647 (custom)
2019-08-29 08:18:25,405 [pool-49-thread-1] INFO  server.RaftServerConfigKeys (ConfUtils.java:logGet(43)) - raft.server.log.appender.buffer.byte-limit = 33554432 (custom)
2019-08-29 08:18:25,407 [pool-93-thread-1] INFO  server.RaftServerConfigKeys (ConfUtils.java:logGet(43)) - raft.server.log.queue.element-limit = 1024 (custom)
2019-08-29 08:18:25,407 [pool-60-thread-1] INFO  server.RaftServerConfigKeys (ConfUtils.java:logGet(43)) - raft.server.log.segment.size.max = 1048576 (custom)
2019-08-29 08:18:25,407 [pool-93-thread-1] INFO  server.RaftServerConfigKeys (ConfUtils.java:logGet(43)) - raft.server.log.segment.size.max = 1048576 (custom)
2019-08-29 08:18:25,407 [pool-49-thread-1] INFO  server.RaftServerConfigKeys (ConfUtils.java:logGet(43)) - raft.server.log.segment.size.max = 1048576 (custom)
2019-08-29 08:18:25,407 [pool-93-thread-1] INFO  server.RaftServerConfigKeys (ConfUtils.java:logGet(43)) - raft.server.log.preallocated.size = 16384 (custom)
2019-08-29 08:18:25,407 [pool-60-thread-1] INFO  server.RaftServerConfigKeys (ConfUtils.java:logGet(43)) - raft.server.log.segment.cache.num.max = 2 (custom)
2019-08-29 08:18:25,408 [pool-93-thread-1] INFO  server.RaftServerConfigKeys (ConfUtils.java:logGet(43)) - raft.server.log.write.buffer.size = 33554432 (custom)
2019-08-29 08:18:25,408 [pool-49-thread-1] INFO  server.RaftServerConfigKeys (ConfUtils.java:logGet(43)) - raft.server.log.segment.cache.num.max = 2 (custom)
2019-08-29 08:18:25,408 [pool-93-thread-1] INFO  server.RaftServerConfigKeys (ConfUtils.java:logGet(43)) - raft.server.log.force.sync.num = 128 (default)
2019-08-29 08:18:25,408 [pool-60-thread-1] INFO  segmented.SegmentedRaftLogWorker (SegmentedRaftLogWorker.java:<init>(172)) - new dd9a91c5-5c4b-4478-b7f7-3956f198c950-SegmentedRaftLogWorker:Storage Directory /workdir/hadoop-ozone/integration-test/target/test-dir/MiniOzoneClusterImpl-ef39a000-56f8-499f-ba54-08500adcb141/datanode-3/data/ratis/8631db2f-ed70-4e4e-b30e-c707077486ab for RaftStorage:Storage Directory /workdir/hadoop-ozone/integration-test/target/test-dir/MiniOzoneClusterImpl-ef39a000-56f8-499f-ba54-08500adcb141/datanode-3/data/ratis/8631db2f-ed70-4e4e-b30e-c707077486ab
2019-08-29 08:18:25,408 [pool-93-thread-1] INFO  server.RaftServerConfigKeys (ConfUtils.java:logGet(43)) - raft.server.log.statemachine.data.sync = true (default)
2019-08-29 08:18:25,408 [pool-49-thread-1] INFO  segmented.SegmentedRaftLogWorker (SegmentedRaftLogWorker.java:<init>(172)) - new 14879765-9127-45ba-89de-04712631aaf6-SegmentedRaftLogWorker:Storage Directory /workdir/hadoop-ozone/integration-test/target/test-dir/MiniOzoneClusterImpl-ef39a000-56f8-499f-ba54-08500adcb141/datanode-2/data/ratis/8631db2f-ed70-4e4e-b30e-c707077486ab for RaftStorage:Storage Directory /workdir/hadoop-ozone/integration-test/target/test-dir/MiniOzoneClusterImpl-ef39a000-56f8-499f-ba54-08500adcb141/datanode-2/data/ratis/8631db2f-ed70-4e4e-b30e-c707077486ab
2019-08-29 08:18:25,410 [pool-93-thread-1] INFO  server.RaftServerConfigKeys (ConfUtils.java:logGet(43)) - raft.server.log.statemachine.data.sync.timeout = 10s (default)
2019-08-29 08:18:25,408 [pool-60-thread-1] INFO  server.RaftServerConfigKeys (ConfUtils.java:logGet(43)) - raft.server.log.queue.byte-limit = 2147483647 (custom)
2019-08-29 08:18:25,410 [pool-93-thread-1] INFO  server.RaftServerConfigKeys (ConfUtils.java:logGet(43)) - raft.server.log.statemachine.data.sync.timeout.retry = -1 (default)
2019-08-29 08:18:25,410 [pool-49-thread-1] INFO  server.RaftServerConfigKeys (ConfUtils.java:logGet(43)) - raft.server.log.queue.byte-limit = 2147483647 (custom)
2019-08-29 08:18:25,411 [pool-93-thread-1] INFO  server.RaftServerConfigKeys (ConfUtils.java:logGet(43)) - raft.server.log.statemachine.data.caching.enabled = true (custom)
2019-08-29 08:18:25,411 [pool-60-thread-1] INFO  server.RaftServerConfigKeys (ConfUtils.java:logGet(43)) - raft.server.log.queue.element-limit = 1024 (custom)
2019-08-29 08:18:25,411 [pool-49-thread-1] INFO  server.RaftServerConfigKeys (ConfUtils.java:logGet(43)) - raft.server.log.queue.element-limit = 1024 (custom)
2019-08-29 08:18:25,412 [pool-93-thread-1] INFO  segmented.SegmentedRaftLogWorker (SegmentedRaftLogWorker.java:lambda$new$0(132)) - 9b2222ce-dbb0-4da1-b31a-a52ba00795b8-SegmentedRaftLogWorker:Storage Directory /workdir/hadoop-ozone/integration-test/target/test-dir/MiniOzoneClusterImpl-ef39a000-56f8-499f-ba54-08500adcb141/datanode-6/data/ratis/d8ea1ec4-875b-49da-9bde-d780a69e0dbc: flushIndex: setUnconditionally 0 -> -1
2019-08-29 08:18:25,412 [pool-60-thread-1] INFO  server.RaftServerConfigKeys (ConfUtils.java:logGet(43)) - raft.server.log.segment.size.max = 1048576 (custom)
2019-08-29 08:18:25,412 [pool-49-thread-1] INFO  server.RaftServerConfigKeys (ConfUtils.java:logGet(43)) - raft.server.log.segment.size.max = 1048576 (custom)
2019-08-29 08:18:25,412 [pool-93-thread-1] INFO  server.RaftServerConfigKeys (ConfUtils.java:logGet(43)) - raft.server.snapshot.auto.trigger.enabled = true (custom)
2019-08-29 08:18:25,412 [pool-60-thread-1] INFO  server.RaftServerConfigKeys (ConfUtils.java:logGet(43)) - raft.server.log.preallocated.size = 16384 (custom)
2019-08-29 08:18:25,412 [pool-93-thread-1] INFO  server.RaftServerConfigKeys (ConfUtils.java:logGet(43)) - raft.server.snapshot.auto.trigger.threshold = 10000 (custom)
2019-08-29 08:18:25,412 [pool-49-thread-1] INFO  server.RaftServerConfigKeys (ConfUtils.java:logGet(43)) - raft.server.log.preallocated.size = 16384 (custom)
2019-08-29 08:18:25,412 [pool-93-thread-1] INFO  server.RaftServerConfigKeys (ConfUtils.java:logGet(43)) - raft.server.retrycache.expirytime = 600000ms (custom)
2019-08-29 08:18:25,412 [pool-60-thread-1] INFO  server.RaftServerConfigKeys (ConfUtils.java:logGet(43)) - raft.server.log.write.buffer.size = 33554432 (custom)
2019-08-29 08:18:25,412 [pool-49-thread-1] INFO  server.RaftServerConfigKeys (ConfUtils.java:logGet(43)) - raft.server.log.write.buffer.size = 33554432 (custom)
2019-08-29 08:18:25,413 [pool-60-thread-1] INFO  server.RaftServerConfigKeys (ConfUtils.java:logGet(43)) - raft.server.log.force.sync.num = 128 (default)
2019-08-29 08:18:25,413 [pool-49-thread-1] INFO  server.RaftServerConfigKeys (ConfUtils.java:logGet(43)) - raft.server.log.force.sync.num = 128 (default)
2019-08-29 08:18:25,413 [pool-60-thread-1] INFO  server.RaftServerConfigKeys (ConfUtils.java:logGet(43)) - raft.server.log.statemachine.data.sync = true (default)
2019-08-29 08:18:25,413 [pool-49-thread-1] INFO  server.RaftServerConfigKeys (ConfUtils.java:logGet(43)) - raft.server.log.statemachine.data.sync = true (default)
2019-08-29 08:18:25,413 [pool-60-thread-1] INFO  server.RaftServerConfigKeys (ConfUtils.java:logGet(43)) - raft.server.log.statemachine.data.sync.timeout = 10s (default)
2019-08-29 08:18:25,413 [pool-49-thread-1] INFO  server.RaftServerConfigKeys (ConfUtils.java:logGet(43)) - raft.server.log.statemachine.data.sync.timeout = 10s (default)
2019-08-29 08:18:25,413 [pool-60-thread-1] INFO  server.RaftServerConfigKeys (ConfUtils.java:logGet(43)) - raft.server.log.statemachine.data.sync.timeout.retry = -1 (default)
2019-08-29 08:18:25,413 [pool-49-thread-1] INFO  server.RaftServerConfigKeys (ConfUtils.java:logGet(43)) - raft.server.log.statemachine.data.sync.timeout.retry = -1 (default)
2019-08-29 08:18:25,414 [pool-60-thread-1] INFO  server.RaftServerConfigKeys (ConfUtils.java:logGet(43)) - raft.server.log.statemachine.data.caching.enabled = true (custom)
2019-08-29 08:18:25,414 [pool-49-thread-1] INFO  server.RaftServerConfigKeys (ConfUtils.java:logGet(43)) - raft.server.log.statemachine.data.caching.enabled = true (custom)
2019-08-29 08:18:25,414 [pool-60-thread-1] INFO  segmented.SegmentedRaftLogWorker (SegmentedRaftLogWorker.java:lambda$new$0(132)) - dd9a91c5-5c4b-4478-b7f7-3956f198c950-SegmentedRaftLogWorker:Storage Directory /workdir/hadoop-ozone/integration-test/target/test-dir/MiniOzoneClusterImpl-ef39a000-56f8-499f-ba54-08500adcb141/datanode-3/data/ratis/8631db2f-ed70-4e4e-b30e-c707077486ab: flushIndex: setUnconditionally 0 -> -1
2019-08-29 08:18:25,414 [pool-49-thread-1] INFO  segmented.SegmentedRaftLogWorker (SegmentedRaftLogWorker.java:lambda$new$0(132)) - 14879765-9127-45ba-89de-04712631aaf6-SegmentedRaftLogWorker:Storage Directory /workdir/hadoop-ozone/integration-test/target/test-dir/MiniOzoneClusterImpl-ef39a000-56f8-499f-ba54-08500adcb141/datanode-2/data/ratis/8631db2f-ed70-4e4e-b30e-c707077486ab: flushIndex: setUnconditionally 0 -> -1
2019-08-29 08:18:25,414 [pool-60-thread-1] INFO  server.RaftServerConfigKeys (ConfUtils.java:logGet(43)) - raft.server.snapshot.auto.trigger.enabled = true (custom)
2019-08-29 08:18:25,414 [pool-60-thread-1] INFO  server.RaftServerConfigKeys (ConfUtils.java:logGet(43)) - raft.server.snapshot.auto.trigger.threshold = 10000 (custom)
2019-08-29 08:18:25,414 [pool-49-thread-1] INFO  server.RaftServerConfigKeys (ConfUtils.java:logGet(43)) - raft.server.snapshot.auto.trigger.enabled = true (custom)
2019-08-29 08:18:25,414 [pool-60-thread-1] INFO  server.RaftServerConfigKeys (ConfUtils.java:logGet(43)) - raft.server.retrycache.expirytime = 600000ms (custom)
2019-08-29 08:18:25,414 [pool-93-thread-1] INFO  impl.RaftServerImpl (RaftServerImpl.java:<init>(93)) - 9b2222ce-dbb0-4da1-b31a-a52ba00795b8: new RaftServerImpl for group-C707077486AB:[9b2222ce-dbb0-4da1-b31a-a52ba00795b8:192.168.34.54:34658, dd9a91c5-5c4b-4478-b7f7-3956f198c950:192.168.34.54:35600, 14879765-9127-45ba-89de-04712631aaf6:192.168.34.54:41705] with ContainerStateMachine:uninitialized
2019-08-29 08:18:25,415 [pool-49-thread-1] INFO  server.RaftServerConfigKeys (ConfUtils.java:logGet(43)) - raft.server.snapshot.auto.trigger.threshold = 10000 (custom)
2019-08-29 08:18:25,415 [pool-93-thread-1] INFO  server.RaftServerConfigKeys (ConfUtils.java:logGet(43)) - raft.server.rpc.timeout.min = 5s (custom)
2019-08-29 08:18:25,415 [pool-49-thread-1] INFO  server.RaftServerConfigKeys (ConfUtils.java:logGet(43)) - raft.server.retrycache.expirytime = 600000ms (custom)
2019-08-29 08:18:25,415 [pool-93-thread-1] INFO  server.RaftServerConfigKeys (ConfUtils.java:logGet(43)) - raft.server.rpc.timeout.max = 5200ms (custom)
2019-08-29 08:18:25,415 [pool-93-thread-1] INFO  server.RaftServerConfigKeys (ConfUtils.java:logGet(43)) - raft.server.rpcslowness.timeout = 120s (custom)
2019-08-29 08:18:25,415 [pool-93-thread-1] INFO  server.RaftServerConfigKeys (ConfUtils.java:logGet(43)) - raft.server.sleep.deviation.threshold = 300 (default)
2019-08-29 08:18:25,415 [pool-93-thread-1] INFO  server.RaftServerConfigKeys (ConfUtils.java:logGet(43)) - raft.server.log.appender.install.snapshot.enabled = false (custom)
2019-08-29 08:18:25,416 [pool-93-thread-1] INFO  impl.RaftServerImpl (ServerState.java:<init>(105)) - 9b2222ce-dbb0-4da1-b31a-a52ba00795b8:group-C707077486AB ConfigurationManager, init=-1: [9b2222ce-dbb0-4da1-b31a-a52ba00795b8:192.168.34.54:34658, dd9a91c5-5c4b-4478-b7f7-3956f198c950:192.168.34.54:35600, 14879765-9127-45ba-89de-04712631aaf6:192.168.34.54:41705], old=null, confs=<EMPTY_MAP>
2019-08-29 08:18:25,416 [pool-60-thread-1] INFO  impl.RaftServerImpl (RaftServerImpl.java:<init>(93)) - dd9a91c5-5c4b-4478-b7f7-3956f198c950: new RaftServerImpl for group-1A170CE98F90:[9b2222ce-dbb0-4da1-b31a-a52ba00795b8:192.168.34.54:34658, dd9a91c5-5c4b-4478-b7f7-3956f198c950:192.168.34.54:35600, 14879765-9127-45ba-89de-04712631aaf6:192.168.34.54:41705] with ContainerStateMachine:uninitialized
2019-08-29 08:18:25,416 [pool-93-thread-1] INFO  server.RaftServerConfigKeys (ConfUtils.java:logGet(43)) - raft.server.storage.dir = [/workdir/hadoop-ozone/integration-test/target/test-dir/MiniOzoneClusterImpl-ef39a000-56f8-499f-ba54-08500adcb141/datanode-6/data/ratis] (custom)
2019-08-29 08:18:25,416 [pool-60-thread-1] INFO  server.RaftServerConfigKeys (ConfUtils.java:logGet(43)) - raft.server.rpc.timeout.min = 5s (custom)
2019-08-29 08:18:25,416 [pool-60-thread-1] INFO  server.RaftServerConfigKeys (ConfUtils.java:logGet(43)) - raft.server.rpc.timeout.max = 5200ms (custom)
2019-08-29 08:18:25,416 [pool-60-thread-1] INFO  server.RaftServerConfigKeys (ConfUtils.java:logGet(43)) - raft.server.rpcslowness.timeout = 120s (custom)
2019-08-29 08:18:25,416 [pool-60-thread-1] INFO  server.RaftServerConfigKeys (ConfUtils.java:logGet(43)) - raft.server.sleep.deviation.threshold = 300 (default)
2019-08-29 08:18:25,416 [pool-93-thread-1] INFO  storage.RaftStorageDirectory (RaftStorageDirectory.java:analyzeStorage(246)) - The storage directory /workdir/hadoop-ozone/integration-test/target/test-dir/MiniOzoneClusterImpl-ef39a000-56f8-499f-ba54-08500adcb141/datanode-6/data/ratis/8631db2f-ed70-4e4e-b30e-c707077486ab does not exist. Creating ...
2019-08-29 08:18:25,416 [pool-60-thread-1] INFO  server.RaftServerConfigKeys (ConfUtils.java:logGet(43)) - raft.server.log.appender.install.snapshot.enabled = false (custom)
2019-08-29 08:18:25,417 [pool-49-thread-1] INFO  impl.RaftServerImpl (RaftServerImpl.java:<init>(93)) - 14879765-9127-45ba-89de-04712631aaf6: new RaftServerImpl for group-1A170CE98F90:[9b2222ce-dbb0-4da1-b31a-a52ba00795b8:192.168.34.54:34658, dd9a91c5-5c4b-4478-b7f7-3956f198c950:192.168.34.54:35600, 14879765-9127-45ba-89de-04712631aaf6:192.168.34.54:41705] with ContainerStateMachine:uninitialized
2019-08-29 08:18:25,417 [pool-60-thread-1] INFO  impl.RaftServerImpl (ServerState.java:<init>(105)) - dd9a91c5-5c4b-4478-b7f7-3956f198c950:group-1A170CE98F90 ConfigurationManager, init=-1: [9b2222ce-dbb0-4da1-b31a-a52ba00795b8:192.168.34.54:34658, dd9a91c5-5c4b-4478-b7f7-3956f198c950:192.168.34.54:35600, 14879765-9127-45ba-89de-04712631aaf6:192.168.34.54:41705], old=null, confs=<EMPTY_MAP>
2019-08-29 08:18:25,417 [pool-49-thread-1] INFO  server.RaftServerConfigKeys (ConfUtils.java:logGet(43)) - raft.server.rpc.timeout.min = 5s (custom)
2019-08-29 08:18:25,417 [pool-60-thread-1] INFO  server.RaftServerConfigKeys (ConfUtils.java:logGet(43)) - raft.server.storage.dir = [/workdir/hadoop-ozone/integration-test/target/test-dir/MiniOzoneClusterImpl-ef39a000-56f8-499f-ba54-08500adcb141/datanode-3/data/ratis] (custom)
2019-08-29 08:18:25,417 [pool-49-thread-1] INFO  server.RaftServerConfigKeys (ConfUtils.java:logGet(43)) - raft.server.rpc.timeout.max = 5200ms (custom)
2019-08-29 08:18:25,417 [pool-49-thread-1] INFO  server.RaftServerConfigKeys (ConfUtils.java:logGet(43)) - raft.server.rpcslowness.timeout = 120s (custom)
2019-08-29 08:18:25,417 [pool-49-thread-1] INFO  server.RaftServerConfigKeys (ConfUtils.java:logGet(43)) - raft.server.sleep.deviation.threshold = 300 (default)
2019-08-29 08:18:25,417 [pool-60-thread-1] INFO  storage.RaftStorageDirectory (RaftStorageDirectory.java:analyzeStorage(246)) - The storage directory /workdir/hadoop-ozone/integration-test/target/test-dir/MiniOzoneClusterImpl-ef39a000-56f8-499f-ba54-08500adcb141/datanode-3/data/ratis/2d26481f-a545-44d5-9c88-1a170ce98f90 does not exist. Creating ...
2019-08-29 08:18:25,417 [pool-49-thread-1] INFO  server.RaftServerConfigKeys (ConfUtils.java:logGet(43)) - raft.server.log.appender.install.snapshot.enabled = false (custom)
2019-08-29 08:18:25,417 [pool-49-thread-1] INFO  impl.RaftServerImpl (ServerState.java:<init>(105)) - 14879765-9127-45ba-89de-04712631aaf6:group-1A170CE98F90 ConfigurationManager, init=-1: [9b2222ce-dbb0-4da1-b31a-a52ba00795b8:192.168.34.54:34658, dd9a91c5-5c4b-4478-b7f7-3956f198c950:192.168.34.54:35600, 14879765-9127-45ba-89de-04712631aaf6:192.168.34.54:41705], old=null, confs=<EMPTY_MAP>
2019-08-29 08:18:25,418 [pool-49-thread-1] INFO  server.RaftServerConfigKeys (ConfUtils.java:logGet(43)) - raft.server.storage.dir = [/workdir/hadoop-ozone/integration-test/target/test-dir/MiniOzoneClusterImpl-ef39a000-56f8-499f-ba54-08500adcb141/datanode-2/data/ratis] (custom)
2019-08-29 08:18:25,418 [pool-49-thread-1] INFO  storage.RaftStorageDirectory (RaftStorageDirectory.java:analyzeStorage(246)) - The storage directory /workdir/hadoop-ozone/integration-test/target/test-dir/MiniOzoneClusterImpl-ef39a000-56f8-499f-ba54-08500adcb141/datanode-2/data/ratis/2d26481f-a545-44d5-9c88-1a170ce98f90 does not exist. Creating ...
2019-08-29 08:18:25,513 [pool-49-thread-1] INFO  storage.RaftStorageDirectory (RaftStorageDirectory.java:tryLock(328)) - Lock on /workdir/hadoop-ozone/integration-test/target/test-dir/MiniOzoneClusterImpl-ef39a000-56f8-499f-ba54-08500adcb141/datanode-2/data/ratis/2d26481f-a545-44d5-9c88-1a170ce98f90/in_use.lock acquired by nodename 28333@pr-hdds-1553-zhl8q-89899572
2019-08-29 08:18:25,513 [pool-60-thread-1] INFO  storage.RaftStorageDirectory (RaftStorageDirectory.java:tryLock(328)) - Lock on /workdir/hadoop-ozone/integration-test/target/test-dir/MiniOzoneClusterImpl-ef39a000-56f8-499f-ba54-08500adcb141/datanode-3/data/ratis/2d26481f-a545-44d5-9c88-1a170ce98f90/in_use.lock acquired by nodename 28333@pr-hdds-1553-zhl8q-89899572
2019-08-29 08:18:25,513 [pool-93-thread-1] INFO  storage.RaftStorageDirectory (RaftStorageDirectory.java:tryLock(328)) - Lock on /workdir/hadoop-ozone/integration-test/target/test-dir/MiniOzoneClusterImpl-ef39a000-56f8-499f-ba54-08500adcb141/datanode-6/data/ratis/8631db2f-ed70-4e4e-b30e-c707077486ab/in_use.lock acquired by nodename 28333@pr-hdds-1553-zhl8q-89899572
2019-08-29 08:18:25,564 [pool-49-thread-1] INFO  storage.RaftStorage (RaftStorage.java:format(72)) - Storage directory /workdir/hadoop-ozone/integration-test/target/test-dir/MiniOzoneClusterImpl-ef39a000-56f8-499f-ba54-08500adcb141/datanode-2/data/ratis/2d26481f-a545-44d5-9c88-1a170ce98f90 has been successfully formatted.
2019-08-29 08:18:25,564 [pool-60-thread-1] INFO  storage.RaftStorage (RaftStorage.java:format(72)) - Storage directory /workdir/hadoop-ozone/integration-test/target/test-dir/MiniOzoneClusterImpl-ef39a000-56f8-499f-ba54-08500adcb141/datanode-3/data/ratis/2d26481f-a545-44d5-9c88-1a170ce98f90 has been successfully formatted.
2019-08-29 08:18:25,564 [pool-93-thread-1] INFO  storage.RaftStorage (RaftStorage.java:format(72)) - Storage directory /workdir/hadoop-ozone/integration-test/target/test-dir/MiniOzoneClusterImpl-ef39a000-56f8-499f-ba54-08500adcb141/datanode-6/data/ratis/8631db2f-ed70-4e4e-b30e-c707077486ab has been successfully formatted.
2019-08-29 08:18:25,565 [pool-49-thread-1] INFO  ratis.ContainerStateMachine (ContainerStateMachine.java:loadSnapshot(226)) - group-1A170CE98F90: The snapshot info is null. Setting the last applied indexto:(t:0, i:~)
2019-08-29 08:18:25,565 [pool-60-thread-1] INFO  ratis.ContainerStateMachine (ContainerStateMachine.java:loadSnapshot(226)) - group-1A170CE98F90: The snapshot info is null. Setting the last applied indexto:(t:0, i:~)
2019-08-29 08:18:25,565 [pool-49-thread-1] INFO  server.RaftServerConfigKeys (ConfUtils.java:logGet(43)) - raft.server.leader.election.timeout = 120s (custom)
2019-08-29 08:18:25,565 [pool-93-thread-1] INFO  ratis.ContainerStateMachine (ContainerStateMachine.java:loadSnapshot(226)) - group-C707077486AB: The snapshot info is null. Setting the last applied indexto:(t:0, i:~)
2019-08-29 08:18:25,565 [pool-49-thread-1] INFO  server.RaftServerConfigKeys (ConfUtils.java:logGet(43)) - raft.server.log.use.memory = false (default)
2019-08-29 08:18:25,565 [pool-60-thread-1] INFO  server.RaftServerConfigKeys (ConfUtils.java:logGet(43)) - raft.server.leader.election.timeout = 120s (custom)
2019-08-29 08:18:25,566 [pool-49-thread-1] INFO  server.RaftServerConfigKeys (ConfUtils.java:logGet(43)) - raft.server.log.purge.gap = 1000000 (custom)
2019-08-29 08:18:25,565 [pool-93-thread-1] INFO  server.RaftServerConfigKeys (ConfUtils.java:logGet(43)) - raft.server.leader.election.timeout = 120s (custom)
2019-08-29 08:18:25,566 [pool-49-thread-1] INFO  server.RaftServerConfigKeys (ConfUtils.java:logGet(43)) - raft.server.log.appender.buffer.byte-limit = 33554432 (custom)
2019-08-29 08:18:25,566 [pool-60-thread-1] INFO  server.RaftServerConfigKeys (ConfUtils.java:logGet(43)) - raft.server.log.use.memory = false (default)
2019-08-29 08:18:25,566 [pool-49-thread-1] INFO  server.RaftServerConfigKeys (ConfUtils.java:logGet(43)) - raft.server.log.segment.size.max = 1048576 (custom)
2019-08-29 08:18:25,566 [pool-93-thread-1] INFO  server.RaftServerConfigKeys (ConfUtils.java:logGet(43)) - raft.server.log.use.memory = false (default)
2019-08-29 08:18:25,566 [pool-49-thread-1] INFO  server.RaftServerConfigKeys (ConfUtils.java:logGet(43)) - raft.server.log.segment.cache.num.max = 2 (custom)
2019-08-29 08:18:25,566 [pool-60-thread-1] INFO  server.RaftServerConfigKeys (ConfUtils.java:logGet(43)) - raft.server.log.purge.gap = 1000000 (custom)
2019-08-29 08:18:25,567 [pool-49-thread-1] INFO  segmented.SegmentedRaftLogWorker (SegmentedRaftLogWorker.java:<init>(172)) - new 14879765-9127-45ba-89de-04712631aaf6-SegmentedRaftLogWorker:Storage Directory /workdir/hadoop-ozone/integration-test/target/test-dir/MiniOzoneClusterImpl-ef39a000-56f8-499f-ba54-08500adcb141/datanode-2/data/ratis/2d26481f-a545-44d5-9c88-1a170ce98f90 for RaftStorage:Storage Directory /workdir/hadoop-ozone/integration-test/target/test-dir/MiniOzoneClusterImpl-ef39a000-56f8-499f-ba54-08500adcb141/datanode-2/data/ratis/2d26481f-a545-44d5-9c88-1a170ce98f90
2019-08-29 08:18:25,567 [pool-93-thread-1] INFO  server.RaftServerConfigKeys (ConfUtils.java:logGet(43)) - raft.server.log.purge.gap = 1000000 (custom)
2019-08-29 08:18:25,567 [pool-49-thread-1] INFO  server.RaftServerConfigKeys (ConfUtils.java:logGet(43)) - raft.server.log.queue.byte-limit = 2147483647 (custom)
2019-08-29 08:18:25,567 [pool-60-thread-1] INFO  server.RaftServerConfigKeys (ConfUtils.java:logGet(43)) - raft.server.log.appender.buffer.byte-limit = 33554432 (custom)
2019-08-29 08:18:25,569 [pool-49-thread-1] INFO  server.RaftServerConfigKeys (ConfUtils.java:logGet(43)) - raft.server.log.queue.element-limit = 1024 (custom)
2019-08-29 08:18:25,567 [pool-93-thread-1] INFO  server.RaftServerConfigKeys (ConfUtils.java:logGet(43)) - raft.server.log.appender.buffer.byte-limit = 33554432 (custom)
2019-08-29 08:18:25,570 [pool-49-thread-1] INFO  server.RaftServerConfigKeys (ConfUtils.java:logGet(43)) - raft.server.log.segment.size.max = 1048576 (custom)
2019-08-29 08:18:25,570 [pool-60-thread-1] INFO  server.RaftServerConfigKeys (ConfUtils.java:logGet(43)) - raft.server.log.segment.size.max = 1048576 (custom)
2019-08-29 08:18:25,570 [pool-49-thread-1] INFO  server.RaftServerConfigKeys (ConfUtils.java:logGet(43)) - raft.server.log.preallocated.size = 16384 (custom)
2019-08-29 08:18:25,570 [pool-49-thread-1] INFO  server.RaftServerConfigKeys (ConfUtils.java:logGet(43)) - raft.server.log.write.buffer.size = 33554432 (custom)
2019-08-29 08:18:25,570 [pool-93-thread-1] INFO  server.RaftServerConfigKeys (ConfUtils.java:logGet(43)) - raft.server.log.segment.size.max = 1048576 (custom)
2019-08-29 08:18:25,571 [pool-49-thread-1] INFO  server.RaftServerConfigKeys (ConfUtils.java:logGet(43)) - raft.server.log.force.sync.num = 128 (default)
2019-08-29 08:18:25,570 [pool-60-thread-1] INFO  server.RaftServerConfigKeys (ConfUtils.java:logGet(43)) - raft.server.log.segment.cache.num.max = 2 (custom)
2019-08-29 08:18:25,571 [pool-49-thread-1] INFO  server.RaftServerConfigKeys (ConfUtils.java:logGet(43)) - raft.server.log.statemachine.data.sync = true (default)
2019-08-29 08:18:25,571 [pool-93-thread-1] INFO  server.RaftServerConfigKeys (ConfUtils.java:logGet(43)) - raft.server.log.segment.cache.num.max = 2 (custom)
2019-08-29 08:18:25,571 [pool-49-thread-1] INFO  server.RaftServerConfigKeys (ConfUtils.java:logGet(43)) - raft.server.log.statemachine.data.sync.timeout = 10s (default)
2019-08-29 08:18:25,571 [pool-49-thread-1] INFO  server.RaftServerConfigKeys (ConfUtils.java:logGet(43)) - raft.server.log.statemachine.data.sync.timeout.retry = -1 (default)
2019-08-29 08:18:25,571 [pool-60-thread-1] INFO  segmented.SegmentedRaftLogWorker (SegmentedRaftLogWorker.java:<init>(172)) - new dd9a91c5-5c4b-4478-b7f7-3956f198c950-SegmentedRaftLogWorker:Storage Directory /workdir/hadoop-ozone/integration-test/target/test-dir/MiniOzoneClusterImpl-ef39a000-56f8-499f-ba54-08500adcb141/datanode-3/data/ratis/2d26481f-a545-44d5-9c88-1a170ce98f90 for RaftStorage:Storage Directory /workdir/hadoop-ozone/integration-test/target/test-dir/MiniOzoneClusterImpl-ef39a000-56f8-499f-ba54-08500adcb141/datanode-3/data/ratis/2d26481f-a545-44d5-9c88-1a170ce98f90
2019-08-29 08:18:25,572 [pool-49-thread-1] INFO  server.RaftServerConfigKeys (ConfUtils.java:logGet(43)) - raft.server.log.statemachine.data.caching.enabled = true (custom)
2019-08-29 08:18:25,571 [pool-93-thread-1] INFO  segmented.SegmentedRaftLogWorker (SegmentedRaftLogWorker.java:<init>(172)) - new 9b2222ce-dbb0-4da1-b31a-a52ba00795b8-SegmentedRaftLogWorker:Storage Directory /workdir/hadoop-ozone/integration-test/target/test-dir/MiniOzoneClusterImpl-ef39a000-56f8-499f-ba54-08500adcb141/datanode-6/data/ratis/8631db2f-ed70-4e4e-b30e-c707077486ab for RaftStorage:Storage Directory /workdir/hadoop-ozone/integration-test/target/test-dir/MiniOzoneClusterImpl-ef39a000-56f8-499f-ba54-08500adcb141/datanode-6/data/ratis/8631db2f-ed70-4e4e-b30e-c707077486ab
2019-08-29 08:18:25,572 [pool-60-thread-1] INFO  server.RaftServerConfigKeys (ConfUtils.java:logGet(43)) - raft.server.log.queue.byte-limit = 2147483647 (custom)
2019-08-29 08:18:25,574 [pool-49-thread-1] INFO  segmented.SegmentedRaftLogWorker (SegmentedRaftLogWorker.java:lambda$new$0(132)) - 14879765-9127-45ba-89de-04712631aaf6-SegmentedRaftLogWorker:Storage Directory /workdir/hadoop-ozone/integration-test/target/test-dir/MiniOzoneClusterImpl-ef39a000-56f8-499f-ba54-08500adcb141/datanode-2/data/ratis/2d26481f-a545-44d5-9c88-1a170ce98f90: flushIndex: setUnconditionally 0 -> -1
2019-08-29 08:18:25,574 [pool-93-thread-1] INFO  server.RaftServerConfigKeys (ConfUtils.java:logGet(43)) - raft.server.log.queue.byte-limit = 2147483647 (custom)
2019-08-29 08:18:25,576 [pool-60-thread-1] INFO  server.RaftServerConfigKeys (ConfUtils.java:logGet(43)) - raft.server.log.queue.element-limit = 1024 (custom)
2019-08-29 08:18:25,576 [pool-93-thread-1] INFO  server.RaftServerConfigKeys (ConfUtils.java:logGet(43)) - raft.server.log.queue.element-limit = 1024 (custom)
2019-08-29 08:18:25,576 [pool-49-thread-1] INFO  server.RaftServerConfigKeys (ConfUtils.java:logGet(43)) - raft.server.snapshot.auto.trigger.enabled = true (custom)
2019-08-29 08:18:25,577 [pool-93-thread-1] INFO  server.RaftServerConfigKeys (ConfUtils.java:logGet(43)) - raft.server.log.segment.size.max = 1048576 (custom)
2019-08-29 08:18:25,576 [pool-60-thread-1] INFO  server.RaftServerConfigKeys (ConfUtils.java:logGet(43)) - raft.server.log.segment.size.max = 1048576 (custom)
2019-08-29 08:18:25,577 [pool-93-thread-1] INFO  server.RaftServerConfigKeys (ConfUtils.java:logGet(43)) - raft.server.log.preallocated.size = 16384 (custom)
2019-08-29 08:18:25,577 [pool-49-thread-1] INFO  server.RaftServerConfigKeys (ConfUtils.java:logGet(43)) - raft.server.snapshot.auto.trigger.threshold = 10000 (custom)
2019-08-29 08:18:25,577 [pool-93-thread-1] INFO  server.RaftServerConfigKeys (ConfUtils.java:logGet(43)) - raft.server.log.write.buffer.size = 33554432 (custom)
2019-08-29 08:18:25,577 [pool-60-thread-1] INFO  server.RaftServerConfigKeys (ConfUtils.java:logGet(43)) - raft.server.log.preallocated.size = 16384 (custom)
2019-08-29 08:18:25,578 [pool-93-thread-1] INFO  server.RaftServerConfigKeys (ConfUtils.java:logGet(43)) - raft.server.log.force.sync.num = 128 (default)
2019-08-29 08:18:25,578 [pool-49-thread-1] INFO  server.RaftServerConfigKeys (ConfUtils.java:logGet(43)) - raft.server.retrycache.expirytime = 600000ms (custom)
2019-08-29 08:18:25,578 [pool-93-thread-1] INFO  server.RaftServerConfigKeys (ConfUtils.java:logGet(43)) - raft.server.log.statemachine.data.sync = true (default)
2019-08-29 08:18:25,578 [pool-60-thread-1] INFO  server.RaftServerConfigKeys (ConfUtils.java:logGet(43)) - raft.server.log.write.buffer.size = 33554432 (custom)
2019-08-29 08:18:25,578 [pool-93-thread-1] INFO  server.RaftServerConfigKeys (ConfUtils.java:logGet(43)) - raft.server.log.statemachine.data.sync.timeout = 10s (default)
2019-08-29 08:18:25,578 [pool-60-thread-1] INFO  server.RaftServerConfigKeys (ConfUtils.java:logGet(43)) - raft.server.log.force.sync.num = 128 (default)
2019-08-29 08:18:25,579 [pool-93-thread-1] INFO  server.RaftServerConfigKeys (ConfUtils.java:logGet(43)) - raft.server.log.statemachine.data.sync.timeout.retry = -1 (default)
2019-08-29 08:18:25,579 [pool-60-thread-1] INFO  server.RaftServerConfigKeys (ConfUtils.java:logGet(43)) - raft.server.log.statemachine.data.sync = true (default)
2019-08-29 08:18:25,579 [pool-93-thread-1] INFO  server.RaftServerConfigKeys (ConfUtils.java:logGet(43)) - raft.server.log.statemachine.data.caching.enabled = true (custom)
2019-08-29 08:18:25,579 [pool-60-thread-1] INFO  server.RaftServerConfigKeys (ConfUtils.java:logGet(43)) - raft.server.log.statemachine.data.sync.timeout = 10s (default)
2019-08-29 08:18:25,579 [pool-60-thread-1] INFO  server.RaftServerConfigKeys (ConfUtils.java:logGet(43)) - raft.server.log.statemachine.data.sync.timeout.retry = -1 (default)
2019-08-29 08:18:25,579 [pool-93-thread-1] INFO  segmented.SegmentedRaftLogWorker (SegmentedRaftLogWorker.java:lambda$new$0(132)) - 9b2222ce-dbb0-4da1-b31a-a52ba00795b8-SegmentedRaftLogWorker:Storage Directory /workdir/hadoop-ozone/integration-test/target/test-dir/MiniOzoneClusterImpl-ef39a000-56f8-499f-ba54-08500adcb141/datanode-6/data/ratis/8631db2f-ed70-4e4e-b30e-c707077486ab: flushIndex: setUnconditionally 0 -> -1
2019-08-29 08:18:25,579 [pool-60-thread-1] INFO  server.RaftServerConfigKeys (ConfUtils.java:logGet(43)) - raft.server.log.statemachine.data.caching.enabled = true (custom)
2019-08-29 08:18:25,580 [pool-93-thread-1] INFO  server.RaftServerConfigKeys (ConfUtils.java:logGet(43)) - raft.server.snapshot.auto.trigger.enabled = true (custom)
2019-08-29 08:18:25,580 [pool-60-thread-1] INFO  segmented.SegmentedRaftLogWorker (SegmentedRaftLogWorker.java:lambda$new$0(132)) - dd9a91c5-5c4b-4478-b7f7-3956f198c950-SegmentedRaftLogWorker:Storage Directory /workdir/hadoop-ozone/integration-test/target/test-dir/MiniOzoneClusterImpl-ef39a000-56f8-499f-ba54-08500adcb141/datanode-3/data/ratis/2d26481f-a545-44d5-9c88-1a170ce98f90: flushIndex: setUnconditionally 0 -> -1
2019-08-29 08:18:25,580 [pool-93-thread-1] INFO  server.RaftServerConfigKeys (ConfUtils.java:logGet(43)) - raft.server.snapshot.auto.trigger.threshold = 10000 (custom)
2019-08-29 08:18:25,580 [pool-93-thread-1] INFO  server.RaftServerConfigKeys (ConfUtils.java:logGet(43)) - raft.server.retrycache.expirytime = 600000ms (custom)
2019-08-29 08:18:25,580 [pool-60-thread-1] INFO  server.RaftServerConfigKeys (ConfUtils.java:logGet(43)) - raft.server.snapshot.auto.trigger.enabled = true (custom)
2019-08-29 08:18:25,581 [pool-60-thread-1] INFO  server.RaftServerConfigKeys (ConfUtils.java:logGet(43)) - raft.server.snapshot.auto.trigger.threshold = 10000 (custom)
2019-08-29 08:18:25,581 [pool-49-thread-1] INFO  impl.RaftServerImpl (RaftServerImpl.java:<init>(93)) - 14879765-9127-45ba-89de-04712631aaf6: new RaftServerImpl for group-265B3718A09F:[9b2222ce-dbb0-4da1-b31a-a52ba00795b8:192.168.34.54:34658, dd9a91c5-5c4b-4478-b7f7-3956f198c950:192.168.34.54:35600, 14879765-9127-45ba-89de-04712631aaf6:192.168.34.54:41705] with ContainerStateMachine:uninitialized
2019-08-29 08:18:25,581 [pool-60-thread-1] INFO  server.RaftServerConfigKeys (ConfUtils.java:logGet(43)) - raft.server.retrycache.expirytime = 600000ms (custom)
2019-08-29 08:18:25,581 [pool-49-thread-1] INFO  server.RaftServerConfigKeys (ConfUtils.java:logGet(43)) - raft.server.rpc.timeout.min = 5s (custom)
2019-08-29 08:18:25,581 [pool-49-thread-1] INFO  server.RaftServerConfigKeys (ConfUtils.java:logGet(43)) - raft.server.rpc.timeout.max = 5200ms (custom)
2019-08-29 08:18:25,581 [pool-49-thread-1] INFO  server.RaftServerConfigKeys (ConfUtils.java:logGet(43)) - raft.server.rpcslowness.timeout = 120s (custom)
2019-08-29 08:18:25,582 [pool-49-thread-1] INFO  server.RaftServerConfigKeys (ConfUtils.java:logGet(43)) - raft.server.sleep.deviation.threshold = 300 (default)
2019-08-29 08:18:25,582 [pool-49-thread-1] INFO  server.RaftServerConfigKeys (ConfUtils.java:logGet(43)) - raft.server.log.appender.install.snapshot.enabled = false (custom)
2019-08-29 08:18:25,582 [pool-49-thread-1] INFO  impl.RaftServerImpl (ServerState.java:<init>(105)) - 14879765-9127-45ba-89de-04712631aaf6:group-265B3718A09F ConfigurationManager, init=-1: [9b2222ce-dbb0-4da1-b31a-a52ba00795b8:192.168.34.54:34658, dd9a91c5-5c4b-4478-b7f7-3956f198c950:192.168.34.54:35600, 14879765-9127-45ba-89de-04712631aaf6:192.168.34.54:41705], old=null, confs=<EMPTY_MAP>
2019-08-29 08:18:25,582 [pool-93-thread-1] INFO  impl.RaftServerImpl (RaftServerImpl.java:<init>(93)) - 9b2222ce-dbb0-4da1-b31a-a52ba00795b8: new RaftServerImpl for group-1A170CE98F90:[9b2222ce-dbb0-4da1-b31a-a52ba00795b8:192.168.34.54:34658, dd9a91c5-5c4b-4478-b7f7-3956f198c950:192.168.34.54:35600, 14879765-9127-45ba-89de-04712631aaf6:192.168.34.54:41705] with ContainerStateMachine:uninitialized
2019-08-29 08:18:25,583 [pool-49-thread-1] INFO  server.RaftServerConfigKeys (ConfUtils.java:logGet(43)) - raft.server.storage.dir = [/workdir/hadoop-ozone/integration-test/target/test-dir/MiniOzoneClusterImpl-ef39a000-56f8-499f-ba54-08500adcb141/datanode-2/data/ratis] (custom)
2019-08-29 08:18:25,583 [pool-93-thread-1] INFO  server.RaftServerConfigKeys (ConfUtils.java:logGet(43)) - raft.server.rpc.timeout.min = 5s (custom)
2019-08-29 08:18:25,583 [pool-93-thread-1] INFO  server.RaftServerConfigKeys (ConfUtils.java:logGet(43)) - raft.server.rpc.timeout.max = 5200ms (custom)
2019-08-29 08:18:25,583 [pool-49-thread-1] INFO  storage.RaftStorageDirectory (RaftStorageDirectory.java:analyzeStorage(246)) - The storage directory /workdir/hadoop-ozone/integration-test/target/test-dir/MiniOzoneClusterImpl-ef39a000-56f8-499f-ba54-08500adcb141/datanode-2/data/ratis/d7d86cb8-718f-4839-9fff-265b3718a09f does not exist. Creating ...
2019-08-29 08:18:25,583 [pool-93-thread-1] INFO  server.RaftServerConfigKeys (ConfUtils.java:logGet(43)) - raft.server.rpcslowness.timeout = 120s (custom)
2019-08-29 08:18:25,583 [pool-60-thread-1] INFO  impl.RaftServerImpl (RaftServerImpl.java:<init>(93)) - dd9a91c5-5c4b-4478-b7f7-3956f198c950: new RaftServerImpl for group-265B3718A09F:[9b2222ce-dbb0-4da1-b31a-a52ba00795b8:192.168.34.54:34658, dd9a91c5-5c4b-4478-b7f7-3956f198c950:192.168.34.54:35600, 14879765-9127-45ba-89de-04712631aaf6:192.168.34.54:41705] with ContainerStateMachine:uninitialized
2019-08-29 08:18:25,583 [pool-93-thread-1] INFO  server.RaftServerConfigKeys (ConfUtils.java:logGet(43)) - raft.server.sleep.deviation.threshold = 300 (default)
2019-08-29 08:18:25,583 [pool-60-thread-1] INFO  server.RaftServerConfigKeys (ConfUtils.java:logGet(43)) - raft.server.rpc.timeout.min = 5s (custom)
2019-08-29 08:18:25,584 [pool-93-thread-1] INFO  server.RaftServerConfigKeys (ConfUtils.java:logGet(43)) - raft.server.log.appender.install.snapshot.enabled = false (custom)
2019-08-29 08:18:25,584 [pool-60-thread-1] INFO  server.RaftServerConfigKeys (ConfUtils.java:logGet(43)) - raft.server.rpc.timeout.max = 5200ms (custom)
2019-08-29 08:18:25,584 [pool-93-thread-1] INFO  impl.RaftServerImpl (ServerState.java:<init>(105)) - 9b2222ce-dbb0-4da1-b31a-a52ba00795b8:group-1A170CE98F90 ConfigurationManager, init=-1: [9b2222ce-dbb0-4da1-b31a-a52ba00795b8:192.168.34.54:34658, dd9a91c5-5c4b-4478-b7f7-3956f198c950:192.168.34.54:35600, 14879765-9127-45ba-89de-04712631aaf6:192.168.34.54:41705], old=null, confs=<EMPTY_MAP>
2019-08-29 08:18:25,584 [pool-60-thread-1] INFO  server.RaftServerConfigKeys (ConfUtils.java:logGet(43)) - raft.server.rpcslowness.timeout = 120s (custom)
2019-08-29 08:18:25,584 [pool-60-thread-1] INFO  server.RaftServerConfigKeys (ConfUtils.java:logGet(43)) - raft.server.sleep.deviation.threshold = 300 (default)
2019-08-29 08:18:25,584 [pool-93-thread-1] INFO  server.RaftServerConfigKeys (ConfUtils.java:logGet(43)) - raft.server.storage.dir = [/workdir/hadoop-ozone/integration-test/target/test-dir/MiniOzoneClusterImpl-ef39a000-56f8-499f-ba54-08500adcb141/datanode-6/data/ratis] (custom)
2019-08-29 08:18:25,584 [pool-60-thread-1] INFO  server.RaftServerConfigKeys (ConfUtils.java:logGet(43)) - raft.server.log.appender.install.snapshot.enabled = false (custom)
2019-08-29 08:18:25,585 [pool-60-thread-1] INFO  impl.RaftServerImpl (ServerState.java:<init>(105)) - dd9a91c5-5c4b-4478-b7f7-3956f198c950:group-265B3718A09F ConfigurationManager, init=-1: [9b2222ce-dbb0-4da1-b31a-a52ba00795b8:192.168.34.54:34658, dd9a91c5-5c4b-4478-b7f7-3956f198c950:192.168.34.54:35600, 14879765-9127-45ba-89de-04712631aaf6:192.168.34.54:41705], old=null, confs=<EMPTY_MAP>
2019-08-29 08:18:25,585 [pool-93-thread-1] INFO  storage.RaftStorageDirectory (RaftStorageDirectory.java:analyzeStorage(246)) - The storage directory /workdir/hadoop-ozone/integration-test/target/test-dir/MiniOzoneClusterImpl-ef39a000-56f8-499f-ba54-08500adcb141/datanode-6/data/ratis/2d26481f-a545-44d5-9c88-1a170ce98f90 does not exist. Creating ...
2019-08-29 08:18:25,585 [pool-60-thread-1] INFO  server.RaftServerConfigKeys (ConfUtils.java:logGet(43)) - raft.server.storage.dir = [/workdir/hadoop-ozone/integration-test/target/test-dir/MiniOzoneClusterImpl-ef39a000-56f8-499f-ba54-08500adcb141/datanode-3/data/ratis] (custom)
2019-08-29 08:18:25,585 [pool-60-thread-1] INFO  storage.RaftStorageDirectory (RaftStorageDirectory.java:analyzeStorage(246)) - The storage directory /workdir/hadoop-ozone/integration-test/target/test-dir/MiniOzoneClusterImpl-ef39a000-56f8-499f-ba54-08500adcb141/datanode-3/data/ratis/d7d86cb8-718f-4839-9fff-265b3718a09f does not exist. Creating ...
2019-08-29 08:18:25,588 | INFO  | SCMAudit | user=jenkins1000 | ip=192.168.34.54 | op=SEND_HEARTBEAT {datanodeUUID=9b2222ce-dbb0-4da1-b31a-a52ba00795b8, command=[]} | ret=SUCCESS |  
2019-08-29 08:18:25,724 [pool-49-thread-1] INFO  storage.RaftStorageDirectory (RaftStorageDirectory.java:tryLock(328)) - Lock on /workdir/hadoop-ozone/integration-test/target/test-dir/MiniOzoneClusterImpl-ef39a000-56f8-499f-ba54-08500adcb141/datanode-2/data/ratis/d7d86cb8-718f-4839-9fff-265b3718a09f/in_use.lock acquired by nodename 28333@pr-hdds-1553-zhl8q-89899572
2019-08-29 08:18:25,724 [pool-60-thread-1] INFO  storage.RaftStorageDirectory (RaftStorageDirectory.java:tryLock(328)) - Lock on /workdir/hadoop-ozone/integration-test/target/test-dir/MiniOzoneClusterImpl-ef39a000-56f8-499f-ba54-08500adcb141/datanode-3/data/ratis/d7d86cb8-718f-4839-9fff-265b3718a09f/in_use.lock acquired by nodename 28333@pr-hdds-1553-zhl8q-89899572
2019-08-29 08:18:25,724 [pool-93-thread-1] INFO  storage.RaftStorageDirectory (RaftStorageDirectory.java:tryLock(328)) - Lock on /workdir/hadoop-ozone/integration-test/target/test-dir/MiniOzoneClusterImpl-ef39a000-56f8-499f-ba54-08500adcb141/datanode-6/data/ratis/2d26481f-a545-44d5-9c88-1a170ce98f90/in_use.lock acquired by nodename 28333@pr-hdds-1553-zhl8q-89899572
2019-08-29 08:18:25,825 | INFO  | SCMAudit | user=jenkins1000 | ip=192.168.34.54 | op=SEND_HEARTBEAT {datanodeUUID=14879765-9127-45ba-89de-04712631aaf6, command=[]} | ret=SUCCESS |  
2019-08-29 08:18:25,857 [pool-93-thread-1] INFO  storage.RaftStorage (RaftStorage.java:format(72)) - Storage directory /workdir/hadoop-ozone/integration-test/target/test-dir/MiniOzoneClusterImpl-ef39a000-56f8-499f-ba54-08500adcb141/datanode-6/data/ratis/2d26481f-a545-44d5-9c88-1a170ce98f90 has been successfully formatted.
2019-08-29 08:18:25,857 [pool-60-thread-1] INFO  storage.RaftStorage (RaftStorage.java:format(72)) - Storage directory /workdir/hadoop-ozone/integration-test/target/test-dir/MiniOzoneClusterImpl-ef39a000-56f8-499f-ba54-08500adcb141/datanode-3/data/ratis/d7d86cb8-718f-4839-9fff-265b3718a09f has been successfully formatted.
2019-08-29 08:18:25,857 [pool-49-thread-1] INFO  storage.RaftStorage (RaftStorage.java:format(72)) - Storage directory /workdir/hadoop-ozone/integration-test/target/test-dir/MiniOzoneClusterImpl-ef39a000-56f8-499f-ba54-08500adcb141/datanode-2/data/ratis/d7d86cb8-718f-4839-9fff-265b3718a09f has been successfully formatted.
2019-08-29 08:18:25,857 [pool-60-thread-1] INFO  ratis.ContainerStateMachine (ContainerStateMachine.java:loadSnapshot(226)) - group-265B3718A09F: The snapshot info is null. Setting the last applied indexto:(t:0, i:~)
2019-08-29 08:18:25,857 [pool-93-thread-1] INFO  ratis.ContainerStateMachine (ContainerStateMachine.java:loadSnapshot(226)) - group-1A170CE98F90: The snapshot info is null. Setting the last applied indexto:(t:0, i:~)
2019-08-29 08:18:25,858 [pool-49-thread-1] INFO  ratis.ContainerStateMachine (ContainerStateMachine.java:loadSnapshot(226)) - group-265B3718A09F: The snapshot info is null. Setting the last applied indexto:(t:0, i:~)
2019-08-29 08:18:25,858 [pool-93-thread-1] INFO  server.RaftServerConfigKeys (ConfUtils.java:logGet(43)) - raft.server.leader.election.timeout = 120s (custom)
2019-08-29 08:18:25,858 [pool-60-thread-1] INFO  server.RaftServerConfigKeys (ConfUtils.java:logGet(43)) - raft.server.leader.election.timeout = 120s (custom)
2019-08-29 08:18:25,858 [pool-93-thread-1] INFO  server.RaftServerConfigKeys (ConfUtils.java:logGet(43)) - raft.server.log.use.memory = false (default)
2019-08-29 08:18:25,858 [pool-49-thread-1] INFO  server.RaftServerConfigKeys (ConfUtils.java:logGet(43)) - raft.server.leader.election.timeout = 120s (custom)
2019-08-29 08:18:25,859 [pool-93-thread-1] INFO  server.RaftServerConfigKeys (ConfUtils.java:logGet(43)) - raft.server.log.purge.gap = 1000000 (custom)
2019-08-29 08:18:25,858 [pool-60-thread-1] INFO  server.RaftServerConfigKeys (ConfUtils.java:logGet(43)) - raft.server.log.use.memory = false (default)
2019-08-29 08:18:25,859 [pool-93-thread-1] INFO  server.RaftServerConfigKeys (ConfUtils.java:logGet(43)) - raft.server.log.appender.buffer.byte-limit = 33554432 (custom)
2019-08-29 08:18:25,859 [pool-49-thread-1] INFO  server.RaftServerConfigKeys (ConfUtils.java:logGet(43)) - raft.server.log.use.memory = false (default)
2019-08-29 08:18:25,859 [pool-93-thread-1] INFO  server.RaftServerConfigKeys (ConfUtils.java:logGet(43)) - raft.server.log.segment.size.max = 1048576 (custom)
2019-08-29 08:18:25,859 [pool-60-thread-1] INFO  server.RaftServerConfigKeys (ConfUtils.java:logGet(43)) - raft.server.log.purge.gap = 1000000 (custom)
2019-08-29 08:18:25,860 [pool-93-thread-1] INFO  server.RaftServerConfigKeys (ConfUtils.java:logGet(43)) - raft.server.log.segment.cache.num.max = 2 (custom)
2019-08-29 08:18:25,859 [pool-49-thread-1] INFO  server.RaftServerConfigKeys (ConfUtils.java:logGet(43)) - raft.server.log.purge.gap = 1000000 (custom)
2019-08-29 08:18:25,860 [pool-93-thread-1] INFO  segmented.SegmentedRaftLogWorker (SegmentedRaftLogWorker.java:<init>(172)) - new 9b2222ce-dbb0-4da1-b31a-a52ba00795b8-SegmentedRaftLogWorker:Storage Directory /workdir/hadoop-ozone/integration-test/target/test-dir/MiniOzoneClusterImpl-ef39a000-56f8-499f-ba54-08500adcb141/datanode-6/data/ratis/2d26481f-a545-44d5-9c88-1a170ce98f90 for RaftStorage:Storage Directory /workdir/hadoop-ozone/integration-test/target/test-dir/MiniOzoneClusterImpl-ef39a000-56f8-499f-ba54-08500adcb141/datanode-6/data/ratis/2d26481f-a545-44d5-9c88-1a170ce98f90
2019-08-29 08:18:25,860 [pool-60-thread-1] INFO  server.RaftServerConfigKeys (ConfUtils.java:logGet(43)) - raft.server.log.appender.buffer.byte-limit = 33554432 (custom)
2019-08-29 08:18:25,860 [pool-93-thread-1] INFO  server.RaftServerConfigKeys (ConfUtils.java:logGet(43)) - raft.server.log.queue.byte-limit = 2147483647 (custom)
2019-08-29 08:18:25,860 [pool-49-thread-1] INFO  server.RaftServerConfigKeys (ConfUtils.java:logGet(43)) - raft.server.log.appender.buffer.byte-limit = 33554432 (custom)
2019-08-29 08:18:25,864 [pool-93-thread-1] INFO  server.RaftServerConfigKeys (ConfUtils.java:logGet(43)) - raft.server.log.queue.element-limit = 1024 (custom)
2019-08-29 08:18:25,860 [pool-60-thread-1] INFO  server.RaftServerConfigKeys (ConfUtils.java:logGet(43)) - raft.server.log.segment.size.max = 1048576 (custom)
2019-08-29 08:18:25,864 [pool-93-thread-1] INFO  server.RaftServerConfigKeys (ConfUtils.java:logGet(43)) - raft.server.log.segment.size.max = 1048576 (custom)
2019-08-29 08:18:25,864 [pool-49-thread-1] INFO  server.RaftServerConfigKeys (ConfUtils.java:logGet(43)) - raft.server.log.segment.size.max = 1048576 (custom)
2019-08-29 08:18:25,864 [pool-93-thread-1] INFO  server.RaftServerConfigKeys (ConfUtils.java:logGet(43)) - raft.server.log.preallocated.size = 16384 (custom)
2019-08-29 08:18:25,864 [pool-60-thread-1] INFO  server.RaftServerConfigKeys (ConfUtils.java:logGet(43)) - raft.server.log.segment.cache.num.max = 2 (custom)
2019-08-29 08:18:25,865 [pool-93-thread-1] INFO  server.RaftServerConfigKeys (ConfUtils.java:logGet(43)) - raft.server.log.write.buffer.size = 33554432 (custom)
2019-08-29 08:18:25,865 [pool-49-thread-1] INFO  server.RaftServerConfigKeys (ConfUtils.java:logGet(43)) - raft.server.log.segment.cache.num.max = 2 (custom)
2019-08-29 08:18:25,865 [pool-93-thread-1] INFO  server.RaftServerConfigKeys (ConfUtils.java:logGet(43)) - raft.server.log.force.sync.num = 128 (default)
2019-08-29 08:18:25,865 [pool-60-thread-1] INFO  segmented.SegmentedRaftLogWorker (SegmentedRaftLogWorker.java:<init>(172)) - new dd9a91c5-5c4b-4478-b7f7-3956f198c950-SegmentedRaftLogWorker:Storage Directory /workdir/hadoop-ozone/integration-test/target/test-dir/MiniOzoneClusterImpl-ef39a000-56f8-499f-ba54-08500adcb141/datanode-3/data/ratis/d7d86cb8-718f-4839-9fff-265b3718a09f for RaftStorage:Storage Directory /workdir/hadoop-ozone/integration-test/target/test-dir/MiniOzoneClusterImpl-ef39a000-56f8-499f-ba54-08500adcb141/datanode-3/data/ratis/d7d86cb8-718f-4839-9fff-265b3718a09f
2019-08-29 08:18:25,865 [pool-93-thread-1] INFO  server.RaftServerConfigKeys (ConfUtils.java:logGet(43)) - raft.server.log.statemachine.data.sync = true (default)
2019-08-29 08:18:25,865 [pool-49-thread-1] INFO  segmented.SegmentedRaftLogWorker (SegmentedRaftLogWorker.java:<init>(172)) - new 14879765-9127-45ba-89de-04712631aaf6-SegmentedRaftLogWorker:Storage Directory /workdir/hadoop-ozone/integration-test/target/test-dir/MiniOzoneClusterImpl-ef39a000-56f8-499f-ba54-08500adcb141/datanode-2/data/ratis/d7d86cb8-718f-4839-9fff-265b3718a09f for RaftStorage:Storage Directory /workdir/hadoop-ozone/integration-test/target/test-dir/MiniOzoneClusterImpl-ef39a000-56f8-499f-ba54-08500adcb141/datanode-2/data/ratis/d7d86cb8-718f-4839-9fff-265b3718a09f
2019-08-29 08:18:25,866 [pool-93-thread-1] INFO  server.RaftServerConfigKeys (ConfUtils.java:logGet(43)) - raft.server.log.statemachine.data.sync.timeout = 10s (default)
2019-08-29 08:18:25,865 [pool-60-thread-1] INFO  server.RaftServerConfigKeys (ConfUtils.java:logGet(43)) - raft.server.log.queue.byte-limit = 2147483647 (custom)
2019-08-29 08:18:25,874 [pool-93-thread-1] INFO  server.RaftServerConfigKeys (ConfUtils.java:logGet(43)) - raft.server.log.statemachine.data.sync.timeout.retry = -1 (default)
2019-08-29 08:18:25,873 [pool-49-thread-1] INFO  server.RaftServerConfigKeys (ConfUtils.java:logGet(43)) - raft.server.log.queue.byte-limit = 2147483647 (custom)
2019-08-29 08:18:25,874 [pool-93-thread-1] INFO  server.RaftServerConfigKeys (ConfUtils.java:logGet(43)) - raft.server.log.statemachine.data.caching.enabled = true (custom)
2019-08-29 08:18:25,874 [pool-60-thread-1] INFO  server.RaftServerConfigKeys (ConfUtils.java:logGet(43)) - raft.server.log.queue.element-limit = 1024 (custom)
2019-08-29 08:18:25,874 [pool-49-thread-1] INFO  server.RaftServerConfigKeys (ConfUtils.java:logGet(43)) - raft.server.log.queue.element-limit = 1024 (custom)
2019-08-29 08:18:25,874 [pool-60-thread-1] INFO  server.RaftServerConfigKeys (ConfUtils.java:logGet(43)) - raft.server.log.segment.size.max = 1048576 (custom)
2019-08-29 08:18:25,875 [pool-49-thread-1] INFO  server.RaftServerConfigKeys (ConfUtils.java:logGet(43)) - raft.server.log.segment.size.max = 1048576 (custom)
2019-08-29 08:18:25,875 [pool-93-thread-1] INFO  segmented.SegmentedRaftLogWorker (SegmentedRaftLogWorker.java:lambda$new$0(132)) - 9b2222ce-dbb0-4da1-b31a-a52ba00795b8-SegmentedRaftLogWorker:Storage Directory /workdir/hadoop-ozone/integration-test/target/test-dir/MiniOzoneClusterImpl-ef39a000-56f8-499f-ba54-08500adcb141/datanode-6/data/ratis/2d26481f-a545-44d5-9c88-1a170ce98f90: flushIndex: setUnconditionally 0 -> -1
2019-08-29 08:18:25,875 [pool-49-thread-1] INFO  server.RaftServerConfigKeys (ConfUtils.java:logGet(43)) - raft.server.log.preallocated.size = 16384 (custom)
2019-08-29 08:18:25,875 [pool-60-thread-1] INFO  server.RaftServerConfigKeys (ConfUtils.java:logGet(43)) - raft.server.log.preallocated.size = 16384 (custom)
2019-08-29 08:18:25,875 [pool-93-thread-1] INFO  server.RaftServerConfigKeys (ConfUtils.java:logGet(43)) - raft.server.snapshot.auto.trigger.enabled = true (custom)
2019-08-29 08:18:25,875 [pool-49-thread-1] INFO  server.RaftServerConfigKeys (ConfUtils.java:logGet(43)) - raft.server.log.write.buffer.size = 33554432 (custom)
2019-08-29 08:18:25,876 [pool-93-thread-1] INFO  server.RaftServerConfigKeys (ConfUtils.java:logGet(43)) - raft.server.snapshot.auto.trigger.threshold = 10000 (custom)
2019-08-29 08:18:25,875 [pool-60-thread-1] INFO  server.RaftServerConfigKeys (ConfUtils.java:logGet(43)) - raft.server.log.write.buffer.size = 33554432 (custom)
2019-08-29 08:18:25,876 [pool-93-thread-1] INFO  server.RaftServerConfigKeys (ConfUtils.java:logGet(43)) - raft.server.retrycache.expirytime = 600000ms (custom)
2019-08-29 08:18:25,876 [pool-49-thread-1] INFO  server.RaftServerConfigKeys (ConfUtils.java:logGet(43)) - raft.server.log.force.sync.num = 128 (default)
2019-08-29 08:18:25,876 [pool-60-thread-1] INFO  server.RaftServerConfigKeys (ConfUtils.java:logGet(43)) - raft.server.log.force.sync.num = 128 (default)
2019-08-29 08:18:25,876 [pool-49-thread-1] INFO  server.RaftServerConfigKeys (ConfUtils.java:logGet(43)) - raft.server.log.statemachine.data.sync = true (default)
2019-08-29 08:18:25,877 [pool-49-thread-1] INFO  server.RaftServerConfigKeys (ConfUtils.java:logGet(43)) - raft.server.log.statemachine.data.sync.timeout = 10s (default)
2019-08-29 08:18:25,877 [pool-49-thread-1] INFO  server.RaftServerConfigKeys (ConfUtils.java:logGet(43)) - raft.server.log.statemachine.data.sync.timeout.retry = -1 (default)
2019-08-29 08:18:25,877 [pool-49-thread-1] INFO  server.RaftServerConfigKeys (ConfUtils.java:logGet(43)) - raft.server.log.statemachine.data.caching.enabled = true (custom)
2019-08-29 08:18:25,877 | INFO  | SCMAudit | user=jenkins1000 | ip=192.168.34.54 | op=SEND_HEARTBEAT {datanodeUUID=dd9a91c5-5c4b-4478-b7f7-3956f198c950, command=[]} | ret=SUCCESS |  
2019-08-29 08:18:25,878 [pool-49-thread-1] INFO  segmented.SegmentedRaftLogWorker (SegmentedRaftLogWorker.java:lambda$new$0(132)) - 14879765-9127-45ba-89de-04712631aaf6-SegmentedRaftLogWorker:Storage Directory /workdir/hadoop-ozone/integration-test/target/test-dir/MiniOzoneClusterImpl-ef39a000-56f8-499f-ba54-08500adcb141/datanode-2/data/ratis/d7d86cb8-718f-4839-9fff-265b3718a09f: flushIndex: setUnconditionally 0 -> -1
2019-08-29 08:18:25,876 [pool-60-thread-1] INFO  server.RaftServerConfigKeys (ConfUtils.java:logGet(43)) - raft.server.log.statemachine.data.sync = true (default)
2019-08-29 08:18:25,878 [pool-60-thread-1] INFO  server.RaftServerConfigKeys (ConfUtils.java:logGet(43)) - raft.server.log.statemachine.data.sync.timeout = 10s (default)
2019-08-29 08:18:25,878 [pool-60-thread-1] INFO  server.RaftServerConfigKeys (ConfUtils.java:logGet(43)) - raft.server.log.statemachine.data.sync.timeout.retry = -1 (default)
2019-08-29 08:18:25,879 [pool-60-thread-1] INFO  server.RaftServerConfigKeys (ConfUtils.java:logGet(43)) - raft.server.log.statemachine.data.caching.enabled = true (custom)
2019-08-29 08:18:25,879 [pool-49-thread-1] INFO  server.RaftServerConfigKeys (ConfUtils.java:logGet(43)) - raft.server.snapshot.auto.trigger.enabled = true (custom)
2019-08-29 08:18:25,879 [pool-60-thread-1] INFO  segmented.SegmentedRaftLogWorker (SegmentedRaftLogWorker.java:lambda$new$0(132)) - dd9a91c5-5c4b-4478-b7f7-3956f198c950-SegmentedRaftLogWorker:Storage Directory /workdir/hadoop-ozone/integration-test/target/test-dir/MiniOzoneClusterImpl-ef39a000-56f8-499f-ba54-08500adcb141/datanode-3/data/ratis/d7d86cb8-718f-4839-9fff-265b3718a09f: flushIndex: setUnconditionally 0 -> -1
2019-08-29 08:18:25,879 [pool-49-thread-1] INFO  server.RaftServerConfigKeys (ConfUtils.java:logGet(43)) - raft.server.snapshot.auto.trigger.threshold = 10000 (custom)
2019-08-29 08:18:25,879 [pool-93-thread-1] INFO  impl.RaftServerImpl (RaftServerImpl.java:<init>(93)) - 9b2222ce-dbb0-4da1-b31a-a52ba00795b8: new RaftServerImpl for group-265B3718A09F:[9b2222ce-dbb0-4da1-b31a-a52ba00795b8:192.168.34.54:34658, dd9a91c5-5c4b-4478-b7f7-3956f198c950:192.168.34.54:35600, 14879765-9127-45ba-89de-04712631aaf6:192.168.34.54:41705] with ContainerStateMachine:uninitialized
2019-08-29 08:18:25,879 [pool-49-thread-1] INFO  server.RaftServerConfigKeys (ConfUtils.java:logGet(43)) - raft.server.retrycache.expirytime = 600000ms (custom)
2019-08-29 08:18:25,879 [pool-60-thread-1] INFO  server.RaftServerConfigKeys (ConfUtils.java:logGet(43)) - raft.server.snapshot.auto.trigger.enabled = true (custom)
2019-08-29 08:18:25,879 [pool-93-thread-1] INFO  server.RaftServerConfigKeys (ConfUtils.java:logGet(43)) - raft.server.rpc.timeout.min = 5s (custom)
2019-08-29 08:18:25,880 [pool-49-thread-1] INFO  impl.RaftServerImpl (RaftServerImpl.java:start(180)) - 14879765-9127-45ba-89de-04712631aaf6: start group-29AA9DB7490E
2019-08-29 08:18:25,880 [pool-60-thread-1] INFO  server.RaftServerConfigKeys (ConfUtils.java:logGet(43)) - raft.server.snapshot.auto.trigger.threshold = 10000 (custom)
2019-08-29 08:18:25,880 [pool-49-thread-1] INFO  impl.RaftServerImpl (RaftServerImpl.java:setRole(171)) - 14879765-9127-45ba-89de-04712631aaf6:group-29AA9DB7490E changes role from null to FOLLOWER at term 0 for startAsFollower
2019-08-29 08:18:25,880 [pool-93-thread-1] INFO  server.RaftServerConfigKeys (ConfUtils.java:logGet(43)) - raft.server.rpc.timeout.max = 5200ms (custom)
2019-08-29 08:18:25,880 [pool-49-thread-1] INFO  impl.RoleInfo (RoleInfo.java:updateAndGet(143)) - 14879765-9127-45ba-89de-04712631aaf6: start FollowerState
2019-08-29 08:18:25,880 [pool-60-thread-1] INFO  server.RaftServerConfigKeys (ConfUtils.java:logGet(43)) - raft.server.retrycache.expirytime = 600000ms (custom)
2019-08-29 08:18:25,880 [pool-93-thread-1] INFO  server.RaftServerConfigKeys (ConfUtils.java:logGet(43)) - raft.server.rpcslowness.timeout = 120s (custom)
2019-08-29 08:18:25,881 [pool-60-thread-1] INFO  impl.RaftServerImpl (RaftServerImpl.java:start(180)) - dd9a91c5-5c4b-4478-b7f7-3956f198c950: start group-29AA9DB7490E
2019-08-29 08:18:25,881 [pool-93-thread-1] INFO  server.RaftServerConfigKeys (ConfUtils.java:logGet(43)) - raft.server.sleep.deviation.threshold = 300 (default)
2019-08-29 08:18:25,881 [pool-60-thread-1] INFO  impl.RaftServerImpl (RaftServerImpl.java:setRole(171)) - dd9a91c5-5c4b-4478-b7f7-3956f198c950:group-29AA9DB7490E changes role from null to FOLLOWER at term 0 for startAsFollower
2019-08-29 08:18:25,881 [pool-93-thread-1] INFO  server.RaftServerConfigKeys (ConfUtils.java:logGet(43)) - raft.server.log.appender.install.snapshot.enabled = false (custom)
2019-08-29 08:18:25,881 [pool-49-thread-1] INFO  util.JmxRegister (JmxRegister.java:tryRegister(44)) - Successfully registered JMX Bean with object name Ratis:service=RaftServer,group=group-29AA9DB7490E,id=14879765-9127-45ba-89de-04712631aaf6
2019-08-29 08:18:25,881 [pool-93-thread-1] INFO  impl.RaftServerImpl (ServerState.java:<init>(105)) - 9b2222ce-dbb0-4da1-b31a-a52ba00795b8:group-265B3718A09F ConfigurationManager, init=-1: [9b2222ce-dbb0-4da1-b31a-a52ba00795b8:192.168.34.54:34658, dd9a91c5-5c4b-4478-b7f7-3956f198c950:192.168.34.54:35600, 14879765-9127-45ba-89de-04712631aaf6:192.168.34.54:41705], old=null, confs=<EMPTY_MAP>
2019-08-29 08:18:25,881 [pool-60-thread-1] INFO  impl.RoleInfo (RoleInfo.java:updateAndGet(143)) - dd9a91c5-5c4b-4478-b7f7-3956f198c950: start FollowerState
2019-08-29 08:18:25,882 [pool-93-thread-1] INFO  server.RaftServerConfigKeys (ConfUtils.java:logGet(43)) - raft.server.storage.dir = [/workdir/hadoop-ozone/integration-test/target/test-dir/MiniOzoneClusterImpl-ef39a000-56f8-499f-ba54-08500adcb141/datanode-6/data/ratis] (custom)
2019-08-29 08:18:25,882 [pool-60-thread-1] INFO  util.JmxRegister (JmxRegister.java:tryRegister(44)) - Successfully registered JMX Bean with object name Ratis:service=RaftServer,group=group-29AA9DB7490E,id=dd9a91c5-5c4b-4478-b7f7-3956f198c950
2019-08-29 08:18:25,882 [pool-93-thread-1] INFO  storage.RaftStorageDirectory (RaftStorageDirectory.java:analyzeStorage(246)) - The storage directory /workdir/hadoop-ozone/integration-test/target/test-dir/MiniOzoneClusterImpl-ef39a000-56f8-499f-ba54-08500adcb141/datanode-6/data/ratis/d7d86cb8-718f-4839-9fff-265b3718a09f does not exist. Creating ...
2019-08-29 08:18:25,884 [pool-49-thread-1] INFO  impl.RaftServerImpl (RaftServerImpl.java:<init>(93)) - 14879765-9127-45ba-89de-04712631aaf6: new RaftServerImpl for group-A4A3F741FD29:[9b2222ce-dbb0-4da1-b31a-a52ba00795b8:192.168.34.54:34658, dd9a91c5-5c4b-4478-b7f7-3956f198c950:192.168.34.54:35600, 14879765-9127-45ba-89de-04712631aaf6:192.168.34.54:41705] with ContainerStateMachine:uninitialized
2019-08-29 08:18:25,884 [pool-49-thread-1] INFO  server.RaftServerConfigKeys (ConfUtils.java:logGet(43)) - raft.server.rpc.timeout.min = 5s (custom)
2019-08-29 08:18:25,884 [pool-49-thread-1] INFO  server.RaftServerConfigKeys (ConfUtils.java:logGet(43)) - raft.server.rpc.timeout.max = 5200ms (custom)
2019-08-29 08:18:25,885 [pool-49-thread-1] INFO  server.RaftServerConfigKeys (ConfUtils.java:logGet(43)) - raft.server.rpcslowness.timeout = 120s (custom)
2019-08-29 08:18:25,885 [pool-60-thread-1] INFO  impl.RaftServerImpl (RaftServerImpl.java:<init>(93)) - dd9a91c5-5c4b-4478-b7f7-3956f198c950: new RaftServerImpl for group-A4A3F741FD29:[9b2222ce-dbb0-4da1-b31a-a52ba00795b8:192.168.34.54:34658, dd9a91c5-5c4b-4478-b7f7-3956f198c950:192.168.34.54:35600, 14879765-9127-45ba-89de-04712631aaf6:192.168.34.54:41705] with ContainerStateMachine:uninitialized
2019-08-29 08:18:25,885 [pool-49-thread-1] INFO  server.RaftServerConfigKeys (ConfUtils.java:logGet(43)) - raft.server.sleep.deviation.threshold = 300 (default)
2019-08-29 08:18:25,885 [pool-60-thread-1] INFO  server.RaftServerConfigKeys (ConfUtils.java:logGet(43)) - raft.server.rpc.timeout.min = 5s (custom)
2019-08-29 08:18:25,885 [pool-49-thread-1] INFO  server.RaftServerConfigKeys (ConfUtils.java:logGet(43)) - raft.server.log.appender.install.snapshot.enabled = false (custom)
2019-08-29 08:18:25,885 [pool-60-thread-1] INFO  server.RaftServerConfigKeys (ConfUtils.java:logGet(43)) - raft.server.rpc.timeout.max = 5200ms (custom)
2019-08-29 08:18:25,885 [pool-49-thread-1] INFO  impl.RaftServerImpl (ServerState.java:<init>(105)) - 14879765-9127-45ba-89de-04712631aaf6:group-A4A3F741FD29 ConfigurationManager, init=-1: [9b2222ce-dbb0-4da1-b31a-a52ba00795b8:192.168.34.54:34658, dd9a91c5-5c4b-4478-b7f7-3956f198c950:192.168.34.54:35600, 14879765-9127-45ba-89de-04712631aaf6:192.168.34.54:41705], old=null, confs=<EMPTY_MAP>
2019-08-29 08:18:25,885 [pool-60-thread-1] INFO  server.RaftServerConfigKeys (ConfUtils.java:logGet(43)) - raft.server.rpcslowness.timeout = 120s (custom)
2019-08-29 08:18:25,886 [pool-49-thread-1] INFO  server.RaftServerConfigKeys (ConfUtils.java:logGet(43)) - raft.server.storage.dir = [/workdir/hadoop-ozone/integration-test/target/test-dir/MiniOzoneClusterImpl-ef39a000-56f8-499f-ba54-08500adcb141/datanode-2/data/ratis] (custom)
2019-08-29 08:18:25,886 [pool-60-thread-1] INFO  server.RaftServerConfigKeys (ConfUtils.java:logGet(43)) - raft.server.sleep.deviation.threshold = 300 (default)
2019-08-29 08:18:25,886 [pool-60-thread-1] INFO  server.RaftServerConfigKeys (ConfUtils.java:logGet(43)) - raft.server.log.appender.install.snapshot.enabled = false (custom)
2019-08-29 08:18:25,886 [pool-60-thread-1] INFO  impl.RaftServerImpl (ServerState.java:<init>(105)) - dd9a91c5-5c4b-4478-b7f7-3956f198c950:group-A4A3F741FD29 ConfigurationManager, init=-1: [9b2222ce-dbb0-4da1-b31a-a52ba00795b8:192.168.34.54:34658, dd9a91c5-5c4b-4478-b7f7-3956f198c950:192.168.34.54:35600, 14879765-9127-45ba-89de-04712631aaf6:192.168.34.54:41705], old=null, confs=<EMPTY_MAP>
2019-08-29 08:18:25,886 [pool-49-thread-1] INFO  storage.RaftStorageDirectory (RaftStorageDirectory.java:analyzeStorage(246)) - The storage directory /workdir/hadoop-ozone/integration-test/target/test-dir/MiniOzoneClusterImpl-ef39a000-56f8-499f-ba54-08500adcb141/datanode-2/data/ratis/f81b2b4d-3809-43d0-8876-a4a3f741fd29 does not exist. Creating ...
2019-08-29 08:18:25,886 [pool-60-thread-1] INFO  server.RaftServerConfigKeys (ConfUtils.java:logGet(43)) - raft.server.storage.dir = [/workdir/hadoop-ozone/integration-test/target/test-dir/MiniOzoneClusterImpl-ef39a000-56f8-499f-ba54-08500adcb141/datanode-3/data/ratis] (custom)
2019-08-29 08:18:25,887 [pool-60-thread-1] INFO  storage.RaftStorageDirectory (RaftStorageDirectory.java:analyzeStorage(246)) - The storage directory /workdir/hadoop-ozone/integration-test/target/test-dir/MiniOzoneClusterImpl-ef39a000-56f8-499f-ba54-08500adcb141/datanode-3/data/ratis/f81b2b4d-3809-43d0-8876-a4a3f741fd29 does not exist. Creating ...
2019-08-29 08:18:25,946 [pool-49-thread-1] INFO  storage.RaftStorageDirectory (RaftStorageDirectory.java:tryLock(328)) - Lock on /workdir/hadoop-ozone/integration-test/target/test-dir/MiniOzoneClusterImpl-ef39a000-56f8-499f-ba54-08500adcb141/datanode-2/data/ratis/f81b2b4d-3809-43d0-8876-a4a3f741fd29/in_use.lock acquired by nodename 28333@pr-hdds-1553-zhl8q-89899572
2019-08-29 08:18:25,946 [pool-93-thread-1] INFO  storage.RaftStorageDirectory (RaftStorageDirectory.java:tryLock(328)) - Lock on /workdir/hadoop-ozone/integration-test/target/test-dir/MiniOzoneClusterImpl-ef39a000-56f8-499f-ba54-08500adcb141/datanode-6/data/ratis/d7d86cb8-718f-4839-9fff-265b3718a09f/in_use.lock acquired by nodename 28333@pr-hdds-1553-zhl8q-89899572
2019-08-29 08:18:25,946 [pool-60-thread-1] INFO  storage.RaftStorageDirectory (RaftStorageDirectory.java:tryLock(328)) - Lock on /workdir/hadoop-ozone/integration-test/target/test-dir/MiniOzoneClusterImpl-ef39a000-56f8-499f-ba54-08500adcb141/datanode-3/data/ratis/f81b2b4d-3809-43d0-8876-a4a3f741fd29/in_use.lock acquired by nodename 28333@pr-hdds-1553-zhl8q-89899572
2019-08-29 08:18:25,997 [pool-49-thread-1] INFO  storage.RaftStorage (RaftStorage.java:format(72)) - Storage directory /workdir/hadoop-ozone/integration-test/target/test-dir/MiniOzoneClusterImpl-ef39a000-56f8-499f-ba54-08500adcb141/datanode-2/data/ratis/f81b2b4d-3809-43d0-8876-a4a3f741fd29 has been successfully formatted.
2019-08-29 08:18:25,997 [pool-60-thread-1] INFO  storage.RaftStorage (RaftStorage.java:format(72)) - Storage directory /workdir/hadoop-ozone/integration-test/target/test-dir/MiniOzoneClusterImpl-ef39a000-56f8-499f-ba54-08500adcb141/datanode-3/data/ratis/f81b2b4d-3809-43d0-8876-a4a3f741fd29 has been successfully formatted.
2019-08-29 08:18:25,997 [pool-93-thread-1] INFO  storage.RaftStorage (RaftStorage.java:format(72)) - Storage directory /workdir/hadoop-ozone/integration-test/target/test-dir/MiniOzoneClusterImpl-ef39a000-56f8-499f-ba54-08500adcb141/datanode-6/data/ratis/d7d86cb8-718f-4839-9fff-265b3718a09f has been successfully formatted.
2019-08-29 08:18:25,998 [pool-49-thread-1] INFO  ratis.ContainerStateMachine (ContainerStateMachine.java:loadSnapshot(226)) - group-A4A3F741FD29: The snapshot info is null. Setting the last applied indexto:(t:0, i:~)
2019-08-29 08:18:25,998 [pool-60-thread-1] INFO  ratis.ContainerStateMachine (ContainerStateMachine.java:loadSnapshot(226)) - group-A4A3F741FD29: The snapshot info is null. Setting the last applied indexto:(t:0, i:~)
2019-08-29 08:18:25,998 [pool-93-thread-1] INFO  ratis.ContainerStateMachine (ContainerStateMachine.java:loadSnapshot(226)) - group-265B3718A09F: The snapshot info is null. Setting the last applied indexto:(t:0, i:~)
2019-08-29 08:18:25,998 [pool-49-thread-1] INFO  server.RaftServerConfigKeys (ConfUtils.java:logGet(43)) - raft.server.leader.election.timeout = 120s (custom)
2019-08-29 08:18:25,998 [pool-93-thread-1] INFO  server.RaftServerConfigKeys (ConfUtils.java:logGet(43)) - raft.server.leader.election.timeout = 120s (custom)
2019-08-29 08:18:25,998 [pool-93-thread-1] INFO  server.RaftServerConfigKeys (ConfUtils.java:logGet(43)) - raft.server.log.use.memory = false (default)
2019-08-29 08:18:25,998 [pool-60-thread-1] INFO  server.RaftServerConfigKeys (ConfUtils.java:logGet(43)) - raft.server.leader.election.timeout = 120s (custom)
2019-08-29 08:18:25,999 [pool-93-thread-1] INFO  server.RaftServerConfigKeys (ConfUtils.java:logGet(43)) - raft.server.log.purge.gap = 1000000 (custom)
2019-08-29 08:18:25,998 [pool-49-thread-1] INFO  server.RaftServerConfigKeys (ConfUtils.java:logGet(43)) - raft.server.log.use.memory = false (default)
2019-08-29 08:18:25,999 [pool-93-thread-1] INFO  server.RaftServerConfigKeys (ConfUtils.java:logGet(43)) - raft.server.log.appender.buffer.byte-limit = 33554432 (custom)
2019-08-29 08:18:25,999 [pool-60-thread-1] INFO  server.RaftServerConfigKeys (ConfUtils.java:logGet(43)) - raft.server.log.use.memory = false (default)
2019-08-29 08:18:25,999 [pool-93-thread-1] INFO  server.RaftServerConfigKeys (ConfUtils.java:logGet(43)) - raft.server.log.segment.size.max = 1048576 (custom)
2019-08-29 08:18:25,999 [pool-49-thread-1] INFO  server.RaftServerConfigKeys (ConfUtils.java:logGet(43)) - raft.server.log.purge.gap = 1000000 (custom)
2019-08-29 08:18:26,000 [pool-93-thread-1] INFO  server.RaftServerConfigKeys (ConfUtils.java:logGet(43)) - raft.server.log.segment.cache.num.max = 2 (custom)
2019-08-29 08:18:25,999 [pool-60-thread-1] INFO  server.RaftServerConfigKeys (ConfUtils.java:logGet(43)) - raft.server.log.purge.gap = 1000000 (custom)
2019-08-29 08:18:26,000 [pool-93-thread-1] INFO  segmented.SegmentedRaftLogWorker (SegmentedRaftLogWorker.java:<init>(172)) - new 9b2222ce-dbb0-4da1-b31a-a52ba00795b8-SegmentedRaftLogWorker:Storage Directory /workdir/hadoop-ozone/integration-test/target/test-dir/MiniOzoneClusterImpl-ef39a000-56f8-499f-ba54-08500adcb141/datanode-6/data/ratis/d7d86cb8-718f-4839-9fff-265b3718a09f for RaftStorage:Storage Directory /workdir/hadoop-ozone/integration-test/target/test-dir/MiniOzoneClusterImpl-ef39a000-56f8-499f-ba54-08500adcb141/datanode-6/data/ratis/d7d86cb8-718f-4839-9fff-265b3718a09f
2019-08-29 08:18:26,000 [pool-49-thread-1] INFO  server.RaftServerConfigKeys (ConfUtils.java:logGet(43)) - raft.server.log.appender.buffer.byte-limit = 33554432 (custom)
2019-08-29 08:18:26,000 [pool-93-thread-1] INFO  server.RaftServerConfigKeys (ConfUtils.java:logGet(43)) - raft.server.log.queue.byte-limit = 2147483647 (custom)
2019-08-29 08:18:26,000 [pool-60-thread-1] INFO  server.RaftServerConfigKeys (ConfUtils.java:logGet(43)) - raft.server.log.appender.buffer.byte-limit = 33554432 (custom)
2019-08-29 08:18:26,001 [pool-93-thread-1] INFO  server.RaftServerConfigKeys (ConfUtils.java:logGet(43)) - raft.server.log.queue.element-limit = 1024 (custom)
2019-08-29 08:18:26,000 [pool-49-thread-1] INFO  server.RaftServerConfigKeys (ConfUtils.java:logGet(43)) - raft.server.log.segment.size.max = 1048576 (custom)
2019-08-29 08:18:26,001 [pool-93-thread-1] INFO  server.RaftServerConfigKeys (ConfUtils.java:logGet(43)) - raft.server.log.segment.size.max = 1048576 (custom)
2019-08-29 08:18:26,001 [pool-60-thread-1] INFO  server.RaftServerConfigKeys (ConfUtils.java:logGet(43)) - raft.server.log.segment.size.max = 1048576 (custom)
2019-08-29 08:18:26,001 [pool-93-thread-1] INFO  server.RaftServerConfigKeys (ConfUtils.java:logGet(43)) - raft.server.log.preallocated.size = 16384 (custom)
2019-08-29 08:18:26,001 [pool-49-thread-1] INFO  server.RaftServerConfigKeys (ConfUtils.java:logGet(43)) - raft.server.log.segment.cache.num.max = 2 (custom)
2019-08-29 08:18:26,001 [pool-93-thread-1] INFO  server.RaftServerConfigKeys (ConfUtils.java:logGet(43)) - raft.server.log.write.buffer.size = 33554432 (custom)
2019-08-29 08:18:26,001 [pool-60-thread-1] INFO  server.RaftServerConfigKeys (ConfUtils.java:logGet(43)) - raft.server.log.segment.cache.num.max = 2 (custom)
2019-08-29 08:18:26,002 [pool-93-thread-1] INFO  server.RaftServerConfigKeys (ConfUtils.java:logGet(43)) - raft.server.log.force.sync.num = 128 (default)
2019-08-29 08:18:26,001 [pool-49-thread-1] INFO  segmented.SegmentedRaftLogWorker (SegmentedRaftLogWorker.java:<init>(172)) - new 14879765-9127-45ba-89de-04712631aaf6-SegmentedRaftLogWorker:Storage Directory /workdir/hadoop-ozone/integration-test/target/test-dir/MiniOzoneClusterImpl-ef39a000-56f8-499f-ba54-08500adcb141/datanode-2/data/ratis/f81b2b4d-3809-43d0-8876-a4a3f741fd29 for RaftStorage:Storage Directory /workdir/hadoop-ozone/integration-test/target/test-dir/MiniOzoneClusterImpl-ef39a000-56f8-499f-ba54-08500adcb141/datanode-2/data/ratis/f81b2b4d-3809-43d0-8876-a4a3f741fd29
2019-08-29 08:18:26,002 [pool-93-thread-1] INFO  server.RaftServerConfigKeys (ConfUtils.java:logGet(43)) - raft.server.log.statemachine.data.sync = true (default)
2019-08-29 08:18:26,002 [pool-60-thread-1] INFO  segmented.SegmentedRaftLogWorker (SegmentedRaftLogWorker.java:<init>(172)) - new dd9a91c5-5c4b-4478-b7f7-3956f198c950-SegmentedRaftLogWorker:Storage Directory /workdir/hadoop-ozone/integration-test/target/test-dir/MiniOzoneClusterImpl-ef39a000-56f8-499f-ba54-08500adcb141/datanode-3/data/ratis/f81b2b4d-3809-43d0-8876-a4a3f741fd29 for RaftStorage:Storage Directory /workdir/hadoop-ozone/integration-test/target/test-dir/MiniOzoneClusterImpl-ef39a000-56f8-499f-ba54-08500adcb141/datanode-3/data/ratis/f81b2b4d-3809-43d0-8876-a4a3f741fd29
2019-08-29 08:18:26,002 [pool-93-thread-1] INFO  server.RaftServerConfigKeys (ConfUtils.java:logGet(43)) - raft.server.log.statemachine.data.sync.timeout = 10s (default)
2019-08-29 08:18:26,002 [pool-49-thread-1] INFO  server.RaftServerConfigKeys (ConfUtils.java:logGet(43)) - raft.server.log.queue.byte-limit = 2147483647 (custom)
2019-08-29 08:18:26,002 [pool-93-thread-1] INFO  server.RaftServerConfigKeys (ConfUtils.java:logGet(43)) - raft.server.log.statemachine.data.sync.timeout.retry = -1 (default)
2019-08-29 08:18:26,002 [pool-60-thread-1] INFO  server.RaftServerConfigKeys (ConfUtils.java:logGet(43)) - raft.server.log.queue.byte-limit = 2147483647 (custom)
2019-08-29 08:18:26,003 [pool-93-thread-1] INFO  server.RaftServerConfigKeys (ConfUtils.java:logGet(43)) - raft.server.log.statemachine.data.caching.enabled = true (custom)
2019-08-29 08:18:26,002 [pool-49-thread-1] INFO  server.RaftServerConfigKeys (ConfUtils.java:logGet(43)) - raft.server.log.queue.element-limit = 1024 (custom)
2019-08-29 08:18:26,003 [pool-60-thread-1] INFO  server.RaftServerConfigKeys (ConfUtils.java:logGet(43)) - raft.server.log.queue.element-limit = 1024 (custom)
2019-08-29 08:18:26,003 [pool-49-thread-1] INFO  server.RaftServerConfigKeys (ConfUtils.java:logGet(43)) - raft.server.log.segment.size.max = 1048576 (custom)
2019-08-29 08:18:26,003 [pool-60-thread-1] INFO  server.RaftServerConfigKeys (ConfUtils.java:logGet(43)) - raft.server.log.segment.size.max = 1048576 (custom)
2019-08-29 08:18:26,003 [pool-93-thread-1] INFO  segmented.SegmentedRaftLogWorker (SegmentedRaftLogWorker.java:lambda$new$0(132)) - 9b2222ce-dbb0-4da1-b31a-a52ba00795b8-SegmentedRaftLogWorker:Storage Directory /workdir/hadoop-ozone/integration-test/target/test-dir/MiniOzoneClusterImpl-ef39a000-56f8-499f-ba54-08500adcb141/datanode-6/data/ratis/d7d86cb8-718f-4839-9fff-265b3718a09f: flushIndex: setUnconditionally 0 -> -1
2019-08-29 08:18:26,003 [pool-60-thread-1] INFO  server.RaftServerConfigKeys (ConfUtils.java:logGet(43)) - raft.server.log.preallocated.size = 16384 (custom)
2019-08-29 08:18:26,003 [pool-49-thread-1] INFO  server.RaftServerConfigKeys (ConfUtils.java:logGet(43)) - raft.server.log.preallocated.size = 16384 (custom)
2019-08-29 08:18:26,004 [pool-60-thread-1] INFO  server.RaftServerConfigKeys (ConfUtils.java:logGet(43)) - raft.server.log.write.buffer.size = 33554432 (custom)
2019-08-29 08:18:26,004 [pool-49-thread-1] INFO  server.RaftServerConfigKeys (ConfUtils.java:logGet(43)) - raft.server.log.write.buffer.size = 33554432 (custom)
2019-08-29 08:18:26,004 [pool-93-thread-1] INFO  server.RaftServerConfigKeys (ConfUtils.java:logGet(43)) - raft.server.snapshot.auto.trigger.enabled = true (custom)
2019-08-29 08:18:26,004 [pool-49-thread-1] INFO  server.RaftServerConfigKeys (ConfUtils.java:logGet(43)) - raft.server.log.force.sync.num = 128 (default)
2019-08-29 08:18:26,004 [pool-60-thread-1] INFO  server.RaftServerConfigKeys (ConfUtils.java:logGet(43)) - raft.server.log.force.sync.num = 128 (default)
2019-08-29 08:18:26,004 [pool-49-thread-1] INFO  server.RaftServerConfigKeys (ConfUtils.java:logGet(43)) - raft.server.log.statemachine.data.sync = true (default)
2019-08-29 08:18:26,004 [pool-93-thread-1] INFO  server.RaftServerConfigKeys (ConfUtils.java:logGet(43)) - raft.server.snapshot.auto.trigger.threshold = 10000 (custom)
2019-08-29 08:18:26,004 [pool-49-thread-1] INFO  server.RaftServerConfigKeys (ConfUtils.java:logGet(43)) - raft.server.log.statemachine.data.sync.timeout = 10s (default)
2019-08-29 08:18:26,004 [pool-60-thread-1] INFO  server.RaftServerConfigKeys (ConfUtils.java:logGet(43)) - raft.server.log.statemachine.data.sync = true (default)
2019-08-29 08:18:26,005 [pool-49-thread-1] INFO  server.RaftServerConfigKeys (ConfUtils.java:logGet(43)) - raft.server.log.statemachine.data.sync.timeout.retry = -1 (default)
2019-08-29 08:18:26,005 [pool-93-thread-1] INFO  server.RaftServerConfigKeys (ConfUtils.java:logGet(43)) - raft.server.retrycache.expirytime = 600000ms (custom)
2019-08-29 08:18:26,005 [pool-49-thread-1] INFO  server.RaftServerConfigKeys (ConfUtils.java:logGet(43)) - raft.server.log.statemachine.data.caching.enabled = true (custom)
2019-08-29 08:18:26,005 [pool-60-thread-1] INFO  server.RaftServerConfigKeys (ConfUtils.java:logGet(43)) - raft.server.log.statemachine.data.sync.timeout = 10s (default)
2019-08-29 08:18:26,005 [pool-93-thread-1] INFO  impl.RaftServerImpl (RaftServerImpl.java:start(180)) - 9b2222ce-dbb0-4da1-b31a-a52ba00795b8: start group-97AF3AC212A7
2019-08-29 08:18:26,005 [pool-49-thread-1] INFO  segmented.SegmentedRaftLogWorker (SegmentedRaftLogWorker.java:lambda$new$0(132)) - 14879765-9127-45ba-89de-04712631aaf6-SegmentedRaftLogWorker:Storage Directory /workdir/hadoop-ozone/integration-test/target/test-dir/MiniOzoneClusterImpl-ef39a000-56f8-499f-ba54-08500adcb141/datanode-2/data/ratis/f81b2b4d-3809-43d0-8876-a4a3f741fd29: flushIndex: setUnconditionally 0 -> -1
2019-08-29 08:18:26,005 [pool-60-thread-1] INFO  server.RaftServerConfigKeys (ConfUtils.java:logGet(43)) - raft.server.log.statemachine.data.sync.timeout.retry = -1 (default)
2019-08-29 08:18:26,005 [pool-93-thread-1] INFO  impl.RaftServerImpl (RaftServerImpl.java:setRole(171)) - 9b2222ce-dbb0-4da1-b31a-a52ba00795b8:group-97AF3AC212A7 changes role from null to FOLLOWER at term 0 for startAsFollower
2019-08-29 08:18:26,006 [pool-60-thread-1] INFO  server.RaftServerConfigKeys (ConfUtils.java:logGet(43)) - raft.server.log.statemachine.data.caching.enabled = true (custom)
2019-08-29 08:18:26,006 [pool-49-thread-1] INFO  server.RaftServerConfigKeys (ConfUtils.java:logGet(43)) - raft.server.snapshot.auto.trigger.enabled = true (custom)
2019-08-29 08:18:26,006 [pool-93-thread-1] INFO  impl.RoleInfo (RoleInfo.java:updateAndGet(143)) - 9b2222ce-dbb0-4da1-b31a-a52ba00795b8: start FollowerState
2019-08-29 08:18:26,006 [pool-49-thread-1] INFO  server.RaftServerConfigKeys (ConfUtils.java:logGet(43)) - raft.server.snapshot.auto.trigger.threshold = 10000 (custom)
2019-08-29 08:18:26,006 [pool-60-thread-1] INFO  segmented.SegmentedRaftLogWorker (SegmentedRaftLogWorker.java:lambda$new$0(132)) - dd9a91c5-5c4b-4478-b7f7-3956f198c950-SegmentedRaftLogWorker:Storage Directory /workdir/hadoop-ozone/integration-test/target/test-dir/MiniOzoneClusterImpl-ef39a000-56f8-499f-ba54-08500adcb141/datanode-3/data/ratis/f81b2b4d-3809-43d0-8876-a4a3f741fd29: flushIndex: setUnconditionally 0 -> -1
2019-08-29 08:18:26,006 [pool-49-thread-1] INFO  server.RaftServerConfigKeys (ConfUtils.java:logGet(43)) - raft.server.retrycache.expirytime = 600000ms (custom)
2019-08-29 08:18:26,007 [pool-60-thread-1] INFO  server.RaftServerConfigKeys (ConfUtils.java:logGet(43)) - raft.server.snapshot.auto.trigger.enabled = true (custom)
2019-08-29 08:18:26,007 [pool-93-thread-1] INFO  util.JmxRegister (JmxRegister.java:tryRegister(44)) - Successfully registered JMX Bean with object name Ratis:service=RaftServer,group=group-97AF3AC212A7,id=9b2222ce-dbb0-4da1-b31a-a52ba00795b8
2019-08-29 08:18:26,007 [pool-60-thread-1] INFO  server.RaftServerConfigKeys (ConfUtils.java:logGet(43)) - raft.server.snapshot.auto.trigger.threshold = 10000 (custom)
2019-08-29 08:18:26,007 [pool-60-thread-1] INFO  server.RaftServerConfigKeys (ConfUtils.java:logGet(43)) - raft.server.retrycache.expirytime = 600000ms (custom)
2019-08-29 08:18:26,008 [pool-49-thread-1] INFO  impl.RaftServerImpl (RaftServerImpl.java:<init>(93)) - 14879765-9127-45ba-89de-04712631aaf6: new RaftServerImpl for group-FDA797314C32:[9b2222ce-dbb0-4da1-b31a-a52ba00795b8:192.168.34.54:34658, dd9a91c5-5c4b-4478-b7f7-3956f198c950:192.168.34.54:35600, 14879765-9127-45ba-89de-04712631aaf6:192.168.34.54:41705] with ContainerStateMachine:uninitialized
2019-08-29 08:18:26,008 [pool-49-thread-1] INFO  server.RaftServerConfigKeys (ConfUtils.java:logGet(43)) - raft.server.rpc.timeout.min = 5s (custom)
2019-08-29 08:18:26,008 [pool-49-thread-1] INFO  server.RaftServerConfigKeys (ConfUtils.java:logGet(43)) - raft.server.rpc.timeout.max = 5200ms (custom)
2019-08-29 08:18:26,009 [pool-49-thread-1] INFO  server.RaftServerConfigKeys (ConfUtils.java:logGet(43)) - raft.server.rpcslowness.timeout = 120s (custom)
2019-08-29 08:18:26,009 [pool-49-thread-1] INFO  server.RaftServerConfigKeys (ConfUtils.java:logGet(43)) - raft.server.sleep.deviation.threshold = 300 (default)
2019-08-29 08:18:26,009 [pool-49-thread-1] INFO  server.RaftServerConfigKeys (ConfUtils.java:logGet(43)) - raft.server.log.appender.install.snapshot.enabled = false (custom)
2019-08-29 08:18:26,009 [pool-49-thread-1] INFO  impl.RaftServerImpl (ServerState.java:<init>(105)) - 14879765-9127-45ba-89de-04712631aaf6:group-FDA797314C32 ConfigurationManager, init=-1: [9b2222ce-dbb0-4da1-b31a-a52ba00795b8:192.168.34.54:34658, dd9a91c5-5c4b-4478-b7f7-3956f198c950:192.168.34.54:35600, 14879765-9127-45ba-89de-04712631aaf6:192.168.34.54:41705], old=null, confs=<EMPTY_MAP>
2019-08-29 08:18:26,009 [pool-49-thread-1] INFO  server.RaftServerConfigKeys (ConfUtils.java:logGet(43)) - raft.server.storage.dir = [/workdir/hadoop-ozone/integration-test/target/test-dir/MiniOzoneClusterImpl-ef39a000-56f8-499f-ba54-08500adcb141/datanode-2/data/ratis] (custom)
2019-08-29 08:18:26,009 [pool-93-thread-1] INFO  impl.RaftServerImpl (RaftServerImpl.java:<init>(93)) - 9b2222ce-dbb0-4da1-b31a-a52ba00795b8: new RaftServerImpl for group-A4A3F741FD29:[9b2222ce-dbb0-4da1-b31a-a52ba00795b8:192.168.34.54:34658, dd9a91c5-5c4b-4478-b7f7-3956f198c950:192.168.34.54:35600, 14879765-9127-45ba-89de-04712631aaf6:192.168.34.54:41705] with ContainerStateMachine:uninitialized
2019-08-29 08:18:26,009 [pool-93-thread-1] INFO  server.RaftServerConfigKeys (ConfUtils.java:logGet(43)) - raft.server.rpc.timeout.min = 5s (custom)
2019-08-29 08:18:26,009 [pool-49-thread-1] INFO  storage.RaftStorageDirectory (RaftStorageDirectory.java:analyzeStorage(246)) - The storage directory /workdir/hadoop-ozone/integration-test/target/test-dir/MiniOzoneClusterImpl-ef39a000-56f8-499f-ba54-08500adcb141/datanode-2/data/ratis/043a73a7-82f3-46b7-81e3-fda797314c32 does not exist. Creating ...
2019-08-29 08:18:26,009 [pool-93-thread-1] INFO  server.RaftServerConfigKeys (ConfUtils.java:logGet(43)) - raft.server.rpc.timeout.max = 5200ms (custom)
2019-08-29 08:18:26,010 [pool-93-thread-1] INFO  server.RaftServerConfigKeys (ConfUtils.java:logGet(43)) - raft.server.rpcslowness.timeout = 120s (custom)
2019-08-29 08:18:26,010 [pool-60-thread-1] INFO  impl.RaftServerImpl (RaftServerImpl.java:<init>(93)) - dd9a91c5-5c4b-4478-b7f7-3956f198c950: new RaftServerImpl for group-FDA797314C32:[9b2222ce-dbb0-4da1-b31a-a52ba00795b8:192.168.34.54:34658, dd9a91c5-5c4b-4478-b7f7-3956f198c950:192.168.34.54:35600, 14879765-9127-45ba-89de-04712631aaf6:192.168.34.54:41705] with ContainerStateMachine:uninitialized
2019-08-29 08:18:26,010 [pool-93-thread-1] INFO  server.RaftServerConfigKeys (ConfUtils.java:logGet(43)) - raft.server.sleep.deviation.threshold = 300 (default)
2019-08-29 08:18:26,010 [pool-60-thread-1] INFO  server.RaftServerConfigKeys (ConfUtils.java:logGet(43)) - raft.server.rpc.timeout.min = 5s (custom)
2019-08-29 08:18:26,010 [pool-93-thread-1] INFO  server.RaftServerConfigKeys (ConfUtils.java:logGet(43)) - raft.server.log.appender.install.snapshot.enabled = false (custom)
2019-08-29 08:18:26,010 [pool-60-thread-1] INFO  server.RaftServerConfigKeys (ConfUtils.java:logGet(43)) - raft.server.rpc.timeout.max = 5200ms (custom)
2019-08-29 08:18:26,010 [pool-93-thread-1] INFO  impl.RaftServerImpl (ServerState.java:<init>(105)) - 9b2222ce-dbb0-4da1-b31a-a52ba00795b8:group-A4A3F741FD29 ConfigurationManager, init=-1: [9b2222ce-dbb0-4da1-b31a-a52ba00795b8:192.168.34.54:34658, dd9a91c5-5c4b-4478-b7f7-3956f198c950:192.168.34.54:35600, 14879765-9127-45ba-89de-04712631aaf6:192.168.34.54:41705], old=null, confs=<EMPTY_MAP>
2019-08-29 08:18:26,010 [pool-60-thread-1] INFO  server.RaftServerConfigKeys (ConfUtils.java:logGet(43)) - raft.server.rpcslowness.timeout = 120s (custom)
2019-08-29 08:18:26,011 [pool-93-thread-1] INFO  server.RaftServerConfigKeys (ConfUtils.java:logGet(43)) - raft.server.storage.dir = [/workdir/hadoop-ozone/integration-test/target/test-dir/MiniOzoneClusterImpl-ef39a000-56f8-499f-ba54-08500adcb141/datanode-6/data/ratis] (custom)
2019-08-29 08:18:26,011 [pool-60-thread-1] INFO  server.RaftServerConfigKeys (ConfUtils.java:logGet(43)) - raft.server.sleep.deviation.threshold = 300 (default)
2019-08-29 08:18:26,011 [pool-60-thread-1] INFO  server.RaftServerConfigKeys (ConfUtils.java:logGet(43)) - raft.server.log.appender.install.snapshot.enabled = false (custom)
2019-08-29 08:18:26,011 [pool-60-thread-1] INFO  impl.RaftServerImpl (ServerState.java:<init>(105)) - dd9a91c5-5c4b-4478-b7f7-3956f198c950:group-FDA797314C32 ConfigurationManager, init=-1: [9b2222ce-dbb0-4da1-b31a-a52ba00795b8:192.168.34.54:34658, dd9a91c5-5c4b-4478-b7f7-3956f198c950:192.168.34.54:35600, 14879765-9127-45ba-89de-04712631aaf6:192.168.34.54:41705], old=null, confs=<EMPTY_MAP>
2019-08-29 08:18:26,011 [pool-93-thread-1] INFO  storage.RaftStorageDirectory (RaftStorageDirectory.java:analyzeStorage(246)) - The storage directory /workdir/hadoop-ozone/integration-test/target/test-dir/MiniOzoneClusterImpl-ef39a000-56f8-499f-ba54-08500adcb141/datanode-6/data/ratis/f81b2b4d-3809-43d0-8876-a4a3f741fd29 does not exist. Creating ...
2019-08-29 08:18:26,011 [pool-60-thread-1] INFO  server.RaftServerConfigKeys (ConfUtils.java:logGet(43)) - raft.server.storage.dir = [/workdir/hadoop-ozone/integration-test/target/test-dir/MiniOzoneClusterImpl-ef39a000-56f8-499f-ba54-08500adcb141/datanode-3/data/ratis] (custom)
2019-08-29 08:18:26,011 [pool-60-thread-1] INFO  storage.RaftStorageDirectory (RaftStorageDirectory.java:analyzeStorage(246)) - The storage directory /workdir/hadoop-ozone/integration-test/target/test-dir/MiniOzoneClusterImpl-ef39a000-56f8-499f-ba54-08500adcb141/datanode-3/data/ratis/043a73a7-82f3-46b7-81e3-fda797314c32 does not exist. Creating ...
2019-08-29 08:18:26,017 [pool-49-thread-1] INFO  storage.RaftStorageDirectory (RaftStorageDirectory.java:tryLock(328)) - Lock on /workdir/hadoop-ozone/integration-test/target/test-dir/MiniOzoneClusterImpl-ef39a000-56f8-499f-ba54-08500adcb141/datanode-2/data/ratis/043a73a7-82f3-46b7-81e3-fda797314c32/in_use.lock acquired by nodename 28333@pr-hdds-1553-zhl8q-89899572
2019-08-29 08:18:26,018 [pool-93-thread-1] INFO  storage.RaftStorageDirectory (RaftStorageDirectory.java:tryLock(328)) - Lock on /workdir/hadoop-ozone/integration-test/target/test-dir/MiniOzoneClusterImpl-ef39a000-56f8-499f-ba54-08500adcb141/datanode-6/data/ratis/f81b2b4d-3809-43d0-8876-a4a3f741fd29/in_use.lock acquired by nodename 28333@pr-hdds-1553-zhl8q-89899572
2019-08-29 08:18:26,017 [pool-60-thread-1] INFO  storage.RaftStorageDirectory (RaftStorageDirectory.java:tryLock(328)) - Lock on /workdir/hadoop-ozone/integration-test/target/test-dir/MiniOzoneClusterImpl-ef39a000-56f8-499f-ba54-08500adcb141/datanode-3/data/ratis/043a73a7-82f3-46b7-81e3-fda797314c32/in_use.lock acquired by nodename 28333@pr-hdds-1553-zhl8q-89899572
2019-08-29 08:18:26,080 [pool-49-thread-1] INFO  storage.RaftStorage (RaftStorage.java:format(72)) - Storage directory /workdir/hadoop-ozone/integration-test/target/test-dir/MiniOzoneClusterImpl-ef39a000-56f8-499f-ba54-08500adcb141/datanode-2/data/ratis/043a73a7-82f3-46b7-81e3-fda797314c32 has been successfully formatted.
2019-08-29 08:18:26,080 [pool-93-thread-1] INFO  storage.RaftStorage (RaftStorage.java:format(72)) - Storage directory /workdir/hadoop-ozone/integration-test/target/test-dir/MiniOzoneClusterImpl-ef39a000-56f8-499f-ba54-08500adcb141/datanode-6/data/ratis/f81b2b4d-3809-43d0-8876-a4a3f741fd29 has been successfully formatted.
2019-08-29 08:18:26,080 [pool-60-thread-1] INFO  storage.RaftStorage (RaftStorage.java:format(72)) - Storage directory /workdir/hadoop-ozone/integration-test/target/test-dir/MiniOzoneClusterImpl-ef39a000-56f8-499f-ba54-08500adcb141/datanode-3/data/ratis/043a73a7-82f3-46b7-81e3-fda797314c32 has been successfully formatted.
2019-08-29 08:18:26,080 [pool-93-thread-1] INFO  ratis.ContainerStateMachine (ContainerStateMachine.java:loadSnapshot(226)) - group-A4A3F741FD29: The snapshot info is null. Setting the last applied indexto:(t:0, i:~)
2019-08-29 08:18:26,080 [pool-49-thread-1] INFO  ratis.ContainerStateMachine (ContainerStateMachine.java:loadSnapshot(226)) - group-FDA797314C32: The snapshot info is null. Setting the last applied indexto:(t:0, i:~)
2019-08-29 08:18:26,081 [pool-93-thread-1] INFO  server.RaftServerConfigKeys (ConfUtils.java:logGet(43)) - raft.server.leader.election.timeout = 120s (custom)
2019-08-29 08:18:26,081 [pool-60-thread-1] INFO  ratis.ContainerStateMachine (ContainerStateMachine.java:loadSnapshot(226)) - group-FDA797314C32: The snapshot info is null. Setting the last applied indexto:(t:0, i:~)
2019-08-29 08:18:26,081 [pool-93-thread-1] INFO  server.RaftServerConfigKeys (ConfUtils.java:logGet(43)) - raft.server.log.use.memory = false (default)
2019-08-29 08:18:26,081 [pool-49-thread-1] INFO  server.RaftServerConfigKeys (ConfUtils.java:logGet(43)) - raft.server.leader.election.timeout = 120s (custom)
2019-08-29 08:18:26,081 [pool-93-thread-1] INFO  server.RaftServerConfigKeys (ConfUtils.java:logGet(43)) - raft.server.log.purge.gap = 1000000 (custom)
2019-08-29 08:18:26,081 [pool-60-thread-1] INFO  server.RaftServerConfigKeys (ConfUtils.java:logGet(43)) - raft.server.leader.election.timeout = 120s (custom)
2019-08-29 08:18:26,081 [pool-93-thread-1] INFO  server.RaftServerConfigKeys (ConfUtils.java:logGet(43)) - raft.server.log.appender.buffer.byte-limit = 33554432 (custom)
2019-08-29 08:18:26,081 [pool-49-thread-1] INFO  server.RaftServerConfigKeys (ConfUtils.java:logGet(43)) - raft.server.log.use.memory = false (default)
2019-08-29 08:18:26,081 [pool-93-thread-1] INFO  server.RaftServerConfigKeys (ConfUtils.java:logGet(43)) - raft.server.log.segment.size.max = 1048576 (custom)
2019-08-29 08:18:26,081 [pool-60-thread-1] INFO  server.RaftServerConfigKeys (ConfUtils.java:logGet(43)) - raft.server.log.use.memory = false (default)
2019-08-29 08:18:26,082 [pool-93-thread-1] INFO  server.RaftServerConfigKeys (ConfUtils.java:logGet(43)) - raft.server.log.segment.cache.num.max = 2 (custom)
2019-08-29 08:18:26,082 [pool-49-thread-1] INFO  server.RaftServerConfigKeys (ConfUtils.java:logGet(43)) - raft.server.log.purge.gap = 1000000 (custom)
2019-08-29 08:18:26,082 [pool-93-thread-1] INFO  segmented.SegmentedRaftLogWorker (SegmentedRaftLogWorker.java:<init>(172)) - new 9b2222ce-dbb0-4da1-b31a-a52ba00795b8-SegmentedRaftLogWorker:Storage Directory /workdir/hadoop-ozone/integration-test/target/test-dir/MiniOzoneClusterImpl-ef39a000-56f8-499f-ba54-08500adcb141/datanode-6/data/ratis/f81b2b4d-3809-43d0-8876-a4a3f741fd29 for RaftStorage:Storage Directory /workdir/hadoop-ozone/integration-test/target/test-dir/MiniOzoneClusterImpl-ef39a000-56f8-499f-ba54-08500adcb141/datanode-6/data/ratis/f81b2b4d-3809-43d0-8876-a4a3f741fd29
2019-08-29 08:18:26,082 [pool-60-thread-1] INFO  server.RaftServerConfigKeys (ConfUtils.java:logGet(43)) - raft.server.log.purge.gap = 1000000 (custom)
2019-08-29 08:18:26,082 [pool-93-thread-1] INFO  server.RaftServerConfigKeys (ConfUtils.java:logGet(43)) - raft.server.log.queue.byte-limit = 2147483647 (custom)
2019-08-29 08:18:26,082 [pool-49-thread-1] INFO  server.RaftServerConfigKeys (ConfUtils.java:logGet(43)) - raft.server.log.appender.buffer.byte-limit = 33554432 (custom)
2019-08-29 08:18:26,082 [pool-93-thread-1] INFO  server.RaftServerConfigKeys (ConfUtils.java:logGet(43)) - raft.server.log.queue.element-limit = 1024 (custom)
2019-08-29 08:18:26,082 [pool-60-thread-1] INFO  server.RaftServerConfigKeys (ConfUtils.java:logGet(43)) - raft.server.log.appender.buffer.byte-limit = 33554432 (custom)
2019-08-29 08:18:26,083 [pool-93-thread-1] INFO  server.RaftServerConfigKeys (ConfUtils.java:logGet(43)) - raft.server.log.segment.size.max = 1048576 (custom)
2019-08-29 08:18:26,083 [pool-49-thread-1] INFO  server.RaftServerConfigKeys (ConfUtils.java:logGet(43)) - raft.server.log.segment.size.max = 1048576 (custom)
2019-08-29 08:18:26,083 [pool-93-thread-1] INFO  server.RaftServerConfigKeys (ConfUtils.java:logGet(43)) - raft.server.log.preallocated.size = 16384 (custom)
2019-08-29 08:18:26,083 [pool-60-thread-1] INFO  server.RaftServerConfigKeys (ConfUtils.java:logGet(43)) - raft.server.log.segment.size.max = 1048576 (custom)
2019-08-29 08:18:26,083 [pool-93-thread-1] INFO  server.RaftServerConfigKeys (ConfUtils.java:logGet(43)) - raft.server.log.write.buffer.size = 33554432 (custom)
2019-08-29 08:18:26,083 [pool-49-thread-1] INFO  server.RaftServerConfigKeys (ConfUtils.java:logGet(43)) - raft.server.log.segment.cache.num.max = 2 (custom)
2019-08-29 08:18:26,083 [pool-93-thread-1] INFO  server.RaftServerConfigKeys (ConfUtils.java:logGet(43)) - raft.server.log.force.sync.num = 128 (default)
2019-08-29 08:18:26,083 [pool-60-thread-1] INFO  server.RaftServerConfigKeys (ConfUtils.java:logGet(43)) - raft.server.log.segment.cache.num.max = 2 (custom)
2019-08-29 08:18:26,084 [pool-93-thread-1] INFO  server.RaftServerConfigKeys (ConfUtils.java:logGet(43)) - raft.server.log.statemachine.data.sync = true (default)
2019-08-29 08:18:26,083 [pool-49-thread-1] INFO  segmented.SegmentedRaftLogWorker (SegmentedRaftLogWorker.java:<init>(172)) - new 14879765-9127-45ba-89de-04712631aaf6-SegmentedRaftLogWorker:Storage Directory /workdir/hadoop-ozone/integration-test/target/test-dir/MiniOzoneClusterImpl-ef39a000-56f8-499f-ba54-08500adcb141/datanode-2/data/ratis/043a73a7-82f3-46b7-81e3-fda797314c32 for RaftStorage:Storage Directory /workdir/hadoop-ozone/integration-test/target/test-dir/MiniOzoneClusterImpl-ef39a000-56f8-499f-ba54-08500adcb141/datanode-2/data/ratis/043a73a7-82f3-46b7-81e3-fda797314c32
2019-08-29 08:18:26,084 [pool-93-thread-1] INFO  server.RaftServerConfigKeys (ConfUtils.java:logGet(43)) - raft.server.log.statemachine.data.sync.timeout = 10s (default)
2019-08-29 08:18:26,084 [pool-60-thread-1] INFO  segmented.SegmentedRaftLogWorker (SegmentedRaftLogWorker.java:<init>(172)) - new dd9a91c5-5c4b-4478-b7f7-3956f198c950-SegmentedRaftLogWorker:Storage Directory /workdir/hadoop-ozone/integration-test/target/test-dir/MiniOzoneClusterImpl-ef39a000-56f8-499f-ba54-08500adcb141/datanode-3/data/ratis/043a73a7-82f3-46b7-81e3-fda797314c32 for RaftStorage:Storage Directory /workdir/hadoop-ozone/integration-test/target/test-dir/MiniOzoneClusterImpl-ef39a000-56f8-499f-ba54-08500adcb141/datanode-3/data/ratis/043a73a7-82f3-46b7-81e3-fda797314c32
2019-08-29 08:18:26,084 [pool-93-thread-1] INFO  server.RaftServerConfigKeys (ConfUtils.java:logGet(43)) - raft.server.log.statemachine.data.sync.timeout.retry = -1 (default)
2019-08-29 08:18:26,084 [pool-49-thread-1] INFO  server.RaftServerConfigKeys (ConfUtils.java:logGet(43)) - raft.server.log.queue.byte-limit = 2147483647 (custom)
2019-08-29 08:18:26,084 [pool-93-thread-1] INFO  server.RaftServerConfigKeys (ConfUtils.java:logGet(43)) - raft.server.log.statemachine.data.caching.enabled = true (custom)
2019-08-29 08:18:26,084 [pool-60-thread-1] INFO  server.RaftServerConfigKeys (ConfUtils.java:logGet(43)) - raft.server.log.queue.byte-limit = 2147483647 (custom)
2019-08-29 08:18:26,085 [pool-49-thread-1] INFO  server.RaftServerConfigKeys (ConfUtils.java:logGet(43)) - raft.server.log.queue.element-limit = 1024 (custom)
2019-08-29 08:18:26,085 [pool-60-thread-1] INFO  server.RaftServerConfigKeys (ConfUtils.java:logGet(43)) - raft.server.log.queue.element-limit = 1024 (custom)
2019-08-29 08:18:26,085 [pool-93-thread-1] INFO  segmented.SegmentedRaftLogWorker (SegmentedRaftLogWorker.java:lambda$new$0(132)) - 9b2222ce-dbb0-4da1-b31a-a52ba00795b8-SegmentedRaftLogWorker:Storage Directory /workdir/hadoop-ozone/integration-test/target/test-dir/MiniOzoneClusterImpl-ef39a000-56f8-499f-ba54-08500adcb141/datanode-6/data/ratis/f81b2b4d-3809-43d0-8876-a4a3f741fd29: flushIndex: setUnconditionally 0 -> -1
2019-08-29 08:18:26,085 [pool-60-thread-1] INFO  server.RaftServerConfigKeys (ConfUtils.java:logGet(43)) - raft.server.log.segment.size.max = 1048576 (custom)
2019-08-29 08:18:26,085 [pool-49-thread-1] INFO  server.RaftServerConfigKeys (ConfUtils.java:logGet(43)) - raft.server.log.segment.size.max = 1048576 (custom)
2019-08-29 08:18:26,085 [pool-60-thread-1] INFO  server.RaftServerConfigKeys (ConfUtils.java:logGet(43)) - raft.server.log.preallocated.size = 16384 (custom)
2019-08-29 08:18:26,085 [pool-93-thread-1] INFO  server.RaftServerConfigKeys (ConfUtils.java:logGet(43)) - raft.server.snapshot.auto.trigger.enabled = true (custom)
2019-08-29 08:18:26,086 [pool-60-thread-1] INFO  server.RaftServerConfigKeys (ConfUtils.java:logGet(43)) - raft.server.log.write.buffer.size = 33554432 (custom)
2019-08-29 08:18:26,085 [pool-49-thread-1] INFO  server.RaftServerConfigKeys (ConfUtils.java:logGet(43)) - raft.server.log.preallocated.size = 16384 (custom)
2019-08-29 08:18:26,086 [pool-60-thread-1] INFO  server.RaftServerConfigKeys (ConfUtils.java:logGet(43)) - raft.server.log.force.sync.num = 128 (default)
2019-08-29 08:18:26,086 [pool-93-thread-1] INFO  server.RaftServerConfigKeys (ConfUtils.java:logGet(43)) - raft.server.snapshot.auto.trigger.threshold = 10000 (custom)
2019-08-29 08:18:26,086 [pool-60-thread-1] INFO  server.RaftServerConfigKeys (ConfUtils.java:logGet(43)) - raft.server.log.statemachine.data.sync = true (default)
2019-08-29 08:18:26,086 [pool-49-thread-1] INFO  server.RaftServerConfigKeys (ConfUtils.java:logGet(43)) - raft.server.log.write.buffer.size = 33554432 (custom)
2019-08-29 08:18:26,086 [pool-60-thread-1] INFO  server.RaftServerConfigKeys (ConfUtils.java:logGet(43)) - raft.server.log.statemachine.data.sync.timeout = 10s (default)
2019-08-29 08:18:26,086 [pool-93-thread-1] INFO  server.RaftServerConfigKeys (ConfUtils.java:logGet(43)) - raft.server.retrycache.expirytime = 600000ms (custom)
2019-08-29 08:18:26,087 [pool-60-thread-1] INFO  server.RaftServerConfigKeys (ConfUtils.java:logGet(43)) - raft.server.log.statemachine.data.sync.timeout.retry = -1 (default)
2019-08-29 08:18:26,086 [pool-49-thread-1] INFO  server.RaftServerConfigKeys (ConfUtils.java:logGet(43)) - raft.server.log.force.sync.num = 128 (default)
2019-08-29 08:18:26,087 [pool-60-thread-1] INFO  server.RaftServerConfigKeys (ConfUtils.java:logGet(43)) - raft.server.log.statemachine.data.caching.enabled = true (custom)
2019-08-29 08:18:26,087 [pool-49-thread-1] INFO  server.RaftServerConfigKeys (ConfUtils.java:logGet(43)) - raft.server.log.statemachine.data.sync = true (default)
2019-08-29 08:18:26,087 [pool-49-thread-1] INFO  server.RaftServerConfigKeys (ConfUtils.java:logGet(43)) - raft.server.log.statemachine.data.sync.timeout = 10s (default)
2019-08-29 08:18:26,087 [pool-60-thread-1] INFO  segmented.SegmentedRaftLogWorker (SegmentedRaftLogWorker.java:lambda$new$0(132)) - dd9a91c5-5c4b-4478-b7f7-3956f198c950-SegmentedRaftLogWorker:Storage Directory /workdir/hadoop-ozone/integration-test/target/test-dir/MiniOzoneClusterImpl-ef39a000-56f8-499f-ba54-08500adcb141/datanode-3/data/ratis/043a73a7-82f3-46b7-81e3-fda797314c32: flushIndex: setUnconditionally 0 -> -1
2019-08-29 08:18:26,087 [pool-49-thread-1] INFO  server.RaftServerConfigKeys (ConfUtils.java:logGet(43)) - raft.server.log.statemachine.data.sync.timeout.retry = -1 (default)
2019-08-29 08:18:26,088 [pool-60-thread-1] INFO  server.RaftServerConfigKeys (ConfUtils.java:logGet(43)) - raft.server.snapshot.auto.trigger.enabled = true (custom)
2019-08-29 08:18:26,088 [pool-49-thread-1] INFO  server.RaftServerConfigKeys (ConfUtils.java:logGet(43)) - raft.server.log.statemachine.data.caching.enabled = true (custom)
2019-08-29 08:18:26,088 [pool-60-thread-1] INFO  server.RaftServerConfigKeys (ConfUtils.java:logGet(43)) - raft.server.snapshot.auto.trigger.threshold = 10000 (custom)
2019-08-29 08:18:26,088 [pool-49-thread-1] INFO  segmented.SegmentedRaftLogWorker (SegmentedRaftLogWorker.java:lambda$new$0(132)) - 14879765-9127-45ba-89de-04712631aaf6-SegmentedRaftLogWorker:Storage Directory /workdir/hadoop-ozone/integration-test/target/test-dir/MiniOzoneClusterImpl-ef39a000-56f8-499f-ba54-08500adcb141/datanode-2/data/ratis/043a73a7-82f3-46b7-81e3-fda797314c32: flushIndex: setUnconditionally 0 -> -1
2019-08-29 08:18:26,088 [pool-60-thread-1] INFO  server.RaftServerConfigKeys (ConfUtils.java:logGet(43)) - raft.server.retrycache.expirytime = 600000ms (custom)
2019-08-29 08:18:26,088 [pool-49-thread-1] INFO  server.RaftServerConfigKeys (ConfUtils.java:logGet(43)) - raft.server.snapshot.auto.trigger.enabled = true (custom)
2019-08-29 08:18:26,088 [pool-93-thread-1] INFO  impl.RaftServerImpl (RaftServerImpl.java:<init>(93)) - 9b2222ce-dbb0-4da1-b31a-a52ba00795b8: new RaftServerImpl for group-FDA797314C32:[9b2222ce-dbb0-4da1-b31a-a52ba00795b8:192.168.34.54:34658, dd9a91c5-5c4b-4478-b7f7-3956f198c950:192.168.34.54:35600, 14879765-9127-45ba-89de-04712631aaf6:192.168.34.54:41705] with ContainerStateMachine:uninitialized
2019-08-29 08:18:26,088 [pool-49-thread-1] INFO  server.RaftServerConfigKeys (ConfUtils.java:logGet(43)) - raft.server.snapshot.auto.trigger.threshold = 10000 (custom)
2019-08-29 08:18:26,088 [pool-93-thread-1] INFO  server.RaftServerConfigKeys (ConfUtils.java:logGet(43)) - raft.server.rpc.timeout.min = 5s (custom)
2019-08-29 08:18:26,088 [pool-49-thread-1] INFO  server.RaftServerConfigKeys (ConfUtils.java:logGet(43)) - raft.server.retrycache.expirytime = 600000ms (custom)
2019-08-29 08:18:26,089 [pool-93-thread-1] INFO  server.RaftServerConfigKeys (ConfUtils.java:logGet(43)) - raft.server.rpc.timeout.max = 5200ms (custom)
2019-08-29 08:18:26,089 [pool-93-thread-1] INFO  server.RaftServerConfigKeys (ConfUtils.java:logGet(43)) - raft.server.rpcslowness.timeout = 120s (custom)
2019-08-29 08:18:26,089 [pool-93-thread-1] INFO  server.RaftServerConfigKeys (ConfUtils.java:logGet(43)) - raft.server.sleep.deviation.threshold = 300 (default)
2019-08-29 08:18:26,089 [pool-93-thread-1] INFO  server.RaftServerConfigKeys (ConfUtils.java:logGet(43)) - raft.server.log.appender.install.snapshot.enabled = false (custom)
2019-08-29 08:18:26,089 [pool-93-thread-1] INFO  impl.RaftServerImpl (ServerState.java:<init>(105)) - 9b2222ce-dbb0-4da1-b31a-a52ba00795b8:group-FDA797314C32 ConfigurationManager, init=-1: [9b2222ce-dbb0-4da1-b31a-a52ba00795b8:192.168.34.54:34658, dd9a91c5-5c4b-4478-b7f7-3956f198c950:192.168.34.54:35600, 14879765-9127-45ba-89de-04712631aaf6:192.168.34.54:41705], old=null, confs=<EMPTY_MAP>
2019-08-29 08:18:26,089 [pool-93-thread-1] INFO  server.RaftServerConfigKeys (ConfUtils.java:logGet(43)) - raft.server.storage.dir = [/workdir/hadoop-ozone/integration-test/target/test-dir/MiniOzoneClusterImpl-ef39a000-56f8-499f-ba54-08500adcb141/datanode-6/data/ratis] (custom)
2019-08-29 08:18:26,090 [pool-93-thread-1] INFO  storage.RaftStorageDirectory (RaftStorageDirectory.java:analyzeStorage(246)) - The storage directory /workdir/hadoop-ozone/integration-test/target/test-dir/MiniOzoneClusterImpl-ef39a000-56f8-499f-ba54-08500adcb141/datanode-6/data/ratis/043a73a7-82f3-46b7-81e3-fda797314c32 does not exist. Creating ...
2019-08-29 08:18:26,090 [pool-60-thread-1] INFO  impl.RaftServerImpl (RaftServerImpl.java:<init>(93)) - dd9a91c5-5c4b-4478-b7f7-3956f198c950: new RaftServerImpl for group-63A8D25A6702:[9b2222ce-dbb0-4da1-b31a-a52ba00795b8:192.168.34.54:34658, dd9a91c5-5c4b-4478-b7f7-3956f198c950:192.168.34.54:35600, 14879765-9127-45ba-89de-04712631aaf6:192.168.34.54:41705] with ContainerStateMachine:uninitialized
2019-08-29 08:18:26,090 [pool-60-thread-1] INFO  server.RaftServerConfigKeys (ConfUtils.java:logGet(43)) - raft.server.rpc.timeout.min = 5s (custom)
2019-08-29 08:18:26,090 | INFO  | SCMAudit | user=jenkins1000 | ip=192.168.34.54 | op=SEND_HEARTBEAT {datanodeUUID=84674177-5820-4a0b-9345-463c27e4b0c8, command=[]} | ret=SUCCESS |  
2019-08-29 08:18:26,090 [pool-60-thread-1] INFO  server.RaftServerConfigKeys (ConfUtils.java:logGet(43)) - raft.server.rpc.timeout.max = 5200ms (custom)
2019-08-29 08:18:26,090 [pool-49-thread-1] INFO  impl.RaftServerImpl (RaftServerImpl.java:<init>(93)) - 14879765-9127-45ba-89de-04712631aaf6: new RaftServerImpl for group-63A8D25A6702:[9b2222ce-dbb0-4da1-b31a-a52ba00795b8:192.168.34.54:34658, dd9a91c5-5c4b-4478-b7f7-3956f198c950:192.168.34.54:35600, 14879765-9127-45ba-89de-04712631aaf6:192.168.34.54:41705] with ContainerStateMachine:uninitialized
2019-08-29 08:18:26,090 [pool-60-thread-1] INFO  server.RaftServerConfigKeys (ConfUtils.java:logGet(43)) - raft.server.rpcslowness.timeout = 120s (custom)
2019-08-29 08:18:26,090 [pool-49-thread-1] INFO  server.RaftServerConfigKeys (ConfUtils.java:logGet(43)) - raft.server.rpc.timeout.min = 5s (custom)
2019-08-29 08:18:26,090 [pool-60-thread-1] INFO  server.RaftServerConfigKeys (ConfUtils.java:logGet(43)) - raft.server.sleep.deviation.threshold = 300 (default)
2019-08-29 08:18:26,090 [pool-49-thread-1] INFO  server.RaftServerConfigKeys (ConfUtils.java:logGet(43)) - raft.server.rpc.timeout.max = 5200ms (custom)
2019-08-29 08:18:26,091 [pool-60-thread-1] INFO  server.RaftServerConfigKeys (ConfUtils.java:logGet(43)) - raft.server.log.appender.install.snapshot.enabled = false (custom)
2019-08-29 08:18:26,091 [pool-49-thread-1] INFO  server.RaftServerConfigKeys (ConfUtils.java:logGet(43)) - raft.server.rpcslowness.timeout = 120s (custom)
2019-08-29 08:18:26,091 [pool-60-thread-1] INFO  impl.RaftServerImpl (ServerState.java:<init>(105)) - dd9a91c5-5c4b-4478-b7f7-3956f198c950:group-63A8D25A6702 ConfigurationManager, init=-1: [9b2222ce-dbb0-4da1-b31a-a52ba00795b8:192.168.34.54:34658, dd9a91c5-5c4b-4478-b7f7-3956f198c950:192.168.34.54:35600, 14879765-9127-45ba-89de-04712631aaf6:192.168.34.54:41705], old=null, confs=<EMPTY_MAP>
2019-08-29 08:18:26,091 [pool-49-thread-1] INFO  server.RaftServerConfigKeys (ConfUtils.java:logGet(43)) - raft.server.sleep.deviation.threshold = 300 (default)
2019-08-29 08:18:26,091 [pool-49-thread-1] INFO  server.RaftServerConfigKeys (ConfUtils.java:logGet(43)) - raft.server.log.appender.install.snapshot.enabled = false (custom)
2019-08-29 08:18:26,091 [pool-60-thread-1] INFO  server.RaftServerConfigKeys (ConfUtils.java:logGet(43)) - raft.server.storage.dir = [/workdir/hadoop-ozone/integration-test/target/test-dir/MiniOzoneClusterImpl-ef39a000-56f8-499f-ba54-08500adcb141/datanode-3/data/ratis] (custom)
2019-08-29 08:18:26,091 [pool-49-thread-1] INFO  impl.RaftServerImpl (ServerState.java:<init>(105)) - 14879765-9127-45ba-89de-04712631aaf6:group-63A8D25A6702 ConfigurationManager, init=-1: [9b2222ce-dbb0-4da1-b31a-a52ba00795b8:192.168.34.54:34658, dd9a91c5-5c4b-4478-b7f7-3956f198c950:192.168.34.54:35600, 14879765-9127-45ba-89de-04712631aaf6:192.168.34.54:41705], old=null, confs=<EMPTY_MAP>
2019-08-29 08:18:26,091 [pool-49-thread-1] INFO  server.RaftServerConfigKeys (ConfUtils.java:logGet(43)) - raft.server.storage.dir = [/workdir/hadoop-ozone/integration-test/target/test-dir/MiniOzoneClusterImpl-ef39a000-56f8-499f-ba54-08500adcb141/datanode-2/data/ratis] (custom)
2019-08-29 08:18:26,092 [pool-60-thread-1] INFO  storage.RaftStorageDirectory (RaftStorageDirectory.java:analyzeStorage(246)) - The storage directory /workdir/hadoop-ozone/integration-test/target/test-dir/MiniOzoneClusterImpl-ef39a000-56f8-499f-ba54-08500adcb141/datanode-3/data/ratis/8be6b5cd-caec-46e7-8fd3-63a8d25a6702 does not exist. Creating ...
2019-08-29 08:18:26,092 [pool-49-thread-1] INFO  storage.RaftStorageDirectory (RaftStorageDirectory.java:analyzeStorage(246)) - The storage directory /workdir/hadoop-ozone/integration-test/target/test-dir/MiniOzoneClusterImpl-ef39a000-56f8-499f-ba54-08500adcb141/datanode-2/data/ratis/8be6b5cd-caec-46e7-8fd3-63a8d25a6702 does not exist. Creating ...
2019-08-29 08:18:26,122 | INFO  | SCMAudit | user=jenkins1000 | ip=192.168.34.54 | op=SEND_HEARTBEAT {datanodeUUID=62fbaf2b-c9dd-41a4-90d2-fdfdf099a3b1, command=[]} | ret=SUCCESS |  
2019-08-29 08:18:26,149 [pool-49-thread-1] INFO  storage.RaftStorageDirectory (RaftStorageDirectory.java:tryLock(328)) - Lock on /workdir/hadoop-ozone/integration-test/target/test-dir/MiniOzoneClusterImpl-ef39a000-56f8-499f-ba54-08500adcb141/datanode-2/data/ratis/8be6b5cd-caec-46e7-8fd3-63a8d25a6702/in_use.lock acquired by nodename 28333@pr-hdds-1553-zhl8q-89899572
2019-08-29 08:18:26,150 [pool-60-thread-1] INFO  storage.RaftStorageDirectory (RaftStorageDirectory.java:tryLock(328)) - Lock on /workdir/hadoop-ozone/integration-test/target/test-dir/MiniOzoneClusterImpl-ef39a000-56f8-499f-ba54-08500adcb141/datanode-3/data/ratis/8be6b5cd-caec-46e7-8fd3-63a8d25a6702/in_use.lock acquired by nodename 28333@pr-hdds-1553-zhl8q-89899572
2019-08-29 08:18:26,149 [pool-93-thread-1] INFO  storage.RaftStorageDirectory (RaftStorageDirectory.java:tryLock(328)) - Lock on /workdir/hadoop-ozone/integration-test/target/test-dir/MiniOzoneClusterImpl-ef39a000-56f8-499f-ba54-08500adcb141/datanode-6/data/ratis/043a73a7-82f3-46b7-81e3-fda797314c32/in_use.lock acquired by nodename 28333@pr-hdds-1553-zhl8q-89899572
2019-08-29 08:18:26,154 [pool-49-thread-1] INFO  storage.RaftStorage (RaftStorage.java:format(72)) - Storage directory /workdir/hadoop-ozone/integration-test/target/test-dir/MiniOzoneClusterImpl-ef39a000-56f8-499f-ba54-08500adcb141/datanode-2/data/ratis/8be6b5cd-caec-46e7-8fd3-63a8d25a6702 has been successfully formatted.
2019-08-29 08:18:26,154 [pool-60-thread-1] INFO  storage.RaftStorage (RaftStorage.java:format(72)) - Storage directory /workdir/hadoop-ozone/integration-test/target/test-dir/MiniOzoneClusterImpl-ef39a000-56f8-499f-ba54-08500adcb141/datanode-3/data/ratis/8be6b5cd-caec-46e7-8fd3-63a8d25a6702 has been successfully formatted.
2019-08-29 08:18:26,154 [pool-93-thread-1] INFO  storage.RaftStorage (RaftStorage.java:format(72)) - Storage directory /workdir/hadoop-ozone/integration-test/target/test-dir/MiniOzoneClusterImpl-ef39a000-56f8-499f-ba54-08500adcb141/datanode-6/data/ratis/043a73a7-82f3-46b7-81e3-fda797314c32 has been successfully formatted.
2019-08-29 08:18:26,155 [pool-60-thread-1] INFO  ratis.ContainerStateMachine (ContainerStateMachine.java:loadSnapshot(226)) - group-63A8D25A6702: The snapshot info is null. Setting the last applied indexto:(t:0, i:~)
2019-08-29 08:18:26,154 [pool-49-thread-1] INFO  ratis.ContainerStateMachine (ContainerStateMachine.java:loadSnapshot(226)) - group-63A8D25A6702: The snapshot info is null. Setting the last applied indexto:(t:0, i:~)
2019-08-29 08:18:26,155 [pool-60-thread-1] INFO  server.RaftServerConfigKeys (ConfUtils.java:logGet(43)) - raft.server.leader.election.timeout = 120s (custom)
2019-08-29 08:18:26,155 [pool-93-thread-1] INFO  ratis.ContainerStateMachine (ContainerStateMachine.java:loadSnapshot(226)) - group-FDA797314C32: The snapshot info is null. Setting the last applied indexto:(t:0, i:~)
2019-08-29 08:18:26,155 [pool-60-thread-1] INFO  server.RaftServerConfigKeys (ConfUtils.java:logGet(43)) - raft.server.log.use.memory = false (default)
2019-08-29 08:18:26,155 [pool-49-thread-1] INFO  server.RaftServerConfigKeys (ConfUtils.java:logGet(43)) - raft.server.leader.election.timeout = 120s (custom)
2019-08-29 08:18:26,156 [pool-60-thread-1] INFO  server.RaftServerConfigKeys (ConfUtils.java:logGet(43)) - raft.server.log.purge.gap = 1000000 (custom)
2019-08-29 08:18:26,155 [pool-93-thread-1] INFO  server.RaftServerConfigKeys (ConfUtils.java:logGet(43)) - raft.server.leader.election.timeout = 120s (custom)
2019-08-29 08:18:26,156 [pool-60-thread-1] INFO  server.RaftServerConfigKeys (ConfUtils.java:logGet(43)) - raft.server.log.appender.buffer.byte-limit = 33554432 (custom)
2019-08-29 08:18:26,156 [pool-49-thread-1] INFO  server.RaftServerConfigKeys (ConfUtils.java:logGet(43)) - raft.server.log.use.memory = false (default)
2019-08-29 08:18:26,156 [pool-60-thread-1] INFO  server.RaftServerConfigKeys (ConfUtils.java:logGet(43)) - raft.server.log.segment.size.max = 1048576 (custom)
2019-08-29 08:18:26,156 [pool-93-thread-1] INFO  server.RaftServerConfigKeys (ConfUtils.java:logGet(43)) - raft.server.log.use.memory = false (default)
2019-08-29 08:18:26,156 [pool-60-thread-1] INFO  server.RaftServerConfigKeys (ConfUtils.java:logGet(43)) - raft.server.log.segment.cache.num.max = 2 (custom)
2019-08-29 08:18:26,156 [pool-49-thread-1] INFO  server.RaftServerConfigKeys (ConfUtils.java:logGet(43)) - raft.server.log.purge.gap = 1000000 (custom)
2019-08-29 08:18:26,157 [pool-60-thread-1] INFO  segmented.SegmentedRaftLogWorker (SegmentedRaftLogWorker.java:<init>(172)) - new dd9a91c5-5c4b-4478-b7f7-3956f198c950-SegmentedRaftLogWorker:Storage Directory /workdir/hadoop-ozone/integration-test/target/test-dir/MiniOzoneClusterImpl-ef39a000-56f8-499f-ba54-08500adcb141/datanode-3/data/ratis/8be6b5cd-caec-46e7-8fd3-63a8d25a6702 for RaftStorage:Storage Directory /workdir/hadoop-ozone/integration-test/target/test-dir/MiniOzoneClusterImpl-ef39a000-56f8-499f-ba54-08500adcb141/datanode-3/data/ratis/8be6b5cd-caec-46e7-8fd3-63a8d25a6702
2019-08-29 08:18:26,156 [pool-93-thread-1] INFO  server.RaftServerConfigKeys (ConfUtils.java:logGet(43)) - raft.server.log.purge.gap = 1000000 (custom)
2019-08-29 08:18:26,157 [pool-60-thread-1] INFO  server.RaftServerConfigKeys (ConfUtils.java:logGet(43)) - raft.server.log.queue.byte-limit = 2147483647 (custom)
2019-08-29 08:18:26,157 [pool-49-thread-1] INFO  server.RaftServerConfigKeys (ConfUtils.java:logGet(43)) - raft.server.log.appender.buffer.byte-limit = 33554432 (custom)
2019-08-29 08:18:26,157 [pool-60-thread-1] INFO  server.RaftServerConfigKeys (ConfUtils.java:logGet(43)) - raft.server.log.queue.element-limit = 1024 (custom)
2019-08-29 08:18:26,157 [pool-93-thread-1] INFO  server.RaftServerConfigKeys (ConfUtils.java:logGet(43)) - raft.server.log.appender.buffer.byte-limit = 33554432 (custom)
2019-08-29 08:18:26,157 [pool-60-thread-1] INFO  server.RaftServerConfigKeys (ConfUtils.java:logGet(43)) - raft.server.log.segment.size.max = 1048576 (custom)
2019-08-29 08:18:26,157 [pool-49-thread-1] INFO  server.RaftServerConfigKeys (ConfUtils.java:logGet(43)) - raft.server.log.segment.size.max = 1048576 (custom)
2019-08-29 08:18:26,158 [pool-60-thread-1] INFO  server.RaftServerConfigKeys (ConfUtils.java:logGet(43)) - raft.server.log.preallocated.size = 16384 (custom)
2019-08-29 08:18:26,158 [pool-93-thread-1] INFO  server.RaftServerConfigKeys (ConfUtils.java:logGet(43)) - raft.server.log.segment.size.max = 1048576 (custom)
2019-08-29 08:18:26,158 [pool-60-thread-1] INFO  server.RaftServerConfigKeys (ConfUtils.java:logGet(43)) - raft.server.log.write.buffer.size = 33554432 (custom)
2019-08-29 08:18:26,158 [pool-49-thread-1] INFO  server.RaftServerConfigKeys (ConfUtils.java:logGet(43)) - raft.server.log.segment.cache.num.max = 2 (custom)
2019-08-29 08:18:26,158 [pool-60-thread-1] INFO  server.RaftServerConfigKeys (ConfUtils.java:logGet(43)) - raft.server.log.force.sync.num = 128 (default)
2019-08-29 08:18:26,158 [pool-93-thread-1] INFO  server.RaftServerConfigKeys (ConfUtils.java:logGet(43)) - raft.server.log.segment.cache.num.max = 2 (custom)
2019-08-29 08:18:26,159 [pool-60-thread-1] INFO  server.RaftServerConfigKeys (ConfUtils.java:logGet(43)) - raft.server.log.statemachine.data.sync = true (default)
2019-08-29 08:18:26,158 [pool-49-thread-1] INFO  segmented.SegmentedRaftLogWorker (SegmentedRaftLogWorker.java:<init>(172)) - new 14879765-9127-45ba-89de-04712631aaf6-SegmentedRaftLogWorker:Storage Directory /workdir/hadoop-ozone/integration-test/target/test-dir/MiniOzoneClusterImpl-ef39a000-56f8-499f-ba54-08500adcb141/datanode-2/data/ratis/8be6b5cd-caec-46e7-8fd3-63a8d25a6702 for RaftStorage:Storage Directory /workdir/hadoop-ozone/integration-test/target/test-dir/MiniOzoneClusterImpl-ef39a000-56f8-499f-ba54-08500adcb141/datanode-2/data/ratis/8be6b5cd-caec-46e7-8fd3-63a8d25a6702
2019-08-29 08:18:26,159 [pool-60-thread-1] INFO  server.RaftServerConfigKeys (ConfUtils.java:logGet(43)) - raft.server.log.statemachine.data.sync.timeout = 10s (default)
2019-08-29 08:18:26,159 [pool-93-thread-1] INFO  segmented.SegmentedRaftLogWorker (SegmentedRaftLogWorker.java:<init>(172)) - new 9b2222ce-dbb0-4da1-b31a-a52ba00795b8-SegmentedRaftLogWorker:Storage Directory /workdir/hadoop-ozone/integration-test/target/test-dir/MiniOzoneClusterImpl-ef39a000-56f8-499f-ba54-08500adcb141/datanode-6/data/ratis/043a73a7-82f3-46b7-81e3-fda797314c32 for RaftStorage:Storage Directory /workdir/hadoop-ozone/integration-test/target/test-dir/MiniOzoneClusterImpl-ef39a000-56f8-499f-ba54-08500adcb141/datanode-6/data/ratis/043a73a7-82f3-46b7-81e3-fda797314c32
2019-08-29 08:18:26,159 [pool-60-thread-1] INFO  server.RaftServerConfigKeys (ConfUtils.java:logGet(43)) - raft.server.log.statemachine.data.sync.timeout.retry = -1 (default)
2019-08-29 08:18:26,159 [pool-49-thread-1] INFO  server.RaftServerConfigKeys (ConfUtils.java:logGet(43)) - raft.server.log.queue.byte-limit = 2147483647 (custom)
2019-08-29 08:18:26,160 [pool-60-thread-1] INFO  server.RaftServerConfigKeys (ConfUtils.java:logGet(43)) - raft.server.log.statemachine.data.caching.enabled = true (custom)
2019-08-29 08:18:26,159 [pool-93-thread-1] INFO  server.RaftServerConfigKeys (ConfUtils.java:logGet(43)) - raft.server.log.queue.byte-limit = 2147483647 (custom)
2019-08-29 08:18:26,160 [pool-49-thread-1] INFO  server.RaftServerConfigKeys (ConfUtils.java:logGet(43)) - raft.server.log.queue.element-limit = 1024 (custom)
2019-08-29 08:18:26,160 [pool-60-thread-1] INFO  segmented.SegmentedRaftLogWorker (SegmentedRaftLogWorker.java:lambda$new$0(132)) - dd9a91c5-5c4b-4478-b7f7-3956f198c950-SegmentedRaftLogWorker:Storage Directory /workdir/hadoop-ozone/integration-test/target/test-dir/MiniOzoneClusterImpl-ef39a000-56f8-499f-ba54-08500adcb141/datanode-3/data/ratis/8be6b5cd-caec-46e7-8fd3-63a8d25a6702: flushIndex: setUnconditionally 0 -> -1
2019-08-29 08:18:26,160 [pool-93-thread-1] INFO  server.RaftServerConfigKeys (ConfUtils.java:logGet(43)) - raft.server.log.queue.element-limit = 1024 (custom)
2019-08-29 08:18:26,160 [pool-49-thread-1] INFO  server.RaftServerConfigKeys (ConfUtils.java:logGet(43)) - raft.server.log.segment.size.max = 1048576 (custom)
2019-08-29 08:18:26,161 [pool-93-thread-1] INFO  server.RaftServerConfigKeys (ConfUtils.java:logGet(43)) - raft.server.log.segment.size.max = 1048576 (custom)
2019-08-29 08:18:26,161 [pool-60-thread-1] INFO  server.RaftServerConfigKeys (ConfUtils.java:logGet(43)) - raft.server.snapshot.auto.trigger.enabled = true (custom)
2019-08-29 08:18:26,161 [pool-93-thread-1] INFO  server.RaftServerConfigKeys (ConfUtils.java:logGet(43)) - raft.server.log.preallocated.size = 16384 (custom)
2019-08-29 08:18:26,161 [pool-49-thread-1] INFO  server.RaftServerConfigKeys (ConfUtils.java:logGet(43)) - raft.server.log.preallocated.size = 16384 (custom)
2019-08-29 08:18:26,161 [pool-93-thread-1] INFO  server.RaftServerConfigKeys (ConfUtils.java:logGet(43)) - raft.server.log.write.buffer.size = 33554432 (custom)
2019-08-29 08:18:26,161 [pool-60-thread-1] INFO  server.RaftServerConfigKeys (ConfUtils.java:logGet(43)) - raft.server.snapshot.auto.trigger.threshold = 10000 (custom)
2019-08-29 08:18:26,161 [pool-93-thread-1] INFO  server.RaftServerConfigKeys (ConfUtils.java:logGet(43)) - raft.server.log.force.sync.num = 128 (default)
2019-08-29 08:18:26,161 [pool-49-thread-1] INFO  server.RaftServerConfigKeys (ConfUtils.java:logGet(43)) - raft.server.log.write.buffer.size = 33554432 (custom)
2019-08-29 08:18:26,162 [pool-93-thread-1] INFO  server.RaftServerConfigKeys (ConfUtils.java:logGet(43)) - raft.server.log.statemachine.data.sync = true (default)
2019-08-29 08:18:26,162 [pool-60-thread-1] INFO  server.RaftServerConfigKeys (ConfUtils.java:logGet(43)) - raft.server.retrycache.expirytime = 600000ms (custom)
2019-08-29 08:18:26,162 [pool-93-thread-1] INFO  server.RaftServerConfigKeys (ConfUtils.java:logGet(43)) - raft.server.log.statemachine.data.sync.timeout = 10s (default)
2019-08-29 08:18:26,162 [pool-49-thread-1] INFO  server.RaftServerConfigKeys (ConfUtils.java:logGet(43)) - raft.server.log.force.sync.num = 128 (default)
2019-08-29 08:18:26,162 [pool-93-thread-1] INFO  server.RaftServerConfigKeys (ConfUtils.java:logGet(43)) - raft.server.log.statemachine.data.sync.timeout.retry = -1 (default)
2019-08-29 08:18:26,162 [pool-60-thread-1] INFO  impl.RaftServerImpl (RaftServerImpl.java:start(180)) - dd9a91c5-5c4b-4478-b7f7-3956f198c950: start group-F4E1730B74EE
2019-08-29 08:18:26,163 [pool-93-thread-1] INFO  server.RaftServerConfigKeys (ConfUtils.java:logGet(43)) - raft.server.log.statemachine.data.caching.enabled = true (custom)
2019-08-29 08:18:26,162 [pool-49-thread-1] INFO  server.RaftServerConfigKeys (ConfUtils.java:logGet(43)) - raft.server.log.statemachine.data.sync = true (default)
2019-08-29 08:18:26,163 [pool-60-thread-1] INFO  impl.RaftServerImpl (RaftServerImpl.java:setRole(171)) - dd9a91c5-5c4b-4478-b7f7-3956f198c950:group-F4E1730B74EE changes role from null to FOLLOWER at term 0 for startAsFollower
2019-08-29 08:18:26,163 [pool-93-thread-1] INFO  segmented.SegmentedRaftLogWorker (SegmentedRaftLogWorker.java:lambda$new$0(132)) - 9b2222ce-dbb0-4da1-b31a-a52ba00795b8-SegmentedRaftLogWorker:Storage Directory /workdir/hadoop-ozone/integration-test/target/test-dir/MiniOzoneClusterImpl-ef39a000-56f8-499f-ba54-08500adcb141/datanode-6/data/ratis/043a73a7-82f3-46b7-81e3-fda797314c32: flushIndex: setUnconditionally 0 -> -1
2019-08-29 08:18:26,163 [pool-49-thread-1] INFO  server.RaftServerConfigKeys (ConfUtils.java:logGet(43)) - raft.server.log.statemachine.data.sync.timeout = 10s (default)
2019-08-29 08:18:26,163 [pool-60-thread-1] INFO  impl.RoleInfo (RoleInfo.java:updateAndGet(143)) - dd9a91c5-5c4b-4478-b7f7-3956f198c950: start FollowerState
2019-08-29 08:18:26,163 [pool-93-thread-1] INFO  server.RaftServerConfigKeys (ConfUtils.java:logGet(43)) - raft.server.snapshot.auto.trigger.enabled = true (custom)
2019-08-29 08:18:26,163 [pool-49-thread-1] INFO  server.RaftServerConfigKeys (ConfUtils.java:logGet(43)) - raft.server.log.statemachine.data.sync.timeout.retry = -1 (default)
2019-08-29 08:18:26,164 [pool-93-thread-1] INFO  server.RaftServerConfigKeys (ConfUtils.java:logGet(43)) - raft.server.snapshot.auto.trigger.threshold = 10000 (custom)
2019-08-29 08:18:26,164 [pool-49-thread-1] INFO  server.RaftServerConfigKeys (ConfUtils.java:logGet(43)) - raft.server.log.statemachine.data.caching.enabled = true (custom)
2019-08-29 08:18:26,164 [pool-93-thread-1] INFO  server.RaftServerConfigKeys (ConfUtils.java:logGet(43)) - raft.server.retrycache.expirytime = 600000ms (custom)
2019-08-29 08:18:26,164 [pool-60-thread-1] INFO  util.JmxRegister (JmxRegister.java:tryRegister(44)) - Successfully registered JMX Bean with object name Ratis:service=RaftServer,group=group-F4E1730B74EE,id=dd9a91c5-5c4b-4478-b7f7-3956f198c950
2019-08-29 08:18:26,164 [pool-49-thread-1] INFO  segmented.SegmentedRaftLogWorker (SegmentedRaftLogWorker.java:lambda$new$0(132)) - 14879765-9127-45ba-89de-04712631aaf6-SegmentedRaftLogWorker:Storage Directory /workdir/hadoop-ozone/integration-test/target/test-dir/MiniOzoneClusterImpl-ef39a000-56f8-499f-ba54-08500adcb141/datanode-2/data/ratis/8be6b5cd-caec-46e7-8fd3-63a8d25a6702: flushIndex: setUnconditionally 0 -> -1
2019-08-29 08:18:26,165 [pool-49-thread-1] INFO  server.RaftServerConfigKeys (ConfUtils.java:logGet(43)) - raft.server.snapshot.auto.trigger.enabled = true (custom)
2019-08-29 08:18:26,165 [pool-49-thread-1] INFO  server.RaftServerConfigKeys (ConfUtils.java:logGet(43)) - raft.server.snapshot.auto.trigger.threshold = 10000 (custom)
2019-08-29 08:18:26,165 [pool-49-thread-1] INFO  server.RaftServerConfigKeys (ConfUtils.java:logGet(43)) - raft.server.retrycache.expirytime = 600000ms (custom)
2019-08-29 08:18:26,165 [pool-49-thread-1] INFO  impl.RaftServerImpl (RaftServerImpl.java:start(180)) - 14879765-9127-45ba-89de-04712631aaf6: start group-F4E1730B74EE
2019-08-29 08:18:26,165 [pool-49-thread-1] INFO  impl.RaftServerImpl (RaftServerImpl.java:setRole(171)) - 14879765-9127-45ba-89de-04712631aaf6:group-F4E1730B74EE changes role from null to FOLLOWER at term 0 for startAsFollower
2019-08-29 08:18:26,165 [pool-49-thread-1] INFO  impl.RoleInfo (RoleInfo.java:updateAndGet(143)) - 14879765-9127-45ba-89de-04712631aaf6: start FollowerState
2019-08-29 08:18:26,165 [pool-49-thread-1] INFO  util.JmxRegister (JmxRegister.java:tryRegister(44)) - Successfully registered JMX Bean with object name Ratis:service=RaftServer,group=group-F4E1730B74EE,id=14879765-9127-45ba-89de-04712631aaf6
2019-08-29 08:18:26,166 [pool-93-thread-1] INFO  impl.RaftServerImpl (RaftServerImpl.java:<init>(93)) - 9b2222ce-dbb0-4da1-b31a-a52ba00795b8: new RaftServerImpl for group-63A8D25A6702:[9b2222ce-dbb0-4da1-b31a-a52ba00795b8:192.168.34.54:34658, dd9a91c5-5c4b-4478-b7f7-3956f198c950:192.168.34.54:35600, 14879765-9127-45ba-89de-04712631aaf6:192.168.34.54:41705] with ContainerStateMachine:uninitialized
2019-08-29 08:18:26,166 [pool-93-thread-1] INFO  server.RaftServerConfigKeys (ConfUtils.java:logGet(43)) - raft.server.rpc.timeout.min = 5s (custom)
2019-08-29 08:18:26,167 [pool-93-thread-1] INFO  server.RaftServerConfigKeys (ConfUtils.java:logGet(43)) - raft.server.rpc.timeout.max = 5200ms (custom)
2019-08-29 08:18:26,167 [pool-49-thread-1] INFO  impl.RaftServerImpl (RaftServerImpl.java:<init>(93)) - 14879765-9127-45ba-89de-04712631aaf6: new RaftServerImpl for group-513F57D2E45B:[9b2222ce-dbb0-4da1-b31a-a52ba00795b8:192.168.34.54:34658, dd9a91c5-5c4b-4478-b7f7-3956f198c950:192.168.34.54:35600, 14879765-9127-45ba-89de-04712631aaf6:192.168.34.54:41705] with ContainerStateMachine:uninitialized
2019-08-29 08:18:26,167 [pool-93-thread-1] INFO  server.RaftServerConfigKeys (ConfUtils.java:logGet(43)) - raft.server.rpcslowness.timeout = 120s (custom)
2019-08-29 08:18:26,167 [pool-49-thread-1] INFO  server.RaftServerConfigKeys (ConfUtils.java:logGet(43)) - raft.server.rpc.timeout.min = 5s (custom)
2019-08-29 08:18:26,167 [pool-93-thread-1] INFO  server.RaftServerConfigKeys (ConfUtils.java:logGet(43)) - raft.server.sleep.deviation.threshold = 300 (default)
2019-08-29 08:18:26,167 [pool-49-thread-1] INFO  server.RaftServerConfigKeys (ConfUtils.java:logGet(43)) - raft.server.rpc.timeout.max = 5200ms (custom)
2019-08-29 08:18:26,167 [pool-93-thread-1] INFO  server.RaftServerConfigKeys (ConfUtils.java:logGet(43)) - raft.server.log.appender.install.snapshot.enabled = false (custom)
2019-08-29 08:18:26,167 [pool-49-thread-1] INFO  server.RaftServerConfigKeys (ConfUtils.java:logGet(43)) - raft.server.rpcslowness.timeout = 120s (custom)
2019-08-29 08:18:26,168 [pool-93-thread-1] INFO  impl.RaftServerImpl (ServerState.java:<init>(105)) - 9b2222ce-dbb0-4da1-b31a-a52ba00795b8:group-63A8D25A6702 ConfigurationManager, init=-1: [9b2222ce-dbb0-4da1-b31a-a52ba00795b8:192.168.34.54:34658, dd9a91c5-5c4b-4478-b7f7-3956f198c950:192.168.34.54:35600, 14879765-9127-45ba-89de-04712631aaf6:192.168.34.54:41705], old=null, confs=<EMPTY_MAP>
2019-08-29 08:18:26,168 [pool-49-thread-1] INFO  server.RaftServerConfigKeys (ConfUtils.java:logGet(43)) - raft.server.sleep.deviation.threshold = 300 (default)
2019-08-29 08:18:26,168 [pool-60-thread-1] INFO  impl.RaftServerImpl (RaftServerImpl.java:<init>(93)) - dd9a91c5-5c4b-4478-b7f7-3956f198c950: new RaftServerImpl for group-513F57D2E45B:[9b2222ce-dbb0-4da1-b31a-a52ba00795b8:192.168.34.54:34658, dd9a91c5-5c4b-4478-b7f7-3956f198c950:192.168.34.54:35600, 14879765-9127-45ba-89de-04712631aaf6:192.168.34.54:41705] with ContainerStateMachine:uninitialized
2019-08-29 08:18:26,168 [pool-93-thread-1] INFO  server.RaftServerConfigKeys (ConfUtils.java:logGet(43)) - raft.server.storage.dir = [/workdir/hadoop-ozone/integration-test/target/test-dir/MiniOzoneClusterImpl-ef39a000-56f8-499f-ba54-08500adcb141/datanode-6/data/ratis] (custom)
2019-08-29 08:18:26,168 [pool-49-thread-1] INFO  server.RaftServerConfigKeys (ConfUtils.java:logGet(43)) - raft.server.log.appender.install.snapshot.enabled = false (custom)
2019-08-29 08:18:26,168 [pool-60-thread-1] INFO  server.RaftServerConfigKeys (ConfUtils.java:logGet(43)) - raft.server.rpc.timeout.min = 5s (custom)
2019-08-29 08:18:26,168 [pool-49-thread-1] INFO  impl.RaftServerImpl (ServerState.java:<init>(105)) - 14879765-9127-45ba-89de-04712631aaf6:group-513F57D2E45B ConfigurationManager, init=-1: [9b2222ce-dbb0-4da1-b31a-a52ba00795b8:192.168.34.54:34658, dd9a91c5-5c4b-4478-b7f7-3956f198c950:192.168.34.54:35600, 14879765-9127-45ba-89de-04712631aaf6:192.168.34.54:41705], old=null, confs=<EMPTY_MAP>
2019-08-29 08:18:26,168 [pool-60-thread-1] INFO  server.RaftServerConfigKeys (ConfUtils.java:logGet(43)) - raft.server.rpc.timeout.max = 5200ms (custom)
2019-08-29 08:18:26,168 [pool-93-thread-1] INFO  storage.RaftStorageDirectory (RaftStorageDirectory.java:analyzeStorage(246)) - The storage directory /workdir/hadoop-ozone/integration-test/target/test-dir/MiniOzoneClusterImpl-ef39a000-56f8-499f-ba54-08500adcb141/datanode-6/data/ratis/8be6b5cd-caec-46e7-8fd3-63a8d25a6702 does not exist. Creating ...
2019-08-29 08:18:26,168 [pool-49-thread-1] INFO  server.RaftServerConfigKeys (ConfUtils.java:logGet(43)) - raft.server.storage.dir = [/workdir/hadoop-ozone/integration-test/target/test-dir/MiniOzoneClusterImpl-ef39a000-56f8-499f-ba54-08500adcb141/datanode-2/data/ratis] (custom)
2019-08-29 08:18:26,168 [pool-60-thread-1] INFO  server.RaftServerConfigKeys (ConfUtils.java:logGet(43)) - raft.server.rpcslowness.timeout = 120s (custom)
2019-08-29 08:18:26,169 [pool-60-thread-1] INFO  server.RaftServerConfigKeys (ConfUtils.java:logGet(43)) - raft.server.sleep.deviation.threshold = 300 (default)
2019-08-29 08:18:26,169 [pool-49-thread-1] INFO  storage.RaftStorageDirectory (RaftStorageDirectory.java:analyzeStorage(246)) - The storage directory /workdir/hadoop-ozone/integration-test/target/test-dir/MiniOzoneClusterImpl-ef39a000-56f8-499f-ba54-08500adcb141/datanode-2/data/ratis/be06f9d0-37f4-4af4-a831-513f57d2e45b does not exist. Creating ...
2019-08-29 08:18:26,169 [pool-60-thread-1] INFO  server.RaftServerConfigKeys (ConfUtils.java:logGet(43)) - raft.server.log.appender.install.snapshot.enabled = false (custom)
2019-08-29 08:18:26,169 [pool-60-thread-1] INFO  impl.RaftServerImpl (ServerState.java:<init>(105)) - dd9a91c5-5c4b-4478-b7f7-3956f198c950:group-513F57D2E45B ConfigurationManager, init=-1: [9b2222ce-dbb0-4da1-b31a-a52ba00795b8:192.168.34.54:34658, dd9a91c5-5c4b-4478-b7f7-3956f198c950:192.168.34.54:35600, 14879765-9127-45ba-89de-04712631aaf6:192.168.34.54:41705], old=null, confs=<EMPTY_MAP>
2019-08-29 08:18:26,169 [pool-60-thread-1] INFO  server.RaftServerConfigKeys (ConfUtils.java:logGet(43)) - raft.server.storage.dir = [/workdir/hadoop-ozone/integration-test/target/test-dir/MiniOzoneClusterImpl-ef39a000-56f8-499f-ba54-08500adcb141/datanode-3/data/ratis] (custom)
2019-08-29 08:18:26,170 [pool-60-thread-1] INFO  storage.RaftStorageDirectory (RaftStorageDirectory.java:analyzeStorage(246)) - The storage directory /workdir/hadoop-ozone/integration-test/target/test-dir/MiniOzoneClusterImpl-ef39a000-56f8-499f-ba54-08500adcb141/datanode-3/data/ratis/be06f9d0-37f4-4af4-a831-513f57d2e45b does not exist. Creating ...
2019-08-29 08:18:26,225 [pool-60-thread-1] INFO  storage.RaftStorageDirectory (RaftStorageDirectory.java:tryLock(328)) - Lock on /workdir/hadoop-ozone/integration-test/target/test-dir/MiniOzoneClusterImpl-ef39a000-56f8-499f-ba54-08500adcb141/datanode-3/data/ratis/be06f9d0-37f4-4af4-a831-513f57d2e45b/in_use.lock acquired by nodename 28333@pr-hdds-1553-zhl8q-89899572
2019-08-29 08:18:26,225 [pool-93-thread-1] INFO  storage.RaftStorageDirectory (RaftStorageDirectory.java:tryLock(328)) - Lock on /workdir/hadoop-ozone/integration-test/target/test-dir/MiniOzoneClusterImpl-ef39a000-56f8-499f-ba54-08500adcb141/datanode-6/data/ratis/8be6b5cd-caec-46e7-8fd3-63a8d25a6702/in_use.lock acquired by nodename 28333@pr-hdds-1553-zhl8q-89899572
2019-08-29 08:18:26,225 [pool-49-thread-1] INFO  storage.RaftStorageDirectory (RaftStorageDirectory.java:tryLock(328)) - Lock on /workdir/hadoop-ozone/integration-test/target/test-dir/MiniOzoneClusterImpl-ef39a000-56f8-499f-ba54-08500adcb141/datanode-2/data/ratis/be06f9d0-37f4-4af4-a831-513f57d2e45b/in_use.lock acquired by nodename 28333@pr-hdds-1553-zhl8q-89899572
2019-08-29 08:18:26,314 [pool-93-thread-1] INFO  storage.RaftStorage (RaftStorage.java:format(72)) - Storage directory /workdir/hadoop-ozone/integration-test/target/test-dir/MiniOzoneClusterImpl-ef39a000-56f8-499f-ba54-08500adcb141/datanode-6/data/ratis/8be6b5cd-caec-46e7-8fd3-63a8d25a6702 has been successfully formatted.
2019-08-29 08:18:26,314 [pool-49-thread-1] INFO  storage.RaftStorage (RaftStorage.java:format(72)) - Storage directory /workdir/hadoop-ozone/integration-test/target/test-dir/MiniOzoneClusterImpl-ef39a000-56f8-499f-ba54-08500adcb141/datanode-2/data/ratis/be06f9d0-37f4-4af4-a831-513f57d2e45b has been successfully formatted.
2019-08-29 08:18:26,314 [pool-93-thread-1] INFO  ratis.ContainerStateMachine (ContainerStateMachine.java:loadSnapshot(226)) - group-63A8D25A6702: The snapshot info is null. Setting the last applied indexto:(t:0, i:~)
2019-08-29 08:18:26,314 [pool-60-thread-1] INFO  storage.RaftStorage (RaftStorage.java:format(72)) - Storage directory /workdir/hadoop-ozone/integration-test/target/test-dir/MiniOzoneClusterImpl-ef39a000-56f8-499f-ba54-08500adcb141/datanode-3/data/ratis/be06f9d0-37f4-4af4-a831-513f57d2e45b has been successfully formatted.
2019-08-29 08:18:26,315 [pool-93-thread-1] INFO  server.RaftServerConfigKeys (ConfUtils.java:logGet(43)) - raft.server.leader.election.timeout = 120s (custom)
2019-08-29 08:18:26,315 [pool-49-thread-1] INFO  ratis.ContainerStateMachine (ContainerStateMachine.java:loadSnapshot(226)) - group-513F57D2E45B: The snapshot info is null. Setting the last applied indexto:(t:0, i:~)
2019-08-29 08:18:26,315 [pool-93-thread-1] INFO  server.RaftServerConfigKeys (ConfUtils.java:logGet(43)) - raft.server.log.use.memory = false (default)
2019-08-29 08:18:26,315 [pool-60-thread-1] INFO  ratis.ContainerStateMachine (ContainerStateMachine.java:loadSnapshot(226)) - group-513F57D2E45B: The snapshot info is null. Setting the last applied indexto:(t:0, i:~)
2019-08-29 08:18:26,315 [pool-93-thread-1] INFO  server.RaftServerConfigKeys (ConfUtils.java:logGet(43)) - raft.server.log.purge.gap = 1000000 (custom)
2019-08-29 08:18:26,315 [pool-49-thread-1] INFO  server.RaftServerConfigKeys (ConfUtils.java:logGet(43)) - raft.server.leader.election.timeout = 120s (custom)
2019-08-29 08:18:26,315 [pool-93-thread-1] INFO  server.RaftServerConfigKeys (ConfUtils.java:logGet(43)) - raft.server.log.appender.buffer.byte-limit = 33554432 (custom)
2019-08-29 08:18:26,315 [pool-60-thread-1] INFO  server.RaftServerConfigKeys (ConfUtils.java:logGet(43)) - raft.server.leader.election.timeout = 120s (custom)
2019-08-29 08:18:26,316 [pool-93-thread-1] INFO  server.RaftServerConfigKeys (ConfUtils.java:logGet(43)) - raft.server.log.segment.size.max = 1048576 (custom)
2019-08-29 08:18:26,315 [pool-49-thread-1] INFO  server.RaftServerConfigKeys (ConfUtils.java:logGet(43)) - raft.server.log.use.memory = false (default)
2019-08-29 08:18:26,316 [pool-93-thread-1] INFO  server.RaftServerConfigKeys (ConfUtils.java:logGet(43)) - raft.server.log.segment.cache.num.max = 2 (custom)
2019-08-29 08:18:26,316 [pool-60-thread-1] INFO  server.RaftServerConfigKeys (ConfUtils.java:logGet(43)) - raft.server.log.use.memory = false (default)
2019-08-29 08:18:26,316 [pool-93-thread-1] INFO  segmented.SegmentedRaftLogWorker (SegmentedRaftLogWorker.java:<init>(172)) - new 9b2222ce-dbb0-4da1-b31a-a52ba00795b8-SegmentedRaftLogWorker:Storage Directory /workdir/hadoop-ozone/integration-test/target/test-dir/MiniOzoneClusterImpl-ef39a000-56f8-499f-ba54-08500adcb141/datanode-6/data/ratis/8be6b5cd-caec-46e7-8fd3-63a8d25a6702 for RaftStorage:Storage Directory /workdir/hadoop-ozone/integration-test/target/test-dir/MiniOzoneClusterImpl-ef39a000-56f8-499f-ba54-08500adcb141/datanode-6/data/ratis/8be6b5cd-caec-46e7-8fd3-63a8d25a6702
2019-08-29 08:18:26,316 [pool-49-thread-1] INFO  server.RaftServerConfigKeys (ConfUtils.java:logGet(43)) - raft.server.log.purge.gap = 1000000 (custom)
2019-08-29 08:18:26,316 [pool-93-thread-1] INFO  server.RaftServerConfigKeys (ConfUtils.java:logGet(43)) - raft.server.log.queue.byte-limit = 2147483647 (custom)
2019-08-29 08:18:26,316 [pool-60-thread-1] INFO  server.RaftServerConfigKeys (ConfUtils.java:logGet(43)) - raft.server.log.purge.gap = 1000000 (custom)
2019-08-29 08:18:26,317 [pool-93-thread-1] INFO  server.RaftServerConfigKeys (ConfUtils.java:logGet(43)) - raft.server.log.queue.element-limit = 1024 (custom)
2019-08-29 08:18:26,317 [pool-49-thread-1] INFO  server.RaftServerConfigKeys (ConfUtils.java:logGet(43)) - raft.server.log.appender.buffer.byte-limit = 33554432 (custom)
2019-08-29 08:18:26,317 [pool-93-thread-1] INFO  server.RaftServerConfigKeys (ConfUtils.java:logGet(43)) - raft.server.log.segment.size.max = 1048576 (custom)
2019-08-29 08:18:26,317 [pool-60-thread-1] INFO  server.RaftServerConfigKeys (ConfUtils.java:logGet(43)) - raft.server.log.appender.buffer.byte-limit = 33554432 (custom)
2019-08-29 08:18:26,317 [pool-93-thread-1] INFO  server.RaftServerConfigKeys (ConfUtils.java:logGet(43)) - raft.server.log.preallocated.size = 16384 (custom)
2019-08-29 08:18:26,317 [pool-49-thread-1] INFO  server.RaftServerConfigKeys (ConfUtils.java:logGet(43)) - raft.server.log.segment.size.max = 1048576 (custom)
2019-08-29 08:18:26,317 [pool-93-thread-1] INFO  server.RaftServerConfigKeys (ConfUtils.java:logGet(43)) - raft.server.log.write.buffer.size = 33554432 (custom)
2019-08-29 08:18:26,317 [pool-60-thread-1] INFO  server.RaftServerConfigKeys (ConfUtils.java:logGet(43)) - raft.server.log.segment.size.max = 1048576 (custom)
2019-08-29 08:18:26,318 [pool-93-thread-1] INFO  server.RaftServerConfigKeys (ConfUtils.java:logGet(43)) - raft.server.log.force.sync.num = 128 (default)
2019-08-29 08:18:26,318 [pool-49-thread-1] INFO  server.RaftServerConfigKeys (ConfUtils.java:logGet(43)) - raft.server.log.segment.cache.num.max = 2 (custom)
2019-08-29 08:18:26,318 [pool-93-thread-1] INFO  server.RaftServerConfigKeys (ConfUtils.java:logGet(43)) - raft.server.log.statemachine.data.sync = true (default)
2019-08-29 08:18:26,318 [pool-60-thread-1] INFO  server.RaftServerConfigKeys (ConfUtils.java:logGet(43)) - raft.server.log.segment.cache.num.max = 2 (custom)
2019-08-29 08:18:26,318 [pool-93-thread-1] INFO  server.RaftServerConfigKeys (ConfUtils.java:logGet(43)) - raft.server.log.statemachine.data.sync.timeout = 10s (default)
2019-08-29 08:18:26,318 [pool-49-thread-1] INFO  segmented.SegmentedRaftLogWorker (SegmentedRaftLogWorker.java:<init>(172)) - new 14879765-9127-45ba-89de-04712631aaf6-SegmentedRaftLogWorker:Storage Directory /workdir/hadoop-ozone/integration-test/target/test-dir/MiniOzoneClusterImpl-ef39a000-56f8-499f-ba54-08500adcb141/datanode-2/data/ratis/be06f9d0-37f4-4af4-a831-513f57d2e45b for RaftStorage:Storage Directory /workdir/hadoop-ozone/integration-test/target/test-dir/MiniOzoneClusterImpl-ef39a000-56f8-499f-ba54-08500adcb141/datanode-2/data/ratis/be06f9d0-37f4-4af4-a831-513f57d2e45b
2019-08-29 08:18:26,319 [pool-93-thread-1] INFO  server.RaftServerConfigKeys (ConfUtils.java:logGet(43)) - raft.server.log.statemachine.data.sync.timeout.retry = -1 (default)
2019-08-29 08:18:26,319 [pool-60-thread-1] INFO  segmented.SegmentedRaftLogWorker (SegmentedRaftLogWorker.java:<init>(172)) - new dd9a91c5-5c4b-4478-b7f7-3956f198c950-SegmentedRaftLogWorker:Storage Directory /workdir/hadoop-ozone/integration-test/target/test-dir/MiniOzoneClusterImpl-ef39a000-56f8-499f-ba54-08500adcb141/datanode-3/data/ratis/be06f9d0-37f4-4af4-a831-513f57d2e45b for RaftStorage:Storage Directory /workdir/hadoop-ozone/integration-test/target/test-dir/MiniOzoneClusterImpl-ef39a000-56f8-499f-ba54-08500adcb141/datanode-3/data/ratis/be06f9d0-37f4-4af4-a831-513f57d2e45b
2019-08-29 08:18:26,319 [pool-93-thread-1] INFO  server.RaftServerConfigKeys (ConfUtils.java:logGet(43)) - raft.server.log.statemachine.data.caching.enabled = true (custom)
2019-08-29 08:18:26,319 [pool-49-thread-1] INFO  server.RaftServerConfigKeys (ConfUtils.java:logGet(43)) - raft.server.log.queue.byte-limit = 2147483647 (custom)
2019-08-29 08:18:26,319 [pool-60-thread-1] INFO  server.RaftServerConfigKeys (ConfUtils.java:logGet(43)) - raft.server.log.queue.byte-limit = 2147483647 (custom)
2019-08-29 08:18:26,320 [pool-93-thread-1] INFO  segmented.SegmentedRaftLogWorker (SegmentedRaftLogWorker.java:lambda$new$0(132)) - 9b2222ce-dbb0-4da1-b31a-a52ba00795b8-SegmentedRaftLogWorker:Storage Directory /workdir/hadoop-ozone/integration-test/target/test-dir/MiniOzoneClusterImpl-ef39a000-56f8-499f-ba54-08500adcb141/datanode-6/data/ratis/8be6b5cd-caec-46e7-8fd3-63a8d25a6702: flushIndex: setUnconditionally 0 -> -1
2019-08-29 08:18:26,320 [pool-49-thread-1] INFO  server.RaftServerConfigKeys (ConfUtils.java:logGet(43)) - raft.server.log.queue.element-limit = 1024 (custom)
2019-08-29 08:18:26,320 [pool-60-thread-1] INFO  server.RaftServerConfigKeys (ConfUtils.java:logGet(43)) - raft.server.log.queue.element-limit = 1024 (custom)
2019-08-29 08:18:26,320 [pool-49-thread-1] INFO  server.RaftServerConfigKeys (ConfUtils.java:logGet(43)) - raft.server.log.segment.size.max = 1048576 (custom)
2019-08-29 08:18:26,320 [pool-93-thread-1] INFO  server.RaftServerConfigKeys (ConfUtils.java:logGet(43)) - raft.server.snapshot.auto.trigger.enabled = true (custom)
2019-08-29 08:18:26,320 [pool-49-thread-1] INFO  server.RaftServerConfigKeys (ConfUtils.java:logGet(43)) - raft.server.log.preallocated.size = 16384 (custom)
2019-08-29 08:18:26,320 [pool-60-thread-1] INFO  server.RaftServerConfigKeys (ConfUtils.java:logGet(43)) - raft.server.log.segment.size.max = 1048576 (custom)
2019-08-29 08:18:26,321 [pool-49-thread-1] INFO  server.RaftServerConfigKeys (ConfUtils.java:logGet(43)) - raft.server.log.write.buffer.size = 33554432 (custom)
2019-08-29 08:18:26,320 [pool-93-thread-1] INFO  server.RaftServerConfigKeys (ConfUtils.java:logGet(43)) - raft.server.snapshot.auto.trigger.threshold = 10000 (custom)
2019-08-29 08:18:26,321 [pool-49-thread-1] INFO  server.RaftServerConfigKeys (ConfUtils.java:logGet(43)) - raft.server.log.force.sync.num = 128 (default)
2019-08-29 08:18:26,321 [pool-60-thread-1] INFO  server.RaftServerConfigKeys (ConfUtils.java:logGet(43)) - raft.server.log.preallocated.size = 16384 (custom)
2019-08-29 08:18:26,321 [pool-49-thread-1] INFO  server.RaftServerConfigKeys (ConfUtils.java:logGet(43)) - raft.server.log.statemachine.data.sync = true (default)
2019-08-29 08:18:26,321 [pool-93-thread-1] INFO  server.RaftServerConfigKeys (ConfUtils.java:logGet(43)) - raft.server.retrycache.expirytime = 600000ms (custom)
2019-08-29 08:18:26,321 [pool-49-thread-1] INFO  server.RaftServerConfigKeys (ConfUtils.java:logGet(43)) - raft.server.log.statemachine.data.sync.timeout = 10s (default)
2019-08-29 08:18:26,321 [pool-60-thread-1] INFO  server.RaftServerConfigKeys (ConfUtils.java:logGet(43)) - raft.server.log.write.buffer.size = 33554432 (custom)
2019-08-29 08:18:26,322 [pool-93-thread-1] INFO  impl.RaftServerImpl (RaftServerImpl.java:start(180)) - 9b2222ce-dbb0-4da1-b31a-a52ba00795b8: start group-29AA9DB7490E
2019-08-29 08:18:26,322 [pool-49-thread-1] INFO  server.RaftServerConfigKeys (ConfUtils.java:logGet(43)) - raft.server.log.statemachine.data.sync.timeout.retry = -1 (default)
2019-08-29 08:18:26,322 [pool-93-thread-1] INFO  impl.RaftServerImpl (RaftServerImpl.java:setRole(171)) - 9b2222ce-dbb0-4da1-b31a-a52ba00795b8:group-29AA9DB7490E changes role from null to FOLLOWER at term 0 for startAsFollower
2019-08-29 08:18:26,322 [pool-49-thread-1] INFO  server.RaftServerConfigKeys (ConfUtils.java:logGet(43)) - raft.server.log.statemachine.data.caching.enabled = true (custom)
2019-08-29 08:18:26,322 [pool-60-thread-1] INFO  server.RaftServerConfigKeys (ConfUtils.java:logGet(43)) - raft.server.log.force.sync.num = 128 (default)
2019-08-29 08:18:26,322 [pool-93-thread-1] INFO  impl.RoleInfo (RoleInfo.java:updateAndGet(143)) - 9b2222ce-dbb0-4da1-b31a-a52ba00795b8: start FollowerState
2019-08-29 08:18:26,323 [pool-49-thread-1] INFO  segmented.SegmentedRaftLogWorker (SegmentedRaftLogWorker.java:lambda$new$0(132)) - 14879765-9127-45ba-89de-04712631aaf6-SegmentedRaftLogWorker:Storage Directory /workdir/hadoop-ozone/integration-test/target/test-dir/MiniOzoneClusterImpl-ef39a000-56f8-499f-ba54-08500adcb141/datanode-2/data/ratis/be06f9d0-37f4-4af4-a831-513f57d2e45b: flushIndex: setUnconditionally 0 -> -1
2019-08-29 08:18:26,323 [pool-60-thread-1] INFO  server.RaftServerConfigKeys (ConfUtils.java:logGet(43)) - raft.server.log.statemachine.data.sync = true (default)
2019-08-29 08:18:26,323 [pool-60-thread-1] INFO  server.RaftServerConfigKeys (ConfUtils.java:logGet(43)) - raft.server.log.statemachine.data.sync.timeout = 10s (default)
2019-08-29 08:18:26,323 [pool-49-thread-1] INFO  server.RaftServerConfigKeys (ConfUtils.java:logGet(43)) - raft.server.snapshot.auto.trigger.enabled = true (custom)
2019-08-29 08:18:26,323 [pool-93-thread-1] INFO  util.JmxRegister (JmxRegister.java:tryRegister(44)) - Successfully registered JMX Bean with object name Ratis:service=RaftServer,group=group-29AA9DB7490E,id=9b2222ce-dbb0-4da1-b31a-a52ba00795b8
2019-08-29 08:18:26,323 [pool-49-thread-1] INFO  server.RaftServerConfigKeys (ConfUtils.java:logGet(43)) - raft.server.snapshot.auto.trigger.threshold = 10000 (custom)
2019-08-29 08:18:26,323 [pool-60-thread-1] INFO  server.RaftServerConfigKeys (ConfUtils.java:logGet(43)) - raft.server.log.statemachine.data.sync.timeout.retry = -1 (default)
2019-08-29 08:18:26,324 [pool-49-thread-1] INFO  server.RaftServerConfigKeys (ConfUtils.java:logGet(43)) - raft.server.retrycache.expirytime = 600000ms (custom)
2019-08-29 08:18:26,324 [pool-60-thread-1] INFO  server.RaftServerConfigKeys (ConfUtils.java:logGet(43)) - raft.server.log.statemachine.data.caching.enabled = true (custom)
2019-08-29 08:18:26,324 [pool-49-thread-1] INFO  impl.RaftServerImpl (RaftServerImpl.java:start(180)) - 14879765-9127-45ba-89de-04712631aaf6: start group-5EE34F4F29F8
2019-08-29 08:18:26,324 [pool-49-thread-1] INFO  impl.RaftServerImpl (RaftServerImpl.java:setRole(171)) - 14879765-9127-45ba-89de-04712631aaf6:group-5EE34F4F29F8 changes role from null to FOLLOWER at term 0 for startAsFollower
2019-08-29 08:18:26,325 [pool-60-thread-1] INFO  segmented.SegmentedRaftLogWorker (SegmentedRaftLogWorker.java:lambda$new$0(132)) - dd9a91c5-5c4b-4478-b7f7-3956f198c950-SegmentedRaftLogWorker:Storage Directory /workdir/hadoop-ozone/integration-test/target/test-dir/MiniOzoneClusterImpl-ef39a000-56f8-499f-ba54-08500adcb141/datanode-3/data/ratis/be06f9d0-37f4-4af4-a831-513f57d2e45b: flushIndex: setUnconditionally 0 -> -1
2019-08-29 08:18:26,325 [pool-49-thread-1] INFO  impl.RoleInfo (RoleInfo.java:updateAndGet(143)) - 14879765-9127-45ba-89de-04712631aaf6: start FollowerState
2019-08-29 08:18:26,325 [pool-60-thread-1] INFO  server.RaftServerConfigKeys (ConfUtils.java:logGet(43)) - raft.server.snapshot.auto.trigger.enabled = true (custom)
2019-08-29 08:18:26,325 [pool-60-thread-1] INFO  server.RaftServerConfigKeys (ConfUtils.java:logGet(43)) - raft.server.snapshot.auto.trigger.threshold = 10000 (custom)
2019-08-29 08:18:26,325 [pool-49-thread-1] INFO  util.JmxRegister (JmxRegister.java:tryRegister(44)) - Successfully registered JMX Bean with object name Ratis:service=RaftServer,group=group-5EE34F4F29F8,id=14879765-9127-45ba-89de-04712631aaf6
2019-08-29 08:18:26,325 [pool-60-thread-1] INFO  server.RaftServerConfigKeys (ConfUtils.java:logGet(43)) - raft.server.retrycache.expirytime = 600000ms (custom)
2019-08-29 08:18:26,326 [pool-60-thread-1] INFO  impl.RaftServerImpl (RaftServerImpl.java:start(180)) - dd9a91c5-5c4b-4478-b7f7-3956f198c950: start group-5EE34F4F29F8
2019-08-29 08:18:26,326 [pool-60-thread-1] INFO  impl.RaftServerImpl (RaftServerImpl.java:setRole(171)) - dd9a91c5-5c4b-4478-b7f7-3956f198c950:group-5EE34F4F29F8 changes role from null to FOLLOWER at term 0 for startAsFollower
2019-08-29 08:18:26,326 [pool-49-thread-1] INFO  impl.RaftServerImpl (RaftServerImpl.java:start(180)) - 14879765-9127-45ba-89de-04712631aaf6: start group-D780A69E0DBC
2019-08-29 08:18:26,326 [pool-93-thread-1] INFO  impl.RaftServerImpl (RaftServerImpl.java:<init>(93)) - 9b2222ce-dbb0-4da1-b31a-a52ba00795b8: new RaftServerImpl for group-513F57D2E45B:[9b2222ce-dbb0-4da1-b31a-a52ba00795b8:192.168.34.54:34658, dd9a91c5-5c4b-4478-b7f7-3956f198c950:192.168.34.54:35600, 14879765-9127-45ba-89de-04712631aaf6:192.168.34.54:41705] with ContainerStateMachine:uninitialized
2019-08-29 08:18:26,326 [pool-60-thread-1] INFO  impl.RoleInfo (RoleInfo.java:updateAndGet(143)) - dd9a91c5-5c4b-4478-b7f7-3956f198c950: start FollowerState
2019-08-29 08:18:26,326 [pool-93-thread-1] INFO  server.RaftServerConfigKeys (ConfUtils.java:logGet(43)) - raft.server.rpc.timeout.min = 5s (custom)
2019-08-29 08:18:26,326 [pool-49-thread-1] INFO  impl.RaftServerImpl (RaftServerImpl.java:setRole(171)) - 14879765-9127-45ba-89de-04712631aaf6:group-D780A69E0DBC changes role from null to FOLLOWER at term 0 for startAsFollower
2019-08-29 08:18:26,326 [pool-93-thread-1] INFO  server.RaftServerConfigKeys (ConfUtils.java:logGet(43)) - raft.server.rpc.timeout.max = 5200ms (custom)
2019-08-29 08:18:26,326 [pool-49-thread-1] INFO  impl.RoleInfo (RoleInfo.java:updateAndGet(143)) - 14879765-9127-45ba-89de-04712631aaf6: start FollowerState
2019-08-29 08:18:26,326 [pool-60-thread-1] INFO  util.JmxRegister (JmxRegister.java:tryRegister(44)) - Successfully registered JMX Bean with object name Ratis:service=RaftServer,group=group-5EE34F4F29F8,id=dd9a91c5-5c4b-4478-b7f7-3956f198c950
2019-08-29 08:18:26,327 [pool-93-thread-1] INFO  server.RaftServerConfigKeys (ConfUtils.java:logGet(43)) - raft.server.rpcslowness.timeout = 120s (custom)
2019-08-29 08:18:26,327 [pool-93-thread-1] INFO  server.RaftServerConfigKeys (ConfUtils.java:logGet(43)) - raft.server.sleep.deviation.threshold = 300 (default)
2019-08-29 08:18:26,327 [pool-49-thread-1] INFO  util.JmxRegister (JmxRegister.java:tryRegister(44)) - Successfully registered JMX Bean with object name Ratis:service=RaftServer,group=group-D780A69E0DBC,id=14879765-9127-45ba-89de-04712631aaf6
2019-08-29 08:18:26,327 [pool-60-thread-1] INFO  impl.RaftServerImpl (RaftServerImpl.java:start(180)) - dd9a91c5-5c4b-4478-b7f7-3956f198c950: start group-D780A69E0DBC
2019-08-29 08:18:26,327 [pool-93-thread-1] INFO  server.RaftServerConfigKeys (ConfUtils.java:logGet(43)) - raft.server.log.appender.install.snapshot.enabled = false (custom)
2019-08-29 08:18:26,327 [pool-60-thread-1] INFO  impl.RaftServerImpl (RaftServerImpl.java:setRole(171)) - dd9a91c5-5c4b-4478-b7f7-3956f198c950:group-D780A69E0DBC changes role from null to FOLLOWER at term 0 for startAsFollower
2019-08-29 08:18:26,328 [pool-93-thread-1] INFO  impl.RaftServerImpl (ServerState.java:<init>(105)) - 9b2222ce-dbb0-4da1-b31a-a52ba00795b8:group-513F57D2E45B ConfigurationManager, init=-1: [9b2222ce-dbb0-4da1-b31a-a52ba00795b8:192.168.34.54:34658, dd9a91c5-5c4b-4478-b7f7-3956f198c950:192.168.34.54:35600, 14879765-9127-45ba-89de-04712631aaf6:192.168.34.54:41705], old=null, confs=<EMPTY_MAP>
2019-08-29 08:18:26,328 [pool-60-thread-1] INFO  impl.RoleInfo (RoleInfo.java:updateAndGet(143)) - dd9a91c5-5c4b-4478-b7f7-3956f198c950: start FollowerState
2019-08-29 08:18:26,328 [pool-93-thread-1] INFO  server.RaftServerConfigKeys (ConfUtils.java:logGet(43)) - raft.server.storage.dir = [/workdir/hadoop-ozone/integration-test/target/test-dir/MiniOzoneClusterImpl-ef39a000-56f8-499f-ba54-08500adcb141/datanode-6/data/ratis] (custom)
2019-08-29 08:18:26,328 [pool-49-thread-1] INFO  impl.RaftServerImpl (RaftServerImpl.java:start(180)) - 14879765-9127-45ba-89de-04712631aaf6: start group-C707077486AB
2019-08-29 08:18:26,335 [pool-60-thread-1] INFO  util.JmxRegister (JmxRegister.java:tryRegister(44)) - Successfully registered JMX Bean with object name Ratis:service=RaftServer,group=group-D780A69E0DBC,id=dd9a91c5-5c4b-4478-b7f7-3956f198c950
2019-08-29 08:18:26,335 [pool-49-thread-1] INFO  impl.RaftServerImpl (RaftServerImpl.java:setRole(171)) - 14879765-9127-45ba-89de-04712631aaf6:group-C707077486AB changes role from null to FOLLOWER at term 0 for startAsFollower
2019-08-29 08:18:26,336 [pool-93-thread-1] INFO  storage.RaftStorageDirectory (RaftStorageDirectory.java:analyzeStorage(246)) - The storage directory /workdir/hadoop-ozone/integration-test/target/test-dir/MiniOzoneClusterImpl-ef39a000-56f8-499f-ba54-08500adcb141/datanode-6/data/ratis/be06f9d0-37f4-4af4-a831-513f57d2e45b does not exist. Creating ...
2019-08-29 08:18:26,343 [pool-49-thread-1] INFO  impl.RoleInfo (RoleInfo.java:updateAndGet(143)) - 14879765-9127-45ba-89de-04712631aaf6: start FollowerState
2019-08-29 08:18:26,343 [pool-60-thread-1] INFO  impl.RaftServerImpl (RaftServerImpl.java:start(180)) - dd9a91c5-5c4b-4478-b7f7-3956f198c950: start group-C707077486AB
2019-08-29 08:18:26,343 [pool-60-thread-1] INFO  impl.RaftServerImpl (RaftServerImpl.java:setRole(171)) - dd9a91c5-5c4b-4478-b7f7-3956f198c950:group-C707077486AB changes role from null to FOLLOWER at term 0 for startAsFollower
2019-08-29 08:18:26,343 [pool-60-thread-1] INFO  impl.RoleInfo (RoleInfo.java:updateAndGet(143)) - dd9a91c5-5c4b-4478-b7f7-3956f198c950: start FollowerState
2019-08-29 08:18:26,343 [pool-49-thread-1] INFO  util.JmxRegister (JmxRegister.java:tryRegister(44)) - Successfully registered JMX Bean with object name Ratis:service=RaftServer,group=group-C707077486AB,id=14879765-9127-45ba-89de-04712631aaf6
2019-08-29 08:18:26,343 [pool-60-thread-1] INFO  util.JmxRegister (JmxRegister.java:tryRegister(44)) - Successfully registered JMX Bean with object name Ratis:service=RaftServer,group=group-C707077486AB,id=dd9a91c5-5c4b-4478-b7f7-3956f198c950
2019-08-29 08:18:26,344 [pool-49-thread-1] INFO  impl.RaftServerImpl (RaftServerImpl.java:start(180)) - 14879765-9127-45ba-89de-04712631aaf6: start group-1A170CE98F90
2019-08-29 08:18:26,344 [pool-60-thread-1] INFO  impl.RaftServerImpl (RaftServerImpl.java:start(180)) - dd9a91c5-5c4b-4478-b7f7-3956f198c950: start group-1A170CE98F90
2019-08-29 08:18:26,344 [pool-49-thread-1] INFO  impl.RaftServerImpl (RaftServerImpl.java:setRole(171)) - 14879765-9127-45ba-89de-04712631aaf6:group-1A170CE98F90 changes role from null to FOLLOWER at term 0 for startAsFollower
2019-08-29 08:18:26,344 [pool-60-thread-1] INFO  impl.RaftServerImpl (RaftServerImpl.java:setRole(171)) - dd9a91c5-5c4b-4478-b7f7-3956f198c950:group-1A170CE98F90 changes role from null to FOLLOWER at term 0 for startAsFollower
2019-08-29 08:18:26,344 [pool-49-thread-1] INFO  impl.RoleInfo (RoleInfo.java:updateAndGet(143)) - 14879765-9127-45ba-89de-04712631aaf6: start FollowerState
2019-08-29 08:18:26,344 [pool-60-thread-1] INFO  impl.RoleInfo (RoleInfo.java:updateAndGet(143)) - dd9a91c5-5c4b-4478-b7f7-3956f198c950: start FollowerState
2019-08-29 08:18:26,345 [pool-49-thread-1] INFO  util.JmxRegister (JmxRegister.java:tryRegister(44)) - Successfully registered JMX Bean with object name Ratis:service=RaftServer,group=group-1A170CE98F90,id=14879765-9127-45ba-89de-04712631aaf6
2019-08-29 08:18:26,345 [pool-60-thread-1] INFO  util.JmxRegister (JmxRegister.java:tryRegister(44)) - Successfully registered JMX Bean with object name Ratis:service=RaftServer,group=group-1A170CE98F90,id=dd9a91c5-5c4b-4478-b7f7-3956f198c950
2019-08-29 08:18:26,345 [pool-49-thread-1] INFO  impl.RaftServerImpl (RaftServerImpl.java:start(180)) - 14879765-9127-45ba-89de-04712631aaf6: start group-265B3718A09F
2019-08-29 08:18:26,345 [pool-49-thread-1] INFO  impl.RaftServerImpl (RaftServerImpl.java:setRole(171)) - 14879765-9127-45ba-89de-04712631aaf6:group-265B3718A09F changes role from null to FOLLOWER at term 0 for startAsFollower
2019-08-29 08:18:26,345 [pool-60-thread-1] INFO  impl.RaftServerImpl (RaftServerImpl.java:start(180)) - dd9a91c5-5c4b-4478-b7f7-3956f198c950: start group-265B3718A09F
2019-08-29 08:18:26,345 [pool-49-thread-1] INFO  impl.RoleInfo (RoleInfo.java:updateAndGet(143)) - 14879765-9127-45ba-89de-04712631aaf6: start FollowerState
2019-08-29 08:18:26,345 [pool-60-thread-1] INFO  impl.RaftServerImpl (RaftServerImpl.java:setRole(171)) - dd9a91c5-5c4b-4478-b7f7-3956f198c950:group-265B3718A09F changes role from null to FOLLOWER at term 0 for startAsFollower
2019-08-29 08:18:26,346 [pool-60-thread-1] INFO  impl.RoleInfo (RoleInfo.java:updateAndGet(143)) - dd9a91c5-5c4b-4478-b7f7-3956f198c950: start FollowerState
2019-08-29 08:18:26,346 [pool-49-thread-1] INFO  util.JmxRegister (JmxRegister.java:tryRegister(44)) - Successfully registered JMX Bean with object name Ratis:service=RaftServer,group=group-265B3718A09F,id=14879765-9127-45ba-89de-04712631aaf6
2019-08-29 08:18:26,346 [pool-60-thread-1] INFO  util.JmxRegister (JmxRegister.java:tryRegister(44)) - Successfully registered JMX Bean with object name Ratis:service=RaftServer,group=group-265B3718A09F,id=dd9a91c5-5c4b-4478-b7f7-3956f198c950
2019-08-29 08:18:26,346 [pool-49-thread-1] INFO  impl.RaftServerImpl (RaftServerImpl.java:start(180)) - 14879765-9127-45ba-89de-04712631aaf6: start group-A4A3F741FD29
2019-08-29 08:18:26,346 [pool-49-thread-1] INFO  impl.RaftServerImpl (RaftServerImpl.java:setRole(171)) - 14879765-9127-45ba-89de-04712631aaf6:group-A4A3F741FD29 changes role from null to FOLLOWER at term 0 for startAsFollower
2019-08-29 08:18:26,346 [pool-49-thread-1] INFO  impl.RoleInfo (RoleInfo.java:updateAndGet(143)) - 14879765-9127-45ba-89de-04712631aaf6: start FollowerState
2019-08-29 08:18:26,346 [pool-60-thread-1] INFO  impl.RaftServerImpl (RaftServerImpl.java:start(180)) - dd9a91c5-5c4b-4478-b7f7-3956f198c950: start group-A4A3F741FD29
2019-08-29 08:18:26,347 [pool-60-thread-1] INFO  impl.RaftServerImpl (RaftServerImpl.java:setRole(171)) - dd9a91c5-5c4b-4478-b7f7-3956f198c950:group-A4A3F741FD29 changes role from null to FOLLOWER at term 0 for startAsFollower
2019-08-29 08:18:26,347 [pool-49-thread-1] INFO  util.JmxRegister (JmxRegister.java:tryRegister(44)) - Successfully registered JMX Bean with object name Ratis:service=RaftServer,group=group-A4A3F741FD29,id=14879765-9127-45ba-89de-04712631aaf6
2019-08-29 08:18:26,347 [pool-60-thread-1] INFO  impl.RoleInfo (RoleInfo.java:updateAndGet(143)) - dd9a91c5-5c4b-4478-b7f7-3956f198c950: start FollowerState
2019-08-29 08:18:26,347 [pool-49-thread-1] INFO  impl.RaftServerImpl (RaftServerImpl.java:start(180)) - 14879765-9127-45ba-89de-04712631aaf6: start group-FDA797314C32
2019-08-29 08:18:26,347 [pool-60-thread-1] INFO  util.JmxRegister (JmxRegister.java:tryRegister(44)) - Successfully registered JMX Bean with object name Ratis:service=RaftServer,group=group-A4A3F741FD29,id=dd9a91c5-5c4b-4478-b7f7-3956f198c950
2019-08-29 08:18:26,347 [pool-49-thread-1] INFO  impl.RaftServerImpl (RaftServerImpl.java:setRole(171)) - 14879765-9127-45ba-89de-04712631aaf6:group-FDA797314C32 changes role from null to FOLLOWER at term 0 for startAsFollower
2019-08-29 08:18:26,348 [pool-49-thread-1] INFO  impl.RoleInfo (RoleInfo.java:updateAndGet(143)) - 14879765-9127-45ba-89de-04712631aaf6: start FollowerState
2019-08-29 08:18:26,348 [pool-60-thread-1] INFO  impl.RaftServerImpl (RaftServerImpl.java:start(180)) - dd9a91c5-5c4b-4478-b7f7-3956f198c950: start group-FDA797314C32
2019-08-29 08:18:26,348 [pool-60-thread-1] INFO  impl.RaftServerImpl (RaftServerImpl.java:setRole(171)) - dd9a91c5-5c4b-4478-b7f7-3956f198c950:group-FDA797314C32 changes role from null to FOLLOWER at term 0 for startAsFollower
2019-08-29 08:18:26,348 [pool-49-thread-1] INFO  util.JmxRegister (JmxRegister.java:tryRegister(44)) - Successfully registered JMX Bean with object name Ratis:service=RaftServer,group=group-FDA797314C32,id=14879765-9127-45ba-89de-04712631aaf6
2019-08-29 08:18:26,348 [pool-60-thread-1] INFO  impl.RoleInfo (RoleInfo.java:updateAndGet(143)) - dd9a91c5-5c4b-4478-b7f7-3956f198c950: start FollowerState
2019-08-29 08:18:26,348 [pool-60-thread-1] INFO  util.JmxRegister (JmxRegister.java:tryRegister(44)) - Successfully registered JMX Bean with object name Ratis:service=RaftServer,group=group-FDA797314C32,id=dd9a91c5-5c4b-4478-b7f7-3956f198c950
2019-08-29 08:18:26,348 [pool-49-thread-1] INFO  impl.RaftServerImpl (RaftServerImpl.java:start(180)) - 14879765-9127-45ba-89de-04712631aaf6: start group-63A8D25A6702
2019-08-29 08:18:26,349 [pool-49-thread-1] INFO  impl.RaftServerImpl (RaftServerImpl.java:setRole(171)) - 14879765-9127-45ba-89de-04712631aaf6:group-63A8D25A6702 changes role from null to FOLLOWER at term 0 for startAsFollower
2019-08-29 08:18:26,349 [pool-60-thread-1] INFO  impl.RaftServerImpl (RaftServerImpl.java:start(180)) - dd9a91c5-5c4b-4478-b7f7-3956f198c950: start group-63A8D25A6702
2019-08-29 08:18:26,349 [pool-49-thread-1] INFO  impl.RoleInfo (RoleInfo.java:updateAndGet(143)) - 14879765-9127-45ba-89de-04712631aaf6: start FollowerState
2019-08-29 08:18:26,349 [pool-60-thread-1] INFO  impl.RaftServerImpl (RaftServerImpl.java:setRole(171)) - dd9a91c5-5c4b-4478-b7f7-3956f198c950:group-63A8D25A6702 changes role from null to FOLLOWER at term 0 for startAsFollower
2019-08-29 08:18:26,349 [pool-60-thread-1] INFO  impl.RoleInfo (RoleInfo.java:updateAndGet(143)) - dd9a91c5-5c4b-4478-b7f7-3956f198c950: start FollowerState
2019-08-29 08:18:26,349 [pool-49-thread-1] INFO  util.JmxRegister (JmxRegister.java:tryRegister(44)) - Successfully registered JMX Bean with object name Ratis:service=RaftServer,group=group-63A8D25A6702,id=14879765-9127-45ba-89de-04712631aaf6
2019-08-29 08:18:26,350 [pool-60-thread-1] INFO  util.JmxRegister (JmxRegister.java:tryRegister(44)) - Successfully registered JMX Bean with object name Ratis:service=RaftServer,group=group-63A8D25A6702,id=dd9a91c5-5c4b-4478-b7f7-3956f198c950
2019-08-29 08:18:26,350 [pool-49-thread-1] INFO  impl.RaftServerImpl (RaftServerImpl.java:start(180)) - 14879765-9127-45ba-89de-04712631aaf6: start group-513F57D2E45B
2019-08-29 08:18:26,350 [pool-49-thread-1] INFO  impl.RaftServerImpl (RaftServerImpl.java:setRole(171)) - 14879765-9127-45ba-89de-04712631aaf6:group-513F57D2E45B changes role from null to FOLLOWER at term 0 for startAsFollower
2019-08-29 08:18:26,350 [pool-60-thread-1] INFO  impl.RaftServerImpl (RaftServerImpl.java:start(180)) - dd9a91c5-5c4b-4478-b7f7-3956f198c950: start group-513F57D2E45B
2019-08-29 08:18:26,350 [pool-49-thread-1] INFO  impl.RoleInfo (RoleInfo.java:updateAndGet(143)) - 14879765-9127-45ba-89de-04712631aaf6: start FollowerState
2019-08-29 08:18:26,350 [pool-60-thread-1] INFO  impl.RaftServerImpl (RaftServerImpl.java:setRole(171)) - dd9a91c5-5c4b-4478-b7f7-3956f198c950:group-513F57D2E45B changes role from null to FOLLOWER at term 0 for startAsFollower
2019-08-29 08:18:26,351 [pool-60-thread-1] INFO  impl.RoleInfo (RoleInfo.java:updateAndGet(143)) - dd9a91c5-5c4b-4478-b7f7-3956f198c950: start FollowerState
2019-08-29 08:18:26,351 [pool-49-thread-1] INFO  util.JmxRegister (JmxRegister.java:tryRegister(44)) - Successfully registered JMX Bean with object name Ratis:service=RaftServer,group=group-513F57D2E45B,id=14879765-9127-45ba-89de-04712631aaf6
2019-08-29 08:18:26,351 [pool-60-thread-1] INFO  util.JmxRegister (JmxRegister.java:tryRegister(44)) - Successfully registered JMX Bean with object name Ratis:service=RaftServer,group=group-513F57D2E45B,id=dd9a91c5-5c4b-4478-b7f7-3956f198c950
2019-08-29 08:18:26,362 | INFO  | SCMAudit | user=jenkins1000 | ip=192.168.34.54 | op=SEND_HEARTBEAT {datanodeUUID=dba0a522-61fc-431c-9633-76c1b0451c6f, command=[]} | ret=SUCCESS |  
2019-08-29 08:18:26,363 | INFO  | SCMAudit | user=jenkins1000 | ip=192.168.34.54 | op=SEND_HEARTBEAT {datanodeUUID=4e66ed9b-7a7a-49e4-a069-f2e74814d405, command=[]} | ret=SUCCESS |  
2019-08-29 08:18:26,411 [pool-93-thread-1] INFO  storage.RaftStorageDirectory (RaftStorageDirectory.java:tryLock(328)) - Lock on /workdir/hadoop-ozone/integration-test/target/test-dir/MiniOzoneClusterImpl-ef39a000-56f8-499f-ba54-08500adcb141/datanode-6/data/ratis/be06f9d0-37f4-4af4-a831-513f57d2e45b/in_use.lock acquired by nodename 28333@pr-hdds-1553-zhl8q-89899572
2019-08-29 08:18:26,480 [pool-93-thread-1] INFO  storage.RaftStorage (RaftStorage.java:format(72)) - Storage directory /workdir/hadoop-ozone/integration-test/target/test-dir/MiniOzoneClusterImpl-ef39a000-56f8-499f-ba54-08500adcb141/datanode-6/data/ratis/be06f9d0-37f4-4af4-a831-513f57d2e45b has been successfully formatted.
2019-08-29 08:18:26,480 [pool-93-thread-1] INFO  ratis.ContainerStateMachine (ContainerStateMachine.java:loadSnapshot(226)) - group-513F57D2E45B: The snapshot info is null. Setting the last applied indexto:(t:0, i:~)
2019-08-29 08:18:26,481 [pool-93-thread-1] INFO  server.RaftServerConfigKeys (ConfUtils.java:logGet(43)) - raft.server.leader.election.timeout = 120s (custom)
2019-08-29 08:18:26,481 [pool-93-thread-1] INFO  server.RaftServerConfigKeys (ConfUtils.java:logGet(43)) - raft.server.log.use.memory = false (default)
2019-08-29 08:18:26,481 [pool-93-thread-1] INFO  server.RaftServerConfigKeys (ConfUtils.java:logGet(43)) - raft.server.log.purge.gap = 1000000 (custom)
2019-08-29 08:18:26,481 [pool-93-thread-1] INFO  server.RaftServerConfigKeys (ConfUtils.java:logGet(43)) - raft.server.log.appender.buffer.byte-limit = 33554432 (custom)
2019-08-29 08:18:26,482 [pool-93-thread-1] INFO  server.RaftServerConfigKeys (ConfUtils.java:logGet(43)) - raft.server.log.segment.size.max = 1048576 (custom)
2019-08-29 08:18:26,482 [pool-93-thread-1] INFO  server.RaftServerConfigKeys (ConfUtils.java:logGet(43)) - raft.server.log.segment.cache.num.max = 2 (custom)
2019-08-29 08:18:26,482 [pool-93-thread-1] INFO  segmented.SegmentedRaftLogWorker (SegmentedRaftLogWorker.java:<init>(172)) - new 9b2222ce-dbb0-4da1-b31a-a52ba00795b8-SegmentedRaftLogWorker:Storage Directory /workdir/hadoop-ozone/integration-test/target/test-dir/MiniOzoneClusterImpl-ef39a000-56f8-499f-ba54-08500adcb141/datanode-6/data/ratis/be06f9d0-37f4-4af4-a831-513f57d2e45b for RaftStorage:Storage Directory /workdir/hadoop-ozone/integration-test/target/test-dir/MiniOzoneClusterImpl-ef39a000-56f8-499f-ba54-08500adcb141/datanode-6/data/ratis/be06f9d0-37f4-4af4-a831-513f57d2e45b
2019-08-29 08:18:26,482 [pool-93-thread-1] INFO  server.RaftServerConfigKeys (ConfUtils.java:logGet(43)) - raft.server.log.queue.byte-limit = 2147483647 (custom)
2019-08-29 08:18:26,483 [pool-93-thread-1] INFO  server.RaftServerConfigKeys (ConfUtils.java:logGet(43)) - raft.server.log.queue.element-limit = 1024 (custom)
2019-08-29 08:18:26,483 [pool-93-thread-1] INFO  server.RaftServerConfigKeys (ConfUtils.java:logGet(43)) - raft.server.log.segment.size.max = 1048576 (custom)
2019-08-29 08:18:26,483 [pool-93-thread-1] INFO  server.RaftServerConfigKeys (ConfUtils.java:logGet(43)) - raft.server.log.preallocated.size = 16384 (custom)
2019-08-29 08:18:26,483 [pool-93-thread-1] INFO  server.RaftServerConfigKeys (ConfUtils.java:logGet(43)) - raft.server.log.write.buffer.size = 33554432 (custom)
2019-08-29 08:18:26,483 [pool-93-thread-1] INFO  server.RaftServerConfigKeys (ConfUtils.java:logGet(43)) - raft.server.log.force.sync.num = 128 (default)
2019-08-29 08:18:26,484 [pool-93-thread-1] INFO  server.RaftServerConfigKeys (ConfUtils.java:logGet(43)) - raft.server.log.statemachine.data.sync = true (default)
2019-08-29 08:18:26,484 [pool-93-thread-1] INFO  server.RaftServerConfigKeys (ConfUtils.java:logGet(43)) - raft.server.log.statemachine.data.sync.timeout = 10s (default)
2019-08-29 08:18:26,484 [pool-93-thread-1] INFO  server.RaftServerConfigKeys (ConfUtils.java:logGet(43)) - raft.server.log.statemachine.data.sync.timeout.retry = -1 (default)
2019-08-29 08:18:26,484 [pool-93-thread-1] INFO  server.RaftServerConfigKeys (ConfUtils.java:logGet(43)) - raft.server.log.statemachine.data.caching.enabled = true (custom)
2019-08-29 08:18:26,485 [pool-93-thread-1] INFO  segmented.SegmentedRaftLogWorker (SegmentedRaftLogWorker.java:lambda$new$0(132)) - 9b2222ce-dbb0-4da1-b31a-a52ba00795b8-SegmentedRaftLogWorker:Storage Directory /workdir/hadoop-ozone/integration-test/target/test-dir/MiniOzoneClusterImpl-ef39a000-56f8-499f-ba54-08500adcb141/datanode-6/data/ratis/be06f9d0-37f4-4af4-a831-513f57d2e45b: flushIndex: setUnconditionally 0 -> -1
2019-08-29 08:18:26,485 [pool-93-thread-1] INFO  server.RaftServerConfigKeys (ConfUtils.java:logGet(43)) - raft.server.snapshot.auto.trigger.enabled = true (custom)
2019-08-29 08:18:26,485 [pool-93-thread-1] INFO  server.RaftServerConfigKeys (ConfUtils.java:logGet(43)) - raft.server.snapshot.auto.trigger.threshold = 10000 (custom)
2019-08-29 08:18:26,486 [pool-93-thread-1] INFO  server.RaftServerConfigKeys (ConfUtils.java:logGet(43)) - raft.server.retrycache.expirytime = 600000ms (custom)
2019-08-29 08:18:26,486 [pool-93-thread-1] INFO  impl.RaftServerImpl (RaftServerImpl.java:start(180)) - 9b2222ce-dbb0-4da1-b31a-a52ba00795b8: start group-F4E1730B74EE
2019-08-29 08:18:26,486 [pool-93-thread-1] INFO  impl.RaftServerImpl (RaftServerImpl.java:setRole(171)) - 9b2222ce-dbb0-4da1-b31a-a52ba00795b8:group-F4E1730B74EE changes role from null to FOLLOWER at term 0 for startAsFollower
2019-08-29 08:18:26,486 [pool-93-thread-1] INFO  impl.RoleInfo (RoleInfo.java:updateAndGet(143)) - 9b2222ce-dbb0-4da1-b31a-a52ba00795b8: start FollowerState
2019-08-29 08:18:26,487 [pool-93-thread-1] INFO  util.JmxRegister (JmxRegister.java:tryRegister(44)) - Successfully registered JMX Bean with object name Ratis:service=RaftServer,group=group-F4E1730B74EE,id=9b2222ce-dbb0-4da1-b31a-a52ba00795b8
2019-08-29 08:18:26,487 [pool-93-thread-1] INFO  impl.RaftServerImpl (RaftServerImpl.java:start(180)) - 9b2222ce-dbb0-4da1-b31a-a52ba00795b8: start group-5EE34F4F29F8
2019-08-29 08:18:26,488 [pool-93-thread-1] INFO  impl.RaftServerImpl (RaftServerImpl.java:setRole(171)) - 9b2222ce-dbb0-4da1-b31a-a52ba00795b8:group-5EE34F4F29F8 changes role from null to FOLLOWER at term 0 for startAsFollower
2019-08-29 08:18:26,488 [pool-93-thread-1] INFO  impl.RoleInfo (RoleInfo.java:updateAndGet(143)) - 9b2222ce-dbb0-4da1-b31a-a52ba00795b8: start FollowerState
2019-08-29 08:18:26,488 [pool-93-thread-1] INFO  util.JmxRegister (JmxRegister.java:tryRegister(44)) - Successfully registered JMX Bean with object name Ratis:service=RaftServer,group=group-5EE34F4F29F8,id=9b2222ce-dbb0-4da1-b31a-a52ba00795b8
2019-08-29 08:18:26,489 [pool-93-thread-1] INFO  impl.RaftServerImpl (RaftServerImpl.java:start(180)) - 9b2222ce-dbb0-4da1-b31a-a52ba00795b8: start group-D780A69E0DBC
2019-08-29 08:18:26,489 [pool-93-thread-1] INFO  impl.RaftServerImpl (RaftServerImpl.java:setRole(171)) - 9b2222ce-dbb0-4da1-b31a-a52ba00795b8:group-D780A69E0DBC changes role from null to FOLLOWER at term 0 for startAsFollower
2019-08-29 08:18:26,489 [pool-93-thread-1] INFO  impl.RoleInfo (RoleInfo.java:updateAndGet(143)) - 9b2222ce-dbb0-4da1-b31a-a52ba00795b8: start FollowerState
2019-08-29 08:18:26,490 [pool-93-thread-1] INFO  util.JmxRegister (JmxRegister.java:tryRegister(44)) - Successfully registered JMX Bean with object name Ratis:service=RaftServer,group=group-D780A69E0DBC,id=9b2222ce-dbb0-4da1-b31a-a52ba00795b8
2019-08-29 08:18:26,491 [pool-93-thread-1] INFO  impl.RaftServerImpl (RaftServerImpl.java:start(180)) - 9b2222ce-dbb0-4da1-b31a-a52ba00795b8: start group-C707077486AB
2019-08-29 08:18:26,491 [pool-93-thread-1] INFO  impl.RaftServerImpl (RaftServerImpl.java:setRole(171)) - 9b2222ce-dbb0-4da1-b31a-a52ba00795b8:group-C707077486AB changes role from null to FOLLOWER at term 0 for startAsFollower
2019-08-29 08:18:26,491 [pool-93-thread-1] INFO  impl.RoleInfo (RoleInfo.java:updateAndGet(143)) - 9b2222ce-dbb0-4da1-b31a-a52ba00795b8: start FollowerState
2019-08-29 08:18:26,492 [pool-93-thread-1] INFO  util.JmxRegister (JmxRegister.java:tryRegister(44)) - Successfully registered JMX Bean with object name Ratis:service=RaftServer,group=group-C707077486AB,id=9b2222ce-dbb0-4da1-b31a-a52ba00795b8
2019-08-29 08:18:26,492 [pool-93-thread-1] INFO  impl.RaftServerImpl (RaftServerImpl.java:start(180)) - 9b2222ce-dbb0-4da1-b31a-a52ba00795b8: start group-1A170CE98F90
2019-08-29 08:18:26,492 [pool-93-thread-1] INFO  impl.RaftServerImpl (RaftServerImpl.java:setRole(171)) - 9b2222ce-dbb0-4da1-b31a-a52ba00795b8:group-1A170CE98F90 changes role from null to FOLLOWER at term 0 for startAsFollower
2019-08-29 08:18:26,492 [pool-93-thread-1] INFO  impl.RoleInfo (RoleInfo.java:updateAndGet(143)) - 9b2222ce-dbb0-4da1-b31a-a52ba00795b8: start FollowerState
2019-08-29 08:18:26,493 [pool-93-thread-1] INFO  util.JmxRegister (JmxRegister.java:tryRegister(44)) - Successfully registered JMX Bean with object name Ratis:service=RaftServer,group=group-1A170CE98F90,id=9b2222ce-dbb0-4da1-b31a-a52ba00795b8
2019-08-29 08:18:26,493 [pool-93-thread-1] INFO  impl.RaftServerImpl (RaftServerImpl.java:start(180)) - 9b2222ce-dbb0-4da1-b31a-a52ba00795b8: start group-265B3718A09F
2019-08-29 08:18:26,494 [pool-93-thread-1] INFO  impl.RaftServerImpl (RaftServerImpl.java:setRole(171)) - 9b2222ce-dbb0-4da1-b31a-a52ba00795b8:group-265B3718A09F changes role from null to FOLLOWER at term 0 for startAsFollower
2019-08-29 08:18:26,494 [pool-93-thread-1] INFO  impl.RoleInfo (RoleInfo.java:updateAndGet(143)) - 9b2222ce-dbb0-4da1-b31a-a52ba00795b8: start FollowerState
2019-08-29 08:18:26,501 [pool-93-thread-1] INFO  util.JmxRegister (JmxRegister.java:tryRegister(44)) - Successfully registered JMX Bean with object name Ratis:service=RaftServer,group=group-265B3718A09F,id=9b2222ce-dbb0-4da1-b31a-a52ba00795b8
2019-08-29 08:18:26,506 [pool-93-thread-1] INFO  impl.RaftServerImpl (RaftServerImpl.java:start(180)) - 9b2222ce-dbb0-4da1-b31a-a52ba00795b8: start group-A4A3F741FD29
2019-08-29 08:18:26,507 [pool-93-thread-1] INFO  impl.RaftServerImpl (RaftServerImpl.java:setRole(171)) - 9b2222ce-dbb0-4da1-b31a-a52ba00795b8:group-A4A3F741FD29 changes role from null to FOLLOWER at term 0 for startAsFollower
2019-08-29 08:18:26,507 [pool-93-thread-1] INFO  impl.RoleInfo (RoleInfo.java:updateAndGet(143)) - 9b2222ce-dbb0-4da1-b31a-a52ba00795b8: start FollowerState
2019-08-29 08:18:26,507 [pool-93-thread-1] INFO  util.JmxRegister (JmxRegister.java:tryRegister(44)) - Successfully registered JMX Bean with object name Ratis:service=RaftServer,group=group-A4A3F741FD29,id=9b2222ce-dbb0-4da1-b31a-a52ba00795b8
2019-08-29 08:18:26,508 [pool-93-thread-1] INFO  impl.RaftServerImpl (RaftServerImpl.java:start(180)) - 9b2222ce-dbb0-4da1-b31a-a52ba00795b8: start group-FDA797314C32
2019-08-29 08:18:26,508 [pool-93-thread-1] INFO  impl.RaftServerImpl (RaftServerImpl.java:setRole(171)) - 9b2222ce-dbb0-4da1-b31a-a52ba00795b8:group-FDA797314C32 changes role from null to FOLLOWER at term 0 for startAsFollower
2019-08-29 08:18:26,508 [pool-93-thread-1] INFO  impl.RoleInfo (RoleInfo.java:updateAndGet(143)) - 9b2222ce-dbb0-4da1-b31a-a52ba00795b8: start FollowerState
2019-08-29 08:18:26,508 [pool-93-thread-1] INFO  util.JmxRegister (JmxRegister.java:tryRegister(44)) - Successfully registered JMX Bean with object name Ratis:service=RaftServer,group=group-FDA797314C32,id=9b2222ce-dbb0-4da1-b31a-a52ba00795b8
2019-08-29 08:18:26,509 [pool-93-thread-1] INFO  impl.RaftServerImpl (RaftServerImpl.java:start(180)) - 9b2222ce-dbb0-4da1-b31a-a52ba00795b8: start group-63A8D25A6702
2019-08-29 08:18:26,509 [pool-93-thread-1] INFO  impl.RaftServerImpl (RaftServerImpl.java:setRole(171)) - 9b2222ce-dbb0-4da1-b31a-a52ba00795b8:group-63A8D25A6702 changes role from null to FOLLOWER at term 0 for startAsFollower
2019-08-29 08:18:26,509 [pool-93-thread-1] INFO  impl.RoleInfo (RoleInfo.java:updateAndGet(143)) - 9b2222ce-dbb0-4da1-b31a-a52ba00795b8: start FollowerState
2019-08-29 08:18:26,510 [pool-93-thread-1] INFO  util.JmxRegister (JmxRegister.java:tryRegister(44)) - Successfully registered JMX Bean with object name Ratis:service=RaftServer,group=group-63A8D25A6702,id=9b2222ce-dbb0-4da1-b31a-a52ba00795b8
2019-08-29 08:18:26,510 [pool-93-thread-1] INFO  impl.RaftServerImpl (RaftServerImpl.java:start(180)) - 9b2222ce-dbb0-4da1-b31a-a52ba00795b8: start group-513F57D2E45B
2019-08-29 08:18:26,510 [pool-93-thread-1] INFO  impl.RaftServerImpl (RaftServerImpl.java:setRole(171)) - 9b2222ce-dbb0-4da1-b31a-a52ba00795b8:group-513F57D2E45B changes role from null to FOLLOWER at term 0 for startAsFollower
2019-08-29 08:18:26,510 [pool-93-thread-1] INFO  impl.RoleInfo (RoleInfo.java:updateAndGet(143)) - 9b2222ce-dbb0-4da1-b31a-a52ba00795b8: start FollowerState
2019-08-29 08:18:26,511 [pool-93-thread-1] INFO  util.JmxRegister (JmxRegister.java:tryRegister(44)) - Successfully registered JMX Bean with object name Ratis:service=RaftServer,group=group-513F57D2E45B,id=9b2222ce-dbb0-4da1-b31a-a52ba00795b8
2019-08-29 08:18:26,522 [IPC Server handler 19 on 42726] INFO  pipeline.PipelineStateManager (PipelineStateManager.java:addPipeline(56)) - Created pipeline Pipeline[ Id: be06f9d0-37f4-4af4-a831-513f57d2e45b, Nodes: 9b2222ce-dbb0-4da1-b31a-a52ba00795b8{ip: 192.168.34.54, host: pr-hdds-1553-zhl8q-89899572, networkLocation: /default-rack, certSerialId: null}dd9a91c5-5c4b-4478-b7f7-3956f198c950{ip: 192.168.34.54, host: pr-hdds-1553-zhl8q-89899572, networkLocation: /default-rack, certSerialId: null}14879765-9127-45ba-89de-04712631aaf6{ip: 192.168.34.54, host: pr-hdds-1553-zhl8q-89899572, networkLocation: /default-rack, certSerialId: null}, Type:RATIS, Factor:THREE, State:OPEN]
2019-08-29 08:18:26,540 | INFO  | SCMAudit | user=jenkins1000 | ip=192.168.34.54 | op=ALLOCATE_BLOCK {owner=b907be6b-be72-4542-91af-def5b892d723, size=4194304, type=RATIS, factor=THREE} | ret=SUCCESS |  
2019-08-29 08:18:26,541 | ERROR | OMAudit | user=jenkins1000 | ip=127.0.0.1 | op=ALLOCATE_KEY {volume=closecontainerexceptionhandlingtest, bucket=closecontainerexceptionhandlingtest, key=77080fbd-37f5-44b1-9798-ae6fc537568c, dataSize=16777216, replicationType=RATIS, replicationFactor=THREE, keyLocationInfo=null} | ret=FAILURE | org.apache.hadoop.hdds.scm.exceptions.SCMException: Allocated 2 blocks. Requested 4 blocks
	at org.apache.hadoop.hdds.scm.protocolPB.ScmBlockLocationProtocolClientSideTranslatorPB.handleError(ScmBlockLocationProtocolClientSideTranslatorPB.java:118)
	at org.apache.hadoop.hdds.scm.protocolPB.ScmBlockLocationProtocolClientSideTranslatorPB.allocateBlock(ScmBlockLocationProtocolClientSideTranslatorPB.java:156) 
]]></system-out>
  </testcase>
  <testcase name="testDiscardPreallocatedBlocks" classname="org.apache.hadoop.ozone.client.rpc.TestCloseContainerHandlingByClient" time="0">
    <skipped/>
  </testcase>
</testsuite>