<?xml version="1.0" encoding="UTF-8"?>
<testsuite xmlns:xsi="http://www.w3.org/2001/XMLSchema-instance" xsi:noNamespaceSchemaLocation="https://maven.apache.org/surefire/maven-surefire-plugin/xsd/surefire-test-report.xsd" name="org.apache.hadoop.ozone.client.rpc.Test2WayCommitInRatis" time="39.701" tests="1" errors="1" skipped="0" failures="0">
  <properties>
    <property name="awt.toolkit" value="sun.awt.X11.XToolkit"/>
    <property name="file.encoding.pkg" value="sun.io"/>
    <property name="java.specification.version" value="1.8"/>
    <property name="sun.cpu.isalist" value=""/>
    <property name="sun.jnu.encoding" value="UTF-8"/>
    <property name="java.class.path" value="/workdir/hadoop-ozone/integration-test/target/test-classes:/workdir/hadoop-ozone/integration-test/target/classes:/home/user/.m2/repository/org/apache/hadoop/hadoop-ozone-common/0.5.0-SNAPSHOT/hadoop-ozone-common-0.5.0-SNAPSHOT.jar:/home/user/.m2/repository/org/apache/commons/commons-compress/1.4.1/commons-compress-1.4.1.jar:/home/user/.m2/repository/org/tukaani/xz/1.0/xz-1.0.jar:/home/user/.m2/repository/org/apache/hadoop/hadoop-common/3.2.0/hadoop-common-3.2.0.jar:/home/user/.m2/repository/org/apache/hadoop/hadoop-hdfs/3.2.0/hadoop-hdfs-3.2.0.jar:/home/user/.m2/repository/org/apache/hadoop/hadoop-hdfs-client/3.2.0/hadoop-hdfs-client-3.2.0.jar:/home/user/.m2/repository/com/fasterxml/jackson/core/jackson-annotations/2.9.5/jackson-annotations-2.9.5.jar:/home/user/.m2/repository/org/apache/hadoop/hadoop-hdds-common/0.5.0-SNAPSHOT/hadoop-hdds-common-0.5.0-SNAPSHOT.jar:/home/user/.m2/repository/javax/annotation/javax.annotation-api/1.2/javax.annotation-api-1.2.jar:/home/user/.m2/repository/org/apache/ratis/ratis-server/0.4.0-2337318-SNAPSHOT/ratis-server-0.4.0-2337318-SNAPSHOT.jar:/home/user/.m2/repository/org/apache/ratis/ratis-thirdparty-misc/0.2.0/ratis-thirdparty-misc-0.2.0.jar:/home/user/.m2/repository/org/apache/ratis/ratis-proto/0.4.0-2337318-SNAPSHOT/ratis-proto-0.4.0-2337318-SNAPSHOT.jar:/home/user/.m2/repository/org/apache/ratis/ratis-common/0.4.0-2337318-SNAPSHOT/ratis-common-0.4.0-2337318-SNAPSHOT.jar:/home/user/.m2/repository/org/apache/ratis/ratis-client/0.4.0-2337318-SNAPSHOT/ratis-client-0.4.0-2337318-SNAPSHOT.jar:/home/user/.m2/repository/org/apache/ratis/ratis-metrics/0.4.0-2337318-SNAPSHOT/ratis-metrics-0.4.0-2337318-SNAPSHOT.jar:/home/user/.m2/repository/org/apache/ratis/ratis-netty/0.4.0-2337318-SNAPSHOT/ratis-netty-0.4.0-2337318-SNAPSHOT.jar:/home/user/.m2/repository/org/apache/ratis/ratis-grpc/0.4.0-2337318-SNAPSHOT/ratis-grpc-0.4.0-2337318-SNAPSHOT.jar:/home/user/.m2/repository/org/rocksdb/rocksdbjni/6.0.1/rocksdbjni-6.0.1.jar:/home/user/.m2/repository/org/apache/logging/log4j/log4j-api/2.11.0/log4j-api-2.11.0.jar:/home/user/.m2/repository/org/apache/logging/log4j/log4j-core/2.11.0/log4j-core-2.11.0.jar:/home/user/.m2/repository/com/lmax/disruptor/3.4.2/disruptor-3.4.2.jar:/home/user/.m2/repository/org/apache/commons/commons-pool2/2.6.0/commons-pool2-2.6.0.jar:/home/user/.m2/repository/org/bouncycastle/bcpkix-jdk15on/1.60/bcpkix-jdk15on-1.60.jar:/home/user/.m2/repository/commons-validator/commons-validator/1.6/commons-validator-1.6.jar:/home/user/.m2/repository/commons-digester/commons-digester/1.8.1/commons-digester-1.8.1.jar:/home/user/.m2/repository/io/jaegertracing/jaeger-client/0.33.1/jaeger-client-0.33.1.jar:/home/user/.m2/repository/io/jaegertracing/jaeger-thrift/0.33.1/jaeger-thrift-0.33.1.jar:/home/user/.m2/repository/org/apache/thrift/libthrift/0.11.0/libthrift-0.11.0.jar:/home/user/.m2/repository/com/squareup/okhttp3/okhttp/3.9.0/okhttp-3.9.0.jar:/home/user/.m2/repository/com/squareup/okio/okio/1.13.0/okio-1.13.0.jar:/home/user/.m2/repository/io/jaegertracing/jaeger-core/0.33.1/jaeger-core-0.33.1.jar:/home/user/.m2/repository/io/jaegertracing/jaeger-tracerresolver/0.33.1/jaeger-tracerresolver-0.33.1.jar:/home/user/.m2/repository/io/opentracing/contrib/opentracing-tracerresolver/0.1.5/opentracing-tracerresolver-0.1.5.jar:/home/user/.m2/repository/io/opentracing/opentracing-util/0.31.0/opentracing-util-0.31.0.jar:/home/user/.m2/repository/io/opentracing/opentracing-api/0.31.0/opentracing-api-0.31.0.jar:/home/user/.m2/repository/io/opentracing/opentracing-noop/0.31.0/opentracing-noop-0.31.0.jar:/home/user/.m2/repository/org/apache/hadoop/hadoop-hdds-server-framework/0.5.0-SNAPSHOT/hadoop-hdds-server-framework-0.5.0-SNAPSHOT.jar:/home/user/.m2/repository/org/apache/hadoop/hadoop-hdds-container-service/0.5.0-SNAPSHOT/hadoop-hdds-container-service-0.5.0-SNAPSHOT.jar:/home/user/.m2/repository/org/apache/hadoop/hadoop-hdds-client/0.5.0-SNAPSHOT/hadoop-hdds-client-0.5.0-SNAPSHOT.jar:/home/user/.m2/repository/org/apache/hadoop/hadoop-hdds-tools/0.5.0-SNAPSHOT/hadoop-hdds-tools-0.5.0-SNAPSHOT.jar:/home/user/.m2/repository/org/apache/hadoop/hadoop-hdds-server-scm/0.5.0-SNAPSHOT/hadoop-hdds-server-scm-0.5.0-SNAPSHOT.jar:/home/user/.m2/repository/org/apache/hadoop/hadoop-hdds-docs/0.5.0-SNAPSHOT/hadoop-hdds-docs-0.5.0-SNAPSHOT.jar:/home/user/.m2/repository/io/dropwizard/metrics/metrics-core/3.2.4/metrics-core-3.2.4.jar:/home/user/.m2/repository/org/hamcrest/hamcrest-all/1.3/hamcrest-all-1.3.jar:/home/user/.m2/repository/org/bouncycastle/bcprov-jdk15on/1.60/bcprov-jdk15on-1.60.jar:/home/user/.m2/repository/info/picocli/picocli/3.9.6/picocli-3.9.6.jar:/home/user/.m2/repository/com/google/protobuf/protobuf-java/2.5.0/protobuf-java-2.5.0.jar:/home/user/.m2/repository/com/google/guava/guava/11.0.2/guava-11.0.2.jar:/home/user/.m2/repository/org/apache/hadoop/hadoop-ozone-ozone-manager/0.5.0-SNAPSHOT/hadoop-ozone-ozone-manager-0.5.0-SNAPSHOT.jar:/home/user/.m2/repository/org/apache/hadoop/hadoop-minikdc/3.2.0/hadoop-minikdc-3.2.0.jar:/home/user/.m2/repository/commons-io/commons-io/2.5/commons-io-2.5.jar:/home/user/.m2/repository/org/apache/kerby/kerb-simplekdc/1.0.1/kerb-simplekdc-1.0.1.jar:/home/user/.m2/repository/org/apache/kerby/kerb-client/1.0.1/kerb-client-1.0.1.jar:/home/user/.m2/repository/org/apache/kerby/kerby-config/1.0.1/kerby-config-1.0.1.jar:/home/user/.m2/repository/org/apache/kerby/kerb-core/1.0.1/kerb-core-1.0.1.jar:/home/user/.m2/repository/org/apache/kerby/kerby-pkix/1.0.1/kerby-pkix-1.0.1.jar:/home/user/.m2/repository/org/apache/kerby/kerby-asn1/1.0.1/kerby-asn1-1.0.1.jar:/home/user/.m2/repository/org/apache/kerby/kerby-util/1.0.1/kerby-util-1.0.1.jar:/home/user/.m2/repository/org/apache/kerby/kerb-common/1.0.1/kerb-common-1.0.1.jar:/home/user/.m2/repository/org/apache/kerby/kerb-crypto/1.0.1/kerb-crypto-1.0.1.jar:/home/user/.m2/repository/org/apache/kerby/kerb-util/1.0.1/kerb-util-1.0.1.jar:/home/user/.m2/repository/org/apache/kerby/token-provider/1.0.1/token-provider-1.0.1.jar:/home/user/.m2/repository/org/apache/kerby/kerb-admin/1.0.1/kerb-admin-1.0.1.jar:/home/user/.m2/repository/org/apache/kerby/kerb-server/1.0.1/kerb-server-1.0.1.jar:/home/user/.m2/repository/org/apache/kerby/kerb-identity/1.0.1/kerb-identity-1.0.1.jar:/home/user/.m2/repository/org/apache/kerby/kerby-xdr/1.0.1/kerby-xdr-1.0.1.jar:/home/user/.m2/repository/org/slf4j/slf4j-log4j12/1.7.25/slf4j-log4j12-1.7.25.jar:/home/user/.m2/repository/org/apache/hadoop/hadoop-ozone-objectstore-service/0.5.0-SNAPSHOT/hadoop-ozone-objectstore-service-0.5.0-SNAPSHOT.jar:/home/user/.m2/repository/org/apache/hadoop/hadoop-ozone-s3gateway/0.5.0-SNAPSHOT/hadoop-ozone-s3gateway-0.5.0-SNAPSHOT.jar:/home/user/.m2/repository/org/jboss/weld/servlet/weld-servlet/2.4.7.Final/weld-servlet-2.4.7.Final.jar:/home/user/.m2/repository/org/glassfish/jersey/containers/jersey-container-servlet-core/2.27/jersey-container-servlet-core-2.27.jar:/home/user/.m2/repository/org/glassfish/hk2/external/javax.inject/2.5.0-b42/javax.inject-2.5.0-b42.jar:/home/user/.m2/repository/org/glassfish/jersey/core/jersey-common/2.27/jersey-common-2.27.jar:/home/user/.m2/repository/org/glassfish/hk2/osgi-resource-locator/1.0.1/osgi-resource-locator-1.0.1.jar:/home/user/.m2/repository/javax/ws/rs/javax.ws.rs-api/2.1/javax.ws.rs-api-2.1.jar:/home/user/.m2/repository/org/glassfish/jersey/ext/cdi/jersey-cdi1x/2.27/jersey-cdi1x-2.27.jar:/home/user/.m2/repository/org/glassfish/jersey/inject/jersey-hk2/2.27/jersey-hk2-2.27.jar:/home/user/.m2/repository/org/glassfish/hk2/hk2-locator/2.5.0-b42/hk2-locator-2.5.0-b42.jar:/home/user/.m2/repository/org/javassist/javassist/3.22.0-CR2/javassist-3.22.0-CR2.jar:/home/user/.m2/repository/org/glassfish/hk2/hk2-api/2.5.0/hk2-api-2.5.0.jar:/home/user/.m2/repository/org/glassfish/hk2/external/jakarta.inject/2.5.0/jakarta.inject-2.5.0.jar:/home/user/.m2/repository/org/glassfish/hk2/hk2-utils/2.5.0/hk2-utils-2.5.0.jar:/home/user/.m2/repository/jakarta/annotation/jakarta.annotation-api/1.3.4/jakarta.annotation-api-1.3.4.jar:/home/user/.m2/repository/org/glassfish/hk2/external/aopalliance-repackaged/2.5.0/aopalliance-repackaged-2.5.0.jar:/home/user/.m2/repository/com/fasterxml/jackson/dataformat/jackson-dataformat-xml/2.9.0/jackson-dataformat-xml-2.9.0.jar:/home/user/.m2/repository/com/fasterxml/jackson/core/jackson-core/2.9.5/jackson-core-2.9.5.jar:/home/user/.m2/repository/com/fasterxml/jackson/module/jackson-module-jaxb-annotations/2.9.5/jackson-module-jaxb-annotations-2.9.5.jar:/home/user/.m2/repository/javax/enterprise/cdi-api/1.2/cdi-api-1.2.jar:/home/user/.m2/repository/javax/el/javax.el-api/3.0.0/javax.el-api-3.0.0.jar:/home/user/.m2/repository/javax/interceptor/javax.interceptor-api/1.2/javax.interceptor-api-1.2.jar:/home/user/.m2/repository/javax/inject/javax.inject/1/javax.inject-1.jar:/home/user/.m2/repository/com/sun/xml/bind/jaxb-impl/2.3.0.1/jaxb-impl-2.3.0.1.jar:/home/user/.m2/repository/com/sun/xml/bind/jaxb-core/2.3.0.1/jaxb-core-2.3.0.1.jar:/home/user/.m2/repository/javax/xml/bind/jaxb-api/2.3.0/jaxb-api-2.3.0.jar:/home/user/.m2/repository/javax/activation/activation/1.1.1/activation-1.1.1.jar:/home/user/.m2/repository/org/apache/hadoop/hadoop-ozone-csi/0.5.0-SNAPSHOT/hadoop-ozone-csi-0.5.0-SNAPSHOT.jar:/home/user/.m2/repository/com/google/protobuf/protobuf-java-util/3.5.1/protobuf-java-util-3.5.1.jar:/home/user/.m2/repository/org/apache/hadoop/hadoop-hdds-config/0.5.0-SNAPSHOT/hadoop-hdds-config-0.5.0-SNAPSHOT.jar:/home/user/.m2/repository/io/grpc/grpc-netty/1.17.1/grpc-netty-1.17.1.jar:/home/user/.m2/repository/io/grpc/grpc-core/1.17.1/grpc-core-1.17.1.jar:/home/user/.m2/repository/io/grpc/grpc-context/1.17.1/grpc-context-1.17.1.jar:/home/user/.m2/repository/com/google/errorprone/error_prone_annotations/2.2.0/error_prone_annotations-2.2.0.jar:/home/user/.m2/repository/org/codehaus/mojo/animal-sniffer-annotations/1.17/animal-sniffer-annotations-1.17.jar:/home/user/.m2/repository/io/opencensus/opencensus-api/0.17.0/opencensus-api-0.17.0.jar:/home/user/.m2/repository/io/opencensus/opencensus-contrib-grpc-metrics/0.17.0/opencensus-contrib-grpc-metrics-0.17.0.jar:/home/user/.m2/repository/io/netty/netty-codec-http2/4.1.30.Final/netty-codec-http2-4.1.30.Final.jar:/home/user/.m2/repository/io/netty/netty-codec-http/4.1.30.Final/netty-codec-http-4.1.30.Final.jar:/home/user/.m2/repository/io/netty/netty-codec/4.1.30.Final/netty-codec-4.1.30.Final.jar:/home/user/.m2/repository/io/netty/netty-handler/4.1.30.Final/netty-handler-4.1.30.Final.jar:/home/user/.m2/repository/io/netty/netty-handler-proxy/4.1.30.Final/netty-handler-proxy-4.1.30.Final.jar:/home/user/.m2/repository/io/netty/netty-codec-socks/4.1.30.Final/netty-codec-socks-4.1.30.Final.jar:/home/user/.m2/repository/io/netty/netty-transport-native-epoll/4.1.30.Final/netty-transport-native-epoll-4.1.30.Final.jar:/home/user/.m2/repository/io/netty/netty-common/4.1.30.Final/netty-common-4.1.30.Final.jar:/home/user/.m2/repository/io/netty/netty-buffer/4.1.30.Final/netty-buffer-4.1.30.Final.jar:/home/user/.m2/repository/io/netty/netty-transport/4.1.30.Final/netty-transport-4.1.30.Final.jar:/home/user/.m2/repository/io/netty/netty-resolver/4.1.30.Final/netty-resolver-4.1.30.Final.jar:/home/user/.m2/repository/io/netty/netty-transport-native-unix-common/4.1.30.Final/netty-transport-native-unix-common-4.1.30.Final.jar:/home/user/.m2/repository/io/grpc/grpc-protobuf/1.17.1/grpc-protobuf-1.17.1.jar:/home/user/.m2/repository/com/google/api/grpc/proto-google-common-protos/1.0.0/proto-google-common-protos-1.0.0.jar:/home/user/.m2/repository/io/grpc/grpc-protobuf-lite/1.17.1/grpc-protobuf-lite-1.17.1.jar:/home/user/.m2/repository/io/grpc/grpc-stub/1.17.1/grpc-stub-1.17.1.jar:/home/user/.m2/repository/org/apache/hadoop/hadoop-ozone-recon/0.5.0-SNAPSHOT/hadoop-ozone-recon-0.5.0-SNAPSHOT.jar:/home/user/.m2/repository/org/apache/hadoop/hadoop-ozone-reconcodegen/0.5.0-SNAPSHOT/hadoop-ozone-reconcodegen-0.5.0-SNAPSHOT.jar:/home/user/.m2/repository/com/google/inject/extensions/guice-multibindings/4.0/guice-multibindings-4.0.jar:/home/user/.m2/repository/com/google/inject/guice/4.0/guice-4.0.jar:/home/user/.m2/repository/aopalliance/aopalliance/1.0/aopalliance-1.0.jar:/home/user/.m2/repository/com/google/inject/extensions/guice-servlet/4.0/guice-servlet-4.0.jar:/home/user/.m2/repository/org/glassfish/jersey/containers/jersey-container-servlet/2.27/jersey-container-servlet-2.27.jar:/home/user/.m2/repository/org/glassfish/hk2/guice-bridge/2.5.0/guice-bridge-2.5.0.jar:/home/user/.m2/repository/org/glassfish/jersey/core/jersey-server/2.27/jersey-server-2.27.jar:/home/user/.m2/repository/org/glassfish/jersey/core/jersey-client/2.27/jersey-client-2.27.jar:/home/user/.m2/repository/org/glassfish/jersey/media/jersey-media-jaxb/2.27/jersey-media-jaxb-2.27.jar:/home/user/.m2/repository/javax/validation/validation-api/1.1.0.Final/validation-api-1.1.0.Final.jar:/home/user/.m2/repository/org/glassfish/jersey/media/jersey-media-json-jackson/2.27/jersey-media-json-jackson-2.27.jar:/home/user/.m2/repository/org/glassfish/jersey/ext/jersey-entity-filtering/2.27/jersey-entity-filtering-2.27.jar:/home/user/.m2/repository/com/google/inject/extensions/guice-assistedinject/4.0/guice-assistedinject-4.0.jar:/home/user/.m2/repository/org/jooq/jooq/3.11.10/jooq-3.11.10.jar:/home/user/.m2/repository/org/jooq/jooq-meta/3.11.10/jooq-meta-3.11.10.jar:/home/user/.m2/repository/org/jooq/jooq-codegen/3.11.10/jooq-codegen-3.11.10.jar:/home/user/.m2/repository/com/jolbox/bonecp/0.8.0.RELEASE/bonecp-0.8.0.RELEASE.jar:/home/user/.m2/repository/org/xerial/sqlite-jdbc/3.25.2/sqlite-jdbc-3.25.2.jar:/home/user/.m2/repository/org/springframework/spring-jdbc/5.1.3.RELEASE/spring-jdbc-5.1.3.RELEASE.jar:/home/user/.m2/repository/org/springframework/spring-beans/5.1.3.RELEASE/spring-beans-5.1.3.RELEASE.jar:/home/user/.m2/repository/org/springframework/spring-core/5.1.3.RELEASE/spring-core-5.1.3.RELEASE.jar:/home/user/.m2/repository/org/springframework/spring-jcl/5.1.3.RELEASE/spring-jcl-5.1.3.RELEASE.jar:/home/user/.m2/repository/org/springframework/spring-tx/5.1.3.RELEASE/spring-tx-5.1.3.RELEASE.jar:/home/user/.m2/repository/org/apache/hadoop/hadoop-ozone-client/0.5.0-SNAPSHOT/hadoop-ozone-client-0.5.0-SNAPSHOT.jar:/home/user/.m2/repository/commons-lang/commons-lang/2.6/commons-lang-2.6.jar:/home/user/.m2/repository/org/apache/hadoop/hadoop-ozone-ozone-manager/0.5.0-SNAPSHOT/hadoop-ozone-ozone-manager-0.5.0-SNAPSHOT-tests.jar:/home/user/.m2/repository/junit/junit/4.11/junit-4.11.jar:/home/user/.m2/repository/org/hamcrest/hamcrest-core/1.3/hamcrest-core-1.3.jar:/home/user/.m2/repository/org/openjdk/jmh/jmh-core/1.19/jmh-core-1.19.jar:/home/user/.m2/repository/net/sf/jopt-simple/jopt-simple/4.6/jopt-simple-4.6.jar:/home/user/.m2/repository/org/apache/commons/commons-math3/3.1.1/commons-math3-3.1.1.jar:/home/user/.m2/repository/org/openjdk/jmh/jmh-generator-annprocess/1.19/jmh-generator-annprocess-1.19.jar:/home/user/.m2/repository/org/mockito/mockito-all/1.8.5/mockito-all-1.8.5.jar:/home/user/.m2/repository/org/apache/hadoop/hadoop-kms/3.2.0/hadoop-kms-3.2.0.jar:/home/user/.m2/repository/org/apache/hadoop/hadoop-auth/3.2.0/hadoop-auth-3.2.0.jar:/home/user/.m2/repository/com/nimbusds/nimbus-jose-jwt/4.41.1/nimbus-jose-jwt-4.41.1.jar:/home/user/.m2/repository/com/github/stephenc/jcip/jcip-annotations/1.0-1/jcip-annotations-1.0-1.jar:/home/user/.m2/repository/net/minidev/json-smart/2.3/json-smart-2.3.jar:/home/user/.m2/repository/net/minidev/accessors-smart/1.2/accessors-smart-1.2.jar:/home/user/.m2/repository/org/ow2/asm/asm/5.0.4/asm-5.0.4.jar:/home/user/.m2/repository/org/apache/curator/curator-framework/2.12.0/curator-framework-2.12.0.jar:/home/user/.m2/repository/com/sun/jersey/jersey-core/1.19/jersey-core-1.19.jar:/home/user/.m2/repository/javax/ws/rs/jsr311-api/1.1.1/jsr311-api-1.1.1.jar:/home/user/.m2/repository/com/sun/jersey/jersey-server/1.19/jersey-server-1.19.jar:/home/user/.m2/repository/javax/servlet/javax.servlet-api/3.1.0/javax.servlet-api-3.1.0.jar:/home/user/.m2/repository/org/eclipse/jetty/jetty-server/9.3.24.v20180605/jetty-server-9.3.24.v20180605.jar:/home/user/.m2/repository/org/eclipse/jetty/jetty-http/9.3.24.v20180605/jetty-http-9.3.24.v20180605.jar:/home/user/.m2/repository/org/eclipse/jetty/jetty-io/9.3.24.v20180605/jetty-io-9.3.24.v20180605.jar:/home/user/.m2/repository/org/eclipse/jetty/jetty-webapp/9.3.24.v20180605/jetty-webapp-9.3.24.v20180605.jar:/home/user/.m2/repository/org/eclipse/jetty/jetty-xml/9.3.24.v20180605/jetty-xml-9.3.24.v20180605.jar:/home/user/.m2/repository/log4j/log4j/1.2.17/log4j-1.2.17.jar:/home/user/.m2/repository/org/slf4j/slf4j-api/1.7.25/slf4j-api-1.7.25.jar:/home/user/.m2/repository/org/slf4j/jul-to-slf4j/1.7.25/jul-to-slf4j-1.7.25.jar:/home/user/.m2/repository/org/eclipse/jetty/jetty-util/9.3.24.v20180605/jetty-util-9.3.24.v20180605.jar:/home/user/.m2/repository/com/fasterxml/jackson/core/jackson-databind/2.9.5/jackson-databind-2.9.5.jar:/home/user/.m2/repository/org/apache/hadoop/hadoop-kms/3.2.0/hadoop-kms-3.2.0-tests.jar:/home/user/.m2/repository/org/apache/hadoop/hadoop-hdds-server-scm/0.5.0-SNAPSHOT/hadoop-hdds-server-scm-0.5.0-SNAPSHOT-tests.jar:/home/user/.m2/repository/org/apache/hadoop/hadoop-hdds-container-service/0.5.0-SNAPSHOT/hadoop-hdds-container-service-0.5.0-SNAPSHOT-tests.jar:/home/user/.m2/repository/org/yaml/snakeyaml/1.16/snakeyaml-1.16.jar:/home/user/.m2/repository/org/apache/hadoop/hadoop-common/3.2.0/hadoop-common-3.2.0-tests.jar:/home/user/.m2/repository/org/apache/hadoop/hadoop-annotations/3.2.0/hadoop-annotations-3.2.0.jar:/usr/lib/jvm/java-1.8-openjdk/jre/../lib/tools.jar:/home/user/.m2/repository/commons-cli/commons-cli/1.2/commons-cli-1.2.jar:/home/user/.m2/repository/org/apache/httpcomponents/httpclient/4.5.2/httpclient-4.5.2.jar:/home/user/.m2/repository/org/apache/httpcomponents/httpcore/4.4.4/httpcore-4.4.4.jar:/home/user/.m2/repository/commons-codec/commons-codec/1.11/commons-codec-1.11.jar:/home/user/.m2/repository/commons-net/commons-net/3.6/commons-net-3.6.jar:/home/user/.m2/repository/commons-collections/commons-collections/3.2.2/commons-collections-3.2.2.jar:/home/user/.m2/repository/org/eclipse/jetty/jetty-servlet/9.3.24.v20180605/jetty-servlet-9.3.24.v20180605.jar:/home/user/.m2/repository/org/eclipse/jetty/jetty-security/9.3.24.v20180605/jetty-security-9.3.24.v20180605.jar:/home/user/.m2/repository/javax/servlet/jsp/jsp-api/2.1/jsp-api-2.1.jar:/home/user/.m2/repository/com/sun/jersey/jersey-servlet/1.19/jersey-servlet-1.19.jar:/home/user/.m2/repository/com/sun/jersey/jersey-json/1.19/jersey-json-1.19.jar:/home/user/.m2/repository/org/codehaus/jettison/jettison/1.1/jettison-1.1.jar:/home/user/.m2/repository/org/codehaus/jackson/jackson-core-asl/1.9.13/jackson-core-asl-1.9.13.jar:/home/user/.m2/repository/org/codehaus/jackson/jackson-mapper-asl/1.9.13/jackson-mapper-asl-1.9.13.jar:/home/user/.m2/repository/org/codehaus/jackson/jackson-jaxrs/1.9.13/jackson-jaxrs-1.9.13.jar:/home/user/.m2/repository/org/codehaus/jackson/jackson-xc/1.9.13/jackson-xc-1.9.13.jar:/home/user/.m2/repository/commons-logging/commons-logging/1.1.3/commons-logging-1.1.3.jar:/home/user/.m2/repository/commons-beanutils/commons-beanutils/1.9.3/commons-beanutils-1.9.3.jar:/home/user/.m2/repository/org/apache/commons/commons-configuration2/2.1.1/commons-configuration2-2.1.1.jar:/home/user/.m2/repository/org/apache/commons/commons-lang3/3.7/commons-lang3-3.7.jar:/home/user/.m2/repository/org/apache/commons/commons-text/1.4/commons-text-1.4.jar:/home/user/.m2/repository/org/apache/avro/avro/1.7.7/avro-1.7.7.jar:/home/user/.m2/repository/com/thoughtworks/paranamer/paranamer/2.3/paranamer-2.3.jar:/home/user/.m2/repository/org/xerial/snappy/snappy-java/1.0.5/snappy-java-1.0.5.jar:/home/user/.m2/repository/com/google/re2j/re2j/1.1/re2j-1.1.jar:/home/user/.m2/repository/com/google/code/gson/gson/2.2.4/gson-2.2.4.jar:/home/user/.m2/repository/com/jcraft/jsch/0.1.54/jsch-0.1.54.jar:/home/user/.m2/repository/org/apache/curator/curator-client/2.12.0/curator-client-2.12.0.jar:/home/user/.m2/repository/org/apache/curator/curator-recipes/2.12.0/curator-recipes-2.12.0.jar:/home/user/.m2/repository/com/google/code/findbugs/jsr305/3.0.0/jsr305-3.0.0.jar:/home/user/.m2/repository/org/apache/htrace/htrace-core4/4.1.0-incubating/htrace-core4-4.1.0-incubating.jar:/home/user/.m2/repository/org/apache/zookeeper/zookeeper/3.4.13/zookeeper-3.4.13.jar:/home/user/.m2/repository/org/apache/yetus/audience-annotations/0.5.0/audience-annotations-0.5.0.jar:/home/user/.m2/repository/org/codehaus/woodstox/stax2-api/3.1.4/stax2-api-3.1.4.jar:/home/user/.m2/repository/com/fasterxml/woodstox/woodstox-core/5.0.3/woodstox-core-5.0.3.jar:/home/user/.m2/repository/dnsjava/dnsjava/2.1.7/dnsjava-2.1.7.jar:/home/user/.m2/repository/org/apache/hadoop/hadoop-hdfs/3.2.0/hadoop-hdfs-3.2.0-tests.jar:/home/user/.m2/repository/org/eclipse/jetty/jetty-util-ajax/9.3.24.v20180605/jetty-util-ajax-9.3.24.v20180605.jar:/home/user/.m2/repository/commons-daemon/commons-daemon/1.0.13/commons-daemon-1.0.13.jar:/home/user/.m2/repository/io/netty/netty/3.10.5.Final/netty-3.10.5.Final.jar:/home/user/.m2/repository/io/netty/netty-all/4.0.52.Final/netty-all-4.0.52.Final.jar:/home/user/.m2/repository/org/fusesource/leveldbjni/leveldbjni-all/1.8/leveldbjni-all-1.8.jar:"/>
    <property name="java.vm.vendor" value="IcedTea"/>
    <property name="sun.arch.data.model" value="64"/>
    <property name="test.build.dir" value="/workdir/hadoop-ozone/integration-test/target/test-dir"/>
    <property name="test.cache.data" value=""/>
    <property name="java.vendor.url" value="https://icedtea.classpath.org"/>
    <property name="user.timezone" value=""/>
    <property name="java.vm.specification.version" value="1.8"/>
    <property name="os.name" value="Linux"/>
    <property name="test.build.data" value="/workdir/hadoop-ozone/integration-test/target/test-dir"/>
    <property name="user.country" value="US"/>
    <property name="sun.java.launcher" value="SUN_STANDARD"/>
    <property name="sun.boot.library.path" value="/usr/lib/jvm/java-1.8-openjdk/jre/lib/amd64"/>
    <property name="sun.java.command" value="/workdir/hadoop-ozone/integration-test/target/surefire/surefirebooter5528165967276265564.jar /workdir/hadoop-ozone/integration-test/target/surefire 2019-08-29T07-35-59_936-jvmRun1 surefire6164568907330617381tmp surefire_556460957198396068915tmp"/>
    <property name="test" value="!TestMiniChaosOzoneCluster"/>
    <property name="surefire.test.class.path" value="/workdir/hadoop-ozone/integration-test/target/test-classes:/workdir/hadoop-ozone/integration-test/target/classes:/home/user/.m2/repository/org/apache/hadoop/hadoop-ozone-common/0.5.0-SNAPSHOT/hadoop-ozone-common-0.5.0-SNAPSHOT.jar:/home/user/.m2/repository/org/apache/commons/commons-compress/1.4.1/commons-compress-1.4.1.jar:/home/user/.m2/repository/org/tukaani/xz/1.0/xz-1.0.jar:/home/user/.m2/repository/org/apache/hadoop/hadoop-common/3.2.0/hadoop-common-3.2.0.jar:/home/user/.m2/repository/org/apache/hadoop/hadoop-hdfs/3.2.0/hadoop-hdfs-3.2.0.jar:/home/user/.m2/repository/org/apache/hadoop/hadoop-hdfs-client/3.2.0/hadoop-hdfs-client-3.2.0.jar:/home/user/.m2/repository/com/fasterxml/jackson/core/jackson-annotations/2.9.5/jackson-annotations-2.9.5.jar:/home/user/.m2/repository/org/apache/hadoop/hadoop-hdds-common/0.5.0-SNAPSHOT/hadoop-hdds-common-0.5.0-SNAPSHOT.jar:/home/user/.m2/repository/javax/annotation/javax.annotation-api/1.2/javax.annotation-api-1.2.jar:/home/user/.m2/repository/org/apache/ratis/ratis-server/0.4.0-2337318-SNAPSHOT/ratis-server-0.4.0-2337318-SNAPSHOT.jar:/home/user/.m2/repository/org/apache/ratis/ratis-thirdparty-misc/0.2.0/ratis-thirdparty-misc-0.2.0.jar:/home/user/.m2/repository/org/apache/ratis/ratis-proto/0.4.0-2337318-SNAPSHOT/ratis-proto-0.4.0-2337318-SNAPSHOT.jar:/home/user/.m2/repository/org/apache/ratis/ratis-common/0.4.0-2337318-SNAPSHOT/ratis-common-0.4.0-2337318-SNAPSHOT.jar:/home/user/.m2/repository/org/apache/ratis/ratis-client/0.4.0-2337318-SNAPSHOT/ratis-client-0.4.0-2337318-SNAPSHOT.jar:/home/user/.m2/repository/org/apache/ratis/ratis-metrics/0.4.0-2337318-SNAPSHOT/ratis-metrics-0.4.0-2337318-SNAPSHOT.jar:/home/user/.m2/repository/org/apache/ratis/ratis-netty/0.4.0-2337318-SNAPSHOT/ratis-netty-0.4.0-2337318-SNAPSHOT.jar:/home/user/.m2/repository/org/apache/ratis/ratis-grpc/0.4.0-2337318-SNAPSHOT/ratis-grpc-0.4.0-2337318-SNAPSHOT.jar:/home/user/.m2/repository/org/rocksdb/rocksdbjni/6.0.1/rocksdbjni-6.0.1.jar:/home/user/.m2/repository/org/apache/logging/log4j/log4j-api/2.11.0/log4j-api-2.11.0.jar:/home/user/.m2/repository/org/apache/logging/log4j/log4j-core/2.11.0/log4j-core-2.11.0.jar:/home/user/.m2/repository/com/lmax/disruptor/3.4.2/disruptor-3.4.2.jar:/home/user/.m2/repository/org/apache/commons/commons-pool2/2.6.0/commons-pool2-2.6.0.jar:/home/user/.m2/repository/org/bouncycastle/bcpkix-jdk15on/1.60/bcpkix-jdk15on-1.60.jar:/home/user/.m2/repository/commons-validator/commons-validator/1.6/commons-validator-1.6.jar:/home/user/.m2/repository/commons-digester/commons-digester/1.8.1/commons-digester-1.8.1.jar:/home/user/.m2/repository/io/jaegertracing/jaeger-client/0.33.1/jaeger-client-0.33.1.jar:/home/user/.m2/repository/io/jaegertracing/jaeger-thrift/0.33.1/jaeger-thrift-0.33.1.jar:/home/user/.m2/repository/org/apache/thrift/libthrift/0.11.0/libthrift-0.11.0.jar:/home/user/.m2/repository/com/squareup/okhttp3/okhttp/3.9.0/okhttp-3.9.0.jar:/home/user/.m2/repository/com/squareup/okio/okio/1.13.0/okio-1.13.0.jar:/home/user/.m2/repository/io/jaegertracing/jaeger-core/0.33.1/jaeger-core-0.33.1.jar:/home/user/.m2/repository/io/jaegertracing/jaeger-tracerresolver/0.33.1/jaeger-tracerresolver-0.33.1.jar:/home/user/.m2/repository/io/opentracing/contrib/opentracing-tracerresolver/0.1.5/opentracing-tracerresolver-0.1.5.jar:/home/user/.m2/repository/io/opentracing/opentracing-util/0.31.0/opentracing-util-0.31.0.jar:/home/user/.m2/repository/io/opentracing/opentracing-api/0.31.0/opentracing-api-0.31.0.jar:/home/user/.m2/repository/io/opentracing/opentracing-noop/0.31.0/opentracing-noop-0.31.0.jar:/home/user/.m2/repository/org/apache/hadoop/hadoop-hdds-server-framework/0.5.0-SNAPSHOT/hadoop-hdds-server-framework-0.5.0-SNAPSHOT.jar:/home/user/.m2/repository/org/apache/hadoop/hadoop-hdds-container-service/0.5.0-SNAPSHOT/hadoop-hdds-container-service-0.5.0-SNAPSHOT.jar:/home/user/.m2/repository/org/apache/hadoop/hadoop-hdds-client/0.5.0-SNAPSHOT/hadoop-hdds-client-0.5.0-SNAPSHOT.jar:/home/user/.m2/repository/org/apache/hadoop/hadoop-hdds-tools/0.5.0-SNAPSHOT/hadoop-hdds-tools-0.5.0-SNAPSHOT.jar:/home/user/.m2/repository/org/apache/hadoop/hadoop-hdds-server-scm/0.5.0-SNAPSHOT/hadoop-hdds-server-scm-0.5.0-SNAPSHOT.jar:/home/user/.m2/repository/org/apache/hadoop/hadoop-hdds-docs/0.5.0-SNAPSHOT/hadoop-hdds-docs-0.5.0-SNAPSHOT.jar:/home/user/.m2/repository/io/dropwizard/metrics/metrics-core/3.2.4/metrics-core-3.2.4.jar:/home/user/.m2/repository/org/hamcrest/hamcrest-all/1.3/hamcrest-all-1.3.jar:/home/user/.m2/repository/org/bouncycastle/bcprov-jdk15on/1.60/bcprov-jdk15on-1.60.jar:/home/user/.m2/repository/info/picocli/picocli/3.9.6/picocli-3.9.6.jar:/home/user/.m2/repository/com/google/protobuf/protobuf-java/2.5.0/protobuf-java-2.5.0.jar:/home/user/.m2/repository/com/google/guava/guava/11.0.2/guava-11.0.2.jar:/home/user/.m2/repository/org/apache/hadoop/hadoop-ozone-ozone-manager/0.5.0-SNAPSHOT/hadoop-ozone-ozone-manager-0.5.0-SNAPSHOT.jar:/home/user/.m2/repository/org/apache/hadoop/hadoop-minikdc/3.2.0/hadoop-minikdc-3.2.0.jar:/home/user/.m2/repository/commons-io/commons-io/2.5/commons-io-2.5.jar:/home/user/.m2/repository/org/apache/kerby/kerb-simplekdc/1.0.1/kerb-simplekdc-1.0.1.jar:/home/user/.m2/repository/org/apache/kerby/kerb-client/1.0.1/kerb-client-1.0.1.jar:/home/user/.m2/repository/org/apache/kerby/kerby-config/1.0.1/kerby-config-1.0.1.jar:/home/user/.m2/repository/org/apache/kerby/kerb-core/1.0.1/kerb-core-1.0.1.jar:/home/user/.m2/repository/org/apache/kerby/kerby-pkix/1.0.1/kerby-pkix-1.0.1.jar:/home/user/.m2/repository/org/apache/kerby/kerby-asn1/1.0.1/kerby-asn1-1.0.1.jar:/home/user/.m2/repository/org/apache/kerby/kerby-util/1.0.1/kerby-util-1.0.1.jar:/home/user/.m2/repository/org/apache/kerby/kerb-common/1.0.1/kerb-common-1.0.1.jar:/home/user/.m2/repository/org/apache/kerby/kerb-crypto/1.0.1/kerb-crypto-1.0.1.jar:/home/user/.m2/repository/org/apache/kerby/kerb-util/1.0.1/kerb-util-1.0.1.jar:/home/user/.m2/repository/org/apache/kerby/token-provider/1.0.1/token-provider-1.0.1.jar:/home/user/.m2/repository/org/apache/kerby/kerb-admin/1.0.1/kerb-admin-1.0.1.jar:/home/user/.m2/repository/org/apache/kerby/kerb-server/1.0.1/kerb-server-1.0.1.jar:/home/user/.m2/repository/org/apache/kerby/kerb-identity/1.0.1/kerb-identity-1.0.1.jar:/home/user/.m2/repository/org/apache/kerby/kerby-xdr/1.0.1/kerby-xdr-1.0.1.jar:/home/user/.m2/repository/org/slf4j/slf4j-log4j12/1.7.25/slf4j-log4j12-1.7.25.jar:/home/user/.m2/repository/org/apache/hadoop/hadoop-ozone-objectstore-service/0.5.0-SNAPSHOT/hadoop-ozone-objectstore-service-0.5.0-SNAPSHOT.jar:/home/user/.m2/repository/org/apache/hadoop/hadoop-ozone-s3gateway/0.5.0-SNAPSHOT/hadoop-ozone-s3gateway-0.5.0-SNAPSHOT.jar:/home/user/.m2/repository/org/jboss/weld/servlet/weld-servlet/2.4.7.Final/weld-servlet-2.4.7.Final.jar:/home/user/.m2/repository/org/glassfish/jersey/containers/jersey-container-servlet-core/2.27/jersey-container-servlet-core-2.27.jar:/home/user/.m2/repository/org/glassfish/hk2/external/javax.inject/2.5.0-b42/javax.inject-2.5.0-b42.jar:/home/user/.m2/repository/org/glassfish/jersey/core/jersey-common/2.27/jersey-common-2.27.jar:/home/user/.m2/repository/org/glassfish/hk2/osgi-resource-locator/1.0.1/osgi-resource-locator-1.0.1.jar:/home/user/.m2/repository/javax/ws/rs/javax.ws.rs-api/2.1/javax.ws.rs-api-2.1.jar:/home/user/.m2/repository/org/glassfish/jersey/ext/cdi/jersey-cdi1x/2.27/jersey-cdi1x-2.27.jar:/home/user/.m2/repository/org/glassfish/jersey/inject/jersey-hk2/2.27/jersey-hk2-2.27.jar:/home/user/.m2/repository/org/glassfish/hk2/hk2-locator/2.5.0-b42/hk2-locator-2.5.0-b42.jar:/home/user/.m2/repository/org/javassist/javassist/3.22.0-CR2/javassist-3.22.0-CR2.jar:/home/user/.m2/repository/org/glassfish/hk2/hk2-api/2.5.0/hk2-api-2.5.0.jar:/home/user/.m2/repository/org/glassfish/hk2/external/jakarta.inject/2.5.0/jakarta.inject-2.5.0.jar:/home/user/.m2/repository/org/glassfish/hk2/hk2-utils/2.5.0/hk2-utils-2.5.0.jar:/home/user/.m2/repository/jakarta/annotation/jakarta.annotation-api/1.3.4/jakarta.annotation-api-1.3.4.jar:/home/user/.m2/repository/org/glassfish/hk2/external/aopalliance-repackaged/2.5.0/aopalliance-repackaged-2.5.0.jar:/home/user/.m2/repository/com/fasterxml/jackson/dataformat/jackson-dataformat-xml/2.9.0/jackson-dataformat-xml-2.9.0.jar:/home/user/.m2/repository/com/fasterxml/jackson/core/jackson-core/2.9.5/jackson-core-2.9.5.jar:/home/user/.m2/repository/com/fasterxml/jackson/module/jackson-module-jaxb-annotations/2.9.5/jackson-module-jaxb-annotations-2.9.5.jar:/home/user/.m2/repository/javax/enterprise/cdi-api/1.2/cdi-api-1.2.jar:/home/user/.m2/repository/javax/el/javax.el-api/3.0.0/javax.el-api-3.0.0.jar:/home/user/.m2/repository/javax/interceptor/javax.interceptor-api/1.2/javax.interceptor-api-1.2.jar:/home/user/.m2/repository/javax/inject/javax.inject/1/javax.inject-1.jar:/home/user/.m2/repository/com/sun/xml/bind/jaxb-impl/2.3.0.1/jaxb-impl-2.3.0.1.jar:/home/user/.m2/repository/com/sun/xml/bind/jaxb-core/2.3.0.1/jaxb-core-2.3.0.1.jar:/home/user/.m2/repository/javax/xml/bind/jaxb-api/2.3.0/jaxb-api-2.3.0.jar:/home/user/.m2/repository/javax/activation/activation/1.1.1/activation-1.1.1.jar:/home/user/.m2/repository/org/apache/hadoop/hadoop-ozone-csi/0.5.0-SNAPSHOT/hadoop-ozone-csi-0.5.0-SNAPSHOT.jar:/home/user/.m2/repository/com/google/protobuf/protobuf-java-util/3.5.1/protobuf-java-util-3.5.1.jar:/home/user/.m2/repository/org/apache/hadoop/hadoop-hdds-config/0.5.0-SNAPSHOT/hadoop-hdds-config-0.5.0-SNAPSHOT.jar:/home/user/.m2/repository/io/grpc/grpc-netty/1.17.1/grpc-netty-1.17.1.jar:/home/user/.m2/repository/io/grpc/grpc-core/1.17.1/grpc-core-1.17.1.jar:/home/user/.m2/repository/io/grpc/grpc-context/1.17.1/grpc-context-1.17.1.jar:/home/user/.m2/repository/com/google/errorprone/error_prone_annotations/2.2.0/error_prone_annotations-2.2.0.jar:/home/user/.m2/repository/org/codehaus/mojo/animal-sniffer-annotations/1.17/animal-sniffer-annotations-1.17.jar:/home/user/.m2/repository/io/opencensus/opencensus-api/0.17.0/opencensus-api-0.17.0.jar:/home/user/.m2/repository/io/opencensus/opencensus-contrib-grpc-metrics/0.17.0/opencensus-contrib-grpc-metrics-0.17.0.jar:/home/user/.m2/repository/io/netty/netty-codec-http2/4.1.30.Final/netty-codec-http2-4.1.30.Final.jar:/home/user/.m2/repository/io/netty/netty-codec-http/4.1.30.Final/netty-codec-http-4.1.30.Final.jar:/home/user/.m2/repository/io/netty/netty-codec/4.1.30.Final/netty-codec-4.1.30.Final.jar:/home/user/.m2/repository/io/netty/netty-handler/4.1.30.Final/netty-handler-4.1.30.Final.jar:/home/user/.m2/repository/io/netty/netty-handler-proxy/4.1.30.Final/netty-handler-proxy-4.1.30.Final.jar:/home/user/.m2/repository/io/netty/netty-codec-socks/4.1.30.Final/netty-codec-socks-4.1.30.Final.jar:/home/user/.m2/repository/io/netty/netty-transport-native-epoll/4.1.30.Final/netty-transport-native-epoll-4.1.30.Final.jar:/home/user/.m2/repository/io/netty/netty-common/4.1.30.Final/netty-common-4.1.30.Final.jar:/home/user/.m2/repository/io/netty/netty-buffer/4.1.30.Final/netty-buffer-4.1.30.Final.jar:/home/user/.m2/repository/io/netty/netty-transport/4.1.30.Final/netty-transport-4.1.30.Final.jar:/home/user/.m2/repository/io/netty/netty-resolver/4.1.30.Final/netty-resolver-4.1.30.Final.jar:/home/user/.m2/repository/io/netty/netty-transport-native-unix-common/4.1.30.Final/netty-transport-native-unix-common-4.1.30.Final.jar:/home/user/.m2/repository/io/grpc/grpc-protobuf/1.17.1/grpc-protobuf-1.17.1.jar:/home/user/.m2/repository/com/google/api/grpc/proto-google-common-protos/1.0.0/proto-google-common-protos-1.0.0.jar:/home/user/.m2/repository/io/grpc/grpc-protobuf-lite/1.17.1/grpc-protobuf-lite-1.17.1.jar:/home/user/.m2/repository/io/grpc/grpc-stub/1.17.1/grpc-stub-1.17.1.jar:/home/user/.m2/repository/org/apache/hadoop/hadoop-ozone-recon/0.5.0-SNAPSHOT/hadoop-ozone-recon-0.5.0-SNAPSHOT.jar:/home/user/.m2/repository/org/apache/hadoop/hadoop-ozone-reconcodegen/0.5.0-SNAPSHOT/hadoop-ozone-reconcodegen-0.5.0-SNAPSHOT.jar:/home/user/.m2/repository/com/google/inject/extensions/guice-multibindings/4.0/guice-multibindings-4.0.jar:/home/user/.m2/repository/com/google/inject/guice/4.0/guice-4.0.jar:/home/user/.m2/repository/aopalliance/aopalliance/1.0/aopalliance-1.0.jar:/home/user/.m2/repository/com/google/inject/extensions/guice-servlet/4.0/guice-servlet-4.0.jar:/home/user/.m2/repository/org/glassfish/jersey/containers/jersey-container-servlet/2.27/jersey-container-servlet-2.27.jar:/home/user/.m2/repository/org/glassfish/hk2/guice-bridge/2.5.0/guice-bridge-2.5.0.jar:/home/user/.m2/repository/org/glassfish/jersey/core/jersey-server/2.27/jersey-server-2.27.jar:/home/user/.m2/repository/org/glassfish/jersey/core/jersey-client/2.27/jersey-client-2.27.jar:/home/user/.m2/repository/org/glassfish/jersey/media/jersey-media-jaxb/2.27/jersey-media-jaxb-2.27.jar:/home/user/.m2/repository/javax/validation/validation-api/1.1.0.Final/validation-api-1.1.0.Final.jar:/home/user/.m2/repository/org/glassfish/jersey/media/jersey-media-json-jackson/2.27/jersey-media-json-jackson-2.27.jar:/home/user/.m2/repository/org/glassfish/jersey/ext/jersey-entity-filtering/2.27/jersey-entity-filtering-2.27.jar:/home/user/.m2/repository/com/google/inject/extensions/guice-assistedinject/4.0/guice-assistedinject-4.0.jar:/home/user/.m2/repository/org/jooq/jooq/3.11.10/jooq-3.11.10.jar:/home/user/.m2/repository/org/jooq/jooq-meta/3.11.10/jooq-meta-3.11.10.jar:/home/user/.m2/repository/org/jooq/jooq-codegen/3.11.10/jooq-codegen-3.11.10.jar:/home/user/.m2/repository/com/jolbox/bonecp/0.8.0.RELEASE/bonecp-0.8.0.RELEASE.jar:/home/user/.m2/repository/org/xerial/sqlite-jdbc/3.25.2/sqlite-jdbc-3.25.2.jar:/home/user/.m2/repository/org/springframework/spring-jdbc/5.1.3.RELEASE/spring-jdbc-5.1.3.RELEASE.jar:/home/user/.m2/repository/org/springframework/spring-beans/5.1.3.RELEASE/spring-beans-5.1.3.RELEASE.jar:/home/user/.m2/repository/org/springframework/spring-core/5.1.3.RELEASE/spring-core-5.1.3.RELEASE.jar:/home/user/.m2/repository/org/springframework/spring-jcl/5.1.3.RELEASE/spring-jcl-5.1.3.RELEASE.jar:/home/user/.m2/repository/org/springframework/spring-tx/5.1.3.RELEASE/spring-tx-5.1.3.RELEASE.jar:/home/user/.m2/repository/org/apache/hadoop/hadoop-ozone-client/0.5.0-SNAPSHOT/hadoop-ozone-client-0.5.0-SNAPSHOT.jar:/home/user/.m2/repository/commons-lang/commons-lang/2.6/commons-lang-2.6.jar:/home/user/.m2/repository/org/apache/hadoop/hadoop-ozone-ozone-manager/0.5.0-SNAPSHOT/hadoop-ozone-ozone-manager-0.5.0-SNAPSHOT-tests.jar:/home/user/.m2/repository/junit/junit/4.11/junit-4.11.jar:/home/user/.m2/repository/org/hamcrest/hamcrest-core/1.3/hamcrest-core-1.3.jar:/home/user/.m2/repository/org/openjdk/jmh/jmh-core/1.19/jmh-core-1.19.jar:/home/user/.m2/repository/net/sf/jopt-simple/jopt-simple/4.6/jopt-simple-4.6.jar:/home/user/.m2/repository/org/apache/commons/commons-math3/3.1.1/commons-math3-3.1.1.jar:/home/user/.m2/repository/org/openjdk/jmh/jmh-generator-annprocess/1.19/jmh-generator-annprocess-1.19.jar:/home/user/.m2/repository/org/mockito/mockito-all/1.8.5/mockito-all-1.8.5.jar:/home/user/.m2/repository/org/apache/hadoop/hadoop-kms/3.2.0/hadoop-kms-3.2.0.jar:/home/user/.m2/repository/org/apache/hadoop/hadoop-auth/3.2.0/hadoop-auth-3.2.0.jar:/home/user/.m2/repository/com/nimbusds/nimbus-jose-jwt/4.41.1/nimbus-jose-jwt-4.41.1.jar:/home/user/.m2/repository/com/github/stephenc/jcip/jcip-annotations/1.0-1/jcip-annotations-1.0-1.jar:/home/user/.m2/repository/net/minidev/json-smart/2.3/json-smart-2.3.jar:/home/user/.m2/repository/net/minidev/accessors-smart/1.2/accessors-smart-1.2.jar:/home/user/.m2/repository/org/ow2/asm/asm/5.0.4/asm-5.0.4.jar:/home/user/.m2/repository/org/apache/curator/curator-framework/2.12.0/curator-framework-2.12.0.jar:/home/user/.m2/repository/com/sun/jersey/jersey-core/1.19/jersey-core-1.19.jar:/home/user/.m2/repository/javax/ws/rs/jsr311-api/1.1.1/jsr311-api-1.1.1.jar:/home/user/.m2/repository/com/sun/jersey/jersey-server/1.19/jersey-server-1.19.jar:/home/user/.m2/repository/javax/servlet/javax.servlet-api/3.1.0/javax.servlet-api-3.1.0.jar:/home/user/.m2/repository/org/eclipse/jetty/jetty-server/9.3.24.v20180605/jetty-server-9.3.24.v20180605.jar:/home/user/.m2/repository/org/eclipse/jetty/jetty-http/9.3.24.v20180605/jetty-http-9.3.24.v20180605.jar:/home/user/.m2/repository/org/eclipse/jetty/jetty-io/9.3.24.v20180605/jetty-io-9.3.24.v20180605.jar:/home/user/.m2/repository/org/eclipse/jetty/jetty-webapp/9.3.24.v20180605/jetty-webapp-9.3.24.v20180605.jar:/home/user/.m2/repository/org/eclipse/jetty/jetty-xml/9.3.24.v20180605/jetty-xml-9.3.24.v20180605.jar:/home/user/.m2/repository/log4j/log4j/1.2.17/log4j-1.2.17.jar:/home/user/.m2/repository/org/slf4j/slf4j-api/1.7.25/slf4j-api-1.7.25.jar:/home/user/.m2/repository/org/slf4j/jul-to-slf4j/1.7.25/jul-to-slf4j-1.7.25.jar:/home/user/.m2/repository/org/eclipse/jetty/jetty-util/9.3.24.v20180605/jetty-util-9.3.24.v20180605.jar:/home/user/.m2/repository/com/fasterxml/jackson/core/jackson-databind/2.9.5/jackson-databind-2.9.5.jar:/home/user/.m2/repository/org/apache/hadoop/hadoop-kms/3.2.0/hadoop-kms-3.2.0-tests.jar:/home/user/.m2/repository/org/apache/hadoop/hadoop-hdds-server-scm/0.5.0-SNAPSHOT/hadoop-hdds-server-scm-0.5.0-SNAPSHOT-tests.jar:/home/user/.m2/repository/org/apache/hadoop/hadoop-hdds-container-service/0.5.0-SNAPSHOT/hadoop-hdds-container-service-0.5.0-SNAPSHOT-tests.jar:/home/user/.m2/repository/org/yaml/snakeyaml/1.16/snakeyaml-1.16.jar:/home/user/.m2/repository/org/apache/hadoop/hadoop-common/3.2.0/hadoop-common-3.2.0-tests.jar:/home/user/.m2/repository/org/apache/hadoop/hadoop-annotations/3.2.0/hadoop-annotations-3.2.0.jar:/usr/lib/jvm/java-1.8-openjdk/jre/../lib/tools.jar:/home/user/.m2/repository/commons-cli/commons-cli/1.2/commons-cli-1.2.jar:/home/user/.m2/repository/org/apache/httpcomponents/httpclient/4.5.2/httpclient-4.5.2.jar:/home/user/.m2/repository/org/apache/httpcomponents/httpcore/4.4.4/httpcore-4.4.4.jar:/home/user/.m2/repository/commons-codec/commons-codec/1.11/commons-codec-1.11.jar:/home/user/.m2/repository/commons-net/commons-net/3.6/commons-net-3.6.jar:/home/user/.m2/repository/commons-collections/commons-collections/3.2.2/commons-collections-3.2.2.jar:/home/user/.m2/repository/org/eclipse/jetty/jetty-servlet/9.3.24.v20180605/jetty-servlet-9.3.24.v20180605.jar:/home/user/.m2/repository/org/eclipse/jetty/jetty-security/9.3.24.v20180605/jetty-security-9.3.24.v20180605.jar:/home/user/.m2/repository/javax/servlet/jsp/jsp-api/2.1/jsp-api-2.1.jar:/home/user/.m2/repository/com/sun/jersey/jersey-servlet/1.19/jersey-servlet-1.19.jar:/home/user/.m2/repository/com/sun/jersey/jersey-json/1.19/jersey-json-1.19.jar:/home/user/.m2/repository/org/codehaus/jettison/jettison/1.1/jettison-1.1.jar:/home/user/.m2/repository/org/codehaus/jackson/jackson-core-asl/1.9.13/jackson-core-asl-1.9.13.jar:/home/user/.m2/repository/org/codehaus/jackson/jackson-mapper-asl/1.9.13/jackson-mapper-asl-1.9.13.jar:/home/user/.m2/repository/org/codehaus/jackson/jackson-jaxrs/1.9.13/jackson-jaxrs-1.9.13.jar:/home/user/.m2/repository/org/codehaus/jackson/jackson-xc/1.9.13/jackson-xc-1.9.13.jar:/home/user/.m2/repository/commons-logging/commons-logging/1.1.3/commons-logging-1.1.3.jar:/home/user/.m2/repository/commons-beanutils/commons-beanutils/1.9.3/commons-beanutils-1.9.3.jar:/home/user/.m2/repository/org/apache/commons/commons-configuration2/2.1.1/commons-configuration2-2.1.1.jar:/home/user/.m2/repository/org/apache/commons/commons-lang3/3.7/commons-lang3-3.7.jar:/home/user/.m2/repository/org/apache/commons/commons-text/1.4/commons-text-1.4.jar:/home/user/.m2/repository/org/apache/avro/avro/1.7.7/avro-1.7.7.jar:/home/user/.m2/repository/com/thoughtworks/paranamer/paranamer/2.3/paranamer-2.3.jar:/home/user/.m2/repository/org/xerial/snappy/snappy-java/1.0.5/snappy-java-1.0.5.jar:/home/user/.m2/repository/com/google/re2j/re2j/1.1/re2j-1.1.jar:/home/user/.m2/repository/com/google/code/gson/gson/2.2.4/gson-2.2.4.jar:/home/user/.m2/repository/com/jcraft/jsch/0.1.54/jsch-0.1.54.jar:/home/user/.m2/repository/org/apache/curator/curator-client/2.12.0/curator-client-2.12.0.jar:/home/user/.m2/repository/org/apache/curator/curator-recipes/2.12.0/curator-recipes-2.12.0.jar:/home/user/.m2/repository/com/google/code/findbugs/jsr305/3.0.0/jsr305-3.0.0.jar:/home/user/.m2/repository/org/apache/htrace/htrace-core4/4.1.0-incubating/htrace-core4-4.1.0-incubating.jar:/home/user/.m2/repository/org/apache/zookeeper/zookeeper/3.4.13/zookeeper-3.4.13.jar:/home/user/.m2/repository/org/apache/yetus/audience-annotations/0.5.0/audience-annotations-0.5.0.jar:/home/user/.m2/repository/org/codehaus/woodstox/stax2-api/3.1.4/stax2-api-3.1.4.jar:/home/user/.m2/repository/com/fasterxml/woodstox/woodstox-core/5.0.3/woodstox-core-5.0.3.jar:/home/user/.m2/repository/dnsjava/dnsjava/2.1.7/dnsjava-2.1.7.jar:/home/user/.m2/repository/org/apache/hadoop/hadoop-hdfs/3.2.0/hadoop-hdfs-3.2.0-tests.jar:/home/user/.m2/repository/org/eclipse/jetty/jetty-util-ajax/9.3.24.v20180605/jetty-util-ajax-9.3.24.v20180605.jar:/home/user/.m2/repository/commons-daemon/commons-daemon/1.0.13/commons-daemon-1.0.13.jar:/home/user/.m2/repository/io/netty/netty/3.10.5.Final/netty-3.10.5.Final.jar:/home/user/.m2/repository/io/netty/netty-all/4.0.52.Final/netty-all-4.0.52.Final.jar:/home/user/.m2/repository/org/fusesource/leveldbjni/leveldbjni-all/1.8/leveldbjni-all-1.8.jar:"/>
    <property name="sun.cpu.endian" value="little"/>
    <property name="user.home" value="/home/user"/>
    <property name="user.language" value="en"/>
    <property name="java.specification.vendor" value="Oracle Corporation"/>
    <property name="java.home" value="/usr/lib/jvm/java-1.8-openjdk/jre"/>
    <property name="java.security.krb5.conf" value="/workdir/hadoop-ozone/integration-test/target/test-classes/krb5.conf"/>
    <property name="basedir" value="/workdir/hadoop-ozone/integration-test"/>
    <property name="file.separator" value="/"/>
    <property name="line.separator" value="&#10;"/>
    <property name="java.vm.specification.vendor" value="Oracle Corporation"/>
    <property name="java.specification.name" value="Java Platform API Specification"/>
    <property name="java.awt.graphicsenv" value="sun.awt.X11GraphicsEnvironment"/>
    <property name="surefire.real.class.path" value="/workdir/hadoop-ozone/integration-test/target/surefire/surefirebooter5528165967276265564.jar"/>
    <property name="hadoop.log.dir" value="/workdir/hadoop-ozone/integration-test/target/log"/>
    <property name="sun.boot.class.path" value="/usr/lib/jvm/java-1.8-openjdk/jre/lib/resources.jar:/usr/lib/jvm/java-1.8-openjdk/jre/lib/rt.jar:/usr/lib/jvm/java-1.8-openjdk/jre/lib/sunrsasign.jar:/usr/lib/jvm/java-1.8-openjdk/jre/lib/jsse.jar:/usr/lib/jvm/java-1.8-openjdk/jre/lib/jce.jar:/usr/lib/jvm/java-1.8-openjdk/jre/lib/charsets.jar:/usr/lib/jvm/java-1.8-openjdk/jre/lib/jfr.jar:/usr/lib/jvm/java-1.8-openjdk/jre/classes"/>
    <property name="sun.management.compiler" value="HotSpot 64-Bit Tiered Compilers"/>
    <property name="java.runtime.version" value="1.8.0_212-b04"/>
    <property name="java.net.preferIPv4Stack" value="true"/>
    <property name="user.name" value="jenkins1000"/>
    <property name="path.separator" value=":"/>
    <property name="java.security.egd" value="file:///dev/urandom"/>
    <property name="os.version" value="3.10.0-957.12.2.el7.x86_64"/>
    <property name="java.endorsed.dirs" value="/usr/lib/jvm/java-1.8-openjdk/jre/lib/endorsed"/>
    <property name="java.runtime.name" value="OpenJDK Runtime Environment"/>
    <property name="file.encoding" value="UTF-8"/>
    <property name="java.vm.name" value="OpenJDK 64-Bit Server VM"/>
    <property name="test.build.webapps" value=""/>
    <property name="localRepository" value="/home/user/.m2/repository"/>
    <property name="java.vendor.url.bug" value="https://icedtea.classpath.org/bugzilla"/>
    <property name="java.io.tmpdir" value="/tmp"/>
    <property name="require.test.libhadoop" value=""/>
    <property name="java.version" value="1.8.0_212"/>
    <property name="user.dir" value="/workdir/hadoop-ozone/integration-test"/>
    <property name="os.arch" value="amd64"/>
    <property name="java.vm.specification.name" value="Java Virtual Machine Specification"/>
    <property name="test.build.classes" value="/workdir/hadoop-ozone/integration-test/target/test-classes"/>
    <property name="java.awt.printerjob" value="sun.print.PSPrinterJob"/>
    <property name="sun.os.patch.level" value="unknown"/>
    <property name="hadoop.tmp.dir" value="/workdir/hadoop-ozone/integration-test/target/tmp"/>
    <property name="java.library.path" value="/usr/lib/jvm/java-1.8-openjdk/jre/lib/amd64/server:/usr/lib/jvm/java-1.8-openjdk/jre/lib/amd64:/usr/lib/jvm/java-1.8-openjdk/jre/../lib/amd64:/workdir/hadoop-ozone/integration-test/target/native/target/usr/local/lib:/workdir/hadoop-ozone/integration-test/../../hadoop-common-project/hadoop-common/target/native/target/usr/local/lib:/usr/java/packages/lib/amd64:/usr/lib64:/lib64:/lib:/usr/lib"/>
    <property name="java.vm.info" value="mixed mode"/>
    <property name="java.vendor" value="IcedTea"/>
    <property name="java.vm.version" value="25.212-b04"/>
    <property name="java.ext.dirs" value="/usr/lib/jvm/java-1.8-openjdk/jre/lib/ext:/usr/java/packages/lib/ext"/>
    <property name="sun.io.unicode.encoding" value="UnicodeLittle"/>
    <property name="java.class.version" value="52.0"/>
  </properties>
  <testcase name="test2WayCommitForRetryfailure" classname="org.apache.hadoop.ozone.client.rpc.Test2WayCommitInRatis" time="39.635">
    <error message="org.apache.ratis.protocol.RaftRetryFailureException: Failed RaftClientRequest:client-06321B7A3B9E-&gt;0478feb3-a59d-4754-80fd-79ba24eb7e66@group-FC084516F7F3, cid=14, seq=2*, RW, org.apache.hadoop.hdds.scm.XceiverClientRatis$$Lambda$297/1968038739@18d92101 for 20 attempts with RetryLimited(maxAttempts=20, sleepTime=1000ms)" type="java.util.concurrent.ExecutionException">java.util.concurrent.ExecutionException: org.apache.ratis.protocol.RaftRetryFailureException: Failed RaftClientRequest:client-06321B7A3B9E->0478feb3-a59d-4754-80fd-79ba24eb7e66@group-FC084516F7F3, cid=14, seq=2*, RW, org.apache.hadoop.hdds.scm.XceiverClientRatis$$Lambda$297/1968038739@18d92101 for 20 attempts with RetryLimited(maxAttempts=20, sleepTime=1000ms)
	at java.util.concurrent.CompletableFuture.reportGet(CompletableFuture.java:357)
	at java.util.concurrent.CompletableFuture.get(CompletableFuture.java:1895)
	at org.apache.hadoop.ozone.client.rpc.Test2WayCommitInRatis.test2WayCommitForRetryfailure(Test2WayCommitInRatis.java:144)
	at sun.reflect.NativeMethodAccessorImpl.invoke0(Native Method)
	at sun.reflect.NativeMethodAccessorImpl.invoke(NativeMethodAccessorImpl.java:62)
	at sun.reflect.DelegatingMethodAccessorImpl.invoke(DelegatingMethodAccessorImpl.java:43)
	at java.lang.reflect.Method.invoke(Method.java:498)
	at org.junit.runners.model.FrameworkMethod$1.runReflectiveCall(FrameworkMethod.java:47)
	at org.junit.internal.runners.model.ReflectiveCallable.run(ReflectiveCallable.java:12)
	at org.junit.runners.model.FrameworkMethod.invokeExplosively(FrameworkMethod.java:44)
	at org.junit.internal.runners.statements.InvokeMethod.evaluate(InvokeMethod.java:17)
	at org.junit.runners.ParentRunner.runLeaf(ParentRunner.java:271)
	at org.junit.runners.BlockJUnit4ClassRunner.runChild(BlockJUnit4ClassRunner.java:70)
	at org.junit.runners.BlockJUnit4ClassRunner.runChild(BlockJUnit4ClassRunner.java:50)
	at org.junit.runners.ParentRunner$3.run(ParentRunner.java:238)
	at org.junit.runners.ParentRunner$1.schedule(ParentRunner.java:63)
	at org.junit.runners.ParentRunner.runChildren(ParentRunner.java:236)
	at org.junit.runners.ParentRunner.access$000(ParentRunner.java:53)
	at org.junit.runners.ParentRunner$2.evaluate(ParentRunner.java:229)
	at org.junit.runners.ParentRunner.run(ParentRunner.java:309)
	at org.apache.maven.surefire.junit4.JUnit4Provider.execute(JUnit4Provider.java:365)
	at org.apache.maven.surefire.junit4.JUnit4Provider.executeWithRerun(JUnit4Provider.java:273)
	at org.apache.maven.surefire.junit4.JUnit4Provider.executeTestSet(JUnit4Provider.java:238)
	at org.apache.maven.surefire.junit4.JUnit4Provider.invoke(JUnit4Provider.java:159)
	at org.apache.maven.surefire.booter.ForkedBooter.invokeProviderInSameClassLoader(ForkedBooter.java:384)
	at org.apache.maven.surefire.booter.ForkedBooter.runSuitesInProcess(ForkedBooter.java:345)
	at org.apache.maven.surefire.booter.ForkedBooter.execute(ForkedBooter.java:126)
	at org.apache.maven.surefire.booter.ForkedBooter.main(ForkedBooter.java:418)
Caused by: org.apache.ratis.protocol.RaftRetryFailureException: Failed RaftClientRequest:client-06321B7A3B9E->0478feb3-a59d-4754-80fd-79ba24eb7e66@group-FC084516F7F3, cid=14, seq=2*, RW, org.apache.hadoop.hdds.scm.XceiverClientRatis$$Lambda$297/1968038739@18d92101 for 20 attempts with RetryLimited(maxAttempts=20, sleepTime=1000ms)
	at org.apache.ratis.client.impl.RaftClientImpl.noMoreRetries(RaftClientImpl.java:272)
	at org.apache.ratis.client.impl.OrderedAsync.handleAsyncRetryFailure(OrderedAsync.java:138)
	at org.apache.ratis.client.impl.OrderedAsync.lambda$sendRequest$10(OrderedAsync.java:230)
	at java.util.concurrent.CompletableFuture.uniExceptionally(CompletableFuture.java:870)
	at java.util.concurrent.CompletableFuture$UniExceptionally.tryFire(CompletableFuture.java:852)
	at java.util.concurrent.CompletableFuture.postComplete(CompletableFuture.java:474)
	at java.util.concurrent.CompletableFuture.completeExceptionally(CompletableFuture.java:1977)
	at org.apache.ratis.grpc.client.GrpcClientProtocolClient$AsyncStreamObservers.completeReplyExceptionally(GrpcClientProtocolClient.java:330)
	at org.apache.ratis.grpc.client.GrpcClientProtocolClient$AsyncStreamObservers.access$000(GrpcClientProtocolClient.java:246)
	at org.apache.ratis.grpc.client.GrpcClientProtocolClient$AsyncStreamObservers$1.onNext(GrpcClientProtocolClient.java:258)
	at org.apache.ratis.grpc.client.GrpcClientProtocolClient$AsyncStreamObservers$1.onNext(GrpcClientProtocolClient.java:249)
	at org.apache.ratis.thirdparty.io.grpc.stub.ClientCalls$StreamObserverToCallListenerAdapter.onMessage(ClientCalls.java:421)
	at org.apache.ratis.thirdparty.io.grpc.ForwardingClientCallListener.onMessage(ForwardingClientCallListener.java:33)
	at org.apache.ratis.thirdparty.io.grpc.ForwardingClientCallListener.onMessage(ForwardingClientCallListener.java:33)
	at org.apache.ratis.thirdparty.io.grpc.internal.ClientCallImpl$ClientStreamListenerImpl$1MessagesAvailable.runInContext(ClientCallImpl.java:519)
	at org.apache.ratis.thirdparty.io.grpc.internal.ContextRunnable.run(ContextRunnable.java:37)
	at org.apache.ratis.thirdparty.io.grpc.internal.SerializingExecutor.run(SerializingExecutor.java:123)
	at java.util.concurrent.ThreadPoolExecutor.runWorker(ThreadPoolExecutor.java:1149)
	at java.util.concurrent.ThreadPoolExecutor$Worker.run(ThreadPoolExecutor.java:624)
	at java.lang.Thread.run(Thread.java:748)
Caused by: org.apache.ratis.protocol.NotLeaderException: Server 0478feb3-a59d-4754-80fd-79ba24eb7e66 is not the leader (null). Request must be sent to leader.
	at org.apache.ratis.client.impl.ClientProtoUtils.toRaftClientReply(ClientProtoUtils.java:242)
	at org.apache.ratis.grpc.client.GrpcClientProtocolClient$AsyncStreamObservers$1.onNext(GrpcClientProtocolClient.java:254)
	... 10 more
</error>
    <system-out><![CDATA[2019-08-29 08:20:07,210 [main] WARN  server.ServerUtils (ServerUtils.java:getScmDbDir(145)) - ozone.scm.db.dirs is not configured. We recommend adding this setting. Falling back to ozone.metadata.dirs instead.
2019-08-29 08:20:07,341 [main] WARN  server.ServerUtils (ServerUtils.java:getScmDbDir(145)) - ozone.scm.db.dirs is not configured. We recommend adding this setting. Falling back to ozone.metadata.dirs instead.
2019-08-29 08:20:07,344 [main] WARN  server.ServerUtils (ServerUtils.java:getScmDbDir(145)) - ozone.scm.db.dirs is not configured. We recommend adding this setting. Falling back to ozone.metadata.dirs instead.
2019-08-29 08:20:07,361 [main] INFO  util.log (Log.java:initialized(192)) - Logging initialized @907ms
2019-08-29 08:20:07,462 [main] INFO  db.DBStoreBuilder (DBStoreBuilder.java:addTable(110)) - using custom profile for table: deletedBlocks
2019-08-29 08:20:07,463 [main] INFO  db.DBStoreBuilder (DBStoreBuilder.java:processTables(161)) - Using default column profile:DBProfile.DISK for Table:deletedBlocks
2019-08-29 08:20:07,463 [main] INFO  db.DBStoreBuilder (DBStoreBuilder.java:addTable(110)) - using custom profile for table: validCerts
2019-08-29 08:20:07,463 [main] INFO  db.DBStoreBuilder (DBStoreBuilder.java:processTables(161)) - Using default column profile:DBProfile.DISK for Table:validCerts
2019-08-29 08:20:07,464 [main] INFO  db.DBStoreBuilder (DBStoreBuilder.java:addTable(110)) - using custom profile for table: revokedCerts
2019-08-29 08:20:07,464 [main] INFO  db.DBStoreBuilder (DBStoreBuilder.java:processTables(161)) - Using default column profile:DBProfile.DISK for Table:revokedCerts
2019-08-29 08:20:07,476 [main] INFO  db.DBStoreBuilder (DBStoreBuilder.java:addTable(110)) - using custom profile for table: default
2019-08-29 08:20:07,476 [main] INFO  db.DBStoreBuilder (DBStoreBuilder.java:processTables(167)) - Using default column profile:DBProfile.DISK for Table:default
2019-08-29 08:20:07,477 [main] INFO  db.DBStoreBuilder (DBStoreBuilder.java:getDbProfile(198)) - Using default options. DBProfile.DISK
2019-08-29 08:20:07,598 [main] INFO  net.NodeSchemaLoader (NodeSchemaLoader.java:loadSchemaFromFile(125)) - Loading file from sun.misc.CompoundEnumeration@6eda5c9
2019-08-29 08:20:07,600 [main] INFO  net.NodeSchemaLoader (NodeSchemaLoader.java:loadSchema(171)) - Loading network topology layer schema file
2019-08-29 08:20:07,676 [main] WARN  server.ServerUtils (ServerUtils.java:sanitizeUserArgs(70)) - ozone.scm.stale.node.interval value = 300000 is larger than max = 100000 based on the key value of ozone.scm.heartbeat.thread.interval, reset to the max value 100000.
2019-08-29 08:20:07,678 [main] WARN  server.ServerUtils (ServerUtils.java:sanitizeUserArgs(70)) - ozone.scm.stale.node.interval value = 300000 is larger than max = 100000 based on the key value of ozone.scm.heartbeat.thread.interval, reset to the max value 100000.
2019-08-29 08:20:07,680 [main] INFO  node.SCMNodeManager (SCMNodeManager.java:<init>(121)) - Entering startup safe mode.
2019-08-29 08:20:07,754 [main] INFO  algorithms.ContainerPlacementPolicyFactory (ContainerPlacementPolicyFactory.java:getPolicy(57)) - Create container placement policy of type org.apache.hadoop.hdds.scm.container.placement.algorithms.SCMContainerPlacementRandom
2019-08-29 08:20:07,769 [main] WARN  server.ServerUtils (ServerUtils.java:getScmDbDir(145)) - ozone.scm.db.dirs is not configured. We recommend adding this setting. Falling back to ozone.metadata.dirs instead.
2019-08-29 08:20:07,819 [main] INFO  pipeline.SCMPipelineManager (SCMPipelineManager.java:initializePipelineState(126)) - No pipeline exists in current db
2019-08-29 08:20:07,821 [main] WARN  server.ServerUtils (ServerUtils.java:getScmDbDir(145)) - ozone.scm.db.dirs is not configured. We recommend adding this setting. Falling back to ozone.metadata.dirs instead.
2019-08-29 08:20:07,898 [main] WARN  events.EventQueue (EventQueue.java:fireEvent(175)) - No event handler registered for event TypedEvent{payloadType=SafeModeStatus, name='SafeModeStatus'}
2019-08-29 08:20:08,360 [main] INFO  ipc.CallQueueManager (CallQueueManager.java:<init>(84)) - Using callQueue: class java.util.concurrent.LinkedBlockingQueue, queueCapacity: 2000, scheduler: class org.apache.hadoop.ipc.DefaultRpcScheduler, ipcBackoff: false.
2019-08-29 08:20:08,633 [Socket Reader #1 for port 44063] INFO  ipc.Server (Server.java:run(1074)) - Starting Socket Reader #1 for port 44063
2019-08-29 08:20:08,660 [main] INFO  ipc.CallQueueManager (CallQueueManager.java:<init>(84)) - Using callQueue: class java.util.concurrent.LinkedBlockingQueue, queueCapacity: 2000, scheduler: class org.apache.hadoop.ipc.DefaultRpcScheduler, ipcBackoff: false.
2019-08-29 08:20:08,661 [Socket Reader #1 for port 33988] INFO  ipc.Server (Server.java:run(1074)) - Starting Socket Reader #1 for port 33988
2019-08-29 08:20:08,668 [main] INFO  ipc.CallQueueManager (CallQueueManager.java:<init>(84)) - Using callQueue: class java.util.concurrent.LinkedBlockingQueue, queueCapacity: 2000, scheduler: class org.apache.hadoop.ipc.DefaultRpcScheduler, ipcBackoff: false.
2019-08-29 08:20:08,669 [Socket Reader #1 for port 34630] INFO  ipc.Server (Server.java:run(1074)) - Starting Socket Reader #1 for port 34630
2019-08-29 08:20:08,690 [main] INFO  hdfs.DFSUtil (DFSUtil.java:httpServerTemplateForNNAndJN(1641)) - Starting Web-server for scm at: http://0.0.0.0:0
2019-08-29 08:20:08,830 [main] INFO  server.AuthenticationFilter (AuthenticationFilter.java:constructSecretProvider(240)) - Unable to initialize FileSignerSecretProvider, falling back to use random secrets.
2019-08-29 08:20:08,838 [main] WARN  http.HttpRequestLog (HttpRequestLog.java:getRequestLog(97)) - Jetty request log can only be enabled using Log4j
2019-08-29 08:20:08,846 [main] INFO  http.HttpServer2 (HttpServer2.java:addGlobalFilter(975)) - Added global filter 'safety' (class=org.apache.hadoop.http.HttpServer2$QuotingInputFilter)
2019-08-29 08:20:08,848 [main] INFO  http.HttpServer2 (HttpServer2.java:addFilter(948)) - Added filter static_user_filter (class=org.apache.hadoop.http.lib.StaticUserWebFilter$StaticUserFilter) to context scm
2019-08-29 08:20:08,849 [main] INFO  http.HttpServer2 (HttpServer2.java:addFilter(958)) - Added filter static_user_filter (class=org.apache.hadoop.http.lib.StaticUserWebFilter$StaticUserFilter) to context static
2019-08-29 08:20:08,849 [main] INFO  http.HttpServer2 (HttpServer2.java:addFilter(958)) - Added filter static_user_filter (class=org.apache.hadoop.http.lib.StaticUserWebFilter$StaticUserFilter) to context logs
2019-08-29 08:20:08,876 [main] INFO  server.StorageContainerManager (StorageContainerManager.java:start(761)) - StorageContainerLocationProtocol RPC server is listening at /0.0.0.0:34630
2019-08-29 08:20:08,933 [main] WARN  impl.MetricsConfig (MetricsConfig.java:loadFirst(134)) - Cannot locate configuration: tried hadoop-metrics2-storagecontainermanager.properties,hadoop-metrics2.properties
2019-08-29 08:20:08,945 [main] INFO  impl.MetricsSystemImpl (MetricsSystemImpl.java:startTimer(374)) - Scheduled Metric snapshot period at 10 second(s).
2019-08-29 08:20:08,945 [main] INFO  impl.MetricsSystemImpl (MetricsSystemImpl.java:start(191)) - StorageContainerManager metrics system started
2019-08-29 08:20:09,168 [main] INFO  server.SCMClientProtocolServer (SCMClientProtocolServer.java:start(151)) - RPC server for Client  is listening at /0.0.0.0:34630
2019-08-29 08:20:09,169 [IPC Server Responder] INFO  ipc.Server (Server.java:run(1314)) - IPC Server Responder: starting
2019-08-29 08:20:09,169 [IPC Server listener on 34630] INFO  ipc.Server (Server.java:run(1153)) - IPC Server listener on 34630: starting
2019-08-29 08:20:09,171 [main] INFO  server.StorageContainerManager (StorageContainerManager.java:start(771)) - ScmBlockLocationProtocol RPC server is listening at /0.0.0.0:33988
2019-08-29 08:20:09,171 [main] INFO  server.SCMBlockProtocolServer (SCMBlockProtocolServer.java:start(140)) - RPC server for Block Protocol is listening at /0.0.0.0:33988
2019-08-29 08:20:09,172 [IPC Server Responder] INFO  ipc.Server (Server.java:run(1314)) - IPC Server Responder: starting
2019-08-29 08:20:09,172 [IPC Server listener on 33988] INFO  ipc.Server (Server.java:run(1153)) - IPC Server listener on 33988: starting
2019-08-29 08:20:09,174 [main] INFO  server.StorageContainerManager (StorageContainerManager.java:start(775)) - ScmDatanodeProtocl RPC server is listening at /0.0.0.0:44063
2019-08-29 08:20:09,174 [main] INFO  server.SCMDatanodeProtocolServer (SCMDatanodeProtocolServer.java:start(191)) - RPC server for DataNodes is listening at /0.0.0.0:44063
2019-08-29 08:20:09,175 [IPC Server Responder] INFO  ipc.Server (Server.java:run(1314)) - IPC Server Responder: starting
2019-08-29 08:20:09,175 [IPC Server listener on 44063] INFO  ipc.Server (Server.java:run(1153)) - IPC Server listener on 44063: starting
2019-08-29 08:20:09,179 [main] INFO  http.HttpServer2 (HttpServer2.java:bindListener(1191)) - Jetty bound to port 34125
2019-08-29 08:20:09,182 [main] INFO  server.Server (Server.java:doStart(351)) - jetty-9.3.24.v20180605, build timestamp: 2018-06-05T17:11:56Z, git hash: 84205aa28f11a4f31f2a3b86d1bba2cc8ab69827
2019-08-29 08:20:09,225 [main] INFO  handler.ContextHandler (ContextHandler.java:doStart(781)) - Started o.e.j.s.ServletContextHandler@38f116f6{/logs,file:///workdir/hadoop-ozone/integration-test/target/log,AVAILABLE}
2019-08-29 08:20:09,226 [main] INFO  handler.ContextHandler (ContextHandler.java:doStart(781)) - Started o.e.j.s.ServletContextHandler@6e6d5d29{/static,file:///workdir/hadoop-ozone/integration-test/target/test-classes/webapps/static,AVAILABLE}
2019-08-29 08:20:09,259 [main] INFO  handler.ContextHandler (ContextHandler.java:doStart(781)) - Started o.e.j.w.WebAppContext@62f87c44{/,file:///workdir/hadoop-ozone/integration-test/target/test-classes/webapps/scm/,AVAILABLE}{/scm}
2019-08-29 08:20:09,264 [main] INFO  server.AbstractConnector (AbstractConnector.java:doStart(278)) - Started ServerConnector@72efb5c1{HTTP/1.1,[http/1.1]}{0.0.0.0:34125}
2019-08-29 08:20:09,265 [main] INFO  server.Server (Server.java:doStart(419)) - Started @2811ms
2019-08-29 08:20:09,267 [main] INFO  server.BaseHttpServer (BaseHttpServer.java:updateConnectorAddress(213)) - HTTP server of SCM is listening at http://0.0.0.0:34125
2019-08-29 08:20:09,271 [org.apache.hadoop.util.JvmPauseMonitor$Monitor@70e29e14] INFO  util.JvmPauseMonitor (JvmPauseMonitor.java:run(188)) - Starting JVM pause monitor
2019-08-29 08:20:09,274 [main] WARN  server.ServerUtils (ServerUtils.java:getDBPath(222)) - ozone.om.db.dirs is not configured. We recommend adding this setting. Falling back to ozone.metadata.dirs instead.
2019-08-29 08:20:09,374 [main] WARN  server.ServerUtils (ServerUtils.java:getDBPath(222)) - ozone.om.db.dirs is not configured. We recommend adding this setting. Falling back to ozone.metadata.dirs instead.
2019-08-29 08:20:09,374 [main] WARN  server.ServerUtils (ServerUtils.java:getDBPath(222)) - ozone.om.db.dirs is not configured. We recommend adding this setting. Falling back to ozone.metadata.dirs instead.
2019-08-29 08:20:09,375 [main] INFO  om.OzoneManager (OzoneManager.java:setOMNodeDetails(645)) - OM Service ID is not set. Setting it to the default ID: omServiceIdDefault
2019-08-29 08:20:09,376 [main] INFO  om.OzoneManager (OzoneManager.java:setOMNodeDetails(651)) - OM Node ID is not set. Setting it to the OmStorage's OmID: 750a7eb5-3570-4f61-9b7d-a5ea57868b81
2019-08-29 08:20:09,377 [main] INFO  om.OzoneManager (OzoneManager.java:loadOMHAConfigs(602)) - Found matching OM address with OMServiceId: null, OMNodeId: null, RPC Address: localhost:0 and Ratis port: 9872
2019-08-29 08:20:09,626 | INFO  | SCMAudit | user=jenkins1000 | ip=192.168.34.54 | op=GET_SCM_INFO null | ret=SUCCESS |  
2019-08-29 08:20:10,092 [main] WARN  server.ServerUtils (ServerUtils.java:getDBPath(222)) - ozone.om.db.dirs is not configured. We recommend adding this setting. Falling back to ozone.metadata.dirs instead.
2019-08-29 08:20:10,104 [main] INFO  db.DBStoreBuilder (DBStoreBuilder.java:addTable(110)) - using custom profile for table: userTable
2019-08-29 08:20:10,105 [main] INFO  db.DBStoreBuilder (DBStoreBuilder.java:processTables(161)) - Using default column profile:DBProfile.DISK for Table:userTable
2019-08-29 08:20:10,105 [main] INFO  db.DBStoreBuilder (DBStoreBuilder.java:addTable(110)) - using custom profile for table: volumeTable
2019-08-29 08:20:10,106 [main] INFO  db.DBStoreBuilder (DBStoreBuilder.java:processTables(161)) - Using default column profile:DBProfile.DISK for Table:volumeTable
2019-08-29 08:20:10,106 [main] INFO  db.DBStoreBuilder (DBStoreBuilder.java:addTable(110)) - using custom profile for table: bucketTable
2019-08-29 08:20:10,106 [main] INFO  db.DBStoreBuilder (DBStoreBuilder.java:processTables(161)) - Using default column profile:DBProfile.DISK for Table:bucketTable
2019-08-29 08:20:10,107 [main] INFO  db.DBStoreBuilder (DBStoreBuilder.java:addTable(110)) - using custom profile for table: keyTable
2019-08-29 08:20:10,107 [main] INFO  db.DBStoreBuilder (DBStoreBuilder.java:processTables(161)) - Using default column profile:DBProfile.DISK for Table:keyTable
2019-08-29 08:20:10,108 [main] INFO  db.DBStoreBuilder (DBStoreBuilder.java:addTable(110)) - using custom profile for table: deletedTable
2019-08-29 08:20:10,108 [main] INFO  db.DBStoreBuilder (DBStoreBuilder.java:processTables(161)) - Using default column profile:DBProfile.DISK for Table:deletedTable
2019-08-29 08:20:10,108 [main] INFO  db.DBStoreBuilder (DBStoreBuilder.java:addTable(110)) - using custom profile for table: openKeyTable
2019-08-29 08:20:10,109 [main] INFO  db.DBStoreBuilder (DBStoreBuilder.java:processTables(161)) - Using default column profile:DBProfile.DISK for Table:openKeyTable
2019-08-29 08:20:10,109 [main] INFO  db.DBStoreBuilder (DBStoreBuilder.java:addTable(110)) - using custom profile for table: s3Table
2019-08-29 08:20:10,109 [main] INFO  db.DBStoreBuilder (DBStoreBuilder.java:processTables(161)) - Using default column profile:DBProfile.DISK for Table:s3Table
2019-08-29 08:20:10,110 [main] INFO  db.DBStoreBuilder (DBStoreBuilder.java:addTable(110)) - using custom profile for table: multipartInfoTable
2019-08-29 08:20:10,110 [main] INFO  db.DBStoreBuilder (DBStoreBuilder.java:processTables(161)) - Using default column profile:DBProfile.DISK for Table:multipartInfoTable
2019-08-29 08:20:10,110 [main] INFO  db.DBStoreBuilder (DBStoreBuilder.java:addTable(110)) - using custom profile for table: dTokenTable
2019-08-29 08:20:10,111 [main] INFO  db.DBStoreBuilder (DBStoreBuilder.java:processTables(161)) - Using default column profile:DBProfile.DISK for Table:dTokenTable
2019-08-29 08:20:10,111 [main] INFO  db.DBStoreBuilder (DBStoreBuilder.java:addTable(110)) - using custom profile for table: s3SecretTable
2019-08-29 08:20:10,112 [main] INFO  db.DBStoreBuilder (DBStoreBuilder.java:processTables(161)) - Using default column profile:DBProfile.DISK for Table:s3SecretTable
2019-08-29 08:20:10,112 [main] INFO  db.DBStoreBuilder (DBStoreBuilder.java:addTable(110)) - using custom profile for table: prefixTable
2019-08-29 08:20:10,112 [main] INFO  db.DBStoreBuilder (DBStoreBuilder.java:processTables(161)) - Using default column profile:DBProfile.DISK for Table:prefixTable
2019-08-29 08:20:10,113 [main] INFO  db.DBStoreBuilder (DBStoreBuilder.java:addTable(110)) - using custom profile for table: default
2019-08-29 08:20:10,113 [main] INFO  db.DBStoreBuilder (DBStoreBuilder.java:processTables(167)) - Using default column profile:DBProfile.DISK for Table:default
2019-08-29 08:20:10,114 [main] INFO  db.DBStoreBuilder (DBStoreBuilder.java:getDbProfile(198)) - Using default options. DBProfile.DISK
2019-08-29 08:20:10,628 [main] INFO  ipc.CallQueueManager (CallQueueManager.java:<init>(84)) - Using callQueue: class java.util.concurrent.LinkedBlockingQueue, queueCapacity: 2000, scheduler: class org.apache.hadoop.ipc.DefaultRpcScheduler, ipcBackoff: false.
2019-08-29 08:20:10,630 [Socket Reader #1 for port 43626] INFO  ipc.Server (Server.java:run(1074)) - Starting Socket Reader #1 for port 43626
2019-08-29 08:20:10,655 [main] INFO  om.OzoneManager (OzoneManager.java:start(1256)) - OzoneManager RPC server is listening at localhost/127.0.0.1:43626
2019-08-29 08:20:10,655 [main] INFO  impl.MetricsSystemImpl (MetricsSystemImpl.java:init(158)) - OzoneManager metrics system started (again)
2019-08-29 08:20:10,657 [IPC Server Responder] INFO  ipc.Server (Server.java:run(1314)) - IPC Server Responder: starting
2019-08-29 08:20:10,657 [IPC Server listener on 43626] INFO  ipc.Server (Server.java:run(1153)) - IPC Server listener on 43626: starting
2019-08-29 08:20:10,664 [main] INFO  hdfs.DFSUtil (DFSUtil.java:httpServerTemplateForNNAndJN(1641)) - Starting Web-server for ozoneManager at: http://0.0.0.0:0
2019-08-29 08:20:10,666 [main] INFO  server.AuthenticationFilter (AuthenticationFilter.java:constructSecretProvider(240)) - Unable to initialize FileSignerSecretProvider, falling back to use random secrets.
2019-08-29 08:20:10,667 [main] WARN  http.HttpRequestLog (HttpRequestLog.java:getRequestLog(97)) - Jetty request log can only be enabled using Log4j
2019-08-29 08:20:10,670 [main] INFO  http.HttpServer2 (HttpServer2.java:addGlobalFilter(975)) - Added global filter 'safety' (class=org.apache.hadoop.http.HttpServer2$QuotingInputFilter)
2019-08-29 08:20:10,671 [main] INFO  http.HttpServer2 (HttpServer2.java:addFilter(948)) - Added filter static_user_filter (class=org.apache.hadoop.http.lib.StaticUserWebFilter$StaticUserFilter) to context ozoneManager
2019-08-29 08:20:10,671 [main] INFO  http.HttpServer2 (HttpServer2.java:addFilter(958)) - Added filter static_user_filter (class=org.apache.hadoop.http.lib.StaticUserWebFilter$StaticUserFilter) to context logs
2019-08-29 08:20:10,671 [main] INFO  http.HttpServer2 (HttpServer2.java:addFilter(958)) - Added filter static_user_filter (class=org.apache.hadoop.http.lib.StaticUserWebFilter$StaticUserFilter) to context static
2019-08-29 08:20:10,834 [main] INFO  http.HttpServer2 (HttpServer2.java:bindListener(1191)) - Jetty bound to port 43583
2019-08-29 08:20:10,835 [main] INFO  server.Server (Server.java:doStart(351)) - jetty-9.3.24.v20180605, build timestamp: 2018-06-05T17:11:56Z, git hash: 84205aa28f11a4f31f2a3b86d1bba2cc8ab69827
2019-08-29 08:20:10,850 [main] INFO  handler.ContextHandler (ContextHandler.java:doStart(781)) - Started o.e.j.s.ServletContextHandler@7fab4be7{/logs,file:///workdir/hadoop-ozone/integration-test/target/log,AVAILABLE}
2019-08-29 08:20:10,851 [main] INFO  handler.ContextHandler (ContextHandler.java:doStart(781)) - Started o.e.j.s.ServletContextHandler@4d74c3ba{/static,file:///workdir/hadoop-ozone/integration-test/target/test-classes/webapps/static,AVAILABLE}
2019-08-29 08:20:10,860 [main] INFO  handler.ContextHandler (ContextHandler.java:doStart(781)) - Started o.e.j.w.WebAppContext@60e5272{/,file:///workdir/hadoop-ozone/integration-test/target/test-classes/webapps/ozoneManager/,AVAILABLE}{/ozoneManager}
2019-08-29 08:20:10,861 [main] INFO  server.AbstractConnector (AbstractConnector.java:doStart(278)) - Started ServerConnector@7d755813{HTTP/1.1,[http/1.1]}{0.0.0.0:43583}
2019-08-29 08:20:10,862 [main] INFO  server.Server (Server.java:doStart(419)) - Started @4408ms
2019-08-29 08:20:10,864 [main] INFO  server.BaseHttpServer (BaseHttpServer.java:updateConnectorAddress(213)) - HTTP server of OZONEMANAGER is listening at http://0.0.0.0:43583
2019-08-29 08:20:11,070 [main] INFO  impl.MetricsSystemImpl (MetricsSystemImpl.java:init(158)) - HddsDatanode metrics system started (again)
2019-08-29 08:20:11,184 [main] INFO  ozone.HddsDatanodeService (HddsDatanodeService.java:start(184)) - HddsDatanodeService host:pr-hdds-1553-zhl8q-89899572 ip:192.168.34.54
2019-08-29 08:20:11,221 [main] INFO  volume.HddsVolume (HddsVolume.java:<init>(176)) - Creating Volume: /workdir/hadoop-ozone/integration-test/target/test-dir/MiniOzoneClusterImpl-7b999817-2419-4622-80b2-2544eebeee1e/datanode-0/data/containers/hdds of  storage type : DISK and capacity : 1482555576320
2019-08-29 08:20:11,224 [main] INFO  volume.VolumeSet (VolumeSet.java:initializeVolumeSet(170)) - Added Volume : /workdir/hadoop-ozone/integration-test/target/test-dir/MiniOzoneClusterImpl-7b999817-2419-4622-80b2-2544eebeee1e/datanode-0/data/containers/hdds to VolumeSet
2019-08-29 08:20:11,227 [main] INFO  volume.ThrottledAsyncChecker (ThrottledAsyncChecker.java:schedule(140)) - Scheduling a check for org.apache.hadoop.ozone.container.common.volume.HddsVolume@598260a6
2019-08-29 08:20:11,246 [main] INFO  volume.HddsVolumeChecker (HddsVolumeChecker.java:checkAllVolumes(203)) - Scheduled health check for volume org.apache.hadoop.ozone.container.common.volume.HddsVolume@598260a6
2019-08-29 08:20:11,366 [main] INFO  impl.RaftServerProxy (ConfUtils.java:logGet(43)) - raft.rpc.type = GRPC (default)
2019-08-29 08:20:11,438 [main] INFO  grpc.GrpcFactory (GrpcFactory.java:checkPooledByteBufAllocatorUseCacheForAllThreads(45)) - PERFORMANCE WARNING: useCacheForAllThreads is true that may cause Netty to create a lot garbage objects and, as a result, trigger GC.
	It is recommended to disable useCacheForAllThreads by setting -Dorg.apache.ratis.thirdparty.io.netty.allocator.useCacheForAllThreads=false in command line.
2019-08-29 08:20:11,445 [main] INFO  grpc.GrpcConfigKeys$Server (ConfUtils.java:logGet(43)) - raft.grpc.server.port = 0 (default)
2019-08-29 08:20:11,446 [main] INFO  server.GrpcService (ConfUtils.java:logGet(43)) - raft.grpc.message.size.max = 33570816 (custom)
2019-08-29 08:20:11,448 [main] INFO  server.RaftServerConfigKeys (ConfUtils.java:logGet(43)) - raft.server.log.appender.buffer.byte-limit = 33554432 (custom)
2019-08-29 08:20:11,450 [main] INFO  server.GrpcService (ConfUtils.java:logGet(43)) - raft.grpc.flow.control.window = 1MB (=1048576) (default)
2019-08-29 08:20:11,451 [main] INFO  server.RaftServerConfigKeys (ConfUtils.java:logGet(43)) - raft.server.rpc.request.timeout = 3000ms (default)
2019-08-29 08:20:11,643 [main] INFO  server.RaftServerConfigKeys (ConfUtils.java:logGet(43)) - raft.server.storage.dir = [/workdir/hadoop-ozone/integration-test/target/test-dir/MiniOzoneClusterImpl-7b999817-2419-4622-80b2-2544eebeee1e/datanode-0/data/ratis] (custom)
2019-08-29 08:20:11,691 [main] INFO  replication.SimpleContainerDownloader (SimpleContainerDownloader.java:<init>(72)) - Starting container downloader service to copy containers to replicate.
2019-08-29 08:20:11,709 [main] INFO  hdfs.DFSUtil (DFSUtil.java:httpServerTemplateForNNAndJN(1641)) - Starting Web-server for hddsDatanode at: http://0.0.0.0:0
2019-08-29 08:20:11,711 [main] INFO  server.AuthenticationFilter (AuthenticationFilter.java:constructSecretProvider(240)) - Unable to initialize FileSignerSecretProvider, falling back to use random secrets.
2019-08-29 08:20:11,712 [main] WARN  http.HttpRequestLog (HttpRequestLog.java:getRequestLog(97)) - Jetty request log can only be enabled using Log4j
2019-08-29 08:20:11,715 [main] INFO  http.HttpServer2 (HttpServer2.java:addGlobalFilter(975)) - Added global filter 'safety' (class=org.apache.hadoop.http.HttpServer2$QuotingInputFilter)
2019-08-29 08:20:11,716 [main] INFO  http.HttpServer2 (HttpServer2.java:addFilter(948)) - Added filter static_user_filter (class=org.apache.hadoop.http.lib.StaticUserWebFilter$StaticUserFilter) to context hddsDatanode
2019-08-29 08:20:11,717 [main] INFO  http.HttpServer2 (HttpServer2.java:addFilter(958)) - Added filter static_user_filter (class=org.apache.hadoop.http.lib.StaticUserWebFilter$StaticUserFilter) to context logs
2019-08-29 08:20:11,717 [main] INFO  http.HttpServer2 (HttpServer2.java:addFilter(958)) - Added filter static_user_filter (class=org.apache.hadoop.http.lib.StaticUserWebFilter$StaticUserFilter) to context static
2019-08-29 08:20:11,718 [main] INFO  http.HttpServer2 (HttpServer2.java:bindListener(1191)) - Jetty bound to port 45870
2019-08-29 08:20:11,719 [main] INFO  server.Server (Server.java:doStart(351)) - jetty-9.3.24.v20180605, build timestamp: 2018-06-05T17:11:56Z, git hash: 84205aa28f11a4f31f2a3b86d1bba2cc8ab69827
2019-08-29 08:20:11,736 [main] INFO  handler.ContextHandler (ContextHandler.java:doStart(781)) - Started o.e.j.s.ServletContextHandler@2cae9b8{/logs,file:///workdir/hadoop-ozone/integration-test/target/log,AVAILABLE}
2019-08-29 08:20:11,737 [main] INFO  handler.ContextHandler (ContextHandler.java:doStart(781)) - Started o.e.j.s.ServletContextHandler@6f94fb9d{/static,jar:file:/home/user/.m2/repository/org/apache/hadoop/hadoop-hdds-container-service/0.5.0-SNAPSHOT/hadoop-hdds-container-service-0.5.0-SNAPSHOT.jar!/webapps/static,AVAILABLE}
2019-08-29 08:20:11,822 [main] INFO  handler.ContextHandler (ContextHandler.java:doStart(781)) - Started o.e.j.w.WebAppContext@53cf9c99{/,file:///tmp/jetty-0.0.0.0-45870-hddsDatanode-_-any-675433703124150542.dir/webapp/,AVAILABLE}{/hddsDatanode}
2019-08-29 08:20:11,823 [main] INFO  server.AbstractConnector (AbstractConnector.java:doStart(278)) - Started ServerConnector@7b306b9f{HTTP/1.1,[http/1.1]}{0.0.0.0:45870}
2019-08-29 08:20:11,823 [main] INFO  server.Server (Server.java:doStart(419)) - Started @5370ms
2019-08-29 08:20:11,825 [main] INFO  server.BaseHttpServer (BaseHttpServer.java:updateConnectorAddress(213)) - HTTP server of HDDSDATANODE is listening at http://0.0.0.0:45870
2019-08-29 08:20:13,102 | INFO  | ObjectStoreRestHttpServer | Listening HDDS REST traffic on /0.0.0.0:38779 |  
2019-08-29 08:20:13,103 [main] INFO  ozone.HddsDatanodeService (HddsDatanodeService.java:startPlugins(395)) - Started plug-in org.apache.hadoop.ozone.web.OzoneHddsDatanodeService@40943a6
2019-08-29 08:20:13,105 [main] INFO  impl.MetricsSystemImpl (MetricsSystemImpl.java:init(158)) - HddsDatanode metrics system started (again)
2019-08-29 08:20:13,108 [main] INFO  ozone.HddsDatanodeService (HddsDatanodeService.java:start(184)) - HddsDatanodeService host:pr-hdds-1553-zhl8q-89899572 ip:192.168.34.54
2019-08-29 08:20:13,110 [org.apache.hadoop.util.JvmPauseMonitor$Monitor@17367213] INFO  util.JvmPauseMonitor (JvmPauseMonitor.java:run(188)) - Starting JVM pause monitor
2019-08-29 08:20:13,127 [main] INFO  volume.HddsVolume (HddsVolume.java:<init>(176)) - Creating Volume: /workdir/hadoop-ozone/integration-test/target/test-dir/MiniOzoneClusterImpl-7b999817-2419-4622-80b2-2544eebeee1e/datanode-1/data/containers/hdds of  storage type : DISK and capacity : 1482555576320
2019-08-29 08:20:13,128 [main] INFO  volume.VolumeSet (VolumeSet.java:initializeVolumeSet(170)) - Added Volume : /workdir/hadoop-ozone/integration-test/target/test-dir/MiniOzoneClusterImpl-7b999817-2419-4622-80b2-2544eebeee1e/datanode-1/data/containers/hdds to VolumeSet
2019-08-29 08:20:13,128 [main] INFO  volume.ThrottledAsyncChecker (ThrottledAsyncChecker.java:schedule(140)) - Scheduling a check for org.apache.hadoop.ozone.container.common.volume.HddsVolume@3d3a1903
2019-08-29 08:20:13,133 [main] INFO  volume.HddsVolumeChecker (HddsVolumeChecker.java:checkAllVolumes(203)) - Scheduled health check for volume org.apache.hadoop.ozone.container.common.volume.HddsVolume@3d3a1903
2019-08-29 08:20:13,155 [main] INFO  impl.RaftServerProxy (ConfUtils.java:logGet(43)) - raft.rpc.type = GRPC (default)
2019-08-29 08:20:13,156 [main] INFO  grpc.GrpcFactory (GrpcFactory.java:checkPooledByteBufAllocatorUseCacheForAllThreads(45)) - PERFORMANCE WARNING: useCacheForAllThreads is true that may cause Netty to create a lot garbage objects and, as a result, trigger GC.
	It is recommended to disable useCacheForAllThreads by setting -Dorg.apache.ratis.thirdparty.io.netty.allocator.useCacheForAllThreads=false in command line.
2019-08-29 08:20:13,157 [main] INFO  grpc.GrpcConfigKeys$Server (ConfUtils.java:logGet(43)) - raft.grpc.server.port = 0 (default)
2019-08-29 08:20:13,157 [main] INFO  server.GrpcService (ConfUtils.java:logGet(43)) - raft.grpc.message.size.max = 33570816 (custom)
2019-08-29 08:20:13,157 [main] INFO  server.RaftServerConfigKeys (ConfUtils.java:logGet(43)) - raft.server.log.appender.buffer.byte-limit = 33554432 (custom)
2019-08-29 08:20:13,158 [main] INFO  server.GrpcService (ConfUtils.java:logGet(43)) - raft.grpc.flow.control.window = 1MB (=1048576) (default)
2019-08-29 08:20:13,158 [main] INFO  server.RaftServerConfigKeys (ConfUtils.java:logGet(43)) - raft.server.rpc.request.timeout = 3000ms (default)
2019-08-29 08:20:13,159 [main] INFO  server.RaftServerConfigKeys (ConfUtils.java:logGet(43)) - raft.server.storage.dir = [/workdir/hadoop-ozone/integration-test/target/test-dir/MiniOzoneClusterImpl-7b999817-2419-4622-80b2-2544eebeee1e/datanode-1/data/ratis] (custom)
2019-08-29 08:20:13,159 [main] INFO  replication.SimpleContainerDownloader (SimpleContainerDownloader.java:<init>(72)) - Starting container downloader service to copy containers to replicate.
2019-08-29 08:20:13,160 [main] INFO  hdfs.DFSUtil (DFSUtil.java:httpServerTemplateForNNAndJN(1641)) - Starting Web-server for hddsDatanode at: http://0.0.0.0:0
2019-08-29 08:20:13,162 [main] INFO  server.AuthenticationFilter (AuthenticationFilter.java:constructSecretProvider(240)) - Unable to initialize FileSignerSecretProvider, falling back to use random secrets.
2019-08-29 08:20:13,163 [main] WARN  http.HttpRequestLog (HttpRequestLog.java:getRequestLog(97)) - Jetty request log can only be enabled using Log4j
2019-08-29 08:20:13,165 [main] INFO  http.HttpServer2 (HttpServer2.java:addGlobalFilter(975)) - Added global filter 'safety' (class=org.apache.hadoop.http.HttpServer2$QuotingInputFilter)
2019-08-29 08:20:13,166 [main] INFO  http.HttpServer2 (HttpServer2.java:addFilter(948)) - Added filter static_user_filter (class=org.apache.hadoop.http.lib.StaticUserWebFilter$StaticUserFilter) to context hddsDatanode
2019-08-29 08:20:13,166 [main] INFO  http.HttpServer2 (HttpServer2.java:addFilter(958)) - Added filter static_user_filter (class=org.apache.hadoop.http.lib.StaticUserWebFilter$StaticUserFilter) to context logs
2019-08-29 08:20:13,166 [main] INFO  http.HttpServer2 (HttpServer2.java:addFilter(958)) - Added filter static_user_filter (class=org.apache.hadoop.http.lib.StaticUserWebFilter$StaticUserFilter) to context static
2019-08-29 08:20:13,167 [main] INFO  http.HttpServer2 (HttpServer2.java:bindListener(1191)) - Jetty bound to port 42207
2019-08-29 08:20:13,167 [main] INFO  server.Server (Server.java:doStart(351)) - jetty-9.3.24.v20180605, build timestamp: 2018-06-05T17:11:56Z, git hash: 84205aa28f11a4f31f2a3b86d1bba2cc8ab69827
2019-08-29 08:20:13,172 [main] INFO  handler.ContextHandler (ContextHandler.java:doStart(781)) - Started o.e.j.s.ServletContextHandler@68af87ad{/logs,file:///workdir/hadoop-ozone/integration-test/target/log,AVAILABLE}
2019-08-29 08:20:13,173 [main] INFO  handler.ContextHandler (ContextHandler.java:doStart(781)) - Started o.e.j.s.ServletContextHandler@9cfc77{/static,jar:file:/home/user/.m2/repository/org/apache/hadoop/hadoop-hdds-container-service/0.5.0-SNAPSHOT/hadoop-hdds-container-service-0.5.0-SNAPSHOT.jar!/webapps/static,AVAILABLE}
2019-08-29 08:20:13,217 [main] INFO  handler.ContextHandler (ContextHandler.java:doStart(781)) - Started o.e.j.w.WebAppContext@5234b61a{/,file:///tmp/jetty-0.0.0.0-42207-hddsDatanode-_-any-1202977706646768636.dir/webapp/,AVAILABLE}{/hddsDatanode}
2019-08-29 08:20:13,219 [main] INFO  server.AbstractConnector (AbstractConnector.java:doStart(278)) - Started ServerConnector@22a260ff{HTTP/1.1,[http/1.1]}{0.0.0.0:42207}
2019-08-29 08:20:13,220 [main] INFO  server.Server (Server.java:doStart(419)) - Started @6766ms
2019-08-29 08:20:13,221 [main] INFO  server.BaseHttpServer (BaseHttpServer.java:updateConnectorAddress(213)) - HTTP server of HDDSDATANODE is listening at http://0.0.0.0:42207
2019-08-29 08:20:13,245 [Datanode State Machine Thread - 0] INFO  datanode.InitDatanodeState (InitDatanodeState.java:persistContainerDatanodeDetails(140)) - DatanodeDetails is persisted to /workdir/hadoop-ozone/integration-test/target/test-dir/MiniOzoneClusterImpl-7b999817-2419-4622-80b2-2544eebeee1e/datanode-0/meta/datanode.id
2019-08-29 08:20:13,377 | INFO  | ObjectStoreRestHttpServer | Listening HDDS REST traffic on /0.0.0.0:33242 |  
2019-08-29 08:20:13,377 [main] INFO  ozone.HddsDatanodeService (HddsDatanodeService.java:startPlugins(395)) - Started plug-in org.apache.hadoop.ozone.web.OzoneHddsDatanodeService@5d1d9d73
2019-08-29 08:20:13,377 [main] INFO  impl.MetricsSystemImpl (MetricsSystemImpl.java:init(158)) - HddsDatanode metrics system started (again)
2019-08-29 08:20:13,380 [org.apache.hadoop.util.JvmPauseMonitor$Monitor@1adcf30d] INFO  util.JvmPauseMonitor (JvmPauseMonitor.java:run(188)) - Starting JVM pause monitor
2019-08-29 08:20:13,381 [main] INFO  ozone.HddsDatanodeService (HddsDatanodeService.java:start(184)) - HddsDatanodeService host:pr-hdds-1553-zhl8q-89899572 ip:192.168.34.54
2019-08-29 08:20:13,385 [Datanode State Machine Thread - 0] INFO  datanode.InitDatanodeState (InitDatanodeState.java:persistContainerDatanodeDetails(140)) - DatanodeDetails is persisted to /workdir/hadoop-ozone/integration-test/target/test-dir/MiniOzoneClusterImpl-7b999817-2419-4622-80b2-2544eebeee1e/datanode-1/meta/datanode.id
2019-08-29 08:20:13,400 [main] INFO  volume.HddsVolume (HddsVolume.java:<init>(176)) - Creating Volume: /workdir/hadoop-ozone/integration-test/target/test-dir/MiniOzoneClusterImpl-7b999817-2419-4622-80b2-2544eebeee1e/datanode-2/data/containers/hdds of  storage type : DISK and capacity : 1482555576320
2019-08-29 08:20:13,400 [main] INFO  volume.VolumeSet (VolumeSet.java:initializeVolumeSet(170)) - Added Volume : /workdir/hadoop-ozone/integration-test/target/test-dir/MiniOzoneClusterImpl-7b999817-2419-4622-80b2-2544eebeee1e/datanode-2/data/containers/hdds to VolumeSet
2019-08-29 08:20:13,400 [main] INFO  volume.ThrottledAsyncChecker (ThrottledAsyncChecker.java:schedule(140)) - Scheduling a check for org.apache.hadoop.ozone.container.common.volume.HddsVolume@6dcab9d9
2019-08-29 08:20:13,406 [main] INFO  volume.HddsVolumeChecker (HddsVolumeChecker.java:checkAllVolumes(203)) - Scheduled health check for volume org.apache.hadoop.ozone.container.common.volume.HddsVolume@6dcab9d9
2019-08-29 08:20:13,432 [main] INFO  impl.RaftServerProxy (ConfUtils.java:logGet(43)) - raft.rpc.type = GRPC (default)
2019-08-29 08:20:13,432 [main] INFO  grpc.GrpcFactory (GrpcFactory.java:checkPooledByteBufAllocatorUseCacheForAllThreads(45)) - PERFORMANCE WARNING: useCacheForAllThreads is true that may cause Netty to create a lot garbage objects and, as a result, trigger GC.
	It is recommended to disable useCacheForAllThreads by setting -Dorg.apache.ratis.thirdparty.io.netty.allocator.useCacheForAllThreads=false in command line.
2019-08-29 08:20:13,432 [main] INFO  grpc.GrpcConfigKeys$Server (ConfUtils.java:logGet(43)) - raft.grpc.server.port = 0 (default)
2019-08-29 08:20:13,432 [main] INFO  server.GrpcService (ConfUtils.java:logGet(43)) - raft.grpc.message.size.max = 33570816 (custom)
2019-08-29 08:20:13,433 [main] INFO  server.RaftServerConfigKeys (ConfUtils.java:logGet(43)) - raft.server.log.appender.buffer.byte-limit = 33554432 (custom)
2019-08-29 08:20:13,433 [main] INFO  server.GrpcService (ConfUtils.java:logGet(43)) - raft.grpc.flow.control.window = 1MB (=1048576) (default)
2019-08-29 08:20:13,433 [main] INFO  server.RaftServerConfigKeys (ConfUtils.java:logGet(43)) - raft.server.rpc.request.timeout = 3000ms (default)
2019-08-29 08:20:13,434 [main] INFO  server.RaftServerConfigKeys (ConfUtils.java:logGet(43)) - raft.server.storage.dir = [/workdir/hadoop-ozone/integration-test/target/test-dir/MiniOzoneClusterImpl-7b999817-2419-4622-80b2-2544eebeee1e/datanode-2/data/ratis] (custom)
2019-08-29 08:20:13,435 [main] INFO  replication.SimpleContainerDownloader (SimpleContainerDownloader.java:<init>(72)) - Starting container downloader service to copy containers to replicate.
2019-08-29 08:20:13,436 [main] INFO  hdfs.DFSUtil (DFSUtil.java:httpServerTemplateForNNAndJN(1641)) - Starting Web-server for hddsDatanode at: http://0.0.0.0:0
2019-08-29 08:20:13,438 [main] INFO  server.AuthenticationFilter (AuthenticationFilter.java:constructSecretProvider(240)) - Unable to initialize FileSignerSecretProvider, falling back to use random secrets.
2019-08-29 08:20:13,439 [main] WARN  http.HttpRequestLog (HttpRequestLog.java:getRequestLog(97)) - Jetty request log can only be enabled using Log4j
2019-08-29 08:20:13,442 [main] INFO  http.HttpServer2 (HttpServer2.java:addGlobalFilter(975)) - Added global filter 'safety' (class=org.apache.hadoop.http.HttpServer2$QuotingInputFilter)
2019-08-29 08:20:13,443 [main] INFO  http.HttpServer2 (HttpServer2.java:addFilter(948)) - Added filter static_user_filter (class=org.apache.hadoop.http.lib.StaticUserWebFilter$StaticUserFilter) to context hddsDatanode
2019-08-29 08:20:13,443 [main] INFO  http.HttpServer2 (HttpServer2.java:addFilter(958)) - Added filter static_user_filter (class=org.apache.hadoop.http.lib.StaticUserWebFilter$StaticUserFilter) to context static
2019-08-29 08:20:13,443 [main] INFO  http.HttpServer2 (HttpServer2.java:addFilter(958)) - Added filter static_user_filter (class=org.apache.hadoop.http.lib.StaticUserWebFilter$StaticUserFilter) to context logs
2019-08-29 08:20:13,444 [main] INFO  http.HttpServer2 (HttpServer2.java:bindListener(1191)) - Jetty bound to port 37777
2019-08-29 08:20:13,444 [main] INFO  server.Server (Server.java:doStart(351)) - jetty-9.3.24.v20180605, build timestamp: 2018-06-05T17:11:56Z, git hash: 84205aa28f11a4f31f2a3b86d1bba2cc8ab69827
2019-08-29 08:20:13,447 [main] INFO  handler.ContextHandler (ContextHandler.java:doStart(781)) - Started o.e.j.s.ServletContextHandler@17c0274c{/logs,file:///workdir/hadoop-ozone/integration-test/target/log,AVAILABLE}
2019-08-29 08:20:13,448 [main] INFO  handler.ContextHandler (ContextHandler.java:doStart(781)) - Started o.e.j.s.ServletContextHandler@5a05dd30{/static,jar:file:/home/user/.m2/repository/org/apache/hadoop/hadoop-hdds-container-service/0.5.0-SNAPSHOT/hadoop-hdds-container-service-0.5.0-SNAPSHOT.jar!/webapps/static,AVAILABLE}
2019-08-29 08:20:13,479 [main] INFO  handler.ContextHandler (ContextHandler.java:doStart(781)) - Started o.e.j.w.WebAppContext@5b1e88f{/,file:///tmp/jetty-0.0.0.0-37777-hddsDatanode-_-any-8510287296254854232.dir/webapp/,AVAILABLE}{/hddsDatanode}
2019-08-29 08:20:13,480 [main] INFO  server.AbstractConnector (AbstractConnector.java:doStart(278)) - Started ServerConnector@340cb97f{HTTP/1.1,[http/1.1]}{0.0.0.0:37777}
2019-08-29 08:20:13,481 [main] INFO  server.Server (Server.java:doStart(419)) - Started @7027ms
2019-08-29 08:20:13,482 [main] INFO  server.BaseHttpServer (BaseHttpServer.java:updateConnectorAddress(213)) - HTTP server of HDDSDATANODE is listening at http://0.0.0.0:37777
2019-08-29 08:20:13,682 | INFO  | ObjectStoreRestHttpServer | Listening HDDS REST traffic on /0.0.0.0:37311 |  
2019-08-29 08:20:13,682 [main] INFO  ozone.HddsDatanodeService (HddsDatanodeService.java:startPlugins(395)) - Started plug-in org.apache.hadoop.ozone.web.OzoneHddsDatanodeService@703fa45
2019-08-29 08:20:13,683 [main] INFO  impl.MetricsSystemImpl (MetricsSystemImpl.java:init(158)) - HddsDatanode metrics system started (again)
2019-08-29 08:20:13,686 [main] INFO  ozone.HddsDatanodeService (HddsDatanodeService.java:start(184)) - HddsDatanodeService host:pr-hdds-1553-zhl8q-89899572 ip:192.168.34.54
2019-08-29 08:20:13,692 [org.apache.hadoop.util.JvmPauseMonitor$Monitor@4f474cc4] INFO  util.JvmPauseMonitor (JvmPauseMonitor.java:run(188)) - Starting JVM pause monitor
2019-08-29 08:20:13,699 [Datanode State Machine Thread - 0] INFO  datanode.InitDatanodeState (InitDatanodeState.java:persistContainerDatanodeDetails(140)) - DatanodeDetails is persisted to /workdir/hadoop-ozone/integration-test/target/test-dir/MiniOzoneClusterImpl-7b999817-2419-4622-80b2-2544eebeee1e/datanode-2/meta/datanode.id
2019-08-29 08:20:13,710 [main] INFO  volume.HddsVolume (HddsVolume.java:<init>(176)) - Creating Volume: /workdir/hadoop-ozone/integration-test/target/test-dir/MiniOzoneClusterImpl-7b999817-2419-4622-80b2-2544eebeee1e/datanode-3/data/containers/hdds of  storage type : DISK and capacity : 1482555576320
2019-08-29 08:20:13,711 [main] INFO  volume.VolumeSet (VolumeSet.java:initializeVolumeSet(170)) - Added Volume : /workdir/hadoop-ozone/integration-test/target/test-dir/MiniOzoneClusterImpl-7b999817-2419-4622-80b2-2544eebeee1e/datanode-3/data/containers/hdds to VolumeSet
2019-08-29 08:20:13,711 [main] INFO  volume.ThrottledAsyncChecker (ThrottledAsyncChecker.java:schedule(140)) - Scheduling a check for org.apache.hadoop.ozone.container.common.volume.HddsVolume@7ac48e10
2019-08-29 08:20:13,712 [main] INFO  volume.HddsVolumeChecker (HddsVolumeChecker.java:checkAllVolumes(203)) - Scheduled health check for volume org.apache.hadoop.ozone.container.common.volume.HddsVolume@7ac48e10
2019-08-29 08:20:13,733 [main] INFO  impl.RaftServerProxy (ConfUtils.java:logGet(43)) - raft.rpc.type = GRPC (default)
2019-08-29 08:20:13,733 [main] INFO  grpc.GrpcFactory (GrpcFactory.java:checkPooledByteBufAllocatorUseCacheForAllThreads(45)) - PERFORMANCE WARNING: useCacheForAllThreads is true that may cause Netty to create a lot garbage objects and, as a result, trigger GC.
	It is recommended to disable useCacheForAllThreads by setting -Dorg.apache.ratis.thirdparty.io.netty.allocator.useCacheForAllThreads=false in command line.
2019-08-29 08:20:13,734 [main] INFO  grpc.GrpcConfigKeys$Server (ConfUtils.java:logGet(43)) - raft.grpc.server.port = 0 (default)
2019-08-29 08:20:13,734 [main] INFO  server.GrpcService (ConfUtils.java:logGet(43)) - raft.grpc.message.size.max = 33570816 (custom)
2019-08-29 08:20:13,734 [main] INFO  server.RaftServerConfigKeys (ConfUtils.java:logGet(43)) - raft.server.log.appender.buffer.byte-limit = 33554432 (custom)
2019-08-29 08:20:13,735 [main] INFO  server.GrpcService (ConfUtils.java:logGet(43)) - raft.grpc.flow.control.window = 1MB (=1048576) (default)
2019-08-29 08:20:13,735 [main] INFO  server.RaftServerConfigKeys (ConfUtils.java:logGet(43)) - raft.server.rpc.request.timeout = 3000ms (default)
2019-08-29 08:20:13,736 [main] INFO  server.RaftServerConfigKeys (ConfUtils.java:logGet(43)) - raft.server.storage.dir = [/workdir/hadoop-ozone/integration-test/target/test-dir/MiniOzoneClusterImpl-7b999817-2419-4622-80b2-2544eebeee1e/datanode-3/data/ratis] (custom)
2019-08-29 08:20:13,736 [main] INFO  replication.SimpleContainerDownloader (SimpleContainerDownloader.java:<init>(72)) - Starting container downloader service to copy containers to replicate.
2019-08-29 08:20:13,738 [main] INFO  hdfs.DFSUtil (DFSUtil.java:httpServerTemplateForNNAndJN(1641)) - Starting Web-server for hddsDatanode at: http://0.0.0.0:0
2019-08-29 08:20:13,740 [main] INFO  server.AuthenticationFilter (AuthenticationFilter.java:constructSecretProvider(240)) - Unable to initialize FileSignerSecretProvider, falling back to use random secrets.
2019-08-29 08:20:13,741 [main] WARN  http.HttpRequestLog (HttpRequestLog.java:getRequestLog(97)) - Jetty request log can only be enabled using Log4j
2019-08-29 08:20:13,743 [main] INFO  http.HttpServer2 (HttpServer2.java:addGlobalFilter(975)) - Added global filter 'safety' (class=org.apache.hadoop.http.HttpServer2$QuotingInputFilter)
2019-08-29 08:20:13,744 [main] INFO  http.HttpServer2 (HttpServer2.java:addFilter(948)) - Added filter static_user_filter (class=org.apache.hadoop.http.lib.StaticUserWebFilter$StaticUserFilter) to context hddsDatanode
2019-08-29 08:20:13,744 [main] INFO  http.HttpServer2 (HttpServer2.java:addFilter(958)) - Added filter static_user_filter (class=org.apache.hadoop.http.lib.StaticUserWebFilter$StaticUserFilter) to context static
2019-08-29 08:20:13,744 [main] INFO  http.HttpServer2 (HttpServer2.java:addFilter(958)) - Added filter static_user_filter (class=org.apache.hadoop.http.lib.StaticUserWebFilter$StaticUserFilter) to context logs
2019-08-29 08:20:13,745 [main] INFO  http.HttpServer2 (HttpServer2.java:bindListener(1191)) - Jetty bound to port 37819
2019-08-29 08:20:13,745 [main] INFO  server.Server (Server.java:doStart(351)) - jetty-9.3.24.v20180605, build timestamp: 2018-06-05T17:11:56Z, git hash: 84205aa28f11a4f31f2a3b86d1bba2cc8ab69827
2019-08-29 08:20:13,750 [main] INFO  handler.ContextHandler (ContextHandler.java:doStart(781)) - Started o.e.j.s.ServletContextHandler@2eb0cefe{/logs,file:///workdir/hadoop-ozone/integration-test/target/log,AVAILABLE}
2019-08-29 08:20:13,751 [main] INFO  handler.ContextHandler (ContextHandler.java:doStart(781)) - Started o.e.j.s.ServletContextHandler@2bec068b{/static,jar:file:/home/user/.m2/repository/org/apache/hadoop/hadoop-hdds-container-service/0.5.0-SNAPSHOT/hadoop-hdds-container-service-0.5.0-SNAPSHOT.jar!/webapps/static,AVAILABLE}
2019-08-29 08:20:13,782 [main] INFO  handler.ContextHandler (ContextHandler.java:doStart(781)) - Started o.e.j.w.WebAppContext@231b35fb{/,file:///tmp/jetty-0.0.0.0-37819-hddsDatanode-_-any-4892706764571184087.dir/webapp/,AVAILABLE}{/hddsDatanode}
2019-08-29 08:20:13,785 [main] INFO  server.AbstractConnector (AbstractConnector.java:doStart(278)) - Started ServerConnector@1e581151{HTTP/1.1,[http/1.1]}{0.0.0.0:37819}
2019-08-29 08:20:13,786 [main] INFO  server.Server (Server.java:doStart(419)) - Started @7332ms
2019-08-29 08:20:13,787 [main] INFO  server.BaseHttpServer (BaseHttpServer.java:updateConnectorAddress(213)) - HTTP server of HDDSDATANODE is listening at http://0.0.0.0:37819
2019-08-29 08:20:13,982 | INFO  | ObjectStoreRestHttpServer | Listening HDDS REST traffic on /0.0.0.0:36894 |  
2019-08-29 08:20:13,982 [main] INFO  ozone.HddsDatanodeService (HddsDatanodeService.java:startPlugins(395)) - Started plug-in org.apache.hadoop.ozone.web.OzoneHddsDatanodeService@22a4ca4a
2019-08-29 08:20:13,983 [main] INFO  impl.MetricsSystemImpl (MetricsSystemImpl.java:init(158)) - HddsDatanode metrics system started (again)
2019-08-29 08:20:13,990 [org.apache.hadoop.util.JvmPauseMonitor$Monitor@65e5a2ea] INFO  util.JvmPauseMonitor (JvmPauseMonitor.java:run(188)) - Starting JVM pause monitor
2019-08-29 08:20:13,990 [main] INFO  ozone.HddsDatanodeService (HddsDatanodeService.java:start(184)) - HddsDatanodeService host:pr-hdds-1553-zhl8q-89899572 ip:192.168.34.54
2019-08-29 08:20:13,991 [Datanode State Machine Thread - 0] INFO  datanode.InitDatanodeState (InitDatanodeState.java:persistContainerDatanodeDetails(140)) - DatanodeDetails is persisted to /workdir/hadoop-ozone/integration-test/target/test-dir/MiniOzoneClusterImpl-7b999817-2419-4622-80b2-2544eebeee1e/datanode-3/meta/datanode.id
2019-08-29 08:20:14,003 [main] INFO  volume.HddsVolume (HddsVolume.java:<init>(176)) - Creating Volume: /workdir/hadoop-ozone/integration-test/target/test-dir/MiniOzoneClusterImpl-7b999817-2419-4622-80b2-2544eebeee1e/datanode-4/data/containers/hdds of  storage type : DISK and capacity : 1482555576320
2019-08-29 08:20:14,003 [main] INFO  volume.VolumeSet (VolumeSet.java:initializeVolumeSet(170)) - Added Volume : /workdir/hadoop-ozone/integration-test/target/test-dir/MiniOzoneClusterImpl-7b999817-2419-4622-80b2-2544eebeee1e/datanode-4/data/containers/hdds to VolumeSet
2019-08-29 08:20:14,003 [main] INFO  volume.ThrottledAsyncChecker (ThrottledAsyncChecker.java:schedule(140)) - Scheduling a check for org.apache.hadoop.ozone.container.common.volume.HddsVolume@5403907
2019-08-29 08:20:14,004 [main] INFO  volume.HddsVolumeChecker (HddsVolumeChecker.java:checkAllVolumes(203)) - Scheduled health check for volume org.apache.hadoop.ozone.container.common.volume.HddsVolume@5403907
2019-08-29 08:20:14,021 [main] INFO  impl.RaftServerProxy (ConfUtils.java:logGet(43)) - raft.rpc.type = GRPC (default)
2019-08-29 08:20:14,021 [main] INFO  grpc.GrpcFactory (GrpcFactory.java:checkPooledByteBufAllocatorUseCacheForAllThreads(45)) - PERFORMANCE WARNING: useCacheForAllThreads is true that may cause Netty to create a lot garbage objects and, as a result, trigger GC.
	It is recommended to disable useCacheForAllThreads by setting -Dorg.apache.ratis.thirdparty.io.netty.allocator.useCacheForAllThreads=false in command line.
2019-08-29 08:20:14,021 [main] INFO  grpc.GrpcConfigKeys$Server (ConfUtils.java:logGet(43)) - raft.grpc.server.port = 0 (default)
2019-08-29 08:20:14,022 [main] INFO  server.GrpcService (ConfUtils.java:logGet(43)) - raft.grpc.message.size.max = 33570816 (custom)
2019-08-29 08:20:14,022 [main] INFO  server.RaftServerConfigKeys (ConfUtils.java:logGet(43)) - raft.server.log.appender.buffer.byte-limit = 33554432 (custom)
2019-08-29 08:20:14,022 [main] INFO  server.GrpcService (ConfUtils.java:logGet(43)) - raft.grpc.flow.control.window = 1MB (=1048576) (default)
2019-08-29 08:20:14,023 [main] INFO  server.RaftServerConfigKeys (ConfUtils.java:logGet(43)) - raft.server.rpc.request.timeout = 3000ms (default)
2019-08-29 08:20:14,023 [main] INFO  server.RaftServerConfigKeys (ConfUtils.java:logGet(43)) - raft.server.storage.dir = [/workdir/hadoop-ozone/integration-test/target/test-dir/MiniOzoneClusterImpl-7b999817-2419-4622-80b2-2544eebeee1e/datanode-4/data/ratis] (custom)
2019-08-29 08:20:14,024 [main] INFO  replication.SimpleContainerDownloader (SimpleContainerDownloader.java:<init>(72)) - Starting container downloader service to copy containers to replicate.
2019-08-29 08:20:14,025 [main] INFO  hdfs.DFSUtil (DFSUtil.java:httpServerTemplateForNNAndJN(1641)) - Starting Web-server for hddsDatanode at: http://0.0.0.0:0
2019-08-29 08:20:14,026 [main] INFO  server.AuthenticationFilter (AuthenticationFilter.java:constructSecretProvider(240)) - Unable to initialize FileSignerSecretProvider, falling back to use random secrets.
2019-08-29 08:20:14,027 [main] WARN  http.HttpRequestLog (HttpRequestLog.java:getRequestLog(97)) - Jetty request log can only be enabled using Log4j
2019-08-29 08:20:14,029 [main] INFO  http.HttpServer2 (HttpServer2.java:addGlobalFilter(975)) - Added global filter 'safety' (class=org.apache.hadoop.http.HttpServer2$QuotingInputFilter)
2019-08-29 08:20:14,029 [main] INFO  http.HttpServer2 (HttpServer2.java:addFilter(948)) - Added filter static_user_filter (class=org.apache.hadoop.http.lib.StaticUserWebFilter$StaticUserFilter) to context hddsDatanode
2019-08-29 08:20:14,030 [main] INFO  http.HttpServer2 (HttpServer2.java:addFilter(958)) - Added filter static_user_filter (class=org.apache.hadoop.http.lib.StaticUserWebFilter$StaticUserFilter) to context logs
2019-08-29 08:20:14,030 [main] INFO  http.HttpServer2 (HttpServer2.java:addFilter(958)) - Added filter static_user_filter (class=org.apache.hadoop.http.lib.StaticUserWebFilter$StaticUserFilter) to context static
2019-08-29 08:20:14,031 [main] INFO  http.HttpServer2 (HttpServer2.java:bindListener(1191)) - Jetty bound to port 37906
2019-08-29 08:20:14,031 [main] INFO  server.Server (Server.java:doStart(351)) - jetty-9.3.24.v20180605, build timestamp: 2018-06-05T17:11:56Z, git hash: 84205aa28f11a4f31f2a3b86d1bba2cc8ab69827
2019-08-29 08:20:14,034 [main] INFO  handler.ContextHandler (ContextHandler.java:doStart(781)) - Started o.e.j.s.ServletContextHandler@6321a5aa{/logs,file:///workdir/hadoop-ozone/integration-test/target/log,AVAILABLE}
2019-08-29 08:20:14,035 [main] INFO  handler.ContextHandler (ContextHandler.java:doStart(781)) - Started o.e.j.s.ServletContextHandler@7a36c83a{/static,jar:file:/home/user/.m2/repository/org/apache/hadoop/hadoop-hdds-container-service/0.5.0-SNAPSHOT/hadoop-hdds-container-service-0.5.0-SNAPSHOT.jar!/webapps/static,AVAILABLE}
2019-08-29 08:20:14,064 [main] INFO  handler.ContextHandler (ContextHandler.java:doStart(781)) - Started o.e.j.w.WebAppContext@5520f675{/,file:///tmp/jetty-0.0.0.0-37906-hddsDatanode-_-any-4738290130571289619.dir/webapp/,AVAILABLE}{/hddsDatanode}
2019-08-29 08:20:14,065 [main] INFO  server.AbstractConnector (AbstractConnector.java:doStart(278)) - Started ServerConnector@2d237460{HTTP/1.1,[http/1.1]}{0.0.0.0:37906}
2019-08-29 08:20:14,065 [main] INFO  server.Server (Server.java:doStart(419)) - Started @7611ms
2019-08-29 08:20:14,066 [main] INFO  server.BaseHttpServer (BaseHttpServer.java:updateConnectorAddress(213)) - HTTP server of HDDSDATANODE is listening at http://0.0.0.0:37906
2019-08-29 08:20:14,325 | INFO  | ObjectStoreRestHttpServer | Listening HDDS REST traffic on /0.0.0.0:44582 |  
2019-08-29 08:20:14,326 [main] INFO  ozone.HddsDatanodeService (HddsDatanodeService.java:startPlugins(395)) - Started plug-in org.apache.hadoop.ozone.web.OzoneHddsDatanodeService@7d66a126
2019-08-29 08:20:14,326 [main] INFO  impl.MetricsSystemImpl (MetricsSystemImpl.java:init(158)) - HddsDatanode metrics system started (again)
2019-08-29 08:20:14,329 [org.apache.hadoop.util.JvmPauseMonitor$Monitor@738e5180] INFO  util.JvmPauseMonitor (JvmPauseMonitor.java:run(188)) - Starting JVM pause monitor
2019-08-29 08:20:14,330 [main] INFO  ozone.HddsDatanodeService (HddsDatanodeService.java:start(184)) - HddsDatanodeService host:pr-hdds-1553-zhl8q-89899572 ip:192.168.34.54
2019-08-29 08:20:14,331 [Datanode State Machine Thread - 0] INFO  datanode.InitDatanodeState (InitDatanodeState.java:persistContainerDatanodeDetails(140)) - DatanodeDetails is persisted to /workdir/hadoop-ozone/integration-test/target/test-dir/MiniOzoneClusterImpl-7b999817-2419-4622-80b2-2544eebeee1e/datanode-4/meta/datanode.id
2019-08-29 08:20:14,343 [main] INFO  volume.HddsVolume (HddsVolume.java:<init>(176)) - Creating Volume: /workdir/hadoop-ozone/integration-test/target/test-dir/MiniOzoneClusterImpl-7b999817-2419-4622-80b2-2544eebeee1e/datanode-5/data/containers/hdds of  storage type : DISK and capacity : 1482555576320
2019-08-29 08:20:14,347 [main] INFO  volume.VolumeSet (VolumeSet.java:initializeVolumeSet(170)) - Added Volume : /workdir/hadoop-ozone/integration-test/target/test-dir/MiniOzoneClusterImpl-7b999817-2419-4622-80b2-2544eebeee1e/datanode-5/data/containers/hdds to VolumeSet
2019-08-29 08:20:14,348 [main] INFO  volume.ThrottledAsyncChecker (ThrottledAsyncChecker.java:schedule(140)) - Scheduling a check for org.apache.hadoop.ozone.container.common.volume.HddsVolume@2ee92e7d
2019-08-29 08:20:14,349 [main] INFO  volume.HddsVolumeChecker (HddsVolumeChecker.java:checkAllVolumes(203)) - Scheduled health check for volume org.apache.hadoop.ozone.container.common.volume.HddsVolume@2ee92e7d
2019-08-29 08:20:14,378 [main] INFO  impl.RaftServerProxy (ConfUtils.java:logGet(43)) - raft.rpc.type = GRPC (default)
2019-08-29 08:20:14,379 [main] INFO  grpc.GrpcFactory (GrpcFactory.java:checkPooledByteBufAllocatorUseCacheForAllThreads(45)) - PERFORMANCE WARNING: useCacheForAllThreads is true that may cause Netty to create a lot garbage objects and, as a result, trigger GC.
	It is recommended to disable useCacheForAllThreads by setting -Dorg.apache.ratis.thirdparty.io.netty.allocator.useCacheForAllThreads=false in command line.
2019-08-29 08:20:14,379 [main] INFO  grpc.GrpcConfigKeys$Server (ConfUtils.java:logGet(43)) - raft.grpc.server.port = 0 (default)
2019-08-29 08:20:14,379 [main] INFO  server.GrpcService (ConfUtils.java:logGet(43)) - raft.grpc.message.size.max = 33570816 (custom)
2019-08-29 08:20:14,379 [main] INFO  server.RaftServerConfigKeys (ConfUtils.java:logGet(43)) - raft.server.log.appender.buffer.byte-limit = 33554432 (custom)
2019-08-29 08:20:14,380 [main] INFO  server.GrpcService (ConfUtils.java:logGet(43)) - raft.grpc.flow.control.window = 1MB (=1048576) (default)
2019-08-29 08:20:14,380 [main] INFO  server.RaftServerConfigKeys (ConfUtils.java:logGet(43)) - raft.server.rpc.request.timeout = 3000ms (default)
2019-08-29 08:20:14,380 [main] INFO  server.RaftServerConfigKeys (ConfUtils.java:logGet(43)) - raft.server.storage.dir = [/workdir/hadoop-ozone/integration-test/target/test-dir/MiniOzoneClusterImpl-7b999817-2419-4622-80b2-2544eebeee1e/datanode-5/data/ratis] (custom)
2019-08-29 08:20:14,381 [main] INFO  replication.SimpleContainerDownloader (SimpleContainerDownloader.java:<init>(72)) - Starting container downloader service to copy containers to replicate.
2019-08-29 08:20:14,382 [main] INFO  hdfs.DFSUtil (DFSUtil.java:httpServerTemplateForNNAndJN(1641)) - Starting Web-server for hddsDatanode at: http://0.0.0.0:0
2019-08-29 08:20:14,383 [main] INFO  server.AuthenticationFilter (AuthenticationFilter.java:constructSecretProvider(240)) - Unable to initialize FileSignerSecretProvider, falling back to use random secrets.
2019-08-29 08:20:14,384 [main] WARN  http.HttpRequestLog (HttpRequestLog.java:getRequestLog(97)) - Jetty request log can only be enabled using Log4j
2019-08-29 08:20:14,385 [main] INFO  http.HttpServer2 (HttpServer2.java:addGlobalFilter(975)) - Added global filter 'safety' (class=org.apache.hadoop.http.HttpServer2$QuotingInputFilter)
2019-08-29 08:20:14,386 [main] INFO  http.HttpServer2 (HttpServer2.java:addFilter(948)) - Added filter static_user_filter (class=org.apache.hadoop.http.lib.StaticUserWebFilter$StaticUserFilter) to context hddsDatanode
2019-08-29 08:20:14,386 [main] INFO  http.HttpServer2 (HttpServer2.java:addFilter(958)) - Added filter static_user_filter (class=org.apache.hadoop.http.lib.StaticUserWebFilter$StaticUserFilter) to context logs
2019-08-29 08:20:14,386 [main] INFO  http.HttpServer2 (HttpServer2.java:addFilter(958)) - Added filter static_user_filter (class=org.apache.hadoop.http.lib.StaticUserWebFilter$StaticUserFilter) to context static
2019-08-29 08:20:14,387 [main] INFO  http.HttpServer2 (HttpServer2.java:bindListener(1191)) - Jetty bound to port 40103
2019-08-29 08:20:14,387 [main] INFO  server.Server (Server.java:doStart(351)) - jetty-9.3.24.v20180605, build timestamp: 2018-06-05T17:11:56Z, git hash: 84205aa28f11a4f31f2a3b86d1bba2cc8ab69827
2019-08-29 08:20:14,390 [main] INFO  handler.ContextHandler (ContextHandler.java:doStart(781)) - Started o.e.j.s.ServletContextHandler@7b3cbe6e{/logs,file:///workdir/hadoop-ozone/integration-test/target/log,AVAILABLE}
2019-08-29 08:20:14,391 [main] INFO  handler.ContextHandler (ContextHandler.java:doStart(781)) - Started o.e.j.s.ServletContextHandler@17176b18{/static,jar:file:/home/user/.m2/repository/org/apache/hadoop/hadoop-hdds-container-service/0.5.0-SNAPSHOT/hadoop-hdds-container-service-0.5.0-SNAPSHOT.jar!/webapps/static,AVAILABLE}
2019-08-29 08:20:14,421 [main] INFO  handler.ContextHandler (ContextHandler.java:doStart(781)) - Started o.e.j.w.WebAppContext@22048bd6{/,file:///tmp/jetty-0.0.0.0-40103-hddsDatanode-_-any-6808643803023891632.dir/webapp/,AVAILABLE}{/hddsDatanode}
2019-08-29 08:20:14,427 [main] INFO  server.AbstractConnector (AbstractConnector.java:doStart(278)) - Started ServerConnector@7696378{HTTP/1.1,[http/1.1]}{0.0.0.0:40103}
2019-08-29 08:20:14,430 [main] INFO  server.Server (Server.java:doStart(419)) - Started @7974ms
2019-08-29 08:20:14,432 [main] INFO  server.BaseHttpServer (BaseHttpServer.java:updateConnectorAddress(213)) - HTTP server of HDDSDATANODE is listening at http://0.0.0.0:40103
2019-08-29 08:20:14,585 | INFO  | ObjectStoreRestHttpServer | Listening HDDS REST traffic on /0.0.0.0:37159 |  
2019-08-29 08:20:14,585 [main] INFO  ozone.HddsDatanodeService (HddsDatanodeService.java:startPlugins(395)) - Started plug-in org.apache.hadoop.ozone.web.OzoneHddsDatanodeService@6b9697ae
2019-08-29 08:20:14,586 [main] INFO  impl.MetricsSystemImpl (MetricsSystemImpl.java:init(158)) - HddsDatanode metrics system started (again)
2019-08-29 08:20:14,589 [org.apache.hadoop.util.JvmPauseMonitor$Monitor@42fae246] INFO  util.JvmPauseMonitor (JvmPauseMonitor.java:run(188)) - Starting JVM pause monitor
2019-08-29 08:20:14,589 [main] INFO  ozone.HddsDatanodeService (HddsDatanodeService.java:start(184)) - HddsDatanodeService host:pr-hdds-1553-zhl8q-89899572 ip:192.168.34.54
2019-08-29 08:20:14,591 [Datanode State Machine Thread - 0] INFO  datanode.InitDatanodeState (InitDatanodeState.java:persistContainerDatanodeDetails(140)) - DatanodeDetails is persisted to /workdir/hadoop-ozone/integration-test/target/test-dir/MiniOzoneClusterImpl-7b999817-2419-4622-80b2-2544eebeee1e/datanode-5/meta/datanode.id
2019-08-29 08:20:14,597 [main] INFO  volume.HddsVolume (HddsVolume.java:<init>(176)) - Creating Volume: /workdir/hadoop-ozone/integration-test/target/test-dir/MiniOzoneClusterImpl-7b999817-2419-4622-80b2-2544eebeee1e/datanode-6/data/containers/hdds of  storage type : DISK and capacity : 1482555576320
2019-08-29 08:20:14,597 [main] INFO  volume.VolumeSet (VolumeSet.java:initializeVolumeSet(170)) - Added Volume : /workdir/hadoop-ozone/integration-test/target/test-dir/MiniOzoneClusterImpl-7b999817-2419-4622-80b2-2544eebeee1e/datanode-6/data/containers/hdds to VolumeSet
2019-08-29 08:20:14,597 [main] INFO  volume.ThrottledAsyncChecker (ThrottledAsyncChecker.java:schedule(140)) - Scheduling a check for org.apache.hadoop.ozone.container.common.volume.HddsVolume@2c579202
2019-08-29 08:20:14,598 [main] INFO  volume.HddsVolumeChecker (HddsVolumeChecker.java:checkAllVolumes(203)) - Scheduled health check for volume org.apache.hadoop.ozone.container.common.volume.HddsVolume@2c579202
2019-08-29 08:20:14,612 [main] INFO  impl.RaftServerProxy (ConfUtils.java:logGet(43)) - raft.rpc.type = GRPC (default)
2019-08-29 08:20:14,612 [main] INFO  grpc.GrpcFactory (GrpcFactory.java:checkPooledByteBufAllocatorUseCacheForAllThreads(45)) - PERFORMANCE WARNING: useCacheForAllThreads is true that may cause Netty to create a lot garbage objects and, as a result, trigger GC.
	It is recommended to disable useCacheForAllThreads by setting -Dorg.apache.ratis.thirdparty.io.netty.allocator.useCacheForAllThreads=false in command line.
2019-08-29 08:20:14,612 [main] INFO  grpc.GrpcConfigKeys$Server (ConfUtils.java:logGet(43)) - raft.grpc.server.port = 0 (default)
2019-08-29 08:20:14,612 [main] INFO  server.GrpcService (ConfUtils.java:logGet(43)) - raft.grpc.message.size.max = 33570816 (custom)
2019-08-29 08:20:14,613 [main] INFO  server.RaftServerConfigKeys (ConfUtils.java:logGet(43)) - raft.server.log.appender.buffer.byte-limit = 33554432 (custom)
2019-08-29 08:20:14,613 [main] INFO  server.GrpcService (ConfUtils.java:logGet(43)) - raft.grpc.flow.control.window = 1MB (=1048576) (default)
2019-08-29 08:20:14,613 [main] INFO  server.RaftServerConfigKeys (ConfUtils.java:logGet(43)) - raft.server.rpc.request.timeout = 3000ms (default)
2019-08-29 08:20:14,614 [main] INFO  server.RaftServerConfigKeys (ConfUtils.java:logGet(43)) - raft.server.storage.dir = [/workdir/hadoop-ozone/integration-test/target/test-dir/MiniOzoneClusterImpl-7b999817-2419-4622-80b2-2544eebeee1e/datanode-6/data/ratis] (custom)
2019-08-29 08:20:14,614 [main] INFO  replication.SimpleContainerDownloader (SimpleContainerDownloader.java:<init>(72)) - Starting container downloader service to copy containers to replicate.
2019-08-29 08:20:14,615 [main] INFO  hdfs.DFSUtil (DFSUtil.java:httpServerTemplateForNNAndJN(1641)) - Starting Web-server for hddsDatanode at: http://0.0.0.0:0
2019-08-29 08:20:14,617 [main] INFO  server.AuthenticationFilter (AuthenticationFilter.java:constructSecretProvider(240)) - Unable to initialize FileSignerSecretProvider, falling back to use random secrets.
2019-08-29 08:20:14,617 [main] WARN  http.HttpRequestLog (HttpRequestLog.java:getRequestLog(97)) - Jetty request log can only be enabled using Log4j
2019-08-29 08:20:14,619 [main] INFO  http.HttpServer2 (HttpServer2.java:addGlobalFilter(975)) - Added global filter 'safety' (class=org.apache.hadoop.http.HttpServer2$QuotingInputFilter)
2019-08-29 08:20:14,619 [main] INFO  http.HttpServer2 (HttpServer2.java:addFilter(948)) - Added filter static_user_filter (class=org.apache.hadoop.http.lib.StaticUserWebFilter$StaticUserFilter) to context hddsDatanode
2019-08-29 08:20:14,619 [main] INFO  http.HttpServer2 (HttpServer2.java:addFilter(958)) - Added filter static_user_filter (class=org.apache.hadoop.http.lib.StaticUserWebFilter$StaticUserFilter) to context logs
2019-08-29 08:20:14,619 [main] INFO  http.HttpServer2 (HttpServer2.java:addFilter(958)) - Added filter static_user_filter (class=org.apache.hadoop.http.lib.StaticUserWebFilter$StaticUserFilter) to context static
2019-08-29 08:20:14,620 [main] INFO  http.HttpServer2 (HttpServer2.java:bindListener(1191)) - Jetty bound to port 36126
2019-08-29 08:20:14,620 [main] INFO  server.Server (Server.java:doStart(351)) - jetty-9.3.24.v20180605, build timestamp: 2018-06-05T17:11:56Z, git hash: 84205aa28f11a4f31f2a3b86d1bba2cc8ab69827
2019-08-29 08:20:14,622 [main] INFO  handler.ContextHandler (ContextHandler.java:doStart(781)) - Started o.e.j.s.ServletContextHandler@3d512652{/logs,file:///workdir/hadoop-ozone/integration-test/target/log,AVAILABLE}
2019-08-29 08:20:14,622 [main] INFO  handler.ContextHandler (ContextHandler.java:doStart(781)) - Started o.e.j.s.ServletContextHandler@3b96f8b0{/static,jar:file:/home/user/.m2/repository/org/apache/hadoop/hadoop-hdds-container-service/0.5.0-SNAPSHOT/hadoop-hdds-container-service-0.5.0-SNAPSHOT.jar!/webapps/static,AVAILABLE}
2019-08-29 08:20:14,654 [main] INFO  handler.ContextHandler (ContextHandler.java:doStart(781)) - Started o.e.j.w.WebAppContext@7ef41ca2{/,file:///tmp/jetty-0.0.0.0-36126-hddsDatanode-_-any-327871632989310938.dir/webapp/,AVAILABLE}{/hddsDatanode}
2019-08-29 08:20:14,655 [main] INFO  server.AbstractConnector (AbstractConnector.java:doStart(278)) - Started ServerConnector@6b3f4bd8{HTTP/1.1,[http/1.1]}{0.0.0.0:36126}
2019-08-29 08:20:14,656 [main] INFO  server.Server (Server.java:doStart(419)) - Started @8203ms
2019-08-29 08:20:14,657 [main] INFO  server.BaseHttpServer (BaseHttpServer.java:updateConnectorAddress(213)) - HTTP server of HDDSDATANODE is listening at http://0.0.0.0:36126
2019-08-29 08:20:14,790 | INFO  | ObjectStoreRestHttpServer | Listening HDDS REST traffic on /0.0.0.0:32943 |  
2019-08-29 08:20:14,790 [main] INFO  ozone.HddsDatanodeService (HddsDatanodeService.java:startPlugins(395)) - Started plug-in org.apache.hadoop.ozone.web.OzoneHddsDatanodeService@4c6bba7d
2019-08-29 08:20:14,793 [main] INFO  ozone.MiniOzoneClusterImpl (MiniOzoneClusterImpl.java:lambda$waitForClusterToBeReady$0(142)) - Waiting for cluster to be ready. Got 0 of 7 DN Heartbeats.
2019-08-29 08:20:14,794 [org.apache.hadoop.util.JvmPauseMonitor$Monitor@25cca69c] INFO  util.JvmPauseMonitor (JvmPauseMonitor.java:run(188)) - Starting JVM pause monitor
2019-08-29 08:20:14,796 [Datanode State Machine Thread - 0] INFO  datanode.InitDatanodeState (InitDatanodeState.java:persistContainerDatanodeDetails(140)) - DatanodeDetails is persisted to /workdir/hadoop-ozone/integration-test/target/test-dir/MiniOzoneClusterImpl-7b999817-2419-4622-80b2-2544eebeee1e/datanode-6/meta/datanode.id
2019-08-29 08:20:15,131 | INFO  | SCMAudit | user=jenkins1000 | ip=192.168.34.54 | op=GET_VERSION null | ret=SUCCESS |  
2019-08-29 08:20:15,151 [Datanode State Machine Thread - 0] INFO  ozoneimpl.OzoneContainer (OzoneContainer.java:start(186)) - Attempting to start container services.
2019-08-29 08:20:15,152 [Datanode State Machine Thread - 0] INFO  ozoneimpl.OzoneContainer (OzoneContainer.java:startContainerScrub(160)) - Background container scrubber has been disabled by hdds.containerscrub.enabled
2019-08-29 08:20:15,153 [Datanode State Machine Thread - 0] INFO  ratis.XceiverServerRatis (XceiverServerRatis.java:start(404)) - Starting XceiverServerRatis 078fe6a9-1ebb-4542-b6cd-585ed8de9dab at port 0
2019-08-29 08:20:15,173 [Datanode State Machine Thread - 0] INFO  impl.RaftServerProxy (RaftServerProxy.java:lambda$start$3(299)) - 078fe6a9-1ebb-4542-b6cd-585ed8de9dab: start RPC server
2019-08-29 08:20:15,303 [Datanode State Machine Thread - 0] INFO  server.GrpcService (GrpcService.java:startImpl(149)) - 078fe6a9-1ebb-4542-b6cd-585ed8de9dab: GrpcService started, listening on 0.0.0.0/0.0.0.0:44324
2019-08-29 08:20:15,305 [Datanode State Machine Thread - 0] INFO  ratis.XceiverServerRatis (XceiverServerRatis.java:start(414)) - XceiverServerRatis 078fe6a9-1ebb-4542-b6cd-585ed8de9dab is started using port 44324
2019-08-29 08:20:15,308 [Datanode State Machine Thread - 0] INFO  server.XceiverServerGrpc (XceiverServerGrpc.java:start(161)) - XceiverServerGrpc 078fe6a9-1ebb-4542-b6cd-585ed8de9dab is started using port 36433
2019-08-29 08:20:15,382 | INFO  | SCMAudit | user=jenkins1000 | ip=192.168.34.54 | op=GET_VERSION null | ret=SUCCESS |  
2019-08-29 08:20:15,396 [Datanode State Machine Thread - 0] INFO  ozoneimpl.OzoneContainer (OzoneContainer.java:start(186)) - Attempting to start container services.
2019-08-29 08:20:15,398 [Datanode State Machine Thread - 0] INFO  ozoneimpl.OzoneContainer (OzoneContainer.java:startContainerScrub(160)) - Background container scrubber has been disabled by hdds.containerscrub.enabled
2019-08-29 08:20:15,398 [Datanode State Machine Thread - 0] INFO  ratis.XceiverServerRatis (XceiverServerRatis.java:start(404)) - Starting XceiverServerRatis adb6bfc4-9812-4cd1-b89d-2074f9496068 at port 0
2019-08-29 08:20:15,403 [Datanode State Machine Thread - 0] INFO  impl.RaftServerProxy (RaftServerProxy.java:lambda$start$3(299)) - adb6bfc4-9812-4cd1-b89d-2074f9496068: start RPC server
2019-08-29 08:20:15,405 [Datanode State Machine Thread - 0] INFO  server.GrpcService (GrpcService.java:startImpl(149)) - adb6bfc4-9812-4cd1-b89d-2074f9496068: GrpcService started, listening on 0.0.0.0/0.0.0.0:35148
2019-08-29 08:20:15,405 [Datanode State Machine Thread - 0] INFO  ratis.XceiverServerRatis (XceiverServerRatis.java:start(414)) - XceiverServerRatis adb6bfc4-9812-4cd1-b89d-2074f9496068 is started using port 35148
2019-08-29 08:20:15,406 [Datanode State Machine Thread - 0] INFO  server.XceiverServerGrpc (XceiverServerGrpc.java:start(161)) - XceiverServerGrpc adb6bfc4-9812-4cd1-b89d-2074f9496068 is started using port 46450
2019-08-29 08:20:15,693 | INFO  | SCMAudit | user=jenkins1000 | ip=192.168.34.54 | op=GET_VERSION null | ret=SUCCESS |  
2019-08-29 08:20:15,708 [Datanode State Machine Thread - 0] INFO  ozoneimpl.OzoneContainer (OzoneContainer.java:start(186)) - Attempting to start container services.
2019-08-29 08:20:15,713 [Datanode State Machine Thread - 0] INFO  ozoneimpl.OzoneContainer (OzoneContainer.java:startContainerScrub(160)) - Background container scrubber has been disabled by hdds.containerscrub.enabled
2019-08-29 08:20:15,713 [Datanode State Machine Thread - 0] INFO  ratis.XceiverServerRatis (XceiverServerRatis.java:start(404)) - Starting XceiverServerRatis a31cf192-49b2-4ed1-810f-c25f32e91362 at port 0
2019-08-29 08:20:15,719 [Datanode State Machine Thread - 0] INFO  impl.RaftServerProxy (RaftServerProxy.java:lambda$start$3(299)) - a31cf192-49b2-4ed1-810f-c25f32e91362: start RPC server
2019-08-29 08:20:15,722 [Datanode State Machine Thread - 0] INFO  server.GrpcService (GrpcService.java:startImpl(149)) - a31cf192-49b2-4ed1-810f-c25f32e91362: GrpcService started, listening on 0.0.0.0/0.0.0.0:39448
2019-08-29 08:20:15,723 [Datanode State Machine Thread - 0] INFO  ratis.XceiverServerRatis (XceiverServerRatis.java:start(414)) - XceiverServerRatis a31cf192-49b2-4ed1-810f-c25f32e91362 is started using port 39448
2019-08-29 08:20:15,725 [Datanode State Machine Thread - 0] INFO  server.XceiverServerGrpc (XceiverServerGrpc.java:start(161)) - XceiverServerGrpc a31cf192-49b2-4ed1-810f-c25f32e91362 is started using port 37389
2019-08-29 08:20:15,793 [main] INFO  ozone.MiniOzoneClusterImpl (MiniOzoneClusterImpl.java:lambda$waitForClusterToBeReady$0(142)) - Waiting for cluster to be ready. Got 0 of 7 DN Heartbeats.
2019-08-29 08:20:15,992 | INFO  | SCMAudit | user=jenkins1000 | ip=192.168.34.54 | op=GET_VERSION null | ret=SUCCESS |  
2019-08-29 08:20:15,997 [Datanode State Machine Thread - 0] INFO  ozoneimpl.OzoneContainer (OzoneContainer.java:start(186)) - Attempting to start container services.
2019-08-29 08:20:15,998 [Datanode State Machine Thread - 0] INFO  ozoneimpl.OzoneContainer (OzoneContainer.java:startContainerScrub(160)) - Background container scrubber has been disabled by hdds.containerscrub.enabled
2019-08-29 08:20:15,998 [Datanode State Machine Thread - 0] INFO  ratis.XceiverServerRatis (XceiverServerRatis.java:start(404)) - Starting XceiverServerRatis 856f75f6-80db-48b1-966d-fd6b52a68619 at port 0
2019-08-29 08:20:16,002 [Datanode State Machine Thread - 0] INFO  impl.RaftServerProxy (RaftServerProxy.java:lambda$start$3(299)) - 856f75f6-80db-48b1-966d-fd6b52a68619: start RPC server
2019-08-29 08:20:16,005 [Datanode State Machine Thread - 0] INFO  server.GrpcService (GrpcService.java:startImpl(149)) - 856f75f6-80db-48b1-966d-fd6b52a68619: GrpcService started, listening on 0.0.0.0/0.0.0.0:44850
2019-08-29 08:20:16,005 [Datanode State Machine Thread - 0] INFO  ratis.XceiverServerRatis (XceiverServerRatis.java:start(414)) - XceiverServerRatis 856f75f6-80db-48b1-966d-fd6b52a68619 is started using port 44850
2019-08-29 08:20:16,007 [Datanode State Machine Thread - 0] INFO  server.XceiverServerGrpc (XceiverServerGrpc.java:start(161)) - XceiverServerGrpc 856f75f6-80db-48b1-966d-fd6b52a68619 is started using port 36683
2019-08-29 08:20:16,331 | INFO  | SCMAudit | user=jenkins1000 | ip=192.168.34.54 | op=GET_VERSION null | ret=SUCCESS |  
2019-08-29 08:20:16,345 [Datanode State Machine Thread - 0] INFO  ozoneimpl.OzoneContainer (OzoneContainer.java:start(186)) - Attempting to start container services.
2019-08-29 08:20:16,345 [Datanode State Machine Thread - 0] INFO  ozoneimpl.OzoneContainer (OzoneContainer.java:startContainerScrub(160)) - Background container scrubber has been disabled by hdds.containerscrub.enabled
2019-08-29 08:20:16,345 [Datanode State Machine Thread - 0] INFO  ratis.XceiverServerRatis (XceiverServerRatis.java:start(404)) - Starting XceiverServerRatis 886c450c-7866-4fa0-a628-dd927eae8405 at port 0
2019-08-29 08:20:16,351 [Datanode State Machine Thread - 0] INFO  impl.RaftServerProxy (RaftServerProxy.java:lambda$start$3(299)) - 886c450c-7866-4fa0-a628-dd927eae8405: start RPC server
2019-08-29 08:20:16,354 [Datanode State Machine Thread - 0] INFO  server.GrpcService (GrpcService.java:startImpl(149)) - 886c450c-7866-4fa0-a628-dd927eae8405: GrpcService started, listening on 0.0.0.0/0.0.0.0:36470
2019-08-29 08:20:16,355 [Datanode State Machine Thread - 0] INFO  ratis.XceiverServerRatis (XceiverServerRatis.java:start(414)) - XceiverServerRatis 886c450c-7866-4fa0-a628-dd927eae8405 is started using port 36470
2019-08-29 08:20:16,357 [Datanode State Machine Thread - 0] INFO  server.XceiverServerGrpc (XceiverServerGrpc.java:start(161)) - XceiverServerGrpc 886c450c-7866-4fa0-a628-dd927eae8405 is started using port 43935
2019-08-29 08:20:16,591 | INFO  | SCMAudit | user=jenkins1000 | ip=192.168.34.54 | op=GET_VERSION null | ret=SUCCESS |  
2019-08-29 08:20:16,605 [Datanode State Machine Thread - 0] INFO  ozoneimpl.OzoneContainer (OzoneContainer.java:start(186)) - Attempting to start container services.
2019-08-29 08:20:16,605 [Datanode State Machine Thread - 0] INFO  ozoneimpl.OzoneContainer (OzoneContainer.java:startContainerScrub(160)) - Background container scrubber has been disabled by hdds.containerscrub.enabled
2019-08-29 08:20:16,605 [Datanode State Machine Thread - 0] INFO  ratis.XceiverServerRatis (XceiverServerRatis.java:start(404)) - Starting XceiverServerRatis 0478feb3-a59d-4754-80fd-79ba24eb7e66 at port 0
2019-08-29 08:20:16,609 [Datanode State Machine Thread - 0] INFO  impl.RaftServerProxy (RaftServerProxy.java:lambda$start$3(299)) - 0478feb3-a59d-4754-80fd-79ba24eb7e66: start RPC server
2019-08-29 08:20:16,612 [Datanode State Machine Thread - 0] INFO  server.GrpcService (GrpcService.java:startImpl(149)) - 0478feb3-a59d-4754-80fd-79ba24eb7e66: GrpcService started, listening on 0.0.0.0/0.0.0.0:42750
2019-08-29 08:20:16,612 [Datanode State Machine Thread - 0] INFO  ratis.XceiverServerRatis (XceiverServerRatis.java:start(414)) - XceiverServerRatis 0478feb3-a59d-4754-80fd-79ba24eb7e66 is started using port 42750
2019-08-29 08:20:16,614 [Datanode State Machine Thread - 0] INFO  server.XceiverServerGrpc (XceiverServerGrpc.java:start(161)) - XceiverServerGrpc 0478feb3-a59d-4754-80fd-79ba24eb7e66 is started using port 37811
2019-08-29 08:20:16,794 [main] INFO  ozone.MiniOzoneClusterImpl (MiniOzoneClusterImpl.java:lambda$waitForClusterToBeReady$0(142)) - Waiting for cluster to be ready. Got 0 of 7 DN Heartbeats.
2019-08-29 08:20:16,798 | INFO  | SCMAudit | user=jenkins1000 | ip=192.168.34.54 | op=GET_VERSION null | ret=SUCCESS |  
2019-08-29 08:20:16,814 [Datanode State Machine Thread - 0] INFO  ozoneimpl.OzoneContainer (OzoneContainer.java:start(186)) - Attempting to start container services.
2019-08-29 08:20:16,814 [Datanode State Machine Thread - 0] INFO  ozoneimpl.OzoneContainer (OzoneContainer.java:startContainerScrub(160)) - Background container scrubber has been disabled by hdds.containerscrub.enabled
2019-08-29 08:20:16,815 [Datanode State Machine Thread - 0] INFO  ratis.XceiverServerRatis (XceiverServerRatis.java:start(404)) - Starting XceiverServerRatis 5563f767-f7a1-4491-bdfb-72abdf0fc1e3 at port 0
2019-08-29 08:20:16,820 [Datanode State Machine Thread - 0] INFO  impl.RaftServerProxy (RaftServerProxy.java:lambda$start$3(299)) - 5563f767-f7a1-4491-bdfb-72abdf0fc1e3: start RPC server
2019-08-29 08:20:16,825 [Datanode State Machine Thread - 0] INFO  server.GrpcService (GrpcService.java:startImpl(149)) - 5563f767-f7a1-4491-bdfb-72abdf0fc1e3: GrpcService started, listening on 0.0.0.0/0.0.0.0:35195
2019-08-29 08:20:16,825 [Datanode State Machine Thread - 0] INFO  ratis.XceiverServerRatis (XceiverServerRatis.java:start(414)) - XceiverServerRatis 5563f767-f7a1-4491-bdfb-72abdf0fc1e3 is started using port 35195
2019-08-29 08:20:16,828 [Datanode State Machine Thread - 0] INFO  server.XceiverServerGrpc (XceiverServerGrpc.java:start(161)) - XceiverServerGrpc 5563f767-f7a1-4491-bdfb-72abdf0fc1e3 is started using port 45404
2019-08-29 08:20:17,140 [IPC Server handler 6 on 44063] INFO  net.NetworkTopology (NetworkTopologyImpl.java:add(110)) - Added a new node: /default-rack/078fe6a9-1ebb-4542-b6cd-585ed8de9dab
2019-08-29 08:20:17,142 [IPC Server handler 6 on 44063] INFO  node.SCMNodeManager (SCMNodeManager.java:register(273)) - Registered Data node : 078fe6a9-1ebb-4542-b6cd-585ed8de9dab{ip: 192.168.34.54, host: pr-hdds-1553-zhl8q-89899572, networkLocation: /default-rack, certSerialId: null}
2019-08-29 08:20:17,146 [EventQueue-NodeRegistrationContainerReportForDataNodeSafeModeRule] INFO  safemode.SCMSafeModeManager (DataNodeSafeModeRule.java:process(71)) - SCM in safe mode. 1 DataNodes registered, 1 required.
2019-08-29 08:20:17,146 [EventQueue-NodeRegistrationContainerReportForDataNodeSafeModeRule] INFO  safemode.SCMSafeModeManager (SCMSafeModeManager.java:validateSafeModeExitRules(177)) - ScmSafeModeManager, all rules are successfully validated
2019-08-29 08:20:17,146 [EventQueue-NodeRegistrationContainerReportForDataNodeSafeModeRule] INFO  safemode.SCMSafeModeManager (SCMSafeModeManager.java:exitSafeMode(193)) - SCM exiting safe mode.
2019-08-29 08:20:17,155 | INFO  | SCMAudit | user=jenkins1000 | ip=192.168.34.54 | op=REGISTER {datanodeDetails=078fe6a9-1ebb-4542-b6cd-585ed8de9dab{ip: 192.168.34.54, host: pr-hdds-1553-zhl8q-89899572, networkLocation: /default-rack, certSerialId: null}} | ret=SUCCESS |  
2019-08-29 08:20:17,383 [IPC Server handler 2 on 44063] INFO  net.NetworkTopology (NetworkTopologyImpl.java:add(110)) - Added a new node: /default-rack/adb6bfc4-9812-4cd1-b89d-2074f9496068
2019-08-29 08:20:17,383 [IPC Server handler 2 on 44063] INFO  node.SCMNodeManager (SCMNodeManager.java:register(273)) - Registered Data node : adb6bfc4-9812-4cd1-b89d-2074f9496068{ip: 192.168.34.54, host: pr-hdds-1553-zhl8q-89899572, networkLocation: /default-rack, certSerialId: null}
2019-08-29 08:20:17,384 | INFO  | SCMAudit | user=jenkins1000 | ip=192.168.34.54 | op=REGISTER {datanodeDetails=adb6bfc4-9812-4cd1-b89d-2074f9496068{ip: 192.168.34.54, host: pr-hdds-1553-zhl8q-89899572, networkLocation: /default-rack, certSerialId: null}} | ret=SUCCESS |  
2019-08-29 08:20:17,851 [main] INFO  ozone.MiniOzoneClusterImpl (MiniOzoneClusterImpl.java:lambda$waitForClusterToBeReady$0(142)) - Waiting for cluster to be ready. Got 2 of 7 DN Heartbeats.
2019-08-29 08:20:17,857 [IPC Server handler 6 on 44063] INFO  net.NetworkTopology (NetworkTopologyImpl.java:add(110)) - Added a new node: /default-rack/a31cf192-49b2-4ed1-810f-c25f32e91362
2019-08-29 08:20:17,858 [IPC Server handler 6 on 44063] INFO  node.SCMNodeManager (SCMNodeManager.java:register(273)) - Registered Data node : a31cf192-49b2-4ed1-810f-c25f32e91362{ip: 192.168.34.54, host: pr-hdds-1553-zhl8q-89899572, networkLocation: /default-rack, certSerialId: null}
2019-08-29 08:20:17,858 | INFO  | SCMAudit | user=jenkins1000 | ip=192.168.34.54 | op=REGISTER {datanodeDetails=a31cf192-49b2-4ed1-810f-c25f32e91362{ip: 192.168.34.54, host: pr-hdds-1553-zhl8q-89899572, networkLocation: /default-rack, certSerialId: null}} | ret=SUCCESS |  
2019-08-29 08:20:17,994 [IPC Server handler 3 on 44063] INFO  net.NetworkTopology (NetworkTopologyImpl.java:add(110)) - Added a new node: /default-rack/856f75f6-80db-48b1-966d-fd6b52a68619
2019-08-29 08:20:17,994 [IPC Server handler 3 on 44063] INFO  node.SCMNodeManager (SCMNodeManager.java:register(273)) - Registered Data node : 856f75f6-80db-48b1-966d-fd6b52a68619{ip: 192.168.34.54, host: pr-hdds-1553-zhl8q-89899572, networkLocation: /default-rack, certSerialId: null}
2019-08-29 08:20:17,994 | INFO  | SCMAudit | user=jenkins1000 | ip=192.168.34.54 | op=REGISTER {datanodeDetails=856f75f6-80db-48b1-966d-fd6b52a68619{ip: 192.168.34.54, host: pr-hdds-1553-zhl8q-89899572, networkLocation: /default-rack, certSerialId: null}} | ret=SUCCESS |  
2019-08-29 08:20:18,031 [grpc-default-executor-0] INFO  impl.RaftServerProxy (RaftServerProxy.java:addNew(89)) - 078fe6a9-1ebb-4542-b6cd-585ed8de9dab: addNew group-BD61D1F2F402:[078fe6a9-1ebb-4542-b6cd-585ed8de9dab:192.168.34.54:44324] returns group-BD61D1F2F402:java.util.concurrent.CompletableFuture@2c1e82ea[Not completed]
2019-08-29 08:20:18,046 [pool-27-thread-1] INFO  impl.RaftServerImpl (RaftServerImpl.java:<init>(93)) - 078fe6a9-1ebb-4542-b6cd-585ed8de9dab: new RaftServerImpl for group-BD61D1F2F402:[078fe6a9-1ebb-4542-b6cd-585ed8de9dab:192.168.34.54:44324] with ContainerStateMachine:uninitialized
2019-08-29 08:20:18,047 [pool-27-thread-1] INFO  server.RaftServerConfigKeys (ConfUtils.java:logGet(43)) - raft.server.rpc.timeout.min = 5s (custom)
2019-08-29 08:20:18,049 [pool-27-thread-1] INFO  server.RaftServerConfigKeys (ConfUtils.java:logGet(43)) - raft.server.rpc.timeout.max = 5200ms (custom)
2019-08-29 08:20:18,049 [pool-27-thread-1] INFO  server.RaftServerConfigKeys (ConfUtils.java:logGet(43)) - raft.server.rpcslowness.timeout = 120s (custom)
2019-08-29 08:20:18,049 [pool-27-thread-1] INFO  server.RaftServerConfigKeys (ConfUtils.java:logGet(43)) - raft.server.sleep.deviation.threshold = 300 (default)
2019-08-29 08:20:18,050 [pool-27-thread-1] INFO  server.RaftServerConfigKeys (ConfUtils.java:logGet(43)) - raft.server.log.appender.install.snapshot.enabled = false (custom)
2019-08-29 08:20:18,057 [pool-27-thread-1] INFO  impl.RaftServerImpl (ServerState.java:<init>(105)) - 078fe6a9-1ebb-4542-b6cd-585ed8de9dab:group-BD61D1F2F402 ConfigurationManager, init=-1: [078fe6a9-1ebb-4542-b6cd-585ed8de9dab:192.168.34.54:44324], old=null, confs=<EMPTY_MAP>
2019-08-29 08:20:18,057 [pool-27-thread-1] INFO  server.RaftServerConfigKeys (ConfUtils.java:logGet(43)) - raft.server.storage.dir = [/workdir/hadoop-ozone/integration-test/target/test-dir/MiniOzoneClusterImpl-7b999817-2419-4622-80b2-2544eebeee1e/datanode-0/data/ratis] (custom)
2019-08-29 08:20:18,063 [pool-27-thread-1] INFO  storage.RaftStorageDirectory (RaftStorageDirectory.java:analyzeStorage(246)) - The storage directory /workdir/hadoop-ozone/integration-test/target/test-dir/MiniOzoneClusterImpl-7b999817-2419-4622-80b2-2544eebeee1e/datanode-0/data/ratis/e1ab8f6f-9a5e-4e93-8fad-bd61d1f2f402 does not exist. Creating ...
2019-08-29 08:20:18,079 [pool-27-thread-1] INFO  storage.RaftStorageDirectory (RaftStorageDirectory.java:tryLock(328)) - Lock on /workdir/hadoop-ozone/integration-test/target/test-dir/MiniOzoneClusterImpl-7b999817-2419-4622-80b2-2544eebeee1e/datanode-0/data/ratis/e1ab8f6f-9a5e-4e93-8fad-bd61d1f2f402/in_use.lock acquired by nodename 31907@pr-hdds-1553-zhl8q-89899572
2019-08-29 08:20:18,094 [pool-27-thread-1] INFO  storage.RaftStorage (RaftStorage.java:format(72)) - Storage directory /workdir/hadoop-ozone/integration-test/target/test-dir/MiniOzoneClusterImpl-7b999817-2419-4622-80b2-2544eebeee1e/datanode-0/data/ratis/e1ab8f6f-9a5e-4e93-8fad-bd61d1f2f402 has been successfully formatted.
2019-08-29 08:20:18,097 [pool-27-thread-1] INFO  ratis.ContainerStateMachine (ContainerStateMachine.java:loadSnapshot(226)) - group-BD61D1F2F402: The snapshot info is null. Setting the last applied indexto:(t:0, i:~)
2019-08-29 08:20:18,097 [pool-27-thread-1] INFO  server.RaftServerConfigKeys (ConfUtils.java:logGet(43)) - raft.server.leader.election.timeout = 120s (custom)
2019-08-29 08:20:18,100 [pool-27-thread-1] INFO  server.RaftServerConfigKeys (ConfUtils.java:logGet(43)) - raft.server.log.use.memory = false (default)
2019-08-29 08:20:18,107 [pool-27-thread-1] INFO  server.RaftServerConfigKeys (ConfUtils.java:logGet(43)) - raft.server.log.purge.gap = 1000000 (custom)
2019-08-29 08:20:18,107 [pool-27-thread-1] INFO  server.RaftServerConfigKeys (ConfUtils.java:logGet(43)) - raft.server.log.appender.buffer.byte-limit = 33554432 (custom)
2019-08-29 08:20:18,109 [pool-27-thread-1] INFO  server.RaftServerConfigKeys (ConfUtils.java:logGet(43)) - raft.server.log.segment.size.max = 1048576 (custom)
2019-08-29 08:20:18,115 [pool-27-thread-1] INFO  server.RaftServerConfigKeys (ConfUtils.java:logGet(43)) - raft.server.log.segment.cache.num.max = 2 (custom)
2019-08-29 08:20:18,122 [pool-27-thread-1] INFO  segmented.SegmentedRaftLogWorker (SegmentedRaftLogWorker.java:<init>(172)) - new 078fe6a9-1ebb-4542-b6cd-585ed8de9dab-SegmentedRaftLogWorker:Storage Directory /workdir/hadoop-ozone/integration-test/target/test-dir/MiniOzoneClusterImpl-7b999817-2419-4622-80b2-2544eebeee1e/datanode-0/data/ratis/e1ab8f6f-9a5e-4e93-8fad-bd61d1f2f402 for RaftStorage:Storage Directory /workdir/hadoop-ozone/integration-test/target/test-dir/MiniOzoneClusterImpl-7b999817-2419-4622-80b2-2544eebeee1e/datanode-0/data/ratis/e1ab8f6f-9a5e-4e93-8fad-bd61d1f2f402
2019-08-29 08:20:18,133 [pool-27-thread-1] INFO  server.RaftServerConfigKeys (ConfUtils.java:logGet(43)) - raft.server.log.queue.byte-limit = 2147483647 (custom)
2019-08-29 08:20:18,133 [pool-27-thread-1] INFO  server.RaftServerConfigKeys (ConfUtils.java:logGet(43)) - raft.server.log.queue.element-limit = 1024 (custom)
2019-08-29 08:20:18,138 [pool-27-thread-1] INFO  server.RaftServerConfigKeys (ConfUtils.java:logGet(43)) - raft.server.log.segment.size.max = 1048576 (custom)
2019-08-29 08:20:18,138 [pool-27-thread-1] INFO  server.RaftServerConfigKeys (ConfUtils.java:logGet(43)) - raft.server.log.preallocated.size = 16384 (custom)
2019-08-29 08:20:18,139 [pool-27-thread-1] INFO  server.RaftServerConfigKeys (ConfUtils.java:logGet(43)) - raft.server.log.write.buffer.size = 33554432 (custom)
2019-08-29 08:20:18,139 [pool-27-thread-1] INFO  server.RaftServerConfigKeys (ConfUtils.java:logGet(43)) - raft.server.log.force.sync.num = 128 (default)
2019-08-29 08:20:18,140 [pool-27-thread-1] INFO  server.RaftServerConfigKeys (ConfUtils.java:logGet(43)) - raft.server.log.statemachine.data.sync = true (default)
2019-08-29 08:20:18,140 [pool-27-thread-1] INFO  server.RaftServerConfigKeys (ConfUtils.java:logGet(43)) - raft.server.log.statemachine.data.sync.timeout = 10s (default)
2019-08-29 08:20:18,141 [pool-27-thread-1] INFO  server.RaftServerConfigKeys (ConfUtils.java:logGet(43)) - raft.server.log.statemachine.data.sync.timeout.retry = -1 (default)
2019-08-29 08:20:18,149 [pool-27-thread-1] INFO  server.RaftServerConfigKeys (ConfUtils.java:logGet(43)) - raft.server.log.statemachine.data.caching.enabled = true (custom)
2019-08-29 08:20:18,153 [pool-27-thread-1] INFO  segmented.SegmentedRaftLogWorker (SegmentedRaftLogWorker.java:lambda$new$0(132)) - 078fe6a9-1ebb-4542-b6cd-585ed8de9dab-SegmentedRaftLogWorker:Storage Directory /workdir/hadoop-ozone/integration-test/target/test-dir/MiniOzoneClusterImpl-7b999817-2419-4622-80b2-2544eebeee1e/datanode-0/data/ratis/e1ab8f6f-9a5e-4e93-8fad-bd61d1f2f402: flushIndex: setUnconditionally 0 -> -1
2019-08-29 08:20:18,157 [pool-27-thread-1] INFO  server.RaftServerConfigKeys (ConfUtils.java:logGet(43)) - raft.server.snapshot.auto.trigger.enabled = true (custom)
2019-08-29 08:20:18,158 [pool-27-thread-1] INFO  server.RaftServerConfigKeys (ConfUtils.java:logGet(43)) - raft.server.snapshot.auto.trigger.threshold = 10000 (custom)
2019-08-29 08:20:18,158 [pool-27-thread-1] INFO  server.RaftServerConfigKeys (ConfUtils.java:logGet(43)) - raft.server.retrycache.expirytime = 600000ms (custom)
2019-08-29 08:20:18,180 [pool-27-thread-1] INFO  impl.RaftServerImpl (RaftServerImpl.java:start(180)) - 078fe6a9-1ebb-4542-b6cd-585ed8de9dab: start group-BD61D1F2F402
2019-08-29 08:20:18,181 [pool-27-thread-1] INFO  impl.RaftServerImpl (RaftServerImpl.java:setRole(171)) - 078fe6a9-1ebb-4542-b6cd-585ed8de9dab:group-BD61D1F2F402 changes role from null to FOLLOWER at term 0 for startAsFollower
2019-08-29 08:20:18,183 [pool-27-thread-1] INFO  impl.RoleInfo (RoleInfo.java:updateAndGet(143)) - 078fe6a9-1ebb-4542-b6cd-585ed8de9dab: start FollowerState
2019-08-29 08:20:18,184 [pool-27-thread-1] INFO  util.JmxRegister (JmxRegister.java:tryRegister(44)) - Successfully registered JMX Bean with object name Ratis:service=RaftServer,group=group-BD61D1F2F402,id=078fe6a9-1ebb-4542-b6cd-585ed8de9dab
2019-08-29 08:20:18,237 [RatisPipelineUtilsThread] INFO  pipeline.PipelineStateManager (PipelineStateManager.java:addPipeline(56)) - Created pipeline Pipeline[ Id: e1ab8f6f-9a5e-4e93-8fad-bd61d1f2f402, Nodes: 078fe6a9-1ebb-4542-b6cd-585ed8de9dab{ip: 192.168.34.54, host: pr-hdds-1553-zhl8q-89899572, networkLocation: /default-rack, certSerialId: null}, Type:RATIS, Factor:ONE, State:OPEN]
2019-08-29 08:20:18,261 [grpc-default-executor-0] INFO  impl.RaftServerProxy (RaftServerProxy.java:addNew(89)) - a31cf192-49b2-4ed1-810f-c25f32e91362: addNew group-65C3F65BCBCB:[a31cf192-49b2-4ed1-810f-c25f32e91362:192.168.34.54:39448] returns group-65C3F65BCBCB:java.util.concurrent.CompletableFuture@55137f47[Not completed]
2019-08-29 08:20:18,308 [pool-49-thread-1] INFO  impl.RaftServerImpl (RaftServerImpl.java:<init>(93)) - a31cf192-49b2-4ed1-810f-c25f32e91362: new RaftServerImpl for group-65C3F65BCBCB:[a31cf192-49b2-4ed1-810f-c25f32e91362:192.168.34.54:39448] with ContainerStateMachine:uninitialized
2019-08-29 08:20:18,309 [pool-49-thread-1] INFO  server.RaftServerConfigKeys (ConfUtils.java:logGet(43)) - raft.server.rpc.timeout.min = 5s (custom)
2019-08-29 08:20:18,309 [pool-49-thread-1] INFO  server.RaftServerConfigKeys (ConfUtils.java:logGet(43)) - raft.server.rpc.timeout.max = 5200ms (custom)
2019-08-29 08:20:18,310 [pool-49-thread-1] INFO  server.RaftServerConfigKeys (ConfUtils.java:logGet(43)) - raft.server.rpcslowness.timeout = 120s (custom)
2019-08-29 08:20:18,310 [pool-49-thread-1] INFO  server.RaftServerConfigKeys (ConfUtils.java:logGet(43)) - raft.server.sleep.deviation.threshold = 300 (default)
2019-08-29 08:20:18,310 [pool-49-thread-1] INFO  server.RaftServerConfigKeys (ConfUtils.java:logGet(43)) - raft.server.log.appender.install.snapshot.enabled = false (custom)
2019-08-29 08:20:18,310 [pool-49-thread-1] INFO  impl.RaftServerImpl (ServerState.java:<init>(105)) - a31cf192-49b2-4ed1-810f-c25f32e91362:group-65C3F65BCBCB ConfigurationManager, init=-1: [a31cf192-49b2-4ed1-810f-c25f32e91362:192.168.34.54:39448], old=null, confs=<EMPTY_MAP>
2019-08-29 08:20:18,310 [pool-49-thread-1] INFO  server.RaftServerConfigKeys (ConfUtils.java:logGet(43)) - raft.server.storage.dir = [/workdir/hadoop-ozone/integration-test/target/test-dir/MiniOzoneClusterImpl-7b999817-2419-4622-80b2-2544eebeee1e/datanode-2/data/ratis] (custom)
2019-08-29 08:20:18,311 [pool-49-thread-1] INFO  storage.RaftStorageDirectory (RaftStorageDirectory.java:analyzeStorage(246)) - The storage directory /workdir/hadoop-ozone/integration-test/target/test-dir/MiniOzoneClusterImpl-7b999817-2419-4622-80b2-2544eebeee1e/datanode-2/data/ratis/65cca046-1f59-488e-a3db-65c3f65bcbcb does not exist. Creating ...
2019-08-29 08:20:18,324 [pool-49-thread-1] INFO  storage.RaftStorageDirectory (RaftStorageDirectory.java:tryLock(328)) - Lock on /workdir/hadoop-ozone/integration-test/target/test-dir/MiniOzoneClusterImpl-7b999817-2419-4622-80b2-2544eebeee1e/datanode-2/data/ratis/65cca046-1f59-488e-a3db-65c3f65bcbcb/in_use.lock acquired by nodename 31907@pr-hdds-1553-zhl8q-89899572
2019-08-29 08:20:18,332 [IPC Server handler 2 on 44063] INFO  net.NetworkTopology (NetworkTopologyImpl.java:add(110)) - Added a new node: /default-rack/886c450c-7866-4fa0-a628-dd927eae8405
2019-08-29 08:20:18,332 [IPC Server handler 2 on 44063] INFO  node.SCMNodeManager (SCMNodeManager.java:register(273)) - Registered Data node : 886c450c-7866-4fa0-a628-dd927eae8405{ip: 192.168.34.54, host: pr-hdds-1553-zhl8q-89899572, networkLocation: /default-rack, certSerialId: null}
2019-08-29 08:20:18,333 | INFO  | SCMAudit | user=jenkins1000 | ip=192.168.34.54 | op=REGISTER {datanodeDetails=886c450c-7866-4fa0-a628-dd927eae8405{ip: 192.168.34.54, host: pr-hdds-1553-zhl8q-89899572, networkLocation: /default-rack, certSerialId: null}} | ret=SUCCESS |  
2019-08-29 08:20:18,337 [pool-49-thread-1] INFO  storage.RaftStorage (RaftStorage.java:format(72)) - Storage directory /workdir/hadoop-ozone/integration-test/target/test-dir/MiniOzoneClusterImpl-7b999817-2419-4622-80b2-2544eebeee1e/datanode-2/data/ratis/65cca046-1f59-488e-a3db-65c3f65bcbcb has been successfully formatted.
2019-08-29 08:20:18,338 [pool-49-thread-1] INFO  ratis.ContainerStateMachine (ContainerStateMachine.java:loadSnapshot(226)) - group-65C3F65BCBCB: The snapshot info is null. Setting the last applied indexto:(t:0, i:~)
2019-08-29 08:20:18,339 [pool-49-thread-1] INFO  server.RaftServerConfigKeys (ConfUtils.java:logGet(43)) - raft.server.leader.election.timeout = 120s (custom)
2019-08-29 08:20:18,339 [pool-49-thread-1] INFO  server.RaftServerConfigKeys (ConfUtils.java:logGet(43)) - raft.server.log.use.memory = false (default)
2019-08-29 08:20:18,339 [pool-49-thread-1] INFO  server.RaftServerConfigKeys (ConfUtils.java:logGet(43)) - raft.server.log.purge.gap = 1000000 (custom)
2019-08-29 08:20:18,340 [pool-49-thread-1] INFO  server.RaftServerConfigKeys (ConfUtils.java:logGet(43)) - raft.server.log.appender.buffer.byte-limit = 33554432 (custom)
2019-08-29 08:20:18,340 [pool-49-thread-1] INFO  server.RaftServerConfigKeys (ConfUtils.java:logGet(43)) - raft.server.log.segment.size.max = 1048576 (custom)
2019-08-29 08:20:18,340 [pool-49-thread-1] INFO  server.RaftServerConfigKeys (ConfUtils.java:logGet(43)) - raft.server.log.segment.cache.num.max = 2 (custom)
2019-08-29 08:20:18,340 [pool-49-thread-1] INFO  segmented.SegmentedRaftLogWorker (SegmentedRaftLogWorker.java:<init>(172)) - new a31cf192-49b2-4ed1-810f-c25f32e91362-SegmentedRaftLogWorker:Storage Directory /workdir/hadoop-ozone/integration-test/target/test-dir/MiniOzoneClusterImpl-7b999817-2419-4622-80b2-2544eebeee1e/datanode-2/data/ratis/65cca046-1f59-488e-a3db-65c3f65bcbcb for RaftStorage:Storage Directory /workdir/hadoop-ozone/integration-test/target/test-dir/MiniOzoneClusterImpl-7b999817-2419-4622-80b2-2544eebeee1e/datanode-2/data/ratis/65cca046-1f59-488e-a3db-65c3f65bcbcb
2019-08-29 08:20:18,341 [pool-49-thread-1] INFO  server.RaftServerConfigKeys (ConfUtils.java:logGet(43)) - raft.server.log.queue.byte-limit = 2147483647 (custom)
2019-08-29 08:20:18,341 [pool-49-thread-1] INFO  server.RaftServerConfigKeys (ConfUtils.java:logGet(43)) - raft.server.log.queue.element-limit = 1024 (custom)
2019-08-29 08:20:18,342 [pool-49-thread-1] INFO  server.RaftServerConfigKeys (ConfUtils.java:logGet(43)) - raft.server.log.segment.size.max = 1048576 (custom)
2019-08-29 08:20:18,342 [pool-49-thread-1] INFO  server.RaftServerConfigKeys (ConfUtils.java:logGet(43)) - raft.server.log.preallocated.size = 16384 (custom)
2019-08-29 08:20:18,342 [pool-49-thread-1] INFO  server.RaftServerConfigKeys (ConfUtils.java:logGet(43)) - raft.server.log.write.buffer.size = 33554432 (custom)
2019-08-29 08:20:18,342 [pool-49-thread-1] INFO  server.RaftServerConfigKeys (ConfUtils.java:logGet(43)) - raft.server.log.force.sync.num = 128 (default)
2019-08-29 08:20:18,342 [pool-49-thread-1] INFO  server.RaftServerConfigKeys (ConfUtils.java:logGet(43)) - raft.server.log.statemachine.data.sync = true (default)
2019-08-29 08:20:18,342 [pool-49-thread-1] INFO  server.RaftServerConfigKeys (ConfUtils.java:logGet(43)) - raft.server.log.statemachine.data.sync.timeout = 10s (default)
2019-08-29 08:20:18,342 [pool-49-thread-1] INFO  server.RaftServerConfigKeys (ConfUtils.java:logGet(43)) - raft.server.log.statemachine.data.sync.timeout.retry = -1 (default)
2019-08-29 08:20:18,343 [pool-49-thread-1] INFO  server.RaftServerConfigKeys (ConfUtils.java:logGet(43)) - raft.server.log.statemachine.data.caching.enabled = true (custom)
2019-08-29 08:20:18,343 [pool-49-thread-1] INFO  segmented.SegmentedRaftLogWorker (SegmentedRaftLogWorker.java:lambda$new$0(132)) - a31cf192-49b2-4ed1-810f-c25f32e91362-SegmentedRaftLogWorker:Storage Directory /workdir/hadoop-ozone/integration-test/target/test-dir/MiniOzoneClusterImpl-7b999817-2419-4622-80b2-2544eebeee1e/datanode-2/data/ratis/65cca046-1f59-488e-a3db-65c3f65bcbcb: flushIndex: setUnconditionally 0 -> -1
2019-08-29 08:20:18,343 [pool-49-thread-1] INFO  server.RaftServerConfigKeys (ConfUtils.java:logGet(43)) - raft.server.snapshot.auto.trigger.enabled = true (custom)
2019-08-29 08:20:18,344 [pool-49-thread-1] INFO  server.RaftServerConfigKeys (ConfUtils.java:logGet(43)) - raft.server.snapshot.auto.trigger.threshold = 10000 (custom)
2019-08-29 08:20:18,344 [pool-49-thread-1] INFO  server.RaftServerConfigKeys (ConfUtils.java:logGet(43)) - raft.server.retrycache.expirytime = 600000ms (custom)
2019-08-29 08:20:18,344 [pool-49-thread-1] INFO  impl.RaftServerImpl (RaftServerImpl.java:start(180)) - a31cf192-49b2-4ed1-810f-c25f32e91362: start group-65C3F65BCBCB
2019-08-29 08:20:18,344 [pool-49-thread-1] INFO  impl.RaftServerImpl (RaftServerImpl.java:setRole(171)) - a31cf192-49b2-4ed1-810f-c25f32e91362:group-65C3F65BCBCB changes role from null to FOLLOWER at term 0 for startAsFollower
2019-08-29 08:20:18,344 [pool-49-thread-1] INFO  impl.RoleInfo (RoleInfo.java:updateAndGet(143)) - a31cf192-49b2-4ed1-810f-c25f32e91362: start FollowerState
2019-08-29 08:20:18,346 [pool-49-thread-1] INFO  util.JmxRegister (JmxRegister.java:tryRegister(44)) - Successfully registered JMX Bean with object name Ratis:service=RaftServer,group=group-65C3F65BCBCB,id=a31cf192-49b2-4ed1-810f-c25f32e91362
2019-08-29 08:20:18,356 [RatisPipelineUtilsThread] INFO  pipeline.PipelineStateManager (PipelineStateManager.java:addPipeline(56)) - Created pipeline Pipeline[ Id: 65cca046-1f59-488e-a3db-65c3f65bcbcb, Nodes: a31cf192-49b2-4ed1-810f-c25f32e91362{ip: 192.168.34.54, host: pr-hdds-1553-zhl8q-89899572, networkLocation: /default-rack, certSerialId: null}, Type:RATIS, Factor:ONE, State:OPEN]
2019-08-29 08:20:18,376 [grpc-default-executor-0] INFO  impl.RaftServerProxy (RaftServerProxy.java:addNew(89)) - 886c450c-7866-4fa0-a628-dd927eae8405: addNew group-51F57B557F21:[886c450c-7866-4fa0-a628-dd927eae8405:192.168.34.54:36470] returns group-51F57B557F21:java.util.concurrent.CompletableFuture@322c2a7b[Not completed]
2019-08-29 08:20:18,387 [pool-71-thread-1] INFO  impl.RaftServerImpl (RaftServerImpl.java:<init>(93)) - 886c450c-7866-4fa0-a628-dd927eae8405: new RaftServerImpl for group-51F57B557F21:[886c450c-7866-4fa0-a628-dd927eae8405:192.168.34.54:36470] with ContainerStateMachine:uninitialized
2019-08-29 08:20:18,387 [pool-71-thread-1] INFO  server.RaftServerConfigKeys (ConfUtils.java:logGet(43)) - raft.server.rpc.timeout.min = 5s (custom)
2019-08-29 08:20:18,387 [pool-71-thread-1] INFO  server.RaftServerConfigKeys (ConfUtils.java:logGet(43)) - raft.server.rpc.timeout.max = 5200ms (custom)
2019-08-29 08:20:18,388 [pool-71-thread-1] INFO  server.RaftServerConfigKeys (ConfUtils.java:logGet(43)) - raft.server.rpcslowness.timeout = 120s (custom)
2019-08-29 08:20:18,388 [pool-71-thread-1] INFO  server.RaftServerConfigKeys (ConfUtils.java:logGet(43)) - raft.server.sleep.deviation.threshold = 300 (default)
2019-08-29 08:20:18,388 [pool-71-thread-1] INFO  server.RaftServerConfigKeys (ConfUtils.java:logGet(43)) - raft.server.log.appender.install.snapshot.enabled = false (custom)
2019-08-29 08:20:18,388 [pool-71-thread-1] INFO  impl.RaftServerImpl (ServerState.java:<init>(105)) - 886c450c-7866-4fa0-a628-dd927eae8405:group-51F57B557F21 ConfigurationManager, init=-1: [886c450c-7866-4fa0-a628-dd927eae8405:192.168.34.54:36470], old=null, confs=<EMPTY_MAP>
2019-08-29 08:20:18,388 [pool-71-thread-1] INFO  server.RaftServerConfigKeys (ConfUtils.java:logGet(43)) - raft.server.storage.dir = [/workdir/hadoop-ozone/integration-test/target/test-dir/MiniOzoneClusterImpl-7b999817-2419-4622-80b2-2544eebeee1e/datanode-4/data/ratis] (custom)
2019-08-29 08:20:18,388 [pool-71-thread-1] INFO  storage.RaftStorageDirectory (RaftStorageDirectory.java:analyzeStorage(246)) - The storage directory /workdir/hadoop-ozone/integration-test/target/test-dir/MiniOzoneClusterImpl-7b999817-2419-4622-80b2-2544eebeee1e/datanode-4/data/ratis/4474e9bd-ecf4-45a4-b452-51f57b557f21 does not exist. Creating ...
2019-08-29 08:20:18,398 [pool-71-thread-1] INFO  storage.RaftStorageDirectory (RaftStorageDirectory.java:tryLock(328)) - Lock on /workdir/hadoop-ozone/integration-test/target/test-dir/MiniOzoneClusterImpl-7b999817-2419-4622-80b2-2544eebeee1e/datanode-4/data/ratis/4474e9bd-ecf4-45a4-b452-51f57b557f21/in_use.lock acquired by nodename 31907@pr-hdds-1553-zhl8q-89899572
2019-08-29 08:20:18,411 [pool-71-thread-1] INFO  storage.RaftStorage (RaftStorage.java:format(72)) - Storage directory /workdir/hadoop-ozone/integration-test/target/test-dir/MiniOzoneClusterImpl-7b999817-2419-4622-80b2-2544eebeee1e/datanode-4/data/ratis/4474e9bd-ecf4-45a4-b452-51f57b557f21 has been successfully formatted.
2019-08-29 08:20:18,411 [pool-71-thread-1] INFO  ratis.ContainerStateMachine (ContainerStateMachine.java:loadSnapshot(226)) - group-51F57B557F21: The snapshot info is null. Setting the last applied indexto:(t:0, i:~)
2019-08-29 08:20:18,412 [pool-71-thread-1] INFO  server.RaftServerConfigKeys (ConfUtils.java:logGet(43)) - raft.server.leader.election.timeout = 120s (custom)
2019-08-29 08:20:18,412 [pool-71-thread-1] INFO  server.RaftServerConfigKeys (ConfUtils.java:logGet(43)) - raft.server.log.use.memory = false (default)
2019-08-29 08:20:18,412 [pool-71-thread-1] INFO  server.RaftServerConfigKeys (ConfUtils.java:logGet(43)) - raft.server.log.purge.gap = 1000000 (custom)
2019-08-29 08:20:18,412 [pool-71-thread-1] INFO  server.RaftServerConfigKeys (ConfUtils.java:logGet(43)) - raft.server.log.appender.buffer.byte-limit = 33554432 (custom)
2019-08-29 08:20:18,412 [pool-71-thread-1] INFO  server.RaftServerConfigKeys (ConfUtils.java:logGet(43)) - raft.server.log.segment.size.max = 1048576 (custom)
2019-08-29 08:20:18,412 [pool-71-thread-1] INFO  server.RaftServerConfigKeys (ConfUtils.java:logGet(43)) - raft.server.log.segment.cache.num.max = 2 (custom)
2019-08-29 08:20:18,412 [pool-71-thread-1] INFO  segmented.SegmentedRaftLogWorker (SegmentedRaftLogWorker.java:<init>(172)) - new 886c450c-7866-4fa0-a628-dd927eae8405-SegmentedRaftLogWorker:Storage Directory /workdir/hadoop-ozone/integration-test/target/test-dir/MiniOzoneClusterImpl-7b999817-2419-4622-80b2-2544eebeee1e/datanode-4/data/ratis/4474e9bd-ecf4-45a4-b452-51f57b557f21 for RaftStorage:Storage Directory /workdir/hadoop-ozone/integration-test/target/test-dir/MiniOzoneClusterImpl-7b999817-2419-4622-80b2-2544eebeee1e/datanode-4/data/ratis/4474e9bd-ecf4-45a4-b452-51f57b557f21
2019-08-29 08:20:18,412 [pool-71-thread-1] INFO  server.RaftServerConfigKeys (ConfUtils.java:logGet(43)) - raft.server.log.queue.byte-limit = 2147483647 (custom)
2019-08-29 08:20:18,412 [pool-71-thread-1] INFO  server.RaftServerConfigKeys (ConfUtils.java:logGet(43)) - raft.server.log.queue.element-limit = 1024 (custom)
2019-08-29 08:20:18,413 [pool-71-thread-1] INFO  server.RaftServerConfigKeys (ConfUtils.java:logGet(43)) - raft.server.log.segment.size.max = 1048576 (custom)
2019-08-29 08:20:18,413 [pool-71-thread-1] INFO  server.RaftServerConfigKeys (ConfUtils.java:logGet(43)) - raft.server.log.preallocated.size = 16384 (custom)
2019-08-29 08:20:18,413 [pool-71-thread-1] INFO  server.RaftServerConfigKeys (ConfUtils.java:logGet(43)) - raft.server.log.write.buffer.size = 33554432 (custom)
2019-08-29 08:20:18,413 [pool-71-thread-1] INFO  server.RaftServerConfigKeys (ConfUtils.java:logGet(43)) - raft.server.log.force.sync.num = 128 (default)
2019-08-29 08:20:18,413 [pool-71-thread-1] INFO  server.RaftServerConfigKeys (ConfUtils.java:logGet(43)) - raft.server.log.statemachine.data.sync = true (default)
2019-08-29 08:20:18,413 [pool-71-thread-1] INFO  server.RaftServerConfigKeys (ConfUtils.java:logGet(43)) - raft.server.log.statemachine.data.sync.timeout = 10s (default)
2019-08-29 08:20:18,413 [pool-71-thread-1] INFO  server.RaftServerConfigKeys (ConfUtils.java:logGet(43)) - raft.server.log.statemachine.data.sync.timeout.retry = -1 (default)
2019-08-29 08:20:18,414 [pool-71-thread-1] INFO  server.RaftServerConfigKeys (ConfUtils.java:logGet(43)) - raft.server.log.statemachine.data.caching.enabled = true (custom)
2019-08-29 08:20:18,414 [pool-71-thread-1] INFO  segmented.SegmentedRaftLogWorker (SegmentedRaftLogWorker.java:lambda$new$0(132)) - 886c450c-7866-4fa0-a628-dd927eae8405-SegmentedRaftLogWorker:Storage Directory /workdir/hadoop-ozone/integration-test/target/test-dir/MiniOzoneClusterImpl-7b999817-2419-4622-80b2-2544eebeee1e/datanode-4/data/ratis/4474e9bd-ecf4-45a4-b452-51f57b557f21: flushIndex: setUnconditionally 0 -> -1
2019-08-29 08:20:18,414 [pool-71-thread-1] INFO  server.RaftServerConfigKeys (ConfUtils.java:logGet(43)) - raft.server.snapshot.auto.trigger.enabled = true (custom)
2019-08-29 08:20:18,414 [pool-71-thread-1] INFO  server.RaftServerConfigKeys (ConfUtils.java:logGet(43)) - raft.server.snapshot.auto.trigger.threshold = 10000 (custom)
2019-08-29 08:20:18,415 [pool-71-thread-1] INFO  server.RaftServerConfigKeys (ConfUtils.java:logGet(43)) - raft.server.retrycache.expirytime = 600000ms (custom)
2019-08-29 08:20:18,415 [pool-71-thread-1] INFO  impl.RaftServerImpl (RaftServerImpl.java:start(180)) - 886c450c-7866-4fa0-a628-dd927eae8405: start group-51F57B557F21
2019-08-29 08:20:18,415 [pool-71-thread-1] INFO  impl.RaftServerImpl (RaftServerImpl.java:setRole(171)) - 886c450c-7866-4fa0-a628-dd927eae8405:group-51F57B557F21 changes role from null to FOLLOWER at term 0 for startAsFollower
2019-08-29 08:20:18,415 [pool-71-thread-1] INFO  impl.RoleInfo (RoleInfo.java:updateAndGet(143)) - 886c450c-7866-4fa0-a628-dd927eae8405: start FollowerState
2019-08-29 08:20:18,415 [pool-71-thread-1] INFO  util.JmxRegister (JmxRegister.java:tryRegister(44)) - Successfully registered JMX Bean with object name Ratis:service=RaftServer,group=group-51F57B557F21,id=886c450c-7866-4fa0-a628-dd927eae8405
2019-08-29 08:20:18,431 [RatisPipelineUtilsThread] INFO  pipeline.PipelineStateManager (PipelineStateManager.java:addPipeline(56)) - Created pipeline Pipeline[ Id: 4474e9bd-ecf4-45a4-b452-51f57b557f21, Nodes: 886c450c-7866-4fa0-a628-dd927eae8405{ip: 192.168.34.54, host: pr-hdds-1553-zhl8q-89899572, networkLocation: /default-rack, certSerialId: null}, Type:RATIS, Factor:ONE, State:OPEN]
2019-08-29 08:20:18,454 [grpc-default-executor-0] INFO  impl.RaftServerProxy (RaftServerProxy.java:addNew(89)) - adb6bfc4-9812-4cd1-b89d-2074f9496068: addNew group-8C404DA40D38:[adb6bfc4-9812-4cd1-b89d-2074f9496068:192.168.34.54:35148] returns group-8C404DA40D38:java.util.concurrent.CompletableFuture@24ee0f8e[Not completed]
2019-08-29 08:20:18,455 [pool-38-thread-1] INFO  impl.RaftServerImpl (RaftServerImpl.java:<init>(93)) - adb6bfc4-9812-4cd1-b89d-2074f9496068: new RaftServerImpl for group-8C404DA40D38:[adb6bfc4-9812-4cd1-b89d-2074f9496068:192.168.34.54:35148] with ContainerStateMachine:uninitialized
2019-08-29 08:20:18,455 [pool-38-thread-1] INFO  server.RaftServerConfigKeys (ConfUtils.java:logGet(43)) - raft.server.rpc.timeout.min = 5s (custom)
2019-08-29 08:20:18,455 [pool-38-thread-1] INFO  server.RaftServerConfigKeys (ConfUtils.java:logGet(43)) - raft.server.rpc.timeout.max = 5200ms (custom)
2019-08-29 08:20:18,455 [pool-38-thread-1] INFO  server.RaftServerConfigKeys (ConfUtils.java:logGet(43)) - raft.server.rpcslowness.timeout = 120s (custom)
2019-08-29 08:20:18,455 [pool-38-thread-1] INFO  server.RaftServerConfigKeys (ConfUtils.java:logGet(43)) - raft.server.sleep.deviation.threshold = 300 (default)
2019-08-29 08:20:18,456 [pool-38-thread-1] INFO  server.RaftServerConfigKeys (ConfUtils.java:logGet(43)) - raft.server.log.appender.install.snapshot.enabled = false (custom)
2019-08-29 08:20:18,456 [pool-38-thread-1] INFO  impl.RaftServerImpl (ServerState.java:<init>(105)) - adb6bfc4-9812-4cd1-b89d-2074f9496068:group-8C404DA40D38 ConfigurationManager, init=-1: [adb6bfc4-9812-4cd1-b89d-2074f9496068:192.168.34.54:35148], old=null, confs=<EMPTY_MAP>
2019-08-29 08:20:18,456 [pool-38-thread-1] INFO  server.RaftServerConfigKeys (ConfUtils.java:logGet(43)) - raft.server.storage.dir = [/workdir/hadoop-ozone/integration-test/target/test-dir/MiniOzoneClusterImpl-7b999817-2419-4622-80b2-2544eebeee1e/datanode-1/data/ratis] (custom)
2019-08-29 08:20:18,456 [pool-38-thread-1] INFO  storage.RaftStorageDirectory (RaftStorageDirectory.java:analyzeStorage(246)) - The storage directory /workdir/hadoop-ozone/integration-test/target/test-dir/MiniOzoneClusterImpl-7b999817-2419-4622-80b2-2544eebeee1e/datanode-1/data/ratis/a747347b-3504-487c-ad9a-8c404da40d38 does not exist. Creating ...
2019-08-29 08:20:18,470 [pool-38-thread-1] INFO  storage.RaftStorageDirectory (RaftStorageDirectory.java:tryLock(328)) - Lock on /workdir/hadoop-ozone/integration-test/target/test-dir/MiniOzoneClusterImpl-7b999817-2419-4622-80b2-2544eebeee1e/datanode-1/data/ratis/a747347b-3504-487c-ad9a-8c404da40d38/in_use.lock acquired by nodename 31907@pr-hdds-1553-zhl8q-89899572
2019-08-29 08:20:18,484 [pool-38-thread-1] INFO  storage.RaftStorage (RaftStorage.java:format(72)) - Storage directory /workdir/hadoop-ozone/integration-test/target/test-dir/MiniOzoneClusterImpl-7b999817-2419-4622-80b2-2544eebeee1e/datanode-1/data/ratis/a747347b-3504-487c-ad9a-8c404da40d38 has been successfully formatted.
2019-08-29 08:20:18,485 [pool-38-thread-1] INFO  ratis.ContainerStateMachine (ContainerStateMachine.java:loadSnapshot(226)) - group-8C404DA40D38: The snapshot info is null. Setting the last applied indexto:(t:0, i:~)
2019-08-29 08:20:18,485 [pool-38-thread-1] INFO  server.RaftServerConfigKeys (ConfUtils.java:logGet(43)) - raft.server.leader.election.timeout = 120s (custom)
2019-08-29 08:20:18,485 [pool-38-thread-1] INFO  server.RaftServerConfigKeys (ConfUtils.java:logGet(43)) - raft.server.log.use.memory = false (default)
2019-08-29 08:20:18,485 [pool-38-thread-1] INFO  server.RaftServerConfigKeys (ConfUtils.java:logGet(43)) - raft.server.log.purge.gap = 1000000 (custom)
2019-08-29 08:20:18,485 [pool-38-thread-1] INFO  server.RaftServerConfigKeys (ConfUtils.java:logGet(43)) - raft.server.log.appender.buffer.byte-limit = 33554432 (custom)
2019-08-29 08:20:18,485 [pool-38-thread-1] INFO  server.RaftServerConfigKeys (ConfUtils.java:logGet(43)) - raft.server.log.segment.size.max = 1048576 (custom)
2019-08-29 08:20:18,485 [pool-38-thread-1] INFO  server.RaftServerConfigKeys (ConfUtils.java:logGet(43)) - raft.server.log.segment.cache.num.max = 2 (custom)
2019-08-29 08:20:18,486 [pool-38-thread-1] INFO  segmented.SegmentedRaftLogWorker (SegmentedRaftLogWorker.java:<init>(172)) - new adb6bfc4-9812-4cd1-b89d-2074f9496068-SegmentedRaftLogWorker:Storage Directory /workdir/hadoop-ozone/integration-test/target/test-dir/MiniOzoneClusterImpl-7b999817-2419-4622-80b2-2544eebeee1e/datanode-1/data/ratis/a747347b-3504-487c-ad9a-8c404da40d38 for RaftStorage:Storage Directory /workdir/hadoop-ozone/integration-test/target/test-dir/MiniOzoneClusterImpl-7b999817-2419-4622-80b2-2544eebeee1e/datanode-1/data/ratis/a747347b-3504-487c-ad9a-8c404da40d38
2019-08-29 08:20:18,486 [pool-38-thread-1] INFO  server.RaftServerConfigKeys (ConfUtils.java:logGet(43)) - raft.server.log.queue.byte-limit = 2147483647 (custom)
2019-08-29 08:20:18,486 [pool-38-thread-1] INFO  server.RaftServerConfigKeys (ConfUtils.java:logGet(43)) - raft.server.log.queue.element-limit = 1024 (custom)
2019-08-29 08:20:18,486 [pool-38-thread-1] INFO  server.RaftServerConfigKeys (ConfUtils.java:logGet(43)) - raft.server.log.segment.size.max = 1048576 (custom)
2019-08-29 08:20:18,486 [pool-38-thread-1] INFO  server.RaftServerConfigKeys (ConfUtils.java:logGet(43)) - raft.server.log.preallocated.size = 16384 (custom)
2019-08-29 08:20:18,486 [pool-38-thread-1] INFO  server.RaftServerConfigKeys (ConfUtils.java:logGet(43)) - raft.server.log.write.buffer.size = 33554432 (custom)
2019-08-29 08:20:18,486 [pool-38-thread-1] INFO  server.RaftServerConfigKeys (ConfUtils.java:logGet(43)) - raft.server.log.force.sync.num = 128 (default)
2019-08-29 08:20:18,487 [pool-38-thread-1] INFO  server.RaftServerConfigKeys (ConfUtils.java:logGet(43)) - raft.server.log.statemachine.data.sync = true (default)
2019-08-29 08:20:18,487 [pool-38-thread-1] INFO  server.RaftServerConfigKeys (ConfUtils.java:logGet(43)) - raft.server.log.statemachine.data.sync.timeout = 10s (default)
2019-08-29 08:20:18,487 [pool-38-thread-1] INFO  server.RaftServerConfigKeys (ConfUtils.java:logGet(43)) - raft.server.log.statemachine.data.sync.timeout.retry = -1 (default)
2019-08-29 08:20:18,487 [pool-38-thread-1] INFO  server.RaftServerConfigKeys (ConfUtils.java:logGet(43)) - raft.server.log.statemachine.data.caching.enabled = true (custom)
2019-08-29 08:20:18,487 [pool-38-thread-1] INFO  segmented.SegmentedRaftLogWorker (SegmentedRaftLogWorker.java:lambda$new$0(132)) - adb6bfc4-9812-4cd1-b89d-2074f9496068-SegmentedRaftLogWorker:Storage Directory /workdir/hadoop-ozone/integration-test/target/test-dir/MiniOzoneClusterImpl-7b999817-2419-4622-80b2-2544eebeee1e/datanode-1/data/ratis/a747347b-3504-487c-ad9a-8c404da40d38: flushIndex: setUnconditionally 0 -> -1
2019-08-29 08:20:18,488 [pool-38-thread-1] INFO  server.RaftServerConfigKeys (ConfUtils.java:logGet(43)) - raft.server.snapshot.auto.trigger.enabled = true (custom)
2019-08-29 08:20:18,488 [pool-38-thread-1] INFO  server.RaftServerConfigKeys (ConfUtils.java:logGet(43)) - raft.server.snapshot.auto.trigger.threshold = 10000 (custom)
2019-08-29 08:20:18,488 [pool-38-thread-1] INFO  server.RaftServerConfigKeys (ConfUtils.java:logGet(43)) - raft.server.retrycache.expirytime = 600000ms (custom)
2019-08-29 08:20:18,488 [pool-38-thread-1] INFO  impl.RaftServerImpl (RaftServerImpl.java:start(180)) - adb6bfc4-9812-4cd1-b89d-2074f9496068: start group-8C404DA40D38
2019-08-29 08:20:18,488 [pool-38-thread-1] INFO  impl.RaftServerImpl (RaftServerImpl.java:setRole(171)) - adb6bfc4-9812-4cd1-b89d-2074f9496068:group-8C404DA40D38 changes role from null to FOLLOWER at term 0 for startAsFollower
2019-08-29 08:20:18,488 [pool-38-thread-1] INFO  impl.RoleInfo (RoleInfo.java:updateAndGet(143)) - adb6bfc4-9812-4cd1-b89d-2074f9496068: start FollowerState
2019-08-29 08:20:18,489 [pool-38-thread-1] INFO  util.JmxRegister (JmxRegister.java:tryRegister(44)) - Successfully registered JMX Bean with object name Ratis:service=RaftServer,group=group-8C404DA40D38,id=adb6bfc4-9812-4cd1-b89d-2074f9496068
2019-08-29 08:20:18,500 [RatisPipelineUtilsThread] INFO  pipeline.PipelineStateManager (PipelineStateManager.java:addPipeline(56)) - Created pipeline Pipeline[ Id: a747347b-3504-487c-ad9a-8c404da40d38, Nodes: adb6bfc4-9812-4cd1-b89d-2074f9496068{ip: 192.168.34.54, host: pr-hdds-1553-zhl8q-89899572, networkLocation: /default-rack, certSerialId: null}, Type:RATIS, Factor:ONE, State:OPEN]
2019-08-29 08:20:18,517 [grpc-default-executor-0] INFO  impl.RaftServerProxy (RaftServerProxy.java:addNew(89)) - 856f75f6-80db-48b1-966d-fd6b52a68619: addNew group-517298C96F08:[856f75f6-80db-48b1-966d-fd6b52a68619:192.168.34.54:44850] returns group-517298C96F08:java.util.concurrent.CompletableFuture@140ae03e[Not completed]
2019-08-29 08:20:18,521 [pool-60-thread-1] INFO  impl.RaftServerImpl (RaftServerImpl.java:<init>(93)) - 856f75f6-80db-48b1-966d-fd6b52a68619: new RaftServerImpl for group-517298C96F08:[856f75f6-80db-48b1-966d-fd6b52a68619:192.168.34.54:44850] with ContainerStateMachine:uninitialized
2019-08-29 08:20:18,521 [pool-60-thread-1] INFO  server.RaftServerConfigKeys (ConfUtils.java:logGet(43)) - raft.server.rpc.timeout.min = 5s (custom)
2019-08-29 08:20:18,521 [pool-60-thread-1] INFO  server.RaftServerConfigKeys (ConfUtils.java:logGet(43)) - raft.server.rpc.timeout.max = 5200ms (custom)
2019-08-29 08:20:18,522 [pool-60-thread-1] INFO  server.RaftServerConfigKeys (ConfUtils.java:logGet(43)) - raft.server.rpcslowness.timeout = 120s (custom)
2019-08-29 08:20:18,522 [pool-60-thread-1] INFO  server.RaftServerConfigKeys (ConfUtils.java:logGet(43)) - raft.server.sleep.deviation.threshold = 300 (default)
2019-08-29 08:20:18,522 [pool-60-thread-1] INFO  server.RaftServerConfigKeys (ConfUtils.java:logGet(43)) - raft.server.log.appender.install.snapshot.enabled = false (custom)
2019-08-29 08:20:18,522 [pool-60-thread-1] INFO  impl.RaftServerImpl (ServerState.java:<init>(105)) - 856f75f6-80db-48b1-966d-fd6b52a68619:group-517298C96F08 ConfigurationManager, init=-1: [856f75f6-80db-48b1-966d-fd6b52a68619:192.168.34.54:44850], old=null, confs=<EMPTY_MAP>
2019-08-29 08:20:18,522 [pool-60-thread-1] INFO  server.RaftServerConfigKeys (ConfUtils.java:logGet(43)) - raft.server.storage.dir = [/workdir/hadoop-ozone/integration-test/target/test-dir/MiniOzoneClusterImpl-7b999817-2419-4622-80b2-2544eebeee1e/datanode-3/data/ratis] (custom)
2019-08-29 08:20:18,523 [pool-60-thread-1] INFO  storage.RaftStorageDirectory (RaftStorageDirectory.java:analyzeStorage(246)) - The storage directory /workdir/hadoop-ozone/integration-test/target/test-dir/MiniOzoneClusterImpl-7b999817-2419-4622-80b2-2544eebeee1e/datanode-3/data/ratis/20feefd9-fef7-4e6f-bc46-517298c96f08 does not exist. Creating ...
2019-08-29 08:20:18,592 [IPC Server handler 4 on 44063] INFO  net.NetworkTopology (NetworkTopologyImpl.java:add(110)) - Added a new node: /default-rack/0478feb3-a59d-4754-80fd-79ba24eb7e66
2019-08-29 08:20:18,592 [IPC Server handler 4 on 44063] INFO  node.SCMNodeManager (SCMNodeManager.java:register(273)) - Registered Data node : 0478feb3-a59d-4754-80fd-79ba24eb7e66{ip: 192.168.34.54, host: pr-hdds-1553-zhl8q-89899572, networkLocation: /default-rack, certSerialId: null}
2019-08-29 08:20:18,593 | INFO  | SCMAudit | user=jenkins1000 | ip=192.168.34.54 | op=REGISTER {datanodeDetails=0478feb3-a59d-4754-80fd-79ba24eb7e66{ip: 192.168.34.54, host: pr-hdds-1553-zhl8q-89899572, networkLocation: /default-rack, certSerialId: null}} | ret=SUCCESS |  
2019-08-29 08:20:18,698 [pool-60-thread-1] INFO  storage.RaftStorageDirectory (RaftStorageDirectory.java:tryLock(328)) - Lock on /workdir/hadoop-ozone/integration-test/target/test-dir/MiniOzoneClusterImpl-7b999817-2419-4622-80b2-2544eebeee1e/datanode-3/data/ratis/20feefd9-fef7-4e6f-bc46-517298c96f08/in_use.lock acquired by nodename 31907@pr-hdds-1553-zhl8q-89899572
2019-08-29 08:20:18,706 [pool-60-thread-1] INFO  storage.RaftStorage (RaftStorage.java:format(72)) - Storage directory /workdir/hadoop-ozone/integration-test/target/test-dir/MiniOzoneClusterImpl-7b999817-2419-4622-80b2-2544eebeee1e/datanode-3/data/ratis/20feefd9-fef7-4e6f-bc46-517298c96f08 has been successfully formatted.
2019-08-29 08:20:18,707 [pool-60-thread-1] INFO  ratis.ContainerStateMachine (ContainerStateMachine.java:loadSnapshot(226)) - group-517298C96F08: The snapshot info is null. Setting the last applied indexto:(t:0, i:~)
2019-08-29 08:20:18,707 [pool-60-thread-1] INFO  server.RaftServerConfigKeys (ConfUtils.java:logGet(43)) - raft.server.leader.election.timeout = 120s (custom)
2019-08-29 08:20:18,707 [pool-60-thread-1] INFO  server.RaftServerConfigKeys (ConfUtils.java:logGet(43)) - raft.server.log.use.memory = false (default)
2019-08-29 08:20:18,707 [pool-60-thread-1] INFO  server.RaftServerConfigKeys (ConfUtils.java:logGet(43)) - raft.server.log.purge.gap = 1000000 (custom)
2019-08-29 08:20:18,707 [pool-60-thread-1] INFO  server.RaftServerConfigKeys (ConfUtils.java:logGet(43)) - raft.server.log.appender.buffer.byte-limit = 33554432 (custom)
2019-08-29 08:20:18,707 [pool-60-thread-1] INFO  server.RaftServerConfigKeys (ConfUtils.java:logGet(43)) - raft.server.log.segment.size.max = 1048576 (custom)
2019-08-29 08:20:18,708 [pool-60-thread-1] INFO  server.RaftServerConfigKeys (ConfUtils.java:logGet(43)) - raft.server.log.segment.cache.num.max = 2 (custom)
2019-08-29 08:20:18,708 [pool-60-thread-1] INFO  segmented.SegmentedRaftLogWorker (SegmentedRaftLogWorker.java:<init>(172)) - new 856f75f6-80db-48b1-966d-fd6b52a68619-SegmentedRaftLogWorker:Storage Directory /workdir/hadoop-ozone/integration-test/target/test-dir/MiniOzoneClusterImpl-7b999817-2419-4622-80b2-2544eebeee1e/datanode-3/data/ratis/20feefd9-fef7-4e6f-bc46-517298c96f08 for RaftStorage:Storage Directory /workdir/hadoop-ozone/integration-test/target/test-dir/MiniOzoneClusterImpl-7b999817-2419-4622-80b2-2544eebeee1e/datanode-3/data/ratis/20feefd9-fef7-4e6f-bc46-517298c96f08
2019-08-29 08:20:18,708 [pool-60-thread-1] INFO  server.RaftServerConfigKeys (ConfUtils.java:logGet(43)) - raft.server.log.queue.byte-limit = 2147483647 (custom)
2019-08-29 08:20:18,708 [pool-60-thread-1] INFO  server.RaftServerConfigKeys (ConfUtils.java:logGet(43)) - raft.server.log.queue.element-limit = 1024 (custom)
2019-08-29 08:20:18,708 [pool-60-thread-1] INFO  server.RaftServerConfigKeys (ConfUtils.java:logGet(43)) - raft.server.log.segment.size.max = 1048576 (custom)
2019-08-29 08:20:18,708 [pool-60-thread-1] INFO  server.RaftServerConfigKeys (ConfUtils.java:logGet(43)) - raft.server.log.preallocated.size = 16384 (custom)
2019-08-29 08:20:18,709 [pool-60-thread-1] INFO  server.RaftServerConfigKeys (ConfUtils.java:logGet(43)) - raft.server.log.write.buffer.size = 33554432 (custom)
2019-08-29 08:20:18,709 [pool-60-thread-1] INFO  server.RaftServerConfigKeys (ConfUtils.java:logGet(43)) - raft.server.log.force.sync.num = 128 (default)
2019-08-29 08:20:18,709 [pool-60-thread-1] INFO  server.RaftServerConfigKeys (ConfUtils.java:logGet(43)) - raft.server.log.statemachine.data.sync = true (default)
2019-08-29 08:20:18,709 [pool-60-thread-1] INFO  server.RaftServerConfigKeys (ConfUtils.java:logGet(43)) - raft.server.log.statemachine.data.sync.timeout = 10s (default)
2019-08-29 08:20:18,709 [pool-60-thread-1] INFO  server.RaftServerConfigKeys (ConfUtils.java:logGet(43)) - raft.server.log.statemachine.data.sync.timeout.retry = -1 (default)
2019-08-29 08:20:18,709 [pool-60-thread-1] INFO  server.RaftServerConfigKeys (ConfUtils.java:logGet(43)) - raft.server.log.statemachine.data.caching.enabled = true (custom)
2019-08-29 08:20:18,710 [pool-60-thread-1] INFO  segmented.SegmentedRaftLogWorker (SegmentedRaftLogWorker.java:lambda$new$0(132)) - 856f75f6-80db-48b1-966d-fd6b52a68619-SegmentedRaftLogWorker:Storage Directory /workdir/hadoop-ozone/integration-test/target/test-dir/MiniOzoneClusterImpl-7b999817-2419-4622-80b2-2544eebeee1e/datanode-3/data/ratis/20feefd9-fef7-4e6f-bc46-517298c96f08: flushIndex: setUnconditionally 0 -> -1
2019-08-29 08:20:18,710 [pool-60-thread-1] INFO  server.RaftServerConfigKeys (ConfUtils.java:logGet(43)) - raft.server.snapshot.auto.trigger.enabled = true (custom)
2019-08-29 08:20:18,710 [pool-60-thread-1] INFO  server.RaftServerConfigKeys (ConfUtils.java:logGet(43)) - raft.server.snapshot.auto.trigger.threshold = 10000 (custom)
2019-08-29 08:20:18,711 [pool-60-thread-1] INFO  server.RaftServerConfigKeys (ConfUtils.java:logGet(43)) - raft.server.retrycache.expirytime = 600000ms (custom)
2019-08-29 08:20:18,711 [pool-60-thread-1] INFO  impl.RaftServerImpl (RaftServerImpl.java:start(180)) - 856f75f6-80db-48b1-966d-fd6b52a68619: start group-517298C96F08
2019-08-29 08:20:18,711 [pool-60-thread-1] INFO  impl.RaftServerImpl (RaftServerImpl.java:setRole(171)) - 856f75f6-80db-48b1-966d-fd6b52a68619:group-517298C96F08 changes role from null to FOLLOWER at term 0 for startAsFollower
2019-08-29 08:20:18,711 [pool-60-thread-1] INFO  impl.RoleInfo (RoleInfo.java:updateAndGet(143)) - 856f75f6-80db-48b1-966d-fd6b52a68619: start FollowerState
2019-08-29 08:20:18,712 [pool-60-thread-1] INFO  util.JmxRegister (JmxRegister.java:tryRegister(44)) - Successfully registered JMX Bean with object name Ratis:service=RaftServer,group=group-517298C96F08,id=856f75f6-80db-48b1-966d-fd6b52a68619
2019-08-29 08:20:18,726 [RatisPipelineUtilsThread] INFO  pipeline.PipelineStateManager (PipelineStateManager.java:addPipeline(56)) - Created pipeline Pipeline[ Id: 20feefd9-fef7-4e6f-bc46-517298c96f08, Nodes: 856f75f6-80db-48b1-966d-fd6b52a68619{ip: 192.168.34.54, host: pr-hdds-1553-zhl8q-89899572, networkLocation: /default-rack, certSerialId: null}, Type:RATIS, Factor:ONE, State:OPEN]
2019-08-29 08:20:18,751 [grpc-default-executor-0] INFO  impl.RaftServerProxy (RaftServerProxy.java:addNew(89)) - 0478feb3-a59d-4754-80fd-79ba24eb7e66: addNew group-4AFCD21C0BCA:[0478feb3-a59d-4754-80fd-79ba24eb7e66:192.168.34.54:42750] returns group-4AFCD21C0BCA:java.util.concurrent.CompletableFuture@37b44ade[Not completed]
2019-08-29 08:20:18,756 [pool-82-thread-1] INFO  impl.RaftServerImpl (RaftServerImpl.java:<init>(93)) - 0478feb3-a59d-4754-80fd-79ba24eb7e66: new RaftServerImpl for group-4AFCD21C0BCA:[0478feb3-a59d-4754-80fd-79ba24eb7e66:192.168.34.54:42750] with ContainerStateMachine:uninitialized
2019-08-29 08:20:18,756 [pool-82-thread-1] INFO  server.RaftServerConfigKeys (ConfUtils.java:logGet(43)) - raft.server.rpc.timeout.min = 5s (custom)
2019-08-29 08:20:18,756 [pool-82-thread-1] INFO  server.RaftServerConfigKeys (ConfUtils.java:logGet(43)) - raft.server.rpc.timeout.max = 5200ms (custom)
2019-08-29 08:20:18,756 [pool-82-thread-1] INFO  server.RaftServerConfigKeys (ConfUtils.java:logGet(43)) - raft.server.rpcslowness.timeout = 120s (custom)
2019-08-29 08:20:18,756 [pool-82-thread-1] INFO  server.RaftServerConfigKeys (ConfUtils.java:logGet(43)) - raft.server.sleep.deviation.threshold = 300 (default)
2019-08-29 08:20:18,756 [pool-82-thread-1] INFO  server.RaftServerConfigKeys (ConfUtils.java:logGet(43)) - raft.server.log.appender.install.snapshot.enabled = false (custom)
2019-08-29 08:20:18,756 [pool-82-thread-1] INFO  impl.RaftServerImpl (ServerState.java:<init>(105)) - 0478feb3-a59d-4754-80fd-79ba24eb7e66:group-4AFCD21C0BCA ConfigurationManager, init=-1: [0478feb3-a59d-4754-80fd-79ba24eb7e66:192.168.34.54:42750], old=null, confs=<EMPTY_MAP>
2019-08-29 08:20:18,756 [pool-82-thread-1] INFO  server.RaftServerConfigKeys (ConfUtils.java:logGet(43)) - raft.server.storage.dir = [/workdir/hadoop-ozone/integration-test/target/test-dir/MiniOzoneClusterImpl-7b999817-2419-4622-80b2-2544eebeee1e/datanode-5/data/ratis] (custom)
2019-08-29 08:20:18,757 [pool-82-thread-1] INFO  storage.RaftStorageDirectory (RaftStorageDirectory.java:analyzeStorage(246)) - The storage directory /workdir/hadoop-ozone/integration-test/target/test-dir/MiniOzoneClusterImpl-7b999817-2419-4622-80b2-2544eebeee1e/datanode-5/data/ratis/ef5a5df6-4ae2-4bb7-a478-4afcd21c0bca does not exist. Creating ...
2019-08-29 08:20:18,769 [pool-82-thread-1] INFO  storage.RaftStorageDirectory (RaftStorageDirectory.java:tryLock(328)) - Lock on /workdir/hadoop-ozone/integration-test/target/test-dir/MiniOzoneClusterImpl-7b999817-2419-4622-80b2-2544eebeee1e/datanode-5/data/ratis/ef5a5df6-4ae2-4bb7-a478-4afcd21c0bca/in_use.lock acquired by nodename 31907@pr-hdds-1553-zhl8q-89899572
2019-08-29 08:20:18,782 [pool-82-thread-1] INFO  storage.RaftStorage (RaftStorage.java:format(72)) - Storage directory /workdir/hadoop-ozone/integration-test/target/test-dir/MiniOzoneClusterImpl-7b999817-2419-4622-80b2-2544eebeee1e/datanode-5/data/ratis/ef5a5df6-4ae2-4bb7-a478-4afcd21c0bca has been successfully formatted.
2019-08-29 08:20:18,783 [pool-82-thread-1] INFO  ratis.ContainerStateMachine (ContainerStateMachine.java:loadSnapshot(226)) - group-4AFCD21C0BCA: The snapshot info is null. Setting the last applied indexto:(t:0, i:~)
2019-08-29 08:20:18,783 [pool-82-thread-1] INFO  server.RaftServerConfigKeys (ConfUtils.java:logGet(43)) - raft.server.leader.election.timeout = 120s (custom)
2019-08-29 08:20:18,783 [pool-82-thread-1] INFO  server.RaftServerConfigKeys (ConfUtils.java:logGet(43)) - raft.server.log.use.memory = false (default)
2019-08-29 08:20:18,783 [pool-82-thread-1] INFO  server.RaftServerConfigKeys (ConfUtils.java:logGet(43)) - raft.server.log.purge.gap = 1000000 (custom)
2019-08-29 08:20:18,783 [pool-82-thread-1] INFO  server.RaftServerConfigKeys (ConfUtils.java:logGet(43)) - raft.server.log.appender.buffer.byte-limit = 33554432 (custom)
2019-08-29 08:20:18,784 [pool-82-thread-1] INFO  server.RaftServerConfigKeys (ConfUtils.java:logGet(43)) - raft.server.log.segment.size.max = 1048576 (custom)
2019-08-29 08:20:18,784 [pool-82-thread-1] INFO  server.RaftServerConfigKeys (ConfUtils.java:logGet(43)) - raft.server.log.segment.cache.num.max = 2 (custom)
2019-08-29 08:20:18,784 [pool-82-thread-1] INFO  segmented.SegmentedRaftLogWorker (SegmentedRaftLogWorker.java:<init>(172)) - new 0478feb3-a59d-4754-80fd-79ba24eb7e66-SegmentedRaftLogWorker:Storage Directory /workdir/hadoop-ozone/integration-test/target/test-dir/MiniOzoneClusterImpl-7b999817-2419-4622-80b2-2544eebeee1e/datanode-5/data/ratis/ef5a5df6-4ae2-4bb7-a478-4afcd21c0bca for RaftStorage:Storage Directory /workdir/hadoop-ozone/integration-test/target/test-dir/MiniOzoneClusterImpl-7b999817-2419-4622-80b2-2544eebeee1e/datanode-5/data/ratis/ef5a5df6-4ae2-4bb7-a478-4afcd21c0bca
2019-08-29 08:20:18,784 [pool-82-thread-1] INFO  server.RaftServerConfigKeys (ConfUtils.java:logGet(43)) - raft.server.log.queue.byte-limit = 2147483647 (custom)
2019-08-29 08:20:18,784 [pool-82-thread-1] INFO  server.RaftServerConfigKeys (ConfUtils.java:logGet(43)) - raft.server.log.queue.element-limit = 1024 (custom)
2019-08-29 08:20:18,785 [pool-82-thread-1] INFO  server.RaftServerConfigKeys (ConfUtils.java:logGet(43)) - raft.server.log.segment.size.max = 1048576 (custom)
2019-08-29 08:20:18,785 [pool-82-thread-1] INFO  server.RaftServerConfigKeys (ConfUtils.java:logGet(43)) - raft.server.log.preallocated.size = 16384 (custom)
2019-08-29 08:20:18,785 [pool-82-thread-1] INFO  server.RaftServerConfigKeys (ConfUtils.java:logGet(43)) - raft.server.log.write.buffer.size = 33554432 (custom)
2019-08-29 08:20:18,785 [pool-82-thread-1] INFO  server.RaftServerConfigKeys (ConfUtils.java:logGet(43)) - raft.server.log.force.sync.num = 128 (default)
2019-08-29 08:20:18,785 [pool-82-thread-1] INFO  server.RaftServerConfigKeys (ConfUtils.java:logGet(43)) - raft.server.log.statemachine.data.sync = true (default)
2019-08-29 08:20:18,786 [pool-82-thread-1] INFO  server.RaftServerConfigKeys (ConfUtils.java:logGet(43)) - raft.server.log.statemachine.data.sync.timeout = 10s (default)
2019-08-29 08:20:18,786 [pool-82-thread-1] INFO  server.RaftServerConfigKeys (ConfUtils.java:logGet(43)) - raft.server.log.statemachine.data.sync.timeout.retry = -1 (default)
2019-08-29 08:20:18,786 [pool-82-thread-1] INFO  server.RaftServerConfigKeys (ConfUtils.java:logGet(43)) - raft.server.log.statemachine.data.caching.enabled = true (custom)
2019-08-29 08:20:18,787 [pool-82-thread-1] INFO  segmented.SegmentedRaftLogWorker (SegmentedRaftLogWorker.java:lambda$new$0(132)) - 0478feb3-a59d-4754-80fd-79ba24eb7e66-SegmentedRaftLogWorker:Storage Directory /workdir/hadoop-ozone/integration-test/target/test-dir/MiniOzoneClusterImpl-7b999817-2419-4622-80b2-2544eebeee1e/datanode-5/data/ratis/ef5a5df6-4ae2-4bb7-a478-4afcd21c0bca: flushIndex: setUnconditionally 0 -> -1
2019-08-29 08:20:18,787 [pool-82-thread-1] INFO  server.RaftServerConfigKeys (ConfUtils.java:logGet(43)) - raft.server.snapshot.auto.trigger.enabled = true (custom)
2019-08-29 08:20:18,787 [pool-82-thread-1] INFO  server.RaftServerConfigKeys (ConfUtils.java:logGet(43)) - raft.server.snapshot.auto.trigger.threshold = 10000 (custom)
2019-08-29 08:20:18,788 [pool-82-thread-1] INFO  server.RaftServerConfigKeys (ConfUtils.java:logGet(43)) - raft.server.retrycache.expirytime = 600000ms (custom)
2019-08-29 08:20:18,788 [pool-82-thread-1] INFO  impl.RaftServerImpl (RaftServerImpl.java:start(180)) - 0478feb3-a59d-4754-80fd-79ba24eb7e66: start group-4AFCD21C0BCA
2019-08-29 08:20:18,788 [pool-82-thread-1] INFO  impl.RaftServerImpl (RaftServerImpl.java:setRole(171)) - 0478feb3-a59d-4754-80fd-79ba24eb7e66:group-4AFCD21C0BCA changes role from null to FOLLOWER at term 0 for startAsFollower
2019-08-29 08:20:18,788 [pool-82-thread-1] INFO  impl.RoleInfo (RoleInfo.java:updateAndGet(143)) - 0478feb3-a59d-4754-80fd-79ba24eb7e66: start FollowerState
2019-08-29 08:20:18,789 [pool-82-thread-1] INFO  util.JmxRegister (JmxRegister.java:tryRegister(44)) - Successfully registered JMX Bean with object name Ratis:service=RaftServer,group=group-4AFCD21C0BCA,id=0478feb3-a59d-4754-80fd-79ba24eb7e66
2019-08-29 08:20:18,803 [IPC Server handler 6 on 44063] INFO  net.NetworkTopology (NetworkTopologyImpl.java:add(110)) - Added a new node: /default-rack/5563f767-f7a1-4491-bdfb-72abdf0fc1e3
2019-08-29 08:20:18,805 [RatisPipelineUtilsThread] INFO  pipeline.PipelineStateManager (PipelineStateManager.java:addPipeline(56)) - Created pipeline Pipeline[ Id: ef5a5df6-4ae2-4bb7-a478-4afcd21c0bca, Nodes: 0478feb3-a59d-4754-80fd-79ba24eb7e66{ip: 192.168.34.54, host: pr-hdds-1553-zhl8q-89899572, networkLocation: /default-rack, certSerialId: null}, Type:RATIS, Factor:ONE, State:OPEN]
2019-08-29 08:20:18,805 [IPC Server handler 6 on 44063] INFO  node.SCMNodeManager (SCMNodeManager.java:register(273)) - Registered Data node : 5563f767-f7a1-4491-bdfb-72abdf0fc1e3{ip: 192.168.34.54, host: pr-hdds-1553-zhl8q-89899572, networkLocation: /default-rack, certSerialId: null}
2019-08-29 08:20:18,805 | INFO  | SCMAudit | user=jenkins1000 | ip=192.168.34.54 | op=REGISTER {datanodeDetails=5563f767-f7a1-4491-bdfb-72abdf0fc1e3{ip: 192.168.34.54, host: pr-hdds-1553-zhl8q-89899572, networkLocation: /default-rack, certSerialId: null}} | ret=SUCCESS |  
2019-08-29 08:20:18,821 [grpc-default-executor-0] INFO  impl.RaftServerProxy (RaftServerProxy.java:addNew(89)) - 5563f767-f7a1-4491-bdfb-72abdf0fc1e3: addNew group-47EAD54DA2C4:[5563f767-f7a1-4491-bdfb-72abdf0fc1e3:192.168.34.54:35195] returns group-47EAD54DA2C4:java.util.concurrent.CompletableFuture@3ae100d1[Not completed]
2019-08-29 08:20:18,827 [pool-93-thread-1] INFO  impl.RaftServerImpl (RaftServerImpl.java:<init>(93)) - 5563f767-f7a1-4491-bdfb-72abdf0fc1e3: new RaftServerImpl for group-47EAD54DA2C4:[5563f767-f7a1-4491-bdfb-72abdf0fc1e3:192.168.34.54:35195] with ContainerStateMachine:uninitialized
2019-08-29 08:20:18,827 [pool-93-thread-1] INFO  server.RaftServerConfigKeys (ConfUtils.java:logGet(43)) - raft.server.rpc.timeout.min = 5s (custom)
2019-08-29 08:20:18,827 [pool-93-thread-1] INFO  server.RaftServerConfigKeys (ConfUtils.java:logGet(43)) - raft.server.rpc.timeout.max = 5200ms (custom)
2019-08-29 08:20:18,828 [pool-93-thread-1] INFO  server.RaftServerConfigKeys (ConfUtils.java:logGet(43)) - raft.server.rpcslowness.timeout = 120s (custom)
2019-08-29 08:20:18,828 [pool-93-thread-1] INFO  server.RaftServerConfigKeys (ConfUtils.java:logGet(43)) - raft.server.sleep.deviation.threshold = 300 (default)
2019-08-29 08:20:18,828 [pool-93-thread-1] INFO  server.RaftServerConfigKeys (ConfUtils.java:logGet(43)) - raft.server.log.appender.install.snapshot.enabled = false (custom)
2019-08-29 08:20:18,828 [pool-93-thread-1] INFO  impl.RaftServerImpl (ServerState.java:<init>(105)) - 5563f767-f7a1-4491-bdfb-72abdf0fc1e3:group-47EAD54DA2C4 ConfigurationManager, init=-1: [5563f767-f7a1-4491-bdfb-72abdf0fc1e3:192.168.34.54:35195], old=null, confs=<EMPTY_MAP>
2019-08-29 08:20:18,828 [pool-93-thread-1] INFO  server.RaftServerConfigKeys (ConfUtils.java:logGet(43)) - raft.server.storage.dir = [/workdir/hadoop-ozone/integration-test/target/test-dir/MiniOzoneClusterImpl-7b999817-2419-4622-80b2-2544eebeee1e/datanode-6/data/ratis] (custom)
2019-08-29 08:20:18,829 [pool-93-thread-1] INFO  storage.RaftStorageDirectory (RaftStorageDirectory.java:analyzeStorage(246)) - The storage directory /workdir/hadoop-ozone/integration-test/target/test-dir/MiniOzoneClusterImpl-7b999817-2419-4622-80b2-2544eebeee1e/datanode-6/data/ratis/e72b5b90-4032-4a12-bc29-47ead54da2c4 does not exist. Creating ...
2019-08-29 08:20:18,841 [pool-93-thread-1] INFO  storage.RaftStorageDirectory (RaftStorageDirectory.java:tryLock(328)) - Lock on /workdir/hadoop-ozone/integration-test/target/test-dir/MiniOzoneClusterImpl-7b999817-2419-4622-80b2-2544eebeee1e/datanode-6/data/ratis/e72b5b90-4032-4a12-bc29-47ead54da2c4/in_use.lock acquired by nodename 31907@pr-hdds-1553-zhl8q-89899572
2019-08-29 08:20:18,852 [main] INFO  ozone.MiniOzoneClusterImpl (MiniOzoneClusterImpl.java:lambda$waitForClusterToBeReady$0(142)) - Cluster is ready. Got 7 of 7 DN Heartbeats.
2019-08-29 08:20:18,854 [pool-93-thread-1] INFO  storage.RaftStorage (RaftStorage.java:format(72)) - Storage directory /workdir/hadoop-ozone/integration-test/target/test-dir/MiniOzoneClusterImpl-7b999817-2419-4622-80b2-2544eebeee1e/datanode-6/data/ratis/e72b5b90-4032-4a12-bc29-47ead54da2c4 has been successfully formatted.
2019-08-29 08:20:18,854 [pool-93-thread-1] INFO  ratis.ContainerStateMachine (ContainerStateMachine.java:loadSnapshot(226)) - group-47EAD54DA2C4: The snapshot info is null. Setting the last applied indexto:(t:0, i:~)
2019-08-29 08:20:18,855 [pool-93-thread-1] INFO  server.RaftServerConfigKeys (ConfUtils.java:logGet(43)) - raft.server.leader.election.timeout = 120s (custom)
2019-08-29 08:20:18,855 [pool-93-thread-1] INFO  server.RaftServerConfigKeys (ConfUtils.java:logGet(43)) - raft.server.log.use.memory = false (default)
2019-08-29 08:20:18,855 [pool-93-thread-1] INFO  server.RaftServerConfigKeys (ConfUtils.java:logGet(43)) - raft.server.log.purge.gap = 1000000 (custom)
2019-08-29 08:20:18,855 [pool-93-thread-1] INFO  server.RaftServerConfigKeys (ConfUtils.java:logGet(43)) - raft.server.log.appender.buffer.byte-limit = 33554432 (custom)
2019-08-29 08:20:18,855 [pool-93-thread-1] INFO  server.RaftServerConfigKeys (ConfUtils.java:logGet(43)) - raft.server.log.segment.size.max = 1048576 (custom)
2019-08-29 08:20:18,856 [pool-93-thread-1] INFO  server.RaftServerConfigKeys (ConfUtils.java:logGet(43)) - raft.server.log.segment.cache.num.max = 2 (custom)
2019-08-29 08:20:18,856 [pool-93-thread-1] INFO  segmented.SegmentedRaftLogWorker (SegmentedRaftLogWorker.java:<init>(172)) - new 5563f767-f7a1-4491-bdfb-72abdf0fc1e3-SegmentedRaftLogWorker:Storage Directory /workdir/hadoop-ozone/integration-test/target/test-dir/MiniOzoneClusterImpl-7b999817-2419-4622-80b2-2544eebeee1e/datanode-6/data/ratis/e72b5b90-4032-4a12-bc29-47ead54da2c4 for RaftStorage:Storage Directory /workdir/hadoop-ozone/integration-test/target/test-dir/MiniOzoneClusterImpl-7b999817-2419-4622-80b2-2544eebeee1e/datanode-6/data/ratis/e72b5b90-4032-4a12-bc29-47ead54da2c4
2019-08-29 08:20:18,856 [pool-93-thread-1] INFO  server.RaftServerConfigKeys (ConfUtils.java:logGet(43)) - raft.server.log.queue.byte-limit = 2147483647 (custom)
2019-08-29 08:20:18,856 [pool-93-thread-1] INFO  server.RaftServerConfigKeys (ConfUtils.java:logGet(43)) - raft.server.log.queue.element-limit = 1024 (custom)
2019-08-29 08:20:18,857 [pool-93-thread-1] INFO  server.RaftServerConfigKeys (ConfUtils.java:logGet(43)) - raft.server.log.segment.size.max = 1048576 (custom)
2019-08-29 08:20:18,857 [pool-93-thread-1] INFO  server.RaftServerConfigKeys (ConfUtils.java:logGet(43)) - raft.server.log.preallocated.size = 16384 (custom)
2019-08-29 08:20:18,857 [pool-93-thread-1] INFO  server.RaftServerConfigKeys (ConfUtils.java:logGet(43)) - raft.server.log.write.buffer.size = 33554432 (custom)
2019-08-29 08:20:18,857 [pool-93-thread-1] INFO  server.RaftServerConfigKeys (ConfUtils.java:logGet(43)) - raft.server.log.force.sync.num = 128 (default)
2019-08-29 08:20:18,857 [pool-93-thread-1] INFO  server.RaftServerConfigKeys (ConfUtils.java:logGet(43)) - raft.server.log.statemachine.data.sync = true (default)
2019-08-29 08:20:18,857 [pool-93-thread-1] INFO  server.RaftServerConfigKeys (ConfUtils.java:logGet(43)) - raft.server.log.statemachine.data.sync.timeout = 10s (default)
2019-08-29 08:20:18,858 [pool-93-thread-1] INFO  server.RaftServerConfigKeys (ConfUtils.java:logGet(43)) - raft.server.log.statemachine.data.sync.timeout.retry = -1 (default)
2019-08-29 08:20:18,858 [pool-93-thread-1] INFO  server.RaftServerConfigKeys (ConfUtils.java:logGet(43)) - raft.server.log.statemachine.data.caching.enabled = true (custom)
2019-08-29 08:20:18,859 [pool-93-thread-1] INFO  segmented.SegmentedRaftLogWorker (SegmentedRaftLogWorker.java:lambda$new$0(132)) - 5563f767-f7a1-4491-bdfb-72abdf0fc1e3-SegmentedRaftLogWorker:Storage Directory /workdir/hadoop-ozone/integration-test/target/test-dir/MiniOzoneClusterImpl-7b999817-2419-4622-80b2-2544eebeee1e/datanode-6/data/ratis/e72b5b90-4032-4a12-bc29-47ead54da2c4: flushIndex: setUnconditionally 0 -> -1
2019-08-29 08:20:18,859 [pool-93-thread-1] INFO  server.RaftServerConfigKeys (ConfUtils.java:logGet(43)) - raft.server.snapshot.auto.trigger.enabled = true (custom)
2019-08-29 08:20:18,859 [pool-93-thread-1] INFO  server.RaftServerConfigKeys (ConfUtils.java:logGet(43)) - raft.server.snapshot.auto.trigger.threshold = 10000 (custom)
2019-08-29 08:20:18,860 [pool-93-thread-1] INFO  server.RaftServerConfigKeys (ConfUtils.java:logGet(43)) - raft.server.retrycache.expirytime = 600000ms (custom)
2019-08-29 08:20:18,860 [pool-93-thread-1] INFO  impl.RaftServerImpl (RaftServerImpl.java:start(180)) - 5563f767-f7a1-4491-bdfb-72abdf0fc1e3: start group-47EAD54DA2C4
2019-08-29 08:20:18,860 [pool-93-thread-1] INFO  impl.RaftServerImpl (RaftServerImpl.java:setRole(171)) - 5563f767-f7a1-4491-bdfb-72abdf0fc1e3:group-47EAD54DA2C4 changes role from null to FOLLOWER at term 0 for startAsFollower
2019-08-29 08:20:18,860 [pool-93-thread-1] INFO  impl.RoleInfo (RoleInfo.java:updateAndGet(143)) - 5563f767-f7a1-4491-bdfb-72abdf0fc1e3: start FollowerState
2019-08-29 08:20:18,860 [pool-93-thread-1] INFO  util.JmxRegister (JmxRegister.java:tryRegister(44)) - Successfully registered JMX Bean with object name Ratis:service=RaftServer,group=group-47EAD54DA2C4,id=5563f767-f7a1-4491-bdfb-72abdf0fc1e3
2019-08-29 08:20:18,881 [RatisPipelineUtilsThread] INFO  pipeline.PipelineStateManager (PipelineStateManager.java:addPipeline(56)) - Created pipeline Pipeline[ Id: e72b5b90-4032-4a12-bc29-47ead54da2c4, Nodes: 5563f767-f7a1-4491-bdfb-72abdf0fc1e3{ip: 192.168.34.54, host: pr-hdds-1553-zhl8q-89899572, networkLocation: /default-rack, certSerialId: null}, Type:RATIS, Factor:ONE, State:OPEN]
2019-08-29 08:20:18,919 [grpc-default-executor-1] INFO  impl.RaftServerProxy (RaftServerProxy.java:addNew(89)) - a31cf192-49b2-4ed1-810f-c25f32e91362: addNew group-FC084516F7F3:[886c450c-7866-4fa0-a628-dd927eae8405:192.168.34.54:36470, a31cf192-49b2-4ed1-810f-c25f32e91362:192.168.34.54:39448, 0478feb3-a59d-4754-80fd-79ba24eb7e66:192.168.34.54:42750] returns group-FC084516F7F3:java.util.concurrent.CompletableFuture@1d99edfa[Not completed]
2019-08-29 08:20:18,919 [grpc-default-executor-2] INFO  impl.RaftServerProxy (RaftServerProxy.java:addNew(89)) - 886c450c-7866-4fa0-a628-dd927eae8405: addNew group-FC084516F7F3:[886c450c-7866-4fa0-a628-dd927eae8405:192.168.34.54:36470, a31cf192-49b2-4ed1-810f-c25f32e91362:192.168.34.54:39448, 0478feb3-a59d-4754-80fd-79ba24eb7e66:192.168.34.54:42750] returns group-FC084516F7F3:java.util.concurrent.CompletableFuture@61616054[Not completed]
2019-08-29 08:20:18,930 [grpc-default-executor-2] INFO  impl.RaftServerProxy (RaftServerProxy.java:addNew(89)) - 0478feb3-a59d-4754-80fd-79ba24eb7e66: addNew group-FC084516F7F3:[886c450c-7866-4fa0-a628-dd927eae8405:192.168.34.54:36470, a31cf192-49b2-4ed1-810f-c25f32e91362:192.168.34.54:39448, 0478feb3-a59d-4754-80fd-79ba24eb7e66:192.168.34.54:42750] returns group-FC084516F7F3:java.util.concurrent.CompletableFuture@2463f21c[Not completed]
2019-08-29 08:20:18,931 [pool-71-thread-1] INFO  impl.RaftServerImpl (RaftServerImpl.java:<init>(93)) - 886c450c-7866-4fa0-a628-dd927eae8405: new RaftServerImpl for group-FC084516F7F3:[886c450c-7866-4fa0-a628-dd927eae8405:192.168.34.54:36470, a31cf192-49b2-4ed1-810f-c25f32e91362:192.168.34.54:39448, 0478feb3-a59d-4754-80fd-79ba24eb7e66:192.168.34.54:42750] with ContainerStateMachine:uninitialized
2019-08-29 08:20:18,931 [pool-71-thread-1] INFO  server.RaftServerConfigKeys (ConfUtils.java:logGet(43)) - raft.server.rpc.timeout.min = 5s (custom)
2019-08-29 08:20:18,931 [pool-71-thread-1] INFO  server.RaftServerConfigKeys (ConfUtils.java:logGet(43)) - raft.server.rpc.timeout.max = 5200ms (custom)
2019-08-29 08:20:18,931 [pool-71-thread-1] INFO  server.RaftServerConfigKeys (ConfUtils.java:logGet(43)) - raft.server.rpcslowness.timeout = 120s (custom)
2019-08-29 08:20:18,932 [pool-71-thread-1] INFO  server.RaftServerConfigKeys (ConfUtils.java:logGet(43)) - raft.server.sleep.deviation.threshold = 300 (default)
2019-08-29 08:20:18,932 [pool-71-thread-1] INFO  server.RaftServerConfigKeys (ConfUtils.java:logGet(43)) - raft.server.log.appender.install.snapshot.enabled = false (custom)
2019-08-29 08:20:18,932 [pool-71-thread-1] INFO  impl.RaftServerImpl (ServerState.java:<init>(105)) - 886c450c-7866-4fa0-a628-dd927eae8405:group-FC084516F7F3 ConfigurationManager, init=-1: [886c450c-7866-4fa0-a628-dd927eae8405:192.168.34.54:36470, a31cf192-49b2-4ed1-810f-c25f32e91362:192.168.34.54:39448, 0478feb3-a59d-4754-80fd-79ba24eb7e66:192.168.34.54:42750], old=null, confs=<EMPTY_MAP>
2019-08-29 08:20:18,932 [pool-71-thread-1] INFO  server.RaftServerConfigKeys (ConfUtils.java:logGet(43)) - raft.server.storage.dir = [/workdir/hadoop-ozone/integration-test/target/test-dir/MiniOzoneClusterImpl-7b999817-2419-4622-80b2-2544eebeee1e/datanode-4/data/ratis] (custom)
2019-08-29 08:20:18,932 [pool-49-thread-1] INFO  impl.RaftServerImpl (RaftServerImpl.java:<init>(93)) - a31cf192-49b2-4ed1-810f-c25f32e91362: new RaftServerImpl for group-FC084516F7F3:[886c450c-7866-4fa0-a628-dd927eae8405:192.168.34.54:36470, a31cf192-49b2-4ed1-810f-c25f32e91362:192.168.34.54:39448, 0478feb3-a59d-4754-80fd-79ba24eb7e66:192.168.34.54:42750] with ContainerStateMachine:uninitialized
2019-08-29 08:20:18,932 [pool-49-thread-1] INFO  server.RaftServerConfigKeys (ConfUtils.java:logGet(43)) - raft.server.rpc.timeout.min = 5s (custom)
2019-08-29 08:20:18,932 [pool-71-thread-1] INFO  storage.RaftStorageDirectory (RaftStorageDirectory.java:analyzeStorage(246)) - The storage directory /workdir/hadoop-ozone/integration-test/target/test-dir/MiniOzoneClusterImpl-7b999817-2419-4622-80b2-2544eebeee1e/datanode-4/data/ratis/046ab695-74ff-4e5e-99cc-fc084516f7f3 does not exist. Creating ...
2019-08-29 08:20:18,933 [pool-82-thread-1] INFO  impl.RaftServerImpl (RaftServerImpl.java:<init>(93)) - 0478feb3-a59d-4754-80fd-79ba24eb7e66: new RaftServerImpl for group-FC084516F7F3:[886c450c-7866-4fa0-a628-dd927eae8405:192.168.34.54:36470, a31cf192-49b2-4ed1-810f-c25f32e91362:192.168.34.54:39448, 0478feb3-a59d-4754-80fd-79ba24eb7e66:192.168.34.54:42750] with ContainerStateMachine:uninitialized
2019-08-29 08:20:18,933 [pool-49-thread-1] INFO  server.RaftServerConfigKeys (ConfUtils.java:logGet(43)) - raft.server.rpc.timeout.max = 5200ms (custom)
2019-08-29 08:20:18,933 [pool-82-thread-1] INFO  server.RaftServerConfigKeys (ConfUtils.java:logGet(43)) - raft.server.rpc.timeout.min = 5s (custom)
2019-08-29 08:20:18,933 [pool-49-thread-1] INFO  server.RaftServerConfigKeys (ConfUtils.java:logGet(43)) - raft.server.rpcslowness.timeout = 120s (custom)
2019-08-29 08:20:18,933 [pool-82-thread-1] INFO  server.RaftServerConfigKeys (ConfUtils.java:logGet(43)) - raft.server.rpc.timeout.max = 5200ms (custom)
2019-08-29 08:20:18,933 [pool-49-thread-1] INFO  server.RaftServerConfigKeys (ConfUtils.java:logGet(43)) - raft.server.sleep.deviation.threshold = 300 (default)
2019-08-29 08:20:18,933 [pool-82-thread-1] INFO  server.RaftServerConfigKeys (ConfUtils.java:logGet(43)) - raft.server.rpcslowness.timeout = 120s (custom)
2019-08-29 08:20:18,933 [pool-49-thread-1] INFO  server.RaftServerConfigKeys (ConfUtils.java:logGet(43)) - raft.server.log.appender.install.snapshot.enabled = false (custom)
2019-08-29 08:20:18,933 [pool-82-thread-1] INFO  server.RaftServerConfigKeys (ConfUtils.java:logGet(43)) - raft.server.sleep.deviation.threshold = 300 (default)
2019-08-29 08:20:18,933 [pool-49-thread-1] INFO  impl.RaftServerImpl (ServerState.java:<init>(105)) - a31cf192-49b2-4ed1-810f-c25f32e91362:group-FC084516F7F3 ConfigurationManager, init=-1: [886c450c-7866-4fa0-a628-dd927eae8405:192.168.34.54:36470, a31cf192-49b2-4ed1-810f-c25f32e91362:192.168.34.54:39448, 0478feb3-a59d-4754-80fd-79ba24eb7e66:192.168.34.54:42750], old=null, confs=<EMPTY_MAP>
2019-08-29 08:20:18,933 [pool-82-thread-1] INFO  server.RaftServerConfigKeys (ConfUtils.java:logGet(43)) - raft.server.log.appender.install.snapshot.enabled = false (custom)
2019-08-29 08:20:18,934 [pool-82-thread-1] INFO  impl.RaftServerImpl (ServerState.java:<init>(105)) - 0478feb3-a59d-4754-80fd-79ba24eb7e66:group-FC084516F7F3 ConfigurationManager, init=-1: [886c450c-7866-4fa0-a628-dd927eae8405:192.168.34.54:36470, a31cf192-49b2-4ed1-810f-c25f32e91362:192.168.34.54:39448, 0478feb3-a59d-4754-80fd-79ba24eb7e66:192.168.34.54:42750], old=null, confs=<EMPTY_MAP>
2019-08-29 08:20:18,934 [pool-49-thread-1] INFO  server.RaftServerConfigKeys (ConfUtils.java:logGet(43)) - raft.server.storage.dir = [/workdir/hadoop-ozone/integration-test/target/test-dir/MiniOzoneClusterImpl-7b999817-2419-4622-80b2-2544eebeee1e/datanode-2/data/ratis] (custom)
2019-08-29 08:20:18,934 [pool-82-thread-1] INFO  server.RaftServerConfigKeys (ConfUtils.java:logGet(43)) - raft.server.storage.dir = [/workdir/hadoop-ozone/integration-test/target/test-dir/MiniOzoneClusterImpl-7b999817-2419-4622-80b2-2544eebeee1e/datanode-5/data/ratis] (custom)
2019-08-29 08:20:18,934 [pool-82-thread-1] INFO  storage.RaftStorageDirectory (RaftStorageDirectory.java:analyzeStorage(246)) - The storage directory /workdir/hadoop-ozone/integration-test/target/test-dir/MiniOzoneClusterImpl-7b999817-2419-4622-80b2-2544eebeee1e/datanode-5/data/ratis/046ab695-74ff-4e5e-99cc-fc084516f7f3 does not exist. Creating ...
2019-08-29 08:20:18,934 [pool-49-thread-1] INFO  storage.RaftStorageDirectory (RaftStorageDirectory.java:analyzeStorage(246)) - The storage directory /workdir/hadoop-ozone/integration-test/target/test-dir/MiniOzoneClusterImpl-7b999817-2419-4622-80b2-2544eebeee1e/datanode-2/data/ratis/046ab695-74ff-4e5e-99cc-fc084516f7f3 does not exist. Creating ...
2019-08-29 08:20:18,961 [pool-71-thread-1] INFO  storage.RaftStorageDirectory (RaftStorageDirectory.java:tryLock(328)) - Lock on /workdir/hadoop-ozone/integration-test/target/test-dir/MiniOzoneClusterImpl-7b999817-2419-4622-80b2-2544eebeee1e/datanode-4/data/ratis/046ab695-74ff-4e5e-99cc-fc084516f7f3/in_use.lock acquired by nodename 31907@pr-hdds-1553-zhl8q-89899572
2019-08-29 08:20:18,966 [pool-49-thread-1] INFO  storage.RaftStorageDirectory (RaftStorageDirectory.java:tryLock(328)) - Lock on /workdir/hadoop-ozone/integration-test/target/test-dir/MiniOzoneClusterImpl-7b999817-2419-4622-80b2-2544eebeee1e/datanode-2/data/ratis/046ab695-74ff-4e5e-99cc-fc084516f7f3/in_use.lock acquired by nodename 31907@pr-hdds-1553-zhl8q-89899572
2019-08-29 08:20:18,969 [pool-82-thread-1] INFO  storage.RaftStorageDirectory (RaftStorageDirectory.java:tryLock(328)) - Lock on /workdir/hadoop-ozone/integration-test/target/test-dir/MiniOzoneClusterImpl-7b999817-2419-4622-80b2-2544eebeee1e/datanode-5/data/ratis/046ab695-74ff-4e5e-99cc-fc084516f7f3/in_use.lock acquired by nodename 31907@pr-hdds-1553-zhl8q-89899572
2019-08-29 08:20:18,973 [pool-49-thread-1] INFO  storage.RaftStorage (RaftStorage.java:format(72)) - Storage directory /workdir/hadoop-ozone/integration-test/target/test-dir/MiniOzoneClusterImpl-7b999817-2419-4622-80b2-2544eebeee1e/datanode-2/data/ratis/046ab695-74ff-4e5e-99cc-fc084516f7f3 has been successfully formatted.
2019-08-29 08:20:18,973 [pool-71-thread-1] INFO  storage.RaftStorage (RaftStorage.java:format(72)) - Storage directory /workdir/hadoop-ozone/integration-test/target/test-dir/MiniOzoneClusterImpl-7b999817-2419-4622-80b2-2544eebeee1e/datanode-4/data/ratis/046ab695-74ff-4e5e-99cc-fc084516f7f3 has been successfully formatted.
2019-08-29 08:20:18,974 [pool-49-thread-1] INFO  ratis.ContainerStateMachine (ContainerStateMachine.java:loadSnapshot(226)) - group-FC084516F7F3: The snapshot info is null. Setting the last applied indexto:(t:0, i:~)
2019-08-29 08:20:18,973 [pool-82-thread-1] INFO  storage.RaftStorage (RaftStorage.java:format(72)) - Storage directory /workdir/hadoop-ozone/integration-test/target/test-dir/MiniOzoneClusterImpl-7b999817-2419-4622-80b2-2544eebeee1e/datanode-5/data/ratis/046ab695-74ff-4e5e-99cc-fc084516f7f3 has been successfully formatted.
2019-08-29 08:20:18,974 [pool-49-thread-1] INFO  server.RaftServerConfigKeys (ConfUtils.java:logGet(43)) - raft.server.leader.election.timeout = 120s (custom)
2019-08-29 08:20:18,974 [pool-71-thread-1] INFO  ratis.ContainerStateMachine (ContainerStateMachine.java:loadSnapshot(226)) - group-FC084516F7F3: The snapshot info is null. Setting the last applied indexto:(t:0, i:~)
2019-08-29 08:20:18,974 [pool-49-thread-1] INFO  server.RaftServerConfigKeys (ConfUtils.java:logGet(43)) - raft.server.log.use.memory = false (default)
2019-08-29 08:20:18,974 [pool-71-thread-1] INFO  server.RaftServerConfigKeys (ConfUtils.java:logGet(43)) - raft.server.leader.election.timeout = 120s (custom)
2019-08-29 08:20:18,974 [pool-82-thread-1] INFO  ratis.ContainerStateMachine (ContainerStateMachine.java:loadSnapshot(226)) - group-FC084516F7F3: The snapshot info is null. Setting the last applied indexto:(t:0, i:~)
2019-08-29 08:20:18,975 [pool-71-thread-1] INFO  server.RaftServerConfigKeys (ConfUtils.java:logGet(43)) - raft.server.log.use.memory = false (default)
2019-08-29 08:20:18,974 [pool-49-thread-1] INFO  server.RaftServerConfigKeys (ConfUtils.java:logGet(43)) - raft.server.log.purge.gap = 1000000 (custom)
2019-08-29 08:20:18,975 [pool-71-thread-1] INFO  server.RaftServerConfigKeys (ConfUtils.java:logGet(43)) - raft.server.log.purge.gap = 1000000 (custom)
2019-08-29 08:20:18,975 [pool-49-thread-1] INFO  server.RaftServerConfigKeys (ConfUtils.java:logGet(43)) - raft.server.log.appender.buffer.byte-limit = 33554432 (custom)
2019-08-29 08:20:18,975 [pool-82-thread-1] INFO  server.RaftServerConfigKeys (ConfUtils.java:logGet(43)) - raft.server.leader.election.timeout = 120s (custom)
2019-08-29 08:20:18,975 [pool-49-thread-1] INFO  server.RaftServerConfigKeys (ConfUtils.java:logGet(43)) - raft.server.log.segment.size.max = 1048576 (custom)
2019-08-29 08:20:18,975 [pool-71-thread-1] INFO  server.RaftServerConfigKeys (ConfUtils.java:logGet(43)) - raft.server.log.appender.buffer.byte-limit = 33554432 (custom)
2019-08-29 08:20:18,975 [pool-49-thread-1] INFO  server.RaftServerConfigKeys (ConfUtils.java:logGet(43)) - raft.server.log.segment.cache.num.max = 2 (custom)
2019-08-29 08:20:18,976 [pool-71-thread-1] INFO  server.RaftServerConfigKeys (ConfUtils.java:logGet(43)) - raft.server.log.segment.size.max = 1048576 (custom)
2019-08-29 08:20:18,975 [pool-82-thread-1] INFO  server.RaftServerConfigKeys (ConfUtils.java:logGet(43)) - raft.server.log.use.memory = false (default)
2019-08-29 08:20:18,976 [pool-71-thread-1] INFO  server.RaftServerConfigKeys (ConfUtils.java:logGet(43)) - raft.server.log.segment.cache.num.max = 2 (custom)
2019-08-29 08:20:18,976 [pool-49-thread-1] INFO  segmented.SegmentedRaftLogWorker (SegmentedRaftLogWorker.java:<init>(172)) - new a31cf192-49b2-4ed1-810f-c25f32e91362-SegmentedRaftLogWorker:Storage Directory /workdir/hadoop-ozone/integration-test/target/test-dir/MiniOzoneClusterImpl-7b999817-2419-4622-80b2-2544eebeee1e/datanode-2/data/ratis/046ab695-74ff-4e5e-99cc-fc084516f7f3 for RaftStorage:Storage Directory /workdir/hadoop-ozone/integration-test/target/test-dir/MiniOzoneClusterImpl-7b999817-2419-4622-80b2-2544eebeee1e/datanode-2/data/ratis/046ab695-74ff-4e5e-99cc-fc084516f7f3
2019-08-29 08:20:18,976 [pool-71-thread-1] INFO  segmented.SegmentedRaftLogWorker (SegmentedRaftLogWorker.java:<init>(172)) - new 886c450c-7866-4fa0-a628-dd927eae8405-SegmentedRaftLogWorker:Storage Directory /workdir/hadoop-ozone/integration-test/target/test-dir/MiniOzoneClusterImpl-7b999817-2419-4622-80b2-2544eebeee1e/datanode-4/data/ratis/046ab695-74ff-4e5e-99cc-fc084516f7f3 for RaftStorage:Storage Directory /workdir/hadoop-ozone/integration-test/target/test-dir/MiniOzoneClusterImpl-7b999817-2419-4622-80b2-2544eebeee1e/datanode-4/data/ratis/046ab695-74ff-4e5e-99cc-fc084516f7f3
2019-08-29 08:20:18,976 [pool-82-thread-1] INFO  server.RaftServerConfigKeys (ConfUtils.java:logGet(43)) - raft.server.log.purge.gap = 1000000 (custom)
2019-08-29 08:20:18,978 [pool-71-thread-1] INFO  server.RaftServerConfigKeys (ConfUtils.java:logGet(43)) - raft.server.log.queue.byte-limit = 2147483647 (custom)
2019-08-29 08:20:18,976 [pool-49-thread-1] INFO  server.RaftServerConfigKeys (ConfUtils.java:logGet(43)) - raft.server.log.queue.byte-limit = 2147483647 (custom)
2019-08-29 08:20:18,980 [pool-71-thread-1] INFO  server.RaftServerConfigKeys (ConfUtils.java:logGet(43)) - raft.server.log.queue.element-limit = 1024 (custom)
2019-08-29 08:20:18,978 [pool-82-thread-1] INFO  server.RaftServerConfigKeys (ConfUtils.java:logGet(43)) - raft.server.log.appender.buffer.byte-limit = 33554432 (custom)
2019-08-29 08:20:18,980 [pool-49-thread-1] INFO  server.RaftServerConfigKeys (ConfUtils.java:logGet(43)) - raft.server.log.queue.element-limit = 1024 (custom)
2019-08-29 08:20:18,980 [pool-82-thread-1] INFO  server.RaftServerConfigKeys (ConfUtils.java:logGet(43)) - raft.server.log.segment.size.max = 1048576 (custom)
2019-08-29 08:20:18,980 [pool-71-thread-1] INFO  server.RaftServerConfigKeys (ConfUtils.java:logGet(43)) - raft.server.log.segment.size.max = 1048576 (custom)
2019-08-29 08:20:18,980 [pool-82-thread-1] INFO  server.RaftServerConfigKeys (ConfUtils.java:logGet(43)) - raft.server.log.segment.cache.num.max = 2 (custom)
2019-08-29 08:20:18,980 [pool-49-thread-1] INFO  server.RaftServerConfigKeys (ConfUtils.java:logGet(43)) - raft.server.log.segment.size.max = 1048576 (custom)
2019-08-29 08:20:18,981 [pool-82-thread-1] INFO  segmented.SegmentedRaftLogWorker (SegmentedRaftLogWorker.java:<init>(172)) - new 0478feb3-a59d-4754-80fd-79ba24eb7e66-SegmentedRaftLogWorker:Storage Directory /workdir/hadoop-ozone/integration-test/target/test-dir/MiniOzoneClusterImpl-7b999817-2419-4622-80b2-2544eebeee1e/datanode-5/data/ratis/046ab695-74ff-4e5e-99cc-fc084516f7f3 for RaftStorage:Storage Directory /workdir/hadoop-ozone/integration-test/target/test-dir/MiniOzoneClusterImpl-7b999817-2419-4622-80b2-2544eebeee1e/datanode-5/data/ratis/046ab695-74ff-4e5e-99cc-fc084516f7f3
2019-08-29 08:20:18,980 [pool-71-thread-1] INFO  server.RaftServerConfigKeys (ConfUtils.java:logGet(43)) - raft.server.log.preallocated.size = 16384 (custom)
2019-08-29 08:20:18,981 [pool-82-thread-1] INFO  server.RaftServerConfigKeys (ConfUtils.java:logGet(43)) - raft.server.log.queue.byte-limit = 2147483647 (custom)
2019-08-29 08:20:18,981 [pool-49-thread-1] INFO  server.RaftServerConfigKeys (ConfUtils.java:logGet(43)) - raft.server.log.preallocated.size = 16384 (custom)
2019-08-29 08:20:18,982 [pool-82-thread-1] INFO  server.RaftServerConfigKeys (ConfUtils.java:logGet(43)) - raft.server.log.queue.element-limit = 1024 (custom)
2019-08-29 08:20:18,982 [pool-71-thread-1] INFO  server.RaftServerConfigKeys (ConfUtils.java:logGet(43)) - raft.server.log.write.buffer.size = 33554432 (custom)
2019-08-29 08:20:18,982 [pool-82-thread-1] INFO  server.RaftServerConfigKeys (ConfUtils.java:logGet(43)) - raft.server.log.segment.size.max = 1048576 (custom)
2019-08-29 08:20:18,982 [pool-49-thread-1] INFO  server.RaftServerConfigKeys (ConfUtils.java:logGet(43)) - raft.server.log.write.buffer.size = 33554432 (custom)
2019-08-29 08:20:18,982 [pool-82-thread-1] INFO  server.RaftServerConfigKeys (ConfUtils.java:logGet(43)) - raft.server.log.preallocated.size = 16384 (custom)
2019-08-29 08:20:18,982 [pool-71-thread-1] INFO  server.RaftServerConfigKeys (ConfUtils.java:logGet(43)) - raft.server.log.force.sync.num = 128 (default)
2019-08-29 08:20:18,983 [pool-82-thread-1] INFO  server.RaftServerConfigKeys (ConfUtils.java:logGet(43)) - raft.server.log.write.buffer.size = 33554432 (custom)
2019-08-29 08:20:18,983 [pool-49-thread-1] INFO  server.RaftServerConfigKeys (ConfUtils.java:logGet(43)) - raft.server.log.force.sync.num = 128 (default)
2019-08-29 08:20:18,983 [pool-82-thread-1] INFO  server.RaftServerConfigKeys (ConfUtils.java:logGet(43)) - raft.server.log.force.sync.num = 128 (default)
2019-08-29 08:20:18,983 [pool-71-thread-1] INFO  server.RaftServerConfigKeys (ConfUtils.java:logGet(43)) - raft.server.log.statemachine.data.sync = true (default)
2019-08-29 08:20:18,983 [pool-82-thread-1] INFO  server.RaftServerConfigKeys (ConfUtils.java:logGet(43)) - raft.server.log.statemachine.data.sync = true (default)
2019-08-29 08:20:18,983 [pool-49-thread-1] INFO  server.RaftServerConfigKeys (ConfUtils.java:logGet(43)) - raft.server.log.statemachine.data.sync = true (default)
2019-08-29 08:20:18,983 [pool-82-thread-1] INFO  server.RaftServerConfigKeys (ConfUtils.java:logGet(43)) - raft.server.log.statemachine.data.sync.timeout = 10s (default)
2019-08-29 08:20:18,983 [pool-71-thread-1] INFO  server.RaftServerConfigKeys (ConfUtils.java:logGet(43)) - raft.server.log.statemachine.data.sync.timeout = 10s (default)
2019-08-29 08:20:18,984 [pool-82-thread-1] INFO  server.RaftServerConfigKeys (ConfUtils.java:logGet(43)) - raft.server.log.statemachine.data.sync.timeout.retry = -1 (default)
2019-08-29 08:20:18,984 [pool-49-thread-1] INFO  server.RaftServerConfigKeys (ConfUtils.java:logGet(43)) - raft.server.log.statemachine.data.sync.timeout = 10s (default)
2019-08-29 08:20:18,984 [pool-71-thread-1] INFO  server.RaftServerConfigKeys (ConfUtils.java:logGet(43)) - raft.server.log.statemachine.data.sync.timeout.retry = -1 (default)
2019-08-29 08:20:18,984 [pool-82-thread-1] INFO  server.RaftServerConfigKeys (ConfUtils.java:logGet(43)) - raft.server.log.statemachine.data.caching.enabled = true (custom)
2019-08-29 08:20:18,984 [pool-49-thread-1] INFO  server.RaftServerConfigKeys (ConfUtils.java:logGet(43)) - raft.server.log.statemachine.data.sync.timeout.retry = -1 (default)
2019-08-29 08:20:18,984 [pool-71-thread-1] INFO  server.RaftServerConfigKeys (ConfUtils.java:logGet(43)) - raft.server.log.statemachine.data.caching.enabled = true (custom)
2019-08-29 08:20:18,985 [pool-82-thread-1] INFO  segmented.SegmentedRaftLogWorker (SegmentedRaftLogWorker.java:lambda$new$0(132)) - 0478feb3-a59d-4754-80fd-79ba24eb7e66-SegmentedRaftLogWorker:Storage Directory /workdir/hadoop-ozone/integration-test/target/test-dir/MiniOzoneClusterImpl-7b999817-2419-4622-80b2-2544eebeee1e/datanode-5/data/ratis/046ab695-74ff-4e5e-99cc-fc084516f7f3: flushIndex: setUnconditionally 0 -> -1
2019-08-29 08:20:18,985 [pool-49-thread-1] INFO  server.RaftServerConfigKeys (ConfUtils.java:logGet(43)) - raft.server.log.statemachine.data.caching.enabled = true (custom)
2019-08-29 08:20:18,985 [pool-82-thread-1] INFO  server.RaftServerConfigKeys (ConfUtils.java:logGet(43)) - raft.server.snapshot.auto.trigger.enabled = true (custom)
2019-08-29 08:20:18,985 [pool-49-thread-1] INFO  segmented.SegmentedRaftLogWorker (SegmentedRaftLogWorker.java:lambda$new$0(132)) - a31cf192-49b2-4ed1-810f-c25f32e91362-SegmentedRaftLogWorker:Storage Directory /workdir/hadoop-ozone/integration-test/target/test-dir/MiniOzoneClusterImpl-7b999817-2419-4622-80b2-2544eebeee1e/datanode-2/data/ratis/046ab695-74ff-4e5e-99cc-fc084516f7f3: flushIndex: setUnconditionally 0 -> -1
2019-08-29 08:20:18,985 [pool-71-thread-1] INFO  segmented.SegmentedRaftLogWorker (SegmentedRaftLogWorker.java:lambda$new$0(132)) - 886c450c-7866-4fa0-a628-dd927eae8405-SegmentedRaftLogWorker:Storage Directory /workdir/hadoop-ozone/integration-test/target/test-dir/MiniOzoneClusterImpl-7b999817-2419-4622-80b2-2544eebeee1e/datanode-4/data/ratis/046ab695-74ff-4e5e-99cc-fc084516f7f3: flushIndex: setUnconditionally 0 -> -1
2019-08-29 08:20:18,985 [pool-49-thread-1] INFO  server.RaftServerConfigKeys (ConfUtils.java:logGet(43)) - raft.server.snapshot.auto.trigger.enabled = true (custom)
2019-08-29 08:20:18,985 [pool-82-thread-1] INFO  server.RaftServerConfigKeys (ConfUtils.java:logGet(43)) - raft.server.snapshot.auto.trigger.threshold = 10000 (custom)
2019-08-29 08:20:18,986 [pool-49-thread-1] INFO  server.RaftServerConfigKeys (ConfUtils.java:logGet(43)) - raft.server.snapshot.auto.trigger.threshold = 10000 (custom)
2019-08-29 08:20:18,986 [pool-82-thread-1] INFO  server.RaftServerConfigKeys (ConfUtils.java:logGet(43)) - raft.server.retrycache.expirytime = 600000ms (custom)
2019-08-29 08:20:18,986 [pool-49-thread-1] INFO  server.RaftServerConfigKeys (ConfUtils.java:logGet(43)) - raft.server.retrycache.expirytime = 600000ms (custom)
2019-08-29 08:20:18,986 [pool-71-thread-1] INFO  server.RaftServerConfigKeys (ConfUtils.java:logGet(43)) - raft.server.snapshot.auto.trigger.enabled = true (custom)
2019-08-29 08:20:18,986 [pool-49-thread-1] INFO  impl.RaftServerImpl (RaftServerImpl.java:start(180)) - a31cf192-49b2-4ed1-810f-c25f32e91362: start group-FC084516F7F3
2019-08-29 08:20:18,986 [pool-82-thread-1] INFO  impl.RaftServerImpl (RaftServerImpl.java:start(180)) - 0478feb3-a59d-4754-80fd-79ba24eb7e66: start group-FC084516F7F3
2019-08-29 08:20:18,986 [pool-49-thread-1] INFO  impl.RaftServerImpl (RaftServerImpl.java:setRole(171)) - a31cf192-49b2-4ed1-810f-c25f32e91362:group-FC084516F7F3 changes role from null to FOLLOWER at term 0 for startAsFollower
2019-08-29 08:20:18,986 [pool-71-thread-1] INFO  server.RaftServerConfigKeys (ConfUtils.java:logGet(43)) - raft.server.snapshot.auto.trigger.threshold = 10000 (custom)
2019-08-29 08:20:18,986 [pool-49-thread-1] INFO  impl.RoleInfo (RoleInfo.java:updateAndGet(143)) - a31cf192-49b2-4ed1-810f-c25f32e91362: start FollowerState
2019-08-29 08:20:18,986 [pool-82-thread-1] INFO  impl.RaftServerImpl (RaftServerImpl.java:setRole(171)) - 0478feb3-a59d-4754-80fd-79ba24eb7e66:group-FC084516F7F3 changes role from null to FOLLOWER at term 0 for startAsFollower
2019-08-29 08:20:18,987 [pool-71-thread-1] INFO  server.RaftServerConfigKeys (ConfUtils.java:logGet(43)) - raft.server.retrycache.expirytime = 600000ms (custom)
2019-08-29 08:20:18,987 [pool-82-thread-1] INFO  impl.RoleInfo (RoleInfo.java:updateAndGet(143)) - 0478feb3-a59d-4754-80fd-79ba24eb7e66: start FollowerState
2019-08-29 08:20:18,987 [pool-49-thread-1] INFO  util.JmxRegister (JmxRegister.java:tryRegister(44)) - Successfully registered JMX Bean with object name Ratis:service=RaftServer,group=group-FC084516F7F3,id=a31cf192-49b2-4ed1-810f-c25f32e91362
2019-08-29 08:20:18,987 [pool-71-thread-1] INFO  impl.RaftServerImpl (RaftServerImpl.java:start(180)) - 886c450c-7866-4fa0-a628-dd927eae8405: start group-FC084516F7F3
2019-08-29 08:20:18,987 [pool-82-thread-1] INFO  util.JmxRegister (JmxRegister.java:tryRegister(44)) - Successfully registered JMX Bean with object name Ratis:service=RaftServer,group=group-FC084516F7F3,id=0478feb3-a59d-4754-80fd-79ba24eb7e66
2019-08-29 08:20:18,987 [pool-71-thread-1] INFO  impl.RaftServerImpl (RaftServerImpl.java:setRole(171)) - 886c450c-7866-4fa0-a628-dd927eae8405:group-FC084516F7F3 changes role from null to FOLLOWER at term 0 for startAsFollower
2019-08-29 08:20:18,987 [pool-71-thread-1] INFO  impl.RoleInfo (RoleInfo.java:updateAndGet(143)) - 886c450c-7866-4fa0-a628-dd927eae8405: start FollowerState
2019-08-29 08:20:18,988 [pool-71-thread-1] INFO  util.JmxRegister (JmxRegister.java:tryRegister(44)) - Successfully registered JMX Bean with object name Ratis:service=RaftServer,group=group-FC084516F7F3,id=886c450c-7866-4fa0-a628-dd927eae8405
2019-08-29 08:20:19,010 [RatisPipelineUtilsThread] INFO  pipeline.PipelineStateManager (PipelineStateManager.java:addPipeline(56)) - Created pipeline Pipeline[ Id: 046ab695-74ff-4e5e-99cc-fc084516f7f3, Nodes: a31cf192-49b2-4ed1-810f-c25f32e91362{ip: 192.168.34.54, host: pr-hdds-1553-zhl8q-89899572, networkLocation: /default-rack, certSerialId: null}886c450c-7866-4fa0-a628-dd927eae8405{ip: 192.168.34.54, host: pr-hdds-1553-zhl8q-89899572, networkLocation: /default-rack, certSerialId: null}0478feb3-a59d-4754-80fd-79ba24eb7e66{ip: 192.168.34.54, host: pr-hdds-1553-zhl8q-89899572, networkLocation: /default-rack, certSerialId: null}, Type:RATIS, Factor:THREE, State:OPEN]
2019-08-29 08:20:19,033 [grpc-default-executor-1] INFO  impl.RaftServerProxy (RaftServerProxy.java:addNew(89)) - adb6bfc4-9812-4cd1-b89d-2074f9496068: addNew group-ACD6E6CF1097:[5563f767-f7a1-4491-bdfb-72abdf0fc1e3:192.168.34.54:35195, adb6bfc4-9812-4cd1-b89d-2074f9496068:192.168.34.54:35148, 078fe6a9-1ebb-4542-b6cd-585ed8de9dab:192.168.34.54:44324] returns group-ACD6E6CF1097:java.util.concurrent.CompletableFuture@3f96b4bd[Not completed]
2019-08-29 08:20:19,033 [grpc-default-executor-2] INFO  impl.RaftServerProxy (RaftServerProxy.java:addNew(89)) - 078fe6a9-1ebb-4542-b6cd-585ed8de9dab: addNew group-ACD6E6CF1097:[5563f767-f7a1-4491-bdfb-72abdf0fc1e3:192.168.34.54:35195, adb6bfc4-9812-4cd1-b89d-2074f9496068:192.168.34.54:35148, 078fe6a9-1ebb-4542-b6cd-585ed8de9dab:192.168.34.54:44324] returns group-ACD6E6CF1097:java.util.concurrent.CompletableFuture@158d5298[Not completed]
2019-08-29 08:20:19,033 [grpc-default-executor-0] INFO  impl.RaftServerProxy (RaftServerProxy.java:addNew(89)) - 5563f767-f7a1-4491-bdfb-72abdf0fc1e3: addNew group-ACD6E6CF1097:[5563f767-f7a1-4491-bdfb-72abdf0fc1e3:192.168.34.54:35195, adb6bfc4-9812-4cd1-b89d-2074f9496068:192.168.34.54:35148, 078fe6a9-1ebb-4542-b6cd-585ed8de9dab:192.168.34.54:44324] returns group-ACD6E6CF1097:java.util.concurrent.CompletableFuture@39abd13a[Not completed]
2019-08-29 08:20:19,036 [pool-38-thread-1] INFO  impl.RaftServerImpl (RaftServerImpl.java:<init>(93)) - adb6bfc4-9812-4cd1-b89d-2074f9496068: new RaftServerImpl for group-ACD6E6CF1097:[5563f767-f7a1-4491-bdfb-72abdf0fc1e3:192.168.34.54:35195, adb6bfc4-9812-4cd1-b89d-2074f9496068:192.168.34.54:35148, 078fe6a9-1ebb-4542-b6cd-585ed8de9dab:192.168.34.54:44324] with ContainerStateMachine:uninitialized
2019-08-29 08:20:19,036 [pool-38-thread-1] INFO  server.RaftServerConfigKeys (ConfUtils.java:logGet(43)) - raft.server.rpc.timeout.min = 5s (custom)
2019-08-29 08:20:19,036 [pool-38-thread-1] INFO  server.RaftServerConfigKeys (ConfUtils.java:logGet(43)) - raft.server.rpc.timeout.max = 5200ms (custom)
2019-08-29 08:20:19,036 [pool-38-thread-1] INFO  server.RaftServerConfigKeys (ConfUtils.java:logGet(43)) - raft.server.rpcslowness.timeout = 120s (custom)
2019-08-29 08:20:19,036 [pool-38-thread-1] INFO  server.RaftServerConfigKeys (ConfUtils.java:logGet(43)) - raft.server.sleep.deviation.threshold = 300 (default)
2019-08-29 08:20:19,036 [pool-38-thread-1] INFO  server.RaftServerConfigKeys (ConfUtils.java:logGet(43)) - raft.server.log.appender.install.snapshot.enabled = false (custom)
2019-08-29 08:20:19,037 [pool-38-thread-1] INFO  impl.RaftServerImpl (ServerState.java:<init>(105)) - adb6bfc4-9812-4cd1-b89d-2074f9496068:group-ACD6E6CF1097 ConfigurationManager, init=-1: [5563f767-f7a1-4491-bdfb-72abdf0fc1e3:192.168.34.54:35195, adb6bfc4-9812-4cd1-b89d-2074f9496068:192.168.34.54:35148, 078fe6a9-1ebb-4542-b6cd-585ed8de9dab:192.168.34.54:44324], old=null, confs=<EMPTY_MAP>
2019-08-29 08:20:19,037 [pool-38-thread-1] INFO  server.RaftServerConfigKeys (ConfUtils.java:logGet(43)) - raft.server.storage.dir = [/workdir/hadoop-ozone/integration-test/target/test-dir/MiniOzoneClusterImpl-7b999817-2419-4622-80b2-2544eebeee1e/datanode-1/data/ratis] (custom)
2019-08-29 08:20:19,037 [pool-38-thread-1] INFO  storage.RaftStorageDirectory (RaftStorageDirectory.java:analyzeStorage(246)) - The storage directory /workdir/hadoop-ozone/integration-test/target/test-dir/MiniOzoneClusterImpl-7b999817-2419-4622-80b2-2544eebeee1e/datanode-1/data/ratis/a04bb618-ebac-4486-85c1-acd6e6cf1097 does not exist. Creating ...
2019-08-29 08:20:19,037 [pool-93-thread-1] INFO  impl.RaftServerImpl (RaftServerImpl.java:<init>(93)) - 5563f767-f7a1-4491-bdfb-72abdf0fc1e3: new RaftServerImpl for group-ACD6E6CF1097:[5563f767-f7a1-4491-bdfb-72abdf0fc1e3:192.168.34.54:35195, adb6bfc4-9812-4cd1-b89d-2074f9496068:192.168.34.54:35148, 078fe6a9-1ebb-4542-b6cd-585ed8de9dab:192.168.34.54:44324] with ContainerStateMachine:uninitialized
2019-08-29 08:20:19,037 [pool-93-thread-1] INFO  server.RaftServerConfigKeys (ConfUtils.java:logGet(43)) - raft.server.rpc.timeout.min = 5s (custom)
2019-08-29 08:20:19,038 [pool-93-thread-1] INFO  server.RaftServerConfigKeys (ConfUtils.java:logGet(43)) - raft.server.rpc.timeout.max = 5200ms (custom)
2019-08-29 08:20:19,038 [pool-93-thread-1] INFO  server.RaftServerConfigKeys (ConfUtils.java:logGet(43)) - raft.server.rpcslowness.timeout = 120s (custom)
2019-08-29 08:20:19,038 [pool-93-thread-1] INFO  server.RaftServerConfigKeys (ConfUtils.java:logGet(43)) - raft.server.sleep.deviation.threshold = 300 (default)
2019-08-29 08:20:19,038 [pool-93-thread-1] INFO  server.RaftServerConfigKeys (ConfUtils.java:logGet(43)) - raft.server.log.appender.install.snapshot.enabled = false (custom)
2019-08-29 08:20:19,038 [pool-27-thread-1] INFO  impl.RaftServerImpl (RaftServerImpl.java:<init>(93)) - 078fe6a9-1ebb-4542-b6cd-585ed8de9dab: new RaftServerImpl for group-ACD6E6CF1097:[5563f767-f7a1-4491-bdfb-72abdf0fc1e3:192.168.34.54:35195, adb6bfc4-9812-4cd1-b89d-2074f9496068:192.168.34.54:35148, 078fe6a9-1ebb-4542-b6cd-585ed8de9dab:192.168.34.54:44324] with ContainerStateMachine:uninitialized
2019-08-29 08:20:19,038 [pool-93-thread-1] INFO  impl.RaftServerImpl (ServerState.java:<init>(105)) - 5563f767-f7a1-4491-bdfb-72abdf0fc1e3:group-ACD6E6CF1097 ConfigurationManager, init=-1: [5563f767-f7a1-4491-bdfb-72abdf0fc1e3:192.168.34.54:35195, adb6bfc4-9812-4cd1-b89d-2074f9496068:192.168.34.54:35148, 078fe6a9-1ebb-4542-b6cd-585ed8de9dab:192.168.34.54:44324], old=null, confs=<EMPTY_MAP>
2019-08-29 08:20:19,038 [pool-27-thread-1] INFO  server.RaftServerConfigKeys (ConfUtils.java:logGet(43)) - raft.server.rpc.timeout.min = 5s (custom)
2019-08-29 08:20:19,039 [pool-93-thread-1] INFO  server.RaftServerConfigKeys (ConfUtils.java:logGet(43)) - raft.server.storage.dir = [/workdir/hadoop-ozone/integration-test/target/test-dir/MiniOzoneClusterImpl-7b999817-2419-4622-80b2-2544eebeee1e/datanode-6/data/ratis] (custom)
2019-08-29 08:20:19,039 [pool-27-thread-1] INFO  server.RaftServerConfigKeys (ConfUtils.java:logGet(43)) - raft.server.rpc.timeout.max = 5200ms (custom)
2019-08-29 08:20:19,039 [pool-27-thread-1] INFO  server.RaftServerConfigKeys (ConfUtils.java:logGet(43)) - raft.server.rpcslowness.timeout = 120s (custom)
2019-08-29 08:20:19,039 [pool-27-thread-1] INFO  server.RaftServerConfigKeys (ConfUtils.java:logGet(43)) - raft.server.sleep.deviation.threshold = 300 (default)
2019-08-29 08:20:19,039 [pool-27-thread-1] INFO  server.RaftServerConfigKeys (ConfUtils.java:logGet(43)) - raft.server.log.appender.install.snapshot.enabled = false (custom)
2019-08-29 08:20:19,039 [pool-93-thread-1] INFO  storage.RaftStorageDirectory (RaftStorageDirectory.java:analyzeStorage(246)) - The storage directory /workdir/hadoop-ozone/integration-test/target/test-dir/MiniOzoneClusterImpl-7b999817-2419-4622-80b2-2544eebeee1e/datanode-6/data/ratis/a04bb618-ebac-4486-85c1-acd6e6cf1097 does not exist. Creating ...
2019-08-29 08:20:19,039 [pool-27-thread-1] INFO  impl.RaftServerImpl (ServerState.java:<init>(105)) - 078fe6a9-1ebb-4542-b6cd-585ed8de9dab:group-ACD6E6CF1097 ConfigurationManager, init=-1: [5563f767-f7a1-4491-bdfb-72abdf0fc1e3:192.168.34.54:35195, adb6bfc4-9812-4cd1-b89d-2074f9496068:192.168.34.54:35148, 078fe6a9-1ebb-4542-b6cd-585ed8de9dab:192.168.34.54:44324], old=null, confs=<EMPTY_MAP>
2019-08-29 08:20:19,040 [pool-27-thread-1] INFO  server.RaftServerConfigKeys (ConfUtils.java:logGet(43)) - raft.server.storage.dir = [/workdir/hadoop-ozone/integration-test/target/test-dir/MiniOzoneClusterImpl-7b999817-2419-4622-80b2-2544eebeee1e/datanode-0/data/ratis] (custom)
2019-08-29 08:20:19,040 [pool-27-thread-1] INFO  storage.RaftStorageDirectory (RaftStorageDirectory.java:analyzeStorage(246)) - The storage directory /workdir/hadoop-ozone/integration-test/target/test-dir/MiniOzoneClusterImpl-7b999817-2419-4622-80b2-2544eebeee1e/datanode-0/data/ratis/a04bb618-ebac-4486-85c1-acd6e6cf1097 does not exist. Creating ...
2019-08-29 08:20:19,072 [pool-93-thread-1] INFO  storage.RaftStorageDirectory (RaftStorageDirectory.java:tryLock(328)) - Lock on /workdir/hadoop-ozone/integration-test/target/test-dir/MiniOzoneClusterImpl-7b999817-2419-4622-80b2-2544eebeee1e/datanode-6/data/ratis/a04bb618-ebac-4486-85c1-acd6e6cf1097/in_use.lock acquired by nodename 31907@pr-hdds-1553-zhl8q-89899572
2019-08-29 08:20:19,072 [pool-27-thread-1] INFO  storage.RaftStorageDirectory (RaftStorageDirectory.java:tryLock(328)) - Lock on /workdir/hadoop-ozone/integration-test/target/test-dir/MiniOzoneClusterImpl-7b999817-2419-4622-80b2-2544eebeee1e/datanode-0/data/ratis/a04bb618-ebac-4486-85c1-acd6e6cf1097/in_use.lock acquired by nodename 31907@pr-hdds-1553-zhl8q-89899572
2019-08-29 08:20:19,072 [pool-38-thread-1] INFO  storage.RaftStorageDirectory (RaftStorageDirectory.java:tryLock(328)) - Lock on /workdir/hadoop-ozone/integration-test/target/test-dir/MiniOzoneClusterImpl-7b999817-2419-4622-80b2-2544eebeee1e/datanode-1/data/ratis/a04bb618-ebac-4486-85c1-acd6e6cf1097/in_use.lock acquired by nodename 31907@pr-hdds-1553-zhl8q-89899572
2019-08-29 08:20:19,089 [pool-93-thread-1] INFO  storage.RaftStorage (RaftStorage.java:format(72)) - Storage directory /workdir/hadoop-ozone/integration-test/target/test-dir/MiniOzoneClusterImpl-7b999817-2419-4622-80b2-2544eebeee1e/datanode-6/data/ratis/a04bb618-ebac-4486-85c1-acd6e6cf1097 has been successfully formatted.
2019-08-29 08:20:19,089 [pool-38-thread-1] INFO  storage.RaftStorage (RaftStorage.java:format(72)) - Storage directory /workdir/hadoop-ozone/integration-test/target/test-dir/MiniOzoneClusterImpl-7b999817-2419-4622-80b2-2544eebeee1e/datanode-1/data/ratis/a04bb618-ebac-4486-85c1-acd6e6cf1097 has been successfully formatted.
2019-08-29 08:20:19,089 [pool-27-thread-1] INFO  storage.RaftStorage (RaftStorage.java:format(72)) - Storage directory /workdir/hadoop-ozone/integration-test/target/test-dir/MiniOzoneClusterImpl-7b999817-2419-4622-80b2-2544eebeee1e/datanode-0/data/ratis/a04bb618-ebac-4486-85c1-acd6e6cf1097 has been successfully formatted.
2019-08-29 08:20:19,089 [pool-93-thread-1] INFO  ratis.ContainerStateMachine (ContainerStateMachine.java:loadSnapshot(226)) - group-ACD6E6CF1097: The snapshot info is null. Setting the last applied indexto:(t:0, i:~)
2019-08-29 08:20:19,090 [pool-38-thread-1] INFO  ratis.ContainerStateMachine (ContainerStateMachine.java:loadSnapshot(226)) - group-ACD6E6CF1097: The snapshot info is null. Setting the last applied indexto:(t:0, i:~)
2019-08-29 08:20:19,090 [pool-27-thread-1] INFO  ratis.ContainerStateMachine (ContainerStateMachine.java:loadSnapshot(226)) - group-ACD6E6CF1097: The snapshot info is null. Setting the last applied indexto:(t:0, i:~)
2019-08-29 08:20:19,090 [pool-38-thread-1] INFO  server.RaftServerConfigKeys (ConfUtils.java:logGet(43)) - raft.server.leader.election.timeout = 120s (custom)
2019-08-29 08:20:19,090 [pool-93-thread-1] INFO  server.RaftServerConfigKeys (ConfUtils.java:logGet(43)) - raft.server.leader.election.timeout = 120s (custom)
2019-08-29 08:20:19,090 [pool-38-thread-1] INFO  server.RaftServerConfigKeys (ConfUtils.java:logGet(43)) - raft.server.log.use.memory = false (default)
2019-08-29 08:20:19,090 [pool-27-thread-1] INFO  server.RaftServerConfigKeys (ConfUtils.java:logGet(43)) - raft.server.leader.election.timeout = 120s (custom)
2019-08-29 08:20:19,090 [pool-38-thread-1] INFO  server.RaftServerConfigKeys (ConfUtils.java:logGet(43)) - raft.server.log.purge.gap = 1000000 (custom)
2019-08-29 08:20:19,090 [pool-93-thread-1] INFO  server.RaftServerConfigKeys (ConfUtils.java:logGet(43)) - raft.server.log.use.memory = false (default)
2019-08-29 08:20:19,090 [pool-38-thread-1] INFO  server.RaftServerConfigKeys (ConfUtils.java:logGet(43)) - raft.server.log.appender.buffer.byte-limit = 33554432 (custom)
2019-08-29 08:20:19,090 [pool-27-thread-1] INFO  server.RaftServerConfigKeys (ConfUtils.java:logGet(43)) - raft.server.log.use.memory = false (default)
2019-08-29 08:20:19,091 [pool-38-thread-1] INFO  server.RaftServerConfigKeys (ConfUtils.java:logGet(43)) - raft.server.log.segment.size.max = 1048576 (custom)
2019-08-29 08:20:19,090 [pool-93-thread-1] INFO  server.RaftServerConfigKeys (ConfUtils.java:logGet(43)) - raft.server.log.purge.gap = 1000000 (custom)
2019-08-29 08:20:19,091 [pool-38-thread-1] INFO  server.RaftServerConfigKeys (ConfUtils.java:logGet(43)) - raft.server.log.segment.cache.num.max = 2 (custom)
2019-08-29 08:20:19,091 [pool-27-thread-1] INFO  server.RaftServerConfigKeys (ConfUtils.java:logGet(43)) - raft.server.log.purge.gap = 1000000 (custom)
2019-08-29 08:20:19,091 [pool-38-thread-1] INFO  segmented.SegmentedRaftLogWorker (SegmentedRaftLogWorker.java:<init>(172)) - new adb6bfc4-9812-4cd1-b89d-2074f9496068-SegmentedRaftLogWorker:Storage Directory /workdir/hadoop-ozone/integration-test/target/test-dir/MiniOzoneClusterImpl-7b999817-2419-4622-80b2-2544eebeee1e/datanode-1/data/ratis/a04bb618-ebac-4486-85c1-acd6e6cf1097 for RaftStorage:Storage Directory /workdir/hadoop-ozone/integration-test/target/test-dir/MiniOzoneClusterImpl-7b999817-2419-4622-80b2-2544eebeee1e/datanode-1/data/ratis/a04bb618-ebac-4486-85c1-acd6e6cf1097
2019-08-29 08:20:19,091 [pool-93-thread-1] INFO  server.RaftServerConfigKeys (ConfUtils.java:logGet(43)) - raft.server.log.appender.buffer.byte-limit = 33554432 (custom)
2019-08-29 08:20:19,091 [pool-38-thread-1] INFO  server.RaftServerConfigKeys (ConfUtils.java:logGet(43)) - raft.server.log.queue.byte-limit = 2147483647 (custom)
2019-08-29 08:20:19,091 [pool-27-thread-1] INFO  server.RaftServerConfigKeys (ConfUtils.java:logGet(43)) - raft.server.log.appender.buffer.byte-limit = 33554432 (custom)
2019-08-29 08:20:19,093 [pool-38-thread-1] INFO  server.RaftServerConfigKeys (ConfUtils.java:logGet(43)) - raft.server.log.queue.element-limit = 1024 (custom)
2019-08-29 08:20:19,093 [pool-93-thread-1] INFO  server.RaftServerConfigKeys (ConfUtils.java:logGet(43)) - raft.server.log.segment.size.max = 1048576 (custom)
2019-08-29 08:20:19,094 [pool-38-thread-1] INFO  server.RaftServerConfigKeys (ConfUtils.java:logGet(43)) - raft.server.log.segment.size.max = 1048576 (custom)
2019-08-29 08:20:19,094 [pool-27-thread-1] INFO  server.RaftServerConfigKeys (ConfUtils.java:logGet(43)) - raft.server.log.segment.size.max = 1048576 (custom)
2019-08-29 08:20:19,094 [pool-38-thread-1] INFO  server.RaftServerConfigKeys (ConfUtils.java:logGet(43)) - raft.server.log.preallocated.size = 16384 (custom)
2019-08-29 08:20:19,094 [pool-93-thread-1] INFO  server.RaftServerConfigKeys (ConfUtils.java:logGet(43)) - raft.server.log.segment.cache.num.max = 2 (custom)
2019-08-29 08:20:19,094 [pool-38-thread-1] INFO  server.RaftServerConfigKeys (ConfUtils.java:logGet(43)) - raft.server.log.write.buffer.size = 33554432 (custom)
2019-08-29 08:20:19,094 [pool-38-thread-1] INFO  server.RaftServerConfigKeys (ConfUtils.java:logGet(43)) - raft.server.log.force.sync.num = 128 (default)
2019-08-29 08:20:19,094 [pool-27-thread-1] INFO  server.RaftServerConfigKeys (ConfUtils.java:logGet(43)) - raft.server.log.segment.cache.num.max = 2 (custom)
2019-08-29 08:20:19,095 [pool-38-thread-1] INFO  server.RaftServerConfigKeys (ConfUtils.java:logGet(43)) - raft.server.log.statemachine.data.sync = true (default)
2019-08-29 08:20:19,094 [pool-93-thread-1] INFO  segmented.SegmentedRaftLogWorker (SegmentedRaftLogWorker.java:<init>(172)) - new 5563f767-f7a1-4491-bdfb-72abdf0fc1e3-SegmentedRaftLogWorker:Storage Directory /workdir/hadoop-ozone/integration-test/target/test-dir/MiniOzoneClusterImpl-7b999817-2419-4622-80b2-2544eebeee1e/datanode-6/data/ratis/a04bb618-ebac-4486-85c1-acd6e6cf1097 for RaftStorage:Storage Directory /workdir/hadoop-ozone/integration-test/target/test-dir/MiniOzoneClusterImpl-7b999817-2419-4622-80b2-2544eebeee1e/datanode-6/data/ratis/a04bb618-ebac-4486-85c1-acd6e6cf1097
2019-08-29 08:20:19,095 [pool-38-thread-1] INFO  server.RaftServerConfigKeys (ConfUtils.java:logGet(43)) - raft.server.log.statemachine.data.sync.timeout = 10s (default)
2019-08-29 08:20:19,095 [pool-27-thread-1] INFO  segmented.SegmentedRaftLogWorker (SegmentedRaftLogWorker.java:<init>(172)) - new 078fe6a9-1ebb-4542-b6cd-585ed8de9dab-SegmentedRaftLogWorker:Storage Directory /workdir/hadoop-ozone/integration-test/target/test-dir/MiniOzoneClusterImpl-7b999817-2419-4622-80b2-2544eebeee1e/datanode-0/data/ratis/a04bb618-ebac-4486-85c1-acd6e6cf1097 for RaftStorage:Storage Directory /workdir/hadoop-ozone/integration-test/target/test-dir/MiniOzoneClusterImpl-7b999817-2419-4622-80b2-2544eebeee1e/datanode-0/data/ratis/a04bb618-ebac-4486-85c1-acd6e6cf1097
2019-08-29 08:20:19,095 [pool-38-thread-1] INFO  server.RaftServerConfigKeys (ConfUtils.java:logGet(43)) - raft.server.log.statemachine.data.sync.timeout.retry = -1 (default)
2019-08-29 08:20:19,095 [pool-93-thread-1] INFO  server.RaftServerConfigKeys (ConfUtils.java:logGet(43)) - raft.server.log.queue.byte-limit = 2147483647 (custom)
2019-08-29 08:20:19,098 [pool-38-thread-1] INFO  server.RaftServerConfigKeys (ConfUtils.java:logGet(43)) - raft.server.log.statemachine.data.caching.enabled = true (custom)
2019-08-29 08:20:19,097 [pool-27-thread-1] INFO  server.RaftServerConfigKeys (ConfUtils.java:logGet(43)) - raft.server.log.queue.byte-limit = 2147483647 (custom)
2019-08-29 08:20:19,098 [pool-93-thread-1] INFO  server.RaftServerConfigKeys (ConfUtils.java:logGet(43)) - raft.server.log.queue.element-limit = 1024 (custom)
2019-08-29 08:20:19,099 [pool-38-thread-1] INFO  segmented.SegmentedRaftLogWorker (SegmentedRaftLogWorker.java:lambda$new$0(132)) - adb6bfc4-9812-4cd1-b89d-2074f9496068-SegmentedRaftLogWorker:Storage Directory /workdir/hadoop-ozone/integration-test/target/test-dir/MiniOzoneClusterImpl-7b999817-2419-4622-80b2-2544eebeee1e/datanode-1/data/ratis/a04bb618-ebac-4486-85c1-acd6e6cf1097: flushIndex: setUnconditionally 0 -> -1
2019-08-29 08:20:19,099 [pool-93-thread-1] INFO  server.RaftServerConfigKeys (ConfUtils.java:logGet(43)) - raft.server.log.segment.size.max = 1048576 (custom)
2019-08-29 08:20:19,099 [pool-38-thread-1] INFO  server.RaftServerConfigKeys (ConfUtils.java:logGet(43)) - raft.server.snapshot.auto.trigger.enabled = true (custom)
2019-08-29 08:20:19,099 [pool-27-thread-1] INFO  server.RaftServerConfigKeys (ConfUtils.java:logGet(43)) - raft.server.log.queue.element-limit = 1024 (custom)
2019-08-29 08:20:19,099 [pool-38-thread-1] INFO  server.RaftServerConfigKeys (ConfUtils.java:logGet(43)) - raft.server.snapshot.auto.trigger.threshold = 10000 (custom)
2019-08-29 08:20:19,099 [pool-93-thread-1] INFO  server.RaftServerConfigKeys (ConfUtils.java:logGet(43)) - raft.server.log.preallocated.size = 16384 (custom)
2019-08-29 08:20:19,099 [pool-38-thread-1] INFO  server.RaftServerConfigKeys (ConfUtils.java:logGet(43)) - raft.server.retrycache.expirytime = 600000ms (custom)
2019-08-29 08:20:19,099 [pool-27-thread-1] INFO  server.RaftServerConfigKeys (ConfUtils.java:logGet(43)) - raft.server.log.segment.size.max = 1048576 (custom)
2019-08-29 08:20:19,100 [pool-38-thread-1] INFO  impl.RaftServerImpl (RaftServerImpl.java:start(180)) - adb6bfc4-9812-4cd1-b89d-2074f9496068: start group-ACD6E6CF1097
2019-08-29 08:20:19,099 [pool-93-thread-1] INFO  server.RaftServerConfigKeys (ConfUtils.java:logGet(43)) - raft.server.log.write.buffer.size = 33554432 (custom)
2019-08-29 08:20:19,100 [pool-38-thread-1] INFO  impl.RaftServerImpl (RaftServerImpl.java:setRole(171)) - adb6bfc4-9812-4cd1-b89d-2074f9496068:group-ACD6E6CF1097 changes role from null to FOLLOWER at term 0 for startAsFollower
2019-08-29 08:20:19,100 [pool-27-thread-1] INFO  server.RaftServerConfigKeys (ConfUtils.java:logGet(43)) - raft.server.log.preallocated.size = 16384 (custom)
2019-08-29 08:20:19,100 [pool-38-thread-1] INFO  impl.RoleInfo (RoleInfo.java:updateAndGet(143)) - adb6bfc4-9812-4cd1-b89d-2074f9496068: start FollowerState
2019-08-29 08:20:19,100 [pool-93-thread-1] INFO  server.RaftServerConfigKeys (ConfUtils.java:logGet(43)) - raft.server.log.force.sync.num = 128 (default)
2019-08-29 08:20:19,100 [pool-27-thread-1] INFO  server.RaftServerConfigKeys (ConfUtils.java:logGet(43)) - raft.server.log.write.buffer.size = 33554432 (custom)
2019-08-29 08:20:19,101 [pool-93-thread-1] INFO  server.RaftServerConfigKeys (ConfUtils.java:logGet(43)) - raft.server.log.statemachine.data.sync = true (default)
2019-08-29 08:20:19,101 [pool-27-thread-1] INFO  server.RaftServerConfigKeys (ConfUtils.java:logGet(43)) - raft.server.log.force.sync.num = 128 (default)
2019-08-29 08:20:19,101 [pool-38-thread-1] INFO  util.JmxRegister (JmxRegister.java:tryRegister(44)) - Successfully registered JMX Bean with object name Ratis:service=RaftServer,group=group-ACD6E6CF1097,id=adb6bfc4-9812-4cd1-b89d-2074f9496068
2019-08-29 08:20:19,101 [pool-27-thread-1] INFO  server.RaftServerConfigKeys (ConfUtils.java:logGet(43)) - raft.server.log.statemachine.data.sync = true (default)
2019-08-29 08:20:19,101 [pool-93-thread-1] INFO  server.RaftServerConfigKeys (ConfUtils.java:logGet(43)) - raft.server.log.statemachine.data.sync.timeout = 10s (default)
2019-08-29 08:20:19,101 [pool-27-thread-1] INFO  server.RaftServerConfigKeys (ConfUtils.java:logGet(43)) - raft.server.log.statemachine.data.sync.timeout = 10s (default)
2019-08-29 08:20:19,101 [pool-93-thread-1] INFO  server.RaftServerConfigKeys (ConfUtils.java:logGet(43)) - raft.server.log.statemachine.data.sync.timeout.retry = -1 (default)
2019-08-29 08:20:19,101 [pool-27-thread-1] INFO  server.RaftServerConfigKeys (ConfUtils.java:logGet(43)) - raft.server.log.statemachine.data.sync.timeout.retry = -1 (default)
2019-08-29 08:20:19,102 [pool-93-thread-1] INFO  server.RaftServerConfigKeys (ConfUtils.java:logGet(43)) - raft.server.log.statemachine.data.caching.enabled = true (custom)
2019-08-29 08:20:19,102 [pool-27-thread-1] INFO  server.RaftServerConfigKeys (ConfUtils.java:logGet(43)) - raft.server.log.statemachine.data.caching.enabled = true (custom)
2019-08-29 08:20:19,102 [pool-93-thread-1] INFO  segmented.SegmentedRaftLogWorker (SegmentedRaftLogWorker.java:lambda$new$0(132)) - 5563f767-f7a1-4491-bdfb-72abdf0fc1e3-SegmentedRaftLogWorker:Storage Directory /workdir/hadoop-ozone/integration-test/target/test-dir/MiniOzoneClusterImpl-7b999817-2419-4622-80b2-2544eebeee1e/datanode-6/data/ratis/a04bb618-ebac-4486-85c1-acd6e6cf1097: flushIndex: setUnconditionally 0 -> -1
2019-08-29 08:20:19,102 [pool-27-thread-1] INFO  segmented.SegmentedRaftLogWorker (SegmentedRaftLogWorker.java:lambda$new$0(132)) - 078fe6a9-1ebb-4542-b6cd-585ed8de9dab-SegmentedRaftLogWorker:Storage Directory /workdir/hadoop-ozone/integration-test/target/test-dir/MiniOzoneClusterImpl-7b999817-2419-4622-80b2-2544eebeee1e/datanode-0/data/ratis/a04bb618-ebac-4486-85c1-acd6e6cf1097: flushIndex: setUnconditionally 0 -> -1
2019-08-29 08:20:19,102 [pool-93-thread-1] INFO  server.RaftServerConfigKeys (ConfUtils.java:logGet(43)) - raft.server.snapshot.auto.trigger.enabled = true (custom)
2019-08-29 08:20:19,102 [pool-27-thread-1] INFO  server.RaftServerConfigKeys (ConfUtils.java:logGet(43)) - raft.server.snapshot.auto.trigger.enabled = true (custom)
2019-08-29 08:20:19,102 [pool-93-thread-1] INFO  server.RaftServerConfigKeys (ConfUtils.java:logGet(43)) - raft.server.snapshot.auto.trigger.threshold = 10000 (custom)
2019-08-29 08:20:19,103 [pool-27-thread-1] INFO  server.RaftServerConfigKeys (ConfUtils.java:logGet(43)) - raft.server.snapshot.auto.trigger.threshold = 10000 (custom)
2019-08-29 08:20:19,103 [pool-93-thread-1] INFO  server.RaftServerConfigKeys (ConfUtils.java:logGet(43)) - raft.server.retrycache.expirytime = 600000ms (custom)
2019-08-29 08:20:19,104 [pool-27-thread-1] INFO  server.RaftServerConfigKeys (ConfUtils.java:logGet(43)) - raft.server.retrycache.expirytime = 600000ms (custom)
2019-08-29 08:20:19,104 [pool-93-thread-1] INFO  impl.RaftServerImpl (RaftServerImpl.java:start(180)) - 5563f767-f7a1-4491-bdfb-72abdf0fc1e3: start group-ACD6E6CF1097
2019-08-29 08:20:19,104 [pool-93-thread-1] INFO  impl.RaftServerImpl (RaftServerImpl.java:setRole(171)) - 5563f767-f7a1-4491-bdfb-72abdf0fc1e3:group-ACD6E6CF1097 changes role from null to FOLLOWER at term 0 for startAsFollower
2019-08-29 08:20:19,104 [pool-27-thread-1] INFO  impl.RaftServerImpl (RaftServerImpl.java:start(180)) - 078fe6a9-1ebb-4542-b6cd-585ed8de9dab: start group-ACD6E6CF1097
2019-08-29 08:20:19,105 [pool-93-thread-1] INFO  impl.RoleInfo (RoleInfo.java:updateAndGet(143)) - 5563f767-f7a1-4491-bdfb-72abdf0fc1e3: start FollowerState
2019-08-29 08:20:19,105 [pool-27-thread-1] INFO  impl.RaftServerImpl (RaftServerImpl.java:setRole(171)) - 078fe6a9-1ebb-4542-b6cd-585ed8de9dab:group-ACD6E6CF1097 changes role from null to FOLLOWER at term 0 for startAsFollower
2019-08-29 08:20:19,106 [pool-27-thread-1] INFO  impl.RoleInfo (RoleInfo.java:updateAndGet(143)) - 078fe6a9-1ebb-4542-b6cd-585ed8de9dab: start FollowerState
2019-08-29 08:20:19,107 [pool-93-thread-1] INFO  util.JmxRegister (JmxRegister.java:tryRegister(44)) - Successfully registered JMX Bean with object name Ratis:service=RaftServer,group=group-ACD6E6CF1097,id=5563f767-f7a1-4491-bdfb-72abdf0fc1e3
2019-08-29 08:20:19,108 [pool-27-thread-1] INFO  util.JmxRegister (JmxRegister.java:tryRegister(44)) - Successfully registered JMX Bean with object name Ratis:service=RaftServer,group=group-ACD6E6CF1097,id=078fe6a9-1ebb-4542-b6cd-585ed8de9dab
2019-08-29 08:20:19,119 [RatisPipelineUtilsThread] INFO  pipeline.PipelineStateManager (PipelineStateManager.java:addPipeline(56)) - Created pipeline Pipeline[ Id: a04bb618-ebac-4486-85c1-acd6e6cf1097, Nodes: 5563f767-f7a1-4491-bdfb-72abdf0fc1e3{ip: 192.168.34.54, host: pr-hdds-1553-zhl8q-89899572, networkLocation: /default-rack, certSerialId: null}078fe6a9-1ebb-4542-b6cd-585ed8de9dab{ip: 192.168.34.54, host: pr-hdds-1553-zhl8q-89899572, networkLocation: /default-rack, certSerialId: null}adb6bfc4-9812-4cd1-b89d-2074f9496068{ip: 192.168.34.54, host: pr-hdds-1553-zhl8q-89899572, networkLocation: /default-rack, certSerialId: null}, Type:RATIS, Factor:THREE, State:OPEN]
2019-08-29 08:20:19,131 | INFO  | SCMAudit | user=jenkins1000 | ip=192.168.34.54 | op=SEND_HEARTBEAT {datanodeUUID=078fe6a9-1ebb-4542-b6cd-585ed8de9dab, command=[]} | ret=SUCCESS |  
2019-08-29 08:20:19,267 [main] INFO  rpc.RpcClient (RpcClient.java:createVolume(293)) - Creating Volume: watchforcommithandlingtest, with jenkins1000 as owner.
2019-08-29 08:20:19,288 | INFO  | OMAudit | user=jenkins1000 | ip=127.0.0.1 | op=CREATE_VOLUME {admin=jenkins1000, owner=jenkins1000, volume=watchforcommithandlingtest, creationTime=1567066819284, quotaInBytes=1152921504606846976} | ret=SUCCESS |  
2019-08-29 08:20:19,300 | INFO  | OMAudit | user=jenkins1000 | ip=127.0.0.1 | op=READ_VOLUME {volume=watchforcommithandlingtest} | ret=SUCCESS |  
2019-08-29 08:20:19,305 [main] INFO  rpc.RpcClient (RpcClient.java:createBucket(432)) - Creating Bucket: watchforcommithandlingtest/watchforcommithandlingtest, with Versioning false and Storage Type set to DISK and Encryption set to false 
2019-08-29 08:20:19,328 | INFO  | OMAudit | user=jenkins1000 | ip=127.0.0.1 | op=CREATE_BUCKET {volume=watchforcommithandlingtest, bucket=watchforcommithandlingtest, acls=[user:jenkins1000:a[ACCESS], group:default:a[ACCESS]], isVersionEnabled=false, storageType=DISK, creationTime=0} | ret=SUCCESS |  
2019-08-29 08:20:19,329 [main] INFO  ozone.MiniOzoneClusterImpl (MiniOzoneClusterImpl.java:getStorageContainerLocationClient(241)) - Creating StorageContainerLocationProtocol RPC client with address /0.0.0.0:34630
2019-08-29 08:20:19,362 [main] INFO  impl.MetricsSystemImpl (MetricsSystemImpl.java:init(158)) - XceiverClientMetrics metrics system started (again)
2019-08-29 08:20:19,383 | INFO  | SCMAudit | user=jenkins1000 | ip=192.168.34.54 | op=SEND_HEARTBEAT {datanodeUUID=adb6bfc4-9812-4cd1-b89d-2074f9496068, command=[]} | ret=SUCCESS |  
2019-08-29 08:20:19,442 [grpc-default-executor-0] INFO  client.GrpcClientProtocolClient (GrpcClientProtocolClient.java:onNext(255)) - client-06321B7A3B9E->a31cf192-49b2-4ed1-810f-c25f32e91362: receive RaftClientReply:client-06321B7A3B9E->a31cf192-49b2-4ed1-810f-c25f32e91362@group-FC084516F7F3, cid=13, FAILED org.apache.ratis.protocol.NotLeaderException: Server a31cf192-49b2-4ed1-810f-c25f32e91362 is not the leader (null). Request must be sent to leader., logIndex=0, commits[a31cf192-49b2-4ed1-810f-c25f32e91362:c-1]
2019-08-29 08:20:19,855 | INFO  | SCMAudit | user=jenkins1000 | ip=192.168.34.54 | op=SEND_HEARTBEAT {datanodeUUID=a31cf192-49b2-4ed1-810f-c25f32e91362, command=[]} | ret=SUCCESS |  
2019-08-29 08:20:19,994 | INFO  | SCMAudit | user=jenkins1000 | ip=192.168.34.54 | op=SEND_HEARTBEAT {datanodeUUID=856f75f6-80db-48b1-966d-fd6b52a68619, command=[]} | ret=SUCCESS |  
2019-08-29 08:20:20,113 | INFO  | SCMAudit | user=jenkins1000 | ip=192.168.34.54 | op=SEND_HEARTBEAT {datanodeUUID=078fe6a9-1ebb-4542-b6cd-585ed8de9dab, command=[]} | ret=SUCCESS |  
2019-08-29 08:20:20,148 [Thread-237] INFO  container.ReplicationManager (ReplicationManager.java:start(152)) - Starting Replication Monitor Thread.
2019-08-29 08:20:20,153 [ReplicationMonitor] INFO  container.ReplicationManager (ReplicationManager.java:run(215)) - Replication Monitor Thread took 4 milliseconds for processing 1 containers.
2019-08-29 08:20:20,332 | INFO  | SCMAudit | user=jenkins1000 | ip=192.168.34.54 | op=SEND_HEARTBEAT {datanodeUUID=886c450c-7866-4fa0-a628-dd927eae8405, command=[]} | ret=SUCCESS |  
2019-08-29 08:20:20,383 | INFO  | SCMAudit | user=jenkins1000 | ip=192.168.34.54 | op=SEND_HEARTBEAT {datanodeUUID=adb6bfc4-9812-4cd1-b89d-2074f9496068, command=[]} | ret=SUCCESS |  
2019-08-29 08:20:20,477 [grpc-default-executor-2] INFO  client.GrpcClientProtocolClient (GrpcClientProtocolClient.java:onNext(255)) - client-06321B7A3B9E->886c450c-7866-4fa0-a628-dd927eae8405: receive RaftClientReply:client-06321B7A3B9E->886c450c-7866-4fa0-a628-dd927eae8405@group-FC084516F7F3, cid=13, FAILED org.apache.ratis.protocol.NotLeaderException: Server 886c450c-7866-4fa0-a628-dd927eae8405 is not the leader (null). Request must be sent to leader., logIndex=0, commits[886c450c-7866-4fa0-a628-dd927eae8405:c-1]
2019-08-29 08:20:20,593 | INFO  | SCMAudit | user=jenkins1000 | ip=192.168.34.54 | op=SEND_HEARTBEAT {datanodeUUID=0478feb3-a59d-4754-80fd-79ba24eb7e66, command=[]} | ret=SUCCESS |  
2019-08-29 08:20:20,798 | INFO  | SCMAudit | user=jenkins1000 | ip=192.168.34.54 | op=SEND_HEARTBEAT {datanodeUUID=5563f767-f7a1-4491-bdfb-72abdf0fc1e3, command=[]} | ret=SUCCESS |  
2019-08-29 08:20:20,855 | INFO  | SCMAudit | user=jenkins1000 | ip=192.168.34.54 | op=SEND_HEARTBEAT {datanodeUUID=a31cf192-49b2-4ed1-810f-c25f32e91362, command=[]} | ret=SUCCESS |  
2019-08-29 08:20:20,998 | INFO  | SCMAudit | user=jenkins1000 | ip=192.168.34.54 | op=SEND_HEARTBEAT {datanodeUUID=856f75f6-80db-48b1-966d-fd6b52a68619, command=[]} | ret=SUCCESS |  
2019-08-29 08:20:21,113 | INFO  | SCMAudit | user=jenkins1000 | ip=192.168.34.54 | op=SEND_HEARTBEAT {datanodeUUID=078fe6a9-1ebb-4542-b6cd-585ed8de9dab, command=[]} | ret=SUCCESS |  
2019-08-29 08:20:21,334 | INFO  | SCMAudit | user=jenkins1000 | ip=192.168.34.54 | op=SEND_HEARTBEAT {datanodeUUID=886c450c-7866-4fa0-a628-dd927eae8405, command=[]} | ret=SUCCESS |  
2019-08-29 08:20:21,384 | INFO  | SCMAudit | user=jenkins1000 | ip=192.168.34.54 | op=SEND_HEARTBEAT {datanodeUUID=adb6bfc4-9812-4cd1-b89d-2074f9496068, command=[]} | ret=SUCCESS |  
2019-08-29 08:20:21,513 [grpc-default-executor-2] INFO  client.GrpcClientProtocolClient (GrpcClientProtocolClient.java:onNext(255)) - client-06321B7A3B9E->0478feb3-a59d-4754-80fd-79ba24eb7e66: receive RaftClientReply:client-06321B7A3B9E->0478feb3-a59d-4754-80fd-79ba24eb7e66@group-FC084516F7F3, cid=13, FAILED org.apache.ratis.protocol.NotLeaderException: Server 0478feb3-a59d-4754-80fd-79ba24eb7e66 is not the leader (null). Request must be sent to leader., logIndex=0, commits[0478feb3-a59d-4754-80fd-79ba24eb7e66:c-1]
2019-08-29 08:20:21,594 | INFO  | SCMAudit | user=jenkins1000 | ip=192.168.34.54 | op=SEND_HEARTBEAT {datanodeUUID=0478feb3-a59d-4754-80fd-79ba24eb7e66, command=[]} | ret=SUCCESS |  
2019-08-29 08:20:21,799 | INFO  | SCMAudit | user=jenkins1000 | ip=192.168.34.54 | op=SEND_HEARTBEAT {datanodeUUID=5563f767-f7a1-4491-bdfb-72abdf0fc1e3, command=[]} | ret=SUCCESS |  
2019-08-29 08:20:21,855 | INFO  | SCMAudit | user=jenkins1000 | ip=192.168.34.54 | op=SEND_HEARTBEAT {datanodeUUID=a31cf192-49b2-4ed1-810f-c25f32e91362, command=[]} | ret=SUCCESS |  
2019-08-29 08:20:21,996 | INFO  | SCMAudit | user=jenkins1000 | ip=192.168.34.54 | op=SEND_HEARTBEAT {datanodeUUID=856f75f6-80db-48b1-966d-fd6b52a68619, command=[]} | ret=SUCCESS |  
2019-08-29 08:20:22,113 | INFO  | SCMAudit | user=jenkins1000 | ip=192.168.34.54 | op=SEND_HEARTBEAT {datanodeUUID=078fe6a9-1ebb-4542-b6cd-585ed8de9dab, command=[]} | ret=SUCCESS |  
2019-08-29 08:20:22,344 | INFO  | SCMAudit | user=jenkins1000 | ip=192.168.34.54 | op=SEND_HEARTBEAT {datanodeUUID=886c450c-7866-4fa0-a628-dd927eae8405, command=[]} | ret=SUCCESS |  
2019-08-29 08:20:22,381 | INFO  | SCMAudit | user=jenkins1000 | ip=192.168.34.54 | op=SEND_HEARTBEAT {datanodeUUID=adb6bfc4-9812-4cd1-b89d-2074f9496068, command=[]} | ret=SUCCESS |  
2019-08-29 08:20:22,536 [grpc-default-executor-2] INFO  client.GrpcClientProtocolClient (GrpcClientProtocolClient.java:onNext(255)) - client-06321B7A3B9E->a31cf192-49b2-4ed1-810f-c25f32e91362: receive RaftClientReply:client-06321B7A3B9E->a31cf192-49b2-4ed1-810f-c25f32e91362@group-FC084516F7F3, cid=13, FAILED org.apache.ratis.protocol.NotLeaderException: Server a31cf192-49b2-4ed1-810f-c25f32e91362 is not the leader (null). Request must be sent to leader., logIndex=0, commits[a31cf192-49b2-4ed1-810f-c25f32e91362:c-1]
2019-08-29 08:20:22,591 | INFO  | SCMAudit | user=jenkins1000 | ip=192.168.34.54 | op=SEND_HEARTBEAT {datanodeUUID=0478feb3-a59d-4754-80fd-79ba24eb7e66, command=[]} | ret=SUCCESS |  
2019-08-29 08:20:22,796 | INFO  | SCMAudit | user=jenkins1000 | ip=192.168.34.54 | op=SEND_HEARTBEAT {datanodeUUID=5563f767-f7a1-4491-bdfb-72abdf0fc1e3, command=[]} | ret=SUCCESS |  
2019-08-29 08:20:22,853 | INFO  | SCMAudit | user=jenkins1000 | ip=192.168.34.54 | op=SEND_HEARTBEAT {datanodeUUID=a31cf192-49b2-4ed1-810f-c25f32e91362, command=[]} | ret=SUCCESS |  
2019-08-29 08:20:22,992 | INFO  | SCMAudit | user=jenkins1000 | ip=192.168.34.54 | op=SEND_HEARTBEAT {datanodeUUID=856f75f6-80db-48b1-966d-fd6b52a68619, command=[]} | ret=SUCCESS |  
2019-08-29 08:20:23,110 | INFO  | SCMAudit | user=jenkins1000 | ip=192.168.34.54 | op=SEND_HEARTBEAT {datanodeUUID=078fe6a9-1ebb-4542-b6cd-585ed8de9dab, command=[]} | ret=SUCCESS |  
2019-08-29 08:20:23,203 [Thread-239] INFO  impl.FollowerState (FollowerState.java:run(106)) - 078fe6a9-1ebb-4542-b6cd-585ed8de9dab:group-BD61D1F2F402 changes to CANDIDATE, lastRpcTime:5021, electionTimeout:5020ms
2019-08-29 08:20:23,207 [Thread-239] INFO  impl.RoleInfo (RoleInfo.java:shutdownFollowerState(121)) - 078fe6a9-1ebb-4542-b6cd-585ed8de9dab: shutdown FollowerState
2019-08-29 08:20:23,207 [Thread-239] INFO  impl.RaftServerImpl (RaftServerImpl.java:setRole(171)) - 078fe6a9-1ebb-4542-b6cd-585ed8de9dab:group-BD61D1F2F402 changes role from FOLLOWER to CANDIDATE at term 0 for changeToCandidate
2019-08-29 08:20:23,213 [Thread-239] INFO  impl.RoleInfo (RoleInfo.java:updateAndGet(143)) - 078fe6a9-1ebb-4542-b6cd-585ed8de9dab: start LeaderElection
2019-08-29 08:20:23,233 [078fe6a9-1ebb-4542-b6cd-585ed8de9dab:group-BD61D1F2F402:LeaderElection1] INFO  impl.LeaderElection (LeaderElection.java:askForVotes(181)) - 078fe6a9-1ebb-4542-b6cd-585ed8de9dab:group-BD61D1F2F402:LeaderElection1: begin an election at term 1 for -1: [078fe6a9-1ebb-4542-b6cd-585ed8de9dab:192.168.34.54:44324], old=null
2019-08-29 08:20:23,237 [078fe6a9-1ebb-4542-b6cd-585ed8de9dab:group-BD61D1F2F402:LeaderElection1] INFO  impl.RoleInfo (RoleInfo.java:shutdownLeaderElection(134)) - 078fe6a9-1ebb-4542-b6cd-585ed8de9dab: shutdown LeaderElection
2019-08-29 08:20:23,238 [078fe6a9-1ebb-4542-b6cd-585ed8de9dab:group-BD61D1F2F402:LeaderElection1] INFO  impl.RaftServerImpl (RaftServerImpl.java:setRole(171)) - 078fe6a9-1ebb-4542-b6cd-585ed8de9dab:group-BD61D1F2F402 changes role from CANDIDATE to LEADER at term 1 for changeToLeader
2019-08-29 08:20:23,238 [078fe6a9-1ebb-4542-b6cd-585ed8de9dab:group-BD61D1F2F402:LeaderElection1] INFO  impl.RaftServerImpl (ServerState.java:setLeader(263)) - 078fe6a9-1ebb-4542-b6cd-585ed8de9dab:group-BD61D1F2F402 change Leader from null to 078fe6a9-1ebb-4542-b6cd-585ed8de9dab at term 1 for becomeLeader, leader elected after 5141ms
2019-08-29 08:20:23,247 [078fe6a9-1ebb-4542-b6cd-585ed8de9dab:group-BD61D1F2F402:LeaderElection1] INFO  server.RaftServerConfigKeys (ConfUtils.java:logGet(43)) - raft.server.staging.catchup.gap = 1000 (default)
2019-08-29 08:20:23,248 [078fe6a9-1ebb-4542-b6cd-585ed8de9dab:group-BD61D1F2F402:LeaderElection1] INFO  server.RaftServerConfigKeys (ConfUtils.java:logGet(43)) - raft.server.rpc.sleep.time = 25ms (default)
2019-08-29 08:20:23,251 [078fe6a9-1ebb-4542-b6cd-585ed8de9dab:group-BD61D1F2F402:LeaderElection1] INFO  server.RaftServerConfigKeys (ConfUtils.java:logGet(43)) - raft.server.write.element-limit = 4096 (default)
2019-08-29 08:20:23,255 [078fe6a9-1ebb-4542-b6cd-585ed8de9dab:group-BD61D1F2F402:LeaderElection1] INFO  server.RaftServerConfigKeys (ConfUtils.java:logGet(43)) - raft.server.watch.timeout = 10s (default)
2019-08-29 08:20:23,255 [078fe6a9-1ebb-4542-b6cd-585ed8de9dab:group-BD61D1F2F402:LeaderElection1] INFO  server.RaftServerConfigKeys (ConfUtils.java:logGet(43)) - raft.server.watch.timeout.denomination = 1s (default)
2019-08-29 08:20:23,256 [078fe6a9-1ebb-4542-b6cd-585ed8de9dab:group-BD61D1F2F402:LeaderElection1] INFO  server.RaftServerConfigKeys (ConfUtils.java:logGet(43)) - raft.server.watch.element-limit = 65536 (default)
2019-08-29 08:20:23,266 [078fe6a9-1ebb-4542-b6cd-585ed8de9dab:group-BD61D1F2F402:LeaderElection1] INFO  impl.RoleInfo (RoleInfo.java:updateAndGet(143)) - 078fe6a9-1ebb-4542-b6cd-585ed8de9dab: start LeaderState
2019-08-29 08:20:23,292 [078fe6a9-1ebb-4542-b6cd-585ed8de9dab:group-BD61D1F2F402:LeaderElection1] INFO  segmented.SegmentedRaftLogWorker (SegmentedRaftLogWorker.java:startLogSegment(380)) - 078fe6a9-1ebb-4542-b6cd-585ed8de9dab-SegmentedRaftLogWorker:Storage Directory /workdir/hadoop-ozone/integration-test/target/test-dir/MiniOzoneClusterImpl-7b999817-2419-4622-80b2-2544eebeee1e/datanode-0/data/ratis/e1ab8f6f-9a5e-4e93-8fad-bd61d1f2f402: Starting segment from index:0
2019-08-29 08:20:23,302 [078fe6a9-1ebb-4542-b6cd-585ed8de9dab:group-BD61D1F2F402:LeaderElection1] INFO  impl.RaftServerImpl (ServerState.java:setRaftConf(361)) - 078fe6a9-1ebb-4542-b6cd-585ed8de9dab:group-BD61D1F2F402 set configuration 0: [078fe6a9-1ebb-4542-b6cd-585ed8de9dab:192.168.34.54:44324], old=null at 0
2019-08-29 08:20:23,331 | INFO  | SCMAudit | user=jenkins1000 | ip=192.168.34.54 | op=SEND_HEARTBEAT {datanodeUUID=886c450c-7866-4fa0-a628-dd927eae8405, command=[]} | ret=SUCCESS |  
2019-08-29 08:20:23,381 | INFO  | SCMAudit | user=jenkins1000 | ip=192.168.34.54 | op=SEND_HEARTBEAT {datanodeUUID=adb6bfc4-9812-4cd1-b89d-2074f9496068, command=[]} | ret=SUCCESS |  
2019-08-29 08:20:23,476 [Thread-245] INFO  impl.FollowerState (FollowerState.java:run(106)) - 886c450c-7866-4fa0-a628-dd927eae8405:group-51F57B557F21 changes to CANDIDATE, lastRpcTime:5061, electionTimeout:5051ms
2019-08-29 08:20:23,479 [Thread-245] INFO  impl.RoleInfo (RoleInfo.java:shutdownFollowerState(121)) - 886c450c-7866-4fa0-a628-dd927eae8405: shutdown FollowerState
2019-08-29 08:20:23,479 [Thread-245] INFO  impl.RaftServerImpl (RaftServerImpl.java:setRole(171)) - 886c450c-7866-4fa0-a628-dd927eae8405:group-51F57B557F21 changes role from FOLLOWER to CANDIDATE at term 0 for changeToCandidate
2019-08-29 08:20:23,479 [Thread-245] INFO  impl.RoleInfo (RoleInfo.java:updateAndGet(143)) - 886c450c-7866-4fa0-a628-dd927eae8405: start LeaderElection
2019-08-29 08:20:23,505 [078fe6a9-1ebb-4542-b6cd-585ed8de9dab-SegmentedRaftLogWorker:Storage Directory /workdir/hadoop-ozone/integration-test/target/test-dir/MiniOzoneClusterImpl-7b999817-2419-4622-80b2-2544eebeee1e/datanode-0/data/ratis/e1ab8f6f-9a5e-4e93-8fad-bd61d1f2f402] INFO  segmented.SegmentedRaftLogWorker (SegmentedRaftLogWorker.java:execute(569)) - 078fe6a9-1ebb-4542-b6cd-585ed8de9dab-SegmentedRaftLogWorker:Storage Directory /workdir/hadoop-ozone/integration-test/target/test-dir/MiniOzoneClusterImpl-7b999817-2419-4622-80b2-2544eebeee1e/datanode-0/data/ratis/e1ab8f6f-9a5e-4e93-8fad-bd61d1f2f402: created new log segment /workdir/hadoop-ozone/integration-test/target/test-dir/MiniOzoneClusterImpl-7b999817-2419-4622-80b2-2544eebeee1e/datanode-0/data/ratis/e1ab8f6f-9a5e-4e93-8fad-bd61d1f2f402/current/log_inprogress_0
2019-08-29 08:20:23,505 [886c450c-7866-4fa0-a628-dd927eae8405:group-51F57B557F21:LeaderElection2] INFO  impl.LeaderElection (LeaderElection.java:askForVotes(181)) - 886c450c-7866-4fa0-a628-dd927eae8405:group-51F57B557F21:LeaderElection2: begin an election at term 1 for -1: [886c450c-7866-4fa0-a628-dd927eae8405:192.168.34.54:36470], old=null
2019-08-29 08:20:23,507 [886c450c-7866-4fa0-a628-dd927eae8405:group-51F57B557F21:LeaderElection2] INFO  impl.RoleInfo (RoleInfo.java:shutdownLeaderElection(134)) - 886c450c-7866-4fa0-a628-dd927eae8405: shutdown LeaderElection
2019-08-29 08:20:23,507 [886c450c-7866-4fa0-a628-dd927eae8405:group-51F57B557F21:LeaderElection2] INFO  impl.RaftServerImpl (RaftServerImpl.java:setRole(171)) - 886c450c-7866-4fa0-a628-dd927eae8405:group-51F57B557F21 changes role from CANDIDATE to LEADER at term 1 for changeToLeader
2019-08-29 08:20:23,507 [886c450c-7866-4fa0-a628-dd927eae8405:group-51F57B557F21:LeaderElection2] INFO  impl.RaftServerImpl (ServerState.java:setLeader(263)) - 886c450c-7866-4fa0-a628-dd927eae8405:group-51F57B557F21 change Leader from null to 886c450c-7866-4fa0-a628-dd927eae8405 at term 1 for becomeLeader, leader elected after 5095ms
2019-08-29 08:20:23,509 [886c450c-7866-4fa0-a628-dd927eae8405:group-51F57B557F21:LeaderElection2] INFO  server.RaftServerConfigKeys (ConfUtils.java:logGet(43)) - raft.server.staging.catchup.gap = 1000 (default)
2019-08-29 08:20:23,510 [886c450c-7866-4fa0-a628-dd927eae8405:group-51F57B557F21:LeaderElection2] INFO  server.RaftServerConfigKeys (ConfUtils.java:logGet(43)) - raft.server.rpc.sleep.time = 25ms (default)
2019-08-29 08:20:23,510 [886c450c-7866-4fa0-a628-dd927eae8405:group-51F57B557F21:LeaderElection2] INFO  server.RaftServerConfigKeys (ConfUtils.java:logGet(43)) - raft.server.write.element-limit = 4096 (default)
2019-08-29 08:20:23,510 [886c450c-7866-4fa0-a628-dd927eae8405:group-51F57B557F21:LeaderElection2] INFO  server.RaftServerConfigKeys (ConfUtils.java:logGet(43)) - raft.server.watch.timeout = 10s (default)
2019-08-29 08:20:23,510 [886c450c-7866-4fa0-a628-dd927eae8405:group-51F57B557F21:LeaderElection2] INFO  server.RaftServerConfigKeys (ConfUtils.java:logGet(43)) - raft.server.watch.timeout.denomination = 1s (default)
2019-08-29 08:20:23,511 [886c450c-7866-4fa0-a628-dd927eae8405:group-51F57B557F21:LeaderElection2] INFO  server.RaftServerConfigKeys (ConfUtils.java:logGet(43)) - raft.server.watch.element-limit = 65536 (default)
2019-08-29 08:20:23,511 [886c450c-7866-4fa0-a628-dd927eae8405:group-51F57B557F21:LeaderElection2] INFO  impl.RoleInfo (RoleInfo.java:updateAndGet(143)) - 886c450c-7866-4fa0-a628-dd927eae8405: start LeaderState
2019-08-29 08:20:23,511 [886c450c-7866-4fa0-a628-dd927eae8405:group-51F57B557F21:LeaderElection2] INFO  segmented.SegmentedRaftLogWorker (SegmentedRaftLogWorker.java:startLogSegment(380)) - 886c450c-7866-4fa0-a628-dd927eae8405-SegmentedRaftLogWorker:Storage Directory /workdir/hadoop-ozone/integration-test/target/test-dir/MiniOzoneClusterImpl-7b999817-2419-4622-80b2-2544eebeee1e/datanode-4/data/ratis/4474e9bd-ecf4-45a4-b452-51f57b557f21: Starting segment from index:0
2019-08-29 08:20:23,512 [886c450c-7866-4fa0-a628-dd927eae8405:group-51F57B557F21:LeaderElection2] INFO  impl.RaftServerImpl (ServerState.java:setRaftConf(361)) - 886c450c-7866-4fa0-a628-dd927eae8405:group-51F57B557F21 set configuration 0: [886c450c-7866-4fa0-a628-dd927eae8405:192.168.34.54:36470], old=null at 0
2019-08-29 08:20:23,552 [Thread-242] INFO  impl.FollowerState (FollowerState.java:run(106)) - a31cf192-49b2-4ed1-810f-c25f32e91362:group-65C3F65BCBCB changes to CANDIDATE, lastRpcTime:5207, electionTimeout:5192ms
2019-08-29 08:20:23,554 [Thread-242] INFO  impl.RoleInfo (RoleInfo.java:shutdownFollowerState(121)) - a31cf192-49b2-4ed1-810f-c25f32e91362: shutdown FollowerState
2019-08-29 08:20:23,555 [Thread-242] INFO  impl.RaftServerImpl (RaftServerImpl.java:setRole(171)) - a31cf192-49b2-4ed1-810f-c25f32e91362:group-65C3F65BCBCB changes role from FOLLOWER to CANDIDATE at term 0 for changeToCandidate
2019-08-29 08:20:23,555 [Thread-242] INFO  impl.RoleInfo (RoleInfo.java:updateAndGet(143)) - a31cf192-49b2-4ed1-810f-c25f32e91362: start LeaderElection
2019-08-29 08:20:23,563 [886c450c-7866-4fa0-a628-dd927eae8405-SegmentedRaftLogWorker:Storage Directory /workdir/hadoop-ozone/integration-test/target/test-dir/MiniOzoneClusterImpl-7b999817-2419-4622-80b2-2544eebeee1e/datanode-4/data/ratis/4474e9bd-ecf4-45a4-b452-51f57b557f21] INFO  segmented.SegmentedRaftLogWorker (SegmentedRaftLogWorker.java:execute(569)) - 886c450c-7866-4fa0-a628-dd927eae8405-SegmentedRaftLogWorker:Storage Directory /workdir/hadoop-ozone/integration-test/target/test-dir/MiniOzoneClusterImpl-7b999817-2419-4622-80b2-2544eebeee1e/datanode-4/data/ratis/4474e9bd-ecf4-45a4-b452-51f57b557f21: created new log segment /workdir/hadoop-ozone/integration-test/target/test-dir/MiniOzoneClusterImpl-7b999817-2419-4622-80b2-2544eebeee1e/datanode-4/data/ratis/4474e9bd-ecf4-45a4-b452-51f57b557f21/current/log_inprogress_0
2019-08-29 08:20:23,571 [a31cf192-49b2-4ed1-810f-c25f32e91362:group-65C3F65BCBCB:LeaderElection3] INFO  impl.LeaderElection (LeaderElection.java:askForVotes(181)) - a31cf192-49b2-4ed1-810f-c25f32e91362:group-65C3F65BCBCB:LeaderElection3: begin an election at term 1 for -1: [a31cf192-49b2-4ed1-810f-c25f32e91362:192.168.34.54:39448], old=null
2019-08-29 08:20:23,571 [a31cf192-49b2-4ed1-810f-c25f32e91362:group-65C3F65BCBCB:LeaderElection3] INFO  impl.RoleInfo (RoleInfo.java:shutdownLeaderElection(134)) - a31cf192-49b2-4ed1-810f-c25f32e91362: shutdown LeaderElection
2019-08-29 08:20:23,572 [a31cf192-49b2-4ed1-810f-c25f32e91362:group-65C3F65BCBCB:LeaderElection3] INFO  impl.RaftServerImpl (RaftServerImpl.java:setRole(171)) - a31cf192-49b2-4ed1-810f-c25f32e91362:group-65C3F65BCBCB changes role from CANDIDATE to LEADER at term 1 for changeToLeader
2019-08-29 08:20:23,572 [a31cf192-49b2-4ed1-810f-c25f32e91362:group-65C3F65BCBCB:LeaderElection3] INFO  impl.RaftServerImpl (ServerState.java:setLeader(263)) - a31cf192-49b2-4ed1-810f-c25f32e91362:group-65C3F65BCBCB change Leader from null to a31cf192-49b2-4ed1-810f-c25f32e91362 at term 1 for becomeLeader, leader elected after 5232ms
2019-08-29 08:20:23,574 [a31cf192-49b2-4ed1-810f-c25f32e91362:group-65C3F65BCBCB:LeaderElection3] INFO  server.RaftServerConfigKeys (ConfUtils.java:logGet(43)) - raft.server.staging.catchup.gap = 1000 (default)
2019-08-29 08:20:23,574 [a31cf192-49b2-4ed1-810f-c25f32e91362:group-65C3F65BCBCB:LeaderElection3] INFO  server.RaftServerConfigKeys (ConfUtils.java:logGet(43)) - raft.server.rpc.sleep.time = 25ms (default)
2019-08-29 08:20:23,575 [a31cf192-49b2-4ed1-810f-c25f32e91362:group-65C3F65BCBCB:LeaderElection3] INFO  server.RaftServerConfigKeys (ConfUtils.java:logGet(43)) - raft.server.write.element-limit = 4096 (default)
2019-08-29 08:20:23,575 [a31cf192-49b2-4ed1-810f-c25f32e91362:group-65C3F65BCBCB:LeaderElection3] INFO  server.RaftServerConfigKeys (ConfUtils.java:logGet(43)) - raft.server.watch.timeout = 10s (default)
2019-08-29 08:20:23,575 [a31cf192-49b2-4ed1-810f-c25f32e91362:group-65C3F65BCBCB:LeaderElection3] INFO  server.RaftServerConfigKeys (ConfUtils.java:logGet(43)) - raft.server.watch.timeout.denomination = 1s (default)
2019-08-29 08:20:23,577 [a31cf192-49b2-4ed1-810f-c25f32e91362:group-65C3F65BCBCB:LeaderElection3] INFO  server.RaftServerConfigKeys (ConfUtils.java:logGet(43)) - raft.server.watch.element-limit = 65536 (default)
2019-08-29 08:20:23,578 [a31cf192-49b2-4ed1-810f-c25f32e91362:group-65C3F65BCBCB:LeaderElection3] INFO  impl.RoleInfo (RoleInfo.java:updateAndGet(143)) - a31cf192-49b2-4ed1-810f-c25f32e91362: start LeaderState
2019-08-29 08:20:23,578 [a31cf192-49b2-4ed1-810f-c25f32e91362:group-65C3F65BCBCB:LeaderElection3] INFO  segmented.SegmentedRaftLogWorker (SegmentedRaftLogWorker.java:startLogSegment(380)) - a31cf192-49b2-4ed1-810f-c25f32e91362-SegmentedRaftLogWorker:Storage Directory /workdir/hadoop-ozone/integration-test/target/test-dir/MiniOzoneClusterImpl-7b999817-2419-4622-80b2-2544eebeee1e/datanode-2/data/ratis/65cca046-1f59-488e-a3db-65c3f65bcbcb: Starting segment from index:0
2019-08-29 08:20:23,579 [a31cf192-49b2-4ed1-810f-c25f32e91362:group-65C3F65BCBCB:LeaderElection3] INFO  impl.RaftServerImpl (ServerState.java:setRaftConf(361)) - a31cf192-49b2-4ed1-810f-c25f32e91362:group-65C3F65BCBCB set configuration 0: [a31cf192-49b2-4ed1-810f-c25f32e91362:192.168.34.54:39448], old=null at 0
2019-08-29 08:20:23,619 [grpc-default-executor-2] INFO  client.GrpcClientProtocolClient (GrpcClientProtocolClient.java:onNext(255)) - client-06321B7A3B9E->0478feb3-a59d-4754-80fd-79ba24eb7e66: receive RaftClientReply:client-06321B7A3B9E->0478feb3-a59d-4754-80fd-79ba24eb7e66@group-FC084516F7F3, cid=13, FAILED org.apache.ratis.protocol.NotLeaderException: Server 0478feb3-a59d-4754-80fd-79ba24eb7e66 is not the leader (null). Request must be sent to leader., logIndex=0, commits[0478feb3-a59d-4754-80fd-79ba24eb7e66:c-1]
2019-08-29 08:20:23,627 [a31cf192-49b2-4ed1-810f-c25f32e91362-SegmentedRaftLogWorker:Storage Directory /workdir/hadoop-ozone/integration-test/target/test-dir/MiniOzoneClusterImpl-7b999817-2419-4622-80b2-2544eebeee1e/datanode-2/data/ratis/65cca046-1f59-488e-a3db-65c3f65bcbcb] INFO  segmented.SegmentedRaftLogWorker (SegmentedRaftLogWorker.java:execute(569)) - a31cf192-49b2-4ed1-810f-c25f32e91362-SegmentedRaftLogWorker:Storage Directory /workdir/hadoop-ozone/integration-test/target/test-dir/MiniOzoneClusterImpl-7b999817-2419-4622-80b2-2544eebeee1e/datanode-2/data/ratis/65cca046-1f59-488e-a3db-65c3f65bcbcb: created new log segment /workdir/hadoop-ozone/integration-test/target/test-dir/MiniOzoneClusterImpl-7b999817-2419-4622-80b2-2544eebeee1e/datanode-2/data/ratis/65cca046-1f59-488e-a3db-65c3f65bcbcb/current/log_inprogress_0
2019-08-29 08:20:23,636 | INFO  | SCMAudit | user=jenkins1000 | ip=192.168.34.54 | op=SEND_HEARTBEAT {datanodeUUID=0478feb3-a59d-4754-80fd-79ba24eb7e66, command=[]} | ret=SUCCESS |  
2019-08-29 08:20:23,653 [Thread-248] INFO  impl.FollowerState (FollowerState.java:run(106)) - adb6bfc4-9812-4cd1-b89d-2074f9496068:group-8C404DA40D38 changes to CANDIDATE, lastRpcTime:5164, electionTimeout:5164ms
2019-08-29 08:20:23,655 [Thread-248] INFO  impl.RoleInfo (RoleInfo.java:shutdownFollowerState(121)) - adb6bfc4-9812-4cd1-b89d-2074f9496068: shutdown FollowerState
2019-08-29 08:20:23,655 [Thread-248] INFO  impl.RaftServerImpl (RaftServerImpl.java:setRole(171)) - adb6bfc4-9812-4cd1-b89d-2074f9496068:group-8C404DA40D38 changes role from FOLLOWER to CANDIDATE at term 0 for changeToCandidate
2019-08-29 08:20:23,655 [Thread-248] INFO  impl.RoleInfo (RoleInfo.java:updateAndGet(143)) - adb6bfc4-9812-4cd1-b89d-2074f9496068: start LeaderElection
2019-08-29 08:20:23,667 [adb6bfc4-9812-4cd1-b89d-2074f9496068:group-8C404DA40D38:LeaderElection4] INFO  impl.LeaderElection (LeaderElection.java:askForVotes(181)) - adb6bfc4-9812-4cd1-b89d-2074f9496068:group-8C404DA40D38:LeaderElection4: begin an election at term 1 for -1: [adb6bfc4-9812-4cd1-b89d-2074f9496068:192.168.34.54:35148], old=null
2019-08-29 08:20:23,668 [adb6bfc4-9812-4cd1-b89d-2074f9496068:group-8C404DA40D38:LeaderElection4] INFO  impl.RoleInfo (RoleInfo.java:shutdownLeaderElection(134)) - adb6bfc4-9812-4cd1-b89d-2074f9496068: shutdown LeaderElection
2019-08-29 08:20:23,669 [adb6bfc4-9812-4cd1-b89d-2074f9496068:group-8C404DA40D38:LeaderElection4] INFO  impl.RaftServerImpl (RaftServerImpl.java:setRole(171)) - adb6bfc4-9812-4cd1-b89d-2074f9496068:group-8C404DA40D38 changes role from CANDIDATE to LEADER at term 1 for changeToLeader
2019-08-29 08:20:23,669 [adb6bfc4-9812-4cd1-b89d-2074f9496068:group-8C404DA40D38:LeaderElection4] INFO  impl.RaftServerImpl (ServerState.java:setLeader(263)) - adb6bfc4-9812-4cd1-b89d-2074f9496068:group-8C404DA40D38 change Leader from null to adb6bfc4-9812-4cd1-b89d-2074f9496068 at term 1 for becomeLeader, leader elected after 5183ms
2019-08-29 08:20:23,670 [adb6bfc4-9812-4cd1-b89d-2074f9496068:group-8C404DA40D38:LeaderElection4] INFO  server.RaftServerConfigKeys (ConfUtils.java:logGet(43)) - raft.server.staging.catchup.gap = 1000 (default)
2019-08-29 08:20:23,670 [adb6bfc4-9812-4cd1-b89d-2074f9496068:group-8C404DA40D38:LeaderElection4] INFO  server.RaftServerConfigKeys (ConfUtils.java:logGet(43)) - raft.server.rpc.sleep.time = 25ms (default)
2019-08-29 08:20:23,671 [adb6bfc4-9812-4cd1-b89d-2074f9496068:group-8C404DA40D38:LeaderElection4] INFO  server.RaftServerConfigKeys (ConfUtils.java:logGet(43)) - raft.server.write.element-limit = 4096 (default)
2019-08-29 08:20:23,671 [adb6bfc4-9812-4cd1-b89d-2074f9496068:group-8C404DA40D38:LeaderElection4] INFO  server.RaftServerConfigKeys (ConfUtils.java:logGet(43)) - raft.server.watch.timeout = 10s (default)
2019-08-29 08:20:23,671 [adb6bfc4-9812-4cd1-b89d-2074f9496068:group-8C404DA40D38:LeaderElection4] INFO  server.RaftServerConfigKeys (ConfUtils.java:logGet(43)) - raft.server.watch.timeout.denomination = 1s (default)
2019-08-29 08:20:23,671 [adb6bfc4-9812-4cd1-b89d-2074f9496068:group-8C404DA40D38:LeaderElection4] INFO  server.RaftServerConfigKeys (ConfUtils.java:logGet(43)) - raft.server.watch.element-limit = 65536 (default)
2019-08-29 08:20:23,672 [adb6bfc4-9812-4cd1-b89d-2074f9496068:group-8C404DA40D38:LeaderElection4] INFO  impl.RoleInfo (RoleInfo.java:updateAndGet(143)) - adb6bfc4-9812-4cd1-b89d-2074f9496068: start LeaderState
2019-08-29 08:20:23,672 [adb6bfc4-9812-4cd1-b89d-2074f9496068:group-8C404DA40D38:LeaderElection4] INFO  segmented.SegmentedRaftLogWorker (SegmentedRaftLogWorker.java:startLogSegment(380)) - adb6bfc4-9812-4cd1-b89d-2074f9496068-SegmentedRaftLogWorker:Storage Directory /workdir/hadoop-ozone/integration-test/target/test-dir/MiniOzoneClusterImpl-7b999817-2419-4622-80b2-2544eebeee1e/datanode-1/data/ratis/a747347b-3504-487c-ad9a-8c404da40d38: Starting segment from index:0
2019-08-29 08:20:23,673 [adb6bfc4-9812-4cd1-b89d-2074f9496068:group-8C404DA40D38:LeaderElection4] INFO  impl.RaftServerImpl (ServerState.java:setRaftConf(361)) - adb6bfc4-9812-4cd1-b89d-2074f9496068:group-8C404DA40D38 set configuration 0: [adb6bfc4-9812-4cd1-b89d-2074f9496068:192.168.34.54:35148], old=null at 0
2019-08-29 08:20:23,713 [adb6bfc4-9812-4cd1-b89d-2074f9496068-SegmentedRaftLogWorker:Storage Directory /workdir/hadoop-ozone/integration-test/target/test-dir/MiniOzoneClusterImpl-7b999817-2419-4622-80b2-2544eebeee1e/datanode-1/data/ratis/a747347b-3504-487c-ad9a-8c404da40d38] INFO  segmented.SegmentedRaftLogWorker (SegmentedRaftLogWorker.java:execute(569)) - adb6bfc4-9812-4cd1-b89d-2074f9496068-SegmentedRaftLogWorker:Storage Directory /workdir/hadoop-ozone/integration-test/target/test-dir/MiniOzoneClusterImpl-7b999817-2419-4622-80b2-2544eebeee1e/datanode-1/data/ratis/a747347b-3504-487c-ad9a-8c404da40d38: created new log segment /workdir/hadoop-ozone/integration-test/target/test-dir/MiniOzoneClusterImpl-7b999817-2419-4622-80b2-2544eebeee1e/datanode-1/data/ratis/a747347b-3504-487c-ad9a-8c404da40d38/current/log_inprogress_0
2019-08-29 08:20:23,741 [Thread-251] INFO  impl.FollowerState (FollowerState.java:run(106)) - 856f75f6-80db-48b1-966d-fd6b52a68619:group-517298C96F08 changes to CANDIDATE, lastRpcTime:5029, electionTimeout:5029ms
2019-08-29 08:20:23,741 [Thread-251] INFO  impl.RoleInfo (RoleInfo.java:shutdownFollowerState(121)) - 856f75f6-80db-48b1-966d-fd6b52a68619: shutdown FollowerState
2019-08-29 08:20:23,741 [Thread-251] INFO  impl.RaftServerImpl (RaftServerImpl.java:setRole(171)) - 856f75f6-80db-48b1-966d-fd6b52a68619:group-517298C96F08 changes role from FOLLOWER to CANDIDATE at term 0 for changeToCandidate
2019-08-29 08:20:23,742 [Thread-251] INFO  impl.RoleInfo (RoleInfo.java:updateAndGet(143)) - 856f75f6-80db-48b1-966d-fd6b52a68619: start LeaderElection
2019-08-29 08:20:23,755 [856f75f6-80db-48b1-966d-fd6b52a68619:group-517298C96F08:LeaderElection5] INFO  impl.LeaderElection (LeaderElection.java:askForVotes(181)) - 856f75f6-80db-48b1-966d-fd6b52a68619:group-517298C96F08:LeaderElection5: begin an election at term 1 for -1: [856f75f6-80db-48b1-966d-fd6b52a68619:192.168.34.54:44850], old=null
2019-08-29 08:20:23,757 [856f75f6-80db-48b1-966d-fd6b52a68619:group-517298C96F08:LeaderElection5] INFO  impl.RoleInfo (RoleInfo.java:shutdownLeaderElection(134)) - 856f75f6-80db-48b1-966d-fd6b52a68619: shutdown LeaderElection
2019-08-29 08:20:23,757 [856f75f6-80db-48b1-966d-fd6b52a68619:group-517298C96F08:LeaderElection5] INFO  impl.RaftServerImpl (RaftServerImpl.java:setRole(171)) - 856f75f6-80db-48b1-966d-fd6b52a68619:group-517298C96F08 changes role from CANDIDATE to LEADER at term 1 for changeToLeader
2019-08-29 08:20:23,757 [856f75f6-80db-48b1-966d-fd6b52a68619:group-517298C96F08:LeaderElection5] INFO  impl.RaftServerImpl (ServerState.java:setLeader(263)) - 856f75f6-80db-48b1-966d-fd6b52a68619:group-517298C96F08 change Leader from null to 856f75f6-80db-48b1-966d-fd6b52a68619 at term 1 for becomeLeader, leader elected after 5049ms
2019-08-29 08:20:23,758 [856f75f6-80db-48b1-966d-fd6b52a68619:group-517298C96F08:LeaderElection5] INFO  server.RaftServerConfigKeys (ConfUtils.java:logGet(43)) - raft.server.staging.catchup.gap = 1000 (default)
2019-08-29 08:20:23,758 [856f75f6-80db-48b1-966d-fd6b52a68619:group-517298C96F08:LeaderElection5] INFO  server.RaftServerConfigKeys (ConfUtils.java:logGet(43)) - raft.server.rpc.sleep.time = 25ms (default)
2019-08-29 08:20:23,758 [856f75f6-80db-48b1-966d-fd6b52a68619:group-517298C96F08:LeaderElection5] INFO  server.RaftServerConfigKeys (ConfUtils.java:logGet(43)) - raft.server.write.element-limit = 4096 (default)
2019-08-29 08:20:23,759 [856f75f6-80db-48b1-966d-fd6b52a68619:group-517298C96F08:LeaderElection5] INFO  server.RaftServerConfigKeys (ConfUtils.java:logGet(43)) - raft.server.watch.timeout = 10s (default)
2019-08-29 08:20:23,759 [856f75f6-80db-48b1-966d-fd6b52a68619:group-517298C96F08:LeaderElection5] INFO  server.RaftServerConfigKeys (ConfUtils.java:logGet(43)) - raft.server.watch.timeout.denomination = 1s (default)
2019-08-29 08:20:23,759 [856f75f6-80db-48b1-966d-fd6b52a68619:group-517298C96F08:LeaderElection5] INFO  server.RaftServerConfigKeys (ConfUtils.java:logGet(43)) - raft.server.watch.element-limit = 65536 (default)
2019-08-29 08:20:23,759 [856f75f6-80db-48b1-966d-fd6b52a68619:group-517298C96F08:LeaderElection5] INFO  impl.RoleInfo (RoleInfo.java:updateAndGet(143)) - 856f75f6-80db-48b1-966d-fd6b52a68619: start LeaderState
2019-08-29 08:20:23,759 [856f75f6-80db-48b1-966d-fd6b52a68619:group-517298C96F08:LeaderElection5] INFO  segmented.SegmentedRaftLogWorker (SegmentedRaftLogWorker.java:startLogSegment(380)) - 856f75f6-80db-48b1-966d-fd6b52a68619-SegmentedRaftLogWorker:Storage Directory /workdir/hadoop-ozone/integration-test/target/test-dir/MiniOzoneClusterImpl-7b999817-2419-4622-80b2-2544eebeee1e/datanode-3/data/ratis/20feefd9-fef7-4e6f-bc46-517298c96f08: Starting segment from index:0
2019-08-29 08:20:23,760 [856f75f6-80db-48b1-966d-fd6b52a68619:group-517298C96F08:LeaderElection5] INFO  impl.RaftServerImpl (ServerState.java:setRaftConf(361)) - 856f75f6-80db-48b1-966d-fd6b52a68619:group-517298C96F08 set configuration 0: [856f75f6-80db-48b1-966d-fd6b52a68619:192.168.34.54:44850], old=null at 0
2019-08-29 08:20:23,796 | INFO  | SCMAudit | user=jenkins1000 | ip=192.168.34.54 | op=SEND_HEARTBEAT {datanodeUUID=5563f767-f7a1-4491-bdfb-72abdf0fc1e3, command=[]} | ret=SUCCESS |  
2019-08-29 08:20:23,803 [856f75f6-80db-48b1-966d-fd6b52a68619-SegmentedRaftLogWorker:Storage Directory /workdir/hadoop-ozone/integration-test/target/test-dir/MiniOzoneClusterImpl-7b999817-2419-4622-80b2-2544eebeee1e/datanode-3/data/ratis/20feefd9-fef7-4e6f-bc46-517298c96f08] INFO  segmented.SegmentedRaftLogWorker (SegmentedRaftLogWorker.java:execute(569)) - 856f75f6-80db-48b1-966d-fd6b52a68619-SegmentedRaftLogWorker:Storage Directory /workdir/hadoop-ozone/integration-test/target/test-dir/MiniOzoneClusterImpl-7b999817-2419-4622-80b2-2544eebeee1e/datanode-3/data/ratis/20feefd9-fef7-4e6f-bc46-517298c96f08: created new log segment /workdir/hadoop-ozone/integration-test/target/test-dir/MiniOzoneClusterImpl-7b999817-2419-4622-80b2-2544eebeee1e/datanode-3/data/ratis/20feefd9-fef7-4e6f-bc46-517298c96f08/current/log_inprogress_0
2019-08-29 08:20:23,853 | INFO  | SCMAudit | user=jenkins1000 | ip=192.168.34.54 | op=SEND_HEARTBEAT {datanodeUUID=a31cf192-49b2-4ed1-810f-c25f32e91362, command=[]} | ret=SUCCESS |  
2019-08-29 08:20:23,926 [Thread-254] INFO  impl.FollowerState (FollowerState.java:run(106)) - 0478feb3-a59d-4754-80fd-79ba24eb7e66:group-4AFCD21C0BCA changes to CANDIDATE, lastRpcTime:5137, electionTimeout:5137ms
2019-08-29 08:20:23,926 [Thread-254] INFO  impl.RoleInfo (RoleInfo.java:shutdownFollowerState(121)) - 0478feb3-a59d-4754-80fd-79ba24eb7e66: shutdown FollowerState
2019-08-29 08:20:23,926 [Thread-254] INFO  impl.RaftServerImpl (RaftServerImpl.java:setRole(171)) - 0478feb3-a59d-4754-80fd-79ba24eb7e66:group-4AFCD21C0BCA changes role from FOLLOWER to CANDIDATE at term 0 for changeToCandidate
2019-08-29 08:20:23,926 [Thread-254] INFO  impl.RoleInfo (RoleInfo.java:updateAndGet(143)) - 0478feb3-a59d-4754-80fd-79ba24eb7e66: start LeaderElection
2019-08-29 08:20:23,937 [0478feb3-a59d-4754-80fd-79ba24eb7e66:group-4AFCD21C0BCA:LeaderElection6] INFO  impl.LeaderElection (LeaderElection.java:askForVotes(181)) - 0478feb3-a59d-4754-80fd-79ba24eb7e66:group-4AFCD21C0BCA:LeaderElection6: begin an election at term 1 for -1: [0478feb3-a59d-4754-80fd-79ba24eb7e66:192.168.34.54:42750], old=null
2019-08-29 08:20:23,939 [0478feb3-a59d-4754-80fd-79ba24eb7e66:group-4AFCD21C0BCA:LeaderElection6] INFO  impl.RoleInfo (RoleInfo.java:shutdownLeaderElection(134)) - 0478feb3-a59d-4754-80fd-79ba24eb7e66: shutdown LeaderElection
2019-08-29 08:20:23,939 [0478feb3-a59d-4754-80fd-79ba24eb7e66:group-4AFCD21C0BCA:LeaderElection6] INFO  impl.RaftServerImpl (RaftServerImpl.java:setRole(171)) - 0478feb3-a59d-4754-80fd-79ba24eb7e66:group-4AFCD21C0BCA changes role from CANDIDATE to LEADER at term 1 for changeToLeader
2019-08-29 08:20:23,939 [0478feb3-a59d-4754-80fd-79ba24eb7e66:group-4AFCD21C0BCA:LeaderElection6] INFO  impl.RaftServerImpl (ServerState.java:setLeader(263)) - 0478feb3-a59d-4754-80fd-79ba24eb7e66:group-4AFCD21C0BCA change Leader from null to 0478feb3-a59d-4754-80fd-79ba24eb7e66 at term 1 for becomeLeader, leader elected after 5156ms
2019-08-29 08:20:23,941 [0478feb3-a59d-4754-80fd-79ba24eb7e66:group-4AFCD21C0BCA:LeaderElection6] INFO  server.RaftServerConfigKeys (ConfUtils.java:logGet(43)) - raft.server.staging.catchup.gap = 1000 (default)
2019-08-29 08:20:23,941 [0478feb3-a59d-4754-80fd-79ba24eb7e66:group-4AFCD21C0BCA:LeaderElection6] INFO  server.RaftServerConfigKeys (ConfUtils.java:logGet(43)) - raft.server.rpc.sleep.time = 25ms (default)
2019-08-29 08:20:23,941 [0478feb3-a59d-4754-80fd-79ba24eb7e66:group-4AFCD21C0BCA:LeaderElection6] INFO  server.RaftServerConfigKeys (ConfUtils.java:logGet(43)) - raft.server.write.element-limit = 4096 (default)
2019-08-29 08:20:23,941 [0478feb3-a59d-4754-80fd-79ba24eb7e66:group-4AFCD21C0BCA:LeaderElection6] INFO  server.RaftServerConfigKeys (ConfUtils.java:logGet(43)) - raft.server.watch.timeout = 10s (default)
2019-08-29 08:20:23,941 [0478feb3-a59d-4754-80fd-79ba24eb7e66:group-4AFCD21C0BCA:LeaderElection6] INFO  server.RaftServerConfigKeys (ConfUtils.java:logGet(43)) - raft.server.watch.timeout.denomination = 1s (default)
2019-08-29 08:20:23,941 [0478feb3-a59d-4754-80fd-79ba24eb7e66:group-4AFCD21C0BCA:LeaderElection6] INFO  server.RaftServerConfigKeys (ConfUtils.java:logGet(43)) - raft.server.watch.element-limit = 65536 (default)
2019-08-29 08:20:23,942 [0478feb3-a59d-4754-80fd-79ba24eb7e66:group-4AFCD21C0BCA:LeaderElection6] INFO  impl.RoleInfo (RoleInfo.java:updateAndGet(143)) - 0478feb3-a59d-4754-80fd-79ba24eb7e66: start LeaderState
2019-08-29 08:20:23,942 [0478feb3-a59d-4754-80fd-79ba24eb7e66:group-4AFCD21C0BCA:LeaderElection6] INFO  segmented.SegmentedRaftLogWorker (SegmentedRaftLogWorker.java:startLogSegment(380)) - 0478feb3-a59d-4754-80fd-79ba24eb7e66-SegmentedRaftLogWorker:Storage Directory /workdir/hadoop-ozone/integration-test/target/test-dir/MiniOzoneClusterImpl-7b999817-2419-4622-80b2-2544eebeee1e/datanode-5/data/ratis/ef5a5df6-4ae2-4bb7-a478-4afcd21c0bca: Starting segment from index:0
2019-08-29 08:20:23,942 [0478feb3-a59d-4754-80fd-79ba24eb7e66:group-4AFCD21C0BCA:LeaderElection6] INFO  impl.RaftServerImpl (ServerState.java:setRaftConf(361)) - 0478feb3-a59d-4754-80fd-79ba24eb7e66:group-4AFCD21C0BCA set configuration 0: [0478feb3-a59d-4754-80fd-79ba24eb7e66:192.168.34.54:42750], old=null at 0
2019-08-29 08:20:23,982 [0478feb3-a59d-4754-80fd-79ba24eb7e66-SegmentedRaftLogWorker:Storage Directory /workdir/hadoop-ozone/integration-test/target/test-dir/MiniOzoneClusterImpl-7b999817-2419-4622-80b2-2544eebeee1e/datanode-5/data/ratis/ef5a5df6-4ae2-4bb7-a478-4afcd21c0bca] INFO  segmented.SegmentedRaftLogWorker (SegmentedRaftLogWorker.java:execute(569)) - 0478feb3-a59d-4754-80fd-79ba24eb7e66-SegmentedRaftLogWorker:Storage Directory /workdir/hadoop-ozone/integration-test/target/test-dir/MiniOzoneClusterImpl-7b999817-2419-4622-80b2-2544eebeee1e/datanode-5/data/ratis/ef5a5df6-4ae2-4bb7-a478-4afcd21c0bca: created new log segment /workdir/hadoop-ozone/integration-test/target/test-dir/MiniOzoneClusterImpl-7b999817-2419-4622-80b2-2544eebeee1e/datanode-5/data/ratis/ef5a5df6-4ae2-4bb7-a478-4afcd21c0bca/current/log_inprogress_0
2019-08-29 08:20:23,992 | INFO  | SCMAudit | user=jenkins1000 | ip=192.168.34.54 | op=SEND_HEARTBEAT {datanodeUUID=856f75f6-80db-48b1-966d-fd6b52a68619, command=[]} | ret=SUCCESS |  
2019-08-29 08:20:24,040 [Thread-266] INFO  impl.FollowerState (FollowerState.java:run(106)) - 886c450c-7866-4fa0-a628-dd927eae8405:group-FC084516F7F3 changes to CANDIDATE, lastRpcTime:5052, electionTimeout:5052ms
2019-08-29 08:20:24,040 [Thread-266] INFO  impl.RoleInfo (RoleInfo.java:shutdownFollowerState(121)) - 886c450c-7866-4fa0-a628-dd927eae8405: shutdown FollowerState
2019-08-29 08:20:24,040 [Thread-266] INFO  impl.RaftServerImpl (RaftServerImpl.java:setRole(171)) - 886c450c-7866-4fa0-a628-dd927eae8405:group-FC084516F7F3 changes role from FOLLOWER to CANDIDATE at term 0 for changeToCandidate
2019-08-29 08:20:24,041 [Thread-266] INFO  impl.RoleInfo (RoleInfo.java:updateAndGet(143)) - 886c450c-7866-4fa0-a628-dd927eae8405: start LeaderElection
2019-08-29 08:20:24,054 [Thread-257] INFO  impl.FollowerState (FollowerState.java:run(106)) - 5563f767-f7a1-4491-bdfb-72abdf0fc1e3:group-47EAD54DA2C4 changes to CANDIDATE, lastRpcTime:5194, electionTimeout:5192ms
2019-08-29 08:20:24,056 [Thread-257] INFO  impl.RoleInfo (RoleInfo.java:shutdownFollowerState(121)) - 5563f767-f7a1-4491-bdfb-72abdf0fc1e3: shutdown FollowerState
2019-08-29 08:20:24,057 [Thread-257] INFO  impl.RaftServerImpl (RaftServerImpl.java:setRole(171)) - 5563f767-f7a1-4491-bdfb-72abdf0fc1e3:group-47EAD54DA2C4 changes role from FOLLOWER to CANDIDATE at term 0 for changeToCandidate
2019-08-29 08:20:24,057 [Thread-257] INFO  impl.RoleInfo (RoleInfo.java:updateAndGet(143)) - 5563f767-f7a1-4491-bdfb-72abdf0fc1e3: start LeaderElection
2019-08-29 08:20:24,063 [Thread-264] INFO  impl.FollowerState (FollowerState.java:run(106)) - 0478feb3-a59d-4754-80fd-79ba24eb7e66:group-FC084516F7F3 changes to CANDIDATE, lastRpcTime:5076, electionTimeout:5076ms
2019-08-29 08:20:24,063 [Thread-264] INFO  impl.RoleInfo (RoleInfo.java:shutdownFollowerState(121)) - 0478feb3-a59d-4754-80fd-79ba24eb7e66: shutdown FollowerState
2019-08-29 08:20:24,063 [Thread-264] INFO  impl.RaftServerImpl (RaftServerImpl.java:setRole(171)) - 0478feb3-a59d-4754-80fd-79ba24eb7e66:group-FC084516F7F3 changes role from FOLLOWER to CANDIDATE at term 0 for changeToCandidate
2019-08-29 08:20:24,064 [Thread-264] INFO  impl.RoleInfo (RoleInfo.java:updateAndGet(143)) - 0478feb3-a59d-4754-80fd-79ba24eb7e66: start LeaderElection
2019-08-29 08:20:24,068 [886c450c-7866-4fa0-a628-dd927eae8405:group-FC084516F7F3:LeaderElection7] INFO  impl.LeaderElection (LeaderElection.java:askForVotes(181)) - 886c450c-7866-4fa0-a628-dd927eae8405:group-FC084516F7F3:LeaderElection7: begin an election at term 1 for -1: [886c450c-7866-4fa0-a628-dd927eae8405:192.168.34.54:36470, a31cf192-49b2-4ed1-810f-c25f32e91362:192.168.34.54:39448, 0478feb3-a59d-4754-80fd-79ba24eb7e66:192.168.34.54:42750], old=null
2019-08-29 08:20:24,068 [5563f767-f7a1-4491-bdfb-72abdf0fc1e3:group-47EAD54DA2C4:LeaderElection8] INFO  impl.LeaderElection (LeaderElection.java:askForVotes(181)) - 5563f767-f7a1-4491-bdfb-72abdf0fc1e3:group-47EAD54DA2C4:LeaderElection8: begin an election at term 1 for -1: [5563f767-f7a1-4491-bdfb-72abdf0fc1e3:192.168.34.54:35195], old=null
2019-08-29 08:20:24,069 [5563f767-f7a1-4491-bdfb-72abdf0fc1e3:group-47EAD54DA2C4:LeaderElection8] INFO  impl.RoleInfo (RoleInfo.java:shutdownLeaderElection(134)) - 5563f767-f7a1-4491-bdfb-72abdf0fc1e3: shutdown LeaderElection
2019-08-29 08:20:24,069 [5563f767-f7a1-4491-bdfb-72abdf0fc1e3:group-47EAD54DA2C4:LeaderElection8] INFO  impl.RaftServerImpl (RaftServerImpl.java:setRole(171)) - 5563f767-f7a1-4491-bdfb-72abdf0fc1e3:group-47EAD54DA2C4 changes role from CANDIDATE to LEADER at term 1 for changeToLeader
2019-08-29 08:20:24,069 [5563f767-f7a1-4491-bdfb-72abdf0fc1e3:group-47EAD54DA2C4:LeaderElection8] INFO  impl.RaftServerImpl (ServerState.java:setLeader(263)) - 5563f767-f7a1-4491-bdfb-72abdf0fc1e3:group-47EAD54DA2C4 change Leader from null to 5563f767-f7a1-4491-bdfb-72abdf0fc1e3 at term 1 for becomeLeader, leader elected after 5214ms
2019-08-29 08:20:24,070 [5563f767-f7a1-4491-bdfb-72abdf0fc1e3:group-47EAD54DA2C4:LeaderElection8] INFO  server.RaftServerConfigKeys (ConfUtils.java:logGet(43)) - raft.server.staging.catchup.gap = 1000 (default)
2019-08-29 08:20:24,071 [5563f767-f7a1-4491-bdfb-72abdf0fc1e3:group-47EAD54DA2C4:LeaderElection8] INFO  server.RaftServerConfigKeys (ConfUtils.java:logGet(43)) - raft.server.rpc.sleep.time = 25ms (default)
2019-08-29 08:20:24,071 [5563f767-f7a1-4491-bdfb-72abdf0fc1e3:group-47EAD54DA2C4:LeaderElection8] INFO  server.RaftServerConfigKeys (ConfUtils.java:logGet(43)) - raft.server.write.element-limit = 4096 (default)
2019-08-29 08:20:24,071 [0478feb3-a59d-4754-80fd-79ba24eb7e66:group-FC084516F7F3:LeaderElection9] INFO  impl.LeaderElection (LeaderElection.java:askForVotes(181)) - 0478feb3-a59d-4754-80fd-79ba24eb7e66:group-FC084516F7F3:LeaderElection9: begin an election at term 1 for -1: [886c450c-7866-4fa0-a628-dd927eae8405:192.168.34.54:36470, a31cf192-49b2-4ed1-810f-c25f32e91362:192.168.34.54:39448, 0478feb3-a59d-4754-80fd-79ba24eb7e66:192.168.34.54:42750], old=null
2019-08-29 08:20:24,071 [5563f767-f7a1-4491-bdfb-72abdf0fc1e3:group-47EAD54DA2C4:LeaderElection8] INFO  server.RaftServerConfigKeys (ConfUtils.java:logGet(43)) - raft.server.watch.timeout = 10s (default)
2019-08-29 08:20:24,071 [5563f767-f7a1-4491-bdfb-72abdf0fc1e3:group-47EAD54DA2C4:LeaderElection8] INFO  server.RaftServerConfigKeys (ConfUtils.java:logGet(43)) - raft.server.watch.timeout.denomination = 1s (default)
2019-08-29 08:20:24,072 [5563f767-f7a1-4491-bdfb-72abdf0fc1e3:group-47EAD54DA2C4:LeaderElection8] INFO  server.RaftServerConfigKeys (ConfUtils.java:logGet(43)) - raft.server.watch.element-limit = 65536 (default)
2019-08-29 08:20:24,072 [5563f767-f7a1-4491-bdfb-72abdf0fc1e3:group-47EAD54DA2C4:LeaderElection8] INFO  impl.RoleInfo (RoleInfo.java:updateAndGet(143)) - 5563f767-f7a1-4491-bdfb-72abdf0fc1e3: start LeaderState
2019-08-29 08:20:24,072 [5563f767-f7a1-4491-bdfb-72abdf0fc1e3:group-47EAD54DA2C4:LeaderElection8] INFO  segmented.SegmentedRaftLogWorker (SegmentedRaftLogWorker.java:startLogSegment(380)) - 5563f767-f7a1-4491-bdfb-72abdf0fc1e3-SegmentedRaftLogWorker:Storage Directory /workdir/hadoop-ozone/integration-test/target/test-dir/MiniOzoneClusterImpl-7b999817-2419-4622-80b2-2544eebeee1e/datanode-6/data/ratis/e72b5b90-4032-4a12-bc29-47ead54da2c4: Starting segment from index:0
2019-08-29 08:20:24,073 [5563f767-f7a1-4491-bdfb-72abdf0fc1e3:group-47EAD54DA2C4:LeaderElection8] INFO  impl.RaftServerImpl (ServerState.java:setRaftConf(361)) - 5563f767-f7a1-4491-bdfb-72abdf0fc1e3:group-47EAD54DA2C4 set configuration 0: [5563f767-f7a1-4491-bdfb-72abdf0fc1e3:192.168.34.54:35195], old=null at 0
2019-08-29 08:20:24,099 [Thread-262] INFO  impl.FollowerState (FollowerState.java:run(106)) - a31cf192-49b2-4ed1-810f-c25f32e91362:group-FC084516F7F3 changes to CANDIDATE, lastRpcTime:5112, electionTimeout:5097ms
2019-08-29 08:20:24,099 [Thread-262] INFO  impl.RoleInfo (RoleInfo.java:shutdownFollowerState(121)) - a31cf192-49b2-4ed1-810f-c25f32e91362: shutdown FollowerState
2019-08-29 08:20:24,100 [Thread-262] INFO  impl.RaftServerImpl (RaftServerImpl.java:setRole(171)) - a31cf192-49b2-4ed1-810f-c25f32e91362:group-FC084516F7F3 changes role from FOLLOWER to CANDIDATE at term 0 for changeToCandidate
2019-08-29 08:20:24,100 [Thread-262] INFO  impl.RoleInfo (RoleInfo.java:updateAndGet(143)) - a31cf192-49b2-4ed1-810f-c25f32e91362: start LeaderElection
2019-08-29 08:20:24,115 [5563f767-f7a1-4491-bdfb-72abdf0fc1e3-SegmentedRaftLogWorker:Storage Directory /workdir/hadoop-ozone/integration-test/target/test-dir/MiniOzoneClusterImpl-7b999817-2419-4622-80b2-2544eebeee1e/datanode-6/data/ratis/e72b5b90-4032-4a12-bc29-47ead54da2c4] INFO  segmented.SegmentedRaftLogWorker (SegmentedRaftLogWorker.java:execute(569)) - 5563f767-f7a1-4491-bdfb-72abdf0fc1e3-SegmentedRaftLogWorker:Storage Directory /workdir/hadoop-ozone/integration-test/target/test-dir/MiniOzoneClusterImpl-7b999817-2419-4622-80b2-2544eebeee1e/datanode-6/data/ratis/e72b5b90-4032-4a12-bc29-47ead54da2c4: created new log segment /workdir/hadoop-ozone/integration-test/target/test-dir/MiniOzoneClusterImpl-7b999817-2419-4622-80b2-2544eebeee1e/datanode-6/data/ratis/e72b5b90-4032-4a12-bc29-47ead54da2c4/current/log_inprogress_0
2019-08-29 08:20:24,115 [a31cf192-49b2-4ed1-810f-c25f32e91362:group-FC084516F7F3:LeaderElection10] INFO  impl.LeaderElection (LeaderElection.java:askForVotes(181)) - a31cf192-49b2-4ed1-810f-c25f32e91362:group-FC084516F7F3:LeaderElection10: begin an election at term 1 for -1: [886c450c-7866-4fa0-a628-dd927eae8405:192.168.34.54:36470, a31cf192-49b2-4ed1-810f-c25f32e91362:192.168.34.54:39448, 0478feb3-a59d-4754-80fd-79ba24eb7e66:192.168.34.54:42750], old=null
2019-08-29 08:20:24,117 [Thread-275] INFO  impl.FollowerState (FollowerState.java:run(106)) - 078fe6a9-1ebb-4542-b6cd-585ed8de9dab:group-ACD6E6CF1097 changes to CANDIDATE, lastRpcTime:5011, electionTimeout:5009ms
2019-08-29 08:20:24,119 [Thread-275] INFO  impl.RoleInfo (RoleInfo.java:shutdownFollowerState(121)) - 078fe6a9-1ebb-4542-b6cd-585ed8de9dab: shutdown FollowerState
2019-08-29 08:20:24,119 [Thread-275] INFO  impl.RaftServerImpl (RaftServerImpl.java:setRole(171)) - 078fe6a9-1ebb-4542-b6cd-585ed8de9dab:group-ACD6E6CF1097 changes role from FOLLOWER to CANDIDATE at term 0 for changeToCandidate
2019-08-29 08:20:24,119 [Thread-275] INFO  impl.RoleInfo (RoleInfo.java:updateAndGet(143)) - 078fe6a9-1ebb-4542-b6cd-585ed8de9dab: start LeaderElection
2019-08-29 08:20:24,121 | INFO  | SCMAudit | user=jenkins1000 | ip=192.168.34.54 | op=SEND_HEARTBEAT {datanodeUUID=078fe6a9-1ebb-4542-b6cd-585ed8de9dab, command=[]} | ret=SUCCESS |  
2019-08-29 08:20:24,129 [078fe6a9-1ebb-4542-b6cd-585ed8de9dab:group-ACD6E6CF1097:LeaderElection11] INFO  impl.LeaderElection (LeaderElection.java:askForVotes(181)) - 078fe6a9-1ebb-4542-b6cd-585ed8de9dab:group-ACD6E6CF1097:LeaderElection11: begin an election at term 1 for -1: [5563f767-f7a1-4491-bdfb-72abdf0fc1e3:192.168.34.54:35195, adb6bfc4-9812-4cd1-b89d-2074f9496068:192.168.34.54:35148, 078fe6a9-1ebb-4542-b6cd-585ed8de9dab:192.168.34.54:44324], old=null
2019-08-29 08:20:24,152 [grpc-default-executor-6] INFO  impl.RaftServerImpl (RaftServerImpl.java:setRole(171)) - adb6bfc4-9812-4cd1-b89d-2074f9496068:group-ACD6E6CF1097 changes role from FOLLOWER to FOLLOWER at term 1 for recognizeCandidate:078fe6a9-1ebb-4542-b6cd-585ed8de9dab
2019-08-29 08:20:24,158 [grpc-default-executor-6] INFO  impl.RoleInfo (RoleInfo.java:shutdownFollowerState(121)) - adb6bfc4-9812-4cd1-b89d-2074f9496068: shutdown FollowerState
2019-08-29 08:20:24,158 [grpc-default-executor-6] INFO  impl.RoleInfo (RoleInfo.java:updateAndGet(143)) - adb6bfc4-9812-4cd1-b89d-2074f9496068: start FollowerState
2019-08-29 08:20:24,158 [Thread-270] INFO  impl.FollowerState (FollowerState.java:run(114)) - adb6bfc4-9812-4cd1-b89d-2074f9496068: FollowerState was interrupted: java.lang.InterruptedException: sleep interrupted
2019-08-29 08:20:24,168 [grpc-default-executor-1] INFO  impl.RaftServerImpl (RaftServerImpl.java:setRole(171)) - 5563f767-f7a1-4491-bdfb-72abdf0fc1e3:group-ACD6E6CF1097 changes role from FOLLOWER to FOLLOWER at term 1 for recognizeCandidate:078fe6a9-1ebb-4542-b6cd-585ed8de9dab
2019-08-29 08:20:24,169 [grpc-default-executor-1] INFO  impl.RoleInfo (RoleInfo.java:shutdownFollowerState(121)) - 5563f767-f7a1-4491-bdfb-72abdf0fc1e3: shutdown FollowerState
2019-08-29 08:20:24,169 [grpc-default-executor-1] INFO  impl.RoleInfo (RoleInfo.java:updateAndGet(143)) - 5563f767-f7a1-4491-bdfb-72abdf0fc1e3: start FollowerState
2019-08-29 08:20:24,169 [Thread-274] INFO  impl.FollowerState (FollowerState.java:run(114)) - 5563f767-f7a1-4491-bdfb-72abdf0fc1e3: FollowerState was interrupted: java.lang.InterruptedException: sleep interrupted
2019-08-29 08:20:24,171 [886c450c-7866-4fa0-a628-dd927eae8405:group-FC084516F7F3:LeaderElection7] INFO  impl.LeaderElection (LeaderElection.java:logAndReturn(56)) - 886c450c-7866-4fa0-a628-dd927eae8405:group-FC084516F7F3:LeaderElection7: Election REJECTED; received 2 response(s) [886c450c-7866-4fa0-a628-dd927eae8405<-a31cf192-49b2-4ed1-810f-c25f32e91362#0:FAIL-t1, 886c450c-7866-4fa0-a628-dd927eae8405<-0478feb3-a59d-4754-80fd-79ba24eb7e66#0:FAIL-t1] and 0 exception(s); 886c450c-7866-4fa0-a628-dd927eae8405:t1, leader=null, voted=886c450c-7866-4fa0-a628-dd927eae8405, raftlog=886c450c-7866-4fa0-a628-dd927eae8405-SegmentedRaftLog:OPENED:c-1,f-1,i0, conf=-1: [886c450c-7866-4fa0-a628-dd927eae8405:192.168.34.54:36470, a31cf192-49b2-4ed1-810f-c25f32e91362:192.168.34.54:39448, 0478feb3-a59d-4754-80fd-79ba24eb7e66:192.168.34.54:42750], old=null
2019-08-29 08:20:24,172 [a31cf192-49b2-4ed1-810f-c25f32e91362:group-FC084516F7F3:LeaderElection10] INFO  impl.LeaderElection (LeaderElection.java:logAndReturn(56)) - a31cf192-49b2-4ed1-810f-c25f32e91362:group-FC084516F7F3:LeaderElection10: Election REJECTED; received 2 response(s) [a31cf192-49b2-4ed1-810f-c25f32e91362<-886c450c-7866-4fa0-a628-dd927eae8405#0:FAIL-t1, a31cf192-49b2-4ed1-810f-c25f32e91362<-0478feb3-a59d-4754-80fd-79ba24eb7e66#0:FAIL-t1] and 0 exception(s); a31cf192-49b2-4ed1-810f-c25f32e91362:t1, leader=null, voted=a31cf192-49b2-4ed1-810f-c25f32e91362, raftlog=a31cf192-49b2-4ed1-810f-c25f32e91362-SegmentedRaftLog:OPENED:c-1,f-1,i0, conf=-1: [886c450c-7866-4fa0-a628-dd927eae8405:192.168.34.54:36470, a31cf192-49b2-4ed1-810f-c25f32e91362:192.168.34.54:39448, 0478feb3-a59d-4754-80fd-79ba24eb7e66:192.168.34.54:42750], old=null
2019-08-29 08:20:24,172 [886c450c-7866-4fa0-a628-dd927eae8405:group-FC084516F7F3:LeaderElection7] INFO  impl.RaftServerImpl (RaftServerImpl.java:setRole(171)) - 886c450c-7866-4fa0-a628-dd927eae8405:group-FC084516F7F3 changes role from CANDIDATE to FOLLOWER at term 1 for DISCOVERED_A_NEW_TERM
2019-08-29 08:20:24,172 [0478feb3-a59d-4754-80fd-79ba24eb7e66:group-FC084516F7F3:LeaderElection9] INFO  impl.LeaderElection (LeaderElection.java:logAndReturn(56)) - 0478feb3-a59d-4754-80fd-79ba24eb7e66:group-FC084516F7F3:LeaderElection9: Election REJECTED; received 2 response(s) [0478feb3-a59d-4754-80fd-79ba24eb7e66<-886c450c-7866-4fa0-a628-dd927eae8405#0:FAIL-t1, 0478feb3-a59d-4754-80fd-79ba24eb7e66<-a31cf192-49b2-4ed1-810f-c25f32e91362#0:FAIL-t1] and 0 exception(s); 0478feb3-a59d-4754-80fd-79ba24eb7e66:t1, leader=null, voted=0478feb3-a59d-4754-80fd-79ba24eb7e66, raftlog=0478feb3-a59d-4754-80fd-79ba24eb7e66-SegmentedRaftLog:OPENED:c-1,f-1,i0, conf=-1: [886c450c-7866-4fa0-a628-dd927eae8405:192.168.34.54:36470, a31cf192-49b2-4ed1-810f-c25f32e91362:192.168.34.54:39448, 0478feb3-a59d-4754-80fd-79ba24eb7e66:192.168.34.54:42750], old=null
2019-08-29 08:20:24,177 [0478feb3-a59d-4754-80fd-79ba24eb7e66:group-FC084516F7F3:LeaderElection9] INFO  impl.RaftServerImpl (RaftServerImpl.java:setRole(171)) - 0478feb3-a59d-4754-80fd-79ba24eb7e66:group-FC084516F7F3 changes role from CANDIDATE to FOLLOWER at term 1 for DISCOVERED_A_NEW_TERM
2019-08-29 08:20:24,178 [a31cf192-49b2-4ed1-810f-c25f32e91362:group-FC084516F7F3:LeaderElection10] INFO  impl.RaftServerImpl (RaftServerImpl.java:setRole(171)) - a31cf192-49b2-4ed1-810f-c25f32e91362:group-FC084516F7F3 changes role from CANDIDATE to FOLLOWER at term 1 for DISCOVERED_A_NEW_TERM
2019-08-29 08:20:24,178 [886c450c-7866-4fa0-a628-dd927eae8405:group-FC084516F7F3:LeaderElection7] INFO  impl.RoleInfo (RoleInfo.java:shutdownLeaderElection(134)) - 886c450c-7866-4fa0-a628-dd927eae8405: shutdown LeaderElection
2019-08-29 08:20:24,182 [a31cf192-49b2-4ed1-810f-c25f32e91362:group-FC084516F7F3:LeaderElection10] INFO  impl.RoleInfo (RoleInfo.java:shutdownLeaderElection(134)) - a31cf192-49b2-4ed1-810f-c25f32e91362: shutdown LeaderElection
2019-08-29 08:20:24,180 [0478feb3-a59d-4754-80fd-79ba24eb7e66:group-FC084516F7F3:LeaderElection9] INFO  impl.RoleInfo (RoleInfo.java:shutdownLeaderElection(134)) - 0478feb3-a59d-4754-80fd-79ba24eb7e66: shutdown LeaderElection
2019-08-29 08:20:24,182 [a31cf192-49b2-4ed1-810f-c25f32e91362:group-FC084516F7F3:LeaderElection10] INFO  impl.RoleInfo (RoleInfo.java:updateAndGet(143)) - a31cf192-49b2-4ed1-810f-c25f32e91362: start FollowerState
2019-08-29 08:20:24,182 [886c450c-7866-4fa0-a628-dd927eae8405:group-FC084516F7F3:LeaderElection7] INFO  impl.RoleInfo (RoleInfo.java:updateAndGet(143)) - 886c450c-7866-4fa0-a628-dd927eae8405: start FollowerState
2019-08-29 08:20:24,182 [0478feb3-a59d-4754-80fd-79ba24eb7e66:group-FC084516F7F3:LeaderElection9] INFO  impl.RoleInfo (RoleInfo.java:updateAndGet(143)) - 0478feb3-a59d-4754-80fd-79ba24eb7e66: start FollowerState
2019-08-29 08:20:24,192 [078fe6a9-1ebb-4542-b6cd-585ed8de9dab:group-ACD6E6CF1097:LeaderElection11] INFO  impl.LeaderElection (LeaderElection.java:logAndReturn(56)) - 078fe6a9-1ebb-4542-b6cd-585ed8de9dab:group-ACD6E6CF1097:LeaderElection11: Election PASSED; received 1 response(s) [078fe6a9-1ebb-4542-b6cd-585ed8de9dab<-5563f767-f7a1-4491-bdfb-72abdf0fc1e3#0:OK-t1] and 0 exception(s); 078fe6a9-1ebb-4542-b6cd-585ed8de9dab:t1, leader=null, voted=078fe6a9-1ebb-4542-b6cd-585ed8de9dab, raftlog=078fe6a9-1ebb-4542-b6cd-585ed8de9dab-SegmentedRaftLog:OPENED:c-1,f-1,i0, conf=-1: [5563f767-f7a1-4491-bdfb-72abdf0fc1e3:192.168.34.54:35195, adb6bfc4-9812-4cd1-b89d-2074f9496068:192.168.34.54:35148, 078fe6a9-1ebb-4542-b6cd-585ed8de9dab:192.168.34.54:44324], old=null
2019-08-29 08:20:24,193 [078fe6a9-1ebb-4542-b6cd-585ed8de9dab:group-ACD6E6CF1097:LeaderElection11] INFO  impl.RoleInfo (RoleInfo.java:shutdownLeaderElection(134)) - 078fe6a9-1ebb-4542-b6cd-585ed8de9dab: shutdown LeaderElection
2019-08-29 08:20:24,199 [078fe6a9-1ebb-4542-b6cd-585ed8de9dab:group-ACD6E6CF1097:LeaderElection11] INFO  impl.RaftServerImpl (RaftServerImpl.java:setRole(171)) - 078fe6a9-1ebb-4542-b6cd-585ed8de9dab:group-ACD6E6CF1097 changes role from CANDIDATE to LEADER at term 1 for changeToLeader
2019-08-29 08:20:24,199 [078fe6a9-1ebb-4542-b6cd-585ed8de9dab:group-ACD6E6CF1097:LeaderElection11] INFO  impl.RaftServerImpl (ServerState.java:setLeader(263)) - 078fe6a9-1ebb-4542-b6cd-585ed8de9dab:group-ACD6E6CF1097 change Leader from null to 078fe6a9-1ebb-4542-b6cd-585ed8de9dab at term 1 for becomeLeader, leader elected after 5109ms
2019-08-29 08:20:24,199 [078fe6a9-1ebb-4542-b6cd-585ed8de9dab:group-ACD6E6CF1097:LeaderElection11] INFO  server.RaftServerConfigKeys (ConfUtils.java:logGet(43)) - raft.server.staging.catchup.gap = 1000 (default)
2019-08-29 08:20:24,200 [078fe6a9-1ebb-4542-b6cd-585ed8de9dab:group-ACD6E6CF1097:LeaderElection11] INFO  server.RaftServerConfigKeys (ConfUtils.java:logGet(43)) - raft.server.rpc.sleep.time = 25ms (default)
2019-08-29 08:20:24,200 [078fe6a9-1ebb-4542-b6cd-585ed8de9dab:group-ACD6E6CF1097:LeaderElection11] INFO  server.RaftServerConfigKeys (ConfUtils.java:logGet(43)) - raft.server.write.element-limit = 4096 (default)
2019-08-29 08:20:24,200 [078fe6a9-1ebb-4542-b6cd-585ed8de9dab:group-ACD6E6CF1097:LeaderElection11] INFO  server.RaftServerConfigKeys (ConfUtils.java:logGet(43)) - raft.server.watch.timeout = 10s (default)
2019-08-29 08:20:24,200 [078fe6a9-1ebb-4542-b6cd-585ed8de9dab:group-ACD6E6CF1097:LeaderElection11] INFO  server.RaftServerConfigKeys (ConfUtils.java:logGet(43)) - raft.server.watch.timeout.denomination = 1s (default)
2019-08-29 08:20:24,200 [078fe6a9-1ebb-4542-b6cd-585ed8de9dab:group-ACD6E6CF1097:LeaderElection11] INFO  server.RaftServerConfigKeys (ConfUtils.java:logGet(43)) - raft.server.watch.element-limit = 65536 (default)
2019-08-29 08:20:24,202 [078fe6a9-1ebb-4542-b6cd-585ed8de9dab:group-ACD6E6CF1097:LeaderElection11] INFO  server.RaftServerConfigKeys (ConfUtils.java:logGet(43)) - raft.server.log.appender.snapshot.chunk.size.max = 16MB (=16777216) (default)
2019-08-29 08:20:24,202 [078fe6a9-1ebb-4542-b6cd-585ed8de9dab:group-ACD6E6CF1097:LeaderElection11] INFO  server.RaftServerConfigKeys (ConfUtils.java:logGet(43)) - raft.server.log.appender.buffer.byte-limit = 33554432 (custom)
2019-08-29 08:20:24,203 [078fe6a9-1ebb-4542-b6cd-585ed8de9dab:group-ACD6E6CF1097:LeaderElection11] INFO  server.RaftServerConfigKeys (ConfUtils.java:logGet(43)) - raft.server.log.appender.buffer.element-limit = 1 (custom)
2019-08-29 08:20:24,206 [078fe6a9-1ebb-4542-b6cd-585ed8de9dab:group-ACD6E6CF1097:LeaderElection11] INFO  grpc.GrpcConfigKeys$Server (ConfUtils.java:logGet(43)) - raft.grpc.server.leader.outstanding.appends.max = 128 (default)
2019-08-29 08:20:24,207 [078fe6a9-1ebb-4542-b6cd-585ed8de9dab:group-ACD6E6CF1097:LeaderElection11] INFO  server.RaftServerConfigKeys (ConfUtils.java:logGet(43)) - raft.server.rpc.request.timeout = 3000ms (default)
2019-08-29 08:20:24,207 [078fe6a9-1ebb-4542-b6cd-585ed8de9dab:group-ACD6E6CF1097:LeaderElection11] INFO  server.RaftServerConfigKeys (ConfUtils.java:logGet(43)) - raft.server.log.appender.install.snapshot.enabled = false (custom)
2019-08-29 08:20:24,207 [078fe6a9-1ebb-4542-b6cd-585ed8de9dab:group-ACD6E6CF1097:LeaderElection11] INFO  server.RaftServerConfigKeys (ConfUtils.java:logGet(43)) - raft.server.log.appender.snapshot.chunk.size.max = 16MB (=16777216) (default)
2019-08-29 08:20:24,207 [078fe6a9-1ebb-4542-b6cd-585ed8de9dab:group-ACD6E6CF1097:LeaderElection11] INFO  server.RaftServerConfigKeys (ConfUtils.java:logGet(43)) - raft.server.log.appender.buffer.byte-limit = 33554432 (custom)
2019-08-29 08:20:24,208 [078fe6a9-1ebb-4542-b6cd-585ed8de9dab:group-ACD6E6CF1097:LeaderElection11] INFO  server.RaftServerConfigKeys (ConfUtils.java:logGet(43)) - raft.server.log.appender.buffer.element-limit = 1 (custom)
2019-08-29 08:20:24,208 [078fe6a9-1ebb-4542-b6cd-585ed8de9dab:group-ACD6E6CF1097:LeaderElection11] INFO  grpc.GrpcConfigKeys$Server (ConfUtils.java:logGet(43)) - raft.grpc.server.leader.outstanding.appends.max = 128 (default)
2019-08-29 08:20:24,208 [078fe6a9-1ebb-4542-b6cd-585ed8de9dab:group-ACD6E6CF1097:LeaderElection11] INFO  server.RaftServerConfigKeys (ConfUtils.java:logGet(43)) - raft.server.rpc.request.timeout = 3000ms (default)
2019-08-29 08:20:24,208 [078fe6a9-1ebb-4542-b6cd-585ed8de9dab:group-ACD6E6CF1097:LeaderElection11] INFO  server.RaftServerConfigKeys (ConfUtils.java:logGet(43)) - raft.server.log.appender.install.snapshot.enabled = false (custom)
2019-08-29 08:20:24,209 [078fe6a9-1ebb-4542-b6cd-585ed8de9dab:group-ACD6E6CF1097:LeaderElection11] INFO  impl.RoleInfo (RoleInfo.java:updateAndGet(143)) - 078fe6a9-1ebb-4542-b6cd-585ed8de9dab: start LeaderState
2019-08-29 08:20:24,209 [078fe6a9-1ebb-4542-b6cd-585ed8de9dab:group-ACD6E6CF1097:LeaderElection11] INFO  segmented.SegmentedRaftLogWorker (SegmentedRaftLogWorker.java:startLogSegment(380)) - 078fe6a9-1ebb-4542-b6cd-585ed8de9dab-SegmentedRaftLogWorker:Storage Directory /workdir/hadoop-ozone/integration-test/target/test-dir/MiniOzoneClusterImpl-7b999817-2419-4622-80b2-2544eebeee1e/datanode-0/data/ratis/a04bb618-ebac-4486-85c1-acd6e6cf1097: Starting segment from index:0
2019-08-29 08:20:24,210 [078fe6a9-1ebb-4542-b6cd-585ed8de9dab:group-ACD6E6CF1097:LeaderElection11] INFO  impl.RaftServerImpl (ServerState.java:setRaftConf(361)) - 078fe6a9-1ebb-4542-b6cd-585ed8de9dab:group-ACD6E6CF1097 set configuration 0: [5563f767-f7a1-4491-bdfb-72abdf0fc1e3:192.168.34.54:35195, adb6bfc4-9812-4cd1-b89d-2074f9496068:192.168.34.54:35148, 078fe6a9-1ebb-4542-b6cd-585ed8de9dab:192.168.34.54:44324], old=null at 0
2019-08-29 08:20:24,249 [078fe6a9-1ebb-4542-b6cd-585ed8de9dab-SegmentedRaftLogWorker:Storage Directory /workdir/hadoop-ozone/integration-test/target/test-dir/MiniOzoneClusterImpl-7b999817-2419-4622-80b2-2544eebeee1e/datanode-0/data/ratis/a04bb618-ebac-4486-85c1-acd6e6cf1097] INFO  segmented.SegmentedRaftLogWorker (SegmentedRaftLogWorker.java:execute(569)) - 078fe6a9-1ebb-4542-b6cd-585ed8de9dab-SegmentedRaftLogWorker:Storage Directory /workdir/hadoop-ozone/integration-test/target/test-dir/MiniOzoneClusterImpl-7b999817-2419-4622-80b2-2544eebeee1e/datanode-0/data/ratis/a04bb618-ebac-4486-85c1-acd6e6cf1097: created new log segment /workdir/hadoop-ozone/integration-test/target/test-dir/MiniOzoneClusterImpl-7b999817-2419-4622-80b2-2544eebeee1e/datanode-0/data/ratis/a04bb618-ebac-4486-85c1-acd6e6cf1097/current/log_inprogress_0
2019-08-29 08:20:24,255 [grpc-default-executor-6] INFO  impl.RaftServerImpl (ServerState.java:setLeader(263)) - adb6bfc4-9812-4cd1-b89d-2074f9496068:group-ACD6E6CF1097 change Leader from null to 078fe6a9-1ebb-4542-b6cd-585ed8de9dab at term 1 for appendEntries, leader elected after 5165ms
2019-08-29 08:20:24,255 [grpc-default-executor-1] INFO  impl.RaftServerImpl (ServerState.java:setLeader(263)) - 5563f767-f7a1-4491-bdfb-72abdf0fc1e3:group-ACD6E6CF1097 change Leader from null to 078fe6a9-1ebb-4542-b6cd-585ed8de9dab at term 1 for appendEntries, leader elected after 5165ms
2019-08-29 08:20:24,286 [grpc-default-executor-6] INFO  impl.RaftServerImpl (ServerState.java:setRaftConf(361)) - 5563f767-f7a1-4491-bdfb-72abdf0fc1e3:group-ACD6E6CF1097 set configuration 0: [5563f767-f7a1-4491-bdfb-72abdf0fc1e3:192.168.34.54:35195, adb6bfc4-9812-4cd1-b89d-2074f9496068:192.168.34.54:35148, 078fe6a9-1ebb-4542-b6cd-585ed8de9dab:192.168.34.54:44324], old=null at 0
2019-08-29 08:20:24,286 [grpc-default-executor-1] INFO  impl.RaftServerImpl (ServerState.java:setRaftConf(361)) - adb6bfc4-9812-4cd1-b89d-2074f9496068:group-ACD6E6CF1097 set configuration 0: [5563f767-f7a1-4491-bdfb-72abdf0fc1e3:192.168.34.54:35195, adb6bfc4-9812-4cd1-b89d-2074f9496068:192.168.34.54:35148, 078fe6a9-1ebb-4542-b6cd-585ed8de9dab:192.168.34.54:44324], old=null at 0
2019-08-29 08:20:24,286 [grpc-default-executor-6] INFO  segmented.SegmentedRaftLogWorker (SegmentedRaftLogWorker.java:startLogSegment(380)) - 5563f767-f7a1-4491-bdfb-72abdf0fc1e3-SegmentedRaftLogWorker:Storage Directory /workdir/hadoop-ozone/integration-test/target/test-dir/MiniOzoneClusterImpl-7b999817-2419-4622-80b2-2544eebeee1e/datanode-6/data/ratis/a04bb618-ebac-4486-85c1-acd6e6cf1097: Starting segment from index:0
2019-08-29 08:20:24,287 [grpc-default-executor-1] INFO  segmented.SegmentedRaftLogWorker (SegmentedRaftLogWorker.java:startLogSegment(380)) - adb6bfc4-9812-4cd1-b89d-2074f9496068-SegmentedRaftLogWorker:Storage Directory /workdir/hadoop-ozone/integration-test/target/test-dir/MiniOzoneClusterImpl-7b999817-2419-4622-80b2-2544eebeee1e/datanode-1/data/ratis/a04bb618-ebac-4486-85c1-acd6e6cf1097: Starting segment from index:0
2019-08-29 08:20:24,324 [5563f767-f7a1-4491-bdfb-72abdf0fc1e3-SegmentedRaftLogWorker:Storage Directory /workdir/hadoop-ozone/integration-test/target/test-dir/MiniOzoneClusterImpl-7b999817-2419-4622-80b2-2544eebeee1e/datanode-6/data/ratis/a04bb618-ebac-4486-85c1-acd6e6cf1097] INFO  segmented.SegmentedRaftLogWorker (SegmentedRaftLogWorker.java:execute(569)) - 5563f767-f7a1-4491-bdfb-72abdf0fc1e3-SegmentedRaftLogWorker:Storage Directory /workdir/hadoop-ozone/integration-test/target/test-dir/MiniOzoneClusterImpl-7b999817-2419-4622-80b2-2544eebeee1e/datanode-6/data/ratis/a04bb618-ebac-4486-85c1-acd6e6cf1097: created new log segment /workdir/hadoop-ozone/integration-test/target/test-dir/MiniOzoneClusterImpl-7b999817-2419-4622-80b2-2544eebeee1e/datanode-6/data/ratis/a04bb618-ebac-4486-85c1-acd6e6cf1097/current/log_inprogress_0
2019-08-29 08:20:24,324 [adb6bfc4-9812-4cd1-b89d-2074f9496068-SegmentedRaftLogWorker:Storage Directory /workdir/hadoop-ozone/integration-test/target/test-dir/MiniOzoneClusterImpl-7b999817-2419-4622-80b2-2544eebeee1e/datanode-1/data/ratis/a04bb618-ebac-4486-85c1-acd6e6cf1097] INFO  segmented.SegmentedRaftLogWorker (SegmentedRaftLogWorker.java:execute(569)) - adb6bfc4-9812-4cd1-b89d-2074f9496068-SegmentedRaftLogWorker:Storage Directory /workdir/hadoop-ozone/integration-test/target/test-dir/MiniOzoneClusterImpl-7b999817-2419-4622-80b2-2544eebeee1e/datanode-1/data/ratis/a04bb618-ebac-4486-85c1-acd6e6cf1097: created new log segment /workdir/hadoop-ozone/integration-test/target/test-dir/MiniOzoneClusterImpl-7b999817-2419-4622-80b2-2544eebeee1e/datanode-1/data/ratis/a04bb618-ebac-4486-85c1-acd6e6cf1097/current/log_inprogress_0
2019-08-29 08:20:24,331 | INFO  | SCMAudit | user=jenkins1000 | ip=192.168.34.54 | op=SEND_HEARTBEAT {datanodeUUID=886c450c-7866-4fa0-a628-dd927eae8405, command=[]} | ret=SUCCESS |  
2019-08-29 08:20:24,381 | INFO  | SCMAudit | user=jenkins1000 | ip=192.168.34.54 | op=SEND_HEARTBEAT {datanodeUUID=adb6bfc4-9812-4cd1-b89d-2074f9496068, command=[]} | ret=SUCCESS |  
2019-08-29 08:20:24,620 | INFO  | SCMAudit | user=jenkins1000 | ip=192.168.34.54 | op=SEND_HEARTBEAT {datanodeUUID=0478feb3-a59d-4754-80fd-79ba24eb7e66, command=[]} | ret=SUCCESS |  
2019-08-29 08:20:24,652 [grpc-default-executor-1] INFO  client.GrpcClientProtocolClient (GrpcClientProtocolClient.java:onNext(255)) - client-06321B7A3B9E->a31cf192-49b2-4ed1-810f-c25f32e91362: receive RaftClientReply:client-06321B7A3B9E->a31cf192-49b2-4ed1-810f-c25f32e91362@group-FC084516F7F3, cid=13, FAILED org.apache.ratis.protocol.NotLeaderException: Server a31cf192-49b2-4ed1-810f-c25f32e91362 is not the leader (null). Request must be sent to leader., logIndex=0, commits[a31cf192-49b2-4ed1-810f-c25f32e91362:c-1]
2019-08-29 08:20:24,797 | INFO  | SCMAudit | user=jenkins1000 | ip=192.168.34.54 | op=SEND_HEARTBEAT {datanodeUUID=5563f767-f7a1-4491-bdfb-72abdf0fc1e3, command=[]} | ret=SUCCESS |  
2019-08-29 08:20:24,853 | INFO  | SCMAudit | user=jenkins1000 | ip=192.168.34.54 | op=SEND_HEARTBEAT {datanodeUUID=a31cf192-49b2-4ed1-810f-c25f32e91362, command=[]} | ret=SUCCESS |  
2019-08-29 08:20:24,993 | INFO  | SCMAudit | user=jenkins1000 | ip=192.168.34.54 | op=SEND_HEARTBEAT {datanodeUUID=856f75f6-80db-48b1-966d-fd6b52a68619, command=[]} | ret=SUCCESS |  
2019-08-29 08:20:25,117 | INFO  | SCMAudit | user=jenkins1000 | ip=192.168.34.54 | op=SEND_HEARTBEAT {datanodeUUID=078fe6a9-1ebb-4542-b6cd-585ed8de9dab, command=[]} | ret=SUCCESS |  
2019-08-29 08:20:25,332 | INFO  | SCMAudit | user=jenkins1000 | ip=192.168.34.54 | op=SEND_HEARTBEAT {datanodeUUID=886c450c-7866-4fa0-a628-dd927eae8405, command=[]} | ret=SUCCESS |  
2019-08-29 08:20:25,382 | INFO  | SCMAudit | user=jenkins1000 | ip=192.168.34.54 | op=SEND_HEARTBEAT {datanodeUUID=adb6bfc4-9812-4cd1-b89d-2074f9496068, command=[]} | ret=SUCCESS |  
2019-08-29 08:20:25,620 | INFO  | SCMAudit | user=jenkins1000 | ip=192.168.34.54 | op=SEND_HEARTBEAT {datanodeUUID=0478feb3-a59d-4754-80fd-79ba24eb7e66, command=[]} | ret=SUCCESS |  
2019-08-29 08:20:25,678 [grpc-default-executor-6] INFO  client.GrpcClientProtocolClient (GrpcClientProtocolClient.java:onNext(255)) - client-06321B7A3B9E->0478feb3-a59d-4754-80fd-79ba24eb7e66: receive RaftClientReply:client-06321B7A3B9E->0478feb3-a59d-4754-80fd-79ba24eb7e66@group-FC084516F7F3, cid=13, FAILED org.apache.ratis.protocol.NotLeaderException: Server 0478feb3-a59d-4754-80fd-79ba24eb7e66 is not the leader (null). Request must be sent to leader., logIndex=0, commits[0478feb3-a59d-4754-80fd-79ba24eb7e66:c-1]
2019-08-29 08:20:25,796 | INFO  | SCMAudit | user=jenkins1000 | ip=192.168.34.54 | op=SEND_HEARTBEAT {datanodeUUID=5563f767-f7a1-4491-bdfb-72abdf0fc1e3, command=[]} | ret=SUCCESS |  
2019-08-29 08:20:25,853 | INFO  | SCMAudit | user=jenkins1000 | ip=192.168.34.54 | op=SEND_HEARTBEAT {datanodeUUID=a31cf192-49b2-4ed1-810f-c25f32e91362, command=[]} | ret=SUCCESS |  
2019-08-29 08:20:25,993 | INFO  | SCMAudit | user=jenkins1000 | ip=192.168.34.54 | op=SEND_HEARTBEAT {datanodeUUID=856f75f6-80db-48b1-966d-fd6b52a68619, command=[]} | ret=SUCCESS |  
2019-08-29 08:20:26,117 | INFO  | SCMAudit | user=jenkins1000 | ip=192.168.34.54 | op=SEND_HEARTBEAT {datanodeUUID=078fe6a9-1ebb-4542-b6cd-585ed8de9dab, command=[]} | ret=SUCCESS |  
2019-08-29 08:20:26,331 | INFO  | SCMAudit | user=jenkins1000 | ip=192.168.34.54 | op=SEND_HEARTBEAT {datanodeUUID=886c450c-7866-4fa0-a628-dd927eae8405, command=[]} | ret=SUCCESS |  
2019-08-29 08:20:26,382 | INFO  | SCMAudit | user=jenkins1000 | ip=192.168.34.54 | op=SEND_HEARTBEAT {datanodeUUID=adb6bfc4-9812-4cd1-b89d-2074f9496068, command=[]} | ret=SUCCESS |  
2019-08-29 08:20:26,621 | INFO  | SCMAudit | user=jenkins1000 | ip=192.168.34.54 | op=SEND_HEARTBEAT {datanodeUUID=0478feb3-a59d-4754-80fd-79ba24eb7e66, command=[]} | ret=SUCCESS |  
2019-08-29 08:20:26,703 [grpc-default-executor-1] INFO  client.GrpcClientProtocolClient (GrpcClientProtocolClient.java:onNext(255)) - client-06321B7A3B9E->886c450c-7866-4fa0-a628-dd927eae8405: receive RaftClientReply:client-06321B7A3B9E->886c450c-7866-4fa0-a628-dd927eae8405@group-FC084516F7F3, cid=13, FAILED org.apache.ratis.protocol.NotLeaderException: Server 886c450c-7866-4fa0-a628-dd927eae8405 is not the leader (null). Request must be sent to leader., logIndex=0, commits[886c450c-7866-4fa0-a628-dd927eae8405:c-1]
2019-08-29 08:20:26,796 | INFO  | SCMAudit | user=jenkins1000 | ip=192.168.34.54 | op=SEND_HEARTBEAT {datanodeUUID=5563f767-f7a1-4491-bdfb-72abdf0fc1e3, command=[]} | ret=SUCCESS |  
2019-08-29 08:20:26,853 | INFO  | SCMAudit | user=jenkins1000 | ip=192.168.34.54 | op=SEND_HEARTBEAT {datanodeUUID=a31cf192-49b2-4ed1-810f-c25f32e91362, command=[]} | ret=SUCCESS |  
2019-08-29 08:20:26,993 | INFO  | SCMAudit | user=jenkins1000 | ip=192.168.34.54 | op=SEND_HEARTBEAT {datanodeUUID=856f75f6-80db-48b1-966d-fd6b52a68619, command=[]} | ret=SUCCESS |  
2019-08-29 08:20:27,117 | INFO  | SCMAudit | user=jenkins1000 | ip=192.168.34.54 | op=SEND_HEARTBEAT {datanodeUUID=078fe6a9-1ebb-4542-b6cd-585ed8de9dab, command=[]} | ret=SUCCESS |  
2019-08-29 08:20:27,331 | INFO  | SCMAudit | user=jenkins1000 | ip=192.168.34.54 | op=SEND_HEARTBEAT {datanodeUUID=886c450c-7866-4fa0-a628-dd927eae8405, command=[]} | ret=SUCCESS |  
2019-08-29 08:20:27,383 | INFO  | SCMAudit | user=jenkins1000 | ip=192.168.34.54 | op=SEND_HEARTBEAT {datanodeUUID=adb6bfc4-9812-4cd1-b89d-2074f9496068, command=[]} | ret=SUCCESS |  
2019-08-29 08:20:27,621 | INFO  | SCMAudit | user=jenkins1000 | ip=192.168.34.54 | op=SEND_HEARTBEAT {datanodeUUID=0478feb3-a59d-4754-80fd-79ba24eb7e66, command=[]} | ret=SUCCESS |  
2019-08-29 08:20:27,728 [grpc-default-executor-1] INFO  client.GrpcClientProtocolClient (GrpcClientProtocolClient.java:onNext(255)) - client-06321B7A3B9E->0478feb3-a59d-4754-80fd-79ba24eb7e66: receive RaftClientReply:client-06321B7A3B9E->0478feb3-a59d-4754-80fd-79ba24eb7e66@group-FC084516F7F3, cid=13, FAILED org.apache.ratis.protocol.NotLeaderException: Server 0478feb3-a59d-4754-80fd-79ba24eb7e66 is not the leader (null). Request must be sent to leader., logIndex=0, commits[0478feb3-a59d-4754-80fd-79ba24eb7e66:c-1]
2019-08-29 08:20:27,797 | INFO  | SCMAudit | user=jenkins1000 | ip=192.168.34.54 | op=SEND_HEARTBEAT {datanodeUUID=5563f767-f7a1-4491-bdfb-72abdf0fc1e3, command=[]} | ret=SUCCESS |  
2019-08-29 08:20:27,853 | INFO  | SCMAudit | user=jenkins1000 | ip=192.168.34.54 | op=SEND_HEARTBEAT {datanodeUUID=a31cf192-49b2-4ed1-810f-c25f32e91362, command=[]} | ret=SUCCESS |  
2019-08-29 08:20:27,993 | INFO  | SCMAudit | user=jenkins1000 | ip=192.168.34.54 | op=SEND_HEARTBEAT {datanodeUUID=856f75f6-80db-48b1-966d-fd6b52a68619, command=[]} | ret=SUCCESS |  
2019-08-29 08:20:28,118 | INFO  | SCMAudit | user=jenkins1000 | ip=192.168.34.54 | op=SEND_HEARTBEAT {datanodeUUID=078fe6a9-1ebb-4542-b6cd-585ed8de9dab, command=[]} | ret=SUCCESS |  
2019-08-29 08:20:28,332 | INFO  | SCMAudit | user=jenkins1000 | ip=192.168.34.54 | op=SEND_HEARTBEAT {datanodeUUID=886c450c-7866-4fa0-a628-dd927eae8405, command=[]} | ret=SUCCESS |  
2019-08-29 08:20:28,383 | INFO  | SCMAudit | user=jenkins1000 | ip=192.168.34.54 | op=SEND_HEARTBEAT {datanodeUUID=adb6bfc4-9812-4cd1-b89d-2074f9496068, command=[]} | ret=SUCCESS |  
2019-08-29 08:20:28,620 | INFO  | SCMAudit | user=jenkins1000 | ip=192.168.34.54 | op=SEND_HEARTBEAT {datanodeUUID=0478feb3-a59d-4754-80fd-79ba24eb7e66, command=[]} | ret=SUCCESS |  
2019-08-29 08:20:28,750 [grpc-default-executor-6] INFO  client.GrpcClientProtocolClient (GrpcClientProtocolClient.java:onNext(255)) - client-06321B7A3B9E->886c450c-7866-4fa0-a628-dd927eae8405: receive RaftClientReply:client-06321B7A3B9E->886c450c-7866-4fa0-a628-dd927eae8405@group-FC084516F7F3, cid=13, FAILED org.apache.ratis.protocol.NotLeaderException: Server 886c450c-7866-4fa0-a628-dd927eae8405 is not the leader (null). Request must be sent to leader., logIndex=0, commits[886c450c-7866-4fa0-a628-dd927eae8405:c-1]
2019-08-29 08:20:28,798 | INFO  | SCMAudit | user=jenkins1000 | ip=192.168.34.54 | op=SEND_HEARTBEAT {datanodeUUID=5563f767-f7a1-4491-bdfb-72abdf0fc1e3, command=[]} | ret=SUCCESS |  
2019-08-29 08:20:28,853 | INFO  | SCMAudit | user=jenkins1000 | ip=192.168.34.54 | op=SEND_HEARTBEAT {datanodeUUID=a31cf192-49b2-4ed1-810f-c25f32e91362, command=[]} | ret=SUCCESS |  
2019-08-29 08:20:28,993 | INFO  | SCMAudit | user=jenkins1000 | ip=192.168.34.54 | op=SEND_HEARTBEAT {datanodeUUID=856f75f6-80db-48b1-966d-fd6b52a68619, command=[]} | ret=SUCCESS |  
2019-08-29 08:20:29,118 | INFO  | SCMAudit | user=jenkins1000 | ip=192.168.34.54 | op=SEND_HEARTBEAT {datanodeUUID=078fe6a9-1ebb-4542-b6cd-585ed8de9dab, command=[]} | ret=SUCCESS |  
2019-08-29 08:20:29,192 [Thread-325] INFO  impl.FollowerState (FollowerState.java:run(106)) - a31cf192-49b2-4ed1-810f-c25f32e91362:group-FC084516F7F3 changes to CANDIDATE, lastRpcTime:5010, electionTimeout:5007ms
2019-08-29 08:20:29,195 [Thread-325] INFO  impl.RoleInfo (RoleInfo.java:shutdownFollowerState(121)) - a31cf192-49b2-4ed1-810f-c25f32e91362: shutdown FollowerState
2019-08-29 08:20:29,195 [Thread-325] INFO  impl.RaftServerImpl (RaftServerImpl.java:setRole(171)) - a31cf192-49b2-4ed1-810f-c25f32e91362:group-FC084516F7F3 changes role from FOLLOWER to CANDIDATE at term 1 for changeToCandidate
2019-08-29 08:20:29,195 [Thread-325] INFO  impl.RoleInfo (RoleInfo.java:updateAndGet(143)) - a31cf192-49b2-4ed1-810f-c25f32e91362: start LeaderElection
2019-08-29 08:20:29,212 [a31cf192-49b2-4ed1-810f-c25f32e91362:group-FC084516F7F3:LeaderElection12] INFO  impl.LeaderElection (LeaderElection.java:askForVotes(181)) - a31cf192-49b2-4ed1-810f-c25f32e91362:group-FC084516F7F3:LeaderElection12: begin an election at term 2 for -1: [886c450c-7866-4fa0-a628-dd927eae8405:192.168.34.54:36470, a31cf192-49b2-4ed1-810f-c25f32e91362:192.168.34.54:39448, 0478feb3-a59d-4754-80fd-79ba24eb7e66:192.168.34.54:42750], old=null
2019-08-29 08:20:29,219 [grpc-default-executor-4] INFO  impl.RaftServerImpl (RaftServerImpl.java:setRole(171)) - 886c450c-7866-4fa0-a628-dd927eae8405:group-FC084516F7F3 changes role from FOLLOWER to FOLLOWER at term 2 for recognizeCandidate:a31cf192-49b2-4ed1-810f-c25f32e91362
2019-08-29 08:20:29,219 [grpc-default-executor-6] INFO  impl.RaftServerImpl (RaftServerImpl.java:setRole(171)) - 0478feb3-a59d-4754-80fd-79ba24eb7e66:group-FC084516F7F3 changes role from FOLLOWER to FOLLOWER at term 2 for recognizeCandidate:a31cf192-49b2-4ed1-810f-c25f32e91362
2019-08-29 08:20:29,219 [grpc-default-executor-4] INFO  impl.RoleInfo (RoleInfo.java:shutdownFollowerState(121)) - 886c450c-7866-4fa0-a628-dd927eae8405: shutdown FollowerState
2019-08-29 08:20:29,219 [grpc-default-executor-6] INFO  impl.RoleInfo (RoleInfo.java:shutdownFollowerState(121)) - 0478feb3-a59d-4754-80fd-79ba24eb7e66: shutdown FollowerState
2019-08-29 08:20:29,220 [Thread-324] INFO  impl.FollowerState (FollowerState.java:run(114)) - 886c450c-7866-4fa0-a628-dd927eae8405: FollowerState was interrupted: java.lang.InterruptedException: sleep interrupted
2019-08-29 08:20:29,220 [Thread-326] INFO  impl.FollowerState (FollowerState.java:run(114)) - 0478feb3-a59d-4754-80fd-79ba24eb7e66: FollowerState was interrupted: java.lang.InterruptedException: sleep interrupted
2019-08-29 08:20:29,220 [grpc-default-executor-4] INFO  impl.RoleInfo (RoleInfo.java:updateAndGet(143)) - 886c450c-7866-4fa0-a628-dd927eae8405: start FollowerState
2019-08-29 08:20:29,220 [grpc-default-executor-6] INFO  impl.RoleInfo (RoleInfo.java:updateAndGet(143)) - 0478feb3-a59d-4754-80fd-79ba24eb7e66: start FollowerState
2019-08-29 08:20:29,239 [a31cf192-49b2-4ed1-810f-c25f32e91362:group-FC084516F7F3:LeaderElection12] INFO  impl.LeaderElection (LeaderElection.java:logAndReturn(56)) - a31cf192-49b2-4ed1-810f-c25f32e91362:group-FC084516F7F3:LeaderElection12: Election PASSED; received 1 response(s) [a31cf192-49b2-4ed1-810f-c25f32e91362<-0478feb3-a59d-4754-80fd-79ba24eb7e66#0:OK-t2] and 0 exception(s); a31cf192-49b2-4ed1-810f-c25f32e91362:t2, leader=null, voted=a31cf192-49b2-4ed1-810f-c25f32e91362, raftlog=a31cf192-49b2-4ed1-810f-c25f32e91362-SegmentedRaftLog:OPENED:c-1,f-1,i0, conf=-1: [886c450c-7866-4fa0-a628-dd927eae8405:192.168.34.54:36470, a31cf192-49b2-4ed1-810f-c25f32e91362:192.168.34.54:39448, 0478feb3-a59d-4754-80fd-79ba24eb7e66:192.168.34.54:42750], old=null
2019-08-29 08:20:29,239 [a31cf192-49b2-4ed1-810f-c25f32e91362:group-FC084516F7F3:LeaderElection12] INFO  impl.RoleInfo (RoleInfo.java:shutdownLeaderElection(134)) - a31cf192-49b2-4ed1-810f-c25f32e91362: shutdown LeaderElection
2019-08-29 08:20:29,248 [a31cf192-49b2-4ed1-810f-c25f32e91362:group-FC084516F7F3:LeaderElection12] INFO  impl.RaftServerImpl (RaftServerImpl.java:setRole(171)) - a31cf192-49b2-4ed1-810f-c25f32e91362:group-FC084516F7F3 changes role from CANDIDATE to LEADER at term 2 for changeToLeader
2019-08-29 08:20:29,248 [a31cf192-49b2-4ed1-810f-c25f32e91362:group-FC084516F7F3:LeaderElection12] INFO  impl.RaftServerImpl (ServerState.java:setLeader(263)) - a31cf192-49b2-4ed1-810f-c25f32e91362:group-FC084516F7F3 change Leader from null to a31cf192-49b2-4ed1-810f-c25f32e91362 at term 2 for becomeLeader, leader elected after 10273ms
2019-08-29 08:20:29,248 [a31cf192-49b2-4ed1-810f-c25f32e91362:group-FC084516F7F3:LeaderElection12] INFO  server.RaftServerConfigKeys (ConfUtils.java:logGet(43)) - raft.server.staging.catchup.gap = 1000 (default)
2019-08-29 08:20:29,248 [a31cf192-49b2-4ed1-810f-c25f32e91362:group-FC084516F7F3:LeaderElection12] INFO  server.RaftServerConfigKeys (ConfUtils.java:logGet(43)) - raft.server.rpc.sleep.time = 25ms (default)
2019-08-29 08:20:29,248 [a31cf192-49b2-4ed1-810f-c25f32e91362:group-FC084516F7F3:LeaderElection12] INFO  server.RaftServerConfigKeys (ConfUtils.java:logGet(43)) - raft.server.write.element-limit = 4096 (default)
2019-08-29 08:20:29,248 [a31cf192-49b2-4ed1-810f-c25f32e91362:group-FC084516F7F3:LeaderElection12] INFO  server.RaftServerConfigKeys (ConfUtils.java:logGet(43)) - raft.server.watch.timeout = 10s (default)
2019-08-29 08:20:29,249 [a31cf192-49b2-4ed1-810f-c25f32e91362:group-FC084516F7F3:LeaderElection12] INFO  server.RaftServerConfigKeys (ConfUtils.java:logGet(43)) - raft.server.watch.timeout.denomination = 1s (default)
2019-08-29 08:20:29,249 [a31cf192-49b2-4ed1-810f-c25f32e91362:group-FC084516F7F3:LeaderElection12] INFO  server.RaftServerConfigKeys (ConfUtils.java:logGet(43)) - raft.server.watch.element-limit = 65536 (default)
2019-08-29 08:20:29,249 [a31cf192-49b2-4ed1-810f-c25f32e91362:group-FC084516F7F3:LeaderElection12] INFO  server.RaftServerConfigKeys (ConfUtils.java:logGet(43)) - raft.server.log.appender.snapshot.chunk.size.max = 16MB (=16777216) (default)
2019-08-29 08:20:29,249 [a31cf192-49b2-4ed1-810f-c25f32e91362:group-FC084516F7F3:LeaderElection12] INFO  server.RaftServerConfigKeys (ConfUtils.java:logGet(43)) - raft.server.log.appender.buffer.byte-limit = 33554432 (custom)
2019-08-29 08:20:29,249 [a31cf192-49b2-4ed1-810f-c25f32e91362:group-FC084516F7F3:LeaderElection12] INFO  server.RaftServerConfigKeys (ConfUtils.java:logGet(43)) - raft.server.log.appender.buffer.element-limit = 1 (custom)
2019-08-29 08:20:29,250 [a31cf192-49b2-4ed1-810f-c25f32e91362:group-FC084516F7F3:LeaderElection12] INFO  grpc.GrpcConfigKeys$Server (ConfUtils.java:logGet(43)) - raft.grpc.server.leader.outstanding.appends.max = 128 (default)
2019-08-29 08:20:29,250 [a31cf192-49b2-4ed1-810f-c25f32e91362:group-FC084516F7F3:LeaderElection12] INFO  server.RaftServerConfigKeys (ConfUtils.java:logGet(43)) - raft.server.rpc.request.timeout = 3000ms (default)
2019-08-29 08:20:29,250 [a31cf192-49b2-4ed1-810f-c25f32e91362:group-FC084516F7F3:LeaderElection12] INFO  server.RaftServerConfigKeys (ConfUtils.java:logGet(43)) - raft.server.log.appender.install.snapshot.enabled = false (custom)
2019-08-29 08:20:29,250 [a31cf192-49b2-4ed1-810f-c25f32e91362:group-FC084516F7F3:LeaderElection12] INFO  server.RaftServerConfigKeys (ConfUtils.java:logGet(43)) - raft.server.log.appender.snapshot.chunk.size.max = 16MB (=16777216) (default)
2019-08-29 08:20:29,250 [a31cf192-49b2-4ed1-810f-c25f32e91362:group-FC084516F7F3:LeaderElection12] INFO  server.RaftServerConfigKeys (ConfUtils.java:logGet(43)) - raft.server.log.appender.buffer.byte-limit = 33554432 (custom)
2019-08-29 08:20:29,250 [a31cf192-49b2-4ed1-810f-c25f32e91362:group-FC084516F7F3:LeaderElection12] INFO  server.RaftServerConfigKeys (ConfUtils.java:logGet(43)) - raft.server.log.appender.buffer.element-limit = 1 (custom)
2019-08-29 08:20:29,251 [a31cf192-49b2-4ed1-810f-c25f32e91362:group-FC084516F7F3:LeaderElection12] INFO  grpc.GrpcConfigKeys$Server (ConfUtils.java:logGet(43)) - raft.grpc.server.leader.outstanding.appends.max = 128 (default)
2019-08-29 08:20:29,251 [a31cf192-49b2-4ed1-810f-c25f32e91362:group-FC084516F7F3:LeaderElection12] INFO  server.RaftServerConfigKeys (ConfUtils.java:logGet(43)) - raft.server.rpc.request.timeout = 3000ms (default)
2019-08-29 08:20:29,251 [a31cf192-49b2-4ed1-810f-c25f32e91362:group-FC084516F7F3:LeaderElection12] INFO  server.RaftServerConfigKeys (ConfUtils.java:logGet(43)) - raft.server.log.appender.install.snapshot.enabled = false (custom)
2019-08-29 08:20:29,251 [a31cf192-49b2-4ed1-810f-c25f32e91362:group-FC084516F7F3:LeaderElection12] INFO  impl.RoleInfo (RoleInfo.java:updateAndGet(143)) - a31cf192-49b2-4ed1-810f-c25f32e91362: start LeaderState
2019-08-29 08:20:29,251 [a31cf192-49b2-4ed1-810f-c25f32e91362:group-FC084516F7F3:LeaderElection12] INFO  segmented.SegmentedRaftLogWorker (SegmentedRaftLogWorker.java:startLogSegment(380)) - a31cf192-49b2-4ed1-810f-c25f32e91362-SegmentedRaftLogWorker:Storage Directory /workdir/hadoop-ozone/integration-test/target/test-dir/MiniOzoneClusterImpl-7b999817-2419-4622-80b2-2544eebeee1e/datanode-2/data/ratis/046ab695-74ff-4e5e-99cc-fc084516f7f3: Starting segment from index:0
2019-08-29 08:20:29,253 [a31cf192-49b2-4ed1-810f-c25f32e91362:group-FC084516F7F3:LeaderElection12] INFO  impl.RaftServerImpl (ServerState.java:setRaftConf(361)) - a31cf192-49b2-4ed1-810f-c25f32e91362:group-FC084516F7F3 set configuration 0: [886c450c-7866-4fa0-a628-dd927eae8405:192.168.34.54:36470, a31cf192-49b2-4ed1-810f-c25f32e91362:192.168.34.54:39448, 0478feb3-a59d-4754-80fd-79ba24eb7e66:192.168.34.54:42750], old=null at 0
2019-08-29 08:20:29,286 [grpc-default-executor-4] INFO  impl.RaftServerImpl (ServerState.java:setLeader(263)) - 0478feb3-a59d-4754-80fd-79ba24eb7e66:group-FC084516F7F3 change Leader from null to a31cf192-49b2-4ed1-810f-c25f32e91362 at term 2 for appendEntries, leader elected after 10310ms
2019-08-29 08:20:29,286 [grpc-default-executor-6] INFO  impl.RaftServerImpl (ServerState.java:setLeader(263)) - 886c450c-7866-4fa0-a628-dd927eae8405:group-FC084516F7F3 change Leader from null to a31cf192-49b2-4ed1-810f-c25f32e91362 at term 2 for appendEntries, leader elected after 10311ms
2019-08-29 08:20:29,291 [grpc-default-executor-4] INFO  impl.RaftServerImpl (ServerState.java:setRaftConf(361)) - 886c450c-7866-4fa0-a628-dd927eae8405:group-FC084516F7F3 set configuration 0: [886c450c-7866-4fa0-a628-dd927eae8405:192.168.34.54:36470, a31cf192-49b2-4ed1-810f-c25f32e91362:192.168.34.54:39448, 0478feb3-a59d-4754-80fd-79ba24eb7e66:192.168.34.54:42750], old=null at 0
2019-08-29 08:20:29,291 [grpc-default-executor-6] INFO  impl.RaftServerImpl (ServerState.java:setRaftConf(361)) - 0478feb3-a59d-4754-80fd-79ba24eb7e66:group-FC084516F7F3 set configuration 0: [886c450c-7866-4fa0-a628-dd927eae8405:192.168.34.54:36470, a31cf192-49b2-4ed1-810f-c25f32e91362:192.168.34.54:39448, 0478feb3-a59d-4754-80fd-79ba24eb7e66:192.168.34.54:42750], old=null at 0
2019-08-29 08:20:29,291 [grpc-default-executor-4] INFO  segmented.SegmentedRaftLogWorker (SegmentedRaftLogWorker.java:startLogSegment(380)) - 886c450c-7866-4fa0-a628-dd927eae8405-SegmentedRaftLogWorker:Storage Directory /workdir/hadoop-ozone/integration-test/target/test-dir/MiniOzoneClusterImpl-7b999817-2419-4622-80b2-2544eebeee1e/datanode-4/data/ratis/046ab695-74ff-4e5e-99cc-fc084516f7f3: Starting segment from index:0
2019-08-29 08:20:29,291 [grpc-default-executor-6] INFO  segmented.SegmentedRaftLogWorker (SegmentedRaftLogWorker.java:startLogSegment(380)) - 0478feb3-a59d-4754-80fd-79ba24eb7e66-SegmentedRaftLogWorker:Storage Directory /workdir/hadoop-ozone/integration-test/target/test-dir/MiniOzoneClusterImpl-7b999817-2419-4622-80b2-2544eebeee1e/datanode-5/data/ratis/046ab695-74ff-4e5e-99cc-fc084516f7f3: Starting segment from index:0
2019-08-29 08:20:29,304 [a31cf192-49b2-4ed1-810f-c25f32e91362-SegmentedRaftLogWorker:Storage Directory /workdir/hadoop-ozone/integration-test/target/test-dir/MiniOzoneClusterImpl-7b999817-2419-4622-80b2-2544eebeee1e/datanode-2/data/ratis/046ab695-74ff-4e5e-99cc-fc084516f7f3] INFO  segmented.SegmentedRaftLogWorker (SegmentedRaftLogWorker.java:execute(569)) - a31cf192-49b2-4ed1-810f-c25f32e91362-SegmentedRaftLogWorker:Storage Directory /workdir/hadoop-ozone/integration-test/target/test-dir/MiniOzoneClusterImpl-7b999817-2419-4622-80b2-2544eebeee1e/datanode-2/data/ratis/046ab695-74ff-4e5e-99cc-fc084516f7f3: created new log segment /workdir/hadoop-ozone/integration-test/target/test-dir/MiniOzoneClusterImpl-7b999817-2419-4622-80b2-2544eebeee1e/datanode-2/data/ratis/046ab695-74ff-4e5e-99cc-fc084516f7f3/current/log_inprogress_0
2019-08-29 08:20:29,324 [886c450c-7866-4fa0-a628-dd927eae8405-SegmentedRaftLogWorker:Storage Directory /workdir/hadoop-ozone/integration-test/target/test-dir/MiniOzoneClusterImpl-7b999817-2419-4622-80b2-2544eebeee1e/datanode-4/data/ratis/046ab695-74ff-4e5e-99cc-fc084516f7f3] INFO  segmented.SegmentedRaftLogWorker (SegmentedRaftLogWorker.java:execute(569)) - 886c450c-7866-4fa0-a628-dd927eae8405-SegmentedRaftLogWorker:Storage Directory /workdir/hadoop-ozone/integration-test/target/test-dir/MiniOzoneClusterImpl-7b999817-2419-4622-80b2-2544eebeee1e/datanode-4/data/ratis/046ab695-74ff-4e5e-99cc-fc084516f7f3: created new log segment /workdir/hadoop-ozone/integration-test/target/test-dir/MiniOzoneClusterImpl-7b999817-2419-4622-80b2-2544eebeee1e/datanode-4/data/ratis/046ab695-74ff-4e5e-99cc-fc084516f7f3/current/log_inprogress_0
2019-08-29 08:20:29,331 [0478feb3-a59d-4754-80fd-79ba24eb7e66-SegmentedRaftLogWorker:Storage Directory /workdir/hadoop-ozone/integration-test/target/test-dir/MiniOzoneClusterImpl-7b999817-2419-4622-80b2-2544eebeee1e/datanode-5/data/ratis/046ab695-74ff-4e5e-99cc-fc084516f7f3] INFO  segmented.SegmentedRaftLogWorker (SegmentedRaftLogWorker.java:execute(569)) - 0478feb3-a59d-4754-80fd-79ba24eb7e66-SegmentedRaftLogWorker:Storage Directory /workdir/hadoop-ozone/integration-test/target/test-dir/MiniOzoneClusterImpl-7b999817-2419-4622-80b2-2544eebeee1e/datanode-5/data/ratis/046ab695-74ff-4e5e-99cc-fc084516f7f3: created new log segment /workdir/hadoop-ozone/integration-test/target/test-dir/MiniOzoneClusterImpl-7b999817-2419-4622-80b2-2544eebeee1e/datanode-5/data/ratis/046ab695-74ff-4e5e-99cc-fc084516f7f3/current/log_inprogress_0
2019-08-29 08:20:29,340 | INFO  | SCMAudit | user=jenkins1000 | ip=192.168.34.54 | op=SEND_HEARTBEAT {datanodeUUID=886c450c-7866-4fa0-a628-dd927eae8405, command=[]} | ret=SUCCESS |  
2019-08-29 08:20:29,383 | INFO  | SCMAudit | user=jenkins1000 | ip=192.168.34.54 | op=SEND_HEARTBEAT {datanodeUUID=adb6bfc4-9812-4cd1-b89d-2074f9496068, command=[]} | ret=SUCCESS |  
2019-08-29 08:20:29,620 | INFO  | SCMAudit | user=jenkins1000 | ip=192.168.34.54 | op=SEND_HEARTBEAT {datanodeUUID=0478feb3-a59d-4754-80fd-79ba24eb7e66, command=[]} | ret=SUCCESS |  
2019-08-29 08:20:29,798 | INFO  | SCMAudit | user=jenkins1000 | ip=192.168.34.54 | op=SEND_HEARTBEAT {datanodeUUID=5563f767-f7a1-4491-bdfb-72abdf0fc1e3, command=[]} | ret=SUCCESS |  
2019-08-29 08:20:29,854 | INFO  | SCMAudit | user=jenkins1000 | ip=192.168.34.54 | op=SEND_HEARTBEAT {datanodeUUID=a31cf192-49b2-4ed1-810f-c25f32e91362, command=[]} | ret=SUCCESS |  
2019-08-29 08:20:29,980 | INFO  | SCMAudit | user=jenkins1000 | ip=192.168.34.54 | op=SEND_HEARTBEAT {datanodeUUID=886c450c-7866-4fa0-a628-dd927eae8405, command=[]} | ret=SUCCESS |  
2019-08-29 08:20:29,980 | INFO  | SCMAudit | user=jenkins1000 | ip=192.168.34.54 | op=SEND_HEARTBEAT {datanodeUUID=0478feb3-a59d-4754-80fd-79ba24eb7e66, command=[]} | ret=SUCCESS |  
2019-08-29 08:20:29,980 | INFO  | SCMAudit | user=jenkins1000 | ip=192.168.34.54 | op=SEND_HEARTBEAT {datanodeUUID=a31cf192-49b2-4ed1-810f-c25f32e91362, command=[]} | ret=SUCCESS |  
2019-08-29 08:20:29,989 | INFO  | DNAudit | user=null | ip=null | op=CREATE_CONTAINER {containerID=1, containerType=KeyValueContainer} | ret=SUCCESS |  
2019-08-29 08:20:29,989 | INFO  | DNAudit | user=null | ip=null | op=CREATE_CONTAINER {containerID=1, containerType=KeyValueContainer} | ret=SUCCESS |  
2019-08-29 08:20:29,989 | INFO  | DNAudit | user=null | ip=null | op=CREATE_CONTAINER {containerID=1, containerType=KeyValueContainer} | ret=SUCCESS |  
2019-08-29 08:20:29,994 | INFO  | SCMAudit | user=jenkins1000 | ip=192.168.34.54 | op=SEND_HEARTBEAT {datanodeUUID=856f75f6-80db-48b1-966d-fd6b52a68619, command=[]} | ret=SUCCESS |  
2019-08-29 08:20:30,000 [grpc-default-executor-6] INFO  client.GrpcClientProtocolClient (GrpcClientProtocolClient.java:onNext(255)) - client-06321B7A3B9E->a31cf192-49b2-4ed1-810f-c25f32e91362: receive RaftClientReply:client-06321B7A3B9E->a31cf192-49b2-4ed1-810f-c25f32e91362@group-FC084516F7F3, cid=13, SUCCESS, logIndex=1, commits[a31cf192-49b2-4ed1-810f-c25f32e91362:c2, 886c450c-7866-4fa0-a628-dd927eae8405:c1, 0478feb3-a59d-4754-80fd-79ba24eb7e66:c1]
2019-08-29 08:20:30,005 [main] INFO  datanode.ObjectStoreHandler (ObjectStoreHandler.java:close(155)) - Closing ObjectStoreHandler.
2019-08-29 08:20:30,006 [main] INFO  ozone.HddsDatanodeService (HddsDatanodeService.java:stop(451)) - Stopped plug-in org.apache.hadoop.ozone.web.OzoneHddsDatanodeService@703fa45
2019-08-29 08:20:30,118 | INFO  | SCMAudit | user=jenkins1000 | ip=192.168.34.54 | op=SEND_HEARTBEAT {datanodeUUID=078fe6a9-1ebb-4542-b6cd-585ed8de9dab, command=[]} | ret=SUCCESS |  
2019-08-29 08:20:30,383 | INFO  | SCMAudit | user=jenkins1000 | ip=192.168.34.54 | op=SEND_HEARTBEAT {datanodeUUID=adb6bfc4-9812-4cd1-b89d-2074f9496068, command=[]} | ret=SUCCESS |  
2019-08-29 08:20:30,798 | INFO  | SCMAudit | user=jenkins1000 | ip=192.168.34.54 | op=SEND_HEARTBEAT {datanodeUUID=5563f767-f7a1-4491-bdfb-72abdf0fc1e3, command=[]} | ret=SUCCESS |  
2019-08-29 08:20:30,955 [Datanode State Machine Thread - 0] INFO  statemachine.DatanodeStateMachine (DatanodeStateMachine.java:lambda$startDaemon$0(350)) - Ozone container server started.
2019-08-29 08:20:30,956 | INFO  | SCMAudit | user=jenkins1000 | ip=192.168.34.54 | op=SEND_HEARTBEAT {datanodeUUID=886c450c-7866-4fa0-a628-dd927eae8405, command=[]} | ret=SUCCESS |  
2019-08-29 08:20:30,956 | INFO  | SCMAudit | user=jenkins1000 | ip=192.168.34.54 | op=SEND_HEARTBEAT {datanodeUUID=0478feb3-a59d-4754-80fd-79ba24eb7e66, command=[]} | ret=SUCCESS |  
2019-08-29 08:20:30,995 | INFO  | SCMAudit | user=jenkins1000 | ip=192.168.34.54 | op=SEND_HEARTBEAT {datanodeUUID=856f75f6-80db-48b1-966d-fd6b52a68619, command=[]} | ret=SUCCESS |  
2019-08-29 08:20:31,121 | INFO  | SCMAudit | user=jenkins1000 | ip=192.168.34.54 | op=SEND_HEARTBEAT {datanodeUUID=078fe6a9-1ebb-4542-b6cd-585ed8de9dab, command=[]} | ret=SUCCESS |  
2019-08-29 08:20:31,383 | INFO  | SCMAudit | user=jenkins1000 | ip=192.168.34.54 | op=SEND_HEARTBEAT {datanodeUUID=adb6bfc4-9812-4cd1-b89d-2074f9496068, command=[]} | ret=SUCCESS |  
2019-08-29 08:20:31,798 | INFO  | SCMAudit | user=jenkins1000 | ip=192.168.34.54 | op=SEND_HEARTBEAT {datanodeUUID=5563f767-f7a1-4491-bdfb-72abdf0fc1e3, command=[]} | ret=SUCCESS |  
2019-08-29 08:20:31,956 | INFO  | SCMAudit | user=jenkins1000 | ip=192.168.34.54 | op=SEND_HEARTBEAT {datanodeUUID=886c450c-7866-4fa0-a628-dd927eae8405, command=[]} | ret=SUCCESS |  
2019-08-29 08:20:31,956 | INFO  | SCMAudit | user=jenkins1000 | ip=192.168.34.54 | op=SEND_HEARTBEAT {datanodeUUID=0478feb3-a59d-4754-80fd-79ba24eb7e66, command=[]} | ret=SUCCESS |  
2019-08-29 08:20:31,995 | INFO  | SCMAudit | user=jenkins1000 | ip=192.168.34.54 | op=SEND_HEARTBEAT {datanodeUUID=856f75f6-80db-48b1-966d-fd6b52a68619, command=[]} | ret=SUCCESS |  
2019-08-29 08:20:32,118 | INFO  | SCMAudit | user=jenkins1000 | ip=192.168.34.54 | op=SEND_HEARTBEAT {datanodeUUID=078fe6a9-1ebb-4542-b6cd-585ed8de9dab, command=[]} | ret=SUCCESS |  
2019-08-29 08:20:32,383 | INFO  | SCMAudit | user=jenkins1000 | ip=192.168.34.54 | op=SEND_HEARTBEAT {datanodeUUID=adb6bfc4-9812-4cd1-b89d-2074f9496068, command=[]} | ret=SUCCESS |  
2019-08-29 08:20:32,798 | INFO  | SCMAudit | user=jenkins1000 | ip=192.168.34.54 | op=SEND_HEARTBEAT {datanodeUUID=5563f767-f7a1-4491-bdfb-72abdf0fc1e3, command=[]} | ret=SUCCESS |  
2019-08-29 08:20:32,955 | INFO  | SCMAudit | user=jenkins1000 | ip=192.168.34.54 | op=SEND_HEARTBEAT {datanodeUUID=886c450c-7866-4fa0-a628-dd927eae8405, command=[]} | ret=SUCCESS |  
2019-08-29 08:20:32,955 | INFO  | SCMAudit | user=jenkins1000 | ip=192.168.34.54 | op=SEND_HEARTBEAT {datanodeUUID=0478feb3-a59d-4754-80fd-79ba24eb7e66, command=[]} | ret=SUCCESS |  
2019-08-29 08:20:32,996 | INFO  | SCMAudit | user=jenkins1000 | ip=192.168.34.54 | op=SEND_HEARTBEAT {datanodeUUID=856f75f6-80db-48b1-966d-fd6b52a68619, command=[]} | ret=SUCCESS |  
2019-08-29 08:20:33,118 | INFO  | SCMAudit | user=jenkins1000 | ip=192.168.34.54 | op=SEND_HEARTBEAT {datanodeUUID=078fe6a9-1ebb-4542-b6cd-585ed8de9dab, command=[]} | ret=SUCCESS |  
2019-08-29 08:20:33,383 | INFO  | SCMAudit | user=jenkins1000 | ip=192.168.34.54 | op=SEND_HEARTBEAT {datanodeUUID=adb6bfc4-9812-4cd1-b89d-2074f9496068, command=[]} | ret=SUCCESS |  
2019-08-29 08:20:33,798 | INFO  | SCMAudit | user=jenkins1000 | ip=192.168.34.54 | op=SEND_HEARTBEAT {datanodeUUID=5563f767-f7a1-4491-bdfb-72abdf0fc1e3, command=[]} | ret=SUCCESS |  
2019-08-29 08:20:33,956 | INFO  | SCMAudit | user=jenkins1000 | ip=192.168.34.54 | op=SEND_HEARTBEAT {datanodeUUID=886c450c-7866-4fa0-a628-dd927eae8405, command=[]} | ret=SUCCESS |  
2019-08-29 08:20:33,957 | INFO  | SCMAudit | user=jenkins1000 | ip=192.168.34.54 | op=SEND_HEARTBEAT {datanodeUUID=0478feb3-a59d-4754-80fd-79ba24eb7e66, command=[]} | ret=SUCCESS |  
2019-08-29 08:20:33,996 | INFO  | SCMAudit | user=jenkins1000 | ip=192.168.34.54 | op=SEND_HEARTBEAT {datanodeUUID=856f75f6-80db-48b1-966d-fd6b52a68619, command=[]} | ret=SUCCESS |  
2019-08-29 08:20:34,118 | INFO  | SCMAudit | user=jenkins1000 | ip=192.168.34.54 | op=SEND_HEARTBEAT {datanodeUUID=078fe6a9-1ebb-4542-b6cd-585ed8de9dab, command=[]} | ret=SUCCESS |  
2019-08-29 08:20:34,383 | INFO  | SCMAudit | user=jenkins1000 | ip=192.168.34.54 | op=SEND_HEARTBEAT {datanodeUUID=adb6bfc4-9812-4cd1-b89d-2074f9496068, command=[]} | ret=SUCCESS |  
2019-08-29 08:20:34,798 | INFO  | SCMAudit | user=jenkins1000 | ip=192.168.34.54 | op=SEND_HEARTBEAT {datanodeUUID=5563f767-f7a1-4491-bdfb-72abdf0fc1e3, command=[]} | ret=SUCCESS |  
2019-08-29 08:20:34,957 | INFO  | SCMAudit | user=jenkins1000 | ip=192.168.34.54 | op=SEND_HEARTBEAT {datanodeUUID=886c450c-7866-4fa0-a628-dd927eae8405, command=[]} | ret=SUCCESS |  
2019-08-29 08:20:34,957 | INFO  | SCMAudit | user=jenkins1000 | ip=192.168.34.54 | op=SEND_HEARTBEAT {datanodeUUID=0478feb3-a59d-4754-80fd-79ba24eb7e66, command=[]} | ret=SUCCESS |  
2019-08-29 08:20:34,996 | INFO  | SCMAudit | user=jenkins1000 | ip=192.168.34.54 | op=SEND_HEARTBEAT {datanodeUUID=856f75f6-80db-48b1-966d-fd6b52a68619, command=[]} | ret=SUCCESS |  
2019-08-29 08:20:35,008 [main] INFO  ozoneimpl.OzoneContainer (OzoneContainer.java:stop(199)) - Attempting to stop container services.
2019-08-29 08:20:35,009 [main] INFO  impl.RaftServerProxy (RaftServerProxy.java:lambda$close$4(314)) - a31cf192-49b2-4ed1-810f-c25f32e91362: close
2019-08-29 08:20:35,010 [main] INFO  impl.RaftServerImpl (RaftServerImpl.java:lambda$shutdown$3(245)) - a31cf192-49b2-4ed1-810f-c25f32e91362: shutdown group-65C3F65BCBCB
2019-08-29 08:20:35,010 [ForkJoinPool.commonPool-worker-0] INFO  impl.RaftServerImpl (RaftServerImpl.java:lambda$shutdown$3(245)) - a31cf192-49b2-4ed1-810f-c25f32e91362: shutdown group-FC084516F7F3
2019-08-29 08:20:35,011 [main] INFO  util.JmxRegister (JmxRegister.java:unregister(73)) - Successfully un-registered JMX Bean with object name Ratis:service=RaftServer,group=group-65C3F65BCBCB,id=a31cf192-49b2-4ed1-810f-c25f32e91362
2019-08-29 08:20:35,011 [ForkJoinPool.commonPool-worker-0] INFO  util.JmxRegister (JmxRegister.java:unregister(73)) - Successfully un-registered JMX Bean with object name Ratis:service=RaftServer,group=group-FC084516F7F3,id=a31cf192-49b2-4ed1-810f-c25f32e91362
2019-08-29 08:20:35,011 [main] INFO  impl.RoleInfo (RoleInfo.java:shutdownLeaderState(104)) - a31cf192-49b2-4ed1-810f-c25f32e91362: shutdown LeaderState
2019-08-29 08:20:35,011 [ForkJoinPool.commonPool-worker-0] INFO  impl.RoleInfo (RoleInfo.java:shutdownLeaderState(104)) - a31cf192-49b2-4ed1-810f-c25f32e91362: shutdown LeaderState
2019-08-29 08:20:35,012 [main] INFO  impl.PendingRequests (PendingRequests.java:sendNotLeaderResponses(202)) - a31cf192-49b2-4ed1-810f-c25f32e91362-PendingRequests: sendNotLeaderResponses
2019-08-29 08:20:35,015 [ForkJoinPool.commonPool-worker-0] INFO  impl.PendingRequests (PendingRequests.java:sendNotLeaderResponses(202)) - a31cf192-49b2-4ed1-810f-c25f32e91362-PendingRequests: sendNotLeaderResponses
2019-08-29 08:20:35,017 [org.apache.ratis.server.impl.LogAppender$AppenderDaemon$$Lambda$447/2012978202@323647] WARN  server.GrpcLogAppender (GrpcLogAppender.java:mayWait(143)) - GrpcLogAppender(a31cf192-49b2-4ed1-810f-c25f32e91362->886c450c-7866-4fa0-a628-dd927eae8405): Wait interrupted by java.lang.InterruptedException
2019-08-29 08:20:35,017 [org.apache.ratis.server.impl.LogAppender$AppenderDaemon$$Lambda$447/2012978202@4530b825] WARN  server.GrpcLogAppender (GrpcLogAppender.java:mayWait(143)) - GrpcLogAppender(a31cf192-49b2-4ed1-810f-c25f32e91362->0478feb3-a59d-4754-80fd-79ba24eb7e66): Wait interrupted by java.lang.InterruptedException
2019-08-29 08:20:35,042 [main] INFO  impl.StateMachineUpdater (StateMachineUpdater.java:stopAndJoin(115)) - StateMachineUpdater:a31cf192-49b2-4ed1-810f-c25f32e91362:group-65C3F65BCBCB: set stopIndex = 0
2019-08-29 08:20:35,042 [ForkJoinPool.commonPool-worker-0] INFO  impl.StateMachineUpdater (StateMachineUpdater.java:stopAndJoin(115)) - StateMachineUpdater:a31cf192-49b2-4ed1-810f-c25f32e91362:group-FC084516F7F3: set stopIndex = 2
2019-08-29 08:20:35,043 [grpc-default-executor-6] INFO  server.GrpcServerProtocolService (GrpcServerProtocolService.java:onCompleted(104)) - 886c450c-7866-4fa0-a628-dd927eae8405: appendEntries completed
2019-08-29 08:20:35,043 [StateMachineUpdater:a31cf192-49b2-4ed1-810f-c25f32e91362:group-FC084516F7F3] INFO  ratis.ContainerStateMachine (ContainerStateMachine.java:takeSnapshot(283)) - group-FC084516F7F3: Taking a snapshot at:(t:2, i:2) file /workdir/hadoop-ozone/integration-test/target/test-dir/MiniOzoneClusterImpl-7b999817-2419-4622-80b2-2544eebeee1e/datanode-2/data/ratis/046ab695-74ff-4e5e-99cc-fc084516f7f3/sm/snapshot.2_2
2019-08-29 08:20:35,043 [main] INFO  impl.RaftServerImpl (ServerState.java:close(394)) - a31cf192-49b2-4ed1-810f-c25f32e91362:group-65C3F65BCBCB closes. The last applied log index is 0
2019-08-29 08:20:35,043 [grpc-default-executor-1] INFO  server.GrpcServerProtocolService (GrpcServerProtocolService.java:onCompleted(104)) - 0478feb3-a59d-4754-80fd-79ba24eb7e66: appendEntries completed
2019-08-29 08:20:35,049 [grpc-default-executor-1] INFO  server.GrpcLogAppender (GrpcLogAppender.java:onCompleted(292)) - a31cf192-49b2-4ed1-810f-c25f32e91362->886c450c-7866-4fa0-a628-dd927eae8405: follower responses appendEntries COMPLETED
2019-08-29 08:20:35,050 [grpc-default-executor-4] INFO  server.GrpcLogAppender (GrpcLogAppender.java:onCompleted(292)) - a31cf192-49b2-4ed1-810f-c25f32e91362->0478feb3-a59d-4754-80fd-79ba24eb7e66: follower responses appendEntries COMPLETED
2019-08-29 08:20:35,052 [a31cf192-49b2-4ed1-810f-c25f32e91362-SegmentedRaftLogWorker:Storage Directory /workdir/hadoop-ozone/integration-test/target/test-dir/MiniOzoneClusterImpl-7b999817-2419-4622-80b2-2544eebeee1e/datanode-2/data/ratis/65cca046-1f59-488e-a3db-65c3f65bcbcb] INFO  segmented.SegmentedRaftLogWorker (SegmentedRaftLogWorker.java:run(313)) - a31cf192-49b2-4ed1-810f-c25f32e91362-SegmentedRaftLogWorker:Storage Directory /workdir/hadoop-ozone/integration-test/target/test-dir/MiniOzoneClusterImpl-7b999817-2419-4622-80b2-2544eebeee1e/datanode-2/data/ratis/65cca046-1f59-488e-a3db-65c3f65bcbcb was interrupted, exiting. There are 0 tasks remaining in the queue.
2019-08-29 08:20:35,055 [main] INFO  segmented.SegmentedRaftLogWorker (SegmentedRaftLogWorker.java:close(228)) - a31cf192-49b2-4ed1-810f-c25f32e91362-SegmentedRaftLogWorker:Storage Directory /workdir/hadoop-ozone/integration-test/target/test-dir/MiniOzoneClusterImpl-7b999817-2419-4622-80b2-2544eebeee1e/datanode-2/data/ratis/65cca046-1f59-488e-a3db-65c3f65bcbcb close()
2019-08-29 08:20:35,057 [grpc-default-executor-4] INFO  impl.FollowerInfo (FollowerInfo.java:lambda$new$0(50)) - a31cf192-49b2-4ed1-810f-c25f32e91362->0478feb3-a59d-4754-80fd-79ba24eb7e66: nextIndex: updateUnconditionally 3 -> 2
2019-08-29 08:20:35,058 [grpc-default-executor-1] INFO  impl.FollowerInfo (FollowerInfo.java:lambda$new$0(50)) - a31cf192-49b2-4ed1-810f-c25f32e91362->886c450c-7866-4fa0-a628-dd927eae8405: nextIndex: updateUnconditionally 3 -> 2
2019-08-29 08:20:35,079 [StateMachineUpdater:a31cf192-49b2-4ed1-810f-c25f32e91362:group-FC084516F7F3] INFO  ratis.ContainerStateMachine (ContainerStateMachine.java:takeSnapshot(294)) - group-FC084516F7F3: Finished taking a snapshot at:(t:2, i:2) file:/workdir/hadoop-ozone/integration-test/target/test-dir/MiniOzoneClusterImpl-7b999817-2419-4622-80b2-2544eebeee1e/datanode-2/data/ratis/046ab695-74ff-4e5e-99cc-fc084516f7f3/sm/snapshot.2_2 time:35
2019-08-29 08:20:35,079 [StateMachineUpdater:a31cf192-49b2-4ed1-810f-c25f32e91362:group-FC084516F7F3] INFO  impl.StateMachineUpdater (StateMachineUpdater.java:takeSnapshot(242)) - StateMachineUpdater:a31cf192-49b2-4ed1-810f-c25f32e91362:group-FC084516F7F3: Took a snapshot at index 2
2019-08-29 08:20:35,079 [StateMachineUpdater:a31cf192-49b2-4ed1-810f-c25f32e91362:group-FC084516F7F3] INFO  impl.StateMachineUpdater (StateMachineUpdater.java:lambda$new$0(80)) - StateMachineUpdater:a31cf192-49b2-4ed1-810f-c25f32e91362:group-FC084516F7F3: snapshotIndex: updateIncreasingly -1 -> 2
2019-08-29 08:20:35,085 [ForkJoinPool.commonPool-worker-0] INFO  impl.RaftServerImpl (ServerState.java:close(394)) - a31cf192-49b2-4ed1-810f-c25f32e91362:group-FC084516F7F3 closes. The last applied log index is 2
2019-08-29 08:20:35,086 [a31cf192-49b2-4ed1-810f-c25f32e91362-SegmentedRaftLogWorker:Storage Directory /workdir/hadoop-ozone/integration-test/target/test-dir/MiniOzoneClusterImpl-7b999817-2419-4622-80b2-2544eebeee1e/datanode-2/data/ratis/046ab695-74ff-4e5e-99cc-fc084516f7f3] INFO  segmented.SegmentedRaftLogWorker (SegmentedRaftLogWorker.java:run(313)) - a31cf192-49b2-4ed1-810f-c25f32e91362-SegmentedRaftLogWorker:Storage Directory /workdir/hadoop-ozone/integration-test/target/test-dir/MiniOzoneClusterImpl-7b999817-2419-4622-80b2-2544eebeee1e/datanode-2/data/ratis/046ab695-74ff-4e5e-99cc-fc084516f7f3 was interrupted, exiting. There are 0 tasks remaining in the queue.
2019-08-29 08:20:35,088 [ForkJoinPool.commonPool-worker-0] INFO  segmented.SegmentedRaftLogWorker (SegmentedRaftLogWorker.java:close(228)) - a31cf192-49b2-4ed1-810f-c25f32e91362-SegmentedRaftLogWorker:Storage Directory /workdir/hadoop-ozone/integration-test/target/test-dir/MiniOzoneClusterImpl-7b999817-2419-4622-80b2-2544eebeee1e/datanode-2/data/ratis/046ab695-74ff-4e5e-99cc-fc084516f7f3 close()
2019-08-29 08:20:35,091 [main] INFO  server.GrpcService (GrpcService.java:closeImpl(155)) - a31cf192-49b2-4ed1-810f-c25f32e91362: shutdown server with port 39448 now
2019-08-29 08:20:35,093 [main] INFO  server.GrpcService (GrpcService.java:closeImpl(163)) - a31cf192-49b2-4ed1-810f-c25f32e91362: shutdown server with port 39448 successfully
2019-08-29 08:20:35,100 [main] INFO  utils.BackgroundService (BackgroundService.java:shutdown(148)) - Shutting down service BlockDeletingService
2019-08-29 08:20:35,101 [refreshUsed-/workdir/hadoop-ozone/integration-test/target/test-dir/MiniOzoneClusterImpl-7b999817-2419-4622-80b2-2544eebeee1e/datanode-2/data/containers] WARN  fs.CachingGetSpaceUsed (CachingGetSpaceUsed.java:run(183)) - Thread Interrupted waiting to refresh disk information: sleep interrupted
2019-08-29 08:20:35,116 [main] INFO  statemachine.DatanodeStateMachine (DatanodeStateMachine.java:stopDaemon(395)) - Ozone container server stopped.
2019-08-29 08:20:35,118 | INFO  | SCMAudit | user=jenkins1000 | ip=192.168.34.54 | op=SEND_HEARTBEAT {datanodeUUID=078fe6a9-1ebb-4542-b6cd-585ed8de9dab, command=[]} | ret=SUCCESS |  
2019-08-29 08:20:35,119 [main] INFO  handler.ContextHandler (ContextHandler.java:doStop(910)) - Stopped o.e.j.w.WebAppContext@5b1e88f{/,null,UNAVAILABLE}{/hddsDatanode}
2019-08-29 08:20:35,123 [main] INFO  server.AbstractConnector (AbstractConnector.java:doStop(318)) - Stopped ServerConnector@340cb97f{HTTP/1.1,[http/1.1]}{0.0.0.0:0}
2019-08-29 08:20:35,124 [main] INFO  handler.ContextHandler (ContextHandler.java:doStop(910)) - Stopped o.e.j.s.ServletContextHandler@5a05dd30{/static,jar:file:/home/user/.m2/repository/org/apache/hadoop/hadoop-hdds-container-service/0.5.0-SNAPSHOT/hadoop-hdds-container-service-0.5.0-SNAPSHOT.jar!/webapps/static,UNAVAILABLE}
2019-08-29 08:20:35,124 [main] INFO  handler.ContextHandler (ContextHandler.java:doStop(910)) - Stopped o.e.j.s.ServletContextHandler@17c0274c{/logs,file:///workdir/hadoop-ozone/integration-test/target/log,UNAVAILABLE}
2019-08-29 08:20:35,383 | INFO  | SCMAudit | user=jenkins1000 | ip=192.168.34.54 | op=SEND_HEARTBEAT {datanodeUUID=adb6bfc4-9812-4cd1-b89d-2074f9496068, command=[]} | ret=SUCCESS |  
2019-08-29 08:20:35,798 | INFO  | SCMAudit | user=jenkins1000 | ip=192.168.34.54 | op=SEND_HEARTBEAT {datanodeUUID=5563f767-f7a1-4491-bdfb-72abdf0fc1e3, command=[]} | ret=SUCCESS |  
2019-08-29 08:20:35,958 | INFO  | SCMAudit | user=jenkins1000 | ip=192.168.34.54 | op=SEND_HEARTBEAT {datanodeUUID=0478feb3-a59d-4754-80fd-79ba24eb7e66, command=[]} | ret=SUCCESS |  
2019-08-29 08:20:35,958 | INFO  | SCMAudit | user=jenkins1000 | ip=192.168.34.54 | op=SEND_HEARTBEAT {datanodeUUID=886c450c-7866-4fa0-a628-dd927eae8405, command=[]} | ret=SUCCESS |  
2019-08-29 08:20:35,996 | INFO  | SCMAudit | user=jenkins1000 | ip=192.168.34.54 | op=SEND_HEARTBEAT {datanodeUUID=856f75f6-80db-48b1-966d-fd6b52a68619, command=[]} | ret=SUCCESS |  
2019-08-29 08:20:36,118 | INFO  | SCMAudit | user=jenkins1000 | ip=192.168.34.54 | op=SEND_HEARTBEAT {datanodeUUID=078fe6a9-1ebb-4542-b6cd-585ed8de9dab, command=[]} | ret=SUCCESS |  
2019-08-29 08:20:36,384 | INFO  | SCMAudit | user=jenkins1000 | ip=192.168.34.54 | op=SEND_HEARTBEAT {datanodeUUID=adb6bfc4-9812-4cd1-b89d-2074f9496068, command=[]} | ret=SUCCESS |  
2019-08-29 08:20:36,798 | INFO  | SCMAudit | user=jenkins1000 | ip=192.168.34.54 | op=SEND_HEARTBEAT {datanodeUUID=5563f767-f7a1-4491-bdfb-72abdf0fc1e3, command=[]} | ret=SUCCESS |  
2019-08-29 08:20:36,958 | INFO  | SCMAudit | user=jenkins1000 | ip=192.168.34.54 | op=SEND_HEARTBEAT {datanodeUUID=886c450c-7866-4fa0-a628-dd927eae8405, command=[]} | ret=SUCCESS |  
2019-08-29 08:20:36,958 | INFO  | SCMAudit | user=jenkins1000 | ip=192.168.34.54 | op=SEND_HEARTBEAT {datanodeUUID=0478feb3-a59d-4754-80fd-79ba24eb7e66, command=[]} | ret=SUCCESS |  
2019-08-29 08:20:36,996 | INFO  | SCMAudit | user=jenkins1000 | ip=192.168.34.54 | op=SEND_HEARTBEAT {datanodeUUID=856f75f6-80db-48b1-966d-fd6b52a68619, command=[]} | ret=SUCCESS |  
2019-08-29 08:20:37,118 | INFO  | SCMAudit | user=jenkins1000 | ip=192.168.34.54 | op=SEND_HEARTBEAT {datanodeUUID=078fe6a9-1ebb-4542-b6cd-585ed8de9dab, command=[]} | ret=SUCCESS |  
2019-08-29 08:20:37,163 [grpc-default-executor-4] INFO  client.GrpcClientProtocolClient (GrpcClientProtocolClient.java:onNext(255)) - client-06321B7A3B9E->886c450c-7866-4fa0-a628-dd927eae8405: receive RaftClientReply:client-06321B7A3B9E->886c450c-7866-4fa0-a628-dd927eae8405@group-FC084516F7F3, cid=14, FAILED org.apache.ratis.protocol.NotLeaderException: Server 886c450c-7866-4fa0-a628-dd927eae8405 is not the leader (a31cf192-49b2-4ed1-810f-c25f32e91362:192.168.34.54:39448). Request must be sent to leader., logIndex=0, commits[886c450c-7866-4fa0-a628-dd927eae8405:c2, a31cf192-49b2-4ed1-810f-c25f32e91362:c2, 0478feb3-a59d-4754-80fd-79ba24eb7e66:c2]
2019-08-29 08:20:37,383 | INFO  | SCMAudit | user=jenkins1000 | ip=192.168.34.54 | op=SEND_HEARTBEAT {datanodeUUID=adb6bfc4-9812-4cd1-b89d-2074f9496068, command=[]} | ret=SUCCESS |  
2019-08-29 08:20:37,798 | INFO  | SCMAudit | user=jenkins1000 | ip=192.168.34.54 | op=SEND_HEARTBEAT {datanodeUUID=5563f767-f7a1-4491-bdfb-72abdf0fc1e3, command=[]} | ret=SUCCESS |  
2019-08-29 08:20:37,958 | INFO  | SCMAudit | user=jenkins1000 | ip=192.168.34.54 | op=SEND_HEARTBEAT {datanodeUUID=0478feb3-a59d-4754-80fd-79ba24eb7e66, command=[]} | ret=SUCCESS |  
2019-08-29 08:20:37,958 | INFO  | SCMAudit | user=jenkins1000 | ip=192.168.34.54 | op=SEND_HEARTBEAT {datanodeUUID=886c450c-7866-4fa0-a628-dd927eae8405, command=[]} | ret=SUCCESS |  
2019-08-29 08:20:37,996 | INFO  | SCMAudit | user=jenkins1000 | ip=192.168.34.54 | op=SEND_HEARTBEAT {datanodeUUID=856f75f6-80db-48b1-966d-fd6b52a68619, command=[]} | ret=SUCCESS |  
2019-08-29 08:20:38,119 | INFO  | SCMAudit | user=jenkins1000 | ip=192.168.34.54 | op=SEND_HEARTBEAT {datanodeUUID=078fe6a9-1ebb-4542-b6cd-585ed8de9dab, command=[]} | ret=SUCCESS |  
2019-08-29 08:20:38,189 [grpc-default-executor-1] INFO  client.GrpcClientProtocolClient (GrpcClientProtocolClient.java:onNext(255)) - client-06321B7A3B9E->0478feb3-a59d-4754-80fd-79ba24eb7e66: receive RaftClientReply:client-06321B7A3B9E->0478feb3-a59d-4754-80fd-79ba24eb7e66@group-FC084516F7F3, cid=14, FAILED org.apache.ratis.protocol.NotLeaderException: Server 0478feb3-a59d-4754-80fd-79ba24eb7e66 is not the leader (a31cf192-49b2-4ed1-810f-c25f32e91362:192.168.34.54:39448). Request must be sent to leader., logIndex=0, commits[0478feb3-a59d-4754-80fd-79ba24eb7e66:c2, 886c450c-7866-4fa0-a628-dd927eae8405:c2, a31cf192-49b2-4ed1-810f-c25f32e91362:c2]
2019-08-29 08:20:38,383 | INFO  | SCMAudit | user=jenkins1000 | ip=192.168.34.54 | op=SEND_HEARTBEAT {datanodeUUID=adb6bfc4-9812-4cd1-b89d-2074f9496068, command=[]} | ret=SUCCESS |  
2019-08-29 08:20:38,798 | INFO  | SCMAudit | user=jenkins1000 | ip=192.168.34.54 | op=SEND_HEARTBEAT {datanodeUUID=5563f767-f7a1-4491-bdfb-72abdf0fc1e3, command=[]} | ret=SUCCESS |  
2019-08-29 08:20:38,958 | INFO  | SCMAudit | user=jenkins1000 | ip=192.168.34.54 | op=SEND_HEARTBEAT {datanodeUUID=886c450c-7866-4fa0-a628-dd927eae8405, command=[]} | ret=SUCCESS |  
2019-08-29 08:20:38,958 | INFO  | SCMAudit | user=jenkins1000 | ip=192.168.34.54 | op=SEND_HEARTBEAT {datanodeUUID=0478feb3-a59d-4754-80fd-79ba24eb7e66, command=[]} | ret=SUCCESS |  
2019-08-29 08:20:38,996 | INFO  | SCMAudit | user=jenkins1000 | ip=192.168.34.54 | op=SEND_HEARTBEAT {datanodeUUID=856f75f6-80db-48b1-966d-fd6b52a68619, command=[]} | ret=SUCCESS |  
2019-08-29 08:20:39,119 | INFO  | SCMAudit | user=jenkins1000 | ip=192.168.34.54 | op=SEND_HEARTBEAT {datanodeUUID=078fe6a9-1ebb-4542-b6cd-585ed8de9dab, command=[]} | ret=SUCCESS |  
2019-08-29 08:20:39,218 [grpc-default-executor-4] INFO  client.GrpcClientProtocolClient (GrpcClientProtocolClient.java:onNext(255)) - client-06321B7A3B9E->886c450c-7866-4fa0-a628-dd927eae8405: receive RaftClientReply:client-06321B7A3B9E->886c450c-7866-4fa0-a628-dd927eae8405@group-FC084516F7F3, cid=14, FAILED org.apache.ratis.protocol.NotLeaderException: Server 886c450c-7866-4fa0-a628-dd927eae8405 is not the leader (a31cf192-49b2-4ed1-810f-c25f32e91362:192.168.34.54:39448). Request must be sent to leader., logIndex=0, commits[886c450c-7866-4fa0-a628-dd927eae8405:c2, a31cf192-49b2-4ed1-810f-c25f32e91362:c2, 0478feb3-a59d-4754-80fd-79ba24eb7e66:c2]
2019-08-29 08:20:39,384 | INFO  | SCMAudit | user=jenkins1000 | ip=192.168.34.54 | op=SEND_HEARTBEAT {datanodeUUID=adb6bfc4-9812-4cd1-b89d-2074f9496068, command=[]} | ret=SUCCESS |  
2019-08-29 08:20:39,798 | INFO  | SCMAudit | user=jenkins1000 | ip=192.168.34.54 | op=SEND_HEARTBEAT {datanodeUUID=5563f767-f7a1-4491-bdfb-72abdf0fc1e3, command=[]} | ret=SUCCESS |  
2019-08-29 08:20:39,958 | INFO  | SCMAudit | user=jenkins1000 | ip=192.168.34.54 | op=SEND_HEARTBEAT {datanodeUUID=0478feb3-a59d-4754-80fd-79ba24eb7e66, command=[]} | ret=SUCCESS |  
2019-08-29 08:20:39,958 | INFO  | SCMAudit | user=jenkins1000 | ip=192.168.34.54 | op=SEND_HEARTBEAT {datanodeUUID=886c450c-7866-4fa0-a628-dd927eae8405, command=[]} | ret=SUCCESS |  
2019-08-29 08:20:39,995 | INFO  | SCMAudit | user=jenkins1000 | ip=192.168.34.54 | op=SEND_HEARTBEAT {datanodeUUID=856f75f6-80db-48b1-966d-fd6b52a68619, command=[]} | ret=SUCCESS |  
2019-08-29 08:20:40,119 | INFO  | SCMAudit | user=jenkins1000 | ip=192.168.34.54 | op=SEND_HEARTBEAT {datanodeUUID=078fe6a9-1ebb-4542-b6cd-585ed8de9dab, command=[]} | ret=SUCCESS |  
2019-08-29 08:20:40,261 [grpc-default-executor-1] INFO  client.GrpcClientProtocolClient (GrpcClientProtocolClient.java:onNext(255)) - client-06321B7A3B9E->886c450c-7866-4fa0-a628-dd927eae8405: receive RaftClientReply:client-06321B7A3B9E->886c450c-7866-4fa0-a628-dd927eae8405@group-FC084516F7F3, cid=14, FAILED org.apache.ratis.protocol.NotLeaderException: Server 886c450c-7866-4fa0-a628-dd927eae8405 is not the leader (a31cf192-49b2-4ed1-810f-c25f32e91362:192.168.34.54:39448). Request must be sent to leader., logIndex=0, commits[886c450c-7866-4fa0-a628-dd927eae8405:c2, a31cf192-49b2-4ed1-810f-c25f32e91362:c2, 0478feb3-a59d-4754-80fd-79ba24eb7e66:c2]
2019-08-29 08:20:40,384 | INFO  | SCMAudit | user=jenkins1000 | ip=192.168.34.54 | op=SEND_HEARTBEAT {datanodeUUID=adb6bfc4-9812-4cd1-b89d-2074f9496068, command=[]} | ret=SUCCESS |  
2019-08-29 08:20:40,799 | INFO  | SCMAudit | user=jenkins1000 | ip=192.168.34.54 | op=SEND_HEARTBEAT {datanodeUUID=5563f767-f7a1-4491-bdfb-72abdf0fc1e3, command=[]} | ret=SUCCESS |  
2019-08-29 08:20:40,957 | INFO  | SCMAudit | user=jenkins1000 | ip=192.168.34.54 | op=SEND_HEARTBEAT {datanodeUUID=0478feb3-a59d-4754-80fd-79ba24eb7e66, command=[]} | ret=SUCCESS |  
2019-08-29 08:20:40,958 | INFO  | SCMAudit | user=jenkins1000 | ip=192.168.34.54 | op=SEND_HEARTBEAT {datanodeUUID=886c450c-7866-4fa0-a628-dd927eae8405, command=[]} | ret=SUCCESS |  
2019-08-29 08:20:40,996 | INFO  | SCMAudit | user=jenkins1000 | ip=192.168.34.54 | op=SEND_HEARTBEAT {datanodeUUID=856f75f6-80db-48b1-966d-fd6b52a68619, command=[]} | ret=SUCCESS |  
2019-08-29 08:20:41,119 | INFO  | SCMAudit | user=jenkins1000 | ip=192.168.34.54 | op=SEND_HEARTBEAT {datanodeUUID=078fe6a9-1ebb-4542-b6cd-585ed8de9dab, command=[]} | ret=SUCCESS |  
2019-08-29 08:20:41,304 [grpc-default-executor-4] INFO  client.GrpcClientProtocolClient (GrpcClientProtocolClient.java:onNext(255)) - client-06321B7A3B9E->886c450c-7866-4fa0-a628-dd927eae8405: receive RaftClientReply:client-06321B7A3B9E->886c450c-7866-4fa0-a628-dd927eae8405@group-FC084516F7F3, cid=14, FAILED org.apache.ratis.protocol.NotLeaderException: Server 886c450c-7866-4fa0-a628-dd927eae8405 is not the leader (a31cf192-49b2-4ed1-810f-c25f32e91362:192.168.34.54:39448). Request must be sent to leader., logIndex=0, commits[886c450c-7866-4fa0-a628-dd927eae8405:c2, a31cf192-49b2-4ed1-810f-c25f32e91362:c2, 0478feb3-a59d-4754-80fd-79ba24eb7e66:c2]
2019-08-29 08:20:41,383 | INFO  | SCMAudit | user=jenkins1000 | ip=192.168.34.54 | op=SEND_HEARTBEAT {datanodeUUID=adb6bfc4-9812-4cd1-b89d-2074f9496068, command=[]} | ret=SUCCESS |  
2019-08-29 08:20:41,799 | INFO  | SCMAudit | user=jenkins1000 | ip=192.168.34.54 | op=SEND_HEARTBEAT {datanodeUUID=5563f767-f7a1-4491-bdfb-72abdf0fc1e3, command=[]} | ret=SUCCESS |  
2019-08-29 08:20:41,958 | INFO  | SCMAudit | user=jenkins1000 | ip=192.168.34.54 | op=SEND_HEARTBEAT {datanodeUUID=886c450c-7866-4fa0-a628-dd927eae8405, command=[]} | ret=SUCCESS |  
2019-08-29 08:20:41,958 | INFO  | SCMAudit | user=jenkins1000 | ip=192.168.34.54 | op=SEND_HEARTBEAT {datanodeUUID=0478feb3-a59d-4754-80fd-79ba24eb7e66, command=[]} | ret=SUCCESS |  
2019-08-29 08:20:41,997 | INFO  | SCMAudit | user=jenkins1000 | ip=192.168.34.54 | op=SEND_HEARTBEAT {datanodeUUID=856f75f6-80db-48b1-966d-fd6b52a68619, command=[]} | ret=SUCCESS |  
2019-08-29 08:20:42,119 | INFO  | SCMAudit | user=jenkins1000 | ip=192.168.34.54 | op=SEND_HEARTBEAT {datanodeUUID=078fe6a9-1ebb-4542-b6cd-585ed8de9dab, command=[]} | ret=SUCCESS |  
2019-08-29 08:20:42,325 [grpc-default-executor-1] INFO  client.GrpcClientProtocolClient (GrpcClientProtocolClient.java:onNext(255)) - client-06321B7A3B9E->0478feb3-a59d-4754-80fd-79ba24eb7e66: receive RaftClientReply:client-06321B7A3B9E->0478feb3-a59d-4754-80fd-79ba24eb7e66@group-FC084516F7F3, cid=14, FAILED org.apache.ratis.protocol.NotLeaderException: Server 0478feb3-a59d-4754-80fd-79ba24eb7e66 is not the leader (a31cf192-49b2-4ed1-810f-c25f32e91362:192.168.34.54:39448). Request must be sent to leader., logIndex=0, commits[0478feb3-a59d-4754-80fd-79ba24eb7e66:c2, 886c450c-7866-4fa0-a628-dd927eae8405:c2, a31cf192-49b2-4ed1-810f-c25f32e91362:c2]
2019-08-29 08:20:42,382 | INFO  | SCMAudit | user=jenkins1000 | ip=192.168.34.54 | op=SEND_HEARTBEAT {datanodeUUID=adb6bfc4-9812-4cd1-b89d-2074f9496068, command=[]} | ret=SUCCESS |  
2019-08-29 08:20:42,798 | INFO  | SCMAudit | user=jenkins1000 | ip=192.168.34.54 | op=SEND_HEARTBEAT {datanodeUUID=5563f767-f7a1-4491-bdfb-72abdf0fc1e3, command=[]} | ret=SUCCESS |  
2019-08-29 08:20:42,958 | INFO  | SCMAudit | user=jenkins1000 | ip=192.168.34.54 | op=SEND_HEARTBEAT {datanodeUUID=0478feb3-a59d-4754-80fd-79ba24eb7e66, command=[]} | ret=SUCCESS |  
2019-08-29 08:20:42,958 | INFO  | SCMAudit | user=jenkins1000 | ip=192.168.34.54 | op=SEND_HEARTBEAT {datanodeUUID=886c450c-7866-4fa0-a628-dd927eae8405, command=[]} | ret=SUCCESS |  
2019-08-29 08:20:42,997 | INFO  | SCMAudit | user=jenkins1000 | ip=192.168.34.54 | op=SEND_HEARTBEAT {datanodeUUID=856f75f6-80db-48b1-966d-fd6b52a68619, command=[]} | ret=SUCCESS |  
2019-08-29 08:20:43,119 | INFO  | SCMAudit | user=jenkins1000 | ip=192.168.34.54 | op=SEND_HEARTBEAT {datanodeUUID=078fe6a9-1ebb-4542-b6cd-585ed8de9dab, command=[]} | ret=SUCCESS |  
2019-08-29 08:20:43,359 [grpc-default-executor-4] INFO  client.GrpcClientProtocolClient (GrpcClientProtocolClient.java:onNext(255)) - client-06321B7A3B9E->0478feb3-a59d-4754-80fd-79ba24eb7e66: receive RaftClientReply:client-06321B7A3B9E->0478feb3-a59d-4754-80fd-79ba24eb7e66@group-FC084516F7F3, cid=14, FAILED org.apache.ratis.protocol.NotLeaderException: Server 0478feb3-a59d-4754-80fd-79ba24eb7e66 is not the leader (a31cf192-49b2-4ed1-810f-c25f32e91362:192.168.34.54:39448). Request must be sent to leader., logIndex=0, commits[0478feb3-a59d-4754-80fd-79ba24eb7e66:c2, 886c450c-7866-4fa0-a628-dd927eae8405:c2, a31cf192-49b2-4ed1-810f-c25f32e91362:c2]
2019-08-29 08:20:43,383 | INFO  | SCMAudit | user=jenkins1000 | ip=192.168.34.54 | op=SEND_HEARTBEAT {datanodeUUID=adb6bfc4-9812-4cd1-b89d-2074f9496068, command=[]} | ret=SUCCESS |  
2019-08-29 08:20:43,807 | INFO  | SCMAudit | user=jenkins1000 | ip=192.168.34.54 | op=SEND_HEARTBEAT {datanodeUUID=5563f767-f7a1-4491-bdfb-72abdf0fc1e3, command=[]} | ret=SUCCESS |  
2019-08-29 08:20:43,958 | INFO  | SCMAudit | user=jenkins1000 | ip=192.168.34.54 | op=SEND_HEARTBEAT {datanodeUUID=0478feb3-a59d-4754-80fd-79ba24eb7e66, command=[]} | ret=SUCCESS |  
2019-08-29 08:20:43,959 | INFO  | SCMAudit | user=jenkins1000 | ip=192.168.34.54 | op=SEND_HEARTBEAT {datanodeUUID=886c450c-7866-4fa0-a628-dd927eae8405, command=[]} | ret=SUCCESS |  
2019-08-29 08:20:43,997 | INFO  | SCMAudit | user=jenkins1000 | ip=192.168.34.54 | op=SEND_HEARTBEAT {datanodeUUID=856f75f6-80db-48b1-966d-fd6b52a68619, command=[]} | ret=SUCCESS |  
2019-08-29 08:20:44,119 | INFO  | SCMAudit | user=jenkins1000 | ip=192.168.34.54 | op=SEND_HEARTBEAT {datanodeUUID=078fe6a9-1ebb-4542-b6cd-585ed8de9dab, command=[]} | ret=SUCCESS |  
2019-08-29 08:20:44,383 | INFO  | SCMAudit | user=jenkins1000 | ip=192.168.34.54 | op=SEND_HEARTBEAT {datanodeUUID=adb6bfc4-9812-4cd1-b89d-2074f9496068, command=[]} | ret=SUCCESS |  
2019-08-29 08:20:44,397 [grpc-default-executor-1] INFO  client.GrpcClientProtocolClient (GrpcClientProtocolClient.java:onNext(255)) - client-06321B7A3B9E->0478feb3-a59d-4754-80fd-79ba24eb7e66: receive RaftClientReply:client-06321B7A3B9E->0478feb3-a59d-4754-80fd-79ba24eb7e66@group-FC084516F7F3, cid=14, FAILED org.apache.ratis.protocol.NotLeaderException: Server 0478feb3-a59d-4754-80fd-79ba24eb7e66 is not the leader (a31cf192-49b2-4ed1-810f-c25f32e91362:192.168.34.54:39448). Request must be sent to leader., logIndex=0, commits[0478feb3-a59d-4754-80fd-79ba24eb7e66:c2, 886c450c-7866-4fa0-a628-dd927eae8405:c2, a31cf192-49b2-4ed1-810f-c25f32e91362:c2]
2019-08-29 08:20:44,412 [Thread-356] INFO  impl.FollowerState (FollowerState.java:run(106)) - 886c450c-7866-4fa0-a628-dd927eae8405:group-FC084516F7F3 changes to CANDIDATE, lastRpcTime:9592, electionTimeout:5066ms
2019-08-29 08:20:44,412 [Thread-356] INFO  impl.RoleInfo (RoleInfo.java:shutdownFollowerState(121)) - 886c450c-7866-4fa0-a628-dd927eae8405: shutdown FollowerState
2019-08-29 08:20:44,413 [Thread-356] INFO  impl.RaftServerImpl (RaftServerImpl.java:setRole(171)) - 886c450c-7866-4fa0-a628-dd927eae8405:group-FC084516F7F3 changes role from FOLLOWER to CANDIDATE at term 2 for changeToCandidate
2019-08-29 08:20:44,413 [Thread-356] INFO  impl.RoleInfo (RoleInfo.java:updateAndGet(143)) - 886c450c-7866-4fa0-a628-dd927eae8405: start LeaderElection
2019-08-29 08:20:44,418 [886c450c-7866-4fa0-a628-dd927eae8405:group-FC084516F7F3:LeaderElection13] INFO  impl.RaftServerImpl (ServerState.java:setLeader(263)) - 886c450c-7866-4fa0-a628-dd927eae8405:group-FC084516F7F3 change Leader from a31cf192-49b2-4ed1-810f-c25f32e91362 to null at term 2 for initElection
2019-08-29 08:20:44,432 [886c450c-7866-4fa0-a628-dd927eae8405:group-FC084516F7F3:LeaderElection13] INFO  impl.LeaderElection (LeaderElection.java:askForVotes(181)) - 886c450c-7866-4fa0-a628-dd927eae8405:group-FC084516F7F3:LeaderElection13: begin an election at term 3 for 0: [886c450c-7866-4fa0-a628-dd927eae8405:192.168.34.54:36470, a31cf192-49b2-4ed1-810f-c25f32e91362:192.168.34.54:39448, 0478feb3-a59d-4754-80fd-79ba24eb7e66:192.168.34.54:42750], old=null
2019-08-29 08:20:44,447 [Thread-357] INFO  impl.FollowerState (FollowerState.java:run(106)) - 0478feb3-a59d-4754-80fd-79ba24eb7e66:group-FC084516F7F3 changes to CANDIDATE, lastRpcTime:9626, electionTimeout:5010ms
2019-08-29 08:20:44,447 [Thread-357] INFO  impl.RoleInfo (RoleInfo.java:shutdownFollowerState(121)) - 0478feb3-a59d-4754-80fd-79ba24eb7e66: shutdown FollowerState
2019-08-29 08:20:44,447 [Thread-357] INFO  impl.RaftServerImpl (RaftServerImpl.java:setRole(171)) - 0478feb3-a59d-4754-80fd-79ba24eb7e66:group-FC084516F7F3 changes role from FOLLOWER to CANDIDATE at term 2 for changeToCandidate
2019-08-29 08:20:44,447 [Thread-357] INFO  impl.RoleInfo (RoleInfo.java:updateAndGet(143)) - 0478feb3-a59d-4754-80fd-79ba24eb7e66: start LeaderElection
2019-08-29 08:20:44,449 [grpc-default-executor-6] INFO  impl.RaftServerImpl (ServerState.java:setLeader(263)) - 0478feb3-a59d-4754-80fd-79ba24eb7e66:group-FC084516F7F3 change Leader from a31cf192-49b2-4ed1-810f-c25f32e91362 to null at term 3 for updateCurrentTerm
2019-08-29 08:20:44,450 [grpc-default-executor-6] INFO  impl.RaftServerImpl (RaftServerImpl.java:setRole(171)) - 0478feb3-a59d-4754-80fd-79ba24eb7e66:group-FC084516F7F3 changes role from CANDIDATE to FOLLOWER at term 3 for recognizeCandidate:886c450c-7866-4fa0-a628-dd927eae8405
2019-08-29 08:20:44,450 [grpc-default-executor-6] INFO  impl.RoleInfo (RoleInfo.java:shutdownLeaderElection(134)) - 0478feb3-a59d-4754-80fd-79ba24eb7e66: shutdown LeaderElection
2019-08-29 08:20:44,450 [grpc-default-executor-6] INFO  impl.RoleInfo (RoleInfo.java:updateAndGet(143)) - 0478feb3-a59d-4754-80fd-79ba24eb7e66: start FollowerState
2019-08-29 08:20:44,450 [886c450c-7866-4fa0-a628-dd927eae8405:group-FC084516F7F3:LeaderElection13] INFO  impl.LeaderElection (LogUtils.java:infoOrTrace(149)) - 886c450c-7866-4fa0-a628-dd927eae8405:group-FC084516F7F3:LeaderElection13 got exception when requesting votes: {}
java.util.concurrent.ExecutionException: org.apache.ratis.thirdparty.io.grpc.StatusRuntimeException: UNAVAILABLE: io exception
	at java.util.concurrent.FutureTask.report(FutureTask.java:122)
	at java.util.concurrent.FutureTask.get(FutureTask.java:192)
	at org.apache.ratis.server.impl.LeaderElection.waitForResults(LeaderElection.java:262)
	at org.apache.ratis.server.impl.LeaderElection.askForVotes(LeaderElection.java:200)
	at org.apache.ratis.server.impl.LeaderElection.run(LeaderElection.java:130)
	at java.lang.Thread.run(Thread.java:748)
Caused by: org.apache.ratis.thirdparty.io.grpc.StatusRuntimeException: UNAVAILABLE: io exception
	at org.apache.ratis.thirdparty.io.grpc.stub.ClientCalls.toStatusRuntimeException(ClientCalls.java:233)
	at org.apache.ratis.thirdparty.io.grpc.stub.ClientCalls.getUnchecked(ClientCalls.java:214)
	at org.apache.ratis.thirdparty.io.grpc.stub.ClientCalls.blockingUnaryCall(ClientCalls.java:139)
	at org.apache.ratis.proto.grpc.RaftServerProtocolServiceGrpc$RaftServerProtocolServiceBlockingStub.requestVote(RaftServerProtocolServiceGrpc.java:265)
	at org.apache.ratis.grpc.server.GrpcServerProtocolClient.requestVote(GrpcServerProtocolClient.java:83)
	at org.apache.ratis.grpc.server.GrpcService.requestVote(GrpcService.java:195)
	at org.apache.ratis.server.impl.LeaderElection.lambda$submitRequests$1(LeaderElection.java:237)
	at java.util.concurrent.FutureTask.run(FutureTask.java:266)
	at java.util.concurrent.Executors$RunnableAdapter.call(Executors.java:511)
	at java.util.concurrent.FutureTask.run(FutureTask.java:266)
	at java.util.concurrent.ThreadPoolExecutor.runWorker(ThreadPoolExecutor.java:1149)
	at java.util.concurrent.ThreadPoolExecutor$Worker.run(ThreadPoolExecutor.java:624)
	... 1 more
Caused by: org.apache.ratis.thirdparty.io.netty.channel.AbstractChannel$AnnotatedConnectException: Connection refused: /192.168.34.54:39448
	at sun.nio.ch.SocketChannelImpl.checkConnect(Native Method)
	at sun.nio.ch.SocketChannelImpl.finishConnect(SocketChannelImpl.java:717)
	at org.apache.ratis.thirdparty.io.netty.channel.socket.nio.NioSocketChannel.doFinishConnect(NioSocketChannel.java:327)
	at org.apache.ratis.thirdparty.io.netty.channel.nio.AbstractNioChannel$AbstractNioUnsafe.finishConnect(AbstractNioChannel.java:340)
	at org.apache.ratis.thirdparty.io.netty.channel.nio.NioEventLoop.processSelectedKey(NioEventLoop.java:632)
	at org.apache.ratis.thirdparty.io.netty.channel.nio.NioEventLoop.processSelectedKeysOptimized(NioEventLoop.java:579)
	at org.apache.ratis.thirdparty.io.netty.channel.nio.NioEventLoop.processSelectedKeys(NioEventLoop.java:496)
	at org.apache.ratis.thirdparty.io.netty.channel.nio.NioEventLoop.run(NioEventLoop.java:458)
	at org.apache.ratis.thirdparty.io.netty.util.concurrent.SingleThreadEventExecutor$5.run(SingleThreadEventExecutor.java:897)
	at org.apache.ratis.thirdparty.io.netty.util.concurrent.FastThreadLocalRunnable.run(FastThreadLocalRunnable.java:30)
	... 1 more
Caused by: java.net.ConnectException: Connection refused
	... 11 more
2019-08-29 08:20:44,466 [886c450c-7866-4fa0-a628-dd927eae8405:group-FC084516F7F3:LeaderElection13] INFO  impl.LeaderElection (LeaderElection.java:logAndReturn(56)) - 886c450c-7866-4fa0-a628-dd927eae8405:group-FC084516F7F3:LeaderElection13: Election REJECTED; received 1 response(s) [886c450c-7866-4fa0-a628-dd927eae8405<-0478feb3-a59d-4754-80fd-79ba24eb7e66#0:FAIL-t3] and 1 exception(s); 886c450c-7866-4fa0-a628-dd927eae8405:t3, leader=null, voted=886c450c-7866-4fa0-a628-dd927eae8405, raftlog=886c450c-7866-4fa0-a628-dd927eae8405-SegmentedRaftLog:OPENED:c2,f2,i2, conf=0: [886c450c-7866-4fa0-a628-dd927eae8405:192.168.34.54:36470, a31cf192-49b2-4ed1-810f-c25f32e91362:192.168.34.54:39448, 0478feb3-a59d-4754-80fd-79ba24eb7e66:192.168.34.54:42750], old=null
2019-08-29 08:20:44,469 [886c450c-7866-4fa0-a628-dd927eae8405:group-FC084516F7F3:LeaderElection13] INFO  impl.LeaderElection (LogUtils.java:infoOrTrace(149)) -   Exception 0: {}
java.util.concurrent.ExecutionException: org.apache.ratis.thirdparty.io.grpc.StatusRuntimeException: UNAVAILABLE: io exception
	at java.util.concurrent.FutureTask.report(FutureTask.java:122)
	at java.util.concurrent.FutureTask.get(FutureTask.java:192)
	at org.apache.ratis.server.impl.LeaderElection.waitForResults(LeaderElection.java:262)
	at org.apache.ratis.server.impl.LeaderElection.askForVotes(LeaderElection.java:200)
	at org.apache.ratis.server.impl.LeaderElection.run(LeaderElection.java:130)
	at java.lang.Thread.run(Thread.java:748)
Caused by: org.apache.ratis.thirdparty.io.grpc.StatusRuntimeException: UNAVAILABLE: io exception
	at org.apache.ratis.thirdparty.io.grpc.stub.ClientCalls.toStatusRuntimeException(ClientCalls.java:233)
	at org.apache.ratis.thirdparty.io.grpc.stub.ClientCalls.getUnchecked(ClientCalls.java:214)
	at org.apache.ratis.thirdparty.io.grpc.stub.ClientCalls.blockingUnaryCall(ClientCalls.java:139)
	at org.apache.ratis.proto.grpc.RaftServerProtocolServiceGrpc$RaftServerProtocolServiceBlockingStub.requestVote(RaftServerProtocolServiceGrpc.java:265)
	at org.apache.ratis.grpc.server.GrpcServerProtocolClient.requestVote(GrpcServerProtocolClient.java:83)
	at org.apache.ratis.grpc.server.GrpcService.requestVote(GrpcService.java:195)
	at org.apache.ratis.server.impl.LeaderElection.lambda$submitRequests$1(LeaderElection.java:237)
	at java.util.concurrent.FutureTask.run(FutureTask.java:266)
	at java.util.concurrent.Executors$RunnableAdapter.call(Executors.java:511)
	at java.util.concurrent.FutureTask.run(FutureTask.java:266)
	at java.util.concurrent.ThreadPoolExecutor.runWorker(ThreadPoolExecutor.java:1149)
	at java.util.concurrent.ThreadPoolExecutor$Worker.run(ThreadPoolExecutor.java:624)
	... 1 more
Caused by: org.apache.ratis.thirdparty.io.netty.channel.AbstractChannel$AnnotatedConnectException: Connection refused: /192.168.34.54:39448
	at sun.nio.ch.SocketChannelImpl.checkConnect(Native Method)
	at sun.nio.ch.SocketChannelImpl.finishConnect(SocketChannelImpl.java:717)
	at org.apache.ratis.thirdparty.io.netty.channel.socket.nio.NioSocketChannel.doFinishConnect(NioSocketChannel.java:327)
	at org.apache.ratis.thirdparty.io.netty.channel.nio.AbstractNioChannel$AbstractNioUnsafe.finishConnect(AbstractNioChannel.java:340)
	at org.apache.ratis.thirdparty.io.netty.channel.nio.NioEventLoop.processSelectedKey(NioEventLoop.java:632)
	at org.apache.ratis.thirdparty.io.netty.channel.nio.NioEventLoop.processSelectedKeysOptimized(NioEventLoop.java:579)
	at org.apache.ratis.thirdparty.io.netty.channel.nio.NioEventLoop.processSelectedKeys(NioEventLoop.java:496)
	at org.apache.ratis.thirdparty.io.netty.channel.nio.NioEventLoop.run(NioEventLoop.java:458)
	at org.apache.ratis.thirdparty.io.netty.util.concurrent.SingleThreadEventExecutor$5.run(SingleThreadEventExecutor.java:897)
	at org.apache.ratis.thirdparty.io.netty.util.concurrent.FastThreadLocalRunnable.run(FastThreadLocalRunnable.java:30)
	... 1 more
Caused by: java.net.ConnectException: Connection refused
	... 11 more
2019-08-29 08:20:44,476 [886c450c-7866-4fa0-a628-dd927eae8405:group-FC084516F7F3:LeaderElection13] INFO  impl.RaftServerImpl (RaftServerImpl.java:setRole(171)) - 886c450c-7866-4fa0-a628-dd927eae8405:group-FC084516F7F3 changes role from CANDIDATE to FOLLOWER at term 3 for DISCOVERED_A_NEW_TERM
2019-08-29 08:20:44,476 [886c450c-7866-4fa0-a628-dd927eae8405:group-FC084516F7F3:LeaderElection13] INFO  impl.RoleInfo (RoleInfo.java:shutdownLeaderElection(134)) - 886c450c-7866-4fa0-a628-dd927eae8405: shutdown LeaderElection
2019-08-29 08:20:44,477 [886c450c-7866-4fa0-a628-dd927eae8405:group-FC084516F7F3:LeaderElection13] INFO  impl.RoleInfo (RoleInfo.java:updateAndGet(143)) - 886c450c-7866-4fa0-a628-dd927eae8405: start FollowerState
2019-08-29 08:20:44,490 [0478feb3-a59d-4754-80fd-79ba24eb7e66:group-FC084516F7F3:LeaderElection14] INFO  impl.LeaderElection (LeaderElection.java:askForVotes(181)) - 0478feb3-a59d-4754-80fd-79ba24eb7e66:group-FC084516F7F3:LeaderElection14: begin an election at term 4 for 0: [886c450c-7866-4fa0-a628-dd927eae8405:192.168.34.54:36470, a31cf192-49b2-4ed1-810f-c25f32e91362:192.168.34.54:39448, 0478feb3-a59d-4754-80fd-79ba24eb7e66:192.168.34.54:42750], old=null
2019-08-29 08:20:44,491 [0478feb3-a59d-4754-80fd-79ba24eb7e66:group-FC084516F7F3:LeaderElection14] INFO  impl.LeaderElection (LeaderElection.java:logAndReturn(56)) - 0478feb3-a59d-4754-80fd-79ba24eb7e66:group-FC084516F7F3:LeaderElection14: Election REJECTED; received 0 response(s) [] and 0 exception(s); 0478feb3-a59d-4754-80fd-79ba24eb7e66:t4, leader=null, voted=0478feb3-a59d-4754-80fd-79ba24eb7e66, raftlog=0478feb3-a59d-4754-80fd-79ba24eb7e66-SegmentedRaftLog:OPENED:c2,f2,i2, conf=0: [886c450c-7866-4fa0-a628-dd927eae8405:192.168.34.54:36470, a31cf192-49b2-4ed1-810f-c25f32e91362:192.168.34.54:39448, 0478feb3-a59d-4754-80fd-79ba24eb7e66:192.168.34.54:42750], old=null
2019-08-29 08:20:44,501 [grpc-default-executor-1] INFO  impl.RaftServerImpl (RaftServerImpl.java:setRole(171)) - 886c450c-7866-4fa0-a628-dd927eae8405:group-FC084516F7F3 changes role from FOLLOWER to FOLLOWER at term 4 for recognizeCandidate:0478feb3-a59d-4754-80fd-79ba24eb7e66
2019-08-29 08:20:44,504 [grpc-default-executor-1] INFO  impl.RoleInfo (RoleInfo.java:shutdownFollowerState(121)) - 886c450c-7866-4fa0-a628-dd927eae8405: shutdown FollowerState
2019-08-29 08:20:44,504 [grpc-default-executor-1] INFO  impl.RoleInfo (RoleInfo.java:updateAndGet(143)) - 886c450c-7866-4fa0-a628-dd927eae8405: start FollowerState
2019-08-29 08:20:44,505 [Thread-440] INFO  impl.FollowerState (FollowerState.java:run(114)) - 886c450c-7866-4fa0-a628-dd927eae8405: FollowerState was interrupted: java.lang.InterruptedException: sleep interrupted
2019-08-29 08:20:44,799 | INFO  | SCMAudit | user=jenkins1000 | ip=192.168.34.54 | op=SEND_HEARTBEAT {datanodeUUID=5563f767-f7a1-4491-bdfb-72abdf0fc1e3, command=[]} | ret=SUCCESS |  
2019-08-29 08:20:44,958 | INFO  | SCMAudit | user=jenkins1000 | ip=192.168.34.54 | op=SEND_HEARTBEAT {datanodeUUID=0478feb3-a59d-4754-80fd-79ba24eb7e66, command=[]} | ret=SUCCESS |  
2019-08-29 08:20:44,959 | INFO  | SCMAudit | user=jenkins1000 | ip=192.168.34.54 | op=SEND_HEARTBEAT {datanodeUUID=886c450c-7866-4fa0-a628-dd927eae8405, command=[]} | ret=SUCCESS |  
2019-08-29 08:20:44,996 | INFO  | SCMAudit | user=jenkins1000 | ip=192.168.34.54 | op=SEND_HEARTBEAT {datanodeUUID=856f75f6-80db-48b1-966d-fd6b52a68619, command=[]} | ret=SUCCESS |  
2019-08-29 08:20:45,120 | INFO  | SCMAudit | user=jenkins1000 | ip=192.168.34.54 | op=SEND_HEARTBEAT {datanodeUUID=078fe6a9-1ebb-4542-b6cd-585ed8de9dab, command=[]} | ret=SUCCESS |  
2019-08-29 08:20:45,383 | INFO  | SCMAudit | user=jenkins1000 | ip=192.168.34.54 | op=SEND_HEARTBEAT {datanodeUUID=adb6bfc4-9812-4cd1-b89d-2074f9496068, command=[]} | ret=SUCCESS |  
2019-08-29 08:20:45,452 [grpc-default-executor-1] INFO  client.GrpcClientProtocolClient (GrpcClientProtocolClient.java:onNext(255)) - client-06321B7A3B9E->886c450c-7866-4fa0-a628-dd927eae8405: receive RaftClientReply:client-06321B7A3B9E->886c450c-7866-4fa0-a628-dd927eae8405@group-FC084516F7F3, cid=14, FAILED org.apache.ratis.protocol.NotLeaderException: Server 886c450c-7866-4fa0-a628-dd927eae8405 is not the leader (null). Request must be sent to leader., logIndex=0, commits[886c450c-7866-4fa0-a628-dd927eae8405:c2, a31cf192-49b2-4ed1-810f-c25f32e91362:c2, 0478feb3-a59d-4754-80fd-79ba24eb7e66:c2]
2019-08-29 08:20:45,458 [grpc-default-executor-6] WARN  client.GrpcClientProtocolService (LogUtils.java:warn(134)) - 7-OrderedRequestStreamObserver7: onError: org.apache.ratis.thirdparty.io.grpc.StatusRuntimeException: CANCELLED: cancelled before receiving half close
2019-08-29 08:20:45,799 | INFO  | SCMAudit | user=jenkins1000 | ip=192.168.34.54 | op=SEND_HEARTBEAT {datanodeUUID=5563f767-f7a1-4491-bdfb-72abdf0fc1e3, command=[]} | ret=SUCCESS |  
2019-08-29 08:20:45,958 | INFO  | SCMAudit | user=jenkins1000 | ip=192.168.34.54 | op=SEND_HEARTBEAT {datanodeUUID=0478feb3-a59d-4754-80fd-79ba24eb7e66, command=[]} | ret=SUCCESS |  
2019-08-29 08:20:45,960 | INFO  | SCMAudit | user=jenkins1000 | ip=192.168.34.54 | op=SEND_HEARTBEAT {datanodeUUID=886c450c-7866-4fa0-a628-dd927eae8405, command=[]} | ret=SUCCESS |  
2019-08-29 08:20:45,997 | INFO  | SCMAudit | user=jenkins1000 | ip=192.168.34.54 | op=SEND_HEARTBEAT {datanodeUUID=856f75f6-80db-48b1-966d-fd6b52a68619, command=[]} | ret=SUCCESS |  
2019-08-29 08:20:46,119 | INFO  | SCMAudit | user=jenkins1000 | ip=192.168.34.54 | op=SEND_HEARTBEAT {datanodeUUID=078fe6a9-1ebb-4542-b6cd-585ed8de9dab, command=[]} | ret=SUCCESS |  
2019-08-29 08:20:46,382 | INFO  | SCMAudit | user=jenkins1000 | ip=192.168.34.54 | op=SEND_HEARTBEAT {datanodeUUID=adb6bfc4-9812-4cd1-b89d-2074f9496068, command=[]} | ret=SUCCESS |  
2019-08-29 08:20:46,470 [grpc-default-executor-1] INFO  client.GrpcClientProtocolClient (GrpcClientProtocolClient.java:onNext(255)) - client-06321B7A3B9E->0478feb3-a59d-4754-80fd-79ba24eb7e66: receive RaftClientReply:client-06321B7A3B9E->0478feb3-a59d-4754-80fd-79ba24eb7e66@group-FC084516F7F3, cid=14, FAILED org.apache.ratis.protocol.NotLeaderException: Server 0478feb3-a59d-4754-80fd-79ba24eb7e66 is not the leader (null). Request must be sent to leader., logIndex=0, commits[0478feb3-a59d-4754-80fd-79ba24eb7e66:c2, 886c450c-7866-4fa0-a628-dd927eae8405:c2, a31cf192-49b2-4ed1-810f-c25f32e91362:c2]
]]></system-out>
    <system-err><![CDATA[Aug 29, 2019 8:20:12 AM com.sun.jersey.server.impl.application.WebApplicationImpl _initiate
INFO: Initiating Jersey application, version 'Jersey: 1.19 02/11/2015 03:25 AM'
Aug 29, 2019 8:20:13 AM com.sun.jersey.server.impl.application.WebApplicationImpl _initiate
INFO: Initiating Jersey application, version 'Jersey: 1.19 02/11/2015 03:25 AM'
Aug 29, 2019 8:20:13 AM com.sun.jersey.server.impl.application.WebApplicationImpl _initiate
INFO: Initiating Jersey application, version 'Jersey: 1.19 02/11/2015 03:25 AM'
Aug 29, 2019 8:20:13 AM com.sun.jersey.server.impl.application.WebApplicationImpl _initiate
INFO: Initiating Jersey application, version 'Jersey: 1.19 02/11/2015 03:25 AM'
Aug 29, 2019 8:20:14 AM com.sun.jersey.server.impl.application.WebApplicationImpl _initiate
INFO: Initiating Jersey application, version 'Jersey: 1.19 02/11/2015 03:25 AM'
Aug 29, 2019 8:20:14 AM com.sun.jersey.server.impl.application.WebApplicationImpl _initiate
INFO: Initiating Jersey application, version 'Jersey: 1.19 02/11/2015 03:25 AM'
Aug 29, 2019 8:20:14 AM com.sun.jersey.server.impl.application.WebApplicationImpl _initiate
INFO: Initiating Jersey application, version 'Jersey: 1.19 02/11/2015 03:25 AM'
]]></system-err>
  </testcase>
</testsuite>