<?xml version="1.0" encoding="UTF-8"?>
<testsuite xmlns:xsi="http://www.w3.org/2001/XMLSchema-instance" xsi:noNamespaceSchemaLocation="https://maven.apache.org/surefire/maven-surefire-plugin/xsd/surefire-test-report.xsd" name="org.apache.hadoop.ozone.client.rpc.TestBlockOutputStreamWithFailures" time="710.091" tests="8" errors="0" skipped="0" failures="1">
  <properties>
    <property name="awt.toolkit" value="sun.awt.X11.XToolkit"/>
    <property name="file.encoding.pkg" value="sun.io"/>
    <property name="java.specification.version" value="1.8"/>
    <property name="sun.cpu.isalist" value=""/>
    <property name="sun.jnu.encoding" value="UTF-8"/>
    <property name="java.class.path" value="/workdir/hadoop-ozone/integration-test/target/test-classes:/workdir/hadoop-ozone/integration-test/target/classes:/home/user/.m2/repository/org/apache/hadoop/hadoop-ozone-common/0.5.0-SNAPSHOT/hadoop-ozone-common-0.5.0-SNAPSHOT.jar:/home/user/.m2/repository/org/apache/commons/commons-compress/1.4.1/commons-compress-1.4.1.jar:/home/user/.m2/repository/org/tukaani/xz/1.0/xz-1.0.jar:/home/user/.m2/repository/org/apache/hadoop/hadoop-common/3.2.0/hadoop-common-3.2.0.jar:/home/user/.m2/repository/org/apache/hadoop/hadoop-hdfs/3.2.0/hadoop-hdfs-3.2.0.jar:/home/user/.m2/repository/org/apache/hadoop/hadoop-hdfs-client/3.2.0/hadoop-hdfs-client-3.2.0.jar:/home/user/.m2/repository/com/fasterxml/jackson/core/jackson-annotations/2.9.5/jackson-annotations-2.9.5.jar:/home/user/.m2/repository/org/apache/hadoop/hadoop-hdds-common/0.5.0-SNAPSHOT/hadoop-hdds-common-0.5.0-SNAPSHOT.jar:/home/user/.m2/repository/javax/annotation/javax.annotation-api/1.2/javax.annotation-api-1.2.jar:/home/user/.m2/repository/org/apache/ratis/ratis-server/0.4.0-2337318-SNAPSHOT/ratis-server-0.4.0-2337318-SNAPSHOT.jar:/home/user/.m2/repository/org/apache/ratis/ratis-thirdparty-misc/0.2.0/ratis-thirdparty-misc-0.2.0.jar:/home/user/.m2/repository/org/apache/ratis/ratis-proto/0.4.0-2337318-SNAPSHOT/ratis-proto-0.4.0-2337318-SNAPSHOT.jar:/home/user/.m2/repository/org/apache/ratis/ratis-common/0.4.0-2337318-SNAPSHOT/ratis-common-0.4.0-2337318-SNAPSHOT.jar:/home/user/.m2/repository/org/apache/ratis/ratis-client/0.4.0-2337318-SNAPSHOT/ratis-client-0.4.0-2337318-SNAPSHOT.jar:/home/user/.m2/repository/org/apache/ratis/ratis-metrics/0.4.0-2337318-SNAPSHOT/ratis-metrics-0.4.0-2337318-SNAPSHOT.jar:/home/user/.m2/repository/org/apache/ratis/ratis-netty/0.4.0-2337318-SNAPSHOT/ratis-netty-0.4.0-2337318-SNAPSHOT.jar:/home/user/.m2/repository/org/apache/ratis/ratis-grpc/0.4.0-2337318-SNAPSHOT/ratis-grpc-0.4.0-2337318-SNAPSHOT.jar:/home/user/.m2/repository/org/rocksdb/rocksdbjni/6.0.1/rocksdbjni-6.0.1.jar:/home/user/.m2/repository/org/apache/logging/log4j/log4j-api/2.11.0/log4j-api-2.11.0.jar:/home/user/.m2/repository/org/apache/logging/log4j/log4j-core/2.11.0/log4j-core-2.11.0.jar:/home/user/.m2/repository/com/lmax/disruptor/3.4.2/disruptor-3.4.2.jar:/home/user/.m2/repository/org/apache/commons/commons-pool2/2.6.0/commons-pool2-2.6.0.jar:/home/user/.m2/repository/org/bouncycastle/bcpkix-jdk15on/1.60/bcpkix-jdk15on-1.60.jar:/home/user/.m2/repository/commons-validator/commons-validator/1.6/commons-validator-1.6.jar:/home/user/.m2/repository/commons-digester/commons-digester/1.8.1/commons-digester-1.8.1.jar:/home/user/.m2/repository/io/jaegertracing/jaeger-client/0.33.1/jaeger-client-0.33.1.jar:/home/user/.m2/repository/io/jaegertracing/jaeger-thrift/0.33.1/jaeger-thrift-0.33.1.jar:/home/user/.m2/repository/org/apache/thrift/libthrift/0.11.0/libthrift-0.11.0.jar:/home/user/.m2/repository/com/squareup/okhttp3/okhttp/3.9.0/okhttp-3.9.0.jar:/home/user/.m2/repository/com/squareup/okio/okio/1.13.0/okio-1.13.0.jar:/home/user/.m2/repository/io/jaegertracing/jaeger-core/0.33.1/jaeger-core-0.33.1.jar:/home/user/.m2/repository/io/jaegertracing/jaeger-tracerresolver/0.33.1/jaeger-tracerresolver-0.33.1.jar:/home/user/.m2/repository/io/opentracing/contrib/opentracing-tracerresolver/0.1.5/opentracing-tracerresolver-0.1.5.jar:/home/user/.m2/repository/io/opentracing/opentracing-util/0.31.0/opentracing-util-0.31.0.jar:/home/user/.m2/repository/io/opentracing/opentracing-api/0.31.0/opentracing-api-0.31.0.jar:/home/user/.m2/repository/io/opentracing/opentracing-noop/0.31.0/opentracing-noop-0.31.0.jar:/home/user/.m2/repository/org/apache/hadoop/hadoop-hdds-server-framework/0.5.0-SNAPSHOT/hadoop-hdds-server-framework-0.5.0-SNAPSHOT.jar:/home/user/.m2/repository/org/apache/hadoop/hadoop-hdds-container-service/0.5.0-SNAPSHOT/hadoop-hdds-container-service-0.5.0-SNAPSHOT.jar:/home/user/.m2/repository/org/apache/hadoop/hadoop-hdds-client/0.5.0-SNAPSHOT/hadoop-hdds-client-0.5.0-SNAPSHOT.jar:/home/user/.m2/repository/org/apache/hadoop/hadoop-hdds-tools/0.5.0-SNAPSHOT/hadoop-hdds-tools-0.5.0-SNAPSHOT.jar:/home/user/.m2/repository/org/apache/hadoop/hadoop-hdds-server-scm/0.5.0-SNAPSHOT/hadoop-hdds-server-scm-0.5.0-SNAPSHOT.jar:/home/user/.m2/repository/org/apache/hadoop/hadoop-hdds-docs/0.5.0-SNAPSHOT/hadoop-hdds-docs-0.5.0-SNAPSHOT.jar:/home/user/.m2/repository/io/dropwizard/metrics/metrics-core/3.2.4/metrics-core-3.2.4.jar:/home/user/.m2/repository/org/hamcrest/hamcrest-all/1.3/hamcrest-all-1.3.jar:/home/user/.m2/repository/org/bouncycastle/bcprov-jdk15on/1.60/bcprov-jdk15on-1.60.jar:/home/user/.m2/repository/info/picocli/picocli/3.9.6/picocli-3.9.6.jar:/home/user/.m2/repository/com/google/protobuf/protobuf-java/2.5.0/protobuf-java-2.5.0.jar:/home/user/.m2/repository/com/google/guava/guava/11.0.2/guava-11.0.2.jar:/home/user/.m2/repository/org/apache/hadoop/hadoop-ozone-ozone-manager/0.5.0-SNAPSHOT/hadoop-ozone-ozone-manager-0.5.0-SNAPSHOT.jar:/home/user/.m2/repository/org/apache/hadoop/hadoop-minikdc/3.2.0/hadoop-minikdc-3.2.0.jar:/home/user/.m2/repository/commons-io/commons-io/2.5/commons-io-2.5.jar:/home/user/.m2/repository/org/apache/kerby/kerb-simplekdc/1.0.1/kerb-simplekdc-1.0.1.jar:/home/user/.m2/repository/org/apache/kerby/kerb-client/1.0.1/kerb-client-1.0.1.jar:/home/user/.m2/repository/org/apache/kerby/kerby-config/1.0.1/kerby-config-1.0.1.jar:/home/user/.m2/repository/org/apache/kerby/kerb-core/1.0.1/kerb-core-1.0.1.jar:/home/user/.m2/repository/org/apache/kerby/kerby-pkix/1.0.1/kerby-pkix-1.0.1.jar:/home/user/.m2/repository/org/apache/kerby/kerby-asn1/1.0.1/kerby-asn1-1.0.1.jar:/home/user/.m2/repository/org/apache/kerby/kerby-util/1.0.1/kerby-util-1.0.1.jar:/home/user/.m2/repository/org/apache/kerby/kerb-common/1.0.1/kerb-common-1.0.1.jar:/home/user/.m2/repository/org/apache/kerby/kerb-crypto/1.0.1/kerb-crypto-1.0.1.jar:/home/user/.m2/repository/org/apache/kerby/kerb-util/1.0.1/kerb-util-1.0.1.jar:/home/user/.m2/repository/org/apache/kerby/token-provider/1.0.1/token-provider-1.0.1.jar:/home/user/.m2/repository/org/apache/kerby/kerb-admin/1.0.1/kerb-admin-1.0.1.jar:/home/user/.m2/repository/org/apache/kerby/kerb-server/1.0.1/kerb-server-1.0.1.jar:/home/user/.m2/repository/org/apache/kerby/kerb-identity/1.0.1/kerb-identity-1.0.1.jar:/home/user/.m2/repository/org/apache/kerby/kerby-xdr/1.0.1/kerby-xdr-1.0.1.jar:/home/user/.m2/repository/org/slf4j/slf4j-log4j12/1.7.25/slf4j-log4j12-1.7.25.jar:/home/user/.m2/repository/org/apache/hadoop/hadoop-ozone-objectstore-service/0.5.0-SNAPSHOT/hadoop-ozone-objectstore-service-0.5.0-SNAPSHOT.jar:/home/user/.m2/repository/org/apache/hadoop/hadoop-ozone-s3gateway/0.5.0-SNAPSHOT/hadoop-ozone-s3gateway-0.5.0-SNAPSHOT.jar:/home/user/.m2/repository/org/jboss/weld/servlet/weld-servlet/2.4.7.Final/weld-servlet-2.4.7.Final.jar:/home/user/.m2/repository/org/glassfish/jersey/containers/jersey-container-servlet-core/2.27/jersey-container-servlet-core-2.27.jar:/home/user/.m2/repository/org/glassfish/hk2/external/javax.inject/2.5.0-b42/javax.inject-2.5.0-b42.jar:/home/user/.m2/repository/org/glassfish/jersey/core/jersey-common/2.27/jersey-common-2.27.jar:/home/user/.m2/repository/org/glassfish/hk2/osgi-resource-locator/1.0.1/osgi-resource-locator-1.0.1.jar:/home/user/.m2/repository/javax/ws/rs/javax.ws.rs-api/2.1/javax.ws.rs-api-2.1.jar:/home/user/.m2/repository/org/glassfish/jersey/ext/cdi/jersey-cdi1x/2.27/jersey-cdi1x-2.27.jar:/home/user/.m2/repository/org/glassfish/jersey/inject/jersey-hk2/2.27/jersey-hk2-2.27.jar:/home/user/.m2/repository/org/glassfish/hk2/hk2-locator/2.5.0-b42/hk2-locator-2.5.0-b42.jar:/home/user/.m2/repository/org/javassist/javassist/3.22.0-CR2/javassist-3.22.0-CR2.jar:/home/user/.m2/repository/org/glassfish/hk2/hk2-api/2.5.0/hk2-api-2.5.0.jar:/home/user/.m2/repository/org/glassfish/hk2/external/jakarta.inject/2.5.0/jakarta.inject-2.5.0.jar:/home/user/.m2/repository/org/glassfish/hk2/hk2-utils/2.5.0/hk2-utils-2.5.0.jar:/home/user/.m2/repository/jakarta/annotation/jakarta.annotation-api/1.3.4/jakarta.annotation-api-1.3.4.jar:/home/user/.m2/repository/org/glassfish/hk2/external/aopalliance-repackaged/2.5.0/aopalliance-repackaged-2.5.0.jar:/home/user/.m2/repository/com/fasterxml/jackson/dataformat/jackson-dataformat-xml/2.9.0/jackson-dataformat-xml-2.9.0.jar:/home/user/.m2/repository/com/fasterxml/jackson/core/jackson-core/2.9.5/jackson-core-2.9.5.jar:/home/user/.m2/repository/com/fasterxml/jackson/module/jackson-module-jaxb-annotations/2.9.5/jackson-module-jaxb-annotations-2.9.5.jar:/home/user/.m2/repository/javax/enterprise/cdi-api/1.2/cdi-api-1.2.jar:/home/user/.m2/repository/javax/el/javax.el-api/3.0.0/javax.el-api-3.0.0.jar:/home/user/.m2/repository/javax/interceptor/javax.interceptor-api/1.2/javax.interceptor-api-1.2.jar:/home/user/.m2/repository/javax/inject/javax.inject/1/javax.inject-1.jar:/home/user/.m2/repository/com/sun/xml/bind/jaxb-impl/2.3.0.1/jaxb-impl-2.3.0.1.jar:/home/user/.m2/repository/com/sun/xml/bind/jaxb-core/2.3.0.1/jaxb-core-2.3.0.1.jar:/home/user/.m2/repository/javax/xml/bind/jaxb-api/2.3.0/jaxb-api-2.3.0.jar:/home/user/.m2/repository/javax/activation/activation/1.1.1/activation-1.1.1.jar:/home/user/.m2/repository/org/apache/hadoop/hadoop-ozone-csi/0.5.0-SNAPSHOT/hadoop-ozone-csi-0.5.0-SNAPSHOT.jar:/home/user/.m2/repository/com/google/protobuf/protobuf-java-util/3.5.1/protobuf-java-util-3.5.1.jar:/home/user/.m2/repository/org/apache/hadoop/hadoop-hdds-config/0.5.0-SNAPSHOT/hadoop-hdds-config-0.5.0-SNAPSHOT.jar:/home/user/.m2/repository/io/grpc/grpc-netty/1.17.1/grpc-netty-1.17.1.jar:/home/user/.m2/repository/io/grpc/grpc-core/1.17.1/grpc-core-1.17.1.jar:/home/user/.m2/repository/io/grpc/grpc-context/1.17.1/grpc-context-1.17.1.jar:/home/user/.m2/repository/com/google/errorprone/error_prone_annotations/2.2.0/error_prone_annotations-2.2.0.jar:/home/user/.m2/repository/org/codehaus/mojo/animal-sniffer-annotations/1.17/animal-sniffer-annotations-1.17.jar:/home/user/.m2/repository/io/opencensus/opencensus-api/0.17.0/opencensus-api-0.17.0.jar:/home/user/.m2/repository/io/opencensus/opencensus-contrib-grpc-metrics/0.17.0/opencensus-contrib-grpc-metrics-0.17.0.jar:/home/user/.m2/repository/io/netty/netty-codec-http2/4.1.30.Final/netty-codec-http2-4.1.30.Final.jar:/home/user/.m2/repository/io/netty/netty-codec-http/4.1.30.Final/netty-codec-http-4.1.30.Final.jar:/home/user/.m2/repository/io/netty/netty-codec/4.1.30.Final/netty-codec-4.1.30.Final.jar:/home/user/.m2/repository/io/netty/netty-handler/4.1.30.Final/netty-handler-4.1.30.Final.jar:/home/user/.m2/repository/io/netty/netty-handler-proxy/4.1.30.Final/netty-handler-proxy-4.1.30.Final.jar:/home/user/.m2/repository/io/netty/netty-codec-socks/4.1.30.Final/netty-codec-socks-4.1.30.Final.jar:/home/user/.m2/repository/io/netty/netty-transport-native-epoll/4.1.30.Final/netty-transport-native-epoll-4.1.30.Final.jar:/home/user/.m2/repository/io/netty/netty-common/4.1.30.Final/netty-common-4.1.30.Final.jar:/home/user/.m2/repository/io/netty/netty-buffer/4.1.30.Final/netty-buffer-4.1.30.Final.jar:/home/user/.m2/repository/io/netty/netty-transport/4.1.30.Final/netty-transport-4.1.30.Final.jar:/home/user/.m2/repository/io/netty/netty-resolver/4.1.30.Final/netty-resolver-4.1.30.Final.jar:/home/user/.m2/repository/io/netty/netty-transport-native-unix-common/4.1.30.Final/netty-transport-native-unix-common-4.1.30.Final.jar:/home/user/.m2/repository/io/grpc/grpc-protobuf/1.17.1/grpc-protobuf-1.17.1.jar:/home/user/.m2/repository/com/google/api/grpc/proto-google-common-protos/1.0.0/proto-google-common-protos-1.0.0.jar:/home/user/.m2/repository/io/grpc/grpc-protobuf-lite/1.17.1/grpc-protobuf-lite-1.17.1.jar:/home/user/.m2/repository/io/grpc/grpc-stub/1.17.1/grpc-stub-1.17.1.jar:/home/user/.m2/repository/org/apache/hadoop/hadoop-ozone-recon/0.5.0-SNAPSHOT/hadoop-ozone-recon-0.5.0-SNAPSHOT.jar:/home/user/.m2/repository/org/apache/hadoop/hadoop-ozone-reconcodegen/0.5.0-SNAPSHOT/hadoop-ozone-reconcodegen-0.5.0-SNAPSHOT.jar:/home/user/.m2/repository/com/google/inject/extensions/guice-multibindings/4.0/guice-multibindings-4.0.jar:/home/user/.m2/repository/com/google/inject/guice/4.0/guice-4.0.jar:/home/user/.m2/repository/aopalliance/aopalliance/1.0/aopalliance-1.0.jar:/home/user/.m2/repository/com/google/inject/extensions/guice-servlet/4.0/guice-servlet-4.0.jar:/home/user/.m2/repository/org/glassfish/jersey/containers/jersey-container-servlet/2.27/jersey-container-servlet-2.27.jar:/home/user/.m2/repository/org/glassfish/hk2/guice-bridge/2.5.0/guice-bridge-2.5.0.jar:/home/user/.m2/repository/org/glassfish/jersey/core/jersey-server/2.27/jersey-server-2.27.jar:/home/user/.m2/repository/org/glassfish/jersey/core/jersey-client/2.27/jersey-client-2.27.jar:/home/user/.m2/repository/org/glassfish/jersey/media/jersey-media-jaxb/2.27/jersey-media-jaxb-2.27.jar:/home/user/.m2/repository/javax/validation/validation-api/1.1.0.Final/validation-api-1.1.0.Final.jar:/home/user/.m2/repository/org/glassfish/jersey/media/jersey-media-json-jackson/2.27/jersey-media-json-jackson-2.27.jar:/home/user/.m2/repository/org/glassfish/jersey/ext/jersey-entity-filtering/2.27/jersey-entity-filtering-2.27.jar:/home/user/.m2/repository/com/google/inject/extensions/guice-assistedinject/4.0/guice-assistedinject-4.0.jar:/home/user/.m2/repository/org/jooq/jooq/3.11.10/jooq-3.11.10.jar:/home/user/.m2/repository/org/jooq/jooq-meta/3.11.10/jooq-meta-3.11.10.jar:/home/user/.m2/repository/org/jooq/jooq-codegen/3.11.10/jooq-codegen-3.11.10.jar:/home/user/.m2/repository/com/jolbox/bonecp/0.8.0.RELEASE/bonecp-0.8.0.RELEASE.jar:/home/user/.m2/repository/org/xerial/sqlite-jdbc/3.25.2/sqlite-jdbc-3.25.2.jar:/home/user/.m2/repository/org/springframework/spring-jdbc/5.1.3.RELEASE/spring-jdbc-5.1.3.RELEASE.jar:/home/user/.m2/repository/org/springframework/spring-beans/5.1.3.RELEASE/spring-beans-5.1.3.RELEASE.jar:/home/user/.m2/repository/org/springframework/spring-core/5.1.3.RELEASE/spring-core-5.1.3.RELEASE.jar:/home/user/.m2/repository/org/springframework/spring-jcl/5.1.3.RELEASE/spring-jcl-5.1.3.RELEASE.jar:/home/user/.m2/repository/org/springframework/spring-tx/5.1.3.RELEASE/spring-tx-5.1.3.RELEASE.jar:/home/user/.m2/repository/org/apache/hadoop/hadoop-ozone-client/0.5.0-SNAPSHOT/hadoop-ozone-client-0.5.0-SNAPSHOT.jar:/home/user/.m2/repository/commons-lang/commons-lang/2.6/commons-lang-2.6.jar:/home/user/.m2/repository/org/apache/hadoop/hadoop-ozone-ozone-manager/0.5.0-SNAPSHOT/hadoop-ozone-ozone-manager-0.5.0-SNAPSHOT-tests.jar:/home/user/.m2/repository/junit/junit/4.11/junit-4.11.jar:/home/user/.m2/repository/org/hamcrest/hamcrest-core/1.3/hamcrest-core-1.3.jar:/home/user/.m2/repository/org/openjdk/jmh/jmh-core/1.19/jmh-core-1.19.jar:/home/user/.m2/repository/net/sf/jopt-simple/jopt-simple/4.6/jopt-simple-4.6.jar:/home/user/.m2/repository/org/apache/commons/commons-math3/3.1.1/commons-math3-3.1.1.jar:/home/user/.m2/repository/org/openjdk/jmh/jmh-generator-annprocess/1.19/jmh-generator-annprocess-1.19.jar:/home/user/.m2/repository/org/mockito/mockito-all/1.8.5/mockito-all-1.8.5.jar:/home/user/.m2/repository/org/apache/hadoop/hadoop-kms/3.2.0/hadoop-kms-3.2.0.jar:/home/user/.m2/repository/org/apache/hadoop/hadoop-auth/3.2.0/hadoop-auth-3.2.0.jar:/home/user/.m2/repository/com/nimbusds/nimbus-jose-jwt/4.41.1/nimbus-jose-jwt-4.41.1.jar:/home/user/.m2/repository/com/github/stephenc/jcip/jcip-annotations/1.0-1/jcip-annotations-1.0-1.jar:/home/user/.m2/repository/net/minidev/json-smart/2.3/json-smart-2.3.jar:/home/user/.m2/repository/net/minidev/accessors-smart/1.2/accessors-smart-1.2.jar:/home/user/.m2/repository/org/ow2/asm/asm/5.0.4/asm-5.0.4.jar:/home/user/.m2/repository/org/apache/curator/curator-framework/2.12.0/curator-framework-2.12.0.jar:/home/user/.m2/repository/com/sun/jersey/jersey-core/1.19/jersey-core-1.19.jar:/home/user/.m2/repository/javax/ws/rs/jsr311-api/1.1.1/jsr311-api-1.1.1.jar:/home/user/.m2/repository/com/sun/jersey/jersey-server/1.19/jersey-server-1.19.jar:/home/user/.m2/repository/javax/servlet/javax.servlet-api/3.1.0/javax.servlet-api-3.1.0.jar:/home/user/.m2/repository/org/eclipse/jetty/jetty-server/9.3.24.v20180605/jetty-server-9.3.24.v20180605.jar:/home/user/.m2/repository/org/eclipse/jetty/jetty-http/9.3.24.v20180605/jetty-http-9.3.24.v20180605.jar:/home/user/.m2/repository/org/eclipse/jetty/jetty-io/9.3.24.v20180605/jetty-io-9.3.24.v20180605.jar:/home/user/.m2/repository/org/eclipse/jetty/jetty-webapp/9.3.24.v20180605/jetty-webapp-9.3.24.v20180605.jar:/home/user/.m2/repository/org/eclipse/jetty/jetty-xml/9.3.24.v20180605/jetty-xml-9.3.24.v20180605.jar:/home/user/.m2/repository/log4j/log4j/1.2.17/log4j-1.2.17.jar:/home/user/.m2/repository/org/slf4j/slf4j-api/1.7.25/slf4j-api-1.7.25.jar:/home/user/.m2/repository/org/slf4j/jul-to-slf4j/1.7.25/jul-to-slf4j-1.7.25.jar:/home/user/.m2/repository/org/eclipse/jetty/jetty-util/9.3.24.v20180605/jetty-util-9.3.24.v20180605.jar:/home/user/.m2/repository/com/fasterxml/jackson/core/jackson-databind/2.9.5/jackson-databind-2.9.5.jar:/home/user/.m2/repository/org/apache/hadoop/hadoop-kms/3.2.0/hadoop-kms-3.2.0-tests.jar:/home/user/.m2/repository/org/apache/hadoop/hadoop-hdds-server-scm/0.5.0-SNAPSHOT/hadoop-hdds-server-scm-0.5.0-SNAPSHOT-tests.jar:/home/user/.m2/repository/org/apache/hadoop/hadoop-hdds-container-service/0.5.0-SNAPSHOT/hadoop-hdds-container-service-0.5.0-SNAPSHOT-tests.jar:/home/user/.m2/repository/org/yaml/snakeyaml/1.16/snakeyaml-1.16.jar:/home/user/.m2/repository/org/apache/hadoop/hadoop-common/3.2.0/hadoop-common-3.2.0-tests.jar:/home/user/.m2/repository/org/apache/hadoop/hadoop-annotations/3.2.0/hadoop-annotations-3.2.0.jar:/usr/lib/jvm/java-1.8-openjdk/jre/../lib/tools.jar:/home/user/.m2/repository/commons-cli/commons-cli/1.2/commons-cli-1.2.jar:/home/user/.m2/repository/org/apache/httpcomponents/httpclient/4.5.2/httpclient-4.5.2.jar:/home/user/.m2/repository/org/apache/httpcomponents/httpcore/4.4.4/httpcore-4.4.4.jar:/home/user/.m2/repository/commons-codec/commons-codec/1.11/commons-codec-1.11.jar:/home/user/.m2/repository/commons-net/commons-net/3.6/commons-net-3.6.jar:/home/user/.m2/repository/commons-collections/commons-collections/3.2.2/commons-collections-3.2.2.jar:/home/user/.m2/repository/org/eclipse/jetty/jetty-servlet/9.3.24.v20180605/jetty-servlet-9.3.24.v20180605.jar:/home/user/.m2/repository/org/eclipse/jetty/jetty-security/9.3.24.v20180605/jetty-security-9.3.24.v20180605.jar:/home/user/.m2/repository/javax/servlet/jsp/jsp-api/2.1/jsp-api-2.1.jar:/home/user/.m2/repository/com/sun/jersey/jersey-servlet/1.19/jersey-servlet-1.19.jar:/home/user/.m2/repository/com/sun/jersey/jersey-json/1.19/jersey-json-1.19.jar:/home/user/.m2/repository/org/codehaus/jettison/jettison/1.1/jettison-1.1.jar:/home/user/.m2/repository/org/codehaus/jackson/jackson-core-asl/1.9.13/jackson-core-asl-1.9.13.jar:/home/user/.m2/repository/org/codehaus/jackson/jackson-mapper-asl/1.9.13/jackson-mapper-asl-1.9.13.jar:/home/user/.m2/repository/org/codehaus/jackson/jackson-jaxrs/1.9.13/jackson-jaxrs-1.9.13.jar:/home/user/.m2/repository/org/codehaus/jackson/jackson-xc/1.9.13/jackson-xc-1.9.13.jar:/home/user/.m2/repository/commons-logging/commons-logging/1.1.3/commons-logging-1.1.3.jar:/home/user/.m2/repository/commons-beanutils/commons-beanutils/1.9.3/commons-beanutils-1.9.3.jar:/home/user/.m2/repository/org/apache/commons/commons-configuration2/2.1.1/commons-configuration2-2.1.1.jar:/home/user/.m2/repository/org/apache/commons/commons-lang3/3.7/commons-lang3-3.7.jar:/home/user/.m2/repository/org/apache/commons/commons-text/1.4/commons-text-1.4.jar:/home/user/.m2/repository/org/apache/avro/avro/1.7.7/avro-1.7.7.jar:/home/user/.m2/repository/com/thoughtworks/paranamer/paranamer/2.3/paranamer-2.3.jar:/home/user/.m2/repository/org/xerial/snappy/snappy-java/1.0.5/snappy-java-1.0.5.jar:/home/user/.m2/repository/com/google/re2j/re2j/1.1/re2j-1.1.jar:/home/user/.m2/repository/com/google/code/gson/gson/2.2.4/gson-2.2.4.jar:/home/user/.m2/repository/com/jcraft/jsch/0.1.54/jsch-0.1.54.jar:/home/user/.m2/repository/org/apache/curator/curator-client/2.12.0/curator-client-2.12.0.jar:/home/user/.m2/repository/org/apache/curator/curator-recipes/2.12.0/curator-recipes-2.12.0.jar:/home/user/.m2/repository/com/google/code/findbugs/jsr305/3.0.0/jsr305-3.0.0.jar:/home/user/.m2/repository/org/apache/htrace/htrace-core4/4.1.0-incubating/htrace-core4-4.1.0-incubating.jar:/home/user/.m2/repository/org/apache/zookeeper/zookeeper/3.4.13/zookeeper-3.4.13.jar:/home/user/.m2/repository/org/apache/yetus/audience-annotations/0.5.0/audience-annotations-0.5.0.jar:/home/user/.m2/repository/org/codehaus/woodstox/stax2-api/3.1.4/stax2-api-3.1.4.jar:/home/user/.m2/repository/com/fasterxml/woodstox/woodstox-core/5.0.3/woodstox-core-5.0.3.jar:/home/user/.m2/repository/dnsjava/dnsjava/2.1.7/dnsjava-2.1.7.jar:/home/user/.m2/repository/org/apache/hadoop/hadoop-hdfs/3.2.0/hadoop-hdfs-3.2.0-tests.jar:/home/user/.m2/repository/org/eclipse/jetty/jetty-util-ajax/9.3.24.v20180605/jetty-util-ajax-9.3.24.v20180605.jar:/home/user/.m2/repository/commons-daemon/commons-daemon/1.0.13/commons-daemon-1.0.13.jar:/home/user/.m2/repository/io/netty/netty/3.10.5.Final/netty-3.10.5.Final.jar:/home/user/.m2/repository/io/netty/netty-all/4.0.52.Final/netty-all-4.0.52.Final.jar:/home/user/.m2/repository/org/fusesource/leveldbjni/leveldbjni-all/1.8/leveldbjni-all-1.8.jar:"/>
    <property name="java.vm.vendor" value="IcedTea"/>
    <property name="sun.arch.data.model" value="64"/>
    <property name="test.build.dir" value="/workdir/hadoop-ozone/integration-test/target/test-dir"/>
    <property name="test.cache.data" value=""/>
    <property name="java.vendor.url" value="https://icedtea.classpath.org"/>
    <property name="user.timezone" value=""/>
    <property name="java.vm.specification.version" value="1.8"/>
    <property name="os.name" value="Linux"/>
    <property name="test.build.data" value="/workdir/hadoop-ozone/integration-test/target/test-dir"/>
    <property name="user.country" value="US"/>
    <property name="sun.java.launcher" value="SUN_STANDARD"/>
    <property name="sun.boot.library.path" value="/usr/lib/jvm/java-1.8-openjdk/jre/lib/amd64"/>
    <property name="sun.java.command" value="/workdir/hadoop-ozone/integration-test/target/surefire/surefirebooter7845100124096016465.jar /workdir/hadoop-ozone/integration-test/target/surefire 2019-08-29T07-35-59_936-jvmRun1 surefire2349829996609521803tmp surefire_492647652119481267300tmp"/>
    <property name="test" value="!TestMiniChaosOzoneCluster"/>
    <property name="surefire.test.class.path" value="/workdir/hadoop-ozone/integration-test/target/test-classes:/workdir/hadoop-ozone/integration-test/target/classes:/home/user/.m2/repository/org/apache/hadoop/hadoop-ozone-common/0.5.0-SNAPSHOT/hadoop-ozone-common-0.5.0-SNAPSHOT.jar:/home/user/.m2/repository/org/apache/commons/commons-compress/1.4.1/commons-compress-1.4.1.jar:/home/user/.m2/repository/org/tukaani/xz/1.0/xz-1.0.jar:/home/user/.m2/repository/org/apache/hadoop/hadoop-common/3.2.0/hadoop-common-3.2.0.jar:/home/user/.m2/repository/org/apache/hadoop/hadoop-hdfs/3.2.0/hadoop-hdfs-3.2.0.jar:/home/user/.m2/repository/org/apache/hadoop/hadoop-hdfs-client/3.2.0/hadoop-hdfs-client-3.2.0.jar:/home/user/.m2/repository/com/fasterxml/jackson/core/jackson-annotations/2.9.5/jackson-annotations-2.9.5.jar:/home/user/.m2/repository/org/apache/hadoop/hadoop-hdds-common/0.5.0-SNAPSHOT/hadoop-hdds-common-0.5.0-SNAPSHOT.jar:/home/user/.m2/repository/javax/annotation/javax.annotation-api/1.2/javax.annotation-api-1.2.jar:/home/user/.m2/repository/org/apache/ratis/ratis-server/0.4.0-2337318-SNAPSHOT/ratis-server-0.4.0-2337318-SNAPSHOT.jar:/home/user/.m2/repository/org/apache/ratis/ratis-thirdparty-misc/0.2.0/ratis-thirdparty-misc-0.2.0.jar:/home/user/.m2/repository/org/apache/ratis/ratis-proto/0.4.0-2337318-SNAPSHOT/ratis-proto-0.4.0-2337318-SNAPSHOT.jar:/home/user/.m2/repository/org/apache/ratis/ratis-common/0.4.0-2337318-SNAPSHOT/ratis-common-0.4.0-2337318-SNAPSHOT.jar:/home/user/.m2/repository/org/apache/ratis/ratis-client/0.4.0-2337318-SNAPSHOT/ratis-client-0.4.0-2337318-SNAPSHOT.jar:/home/user/.m2/repository/org/apache/ratis/ratis-metrics/0.4.0-2337318-SNAPSHOT/ratis-metrics-0.4.0-2337318-SNAPSHOT.jar:/home/user/.m2/repository/org/apache/ratis/ratis-netty/0.4.0-2337318-SNAPSHOT/ratis-netty-0.4.0-2337318-SNAPSHOT.jar:/home/user/.m2/repository/org/apache/ratis/ratis-grpc/0.4.0-2337318-SNAPSHOT/ratis-grpc-0.4.0-2337318-SNAPSHOT.jar:/home/user/.m2/repository/org/rocksdb/rocksdbjni/6.0.1/rocksdbjni-6.0.1.jar:/home/user/.m2/repository/org/apache/logging/log4j/log4j-api/2.11.0/log4j-api-2.11.0.jar:/home/user/.m2/repository/org/apache/logging/log4j/log4j-core/2.11.0/log4j-core-2.11.0.jar:/home/user/.m2/repository/com/lmax/disruptor/3.4.2/disruptor-3.4.2.jar:/home/user/.m2/repository/org/apache/commons/commons-pool2/2.6.0/commons-pool2-2.6.0.jar:/home/user/.m2/repository/org/bouncycastle/bcpkix-jdk15on/1.60/bcpkix-jdk15on-1.60.jar:/home/user/.m2/repository/commons-validator/commons-validator/1.6/commons-validator-1.6.jar:/home/user/.m2/repository/commons-digester/commons-digester/1.8.1/commons-digester-1.8.1.jar:/home/user/.m2/repository/io/jaegertracing/jaeger-client/0.33.1/jaeger-client-0.33.1.jar:/home/user/.m2/repository/io/jaegertracing/jaeger-thrift/0.33.1/jaeger-thrift-0.33.1.jar:/home/user/.m2/repository/org/apache/thrift/libthrift/0.11.0/libthrift-0.11.0.jar:/home/user/.m2/repository/com/squareup/okhttp3/okhttp/3.9.0/okhttp-3.9.0.jar:/home/user/.m2/repository/com/squareup/okio/okio/1.13.0/okio-1.13.0.jar:/home/user/.m2/repository/io/jaegertracing/jaeger-core/0.33.1/jaeger-core-0.33.1.jar:/home/user/.m2/repository/io/jaegertracing/jaeger-tracerresolver/0.33.1/jaeger-tracerresolver-0.33.1.jar:/home/user/.m2/repository/io/opentracing/contrib/opentracing-tracerresolver/0.1.5/opentracing-tracerresolver-0.1.5.jar:/home/user/.m2/repository/io/opentracing/opentracing-util/0.31.0/opentracing-util-0.31.0.jar:/home/user/.m2/repository/io/opentracing/opentracing-api/0.31.0/opentracing-api-0.31.0.jar:/home/user/.m2/repository/io/opentracing/opentracing-noop/0.31.0/opentracing-noop-0.31.0.jar:/home/user/.m2/repository/org/apache/hadoop/hadoop-hdds-server-framework/0.5.0-SNAPSHOT/hadoop-hdds-server-framework-0.5.0-SNAPSHOT.jar:/home/user/.m2/repository/org/apache/hadoop/hadoop-hdds-container-service/0.5.0-SNAPSHOT/hadoop-hdds-container-service-0.5.0-SNAPSHOT.jar:/home/user/.m2/repository/org/apache/hadoop/hadoop-hdds-client/0.5.0-SNAPSHOT/hadoop-hdds-client-0.5.0-SNAPSHOT.jar:/home/user/.m2/repository/org/apache/hadoop/hadoop-hdds-tools/0.5.0-SNAPSHOT/hadoop-hdds-tools-0.5.0-SNAPSHOT.jar:/home/user/.m2/repository/org/apache/hadoop/hadoop-hdds-server-scm/0.5.0-SNAPSHOT/hadoop-hdds-server-scm-0.5.0-SNAPSHOT.jar:/home/user/.m2/repository/org/apache/hadoop/hadoop-hdds-docs/0.5.0-SNAPSHOT/hadoop-hdds-docs-0.5.0-SNAPSHOT.jar:/home/user/.m2/repository/io/dropwizard/metrics/metrics-core/3.2.4/metrics-core-3.2.4.jar:/home/user/.m2/repository/org/hamcrest/hamcrest-all/1.3/hamcrest-all-1.3.jar:/home/user/.m2/repository/org/bouncycastle/bcprov-jdk15on/1.60/bcprov-jdk15on-1.60.jar:/home/user/.m2/repository/info/picocli/picocli/3.9.6/picocli-3.9.6.jar:/home/user/.m2/repository/com/google/protobuf/protobuf-java/2.5.0/protobuf-java-2.5.0.jar:/home/user/.m2/repository/com/google/guava/guava/11.0.2/guava-11.0.2.jar:/home/user/.m2/repository/org/apache/hadoop/hadoop-ozone-ozone-manager/0.5.0-SNAPSHOT/hadoop-ozone-ozone-manager-0.5.0-SNAPSHOT.jar:/home/user/.m2/repository/org/apache/hadoop/hadoop-minikdc/3.2.0/hadoop-minikdc-3.2.0.jar:/home/user/.m2/repository/commons-io/commons-io/2.5/commons-io-2.5.jar:/home/user/.m2/repository/org/apache/kerby/kerb-simplekdc/1.0.1/kerb-simplekdc-1.0.1.jar:/home/user/.m2/repository/org/apache/kerby/kerb-client/1.0.1/kerb-client-1.0.1.jar:/home/user/.m2/repository/org/apache/kerby/kerby-config/1.0.1/kerby-config-1.0.1.jar:/home/user/.m2/repository/org/apache/kerby/kerb-core/1.0.1/kerb-core-1.0.1.jar:/home/user/.m2/repository/org/apache/kerby/kerby-pkix/1.0.1/kerby-pkix-1.0.1.jar:/home/user/.m2/repository/org/apache/kerby/kerby-asn1/1.0.1/kerby-asn1-1.0.1.jar:/home/user/.m2/repository/org/apache/kerby/kerby-util/1.0.1/kerby-util-1.0.1.jar:/home/user/.m2/repository/org/apache/kerby/kerb-common/1.0.1/kerb-common-1.0.1.jar:/home/user/.m2/repository/org/apache/kerby/kerb-crypto/1.0.1/kerb-crypto-1.0.1.jar:/home/user/.m2/repository/org/apache/kerby/kerb-util/1.0.1/kerb-util-1.0.1.jar:/home/user/.m2/repository/org/apache/kerby/token-provider/1.0.1/token-provider-1.0.1.jar:/home/user/.m2/repository/org/apache/kerby/kerb-admin/1.0.1/kerb-admin-1.0.1.jar:/home/user/.m2/repository/org/apache/kerby/kerb-server/1.0.1/kerb-server-1.0.1.jar:/home/user/.m2/repository/org/apache/kerby/kerb-identity/1.0.1/kerb-identity-1.0.1.jar:/home/user/.m2/repository/org/apache/kerby/kerby-xdr/1.0.1/kerby-xdr-1.0.1.jar:/home/user/.m2/repository/org/slf4j/slf4j-log4j12/1.7.25/slf4j-log4j12-1.7.25.jar:/home/user/.m2/repository/org/apache/hadoop/hadoop-ozone-objectstore-service/0.5.0-SNAPSHOT/hadoop-ozone-objectstore-service-0.5.0-SNAPSHOT.jar:/home/user/.m2/repository/org/apache/hadoop/hadoop-ozone-s3gateway/0.5.0-SNAPSHOT/hadoop-ozone-s3gateway-0.5.0-SNAPSHOT.jar:/home/user/.m2/repository/org/jboss/weld/servlet/weld-servlet/2.4.7.Final/weld-servlet-2.4.7.Final.jar:/home/user/.m2/repository/org/glassfish/jersey/containers/jersey-container-servlet-core/2.27/jersey-container-servlet-core-2.27.jar:/home/user/.m2/repository/org/glassfish/hk2/external/javax.inject/2.5.0-b42/javax.inject-2.5.0-b42.jar:/home/user/.m2/repository/org/glassfish/jersey/core/jersey-common/2.27/jersey-common-2.27.jar:/home/user/.m2/repository/org/glassfish/hk2/osgi-resource-locator/1.0.1/osgi-resource-locator-1.0.1.jar:/home/user/.m2/repository/javax/ws/rs/javax.ws.rs-api/2.1/javax.ws.rs-api-2.1.jar:/home/user/.m2/repository/org/glassfish/jersey/ext/cdi/jersey-cdi1x/2.27/jersey-cdi1x-2.27.jar:/home/user/.m2/repository/org/glassfish/jersey/inject/jersey-hk2/2.27/jersey-hk2-2.27.jar:/home/user/.m2/repository/org/glassfish/hk2/hk2-locator/2.5.0-b42/hk2-locator-2.5.0-b42.jar:/home/user/.m2/repository/org/javassist/javassist/3.22.0-CR2/javassist-3.22.0-CR2.jar:/home/user/.m2/repository/org/glassfish/hk2/hk2-api/2.5.0/hk2-api-2.5.0.jar:/home/user/.m2/repository/org/glassfish/hk2/external/jakarta.inject/2.5.0/jakarta.inject-2.5.0.jar:/home/user/.m2/repository/org/glassfish/hk2/hk2-utils/2.5.0/hk2-utils-2.5.0.jar:/home/user/.m2/repository/jakarta/annotation/jakarta.annotation-api/1.3.4/jakarta.annotation-api-1.3.4.jar:/home/user/.m2/repository/org/glassfish/hk2/external/aopalliance-repackaged/2.5.0/aopalliance-repackaged-2.5.0.jar:/home/user/.m2/repository/com/fasterxml/jackson/dataformat/jackson-dataformat-xml/2.9.0/jackson-dataformat-xml-2.9.0.jar:/home/user/.m2/repository/com/fasterxml/jackson/core/jackson-core/2.9.5/jackson-core-2.9.5.jar:/home/user/.m2/repository/com/fasterxml/jackson/module/jackson-module-jaxb-annotations/2.9.5/jackson-module-jaxb-annotations-2.9.5.jar:/home/user/.m2/repository/javax/enterprise/cdi-api/1.2/cdi-api-1.2.jar:/home/user/.m2/repository/javax/el/javax.el-api/3.0.0/javax.el-api-3.0.0.jar:/home/user/.m2/repository/javax/interceptor/javax.interceptor-api/1.2/javax.interceptor-api-1.2.jar:/home/user/.m2/repository/javax/inject/javax.inject/1/javax.inject-1.jar:/home/user/.m2/repository/com/sun/xml/bind/jaxb-impl/2.3.0.1/jaxb-impl-2.3.0.1.jar:/home/user/.m2/repository/com/sun/xml/bind/jaxb-core/2.3.0.1/jaxb-core-2.3.0.1.jar:/home/user/.m2/repository/javax/xml/bind/jaxb-api/2.3.0/jaxb-api-2.3.0.jar:/home/user/.m2/repository/javax/activation/activation/1.1.1/activation-1.1.1.jar:/home/user/.m2/repository/org/apache/hadoop/hadoop-ozone-csi/0.5.0-SNAPSHOT/hadoop-ozone-csi-0.5.0-SNAPSHOT.jar:/home/user/.m2/repository/com/google/protobuf/protobuf-java-util/3.5.1/protobuf-java-util-3.5.1.jar:/home/user/.m2/repository/org/apache/hadoop/hadoop-hdds-config/0.5.0-SNAPSHOT/hadoop-hdds-config-0.5.0-SNAPSHOT.jar:/home/user/.m2/repository/io/grpc/grpc-netty/1.17.1/grpc-netty-1.17.1.jar:/home/user/.m2/repository/io/grpc/grpc-core/1.17.1/grpc-core-1.17.1.jar:/home/user/.m2/repository/io/grpc/grpc-context/1.17.1/grpc-context-1.17.1.jar:/home/user/.m2/repository/com/google/errorprone/error_prone_annotations/2.2.0/error_prone_annotations-2.2.0.jar:/home/user/.m2/repository/org/codehaus/mojo/animal-sniffer-annotations/1.17/animal-sniffer-annotations-1.17.jar:/home/user/.m2/repository/io/opencensus/opencensus-api/0.17.0/opencensus-api-0.17.0.jar:/home/user/.m2/repository/io/opencensus/opencensus-contrib-grpc-metrics/0.17.0/opencensus-contrib-grpc-metrics-0.17.0.jar:/home/user/.m2/repository/io/netty/netty-codec-http2/4.1.30.Final/netty-codec-http2-4.1.30.Final.jar:/home/user/.m2/repository/io/netty/netty-codec-http/4.1.30.Final/netty-codec-http-4.1.30.Final.jar:/home/user/.m2/repository/io/netty/netty-codec/4.1.30.Final/netty-codec-4.1.30.Final.jar:/home/user/.m2/repository/io/netty/netty-handler/4.1.30.Final/netty-handler-4.1.30.Final.jar:/home/user/.m2/repository/io/netty/netty-handler-proxy/4.1.30.Final/netty-handler-proxy-4.1.30.Final.jar:/home/user/.m2/repository/io/netty/netty-codec-socks/4.1.30.Final/netty-codec-socks-4.1.30.Final.jar:/home/user/.m2/repository/io/netty/netty-transport-native-epoll/4.1.30.Final/netty-transport-native-epoll-4.1.30.Final.jar:/home/user/.m2/repository/io/netty/netty-common/4.1.30.Final/netty-common-4.1.30.Final.jar:/home/user/.m2/repository/io/netty/netty-buffer/4.1.30.Final/netty-buffer-4.1.30.Final.jar:/home/user/.m2/repository/io/netty/netty-transport/4.1.30.Final/netty-transport-4.1.30.Final.jar:/home/user/.m2/repository/io/netty/netty-resolver/4.1.30.Final/netty-resolver-4.1.30.Final.jar:/home/user/.m2/repository/io/netty/netty-transport-native-unix-common/4.1.30.Final/netty-transport-native-unix-common-4.1.30.Final.jar:/home/user/.m2/repository/io/grpc/grpc-protobuf/1.17.1/grpc-protobuf-1.17.1.jar:/home/user/.m2/repository/com/google/api/grpc/proto-google-common-protos/1.0.0/proto-google-common-protos-1.0.0.jar:/home/user/.m2/repository/io/grpc/grpc-protobuf-lite/1.17.1/grpc-protobuf-lite-1.17.1.jar:/home/user/.m2/repository/io/grpc/grpc-stub/1.17.1/grpc-stub-1.17.1.jar:/home/user/.m2/repository/org/apache/hadoop/hadoop-ozone-recon/0.5.0-SNAPSHOT/hadoop-ozone-recon-0.5.0-SNAPSHOT.jar:/home/user/.m2/repository/org/apache/hadoop/hadoop-ozone-reconcodegen/0.5.0-SNAPSHOT/hadoop-ozone-reconcodegen-0.5.0-SNAPSHOT.jar:/home/user/.m2/repository/com/google/inject/extensions/guice-multibindings/4.0/guice-multibindings-4.0.jar:/home/user/.m2/repository/com/google/inject/guice/4.0/guice-4.0.jar:/home/user/.m2/repository/aopalliance/aopalliance/1.0/aopalliance-1.0.jar:/home/user/.m2/repository/com/google/inject/extensions/guice-servlet/4.0/guice-servlet-4.0.jar:/home/user/.m2/repository/org/glassfish/jersey/containers/jersey-container-servlet/2.27/jersey-container-servlet-2.27.jar:/home/user/.m2/repository/org/glassfish/hk2/guice-bridge/2.5.0/guice-bridge-2.5.0.jar:/home/user/.m2/repository/org/glassfish/jersey/core/jersey-server/2.27/jersey-server-2.27.jar:/home/user/.m2/repository/org/glassfish/jersey/core/jersey-client/2.27/jersey-client-2.27.jar:/home/user/.m2/repository/org/glassfish/jersey/media/jersey-media-jaxb/2.27/jersey-media-jaxb-2.27.jar:/home/user/.m2/repository/javax/validation/validation-api/1.1.0.Final/validation-api-1.1.0.Final.jar:/home/user/.m2/repository/org/glassfish/jersey/media/jersey-media-json-jackson/2.27/jersey-media-json-jackson-2.27.jar:/home/user/.m2/repository/org/glassfish/jersey/ext/jersey-entity-filtering/2.27/jersey-entity-filtering-2.27.jar:/home/user/.m2/repository/com/google/inject/extensions/guice-assistedinject/4.0/guice-assistedinject-4.0.jar:/home/user/.m2/repository/org/jooq/jooq/3.11.10/jooq-3.11.10.jar:/home/user/.m2/repository/org/jooq/jooq-meta/3.11.10/jooq-meta-3.11.10.jar:/home/user/.m2/repository/org/jooq/jooq-codegen/3.11.10/jooq-codegen-3.11.10.jar:/home/user/.m2/repository/com/jolbox/bonecp/0.8.0.RELEASE/bonecp-0.8.0.RELEASE.jar:/home/user/.m2/repository/org/xerial/sqlite-jdbc/3.25.2/sqlite-jdbc-3.25.2.jar:/home/user/.m2/repository/org/springframework/spring-jdbc/5.1.3.RELEASE/spring-jdbc-5.1.3.RELEASE.jar:/home/user/.m2/repository/org/springframework/spring-beans/5.1.3.RELEASE/spring-beans-5.1.3.RELEASE.jar:/home/user/.m2/repository/org/springframework/spring-core/5.1.3.RELEASE/spring-core-5.1.3.RELEASE.jar:/home/user/.m2/repository/org/springframework/spring-jcl/5.1.3.RELEASE/spring-jcl-5.1.3.RELEASE.jar:/home/user/.m2/repository/org/springframework/spring-tx/5.1.3.RELEASE/spring-tx-5.1.3.RELEASE.jar:/home/user/.m2/repository/org/apache/hadoop/hadoop-ozone-client/0.5.0-SNAPSHOT/hadoop-ozone-client-0.5.0-SNAPSHOT.jar:/home/user/.m2/repository/commons-lang/commons-lang/2.6/commons-lang-2.6.jar:/home/user/.m2/repository/org/apache/hadoop/hadoop-ozone-ozone-manager/0.5.0-SNAPSHOT/hadoop-ozone-ozone-manager-0.5.0-SNAPSHOT-tests.jar:/home/user/.m2/repository/junit/junit/4.11/junit-4.11.jar:/home/user/.m2/repository/org/hamcrest/hamcrest-core/1.3/hamcrest-core-1.3.jar:/home/user/.m2/repository/org/openjdk/jmh/jmh-core/1.19/jmh-core-1.19.jar:/home/user/.m2/repository/net/sf/jopt-simple/jopt-simple/4.6/jopt-simple-4.6.jar:/home/user/.m2/repository/org/apache/commons/commons-math3/3.1.1/commons-math3-3.1.1.jar:/home/user/.m2/repository/org/openjdk/jmh/jmh-generator-annprocess/1.19/jmh-generator-annprocess-1.19.jar:/home/user/.m2/repository/org/mockito/mockito-all/1.8.5/mockito-all-1.8.5.jar:/home/user/.m2/repository/org/apache/hadoop/hadoop-kms/3.2.0/hadoop-kms-3.2.0.jar:/home/user/.m2/repository/org/apache/hadoop/hadoop-auth/3.2.0/hadoop-auth-3.2.0.jar:/home/user/.m2/repository/com/nimbusds/nimbus-jose-jwt/4.41.1/nimbus-jose-jwt-4.41.1.jar:/home/user/.m2/repository/com/github/stephenc/jcip/jcip-annotations/1.0-1/jcip-annotations-1.0-1.jar:/home/user/.m2/repository/net/minidev/json-smart/2.3/json-smart-2.3.jar:/home/user/.m2/repository/net/minidev/accessors-smart/1.2/accessors-smart-1.2.jar:/home/user/.m2/repository/org/ow2/asm/asm/5.0.4/asm-5.0.4.jar:/home/user/.m2/repository/org/apache/curator/curator-framework/2.12.0/curator-framework-2.12.0.jar:/home/user/.m2/repository/com/sun/jersey/jersey-core/1.19/jersey-core-1.19.jar:/home/user/.m2/repository/javax/ws/rs/jsr311-api/1.1.1/jsr311-api-1.1.1.jar:/home/user/.m2/repository/com/sun/jersey/jersey-server/1.19/jersey-server-1.19.jar:/home/user/.m2/repository/javax/servlet/javax.servlet-api/3.1.0/javax.servlet-api-3.1.0.jar:/home/user/.m2/repository/org/eclipse/jetty/jetty-server/9.3.24.v20180605/jetty-server-9.3.24.v20180605.jar:/home/user/.m2/repository/org/eclipse/jetty/jetty-http/9.3.24.v20180605/jetty-http-9.3.24.v20180605.jar:/home/user/.m2/repository/org/eclipse/jetty/jetty-io/9.3.24.v20180605/jetty-io-9.3.24.v20180605.jar:/home/user/.m2/repository/org/eclipse/jetty/jetty-webapp/9.3.24.v20180605/jetty-webapp-9.3.24.v20180605.jar:/home/user/.m2/repository/org/eclipse/jetty/jetty-xml/9.3.24.v20180605/jetty-xml-9.3.24.v20180605.jar:/home/user/.m2/repository/log4j/log4j/1.2.17/log4j-1.2.17.jar:/home/user/.m2/repository/org/slf4j/slf4j-api/1.7.25/slf4j-api-1.7.25.jar:/home/user/.m2/repository/org/slf4j/jul-to-slf4j/1.7.25/jul-to-slf4j-1.7.25.jar:/home/user/.m2/repository/org/eclipse/jetty/jetty-util/9.3.24.v20180605/jetty-util-9.3.24.v20180605.jar:/home/user/.m2/repository/com/fasterxml/jackson/core/jackson-databind/2.9.5/jackson-databind-2.9.5.jar:/home/user/.m2/repository/org/apache/hadoop/hadoop-kms/3.2.0/hadoop-kms-3.2.0-tests.jar:/home/user/.m2/repository/org/apache/hadoop/hadoop-hdds-server-scm/0.5.0-SNAPSHOT/hadoop-hdds-server-scm-0.5.0-SNAPSHOT-tests.jar:/home/user/.m2/repository/org/apache/hadoop/hadoop-hdds-container-service/0.5.0-SNAPSHOT/hadoop-hdds-container-service-0.5.0-SNAPSHOT-tests.jar:/home/user/.m2/repository/org/yaml/snakeyaml/1.16/snakeyaml-1.16.jar:/home/user/.m2/repository/org/apache/hadoop/hadoop-common/3.2.0/hadoop-common-3.2.0-tests.jar:/home/user/.m2/repository/org/apache/hadoop/hadoop-annotations/3.2.0/hadoop-annotations-3.2.0.jar:/usr/lib/jvm/java-1.8-openjdk/jre/../lib/tools.jar:/home/user/.m2/repository/commons-cli/commons-cli/1.2/commons-cli-1.2.jar:/home/user/.m2/repository/org/apache/httpcomponents/httpclient/4.5.2/httpclient-4.5.2.jar:/home/user/.m2/repository/org/apache/httpcomponents/httpcore/4.4.4/httpcore-4.4.4.jar:/home/user/.m2/repository/commons-codec/commons-codec/1.11/commons-codec-1.11.jar:/home/user/.m2/repository/commons-net/commons-net/3.6/commons-net-3.6.jar:/home/user/.m2/repository/commons-collections/commons-collections/3.2.2/commons-collections-3.2.2.jar:/home/user/.m2/repository/org/eclipse/jetty/jetty-servlet/9.3.24.v20180605/jetty-servlet-9.3.24.v20180605.jar:/home/user/.m2/repository/org/eclipse/jetty/jetty-security/9.3.24.v20180605/jetty-security-9.3.24.v20180605.jar:/home/user/.m2/repository/javax/servlet/jsp/jsp-api/2.1/jsp-api-2.1.jar:/home/user/.m2/repository/com/sun/jersey/jersey-servlet/1.19/jersey-servlet-1.19.jar:/home/user/.m2/repository/com/sun/jersey/jersey-json/1.19/jersey-json-1.19.jar:/home/user/.m2/repository/org/codehaus/jettison/jettison/1.1/jettison-1.1.jar:/home/user/.m2/repository/org/codehaus/jackson/jackson-core-asl/1.9.13/jackson-core-asl-1.9.13.jar:/home/user/.m2/repository/org/codehaus/jackson/jackson-mapper-asl/1.9.13/jackson-mapper-asl-1.9.13.jar:/home/user/.m2/repository/org/codehaus/jackson/jackson-jaxrs/1.9.13/jackson-jaxrs-1.9.13.jar:/home/user/.m2/repository/org/codehaus/jackson/jackson-xc/1.9.13/jackson-xc-1.9.13.jar:/home/user/.m2/repository/commons-logging/commons-logging/1.1.3/commons-logging-1.1.3.jar:/home/user/.m2/repository/commons-beanutils/commons-beanutils/1.9.3/commons-beanutils-1.9.3.jar:/home/user/.m2/repository/org/apache/commons/commons-configuration2/2.1.1/commons-configuration2-2.1.1.jar:/home/user/.m2/repository/org/apache/commons/commons-lang3/3.7/commons-lang3-3.7.jar:/home/user/.m2/repository/org/apache/commons/commons-text/1.4/commons-text-1.4.jar:/home/user/.m2/repository/org/apache/avro/avro/1.7.7/avro-1.7.7.jar:/home/user/.m2/repository/com/thoughtworks/paranamer/paranamer/2.3/paranamer-2.3.jar:/home/user/.m2/repository/org/xerial/snappy/snappy-java/1.0.5/snappy-java-1.0.5.jar:/home/user/.m2/repository/com/google/re2j/re2j/1.1/re2j-1.1.jar:/home/user/.m2/repository/com/google/code/gson/gson/2.2.4/gson-2.2.4.jar:/home/user/.m2/repository/com/jcraft/jsch/0.1.54/jsch-0.1.54.jar:/home/user/.m2/repository/org/apache/curator/curator-client/2.12.0/curator-client-2.12.0.jar:/home/user/.m2/repository/org/apache/curator/curator-recipes/2.12.0/curator-recipes-2.12.0.jar:/home/user/.m2/repository/com/google/code/findbugs/jsr305/3.0.0/jsr305-3.0.0.jar:/home/user/.m2/repository/org/apache/htrace/htrace-core4/4.1.0-incubating/htrace-core4-4.1.0-incubating.jar:/home/user/.m2/repository/org/apache/zookeeper/zookeeper/3.4.13/zookeeper-3.4.13.jar:/home/user/.m2/repository/org/apache/yetus/audience-annotations/0.5.0/audience-annotations-0.5.0.jar:/home/user/.m2/repository/org/codehaus/woodstox/stax2-api/3.1.4/stax2-api-3.1.4.jar:/home/user/.m2/repository/com/fasterxml/woodstox/woodstox-core/5.0.3/woodstox-core-5.0.3.jar:/home/user/.m2/repository/dnsjava/dnsjava/2.1.7/dnsjava-2.1.7.jar:/home/user/.m2/repository/org/apache/hadoop/hadoop-hdfs/3.2.0/hadoop-hdfs-3.2.0-tests.jar:/home/user/.m2/repository/org/eclipse/jetty/jetty-util-ajax/9.3.24.v20180605/jetty-util-ajax-9.3.24.v20180605.jar:/home/user/.m2/repository/commons-daemon/commons-daemon/1.0.13/commons-daemon-1.0.13.jar:/home/user/.m2/repository/io/netty/netty/3.10.5.Final/netty-3.10.5.Final.jar:/home/user/.m2/repository/io/netty/netty-all/4.0.52.Final/netty-all-4.0.52.Final.jar:/home/user/.m2/repository/org/fusesource/leveldbjni/leveldbjni-all/1.8/leveldbjni-all-1.8.jar:"/>
    <property name="sun.cpu.endian" value="little"/>
    <property name="user.home" value="/home/user"/>
    <property name="user.language" value="en"/>
    <property name="java.specification.vendor" value="Oracle Corporation"/>
    <property name="java.home" value="/usr/lib/jvm/java-1.8-openjdk/jre"/>
    <property name="java.security.krb5.conf" value="/workdir/hadoop-ozone/integration-test/target/test-classes/krb5.conf"/>
    <property name="basedir" value="/workdir/hadoop-ozone/integration-test"/>
    <property name="file.separator" value="/"/>
    <property name="line.separator" value="&#10;"/>
    <property name="java.vm.specification.vendor" value="Oracle Corporation"/>
    <property name="java.specification.name" value="Java Platform API Specification"/>
    <property name="java.awt.graphicsenv" value="sun.awt.X11GraphicsEnvironment"/>
    <property name="surefire.real.class.path" value="/workdir/hadoop-ozone/integration-test/target/surefire/surefirebooter7845100124096016465.jar"/>
    <property name="hadoop.log.dir" value="/workdir/hadoop-ozone/integration-test/target/log"/>
    <property name="sun.boot.class.path" value="/usr/lib/jvm/java-1.8-openjdk/jre/lib/resources.jar:/usr/lib/jvm/java-1.8-openjdk/jre/lib/rt.jar:/usr/lib/jvm/java-1.8-openjdk/jre/lib/sunrsasign.jar:/usr/lib/jvm/java-1.8-openjdk/jre/lib/jsse.jar:/usr/lib/jvm/java-1.8-openjdk/jre/lib/jce.jar:/usr/lib/jvm/java-1.8-openjdk/jre/lib/charsets.jar:/usr/lib/jvm/java-1.8-openjdk/jre/lib/jfr.jar:/usr/lib/jvm/java-1.8-openjdk/jre/classes"/>
    <property name="sun.management.compiler" value="HotSpot 64-Bit Tiered Compilers"/>
    <property name="java.runtime.version" value="1.8.0_212-b04"/>
    <property name="java.net.preferIPv4Stack" value="true"/>
    <property name="user.name" value="jenkins1000"/>
    <property name="path.separator" value=":"/>
    <property name="java.security.egd" value="file:///dev/urandom"/>
    <property name="os.version" value="3.10.0-957.12.2.el7.x86_64"/>
    <property name="java.endorsed.dirs" value="/usr/lib/jvm/java-1.8-openjdk/jre/lib/endorsed"/>
    <property name="java.runtime.name" value="OpenJDK Runtime Environment"/>
    <property name="file.encoding" value="UTF-8"/>
    <property name="java.vm.name" value="OpenJDK 64-Bit Server VM"/>
    <property name="test.build.webapps" value=""/>
    <property name="localRepository" value="/home/user/.m2/repository"/>
    <property name="java.vendor.url.bug" value="https://icedtea.classpath.org/bugzilla"/>
    <property name="java.io.tmpdir" value="/tmp"/>
    <property name="require.test.libhadoop" value=""/>
    <property name="java.version" value="1.8.0_212"/>
    <property name="user.dir" value="/workdir/hadoop-ozone/integration-test"/>
    <property name="os.arch" value="amd64"/>
    <property name="java.vm.specification.name" value="Java Virtual Machine Specification"/>
    <property name="test.build.classes" value="/workdir/hadoop-ozone/integration-test/target/test-classes"/>
    <property name="java.awt.printerjob" value="sun.print.PSPrinterJob"/>
    <property name="sun.os.patch.level" value="unknown"/>
    <property name="hadoop.tmp.dir" value="/workdir/hadoop-ozone/integration-test/target/tmp"/>
    <property name="java.library.path" value="/usr/lib/jvm/java-1.8-openjdk/jre/lib/amd64/server:/usr/lib/jvm/java-1.8-openjdk/jre/lib/amd64:/usr/lib/jvm/java-1.8-openjdk/jre/../lib/amd64:/workdir/hadoop-ozone/integration-test/target/native/target/usr/local/lib:/workdir/hadoop-ozone/integration-test/../../hadoop-common-project/hadoop-common/target/native/target/usr/local/lib:/usr/java/packages/lib/amd64:/usr/lib64:/lib64:/lib:/usr/lib"/>
    <property name="java.vm.info" value="mixed mode"/>
    <property name="java.vendor" value="IcedTea"/>
    <property name="java.vm.version" value="25.212-b04"/>
    <property name="java.ext.dirs" value="/usr/lib/jvm/java-1.8-openjdk/jre/lib/ext:/usr/java/packages/lib/ext"/>
    <property name="sun.io.unicode.encoding" value="UnicodeLittle"/>
    <property name="java.class.version" value="52.0"/>
  </properties>
  <testcase name="test2DatanodesFailure" classname="org.apache.hadoop.ozone.client.rpc.TestBlockOutputStreamWithFailures" time="49.914"/>
  <testcase name="testDatanodeFailureWithPreAllocation" classname="org.apache.hadoop.ozone.client.rpc.TestBlockOutputStreamWithFailures" time="230.887"/>
  <testcase name="testDatanodeFailureWithSingleNodeRatis" classname="org.apache.hadoop.ozone.client.rpc.TestBlockOutputStreamWithFailures" time="226.908"/>
  <testcase name="testWatchForCommitWithSingleNodeRatis" classname="org.apache.hadoop.ozone.client.rpc.TestBlockOutputStreamWithFailures" time="35.029"/>
  <testcase name="testWatchForCommitDatanodeFailure" classname="org.apache.hadoop.ozone.client.rpc.TestBlockOutputStreamWithFailures" time="60.356">
    <failure message="expected:&lt;2&gt; but was:&lt;3&gt;" type="java.lang.AssertionError"><![CDATA[java.lang.AssertionError: expected:<2> but was:<3>
	at org.junit.Assert.fail(Assert.java:88)
	at org.junit.Assert.failNotEquals(Assert.java:743)
	at org.junit.Assert.assertEquals(Assert.java:118)
	at org.junit.Assert.assertEquals(Assert.java:555)
	at org.junit.Assert.assertEquals(Assert.java:542)
	at org.apache.hadoop.ozone.client.rpc.TestBlockOutputStreamWithFailures.testWatchForCommitDatanodeFailure(TestBlockOutputStreamWithFailures.java:366)
	at sun.reflect.NativeMethodAccessorImpl.invoke0(Native Method)
	at sun.reflect.NativeMethodAccessorImpl.invoke(NativeMethodAccessorImpl.java:62)
	at sun.reflect.DelegatingMethodAccessorImpl.invoke(DelegatingMethodAccessorImpl.java:43)
	at java.lang.reflect.Method.invoke(Method.java:498)
	at org.junit.runners.model.FrameworkMethod$1.runReflectiveCall(FrameworkMethod.java:47)
	at org.junit.internal.runners.model.ReflectiveCallable.run(ReflectiveCallable.java:12)
	at org.junit.runners.model.FrameworkMethod.invokeExplosively(FrameworkMethod.java:44)
	at org.junit.internal.runners.statements.InvokeMethod.evaluate(InvokeMethod.java:17)
	at org.junit.internal.runners.statements.RunBefores.evaluate(RunBefores.java:26)
	at org.junit.internal.runners.statements.RunAfters.evaluate(RunAfters.java:27)
	at org.junit.runners.ParentRunner.runLeaf(ParentRunner.java:271)
	at org.junit.runners.BlockJUnit4ClassRunner.runChild(BlockJUnit4ClassRunner.java:70)
	at org.junit.runners.BlockJUnit4ClassRunner.runChild(BlockJUnit4ClassRunner.java:50)
	at org.junit.runners.ParentRunner$3.run(ParentRunner.java:238)
	at org.junit.runners.ParentRunner$1.schedule(ParentRunner.java:63)
	at org.junit.runners.ParentRunner.runChildren(ParentRunner.java:236)
	at org.junit.runners.ParentRunner.access$000(ParentRunner.java:53)
	at org.junit.runners.ParentRunner$2.evaluate(ParentRunner.java:229)
	at org.junit.runners.ParentRunner.run(ParentRunner.java:309)
	at org.apache.maven.surefire.junit4.JUnit4Provider.execute(JUnit4Provider.java:365)
	at org.apache.maven.surefire.junit4.JUnit4Provider.executeWithRerun(JUnit4Provider.java:273)
	at org.apache.maven.surefire.junit4.JUnit4Provider.executeTestSet(JUnit4Provider.java:238)
	at org.apache.maven.surefire.junit4.JUnit4Provider.invoke(JUnit4Provider.java:159)
	at org.apache.maven.surefire.booter.ForkedBooter.invokeProviderInSameClassLoader(ForkedBooter.java:384)
	at org.apache.maven.surefire.booter.ForkedBooter.runSuitesInProcess(ForkedBooter.java:345)
	at org.apache.maven.surefire.booter.ForkedBooter.execute(ForkedBooter.java:126)
	at org.apache.maven.surefire.booter.ForkedBooter.main(ForkedBooter.java:418)
]]></failure>
    <system-out><![CDATA[2019-08-29 08:12:49,587 [main] WARN  server.ServerUtils (ServerUtils.java:getScmDbDir(145)) - ozone.scm.db.dirs is not configured. We recommend adding this setting. Falling back to ozone.metadata.dirs instead.
2019-08-29 08:12:49,628 [main] WARN  server.ServerUtils (ServerUtils.java:getScmDbDir(145)) - ozone.scm.db.dirs is not configured. We recommend adding this setting. Falling back to ozone.metadata.dirs instead.
2019-08-29 08:12:49,628 [main] WARN  server.ServerUtils (ServerUtils.java:getScmDbDir(145)) - ozone.scm.db.dirs is not configured. We recommend adding this setting. Falling back to ozone.metadata.dirs instead.
2019-08-29 08:12:49,629 [main] INFO  db.DBStoreBuilder (DBStoreBuilder.java:addTable(110)) - using custom profile for table: deletedBlocks
2019-08-29 08:12:49,629 [main] INFO  db.DBStoreBuilder (DBStoreBuilder.java:processTables(161)) - Using default column profile:DBProfile.DISK for Table:deletedBlocks
2019-08-29 08:12:49,630 [main] INFO  db.DBStoreBuilder (DBStoreBuilder.java:addTable(110)) - using custom profile for table: validCerts
2019-08-29 08:12:49,630 [main] INFO  db.DBStoreBuilder (DBStoreBuilder.java:processTables(161)) - Using default column profile:DBProfile.DISK for Table:validCerts
2019-08-29 08:12:49,630 [main] INFO  db.DBStoreBuilder (DBStoreBuilder.java:addTable(110)) - using custom profile for table: revokedCerts
2019-08-29 08:12:49,630 [main] INFO  db.DBStoreBuilder (DBStoreBuilder.java:processTables(161)) - Using default column profile:DBProfile.DISK for Table:revokedCerts
2019-08-29 08:12:49,631 [main] INFO  db.DBStoreBuilder (DBStoreBuilder.java:addTable(110)) - using custom profile for table: default
2019-08-29 08:12:49,631 [main] INFO  db.DBStoreBuilder (DBStoreBuilder.java:processTables(167)) - Using default column profile:DBProfile.DISK for Table:default
2019-08-29 08:12:49,631 [main] INFO  db.DBStoreBuilder (DBStoreBuilder.java:getDbProfile(198)) - Using default options. DBProfile.DISK
2019-08-29 08:12:49,794 [main] INFO  net.NodeSchemaLoader (NodeSchemaLoader.java:loadSchemaFromFile(125)) - Loading file from sun.misc.CompoundEnumeration@caee26e
2019-08-29 08:12:49,795 [main] INFO  net.NodeSchemaLoader (NodeSchemaLoader.java:loadSchema(171)) - Loading network topology layer schema file
2019-08-29 08:12:49,800 [main] INFO  node.SCMNodeManager (SCMNodeManager.java:<init>(121)) - Entering startup safe mode.
2019-08-29 08:12:49,800 [main] INFO  algorithms.ContainerPlacementPolicyFactory (ContainerPlacementPolicyFactory.java:getPolicy(57)) - Create container placement policy of type org.apache.hadoop.hdds.scm.container.placement.algorithms.SCMContainerPlacementRandom
2019-08-29 08:12:49,801 [main] WARN  server.ServerUtils (ServerUtils.java:getScmDbDir(145)) - ozone.scm.db.dirs is not configured. We recommend adding this setting. Falling back to ozone.metadata.dirs instead.
2019-08-29 08:12:49,854 [main] INFO  pipeline.SCMPipelineManager (SCMPipelineManager.java:initializePipelineState(126)) - No pipeline exists in current db
2019-08-29 08:12:49,854 [main] WARN  server.ServerUtils (ServerUtils.java:getScmDbDir(145)) - ozone.scm.db.dirs is not configured. We recommend adding this setting. Falling back to ozone.metadata.dirs instead.
2019-08-29 08:12:49,902 [main] WARN  events.EventQueue (EventQueue.java:fireEvent(175)) - No event handler registered for event TypedEvent{payloadType=SafeModeStatus, name='SafeModeStatus'}
2019-08-29 08:12:49,903 [main] INFO  ipc.CallQueueManager (CallQueueManager.java:<init>(84)) - Using callQueue: class java.util.concurrent.LinkedBlockingQueue, queueCapacity: 2000, scheduler: class org.apache.hadoop.ipc.DefaultRpcScheduler, ipcBackoff: false.
2019-08-29 08:12:49,904 [Socket Reader #1 for port 34114] INFO  ipc.Server (Server.java:run(1074)) - Starting Socket Reader #1 for port 34114
2019-08-29 08:12:49,905 [main] INFO  ipc.CallQueueManager (CallQueueManager.java:<init>(84)) - Using callQueue: class java.util.concurrent.LinkedBlockingQueue, queueCapacity: 2000, scheduler: class org.apache.hadoop.ipc.DefaultRpcScheduler, ipcBackoff: false.
2019-08-29 08:12:49,906 [Socket Reader #1 for port 33419] INFO  ipc.Server (Server.java:run(1074)) - Starting Socket Reader #1 for port 33419
2019-08-29 08:12:49,907 [main] INFO  ipc.CallQueueManager (CallQueueManager.java:<init>(84)) - Using callQueue: class java.util.concurrent.LinkedBlockingQueue, queueCapacity: 2000, scheduler: class org.apache.hadoop.ipc.DefaultRpcScheduler, ipcBackoff: false.
2019-08-29 08:12:49,907 [Socket Reader #1 for port 36453] INFO  ipc.Server (Server.java:run(1074)) - Starting Socket Reader #1 for port 36453
2019-08-29 08:12:49,910 [main] INFO  hdfs.DFSUtil (DFSUtil.java:httpServerTemplateForNNAndJN(1641)) - Starting Web-server for scm at: http://0.0.0.0:0
2019-08-29 08:12:49,912 [main] INFO  server.AuthenticationFilter (AuthenticationFilter.java:constructSecretProvider(240)) - Unable to initialize FileSignerSecretProvider, falling back to use random secrets.
2019-08-29 08:12:49,913 [main] WARN  http.HttpRequestLog (HttpRequestLog.java:getRequestLog(97)) - Jetty request log can only be enabled using Log4j
2019-08-29 08:12:49,914 [main] INFO  http.HttpServer2 (HttpServer2.java:addGlobalFilter(975)) - Added global filter 'safety' (class=org.apache.hadoop.http.HttpServer2$QuotingInputFilter)
2019-08-29 08:12:49,915 [main] INFO  http.HttpServer2 (HttpServer2.java:addFilter(948)) - Added filter static_user_filter (class=org.apache.hadoop.http.lib.StaticUserWebFilter$StaticUserFilter) to context scm
2019-08-29 08:12:49,915 [main] INFO  http.HttpServer2 (HttpServer2.java:addFilter(958)) - Added filter static_user_filter (class=org.apache.hadoop.http.lib.StaticUserWebFilter$StaticUserFilter) to context logs
2019-08-29 08:12:49,915 [main] INFO  http.HttpServer2 (HttpServer2.java:addFilter(958)) - Added filter static_user_filter (class=org.apache.hadoop.http.lib.StaticUserWebFilter$StaticUserFilter) to context static
2019-08-29 08:12:49,917 [main] INFO  server.StorageContainerManager (StorageContainerManager.java:start(761)) - StorageContainerLocationProtocol RPC server is listening at /0.0.0.0:36453
2019-08-29 08:12:49,919 [main] WARN  impl.MetricsConfig (MetricsConfig.java:loadFirst(134)) - Cannot locate configuration: tried hadoop-metrics2-storagecontainermanager.properties,hadoop-metrics2.properties
2019-08-29 08:12:49,920 [main] INFO  impl.MetricsSystemImpl (MetricsSystemImpl.java:startTimer(374)) - Scheduled Metric snapshot period at 10 second(s).
2019-08-29 08:12:49,920 [main] INFO  impl.MetricsSystemImpl (MetricsSystemImpl.java:start(191)) - StorageContainerManager metrics system started
2019-08-29 08:12:49,995 [main] INFO  server.SCMClientProtocolServer (SCMClientProtocolServer.java:start(151)) - RPC server for Client  is listening at /0.0.0.0:36453
2019-08-29 08:12:49,995 [IPC Server Responder] INFO  ipc.Server (Server.java:run(1314)) - IPC Server Responder: starting
2019-08-29 08:12:49,995 [IPC Server listener on 36453] INFO  ipc.Server (Server.java:run(1153)) - IPC Server listener on 36453: starting
2019-08-29 08:12:49,998 [main] INFO  server.StorageContainerManager (StorageContainerManager.java:start(771)) - ScmBlockLocationProtocol RPC server is listening at /0.0.0.0:33419
2019-08-29 08:12:49,998 [main] INFO  server.SCMBlockProtocolServer (SCMBlockProtocolServer.java:start(140)) - RPC server for Block Protocol is listening at /0.0.0.0:33419
2019-08-29 08:12:49,998 [IPC Server Responder] INFO  ipc.Server (Server.java:run(1314)) - IPC Server Responder: starting
2019-08-29 08:12:49,998 [IPC Server listener on 33419] INFO  ipc.Server (Server.java:run(1153)) - IPC Server listener on 33419: starting
2019-08-29 08:12:50,001 [main] INFO  server.StorageContainerManager (StorageContainerManager.java:start(775)) - ScmDatanodeProtocl RPC server is listening at /0.0.0.0:34114
2019-08-29 08:12:50,001 [main] INFO  server.SCMDatanodeProtocolServer (SCMDatanodeProtocolServer.java:start(191)) - RPC server for DataNodes is listening at /0.0.0.0:34114
2019-08-29 08:12:50,001 [IPC Server Responder] INFO  ipc.Server (Server.java:run(1314)) - IPC Server Responder: starting
2019-08-29 08:12:50,001 [IPC Server listener on 34114] INFO  ipc.Server (Server.java:run(1153)) - IPC Server listener on 34114: starting
2019-08-29 08:12:50,004 [main] INFO  http.HttpServer2 (HttpServer2.java:bindListener(1191)) - Jetty bound to port 41993
2019-08-29 08:12:50,004 [main] INFO  server.Server (Server.java:doStart(351)) - jetty-9.3.24.v20180605, build timestamp: 2018-06-05T17:11:56Z, git hash: 84205aa28f11a4f31f2a3b86d1bba2cc8ab69827
2019-08-29 08:12:50,005 [main] INFO  handler.ContextHandler (ContextHandler.java:doStart(781)) - Started o.e.j.s.ServletContextHandler@7c424dfe{/logs,file:///workdir/hadoop-ozone/integration-test/target/log,AVAILABLE}
2019-08-29 08:12:50,006 [main] INFO  handler.ContextHandler (ContextHandler.java:doStart(781)) - Started o.e.j.s.ServletContextHandler@16ac67e3{/static,file:///workdir/hadoop-ozone/integration-test/target/test-classes/webapps/static,AVAILABLE}
2019-08-29 08:12:50,035 [main] INFO  handler.ContextHandler (ContextHandler.java:doStart(781)) - Started o.e.j.w.WebAppContext@7e584f3c{/,file:///workdir/hadoop-ozone/integration-test/target/test-classes/webapps/scm/,AVAILABLE}{/scm}
2019-08-29 08:12:50,035 [main] INFO  server.AbstractConnector (AbstractConnector.java:doStart(278)) - Started ServerConnector@5f113867{HTTP/1.1,[http/1.1]}{0.0.0.0:41993}
2019-08-29 08:12:50,036 [main] INFO  server.Server (Server.java:doStart(419)) - Started @543760ms
2019-08-29 08:12:50,037 [main] INFO  server.BaseHttpServer (BaseHttpServer.java:updateConnectorAddress(213)) - HTTP server of SCM is listening at http://0.0.0.0:41993
2019-08-29 08:12:50,037 [main] WARN  server.ServerUtils (ServerUtils.java:getDBPath(222)) - ozone.om.db.dirs is not configured. We recommend adding this setting. Falling back to ozone.metadata.dirs instead.
2019-08-29 08:12:50,038 [org.apache.hadoop.util.JvmPauseMonitor$Monitor@54af9cce] INFO  util.JvmPauseMonitor (JvmPauseMonitor.java:run(188)) - Starting JVM pause monitor
2019-08-29 08:12:50,045 [main] WARN  server.ServerUtils (ServerUtils.java:getDBPath(222)) - ozone.om.db.dirs is not configured. We recommend adding this setting. Falling back to ozone.metadata.dirs instead.
2019-08-29 08:12:50,045 [main] WARN  server.ServerUtils (ServerUtils.java:getDBPath(222)) - ozone.om.db.dirs is not configured. We recommend adding this setting. Falling back to ozone.metadata.dirs instead.
2019-08-29 08:12:50,046 [main] INFO  om.OzoneManager (OzoneManager.java:setOMNodeDetails(645)) - OM Service ID is not set. Setting it to the default ID: omServiceIdDefault
2019-08-29 08:12:50,046 [main] INFO  om.OzoneManager (OzoneManager.java:setOMNodeDetails(651)) - OM Node ID is not set. Setting it to the OmStorage's OmID: a80adf07-cbae-4223-8302-6af06260ffe1
2019-08-29 08:12:50,046 [main] INFO  om.OzoneManager (OzoneManager.java:loadOMHAConfigs(602)) - Found matching OM address with OMServiceId: null, OMNodeId: null, RPC Address: localhost:0 and Ratis port: 9872
2019-08-29 08:12:50,050 | INFO  | SCMAudit | user=jenkins1000 | ip=192.168.34.54 | op=GET_SCM_INFO null | ret=SUCCESS |  
2019-08-29 08:12:50,052 [main] WARN  server.ServerUtils (ServerUtils.java:getDBPath(222)) - ozone.om.db.dirs is not configured. We recommend adding this setting. Falling back to ozone.metadata.dirs instead.
2019-08-29 08:12:50,052 [main] INFO  db.DBStoreBuilder (DBStoreBuilder.java:addTable(110)) - using custom profile for table: userTable
2019-08-29 08:12:50,052 [main] INFO  db.DBStoreBuilder (DBStoreBuilder.java:processTables(161)) - Using default column profile:DBProfile.DISK for Table:userTable
2019-08-29 08:12:50,053 [main] INFO  db.DBStoreBuilder (DBStoreBuilder.java:addTable(110)) - using custom profile for table: volumeTable
2019-08-29 08:12:50,053 [main] INFO  db.DBStoreBuilder (DBStoreBuilder.java:processTables(161)) - Using default column profile:DBProfile.DISK for Table:volumeTable
2019-08-29 08:12:50,053 [main] INFO  db.DBStoreBuilder (DBStoreBuilder.java:addTable(110)) - using custom profile for table: bucketTable
2019-08-29 08:12:50,053 [main] INFO  db.DBStoreBuilder (DBStoreBuilder.java:processTables(161)) - Using default column profile:DBProfile.DISK for Table:bucketTable
2019-08-29 08:12:50,054 [main] INFO  db.DBStoreBuilder (DBStoreBuilder.java:addTable(110)) - using custom profile for table: keyTable
2019-08-29 08:12:50,054 [main] INFO  db.DBStoreBuilder (DBStoreBuilder.java:processTables(161)) - Using default column profile:DBProfile.DISK for Table:keyTable
2019-08-29 08:12:50,054 [main] INFO  db.DBStoreBuilder (DBStoreBuilder.java:addTable(110)) - using custom profile for table: deletedTable
2019-08-29 08:12:50,054 [main] INFO  db.DBStoreBuilder (DBStoreBuilder.java:processTables(161)) - Using default column profile:DBProfile.DISK for Table:deletedTable
2019-08-29 08:12:50,055 [main] INFO  db.DBStoreBuilder (DBStoreBuilder.java:addTable(110)) - using custom profile for table: openKeyTable
2019-08-29 08:12:50,055 [main] INFO  db.DBStoreBuilder (DBStoreBuilder.java:processTables(161)) - Using default column profile:DBProfile.DISK for Table:openKeyTable
2019-08-29 08:12:50,055 [main] INFO  db.DBStoreBuilder (DBStoreBuilder.java:addTable(110)) - using custom profile for table: s3Table
2019-08-29 08:12:50,055 [main] INFO  db.DBStoreBuilder (DBStoreBuilder.java:processTables(161)) - Using default column profile:DBProfile.DISK for Table:s3Table
2019-08-29 08:12:50,056 [main] INFO  db.DBStoreBuilder (DBStoreBuilder.java:addTable(110)) - using custom profile for table: multipartInfoTable
2019-08-29 08:12:50,056 [main] INFO  db.DBStoreBuilder (DBStoreBuilder.java:processTables(161)) - Using default column profile:DBProfile.DISK for Table:multipartInfoTable
2019-08-29 08:12:50,056 [main] INFO  db.DBStoreBuilder (DBStoreBuilder.java:addTable(110)) - using custom profile for table: dTokenTable
2019-08-29 08:12:50,056 [main] INFO  db.DBStoreBuilder (DBStoreBuilder.java:processTables(161)) - Using default column profile:DBProfile.DISK for Table:dTokenTable
2019-08-29 08:12:50,057 [main] INFO  db.DBStoreBuilder (DBStoreBuilder.java:addTable(110)) - using custom profile for table: s3SecretTable
2019-08-29 08:12:50,057 [main] INFO  db.DBStoreBuilder (DBStoreBuilder.java:processTables(161)) - Using default column profile:DBProfile.DISK for Table:s3SecretTable
2019-08-29 08:12:50,057 [main] INFO  db.DBStoreBuilder (DBStoreBuilder.java:addTable(110)) - using custom profile for table: prefixTable
2019-08-29 08:12:50,057 [main] INFO  db.DBStoreBuilder (DBStoreBuilder.java:processTables(161)) - Using default column profile:DBProfile.DISK for Table:prefixTable
2019-08-29 08:12:50,058 [main] INFO  db.DBStoreBuilder (DBStoreBuilder.java:addTable(110)) - using custom profile for table: default
2019-08-29 08:12:50,058 [main] INFO  db.DBStoreBuilder (DBStoreBuilder.java:processTables(167)) - Using default column profile:DBProfile.DISK for Table:default
2019-08-29 08:12:50,058 [main] INFO  db.DBStoreBuilder (DBStoreBuilder.java:getDbProfile(198)) - Using default options. DBProfile.DISK
2019-08-29 08:12:50,524 [main] INFO  ipc.CallQueueManager (CallQueueManager.java:<init>(84)) - Using callQueue: class java.util.concurrent.LinkedBlockingQueue, queueCapacity: 2000, scheduler: class org.apache.hadoop.ipc.DefaultRpcScheduler, ipcBackoff: false.
2019-08-29 08:12:50,525 [Socket Reader #1 for port 37743] INFO  ipc.Server (Server.java:run(1074)) - Starting Socket Reader #1 for port 37743
2019-08-29 08:12:50,538 [main] INFO  om.OzoneManager (OzoneManager.java:start(1256)) - OzoneManager RPC server is listening at localhost/127.0.0.1:37743
2019-08-29 08:12:50,538 [main] INFO  impl.MetricsSystemImpl (MetricsSystemImpl.java:init(158)) - OzoneManager metrics system started (again)
2019-08-29 08:12:50,539 [IPC Server listener on 37743] INFO  ipc.Server (Server.java:run(1153)) - IPC Server listener on 37743: starting
2019-08-29 08:12:50,539 [IPC Server Responder] INFO  ipc.Server (Server.java:run(1314)) - IPC Server Responder: starting
2019-08-29 08:12:50,543 [main] INFO  hdfs.DFSUtil (DFSUtil.java:httpServerTemplateForNNAndJN(1641)) - Starting Web-server for ozoneManager at: http://0.0.0.0:0
2019-08-29 08:12:50,544 [main] INFO  server.AuthenticationFilter (AuthenticationFilter.java:constructSecretProvider(240)) - Unable to initialize FileSignerSecretProvider, falling back to use random secrets.
2019-08-29 08:12:50,544 [main] WARN  http.HttpRequestLog (HttpRequestLog.java:getRequestLog(97)) - Jetty request log can only be enabled using Log4j
2019-08-29 08:12:50,546 [main] INFO  http.HttpServer2 (HttpServer2.java:addGlobalFilter(975)) - Added global filter 'safety' (class=org.apache.hadoop.http.HttpServer2$QuotingInputFilter)
2019-08-29 08:12:50,546 [main] INFO  http.HttpServer2 (HttpServer2.java:addFilter(948)) - Added filter static_user_filter (class=org.apache.hadoop.http.lib.StaticUserWebFilter$StaticUserFilter) to context ozoneManager
2019-08-29 08:12:50,546 [main] INFO  http.HttpServer2 (HttpServer2.java:addFilter(958)) - Added filter static_user_filter (class=org.apache.hadoop.http.lib.StaticUserWebFilter$StaticUserFilter) to context logs
2019-08-29 08:12:50,546 [main] INFO  http.HttpServer2 (HttpServer2.java:addFilter(958)) - Added filter static_user_filter (class=org.apache.hadoop.http.lib.StaticUserWebFilter$StaticUserFilter) to context static
2019-08-29 08:12:50,547 [main] INFO  http.HttpServer2 (HttpServer2.java:bindListener(1191)) - Jetty bound to port 42602
2019-08-29 08:12:50,547 [main] INFO  server.Server (Server.java:doStart(351)) - jetty-9.3.24.v20180605, build timestamp: 2018-06-05T17:11:56Z, git hash: 84205aa28f11a4f31f2a3b86d1bba2cc8ab69827
2019-08-29 08:12:50,548 [main] INFO  handler.ContextHandler (ContextHandler.java:doStart(781)) - Started o.e.j.s.ServletContextHandler@4624e3d1{/logs,file:///workdir/hadoop-ozone/integration-test/target/log,AVAILABLE}
2019-08-29 08:12:50,549 [main] INFO  handler.ContextHandler (ContextHandler.java:doStart(781)) - Started o.e.j.s.ServletContextHandler@3181fbe7{/static,file:///workdir/hadoop-ozone/integration-test/target/test-classes/webapps/static,AVAILABLE}
2019-08-29 08:12:50,552 [main] INFO  handler.ContextHandler (ContextHandler.java:doStart(781)) - Started o.e.j.w.WebAppContext@5ba7391b{/,file:///workdir/hadoop-ozone/integration-test/target/test-classes/webapps/ozoneManager/,AVAILABLE}{/ozoneManager}
2019-08-29 08:12:50,552 [main] INFO  server.AbstractConnector (AbstractConnector.java:doStart(278)) - Started ServerConnector@475753dd{HTTP/1.1,[http/1.1]}{0.0.0.0:42602}
2019-08-29 08:12:50,553 [main] INFO  server.Server (Server.java:doStart(419)) - Started @544277ms
2019-08-29 08:12:50,554 [main] INFO  server.BaseHttpServer (BaseHttpServer.java:updateConnectorAddress(213)) - HTTP server of OZONEMANAGER is listening at http://0.0.0.0:42602
2019-08-29 08:12:50,566 [main] INFO  impl.MetricsSystemImpl (MetricsSystemImpl.java:init(158)) - HddsDatanode metrics system started (again)
2019-08-29 08:12:50,567 [main] INFO  ozone.HddsDatanodeService (HddsDatanodeService.java:start(184)) - HddsDatanodeService host:pr-hdds-1553-zhl8q-89899572 ip:192.168.34.54
2019-08-29 08:12:50,576 [main] INFO  volume.HddsVolume (HddsVolume.java:<init>(176)) - Creating Volume: /workdir/hadoop-ozone/integration-test/target/test-dir/MiniOzoneClusterImpl-2b6d929c-e003-4b1e-a690-bc78ed65c470/datanode-0/data/containers/hdds of  storage type : DISK and capacity : 1482555576320
2019-08-29 08:12:50,577 [main] INFO  volume.VolumeSet (VolumeSet.java:initializeVolumeSet(170)) - Added Volume : /workdir/hadoop-ozone/integration-test/target/test-dir/MiniOzoneClusterImpl-2b6d929c-e003-4b1e-a690-bc78ed65c470/datanode-0/data/containers/hdds to VolumeSet
2019-08-29 08:12:50,577 [main] INFO  volume.ThrottledAsyncChecker (ThrottledAsyncChecker.java:schedule(140)) - Scheduling a check for org.apache.hadoop.ozone.container.common.volume.HddsVolume@505bc480
2019-08-29 08:12:50,577 [main] INFO  volume.HddsVolumeChecker (HddsVolumeChecker.java:checkAllVolumes(203)) - Scheduled health check for volume org.apache.hadoop.ozone.container.common.volume.HddsVolume@505bc480
2019-08-29 08:12:50,589 [main] INFO  impl.RaftServerProxy (ConfUtils.java:logGet(43)) - raft.rpc.type = GRPC (default)
2019-08-29 08:12:50,590 [main] INFO  grpc.GrpcFactory (GrpcFactory.java:checkPooledByteBufAllocatorUseCacheForAllThreads(45)) - PERFORMANCE WARNING: useCacheForAllThreads is true that may cause Netty to create a lot garbage objects and, as a result, trigger GC.
	It is recommended to disable useCacheForAllThreads by setting -Dorg.apache.ratis.thirdparty.io.netty.allocator.useCacheForAllThreads=false in command line.
2019-08-29 08:12:50,590 [main] INFO  grpc.GrpcConfigKeys$Server (ConfUtils.java:logGet(43)) - raft.grpc.server.port = 0 (default)
2019-08-29 08:12:50,590 [main] INFO  server.GrpcService (ConfUtils.java:logGet(43)) - raft.grpc.message.size.max = 33570816 (custom)
2019-08-29 08:12:50,590 [main] INFO  server.RaftServerConfigKeys (ConfUtils.java:logGet(43)) - raft.server.log.appender.buffer.byte-limit = 33554432 (custom)
2019-08-29 08:12:50,590 [main] INFO  server.GrpcService (ConfUtils.java:logGet(43)) - raft.grpc.flow.control.window = 1MB (=1048576) (default)
2019-08-29 08:12:50,590 [main] INFO  server.RaftServerConfigKeys (ConfUtils.java:logGet(43)) - raft.server.rpc.request.timeout = 3000ms (default)
2019-08-29 08:12:50,591 [main] INFO  server.RaftServerConfigKeys (ConfUtils.java:logGet(43)) - raft.server.storage.dir = [/workdir/hadoop-ozone/integration-test/target/test-dir/MiniOzoneClusterImpl-2b6d929c-e003-4b1e-a690-bc78ed65c470/datanode-0/data/ratis] (custom)
2019-08-29 08:12:50,591 [main] INFO  replication.SimpleContainerDownloader (SimpleContainerDownloader.java:<init>(72)) - Starting container downloader service to copy containers to replicate.
2019-08-29 08:12:50,592 [main] INFO  hdfs.DFSUtil (DFSUtil.java:httpServerTemplateForNNAndJN(1641)) - Starting Web-server for hddsDatanode at: http://0.0.0.0:0
2019-08-29 08:12:50,594 [main] INFO  server.AuthenticationFilter (AuthenticationFilter.java:constructSecretProvider(240)) - Unable to initialize FileSignerSecretProvider, falling back to use random secrets.
2019-08-29 08:12:50,594 [main] WARN  http.HttpRequestLog (HttpRequestLog.java:getRequestLog(97)) - Jetty request log can only be enabled using Log4j
2019-08-29 08:12:50,595 [main] INFO  http.HttpServer2 (HttpServer2.java:addGlobalFilter(975)) - Added global filter 'safety' (class=org.apache.hadoop.http.HttpServer2$QuotingInputFilter)
2019-08-29 08:12:50,596 [main] INFO  http.HttpServer2 (HttpServer2.java:addFilter(948)) - Added filter static_user_filter (class=org.apache.hadoop.http.lib.StaticUserWebFilter$StaticUserFilter) to context hddsDatanode
2019-08-29 08:12:50,596 [main] INFO  http.HttpServer2 (HttpServer2.java:addFilter(958)) - Added filter static_user_filter (class=org.apache.hadoop.http.lib.StaticUserWebFilter$StaticUserFilter) to context logs
2019-08-29 08:12:50,596 [main] INFO  http.HttpServer2 (HttpServer2.java:addFilter(958)) - Added filter static_user_filter (class=org.apache.hadoop.http.lib.StaticUserWebFilter$StaticUserFilter) to context static
2019-08-29 08:12:50,597 [main] INFO  http.HttpServer2 (HttpServer2.java:bindListener(1191)) - Jetty bound to port 44708
2019-08-29 08:12:50,597 [main] INFO  server.Server (Server.java:doStart(351)) - jetty-9.3.24.v20180605, build timestamp: 2018-06-05T17:11:56Z, git hash: 84205aa28f11a4f31f2a3b86d1bba2cc8ab69827
2019-08-29 08:12:50,598 [main] INFO  handler.ContextHandler (ContextHandler.java:doStart(781)) - Started o.e.j.s.ServletContextHandler@2e729fea{/logs,file:///workdir/hadoop-ozone/integration-test/target/log,AVAILABLE}
2019-08-29 08:12:50,598 [main] INFO  handler.ContextHandler (ContextHandler.java:doStart(781)) - Started o.e.j.s.ServletContextHandler@6b26839d{/static,jar:file:/home/user/.m2/repository/org/apache/hadoop/hadoop-hdds-container-service/0.5.0-SNAPSHOT/hadoop-hdds-container-service-0.5.0-SNAPSHOT.jar!/webapps/static,AVAILABLE}
2019-08-29 08:12:50,626 [main] INFO  handler.ContextHandler (ContextHandler.java:doStart(781)) - Started o.e.j.w.WebAppContext@7e474bd{/,file:///tmp/jetty-0.0.0.0-44708-hddsDatanode-_-any-3093632217290986204.dir/webapp/,AVAILABLE}{/hddsDatanode}
2019-08-29 08:12:50,626 [main] INFO  server.AbstractConnector (AbstractConnector.java:doStart(278)) - Started ServerConnector@324ee3ca{HTTP/1.1,[http/1.1]}{0.0.0.0:44708}
2019-08-29 08:12:50,627 [main] INFO  server.Server (Server.java:doStart(419)) - Started @544351ms
2019-08-29 08:12:50,628 [main] INFO  server.BaseHttpServer (BaseHttpServer.java:updateConnectorAddress(213)) - HTTP server of HDDSDATANODE is listening at http://0.0.0.0:44708
2019-08-29 08:12:50,746 | INFO  | ObjectStoreRestHttpServer | Listening HDDS REST traffic on /0.0.0.0:42732 |  
2019-08-29 08:12:50,746 [main] INFO  ozone.HddsDatanodeService (HddsDatanodeService.java:startPlugins(395)) - Started plug-in org.apache.hadoop.ozone.web.OzoneHddsDatanodeService@996126b
2019-08-29 08:12:50,746 [main] INFO  impl.MetricsSystemImpl (MetricsSystemImpl.java:init(158)) - HddsDatanode metrics system started (again)
2019-08-29 08:12:50,748 [org.apache.hadoop.util.JvmPauseMonitor$Monitor@463ef667] INFO  util.JvmPauseMonitor (JvmPauseMonitor.java:run(188)) - Starting JVM pause monitor
2019-08-29 08:12:50,749 [main] INFO  ozone.HddsDatanodeService (HddsDatanodeService.java:start(184)) - HddsDatanodeService host:pr-hdds-1553-zhl8q-89899572 ip:192.168.34.54
2019-08-29 08:12:50,749 [Datanode State Machine Thread - 0] INFO  datanode.InitDatanodeState (InitDatanodeState.java:persistContainerDatanodeDetails(140)) - DatanodeDetails is persisted to /workdir/hadoop-ozone/integration-test/target/test-dir/MiniOzoneClusterImpl-2b6d929c-e003-4b1e-a690-bc78ed65c470/datanode-0/meta/datanode.id
2019-08-29 08:12:50,756 [main] INFO  volume.HddsVolume (HddsVolume.java:<init>(176)) - Creating Volume: /workdir/hadoop-ozone/integration-test/target/test-dir/MiniOzoneClusterImpl-2b6d929c-e003-4b1e-a690-bc78ed65c470/datanode-1/data/containers/hdds of  storage type : DISK and capacity : 1482555576320
2019-08-29 08:12:50,757 [main] INFO  volume.VolumeSet (VolumeSet.java:initializeVolumeSet(170)) - Added Volume : /workdir/hadoop-ozone/integration-test/target/test-dir/MiniOzoneClusterImpl-2b6d929c-e003-4b1e-a690-bc78ed65c470/datanode-1/data/containers/hdds to VolumeSet
2019-08-29 08:12:50,757 [main] INFO  volume.ThrottledAsyncChecker (ThrottledAsyncChecker.java:schedule(140)) - Scheduling a check for org.apache.hadoop.ozone.container.common.volume.HddsVolume@87276c4
2019-08-29 08:12:50,757 [main] INFO  volume.HddsVolumeChecker (HddsVolumeChecker.java:checkAllVolumes(203)) - Scheduled health check for volume org.apache.hadoop.ozone.container.common.volume.HddsVolume@87276c4
2019-08-29 08:12:50,771 [main] INFO  impl.RaftServerProxy (ConfUtils.java:logGet(43)) - raft.rpc.type = GRPC (default)
2019-08-29 08:12:50,771 [main] INFO  grpc.GrpcFactory (GrpcFactory.java:checkPooledByteBufAllocatorUseCacheForAllThreads(45)) - PERFORMANCE WARNING: useCacheForAllThreads is true that may cause Netty to create a lot garbage objects and, as a result, trigger GC.
	It is recommended to disable useCacheForAllThreads by setting -Dorg.apache.ratis.thirdparty.io.netty.allocator.useCacheForAllThreads=false in command line.
2019-08-29 08:12:50,771 [main] INFO  grpc.GrpcConfigKeys$Server (ConfUtils.java:logGet(43)) - raft.grpc.server.port = 0 (default)
2019-08-29 08:12:50,772 [main] INFO  server.GrpcService (ConfUtils.java:logGet(43)) - raft.grpc.message.size.max = 33570816 (custom)
2019-08-29 08:12:50,772 [main] INFO  server.RaftServerConfigKeys (ConfUtils.java:logGet(43)) - raft.server.log.appender.buffer.byte-limit = 33554432 (custom)
2019-08-29 08:12:50,772 [main] INFO  server.GrpcService (ConfUtils.java:logGet(43)) - raft.grpc.flow.control.window = 1MB (=1048576) (default)
2019-08-29 08:12:50,773 [main] INFO  server.RaftServerConfigKeys (ConfUtils.java:logGet(43)) - raft.server.rpc.request.timeout = 3000ms (default)
2019-08-29 08:12:50,773 [main] INFO  server.RaftServerConfigKeys (ConfUtils.java:logGet(43)) - raft.server.storage.dir = [/workdir/hadoop-ozone/integration-test/target/test-dir/MiniOzoneClusterImpl-2b6d929c-e003-4b1e-a690-bc78ed65c470/datanode-1/data/ratis] (custom)
2019-08-29 08:12:50,774 [main] INFO  replication.SimpleContainerDownloader (SimpleContainerDownloader.java:<init>(72)) - Starting container downloader service to copy containers to replicate.
2019-08-29 08:12:50,775 [main] INFO  hdfs.DFSUtil (DFSUtil.java:httpServerTemplateForNNAndJN(1641)) - Starting Web-server for hddsDatanode at: http://0.0.0.0:0
2019-08-29 08:12:50,776 [main] INFO  server.AuthenticationFilter (AuthenticationFilter.java:constructSecretProvider(240)) - Unable to initialize FileSignerSecretProvider, falling back to use random secrets.
2019-08-29 08:12:50,777 [main] WARN  http.HttpRequestLog (HttpRequestLog.java:getRequestLog(97)) - Jetty request log can only be enabled using Log4j
2019-08-29 08:12:50,778 [main] INFO  http.HttpServer2 (HttpServer2.java:addGlobalFilter(975)) - Added global filter 'safety' (class=org.apache.hadoop.http.HttpServer2$QuotingInputFilter)
2019-08-29 08:12:50,778 [main] INFO  http.HttpServer2 (HttpServer2.java:addFilter(948)) - Added filter static_user_filter (class=org.apache.hadoop.http.lib.StaticUserWebFilter$StaticUserFilter) to context hddsDatanode
2019-08-29 08:12:50,779 [main] INFO  http.HttpServer2 (HttpServer2.java:addFilter(958)) - Added filter static_user_filter (class=org.apache.hadoop.http.lib.StaticUserWebFilter$StaticUserFilter) to context logs
2019-08-29 08:12:50,779 [main] INFO  http.HttpServer2 (HttpServer2.java:addFilter(958)) - Added filter static_user_filter (class=org.apache.hadoop.http.lib.StaticUserWebFilter$StaticUserFilter) to context static
2019-08-29 08:12:50,779 [main] INFO  http.HttpServer2 (HttpServer2.java:bindListener(1191)) - Jetty bound to port 39189
2019-08-29 08:12:50,779 [main] INFO  server.Server (Server.java:doStart(351)) - jetty-9.3.24.v20180605, build timestamp: 2018-06-05T17:11:56Z, git hash: 84205aa28f11a4f31f2a3b86d1bba2cc8ab69827
2019-08-29 08:12:50,781 [main] INFO  handler.ContextHandler (ContextHandler.java:doStart(781)) - Started o.e.j.s.ServletContextHandler@c925ae1{/logs,file:///workdir/hadoop-ozone/integration-test/target/log,AVAILABLE}
2019-08-29 08:12:50,781 [main] INFO  handler.ContextHandler (ContextHandler.java:doStart(781)) - Started o.e.j.s.ServletContextHandler@92fa950{/static,jar:file:/home/user/.m2/repository/org/apache/hadoop/hadoop-hdds-container-service/0.5.0-SNAPSHOT/hadoop-hdds-container-service-0.5.0-SNAPSHOT.jar!/webapps/static,AVAILABLE}
2019-08-29 08:12:50,809 [main] INFO  handler.ContextHandler (ContextHandler.java:doStart(781)) - Started o.e.j.w.WebAppContext@6f5d292c{/,file:///tmp/jetty-0.0.0.0-39189-hddsDatanode-_-any-3267662555367379906.dir/webapp/,AVAILABLE}{/hddsDatanode}
2019-08-29 08:12:50,809 [main] INFO  server.AbstractConnector (AbstractConnector.java:doStart(278)) - Started ServerConnector@3c4940d2{HTTP/1.1,[http/1.1]}{0.0.0.0:39189}
2019-08-29 08:12:50,810 [main] INFO  server.Server (Server.java:doStart(419)) - Started @544535ms
2019-08-29 08:12:50,811 [main] INFO  server.BaseHttpServer (BaseHttpServer.java:updateConnectorAddress(213)) - HTTP server of HDDSDATANODE is listening at http://0.0.0.0:39189
2019-08-29 08:12:51,160 | INFO  | ObjectStoreRestHttpServer | Listening HDDS REST traffic on /0.0.0.0:37594 |  
2019-08-29 08:12:51,160 [main] INFO  ozone.HddsDatanodeService (HddsDatanodeService.java:startPlugins(395)) - Started plug-in org.apache.hadoop.ozone.web.OzoneHddsDatanodeService@40ff56f7
2019-08-29 08:12:51,160 [main] INFO  impl.MetricsSystemImpl (MetricsSystemImpl.java:init(158)) - HddsDatanode metrics system started (again)
2019-08-29 08:12:51,162 [org.apache.hadoop.util.JvmPauseMonitor$Monitor@770bb4dc] INFO  util.JvmPauseMonitor (JvmPauseMonitor.java:run(188)) - Starting JVM pause monitor
2019-08-29 08:12:51,163 [main] INFO  ozone.HddsDatanodeService (HddsDatanodeService.java:start(184)) - HddsDatanodeService host:pr-hdds-1553-zhl8q-89899572 ip:192.168.34.54
2019-08-29 08:12:51,163 [Datanode State Machine Thread - 0] INFO  datanode.InitDatanodeState (InitDatanodeState.java:persistContainerDatanodeDetails(140)) - DatanodeDetails is persisted to /workdir/hadoop-ozone/integration-test/target/test-dir/MiniOzoneClusterImpl-2b6d929c-e003-4b1e-a690-bc78ed65c470/datanode-1/meta/datanode.id
2019-08-29 08:12:51,170 [main] INFO  volume.HddsVolume (HddsVolume.java:<init>(176)) - Creating Volume: /workdir/hadoop-ozone/integration-test/target/test-dir/MiniOzoneClusterImpl-2b6d929c-e003-4b1e-a690-bc78ed65c470/datanode-2/data/containers/hdds of  storage type : DISK and capacity : 1482555576320
2019-08-29 08:12:51,170 [main] INFO  volume.VolumeSet (VolumeSet.java:initializeVolumeSet(170)) - Added Volume : /workdir/hadoop-ozone/integration-test/target/test-dir/MiniOzoneClusterImpl-2b6d929c-e003-4b1e-a690-bc78ed65c470/datanode-2/data/containers/hdds to VolumeSet
2019-08-29 08:12:51,171 [main] INFO  volume.ThrottledAsyncChecker (ThrottledAsyncChecker.java:schedule(140)) - Scheduling a check for org.apache.hadoop.ozone.container.common.volume.HddsVolume@c34fd2
2019-08-29 08:12:51,171 [main] INFO  volume.HddsVolumeChecker (HddsVolumeChecker.java:checkAllVolumes(203)) - Scheduled health check for volume org.apache.hadoop.ozone.container.common.volume.HddsVolume@c34fd2
2019-08-29 08:12:51,184 [main] INFO  impl.RaftServerProxy (ConfUtils.java:logGet(43)) - raft.rpc.type = GRPC (default)
2019-08-29 08:12:51,185 [main] INFO  grpc.GrpcFactory (GrpcFactory.java:checkPooledByteBufAllocatorUseCacheForAllThreads(45)) - PERFORMANCE WARNING: useCacheForAllThreads is true that may cause Netty to create a lot garbage objects and, as a result, trigger GC.
	It is recommended to disable useCacheForAllThreads by setting -Dorg.apache.ratis.thirdparty.io.netty.allocator.useCacheForAllThreads=false in command line.
2019-08-29 08:12:51,185 [main] INFO  grpc.GrpcConfigKeys$Server (ConfUtils.java:logGet(43)) - raft.grpc.server.port = 0 (default)
2019-08-29 08:12:51,185 [main] INFO  server.GrpcService (ConfUtils.java:logGet(43)) - raft.grpc.message.size.max = 33570816 (custom)
2019-08-29 08:12:51,185 [main] INFO  server.RaftServerConfigKeys (ConfUtils.java:logGet(43)) - raft.server.log.appender.buffer.byte-limit = 33554432 (custom)
2019-08-29 08:12:51,185 [main] INFO  server.GrpcService (ConfUtils.java:logGet(43)) - raft.grpc.flow.control.window = 1MB (=1048576) (default)
2019-08-29 08:12:51,185 [main] INFO  server.RaftServerConfigKeys (ConfUtils.java:logGet(43)) - raft.server.rpc.request.timeout = 3000ms (default)
2019-08-29 08:12:51,186 [main] INFO  server.RaftServerConfigKeys (ConfUtils.java:logGet(43)) - raft.server.storage.dir = [/workdir/hadoop-ozone/integration-test/target/test-dir/MiniOzoneClusterImpl-2b6d929c-e003-4b1e-a690-bc78ed65c470/datanode-2/data/ratis] (custom)
2019-08-29 08:12:51,186 [main] INFO  replication.SimpleContainerDownloader (SimpleContainerDownloader.java:<init>(72)) - Starting container downloader service to copy containers to replicate.
2019-08-29 08:12:51,188 [main] INFO  hdfs.DFSUtil (DFSUtil.java:httpServerTemplateForNNAndJN(1641)) - Starting Web-server for hddsDatanode at: http://0.0.0.0:0
2019-08-29 08:12:51,189 [main] INFO  server.AuthenticationFilter (AuthenticationFilter.java:constructSecretProvider(240)) - Unable to initialize FileSignerSecretProvider, falling back to use random secrets.
2019-08-29 08:12:51,190 [main] WARN  http.HttpRequestLog (HttpRequestLog.java:getRequestLog(97)) - Jetty request log can only be enabled using Log4j
2019-08-29 08:12:51,191 [main] INFO  http.HttpServer2 (HttpServer2.java:addGlobalFilter(975)) - Added global filter 'safety' (class=org.apache.hadoop.http.HttpServer2$QuotingInputFilter)
2019-08-29 08:12:51,192 [main] INFO  http.HttpServer2 (HttpServer2.java:addFilter(948)) - Added filter static_user_filter (class=org.apache.hadoop.http.lib.StaticUserWebFilter$StaticUserFilter) to context hddsDatanode
2019-08-29 08:12:51,192 [main] INFO  http.HttpServer2 (HttpServer2.java:addFilter(958)) - Added filter static_user_filter (class=org.apache.hadoop.http.lib.StaticUserWebFilter$StaticUserFilter) to context static
2019-08-29 08:12:51,192 [main] INFO  http.HttpServer2 (HttpServer2.java:addFilter(958)) - Added filter static_user_filter (class=org.apache.hadoop.http.lib.StaticUserWebFilter$StaticUserFilter) to context logs
2019-08-29 08:12:51,193 [main] INFO  http.HttpServer2 (HttpServer2.java:bindListener(1191)) - Jetty bound to port 40331
2019-08-29 08:12:51,193 [main] INFO  server.Server (Server.java:doStart(351)) - jetty-9.3.24.v20180605, build timestamp: 2018-06-05T17:11:56Z, git hash: 84205aa28f11a4f31f2a3b86d1bba2cc8ab69827
2019-08-29 08:12:51,195 [main] INFO  handler.ContextHandler (ContextHandler.java:doStart(781)) - Started o.e.j.s.ServletContextHandler@5f0c45ae{/logs,file:///workdir/hadoop-ozone/integration-test/target/log,AVAILABLE}
2019-08-29 08:12:51,196 [main] INFO  handler.ContextHandler (ContextHandler.java:doStart(781)) - Started o.e.j.s.ServletContextHandler@f1b006b{/static,jar:file:/home/user/.m2/repository/org/apache/hadoop/hadoop-hdds-container-service/0.5.0-SNAPSHOT/hadoop-hdds-container-service-0.5.0-SNAPSHOT.jar!/webapps/static,AVAILABLE}
2019-08-29 08:12:51,224 [main] INFO  handler.ContextHandler (ContextHandler.java:doStart(781)) - Started o.e.j.w.WebAppContext@29a51ff1{/,file:///tmp/jetty-0.0.0.0-40331-hddsDatanode-_-any-4148601862962532575.dir/webapp/,AVAILABLE}{/hddsDatanode}
2019-08-29 08:12:51,224 [main] INFO  server.AbstractConnector (AbstractConnector.java:doStart(278)) - Started ServerConnector@6dacde96{HTTP/1.1,[http/1.1]}{0.0.0.0:40331}
2019-08-29 08:12:51,226 [main] INFO  server.Server (Server.java:doStart(419)) - Started @544950ms
2019-08-29 08:12:51,227 [main] INFO  server.BaseHttpServer (BaseHttpServer.java:updateConnectorAddress(213)) - HTTP server of HDDSDATANODE is listening at http://0.0.0.0:40331
2019-08-29 08:12:51,336 | INFO  | ObjectStoreRestHttpServer | Listening HDDS REST traffic on /0.0.0.0:33504 |  
2019-08-29 08:12:51,336 [main] INFO  ozone.HddsDatanodeService (HddsDatanodeService.java:startPlugins(395)) - Started plug-in org.apache.hadoop.ozone.web.OzoneHddsDatanodeService@347770a9
2019-08-29 08:12:51,337 [main] INFO  impl.MetricsSystemImpl (MetricsSystemImpl.java:init(158)) - HddsDatanode metrics system started (again)
2019-08-29 08:12:51,339 [org.apache.hadoop.util.JvmPauseMonitor$Monitor@78b3872a] INFO  util.JvmPauseMonitor (JvmPauseMonitor.java:run(188)) - Starting JVM pause monitor
2019-08-29 08:12:51,340 [main] INFO  ozone.HddsDatanodeService (HddsDatanodeService.java:start(184)) - HddsDatanodeService host:pr-hdds-1553-zhl8q-89899572 ip:192.168.34.54
2019-08-29 08:12:51,341 [Datanode State Machine Thread - 0] INFO  datanode.InitDatanodeState (InitDatanodeState.java:persistContainerDatanodeDetails(140)) - DatanodeDetails is persisted to /workdir/hadoop-ozone/integration-test/target/test-dir/MiniOzoneClusterImpl-2b6d929c-e003-4b1e-a690-bc78ed65c470/datanode-2/meta/datanode.id
2019-08-29 08:12:51,350 [main] INFO  volume.HddsVolume (HddsVolume.java:<init>(176)) - Creating Volume: /workdir/hadoop-ozone/integration-test/target/test-dir/MiniOzoneClusterImpl-2b6d929c-e003-4b1e-a690-bc78ed65c470/datanode-3/data/containers/hdds of  storage type : DISK and capacity : 1482555576320
2019-08-29 08:12:51,350 [main] INFO  volume.VolumeSet (VolumeSet.java:initializeVolumeSet(170)) - Added Volume : /workdir/hadoop-ozone/integration-test/target/test-dir/MiniOzoneClusterImpl-2b6d929c-e003-4b1e-a690-bc78ed65c470/datanode-3/data/containers/hdds to VolumeSet
2019-08-29 08:12:51,350 [main] INFO  volume.ThrottledAsyncChecker (ThrottledAsyncChecker.java:schedule(140)) - Scheduling a check for org.apache.hadoop.ozone.container.common.volume.HddsVolume@375f276e
2019-08-29 08:12:51,351 [main] INFO  volume.HddsVolumeChecker (HddsVolumeChecker.java:checkAllVolumes(203)) - Scheduled health check for volume org.apache.hadoop.ozone.container.common.volume.HddsVolume@375f276e
2019-08-29 08:12:51,364 [main] INFO  impl.RaftServerProxy (ConfUtils.java:logGet(43)) - raft.rpc.type = GRPC (default)
2019-08-29 08:12:51,365 [main] INFO  grpc.GrpcFactory (GrpcFactory.java:checkPooledByteBufAllocatorUseCacheForAllThreads(45)) - PERFORMANCE WARNING: useCacheForAllThreads is true that may cause Netty to create a lot garbage objects and, as a result, trigger GC.
	It is recommended to disable useCacheForAllThreads by setting -Dorg.apache.ratis.thirdparty.io.netty.allocator.useCacheForAllThreads=false in command line.
2019-08-29 08:12:51,365 [main] INFO  grpc.GrpcConfigKeys$Server (ConfUtils.java:logGet(43)) - raft.grpc.server.port = 0 (default)
2019-08-29 08:12:51,365 [main] INFO  server.GrpcService (ConfUtils.java:logGet(43)) - raft.grpc.message.size.max = 33570816 (custom)
2019-08-29 08:12:51,366 [main] INFO  server.RaftServerConfigKeys (ConfUtils.java:logGet(43)) - raft.server.log.appender.buffer.byte-limit = 33554432 (custom)
2019-08-29 08:12:51,366 [main] INFO  server.GrpcService (ConfUtils.java:logGet(43)) - raft.grpc.flow.control.window = 1MB (=1048576) (default)
2019-08-29 08:12:51,366 [main] INFO  server.RaftServerConfigKeys (ConfUtils.java:logGet(43)) - raft.server.rpc.request.timeout = 3000ms (default)
2019-08-29 08:12:51,367 [main] INFO  server.RaftServerConfigKeys (ConfUtils.java:logGet(43)) - raft.server.storage.dir = [/workdir/hadoop-ozone/integration-test/target/test-dir/MiniOzoneClusterImpl-2b6d929c-e003-4b1e-a690-bc78ed65c470/datanode-3/data/ratis] (custom)
2019-08-29 08:12:51,367 [main] INFO  replication.SimpleContainerDownloader (SimpleContainerDownloader.java:<init>(72)) - Starting container downloader service to copy containers to replicate.
2019-08-29 08:12:51,368 [main] INFO  hdfs.DFSUtil (DFSUtil.java:httpServerTemplateForNNAndJN(1641)) - Starting Web-server for hddsDatanode at: http://0.0.0.0:0
2019-08-29 08:12:51,370 [main] INFO  server.AuthenticationFilter (AuthenticationFilter.java:constructSecretProvider(240)) - Unable to initialize FileSignerSecretProvider, falling back to use random secrets.
2019-08-29 08:12:51,371 [main] WARN  http.HttpRequestLog (HttpRequestLog.java:getRequestLog(97)) - Jetty request log can only be enabled using Log4j
2019-08-29 08:12:51,373 [main] INFO  http.HttpServer2 (HttpServer2.java:addGlobalFilter(975)) - Added global filter 'safety' (class=org.apache.hadoop.http.HttpServer2$QuotingInputFilter)
2019-08-29 08:12:51,373 [main] INFO  http.HttpServer2 (HttpServer2.java:addFilter(948)) - Added filter static_user_filter (class=org.apache.hadoop.http.lib.StaticUserWebFilter$StaticUserFilter) to context hddsDatanode
2019-08-29 08:12:51,373 [main] INFO  http.HttpServer2 (HttpServer2.java:addFilter(958)) - Added filter static_user_filter (class=org.apache.hadoop.http.lib.StaticUserWebFilter$StaticUserFilter) to context logs
2019-08-29 08:12:51,373 [main] INFO  http.HttpServer2 (HttpServer2.java:addFilter(958)) - Added filter static_user_filter (class=org.apache.hadoop.http.lib.StaticUserWebFilter$StaticUserFilter) to context static
2019-08-29 08:12:51,374 [main] INFO  http.HttpServer2 (HttpServer2.java:bindListener(1191)) - Jetty bound to port 40558
2019-08-29 08:12:51,374 [main] INFO  server.Server (Server.java:doStart(351)) - jetty-9.3.24.v20180605, build timestamp: 2018-06-05T17:11:56Z, git hash: 84205aa28f11a4f31f2a3b86d1bba2cc8ab69827
2019-08-29 08:12:51,376 [main] INFO  handler.ContextHandler (ContextHandler.java:doStart(781)) - Started o.e.j.s.ServletContextHandler@29fa465a{/logs,file:///workdir/hadoop-ozone/integration-test/target/log,AVAILABLE}
2019-08-29 08:12:51,377 [main] INFO  handler.ContextHandler (ContextHandler.java:doStart(781)) - Started o.e.j.s.ServletContextHandler@1d47b761{/static,jar:file:/home/user/.m2/repository/org/apache/hadoop/hadoop-hdds-container-service/0.5.0-SNAPSHOT/hadoop-hdds-container-service-0.5.0-SNAPSHOT.jar!/webapps/static,AVAILABLE}
2019-08-29 08:12:51,402 [main] INFO  handler.ContextHandler (ContextHandler.java:doStart(781)) - Started o.e.j.w.WebAppContext@747216b6{/,file:///tmp/jetty-0.0.0.0-40558-hddsDatanode-_-any-9186947175614426180.dir/webapp/,AVAILABLE}{/hddsDatanode}
2019-08-29 08:12:51,402 [main] INFO  server.AbstractConnector (AbstractConnector.java:doStart(278)) - Started ServerConnector@7ee6d5fd{HTTP/1.1,[http/1.1]}{0.0.0.0:40558}
2019-08-29 08:12:51,404 [main] INFO  server.Server (Server.java:doStart(419)) - Started @545128ms
2019-08-29 08:12:51,405 [main] INFO  server.BaseHttpServer (BaseHttpServer.java:updateConnectorAddress(213)) - HTTP server of HDDSDATANODE is listening at http://0.0.0.0:40558
2019-08-29 08:12:51,523 | INFO  | ObjectStoreRestHttpServer | Listening HDDS REST traffic on /0.0.0.0:40946 |  
2019-08-29 08:12:51,523 [main] INFO  ozone.HddsDatanodeService (HddsDatanodeService.java:startPlugins(395)) - Started plug-in org.apache.hadoop.ozone.web.OzoneHddsDatanodeService@2ca8bd50
2019-08-29 08:12:51,524 [main] INFO  impl.MetricsSystemImpl (MetricsSystemImpl.java:init(158)) - HddsDatanode metrics system started (again)
2019-08-29 08:12:51,526 [org.apache.hadoop.util.JvmPauseMonitor$Monitor@68fcc85e] INFO  util.JvmPauseMonitor (JvmPauseMonitor.java:run(188)) - Starting JVM pause monitor
2019-08-29 08:12:51,527 [main] INFO  ozone.HddsDatanodeService (HddsDatanodeService.java:start(184)) - HddsDatanodeService host:pr-hdds-1553-zhl8q-89899572 ip:192.168.34.54
2019-08-29 08:12:51,527 [Datanode State Machine Thread - 0] INFO  datanode.InitDatanodeState (InitDatanodeState.java:persistContainerDatanodeDetails(140)) - DatanodeDetails is persisted to /workdir/hadoop-ozone/integration-test/target/test-dir/MiniOzoneClusterImpl-2b6d929c-e003-4b1e-a690-bc78ed65c470/datanode-3/meta/datanode.id
2019-08-29 08:12:51,535 [main] INFO  volume.HddsVolume (HddsVolume.java:<init>(176)) - Creating Volume: /workdir/hadoop-ozone/integration-test/target/test-dir/MiniOzoneClusterImpl-2b6d929c-e003-4b1e-a690-bc78ed65c470/datanode-4/data/containers/hdds of  storage type : DISK and capacity : 1482555576320
2019-08-29 08:12:51,535 [main] INFO  volume.VolumeSet (VolumeSet.java:initializeVolumeSet(170)) - Added Volume : /workdir/hadoop-ozone/integration-test/target/test-dir/MiniOzoneClusterImpl-2b6d929c-e003-4b1e-a690-bc78ed65c470/datanode-4/data/containers/hdds to VolumeSet
2019-08-29 08:12:51,535 [main] INFO  volume.ThrottledAsyncChecker (ThrottledAsyncChecker.java:schedule(140)) - Scheduling a check for org.apache.hadoop.ozone.container.common.volume.HddsVolume@201f0e84
2019-08-29 08:12:51,536 [main] INFO  volume.HddsVolumeChecker (HddsVolumeChecker.java:checkAllVolumes(203)) - Scheduled health check for volume org.apache.hadoop.ozone.container.common.volume.HddsVolume@201f0e84
2019-08-29 08:12:51,548 [main] INFO  impl.RaftServerProxy (ConfUtils.java:logGet(43)) - raft.rpc.type = GRPC (default)
2019-08-29 08:12:51,549 [main] INFO  grpc.GrpcFactory (GrpcFactory.java:checkPooledByteBufAllocatorUseCacheForAllThreads(45)) - PERFORMANCE WARNING: useCacheForAllThreads is true that may cause Netty to create a lot garbage objects and, as a result, trigger GC.
	It is recommended to disable useCacheForAllThreads by setting -Dorg.apache.ratis.thirdparty.io.netty.allocator.useCacheForAllThreads=false in command line.
2019-08-29 08:12:51,549 [main] INFO  grpc.GrpcConfigKeys$Server (ConfUtils.java:logGet(43)) - raft.grpc.server.port = 0 (default)
2019-08-29 08:12:51,549 [main] INFO  server.GrpcService (ConfUtils.java:logGet(43)) - raft.grpc.message.size.max = 33570816 (custom)
2019-08-29 08:12:51,549 [main] INFO  server.RaftServerConfigKeys (ConfUtils.java:logGet(43)) - raft.server.log.appender.buffer.byte-limit = 33554432 (custom)
2019-08-29 08:12:51,549 [main] INFO  server.GrpcService (ConfUtils.java:logGet(43)) - raft.grpc.flow.control.window = 1MB (=1048576) (default)
2019-08-29 08:12:51,549 [main] INFO  server.RaftServerConfigKeys (ConfUtils.java:logGet(43)) - raft.server.rpc.request.timeout = 3000ms (default)
2019-08-29 08:12:51,550 [main] INFO  server.RaftServerConfigKeys (ConfUtils.java:logGet(43)) - raft.server.storage.dir = [/workdir/hadoop-ozone/integration-test/target/test-dir/MiniOzoneClusterImpl-2b6d929c-e003-4b1e-a690-bc78ed65c470/datanode-4/data/ratis] (custom)
2019-08-29 08:12:51,550 [main] INFO  replication.SimpleContainerDownloader (SimpleContainerDownloader.java:<init>(72)) - Starting container downloader service to copy containers to replicate.
2019-08-29 08:12:51,551 [main] INFO  hdfs.DFSUtil (DFSUtil.java:httpServerTemplateForNNAndJN(1641)) - Starting Web-server for hddsDatanode at: http://0.0.0.0:0
2019-08-29 08:12:51,553 [main] INFO  server.AuthenticationFilter (AuthenticationFilter.java:constructSecretProvider(240)) - Unable to initialize FileSignerSecretProvider, falling back to use random secrets.
2019-08-29 08:12:51,554 [main] WARN  http.HttpRequestLog (HttpRequestLog.java:getRequestLog(97)) - Jetty request log can only be enabled using Log4j
2019-08-29 08:12:51,555 [main] INFO  http.HttpServer2 (HttpServer2.java:addGlobalFilter(975)) - Added global filter 'safety' (class=org.apache.hadoop.http.HttpServer2$QuotingInputFilter)
2019-08-29 08:12:51,556 [main] INFO  http.HttpServer2 (HttpServer2.java:addFilter(948)) - Added filter static_user_filter (class=org.apache.hadoop.http.lib.StaticUserWebFilter$StaticUserFilter) to context hddsDatanode
2019-08-29 08:12:51,556 [main] INFO  http.HttpServer2 (HttpServer2.java:addFilter(958)) - Added filter static_user_filter (class=org.apache.hadoop.http.lib.StaticUserWebFilter$StaticUserFilter) to context static
2019-08-29 08:12:51,556 [main] INFO  http.HttpServer2 (HttpServer2.java:addFilter(958)) - Added filter static_user_filter (class=org.apache.hadoop.http.lib.StaticUserWebFilter$StaticUserFilter) to context logs
2019-08-29 08:12:51,557 [main] INFO  http.HttpServer2 (HttpServer2.java:bindListener(1191)) - Jetty bound to port 42240
2019-08-29 08:12:51,557 [main] INFO  server.Server (Server.java:doStart(351)) - jetty-9.3.24.v20180605, build timestamp: 2018-06-05T17:11:56Z, git hash: 84205aa28f11a4f31f2a3b86d1bba2cc8ab69827
2019-08-29 08:12:51,559 [main] INFO  handler.ContextHandler (ContextHandler.java:doStart(781)) - Started o.e.j.s.ServletContextHandler@6da6c10e{/logs,file:///workdir/hadoop-ozone/integration-test/target/log,AVAILABLE}
2019-08-29 08:12:51,559 [main] INFO  handler.ContextHandler (ContextHandler.java:doStart(781)) - Started o.e.j.s.ServletContextHandler@6419726f{/static,jar:file:/home/user/.m2/repository/org/apache/hadoop/hadoop-hdds-container-service/0.5.0-SNAPSHOT/hadoop-hdds-container-service-0.5.0-SNAPSHOT.jar!/webapps/static,AVAILABLE}
2019-08-29 08:12:51,637 [main] INFO  handler.ContextHandler (ContextHandler.java:doStart(781)) - Started o.e.j.w.WebAppContext@6a063931{/,file:///tmp/jetty-0.0.0.0-42240-hddsDatanode-_-any-6010594152209335057.dir/webapp/,AVAILABLE}{/hddsDatanode}
2019-08-29 08:12:51,638 [main] INFO  server.AbstractConnector (AbstractConnector.java:doStart(278)) - Started ServerConnector@9a932a4{HTTP/1.1,[http/1.1]}{0.0.0.0:42240}
2019-08-29 08:12:51,639 [main] INFO  server.Server (Server.java:doStart(419)) - Started @545363ms
2019-08-29 08:12:51,640 [main] INFO  server.BaseHttpServer (BaseHttpServer.java:updateConnectorAddress(213)) - HTTP server of HDDSDATANODE is listening at http://0.0.0.0:42240
2019-08-29 08:12:51,745 | INFO  | ObjectStoreRestHttpServer | Listening HDDS REST traffic on /0.0.0.0:42439 |  
2019-08-29 08:12:51,745 [main] INFO  ozone.HddsDatanodeService (HddsDatanodeService.java:startPlugins(395)) - Started plug-in org.apache.hadoop.ozone.web.OzoneHddsDatanodeService@5086e144
2019-08-29 08:12:51,745 [main] INFO  impl.MetricsSystemImpl (MetricsSystemImpl.java:init(158)) - HddsDatanode metrics system started (again)
2019-08-29 08:12:51,749 [org.apache.hadoop.util.JvmPauseMonitor$Monitor@4b1a5c1f] INFO  util.JvmPauseMonitor (JvmPauseMonitor.java:run(188)) - Starting JVM pause monitor
2019-08-29 08:12:51,749 [main] INFO  ozone.HddsDatanodeService (HddsDatanodeService.java:start(184)) - HddsDatanodeService host:pr-hdds-1553-zhl8q-89899572 ip:192.168.34.54
2019-08-29 08:12:51,750 [Datanode State Machine Thread - 0] INFO  datanode.InitDatanodeState (InitDatanodeState.java:persistContainerDatanodeDetails(140)) - DatanodeDetails is persisted to /workdir/hadoop-ozone/integration-test/target/test-dir/MiniOzoneClusterImpl-2b6d929c-e003-4b1e-a690-bc78ed65c470/datanode-4/meta/datanode.id
2019-08-29 08:12:51,757 [main] INFO  volume.HddsVolume (HddsVolume.java:<init>(176)) - Creating Volume: /workdir/hadoop-ozone/integration-test/target/test-dir/MiniOzoneClusterImpl-2b6d929c-e003-4b1e-a690-bc78ed65c470/datanode-5/data/containers/hdds of  storage type : DISK and capacity : 1482555576320
2019-08-29 08:12:51,757 [main] INFO  volume.VolumeSet (VolumeSet.java:initializeVolumeSet(170)) - Added Volume : /workdir/hadoop-ozone/integration-test/target/test-dir/MiniOzoneClusterImpl-2b6d929c-e003-4b1e-a690-bc78ed65c470/datanode-5/data/containers/hdds to VolumeSet
2019-08-29 08:12:51,757 [main] INFO  volume.ThrottledAsyncChecker (ThrottledAsyncChecker.java:schedule(140)) - Scheduling a check for org.apache.hadoop.ozone.container.common.volume.HddsVolume@184b24d4
2019-08-29 08:12:51,758 [main] INFO  volume.HddsVolumeChecker (HddsVolumeChecker.java:checkAllVolumes(203)) - Scheduled health check for volume org.apache.hadoop.ozone.container.common.volume.HddsVolume@184b24d4
2019-08-29 08:12:51,772 [main] INFO  impl.RaftServerProxy (ConfUtils.java:logGet(43)) - raft.rpc.type = GRPC (default)
2019-08-29 08:12:51,773 [main] INFO  grpc.GrpcFactory (GrpcFactory.java:checkPooledByteBufAllocatorUseCacheForAllThreads(45)) - PERFORMANCE WARNING: useCacheForAllThreads is true that may cause Netty to create a lot garbage objects and, as a result, trigger GC.
	It is recommended to disable useCacheForAllThreads by setting -Dorg.apache.ratis.thirdparty.io.netty.allocator.useCacheForAllThreads=false in command line.
2019-08-29 08:12:51,773 [main] INFO  grpc.GrpcConfigKeys$Server (ConfUtils.java:logGet(43)) - raft.grpc.server.port = 0 (default)
2019-08-29 08:12:51,773 [main] INFO  server.GrpcService (ConfUtils.java:logGet(43)) - raft.grpc.message.size.max = 33570816 (custom)
2019-08-29 08:12:51,773 [main] INFO  server.RaftServerConfigKeys (ConfUtils.java:logGet(43)) - raft.server.log.appender.buffer.byte-limit = 33554432 (custom)
2019-08-29 08:12:51,773 [main] INFO  server.GrpcService (ConfUtils.java:logGet(43)) - raft.grpc.flow.control.window = 1MB (=1048576) (default)
2019-08-29 08:12:51,774 [main] INFO  server.RaftServerConfigKeys (ConfUtils.java:logGet(43)) - raft.server.rpc.request.timeout = 3000ms (default)
2019-08-29 08:12:51,774 [main] INFO  server.RaftServerConfigKeys (ConfUtils.java:logGet(43)) - raft.server.storage.dir = [/workdir/hadoop-ozone/integration-test/target/test-dir/MiniOzoneClusterImpl-2b6d929c-e003-4b1e-a690-bc78ed65c470/datanode-5/data/ratis] (custom)
2019-08-29 08:12:51,774 [main] INFO  replication.SimpleContainerDownloader (SimpleContainerDownloader.java:<init>(72)) - Starting container downloader service to copy containers to replicate.
2019-08-29 08:12:51,780 [main] INFO  hdfs.DFSUtil (DFSUtil.java:httpServerTemplateForNNAndJN(1641)) - Starting Web-server for hddsDatanode at: http://0.0.0.0:0
2019-08-29 08:12:51,781 [main] INFO  server.AuthenticationFilter (AuthenticationFilter.java:constructSecretProvider(240)) - Unable to initialize FileSignerSecretProvider, falling back to use random secrets.
2019-08-29 08:12:51,782 [main] WARN  http.HttpRequestLog (HttpRequestLog.java:getRequestLog(97)) - Jetty request log can only be enabled using Log4j
2019-08-29 08:12:51,783 [main] INFO  http.HttpServer2 (HttpServer2.java:addGlobalFilter(975)) - Added global filter 'safety' (class=org.apache.hadoop.http.HttpServer2$QuotingInputFilter)
2019-08-29 08:12:51,783 [main] INFO  http.HttpServer2 (HttpServer2.java:addFilter(948)) - Added filter static_user_filter (class=org.apache.hadoop.http.lib.StaticUserWebFilter$StaticUserFilter) to context hddsDatanode
2019-08-29 08:12:51,783 [main] INFO  http.HttpServer2 (HttpServer2.java:addFilter(958)) - Added filter static_user_filter (class=org.apache.hadoop.http.lib.StaticUserWebFilter$StaticUserFilter) to context static
2019-08-29 08:12:51,783 [main] INFO  http.HttpServer2 (HttpServer2.java:addFilter(958)) - Added filter static_user_filter (class=org.apache.hadoop.http.lib.StaticUserWebFilter$StaticUserFilter) to context logs
2019-08-29 08:12:51,784 [main] INFO  http.HttpServer2 (HttpServer2.java:bindListener(1191)) - Jetty bound to port 45849
2019-08-29 08:12:51,784 [main] INFO  server.Server (Server.java:doStart(351)) - jetty-9.3.24.v20180605, build timestamp: 2018-06-05T17:11:56Z, git hash: 84205aa28f11a4f31f2a3b86d1bba2cc8ab69827
2019-08-29 08:12:51,785 [main] INFO  handler.ContextHandler (ContextHandler.java:doStart(781)) - Started o.e.j.s.ServletContextHandler@197bf5ef{/logs,file:///workdir/hadoop-ozone/integration-test/target/log,AVAILABLE}
2019-08-29 08:12:51,786 [main] INFO  handler.ContextHandler (ContextHandler.java:doStart(781)) - Started o.e.j.s.ServletContextHandler@19cc697c{/static,jar:file:/home/user/.m2/repository/org/apache/hadoop/hadoop-hdds-container-service/0.5.0-SNAPSHOT/hadoop-hdds-container-service-0.5.0-SNAPSHOT.jar!/webapps/static,AVAILABLE}
2019-08-29 08:12:51,808 [main] INFO  handler.ContextHandler (ContextHandler.java:doStart(781)) - Started o.e.j.w.WebAppContext@20d1737{/,file:///tmp/jetty-0.0.0.0-45849-hddsDatanode-_-any-5828695537719218051.dir/webapp/,AVAILABLE}{/hddsDatanode}
2019-08-29 08:12:51,808 [main] INFO  server.AbstractConnector (AbstractConnector.java:doStart(278)) - Started ServerConnector@5d96b0f{HTTP/1.1,[http/1.1]}{0.0.0.0:45849}
2019-08-29 08:12:51,810 [main] INFO  server.Server (Server.java:doStart(419)) - Started @545534ms
2019-08-29 08:12:51,810 [main] INFO  server.BaseHttpServer (BaseHttpServer.java:updateConnectorAddress(213)) - HTTP server of HDDSDATANODE is listening at http://0.0.0.0:45849
2019-08-29 08:12:51,942 | INFO  | ObjectStoreRestHttpServer | Listening HDDS REST traffic on /0.0.0.0:37881 |  
2019-08-29 08:12:51,942 [main] INFO  ozone.HddsDatanodeService (HddsDatanodeService.java:startPlugins(395)) - Started plug-in org.apache.hadoop.ozone.web.OzoneHddsDatanodeService@1c3b4de1
2019-08-29 08:12:51,942 [main] INFO  impl.MetricsSystemImpl (MetricsSystemImpl.java:init(158)) - HddsDatanode metrics system started (again)
2019-08-29 08:12:51,947 [org.apache.hadoop.util.JvmPauseMonitor$Monitor@63e0a11a] INFO  util.JvmPauseMonitor (JvmPauseMonitor.java:run(188)) - Starting JVM pause monitor
2019-08-29 08:12:51,947 [main] INFO  ozone.HddsDatanodeService (HddsDatanodeService.java:start(184)) - HddsDatanodeService host:pr-hdds-1553-zhl8q-89899572 ip:192.168.34.54
2019-08-29 08:12:51,948 [Datanode State Machine Thread - 0] INFO  datanode.InitDatanodeState (InitDatanodeState.java:persistContainerDatanodeDetails(140)) - DatanodeDetails is persisted to /workdir/hadoop-ozone/integration-test/target/test-dir/MiniOzoneClusterImpl-2b6d929c-e003-4b1e-a690-bc78ed65c470/datanode-5/meta/datanode.id
2019-08-29 08:12:51,956 [main] INFO  volume.HddsVolume (HddsVolume.java:<init>(176)) - Creating Volume: /workdir/hadoop-ozone/integration-test/target/test-dir/MiniOzoneClusterImpl-2b6d929c-e003-4b1e-a690-bc78ed65c470/datanode-6/data/containers/hdds of  storage type : DISK and capacity : 1482555576320
2019-08-29 08:12:51,956 [main] INFO  volume.VolumeSet (VolumeSet.java:initializeVolumeSet(170)) - Added Volume : /workdir/hadoop-ozone/integration-test/target/test-dir/MiniOzoneClusterImpl-2b6d929c-e003-4b1e-a690-bc78ed65c470/datanode-6/data/containers/hdds to VolumeSet
2019-08-29 08:12:51,956 [main] INFO  volume.ThrottledAsyncChecker (ThrottledAsyncChecker.java:schedule(140)) - Scheduling a check for org.apache.hadoop.ozone.container.common.volume.HddsVolume@628fa8ea
2019-08-29 08:12:51,957 [main] INFO  volume.HddsVolumeChecker (HddsVolumeChecker.java:checkAllVolumes(203)) - Scheduled health check for volume org.apache.hadoop.ozone.container.common.volume.HddsVolume@628fa8ea
2019-08-29 08:12:51,972 [main] INFO  impl.RaftServerProxy (ConfUtils.java:logGet(43)) - raft.rpc.type = GRPC (default)
2019-08-29 08:12:51,972 [main] INFO  grpc.GrpcFactory (GrpcFactory.java:checkPooledByteBufAllocatorUseCacheForAllThreads(45)) - PERFORMANCE WARNING: useCacheForAllThreads is true that may cause Netty to create a lot garbage objects and, as a result, trigger GC.
	It is recommended to disable useCacheForAllThreads by setting -Dorg.apache.ratis.thirdparty.io.netty.allocator.useCacheForAllThreads=false in command line.
2019-08-29 08:12:51,972 [main] INFO  grpc.GrpcConfigKeys$Server (ConfUtils.java:logGet(43)) - raft.grpc.server.port = 0 (default)
2019-08-29 08:12:51,973 [main] INFO  server.GrpcService (ConfUtils.java:logGet(43)) - raft.grpc.message.size.max = 33570816 (custom)
2019-08-29 08:12:51,973 [main] INFO  server.RaftServerConfigKeys (ConfUtils.java:logGet(43)) - raft.server.log.appender.buffer.byte-limit = 33554432 (custom)
2019-08-29 08:12:51,973 [main] INFO  server.GrpcService (ConfUtils.java:logGet(43)) - raft.grpc.flow.control.window = 1MB (=1048576) (default)
2019-08-29 08:12:51,973 [main] INFO  server.RaftServerConfigKeys (ConfUtils.java:logGet(43)) - raft.server.rpc.request.timeout = 3000ms (default)
2019-08-29 08:12:51,974 [main] INFO  server.RaftServerConfigKeys (ConfUtils.java:logGet(43)) - raft.server.storage.dir = [/workdir/hadoop-ozone/integration-test/target/test-dir/MiniOzoneClusterImpl-2b6d929c-e003-4b1e-a690-bc78ed65c470/datanode-6/data/ratis] (custom)
2019-08-29 08:12:51,974 [main] INFO  replication.SimpleContainerDownloader (SimpleContainerDownloader.java:<init>(72)) - Starting container downloader service to copy containers to replicate.
2019-08-29 08:12:51,975 [main] INFO  hdfs.DFSUtil (DFSUtil.java:httpServerTemplateForNNAndJN(1641)) - Starting Web-server for hddsDatanode at: http://0.0.0.0:0
2019-08-29 08:12:51,976 [main] INFO  server.AuthenticationFilter (AuthenticationFilter.java:constructSecretProvider(240)) - Unable to initialize FileSignerSecretProvider, falling back to use random secrets.
2019-08-29 08:12:51,977 [main] WARN  http.HttpRequestLog (HttpRequestLog.java:getRequestLog(97)) - Jetty request log can only be enabled using Log4j
2019-08-29 08:12:51,978 [main] INFO  http.HttpServer2 (HttpServer2.java:addGlobalFilter(975)) - Added global filter 'safety' (class=org.apache.hadoop.http.HttpServer2$QuotingInputFilter)
2019-08-29 08:12:51,978 [main] INFO  http.HttpServer2 (HttpServer2.java:addFilter(948)) - Added filter static_user_filter (class=org.apache.hadoop.http.lib.StaticUserWebFilter$StaticUserFilter) to context hddsDatanode
2019-08-29 08:12:51,979 [main] INFO  http.HttpServer2 (HttpServer2.java:addFilter(958)) - Added filter static_user_filter (class=org.apache.hadoop.http.lib.StaticUserWebFilter$StaticUserFilter) to context static
2019-08-29 08:12:51,979 [main] INFO  http.HttpServer2 (HttpServer2.java:addFilter(958)) - Added filter static_user_filter (class=org.apache.hadoop.http.lib.StaticUserWebFilter$StaticUserFilter) to context logs
2019-08-29 08:12:51,979 [main] INFO  http.HttpServer2 (HttpServer2.java:bindListener(1191)) - Jetty bound to port 34022
2019-08-29 08:12:51,979 [main] INFO  server.Server (Server.java:doStart(351)) - jetty-9.3.24.v20180605, build timestamp: 2018-06-05T17:11:56Z, git hash: 84205aa28f11a4f31f2a3b86d1bba2cc8ab69827
2019-08-29 08:12:51,981 [main] INFO  handler.ContextHandler (ContextHandler.java:doStart(781)) - Started o.e.j.s.ServletContextHandler@78b20c7f{/logs,file:///workdir/hadoop-ozone/integration-test/target/log,AVAILABLE}
2019-08-29 08:12:51,981 [main] INFO  handler.ContextHandler (ContextHandler.java:doStart(781)) - Started o.e.j.s.ServletContextHandler@14d5b2ac{/static,jar:file:/home/user/.m2/repository/org/apache/hadoop/hadoop-hdds-container-service/0.5.0-SNAPSHOT/hadoop-hdds-container-service-0.5.0-SNAPSHOT.jar!/webapps/static,AVAILABLE}
2019-08-29 08:12:52,019 [main] INFO  handler.ContextHandler (ContextHandler.java:doStart(781)) - Started o.e.j.w.WebAppContext@45da40ad{/,file:///tmp/jetty-0.0.0.0-34022-hddsDatanode-_-any-6123457066216516340.dir/webapp/,AVAILABLE}{/hddsDatanode}
2019-08-29 08:12:52,019 [main] INFO  server.AbstractConnector (AbstractConnector.java:doStart(278)) - Started ServerConnector@11f6a083{HTTP/1.1,[http/1.1]}{0.0.0.0:34022}
2019-08-29 08:12:52,019 [main] INFO  server.Server (Server.java:doStart(419)) - Started @545744ms
2019-08-29 08:12:52,025 [main] INFO  server.BaseHttpServer (BaseHttpServer.java:updateConnectorAddress(213)) - HTTP server of HDDSDATANODE is listening at http://0.0.0.0:34022
2019-08-29 08:12:52,136 | INFO  | ObjectStoreRestHttpServer | Listening HDDS REST traffic on /0.0.0.0:33433 |  
2019-08-29 08:12:52,137 [main] INFO  ozone.HddsDatanodeService (HddsDatanodeService.java:startPlugins(395)) - Started plug-in org.apache.hadoop.ozone.web.OzoneHddsDatanodeService@54a2ff94
2019-08-29 08:12:52,137 [main] INFO  ozone.MiniOzoneClusterImpl (MiniOzoneClusterImpl.java:lambda$waitForClusterToBeReady$0(142)) - Waiting for cluster to be ready. Got 0 of 7 DN Heartbeats.
2019-08-29 08:12:52,138 [org.apache.hadoop.util.JvmPauseMonitor$Monitor@692a39f4] INFO  util.JvmPauseMonitor (JvmPauseMonitor.java:run(188)) - Starting JVM pause monitor
2019-08-29 08:12:52,140 [Datanode State Machine Thread - 0] INFO  datanode.InitDatanodeState (InitDatanodeState.java:persistContainerDatanodeDetails(140)) - DatanodeDetails is persisted to /workdir/hadoop-ozone/integration-test/target/test-dir/MiniOzoneClusterImpl-2b6d929c-e003-4b1e-a690-bc78ed65c470/datanode-6/meta/datanode.id
2019-08-29 08:12:52,753 | INFO  | SCMAudit | user=jenkins1000 | ip=192.168.34.54 | op=GET_VERSION null | ret=SUCCESS |  
2019-08-29 08:12:52,797 [Datanode State Machine Thread - 0] INFO  ozoneimpl.OzoneContainer (OzoneContainer.java:start(186)) - Attempting to start container services.
2019-08-29 08:12:52,797 [Datanode State Machine Thread - 0] INFO  ozoneimpl.OzoneContainer (OzoneContainer.java:startContainerScrub(160)) - Background container scrubber has been disabled by hdds.containerscrub.enabled
2019-08-29 08:12:52,797 [Datanode State Machine Thread - 0] INFO  ratis.XceiverServerRatis (XceiverServerRatis.java:start(404)) - Starting XceiverServerRatis 701dcac2-413a-4112-9eef-a6503cb024bf at port 0
2019-08-29 08:12:52,804 [Datanode State Machine Thread - 0] INFO  impl.RaftServerProxy (RaftServerProxy.java:lambda$start$3(299)) - 701dcac2-413a-4112-9eef-a6503cb024bf: start RPC server
2019-08-29 08:12:52,807 [Datanode State Machine Thread - 0] INFO  server.GrpcService (GrpcService.java:startImpl(149)) - 701dcac2-413a-4112-9eef-a6503cb024bf: GrpcService started, listening on 0.0.0.0/0.0.0.0:43212
2019-08-29 08:12:52,807 [Datanode State Machine Thread - 0] INFO  ratis.XceiverServerRatis (XceiverServerRatis.java:start(414)) - XceiverServerRatis 701dcac2-413a-4112-9eef-a6503cb024bf is started using port 43212
2019-08-29 08:12:52,807 [Datanode State Machine Thread - 0] INFO  server.XceiverServerGrpc (XceiverServerGrpc.java:start(161)) - XceiverServerGrpc 701dcac2-413a-4112-9eef-a6503cb024bf is started using port 40724
2019-08-29 08:12:53,137 [main] INFO  ozone.MiniOzoneClusterImpl (MiniOzoneClusterImpl.java:lambda$waitForClusterToBeReady$0(142)) - Waiting for cluster to be ready. Got 0 of 7 DN Heartbeats.
2019-08-29 08:12:53,163 | INFO  | SCMAudit | user=jenkins1000 | ip=192.168.34.54 | op=GET_VERSION null | ret=SUCCESS |  
2019-08-29 08:12:53,178 [Datanode State Machine Thread - 0] INFO  ozoneimpl.OzoneContainer (OzoneContainer.java:start(186)) - Attempting to start container services.
2019-08-29 08:12:53,178 [Datanode State Machine Thread - 0] INFO  ozoneimpl.OzoneContainer (OzoneContainer.java:startContainerScrub(160)) - Background container scrubber has been disabled by hdds.containerscrub.enabled
2019-08-29 08:12:53,178 [Datanode State Machine Thread - 0] INFO  ratis.XceiverServerRatis (XceiverServerRatis.java:start(404)) - Starting XceiverServerRatis 2ba8cf83-fb49-4c0e-ac06-565332abd279 at port 0
2019-08-29 08:12:53,185 [Datanode State Machine Thread - 0] INFO  impl.RaftServerProxy (RaftServerProxy.java:lambda$start$3(299)) - 2ba8cf83-fb49-4c0e-ac06-565332abd279: start RPC server
2019-08-29 08:12:53,186 [Datanode State Machine Thread - 0] INFO  server.GrpcService (GrpcService.java:startImpl(149)) - 2ba8cf83-fb49-4c0e-ac06-565332abd279: GrpcService started, listening on 0.0.0.0/0.0.0.0:41136
2019-08-29 08:12:53,186 [Datanode State Machine Thread - 0] INFO  ratis.XceiverServerRatis (XceiverServerRatis.java:start(414)) - XceiverServerRatis 2ba8cf83-fb49-4c0e-ac06-565332abd279 is started using port 41136
2019-08-29 08:12:53,187 [Datanode State Machine Thread - 0] INFO  server.XceiverServerGrpc (XceiverServerGrpc.java:start(161)) - XceiverServerGrpc 2ba8cf83-fb49-4c0e-ac06-565332abd279 is started using port 41574
2019-08-29 08:12:53,341 | INFO  | SCMAudit | user=jenkins1000 | ip=192.168.34.54 | op=GET_VERSION null | ret=SUCCESS |  
2019-08-29 08:12:53,357 [Datanode State Machine Thread - 0] INFO  ozoneimpl.OzoneContainer (OzoneContainer.java:start(186)) - Attempting to start container services.
2019-08-29 08:12:53,358 [Datanode State Machine Thread - 0] INFO  ozoneimpl.OzoneContainer (OzoneContainer.java:startContainerScrub(160)) - Background container scrubber has been disabled by hdds.containerscrub.enabled
2019-08-29 08:12:53,358 [Datanode State Machine Thread - 0] INFO  ratis.XceiverServerRatis (XceiverServerRatis.java:start(404)) - Starting XceiverServerRatis 94fa760f-e64d-4170-ac7e-44ba98bd38f6 at port 0
2019-08-29 08:12:53,362 [Datanode State Machine Thread - 0] INFO  impl.RaftServerProxy (RaftServerProxy.java:lambda$start$3(299)) - 94fa760f-e64d-4170-ac7e-44ba98bd38f6: start RPC server
2019-08-29 08:12:53,363 [Datanode State Machine Thread - 0] INFO  server.GrpcService (GrpcService.java:startImpl(149)) - 94fa760f-e64d-4170-ac7e-44ba98bd38f6: GrpcService started, listening on 0.0.0.0/0.0.0.0:45848
2019-08-29 08:12:53,363 [Datanode State Machine Thread - 0] INFO  ratis.XceiverServerRatis (XceiverServerRatis.java:start(414)) - XceiverServerRatis 94fa760f-e64d-4170-ac7e-44ba98bd38f6 is started using port 45848
2019-08-29 08:12:53,364 [Datanode State Machine Thread - 0] INFO  server.XceiverServerGrpc (XceiverServerGrpc.java:start(161)) - XceiverServerGrpc 94fa760f-e64d-4170-ac7e-44ba98bd38f6 is started using port 43579
2019-08-29 08:12:53,526 | INFO  | SCMAudit | user=jenkins1000 | ip=192.168.34.54 | op=GET_VERSION null | ret=SUCCESS |  
2019-08-29 08:12:53,540 [Datanode State Machine Thread - 0] INFO  ozoneimpl.OzoneContainer (OzoneContainer.java:start(186)) - Attempting to start container services.
2019-08-29 08:12:53,541 [Datanode State Machine Thread - 0] INFO  ozoneimpl.OzoneContainer (OzoneContainer.java:startContainerScrub(160)) - Background container scrubber has been disabled by hdds.containerscrub.enabled
2019-08-29 08:12:53,541 [Datanode State Machine Thread - 0] INFO  ratis.XceiverServerRatis (XceiverServerRatis.java:start(404)) - Starting XceiverServerRatis 22940eff-9029-4e71-b915-5f2bfabaa31a at port 0
2019-08-29 08:12:53,546 [Datanode State Machine Thread - 0] INFO  impl.RaftServerProxy (RaftServerProxy.java:lambda$start$3(299)) - 22940eff-9029-4e71-b915-5f2bfabaa31a: start RPC server
2019-08-29 08:12:53,549 [Datanode State Machine Thread - 0] INFO  server.GrpcService (GrpcService.java:startImpl(149)) - 22940eff-9029-4e71-b915-5f2bfabaa31a: GrpcService started, listening on 0.0.0.0/0.0.0.0:43196
2019-08-29 08:12:53,549 [Datanode State Machine Thread - 0] INFO  ratis.XceiverServerRatis (XceiverServerRatis.java:start(414)) - XceiverServerRatis 22940eff-9029-4e71-b915-5f2bfabaa31a is started using port 43196
2019-08-29 08:12:53,549 [Datanode State Machine Thread - 0] INFO  server.XceiverServerGrpc (XceiverServerGrpc.java:start(161)) - XceiverServerGrpc 22940eff-9029-4e71-b915-5f2bfabaa31a is started using port 36870
2019-08-29 08:12:53,750 | INFO  | SCMAudit | user=jenkins1000 | ip=192.168.34.54 | op=GET_VERSION null | ret=SUCCESS |  
2019-08-29 08:12:53,764 [Datanode State Machine Thread - 0] INFO  ozoneimpl.OzoneContainer (OzoneContainer.java:start(186)) - Attempting to start container services.
2019-08-29 08:12:53,764 [Datanode State Machine Thread - 0] INFO  ozoneimpl.OzoneContainer (OzoneContainer.java:startContainerScrub(160)) - Background container scrubber has been disabled by hdds.containerscrub.enabled
2019-08-29 08:12:53,764 [Datanode State Machine Thread - 0] INFO  ratis.XceiverServerRatis (XceiverServerRatis.java:start(404)) - Starting XceiverServerRatis 86ac6034-f33a-4178-b5f5-7175dd4ad45b at port 0
2019-08-29 08:12:53,771 [Datanode State Machine Thread - 0] INFO  impl.RaftServerProxy (RaftServerProxy.java:lambda$start$3(299)) - 86ac6034-f33a-4178-b5f5-7175dd4ad45b: start RPC server
2019-08-29 08:12:53,774 [Datanode State Machine Thread - 0] INFO  server.GrpcService (GrpcService.java:startImpl(149)) - 86ac6034-f33a-4178-b5f5-7175dd4ad45b: GrpcService started, listening on 0.0.0.0/0.0.0.0:36522
2019-08-29 08:12:53,774 [Datanode State Machine Thread - 0] INFO  ratis.XceiverServerRatis (XceiverServerRatis.java:start(414)) - XceiverServerRatis 86ac6034-f33a-4178-b5f5-7175dd4ad45b is started using port 36522
2019-08-29 08:12:53,781 [Datanode State Machine Thread - 0] INFO  server.XceiverServerGrpc (XceiverServerGrpc.java:start(161)) - XceiverServerGrpc 86ac6034-f33a-4178-b5f5-7175dd4ad45b is started using port 33712
2019-08-29 08:12:53,948 | INFO  | SCMAudit | user=jenkins1000 | ip=192.168.34.54 | op=GET_VERSION null | ret=SUCCESS |  
2019-08-29 08:12:53,961 [Datanode State Machine Thread - 0] INFO  ozoneimpl.OzoneContainer (OzoneContainer.java:start(186)) - Attempting to start container services.
2019-08-29 08:12:53,962 [Datanode State Machine Thread - 0] INFO  ozoneimpl.OzoneContainer (OzoneContainer.java:startContainerScrub(160)) - Background container scrubber has been disabled by hdds.containerscrub.enabled
2019-08-29 08:12:53,962 [Datanode State Machine Thread - 0] INFO  ratis.XceiverServerRatis (XceiverServerRatis.java:start(404)) - Starting XceiverServerRatis 298a5c77-4e08-4cfb-ad26-b2dd8c1ae315 at port 0
2019-08-29 08:12:53,968 [Datanode State Machine Thread - 0] INFO  impl.RaftServerProxy (RaftServerProxy.java:lambda$start$3(299)) - 298a5c77-4e08-4cfb-ad26-b2dd8c1ae315: start RPC server
2019-08-29 08:12:53,971 [Datanode State Machine Thread - 0] INFO  server.GrpcService (GrpcService.java:startImpl(149)) - 298a5c77-4e08-4cfb-ad26-b2dd8c1ae315: GrpcService started, listening on 0.0.0.0/0.0.0.0:45490
2019-08-29 08:12:53,971 [Datanode State Machine Thread - 0] INFO  ratis.XceiverServerRatis (XceiverServerRatis.java:start(414)) - XceiverServerRatis 298a5c77-4e08-4cfb-ad26-b2dd8c1ae315 is started using port 45490
2019-08-29 08:12:53,971 [Datanode State Machine Thread - 0] INFO  server.XceiverServerGrpc (XceiverServerGrpc.java:start(161)) - XceiverServerGrpc 298a5c77-4e08-4cfb-ad26-b2dd8c1ae315 is started using port 38759
2019-08-29 08:12:54,138 [main] INFO  ozone.MiniOzoneClusterImpl (MiniOzoneClusterImpl.java:lambda$waitForClusterToBeReady$0(142)) - Waiting for cluster to be ready. Got 0 of 7 DN Heartbeats.
2019-08-29 08:12:54,139 | INFO  | SCMAudit | user=jenkins1000 | ip=192.168.34.54 | op=GET_VERSION null | ret=SUCCESS |  
2019-08-29 08:12:54,265 [Datanode State Machine Thread - 0] INFO  ozoneimpl.OzoneContainer (OzoneContainer.java:start(186)) - Attempting to start container services.
2019-08-29 08:12:54,266 [Datanode State Machine Thread - 0] INFO  ozoneimpl.OzoneContainer (OzoneContainer.java:startContainerScrub(160)) - Background container scrubber has been disabled by hdds.containerscrub.enabled
2019-08-29 08:12:54,266 [Datanode State Machine Thread - 0] INFO  ratis.XceiverServerRatis (XceiverServerRatis.java:start(404)) - Starting XceiverServerRatis f857bedd-aee7-4d2b-9918-46878ad86507 at port 0
2019-08-29 08:12:54,273 [Datanode State Machine Thread - 0] INFO  impl.RaftServerProxy (RaftServerProxy.java:lambda$start$3(299)) - f857bedd-aee7-4d2b-9918-46878ad86507: start RPC server
2019-08-29 08:12:54,276 [Datanode State Machine Thread - 0] INFO  server.GrpcService (GrpcService.java:startImpl(149)) - f857bedd-aee7-4d2b-9918-46878ad86507: GrpcService started, listening on 0.0.0.0/0.0.0.0:46112
2019-08-29 08:12:54,276 [Datanode State Machine Thread - 0] INFO  ratis.XceiverServerRatis (XceiverServerRatis.java:start(414)) - XceiverServerRatis f857bedd-aee7-4d2b-9918-46878ad86507 is started using port 46112
2019-08-29 08:12:54,277 [Datanode State Machine Thread - 0] INFO  server.XceiverServerGrpc (XceiverServerGrpc.java:start(161)) - XceiverServerGrpc f857bedd-aee7-4d2b-9918-46878ad86507 is started using port 41708
2019-08-29 08:12:54,752 [IPC Server handler 16 on 34114] INFO  net.NetworkTopology (NetworkTopologyImpl.java:add(110)) - Added a new node: /default-rack/701dcac2-413a-4112-9eef-a6503cb024bf
2019-08-29 08:12:54,753 [IPC Server handler 16 on 34114] INFO  node.SCMNodeManager (SCMNodeManager.java:register(273)) - Registered Data node : 701dcac2-413a-4112-9eef-a6503cb024bf{ip: 192.168.34.54, host: pr-hdds-1553-zhl8q-89899572, networkLocation: /default-rack, certSerialId: null}
2019-08-29 08:12:54,754 [EventQueue-NodeRegistrationContainerReportForDataNodeSafeModeRule] INFO  safemode.SCMSafeModeManager (DataNodeSafeModeRule.java:process(71)) - SCM in safe mode. 1 DataNodes registered, 1 required.
2019-08-29 08:12:54,754 | INFO  | SCMAudit | user=jenkins1000 | ip=192.168.34.54 | op=REGISTER {datanodeDetails=701dcac2-413a-4112-9eef-a6503cb024bf{ip: 192.168.34.54, host: pr-hdds-1553-zhl8q-89899572, networkLocation: /default-rack, certSerialId: null}} | ret=SUCCESS |  
2019-08-29 08:12:54,755 [EventQueue-NodeRegistrationContainerReportForDataNodeSafeModeRule] INFO  safemode.SCMSafeModeManager (SCMSafeModeManager.java:validateSafeModeExitRules(177)) - ScmSafeModeManager, all rules are successfully validated
2019-08-29 08:12:54,756 [EventQueue-NodeRegistrationContainerReportForDataNodeSafeModeRule] INFO  safemode.SCMSafeModeManager (SCMSafeModeManager.java:exitSafeMode(193)) - SCM exiting safe mode.
2019-08-29 08:12:54,772 [grpc-default-executor-7] INFO  impl.RaftServerProxy (RaftServerProxy.java:addNew(89)) - 701dcac2-413a-4112-9eef-a6503cb024bf: addNew group-CB9F650427B0:[701dcac2-413a-4112-9eef-a6503cb024bf:192.168.34.54:43212] returns group-CB9F650427B0:java.util.concurrent.CompletableFuture@53ce2b22[Not completed]
2019-08-29 08:12:54,773 [pool-439-thread-1] INFO  impl.RaftServerImpl (RaftServerImpl.java:<init>(93)) - 701dcac2-413a-4112-9eef-a6503cb024bf: new RaftServerImpl for group-CB9F650427B0:[701dcac2-413a-4112-9eef-a6503cb024bf:192.168.34.54:43212] with ContainerStateMachine:uninitialized
2019-08-29 08:12:54,773 [pool-439-thread-1] INFO  server.RaftServerConfigKeys (ConfUtils.java:logGet(43)) - raft.server.rpc.timeout.min = 5s (custom)
2019-08-29 08:12:54,773 [pool-439-thread-1] INFO  server.RaftServerConfigKeys (ConfUtils.java:logGet(43)) - raft.server.rpc.timeout.max = 5200ms (custom)
2019-08-29 08:12:54,774 [pool-439-thread-1] INFO  server.RaftServerConfigKeys (ConfUtils.java:logGet(43)) - raft.server.rpcslowness.timeout = 120s (custom)
2019-08-29 08:12:54,774 [pool-439-thread-1] INFO  server.RaftServerConfigKeys (ConfUtils.java:logGet(43)) - raft.server.sleep.deviation.threshold = 300 (default)
2019-08-29 08:12:54,774 [pool-439-thread-1] INFO  server.RaftServerConfigKeys (ConfUtils.java:logGet(43)) - raft.server.log.appender.install.snapshot.enabled = false (custom)
2019-08-29 08:12:54,774 [pool-439-thread-1] INFO  impl.RaftServerImpl (ServerState.java:<init>(105)) - 701dcac2-413a-4112-9eef-a6503cb024bf:group-CB9F650427B0 ConfigurationManager, init=-1: [701dcac2-413a-4112-9eef-a6503cb024bf:192.168.34.54:43212], old=null, confs=<EMPTY_MAP>
2019-08-29 08:12:54,774 [pool-439-thread-1] INFO  server.RaftServerConfigKeys (ConfUtils.java:logGet(43)) - raft.server.storage.dir = [/workdir/hadoop-ozone/integration-test/target/test-dir/MiniOzoneClusterImpl-2b6d929c-e003-4b1e-a690-bc78ed65c470/datanode-0/data/ratis] (custom)
2019-08-29 08:12:54,774 [pool-439-thread-1] INFO  storage.RaftStorageDirectory (RaftStorageDirectory.java:analyzeStorage(246)) - The storage directory /workdir/hadoop-ozone/integration-test/target/test-dir/MiniOzoneClusterImpl-2b6d929c-e003-4b1e-a690-bc78ed65c470/datanode-0/data/ratis/9c0094aa-3b88-4c99-9589-cb9f650427b0 does not exist. Creating ...
2019-08-29 08:12:54,787 [pool-439-thread-1] INFO  storage.RaftStorageDirectory (RaftStorageDirectory.java:tryLock(328)) - Lock on /workdir/hadoop-ozone/integration-test/target/test-dir/MiniOzoneClusterImpl-2b6d929c-e003-4b1e-a690-bc78ed65c470/datanode-0/data/ratis/9c0094aa-3b88-4c99-9589-cb9f650427b0/in_use.lock acquired by nodename 11171@pr-hdds-1553-zhl8q-89899572
2019-08-29 08:12:54,801 [pool-439-thread-1] INFO  storage.RaftStorage (RaftStorage.java:format(72)) - Storage directory /workdir/hadoop-ozone/integration-test/target/test-dir/MiniOzoneClusterImpl-2b6d929c-e003-4b1e-a690-bc78ed65c470/datanode-0/data/ratis/9c0094aa-3b88-4c99-9589-cb9f650427b0 has been successfully formatted.
2019-08-29 08:12:54,801 [pool-439-thread-1] INFO  ratis.ContainerStateMachine (ContainerStateMachine.java:loadSnapshot(226)) - group-CB9F650427B0: The snapshot info is null. Setting the last applied indexto:(t:0, i:~)
2019-08-29 08:12:54,801 [pool-439-thread-1] INFO  server.RaftServerConfigKeys (ConfUtils.java:logGet(43)) - raft.server.leader.election.timeout = 120s (custom)
2019-08-29 08:12:54,801 [pool-439-thread-1] INFO  server.RaftServerConfigKeys (ConfUtils.java:logGet(43)) - raft.server.log.use.memory = false (default)
2019-08-29 08:12:54,802 [pool-439-thread-1] INFO  server.RaftServerConfigKeys (ConfUtils.java:logGet(43)) - raft.server.log.purge.gap = 1000000 (custom)
2019-08-29 08:12:54,802 [pool-439-thread-1] INFO  server.RaftServerConfigKeys (ConfUtils.java:logGet(43)) - raft.server.log.appender.buffer.byte-limit = 33554432 (custom)
2019-08-29 08:12:54,802 [pool-439-thread-1] INFO  server.RaftServerConfigKeys (ConfUtils.java:logGet(43)) - raft.server.log.segment.size.max = 1048576 (custom)
2019-08-29 08:12:54,802 [pool-439-thread-1] INFO  server.RaftServerConfigKeys (ConfUtils.java:logGet(43)) - raft.server.log.segment.cache.num.max = 2 (custom)
2019-08-29 08:12:54,802 [pool-439-thread-1] INFO  segmented.SegmentedRaftLogWorker (SegmentedRaftLogWorker.java:<init>(172)) - new 701dcac2-413a-4112-9eef-a6503cb024bf-SegmentedRaftLogWorker:Storage Directory /workdir/hadoop-ozone/integration-test/target/test-dir/MiniOzoneClusterImpl-2b6d929c-e003-4b1e-a690-bc78ed65c470/datanode-0/data/ratis/9c0094aa-3b88-4c99-9589-cb9f650427b0 for RaftStorage:Storage Directory /workdir/hadoop-ozone/integration-test/target/test-dir/MiniOzoneClusterImpl-2b6d929c-e003-4b1e-a690-bc78ed65c470/datanode-0/data/ratis/9c0094aa-3b88-4c99-9589-cb9f650427b0
2019-08-29 08:12:54,803 [pool-439-thread-1] INFO  server.RaftServerConfigKeys (ConfUtils.java:logGet(43)) - raft.server.log.queue.byte-limit = 2147483647 (custom)
2019-08-29 08:12:54,803 [pool-439-thread-1] INFO  server.RaftServerConfigKeys (ConfUtils.java:logGet(43)) - raft.server.log.queue.element-limit = 1024 (custom)
2019-08-29 08:12:54,803 [pool-439-thread-1] INFO  server.RaftServerConfigKeys (ConfUtils.java:logGet(43)) - raft.server.log.segment.size.max = 1048576 (custom)
2019-08-29 08:12:54,803 [pool-439-thread-1] INFO  server.RaftServerConfigKeys (ConfUtils.java:logGet(43)) - raft.server.log.preallocated.size = 16384 (custom)
2019-08-29 08:12:54,804 [pool-439-thread-1] INFO  server.RaftServerConfigKeys (ConfUtils.java:logGet(43)) - raft.server.log.write.buffer.size = 33554432 (custom)
2019-08-29 08:12:54,804 [pool-439-thread-1] INFO  server.RaftServerConfigKeys (ConfUtils.java:logGet(43)) - raft.server.log.force.sync.num = 128 (default)
2019-08-29 08:12:54,804 [pool-439-thread-1] INFO  server.RaftServerConfigKeys (ConfUtils.java:logGet(43)) - raft.server.log.statemachine.data.sync = true (default)
2019-08-29 08:12:54,804 [pool-439-thread-1] INFO  server.RaftServerConfigKeys (ConfUtils.java:logGet(43)) - raft.server.log.statemachine.data.sync.timeout = 10s (default)
2019-08-29 08:12:54,804 [pool-439-thread-1] INFO  server.RaftServerConfigKeys (ConfUtils.java:logGet(43)) - raft.server.log.statemachine.data.sync.timeout.retry = -1 (default)
2019-08-29 08:12:54,805 [pool-439-thread-1] INFO  server.RaftServerConfigKeys (ConfUtils.java:logGet(43)) - raft.server.log.statemachine.data.caching.enabled = true (custom)
2019-08-29 08:12:54,805 [pool-439-thread-1] INFO  segmented.SegmentedRaftLogWorker (SegmentedRaftLogWorker.java:lambda$new$0(132)) - 701dcac2-413a-4112-9eef-a6503cb024bf-SegmentedRaftLogWorker:Storage Directory /workdir/hadoop-ozone/integration-test/target/test-dir/MiniOzoneClusterImpl-2b6d929c-e003-4b1e-a690-bc78ed65c470/datanode-0/data/ratis/9c0094aa-3b88-4c99-9589-cb9f650427b0: flushIndex: setUnconditionally 0 -> -1
2019-08-29 08:12:54,806 [pool-439-thread-1] INFO  server.RaftServerConfigKeys (ConfUtils.java:logGet(43)) - raft.server.snapshot.auto.trigger.enabled = true (custom)
2019-08-29 08:12:54,806 [pool-439-thread-1] INFO  server.RaftServerConfigKeys (ConfUtils.java:logGet(43)) - raft.server.snapshot.auto.trigger.threshold = 10000 (custom)
2019-08-29 08:12:54,806 [pool-439-thread-1] INFO  server.RaftServerConfigKeys (ConfUtils.java:logGet(43)) - raft.server.retrycache.expirytime = 600000ms (custom)
2019-08-29 08:12:54,806 [pool-439-thread-1] INFO  impl.RaftServerImpl (RaftServerImpl.java:start(180)) - 701dcac2-413a-4112-9eef-a6503cb024bf: start group-CB9F650427B0
2019-08-29 08:12:54,807 [pool-439-thread-1] INFO  impl.RaftServerImpl (RaftServerImpl.java:setRole(171)) - 701dcac2-413a-4112-9eef-a6503cb024bf:group-CB9F650427B0 changes role from null to FOLLOWER at term 0 for startAsFollower
2019-08-29 08:12:54,807 [pool-439-thread-1] INFO  impl.RoleInfo (RoleInfo.java:updateAndGet(143)) - 701dcac2-413a-4112-9eef-a6503cb024bf: start FollowerState
2019-08-29 08:12:54,817 [pool-439-thread-1] INFO  util.JmxRegister (JmxRegister.java:tryRegister(44)) - Successfully registered JMX Bean with object name Ratis:service=RaftServer,group=group-CB9F650427B0,id=701dcac2-413a-4112-9eef-a6503cb024bf
2019-08-29 08:12:54,827 [RatisPipelineUtilsThread] INFO  pipeline.PipelineStateManager (PipelineStateManager.java:addPipeline(56)) - Created pipeline Pipeline[ Id: 9c0094aa-3b88-4c99-9589-cb9f650427b0, Nodes: 701dcac2-413a-4112-9eef-a6503cb024bf{ip: 192.168.34.54, host: pr-hdds-1553-zhl8q-89899572, networkLocation: /default-rack, certSerialId: null}, Type:RATIS, Factor:ONE, State:OPEN]
2019-08-29 08:12:55,138 [main] INFO  ozone.MiniOzoneClusterImpl (MiniOzoneClusterImpl.java:lambda$waitForClusterToBeReady$0(142)) - Waiting for cluster to be ready. Got 1 of 7 DN Heartbeats.
2019-08-29 08:12:55,164 [IPC Server handler 18 on 34114] INFO  net.NetworkTopology (NetworkTopologyImpl.java:add(110)) - Added a new node: /default-rack/2ba8cf83-fb49-4c0e-ac06-565332abd279
2019-08-29 08:12:55,164 [IPC Server handler 18 on 34114] INFO  node.SCMNodeManager (SCMNodeManager.java:register(273)) - Registered Data node : 2ba8cf83-fb49-4c0e-ac06-565332abd279{ip: 192.168.34.54, host: pr-hdds-1553-zhl8q-89899572, networkLocation: /default-rack, certSerialId: null}
2019-08-29 08:12:55,165 | INFO  | SCMAudit | user=jenkins1000 | ip=192.168.34.54 | op=REGISTER {datanodeDetails=2ba8cf83-fb49-4c0e-ac06-565332abd279{ip: 192.168.34.54, host: pr-hdds-1553-zhl8q-89899572, networkLocation: /default-rack, certSerialId: null}} | ret=SUCCESS |  
2019-08-29 08:12:55,170 [grpc-default-executor-7] INFO  impl.RaftServerProxy (RaftServerProxy.java:addNew(89)) - 2ba8cf83-fb49-4c0e-ac06-565332abd279: addNew group-08B4C78BF4D4:[2ba8cf83-fb49-4c0e-ac06-565332abd279:192.168.34.54:41136] returns group-08B4C78BF4D4:java.util.concurrent.CompletableFuture@7f486095[Not completed]
2019-08-29 08:12:55,171 [pool-450-thread-1] INFO  impl.RaftServerImpl (RaftServerImpl.java:<init>(93)) - 2ba8cf83-fb49-4c0e-ac06-565332abd279: new RaftServerImpl for group-08B4C78BF4D4:[2ba8cf83-fb49-4c0e-ac06-565332abd279:192.168.34.54:41136] with ContainerStateMachine:uninitialized
2019-08-29 08:12:55,171 [pool-450-thread-1] INFO  server.RaftServerConfigKeys (ConfUtils.java:logGet(43)) - raft.server.rpc.timeout.min = 5s (custom)
2019-08-29 08:12:55,172 [pool-450-thread-1] INFO  server.RaftServerConfigKeys (ConfUtils.java:logGet(43)) - raft.server.rpc.timeout.max = 5200ms (custom)
2019-08-29 08:12:55,172 [pool-450-thread-1] INFO  server.RaftServerConfigKeys (ConfUtils.java:logGet(43)) - raft.server.rpcslowness.timeout = 120s (custom)
2019-08-29 08:12:55,172 [pool-450-thread-1] INFO  server.RaftServerConfigKeys (ConfUtils.java:logGet(43)) - raft.server.sleep.deviation.threshold = 300 (default)
2019-08-29 08:12:55,172 [pool-450-thread-1] INFO  server.RaftServerConfigKeys (ConfUtils.java:logGet(43)) - raft.server.log.appender.install.snapshot.enabled = false (custom)
2019-08-29 08:12:55,172 [pool-450-thread-1] INFO  impl.RaftServerImpl (ServerState.java:<init>(105)) - 2ba8cf83-fb49-4c0e-ac06-565332abd279:group-08B4C78BF4D4 ConfigurationManager, init=-1: [2ba8cf83-fb49-4c0e-ac06-565332abd279:192.168.34.54:41136], old=null, confs=<EMPTY_MAP>
2019-08-29 08:12:55,172 [pool-450-thread-1] INFO  server.RaftServerConfigKeys (ConfUtils.java:logGet(43)) - raft.server.storage.dir = [/workdir/hadoop-ozone/integration-test/target/test-dir/MiniOzoneClusterImpl-2b6d929c-e003-4b1e-a690-bc78ed65c470/datanode-1/data/ratis] (custom)
2019-08-29 08:12:55,172 [pool-450-thread-1] INFO  storage.RaftStorageDirectory (RaftStorageDirectory.java:analyzeStorage(246)) - The storage directory /workdir/hadoop-ozone/integration-test/target/test-dir/MiniOzoneClusterImpl-2b6d929c-e003-4b1e-a690-bc78ed65c470/datanode-1/data/ratis/eb4c9455-6a73-43f3-80f8-08b4c78bf4d4 does not exist. Creating ...
2019-08-29 08:12:55,186 [pool-450-thread-1] INFO  storage.RaftStorageDirectory (RaftStorageDirectory.java:tryLock(328)) - Lock on /workdir/hadoop-ozone/integration-test/target/test-dir/MiniOzoneClusterImpl-2b6d929c-e003-4b1e-a690-bc78ed65c470/datanode-1/data/ratis/eb4c9455-6a73-43f3-80f8-08b4c78bf4d4/in_use.lock acquired by nodename 11171@pr-hdds-1553-zhl8q-89899572
2019-08-29 08:12:55,199 [pool-450-thread-1] INFO  storage.RaftStorage (RaftStorage.java:format(72)) - Storage directory /workdir/hadoop-ozone/integration-test/target/test-dir/MiniOzoneClusterImpl-2b6d929c-e003-4b1e-a690-bc78ed65c470/datanode-1/data/ratis/eb4c9455-6a73-43f3-80f8-08b4c78bf4d4 has been successfully formatted.
2019-08-29 08:12:55,199 [pool-450-thread-1] INFO  ratis.ContainerStateMachine (ContainerStateMachine.java:loadSnapshot(226)) - group-08B4C78BF4D4: The snapshot info is null. Setting the last applied indexto:(t:0, i:~)
2019-08-29 08:12:55,199 [pool-450-thread-1] INFO  server.RaftServerConfigKeys (ConfUtils.java:logGet(43)) - raft.server.leader.election.timeout = 120s (custom)
2019-08-29 08:12:55,199 [pool-450-thread-1] INFO  server.RaftServerConfigKeys (ConfUtils.java:logGet(43)) - raft.server.log.use.memory = false (default)
2019-08-29 08:12:55,200 [pool-450-thread-1] INFO  server.RaftServerConfigKeys (ConfUtils.java:logGet(43)) - raft.server.log.purge.gap = 1000000 (custom)
2019-08-29 08:12:55,200 [pool-450-thread-1] INFO  server.RaftServerConfigKeys (ConfUtils.java:logGet(43)) - raft.server.log.appender.buffer.byte-limit = 33554432 (custom)
2019-08-29 08:12:55,200 [pool-450-thread-1] INFO  server.RaftServerConfigKeys (ConfUtils.java:logGet(43)) - raft.server.log.segment.size.max = 1048576 (custom)
2019-08-29 08:12:55,200 [pool-450-thread-1] INFO  server.RaftServerConfigKeys (ConfUtils.java:logGet(43)) - raft.server.log.segment.cache.num.max = 2 (custom)
2019-08-29 08:12:55,200 [pool-450-thread-1] INFO  segmented.SegmentedRaftLogWorker (SegmentedRaftLogWorker.java:<init>(172)) - new 2ba8cf83-fb49-4c0e-ac06-565332abd279-SegmentedRaftLogWorker:Storage Directory /workdir/hadoop-ozone/integration-test/target/test-dir/MiniOzoneClusterImpl-2b6d929c-e003-4b1e-a690-bc78ed65c470/datanode-1/data/ratis/eb4c9455-6a73-43f3-80f8-08b4c78bf4d4 for RaftStorage:Storage Directory /workdir/hadoop-ozone/integration-test/target/test-dir/MiniOzoneClusterImpl-2b6d929c-e003-4b1e-a690-bc78ed65c470/datanode-1/data/ratis/eb4c9455-6a73-43f3-80f8-08b4c78bf4d4
2019-08-29 08:12:55,200 [pool-450-thread-1] INFO  server.RaftServerConfigKeys (ConfUtils.java:logGet(43)) - raft.server.log.queue.byte-limit = 2147483647 (custom)
2019-08-29 08:12:55,200 [pool-450-thread-1] INFO  server.RaftServerConfigKeys (ConfUtils.java:logGet(43)) - raft.server.log.queue.element-limit = 1024 (custom)
2019-08-29 08:12:55,200 [pool-450-thread-1] INFO  server.RaftServerConfigKeys (ConfUtils.java:logGet(43)) - raft.server.log.segment.size.max = 1048576 (custom)
2019-08-29 08:12:55,200 [pool-450-thread-1] INFO  server.RaftServerConfigKeys (ConfUtils.java:logGet(43)) - raft.server.log.preallocated.size = 16384 (custom)
2019-08-29 08:12:55,201 [pool-450-thread-1] INFO  server.RaftServerConfigKeys (ConfUtils.java:logGet(43)) - raft.server.log.write.buffer.size = 33554432 (custom)
2019-08-29 08:12:55,201 [pool-450-thread-1] INFO  server.RaftServerConfigKeys (ConfUtils.java:logGet(43)) - raft.server.log.force.sync.num = 128 (default)
2019-08-29 08:12:55,201 [pool-450-thread-1] INFO  server.RaftServerConfigKeys (ConfUtils.java:logGet(43)) - raft.server.log.statemachine.data.sync = true (default)
2019-08-29 08:12:55,201 [pool-450-thread-1] INFO  server.RaftServerConfigKeys (ConfUtils.java:logGet(43)) - raft.server.log.statemachine.data.sync.timeout = 10s (default)
2019-08-29 08:12:55,201 [pool-450-thread-1] INFO  server.RaftServerConfigKeys (ConfUtils.java:logGet(43)) - raft.server.log.statemachine.data.sync.timeout.retry = -1 (default)
2019-08-29 08:12:55,201 [pool-450-thread-1] INFO  server.RaftServerConfigKeys (ConfUtils.java:logGet(43)) - raft.server.log.statemachine.data.caching.enabled = true (custom)
2019-08-29 08:12:55,201 [pool-450-thread-1] INFO  segmented.SegmentedRaftLogWorker (SegmentedRaftLogWorker.java:lambda$new$0(132)) - 2ba8cf83-fb49-4c0e-ac06-565332abd279-SegmentedRaftLogWorker:Storage Directory /workdir/hadoop-ozone/integration-test/target/test-dir/MiniOzoneClusterImpl-2b6d929c-e003-4b1e-a690-bc78ed65c470/datanode-1/data/ratis/eb4c9455-6a73-43f3-80f8-08b4c78bf4d4: flushIndex: setUnconditionally 0 -> -1
2019-08-29 08:12:55,202 [pool-450-thread-1] INFO  server.RaftServerConfigKeys (ConfUtils.java:logGet(43)) - raft.server.snapshot.auto.trigger.enabled = true (custom)
2019-08-29 08:12:55,202 [pool-450-thread-1] INFO  server.RaftServerConfigKeys (ConfUtils.java:logGet(43)) - raft.server.snapshot.auto.trigger.threshold = 10000 (custom)
2019-08-29 08:12:55,202 [pool-450-thread-1] INFO  server.RaftServerConfigKeys (ConfUtils.java:logGet(43)) - raft.server.retrycache.expirytime = 600000ms (custom)
2019-08-29 08:12:55,202 [pool-450-thread-1] INFO  impl.RaftServerImpl (RaftServerImpl.java:start(180)) - 2ba8cf83-fb49-4c0e-ac06-565332abd279: start group-08B4C78BF4D4
2019-08-29 08:12:55,202 [pool-450-thread-1] INFO  impl.RaftServerImpl (RaftServerImpl.java:setRole(171)) - 2ba8cf83-fb49-4c0e-ac06-565332abd279:group-08B4C78BF4D4 changes role from null to FOLLOWER at term 0 for startAsFollower
2019-08-29 08:12:55,202 [pool-450-thread-1] INFO  impl.RoleInfo (RoleInfo.java:updateAndGet(143)) - 2ba8cf83-fb49-4c0e-ac06-565332abd279: start FollowerState
2019-08-29 08:12:55,202 [pool-450-thread-1] INFO  util.JmxRegister (JmxRegister.java:tryRegister(44)) - Successfully registered JMX Bean with object name Ratis:service=RaftServer,group=group-08B4C78BF4D4,id=2ba8cf83-fb49-4c0e-ac06-565332abd279
2019-08-29 08:12:55,205 [RatisPipelineUtilsThread] INFO  pipeline.PipelineStateManager (PipelineStateManager.java:addPipeline(56)) - Created pipeline Pipeline[ Id: eb4c9455-6a73-43f3-80f8-08b4c78bf4d4, Nodes: 2ba8cf83-fb49-4c0e-ac06-565332abd279{ip: 192.168.34.54, host: pr-hdds-1553-zhl8q-89899572, networkLocation: /default-rack, certSerialId: null}, Type:RATIS, Factor:ONE, State:OPEN]
2019-08-29 08:12:55,342 [IPC Server handler 17 on 34114] INFO  net.NetworkTopology (NetworkTopologyImpl.java:add(110)) - Added a new node: /default-rack/94fa760f-e64d-4170-ac7e-44ba98bd38f6
2019-08-29 08:12:55,342 [IPC Server handler 17 on 34114] INFO  node.SCMNodeManager (SCMNodeManager.java:register(273)) - Registered Data node : 94fa760f-e64d-4170-ac7e-44ba98bd38f6{ip: 192.168.34.54, host: pr-hdds-1553-zhl8q-89899572, networkLocation: /default-rack, certSerialId: null}
2019-08-29 08:12:55,342 | INFO  | SCMAudit | user=jenkins1000 | ip=192.168.34.54 | op=REGISTER {datanodeDetails=94fa760f-e64d-4170-ac7e-44ba98bd38f6{ip: 192.168.34.54, host: pr-hdds-1553-zhl8q-89899572, networkLocation: /default-rack, certSerialId: null}} | ret=SUCCESS |  
2019-08-29 08:12:55,348 [grpc-default-executor-7] INFO  impl.RaftServerProxy (RaftServerProxy.java:addNew(89)) - 94fa760f-e64d-4170-ac7e-44ba98bd38f6: addNew group-7D09CC453C2E:[94fa760f-e64d-4170-ac7e-44ba98bd38f6:192.168.34.54:45848] returns group-7D09CC453C2E:java.util.concurrent.CompletableFuture@5e8605ed[Not completed]
2019-08-29 08:12:55,349 [pool-461-thread-1] INFO  impl.RaftServerImpl (RaftServerImpl.java:<init>(93)) - 94fa760f-e64d-4170-ac7e-44ba98bd38f6: new RaftServerImpl for group-7D09CC453C2E:[94fa760f-e64d-4170-ac7e-44ba98bd38f6:192.168.34.54:45848] with ContainerStateMachine:uninitialized
2019-08-29 08:12:55,349 [pool-461-thread-1] INFO  server.RaftServerConfigKeys (ConfUtils.java:logGet(43)) - raft.server.rpc.timeout.min = 5s (custom)
2019-08-29 08:12:55,349 [pool-461-thread-1] INFO  server.RaftServerConfigKeys (ConfUtils.java:logGet(43)) - raft.server.rpc.timeout.max = 5200ms (custom)
2019-08-29 08:12:55,349 [pool-461-thread-1] INFO  server.RaftServerConfigKeys (ConfUtils.java:logGet(43)) - raft.server.rpcslowness.timeout = 120s (custom)
2019-08-29 08:12:55,349 [pool-461-thread-1] INFO  server.RaftServerConfigKeys (ConfUtils.java:logGet(43)) - raft.server.sleep.deviation.threshold = 300 (default)
2019-08-29 08:12:55,349 [pool-461-thread-1] INFO  server.RaftServerConfigKeys (ConfUtils.java:logGet(43)) - raft.server.log.appender.install.snapshot.enabled = false (custom)
2019-08-29 08:12:55,349 [pool-461-thread-1] INFO  impl.RaftServerImpl (ServerState.java:<init>(105)) - 94fa760f-e64d-4170-ac7e-44ba98bd38f6:group-7D09CC453C2E ConfigurationManager, init=-1: [94fa760f-e64d-4170-ac7e-44ba98bd38f6:192.168.34.54:45848], old=null, confs=<EMPTY_MAP>
2019-08-29 08:12:55,349 [pool-461-thread-1] INFO  server.RaftServerConfigKeys (ConfUtils.java:logGet(43)) - raft.server.storage.dir = [/workdir/hadoop-ozone/integration-test/target/test-dir/MiniOzoneClusterImpl-2b6d929c-e003-4b1e-a690-bc78ed65c470/datanode-2/data/ratis] (custom)
2019-08-29 08:12:55,350 [pool-461-thread-1] INFO  storage.RaftStorageDirectory (RaftStorageDirectory.java:analyzeStorage(246)) - The storage directory /workdir/hadoop-ozone/integration-test/target/test-dir/MiniOzoneClusterImpl-2b6d929c-e003-4b1e-a690-bc78ed65c470/datanode-2/data/ratis/cba26b7a-8e87-4b5b-b722-7d09cc453c2e does not exist. Creating ...
2019-08-29 08:12:55,382 [pool-461-thread-1] INFO  storage.RaftStorageDirectory (RaftStorageDirectory.java:tryLock(328)) - Lock on /workdir/hadoop-ozone/integration-test/target/test-dir/MiniOzoneClusterImpl-2b6d929c-e003-4b1e-a690-bc78ed65c470/datanode-2/data/ratis/cba26b7a-8e87-4b5b-b722-7d09cc453c2e/in_use.lock acquired by nodename 11171@pr-hdds-1553-zhl8q-89899572
2019-08-29 08:12:55,403 [pool-461-thread-1] INFO  storage.RaftStorage (RaftStorage.java:format(72)) - Storage directory /workdir/hadoop-ozone/integration-test/target/test-dir/MiniOzoneClusterImpl-2b6d929c-e003-4b1e-a690-bc78ed65c470/datanode-2/data/ratis/cba26b7a-8e87-4b5b-b722-7d09cc453c2e has been successfully formatted.
2019-08-29 08:12:55,403 [pool-461-thread-1] INFO  ratis.ContainerStateMachine (ContainerStateMachine.java:loadSnapshot(226)) - group-7D09CC453C2E: The snapshot info is null. Setting the last applied indexto:(t:0, i:~)
2019-08-29 08:12:55,404 [pool-461-thread-1] INFO  server.RaftServerConfigKeys (ConfUtils.java:logGet(43)) - raft.server.leader.election.timeout = 120s (custom)
2019-08-29 08:12:55,404 [pool-461-thread-1] INFO  server.RaftServerConfigKeys (ConfUtils.java:logGet(43)) - raft.server.log.use.memory = false (default)
2019-08-29 08:12:55,404 [pool-461-thread-1] INFO  server.RaftServerConfigKeys (ConfUtils.java:logGet(43)) - raft.server.log.purge.gap = 1000000 (custom)
2019-08-29 08:12:55,404 [pool-461-thread-1] INFO  server.RaftServerConfigKeys (ConfUtils.java:logGet(43)) - raft.server.log.appender.buffer.byte-limit = 33554432 (custom)
2019-08-29 08:12:55,404 [pool-461-thread-1] INFO  server.RaftServerConfigKeys (ConfUtils.java:logGet(43)) - raft.server.log.segment.size.max = 1048576 (custom)
2019-08-29 08:12:55,404 [pool-461-thread-1] INFO  server.RaftServerConfigKeys (ConfUtils.java:logGet(43)) - raft.server.log.segment.cache.num.max = 2 (custom)
2019-08-29 08:12:55,405 [pool-461-thread-1] INFO  segmented.SegmentedRaftLogWorker (SegmentedRaftLogWorker.java:<init>(172)) - new 94fa760f-e64d-4170-ac7e-44ba98bd38f6-SegmentedRaftLogWorker:Storage Directory /workdir/hadoop-ozone/integration-test/target/test-dir/MiniOzoneClusterImpl-2b6d929c-e003-4b1e-a690-bc78ed65c470/datanode-2/data/ratis/cba26b7a-8e87-4b5b-b722-7d09cc453c2e for RaftStorage:Storage Directory /workdir/hadoop-ozone/integration-test/target/test-dir/MiniOzoneClusterImpl-2b6d929c-e003-4b1e-a690-bc78ed65c470/datanode-2/data/ratis/cba26b7a-8e87-4b5b-b722-7d09cc453c2e
2019-08-29 08:12:55,405 [pool-461-thread-1] INFO  server.RaftServerConfigKeys (ConfUtils.java:logGet(43)) - raft.server.log.queue.byte-limit = 2147483647 (custom)
2019-08-29 08:12:55,405 [pool-461-thread-1] INFO  server.RaftServerConfigKeys (ConfUtils.java:logGet(43)) - raft.server.log.queue.element-limit = 1024 (custom)
2019-08-29 08:12:55,405 [pool-461-thread-1] INFO  server.RaftServerConfigKeys (ConfUtils.java:logGet(43)) - raft.server.log.segment.size.max = 1048576 (custom)
2019-08-29 08:12:55,405 [pool-461-thread-1] INFO  server.RaftServerConfigKeys (ConfUtils.java:logGet(43)) - raft.server.log.preallocated.size = 16384 (custom)
2019-08-29 08:12:55,405 [pool-461-thread-1] INFO  server.RaftServerConfigKeys (ConfUtils.java:logGet(43)) - raft.server.log.write.buffer.size = 33554432 (custom)
2019-08-29 08:12:55,405 [pool-461-thread-1] INFO  server.RaftServerConfigKeys (ConfUtils.java:logGet(43)) - raft.server.log.force.sync.num = 128 (default)
2019-08-29 08:12:55,406 [pool-461-thread-1] INFO  server.RaftServerConfigKeys (ConfUtils.java:logGet(43)) - raft.server.log.statemachine.data.sync = true (default)
2019-08-29 08:12:55,406 [pool-461-thread-1] INFO  server.RaftServerConfigKeys (ConfUtils.java:logGet(43)) - raft.server.log.statemachine.data.sync.timeout = 10s (default)
2019-08-29 08:12:55,406 [pool-461-thread-1] INFO  server.RaftServerConfigKeys (ConfUtils.java:logGet(43)) - raft.server.log.statemachine.data.sync.timeout.retry = -1 (default)
2019-08-29 08:12:55,406 [pool-461-thread-1] INFO  server.RaftServerConfigKeys (ConfUtils.java:logGet(43)) - raft.server.log.statemachine.data.caching.enabled = true (custom)
2019-08-29 08:12:55,406 [pool-461-thread-1] INFO  segmented.SegmentedRaftLogWorker (SegmentedRaftLogWorker.java:lambda$new$0(132)) - 94fa760f-e64d-4170-ac7e-44ba98bd38f6-SegmentedRaftLogWorker:Storage Directory /workdir/hadoop-ozone/integration-test/target/test-dir/MiniOzoneClusterImpl-2b6d929c-e003-4b1e-a690-bc78ed65c470/datanode-2/data/ratis/cba26b7a-8e87-4b5b-b722-7d09cc453c2e: flushIndex: setUnconditionally 0 -> -1
2019-08-29 08:12:55,406 [pool-461-thread-1] INFO  server.RaftServerConfigKeys (ConfUtils.java:logGet(43)) - raft.server.snapshot.auto.trigger.enabled = true (custom)
2019-08-29 08:12:55,407 [pool-461-thread-1] INFO  server.RaftServerConfigKeys (ConfUtils.java:logGet(43)) - raft.server.snapshot.auto.trigger.threshold = 10000 (custom)
2019-08-29 08:12:55,407 [pool-461-thread-1] INFO  server.RaftServerConfigKeys (ConfUtils.java:logGet(43)) - raft.server.retrycache.expirytime = 600000ms (custom)
2019-08-29 08:12:55,407 [pool-461-thread-1] INFO  impl.RaftServerImpl (RaftServerImpl.java:start(180)) - 94fa760f-e64d-4170-ac7e-44ba98bd38f6: start group-7D09CC453C2E
2019-08-29 08:12:55,407 [pool-461-thread-1] INFO  impl.RaftServerImpl (RaftServerImpl.java:setRole(171)) - 94fa760f-e64d-4170-ac7e-44ba98bd38f6:group-7D09CC453C2E changes role from null to FOLLOWER at term 0 for startAsFollower
2019-08-29 08:12:55,407 [pool-461-thread-1] INFO  impl.RoleInfo (RoleInfo.java:updateAndGet(143)) - 94fa760f-e64d-4170-ac7e-44ba98bd38f6: start FollowerState
2019-08-29 08:12:55,407 [pool-461-thread-1] INFO  util.JmxRegister (JmxRegister.java:tryRegister(44)) - Successfully registered JMX Bean with object name Ratis:service=RaftServer,group=group-7D09CC453C2E,id=94fa760f-e64d-4170-ac7e-44ba98bd38f6
2019-08-29 08:12:55,409 [RatisPipelineUtilsThread] INFO  pipeline.PipelineStateManager (PipelineStateManager.java:addPipeline(56)) - Created pipeline Pipeline[ Id: cba26b7a-8e87-4b5b-b722-7d09cc453c2e, Nodes: 94fa760f-e64d-4170-ac7e-44ba98bd38f6{ip: 192.168.34.54, host: pr-hdds-1553-zhl8q-89899572, networkLocation: /default-rack, certSerialId: null}, Type:RATIS, Factor:ONE, State:OPEN]
2019-08-29 08:12:55,422 [grpc-default-executor-9] INFO  impl.RaftServerProxy (RaftServerProxy.java:addNew(89)) - 2ba8cf83-fb49-4c0e-ac06-565332abd279: addNew group-07083ABB32C5:[2ba8cf83-fb49-4c0e-ac06-565332abd279:192.168.34.54:41136, 701dcac2-413a-4112-9eef-a6503cb024bf:192.168.34.54:43212, 94fa760f-e64d-4170-ac7e-44ba98bd38f6:192.168.34.54:45848] returns group-07083ABB32C5:java.util.concurrent.CompletableFuture@2b3791ae[Not completed]
2019-08-29 08:12:55,422 [grpc-default-executor-7] INFO  impl.RaftServerProxy (RaftServerProxy.java:addNew(89)) - 701dcac2-413a-4112-9eef-a6503cb024bf: addNew group-07083ABB32C5:[2ba8cf83-fb49-4c0e-ac06-565332abd279:192.168.34.54:41136, 701dcac2-413a-4112-9eef-a6503cb024bf:192.168.34.54:43212, 94fa760f-e64d-4170-ac7e-44ba98bd38f6:192.168.34.54:45848] returns group-07083ABB32C5:java.util.concurrent.CompletableFuture@51230bb0[Not completed]
2019-08-29 08:12:55,422 [grpc-default-executor-10] INFO  impl.RaftServerProxy (RaftServerProxy.java:addNew(89)) - 94fa760f-e64d-4170-ac7e-44ba98bd38f6: addNew group-07083ABB32C5:[2ba8cf83-fb49-4c0e-ac06-565332abd279:192.168.34.54:41136, 701dcac2-413a-4112-9eef-a6503cb024bf:192.168.34.54:43212, 94fa760f-e64d-4170-ac7e-44ba98bd38f6:192.168.34.54:45848] returns group-07083ABB32C5:java.util.concurrent.CompletableFuture@53195fc9[Not completed]
2019-08-29 08:12:55,423 [pool-450-thread-1] INFO  impl.RaftServerImpl (RaftServerImpl.java:<init>(93)) - 2ba8cf83-fb49-4c0e-ac06-565332abd279: new RaftServerImpl for group-07083ABB32C5:[2ba8cf83-fb49-4c0e-ac06-565332abd279:192.168.34.54:41136, 701dcac2-413a-4112-9eef-a6503cb024bf:192.168.34.54:43212, 94fa760f-e64d-4170-ac7e-44ba98bd38f6:192.168.34.54:45848] with ContainerStateMachine:uninitialized
2019-08-29 08:12:55,423 [pool-450-thread-1] INFO  server.RaftServerConfigKeys (ConfUtils.java:logGet(43)) - raft.server.rpc.timeout.min = 5s (custom)
2019-08-29 08:12:55,423 [pool-450-thread-1] INFO  server.RaftServerConfigKeys (ConfUtils.java:logGet(43)) - raft.server.rpc.timeout.max = 5200ms (custom)
2019-08-29 08:12:55,424 [pool-450-thread-1] INFO  server.RaftServerConfigKeys (ConfUtils.java:logGet(43)) - raft.server.rpcslowness.timeout = 120s (custom)
2019-08-29 08:12:55,424 [pool-450-thread-1] INFO  server.RaftServerConfigKeys (ConfUtils.java:logGet(43)) - raft.server.sleep.deviation.threshold = 300 (default)
2019-08-29 08:12:55,424 [pool-450-thread-1] INFO  server.RaftServerConfigKeys (ConfUtils.java:logGet(43)) - raft.server.log.appender.install.snapshot.enabled = false (custom)
2019-08-29 08:12:55,424 [pool-450-thread-1] INFO  impl.RaftServerImpl (ServerState.java:<init>(105)) - 2ba8cf83-fb49-4c0e-ac06-565332abd279:group-07083ABB32C5 ConfigurationManager, init=-1: [2ba8cf83-fb49-4c0e-ac06-565332abd279:192.168.34.54:41136, 701dcac2-413a-4112-9eef-a6503cb024bf:192.168.34.54:43212, 94fa760f-e64d-4170-ac7e-44ba98bd38f6:192.168.34.54:45848], old=null, confs=<EMPTY_MAP>
2019-08-29 08:12:55,424 [pool-450-thread-1] INFO  server.RaftServerConfigKeys (ConfUtils.java:logGet(43)) - raft.server.storage.dir = [/workdir/hadoop-ozone/integration-test/target/test-dir/MiniOzoneClusterImpl-2b6d929c-e003-4b1e-a690-bc78ed65c470/datanode-1/data/ratis] (custom)
2019-08-29 08:12:55,424 [pool-439-thread-1] INFO  impl.RaftServerImpl (RaftServerImpl.java:<init>(93)) - 701dcac2-413a-4112-9eef-a6503cb024bf: new RaftServerImpl for group-07083ABB32C5:[2ba8cf83-fb49-4c0e-ac06-565332abd279:192.168.34.54:41136, 701dcac2-413a-4112-9eef-a6503cb024bf:192.168.34.54:43212, 94fa760f-e64d-4170-ac7e-44ba98bd38f6:192.168.34.54:45848] with ContainerStateMachine:uninitialized
2019-08-29 08:12:55,424 [pool-439-thread-1] INFO  server.RaftServerConfigKeys (ConfUtils.java:logGet(43)) - raft.server.rpc.timeout.min = 5s (custom)
2019-08-29 08:12:55,425 [pool-439-thread-1] INFO  server.RaftServerConfigKeys (ConfUtils.java:logGet(43)) - raft.server.rpc.timeout.max = 5200ms (custom)
2019-08-29 08:12:55,425 [pool-439-thread-1] INFO  server.RaftServerConfigKeys (ConfUtils.java:logGet(43)) - raft.server.rpcslowness.timeout = 120s (custom)
2019-08-29 08:12:55,425 [pool-439-thread-1] INFO  server.RaftServerConfigKeys (ConfUtils.java:logGet(43)) - raft.server.sleep.deviation.threshold = 300 (default)
2019-08-29 08:12:55,425 [pool-439-thread-1] INFO  server.RaftServerConfigKeys (ConfUtils.java:logGet(43)) - raft.server.log.appender.install.snapshot.enabled = false (custom)
2019-08-29 08:12:55,425 [pool-439-thread-1] INFO  impl.RaftServerImpl (ServerState.java:<init>(105)) - 701dcac2-413a-4112-9eef-a6503cb024bf:group-07083ABB32C5 ConfigurationManager, init=-1: [2ba8cf83-fb49-4c0e-ac06-565332abd279:192.168.34.54:41136, 701dcac2-413a-4112-9eef-a6503cb024bf:192.168.34.54:43212, 94fa760f-e64d-4170-ac7e-44ba98bd38f6:192.168.34.54:45848], old=null, confs=<EMPTY_MAP>
2019-08-29 08:12:55,425 [pool-439-thread-1] INFO  server.RaftServerConfigKeys (ConfUtils.java:logGet(43)) - raft.server.storage.dir = [/workdir/hadoop-ozone/integration-test/target/test-dir/MiniOzoneClusterImpl-2b6d929c-e003-4b1e-a690-bc78ed65c470/datanode-0/data/ratis] (custom)
2019-08-29 08:12:55,425 [pool-439-thread-1] INFO  storage.RaftStorageDirectory (RaftStorageDirectory.java:analyzeStorage(246)) - The storage directory /workdir/hadoop-ozone/integration-test/target/test-dir/MiniOzoneClusterImpl-2b6d929c-e003-4b1e-a690-bc78ed65c470/datanode-0/data/ratis/2eeb3c22-9cd8-4fc8-95ff-07083abb32c5 does not exist. Creating ...
2019-08-29 08:12:55,424 [pool-461-thread-1] INFO  impl.RaftServerImpl (RaftServerImpl.java:<init>(93)) - 94fa760f-e64d-4170-ac7e-44ba98bd38f6: new RaftServerImpl for group-07083ABB32C5:[2ba8cf83-fb49-4c0e-ac06-565332abd279:192.168.34.54:41136, 701dcac2-413a-4112-9eef-a6503cb024bf:192.168.34.54:43212, 94fa760f-e64d-4170-ac7e-44ba98bd38f6:192.168.34.54:45848] with ContainerStateMachine:uninitialized
2019-08-29 08:12:55,426 [pool-461-thread-1] INFO  server.RaftServerConfigKeys (ConfUtils.java:logGet(43)) - raft.server.rpc.timeout.min = 5s (custom)
2019-08-29 08:12:55,426 [pool-461-thread-1] INFO  server.RaftServerConfigKeys (ConfUtils.java:logGet(43)) - raft.server.rpc.timeout.max = 5200ms (custom)
2019-08-29 08:12:55,426 [pool-461-thread-1] INFO  server.RaftServerConfigKeys (ConfUtils.java:logGet(43)) - raft.server.rpcslowness.timeout = 120s (custom)
2019-08-29 08:12:55,426 [pool-461-thread-1] INFO  server.RaftServerConfigKeys (ConfUtils.java:logGet(43)) - raft.server.sleep.deviation.threshold = 300 (default)
2019-08-29 08:12:55,426 [pool-461-thread-1] INFO  server.RaftServerConfigKeys (ConfUtils.java:logGet(43)) - raft.server.log.appender.install.snapshot.enabled = false (custom)
2019-08-29 08:12:55,427 [pool-461-thread-1] INFO  impl.RaftServerImpl (ServerState.java:<init>(105)) - 94fa760f-e64d-4170-ac7e-44ba98bd38f6:group-07083ABB32C5 ConfigurationManager, init=-1: [2ba8cf83-fb49-4c0e-ac06-565332abd279:192.168.34.54:41136, 701dcac2-413a-4112-9eef-a6503cb024bf:192.168.34.54:43212, 94fa760f-e64d-4170-ac7e-44ba98bd38f6:192.168.34.54:45848], old=null, confs=<EMPTY_MAP>
2019-08-29 08:12:55,424 [pool-450-thread-1] INFO  storage.RaftStorageDirectory (RaftStorageDirectory.java:analyzeStorage(246)) - The storage directory /workdir/hadoop-ozone/integration-test/target/test-dir/MiniOzoneClusterImpl-2b6d929c-e003-4b1e-a690-bc78ed65c470/datanode-1/data/ratis/2eeb3c22-9cd8-4fc8-95ff-07083abb32c5 does not exist. Creating ...
2019-08-29 08:12:55,427 [pool-461-thread-1] INFO  server.RaftServerConfigKeys (ConfUtils.java:logGet(43)) - raft.server.storage.dir = [/workdir/hadoop-ozone/integration-test/target/test-dir/MiniOzoneClusterImpl-2b6d929c-e003-4b1e-a690-bc78ed65c470/datanode-2/data/ratis] (custom)
2019-08-29 08:12:55,427 [pool-461-thread-1] INFO  storage.RaftStorageDirectory (RaftStorageDirectory.java:analyzeStorage(246)) - The storage directory /workdir/hadoop-ozone/integration-test/target/test-dir/MiniOzoneClusterImpl-2b6d929c-e003-4b1e-a690-bc78ed65c470/datanode-2/data/ratis/2eeb3c22-9cd8-4fc8-95ff-07083abb32c5 does not exist. Creating ...
2019-08-29 08:12:55,439 [pool-461-thread-1] INFO  storage.RaftStorageDirectory (RaftStorageDirectory.java:tryLock(328)) - Lock on /workdir/hadoop-ozone/integration-test/target/test-dir/MiniOzoneClusterImpl-2b6d929c-e003-4b1e-a690-bc78ed65c470/datanode-2/data/ratis/2eeb3c22-9cd8-4fc8-95ff-07083abb32c5/in_use.lock acquired by nodename 11171@pr-hdds-1553-zhl8q-89899572
2019-08-29 08:12:55,439 [pool-450-thread-1] INFO  storage.RaftStorageDirectory (RaftStorageDirectory.java:tryLock(328)) - Lock on /workdir/hadoop-ozone/integration-test/target/test-dir/MiniOzoneClusterImpl-2b6d929c-e003-4b1e-a690-bc78ed65c470/datanode-1/data/ratis/2eeb3c22-9cd8-4fc8-95ff-07083abb32c5/in_use.lock acquired by nodename 11171@pr-hdds-1553-zhl8q-89899572
2019-08-29 08:12:55,439 [pool-439-thread-1] INFO  storage.RaftStorageDirectory (RaftStorageDirectory.java:tryLock(328)) - Lock on /workdir/hadoop-ozone/integration-test/target/test-dir/MiniOzoneClusterImpl-2b6d929c-e003-4b1e-a690-bc78ed65c470/datanode-0/data/ratis/2eeb3c22-9cd8-4fc8-95ff-07083abb32c5/in_use.lock acquired by nodename 11171@pr-hdds-1553-zhl8q-89899572
2019-08-29 08:12:55,454 [pool-450-thread-1] INFO  storage.RaftStorage (RaftStorage.java:format(72)) - Storage directory /workdir/hadoop-ozone/integration-test/target/test-dir/MiniOzoneClusterImpl-2b6d929c-e003-4b1e-a690-bc78ed65c470/datanode-1/data/ratis/2eeb3c22-9cd8-4fc8-95ff-07083abb32c5 has been successfully formatted.
2019-08-29 08:12:55,454 [pool-439-thread-1] INFO  storage.RaftStorage (RaftStorage.java:format(72)) - Storage directory /workdir/hadoop-ozone/integration-test/target/test-dir/MiniOzoneClusterImpl-2b6d929c-e003-4b1e-a690-bc78ed65c470/datanode-0/data/ratis/2eeb3c22-9cd8-4fc8-95ff-07083abb32c5 has been successfully formatted.
2019-08-29 08:12:55,454 [pool-461-thread-1] INFO  storage.RaftStorage (RaftStorage.java:format(72)) - Storage directory /workdir/hadoop-ozone/integration-test/target/test-dir/MiniOzoneClusterImpl-2b6d929c-e003-4b1e-a690-bc78ed65c470/datanode-2/data/ratis/2eeb3c22-9cd8-4fc8-95ff-07083abb32c5 has been successfully formatted.
2019-08-29 08:12:55,454 [pool-450-thread-1] INFO  ratis.ContainerStateMachine (ContainerStateMachine.java:loadSnapshot(226)) - group-07083ABB32C5: The snapshot info is null. Setting the last applied indexto:(t:0, i:~)
2019-08-29 08:12:55,454 [pool-439-thread-1] INFO  ratis.ContainerStateMachine (ContainerStateMachine.java:loadSnapshot(226)) - group-07083ABB32C5: The snapshot info is null. Setting the last applied indexto:(t:0, i:~)
2019-08-29 08:12:55,454 [pool-450-thread-1] INFO  server.RaftServerConfigKeys (ConfUtils.java:logGet(43)) - raft.server.leader.election.timeout = 120s (custom)
2019-08-29 08:12:55,454 [pool-461-thread-1] INFO  ratis.ContainerStateMachine (ContainerStateMachine.java:loadSnapshot(226)) - group-07083ABB32C5: The snapshot info is null. Setting the last applied indexto:(t:0, i:~)
2019-08-29 08:12:55,454 [pool-450-thread-1] INFO  server.RaftServerConfigKeys (ConfUtils.java:logGet(43)) - raft.server.log.use.memory = false (default)
2019-08-29 08:12:55,454 [pool-439-thread-1] INFO  server.RaftServerConfigKeys (ConfUtils.java:logGet(43)) - raft.server.leader.election.timeout = 120s (custom)
2019-08-29 08:12:55,455 [pool-450-thread-1] INFO  server.RaftServerConfigKeys (ConfUtils.java:logGet(43)) - raft.server.log.purge.gap = 1000000 (custom)
2019-08-29 08:12:55,455 [pool-461-thread-1] INFO  server.RaftServerConfigKeys (ConfUtils.java:logGet(43)) - raft.server.leader.election.timeout = 120s (custom)
2019-08-29 08:12:55,455 [pool-450-thread-1] INFO  server.RaftServerConfigKeys (ConfUtils.java:logGet(43)) - raft.server.log.appender.buffer.byte-limit = 33554432 (custom)
2019-08-29 08:12:55,455 [pool-439-thread-1] INFO  server.RaftServerConfigKeys (ConfUtils.java:logGet(43)) - raft.server.log.use.memory = false (default)
2019-08-29 08:12:55,455 [pool-450-thread-1] INFO  server.RaftServerConfigKeys (ConfUtils.java:logGet(43)) - raft.server.log.segment.size.max = 1048576 (custom)
2019-08-29 08:12:55,455 [pool-461-thread-1] INFO  server.RaftServerConfigKeys (ConfUtils.java:logGet(43)) - raft.server.log.use.memory = false (default)
2019-08-29 08:12:55,455 [pool-450-thread-1] INFO  server.RaftServerConfigKeys (ConfUtils.java:logGet(43)) - raft.server.log.segment.cache.num.max = 2 (custom)
2019-08-29 08:12:55,455 [pool-439-thread-1] INFO  server.RaftServerConfigKeys (ConfUtils.java:logGet(43)) - raft.server.log.purge.gap = 1000000 (custom)
2019-08-29 08:12:55,455 [pool-450-thread-1] INFO  segmented.SegmentedRaftLogWorker (SegmentedRaftLogWorker.java:<init>(172)) - new 2ba8cf83-fb49-4c0e-ac06-565332abd279-SegmentedRaftLogWorker:Storage Directory /workdir/hadoop-ozone/integration-test/target/test-dir/MiniOzoneClusterImpl-2b6d929c-e003-4b1e-a690-bc78ed65c470/datanode-1/data/ratis/2eeb3c22-9cd8-4fc8-95ff-07083abb32c5 for RaftStorage:Storage Directory /workdir/hadoop-ozone/integration-test/target/test-dir/MiniOzoneClusterImpl-2b6d929c-e003-4b1e-a690-bc78ed65c470/datanode-1/data/ratis/2eeb3c22-9cd8-4fc8-95ff-07083abb32c5
2019-08-29 08:12:55,455 [pool-461-thread-1] INFO  server.RaftServerConfigKeys (ConfUtils.java:logGet(43)) - raft.server.log.purge.gap = 1000000 (custom)
2019-08-29 08:12:55,456 [pool-450-thread-1] INFO  server.RaftServerConfigKeys (ConfUtils.java:logGet(43)) - raft.server.log.queue.byte-limit = 2147483647 (custom)
2019-08-29 08:12:55,455 [pool-439-thread-1] INFO  server.RaftServerConfigKeys (ConfUtils.java:logGet(43)) - raft.server.log.appender.buffer.byte-limit = 33554432 (custom)
2019-08-29 08:12:55,456 [pool-450-thread-1] INFO  server.RaftServerConfigKeys (ConfUtils.java:logGet(43)) - raft.server.log.queue.element-limit = 1024 (custom)
2019-08-29 08:12:55,456 [pool-461-thread-1] INFO  server.RaftServerConfigKeys (ConfUtils.java:logGet(43)) - raft.server.log.appender.buffer.byte-limit = 33554432 (custom)
2019-08-29 08:12:55,456 [pool-450-thread-1] INFO  server.RaftServerConfigKeys (ConfUtils.java:logGet(43)) - raft.server.log.segment.size.max = 1048576 (custom)
2019-08-29 08:12:55,456 [pool-439-thread-1] INFO  server.RaftServerConfigKeys (ConfUtils.java:logGet(43)) - raft.server.log.segment.size.max = 1048576 (custom)
2019-08-29 08:12:55,456 [pool-450-thread-1] INFO  server.RaftServerConfigKeys (ConfUtils.java:logGet(43)) - raft.server.log.preallocated.size = 16384 (custom)
2019-08-29 08:12:55,456 [pool-461-thread-1] INFO  server.RaftServerConfigKeys (ConfUtils.java:logGet(43)) - raft.server.log.segment.size.max = 1048576 (custom)
2019-08-29 08:12:55,456 [pool-450-thread-1] INFO  server.RaftServerConfigKeys (ConfUtils.java:logGet(43)) - raft.server.log.write.buffer.size = 33554432 (custom)
2019-08-29 08:12:55,456 [pool-439-thread-1] INFO  server.RaftServerConfigKeys (ConfUtils.java:logGet(43)) - raft.server.log.segment.cache.num.max = 2 (custom)
2019-08-29 08:12:55,456 [pool-450-thread-1] INFO  server.RaftServerConfigKeys (ConfUtils.java:logGet(43)) - raft.server.log.force.sync.num = 128 (default)
2019-08-29 08:12:55,456 [pool-461-thread-1] INFO  server.RaftServerConfigKeys (ConfUtils.java:logGet(43)) - raft.server.log.segment.cache.num.max = 2 (custom)
2019-08-29 08:12:55,457 [pool-450-thread-1] INFO  server.RaftServerConfigKeys (ConfUtils.java:logGet(43)) - raft.server.log.statemachine.data.sync = true (default)
2019-08-29 08:12:55,457 [pool-439-thread-1] INFO  segmented.SegmentedRaftLogWorker (SegmentedRaftLogWorker.java:<init>(172)) - new 701dcac2-413a-4112-9eef-a6503cb024bf-SegmentedRaftLogWorker:Storage Directory /workdir/hadoop-ozone/integration-test/target/test-dir/MiniOzoneClusterImpl-2b6d929c-e003-4b1e-a690-bc78ed65c470/datanode-0/data/ratis/2eeb3c22-9cd8-4fc8-95ff-07083abb32c5 for RaftStorage:Storage Directory /workdir/hadoop-ozone/integration-test/target/test-dir/MiniOzoneClusterImpl-2b6d929c-e003-4b1e-a690-bc78ed65c470/datanode-0/data/ratis/2eeb3c22-9cd8-4fc8-95ff-07083abb32c5
2019-08-29 08:12:55,457 [pool-450-thread-1] INFO  server.RaftServerConfigKeys (ConfUtils.java:logGet(43)) - raft.server.log.statemachine.data.sync.timeout = 10s (default)
2019-08-29 08:12:55,457 [pool-461-thread-1] INFO  segmented.SegmentedRaftLogWorker (SegmentedRaftLogWorker.java:<init>(172)) - new 94fa760f-e64d-4170-ac7e-44ba98bd38f6-SegmentedRaftLogWorker:Storage Directory /workdir/hadoop-ozone/integration-test/target/test-dir/MiniOzoneClusterImpl-2b6d929c-e003-4b1e-a690-bc78ed65c470/datanode-2/data/ratis/2eeb3c22-9cd8-4fc8-95ff-07083abb32c5 for RaftStorage:Storage Directory /workdir/hadoop-ozone/integration-test/target/test-dir/MiniOzoneClusterImpl-2b6d929c-e003-4b1e-a690-bc78ed65c470/datanode-2/data/ratis/2eeb3c22-9cd8-4fc8-95ff-07083abb32c5
2019-08-29 08:12:55,457 [pool-450-thread-1] INFO  server.RaftServerConfigKeys (ConfUtils.java:logGet(43)) - raft.server.log.statemachine.data.sync.timeout.retry = -1 (default)
2019-08-29 08:12:55,457 [pool-439-thread-1] INFO  server.RaftServerConfigKeys (ConfUtils.java:logGet(43)) - raft.server.log.queue.byte-limit = 2147483647 (custom)
2019-08-29 08:12:55,457 [pool-450-thread-1] INFO  server.RaftServerConfigKeys (ConfUtils.java:logGet(43)) - raft.server.log.statemachine.data.caching.enabled = true (custom)
2019-08-29 08:12:55,457 [pool-461-thread-1] INFO  server.RaftServerConfigKeys (ConfUtils.java:logGet(43)) - raft.server.log.queue.byte-limit = 2147483647 (custom)
2019-08-29 08:12:55,458 [pool-450-thread-1] INFO  segmented.SegmentedRaftLogWorker (SegmentedRaftLogWorker.java:lambda$new$0(132)) - 2ba8cf83-fb49-4c0e-ac06-565332abd279-SegmentedRaftLogWorker:Storage Directory /workdir/hadoop-ozone/integration-test/target/test-dir/MiniOzoneClusterImpl-2b6d929c-e003-4b1e-a690-bc78ed65c470/datanode-1/data/ratis/2eeb3c22-9cd8-4fc8-95ff-07083abb32c5: flushIndex: setUnconditionally 0 -> -1
2019-08-29 08:12:55,457 [pool-439-thread-1] INFO  server.RaftServerConfigKeys (ConfUtils.java:logGet(43)) - raft.server.log.queue.element-limit = 1024 (custom)
2019-08-29 08:12:55,458 [pool-461-thread-1] INFO  server.RaftServerConfigKeys (ConfUtils.java:logGet(43)) - raft.server.log.queue.element-limit = 1024 (custom)
2019-08-29 08:12:55,458 [pool-450-thread-1] INFO  server.RaftServerConfigKeys (ConfUtils.java:logGet(43)) - raft.server.snapshot.auto.trigger.enabled = true (custom)
2019-08-29 08:12:55,458 [pool-439-thread-1] INFO  server.RaftServerConfigKeys (ConfUtils.java:logGet(43)) - raft.server.log.segment.size.max = 1048576 (custom)
2019-08-29 08:12:55,458 [pool-450-thread-1] INFO  server.RaftServerConfigKeys (ConfUtils.java:logGet(43)) - raft.server.snapshot.auto.trigger.threshold = 10000 (custom)
2019-08-29 08:12:55,458 [pool-461-thread-1] INFO  server.RaftServerConfigKeys (ConfUtils.java:logGet(43)) - raft.server.log.segment.size.max = 1048576 (custom)
2019-08-29 08:12:55,458 [pool-450-thread-1] INFO  server.RaftServerConfigKeys (ConfUtils.java:logGet(43)) - raft.server.retrycache.expirytime = 600000ms (custom)
2019-08-29 08:12:55,458 [pool-439-thread-1] INFO  server.RaftServerConfigKeys (ConfUtils.java:logGet(43)) - raft.server.log.preallocated.size = 16384 (custom)
2019-08-29 08:12:55,458 [pool-450-thread-1] INFO  impl.RaftServerImpl (RaftServerImpl.java:start(180)) - 2ba8cf83-fb49-4c0e-ac06-565332abd279: start group-07083ABB32C5
2019-08-29 08:12:55,458 [pool-461-thread-1] INFO  server.RaftServerConfigKeys (ConfUtils.java:logGet(43)) - raft.server.log.preallocated.size = 16384 (custom)
2019-08-29 08:12:55,458 [pool-450-thread-1] INFO  impl.RaftServerImpl (RaftServerImpl.java:setRole(171)) - 2ba8cf83-fb49-4c0e-ac06-565332abd279:group-07083ABB32C5 changes role from null to FOLLOWER at term 0 for startAsFollower
2019-08-29 08:12:55,458 [pool-439-thread-1] INFO  server.RaftServerConfigKeys (ConfUtils.java:logGet(43)) - raft.server.log.write.buffer.size = 33554432 (custom)
2019-08-29 08:12:55,459 [pool-450-thread-1] INFO  impl.RoleInfo (RoleInfo.java:updateAndGet(143)) - 2ba8cf83-fb49-4c0e-ac06-565332abd279: start FollowerState
2019-08-29 08:12:55,459 [pool-461-thread-1] INFO  server.RaftServerConfigKeys (ConfUtils.java:logGet(43)) - raft.server.log.write.buffer.size = 33554432 (custom)
2019-08-29 08:12:55,459 [pool-439-thread-1] INFO  server.RaftServerConfigKeys (ConfUtils.java:logGet(43)) - raft.server.log.force.sync.num = 128 (default)
2019-08-29 08:12:55,459 [pool-461-thread-1] INFO  server.RaftServerConfigKeys (ConfUtils.java:logGet(43)) - raft.server.log.force.sync.num = 128 (default)
2019-08-29 08:12:55,459 [pool-450-thread-1] INFO  util.JmxRegister (JmxRegister.java:tryRegister(44)) - Successfully registered JMX Bean with object name Ratis:service=RaftServer,group=group-07083ABB32C5,id=2ba8cf83-fb49-4c0e-ac06-565332abd279
2019-08-29 08:12:55,459 [pool-439-thread-1] INFO  server.RaftServerConfigKeys (ConfUtils.java:logGet(43)) - raft.server.log.statemachine.data.sync = true (default)
2019-08-29 08:12:55,459 [pool-461-thread-1] INFO  server.RaftServerConfigKeys (ConfUtils.java:logGet(43)) - raft.server.log.statemachine.data.sync = true (default)
2019-08-29 08:12:55,459 [pool-439-thread-1] INFO  server.RaftServerConfigKeys (ConfUtils.java:logGet(43)) - raft.server.log.statemachine.data.sync.timeout = 10s (default)
2019-08-29 08:12:55,460 [pool-461-thread-1] INFO  server.RaftServerConfigKeys (ConfUtils.java:logGet(43)) - raft.server.log.statemachine.data.sync.timeout = 10s (default)
2019-08-29 08:12:55,460 [pool-439-thread-1] INFO  server.RaftServerConfigKeys (ConfUtils.java:logGet(43)) - raft.server.log.statemachine.data.sync.timeout.retry = -1 (default)
2019-08-29 08:12:55,460 [pool-461-thread-1] INFO  server.RaftServerConfigKeys (ConfUtils.java:logGet(43)) - raft.server.log.statemachine.data.sync.timeout.retry = -1 (default)
2019-08-29 08:12:55,460 [pool-439-thread-1] INFO  server.RaftServerConfigKeys (ConfUtils.java:logGet(43)) - raft.server.log.statemachine.data.caching.enabled = true (custom)
2019-08-29 08:12:55,460 [pool-461-thread-1] INFO  server.RaftServerConfigKeys (ConfUtils.java:logGet(43)) - raft.server.log.statemachine.data.caching.enabled = true (custom)
2019-08-29 08:12:55,460 [pool-439-thread-1] INFO  segmented.SegmentedRaftLogWorker (SegmentedRaftLogWorker.java:lambda$new$0(132)) - 701dcac2-413a-4112-9eef-a6503cb024bf-SegmentedRaftLogWorker:Storage Directory /workdir/hadoop-ozone/integration-test/target/test-dir/MiniOzoneClusterImpl-2b6d929c-e003-4b1e-a690-bc78ed65c470/datanode-0/data/ratis/2eeb3c22-9cd8-4fc8-95ff-07083abb32c5: flushIndex: setUnconditionally 0 -> -1
2019-08-29 08:12:55,460 [pool-461-thread-1] INFO  segmented.SegmentedRaftLogWorker (SegmentedRaftLogWorker.java:lambda$new$0(132)) - 94fa760f-e64d-4170-ac7e-44ba98bd38f6-SegmentedRaftLogWorker:Storage Directory /workdir/hadoop-ozone/integration-test/target/test-dir/MiniOzoneClusterImpl-2b6d929c-e003-4b1e-a690-bc78ed65c470/datanode-2/data/ratis/2eeb3c22-9cd8-4fc8-95ff-07083abb32c5: flushIndex: setUnconditionally 0 -> -1
2019-08-29 08:12:55,461 [pool-439-thread-1] INFO  server.RaftServerConfigKeys (ConfUtils.java:logGet(43)) - raft.server.snapshot.auto.trigger.enabled = true (custom)
2019-08-29 08:12:55,461 [pool-439-thread-1] INFO  server.RaftServerConfigKeys (ConfUtils.java:logGet(43)) - raft.server.snapshot.auto.trigger.threshold = 10000 (custom)
2019-08-29 08:12:55,461 [pool-461-thread-1] INFO  server.RaftServerConfigKeys (ConfUtils.java:logGet(43)) - raft.server.snapshot.auto.trigger.enabled = true (custom)
2019-08-29 08:12:55,461 [pool-439-thread-1] INFO  server.RaftServerConfigKeys (ConfUtils.java:logGet(43)) - raft.server.retrycache.expirytime = 600000ms (custom)
2019-08-29 08:12:55,461 [pool-461-thread-1] INFO  server.RaftServerConfigKeys (ConfUtils.java:logGet(43)) - raft.server.snapshot.auto.trigger.threshold = 10000 (custom)
2019-08-29 08:12:55,461 [pool-439-thread-1] INFO  impl.RaftServerImpl (RaftServerImpl.java:start(180)) - 701dcac2-413a-4112-9eef-a6503cb024bf: start group-07083ABB32C5
2019-08-29 08:12:55,461 [pool-461-thread-1] INFO  server.RaftServerConfigKeys (ConfUtils.java:logGet(43)) - raft.server.retrycache.expirytime = 600000ms (custom)
2019-08-29 08:12:55,461 [pool-439-thread-1] INFO  impl.RaftServerImpl (RaftServerImpl.java:setRole(171)) - 701dcac2-413a-4112-9eef-a6503cb024bf:group-07083ABB32C5 changes role from null to FOLLOWER at term 0 for startAsFollower
2019-08-29 08:12:55,461 [pool-461-thread-1] INFO  impl.RaftServerImpl (RaftServerImpl.java:start(180)) - 94fa760f-e64d-4170-ac7e-44ba98bd38f6: start group-07083ABB32C5
2019-08-29 08:12:55,461 [pool-439-thread-1] INFO  impl.RoleInfo (RoleInfo.java:updateAndGet(143)) - 701dcac2-413a-4112-9eef-a6503cb024bf: start FollowerState
2019-08-29 08:12:55,461 [pool-461-thread-1] INFO  impl.RaftServerImpl (RaftServerImpl.java:setRole(171)) - 94fa760f-e64d-4170-ac7e-44ba98bd38f6:group-07083ABB32C5 changes role from null to FOLLOWER at term 0 for startAsFollower
2019-08-29 08:12:55,462 [pool-461-thread-1] INFO  impl.RoleInfo (RoleInfo.java:updateAndGet(143)) - 94fa760f-e64d-4170-ac7e-44ba98bd38f6: start FollowerState
2019-08-29 08:12:55,462 [pool-439-thread-1] INFO  util.JmxRegister (JmxRegister.java:tryRegister(44)) - Successfully registered JMX Bean with object name Ratis:service=RaftServer,group=group-07083ABB32C5,id=701dcac2-413a-4112-9eef-a6503cb024bf
2019-08-29 08:12:55,462 [pool-461-thread-1] INFO  util.JmxRegister (JmxRegister.java:tryRegister(44)) - Successfully registered JMX Bean with object name Ratis:service=RaftServer,group=group-07083ABB32C5,id=94fa760f-e64d-4170-ac7e-44ba98bd38f6
2019-08-29 08:12:55,464 [RatisPipelineUtilsThread] INFO  pipeline.PipelineStateManager (PipelineStateManager.java:addPipeline(56)) - Created pipeline Pipeline[ Id: 2eeb3c22-9cd8-4fc8-95ff-07083abb32c5, Nodes: 701dcac2-413a-4112-9eef-a6503cb024bf{ip: 192.168.34.54, host: pr-hdds-1553-zhl8q-89899572, networkLocation: /default-rack, certSerialId: null}94fa760f-e64d-4170-ac7e-44ba98bd38f6{ip: 192.168.34.54, host: pr-hdds-1553-zhl8q-89899572, networkLocation: /default-rack, certSerialId: null}2ba8cf83-fb49-4c0e-ac06-565332abd279{ip: 192.168.34.54, host: pr-hdds-1553-zhl8q-89899572, networkLocation: /default-rack, certSerialId: null}, Type:RATIS, Factor:THREE, State:OPEN]
2019-08-29 08:12:55,526 [IPC Server handler 16 on 34114] INFO  net.NetworkTopology (NetworkTopologyImpl.java:add(110)) - Added a new node: /default-rack/22940eff-9029-4e71-b915-5f2bfabaa31a
2019-08-29 08:12:55,526 [IPC Server handler 16 on 34114] INFO  node.SCMNodeManager (SCMNodeManager.java:register(273)) - Registered Data node : 22940eff-9029-4e71-b915-5f2bfabaa31a{ip: 192.168.34.54, host: pr-hdds-1553-zhl8q-89899572, networkLocation: /default-rack, certSerialId: null}
2019-08-29 08:12:55,526 | INFO  | SCMAudit | user=jenkins1000 | ip=192.168.34.54 | op=REGISTER {datanodeDetails=22940eff-9029-4e71-b915-5f2bfabaa31a{ip: 192.168.34.54, host: pr-hdds-1553-zhl8q-89899572, networkLocation: /default-rack, certSerialId: null}} | ret=SUCCESS |  
2019-08-29 08:12:55,534 [grpc-default-executor-10] INFO  impl.RaftServerProxy (RaftServerProxy.java:addNew(89)) - 22940eff-9029-4e71-b915-5f2bfabaa31a: addNew group-D06BA6C57112:[22940eff-9029-4e71-b915-5f2bfabaa31a:192.168.34.54:43196] returns group-D06BA6C57112:java.util.concurrent.CompletableFuture@17cf57c1[Not completed]
2019-08-29 08:12:55,535 [pool-472-thread-1] INFO  impl.RaftServerImpl (RaftServerImpl.java:<init>(93)) - 22940eff-9029-4e71-b915-5f2bfabaa31a: new RaftServerImpl for group-D06BA6C57112:[22940eff-9029-4e71-b915-5f2bfabaa31a:192.168.34.54:43196] with ContainerStateMachine:uninitialized
2019-08-29 08:12:55,535 [pool-472-thread-1] INFO  server.RaftServerConfigKeys (ConfUtils.java:logGet(43)) - raft.server.rpc.timeout.min = 5s (custom)
2019-08-29 08:12:55,535 [pool-472-thread-1] INFO  server.RaftServerConfigKeys (ConfUtils.java:logGet(43)) - raft.server.rpc.timeout.max = 5200ms (custom)
2019-08-29 08:12:55,535 [pool-472-thread-1] INFO  server.RaftServerConfigKeys (ConfUtils.java:logGet(43)) - raft.server.rpcslowness.timeout = 120s (custom)
2019-08-29 08:12:55,535 [pool-472-thread-1] INFO  server.RaftServerConfigKeys (ConfUtils.java:logGet(43)) - raft.server.sleep.deviation.threshold = 300 (default)
2019-08-29 08:12:55,536 [pool-472-thread-1] INFO  server.RaftServerConfigKeys (ConfUtils.java:logGet(43)) - raft.server.log.appender.install.snapshot.enabled = false (custom)
2019-08-29 08:12:55,536 [pool-472-thread-1] INFO  impl.RaftServerImpl (ServerState.java:<init>(105)) - 22940eff-9029-4e71-b915-5f2bfabaa31a:group-D06BA6C57112 ConfigurationManager, init=-1: [22940eff-9029-4e71-b915-5f2bfabaa31a:192.168.34.54:43196], old=null, confs=<EMPTY_MAP>
2019-08-29 08:12:55,536 [pool-472-thread-1] INFO  server.RaftServerConfigKeys (ConfUtils.java:logGet(43)) - raft.server.storage.dir = [/workdir/hadoop-ozone/integration-test/target/test-dir/MiniOzoneClusterImpl-2b6d929c-e003-4b1e-a690-bc78ed65c470/datanode-3/data/ratis] (custom)
2019-08-29 08:12:55,536 [pool-472-thread-1] INFO  storage.RaftStorageDirectory (RaftStorageDirectory.java:analyzeStorage(246)) - The storage directory /workdir/hadoop-ozone/integration-test/target/test-dir/MiniOzoneClusterImpl-2b6d929c-e003-4b1e-a690-bc78ed65c470/datanode-3/data/ratis/08b6c39a-e592-4a79-b9b5-d06ba6c57112 does not exist. Creating ...
2019-08-29 08:12:55,550 [pool-472-thread-1] INFO  storage.RaftStorageDirectory (RaftStorageDirectory.java:tryLock(328)) - Lock on /workdir/hadoop-ozone/integration-test/target/test-dir/MiniOzoneClusterImpl-2b6d929c-e003-4b1e-a690-bc78ed65c470/datanode-3/data/ratis/08b6c39a-e592-4a79-b9b5-d06ba6c57112/in_use.lock acquired by nodename 11171@pr-hdds-1553-zhl8q-89899572
2019-08-29 08:12:55,563 [pool-472-thread-1] INFO  storage.RaftStorage (RaftStorage.java:format(72)) - Storage directory /workdir/hadoop-ozone/integration-test/target/test-dir/MiniOzoneClusterImpl-2b6d929c-e003-4b1e-a690-bc78ed65c470/datanode-3/data/ratis/08b6c39a-e592-4a79-b9b5-d06ba6c57112 has been successfully formatted.
2019-08-29 08:12:55,564 [pool-472-thread-1] INFO  ratis.ContainerStateMachine (ContainerStateMachine.java:loadSnapshot(226)) - group-D06BA6C57112: The snapshot info is null. Setting the last applied indexto:(t:0, i:~)
2019-08-29 08:12:55,564 [pool-472-thread-1] INFO  server.RaftServerConfigKeys (ConfUtils.java:logGet(43)) - raft.server.leader.election.timeout = 120s (custom)
2019-08-29 08:12:55,564 [pool-472-thread-1] INFO  server.RaftServerConfigKeys (ConfUtils.java:logGet(43)) - raft.server.log.use.memory = false (default)
2019-08-29 08:12:55,564 [pool-472-thread-1] INFO  server.RaftServerConfigKeys (ConfUtils.java:logGet(43)) - raft.server.log.purge.gap = 1000000 (custom)
2019-08-29 08:12:55,564 [pool-472-thread-1] INFO  server.RaftServerConfigKeys (ConfUtils.java:logGet(43)) - raft.server.log.appender.buffer.byte-limit = 33554432 (custom)
2019-08-29 08:12:55,564 [pool-472-thread-1] INFO  server.RaftServerConfigKeys (ConfUtils.java:logGet(43)) - raft.server.log.segment.size.max = 1048576 (custom)
2019-08-29 08:12:55,564 [pool-472-thread-1] INFO  server.RaftServerConfigKeys (ConfUtils.java:logGet(43)) - raft.server.log.segment.cache.num.max = 2 (custom)
2019-08-29 08:12:55,565 [pool-472-thread-1] INFO  segmented.SegmentedRaftLogWorker (SegmentedRaftLogWorker.java:<init>(172)) - new 22940eff-9029-4e71-b915-5f2bfabaa31a-SegmentedRaftLogWorker:Storage Directory /workdir/hadoop-ozone/integration-test/target/test-dir/MiniOzoneClusterImpl-2b6d929c-e003-4b1e-a690-bc78ed65c470/datanode-3/data/ratis/08b6c39a-e592-4a79-b9b5-d06ba6c57112 for RaftStorage:Storage Directory /workdir/hadoop-ozone/integration-test/target/test-dir/MiniOzoneClusterImpl-2b6d929c-e003-4b1e-a690-bc78ed65c470/datanode-3/data/ratis/08b6c39a-e592-4a79-b9b5-d06ba6c57112
2019-08-29 08:12:55,565 [pool-472-thread-1] INFO  server.RaftServerConfigKeys (ConfUtils.java:logGet(43)) - raft.server.log.queue.byte-limit = 2147483647 (custom)
2019-08-29 08:12:55,565 [pool-472-thread-1] INFO  server.RaftServerConfigKeys (ConfUtils.java:logGet(43)) - raft.server.log.queue.element-limit = 1024 (custom)
2019-08-29 08:12:55,565 [pool-472-thread-1] INFO  server.RaftServerConfigKeys (ConfUtils.java:logGet(43)) - raft.server.log.segment.size.max = 1048576 (custom)
2019-08-29 08:12:55,565 [pool-472-thread-1] INFO  server.RaftServerConfigKeys (ConfUtils.java:logGet(43)) - raft.server.log.preallocated.size = 16384 (custom)
2019-08-29 08:12:55,565 [pool-472-thread-1] INFO  server.RaftServerConfigKeys (ConfUtils.java:logGet(43)) - raft.server.log.write.buffer.size = 33554432 (custom)
2019-08-29 08:12:55,566 [pool-472-thread-1] INFO  server.RaftServerConfigKeys (ConfUtils.java:logGet(43)) - raft.server.log.force.sync.num = 128 (default)
2019-08-29 08:12:55,566 [pool-472-thread-1] INFO  server.RaftServerConfigKeys (ConfUtils.java:logGet(43)) - raft.server.log.statemachine.data.sync = true (default)
2019-08-29 08:12:55,566 [pool-472-thread-1] INFO  server.RaftServerConfigKeys (ConfUtils.java:logGet(43)) - raft.server.log.statemachine.data.sync.timeout = 10s (default)
2019-08-29 08:12:55,566 [pool-472-thread-1] INFO  server.RaftServerConfigKeys (ConfUtils.java:logGet(43)) - raft.server.log.statemachine.data.sync.timeout.retry = -1 (default)
2019-08-29 08:12:55,566 [pool-472-thread-1] INFO  server.RaftServerConfigKeys (ConfUtils.java:logGet(43)) - raft.server.log.statemachine.data.caching.enabled = true (custom)
2019-08-29 08:12:55,567 [pool-472-thread-1] INFO  segmented.SegmentedRaftLogWorker (SegmentedRaftLogWorker.java:lambda$new$0(132)) - 22940eff-9029-4e71-b915-5f2bfabaa31a-SegmentedRaftLogWorker:Storage Directory /workdir/hadoop-ozone/integration-test/target/test-dir/MiniOzoneClusterImpl-2b6d929c-e003-4b1e-a690-bc78ed65c470/datanode-3/data/ratis/08b6c39a-e592-4a79-b9b5-d06ba6c57112: flushIndex: setUnconditionally 0 -> -1
2019-08-29 08:12:55,567 [pool-472-thread-1] INFO  server.RaftServerConfigKeys (ConfUtils.java:logGet(43)) - raft.server.snapshot.auto.trigger.enabled = true (custom)
2019-08-29 08:12:55,567 [pool-472-thread-1] INFO  server.RaftServerConfigKeys (ConfUtils.java:logGet(43)) - raft.server.snapshot.auto.trigger.threshold = 10000 (custom)
2019-08-29 08:12:55,567 [pool-472-thread-1] INFO  server.RaftServerConfigKeys (ConfUtils.java:logGet(43)) - raft.server.retrycache.expirytime = 600000ms (custom)
2019-08-29 08:12:55,567 [pool-472-thread-1] INFO  impl.RaftServerImpl (RaftServerImpl.java:start(180)) - 22940eff-9029-4e71-b915-5f2bfabaa31a: start group-D06BA6C57112
2019-08-29 08:12:55,567 [pool-472-thread-1] INFO  impl.RaftServerImpl (RaftServerImpl.java:setRole(171)) - 22940eff-9029-4e71-b915-5f2bfabaa31a:group-D06BA6C57112 changes role from null to FOLLOWER at term 0 for startAsFollower
2019-08-29 08:12:55,568 [pool-472-thread-1] INFO  impl.RoleInfo (RoleInfo.java:updateAndGet(143)) - 22940eff-9029-4e71-b915-5f2bfabaa31a: start FollowerState
2019-08-29 08:12:55,568 [pool-472-thread-1] INFO  util.JmxRegister (JmxRegister.java:tryRegister(44)) - Successfully registered JMX Bean with object name Ratis:service=RaftServer,group=group-D06BA6C57112,id=22940eff-9029-4e71-b915-5f2bfabaa31a
2019-08-29 08:12:55,570 [RatisPipelineUtilsThread] INFO  pipeline.PipelineStateManager (PipelineStateManager.java:addPipeline(56)) - Created pipeline Pipeline[ Id: 08b6c39a-e592-4a79-b9b5-d06ba6c57112, Nodes: 22940eff-9029-4e71-b915-5f2bfabaa31a{ip: 192.168.34.54, host: pr-hdds-1553-zhl8q-89899572, networkLocation: /default-rack, certSerialId: null}, Type:RATIS, Factor:ONE, State:OPEN]
2019-08-29 08:12:55,750 [IPC Server handler 15 on 34114] INFO  net.NetworkTopology (NetworkTopologyImpl.java:add(110)) - Added a new node: /default-rack/86ac6034-f33a-4178-b5f5-7175dd4ad45b
2019-08-29 08:12:55,750 [IPC Server handler 15 on 34114] INFO  node.SCMNodeManager (SCMNodeManager.java:register(273)) - Registered Data node : 86ac6034-f33a-4178-b5f5-7175dd4ad45b{ip: 192.168.34.54, host: pr-hdds-1553-zhl8q-89899572, networkLocation: /default-rack, certSerialId: null}
2019-08-29 08:12:55,751 | INFO  | SCMAudit | user=jenkins1000 | ip=192.168.34.54 | op=REGISTER {datanodeDetails=86ac6034-f33a-4178-b5f5-7175dd4ad45b{ip: 192.168.34.54, host: pr-hdds-1553-zhl8q-89899572, networkLocation: /default-rack, certSerialId: null}} | ret=SUCCESS |  
2019-08-29 08:12:55,758 [grpc-default-executor-10] INFO  impl.RaftServerProxy (RaftServerProxy.java:addNew(89)) - 86ac6034-f33a-4178-b5f5-7175dd4ad45b: addNew group-1F0F4B49E85E:[86ac6034-f33a-4178-b5f5-7175dd4ad45b:192.168.34.54:36522] returns group-1F0F4B49E85E:java.util.concurrent.CompletableFuture@691fe3a5[Not completed]
2019-08-29 08:12:55,759 [pool-483-thread-1] INFO  impl.RaftServerImpl (RaftServerImpl.java:<init>(93)) - 86ac6034-f33a-4178-b5f5-7175dd4ad45b: new RaftServerImpl for group-1F0F4B49E85E:[86ac6034-f33a-4178-b5f5-7175dd4ad45b:192.168.34.54:36522] with ContainerStateMachine:uninitialized
2019-08-29 08:12:55,759 [pool-483-thread-1] INFO  server.RaftServerConfigKeys (ConfUtils.java:logGet(43)) - raft.server.rpc.timeout.min = 5s (custom)
2019-08-29 08:12:55,759 [pool-483-thread-1] INFO  server.RaftServerConfigKeys (ConfUtils.java:logGet(43)) - raft.server.rpc.timeout.max = 5200ms (custom)
2019-08-29 08:12:55,759 [pool-483-thread-1] INFO  server.RaftServerConfigKeys (ConfUtils.java:logGet(43)) - raft.server.rpcslowness.timeout = 120s (custom)
2019-08-29 08:12:55,760 [pool-483-thread-1] INFO  server.RaftServerConfigKeys (ConfUtils.java:logGet(43)) - raft.server.sleep.deviation.threshold = 300 (default)
2019-08-29 08:12:55,760 [pool-483-thread-1] INFO  server.RaftServerConfigKeys (ConfUtils.java:logGet(43)) - raft.server.log.appender.install.snapshot.enabled = false (custom)
2019-08-29 08:12:55,760 [pool-483-thread-1] INFO  impl.RaftServerImpl (ServerState.java:<init>(105)) - 86ac6034-f33a-4178-b5f5-7175dd4ad45b:group-1F0F4B49E85E ConfigurationManager, init=-1: [86ac6034-f33a-4178-b5f5-7175dd4ad45b:192.168.34.54:36522], old=null, confs=<EMPTY_MAP>
2019-08-29 08:12:55,760 [pool-483-thread-1] INFO  server.RaftServerConfigKeys (ConfUtils.java:logGet(43)) - raft.server.storage.dir = [/workdir/hadoop-ozone/integration-test/target/test-dir/MiniOzoneClusterImpl-2b6d929c-e003-4b1e-a690-bc78ed65c470/datanode-4/data/ratis] (custom)
2019-08-29 08:12:55,760 [pool-483-thread-1] INFO  storage.RaftStorageDirectory (RaftStorageDirectory.java:analyzeStorage(246)) - The storage directory /workdir/hadoop-ozone/integration-test/target/test-dir/MiniOzoneClusterImpl-2b6d929c-e003-4b1e-a690-bc78ed65c470/datanode-4/data/ratis/6536e53e-e6de-4c9d-a539-1f0f4b49e85e does not exist. Creating ...
2019-08-29 08:12:55,775 [pool-483-thread-1] INFO  storage.RaftStorageDirectory (RaftStorageDirectory.java:tryLock(328)) - Lock on /workdir/hadoop-ozone/integration-test/target/test-dir/MiniOzoneClusterImpl-2b6d929c-e003-4b1e-a690-bc78ed65c470/datanode-4/data/ratis/6536e53e-e6de-4c9d-a539-1f0f4b49e85e/in_use.lock acquired by nodename 11171@pr-hdds-1553-zhl8q-89899572
2019-08-29 08:12:55,788 [pool-483-thread-1] INFO  storage.RaftStorage (RaftStorage.java:format(72)) - Storage directory /workdir/hadoop-ozone/integration-test/target/test-dir/MiniOzoneClusterImpl-2b6d929c-e003-4b1e-a690-bc78ed65c470/datanode-4/data/ratis/6536e53e-e6de-4c9d-a539-1f0f4b49e85e has been successfully formatted.
2019-08-29 08:12:55,789 [pool-483-thread-1] INFO  ratis.ContainerStateMachine (ContainerStateMachine.java:loadSnapshot(226)) - group-1F0F4B49E85E: The snapshot info is null. Setting the last applied indexto:(t:0, i:~)
2019-08-29 08:12:55,789 [pool-483-thread-1] INFO  server.RaftServerConfigKeys (ConfUtils.java:logGet(43)) - raft.server.leader.election.timeout = 120s (custom)
2019-08-29 08:12:55,789 [pool-483-thread-1] INFO  server.RaftServerConfigKeys (ConfUtils.java:logGet(43)) - raft.server.log.use.memory = false (default)
2019-08-29 08:12:55,789 [pool-483-thread-1] INFO  server.RaftServerConfigKeys (ConfUtils.java:logGet(43)) - raft.server.log.purge.gap = 1000000 (custom)
2019-08-29 08:12:55,789 [pool-483-thread-1] INFO  server.RaftServerConfigKeys (ConfUtils.java:logGet(43)) - raft.server.log.appender.buffer.byte-limit = 33554432 (custom)
2019-08-29 08:12:55,789 [pool-483-thread-1] INFO  server.RaftServerConfigKeys (ConfUtils.java:logGet(43)) - raft.server.log.segment.size.max = 1048576 (custom)
2019-08-29 08:12:55,790 [pool-483-thread-1] INFO  server.RaftServerConfigKeys (ConfUtils.java:logGet(43)) - raft.server.log.segment.cache.num.max = 2 (custom)
2019-08-29 08:12:55,790 [pool-483-thread-1] INFO  segmented.SegmentedRaftLogWorker (SegmentedRaftLogWorker.java:<init>(172)) - new 86ac6034-f33a-4178-b5f5-7175dd4ad45b-SegmentedRaftLogWorker:Storage Directory /workdir/hadoop-ozone/integration-test/target/test-dir/MiniOzoneClusterImpl-2b6d929c-e003-4b1e-a690-bc78ed65c470/datanode-4/data/ratis/6536e53e-e6de-4c9d-a539-1f0f4b49e85e for RaftStorage:Storage Directory /workdir/hadoop-ozone/integration-test/target/test-dir/MiniOzoneClusterImpl-2b6d929c-e003-4b1e-a690-bc78ed65c470/datanode-4/data/ratis/6536e53e-e6de-4c9d-a539-1f0f4b49e85e
2019-08-29 08:12:55,790 [pool-483-thread-1] INFO  server.RaftServerConfigKeys (ConfUtils.java:logGet(43)) - raft.server.log.queue.byte-limit = 2147483647 (custom)
2019-08-29 08:12:55,790 [pool-483-thread-1] INFO  server.RaftServerConfigKeys (ConfUtils.java:logGet(43)) - raft.server.log.queue.element-limit = 1024 (custom)
2019-08-29 08:12:55,790 [pool-483-thread-1] INFO  server.RaftServerConfigKeys (ConfUtils.java:logGet(43)) - raft.server.log.segment.size.max = 1048576 (custom)
2019-08-29 08:12:55,790 [pool-483-thread-1] INFO  server.RaftServerConfigKeys (ConfUtils.java:logGet(43)) - raft.server.log.preallocated.size = 16384 (custom)
2019-08-29 08:12:55,791 [pool-483-thread-1] INFO  server.RaftServerConfigKeys (ConfUtils.java:logGet(43)) - raft.server.log.write.buffer.size = 33554432 (custom)
2019-08-29 08:12:55,791 [pool-483-thread-1] INFO  server.RaftServerConfigKeys (ConfUtils.java:logGet(43)) - raft.server.log.force.sync.num = 128 (default)
2019-08-29 08:12:55,791 [pool-483-thread-1] INFO  server.RaftServerConfigKeys (ConfUtils.java:logGet(43)) - raft.server.log.statemachine.data.sync = true (default)
2019-08-29 08:12:55,791 [pool-483-thread-1] INFO  server.RaftServerConfigKeys (ConfUtils.java:logGet(43)) - raft.server.log.statemachine.data.sync.timeout = 10s (default)
2019-08-29 08:12:55,791 [pool-483-thread-1] INFO  server.RaftServerConfigKeys (ConfUtils.java:logGet(43)) - raft.server.log.statemachine.data.sync.timeout.retry = -1 (default)
2019-08-29 08:12:55,791 [pool-483-thread-1] INFO  server.RaftServerConfigKeys (ConfUtils.java:logGet(43)) - raft.server.log.statemachine.data.caching.enabled = true (custom)
2019-08-29 08:12:55,792 [pool-483-thread-1] INFO  segmented.SegmentedRaftLogWorker (SegmentedRaftLogWorker.java:lambda$new$0(132)) - 86ac6034-f33a-4178-b5f5-7175dd4ad45b-SegmentedRaftLogWorker:Storage Directory /workdir/hadoop-ozone/integration-test/target/test-dir/MiniOzoneClusterImpl-2b6d929c-e003-4b1e-a690-bc78ed65c470/datanode-4/data/ratis/6536e53e-e6de-4c9d-a539-1f0f4b49e85e: flushIndex: setUnconditionally 0 -> -1
2019-08-29 08:12:55,792 [pool-483-thread-1] INFO  server.RaftServerConfigKeys (ConfUtils.java:logGet(43)) - raft.server.snapshot.auto.trigger.enabled = true (custom)
2019-08-29 08:12:55,792 [pool-483-thread-1] INFO  server.RaftServerConfigKeys (ConfUtils.java:logGet(43)) - raft.server.snapshot.auto.trigger.threshold = 10000 (custom)
2019-08-29 08:12:55,792 [pool-483-thread-1] INFO  server.RaftServerConfigKeys (ConfUtils.java:logGet(43)) - raft.server.retrycache.expirytime = 600000ms (custom)
2019-08-29 08:12:55,792 [pool-483-thread-1] INFO  impl.RaftServerImpl (RaftServerImpl.java:start(180)) - 86ac6034-f33a-4178-b5f5-7175dd4ad45b: start group-1F0F4B49E85E
2019-08-29 08:12:55,793 [pool-483-thread-1] INFO  impl.RaftServerImpl (RaftServerImpl.java:setRole(171)) - 86ac6034-f33a-4178-b5f5-7175dd4ad45b:group-1F0F4B49E85E changes role from null to FOLLOWER at term 0 for startAsFollower
2019-08-29 08:12:55,793 [pool-483-thread-1] INFO  impl.RoleInfo (RoleInfo.java:updateAndGet(143)) - 86ac6034-f33a-4178-b5f5-7175dd4ad45b: start FollowerState
2019-08-29 08:12:55,793 [pool-483-thread-1] INFO  util.JmxRegister (JmxRegister.java:tryRegister(44)) - Successfully registered JMX Bean with object name Ratis:service=RaftServer,group=group-1F0F4B49E85E,id=86ac6034-f33a-4178-b5f5-7175dd4ad45b
2019-08-29 08:12:55,795 [RatisPipelineUtilsThread] INFO  pipeline.PipelineStateManager (PipelineStateManager.java:addPipeline(56)) - Created pipeline Pipeline[ Id: 6536e53e-e6de-4c9d-a539-1f0f4b49e85e, Nodes: 86ac6034-f33a-4178-b5f5-7175dd4ad45b{ip: 192.168.34.54, host: pr-hdds-1553-zhl8q-89899572, networkLocation: /default-rack, certSerialId: null}, Type:RATIS, Factor:ONE, State:OPEN]
2019-08-29 08:12:55,948 [IPC Server handler 14 on 34114] INFO  net.NetworkTopology (NetworkTopologyImpl.java:add(110)) - Added a new node: /default-rack/298a5c77-4e08-4cfb-ad26-b2dd8c1ae315
2019-08-29 08:12:55,949 [IPC Server handler 14 on 34114] INFO  node.SCMNodeManager (SCMNodeManager.java:register(273)) - Registered Data node : 298a5c77-4e08-4cfb-ad26-b2dd8c1ae315{ip: 192.168.34.54, host: pr-hdds-1553-zhl8q-89899572, networkLocation: /default-rack, certSerialId: null}
2019-08-29 08:12:55,949 | INFO  | SCMAudit | user=jenkins1000 | ip=192.168.34.54 | op=REGISTER {datanodeDetails=298a5c77-4e08-4cfb-ad26-b2dd8c1ae315{ip: 192.168.34.54, host: pr-hdds-1553-zhl8q-89899572, networkLocation: /default-rack, certSerialId: null}} | ret=SUCCESS |  
2019-08-29 08:12:55,958 [grpc-default-executor-10] INFO  impl.RaftServerProxy (RaftServerProxy.java:addNew(89)) - 298a5c77-4e08-4cfb-ad26-b2dd8c1ae315: addNew group-390F18201113:[298a5c77-4e08-4cfb-ad26-b2dd8c1ae315:192.168.34.54:45490] returns group-390F18201113:java.util.concurrent.CompletableFuture@4153557e[Not completed]
2019-08-29 08:12:55,959 [pool-494-thread-1] INFO  impl.RaftServerImpl (RaftServerImpl.java:<init>(93)) - 298a5c77-4e08-4cfb-ad26-b2dd8c1ae315: new RaftServerImpl for group-390F18201113:[298a5c77-4e08-4cfb-ad26-b2dd8c1ae315:192.168.34.54:45490] with ContainerStateMachine:uninitialized
2019-08-29 08:12:55,960 [pool-494-thread-1] INFO  server.RaftServerConfigKeys (ConfUtils.java:logGet(43)) - raft.server.rpc.timeout.min = 5s (custom)
2019-08-29 08:12:55,960 [pool-494-thread-1] INFO  server.RaftServerConfigKeys (ConfUtils.java:logGet(43)) - raft.server.rpc.timeout.max = 5200ms (custom)
2019-08-29 08:12:55,960 [pool-494-thread-1] INFO  server.RaftServerConfigKeys (ConfUtils.java:logGet(43)) - raft.server.rpcslowness.timeout = 120s (custom)
2019-08-29 08:12:55,960 [pool-494-thread-1] INFO  server.RaftServerConfigKeys (ConfUtils.java:logGet(43)) - raft.server.sleep.deviation.threshold = 300 (default)
2019-08-29 08:12:55,960 [pool-494-thread-1] INFO  server.RaftServerConfigKeys (ConfUtils.java:logGet(43)) - raft.server.log.appender.install.snapshot.enabled = false (custom)
2019-08-29 08:12:55,960 [pool-494-thread-1] INFO  impl.RaftServerImpl (ServerState.java:<init>(105)) - 298a5c77-4e08-4cfb-ad26-b2dd8c1ae315:group-390F18201113 ConfigurationManager, init=-1: [298a5c77-4e08-4cfb-ad26-b2dd8c1ae315:192.168.34.54:45490], old=null, confs=<EMPTY_MAP>
2019-08-29 08:12:55,960 [pool-494-thread-1] INFO  server.RaftServerConfigKeys (ConfUtils.java:logGet(43)) - raft.server.storage.dir = [/workdir/hadoop-ozone/integration-test/target/test-dir/MiniOzoneClusterImpl-2b6d929c-e003-4b1e-a690-bc78ed65c470/datanode-5/data/ratis] (custom)
2019-08-29 08:12:55,961 [pool-494-thread-1] INFO  storage.RaftStorageDirectory (RaftStorageDirectory.java:analyzeStorage(246)) - The storage directory /workdir/hadoop-ozone/integration-test/target/test-dir/MiniOzoneClusterImpl-2b6d929c-e003-4b1e-a690-bc78ed65c470/datanode-5/data/ratis/e7dfcd67-2594-417c-8ffa-390f18201113 does not exist. Creating ...
2019-08-29 08:12:55,970 [pool-494-thread-1] INFO  storage.RaftStorageDirectory (RaftStorageDirectory.java:tryLock(328)) - Lock on /workdir/hadoop-ozone/integration-test/target/test-dir/MiniOzoneClusterImpl-2b6d929c-e003-4b1e-a690-bc78ed65c470/datanode-5/data/ratis/e7dfcd67-2594-417c-8ffa-390f18201113/in_use.lock acquired by nodename 11171@pr-hdds-1553-zhl8q-89899572
2019-08-29 08:12:55,984 [pool-494-thread-1] INFO  storage.RaftStorage (RaftStorage.java:format(72)) - Storage directory /workdir/hadoop-ozone/integration-test/target/test-dir/MiniOzoneClusterImpl-2b6d929c-e003-4b1e-a690-bc78ed65c470/datanode-5/data/ratis/e7dfcd67-2594-417c-8ffa-390f18201113 has been successfully formatted.
2019-08-29 08:12:55,984 [pool-494-thread-1] INFO  ratis.ContainerStateMachine (ContainerStateMachine.java:loadSnapshot(226)) - group-390F18201113: The snapshot info is null. Setting the last applied indexto:(t:0, i:~)
2019-08-29 08:12:55,985 [pool-494-thread-1] INFO  server.RaftServerConfigKeys (ConfUtils.java:logGet(43)) - raft.server.leader.election.timeout = 120s (custom)
2019-08-29 08:12:55,985 [pool-494-thread-1] INFO  server.RaftServerConfigKeys (ConfUtils.java:logGet(43)) - raft.server.log.use.memory = false (default)
2019-08-29 08:12:55,985 [pool-494-thread-1] INFO  server.RaftServerConfigKeys (ConfUtils.java:logGet(43)) - raft.server.log.purge.gap = 1000000 (custom)
2019-08-29 08:12:55,985 [pool-494-thread-1] INFO  server.RaftServerConfigKeys (ConfUtils.java:logGet(43)) - raft.server.log.appender.buffer.byte-limit = 33554432 (custom)
2019-08-29 08:12:55,985 [pool-494-thread-1] INFO  server.RaftServerConfigKeys (ConfUtils.java:logGet(43)) - raft.server.log.segment.size.max = 1048576 (custom)
2019-08-29 08:12:55,985 [pool-494-thread-1] INFO  server.RaftServerConfigKeys (ConfUtils.java:logGet(43)) - raft.server.log.segment.cache.num.max = 2 (custom)
2019-08-29 08:12:55,986 [pool-494-thread-1] INFO  segmented.SegmentedRaftLogWorker (SegmentedRaftLogWorker.java:<init>(172)) - new 298a5c77-4e08-4cfb-ad26-b2dd8c1ae315-SegmentedRaftLogWorker:Storage Directory /workdir/hadoop-ozone/integration-test/target/test-dir/MiniOzoneClusterImpl-2b6d929c-e003-4b1e-a690-bc78ed65c470/datanode-5/data/ratis/e7dfcd67-2594-417c-8ffa-390f18201113 for RaftStorage:Storage Directory /workdir/hadoop-ozone/integration-test/target/test-dir/MiniOzoneClusterImpl-2b6d929c-e003-4b1e-a690-bc78ed65c470/datanode-5/data/ratis/e7dfcd67-2594-417c-8ffa-390f18201113
2019-08-29 08:12:55,986 [pool-494-thread-1] INFO  server.RaftServerConfigKeys (ConfUtils.java:logGet(43)) - raft.server.log.queue.byte-limit = 2147483647 (custom)
2019-08-29 08:12:55,986 [pool-494-thread-1] INFO  server.RaftServerConfigKeys (ConfUtils.java:logGet(43)) - raft.server.log.queue.element-limit = 1024 (custom)
2019-08-29 08:12:55,986 [pool-494-thread-1] INFO  server.RaftServerConfigKeys (ConfUtils.java:logGet(43)) - raft.server.log.segment.size.max = 1048576 (custom)
2019-08-29 08:12:55,986 [pool-494-thread-1] INFO  server.RaftServerConfigKeys (ConfUtils.java:logGet(43)) - raft.server.log.preallocated.size = 16384 (custom)
2019-08-29 08:12:55,987 [pool-494-thread-1] INFO  server.RaftServerConfigKeys (ConfUtils.java:logGet(43)) - raft.server.log.write.buffer.size = 33554432 (custom)
2019-08-29 08:12:55,987 [pool-494-thread-1] INFO  server.RaftServerConfigKeys (ConfUtils.java:logGet(43)) - raft.server.log.force.sync.num = 128 (default)
2019-08-29 08:12:55,987 [pool-494-thread-1] INFO  server.RaftServerConfigKeys (ConfUtils.java:logGet(43)) - raft.server.log.statemachine.data.sync = true (default)
2019-08-29 08:12:55,987 [pool-494-thread-1] INFO  server.RaftServerConfigKeys (ConfUtils.java:logGet(43)) - raft.server.log.statemachine.data.sync.timeout = 10s (default)
2019-08-29 08:12:55,987 [pool-494-thread-1] INFO  server.RaftServerConfigKeys (ConfUtils.java:logGet(43)) - raft.server.log.statemachine.data.sync.timeout.retry = -1 (default)
2019-08-29 08:12:55,987 [pool-494-thread-1] INFO  server.RaftServerConfigKeys (ConfUtils.java:logGet(43)) - raft.server.log.statemachine.data.caching.enabled = true (custom)
2019-08-29 08:12:55,988 [pool-494-thread-1] INFO  segmented.SegmentedRaftLogWorker (SegmentedRaftLogWorker.java:lambda$new$0(132)) - 298a5c77-4e08-4cfb-ad26-b2dd8c1ae315-SegmentedRaftLogWorker:Storage Directory /workdir/hadoop-ozone/integration-test/target/test-dir/MiniOzoneClusterImpl-2b6d929c-e003-4b1e-a690-bc78ed65c470/datanode-5/data/ratis/e7dfcd67-2594-417c-8ffa-390f18201113: flushIndex: setUnconditionally 0 -> -1
2019-08-29 08:12:55,988 [pool-494-thread-1] INFO  server.RaftServerConfigKeys (ConfUtils.java:logGet(43)) - raft.server.snapshot.auto.trigger.enabled = true (custom)
2019-08-29 08:12:55,988 [pool-494-thread-1] INFO  server.RaftServerConfigKeys (ConfUtils.java:logGet(43)) - raft.server.snapshot.auto.trigger.threshold = 10000 (custom)
2019-08-29 08:12:55,989 [pool-494-thread-1] INFO  server.RaftServerConfigKeys (ConfUtils.java:logGet(43)) - raft.server.retrycache.expirytime = 600000ms (custom)
2019-08-29 08:12:55,989 [pool-494-thread-1] INFO  impl.RaftServerImpl (RaftServerImpl.java:start(180)) - 298a5c77-4e08-4cfb-ad26-b2dd8c1ae315: start group-390F18201113
2019-08-29 08:12:55,989 [pool-494-thread-1] INFO  impl.RaftServerImpl (RaftServerImpl.java:setRole(171)) - 298a5c77-4e08-4cfb-ad26-b2dd8c1ae315:group-390F18201113 changes role from null to FOLLOWER at term 0 for startAsFollower
2019-08-29 08:12:55,989 [pool-494-thread-1] INFO  impl.RoleInfo (RoleInfo.java:updateAndGet(143)) - 298a5c77-4e08-4cfb-ad26-b2dd8c1ae315: start FollowerState
2019-08-29 08:12:55,989 [pool-494-thread-1] INFO  util.JmxRegister (JmxRegister.java:tryRegister(44)) - Successfully registered JMX Bean with object name Ratis:service=RaftServer,group=group-390F18201113,id=298a5c77-4e08-4cfb-ad26-b2dd8c1ae315
2019-08-29 08:12:55,992 [RatisPipelineUtilsThread] INFO  pipeline.PipelineStateManager (PipelineStateManager.java:addPipeline(56)) - Created pipeline Pipeline[ Id: e7dfcd67-2594-417c-8ffa-390f18201113, Nodes: 298a5c77-4e08-4cfb-ad26-b2dd8c1ae315{ip: 192.168.34.54, host: pr-hdds-1553-zhl8q-89899572, networkLocation: /default-rack, certSerialId: null}, Type:RATIS, Factor:ONE, State:OPEN]
2019-08-29 08:12:56,004 [grpc-default-executor-9] INFO  impl.RaftServerProxy (RaftServerProxy.java:addNew(89)) - 298a5c77-4e08-4cfb-ad26-b2dd8c1ae315: addNew group-0CE495B9C573:[298a5c77-4e08-4cfb-ad26-b2dd8c1ae315:192.168.34.54:45490, 86ac6034-f33a-4178-b5f5-7175dd4ad45b:192.168.34.54:36522, 22940eff-9029-4e71-b915-5f2bfabaa31a:192.168.34.54:43196] returns group-0CE495B9C573:java.util.concurrent.CompletableFuture@72745a4a[Not completed]
2019-08-29 08:12:56,004 [grpc-default-executor-10] INFO  impl.RaftServerProxy (RaftServerProxy.java:addNew(89)) - 86ac6034-f33a-4178-b5f5-7175dd4ad45b: addNew group-0CE495B9C573:[298a5c77-4e08-4cfb-ad26-b2dd8c1ae315:192.168.34.54:45490, 86ac6034-f33a-4178-b5f5-7175dd4ad45b:192.168.34.54:36522, 22940eff-9029-4e71-b915-5f2bfabaa31a:192.168.34.54:43196] returns group-0CE495B9C573:java.util.concurrent.CompletableFuture@4dde0dda[Not completed]
2019-08-29 08:12:56,004 [grpc-default-executor-7] INFO  impl.RaftServerProxy (RaftServerProxy.java:addNew(89)) - 22940eff-9029-4e71-b915-5f2bfabaa31a: addNew group-0CE495B9C573:[298a5c77-4e08-4cfb-ad26-b2dd8c1ae315:192.168.34.54:45490, 86ac6034-f33a-4178-b5f5-7175dd4ad45b:192.168.34.54:36522, 22940eff-9029-4e71-b915-5f2bfabaa31a:192.168.34.54:43196] returns group-0CE495B9C573:java.util.concurrent.CompletableFuture@7c6fea50[Not completed]
2019-08-29 08:12:56,005 [pool-472-thread-1] INFO  impl.RaftServerImpl (RaftServerImpl.java:<init>(93)) - 22940eff-9029-4e71-b915-5f2bfabaa31a: new RaftServerImpl for group-0CE495B9C573:[298a5c77-4e08-4cfb-ad26-b2dd8c1ae315:192.168.34.54:45490, 86ac6034-f33a-4178-b5f5-7175dd4ad45b:192.168.34.54:36522, 22940eff-9029-4e71-b915-5f2bfabaa31a:192.168.34.54:43196] with ContainerStateMachine:uninitialized
2019-08-29 08:12:56,005 [pool-472-thread-1] INFO  server.RaftServerConfigKeys (ConfUtils.java:logGet(43)) - raft.server.rpc.timeout.min = 5s (custom)
2019-08-29 08:12:56,005 [pool-472-thread-1] INFO  server.RaftServerConfigKeys (ConfUtils.java:logGet(43)) - raft.server.rpc.timeout.max = 5200ms (custom)
2019-08-29 08:12:56,005 [pool-472-thread-1] INFO  server.RaftServerConfigKeys (ConfUtils.java:logGet(43)) - raft.server.rpcslowness.timeout = 120s (custom)
2019-08-29 08:12:56,005 [pool-472-thread-1] INFO  server.RaftServerConfigKeys (ConfUtils.java:logGet(43)) - raft.server.sleep.deviation.threshold = 300 (default)
2019-08-29 08:12:56,005 [pool-494-thread-1] INFO  impl.RaftServerImpl (RaftServerImpl.java:<init>(93)) - 298a5c77-4e08-4cfb-ad26-b2dd8c1ae315: new RaftServerImpl for group-0CE495B9C573:[298a5c77-4e08-4cfb-ad26-b2dd8c1ae315:192.168.34.54:45490, 86ac6034-f33a-4178-b5f5-7175dd4ad45b:192.168.34.54:36522, 22940eff-9029-4e71-b915-5f2bfabaa31a:192.168.34.54:43196] with ContainerStateMachine:uninitialized
2019-08-29 08:12:56,006 [pool-472-thread-1] INFO  server.RaftServerConfigKeys (ConfUtils.java:logGet(43)) - raft.server.log.appender.install.snapshot.enabled = false (custom)
2019-08-29 08:12:56,006 [pool-494-thread-1] INFO  server.RaftServerConfigKeys (ConfUtils.java:logGet(43)) - raft.server.rpc.timeout.min = 5s (custom)
2019-08-29 08:12:56,006 [pool-472-thread-1] INFO  impl.RaftServerImpl (ServerState.java:<init>(105)) - 22940eff-9029-4e71-b915-5f2bfabaa31a:group-0CE495B9C573 ConfigurationManager, init=-1: [298a5c77-4e08-4cfb-ad26-b2dd8c1ae315:192.168.34.54:45490, 86ac6034-f33a-4178-b5f5-7175dd4ad45b:192.168.34.54:36522, 22940eff-9029-4e71-b915-5f2bfabaa31a:192.168.34.54:43196], old=null, confs=<EMPTY_MAP>
2019-08-29 08:12:56,006 [pool-483-thread-1] INFO  impl.RaftServerImpl (RaftServerImpl.java:<init>(93)) - 86ac6034-f33a-4178-b5f5-7175dd4ad45b: new RaftServerImpl for group-0CE495B9C573:[298a5c77-4e08-4cfb-ad26-b2dd8c1ae315:192.168.34.54:45490, 86ac6034-f33a-4178-b5f5-7175dd4ad45b:192.168.34.54:36522, 22940eff-9029-4e71-b915-5f2bfabaa31a:192.168.34.54:43196] with ContainerStateMachine:uninitialized
2019-08-29 08:12:56,006 [pool-494-thread-1] INFO  server.RaftServerConfigKeys (ConfUtils.java:logGet(43)) - raft.server.rpc.timeout.max = 5200ms (custom)
2019-08-29 08:12:56,006 [pool-483-thread-1] INFO  server.RaftServerConfigKeys (ConfUtils.java:logGet(43)) - raft.server.rpc.timeout.min = 5s (custom)
2019-08-29 08:12:56,006 [pool-472-thread-1] INFO  server.RaftServerConfigKeys (ConfUtils.java:logGet(43)) - raft.server.storage.dir = [/workdir/hadoop-ozone/integration-test/target/test-dir/MiniOzoneClusterImpl-2b6d929c-e003-4b1e-a690-bc78ed65c470/datanode-3/data/ratis] (custom)
2019-08-29 08:12:56,006 [pool-483-thread-1] INFO  server.RaftServerConfigKeys (ConfUtils.java:logGet(43)) - raft.server.rpc.timeout.max = 5200ms (custom)
2019-08-29 08:12:56,006 [pool-494-thread-1] INFO  server.RaftServerConfigKeys (ConfUtils.java:logGet(43)) - raft.server.rpcslowness.timeout = 120s (custom)
2019-08-29 08:12:56,006 [pool-483-thread-1] INFO  server.RaftServerConfigKeys (ConfUtils.java:logGet(43)) - raft.server.rpcslowness.timeout = 120s (custom)
2019-08-29 08:12:56,007 [pool-494-thread-1] INFO  server.RaftServerConfigKeys (ConfUtils.java:logGet(43)) - raft.server.sleep.deviation.threshold = 300 (default)
2019-08-29 08:12:56,007 [pool-472-thread-1] INFO  storage.RaftStorageDirectory (RaftStorageDirectory.java:analyzeStorage(246)) - The storage directory /workdir/hadoop-ozone/integration-test/target/test-dir/MiniOzoneClusterImpl-2b6d929c-e003-4b1e-a690-bc78ed65c470/datanode-3/data/ratis/c12172ff-05c3-4ad7-9a46-0ce495b9c573 does not exist. Creating ...
2019-08-29 08:12:56,007 [pool-494-thread-1] INFO  server.RaftServerConfigKeys (ConfUtils.java:logGet(43)) - raft.server.log.appender.install.snapshot.enabled = false (custom)
2019-08-29 08:12:56,007 [pool-483-thread-1] INFO  server.RaftServerConfigKeys (ConfUtils.java:logGet(43)) - raft.server.sleep.deviation.threshold = 300 (default)
2019-08-29 08:12:56,007 [pool-494-thread-1] INFO  impl.RaftServerImpl (ServerState.java:<init>(105)) - 298a5c77-4e08-4cfb-ad26-b2dd8c1ae315:group-0CE495B9C573 ConfigurationManager, init=-1: [298a5c77-4e08-4cfb-ad26-b2dd8c1ae315:192.168.34.54:45490, 86ac6034-f33a-4178-b5f5-7175dd4ad45b:192.168.34.54:36522, 22940eff-9029-4e71-b915-5f2bfabaa31a:192.168.34.54:43196], old=null, confs=<EMPTY_MAP>
2019-08-29 08:12:56,007 [pool-483-thread-1] INFO  server.RaftServerConfigKeys (ConfUtils.java:logGet(43)) - raft.server.log.appender.install.snapshot.enabled = false (custom)
2019-08-29 08:12:56,007 [pool-494-thread-1] INFO  server.RaftServerConfigKeys (ConfUtils.java:logGet(43)) - raft.server.storage.dir = [/workdir/hadoop-ozone/integration-test/target/test-dir/MiniOzoneClusterImpl-2b6d929c-e003-4b1e-a690-bc78ed65c470/datanode-5/data/ratis] (custom)
2019-08-29 08:12:56,007 [pool-483-thread-1] INFO  impl.RaftServerImpl (ServerState.java:<init>(105)) - 86ac6034-f33a-4178-b5f5-7175dd4ad45b:group-0CE495B9C573 ConfigurationManager, init=-1: [298a5c77-4e08-4cfb-ad26-b2dd8c1ae315:192.168.34.54:45490, 86ac6034-f33a-4178-b5f5-7175dd4ad45b:192.168.34.54:36522, 22940eff-9029-4e71-b915-5f2bfabaa31a:192.168.34.54:43196], old=null, confs=<EMPTY_MAP>
2019-08-29 08:12:56,008 [pool-483-thread-1] INFO  server.RaftServerConfigKeys (ConfUtils.java:logGet(43)) - raft.server.storage.dir = [/workdir/hadoop-ozone/integration-test/target/test-dir/MiniOzoneClusterImpl-2b6d929c-e003-4b1e-a690-bc78ed65c470/datanode-4/data/ratis] (custom)
2019-08-29 08:12:56,008 [pool-494-thread-1] INFO  storage.RaftStorageDirectory (RaftStorageDirectory.java:analyzeStorage(246)) - The storage directory /workdir/hadoop-ozone/integration-test/target/test-dir/MiniOzoneClusterImpl-2b6d929c-e003-4b1e-a690-bc78ed65c470/datanode-5/data/ratis/c12172ff-05c3-4ad7-9a46-0ce495b9c573 does not exist. Creating ...
2019-08-29 08:12:56,008 [pool-483-thread-1] INFO  storage.RaftStorageDirectory (RaftStorageDirectory.java:analyzeStorage(246)) - The storage directory /workdir/hadoop-ozone/integration-test/target/test-dir/MiniOzoneClusterImpl-2b6d929c-e003-4b1e-a690-bc78ed65c470/datanode-4/data/ratis/c12172ff-05c3-4ad7-9a46-0ce495b9c573 does not exist. Creating ...
2019-08-29 08:12:56,021 [pool-483-thread-1] INFO  storage.RaftStorageDirectory (RaftStorageDirectory.java:tryLock(328)) - Lock on /workdir/hadoop-ozone/integration-test/target/test-dir/MiniOzoneClusterImpl-2b6d929c-e003-4b1e-a690-bc78ed65c470/datanode-4/data/ratis/c12172ff-05c3-4ad7-9a46-0ce495b9c573/in_use.lock acquired by nodename 11171@pr-hdds-1553-zhl8q-89899572
2019-08-29 08:12:56,021 [pool-472-thread-1] INFO  storage.RaftStorageDirectory (RaftStorageDirectory.java:tryLock(328)) - Lock on /workdir/hadoop-ozone/integration-test/target/test-dir/MiniOzoneClusterImpl-2b6d929c-e003-4b1e-a690-bc78ed65c470/datanode-3/data/ratis/c12172ff-05c3-4ad7-9a46-0ce495b9c573/in_use.lock acquired by nodename 11171@pr-hdds-1553-zhl8q-89899572
2019-08-29 08:12:56,021 [pool-494-thread-1] INFO  storage.RaftStorageDirectory (RaftStorageDirectory.java:tryLock(328)) - Lock on /workdir/hadoop-ozone/integration-test/target/test-dir/MiniOzoneClusterImpl-2b6d929c-e003-4b1e-a690-bc78ed65c470/datanode-5/data/ratis/c12172ff-05c3-4ad7-9a46-0ce495b9c573/in_use.lock acquired by nodename 11171@pr-hdds-1553-zhl8q-89899572
2019-08-29 08:12:56,035 [pool-483-thread-1] INFO  storage.RaftStorage (RaftStorage.java:format(72)) - Storage directory /workdir/hadoop-ozone/integration-test/target/test-dir/MiniOzoneClusterImpl-2b6d929c-e003-4b1e-a690-bc78ed65c470/datanode-4/data/ratis/c12172ff-05c3-4ad7-9a46-0ce495b9c573 has been successfully formatted.
2019-08-29 08:12:56,035 [pool-472-thread-1] INFO  storage.RaftStorage (RaftStorage.java:format(72)) - Storage directory /workdir/hadoop-ozone/integration-test/target/test-dir/MiniOzoneClusterImpl-2b6d929c-e003-4b1e-a690-bc78ed65c470/datanode-3/data/ratis/c12172ff-05c3-4ad7-9a46-0ce495b9c573 has been successfully formatted.
2019-08-29 08:12:56,035 [pool-494-thread-1] INFO  storage.RaftStorage (RaftStorage.java:format(72)) - Storage directory /workdir/hadoop-ozone/integration-test/target/test-dir/MiniOzoneClusterImpl-2b6d929c-e003-4b1e-a690-bc78ed65c470/datanode-5/data/ratis/c12172ff-05c3-4ad7-9a46-0ce495b9c573 has been successfully formatted.
2019-08-29 08:12:56,036 [pool-472-thread-1] INFO  ratis.ContainerStateMachine (ContainerStateMachine.java:loadSnapshot(226)) - group-0CE495B9C573: The snapshot info is null. Setting the last applied indexto:(t:0, i:~)
2019-08-29 08:12:56,036 [pool-483-thread-1] INFO  ratis.ContainerStateMachine (ContainerStateMachine.java:loadSnapshot(226)) - group-0CE495B9C573: The snapshot info is null. Setting the last applied indexto:(t:0, i:~)
2019-08-29 08:12:56,036 [pool-494-thread-1] INFO  ratis.ContainerStateMachine (ContainerStateMachine.java:loadSnapshot(226)) - group-0CE495B9C573: The snapshot info is null. Setting the last applied indexto:(t:0, i:~)
2019-08-29 08:12:56,036 [pool-472-thread-1] INFO  server.RaftServerConfigKeys (ConfUtils.java:logGet(43)) - raft.server.leader.election.timeout = 120s (custom)
2019-08-29 08:12:56,036 [pool-494-thread-1] INFO  server.RaftServerConfigKeys (ConfUtils.java:logGet(43)) - raft.server.leader.election.timeout = 120s (custom)
2019-08-29 08:12:56,036 [pool-483-thread-1] INFO  server.RaftServerConfigKeys (ConfUtils.java:logGet(43)) - raft.server.leader.election.timeout = 120s (custom)
2019-08-29 08:12:56,036 [pool-494-thread-1] INFO  server.RaftServerConfigKeys (ConfUtils.java:logGet(43)) - raft.server.log.use.memory = false (default)
2019-08-29 08:12:56,036 [pool-472-thread-1] INFO  server.RaftServerConfigKeys (ConfUtils.java:logGet(43)) - raft.server.log.use.memory = false (default)
2019-08-29 08:12:56,037 [pool-494-thread-1] INFO  server.RaftServerConfigKeys (ConfUtils.java:logGet(43)) - raft.server.log.purge.gap = 1000000 (custom)
2019-08-29 08:12:56,037 [pool-483-thread-1] INFO  server.RaftServerConfigKeys (ConfUtils.java:logGet(43)) - raft.server.log.use.memory = false (default)
2019-08-29 08:12:56,037 [pool-494-thread-1] INFO  server.RaftServerConfigKeys (ConfUtils.java:logGet(43)) - raft.server.log.appender.buffer.byte-limit = 33554432 (custom)
2019-08-29 08:12:56,037 [pool-472-thread-1] INFO  server.RaftServerConfigKeys (ConfUtils.java:logGet(43)) - raft.server.log.purge.gap = 1000000 (custom)
2019-08-29 08:12:56,037 [pool-483-thread-1] INFO  server.RaftServerConfigKeys (ConfUtils.java:logGet(43)) - raft.server.log.purge.gap = 1000000 (custom)
2019-08-29 08:12:56,038 [pool-494-thread-1] INFO  server.RaftServerConfigKeys (ConfUtils.java:logGet(43)) - raft.server.log.segment.size.max = 1048576 (custom)
2019-08-29 08:12:56,038 [pool-472-thread-1] INFO  server.RaftServerConfigKeys (ConfUtils.java:logGet(43)) - raft.server.log.appender.buffer.byte-limit = 33554432 (custom)
2019-08-29 08:12:56,038 [pool-494-thread-1] INFO  server.RaftServerConfigKeys (ConfUtils.java:logGet(43)) - raft.server.log.segment.cache.num.max = 2 (custom)
2019-08-29 08:12:56,038 [pool-483-thread-1] INFO  server.RaftServerConfigKeys (ConfUtils.java:logGet(43)) - raft.server.log.appender.buffer.byte-limit = 33554432 (custom)
2019-08-29 08:12:56,039 [pool-494-thread-1] INFO  segmented.SegmentedRaftLogWorker (SegmentedRaftLogWorker.java:<init>(172)) - new 298a5c77-4e08-4cfb-ad26-b2dd8c1ae315-SegmentedRaftLogWorker:Storage Directory /workdir/hadoop-ozone/integration-test/target/test-dir/MiniOzoneClusterImpl-2b6d929c-e003-4b1e-a690-bc78ed65c470/datanode-5/data/ratis/c12172ff-05c3-4ad7-9a46-0ce495b9c573 for RaftStorage:Storage Directory /workdir/hadoop-ozone/integration-test/target/test-dir/MiniOzoneClusterImpl-2b6d929c-e003-4b1e-a690-bc78ed65c470/datanode-5/data/ratis/c12172ff-05c3-4ad7-9a46-0ce495b9c573
2019-08-29 08:12:56,038 [pool-472-thread-1] INFO  server.RaftServerConfigKeys (ConfUtils.java:logGet(43)) - raft.server.log.segment.size.max = 1048576 (custom)
2019-08-29 08:12:56,039 [pool-494-thread-1] INFO  server.RaftServerConfigKeys (ConfUtils.java:logGet(43)) - raft.server.log.queue.byte-limit = 2147483647 (custom)
2019-08-29 08:12:56,039 [pool-483-thread-1] INFO  server.RaftServerConfigKeys (ConfUtils.java:logGet(43)) - raft.server.log.segment.size.max = 1048576 (custom)
2019-08-29 08:12:56,039 [pool-494-thread-1] INFO  server.RaftServerConfigKeys (ConfUtils.java:logGet(43)) - raft.server.log.queue.element-limit = 1024 (custom)
2019-08-29 08:12:56,039 [pool-472-thread-1] INFO  server.RaftServerConfigKeys (ConfUtils.java:logGet(43)) - raft.server.log.segment.cache.num.max = 2 (custom)
2019-08-29 08:12:56,039 [pool-494-thread-1] INFO  server.RaftServerConfigKeys (ConfUtils.java:logGet(43)) - raft.server.log.segment.size.max = 1048576 (custom)
2019-08-29 08:12:56,039 [pool-483-thread-1] INFO  server.RaftServerConfigKeys (ConfUtils.java:logGet(43)) - raft.server.log.segment.cache.num.max = 2 (custom)
2019-08-29 08:12:56,040 [pool-494-thread-1] INFO  server.RaftServerConfigKeys (ConfUtils.java:logGet(43)) - raft.server.log.preallocated.size = 16384 (custom)
2019-08-29 08:12:56,040 [pool-472-thread-1] INFO  segmented.SegmentedRaftLogWorker (SegmentedRaftLogWorker.java:<init>(172)) - new 22940eff-9029-4e71-b915-5f2bfabaa31a-SegmentedRaftLogWorker:Storage Directory /workdir/hadoop-ozone/integration-test/target/test-dir/MiniOzoneClusterImpl-2b6d929c-e003-4b1e-a690-bc78ed65c470/datanode-3/data/ratis/c12172ff-05c3-4ad7-9a46-0ce495b9c573 for RaftStorage:Storage Directory /workdir/hadoop-ozone/integration-test/target/test-dir/MiniOzoneClusterImpl-2b6d929c-e003-4b1e-a690-bc78ed65c470/datanode-3/data/ratis/c12172ff-05c3-4ad7-9a46-0ce495b9c573
2019-08-29 08:12:56,040 [pool-494-thread-1] INFO  server.RaftServerConfigKeys (ConfUtils.java:logGet(43)) - raft.server.log.write.buffer.size = 33554432 (custom)
2019-08-29 08:12:56,040 [pool-483-thread-1] INFO  segmented.SegmentedRaftLogWorker (SegmentedRaftLogWorker.java:<init>(172)) - new 86ac6034-f33a-4178-b5f5-7175dd4ad45b-SegmentedRaftLogWorker:Storage Directory /workdir/hadoop-ozone/integration-test/target/test-dir/MiniOzoneClusterImpl-2b6d929c-e003-4b1e-a690-bc78ed65c470/datanode-4/data/ratis/c12172ff-05c3-4ad7-9a46-0ce495b9c573 for RaftStorage:Storage Directory /workdir/hadoop-ozone/integration-test/target/test-dir/MiniOzoneClusterImpl-2b6d929c-e003-4b1e-a690-bc78ed65c470/datanode-4/data/ratis/c12172ff-05c3-4ad7-9a46-0ce495b9c573
2019-08-29 08:12:56,040 [pool-494-thread-1] INFO  server.RaftServerConfigKeys (ConfUtils.java:logGet(43)) - raft.server.log.force.sync.num = 128 (default)
2019-08-29 08:12:56,040 [pool-472-thread-1] INFO  server.RaftServerConfigKeys (ConfUtils.java:logGet(43)) - raft.server.log.queue.byte-limit = 2147483647 (custom)
2019-08-29 08:12:56,041 [pool-494-thread-1] INFO  server.RaftServerConfigKeys (ConfUtils.java:logGet(43)) - raft.server.log.statemachine.data.sync = true (default)
2019-08-29 08:12:56,041 [pool-483-thread-1] INFO  server.RaftServerConfigKeys (ConfUtils.java:logGet(43)) - raft.server.log.queue.byte-limit = 2147483647 (custom)
2019-08-29 08:12:56,041 [pool-494-thread-1] INFO  server.RaftServerConfigKeys (ConfUtils.java:logGet(43)) - raft.server.log.statemachine.data.sync.timeout = 10s (default)
2019-08-29 08:12:56,041 [pool-472-thread-1] INFO  server.RaftServerConfigKeys (ConfUtils.java:logGet(43)) - raft.server.log.queue.element-limit = 1024 (custom)
2019-08-29 08:12:56,041 [pool-494-thread-1] INFO  server.RaftServerConfigKeys (ConfUtils.java:logGet(43)) - raft.server.log.statemachine.data.sync.timeout.retry = -1 (default)
2019-08-29 08:12:56,041 [pool-483-thread-1] INFO  server.RaftServerConfigKeys (ConfUtils.java:logGet(43)) - raft.server.log.queue.element-limit = 1024 (custom)
2019-08-29 08:12:56,041 [pool-472-thread-1] INFO  server.RaftServerConfigKeys (ConfUtils.java:logGet(43)) - raft.server.log.segment.size.max = 1048576 (custom)
2019-08-29 08:12:56,042 [pool-494-thread-1] INFO  server.RaftServerConfigKeys (ConfUtils.java:logGet(43)) - raft.server.log.statemachine.data.caching.enabled = true (custom)
2019-08-29 08:12:56,042 [pool-483-thread-1] INFO  server.RaftServerConfigKeys (ConfUtils.java:logGet(43)) - raft.server.log.segment.size.max = 1048576 (custom)
2019-08-29 08:12:56,042 [pool-472-thread-1] INFO  server.RaftServerConfigKeys (ConfUtils.java:logGet(43)) - raft.server.log.preallocated.size = 16384 (custom)
2019-08-29 08:12:56,042 [pool-483-thread-1] INFO  server.RaftServerConfigKeys (ConfUtils.java:logGet(43)) - raft.server.log.preallocated.size = 16384 (custom)
2019-08-29 08:12:56,042 [pool-472-thread-1] INFO  server.RaftServerConfigKeys (ConfUtils.java:logGet(43)) - raft.server.log.write.buffer.size = 33554432 (custom)
2019-08-29 08:12:56,042 [pool-483-thread-1] INFO  server.RaftServerConfigKeys (ConfUtils.java:logGet(43)) - raft.server.log.write.buffer.size = 33554432 (custom)
2019-08-29 08:12:56,042 [pool-494-thread-1] INFO  segmented.SegmentedRaftLogWorker (SegmentedRaftLogWorker.java:lambda$new$0(132)) - 298a5c77-4e08-4cfb-ad26-b2dd8c1ae315-SegmentedRaftLogWorker:Storage Directory /workdir/hadoop-ozone/integration-test/target/test-dir/MiniOzoneClusterImpl-2b6d929c-e003-4b1e-a690-bc78ed65c470/datanode-5/data/ratis/c12172ff-05c3-4ad7-9a46-0ce495b9c573: flushIndex: setUnconditionally 0 -> -1
2019-08-29 08:12:56,042 [pool-472-thread-1] INFO  server.RaftServerConfigKeys (ConfUtils.java:logGet(43)) - raft.server.log.force.sync.num = 128 (default)
2019-08-29 08:12:56,043 [pool-483-thread-1] INFO  server.RaftServerConfigKeys (ConfUtils.java:logGet(43)) - raft.server.log.force.sync.num = 128 (default)
2019-08-29 08:12:56,043 [pool-494-thread-1] INFO  server.RaftServerConfigKeys (ConfUtils.java:logGet(43)) - raft.server.snapshot.auto.trigger.enabled = true (custom)
2019-08-29 08:12:56,043 [pool-472-thread-1] INFO  server.RaftServerConfigKeys (ConfUtils.java:logGet(43)) - raft.server.log.statemachine.data.sync = true (default)
2019-08-29 08:12:56,043 [pool-494-thread-1] INFO  server.RaftServerConfigKeys (ConfUtils.java:logGet(43)) - raft.server.snapshot.auto.trigger.threshold = 10000 (custom)
2019-08-29 08:12:56,043 [pool-483-thread-1] INFO  server.RaftServerConfigKeys (ConfUtils.java:logGet(43)) - raft.server.log.statemachine.data.sync = true (default)
2019-08-29 08:12:56,044 [pool-494-thread-1] INFO  server.RaftServerConfigKeys (ConfUtils.java:logGet(43)) - raft.server.retrycache.expirytime = 600000ms (custom)
2019-08-29 08:12:56,043 [pool-472-thread-1] INFO  server.RaftServerConfigKeys (ConfUtils.java:logGet(43)) - raft.server.log.statemachine.data.sync.timeout = 10s (default)
2019-08-29 08:12:56,044 [pool-483-thread-1] INFO  server.RaftServerConfigKeys (ConfUtils.java:logGet(43)) - raft.server.log.statemachine.data.sync.timeout = 10s (default)
2019-08-29 08:12:56,044 [pool-494-thread-1] INFO  impl.RaftServerImpl (RaftServerImpl.java:start(180)) - 298a5c77-4e08-4cfb-ad26-b2dd8c1ae315: start group-0CE495B9C573
2019-08-29 08:12:56,044 [pool-472-thread-1] INFO  server.RaftServerConfigKeys (ConfUtils.java:logGet(43)) - raft.server.log.statemachine.data.sync.timeout.retry = -1 (default)
2019-08-29 08:12:56,044 [pool-494-thread-1] INFO  impl.RaftServerImpl (RaftServerImpl.java:setRole(171)) - 298a5c77-4e08-4cfb-ad26-b2dd8c1ae315:group-0CE495B9C573 changes role from null to FOLLOWER at term 0 for startAsFollower
2019-08-29 08:12:56,044 [pool-483-thread-1] INFO  server.RaftServerConfigKeys (ConfUtils.java:logGet(43)) - raft.server.log.statemachine.data.sync.timeout.retry = -1 (default)
2019-08-29 08:12:56,044 [pool-494-thread-1] INFO  impl.RoleInfo (RoleInfo.java:updateAndGet(143)) - 298a5c77-4e08-4cfb-ad26-b2dd8c1ae315: start FollowerState
2019-08-29 08:12:56,044 [pool-472-thread-1] INFO  server.RaftServerConfigKeys (ConfUtils.java:logGet(43)) - raft.server.log.statemachine.data.caching.enabled = true (custom)
2019-08-29 08:12:56,045 [pool-483-thread-1] INFO  server.RaftServerConfigKeys (ConfUtils.java:logGet(43)) - raft.server.log.statemachine.data.caching.enabled = true (custom)
2019-08-29 08:12:56,045 [pool-472-thread-1] INFO  segmented.SegmentedRaftLogWorker (SegmentedRaftLogWorker.java:lambda$new$0(132)) - 22940eff-9029-4e71-b915-5f2bfabaa31a-SegmentedRaftLogWorker:Storage Directory /workdir/hadoop-ozone/integration-test/target/test-dir/MiniOzoneClusterImpl-2b6d929c-e003-4b1e-a690-bc78ed65c470/datanode-3/data/ratis/c12172ff-05c3-4ad7-9a46-0ce495b9c573: flushIndex: setUnconditionally 0 -> -1
2019-08-29 08:12:56,045 [pool-483-thread-1] INFO  segmented.SegmentedRaftLogWorker (SegmentedRaftLogWorker.java:lambda$new$0(132)) - 86ac6034-f33a-4178-b5f5-7175dd4ad45b-SegmentedRaftLogWorker:Storage Directory /workdir/hadoop-ozone/integration-test/target/test-dir/MiniOzoneClusterImpl-2b6d929c-e003-4b1e-a690-bc78ed65c470/datanode-4/data/ratis/c12172ff-05c3-4ad7-9a46-0ce495b9c573: flushIndex: setUnconditionally 0 -> -1
2019-08-29 08:12:56,045 [pool-472-thread-1] INFO  server.RaftServerConfigKeys (ConfUtils.java:logGet(43)) - raft.server.snapshot.auto.trigger.enabled = true (custom)
2019-08-29 08:12:56,045 [pool-494-thread-1] INFO  util.JmxRegister (JmxRegister.java:tryRegister(44)) - Successfully registered JMX Bean with object name Ratis:service=RaftServer,group=group-0CE495B9C573,id=298a5c77-4e08-4cfb-ad26-b2dd8c1ae315
2019-08-29 08:12:56,045 [pool-483-thread-1] INFO  server.RaftServerConfigKeys (ConfUtils.java:logGet(43)) - raft.server.snapshot.auto.trigger.enabled = true (custom)
2019-08-29 08:12:56,045 [pool-472-thread-1] INFO  server.RaftServerConfigKeys (ConfUtils.java:logGet(43)) - raft.server.snapshot.auto.trigger.threshold = 10000 (custom)
2019-08-29 08:12:56,046 [pool-483-thread-1] INFO  server.RaftServerConfigKeys (ConfUtils.java:logGet(43)) - raft.server.snapshot.auto.trigger.threshold = 10000 (custom)
2019-08-29 08:12:56,046 [pool-472-thread-1] INFO  server.RaftServerConfigKeys (ConfUtils.java:logGet(43)) - raft.server.retrycache.expirytime = 600000ms (custom)
2019-08-29 08:12:56,046 [pool-483-thread-1] INFO  server.RaftServerConfigKeys (ConfUtils.java:logGet(43)) - raft.server.retrycache.expirytime = 600000ms (custom)
2019-08-29 08:12:56,046 [pool-472-thread-1] INFO  impl.RaftServerImpl (RaftServerImpl.java:start(180)) - 22940eff-9029-4e71-b915-5f2bfabaa31a: start group-0CE495B9C573
2019-08-29 08:12:56,046 [pool-483-thread-1] INFO  impl.RaftServerImpl (RaftServerImpl.java:start(180)) - 86ac6034-f33a-4178-b5f5-7175dd4ad45b: start group-0CE495B9C573
2019-08-29 08:12:56,046 [pool-472-thread-1] INFO  impl.RaftServerImpl (RaftServerImpl.java:setRole(171)) - 22940eff-9029-4e71-b915-5f2bfabaa31a:group-0CE495B9C573 changes role from null to FOLLOWER at term 0 for startAsFollower
2019-08-29 08:12:56,046 [pool-483-thread-1] INFO  impl.RaftServerImpl (RaftServerImpl.java:setRole(171)) - 86ac6034-f33a-4178-b5f5-7175dd4ad45b:group-0CE495B9C573 changes role from null to FOLLOWER at term 0 for startAsFollower
2019-08-29 08:12:56,047 [pool-472-thread-1] INFO  impl.RoleInfo (RoleInfo.java:updateAndGet(143)) - 22940eff-9029-4e71-b915-5f2bfabaa31a: start FollowerState
2019-08-29 08:12:56,047 [pool-483-thread-1] INFO  impl.RoleInfo (RoleInfo.java:updateAndGet(143)) - 86ac6034-f33a-4178-b5f5-7175dd4ad45b: start FollowerState
2019-08-29 08:12:56,047 [pool-472-thread-1] INFO  util.JmxRegister (JmxRegister.java:tryRegister(44)) - Successfully registered JMX Bean with object name Ratis:service=RaftServer,group=group-0CE495B9C573,id=22940eff-9029-4e71-b915-5f2bfabaa31a
2019-08-29 08:12:56,047 [pool-483-thread-1] INFO  util.JmxRegister (JmxRegister.java:tryRegister(44)) - Successfully registered JMX Bean with object name Ratis:service=RaftServer,group=group-0CE495B9C573,id=86ac6034-f33a-4178-b5f5-7175dd4ad45b
2019-08-29 08:12:56,052 [RatisPipelineUtilsThread] INFO  pipeline.PipelineStateManager (PipelineStateManager.java:addPipeline(56)) - Created pipeline Pipeline[ Id: c12172ff-05c3-4ad7-9a46-0ce495b9c573, Nodes: 298a5c77-4e08-4cfb-ad26-b2dd8c1ae315{ip: 192.168.34.54, host: pr-hdds-1553-zhl8q-89899572, networkLocation: /default-rack, certSerialId: null}86ac6034-f33a-4178-b5f5-7175dd4ad45b{ip: 192.168.34.54, host: pr-hdds-1553-zhl8q-89899572, networkLocation: /default-rack, certSerialId: null}22940eff-9029-4e71-b915-5f2bfabaa31a{ip: 192.168.34.54, host: pr-hdds-1553-zhl8q-89899572, networkLocation: /default-rack, certSerialId: null}, Type:RATIS, Factor:THREE, State:OPEN]
2019-08-29 08:12:56,139 [main] INFO  ozone.MiniOzoneClusterImpl (MiniOzoneClusterImpl.java:lambda$waitForClusterToBeReady$0(142)) - Waiting for cluster to be ready. Got 6 of 7 DN Heartbeats.
2019-08-29 08:12:56,140 [IPC Server handler 19 on 34114] INFO  net.NetworkTopology (NetworkTopologyImpl.java:add(110)) - Added a new node: /default-rack/f857bedd-aee7-4d2b-9918-46878ad86507
2019-08-29 08:12:56,140 [IPC Server handler 19 on 34114] INFO  node.SCMNodeManager (SCMNodeManager.java:register(273)) - Registered Data node : f857bedd-aee7-4d2b-9918-46878ad86507{ip: 192.168.34.54, host: pr-hdds-1553-zhl8q-89899572, networkLocation: /default-rack, certSerialId: null}
2019-08-29 08:12:56,143 | INFO  | SCMAudit | user=jenkins1000 | ip=192.168.34.54 | op=REGISTER {datanodeDetails=f857bedd-aee7-4d2b-9918-46878ad86507{ip: 192.168.34.54, host: pr-hdds-1553-zhl8q-89899572, networkLocation: /default-rack, certSerialId: null}} | ret=SUCCESS |  
2019-08-29 08:12:56,151 [grpc-default-executor-10] INFO  impl.RaftServerProxy (RaftServerProxy.java:addNew(89)) - f857bedd-aee7-4d2b-9918-46878ad86507: addNew group-65DAA08326A7:[f857bedd-aee7-4d2b-9918-46878ad86507:192.168.34.54:46112] returns group-65DAA08326A7:java.util.concurrent.CompletableFuture@cc022d8[Not completed]
2019-08-29 08:12:56,152 [pool-505-thread-1] INFO  impl.RaftServerImpl (RaftServerImpl.java:<init>(93)) - f857bedd-aee7-4d2b-9918-46878ad86507: new RaftServerImpl for group-65DAA08326A7:[f857bedd-aee7-4d2b-9918-46878ad86507:192.168.34.54:46112] with ContainerStateMachine:uninitialized
2019-08-29 08:12:56,152 [pool-505-thread-1] INFO  server.RaftServerConfigKeys (ConfUtils.java:logGet(43)) - raft.server.rpc.timeout.min = 5s (custom)
2019-08-29 08:12:56,152 [pool-505-thread-1] INFO  server.RaftServerConfigKeys (ConfUtils.java:logGet(43)) - raft.server.rpc.timeout.max = 5200ms (custom)
2019-08-29 08:12:56,152 [pool-505-thread-1] INFO  server.RaftServerConfigKeys (ConfUtils.java:logGet(43)) - raft.server.rpcslowness.timeout = 120s (custom)
2019-08-29 08:12:56,152 [pool-505-thread-1] INFO  server.RaftServerConfigKeys (ConfUtils.java:logGet(43)) - raft.server.sleep.deviation.threshold = 300 (default)
2019-08-29 08:12:56,152 [pool-505-thread-1] INFO  server.RaftServerConfigKeys (ConfUtils.java:logGet(43)) - raft.server.log.appender.install.snapshot.enabled = false (custom)
2019-08-29 08:12:56,152 [pool-505-thread-1] INFO  impl.RaftServerImpl (ServerState.java:<init>(105)) - f857bedd-aee7-4d2b-9918-46878ad86507:group-65DAA08326A7 ConfigurationManager, init=-1: [f857bedd-aee7-4d2b-9918-46878ad86507:192.168.34.54:46112], old=null, confs=<EMPTY_MAP>
2019-08-29 08:12:56,153 [pool-505-thread-1] INFO  server.RaftServerConfigKeys (ConfUtils.java:logGet(43)) - raft.server.storage.dir = [/workdir/hadoop-ozone/integration-test/target/test-dir/MiniOzoneClusterImpl-2b6d929c-e003-4b1e-a690-bc78ed65c470/datanode-6/data/ratis] (custom)
2019-08-29 08:12:56,153 [pool-505-thread-1] INFO  storage.RaftStorageDirectory (RaftStorageDirectory.java:analyzeStorage(246)) - The storage directory /workdir/hadoop-ozone/integration-test/target/test-dir/MiniOzoneClusterImpl-2b6d929c-e003-4b1e-a690-bc78ed65c470/datanode-6/data/ratis/18a86f71-4b3f-413c-a1ec-65daa08326a7 does not exist. Creating ...
2019-08-29 08:12:56,166 [pool-505-thread-1] INFO  storage.RaftStorageDirectory (RaftStorageDirectory.java:tryLock(328)) - Lock on /workdir/hadoop-ozone/integration-test/target/test-dir/MiniOzoneClusterImpl-2b6d929c-e003-4b1e-a690-bc78ed65c470/datanode-6/data/ratis/18a86f71-4b3f-413c-a1ec-65daa08326a7/in_use.lock acquired by nodename 11171@pr-hdds-1553-zhl8q-89899572
2019-08-29 08:12:56,170 [pool-505-thread-1] INFO  storage.RaftStorage (RaftStorage.java:format(72)) - Storage directory /workdir/hadoop-ozone/integration-test/target/test-dir/MiniOzoneClusterImpl-2b6d929c-e003-4b1e-a690-bc78ed65c470/datanode-6/data/ratis/18a86f71-4b3f-413c-a1ec-65daa08326a7 has been successfully formatted.
2019-08-29 08:12:56,170 [pool-505-thread-1] INFO  ratis.ContainerStateMachine (ContainerStateMachine.java:loadSnapshot(226)) - group-65DAA08326A7: The snapshot info is null. Setting the last applied indexto:(t:0, i:~)
2019-08-29 08:12:56,170 [pool-505-thread-1] INFO  server.RaftServerConfigKeys (ConfUtils.java:logGet(43)) - raft.server.leader.election.timeout = 120s (custom)
2019-08-29 08:12:56,170 [pool-505-thread-1] INFO  server.RaftServerConfigKeys (ConfUtils.java:logGet(43)) - raft.server.log.use.memory = false (default)
2019-08-29 08:12:56,170 [pool-505-thread-1] INFO  server.RaftServerConfigKeys (ConfUtils.java:logGet(43)) - raft.server.log.purge.gap = 1000000 (custom)
2019-08-29 08:12:56,171 [pool-505-thread-1] INFO  server.RaftServerConfigKeys (ConfUtils.java:logGet(43)) - raft.server.log.appender.buffer.byte-limit = 33554432 (custom)
2019-08-29 08:12:56,171 [pool-505-thread-1] INFO  server.RaftServerConfigKeys (ConfUtils.java:logGet(43)) - raft.server.log.segment.size.max = 1048576 (custom)
2019-08-29 08:12:56,171 [pool-505-thread-1] INFO  server.RaftServerConfigKeys (ConfUtils.java:logGet(43)) - raft.server.log.segment.cache.num.max = 2 (custom)
2019-08-29 08:12:56,171 [pool-505-thread-1] INFO  segmented.SegmentedRaftLogWorker (SegmentedRaftLogWorker.java:<init>(172)) - new f857bedd-aee7-4d2b-9918-46878ad86507-SegmentedRaftLogWorker:Storage Directory /workdir/hadoop-ozone/integration-test/target/test-dir/MiniOzoneClusterImpl-2b6d929c-e003-4b1e-a690-bc78ed65c470/datanode-6/data/ratis/18a86f71-4b3f-413c-a1ec-65daa08326a7 for RaftStorage:Storage Directory /workdir/hadoop-ozone/integration-test/target/test-dir/MiniOzoneClusterImpl-2b6d929c-e003-4b1e-a690-bc78ed65c470/datanode-6/data/ratis/18a86f71-4b3f-413c-a1ec-65daa08326a7
2019-08-29 08:12:56,171 [pool-505-thread-1] INFO  server.RaftServerConfigKeys (ConfUtils.java:logGet(43)) - raft.server.log.queue.byte-limit = 2147483647 (custom)
2019-08-29 08:12:56,171 [pool-505-thread-1] INFO  server.RaftServerConfigKeys (ConfUtils.java:logGet(43)) - raft.server.log.queue.element-limit = 1024 (custom)
2019-08-29 08:12:56,171 [pool-505-thread-1] INFO  server.RaftServerConfigKeys (ConfUtils.java:logGet(43)) - raft.server.log.segment.size.max = 1048576 (custom)
2019-08-29 08:12:56,171 [pool-505-thread-1] INFO  server.RaftServerConfigKeys (ConfUtils.java:logGet(43)) - raft.server.log.preallocated.size = 16384 (custom)
2019-08-29 08:12:56,171 [pool-505-thread-1] INFO  server.RaftServerConfigKeys (ConfUtils.java:logGet(43)) - raft.server.log.write.buffer.size = 33554432 (custom)
2019-08-29 08:12:56,171 [pool-505-thread-1] INFO  server.RaftServerConfigKeys (ConfUtils.java:logGet(43)) - raft.server.log.force.sync.num = 128 (default)
2019-08-29 08:12:56,171 [pool-505-thread-1] INFO  server.RaftServerConfigKeys (ConfUtils.java:logGet(43)) - raft.server.log.statemachine.data.sync = true (default)
2019-08-29 08:12:56,172 [pool-505-thread-1] INFO  server.RaftServerConfigKeys (ConfUtils.java:logGet(43)) - raft.server.log.statemachine.data.sync.timeout = 10s (default)
2019-08-29 08:12:56,172 [pool-505-thread-1] INFO  server.RaftServerConfigKeys (ConfUtils.java:logGet(43)) - raft.server.log.statemachine.data.sync.timeout.retry = -1 (default)
2019-08-29 08:12:56,172 [pool-505-thread-1] INFO  server.RaftServerConfigKeys (ConfUtils.java:logGet(43)) - raft.server.log.statemachine.data.caching.enabled = true (custom)
2019-08-29 08:12:56,172 [pool-505-thread-1] INFO  segmented.SegmentedRaftLogWorker (SegmentedRaftLogWorker.java:lambda$new$0(132)) - f857bedd-aee7-4d2b-9918-46878ad86507-SegmentedRaftLogWorker:Storage Directory /workdir/hadoop-ozone/integration-test/target/test-dir/MiniOzoneClusterImpl-2b6d929c-e003-4b1e-a690-bc78ed65c470/datanode-6/data/ratis/18a86f71-4b3f-413c-a1ec-65daa08326a7: flushIndex: setUnconditionally 0 -> -1
2019-08-29 08:12:56,172 [pool-505-thread-1] INFO  server.RaftServerConfigKeys (ConfUtils.java:logGet(43)) - raft.server.snapshot.auto.trigger.enabled = true (custom)
2019-08-29 08:12:56,172 [pool-505-thread-1] INFO  server.RaftServerConfigKeys (ConfUtils.java:logGet(43)) - raft.server.snapshot.auto.trigger.threshold = 10000 (custom)
2019-08-29 08:12:56,172 [pool-505-thread-1] INFO  server.RaftServerConfigKeys (ConfUtils.java:logGet(43)) - raft.server.retrycache.expirytime = 600000ms (custom)
2019-08-29 08:12:56,173 [pool-505-thread-1] INFO  impl.RaftServerImpl (RaftServerImpl.java:start(180)) - f857bedd-aee7-4d2b-9918-46878ad86507: start group-65DAA08326A7
2019-08-29 08:12:56,173 [pool-505-thread-1] INFO  impl.RaftServerImpl (RaftServerImpl.java:setRole(171)) - f857bedd-aee7-4d2b-9918-46878ad86507:group-65DAA08326A7 changes role from null to FOLLOWER at term 0 for startAsFollower
2019-08-29 08:12:56,173 [pool-505-thread-1] INFO  impl.RoleInfo (RoleInfo.java:updateAndGet(143)) - f857bedd-aee7-4d2b-9918-46878ad86507: start FollowerState
2019-08-29 08:12:56,173 [pool-505-thread-1] INFO  util.JmxRegister (JmxRegister.java:tryRegister(44)) - Successfully registered JMX Bean with object name Ratis:service=RaftServer,group=group-65DAA08326A7,id=f857bedd-aee7-4d2b-9918-46878ad86507
2019-08-29 08:12:56,175 [RatisPipelineUtilsThread] INFO  pipeline.PipelineStateManager (PipelineStateManager.java:addPipeline(56)) - Created pipeline Pipeline[ Id: 18a86f71-4b3f-413c-a1ec-65daa08326a7, Nodes: f857bedd-aee7-4d2b-9918-46878ad86507{ip: 192.168.34.54, host: pr-hdds-1553-zhl8q-89899572, networkLocation: /default-rack, certSerialId: null}, Type:RATIS, Factor:ONE, State:OPEN]
2019-08-29 08:12:56,750 | INFO  | SCMAudit | user=jenkins1000 | ip=192.168.34.54 | op=SEND_HEARTBEAT {datanodeUUID=701dcac2-413a-4112-9eef-a6503cb024bf, command=[]} | ret=SUCCESS |  
2019-08-29 08:12:57,139 [main] INFO  ozone.MiniOzoneClusterImpl (MiniOzoneClusterImpl.java:lambda$waitForClusterToBeReady$0(142)) - Cluster is ready. Got 7 of 7 DN Heartbeats.
2019-08-29 08:12:57,164 | INFO  | SCMAudit | user=jenkins1000 | ip=192.168.34.54 | op=SEND_HEARTBEAT {datanodeUUID=2ba8cf83-fb49-4c0e-ac06-565332abd279, command=[]} | ret=SUCCESS |  
2019-08-29 08:12:57,173 [main] INFO  rpc.RpcClient (RpcClient.java:createVolume(293)) - Creating Volume: testblockoutputstream, with jenkins1000 as owner.
2019-08-29 08:12:57,175 | INFO  | OMAudit | user=jenkins1000 | ip=127.0.0.1 | op=CREATE_VOLUME {admin=jenkins1000, owner=jenkins1000, volume=testblockoutputstream, creationTime=1567066377175, quotaInBytes=1152921504606846976} | ret=SUCCESS |  
2019-08-29 08:12:57,183 | INFO  | OMAudit | user=jenkins1000 | ip=127.0.0.1 | op=READ_VOLUME {volume=testblockoutputstream} | ret=SUCCESS |  
2019-08-29 08:12:57,184 [main] INFO  rpc.RpcClient (RpcClient.java:createBucket(432)) - Creating Bucket: testblockoutputstream/testblockoutputstream, with Versioning false and Storage Type set to DISK and Encryption set to false 
2019-08-29 08:12:57,187 | INFO  | OMAudit | user=jenkins1000 | ip=127.0.0.1 | op=CREATE_BUCKET {volume=testblockoutputstream, bucket=testblockoutputstream, acls=[user:jenkins1000:a[ACCESS], group:default:a[ACCESS]], isVersionEnabled=false, storageType=DISK, creationTime=0} | ret=SUCCESS |  
2019-08-29 08:12:57,188 | INFO  | OMAudit | user=jenkins1000 | ip=127.0.0.1 | op=READ_VOLUME {volume=testblockoutputstream} | ret=SUCCESS |  
2019-08-29 08:12:57,189 | INFO  | OMAudit | user=jenkins1000 | ip=127.0.0.1 | op=READ_BUCKET {volume=testblockoutputstream, bucket=testblockoutputstream} | ret=SUCCESS |  
2019-08-29 08:12:57,191 | INFO  | SCMAudit | user=jenkins1000 | ip=192.168.34.54 | op=ALLOCATE_BLOCK {owner=a80adf07-cbae-4223-8302-6af06260ffe1, size=800, type=RATIS, factor=THREE} | ret=SUCCESS |  
2019-08-29 08:12:57,192 | INFO  | OMAudit | user=jenkins1000 | ip=127.0.0.1 | op=ALLOCATE_KEY {volume=testblockoutputstream, bucket=testblockoutputstream, key=6afdb3c0-510f-4d4b-b0b3-dc720d30f981, dataSize=0, replicationType=RATIS, replicationFactor=THREE, keyLocationInfo=null} | ret=SUCCESS |  
2019-08-29 08:12:57,201 [grpc-default-executor-10] INFO  client.GrpcClientProtocolClient (GrpcClientProtocolClient.java:onNext(255)) - client-BD165C44F697->298a5c77-4e08-4cfb-ad26-b2dd8c1ae315: receive RaftClientReply:client-BD165C44F697->298a5c77-4e08-4cfb-ad26-b2dd8c1ae315@group-0CE495B9C573, cid=181, FAILED org.apache.ratis.protocol.NotLeaderException: Server 298a5c77-4e08-4cfb-ad26-b2dd8c1ae315 is not the leader (null). Request must be sent to leader., logIndex=0, commits[298a5c77-4e08-4cfb-ad26-b2dd8c1ae315:c-1]
2019-08-29 08:12:57,342 | INFO  | SCMAudit | user=jenkins1000 | ip=192.168.34.54 | op=SEND_HEARTBEAT {datanodeUUID=94fa760f-e64d-4170-ac7e-44ba98bd38f6, command=[]} | ret=SUCCESS |  
2019-08-29 08:12:57,526 | INFO  | SCMAudit | user=jenkins1000 | ip=192.168.34.54 | op=SEND_HEARTBEAT {datanodeUUID=22940eff-9029-4e71-b915-5f2bfabaa31a, command=[]} | ret=SUCCESS |  
2019-08-29 08:12:57,749 | INFO  | SCMAudit | user=jenkins1000 | ip=192.168.34.54 | op=SEND_HEARTBEAT {datanodeUUID=86ac6034-f33a-4178-b5f5-7175dd4ad45b, command=[]} | ret=SUCCESS |  
2019-08-29 08:12:57,749 | INFO  | SCMAudit | user=jenkins1000 | ip=192.168.34.54 | op=SEND_HEARTBEAT {datanodeUUID=701dcac2-413a-4112-9eef-a6503cb024bf, command=[]} | ret=SUCCESS |  
2019-08-29 08:12:57,756 [Thread-3353] INFO  container.ReplicationManager (ReplicationManager.java:start(152)) - Starting Replication Monitor Thread.
2019-08-29 08:12:57,759 [ReplicationMonitor] INFO  container.ReplicationManager (ReplicationManager.java:run(215)) - Replication Monitor Thread took 0 milliseconds for processing 1 containers.
2019-08-29 08:12:57,947 | INFO  | SCMAudit | user=jenkins1000 | ip=192.168.34.54 | op=SEND_HEARTBEAT {datanodeUUID=298a5c77-4e08-4cfb-ad26-b2dd8c1ae315, command=[]} | ret=SUCCESS |  
2019-08-29 08:12:58,138 | INFO  | SCMAudit | user=jenkins1000 | ip=192.168.34.54 | op=SEND_HEARTBEAT {datanodeUUID=f857bedd-aee7-4d2b-9918-46878ad86507, command=[]} | ret=SUCCESS |  
2019-08-29 08:12:58,165 | INFO  | SCMAudit | user=jenkins1000 | ip=192.168.34.54 | op=SEND_HEARTBEAT {datanodeUUID=2ba8cf83-fb49-4c0e-ac06-565332abd279, command=[]} | ret=SUCCESS |  
2019-08-29 08:12:58,211 [grpc-default-executor-7] INFO  client.GrpcClientProtocolClient (GrpcClientProtocolClient.java:onNext(255)) - client-BD165C44F697->86ac6034-f33a-4178-b5f5-7175dd4ad45b: receive RaftClientReply:client-BD165C44F697->86ac6034-f33a-4178-b5f5-7175dd4ad45b@group-0CE495B9C573, cid=181, FAILED org.apache.ratis.protocol.NotLeaderException: Server 86ac6034-f33a-4178-b5f5-7175dd4ad45b is not the leader (null). Request must be sent to leader., logIndex=0, commits[86ac6034-f33a-4178-b5f5-7175dd4ad45b:c-1]
2019-08-29 08:12:58,341 | INFO  | SCMAudit | user=jenkins1000 | ip=192.168.34.54 | op=SEND_HEARTBEAT {datanodeUUID=94fa760f-e64d-4170-ac7e-44ba98bd38f6, command=[]} | ret=SUCCESS |  
2019-08-29 08:12:58,527 | INFO  | SCMAudit | user=jenkins1000 | ip=192.168.34.54 | op=SEND_HEARTBEAT {datanodeUUID=22940eff-9029-4e71-b915-5f2bfabaa31a, command=[]} | ret=SUCCESS |  
2019-08-29 08:12:58,749 | INFO  | SCMAudit | user=jenkins1000 | ip=192.168.34.54 | op=SEND_HEARTBEAT {datanodeUUID=701dcac2-413a-4112-9eef-a6503cb024bf, command=[]} | ret=SUCCESS |  
2019-08-29 08:12:58,749 | INFO  | SCMAudit | user=jenkins1000 | ip=192.168.34.54 | op=SEND_HEARTBEAT {datanodeUUID=86ac6034-f33a-4178-b5f5-7175dd4ad45b, command=[]} | ret=SUCCESS |  
2019-08-29 08:12:58,947 | INFO  | SCMAudit | user=jenkins1000 | ip=192.168.34.54 | op=SEND_HEARTBEAT {datanodeUUID=298a5c77-4e08-4cfb-ad26-b2dd8c1ae315, command=[]} | ret=SUCCESS |  
2019-08-29 08:12:59,138 | INFO  | SCMAudit | user=jenkins1000 | ip=192.168.34.54 | op=SEND_HEARTBEAT {datanodeUUID=f857bedd-aee7-4d2b-9918-46878ad86507, command=[]} | ret=SUCCESS |  
2019-08-29 08:12:59,164 | INFO  | SCMAudit | user=jenkins1000 | ip=192.168.34.54 | op=SEND_HEARTBEAT {datanodeUUID=2ba8cf83-fb49-4c0e-ac06-565332abd279, command=[]} | ret=SUCCESS |  
2019-08-29 08:12:59,222 [grpc-default-executor-7] INFO  client.GrpcClientProtocolClient (GrpcClientProtocolClient.java:onNext(255)) - client-BD165C44F697->22940eff-9029-4e71-b915-5f2bfabaa31a: receive RaftClientReply:client-BD165C44F697->22940eff-9029-4e71-b915-5f2bfabaa31a@group-0CE495B9C573, cid=181, FAILED org.apache.ratis.protocol.NotLeaderException: Server 22940eff-9029-4e71-b915-5f2bfabaa31a is not the leader (null). Request must be sent to leader., logIndex=0, commits[22940eff-9029-4e71-b915-5f2bfabaa31a:c-1]
2019-08-29 08:12:59,341 | INFO  | SCMAudit | user=jenkins1000 | ip=192.168.34.54 | op=SEND_HEARTBEAT {datanodeUUID=94fa760f-e64d-4170-ac7e-44ba98bd38f6, command=[]} | ret=SUCCESS |  
2019-08-29 08:12:59,527 | INFO  | SCMAudit | user=jenkins1000 | ip=192.168.34.54 | op=SEND_HEARTBEAT {datanodeUUID=22940eff-9029-4e71-b915-5f2bfabaa31a, command=[]} | ret=SUCCESS |  
2019-08-29 08:12:59,749 | INFO  | SCMAudit | user=jenkins1000 | ip=192.168.34.54 | op=SEND_HEARTBEAT {datanodeUUID=86ac6034-f33a-4178-b5f5-7175dd4ad45b, command=[]} | ret=SUCCESS |  
2019-08-29 08:12:59,749 | INFO  | SCMAudit | user=jenkins1000 | ip=192.168.34.54 | op=SEND_HEARTBEAT {datanodeUUID=701dcac2-413a-4112-9eef-a6503cb024bf, command=[]} | ret=SUCCESS |  
2019-08-29 08:12:59,900 [Thread-3355] INFO  impl.FollowerState (FollowerState.java:run(106)) - 701dcac2-413a-4112-9eef-a6503cb024bf:group-CB9F650427B0 changes to CANDIDATE, lastRpcTime:5093, electionTimeout:5093ms
2019-08-29 08:12:59,900 [Thread-3355] INFO  impl.RoleInfo (RoleInfo.java:shutdownFollowerState(121)) - 701dcac2-413a-4112-9eef-a6503cb024bf: shutdown FollowerState
2019-08-29 08:12:59,900 [Thread-3355] INFO  impl.RaftServerImpl (RaftServerImpl.java:setRole(171)) - 701dcac2-413a-4112-9eef-a6503cb024bf:group-CB9F650427B0 changes role from FOLLOWER to CANDIDATE at term 0 for changeToCandidate
2019-08-29 08:12:59,901 [Thread-3355] INFO  impl.RoleInfo (RoleInfo.java:updateAndGet(143)) - 701dcac2-413a-4112-9eef-a6503cb024bf: start LeaderElection
2019-08-29 08:12:59,947 | INFO  | SCMAudit | user=jenkins1000 | ip=192.168.34.54 | op=SEND_HEARTBEAT {datanodeUUID=298a5c77-4e08-4cfb-ad26-b2dd8c1ae315, command=[]} | ret=SUCCESS |  
2019-08-29 08:13:00,115 [701dcac2-413a-4112-9eef-a6503cb024bf:group-CB9F650427B0:LeaderElection77] INFO  impl.LeaderElection (LeaderElection.java:askForVotes(181)) - 701dcac2-413a-4112-9eef-a6503cb024bf:group-CB9F650427B0:LeaderElection77: begin an election at term 1 for -1: [701dcac2-413a-4112-9eef-a6503cb024bf:192.168.34.54:43212], old=null
2019-08-29 08:13:00,116 [701dcac2-413a-4112-9eef-a6503cb024bf:group-CB9F650427B0:LeaderElection77] INFO  impl.RoleInfo (RoleInfo.java:shutdownLeaderElection(134)) - 701dcac2-413a-4112-9eef-a6503cb024bf: shutdown LeaderElection
2019-08-29 08:13:00,116 [701dcac2-413a-4112-9eef-a6503cb024bf:group-CB9F650427B0:LeaderElection77] INFO  impl.RaftServerImpl (RaftServerImpl.java:setRole(171)) - 701dcac2-413a-4112-9eef-a6503cb024bf:group-CB9F650427B0 changes role from CANDIDATE to LEADER at term 1 for changeToLeader
2019-08-29 08:13:00,116 [701dcac2-413a-4112-9eef-a6503cb024bf:group-CB9F650427B0:LeaderElection77] INFO  impl.RaftServerImpl (ServerState.java:setLeader(263)) - 701dcac2-413a-4112-9eef-a6503cb024bf:group-CB9F650427B0 change Leader from null to 701dcac2-413a-4112-9eef-a6503cb024bf at term 1 for becomeLeader, leader elected after 5314ms
2019-08-29 08:13:00,116 [701dcac2-413a-4112-9eef-a6503cb024bf:group-CB9F650427B0:LeaderElection77] INFO  server.RaftServerConfigKeys (ConfUtils.java:logGet(43)) - raft.server.staging.catchup.gap = 1000 (default)
2019-08-29 08:13:00,116 [701dcac2-413a-4112-9eef-a6503cb024bf:group-CB9F650427B0:LeaderElection77] INFO  server.RaftServerConfigKeys (ConfUtils.java:logGet(43)) - raft.server.rpc.sleep.time = 25ms (default)
2019-08-29 08:13:00,116 [701dcac2-413a-4112-9eef-a6503cb024bf:group-CB9F650427B0:LeaderElection77] INFO  server.RaftServerConfigKeys (ConfUtils.java:logGet(43)) - raft.server.write.element-limit = 4096 (default)
2019-08-29 08:13:00,116 [701dcac2-413a-4112-9eef-a6503cb024bf:group-CB9F650427B0:LeaderElection77] INFO  server.RaftServerConfigKeys (ConfUtils.java:logGet(43)) - raft.server.watch.timeout = 10s (default)
2019-08-29 08:13:00,117 [701dcac2-413a-4112-9eef-a6503cb024bf:group-CB9F650427B0:LeaderElection77] INFO  server.RaftServerConfigKeys (ConfUtils.java:logGet(43)) - raft.server.watch.timeout.denomination = 1s (default)
2019-08-29 08:13:00,117 [701dcac2-413a-4112-9eef-a6503cb024bf:group-CB9F650427B0:LeaderElection77] INFO  server.RaftServerConfigKeys (ConfUtils.java:logGet(43)) - raft.server.watch.element-limit = 65536 (default)
2019-08-29 08:13:00,117 [701dcac2-413a-4112-9eef-a6503cb024bf:group-CB9F650427B0:LeaderElection77] INFO  impl.RoleInfo (RoleInfo.java:updateAndGet(143)) - 701dcac2-413a-4112-9eef-a6503cb024bf: start LeaderState
2019-08-29 08:13:00,117 [701dcac2-413a-4112-9eef-a6503cb024bf:group-CB9F650427B0:LeaderElection77] INFO  segmented.SegmentedRaftLogWorker (SegmentedRaftLogWorker.java:startLogSegment(380)) - 701dcac2-413a-4112-9eef-a6503cb024bf-SegmentedRaftLogWorker:Storage Directory /workdir/hadoop-ozone/integration-test/target/test-dir/MiniOzoneClusterImpl-2b6d929c-e003-4b1e-a690-bc78ed65c470/datanode-0/data/ratis/9c0094aa-3b88-4c99-9589-cb9f650427b0: Starting segment from index:0
2019-08-29 08:13:00,118 [701dcac2-413a-4112-9eef-a6503cb024bf:group-CB9F650427B0:LeaderElection77] INFO  impl.RaftServerImpl (ServerState.java:setRaftConf(361)) - 701dcac2-413a-4112-9eef-a6503cb024bf:group-CB9F650427B0 set configuration 0: [701dcac2-413a-4112-9eef-a6503cb024bf:192.168.34.54:43212], old=null at 0
2019-08-29 08:13:00,138 | INFO  | SCMAudit | user=jenkins1000 | ip=192.168.34.54 | op=SEND_HEARTBEAT {datanodeUUID=f857bedd-aee7-4d2b-9918-46878ad86507, command=[]} | ret=SUCCESS |  
2019-08-29 08:13:00,157 [701dcac2-413a-4112-9eef-a6503cb024bf-SegmentedRaftLogWorker:Storage Directory /workdir/hadoop-ozone/integration-test/target/test-dir/MiniOzoneClusterImpl-2b6d929c-e003-4b1e-a690-bc78ed65c470/datanode-0/data/ratis/9c0094aa-3b88-4c99-9589-cb9f650427b0] INFO  segmented.SegmentedRaftLogWorker (SegmentedRaftLogWorker.java:execute(569)) - 701dcac2-413a-4112-9eef-a6503cb024bf-SegmentedRaftLogWorker:Storage Directory /workdir/hadoop-ozone/integration-test/target/test-dir/MiniOzoneClusterImpl-2b6d929c-e003-4b1e-a690-bc78ed65c470/datanode-0/data/ratis/9c0094aa-3b88-4c99-9589-cb9f650427b0: created new log segment /workdir/hadoop-ozone/integration-test/target/test-dir/MiniOzoneClusterImpl-2b6d929c-e003-4b1e-a690-bc78ed65c470/datanode-0/data/ratis/9c0094aa-3b88-4c99-9589-cb9f650427b0/current/log_inprogress_0
2019-08-29 08:13:00,164 | INFO  | SCMAudit | user=jenkins1000 | ip=192.168.34.54 | op=SEND_HEARTBEAT {datanodeUUID=2ba8cf83-fb49-4c0e-ac06-565332abd279, command=[]} | ret=SUCCESS |  
2019-08-29 08:13:00,230 [grpc-default-executor-10] INFO  client.GrpcClientProtocolClient (GrpcClientProtocolClient.java:onNext(255)) - client-BD165C44F697->298a5c77-4e08-4cfb-ad26-b2dd8c1ae315: receive RaftClientReply:client-BD165C44F697->298a5c77-4e08-4cfb-ad26-b2dd8c1ae315@group-0CE495B9C573, cid=181, FAILED org.apache.ratis.protocol.NotLeaderException: Server 298a5c77-4e08-4cfb-ad26-b2dd8c1ae315 is not the leader (null). Request must be sent to leader., logIndex=0, commits[298a5c77-4e08-4cfb-ad26-b2dd8c1ae315:c-1]
2019-08-29 08:13:00,310 [Thread-3358] INFO  impl.FollowerState (FollowerState.java:run(106)) - 2ba8cf83-fb49-4c0e-ac06-565332abd279:group-08B4C78BF4D4 changes to CANDIDATE, lastRpcTime:5107, electionTimeout:5107ms
2019-08-29 08:13:00,310 [Thread-3358] INFO  impl.RoleInfo (RoleInfo.java:shutdownFollowerState(121)) - 2ba8cf83-fb49-4c0e-ac06-565332abd279: shutdown FollowerState
2019-08-29 08:13:00,310 [Thread-3358] INFO  impl.RaftServerImpl (RaftServerImpl.java:setRole(171)) - 2ba8cf83-fb49-4c0e-ac06-565332abd279:group-08B4C78BF4D4 changes role from FOLLOWER to CANDIDATE at term 0 for changeToCandidate
2019-08-29 08:13:00,310 [Thread-3358] INFO  impl.RoleInfo (RoleInfo.java:updateAndGet(143)) - 2ba8cf83-fb49-4c0e-ac06-565332abd279: start LeaderElection
2019-08-29 08:13:00,341 | INFO  | SCMAudit | user=jenkins1000 | ip=192.168.34.54 | op=SEND_HEARTBEAT {datanodeUUID=94fa760f-e64d-4170-ac7e-44ba98bd38f6, command=[]} | ret=SUCCESS |  
2019-08-29 08:13:00,364 [2ba8cf83-fb49-4c0e-ac06-565332abd279:group-08B4C78BF4D4:LeaderElection78] INFO  impl.LeaderElection (LeaderElection.java:askForVotes(181)) - 2ba8cf83-fb49-4c0e-ac06-565332abd279:group-08B4C78BF4D4:LeaderElection78: begin an election at term 1 for -1: [2ba8cf83-fb49-4c0e-ac06-565332abd279:192.168.34.54:41136], old=null
2019-08-29 08:13:00,364 [2ba8cf83-fb49-4c0e-ac06-565332abd279:group-08B4C78BF4D4:LeaderElection78] INFO  impl.RoleInfo (RoleInfo.java:shutdownLeaderElection(134)) - 2ba8cf83-fb49-4c0e-ac06-565332abd279: shutdown LeaderElection
2019-08-29 08:13:00,364 [2ba8cf83-fb49-4c0e-ac06-565332abd279:group-08B4C78BF4D4:LeaderElection78] INFO  impl.RaftServerImpl (RaftServerImpl.java:setRole(171)) - 2ba8cf83-fb49-4c0e-ac06-565332abd279:group-08B4C78BF4D4 changes role from CANDIDATE to LEADER at term 1 for changeToLeader
2019-08-29 08:13:00,364 [2ba8cf83-fb49-4c0e-ac06-565332abd279:group-08B4C78BF4D4:LeaderElection78] INFO  impl.RaftServerImpl (ServerState.java:setLeader(263)) - 2ba8cf83-fb49-4c0e-ac06-565332abd279:group-08B4C78BF4D4 change Leader from null to 2ba8cf83-fb49-4c0e-ac06-565332abd279 at term 1 for becomeLeader, leader elected after 5165ms
2019-08-29 08:13:00,365 [2ba8cf83-fb49-4c0e-ac06-565332abd279:group-08B4C78BF4D4:LeaderElection78] INFO  server.RaftServerConfigKeys (ConfUtils.java:logGet(43)) - raft.server.staging.catchup.gap = 1000 (default)
2019-08-29 08:13:00,365 [2ba8cf83-fb49-4c0e-ac06-565332abd279:group-08B4C78BF4D4:LeaderElection78] INFO  server.RaftServerConfigKeys (ConfUtils.java:logGet(43)) - raft.server.rpc.sleep.time = 25ms (default)
2019-08-29 08:13:00,365 [2ba8cf83-fb49-4c0e-ac06-565332abd279:group-08B4C78BF4D4:LeaderElection78] INFO  server.RaftServerConfigKeys (ConfUtils.java:logGet(43)) - raft.server.write.element-limit = 4096 (default)
2019-08-29 08:13:00,365 [2ba8cf83-fb49-4c0e-ac06-565332abd279:group-08B4C78BF4D4:LeaderElection78] INFO  server.RaftServerConfigKeys (ConfUtils.java:logGet(43)) - raft.server.watch.timeout = 10s (default)
2019-08-29 08:13:00,365 [2ba8cf83-fb49-4c0e-ac06-565332abd279:group-08B4C78BF4D4:LeaderElection78] INFO  server.RaftServerConfigKeys (ConfUtils.java:logGet(43)) - raft.server.watch.timeout.denomination = 1s (default)
2019-08-29 08:13:00,365 [2ba8cf83-fb49-4c0e-ac06-565332abd279:group-08B4C78BF4D4:LeaderElection78] INFO  server.RaftServerConfigKeys (ConfUtils.java:logGet(43)) - raft.server.watch.element-limit = 65536 (default)
2019-08-29 08:13:00,366 [2ba8cf83-fb49-4c0e-ac06-565332abd279:group-08B4C78BF4D4:LeaderElection78] INFO  impl.RoleInfo (RoleInfo.java:updateAndGet(143)) - 2ba8cf83-fb49-4c0e-ac06-565332abd279: start LeaderState
2019-08-29 08:13:00,366 [2ba8cf83-fb49-4c0e-ac06-565332abd279:group-08B4C78BF4D4:LeaderElection78] INFO  segmented.SegmentedRaftLogWorker (SegmentedRaftLogWorker.java:startLogSegment(380)) - 2ba8cf83-fb49-4c0e-ac06-565332abd279-SegmentedRaftLogWorker:Storage Directory /workdir/hadoop-ozone/integration-test/target/test-dir/MiniOzoneClusterImpl-2b6d929c-e003-4b1e-a690-bc78ed65c470/datanode-1/data/ratis/eb4c9455-6a73-43f3-80f8-08b4c78bf4d4: Starting segment from index:0
2019-08-29 08:13:00,367 [2ba8cf83-fb49-4c0e-ac06-565332abd279:group-08B4C78BF4D4:LeaderElection78] INFO  impl.RaftServerImpl (ServerState.java:setRaftConf(361)) - 2ba8cf83-fb49-4c0e-ac06-565332abd279:group-08B4C78BF4D4 set configuration 0: [2ba8cf83-fb49-4c0e-ac06-565332abd279:192.168.34.54:41136], old=null at 0
2019-08-29 08:13:00,441 [2ba8cf83-fb49-4c0e-ac06-565332abd279-SegmentedRaftLogWorker:Storage Directory /workdir/hadoop-ozone/integration-test/target/test-dir/MiniOzoneClusterImpl-2b6d929c-e003-4b1e-a690-bc78ed65c470/datanode-1/data/ratis/eb4c9455-6a73-43f3-80f8-08b4c78bf4d4] INFO  segmented.SegmentedRaftLogWorker (SegmentedRaftLogWorker.java:execute(569)) - 2ba8cf83-fb49-4c0e-ac06-565332abd279-SegmentedRaftLogWorker:Storage Directory /workdir/hadoop-ozone/integration-test/target/test-dir/MiniOzoneClusterImpl-2b6d929c-e003-4b1e-a690-bc78ed65c470/datanode-1/data/ratis/eb4c9455-6a73-43f3-80f8-08b4c78bf4d4: created new log segment /workdir/hadoop-ozone/integration-test/target/test-dir/MiniOzoneClusterImpl-2b6d929c-e003-4b1e-a690-bc78ed65c470/datanode-1/data/ratis/eb4c9455-6a73-43f3-80f8-08b4c78bf4d4/current/log_inprogress_0
2019-08-29 08:13:00,491 [Thread-3368] INFO  impl.FollowerState (FollowerState.java:run(106)) - 701dcac2-413a-4112-9eef-a6503cb024bf:group-07083ABB32C5 changes to CANDIDATE, lastRpcTime:5029, electionTimeout:5029ms
2019-08-29 08:13:00,491 [Thread-3368] INFO  impl.RoleInfo (RoleInfo.java:shutdownFollowerState(121)) - 701dcac2-413a-4112-9eef-a6503cb024bf: shutdown FollowerState
2019-08-29 08:13:00,491 [Thread-3368] INFO  impl.RaftServerImpl (RaftServerImpl.java:setRole(171)) - 701dcac2-413a-4112-9eef-a6503cb024bf:group-07083ABB32C5 changes role from FOLLOWER to CANDIDATE at term 0 for changeToCandidate
2019-08-29 08:13:00,491 [Thread-3368] INFO  impl.RoleInfo (RoleInfo.java:updateAndGet(143)) - 701dcac2-413a-4112-9eef-a6503cb024bf: start LeaderElection
2019-08-29 08:13:00,528 | INFO  | SCMAudit | user=jenkins1000 | ip=192.168.34.54 | op=SEND_HEARTBEAT {datanodeUUID=22940eff-9029-4e71-b915-5f2bfabaa31a, command=[]} | ret=SUCCESS |  
2019-08-29 08:13:00,533 [Thread-3361] INFO  impl.FollowerState (FollowerState.java:run(106)) - 94fa760f-e64d-4170-ac7e-44ba98bd38f6:group-7D09CC453C2E changes to CANDIDATE, lastRpcTime:5126, electionTimeout:5126ms
2019-08-29 08:13:00,533 [Thread-3361] INFO  impl.RoleInfo (RoleInfo.java:shutdownFollowerState(121)) - 94fa760f-e64d-4170-ac7e-44ba98bd38f6: shutdown FollowerState
2019-08-29 08:13:00,534 [Thread-3361] INFO  impl.RaftServerImpl (RaftServerImpl.java:setRole(171)) - 94fa760f-e64d-4170-ac7e-44ba98bd38f6:group-7D09CC453C2E changes role from FOLLOWER to CANDIDATE at term 0 for changeToCandidate
2019-08-29 08:13:00,534 [Thread-3361] INFO  impl.RoleInfo (RoleInfo.java:updateAndGet(143)) - 94fa760f-e64d-4170-ac7e-44ba98bd38f6: start LeaderElection
2019-08-29 08:13:00,541 [701dcac2-413a-4112-9eef-a6503cb024bf:group-07083ABB32C5:LeaderElection79] INFO  impl.LeaderElection (LeaderElection.java:askForVotes(181)) - 701dcac2-413a-4112-9eef-a6503cb024bf:group-07083ABB32C5:LeaderElection79: begin an election at term 1 for -1: [2ba8cf83-fb49-4c0e-ac06-565332abd279:192.168.34.54:41136, 701dcac2-413a-4112-9eef-a6503cb024bf:192.168.34.54:43212, 94fa760f-e64d-4170-ac7e-44ba98bd38f6:192.168.34.54:45848], old=null
2019-08-29 08:13:00,547 [grpc-default-executor-7] INFO  impl.RaftServerImpl (RaftServerImpl.java:setRole(171)) - 94fa760f-e64d-4170-ac7e-44ba98bd38f6:group-07083ABB32C5 changes role from FOLLOWER to FOLLOWER at term 1 for recognizeCandidate:701dcac2-413a-4112-9eef-a6503cb024bf
2019-08-29 08:13:00,549 [grpc-default-executor-10] INFO  impl.RaftServerImpl (RaftServerImpl.java:setRole(171)) - 2ba8cf83-fb49-4c0e-ac06-565332abd279:group-07083ABB32C5 changes role from FOLLOWER to FOLLOWER at term 1 for recognizeCandidate:701dcac2-413a-4112-9eef-a6503cb024bf
2019-08-29 08:13:00,550 [grpc-default-executor-7] INFO  impl.RoleInfo (RoleInfo.java:shutdownFollowerState(121)) - 94fa760f-e64d-4170-ac7e-44ba98bd38f6: shutdown FollowerState
2019-08-29 08:13:00,550 [grpc-default-executor-10] INFO  impl.RoleInfo (RoleInfo.java:shutdownFollowerState(121)) - 2ba8cf83-fb49-4c0e-ac06-565332abd279: shutdown FollowerState
2019-08-29 08:13:00,550 [grpc-default-executor-7] INFO  impl.RoleInfo (RoleInfo.java:updateAndGet(143)) - 94fa760f-e64d-4170-ac7e-44ba98bd38f6: start FollowerState
2019-08-29 08:13:00,550 [Thread-3369] INFO  impl.FollowerState (FollowerState.java:run(114)) - 94fa760f-e64d-4170-ac7e-44ba98bd38f6: FollowerState was interrupted: java.lang.InterruptedException: sleep interrupted
2019-08-29 08:13:00,550 [Thread-3364] INFO  impl.FollowerState (FollowerState.java:run(114)) - 2ba8cf83-fb49-4c0e-ac06-565332abd279: FollowerState was interrupted: java.lang.InterruptedException: sleep interrupted
2019-08-29 08:13:00,550 [grpc-default-executor-10] INFO  impl.RoleInfo (RoleInfo.java:updateAndGet(143)) - 2ba8cf83-fb49-4c0e-ac06-565332abd279: start FollowerState
2019-08-29 08:13:00,576 [Thread-3373] INFO  impl.FollowerState (FollowerState.java:run(106)) - 22940eff-9029-4e71-b915-5f2bfabaa31a:group-D06BA6C57112 changes to CANDIDATE, lastRpcTime:5008, electionTimeout:5008ms
2019-08-29 08:13:00,576 [Thread-3373] INFO  impl.RoleInfo (RoleInfo.java:shutdownFollowerState(121)) - 22940eff-9029-4e71-b915-5f2bfabaa31a: shutdown FollowerState
2019-08-29 08:13:00,576 [Thread-3373] INFO  impl.RaftServerImpl (RaftServerImpl.java:setRole(171)) - 22940eff-9029-4e71-b915-5f2bfabaa31a:group-D06BA6C57112 changes role from FOLLOWER to CANDIDATE at term 0 for changeToCandidate
2019-08-29 08:13:00,576 [Thread-3373] INFO  impl.RoleInfo (RoleInfo.java:updateAndGet(143)) - 22940eff-9029-4e71-b915-5f2bfabaa31a: start LeaderElection
2019-08-29 08:13:00,586 [94fa760f-e64d-4170-ac7e-44ba98bd38f6:group-7D09CC453C2E:LeaderElection80] INFO  impl.LeaderElection (LeaderElection.java:askForVotes(181)) - 94fa760f-e64d-4170-ac7e-44ba98bd38f6:group-7D09CC453C2E:LeaderElection80: begin an election at term 1 for -1: [94fa760f-e64d-4170-ac7e-44ba98bd38f6:192.168.34.54:45848], old=null
2019-08-29 08:13:00,586 [94fa760f-e64d-4170-ac7e-44ba98bd38f6:group-7D09CC453C2E:LeaderElection80] INFO  impl.RoleInfo (RoleInfo.java:shutdownLeaderElection(134)) - 94fa760f-e64d-4170-ac7e-44ba98bd38f6: shutdown LeaderElection
2019-08-29 08:13:00,586 [94fa760f-e64d-4170-ac7e-44ba98bd38f6:group-7D09CC453C2E:LeaderElection80] INFO  impl.RaftServerImpl (RaftServerImpl.java:setRole(171)) - 94fa760f-e64d-4170-ac7e-44ba98bd38f6:group-7D09CC453C2E changes role from CANDIDATE to LEADER at term 1 for changeToLeader
2019-08-29 08:13:00,586 [94fa760f-e64d-4170-ac7e-44ba98bd38f6:group-7D09CC453C2E:LeaderElection80] INFO  impl.RaftServerImpl (ServerState.java:setLeader(263)) - 94fa760f-e64d-4170-ac7e-44ba98bd38f6:group-7D09CC453C2E change Leader from null to 94fa760f-e64d-4170-ac7e-44ba98bd38f6 at term 1 for becomeLeader, leader elected after 5182ms
2019-08-29 08:13:00,587 [94fa760f-e64d-4170-ac7e-44ba98bd38f6:group-7D09CC453C2E:LeaderElection80] INFO  server.RaftServerConfigKeys (ConfUtils.java:logGet(43)) - raft.server.staging.catchup.gap = 1000 (default)
2019-08-29 08:13:00,587 [94fa760f-e64d-4170-ac7e-44ba98bd38f6:group-7D09CC453C2E:LeaderElection80] INFO  server.RaftServerConfigKeys (ConfUtils.java:logGet(43)) - raft.server.rpc.sleep.time = 25ms (default)
2019-08-29 08:13:00,587 [94fa760f-e64d-4170-ac7e-44ba98bd38f6:group-7D09CC453C2E:LeaderElection80] INFO  server.RaftServerConfigKeys (ConfUtils.java:logGet(43)) - raft.server.write.element-limit = 4096 (default)
2019-08-29 08:13:00,587 [94fa760f-e64d-4170-ac7e-44ba98bd38f6:group-7D09CC453C2E:LeaderElection80] INFO  server.RaftServerConfigKeys (ConfUtils.java:logGet(43)) - raft.server.watch.timeout = 10s (default)
2019-08-29 08:13:00,587 [94fa760f-e64d-4170-ac7e-44ba98bd38f6:group-7D09CC453C2E:LeaderElection80] INFO  server.RaftServerConfigKeys (ConfUtils.java:logGet(43)) - raft.server.watch.timeout.denomination = 1s (default)
2019-08-29 08:13:00,587 [94fa760f-e64d-4170-ac7e-44ba98bd38f6:group-7D09CC453C2E:LeaderElection80] INFO  server.RaftServerConfigKeys (ConfUtils.java:logGet(43)) - raft.server.watch.element-limit = 65536 (default)
2019-08-29 08:13:00,587 [701dcac2-413a-4112-9eef-a6503cb024bf:group-07083ABB32C5:LeaderElection79] INFO  impl.LeaderElection (LeaderElection.java:logAndReturn(56)) - 701dcac2-413a-4112-9eef-a6503cb024bf:group-07083ABB32C5:LeaderElection79: Election PASSED; received 1 response(s) [701dcac2-413a-4112-9eef-a6503cb024bf<-2ba8cf83-fb49-4c0e-ac06-565332abd279#0:OK-t1] and 0 exception(s); 701dcac2-413a-4112-9eef-a6503cb024bf:t1, leader=null, voted=701dcac2-413a-4112-9eef-a6503cb024bf, raftlog=701dcac2-413a-4112-9eef-a6503cb024bf-SegmentedRaftLog:OPENED:c-1,f-1,i0, conf=-1: [2ba8cf83-fb49-4c0e-ac06-565332abd279:192.168.34.54:41136, 701dcac2-413a-4112-9eef-a6503cb024bf:192.168.34.54:43212, 94fa760f-e64d-4170-ac7e-44ba98bd38f6:192.168.34.54:45848], old=null
2019-08-29 08:13:00,587 [94fa760f-e64d-4170-ac7e-44ba98bd38f6:group-7D09CC453C2E:LeaderElection80] INFO  impl.RoleInfo (RoleInfo.java:updateAndGet(143)) - 94fa760f-e64d-4170-ac7e-44ba98bd38f6: start LeaderState
2019-08-29 08:13:00,587 [701dcac2-413a-4112-9eef-a6503cb024bf:group-07083ABB32C5:LeaderElection79] INFO  impl.RoleInfo (RoleInfo.java:shutdownLeaderElection(134)) - 701dcac2-413a-4112-9eef-a6503cb024bf: shutdown LeaderElection
2019-08-29 08:13:00,588 [701dcac2-413a-4112-9eef-a6503cb024bf:group-07083ABB32C5:LeaderElection79] INFO  impl.RaftServerImpl (RaftServerImpl.java:setRole(171)) - 701dcac2-413a-4112-9eef-a6503cb024bf:group-07083ABB32C5 changes role from CANDIDATE to LEADER at term 1 for changeToLeader
2019-08-29 08:13:00,588 [94fa760f-e64d-4170-ac7e-44ba98bd38f6:group-7D09CC453C2E:LeaderElection80] INFO  segmented.SegmentedRaftLogWorker (SegmentedRaftLogWorker.java:startLogSegment(380)) - 94fa760f-e64d-4170-ac7e-44ba98bd38f6-SegmentedRaftLogWorker:Storage Directory /workdir/hadoop-ozone/integration-test/target/test-dir/MiniOzoneClusterImpl-2b6d929c-e003-4b1e-a690-bc78ed65c470/datanode-2/data/ratis/cba26b7a-8e87-4b5b-b722-7d09cc453c2e: Starting segment from index:0
2019-08-29 08:13:00,588 [701dcac2-413a-4112-9eef-a6503cb024bf:group-07083ABB32C5:LeaderElection79] INFO  impl.RaftServerImpl (ServerState.java:setLeader(263)) - 701dcac2-413a-4112-9eef-a6503cb024bf:group-07083ABB32C5 change Leader from null to 701dcac2-413a-4112-9eef-a6503cb024bf at term 1 for becomeLeader, leader elected after 5133ms
2019-08-29 08:13:00,588 [94fa760f-e64d-4170-ac7e-44ba98bd38f6:group-7D09CC453C2E:LeaderElection80] INFO  impl.RaftServerImpl (ServerState.java:setRaftConf(361)) - 94fa760f-e64d-4170-ac7e-44ba98bd38f6:group-7D09CC453C2E set configuration 0: [94fa760f-e64d-4170-ac7e-44ba98bd38f6:192.168.34.54:45848], old=null at 0
2019-08-29 08:13:00,588 [701dcac2-413a-4112-9eef-a6503cb024bf:group-07083ABB32C5:LeaderElection79] INFO  server.RaftServerConfigKeys (ConfUtils.java:logGet(43)) - raft.server.staging.catchup.gap = 1000 (default)
2019-08-29 08:13:00,588 [701dcac2-413a-4112-9eef-a6503cb024bf:group-07083ABB32C5:LeaderElection79] INFO  server.RaftServerConfigKeys (ConfUtils.java:logGet(43)) - raft.server.rpc.sleep.time = 25ms (default)
2019-08-29 08:13:00,588 [701dcac2-413a-4112-9eef-a6503cb024bf:group-07083ABB32C5:LeaderElection79] INFO  server.RaftServerConfigKeys (ConfUtils.java:logGet(43)) - raft.server.write.element-limit = 4096 (default)
2019-08-29 08:13:00,589 [701dcac2-413a-4112-9eef-a6503cb024bf:group-07083ABB32C5:LeaderElection79] INFO  server.RaftServerConfigKeys (ConfUtils.java:logGet(43)) - raft.server.watch.timeout = 10s (default)
2019-08-29 08:13:00,589 [701dcac2-413a-4112-9eef-a6503cb024bf:group-07083ABB32C5:LeaderElection79] INFO  server.RaftServerConfigKeys (ConfUtils.java:logGet(43)) - raft.server.watch.timeout.denomination = 1s (default)
2019-08-29 08:13:00,589 [701dcac2-413a-4112-9eef-a6503cb024bf:group-07083ABB32C5:LeaderElection79] INFO  server.RaftServerConfigKeys (ConfUtils.java:logGet(43)) - raft.server.watch.element-limit = 65536 (default)
2019-08-29 08:13:00,589 [701dcac2-413a-4112-9eef-a6503cb024bf:group-07083ABB32C5:LeaderElection79] INFO  server.RaftServerConfigKeys (ConfUtils.java:logGet(43)) - raft.server.log.appender.snapshot.chunk.size.max = 16MB (=16777216) (default)
2019-08-29 08:13:00,589 [701dcac2-413a-4112-9eef-a6503cb024bf:group-07083ABB32C5:LeaderElection79] INFO  server.RaftServerConfigKeys (ConfUtils.java:logGet(43)) - raft.server.log.appender.buffer.byte-limit = 33554432 (custom)
2019-08-29 08:13:00,590 [701dcac2-413a-4112-9eef-a6503cb024bf:group-07083ABB32C5:LeaderElection79] INFO  server.RaftServerConfigKeys (ConfUtils.java:logGet(43)) - raft.server.log.appender.buffer.element-limit = 1 (custom)
2019-08-29 08:13:00,590 [701dcac2-413a-4112-9eef-a6503cb024bf:group-07083ABB32C5:LeaderElection79] INFO  grpc.GrpcConfigKeys$Server (ConfUtils.java:logGet(43)) - raft.grpc.server.leader.outstanding.appends.max = 128 (default)
2019-08-29 08:13:00,590 [701dcac2-413a-4112-9eef-a6503cb024bf:group-07083ABB32C5:LeaderElection79] INFO  server.RaftServerConfigKeys (ConfUtils.java:logGet(43)) - raft.server.rpc.request.timeout = 3000ms (default)
2019-08-29 08:13:00,590 [701dcac2-413a-4112-9eef-a6503cb024bf:group-07083ABB32C5:LeaderElection79] INFO  server.RaftServerConfigKeys (ConfUtils.java:logGet(43)) - raft.server.log.appender.install.snapshot.enabled = false (custom)
2019-08-29 08:13:00,590 [701dcac2-413a-4112-9eef-a6503cb024bf:group-07083ABB32C5:LeaderElection79] INFO  server.RaftServerConfigKeys (ConfUtils.java:logGet(43)) - raft.server.log.appender.snapshot.chunk.size.max = 16MB (=16777216) (default)
2019-08-29 08:13:00,591 [701dcac2-413a-4112-9eef-a6503cb024bf:group-07083ABB32C5:LeaderElection79] INFO  server.RaftServerConfigKeys (ConfUtils.java:logGet(43)) - raft.server.log.appender.buffer.byte-limit = 33554432 (custom)
2019-08-29 08:13:00,591 [701dcac2-413a-4112-9eef-a6503cb024bf:group-07083ABB32C5:LeaderElection79] INFO  server.RaftServerConfigKeys (ConfUtils.java:logGet(43)) - raft.server.log.appender.buffer.element-limit = 1 (custom)
2019-08-29 08:13:00,591 [701dcac2-413a-4112-9eef-a6503cb024bf:group-07083ABB32C5:LeaderElection79] INFO  grpc.GrpcConfigKeys$Server (ConfUtils.java:logGet(43)) - raft.grpc.server.leader.outstanding.appends.max = 128 (default)
2019-08-29 08:13:00,591 [701dcac2-413a-4112-9eef-a6503cb024bf:group-07083ABB32C5:LeaderElection79] INFO  server.RaftServerConfigKeys (ConfUtils.java:logGet(43)) - raft.server.rpc.request.timeout = 3000ms (default)
2019-08-29 08:13:00,591 [701dcac2-413a-4112-9eef-a6503cb024bf:group-07083ABB32C5:LeaderElection79] INFO  server.RaftServerConfigKeys (ConfUtils.java:logGet(43)) - raft.server.log.appender.install.snapshot.enabled = false (custom)
2019-08-29 08:13:00,592 [701dcac2-413a-4112-9eef-a6503cb024bf:group-07083ABB32C5:LeaderElection79] INFO  impl.RoleInfo (RoleInfo.java:updateAndGet(143)) - 701dcac2-413a-4112-9eef-a6503cb024bf: start LeaderState
2019-08-29 08:13:00,592 [701dcac2-413a-4112-9eef-a6503cb024bf:group-07083ABB32C5:LeaderElection79] INFO  segmented.SegmentedRaftLogWorker (SegmentedRaftLogWorker.java:startLogSegment(380)) - 701dcac2-413a-4112-9eef-a6503cb024bf-SegmentedRaftLogWorker:Storage Directory /workdir/hadoop-ozone/integration-test/target/test-dir/MiniOzoneClusterImpl-2b6d929c-e003-4b1e-a690-bc78ed65c470/datanode-0/data/ratis/2eeb3c22-9cd8-4fc8-95ff-07083abb32c5: Starting segment from index:0
2019-08-29 08:13:00,593 [701dcac2-413a-4112-9eef-a6503cb024bf:group-07083ABB32C5:LeaderElection79] INFO  impl.RaftServerImpl (ServerState.java:setRaftConf(361)) - 701dcac2-413a-4112-9eef-a6503cb024bf:group-07083ABB32C5 set configuration 0: [2ba8cf83-fb49-4c0e-ac06-565332abd279:192.168.34.54:41136, 701dcac2-413a-4112-9eef-a6503cb024bf:192.168.34.54:43212, 94fa760f-e64d-4170-ac7e-44ba98bd38f6:192.168.34.54:45848], old=null at 0
2019-08-29 08:13:00,594 [grpc-default-executor-10] INFO  impl.RaftServerImpl (ServerState.java:setLeader(263)) - 2ba8cf83-fb49-4c0e-ac06-565332abd279:group-07083ABB32C5 change Leader from null to 701dcac2-413a-4112-9eef-a6503cb024bf at term 1 for appendEntries, leader elected after 5139ms
2019-08-29 08:13:00,594 [grpc-default-executor-7] INFO  impl.RaftServerImpl (ServerState.java:setLeader(263)) - 94fa760f-e64d-4170-ac7e-44ba98bd38f6:group-07083ABB32C5 change Leader from null to 701dcac2-413a-4112-9eef-a6503cb024bf at term 1 for appendEntries, leader elected after 5139ms
2019-08-29 08:13:00,641 [22940eff-9029-4e71-b915-5f2bfabaa31a:group-D06BA6C57112:LeaderElection81] INFO  impl.LeaderElection (LeaderElection.java:askForVotes(181)) - 22940eff-9029-4e71-b915-5f2bfabaa31a:group-D06BA6C57112:LeaderElection81: begin an election at term 1 for -1: [22940eff-9029-4e71-b915-5f2bfabaa31a:192.168.34.54:43196], old=null
2019-08-29 08:13:00,641 [22940eff-9029-4e71-b915-5f2bfabaa31a:group-D06BA6C57112:LeaderElection81] INFO  impl.RoleInfo (RoleInfo.java:shutdownLeaderElection(134)) - 22940eff-9029-4e71-b915-5f2bfabaa31a: shutdown LeaderElection
2019-08-29 08:13:00,641 [22940eff-9029-4e71-b915-5f2bfabaa31a:group-D06BA6C57112:LeaderElection81] INFO  impl.RaftServerImpl (RaftServerImpl.java:setRole(171)) - 22940eff-9029-4e71-b915-5f2bfabaa31a:group-D06BA6C57112 changes role from CANDIDATE to LEADER at term 1 for changeToLeader
2019-08-29 08:13:00,641 [22940eff-9029-4e71-b915-5f2bfabaa31a:group-D06BA6C57112:LeaderElection81] INFO  impl.RaftServerImpl (ServerState.java:setLeader(263)) - 22940eff-9029-4e71-b915-5f2bfabaa31a:group-D06BA6C57112 change Leader from null to 22940eff-9029-4e71-b915-5f2bfabaa31a at term 1 for becomeLeader, leader elected after 5077ms
2019-08-29 08:13:00,642 [22940eff-9029-4e71-b915-5f2bfabaa31a:group-D06BA6C57112:LeaderElection81] INFO  server.RaftServerConfigKeys (ConfUtils.java:logGet(43)) - raft.server.staging.catchup.gap = 1000 (default)
2019-08-29 08:13:00,642 [22940eff-9029-4e71-b915-5f2bfabaa31a:group-D06BA6C57112:LeaderElection81] INFO  server.RaftServerConfigKeys (ConfUtils.java:logGet(43)) - raft.server.rpc.sleep.time = 25ms (default)
2019-08-29 08:13:00,642 [22940eff-9029-4e71-b915-5f2bfabaa31a:group-D06BA6C57112:LeaderElection81] INFO  server.RaftServerConfigKeys (ConfUtils.java:logGet(43)) - raft.server.write.element-limit = 4096 (default)
2019-08-29 08:13:00,642 [22940eff-9029-4e71-b915-5f2bfabaa31a:group-D06BA6C57112:LeaderElection81] INFO  server.RaftServerConfigKeys (ConfUtils.java:logGet(43)) - raft.server.watch.timeout = 10s (default)
2019-08-29 08:13:00,642 [22940eff-9029-4e71-b915-5f2bfabaa31a:group-D06BA6C57112:LeaderElection81] INFO  server.RaftServerConfigKeys (ConfUtils.java:logGet(43)) - raft.server.watch.timeout.denomination = 1s (default)
2019-08-29 08:13:00,642 [22940eff-9029-4e71-b915-5f2bfabaa31a:group-D06BA6C57112:LeaderElection81] INFO  server.RaftServerConfigKeys (ConfUtils.java:logGet(43)) - raft.server.watch.element-limit = 65536 (default)
2019-08-29 08:13:00,642 [22940eff-9029-4e71-b915-5f2bfabaa31a:group-D06BA6C57112:LeaderElection81] INFO  impl.RoleInfo (RoleInfo.java:updateAndGet(143)) - 22940eff-9029-4e71-b915-5f2bfabaa31a: start LeaderState
2019-08-29 08:13:00,645 [22940eff-9029-4e71-b915-5f2bfabaa31a:group-D06BA6C57112:LeaderElection81] INFO  segmented.SegmentedRaftLogWorker (SegmentedRaftLogWorker.java:startLogSegment(380)) - 22940eff-9029-4e71-b915-5f2bfabaa31a-SegmentedRaftLogWorker:Storage Directory /workdir/hadoop-ozone/integration-test/target/test-dir/MiniOzoneClusterImpl-2b6d929c-e003-4b1e-a690-bc78ed65c470/datanode-3/data/ratis/08b6c39a-e592-4a79-b9b5-d06ba6c57112: Starting segment from index:0
2019-08-29 08:13:00,646 [22940eff-9029-4e71-b915-5f2bfabaa31a:group-D06BA6C57112:LeaderElection81] INFO  impl.RaftServerImpl (ServerState.java:setRaftConf(361)) - 22940eff-9029-4e71-b915-5f2bfabaa31a:group-D06BA6C57112 set configuration 0: [22940eff-9029-4e71-b915-5f2bfabaa31a:192.168.34.54:43196], old=null at 0
2019-08-29 08:13:00,646 [grpc-default-executor-7] INFO  impl.RaftServerImpl (ServerState.java:setRaftConf(361)) - 94fa760f-e64d-4170-ac7e-44ba98bd38f6:group-07083ABB32C5 set configuration 0: [2ba8cf83-fb49-4c0e-ac06-565332abd279:192.168.34.54:41136, 701dcac2-413a-4112-9eef-a6503cb024bf:192.168.34.54:43212, 94fa760f-e64d-4170-ac7e-44ba98bd38f6:192.168.34.54:45848], old=null at 0
2019-08-29 08:13:00,646 [grpc-default-executor-10] INFO  impl.RaftServerImpl (ServerState.java:setRaftConf(361)) - 2ba8cf83-fb49-4c0e-ac06-565332abd279:group-07083ABB32C5 set configuration 0: [2ba8cf83-fb49-4c0e-ac06-565332abd279:192.168.34.54:41136, 701dcac2-413a-4112-9eef-a6503cb024bf:192.168.34.54:43212, 94fa760f-e64d-4170-ac7e-44ba98bd38f6:192.168.34.54:45848], old=null at 0
2019-08-29 08:13:00,646 [grpc-default-executor-7] INFO  segmented.SegmentedRaftLogWorker (SegmentedRaftLogWorker.java:startLogSegment(380)) - 94fa760f-e64d-4170-ac7e-44ba98bd38f6-SegmentedRaftLogWorker:Storage Directory /workdir/hadoop-ozone/integration-test/target/test-dir/MiniOzoneClusterImpl-2b6d929c-e003-4b1e-a690-bc78ed65c470/datanode-2/data/ratis/2eeb3c22-9cd8-4fc8-95ff-07083abb32c5: Starting segment from index:0
2019-08-29 08:13:00,646 [grpc-default-executor-10] INFO  segmented.SegmentedRaftLogWorker (SegmentedRaftLogWorker.java:startLogSegment(380)) - 2ba8cf83-fb49-4c0e-ac06-565332abd279-SegmentedRaftLogWorker:Storage Directory /workdir/hadoop-ozone/integration-test/target/test-dir/MiniOzoneClusterImpl-2b6d929c-e003-4b1e-a690-bc78ed65c470/datanode-1/data/ratis/2eeb3c22-9cd8-4fc8-95ff-07083abb32c5: Starting segment from index:0
2019-08-29 08:13:00,680 [701dcac2-413a-4112-9eef-a6503cb024bf-SegmentedRaftLogWorker:Storage Directory /workdir/hadoop-ozone/integration-test/target/test-dir/MiniOzoneClusterImpl-2b6d929c-e003-4b1e-a690-bc78ed65c470/datanode-0/data/ratis/2eeb3c22-9cd8-4fc8-95ff-07083abb32c5] INFO  segmented.SegmentedRaftLogWorker (SegmentedRaftLogWorker.java:execute(569)) - 701dcac2-413a-4112-9eef-a6503cb024bf-SegmentedRaftLogWorker:Storage Directory /workdir/hadoop-ozone/integration-test/target/test-dir/MiniOzoneClusterImpl-2b6d929c-e003-4b1e-a690-bc78ed65c470/datanode-0/data/ratis/2eeb3c22-9cd8-4fc8-95ff-07083abb32c5: created new log segment /workdir/hadoop-ozone/integration-test/target/test-dir/MiniOzoneClusterImpl-2b6d929c-e003-4b1e-a690-bc78ed65c470/datanode-0/data/ratis/2eeb3c22-9cd8-4fc8-95ff-07083abb32c5/current/log_inprogress_0
2019-08-29 08:13:00,680 [94fa760f-e64d-4170-ac7e-44ba98bd38f6-SegmentedRaftLogWorker:Storage Directory /workdir/hadoop-ozone/integration-test/target/test-dir/MiniOzoneClusterImpl-2b6d929c-e003-4b1e-a690-bc78ed65c470/datanode-2/data/ratis/cba26b7a-8e87-4b5b-b722-7d09cc453c2e] INFO  segmented.SegmentedRaftLogWorker (SegmentedRaftLogWorker.java:execute(569)) - 94fa760f-e64d-4170-ac7e-44ba98bd38f6-SegmentedRaftLogWorker:Storage Directory /workdir/hadoop-ozone/integration-test/target/test-dir/MiniOzoneClusterImpl-2b6d929c-e003-4b1e-a690-bc78ed65c470/datanode-2/data/ratis/cba26b7a-8e87-4b5b-b722-7d09cc453c2e: created new log segment /workdir/hadoop-ozone/integration-test/target/test-dir/MiniOzoneClusterImpl-2b6d929c-e003-4b1e-a690-bc78ed65c470/datanode-2/data/ratis/cba26b7a-8e87-4b5b-b722-7d09cc453c2e/current/log_inprogress_0
2019-08-29 08:13:00,683 [2ba8cf83-fb49-4c0e-ac06-565332abd279-SegmentedRaftLogWorker:Storage Directory /workdir/hadoop-ozone/integration-test/target/test-dir/MiniOzoneClusterImpl-2b6d929c-e003-4b1e-a690-bc78ed65c470/datanode-1/data/ratis/2eeb3c22-9cd8-4fc8-95ff-07083abb32c5] INFO  segmented.SegmentedRaftLogWorker (SegmentedRaftLogWorker.java:execute(569)) - 2ba8cf83-fb49-4c0e-ac06-565332abd279-SegmentedRaftLogWorker:Storage Directory /workdir/hadoop-ozone/integration-test/target/test-dir/MiniOzoneClusterImpl-2b6d929c-e003-4b1e-a690-bc78ed65c470/datanode-1/data/ratis/2eeb3c22-9cd8-4fc8-95ff-07083abb32c5: created new log segment /workdir/hadoop-ozone/integration-test/target/test-dir/MiniOzoneClusterImpl-2b6d929c-e003-4b1e-a690-bc78ed65c470/datanode-1/data/ratis/2eeb3c22-9cd8-4fc8-95ff-07083abb32c5/current/log_inprogress_0
2019-08-29 08:13:00,683 [22940eff-9029-4e71-b915-5f2bfabaa31a-SegmentedRaftLogWorker:Storage Directory /workdir/hadoop-ozone/integration-test/target/test-dir/MiniOzoneClusterImpl-2b6d929c-e003-4b1e-a690-bc78ed65c470/datanode-3/data/ratis/08b6c39a-e592-4a79-b9b5-d06ba6c57112] INFO  segmented.SegmentedRaftLogWorker (SegmentedRaftLogWorker.java:execute(569)) - 22940eff-9029-4e71-b915-5f2bfabaa31a-SegmentedRaftLogWorker:Storage Directory /workdir/hadoop-ozone/integration-test/target/test-dir/MiniOzoneClusterImpl-2b6d929c-e003-4b1e-a690-bc78ed65c470/datanode-3/data/ratis/08b6c39a-e592-4a79-b9b5-d06ba6c57112: created new log segment /workdir/hadoop-ozone/integration-test/target/test-dir/MiniOzoneClusterImpl-2b6d929c-e003-4b1e-a690-bc78ed65c470/datanode-3/data/ratis/08b6c39a-e592-4a79-b9b5-d06ba6c57112/current/log_inprogress_0
2019-08-29 08:13:00,683 [94fa760f-e64d-4170-ac7e-44ba98bd38f6-SegmentedRaftLogWorker:Storage Directory /workdir/hadoop-ozone/integration-test/target/test-dir/MiniOzoneClusterImpl-2b6d929c-e003-4b1e-a690-bc78ed65c470/datanode-2/data/ratis/2eeb3c22-9cd8-4fc8-95ff-07083abb32c5] INFO  segmented.SegmentedRaftLogWorker (SegmentedRaftLogWorker.java:execute(569)) - 94fa760f-e64d-4170-ac7e-44ba98bd38f6-SegmentedRaftLogWorker:Storage Directory /workdir/hadoop-ozone/integration-test/target/test-dir/MiniOzoneClusterImpl-2b6d929c-e003-4b1e-a690-bc78ed65c470/datanode-2/data/ratis/2eeb3c22-9cd8-4fc8-95ff-07083abb32c5: created new log segment /workdir/hadoop-ozone/integration-test/target/test-dir/MiniOzoneClusterImpl-2b6d929c-e003-4b1e-a690-bc78ed65c470/datanode-2/data/ratis/2eeb3c22-9cd8-4fc8-95ff-07083abb32c5/current/log_inprogress_0
2019-08-29 08:13:00,749 | INFO  | SCMAudit | user=jenkins1000 | ip=192.168.34.54 | op=SEND_HEARTBEAT {datanodeUUID=701dcac2-413a-4112-9eef-a6503cb024bf, command=[]} | ret=SUCCESS |  
2019-08-29 08:13:00,749 | INFO  | SCMAudit | user=jenkins1000 | ip=192.168.34.54 | op=SEND_HEARTBEAT {datanodeUUID=86ac6034-f33a-4178-b5f5-7175dd4ad45b, command=[]} | ret=SUCCESS |  
2019-08-29 08:13:00,947 | INFO  | SCMAudit | user=jenkins1000 | ip=192.168.34.54 | op=SEND_HEARTBEAT {datanodeUUID=298a5c77-4e08-4cfb-ad26-b2dd8c1ae315, command=[]} | ret=SUCCESS |  
2019-08-29 08:13:00,987 [Thread-3376] INFO  impl.FollowerState (FollowerState.java:run(106)) - 86ac6034-f33a-4178-b5f5-7175dd4ad45b:group-1F0F4B49E85E changes to CANDIDATE, lastRpcTime:5194, electionTimeout:5194ms
2019-08-29 08:13:00,987 [Thread-3376] INFO  impl.RoleInfo (RoleInfo.java:shutdownFollowerState(121)) - 86ac6034-f33a-4178-b5f5-7175dd4ad45b: shutdown FollowerState
2019-08-29 08:13:00,987 [Thread-3376] INFO  impl.RaftServerImpl (RaftServerImpl.java:setRole(171)) - 86ac6034-f33a-4178-b5f5-7175dd4ad45b:group-1F0F4B49E85E changes role from FOLLOWER to CANDIDATE at term 0 for changeToCandidate
2019-08-29 08:13:00,987 [Thread-3376] INFO  impl.RoleInfo (RoleInfo.java:updateAndGet(143)) - 86ac6034-f33a-4178-b5f5-7175dd4ad45b: start LeaderElection
2019-08-29 08:13:01,022 [Thread-3379] INFO  impl.FollowerState (FollowerState.java:run(106)) - 298a5c77-4e08-4cfb-ad26-b2dd8c1ae315:group-390F18201113 changes to CANDIDATE, lastRpcTime:5033, electionTimeout:5033ms
2019-08-29 08:13:01,023 [Thread-3379] INFO  impl.RoleInfo (RoleInfo.java:shutdownFollowerState(121)) - 298a5c77-4e08-4cfb-ad26-b2dd8c1ae315: shutdown FollowerState
2019-08-29 08:13:01,023 [Thread-3379] INFO  impl.RaftServerImpl (RaftServerImpl.java:setRole(171)) - 298a5c77-4e08-4cfb-ad26-b2dd8c1ae315:group-390F18201113 changes role from FOLLOWER to CANDIDATE at term 0 for changeToCandidate
2019-08-29 08:13:01,023 [Thread-3379] INFO  impl.RoleInfo (RoleInfo.java:updateAndGet(143)) - 298a5c77-4e08-4cfb-ad26-b2dd8c1ae315: start LeaderElection
2019-08-29 08:13:01,047 [86ac6034-f33a-4178-b5f5-7175dd4ad45b:group-1F0F4B49E85E:LeaderElection82] INFO  impl.LeaderElection (LeaderElection.java:askForVotes(181)) - 86ac6034-f33a-4178-b5f5-7175dd4ad45b:group-1F0F4B49E85E:LeaderElection82: begin an election at term 1 for -1: [86ac6034-f33a-4178-b5f5-7175dd4ad45b:192.168.34.54:36522], old=null
2019-08-29 08:13:01,047 [86ac6034-f33a-4178-b5f5-7175dd4ad45b:group-1F0F4B49E85E:LeaderElection82] INFO  impl.RoleInfo (RoleInfo.java:shutdownLeaderElection(134)) - 86ac6034-f33a-4178-b5f5-7175dd4ad45b: shutdown LeaderElection
2019-08-29 08:13:01,047 [86ac6034-f33a-4178-b5f5-7175dd4ad45b:group-1F0F4B49E85E:LeaderElection82] INFO  impl.RaftServerImpl (RaftServerImpl.java:setRole(171)) - 86ac6034-f33a-4178-b5f5-7175dd4ad45b:group-1F0F4B49E85E changes role from CANDIDATE to LEADER at term 1 for changeToLeader
2019-08-29 08:13:01,047 [86ac6034-f33a-4178-b5f5-7175dd4ad45b:group-1F0F4B49E85E:LeaderElection82] INFO  impl.RaftServerImpl (ServerState.java:setLeader(263)) - 86ac6034-f33a-4178-b5f5-7175dd4ad45b:group-1F0F4B49E85E change Leader from null to 86ac6034-f33a-4178-b5f5-7175dd4ad45b at term 1 for becomeLeader, leader elected after 5258ms
2019-08-29 08:13:01,048 [86ac6034-f33a-4178-b5f5-7175dd4ad45b:group-1F0F4B49E85E:LeaderElection82] INFO  server.RaftServerConfigKeys (ConfUtils.java:logGet(43)) - raft.server.staging.catchup.gap = 1000 (default)
2019-08-29 08:13:01,048 [86ac6034-f33a-4178-b5f5-7175dd4ad45b:group-1F0F4B49E85E:LeaderElection82] INFO  server.RaftServerConfigKeys (ConfUtils.java:logGet(43)) - raft.server.rpc.sleep.time = 25ms (default)
2019-08-29 08:13:01,048 [86ac6034-f33a-4178-b5f5-7175dd4ad45b:group-1F0F4B49E85E:LeaderElection82] INFO  server.RaftServerConfigKeys (ConfUtils.java:logGet(43)) - raft.server.write.element-limit = 4096 (default)
2019-08-29 08:13:01,048 [86ac6034-f33a-4178-b5f5-7175dd4ad45b:group-1F0F4B49E85E:LeaderElection82] INFO  server.RaftServerConfigKeys (ConfUtils.java:logGet(43)) - raft.server.watch.timeout = 10s (default)
2019-08-29 08:13:01,048 [86ac6034-f33a-4178-b5f5-7175dd4ad45b:group-1F0F4B49E85E:LeaderElection82] INFO  server.RaftServerConfigKeys (ConfUtils.java:logGet(43)) - raft.server.watch.timeout.denomination = 1s (default)
2019-08-29 08:13:01,048 [86ac6034-f33a-4178-b5f5-7175dd4ad45b:group-1F0F4B49E85E:LeaderElection82] INFO  server.RaftServerConfigKeys (ConfUtils.java:logGet(43)) - raft.server.watch.element-limit = 65536 (default)
2019-08-29 08:13:01,048 [86ac6034-f33a-4178-b5f5-7175dd4ad45b:group-1F0F4B49E85E:LeaderElection82] INFO  impl.RoleInfo (RoleInfo.java:updateAndGet(143)) - 86ac6034-f33a-4178-b5f5-7175dd4ad45b: start LeaderState
2019-08-29 08:13:01,049 [86ac6034-f33a-4178-b5f5-7175dd4ad45b:group-1F0F4B49E85E:LeaderElection82] INFO  segmented.SegmentedRaftLogWorker (SegmentedRaftLogWorker.java:startLogSegment(380)) - 86ac6034-f33a-4178-b5f5-7175dd4ad45b-SegmentedRaftLogWorker:Storage Directory /workdir/hadoop-ozone/integration-test/target/test-dir/MiniOzoneClusterImpl-2b6d929c-e003-4b1e-a690-bc78ed65c470/datanode-4/data/ratis/6536e53e-e6de-4c9d-a539-1f0f4b49e85e: Starting segment from index:0
2019-08-29 08:13:01,049 [86ac6034-f33a-4178-b5f5-7175dd4ad45b:group-1F0F4B49E85E:LeaderElection82] INFO  impl.RaftServerImpl (ServerState.java:setRaftConf(361)) - 86ac6034-f33a-4178-b5f5-7175dd4ad45b:group-1F0F4B49E85E set configuration 0: [86ac6034-f33a-4178-b5f5-7175dd4ad45b:192.168.34.54:36522], old=null at 0
2019-08-29 08:13:01,055 [Thread-3382] INFO  impl.FollowerState (FollowerState.java:run(106)) - 298a5c77-4e08-4cfb-ad26-b2dd8c1ae315:group-0CE495B9C573 changes to CANDIDATE, lastRpcTime:5010, electionTimeout:5010ms
2019-08-29 08:13:01,055 [Thread-3382] INFO  impl.RoleInfo (RoleInfo.java:shutdownFollowerState(121)) - 298a5c77-4e08-4cfb-ad26-b2dd8c1ae315: shutdown FollowerState
2019-08-29 08:13:01,055 [Thread-3382] INFO  impl.RaftServerImpl (RaftServerImpl.java:setRole(171)) - 298a5c77-4e08-4cfb-ad26-b2dd8c1ae315:group-0CE495B9C573 changes role from FOLLOWER to CANDIDATE at term 0 for changeToCandidate
2019-08-29 08:13:01,055 [Thread-3382] INFO  impl.RoleInfo (RoleInfo.java:updateAndGet(143)) - 298a5c77-4e08-4cfb-ad26-b2dd8c1ae315: start LeaderElection
2019-08-29 08:13:01,075 [298a5c77-4e08-4cfb-ad26-b2dd8c1ae315:group-390F18201113:LeaderElection83] INFO  impl.LeaderElection (LeaderElection.java:askForVotes(181)) - 298a5c77-4e08-4cfb-ad26-b2dd8c1ae315:group-390F18201113:LeaderElection83: begin an election at term 1 for -1: [298a5c77-4e08-4cfb-ad26-b2dd8c1ae315:192.168.34.54:45490], old=null
2019-08-29 08:13:01,077 [298a5c77-4e08-4cfb-ad26-b2dd8c1ae315:group-390F18201113:LeaderElection83] INFO  impl.RoleInfo (RoleInfo.java:shutdownLeaderElection(134)) - 298a5c77-4e08-4cfb-ad26-b2dd8c1ae315: shutdown LeaderElection
2019-08-29 08:13:01,077 [298a5c77-4e08-4cfb-ad26-b2dd8c1ae315:group-390F18201113:LeaderElection83] INFO  impl.RaftServerImpl (RaftServerImpl.java:setRole(171)) - 298a5c77-4e08-4cfb-ad26-b2dd8c1ae315:group-390F18201113 changes role from CANDIDATE to LEADER at term 1 for changeToLeader
2019-08-29 08:13:01,077 [298a5c77-4e08-4cfb-ad26-b2dd8c1ae315:group-390F18201113:LeaderElection83] INFO  impl.RaftServerImpl (ServerState.java:setLeader(263)) - 298a5c77-4e08-4cfb-ad26-b2dd8c1ae315:group-390F18201113 change Leader from null to 298a5c77-4e08-4cfb-ad26-b2dd8c1ae315 at term 1 for becomeLeader, leader elected after 5092ms
2019-08-29 08:13:01,078 [298a5c77-4e08-4cfb-ad26-b2dd8c1ae315:group-390F18201113:LeaderElection83] INFO  server.RaftServerConfigKeys (ConfUtils.java:logGet(43)) - raft.server.staging.catchup.gap = 1000 (default)
2019-08-29 08:13:01,078 [298a5c77-4e08-4cfb-ad26-b2dd8c1ae315:group-390F18201113:LeaderElection83] INFO  server.RaftServerConfigKeys (ConfUtils.java:logGet(43)) - raft.server.rpc.sleep.time = 25ms (default)
2019-08-29 08:13:01,078 [298a5c77-4e08-4cfb-ad26-b2dd8c1ae315:group-390F18201113:LeaderElection83] INFO  server.RaftServerConfigKeys (ConfUtils.java:logGet(43)) - raft.server.write.element-limit = 4096 (default)
2019-08-29 08:13:01,078 [298a5c77-4e08-4cfb-ad26-b2dd8c1ae315:group-390F18201113:LeaderElection83] INFO  server.RaftServerConfigKeys (ConfUtils.java:logGet(43)) - raft.server.watch.timeout = 10s (default)
2019-08-29 08:13:01,078 [298a5c77-4e08-4cfb-ad26-b2dd8c1ae315:group-390F18201113:LeaderElection83] INFO  server.RaftServerConfigKeys (ConfUtils.java:logGet(43)) - raft.server.watch.timeout.denomination = 1s (default)
2019-08-29 08:13:01,078 [298a5c77-4e08-4cfb-ad26-b2dd8c1ae315:group-390F18201113:LeaderElection83] INFO  server.RaftServerConfigKeys (ConfUtils.java:logGet(43)) - raft.server.watch.element-limit = 65536 (default)
2019-08-29 08:13:01,078 [298a5c77-4e08-4cfb-ad26-b2dd8c1ae315:group-390F18201113:LeaderElection83] INFO  impl.RoleInfo (RoleInfo.java:updateAndGet(143)) - 298a5c77-4e08-4cfb-ad26-b2dd8c1ae315: start LeaderState
2019-08-29 08:13:01,079 [298a5c77-4e08-4cfb-ad26-b2dd8c1ae315:group-390F18201113:LeaderElection83] INFO  segmented.SegmentedRaftLogWorker (SegmentedRaftLogWorker.java:startLogSegment(380)) - 298a5c77-4e08-4cfb-ad26-b2dd8c1ae315-SegmentedRaftLogWorker:Storage Directory /workdir/hadoop-ozone/integration-test/target/test-dir/MiniOzoneClusterImpl-2b6d929c-e003-4b1e-a690-bc78ed65c470/datanode-5/data/ratis/e7dfcd67-2594-417c-8ffa-390f18201113: Starting segment from index:0
2019-08-29 08:13:01,079 [298a5c77-4e08-4cfb-ad26-b2dd8c1ae315:group-390F18201113:LeaderElection83] INFO  impl.RaftServerImpl (ServerState.java:setRaftConf(361)) - 298a5c77-4e08-4cfb-ad26-b2dd8c1ae315:group-390F18201113 set configuration 0: [298a5c77-4e08-4cfb-ad26-b2dd8c1ae315:192.168.34.54:45490], old=null at 0
2019-08-29 08:13:01,085 [Thread-3387] INFO  impl.FollowerState (FollowerState.java:run(106)) - 86ac6034-f33a-4178-b5f5-7175dd4ad45b:group-0CE495B9C573 changes to CANDIDATE, lastRpcTime:5038, electionTimeout:5038ms
2019-08-29 08:13:01,085 [Thread-3387] INFO  impl.RoleInfo (RoleInfo.java:shutdownFollowerState(121)) - 86ac6034-f33a-4178-b5f5-7175dd4ad45b: shutdown FollowerState
2019-08-29 08:13:01,085 [Thread-3387] INFO  impl.RaftServerImpl (RaftServerImpl.java:setRole(171)) - 86ac6034-f33a-4178-b5f5-7175dd4ad45b:group-0CE495B9C573 changes role from FOLLOWER to CANDIDATE at term 0 for changeToCandidate
2019-08-29 08:13:01,086 [Thread-3387] INFO  impl.RoleInfo (RoleInfo.java:updateAndGet(143)) - 86ac6034-f33a-4178-b5f5-7175dd4ad45b: start LeaderElection
2019-08-29 08:13:01,104 [86ac6034-f33a-4178-b5f5-7175dd4ad45b-SegmentedRaftLogWorker:Storage Directory /workdir/hadoop-ozone/integration-test/target/test-dir/MiniOzoneClusterImpl-2b6d929c-e003-4b1e-a690-bc78ed65c470/datanode-4/data/ratis/6536e53e-e6de-4c9d-a539-1f0f4b49e85e] INFO  segmented.SegmentedRaftLogWorker (SegmentedRaftLogWorker.java:execute(569)) - 86ac6034-f33a-4178-b5f5-7175dd4ad45b-SegmentedRaftLogWorker:Storage Directory /workdir/hadoop-ozone/integration-test/target/test-dir/MiniOzoneClusterImpl-2b6d929c-e003-4b1e-a690-bc78ed65c470/datanode-4/data/ratis/6536e53e-e6de-4c9d-a539-1f0f4b49e85e: created new log segment /workdir/hadoop-ozone/integration-test/target/test-dir/MiniOzoneClusterImpl-2b6d929c-e003-4b1e-a690-bc78ed65c470/datanode-4/data/ratis/6536e53e-e6de-4c9d-a539-1f0f4b49e85e/current/log_inprogress_0
2019-08-29 08:13:01,105 [298a5c77-4e08-4cfb-ad26-b2dd8c1ae315:group-0CE495B9C573:LeaderElection84] INFO  impl.LeaderElection (LeaderElection.java:askForVotes(181)) - 298a5c77-4e08-4cfb-ad26-b2dd8c1ae315:group-0CE495B9C573:LeaderElection84: begin an election at term 1 for -1: [298a5c77-4e08-4cfb-ad26-b2dd8c1ae315:192.168.34.54:45490, 86ac6034-f33a-4178-b5f5-7175dd4ad45b:192.168.34.54:36522, 22940eff-9029-4e71-b915-5f2bfabaa31a:192.168.34.54:43196], old=null
2019-08-29 08:13:01,109 [grpc-default-executor-7] INFO  impl.RaftServerImpl (RaftServerImpl.java:setRole(171)) - 22940eff-9029-4e71-b915-5f2bfabaa31a:group-0CE495B9C573 changes role from FOLLOWER to FOLLOWER at term 1 for recognizeCandidate:298a5c77-4e08-4cfb-ad26-b2dd8c1ae315
2019-08-29 08:13:01,109 [grpc-default-executor-7] INFO  impl.RoleInfo (RoleInfo.java:shutdownFollowerState(121)) - 22940eff-9029-4e71-b915-5f2bfabaa31a: shutdown FollowerState
2019-08-29 08:13:01,109 [grpc-default-executor-7] INFO  impl.RoleInfo (RoleInfo.java:updateAndGet(143)) - 22940eff-9029-4e71-b915-5f2bfabaa31a: start FollowerState
2019-08-29 08:13:01,109 [Thread-3386] INFO  impl.FollowerState (FollowerState.java:run(114)) - 22940eff-9029-4e71-b915-5f2bfabaa31a: FollowerState was interrupted: java.lang.InterruptedException: sleep interrupted
2019-08-29 08:13:01,139 | INFO  | SCMAudit | user=jenkins1000 | ip=192.168.34.54 | op=SEND_HEARTBEAT {datanodeUUID=f857bedd-aee7-4d2b-9918-46878ad86507, command=[]} | ret=SUCCESS |  
2019-08-29 08:13:01,147 [298a5c77-4e08-4cfb-ad26-b2dd8c1ae315-SegmentedRaftLogWorker:Storage Directory /workdir/hadoop-ozone/integration-test/target/test-dir/MiniOzoneClusterImpl-2b6d929c-e003-4b1e-a690-bc78ed65c470/datanode-5/data/ratis/e7dfcd67-2594-417c-8ffa-390f18201113] INFO  segmented.SegmentedRaftLogWorker (SegmentedRaftLogWorker.java:execute(569)) - 298a5c77-4e08-4cfb-ad26-b2dd8c1ae315-SegmentedRaftLogWorker:Storage Directory /workdir/hadoop-ozone/integration-test/target/test-dir/MiniOzoneClusterImpl-2b6d929c-e003-4b1e-a690-bc78ed65c470/datanode-5/data/ratis/e7dfcd67-2594-417c-8ffa-390f18201113: created new log segment /workdir/hadoop-ozone/integration-test/target/test-dir/MiniOzoneClusterImpl-2b6d929c-e003-4b1e-a690-bc78ed65c470/datanode-5/data/ratis/e7dfcd67-2594-417c-8ffa-390f18201113/current/log_inprogress_0
2019-08-29 08:13:01,147 [86ac6034-f33a-4178-b5f5-7175dd4ad45b:group-0CE495B9C573:LeaderElection85] INFO  impl.LeaderElection (LeaderElection.java:askForVotes(181)) - 86ac6034-f33a-4178-b5f5-7175dd4ad45b:group-0CE495B9C573:LeaderElection85: begin an election at term 1 for -1: [298a5c77-4e08-4cfb-ad26-b2dd8c1ae315:192.168.34.54:45490, 86ac6034-f33a-4178-b5f5-7175dd4ad45b:192.168.34.54:36522, 22940eff-9029-4e71-b915-5f2bfabaa31a:192.168.34.54:43196], old=null
2019-08-29 08:13:01,148 [298a5c77-4e08-4cfb-ad26-b2dd8c1ae315:group-0CE495B9C573:LeaderElection84] INFO  impl.LeaderElection (LeaderElection.java:logAndReturn(56)) - 298a5c77-4e08-4cfb-ad26-b2dd8c1ae315:group-0CE495B9C573:LeaderElection84: Election PASSED; received 1 response(s) [298a5c77-4e08-4cfb-ad26-b2dd8c1ae315<-22940eff-9029-4e71-b915-5f2bfabaa31a#0:OK-t1] and 0 exception(s); 298a5c77-4e08-4cfb-ad26-b2dd8c1ae315:t1, leader=null, voted=298a5c77-4e08-4cfb-ad26-b2dd8c1ae315, raftlog=298a5c77-4e08-4cfb-ad26-b2dd8c1ae315-SegmentedRaftLog:OPENED:c-1,f-1,i0, conf=-1: [298a5c77-4e08-4cfb-ad26-b2dd8c1ae315:192.168.34.54:45490, 86ac6034-f33a-4178-b5f5-7175dd4ad45b:192.168.34.54:36522, 22940eff-9029-4e71-b915-5f2bfabaa31a:192.168.34.54:43196], old=null
2019-08-29 08:13:01,148 [298a5c77-4e08-4cfb-ad26-b2dd8c1ae315:group-0CE495B9C573:LeaderElection84] INFO  impl.RoleInfo (RoleInfo.java:shutdownLeaderElection(134)) - 298a5c77-4e08-4cfb-ad26-b2dd8c1ae315: shutdown LeaderElection
2019-08-29 08:13:01,148 [298a5c77-4e08-4cfb-ad26-b2dd8c1ae315:group-0CE495B9C573:LeaderElection84] INFO  impl.RaftServerImpl (RaftServerImpl.java:setRole(171)) - 298a5c77-4e08-4cfb-ad26-b2dd8c1ae315:group-0CE495B9C573 changes role from CANDIDATE to LEADER at term 1 for changeToLeader
2019-08-29 08:13:01,148 [298a5c77-4e08-4cfb-ad26-b2dd8c1ae315:group-0CE495B9C573:LeaderElection84] INFO  impl.RaftServerImpl (ServerState.java:setLeader(263)) - 298a5c77-4e08-4cfb-ad26-b2dd8c1ae315:group-0CE495B9C573 change Leader from null to 298a5c77-4e08-4cfb-ad26-b2dd8c1ae315 at term 1 for becomeLeader, leader elected after 5111ms
2019-08-29 08:13:01,148 [298a5c77-4e08-4cfb-ad26-b2dd8c1ae315:group-0CE495B9C573:LeaderElection84] INFO  server.RaftServerConfigKeys (ConfUtils.java:logGet(43)) - raft.server.staging.catchup.gap = 1000 (default)
2019-08-29 08:13:01,148 [298a5c77-4e08-4cfb-ad26-b2dd8c1ae315:group-0CE495B9C573:LeaderElection84] INFO  server.RaftServerConfigKeys (ConfUtils.java:logGet(43)) - raft.server.rpc.sleep.time = 25ms (default)
2019-08-29 08:13:01,149 [298a5c77-4e08-4cfb-ad26-b2dd8c1ae315:group-0CE495B9C573:LeaderElection84] INFO  server.RaftServerConfigKeys (ConfUtils.java:logGet(43)) - raft.server.write.element-limit = 4096 (default)
2019-08-29 08:13:01,149 [298a5c77-4e08-4cfb-ad26-b2dd8c1ae315:group-0CE495B9C573:LeaderElection84] INFO  server.RaftServerConfigKeys (ConfUtils.java:logGet(43)) - raft.server.watch.timeout = 10s (default)
2019-08-29 08:13:01,149 [298a5c77-4e08-4cfb-ad26-b2dd8c1ae315:group-0CE495B9C573:LeaderElection84] INFO  server.RaftServerConfigKeys (ConfUtils.java:logGet(43)) - raft.server.watch.timeout.denomination = 1s (default)
2019-08-29 08:13:01,149 [298a5c77-4e08-4cfb-ad26-b2dd8c1ae315:group-0CE495B9C573:LeaderElection84] INFO  server.RaftServerConfigKeys (ConfUtils.java:logGet(43)) - raft.server.watch.element-limit = 65536 (default)
2019-08-29 08:13:01,149 [298a5c77-4e08-4cfb-ad26-b2dd8c1ae315:group-0CE495B9C573:LeaderElection84] INFO  server.RaftServerConfigKeys (ConfUtils.java:logGet(43)) - raft.server.log.appender.snapshot.chunk.size.max = 16MB (=16777216) (default)
2019-08-29 08:13:01,149 [298a5c77-4e08-4cfb-ad26-b2dd8c1ae315:group-0CE495B9C573:LeaderElection84] INFO  server.RaftServerConfigKeys (ConfUtils.java:logGet(43)) - raft.server.log.appender.buffer.byte-limit = 33554432 (custom)
2019-08-29 08:13:01,150 [298a5c77-4e08-4cfb-ad26-b2dd8c1ae315:group-0CE495B9C573:LeaderElection84] INFO  server.RaftServerConfigKeys (ConfUtils.java:logGet(43)) - raft.server.log.appender.buffer.element-limit = 1 (custom)
2019-08-29 08:13:01,150 [298a5c77-4e08-4cfb-ad26-b2dd8c1ae315:group-0CE495B9C573:LeaderElection84] INFO  grpc.GrpcConfigKeys$Server (ConfUtils.java:logGet(43)) - raft.grpc.server.leader.outstanding.appends.max = 128 (default)
2019-08-29 08:13:01,150 [298a5c77-4e08-4cfb-ad26-b2dd8c1ae315:group-0CE495B9C573:LeaderElection84] INFO  server.RaftServerConfigKeys (ConfUtils.java:logGet(43)) - raft.server.rpc.request.timeout = 3000ms (default)
2019-08-29 08:13:01,150 [298a5c77-4e08-4cfb-ad26-b2dd8c1ae315:group-0CE495B9C573:LeaderElection84] INFO  server.RaftServerConfigKeys (ConfUtils.java:logGet(43)) - raft.server.log.appender.install.snapshot.enabled = false (custom)
2019-08-29 08:13:01,150 [298a5c77-4e08-4cfb-ad26-b2dd8c1ae315:group-0CE495B9C573:LeaderElection84] INFO  server.RaftServerConfigKeys (ConfUtils.java:logGet(43)) - raft.server.log.appender.snapshot.chunk.size.max = 16MB (=16777216) (default)
2019-08-29 08:13:01,153 [298a5c77-4e08-4cfb-ad26-b2dd8c1ae315:group-0CE495B9C573:LeaderElection84] INFO  server.RaftServerConfigKeys (ConfUtils.java:logGet(43)) - raft.server.log.appender.buffer.byte-limit = 33554432 (custom)
2019-08-29 08:13:01,153 [298a5c77-4e08-4cfb-ad26-b2dd8c1ae315:group-0CE495B9C573:LeaderElection84] INFO  server.RaftServerConfigKeys (ConfUtils.java:logGet(43)) - raft.server.log.appender.buffer.element-limit = 1 (custom)
2019-08-29 08:13:01,153 [298a5c77-4e08-4cfb-ad26-b2dd8c1ae315:group-0CE495B9C573:LeaderElection84] INFO  grpc.GrpcConfigKeys$Server (ConfUtils.java:logGet(43)) - raft.grpc.server.leader.outstanding.appends.max = 128 (default)
2019-08-29 08:13:01,153 [298a5c77-4e08-4cfb-ad26-b2dd8c1ae315:group-0CE495B9C573:LeaderElection84] INFO  server.RaftServerConfigKeys (ConfUtils.java:logGet(43)) - raft.server.rpc.request.timeout = 3000ms (default)
2019-08-29 08:13:01,154 [298a5c77-4e08-4cfb-ad26-b2dd8c1ae315:group-0CE495B9C573:LeaderElection84] INFO  server.RaftServerConfigKeys (ConfUtils.java:logGet(43)) - raft.server.log.appender.install.snapshot.enabled = false (custom)
2019-08-29 08:13:01,154 [298a5c77-4e08-4cfb-ad26-b2dd8c1ae315:group-0CE495B9C573:LeaderElection84] INFO  impl.RoleInfo (RoleInfo.java:updateAndGet(143)) - 298a5c77-4e08-4cfb-ad26-b2dd8c1ae315: start LeaderState
2019-08-29 08:13:01,154 [298a5c77-4e08-4cfb-ad26-b2dd8c1ae315:group-0CE495B9C573:LeaderElection84] INFO  segmented.SegmentedRaftLogWorker (SegmentedRaftLogWorker.java:startLogSegment(380)) - 298a5c77-4e08-4cfb-ad26-b2dd8c1ae315-SegmentedRaftLogWorker:Storage Directory /workdir/hadoop-ozone/integration-test/target/test-dir/MiniOzoneClusterImpl-2b6d929c-e003-4b1e-a690-bc78ed65c470/datanode-5/data/ratis/c12172ff-05c3-4ad7-9a46-0ce495b9c573: Starting segment from index:0
2019-08-29 08:13:01,155 [298a5c77-4e08-4cfb-ad26-b2dd8c1ae315:group-0CE495B9C573:LeaderElection84] INFO  impl.RaftServerImpl (ServerState.java:setRaftConf(361)) - 298a5c77-4e08-4cfb-ad26-b2dd8c1ae315:group-0CE495B9C573 set configuration 0: [298a5c77-4e08-4cfb-ad26-b2dd8c1ae315:192.168.34.54:45490, 86ac6034-f33a-4178-b5f5-7175dd4ad45b:192.168.34.54:36522, 22940eff-9029-4e71-b915-5f2bfabaa31a:192.168.34.54:43196], old=null at 0
2019-08-29 08:13:01,180 [grpc-default-executor-7] INFO  impl.RaftServerImpl (RaftServerImpl.java:requestVote(754)) - 298a5c77-4e08-4cfb-ad26-b2dd8c1ae315-LEADER: Withhold vote from candidate 86ac6034-f33a-4178-b5f5-7175dd4ad45b with term 1. State: leader=298a5c77-4e08-4cfb-ad26-b2dd8c1ae315, term=1, lastRpcElapsed=null
2019-08-29 08:13:01,180 | INFO  | SCMAudit | user=jenkins1000 | ip=192.168.34.54 | op=SEND_HEARTBEAT {datanodeUUID=2ba8cf83-fb49-4c0e-ac06-565332abd279, command=[]} | ret=SUCCESS |  
2019-08-29 08:13:01,180 [grpc-default-executor-10] INFO  impl.RaftServerImpl (RaftServerImpl.java:setRole(171)) - 86ac6034-f33a-4178-b5f5-7175dd4ad45b:group-0CE495B9C573 changes role from CANDIDATE to FOLLOWER at term 1 for appendEntries
2019-08-29 08:13:01,180 [grpc-default-executor-10] INFO  impl.RoleInfo (RoleInfo.java:shutdownLeaderElection(134)) - 86ac6034-f33a-4178-b5f5-7175dd4ad45b: shutdown LeaderElection
2019-08-29 08:13:01,180 [grpc-default-executor-7] INFO  impl.RaftServerImpl (ServerState.java:setLeader(263)) - 22940eff-9029-4e71-b915-5f2bfabaa31a:group-0CE495B9C573 change Leader from null to 298a5c77-4e08-4cfb-ad26-b2dd8c1ae315 at term 1 for appendEntries, leader elected after 5144ms
2019-08-29 08:13:01,181 [grpc-default-executor-10] INFO  impl.RoleInfo (RoleInfo.java:updateAndGet(143)) - 86ac6034-f33a-4178-b5f5-7175dd4ad45b: start FollowerState
2019-08-29 08:13:01,181 [86ac6034-f33a-4178-b5f5-7175dd4ad45b:group-0CE495B9C573:LeaderElection85] INFO  impl.LeaderElection (LeaderElection.java:logAndReturn(56)) - 86ac6034-f33a-4178-b5f5-7175dd4ad45b:group-0CE495B9C573:LeaderElection85: Election REJECTED; received 2 response(s) [86ac6034-f33a-4178-b5f5-7175dd4ad45b<-298a5c77-4e08-4cfb-ad26-b2dd8c1ae315#0:FAIL-t1, 86ac6034-f33a-4178-b5f5-7175dd4ad45b<-22940eff-9029-4e71-b915-5f2bfabaa31a#0:FAIL-t1] and 0 exception(s); 86ac6034-f33a-4178-b5f5-7175dd4ad45b:t1, leader=null, voted=86ac6034-f33a-4178-b5f5-7175dd4ad45b, raftlog=86ac6034-f33a-4178-b5f5-7175dd4ad45b-SegmentedRaftLog:OPENED:c-1,f-1,i0, conf=-1: [298a5c77-4e08-4cfb-ad26-b2dd8c1ae315:192.168.34.54:45490, 86ac6034-f33a-4178-b5f5-7175dd4ad45b:192.168.34.54:36522, 22940eff-9029-4e71-b915-5f2bfabaa31a:192.168.34.54:43196], old=null
2019-08-29 08:13:01,181 [grpc-default-executor-10] INFO  impl.RaftServerImpl (ServerState.java:setLeader(263)) - 86ac6034-f33a-4178-b5f5-7175dd4ad45b:group-0CE495B9C573 change Leader from null to 298a5c77-4e08-4cfb-ad26-b2dd8c1ae315 at term 1 for appendEntries, leader elected after 5144ms
2019-08-29 08:13:01,182 [grpc-default-executor-10] INFO  impl.RaftServerImpl (ServerState.java:setRaftConf(361)) - 22940eff-9029-4e71-b915-5f2bfabaa31a:group-0CE495B9C573 set configuration 0: [298a5c77-4e08-4cfb-ad26-b2dd8c1ae315:192.168.34.54:45490, 86ac6034-f33a-4178-b5f5-7175dd4ad45b:192.168.34.54:36522, 22940eff-9029-4e71-b915-5f2bfabaa31a:192.168.34.54:43196], old=null at 0
2019-08-29 08:13:01,183 [grpc-default-executor-10] INFO  segmented.SegmentedRaftLogWorker (SegmentedRaftLogWorker.java:startLogSegment(380)) - 22940eff-9029-4e71-b915-5f2bfabaa31a-SegmentedRaftLogWorker:Storage Directory /workdir/hadoop-ozone/integration-test/target/test-dir/MiniOzoneClusterImpl-2b6d929c-e003-4b1e-a690-bc78ed65c470/datanode-3/data/ratis/c12172ff-05c3-4ad7-9a46-0ce495b9c573: Starting segment from index:0
2019-08-29 08:13:01,183 [grpc-default-executor-7] INFO  impl.RaftServerImpl (ServerState.java:setRaftConf(361)) - 86ac6034-f33a-4178-b5f5-7175dd4ad45b:group-0CE495B9C573 set configuration 0: [298a5c77-4e08-4cfb-ad26-b2dd8c1ae315:192.168.34.54:45490, 86ac6034-f33a-4178-b5f5-7175dd4ad45b:192.168.34.54:36522, 22940eff-9029-4e71-b915-5f2bfabaa31a:192.168.34.54:43196], old=null at 0
2019-08-29 08:13:01,183 [grpc-default-executor-7] INFO  segmented.SegmentedRaftLogWorker (SegmentedRaftLogWorker.java:startLogSegment(380)) - 86ac6034-f33a-4178-b5f5-7175dd4ad45b-SegmentedRaftLogWorker:Storage Directory /workdir/hadoop-ozone/integration-test/target/test-dir/MiniOzoneClusterImpl-2b6d929c-e003-4b1e-a690-bc78ed65c470/datanode-4/data/ratis/c12172ff-05c3-4ad7-9a46-0ce495b9c573: Starting segment from index:0
2019-08-29 08:13:01,214 [298a5c77-4e08-4cfb-ad26-b2dd8c1ae315-SegmentedRaftLogWorker:Storage Directory /workdir/hadoop-ozone/integration-test/target/test-dir/MiniOzoneClusterImpl-2b6d929c-e003-4b1e-a690-bc78ed65c470/datanode-5/data/ratis/c12172ff-05c3-4ad7-9a46-0ce495b9c573] INFO  segmented.SegmentedRaftLogWorker (SegmentedRaftLogWorker.java:execute(569)) - 298a5c77-4e08-4cfb-ad26-b2dd8c1ae315-SegmentedRaftLogWorker:Storage Directory /workdir/hadoop-ozone/integration-test/target/test-dir/MiniOzoneClusterImpl-2b6d929c-e003-4b1e-a690-bc78ed65c470/datanode-5/data/ratis/c12172ff-05c3-4ad7-9a46-0ce495b9c573: created new log segment /workdir/hadoop-ozone/integration-test/target/test-dir/MiniOzoneClusterImpl-2b6d929c-e003-4b1e-a690-bc78ed65c470/datanode-5/data/ratis/c12172ff-05c3-4ad7-9a46-0ce495b9c573/current/log_inprogress_0
2019-08-29 08:13:01,218 [86ac6034-f33a-4178-b5f5-7175dd4ad45b-SegmentedRaftLogWorker:Storage Directory /workdir/hadoop-ozone/integration-test/target/test-dir/MiniOzoneClusterImpl-2b6d929c-e003-4b1e-a690-bc78ed65c470/datanode-4/data/ratis/c12172ff-05c3-4ad7-9a46-0ce495b9c573] INFO  segmented.SegmentedRaftLogWorker (SegmentedRaftLogWorker.java:execute(569)) - 86ac6034-f33a-4178-b5f5-7175dd4ad45b-SegmentedRaftLogWorker:Storage Directory /workdir/hadoop-ozone/integration-test/target/test-dir/MiniOzoneClusterImpl-2b6d929c-e003-4b1e-a690-bc78ed65c470/datanode-4/data/ratis/c12172ff-05c3-4ad7-9a46-0ce495b9c573: created new log segment /workdir/hadoop-ozone/integration-test/target/test-dir/MiniOzoneClusterImpl-2b6d929c-e003-4b1e-a690-bc78ed65c470/datanode-4/data/ratis/c12172ff-05c3-4ad7-9a46-0ce495b9c573/current/log_inprogress_0
2019-08-29 08:13:01,218 [22940eff-9029-4e71-b915-5f2bfabaa31a-SegmentedRaftLogWorker:Storage Directory /workdir/hadoop-ozone/integration-test/target/test-dir/MiniOzoneClusterImpl-2b6d929c-e003-4b1e-a690-bc78ed65c470/datanode-3/data/ratis/c12172ff-05c3-4ad7-9a46-0ce495b9c573] INFO  segmented.SegmentedRaftLogWorker (SegmentedRaftLogWorker.java:execute(569)) - 22940eff-9029-4e71-b915-5f2bfabaa31a-SegmentedRaftLogWorker:Storage Directory /workdir/hadoop-ozone/integration-test/target/test-dir/MiniOzoneClusterImpl-2b6d929c-e003-4b1e-a690-bc78ed65c470/datanode-3/data/ratis/c12172ff-05c3-4ad7-9a46-0ce495b9c573: created new log segment /workdir/hadoop-ozone/integration-test/target/test-dir/MiniOzoneClusterImpl-2b6d929c-e003-4b1e-a690-bc78ed65c470/datanode-3/data/ratis/c12172ff-05c3-4ad7-9a46-0ce495b9c573/current/log_inprogress_0
2019-08-29 08:13:01,236 [grpc-default-executor-7] INFO  client.GrpcClientProtocolClient (GrpcClientProtocolClient.java:onNext(255)) - client-BD165C44F697->22940eff-9029-4e71-b915-5f2bfabaa31a: receive RaftClientReply:client-BD165C44F697->22940eff-9029-4e71-b915-5f2bfabaa31a@group-0CE495B9C573, cid=181, FAILED org.apache.ratis.protocol.NotLeaderException: Server 22940eff-9029-4e71-b915-5f2bfabaa31a is not the leader (298a5c77-4e08-4cfb-ad26-b2dd8c1ae315:192.168.34.54:45490). Request must be sent to leader., logIndex=0, commits[22940eff-9029-4e71-b915-5f2bfabaa31a:c-1, 298a5c77-4e08-4cfb-ad26-b2dd8c1ae315:c-1, 86ac6034-f33a-4178-b5f5-7175dd4ad45b:c-1]
2019-08-29 08:13:01,298 [Thread-3391] INFO  impl.FollowerState (FollowerState.java:run(106)) - f857bedd-aee7-4d2b-9918-46878ad86507:group-65DAA08326A7 changes to CANDIDATE, lastRpcTime:5125, electionTimeout:5125ms
2019-08-29 08:13:01,298 [Thread-3391] INFO  impl.RoleInfo (RoleInfo.java:shutdownFollowerState(121)) - f857bedd-aee7-4d2b-9918-46878ad86507: shutdown FollowerState
2019-08-29 08:13:01,298 [Thread-3391] INFO  impl.RaftServerImpl (RaftServerImpl.java:setRole(171)) - f857bedd-aee7-4d2b-9918-46878ad86507:group-65DAA08326A7 changes role from FOLLOWER to CANDIDATE at term 0 for changeToCandidate
2019-08-29 08:13:01,298 [Thread-3391] INFO  impl.RoleInfo (RoleInfo.java:updateAndGet(143)) - f857bedd-aee7-4d2b-9918-46878ad86507: start LeaderElection
2019-08-29 08:13:01,320 [f857bedd-aee7-4d2b-9918-46878ad86507:group-65DAA08326A7:LeaderElection86] INFO  impl.LeaderElection (LeaderElection.java:askForVotes(181)) - f857bedd-aee7-4d2b-9918-46878ad86507:group-65DAA08326A7:LeaderElection86: begin an election at term 1 for -1: [f857bedd-aee7-4d2b-9918-46878ad86507:192.168.34.54:46112], old=null
2019-08-29 08:13:01,321 [f857bedd-aee7-4d2b-9918-46878ad86507:group-65DAA08326A7:LeaderElection86] INFO  impl.RoleInfo (RoleInfo.java:shutdownLeaderElection(134)) - f857bedd-aee7-4d2b-9918-46878ad86507: shutdown LeaderElection
2019-08-29 08:13:01,321 [f857bedd-aee7-4d2b-9918-46878ad86507:group-65DAA08326A7:LeaderElection86] INFO  impl.RaftServerImpl (RaftServerImpl.java:setRole(171)) - f857bedd-aee7-4d2b-9918-46878ad86507:group-65DAA08326A7 changes role from CANDIDATE to LEADER at term 1 for changeToLeader
2019-08-29 08:13:01,321 [f857bedd-aee7-4d2b-9918-46878ad86507:group-65DAA08326A7:LeaderElection86] INFO  impl.RaftServerImpl (ServerState.java:setLeader(263)) - f857bedd-aee7-4d2b-9918-46878ad86507:group-65DAA08326A7 change Leader from null to f857bedd-aee7-4d2b-9918-46878ad86507 at term 1 for becomeLeader, leader elected after 5150ms
2019-08-29 08:13:01,321 [f857bedd-aee7-4d2b-9918-46878ad86507:group-65DAA08326A7:LeaderElection86] INFO  server.RaftServerConfigKeys (ConfUtils.java:logGet(43)) - raft.server.staging.catchup.gap = 1000 (default)
2019-08-29 08:13:01,321 [f857bedd-aee7-4d2b-9918-46878ad86507:group-65DAA08326A7:LeaderElection86] INFO  server.RaftServerConfigKeys (ConfUtils.java:logGet(43)) - raft.server.rpc.sleep.time = 25ms (default)
2019-08-29 08:13:01,321 [f857bedd-aee7-4d2b-9918-46878ad86507:group-65DAA08326A7:LeaderElection86] INFO  server.RaftServerConfigKeys (ConfUtils.java:logGet(43)) - raft.server.write.element-limit = 4096 (default)
2019-08-29 08:13:01,321 [f857bedd-aee7-4d2b-9918-46878ad86507:group-65DAA08326A7:LeaderElection86] INFO  server.RaftServerConfigKeys (ConfUtils.java:logGet(43)) - raft.server.watch.timeout = 10s (default)
2019-08-29 08:13:01,321 [f857bedd-aee7-4d2b-9918-46878ad86507:group-65DAA08326A7:LeaderElection86] INFO  server.RaftServerConfigKeys (ConfUtils.java:logGet(43)) - raft.server.watch.timeout.denomination = 1s (default)
2019-08-29 08:13:01,321 [f857bedd-aee7-4d2b-9918-46878ad86507:group-65DAA08326A7:LeaderElection86] INFO  server.RaftServerConfigKeys (ConfUtils.java:logGet(43)) - raft.server.watch.element-limit = 65536 (default)
2019-08-29 08:13:01,321 [f857bedd-aee7-4d2b-9918-46878ad86507:group-65DAA08326A7:LeaderElection86] INFO  impl.RoleInfo (RoleInfo.java:updateAndGet(143)) - f857bedd-aee7-4d2b-9918-46878ad86507: start LeaderState
2019-08-29 08:13:01,322 [f857bedd-aee7-4d2b-9918-46878ad86507:group-65DAA08326A7:LeaderElection86] INFO  segmented.SegmentedRaftLogWorker (SegmentedRaftLogWorker.java:startLogSegment(380)) - f857bedd-aee7-4d2b-9918-46878ad86507-SegmentedRaftLogWorker:Storage Directory /workdir/hadoop-ozone/integration-test/target/test-dir/MiniOzoneClusterImpl-2b6d929c-e003-4b1e-a690-bc78ed65c470/datanode-6/data/ratis/18a86f71-4b3f-413c-a1ec-65daa08326a7: Starting segment from index:0
2019-08-29 08:13:01,322 [f857bedd-aee7-4d2b-9918-46878ad86507:group-65DAA08326A7:LeaderElection86] INFO  impl.RaftServerImpl (ServerState.java:setRaftConf(361)) - f857bedd-aee7-4d2b-9918-46878ad86507:group-65DAA08326A7 set configuration 0: [f857bedd-aee7-4d2b-9918-46878ad86507:192.168.34.54:46112], old=null at 0
2019-08-29 08:13:01,341 | INFO  | SCMAudit | user=jenkins1000 | ip=192.168.34.54 | op=SEND_HEARTBEAT {datanodeUUID=94fa760f-e64d-4170-ac7e-44ba98bd38f6, command=[]} | ret=SUCCESS |  
2019-08-29 08:13:01,350 [f857bedd-aee7-4d2b-9918-46878ad86507-SegmentedRaftLogWorker:Storage Directory /workdir/hadoop-ozone/integration-test/target/test-dir/MiniOzoneClusterImpl-2b6d929c-e003-4b1e-a690-bc78ed65c470/datanode-6/data/ratis/18a86f71-4b3f-413c-a1ec-65daa08326a7] INFO  segmented.SegmentedRaftLogWorker (SegmentedRaftLogWorker.java:execute(569)) - f857bedd-aee7-4d2b-9918-46878ad86507-SegmentedRaftLogWorker:Storage Directory /workdir/hadoop-ozone/integration-test/target/test-dir/MiniOzoneClusterImpl-2b6d929c-e003-4b1e-a690-bc78ed65c470/datanode-6/data/ratis/18a86f71-4b3f-413c-a1ec-65daa08326a7: created new log segment /workdir/hadoop-ozone/integration-test/target/test-dir/MiniOzoneClusterImpl-2b6d929c-e003-4b1e-a690-bc78ed65c470/datanode-6/data/ratis/18a86f71-4b3f-413c-a1ec-65daa08326a7/current/log_inprogress_0
2019-08-29 08:13:01,393 | INFO  | DNAudit | user=null | ip=null | op=WRITE_CHUNK {blockData=conID: 1 locID: 102699262095589390 bcsId: 0} | ret=SUCCESS |  
2019-08-29 08:13:01,393 | INFO  | DNAudit | user=null | ip=null | op=WRITE_CHUNK {blockData=conID: 1 locID: 102699262095589390 bcsId: 0} | ret=SUCCESS |  
2019-08-29 08:13:01,393 | INFO  | DNAudit | user=null | ip=null | op=WRITE_CHUNK {blockData=conID: 1 locID: 102699262095589390 bcsId: 0} | ret=SUCCESS |  
2019-08-29 08:13:01,393 | INFO  | SCMAudit | user=jenkins1000 | ip=192.168.34.54 | op=SEND_HEARTBEAT {datanodeUUID=22940eff-9029-4e71-b915-5f2bfabaa31a, command=[]} | ret=SUCCESS |  
2019-08-29 08:13:01,396 | INFO  | SCMAudit | user=jenkins1000 | ip=192.168.34.54 | op=SEND_HEARTBEAT {datanodeUUID=86ac6034-f33a-4178-b5f5-7175dd4ad45b, command=[]} | ret=SUCCESS |  
2019-08-29 08:13:01,396 | INFO  | SCMAudit | user=jenkins1000 | ip=192.168.34.54 | op=SEND_HEARTBEAT {datanodeUUID=298a5c77-4e08-4cfb-ad26-b2dd8c1ae315, command=[]} | ret=SUCCESS |  
2019-08-29 08:13:01,404 | INFO  | DNAudit | user=null | ip=null | op=WRITE_CHUNK {blockData=conID: 1 locID: 102699262095589390 bcsId: 0} | ret=SUCCESS |  
2019-08-29 08:13:01,410 [grpc-default-executor-7] INFO  client.GrpcClientProtocolClient (GrpcClientProtocolClient.java:onNext(255)) - client-BD165C44F697->298a5c77-4e08-4cfb-ad26-b2dd8c1ae315: receive RaftClientReply:client-BD165C44F697->298a5c77-4e08-4cfb-ad26-b2dd8c1ae315@group-0CE495B9C573, cid=181, SUCCESS, logIndex=1, commits[298a5c77-4e08-4cfb-ad26-b2dd8c1ae315:c1, 86ac6034-f33a-4178-b5f5-7175dd4ad45b:c0, 22940eff-9029-4e71-b915-5f2bfabaa31a:c0]
2019-08-29 08:13:01,412 | INFO  | DNAudit | user=null | ip=null | op=WRITE_CHUNK {blockData=conID: 1 locID: 102699262095589390 bcsId: 0} | ret=SUCCESS |  
2019-08-29 08:13:01,414 | INFO  | DNAudit | user=null | ip=null | op=WRITE_CHUNK {blockData=conID: 1 locID: 102699262095589390 bcsId: 0} | ret=SUCCESS |  
2019-08-29 08:13:01,414 | INFO  | DNAudit | user=null | ip=null | op=WRITE_CHUNK {blockData=conID: 1 locID: 102699262095589390 bcsId: 0} | ret=SUCCESS |  
2019-08-29 08:13:01,414 | INFO  | DNAudit | user=null | ip=null | op=WRITE_CHUNK {blockData=conID: 1 locID: 102699262095589390 bcsId: 0} | ret=SUCCESS |  
2019-08-29 08:13:01,415 | INFO  | DNAudit | user=null | ip=null | op=WRITE_CHUNK {blockData=conID: 1 locID: 102699262095589390 bcsId: 0} | ret=SUCCESS |  
2019-08-29 08:13:01,416 | INFO  | DNAudit | user=null | ip=null | op=WRITE_CHUNK {blockData=conID: 1 locID: 102699262095589390 bcsId: 0} | ret=SUCCESS |  
2019-08-29 08:13:01,416 | INFO  | DNAudit | user=null | ip=null | op=WRITE_CHUNK {blockData=conID: 1 locID: 102699262095589390 bcsId: 0} | ret=SUCCESS |  
2019-08-29 08:13:01,416 | INFO  | DNAudit | user=null | ip=null | op=WRITE_CHUNK {blockData=conID: 1 locID: 102699262095589390 bcsId: 0} | ret=SUCCESS |  
2019-08-29 08:13:01,416 | INFO  | DNAudit | user=null | ip=null | op=WRITE_CHUNK {blockData=conID: 1 locID: 102699262095589390 bcsId: 0} | ret=SUCCESS |  
2019-08-29 08:13:01,417 | INFO  | DNAudit | user=null | ip=null | op=WRITE_CHUNK {blockData=conID: 1 locID: 102699262095589390 bcsId: 0} | ret=SUCCESS |  
2019-08-29 08:13:01,417 | INFO  | DNAudit | user=null | ip=null | op=WRITE_CHUNK {blockData=conID: 1 locID: 102699262095589390 bcsId: 0} | ret=SUCCESS |  
2019-08-29 08:13:01,418 | INFO  | DNAudit | user=null | ip=null | op=WRITE_CHUNK {blockData=conID: 1 locID: 102699262095589390 bcsId: 0} | ret=SUCCESS |  
2019-08-29 08:13:01,424 [grpc-default-executor-7] INFO  client.GrpcClientProtocolClient (GrpcClientProtocolClient.java:onNext(255)) - client-BD165C44F697->298a5c77-4e08-4cfb-ad26-b2dd8c1ae315: receive RaftClientReply:client-BD165C44F697->298a5c77-4e08-4cfb-ad26-b2dd8c1ae315@group-0CE495B9C573, cid=182, SUCCESS, logIndex=3, commits[298a5c77-4e08-4cfb-ad26-b2dd8c1ae315:c5, 86ac6034-f33a-4178-b5f5-7175dd4ad45b:c1, 22940eff-9029-4e71-b915-5f2bfabaa31a:c1]
2019-08-29 08:13:01,443 | INFO  | DNAudit | user=null | ip=null | op=WRITE_CHUNK {blockData=conID: 1 locID: 102699262095589390 bcsId: 0} | ret=SUCCESS |  
2019-08-29 08:13:01,443 | INFO  | DNAudit | user=null | ip=null | op=WRITE_CHUNK {blockData=conID: 1 locID: 102699262095589390 bcsId: 0} | ret=SUCCESS |  
2019-08-29 08:13:01,470 | INFO  | DNAudit | user=null | ip=null | op=PUT_BLOCK {blockData=[blockId=conID: 1 locID: 102699262095589390 bcsId: 0,size=200]} | ret=SUCCESS |  
2019-08-29 08:13:01,472 | INFO  | DNAudit | user=null | ip=null | op=WRITE_CHUNK {blockData=conID: 1 locID: 102699262095589390 bcsId: 0} | ret=SUCCESS |  
2019-08-29 08:13:01,472 | INFO  | DNAudit | user=null | ip=null | op=WRITE_CHUNK {blockData=conID: 1 locID: 102699262095589390 bcsId: 0} | ret=SUCCESS |  
2019-08-29 08:13:01,472 [grpc-default-executor-10] INFO  client.GrpcClientProtocolClient (GrpcClientProtocolClient.java:onNext(255)) - client-BD165C44F697->298a5c77-4e08-4cfb-ad26-b2dd8c1ae315: receive RaftClientReply:client-BD165C44F697->298a5c77-4e08-4cfb-ad26-b2dd8c1ae315@group-0CE495B9C573, cid=183, SUCCESS, logIndex=4, commits[298a5c77-4e08-4cfb-ad26-b2dd8c1ae315:c12, 86ac6034-f33a-4178-b5f5-7175dd4ad45b:c7, 22940eff-9029-4e71-b915-5f2bfabaa31a:c7]
2019-08-29 08:13:01,473 [grpc-default-executor-10] INFO  client.GrpcClientProtocolClient (GrpcClientProtocolClient.java:onNext(255)) - client-BD165C44F697->298a5c77-4e08-4cfb-ad26-b2dd8c1ae315: receive RaftClientReply:client-BD165C44F697->298a5c77-4e08-4cfb-ad26-b2dd8c1ae315@group-0CE495B9C573, cid=184, SUCCESS, logIndex=5, commits[298a5c77-4e08-4cfb-ad26-b2dd8c1ae315:c12, 86ac6034-f33a-4178-b5f5-7175dd4ad45b:c7, 22940eff-9029-4e71-b915-5f2bfabaa31a:c7]
2019-08-29 08:13:01,474 [grpc-default-executor-10] INFO  client.GrpcClientProtocolClient (GrpcClientProtocolClient.java:onNext(255)) - client-BD165C44F697->298a5c77-4e08-4cfb-ad26-b2dd8c1ae315: receive RaftClientReply:client-BD165C44F697->298a5c77-4e08-4cfb-ad26-b2dd8c1ae315@group-0CE495B9C573, cid=185, SUCCESS, logIndex=6, commits[298a5c77-4e08-4cfb-ad26-b2dd8c1ae315:c12, 86ac6034-f33a-4178-b5f5-7175dd4ad45b:c7, 22940eff-9029-4e71-b915-5f2bfabaa31a:c7]
2019-08-29 08:13:01,561 | INFO  | DNAudit | user=null | ip=null | op=PUT_BLOCK {blockData=[blockId=conID: 1 locID: 102699262095589390 bcsId: 0,size=200]} | ret=SUCCESS |  
2019-08-29 08:13:01,561 | INFO  | DNAudit | user=null | ip=null | op=WRITE_CHUNK {blockData=conID: 1 locID: 102699262095589390 bcsId: 0} | ret=SUCCESS |  
2019-08-29 08:13:01,561 | INFO  | DNAudit | user=null | ip=null | op=WRITE_CHUNK {blockData=conID: 1 locID: 102699262095589390 bcsId: 0} | ret=SUCCESS |  
2019-08-29 08:13:01,605 | INFO  | DNAudit | user=null | ip=null | op=PUT_BLOCK {blockData=[blockId=conID: 1 locID: 102699262095589390 bcsId: 0,size=400]} | ret=SUCCESS |  
2019-08-29 08:13:01,608 | INFO  | DNAudit | user=null | ip=null | op=PUT_BLOCK {blockData=[blockId=conID: 1 locID: 102699262095589390 bcsId: 0,size=200]} | ret=SUCCESS |  
2019-08-29 08:13:01,608 | INFO  | DNAudit | user=null | ip=null | op=PUT_BLOCK {blockData=[blockId=conID: 1 locID: 102699262095589390 bcsId: 0,size=400]} | ret=SUCCESS |  
2019-08-29 08:13:01,609 | INFO  | DNAudit | user=null | ip=null | op=WRITE_CHUNK {blockData=conID: 1 locID: 102699262095589390 bcsId: 0} | ret=SUCCESS |  
2019-08-29 08:13:01,609 | INFO  | DNAudit | user=null | ip=null | op=WRITE_CHUNK {blockData=conID: 1 locID: 102699262095589390 bcsId: 0} | ret=SUCCESS |  
2019-08-29 08:13:01,609 | INFO  | DNAudit | user=null | ip=null | op=PUT_BLOCK {blockData=[blockId=conID: 1 locID: 102699262095589390 bcsId: 0,size=400]} | ret=SUCCESS |  
2019-08-29 08:13:01,610 [grpc-default-executor-10] INFO  client.GrpcClientProtocolClient (GrpcClientProtocolClient.java:onNext(255)) - client-BD165C44F697->298a5c77-4e08-4cfb-ad26-b2dd8c1ae315: receive RaftClientReply:client-BD165C44F697->298a5c77-4e08-4cfb-ad26-b2dd8c1ae315@group-0CE495B9C573, cid=186, SUCCESS, logIndex=7, commits[298a5c77-4e08-4cfb-ad26-b2dd8c1ae315:c12, 86ac6034-f33a-4178-b5f5-7175dd4ad45b:c7, 22940eff-9029-4e71-b915-5f2bfabaa31a:c7]
2019-08-29 08:13:01,612 | INFO  | DNAudit | user=null | ip=null | op=WRITE_CHUNK {blockData=conID: 1 locID: 102699262095589390 bcsId: 7} | ret=SUCCESS |  
2019-08-29 08:13:01,613 | INFO  | DNAudit | user=null | ip=null | op=WRITE_CHUNK {blockData=conID: 1 locID: 102699262095589390 bcsId: 7} | ret=SUCCESS |  
2019-08-29 08:13:01,613 | INFO  | DNAudit | user=null | ip=null | op=WRITE_CHUNK {blockData=conID: 1 locID: 102699262095589390 bcsId: 7} | ret=SUCCESS |  
2019-08-29 08:13:01,625 | INFO  | DNAudit | user=null | ip=null | op=WRITE_CHUNK {blockData=conID: 1 locID: 102699262095589390 bcsId: 7} | ret=SUCCESS |  
2019-08-29 08:13:01,629 | INFO  | DNAudit | user=null | ip=null | op=PUT_BLOCK {blockData=[blockId=conID: 1 locID: 102699262095589390 bcsId: 0,size=450]} | ret=SUCCESS |  
2019-08-29 08:13:01,629 [grpc-default-executor-10] INFO  client.GrpcClientProtocolClient (GrpcClientProtocolClient.java:onNext(255)) - client-BD165C44F697->298a5c77-4e08-4cfb-ad26-b2dd8c1ae315: receive RaftClientReply:client-BD165C44F697->298a5c77-4e08-4cfb-ad26-b2dd8c1ae315@group-0CE495B9C573, cid=187, SUCCESS, logIndex=13, commits[298a5c77-4e08-4cfb-ad26-b2dd8c1ae315:c14, 86ac6034-f33a-4178-b5f5-7175dd4ad45b:c7, 22940eff-9029-4e71-b915-5f2bfabaa31a:c12]
2019-08-29 08:13:01,630 [grpc-default-executor-10] INFO  client.GrpcClientProtocolClient (GrpcClientProtocolClient.java:onNext(255)) - client-BD165C44F697->298a5c77-4e08-4cfb-ad26-b2dd8c1ae315: receive RaftClientReply:client-BD165C44F697->298a5c77-4e08-4cfb-ad26-b2dd8c1ae315@group-0CE495B9C573, cid=188, SUCCESS, logIndex=14, commits[298a5c77-4e08-4cfb-ad26-b2dd8c1ae315:c14, 86ac6034-f33a-4178-b5f5-7175dd4ad45b:c12, 22940eff-9029-4e71-b915-5f2bfabaa31a:c12]
2019-08-29 08:13:01,638 | INFO  | DNAudit | user=null | ip=null | op=WRITE_CHUNK {blockData=conID: 1 locID: 102699262095589390 bcsId: 7} | ret=SUCCESS |  
2019-08-29 08:13:01,638 | INFO  | DNAudit | user=null | ip=null | op=WRITE_CHUNK {blockData=conID: 1 locID: 102699262095589390 bcsId: 7} | ret=SUCCESS |  
2019-08-29 08:13:01,641 | INFO  | DNAudit | user=null | ip=null | op=PUT_BLOCK {blockData=[blockId=conID: 1 locID: 102699262095589390 bcsId: 0,size=450]} | ret=SUCCESS |  
2019-08-29 08:13:01,641 | INFO  | DNAudit | user=null | ip=null | op=PUT_BLOCK {blockData=[blockId=conID: 1 locID: 102699262095589390 bcsId: 0,size=450]} | ret=SUCCESS |  
2019-08-29 08:13:01,642 [grpc-default-executor-9] INFO  client.GrpcClientProtocolClient (GrpcClientProtocolClient.java:onNext(255)) - client-BD165C44F697->298a5c77-4e08-4cfb-ad26-b2dd8c1ae315: receive RaftClientReply:client-BD165C44F697->298a5c77-4e08-4cfb-ad26-b2dd8c1ae315@group-0CE495B9C573, cid=189, SUCCESS, logIndex=0, commits[298a5c77-4e08-4cfb-ad26-b2dd8c1ae315:c15, 86ac6034-f33a-4178-b5f5-7175dd4ad45b:c14, 22940eff-9029-4e71-b915-5f2bfabaa31a:c14]
2019-08-29 08:13:01,642 [main] INFO  datanode.ObjectStoreHandler (ObjectStoreHandler.java:close(155)) - Closing ObjectStoreHandler.
2019-08-29 08:13:01,643 [main] INFO  ozone.HddsDatanodeService (HddsDatanodeService.java:stop(451)) - Stopped plug-in org.apache.hadoop.ozone.web.OzoneHddsDatanodeService@1c3b4de1
2019-08-29 08:13:01,749 | INFO  | SCMAudit | user=jenkins1000 | ip=192.168.34.54 | op=SEND_HEARTBEAT {datanodeUUID=701dcac2-413a-4112-9eef-a6503cb024bf, command=[]} | ret=SUCCESS |  
2019-08-29 08:13:02,140 | INFO  | SCMAudit | user=jenkins1000 | ip=192.168.34.54 | op=SEND_HEARTBEAT {datanodeUUID=f857bedd-aee7-4d2b-9918-46878ad86507, command=[]} | ret=SUCCESS |  
2019-08-29 08:13:02,180 | INFO  | SCMAudit | user=jenkins1000 | ip=192.168.34.54 | op=SEND_HEARTBEAT {datanodeUUID=2ba8cf83-fb49-4c0e-ac06-565332abd279, command=[]} | ret=SUCCESS |  
2019-08-29 08:13:02,341 | INFO  | SCMAudit | user=jenkins1000 | ip=192.168.34.54 | op=SEND_HEARTBEAT {datanodeUUID=94fa760f-e64d-4170-ac7e-44ba98bd38f6, command=[]} | ret=SUCCESS |  
2019-08-29 08:13:02,389 [Datanode State Machine Thread - 0] INFO  statemachine.DatanodeStateMachine (DatanodeStateMachine.java:lambda$startDaemon$0(350)) - Ozone container server started.
2019-08-29 08:13:02,389 | INFO  | SCMAudit | user=jenkins1000 | ip=192.168.34.54 | op=SEND_HEARTBEAT {datanodeUUID=86ac6034-f33a-4178-b5f5-7175dd4ad45b, command=[]} | ret=SUCCESS |  
2019-08-29 08:13:02,389 | INFO  | SCMAudit | user=jenkins1000 | ip=192.168.34.54 | op=SEND_HEARTBEAT {datanodeUUID=22940eff-9029-4e71-b915-5f2bfabaa31a, command=[]} | ret=SUCCESS |  
2019-08-29 08:13:02,750 | INFO  | SCMAudit | user=jenkins1000 | ip=192.168.34.54 | op=SEND_HEARTBEAT {datanodeUUID=701dcac2-413a-4112-9eef-a6503cb024bf, command=[]} | ret=SUCCESS |  
2019-08-29 08:13:03,139 | INFO  | SCMAudit | user=jenkins1000 | ip=192.168.34.54 | op=SEND_HEARTBEAT {datanodeUUID=f857bedd-aee7-4d2b-9918-46878ad86507, command=[]} | ret=SUCCESS |  
2019-08-29 08:13:03,181 | INFO  | SCMAudit | user=jenkins1000 | ip=192.168.34.54 | op=SEND_HEARTBEAT {datanodeUUID=2ba8cf83-fb49-4c0e-ac06-565332abd279, command=[]} | ret=SUCCESS |  
2019-08-29 08:13:03,341 | INFO  | SCMAudit | user=jenkins1000 | ip=192.168.34.54 | op=SEND_HEARTBEAT {datanodeUUID=94fa760f-e64d-4170-ac7e-44ba98bd38f6, command=[]} | ret=SUCCESS |  
2019-08-29 08:13:03,389 | INFO  | SCMAudit | user=jenkins1000 | ip=192.168.34.54 | op=SEND_HEARTBEAT {datanodeUUID=22940eff-9029-4e71-b915-5f2bfabaa31a, command=[]} | ret=SUCCESS |  
2019-08-29 08:13:03,389 | INFO  | SCMAudit | user=jenkins1000 | ip=192.168.34.54 | op=SEND_HEARTBEAT {datanodeUUID=86ac6034-f33a-4178-b5f5-7175dd4ad45b, command=[]} | ret=SUCCESS |  
2019-08-29 08:13:03,750 | INFO  | SCMAudit | user=jenkins1000 | ip=192.168.34.54 | op=SEND_HEARTBEAT {datanodeUUID=701dcac2-413a-4112-9eef-a6503cb024bf, command=[]} | ret=SUCCESS |  
2019-08-29 08:13:04,139 | INFO  | SCMAudit | user=jenkins1000 | ip=192.168.34.54 | op=SEND_HEARTBEAT {datanodeUUID=f857bedd-aee7-4d2b-9918-46878ad86507, command=[]} | ret=SUCCESS |  
2019-08-29 08:13:04,182 | INFO  | SCMAudit | user=jenkins1000 | ip=192.168.34.54 | op=SEND_HEARTBEAT {datanodeUUID=2ba8cf83-fb49-4c0e-ac06-565332abd279, command=[]} | ret=SUCCESS |  
2019-08-29 08:13:04,341 | INFO  | SCMAudit | user=jenkins1000 | ip=192.168.34.54 | op=SEND_HEARTBEAT {datanodeUUID=94fa760f-e64d-4170-ac7e-44ba98bd38f6, command=[]} | ret=SUCCESS |  
2019-08-29 08:13:04,389 | INFO  | SCMAudit | user=jenkins1000 | ip=192.168.34.54 | op=SEND_HEARTBEAT {datanodeUUID=22940eff-9029-4e71-b915-5f2bfabaa31a, command=[]} | ret=SUCCESS |  
2019-08-29 08:13:04,389 | INFO  | SCMAudit | user=jenkins1000 | ip=192.168.34.54 | op=SEND_HEARTBEAT {datanodeUUID=86ac6034-f33a-4178-b5f5-7175dd4ad45b, command=[]} | ret=SUCCESS |  
2019-08-29 08:13:04,749 | INFO  | SCMAudit | user=jenkins1000 | ip=192.168.34.54 | op=SEND_HEARTBEAT {datanodeUUID=701dcac2-413a-4112-9eef-a6503cb024bf, command=[]} | ret=SUCCESS |  
2019-08-29 08:13:05,139 | INFO  | SCMAudit | user=jenkins1000 | ip=192.168.34.54 | op=SEND_HEARTBEAT {datanodeUUID=f857bedd-aee7-4d2b-9918-46878ad86507, command=[]} | ret=SUCCESS |  
2019-08-29 08:13:05,181 | INFO  | SCMAudit | user=jenkins1000 | ip=192.168.34.54 | op=SEND_HEARTBEAT {datanodeUUID=2ba8cf83-fb49-4c0e-ac06-565332abd279, command=[]} | ret=SUCCESS |  
2019-08-29 08:13:05,341 | INFO  | SCMAudit | user=jenkins1000 | ip=192.168.34.54 | op=SEND_HEARTBEAT {datanodeUUID=94fa760f-e64d-4170-ac7e-44ba98bd38f6, command=[]} | ret=SUCCESS |  
2019-08-29 08:13:05,390 | INFO  | SCMAudit | user=jenkins1000 | ip=192.168.34.54 | op=SEND_HEARTBEAT {datanodeUUID=86ac6034-f33a-4178-b5f5-7175dd4ad45b, command=[]} | ret=SUCCESS |  
2019-08-29 08:13:05,390 | INFO  | SCMAudit | user=jenkins1000 | ip=192.168.34.54 | op=SEND_HEARTBEAT {datanodeUUID=22940eff-9029-4e71-b915-5f2bfabaa31a, command=[]} | ret=SUCCESS |  
2019-08-29 08:13:05,749 | INFO  | SCMAudit | user=jenkins1000 | ip=192.168.34.54 | op=SEND_HEARTBEAT {datanodeUUID=701dcac2-413a-4112-9eef-a6503cb024bf, command=[]} | ret=SUCCESS |  
2019-08-29 08:13:06,139 | INFO  | SCMAudit | user=jenkins1000 | ip=192.168.34.54 | op=SEND_HEARTBEAT {datanodeUUID=f857bedd-aee7-4d2b-9918-46878ad86507, command=[]} | ret=SUCCESS |  
2019-08-29 08:13:06,181 | INFO  | SCMAudit | user=jenkins1000 | ip=192.168.34.54 | op=SEND_HEARTBEAT {datanodeUUID=2ba8cf83-fb49-4c0e-ac06-565332abd279, command=[]} | ret=SUCCESS |  
2019-08-29 08:13:06,341 | INFO  | SCMAudit | user=jenkins1000 | ip=192.168.34.54 | op=SEND_HEARTBEAT {datanodeUUID=94fa760f-e64d-4170-ac7e-44ba98bd38f6, command=[]} | ret=SUCCESS |  
2019-08-29 08:13:06,390 | INFO  | SCMAudit | user=jenkins1000 | ip=192.168.34.54 | op=SEND_HEARTBEAT {datanodeUUID=86ac6034-f33a-4178-b5f5-7175dd4ad45b, command=[]} | ret=SUCCESS |  
2019-08-29 08:13:06,390 | INFO  | SCMAudit | user=jenkins1000 | ip=192.168.34.54 | op=SEND_HEARTBEAT {datanodeUUID=22940eff-9029-4e71-b915-5f2bfabaa31a, command=[]} | ret=SUCCESS |  
2019-08-29 08:13:06,414 [EventQueue-StaleNodeForStaleNodeHandler] INFO  node.StaleNodeHandler (StaleNodeHandler.java:onMessage(58)) - Datanode 298a5c77-4e08-4cfb-ad26-b2dd8c1ae315{ip: 192.168.34.54, host: pr-hdds-1553-zhl8q-89899572, networkLocation: /default-rack, certSerialId: null} moved to stale state. Finalizing its pipelines [PipelineID=c12172ff-05c3-4ad7-9a46-0ce495b9c573, PipelineID=e7dfcd67-2594-417c-8ffa-390f18201113]
2019-08-29 08:13:06,414 [EventQueue-StaleNodeForStaleNodeHandler] INFO  pipeline.SCMPipelineManager (SCMPipelineManager.java:finalizeAndDestroyPipeline(309)) - destroying pipeline:Pipeline[ Id: c12172ff-05c3-4ad7-9a46-0ce495b9c573, Nodes: 298a5c77-4e08-4cfb-ad26-b2dd8c1ae315{ip: 192.168.34.54, host: pr-hdds-1553-zhl8q-89899572, networkLocation: /default-rack, certSerialId: null}86ac6034-f33a-4178-b5f5-7175dd4ad45b{ip: 192.168.34.54, host: pr-hdds-1553-zhl8q-89899572, networkLocation: /default-rack, certSerialId: null}22940eff-9029-4e71-b915-5f2bfabaa31a{ip: 192.168.34.54, host: pr-hdds-1553-zhl8q-89899572, networkLocation: /default-rack, certSerialId: null}, Type:RATIS, Factor:THREE, State:OPEN]
2019-08-29 08:13:06,414 [EventQueue-StaleNodeForStaleNodeHandler] INFO  pipeline.PipelineStateManager (PipelineStateManager.java:finalizePipeline(123)) - Pipeline Pipeline[ Id: c12172ff-05c3-4ad7-9a46-0ce495b9c573, Nodes: 298a5c77-4e08-4cfb-ad26-b2dd8c1ae315{ip: 192.168.34.54, host: pr-hdds-1553-zhl8q-89899572, networkLocation: /default-rack, certSerialId: null}86ac6034-f33a-4178-b5f5-7175dd4ad45b{ip: 192.168.34.54, host: pr-hdds-1553-zhl8q-89899572, networkLocation: /default-rack, certSerialId: null}22940eff-9029-4e71-b915-5f2bfabaa31a{ip: 192.168.34.54, host: pr-hdds-1553-zhl8q-89899572, networkLocation: /default-rack, certSerialId: null}, Type:RATIS, Factor:THREE, State:CLOSED] moved to CLOSED state
2019-08-29 08:13:06,415 [EventQueue-StaleNodeForStaleNodeHandler] INFO  pipeline.SCMPipelineManager (SCMPipelineManager.java:finalizeAndDestroyPipeline(309)) - destroying pipeline:Pipeline[ Id: e7dfcd67-2594-417c-8ffa-390f18201113, Nodes: 298a5c77-4e08-4cfb-ad26-b2dd8c1ae315{ip: 192.168.34.54, host: pr-hdds-1553-zhl8q-89899572, networkLocation: /default-rack, certSerialId: null}, Type:RATIS, Factor:ONE, State:OPEN]
2019-08-29 08:13:06,415 [EventQueue-CloseContainerForCloseContainerEventHandler] INFO  container.CloseContainerEventHandler (CloseContainerEventHandler.java:onMessage(61)) - Close container Event triggered for container : #1
2019-08-29 08:13:06,415 [EventQueue-StaleNodeForStaleNodeHandler] INFO  pipeline.PipelineStateManager (PipelineStateManager.java:finalizePipeline(123)) - Pipeline Pipeline[ Id: e7dfcd67-2594-417c-8ffa-390f18201113, Nodes: 298a5c77-4e08-4cfb-ad26-b2dd8c1ae315{ip: 192.168.34.54, host: pr-hdds-1553-zhl8q-89899572, networkLocation: /default-rack, certSerialId: null}, Type:RATIS, Factor:ONE, State:CLOSED] moved to CLOSED state
2019-08-29 08:13:06,645 [main] INFO  ozoneimpl.OzoneContainer (OzoneContainer.java:stop(199)) - Attempting to stop container services.
2019-08-29 08:13:06,646 [main] INFO  impl.RaftServerProxy (RaftServerProxy.java:lambda$close$4(314)) - 298a5c77-4e08-4cfb-ad26-b2dd8c1ae315: close
2019-08-29 08:13:06,646 [main] INFO  impl.RaftServerImpl (RaftServerImpl.java:lambda$shutdown$3(245)) - 298a5c77-4e08-4cfb-ad26-b2dd8c1ae315: shutdown group-0CE495B9C573
2019-08-29 08:13:06,647 [main] INFO  util.JmxRegister (JmxRegister.java:unregister(73)) - Successfully un-registered JMX Bean with object name Ratis:service=RaftServer,group=group-0CE495B9C573,id=298a5c77-4e08-4cfb-ad26-b2dd8c1ae315
2019-08-29 08:13:06,647 [main] INFO  impl.RoleInfo (RoleInfo.java:shutdownLeaderState(104)) - 298a5c77-4e08-4cfb-ad26-b2dd8c1ae315: shutdown LeaderState
2019-08-29 08:13:06,650 [org.apache.ratis.server.impl.LogAppender$AppenderDaemon$$Lambda$494/1309426224@7a83469d] WARN  server.GrpcLogAppender (GrpcLogAppender.java:mayWait(143)) - GrpcLogAppender(298a5c77-4e08-4cfb-ad26-b2dd8c1ae315->86ac6034-f33a-4178-b5f5-7175dd4ad45b): Wait interrupted by java.lang.InterruptedException
2019-08-29 08:13:06,650 [org.apache.ratis.server.impl.LogAppender$AppenderDaemon$$Lambda$494/1309426224@3f81d7a9] WARN  server.GrpcLogAppender (GrpcLogAppender.java:mayWait(143)) - GrpcLogAppender(298a5c77-4e08-4cfb-ad26-b2dd8c1ae315->22940eff-9029-4e71-b915-5f2bfabaa31a): Wait interrupted by java.lang.InterruptedException
2019-08-29 08:13:06,650 [main] INFO  impl.PendingRequests (PendingRequests.java:sendNotLeaderResponses(202)) - 298a5c77-4e08-4cfb-ad26-b2dd8c1ae315-PendingRequests: sendNotLeaderResponses
2019-08-29 08:13:06,650 [grpc-default-executor-9] INFO  server.GrpcServerProtocolService (GrpcServerProtocolService.java:onCompleted(104)) - 86ac6034-f33a-4178-b5f5-7175dd4ad45b: appendEntries completed
2019-08-29 08:13:06,650 [grpc-default-executor-10] INFO  server.GrpcServerProtocolService (GrpcServerProtocolService.java:onCompleted(104)) - 22940eff-9029-4e71-b915-5f2bfabaa31a: appendEntries completed
2019-08-29 08:13:06,652 [StateMachineUpdater:298a5c77-4e08-4cfb-ad26-b2dd8c1ae315:group-0CE495B9C573] INFO  ratis.ContainerStateMachine (ContainerStateMachine.java:takeSnapshot(283)) - group-0CE495B9C573: Taking a snapshot at:(t:1, i:14) file /workdir/hadoop-ozone/integration-test/target/test-dir/MiniOzoneClusterImpl-2b6d929c-e003-4b1e-a690-bc78ed65c470/datanode-5/data/ratis/c12172ff-05c3-4ad7-9a46-0ce495b9c573/sm/snapshot.1_14
2019-08-29 08:13:06,652 [main] INFO  impl.StateMachineUpdater (StateMachineUpdater.java:stopAndJoin(115)) - StateMachineUpdater:298a5c77-4e08-4cfb-ad26-b2dd8c1ae315:group-0CE495B9C573: set stopIndex = 16
2019-08-29 08:13:06,653 [grpc-default-executor-9] INFO  server.GrpcLogAppender (GrpcLogAppender.java:onCompleted(292)) - 298a5c77-4e08-4cfb-ad26-b2dd8c1ae315->22940eff-9029-4e71-b915-5f2bfabaa31a: follower responses appendEntries COMPLETED
2019-08-29 08:13:06,653 [grpc-default-executor-7] INFO  server.GrpcLogAppender (GrpcLogAppender.java:onCompleted(292)) - 298a5c77-4e08-4cfb-ad26-b2dd8c1ae315->86ac6034-f33a-4178-b5f5-7175dd4ad45b: follower responses appendEntries COMPLETED
2019-08-29 08:13:06,653 [grpc-default-executor-9] INFO  impl.FollowerInfo (FollowerInfo.java:lambda$new$0(50)) - 298a5c77-4e08-4cfb-ad26-b2dd8c1ae315->22940eff-9029-4e71-b915-5f2bfabaa31a: nextIndex: updateUnconditionally 17 -> 16
2019-08-29 08:13:06,653 [grpc-default-executor-7] INFO  impl.FollowerInfo (FollowerInfo.java:lambda$new$0(50)) - 298a5c77-4e08-4cfb-ad26-b2dd8c1ae315->86ac6034-f33a-4178-b5f5-7175dd4ad45b: nextIndex: updateUnconditionally 17 -> 16
2019-08-29 08:13:06,749 | INFO  | SCMAudit | user=jenkins1000 | ip=192.168.34.54 | op=SEND_HEARTBEAT {datanodeUUID=701dcac2-413a-4112-9eef-a6503cb024bf, command=[]} | ret=SUCCESS |  
2019-08-29 08:13:06,903 [StateMachineUpdater:298a5c77-4e08-4cfb-ad26-b2dd8c1ae315:group-0CE495B9C573] INFO  ratis.ContainerStateMachine (ContainerStateMachine.java:takeSnapshot(294)) - group-0CE495B9C573: Finished taking a snapshot at:(t:1, i:14) file:/workdir/hadoop-ozone/integration-test/target/test-dir/MiniOzoneClusterImpl-2b6d929c-e003-4b1e-a690-bc78ed65c470/datanode-5/data/ratis/c12172ff-05c3-4ad7-9a46-0ce495b9c573/sm/snapshot.1_14 time:250
2019-08-29 08:13:06,903 [StateMachineUpdater:298a5c77-4e08-4cfb-ad26-b2dd8c1ae315:group-0CE495B9C573] INFO  impl.StateMachineUpdater (StateMachineUpdater.java:takeSnapshot(242)) - StateMachineUpdater:298a5c77-4e08-4cfb-ad26-b2dd8c1ae315:group-0CE495B9C573: Took a snapshot at index 14
2019-08-29 08:13:06,903 [StateMachineUpdater:298a5c77-4e08-4cfb-ad26-b2dd8c1ae315:group-0CE495B9C573] INFO  impl.StateMachineUpdater (StateMachineUpdater.java:lambda$new$0(80)) - StateMachineUpdater:298a5c77-4e08-4cfb-ad26-b2dd8c1ae315:group-0CE495B9C573: snapshotIndex: updateIncreasingly -1 -> 14
2019-08-29 08:13:06,903 [main] INFO  impl.RaftServerImpl (ServerState.java:close(394)) - 298a5c77-4e08-4cfb-ad26-b2dd8c1ae315:group-0CE495B9C573 closes. The last applied log index is 16
2019-08-29 08:13:06,904 [298a5c77-4e08-4cfb-ad26-b2dd8c1ae315-SegmentedRaftLogWorker:Storage Directory /workdir/hadoop-ozone/integration-test/target/test-dir/MiniOzoneClusterImpl-2b6d929c-e003-4b1e-a690-bc78ed65c470/datanode-5/data/ratis/c12172ff-05c3-4ad7-9a46-0ce495b9c573] INFO  segmented.SegmentedRaftLogWorker (SegmentedRaftLogWorker.java:run(313)) - 298a5c77-4e08-4cfb-ad26-b2dd8c1ae315-SegmentedRaftLogWorker:Storage Directory /workdir/hadoop-ozone/integration-test/target/test-dir/MiniOzoneClusterImpl-2b6d929c-e003-4b1e-a690-bc78ed65c470/datanode-5/data/ratis/c12172ff-05c3-4ad7-9a46-0ce495b9c573 was interrupted, exiting. There are 0 tasks remaining in the queue.
2019-08-29 08:13:06,906 [main] INFO  segmented.SegmentedRaftLogWorker (SegmentedRaftLogWorker.java:close(228)) - 298a5c77-4e08-4cfb-ad26-b2dd8c1ae315-SegmentedRaftLogWorker:Storage Directory /workdir/hadoop-ozone/integration-test/target/test-dir/MiniOzoneClusterImpl-2b6d929c-e003-4b1e-a690-bc78ed65c470/datanode-5/data/ratis/c12172ff-05c3-4ad7-9a46-0ce495b9c573 close()
2019-08-29 08:13:06,909 [main] INFO  impl.RaftServerImpl (RaftServerImpl.java:lambda$shutdown$3(245)) - 298a5c77-4e08-4cfb-ad26-b2dd8c1ae315: shutdown group-390F18201113
2019-08-29 08:13:06,909 [main] INFO  util.JmxRegister (JmxRegister.java:unregister(73)) - Successfully un-registered JMX Bean with object name Ratis:service=RaftServer,group=group-390F18201113,id=298a5c77-4e08-4cfb-ad26-b2dd8c1ae315
2019-08-29 08:13:06,909 [main] INFO  impl.RoleInfo (RoleInfo.java:shutdownLeaderState(104)) - 298a5c77-4e08-4cfb-ad26-b2dd8c1ae315: shutdown LeaderState
2019-08-29 08:13:06,909 [main] INFO  impl.PendingRequests (PendingRequests.java:sendNotLeaderResponses(202)) - 298a5c77-4e08-4cfb-ad26-b2dd8c1ae315-PendingRequests: sendNotLeaderResponses
2019-08-29 08:13:06,909 [main] INFO  impl.StateMachineUpdater (StateMachineUpdater.java:stopAndJoin(115)) - StateMachineUpdater:298a5c77-4e08-4cfb-ad26-b2dd8c1ae315:group-390F18201113: set stopIndex = 0
2019-08-29 08:13:06,910 [main] INFO  impl.RaftServerImpl (ServerState.java:close(394)) - 298a5c77-4e08-4cfb-ad26-b2dd8c1ae315:group-390F18201113 closes. The last applied log index is 0
2019-08-29 08:13:06,910 [298a5c77-4e08-4cfb-ad26-b2dd8c1ae315-SegmentedRaftLogWorker:Storage Directory /workdir/hadoop-ozone/integration-test/target/test-dir/MiniOzoneClusterImpl-2b6d929c-e003-4b1e-a690-bc78ed65c470/datanode-5/data/ratis/e7dfcd67-2594-417c-8ffa-390f18201113] INFO  segmented.SegmentedRaftLogWorker (SegmentedRaftLogWorker.java:run(313)) - 298a5c77-4e08-4cfb-ad26-b2dd8c1ae315-SegmentedRaftLogWorker:Storage Directory /workdir/hadoop-ozone/integration-test/target/test-dir/MiniOzoneClusterImpl-2b6d929c-e003-4b1e-a690-bc78ed65c470/datanode-5/data/ratis/e7dfcd67-2594-417c-8ffa-390f18201113 was interrupted, exiting. There are 0 tasks remaining in the queue.
2019-08-29 08:13:06,911 [main] INFO  segmented.SegmentedRaftLogWorker (SegmentedRaftLogWorker.java:close(228)) - 298a5c77-4e08-4cfb-ad26-b2dd8c1ae315-SegmentedRaftLogWorker:Storage Directory /workdir/hadoop-ozone/integration-test/target/test-dir/MiniOzoneClusterImpl-2b6d929c-e003-4b1e-a690-bc78ed65c470/datanode-5/data/ratis/e7dfcd67-2594-417c-8ffa-390f18201113 close()
2019-08-29 08:13:06,914 [main] INFO  server.GrpcService (GrpcService.java:closeImpl(155)) - 298a5c77-4e08-4cfb-ad26-b2dd8c1ae315: shutdown server with port 45490 now
2019-08-29 08:13:06,914 [grpc-default-executor-9] WARN  client.GrpcClientProtocolService (LogUtils.java:warn(134)) - 3-UnorderedRequestStreamObserver3: onError: org.apache.ratis.thirdparty.io.grpc.StatusRuntimeException: CANCELLED: cancelled before receiving half close
2019-08-29 08:13:06,914 [main] INFO  server.GrpcService (GrpcService.java:closeImpl(163)) - 298a5c77-4e08-4cfb-ad26-b2dd8c1ae315: shutdown server with port 45490 successfully
2019-08-29 08:13:06,915 [main] INFO  utils.BackgroundService (BackgroundService.java:shutdown(148)) - Shutting down service BlockDeletingService
2019-08-29 08:13:06,918 [refreshUsed-/workdir/hadoop-ozone/integration-test/target/test-dir/MiniOzoneClusterImpl-2b6d929c-e003-4b1e-a690-bc78ed65c470/datanode-5/data/containers] WARN  fs.CachingGetSpaceUsed (CachingGetSpaceUsed.java:run(183)) - Thread Interrupted waiting to refresh disk information: sleep interrupted
2019-08-29 08:13:06,931 [main] INFO  statemachine.DatanodeStateMachine (DatanodeStateMachine.java:stopDaemon(395)) - Ozone container server stopped.
2019-08-29 08:13:06,932 [main] INFO  handler.ContextHandler (ContextHandler.java:doStop(910)) - Stopped o.e.j.w.WebAppContext@20d1737{/,null,UNAVAILABLE}{/hddsDatanode}
2019-08-29 08:13:06,932 [main] INFO  server.AbstractConnector (AbstractConnector.java:doStop(318)) - Stopped ServerConnector@5d96b0f{HTTP/1.1,[http/1.1]}{0.0.0.0:0}
2019-08-29 08:13:06,933 [main] INFO  handler.ContextHandler (ContextHandler.java:doStop(910)) - Stopped o.e.j.s.ServletContextHandler@19cc697c{/static,jar:file:/home/user/.m2/repository/org/apache/hadoop/hadoop-hdds-container-service/0.5.0-SNAPSHOT/hadoop-hdds-container-service-0.5.0-SNAPSHOT.jar!/webapps/static,UNAVAILABLE}
2019-08-29 08:13:06,933 [main] INFO  handler.ContextHandler (ContextHandler.java:doStop(910)) - Stopped o.e.j.s.ServletContextHandler@197bf5ef{/logs,file:///workdir/hadoop-ozone/integration-test/target/log,UNAVAILABLE}
2019-08-29 08:13:07,139 | INFO  | SCMAudit | user=jenkins1000 | ip=192.168.34.54 | op=SEND_HEARTBEAT {datanodeUUID=f857bedd-aee7-4d2b-9918-46878ad86507, command=[]} | ret=SUCCESS |  
2019-08-29 08:13:07,181 | INFO  | SCMAudit | user=jenkins1000 | ip=192.168.34.54 | op=SEND_HEARTBEAT {datanodeUUID=2ba8cf83-fb49-4c0e-ac06-565332abd279, command=[]} | ret=SUCCESS |  
2019-08-29 08:13:07,342 | INFO  | SCMAudit | user=jenkins1000 | ip=192.168.34.54 | op=SEND_HEARTBEAT {datanodeUUID=94fa760f-e64d-4170-ac7e-44ba98bd38f6, command=[]} | ret=SUCCESS |  
2019-08-29 08:13:07,389 | INFO  | SCMAudit | user=jenkins1000 | ip=192.168.34.54 | op=SEND_HEARTBEAT {datanodeUUID=86ac6034-f33a-4178-b5f5-7175dd4ad45b, command=[commandType: closeContainerCommand closeContainerCommandProto { containerID: 1 pipelineID { id: "c12172ff-05c3-4ad7-9a46-0ce495b9c573" } cmdId: 1 force: false } ]} | ret=SUCCESS |  
2019-08-29 08:13:07,390 | INFO  | SCMAudit | user=jenkins1000 | ip=192.168.34.54 | op=SEND_HEARTBEAT {datanodeUUID=22940eff-9029-4e71-b915-5f2bfabaa31a, command=[commandType: closeContainerCommand closeContainerCommandProto { containerID: 1 pipelineID { id: "c12172ff-05c3-4ad7-9a46-0ce495b9c573" } cmdId: 1 force: false } ]} | ret=SUCCESS |  
2019-08-29 08:13:07,749 | INFO  | SCMAudit | user=jenkins1000 | ip=192.168.34.54 | op=SEND_HEARTBEAT {datanodeUUID=701dcac2-413a-4112-9eef-a6503cb024bf, command=[]} | ret=SUCCESS |  
2019-08-29 08:13:08,139 | INFO  | SCMAudit | user=jenkins1000 | ip=192.168.34.54 | op=SEND_HEARTBEAT {datanodeUUID=f857bedd-aee7-4d2b-9918-46878ad86507, command=[]} | ret=SUCCESS |  
2019-08-29 08:13:08,181 | INFO  | SCMAudit | user=jenkins1000 | ip=192.168.34.54 | op=SEND_HEARTBEAT {datanodeUUID=2ba8cf83-fb49-4c0e-ac06-565332abd279, command=[]} | ret=SUCCESS |  
2019-08-29 08:13:08,342 | INFO  | SCMAudit | user=jenkins1000 | ip=192.168.34.54 | op=SEND_HEARTBEAT {datanodeUUID=94fa760f-e64d-4170-ac7e-44ba98bd38f6, command=[]} | ret=SUCCESS |  
2019-08-29 08:13:08,390 | INFO  | SCMAudit | user=jenkins1000 | ip=192.168.34.54 | op=SEND_HEARTBEAT {datanodeUUID=86ac6034-f33a-4178-b5f5-7175dd4ad45b, command=[]} | ret=SUCCESS |  
2019-08-29 08:13:08,390 | INFO  | SCMAudit | user=jenkins1000 | ip=192.168.34.54 | op=SEND_HEARTBEAT {datanodeUUID=22940eff-9029-4e71-b915-5f2bfabaa31a, command=[]} | ret=SUCCESS |  
2019-08-29 08:13:08,408 | INFO  | SCMAudit | user=jenkins1000 | ip=192.168.34.54 | op=SEND_HEARTBEAT {datanodeUUID=86ac6034-f33a-4178-b5f5-7175dd4ad45b, command=[]} | ret=SUCCESS |  
2019-08-29 08:13:08,408 | INFO  | SCMAudit | user=jenkins1000 | ip=192.168.34.54 | op=SEND_HEARTBEAT {datanodeUUID=22940eff-9029-4e71-b915-5f2bfabaa31a, command=[]} | ret=SUCCESS |  
2019-08-29 08:13:08,749 | INFO  | SCMAudit | user=jenkins1000 | ip=192.168.34.54 | op=SEND_HEARTBEAT {datanodeUUID=701dcac2-413a-4112-9eef-a6503cb024bf, command=[]} | ret=SUCCESS |  
2019-08-29 08:13:08,943 [grpc-default-executor-7] INFO  client.GrpcClientProtocolClient (GrpcClientProtocolClient.java:onNext(255)) - client-BD165C44F697->22940eff-9029-4e71-b915-5f2bfabaa31a: receive RaftClientReply:client-BD165C44F697->22940eff-9029-4e71-b915-5f2bfabaa31a@group-0CE495B9C573, cid=190, FAILED org.apache.ratis.protocol.NotLeaderException: Server 22940eff-9029-4e71-b915-5f2bfabaa31a is not the leader (298a5c77-4e08-4cfb-ad26-b2dd8c1ae315:192.168.34.54:45490). Request must be sent to leader., logIndex=0, commits[22940eff-9029-4e71-b915-5f2bfabaa31a:c16, 298a5c77-4e08-4cfb-ad26-b2dd8c1ae315:c16, 86ac6034-f33a-4178-b5f5-7175dd4ad45b:c16]
2019-08-29 08:13:09,139 | INFO  | SCMAudit | user=jenkins1000 | ip=192.168.34.54 | op=SEND_HEARTBEAT {datanodeUUID=f857bedd-aee7-4d2b-9918-46878ad86507, command=[]} | ret=SUCCESS |  
2019-08-29 08:13:09,181 | INFO  | SCMAudit | user=jenkins1000 | ip=192.168.34.54 | op=SEND_HEARTBEAT {datanodeUUID=2ba8cf83-fb49-4c0e-ac06-565332abd279, command=[]} | ret=SUCCESS |  
2019-08-29 08:13:09,342 | INFO  | SCMAudit | user=jenkins1000 | ip=192.168.34.54 | op=SEND_HEARTBEAT {datanodeUUID=94fa760f-e64d-4170-ac7e-44ba98bd38f6, command=[]} | ret=SUCCESS |  
2019-08-29 08:13:09,407 | INFO  | SCMAudit | user=jenkins1000 | ip=192.168.34.54 | op=SEND_HEARTBEAT {datanodeUUID=86ac6034-f33a-4178-b5f5-7175dd4ad45b, command=[]} | ret=SUCCESS |  
2019-08-29 08:13:09,408 | INFO  | SCMAudit | user=jenkins1000 | ip=192.168.34.54 | op=SEND_HEARTBEAT {datanodeUUID=22940eff-9029-4e71-b915-5f2bfabaa31a, command=[]} | ret=SUCCESS |  
2019-08-29 08:13:09,750 | INFO  | SCMAudit | user=jenkins1000 | ip=192.168.34.54 | op=SEND_HEARTBEAT {datanodeUUID=701dcac2-413a-4112-9eef-a6503cb024bf, command=[]} | ret=SUCCESS |  
2019-08-29 08:13:09,953 [grpc-default-executor-9] INFO  client.GrpcClientProtocolClient (GrpcClientProtocolClient.java:onNext(255)) - client-BD165C44F697->86ac6034-f33a-4178-b5f5-7175dd4ad45b: receive RaftClientReply:client-BD165C44F697->86ac6034-f33a-4178-b5f5-7175dd4ad45b@group-0CE495B9C573, cid=190, FAILED org.apache.ratis.protocol.NotLeaderException: Server 86ac6034-f33a-4178-b5f5-7175dd4ad45b is not the leader (298a5c77-4e08-4cfb-ad26-b2dd8c1ae315:192.168.34.54:45490). Request must be sent to leader., logIndex=0, commits[86ac6034-f33a-4178-b5f5-7175dd4ad45b:c16, 298a5c77-4e08-4cfb-ad26-b2dd8c1ae315:c16, 22940eff-9029-4e71-b915-5f2bfabaa31a:c16]
2019-08-29 08:13:10,140 | INFO  | SCMAudit | user=jenkins1000 | ip=192.168.34.54 | op=SEND_HEARTBEAT {datanodeUUID=f857bedd-aee7-4d2b-9918-46878ad86507, command=[]} | ret=SUCCESS |  
2019-08-29 08:13:10,181 | INFO  | SCMAudit | user=jenkins1000 | ip=192.168.34.54 | op=SEND_HEARTBEAT {datanodeUUID=2ba8cf83-fb49-4c0e-ac06-565332abd279, command=[]} | ret=SUCCESS |  
2019-08-29 08:13:10,342 | INFO  | SCMAudit | user=jenkins1000 | ip=192.168.34.54 | op=SEND_HEARTBEAT {datanodeUUID=94fa760f-e64d-4170-ac7e-44ba98bd38f6, command=[]} | ret=SUCCESS |  
2019-08-29 08:13:10,408 | INFO  | SCMAudit | user=jenkins1000 | ip=192.168.34.54 | op=SEND_HEARTBEAT {datanodeUUID=22940eff-9029-4e71-b915-5f2bfabaa31a, command=[]} | ret=SUCCESS |  
2019-08-29 08:13:10,408 | INFO  | SCMAudit | user=jenkins1000 | ip=192.168.34.54 | op=SEND_HEARTBEAT {datanodeUUID=86ac6034-f33a-4178-b5f5-7175dd4ad45b, command=[]} | ret=SUCCESS |  
2019-08-29 08:13:10,749 | INFO  | SCMAudit | user=jenkins1000 | ip=192.168.34.54 | op=SEND_HEARTBEAT {datanodeUUID=701dcac2-413a-4112-9eef-a6503cb024bf, command=[]} | ret=SUCCESS |  
2019-08-29 08:13:10,964 [grpc-default-executor-9] INFO  client.GrpcClientProtocolClient (GrpcClientProtocolClient.java:onNext(255)) - client-BD165C44F697->86ac6034-f33a-4178-b5f5-7175dd4ad45b: receive RaftClientReply:client-BD165C44F697->86ac6034-f33a-4178-b5f5-7175dd4ad45b@group-0CE495B9C573, cid=190, FAILED org.apache.ratis.protocol.NotLeaderException: Server 86ac6034-f33a-4178-b5f5-7175dd4ad45b is not the leader (298a5c77-4e08-4cfb-ad26-b2dd8c1ae315:192.168.34.54:45490). Request must be sent to leader., logIndex=0, commits[86ac6034-f33a-4178-b5f5-7175dd4ad45b:c16, 298a5c77-4e08-4cfb-ad26-b2dd8c1ae315:c16, 22940eff-9029-4e71-b915-5f2bfabaa31a:c16]
2019-08-29 08:13:11,139 | INFO  | SCMAudit | user=jenkins1000 | ip=192.168.34.54 | op=SEND_HEARTBEAT {datanodeUUID=f857bedd-aee7-4d2b-9918-46878ad86507, command=[]} | ret=SUCCESS |  
2019-08-29 08:13:11,181 | INFO  | SCMAudit | user=jenkins1000 | ip=192.168.34.54 | op=SEND_HEARTBEAT {datanodeUUID=2ba8cf83-fb49-4c0e-ac06-565332abd279, command=[]} | ret=SUCCESS |  
2019-08-29 08:13:11,341 | INFO  | SCMAudit | user=jenkins1000 | ip=192.168.34.54 | op=SEND_HEARTBEAT {datanodeUUID=94fa760f-e64d-4170-ac7e-44ba98bd38f6, command=[]} | ret=SUCCESS |  
2019-08-29 08:13:11,408 | INFO  | SCMAudit | user=jenkins1000 | ip=192.168.34.54 | op=SEND_HEARTBEAT {datanodeUUID=86ac6034-f33a-4178-b5f5-7175dd4ad45b, command=[]} | ret=SUCCESS |  
2019-08-29 08:13:11,409 | INFO  | SCMAudit | user=jenkins1000 | ip=192.168.34.54 | op=SEND_HEARTBEAT {datanodeUUID=22940eff-9029-4e71-b915-5f2bfabaa31a, command=[]} | ret=SUCCESS |  
2019-08-29 08:13:11,749 | INFO  | SCMAudit | user=jenkins1000 | ip=192.168.34.54 | op=SEND_HEARTBEAT {datanodeUUID=701dcac2-413a-4112-9eef-a6503cb024bf, command=[]} | ret=SUCCESS |  
2019-08-29 08:13:11,974 [grpc-default-executor-7] INFO  client.GrpcClientProtocolClient (GrpcClientProtocolClient.java:onNext(255)) - client-BD165C44F697->22940eff-9029-4e71-b915-5f2bfabaa31a: receive RaftClientReply:client-BD165C44F697->22940eff-9029-4e71-b915-5f2bfabaa31a@group-0CE495B9C573, cid=190, FAILED org.apache.ratis.protocol.NotLeaderException: Server 22940eff-9029-4e71-b915-5f2bfabaa31a is not the leader (298a5c77-4e08-4cfb-ad26-b2dd8c1ae315:192.168.34.54:45490). Request must be sent to leader., logIndex=0, commits[22940eff-9029-4e71-b915-5f2bfabaa31a:c16, 298a5c77-4e08-4cfb-ad26-b2dd8c1ae315:c16, 86ac6034-f33a-4178-b5f5-7175dd4ad45b:c16]
2019-08-29 08:13:12,140 | INFO  | SCMAudit | user=jenkins1000 | ip=192.168.34.54 | op=SEND_HEARTBEAT {datanodeUUID=f857bedd-aee7-4d2b-9918-46878ad86507, command=[]} | ret=SUCCESS |  
2019-08-29 08:13:12,181 | INFO  | SCMAudit | user=jenkins1000 | ip=192.168.34.54 | op=SEND_HEARTBEAT {datanodeUUID=2ba8cf83-fb49-4c0e-ac06-565332abd279, command=[]} | ret=SUCCESS |  
2019-08-29 08:13:12,341 | INFO  | SCMAudit | user=jenkins1000 | ip=192.168.34.54 | op=SEND_HEARTBEAT {datanodeUUID=94fa760f-e64d-4170-ac7e-44ba98bd38f6, command=[]} | ret=SUCCESS |  
2019-08-29 08:13:12,409 | INFO  | SCMAudit | user=jenkins1000 | ip=192.168.34.54 | op=SEND_HEARTBEAT {datanodeUUID=86ac6034-f33a-4178-b5f5-7175dd4ad45b, command=[]} | ret=SUCCESS |  
2019-08-29 08:13:12,409 | INFO  | SCMAudit | user=jenkins1000 | ip=192.168.34.54 | op=SEND_HEARTBEAT {datanodeUUID=22940eff-9029-4e71-b915-5f2bfabaa31a, command=[]} | ret=SUCCESS |  
2019-08-29 08:13:12,749 | INFO  | SCMAudit | user=jenkins1000 | ip=192.168.34.54 | op=SEND_HEARTBEAT {datanodeUUID=701dcac2-413a-4112-9eef-a6503cb024bf, command=[]} | ret=SUCCESS |  
2019-08-29 08:13:12,985 [grpc-default-executor-10] INFO  client.GrpcClientProtocolClient (GrpcClientProtocolClient.java:onNext(255)) - client-BD165C44F697->86ac6034-f33a-4178-b5f5-7175dd4ad45b: receive RaftClientReply:client-BD165C44F697->86ac6034-f33a-4178-b5f5-7175dd4ad45b@group-0CE495B9C573, cid=190, FAILED org.apache.ratis.protocol.NotLeaderException: Server 86ac6034-f33a-4178-b5f5-7175dd4ad45b is not the leader (298a5c77-4e08-4cfb-ad26-b2dd8c1ae315:192.168.34.54:45490). Request must be sent to leader., logIndex=0, commits[86ac6034-f33a-4178-b5f5-7175dd4ad45b:c16, 298a5c77-4e08-4cfb-ad26-b2dd8c1ae315:c16, 22940eff-9029-4e71-b915-5f2bfabaa31a:c16]
2019-08-29 08:13:13,141 | INFO  | SCMAudit | user=jenkins1000 | ip=192.168.34.54 | op=SEND_HEARTBEAT {datanodeUUID=f857bedd-aee7-4d2b-9918-46878ad86507, command=[]} | ret=SUCCESS |  
2019-08-29 08:13:13,181 | INFO  | SCMAudit | user=jenkins1000 | ip=192.168.34.54 | op=SEND_HEARTBEAT {datanodeUUID=2ba8cf83-fb49-4c0e-ac06-565332abd279, command=[]} | ret=SUCCESS |  
2019-08-29 08:13:13,342 | INFO  | SCMAudit | user=jenkins1000 | ip=192.168.34.54 | op=SEND_HEARTBEAT {datanodeUUID=94fa760f-e64d-4170-ac7e-44ba98bd38f6, command=[]} | ret=SUCCESS |  
2019-08-29 08:13:13,409 | INFO  | SCMAudit | user=jenkins1000 | ip=192.168.34.54 | op=SEND_HEARTBEAT {datanodeUUID=86ac6034-f33a-4178-b5f5-7175dd4ad45b, command=[]} | ret=SUCCESS |  
2019-08-29 08:13:13,409 | INFO  | SCMAudit | user=jenkins1000 | ip=192.168.34.54 | op=SEND_HEARTBEAT {datanodeUUID=22940eff-9029-4e71-b915-5f2bfabaa31a, command=[]} | ret=SUCCESS |  
2019-08-29 08:13:13,749 | INFO  | SCMAudit | user=jenkins1000 | ip=192.168.34.54 | op=SEND_HEARTBEAT {datanodeUUID=701dcac2-413a-4112-9eef-a6503cb024bf, command=[]} | ret=SUCCESS |  
2019-08-29 08:13:13,995 [grpc-default-executor-7] INFO  client.GrpcClientProtocolClient (GrpcClientProtocolClient.java:onNext(255)) - client-BD165C44F697->22940eff-9029-4e71-b915-5f2bfabaa31a: receive RaftClientReply:client-BD165C44F697->22940eff-9029-4e71-b915-5f2bfabaa31a@group-0CE495B9C573, cid=190, FAILED org.apache.ratis.protocol.NotLeaderException: Server 22940eff-9029-4e71-b915-5f2bfabaa31a is not the leader (298a5c77-4e08-4cfb-ad26-b2dd8c1ae315:192.168.34.54:45490). Request must be sent to leader., logIndex=0, commits[22940eff-9029-4e71-b915-5f2bfabaa31a:c16, 298a5c77-4e08-4cfb-ad26-b2dd8c1ae315:c16, 86ac6034-f33a-4178-b5f5-7175dd4ad45b:c16]
2019-08-29 08:13:14,141 | INFO  | SCMAudit | user=jenkins1000 | ip=192.168.34.54 | op=SEND_HEARTBEAT {datanodeUUID=f857bedd-aee7-4d2b-9918-46878ad86507, command=[]} | ret=SUCCESS |  
2019-08-29 08:13:14,181 | INFO  | SCMAudit | user=jenkins1000 | ip=192.168.34.54 | op=SEND_HEARTBEAT {datanodeUUID=2ba8cf83-fb49-4c0e-ac06-565332abd279, command=[]} | ret=SUCCESS |  
2019-08-29 08:13:14,342 | INFO  | SCMAudit | user=jenkins1000 | ip=192.168.34.54 | op=SEND_HEARTBEAT {datanodeUUID=94fa760f-e64d-4170-ac7e-44ba98bd38f6, command=[]} | ret=SUCCESS |  
2019-08-29 08:13:14,409 | INFO  | SCMAudit | user=jenkins1000 | ip=192.168.34.54 | op=SEND_HEARTBEAT {datanodeUUID=86ac6034-f33a-4178-b5f5-7175dd4ad45b, command=[]} | ret=SUCCESS |  
2019-08-29 08:13:14,409 | INFO  | SCMAudit | user=jenkins1000 | ip=192.168.34.54 | op=SEND_HEARTBEAT {datanodeUUID=22940eff-9029-4e71-b915-5f2bfabaa31a, command=[]} | ret=SUCCESS |  
2019-08-29 08:13:14,749 | INFO  | SCMAudit | user=jenkins1000 | ip=192.168.34.54 | op=SEND_HEARTBEAT {datanodeUUID=701dcac2-413a-4112-9eef-a6503cb024bf, command=[]} | ret=SUCCESS |  
2019-08-29 08:13:15,010 [grpc-default-executor-7] INFO  client.GrpcClientProtocolClient (GrpcClientProtocolClient.java:onNext(255)) - client-BD165C44F697->86ac6034-f33a-4178-b5f5-7175dd4ad45b: receive RaftClientReply:client-BD165C44F697->86ac6034-f33a-4178-b5f5-7175dd4ad45b@group-0CE495B9C573, cid=190, FAILED org.apache.ratis.protocol.NotLeaderException: Server 86ac6034-f33a-4178-b5f5-7175dd4ad45b is not the leader (298a5c77-4e08-4cfb-ad26-b2dd8c1ae315:192.168.34.54:45490). Request must be sent to leader., logIndex=0, commits[86ac6034-f33a-4178-b5f5-7175dd4ad45b:c16, 298a5c77-4e08-4cfb-ad26-b2dd8c1ae315:c16, 22940eff-9029-4e71-b915-5f2bfabaa31a:c16]
2019-08-29 08:13:15,141 | INFO  | SCMAudit | user=jenkins1000 | ip=192.168.34.54 | op=SEND_HEARTBEAT {datanodeUUID=f857bedd-aee7-4d2b-9918-46878ad86507, command=[]} | ret=SUCCESS |  
2019-08-29 08:13:15,182 | INFO  | SCMAudit | user=jenkins1000 | ip=192.168.34.54 | op=SEND_HEARTBEAT {datanodeUUID=2ba8cf83-fb49-4c0e-ac06-565332abd279, command=[]} | ret=SUCCESS |  
2019-08-29 08:13:15,342 | INFO  | SCMAudit | user=jenkins1000 | ip=192.168.34.54 | op=SEND_HEARTBEAT {datanodeUUID=94fa760f-e64d-4170-ac7e-44ba98bd38f6, command=[]} | ret=SUCCESS |  
2019-08-29 08:13:15,408 | INFO  | SCMAudit | user=jenkins1000 | ip=192.168.34.54 | op=SEND_HEARTBEAT {datanodeUUID=86ac6034-f33a-4178-b5f5-7175dd4ad45b, command=[]} | ret=SUCCESS |  
2019-08-29 08:13:15,409 | INFO  | SCMAudit | user=jenkins1000 | ip=192.168.34.54 | op=SEND_HEARTBEAT {datanodeUUID=22940eff-9029-4e71-b915-5f2bfabaa31a, command=[]} | ret=SUCCESS |  
2019-08-29 08:13:15,749 | INFO  | SCMAudit | user=jenkins1000 | ip=192.168.34.54 | op=SEND_HEARTBEAT {datanodeUUID=701dcac2-413a-4112-9eef-a6503cb024bf, command=[]} | ret=SUCCESS |  
2019-08-29 08:13:16,021 [grpc-default-executor-10] INFO  client.GrpcClientProtocolClient (GrpcClientProtocolClient.java:onNext(255)) - client-BD165C44F697->22940eff-9029-4e71-b915-5f2bfabaa31a: receive RaftClientReply:client-BD165C44F697->22940eff-9029-4e71-b915-5f2bfabaa31a@group-0CE495B9C573, cid=190, FAILED org.apache.ratis.protocol.NotLeaderException: Server 22940eff-9029-4e71-b915-5f2bfabaa31a is not the leader (298a5c77-4e08-4cfb-ad26-b2dd8c1ae315:192.168.34.54:45490). Request must be sent to leader., logIndex=0, commits[22940eff-9029-4e71-b915-5f2bfabaa31a:c16, 298a5c77-4e08-4cfb-ad26-b2dd8c1ae315:c16, 86ac6034-f33a-4178-b5f5-7175dd4ad45b:c16]
2019-08-29 08:13:16,140 | INFO  | SCMAudit | user=jenkins1000 | ip=192.168.34.54 | op=SEND_HEARTBEAT {datanodeUUID=f857bedd-aee7-4d2b-9918-46878ad86507, command=[]} | ret=SUCCESS |  
2019-08-29 08:13:16,182 | INFO  | SCMAudit | user=jenkins1000 | ip=192.168.34.54 | op=SEND_HEARTBEAT {datanodeUUID=2ba8cf83-fb49-4c0e-ac06-565332abd279, command=[]} | ret=SUCCESS |  
2019-08-29 08:13:16,342 | INFO  | SCMAudit | user=jenkins1000 | ip=192.168.34.54 | op=SEND_HEARTBEAT {datanodeUUID=94fa760f-e64d-4170-ac7e-44ba98bd38f6, command=[]} | ret=SUCCESS |  
2019-08-29 08:13:16,408 | INFO  | SCMAudit | user=jenkins1000 | ip=192.168.34.54 | op=SEND_HEARTBEAT {datanodeUUID=86ac6034-f33a-4178-b5f5-7175dd4ad45b, command=[]} | ret=SUCCESS |  
2019-08-29 08:13:16,409 | INFO  | SCMAudit | user=jenkins1000 | ip=192.168.34.54 | op=SEND_HEARTBEAT {datanodeUUID=22940eff-9029-4e71-b915-5f2bfabaa31a, command=[]} | ret=SUCCESS |  
2019-08-29 08:13:16,461 [Thread-3438] INFO  impl.FollowerState (FollowerState.java:run(106)) - 22940eff-9029-4e71-b915-5f2bfabaa31a:group-0CE495B9C573 changes to CANDIDATE, lastRpcTime:9815, electionTimeout:5132ms
2019-08-29 08:13:16,462 [Thread-3438] INFO  impl.RoleInfo (RoleInfo.java:shutdownFollowerState(121)) - 22940eff-9029-4e71-b915-5f2bfabaa31a: shutdown FollowerState
2019-08-29 08:13:16,462 [Thread-3438] INFO  impl.RaftServerImpl (RaftServerImpl.java:setRole(171)) - 22940eff-9029-4e71-b915-5f2bfabaa31a:group-0CE495B9C573 changes role from FOLLOWER to CANDIDATE at term 1 for changeToCandidate
2019-08-29 08:13:16,462 [Thread-3438] INFO  impl.RoleInfo (RoleInfo.java:updateAndGet(143)) - 22940eff-9029-4e71-b915-5f2bfabaa31a: start LeaderElection
2019-08-29 08:13:16,464 [22940eff-9029-4e71-b915-5f2bfabaa31a:group-0CE495B9C573:LeaderElection87] INFO  impl.RaftServerImpl (ServerState.java:setLeader(263)) - 22940eff-9029-4e71-b915-5f2bfabaa31a:group-0CE495B9C573 change Leader from 298a5c77-4e08-4cfb-ad26-b2dd8c1ae315 to null at term 1 for initElection
2019-08-29 08:13:16,678 [Thread-3446] INFO  impl.FollowerState (FollowerState.java:run(106)) - 86ac6034-f33a-4178-b5f5-7175dd4ad45b:group-0CE495B9C573 changes to CANDIDATE, lastRpcTime:10031, electionTimeout:5143ms
2019-08-29 08:13:16,678 [Thread-3446] INFO  impl.RoleInfo (RoleInfo.java:shutdownFollowerState(121)) - 86ac6034-f33a-4178-b5f5-7175dd4ad45b: shutdown FollowerState
2019-08-29 08:13:16,678 [Thread-3446] INFO  impl.RaftServerImpl (RaftServerImpl.java:setRole(171)) - 86ac6034-f33a-4178-b5f5-7175dd4ad45b:group-0CE495B9C573 changes role from FOLLOWER to CANDIDATE at term 1 for changeToCandidate
2019-08-29 08:13:16,678 [Thread-3446] INFO  impl.RoleInfo (RoleInfo.java:updateAndGet(143)) - 86ac6034-f33a-4178-b5f5-7175dd4ad45b: start LeaderElection
2019-08-29 08:13:16,680 [86ac6034-f33a-4178-b5f5-7175dd4ad45b:group-0CE495B9C573:LeaderElection88] INFO  impl.RaftServerImpl (ServerState.java:setLeader(263)) - 86ac6034-f33a-4178-b5f5-7175dd4ad45b:group-0CE495B9C573 change Leader from 298a5c77-4e08-4cfb-ad26-b2dd8c1ae315 to null at term 1 for initElection
2019-08-29 08:13:16,749 | INFO  | SCMAudit | user=jenkins1000 | ip=192.168.34.54 | op=SEND_HEARTBEAT {datanodeUUID=701dcac2-413a-4112-9eef-a6503cb024bf, command=[]} | ret=SUCCESS |  
2019-08-29 08:13:17,032 [grpc-default-executor-7] INFO  client.GrpcClientProtocolClient (GrpcClientProtocolClient.java:onNext(255)) - client-BD165C44F697->86ac6034-f33a-4178-b5f5-7175dd4ad45b: receive RaftClientReply:client-BD165C44F697->86ac6034-f33a-4178-b5f5-7175dd4ad45b@group-0CE495B9C573, cid=190, FAILED org.apache.ratis.protocol.NotLeaderException: Server 86ac6034-f33a-4178-b5f5-7175dd4ad45b is not the leader (null). Request must be sent to leader., logIndex=0, commits[86ac6034-f33a-4178-b5f5-7175dd4ad45b:c16, 298a5c77-4e08-4cfb-ad26-b2dd8c1ae315:c16, 22940eff-9029-4e71-b915-5f2bfabaa31a:c16]
2019-08-29 08:13:17,140 | INFO  | SCMAudit | user=jenkins1000 | ip=192.168.34.54 | op=SEND_HEARTBEAT {datanodeUUID=f857bedd-aee7-4d2b-9918-46878ad86507, command=[]} | ret=SUCCESS |  
2019-08-29 08:13:17,182 | INFO  | SCMAudit | user=jenkins1000 | ip=192.168.34.54 | op=SEND_HEARTBEAT {datanodeUUID=2ba8cf83-fb49-4c0e-ac06-565332abd279, command=[]} | ret=SUCCESS |  
2019-08-29 08:13:17,342 | INFO  | SCMAudit | user=jenkins1000 | ip=192.168.34.54 | op=SEND_HEARTBEAT {datanodeUUID=94fa760f-e64d-4170-ac7e-44ba98bd38f6, command=[]} | ret=SUCCESS |  
2019-08-29 08:13:17,408 | INFO  | SCMAudit | user=jenkins1000 | ip=192.168.34.54 | op=SEND_HEARTBEAT {datanodeUUID=86ac6034-f33a-4178-b5f5-7175dd4ad45b, command=[]} | ret=SUCCESS |  
2019-08-29 08:13:17,409 | INFO  | SCMAudit | user=jenkins1000 | ip=192.168.34.54 | op=SEND_HEARTBEAT {datanodeUUID=22940eff-9029-4e71-b915-5f2bfabaa31a, command=[]} | ret=SUCCESS |  
2019-08-29 08:13:17,750 | INFO  | SCMAudit | user=jenkins1000 | ip=192.168.34.54 | op=SEND_HEARTBEAT {datanodeUUID=701dcac2-413a-4112-9eef-a6503cb024bf, command=[]} | ret=SUCCESS |  
2019-08-29 08:13:18,017 [86ac6034-f33a-4178-b5f5-7175dd4ad45b:group-0CE495B9C573:LeaderElection88] INFO  impl.LeaderElection (LeaderElection.java:askForVotes(181)) - 86ac6034-f33a-4178-b5f5-7175dd4ad45b:group-0CE495B9C573:LeaderElection88: begin an election at term 2 for 0: [298a5c77-4e08-4cfb-ad26-b2dd8c1ae315:192.168.34.54:45490, 86ac6034-f33a-4178-b5f5-7175dd4ad45b:192.168.34.54:36522, 22940eff-9029-4e71-b915-5f2bfabaa31a:192.168.34.54:43196], old=null
2019-08-29 08:13:18,017 [22940eff-9029-4e71-b915-5f2bfabaa31a:group-0CE495B9C573:LeaderElection87] INFO  impl.LeaderElection (LeaderElection.java:askForVotes(181)) - 22940eff-9029-4e71-b915-5f2bfabaa31a:group-0CE495B9C573:LeaderElection87: begin an election at term 2 for 0: [298a5c77-4e08-4cfb-ad26-b2dd8c1ae315:192.168.34.54:45490, 86ac6034-f33a-4178-b5f5-7175dd4ad45b:192.168.34.54:36522, 22940eff-9029-4e71-b915-5f2bfabaa31a:192.168.34.54:43196], old=null
2019-08-29 08:13:18,019 [86ac6034-f33a-4178-b5f5-7175dd4ad45b:group-0CE495B9C573:LeaderElection88] INFO  impl.LeaderElection (LogUtils.java:infoOrTrace(149)) - 86ac6034-f33a-4178-b5f5-7175dd4ad45b:group-0CE495B9C573:LeaderElection88 got exception when requesting votes: {}
java.util.concurrent.ExecutionException: org.apache.ratis.thirdparty.io.grpc.StatusRuntimeException: UNAVAILABLE: io exception
	at java.util.concurrent.FutureTask.report(FutureTask.java:122)
	at java.util.concurrent.FutureTask.get(FutureTask.java:192)
	at org.apache.ratis.server.impl.LeaderElection.waitForResults(LeaderElection.java:262)
	at org.apache.ratis.server.impl.LeaderElection.askForVotes(LeaderElection.java:200)
	at org.apache.ratis.server.impl.LeaderElection.run(LeaderElection.java:130)
	at java.lang.Thread.run(Thread.java:748)
Caused by: org.apache.ratis.thirdparty.io.grpc.StatusRuntimeException: UNAVAILABLE: io exception
	at org.apache.ratis.thirdparty.io.grpc.stub.ClientCalls.toStatusRuntimeException(ClientCalls.java:233)
	at org.apache.ratis.thirdparty.io.grpc.stub.ClientCalls.getUnchecked(ClientCalls.java:214)
	at org.apache.ratis.thirdparty.io.grpc.stub.ClientCalls.blockingUnaryCall(ClientCalls.java:139)
	at org.apache.ratis.proto.grpc.RaftServerProtocolServiceGrpc$RaftServerProtocolServiceBlockingStub.requestVote(RaftServerProtocolServiceGrpc.java:265)
	at org.apache.ratis.grpc.server.GrpcServerProtocolClient.requestVote(GrpcServerProtocolClient.java:83)
	at org.apache.ratis.grpc.server.GrpcService.requestVote(GrpcService.java:195)
	at org.apache.ratis.server.impl.LeaderElection.lambda$submitRequests$1(LeaderElection.java:237)
	at java.util.concurrent.FutureTask.run(FutureTask.java:266)
	at java.util.concurrent.Executors$RunnableAdapter.call(Executors.java:511)
	at java.util.concurrent.FutureTask.run(FutureTask.java:266)
	at java.util.concurrent.ThreadPoolExecutor.runWorker(ThreadPoolExecutor.java:1149)
	at java.util.concurrent.ThreadPoolExecutor$Worker.run(ThreadPoolExecutor.java:624)
	... 1 more
Caused by: org.apache.ratis.thirdparty.io.netty.channel.AbstractChannel$AnnotatedConnectException: Connection refused: /192.168.34.54:45490
	at sun.nio.ch.SocketChannelImpl.checkConnect(Native Method)
	at sun.nio.ch.SocketChannelImpl.finishConnect(SocketChannelImpl.java:717)
	at org.apache.ratis.thirdparty.io.netty.channel.socket.nio.NioSocketChannel.doFinishConnect(NioSocketChannel.java:327)
	at org.apache.ratis.thirdparty.io.netty.channel.nio.AbstractNioChannel$AbstractNioUnsafe.finishConnect(AbstractNioChannel.java:340)
	at org.apache.ratis.thirdparty.io.netty.channel.nio.NioEventLoop.processSelectedKey(NioEventLoop.java:632)
	at org.apache.ratis.thirdparty.io.netty.channel.nio.NioEventLoop.processSelectedKeysOptimized(NioEventLoop.java:579)
	at org.apache.ratis.thirdparty.io.netty.channel.nio.NioEventLoop.processSelectedKeys(NioEventLoop.java:496)
	at org.apache.ratis.thirdparty.io.netty.channel.nio.NioEventLoop.run(NioEventLoop.java:458)
	at org.apache.ratis.thirdparty.io.netty.util.concurrent.SingleThreadEventExecutor$5.run(SingleThreadEventExecutor.java:897)
	at org.apache.ratis.thirdparty.io.netty.util.concurrent.FastThreadLocalRunnable.run(FastThreadLocalRunnable.java:30)
	... 1 more
Caused by: java.net.ConnectException: Connection refused
	... 11 more
2019-08-29 08:13:18,019 [22940eff-9029-4e71-b915-5f2bfabaa31a:group-0CE495B9C573:LeaderElection87] INFO  impl.LeaderElection (LogUtils.java:infoOrTrace(149)) - 22940eff-9029-4e71-b915-5f2bfabaa31a:group-0CE495B9C573:LeaderElection87 got exception when requesting votes: {}
java.util.concurrent.ExecutionException: org.apache.ratis.thirdparty.io.grpc.StatusRuntimeException: UNAVAILABLE: io exception
	at java.util.concurrent.FutureTask.report(FutureTask.java:122)
	at java.util.concurrent.FutureTask.get(FutureTask.java:192)
	at org.apache.ratis.server.impl.LeaderElection.waitForResults(LeaderElection.java:262)
	at org.apache.ratis.server.impl.LeaderElection.askForVotes(LeaderElection.java:200)
	at org.apache.ratis.server.impl.LeaderElection.run(LeaderElection.java:130)
	at java.lang.Thread.run(Thread.java:748)
Caused by: org.apache.ratis.thirdparty.io.grpc.StatusRuntimeException: UNAVAILABLE: io exception
	at org.apache.ratis.thirdparty.io.grpc.stub.ClientCalls.toStatusRuntimeException(ClientCalls.java:233)
	at org.apache.ratis.thirdparty.io.grpc.stub.ClientCalls.getUnchecked(ClientCalls.java:214)
	at org.apache.ratis.thirdparty.io.grpc.stub.ClientCalls.blockingUnaryCall(ClientCalls.java:139)
	at org.apache.ratis.proto.grpc.RaftServerProtocolServiceGrpc$RaftServerProtocolServiceBlockingStub.requestVote(RaftServerProtocolServiceGrpc.java:265)
	at org.apache.ratis.grpc.server.GrpcServerProtocolClient.requestVote(GrpcServerProtocolClient.java:83)
	at org.apache.ratis.grpc.server.GrpcService.requestVote(GrpcService.java:195)
	at org.apache.ratis.server.impl.LeaderElection.lambda$submitRequests$1(LeaderElection.java:237)
	at java.util.concurrent.FutureTask.run(FutureTask.java:266)
	at java.util.concurrent.Executors$RunnableAdapter.call(Executors.java:511)
	at java.util.concurrent.FutureTask.run(FutureTask.java:266)
	at java.util.concurrent.ThreadPoolExecutor.runWorker(ThreadPoolExecutor.java:1149)
	at java.util.concurrent.ThreadPoolExecutor$Worker.run(ThreadPoolExecutor.java:624)
	... 1 more
Caused by: org.apache.ratis.thirdparty.io.netty.channel.AbstractChannel$AnnotatedConnectException: Connection refused: /192.168.34.54:45490
	at sun.nio.ch.SocketChannelImpl.checkConnect(Native Method)
	at sun.nio.ch.SocketChannelImpl.finishConnect(SocketChannelImpl.java:717)
	at org.apache.ratis.thirdparty.io.netty.channel.socket.nio.NioSocketChannel.doFinishConnect(NioSocketChannel.java:327)
	at org.apache.ratis.thirdparty.io.netty.channel.nio.AbstractNioChannel$AbstractNioUnsafe.finishConnect(AbstractNioChannel.java:340)
	at org.apache.ratis.thirdparty.io.netty.channel.nio.NioEventLoop.processSelectedKey(NioEventLoop.java:632)
	at org.apache.ratis.thirdparty.io.netty.channel.nio.NioEventLoop.processSelectedKeysOptimized(NioEventLoop.java:579)
	at org.apache.ratis.thirdparty.io.netty.channel.nio.NioEventLoop.processSelectedKeys(NioEventLoop.java:496)
	at org.apache.ratis.thirdparty.io.netty.channel.nio.NioEventLoop.run(NioEventLoop.java:458)
	at org.apache.ratis.thirdparty.io.netty.util.concurrent.SingleThreadEventExecutor$5.run(SingleThreadEventExecutor.java:897)
	at org.apache.ratis.thirdparty.io.netty.util.concurrent.FastThreadLocalRunnable.run(FastThreadLocalRunnable.java:30)
	... 1 more
Caused by: java.net.ConnectException: Connection refused
	... 11 more
2019-08-29 08:13:18,024 [86ac6034-f33a-4178-b5f5-7175dd4ad45b:group-0CE495B9C573:LeaderElection88] INFO  impl.LeaderElection (LeaderElection.java:logAndReturn(56)) - 86ac6034-f33a-4178-b5f5-7175dd4ad45b:group-0CE495B9C573:LeaderElection88: Election REJECTED; received 1 response(s) [86ac6034-f33a-4178-b5f5-7175dd4ad45b<-22940eff-9029-4e71-b915-5f2bfabaa31a#0:FAIL-t2] and 1 exception(s); 86ac6034-f33a-4178-b5f5-7175dd4ad45b:t2, leader=null, voted=86ac6034-f33a-4178-b5f5-7175dd4ad45b, raftlog=86ac6034-f33a-4178-b5f5-7175dd4ad45b-SegmentedRaftLog:OPENED:c16,f16,i16, conf=0: [298a5c77-4e08-4cfb-ad26-b2dd8c1ae315:192.168.34.54:45490, 86ac6034-f33a-4178-b5f5-7175dd4ad45b:192.168.34.54:36522, 22940eff-9029-4e71-b915-5f2bfabaa31a:192.168.34.54:43196], old=null
2019-08-29 08:13:18,024 [86ac6034-f33a-4178-b5f5-7175dd4ad45b:group-0CE495B9C573:LeaderElection88] INFO  impl.LeaderElection (LogUtils.java:infoOrTrace(149)) -   Exception 0: {}
java.util.concurrent.ExecutionException: org.apache.ratis.thirdparty.io.grpc.StatusRuntimeException: UNAVAILABLE: io exception
	at java.util.concurrent.FutureTask.report(FutureTask.java:122)
	at java.util.concurrent.FutureTask.get(FutureTask.java:192)
	at org.apache.ratis.server.impl.LeaderElection.waitForResults(LeaderElection.java:262)
	at org.apache.ratis.server.impl.LeaderElection.askForVotes(LeaderElection.java:200)
	at org.apache.ratis.server.impl.LeaderElection.run(LeaderElection.java:130)
	at java.lang.Thread.run(Thread.java:748)
Caused by: org.apache.ratis.thirdparty.io.grpc.StatusRuntimeException: UNAVAILABLE: io exception
	at org.apache.ratis.thirdparty.io.grpc.stub.ClientCalls.toStatusRuntimeException(ClientCalls.java:233)
	at org.apache.ratis.thirdparty.io.grpc.stub.ClientCalls.getUnchecked(ClientCalls.java:214)
	at org.apache.ratis.thirdparty.io.grpc.stub.ClientCalls.blockingUnaryCall(ClientCalls.java:139)
	at org.apache.ratis.proto.grpc.RaftServerProtocolServiceGrpc$RaftServerProtocolServiceBlockingStub.requestVote(RaftServerProtocolServiceGrpc.java:265)
	at org.apache.ratis.grpc.server.GrpcServerProtocolClient.requestVote(GrpcServerProtocolClient.java:83)
	at org.apache.ratis.grpc.server.GrpcService.requestVote(GrpcService.java:195)
	at org.apache.ratis.server.impl.LeaderElection.lambda$submitRequests$1(LeaderElection.java:237)
	at java.util.concurrent.FutureTask.run(FutureTask.java:266)
	at java.util.concurrent.Executors$RunnableAdapter.call(Executors.java:511)
	at java.util.concurrent.FutureTask.run(FutureTask.java:266)
	at java.util.concurrent.ThreadPoolExecutor.runWorker(ThreadPoolExecutor.java:1149)
	at java.util.concurrent.ThreadPoolExecutor$Worker.run(ThreadPoolExecutor.java:624)
	... 1 more
Caused by: org.apache.ratis.thirdparty.io.netty.channel.AbstractChannel$AnnotatedConnectException: Connection refused: /192.168.34.54:45490
	at sun.nio.ch.SocketChannelImpl.checkConnect(Native Method)
	at sun.nio.ch.SocketChannelImpl.finishConnect(SocketChannelImpl.java:717)
	at org.apache.ratis.thirdparty.io.netty.channel.socket.nio.NioSocketChannel.doFinishConnect(NioSocketChannel.java:327)
	at org.apache.ratis.thirdparty.io.netty.channel.nio.AbstractNioChannel$AbstractNioUnsafe.finishConnect(AbstractNioChannel.java:340)
	at org.apache.ratis.thirdparty.io.netty.channel.nio.NioEventLoop.processSelectedKey(NioEventLoop.java:632)
	at org.apache.ratis.thirdparty.io.netty.channel.nio.NioEventLoop.processSelectedKeysOptimized(NioEventLoop.java:579)
	at org.apache.ratis.thirdparty.io.netty.channel.nio.NioEventLoop.processSelectedKeys(NioEventLoop.java:496)
	at org.apache.ratis.thirdparty.io.netty.channel.nio.NioEventLoop.run(NioEventLoop.java:458)
	at org.apache.ratis.thirdparty.io.netty.util.concurrent.SingleThreadEventExecutor$5.run(SingleThreadEventExecutor.java:897)
	at org.apache.ratis.thirdparty.io.netty.util.concurrent.FastThreadLocalRunnable.run(FastThreadLocalRunnable.java:30)
	... 1 more
Caused by: java.net.ConnectException: Connection refused
	... 11 more
2019-08-29 08:13:18,025 [22940eff-9029-4e71-b915-5f2bfabaa31a:group-0CE495B9C573:LeaderElection87] INFO  impl.LeaderElection (LeaderElection.java:logAndReturn(56)) - 22940eff-9029-4e71-b915-5f2bfabaa31a:group-0CE495B9C573:LeaderElection87: Election REJECTED; received 1 response(s) [22940eff-9029-4e71-b915-5f2bfabaa31a<-86ac6034-f33a-4178-b5f5-7175dd4ad45b#0:FAIL-t2] and 1 exception(s); 22940eff-9029-4e71-b915-5f2bfabaa31a:t2, leader=null, voted=22940eff-9029-4e71-b915-5f2bfabaa31a, raftlog=22940eff-9029-4e71-b915-5f2bfabaa31a-SegmentedRaftLog:OPENED:c16,f16,i16, conf=0: [298a5c77-4e08-4cfb-ad26-b2dd8c1ae315:192.168.34.54:45490, 86ac6034-f33a-4178-b5f5-7175dd4ad45b:192.168.34.54:36522, 22940eff-9029-4e71-b915-5f2bfabaa31a:192.168.34.54:43196], old=null
2019-08-29 08:13:18,025 [86ac6034-f33a-4178-b5f5-7175dd4ad45b:group-0CE495B9C573:LeaderElection88] INFO  impl.RaftServerImpl (RaftServerImpl.java:setRole(171)) - 86ac6034-f33a-4178-b5f5-7175dd4ad45b:group-0CE495B9C573 changes role from CANDIDATE to FOLLOWER at term 2 for DISCOVERED_A_NEW_TERM
2019-08-29 08:13:18,025 [22940eff-9029-4e71-b915-5f2bfabaa31a:group-0CE495B9C573:LeaderElection87] INFO  impl.LeaderElection (LogUtils.java:infoOrTrace(149)) -   Exception 0: {}
java.util.concurrent.ExecutionException: org.apache.ratis.thirdparty.io.grpc.StatusRuntimeException: UNAVAILABLE: io exception
	at java.util.concurrent.FutureTask.report(FutureTask.java:122)
	at java.util.concurrent.FutureTask.get(FutureTask.java:192)
	at org.apache.ratis.server.impl.LeaderElection.waitForResults(LeaderElection.java:262)
	at org.apache.ratis.server.impl.LeaderElection.askForVotes(LeaderElection.java:200)
	at org.apache.ratis.server.impl.LeaderElection.run(LeaderElection.java:130)
	at java.lang.Thread.run(Thread.java:748)
Caused by: org.apache.ratis.thirdparty.io.grpc.StatusRuntimeException: UNAVAILABLE: io exception
	at org.apache.ratis.thirdparty.io.grpc.stub.ClientCalls.toStatusRuntimeException(ClientCalls.java:233)
	at org.apache.ratis.thirdparty.io.grpc.stub.ClientCalls.getUnchecked(ClientCalls.java:214)
	at org.apache.ratis.thirdparty.io.grpc.stub.ClientCalls.blockingUnaryCall(ClientCalls.java:139)
	at org.apache.ratis.proto.grpc.RaftServerProtocolServiceGrpc$RaftServerProtocolServiceBlockingStub.requestVote(RaftServerProtocolServiceGrpc.java:265)
	at org.apache.ratis.grpc.server.GrpcServerProtocolClient.requestVote(GrpcServerProtocolClient.java:83)
	at org.apache.ratis.grpc.server.GrpcService.requestVote(GrpcService.java:195)
	at org.apache.ratis.server.impl.LeaderElection.lambda$submitRequests$1(LeaderElection.java:237)
	at java.util.concurrent.FutureTask.run(FutureTask.java:266)
	at java.util.concurrent.Executors$RunnableAdapter.call(Executors.java:511)
	at java.util.concurrent.FutureTask.run(FutureTask.java:266)
	at java.util.concurrent.ThreadPoolExecutor.runWorker(ThreadPoolExecutor.java:1149)
	at java.util.concurrent.ThreadPoolExecutor$Worker.run(ThreadPoolExecutor.java:624)
	... 1 more
Caused by: org.apache.ratis.thirdparty.io.netty.channel.AbstractChannel$AnnotatedConnectException: Connection refused: /192.168.34.54:45490
	at sun.nio.ch.SocketChannelImpl.checkConnect(Native Method)
	at sun.nio.ch.SocketChannelImpl.finishConnect(SocketChannelImpl.java:717)
	at org.apache.ratis.thirdparty.io.netty.channel.socket.nio.NioSocketChannel.doFinishConnect(NioSocketChannel.java:327)
	at org.apache.ratis.thirdparty.io.netty.channel.nio.AbstractNioChannel$AbstractNioUnsafe.finishConnect(AbstractNioChannel.java:340)
	at org.apache.ratis.thirdparty.io.netty.channel.nio.NioEventLoop.processSelectedKey(NioEventLoop.java:632)
	at org.apache.ratis.thirdparty.io.netty.channel.nio.NioEventLoop.processSelectedKeysOptimized(NioEventLoop.java:579)
	at org.apache.ratis.thirdparty.io.netty.channel.nio.NioEventLoop.processSelectedKeys(NioEventLoop.java:496)
	at org.apache.ratis.thirdparty.io.netty.channel.nio.NioEventLoop.run(NioEventLoop.java:458)
	at org.apache.ratis.thirdparty.io.netty.util.concurrent.SingleThreadEventExecutor$5.run(SingleThreadEventExecutor.java:897)
	at org.apache.ratis.thirdparty.io.netty.util.concurrent.FastThreadLocalRunnable.run(FastThreadLocalRunnable.java:30)
	... 1 more
Caused by: java.net.ConnectException: Connection refused
	... 11 more
2019-08-29 08:13:18,025 [86ac6034-f33a-4178-b5f5-7175dd4ad45b:group-0CE495B9C573:LeaderElection88] INFO  impl.RoleInfo (RoleInfo.java:shutdownLeaderElection(134)) - 86ac6034-f33a-4178-b5f5-7175dd4ad45b: shutdown LeaderElection
2019-08-29 08:13:18,025 [22940eff-9029-4e71-b915-5f2bfabaa31a:group-0CE495B9C573:LeaderElection87] INFO  impl.RaftServerImpl (RaftServerImpl.java:setRole(171)) - 22940eff-9029-4e71-b915-5f2bfabaa31a:group-0CE495B9C573 changes role from CANDIDATE to FOLLOWER at term 2 for DISCOVERED_A_NEW_TERM
2019-08-29 08:13:18,026 [86ac6034-f33a-4178-b5f5-7175dd4ad45b:group-0CE495B9C573:LeaderElection88] INFO  impl.RoleInfo (RoleInfo.java:updateAndGet(143)) - 86ac6034-f33a-4178-b5f5-7175dd4ad45b: start FollowerState
2019-08-29 08:13:18,026 [22940eff-9029-4e71-b915-5f2bfabaa31a:group-0CE495B9C573:LeaderElection87] INFO  impl.RoleInfo (RoleInfo.java:shutdownLeaderElection(134)) - 22940eff-9029-4e71-b915-5f2bfabaa31a: shutdown LeaderElection
2019-08-29 08:13:18,026 [22940eff-9029-4e71-b915-5f2bfabaa31a:group-0CE495B9C573:LeaderElection87] INFO  impl.RoleInfo (RoleInfo.java:updateAndGet(143)) - 22940eff-9029-4e71-b915-5f2bfabaa31a: start FollowerState
2019-08-29 08:13:18,140 | INFO  | SCMAudit | user=jenkins1000 | ip=192.168.34.54 | op=SEND_HEARTBEAT {datanodeUUID=f857bedd-aee7-4d2b-9918-46878ad86507, command=[]} | ret=SUCCESS |  
2019-08-29 08:13:18,182 | INFO  | SCMAudit | user=jenkins1000 | ip=192.168.34.54 | op=SEND_HEARTBEAT {datanodeUUID=2ba8cf83-fb49-4c0e-ac06-565332abd279, command=[]} | ret=SUCCESS |  
2019-08-29 08:13:18,341 | INFO  | SCMAudit | user=jenkins1000 | ip=192.168.34.54 | op=SEND_HEARTBEAT {datanodeUUID=94fa760f-e64d-4170-ac7e-44ba98bd38f6, command=[]} | ret=SUCCESS |  
2019-08-29 08:13:18,408 | INFO  | SCMAudit | user=jenkins1000 | ip=192.168.34.54 | op=SEND_HEARTBEAT {datanodeUUID=86ac6034-f33a-4178-b5f5-7175dd4ad45b, command=[]} | ret=SUCCESS |  
2019-08-29 08:13:18,409 | INFO  | SCMAudit | user=jenkins1000 | ip=192.168.34.54 | op=SEND_HEARTBEAT {datanodeUUID=22940eff-9029-4e71-b915-5f2bfabaa31a, command=[]} | ret=SUCCESS |  
2019-08-29 08:13:18,751 | INFO  | SCMAudit | user=jenkins1000 | ip=192.168.34.54 | op=SEND_HEARTBEAT {datanodeUUID=701dcac2-413a-4112-9eef-a6503cb024bf, command=[]} | ret=SUCCESS |  
2019-08-29 08:13:19,046 [grpc-default-executor-7] INFO  client.GrpcClientProtocolClient (GrpcClientProtocolClient.java:onNext(255)) - client-BD165C44F697->22940eff-9029-4e71-b915-5f2bfabaa31a: receive RaftClientReply:client-BD165C44F697->22940eff-9029-4e71-b915-5f2bfabaa31a@group-0CE495B9C573, cid=190, FAILED org.apache.ratis.protocol.NotLeaderException: Server 22940eff-9029-4e71-b915-5f2bfabaa31a is not the leader (null). Request must be sent to leader., logIndex=0, commits[22940eff-9029-4e71-b915-5f2bfabaa31a:c16, 298a5c77-4e08-4cfb-ad26-b2dd8c1ae315:c16, 86ac6034-f33a-4178-b5f5-7175dd4ad45b:c16]
2019-08-29 08:13:19,140 | INFO  | SCMAudit | user=jenkins1000 | ip=192.168.34.54 | op=SEND_HEARTBEAT {datanodeUUID=f857bedd-aee7-4d2b-9918-46878ad86507, command=[]} | ret=SUCCESS |  
2019-08-29 08:13:19,182 | INFO  | SCMAudit | user=jenkins1000 | ip=192.168.34.54 | op=SEND_HEARTBEAT {datanodeUUID=2ba8cf83-fb49-4c0e-ac06-565332abd279, command=[]} | ret=SUCCESS |  
2019-08-29 08:13:19,341 | INFO  | SCMAudit | user=jenkins1000 | ip=192.168.34.54 | op=SEND_HEARTBEAT {datanodeUUID=94fa760f-e64d-4170-ac7e-44ba98bd38f6, command=[]} | ret=SUCCESS |  
2019-08-29 08:13:19,408 | INFO  | SCMAudit | user=jenkins1000 | ip=192.168.34.54 | op=SEND_HEARTBEAT {datanodeUUID=86ac6034-f33a-4178-b5f5-7175dd4ad45b, command=[]} | ret=SUCCESS |  
2019-08-29 08:13:19,409 | INFO  | SCMAudit | user=jenkins1000 | ip=192.168.34.54 | op=SEND_HEARTBEAT {datanodeUUID=22940eff-9029-4e71-b915-5f2bfabaa31a, command=[]} | ret=SUCCESS |  
2019-08-29 08:13:19,750 | INFO  | SCMAudit | user=jenkins1000 | ip=192.168.34.54 | op=SEND_HEARTBEAT {datanodeUUID=701dcac2-413a-4112-9eef-a6503cb024bf, command=[]} | ret=SUCCESS |  
2019-08-29 08:13:20,054 [grpc-default-executor-9] INFO  client.GrpcClientProtocolClient (GrpcClientProtocolClient.java:onNext(255)) - client-BD165C44F697->86ac6034-f33a-4178-b5f5-7175dd4ad45b: receive RaftClientReply:client-BD165C44F697->86ac6034-f33a-4178-b5f5-7175dd4ad45b@group-0CE495B9C573, cid=190, FAILED org.apache.ratis.protocol.NotLeaderException: Server 86ac6034-f33a-4178-b5f5-7175dd4ad45b is not the leader (null). Request must be sent to leader., logIndex=0, commits[86ac6034-f33a-4178-b5f5-7175dd4ad45b:c16, 298a5c77-4e08-4cfb-ad26-b2dd8c1ae315:c16, 22940eff-9029-4e71-b915-5f2bfabaa31a:c16]
2019-08-29 08:13:20,140 | INFO  | SCMAudit | user=jenkins1000 | ip=192.168.34.54 | op=SEND_HEARTBEAT {datanodeUUID=f857bedd-aee7-4d2b-9918-46878ad86507, command=[]} | ret=SUCCESS |  
2019-08-29 08:13:20,183 | INFO  | SCMAudit | user=jenkins1000 | ip=192.168.34.54 | op=SEND_HEARTBEAT {datanodeUUID=2ba8cf83-fb49-4c0e-ac06-565332abd279, command=[]} | ret=SUCCESS |  
2019-08-29 08:13:20,341 | INFO  | SCMAudit | user=jenkins1000 | ip=192.168.34.54 | op=SEND_HEARTBEAT {datanodeUUID=94fa760f-e64d-4170-ac7e-44ba98bd38f6, command=[]} | ret=SUCCESS |  
2019-08-29 08:13:20,408 | INFO  | SCMAudit | user=jenkins1000 | ip=192.168.34.54 | op=SEND_HEARTBEAT {datanodeUUID=86ac6034-f33a-4178-b5f5-7175dd4ad45b, command=[]} | ret=SUCCESS |  
2019-08-29 08:13:20,410 | INFO  | SCMAudit | user=jenkins1000 | ip=192.168.34.54 | op=SEND_HEARTBEAT {datanodeUUID=22940eff-9029-4e71-b915-5f2bfabaa31a, command=[]} | ret=SUCCESS |  
2019-08-29 08:13:20,750 | INFO  | SCMAudit | user=jenkins1000 | ip=192.168.34.54 | op=SEND_HEARTBEAT {datanodeUUID=701dcac2-413a-4112-9eef-a6503cb024bf, command=[]} | ret=SUCCESS |  
2019-08-29 08:13:21,064 [grpc-default-executor-9] INFO  client.GrpcClientProtocolClient (GrpcClientProtocolClient.java:onNext(255)) - client-BD165C44F697->22940eff-9029-4e71-b915-5f2bfabaa31a: receive RaftClientReply:client-BD165C44F697->22940eff-9029-4e71-b915-5f2bfabaa31a@group-0CE495B9C573, cid=190, FAILED org.apache.ratis.protocol.NotLeaderException: Server 22940eff-9029-4e71-b915-5f2bfabaa31a is not the leader (null). Request must be sent to leader., logIndex=0, commits[22940eff-9029-4e71-b915-5f2bfabaa31a:c16, 298a5c77-4e08-4cfb-ad26-b2dd8c1ae315:c16, 86ac6034-f33a-4178-b5f5-7175dd4ad45b:c16]
2019-08-29 08:13:21,140 | INFO  | SCMAudit | user=jenkins1000 | ip=192.168.34.54 | op=SEND_HEARTBEAT {datanodeUUID=f857bedd-aee7-4d2b-9918-46878ad86507, command=[]} | ret=SUCCESS |  
2019-08-29 08:13:21,182 | INFO  | SCMAudit | user=jenkins1000 | ip=192.168.34.54 | op=SEND_HEARTBEAT {datanodeUUID=2ba8cf83-fb49-4c0e-ac06-565332abd279, command=[]} | ret=SUCCESS |  
2019-08-29 08:13:21,341 | INFO  | SCMAudit | user=jenkins1000 | ip=192.168.34.54 | op=SEND_HEARTBEAT {datanodeUUID=94fa760f-e64d-4170-ac7e-44ba98bd38f6, command=[]} | ret=SUCCESS |  
2019-08-29 08:13:21,408 | INFO  | SCMAudit | user=jenkins1000 | ip=192.168.34.54 | op=SEND_HEARTBEAT {datanodeUUID=86ac6034-f33a-4178-b5f5-7175dd4ad45b, command=[]} | ret=SUCCESS |  
2019-08-29 08:13:21,410 | INFO  | SCMAudit | user=jenkins1000 | ip=192.168.34.54 | op=SEND_HEARTBEAT {datanodeUUID=22940eff-9029-4e71-b915-5f2bfabaa31a, command=[]} | ret=SUCCESS |  
2019-08-29 08:13:21,750 | INFO  | SCMAudit | user=jenkins1000 | ip=192.168.34.54 | op=SEND_HEARTBEAT {datanodeUUID=701dcac2-413a-4112-9eef-a6503cb024bf, command=[]} | ret=SUCCESS |  
2019-08-29 08:13:22,074 [grpc-default-executor-9] INFO  client.GrpcClientProtocolClient (GrpcClientProtocolClient.java:onNext(255)) - client-BD165C44F697->86ac6034-f33a-4178-b5f5-7175dd4ad45b: receive RaftClientReply:client-BD165C44F697->86ac6034-f33a-4178-b5f5-7175dd4ad45b@group-0CE495B9C573, cid=190, FAILED org.apache.ratis.protocol.NotLeaderException: Server 86ac6034-f33a-4178-b5f5-7175dd4ad45b is not the leader (null). Request must be sent to leader., logIndex=0, commits[86ac6034-f33a-4178-b5f5-7175dd4ad45b:c16, 298a5c77-4e08-4cfb-ad26-b2dd8c1ae315:c16, 22940eff-9029-4e71-b915-5f2bfabaa31a:c16]
2019-08-29 08:13:22,140 | INFO  | SCMAudit | user=jenkins1000 | ip=192.168.34.54 | op=SEND_HEARTBEAT {datanodeUUID=f857bedd-aee7-4d2b-9918-46878ad86507, command=[]} | ret=SUCCESS |  
2019-08-29 08:13:22,182 | INFO  | SCMAudit | user=jenkins1000 | ip=192.168.34.54 | op=SEND_HEARTBEAT {datanodeUUID=2ba8cf83-fb49-4c0e-ac06-565332abd279, command=[]} | ret=SUCCESS |  
2019-08-29 08:13:22,341 | INFO  | SCMAudit | user=jenkins1000 | ip=192.168.34.54 | op=SEND_HEARTBEAT {datanodeUUID=94fa760f-e64d-4170-ac7e-44ba98bd38f6, command=[]} | ret=SUCCESS |  
2019-08-29 08:13:22,408 | INFO  | SCMAudit | user=jenkins1000 | ip=192.168.34.54 | op=SEND_HEARTBEAT {datanodeUUID=86ac6034-f33a-4178-b5f5-7175dd4ad45b, command=[]} | ret=SUCCESS |  
2019-08-29 08:13:22,409 | INFO  | SCMAudit | user=jenkins1000 | ip=192.168.34.54 | op=SEND_HEARTBEAT {datanodeUUID=22940eff-9029-4e71-b915-5f2bfabaa31a, command=[]} | ret=SUCCESS |  
2019-08-29 08:13:22,750 | INFO  | SCMAudit | user=jenkins1000 | ip=192.168.34.54 | op=SEND_HEARTBEAT {datanodeUUID=701dcac2-413a-4112-9eef-a6503cb024bf, command=[]} | ret=SUCCESS |  
2019-08-29 08:13:23,056 [Thread-3577] INFO  impl.FollowerState (FollowerState.java:run(106)) - 86ac6034-f33a-4178-b5f5-7175dd4ad45b:group-0CE495B9C573 changes to CANDIDATE, lastRpcTime:5030, electionTimeout:5030ms
2019-08-29 08:13:23,056 [Thread-3577] INFO  impl.RoleInfo (RoleInfo.java:shutdownFollowerState(121)) - 86ac6034-f33a-4178-b5f5-7175dd4ad45b: shutdown FollowerState
2019-08-29 08:13:23,056 [Thread-3577] INFO  impl.RaftServerImpl (RaftServerImpl.java:setRole(171)) - 86ac6034-f33a-4178-b5f5-7175dd4ad45b:group-0CE495B9C573 changes role from FOLLOWER to CANDIDATE at term 2 for changeToCandidate
2019-08-29 08:13:23,056 [Thread-3577] INFO  impl.RoleInfo (RoleInfo.java:updateAndGet(143)) - 86ac6034-f33a-4178-b5f5-7175dd4ad45b: start LeaderElection
2019-08-29 08:13:23,083 [grpc-default-executor-9] INFO  client.GrpcClientProtocolClient (GrpcClientProtocolClient.java:onNext(255)) - client-BD165C44F697->22940eff-9029-4e71-b915-5f2bfabaa31a: receive RaftClientReply:client-BD165C44F697->22940eff-9029-4e71-b915-5f2bfabaa31a@group-0CE495B9C573, cid=190, FAILED org.apache.ratis.protocol.NotLeaderException: Server 22940eff-9029-4e71-b915-5f2bfabaa31a is not the leader (null). Request must be sent to leader., logIndex=0, commits[22940eff-9029-4e71-b915-5f2bfabaa31a:c16, 298a5c77-4e08-4cfb-ad26-b2dd8c1ae315:c16, 86ac6034-f33a-4178-b5f5-7175dd4ad45b:c16]
2019-08-29 08:13:23,140 | INFO  | SCMAudit | user=jenkins1000 | ip=192.168.34.54 | op=SEND_HEARTBEAT {datanodeUUID=f857bedd-aee7-4d2b-9918-46878ad86507, command=[]} | ret=SUCCESS |  
2019-08-29 08:13:23,182 | INFO  | SCMAudit | user=jenkins1000 | ip=192.168.34.54 | op=SEND_HEARTBEAT {datanodeUUID=2ba8cf83-fb49-4c0e-ac06-565332abd279, command=[]} | ret=SUCCESS |  
2019-08-29 08:13:23,202 [Thread-3578] INFO  impl.FollowerState (FollowerState.java:run(106)) - 22940eff-9029-4e71-b915-5f2bfabaa31a:group-0CE495B9C573 changes to CANDIDATE, lastRpcTime:5176, electionTimeout:5176ms
2019-08-29 08:13:23,202 [Thread-3578] INFO  impl.RoleInfo (RoleInfo.java:shutdownFollowerState(121)) - 22940eff-9029-4e71-b915-5f2bfabaa31a: shutdown FollowerState
2019-08-29 08:13:23,203 [Thread-3578] INFO  impl.RaftServerImpl (RaftServerImpl.java:setRole(171)) - 22940eff-9029-4e71-b915-5f2bfabaa31a:group-0CE495B9C573 changes role from FOLLOWER to CANDIDATE at term 2 for changeToCandidate
2019-08-29 08:13:23,203 [Thread-3578] INFO  impl.RoleInfo (RoleInfo.java:updateAndGet(143)) - 22940eff-9029-4e71-b915-5f2bfabaa31a: start LeaderElection
2019-08-29 08:13:23,341 | INFO  | SCMAudit | user=jenkins1000 | ip=192.168.34.54 | op=SEND_HEARTBEAT {datanodeUUID=94fa760f-e64d-4170-ac7e-44ba98bd38f6, command=[]} | ret=SUCCESS |  
2019-08-29 08:13:23,409 | INFO  | SCMAudit | user=jenkins1000 | ip=192.168.34.54 | op=SEND_HEARTBEAT {datanodeUUID=86ac6034-f33a-4178-b5f5-7175dd4ad45b, command=[]} | ret=SUCCESS |  
2019-08-29 08:13:23,409 | INFO  | SCMAudit | user=jenkins1000 | ip=192.168.34.54 | op=SEND_HEARTBEAT {datanodeUUID=22940eff-9029-4e71-b915-5f2bfabaa31a, command=[]} | ret=SUCCESS |  
2019-08-29 08:13:23,750 | INFO  | SCMAudit | user=jenkins1000 | ip=192.168.34.54 | op=SEND_HEARTBEAT {datanodeUUID=701dcac2-413a-4112-9eef-a6503cb024bf, command=[]} | ret=SUCCESS |  
2019-08-29 08:13:23,778 [22940eff-9029-4e71-b915-5f2bfabaa31a:group-0CE495B9C573:LeaderElection90] INFO  impl.LeaderElection (LeaderElection.java:askForVotes(181)) - 22940eff-9029-4e71-b915-5f2bfabaa31a:group-0CE495B9C573:LeaderElection90: begin an election at term 3 for 0: [298a5c77-4e08-4cfb-ad26-b2dd8c1ae315:192.168.34.54:45490, 86ac6034-f33a-4178-b5f5-7175dd4ad45b:192.168.34.54:36522, 22940eff-9029-4e71-b915-5f2bfabaa31a:192.168.34.54:43196], old=null
2019-08-29 08:13:23,778 [86ac6034-f33a-4178-b5f5-7175dd4ad45b:group-0CE495B9C573:LeaderElection89] INFO  impl.LeaderElection (LeaderElection.java:askForVotes(181)) - 86ac6034-f33a-4178-b5f5-7175dd4ad45b:group-0CE495B9C573:LeaderElection89: begin an election at term 3 for 0: [298a5c77-4e08-4cfb-ad26-b2dd8c1ae315:192.168.34.54:45490, 86ac6034-f33a-4178-b5f5-7175dd4ad45b:192.168.34.54:36522, 22940eff-9029-4e71-b915-5f2bfabaa31a:192.168.34.54:43196], old=null
2019-08-29 08:13:23,779 [22940eff-9029-4e71-b915-5f2bfabaa31a:group-0CE495B9C573:LeaderElection90] INFO  impl.LeaderElection (LogUtils.java:infoOrTrace(149)) - 22940eff-9029-4e71-b915-5f2bfabaa31a:group-0CE495B9C573:LeaderElection90 got exception when requesting votes: {}
java.util.concurrent.ExecutionException: org.apache.ratis.thirdparty.io.grpc.StatusRuntimeException: UNAVAILABLE: io exception
	at java.util.concurrent.FutureTask.report(FutureTask.java:122)
	at java.util.concurrent.FutureTask.get(FutureTask.java:192)
	at org.apache.ratis.server.impl.LeaderElection.waitForResults(LeaderElection.java:262)
	at org.apache.ratis.server.impl.LeaderElection.askForVotes(LeaderElection.java:200)
	at org.apache.ratis.server.impl.LeaderElection.run(LeaderElection.java:130)
	at java.lang.Thread.run(Thread.java:748)
Caused by: org.apache.ratis.thirdparty.io.grpc.StatusRuntimeException: UNAVAILABLE: io exception
	at org.apache.ratis.thirdparty.io.grpc.stub.ClientCalls.toStatusRuntimeException(ClientCalls.java:233)
	at org.apache.ratis.thirdparty.io.grpc.stub.ClientCalls.getUnchecked(ClientCalls.java:214)
	at org.apache.ratis.thirdparty.io.grpc.stub.ClientCalls.blockingUnaryCall(ClientCalls.java:139)
	at org.apache.ratis.proto.grpc.RaftServerProtocolServiceGrpc$RaftServerProtocolServiceBlockingStub.requestVote(RaftServerProtocolServiceGrpc.java:265)
	at org.apache.ratis.grpc.server.GrpcServerProtocolClient.requestVote(GrpcServerProtocolClient.java:83)
	at org.apache.ratis.grpc.server.GrpcService.requestVote(GrpcService.java:195)
	at org.apache.ratis.server.impl.LeaderElection.lambda$submitRequests$1(LeaderElection.java:237)
	at java.util.concurrent.FutureTask.run(FutureTask.java:266)
	at java.util.concurrent.Executors$RunnableAdapter.call(Executors.java:511)
	at java.util.concurrent.FutureTask.run(FutureTask.java:266)
	at java.util.concurrent.ThreadPoolExecutor.runWorker(ThreadPoolExecutor.java:1149)
	at java.util.concurrent.ThreadPoolExecutor$Worker.run(ThreadPoolExecutor.java:624)
	... 1 more
Caused by: org.apache.ratis.thirdparty.io.netty.channel.AbstractChannel$AnnotatedConnectException: Connection refused: /192.168.34.54:45490
	at sun.nio.ch.SocketChannelImpl.checkConnect(Native Method)
	at sun.nio.ch.SocketChannelImpl.finishConnect(SocketChannelImpl.java:717)
	at org.apache.ratis.thirdparty.io.netty.channel.socket.nio.NioSocketChannel.doFinishConnect(NioSocketChannel.java:327)
	at org.apache.ratis.thirdparty.io.netty.channel.nio.AbstractNioChannel$AbstractNioUnsafe.finishConnect(AbstractNioChannel.java:340)
	at org.apache.ratis.thirdparty.io.netty.channel.nio.NioEventLoop.processSelectedKey(NioEventLoop.java:632)
	at org.apache.ratis.thirdparty.io.netty.channel.nio.NioEventLoop.processSelectedKeysOptimized(NioEventLoop.java:579)
	at org.apache.ratis.thirdparty.io.netty.channel.nio.NioEventLoop.processSelectedKeys(NioEventLoop.java:496)
	at org.apache.ratis.thirdparty.io.netty.channel.nio.NioEventLoop.run(NioEventLoop.java:458)
	at org.apache.ratis.thirdparty.io.netty.util.concurrent.SingleThreadEventExecutor$5.run(SingleThreadEventExecutor.java:897)
	at org.apache.ratis.thirdparty.io.netty.util.concurrent.FastThreadLocalRunnable.run(FastThreadLocalRunnable.java:30)
	... 1 more
Caused by: java.net.ConnectException: Connection refused
	... 11 more
2019-08-29 08:13:23,779 [86ac6034-f33a-4178-b5f5-7175dd4ad45b:group-0CE495B9C573:LeaderElection89] INFO  impl.LeaderElection (LogUtils.java:infoOrTrace(149)) - 86ac6034-f33a-4178-b5f5-7175dd4ad45b:group-0CE495B9C573:LeaderElection89 got exception when requesting votes: {}
java.util.concurrent.ExecutionException: org.apache.ratis.thirdparty.io.grpc.StatusRuntimeException: UNAVAILABLE: io exception
	at java.util.concurrent.FutureTask.report(FutureTask.java:122)
	at java.util.concurrent.FutureTask.get(FutureTask.java:192)
	at org.apache.ratis.server.impl.LeaderElection.waitForResults(LeaderElection.java:262)
	at org.apache.ratis.server.impl.LeaderElection.askForVotes(LeaderElection.java:200)
	at org.apache.ratis.server.impl.LeaderElection.run(LeaderElection.java:130)
	at java.lang.Thread.run(Thread.java:748)
Caused by: org.apache.ratis.thirdparty.io.grpc.StatusRuntimeException: UNAVAILABLE: io exception
	at org.apache.ratis.thirdparty.io.grpc.stub.ClientCalls.toStatusRuntimeException(ClientCalls.java:233)
	at org.apache.ratis.thirdparty.io.grpc.stub.ClientCalls.getUnchecked(ClientCalls.java:214)
	at org.apache.ratis.thirdparty.io.grpc.stub.ClientCalls.blockingUnaryCall(ClientCalls.java:139)
	at org.apache.ratis.proto.grpc.RaftServerProtocolServiceGrpc$RaftServerProtocolServiceBlockingStub.requestVote(RaftServerProtocolServiceGrpc.java:265)
	at org.apache.ratis.grpc.server.GrpcServerProtocolClient.requestVote(GrpcServerProtocolClient.java:83)
	at org.apache.ratis.grpc.server.GrpcService.requestVote(GrpcService.java:195)
	at org.apache.ratis.server.impl.LeaderElection.lambda$submitRequests$1(LeaderElection.java:237)
	at java.util.concurrent.FutureTask.run(FutureTask.java:266)
	at java.util.concurrent.Executors$RunnableAdapter.call(Executors.java:511)
	at java.util.concurrent.FutureTask.run(FutureTask.java:266)
	at java.util.concurrent.ThreadPoolExecutor.runWorker(ThreadPoolExecutor.java:1149)
	at java.util.concurrent.ThreadPoolExecutor$Worker.run(ThreadPoolExecutor.java:624)
	... 1 more
Caused by: org.apache.ratis.thirdparty.io.netty.channel.AbstractChannel$AnnotatedConnectException: Connection refused: /192.168.34.54:45490
	at sun.nio.ch.SocketChannelImpl.checkConnect(Native Method)
	at sun.nio.ch.SocketChannelImpl.finishConnect(SocketChannelImpl.java:717)
	at org.apache.ratis.thirdparty.io.netty.channel.socket.nio.NioSocketChannel.doFinishConnect(NioSocketChannel.java:327)
	at org.apache.ratis.thirdparty.io.netty.channel.nio.AbstractNioChannel$AbstractNioUnsafe.finishConnect(AbstractNioChannel.java:340)
	at org.apache.ratis.thirdparty.io.netty.channel.nio.NioEventLoop.processSelectedKey(NioEventLoop.java:632)
	at org.apache.ratis.thirdparty.io.netty.channel.nio.NioEventLoop.processSelectedKeysOptimized(NioEventLoop.java:579)
	at org.apache.ratis.thirdparty.io.netty.channel.nio.NioEventLoop.processSelectedKeys(NioEventLoop.java:496)
	at org.apache.ratis.thirdparty.io.netty.channel.nio.NioEventLoop.run(NioEventLoop.java:458)
	at org.apache.ratis.thirdparty.io.netty.util.concurrent.SingleThreadEventExecutor$5.run(SingleThreadEventExecutor.java:897)
	at org.apache.ratis.thirdparty.io.netty.util.concurrent.FastThreadLocalRunnable.run(FastThreadLocalRunnable.java:30)
	... 1 more
Caused by: java.net.ConnectException: Connection refused
	... 11 more
2019-08-29 08:13:23,786 [86ac6034-f33a-4178-b5f5-7175dd4ad45b:group-0CE495B9C573:LeaderElection89] INFO  impl.LeaderElection (LeaderElection.java:logAndReturn(56)) - 86ac6034-f33a-4178-b5f5-7175dd4ad45b:group-0CE495B9C573:LeaderElection89: Election REJECTED; received 1 response(s) [86ac6034-f33a-4178-b5f5-7175dd4ad45b<-22940eff-9029-4e71-b915-5f2bfabaa31a#0:FAIL-t3] and 1 exception(s); 86ac6034-f33a-4178-b5f5-7175dd4ad45b:t3, leader=null, voted=86ac6034-f33a-4178-b5f5-7175dd4ad45b, raftlog=86ac6034-f33a-4178-b5f5-7175dd4ad45b-SegmentedRaftLog:OPENED:c16,f16,i16, conf=0: [298a5c77-4e08-4cfb-ad26-b2dd8c1ae315:192.168.34.54:45490, 86ac6034-f33a-4178-b5f5-7175dd4ad45b:192.168.34.54:36522, 22940eff-9029-4e71-b915-5f2bfabaa31a:192.168.34.54:43196], old=null
2019-08-29 08:13:23,786 [22940eff-9029-4e71-b915-5f2bfabaa31a:group-0CE495B9C573:LeaderElection90] INFO  impl.LeaderElection (LeaderElection.java:logAndReturn(56)) - 22940eff-9029-4e71-b915-5f2bfabaa31a:group-0CE495B9C573:LeaderElection90: Election REJECTED; received 1 response(s) [22940eff-9029-4e71-b915-5f2bfabaa31a<-86ac6034-f33a-4178-b5f5-7175dd4ad45b#0:FAIL-t3] and 1 exception(s); 22940eff-9029-4e71-b915-5f2bfabaa31a:t3, leader=null, voted=22940eff-9029-4e71-b915-5f2bfabaa31a, raftlog=22940eff-9029-4e71-b915-5f2bfabaa31a-SegmentedRaftLog:OPENED:c16,f16,i16, conf=0: [298a5c77-4e08-4cfb-ad26-b2dd8c1ae315:192.168.34.54:45490, 86ac6034-f33a-4178-b5f5-7175dd4ad45b:192.168.34.54:36522, 22940eff-9029-4e71-b915-5f2bfabaa31a:192.168.34.54:43196], old=null
2019-08-29 08:13:23,786 [86ac6034-f33a-4178-b5f5-7175dd4ad45b:group-0CE495B9C573:LeaderElection89] INFO  impl.LeaderElection (LogUtils.java:infoOrTrace(149)) -   Exception 0: {}
java.util.concurrent.ExecutionException: org.apache.ratis.thirdparty.io.grpc.StatusRuntimeException: UNAVAILABLE: io exception
	at java.util.concurrent.FutureTask.report(FutureTask.java:122)
	at java.util.concurrent.FutureTask.get(FutureTask.java:192)
	at org.apache.ratis.server.impl.LeaderElection.waitForResults(LeaderElection.java:262)
	at org.apache.ratis.server.impl.LeaderElection.askForVotes(LeaderElection.java:200)
	at org.apache.ratis.server.impl.LeaderElection.run(LeaderElection.java:130)
	at java.lang.Thread.run(Thread.java:748)
Caused by: org.apache.ratis.thirdparty.io.grpc.StatusRuntimeException: UNAVAILABLE: io exception
	at org.apache.ratis.thirdparty.io.grpc.stub.ClientCalls.toStatusRuntimeException(ClientCalls.java:233)
	at org.apache.ratis.thirdparty.io.grpc.stub.ClientCalls.getUnchecked(ClientCalls.java:214)
	at org.apache.ratis.thirdparty.io.grpc.stub.ClientCalls.blockingUnaryCall(ClientCalls.java:139)
	at org.apache.ratis.proto.grpc.RaftServerProtocolServiceGrpc$RaftServerProtocolServiceBlockingStub.requestVote(RaftServerProtocolServiceGrpc.java:265)
	at org.apache.ratis.grpc.server.GrpcServerProtocolClient.requestVote(GrpcServerProtocolClient.java:83)
	at org.apache.ratis.grpc.server.GrpcService.requestVote(GrpcService.java:195)
	at org.apache.ratis.server.impl.LeaderElection.lambda$submitRequests$1(LeaderElection.java:237)
	at java.util.concurrent.FutureTask.run(FutureTask.java:266)
	at java.util.concurrent.Executors$RunnableAdapter.call(Executors.java:511)
	at java.util.concurrent.FutureTask.run(FutureTask.java:266)
	at java.util.concurrent.ThreadPoolExecutor.runWorker(ThreadPoolExecutor.java:1149)
	at java.util.concurrent.ThreadPoolExecutor$Worker.run(ThreadPoolExecutor.java:624)
	... 1 more
Caused by: org.apache.ratis.thirdparty.io.netty.channel.AbstractChannel$AnnotatedConnectException: Connection refused: /192.168.34.54:45490
	at sun.nio.ch.SocketChannelImpl.checkConnect(Native Method)
	at sun.nio.ch.SocketChannelImpl.finishConnect(SocketChannelImpl.java:717)
	at org.apache.ratis.thirdparty.io.netty.channel.socket.nio.NioSocketChannel.doFinishConnect(NioSocketChannel.java:327)
	at org.apache.ratis.thirdparty.io.netty.channel.nio.AbstractNioChannel$AbstractNioUnsafe.finishConnect(AbstractNioChannel.java:340)
	at org.apache.ratis.thirdparty.io.netty.channel.nio.NioEventLoop.processSelectedKey(NioEventLoop.java:632)
	at org.apache.ratis.thirdparty.io.netty.channel.nio.NioEventLoop.processSelectedKeysOptimized(NioEventLoop.java:579)
	at org.apache.ratis.thirdparty.io.netty.channel.nio.NioEventLoop.processSelectedKeys(NioEventLoop.java:496)
	at org.apache.ratis.thirdparty.io.netty.channel.nio.NioEventLoop.run(NioEventLoop.java:458)
	at org.apache.ratis.thirdparty.io.netty.util.concurrent.SingleThreadEventExecutor$5.run(SingleThreadEventExecutor.java:897)
	at org.apache.ratis.thirdparty.io.netty.util.concurrent.FastThreadLocalRunnable.run(FastThreadLocalRunnable.java:30)
	... 1 more
Caused by: java.net.ConnectException: Connection refused
	... 11 more
2019-08-29 08:13:23,786 [22940eff-9029-4e71-b915-5f2bfabaa31a:group-0CE495B9C573:LeaderElection90] INFO  impl.LeaderElection (LogUtils.java:infoOrTrace(149)) -   Exception 0: {}
java.util.concurrent.ExecutionException: org.apache.ratis.thirdparty.io.grpc.StatusRuntimeException: UNAVAILABLE: io exception
	at java.util.concurrent.FutureTask.report(FutureTask.java:122)
	at java.util.concurrent.FutureTask.get(FutureTask.java:192)
	at org.apache.ratis.server.impl.LeaderElection.waitForResults(LeaderElection.java:262)
	at org.apache.ratis.server.impl.LeaderElection.askForVotes(LeaderElection.java:200)
	at org.apache.ratis.server.impl.LeaderElection.run(LeaderElection.java:130)
	at java.lang.Thread.run(Thread.java:748)
Caused by: org.apache.ratis.thirdparty.io.grpc.StatusRuntimeException: UNAVAILABLE: io exception
	at org.apache.ratis.thirdparty.io.grpc.stub.ClientCalls.toStatusRuntimeException(ClientCalls.java:233)
	at org.apache.ratis.thirdparty.io.grpc.stub.ClientCalls.getUnchecked(ClientCalls.java:214)
	at org.apache.ratis.thirdparty.io.grpc.stub.ClientCalls.blockingUnaryCall(ClientCalls.java:139)
	at org.apache.ratis.proto.grpc.RaftServerProtocolServiceGrpc$RaftServerProtocolServiceBlockingStub.requestVote(RaftServerProtocolServiceGrpc.java:265)
	at org.apache.ratis.grpc.server.GrpcServerProtocolClient.requestVote(GrpcServerProtocolClient.java:83)
	at org.apache.ratis.grpc.server.GrpcService.requestVote(GrpcService.java:195)
	at org.apache.ratis.server.impl.LeaderElection.lambda$submitRequests$1(LeaderElection.java:237)
	at java.util.concurrent.FutureTask.run(FutureTask.java:266)
	at java.util.concurrent.Executors$RunnableAdapter.call(Executors.java:511)
	at java.util.concurrent.FutureTask.run(FutureTask.java:266)
	at java.util.concurrent.ThreadPoolExecutor.runWorker(ThreadPoolExecutor.java:1149)
	at java.util.concurrent.ThreadPoolExecutor$Worker.run(ThreadPoolExecutor.java:624)
	... 1 more
Caused by: org.apache.ratis.thirdparty.io.netty.channel.AbstractChannel$AnnotatedConnectException: Connection refused: /192.168.34.54:45490
	at sun.nio.ch.SocketChannelImpl.checkConnect(Native Method)
	at sun.nio.ch.SocketChannelImpl.finishConnect(SocketChannelImpl.java:717)
	at org.apache.ratis.thirdparty.io.netty.channel.socket.nio.NioSocketChannel.doFinishConnect(NioSocketChannel.java:327)
	at org.apache.ratis.thirdparty.io.netty.channel.nio.AbstractNioChannel$AbstractNioUnsafe.finishConnect(AbstractNioChannel.java:340)
	at org.apache.ratis.thirdparty.io.netty.channel.nio.NioEventLoop.processSelectedKey(NioEventLoop.java:632)
	at org.apache.ratis.thirdparty.io.netty.channel.nio.NioEventLoop.processSelectedKeysOptimized(NioEventLoop.java:579)
	at org.apache.ratis.thirdparty.io.netty.channel.nio.NioEventLoop.processSelectedKeys(NioEventLoop.java:496)
	at org.apache.ratis.thirdparty.io.netty.channel.nio.NioEventLoop.run(NioEventLoop.java:458)
	at org.apache.ratis.thirdparty.io.netty.util.concurrent.SingleThreadEventExecutor$5.run(SingleThreadEventExecutor.java:897)
	at org.apache.ratis.thirdparty.io.netty.util.concurrent.FastThreadLocalRunnable.run(FastThreadLocalRunnable.java:30)
	... 1 more
Caused by: java.net.ConnectException: Connection refused
	... 11 more
2019-08-29 08:13:23,786 [86ac6034-f33a-4178-b5f5-7175dd4ad45b:group-0CE495B9C573:LeaderElection89] INFO  impl.RaftServerImpl (RaftServerImpl.java:setRole(171)) - 86ac6034-f33a-4178-b5f5-7175dd4ad45b:group-0CE495B9C573 changes role from CANDIDATE to FOLLOWER at term 3 for DISCOVERED_A_NEW_TERM
2019-08-29 08:13:23,786 [22940eff-9029-4e71-b915-5f2bfabaa31a:group-0CE495B9C573:LeaderElection90] INFO  impl.RaftServerImpl (RaftServerImpl.java:setRole(171)) - 22940eff-9029-4e71-b915-5f2bfabaa31a:group-0CE495B9C573 changes role from CANDIDATE to FOLLOWER at term 3 for DISCOVERED_A_NEW_TERM
2019-08-29 08:13:23,787 [86ac6034-f33a-4178-b5f5-7175dd4ad45b:group-0CE495B9C573:LeaderElection89] INFO  impl.RoleInfo (RoleInfo.java:shutdownLeaderElection(134)) - 86ac6034-f33a-4178-b5f5-7175dd4ad45b: shutdown LeaderElection
2019-08-29 08:13:23,787 [22940eff-9029-4e71-b915-5f2bfabaa31a:group-0CE495B9C573:LeaderElection90] INFO  impl.RoleInfo (RoleInfo.java:shutdownLeaderElection(134)) - 22940eff-9029-4e71-b915-5f2bfabaa31a: shutdown LeaderElection
2019-08-29 08:13:23,787 [86ac6034-f33a-4178-b5f5-7175dd4ad45b:group-0CE495B9C573:LeaderElection89] INFO  impl.RoleInfo (RoleInfo.java:updateAndGet(143)) - 86ac6034-f33a-4178-b5f5-7175dd4ad45b: start FollowerState
2019-08-29 08:13:23,787 [22940eff-9029-4e71-b915-5f2bfabaa31a:group-0CE495B9C573:LeaderElection90] INFO  impl.RoleInfo (RoleInfo.java:updateAndGet(143)) - 22940eff-9029-4e71-b915-5f2bfabaa31a: start FollowerState
2019-08-29 08:13:24,090 [grpc-default-executor-9] INFO  client.GrpcClientProtocolClient (GrpcClientProtocolClient.java:onNext(255)) - client-BD165C44F697->86ac6034-f33a-4178-b5f5-7175dd4ad45b: receive RaftClientReply:client-BD165C44F697->86ac6034-f33a-4178-b5f5-7175dd4ad45b@group-0CE495B9C573, cid=190, FAILED org.apache.ratis.protocol.NotLeaderException: Server 86ac6034-f33a-4178-b5f5-7175dd4ad45b is not the leader (null). Request must be sent to leader., logIndex=0, commits[86ac6034-f33a-4178-b5f5-7175dd4ad45b:c16, 298a5c77-4e08-4cfb-ad26-b2dd8c1ae315:c16, 22940eff-9029-4e71-b915-5f2bfabaa31a:c16]
2019-08-29 08:13:24,140 | INFO  | SCMAudit | user=jenkins1000 | ip=192.168.34.54 | op=SEND_HEARTBEAT {datanodeUUID=f857bedd-aee7-4d2b-9918-46878ad86507, command=[]} | ret=SUCCESS |  
2019-08-29 08:13:24,182 | INFO  | SCMAudit | user=jenkins1000 | ip=192.168.34.54 | op=SEND_HEARTBEAT {datanodeUUID=2ba8cf83-fb49-4c0e-ac06-565332abd279, command=[]} | ret=SUCCESS |  
2019-08-29 08:13:24,341 | INFO  | SCMAudit | user=jenkins1000 | ip=192.168.34.54 | op=SEND_HEARTBEAT {datanodeUUID=94fa760f-e64d-4170-ac7e-44ba98bd38f6, command=[]} | ret=SUCCESS |  
2019-08-29 08:13:24,409 | INFO  | SCMAudit | user=jenkins1000 | ip=192.168.34.54 | op=SEND_HEARTBEAT {datanodeUUID=22940eff-9029-4e71-b915-5f2bfabaa31a, command=[]} | ret=SUCCESS |  
2019-08-29 08:13:24,410 | INFO  | SCMAudit | user=jenkins1000 | ip=192.168.34.54 | op=SEND_HEARTBEAT {datanodeUUID=86ac6034-f33a-4178-b5f5-7175dd4ad45b, command=[]} | ret=SUCCESS |  
2019-08-29 08:13:24,750 | INFO  | SCMAudit | user=jenkins1000 | ip=192.168.34.54 | op=SEND_HEARTBEAT {datanodeUUID=701dcac2-413a-4112-9eef-a6503cb024bf, command=[]} | ret=SUCCESS |  
2019-08-29 08:13:25,140 | INFO  | SCMAudit | user=jenkins1000 | ip=192.168.34.54 | op=SEND_HEARTBEAT {datanodeUUID=f857bedd-aee7-4d2b-9918-46878ad86507, command=[]} | ret=SUCCESS |  
2019-08-29 08:13:25,182 | INFO  | SCMAudit | user=jenkins1000 | ip=192.168.34.54 | op=SEND_HEARTBEAT {datanodeUUID=2ba8cf83-fb49-4c0e-ac06-565332abd279, command=[]} | ret=SUCCESS |  
2019-08-29 08:13:25,341 | INFO  | SCMAudit | user=jenkins1000 | ip=192.168.34.54 | op=SEND_HEARTBEAT {datanodeUUID=94fa760f-e64d-4170-ac7e-44ba98bd38f6, command=[]} | ret=SUCCESS |  
2019-08-29 08:13:25,410 | INFO  | SCMAudit | user=jenkins1000 | ip=192.168.34.54 | op=SEND_HEARTBEAT {datanodeUUID=22940eff-9029-4e71-b915-5f2bfabaa31a, command=[]} | ret=SUCCESS |  
2019-08-29 08:13:25,410 | INFO  | SCMAudit | user=jenkins1000 | ip=192.168.34.54 | op=SEND_HEARTBEAT {datanodeUUID=86ac6034-f33a-4178-b5f5-7175dd4ad45b, command=[]} | ret=SUCCESS |  
2019-08-29 08:13:25,751 | INFO  | SCMAudit | user=jenkins1000 | ip=192.168.34.54 | op=SEND_HEARTBEAT {datanodeUUID=701dcac2-413a-4112-9eef-a6503cb024bf, command=[]} | ret=SUCCESS |  
2019-08-29 08:13:26,098 [grpc-default-executor-7] INFO  client.GrpcClientProtocolClient (GrpcClientProtocolClient.java:onNext(255)) - client-BD165C44F697->22940eff-9029-4e71-b915-5f2bfabaa31a: receive RaftClientReply:client-BD165C44F697->22940eff-9029-4e71-b915-5f2bfabaa31a@group-0CE495B9C573, cid=190, FAILED org.apache.ratis.protocol.NotLeaderException: Server 22940eff-9029-4e71-b915-5f2bfabaa31a is not the leader (null). Request must be sent to leader., logIndex=0, commits[22940eff-9029-4e71-b915-5f2bfabaa31a:c16, 298a5c77-4e08-4cfb-ad26-b2dd8c1ae315:c16, 86ac6034-f33a-4178-b5f5-7175dd4ad45b:c16]
2019-08-29 08:13:26,140 | INFO  | SCMAudit | user=jenkins1000 | ip=192.168.34.54 | op=SEND_HEARTBEAT {datanodeUUID=f857bedd-aee7-4d2b-9918-46878ad86507, command=[]} | ret=SUCCESS |  
2019-08-29 08:13:26,182 | INFO  | SCMAudit | user=jenkins1000 | ip=192.168.34.54 | op=SEND_HEARTBEAT {datanodeUUID=2ba8cf83-fb49-4c0e-ac06-565332abd279, command=[]} | ret=SUCCESS |  
2019-08-29 08:13:26,341 | INFO  | SCMAudit | user=jenkins1000 | ip=192.168.34.54 | op=SEND_HEARTBEAT {datanodeUUID=94fa760f-e64d-4170-ac7e-44ba98bd38f6, command=[]} | ret=SUCCESS |  
2019-08-29 08:13:26,410 | INFO  | SCMAudit | user=jenkins1000 | ip=192.168.34.54 | op=SEND_HEARTBEAT {datanodeUUID=22940eff-9029-4e71-b915-5f2bfabaa31a, command=[]} | ret=SUCCESS |  
2019-08-29 08:13:26,410 | INFO  | SCMAudit | user=jenkins1000 | ip=192.168.34.54 | op=SEND_HEARTBEAT {datanodeUUID=86ac6034-f33a-4178-b5f5-7175dd4ad45b, command=[]} | ret=SUCCESS |  
2019-08-29 08:13:26,752 | INFO  | SCMAudit | user=jenkins1000 | ip=192.168.34.54 | op=SEND_HEARTBEAT {datanodeUUID=701dcac2-413a-4112-9eef-a6503cb024bf, command=[]} | ret=SUCCESS |  
2019-08-29 08:13:27,106 [grpc-default-executor-9] INFO  client.GrpcClientProtocolClient (GrpcClientProtocolClient.java:onNext(255)) - client-BD165C44F697->86ac6034-f33a-4178-b5f5-7175dd4ad45b: receive RaftClientReply:client-BD165C44F697->86ac6034-f33a-4178-b5f5-7175dd4ad45b@group-0CE495B9C573, cid=190, FAILED org.apache.ratis.protocol.NotLeaderException: Server 86ac6034-f33a-4178-b5f5-7175dd4ad45b is not the leader (null). Request must be sent to leader., logIndex=0, commits[86ac6034-f33a-4178-b5f5-7175dd4ad45b:c16, 298a5c77-4e08-4cfb-ad26-b2dd8c1ae315:c16, 22940eff-9029-4e71-b915-5f2bfabaa31a:c16]
2019-08-29 08:13:27,140 | INFO  | SCMAudit | user=jenkins1000 | ip=192.168.34.54 | op=SEND_HEARTBEAT {datanodeUUID=f857bedd-aee7-4d2b-9918-46878ad86507, command=[]} | ret=SUCCESS |  
2019-08-29 08:13:27,183 | INFO  | SCMAudit | user=jenkins1000 | ip=192.168.34.54 | op=SEND_HEARTBEAT {datanodeUUID=2ba8cf83-fb49-4c0e-ac06-565332abd279, command=[]} | ret=SUCCESS |  
2019-08-29 08:13:27,341 | INFO  | SCMAudit | user=jenkins1000 | ip=192.168.34.54 | op=SEND_HEARTBEAT {datanodeUUID=94fa760f-e64d-4170-ac7e-44ba98bd38f6, command=[]} | ret=SUCCESS |  
2019-08-29 08:13:27,410 | INFO  | SCMAudit | user=jenkins1000 | ip=192.168.34.54 | op=SEND_HEARTBEAT {datanodeUUID=86ac6034-f33a-4178-b5f5-7175dd4ad45b, command=[]} | ret=SUCCESS |  
2019-08-29 08:13:27,411 | INFO  | SCMAudit | user=jenkins1000 | ip=192.168.34.54 | op=SEND_HEARTBEAT {datanodeUUID=22940eff-9029-4e71-b915-5f2bfabaa31a, command=[]} | ret=SUCCESS |  
2019-08-29 08:13:27,753 | INFO  | SCMAudit | user=jenkins1000 | ip=192.168.34.54 | op=SEND_HEARTBEAT {datanodeUUID=701dcac2-413a-4112-9eef-a6503cb024bf, command=[]} | ret=SUCCESS |  
2019-08-29 08:13:28,141 | INFO  | SCMAudit | user=jenkins1000 | ip=192.168.34.54 | op=SEND_HEARTBEAT {datanodeUUID=f857bedd-aee7-4d2b-9918-46878ad86507, command=[]} | ret=SUCCESS |  
2019-08-29 08:13:28,183 | INFO  | SCMAudit | user=jenkins1000 | ip=192.168.34.54 | op=SEND_HEARTBEAT {datanodeUUID=2ba8cf83-fb49-4c0e-ac06-565332abd279, command=[]} | ret=SUCCESS |  
2019-08-29 08:13:28,341 | INFO  | SCMAudit | user=jenkins1000 | ip=192.168.34.54 | op=SEND_HEARTBEAT {datanodeUUID=94fa760f-e64d-4170-ac7e-44ba98bd38f6, command=[]} | ret=SUCCESS |  
2019-08-29 08:13:28,411 | INFO  | SCMAudit | user=jenkins1000 | ip=192.168.34.54 | op=SEND_HEARTBEAT {datanodeUUID=86ac6034-f33a-4178-b5f5-7175dd4ad45b, command=[]} | ret=SUCCESS |  
2019-08-29 08:13:28,411 | INFO  | SCMAudit | user=jenkins1000 | ip=192.168.34.54 | op=SEND_HEARTBEAT {datanodeUUID=22940eff-9029-4e71-b915-5f2bfabaa31a, command=[]} | ret=SUCCESS |  
2019-08-29 08:13:28,753 | INFO  | SCMAudit | user=jenkins1000 | ip=192.168.34.54 | op=SEND_HEARTBEAT {datanodeUUID=701dcac2-413a-4112-9eef-a6503cb024bf, command=[]} | ret=SUCCESS |  
2019-08-29 08:13:28,799 [Thread-3608] INFO  impl.FollowerState (FollowerState.java:run(106)) - 86ac6034-f33a-4178-b5f5-7175dd4ad45b:group-0CE495B9C573 changes to CANDIDATE, lastRpcTime:5012, electionTimeout:5012ms
2019-08-29 08:13:28,799 [Thread-3608] INFO  impl.RoleInfo (RoleInfo.java:shutdownFollowerState(121)) - 86ac6034-f33a-4178-b5f5-7175dd4ad45b: shutdown FollowerState
2019-08-29 08:13:28,800 [Thread-3608] INFO  impl.RaftServerImpl (RaftServerImpl.java:setRole(171)) - 86ac6034-f33a-4178-b5f5-7175dd4ad45b:group-0CE495B9C573 changes role from FOLLOWER to CANDIDATE at term 3 for changeToCandidate
2019-08-29 08:13:28,800 [Thread-3608] INFO  impl.RoleInfo (RoleInfo.java:updateAndGet(143)) - 86ac6034-f33a-4178-b5f5-7175dd4ad45b: start LeaderElection
2019-08-29 08:13:28,884 [Thread-3609] INFO  impl.FollowerState (FollowerState.java:run(106)) - 22940eff-9029-4e71-b915-5f2bfabaa31a:group-0CE495B9C573 changes to CANDIDATE, lastRpcTime:5097, electionTimeout:5097ms
2019-08-29 08:13:28,884 [Thread-3609] INFO  impl.RoleInfo (RoleInfo.java:shutdownFollowerState(121)) - 22940eff-9029-4e71-b915-5f2bfabaa31a: shutdown FollowerState
2019-08-29 08:13:28,885 [Thread-3609] INFO  impl.RaftServerImpl (RaftServerImpl.java:setRole(171)) - 22940eff-9029-4e71-b915-5f2bfabaa31a:group-0CE495B9C573 changes role from FOLLOWER to CANDIDATE at term 3 for changeToCandidate
2019-08-29 08:13:28,885 [Thread-3609] INFO  impl.RoleInfo (RoleInfo.java:updateAndGet(143)) - 22940eff-9029-4e71-b915-5f2bfabaa31a: start LeaderElection
2019-08-29 08:13:28,891 [86ac6034-f33a-4178-b5f5-7175dd4ad45b:group-0CE495B9C573:LeaderElection91] INFO  impl.LeaderElection (LeaderElection.java:askForVotes(181)) - 86ac6034-f33a-4178-b5f5-7175dd4ad45b:group-0CE495B9C573:LeaderElection91: begin an election at term 4 for 0: [298a5c77-4e08-4cfb-ad26-b2dd8c1ae315:192.168.34.54:45490, 86ac6034-f33a-4178-b5f5-7175dd4ad45b:192.168.34.54:36522, 22940eff-9029-4e71-b915-5f2bfabaa31a:192.168.34.54:43196], old=null
2019-08-29 08:13:28,892 [86ac6034-f33a-4178-b5f5-7175dd4ad45b:group-0CE495B9C573:LeaderElection91] INFO  impl.LeaderElection (LogUtils.java:infoOrTrace(149)) - 86ac6034-f33a-4178-b5f5-7175dd4ad45b:group-0CE495B9C573:LeaderElection91 got exception when requesting votes: {}
java.util.concurrent.ExecutionException: org.apache.ratis.thirdparty.io.grpc.StatusRuntimeException: UNAVAILABLE: io exception
	at java.util.concurrent.FutureTask.report(FutureTask.java:122)
	at java.util.concurrent.FutureTask.get(FutureTask.java:192)
	at org.apache.ratis.server.impl.LeaderElection.waitForResults(LeaderElection.java:262)
	at org.apache.ratis.server.impl.LeaderElection.askForVotes(LeaderElection.java:200)
	at org.apache.ratis.server.impl.LeaderElection.run(LeaderElection.java:130)
	at java.lang.Thread.run(Thread.java:748)
Caused by: org.apache.ratis.thirdparty.io.grpc.StatusRuntimeException: UNAVAILABLE: io exception
	at org.apache.ratis.thirdparty.io.grpc.stub.ClientCalls.toStatusRuntimeException(ClientCalls.java:233)
	at org.apache.ratis.thirdparty.io.grpc.stub.ClientCalls.getUnchecked(ClientCalls.java:214)
	at org.apache.ratis.thirdparty.io.grpc.stub.ClientCalls.blockingUnaryCall(ClientCalls.java:139)
	at org.apache.ratis.proto.grpc.RaftServerProtocolServiceGrpc$RaftServerProtocolServiceBlockingStub.requestVote(RaftServerProtocolServiceGrpc.java:265)
	at org.apache.ratis.grpc.server.GrpcServerProtocolClient.requestVote(GrpcServerProtocolClient.java:83)
	at org.apache.ratis.grpc.server.GrpcService.requestVote(GrpcService.java:195)
	at org.apache.ratis.server.impl.LeaderElection.lambda$submitRequests$1(LeaderElection.java:237)
	at java.util.concurrent.FutureTask.run(FutureTask.java:266)
	at java.util.concurrent.Executors$RunnableAdapter.call(Executors.java:511)
	at java.util.concurrent.FutureTask.run(FutureTask.java:266)
	at java.util.concurrent.ThreadPoolExecutor.runWorker(ThreadPoolExecutor.java:1149)
	at java.util.concurrent.ThreadPoolExecutor$Worker.run(ThreadPoolExecutor.java:624)
	... 1 more
Caused by: org.apache.ratis.thirdparty.io.netty.channel.AbstractChannel$AnnotatedConnectException: Connection refused: /192.168.34.54:45490
	at sun.nio.ch.SocketChannelImpl.checkConnect(Native Method)
	at sun.nio.ch.SocketChannelImpl.finishConnect(SocketChannelImpl.java:717)
	at org.apache.ratis.thirdparty.io.netty.channel.socket.nio.NioSocketChannel.doFinishConnect(NioSocketChannel.java:327)
	at org.apache.ratis.thirdparty.io.netty.channel.nio.AbstractNioChannel$AbstractNioUnsafe.finishConnect(AbstractNioChannel.java:340)
	at org.apache.ratis.thirdparty.io.netty.channel.nio.NioEventLoop.processSelectedKey(NioEventLoop.java:632)
	at org.apache.ratis.thirdparty.io.netty.channel.nio.NioEventLoop.processSelectedKeysOptimized(NioEventLoop.java:579)
	at org.apache.ratis.thirdparty.io.netty.channel.nio.NioEventLoop.processSelectedKeys(NioEventLoop.java:496)
	at org.apache.ratis.thirdparty.io.netty.channel.nio.NioEventLoop.run(NioEventLoop.java:458)
	at org.apache.ratis.thirdparty.io.netty.util.concurrent.SingleThreadEventExecutor$5.run(SingleThreadEventExecutor.java:897)
	at org.apache.ratis.thirdparty.io.netty.util.concurrent.FastThreadLocalRunnable.run(FastThreadLocalRunnable.java:30)
	... 1 more
Caused by: java.net.ConnectException: Connection refused
	... 11 more
2019-08-29 08:13:28,903 [22940eff-9029-4e71-b915-5f2bfabaa31a:group-0CE495B9C573:LeaderElection92] INFO  impl.LeaderElection (LeaderElection.java:askForVotes(181)) - 22940eff-9029-4e71-b915-5f2bfabaa31a:group-0CE495B9C573:LeaderElection92: begin an election at term 4 for 0: [298a5c77-4e08-4cfb-ad26-b2dd8c1ae315:192.168.34.54:45490, 86ac6034-f33a-4178-b5f5-7175dd4ad45b:192.168.34.54:36522, 22940eff-9029-4e71-b915-5f2bfabaa31a:192.168.34.54:43196], old=null
2019-08-29 08:13:28,904 [22940eff-9029-4e71-b915-5f2bfabaa31a:group-0CE495B9C573:LeaderElection92] INFO  impl.LeaderElection (LogUtils.java:infoOrTrace(149)) - 22940eff-9029-4e71-b915-5f2bfabaa31a:group-0CE495B9C573:LeaderElection92 got exception when requesting votes: {}
java.util.concurrent.ExecutionException: org.apache.ratis.thirdparty.io.grpc.StatusRuntimeException: UNAVAILABLE: io exception
	at java.util.concurrent.FutureTask.report(FutureTask.java:122)
	at java.util.concurrent.FutureTask.get(FutureTask.java:192)
	at org.apache.ratis.server.impl.LeaderElection.waitForResults(LeaderElection.java:262)
	at org.apache.ratis.server.impl.LeaderElection.askForVotes(LeaderElection.java:200)
	at org.apache.ratis.server.impl.LeaderElection.run(LeaderElection.java:130)
	at java.lang.Thread.run(Thread.java:748)
Caused by: org.apache.ratis.thirdparty.io.grpc.StatusRuntimeException: UNAVAILABLE: io exception
	at org.apache.ratis.thirdparty.io.grpc.stub.ClientCalls.toStatusRuntimeException(ClientCalls.java:233)
	at org.apache.ratis.thirdparty.io.grpc.stub.ClientCalls.getUnchecked(ClientCalls.java:214)
	at org.apache.ratis.thirdparty.io.grpc.stub.ClientCalls.blockingUnaryCall(ClientCalls.java:139)
	at org.apache.ratis.proto.grpc.RaftServerProtocolServiceGrpc$RaftServerProtocolServiceBlockingStub.requestVote(RaftServerProtocolServiceGrpc.java:265)
	at org.apache.ratis.grpc.server.GrpcServerProtocolClient.requestVote(GrpcServerProtocolClient.java:83)
	at org.apache.ratis.grpc.server.GrpcService.requestVote(GrpcService.java:195)
	at org.apache.ratis.server.impl.LeaderElection.lambda$submitRequests$1(LeaderElection.java:237)
	at java.util.concurrent.FutureTask.run(FutureTask.java:266)
	at java.util.concurrent.Executors$RunnableAdapter.call(Executors.java:511)
	at java.util.concurrent.FutureTask.run(FutureTask.java:266)
	at java.util.concurrent.ThreadPoolExecutor.runWorker(ThreadPoolExecutor.java:1149)
	at java.util.concurrent.ThreadPoolExecutor$Worker.run(ThreadPoolExecutor.java:624)
	... 1 more
Caused by: org.apache.ratis.thirdparty.io.netty.channel.AbstractChannel$AnnotatedConnectException: Connection refused: /192.168.34.54:45490
	at sun.nio.ch.SocketChannelImpl.checkConnect(Native Method)
	at sun.nio.ch.SocketChannelImpl.finishConnect(SocketChannelImpl.java:717)
	at org.apache.ratis.thirdparty.io.netty.channel.socket.nio.NioSocketChannel.doFinishConnect(NioSocketChannel.java:327)
	at org.apache.ratis.thirdparty.io.netty.channel.nio.AbstractNioChannel$AbstractNioUnsafe.finishConnect(AbstractNioChannel.java:340)
	at org.apache.ratis.thirdparty.io.netty.channel.nio.NioEventLoop.processSelectedKey(NioEventLoop.java:632)
	at org.apache.ratis.thirdparty.io.netty.channel.nio.NioEventLoop.processSelectedKeysOptimized(NioEventLoop.java:579)
	at org.apache.ratis.thirdparty.io.netty.channel.nio.NioEventLoop.processSelectedKeys(NioEventLoop.java:496)
	at org.apache.ratis.thirdparty.io.netty.channel.nio.NioEventLoop.run(NioEventLoop.java:458)
	at org.apache.ratis.thirdparty.io.netty.util.concurrent.SingleThreadEventExecutor$5.run(SingleThreadEventExecutor.java:897)
	at org.apache.ratis.thirdparty.io.netty.util.concurrent.FastThreadLocalRunnable.run(FastThreadLocalRunnable.java:30)
	... 1 more
Caused by: java.net.ConnectException: Connection refused
	... 11 more
2019-08-29 08:13:28,904 [86ac6034-f33a-4178-b5f5-7175dd4ad45b:group-0CE495B9C573:LeaderElection91] INFO  impl.LeaderElection (LeaderElection.java:logAndReturn(56)) - 86ac6034-f33a-4178-b5f5-7175dd4ad45b:group-0CE495B9C573:LeaderElection91: Election REJECTED; received 1 response(s) [86ac6034-f33a-4178-b5f5-7175dd4ad45b<-22940eff-9029-4e71-b915-5f2bfabaa31a#0:FAIL-t4] and 1 exception(s); 86ac6034-f33a-4178-b5f5-7175dd4ad45b:t4, leader=null, voted=86ac6034-f33a-4178-b5f5-7175dd4ad45b, raftlog=86ac6034-f33a-4178-b5f5-7175dd4ad45b-SegmentedRaftLog:OPENED:c16,f16,i16, conf=0: [298a5c77-4e08-4cfb-ad26-b2dd8c1ae315:192.168.34.54:45490, 86ac6034-f33a-4178-b5f5-7175dd4ad45b:192.168.34.54:36522, 22940eff-9029-4e71-b915-5f2bfabaa31a:192.168.34.54:43196], old=null
2019-08-29 08:13:28,906 [86ac6034-f33a-4178-b5f5-7175dd4ad45b:group-0CE495B9C573:LeaderElection91] INFO  impl.LeaderElection (LogUtils.java:infoOrTrace(149)) -   Exception 0: {}
java.util.concurrent.ExecutionException: org.apache.ratis.thirdparty.io.grpc.StatusRuntimeException: UNAVAILABLE: io exception
	at java.util.concurrent.FutureTask.report(FutureTask.java:122)
	at java.util.concurrent.FutureTask.get(FutureTask.java:192)
	at org.apache.ratis.server.impl.LeaderElection.waitForResults(LeaderElection.java:262)
	at org.apache.ratis.server.impl.LeaderElection.askForVotes(LeaderElection.java:200)
	at org.apache.ratis.server.impl.LeaderElection.run(LeaderElection.java:130)
	at java.lang.Thread.run(Thread.java:748)
Caused by: org.apache.ratis.thirdparty.io.grpc.StatusRuntimeException: UNAVAILABLE: io exception
	at org.apache.ratis.thirdparty.io.grpc.stub.ClientCalls.toStatusRuntimeException(ClientCalls.java:233)
	at org.apache.ratis.thirdparty.io.grpc.stub.ClientCalls.getUnchecked(ClientCalls.java:214)
	at org.apache.ratis.thirdparty.io.grpc.stub.ClientCalls.blockingUnaryCall(ClientCalls.java:139)
	at org.apache.ratis.proto.grpc.RaftServerProtocolServiceGrpc$RaftServerProtocolServiceBlockingStub.requestVote(RaftServerProtocolServiceGrpc.java:265)
	at org.apache.ratis.grpc.server.GrpcServerProtocolClient.requestVote(GrpcServerProtocolClient.java:83)
	at org.apache.ratis.grpc.server.GrpcService.requestVote(GrpcService.java:195)
	at org.apache.ratis.server.impl.LeaderElection.lambda$submitRequests$1(LeaderElection.java:237)
	at java.util.concurrent.FutureTask.run(FutureTask.java:266)
	at java.util.concurrent.Executors$RunnableAdapter.call(Executors.java:511)
	at java.util.concurrent.FutureTask.run(FutureTask.java:266)
	at java.util.concurrent.ThreadPoolExecutor.runWorker(ThreadPoolExecutor.java:1149)
	at java.util.concurrent.ThreadPoolExecutor$Worker.run(ThreadPoolExecutor.java:624)
	... 1 more
Caused by: org.apache.ratis.thirdparty.io.netty.channel.AbstractChannel$AnnotatedConnectException: Connection refused: /192.168.34.54:45490
	at sun.nio.ch.SocketChannelImpl.checkConnect(Native Method)
	at sun.nio.ch.SocketChannelImpl.finishConnect(SocketChannelImpl.java:717)
	at org.apache.ratis.thirdparty.io.netty.channel.socket.nio.NioSocketChannel.doFinishConnect(NioSocketChannel.java:327)
	at org.apache.ratis.thirdparty.io.netty.channel.nio.AbstractNioChannel$AbstractNioUnsafe.finishConnect(AbstractNioChannel.java:340)
	at org.apache.ratis.thirdparty.io.netty.channel.nio.NioEventLoop.processSelectedKey(NioEventLoop.java:632)
	at org.apache.ratis.thirdparty.io.netty.channel.nio.NioEventLoop.processSelectedKeysOptimized(NioEventLoop.java:579)
	at org.apache.ratis.thirdparty.io.netty.channel.nio.NioEventLoop.processSelectedKeys(NioEventLoop.java:496)
	at org.apache.ratis.thirdparty.io.netty.channel.nio.NioEventLoop.run(NioEventLoop.java:458)
	at org.apache.ratis.thirdparty.io.netty.util.concurrent.SingleThreadEventExecutor$5.run(SingleThreadEventExecutor.java:897)
	at org.apache.ratis.thirdparty.io.netty.util.concurrent.FastThreadLocalRunnable.run(FastThreadLocalRunnable.java:30)
	... 1 more
Caused by: java.net.ConnectException: Connection refused
	... 11 more
2019-08-29 08:13:28,907 [86ac6034-f33a-4178-b5f5-7175dd4ad45b:group-0CE495B9C573:LeaderElection91] INFO  impl.RaftServerImpl (RaftServerImpl.java:setRole(171)) - 86ac6034-f33a-4178-b5f5-7175dd4ad45b:group-0CE495B9C573 changes role from CANDIDATE to FOLLOWER at term 4 for DISCOVERED_A_NEW_TERM
2019-08-29 08:13:28,907 [86ac6034-f33a-4178-b5f5-7175dd4ad45b:group-0CE495B9C573:LeaderElection91] INFO  impl.RoleInfo (RoleInfo.java:shutdownLeaderElection(134)) - 86ac6034-f33a-4178-b5f5-7175dd4ad45b: shutdown LeaderElection
2019-08-29 08:13:28,907 [86ac6034-f33a-4178-b5f5-7175dd4ad45b:group-0CE495B9C573:LeaderElection91] INFO  impl.RoleInfo (RoleInfo.java:updateAndGet(143)) - 86ac6034-f33a-4178-b5f5-7175dd4ad45b: start FollowerState
2019-08-29 08:13:28,907 [22940eff-9029-4e71-b915-5f2bfabaa31a:group-0CE495B9C573:LeaderElection92] INFO  impl.LeaderElection (LeaderElection.java:logAndReturn(56)) - 22940eff-9029-4e71-b915-5f2bfabaa31a:group-0CE495B9C573:LeaderElection92: Election REJECTED; received 1 response(s) [22940eff-9029-4e71-b915-5f2bfabaa31a<-86ac6034-f33a-4178-b5f5-7175dd4ad45b#0:FAIL-t4] and 1 exception(s); 22940eff-9029-4e71-b915-5f2bfabaa31a:t4, leader=null, voted=22940eff-9029-4e71-b915-5f2bfabaa31a, raftlog=22940eff-9029-4e71-b915-5f2bfabaa31a-SegmentedRaftLog:OPENED:c16,f16,i16, conf=0: [298a5c77-4e08-4cfb-ad26-b2dd8c1ae315:192.168.34.54:45490, 86ac6034-f33a-4178-b5f5-7175dd4ad45b:192.168.34.54:36522, 22940eff-9029-4e71-b915-5f2bfabaa31a:192.168.34.54:43196], old=null
2019-08-29 08:13:28,908 [22940eff-9029-4e71-b915-5f2bfabaa31a:group-0CE495B9C573:LeaderElection92] INFO  impl.LeaderElection (LogUtils.java:infoOrTrace(149)) -   Exception 0: {}
java.util.concurrent.ExecutionException: org.apache.ratis.thirdparty.io.grpc.StatusRuntimeException: UNAVAILABLE: io exception
	at java.util.concurrent.FutureTask.report(FutureTask.java:122)
	at java.util.concurrent.FutureTask.get(FutureTask.java:192)
	at org.apache.ratis.server.impl.LeaderElection.waitForResults(LeaderElection.java:262)
	at org.apache.ratis.server.impl.LeaderElection.askForVotes(LeaderElection.java:200)
	at org.apache.ratis.server.impl.LeaderElection.run(LeaderElection.java:130)
	at java.lang.Thread.run(Thread.java:748)
Caused by: org.apache.ratis.thirdparty.io.grpc.StatusRuntimeException: UNAVAILABLE: io exception
	at org.apache.ratis.thirdparty.io.grpc.stub.ClientCalls.toStatusRuntimeException(ClientCalls.java:233)
	at org.apache.ratis.thirdparty.io.grpc.stub.ClientCalls.getUnchecked(ClientCalls.java:214)
	at org.apache.ratis.thirdparty.io.grpc.stub.ClientCalls.blockingUnaryCall(ClientCalls.java:139)
	at org.apache.ratis.proto.grpc.RaftServerProtocolServiceGrpc$RaftServerProtocolServiceBlockingStub.requestVote(RaftServerProtocolServiceGrpc.java:265)
	at org.apache.ratis.grpc.server.GrpcServerProtocolClient.requestVote(GrpcServerProtocolClient.java:83)
	at org.apache.ratis.grpc.server.GrpcService.requestVote(GrpcService.java:195)
	at org.apache.ratis.server.impl.LeaderElection.lambda$submitRequests$1(LeaderElection.java:237)
	at java.util.concurrent.FutureTask.run(FutureTask.java:266)
	at java.util.concurrent.Executors$RunnableAdapter.call(Executors.java:511)
	at java.util.concurrent.FutureTask.run(FutureTask.java:266)
	at java.util.concurrent.ThreadPoolExecutor.runWorker(ThreadPoolExecutor.java:1149)
	at java.util.concurrent.ThreadPoolExecutor$Worker.run(ThreadPoolExecutor.java:624)
	... 1 more
Caused by: org.apache.ratis.thirdparty.io.netty.channel.AbstractChannel$AnnotatedConnectException: Connection refused: /192.168.34.54:45490
	at sun.nio.ch.SocketChannelImpl.checkConnect(Native Method)
	at sun.nio.ch.SocketChannelImpl.finishConnect(SocketChannelImpl.java:717)
	at org.apache.ratis.thirdparty.io.netty.channel.socket.nio.NioSocketChannel.doFinishConnect(NioSocketChannel.java:327)
	at org.apache.ratis.thirdparty.io.netty.channel.nio.AbstractNioChannel$AbstractNioUnsafe.finishConnect(AbstractNioChannel.java:340)
	at org.apache.ratis.thirdparty.io.netty.channel.nio.NioEventLoop.processSelectedKey(NioEventLoop.java:632)
	at org.apache.ratis.thirdparty.io.netty.channel.nio.NioEventLoop.processSelectedKeysOptimized(NioEventLoop.java:579)
	at org.apache.ratis.thirdparty.io.netty.channel.nio.NioEventLoop.processSelectedKeys(NioEventLoop.java:496)
	at org.apache.ratis.thirdparty.io.netty.channel.nio.NioEventLoop.run(NioEventLoop.java:458)
	at org.apache.ratis.thirdparty.io.netty.util.concurrent.SingleThreadEventExecutor$5.run(SingleThreadEventExecutor.java:897)
	at org.apache.ratis.thirdparty.io.netty.util.concurrent.FastThreadLocalRunnable.run(FastThreadLocalRunnable.java:30)
	... 1 more
Caused by: java.net.ConnectException: Connection refused
	... 11 more
2019-08-29 08:13:28,908 [22940eff-9029-4e71-b915-5f2bfabaa31a:group-0CE495B9C573:LeaderElection92] INFO  impl.RaftServerImpl (RaftServerImpl.java:setRole(171)) - 22940eff-9029-4e71-b915-5f2bfabaa31a:group-0CE495B9C573 changes role from CANDIDATE to FOLLOWER at term 4 for DISCOVERED_A_NEW_TERM
2019-08-29 08:13:28,908 [22940eff-9029-4e71-b915-5f2bfabaa31a:group-0CE495B9C573:LeaderElection92] INFO  impl.RoleInfo (RoleInfo.java:shutdownLeaderElection(134)) - 22940eff-9029-4e71-b915-5f2bfabaa31a: shutdown LeaderElection
2019-08-29 08:13:28,908 [22940eff-9029-4e71-b915-5f2bfabaa31a:group-0CE495B9C573:LeaderElection92] INFO  impl.RoleInfo (RoleInfo.java:updateAndGet(143)) - 22940eff-9029-4e71-b915-5f2bfabaa31a: start FollowerState
2019-08-29 08:13:29,119 [grpc-default-executor-7] INFO  client.GrpcClientProtocolClient (GrpcClientProtocolClient.java:onNext(255)) - client-BD165C44F697->22940eff-9029-4e71-b915-5f2bfabaa31a: receive RaftClientReply:client-BD165C44F697->22940eff-9029-4e71-b915-5f2bfabaa31a@group-0CE495B9C573, cid=190, FAILED org.apache.ratis.protocol.NotLeaderException: Server 22940eff-9029-4e71-b915-5f2bfabaa31a is not the leader (null). Request must be sent to leader., logIndex=0, commits[22940eff-9029-4e71-b915-5f2bfabaa31a:c16, 298a5c77-4e08-4cfb-ad26-b2dd8c1ae315:c16, 86ac6034-f33a-4178-b5f5-7175dd4ad45b:c16]
2019-08-29 08:13:29,141 | INFO  | SCMAudit | user=jenkins1000 | ip=192.168.34.54 | op=SEND_HEARTBEAT {datanodeUUID=f857bedd-aee7-4d2b-9918-46878ad86507, command=[]} | ret=SUCCESS |  
2019-08-29 08:13:29,183 | INFO  | SCMAudit | user=jenkins1000 | ip=192.168.34.54 | op=SEND_HEARTBEAT {datanodeUUID=2ba8cf83-fb49-4c0e-ac06-565332abd279, command=[]} | ret=SUCCESS |  
2019-08-29 08:13:29,341 | INFO  | SCMAudit | user=jenkins1000 | ip=192.168.34.54 | op=SEND_HEARTBEAT {datanodeUUID=94fa760f-e64d-4170-ac7e-44ba98bd38f6, command=[]} | ret=SUCCESS |  
2019-08-29 08:13:29,411 | INFO  | SCMAudit | user=jenkins1000 | ip=192.168.34.54 | op=SEND_HEARTBEAT {datanodeUUID=86ac6034-f33a-4178-b5f5-7175dd4ad45b, command=[]} | ret=SUCCESS |  
2019-08-29 08:13:29,411 | INFO  | SCMAudit | user=jenkins1000 | ip=192.168.34.54 | op=SEND_HEARTBEAT {datanodeUUID=22940eff-9029-4e71-b915-5f2bfabaa31a, command=[]} | ret=SUCCESS |  
2019-08-29 08:13:29,753 | INFO  | SCMAudit | user=jenkins1000 | ip=192.168.34.54 | op=SEND_HEARTBEAT {datanodeUUID=701dcac2-413a-4112-9eef-a6503cb024bf, command=[]} | ret=SUCCESS |  
2019-08-29 08:13:30,129 [grpc-default-executor-7] INFO  client.GrpcClientProtocolClient (GrpcClientProtocolClient.java:onNext(255)) - client-BD165C44F697->86ac6034-f33a-4178-b5f5-7175dd4ad45b: receive RaftClientReply:client-BD165C44F697->86ac6034-f33a-4178-b5f5-7175dd4ad45b@group-0CE495B9C573, cid=190, FAILED org.apache.ratis.protocol.NotLeaderException: Server 86ac6034-f33a-4178-b5f5-7175dd4ad45b is not the leader (null). Request must be sent to leader., logIndex=0, commits[86ac6034-f33a-4178-b5f5-7175dd4ad45b:c16, 298a5c77-4e08-4cfb-ad26-b2dd8c1ae315:c16, 22940eff-9029-4e71-b915-5f2bfabaa31a:c16]
2019-08-29 08:13:30,140 | INFO  | SCMAudit | user=jenkins1000 | ip=192.168.34.54 | op=SEND_HEARTBEAT {datanodeUUID=f857bedd-aee7-4d2b-9918-46878ad86507, command=[]} | ret=SUCCESS |  
2019-08-29 08:13:30,183 | INFO  | SCMAudit | user=jenkins1000 | ip=192.168.34.54 | op=SEND_HEARTBEAT {datanodeUUID=2ba8cf83-fb49-4c0e-ac06-565332abd279, command=[]} | ret=SUCCESS |  
2019-08-29 08:13:30,341 | INFO  | SCMAudit | user=jenkins1000 | ip=192.168.34.54 | op=SEND_HEARTBEAT {datanodeUUID=94fa760f-e64d-4170-ac7e-44ba98bd38f6, command=[]} | ret=SUCCESS |  
2019-08-29 08:13:30,411 | INFO  | SCMAudit | user=jenkins1000 | ip=192.168.34.54 | op=SEND_HEARTBEAT {datanodeUUID=86ac6034-f33a-4178-b5f5-7175dd4ad45b, command=[]} | ret=SUCCESS |  
2019-08-29 08:13:30,412 | INFO  | SCMAudit | user=jenkins1000 | ip=192.168.34.54 | op=SEND_HEARTBEAT {datanodeUUID=22940eff-9029-4e71-b915-5f2bfabaa31a, command=[]} | ret=SUCCESS |  
2019-08-29 08:13:30,753 | INFO  | SCMAudit | user=jenkins1000 | ip=192.168.34.54 | op=SEND_HEARTBEAT {datanodeUUID=701dcac2-413a-4112-9eef-a6503cb024bf, command=[]} | ret=SUCCESS |  
2019-08-29 08:13:31,140 | INFO  | SCMAudit | user=jenkins1000 | ip=192.168.34.54 | op=SEND_HEARTBEAT {datanodeUUID=f857bedd-aee7-4d2b-9918-46878ad86507, command=[]} | ret=SUCCESS |  
2019-08-29 08:13:31,183 | INFO  | SCMAudit | user=jenkins1000 | ip=192.168.34.54 | op=SEND_HEARTBEAT {datanodeUUID=2ba8cf83-fb49-4c0e-ac06-565332abd279, command=[]} | ret=SUCCESS |  
2019-08-29 08:13:31,342 | INFO  | SCMAudit | user=jenkins1000 | ip=192.168.34.54 | op=SEND_HEARTBEAT {datanodeUUID=94fa760f-e64d-4170-ac7e-44ba98bd38f6, command=[]} | ret=SUCCESS |  
2019-08-29 08:13:31,410 | INFO  | SCMAudit | user=jenkins1000 | ip=192.168.34.54 | op=SEND_HEARTBEAT {datanodeUUID=86ac6034-f33a-4178-b5f5-7175dd4ad45b, command=[]} | ret=SUCCESS |  
2019-08-29 08:13:31,411 | INFO  | SCMAudit | user=jenkins1000 | ip=192.168.34.54 | op=SEND_HEARTBEAT {datanodeUUID=22940eff-9029-4e71-b915-5f2bfabaa31a, command=[]} | ret=SUCCESS |  
2019-08-29 08:13:31,753 | INFO  | SCMAudit | user=jenkins1000 | ip=192.168.34.54 | op=SEND_HEARTBEAT {datanodeUUID=701dcac2-413a-4112-9eef-a6503cb024bf, command=[]} | ret=SUCCESS |  
2019-08-29 08:13:32,137 [grpc-default-executor-10] INFO  client.GrpcClientProtocolClient (GrpcClientProtocolClient.java:onNext(255)) - client-BD165C44F697->86ac6034-f33a-4178-b5f5-7175dd4ad45b: receive RaftClientReply:client-BD165C44F697->86ac6034-f33a-4178-b5f5-7175dd4ad45b@group-0CE495B9C573, cid=190, FAILED org.apache.ratis.protocol.NotLeaderException: Server 86ac6034-f33a-4178-b5f5-7175dd4ad45b is not the leader (null). Request must be sent to leader., logIndex=0, commits[86ac6034-f33a-4178-b5f5-7175dd4ad45b:c16, 298a5c77-4e08-4cfb-ad26-b2dd8c1ae315:c16, 22940eff-9029-4e71-b915-5f2bfabaa31a:c16]
2019-08-29 08:13:32,140 | INFO  | SCMAudit | user=jenkins1000 | ip=192.168.34.54 | op=SEND_HEARTBEAT {datanodeUUID=f857bedd-aee7-4d2b-9918-46878ad86507, command=[]} | ret=SUCCESS |  
2019-08-29 08:13:32,183 | INFO  | SCMAudit | user=jenkins1000 | ip=192.168.34.54 | op=SEND_HEARTBEAT {datanodeUUID=2ba8cf83-fb49-4c0e-ac06-565332abd279, command=[]} | ret=SUCCESS |  
2019-08-29 08:13:32,343 | INFO  | SCMAudit | user=jenkins1000 | ip=192.168.34.54 | op=SEND_HEARTBEAT {datanodeUUID=94fa760f-e64d-4170-ac7e-44ba98bd38f6, command=[]} | ret=SUCCESS |  
2019-08-29 08:13:32,410 | INFO  | SCMAudit | user=jenkins1000 | ip=192.168.34.54 | op=SEND_HEARTBEAT {datanodeUUID=86ac6034-f33a-4178-b5f5-7175dd4ad45b, command=[]} | ret=SUCCESS |  
2019-08-29 08:13:32,411 | INFO  | SCMAudit | user=jenkins1000 | ip=192.168.34.54 | op=SEND_HEARTBEAT {datanodeUUID=22940eff-9029-4e71-b915-5f2bfabaa31a, command=[]} | ret=SUCCESS |  
2019-08-29 08:13:32,753 | INFO  | SCMAudit | user=jenkins1000 | ip=192.168.34.54 | op=SEND_HEARTBEAT {datanodeUUID=701dcac2-413a-4112-9eef-a6503cb024bf, command=[]} | ret=SUCCESS |  
2019-08-29 08:13:33,142 | INFO  | SCMAudit | user=jenkins1000 | ip=192.168.34.54 | op=SEND_HEARTBEAT {datanodeUUID=f857bedd-aee7-4d2b-9918-46878ad86507, command=[]} | ret=SUCCESS |  
2019-08-29 08:13:33,145 [grpc-default-executor-7] INFO  client.GrpcClientProtocolClient (GrpcClientProtocolClient.java:onNext(255)) - client-BD165C44F697->22940eff-9029-4e71-b915-5f2bfabaa31a: receive RaftClientReply:client-BD165C44F697->22940eff-9029-4e71-b915-5f2bfabaa31a@group-0CE495B9C573, cid=190, FAILED org.apache.ratis.protocol.NotLeaderException: Server 22940eff-9029-4e71-b915-5f2bfabaa31a is not the leader (null). Request must be sent to leader., logIndex=0, commits[22940eff-9029-4e71-b915-5f2bfabaa31a:c16, 298a5c77-4e08-4cfb-ad26-b2dd8c1ae315:c16, 86ac6034-f33a-4178-b5f5-7175dd4ad45b:c16]
2019-08-29 08:13:33,183 | INFO  | SCMAudit | user=jenkins1000 | ip=192.168.34.54 | op=SEND_HEARTBEAT {datanodeUUID=2ba8cf83-fb49-4c0e-ac06-565332abd279, command=[]} | ret=SUCCESS |  
2019-08-29 08:13:33,344 | INFO  | SCMAudit | user=jenkins1000 | ip=192.168.34.54 | op=SEND_HEARTBEAT {datanodeUUID=94fa760f-e64d-4170-ac7e-44ba98bd38f6, command=[]} | ret=SUCCESS |  
2019-08-29 08:13:33,410 | INFO  | SCMAudit | user=jenkins1000 | ip=192.168.34.54 | op=SEND_HEARTBEAT {datanodeUUID=86ac6034-f33a-4178-b5f5-7175dd4ad45b, command=[]} | ret=SUCCESS |  
2019-08-29 08:13:33,411 | INFO  | SCMAudit | user=jenkins1000 | ip=192.168.34.54 | op=SEND_HEARTBEAT {datanodeUUID=22940eff-9029-4e71-b915-5f2bfabaa31a, command=[]} | ret=SUCCESS |  
2019-08-29 08:13:33,753 | INFO  | SCMAudit | user=jenkins1000 | ip=192.168.34.54 | op=SEND_HEARTBEAT {datanodeUUID=701dcac2-413a-4112-9eef-a6503cb024bf, command=[]} | ret=SUCCESS |  
2019-08-29 08:13:33,996 [Thread-3634] INFO  impl.FollowerState (FollowerState.java:run(106)) - 22940eff-9029-4e71-b915-5f2bfabaa31a:group-0CE495B9C573 changes to CANDIDATE, lastRpcTime:5087, electionTimeout:5087ms
2019-08-29 08:13:33,996 [Thread-3634] INFO  impl.RoleInfo (RoleInfo.java:shutdownFollowerState(121)) - 22940eff-9029-4e71-b915-5f2bfabaa31a: shutdown FollowerState
2019-08-29 08:13:33,996 [Thread-3634] INFO  impl.RaftServerImpl (RaftServerImpl.java:setRole(171)) - 22940eff-9029-4e71-b915-5f2bfabaa31a:group-0CE495B9C573 changes role from FOLLOWER to CANDIDATE at term 4 for changeToCandidate
2019-08-29 08:13:33,996 [Thread-3634] INFO  impl.RoleInfo (RoleInfo.java:updateAndGet(143)) - 22940eff-9029-4e71-b915-5f2bfabaa31a: start LeaderElection
2019-08-29 08:13:34,013 [22940eff-9029-4e71-b915-5f2bfabaa31a:group-0CE495B9C573:LeaderElection93] INFO  impl.LeaderElection (LeaderElection.java:askForVotes(181)) - 22940eff-9029-4e71-b915-5f2bfabaa31a:group-0CE495B9C573:LeaderElection93: begin an election at term 5 for 0: [298a5c77-4e08-4cfb-ad26-b2dd8c1ae315:192.168.34.54:45490, 86ac6034-f33a-4178-b5f5-7175dd4ad45b:192.168.34.54:36522, 22940eff-9029-4e71-b915-5f2bfabaa31a:192.168.34.54:43196], old=null
2019-08-29 08:13:34,014 [22940eff-9029-4e71-b915-5f2bfabaa31a:group-0CE495B9C573:LeaderElection93] INFO  impl.LeaderElection (LogUtils.java:infoOrTrace(149)) - 22940eff-9029-4e71-b915-5f2bfabaa31a:group-0CE495B9C573:LeaderElection93 got exception when requesting votes: {}
java.util.concurrent.ExecutionException: org.apache.ratis.thirdparty.io.grpc.StatusRuntimeException: UNAVAILABLE: io exception
	at java.util.concurrent.FutureTask.report(FutureTask.java:122)
	at java.util.concurrent.FutureTask.get(FutureTask.java:192)
	at org.apache.ratis.server.impl.LeaderElection.waitForResults(LeaderElection.java:262)
	at org.apache.ratis.server.impl.LeaderElection.askForVotes(LeaderElection.java:200)
	at org.apache.ratis.server.impl.LeaderElection.run(LeaderElection.java:130)
	at java.lang.Thread.run(Thread.java:748)
Caused by: org.apache.ratis.thirdparty.io.grpc.StatusRuntimeException: UNAVAILABLE: io exception
	at org.apache.ratis.thirdparty.io.grpc.stub.ClientCalls.toStatusRuntimeException(ClientCalls.java:233)
	at org.apache.ratis.thirdparty.io.grpc.stub.ClientCalls.getUnchecked(ClientCalls.java:214)
	at org.apache.ratis.thirdparty.io.grpc.stub.ClientCalls.blockingUnaryCall(ClientCalls.java:139)
	at org.apache.ratis.proto.grpc.RaftServerProtocolServiceGrpc$RaftServerProtocolServiceBlockingStub.requestVote(RaftServerProtocolServiceGrpc.java:265)
	at org.apache.ratis.grpc.server.GrpcServerProtocolClient.requestVote(GrpcServerProtocolClient.java:83)
	at org.apache.ratis.grpc.server.GrpcService.requestVote(GrpcService.java:195)
	at org.apache.ratis.server.impl.LeaderElection.lambda$submitRequests$1(LeaderElection.java:237)
	at java.util.concurrent.FutureTask.run(FutureTask.java:266)
	at java.util.concurrent.Executors$RunnableAdapter.call(Executors.java:511)
	at java.util.concurrent.FutureTask.run(FutureTask.java:266)
	at java.util.concurrent.ThreadPoolExecutor.runWorker(ThreadPoolExecutor.java:1149)
	at java.util.concurrent.ThreadPoolExecutor$Worker.run(ThreadPoolExecutor.java:624)
	... 1 more
Caused by: org.apache.ratis.thirdparty.io.netty.channel.AbstractChannel$AnnotatedConnectException: Connection refused: /192.168.34.54:45490
	at sun.nio.ch.SocketChannelImpl.checkConnect(Native Method)
	at sun.nio.ch.SocketChannelImpl.finishConnect(SocketChannelImpl.java:717)
	at org.apache.ratis.thirdparty.io.netty.channel.socket.nio.NioSocketChannel.doFinishConnect(NioSocketChannel.java:327)
	at org.apache.ratis.thirdparty.io.netty.channel.nio.AbstractNioChannel$AbstractNioUnsafe.finishConnect(AbstractNioChannel.java:340)
	at org.apache.ratis.thirdparty.io.netty.channel.nio.NioEventLoop.processSelectedKey(NioEventLoop.java:632)
	at org.apache.ratis.thirdparty.io.netty.channel.nio.NioEventLoop.processSelectedKeysOptimized(NioEventLoop.java:579)
	at org.apache.ratis.thirdparty.io.netty.channel.nio.NioEventLoop.processSelectedKeys(NioEventLoop.java:496)
	at org.apache.ratis.thirdparty.io.netty.channel.nio.NioEventLoop.run(NioEventLoop.java:458)
	at org.apache.ratis.thirdparty.io.netty.util.concurrent.SingleThreadEventExecutor$5.run(SingleThreadEventExecutor.java:897)
	at org.apache.ratis.thirdparty.io.netty.util.concurrent.FastThreadLocalRunnable.run(FastThreadLocalRunnable.java:30)
	... 1 more
Caused by: java.net.ConnectException: Connection refused
	... 11 more
2019-08-29 08:13:34,017 [grpc-default-executor-7] INFO  impl.RaftServerImpl (RaftServerImpl.java:setRole(171)) - 86ac6034-f33a-4178-b5f5-7175dd4ad45b:group-0CE495B9C573 changes role from FOLLOWER to FOLLOWER at term 5 for recognizeCandidate:22940eff-9029-4e71-b915-5f2bfabaa31a
2019-08-29 08:13:34,017 [grpc-default-executor-7] INFO  impl.RoleInfo (RoleInfo.java:shutdownFollowerState(121)) - 86ac6034-f33a-4178-b5f5-7175dd4ad45b: shutdown FollowerState
2019-08-29 08:13:34,017 [grpc-default-executor-7] INFO  impl.RoleInfo (RoleInfo.java:updateAndGet(143)) - 86ac6034-f33a-4178-b5f5-7175dd4ad45b: start FollowerState
2019-08-29 08:13:34,017 [Thread-3633] INFO  impl.FollowerState (FollowerState.java:run(114)) - 86ac6034-f33a-4178-b5f5-7175dd4ad45b: FollowerState was interrupted: java.lang.InterruptedException: sleep interrupted
2019-08-29 08:13:34,033 [22940eff-9029-4e71-b915-5f2bfabaa31a:group-0CE495B9C573:LeaderElection93] INFO  impl.LeaderElection (LeaderElection.java:logAndReturn(56)) - 22940eff-9029-4e71-b915-5f2bfabaa31a:group-0CE495B9C573:LeaderElection93: Election PASSED; received 1 response(s) [22940eff-9029-4e71-b915-5f2bfabaa31a<-86ac6034-f33a-4178-b5f5-7175dd4ad45b#0:OK-t5] and 1 exception(s); 22940eff-9029-4e71-b915-5f2bfabaa31a:t5, leader=null, voted=22940eff-9029-4e71-b915-5f2bfabaa31a, raftlog=22940eff-9029-4e71-b915-5f2bfabaa31a-SegmentedRaftLog:OPENED:c16,f16,i16, conf=0: [298a5c77-4e08-4cfb-ad26-b2dd8c1ae315:192.168.34.54:45490, 86ac6034-f33a-4178-b5f5-7175dd4ad45b:192.168.34.54:36522, 22940eff-9029-4e71-b915-5f2bfabaa31a:192.168.34.54:43196], old=null
2019-08-29 08:13:34,034 [22940eff-9029-4e71-b915-5f2bfabaa31a:group-0CE495B9C573:LeaderElection93] INFO  impl.LeaderElection (LogUtils.java:infoOrTrace(149)) -   Exception 0: {}
java.util.concurrent.ExecutionException: org.apache.ratis.thirdparty.io.grpc.StatusRuntimeException: UNAVAILABLE: io exception
	at java.util.concurrent.FutureTask.report(FutureTask.java:122)
	at java.util.concurrent.FutureTask.get(FutureTask.java:192)
	at org.apache.ratis.server.impl.LeaderElection.waitForResults(LeaderElection.java:262)
	at org.apache.ratis.server.impl.LeaderElection.askForVotes(LeaderElection.java:200)
	at org.apache.ratis.server.impl.LeaderElection.run(LeaderElection.java:130)
	at java.lang.Thread.run(Thread.java:748)
Caused by: org.apache.ratis.thirdparty.io.grpc.StatusRuntimeException: UNAVAILABLE: io exception
	at org.apache.ratis.thirdparty.io.grpc.stub.ClientCalls.toStatusRuntimeException(ClientCalls.java:233)
	at org.apache.ratis.thirdparty.io.grpc.stub.ClientCalls.getUnchecked(ClientCalls.java:214)
	at org.apache.ratis.thirdparty.io.grpc.stub.ClientCalls.blockingUnaryCall(ClientCalls.java:139)
	at org.apache.ratis.proto.grpc.RaftServerProtocolServiceGrpc$RaftServerProtocolServiceBlockingStub.requestVote(RaftServerProtocolServiceGrpc.java:265)
	at org.apache.ratis.grpc.server.GrpcServerProtocolClient.requestVote(GrpcServerProtocolClient.java:83)
	at org.apache.ratis.grpc.server.GrpcService.requestVote(GrpcService.java:195)
	at org.apache.ratis.server.impl.LeaderElection.lambda$submitRequests$1(LeaderElection.java:237)
	at java.util.concurrent.FutureTask.run(FutureTask.java:266)
	at java.util.concurrent.Executors$RunnableAdapter.call(Executors.java:511)
	at java.util.concurrent.FutureTask.run(FutureTask.java:266)
	at java.util.concurrent.ThreadPoolExecutor.runWorker(ThreadPoolExecutor.java:1149)
	at java.util.concurrent.ThreadPoolExecutor$Worker.run(ThreadPoolExecutor.java:624)
	... 1 more
Caused by: org.apache.ratis.thirdparty.io.netty.channel.AbstractChannel$AnnotatedConnectException: Connection refused: /192.168.34.54:45490
	at sun.nio.ch.SocketChannelImpl.checkConnect(Native Method)
	at sun.nio.ch.SocketChannelImpl.finishConnect(SocketChannelImpl.java:717)
	at org.apache.ratis.thirdparty.io.netty.channel.socket.nio.NioSocketChannel.doFinishConnect(NioSocketChannel.java:327)
	at org.apache.ratis.thirdparty.io.netty.channel.nio.AbstractNioChannel$AbstractNioUnsafe.finishConnect(AbstractNioChannel.java:340)
	at org.apache.ratis.thirdparty.io.netty.channel.nio.NioEventLoop.processSelectedKey(NioEventLoop.java:632)
	at org.apache.ratis.thirdparty.io.netty.channel.nio.NioEventLoop.processSelectedKeysOptimized(NioEventLoop.java:579)
	at org.apache.ratis.thirdparty.io.netty.channel.nio.NioEventLoop.processSelectedKeys(NioEventLoop.java:496)
	at org.apache.ratis.thirdparty.io.netty.channel.nio.NioEventLoop.run(NioEventLoop.java:458)
	at org.apache.ratis.thirdparty.io.netty.util.concurrent.SingleThreadEventExecutor$5.run(SingleThreadEventExecutor.java:897)
	at org.apache.ratis.thirdparty.io.netty.util.concurrent.FastThreadLocalRunnable.run(FastThreadLocalRunnable.java:30)
	... 1 more
Caused by: java.net.ConnectException: Connection refused
	... 11 more
2019-08-29 08:13:34,034 [22940eff-9029-4e71-b915-5f2bfabaa31a:group-0CE495B9C573:LeaderElection93] INFO  impl.RoleInfo (RoleInfo.java:shutdownLeaderElection(134)) - 22940eff-9029-4e71-b915-5f2bfabaa31a: shutdown LeaderElection
2019-08-29 08:13:34,034 [22940eff-9029-4e71-b915-5f2bfabaa31a:group-0CE495B9C573:LeaderElection93] INFO  impl.RaftServerImpl (RaftServerImpl.java:setRole(171)) - 22940eff-9029-4e71-b915-5f2bfabaa31a:group-0CE495B9C573 changes role from CANDIDATE to LEADER at term 5 for changeToLeader
2019-08-29 08:13:34,034 [22940eff-9029-4e71-b915-5f2bfabaa31a:group-0CE495B9C573:LeaderElection93] INFO  impl.RaftServerImpl (ServerState.java:setLeader(263)) - 22940eff-9029-4e71-b915-5f2bfabaa31a:group-0CE495B9C573 change Leader from null to 22940eff-9029-4e71-b915-5f2bfabaa31a at term 5 for becomeLeader, leader elected after 17569ms
2019-08-29 08:13:34,034 [22940eff-9029-4e71-b915-5f2bfabaa31a:group-0CE495B9C573:LeaderElection93] INFO  server.RaftServerConfigKeys (ConfUtils.java:logGet(43)) - raft.server.staging.catchup.gap = 1000 (default)
2019-08-29 08:13:34,034 [22940eff-9029-4e71-b915-5f2bfabaa31a:group-0CE495B9C573:LeaderElection93] INFO  server.RaftServerConfigKeys (ConfUtils.java:logGet(43)) - raft.server.rpc.sleep.time = 25ms (default)
2019-08-29 08:13:34,034 [22940eff-9029-4e71-b915-5f2bfabaa31a:group-0CE495B9C573:LeaderElection93] INFO  server.RaftServerConfigKeys (ConfUtils.java:logGet(43)) - raft.server.write.element-limit = 4096 (default)
2019-08-29 08:13:34,034 [22940eff-9029-4e71-b915-5f2bfabaa31a:group-0CE495B9C573:LeaderElection93] INFO  server.RaftServerConfigKeys (ConfUtils.java:logGet(43)) - raft.server.watch.timeout = 10s (default)
2019-08-29 08:13:34,034 [22940eff-9029-4e71-b915-5f2bfabaa31a:group-0CE495B9C573:LeaderElection93] INFO  server.RaftServerConfigKeys (ConfUtils.java:logGet(43)) - raft.server.watch.timeout.denomination = 1s (default)
2019-08-29 08:13:34,035 [22940eff-9029-4e71-b915-5f2bfabaa31a:group-0CE495B9C573:LeaderElection93] INFO  server.RaftServerConfigKeys (ConfUtils.java:logGet(43)) - raft.server.watch.element-limit = 65536 (default)
2019-08-29 08:13:34,035 [22940eff-9029-4e71-b915-5f2bfabaa31a:group-0CE495B9C573:LeaderElection93] INFO  server.RaftServerConfigKeys (ConfUtils.java:logGet(43)) - raft.server.log.appender.snapshot.chunk.size.max = 16MB (=16777216) (default)
2019-08-29 08:13:34,035 [22940eff-9029-4e71-b915-5f2bfabaa31a:group-0CE495B9C573:LeaderElection93] INFO  server.RaftServerConfigKeys (ConfUtils.java:logGet(43)) - raft.server.log.appender.buffer.byte-limit = 33554432 (custom)
2019-08-29 08:13:34,035 [22940eff-9029-4e71-b915-5f2bfabaa31a:group-0CE495B9C573:LeaderElection93] INFO  server.RaftServerConfigKeys (ConfUtils.java:logGet(43)) - raft.server.log.appender.buffer.element-limit = 1 (custom)
2019-08-29 08:13:34,035 [22940eff-9029-4e71-b915-5f2bfabaa31a:group-0CE495B9C573:LeaderElection93] INFO  grpc.GrpcConfigKeys$Server (ConfUtils.java:logGet(43)) - raft.grpc.server.leader.outstanding.appends.max = 128 (default)
2019-08-29 08:13:34,035 [22940eff-9029-4e71-b915-5f2bfabaa31a:group-0CE495B9C573:LeaderElection93] INFO  server.RaftServerConfigKeys (ConfUtils.java:logGet(43)) - raft.server.rpc.request.timeout = 3000ms (default)
2019-08-29 08:13:34,035 [22940eff-9029-4e71-b915-5f2bfabaa31a:group-0CE495B9C573:LeaderElection93] INFO  server.RaftServerConfigKeys (ConfUtils.java:logGet(43)) - raft.server.log.appender.install.snapshot.enabled = false (custom)
2019-08-29 08:13:34,035 [22940eff-9029-4e71-b915-5f2bfabaa31a:group-0CE495B9C573:LeaderElection93] INFO  server.RaftServerConfigKeys (ConfUtils.java:logGet(43)) - raft.server.log.appender.snapshot.chunk.size.max = 16MB (=16777216) (default)
2019-08-29 08:13:34,035 [22940eff-9029-4e71-b915-5f2bfabaa31a:group-0CE495B9C573:LeaderElection93] INFO  server.RaftServerConfigKeys (ConfUtils.java:logGet(43)) - raft.server.log.appender.buffer.byte-limit = 33554432 (custom)
2019-08-29 08:13:34,036 [22940eff-9029-4e71-b915-5f2bfabaa31a:group-0CE495B9C573:LeaderElection93] INFO  server.RaftServerConfigKeys (ConfUtils.java:logGet(43)) - raft.server.log.appender.buffer.element-limit = 1 (custom)
2019-08-29 08:13:34,036 [22940eff-9029-4e71-b915-5f2bfabaa31a:group-0CE495B9C573:LeaderElection93] INFO  grpc.GrpcConfigKeys$Server (ConfUtils.java:logGet(43)) - raft.grpc.server.leader.outstanding.appends.max = 128 (default)
2019-08-29 08:13:34,036 [22940eff-9029-4e71-b915-5f2bfabaa31a:group-0CE495B9C573:LeaderElection93] INFO  server.RaftServerConfigKeys (ConfUtils.java:logGet(43)) - raft.server.rpc.request.timeout = 3000ms (default)
2019-08-29 08:13:34,036 [22940eff-9029-4e71-b915-5f2bfabaa31a:group-0CE495B9C573:LeaderElection93] INFO  server.RaftServerConfigKeys (ConfUtils.java:logGet(43)) - raft.server.log.appender.install.snapshot.enabled = false (custom)
2019-08-29 08:13:34,036 [22940eff-9029-4e71-b915-5f2bfabaa31a:group-0CE495B9C573:LeaderElection93] INFO  impl.RoleInfo (RoleInfo.java:updateAndGet(143)) - 22940eff-9029-4e71-b915-5f2bfabaa31a: start LeaderState
2019-08-29 08:13:34,036 [22940eff-9029-4e71-b915-5f2bfabaa31a:group-0CE495B9C573:LeaderElection93] INFO  segmented.SegmentedRaftLogWorker (SegmentedRaftLogWorker.java:rollLogSegment(385)) - 22940eff-9029-4e71-b915-5f2bfabaa31a-SegmentedRaftLogWorker:Storage Directory /workdir/hadoop-ozone/integration-test/target/test-dir/MiniOzoneClusterImpl-2b6d929c-e003-4b1e-a690-bc78ed65c470/datanode-3/data/ratis/c12172ff-05c3-4ad7-9a46-0ce495b9c573: Rolling segment log-0_16 to index:16
2019-08-29 08:13:34,037 [22940eff-9029-4e71-b915-5f2bfabaa31a-SegmentedRaftLogWorker:Storage Directory /workdir/hadoop-ozone/integration-test/target/test-dir/MiniOzoneClusterImpl-2b6d929c-e003-4b1e-a690-bc78ed65c470/datanode-3/data/ratis/c12172ff-05c3-4ad7-9a46-0ce495b9c573] INFO  segmented.SegmentedRaftLogWorker (SegmentedRaftLogWorker.java:execute(526)) - 22940eff-9029-4e71-b915-5f2bfabaa31a-SegmentedRaftLogWorker:Storage Directory /workdir/hadoop-ozone/integration-test/target/test-dir/MiniOzoneClusterImpl-2b6d929c-e003-4b1e-a690-bc78ed65c470/datanode-3/data/ratis/c12172ff-05c3-4ad7-9a46-0ce495b9c573: Rolled log segment from /workdir/hadoop-ozone/integration-test/target/test-dir/MiniOzoneClusterImpl-2b6d929c-e003-4b1e-a690-bc78ed65c470/datanode-3/data/ratis/c12172ff-05c3-4ad7-9a46-0ce495b9c573/current/log_inprogress_0 to /workdir/hadoop-ozone/integration-test/target/test-dir/MiniOzoneClusterImpl-2b6d929c-e003-4b1e-a690-bc78ed65c470/datanode-3/data/ratis/c12172ff-05c3-4ad7-9a46-0ce495b9c573/current/log_0-16
2019-08-29 08:13:34,037 [22940eff-9029-4e71-b915-5f2bfabaa31a:group-0CE495B9C573:LeaderElection93] INFO  impl.RaftServerImpl (ServerState.java:setRaftConf(361)) - 22940eff-9029-4e71-b915-5f2bfabaa31a:group-0CE495B9C573 set configuration 17: [298a5c77-4e08-4cfb-ad26-b2dd8c1ae315:192.168.34.54:45490, 86ac6034-f33a-4178-b5f5-7175dd4ad45b:192.168.34.54:36522, 22940eff-9029-4e71-b915-5f2bfabaa31a:192.168.34.54:43196], old=null at 17
2019-08-29 08:13:34,037 [grpc-default-executor-7] WARN  server.GrpcLogAppender (LogUtils.java:warn(134)) - 22940eff-9029-4e71-b915-5f2bfabaa31a->298a5c77-4e08-4cfb-ad26-b2dd8c1ae315: Failed appendEntries: org.apache.ratis.thirdparty.io.grpc.StatusRuntimeException: UNAVAILABLE: io exception
2019-08-29 08:13:34,038 [grpc-default-executor-7] INFO  impl.FollowerInfo (FollowerInfo.java:lambda$new$0(50)) - 22940eff-9029-4e71-b915-5f2bfabaa31a->298a5c77-4e08-4cfb-ad26-b2dd8c1ae315: nextIndex: updateUnconditionally 17 -> 1
2019-08-29 08:13:34,038 [grpc-default-executor-10] INFO  impl.RaftServerImpl (ServerState.java:setLeader(263)) - 86ac6034-f33a-4178-b5f5-7175dd4ad45b:group-0CE495B9C573 change Leader from null to 22940eff-9029-4e71-b915-5f2bfabaa31a at term 5 for appendEntries, leader elected after 17357ms
2019-08-29 08:13:34,039 [grpc-default-executor-10] INFO  impl.RaftServerImpl (ServerState.java:setRaftConf(361)) - 86ac6034-f33a-4178-b5f5-7175dd4ad45b:group-0CE495B9C573 set configuration 17: [298a5c77-4e08-4cfb-ad26-b2dd8c1ae315:192.168.34.54:45490, 86ac6034-f33a-4178-b5f5-7175dd4ad45b:192.168.34.54:36522, 22940eff-9029-4e71-b915-5f2bfabaa31a:192.168.34.54:43196], old=null at 17
2019-08-29 08:13:34,039 [grpc-default-executor-10] INFO  segmented.SegmentedRaftLogWorker (SegmentedRaftLogWorker.java:rollLogSegment(385)) - 86ac6034-f33a-4178-b5f5-7175dd4ad45b-SegmentedRaftLogWorker:Storage Directory /workdir/hadoop-ozone/integration-test/target/test-dir/MiniOzoneClusterImpl-2b6d929c-e003-4b1e-a690-bc78ed65c470/datanode-4/data/ratis/c12172ff-05c3-4ad7-9a46-0ce495b9c573: Rolling segment log-0_16 to index:16
2019-08-29 08:13:34,040 [86ac6034-f33a-4178-b5f5-7175dd4ad45b-SegmentedRaftLogWorker:Storage Directory /workdir/hadoop-ozone/integration-test/target/test-dir/MiniOzoneClusterImpl-2b6d929c-e003-4b1e-a690-bc78ed65c470/datanode-4/data/ratis/c12172ff-05c3-4ad7-9a46-0ce495b9c573] INFO  segmented.SegmentedRaftLogWorker (SegmentedRaftLogWorker.java:execute(526)) - 86ac6034-f33a-4178-b5f5-7175dd4ad45b-SegmentedRaftLogWorker:Storage Directory /workdir/hadoop-ozone/integration-test/target/test-dir/MiniOzoneClusterImpl-2b6d929c-e003-4b1e-a690-bc78ed65c470/datanode-4/data/ratis/c12172ff-05c3-4ad7-9a46-0ce495b9c573: Rolled log segment from /workdir/hadoop-ozone/integration-test/target/test-dir/MiniOzoneClusterImpl-2b6d929c-e003-4b1e-a690-bc78ed65c470/datanode-4/data/ratis/c12172ff-05c3-4ad7-9a46-0ce495b9c573/current/log_inprogress_0 to /workdir/hadoop-ozone/integration-test/target/test-dir/MiniOzoneClusterImpl-2b6d929c-e003-4b1e-a690-bc78ed65c470/datanode-4/data/ratis/c12172ff-05c3-4ad7-9a46-0ce495b9c573/current/log_0-16
2019-08-29 08:13:34,078 [86ac6034-f33a-4178-b5f5-7175dd4ad45b-SegmentedRaftLogWorker:Storage Directory /workdir/hadoop-ozone/integration-test/target/test-dir/MiniOzoneClusterImpl-2b6d929c-e003-4b1e-a690-bc78ed65c470/datanode-4/data/ratis/c12172ff-05c3-4ad7-9a46-0ce495b9c573] INFO  segmented.SegmentedRaftLogWorker (SegmentedRaftLogWorker.java:execute(569)) - 86ac6034-f33a-4178-b5f5-7175dd4ad45b-SegmentedRaftLogWorker:Storage Directory /workdir/hadoop-ozone/integration-test/target/test-dir/MiniOzoneClusterImpl-2b6d929c-e003-4b1e-a690-bc78ed65c470/datanode-4/data/ratis/c12172ff-05c3-4ad7-9a46-0ce495b9c573: created new log segment /workdir/hadoop-ozone/integration-test/target/test-dir/MiniOzoneClusterImpl-2b6d929c-e003-4b1e-a690-bc78ed65c470/datanode-4/data/ratis/c12172ff-05c3-4ad7-9a46-0ce495b9c573/current/log_inprogress_17
2019-08-29 08:13:34,078 [22940eff-9029-4e71-b915-5f2bfabaa31a-SegmentedRaftLogWorker:Storage Directory /workdir/hadoop-ozone/integration-test/target/test-dir/MiniOzoneClusterImpl-2b6d929c-e003-4b1e-a690-bc78ed65c470/datanode-3/data/ratis/c12172ff-05c3-4ad7-9a46-0ce495b9c573] INFO  segmented.SegmentedRaftLogWorker (SegmentedRaftLogWorker.java:execute(569)) - 22940eff-9029-4e71-b915-5f2bfabaa31a-SegmentedRaftLogWorker:Storage Directory /workdir/hadoop-ozone/integration-test/target/test-dir/MiniOzoneClusterImpl-2b6d929c-e003-4b1e-a690-bc78ed65c470/datanode-3/data/ratis/c12172ff-05c3-4ad7-9a46-0ce495b9c573: created new log segment /workdir/hadoop-ozone/integration-test/target/test-dir/MiniOzoneClusterImpl-2b6d929c-e003-4b1e-a690-bc78ed65c470/datanode-3/data/ratis/c12172ff-05c3-4ad7-9a46-0ce495b9c573/current/log_inprogress_17
2019-08-29 08:13:34,102 | INFO  | DNAudit | user=null | ip=null | op=READ_CHUNK {blockData=conID: 1 locID: 102699262095589390 bcsId: 0} | ret=SUCCESS |  
2019-08-29 08:13:34,104 [grpc-default-executor-9] WARN  server.GrpcLogAppender (LogUtils.java:warn(134)) - 22940eff-9029-4e71-b915-5f2bfabaa31a->298a5c77-4e08-4cfb-ad26-b2dd8c1ae315: Failed appendEntries: org.apache.ratis.thirdparty.io.grpc.StatusRuntimeException: UNAVAILABLE: io exception
2019-08-29 08:13:34,105 [grpc-default-executor-9] INFO  impl.FollowerInfo (FollowerInfo.java:lambda$new$0(50)) - 22940eff-9029-4e71-b915-5f2bfabaa31a->298a5c77-4e08-4cfb-ad26-b2dd8c1ae315: nextIndex: updateUnconditionally 2 -> 1
2019-08-29 08:13:34,110 [grpc-default-executor-7] WARN  server.GrpcLogAppender (LogUtils.java:warn(134)) - 22940eff-9029-4e71-b915-5f2bfabaa31a->298a5c77-4e08-4cfb-ad26-b2dd8c1ae315: Failed appendEntries: org.apache.ratis.thirdparty.io.grpc.StatusRuntimeException: UNAVAILABLE: io exception
2019-08-29 08:13:34,110 [grpc-default-executor-7] INFO  impl.FollowerInfo (FollowerInfo.java:lambda$new$0(50)) - 22940eff-9029-4e71-b915-5f2bfabaa31a->298a5c77-4e08-4cfb-ad26-b2dd8c1ae315: nextIndex: updateUnconditionally 2 -> 1
2019-08-29 08:13:34,142 | INFO  | SCMAudit | user=jenkins1000 | ip=192.168.34.54 | op=SEND_HEARTBEAT {datanodeUUID=f857bedd-aee7-4d2b-9918-46878ad86507, command=[]} | ret=SUCCESS |  
2019-08-29 08:13:34,154 [grpc-default-executor-7] INFO  client.GrpcClientProtocolClient (GrpcClientProtocolClient.java:onNext(255)) - client-BD165C44F697->86ac6034-f33a-4178-b5f5-7175dd4ad45b: receive RaftClientReply:client-BD165C44F697->86ac6034-f33a-4178-b5f5-7175dd4ad45b@group-0CE495B9C573, cid=190, FAILED org.apache.ratis.protocol.NotLeaderException: Server 86ac6034-f33a-4178-b5f5-7175dd4ad45b is not the leader (22940eff-9029-4e71-b915-5f2bfabaa31a:192.168.34.54:43196). Request must be sent to leader., logIndex=0, commits[86ac6034-f33a-4178-b5f5-7175dd4ad45b:c17, 298a5c77-4e08-4cfb-ad26-b2dd8c1ae315:c16, 22940eff-9029-4e71-b915-5f2bfabaa31a:c17]
2019-08-29 08:13:34,158 | ERROR | DNAudit | user=null | ip=null | op=WRITE_CHUNK {blockData=conID: 1 locID: 102699262095589390 bcsId: 14} | ret=FAILURE | org.apache.hadoop.hdds.scm.container.common.helpers.ContainerNotOpenException: Container 1 in CLOSING state
	at org.apache.hadoop.ozone.container.common.impl.HddsDispatcher.validateContainerCommand(HddsDispatcher.java:408)
	at org.apache.hadoop.ozone.container.common.transport.server.ratis.ContainerStateMachine.startTransaction(ContainerStateMachine.java:309) 
2019-08-29 08:13:34,163 [grpc-default-executor-7] INFO  client.GrpcClientProtocolClient (GrpcClientProtocolClient.java:onNext(255)) - client-BD165C44F697->22940eff-9029-4e71-b915-5f2bfabaa31a: receive RaftClientReply:client-BD165C44F697->22940eff-9029-4e71-b915-5f2bfabaa31a@group-0CE495B9C573, cid=190, FAILED org.apache.ratis.protocol.StateMachineException: org.apache.hadoop.hdds.scm.container.common.helpers.ContainerNotOpenException from Server 22940eff-9029-4e71-b915-5f2bfabaa31a: Container 1 in CLOSING state, logIndex=0, commits[22940eff-9029-4e71-b915-5f2bfabaa31a:c18, 298a5c77-4e08-4cfb-ad26-b2dd8c1ae315:c16, 86ac6034-f33a-4178-b5f5-7175dd4ad45b:c17]
2019-08-29 08:13:34,164 | ERROR | DNAudit | user=null | ip=null | op=WRITE_CHUNK {blockData=conID: 1 locID: 102699262095589390 bcsId: 14} | ret=FAILURE | org.apache.hadoop.hdds.scm.container.common.helpers.ContainerNotOpenException: Container 1 in CLOSING state
	at org.apache.hadoop.ozone.container.common.impl.HddsDispatcher.validateContainerCommand(HddsDispatcher.java:408)
	at org.apache.hadoop.ozone.container.common.transport.server.ratis.ContainerStateMachine.startTransaction(ContainerStateMachine.java:309) 
2019-08-29 08:13:34,169 | ERROR | DNAudit | user=null | ip=null | op=PUT_BLOCK {blockData=[blockId=conID: 1 locID: 102699262095589390 bcsId: 0,size=650]} | ret=FAILURE | org.apache.hadoop.hdds.scm.container.common.helpers.ContainerNotOpenException: Container 1 in CLOSING state
	at org.apache.hadoop.ozone.container.common.impl.HddsDispatcher.validateContainerCommand(HddsDispatcher.java:408)
	at org.apache.hadoop.ozone.container.common.transport.server.ratis.ContainerStateMachine.startTransaction(ContainerStateMachine.java:309) 
2019-08-29 08:13:34,169 [grpc-default-executor-7] INFO  client.GrpcClientProtocolClient (GrpcClientProtocolClient.java:onNext(255)) - client-BD165C44F697->22940eff-9029-4e71-b915-5f2bfabaa31a: receive RaftClientReply:client-BD165C44F697->22940eff-9029-4e71-b915-5f2bfabaa31a@group-0CE495B9C573, cid=191, FAILED org.apache.ratis.protocol.StateMachineException: org.apache.hadoop.hdds.scm.container.common.helpers.ContainerNotOpenException from Server 22940eff-9029-4e71-b915-5f2bfabaa31a: Container 1 in CLOSING state, logIndex=0, commits[22940eff-9029-4e71-b915-5f2bfabaa31a:c18, 298a5c77-4e08-4cfb-ad26-b2dd8c1ae315:c16, 86ac6034-f33a-4178-b5f5-7175dd4ad45b:c17]
2019-08-29 08:13:34,170 | ERROR | DNAudit | user=null | ip=null | op=WRITE_CHUNK {blockData=conID: 1 locID: 102699262095589390 bcsId: 14} | ret=FAILURE | org.apache.hadoop.hdds.scm.container.common.helpers.ContainerNotOpenException: Container 1 in CLOSING state
	at org.apache.hadoop.ozone.container.common.impl.HddsDispatcher.validateContainerCommand(HddsDispatcher.java:408)
	at org.apache.hadoop.ozone.container.common.transport.server.ratis.ContainerStateMachine.startTransaction(ContainerStateMachine.java:309) 
2019-08-29 08:13:34,173 | ERROR | DNAudit | user=null | ip=null | op=WRITE_CHUNK {blockData=conID: 1 locID: 102699262095589390 bcsId: 14} | ret=FAILURE | org.apache.hadoop.hdds.scm.container.common.helpers.ContainerNotOpenException: Container 1 in CLOSING state
	at org.apache.hadoop.ozone.container.common.impl.HddsDispatcher.validateContainerCommand(HddsDispatcher.java:408)
	at org.apache.hadoop.ozone.container.common.transport.server.ratis.ContainerStateMachine.startTransaction(ContainerStateMachine.java:309) 
2019-08-29 08:13:34,173 [grpc-default-executor-10] INFO  client.GrpcClientProtocolClient (GrpcClientProtocolClient.java:onNext(255)) - client-BD165C44F697->22940eff-9029-4e71-b915-5f2bfabaa31a: receive RaftClientReply:client-BD165C44F697->22940eff-9029-4e71-b915-5f2bfabaa31a@group-0CE495B9C573, cid=192, FAILED org.apache.ratis.protocol.StateMachineException: org.apache.hadoop.hdds.scm.container.common.helpers.ContainerNotOpenException from Server 22940eff-9029-4e71-b915-5f2bfabaa31a: Container 1 in CLOSING state, logIndex=0, commits[22940eff-9029-4e71-b915-5f2bfabaa31a:c18, 298a5c77-4e08-4cfb-ad26-b2dd8c1ae315:c16, 86ac6034-f33a-4178-b5f5-7175dd4ad45b:c17]
2019-08-29 08:13:34,176 | ERROR | DNAudit | user=null | ip=null | op=PUT_BLOCK {blockData=[blockId=conID: 1 locID: 102699262095589390 bcsId: 0,size=800]} | ret=FAILURE | org.apache.hadoop.hdds.scm.container.common.helpers.ContainerNotOpenException: Container 1 in CLOSING state
	at org.apache.hadoop.ozone.container.common.impl.HddsDispatcher.validateContainerCommand(HddsDispatcher.java:408)
	at org.apache.hadoop.ozone.container.common.transport.server.ratis.ContainerStateMachine.startTransaction(ContainerStateMachine.java:309) 
2019-08-29 08:13:34,187 [grpc-default-executor-10] INFO  client.GrpcClientProtocolClient (GrpcClientProtocolClient.java:onNext(255)) - client-BD165C44F697->22940eff-9029-4e71-b915-5f2bfabaa31a: receive RaftClientReply:client-BD165C44F697->22940eff-9029-4e71-b915-5f2bfabaa31a@group-0CE495B9C573, cid=193, FAILED org.apache.ratis.protocol.StateMachineException: org.apache.hadoop.hdds.scm.container.common.helpers.ContainerNotOpenException from Server 22940eff-9029-4e71-b915-5f2bfabaa31a: Container 1 in CLOSING state, logIndex=0, commits[22940eff-9029-4e71-b915-5f2bfabaa31a:c18, 298a5c77-4e08-4cfb-ad26-b2dd8c1ae315:c16, 86ac6034-f33a-4178-b5f5-7175dd4ad45b:c17]
2019-08-29 08:13:34,187 | INFO  | SCMAudit | user=jenkins1000 | ip=192.168.34.54 | op=SEND_HEARTBEAT {datanodeUUID=2ba8cf83-fb49-4c0e-ac06-565332abd279, command=[]} | ret=SUCCESS |  
2019-08-29 08:13:34,188 [grpc-default-executor-10] INFO  client.GrpcClientProtocolClient (GrpcClientProtocolClient.java:onNext(255)) - client-BD165C44F697->22940eff-9029-4e71-b915-5f2bfabaa31a: receive RaftClientReply:client-BD165C44F697->22940eff-9029-4e71-b915-5f2bfabaa31a@group-0CE495B9C573, cid=194, FAILED org.apache.ratis.protocol.StateMachineException: org.apache.hadoop.hdds.scm.container.common.helpers.ContainerNotOpenException from Server 22940eff-9029-4e71-b915-5f2bfabaa31a: Container 1 in CLOSING state, logIndex=0, commits[22940eff-9029-4e71-b915-5f2bfabaa31a:c18, 298a5c77-4e08-4cfb-ad26-b2dd8c1ae315:c16, 86ac6034-f33a-4178-b5f5-7175dd4ad45b:c17]
2019-08-29 08:13:34,189 [grpc-default-executor-10] INFO  client.GrpcClientProtocolClient (GrpcClientProtocolClient.java:onNext(255)) - client-BD165C44F697->22940eff-9029-4e71-b915-5f2bfabaa31a: receive RaftClientReply:client-BD165C44F697->22940eff-9029-4e71-b915-5f2bfabaa31a@group-0CE495B9C573, cid=195, FAILED org.apache.ratis.protocol.StateMachineException: org.apache.hadoop.hdds.scm.container.common.helpers.ContainerNotOpenException from Server 22940eff-9029-4e71-b915-5f2bfabaa31a: Container 1 in CLOSING state, logIndex=0, commits[22940eff-9029-4e71-b915-5f2bfabaa31a:c18, 298a5c77-4e08-4cfb-ad26-b2dd8c1ae315:c16, 86ac6034-f33a-4178-b5f5-7175dd4ad45b:c17]
2019-08-29 08:13:34,211 | INFO  | SCMAudit | user=jenkins1000 | ip=192.168.34.54 | op=ALLOCATE_BLOCK {owner=a80adf07-cbae-4223-8302-6af06260ffe1, size=800, type=RATIS, factor=THREE} | ret=SUCCESS |  
2019-08-29 08:13:34,215 | INFO  | OMAudit | user=jenkins1000 | ip=127.0.0.1 | op=ALLOCATE_BLOCK {volume=testblockoutputstream, bucket=testblockoutputstream, key=6afdb3c0-510f-4d4b-b0b3-dc720d30f981, dataSize=0, replicationType=null, replicationFactor=null, keyLocationInfo=null, clientID=102699262095523853} | ret=SUCCESS |  
2019-08-29 08:13:34,352 | INFO  | DNAudit | user=null | ip=null | op=WRITE_CHUNK {blockData=conID: 2 locID: 102699264521732111 bcsId: 0} | ret=SUCCESS |  
2019-08-29 08:13:34,352 | INFO  | DNAudit | user=null | ip=null | op=WRITE_CHUNK {blockData=conID: 2 locID: 102699264521732111 bcsId: 0} | ret=SUCCESS |  
2019-08-29 08:13:34,352 | INFO  | DNAudit | user=null | ip=null | op=WRITE_CHUNK {blockData=conID: 2 locID: 102699264521732111 bcsId: 0} | ret=SUCCESS |  
2019-08-29 08:13:34,352 | INFO  | SCMAudit | user=jenkins1000 | ip=192.168.34.54 | op=SEND_HEARTBEAT {datanodeUUID=701dcac2-413a-4112-9eef-a6503cb024bf, command=[]} | ret=SUCCESS |  
2019-08-29 08:13:34,352 | INFO  | SCMAudit | user=jenkins1000 | ip=192.168.34.54 | op=SEND_HEARTBEAT {datanodeUUID=94fa760f-e64d-4170-ac7e-44ba98bd38f6, command=[]} | ret=SUCCESS |  
2019-08-29 08:13:34,352 | INFO  | SCMAudit | user=jenkins1000 | ip=192.168.34.54 | op=SEND_HEARTBEAT {datanodeUUID=2ba8cf83-fb49-4c0e-ac06-565332abd279, command=[]} | ret=SUCCESS |  
2019-08-29 08:13:34,365 | INFO  | DNAudit | user=null | ip=null | op=WRITE_CHUNK {blockData=conID: 2 locID: 102699264521732111 bcsId: 0} | ret=SUCCESS |  
2019-08-29 08:13:34,370 [grpc-default-executor-10] INFO  client.GrpcClientProtocolClient (GrpcClientProtocolClient.java:onNext(255)) - client-AEC72B4862CE->701dcac2-413a-4112-9eef-a6503cb024bf: receive RaftClientReply:client-AEC72B4862CE->701dcac2-413a-4112-9eef-a6503cb024bf@group-07083ABB32C5, cid=196, SUCCESS, logIndex=1, commits[701dcac2-413a-4112-9eef-a6503cb024bf:c1, 2ba8cf83-fb49-4c0e-ac06-565332abd279:c0, 94fa760f-e64d-4170-ac7e-44ba98bd38f6:c0]
2019-08-29 08:13:34,374 | INFO  | DNAudit | user=null | ip=null | op=WRITE_CHUNK {blockData=conID: 2 locID: 102699264521732111 bcsId: 0} | ret=SUCCESS |  
2019-08-29 08:13:34,375 | INFO  | DNAudit | user=null | ip=null | op=WRITE_CHUNK {blockData=conID: 2 locID: 102699264521732111 bcsId: 0} | ret=SUCCESS |  
2019-08-29 08:13:34,375 | INFO  | DNAudit | user=null | ip=null | op=WRITE_CHUNK {blockData=conID: 2 locID: 102699264521732111 bcsId: 0} | ret=SUCCESS |  
2019-08-29 08:13:34,375 | INFO  | DNAudit | user=null | ip=null | op=WRITE_CHUNK {blockData=conID: 2 locID: 102699264521732111 bcsId: 0} | ret=SUCCESS |  
2019-08-29 08:13:34,376 | INFO  | DNAudit | user=null | ip=null | op=WRITE_CHUNK {blockData=conID: 2 locID: 102699264521732111 bcsId: 0} | ret=SUCCESS |  
2019-08-29 08:13:34,376 | INFO  | DNAudit | user=null | ip=null | op=WRITE_CHUNK {blockData=conID: 2 locID: 102699264521732111 bcsId: 0} | ret=SUCCESS |  
2019-08-29 08:13:34,376 | INFO  | DNAudit | user=null | ip=null | op=WRITE_CHUNK {blockData=conID: 2 locID: 102699264521732111 bcsId: 0} | ret=SUCCESS |  
2019-08-29 08:13:34,377 | INFO  | DNAudit | user=null | ip=null | op=WRITE_CHUNK {blockData=conID: 2 locID: 102699264521732111 bcsId: 0} | ret=SUCCESS |  
2019-08-29 08:13:34,377 | INFO  | DNAudit | user=null | ip=null | op=WRITE_CHUNK {blockData=conID: 2 locID: 102699264521732111 bcsId: 0} | ret=SUCCESS |  
2019-08-29 08:13:34,377 | INFO  | DNAudit | user=null | ip=null | op=WRITE_CHUNK {blockData=conID: 2 locID: 102699264521732111 bcsId: 0} | ret=SUCCESS |  
2019-08-29 08:13:34,377 | INFO  | DNAudit | user=null | ip=null | op=WRITE_CHUNK {blockData=conID: 2 locID: 102699264521732111 bcsId: 0} | ret=SUCCESS |  
2019-08-29 08:13:34,379 | INFO  | DNAudit | user=null | ip=null | op=WRITE_CHUNK {blockData=conID: 2 locID: 102699264521732111 bcsId: 0} | ret=SUCCESS |  
2019-08-29 08:13:34,382 [grpc-default-executor-11] INFO  client.GrpcClientProtocolClient (GrpcClientProtocolClient.java:onNext(255)) - client-AEC72B4862CE->701dcac2-413a-4112-9eef-a6503cb024bf: receive RaftClientReply:client-AEC72B4862CE->701dcac2-413a-4112-9eef-a6503cb024bf@group-07083ABB32C5, cid=197, SUCCESS, logIndex=3, commits[701dcac2-413a-4112-9eef-a6503cb024bf:c6, 2ba8cf83-fb49-4c0e-ac06-565332abd279:c1, 94fa760f-e64d-4170-ac7e-44ba98bd38f6:c1]
2019-08-29 08:13:34,393 | INFO  | DNAudit | user=null | ip=null | op=WRITE_CHUNK {blockData=conID: 2 locID: 102699264521732111 bcsId: 0} | ret=SUCCESS |  
2019-08-29 08:13:34,393 | INFO  | DNAudit | user=null | ip=null | op=WRITE_CHUNK {blockData=conID: 2 locID: 102699264521732111 bcsId: 0} | ret=SUCCESS |  
2019-08-29 08:13:34,410 | INFO  | SCMAudit | user=jenkins1000 | ip=192.168.34.54 | op=SEND_HEARTBEAT {datanodeUUID=86ac6034-f33a-4178-b5f5-7175dd4ad45b, command=[]} | ret=SUCCESS |  
2019-08-29 08:13:34,411 | INFO  | SCMAudit | user=jenkins1000 | ip=192.168.34.54 | op=SEND_HEARTBEAT {datanodeUUID=22940eff-9029-4e71-b915-5f2bfabaa31a, command=[]} | ret=SUCCESS |  
2019-08-29 08:13:34,427 | INFO  | DNAudit | user=null | ip=null | op=PUT_BLOCK {blockData=[blockId=conID: 2 locID: 102699264521732111 bcsId: 0,size=200]} | ret=SUCCESS |  
2019-08-29 08:13:34,429 | INFO  | DNAudit | user=null | ip=null | op=WRITE_CHUNK {blockData=conID: 2 locID: 102699264521732111 bcsId: 0} | ret=SUCCESS |  
2019-08-29 08:13:34,429 | INFO  | DNAudit | user=null | ip=null | op=WRITE_CHUNK {blockData=conID: 2 locID: 102699264521732111 bcsId: 0} | ret=SUCCESS |  
2019-08-29 08:13:34,429 [grpc-default-executor-11] INFO  client.GrpcClientProtocolClient (GrpcClientProtocolClient.java:onNext(255)) - client-AEC72B4862CE->701dcac2-413a-4112-9eef-a6503cb024bf: receive RaftClientReply:client-AEC72B4862CE->701dcac2-413a-4112-9eef-a6503cb024bf@group-07083ABB32C5, cid=198, SUCCESS, logIndex=4, commits[701dcac2-413a-4112-9eef-a6503cb024bf:c11, 2ba8cf83-fb49-4c0e-ac06-565332abd279:c7, 94fa760f-e64d-4170-ac7e-44ba98bd38f6:c7]
2019-08-29 08:13:34,429 [grpc-default-executor-11] INFO  client.GrpcClientProtocolClient (GrpcClientProtocolClient.java:onNext(255)) - client-AEC72B4862CE->701dcac2-413a-4112-9eef-a6503cb024bf: receive RaftClientReply:client-AEC72B4862CE->701dcac2-413a-4112-9eef-a6503cb024bf@group-07083ABB32C5, cid=199, SUCCESS, logIndex=5, commits[701dcac2-413a-4112-9eef-a6503cb024bf:c11, 2ba8cf83-fb49-4c0e-ac06-565332abd279:c7, 94fa760f-e64d-4170-ac7e-44ba98bd38f6:c7]
2019-08-29 08:13:34,430 [grpc-default-executor-11] INFO  client.GrpcClientProtocolClient (GrpcClientProtocolClient.java:onNext(255)) - client-AEC72B4862CE->701dcac2-413a-4112-9eef-a6503cb024bf: receive RaftClientReply:client-AEC72B4862CE->701dcac2-413a-4112-9eef-a6503cb024bf@group-07083ABB32C5, cid=200, SUCCESS, logIndex=6, commits[701dcac2-413a-4112-9eef-a6503cb024bf:c11, 2ba8cf83-fb49-4c0e-ac06-565332abd279:c7, 94fa760f-e64d-4170-ac7e-44ba98bd38f6:c7]
2019-08-29 08:13:34,463 | INFO  | DNAudit | user=null | ip=null | op=PUT_BLOCK {blockData=[blockId=conID: 2 locID: 102699264521732111 bcsId: 0,size=200]} | ret=SUCCESS |  
2019-08-29 08:13:34,463 | INFO  | DNAudit | user=null | ip=null | op=WRITE_CHUNK {blockData=conID: 2 locID: 102699264521732111 bcsId: 0} | ret=SUCCESS |  
2019-08-29 08:13:34,463 | INFO  | DNAudit | user=null | ip=null | op=WRITE_CHUNK {blockData=conID: 2 locID: 102699264521732111 bcsId: 0} | ret=SUCCESS |  
2019-08-29 08:13:34,488 | INFO  | DNAudit | user=null | ip=null | op=PUT_BLOCK {blockData=[blockId=conID: 2 locID: 102699264521732111 bcsId: 0,size=400]} | ret=SUCCESS |  
2019-08-29 08:13:34,490 | INFO  | DNAudit | user=null | ip=null | op=PUT_BLOCK {blockData=[blockId=conID: 2 locID: 102699264521732111 bcsId: 0,size=200]} | ret=SUCCESS |  
2019-08-29 08:13:34,490 | INFO  | DNAudit | user=null | ip=null | op=PUT_BLOCK {blockData=[blockId=conID: 2 locID: 102699264521732111 bcsId: 0,size=400]} | ret=SUCCESS |  
2019-08-29 08:13:34,490 | INFO  | DNAudit | user=null | ip=null | op=WRITE_CHUNK {blockData=conID: 2 locID: 102699264521732111 bcsId: 0} | ret=SUCCESS |  
2019-08-29 08:13:34,491 | INFO  | DNAudit | user=null | ip=null | op=WRITE_CHUNK {blockData=conID: 2 locID: 102699264521732111 bcsId: 0} | ret=SUCCESS |  
2019-08-29 08:13:34,491 | INFO  | DNAudit | user=null | ip=null | op=PUT_BLOCK {blockData=[blockId=conID: 2 locID: 102699264521732111 bcsId: 0,size=400]} | ret=SUCCESS |  
2019-08-29 08:13:34,491 [grpc-default-executor-11] INFO  client.GrpcClientProtocolClient (GrpcClientProtocolClient.java:onNext(255)) - client-AEC72B4862CE->701dcac2-413a-4112-9eef-a6503cb024bf: receive RaftClientReply:client-AEC72B4862CE->701dcac2-413a-4112-9eef-a6503cb024bf@group-07083ABB32C5, cid=201, SUCCESS, logIndex=7, commits[701dcac2-413a-4112-9eef-a6503cb024bf:c11, 2ba8cf83-fb49-4c0e-ac06-565332abd279:c7, 94fa760f-e64d-4170-ac7e-44ba98bd38f6:c7]
2019-08-29 08:13:34,496 | INFO  | DNAudit | user=null | ip=null | op=WRITE_CHUNK {blockData=conID: 2 locID: 102699264521732111 bcsId: 7} | ret=SUCCESS |  
2019-08-29 08:13:34,497 | INFO  | DNAudit | user=null | ip=null | op=WRITE_CHUNK {blockData=conID: 2 locID: 102699264521732111 bcsId: 7} | ret=SUCCESS |  
2019-08-29 08:13:34,497 | INFO  | DNAudit | user=null | ip=null | op=WRITE_CHUNK {blockData=conID: 2 locID: 102699264521732111 bcsId: 7} | ret=SUCCESS |  
2019-08-29 08:13:34,502 | INFO  | DNAudit | user=null | ip=null | op=WRITE_CHUNK {blockData=conID: 2 locID: 102699264521732111 bcsId: 7} | ret=SUCCESS |  
2019-08-29 08:13:34,503 | INFO  | DNAudit | user=null | ip=null | op=PUT_BLOCK {blockData=[blockId=conID: 2 locID: 102699264521732111 bcsId: 0,size=450]} | ret=SUCCESS |  
2019-08-29 08:13:34,503 [grpc-default-executor-7] INFO  client.GrpcClientProtocolClient (GrpcClientProtocolClient.java:onNext(255)) - client-AEC72B4862CE->701dcac2-413a-4112-9eef-a6503cb024bf: receive RaftClientReply:client-AEC72B4862CE->701dcac2-413a-4112-9eef-a6503cb024bf@group-07083ABB32C5, cid=202, SUCCESS, logIndex=12, commits[701dcac2-413a-4112-9eef-a6503cb024bf:c13, 2ba8cf83-fb49-4c0e-ac06-565332abd279:c11, 94fa760f-e64d-4170-ac7e-44ba98bd38f6:c11]
2019-08-29 08:13:34,504 [grpc-default-executor-7] INFO  client.GrpcClientProtocolClient (GrpcClientProtocolClient.java:onNext(255)) - client-AEC72B4862CE->701dcac2-413a-4112-9eef-a6503cb024bf: receive RaftClientReply:client-AEC72B4862CE->701dcac2-413a-4112-9eef-a6503cb024bf@group-07083ABB32C5, cid=203, SUCCESS, logIndex=13, commits[701dcac2-413a-4112-9eef-a6503cb024bf:c13, 2ba8cf83-fb49-4c0e-ac06-565332abd279:c11, 94fa760f-e64d-4170-ac7e-44ba98bd38f6:c11]
2019-08-29 08:13:34,505 | INFO  | DNAudit | user=null | ip=null | op=WRITE_CHUNK {blockData=conID: 2 locID: 102699264521732111 bcsId: 7} | ret=SUCCESS |  
2019-08-29 08:13:34,505 | INFO  | DNAudit | user=null | ip=null | op=WRITE_CHUNK {blockData=conID: 2 locID: 102699264521732111 bcsId: 7} | ret=SUCCESS |  
2019-08-29 08:13:34,506 | INFO  | DNAudit | user=null | ip=null | op=PUT_BLOCK {blockData=[blockId=conID: 2 locID: 102699264521732111 bcsId: 0,size=450]} | ret=SUCCESS |  
2019-08-29 08:13:34,507 | INFO  | DNAudit | user=null | ip=null | op=PUT_BLOCK {blockData=[blockId=conID: 2 locID: 102699264521732111 bcsId: 0,size=450]} | ret=SUCCESS |  
2019-08-29 08:13:34,510 [grpc-default-executor-9] INFO  client.GrpcClientProtocolClient (GrpcClientProtocolClient.java:onNext(255)) - client-AEC72B4862CE->701dcac2-413a-4112-9eef-a6503cb024bf: receive RaftClientReply:client-AEC72B4862CE->701dcac2-413a-4112-9eef-a6503cb024bf@group-07083ABB32C5, cid=204, SUCCESS, logIndex=0, commits[701dcac2-413a-4112-9eef-a6503cb024bf:c15, 2ba8cf83-fb49-4c0e-ac06-565332abd279:c13, 94fa760f-e64d-4170-ac7e-44ba98bd38f6:c13]
2019-08-29 08:13:34,511 [main] INFO  ozone.MiniOzoneClusterImpl (MiniOzoneClusterImpl.java:shutdown(321)) - Shutting down the Mini Ozone Cluster
2019-08-29 08:13:34,511 | INFO  | SCMAudit | user=null | ip=null | op=GET_SCM_INFO null | ret=SUCCESS |  
2019-08-29 08:13:34,511 [main] INFO  ozone.MiniOzoneClusterImpl (MiniOzoneClusterImpl.java:stop(336)) - Stopping the Mini Ozone Cluster
2019-08-29 08:13:34,512 [main] INFO  ozone.MiniOzoneClusterImpl (MiniOzoneClusterImpl.java:stop(338)) - Stopping the OzoneManager
2019-08-29 08:13:34,512 [main] INFO  ipc.Server (Server.java:stop(3082)) - Stopping server on 37743
2019-08-29 08:13:34,525 [IPC Server listener on 37743] INFO  ipc.Server (Server.java:run(1185)) - Stopping IPC Server listener on 37743
2019-08-29 08:13:34,527 [main] INFO  ratis.OzoneManagerDoubleBuffer (OzoneManagerDoubleBuffer.java:stop(248)) - Stopping OMDoubleBuffer flush thread
2019-08-29 08:13:34,527 [IPC Server Responder] INFO  ipc.Server (Server.java:run(1319)) - Stopping IPC Server Responder
2019-08-29 08:13:34,537 [OMDoubleBufferFlushThread] INFO  ratis.OzoneManagerDoubleBuffer (OzoneManagerDoubleBuffer.java:flushTransactions(191)) - OMDoubleBuffer flush thread OMDoubleBufferFlushThread is interrupted and will exit. OMDoubleBufferFlushThread
2019-08-29 08:13:34,537 [main] INFO  utils.BackgroundService (BackgroundService.java:shutdown(148)) - Shutting down service KeyDeletingService
2019-08-29 08:13:34,539 [main] INFO  handler.ContextHandler (ContextHandler.java:doStop(910)) - Stopped o.e.j.w.WebAppContext@5ba7391b{/,null,UNAVAILABLE}{/ozoneManager}
2019-08-29 08:13:34,540 [main] INFO  server.AbstractConnector (AbstractConnector.java:doStop(318)) - Stopped ServerConnector@475753dd{HTTP/1.1,[http/1.1]}{0.0.0.0:0}
2019-08-29 08:13:34,540 [main] INFO  handler.ContextHandler (ContextHandler.java:doStop(910)) - Stopped o.e.j.s.ServletContextHandler@3181fbe7{/static,file:///workdir/hadoop-ozone/integration-test/target/test-classes/webapps/static,UNAVAILABLE}
2019-08-29 08:13:34,541 [main] INFO  handler.ContextHandler (ContextHandler.java:doStop(910)) - Stopped o.e.j.s.ServletContextHandler@4624e3d1{/logs,file:///workdir/hadoop-ozone/integration-test/target/log,UNAVAILABLE}
2019-08-29 08:13:34,543 [main] INFO  ozone.MiniOzoneClusterImpl (MiniOzoneClusterImpl.java:stop(344)) - Shutting the HddsDatanodes
2019-08-29 08:13:34,543 [main] INFO  datanode.ObjectStoreHandler (ObjectStoreHandler.java:close(155)) - Closing ObjectStoreHandler.
2019-08-29 08:13:34,543 [ForkJoinPool.commonPool-worker-1] INFO  datanode.ObjectStoreHandler (ObjectStoreHandler.java:close(155)) - Closing ObjectStoreHandler.
2019-08-29 08:13:34,543 [main] INFO  ozone.HddsDatanodeService (HddsDatanodeService.java:stop(451)) - Stopped plug-in org.apache.hadoop.ozone.web.OzoneHddsDatanodeService@5086e144
2019-08-29 08:13:34,543 [ForkJoinPool.commonPool-worker-1] INFO  ozone.HddsDatanodeService (HddsDatanodeService.java:stop(451)) - Stopped plug-in org.apache.hadoop.ozone.web.OzoneHddsDatanodeService@40ff56f7
2019-08-29 08:13:35,142 | INFO  | SCMAudit | user=jenkins1000 | ip=192.168.34.54 | op=SEND_HEARTBEAT {datanodeUUID=f857bedd-aee7-4d2b-9918-46878ad86507, command=[]} | ret=SUCCESS |  
2019-08-29 08:13:35,347 [Datanode State Machine Thread - 0] INFO  statemachine.DatanodeStateMachine (DatanodeStateMachine.java:lambda$startDaemon$0(350)) - Ozone container server started.
2019-08-29 08:13:35,347 | INFO  | SCMAudit | user=jenkins1000 | ip=192.168.34.54 | op=SEND_HEARTBEAT {datanodeUUID=94fa760f-e64d-4170-ac7e-44ba98bd38f6, command=[]} | ret=SUCCESS |  
2019-08-29 08:13:35,349 | INFO  | SCMAudit | user=jenkins1000 | ip=192.168.34.54 | op=SEND_HEARTBEAT {datanodeUUID=701dcac2-413a-4112-9eef-a6503cb024bf, command=[]} | ret=SUCCESS |  
2019-08-29 08:13:35,410 [Datanode State Machine Thread - 0] INFO  statemachine.DatanodeStateMachine (DatanodeStateMachine.java:lambda$startDaemon$0(350)) - Ozone container server started.
2019-08-29 08:13:35,411 | INFO  | SCMAudit | user=jenkins1000 | ip=192.168.34.54 | op=SEND_HEARTBEAT {datanodeUUID=22940eff-9029-4e71-b915-5f2bfabaa31a, command=[]} | ret=SUCCESS |  
2019-08-29 08:13:36,142 | INFO  | SCMAudit | user=jenkins1000 | ip=192.168.34.54 | op=SEND_HEARTBEAT {datanodeUUID=f857bedd-aee7-4d2b-9918-46878ad86507, command=[]} | ret=SUCCESS |  
2019-08-29 08:13:36,347 | INFO  | SCMAudit | user=jenkins1000 | ip=192.168.34.54 | op=SEND_HEARTBEAT {datanodeUUID=94fa760f-e64d-4170-ac7e-44ba98bd38f6, command=[]} | ret=SUCCESS |  
2019-08-29 08:13:36,349 | INFO  | SCMAudit | user=jenkins1000 | ip=192.168.34.54 | op=SEND_HEARTBEAT {datanodeUUID=701dcac2-413a-4112-9eef-a6503cb024bf, command=[]} | ret=SUCCESS |  
2019-08-29 08:13:36,412 | INFO  | SCMAudit | user=jenkins1000 | ip=192.168.34.54 | op=SEND_HEARTBEAT {datanodeUUID=22940eff-9029-4e71-b915-5f2bfabaa31a, command=[]} | ret=SUCCESS |  
2019-08-29 08:13:36,611 [grpc-default-executor-11] WARN  server.GrpcLogAppender (LogUtils.java:warn(134)) - 22940eff-9029-4e71-b915-5f2bfabaa31a->298a5c77-4e08-4cfb-ad26-b2dd8c1ae315: Failed appendEntries: org.apache.ratis.thirdparty.io.grpc.StatusRuntimeException: UNAVAILABLE: io exception
2019-08-29 08:13:36,611 [grpc-default-executor-11] INFO  impl.FollowerInfo (FollowerInfo.java:lambda$new$0(50)) - 22940eff-9029-4e71-b915-5f2bfabaa31a->298a5c77-4e08-4cfb-ad26-b2dd8c1ae315: nextIndex: updateUnconditionally 1 -> 0
2019-08-29 08:13:37,142 | INFO  | SCMAudit | user=jenkins1000 | ip=192.168.34.54 | op=SEND_HEARTBEAT {datanodeUUID=f857bedd-aee7-4d2b-9918-46878ad86507, command=[]} | ret=SUCCESS |  
2019-08-29 08:13:37,347 | INFO  | SCMAudit | user=jenkins1000 | ip=192.168.34.54 | op=SEND_HEARTBEAT {datanodeUUID=94fa760f-e64d-4170-ac7e-44ba98bd38f6, command=[]} | ret=SUCCESS |  
2019-08-29 08:13:37,349 | INFO  | SCMAudit | user=jenkins1000 | ip=192.168.34.54 | op=SEND_HEARTBEAT {datanodeUUID=701dcac2-413a-4112-9eef-a6503cb024bf, command=[]} | ret=SUCCESS |  
2019-08-29 08:13:37,413 | INFO  | SCMAudit | user=jenkins1000 | ip=192.168.34.54 | op=SEND_HEARTBEAT {datanodeUUID=22940eff-9029-4e71-b915-5f2bfabaa31a, command=[]} | ret=SUCCESS |  
2019-08-29 08:13:38,142 | INFO  | SCMAudit | user=jenkins1000 | ip=192.168.34.54 | op=SEND_HEARTBEAT {datanodeUUID=f857bedd-aee7-4d2b-9918-46878ad86507, command=[]} | ret=SUCCESS |  
2019-08-29 08:13:38,347 | INFO  | SCMAudit | user=jenkins1000 | ip=192.168.34.54 | op=SEND_HEARTBEAT {datanodeUUID=94fa760f-e64d-4170-ac7e-44ba98bd38f6, command=[]} | ret=SUCCESS |  
2019-08-29 08:13:38,349 | INFO  | SCMAudit | user=jenkins1000 | ip=192.168.34.54 | op=SEND_HEARTBEAT {datanodeUUID=701dcac2-413a-4112-9eef-a6503cb024bf, command=[]} | ret=SUCCESS |  
2019-08-29 08:13:38,412 | INFO  | SCMAudit | user=jenkins1000 | ip=192.168.34.54 | op=SEND_HEARTBEAT {datanodeUUID=22940eff-9029-4e71-b915-5f2bfabaa31a, command=[]} | ret=SUCCESS |  
2019-08-29 08:13:39,111 [grpc-default-executor-11] WARN  server.GrpcLogAppender (LogUtils.java:warn(134)) - 22940eff-9029-4e71-b915-5f2bfabaa31a->298a5c77-4e08-4cfb-ad26-b2dd8c1ae315: Failed appendEntries: org.apache.ratis.thirdparty.io.grpc.StatusRuntimeException: UNAVAILABLE: io exception
2019-08-29 08:13:39,112 [grpc-default-executor-11] INFO  impl.FollowerInfo (FollowerInfo.java:lambda$new$0(50)) - 22940eff-9029-4e71-b915-5f2bfabaa31a->298a5c77-4e08-4cfb-ad26-b2dd8c1ae315: nextIndex: updateUnconditionally 0 -> 0
2019-08-29 08:13:39,142 | INFO  | SCMAudit | user=jenkins1000 | ip=192.168.34.54 | op=SEND_HEARTBEAT {datanodeUUID=f857bedd-aee7-4d2b-9918-46878ad86507, command=[]} | ret=SUCCESS |  
2019-08-29 08:13:39,348 | INFO  | SCMAudit | user=jenkins1000 | ip=192.168.34.54 | op=SEND_HEARTBEAT {datanodeUUID=94fa760f-e64d-4170-ac7e-44ba98bd38f6, command=[]} | ret=SUCCESS |  
2019-08-29 08:13:39,349 | INFO  | SCMAudit | user=jenkins1000 | ip=192.168.34.54 | op=SEND_HEARTBEAT {datanodeUUID=701dcac2-413a-4112-9eef-a6503cb024bf, command=[]} | ret=SUCCESS |  
2019-08-29 08:13:39,412 | INFO  | SCMAudit | user=jenkins1000 | ip=192.168.34.54 | op=SEND_HEARTBEAT {datanodeUUID=22940eff-9029-4e71-b915-5f2bfabaa31a, command=[]} | ret=SUCCESS |  
2019-08-29 08:13:39,452 [EventQueue-StaleNodeForStaleNodeHandler] INFO  node.StaleNodeHandler (StaleNodeHandler.java:onMessage(58)) - Datanode 2ba8cf83-fb49-4c0e-ac06-565332abd279{ip: 192.168.34.54, host: pr-hdds-1553-zhl8q-89899572, networkLocation: /default-rack, certSerialId: null} moved to stale state. Finalizing its pipelines [PipelineID=2eeb3c22-9cd8-4fc8-95ff-07083abb32c5, PipelineID=eb4c9455-6a73-43f3-80f8-08b4c78bf4d4]
2019-08-29 08:13:39,453 [EventQueue-StaleNodeForStaleNodeHandler] INFO  pipeline.SCMPipelineManager (SCMPipelineManager.java:finalizeAndDestroyPipeline(309)) - destroying pipeline:Pipeline[ Id: 2eeb3c22-9cd8-4fc8-95ff-07083abb32c5, Nodes: 701dcac2-413a-4112-9eef-a6503cb024bf{ip: 192.168.34.54, host: pr-hdds-1553-zhl8q-89899572, networkLocation: /default-rack, certSerialId: null}94fa760f-e64d-4170-ac7e-44ba98bd38f6{ip: 192.168.34.54, host: pr-hdds-1553-zhl8q-89899572, networkLocation: /default-rack, certSerialId: null}2ba8cf83-fb49-4c0e-ac06-565332abd279{ip: 192.168.34.54, host: pr-hdds-1553-zhl8q-89899572, networkLocation: /default-rack, certSerialId: null}, Type:RATIS, Factor:THREE, State:OPEN]
2019-08-29 08:13:39,453 [EventQueue-StaleNodeForStaleNodeHandler] INFO  pipeline.PipelineStateManager (PipelineStateManager.java:finalizePipeline(123)) - Pipeline Pipeline[ Id: 2eeb3c22-9cd8-4fc8-95ff-07083abb32c5, Nodes: 701dcac2-413a-4112-9eef-a6503cb024bf{ip: 192.168.34.54, host: pr-hdds-1553-zhl8q-89899572, networkLocation: /default-rack, certSerialId: null}94fa760f-e64d-4170-ac7e-44ba98bd38f6{ip: 192.168.34.54, host: pr-hdds-1553-zhl8q-89899572, networkLocation: /default-rack, certSerialId: null}2ba8cf83-fb49-4c0e-ac06-565332abd279{ip: 192.168.34.54, host: pr-hdds-1553-zhl8q-89899572, networkLocation: /default-rack, certSerialId: null}, Type:RATIS, Factor:THREE, State:CLOSED] moved to CLOSED state
2019-08-29 08:13:39,453 [EventQueue-StaleNodeForStaleNodeHandler] INFO  pipeline.SCMPipelineManager (SCMPipelineManager.java:finalizeAndDestroyPipeline(309)) - destroying pipeline:Pipeline[ Id: eb4c9455-6a73-43f3-80f8-08b4c78bf4d4, Nodes: 2ba8cf83-fb49-4c0e-ac06-565332abd279{ip: 192.168.34.54, host: pr-hdds-1553-zhl8q-89899572, networkLocation: /default-rack, certSerialId: null}, Type:RATIS, Factor:ONE, State:OPEN]
2019-08-29 08:13:39,453 [EventQueue-StaleNodeForStaleNodeHandler] INFO  pipeline.PipelineStateManager (PipelineStateManager.java:finalizePipeline(123)) - Pipeline Pipeline[ Id: eb4c9455-6a73-43f3-80f8-08b4c78bf4d4, Nodes: 2ba8cf83-fb49-4c0e-ac06-565332abd279{ip: 192.168.34.54, host: pr-hdds-1553-zhl8q-89899572, networkLocation: /default-rack, certSerialId: null}, Type:RATIS, Factor:ONE, State:CLOSED] moved to CLOSED state
2019-08-29 08:13:39,454 [EventQueue-StaleNodeForStaleNodeHandler] INFO  node.StaleNodeHandler (StaleNodeHandler.java:onMessage(58)) - Datanode 86ac6034-f33a-4178-b5f5-7175dd4ad45b{ip: 192.168.34.54, host: pr-hdds-1553-zhl8q-89899572, networkLocation: /default-rack, certSerialId: null} moved to stale state. Finalizing its pipelines [PipelineID=c12172ff-05c3-4ad7-9a46-0ce495b9c573, PipelineID=6536e53e-e6de-4c9d-a539-1f0f4b49e85e]
2019-08-29 08:13:39,454 [EventQueue-CloseContainerForCloseContainerEventHandler] INFO  container.CloseContainerEventHandler (CloseContainerEventHandler.java:onMessage(61)) - Close container Event triggered for container : #2
2019-08-29 08:13:39,454 [EventQueue-StaleNodeForStaleNodeHandler] INFO  pipeline.SCMPipelineManager (SCMPipelineManager.java:finalizeAndDestroyPipeline(309)) - destroying pipeline:Pipeline[ Id: c12172ff-05c3-4ad7-9a46-0ce495b9c573, Nodes: 298a5c77-4e08-4cfb-ad26-b2dd8c1ae315{ip: 192.168.34.54, host: pr-hdds-1553-zhl8q-89899572, networkLocation: /default-rack, certSerialId: null}86ac6034-f33a-4178-b5f5-7175dd4ad45b{ip: 192.168.34.54, host: pr-hdds-1553-zhl8q-89899572, networkLocation: /default-rack, certSerialId: null}22940eff-9029-4e71-b915-5f2bfabaa31a{ip: 192.168.34.54, host: pr-hdds-1553-zhl8q-89899572, networkLocation: /default-rack, certSerialId: null}, Type:RATIS, Factor:THREE, State:CLOSED]
2019-08-29 08:13:39,454 [EventQueue-StaleNodeForStaleNodeHandler] INFO  pipeline.SCMPipelineManager (SCMPipelineManager.java:finalizeAndDestroyPipeline(309)) - destroying pipeline:Pipeline[ Id: 6536e53e-e6de-4c9d-a539-1f0f4b49e85e, Nodes: 86ac6034-f33a-4178-b5f5-7175dd4ad45b{ip: 192.168.34.54, host: pr-hdds-1553-zhl8q-89899572, networkLocation: /default-rack, certSerialId: null}, Type:RATIS, Factor:ONE, State:OPEN]
2019-08-29 08:13:39,454 [EventQueue-StaleNodeForStaleNodeHandler] INFO  pipeline.PipelineStateManager (PipelineStateManager.java:finalizePipeline(123)) - Pipeline Pipeline[ Id: 6536e53e-e6de-4c9d-a539-1f0f4b49e85e, Nodes: 86ac6034-f33a-4178-b5f5-7175dd4ad45b{ip: 192.168.34.54, host: pr-hdds-1553-zhl8q-89899572, networkLocation: /default-rack, certSerialId: null}, Type:RATIS, Factor:ONE, State:CLOSED] moved to CLOSED state
2019-08-29 08:13:39,547 [ForkJoinPool.commonPool-worker-1] INFO  ozoneimpl.OzoneContainer (OzoneContainer.java:stop(199)) - Attempting to stop container services.
2019-08-29 08:13:39,547 [main] INFO  ozoneimpl.OzoneContainer (OzoneContainer.java:stop(199)) - Attempting to stop container services.
2019-08-29 08:13:39,551 [ForkJoinPool.commonPool-worker-1] INFO  impl.RaftServerProxy (RaftServerProxy.java:lambda$close$4(314)) - 2ba8cf83-fb49-4c0e-ac06-565332abd279: close
2019-08-29 08:13:39,551 [main] INFO  impl.RaftServerProxy (RaftServerProxy.java:lambda$close$4(314)) - 86ac6034-f33a-4178-b5f5-7175dd4ad45b: close
2019-08-29 08:13:39,551 [ForkJoinPool.commonPool-worker-1] INFO  impl.RaftServerImpl (RaftServerImpl.java:lambda$shutdown$3(245)) - 2ba8cf83-fb49-4c0e-ac06-565332abd279: shutdown group-07083ABB32C5
2019-08-29 08:13:39,551 [main] INFO  impl.RaftServerImpl (RaftServerImpl.java:lambda$shutdown$3(245)) - 86ac6034-f33a-4178-b5f5-7175dd4ad45b: shutdown group-0CE495B9C573
2019-08-29 08:13:39,552 [ForkJoinPool.commonPool-worker-1] INFO  util.JmxRegister (JmxRegister.java:unregister(73)) - Successfully un-registered JMX Bean with object name Ratis:service=RaftServer,group=group-07083ABB32C5,id=2ba8cf83-fb49-4c0e-ac06-565332abd279
2019-08-29 08:13:39,552 [main] INFO  util.JmxRegister (JmxRegister.java:unregister(73)) - Successfully un-registered JMX Bean with object name Ratis:service=RaftServer,group=group-0CE495B9C573,id=86ac6034-f33a-4178-b5f5-7175dd4ad45b
2019-08-29 08:13:39,552 [ForkJoinPool.commonPool-worker-1] INFO  impl.RoleInfo (RoleInfo.java:shutdownFollowerState(121)) - 2ba8cf83-fb49-4c0e-ac06-565332abd279: shutdown FollowerState
2019-08-29 08:13:39,552 [main] INFO  impl.RoleInfo (RoleInfo.java:shutdownFollowerState(121)) - 86ac6034-f33a-4178-b5f5-7175dd4ad45b: shutdown FollowerState
2019-08-29 08:13:39,552 [StateMachineUpdater:2ba8cf83-fb49-4c0e-ac06-565332abd279:group-07083ABB32C5] INFO  ratis.ContainerStateMachine (ContainerStateMachine.java:takeSnapshot(283)) - group-07083ABB32C5: Taking a snapshot at:(t:1, i:13) file /workdir/hadoop-ozone/integration-test/target/test-dir/MiniOzoneClusterImpl-2b6d929c-e003-4b1e-a690-bc78ed65c470/datanode-1/data/ratis/2eeb3c22-9cd8-4fc8-95ff-07083abb32c5/sm/snapshot.1_13
2019-08-29 08:13:39,552 [Thread-3417] INFO  impl.FollowerState (FollowerState.java:run(114)) - 2ba8cf83-fb49-4c0e-ac06-565332abd279: FollowerState was interrupted: java.lang.InterruptedException: sleep interrupted
2019-08-29 08:13:39,552 [ForkJoinPool.commonPool-worker-1] INFO  impl.StateMachineUpdater (StateMachineUpdater.java:stopAndJoin(115)) - StateMachineUpdater:2ba8cf83-fb49-4c0e-ac06-565332abd279:group-07083ABB32C5: set stopIndex = 15
2019-08-29 08:13:39,553 [StateMachineUpdater:86ac6034-f33a-4178-b5f5-7175dd4ad45b:group-0CE495B9C573] INFO  ratis.ContainerStateMachine (ContainerStateMachine.java:takeSnapshot(283)) - group-0CE495B9C573: Taking a snapshot at:(t:1, i:14) file /workdir/hadoop-ozone/integration-test/target/test-dir/MiniOzoneClusterImpl-2b6d929c-e003-4b1e-a690-bc78ed65c470/datanode-4/data/ratis/c12172ff-05c3-4ad7-9a46-0ce495b9c573/sm/snapshot.1_14
2019-08-29 08:13:39,553 [Thread-3656] INFO  impl.FollowerState (FollowerState.java:run(114)) - 86ac6034-f33a-4178-b5f5-7175dd4ad45b: FollowerState was interrupted: java.lang.InterruptedException: sleep interrupted
2019-08-29 08:13:39,553 [main] INFO  impl.StateMachineUpdater (StateMachineUpdater.java:stopAndJoin(115)) - StateMachineUpdater:86ac6034-f33a-4178-b5f5-7175dd4ad45b:group-0CE495B9C573: set stopIndex = 18
2019-08-29 08:13:39,568 [StateMachineUpdater:2ba8cf83-fb49-4c0e-ac06-565332abd279:group-07083ABB32C5] INFO  ratis.ContainerStateMachine (ContainerStateMachine.java:takeSnapshot(294)) - group-07083ABB32C5: Finished taking a snapshot at:(t:1, i:13) file:/workdir/hadoop-ozone/integration-test/target/test-dir/MiniOzoneClusterImpl-2b6d929c-e003-4b1e-a690-bc78ed65c470/datanode-1/data/ratis/2eeb3c22-9cd8-4fc8-95ff-07083abb32c5/sm/snapshot.1_13 time:16
2019-08-29 08:13:39,568 [StateMachineUpdater:86ac6034-f33a-4178-b5f5-7175dd4ad45b:group-0CE495B9C573] INFO  ratis.ContainerStateMachine (ContainerStateMachine.java:takeSnapshot(294)) - group-0CE495B9C573: Finished taking a snapshot at:(t:1, i:14) file:/workdir/hadoop-ozone/integration-test/target/test-dir/MiniOzoneClusterImpl-2b6d929c-e003-4b1e-a690-bc78ed65c470/datanode-4/data/ratis/c12172ff-05c3-4ad7-9a46-0ce495b9c573/sm/snapshot.1_14 time:16
2019-08-29 08:13:39,569 [StateMachineUpdater:2ba8cf83-fb49-4c0e-ac06-565332abd279:group-07083ABB32C5] INFO  impl.StateMachineUpdater (StateMachineUpdater.java:takeSnapshot(242)) - StateMachineUpdater:2ba8cf83-fb49-4c0e-ac06-565332abd279:group-07083ABB32C5: Took a snapshot at index 13
2019-08-29 08:13:39,569 [StateMachineUpdater:86ac6034-f33a-4178-b5f5-7175dd4ad45b:group-0CE495B9C573] INFO  impl.StateMachineUpdater (StateMachineUpdater.java:takeSnapshot(242)) - StateMachineUpdater:86ac6034-f33a-4178-b5f5-7175dd4ad45b:group-0CE495B9C573: Took a snapshot at index 14
2019-08-29 08:13:39,569 [StateMachineUpdater:2ba8cf83-fb49-4c0e-ac06-565332abd279:group-07083ABB32C5] INFO  impl.StateMachineUpdater (StateMachineUpdater.java:lambda$new$0(80)) - StateMachineUpdater:2ba8cf83-fb49-4c0e-ac06-565332abd279:group-07083ABB32C5: snapshotIndex: updateIncreasingly -1 -> 13
2019-08-29 08:13:39,569 [StateMachineUpdater:86ac6034-f33a-4178-b5f5-7175dd4ad45b:group-0CE495B9C573] INFO  impl.StateMachineUpdater (StateMachineUpdater.java:lambda$new$0(80)) - StateMachineUpdater:86ac6034-f33a-4178-b5f5-7175dd4ad45b:group-0CE495B9C573: snapshotIndex: updateIncreasingly -1 -> 14
2019-08-29 08:13:39,569 [ForkJoinPool.commonPool-worker-1] INFO  impl.RaftServerImpl (ServerState.java:close(394)) - 2ba8cf83-fb49-4c0e-ac06-565332abd279:group-07083ABB32C5 closes. The last applied log index is 15
2019-08-29 08:13:39,569 [main] INFO  impl.RaftServerImpl (ServerState.java:close(394)) - 86ac6034-f33a-4178-b5f5-7175dd4ad45b:group-0CE495B9C573 closes. The last applied log index is 18
2019-08-29 08:13:39,570 [2ba8cf83-fb49-4c0e-ac06-565332abd279-SegmentedRaftLogWorker:Storage Directory /workdir/hadoop-ozone/integration-test/target/test-dir/MiniOzoneClusterImpl-2b6d929c-e003-4b1e-a690-bc78ed65c470/datanode-1/data/ratis/2eeb3c22-9cd8-4fc8-95ff-07083abb32c5] INFO  segmented.SegmentedRaftLogWorker (SegmentedRaftLogWorker.java:run(313)) - 2ba8cf83-fb49-4c0e-ac06-565332abd279-SegmentedRaftLogWorker:Storage Directory /workdir/hadoop-ozone/integration-test/target/test-dir/MiniOzoneClusterImpl-2b6d929c-e003-4b1e-a690-bc78ed65c470/datanode-1/data/ratis/2eeb3c22-9cd8-4fc8-95ff-07083abb32c5 was interrupted, exiting. There are 0 tasks remaining in the queue.
2019-08-29 08:13:39,570 [86ac6034-f33a-4178-b5f5-7175dd4ad45b-SegmentedRaftLogWorker:Storage Directory /workdir/hadoop-ozone/integration-test/target/test-dir/MiniOzoneClusterImpl-2b6d929c-e003-4b1e-a690-bc78ed65c470/datanode-4/data/ratis/c12172ff-05c3-4ad7-9a46-0ce495b9c573] INFO  segmented.SegmentedRaftLogWorker (SegmentedRaftLogWorker.java:run(313)) - 86ac6034-f33a-4178-b5f5-7175dd4ad45b-SegmentedRaftLogWorker:Storage Directory /workdir/hadoop-ozone/integration-test/target/test-dir/MiniOzoneClusterImpl-2b6d929c-e003-4b1e-a690-bc78ed65c470/datanode-4/data/ratis/c12172ff-05c3-4ad7-9a46-0ce495b9c573 was interrupted, exiting. There are 0 tasks remaining in the queue.
2019-08-29 08:13:39,573 [ForkJoinPool.commonPool-worker-1] INFO  segmented.SegmentedRaftLogWorker (SegmentedRaftLogWorker.java:close(228)) - 2ba8cf83-fb49-4c0e-ac06-565332abd279-SegmentedRaftLogWorker:Storage Directory /workdir/hadoop-ozone/integration-test/target/test-dir/MiniOzoneClusterImpl-2b6d929c-e003-4b1e-a690-bc78ed65c470/datanode-1/data/ratis/2eeb3c22-9cd8-4fc8-95ff-07083abb32c5 close()
2019-08-29 08:13:39,573 [main] INFO  segmented.SegmentedRaftLogWorker (SegmentedRaftLogWorker.java:close(228)) - 86ac6034-f33a-4178-b5f5-7175dd4ad45b-SegmentedRaftLogWorker:Storage Directory /workdir/hadoop-ozone/integration-test/target/test-dir/MiniOzoneClusterImpl-2b6d929c-e003-4b1e-a690-bc78ed65c470/datanode-4/data/ratis/c12172ff-05c3-4ad7-9a46-0ce495b9c573 close()
2019-08-29 08:13:39,576 [ForkJoinPool.commonPool-worker-1] INFO  impl.RaftServerImpl (RaftServerImpl.java:lambda$shutdown$3(245)) - 2ba8cf83-fb49-4c0e-ac06-565332abd279: shutdown group-08B4C78BF4D4
2019-08-29 08:13:39,578 [main] INFO  impl.RaftServerImpl (RaftServerImpl.java:lambda$shutdown$3(245)) - 86ac6034-f33a-4178-b5f5-7175dd4ad45b: shutdown group-1F0F4B49E85E
2019-08-29 08:13:39,578 [ForkJoinPool.commonPool-worker-1] INFO  util.JmxRegister (JmxRegister.java:unregister(73)) - Successfully un-registered JMX Bean with object name Ratis:service=RaftServer,group=group-08B4C78BF4D4,id=2ba8cf83-fb49-4c0e-ac06-565332abd279
2019-08-29 08:13:39,579 [main] INFO  util.JmxRegister (JmxRegister.java:unregister(73)) - Successfully un-registered JMX Bean with object name Ratis:service=RaftServer,group=group-1F0F4B49E85E,id=86ac6034-f33a-4178-b5f5-7175dd4ad45b
2019-08-29 08:13:39,579 [ForkJoinPool.commonPool-worker-1] INFO  impl.RoleInfo (RoleInfo.java:shutdownLeaderState(104)) - 2ba8cf83-fb49-4c0e-ac06-565332abd279: shutdown LeaderState
2019-08-29 08:13:39,579 [main] INFO  impl.RoleInfo (RoleInfo.java:shutdownLeaderState(104)) - 86ac6034-f33a-4178-b5f5-7175dd4ad45b: shutdown LeaderState
2019-08-29 08:13:39,579 [ForkJoinPool.commonPool-worker-1] INFO  impl.PendingRequests (PendingRequests.java:sendNotLeaderResponses(202)) - 2ba8cf83-fb49-4c0e-ac06-565332abd279-PendingRequests: sendNotLeaderResponses
2019-08-29 08:13:39,580 [main] INFO  impl.PendingRequests (PendingRequests.java:sendNotLeaderResponses(202)) - 86ac6034-f33a-4178-b5f5-7175dd4ad45b-PendingRequests: sendNotLeaderResponses
2019-08-29 08:13:39,580 [ForkJoinPool.commonPool-worker-1] INFO  impl.StateMachineUpdater (StateMachineUpdater.java:stopAndJoin(115)) - StateMachineUpdater:2ba8cf83-fb49-4c0e-ac06-565332abd279:group-08B4C78BF4D4: set stopIndex = 0
2019-08-29 08:13:39,580 [main] INFO  impl.StateMachineUpdater (StateMachineUpdater.java:stopAndJoin(115)) - StateMachineUpdater:86ac6034-f33a-4178-b5f5-7175dd4ad45b:group-1F0F4B49E85E: set stopIndex = 0
2019-08-29 08:13:39,580 [ForkJoinPool.commonPool-worker-1] INFO  impl.RaftServerImpl (ServerState.java:close(394)) - 2ba8cf83-fb49-4c0e-ac06-565332abd279:group-08B4C78BF4D4 closes. The last applied log index is 0
2019-08-29 08:13:39,581 [main] INFO  impl.RaftServerImpl (ServerState.java:close(394)) - 86ac6034-f33a-4178-b5f5-7175dd4ad45b:group-1F0F4B49E85E closes. The last applied log index is 0
2019-08-29 08:13:39,581 [2ba8cf83-fb49-4c0e-ac06-565332abd279-SegmentedRaftLogWorker:Storage Directory /workdir/hadoop-ozone/integration-test/target/test-dir/MiniOzoneClusterImpl-2b6d929c-e003-4b1e-a690-bc78ed65c470/datanode-1/data/ratis/eb4c9455-6a73-43f3-80f8-08b4c78bf4d4] INFO  segmented.SegmentedRaftLogWorker (SegmentedRaftLogWorker.java:run(313)) - 2ba8cf83-fb49-4c0e-ac06-565332abd279-SegmentedRaftLogWorker:Storage Directory /workdir/hadoop-ozone/integration-test/target/test-dir/MiniOzoneClusterImpl-2b6d929c-e003-4b1e-a690-bc78ed65c470/datanode-1/data/ratis/eb4c9455-6a73-43f3-80f8-08b4c78bf4d4 was interrupted, exiting. There are 0 tasks remaining in the queue.
2019-08-29 08:13:39,581 [86ac6034-f33a-4178-b5f5-7175dd4ad45b-SegmentedRaftLogWorker:Storage Directory /workdir/hadoop-ozone/integration-test/target/test-dir/MiniOzoneClusterImpl-2b6d929c-e003-4b1e-a690-bc78ed65c470/datanode-4/data/ratis/6536e53e-e6de-4c9d-a539-1f0f4b49e85e] INFO  segmented.SegmentedRaftLogWorker (SegmentedRaftLogWorker.java:run(313)) - 86ac6034-f33a-4178-b5f5-7175dd4ad45b-SegmentedRaftLogWorker:Storage Directory /workdir/hadoop-ozone/integration-test/target/test-dir/MiniOzoneClusterImpl-2b6d929c-e003-4b1e-a690-bc78ed65c470/datanode-4/data/ratis/6536e53e-e6de-4c9d-a539-1f0f4b49e85e was interrupted, exiting. There are 0 tasks remaining in the queue.
2019-08-29 08:13:39,583 [ForkJoinPool.commonPool-worker-1] INFO  segmented.SegmentedRaftLogWorker (SegmentedRaftLogWorker.java:close(228)) - 2ba8cf83-fb49-4c0e-ac06-565332abd279-SegmentedRaftLogWorker:Storage Directory /workdir/hadoop-ozone/integration-test/target/test-dir/MiniOzoneClusterImpl-2b6d929c-e003-4b1e-a690-bc78ed65c470/datanode-1/data/ratis/eb4c9455-6a73-43f3-80f8-08b4c78bf4d4 close()
2019-08-29 08:13:39,584 [main] INFO  segmented.SegmentedRaftLogWorker (SegmentedRaftLogWorker.java:close(228)) - 86ac6034-f33a-4178-b5f5-7175dd4ad45b-SegmentedRaftLogWorker:Storage Directory /workdir/hadoop-ozone/integration-test/target/test-dir/MiniOzoneClusterImpl-2b6d929c-e003-4b1e-a690-bc78ed65c470/datanode-4/data/ratis/6536e53e-e6de-4c9d-a539-1f0f4b49e85e close()
2019-08-29 08:13:39,586 [ForkJoinPool.commonPool-worker-1] INFO  server.GrpcService (GrpcService.java:closeImpl(155)) - 2ba8cf83-fb49-4c0e-ac06-565332abd279: shutdown server with port 41136 now
2019-08-29 08:13:39,589 [main] INFO  server.GrpcService (GrpcService.java:closeImpl(155)) - 86ac6034-f33a-4178-b5f5-7175dd4ad45b: shutdown server with port 36522 now
2019-08-29 08:13:39,589 [grpc-default-executor-9] WARN  server.GrpcServerProtocolService (LogUtils.java:warn(134)) - 2ba8cf83-fb49-4c0e-ac06-565332abd279: appendEntries onError: org.apache.ratis.thirdparty.io.grpc.StatusRuntimeException: CANCELLED: cancelled before receiving half close
2019-08-29 08:13:39,589 [grpc-default-executor-10] WARN  server.GrpcServerProtocolService (LogUtils.java:warn(134)) - 86ac6034-f33a-4178-b5f5-7175dd4ad45b: appendEntries onError: org.apache.ratis.thirdparty.io.grpc.StatusRuntimeException: CANCELLED: cancelled before receiving half close
2019-08-29 08:13:39,590 [main] INFO  server.GrpcService (GrpcService.java:closeImpl(163)) - 86ac6034-f33a-4178-b5f5-7175dd4ad45b: shutdown server with port 36522 successfully
2019-08-29 08:13:39,590 [ForkJoinPool.commonPool-worker-1] INFO  server.GrpcService (GrpcService.java:closeImpl(163)) - 2ba8cf83-fb49-4c0e-ac06-565332abd279: shutdown server with port 41136 successfully
2019-08-29 08:13:39,590 [grpc-default-executor-7] WARN  server.GrpcLogAppender (LogUtils.java:warn(134)) - 701dcac2-413a-4112-9eef-a6503cb024bf->2ba8cf83-fb49-4c0e-ac06-565332abd279: Failed appendEntries: org.apache.ratis.thirdparty.io.grpc.StatusRuntimeException: CANCELLED: HTTP/2 error code: CANCEL
Received Rst Stream
2019-08-29 08:13:39,590 [grpc-default-executor-9] WARN  server.GrpcLogAppender (LogUtils.java:warn(134)) - 22940eff-9029-4e71-b915-5f2bfabaa31a->86ac6034-f33a-4178-b5f5-7175dd4ad45b: Failed appendEntries: org.apache.ratis.thirdparty.io.grpc.StatusRuntimeException: CANCELLED: HTTP/2 error code: CANCEL
Received Rst Stream
2019-08-29 08:13:39,590 [grpc-default-executor-7] INFO  impl.FollowerInfo (FollowerInfo.java:lambda$new$0(50)) - 701dcac2-413a-4112-9eef-a6503cb024bf->2ba8cf83-fb49-4c0e-ac06-565332abd279: nextIndex: updateUnconditionally 16 -> 15
2019-08-29 08:13:39,590 [grpc-default-executor-9] INFO  impl.FollowerInfo (FollowerInfo.java:lambda$new$0(50)) - 22940eff-9029-4e71-b915-5f2bfabaa31a->86ac6034-f33a-4178-b5f5-7175dd4ad45b: nextIndex: updateUnconditionally 19 -> 18
2019-08-29 08:13:39,591 [main] INFO  utils.BackgroundService (BackgroundService.java:shutdown(148)) - Shutting down service BlockDeletingService
2019-08-29 08:13:39,591 [ForkJoinPool.commonPool-worker-1] INFO  utils.BackgroundService (BackgroundService.java:shutdown(148)) - Shutting down service BlockDeletingService
2019-08-29 08:13:39,595 [refreshUsed-/workdir/hadoop-ozone/integration-test/target/test-dir/MiniOzoneClusterImpl-2b6d929c-e003-4b1e-a690-bc78ed65c470/datanode-4/data/containers] WARN  fs.CachingGetSpaceUsed (CachingGetSpaceUsed.java:run(183)) - Thread Interrupted waiting to refresh disk information: sleep interrupted
2019-08-29 08:13:39,595 [refreshUsed-/workdir/hadoop-ozone/integration-test/target/test-dir/MiniOzoneClusterImpl-2b6d929c-e003-4b1e-a690-bc78ed65c470/datanode-1/data/containers] WARN  fs.CachingGetSpaceUsed (CachingGetSpaceUsed.java:run(183)) - Thread Interrupted waiting to refresh disk information: sleep interrupted
2019-08-29 08:13:39,614 [ForkJoinPool.commonPool-worker-1] INFO  statemachine.DatanodeStateMachine (DatanodeStateMachine.java:stopDaemon(395)) - Ozone container server stopped.
2019-08-29 08:13:39,615 [main] INFO  statemachine.DatanodeStateMachine (DatanodeStateMachine.java:stopDaemon(395)) - Ozone container server stopped.
2019-08-29 08:13:39,622 [ForkJoinPool.commonPool-worker-1] INFO  handler.ContextHandler (ContextHandler.java:doStop(910)) - Stopped o.e.j.w.WebAppContext@6f5d292c{/,null,UNAVAILABLE}{/hddsDatanode}
2019-08-29 08:13:39,622 [main] INFO  handler.ContextHandler (ContextHandler.java:doStop(910)) - Stopped o.e.j.w.WebAppContext@6a063931{/,null,UNAVAILABLE}{/hddsDatanode}
2019-08-29 08:13:39,623 [ForkJoinPool.commonPool-worker-1] INFO  server.AbstractConnector (AbstractConnector.java:doStop(318)) - Stopped ServerConnector@3c4940d2{HTTP/1.1,[http/1.1]}{0.0.0.0:0}
2019-08-29 08:13:39,623 [main] INFO  server.AbstractConnector (AbstractConnector.java:doStop(318)) - Stopped ServerConnector@9a932a4{HTTP/1.1,[http/1.1]}{0.0.0.0:0}
2019-08-29 08:13:39,625 [ForkJoinPool.commonPool-worker-1] INFO  handler.ContextHandler (ContextHandler.java:doStop(910)) - Stopped o.e.j.s.ServletContextHandler@92fa950{/static,jar:file:/home/user/.m2/repository/org/apache/hadoop/hadoop-hdds-container-service/0.5.0-SNAPSHOT/hadoop-hdds-container-service-0.5.0-SNAPSHOT.jar!/webapps/static,UNAVAILABLE}
2019-08-29 08:13:39,625 [main] INFO  handler.ContextHandler (ContextHandler.java:doStop(910)) - Stopped o.e.j.s.ServletContextHandler@6419726f{/static,jar:file:/home/user/.m2/repository/org/apache/hadoop/hadoop-hdds-container-service/0.5.0-SNAPSHOT/hadoop-hdds-container-service-0.5.0-SNAPSHOT.jar!/webapps/static,UNAVAILABLE}
2019-08-29 08:13:39,627 [ForkJoinPool.commonPool-worker-1] INFO  handler.ContextHandler (ContextHandler.java:doStop(910)) - Stopped o.e.j.s.ServletContextHandler@c925ae1{/logs,file:///workdir/hadoop-ozone/integration-test/target/log,UNAVAILABLE}
2019-08-29 08:13:39,627 [main] INFO  handler.ContextHandler (ContextHandler.java:doStop(910)) - Stopped o.e.j.s.ServletContextHandler@6da6c10e{/logs,file:///workdir/hadoop-ozone/integration-test/target/log,UNAVAILABLE}
2019-08-29 08:13:39,628 [ForkJoinPool.commonPool-worker-1] INFO  datanode.ObjectStoreHandler (ObjectStoreHandler.java:close(155)) - Closing ObjectStoreHandler.
2019-08-29 08:13:39,628 [main] INFO  datanode.ObjectStoreHandler (ObjectStoreHandler.java:close(155)) - Closing ObjectStoreHandler.
2019-08-29 08:13:39,628 [ForkJoinPool.commonPool-worker-1] INFO  ozone.HddsDatanodeService (HddsDatanodeService.java:stop(451)) - Stopped plug-in org.apache.hadoop.ozone.web.OzoneHddsDatanodeService@347770a9
2019-08-29 08:13:39,628 [main] INFO  ozone.HddsDatanodeService (HddsDatanodeService.java:stop(451)) - Stopped plug-in org.apache.hadoop.ozone.web.OzoneHddsDatanodeService@2ca8bd50
2019-08-29 08:13:40,142 | INFO  | SCMAudit | user=jenkins1000 | ip=192.168.34.54 | op=SEND_HEARTBEAT {datanodeUUID=f857bedd-aee7-4d2b-9918-46878ad86507, command=[]} | ret=SUCCESS |  
2019-08-29 08:13:40,348 [Datanode State Machine Thread - 0] INFO  statemachine.DatanodeStateMachine (DatanodeStateMachine.java:lambda$startDaemon$0(350)) - Ozone container server started.
2019-08-29 08:13:40,350 | INFO  | SCMAudit | user=jenkins1000 | ip=192.168.34.54 | op=SEND_HEARTBEAT {datanodeUUID=701dcac2-413a-4112-9eef-a6503cb024bf, command=[commandType: closeContainerCommand closeContainerCommandProto { containerID: 2 pipelineID { id: "2eeb3c22-9cd8-4fc8-95ff-07083abb32c5" } cmdId: 2 force: false } ]} | ret=SUCCESS |  
2019-08-29 08:13:40,412 [Datanode State Machine Thread - 0] INFO  statemachine.DatanodeStateMachine (DatanodeStateMachine.java:lambda$startDaemon$0(350)) - Ozone container server started.
2019-08-29 08:13:41,142 | INFO  | SCMAudit | user=jenkins1000 | ip=192.168.34.54 | op=SEND_HEARTBEAT {datanodeUUID=f857bedd-aee7-4d2b-9918-46878ad86507, command=[]} | ret=SUCCESS |  
2019-08-29 08:13:41,349 | INFO  | SCMAudit | user=jenkins1000 | ip=192.168.34.54 | op=SEND_HEARTBEAT {datanodeUUID=701dcac2-413a-4112-9eef-a6503cb024bf, command=[]} | ret=SUCCESS |  
2019-08-29 08:13:41,366 | INFO  | SCMAudit | user=jenkins1000 | ip=192.168.34.54 | op=SEND_HEARTBEAT {datanodeUUID=701dcac2-413a-4112-9eef-a6503cb024bf, command=[]} | ret=SUCCESS |  
2019-08-29 08:13:41,368 [grpc-default-executor-10] WARN  server.GrpcLogAppender (LogUtils.java:warn(134)) - 701dcac2-413a-4112-9eef-a6503cb024bf->2ba8cf83-fb49-4c0e-ac06-565332abd279: Failed appendEntries: org.apache.ratis.thirdparty.io.grpc.StatusRuntimeException: UNAVAILABLE: io exception
2019-08-29 08:13:41,369 [grpc-default-executor-10] INFO  impl.FollowerInfo (FollowerInfo.java:lambda$new$0(50)) - 701dcac2-413a-4112-9eef-a6503cb024bf->2ba8cf83-fb49-4c0e-ac06-565332abd279: nextIndex: updateUnconditionally 16 -> 15
2019-08-29 08:13:41,381 [grpc-default-executor-9] WARN  server.GrpcLogAppender (LogUtils.java:warn(134)) - 701dcac2-413a-4112-9eef-a6503cb024bf->2ba8cf83-fb49-4c0e-ac06-565332abd279: Failed appendEntries: org.apache.ratis.thirdparty.io.grpc.StatusRuntimeException: UNAVAILABLE: io exception
2019-08-29 08:13:41,382 [grpc-default-executor-9] INFO  impl.FollowerInfo (FollowerInfo.java:lambda$new$0(50)) - 701dcac2-413a-4112-9eef-a6503cb024bf->2ba8cf83-fb49-4c0e-ac06-565332abd279: nextIndex: updateUnconditionally 16 -> 15
2019-08-29 08:13:41,394 [grpc-default-executor-9] WARN  server.GrpcLogAppender (LogUtils.java:warn(134)) - 701dcac2-413a-4112-9eef-a6503cb024bf->2ba8cf83-fb49-4c0e-ac06-565332abd279: Failed appendEntries: org.apache.ratis.thirdparty.io.grpc.StatusRuntimeException: UNAVAILABLE: io exception
2019-08-29 08:13:41,394 [grpc-default-executor-9] INFO  impl.FollowerInfo (FollowerInfo.java:lambda$new$0(50)) - 701dcac2-413a-4112-9eef-a6503cb024bf->2ba8cf83-fb49-4c0e-ac06-565332abd279: nextIndex: updateUnconditionally 16 -> 15
2019-08-29 08:13:41,395 [RatisApplyTransactionExecutor 2] INFO  interfaces.Container (KeyValueContainer.java:flushAndSyncDB(382)) - Container 2 is synced with bcsId 13.
2019-08-29 08:13:41,395 [RatisApplyTransactionExecutor 2] INFO  interfaces.Container (KeyValueContainer.java:flushAndSyncDB(382)) - Container 2 is synced with bcsId 13.
2019-08-29 08:13:41,414 | INFO  | DNAudit | user=null | ip=null | op=CLOSE_CONTAINER {containerID=2} | ret=SUCCESS |  
2019-08-29 08:13:41,414 [RatisApplyTransactionExecutor 2] INFO  interfaces.Container (KeyValueContainer.java:flushAndSyncDB(382)) - Container 2 is synced with bcsId 13.
2019-08-29 08:13:41,415 [RatisApplyTransactionExecutor 2] INFO  interfaces.Container (KeyValueContainer.java:flushAndSyncDB(382)) - Container 2 is synced with bcsId 13.
2019-08-29 08:13:41,416 | INFO  | SCMAudit | user=jenkins1000 | ip=192.168.34.54 | op=SEND_HEARTBEAT {datanodeUUID=701dcac2-413a-4112-9eef-a6503cb024bf, command=[]} | ret=SUCCESS |  
2019-08-29 08:13:41,416 [EventQueue-IncrementalContainerReportForIncrementalContainerReportHandler] INFO  container.IncrementalContainerReportHandler (AbstractContainerReportHandler.java:updateContainerState(176)) - Moving container #2 to CLOSED state, datanode 701dcac2-413a-4112-9eef-a6503cb024bf{ip: 192.168.34.54, host: pr-hdds-1553-zhl8q-89899572, networkLocation: /default-rack, certSerialId: null} reported CLOSED replica.
2019-08-29 08:13:41,431 | INFO  | DNAudit | user=null | ip=null | op=CLOSE_CONTAINER {containerID=2} | ret=SUCCESS |  
2019-08-29 08:13:41,612 [grpc-default-executor-10] WARN  server.GrpcLogAppender (LogUtils.java:warn(134)) - 22940eff-9029-4e71-b915-5f2bfabaa31a->298a5c77-4e08-4cfb-ad26-b2dd8c1ae315: Failed appendEntries: org.apache.ratis.thirdparty.io.grpc.StatusRuntimeException: UNAVAILABLE: io exception
2019-08-29 08:13:41,612 [grpc-default-executor-10] INFO  impl.FollowerInfo (FollowerInfo.java:lambda$new$0(50)) - 22940eff-9029-4e71-b915-5f2bfabaa31a->298a5c77-4e08-4cfb-ad26-b2dd8c1ae315: nextIndex: updateUnconditionally 0 -> 0
2019-08-29 08:13:41,612 [grpc-default-executor-11] WARN  server.GrpcLogAppender (LogUtils.java:warn(134)) - 22940eff-9029-4e71-b915-5f2bfabaa31a->86ac6034-f33a-4178-b5f5-7175dd4ad45b: Failed appendEntries: org.apache.ratis.thirdparty.io.grpc.StatusRuntimeException: UNAVAILABLE: io exception
2019-08-29 08:13:41,613 [grpc-default-executor-11] INFO  impl.FollowerInfo (FollowerInfo.java:lambda$new$0(50)) - 22940eff-9029-4e71-b915-5f2bfabaa31a->86ac6034-f33a-4178-b5f5-7175dd4ad45b: nextIndex: updateUnconditionally 18 -> 17
2019-08-29 08:13:42,142 | INFO  | SCMAudit | user=jenkins1000 | ip=192.168.34.54 | op=SEND_HEARTBEAT {datanodeUUID=f857bedd-aee7-4d2b-9918-46878ad86507, command=[]} | ret=SUCCESS |  
2019-08-29 08:13:42,414 | INFO  | SCMAudit | user=jenkins1000 | ip=192.168.34.54 | op=SEND_HEARTBEAT {datanodeUUID=701dcac2-413a-4112-9eef-a6503cb024bf, command=[]} | ret=SUCCESS |  
2019-08-29 08:13:43,142 | INFO  | SCMAudit | user=jenkins1000 | ip=192.168.34.54 | op=SEND_HEARTBEAT {datanodeUUID=f857bedd-aee7-4d2b-9918-46878ad86507, command=[]} | ret=SUCCESS |  
2019-08-29 08:13:43,414 | INFO  | SCMAudit | user=jenkins1000 | ip=192.168.34.54 | op=SEND_HEARTBEAT {datanodeUUID=701dcac2-413a-4112-9eef-a6503cb024bf, command=[]} | ret=SUCCESS |  
2019-08-29 08:13:43,895 [grpc-default-executor-7] WARN  server.GrpcLogAppender (LogUtils.java:warn(134)) - 701dcac2-413a-4112-9eef-a6503cb024bf->2ba8cf83-fb49-4c0e-ac06-565332abd279: Failed appendEntries: org.apache.ratis.thirdparty.io.grpc.StatusRuntimeException: UNAVAILABLE: io exception
2019-08-29 08:13:43,895 [grpc-default-executor-7] INFO  impl.FollowerInfo (FollowerInfo.java:lambda$new$0(50)) - 701dcac2-413a-4112-9eef-a6503cb024bf->2ba8cf83-fb49-4c0e-ac06-565332abd279: nextIndex: updateUnconditionally 15 -> 14
2019-08-29 08:13:44,112 [grpc-default-executor-11] WARN  server.GrpcLogAppender (LogUtils.java:warn(134)) - 22940eff-9029-4e71-b915-5f2bfabaa31a->298a5c77-4e08-4cfb-ad26-b2dd8c1ae315: Failed appendEntries: org.apache.ratis.thirdparty.io.grpc.StatusRuntimeException: UNAVAILABLE: io exception
2019-08-29 08:13:44,112 [grpc-default-executor-11] INFO  impl.FollowerInfo (FollowerInfo.java:lambda$new$0(50)) - 22940eff-9029-4e71-b915-5f2bfabaa31a->298a5c77-4e08-4cfb-ad26-b2dd8c1ae315: nextIndex: updateUnconditionally 0 -> 0
2019-08-29 08:13:44,113 [grpc-default-executor-10] WARN  server.GrpcLogAppender (LogUtils.java:warn(134)) - 22940eff-9029-4e71-b915-5f2bfabaa31a->86ac6034-f33a-4178-b5f5-7175dd4ad45b: Failed appendEntries: org.apache.ratis.thirdparty.io.grpc.StatusRuntimeException: UNAVAILABLE: io exception
2019-08-29 08:13:44,113 [grpc-default-executor-10] INFO  impl.FollowerInfo (FollowerInfo.java:lambda$new$0(50)) - 22940eff-9029-4e71-b915-5f2bfabaa31a->86ac6034-f33a-4178-b5f5-7175dd4ad45b: nextIndex: updateUnconditionally 17 -> 16
2019-08-29 08:13:44,142 | INFO  | SCMAudit | user=jenkins1000 | ip=192.168.34.54 | op=SEND_HEARTBEAT {datanodeUUID=f857bedd-aee7-4d2b-9918-46878ad86507, command=[]} | ret=SUCCESS |  
2019-08-29 08:13:44,358 [EventQueue-StaleNodeForStaleNodeHandler] INFO  node.StaleNodeHandler (StaleNodeHandler.java:onMessage(58)) - Datanode 94fa760f-e64d-4170-ac7e-44ba98bd38f6{ip: 192.168.34.54, host: pr-hdds-1553-zhl8q-89899572, networkLocation: /default-rack, certSerialId: null} moved to stale state. Finalizing its pipelines [PipelineID=2eeb3c22-9cd8-4fc8-95ff-07083abb32c5, PipelineID=cba26b7a-8e87-4b5b-b722-7d09cc453c2e]
2019-08-29 08:13:44,359 [EventQueue-StaleNodeForStaleNodeHandler] INFO  pipeline.SCMPipelineManager (SCMPipelineManager.java:finalizeAndDestroyPipeline(309)) - destroying pipeline:Pipeline[ Id: 2eeb3c22-9cd8-4fc8-95ff-07083abb32c5, Nodes: 701dcac2-413a-4112-9eef-a6503cb024bf{ip: 192.168.34.54, host: pr-hdds-1553-zhl8q-89899572, networkLocation: /default-rack, certSerialId: null}94fa760f-e64d-4170-ac7e-44ba98bd38f6{ip: 192.168.34.54, host: pr-hdds-1553-zhl8q-89899572, networkLocation: /default-rack, certSerialId: null}2ba8cf83-fb49-4c0e-ac06-565332abd279{ip: 192.168.34.54, host: pr-hdds-1553-zhl8q-89899572, networkLocation: /default-rack, certSerialId: null}, Type:RATIS, Factor:THREE, State:CLOSED]
2019-08-29 08:13:44,359 [EventQueue-StaleNodeForStaleNodeHandler] INFO  pipeline.SCMPipelineManager (SCMPipelineManager.java:finalizeAndDestroyPipeline(309)) - destroying pipeline:Pipeline[ Id: cba26b7a-8e87-4b5b-b722-7d09cc453c2e, Nodes: 94fa760f-e64d-4170-ac7e-44ba98bd38f6{ip: 192.168.34.54, host: pr-hdds-1553-zhl8q-89899572, networkLocation: /default-rack, certSerialId: null}, Type:RATIS, Factor:ONE, State:OPEN]
2019-08-29 08:13:44,359 [EventQueue-StaleNodeForStaleNodeHandler] INFO  pipeline.PipelineStateManager (PipelineStateManager.java:finalizePipeline(123)) - Pipeline Pipeline[ Id: cba26b7a-8e87-4b5b-b722-7d09cc453c2e, Nodes: 94fa760f-e64d-4170-ac7e-44ba98bd38f6{ip: 192.168.34.54, host: pr-hdds-1553-zhl8q-89899572, networkLocation: /default-rack, certSerialId: null}, Type:RATIS, Factor:ONE, State:CLOSED] moved to CLOSED state
2019-08-29 08:13:44,414 | INFO  | SCMAudit | user=jenkins1000 | ip=192.168.34.54 | op=SEND_HEARTBEAT {datanodeUUID=701dcac2-413a-4112-9eef-a6503cb024bf, command=[]} | ret=SUCCESS |  
2019-08-29 08:13:44,458 [EventQueue-StaleNodeForStaleNodeHandler] INFO  node.StaleNodeHandler (StaleNodeHandler.java:onMessage(58)) - Datanode 22940eff-9029-4e71-b915-5f2bfabaa31a{ip: 192.168.34.54, host: pr-hdds-1553-zhl8q-89899572, networkLocation: /default-rack, certSerialId: null} moved to stale state. Finalizing its pipelines [PipelineID=c12172ff-05c3-4ad7-9a46-0ce495b9c573, PipelineID=08b6c39a-e592-4a79-b9b5-d06ba6c57112]
2019-08-29 08:13:44,459 [EventQueue-StaleNodeForStaleNodeHandler] INFO  pipeline.SCMPipelineManager (SCMPipelineManager.java:finalizeAndDestroyPipeline(309)) - destroying pipeline:Pipeline[ Id: c12172ff-05c3-4ad7-9a46-0ce495b9c573, Nodes: 298a5c77-4e08-4cfb-ad26-b2dd8c1ae315{ip: 192.168.34.54, host: pr-hdds-1553-zhl8q-89899572, networkLocation: /default-rack, certSerialId: null}86ac6034-f33a-4178-b5f5-7175dd4ad45b{ip: 192.168.34.54, host: pr-hdds-1553-zhl8q-89899572, networkLocation: /default-rack, certSerialId: null}22940eff-9029-4e71-b915-5f2bfabaa31a{ip: 192.168.34.54, host: pr-hdds-1553-zhl8q-89899572, networkLocation: /default-rack, certSerialId: null}, Type:RATIS, Factor:THREE, State:CLOSED]
2019-08-29 08:13:44,459 [EventQueue-StaleNodeForStaleNodeHandler] INFO  pipeline.SCMPipelineManager (SCMPipelineManager.java:finalizeAndDestroyPipeline(309)) - destroying pipeline:Pipeline[ Id: 08b6c39a-e592-4a79-b9b5-d06ba6c57112, Nodes: 22940eff-9029-4e71-b915-5f2bfabaa31a{ip: 192.168.34.54, host: pr-hdds-1553-zhl8q-89899572, networkLocation: /default-rack, certSerialId: null}, Type:RATIS, Factor:ONE, State:OPEN]
2019-08-29 08:13:44,459 [EventQueue-StaleNodeForStaleNodeHandler] INFO  pipeline.PipelineStateManager (PipelineStateManager.java:finalizePipeline(123)) - Pipeline Pipeline[ Id: 08b6c39a-e592-4a79-b9b5-d06ba6c57112, Nodes: 22940eff-9029-4e71-b915-5f2bfabaa31a{ip: 192.168.34.54, host: pr-hdds-1553-zhl8q-89899572, networkLocation: /default-rack, certSerialId: null}, Type:RATIS, Factor:ONE, State:CLOSED] moved to CLOSED state
2019-08-29 08:13:44,629 [main] INFO  ozoneimpl.OzoneContainer (OzoneContainer.java:stop(199)) - Attempting to stop container services.
2019-08-29 08:13:44,629 [ForkJoinPool.commonPool-worker-1] INFO  ozoneimpl.OzoneContainer (OzoneContainer.java:stop(199)) - Attempting to stop container services.
2019-08-29 08:13:44,630 [main] INFO  impl.RaftServerProxy (RaftServerProxy.java:lambda$close$4(314)) - 22940eff-9029-4e71-b915-5f2bfabaa31a: close
2019-08-29 08:13:44,630 [ForkJoinPool.commonPool-worker-1] INFO  impl.RaftServerProxy (RaftServerProxy.java:lambda$close$4(314)) - 94fa760f-e64d-4170-ac7e-44ba98bd38f6: close
2019-08-29 08:13:44,630 [main] INFO  impl.RaftServerImpl (RaftServerImpl.java:lambda$shutdown$3(245)) - 22940eff-9029-4e71-b915-5f2bfabaa31a: shutdown group-0CE495B9C573
2019-08-29 08:13:44,630 [ForkJoinPool.commonPool-worker-1] INFO  impl.RaftServerImpl (RaftServerImpl.java:lambda$shutdown$3(245)) - 94fa760f-e64d-4170-ac7e-44ba98bd38f6: shutdown group-07083ABB32C5
2019-08-29 08:13:44,631 [main] INFO  util.JmxRegister (JmxRegister.java:unregister(73)) - Successfully un-registered JMX Bean with object name Ratis:service=RaftServer,group=group-0CE495B9C573,id=22940eff-9029-4e71-b915-5f2bfabaa31a
2019-08-29 08:13:44,631 [ForkJoinPool.commonPool-worker-1] INFO  util.JmxRegister (JmxRegister.java:unregister(73)) - Successfully un-registered JMX Bean with object name Ratis:service=RaftServer,group=group-07083ABB32C5,id=94fa760f-e64d-4170-ac7e-44ba98bd38f6
2019-08-29 08:13:44,631 [main] INFO  impl.RoleInfo (RoleInfo.java:shutdownLeaderState(104)) - 22940eff-9029-4e71-b915-5f2bfabaa31a: shutdown LeaderState
2019-08-29 08:13:44,632 [ForkJoinPool.commonPool-worker-1] INFO  impl.RoleInfo (RoleInfo.java:shutdownFollowerState(121)) - 94fa760f-e64d-4170-ac7e-44ba98bd38f6: shutdown FollowerState
2019-08-29 08:13:44,636 [org.apache.ratis.server.impl.LogAppender$AppenderDaemon$$Lambda$494/1309426224@65e07bc5] WARN  server.GrpcLogAppender (GrpcLogAppender.java:mayWait(143)) - GrpcLogAppender(22940eff-9029-4e71-b915-5f2bfabaa31a->86ac6034-f33a-4178-b5f5-7175dd4ad45b): Wait interrupted by java.lang.InterruptedException
2019-08-29 08:13:44,636 [Thread-3416] INFO  impl.FollowerState (FollowerState.java:run(114)) - 94fa760f-e64d-4170-ac7e-44ba98bd38f6: FollowerState was interrupted: java.lang.InterruptedException: sleep interrupted
2019-08-29 08:13:44,636 [org.apache.ratis.server.impl.LogAppender$AppenderDaemon$$Lambda$494/1309426224@6d0ecc95] WARN  server.GrpcLogAppender (GrpcLogAppender.java:mayWait(143)) - GrpcLogAppender(22940eff-9029-4e71-b915-5f2bfabaa31a->298a5c77-4e08-4cfb-ad26-b2dd8c1ae315): Wait interrupted by java.lang.InterruptedException
2019-08-29 08:13:44,636 [main] INFO  impl.PendingRequests (PendingRequests.java:sendNotLeaderResponses(202)) - 22940eff-9029-4e71-b915-5f2bfabaa31a-PendingRequests: sendNotLeaderResponses
2019-08-29 08:13:44,636 [StateMachineUpdater:94fa760f-e64d-4170-ac7e-44ba98bd38f6:group-07083ABB32C5] INFO  ratis.ContainerStateMachine (ContainerStateMachine.java:takeSnapshot(283)) - group-07083ABB32C5: Taking a snapshot at:(t:1, i:16) file /workdir/hadoop-ozone/integration-test/target/test-dir/MiniOzoneClusterImpl-2b6d929c-e003-4b1e-a690-bc78ed65c470/datanode-2/data/ratis/2eeb3c22-9cd8-4fc8-95ff-07083abb32c5/sm/snapshot.1_16
2019-08-29 08:13:44,636 [ForkJoinPool.commonPool-worker-1] INFO  impl.StateMachineUpdater (StateMachineUpdater.java:stopAndJoin(115)) - StateMachineUpdater:94fa760f-e64d-4170-ac7e-44ba98bd38f6:group-07083ABB32C5: set stopIndex = 17
2019-08-29 08:13:44,639 [StateMachineUpdater:22940eff-9029-4e71-b915-5f2bfabaa31a:group-0CE495B9C573] INFO  ratis.ContainerStateMachine (ContainerStateMachine.java:takeSnapshot(283)) - group-0CE495B9C573: Taking a snapshot at:(t:1, i:14) file /workdir/hadoop-ozone/integration-test/target/test-dir/MiniOzoneClusterImpl-2b6d929c-e003-4b1e-a690-bc78ed65c470/datanode-3/data/ratis/c12172ff-05c3-4ad7-9a46-0ce495b9c573/sm/snapshot.1_14
2019-08-29 08:13:44,639 [main] INFO  impl.StateMachineUpdater (StateMachineUpdater.java:stopAndJoin(115)) - StateMachineUpdater:22940eff-9029-4e71-b915-5f2bfabaa31a:group-0CE495B9C573: set stopIndex = 18
2019-08-29 08:13:44,653 [StateMachineUpdater:22940eff-9029-4e71-b915-5f2bfabaa31a:group-0CE495B9C573] INFO  ratis.ContainerStateMachine (ContainerStateMachine.java:takeSnapshot(294)) - group-0CE495B9C573: Finished taking a snapshot at:(t:1, i:14) file:/workdir/hadoop-ozone/integration-test/target/test-dir/MiniOzoneClusterImpl-2b6d929c-e003-4b1e-a690-bc78ed65c470/datanode-3/data/ratis/c12172ff-05c3-4ad7-9a46-0ce495b9c573/sm/snapshot.1_14 time:14
2019-08-29 08:13:44,653 [StateMachineUpdater:22940eff-9029-4e71-b915-5f2bfabaa31a:group-0CE495B9C573] INFO  impl.StateMachineUpdater (StateMachineUpdater.java:takeSnapshot(242)) - StateMachineUpdater:22940eff-9029-4e71-b915-5f2bfabaa31a:group-0CE495B9C573: Took a snapshot at index 14
2019-08-29 08:13:44,653 [StateMachineUpdater:94fa760f-e64d-4170-ac7e-44ba98bd38f6:group-07083ABB32C5] INFO  ratis.ContainerStateMachine (ContainerStateMachine.java:takeSnapshot(294)) - group-07083ABB32C5: Finished taking a snapshot at:(t:1, i:16) file:/workdir/hadoop-ozone/integration-test/target/test-dir/MiniOzoneClusterImpl-2b6d929c-e003-4b1e-a690-bc78ed65c470/datanode-2/data/ratis/2eeb3c22-9cd8-4fc8-95ff-07083abb32c5/sm/snapshot.1_16 time:16
2019-08-29 08:13:44,653 [StateMachineUpdater:22940eff-9029-4e71-b915-5f2bfabaa31a:group-0CE495B9C573] INFO  impl.StateMachineUpdater (StateMachineUpdater.java:lambda$new$0(80)) - StateMachineUpdater:22940eff-9029-4e71-b915-5f2bfabaa31a:group-0CE495B9C573: snapshotIndex: updateIncreasingly -1 -> 14
2019-08-29 08:13:44,653 [StateMachineUpdater:94fa760f-e64d-4170-ac7e-44ba98bd38f6:group-07083ABB32C5] INFO  impl.StateMachineUpdater (StateMachineUpdater.java:takeSnapshot(242)) - StateMachineUpdater:94fa760f-e64d-4170-ac7e-44ba98bd38f6:group-07083ABB32C5: Took a snapshot at index 16
2019-08-29 08:13:44,654 [StateMachineUpdater:94fa760f-e64d-4170-ac7e-44ba98bd38f6:group-07083ABB32C5] INFO  impl.StateMachineUpdater (StateMachineUpdater.java:lambda$new$0(80)) - StateMachineUpdater:94fa760f-e64d-4170-ac7e-44ba98bd38f6:group-07083ABB32C5: snapshotIndex: updateIncreasingly -1 -> 16
2019-08-29 08:13:44,654 [main] INFO  impl.RaftServerImpl (ServerState.java:close(394)) - 22940eff-9029-4e71-b915-5f2bfabaa31a:group-0CE495B9C573 closes. The last applied log index is 18
2019-08-29 08:13:44,654 [ForkJoinPool.commonPool-worker-1] INFO  impl.RaftServerImpl (ServerState.java:close(394)) - 94fa760f-e64d-4170-ac7e-44ba98bd38f6:group-07083ABB32C5 closes. The last applied log index is 17
2019-08-29 08:13:44,654 [22940eff-9029-4e71-b915-5f2bfabaa31a-SegmentedRaftLogWorker:Storage Directory /workdir/hadoop-ozone/integration-test/target/test-dir/MiniOzoneClusterImpl-2b6d929c-e003-4b1e-a690-bc78ed65c470/datanode-3/data/ratis/c12172ff-05c3-4ad7-9a46-0ce495b9c573] INFO  segmented.SegmentedRaftLogWorker (SegmentedRaftLogWorker.java:run(313)) - 22940eff-9029-4e71-b915-5f2bfabaa31a-SegmentedRaftLogWorker:Storage Directory /workdir/hadoop-ozone/integration-test/target/test-dir/MiniOzoneClusterImpl-2b6d929c-e003-4b1e-a690-bc78ed65c470/datanode-3/data/ratis/c12172ff-05c3-4ad7-9a46-0ce495b9c573 was interrupted, exiting. There are 0 tasks remaining in the queue.
2019-08-29 08:13:44,654 [94fa760f-e64d-4170-ac7e-44ba98bd38f6-SegmentedRaftLogWorker:Storage Directory /workdir/hadoop-ozone/integration-test/target/test-dir/MiniOzoneClusterImpl-2b6d929c-e003-4b1e-a690-bc78ed65c470/datanode-2/data/ratis/2eeb3c22-9cd8-4fc8-95ff-07083abb32c5] INFO  segmented.SegmentedRaftLogWorker (SegmentedRaftLogWorker.java:run(313)) - 94fa760f-e64d-4170-ac7e-44ba98bd38f6-SegmentedRaftLogWorker:Storage Directory /workdir/hadoop-ozone/integration-test/target/test-dir/MiniOzoneClusterImpl-2b6d929c-e003-4b1e-a690-bc78ed65c470/datanode-2/data/ratis/2eeb3c22-9cd8-4fc8-95ff-07083abb32c5 was interrupted, exiting. There are 0 tasks remaining in the queue.
2019-08-29 08:13:44,658 [main] INFO  segmented.SegmentedRaftLogWorker (SegmentedRaftLogWorker.java:close(228)) - 22940eff-9029-4e71-b915-5f2bfabaa31a-SegmentedRaftLogWorker:Storage Directory /workdir/hadoop-ozone/integration-test/target/test-dir/MiniOzoneClusterImpl-2b6d929c-e003-4b1e-a690-bc78ed65c470/datanode-3/data/ratis/c12172ff-05c3-4ad7-9a46-0ce495b9c573 close()
2019-08-29 08:13:44,658 [ForkJoinPool.commonPool-worker-1] INFO  segmented.SegmentedRaftLogWorker (SegmentedRaftLogWorker.java:close(228)) - 94fa760f-e64d-4170-ac7e-44ba98bd38f6-SegmentedRaftLogWorker:Storage Directory /workdir/hadoop-ozone/integration-test/target/test-dir/MiniOzoneClusterImpl-2b6d929c-e003-4b1e-a690-bc78ed65c470/datanode-2/data/ratis/2eeb3c22-9cd8-4fc8-95ff-07083abb32c5 close()
2019-08-29 08:13:44,661 [main] INFO  impl.RaftServerImpl (RaftServerImpl.java:lambda$shutdown$3(245)) - 22940eff-9029-4e71-b915-5f2bfabaa31a: shutdown group-D06BA6C57112
2019-08-29 08:13:44,664 [ForkJoinPool.commonPool-worker-1] INFO  impl.RaftServerImpl (RaftServerImpl.java:lambda$shutdown$3(245)) - 94fa760f-e64d-4170-ac7e-44ba98bd38f6: shutdown group-7D09CC453C2E
2019-08-29 08:13:44,664 [main] INFO  util.JmxRegister (JmxRegister.java:unregister(73)) - Successfully un-registered JMX Bean with object name Ratis:service=RaftServer,group=group-D06BA6C57112,id=22940eff-9029-4e71-b915-5f2bfabaa31a
2019-08-29 08:13:44,665 [ForkJoinPool.commonPool-worker-1] INFO  util.JmxRegister (JmxRegister.java:unregister(73)) - Successfully un-registered JMX Bean with object name Ratis:service=RaftServer,group=group-7D09CC453C2E,id=94fa760f-e64d-4170-ac7e-44ba98bd38f6
2019-08-29 08:13:44,665 [main] INFO  impl.RoleInfo (RoleInfo.java:shutdownLeaderState(104)) - 22940eff-9029-4e71-b915-5f2bfabaa31a: shutdown LeaderState
2019-08-29 08:13:44,665 [ForkJoinPool.commonPool-worker-1] INFO  impl.RoleInfo (RoleInfo.java:shutdownLeaderState(104)) - 94fa760f-e64d-4170-ac7e-44ba98bd38f6: shutdown LeaderState
2019-08-29 08:13:44,665 [main] INFO  impl.PendingRequests (PendingRequests.java:sendNotLeaderResponses(202)) - 22940eff-9029-4e71-b915-5f2bfabaa31a-PendingRequests: sendNotLeaderResponses
2019-08-29 08:13:44,666 [ForkJoinPool.commonPool-worker-1] INFO  impl.PendingRequests (PendingRequests.java:sendNotLeaderResponses(202)) - 94fa760f-e64d-4170-ac7e-44ba98bd38f6-PendingRequests: sendNotLeaderResponses
2019-08-29 08:13:44,666 [main] INFO  impl.StateMachineUpdater (StateMachineUpdater.java:stopAndJoin(115)) - StateMachineUpdater:22940eff-9029-4e71-b915-5f2bfabaa31a:group-D06BA6C57112: set stopIndex = 0
2019-08-29 08:13:44,666 [ForkJoinPool.commonPool-worker-1] INFO  impl.StateMachineUpdater (StateMachineUpdater.java:stopAndJoin(115)) - StateMachineUpdater:94fa760f-e64d-4170-ac7e-44ba98bd38f6:group-7D09CC453C2E: set stopIndex = 0
2019-08-29 08:13:44,666 [main] INFO  impl.RaftServerImpl (ServerState.java:close(394)) - 22940eff-9029-4e71-b915-5f2bfabaa31a:group-D06BA6C57112 closes. The last applied log index is 0
2019-08-29 08:13:44,667 [ForkJoinPool.commonPool-worker-1] INFO  impl.RaftServerImpl (ServerState.java:close(394)) - 94fa760f-e64d-4170-ac7e-44ba98bd38f6:group-7D09CC453C2E closes. The last applied log index is 0
2019-08-29 08:13:44,667 [22940eff-9029-4e71-b915-5f2bfabaa31a-SegmentedRaftLogWorker:Storage Directory /workdir/hadoop-ozone/integration-test/target/test-dir/MiniOzoneClusterImpl-2b6d929c-e003-4b1e-a690-bc78ed65c470/datanode-3/data/ratis/08b6c39a-e592-4a79-b9b5-d06ba6c57112] INFO  segmented.SegmentedRaftLogWorker (SegmentedRaftLogWorker.java:run(313)) - 22940eff-9029-4e71-b915-5f2bfabaa31a-SegmentedRaftLogWorker:Storage Directory /workdir/hadoop-ozone/integration-test/target/test-dir/MiniOzoneClusterImpl-2b6d929c-e003-4b1e-a690-bc78ed65c470/datanode-3/data/ratis/08b6c39a-e592-4a79-b9b5-d06ba6c57112 was interrupted, exiting. There are 0 tasks remaining in the queue.
2019-08-29 08:13:44,667 [94fa760f-e64d-4170-ac7e-44ba98bd38f6-SegmentedRaftLogWorker:Storage Directory /workdir/hadoop-ozone/integration-test/target/test-dir/MiniOzoneClusterImpl-2b6d929c-e003-4b1e-a690-bc78ed65c470/datanode-2/data/ratis/cba26b7a-8e87-4b5b-b722-7d09cc453c2e] INFO  segmented.SegmentedRaftLogWorker (SegmentedRaftLogWorker.java:run(313)) - 94fa760f-e64d-4170-ac7e-44ba98bd38f6-SegmentedRaftLogWorker:Storage Directory /workdir/hadoop-ozone/integration-test/target/test-dir/MiniOzoneClusterImpl-2b6d929c-e003-4b1e-a690-bc78ed65c470/datanode-2/data/ratis/cba26b7a-8e87-4b5b-b722-7d09cc453c2e was interrupted, exiting. There are 0 tasks remaining in the queue.
2019-08-29 08:13:44,669 [main] INFO  segmented.SegmentedRaftLogWorker (SegmentedRaftLogWorker.java:close(228)) - 22940eff-9029-4e71-b915-5f2bfabaa31a-SegmentedRaftLogWorker:Storage Directory /workdir/hadoop-ozone/integration-test/target/test-dir/MiniOzoneClusterImpl-2b6d929c-e003-4b1e-a690-bc78ed65c470/datanode-3/data/ratis/08b6c39a-e592-4a79-b9b5-d06ba6c57112 close()
2019-08-29 08:13:44,670 [ForkJoinPool.commonPool-worker-1] INFO  segmented.SegmentedRaftLogWorker (SegmentedRaftLogWorker.java:close(228)) - 94fa760f-e64d-4170-ac7e-44ba98bd38f6-SegmentedRaftLogWorker:Storage Directory /workdir/hadoop-ozone/integration-test/target/test-dir/MiniOzoneClusterImpl-2b6d929c-e003-4b1e-a690-bc78ed65c470/datanode-2/data/ratis/cba26b7a-8e87-4b5b-b722-7d09cc453c2e close()
2019-08-29 08:13:44,679 [main] INFO  server.GrpcService (GrpcService.java:closeImpl(155)) - 22940eff-9029-4e71-b915-5f2bfabaa31a: shutdown server with port 43196 now
2019-08-29 08:13:44,681 [ForkJoinPool.commonPool-worker-1] INFO  server.GrpcService (GrpcService.java:closeImpl(155)) - 94fa760f-e64d-4170-ac7e-44ba98bd38f6: shutdown server with port 45848 now
2019-08-29 08:13:44,681 [main] INFO  server.GrpcService (GrpcService.java:closeImpl(163)) - 22940eff-9029-4e71-b915-5f2bfabaa31a: shutdown server with port 43196 successfully
2019-08-29 08:13:44,682 [grpc-default-executor-11] WARN  server.GrpcServerProtocolService (LogUtils.java:warn(134)) - 94fa760f-e64d-4170-ac7e-44ba98bd38f6: appendEntries onError: org.apache.ratis.thirdparty.io.grpc.StatusRuntimeException: CANCELLED: cancelled before receiving half close
2019-08-29 08:13:44,682 [grpc-default-executor-7] WARN  server.GrpcLogAppender (LogUtils.java:warn(134)) - 701dcac2-413a-4112-9eef-a6503cb024bf->94fa760f-e64d-4170-ac7e-44ba98bd38f6: Failed appendEntries: org.apache.ratis.thirdparty.io.grpc.StatusRuntimeException: CANCELLED: HTTP/2 error code: CANCEL
Received Rst Stream
2019-08-29 08:13:44,682 [ForkJoinPool.commonPool-worker-1] INFO  server.GrpcService (GrpcService.java:closeImpl(163)) - 94fa760f-e64d-4170-ac7e-44ba98bd38f6: shutdown server with port 45848 successfully
2019-08-29 08:13:44,683 [grpc-default-executor-7] INFO  impl.FollowerInfo (FollowerInfo.java:lambda$new$0(50)) - 701dcac2-413a-4112-9eef-a6503cb024bf->94fa760f-e64d-4170-ac7e-44ba98bd38f6: nextIndex: updateUnconditionally 18 -> 17
2019-08-29 08:13:44,683 [main] INFO  utils.BackgroundService (BackgroundService.java:shutdown(148)) - Shutting down service BlockDeletingService
2019-08-29 08:13:44,684 [ForkJoinPool.commonPool-worker-1] INFO  utils.BackgroundService (BackgroundService.java:shutdown(148)) - Shutting down service BlockDeletingService
2019-08-29 08:13:44,686 [refreshUsed-/workdir/hadoop-ozone/integration-test/target/test-dir/MiniOzoneClusterImpl-2b6d929c-e003-4b1e-a690-bc78ed65c470/datanode-2/data/containers] WARN  fs.CachingGetSpaceUsed (CachingGetSpaceUsed.java:run(183)) - Thread Interrupted waiting to refresh disk information: sleep interrupted
2019-08-29 08:13:44,686 [refreshUsed-/workdir/hadoop-ozone/integration-test/target/test-dir/MiniOzoneClusterImpl-2b6d929c-e003-4b1e-a690-bc78ed65c470/datanode-3/data/containers] WARN  fs.CachingGetSpaceUsed (CachingGetSpaceUsed.java:run(183)) - Thread Interrupted waiting to refresh disk information: sleep interrupted
2019-08-29 08:13:44,703 [main] INFO  statemachine.DatanodeStateMachine (DatanodeStateMachine.java:stopDaemon(395)) - Ozone container server stopped.
2019-08-29 08:13:44,708 [main] INFO  handler.ContextHandler (ContextHandler.java:doStop(910)) - Stopped o.e.j.w.WebAppContext@747216b6{/,null,UNAVAILABLE}{/hddsDatanode}
2019-08-29 08:13:44,709 [ForkJoinPool.commonPool-worker-1] INFO  statemachine.DatanodeStateMachine (DatanodeStateMachine.java:stopDaemon(395)) - Ozone container server stopped.
2019-08-29 08:13:44,712 [main] INFO  server.AbstractConnector (AbstractConnector.java:doStop(318)) - Stopped ServerConnector@7ee6d5fd{HTTP/1.1,[http/1.1]}{0.0.0.0:0}
2019-08-29 08:13:44,713 [main] INFO  handler.ContextHandler (ContextHandler.java:doStop(910)) - Stopped o.e.j.s.ServletContextHandler@1d47b761{/static,jar:file:/home/user/.m2/repository/org/apache/hadoop/hadoop-hdds-container-service/0.5.0-SNAPSHOT/hadoop-hdds-container-service-0.5.0-SNAPSHOT.jar!/webapps/static,UNAVAILABLE}
2019-08-29 08:13:44,714 [ForkJoinPool.commonPool-worker-1] INFO  handler.ContextHandler (ContextHandler.java:doStop(910)) - Stopped o.e.j.w.WebAppContext@29a51ff1{/,null,UNAVAILABLE}{/hddsDatanode}
2019-08-29 08:13:44,714 [main] INFO  handler.ContextHandler (ContextHandler.java:doStop(910)) - Stopped o.e.j.s.ServletContextHandler@29fa465a{/logs,file:///workdir/hadoop-ozone/integration-test/target/log,UNAVAILABLE}
2019-08-29 08:13:44,715 [ForkJoinPool.commonPool-worker-1] INFO  server.AbstractConnector (AbstractConnector.java:doStop(318)) - Stopped ServerConnector@6dacde96{HTTP/1.1,[http/1.1]}{0.0.0.0:0}
2019-08-29 08:13:44,716 [main] INFO  datanode.ObjectStoreHandler (ObjectStoreHandler.java:close(155)) - Closing ObjectStoreHandler.
2019-08-29 08:13:44,716 [ForkJoinPool.commonPool-worker-1] INFO  handler.ContextHandler (ContextHandler.java:doStop(910)) - Stopped o.e.j.s.ServletContextHandler@f1b006b{/static,jar:file:/home/user/.m2/repository/org/apache/hadoop/hadoop-hdds-container-service/0.5.0-SNAPSHOT/hadoop-hdds-container-service-0.5.0-SNAPSHOT.jar!/webapps/static,UNAVAILABLE}
2019-08-29 08:13:44,716 [main] INFO  ozone.HddsDatanodeService (HddsDatanodeService.java:stop(451)) - Stopped plug-in org.apache.hadoop.ozone.web.OzoneHddsDatanodeService@54a2ff94
2019-08-29 08:13:44,717 [ForkJoinPool.commonPool-worker-1] INFO  handler.ContextHandler (ContextHandler.java:doStop(910)) - Stopped o.e.j.s.ServletContextHandler@5f0c45ae{/logs,file:///workdir/hadoop-ozone/integration-test/target/log,UNAVAILABLE}
2019-08-29 08:13:44,718 [ForkJoinPool.commonPool-worker-1] INFO  datanode.ObjectStoreHandler (ObjectStoreHandler.java:close(155)) - Closing ObjectStoreHandler.
2019-08-29 08:13:44,718 [ForkJoinPool.commonPool-worker-1] INFO  ozone.HddsDatanodeService (HddsDatanodeService.java:stop(451)) - Stopped plug-in org.apache.hadoop.ozone.web.OzoneHddsDatanodeService@996126b
2019-08-29 08:13:45,141 [Datanode State Machine Thread - 0] INFO  statemachine.DatanodeStateMachine (DatanodeStateMachine.java:lambda$startDaemon$0(350)) - Ozone container server started.
2019-08-29 08:13:45,414 [Datanode State Machine Thread - 0] INFO  statemachine.DatanodeStateMachine (DatanodeStateMachine.java:lambda$startDaemon$0(350)) - Ozone container server started.
2019-08-29 08:13:46,395 [grpc-default-executor-9] WARN  server.GrpcLogAppender (LogUtils.java:warn(134)) - 701dcac2-413a-4112-9eef-a6503cb024bf->2ba8cf83-fb49-4c0e-ac06-565332abd279: Failed appendEntries: org.apache.ratis.thirdparty.io.grpc.StatusRuntimeException: UNAVAILABLE: io exception
2019-08-29 08:13:46,396 [grpc-default-executor-11] WARN  server.GrpcLogAppender (LogUtils.java:warn(134)) - 701dcac2-413a-4112-9eef-a6503cb024bf->94fa760f-e64d-4170-ac7e-44ba98bd38f6: Failed appendEntries: org.apache.ratis.thirdparty.io.grpc.StatusRuntimeException: UNAVAILABLE: io exception
2019-08-29 08:13:46,396 [grpc-default-executor-9] INFO  impl.FollowerInfo (FollowerInfo.java:lambda$new$0(50)) - 701dcac2-413a-4112-9eef-a6503cb024bf->2ba8cf83-fb49-4c0e-ac06-565332abd279: nextIndex: updateUnconditionally 14 -> 13
2019-08-29 08:13:46,396 [grpc-default-executor-11] INFO  impl.FollowerInfo (FollowerInfo.java:lambda$new$0(50)) - 701dcac2-413a-4112-9eef-a6503cb024bf->94fa760f-e64d-4170-ac7e-44ba98bd38f6: nextIndex: updateUnconditionally 17 -> 16
2019-08-29 08:13:48,896 [grpc-default-executor-11] WARN  server.GrpcLogAppender (LogUtils.java:warn(134)) - 701dcac2-413a-4112-9eef-a6503cb024bf->2ba8cf83-fb49-4c0e-ac06-565332abd279: Failed appendEntries: org.apache.ratis.thirdparty.io.grpc.StatusRuntimeException: UNAVAILABLE: io exception
2019-08-29 08:13:48,896 [grpc-default-executor-11] INFO  impl.FollowerInfo (FollowerInfo.java:lambda$new$0(50)) - 701dcac2-413a-4112-9eef-a6503cb024bf->2ba8cf83-fb49-4c0e-ac06-565332abd279: nextIndex: updateUnconditionally 13 -> 12
2019-08-29 08:13:48,896 [grpc-default-executor-10] WARN  server.GrpcLogAppender (LogUtils.java:warn(134)) - 701dcac2-413a-4112-9eef-a6503cb024bf->94fa760f-e64d-4170-ac7e-44ba98bd38f6: Failed appendEntries: org.apache.ratis.thirdparty.io.grpc.StatusRuntimeException: UNAVAILABLE: io exception
2019-08-29 08:13:48,896 [grpc-default-executor-10] INFO  impl.FollowerInfo (FollowerInfo.java:lambda$new$0(50)) - 701dcac2-413a-4112-9eef-a6503cb024bf->94fa760f-e64d-4170-ac7e-44ba98bd38f6: nextIndex: updateUnconditionally 16 -> 15
2019-08-29 08:13:49,166 [EventQueue-StaleNodeForStaleNodeHandler] INFO  node.StaleNodeHandler (StaleNodeHandler.java:onMessage(58)) - Datanode f857bedd-aee7-4d2b-9918-46878ad86507{ip: 192.168.34.54, host: pr-hdds-1553-zhl8q-89899572, networkLocation: /default-rack, certSerialId: null} moved to stale state. Finalizing its pipelines [PipelineID=18a86f71-4b3f-413c-a1ec-65daa08326a7]
2019-08-29 08:13:49,166 [EventQueue-StaleNodeForStaleNodeHandler] INFO  pipeline.SCMPipelineManager (SCMPipelineManager.java:finalizeAndDestroyPipeline(309)) - destroying pipeline:Pipeline[ Id: 18a86f71-4b3f-413c-a1ec-65daa08326a7, Nodes: f857bedd-aee7-4d2b-9918-46878ad86507{ip: 192.168.34.54, host: pr-hdds-1553-zhl8q-89899572, networkLocation: /default-rack, certSerialId: null}, Type:RATIS, Factor:ONE, State:OPEN]
2019-08-29 08:13:49,166 [EventQueue-StaleNodeForStaleNodeHandler] INFO  pipeline.PipelineStateManager (PipelineStateManager.java:finalizePipeline(123)) - Pipeline Pipeline[ Id: 18a86f71-4b3f-413c-a1ec-65daa08326a7, Nodes: f857bedd-aee7-4d2b-9918-46878ad86507{ip: 192.168.34.54, host: pr-hdds-1553-zhl8q-89899572, networkLocation: /default-rack, certSerialId: null}, Type:RATIS, Factor:ONE, State:CLOSED] moved to CLOSED state
2019-08-29 08:13:49,466 [EventQueue-StaleNodeForStaleNodeHandler] INFO  node.StaleNodeHandler (StaleNodeHandler.java:onMessage(58)) - Datanode 701dcac2-413a-4112-9eef-a6503cb024bf{ip: 192.168.34.54, host: pr-hdds-1553-zhl8q-89899572, networkLocation: /default-rack, certSerialId: null} moved to stale state. Finalizing its pipelines [PipelineID=2eeb3c22-9cd8-4fc8-95ff-07083abb32c5, PipelineID=9c0094aa-3b88-4c99-9589-cb9f650427b0]
2019-08-29 08:13:49,466 [EventQueue-StaleNodeForStaleNodeHandler] INFO  pipeline.SCMPipelineManager (SCMPipelineManager.java:finalizeAndDestroyPipeline(309)) - destroying pipeline:Pipeline[ Id: 2eeb3c22-9cd8-4fc8-95ff-07083abb32c5, Nodes: 701dcac2-413a-4112-9eef-a6503cb024bf{ip: 192.168.34.54, host: pr-hdds-1553-zhl8q-89899572, networkLocation: /default-rack, certSerialId: null}94fa760f-e64d-4170-ac7e-44ba98bd38f6{ip: 192.168.34.54, host: pr-hdds-1553-zhl8q-89899572, networkLocation: /default-rack, certSerialId: null}2ba8cf83-fb49-4c0e-ac06-565332abd279{ip: 192.168.34.54, host: pr-hdds-1553-zhl8q-89899572, networkLocation: /default-rack, certSerialId: null}, Type:RATIS, Factor:THREE, State:CLOSED]
2019-08-29 08:13:49,467 [EventQueue-StaleNodeForStaleNodeHandler] INFO  pipeline.SCMPipelineManager (SCMPipelineManager.java:finalizeAndDestroyPipeline(309)) - destroying pipeline:Pipeline[ Id: 9c0094aa-3b88-4c99-9589-cb9f650427b0, Nodes: 701dcac2-413a-4112-9eef-a6503cb024bf{ip: 192.168.34.54, host: pr-hdds-1553-zhl8q-89899572, networkLocation: /default-rack, certSerialId: null}, Type:RATIS, Factor:ONE, State:OPEN]
2019-08-29 08:13:49,467 [EventQueue-StaleNodeForStaleNodeHandler] INFO  pipeline.PipelineStateManager (PipelineStateManager.java:finalizePipeline(123)) - Pipeline Pipeline[ Id: 9c0094aa-3b88-4c99-9589-cb9f650427b0, Nodes: 701dcac2-413a-4112-9eef-a6503cb024bf{ip: 192.168.34.54, host: pr-hdds-1553-zhl8q-89899572, networkLocation: /default-rack, certSerialId: null}, Type:RATIS, Factor:ONE, State:CLOSED] moved to CLOSED state
2019-08-29 08:13:49,718 [main] INFO  ozoneimpl.OzoneContainer (OzoneContainer.java:stop(199)) - Attempting to stop container services.
2019-08-29 08:13:49,719 [main] INFO  impl.RaftServerProxy (RaftServerProxy.java:lambda$close$4(314)) - f857bedd-aee7-4d2b-9918-46878ad86507: close
2019-08-29 08:13:49,719 [ForkJoinPool.commonPool-worker-1] INFO  ozoneimpl.OzoneContainer (OzoneContainer.java:stop(199)) - Attempting to stop container services.
2019-08-29 08:13:49,719 [main] INFO  impl.RaftServerImpl (RaftServerImpl.java:lambda$shutdown$3(245)) - f857bedd-aee7-4d2b-9918-46878ad86507: shutdown group-65DAA08326A7
2019-08-29 08:13:49,719 [ForkJoinPool.commonPool-worker-1] INFO  impl.RaftServerProxy (RaftServerProxy.java:lambda$close$4(314)) - 701dcac2-413a-4112-9eef-a6503cb024bf: close
2019-08-29 08:13:49,719 [main] INFO  util.JmxRegister (JmxRegister.java:unregister(73)) - Successfully un-registered JMX Bean with object name Ratis:service=RaftServer,group=group-65DAA08326A7,id=f857bedd-aee7-4d2b-9918-46878ad86507
2019-08-29 08:13:49,720 [ForkJoinPool.commonPool-worker-1] INFO  impl.RaftServerImpl (RaftServerImpl.java:lambda$shutdown$3(245)) - 701dcac2-413a-4112-9eef-a6503cb024bf: shutdown group-07083ABB32C5
2019-08-29 08:13:49,720 [main] INFO  impl.RoleInfo (RoleInfo.java:shutdownLeaderState(104)) - f857bedd-aee7-4d2b-9918-46878ad86507: shutdown LeaderState
2019-08-29 08:13:49,720 [ForkJoinPool.commonPool-worker-1] INFO  util.JmxRegister (JmxRegister.java:unregister(73)) - Successfully un-registered JMX Bean with object name Ratis:service=RaftServer,group=group-07083ABB32C5,id=701dcac2-413a-4112-9eef-a6503cb024bf
2019-08-29 08:13:49,720 [main] INFO  impl.PendingRequests (PendingRequests.java:sendNotLeaderResponses(202)) - f857bedd-aee7-4d2b-9918-46878ad86507-PendingRequests: sendNotLeaderResponses
2019-08-29 08:13:49,720 [ForkJoinPool.commonPool-worker-1] INFO  impl.RoleInfo (RoleInfo.java:shutdownLeaderState(104)) - 701dcac2-413a-4112-9eef-a6503cb024bf: shutdown LeaderState
2019-08-29 08:13:49,721 [main] INFO  impl.StateMachineUpdater (StateMachineUpdater.java:stopAndJoin(115)) - StateMachineUpdater:f857bedd-aee7-4d2b-9918-46878ad86507:group-65DAA08326A7: set stopIndex = 0
2019-08-29 08:13:49,723 [org.apache.ratis.server.impl.LogAppender$AppenderDaemon$$Lambda$494/1309426224@72dcbba1] WARN  server.GrpcLogAppender (GrpcLogAppender.java:mayWait(143)) - GrpcLogAppender(701dcac2-413a-4112-9eef-a6503cb024bf->94fa760f-e64d-4170-ac7e-44ba98bd38f6): Wait interrupted by java.lang.InterruptedException
2019-08-29 08:13:49,723 [ForkJoinPool.commonPool-worker-1] INFO  impl.PendingRequests (PendingRequests.java:sendNotLeaderResponses(202)) - 701dcac2-413a-4112-9eef-a6503cb024bf-PendingRequests: sendNotLeaderResponses
2019-08-29 08:13:49,723 [org.apache.ratis.server.impl.LogAppender$AppenderDaemon$$Lambda$494/1309426224@37de333e] WARN  server.GrpcLogAppender (GrpcLogAppender.java:mayWait(143)) - GrpcLogAppender(701dcac2-413a-4112-9eef-a6503cb024bf->2ba8cf83-fb49-4c0e-ac06-565332abd279): Wait interrupted by java.lang.InterruptedException
2019-08-29 08:13:49,723 [main] INFO  impl.RaftServerImpl (ServerState.java:close(394)) - f857bedd-aee7-4d2b-9918-46878ad86507:group-65DAA08326A7 closes. The last applied log index is 0
2019-08-29 08:13:49,725 [StateMachineUpdater:701dcac2-413a-4112-9eef-a6503cb024bf:group-07083ABB32C5] INFO  ratis.ContainerStateMachine (ContainerStateMachine.java:takeSnapshot(283)) - group-07083ABB32C5: Taking a snapshot at:(t:1, i:17) file /workdir/hadoop-ozone/integration-test/target/test-dir/MiniOzoneClusterImpl-2b6d929c-e003-4b1e-a690-bc78ed65c470/datanode-0/data/ratis/2eeb3c22-9cd8-4fc8-95ff-07083abb32c5/sm/snapshot.1_17
2019-08-29 08:13:49,725 [ForkJoinPool.commonPool-worker-1] INFO  impl.StateMachineUpdater (StateMachineUpdater.java:stopAndJoin(115)) - StateMachineUpdater:701dcac2-413a-4112-9eef-a6503cb024bf:group-07083ABB32C5: set stopIndex = 17
2019-08-29 08:13:49,725 [f857bedd-aee7-4d2b-9918-46878ad86507-SegmentedRaftLogWorker:Storage Directory /workdir/hadoop-ozone/integration-test/target/test-dir/MiniOzoneClusterImpl-2b6d929c-e003-4b1e-a690-bc78ed65c470/datanode-6/data/ratis/18a86f71-4b3f-413c-a1ec-65daa08326a7] INFO  segmented.SegmentedRaftLogWorker (SegmentedRaftLogWorker.java:run(313)) - f857bedd-aee7-4d2b-9918-46878ad86507-SegmentedRaftLogWorker:Storage Directory /workdir/hadoop-ozone/integration-test/target/test-dir/MiniOzoneClusterImpl-2b6d929c-e003-4b1e-a690-bc78ed65c470/datanode-6/data/ratis/18a86f71-4b3f-413c-a1ec-65daa08326a7 was interrupted, exiting. There are 0 tasks remaining in the queue.
2019-08-29 08:13:49,757 [main] INFO  segmented.SegmentedRaftLogWorker (SegmentedRaftLogWorker.java:close(228)) - f857bedd-aee7-4d2b-9918-46878ad86507-SegmentedRaftLogWorker:Storage Directory /workdir/hadoop-ozone/integration-test/target/test-dir/MiniOzoneClusterImpl-2b6d929c-e003-4b1e-a690-bc78ed65c470/datanode-6/data/ratis/18a86f71-4b3f-413c-a1ec-65daa08326a7 close()
2019-08-29 08:13:49,762 [main] INFO  server.GrpcService (GrpcService.java:closeImpl(155)) - f857bedd-aee7-4d2b-9918-46878ad86507: shutdown server with port 46112 now
2019-08-29 08:13:49,764 [main] INFO  server.GrpcService (GrpcService.java:closeImpl(163)) - f857bedd-aee7-4d2b-9918-46878ad86507: shutdown server with port 46112 successfully
2019-08-29 08:13:49,765 [main] INFO  utils.BackgroundService (BackgroundService.java:shutdown(148)) - Shutting down service BlockDeletingService
2019-08-29 08:13:49,766 [refreshUsed-/workdir/hadoop-ozone/integration-test/target/test-dir/MiniOzoneClusterImpl-2b6d929c-e003-4b1e-a690-bc78ed65c470/datanode-6/data/containers] WARN  fs.CachingGetSpaceUsed (CachingGetSpaceUsed.java:run(183)) - Thread Interrupted waiting to refresh disk information: sleep interrupted
2019-08-29 08:13:49,775 [StateMachineUpdater:701dcac2-413a-4112-9eef-a6503cb024bf:group-07083ABB32C5] INFO  ratis.ContainerStateMachine (ContainerStateMachine.java:takeSnapshot(294)) - group-07083ABB32C5: Finished taking a snapshot at:(t:1, i:17) file:/workdir/hadoop-ozone/integration-test/target/test-dir/MiniOzoneClusterImpl-2b6d929c-e003-4b1e-a690-bc78ed65c470/datanode-0/data/ratis/2eeb3c22-9cd8-4fc8-95ff-07083abb32c5/sm/snapshot.1_17 time:51
2019-08-29 08:13:49,775 [StateMachineUpdater:701dcac2-413a-4112-9eef-a6503cb024bf:group-07083ABB32C5] INFO  impl.StateMachineUpdater (StateMachineUpdater.java:takeSnapshot(242)) - StateMachineUpdater:701dcac2-413a-4112-9eef-a6503cb024bf:group-07083ABB32C5: Took a snapshot at index 17
2019-08-29 08:13:49,775 [StateMachineUpdater:701dcac2-413a-4112-9eef-a6503cb024bf:group-07083ABB32C5] INFO  impl.StateMachineUpdater (StateMachineUpdater.java:lambda$new$0(80)) - StateMachineUpdater:701dcac2-413a-4112-9eef-a6503cb024bf:group-07083ABB32C5: snapshotIndex: updateIncreasingly -1 -> 17
2019-08-29 08:13:49,776 [ForkJoinPool.commonPool-worker-1] INFO  impl.RaftServerImpl (ServerState.java:close(394)) - 701dcac2-413a-4112-9eef-a6503cb024bf:group-07083ABB32C5 closes. The last applied log index is 17
2019-08-29 08:13:49,776 [701dcac2-413a-4112-9eef-a6503cb024bf-SegmentedRaftLogWorker:Storage Directory /workdir/hadoop-ozone/integration-test/target/test-dir/MiniOzoneClusterImpl-2b6d929c-e003-4b1e-a690-bc78ed65c470/datanode-0/data/ratis/2eeb3c22-9cd8-4fc8-95ff-07083abb32c5] INFO  segmented.SegmentedRaftLogWorker (SegmentedRaftLogWorker.java:run(313)) - 701dcac2-413a-4112-9eef-a6503cb024bf-SegmentedRaftLogWorker:Storage Directory /workdir/hadoop-ozone/integration-test/target/test-dir/MiniOzoneClusterImpl-2b6d929c-e003-4b1e-a690-bc78ed65c470/datanode-0/data/ratis/2eeb3c22-9cd8-4fc8-95ff-07083abb32c5 was interrupted, exiting. There are 0 tasks remaining in the queue.
2019-08-29 08:13:49,776 [ForkJoinPool.commonPool-worker-1] INFO  segmented.SegmentedRaftLogWorker (SegmentedRaftLogWorker.java:close(228)) - 701dcac2-413a-4112-9eef-a6503cb024bf-SegmentedRaftLogWorker:Storage Directory /workdir/hadoop-ozone/integration-test/target/test-dir/MiniOzoneClusterImpl-2b6d929c-e003-4b1e-a690-bc78ed65c470/datanode-0/data/ratis/2eeb3c22-9cd8-4fc8-95ff-07083abb32c5 close()
2019-08-29 08:13:49,776 [ForkJoinPool.commonPool-worker-1] INFO  impl.RaftServerImpl (RaftServerImpl.java:lambda$shutdown$3(245)) - 701dcac2-413a-4112-9eef-a6503cb024bf: shutdown group-CB9F650427B0
2019-08-29 08:13:49,777 [ForkJoinPool.commonPool-worker-1] INFO  util.JmxRegister (JmxRegister.java:unregister(73)) - Successfully un-registered JMX Bean with object name Ratis:service=RaftServer,group=group-CB9F650427B0,id=701dcac2-413a-4112-9eef-a6503cb024bf
2019-08-29 08:13:49,777 [ForkJoinPool.commonPool-worker-1] INFO  impl.RoleInfo (RoleInfo.java:shutdownLeaderState(104)) - 701dcac2-413a-4112-9eef-a6503cb024bf: shutdown LeaderState
2019-08-29 08:13:49,777 [ForkJoinPool.commonPool-worker-1] INFO  impl.PendingRequests (PendingRequests.java:sendNotLeaderResponses(202)) - 701dcac2-413a-4112-9eef-a6503cb024bf-PendingRequests: sendNotLeaderResponses
2019-08-29 08:13:49,777 [ForkJoinPool.commonPool-worker-1] INFO  impl.StateMachineUpdater (StateMachineUpdater.java:stopAndJoin(115)) - StateMachineUpdater:701dcac2-413a-4112-9eef-a6503cb024bf:group-CB9F650427B0: set stopIndex = 0
2019-08-29 08:13:49,777 [ForkJoinPool.commonPool-worker-1] INFO  impl.RaftServerImpl (ServerState.java:close(394)) - 701dcac2-413a-4112-9eef-a6503cb024bf:group-CB9F650427B0 closes. The last applied log index is 0
2019-08-29 08:13:49,778 [701dcac2-413a-4112-9eef-a6503cb024bf-SegmentedRaftLogWorker:Storage Directory /workdir/hadoop-ozone/integration-test/target/test-dir/MiniOzoneClusterImpl-2b6d929c-e003-4b1e-a690-bc78ed65c470/datanode-0/data/ratis/9c0094aa-3b88-4c99-9589-cb9f650427b0] INFO  segmented.SegmentedRaftLogWorker (SegmentedRaftLogWorker.java:run(313)) - 701dcac2-413a-4112-9eef-a6503cb024bf-SegmentedRaftLogWorker:Storage Directory /workdir/hadoop-ozone/integration-test/target/test-dir/MiniOzoneClusterImpl-2b6d929c-e003-4b1e-a690-bc78ed65c470/datanode-0/data/ratis/9c0094aa-3b88-4c99-9589-cb9f650427b0 was interrupted, exiting. There are 0 tasks remaining in the queue.
2019-08-29 08:13:49,778 [ForkJoinPool.commonPool-worker-1] INFO  segmented.SegmentedRaftLogWorker (SegmentedRaftLogWorker.java:close(228)) - 701dcac2-413a-4112-9eef-a6503cb024bf-SegmentedRaftLogWorker:Storage Directory /workdir/hadoop-ozone/integration-test/target/test-dir/MiniOzoneClusterImpl-2b6d929c-e003-4b1e-a690-bc78ed65c470/datanode-0/data/ratis/9c0094aa-3b88-4c99-9589-cb9f650427b0 close()
2019-08-29 08:13:49,778 [ForkJoinPool.commonPool-worker-1] INFO  server.GrpcService (GrpcService.java:closeImpl(155)) - 701dcac2-413a-4112-9eef-a6503cb024bf: shutdown server with port 43212 now
2019-08-29 08:13:49,778 [grpc-default-executor-11] WARN  client.GrpcClientProtocolService (LogUtils.java:warn(134)) - 1-UnorderedRequestStreamObserver1: onError: org.apache.ratis.thirdparty.io.grpc.StatusRuntimeException: CANCELLED: cancelled before receiving half close
2019-08-29 08:13:49,779 [ForkJoinPool.commonPool-worker-1] INFO  server.GrpcService (GrpcService.java:closeImpl(163)) - 701dcac2-413a-4112-9eef-a6503cb024bf: shutdown server with port 43212 successfully
2019-08-29 08:13:49,779 [ForkJoinPool.commonPool-worker-1] INFO  utils.BackgroundService (BackgroundService.java:shutdown(148)) - Shutting down service BlockDeletingService
2019-08-29 08:13:49,780 [refreshUsed-/workdir/hadoop-ozone/integration-test/target/test-dir/MiniOzoneClusterImpl-2b6d929c-e003-4b1e-a690-bc78ed65c470/datanode-0/data/containers] WARN  fs.CachingGetSpaceUsed (CachingGetSpaceUsed.java:run(183)) - Thread Interrupted waiting to refresh disk information: sleep interrupted
2019-08-29 08:13:49,785 [main] INFO  statemachine.DatanodeStateMachine (DatanodeStateMachine.java:stopDaemon(395)) - Ozone container server stopped.
2019-08-29 08:13:49,787 [main] INFO  handler.ContextHandler (ContextHandler.java:doStop(910)) - Stopped o.e.j.w.WebAppContext@45da40ad{/,null,UNAVAILABLE}{/hddsDatanode}
2019-08-29 08:13:49,789 [main] INFO  server.AbstractConnector (AbstractConnector.java:doStop(318)) - Stopped ServerConnector@11f6a083{HTTP/1.1,[http/1.1]}{0.0.0.0:0}
2019-08-29 08:13:49,790 [main] INFO  handler.ContextHandler (ContextHandler.java:doStop(910)) - Stopped o.e.j.s.ServletContextHandler@14d5b2ac{/static,jar:file:/home/user/.m2/repository/org/apache/hadoop/hadoop-hdds-container-service/0.5.0-SNAPSHOT/hadoop-hdds-container-service-0.5.0-SNAPSHOT.jar!/webapps/static,UNAVAILABLE}
2019-08-29 08:13:49,790 [main] INFO  handler.ContextHandler (ContextHandler.java:doStop(910)) - Stopped o.e.j.s.ServletContextHandler@78b20c7f{/logs,file:///workdir/hadoop-ozone/integration-test/target/log,UNAVAILABLE}
2019-08-29 08:13:49,797 [ForkJoinPool.commonPool-worker-1] INFO  statemachine.DatanodeStateMachine (DatanodeStateMachine.java:stopDaemon(395)) - Ozone container server stopped.
2019-08-29 08:13:49,800 [ForkJoinPool.commonPool-worker-1] INFO  handler.ContextHandler (ContextHandler.java:doStop(910)) - Stopped o.e.j.w.WebAppContext@7e474bd{/,null,UNAVAILABLE}{/hddsDatanode}
2019-08-29 08:13:49,801 [ForkJoinPool.commonPool-worker-1] INFO  server.AbstractConnector (AbstractConnector.java:doStop(318)) - Stopped ServerConnector@324ee3ca{HTTP/1.1,[http/1.1]}{0.0.0.0:0}
2019-08-29 08:13:49,802 [ForkJoinPool.commonPool-worker-1] INFO  handler.ContextHandler (ContextHandler.java:doStop(910)) - Stopped o.e.j.s.ServletContextHandler@6b26839d{/static,jar:file:/home/user/.m2/repository/org/apache/hadoop/hadoop-hdds-container-service/0.5.0-SNAPSHOT/hadoop-hdds-container-service-0.5.0-SNAPSHOT.jar!/webapps/static,UNAVAILABLE}
2019-08-29 08:13:49,803 [ForkJoinPool.commonPool-worker-1] INFO  handler.ContextHandler (ContextHandler.java:doStop(910)) - Stopped o.e.j.s.ServletContextHandler@2e729fea{/logs,file:///workdir/hadoop-ozone/integration-test/target/log,UNAVAILABLE}
2019-08-29 08:13:49,804 [main] INFO  ozone.MiniOzoneClusterImpl (MiniOzoneClusterImpl.java:stop(353)) - Stopping the StorageContainerManager
2019-08-29 08:13:49,804 [main] INFO  server.StorageContainerManager (StorageContainerManager.java:stop(799)) - Stopping Replication Manager Service.
2019-08-29 08:13:49,804 [main] INFO  container.ReplicationManager (ReplicationManager.java:stop(193)) - Stopping Replication Monitor Thread.
2019-08-29 08:13:49,804 [main] INFO  server.StorageContainerManager (StorageContainerManager.java:stop(806)) - Stopping Lease Manager of the command watchers
2019-08-29 08:13:49,804 [main] INFO  server.StorageContainerManager (StorageContainerManager.java:stop(813)) - Stopping datanode service RPC server
2019-08-29 08:13:49,804 [main] INFO  server.SCMDatanodeProtocolServer (SCMDatanodeProtocolServer.java:stop(367)) - Stopping the RPC server for DataNodes
2019-08-29 08:13:49,804 [main] INFO  ipc.Server (Server.java:stop(3082)) - Stopping server on 34114
2019-08-29 08:13:49,806 [IPC Server listener on 34114] INFO  ipc.Server (Server.java:run(1185)) - Stopping IPC Server listener on 34114
2019-08-29 08:13:49,808 [IPC Server Responder] INFO  ipc.Server (Server.java:run(1319)) - Stopping IPC Server Responder
2019-08-29 08:13:49,866 [SCM Heartbeat Processing Thread - 0] WARN  node.NodeStateManager (NodeStateManager.java:scheduleNextHealthCheck(646)) - Current Thread is interrupted, shutting down HB processing thread for Node Manager.
2019-08-29 08:13:49,867 [main] INFO  server.StorageContainerManager (StorageContainerManager.java:stop(821)) - Stopping block service RPC server
2019-08-29 08:13:49,867 [main] INFO  server.SCMBlockProtocolServer (SCMBlockProtocolServer.java:stop(148)) - Stopping the RPC server for Block Protocol
2019-08-29 08:13:49,867 [main] INFO  ipc.Server (Server.java:stop(3082)) - Stopping server on 33419
2019-08-29 08:13:49,869 [IPC Server listener on 33419] INFO  ipc.Server (Server.java:run(1185)) - Stopping IPC Server listener on 33419
2019-08-29 08:13:49,869 [main] INFO  server.StorageContainerManager (StorageContainerManager.java:stop(828)) - Stopping the StorageContainerLocationProtocol RPC server
2019-08-29 08:13:49,869 [IPC Server Responder] INFO  ipc.Server (Server.java:run(1319)) - Stopping IPC Server Responder
2019-08-29 08:13:49,870 [main] INFO  server.SCMClientProtocolServer (SCMClientProtocolServer.java:stop(159)) - Stopping the RPC server for Client Protocol
2019-08-29 08:13:49,870 [main] INFO  ipc.Server (Server.java:stop(3082)) - Stopping server on 36453
2019-08-29 08:13:49,871 [IPC Server listener on 36453] INFO  ipc.Server (Server.java:run(1185)) - Stopping IPC Server listener on 36453
2019-08-29 08:13:49,871 [main] INFO  server.StorageContainerManager (StorageContainerManager.java:stop(835)) - Stopping Storage Container Manager HTTP server.
2019-08-29 08:13:49,871 [IPC Server Responder] INFO  ipc.Server (Server.java:run(1319)) - Stopping IPC Server Responder
2019-08-29 08:13:49,872 [main] INFO  handler.ContextHandler (ContextHandler.java:doStop(910)) - Stopped o.e.j.w.WebAppContext@7e584f3c{/,null,UNAVAILABLE}{/scm}
2019-08-29 08:13:49,873 [main] INFO  server.AbstractConnector (AbstractConnector.java:doStop(318)) - Stopped ServerConnector@5f113867{HTTP/1.1,[http/1.1]}{0.0.0.0:0}
2019-08-29 08:13:49,873 [main] INFO  handler.ContextHandler (ContextHandler.java:doStop(910)) - Stopped o.e.j.s.ServletContextHandler@16ac67e3{/static,file:///workdir/hadoop-ozone/integration-test/target/test-classes/webapps/static,UNAVAILABLE}
2019-08-29 08:13:49,874 [main] INFO  handler.ContextHandler (ContextHandler.java:doStop(910)) - Stopped o.e.j.s.ServletContextHandler@7c424dfe{/logs,file:///workdir/hadoop-ozone/integration-test/target/log,UNAVAILABLE}
2019-08-29 08:13:49,874 [main] INFO  server.StorageContainerManager (StorageContainerManager.java:stop(846)) - Stopping Block Manager Service.
2019-08-29 08:13:49,874 [main] INFO  utils.BackgroundService (BackgroundService.java:shutdown(148)) - Shutting down service SCMBlockDeletingService
2019-08-29 08:13:49,875 [main] INFO  utils.BackgroundService (BackgroundService.java:shutdown(148)) - Shutting down service SCMBlockDeletingService
2019-08-29 08:13:49,875 [main] INFO  server.StorageContainerManager (StorageContainerManager.java:stop(868)) - Stopping SCM Event Queue.
2019-08-29 08:13:49,880 [main] INFO  impl.MetricsSystemImpl (MetricsSystemImpl.java:stop(210)) - Stopping HddsDatanode metrics system...
2019-08-29 08:13:49,887 [main] INFO  impl.MetricsSystemImpl (MetricsSystemImpl.java:stop(216)) - HddsDatanode metrics system stopped.
]]></system-out>
    <system-err><![CDATA[Aug 29, 2019 8:12:50 AM com.sun.jersey.server.impl.application.WebApplicationImpl _initiate
INFO: Initiating Jersey application, version 'Jersey: 1.19 02/11/2015 03:25 AM'
Aug 29, 2019 8:12:50 AM com.sun.jersey.server.impl.application.WebApplicationImpl _initiate
INFO: Initiating Jersey application, version 'Jersey: 1.19 02/11/2015 03:25 AM'
Aug 29, 2019 8:12:51 AM com.sun.jersey.server.impl.application.WebApplicationImpl _initiate
INFO: Initiating Jersey application, version 'Jersey: 1.19 02/11/2015 03:25 AM'
Aug 29, 2019 8:12:51 AM com.sun.jersey.server.impl.application.WebApplicationImpl _initiate
INFO: Initiating Jersey application, version 'Jersey: 1.19 02/11/2015 03:25 AM'
Aug 29, 2019 8:12:51 AM com.sun.jersey.server.impl.application.WebApplicationImpl _initiate
INFO: Initiating Jersey application, version 'Jersey: 1.19 02/11/2015 03:25 AM'
Aug 29, 2019 8:12:51 AM com.sun.jersey.server.impl.application.WebApplicationImpl _initiate
INFO: Initiating Jersey application, version 'Jersey: 1.19 02/11/2015 03:25 AM'
Aug 29, 2019 8:12:52 AM com.sun.jersey.server.impl.application.WebApplicationImpl _initiate
INFO: Initiating Jersey application, version 'Jersey: 1.19 02/11/2015 03:25 AM'
Aug 29, 2019 8:12:54 AM org.apache.ratis.thirdparty.io.grpc.internal.ManagedChannelOrphanWrapper$ManagedChannelReference cleanQueue
SEVERE: *~*~*~ Channel ManagedChannelImpl{logId=2667, target=192.168.34.54:40217} was not shutdown properly!!! ~*~*~*
    Make sure to call shutdown()/shutdownNow() and wait until awaitTermination() returns true.
java.lang.RuntimeException: ManagedChannel allocation site
	at org.apache.ratis.thirdparty.io.grpc.internal.ManagedChannelOrphanWrapper$ManagedChannelReference.<init>(ManagedChannelOrphanWrapper.java:103)
	at org.apache.ratis.thirdparty.io.grpc.internal.ManagedChannelOrphanWrapper.<init>(ManagedChannelOrphanWrapper.java:53)
	at org.apache.ratis.thirdparty.io.grpc.internal.ManagedChannelOrphanWrapper.<init>(ManagedChannelOrphanWrapper.java:44)
	at org.apache.ratis.thirdparty.io.grpc.internal.AbstractManagedChannelImplBuilder.build(AbstractManagedChannelImplBuilder.java:411)
	at org.apache.ratis.grpc.client.GrpcClientProtocolClient.<init>(GrpcClientProtocolClient.java:119)
	at org.apache.ratis.grpc.client.GrpcClientRpc.lambda$new$0(GrpcClientRpc.java:55)
	at org.apache.ratis.util.PeerProxyMap$PeerAndProxy.lambda$getProxy$0(PeerProxyMap.java:61)
	at org.apache.ratis.util.LifeCycle.startAndTransition(LifeCycle.java:202)
	at org.apache.ratis.util.PeerProxyMap$PeerAndProxy.getProxy(PeerProxyMap.java:60)
	at org.apache.ratis.util.PeerProxyMap.getProxy(PeerProxyMap.java:107)
	at org.apache.ratis.grpc.client.GrpcClientRpc.sendRequestAsync(GrpcClientRpc.java:66)
	at org.apache.ratis.client.impl.OrderedAsync.sendRequest(OrderedAsync.java:208)
	at org.apache.ratis.client.impl.OrderedAsync.sendRequestWithRetry(OrderedAsync.java:169)
	at org.apache.ratis.util.SlidingWindow$Client.sendOrDelayRequest(SlidingWindow.java:278)
	at org.apache.ratis.util.SlidingWindow$Client.retry(SlidingWindow.java:294)
	at org.apache.ratis.client.impl.OrderedAsync.lambda$scheduleWithTimeout$7(OrderedAsync.java:195)
	at org.apache.ratis.util.TimeoutScheduler.lambda$onTimeout$0(TimeoutScheduler.java:85)
	at org.apache.ratis.util.TimeoutScheduler.lambda$onTimeout$1(TimeoutScheduler.java:104)
	at org.apache.ratis.util.LogUtils.runAndLog(LogUtils.java:50)
	at org.apache.ratis.util.LogUtils$1.run(LogUtils.java:91)
	at java.util.concurrent.Executors$RunnableAdapter.call(Executors.java:511)
	at java.util.concurrent.FutureTask.run(FutureTask.java:266)
	at java.util.concurrent.ScheduledThreadPoolExecutor$ScheduledFutureTask.access$201(ScheduledThreadPoolExecutor.java:180)
	at java.util.concurrent.ScheduledThreadPoolExecutor$ScheduledFutureTask.run(ScheduledThreadPoolExecutor.java:293)
	at java.util.concurrent.ThreadPoolExecutor.runWorker(ThreadPoolExecutor.java:1149)
	at java.util.concurrent.ThreadPoolExecutor$Worker.run(ThreadPoolExecutor.java:624)
	at java.lang.Thread.run(Thread.java:748)

Aug 29, 2019 8:12:54 AM org.apache.ratis.thirdparty.io.grpc.internal.ManagedChannelOrphanWrapper$ManagedChannelReference cleanQueue
SEVERE: *~*~*~ Channel ManagedChannelImpl{logId=2702, target=192.168.34.54:33432} was not shutdown properly!!! ~*~*~*
    Make sure to call shutdown()/shutdownNow() and wait until awaitTermination() returns true.
java.lang.RuntimeException: ManagedChannel allocation site
	at org.apache.ratis.thirdparty.io.grpc.internal.ManagedChannelOrphanWrapper$ManagedChannelReference.<init>(ManagedChannelOrphanWrapper.java:103)
	at org.apache.ratis.thirdparty.io.grpc.internal.ManagedChannelOrphanWrapper.<init>(ManagedChannelOrphanWrapper.java:53)
	at org.apache.ratis.thirdparty.io.grpc.internal.ManagedChannelOrphanWrapper.<init>(ManagedChannelOrphanWrapper.java:44)
	at org.apache.ratis.thirdparty.io.grpc.internal.AbstractManagedChannelImplBuilder.build(AbstractManagedChannelImplBuilder.java:411)
	at org.apache.hadoop.hdds.scm.XceiverClientGrpc.connectToDatanode(XceiverClientGrpc.java:174)
	at org.apache.hadoop.hdds.scm.XceiverClientGrpc.reconnect(XceiverClientGrpc.java:422)
	at org.apache.hadoop.hdds.scm.XceiverClientGrpc.sendCommandAsync(XceiverClientGrpc.java:371)
	at org.apache.hadoop.hdds.scm.XceiverClientGrpc.sendCommandWithRetry(XceiverClientGrpc.java:284)
	at org.apache.hadoop.hdds.scm.XceiverClientGrpc.sendCommandWithTraceIDAndRetry(XceiverClientGrpc.java:250)
	at org.apache.hadoop.hdds.scm.XceiverClientGrpc.sendCommand(XceiverClientGrpc.java:233)
	at org.apache.hadoop.hdds.scm.storage.ContainerProtocolCalls.getBlock(ContainerProtocolCalls.java:118)
	at org.apache.hadoop.hdds.scm.storage.BlockInputStream.getChunkInfos(BlockInputStream.java:167)
	at org.apache.hadoop.hdds.scm.storage.BlockInputStream.initialize(BlockInputStream.java:118)
	at org.apache.hadoop.hdds.scm.storage.BlockInputStream.read(BlockInputStream.java:222)
	at org.apache.hadoop.ozone.client.io.KeyInputStream.read(KeyInputStream.java:171)
	at org.apache.hadoop.ozone.client.io.OzoneInputStream.read(OzoneInputStream.java:47)
	at java.io.InputStream.read(InputStream.java:101)
	at org.apache.hadoop.ozone.container.ContainerTestHelper.validateData(ContainerTestHelper.java:713)
	at org.apache.hadoop.ozone.client.rpc.TestBlockOutputStreamWithFailures.validateData(TestBlockOutputStreamWithFailures.java:1216)
	at org.apache.hadoop.ozone.client.rpc.TestBlockOutputStreamWithFailures.testWatchForCommitWithSingleNodeRatis(TestBlockOutputStreamWithFailures.java:918)
	at sun.reflect.NativeMethodAccessorImpl.invoke0(Native Method)
	at sun.reflect.NativeMethodAccessorImpl.invoke(NativeMethodAccessorImpl.java:62)
	at sun.reflect.DelegatingMethodAccessorImpl.invoke(DelegatingMethodAccessorImpl.java:43)
	at java.lang.reflect.Method.invoke(Method.java:498)
	at org.junit.runners.model.FrameworkMethod$1.runReflectiveCall(FrameworkMethod.java:47)
	at org.junit.internal.runners.model.ReflectiveCallable.run(ReflectiveCallable.java:12)
	at org.junit.runners.model.FrameworkMethod.invokeExplosively(FrameworkMethod.java:44)
	at org.junit.internal.runners.statements.InvokeMethod.evaluate(InvokeMethod.java:17)
	at org.junit.internal.runners.statements.RunBefores.evaluate(RunBefores.java:26)
	at org.junit.internal.runners.statements.RunAfters.evaluate(RunAfters.java:27)
	at org.junit.runners.ParentRunner.runLeaf(ParentRunner.java:271)
	at org.junit.runners.BlockJUnit4ClassRunner.runChild(BlockJUnit4ClassRunner.java:70)
	at org.junit.runners.BlockJUnit4ClassRunner.runChild(BlockJUnit4ClassRunner.java:50)
	at org.junit.runners.ParentRunner$3.run(ParentRunner.java:238)
	at org.junit.runners.ParentRunner$1.schedule(ParentRunner.java:63)
	at org.junit.runners.ParentRunner.runChildren(ParentRunner.java:236)
	at org.junit.runners.ParentRunner.access$000(ParentRunner.java:53)
	at org.junit.runners.ParentRunner$2.evaluate(ParentRunner.java:229)
	at org.junit.runners.ParentRunner.run(ParentRunner.java:309)
	at org.apache.maven.surefire.junit4.JUnit4Provider.execute(JUnit4Provider.java:365)
	at org.apache.maven.surefire.junit4.JUnit4Provider.executeWithRerun(JUnit4Provider.java:273)
	at org.apache.maven.surefire.junit4.JUnit4Provider.executeTestSet(JUnit4Provider.java:238)
	at org.apache.maven.surefire.junit4.JUnit4Provider.invoke(JUnit4Provider.java:159)
	at org.apache.maven.surefire.booter.ForkedBooter.invokeProviderInSameClassLoader(ForkedBooter.java:384)
	at org.apache.maven.surefire.booter.ForkedBooter.runSuitesInProcess(ForkedBooter.java:345)
	at org.apache.maven.surefire.booter.ForkedBooter.execute(ForkedBooter.java:126)
	at org.apache.maven.surefire.booter.ForkedBooter.main(ForkedBooter.java:418)

Aug 29, 2019 8:12:54 AM org.apache.ratis.thirdparty.io.grpc.internal.ManagedChannelOrphanWrapper$ManagedChannelReference cleanQueue
SEVERE: *~*~*~ Channel ManagedChannelImpl{logId=2707, target=192.168.34.54:33432} was not shutdown properly!!! ~*~*~*
    Make sure to call shutdown()/shutdownNow() and wait until awaitTermination() returns true.
java.lang.RuntimeException: ManagedChannel allocation site
	at org.apache.ratis.thirdparty.io.grpc.internal.ManagedChannelOrphanWrapper$ManagedChannelReference.<init>(ManagedChannelOrphanWrapper.java:103)
	at org.apache.ratis.thirdparty.io.grpc.internal.ManagedChannelOrphanWrapper.<init>(ManagedChannelOrphanWrapper.java:53)
	at org.apache.ratis.thirdparty.io.grpc.internal.ManagedChannelOrphanWrapper.<init>(ManagedChannelOrphanWrapper.java:44)
	at org.apache.ratis.thirdparty.io.grpc.internal.AbstractManagedChannelImplBuilder.build(AbstractManagedChannelImplBuilder.java:411)
	at org.apache.hadoop.hdds.scm.XceiverClientGrpc.connectToDatanode(XceiverClientGrpc.java:174)
	at org.apache.hadoop.hdds.scm.XceiverClientGrpc.reconnect(XceiverClientGrpc.java:422)
	at org.apache.hadoop.hdds.scm.XceiverClientGrpc.sendCommandAsync(XceiverClientGrpc.java:371)
	at org.apache.hadoop.hdds.scm.XceiverClientGrpc.sendCommandWithRetry(XceiverClientGrpc.java:284)
	at org.apache.hadoop.hdds.scm.XceiverClientGrpc.sendCommandWithTraceIDAndRetry(XceiverClientGrpc.java:250)
	at org.apache.hadoop.hdds.scm.XceiverClientGrpc.sendCommand(XceiverClientGrpc.java:233)
	at org.apache.hadoop.hdds.scm.storage.ContainerProtocolCalls.getBlock(ContainerProtocolCalls.java:118)
	at org.apache.hadoop.hdds.scm.storage.BlockInputStream.getChunkInfos(BlockInputStream.java:167)
	at org.apache.hadoop.hdds.scm.storage.BlockInputStream.initialize(BlockInputStream.java:118)
	at org.apache.hadoop.hdds.scm.storage.BlockInputStream.read(BlockInputStream.java:222)
	at org.apache.hadoop.ozone.client.io.KeyInputStream.read(KeyInputStream.java:171)
	at org.apache.hadoop.ozone.client.io.OzoneInputStream.read(OzoneInputStream.java:47)
	at java.io.InputStream.read(InputStream.java:101)
	at org.apache.hadoop.ozone.container.ContainerTestHelper.validateData(ContainerTestHelper.java:713)
	at org.apache.hadoop.ozone.client.rpc.TestBlockOutputStreamWithFailures.validateData(TestBlockOutputStreamWithFailures.java:1216)
	at org.apache.hadoop.ozone.client.rpc.TestBlockOutputStreamWithFailures.testWatchForCommitWithSingleNodeRatis(TestBlockOutputStreamWithFailures.java:918)
	at sun.reflect.NativeMethodAccessorImpl.invoke0(Native Method)
	at sun.reflect.NativeMethodAccessorImpl.invoke(NativeMethodAccessorImpl.java:62)
	at sun.reflect.DelegatingMethodAccessorImpl.invoke(DelegatingMethodAccessorImpl.java:43)
	at java.lang.reflect.Method.invoke(Method.java:498)
	at org.junit.runners.model.FrameworkMethod$1.runReflectiveCall(FrameworkMethod.java:47)
	at org.junit.internal.runners.model.ReflectiveCallable.run(ReflectiveCallable.java:12)
	at org.junit.runners.model.FrameworkMethod.invokeExplosively(FrameworkMethod.java:44)
	at org.junit.internal.runners.statements.InvokeMethod.evaluate(InvokeMethod.java:17)
	at org.junit.internal.runners.statements.RunBefores.evaluate(RunBefores.java:26)
	at org.junit.internal.runners.statements.RunAfters.evaluate(RunAfters.java:27)
	at org.junit.runners.ParentRunner.runLeaf(ParentRunner.java:271)
	at org.junit.runners.BlockJUnit4ClassRunner.runChild(BlockJUnit4ClassRunner.java:70)
	at org.junit.runners.BlockJUnit4ClassRunner.runChild(BlockJUnit4ClassRunner.java:50)
	at org.junit.runners.ParentRunner$3.run(ParentRunner.java:238)
	at org.junit.runners.ParentRunner$1.schedule(ParentRunner.java:63)
	at org.junit.runners.ParentRunner.runChildren(ParentRunner.java:236)
	at org.junit.runners.ParentRunner.access$000(ParentRunner.java:53)
	at org.junit.runners.ParentRunner$2.evaluate(ParentRunner.java:229)
	at org.junit.runners.ParentRunner.run(ParentRunner.java:309)
	at org.apache.maven.surefire.junit4.JUnit4Provider.execute(JUnit4Provider.java:365)
	at org.apache.maven.surefire.junit4.JUnit4Provider.executeWithRerun(JUnit4Provider.java:273)
	at org.apache.maven.surefire.junit4.JUnit4Provider.executeTestSet(JUnit4Provider.java:238)
	at org.apache.maven.surefire.junit4.JUnit4Provider.invoke(JUnit4Provider.java:159)
	at org.apache.maven.surefire.booter.ForkedBooter.invokeProviderInSameClassLoader(ForkedBooter.java:384)
	at org.apache.maven.surefire.booter.ForkedBooter.runSuitesInProcess(ForkedBooter.java:345)
	at org.apache.maven.surefire.booter.ForkedBooter.execute(ForkedBooter.java:126)
	at org.apache.maven.surefire.booter.ForkedBooter.main(ForkedBooter.java:418)

]]></system-err>
  </testcase>
  <testcase name="testFailureWithPrimeSizedData" classname="org.apache.hadoop.ozone.client.rpc.TestBlockOutputStreamWithFailures" time="37.084"/>
  <testcase name="testWatchForCommitWithCloseContainerException" classname="org.apache.hadoop.ozone.client.rpc.TestBlockOutputStreamWithFailures" time="34.482"/>
  <testcase name="testExceptionDuringClose" classname="org.apache.hadoop.ozone.client.rpc.TestBlockOutputStreamWithFailures" time="35.217"/>
</testsuite>