<?xml version="1.0" encoding="UTF-8"?>
<testsuite xmlns:xsi="http://www.w3.org/2001/XMLSchema-instance" xsi:noNamespaceSchemaLocation="https://maven.apache.org/surefire/maven-surefire-plugin/xsd/surefire-test-report.xsd" name="org.apache.ratis.logservice.TestLogServiceWithGrpc" time="8.295" tests="4" errors="1" skipped="0" failures="0">
  <properties>
    <property name="awt.toolkit" value="sun.awt.X11.XToolkit"/>
    <property name="file.encoding.pkg" value="sun.io"/>
    <property name="java.specification.version" value="1.8"/>
    <property name="sun.cpu.isalist" value=""/>
    <property name="sun.jnu.encoding" value="UTF-8"/>
    <property name="java.class.path" value="/workdir/ratis-logservice/target/test-classes:/workdir/ratis-logservice/target/classes:/workdir/ratis-proto/target/ratis-proto-0.5.0-SNAPSHOT.jar:/home/user/.m2/repository/org/apache/ratis/ratis-thirdparty-misc/0.2.0/ratis-thirdparty-misc-0.2.0.jar:/workdir/ratis-common/target/classes:/home/user/.m2/repository/org/slf4j/slf4j-log4j12/1.7.10/slf4j-log4j12-1.7.10.jar:/workdir/ratis-client/target/classes:/workdir/ratis-server/target/classes:/workdir/ratis-metrics/target/classes:/home/user/.m2/repository/io/dropwizard/metrics/metrics-core/3.2.5/metrics-core-3.2.5.jar:/home/user/.m2/repository/com/github/joshelser/dropwizard-metrics-hadoop-metrics2-reporter/0.1.2/dropwizard-metrics-hadoop-metrics2-reporter-0.1.2.jar:/home/user/.m2/repository/io/dropwizard/metrics/metrics-jvm/3.2.5/metrics-jvm-3.2.5.jar:/home/user/.m2/repository/io/dropwizard/metrics/metrics-ganglia/3.2.5/metrics-ganglia-3.2.5.jar:/home/user/.m2/repository/info/ganglia/gmetric4j/gmetric4j/1.0.7/gmetric4j-1.0.7.jar:/workdir/ratis-grpc/target/classes:/workdir/ratis-netty/target/classes:/home/user/.m2/repository/org/apache/hadoop/hadoop-common/3.1.1/hadoop-common-3.1.1.jar:/home/user/.m2/repository/org/apache/hadoop/hadoop-annotations/3.1.1/hadoop-annotations-3.1.1.jar:/usr/lib/jvm/java-1.8-openjdk/jre/../lib/tools.jar:/home/user/.m2/repository/com/google/guava/guava/11.0.2/guava-11.0.2.jar:/home/user/.m2/repository/commons-cli/commons-cli/1.2/commons-cli-1.2.jar:/home/user/.m2/repository/org/apache/commons/commons-math3/3.1.1/commons-math3-3.1.1.jar:/home/user/.m2/repository/org/apache/httpcomponents/httpclient/4.5.2/httpclient-4.5.2.jar:/home/user/.m2/repository/org/apache/httpcomponents/httpcore/4.4.4/httpcore-4.4.4.jar:/home/user/.m2/repository/commons-codec/commons-codec/1.11/commons-codec-1.11.jar:/home/user/.m2/repository/commons-io/commons-io/2.5/commons-io-2.5.jar:/home/user/.m2/repository/commons-net/commons-net/3.6/commons-net-3.6.jar:/home/user/.m2/repository/commons-collections/commons-collections/3.2.2/commons-collections-3.2.2.jar:/home/user/.m2/repository/javax/servlet/javax.servlet-api/3.1.0/javax.servlet-api-3.1.0.jar:/home/user/.m2/repository/org/eclipse/jetty/jetty-server/9.3.19.v20170502/jetty-server-9.3.19.v20170502.jar:/home/user/.m2/repository/org/eclipse/jetty/jetty-http/9.3.19.v20170502/jetty-http-9.3.19.v20170502.jar:/home/user/.m2/repository/org/eclipse/jetty/jetty-io/9.3.19.v20170502/jetty-io-9.3.19.v20170502.jar:/home/user/.m2/repository/org/eclipse/jetty/jetty-util/9.3.19.v20170502/jetty-util-9.3.19.v20170502.jar:/home/user/.m2/repository/org/eclipse/jetty/jetty-servlet/9.3.19.v20170502/jetty-servlet-9.3.19.v20170502.jar:/home/user/.m2/repository/org/eclipse/jetty/jetty-security/9.3.19.v20170502/jetty-security-9.3.19.v20170502.jar:/home/user/.m2/repository/org/eclipse/jetty/jetty-webapp/9.3.19.v20170502/jetty-webapp-9.3.19.v20170502.jar:/home/user/.m2/repository/org/eclipse/jetty/jetty-xml/9.3.19.v20170502/jetty-xml-9.3.19.v20170502.jar:/home/user/.m2/repository/javax/servlet/jsp/jsp-api/2.1/jsp-api-2.1.jar:/home/user/.m2/repository/com/sun/jersey/jersey-core/1.19/jersey-core-1.19.jar:/home/user/.m2/repository/javax/ws/rs/jsr311-api/1.1.1/jsr311-api-1.1.1.jar:/home/user/.m2/repository/com/sun/jersey/jersey-servlet/1.19/jersey-servlet-1.19.jar:/home/user/.m2/repository/com/sun/jersey/jersey-json/1.19/jersey-json-1.19.jar:/home/user/.m2/repository/org/codehaus/jettison/jettison/1.1/jettison-1.1.jar:/home/user/.m2/repository/com/sun/xml/bind/jaxb-impl/2.2.3-1/jaxb-impl-2.2.3-1.jar:/home/user/.m2/repository/org/codehaus/jackson/jackson-core-asl/1.9.2/jackson-core-asl-1.9.2.jar:/home/user/.m2/repository/org/codehaus/jackson/jackson-mapper-asl/1.9.2/jackson-mapper-asl-1.9.2.jar:/home/user/.m2/repository/org/codehaus/jackson/jackson-jaxrs/1.9.2/jackson-jaxrs-1.9.2.jar:/home/user/.m2/repository/org/codehaus/jackson/jackson-xc/1.9.2/jackson-xc-1.9.2.jar:/home/user/.m2/repository/com/sun/jersey/jersey-server/1.19/jersey-server-1.19.jar:/home/user/.m2/repository/commons-logging/commons-logging/1.1.3/commons-logging-1.1.3.jar:/home/user/.m2/repository/log4j/log4j/1.2.17/log4j-1.2.17.jar:/home/user/.m2/repository/commons-lang/commons-lang/2.6/commons-lang-2.6.jar:/home/user/.m2/repository/commons-beanutils/commons-beanutils/1.9.3/commons-beanutils-1.9.3.jar:/home/user/.m2/repository/org/apache/commons/commons-configuration2/2.1.1/commons-configuration2-2.1.1.jar:/home/user/.m2/repository/org/apache/commons/commons-lang3/3.4/commons-lang3-3.4.jar:/home/user/.m2/repository/org/apache/avro/avro/1.7.7/avro-1.7.7.jar:/home/user/.m2/repository/com/thoughtworks/paranamer/paranamer/2.3/paranamer-2.3.jar:/home/user/.m2/repository/org/xerial/snappy/snappy-java/1.0.5/snappy-java-1.0.5.jar:/home/user/.m2/repository/com/google/re2j/re2j/1.1/re2j-1.1.jar:/home/user/.m2/repository/com/google/protobuf/protobuf-java/2.5.0/protobuf-java-2.5.0.jar:/home/user/.m2/repository/com/google/code/gson/gson/2.2.4/gson-2.2.4.jar:/home/user/.m2/repository/org/apache/hadoop/hadoop-auth/3.1.1/hadoop-auth-3.1.1.jar:/home/user/.m2/repository/com/nimbusds/nimbus-jose-jwt/4.41.1/nimbus-jose-jwt-4.41.1.jar:/home/user/.m2/repository/com/github/stephenc/jcip/jcip-annotations/1.0-1/jcip-annotations-1.0-1.jar:/home/user/.m2/repository/net/minidev/json-smart/2.3/json-smart-2.3.jar:/home/user/.m2/repository/net/minidev/accessors-smart/1.2/accessors-smart-1.2.jar:/home/user/.m2/repository/org/ow2/asm/asm/5.0.4/asm-5.0.4.jar:/home/user/.m2/repository/org/apache/curator/curator-framework/2.12.0/curator-framework-2.12.0.jar:/home/user/.m2/repository/com/jcraft/jsch/0.1.54/jsch-0.1.54.jar:/home/user/.m2/repository/org/apache/curator/curator-client/2.12.0/curator-client-2.12.0.jar:/home/user/.m2/repository/org/apache/curator/curator-recipes/2.12.0/curator-recipes-2.12.0.jar:/home/user/.m2/repository/com/google/code/findbugs/jsr305/3.0.0/jsr305-3.0.0.jar:/home/user/.m2/repository/org/apache/htrace/htrace-core4/4.1.0-incubating/htrace-core4-4.1.0-incubating.jar:/home/user/.m2/repository/org/apache/zookeeper/zookeeper/3.4.9/zookeeper-3.4.9.jar:/home/user/.m2/repository/jline/jline/0.9.94/jline-0.9.94.jar:/home/user/.m2/repository/org/apache/commons/commons-compress/1.4.1/commons-compress-1.4.1.jar:/home/user/.m2/repository/org/tukaani/xz/1.0/xz-1.0.jar:/home/user/.m2/repository/org/apache/kerby/kerb-simplekdc/1.0.1/kerb-simplekdc-1.0.1.jar:/home/user/.m2/repository/org/apache/kerby/kerb-client/1.0.1/kerb-client-1.0.1.jar:/home/user/.m2/repository/org/apache/kerby/kerby-config/1.0.1/kerby-config-1.0.1.jar:/home/user/.m2/repository/org/apache/kerby/kerb-core/1.0.1/kerb-core-1.0.1.jar:/home/user/.m2/repository/org/apache/kerby/kerby-pkix/1.0.1/kerby-pkix-1.0.1.jar:/home/user/.m2/repository/org/apache/kerby/kerby-asn1/1.0.1/kerby-asn1-1.0.1.jar:/home/user/.m2/repository/org/apache/kerby/kerby-util/1.0.1/kerby-util-1.0.1.jar:/home/user/.m2/repository/org/apache/kerby/kerb-common/1.0.1/kerb-common-1.0.1.jar:/home/user/.m2/repository/org/apache/kerby/kerb-crypto/1.0.1/kerb-crypto-1.0.1.jar:/home/user/.m2/repository/org/apache/kerby/kerb-util/1.0.1/kerb-util-1.0.1.jar:/home/user/.m2/repository/org/apache/kerby/token-provider/1.0.1/token-provider-1.0.1.jar:/home/user/.m2/repository/org/apache/kerby/kerb-admin/1.0.1/kerb-admin-1.0.1.jar:/home/user/.m2/repository/org/apache/kerby/kerb-server/1.0.1/kerb-server-1.0.1.jar:/home/user/.m2/repository/org/apache/kerby/kerb-identity/1.0.1/kerb-identity-1.0.1.jar:/home/user/.m2/repository/org/apache/kerby/kerby-xdr/1.0.1/kerby-xdr-1.0.1.jar:/home/user/.m2/repository/com/fasterxml/jackson/core/jackson-databind/2.7.8/jackson-databind-2.7.8.jar:/home/user/.m2/repository/com/fasterxml/jackson/core/jackson-annotations/2.7.0/jackson-annotations-2.7.0.jar:/home/user/.m2/repository/com/fasterxml/jackson/core/jackson-core/2.7.8/jackson-core-2.7.8.jar:/home/user/.m2/repository/org/codehaus/woodstox/stax2-api/3.1.4/stax2-api-3.1.4.jar:/home/user/.m2/repository/com/fasterxml/woodstox/woodstox-core/5.0.3/woodstox-core-5.0.3.jar:/home/user/.m2/repository/com/beust/jcommander/1.72/jcommander-1.72.jar:/home/user/.m2/repository/org/jline/jline/3.9.0/jline-3.9.0.jar:/home/user/.m2/repository/org/slf4j/slf4j-api/1.7.10/slf4j-api-1.7.10.jar:/workdir/ratis-netty/target/test-classes:/workdir/ratis-grpc/target/test-classes:/workdir/ratis-server/target/test-classes:/workdir/ratis-common/target/test-classes:/workdir/ratis-client/target/test-classes:/workdir/ratis-hadoop/target/classes:/workdir/ratis-hadoop/target/test-classes:/home/user/.m2/repository/org/apache/ratis/ratis-thirdparty-hadoop/0.2.0/ratis-thirdparty-hadoop-0.2.0.jar:/home/user/.m2/repository/junit/junit/4.12/junit-4.12.jar:/home/user/.m2/repository/org/hamcrest/hamcrest-core/1.3/hamcrest-core-1.3.jar:/home/user/.m2/repository/org/mockito/mockito-all/1.8.5/mockito-all-1.8.5.jar:/home/user/.m2/repository/org/apache/hadoop/hadoop-hdfs/3.1.1/hadoop-hdfs-3.1.1-tests.jar:/home/user/.m2/repository/org/eclipse/jetty/jetty-util-ajax/9.3.19.v20170502/jetty-util-ajax-9.3.19.v20170502.jar:/home/user/.m2/repository/commons-daemon/commons-daemon/1.0.13/commons-daemon-1.0.13.jar:/home/user/.m2/repository/io/netty/netty/3.10.5.Final/netty-3.10.5.Final.jar:/home/user/.m2/repository/io/netty/netty-all/4.0.52.Final/netty-all-4.0.52.Final.jar:/home/user/.m2/repository/org/fusesource/leveldbjni/leveldbjni-all/1.8/leveldbjni-all-1.8.jar:/home/user/.m2/repository/org/apache/hadoop/hadoop-client/3.1.1/hadoop-client-3.1.1.jar:/home/user/.m2/repository/org/apache/hadoop/hadoop-hdfs-client/3.1.1/hadoop-hdfs-client-3.1.1.jar:/home/user/.m2/repository/com/squareup/okhttp/okhttp/2.7.5/okhttp-2.7.5.jar:/home/user/.m2/repository/com/squareup/okio/okio/1.6.0/okio-1.6.0.jar:/home/user/.m2/repository/org/apache/hadoop/hadoop-yarn-api/3.1.1/hadoop-yarn-api-3.1.1.jar:/home/user/.m2/repository/javax/xml/bind/jaxb-api/2.2.11/jaxb-api-2.2.11.jar:/home/user/.m2/repository/org/apache/hadoop/hadoop-yarn-client/3.1.1/hadoop-yarn-client-3.1.1.jar:/home/user/.m2/repository/org/apache/hadoop/hadoop-mapreduce-client-core/3.1.1/hadoop-mapreduce-client-core-3.1.1.jar:/home/user/.m2/repository/org/apache/hadoop/hadoop-yarn-common/3.1.1/hadoop-yarn-common-3.1.1.jar:/home/user/.m2/repository/com/sun/jersey/jersey-client/1.19/jersey-client-1.19.jar:/home/user/.m2/repository/com/fasterxml/jackson/module/jackson-module-jaxb-annotations/2.7.8/jackson-module-jaxb-annotations-2.7.8.jar:/home/user/.m2/repository/com/fasterxml/jackson/jaxrs/jackson-jaxrs-json-provider/2.7.8/jackson-jaxrs-json-provider-2.7.8.jar:/home/user/.m2/repository/com/fasterxml/jackson/jaxrs/jackson-jaxrs-base/2.7.8/jackson-jaxrs-base-2.7.8.jar:/home/user/.m2/repository/org/apache/hadoop/hadoop-mapreduce-client-jobclient/3.1.1/hadoop-mapreduce-client-jobclient-3.1.1.jar:/home/user/.m2/repository/org/apache/hadoop/hadoop-mapreduce-client-common/3.1.1/hadoop-mapreduce-client-common-3.1.1.jar:/home/user/.m2/repository/org/apache/hadoop/hadoop-hdfs/3.1.1/hadoop-hdfs-3.1.1.jar:/home/user/.m2/repository/org/apache/hadoop/hadoop-common/3.1.1/hadoop-common-3.1.1-tests.jar:"/>
    <property name="java.vm.vendor" value="IcedTea"/>
    <property name="sun.arch.data.model" value="64"/>
    <property name="java.vendor.url" value="https://icedtea.classpath.org"/>
    <property name="user.timezone" value=""/>
    <property name="java.vm.specification.version" value="1.8"/>
    <property name="os.name" value="Linux"/>
    <property name="user.country" value="US"/>
    <property name="sun.java.launcher" value="SUN_STANDARD"/>
    <property name="sun.boot.library.path" value="/usr/lib/jvm/java-1.8-openjdk/jre/lib/amd64"/>
    <property name="sun.java.command" value="/workdir/ratis-logservice/target/surefire/surefirebooter2406406465607672303.jar /workdir/ratis-logservice/target/surefire 2019-09-24T11-55-26_108-jvmRun1 surefire4954572719510336532tmp surefire_863083101836398579774tmp"/>
    <property name="surefire.test.class.path" value="/workdir/ratis-logservice/target/test-classes:/workdir/ratis-logservice/target/classes:/workdir/ratis-proto/target/ratis-proto-0.5.0-SNAPSHOT.jar:/home/user/.m2/repository/org/apache/ratis/ratis-thirdparty-misc/0.2.0/ratis-thirdparty-misc-0.2.0.jar:/workdir/ratis-common/target/classes:/home/user/.m2/repository/org/slf4j/slf4j-log4j12/1.7.10/slf4j-log4j12-1.7.10.jar:/workdir/ratis-client/target/classes:/workdir/ratis-server/target/classes:/workdir/ratis-metrics/target/classes:/home/user/.m2/repository/io/dropwizard/metrics/metrics-core/3.2.5/metrics-core-3.2.5.jar:/home/user/.m2/repository/com/github/joshelser/dropwizard-metrics-hadoop-metrics2-reporter/0.1.2/dropwizard-metrics-hadoop-metrics2-reporter-0.1.2.jar:/home/user/.m2/repository/io/dropwizard/metrics/metrics-jvm/3.2.5/metrics-jvm-3.2.5.jar:/home/user/.m2/repository/io/dropwizard/metrics/metrics-ganglia/3.2.5/metrics-ganglia-3.2.5.jar:/home/user/.m2/repository/info/ganglia/gmetric4j/gmetric4j/1.0.7/gmetric4j-1.0.7.jar:/workdir/ratis-grpc/target/classes:/workdir/ratis-netty/target/classes:/home/user/.m2/repository/org/apache/hadoop/hadoop-common/3.1.1/hadoop-common-3.1.1.jar:/home/user/.m2/repository/org/apache/hadoop/hadoop-annotations/3.1.1/hadoop-annotations-3.1.1.jar:/usr/lib/jvm/java-1.8-openjdk/jre/../lib/tools.jar:/home/user/.m2/repository/com/google/guava/guava/11.0.2/guava-11.0.2.jar:/home/user/.m2/repository/commons-cli/commons-cli/1.2/commons-cli-1.2.jar:/home/user/.m2/repository/org/apache/commons/commons-math3/3.1.1/commons-math3-3.1.1.jar:/home/user/.m2/repository/org/apache/httpcomponents/httpclient/4.5.2/httpclient-4.5.2.jar:/home/user/.m2/repository/org/apache/httpcomponents/httpcore/4.4.4/httpcore-4.4.4.jar:/home/user/.m2/repository/commons-codec/commons-codec/1.11/commons-codec-1.11.jar:/home/user/.m2/repository/commons-io/commons-io/2.5/commons-io-2.5.jar:/home/user/.m2/repository/commons-net/commons-net/3.6/commons-net-3.6.jar:/home/user/.m2/repository/commons-collections/commons-collections/3.2.2/commons-collections-3.2.2.jar:/home/user/.m2/repository/javax/servlet/javax.servlet-api/3.1.0/javax.servlet-api-3.1.0.jar:/home/user/.m2/repository/org/eclipse/jetty/jetty-server/9.3.19.v20170502/jetty-server-9.3.19.v20170502.jar:/home/user/.m2/repository/org/eclipse/jetty/jetty-http/9.3.19.v20170502/jetty-http-9.3.19.v20170502.jar:/home/user/.m2/repository/org/eclipse/jetty/jetty-io/9.3.19.v20170502/jetty-io-9.3.19.v20170502.jar:/home/user/.m2/repository/org/eclipse/jetty/jetty-util/9.3.19.v20170502/jetty-util-9.3.19.v20170502.jar:/home/user/.m2/repository/org/eclipse/jetty/jetty-servlet/9.3.19.v20170502/jetty-servlet-9.3.19.v20170502.jar:/home/user/.m2/repository/org/eclipse/jetty/jetty-security/9.3.19.v20170502/jetty-security-9.3.19.v20170502.jar:/home/user/.m2/repository/org/eclipse/jetty/jetty-webapp/9.3.19.v20170502/jetty-webapp-9.3.19.v20170502.jar:/home/user/.m2/repository/org/eclipse/jetty/jetty-xml/9.3.19.v20170502/jetty-xml-9.3.19.v20170502.jar:/home/user/.m2/repository/javax/servlet/jsp/jsp-api/2.1/jsp-api-2.1.jar:/home/user/.m2/repository/com/sun/jersey/jersey-core/1.19/jersey-core-1.19.jar:/home/user/.m2/repository/javax/ws/rs/jsr311-api/1.1.1/jsr311-api-1.1.1.jar:/home/user/.m2/repository/com/sun/jersey/jersey-servlet/1.19/jersey-servlet-1.19.jar:/home/user/.m2/repository/com/sun/jersey/jersey-json/1.19/jersey-json-1.19.jar:/home/user/.m2/repository/org/codehaus/jettison/jettison/1.1/jettison-1.1.jar:/home/user/.m2/repository/com/sun/xml/bind/jaxb-impl/2.2.3-1/jaxb-impl-2.2.3-1.jar:/home/user/.m2/repository/org/codehaus/jackson/jackson-core-asl/1.9.2/jackson-core-asl-1.9.2.jar:/home/user/.m2/repository/org/codehaus/jackson/jackson-mapper-asl/1.9.2/jackson-mapper-asl-1.9.2.jar:/home/user/.m2/repository/org/codehaus/jackson/jackson-jaxrs/1.9.2/jackson-jaxrs-1.9.2.jar:/home/user/.m2/repository/org/codehaus/jackson/jackson-xc/1.9.2/jackson-xc-1.9.2.jar:/home/user/.m2/repository/com/sun/jersey/jersey-server/1.19/jersey-server-1.19.jar:/home/user/.m2/repository/commons-logging/commons-logging/1.1.3/commons-logging-1.1.3.jar:/home/user/.m2/repository/log4j/log4j/1.2.17/log4j-1.2.17.jar:/home/user/.m2/repository/commons-lang/commons-lang/2.6/commons-lang-2.6.jar:/home/user/.m2/repository/commons-beanutils/commons-beanutils/1.9.3/commons-beanutils-1.9.3.jar:/home/user/.m2/repository/org/apache/commons/commons-configuration2/2.1.1/commons-configuration2-2.1.1.jar:/home/user/.m2/repository/org/apache/commons/commons-lang3/3.4/commons-lang3-3.4.jar:/home/user/.m2/repository/org/apache/avro/avro/1.7.7/avro-1.7.7.jar:/home/user/.m2/repository/com/thoughtworks/paranamer/paranamer/2.3/paranamer-2.3.jar:/home/user/.m2/repository/org/xerial/snappy/snappy-java/1.0.5/snappy-java-1.0.5.jar:/home/user/.m2/repository/com/google/re2j/re2j/1.1/re2j-1.1.jar:/home/user/.m2/repository/com/google/protobuf/protobuf-java/2.5.0/protobuf-java-2.5.0.jar:/home/user/.m2/repository/com/google/code/gson/gson/2.2.4/gson-2.2.4.jar:/home/user/.m2/repository/org/apache/hadoop/hadoop-auth/3.1.1/hadoop-auth-3.1.1.jar:/home/user/.m2/repository/com/nimbusds/nimbus-jose-jwt/4.41.1/nimbus-jose-jwt-4.41.1.jar:/home/user/.m2/repository/com/github/stephenc/jcip/jcip-annotations/1.0-1/jcip-annotations-1.0-1.jar:/home/user/.m2/repository/net/minidev/json-smart/2.3/json-smart-2.3.jar:/home/user/.m2/repository/net/minidev/accessors-smart/1.2/accessors-smart-1.2.jar:/home/user/.m2/repository/org/ow2/asm/asm/5.0.4/asm-5.0.4.jar:/home/user/.m2/repository/org/apache/curator/curator-framework/2.12.0/curator-framework-2.12.0.jar:/home/user/.m2/repository/com/jcraft/jsch/0.1.54/jsch-0.1.54.jar:/home/user/.m2/repository/org/apache/curator/curator-client/2.12.0/curator-client-2.12.0.jar:/home/user/.m2/repository/org/apache/curator/curator-recipes/2.12.0/curator-recipes-2.12.0.jar:/home/user/.m2/repository/com/google/code/findbugs/jsr305/3.0.0/jsr305-3.0.0.jar:/home/user/.m2/repository/org/apache/htrace/htrace-core4/4.1.0-incubating/htrace-core4-4.1.0-incubating.jar:/home/user/.m2/repository/org/apache/zookeeper/zookeeper/3.4.9/zookeeper-3.4.9.jar:/home/user/.m2/repository/jline/jline/0.9.94/jline-0.9.94.jar:/home/user/.m2/repository/org/apache/commons/commons-compress/1.4.1/commons-compress-1.4.1.jar:/home/user/.m2/repository/org/tukaani/xz/1.0/xz-1.0.jar:/home/user/.m2/repository/org/apache/kerby/kerb-simplekdc/1.0.1/kerb-simplekdc-1.0.1.jar:/home/user/.m2/repository/org/apache/kerby/kerb-client/1.0.1/kerb-client-1.0.1.jar:/home/user/.m2/repository/org/apache/kerby/kerby-config/1.0.1/kerby-config-1.0.1.jar:/home/user/.m2/repository/org/apache/kerby/kerb-core/1.0.1/kerb-core-1.0.1.jar:/home/user/.m2/repository/org/apache/kerby/kerby-pkix/1.0.1/kerby-pkix-1.0.1.jar:/home/user/.m2/repository/org/apache/kerby/kerby-asn1/1.0.1/kerby-asn1-1.0.1.jar:/home/user/.m2/repository/org/apache/kerby/kerby-util/1.0.1/kerby-util-1.0.1.jar:/home/user/.m2/repository/org/apache/kerby/kerb-common/1.0.1/kerb-common-1.0.1.jar:/home/user/.m2/repository/org/apache/kerby/kerb-crypto/1.0.1/kerb-crypto-1.0.1.jar:/home/user/.m2/repository/org/apache/kerby/kerb-util/1.0.1/kerb-util-1.0.1.jar:/home/user/.m2/repository/org/apache/kerby/token-provider/1.0.1/token-provider-1.0.1.jar:/home/user/.m2/repository/org/apache/kerby/kerb-admin/1.0.1/kerb-admin-1.0.1.jar:/home/user/.m2/repository/org/apache/kerby/kerb-server/1.0.1/kerb-server-1.0.1.jar:/home/user/.m2/repository/org/apache/kerby/kerb-identity/1.0.1/kerb-identity-1.0.1.jar:/home/user/.m2/repository/org/apache/kerby/kerby-xdr/1.0.1/kerby-xdr-1.0.1.jar:/home/user/.m2/repository/com/fasterxml/jackson/core/jackson-databind/2.7.8/jackson-databind-2.7.8.jar:/home/user/.m2/repository/com/fasterxml/jackson/core/jackson-annotations/2.7.0/jackson-annotations-2.7.0.jar:/home/user/.m2/repository/com/fasterxml/jackson/core/jackson-core/2.7.8/jackson-core-2.7.8.jar:/home/user/.m2/repository/org/codehaus/woodstox/stax2-api/3.1.4/stax2-api-3.1.4.jar:/home/user/.m2/repository/com/fasterxml/woodstox/woodstox-core/5.0.3/woodstox-core-5.0.3.jar:/home/user/.m2/repository/com/beust/jcommander/1.72/jcommander-1.72.jar:/home/user/.m2/repository/org/jline/jline/3.9.0/jline-3.9.0.jar:/home/user/.m2/repository/org/slf4j/slf4j-api/1.7.10/slf4j-api-1.7.10.jar:/workdir/ratis-netty/target/test-classes:/workdir/ratis-grpc/target/test-classes:/workdir/ratis-server/target/test-classes:/workdir/ratis-common/target/test-classes:/workdir/ratis-client/target/test-classes:/workdir/ratis-hadoop/target/classes:/workdir/ratis-hadoop/target/test-classes:/home/user/.m2/repository/org/apache/ratis/ratis-thirdparty-hadoop/0.2.0/ratis-thirdparty-hadoop-0.2.0.jar:/home/user/.m2/repository/junit/junit/4.12/junit-4.12.jar:/home/user/.m2/repository/org/hamcrest/hamcrest-core/1.3/hamcrest-core-1.3.jar:/home/user/.m2/repository/org/mockito/mockito-all/1.8.5/mockito-all-1.8.5.jar:/home/user/.m2/repository/org/apache/hadoop/hadoop-hdfs/3.1.1/hadoop-hdfs-3.1.1-tests.jar:/home/user/.m2/repository/org/eclipse/jetty/jetty-util-ajax/9.3.19.v20170502/jetty-util-ajax-9.3.19.v20170502.jar:/home/user/.m2/repository/commons-daemon/commons-daemon/1.0.13/commons-daemon-1.0.13.jar:/home/user/.m2/repository/io/netty/netty/3.10.5.Final/netty-3.10.5.Final.jar:/home/user/.m2/repository/io/netty/netty-all/4.0.52.Final/netty-all-4.0.52.Final.jar:/home/user/.m2/repository/org/fusesource/leveldbjni/leveldbjni-all/1.8/leveldbjni-all-1.8.jar:/home/user/.m2/repository/org/apache/hadoop/hadoop-client/3.1.1/hadoop-client-3.1.1.jar:/home/user/.m2/repository/org/apache/hadoop/hadoop-hdfs-client/3.1.1/hadoop-hdfs-client-3.1.1.jar:/home/user/.m2/repository/com/squareup/okhttp/okhttp/2.7.5/okhttp-2.7.5.jar:/home/user/.m2/repository/com/squareup/okio/okio/1.6.0/okio-1.6.0.jar:/home/user/.m2/repository/org/apache/hadoop/hadoop-yarn-api/3.1.1/hadoop-yarn-api-3.1.1.jar:/home/user/.m2/repository/javax/xml/bind/jaxb-api/2.2.11/jaxb-api-2.2.11.jar:/home/user/.m2/repository/org/apache/hadoop/hadoop-yarn-client/3.1.1/hadoop-yarn-client-3.1.1.jar:/home/user/.m2/repository/org/apache/hadoop/hadoop-mapreduce-client-core/3.1.1/hadoop-mapreduce-client-core-3.1.1.jar:/home/user/.m2/repository/org/apache/hadoop/hadoop-yarn-common/3.1.1/hadoop-yarn-common-3.1.1.jar:/home/user/.m2/repository/com/sun/jersey/jersey-client/1.19/jersey-client-1.19.jar:/home/user/.m2/repository/com/fasterxml/jackson/module/jackson-module-jaxb-annotations/2.7.8/jackson-module-jaxb-annotations-2.7.8.jar:/home/user/.m2/repository/com/fasterxml/jackson/jaxrs/jackson-jaxrs-json-provider/2.7.8/jackson-jaxrs-json-provider-2.7.8.jar:/home/user/.m2/repository/com/fasterxml/jackson/jaxrs/jackson-jaxrs-base/2.7.8/jackson-jaxrs-base-2.7.8.jar:/home/user/.m2/repository/org/apache/hadoop/hadoop-mapreduce-client-jobclient/3.1.1/hadoop-mapreduce-client-jobclient-3.1.1.jar:/home/user/.m2/repository/org/apache/hadoop/hadoop-mapreduce-client-common/3.1.1/hadoop-mapreduce-client-common-3.1.1.jar:/home/user/.m2/repository/org/apache/hadoop/hadoop-hdfs/3.1.1/hadoop-hdfs-3.1.1.jar:/home/user/.m2/repository/org/apache/hadoop/hadoop-common/3.1.1/hadoop-common-3.1.1-tests.jar:"/>
    <property name="sun.cpu.endian" value="little"/>
    <property name="user.home" value="/home/user"/>
    <property name="user.language" value="en"/>
    <property name="java.specification.vendor" value="Oracle Corporation"/>
    <property name="java.home" value="/usr/lib/jvm/java-1.8-openjdk/jre"/>
    <property name="basedir" value="/workdir/ratis-logservice"/>
    <property name="file.separator" value="/"/>
    <property name="line.separator" value="&#10;"/>
    <property name="java.vm.specification.vendor" value="Oracle Corporation"/>
    <property name="java.specification.name" value="Java Platform API Specification"/>
    <property name="java.awt.graphicsenv" value="sun.awt.X11GraphicsEnvironment"/>
    <property name="surefire.real.class.path" value="/workdir/ratis-logservice/target/surefire/surefirebooter2406406465607672303.jar"/>
    <property name="sun.boot.class.path" value="/usr/lib/jvm/java-1.8-openjdk/jre/lib/resources.jar:/usr/lib/jvm/java-1.8-openjdk/jre/lib/rt.jar:/usr/lib/jvm/java-1.8-openjdk/jre/lib/sunrsasign.jar:/usr/lib/jvm/java-1.8-openjdk/jre/lib/jsse.jar:/usr/lib/jvm/java-1.8-openjdk/jre/lib/jce.jar:/usr/lib/jvm/java-1.8-openjdk/jre/lib/charsets.jar:/usr/lib/jvm/java-1.8-openjdk/jre/lib/jfr.jar:/usr/lib/jvm/java-1.8-openjdk/jre/classes"/>
    <property name="sun.management.compiler" value="HotSpot 64-Bit Tiered Compilers"/>
    <property name="java.runtime.version" value="1.8.0_212-b04"/>
    <property name="java.net.preferIPv4Stack" value="true"/>
    <property name="user.name" value="jenkins1000"/>
    <property name="path.separator" value=":"/>
    <property name="os.version" value="3.10.0-957.12.2.el7.x86_64"/>
    <property name="java.endorsed.dirs" value="/usr/lib/jvm/java-1.8-openjdk/jre/lib/endorsed"/>
    <property name="java.runtime.name" value="OpenJDK Runtime Environment"/>
    <property name="file.encoding" value="UTF-8"/>
    <property name="java.vm.name" value="OpenJDK 64-Bit Server VM"/>
    <property name="localRepository" value="/home/user/.m2/repository"/>
    <property name="java.vendor.url.bug" value="https://icedtea.classpath.org/bugzilla"/>
    <property name="java.io.tmpdir" value="/tmp"/>
    <property name="java.version" value="1.8.0_212"/>
    <property name="user.dir" value="/workdir/ratis-logservice"/>
    <property name="os.arch" value="amd64"/>
    <property name="ratis.tmp.dir" value="/workdir/ratis-logservice/target/tmp"/>
    <property name="java.vm.specification.name" value="Java Virtual Machine Specification"/>
    <property name="java.awt.printerjob" value="sun.print.PSPrinterJob"/>
    <property name="ratis.log.dir" value="/workdir/ratis-logservice/target/log"/>
    <property name="sun.os.patch.level" value="unknown"/>
    <property name="java.library.path" value="/usr/lib/jvm/java-1.8-openjdk/jre/lib/amd64/server:/usr/lib/jvm/java-1.8-openjdk/jre/lib/amd64:/usr/lib/jvm/java-1.8-openjdk/jre/../lib/amd64:/usr/java/packages/lib/amd64:/usr/lib64:/lib64:/lib:/usr/lib"/>
    <property name="java.vm.info" value="mixed mode"/>
    <property name="java.vendor" value="IcedTea"/>
    <property name="java.vm.version" value="25.212-b04"/>
    <property name="java.ext.dirs" value="/usr/lib/jvm/java-1.8-openjdk/jre/lib/ext:/usr/java/packages/lib/ext"/>
    <property name="sun.io.unicode.encoding" value="UnicodeLittle"/>
    <property name="java.class.version" value="52.0"/>
  </properties>
  <testcase name="testReadAllRecords" classname="org.apache.ratis.logservice.TestLogServiceWithGrpc" time="3.364"/>
  <testcase name="testSeekFromWrite" classname="org.apache.ratis.logservice.TestLogServiceWithGrpc" time="1.33"/>
  <testcase name="testSeeking" classname="org.apache.ratis.logservice.TestLogServiceWithGrpc" time="2.748">
    <error type="java.lang.NullPointerException">java.lang.NullPointerException
</error>
    <system-out><![CDATA[2019-09-24 12:21:45,269 INFO  util.LogUtils (LogUtils.java:setLogLevel(41)) - Set org.apache.ratis.conf.ConfUtils log level to WARN
2019-09-24 12:21:45,269 INFO  util.LogUtils (LogUtils.java:setLogLevel(41)) - Set org.apache.ratis.util.FileUtils log level to TRACE
2019-09-24 12:21:45,269 INFO  logservice.LogServiceReadWriteBase (LogServiceReadWriteBase.java:<init>(65)) - Set LogStateMachine OK
2019-09-24 12:21:45,271 INFO  ratis.MiniRaftCluster (MiniRaftCluster.java:<init>(253)) - new MiniRaftClusterWithGrpc with group-0ACE5BC359E3:[s0:0.0.0.0:45731, s1:0.0.0.0:43575, s2:0.0.0.0:36170]
2019-09-24 12:21:45,271 INFO  ratis.MiniRaftCluster (MiniRaftCluster.java:start(287)) - .............................................................. 
2019-09-24 12:21:45,271 INFO  ratis.MiniRaftCluster (MiniRaftCluster.java:start(288)) - ... 
2019-09-24 12:21:45,271 INFO  ratis.MiniRaftCluster (MiniRaftCluster.java:start(289)) - ...     Starting MiniRaftClusterWithGrpc
2019-09-24 12:21:45,272 INFO  ratis.MiniRaftCluster (MiniRaftCluster.java:start(290)) - ... 
2019-09-24 12:21:45,272 INFO  ratis.MiniRaftCluster (MiniRaftCluster.java:start(291)) - .............................................................. 
2019-09-24 12:21:45,272 INFO  ratis.MiniRaftCluster (MiniRaftCluster.java:initServers(265)) - servers = {}
2019-09-24 12:21:45,272 INFO  ratis.MiniRaftCluster (MiniRaftCluster.java:newRaftServer(330)) - newRaftServer: s0, group-0ACE5BC359E3:[s0:0.0.0.0:45731, s1:0.0.0.0:43575, s2:0.0.0.0:36170], format? true
2019-09-24 12:21:45,273 TRACE util.FileUtils (FileUtils.java:deleteFully(88)) - deleteFully target/test/data/c8cb145d/MiniRaftClusterWithGrpc578cf3c7/s0
2019-09-24 12:21:45,273 TRACE util.FileUtils (FileUtils.java:deleteFully(104)) - deleteFully: target/test/data/c8cb145d/MiniRaftClusterWithGrpc578cf3c7/s0 does not exist.
2019-09-24 12:21:45,273 INFO  ratis.MiniRaftCluster (MiniRaftCluster.java:newRaftServer(335)) - Formatted directory target/test/data/c8cb145d/MiniRaftClusterWithGrpc578cf3c7/s0
2019-09-24 12:21:45,274 INFO  impl.RaftServerProxy (ConfUtils.java:logGet(43)) - raft.rpc.type = GRPC (default)
2019-09-24 12:21:45,274 INFO  grpc.GrpcFactory (GrpcFactory.java:checkPooledByteBufAllocatorUseCacheForAllThreads(45)) - PERFORMANCE WARNING: useCacheForAllThreads is true that may cause Netty to create a lot garbage objects and, as a result, trigger GC.
	It is recommended to disable useCacheForAllThreads by setting -Dorg.apache.ratis.thirdparty.io.netty.allocator.useCacheForAllThreads=false in command line.
2019-09-24 12:21:45,275 INFO  grpc.GrpcConfigKeys$Server (ConfUtils.java:logGet(43)) - raft.grpc.server.port = 45731 (custom)
2019-09-24 12:21:45,275 INFO  server.GrpcService (ConfUtils.java:logGet(43)) - raft.grpc.message.size.max = 64MB (=67108864) (default)
2019-09-24 12:21:45,275 INFO  server.RaftServerConfigKeys (ConfUtils.java:logGet(43)) - raft.server.log.appender.buffer.byte-limit = 4MB (=4194304) (default)
2019-09-24 12:21:45,276 INFO  server.GrpcService (ConfUtils.java:logGet(43)) - raft.grpc.flow.control.window = 1MB (=1048576) (default)
2019-09-24 12:21:45,276 INFO  server.RaftServerConfigKeys (ConfUtils.java:logGet(43)) - raft.server.rpc.request.timeout = 3000ms (default)
2019-09-24 12:21:45,277 INFO  server.RaftServerConfigKeys (ConfUtils.java:logGet(43)) - raft.server.storage.dir = [/workdir/ratis-logservice/target/test/data/c8cb145d/MiniRaftClusterWithGrpc578cf3c7/s0] (custom)
2019-09-24 12:21:45,278 INFO  impl.RaftServerProxy (RaftServerProxy.java:addNew(89)) - s0: addNew group-0ACE5BC359E3:[s0:0.0.0.0:45731, s1:0.0.0.0:43575, s2:0.0.0.0:36170] returns group-0ACE5BC359E3:java.util.concurrent.CompletableFuture@5dd91fbb[Not completed]
2019-09-24 12:21:45,278 INFO  impl.RaftServerImpl (RaftServerImpl.java:<init>(95)) - s0: new RaftServerImpl for group-0ACE5BC359E3:[s0:0.0.0.0:45731, s1:0.0.0.0:43575, s2:0.0.0.0:36170] with LogStateMachine:uninitialized
2019-09-24 12:21:45,278 INFO  ratis.MiniRaftCluster (MiniRaftCluster.java:newRaftServer(330)) - newRaftServer: s1, group-0ACE5BC359E3:[s0:0.0.0.0:45731, s1:0.0.0.0:43575, s2:0.0.0.0:36170], format? true
2019-09-24 12:21:45,279 TRACE util.FileUtils (FileUtils.java:deleteFully(88)) - deleteFully target/test/data/c8cb145d/MiniRaftClusterWithGrpc578cf3c7/s1
2019-09-24 12:21:45,279 INFO  server.RaftServerConfigKeys (ConfUtils.java:logGet(43)) - raft.server.rpc.timeout.min = 150ms (default)
2019-09-24 12:21:45,279 TRACE util.FileUtils (FileUtils.java:deleteFully(104)) - deleteFully: target/test/data/c8cb145d/MiniRaftClusterWithGrpc578cf3c7/s1 does not exist.
2019-09-24 12:21:45,280 INFO  server.RaftServerConfigKeys (ConfUtils.java:logGet(43)) - raft.server.rpc.timeout.max = 300ms (default)
2019-09-24 12:21:45,280 INFO  ratis.MiniRaftCluster (MiniRaftCluster.java:newRaftServer(335)) - Formatted directory target/test/data/c8cb145d/MiniRaftClusterWithGrpc578cf3c7/s1
2019-09-24 12:21:45,280 INFO  server.RaftServerConfigKeys (ConfUtils.java:logGet(43)) - raft.server.rpcslowness.timeout = 60s (default)
2019-09-24 12:21:45,280 INFO  impl.RaftServerProxy (ConfUtils.java:logGet(43)) - raft.rpc.type = GRPC (default)
2019-09-24 12:21:45,280 INFO  server.RaftServerConfigKeys (ConfUtils.java:logGet(43)) - raft.server.sleep.deviation.threshold = 300 (default)
2019-09-24 12:21:45,280 INFO  grpc.GrpcFactory (GrpcFactory.java:checkPooledByteBufAllocatorUseCacheForAllThreads(45)) - PERFORMANCE WARNING: useCacheForAllThreads is true that may cause Netty to create a lot garbage objects and, as a result, trigger GC.
	It is recommended to disable useCacheForAllThreads by setting -Dorg.apache.ratis.thirdparty.io.netty.allocator.useCacheForAllThreads=false in command line.
2019-09-24 12:21:45,281 INFO  server.RaftServerConfigKeys (ConfUtils.java:logGet(43)) - raft.server.log.appender.install.snapshot.enabled = true (default)
2019-09-24 12:21:45,281 INFO  grpc.GrpcConfigKeys$Server (ConfUtils.java:logGet(43)) - raft.grpc.server.port = 43575 (custom)
2019-09-24 12:21:45,281 INFO  impl.RaftServerImpl (ServerState.java:<init>(103)) - s0@group-0ACE5BC359E3: ConfigurationManager, init=-1: [s0:0.0.0.0:45731, s1:0.0.0.0:43575, s2:0.0.0.0:36170], old=null, confs=<EMPTY_MAP>
2019-09-24 12:21:45,281 INFO  server.GrpcService (ConfUtils.java:logGet(43)) - raft.grpc.message.size.max = 64MB (=67108864) (default)
2019-09-24 12:21:45,282 INFO  server.RaftServerConfigKeys (ConfUtils.java:logGet(43)) - raft.server.storage.dir = [/workdir/ratis-logservice/target/test/data/c8cb145d/MiniRaftClusterWithGrpc578cf3c7/s0] (custom)
2019-09-24 12:21:45,282 INFO  server.RaftServerConfigKeys (ConfUtils.java:logGet(43)) - raft.server.log.appender.buffer.byte-limit = 4MB (=4194304) (default)
2019-09-24 12:21:45,282 INFO  server.RaftServerConfigKeys (ConfUtils.java:logGet(43)) - raft.server.log.corruption.policy = EXCEPTION (default)
2019-09-24 12:21:45,282 INFO  server.GrpcService (ConfUtils.java:logGet(43)) - raft.grpc.flow.control.window = 1MB (=1048576) (default)
2019-09-24 12:21:45,282 INFO  storage.RaftStorageDirectory (RaftStorageDirectory.java:analyzeStorage(246)) - The storage directory /workdir/ratis-logservice/target/test/data/c8cb145d/MiniRaftClusterWithGrpc578cf3c7/s0/5e10c782-1847-4d20-8fc0-0ace5bc359e3 does not exist. Creating ...
2019-09-24 12:21:45,282 INFO  server.RaftServerConfigKeys (ConfUtils.java:logGet(43)) - raft.server.rpc.request.timeout = 3000ms (default)
2019-09-24 12:21:45,283 INFO  server.RaftServerConfigKeys (ConfUtils.java:logGet(43)) - raft.server.storage.dir = [/workdir/ratis-logservice/target/test/data/c8cb145d/MiniRaftClusterWithGrpc578cf3c7/s1] (custom)
2019-09-24 12:21:45,283 TRACE util.FileUtils (LogUtils.java:runAndLog(61)) - Successfully ran Files.createDirectories /workdir/ratis-logservice/target/test/data/c8cb145d/MiniRaftClusterWithGrpc578cf3c7/s0/5e10c782-1847-4d20-8fc0-0ace5bc359e3
2019-09-24 12:21:45,284 INFO  impl.RaftServerProxy (RaftServerProxy.java:addNew(89)) - s1: addNew group-0ACE5BC359E3:[s0:0.0.0.0:45731, s1:0.0.0.0:43575, s2:0.0.0.0:36170] returns group-0ACE5BC359E3:java.util.concurrent.CompletableFuture@28c70690[Not completed]
2019-09-24 12:21:45,284 INFO  ratis.MiniRaftCluster (MiniRaftCluster.java:newRaftServer(330)) - newRaftServer: s2, group-0ACE5BC359E3:[s0:0.0.0.0:45731, s1:0.0.0.0:43575, s2:0.0.0.0:36170], format? true
2019-09-24 12:21:45,284 INFO  impl.RaftServerImpl (RaftServerImpl.java:<init>(95)) - s1: new RaftServerImpl for group-0ACE5BC359E3:[s0:0.0.0.0:45731, s1:0.0.0.0:43575, s2:0.0.0.0:36170] with LogStateMachine:uninitialized
2019-09-24 12:21:45,284 TRACE util.FileUtils (FileUtils.java:deleteFully(88)) - deleteFully target/test/data/c8cb145d/MiniRaftClusterWithGrpc578cf3c7/s2
2019-09-24 12:21:45,285 INFO  server.RaftServerConfigKeys (ConfUtils.java:logGet(43)) - raft.server.rpc.timeout.min = 150ms (default)
2019-09-24 12:21:45,285 TRACE util.FileUtils (FileUtils.java:deleteFully(104)) - deleteFully: target/test/data/c8cb145d/MiniRaftClusterWithGrpc578cf3c7/s2 does not exist.
2019-09-24 12:21:45,285 INFO  server.RaftServerConfigKeys (ConfUtils.java:logGet(43)) - raft.server.rpc.timeout.max = 300ms (default)
2019-09-24 12:21:45,285 INFO  ratis.MiniRaftCluster (MiniRaftCluster.java:newRaftServer(335)) - Formatted directory target/test/data/c8cb145d/MiniRaftClusterWithGrpc578cf3c7/s2
2019-09-24 12:21:45,285 INFO  server.RaftServerConfigKeys (ConfUtils.java:logGet(43)) - raft.server.rpcslowness.timeout = 60s (default)
2019-09-24 12:21:45,285 INFO  server.RaftServerConfigKeys (ConfUtils.java:logGet(43)) - raft.server.sleep.deviation.threshold = 300 (default)
2019-09-24 12:21:45,285 INFO  impl.RaftServerProxy (ConfUtils.java:logGet(43)) - raft.rpc.type = GRPC (default)
2019-09-24 12:21:45,286 INFO  server.RaftServerConfigKeys (ConfUtils.java:logGet(43)) - raft.server.log.appender.install.snapshot.enabled = true (default)
2019-09-24 12:21:45,286 INFO  grpc.GrpcFactory (GrpcFactory.java:checkPooledByteBufAllocatorUseCacheForAllThreads(45)) - PERFORMANCE WARNING: useCacheForAllThreads is true that may cause Netty to create a lot garbage objects and, as a result, trigger GC.
	It is recommended to disable useCacheForAllThreads by setting -Dorg.apache.ratis.thirdparty.io.netty.allocator.useCacheForAllThreads=false in command line.
2019-09-24 12:21:45,286 INFO  impl.RaftServerImpl (ServerState.java:<init>(103)) - s1@group-0ACE5BC359E3: ConfigurationManager, init=-1: [s0:0.0.0.0:45731, s1:0.0.0.0:43575, s2:0.0.0.0:36170], old=null, confs=<EMPTY_MAP>
2019-09-24 12:21:45,286 INFO  grpc.GrpcConfigKeys$Server (ConfUtils.java:logGet(43)) - raft.grpc.server.port = 36170 (custom)
2019-09-24 12:21:45,286 INFO  server.RaftServerConfigKeys (ConfUtils.java:logGet(43)) - raft.server.storage.dir = [/workdir/ratis-logservice/target/test/data/c8cb145d/MiniRaftClusterWithGrpc578cf3c7/s1] (custom)
2019-09-24 12:21:45,286 INFO  server.GrpcService (ConfUtils.java:logGet(43)) - raft.grpc.message.size.max = 64MB (=67108864) (default)
2019-09-24 12:21:45,287 INFO  server.RaftServerConfigKeys (ConfUtils.java:logGet(43)) - raft.server.log.corruption.policy = EXCEPTION (default)
2019-09-24 12:21:45,287 INFO  server.RaftServerConfigKeys (ConfUtils.java:logGet(43)) - raft.server.log.appender.buffer.byte-limit = 4MB (=4194304) (default)
2019-09-24 12:21:45,287 INFO  storage.RaftStorageDirectory (RaftStorageDirectory.java:analyzeStorage(246)) - The storage directory /workdir/ratis-logservice/target/test/data/c8cb145d/MiniRaftClusterWithGrpc578cf3c7/s1/5e10c782-1847-4d20-8fc0-0ace5bc359e3 does not exist. Creating ...
2019-09-24 12:21:45,287 INFO  server.GrpcService (ConfUtils.java:logGet(43)) - raft.grpc.flow.control.window = 1MB (=1048576) (default)
2019-09-24 12:21:45,287 INFO  server.RaftServerConfigKeys (ConfUtils.java:logGet(43)) - raft.server.rpc.request.timeout = 3000ms (default)
2019-09-24 12:21:45,288 TRACE util.FileUtils (LogUtils.java:runAndLog(61)) - Successfully ran Files.createDirectories /workdir/ratis-logservice/target/test/data/c8cb145d/MiniRaftClusterWithGrpc578cf3c7/s1/5e10c782-1847-4d20-8fc0-0ace5bc359e3
2019-09-24 12:21:45,288 INFO  server.RaftServerConfigKeys (ConfUtils.java:logGet(43)) - raft.server.storage.dir = [/workdir/ratis-logservice/target/test/data/c8cb145d/MiniRaftClusterWithGrpc578cf3c7/s2] (custom)
2019-09-24 12:21:45,289 INFO  impl.RaftServerProxy (RaftServerProxy.java:addNew(89)) - s2: addNew group-0ACE5BC359E3:[s0:0.0.0.0:45731, s1:0.0.0.0:43575, s2:0.0.0.0:36170] returns group-0ACE5BC359E3:java.util.concurrent.CompletableFuture@23207f15[Not completed]
2019-09-24 12:21:45,289 INFO  impl.RaftServerImpl (RaftServerImpl.java:<init>(95)) - s2: new RaftServerImpl for group-0ACE5BC359E3:[s0:0.0.0.0:45731, s1:0.0.0.0:43575, s2:0.0.0.0:36170] with LogStateMachine:uninitialized
2019-09-24 12:21:45,289 INFO  server.RaftServerConfigKeys (ConfUtils.java:logGet(43)) - raft.server.rpc.timeout.min = 150ms (default)
2019-09-24 12:21:45,290 INFO  server.RaftServerConfigKeys (ConfUtils.java:logGet(43)) - raft.server.rpc.timeout.max = 300ms (default)
2019-09-24 12:21:45,290 INFO  server.RaftServerConfigKeys (ConfUtils.java:logGet(43)) - raft.server.rpcslowness.timeout = 60s (default)
2019-09-24 12:21:45,290 INFO  server.RaftServerConfigKeys (ConfUtils.java:logGet(43)) - raft.server.sleep.deviation.threshold = 300 (default)
2019-09-24 12:21:45,290 INFO  server.RaftServerConfigKeys (ConfUtils.java:logGet(43)) - raft.server.log.appender.install.snapshot.enabled = true (default)
2019-09-24 12:21:45,290 INFO  impl.RaftServerImpl (ServerState.java:<init>(103)) - s2@group-0ACE5BC359E3: ConfigurationManager, init=-1: [s0:0.0.0.0:45731, s1:0.0.0.0:43575, s2:0.0.0.0:36170], old=null, confs=<EMPTY_MAP>
2019-09-24 12:21:45,291 INFO  server.RaftServerConfigKeys (ConfUtils.java:logGet(43)) - raft.server.storage.dir = [/workdir/ratis-logservice/target/test/data/c8cb145d/MiniRaftClusterWithGrpc578cf3c7/s2] (custom)
2019-09-24 12:21:45,291 INFO  server.RaftServerConfigKeys (ConfUtils.java:logGet(43)) - raft.server.log.corruption.policy = EXCEPTION (default)
2019-09-24 12:21:45,291 INFO  storage.RaftStorageDirectory (RaftStorageDirectory.java:analyzeStorage(246)) - The storage directory /workdir/ratis-logservice/target/test/data/c8cb145d/MiniRaftClusterWithGrpc578cf3c7/s2/5e10c782-1847-4d20-8fc0-0ace5bc359e3 does not exist. Creating ...
2019-09-24 12:21:45,291 TRACE util.FileUtils (LogUtils.java:runAndLog(61)) - Successfully ran Files.createDirectories /workdir/ratis-logservice/target/test/data/c8cb145d/MiniRaftClusterWithGrpc578cf3c7/s2/5e10c782-1847-4d20-8fc0-0ace5bc359e3
2019-09-24 12:21:45,309 INFO  storage.RaftStorageDirectory (RaftStorageDirectory.java:tryLock(328)) - Lock on /workdir/ratis-logservice/target/test/data/c8cb145d/MiniRaftClusterWithGrpc578cf3c7/s0/5e10c782-1847-4d20-8fc0-0ace5bc359e3/in_use.lock acquired by nodename 28616@ratis-test-nppbd-817190658
2019-09-24 12:21:45,309 INFO  storage.RaftStorageDirectory (RaftStorageDirectory.java:tryLock(328)) - Lock on /workdir/ratis-logservice/target/test/data/c8cb145d/MiniRaftClusterWithGrpc578cf3c7/s1/5e10c782-1847-4d20-8fc0-0ace5bc359e3/in_use.lock acquired by nodename 28616@ratis-test-nppbd-817190658
2019-09-24 12:21:45,309 INFO  storage.RaftStorageDirectory (RaftStorageDirectory.java:tryLock(328)) - Lock on /workdir/ratis-logservice/target/test/data/c8cb145d/MiniRaftClusterWithGrpc578cf3c7/s2/5e10c782-1847-4d20-8fc0-0ace5bc359e3/in_use.lock acquired by nodename 28616@ratis-test-nppbd-817190658
2019-09-24 12:21:45,310 TRACE util.FileUtils (LogUtils.java:runAndLog(61)) - Successfully ran Files.createDirectories /workdir/ratis-logservice/target/test/data/c8cb145d/MiniRaftClusterWithGrpc578cf3c7/s1/5e10c782-1847-4d20-8fc0-0ace5bc359e3/current
2019-09-24 12:21:45,310 TRACE util.FileUtils (LogUtils.java:runAndLog(61)) - Successfully ran Files.createDirectories /workdir/ratis-logservice/target/test/data/c8cb145d/MiniRaftClusterWithGrpc578cf3c7/s0/5e10c782-1847-4d20-8fc0-0ace5bc359e3/current
2019-09-24 12:21:45,310 TRACE util.FileUtils (LogUtils.java:runAndLog(61)) - Successfully ran Files.createDirectories /workdir/ratis-logservice/target/test/data/c8cb145d/MiniRaftClusterWithGrpc578cf3c7/s1/5e10c782-1847-4d20-8fc0-0ace5bc359e3/sm
2019-09-24 12:21:45,310 TRACE util.FileUtils (LogUtils.java:runAndLog(61)) - Successfully ran Files.createDirectories /workdir/ratis-logservice/target/test/data/c8cb145d/MiniRaftClusterWithGrpc578cf3c7/s0/5e10c782-1847-4d20-8fc0-0ace5bc359e3/sm
2019-09-24 12:21:45,310 TRACE util.FileUtils (LogUtils.java:runAndLog(61)) - Successfully ran Files.createDirectories /workdir/ratis-logservice/target/test/data/c8cb145d/MiniRaftClusterWithGrpc578cf3c7/s2/5e10c782-1847-4d20-8fc0-0ace5bc359e3/current
2019-09-24 12:21:45,311 TRACE util.FileUtils (LogUtils.java:runAndLog(61)) - Successfully ran Files.createDirectories /workdir/ratis-logservice/target/test/data/c8cb145d/MiniRaftClusterWithGrpc578cf3c7/s2/5e10c782-1847-4d20-8fc0-0ace5bc359e3/sm
2019-09-24 12:21:45,327 INFO  storage.RaftStorage (RaftStorage.java:format(84)) - Storage directory /workdir/ratis-logservice/target/test/data/c8cb145d/MiniRaftClusterWithGrpc578cf3c7/s0/5e10c782-1847-4d20-8fc0-0ace5bc359e3 has been successfully formatted.
2019-09-24 12:21:45,327 INFO  storage.RaftStorage (RaftStorage.java:format(84)) - Storage directory /workdir/ratis-logservice/target/test/data/c8cb145d/MiniRaftClusterWithGrpc578cf3c7/s1/5e10c782-1847-4d20-8fc0-0ace5bc359e3 has been successfully formatted.
2019-09-24 12:21:45,327 INFO  storage.RaftStorage (RaftStorage.java:format(84)) - Storage directory /workdir/ratis-logservice/target/test/data/c8cb145d/MiniRaftClusterWithGrpc578cf3c7/s2/5e10c782-1847-4d20-8fc0-0ace5bc359e3 has been successfully formatted.
2019-09-24 12:21:45,330 WARN  server.LogStateMachine (LogStateMachine.java:load(226)) - The snapshot info is null.
2019-09-24 12:21:45,331 INFO  server.RaftServerConfigKeys (ConfUtils.java:logGet(43)) - raft.server.notification.no-leader.timeout = 60s (default)
2019-09-24 12:21:45,331 INFO  server.RaftServerConfigKeys (ConfUtils.java:logGet(43)) - raft.server.log.use.memory = false (default)
2019-09-24 12:21:45,331 WARN  server.LogStateMachine (LogStateMachine.java:load(226)) - The snapshot info is null.
2019-09-24 12:21:45,331 INFO  server.RaftServerConfigKeys (ConfUtils.java:logGet(43)) - raft.server.log.purge.gap = 1024 (default)
2019-09-24 12:21:45,331 INFO  server.RaftServerConfigKeys (ConfUtils.java:logGet(43)) - raft.server.notification.no-leader.timeout = 60s (default)
2019-09-24 12:21:45,331 INFO  server.RaftServerConfigKeys (ConfUtils.java:logGet(43)) - raft.server.log.appender.buffer.byte-limit = 4MB (=4194304) (default)
2019-09-24 12:21:45,332 INFO  server.RaftServerConfigKeys (ConfUtils.java:logGet(43)) - raft.server.log.use.memory = false (default)
2019-09-24 12:21:45,332 WARN  server.LogStateMachine (LogStateMachine.java:load(226)) - The snapshot info is null.
2019-09-24 12:21:45,332 INFO  server.RaftServerConfigKeys (ConfUtils.java:logGet(43)) - raft.server.log.segment.size.max = 8MB (=8388608) (default)
2019-09-24 12:21:45,332 INFO  server.RaftServerConfigKeys (ConfUtils.java:logGet(43)) - raft.server.notification.no-leader.timeout = 60s (default)
2019-09-24 12:21:45,332 INFO  server.RaftServerConfigKeys (ConfUtils.java:logGet(43)) - raft.server.log.purge.gap = 1024 (default)
2019-09-24 12:21:45,332 INFO  server.RaftServerConfigKeys (ConfUtils.java:logGet(43)) - raft.server.log.use.memory = false (default)
2019-09-24 12:21:45,332 INFO  server.RaftServerConfigKeys (ConfUtils.java:logGet(43)) - raft.server.log.segment.cache.num.max = 6 (default)
2019-09-24 12:21:45,333 INFO  server.RaftServerConfigKeys (ConfUtils.java:logGet(43)) - raft.server.log.purge.gap = 1024 (default)
2019-09-24 12:21:45,333 INFO  server.RaftServerConfigKeys (ConfUtils.java:logGet(43)) - raft.server.log.appender.buffer.byte-limit = 4MB (=4194304) (default)
2019-09-24 12:21:45,333 INFO  server.RaftServerConfigKeys (ConfUtils.java:logGet(43)) - raft.server.log.appender.buffer.byte-limit = 4MB (=4194304) (default)
2019-09-24 12:21:45,333 INFO  segmented.SegmentedRaftLogWorker (SegmentedRaftLogWorker.java:<init>(172)) - new s0@group-0ACE5BC359E3-SegmentedRaftLogWorker for RaftStorage:Storage Directory /workdir/ratis-logservice/target/test/data/c8cb145d/MiniRaftClusterWithGrpc578cf3c7/s0/5e10c782-1847-4d20-8fc0-0ace5bc359e3
2019-09-24 12:21:45,333 INFO  server.RaftServerConfigKeys (ConfUtils.java:logGet(43)) - raft.server.log.segment.size.max = 8MB (=8388608) (default)
2019-09-24 12:21:45,333 INFO  server.RaftServerConfigKeys (ConfUtils.java:logGet(43)) - raft.server.log.segment.size.max = 8MB (=8388608) (default)
2019-09-24 12:21:45,334 INFO  server.RaftServerConfigKeys (ConfUtils.java:logGet(43)) - raft.server.log.segment.cache.num.max = 6 (default)
2019-09-24 12:21:45,334 INFO  server.RaftServerConfigKeys (ConfUtils.java:logGet(43)) - raft.server.log.queue.byte-limit = 64MB (=67108864) (default)
2019-09-24 12:21:45,334 INFO  segmented.SegmentedRaftLogWorker (SegmentedRaftLogWorker.java:<init>(172)) - new s1@group-0ACE5BC359E3-SegmentedRaftLogWorker for RaftStorage:Storage Directory /workdir/ratis-logservice/target/test/data/c8cb145d/MiniRaftClusterWithGrpc578cf3c7/s1/5e10c782-1847-4d20-8fc0-0ace5bc359e3
2019-09-24 12:21:45,334 INFO  server.RaftServerConfigKeys (ConfUtils.java:logGet(43)) - raft.server.log.segment.cache.num.max = 6 (default)
2019-09-24 12:21:45,334 INFO  server.RaftServerConfigKeys (ConfUtils.java:logGet(43)) - raft.server.log.queue.byte-limit = 64MB (=67108864) (default)
2019-09-24 12:21:45,334 INFO  server.RaftServerConfigKeys (ConfUtils.java:logGet(43)) - raft.server.log.queue.element-limit = 4096 (default)
2019-09-24 12:21:45,335 INFO  server.RaftServerConfigKeys (ConfUtils.java:logGet(43)) - raft.server.log.queue.element-limit = 4096 (default)
2019-09-24 12:21:45,335 INFO  segmented.SegmentedRaftLogWorker (SegmentedRaftLogWorker.java:<init>(172)) - new s2@group-0ACE5BC359E3-SegmentedRaftLogWorker for RaftStorage:Storage Directory /workdir/ratis-logservice/target/test/data/c8cb145d/MiniRaftClusterWithGrpc578cf3c7/s2/5e10c782-1847-4d20-8fc0-0ace5bc359e3
2019-09-24 12:21:45,335 INFO  server.RaftServerConfigKeys (ConfUtils.java:logGet(43)) - raft.server.log.segment.size.max = 8MB (=8388608) (default)
2019-09-24 12:21:45,335 INFO  server.RaftServerConfigKeys (ConfUtils.java:logGet(43)) - raft.server.log.segment.size.max = 8MB (=8388608) (default)
2019-09-24 12:21:45,336 INFO  server.RaftServerConfigKeys (ConfUtils.java:logGet(43)) - raft.server.log.preallocated.size = 4MB (=4194304) (default)
2019-09-24 12:21:45,336 INFO  server.RaftServerConfigKeys (ConfUtils.java:logGet(43)) - raft.server.log.write.buffer.size = 64KB (=65536) (default)
2019-09-24 12:21:45,335 INFO  server.RaftServerConfigKeys (ConfUtils.java:logGet(43)) - raft.server.log.queue.byte-limit = 64MB (=67108864) (default)
2019-09-24 12:21:45,336 INFO  server.RaftServerConfigKeys (ConfUtils.java:logGet(43)) - raft.server.log.force.sync.num = 128 (default)
2019-09-24 12:21:45,336 INFO  server.RaftServerConfigKeys (ConfUtils.java:logGet(43)) - raft.server.log.preallocated.size = 4MB (=4194304) (default)
2019-09-24 12:21:45,336 INFO  server.RaftServerConfigKeys (ConfUtils.java:logGet(43)) - raft.server.log.statemachine.data.sync = true (default)
2019-09-24 12:21:45,336 INFO  server.RaftServerConfigKeys (ConfUtils.java:logGet(43)) - raft.server.log.queue.element-limit = 4096 (default)
2019-09-24 12:21:45,337 INFO  server.RaftServerConfigKeys (ConfUtils.java:logGet(43)) - raft.server.log.statemachine.data.sync.timeout = 10s (default)
2019-09-24 12:21:45,337 INFO  server.RaftServerConfigKeys (ConfUtils.java:logGet(43)) - raft.server.log.write.buffer.size = 64KB (=65536) (default)
2019-09-24 12:21:45,337 INFO  server.RaftServerConfigKeys (ConfUtils.java:logGet(43)) - raft.server.log.statemachine.data.sync.timeout.retry = -1 (default)
2019-09-24 12:21:45,337 INFO  server.RaftServerConfigKeys (ConfUtils.java:logGet(43)) - raft.server.log.segment.size.max = 8MB (=8388608) (default)
2019-09-24 12:21:45,338 INFO  server.RaftServerConfigKeys (ConfUtils.java:logGet(43)) - raft.server.log.statemachine.data.caching.enabled = false (default)
2019-09-24 12:21:45,337 INFO  server.RaftServerConfigKeys (ConfUtils.java:logGet(43)) - raft.server.log.force.sync.num = 128 (default)
2019-09-24 12:21:45,338 INFO  server.RaftServerConfigKeys (ConfUtils.java:logGet(43)) - raft.server.log.statemachine.data.sync = true (default)
2019-09-24 12:21:45,338 INFO  server.RaftServerConfigKeys (ConfUtils.java:logGet(43)) - raft.server.log.preallocated.size = 4MB (=4194304) (default)
2019-09-24 12:21:45,338 INFO  server.RaftServerConfigKeys (ConfUtils.java:logGet(43)) - raft.server.log.statemachine.data.sync.timeout = 10s (default)
2019-09-24 12:21:45,338 INFO  segmented.SegmentedRaftLogWorker (SegmentedRaftLogWorker.java:lambda$new$0(132)) - s1@group-0ACE5BC359E3-SegmentedRaftLogWorker: flushIndex: setUnconditionally 0 -> -1
2019-09-24 12:21:45,339 INFO  server.RaftServerConfigKeys (ConfUtils.java:logGet(43)) - raft.server.log.statemachine.data.sync.timeout.retry = -1 (default)
2019-09-24 12:21:45,339 INFO  server.RaftServerConfigKeys (ConfUtils.java:logGet(43)) - raft.server.snapshot.auto.trigger.enabled = false (default)
2019-09-24 12:21:45,339 INFO  server.RaftServerConfigKeys (ConfUtils.java:logGet(43)) - raft.server.log.write.buffer.size = 64KB (=65536) (default)
2019-09-24 12:21:45,339 INFO  server.RaftServerConfigKeys (ConfUtils.java:logGet(43)) - raft.server.snapshot.retention.file.num = -1 (default)
2019-09-24 12:21:45,339 INFO  server.RaftServerConfigKeys (ConfUtils.java:logGet(43)) - raft.server.log.statemachine.data.caching.enabled = false (default)
2019-09-24 12:21:45,340 INFO  server.RaftServerConfigKeys (ConfUtils.java:logGet(43)) - raft.server.retrycache.expirytime = 60s (default)
2019-09-24 12:21:45,340 INFO  server.RaftServerConfigKeys (ConfUtils.java:logGet(43)) - raft.server.log.force.sync.num = 128 (default)
2019-09-24 12:21:45,340 INFO  segmented.SegmentedRaftLogWorker (SegmentedRaftLogWorker.java:lambda$new$0(132)) - s0@group-0ACE5BC359E3-SegmentedRaftLogWorker: flushIndex: setUnconditionally 0 -> -1
2019-09-24 12:21:45,340 INFO  server.RaftServerConfigKeys (ConfUtils.java:logGet(43)) - raft.server.log.statemachine.data.sync = true (default)
2019-09-24 12:21:45,341 INFO  server.RaftServerConfigKeys (ConfUtils.java:logGet(43)) - raft.server.snapshot.auto.trigger.enabled = false (default)
2019-09-24 12:21:45,341 INFO  server.RaftServerConfigKeys (ConfUtils.java:logGet(43)) - raft.server.log.statemachine.data.sync.timeout = 10s (default)
2019-09-24 12:21:45,341 INFO  server.RaftServerConfigKeys (ConfUtils.java:logGet(43)) - raft.server.snapshot.retention.file.num = -1 (default)
2019-09-24 12:21:45,341 INFO  server.RaftServerConfigKeys (ConfUtils.java:logGet(43)) - raft.server.log.statemachine.data.sync.timeout.retry = -1 (default)
2019-09-24 12:21:45,341 INFO  server.RaftServerConfigKeys (ConfUtils.java:logGet(43)) - raft.server.retrycache.expirytime = 60s (default)
2019-09-24 12:21:45,341 INFO  server.RaftServerConfigKeys (ConfUtils.java:logGet(43)) - raft.server.log.statemachine.data.caching.enabled = false (default)
2019-09-24 12:21:45,342 INFO  segmented.SegmentedRaftLogWorker (SegmentedRaftLogWorker.java:lambda$new$0(132)) - s2@group-0ACE5BC359E3-SegmentedRaftLogWorker: flushIndex: setUnconditionally 0 -> -1
2019-09-24 12:21:45,342 INFO  server.RaftServerConfigKeys (ConfUtils.java:logGet(43)) - raft.server.snapshot.auto.trigger.enabled = false (default)
2019-09-24 12:21:45,343 INFO  server.RaftServerConfigKeys (ConfUtils.java:logGet(43)) - raft.server.snapshot.retention.file.num = -1 (default)
2019-09-24 12:21:45,343 INFO  server.RaftServerConfigKeys (ConfUtils.java:logGet(43)) - raft.server.retrycache.expirytime = 60s (default)
2019-09-24 12:21:45,346 INFO  impl.RaftServerImpl (RaftServerImpl.java:start(181)) - s0@group-0ACE5BC359E3: start as a follower, conf=-1: [s0:0.0.0.0:45731, s1:0.0.0.0:43575, s2:0.0.0.0:36170], old=null
2019-09-24 12:21:45,346 INFO  impl.RaftServerImpl (RaftServerImpl.java:setRole(170)) - s0@group-0ACE5BC359E3: changes role from      null to FOLLOWER at term 0 for startAsFollower
2019-09-24 12:21:45,347 INFO  impl.RoleInfo (RoleInfo.java:updateAndGet(143)) - s0: start FollowerState
2019-09-24 12:21:45,347 INFO  util.JmxRegister (JmxRegister.java:tryRegister(44)) - Successfully registered JMX Bean with object name Ratis:service=RaftServer,group=group-0ACE5BC359E3,id=s0
2019-09-24 12:21:45,352 INFO  impl.RaftServerProxy (RaftServerProxy.java:lambda$start$3(299)) - s0: start RPC server
2019-09-24 12:21:45,354 INFO  server.GrpcService (GrpcService.java:startImpl(158)) - s0: GrpcService started, listening on 0.0.0.0/0.0.0.0:45731
2019-09-24 12:21:45,354 INFO  impl.RaftServerImpl (RaftServerImpl.java:start(181)) - s1@group-0ACE5BC359E3: start as a follower, conf=-1: [s0:0.0.0.0:45731, s1:0.0.0.0:43575, s2:0.0.0.0:36170], old=null
2019-09-24 12:21:45,355 INFO  impl.RaftServerImpl (RaftServerImpl.java:setRole(170)) - s1@group-0ACE5BC359E3: changes role from      null to FOLLOWER at term 0 for startAsFollower
2019-09-24 12:21:45,355 INFO  impl.RoleInfo (RoleInfo.java:updateAndGet(143)) - s1: start FollowerState
2019-09-24 12:21:45,356 INFO  util.JmxRegister (JmxRegister.java:tryRegister(44)) - Successfully registered JMX Bean with object name Ratis:service=RaftServer,group=group-0ACE5BC359E3,id=s1
2019-09-24 12:21:45,360 INFO  impl.RaftServerProxy (RaftServerProxy.java:lambda$start$3(299)) - s1: start RPC server
2019-09-24 12:21:45,362 INFO  server.GrpcService (GrpcService.java:startImpl(158)) - s1: GrpcService started, listening on 0.0.0.0/0.0.0.0:43575
2019-09-24 12:21:45,362 INFO  impl.RaftServerImpl (RaftServerImpl.java:start(181)) - s2@group-0ACE5BC359E3: start as a follower, conf=-1: [s0:0.0.0.0:45731, s1:0.0.0.0:43575, s2:0.0.0.0:36170], old=null
2019-09-24 12:21:45,363 INFO  impl.RaftServerImpl (RaftServerImpl.java:setRole(170)) - s2@group-0ACE5BC359E3: changes role from      null to FOLLOWER at term 0 for startAsFollower
2019-09-24 12:21:45,363 INFO  impl.RoleInfo (RoleInfo.java:updateAndGet(143)) - s2: start FollowerState
2019-09-24 12:21:45,363 INFO  util.JmxRegister (JmxRegister.java:tryRegister(44)) - Successfully registered JMX Bean with object name Ratis:service=RaftServer,group=group-0ACE5BC359E3,id=s2
2019-09-24 12:21:45,368 INFO  impl.RaftServerProxy (RaftServerProxy.java:lambda$start$3(299)) - s2: start RPC server
2019-09-24 12:21:45,369 INFO  server.GrpcService (GrpcService.java:startImpl(158)) - s2: GrpcService started, listening on 0.0.0.0/0.0.0.0:36170
2019-09-24 12:21:45,369 INFO  server.RaftServerConfigKeys (ConfUtils.java:logGet(43)) - raft.server.rpc.timeout.max = 300ms (default)
2019-09-24 12:21:45,370 INFO  ratis.RaftTestUtil (RaftTestUtil.java:waitForLeader(86)) - printing ALL groups
  s0:  RUNNING  FOLLOWER s0@group-0ACE5BC359E3:t0, leader=null, voted=null, raftlog=s0@group-0ACE5BC359E3-SegmentedRaftLog:OPENED:c-1,f-1,i0, conf=-1: [s0:0.0.0.0:45731, s1:0.0.0.0:43575, s2:0.0.0.0:36170], old=null RUNNING
  s1:  RUNNING  FOLLOWER s1@group-0ACE5BC359E3:t0, leader=null, voted=null, raftlog=s1@group-0ACE5BC359E3-SegmentedRaftLog:OPENED:c-1,f-1,i0, conf=-1: [s0:0.0.0.0:45731, s1:0.0.0.0:43575, s2:0.0.0.0:36170], old=null RUNNING
  s2:  RUNNING  FOLLOWER s2@group-0ACE5BC359E3:t0, leader=null, voted=null, raftlog=s2@group-0ACE5BC359E3-SegmentedRaftLog:OPENED:c-1,f-1,i0, conf=-1: [s0:0.0.0.0:45731, s1:0.0.0.0:43575, s2:0.0.0.0:36170], old=null RUNNING
2019-09-24 12:21:45,371 WARN  ratis.RaftTestUtil (JavaUtils.java:attempt(158)) - FAILED "waitForLeader-null-(expectLeader? true)", attempt #1/100: java.lang.IllegalStateException: No leader yet : printing ALL groups
  s0:  RUNNING  FOLLOWER s0@group-0ACE5BC359E3:t0, leader=null, voted=null, raftlog=s0@group-0ACE5BC359E3-SegmentedRaftLog:OPENED:c-1,f-1,i0, conf=-1: [s0:0.0.0.0:45731, s1:0.0.0.0:43575, s2:0.0.0.0:36170], old=null RUNNING
  s1:  RUNNING  FOLLOWER s1@group-0ACE5BC359E3:t0, leader=null, voted=null, raftlog=s1@group-0ACE5BC359E3-SegmentedRaftLog:OPENED:c-1,f-1,i0, conf=-1: [s0:0.0.0.0:45731, s1:0.0.0.0:43575, s2:0.0.0.0:36170], old=null RUNNING
  s2:  RUNNING  FOLLOWER s2@group-0ACE5BC359E3:t0, leader=null, voted=null, raftlog=s2@group-0ACE5BC359E3-SegmentedRaftLog:OPENED:c-1,f-1,i0, conf=-1: [s0:0.0.0.0:45731, s1:0.0.0.0:43575, s2:0.0.0.0:36170], old=null RUNNING, sleep 450ms and then retry.
java.lang.IllegalStateException: No leader yet : printing ALL groups
  s0:  RUNNING  FOLLOWER s0@group-0ACE5BC359E3:t0, leader=null, voted=null, raftlog=s0@group-0ACE5BC359E3-SegmentedRaftLog:OPENED:c-1,f-1,i0, conf=-1: [s0:0.0.0.0:45731, s1:0.0.0.0:43575, s2:0.0.0.0:36170], old=null RUNNING
  s1:  RUNNING  FOLLOWER s1@group-0ACE5BC359E3:t0, leader=null, voted=null, raftlog=s1@group-0ACE5BC359E3-SegmentedRaftLog:OPENED:c-1,f-1,i0, conf=-1: [s0:0.0.0.0:45731, s1:0.0.0.0:43575, s2:0.0.0.0:36170], old=null RUNNING
  s2:  RUNNING  FOLLOWER s2@group-0ACE5BC359E3:t0, leader=null, voted=null, raftlog=s2@group-0ACE5BC359E3-SegmentedRaftLog:OPENED:c-1,f-1,i0, conf=-1: [s0:0.0.0.0:45731, s1:0.0.0.0:43575, s2:0.0.0.0:36170], old=null RUNNING
	at org.apache.ratis.MiniRaftCluster.newIllegalStateExceptionForNoLeaders(MiniRaftCluster.java:506)
	at org.apache.ratis.RaftTestUtil.lambda$waitForLeader$1(RaftTestUtil.java:90)
	at org.apache.ratis.MiniRaftCluster.getLeader(MiniRaftCluster.java:539)
	at org.apache.ratis.MiniRaftCluster.getLeader(MiniRaftCluster.java:532)
	at org.apache.ratis.RaftTestUtil.lambda$waitForLeader$3(RaftTestUtil.java:98)
	at org.apache.ratis.util.JavaUtils.attempt(JavaUtils.java:152)
	at org.apache.ratis.RaftTestUtil.waitForLeader(RaftTestUtil.java:97)
	at org.apache.ratis.RaftTestUtil.waitForLeader(RaftTestUtil.java:77)
	at org.apache.ratis.RaftTestUtil.waitForLeader(RaftTestUtil.java:72)
	at org.apache.ratis.logservice.LogServiceReadWriteBase.setUpCluster(LogServiceReadWriteBase.java:116)
	at sun.reflect.NativeMethodAccessorImpl.invoke0(Native Method)
	at sun.reflect.NativeMethodAccessorImpl.invoke(NativeMethodAccessorImpl.java:62)
	at sun.reflect.DelegatingMethodAccessorImpl.invoke(DelegatingMethodAccessorImpl.java:43)
	at java.lang.reflect.Method.invoke(Method.java:498)
	at org.junit.runners.model.FrameworkMethod$1.runReflectiveCall(FrameworkMethod.java:50)
	at org.junit.internal.runners.model.ReflectiveCallable.run(ReflectiveCallable.java:12)
	at org.junit.runners.model.FrameworkMethod.invokeExplosively(FrameworkMethod.java:47)
	at org.junit.internal.runners.statements.RunBefores.evaluate(RunBefores.java:24)
	at org.junit.internal.runners.statements.RunAfters.evaluate(RunAfters.java:27)
	at org.junit.internal.runners.statements.FailOnTimeout$CallableStatement.call(FailOnTimeout.java:298)
	at org.junit.internal.runners.statements.FailOnTimeout$CallableStatement.call(FailOnTimeout.java:292)
	at java.util.concurrent.FutureTask.run(FutureTask.java:266)
	at java.lang.Thread.run(Thread.java:748)
2019-09-24 12:21:45,518 INFO  impl.FollowerState (FollowerState.java:run(108)) - s2@group-0ACE5BC359E3-FollowerState: change to CANDIDATE, lastRpcTime:155ms, electionTimeout:155ms
2019-09-24 12:21:45,519 INFO  impl.RoleInfo (RoleInfo.java:shutdownFollowerState(121)) - s2: shutdown FollowerState
2019-09-24 12:21:45,519 INFO  impl.RaftServerImpl (RaftServerImpl.java:setRole(170)) - s2@group-0ACE5BC359E3: changes role from  FOLLOWER to CANDIDATE at term 0 for changeToCandidate
2019-09-24 12:21:45,520 INFO  impl.RoleInfo (RoleInfo.java:updateAndGet(143)) - s2: start LeaderElection
2019-09-24 12:21:45,547 INFO  impl.LeaderElection (LeaderElection.java:askForVotes(178)) - s2@group-0ACE5BC359E3-LeaderElection11: begin an election at term 1 for -1: [s0:0.0.0.0:45731, s1:0.0.0.0:43575, s2:0.0.0.0:36170], old=null
2019-09-24 12:21:45,558 INFO  impl.RaftServerImpl (RaftServerImpl.java:setRole(170)) - s0@group-0ACE5BC359E3: changes role from  FOLLOWER to FOLLOWER at term 1 for recognizeCandidate:s2
2019-09-24 12:21:45,558 INFO  impl.RoleInfo (RoleInfo.java:shutdownFollowerState(121)) - s0: shutdown FollowerState
2019-09-24 12:21:45,558 INFO  impl.RaftServerImpl (RaftServerImpl.java:setRole(170)) - s1@group-0ACE5BC359E3: changes role from  FOLLOWER to FOLLOWER at term 1 for recognizeCandidate:s2
2019-09-24 12:21:45,559 INFO  impl.FollowerState (FollowerState.java:run(117)) - s0@group-0ACE5BC359E3-FollowerState was interrupted: java.lang.InterruptedException: sleep interrupted
2019-09-24 12:21:45,559 INFO  impl.RoleInfo (RoleInfo.java:updateAndGet(143)) - s0: start FollowerState
2019-09-24 12:21:45,559 INFO  impl.RoleInfo (RoleInfo.java:shutdownFollowerState(121)) - s1: shutdown FollowerState
2019-09-24 12:21:45,560 INFO  impl.RoleInfo (RoleInfo.java:updateAndGet(143)) - s1: start FollowerState
2019-09-24 12:21:45,560 INFO  impl.FollowerState (FollowerState.java:run(117)) - s1@group-0ACE5BC359E3-FollowerState was interrupted: java.lang.InterruptedException: sleep interrupted
2019-09-24 12:21:45,578 INFO  impl.LeaderElection (LeaderElection.java:logAndReturn(56)) - s2@group-0ACE5BC359E3-LeaderElection11: Election PASSED; received 1 response(s) [s2<-s0#0:OK-t1] and 0 exception(s); s2@group-0ACE5BC359E3:t1, leader=null, voted=s2, raftlog=s2@group-0ACE5BC359E3-SegmentedRaftLog:OPENED:c-1,f-1,i0, conf=-1: [s0:0.0.0.0:45731, s1:0.0.0.0:43575, s2:0.0.0.0:36170], old=null
2019-09-24 12:21:45,578 INFO  impl.RoleInfo (RoleInfo.java:shutdownLeaderElection(134)) - s2: shutdown LeaderElection
2019-09-24 12:21:45,579 INFO  impl.RaftServerImpl (RaftServerImpl.java:setRole(170)) - s2@group-0ACE5BC359E3: changes role from CANDIDATE to LEADER at term 1 for changeToLeader
2019-09-24 12:21:45,579 INFO  impl.RaftServerImpl (ServerState.java:setLeader(254)) - s2@group-0ACE5BC359E3: change Leader from null to s2 at term 1 for becomeLeader, leader elected after 247ms
2019-09-24 12:21:45,579 INFO  server.RaftServerConfigKeys (ConfUtils.java:logGet(43)) - raft.server.staging.catchup.gap = 1000 (default)
2019-09-24 12:21:45,579 INFO  server.RaftServerConfigKeys (ConfUtils.java:logGet(43)) - raft.server.rpc.sleep.time = 25ms (default)
2019-09-24 12:21:45,580 INFO  server.RaftServerConfigKeys (ConfUtils.java:logGet(43)) - raft.server.write.element-limit = 4096 (default)
2019-09-24 12:21:45,580 INFO  server.RaftServerConfigKeys (ConfUtils.java:logGet(43)) - raft.server.watch.timeout = 10s (default)
2019-09-24 12:21:45,580 INFO  server.RaftServerConfigKeys (ConfUtils.java:logGet(43)) - raft.server.watch.timeout.denomination = 1s (default)
2019-09-24 12:21:45,580 INFO  server.RaftServerConfigKeys (ConfUtils.java:logGet(43)) - raft.server.watch.element-limit = 65536 (default)
2019-09-24 12:21:45,584 INFO  server.RaftServerConfigKeys (ConfUtils.java:logGet(43)) - raft.server.log.appender.snapshot.chunk.size.max = 16MB (=16777216) (default)
2019-09-24 12:21:45,584 INFO  server.RaftServerConfigKeys (ConfUtils.java:logGet(43)) - raft.server.log.appender.buffer.byte-limit = 4MB (=4194304) (default)
2019-09-24 12:21:45,584 INFO  server.RaftServerConfigKeys (ConfUtils.java:logGet(43)) - raft.server.log.appender.buffer.element-limit = 0 (default)
2019-09-24 12:21:45,585 INFO  grpc.GrpcConfigKeys$Server (ConfUtils.java:logGet(43)) - raft.grpc.server.leader.outstanding.appends.max = 128 (default)
2019-09-24 12:21:45,585 INFO  server.RaftServerConfigKeys (ConfUtils.java:logGet(43)) - raft.server.rpc.request.timeout = 3000ms (default)
2019-09-24 12:21:45,585 INFO  server.RaftServerConfigKeys (ConfUtils.java:logGet(43)) - raft.server.log.appender.install.snapshot.enabled = true (default)
2019-09-24 12:21:45,585 INFO  server.RaftServerConfigKeys (ConfUtils.java:logGet(43)) - raft.server.log.appender.snapshot.chunk.size.max = 16MB (=16777216) (default)
2019-09-24 12:21:45,585 INFO  server.RaftServerConfigKeys (ConfUtils.java:logGet(43)) - raft.server.log.appender.buffer.byte-limit = 4MB (=4194304) (default)
2019-09-24 12:21:45,586 INFO  server.RaftServerConfigKeys (ConfUtils.java:logGet(43)) - raft.server.log.appender.buffer.element-limit = 0 (default)
2019-09-24 12:21:45,586 INFO  grpc.GrpcConfigKeys$Server (ConfUtils.java:logGet(43)) - raft.grpc.server.leader.outstanding.appends.max = 128 (default)
2019-09-24 12:21:45,586 INFO  server.RaftServerConfigKeys (ConfUtils.java:logGet(43)) - raft.server.rpc.request.timeout = 3000ms (default)
2019-09-24 12:21:45,586 INFO  server.RaftServerConfigKeys (ConfUtils.java:logGet(43)) - raft.server.log.appender.install.snapshot.enabled = true (default)
2019-09-24 12:21:45,587 INFO  impl.RoleInfo (RoleInfo.java:updateAndGet(143)) - s2: start LeaderState
2019-09-24 12:21:45,587 INFO  segmented.SegmentedRaftLogWorker (SegmentedRaftLogWorker.java:startLogSegment(380)) - s2@group-0ACE5BC359E3-SegmentedRaftLogWorker: Starting segment from index:0
2019-09-24 12:21:45,588 INFO  impl.RaftServerImpl (ServerState.java:setRaftConf(355)) - s2@group-0ACE5BC359E3: set configuration 0: [s0:0.0.0.0:45731, s1:0.0.0.0:43575, s2:0.0.0.0:36170], old=null at 0
2019-09-24 12:21:45,590 INFO  impl.RaftServerImpl (ServerState.java:setLeader(254)) - s0@group-0ACE5BC359E3: change Leader from null to s2 at term 1 for appendEntries, leader elected after 259ms
2019-09-24 12:21:45,590 INFO  impl.RaftServerImpl (ServerState.java:setLeader(254)) - s1@group-0ACE5BC359E3: change Leader from null to s2 at term 1 for appendEntries, leader elected after 258ms
2019-09-24 12:21:45,596 INFO  impl.RaftServerImpl (ServerState.java:setRaftConf(355)) - s0@group-0ACE5BC359E3: set configuration 0: [s0:0.0.0.0:45731, s1:0.0.0.0:43575, s2:0.0.0.0:36170], old=null at 0
2019-09-24 12:21:45,596 INFO  impl.RaftServerImpl (ServerState.java:setRaftConf(355)) - s1@group-0ACE5BC359E3: set configuration 0: [s0:0.0.0.0:45731, s1:0.0.0.0:43575, s2:0.0.0.0:36170], old=null at 0
2019-09-24 12:21:45,596 INFO  segmented.SegmentedRaftLogWorker (SegmentedRaftLogWorker.java:startLogSegment(380)) - s0@group-0ACE5BC359E3-SegmentedRaftLogWorker: Starting segment from index:0
2019-09-24 12:21:45,596 INFO  segmented.SegmentedRaftLogWorker (SegmentedRaftLogWorker.java:startLogSegment(380)) - s1@group-0ACE5BC359E3-SegmentedRaftLogWorker: Starting segment from index:0
2019-09-24 12:21:45,755 INFO  segmented.SegmentedRaftLogWorker (SegmentedRaftLogWorker.java:execute(569)) - s0@group-0ACE5BC359E3-SegmentedRaftLogWorker: created new log segment /workdir/ratis-logservice/target/test/data/c8cb145d/MiniRaftClusterWithGrpc578cf3c7/s0/5e10c782-1847-4d20-8fc0-0ace5bc359e3/current/log_inprogress_0
2019-09-24 12:21:45,755 INFO  segmented.SegmentedRaftLogWorker (SegmentedRaftLogWorker.java:execute(569)) - s2@group-0ACE5BC359E3-SegmentedRaftLogWorker: created new log segment /workdir/ratis-logservice/target/test/data/c8cb145d/MiniRaftClusterWithGrpc578cf3c7/s2/5e10c782-1847-4d20-8fc0-0ace5bc359e3/current/log_inprogress_0
2019-09-24 12:21:45,755 INFO  segmented.SegmentedRaftLogWorker (SegmentedRaftLogWorker.java:execute(569)) - s1@group-0ACE5BC359E3-SegmentedRaftLogWorker: created new log segment /workdir/ratis-logservice/target/test/data/c8cb145d/MiniRaftClusterWithGrpc578cf3c7/s1/5e10c782-1847-4d20-8fc0-0ace5bc359e3/current/log_inprogress_0
2019-09-24 12:21:45,822 INFO  ratis.RaftTestUtil (RaftTestUtil.java:waitForLeader(101)) - printing ALL groups
  s0:  RUNNING  FOLLOWER s0@group-0ACE5BC359E3:t1, leader=s2, voted=s2, raftlog=s0@group-0ACE5BC359E3-SegmentedRaftLog:OPENED:c-1,f0,i0, conf=0: [s0:0.0.0.0:45731, s1:0.0.0.0:43575, s2:0.0.0.0:36170], old=null RUNNING
  s1:  RUNNING  FOLLOWER s1@group-0ACE5BC359E3:t1, leader=s2, voted=s2, raftlog=s1@group-0ACE5BC359E3-SegmentedRaftLog:OPENED:c-1,f0,i0, conf=0: [s0:0.0.0.0:45731, s1:0.0.0.0:43575, s2:0.0.0.0:36170], old=null RUNNING
  s2:  RUNNING    LEADER s2@group-0ACE5BC359E3:t1, leader=s2, voted=s2, raftlog=s2@group-0ACE5BC359E3-SegmentedRaftLog:OPENED:c0,f0,i0, conf=0: [s0:0.0.0.0:45731, s1:0.0.0.0:43575, s2:0.0.0.0:36170], old=null RUNNING
2019-09-24 12:21:45,823 INFO  logservice.LogServiceReadWriteBase (LogServiceReadWriteBase.java:testSeeking(226)) - Writing 100 records
2019-09-24 12:21:45,835 INFO  client.GrpcClientProtocolService (GrpcClientProtocolService.java:lambda$processClientRequest$0(278)) - Failed RaftClientRequest:client-3B24DF14234E->s0@group-0ACE5BC359E3, cid=83, seq=0, RW, Message:320b0a060a046c6f6731...(size=13), reply=RaftClientReply:client-3B24DF14234E->s0@group-0ACE5BC359E3, cid=83, FAILED org.apache.ratis.protocol.NotLeaderException: Server s0@group-0ACE5BC359E3 is not the leader s2:0.0.0.0:36170, logIndex=0, commits[s0:c-1, s1:c-1, s2:c-1]
2019-09-24 12:21:47,278 INFO  impl.FollowerState (FollowerState.java:run(108)) - s1@group-0ACE5BC359E3-FollowerState: change to CANDIDATE, lastRpcTime:235ms, electionTimeout:206ms
2019-09-24 12:21:47,281 INFO  impl.RoleInfo (RoleInfo.java:shutdownFollowerState(121)) - s1: shutdown FollowerState
2019-09-24 12:21:47,282 INFO  impl.RaftServerImpl (RaftServerImpl.java:setRole(170)) - s1@group-0ACE5BC359E3: changes role from  FOLLOWER to CANDIDATE at term 1 for changeToCandidate
2019-09-24 12:21:47,282 INFO  impl.RoleInfo (RoleInfo.java:updateAndGet(143)) - s1: start LeaderElection
2019-09-24 12:21:47,284 INFO  impl.RaftServerImpl (RaftServerImpl.java:setRole(170)) - s1@group-0ACE5BC359E3: changes role from CANDIDATE to FOLLOWER at term 1 for appendEntries
2019-09-24 12:21:47,284 INFO  impl.RoleInfo (RoleInfo.java:shutdownLeaderElection(134)) - s1: shutdown LeaderElection
2019-09-24 12:21:47,284 INFO  impl.RoleInfo (RoleInfo.java:updateAndGet(143)) - s1: start FollowerState
2019-09-24 12:21:47,285 INFO  impl.RaftServerImpl (ServerState.java:setLeader(254)) - s1@group-0ACE5BC359E3: change Leader from s2 to null at term 1 for initElection
2019-09-24 12:21:47,299 INFO  impl.LeaderElection (LeaderElection.java:askForVotes(178)) - s1@group-0ACE5BC359E3-LeaderElection12: begin an election at term 2 for 0: [s0:0.0.0.0:45731, s1:0.0.0.0:43575, s2:0.0.0.0:36170], old=null
2019-09-24 12:21:47,300 INFO  impl.LeaderElection (LeaderElection.java:logAndReturn(56)) - s1@group-0ACE5BC359E3-LeaderElection12: Election REJECTED; received 0 response(s) [] and 0 exception(s); s1@group-0ACE5BC359E3:t2, leader=null, voted=s1, raftlog=s1@group-0ACE5BC359E3-SegmentedRaftLog:OPENED:c185,f185,i185, conf=0: [s0:0.0.0.0:45731, s1:0.0.0.0:43575, s2:0.0.0.0:36170], old=null
2019-09-24 12:21:47,303 INFO  impl.RaftServerImpl (ServerState.java:setLeader(254)) - s2@group-0ACE5BC359E3: change Leader from s2 to null at term 2 for updateCurrentTerm
2019-09-24 12:21:47,304 INFO  impl.RaftServerImpl (RaftServerImpl.java:setRole(170)) - s2@group-0ACE5BC359E3: changes role from    LEADER to FOLLOWER at term 2 for stepDown
2019-09-24 12:21:47,304 INFO  impl.RoleInfo (RoleInfo.java:shutdownLeaderState(104)) - s2: shutdown LeaderState
2019-09-24 12:21:47,306 INFO  impl.PendingRequests (PendingRequests.java:sendNotLeaderResponses(202)) - s2@group-0ACE5BC359E3-PendingRequests: sendNotLeaderResponses
2019-09-24 12:21:47,306 WARN  server.GrpcLogAppender (GrpcLogAppender.java:mayWait(143)) - s2@group-0ACE5BC359E3->s0-GrpcLogAppender: Wait interrupted by java.lang.InterruptedException
2019-09-24 12:21:47,306 WARN  server.GrpcLogAppender (GrpcLogAppender.java:mayWait(143)) - s2@group-0ACE5BC359E3->s1-GrpcLogAppender: Wait interrupted by java.lang.InterruptedException
2019-09-24 12:21:47,309 INFO  impl.RoleInfo (RoleInfo.java:updateAndGet(143)) - s2: start FollowerState
2019-09-24 12:21:47,309 INFO  server.GrpcServerProtocolService (GrpcServerProtocolService.java:onCompleted(113)) - s0: Completed APPEND_ENTRIES, lastRequest: s2->s0#194-t1, previous=(t:1, i:188), leaderCommit=187, initializing? false, entries: size=1, first=(t:1, i:189), STATEMACHINELOGENTRY, client-3B24DF14234E, cid=177
2019-09-24 12:21:47,309 INFO  server.GrpcServerProtocolService (GrpcServerProtocolService.java:onCompleted(113)) - s1: Completed APPEND_ENTRIES, lastRequest: s2->s1#194-t1, previous=(t:1, i:188), leaderCommit=187, initializing? false, entries: size=1, first=(t:1, i:189), STATEMACHINELOGENTRY, client-3B24DF14234E, cid=177
2019-09-24 12:21:47,309 INFO  client.GrpcClientProtocolService (GrpcClientProtocolService.java:lambda$processClientRequest$0(278)) - Failed RaftClientRequest:client-3B24DF14234E->s2@group-0ACE5BC359E3, cid=177, seq=0, RW, Message:320c0a060a046c6f6731...(size=14), reply=RaftClientReply:client-3B24DF14234E->s2@group-0ACE5BC359E3, cid=177, FAILED org.apache.ratis.protocol.NotLeaderException: Server s2@group-0ACE5BC359E3 is not the leader, logIndex=0, commits[s2:c187, s0:c185, s1:c183]
2019-09-24 12:21:47,310 INFO  server.GrpcLogAppender (GrpcLogAppender.java:onCompleted(293)) - s2@group-0ACE5BC359E3->s0-AppendLogResponseHandler: follower responses appendEntries COMPLETED
2019-09-24 12:21:47,313 INFO  impl.FollowerInfo (FollowerInfo.java:lambda$new$0(51)) - s2@group-0ACE5BC359E3->s0: nextIndex: updateUnconditionally 190 -> 189
2019-09-24 12:21:47,325 INFO  client.GrpcClientProtocolService (GrpcClientProtocolService.java:lambda$processClientRequest$0(278)) - Failed RaftClientRequest:client-3B24DF14234E->s0@group-0ACE5BC359E3, cid=177, seq=0, RW, Message:320c0a060a046c6f6731...(size=14), reply=RaftClientReply:client-3B24DF14234E->s0@group-0ACE5BC359E3, cid=177, FAILED org.apache.ratis.protocol.NotLeaderException: Server s0@group-0ACE5BC359E3 is not the leader s2:0.0.0.0:36170, logIndex=0, commits[s0:c187, s1:c183, s2:c187]
2019-09-24 12:21:47,325 INFO  server.GrpcLogAppender (GrpcLogAppender.java:onCompleted(293)) - s2@group-0ACE5BC359E3->s1-AppendLogResponseHandler: follower responses appendEntries COMPLETED
2019-09-24 12:21:47,327 INFO  impl.FollowerInfo (FollowerInfo.java:lambda$new$0(51)) - s2@group-0ACE5BC359E3->s1: nextIndex: updateUnconditionally 190 -> 186
2019-09-24 12:21:47,337 INFO  impl.RaftServerImpl (ServerState.java:setLeader(254)) - s0@group-0ACE5BC359E3: change Leader from s2 to null at term 2 for updateCurrentTerm
2019-09-24 12:21:47,337 INFO  impl.RaftServerImpl (RaftServerImpl.java:setRole(170)) - s0@group-0ACE5BC359E3: changes role from  FOLLOWER to FOLLOWER at term 2 for recognizeCandidate:s1
2019-09-24 12:21:47,337 INFO  impl.RoleInfo (RoleInfo.java:shutdownFollowerState(121)) - s0: shutdown FollowerState
2019-09-24 12:21:47,338 INFO  impl.RoleInfo (RoleInfo.java:updateAndGet(143)) - s0: start FollowerState
2019-09-24 12:21:47,338 INFO  impl.FollowerState (FollowerState.java:run(117)) - s0@group-0ACE5BC359E3-FollowerState was interrupted: java.lang.InterruptedException: sleep interrupted
2019-09-24 12:21:47,338 INFO  client.GrpcClientProtocolService (GrpcClientProtocolService.java:lambda$processClientRequest$0(278)) - Failed RaftClientRequest:client-3B24DF14234E->s2@group-0ACE5BC359E3, cid=177, seq=0, RW, Message:320c0a060a046c6f6731...(size=14), reply=RaftClientReply:client-3B24DF14234E->s2@group-0ACE5BC359E3, cid=177, FAILED org.apache.ratis.protocol.NotLeaderException: Server s2@group-0ACE5BC359E3 is not the leader, logIndex=0, commits[s2:c187, s0:c185, s1:c183]
2019-09-24 12:21:47,339 INFO  impl.RaftServerImpl (RaftServerImpl.java:setRole(170)) - s2@group-0ACE5BC359E3: changes role from  FOLLOWER to FOLLOWER at term 2 for recognizeCandidate:s1
2019-09-24 12:21:47,339 INFO  impl.RoleInfo (RoleInfo.java:shutdownFollowerState(121)) - s2: shutdown FollowerState
2019-09-24 12:21:47,339 INFO  impl.RoleInfo (RoleInfo.java:updateAndGet(143)) - s2: start FollowerState
2019-09-24 12:21:47,340 INFO  impl.FollowerState (FollowerState.java:run(117)) - s2@group-0ACE5BC359E3-FollowerState was interrupted: java.lang.InterruptedException: sleep interrupted
2019-09-24 12:21:47,347 INFO  client.GrpcClientProtocolService (GrpcClientProtocolService.java:lambda$processClientRequest$0(278)) - Failed RaftClientRequest:client-3B24DF14234E->s1@group-0ACE5BC359E3, cid=177, seq=0, RW, Message:320c0a060a046c6f6731...(size=14), reply=RaftClientReply:client-3B24DF14234E->s1@group-0ACE5BC359E3, cid=177, FAILED org.apache.ratis.protocol.NotLeaderException: Server s1@group-0ACE5BC359E3 is not the leader, logIndex=0, commits[s1:c185, s0:c183, s2:c185]
2019-09-24 12:21:47,356 INFO  client.GrpcClientProtocolService (GrpcClientProtocolService.java:lambda$processClientRequest$0(278)) - Failed RaftClientRequest:client-3B24DF14234E->s0@group-0ACE5BC359E3, cid=177, seq=0, RW, Message:320c0a060a046c6f6731...(size=14), reply=RaftClientReply:client-3B24DF14234E->s0@group-0ACE5BC359E3, cid=177, FAILED org.apache.ratis.protocol.NotLeaderException: Server s0@group-0ACE5BC359E3 is not the leader, logIndex=0, commits[s0:c187, s1:c183, s2:c187]
2019-09-24 12:21:47,363 INFO  client.GrpcClientProtocolService (GrpcClientProtocolService.java:lambda$processClientRequest$0(278)) - Failed RaftClientRequest:client-3B24DF14234E->s1@group-0ACE5BC359E3, cid=177, seq=0, RW, Message:320c0a060a046c6f6731...(size=14), reply=RaftClientReply:client-3B24DF14234E->s1@group-0ACE5BC359E3, cid=177, FAILED org.apache.ratis.protocol.NotLeaderException: Server s1@group-0ACE5BC359E3 is not the leader, logIndex=0, commits[s1:c185, s0:c183, s2:c185]
2019-09-24 12:21:47,373 INFO  client.GrpcClientProtocolService (GrpcClientProtocolService.java:lambda$processClientRequest$0(278)) - Failed RaftClientRequest:client-3B24DF14234E->s0@group-0ACE5BC359E3, cid=177, seq=0, RW, Message:320c0a060a046c6f6731...(size=14), reply=RaftClientReply:client-3B24DF14234E->s0@group-0ACE5BC359E3, cid=177, FAILED org.apache.ratis.protocol.NotLeaderException: Server s0@group-0ACE5BC359E3 is not the leader, logIndex=0, commits[s0:c187, s1:c183, s2:c187]
2019-09-24 12:21:47,381 INFO  client.GrpcClientProtocolService (GrpcClientProtocolService.java:lambda$processClientRequest$0(278)) - Failed RaftClientRequest:client-3B24DF14234E->s1@group-0ACE5BC359E3, cid=177, seq=0, RW, Message:320c0a060a046c6f6731...(size=14), reply=RaftClientReply:client-3B24DF14234E->s1@group-0ACE5BC359E3, cid=177, FAILED org.apache.ratis.protocol.NotLeaderException: Server s1@group-0ACE5BC359E3 is not the leader, logIndex=0, commits[s1:c185, s0:c183, s2:c185]
2019-09-24 12:21:47,389 INFO  client.GrpcClientProtocolService (GrpcClientProtocolService.java:lambda$processClientRequest$0(278)) - Failed RaftClientRequest:client-3B24DF14234E->s0@group-0ACE5BC359E3, cid=177, seq=0, RW, Message:320c0a060a046c6f6731...(size=14), reply=RaftClientReply:client-3B24DF14234E->s0@group-0ACE5BC359E3, cid=177, FAILED org.apache.ratis.protocol.NotLeaderException: Server s0@group-0ACE5BC359E3 is not the leader, logIndex=0, commits[s0:c187, s1:c183, s2:c187]
2019-09-24 12:21:47,397 INFO  client.GrpcClientProtocolService (GrpcClientProtocolService.java:lambda$processClientRequest$0(278)) - Failed RaftClientRequest:client-3B24DF14234E->s1@group-0ACE5BC359E3, cid=177, seq=0, RW, Message:320c0a060a046c6f6731...(size=14), reply=RaftClientReply:client-3B24DF14234E->s1@group-0ACE5BC359E3, cid=177, FAILED org.apache.ratis.protocol.NotLeaderException: Server s1@group-0ACE5BC359E3 is not the leader, logIndex=0, commits[s1:c185, s0:c183, s2:c185]
2019-09-24 12:21:47,403 INFO  client.GrpcClientProtocolService (GrpcClientProtocolService.java:lambda$processClientRequest$0(278)) - Failed RaftClientRequest:client-3B24DF14234E->s0@group-0ACE5BC359E3, cid=177, seq=0, RW, Message:320c0a060a046c6f6731...(size=14), reply=RaftClientReply:client-3B24DF14234E->s0@group-0ACE5BC359E3, cid=177, FAILED org.apache.ratis.protocol.NotLeaderException: Server s0@group-0ACE5BC359E3 is not the leader, logIndex=0, commits[s0:c187, s1:c183, s2:c187]
2019-09-24 12:21:47,410 INFO  client.GrpcClientProtocolService (GrpcClientProtocolService.java:lambda$processClientRequest$0(278)) - Failed RaftClientRequest:client-3B24DF14234E->s1@group-0ACE5BC359E3, cid=177, seq=0, RW, Message:320c0a060a046c6f6731...(size=14), reply=RaftClientReply:client-3B24DF14234E->s1@group-0ACE5BC359E3, cid=177, FAILED org.apache.ratis.protocol.NotLeaderException: Server s1@group-0ACE5BC359E3 is not the leader, logIndex=0, commits[s1:c185, s0:c183, s2:c185]
2019-09-24 12:21:47,417 INFO  client.GrpcClientProtocolService (GrpcClientProtocolService.java:lambda$processClientRequest$0(278)) - Failed RaftClientRequest:client-3B24DF14234E->s2@group-0ACE5BC359E3, cid=177, seq=0, RW, Message:320c0a060a046c6f6731...(size=14), reply=RaftClientReply:client-3B24DF14234E->s2@group-0ACE5BC359E3, cid=177, FAILED org.apache.ratis.protocol.NotLeaderException: Server s2@group-0ACE5BC359E3 is not the leader, logIndex=0, commits[s2:c187, s0:c185, s1:c183]
2019-09-24 12:21:47,423 INFO  client.GrpcClientProtocolService (GrpcClientProtocolService.java:lambda$processClientRequest$0(278)) - Failed RaftClientRequest:client-3B24DF14234E->s0@group-0ACE5BC359E3, cid=177, seq=0, RW, Message:320c0a060a046c6f6731...(size=14), reply=RaftClientReply:client-3B24DF14234E->s0@group-0ACE5BC359E3, cid=177, FAILED org.apache.ratis.protocol.NotLeaderException: Server s0@group-0ACE5BC359E3 is not the leader, logIndex=0, commits[s0:c187, s1:c183, s2:c187]
2019-09-24 12:21:47,429 INFO  client.GrpcClientProtocolService (GrpcClientProtocolService.java:lambda$processClientRequest$0(278)) - Failed RaftClientRequest:client-3B24DF14234E->s1@group-0ACE5BC359E3, cid=177, seq=0, RW, Message:320c0a060a046c6f6731...(size=14), reply=RaftClientReply:client-3B24DF14234E->s1@group-0ACE5BC359E3, cid=177, FAILED org.apache.ratis.protocol.NotLeaderException: Server s1@group-0ACE5BC359E3 is not the leader, logIndex=0, commits[s1:c185, s0:c183, s2:c185]
2019-09-24 12:21:47,434 INFO  client.GrpcClientProtocolService (GrpcClientProtocolService.java:lambda$processClientRequest$0(278)) - Failed RaftClientRequest:client-3B24DF14234E->s2@group-0ACE5BC359E3, cid=177, seq=0, RW, Message:320c0a060a046c6f6731...(size=14), reply=RaftClientReply:client-3B24DF14234E->s2@group-0ACE5BC359E3, cid=177, FAILED org.apache.ratis.protocol.NotLeaderException: Server s2@group-0ACE5BC359E3 is not the leader, logIndex=0, commits[s2:c187, s0:c185, s1:c183]
2019-09-24 12:21:47,441 INFO  client.GrpcClientProtocolService (GrpcClientProtocolService.java:lambda$processClientRequest$0(278)) - Failed RaftClientRequest:client-3B24DF14234E->s0@group-0ACE5BC359E3, cid=177, seq=0, RW, Message:320c0a060a046c6f6731...(size=14), reply=RaftClientReply:client-3B24DF14234E->s0@group-0ACE5BC359E3, cid=177, FAILED org.apache.ratis.protocol.NotLeaderException: Server s0@group-0ACE5BC359E3 is not the leader, logIndex=0, commits[s0:c187, s1:c183, s2:c187]
2019-09-24 12:21:47,447 INFO  client.GrpcClientProtocolService (GrpcClientProtocolService.java:lambda$processClientRequest$0(278)) - Failed RaftClientRequest:client-3B24DF14234E->s1@group-0ACE5BC359E3, cid=177, seq=0, RW, Message:320c0a060a046c6f6731...(size=14), reply=RaftClientReply:client-3B24DF14234E->s1@group-0ACE5BC359E3, cid=177, FAILED org.apache.ratis.protocol.NotLeaderException: Server s1@group-0ACE5BC359E3 is not the leader, logIndex=0, commits[s1:c185, s0:c183, s2:c185]
2019-09-24 12:21:47,453 INFO  client.GrpcClientProtocolService (GrpcClientProtocolService.java:lambda$processClientRequest$0(278)) - Failed RaftClientRequest:client-3B24DF14234E->s2@group-0ACE5BC359E3, cid=177, seq=0, RW, Message:320c0a060a046c6f6731...(size=14), reply=RaftClientReply:client-3B24DF14234E->s2@group-0ACE5BC359E3, cid=177, FAILED org.apache.ratis.protocol.NotLeaderException: Server s2@group-0ACE5BC359E3 is not the leader, logIndex=0, commits[s2:c187, s0:c185, s1:c183]
2019-09-24 12:21:47,459 INFO  client.GrpcClientProtocolService (GrpcClientProtocolService.java:lambda$processClientRequest$0(278)) - Failed RaftClientRequest:client-3B24DF14234E->s0@group-0ACE5BC359E3, cid=177, seq=0, RW, Message:320c0a060a046c6f6731...(size=14), reply=RaftClientReply:client-3B24DF14234E->s0@group-0ACE5BC359E3, cid=177, FAILED org.apache.ratis.protocol.NotLeaderException: Server s0@group-0ACE5BC359E3 is not the leader, logIndex=0, commits[s0:c187, s1:c183, s2:c187]
2019-09-24 12:21:47,465 INFO  client.GrpcClientProtocolService (GrpcClientProtocolService.java:lambda$processClientRequest$0(278)) - Failed RaftClientRequest:client-3B24DF14234E->s1@group-0ACE5BC359E3, cid=177, seq=0, RW, Message:320c0a060a046c6f6731...(size=14), reply=RaftClientReply:client-3B24DF14234E->s1@group-0ACE5BC359E3, cid=177, FAILED org.apache.ratis.protocol.NotLeaderException: Server s1@group-0ACE5BC359E3 is not the leader, logIndex=0, commits[s1:c185, s0:c183, s2:c185]
2019-09-24 12:21:47,471 INFO  client.GrpcClientProtocolService (GrpcClientProtocolService.java:lambda$processClientRequest$0(278)) - Failed RaftClientRequest:client-3B24DF14234E->s2@group-0ACE5BC359E3, cid=177, seq=0, RW, Message:320c0a060a046c6f6731...(size=14), reply=RaftClientReply:client-3B24DF14234E->s2@group-0ACE5BC359E3, cid=177, FAILED org.apache.ratis.protocol.NotLeaderException: Server s2@group-0ACE5BC359E3 is not the leader, logIndex=0, commits[s2:c187, s0:c185, s1:c183]
2019-09-24 12:21:47,478 INFO  client.GrpcClientProtocolService (GrpcClientProtocolService.java:lambda$processClientRequest$0(278)) - Failed RaftClientRequest:client-3B24DF14234E->s1@group-0ACE5BC359E3, cid=177, seq=0, RW, Message:320c0a060a046c6f6731...(size=14), reply=RaftClientReply:client-3B24DF14234E->s1@group-0ACE5BC359E3, cid=177, FAILED org.apache.ratis.protocol.NotLeaderException: Server s1@group-0ACE5BC359E3 is not the leader, logIndex=0, commits[s1:c185, s0:c183, s2:c185]
2019-09-24 12:21:47,484 INFO  client.GrpcClientProtocolService (GrpcClientProtocolService.java:lambda$processClientRequest$0(278)) - Failed RaftClientRequest:client-3B24DF14234E->s0@group-0ACE5BC359E3, cid=177, seq=0, RW, Message:320c0a060a046c6f6731...(size=14), reply=RaftClientReply:client-3B24DF14234E->s0@group-0ACE5BC359E3, cid=177, FAILED org.apache.ratis.protocol.NotLeaderException: Server s0@group-0ACE5BC359E3 is not the leader, logIndex=0, commits[s0:c187, s1:c183, s2:c187]
2019-09-24 12:21:47,490 INFO  client.GrpcClientProtocolService (GrpcClientProtocolService.java:lambda$processClientRequest$0(278)) - Failed RaftClientRequest:client-3B24DF14234E->s1@group-0ACE5BC359E3, cid=177, seq=0, RW, Message:320c0a060a046c6f6731...(size=14), reply=RaftClientReply:client-3B24DF14234E->s1@group-0ACE5BC359E3, cid=177, FAILED org.apache.ratis.protocol.NotLeaderException: Server s1@group-0ACE5BC359E3 is not the leader, logIndex=0, commits[s1:c185, s0:c183, s2:c185]
2019-09-24 12:21:47,496 INFO  client.GrpcClientProtocolService (GrpcClientProtocolService.java:lambda$processClientRequest$0(278)) - Failed RaftClientRequest:client-3B24DF14234E->s0@group-0ACE5BC359E3, cid=177, seq=0, RW, Message:320c0a060a046c6f6731...(size=14), reply=RaftClientReply:client-3B24DF14234E->s0@group-0ACE5BC359E3, cid=177, FAILED org.apache.ratis.protocol.NotLeaderException: Server s0@group-0ACE5BC359E3 is not the leader, logIndex=0, commits[s0:c187, s1:c183, s2:c187]
2019-09-24 12:21:47,503 INFO  client.GrpcClientProtocolService (GrpcClientProtocolService.java:lambda$processClientRequest$0(278)) - Failed RaftClientRequest:client-3B24DF14234E->s1@group-0ACE5BC359E3, cid=177, seq=0, RW, Message:320c0a060a046c6f6731...(size=14), reply=RaftClientReply:client-3B24DF14234E->s1@group-0ACE5BC359E3, cid=177, FAILED org.apache.ratis.protocol.NotLeaderException: Server s1@group-0ACE5BC359E3 is not the leader, logIndex=0, commits[s1:c185, s0:c183, s2:c185]
2019-09-24 12:21:47,509 INFO  client.GrpcClientProtocolService (GrpcClientProtocolService.java:lambda$processClientRequest$0(278)) - Failed RaftClientRequest:client-3B24DF14234E->s0@group-0ACE5BC359E3, cid=177, seq=0, RW, Message:320c0a060a046c6f6731...(size=14), reply=RaftClientReply:client-3B24DF14234E->s0@group-0ACE5BC359E3, cid=177, FAILED org.apache.ratis.protocol.NotLeaderException: Server s0@group-0ACE5BC359E3 is not the leader, logIndex=0, commits[s0:c187, s1:c183, s2:c187]
2019-09-24 12:21:47,515 INFO  client.GrpcClientProtocolService (GrpcClientProtocolService.java:lambda$processClientRequest$0(278)) - Failed RaftClientRequest:client-3B24DF14234E->s2@group-0ACE5BC359E3, cid=177, seq=0, RW, Message:320c0a060a046c6f6731...(size=14), reply=RaftClientReply:client-3B24DF14234E->s2@group-0ACE5BC359E3, cid=177, FAILED org.apache.ratis.protocol.NotLeaderException: Server s2@group-0ACE5BC359E3 is not the leader, logIndex=0, commits[s2:c187, s0:c185, s1:c183]
2019-09-24 12:21:47,520 INFO  client.GrpcClientProtocolService (GrpcClientProtocolService.java:lambda$processClientRequest$0(278)) - Failed RaftClientRequest:client-3B24DF14234E->s1@group-0ACE5BC359E3, cid=177, seq=0, RW, Message:320c0a060a046c6f6731...(size=14), reply=RaftClientReply:client-3B24DF14234E->s1@group-0ACE5BC359E3, cid=177, FAILED org.apache.ratis.protocol.NotLeaderException: Server s1@group-0ACE5BC359E3 is not the leader, logIndex=0, commits[s1:c185, s0:c183, s2:c185]
2019-09-24 12:21:47,525 INFO  client.GrpcClientProtocolService (GrpcClientProtocolService.java:lambda$processClientRequest$0(278)) - Failed RaftClientRequest:client-3B24DF14234E->s0@group-0ACE5BC359E3, cid=177, seq=0, RW, Message:320c0a060a046c6f6731...(size=14), reply=RaftClientReply:client-3B24DF14234E->s0@group-0ACE5BC359E3, cid=177, FAILED org.apache.ratis.protocol.NotLeaderException: Server s0@group-0ACE5BC359E3 is not the leader, logIndex=0, commits[s0:c187, s1:c183, s2:c187]
2019-09-24 12:21:47,530 INFO  client.GrpcClientProtocolService (GrpcClientProtocolService.java:lambda$processClientRequest$0(278)) - Failed RaftClientRequest:client-3B24DF14234E->s1@group-0ACE5BC359E3, cid=177, seq=0, RW, Message:320c0a060a046c6f6731...(size=14), reply=RaftClientReply:client-3B24DF14234E->s1@group-0ACE5BC359E3, cid=177, FAILED org.apache.ratis.protocol.NotLeaderException: Server s1@group-0ACE5BC359E3 is not the leader, logIndex=0, commits[s1:c185, s0:c183, s2:c185]
2019-09-24 12:21:47,534 INFO  client.GrpcClientProtocolService (GrpcClientProtocolService.java:lambda$processClientRequest$0(278)) - Failed RaftClientRequest:client-3B24DF14234E->s2@group-0ACE5BC359E3, cid=177, seq=0, RW, Message:320c0a060a046c6f6731...(size=14), reply=RaftClientReply:client-3B24DF14234E->s2@group-0ACE5BC359E3, cid=177, FAILED org.apache.ratis.protocol.NotLeaderException: Server s2@group-0ACE5BC359E3 is not the leader, logIndex=0, commits[s2:c187, s0:c185, s1:c183]
2019-09-24 12:21:47,540 INFO  client.GrpcClientProtocolService (GrpcClientProtocolService.java:lambda$processClientRequest$0(278)) - Failed RaftClientRequest:client-3B24DF14234E->s1@group-0ACE5BC359E3, cid=177, seq=0, RW, Message:320c0a060a046c6f6731...(size=14), reply=RaftClientReply:client-3B24DF14234E->s1@group-0ACE5BC359E3, cid=177, FAILED org.apache.ratis.protocol.NotLeaderException: Server s1@group-0ACE5BC359E3 is not the leader, logIndex=0, commits[s1:c185, s0:c183, s2:c185]
2019-09-24 12:21:47,545 INFO  client.GrpcClientProtocolService (GrpcClientProtocolService.java:lambda$processClientRequest$0(278)) - Failed RaftClientRequest:client-3B24DF14234E->s2@group-0ACE5BC359E3, cid=177, seq=0, RW, Message:320c0a060a046c6f6731...(size=14), reply=RaftClientReply:client-3B24DF14234E->s2@group-0ACE5BC359E3, cid=177, FAILED org.apache.ratis.protocol.NotLeaderException: Server s2@group-0ACE5BC359E3 is not the leader, logIndex=0, commits[s2:c187, s0:c185, s1:c183]
2019-09-24 12:21:47,549 INFO  client.GrpcClientProtocolService (GrpcClientProtocolService.java:lambda$processClientRequest$0(278)) - Failed RaftClientRequest:client-3B24DF14234E->s1@group-0ACE5BC359E3, cid=177, seq=0, RW, Message:320c0a060a046c6f6731...(size=14), reply=RaftClientReply:client-3B24DF14234E->s1@group-0ACE5BC359E3, cid=177, FAILED org.apache.ratis.protocol.NotLeaderException: Server s1@group-0ACE5BC359E3 is not the leader, logIndex=0, commits[s1:c185, s0:c183, s2:c185]
2019-09-24 12:21:47,554 INFO  client.GrpcClientProtocolService (GrpcClientProtocolService.java:lambda$processClientRequest$0(278)) - Failed RaftClientRequest:client-3B24DF14234E->s2@group-0ACE5BC359E3, cid=177, seq=0, RW, Message:320c0a060a046c6f6731...(size=14), reply=RaftClientReply:client-3B24DF14234E->s2@group-0ACE5BC359E3, cid=177, FAILED org.apache.ratis.protocol.NotLeaderException: Server s2@group-0ACE5BC359E3 is not the leader, logIndex=0, commits[s2:c187, s0:c185, s1:c183]
2019-09-24 12:21:47,559 INFO  client.GrpcClientProtocolService (GrpcClientProtocolService.java:lambda$processClientRequest$0(278)) - Failed RaftClientRequest:client-3B24DF14234E->s0@group-0ACE5BC359E3, cid=177, seq=0, RW, Message:320c0a060a046c6f6731...(size=14), reply=RaftClientReply:client-3B24DF14234E->s0@group-0ACE5BC359E3, cid=177, FAILED org.apache.ratis.protocol.NotLeaderException: Server s0@group-0ACE5BC359E3 is not the leader, logIndex=0, commits[s0:c187, s1:c183, s2:c187]
2019-09-24 12:21:47,563 INFO  client.GrpcClientProtocolService (GrpcClientProtocolService.java:lambda$processClientRequest$0(278)) - Failed RaftClientRequest:client-3B24DF14234E->s2@group-0ACE5BC359E3, cid=177, seq=0, RW, Message:320c0a060a046c6f6731...(size=14), reply=RaftClientReply:client-3B24DF14234E->s2@group-0ACE5BC359E3, cid=177, FAILED org.apache.ratis.protocol.NotLeaderException: Server s2@group-0ACE5BC359E3 is not the leader, logIndex=0, commits[s2:c187, s0:c185, s1:c183]
2019-09-24 12:21:47,568 INFO  client.GrpcClientProtocolService (GrpcClientProtocolService.java:lambda$processClientRequest$0(278)) - Failed RaftClientRequest:client-3B24DF14234E->s0@group-0ACE5BC359E3, cid=177, seq=0, RW, Message:320c0a060a046c6f6731...(size=14), reply=RaftClientReply:client-3B24DF14234E->s0@group-0ACE5BC359E3, cid=177, FAILED org.apache.ratis.protocol.NotLeaderException: Server s0@group-0ACE5BC359E3 is not the leader, logIndex=0, commits[s0:c187, s1:c183, s2:c187]
2019-09-24 12:21:47,573 INFO  client.GrpcClientProtocolService (GrpcClientProtocolService.java:lambda$processClientRequest$0(278)) - Failed RaftClientRequest:client-3B24DF14234E->s1@group-0ACE5BC359E3, cid=177, seq=0, RW, Message:320c0a060a046c6f6731...(size=14), reply=RaftClientReply:client-3B24DF14234E->s1@group-0ACE5BC359E3, cid=177, FAILED org.apache.ratis.protocol.NotLeaderException: Server s1@group-0ACE5BC359E3 is not the leader, logIndex=0, commits[s1:c185, s0:c183, s2:c185]
2019-09-24 12:21:47,578 INFO  client.GrpcClientProtocolService (GrpcClientProtocolService.java:lambda$processClientRequest$0(278)) - Failed RaftClientRequest:client-3B24DF14234E->s0@group-0ACE5BC359E3, cid=177, seq=0, RW, Message:320c0a060a046c6f6731...(size=14), reply=RaftClientReply:client-3B24DF14234E->s0@group-0ACE5BC359E3, cid=177, FAILED org.apache.ratis.protocol.NotLeaderException: Server s0@group-0ACE5BC359E3 is not the leader, logIndex=0, commits[s0:c187, s1:c183, s2:c187]
2019-09-24 12:21:47,583 INFO  client.GrpcClientProtocolService (GrpcClientProtocolService.java:lambda$processClientRequest$0(278)) - Failed RaftClientRequest:client-3B24DF14234E->s1@group-0ACE5BC359E3, cid=177, seq=0, RW, Message:320c0a060a046c6f6731...(size=14), reply=RaftClientReply:client-3B24DF14234E->s1@group-0ACE5BC359E3, cid=177, FAILED org.apache.ratis.protocol.NotLeaderException: Server s1@group-0ACE5BC359E3 is not the leader, logIndex=0, commits[s1:c185, s0:c183, s2:c185]
2019-09-24 12:21:47,588 INFO  client.GrpcClientProtocolService (GrpcClientProtocolService.java:lambda$processClientRequest$0(278)) - Failed RaftClientRequest:client-3B24DF14234E->s2@group-0ACE5BC359E3, cid=177, seq=0, RW, Message:320c0a060a046c6f6731...(size=14), reply=RaftClientReply:client-3B24DF14234E->s2@group-0ACE5BC359E3, cid=177, FAILED org.apache.ratis.protocol.NotLeaderException: Server s2@group-0ACE5BC359E3 is not the leader, logIndex=0, commits[s2:c187, s0:c185, s1:c183]
2019-09-24 12:21:47,595 INFO  client.GrpcClientProtocolService (GrpcClientProtocolService.java:lambda$processClientRequest$0(278)) - Failed RaftClientRequest:client-3B24DF14234E->s1@group-0ACE5BC359E3, cid=177, seq=0, RW, Message:320c0a060a046c6f6731...(size=14), reply=RaftClientReply:client-3B24DF14234E->s1@group-0ACE5BC359E3, cid=177, FAILED org.apache.ratis.protocol.NotLeaderException: Server s1@group-0ACE5BC359E3 is not the leader, logIndex=0, commits[s1:c185, s0:c183, s2:c185]
2019-09-24 12:21:47,600 INFO  client.GrpcClientProtocolService (GrpcClientProtocolService.java:lambda$processClientRequest$0(278)) - Failed RaftClientRequest:client-3B24DF14234E->s0@group-0ACE5BC359E3, cid=177, seq=0, RW, Message:320c0a060a046c6f6731...(size=14), reply=RaftClientReply:client-3B24DF14234E->s0@group-0ACE5BC359E3, cid=177, FAILED org.apache.ratis.protocol.NotLeaderException: Server s0@group-0ACE5BC359E3 is not the leader, logIndex=0, commits[s0:c187, s1:c183, s2:c187]
2019-09-24 12:21:47,605 INFO  client.GrpcClientProtocolService (GrpcClientProtocolService.java:lambda$processClientRequest$0(278)) - Failed RaftClientRequest:client-3B24DF14234E->s2@group-0ACE5BC359E3, cid=177, seq=0, RW, Message:320c0a060a046c6f6731...(size=14), reply=RaftClientReply:client-3B24DF14234E->s2@group-0ACE5BC359E3, cid=177, FAILED org.apache.ratis.protocol.NotLeaderException: Server s2@group-0ACE5BC359E3 is not the leader, logIndex=0, commits[s2:c187, s0:c185, s1:c183]
2019-09-24 12:21:47,610 INFO  client.GrpcClientProtocolService (GrpcClientProtocolService.java:lambda$processClientRequest$0(278)) - Failed RaftClientRequest:client-3B24DF14234E->s0@group-0ACE5BC359E3, cid=177, seq=0, RW, Message:320c0a060a046c6f6731...(size=14), reply=RaftClientReply:client-3B24DF14234E->s0@group-0ACE5BC359E3, cid=177, FAILED org.apache.ratis.protocol.NotLeaderException: Server s0@group-0ACE5BC359E3 is not the leader, logIndex=0, commits[s0:c187, s1:c183, s2:c187]
2019-09-24 12:21:47,615 INFO  client.GrpcClientProtocolService (GrpcClientProtocolService.java:lambda$processClientRequest$0(278)) - Failed RaftClientRequest:client-3B24DF14234E->s1@group-0ACE5BC359E3, cid=177, seq=0, RW, Message:320c0a060a046c6f6731...(size=14), reply=RaftClientReply:client-3B24DF14234E->s1@group-0ACE5BC359E3, cid=177, FAILED org.apache.ratis.protocol.NotLeaderException: Server s1@group-0ACE5BC359E3 is not the leader, logIndex=0, commits[s1:c185, s0:c183, s2:c185]
2019-09-24 12:21:47,619 INFO  impl.FollowerState (FollowerState.java:run(108)) - s2@group-0ACE5BC359E3-FollowerState: change to CANDIDATE, lastRpcTime:279ms, electionTimeout:278ms
2019-09-24 12:21:47,621 INFO  impl.RoleInfo (RoleInfo.java:shutdownFollowerState(121)) - s2: shutdown FollowerState
2019-09-24 12:21:47,621 INFO  impl.RaftServerImpl (RaftServerImpl.java:setRole(170)) - s2@group-0ACE5BC359E3: changes role from  FOLLOWER to CANDIDATE at term 2 for changeToCandidate
2019-09-24 12:21:47,621 INFO  impl.RoleInfo (RoleInfo.java:updateAndGet(143)) - s2: start LeaderElection
2019-09-24 12:21:47,629 INFO  client.GrpcClientProtocolService (GrpcClientProtocolService.java:lambda$processClientRequest$0(278)) - Failed RaftClientRequest:client-3B24DF14234E->s0@group-0ACE5BC359E3, cid=177, seq=0, RW, Message:320c0a060a046c6f6731...(size=14), reply=RaftClientReply:client-3B24DF14234E->s0@group-0ACE5BC359E3, cid=177, FAILED org.apache.ratis.protocol.NotLeaderException: Server s0@group-0ACE5BC359E3 is not the leader, logIndex=0, commits[s0:c187, s1:c183, s2:c187]
2019-09-24 12:21:47,635 INFO  client.GrpcClientProtocolService (GrpcClientProtocolService.java:lambda$processClientRequest$0(278)) - Failed RaftClientRequest:client-3B24DF14234E->s2@group-0ACE5BC359E3, cid=177, seq=0, RW, Message:320c0a060a046c6f6731...(size=14), reply=RaftClientReply:client-3B24DF14234E->s2@group-0ACE5BC359E3, cid=177, FAILED org.apache.ratis.protocol.NotLeaderException: Server s2@group-0ACE5BC359E3 is not the leader, logIndex=0, commits[s2:c187, s0:c185, s1:c183]
2019-09-24 12:21:47,637 INFO  impl.LeaderElection (LeaderElection.java:askForVotes(178)) - s2@group-0ACE5BC359E3-LeaderElection13: begin an election at term 3 for 0: [s0:0.0.0.0:45731, s1:0.0.0.0:43575, s2:0.0.0.0:36170], old=null
2019-09-24 12:21:47,638 INFO  impl.FollowerState (FollowerState.java:run(108)) - s0@group-0ACE5BC359E3-FollowerState: change to CANDIDATE, lastRpcTime:300ms, electionTimeout:299ms
2019-09-24 12:21:47,639 INFO  impl.RoleInfo (RoleInfo.java:shutdownFollowerState(121)) - s0: shutdown FollowerState
2019-09-24 12:21:47,639 INFO  impl.RaftServerImpl (RaftServerImpl.java:setRole(170)) - s0@group-0ACE5BC359E3: changes role from  FOLLOWER to CANDIDATE at term 2 for changeToCandidate
2019-09-24 12:21:47,639 INFO  impl.RoleInfo (RoleInfo.java:updateAndGet(143)) - s0: start LeaderElection
2019-09-24 12:21:47,641 INFO  client.GrpcClientProtocolService (GrpcClientProtocolService.java:lambda$processClientRequest$0(278)) - Failed RaftClientRequest:client-3B24DF14234E->s0@group-0ACE5BC359E3, cid=177, seq=0, RW, Message:320c0a060a046c6f6731...(size=14), reply=RaftClientReply:client-3B24DF14234E->s0@group-0ACE5BC359E3, cid=177, FAILED org.apache.ratis.protocol.NotLeaderException: Server s0@group-0ACE5BC359E3 is not the leader, logIndex=0, commits[s0:c187, s1:c183, s2:c187]
2019-09-24 12:21:47,644 INFO  impl.RaftServerImpl (RaftServerImpl.java:setRole(170)) - s1@group-0ACE5BC359E3: changes role from  FOLLOWER to FOLLOWER at term 3 for recognizeCandidate:s2
2019-09-24 12:21:47,645 INFO  impl.RoleInfo (RoleInfo.java:shutdownFollowerState(121)) - s1: shutdown FollowerState
2019-09-24 12:21:47,645 INFO  impl.RoleInfo (RoleInfo.java:updateAndGet(143)) - s1: start FollowerState
2019-09-24 12:21:47,645 INFO  impl.FollowerState (FollowerState.java:run(117)) - s1@group-0ACE5BC359E3-FollowerState was interrupted: java.lang.InterruptedException: sleep interrupted
2019-09-24 12:21:47,648 INFO  client.GrpcClientProtocolService (GrpcClientProtocolService.java:lambda$processClientRequest$0(278)) - Failed RaftClientRequest:client-3B24DF14234E->s1@group-0ACE5BC359E3, cid=177, seq=0, RW, Message:320c0a060a046c6f6731...(size=14), reply=RaftClientReply:client-3B24DF14234E->s1@group-0ACE5BC359E3, cid=177, FAILED org.apache.ratis.protocol.NotLeaderException: Server s1@group-0ACE5BC359E3 is not the leader, logIndex=0, commits[s1:c185, s0:c183, s2:c185]
2019-09-24 12:21:47,653 INFO  impl.LeaderElection (LeaderElection.java:askForVotes(178)) - s0@group-0ACE5BC359E3-LeaderElection14: begin an election at term 3 for 0: [s0:0.0.0.0:45731, s1:0.0.0.0:43575, s2:0.0.0.0:36170], old=null
2019-09-24 12:21:47,654 INFO  impl.LeaderElection (LeaderElection.java:logAndReturn(56)) - s2@group-0ACE5BC359E3-LeaderElection13: Election PASSED; received 1 response(s) [s2<-s1#0:OK-t3] and 0 exception(s); s2@group-0ACE5BC359E3:t3, leader=null, voted=s2, raftlog=s2@group-0ACE5BC359E3-SegmentedRaftLog:OPENED:c187,f189,i189, conf=0: [s0:0.0.0.0:45731, s1:0.0.0.0:43575, s2:0.0.0.0:36170], old=null
2019-09-24 12:21:47,655 INFO  impl.RoleInfo (RoleInfo.java:shutdownLeaderElection(134)) - s2: shutdown LeaderElection
2019-09-24 12:21:47,655 INFO  impl.RaftServerImpl (RaftServerImpl.java:setRole(170)) - s2@group-0ACE5BC359E3: changes role from CANDIDATE to LEADER at term 3 for changeToLeader
2019-09-24 12:21:47,655 INFO  impl.RaftServerImpl (ServerState.java:setLeader(254)) - s2@group-0ACE5BC359E3: change Leader from null to s2 at term 3 for becomeLeader, leader elected after 351ms
2019-09-24 12:21:47,655 INFO  client.GrpcClientProtocolService (GrpcClientProtocolService.java:lambda$processClientRequest$0(278)) - Failed RaftClientRequest:client-3B24DF14234E->s2@group-0ACE5BC359E3, cid=177, seq=0, RW, Message:320c0a060a046c6f6731...(size=14), reply=RaftClientReply:client-3B24DF14234E->s2@group-0ACE5BC359E3, cid=177, FAILED org.apache.ratis.protocol.NotLeaderException: Server s2@group-0ACE5BC359E3 is not the leader, logIndex=0, commits[s2:c187, s0:c185, s1:c183]
2019-09-24 12:21:47,656 INFO  server.RaftServerConfigKeys (ConfUtils.java:logGet(43)) - raft.server.staging.catchup.gap = 1000 (default)
2019-09-24 12:21:47,656 INFO  server.RaftServerConfigKeys (ConfUtils.java:logGet(43)) - raft.server.rpc.sleep.time = 25ms (default)
2019-09-24 12:21:47,656 INFO  server.RaftServerConfigKeys (ConfUtils.java:logGet(43)) - raft.server.write.element-limit = 4096 (default)
2019-09-24 12:21:47,657 INFO  server.RaftServerConfigKeys (ConfUtils.java:logGet(43)) - raft.server.watch.timeout = 10s (default)
2019-09-24 12:21:47,657 INFO  server.RaftServerConfigKeys (ConfUtils.java:logGet(43)) - raft.server.watch.timeout.denomination = 1s (default)
2019-09-24 12:21:47,657 INFO  server.RaftServerConfigKeys (ConfUtils.java:logGet(43)) - raft.server.watch.element-limit = 65536 (default)
2019-09-24 12:21:47,658 INFO  server.RaftServerConfigKeys (ConfUtils.java:logGet(43)) - raft.server.log.appender.snapshot.chunk.size.max = 16MB (=16777216) (default)
2019-09-24 12:21:47,658 INFO  server.RaftServerConfigKeys (ConfUtils.java:logGet(43)) - raft.server.log.appender.buffer.byte-limit = 4MB (=4194304) (default)
2019-09-24 12:21:47,658 INFO  server.RaftServerConfigKeys (ConfUtils.java:logGet(43)) - raft.server.log.appender.buffer.element-limit = 0 (default)
2019-09-24 12:21:47,659 INFO  grpc.GrpcConfigKeys$Server (ConfUtils.java:logGet(43)) - raft.grpc.server.leader.outstanding.appends.max = 128 (default)
2019-09-24 12:21:47,659 INFO  server.RaftServerConfigKeys (ConfUtils.java:logGet(43)) - raft.server.rpc.request.timeout = 3000ms (default)
2019-09-24 12:21:47,659 INFO  server.RaftServerConfigKeys (ConfUtils.java:logGet(43)) - raft.server.log.appender.install.snapshot.enabled = true (default)
2019-09-24 12:21:47,659 INFO  server.RaftServerConfigKeys (ConfUtils.java:logGet(43)) - raft.server.log.appender.snapshot.chunk.size.max = 16MB (=16777216) (default)
2019-09-24 12:21:47,659 INFO  server.RaftServerConfigKeys (ConfUtils.java:logGet(43)) - raft.server.log.appender.buffer.byte-limit = 4MB (=4194304) (default)
2019-09-24 12:21:47,660 INFO  server.RaftServerConfigKeys (ConfUtils.java:logGet(43)) - raft.server.log.appender.buffer.element-limit = 0 (default)
2019-09-24 12:21:47,660 INFO  grpc.GrpcConfigKeys$Server (ConfUtils.java:logGet(43)) - raft.grpc.server.leader.outstanding.appends.max = 128 (default)
2019-09-24 12:21:47,660 INFO  server.RaftServerConfigKeys (ConfUtils.java:logGet(43)) - raft.server.rpc.request.timeout = 3000ms (default)
2019-09-24 12:21:47,660 INFO  server.RaftServerConfigKeys (ConfUtils.java:logGet(43)) - raft.server.log.appender.install.snapshot.enabled = true (default)
2019-09-24 12:21:47,661 INFO  impl.RoleInfo (RoleInfo.java:updateAndGet(143)) - s2: start LeaderState
2019-09-24 12:21:47,662 INFO  client.GrpcClientProtocolService (GrpcClientProtocolService.java:lambda$processClientRequest$0(278)) - Failed RaftClientRequest:client-3B24DF14234E->s0@group-0ACE5BC359E3, cid=177, seq=0, RW, Message:320c0a060a046c6f6731...(size=14), reply=RaftClientReply:client-3B24DF14234E->s0@group-0ACE5BC359E3, cid=177, FAILED org.apache.ratis.protocol.NotLeaderException: Server s0@group-0ACE5BC359E3 is not the leader, logIndex=0, commits[s0:c187, s1:c183, s2:c187]
2019-09-24 12:21:47,662 INFO  segmented.SegmentedRaftLogWorker (SegmentedRaftLogWorker.java:rollLogSegment(385)) - s2@group-0ACE5BC359E3-SegmentedRaftLogWorker: Rolling segment log-0_189 to index:189
2019-09-24 12:21:47,667 INFO  client.GrpcClientProtocolService (GrpcClientProtocolService.java:lambda$processClientRequest$0(278)) - Failed RaftClientRequest:client-3B24DF14234E->s2@group-0ACE5BC359E3, cid=177, seq=0, RW, Message:320c0a060a046c6f6731...(size=14), reply=RaftClientReply:client-3B24DF14234E->s2@group-0ACE5BC359E3, cid=177, FAILED org.apache.ratis.protocol.LeaderNotReadyException: s2@group-0ACE5BC359E3 is in LEADER state but not ready yet., logIndex=0, commits[s2:c187, s0:c185, s1:c183]
2019-09-24 12:21:47,668 INFO  impl.RaftServerImpl (ServerState.java:setRaftConf(355)) - s2@group-0ACE5BC359E3: set configuration 190: [s0:0.0.0.0:45731, s1:0.0.0.0:43575, s2:0.0.0.0:36170], old=null at 190
2019-09-24 12:21:47,669 INFO  impl.RaftServerImpl (RaftServerImpl.java:requestVote(754)) - s2@group-0ACE5BC359E3-   LEADER: Withhold vote from candidate s0 with term 3. State: leader=s2, term=3, lastRpcElapsed=null
2019-09-24 12:21:47,670 TRACE util.FileUtils (LogUtils.java:runAndLog(61)) - Successfully ran Files.move /workdir/ratis-logservice/target/test/data/c8cb145d/MiniRaftClusterWithGrpc578cf3c7/s2/5e10c782-1847-4d20-8fc0-0ace5bc359e3/current/log_inprogress_0 to /workdir/ratis-logservice/target/test/data/c8cb145d/MiniRaftClusterWithGrpc578cf3c7/s2/5e10c782-1847-4d20-8fc0-0ace5bc359e3/current/log_0-189
2019-09-24 12:21:47,670 INFO  segmented.SegmentedRaftLogWorker (SegmentedRaftLogWorker.java:execute(526)) - s2@group-0ACE5BC359E3-SegmentedRaftLogWorker: Rolled log segment from /workdir/ratis-logservice/target/test/data/c8cb145d/MiniRaftClusterWithGrpc578cf3c7/s2/5e10c782-1847-4d20-8fc0-0ace5bc359e3/current/log_inprogress_0 to /workdir/ratis-logservice/target/test/data/c8cb145d/MiniRaftClusterWithGrpc578cf3c7/s2/5e10c782-1847-4d20-8fc0-0ace5bc359e3/current/log_0-189
2019-09-24 12:21:47,671 INFO  impl.LeaderElection (LeaderElection.java:logAndReturn(56)) - s0@group-0ACE5BC359E3-LeaderElection14: Election REJECTED; received 2 response(s) [s0<-s1#0:FAIL-t3, s0<-s2#0:FAIL-t3] and 0 exception(s); s0@group-0ACE5BC359E3:t3, leader=null, voted=s0, raftlog=s0@group-0ACE5BC359E3-SegmentedRaftLog:OPENED:c187,f189,i189, conf=0: [s0:0.0.0.0:45731, s1:0.0.0.0:43575, s2:0.0.0.0:36170], old=null
2019-09-24 12:21:47,671 INFO  impl.RaftServerImpl (ServerState.java:setLeader(254)) - s1@group-0ACE5BC359E3: change Leader from null to s2 at term 3 for appendEntries, leader elected after 385ms
2019-09-24 12:21:47,672 INFO  impl.RaftServerImpl (RaftServerImpl.java:setRole(170)) - s0@group-0ACE5BC359E3: changes role from CANDIDATE to FOLLOWER at term 3 for DISCOVERED_A_NEW_TERM
2019-09-24 12:21:47,672 INFO  impl.RaftServerImpl (RaftServerImpl.java:checkInconsistentAppendEntries(999)) - s1@group-0ACE5BC359E3: Failed appendEntries as previous log entry ((t:1, i:189)) is not found
2019-09-24 12:21:47,672 INFO  impl.RoleInfo (RoleInfo.java:shutdownLeaderElection(134)) - s0: shutdown LeaderElection
2019-09-24 12:21:47,673 INFO  impl.RaftServerImpl (RaftServerImpl.java:checkInconsistentAppendEntries(972)) - s1@group-0ACE5BC359E3: inconsistency entries. Reply:s2<-s1#0:FAIL,INCONSISTENCY,nextIndex:186,term:3,followerCommit:185
2019-09-24 12:21:47,673 INFO  impl.RoleInfo (RoleInfo.java:updateAndGet(143)) - s0: start FollowerState
2019-09-24 12:21:47,673 INFO  impl.RaftServerImpl (ServerState.java:setLeader(254)) - s0@group-0ACE5BC359E3: change Leader from null to s2 at term 3 for appendEntries, leader elected after 336ms
2019-09-24 12:21:47,675 INFO  impl.FollowerInfo (FollowerInfo.java:lambda$new$0(51)) - s2@group-0ACE5BC359E3->s1: nextIndex: updateUnconditionally 190 -> 186
2019-09-24 12:21:47,677 INFO  impl.RaftServerImpl (ServerState.java:setRaftConf(355)) - s1@group-0ACE5BC359E3: set configuration 190: [s0:0.0.0.0:45731, s1:0.0.0.0:43575, s2:0.0.0.0:36170], old=null at 190
2019-09-24 12:21:47,678 INFO  impl.RaftServerImpl (ServerState.java:setRaftConf(355)) - s0@group-0ACE5BC359E3: set configuration 190: [s0:0.0.0.0:45731, s1:0.0.0.0:43575, s2:0.0.0.0:36170], old=null at 190
2019-09-24 12:21:47,678 INFO  segmented.SegmentedRaftLogWorker (SegmentedRaftLogWorker.java:rollLogSegment(385)) - s1@group-0ACE5BC359E3-SegmentedRaftLogWorker: Rolling segment log-0_189 to index:189
2019-09-24 12:21:47,678 INFO  segmented.SegmentedRaftLogWorker (SegmentedRaftLogWorker.java:rollLogSegment(385)) - s0@group-0ACE5BC359E3-SegmentedRaftLogWorker: Rolling segment log-0_189 to index:189
2019-09-24 12:21:47,681 TRACE util.FileUtils (LogUtils.java:runAndLog(61)) - Successfully ran Files.move /workdir/ratis-logservice/target/test/data/c8cb145d/MiniRaftClusterWithGrpc578cf3c7/s0/5e10c782-1847-4d20-8fc0-0ace5bc359e3/current/log_inprogress_0 to /workdir/ratis-logservice/target/test/data/c8cb145d/MiniRaftClusterWithGrpc578cf3c7/s0/5e10c782-1847-4d20-8fc0-0ace5bc359e3/current/log_0-189
2019-09-24 12:21:47,681 INFO  segmented.SegmentedRaftLogWorker (SegmentedRaftLogWorker.java:execute(526)) - s0@group-0ACE5BC359E3-SegmentedRaftLogWorker: Rolled log segment from /workdir/ratis-logservice/target/test/data/c8cb145d/MiniRaftClusterWithGrpc578cf3c7/s0/5e10c782-1847-4d20-8fc0-0ace5bc359e3/current/log_inprogress_0 to /workdir/ratis-logservice/target/test/data/c8cb145d/MiniRaftClusterWithGrpc578cf3c7/s0/5e10c782-1847-4d20-8fc0-0ace5bc359e3/current/log_0-189
2019-09-24 12:21:47,683 INFO  client.GrpcClientProtocolService (GrpcClientProtocolService.java:lambda$processClientRequest$0(278)) - Failed RaftClientRequest:client-3B24DF14234E->s2@group-0ACE5BC359E3, cid=177, seq=0, RW, Message:320c0a060a046c6f6731...(size=14), reply=RaftClientReply:client-3B24DF14234E->s2@group-0ACE5BC359E3, cid=177, FAILED org.apache.ratis.protocol.LeaderNotReadyException: s2@group-0ACE5BC359E3 is in LEADER state but not ready yet., logIndex=0, commits[s2:c187, s0:c187, s1:c183]
2019-09-24 12:21:47,686 INFO  client.GrpcClientProtocolService (GrpcClientProtocolService.java:lambda$processClientRequest$0(278)) - Failed RaftClientRequest:client-3B24DF14234E->s2@group-0ACE5BC359E3, cid=177, seq=0, RW, Message:320c0a060a046c6f6731...(size=14), reply=RaftClientReply:client-3B24DF14234E->s2@group-0ACE5BC359E3, cid=177, FAILED org.apache.ratis.protocol.LeaderNotReadyException: s2@group-0ACE5BC359E3 is in LEADER state but not ready yet., logIndex=0, commits[s2:c187, s0:c187, s1:c183]
2019-09-24 12:21:47,689 INFO  client.GrpcClientProtocolService (GrpcClientProtocolService.java:lambda$processClientRequest$0(278)) - Failed RaftClientRequest:client-3B24DF14234E->s2@group-0ACE5BC359E3, cid=177, seq=0, RW, Message:320c0a060a046c6f6731...(size=14), reply=RaftClientReply:client-3B24DF14234E->s2@group-0ACE5BC359E3, cid=177, FAILED org.apache.ratis.protocol.LeaderNotReadyException: s2@group-0ACE5BC359E3 is in LEADER state but not ready yet., logIndex=0, commits[s2:c187, s0:c187, s1:c183]
2019-09-24 12:21:47,691 INFO  client.GrpcClientProtocolService (GrpcClientProtocolService.java:lambda$processClientRequest$0(278)) - Failed RaftClientRequest:client-3B24DF14234E->s2@group-0ACE5BC359E3, cid=177, seq=0, RW, Message:320c0a060a046c6f6731...(size=14), reply=RaftClientReply:client-3B24DF14234E->s2@group-0ACE5BC359E3, cid=177, FAILED org.apache.ratis.protocol.LeaderNotReadyException: s2@group-0ACE5BC359E3 is in LEADER state but not ready yet., logIndex=0, commits[s2:c187, s0:c187, s1:c183]
2019-09-24 12:21:47,692 TRACE util.FileUtils (LogUtils.java:runAndLog(61)) - Successfully ran Files.move /workdir/ratis-logservice/target/test/data/c8cb145d/MiniRaftClusterWithGrpc578cf3c7/s1/5e10c782-1847-4d20-8fc0-0ace5bc359e3/current/log_inprogress_0 to /workdir/ratis-logservice/target/test/data/c8cb145d/MiniRaftClusterWithGrpc578cf3c7/s1/5e10c782-1847-4d20-8fc0-0ace5bc359e3/current/log_0-189
2019-09-24 12:21:47,692 INFO  segmented.SegmentedRaftLogWorker (SegmentedRaftLogWorker.java:execute(526)) - s1@group-0ACE5BC359E3-SegmentedRaftLogWorker: Rolled log segment from /workdir/ratis-logservice/target/test/data/c8cb145d/MiniRaftClusterWithGrpc578cf3c7/s1/5e10c782-1847-4d20-8fc0-0ace5bc359e3/current/log_inprogress_0 to /workdir/ratis-logservice/target/test/data/c8cb145d/MiniRaftClusterWithGrpc578cf3c7/s1/5e10c782-1847-4d20-8fc0-0ace5bc359e3/current/log_0-189
2019-09-24 12:21:47,694 INFO  client.GrpcClientProtocolService (GrpcClientProtocolService.java:lambda$processClientRequest$0(278)) - Failed RaftClientRequest:client-3B24DF14234E->s2@group-0ACE5BC359E3, cid=177, seq=0, RW, Message:320c0a060a046c6f6731...(size=14), reply=RaftClientReply:client-3B24DF14234E->s2@group-0ACE5BC359E3, cid=177, FAILED org.apache.ratis.protocol.LeaderNotReadyException: s2@group-0ACE5BC359E3 is in LEADER state but not ready yet., logIndex=0, commits[s2:c187, s0:c187, s1:c183]
2019-09-24 12:21:47,696 INFO  client.GrpcClientProtocolService (GrpcClientProtocolService.java:lambda$processClientRequest$0(278)) - Failed RaftClientRequest:client-3B24DF14234E->s2@group-0ACE5BC359E3, cid=177, seq=0, RW, Message:320c0a060a046c6f6731...(size=14), reply=RaftClientReply:client-3B24DF14234E->s2@group-0ACE5BC359E3, cid=177, FAILED org.apache.ratis.protocol.LeaderNotReadyException: s2@group-0ACE5BC359E3 is in LEADER state but not ready yet., logIndex=0, commits[s2:c187, s0:c187, s1:c183]
2019-09-24 12:21:47,698 INFO  client.GrpcClientProtocolService (GrpcClientProtocolService.java:lambda$processClientRequest$0(278)) - Failed RaftClientRequest:client-3B24DF14234E->s2@group-0ACE5BC359E3, cid=177, seq=0, RW, Message:320c0a060a046c6f6731...(size=14), reply=RaftClientReply:client-3B24DF14234E->s2@group-0ACE5BC359E3, cid=177, FAILED org.apache.ratis.protocol.LeaderNotReadyException: s2@group-0ACE5BC359E3 is in LEADER state but not ready yet., logIndex=0, commits[s2:c187, s0:c187, s1:c183]
2019-09-24 12:21:47,700 INFO  client.GrpcClientProtocolService (GrpcClientProtocolService.java:lambda$processClientRequest$0(278)) - Failed RaftClientRequest:client-3B24DF14234E->s2@group-0ACE5BC359E3, cid=177, seq=0, RW, Message:320c0a060a046c6f6731...(size=14), reply=RaftClientReply:client-3B24DF14234E->s2@group-0ACE5BC359E3, cid=177, FAILED org.apache.ratis.protocol.LeaderNotReadyException: s2@group-0ACE5BC359E3 is in LEADER state but not ready yet., logIndex=0, commits[s2:c187, s0:c187, s1:c183]
2019-09-24 12:21:47,702 INFO  client.GrpcClientProtocolService (GrpcClientProtocolService.java:lambda$processClientRequest$0(278)) - Failed RaftClientRequest:client-3B24DF14234E->s2@group-0ACE5BC359E3, cid=177, seq=0, RW, Message:320c0a060a046c6f6731...(size=14), reply=RaftClientReply:client-3B24DF14234E->s2@group-0ACE5BC359E3, cid=177, FAILED org.apache.ratis.protocol.LeaderNotReadyException: s2@group-0ACE5BC359E3 is in LEADER state but not ready yet., logIndex=0, commits[s2:c187, s0:c187, s1:c183]
2019-09-24 12:21:47,705 INFO  client.GrpcClientProtocolService (GrpcClientProtocolService.java:lambda$processClientRequest$0(278)) - Failed RaftClientRequest:client-3B24DF14234E->s2@group-0ACE5BC359E3, cid=177, seq=0, RW, Message:320c0a060a046c6f6731...(size=14), reply=RaftClientReply:client-3B24DF14234E->s2@group-0ACE5BC359E3, cid=177, FAILED org.apache.ratis.protocol.LeaderNotReadyException: s2@group-0ACE5BC359E3 is in LEADER state but not ready yet., logIndex=0, commits[s2:c187, s0:c187, s1:c183]
2019-09-24 12:21:47,707 INFO  client.GrpcClientProtocolService (GrpcClientProtocolService.java:lambda$processClientRequest$0(278)) - Failed RaftClientRequest:client-3B24DF14234E->s2@group-0ACE5BC359E3, cid=177, seq=0, RW, Message:320c0a060a046c6f6731...(size=14), reply=RaftClientReply:client-3B24DF14234E->s2@group-0ACE5BC359E3, cid=177, FAILED org.apache.ratis.protocol.LeaderNotReadyException: s2@group-0ACE5BC359E3 is in LEADER state but not ready yet., logIndex=0, commits[s2:c187, s0:c187, s1:c183]
2019-09-24 12:21:47,709 INFO  client.GrpcClientProtocolService (GrpcClientProtocolService.java:lambda$processClientRequest$0(278)) - Failed RaftClientRequest:client-3B24DF14234E->s2@group-0ACE5BC359E3, cid=177, seq=0, RW, Message:320c0a060a046c6f6731...(size=14), reply=RaftClientReply:client-3B24DF14234E->s2@group-0ACE5BC359E3, cid=177, FAILED org.apache.ratis.protocol.LeaderNotReadyException: s2@group-0ACE5BC359E3 is in LEADER state but not ready yet., logIndex=0, commits[s2:c187, s0:c187, s1:c183]
2019-09-24 12:21:47,711 INFO  client.GrpcClientProtocolService (GrpcClientProtocolService.java:lambda$processClientRequest$0(278)) - Failed RaftClientRequest:client-3B24DF14234E->s2@group-0ACE5BC359E3, cid=177, seq=0, RW, Message:320c0a060a046c6f6731...(size=14), reply=RaftClientReply:client-3B24DF14234E->s2@group-0ACE5BC359E3, cid=177, FAILED org.apache.ratis.protocol.LeaderNotReadyException: s2@group-0ACE5BC359E3 is in LEADER state but not ready yet., logIndex=0, commits[s2:c187, s0:c187, s1:c183]
2019-09-24 12:21:47,713 INFO  client.GrpcClientProtocolService (GrpcClientProtocolService.java:lambda$processClientRequest$0(278)) - Failed RaftClientRequest:client-3B24DF14234E->s2@group-0ACE5BC359E3, cid=177, seq=0, RW, Message:320c0a060a046c6f6731...(size=14), reply=RaftClientReply:client-3B24DF14234E->s2@group-0ACE5BC359E3, cid=177, FAILED org.apache.ratis.protocol.LeaderNotReadyException: s2@group-0ACE5BC359E3 is in LEADER state but not ready yet., logIndex=0, commits[s2:c187, s0:c187, s1:c183]
2019-09-24 12:21:47,715 INFO  client.GrpcClientProtocolService (GrpcClientProtocolService.java:lambda$processClientRequest$0(278)) - Failed RaftClientRequest:client-3B24DF14234E->s2@group-0ACE5BC359E3, cid=177, seq=0, RW, Message:320c0a060a046c6f6731...(size=14), reply=RaftClientReply:client-3B24DF14234E->s2@group-0ACE5BC359E3, cid=177, FAILED org.apache.ratis.protocol.LeaderNotReadyException: s2@group-0ACE5BC359E3 is in LEADER state but not ready yet., logIndex=0, commits[s2:c187, s0:c187, s1:c183]
2019-09-24 12:21:47,717 INFO  client.GrpcClientProtocolService (GrpcClientProtocolService.java:lambda$processClientRequest$0(278)) - Failed RaftClientRequest:client-3B24DF14234E->s2@group-0ACE5BC359E3, cid=177, seq=0, RW, Message:320c0a060a046c6f6731...(size=14), reply=RaftClientReply:client-3B24DF14234E->s2@group-0ACE5BC359E3, cid=177, FAILED org.apache.ratis.protocol.LeaderNotReadyException: s2@group-0ACE5BC359E3 is in LEADER state but not ready yet., logIndex=0, commits[s2:c187, s0:c187, s1:c183]
2019-09-24 12:21:47,719 INFO  client.GrpcClientProtocolService (GrpcClientProtocolService.java:lambda$processClientRequest$0(278)) - Failed RaftClientRequest:client-3B24DF14234E->s2@group-0ACE5BC359E3, cid=177, seq=0, RW, Message:320c0a060a046c6f6731...(size=14), reply=RaftClientReply:client-3B24DF14234E->s2@group-0ACE5BC359E3, cid=177, FAILED org.apache.ratis.protocol.LeaderNotReadyException: s2@group-0ACE5BC359E3 is in LEADER state but not ready yet., logIndex=0, commits[s2:c187, s0:c187, s1:c183]
2019-09-24 12:21:47,722 INFO  client.GrpcClientProtocolService (GrpcClientProtocolService.java:lambda$processClientRequest$0(278)) - Failed RaftClientRequest:client-3B24DF14234E->s2@group-0ACE5BC359E3, cid=177, seq=0, RW, Message:320c0a060a046c6f6731...(size=14), reply=RaftClientReply:client-3B24DF14234E->s2@group-0ACE5BC359E3, cid=177, FAILED org.apache.ratis.protocol.LeaderNotReadyException: s2@group-0ACE5BC359E3 is in LEADER state but not ready yet., logIndex=0, commits[s2:c187, s0:c187, s1:c183]
2019-09-24 12:21:47,724 INFO  client.GrpcClientProtocolService (GrpcClientProtocolService.java:lambda$processClientRequest$0(278)) - Failed RaftClientRequest:client-3B24DF14234E->s2@group-0ACE5BC359E3, cid=177, seq=0, RW, Message:320c0a060a046c6f6731...(size=14), reply=RaftClientReply:client-3B24DF14234E->s2@group-0ACE5BC359E3, cid=177, FAILED org.apache.ratis.protocol.LeaderNotReadyException: s2@group-0ACE5BC359E3 is in LEADER state but not ready yet., logIndex=0, commits[s2:c187, s0:c187, s1:c183]
2019-09-24 12:21:47,726 INFO  client.GrpcClientProtocolService (GrpcClientProtocolService.java:lambda$processClientRequest$0(278)) - Failed RaftClientRequest:client-3B24DF14234E->s2@group-0ACE5BC359E3, cid=177, seq=0, RW, Message:320c0a060a046c6f6731...(size=14), reply=RaftClientReply:client-3B24DF14234E->s2@group-0ACE5BC359E3, cid=177, FAILED org.apache.ratis.protocol.LeaderNotReadyException: s2@group-0ACE5BC359E3 is in LEADER state but not ready yet., logIndex=0, commits[s2:c187, s0:c187, s1:c183]
2019-09-24 12:21:47,728 INFO  client.GrpcClientProtocolService (GrpcClientProtocolService.java:lambda$processClientRequest$0(278)) - Failed RaftClientRequest:client-3B24DF14234E->s2@group-0ACE5BC359E3, cid=177, seq=0, RW, Message:320c0a060a046c6f6731...(size=14), reply=RaftClientReply:client-3B24DF14234E->s2@group-0ACE5BC359E3, cid=177, FAILED org.apache.ratis.protocol.LeaderNotReadyException: s2@group-0ACE5BC359E3 is in LEADER state but not ready yet., logIndex=0, commits[s2:c187, s0:c187, s1:c183]
2019-09-24 12:21:47,730 INFO  client.GrpcClientProtocolService (GrpcClientProtocolService.java:lambda$processClientRequest$0(278)) - Failed RaftClientRequest:client-3B24DF14234E->s2@group-0ACE5BC359E3, cid=177, seq=0, RW, Message:320c0a060a046c6f6731...(size=14), reply=RaftClientReply:client-3B24DF14234E->s2@group-0ACE5BC359E3, cid=177, FAILED org.apache.ratis.protocol.LeaderNotReadyException: s2@group-0ACE5BC359E3 is in LEADER state but not ready yet., logIndex=0, commits[s2:c187, s0:c187, s1:c183]
2019-09-24 12:21:47,733 INFO  client.GrpcClientProtocolService (GrpcClientProtocolService.java:lambda$processClientRequest$0(278)) - Failed RaftClientRequest:client-3B24DF14234E->s2@group-0ACE5BC359E3, cid=177, seq=0, RW, Message:320c0a060a046c6f6731...(size=14), reply=RaftClientReply:client-3B24DF14234E->s2@group-0ACE5BC359E3, cid=177, FAILED org.apache.ratis.protocol.LeaderNotReadyException: s2@group-0ACE5BC359E3 is in LEADER state but not ready yet., logIndex=0, commits[s2:c187, s0:c187, s1:c183]
2019-09-24 12:21:47,734 INFO  client.GrpcClientProtocolService (GrpcClientProtocolService.java:lambda$processClientRequest$0(278)) - Failed RaftClientRequest:client-3B24DF14234E->s2@group-0ACE5BC359E3, cid=177, seq=0, RW, Message:320c0a060a046c6f6731...(size=14), reply=RaftClientReply:client-3B24DF14234E->s2@group-0ACE5BC359E3, cid=177, FAILED org.apache.ratis.protocol.LeaderNotReadyException: s2@group-0ACE5BC359E3 is in LEADER state but not ready yet., logIndex=0, commits[s2:c187, s0:c187, s1:c183]
2019-09-24 12:21:47,737 INFO  client.GrpcClientProtocolService (GrpcClientProtocolService.java:lambda$processClientRequest$0(278)) - Failed RaftClientRequest:client-3B24DF14234E->s2@group-0ACE5BC359E3, cid=177, seq=0, RW, Message:320c0a060a046c6f6731...(size=14), reply=RaftClientReply:client-3B24DF14234E->s2@group-0ACE5BC359E3, cid=177, FAILED org.apache.ratis.protocol.LeaderNotReadyException: s2@group-0ACE5BC359E3 is in LEADER state but not ready yet., logIndex=0, commits[s2:c187, s0:c187, s1:c183]
2019-09-24 12:21:47,739 INFO  client.GrpcClientProtocolService (GrpcClientProtocolService.java:lambda$processClientRequest$0(278)) - Failed RaftClientRequest:client-3B24DF14234E->s2@group-0ACE5BC359E3, cid=177, seq=0, RW, Message:320c0a060a046c6f6731...(size=14), reply=RaftClientReply:client-3B24DF14234E->s2@group-0ACE5BC359E3, cid=177, FAILED org.apache.ratis.protocol.LeaderNotReadyException: s2@group-0ACE5BC359E3 is in LEADER state but not ready yet., logIndex=0, commits[s2:c187, s0:c187, s1:c183]
2019-09-24 12:21:47,740 INFO  client.GrpcClientProtocolService (GrpcClientProtocolService.java:lambda$processClientRequest$0(278)) - Failed RaftClientRequest:client-3B24DF14234E->s2@group-0ACE5BC359E3, cid=177, seq=0, RW, Message:320c0a060a046c6f6731...(size=14), reply=RaftClientReply:client-3B24DF14234E->s2@group-0ACE5BC359E3, cid=177, FAILED org.apache.ratis.protocol.LeaderNotReadyException: s2@group-0ACE5BC359E3 is in LEADER state but not ready yet., logIndex=0, commits[s2:c187, s0:c187, s1:c183]
2019-09-24 12:21:47,742 INFO  client.GrpcClientProtocolService (GrpcClientProtocolService.java:lambda$processClientRequest$0(278)) - Failed RaftClientRequest:client-3B24DF14234E->s2@group-0ACE5BC359E3, cid=177, seq=0, RW, Message:320c0a060a046c6f6731...(size=14), reply=RaftClientReply:client-3B24DF14234E->s2@group-0ACE5BC359E3, cid=177, FAILED org.apache.ratis.protocol.LeaderNotReadyException: s2@group-0ACE5BC359E3 is in LEADER state but not ready yet., logIndex=0, commits[s2:c187, s0:c187, s1:c183]
2019-09-24 12:21:47,744 INFO  client.GrpcClientProtocolService (GrpcClientProtocolService.java:lambda$processClientRequest$0(278)) - Failed RaftClientRequest:client-3B24DF14234E->s2@group-0ACE5BC359E3, cid=177, seq=0, RW, Message:320c0a060a046c6f6731...(size=14), reply=RaftClientReply:client-3B24DF14234E->s2@group-0ACE5BC359E3, cid=177, FAILED org.apache.ratis.protocol.LeaderNotReadyException: s2@group-0ACE5BC359E3 is in LEADER state but not ready yet., logIndex=0, commits[s2:c187, s0:c187, s1:c183]
2019-09-24 12:21:47,747 INFO  client.GrpcClientProtocolService (GrpcClientProtocolService.java:lambda$processClientRequest$0(278)) - Failed RaftClientRequest:client-3B24DF14234E->s2@group-0ACE5BC359E3, cid=177, seq=0, RW, Message:320c0a060a046c6f6731...(size=14), reply=RaftClientReply:client-3B24DF14234E->s2@group-0ACE5BC359E3, cid=177, FAILED org.apache.ratis.protocol.LeaderNotReadyException: s2@group-0ACE5BC359E3 is in LEADER state but not ready yet., logIndex=0, commits[s2:c187, s0:c187, s1:c183]
2019-09-24 12:21:47,749 INFO  client.GrpcClientProtocolService (GrpcClientProtocolService.java:lambda$processClientRequest$0(278)) - Failed RaftClientRequest:client-3B24DF14234E->s2@group-0ACE5BC359E3, cid=177, seq=0, RW, Message:320c0a060a046c6f6731...(size=14), reply=RaftClientReply:client-3B24DF14234E->s2@group-0ACE5BC359E3, cid=177, FAILED org.apache.ratis.protocol.LeaderNotReadyException: s2@group-0ACE5BC359E3 is in LEADER state but not ready yet., logIndex=0, commits[s2:c187, s0:c187, s1:c183]
2019-09-24 12:21:47,751 INFO  client.GrpcClientProtocolService (GrpcClientProtocolService.java:lambda$processClientRequest$0(278)) - Failed RaftClientRequest:client-3B24DF14234E->s2@group-0ACE5BC359E3, cid=177, seq=0, RW, Message:320c0a060a046c6f6731...(size=14), reply=RaftClientReply:client-3B24DF14234E->s2@group-0ACE5BC359E3, cid=177, FAILED org.apache.ratis.protocol.LeaderNotReadyException: s2@group-0ACE5BC359E3 is in LEADER state but not ready yet., logIndex=0, commits[s2:c187, s0:c187, s1:c183]
2019-09-24 12:21:47,753 INFO  client.GrpcClientProtocolService (GrpcClientProtocolService.java:lambda$processClientRequest$0(278)) - Failed RaftClientRequest:client-3B24DF14234E->s2@group-0ACE5BC359E3, cid=177, seq=0, RW, Message:320c0a060a046c6f6731...(size=14), reply=RaftClientReply:client-3B24DF14234E->s2@group-0ACE5BC359E3, cid=177, FAILED org.apache.ratis.protocol.LeaderNotReadyException: s2@group-0ACE5BC359E3 is in LEADER state but not ready yet., logIndex=0, commits[s2:c187, s0:c187, s1:c183]
2019-09-24 12:21:47,755 INFO  client.GrpcClientProtocolService (GrpcClientProtocolService.java:lambda$processClientRequest$0(278)) - Failed RaftClientRequest:client-3B24DF14234E->s2@group-0ACE5BC359E3, cid=177, seq=0, RW, Message:320c0a060a046c6f6731...(size=14), reply=RaftClientReply:client-3B24DF14234E->s2@group-0ACE5BC359E3, cid=177, FAILED org.apache.ratis.protocol.LeaderNotReadyException: s2@group-0ACE5BC359E3 is in LEADER state but not ready yet., logIndex=0, commits[s2:c187, s0:c187, s1:c183]
2019-09-24 12:21:47,757 INFO  client.GrpcClientProtocolService (GrpcClientProtocolService.java:lambda$processClientRequest$0(278)) - Failed RaftClientRequest:client-3B24DF14234E->s2@group-0ACE5BC359E3, cid=177, seq=0, RW, Message:320c0a060a046c6f6731...(size=14), reply=RaftClientReply:client-3B24DF14234E->s2@group-0ACE5BC359E3, cid=177, FAILED org.apache.ratis.protocol.LeaderNotReadyException: s2@group-0ACE5BC359E3 is in LEADER state but not ready yet., logIndex=0, commits[s2:c187, s0:c187, s1:c183]
2019-09-24 12:21:47,759 INFO  client.GrpcClientProtocolService (GrpcClientProtocolService.java:lambda$processClientRequest$0(278)) - Failed RaftClientRequest:client-3B24DF14234E->s2@group-0ACE5BC359E3, cid=177, seq=0, RW, Message:320c0a060a046c6f6731...(size=14), reply=RaftClientReply:client-3B24DF14234E->s2@group-0ACE5BC359E3, cid=177, FAILED org.apache.ratis.protocol.LeaderNotReadyException: s2@group-0ACE5BC359E3 is in LEADER state but not ready yet., logIndex=0, commits[s2:c187, s0:c187, s1:c183]
2019-09-24 12:21:47,761 INFO  client.GrpcClientProtocolService (GrpcClientProtocolService.java:lambda$processClientRequest$0(278)) - Failed RaftClientRequest:client-3B24DF14234E->s2@group-0ACE5BC359E3, cid=177, seq=0, RW, Message:320c0a060a046c6f6731...(size=14), reply=RaftClientReply:client-3B24DF14234E->s2@group-0ACE5BC359E3, cid=177, FAILED org.apache.ratis.protocol.LeaderNotReadyException: s2@group-0ACE5BC359E3 is in LEADER state but not ready yet., logIndex=0, commits[s2:c187, s0:c187, s1:c183]
2019-09-24 12:21:47,763 INFO  client.GrpcClientProtocolService (GrpcClientProtocolService.java:lambda$processClientRequest$0(278)) - Failed RaftClientRequest:client-3B24DF14234E->s2@group-0ACE5BC359E3, cid=177, seq=0, RW, Message:320c0a060a046c6f6731...(size=14), reply=RaftClientReply:client-3B24DF14234E->s2@group-0ACE5BC359E3, cid=177, FAILED org.apache.ratis.protocol.LeaderNotReadyException: s2@group-0ACE5BC359E3 is in LEADER state but not ready yet., logIndex=0, commits[s2:c187, s0:c187, s1:c183]
2019-09-24 12:21:47,765 INFO  client.GrpcClientProtocolService (GrpcClientProtocolService.java:lambda$processClientRequest$0(278)) - Failed RaftClientRequest:client-3B24DF14234E->s2@group-0ACE5BC359E3, cid=177, seq=0, RW, Message:320c0a060a046c6f6731...(size=14), reply=RaftClientReply:client-3B24DF14234E->s2@group-0ACE5BC359E3, cid=177, FAILED org.apache.ratis.protocol.LeaderNotReadyException: s2@group-0ACE5BC359E3 is in LEADER state but not ready yet., logIndex=0, commits[s2:c187, s0:c187, s1:c183]
2019-09-24 12:21:47,767 INFO  client.GrpcClientProtocolService (GrpcClientProtocolService.java:lambda$processClientRequest$0(278)) - Failed RaftClientRequest:client-3B24DF14234E->s2@group-0ACE5BC359E3, cid=177, seq=0, RW, Message:320c0a060a046c6f6731...(size=14), reply=RaftClientReply:client-3B24DF14234E->s2@group-0ACE5BC359E3, cid=177, FAILED org.apache.ratis.protocol.LeaderNotReadyException: s2@group-0ACE5BC359E3 is in LEADER state but not ready yet., logIndex=0, commits[s2:c187, s0:c187, s1:c183]
2019-09-24 12:21:47,769 INFO  client.GrpcClientProtocolService (GrpcClientProtocolService.java:lambda$processClientRequest$0(278)) - Failed RaftClientRequest:client-3B24DF14234E->s2@group-0ACE5BC359E3, cid=177, seq=0, RW, Message:320c0a060a046c6f6731...(size=14), reply=RaftClientReply:client-3B24DF14234E->s2@group-0ACE5BC359E3, cid=177, FAILED org.apache.ratis.protocol.LeaderNotReadyException: s2@group-0ACE5BC359E3 is in LEADER state but not ready yet., logIndex=0, commits[s2:c187, s0:c187, s1:c183]
2019-09-24 12:21:47,771 INFO  client.GrpcClientProtocolService (GrpcClientProtocolService.java:lambda$processClientRequest$0(278)) - Failed RaftClientRequest:client-3B24DF14234E->s2@group-0ACE5BC359E3, cid=177, seq=0, RW, Message:320c0a060a046c6f6731...(size=14), reply=RaftClientReply:client-3B24DF14234E->s2@group-0ACE5BC359E3, cid=177, FAILED org.apache.ratis.protocol.LeaderNotReadyException: s2@group-0ACE5BC359E3 is in LEADER state but not ready yet., logIndex=0, commits[s2:c187, s0:c187, s1:c183]
2019-09-24 12:21:47,772 INFO  client.GrpcClientProtocolService (GrpcClientProtocolService.java:lambda$processClientRequest$0(278)) - Failed RaftClientRequest:client-3B24DF14234E->s2@group-0ACE5BC359E3, cid=177, seq=0, RW, Message:320c0a060a046c6f6731...(size=14), reply=RaftClientReply:client-3B24DF14234E->s2@group-0ACE5BC359E3, cid=177, FAILED org.apache.ratis.protocol.LeaderNotReadyException: s2@group-0ACE5BC359E3 is in LEADER state but not ready yet., logIndex=0, commits[s2:c187, s0:c187, s1:c183]
2019-09-24 12:21:47,774 INFO  client.GrpcClientProtocolService (GrpcClientProtocolService.java:lambda$processClientRequest$0(278)) - Failed RaftClientRequest:client-3B24DF14234E->s2@group-0ACE5BC359E3, cid=177, seq=0, RW, Message:320c0a060a046c6f6731...(size=14), reply=RaftClientReply:client-3B24DF14234E->s2@group-0ACE5BC359E3, cid=177, FAILED org.apache.ratis.protocol.LeaderNotReadyException: s2@group-0ACE5BC359E3 is in LEADER state but not ready yet., logIndex=0, commits[s2:c187, s0:c187, s1:c183]
2019-09-24 12:21:47,776 INFO  client.GrpcClientProtocolService (GrpcClientProtocolService.java:lambda$processClientRequest$0(278)) - Failed RaftClientRequest:client-3B24DF14234E->s2@group-0ACE5BC359E3, cid=177, seq=0, RW, Message:320c0a060a046c6f6731...(size=14), reply=RaftClientReply:client-3B24DF14234E->s2@group-0ACE5BC359E3, cid=177, FAILED org.apache.ratis.protocol.LeaderNotReadyException: s2@group-0ACE5BC359E3 is in LEADER state but not ready yet., logIndex=0, commits[s2:c187, s0:c187, s1:c183]
2019-09-24 12:21:47,778 INFO  client.GrpcClientProtocolService (GrpcClientProtocolService.java:lambda$processClientRequest$0(278)) - Failed RaftClientRequest:client-3B24DF14234E->s2@group-0ACE5BC359E3, cid=177, seq=0, RW, Message:320c0a060a046c6f6731...(size=14), reply=RaftClientReply:client-3B24DF14234E->s2@group-0ACE5BC359E3, cid=177, FAILED org.apache.ratis.protocol.LeaderNotReadyException: s2@group-0ACE5BC359E3 is in LEADER state but not ready yet., logIndex=0, commits[s2:c187, s0:c187, s1:c183]
2019-09-24 12:21:47,780 INFO  client.GrpcClientProtocolService (GrpcClientProtocolService.java:lambda$processClientRequest$0(278)) - Failed RaftClientRequest:client-3B24DF14234E->s2@group-0ACE5BC359E3, cid=177, seq=0, RW, Message:320c0a060a046c6f6731...(size=14), reply=RaftClientReply:client-3B24DF14234E->s2@group-0ACE5BC359E3, cid=177, FAILED org.apache.ratis.protocol.LeaderNotReadyException: s2@group-0ACE5BC359E3 is in LEADER state but not ready yet., logIndex=0, commits[s2:c187, s0:c187, s1:c183]
2019-09-24 12:21:47,782 INFO  client.GrpcClientProtocolService (GrpcClientProtocolService.java:lambda$processClientRequest$0(278)) - Failed RaftClientRequest:client-3B24DF14234E->s2@group-0ACE5BC359E3, cid=177, seq=0, RW, Message:320c0a060a046c6f6731...(size=14), reply=RaftClientReply:client-3B24DF14234E->s2@group-0ACE5BC359E3, cid=177, FAILED org.apache.ratis.protocol.LeaderNotReadyException: s2@group-0ACE5BC359E3 is in LEADER state but not ready yet., logIndex=0, commits[s2:c187, s0:c187, s1:c183]
2019-09-24 12:21:47,784 INFO  client.GrpcClientProtocolService (GrpcClientProtocolService.java:lambda$processClientRequest$0(278)) - Failed RaftClientRequest:client-3B24DF14234E->s2@group-0ACE5BC359E3, cid=177, seq=0, RW, Message:320c0a060a046c6f6731...(size=14), reply=RaftClientReply:client-3B24DF14234E->s2@group-0ACE5BC359E3, cid=177, FAILED org.apache.ratis.protocol.LeaderNotReadyException: s2@group-0ACE5BC359E3 is in LEADER state but not ready yet., logIndex=0, commits[s2:c187, s0:c187, s1:c183]
2019-09-24 12:21:47,786 INFO  client.GrpcClientProtocolService (GrpcClientProtocolService.java:lambda$processClientRequest$0(278)) - Failed RaftClientRequest:client-3B24DF14234E->s2@group-0ACE5BC359E3, cid=177, seq=0, RW, Message:320c0a060a046c6f6731...(size=14), reply=RaftClientReply:client-3B24DF14234E->s2@group-0ACE5BC359E3, cid=177, FAILED org.apache.ratis.protocol.LeaderNotReadyException: s2@group-0ACE5BC359E3 is in LEADER state but not ready yet., logIndex=0, commits[s2:c187, s0:c187, s1:c183]
2019-09-24 12:21:47,788 INFO  client.GrpcClientProtocolService (GrpcClientProtocolService.java:lambda$processClientRequest$0(278)) - Failed RaftClientRequest:client-3B24DF14234E->s2@group-0ACE5BC359E3, cid=177, seq=0, RW, Message:320c0a060a046c6f6731...(size=14), reply=RaftClientReply:client-3B24DF14234E->s2@group-0ACE5BC359E3, cid=177, FAILED org.apache.ratis.protocol.LeaderNotReadyException: s2@group-0ACE5BC359E3 is in LEADER state but not ready yet., logIndex=0, commits[s2:c187, s0:c187, s1:c183]
2019-09-24 12:21:47,790 INFO  client.GrpcClientProtocolService (GrpcClientProtocolService.java:lambda$processClientRequest$0(278)) - Failed RaftClientRequest:client-3B24DF14234E->s2@group-0ACE5BC359E3, cid=177, seq=0, RW, Message:320c0a060a046c6f6731...(size=14), reply=RaftClientReply:client-3B24DF14234E->s2@group-0ACE5BC359E3, cid=177, FAILED org.apache.ratis.protocol.LeaderNotReadyException: s2@group-0ACE5BC359E3 is in LEADER state but not ready yet., logIndex=0, commits[s2:c187, s0:c187, s1:c183]
2019-09-24 12:21:47,792 INFO  client.GrpcClientProtocolService (GrpcClientProtocolService.java:lambda$processClientRequest$0(278)) - Failed RaftClientRequest:client-3B24DF14234E->s2@group-0ACE5BC359E3, cid=177, seq=0, RW, Message:320c0a060a046c6f6731...(size=14), reply=RaftClientReply:client-3B24DF14234E->s2@group-0ACE5BC359E3, cid=177, FAILED org.apache.ratis.protocol.LeaderNotReadyException: s2@group-0ACE5BC359E3 is in LEADER state but not ready yet., logIndex=0, commits[s2:c187, s0:c187, s1:c183]
2019-09-24 12:21:47,794 INFO  client.GrpcClientProtocolService (GrpcClientProtocolService.java:lambda$processClientRequest$0(278)) - Failed RaftClientRequest:client-3B24DF14234E->s2@group-0ACE5BC359E3, cid=177, seq=0, RW, Message:320c0a060a046c6f6731...(size=14), reply=RaftClientReply:client-3B24DF14234E->s2@group-0ACE5BC359E3, cid=177, FAILED org.apache.ratis.protocol.LeaderNotReadyException: s2@group-0ACE5BC359E3 is in LEADER state but not ready yet., logIndex=0, commits[s2:c187, s0:c187, s1:c183]
2019-09-24 12:21:47,795 INFO  client.GrpcClientProtocolService (GrpcClientProtocolService.java:lambda$processClientRequest$0(278)) - Failed RaftClientRequest:client-3B24DF14234E->s2@group-0ACE5BC359E3, cid=177, seq=0, RW, Message:320c0a060a046c6f6731...(size=14), reply=RaftClientReply:client-3B24DF14234E->s2@group-0ACE5BC359E3, cid=177, FAILED org.apache.ratis.protocol.LeaderNotReadyException: s2@group-0ACE5BC359E3 is in LEADER state but not ready yet., logIndex=0, commits[s2:c187, s0:c187, s1:c183]
2019-09-24 12:21:47,797 INFO  client.GrpcClientProtocolService (GrpcClientProtocolService.java:lambda$processClientRequest$0(278)) - Failed RaftClientRequest:client-3B24DF14234E->s2@group-0ACE5BC359E3, cid=177, seq=0, RW, Message:320c0a060a046c6f6731...(size=14), reply=RaftClientReply:client-3B24DF14234E->s2@group-0ACE5BC359E3, cid=177, FAILED org.apache.ratis.protocol.LeaderNotReadyException: s2@group-0ACE5BC359E3 is in LEADER state but not ready yet., logIndex=0, commits[s2:c187, s0:c187, s1:c183]
2019-09-24 12:21:47,799 INFO  client.GrpcClientProtocolService (GrpcClientProtocolService.java:lambda$processClientRequest$0(278)) - Failed RaftClientRequest:client-3B24DF14234E->s2@group-0ACE5BC359E3, cid=177, seq=0, RW, Message:320c0a060a046c6f6731...(size=14), reply=RaftClientReply:client-3B24DF14234E->s2@group-0ACE5BC359E3, cid=177, FAILED org.apache.ratis.protocol.LeaderNotReadyException: s2@group-0ACE5BC359E3 is in LEADER state but not ready yet., logIndex=0, commits[s2:c187, s0:c187, s1:c183]
2019-09-24 12:21:47,801 INFO  client.GrpcClientProtocolService (GrpcClientProtocolService.java:lambda$processClientRequest$0(278)) - Failed RaftClientRequest:client-3B24DF14234E->s2@group-0ACE5BC359E3, cid=177, seq=0, RW, Message:320c0a060a046c6f6731...(size=14), reply=RaftClientReply:client-3B24DF14234E->s2@group-0ACE5BC359E3, cid=177, FAILED org.apache.ratis.protocol.LeaderNotReadyException: s2@group-0ACE5BC359E3 is in LEADER state but not ready yet., logIndex=0, commits[s2:c187, s0:c187, s1:c183]
2019-09-24 12:21:47,802 INFO  client.GrpcClientProtocolService (GrpcClientProtocolService.java:lambda$processClientRequest$0(278)) - Failed RaftClientRequest:client-3B24DF14234E->s2@group-0ACE5BC359E3, cid=177, seq=0, RW, Message:320c0a060a046c6f6731...(size=14), reply=RaftClientReply:client-3B24DF14234E->s2@group-0ACE5BC359E3, cid=177, FAILED org.apache.ratis.protocol.LeaderNotReadyException: s2@group-0ACE5BC359E3 is in LEADER state but not ready yet., logIndex=0, commits[s2:c187, s0:c187, s1:c183]
2019-09-24 12:21:47,804 INFO  client.GrpcClientProtocolService (GrpcClientProtocolService.java:lambda$processClientRequest$0(278)) - Failed RaftClientRequest:client-3B24DF14234E->s2@group-0ACE5BC359E3, cid=177, seq=0, RW, Message:320c0a060a046c6f6731...(size=14), reply=RaftClientReply:client-3B24DF14234E->s2@group-0ACE5BC359E3, cid=177, FAILED org.apache.ratis.protocol.LeaderNotReadyException: s2@group-0ACE5BC359E3 is in LEADER state but not ready yet., logIndex=0, commits[s2:c187, s0:c187, s1:c183]
2019-09-24 12:21:47,805 INFO  client.GrpcClientProtocolService (GrpcClientProtocolService.java:lambda$processClientRequest$0(278)) - Failed RaftClientRequest:client-3B24DF14234E->s2@group-0ACE5BC359E3, cid=177, seq=0, RW, Message:320c0a060a046c6f6731...(size=14), reply=RaftClientReply:client-3B24DF14234E->s2@group-0ACE5BC359E3, cid=177, FAILED org.apache.ratis.protocol.LeaderNotReadyException: s2@group-0ACE5BC359E3 is in LEADER state but not ready yet., logIndex=0, commits[s2:c187, s0:c187, s1:c183]
2019-09-24 12:21:47,807 INFO  client.GrpcClientProtocolService (GrpcClientProtocolService.java:lambda$processClientRequest$0(278)) - Failed RaftClientRequest:client-3B24DF14234E->s2@group-0ACE5BC359E3, cid=177, seq=0, RW, Message:320c0a060a046c6f6731...(size=14), reply=RaftClientReply:client-3B24DF14234E->s2@group-0ACE5BC359E3, cid=177, FAILED org.apache.ratis.protocol.LeaderNotReadyException: s2@group-0ACE5BC359E3 is in LEADER state but not ready yet., logIndex=0, commits[s2:c187, s0:c187, s1:c183]
2019-09-24 12:21:47,809 INFO  client.GrpcClientProtocolService (GrpcClientProtocolService.java:lambda$processClientRequest$0(278)) - Failed RaftClientRequest:client-3B24DF14234E->s2@group-0ACE5BC359E3, cid=177, seq=0, RW, Message:320c0a060a046c6f6731...(size=14), reply=RaftClientReply:client-3B24DF14234E->s2@group-0ACE5BC359E3, cid=177, FAILED org.apache.ratis.protocol.LeaderNotReadyException: s2@group-0ACE5BC359E3 is in LEADER state but not ready yet., logIndex=0, commits[s2:c187, s0:c187, s1:c183]
2019-09-24 12:21:47,810 INFO  client.GrpcClientProtocolService (GrpcClientProtocolService.java:lambda$processClientRequest$0(278)) - Failed RaftClientRequest:client-3B24DF14234E->s2@group-0ACE5BC359E3, cid=177, seq=0, RW, Message:320c0a060a046c6f6731...(size=14), reply=RaftClientReply:client-3B24DF14234E->s2@group-0ACE5BC359E3, cid=177, FAILED org.apache.ratis.protocol.LeaderNotReadyException: s2@group-0ACE5BC359E3 is in LEADER state but not ready yet., logIndex=0, commits[s2:c187, s0:c187, s1:c183]
2019-09-24 12:21:47,812 INFO  client.GrpcClientProtocolService (GrpcClientProtocolService.java:lambda$processClientRequest$0(278)) - Failed RaftClientRequest:client-3B24DF14234E->s2@group-0ACE5BC359E3, cid=177, seq=0, RW, Message:320c0a060a046c6f6731...(size=14), reply=RaftClientReply:client-3B24DF14234E->s2@group-0ACE5BC359E3, cid=177, FAILED org.apache.ratis.protocol.LeaderNotReadyException: s2@group-0ACE5BC359E3 is in LEADER state but not ready yet., logIndex=0, commits[s2:c187, s0:c187, s1:c183]
2019-09-24 12:21:47,814 INFO  client.GrpcClientProtocolService (GrpcClientProtocolService.java:lambda$processClientRequest$0(278)) - Failed RaftClientRequest:client-3B24DF14234E->s2@group-0ACE5BC359E3, cid=177, seq=0, RW, Message:320c0a060a046c6f6731...(size=14), reply=RaftClientReply:client-3B24DF14234E->s2@group-0ACE5BC359E3, cid=177, FAILED org.apache.ratis.protocol.LeaderNotReadyException: s2@group-0ACE5BC359E3 is in LEADER state but not ready yet., logIndex=0, commits[s2:c187, s0:c187, s1:c183]
2019-09-24 12:21:47,816 INFO  client.GrpcClientProtocolService (GrpcClientProtocolService.java:lambda$processClientRequest$0(278)) - Failed RaftClientRequest:client-3B24DF14234E->s2@group-0ACE5BC359E3, cid=177, seq=0, RW, Message:320c0a060a046c6f6731...(size=14), reply=RaftClientReply:client-3B24DF14234E->s2@group-0ACE5BC359E3, cid=177, FAILED org.apache.ratis.protocol.LeaderNotReadyException: s2@group-0ACE5BC359E3 is in LEADER state but not ready yet., logIndex=0, commits[s2:c187, s0:c187, s1:c183]
2019-09-24 12:21:47,818 INFO  client.GrpcClientProtocolService (GrpcClientProtocolService.java:lambda$processClientRequest$0(278)) - Failed RaftClientRequest:client-3B24DF14234E->s2@group-0ACE5BC359E3, cid=177, seq=0, RW, Message:320c0a060a046c6f6731...(size=14), reply=RaftClientReply:client-3B24DF14234E->s2@group-0ACE5BC359E3, cid=177, FAILED org.apache.ratis.protocol.LeaderNotReadyException: s2@group-0ACE5BC359E3 is in LEADER state but not ready yet., logIndex=0, commits[s2:c187, s0:c187, s1:c183]
2019-09-24 12:21:47,820 INFO  client.GrpcClientProtocolService (GrpcClientProtocolService.java:lambda$processClientRequest$0(278)) - Failed RaftClientRequest:client-3B24DF14234E->s2@group-0ACE5BC359E3, cid=177, seq=0, RW, Message:320c0a060a046c6f6731...(size=14), reply=RaftClientReply:client-3B24DF14234E->s2@group-0ACE5BC359E3, cid=177, FAILED org.apache.ratis.protocol.LeaderNotReadyException: s2@group-0ACE5BC359E3 is in LEADER state but not ready yet., logIndex=0, commits[s2:c187, s0:c187, s1:c183]
2019-09-24 12:21:47,823 INFO  client.GrpcClientProtocolService (GrpcClientProtocolService.java:lambda$processClientRequest$0(278)) - Failed RaftClientRequest:client-3B24DF14234E->s2@group-0ACE5BC359E3, cid=177, seq=0, RW, Message:320c0a060a046c6f6731...(size=14), reply=RaftClientReply:client-3B24DF14234E->s2@group-0ACE5BC359E3, cid=177, FAILED org.apache.ratis.protocol.LeaderNotReadyException: s2@group-0ACE5BC359E3 is in LEADER state but not ready yet., logIndex=0, commits[s2:c187, s0:c187, s1:c183]
2019-09-24 12:21:47,824 INFO  client.GrpcClientProtocolService (GrpcClientProtocolService.java:lambda$processClientRequest$0(278)) - Failed RaftClientRequest:client-3B24DF14234E->s2@group-0ACE5BC359E3, cid=177, seq=0, RW, Message:320c0a060a046c6f6731...(size=14), reply=RaftClientReply:client-3B24DF14234E->s2@group-0ACE5BC359E3, cid=177, FAILED org.apache.ratis.protocol.LeaderNotReadyException: s2@group-0ACE5BC359E3 is in LEADER state but not ready yet., logIndex=0, commits[s2:c187, s0:c187, s1:c183]
2019-09-24 12:21:47,826 INFO  client.GrpcClientProtocolService (GrpcClientProtocolService.java:lambda$processClientRequest$0(278)) - Failed RaftClientRequest:client-3B24DF14234E->s2@group-0ACE5BC359E3, cid=177, seq=0, RW, Message:320c0a060a046c6f6731...(size=14), reply=RaftClientReply:client-3B24DF14234E->s2@group-0ACE5BC359E3, cid=177, FAILED org.apache.ratis.protocol.LeaderNotReadyException: s2@group-0ACE5BC359E3 is in LEADER state but not ready yet., logIndex=0, commits[s2:c187, s0:c187, s1:c183]
2019-09-24 12:21:47,828 INFO  client.GrpcClientProtocolService (GrpcClientProtocolService.java:lambda$processClientRequest$0(278)) - Failed RaftClientRequest:client-3B24DF14234E->s2@group-0ACE5BC359E3, cid=177, seq=0, RW, Message:320c0a060a046c6f6731...(size=14), reply=RaftClientReply:client-3B24DF14234E->s2@group-0ACE5BC359E3, cid=177, FAILED org.apache.ratis.protocol.LeaderNotReadyException: s2@group-0ACE5BC359E3 is in LEADER state but not ready yet., logIndex=0, commits[s2:c187, s0:c187, s1:c183]
2019-09-24 12:21:47,830 INFO  client.GrpcClientProtocolService (GrpcClientProtocolService.java:lambda$processClientRequest$0(278)) - Failed RaftClientRequest:client-3B24DF14234E->s2@group-0ACE5BC359E3, cid=177, seq=0, RW, Message:320c0a060a046c6f6731...(size=14), reply=RaftClientReply:client-3B24DF14234E->s2@group-0ACE5BC359E3, cid=177, FAILED org.apache.ratis.protocol.LeaderNotReadyException: s2@group-0ACE5BC359E3 is in LEADER state but not ready yet., logIndex=0, commits[s2:c187, s0:c187, s1:c183]
2019-09-24 12:21:47,832 INFO  client.GrpcClientProtocolService (GrpcClientProtocolService.java:lambda$processClientRequest$0(278)) - Failed RaftClientRequest:client-3B24DF14234E->s2@group-0ACE5BC359E3, cid=177, seq=0, RW, Message:320c0a060a046c6f6731...(size=14), reply=RaftClientReply:client-3B24DF14234E->s2@group-0ACE5BC359E3, cid=177, FAILED org.apache.ratis.protocol.LeaderNotReadyException: s2@group-0ACE5BC359E3 is in LEADER state but not ready yet., logIndex=0, commits[s2:c187, s0:c187, s1:c183]
2019-09-24 12:21:47,834 INFO  client.GrpcClientProtocolService (GrpcClientProtocolService.java:lambda$processClientRequest$0(278)) - Failed RaftClientRequest:client-3B24DF14234E->s2@group-0ACE5BC359E3, cid=177, seq=0, RW, Message:320c0a060a046c6f6731...(size=14), reply=RaftClientReply:client-3B24DF14234E->s2@group-0ACE5BC359E3, cid=177, FAILED org.apache.ratis.protocol.LeaderNotReadyException: s2@group-0ACE5BC359E3 is in LEADER state but not ready yet., logIndex=0, commits[s2:c187, s0:c187, s1:c183]
2019-09-24 12:21:47,835 INFO  segmented.SegmentedRaftLogWorker (SegmentedRaftLogWorker.java:execute(569)) - s0@group-0ACE5BC359E3-SegmentedRaftLogWorker: created new log segment /workdir/ratis-logservice/target/test/data/c8cb145d/MiniRaftClusterWithGrpc578cf3c7/s0/5e10c782-1847-4d20-8fc0-0ace5bc359e3/current/log_inprogress_190
2019-09-24 12:21:47,835 INFO  segmented.SegmentedRaftLogWorker (SegmentedRaftLogWorker.java:execute(569)) - s2@group-0ACE5BC359E3-SegmentedRaftLogWorker: created new log segment /workdir/ratis-logservice/target/test/data/c8cb145d/MiniRaftClusterWithGrpc578cf3c7/s2/5e10c782-1847-4d20-8fc0-0ace5bc359e3/current/log_inprogress_190
2019-09-24 12:21:47,835 INFO  segmented.SegmentedRaftLogWorker (SegmentedRaftLogWorker.java:execute(569)) - s1@group-0ACE5BC359E3-SegmentedRaftLogWorker: created new log segment /workdir/ratis-logservice/target/test/data/c8cb145d/MiniRaftClusterWithGrpc578cf3c7/s1/5e10c782-1847-4d20-8fc0-0ace5bc359e3/current/log_inprogress_190
2019-09-24 12:21:47,836 INFO  client.GrpcClientProtocolService (GrpcClientProtocolService.java:lambda$processClientRequest$0(278)) - Failed RaftClientRequest:client-3B24DF14234E->s2@group-0ACE5BC359E3, cid=177, seq=0, RW, Message:320c0a060a046c6f6731...(size=14), reply=RaftClientReply:client-3B24DF14234E->s2@group-0ACE5BC359E3, cid=177, FAILED org.apache.ratis.protocol.LeaderNotReadyException: s2@group-0ACE5BC359E3 is in LEADER state but not ready yet., logIndex=0, commits[s2:c187, s0:c187, s1:c183]
2019-09-24 12:21:47,838 INFO  client.GrpcClientProtocolService (GrpcClientProtocolService.java:lambda$processClientRequest$0(278)) - Failed RaftClientRequest:client-3B24DF14234E->s2@group-0ACE5BC359E3, cid=177, seq=0, RW, Message:320c0a060a046c6f6731...(size=14), reply=RaftClientReply:client-3B24DF14234E->s2@group-0ACE5BC359E3, cid=177, FAILED org.apache.ratis.protocol.LeaderNotReadyException: s2@group-0ACE5BC359E3 is in LEADER state but not ready yet., logIndex=0, commits[s2:c187, s0:c187, s1:c183]
2019-09-24 12:21:47,840 INFO  client.GrpcClientProtocolService (GrpcClientProtocolService.java:lambda$processClientRequest$0(278)) - Failed RaftClientRequest:client-3B24DF14234E->s2@group-0ACE5BC359E3, cid=177, seq=0, RW, Message:320c0a060a046c6f6731...(size=14), reply=RaftClientReply:client-3B24DF14234E->s2@group-0ACE5BC359E3, cid=177, FAILED org.apache.ratis.protocol.LeaderNotReadyException: s2@group-0ACE5BC359E3 is in LEADER state but not ready yet., logIndex=0, commits[s2:c187, s0:c187, s1:c183]
2019-09-24 12:21:47,841 INFO  client.GrpcClientProtocolService (GrpcClientProtocolService.java:lambda$processClientRequest$0(278)) - Failed RaftClientRequest:client-3B24DF14234E->s2@group-0ACE5BC359E3, cid=177, seq=0, RW, Message:320c0a060a046c6f6731...(size=14), reply=RaftClientReply:client-3B24DF14234E->s2@group-0ACE5BC359E3, cid=177, FAILED org.apache.ratis.protocol.LeaderNotReadyException: s2@group-0ACE5BC359E3 is in LEADER state but not ready yet., logIndex=0, commits[s2:c187, s0:c187, s1:c183]
2019-09-24 12:21:47,951 DEBUG logservice.LogServiceReadWriteBase (LogServiceReadWriteBase.java:testSeeking(233)) - Seek and read'ing records
2019-09-24 12:21:47,951 INFO  logservice.LogServiceReadWriteBase (LogServiceReadWriteBase.java:testSeeking(236)) - Seeking to 9
2019-09-24 12:21:47,952 INFO  logservice.LogServiceReadWriteBase (LogServiceReadWriteBase.java:testSeeking(238)) - Reading one record
2019-09-24 12:21:47,954 INFO  logservice.LogServiceReadWriteBase (LogServiceReadWriteBase.java:testSeeking(236)) - Seeking to 19
2019-09-24 12:21:47,955 INFO  logservice.LogServiceReadWriteBase (LogServiceReadWriteBase.java:testSeeking(238)) - Reading one record
2019-09-24 12:21:47,957 INFO  logservice.LogServiceReadWriteBase (LogServiceReadWriteBase.java:testSeeking(236)) - Seeking to 29
2019-09-24 12:21:47,957 INFO  logservice.LogServiceReadWriteBase (LogServiceReadWriteBase.java:testSeeking(238)) - Reading one record
2019-09-24 12:21:47,959 INFO  logservice.LogServiceReadWriteBase (LogServiceReadWriteBase.java:testSeeking(236)) - Seeking to 39
2019-09-24 12:21:47,959 INFO  logservice.LogServiceReadWriteBase (LogServiceReadWriteBase.java:testSeeking(238)) - Reading one record
2019-09-24 12:21:47,961 INFO  logservice.LogServiceReadWriteBase (LogServiceReadWriteBase.java:testSeeking(236)) - Seeking to 49
2019-09-24 12:21:47,961 INFO  logservice.LogServiceReadWriteBase (LogServiceReadWriteBase.java:testSeeking(238)) - Reading one record
2019-09-24 12:21:47,964 INFO  logservice.LogServiceReadWriteBase (LogServiceReadWriteBase.java:testSeeking(236)) - Seeking to 59
2019-09-24 12:21:47,964 INFO  logservice.LogServiceReadWriteBase (LogServiceReadWriteBase.java:testSeeking(238)) - Reading one record
2019-09-24 12:21:47,966 INFO  logservice.LogServiceReadWriteBase (LogServiceReadWriteBase.java:testSeeking(236)) - Seeking to 69
2019-09-24 12:21:47,966 INFO  logservice.LogServiceReadWriteBase (LogServiceReadWriteBase.java:testSeeking(238)) - Reading one record
2019-09-24 12:21:47,968 INFO  logservice.LogServiceReadWriteBase (LogServiceReadWriteBase.java:testSeeking(236)) - Seeking to 79
2019-09-24 12:21:47,969 INFO  logservice.LogServiceReadWriteBase (LogServiceReadWriteBase.java:testSeeking(238)) - Reading one record
2019-09-24 12:21:47,971 INFO  logservice.LogServiceReadWriteBase (LogServiceReadWriteBase.java:testSeeking(236)) - Seeking to 89
2019-09-24 12:21:47,971 INFO  logservice.LogServiceReadWriteBase (LogServiceReadWriteBase.java:testSeeking(238)) - Reading one record
2019-09-24 12:21:47,974 INFO  logservice.LogServiceReadWriteBase (LogServiceReadWriteBase.java:testSeeking(236)) - Seeking to 99
2019-09-24 12:21:47,974 INFO  logservice.LogServiceReadWriteBase (LogServiceReadWriteBase.java:testSeeking(238)) - Reading one record
2019-09-24 12:21:47,977 INFO  ratis.MiniRaftCluster (MiniRaftCluster.java:shutdown(700)) - ************************************************************** 
2019-09-24 12:21:47,977 INFO  ratis.MiniRaftCluster (MiniRaftCluster.java:shutdown(701)) - *** 
2019-09-24 12:21:47,977 INFO  ratis.MiniRaftCluster (MiniRaftCluster.java:shutdown(702)) - ***     Stopping MiniRaftClusterWithGrpc
2019-09-24 12:21:47,977 INFO  ratis.MiniRaftCluster (MiniRaftCluster.java:shutdown(703)) - *** 
2019-09-24 12:21:47,977 INFO  ratis.MiniRaftCluster (MiniRaftCluster.java:shutdown(704)) - ************************************************************** 
2019-09-24 12:21:47,978 INFO  ratis.MiniRaftCluster (MiniRaftCluster.java:shutdown(705)) - printing ALL groups
  s0:  RUNNING  FOLLOWER s0@group-0ACE5BC359E3:t3, leader=s2, voted=s0, raftlog=s0@group-0ACE5BC359E3-SegmentedRaftLog:OPENED:c200,f201,i201, conf=190: [s0:0.0.0.0:45731, s1:0.0.0.0:43575, s2:0.0.0.0:36170], old=null RUNNING
  s1:  RUNNING  FOLLOWER s1@group-0ACE5BC359E3:t3, leader=s2, voted=s2, raftlog=s1@group-0ACE5BC359E3-SegmentedRaftLog:OPENED:c200,f201,i201, conf=190: [s0:0.0.0.0:45731, s1:0.0.0.0:43575, s2:0.0.0.0:36170], old=null RUNNING
  s2:  RUNNING    LEADER s2@group-0ACE5BC359E3:t3, leader=s2, voted=s2, raftlog=s2@group-0ACE5BC359E3-SegmentedRaftLog:OPENED:c201,f201,i201, conf=190: [s0:0.0.0.0:45731, s1:0.0.0.0:43575, s2:0.0.0.0:36170], old=null RUNNING
2019-09-24 12:21:47,979 INFO  impl.RaftServerProxy (RaftServerProxy.java:lambda$close$4(314)) - s0: close
2019-09-24 12:21:47,979 INFO  impl.RaftServerProxy (RaftServerProxy.java:lambda$close$4(314)) - s1: close
2019-09-24 12:21:47,980 INFO  impl.RaftServerImpl (RaftServerImpl.java:lambda$shutdown$3(247)) - s0@group-0ACE5BC359E3: shutdown
2019-09-24 12:21:47,980 INFO  impl.RaftServerImpl (RaftServerImpl.java:lambda$shutdown$3(247)) - s1@group-0ACE5BC359E3: shutdown
2019-09-24 12:21:47,979 INFO  impl.RaftServerProxy (RaftServerProxy.java:lambda$close$4(314)) - s2: close
2019-09-24 12:21:47,981 INFO  util.JmxRegister (JmxRegister.java:unregister(73)) - Successfully un-registered JMX Bean with object name Ratis:service=RaftServer,group=group-0ACE5BC359E3,id=s1
2019-09-24 12:21:47,981 INFO  util.JmxRegister (JmxRegister.java:unregister(73)) - Successfully un-registered JMX Bean with object name Ratis:service=RaftServer,group=group-0ACE5BC359E3,id=s0
2019-09-24 12:21:47,982 INFO  impl.RoleInfo (RoleInfo.java:shutdownFollowerState(121)) - s1: shutdown FollowerState
2019-09-24 12:21:47,981 INFO  impl.RaftServerImpl (RaftServerImpl.java:lambda$shutdown$3(247)) - s2@group-0ACE5BC359E3: shutdown
2019-09-24 12:21:47,982 INFO  impl.FollowerState (FollowerState.java:run(117)) - s1@group-0ACE5BC359E3-FollowerState was interrupted: java.lang.InterruptedException: sleep interrupted
2019-09-24 12:21:47,982 INFO  impl.StateMachineUpdater (StateMachineUpdater.java:stopAndJoin(136)) - s1@group-0ACE5BC359E3-StateMachineUpdater: set stopIndex = 200
2019-09-24 12:21:47,982 INFO  impl.RoleInfo (RoleInfo.java:shutdownFollowerState(121)) - s0: shutdown FollowerState
2019-09-24 12:21:47,983 INFO  impl.RaftServerImpl (ServerState.java:close(386)) - s1@group-0ACE5BC359E3: closes. applyIndex: 200
2019-09-24 12:21:47,984 INFO  impl.FollowerState (FollowerState.java:run(117)) - s0@group-0ACE5BC359E3-FollowerState was interrupted: java.lang.InterruptedException: sleep interrupted
2019-09-24 12:21:47,983 INFO  util.JmxRegister (JmxRegister.java:unregister(73)) - Successfully un-registered JMX Bean with object name Ratis:service=RaftServer,group=group-0ACE5BC359E3,id=s2
2019-09-24 12:21:47,985 INFO  impl.RoleInfo (RoleInfo.java:shutdownLeaderState(104)) - s2: shutdown LeaderState
2019-09-24 12:21:47,984 INFO  impl.StateMachineUpdater (StateMachineUpdater.java:stopAndJoin(136)) - s0@group-0ACE5BC359E3-StateMachineUpdater: set stopIndex = 200
2019-09-24 12:21:47,986 WARN  server.GrpcLogAppender (GrpcLogAppender.java:mayWait(143)) - s2@group-0ACE5BC359E3->s0-GrpcLogAppender: Wait interrupted by java.lang.InterruptedException
2019-09-24 12:21:47,986 WARN  server.GrpcLogAppender (GrpcLogAppender.java:mayWait(143)) - s2@group-0ACE5BC359E3->s1-GrpcLogAppender: Wait interrupted by java.lang.InterruptedException
2019-09-24 12:21:47,986 INFO  impl.PendingRequests (PendingRequests.java:sendNotLeaderResponses(202)) - s2@group-0ACE5BC359E3-PendingRequests: sendNotLeaderResponses
2019-09-24 12:21:47,985 INFO  segmented.SegmentedRaftLogWorker (SegmentedRaftLogWorker.java:run(313)) - s1@group-0ACE5BC359E3-SegmentedRaftLogWorker was interrupted, exiting. There are 0 tasks remaining in the queue.
2019-09-24 12:21:47,988 INFO  server.GrpcServerProtocolService (GrpcServerProtocolService.java:onCompleted(113)) - s0: Completed APPEND_ENTRIES, lastRequest: s2->s0#14-t3, previous=(t:3, i:200), leaderCommit=200, initializing? false, entries: size=1, first=(t:3, i:201), METADATAENTRY(c200)
2019-09-24 12:21:47,988 INFO  impl.StateMachineUpdater (StateMachineUpdater.java:stopAndJoin(136)) - s2@group-0ACE5BC359E3-StateMachineUpdater: set stopIndex = 201
2019-09-24 12:21:47,986 INFO  impl.RaftServerImpl (ServerState.java:close(386)) - s0@group-0ACE5BC359E3: closes. applyIndex: 200
2019-09-24 12:21:47,989 INFO  server.GrpcLogAppender (GrpcLogAppender.java:onCompleted(293)) - s2@group-0ACE5BC359E3->s0-AppendLogResponseHandler: follower responses appendEntries COMPLETED
2019-09-24 12:21:47,989 INFO  impl.RaftServerImpl (ServerState.java:close(386)) - s2@group-0ACE5BC359E3: closes. applyIndex: 201
2019-09-24 12:21:47,989 INFO  server.GrpcServerProtocolService (GrpcServerProtocolService.java:onCompleted(113)) - s1: Completed APPEND_ENTRIES, lastRequest: s2->s1#14-t3, previous=(t:3, i:200), leaderCommit=200, initializing? false, entries: size=1, first=(t:3, i:201), METADATAENTRY(c200)
2019-09-24 12:21:47,990 INFO  segmented.SegmentedRaftLogWorker (SegmentedRaftLogWorker.java:run(313)) - s0@group-0ACE5BC359E3-SegmentedRaftLogWorker was interrupted, exiting. There are 0 tasks remaining in the queue.
2019-09-24 12:21:47,991 INFO  segmented.SegmentedRaftLogWorker (SegmentedRaftLogWorker.java:run(313)) - s2@group-0ACE5BC359E3-SegmentedRaftLogWorker was interrupted, exiting. There are 0 tasks remaining in the queue.
2019-09-24 12:21:47,991 INFO  segmented.SegmentedRaftLogWorker (SegmentedRaftLogWorker.java:close(228)) - s1@group-0ACE5BC359E3-SegmentedRaftLogWorker close()
2019-09-24 12:21:47,993 INFO  server.GrpcLogAppender (GrpcLogAppender.java:onCompleted(293)) - s2@group-0ACE5BC359E3->s1-AppendLogResponseHandler: follower responses appendEntries COMPLETED
2019-09-24 12:21:47,993 INFO  impl.FollowerInfo (FollowerInfo.java:lambda$new$0(51)) - s2@group-0ACE5BC359E3->s0: nextIndex: updateUnconditionally 202 -> 201
2019-09-24 12:21:47,995 INFO  segmented.SegmentedRaftLogWorker (SegmentedRaftLogWorker.java:close(228)) - s0@group-0ACE5BC359E3-SegmentedRaftLogWorker close()
2019-09-24 12:21:47,995 INFO  segmented.SegmentedRaftLogWorker (SegmentedRaftLogWorker.java:close(228)) - s2@group-0ACE5BC359E3-SegmentedRaftLogWorker close()
2019-09-24 12:21:47,995 INFO  server.GrpcService (GrpcService.java:closeImpl(164)) - s1: shutdown server with port 43575 now
2019-09-24 12:21:47,996 INFO  impl.FollowerInfo (FollowerInfo.java:lambda$new$0(51)) - s2@group-0ACE5BC359E3->s1: nextIndex: updateUnconditionally 202 -> 201
2019-09-24 12:21:47,996 INFO  server.GrpcService (GrpcService.java:closeImpl(164)) - s0: shutdown server with port 45731 now
2019-09-24 12:21:47,997 INFO  server.GrpcService (GrpcService.java:closeImpl(164)) - s2: shutdown server with port 36170 now
2019-09-24 12:21:48,000 INFO  server.GrpcService (GrpcService.java:closeImpl(172)) - s2: shutdown server with port 36170 successfully
2019-09-24 12:21:48,000 INFO  server.GrpcService (GrpcService.java:closeImpl(172)) - s1: shutdown server with port 43575 successfully
2019-09-24 12:21:48,002 INFO  server.GrpcService (GrpcService.java:closeImpl(172)) - s0: shutdown server with port 45731 successfully
2019-09-24 12:21:48,002 INFO  ratis.MiniRaftCluster (MiniRaftCluster.java:shutdown(722)) - MiniRaftClusterWithGrpc shutdown completed
]]></system-out>
    <system-err><![CDATA[Sep 24, 2019 12:21:47 PM org.apache.ratis.thirdparty.io.grpc.internal.ManagedChannelOrphanWrapper$ManagedChannelReference cleanQueue
SEVERE: *~*~*~ Channel ManagedChannelImpl{logId=89, target=0.0.0.0:38648} was not shutdown properly!!! ~*~*~*
    Make sure to call shutdown()/shutdownNow() and wait until awaitTermination() returns true.
java.lang.RuntimeException: ManagedChannel allocation site
	at org.apache.ratis.thirdparty.io.grpc.internal.ManagedChannelOrphanWrapper$ManagedChannelReference.<init>(ManagedChannelOrphanWrapper.java:103)
	at org.apache.ratis.thirdparty.io.grpc.internal.ManagedChannelOrphanWrapper.<init>(ManagedChannelOrphanWrapper.java:53)
	at org.apache.ratis.thirdparty.io.grpc.internal.ManagedChannelOrphanWrapper.<init>(ManagedChannelOrphanWrapper.java:44)
	at org.apache.ratis.thirdparty.io.grpc.internal.AbstractManagedChannelImplBuilder.build(AbstractManagedChannelImplBuilder.java:411)
	at org.apache.ratis.grpc.client.GrpcClientProtocolClient.<init>(GrpcClientProtocolClient.java:128)
	at org.apache.ratis.grpc.client.GrpcClientRpc.lambda$new$0(GrpcClientRpc.java:55)
	at org.apache.ratis.util.PeerProxyMap$PeerAndProxy.lambda$getProxy$0(PeerProxyMap.java:61)
	at org.apache.ratis.util.LifeCycle.startAndTransition(LifeCycle.java:202)
	at org.apache.ratis.util.PeerProxyMap$PeerAndProxy.getProxy(PeerProxyMap.java:60)
	at org.apache.ratis.util.PeerProxyMap.getProxy(PeerProxyMap.java:108)
	at org.apache.ratis.grpc.client.GrpcClientRpc.sendRequest(GrpcClientRpc.java:91)
	at org.apache.ratis.client.impl.RaftClientImpl.sendRequest(RaftClientImpl.java:278)
	at org.apache.ratis.client.impl.RaftClientImpl.sendRequestWithRetry(RaftClientImpl.java:246)
	at org.apache.ratis.client.impl.RaftClientImpl.send(RaftClientImpl.java:182)
	at org.apache.ratis.client.impl.RaftClientImpl.send(RaftClientImpl.java:156)
	at org.apache.ratis.logservice.impl.LogWriterImpl.write(LogWriterImpl.java:70)
	at org.apache.ratis.logservice.LogServiceReadWriteBase.testSeekFromWrite(LogServiceReadWriteBase.java:269)
	at sun.reflect.NativeMethodAccessorImpl.invoke0(Native Method)
	at sun.reflect.NativeMethodAccessorImpl.invoke(NativeMethodAccessorImpl.java:62)
	at sun.reflect.DelegatingMethodAccessorImpl.invoke(DelegatingMethodAccessorImpl.java:43)
	at java.lang.reflect.Method.invoke(Method.java:498)
	at org.junit.runners.model.FrameworkMethod$1.runReflectiveCall(FrameworkMethod.java:50)
	at org.junit.internal.runners.model.ReflectiveCallable.run(ReflectiveCallable.java:12)
	at org.junit.runners.model.FrameworkMethod.invokeExplosively(FrameworkMethod.java:47)
	at org.junit.internal.runners.statements.InvokeMethod.evaluate(InvokeMethod.java:17)
	at org.junit.internal.runners.statements.RunBefores.evaluate(RunBefores.java:26)
	at org.junit.internal.runners.statements.RunAfters.evaluate(RunAfters.java:27)
	at org.junit.internal.runners.statements.FailOnTimeout$CallableStatement.call(FailOnTimeout.java:298)
	at org.junit.internal.runners.statements.FailOnTimeout$CallableStatement.call(FailOnTimeout.java:292)
	at java.util.concurrent.FutureTask.run(FutureTask.java:266)
	at java.lang.Thread.run(Thread.java:748)

Sep 24, 2019 12:21:47 PM org.apache.ratis.thirdparty.io.grpc.internal.ManagedChannelOrphanWrapper$ManagedChannelReference cleanQueue
SEVERE: *~*~*~ Channel ManagedChannelImpl{logId=45, target=0.0.0.0:44741} was not shutdown properly!!! ~*~*~*
    Make sure to call shutdown()/shutdownNow() and wait until awaitTermination() returns true.
java.lang.RuntimeException: ManagedChannel allocation site
	at org.apache.ratis.thirdparty.io.grpc.internal.ManagedChannelOrphanWrapper$ManagedChannelReference.<init>(ManagedChannelOrphanWrapper.java:103)
	at org.apache.ratis.thirdparty.io.grpc.internal.ManagedChannelOrphanWrapper.<init>(ManagedChannelOrphanWrapper.java:53)
	at org.apache.ratis.thirdparty.io.grpc.internal.ManagedChannelOrphanWrapper.<init>(ManagedChannelOrphanWrapper.java:44)
	at org.apache.ratis.thirdparty.io.grpc.internal.AbstractManagedChannelImplBuilder.build(AbstractManagedChannelImplBuilder.java:411)
	at org.apache.ratis.grpc.client.GrpcClientProtocolClient.<init>(GrpcClientProtocolClient.java:128)
	at org.apache.ratis.grpc.client.GrpcClientRpc.lambda$new$0(GrpcClientRpc.java:55)
	at org.apache.ratis.util.PeerProxyMap$PeerAndProxy.lambda$getProxy$0(PeerProxyMap.java:61)
	at org.apache.ratis.util.LifeCycle.startAndTransition(LifeCycle.java:202)
	at org.apache.ratis.util.PeerProxyMap$PeerAndProxy.getProxy(PeerProxyMap.java:60)
	at org.apache.ratis.util.PeerProxyMap.getProxy(PeerProxyMap.java:108)
	at org.apache.ratis.grpc.client.GrpcClientRpc.sendRequest(GrpcClientRpc.java:91)
	at org.apache.ratis.client.impl.RaftClientImpl.sendRequest(RaftClientImpl.java:278)
	at org.apache.ratis.client.impl.RaftClientImpl.sendRequestWithRetry(RaftClientImpl.java:246)
	at org.apache.ratis.client.impl.RaftClientImpl.send(RaftClientImpl.java:182)
	at org.apache.ratis.client.impl.RaftClientImpl.send(RaftClientImpl.java:156)
	at org.apache.ratis.logservice.impl.LogWriterImpl.write(LogWriterImpl.java:70)
	at org.apache.ratis.logservice.impl.LogWriterImpl.write(LogWriterImpl.java:64)
	at org.apache.ratis.logservice.LogServiceReadWriteBase.testReadAllRecords(LogServiceReadWriteBase.java:188)
	at sun.reflect.NativeMethodAccessorImpl.invoke0(Native Method)
	at sun.reflect.NativeMethodAccessorImpl.invoke(NativeMethodAccessorImpl.java:62)
	at sun.reflect.DelegatingMethodAccessorImpl.invoke(DelegatingMethodAccessorImpl.java:43)
	at java.lang.reflect.Method.invoke(Method.java:498)
	at org.junit.runners.model.FrameworkMethod$1.runReflectiveCall(FrameworkMethod.java:50)
	at org.junit.internal.runners.model.ReflectiveCallable.run(ReflectiveCallable.java:12)
	at org.junit.runners.model.FrameworkMethod.invokeExplosively(FrameworkMethod.java:47)
	at org.junit.internal.runners.statements.InvokeMethod.evaluate(InvokeMethod.java:17)
	at org.junit.internal.runners.statements.RunBefores.evaluate(RunBefores.java:26)
	at org.junit.internal.runners.statements.RunAfters.evaluate(RunAfters.java:27)
	at org.junit.internal.runners.statements.FailOnTimeout$CallableStatement.call(FailOnTimeout.java:298)
	at org.junit.internal.runners.statements.FailOnTimeout$CallableStatement.call(FailOnTimeout.java:292)
	at java.util.concurrent.FutureTask.run(FutureTask.java:266)
	at java.lang.Thread.run(Thread.java:748)

]]></system-err>
  </testcase>
  <testcase name="testLogServiceReadWrite" classname="org.apache.ratis.logservice.TestLogServiceWithGrpc" time="0.687"/>
</testsuite>