<?xml version="1.0" encoding="UTF-8"?>
<testsuite xmlns:xsi="http://www.w3.org/2001/XMLSchema-instance" xsi:noNamespaceSchemaLocation="https://maven.apache.org/surefire/maven-surefire-plugin/xsd/surefire-test-report.xsd" name="org.apache.ratis.logservice.server.TestMetaServer" time="116.309" tests="10" errors="1" skipped="1" failures="0">
  <properties>
    <property name="awt.toolkit" value="sun.awt.X11.XToolkit"/>
    <property name="file.encoding.pkg" value="sun.io"/>
    <property name="java.specification.version" value="1.8"/>
    <property name="sun.cpu.isalist" value=""/>
    <property name="sun.jnu.encoding" value="UTF-8"/>
    <property name="java.class.path" value="/workdir/ratis-logservice/target/test-classes:/workdir/ratis-logservice/target/classes:/workdir/ratis-proto/target/ratis-proto-0.5.0-SNAPSHOT.jar:/home/user/.m2/repository/org/apache/ratis/ratis-thirdparty-misc/0.2.0/ratis-thirdparty-misc-0.2.0.jar:/workdir/ratis-common/target/classes:/home/user/.m2/repository/org/slf4j/slf4j-log4j12/1.7.10/slf4j-log4j12-1.7.10.jar:/workdir/ratis-client/target/classes:/workdir/ratis-server/target/classes:/workdir/ratis-metrics/target/classes:/home/user/.m2/repository/io/dropwizard/metrics/metrics-core/3.2.5/metrics-core-3.2.5.jar:/home/user/.m2/repository/com/github/joshelser/dropwizard-metrics-hadoop-metrics2-reporter/0.1.2/dropwizard-metrics-hadoop-metrics2-reporter-0.1.2.jar:/home/user/.m2/repository/io/dropwizard/metrics/metrics-jvm/3.2.5/metrics-jvm-3.2.5.jar:/home/user/.m2/repository/io/dropwizard/metrics/metrics-ganglia/3.2.5/metrics-ganglia-3.2.5.jar:/home/user/.m2/repository/info/ganglia/gmetric4j/gmetric4j/1.0.7/gmetric4j-1.0.7.jar:/workdir/ratis-grpc/target/classes:/workdir/ratis-netty/target/classes:/home/user/.m2/repository/org/apache/hadoop/hadoop-common/3.1.1/hadoop-common-3.1.1.jar:/home/user/.m2/repository/org/apache/hadoop/hadoop-annotations/3.1.1/hadoop-annotations-3.1.1.jar:/usr/lib/jvm/java-1.8-openjdk/jre/../lib/tools.jar:/home/user/.m2/repository/com/google/guava/guava/11.0.2/guava-11.0.2.jar:/home/user/.m2/repository/commons-cli/commons-cli/1.2/commons-cli-1.2.jar:/home/user/.m2/repository/org/apache/commons/commons-math3/3.1.1/commons-math3-3.1.1.jar:/home/user/.m2/repository/org/apache/httpcomponents/httpclient/4.5.2/httpclient-4.5.2.jar:/home/user/.m2/repository/org/apache/httpcomponents/httpcore/4.4.4/httpcore-4.4.4.jar:/home/user/.m2/repository/commons-codec/commons-codec/1.11/commons-codec-1.11.jar:/home/user/.m2/repository/commons-io/commons-io/2.5/commons-io-2.5.jar:/home/user/.m2/repository/commons-net/commons-net/3.6/commons-net-3.6.jar:/home/user/.m2/repository/commons-collections/commons-collections/3.2.2/commons-collections-3.2.2.jar:/home/user/.m2/repository/javax/servlet/javax.servlet-api/3.1.0/javax.servlet-api-3.1.0.jar:/home/user/.m2/repository/org/eclipse/jetty/jetty-server/9.3.19.v20170502/jetty-server-9.3.19.v20170502.jar:/home/user/.m2/repository/org/eclipse/jetty/jetty-http/9.3.19.v20170502/jetty-http-9.3.19.v20170502.jar:/home/user/.m2/repository/org/eclipse/jetty/jetty-io/9.3.19.v20170502/jetty-io-9.3.19.v20170502.jar:/home/user/.m2/repository/org/eclipse/jetty/jetty-util/9.3.19.v20170502/jetty-util-9.3.19.v20170502.jar:/home/user/.m2/repository/org/eclipse/jetty/jetty-servlet/9.3.19.v20170502/jetty-servlet-9.3.19.v20170502.jar:/home/user/.m2/repository/org/eclipse/jetty/jetty-security/9.3.19.v20170502/jetty-security-9.3.19.v20170502.jar:/home/user/.m2/repository/org/eclipse/jetty/jetty-webapp/9.3.19.v20170502/jetty-webapp-9.3.19.v20170502.jar:/home/user/.m2/repository/org/eclipse/jetty/jetty-xml/9.3.19.v20170502/jetty-xml-9.3.19.v20170502.jar:/home/user/.m2/repository/javax/servlet/jsp/jsp-api/2.1/jsp-api-2.1.jar:/home/user/.m2/repository/com/sun/jersey/jersey-core/1.19/jersey-core-1.19.jar:/home/user/.m2/repository/javax/ws/rs/jsr311-api/1.1.1/jsr311-api-1.1.1.jar:/home/user/.m2/repository/com/sun/jersey/jersey-servlet/1.19/jersey-servlet-1.19.jar:/home/user/.m2/repository/com/sun/jersey/jersey-json/1.19/jersey-json-1.19.jar:/home/user/.m2/repository/org/codehaus/jettison/jettison/1.1/jettison-1.1.jar:/home/user/.m2/repository/com/sun/xml/bind/jaxb-impl/2.2.3-1/jaxb-impl-2.2.3-1.jar:/home/user/.m2/repository/org/codehaus/jackson/jackson-core-asl/1.9.2/jackson-core-asl-1.9.2.jar:/home/user/.m2/repository/org/codehaus/jackson/jackson-mapper-asl/1.9.2/jackson-mapper-asl-1.9.2.jar:/home/user/.m2/repository/org/codehaus/jackson/jackson-jaxrs/1.9.2/jackson-jaxrs-1.9.2.jar:/home/user/.m2/repository/org/codehaus/jackson/jackson-xc/1.9.2/jackson-xc-1.9.2.jar:/home/user/.m2/repository/com/sun/jersey/jersey-server/1.19/jersey-server-1.19.jar:/home/user/.m2/repository/commons-logging/commons-logging/1.1.3/commons-logging-1.1.3.jar:/home/user/.m2/repository/log4j/log4j/1.2.17/log4j-1.2.17.jar:/home/user/.m2/repository/commons-lang/commons-lang/2.6/commons-lang-2.6.jar:/home/user/.m2/repository/commons-beanutils/commons-beanutils/1.9.3/commons-beanutils-1.9.3.jar:/home/user/.m2/repository/org/apache/commons/commons-configuration2/2.1.1/commons-configuration2-2.1.1.jar:/home/user/.m2/repository/org/apache/commons/commons-lang3/3.4/commons-lang3-3.4.jar:/home/user/.m2/repository/org/apache/avro/avro/1.7.7/avro-1.7.7.jar:/home/user/.m2/repository/com/thoughtworks/paranamer/paranamer/2.3/paranamer-2.3.jar:/home/user/.m2/repository/org/xerial/snappy/snappy-java/1.0.5/snappy-java-1.0.5.jar:/home/user/.m2/repository/com/google/re2j/re2j/1.1/re2j-1.1.jar:/home/user/.m2/repository/com/google/protobuf/protobuf-java/2.5.0/protobuf-java-2.5.0.jar:/home/user/.m2/repository/com/google/code/gson/gson/2.2.4/gson-2.2.4.jar:/home/user/.m2/repository/org/apache/hadoop/hadoop-auth/3.1.1/hadoop-auth-3.1.1.jar:/home/user/.m2/repository/com/nimbusds/nimbus-jose-jwt/4.41.1/nimbus-jose-jwt-4.41.1.jar:/home/user/.m2/repository/com/github/stephenc/jcip/jcip-annotations/1.0-1/jcip-annotations-1.0-1.jar:/home/user/.m2/repository/net/minidev/json-smart/2.3/json-smart-2.3.jar:/home/user/.m2/repository/net/minidev/accessors-smart/1.2/accessors-smart-1.2.jar:/home/user/.m2/repository/org/ow2/asm/asm/5.0.4/asm-5.0.4.jar:/home/user/.m2/repository/org/apache/curator/curator-framework/2.12.0/curator-framework-2.12.0.jar:/home/user/.m2/repository/com/jcraft/jsch/0.1.54/jsch-0.1.54.jar:/home/user/.m2/repository/org/apache/curator/curator-client/2.12.0/curator-client-2.12.0.jar:/home/user/.m2/repository/org/apache/curator/curator-recipes/2.12.0/curator-recipes-2.12.0.jar:/home/user/.m2/repository/com/google/code/findbugs/jsr305/3.0.0/jsr305-3.0.0.jar:/home/user/.m2/repository/org/apache/htrace/htrace-core4/4.1.0-incubating/htrace-core4-4.1.0-incubating.jar:/home/user/.m2/repository/org/apache/zookeeper/zookeeper/3.4.9/zookeeper-3.4.9.jar:/home/user/.m2/repository/jline/jline/0.9.94/jline-0.9.94.jar:/home/user/.m2/repository/org/apache/commons/commons-compress/1.4.1/commons-compress-1.4.1.jar:/home/user/.m2/repository/org/tukaani/xz/1.0/xz-1.0.jar:/home/user/.m2/repository/org/apache/kerby/kerb-simplekdc/1.0.1/kerb-simplekdc-1.0.1.jar:/home/user/.m2/repository/org/apache/kerby/kerb-client/1.0.1/kerb-client-1.0.1.jar:/home/user/.m2/repository/org/apache/kerby/kerby-config/1.0.1/kerby-config-1.0.1.jar:/home/user/.m2/repository/org/apache/kerby/kerb-core/1.0.1/kerb-core-1.0.1.jar:/home/user/.m2/repository/org/apache/kerby/kerby-pkix/1.0.1/kerby-pkix-1.0.1.jar:/home/user/.m2/repository/org/apache/kerby/kerby-asn1/1.0.1/kerby-asn1-1.0.1.jar:/home/user/.m2/repository/org/apache/kerby/kerby-util/1.0.1/kerby-util-1.0.1.jar:/home/user/.m2/repository/org/apache/kerby/kerb-common/1.0.1/kerb-common-1.0.1.jar:/home/user/.m2/repository/org/apache/kerby/kerb-crypto/1.0.1/kerb-crypto-1.0.1.jar:/home/user/.m2/repository/org/apache/kerby/kerb-util/1.0.1/kerb-util-1.0.1.jar:/home/user/.m2/repository/org/apache/kerby/token-provider/1.0.1/token-provider-1.0.1.jar:/home/user/.m2/repository/org/apache/kerby/kerb-admin/1.0.1/kerb-admin-1.0.1.jar:/home/user/.m2/repository/org/apache/kerby/kerb-server/1.0.1/kerb-server-1.0.1.jar:/home/user/.m2/repository/org/apache/kerby/kerb-identity/1.0.1/kerb-identity-1.0.1.jar:/home/user/.m2/repository/org/apache/kerby/kerby-xdr/1.0.1/kerby-xdr-1.0.1.jar:/home/user/.m2/repository/com/fasterxml/jackson/core/jackson-databind/2.7.8/jackson-databind-2.7.8.jar:/home/user/.m2/repository/com/fasterxml/jackson/core/jackson-annotations/2.7.0/jackson-annotations-2.7.0.jar:/home/user/.m2/repository/com/fasterxml/jackson/core/jackson-core/2.7.8/jackson-core-2.7.8.jar:/home/user/.m2/repository/org/codehaus/woodstox/stax2-api/3.1.4/stax2-api-3.1.4.jar:/home/user/.m2/repository/com/fasterxml/woodstox/woodstox-core/5.0.3/woodstox-core-5.0.3.jar:/home/user/.m2/repository/com/beust/jcommander/1.72/jcommander-1.72.jar:/home/user/.m2/repository/org/jline/jline/3.9.0/jline-3.9.0.jar:/home/user/.m2/repository/org/slf4j/slf4j-api/1.7.10/slf4j-api-1.7.10.jar:/workdir/ratis-netty/target/test-classes:/workdir/ratis-grpc/target/test-classes:/workdir/ratis-server/target/test-classes:/workdir/ratis-common/target/test-classes:/workdir/ratis-client/target/test-classes:/workdir/ratis-hadoop/target/classes:/workdir/ratis-hadoop/target/test-classes:/home/user/.m2/repository/org/apache/ratis/ratis-thirdparty-hadoop/0.2.0/ratis-thirdparty-hadoop-0.2.0.jar:/home/user/.m2/repository/junit/junit/4.12/junit-4.12.jar:/home/user/.m2/repository/org/hamcrest/hamcrest-core/1.3/hamcrest-core-1.3.jar:/home/user/.m2/repository/org/mockito/mockito-all/1.8.5/mockito-all-1.8.5.jar:/home/user/.m2/repository/org/apache/hadoop/hadoop-hdfs/3.1.1/hadoop-hdfs-3.1.1-tests.jar:/home/user/.m2/repository/org/eclipse/jetty/jetty-util-ajax/9.3.19.v20170502/jetty-util-ajax-9.3.19.v20170502.jar:/home/user/.m2/repository/commons-daemon/commons-daemon/1.0.13/commons-daemon-1.0.13.jar:/home/user/.m2/repository/io/netty/netty/3.10.5.Final/netty-3.10.5.Final.jar:/home/user/.m2/repository/io/netty/netty-all/4.0.52.Final/netty-all-4.0.52.Final.jar:/home/user/.m2/repository/org/fusesource/leveldbjni/leveldbjni-all/1.8/leveldbjni-all-1.8.jar:/home/user/.m2/repository/org/apache/hadoop/hadoop-client/3.1.1/hadoop-client-3.1.1.jar:/home/user/.m2/repository/org/apache/hadoop/hadoop-hdfs-client/3.1.1/hadoop-hdfs-client-3.1.1.jar:/home/user/.m2/repository/com/squareup/okhttp/okhttp/2.7.5/okhttp-2.7.5.jar:/home/user/.m2/repository/com/squareup/okio/okio/1.6.0/okio-1.6.0.jar:/home/user/.m2/repository/org/apache/hadoop/hadoop-yarn-api/3.1.1/hadoop-yarn-api-3.1.1.jar:/home/user/.m2/repository/javax/xml/bind/jaxb-api/2.2.11/jaxb-api-2.2.11.jar:/home/user/.m2/repository/org/apache/hadoop/hadoop-yarn-client/3.1.1/hadoop-yarn-client-3.1.1.jar:/home/user/.m2/repository/org/apache/hadoop/hadoop-mapreduce-client-core/3.1.1/hadoop-mapreduce-client-core-3.1.1.jar:/home/user/.m2/repository/org/apache/hadoop/hadoop-yarn-common/3.1.1/hadoop-yarn-common-3.1.1.jar:/home/user/.m2/repository/com/sun/jersey/jersey-client/1.19/jersey-client-1.19.jar:/home/user/.m2/repository/com/fasterxml/jackson/module/jackson-module-jaxb-annotations/2.7.8/jackson-module-jaxb-annotations-2.7.8.jar:/home/user/.m2/repository/com/fasterxml/jackson/jaxrs/jackson-jaxrs-json-provider/2.7.8/jackson-jaxrs-json-provider-2.7.8.jar:/home/user/.m2/repository/com/fasterxml/jackson/jaxrs/jackson-jaxrs-base/2.7.8/jackson-jaxrs-base-2.7.8.jar:/home/user/.m2/repository/org/apache/hadoop/hadoop-mapreduce-client-jobclient/3.1.1/hadoop-mapreduce-client-jobclient-3.1.1.jar:/home/user/.m2/repository/org/apache/hadoop/hadoop-mapreduce-client-common/3.1.1/hadoop-mapreduce-client-common-3.1.1.jar:/home/user/.m2/repository/org/apache/hadoop/hadoop-hdfs/3.1.1/hadoop-hdfs-3.1.1.jar:/home/user/.m2/repository/org/apache/hadoop/hadoop-common/3.1.1/hadoop-common-3.1.1-tests.jar:"/>
    <property name="java.vm.vendor" value="IcedTea"/>
    <property name="sun.arch.data.model" value="64"/>
    <property name="java.vendor.url" value="https://icedtea.classpath.org"/>
    <property name="user.timezone" value=""/>
    <property name="java.vm.specification.version" value="1.8"/>
    <property name="os.name" value="Linux"/>
    <property name="user.country" value="US"/>
    <property name="sun.java.launcher" value="SUN_STANDARD"/>
    <property name="sun.boot.library.path" value="/usr/lib/jvm/java-1.8-openjdk/jre/lib/amd64"/>
    <property name="sun.java.command" value="/workdir/ratis-logservice/target/surefire/surefirebooter2879092168868956846.jar /workdir/ratis-logservice/target/surefire 2019-09-24T11-55-26_108-jvmRun1 surefire7724547575596429573tmp surefire_845358649308137952139tmp"/>
    <property name="surefire.test.class.path" value="/workdir/ratis-logservice/target/test-classes:/workdir/ratis-logservice/target/classes:/workdir/ratis-proto/target/ratis-proto-0.5.0-SNAPSHOT.jar:/home/user/.m2/repository/org/apache/ratis/ratis-thirdparty-misc/0.2.0/ratis-thirdparty-misc-0.2.0.jar:/workdir/ratis-common/target/classes:/home/user/.m2/repository/org/slf4j/slf4j-log4j12/1.7.10/slf4j-log4j12-1.7.10.jar:/workdir/ratis-client/target/classes:/workdir/ratis-server/target/classes:/workdir/ratis-metrics/target/classes:/home/user/.m2/repository/io/dropwizard/metrics/metrics-core/3.2.5/metrics-core-3.2.5.jar:/home/user/.m2/repository/com/github/joshelser/dropwizard-metrics-hadoop-metrics2-reporter/0.1.2/dropwizard-metrics-hadoop-metrics2-reporter-0.1.2.jar:/home/user/.m2/repository/io/dropwizard/metrics/metrics-jvm/3.2.5/metrics-jvm-3.2.5.jar:/home/user/.m2/repository/io/dropwizard/metrics/metrics-ganglia/3.2.5/metrics-ganglia-3.2.5.jar:/home/user/.m2/repository/info/ganglia/gmetric4j/gmetric4j/1.0.7/gmetric4j-1.0.7.jar:/workdir/ratis-grpc/target/classes:/workdir/ratis-netty/target/classes:/home/user/.m2/repository/org/apache/hadoop/hadoop-common/3.1.1/hadoop-common-3.1.1.jar:/home/user/.m2/repository/org/apache/hadoop/hadoop-annotations/3.1.1/hadoop-annotations-3.1.1.jar:/usr/lib/jvm/java-1.8-openjdk/jre/../lib/tools.jar:/home/user/.m2/repository/com/google/guava/guava/11.0.2/guava-11.0.2.jar:/home/user/.m2/repository/commons-cli/commons-cli/1.2/commons-cli-1.2.jar:/home/user/.m2/repository/org/apache/commons/commons-math3/3.1.1/commons-math3-3.1.1.jar:/home/user/.m2/repository/org/apache/httpcomponents/httpclient/4.5.2/httpclient-4.5.2.jar:/home/user/.m2/repository/org/apache/httpcomponents/httpcore/4.4.4/httpcore-4.4.4.jar:/home/user/.m2/repository/commons-codec/commons-codec/1.11/commons-codec-1.11.jar:/home/user/.m2/repository/commons-io/commons-io/2.5/commons-io-2.5.jar:/home/user/.m2/repository/commons-net/commons-net/3.6/commons-net-3.6.jar:/home/user/.m2/repository/commons-collections/commons-collections/3.2.2/commons-collections-3.2.2.jar:/home/user/.m2/repository/javax/servlet/javax.servlet-api/3.1.0/javax.servlet-api-3.1.0.jar:/home/user/.m2/repository/org/eclipse/jetty/jetty-server/9.3.19.v20170502/jetty-server-9.3.19.v20170502.jar:/home/user/.m2/repository/org/eclipse/jetty/jetty-http/9.3.19.v20170502/jetty-http-9.3.19.v20170502.jar:/home/user/.m2/repository/org/eclipse/jetty/jetty-io/9.3.19.v20170502/jetty-io-9.3.19.v20170502.jar:/home/user/.m2/repository/org/eclipse/jetty/jetty-util/9.3.19.v20170502/jetty-util-9.3.19.v20170502.jar:/home/user/.m2/repository/org/eclipse/jetty/jetty-servlet/9.3.19.v20170502/jetty-servlet-9.3.19.v20170502.jar:/home/user/.m2/repository/org/eclipse/jetty/jetty-security/9.3.19.v20170502/jetty-security-9.3.19.v20170502.jar:/home/user/.m2/repository/org/eclipse/jetty/jetty-webapp/9.3.19.v20170502/jetty-webapp-9.3.19.v20170502.jar:/home/user/.m2/repository/org/eclipse/jetty/jetty-xml/9.3.19.v20170502/jetty-xml-9.3.19.v20170502.jar:/home/user/.m2/repository/javax/servlet/jsp/jsp-api/2.1/jsp-api-2.1.jar:/home/user/.m2/repository/com/sun/jersey/jersey-core/1.19/jersey-core-1.19.jar:/home/user/.m2/repository/javax/ws/rs/jsr311-api/1.1.1/jsr311-api-1.1.1.jar:/home/user/.m2/repository/com/sun/jersey/jersey-servlet/1.19/jersey-servlet-1.19.jar:/home/user/.m2/repository/com/sun/jersey/jersey-json/1.19/jersey-json-1.19.jar:/home/user/.m2/repository/org/codehaus/jettison/jettison/1.1/jettison-1.1.jar:/home/user/.m2/repository/com/sun/xml/bind/jaxb-impl/2.2.3-1/jaxb-impl-2.2.3-1.jar:/home/user/.m2/repository/org/codehaus/jackson/jackson-core-asl/1.9.2/jackson-core-asl-1.9.2.jar:/home/user/.m2/repository/org/codehaus/jackson/jackson-mapper-asl/1.9.2/jackson-mapper-asl-1.9.2.jar:/home/user/.m2/repository/org/codehaus/jackson/jackson-jaxrs/1.9.2/jackson-jaxrs-1.9.2.jar:/home/user/.m2/repository/org/codehaus/jackson/jackson-xc/1.9.2/jackson-xc-1.9.2.jar:/home/user/.m2/repository/com/sun/jersey/jersey-server/1.19/jersey-server-1.19.jar:/home/user/.m2/repository/commons-logging/commons-logging/1.1.3/commons-logging-1.1.3.jar:/home/user/.m2/repository/log4j/log4j/1.2.17/log4j-1.2.17.jar:/home/user/.m2/repository/commons-lang/commons-lang/2.6/commons-lang-2.6.jar:/home/user/.m2/repository/commons-beanutils/commons-beanutils/1.9.3/commons-beanutils-1.9.3.jar:/home/user/.m2/repository/org/apache/commons/commons-configuration2/2.1.1/commons-configuration2-2.1.1.jar:/home/user/.m2/repository/org/apache/commons/commons-lang3/3.4/commons-lang3-3.4.jar:/home/user/.m2/repository/org/apache/avro/avro/1.7.7/avro-1.7.7.jar:/home/user/.m2/repository/com/thoughtworks/paranamer/paranamer/2.3/paranamer-2.3.jar:/home/user/.m2/repository/org/xerial/snappy/snappy-java/1.0.5/snappy-java-1.0.5.jar:/home/user/.m2/repository/com/google/re2j/re2j/1.1/re2j-1.1.jar:/home/user/.m2/repository/com/google/protobuf/protobuf-java/2.5.0/protobuf-java-2.5.0.jar:/home/user/.m2/repository/com/google/code/gson/gson/2.2.4/gson-2.2.4.jar:/home/user/.m2/repository/org/apache/hadoop/hadoop-auth/3.1.1/hadoop-auth-3.1.1.jar:/home/user/.m2/repository/com/nimbusds/nimbus-jose-jwt/4.41.1/nimbus-jose-jwt-4.41.1.jar:/home/user/.m2/repository/com/github/stephenc/jcip/jcip-annotations/1.0-1/jcip-annotations-1.0-1.jar:/home/user/.m2/repository/net/minidev/json-smart/2.3/json-smart-2.3.jar:/home/user/.m2/repository/net/minidev/accessors-smart/1.2/accessors-smart-1.2.jar:/home/user/.m2/repository/org/ow2/asm/asm/5.0.4/asm-5.0.4.jar:/home/user/.m2/repository/org/apache/curator/curator-framework/2.12.0/curator-framework-2.12.0.jar:/home/user/.m2/repository/com/jcraft/jsch/0.1.54/jsch-0.1.54.jar:/home/user/.m2/repository/org/apache/curator/curator-client/2.12.0/curator-client-2.12.0.jar:/home/user/.m2/repository/org/apache/curator/curator-recipes/2.12.0/curator-recipes-2.12.0.jar:/home/user/.m2/repository/com/google/code/findbugs/jsr305/3.0.0/jsr305-3.0.0.jar:/home/user/.m2/repository/org/apache/htrace/htrace-core4/4.1.0-incubating/htrace-core4-4.1.0-incubating.jar:/home/user/.m2/repository/org/apache/zookeeper/zookeeper/3.4.9/zookeeper-3.4.9.jar:/home/user/.m2/repository/jline/jline/0.9.94/jline-0.9.94.jar:/home/user/.m2/repository/org/apache/commons/commons-compress/1.4.1/commons-compress-1.4.1.jar:/home/user/.m2/repository/org/tukaani/xz/1.0/xz-1.0.jar:/home/user/.m2/repository/org/apache/kerby/kerb-simplekdc/1.0.1/kerb-simplekdc-1.0.1.jar:/home/user/.m2/repository/org/apache/kerby/kerb-client/1.0.1/kerb-client-1.0.1.jar:/home/user/.m2/repository/org/apache/kerby/kerby-config/1.0.1/kerby-config-1.0.1.jar:/home/user/.m2/repository/org/apache/kerby/kerb-core/1.0.1/kerb-core-1.0.1.jar:/home/user/.m2/repository/org/apache/kerby/kerby-pkix/1.0.1/kerby-pkix-1.0.1.jar:/home/user/.m2/repository/org/apache/kerby/kerby-asn1/1.0.1/kerby-asn1-1.0.1.jar:/home/user/.m2/repository/org/apache/kerby/kerby-util/1.0.1/kerby-util-1.0.1.jar:/home/user/.m2/repository/org/apache/kerby/kerb-common/1.0.1/kerb-common-1.0.1.jar:/home/user/.m2/repository/org/apache/kerby/kerb-crypto/1.0.1/kerb-crypto-1.0.1.jar:/home/user/.m2/repository/org/apache/kerby/kerb-util/1.0.1/kerb-util-1.0.1.jar:/home/user/.m2/repository/org/apache/kerby/token-provider/1.0.1/token-provider-1.0.1.jar:/home/user/.m2/repository/org/apache/kerby/kerb-admin/1.0.1/kerb-admin-1.0.1.jar:/home/user/.m2/repository/org/apache/kerby/kerb-server/1.0.1/kerb-server-1.0.1.jar:/home/user/.m2/repository/org/apache/kerby/kerb-identity/1.0.1/kerb-identity-1.0.1.jar:/home/user/.m2/repository/org/apache/kerby/kerby-xdr/1.0.1/kerby-xdr-1.0.1.jar:/home/user/.m2/repository/com/fasterxml/jackson/core/jackson-databind/2.7.8/jackson-databind-2.7.8.jar:/home/user/.m2/repository/com/fasterxml/jackson/core/jackson-annotations/2.7.0/jackson-annotations-2.7.0.jar:/home/user/.m2/repository/com/fasterxml/jackson/core/jackson-core/2.7.8/jackson-core-2.7.8.jar:/home/user/.m2/repository/org/codehaus/woodstox/stax2-api/3.1.4/stax2-api-3.1.4.jar:/home/user/.m2/repository/com/fasterxml/woodstox/woodstox-core/5.0.3/woodstox-core-5.0.3.jar:/home/user/.m2/repository/com/beust/jcommander/1.72/jcommander-1.72.jar:/home/user/.m2/repository/org/jline/jline/3.9.0/jline-3.9.0.jar:/home/user/.m2/repository/org/slf4j/slf4j-api/1.7.10/slf4j-api-1.7.10.jar:/workdir/ratis-netty/target/test-classes:/workdir/ratis-grpc/target/test-classes:/workdir/ratis-server/target/test-classes:/workdir/ratis-common/target/test-classes:/workdir/ratis-client/target/test-classes:/workdir/ratis-hadoop/target/classes:/workdir/ratis-hadoop/target/test-classes:/home/user/.m2/repository/org/apache/ratis/ratis-thirdparty-hadoop/0.2.0/ratis-thirdparty-hadoop-0.2.0.jar:/home/user/.m2/repository/junit/junit/4.12/junit-4.12.jar:/home/user/.m2/repository/org/hamcrest/hamcrest-core/1.3/hamcrest-core-1.3.jar:/home/user/.m2/repository/org/mockito/mockito-all/1.8.5/mockito-all-1.8.5.jar:/home/user/.m2/repository/org/apache/hadoop/hadoop-hdfs/3.1.1/hadoop-hdfs-3.1.1-tests.jar:/home/user/.m2/repository/org/eclipse/jetty/jetty-util-ajax/9.3.19.v20170502/jetty-util-ajax-9.3.19.v20170502.jar:/home/user/.m2/repository/commons-daemon/commons-daemon/1.0.13/commons-daemon-1.0.13.jar:/home/user/.m2/repository/io/netty/netty/3.10.5.Final/netty-3.10.5.Final.jar:/home/user/.m2/repository/io/netty/netty-all/4.0.52.Final/netty-all-4.0.52.Final.jar:/home/user/.m2/repository/org/fusesource/leveldbjni/leveldbjni-all/1.8/leveldbjni-all-1.8.jar:/home/user/.m2/repository/org/apache/hadoop/hadoop-client/3.1.1/hadoop-client-3.1.1.jar:/home/user/.m2/repository/org/apache/hadoop/hadoop-hdfs-client/3.1.1/hadoop-hdfs-client-3.1.1.jar:/home/user/.m2/repository/com/squareup/okhttp/okhttp/2.7.5/okhttp-2.7.5.jar:/home/user/.m2/repository/com/squareup/okio/okio/1.6.0/okio-1.6.0.jar:/home/user/.m2/repository/org/apache/hadoop/hadoop-yarn-api/3.1.1/hadoop-yarn-api-3.1.1.jar:/home/user/.m2/repository/javax/xml/bind/jaxb-api/2.2.11/jaxb-api-2.2.11.jar:/home/user/.m2/repository/org/apache/hadoop/hadoop-yarn-client/3.1.1/hadoop-yarn-client-3.1.1.jar:/home/user/.m2/repository/org/apache/hadoop/hadoop-mapreduce-client-core/3.1.1/hadoop-mapreduce-client-core-3.1.1.jar:/home/user/.m2/repository/org/apache/hadoop/hadoop-yarn-common/3.1.1/hadoop-yarn-common-3.1.1.jar:/home/user/.m2/repository/com/sun/jersey/jersey-client/1.19/jersey-client-1.19.jar:/home/user/.m2/repository/com/fasterxml/jackson/module/jackson-module-jaxb-annotations/2.7.8/jackson-module-jaxb-annotations-2.7.8.jar:/home/user/.m2/repository/com/fasterxml/jackson/jaxrs/jackson-jaxrs-json-provider/2.7.8/jackson-jaxrs-json-provider-2.7.8.jar:/home/user/.m2/repository/com/fasterxml/jackson/jaxrs/jackson-jaxrs-base/2.7.8/jackson-jaxrs-base-2.7.8.jar:/home/user/.m2/repository/org/apache/hadoop/hadoop-mapreduce-client-jobclient/3.1.1/hadoop-mapreduce-client-jobclient-3.1.1.jar:/home/user/.m2/repository/org/apache/hadoop/hadoop-mapreduce-client-common/3.1.1/hadoop-mapreduce-client-common-3.1.1.jar:/home/user/.m2/repository/org/apache/hadoop/hadoop-hdfs/3.1.1/hadoop-hdfs-3.1.1.jar:/home/user/.m2/repository/org/apache/hadoop/hadoop-common/3.1.1/hadoop-common-3.1.1-tests.jar:"/>
    <property name="sun.cpu.endian" value="little"/>
    <property name="user.home" value="/home/user"/>
    <property name="user.language" value="en"/>
    <property name="java.specification.vendor" value="Oracle Corporation"/>
    <property name="java.home" value="/usr/lib/jvm/java-1.8-openjdk/jre"/>
    <property name="basedir" value="/workdir/ratis-logservice"/>
    <property name="file.separator" value="/"/>
    <property name="line.separator" value="&#10;"/>
    <property name="java.vm.specification.vendor" value="Oracle Corporation"/>
    <property name="java.specification.name" value="Java Platform API Specification"/>
    <property name="java.awt.graphicsenv" value="sun.awt.X11GraphicsEnvironment"/>
    <property name="surefire.real.class.path" value="/workdir/ratis-logservice/target/surefire/surefirebooter2879092168868956846.jar"/>
    <property name="sun.boot.class.path" value="/usr/lib/jvm/java-1.8-openjdk/jre/lib/resources.jar:/usr/lib/jvm/java-1.8-openjdk/jre/lib/rt.jar:/usr/lib/jvm/java-1.8-openjdk/jre/lib/sunrsasign.jar:/usr/lib/jvm/java-1.8-openjdk/jre/lib/jsse.jar:/usr/lib/jvm/java-1.8-openjdk/jre/lib/jce.jar:/usr/lib/jvm/java-1.8-openjdk/jre/lib/charsets.jar:/usr/lib/jvm/java-1.8-openjdk/jre/lib/jfr.jar:/usr/lib/jvm/java-1.8-openjdk/jre/classes"/>
    <property name="sun.management.compiler" value="HotSpot 64-Bit Tiered Compilers"/>
    <property name="java.runtime.version" value="1.8.0_212-b04"/>
    <property name="java.net.preferIPv4Stack" value="true"/>
    <property name="user.name" value="jenkins1000"/>
    <property name="path.separator" value=":"/>
    <property name="os.version" value="3.10.0-957.12.2.el7.x86_64"/>
    <property name="java.endorsed.dirs" value="/usr/lib/jvm/java-1.8-openjdk/jre/lib/endorsed"/>
    <property name="java.runtime.name" value="OpenJDK Runtime Environment"/>
    <property name="file.encoding" value="UTF-8"/>
    <property name="java.vm.name" value="OpenJDK 64-Bit Server VM"/>
    <property name="localRepository" value="/home/user/.m2/repository"/>
    <property name="java.vendor.url.bug" value="https://icedtea.classpath.org/bugzilla"/>
    <property name="java.io.tmpdir" value="/tmp"/>
    <property name="java.version" value="1.8.0_212"/>
    <property name="user.dir" value="/workdir/ratis-logservice"/>
    <property name="os.arch" value="amd64"/>
    <property name="ratis.tmp.dir" value="/workdir/ratis-logservice/target/tmp"/>
    <property name="java.vm.specification.name" value="Java Virtual Machine Specification"/>
    <property name="java.awt.printerjob" value="sun.print.PSPrinterJob"/>
    <property name="ratis.log.dir" value="/workdir/ratis-logservice/target/log"/>
    <property name="sun.os.patch.level" value="unknown"/>
    <property name="java.library.path" value="/usr/lib/jvm/java-1.8-openjdk/jre/lib/amd64/server:/usr/lib/jvm/java-1.8-openjdk/jre/lib/amd64:/usr/lib/jvm/java-1.8-openjdk/jre/../lib/amd64:/usr/java/packages/lib/amd64:/usr/lib64:/lib64:/lib:/usr/lib"/>
    <property name="java.vm.info" value="mixed mode"/>
    <property name="java.vendor" value="IcedTea"/>
    <property name="java.vm.version" value="25.212-b04"/>
    <property name="java.ext.dirs" value="/usr/lib/jvm/java-1.8-openjdk/jre/lib/ext:/usr/java/packages/lib/ext"/>
    <property name="sun.io.unicode.encoding" value="UnicodeLittle"/>
    <property name="java.class.version" value="52.0"/>
  </properties>
  <testcase name="testLogExport" classname="org.apache.ratis.logservice.server.TestMetaServer" time="5.166"/>
  <testcase name="testCreateAndGetLog" classname="org.apache.ratis.logservice.server.TestMetaServer" time="0.176"/>
  <testcase name="testReadWritetoLog" classname="org.apache.ratis.logservice.server.TestMetaServer" time="2.826">
    <error type="java.lang.NullPointerException">java.lang.NullPointerException
	at org.apache.ratis.logservice.server.TestMetaServer.testReadWritetoLog(TestMetaServer.java:154)
</error>
    <system-out><![CDATA[2019-09-24 12:19:52,156 INFO  client.GrpcClientProtocolService (GrpcClientProtocolService.java:lambda$processClientRequest$0(278)) - Failed RaftClientRequest:client-5579481E6837->localhost_9000@group-000000000001, cid=36, seq=0, RO, Message:0a110a0f0a0d74657374...(size=19), reply=RaftClientReply:client-5579481E6837->localhost_9000@group-000000000001, cid=36, FAILED org.apache.ratis.protocol.NotLeaderException: Server localhost_9000@group-000000000001 is not the leader localhost_9002:localhost:9002, logIndex=0, commits[localhost_9000:c16, localhost_9001:c16, localhost_9002:c17]
2019-09-24 12:19:52,161 INFO  impl.RaftServerProxy (RaftServerProxy.java:addNew(89)) - localhost_10000: addNew group-03E665A0CE68:[localhost_10002:localhost:10002, localhost_10001:localhost:10001, localhost_10000:localhost:10000] returns group-03E665A0CE68:java.util.concurrent.CompletableFuture@7791c75f[Not completed]
2019-09-24 12:19:52,161 INFO  impl.RaftServerImpl (RaftServerImpl.java:<init>(95)) - localhost_10000: new RaftServerImpl for group-03E665A0CE68:[localhost_10002:localhost:10002, localhost_10001:localhost:10001, localhost_10000:localhost:10000] with LogStateMachine:uninitialized
2019-09-24 12:19:52,161 INFO  server.RaftServerConfigKeys (ConfUtils.java:logGet(43)) - raft.server.rpc.timeout.min = 1000ms (custom)
2019-09-24 12:19:52,161 INFO  server.RaftServerConfigKeys (ConfUtils.java:logGet(43)) - raft.server.rpc.timeout.max = 1200ms (custom)
2019-09-24 12:19:52,161 INFO  server.MetaStateMachine (MetaStateMachine.java:applyTransactionSerial(153)) - Log LogName['testCreateLog'] registered at localhost_9001 with group group-A46AB4E52804:[localhost_10002:localhost:10002, localhost_10001:localhost:10001, localhost_10000:localhost:10000] 
2019-09-24 12:19:52,161 INFO  server.MetaStateMachine (MetaStateMachine.java:applyTransactionSerial(153)) - Log LogName['testCreateLog'] registered at localhost_9000 with group group-A46AB4E52804:[localhost_10002:localhost:10002, localhost_10001:localhost:10001, localhost_10000:localhost:10000] 
2019-09-24 12:19:52,161 INFO  server.RaftServerConfigKeys (ConfUtils.java:logGet(43)) - raft.server.rpcslowness.timeout = 60s (default)
2019-09-24 12:19:52,162 INFO  server.RaftServerConfigKeys (ConfUtils.java:logGet(43)) - raft.server.sleep.deviation.threshold = 300 (default)
2019-09-24 12:19:52,162 INFO  server.RaftServerConfigKeys (ConfUtils.java:logGet(43)) - raft.server.log.appender.install.snapshot.enabled = true (default)
2019-09-24 12:19:52,162 INFO  impl.RaftServerImpl (ServerState.java:<init>(103)) - localhost_10000@group-03E665A0CE68: ConfigurationManager, init=-1: [localhost_10002:localhost:10002, localhost_10001:localhost:10001, localhost_10000:localhost:10000], old=null, confs=<EMPTY_MAP>
2019-09-24 12:19:52,162 INFO  server.RaftServerConfigKeys (ConfUtils.java:logGet(43)) - raft.server.storage.dir = [/workdir/ratis-logservice/target/test/data/d59f9dd5/workers/0] (custom)
2019-09-24 12:19:52,162 INFO  server.RaftServerConfigKeys (ConfUtils.java:logGet(43)) - raft.server.log.corruption.policy = EXCEPTION (default)
2019-09-24 12:19:52,163 INFO  storage.RaftStorageDirectory (RaftStorageDirectory.java:analyzeStorage(246)) - The storage directory /workdir/ratis-logservice/target/test/data/d59f9dd5/workers/0/34b88015-cd43-4586-997f-03e665a0ce68 does not exist. Creating ...
2019-09-24 12:19:52,176 INFO  storage.RaftStorageDirectory (RaftStorageDirectory.java:tryLock(328)) - Lock on /workdir/ratis-logservice/target/test/data/d59f9dd5/workers/0/34b88015-cd43-4586-997f-03e665a0ce68/in_use.lock acquired by nodename 17984@ratis-test-nppbd-817190658
2019-09-24 12:19:52,197 INFO  storage.RaftStorage (RaftStorage.java:format(84)) - Storage directory /workdir/ratis-logservice/target/test/data/d59f9dd5/workers/0/34b88015-cd43-4586-997f-03e665a0ce68 has been successfully formatted.
2019-09-24 12:19:52,198 WARN  server.LogStateMachine (LogStateMachine.java:load(226)) - The snapshot info is null.
2019-09-24 12:19:52,198 INFO  server.RaftServerConfigKeys (ConfUtils.java:logGet(43)) - raft.server.notification.no-leader.timeout = 60s (default)
2019-09-24 12:19:52,198 INFO  server.RaftServerConfigKeys (ConfUtils.java:logGet(43)) - raft.server.log.use.memory = false (default)
2019-09-24 12:19:52,198 INFO  server.RaftServerConfigKeys (ConfUtils.java:logGet(43)) - raft.server.log.purge.gap = 1024 (default)
2019-09-24 12:19:52,199 INFO  server.RaftServerConfigKeys (ConfUtils.java:logGet(43)) - raft.server.log.appender.buffer.byte-limit = 4MB (=4194304) (default)
2019-09-24 12:19:52,199 INFO  server.RaftServerConfigKeys (ConfUtils.java:logGet(43)) - raft.server.log.segment.size.max = 33554432 (custom)
2019-09-24 12:19:52,199 INFO  server.RaftServerConfigKeys (ConfUtils.java:logGet(43)) - raft.server.log.segment.cache.num.max = 6 (default)
2019-09-24 12:19:52,199 INFO  segmented.SegmentedRaftLogWorker (SegmentedRaftLogWorker.java:<init>(172)) - new localhost_10000@group-03E665A0CE68-SegmentedRaftLogWorker for RaftStorage:Storage Directory /workdir/ratis-logservice/target/test/data/d59f9dd5/workers/0/34b88015-cd43-4586-997f-03e665a0ce68
2019-09-24 12:19:52,199 INFO  server.RaftServerConfigKeys (ConfUtils.java:logGet(43)) - raft.server.log.queue.byte-limit = 64MB (=67108864) (default)
2019-09-24 12:19:52,199 INFO  server.RaftServerConfigKeys (ConfUtils.java:logGet(43)) - raft.server.log.queue.element-limit = 4096 (default)
2019-09-24 12:19:52,199 INFO  server.RaftServerConfigKeys (ConfUtils.java:logGet(43)) - raft.server.log.segment.size.max = 33554432 (custom)
2019-09-24 12:19:52,199 INFO  server.RaftServerConfigKeys (ConfUtils.java:logGet(43)) - raft.server.log.preallocated.size = 33554432 (custom)
2019-09-24 12:19:52,199 INFO  server.RaftServerConfigKeys (ConfUtils.java:logGet(43)) - raft.server.log.write.buffer.size = 64KB (=65536) (default)
2019-09-24 12:19:52,199 INFO  server.RaftServerConfigKeys (ConfUtils.java:logGet(43)) - raft.server.log.force.sync.num = 128 (default)
2019-09-24 12:19:52,200 INFO  server.RaftServerConfigKeys (ConfUtils.java:logGet(43)) - raft.server.log.statemachine.data.sync = true (default)
2019-09-24 12:19:52,200 INFO  server.RaftServerConfigKeys (ConfUtils.java:logGet(43)) - raft.server.log.statemachine.data.sync.timeout = 10s (default)
2019-09-24 12:19:52,200 INFO  server.RaftServerConfigKeys (ConfUtils.java:logGet(43)) - raft.server.log.statemachine.data.sync.timeout.retry = -1 (default)
2019-09-24 12:19:52,200 INFO  server.RaftServerConfigKeys (ConfUtils.java:logGet(43)) - raft.server.log.statemachine.data.caching.enabled = false (default)
2019-09-24 12:19:52,200 INFO  segmented.SegmentedRaftLogWorker (SegmentedRaftLogWorker.java:lambda$new$0(132)) - localhost_10000@group-03E665A0CE68-SegmentedRaftLogWorker: flushIndex: setUnconditionally 0 -> -1
2019-09-24 12:19:52,200 INFO  server.RaftServerConfigKeys (ConfUtils.java:logGet(43)) - raft.server.snapshot.auto.trigger.enabled = false (default)
2019-09-24 12:19:52,200 INFO  server.RaftServerConfigKeys (ConfUtils.java:logGet(43)) - raft.server.snapshot.retention.file.num = -1 (default)
2019-09-24 12:19:52,201 INFO  server.RaftServerConfigKeys (ConfUtils.java:logGet(43)) - raft.server.retrycache.expirytime = 60s (default)
2019-09-24 12:19:52,202 INFO  impl.RaftServerImpl (RaftServerImpl.java:start(181)) - localhost_10000@group-03E665A0CE68: start as a follower, conf=-1: [localhost_10002:localhost:10002, localhost_10001:localhost:10001, localhost_10000:localhost:10000], old=null
2019-09-24 12:19:52,202 INFO  impl.RaftServerImpl (RaftServerImpl.java:setRole(170)) - localhost_10000@group-03E665A0CE68: changes role from      null to FOLLOWER at term 0 for startAsFollower
2019-09-24 12:19:52,203 INFO  impl.RoleInfo (RoleInfo.java:updateAndGet(143)) - localhost_10000: start FollowerState
2019-09-24 12:19:52,203 INFO  util.JmxRegister (JmxRegister.java:tryRegister(44)) - Successfully registered JMX Bean with object name Ratis:service=RaftServer,group=group-03E665A0CE68,id=localhost_10000
2019-09-24 12:19:52,209 INFO  impl.RaftServerProxy (RaftServerProxy.java:addNew(89)) - localhost_10002: addNew group-03E665A0CE68:[localhost_10002:localhost:10002, localhost_10001:localhost:10001, localhost_10000:localhost:10000] returns group-03E665A0CE68:java.util.concurrent.CompletableFuture@49e166d9[Not completed]
2019-09-24 12:19:52,209 INFO  impl.RaftServerImpl (RaftServerImpl.java:<init>(95)) - localhost_10002: new RaftServerImpl for group-03E665A0CE68:[localhost_10002:localhost:10002, localhost_10001:localhost:10001, localhost_10000:localhost:10000] with LogStateMachine:uninitialized
2019-09-24 12:19:52,209 INFO  server.RaftServerConfigKeys (ConfUtils.java:logGet(43)) - raft.server.rpc.timeout.min = 1000ms (custom)
2019-09-24 12:19:52,210 INFO  server.RaftServerConfigKeys (ConfUtils.java:logGet(43)) - raft.server.rpc.timeout.max = 1200ms (custom)
2019-09-24 12:19:52,210 INFO  server.RaftServerConfigKeys (ConfUtils.java:logGet(43)) - raft.server.rpcslowness.timeout = 60s (default)
2019-09-24 12:19:52,210 INFO  server.RaftServerConfigKeys (ConfUtils.java:logGet(43)) - raft.server.sleep.deviation.threshold = 300 (default)
2019-09-24 12:19:52,210 INFO  server.RaftServerConfigKeys (ConfUtils.java:logGet(43)) - raft.server.log.appender.install.snapshot.enabled = true (default)
2019-09-24 12:19:52,210 INFO  impl.RaftServerImpl (ServerState.java:<init>(103)) - localhost_10002@group-03E665A0CE68: ConfigurationManager, init=-1: [localhost_10002:localhost:10002, localhost_10001:localhost:10001, localhost_10000:localhost:10000], old=null, confs=<EMPTY_MAP>
2019-09-24 12:19:52,210 INFO  server.RaftServerConfigKeys (ConfUtils.java:logGet(43)) - raft.server.storage.dir = [/workdir/ratis-logservice/target/test/data/d59f9dd5/workers/2] (custom)
2019-09-24 12:19:52,211 INFO  server.RaftServerConfigKeys (ConfUtils.java:logGet(43)) - raft.server.log.corruption.policy = EXCEPTION (default)
2019-09-24 12:19:52,211 INFO  storage.RaftStorageDirectory (RaftStorageDirectory.java:analyzeStorage(246)) - The storage directory /workdir/ratis-logservice/target/test/data/d59f9dd5/workers/2/34b88015-cd43-4586-997f-03e665a0ce68 does not exist. Creating ...
2019-09-24 12:19:52,224 INFO  storage.RaftStorageDirectory (RaftStorageDirectory.java:tryLock(328)) - Lock on /workdir/ratis-logservice/target/test/data/d59f9dd5/workers/2/34b88015-cd43-4586-997f-03e665a0ce68/in_use.lock acquired by nodename 17984@ratis-test-nppbd-817190658
2019-09-24 12:19:52,237 INFO  storage.RaftStorage (RaftStorage.java:format(84)) - Storage directory /workdir/ratis-logservice/target/test/data/d59f9dd5/workers/2/34b88015-cd43-4586-997f-03e665a0ce68 has been successfully formatted.
2019-09-24 12:19:52,239 WARN  server.LogStateMachine (LogStateMachine.java:load(226)) - The snapshot info is null.
2019-09-24 12:19:52,239 INFO  server.RaftServerConfigKeys (ConfUtils.java:logGet(43)) - raft.server.notification.no-leader.timeout = 60s (default)
2019-09-24 12:19:52,239 INFO  server.RaftServerConfigKeys (ConfUtils.java:logGet(43)) - raft.server.log.use.memory = false (default)
2019-09-24 12:19:52,239 INFO  server.RaftServerConfigKeys (ConfUtils.java:logGet(43)) - raft.server.log.purge.gap = 1024 (default)
2019-09-24 12:19:52,239 INFO  server.RaftServerConfigKeys (ConfUtils.java:logGet(43)) - raft.server.log.appender.buffer.byte-limit = 4MB (=4194304) (default)
2019-09-24 12:19:52,239 INFO  server.RaftServerConfigKeys (ConfUtils.java:logGet(43)) - raft.server.log.segment.size.max = 33554432 (custom)
2019-09-24 12:19:52,240 INFO  server.RaftServerConfigKeys (ConfUtils.java:logGet(43)) - raft.server.log.segment.cache.num.max = 6 (default)
2019-09-24 12:19:52,240 INFO  segmented.SegmentedRaftLogWorker (SegmentedRaftLogWorker.java:<init>(172)) - new localhost_10002@group-03E665A0CE68-SegmentedRaftLogWorker for RaftStorage:Storage Directory /workdir/ratis-logservice/target/test/data/d59f9dd5/workers/2/34b88015-cd43-4586-997f-03e665a0ce68
2019-09-24 12:19:52,240 INFO  server.RaftServerConfigKeys (ConfUtils.java:logGet(43)) - raft.server.log.queue.byte-limit = 64MB (=67108864) (default)
2019-09-24 12:19:52,240 INFO  server.RaftServerConfigKeys (ConfUtils.java:logGet(43)) - raft.server.log.queue.element-limit = 4096 (default)
2019-09-24 12:19:52,240 INFO  server.RaftServerConfigKeys (ConfUtils.java:logGet(43)) - raft.server.log.segment.size.max = 33554432 (custom)
2019-09-24 12:19:52,241 INFO  server.RaftServerConfigKeys (ConfUtils.java:logGet(43)) - raft.server.log.preallocated.size = 33554432 (custom)
2019-09-24 12:19:52,241 INFO  server.RaftServerConfigKeys (ConfUtils.java:logGet(43)) - raft.server.log.write.buffer.size = 64KB (=65536) (default)
2019-09-24 12:19:52,241 INFO  server.RaftServerConfigKeys (ConfUtils.java:logGet(43)) - raft.server.log.force.sync.num = 128 (default)
2019-09-24 12:19:52,241 INFO  server.RaftServerConfigKeys (ConfUtils.java:logGet(43)) - raft.server.log.statemachine.data.sync = true (default)
2019-09-24 12:19:52,241 INFO  server.RaftServerConfigKeys (ConfUtils.java:logGet(43)) - raft.server.log.statemachine.data.sync.timeout = 10s (default)
2019-09-24 12:19:52,241 INFO  server.RaftServerConfigKeys (ConfUtils.java:logGet(43)) - raft.server.log.statemachine.data.sync.timeout.retry = -1 (default)
2019-09-24 12:19:52,242 INFO  server.RaftServerConfigKeys (ConfUtils.java:logGet(43)) - raft.server.log.statemachine.data.caching.enabled = false (default)
2019-09-24 12:19:52,242 INFO  segmented.SegmentedRaftLogWorker (SegmentedRaftLogWorker.java:lambda$new$0(132)) - localhost_10002@group-03E665A0CE68-SegmentedRaftLogWorker: flushIndex: setUnconditionally 0 -> -1
2019-09-24 12:19:52,242 INFO  server.RaftServerConfigKeys (ConfUtils.java:logGet(43)) - raft.server.snapshot.auto.trigger.enabled = false (default)
2019-09-24 12:19:52,243 INFO  server.RaftServerConfigKeys (ConfUtils.java:logGet(43)) - raft.server.snapshot.retention.file.num = -1 (default)
2019-09-24 12:19:52,243 INFO  server.RaftServerConfigKeys (ConfUtils.java:logGet(43)) - raft.server.retrycache.expirytime = 60s (default)
2019-09-24 12:19:52,246 INFO  impl.RaftServerImpl (RaftServerImpl.java:start(181)) - localhost_10002@group-03E665A0CE68: start as a follower, conf=-1: [localhost_10002:localhost:10002, localhost_10001:localhost:10001, localhost_10000:localhost:10000], old=null
2019-09-24 12:19:52,246 INFO  impl.RaftServerImpl (RaftServerImpl.java:setRole(170)) - localhost_10002@group-03E665A0CE68: changes role from      null to FOLLOWER at term 0 for startAsFollower
2019-09-24 12:19:52,246 INFO  impl.RoleInfo (RoleInfo.java:updateAndGet(143)) - localhost_10002: start FollowerState
2019-09-24 12:19:52,247 INFO  util.JmxRegister (JmxRegister.java:tryRegister(44)) - Successfully registered JMX Bean with object name Ratis:service=RaftServer,group=group-03E665A0CE68,id=localhost_10002
2019-09-24 12:19:52,253 INFO  impl.RaftServerProxy (RaftServerProxy.java:addNew(89)) - localhost_10001: addNew group-03E665A0CE68:[localhost_10002:localhost:10002, localhost_10001:localhost:10001, localhost_10000:localhost:10000] returns group-03E665A0CE68:java.util.concurrent.CompletableFuture@5f8899e0[Not completed]
2019-09-24 12:19:52,253 INFO  impl.RaftServerImpl (RaftServerImpl.java:<init>(95)) - localhost_10001: new RaftServerImpl for group-03E665A0CE68:[localhost_10002:localhost:10002, localhost_10001:localhost:10001, localhost_10000:localhost:10000] with LogStateMachine:uninitialized
2019-09-24 12:19:52,254 INFO  server.RaftServerConfigKeys (ConfUtils.java:logGet(43)) - raft.server.rpc.timeout.min = 1000ms (custom)
2019-09-24 12:19:52,254 INFO  server.RaftServerConfigKeys (ConfUtils.java:logGet(43)) - raft.server.rpc.timeout.max = 1200ms (custom)
2019-09-24 12:19:52,254 INFO  server.RaftServerConfigKeys (ConfUtils.java:logGet(43)) - raft.server.rpcslowness.timeout = 60s (default)
2019-09-24 12:19:52,254 INFO  server.RaftServerConfigKeys (ConfUtils.java:logGet(43)) - raft.server.sleep.deviation.threshold = 300 (default)
2019-09-24 12:19:52,254 INFO  server.RaftServerConfigKeys (ConfUtils.java:logGet(43)) - raft.server.log.appender.install.snapshot.enabled = true (default)
2019-09-24 12:19:52,255 INFO  impl.RaftServerImpl (ServerState.java:<init>(103)) - localhost_10001@group-03E665A0CE68: ConfigurationManager, init=-1: [localhost_10002:localhost:10002, localhost_10001:localhost:10001, localhost_10000:localhost:10000], old=null, confs=<EMPTY_MAP>
2019-09-24 12:19:52,255 INFO  server.RaftServerConfigKeys (ConfUtils.java:logGet(43)) - raft.server.storage.dir = [/workdir/ratis-logservice/target/test/data/d59f9dd5/workers/1] (custom)
2019-09-24 12:19:52,255 INFO  server.RaftServerConfigKeys (ConfUtils.java:logGet(43)) - raft.server.log.corruption.policy = EXCEPTION (default)
2019-09-24 12:19:52,255 INFO  storage.RaftStorageDirectory (RaftStorageDirectory.java:analyzeStorage(246)) - The storage directory /workdir/ratis-logservice/target/test/data/d59f9dd5/workers/1/34b88015-cd43-4586-997f-03e665a0ce68 does not exist. Creating ...
2019-09-24 12:19:52,269 INFO  storage.RaftStorageDirectory (RaftStorageDirectory.java:tryLock(328)) - Lock on /workdir/ratis-logservice/target/test/data/d59f9dd5/workers/1/34b88015-cd43-4586-997f-03e665a0ce68/in_use.lock acquired by nodename 17984@ratis-test-nppbd-817190658
2019-09-24 12:19:52,282 INFO  storage.RaftStorage (RaftStorage.java:format(84)) - Storage directory /workdir/ratis-logservice/target/test/data/d59f9dd5/workers/1/34b88015-cd43-4586-997f-03e665a0ce68 has been successfully formatted.
2019-09-24 12:19:52,283 WARN  server.LogStateMachine (LogStateMachine.java:load(226)) - The snapshot info is null.
2019-09-24 12:19:52,284 INFO  server.RaftServerConfigKeys (ConfUtils.java:logGet(43)) - raft.server.notification.no-leader.timeout = 60s (default)
2019-09-24 12:19:52,284 INFO  server.RaftServerConfigKeys (ConfUtils.java:logGet(43)) - raft.server.log.use.memory = false (default)
2019-09-24 12:19:52,284 INFO  server.RaftServerConfigKeys (ConfUtils.java:logGet(43)) - raft.server.log.purge.gap = 1024 (default)
2019-09-24 12:19:52,284 INFO  server.RaftServerConfigKeys (ConfUtils.java:logGet(43)) - raft.server.log.appender.buffer.byte-limit = 4MB (=4194304) (default)
2019-09-24 12:19:52,284 INFO  server.RaftServerConfigKeys (ConfUtils.java:logGet(43)) - raft.server.log.segment.size.max = 33554432 (custom)
2019-09-24 12:19:52,284 INFO  server.RaftServerConfigKeys (ConfUtils.java:logGet(43)) - raft.server.log.segment.cache.num.max = 6 (default)
2019-09-24 12:19:52,285 INFO  segmented.SegmentedRaftLogWorker (SegmentedRaftLogWorker.java:<init>(172)) - new localhost_10001@group-03E665A0CE68-SegmentedRaftLogWorker for RaftStorage:Storage Directory /workdir/ratis-logservice/target/test/data/d59f9dd5/workers/1/34b88015-cd43-4586-997f-03e665a0ce68
2019-09-24 12:19:52,285 INFO  server.RaftServerConfigKeys (ConfUtils.java:logGet(43)) - raft.server.log.queue.byte-limit = 64MB (=67108864) (default)
2019-09-24 12:19:52,285 INFO  server.RaftServerConfigKeys (ConfUtils.java:logGet(43)) - raft.server.log.queue.element-limit = 4096 (default)
2019-09-24 12:19:52,285 INFO  server.RaftServerConfigKeys (ConfUtils.java:logGet(43)) - raft.server.log.segment.size.max = 33554432 (custom)
2019-09-24 12:19:52,285 INFO  server.RaftServerConfigKeys (ConfUtils.java:logGet(43)) - raft.server.log.preallocated.size = 33554432 (custom)
2019-09-24 12:19:52,285 INFO  server.RaftServerConfigKeys (ConfUtils.java:logGet(43)) - raft.server.log.write.buffer.size = 64KB (=65536) (default)
2019-09-24 12:19:52,286 INFO  server.RaftServerConfigKeys (ConfUtils.java:logGet(43)) - raft.server.log.force.sync.num = 128 (default)
2019-09-24 12:19:52,286 INFO  server.RaftServerConfigKeys (ConfUtils.java:logGet(43)) - raft.server.log.statemachine.data.sync = true (default)
2019-09-24 12:19:52,286 INFO  server.RaftServerConfigKeys (ConfUtils.java:logGet(43)) - raft.server.log.statemachine.data.sync.timeout = 10s (default)
2019-09-24 12:19:52,286 INFO  server.RaftServerConfigKeys (ConfUtils.java:logGet(43)) - raft.server.log.statemachine.data.sync.timeout.retry = -1 (default)
2019-09-24 12:19:52,286 INFO  server.RaftServerConfigKeys (ConfUtils.java:logGet(43)) - raft.server.log.statemachine.data.caching.enabled = false (default)
2019-09-24 12:19:52,286 INFO  segmented.SegmentedRaftLogWorker (SegmentedRaftLogWorker.java:lambda$new$0(132)) - localhost_10001@group-03E665A0CE68-SegmentedRaftLogWorker: flushIndex: setUnconditionally 0 -> -1
2019-09-24 12:19:52,287 INFO  server.RaftServerConfigKeys (ConfUtils.java:logGet(43)) - raft.server.snapshot.auto.trigger.enabled = false (default)
2019-09-24 12:19:52,287 INFO  server.RaftServerConfigKeys (ConfUtils.java:logGet(43)) - raft.server.snapshot.retention.file.num = -1 (default)
2019-09-24 12:19:52,287 INFO  server.RaftServerConfigKeys (ConfUtils.java:logGet(43)) - raft.server.retrycache.expirytime = 60s (default)
2019-09-24 12:19:52,290 INFO  impl.RaftServerImpl (RaftServerImpl.java:start(181)) - localhost_10001@group-03E665A0CE68: start as a follower, conf=-1: [localhost_10002:localhost:10002, localhost_10001:localhost:10001, localhost_10000:localhost:10000], old=null
2019-09-24 12:19:52,290 INFO  impl.RaftServerImpl (RaftServerImpl.java:setRole(170)) - localhost_10001@group-03E665A0CE68: changes role from      null to FOLLOWER at term 0 for startAsFollower
2019-09-24 12:19:52,290 INFO  impl.RoleInfo (RoleInfo.java:updateAndGet(143)) - localhost_10001: start FollowerState
2019-09-24 12:19:52,290 INFO  util.JmxRegister (JmxRegister.java:tryRegister(44)) - Successfully registered JMX Bean with object name Ratis:service=RaftServer,group=group-03E665A0CE68,id=localhost_10001
2019-09-24 12:19:52,297 INFO  client.GrpcClientProtocolService (GrpcClientProtocolService.java:lambda$processClientRequest$0(278)) - Failed RaftClientRequest:client-2EE21FAABA7D->localhost_9000@group-000000000001, cid=40, seq=0, RW, Message:1291010a0f0a0d746573...(size=148), reply=RaftClientReply:client-2EE21FAABA7D->localhost_9000@group-000000000001, cid=40, FAILED org.apache.ratis.protocol.NotLeaderException: Server localhost_9000@group-000000000001 is not the leader localhost_9002:localhost:9002, logIndex=0, commits[localhost_9000:c17, localhost_9001:c16, localhost_9002:c17]
2019-09-24 12:19:52,315 INFO  server.MetaStateMachine (MetaStateMachine.java:applyTransactionSerial(153)) - Log LogName['testReadWrite'] registered at localhost_9002 with group group-03E665A0CE68:[localhost_10002:localhost:10002, localhost_10001:localhost:10001, localhost_10000:localhost:10000] 
2019-09-24 12:19:52,323 INFO  client.GrpcClientProtocolService (GrpcClientProtocolService.java:lambda$processClientRequest$0(278)) - Failed RaftClientRequest:client-2265A94AA220->localhost_10002@group-03E665A0CE68, cid=42, seq=0, RW, Message:321f0a0f0a0d74657374...(size=33), reply=RaftClientReply:client-2265A94AA220->localhost_10002@group-03E665A0CE68, cid=42, FAILED org.apache.ratis.protocol.NotLeaderException: Server localhost_10002@group-03E665A0CE68 is not the leader, logIndex=0, commits[localhost_10002:c-1]
2019-09-24 12:19:52,327 INFO  client.GrpcClientProtocolService (GrpcClientProtocolService.java:lambda$processClientRequest$0(278)) - Failed RaftClientRequest:client-2265A94AA220->localhost_10000@group-03E665A0CE68, cid=42, seq=0, RW, Message:321f0a0f0a0d74657374...(size=33), reply=RaftClientReply:client-2265A94AA220->localhost_10000@group-03E665A0CE68, cid=42, FAILED org.apache.ratis.protocol.NotLeaderException: Server localhost_10000@group-03E665A0CE68 is not the leader, logIndex=0, commits[localhost_10000:c-1]
2019-09-24 12:19:52,328 INFO  server.MetaStateMachine (MetaStateMachine.java:applyTransactionSerial(153)) - Log LogName['testReadWrite'] registered at localhost_9001 with group group-03E665A0CE68:[localhost_10002:localhost:10002, localhost_10001:localhost:10001, localhost_10000:localhost:10000] 
2019-09-24 12:19:52,328 INFO  server.MetaStateMachine (MetaStateMachine.java:applyTransactionSerial(153)) - Log LogName['testReadWrite'] registered at localhost_9000 with group group-03E665A0CE68:[localhost_10002:localhost:10002, localhost_10001:localhost:10001, localhost_10000:localhost:10000] 
2019-09-24 12:19:52,330 INFO  client.GrpcClientProtocolService (GrpcClientProtocolService.java:lambda$processClientRequest$0(278)) - Failed RaftClientRequest:client-2265A94AA220->localhost_10002@group-03E665A0CE68, cid=42, seq=0, RW, Message:321f0a0f0a0d74657374...(size=33), reply=RaftClientReply:client-2265A94AA220->localhost_10002@group-03E665A0CE68, cid=42, FAILED org.apache.ratis.protocol.NotLeaderException: Server localhost_10002@group-03E665A0CE68 is not the leader, logIndex=0, commits[localhost_10002:c-1]
2019-09-24 12:19:52,334 INFO  client.GrpcClientProtocolService (GrpcClientProtocolService.java:lambda$processClientRequest$0(278)) - Failed RaftClientRequest:client-2265A94AA220->localhost_10000@group-03E665A0CE68, cid=42, seq=0, RW, Message:321f0a0f0a0d74657374...(size=33), reply=RaftClientReply:client-2265A94AA220->localhost_10000@group-03E665A0CE68, cid=42, FAILED org.apache.ratis.protocol.NotLeaderException: Server localhost_10000@group-03E665A0CE68 is not the leader, logIndex=0, commits[localhost_10000:c-1]
2019-09-24 12:19:52,337 INFO  client.GrpcClientProtocolService (GrpcClientProtocolService.java:lambda$processClientRequest$0(278)) - Failed RaftClientRequest:client-2265A94AA220->localhost_10001@group-03E665A0CE68, cid=42, seq=0, RW, Message:321f0a0f0a0d74657374...(size=33), reply=RaftClientReply:client-2265A94AA220->localhost_10001@group-03E665A0CE68, cid=42, FAILED org.apache.ratis.protocol.NotLeaderException: Server localhost_10001@group-03E665A0CE68 is not the leader, logIndex=0, commits[localhost_10001:c-1]
2019-09-24 12:19:52,340 INFO  client.GrpcClientProtocolService (GrpcClientProtocolService.java:lambda$processClientRequest$0(278)) - Failed RaftClientRequest:client-2265A94AA220->localhost_10002@group-03E665A0CE68, cid=42, seq=0, RW, Message:321f0a0f0a0d74657374...(size=33), reply=RaftClientReply:client-2265A94AA220->localhost_10002@group-03E665A0CE68, cid=42, FAILED org.apache.ratis.protocol.NotLeaderException: Server localhost_10002@group-03E665A0CE68 is not the leader, logIndex=0, commits[localhost_10002:c-1]
2019-09-24 12:19:52,343 INFO  client.GrpcClientProtocolService (GrpcClientProtocolService.java:lambda$processClientRequest$0(278)) - Failed RaftClientRequest:client-2265A94AA220->localhost_10001@group-03E665A0CE68, cid=42, seq=0, RW, Message:321f0a0f0a0d74657374...(size=33), reply=RaftClientReply:client-2265A94AA220->localhost_10001@group-03E665A0CE68, cid=42, FAILED org.apache.ratis.protocol.NotLeaderException: Server localhost_10001@group-03E665A0CE68 is not the leader, logIndex=0, commits[localhost_10001:c-1]
2019-09-24 12:19:52,345 INFO  client.GrpcClientProtocolService (GrpcClientProtocolService.java:lambda$processClientRequest$0(278)) - Failed RaftClientRequest:client-2265A94AA220->localhost_10002@group-03E665A0CE68, cid=42, seq=0, RW, Message:321f0a0f0a0d74657374...(size=33), reply=RaftClientReply:client-2265A94AA220->localhost_10002@group-03E665A0CE68, cid=42, FAILED org.apache.ratis.protocol.NotLeaderException: Server localhost_10002@group-03E665A0CE68 is not the leader, logIndex=0, commits[localhost_10002:c-1]
2019-09-24 12:19:52,348 INFO  client.GrpcClientProtocolService (GrpcClientProtocolService.java:lambda$processClientRequest$0(278)) - Failed RaftClientRequest:client-2265A94AA220->localhost_10001@group-03E665A0CE68, cid=42, seq=0, RW, Message:321f0a0f0a0d74657374...(size=33), reply=RaftClientReply:client-2265A94AA220->localhost_10001@group-03E665A0CE68, cid=42, FAILED org.apache.ratis.protocol.NotLeaderException: Server localhost_10001@group-03E665A0CE68 is not the leader, logIndex=0, commits[localhost_10001:c-1]
2019-09-24 12:19:52,351 INFO  client.GrpcClientProtocolService (GrpcClientProtocolService.java:lambda$processClientRequest$0(278)) - Failed RaftClientRequest:client-2265A94AA220->localhost_10000@group-03E665A0CE68, cid=42, seq=0, RW, Message:321f0a0f0a0d74657374...(size=33), reply=RaftClientReply:client-2265A94AA220->localhost_10000@group-03E665A0CE68, cid=42, FAILED org.apache.ratis.protocol.NotLeaderException: Server localhost_10000@group-03E665A0CE68 is not the leader, logIndex=0, commits[localhost_10000:c-1]
2019-09-24 12:19:52,354 INFO  client.GrpcClientProtocolService (GrpcClientProtocolService.java:lambda$processClientRequest$0(278)) - Failed RaftClientRequest:client-2265A94AA220->localhost_10001@group-03E665A0CE68, cid=42, seq=0, RW, Message:321f0a0f0a0d74657374...(size=33), reply=RaftClientReply:client-2265A94AA220->localhost_10001@group-03E665A0CE68, cid=42, FAILED org.apache.ratis.protocol.NotLeaderException: Server localhost_10001@group-03E665A0CE68 is not the leader, logIndex=0, commits[localhost_10001:c-1]
2019-09-24 12:19:52,356 INFO  client.GrpcClientProtocolService (GrpcClientProtocolService.java:lambda$processClientRequest$0(278)) - Failed RaftClientRequest:client-2265A94AA220->localhost_10000@group-03E665A0CE68, cid=42, seq=0, RW, Message:321f0a0f0a0d74657374...(size=33), reply=RaftClientReply:client-2265A94AA220->localhost_10000@group-03E665A0CE68, cid=42, FAILED org.apache.ratis.protocol.NotLeaderException: Server localhost_10000@group-03E665A0CE68 is not the leader, logIndex=0, commits[localhost_10000:c-1]
2019-09-24 12:19:52,360 INFO  client.GrpcClientProtocolService (GrpcClientProtocolService.java:lambda$processClientRequest$0(278)) - Failed RaftClientRequest:client-2265A94AA220->localhost_10002@group-03E665A0CE68, cid=42, seq=0, RW, Message:321f0a0f0a0d74657374...(size=33), reply=RaftClientReply:client-2265A94AA220->localhost_10002@group-03E665A0CE68, cid=42, FAILED org.apache.ratis.protocol.NotLeaderException: Server localhost_10002@group-03E665A0CE68 is not the leader, logIndex=0, commits[localhost_10002:c-1]
2019-09-24 12:19:52,362 INFO  client.GrpcClientProtocolService (GrpcClientProtocolService.java:lambda$processClientRequest$0(278)) - Failed RaftClientRequest:client-2265A94AA220->localhost_10000@group-03E665A0CE68, cid=42, seq=0, RW, Message:321f0a0f0a0d74657374...(size=33), reply=RaftClientReply:client-2265A94AA220->localhost_10000@group-03E665A0CE68, cid=42, FAILED org.apache.ratis.protocol.NotLeaderException: Server localhost_10000@group-03E665A0CE68 is not the leader, logIndex=0, commits[localhost_10000:c-1]
2019-09-24 12:19:52,365 INFO  client.GrpcClientProtocolService (GrpcClientProtocolService.java:lambda$processClientRequest$0(278)) - Failed RaftClientRequest:client-2265A94AA220->localhost_10001@group-03E665A0CE68, cid=42, seq=0, RW, Message:321f0a0f0a0d74657374...(size=33), reply=RaftClientReply:client-2265A94AA220->localhost_10001@group-03E665A0CE68, cid=42, FAILED org.apache.ratis.protocol.NotLeaderException: Server localhost_10001@group-03E665A0CE68 is not the leader, logIndex=0, commits[localhost_10001:c-1]
2019-09-24 12:19:52,368 INFO  client.GrpcClientProtocolService (GrpcClientProtocolService.java:lambda$processClientRequest$0(278)) - Failed RaftClientRequest:client-2265A94AA220->localhost_10002@group-03E665A0CE68, cid=42, seq=0, RW, Message:321f0a0f0a0d74657374...(size=33), reply=RaftClientReply:client-2265A94AA220->localhost_10002@group-03E665A0CE68, cid=42, FAILED org.apache.ratis.protocol.NotLeaderException: Server localhost_10002@group-03E665A0CE68 is not the leader, logIndex=0, commits[localhost_10002:c-1]
2019-09-24 12:19:52,370 INFO  client.GrpcClientProtocolService (GrpcClientProtocolService.java:lambda$processClientRequest$0(278)) - Failed RaftClientRequest:client-2265A94AA220->localhost_10001@group-03E665A0CE68, cid=42, seq=0, RW, Message:321f0a0f0a0d74657374...(size=33), reply=RaftClientReply:client-2265A94AA220->localhost_10001@group-03E665A0CE68, cid=42, FAILED org.apache.ratis.protocol.NotLeaderException: Server localhost_10001@group-03E665A0CE68 is not the leader, logIndex=0, commits[localhost_10001:c-1]
2019-09-24 12:19:52,373 INFO  client.GrpcClientProtocolService (GrpcClientProtocolService.java:lambda$processClientRequest$0(278)) - Failed RaftClientRequest:client-2265A94AA220->localhost_10000@group-03E665A0CE68, cid=42, seq=0, RW, Message:321f0a0f0a0d74657374...(size=33), reply=RaftClientReply:client-2265A94AA220->localhost_10000@group-03E665A0CE68, cid=42, FAILED org.apache.ratis.protocol.NotLeaderException: Server localhost_10000@group-03E665A0CE68 is not the leader, logIndex=0, commits[localhost_10000:c-1]
2019-09-24 12:19:52,376 INFO  client.GrpcClientProtocolService (GrpcClientProtocolService.java:lambda$processClientRequest$0(278)) - Failed RaftClientRequest:client-2265A94AA220->localhost_10002@group-03E665A0CE68, cid=42, seq=0, RW, Message:321f0a0f0a0d74657374...(size=33), reply=RaftClientReply:client-2265A94AA220->localhost_10002@group-03E665A0CE68, cid=42, FAILED org.apache.ratis.protocol.NotLeaderException: Server localhost_10002@group-03E665A0CE68 is not the leader, logIndex=0, commits[localhost_10002:c-1]
2019-09-24 12:19:52,379 INFO  client.GrpcClientProtocolService (GrpcClientProtocolService.java:lambda$processClientRequest$0(278)) - Failed RaftClientRequest:client-2265A94AA220->localhost_10001@group-03E665A0CE68, cid=42, seq=0, RW, Message:321f0a0f0a0d74657374...(size=33), reply=RaftClientReply:client-2265A94AA220->localhost_10001@group-03E665A0CE68, cid=42, FAILED org.apache.ratis.protocol.NotLeaderException: Server localhost_10001@group-03E665A0CE68 is not the leader, logIndex=0, commits[localhost_10001:c-1]
2019-09-24 12:19:52,382 INFO  client.GrpcClientProtocolService (GrpcClientProtocolService.java:lambda$processClientRequest$0(278)) - Failed RaftClientRequest:client-2265A94AA220->localhost_10000@group-03E665A0CE68, cid=42, seq=0, RW, Message:321f0a0f0a0d74657374...(size=33), reply=RaftClientReply:client-2265A94AA220->localhost_10000@group-03E665A0CE68, cid=42, FAILED org.apache.ratis.protocol.NotLeaderException: Server localhost_10000@group-03E665A0CE68 is not the leader, logIndex=0, commits[localhost_10000:c-1]
2019-09-24 12:19:52,384 INFO  client.GrpcClientProtocolService (GrpcClientProtocolService.java:lambda$processClientRequest$0(278)) - Failed RaftClientRequest:client-2265A94AA220->localhost_10001@group-03E665A0CE68, cid=42, seq=0, RW, Message:321f0a0f0a0d74657374...(size=33), reply=RaftClientReply:client-2265A94AA220->localhost_10001@group-03E665A0CE68, cid=42, FAILED org.apache.ratis.protocol.NotLeaderException: Server localhost_10001@group-03E665A0CE68 is not the leader, logIndex=0, commits[localhost_10001:c-1]
2019-09-24 12:19:52,387 INFO  client.GrpcClientProtocolService (GrpcClientProtocolService.java:lambda$processClientRequest$0(278)) - Failed RaftClientRequest:client-2265A94AA220->localhost_10002@group-03E665A0CE68, cid=42, seq=0, RW, Message:321f0a0f0a0d74657374...(size=33), reply=RaftClientReply:client-2265A94AA220->localhost_10002@group-03E665A0CE68, cid=42, FAILED org.apache.ratis.protocol.NotLeaderException: Server localhost_10002@group-03E665A0CE68 is not the leader, logIndex=0, commits[localhost_10002:c-1]
2019-09-24 12:19:52,390 INFO  client.GrpcClientProtocolService (GrpcClientProtocolService.java:lambda$processClientRequest$0(278)) - Failed RaftClientRequest:client-2265A94AA220->localhost_10000@group-03E665A0CE68, cid=42, seq=0, RW, Message:321f0a0f0a0d74657374...(size=33), reply=RaftClientReply:client-2265A94AA220->localhost_10000@group-03E665A0CE68, cid=42, FAILED org.apache.ratis.protocol.NotLeaderException: Server localhost_10000@group-03E665A0CE68 is not the leader, logIndex=0, commits[localhost_10000:c-1]
2019-09-24 12:19:52,392 INFO  client.GrpcClientProtocolService (GrpcClientProtocolService.java:lambda$processClientRequest$0(278)) - Failed RaftClientRequest:client-2265A94AA220->localhost_10002@group-03E665A0CE68, cid=42, seq=0, RW, Message:321f0a0f0a0d74657374...(size=33), reply=RaftClientReply:client-2265A94AA220->localhost_10002@group-03E665A0CE68, cid=42, FAILED org.apache.ratis.protocol.NotLeaderException: Server localhost_10002@group-03E665A0CE68 is not the leader, logIndex=0, commits[localhost_10002:c-1]
2019-09-24 12:19:52,395 INFO  client.GrpcClientProtocolService (GrpcClientProtocolService.java:lambda$processClientRequest$0(278)) - Failed RaftClientRequest:client-2265A94AA220->localhost_10001@group-03E665A0CE68, cid=42, seq=0, RW, Message:321f0a0f0a0d74657374...(size=33), reply=RaftClientReply:client-2265A94AA220->localhost_10001@group-03E665A0CE68, cid=42, FAILED org.apache.ratis.protocol.NotLeaderException: Server localhost_10001@group-03E665A0CE68 is not the leader, logIndex=0, commits[localhost_10001:c-1]
2019-09-24 12:19:52,398 INFO  client.GrpcClientProtocolService (GrpcClientProtocolService.java:lambda$processClientRequest$0(278)) - Failed RaftClientRequest:client-2265A94AA220->localhost_10000@group-03E665A0CE68, cid=42, seq=0, RW, Message:321f0a0f0a0d74657374...(size=33), reply=RaftClientReply:client-2265A94AA220->localhost_10000@group-03E665A0CE68, cid=42, FAILED org.apache.ratis.protocol.NotLeaderException: Server localhost_10000@group-03E665A0CE68 is not the leader, logIndex=0, commits[localhost_10000:c-1]
2019-09-24 12:19:52,401 INFO  client.GrpcClientProtocolService (GrpcClientProtocolService.java:lambda$processClientRequest$0(278)) - Failed RaftClientRequest:client-2265A94AA220->localhost_10002@group-03E665A0CE68, cid=42, seq=0, RW, Message:321f0a0f0a0d74657374...(size=33), reply=RaftClientReply:client-2265A94AA220->localhost_10002@group-03E665A0CE68, cid=42, FAILED org.apache.ratis.protocol.NotLeaderException: Server localhost_10002@group-03E665A0CE68 is not the leader, logIndex=0, commits[localhost_10002:c-1]
2019-09-24 12:19:52,404 INFO  client.GrpcClientProtocolService (GrpcClientProtocolService.java:lambda$processClientRequest$0(278)) - Failed RaftClientRequest:client-2265A94AA220->localhost_10001@group-03E665A0CE68, cid=42, seq=0, RW, Message:321f0a0f0a0d74657374...(size=33), reply=RaftClientReply:client-2265A94AA220->localhost_10001@group-03E665A0CE68, cid=42, FAILED org.apache.ratis.protocol.NotLeaderException: Server localhost_10001@group-03E665A0CE68 is not the leader, logIndex=0, commits[localhost_10001:c-1]
2019-09-24 12:19:52,407 INFO  client.GrpcClientProtocolService (GrpcClientProtocolService.java:lambda$processClientRequest$0(278)) - Failed RaftClientRequest:client-2265A94AA220->localhost_10002@group-03E665A0CE68, cid=42, seq=0, RW, Message:321f0a0f0a0d74657374...(size=33), reply=RaftClientReply:client-2265A94AA220->localhost_10002@group-03E665A0CE68, cid=42, FAILED org.apache.ratis.protocol.NotLeaderException: Server localhost_10002@group-03E665A0CE68 is not the leader, logIndex=0, commits[localhost_10002:c-1]
2019-09-24 12:19:52,409 INFO  client.GrpcClientProtocolService (GrpcClientProtocolService.java:lambda$processClientRequest$0(278)) - Failed RaftClientRequest:client-2265A94AA220->localhost_10000@group-03E665A0CE68, cid=42, seq=0, RW, Message:321f0a0f0a0d74657374...(size=33), reply=RaftClientReply:client-2265A94AA220->localhost_10000@group-03E665A0CE68, cid=42, FAILED org.apache.ratis.protocol.NotLeaderException: Server localhost_10000@group-03E665A0CE68 is not the leader, logIndex=0, commits[localhost_10000:c-1]
2019-09-24 12:19:52,412 INFO  client.GrpcClientProtocolService (GrpcClientProtocolService.java:lambda$processClientRequest$0(278)) - Failed RaftClientRequest:client-2265A94AA220->localhost_10002@group-03E665A0CE68, cid=42, seq=0, RW, Message:321f0a0f0a0d74657374...(size=33), reply=RaftClientReply:client-2265A94AA220->localhost_10002@group-03E665A0CE68, cid=42, FAILED org.apache.ratis.protocol.NotLeaderException: Server localhost_10002@group-03E665A0CE68 is not the leader, logIndex=0, commits[localhost_10002:c-1]
2019-09-24 12:19:52,415 INFO  client.GrpcClientProtocolService (GrpcClientProtocolService.java:lambda$processClientRequest$0(278)) - Failed RaftClientRequest:client-2265A94AA220->localhost_10000@group-03E665A0CE68, cid=42, seq=0, RW, Message:321f0a0f0a0d74657374...(size=33), reply=RaftClientReply:client-2265A94AA220->localhost_10000@group-03E665A0CE68, cid=42, FAILED org.apache.ratis.protocol.NotLeaderException: Server localhost_10000@group-03E665A0CE68 is not the leader, logIndex=0, commits[localhost_10000:c-1]
2019-09-24 12:19:52,417 INFO  client.GrpcClientProtocolService (GrpcClientProtocolService.java:lambda$processClientRequest$0(278)) - Failed RaftClientRequest:client-2265A94AA220->localhost_10001@group-03E665A0CE68, cid=42, seq=0, RW, Message:321f0a0f0a0d74657374...(size=33), reply=RaftClientReply:client-2265A94AA220->localhost_10001@group-03E665A0CE68, cid=42, FAILED org.apache.ratis.protocol.NotLeaderException: Server localhost_10001@group-03E665A0CE68 is not the leader, logIndex=0, commits[localhost_10001:c-1]
2019-09-24 12:19:52,420 INFO  client.GrpcClientProtocolService (GrpcClientProtocolService.java:lambda$processClientRequest$0(278)) - Failed RaftClientRequest:client-2265A94AA220->localhost_10000@group-03E665A0CE68, cid=42, seq=0, RW, Message:321f0a0f0a0d74657374...(size=33), reply=RaftClientReply:client-2265A94AA220->localhost_10000@group-03E665A0CE68, cid=42, FAILED org.apache.ratis.protocol.NotLeaderException: Server localhost_10000@group-03E665A0CE68 is not the leader, logIndex=0, commits[localhost_10000:c-1]
2019-09-24 12:19:52,422 INFO  client.GrpcClientProtocolService (GrpcClientProtocolService.java:lambda$processClientRequest$0(278)) - Failed RaftClientRequest:client-2265A94AA220->localhost_10001@group-03E665A0CE68, cid=42, seq=0, RW, Message:321f0a0f0a0d74657374...(size=33), reply=RaftClientReply:client-2265A94AA220->localhost_10001@group-03E665A0CE68, cid=42, FAILED org.apache.ratis.protocol.NotLeaderException: Server localhost_10001@group-03E665A0CE68 is not the leader, logIndex=0, commits[localhost_10001:c-1]
2019-09-24 12:19:52,425 INFO  client.GrpcClientProtocolService (GrpcClientProtocolService.java:lambda$processClientRequest$0(278)) - Failed RaftClientRequest:client-2265A94AA220->localhost_10000@group-03E665A0CE68, cid=42, seq=0, RW, Message:321f0a0f0a0d74657374...(size=33), reply=RaftClientReply:client-2265A94AA220->localhost_10000@group-03E665A0CE68, cid=42, FAILED org.apache.ratis.protocol.NotLeaderException: Server localhost_10000@group-03E665A0CE68 is not the leader, logIndex=0, commits[localhost_10000:c-1]
2019-09-24 12:19:52,427 INFO  client.GrpcClientProtocolService (GrpcClientProtocolService.java:lambda$processClientRequest$0(278)) - Failed RaftClientRequest:client-2265A94AA220->localhost_10002@group-03E665A0CE68, cid=42, seq=0, RW, Message:321f0a0f0a0d74657374...(size=33), reply=RaftClientReply:client-2265A94AA220->localhost_10002@group-03E665A0CE68, cid=42, FAILED org.apache.ratis.protocol.NotLeaderException: Server localhost_10002@group-03E665A0CE68 is not the leader, logIndex=0, commits[localhost_10002:c-1]
2019-09-24 12:19:52,429 INFO  client.GrpcClientProtocolService (GrpcClientProtocolService.java:lambda$processClientRequest$0(278)) - Failed RaftClientRequest:client-2265A94AA220->localhost_10000@group-03E665A0CE68, cid=42, seq=0, RW, Message:321f0a0f0a0d74657374...(size=33), reply=RaftClientReply:client-2265A94AA220->localhost_10000@group-03E665A0CE68, cid=42, FAILED org.apache.ratis.protocol.NotLeaderException: Server localhost_10000@group-03E665A0CE68 is not the leader, logIndex=0, commits[localhost_10000:c-1]
2019-09-24 12:19:52,431 INFO  client.GrpcClientProtocolService (GrpcClientProtocolService.java:lambda$processClientRequest$0(278)) - Failed RaftClientRequest:client-2265A94AA220->localhost_10002@group-03E665A0CE68, cid=42, seq=0, RW, Message:321f0a0f0a0d74657374...(size=33), reply=RaftClientReply:client-2265A94AA220->localhost_10002@group-03E665A0CE68, cid=42, FAILED org.apache.ratis.protocol.NotLeaderException: Server localhost_10002@group-03E665A0CE68 is not the leader, logIndex=0, commits[localhost_10002:c-1]
2019-09-24 12:19:52,434 INFO  client.GrpcClientProtocolService (GrpcClientProtocolService.java:lambda$processClientRequest$0(278)) - Failed RaftClientRequest:client-2265A94AA220->localhost_10001@group-03E665A0CE68, cid=42, seq=0, RW, Message:321f0a0f0a0d74657374...(size=33), reply=RaftClientReply:client-2265A94AA220->localhost_10001@group-03E665A0CE68, cid=42, FAILED org.apache.ratis.protocol.NotLeaderException: Server localhost_10001@group-03E665A0CE68 is not the leader, logIndex=0, commits[localhost_10001:c-1]
2019-09-24 12:19:52,436 INFO  client.GrpcClientProtocolService (GrpcClientProtocolService.java:lambda$processClientRequest$0(278)) - Failed RaftClientRequest:client-2265A94AA220->localhost_10000@group-03E665A0CE68, cid=42, seq=0, RW, Message:321f0a0f0a0d74657374...(size=33), reply=RaftClientReply:client-2265A94AA220->localhost_10000@group-03E665A0CE68, cid=42, FAILED org.apache.ratis.protocol.NotLeaderException: Server localhost_10000@group-03E665A0CE68 is not the leader, logIndex=0, commits[localhost_10000:c-1]
2019-09-24 12:19:52,438 INFO  client.GrpcClientProtocolService (GrpcClientProtocolService.java:lambda$processClientRequest$0(278)) - Failed RaftClientRequest:client-2265A94AA220->localhost_10002@group-03E665A0CE68, cid=42, seq=0, RW, Message:321f0a0f0a0d74657374...(size=33), reply=RaftClientReply:client-2265A94AA220->localhost_10002@group-03E665A0CE68, cid=42, FAILED org.apache.ratis.protocol.NotLeaderException: Server localhost_10002@group-03E665A0CE68 is not the leader, logIndex=0, commits[localhost_10002:c-1]
2019-09-24 12:19:52,440 INFO  client.GrpcClientProtocolService (GrpcClientProtocolService.java:lambda$processClientRequest$0(278)) - Failed RaftClientRequest:client-2265A94AA220->localhost_10000@group-03E665A0CE68, cid=42, seq=0, RW, Message:321f0a0f0a0d74657374...(size=33), reply=RaftClientReply:client-2265A94AA220->localhost_10000@group-03E665A0CE68, cid=42, FAILED org.apache.ratis.protocol.NotLeaderException: Server localhost_10000@group-03E665A0CE68 is not the leader, logIndex=0, commits[localhost_10000:c-1]
2019-09-24 12:19:52,443 INFO  client.GrpcClientProtocolService (GrpcClientProtocolService.java:lambda$processClientRequest$0(278)) - Failed RaftClientRequest:client-2265A94AA220->localhost_10001@group-03E665A0CE68, cid=42, seq=0, RW, Message:321f0a0f0a0d74657374...(size=33), reply=RaftClientReply:client-2265A94AA220->localhost_10001@group-03E665A0CE68, cid=42, FAILED org.apache.ratis.protocol.NotLeaderException: Server localhost_10001@group-03E665A0CE68 is not the leader, logIndex=0, commits[localhost_10001:c-1]
2019-09-24 12:19:52,445 INFO  client.GrpcClientProtocolService (GrpcClientProtocolService.java:lambda$processClientRequest$0(278)) - Failed RaftClientRequest:client-2265A94AA220->localhost_10002@group-03E665A0CE68, cid=42, seq=0, RW, Message:321f0a0f0a0d74657374...(size=33), reply=RaftClientReply:client-2265A94AA220->localhost_10002@group-03E665A0CE68, cid=42, FAILED org.apache.ratis.protocol.NotLeaderException: Server localhost_10002@group-03E665A0CE68 is not the leader, logIndex=0, commits[localhost_10002:c-1]
2019-09-24 12:19:52,447 INFO  client.GrpcClientProtocolService (GrpcClientProtocolService.java:lambda$processClientRequest$0(278)) - Failed RaftClientRequest:client-2265A94AA220->localhost_10000@group-03E665A0CE68, cid=42, seq=0, RW, Message:321f0a0f0a0d74657374...(size=33), reply=RaftClientReply:client-2265A94AA220->localhost_10000@group-03E665A0CE68, cid=42, FAILED org.apache.ratis.protocol.NotLeaderException: Server localhost_10000@group-03E665A0CE68 is not the leader, logIndex=0, commits[localhost_10000:c-1]
2019-09-24 12:19:52,450 INFO  client.GrpcClientProtocolService (GrpcClientProtocolService.java:lambda$processClientRequest$0(278)) - Failed RaftClientRequest:client-2265A94AA220->localhost_10001@group-03E665A0CE68, cid=42, seq=0, RW, Message:321f0a0f0a0d74657374...(size=33), reply=RaftClientReply:client-2265A94AA220->localhost_10001@group-03E665A0CE68, cid=42, FAILED org.apache.ratis.protocol.NotLeaderException: Server localhost_10001@group-03E665A0CE68 is not the leader, logIndex=0, commits[localhost_10001:c-1]
2019-09-24 12:19:52,452 INFO  client.GrpcClientProtocolService (GrpcClientProtocolService.java:lambda$processClientRequest$0(278)) - Failed RaftClientRequest:client-2265A94AA220->localhost_10002@group-03E665A0CE68, cid=42, seq=0, RW, Message:321f0a0f0a0d74657374...(size=33), reply=RaftClientReply:client-2265A94AA220->localhost_10002@group-03E665A0CE68, cid=42, FAILED org.apache.ratis.protocol.NotLeaderException: Server localhost_10002@group-03E665A0CE68 is not the leader, logIndex=0, commits[localhost_10002:c-1]
2019-09-24 12:19:52,454 INFO  client.GrpcClientProtocolService (GrpcClientProtocolService.java:lambda$processClientRequest$0(278)) - Failed RaftClientRequest:client-2265A94AA220->localhost_10000@group-03E665A0CE68, cid=42, seq=0, RW, Message:321f0a0f0a0d74657374...(size=33), reply=RaftClientReply:client-2265A94AA220->localhost_10000@group-03E665A0CE68, cid=42, FAILED org.apache.ratis.protocol.NotLeaderException: Server localhost_10000@group-03E665A0CE68 is not the leader, logIndex=0, commits[localhost_10000:c-1]
2019-09-24 12:19:52,456 INFO  client.GrpcClientProtocolService (GrpcClientProtocolService.java:lambda$processClientRequest$0(278)) - Failed RaftClientRequest:client-2265A94AA220->localhost_10002@group-03E665A0CE68, cid=42, seq=0, RW, Message:321f0a0f0a0d74657374...(size=33), reply=RaftClientReply:client-2265A94AA220->localhost_10002@group-03E665A0CE68, cid=42, FAILED org.apache.ratis.protocol.NotLeaderException: Server localhost_10002@group-03E665A0CE68 is not the leader, logIndex=0, commits[localhost_10002:c-1]
2019-09-24 12:19:52,459 INFO  client.GrpcClientProtocolService (GrpcClientProtocolService.java:lambda$processClientRequest$0(278)) - Failed RaftClientRequest:client-2265A94AA220->localhost_10001@group-03E665A0CE68, cid=42, seq=0, RW, Message:321f0a0f0a0d74657374...(size=33), reply=RaftClientReply:client-2265A94AA220->localhost_10001@group-03E665A0CE68, cid=42, FAILED org.apache.ratis.protocol.NotLeaderException: Server localhost_10001@group-03E665A0CE68 is not the leader, logIndex=0, commits[localhost_10001:c-1]
2019-09-24 12:19:52,461 INFO  client.GrpcClientProtocolService (GrpcClientProtocolService.java:lambda$processClientRequest$0(278)) - Failed RaftClientRequest:client-2265A94AA220->localhost_10000@group-03E665A0CE68, cid=42, seq=0, RW, Message:321f0a0f0a0d74657374...(size=33), reply=RaftClientReply:client-2265A94AA220->localhost_10000@group-03E665A0CE68, cid=42, FAILED org.apache.ratis.protocol.NotLeaderException: Server localhost_10000@group-03E665A0CE68 is not the leader, logIndex=0, commits[localhost_10000:c-1]
2019-09-24 12:19:52,464 INFO  client.GrpcClientProtocolService (GrpcClientProtocolService.java:lambda$processClientRequest$0(278)) - Failed RaftClientRequest:client-2265A94AA220->localhost_10002@group-03E665A0CE68, cid=42, seq=0, RW, Message:321f0a0f0a0d74657374...(size=33), reply=RaftClientReply:client-2265A94AA220->localhost_10002@group-03E665A0CE68, cid=42, FAILED org.apache.ratis.protocol.NotLeaderException: Server localhost_10002@group-03E665A0CE68 is not the leader, logIndex=0, commits[localhost_10002:c-1]
2019-09-24 12:19:52,466 INFO  client.GrpcClientProtocolService (GrpcClientProtocolService.java:lambda$processClientRequest$0(278)) - Failed RaftClientRequest:client-2265A94AA220->localhost_10000@group-03E665A0CE68, cid=42, seq=0, RW, Message:321f0a0f0a0d74657374...(size=33), reply=RaftClientReply:client-2265A94AA220->localhost_10000@group-03E665A0CE68, cid=42, FAILED org.apache.ratis.protocol.NotLeaderException: Server localhost_10000@group-03E665A0CE68 is not the leader, logIndex=0, commits[localhost_10000:c-1]
2019-09-24 12:19:52,468 INFO  client.GrpcClientProtocolService (GrpcClientProtocolService.java:lambda$processClientRequest$0(278)) - Failed RaftClientRequest:client-2265A94AA220->localhost_10001@group-03E665A0CE68, cid=42, seq=0, RW, Message:321f0a0f0a0d74657374...(size=33), reply=RaftClientReply:client-2265A94AA220->localhost_10001@group-03E665A0CE68, cid=42, FAILED org.apache.ratis.protocol.NotLeaderException: Server localhost_10001@group-03E665A0CE68 is not the leader, logIndex=0, commits[localhost_10001:c-1]
2019-09-24 12:19:52,470 INFO  client.GrpcClientProtocolService (GrpcClientProtocolService.java:lambda$processClientRequest$0(278)) - Failed RaftClientRequest:client-2265A94AA220->localhost_10000@group-03E665A0CE68, cid=42, seq=0, RW, Message:321f0a0f0a0d74657374...(size=33), reply=RaftClientReply:client-2265A94AA220->localhost_10000@group-03E665A0CE68, cid=42, FAILED org.apache.ratis.protocol.NotLeaderException: Server localhost_10000@group-03E665A0CE68 is not the leader, logIndex=0, commits[localhost_10000:c-1]
2019-09-24 12:19:52,472 INFO  client.GrpcClientProtocolService (GrpcClientProtocolService.java:lambda$processClientRequest$0(278)) - Failed RaftClientRequest:client-2265A94AA220->localhost_10001@group-03E665A0CE68, cid=42, seq=0, RW, Message:321f0a0f0a0d74657374...(size=33), reply=RaftClientReply:client-2265A94AA220->localhost_10001@group-03E665A0CE68, cid=42, FAILED org.apache.ratis.protocol.NotLeaderException: Server localhost_10001@group-03E665A0CE68 is not the leader, logIndex=0, commits[localhost_10001:c-1]
2019-09-24 12:19:52,475 INFO  client.GrpcClientProtocolService (GrpcClientProtocolService.java:lambda$processClientRequest$0(278)) - Failed RaftClientRequest:client-2265A94AA220->localhost_10002@group-03E665A0CE68, cid=42, seq=0, RW, Message:321f0a0f0a0d74657374...(size=33), reply=RaftClientReply:client-2265A94AA220->localhost_10002@group-03E665A0CE68, cid=42, FAILED org.apache.ratis.protocol.NotLeaderException: Server localhost_10002@group-03E665A0CE68 is not the leader, logIndex=0, commits[localhost_10002:c-1]
2019-09-24 12:19:52,477 INFO  client.GrpcClientProtocolService (GrpcClientProtocolService.java:lambda$processClientRequest$0(278)) - Failed RaftClientRequest:client-2265A94AA220->localhost_10001@group-03E665A0CE68, cid=42, seq=0, RW, Message:321f0a0f0a0d74657374...(size=33), reply=RaftClientReply:client-2265A94AA220->localhost_10001@group-03E665A0CE68, cid=42, FAILED org.apache.ratis.protocol.NotLeaderException: Server localhost_10001@group-03E665A0CE68 is not the leader, logIndex=0, commits[localhost_10001:c-1]
2019-09-24 12:19:52,480 INFO  client.GrpcClientProtocolService (GrpcClientProtocolService.java:lambda$processClientRequest$0(278)) - Failed RaftClientRequest:client-2265A94AA220->localhost_10000@group-03E665A0CE68, cid=42, seq=0, RW, Message:321f0a0f0a0d74657374...(size=33), reply=RaftClientReply:client-2265A94AA220->localhost_10000@group-03E665A0CE68, cid=42, FAILED org.apache.ratis.protocol.NotLeaderException: Server localhost_10000@group-03E665A0CE68 is not the leader, logIndex=0, commits[localhost_10000:c-1]
2019-09-24 12:19:52,482 INFO  client.GrpcClientProtocolService (GrpcClientProtocolService.java:lambda$processClientRequest$0(278)) - Failed RaftClientRequest:client-2265A94AA220->localhost_10001@group-03E665A0CE68, cid=42, seq=0, RW, Message:321f0a0f0a0d74657374...(size=33), reply=RaftClientReply:client-2265A94AA220->localhost_10001@group-03E665A0CE68, cid=42, FAILED org.apache.ratis.protocol.NotLeaderException: Server localhost_10001@group-03E665A0CE68 is not the leader, logIndex=0, commits[localhost_10001:c-1]
2019-09-24 12:19:52,484 INFO  client.GrpcClientProtocolService (GrpcClientProtocolService.java:lambda$processClientRequest$0(278)) - Failed RaftClientRequest:client-2265A94AA220->localhost_10002@group-03E665A0CE68, cid=42, seq=0, RW, Message:321f0a0f0a0d74657374...(size=33), reply=RaftClientReply:client-2265A94AA220->localhost_10002@group-03E665A0CE68, cid=42, FAILED org.apache.ratis.protocol.NotLeaderException: Server localhost_10002@group-03E665A0CE68 is not the leader, logIndex=0, commits[localhost_10002:c-1]
2019-09-24 12:19:52,487 INFO  client.GrpcClientProtocolService (GrpcClientProtocolService.java:lambda$processClientRequest$0(278)) - Failed RaftClientRequest:client-2265A94AA220->localhost_10001@group-03E665A0CE68, cid=42, seq=0, RW, Message:321f0a0f0a0d74657374...(size=33), reply=RaftClientReply:client-2265A94AA220->localhost_10001@group-03E665A0CE68, cid=42, FAILED org.apache.ratis.protocol.NotLeaderException: Server localhost_10001@group-03E665A0CE68 is not the leader, logIndex=0, commits[localhost_10001:c-1]
2019-09-24 12:19:52,489 INFO  client.GrpcClientProtocolService (GrpcClientProtocolService.java:lambda$processClientRequest$0(278)) - Failed RaftClientRequest:client-2265A94AA220->localhost_10000@group-03E665A0CE68, cid=42, seq=0, RW, Message:321f0a0f0a0d74657374...(size=33), reply=RaftClientReply:client-2265A94AA220->localhost_10000@group-03E665A0CE68, cid=42, FAILED org.apache.ratis.protocol.NotLeaderException: Server localhost_10000@group-03E665A0CE68 is not the leader, logIndex=0, commits[localhost_10000:c-1]
2019-09-24 12:19:52,491 INFO  client.GrpcClientProtocolService (GrpcClientProtocolService.java:lambda$processClientRequest$0(278)) - Failed RaftClientRequest:client-2265A94AA220->localhost_10001@group-03E665A0CE68, cid=42, seq=0, RW, Message:321f0a0f0a0d74657374...(size=33), reply=RaftClientReply:client-2265A94AA220->localhost_10001@group-03E665A0CE68, cid=42, FAILED org.apache.ratis.protocol.NotLeaderException: Server localhost_10001@group-03E665A0CE68 is not the leader, logIndex=0, commits[localhost_10001:c-1]
2019-09-24 12:19:52,493 INFO  client.GrpcClientProtocolService (GrpcClientProtocolService.java:lambda$processClientRequest$0(278)) - Failed RaftClientRequest:client-2265A94AA220->localhost_10002@group-03E665A0CE68, cid=42, seq=0, RW, Message:321f0a0f0a0d74657374...(size=33), reply=RaftClientReply:client-2265A94AA220->localhost_10002@group-03E665A0CE68, cid=42, FAILED org.apache.ratis.protocol.NotLeaderException: Server localhost_10002@group-03E665A0CE68 is not the leader, logIndex=0, commits[localhost_10002:c-1]
2019-09-24 12:19:52,495 INFO  client.GrpcClientProtocolService (GrpcClientProtocolService.java:lambda$processClientRequest$0(278)) - Failed RaftClientRequest:client-2265A94AA220->localhost_10001@group-03E665A0CE68, cid=42, seq=0, RW, Message:321f0a0f0a0d74657374...(size=33), reply=RaftClientReply:client-2265A94AA220->localhost_10001@group-03E665A0CE68, cid=42, FAILED org.apache.ratis.protocol.NotLeaderException: Server localhost_10001@group-03E665A0CE68 is not the leader, logIndex=0, commits[localhost_10001:c-1]
2019-09-24 12:19:52,497 INFO  client.GrpcClientProtocolService (GrpcClientProtocolService.java:lambda$processClientRequest$0(278)) - Failed RaftClientRequest:client-2265A94AA220->localhost_10002@group-03E665A0CE68, cid=42, seq=0, RW, Message:321f0a0f0a0d74657374...(size=33), reply=RaftClientReply:client-2265A94AA220->localhost_10002@group-03E665A0CE68, cid=42, FAILED org.apache.ratis.protocol.NotLeaderException: Server localhost_10002@group-03E665A0CE68 is not the leader, logIndex=0, commits[localhost_10002:c-1]
2019-09-24 12:19:52,499 INFO  client.GrpcClientProtocolService (GrpcClientProtocolService.java:lambda$processClientRequest$0(278)) - Failed RaftClientRequest:client-2265A94AA220->localhost_10000@group-03E665A0CE68, cid=42, seq=0, RW, Message:321f0a0f0a0d74657374...(size=33), reply=RaftClientReply:client-2265A94AA220->localhost_10000@group-03E665A0CE68, cid=42, FAILED org.apache.ratis.protocol.NotLeaderException: Server localhost_10000@group-03E665A0CE68 is not the leader, logIndex=0, commits[localhost_10000:c-1]
2019-09-24 12:19:52,501 INFO  client.GrpcClientProtocolService (GrpcClientProtocolService.java:lambda$processClientRequest$0(278)) - Failed RaftClientRequest:client-2265A94AA220->localhost_10002@group-03E665A0CE68, cid=42, seq=0, RW, Message:321f0a0f0a0d74657374...(size=33), reply=RaftClientReply:client-2265A94AA220->localhost_10002@group-03E665A0CE68, cid=42, FAILED org.apache.ratis.protocol.NotLeaderException: Server localhost_10002@group-03E665A0CE68 is not the leader, logIndex=0, commits[localhost_10002:c-1]
2019-09-24 12:19:52,503 INFO  client.GrpcClientProtocolService (GrpcClientProtocolService.java:lambda$processClientRequest$0(278)) - Failed RaftClientRequest:client-2265A94AA220->localhost_10000@group-03E665A0CE68, cid=42, seq=0, RW, Message:321f0a0f0a0d74657374...(size=33), reply=RaftClientReply:client-2265A94AA220->localhost_10000@group-03E665A0CE68, cid=42, FAILED org.apache.ratis.protocol.NotLeaderException: Server localhost_10000@group-03E665A0CE68 is not the leader, logIndex=0, commits[localhost_10000:c-1]
2019-09-24 12:19:52,505 INFO  client.GrpcClientProtocolService (GrpcClientProtocolService.java:lambda$processClientRequest$0(278)) - Failed RaftClientRequest:client-2265A94AA220->localhost_10002@group-03E665A0CE68, cid=42, seq=0, RW, Message:321f0a0f0a0d74657374...(size=33), reply=RaftClientReply:client-2265A94AA220->localhost_10002@group-03E665A0CE68, cid=42, FAILED org.apache.ratis.protocol.NotLeaderException: Server localhost_10002@group-03E665A0CE68 is not the leader, logIndex=0, commits[localhost_10002:c-1]
2019-09-24 12:19:52,507 INFO  client.GrpcClientProtocolService (GrpcClientProtocolService.java:lambda$processClientRequest$0(278)) - Failed RaftClientRequest:client-2265A94AA220->localhost_10001@group-03E665A0CE68, cid=42, seq=0, RW, Message:321f0a0f0a0d74657374...(size=33), reply=RaftClientReply:client-2265A94AA220->localhost_10001@group-03E665A0CE68, cid=42, FAILED org.apache.ratis.protocol.NotLeaderException: Server localhost_10001@group-03E665A0CE68 is not the leader, logIndex=0, commits[localhost_10001:c-1]
2019-09-24 12:19:52,510 INFO  client.GrpcClientProtocolService (GrpcClientProtocolService.java:lambda$processClientRequest$0(278)) - Failed RaftClientRequest:client-2265A94AA220->localhost_10000@group-03E665A0CE68, cid=42, seq=0, RW, Message:321f0a0f0a0d74657374...(size=33), reply=RaftClientReply:client-2265A94AA220->localhost_10000@group-03E665A0CE68, cid=42, FAILED org.apache.ratis.protocol.NotLeaderException: Server localhost_10000@group-03E665A0CE68 is not the leader, logIndex=0, commits[localhost_10000:c-1]
2019-09-24 12:19:52,512 INFO  client.GrpcClientProtocolService (GrpcClientProtocolService.java:lambda$processClientRequest$0(278)) - Failed RaftClientRequest:client-2265A94AA220->localhost_10001@group-03E665A0CE68, cid=42, seq=0, RW, Message:321f0a0f0a0d74657374...(size=33), reply=RaftClientReply:client-2265A94AA220->localhost_10001@group-03E665A0CE68, cid=42, FAILED org.apache.ratis.protocol.NotLeaderException: Server localhost_10001@group-03E665A0CE68 is not the leader, logIndex=0, commits[localhost_10001:c-1]
2019-09-24 12:19:52,514 INFO  client.GrpcClientProtocolService (GrpcClientProtocolService.java:lambda$processClientRequest$0(278)) - Failed RaftClientRequest:client-2265A94AA220->localhost_10002@group-03E665A0CE68, cid=42, seq=0, RW, Message:321f0a0f0a0d74657374...(size=33), reply=RaftClientReply:client-2265A94AA220->localhost_10002@group-03E665A0CE68, cid=42, FAILED org.apache.ratis.protocol.NotLeaderException: Server localhost_10002@group-03E665A0CE68 is not the leader, logIndex=0, commits[localhost_10002:c-1]
2019-09-24 12:19:52,516 INFO  client.GrpcClientProtocolService (GrpcClientProtocolService.java:lambda$processClientRequest$0(278)) - Failed RaftClientRequest:client-2265A94AA220->localhost_10000@group-03E665A0CE68, cid=42, seq=0, RW, Message:321f0a0f0a0d74657374...(size=33), reply=RaftClientReply:client-2265A94AA220->localhost_10000@group-03E665A0CE68, cid=42, FAILED org.apache.ratis.protocol.NotLeaderException: Server localhost_10000@group-03E665A0CE68 is not the leader, logIndex=0, commits[localhost_10000:c-1]
2019-09-24 12:19:52,519 INFO  client.GrpcClientProtocolService (GrpcClientProtocolService.java:lambda$processClientRequest$0(278)) - Failed RaftClientRequest:client-2265A94AA220->localhost_10001@group-03E665A0CE68, cid=42, seq=0, RW, Message:321f0a0f0a0d74657374...(size=33), reply=RaftClientReply:client-2265A94AA220->localhost_10001@group-03E665A0CE68, cid=42, FAILED org.apache.ratis.protocol.NotLeaderException: Server localhost_10001@group-03E665A0CE68 is not the leader, logIndex=0, commits[localhost_10001:c-1]
2019-09-24 12:19:52,521 INFO  client.GrpcClientProtocolService (GrpcClientProtocolService.java:lambda$processClientRequest$0(278)) - Failed RaftClientRequest:client-2265A94AA220->localhost_10000@group-03E665A0CE68, cid=42, seq=0, RW, Message:321f0a0f0a0d74657374...(size=33), reply=RaftClientReply:client-2265A94AA220->localhost_10000@group-03E665A0CE68, cid=42, FAILED org.apache.ratis.protocol.NotLeaderException: Server localhost_10000@group-03E665A0CE68 is not the leader, logIndex=0, commits[localhost_10000:c-1]
2019-09-24 12:19:52,524 INFO  client.GrpcClientProtocolService (GrpcClientProtocolService.java:lambda$processClientRequest$0(278)) - Failed RaftClientRequest:client-2265A94AA220->localhost_10001@group-03E665A0CE68, cid=42, seq=0, RW, Message:321f0a0f0a0d74657374...(size=33), reply=RaftClientReply:client-2265A94AA220->localhost_10001@group-03E665A0CE68, cid=42, FAILED org.apache.ratis.protocol.NotLeaderException: Server localhost_10001@group-03E665A0CE68 is not the leader, logIndex=0, commits[localhost_10001:c-1]
2019-09-24 12:19:52,528 INFO  client.GrpcClientProtocolService (GrpcClientProtocolService.java:lambda$processClientRequest$0(278)) - Failed RaftClientRequest:client-2265A94AA220->localhost_10002@group-03E665A0CE68, cid=42, seq=0, RW, Message:321f0a0f0a0d74657374...(size=33), reply=RaftClientReply:client-2265A94AA220->localhost_10002@group-03E665A0CE68, cid=42, FAILED org.apache.ratis.protocol.NotLeaderException: Server localhost_10002@group-03E665A0CE68 is not the leader, logIndex=0, commits[localhost_10002:c-1]
2019-09-24 12:19:52,531 INFO  client.GrpcClientProtocolService (GrpcClientProtocolService.java:lambda$processClientRequest$0(278)) - Failed RaftClientRequest:client-2265A94AA220->localhost_10000@group-03E665A0CE68, cid=42, seq=0, RW, Message:321f0a0f0a0d74657374...(size=33), reply=RaftClientReply:client-2265A94AA220->localhost_10000@group-03E665A0CE68, cid=42, FAILED org.apache.ratis.protocol.NotLeaderException: Server localhost_10000@group-03E665A0CE68 is not the leader, logIndex=0, commits[localhost_10000:c-1]
2019-09-24 12:19:52,534 INFO  client.GrpcClientProtocolService (GrpcClientProtocolService.java:lambda$processClientRequest$0(278)) - Failed RaftClientRequest:client-2265A94AA220->localhost_10001@group-03E665A0CE68, cid=42, seq=0, RW, Message:321f0a0f0a0d74657374...(size=33), reply=RaftClientReply:client-2265A94AA220->localhost_10001@group-03E665A0CE68, cid=42, FAILED org.apache.ratis.protocol.NotLeaderException: Server localhost_10001@group-03E665A0CE68 is not the leader, logIndex=0, commits[localhost_10001:c-1]
2019-09-24 12:19:52,537 INFO  client.GrpcClientProtocolService (GrpcClientProtocolService.java:lambda$processClientRequest$0(278)) - Failed RaftClientRequest:client-2265A94AA220->localhost_10000@group-03E665A0CE68, cid=42, seq=0, RW, Message:321f0a0f0a0d74657374...(size=33), reply=RaftClientReply:client-2265A94AA220->localhost_10000@group-03E665A0CE68, cid=42, FAILED org.apache.ratis.protocol.NotLeaderException: Server localhost_10000@group-03E665A0CE68 is not the leader, logIndex=0, commits[localhost_10000:c-1]
2019-09-24 12:19:52,539 INFO  client.GrpcClientProtocolService (GrpcClientProtocolService.java:lambda$processClientRequest$0(278)) - Failed RaftClientRequest:client-2265A94AA220->localhost_10002@group-03E665A0CE68, cid=42, seq=0, RW, Message:321f0a0f0a0d74657374...(size=33), reply=RaftClientReply:client-2265A94AA220->localhost_10002@group-03E665A0CE68, cid=42, FAILED org.apache.ratis.protocol.NotLeaderException: Server localhost_10002@group-03E665A0CE68 is not the leader, logIndex=0, commits[localhost_10002:c-1]
2019-09-24 12:19:52,542 INFO  client.GrpcClientProtocolService (GrpcClientProtocolService.java:lambda$processClientRequest$0(278)) - Failed RaftClientRequest:client-2265A94AA220->localhost_10000@group-03E665A0CE68, cid=42, seq=0, RW, Message:321f0a0f0a0d74657374...(size=33), reply=RaftClientReply:client-2265A94AA220->localhost_10000@group-03E665A0CE68, cid=42, FAILED org.apache.ratis.protocol.NotLeaderException: Server localhost_10000@group-03E665A0CE68 is not the leader, logIndex=0, commits[localhost_10000:c-1]
2019-09-24 12:19:52,544 INFO  client.GrpcClientProtocolService (GrpcClientProtocolService.java:lambda$processClientRequest$0(278)) - Failed RaftClientRequest:client-2265A94AA220->localhost_10001@group-03E665A0CE68, cid=42, seq=0, RW, Message:321f0a0f0a0d74657374...(size=33), reply=RaftClientReply:client-2265A94AA220->localhost_10001@group-03E665A0CE68, cid=42, FAILED org.apache.ratis.protocol.NotLeaderException: Server localhost_10001@group-03E665A0CE68 is not the leader, logIndex=0, commits[localhost_10001:c-1]
2019-09-24 12:19:52,546 INFO  client.GrpcClientProtocolService (GrpcClientProtocolService.java:lambda$processClientRequest$0(278)) - Failed RaftClientRequest:client-2265A94AA220->localhost_10000@group-03E665A0CE68, cid=42, seq=0, RW, Message:321f0a0f0a0d74657374...(size=33), reply=RaftClientReply:client-2265A94AA220->localhost_10000@group-03E665A0CE68, cid=42, FAILED org.apache.ratis.protocol.NotLeaderException: Server localhost_10000@group-03E665A0CE68 is not the leader, logIndex=0, commits[localhost_10000:c-1]
2019-09-24 12:19:52,548 INFO  client.GrpcClientProtocolService (GrpcClientProtocolService.java:lambda$processClientRequest$0(278)) - Failed RaftClientRequest:client-2265A94AA220->localhost_10001@group-03E665A0CE68, cid=42, seq=0, RW, Message:321f0a0f0a0d74657374...(size=33), reply=RaftClientReply:client-2265A94AA220->localhost_10001@group-03E665A0CE68, cid=42, FAILED org.apache.ratis.protocol.NotLeaderException: Server localhost_10001@group-03E665A0CE68 is not the leader, logIndex=0, commits[localhost_10001:c-1]
2019-09-24 12:19:52,551 INFO  client.GrpcClientProtocolService (GrpcClientProtocolService.java:lambda$processClientRequest$0(278)) - Failed RaftClientRequest:client-2265A94AA220->localhost_10000@group-03E665A0CE68, cid=42, seq=0, RW, Message:321f0a0f0a0d74657374...(size=33), reply=RaftClientReply:client-2265A94AA220->localhost_10000@group-03E665A0CE68, cid=42, FAILED org.apache.ratis.protocol.NotLeaderException: Server localhost_10000@group-03E665A0CE68 is not the leader, logIndex=0, commits[localhost_10000:c-1]
2019-09-24 12:19:52,553 INFO  client.GrpcClientProtocolService (GrpcClientProtocolService.java:lambda$processClientRequest$0(278)) - Failed RaftClientRequest:client-2265A94AA220->localhost_10001@group-03E665A0CE68, cid=42, seq=0, RW, Message:321f0a0f0a0d74657374...(size=33), reply=RaftClientReply:client-2265A94AA220->localhost_10001@group-03E665A0CE68, cid=42, FAILED org.apache.ratis.protocol.NotLeaderException: Server localhost_10001@group-03E665A0CE68 is not the leader, logIndex=0, commits[localhost_10001:c-1]
2019-09-24 12:19:52,556 INFO  client.GrpcClientProtocolService (GrpcClientProtocolService.java:lambda$processClientRequest$0(278)) - Failed RaftClientRequest:client-2265A94AA220->localhost_10002@group-03E665A0CE68, cid=42, seq=0, RW, Message:321f0a0f0a0d74657374...(size=33), reply=RaftClientReply:client-2265A94AA220->localhost_10002@group-03E665A0CE68, cid=42, FAILED org.apache.ratis.protocol.NotLeaderException: Server localhost_10002@group-03E665A0CE68 is not the leader, logIndex=0, commits[localhost_10002:c-1]
2019-09-24 12:19:52,558 INFO  client.GrpcClientProtocolService (GrpcClientProtocolService.java:lambda$processClientRequest$0(278)) - Failed RaftClientRequest:client-2265A94AA220->localhost_10001@group-03E665A0CE68, cid=42, seq=0, RW, Message:321f0a0f0a0d74657374...(size=33), reply=RaftClientReply:client-2265A94AA220->localhost_10001@group-03E665A0CE68, cid=42, FAILED org.apache.ratis.protocol.NotLeaderException: Server localhost_10001@group-03E665A0CE68 is not the leader, logIndex=0, commits[localhost_10001:c-1]
2019-09-24 12:19:52,561 INFO  client.GrpcClientProtocolService (GrpcClientProtocolService.java:lambda$processClientRequest$0(278)) - Failed RaftClientRequest:client-2265A94AA220->localhost_10002@group-03E665A0CE68, cid=42, seq=0, RW, Message:321f0a0f0a0d74657374...(size=33), reply=RaftClientReply:client-2265A94AA220->localhost_10002@group-03E665A0CE68, cid=42, FAILED org.apache.ratis.protocol.NotLeaderException: Server localhost_10002@group-03E665A0CE68 is not the leader, logIndex=0, commits[localhost_10002:c-1]
2019-09-24 12:19:52,563 INFO  client.GrpcClientProtocolService (GrpcClientProtocolService.java:lambda$processClientRequest$0(278)) - Failed RaftClientRequest:client-2265A94AA220->localhost_10000@group-03E665A0CE68, cid=42, seq=0, RW, Message:321f0a0f0a0d74657374...(size=33), reply=RaftClientReply:client-2265A94AA220->localhost_10000@group-03E665A0CE68, cid=42, FAILED org.apache.ratis.protocol.NotLeaderException: Server localhost_10000@group-03E665A0CE68 is not the leader, logIndex=0, commits[localhost_10000:c-1]
2019-09-24 12:19:52,565 INFO  client.GrpcClientProtocolService (GrpcClientProtocolService.java:lambda$processClientRequest$0(278)) - Failed RaftClientRequest:client-2265A94AA220->localhost_10001@group-03E665A0CE68, cid=42, seq=0, RW, Message:321f0a0f0a0d74657374...(size=33), reply=RaftClientReply:client-2265A94AA220->localhost_10001@group-03E665A0CE68, cid=42, FAILED org.apache.ratis.protocol.NotLeaderException: Server localhost_10001@group-03E665A0CE68 is not the leader, logIndex=0, commits[localhost_10001:c-1]
2019-09-24 12:19:52,568 INFO  client.GrpcClientProtocolService (GrpcClientProtocolService.java:lambda$processClientRequest$0(278)) - Failed RaftClientRequest:client-2265A94AA220->localhost_10000@group-03E665A0CE68, cid=42, seq=0, RW, Message:321f0a0f0a0d74657374...(size=33), reply=RaftClientReply:client-2265A94AA220->localhost_10000@group-03E665A0CE68, cid=42, FAILED org.apache.ratis.protocol.NotLeaderException: Server localhost_10000@group-03E665A0CE68 is not the leader, logIndex=0, commits[localhost_10000:c-1]
2019-09-24 12:19:52,570 INFO  client.GrpcClientProtocolService (GrpcClientProtocolService.java:lambda$processClientRequest$0(278)) - Failed RaftClientRequest:client-2265A94AA220->localhost_10001@group-03E665A0CE68, cid=42, seq=0, RW, Message:321f0a0f0a0d74657374...(size=33), reply=RaftClientReply:client-2265A94AA220->localhost_10001@group-03E665A0CE68, cid=42, FAILED org.apache.ratis.protocol.NotLeaderException: Server localhost_10001@group-03E665A0CE68 is not the leader, logIndex=0, commits[localhost_10001:c-1]
2019-09-24 12:19:52,573 INFO  client.GrpcClientProtocolService (GrpcClientProtocolService.java:lambda$processClientRequest$0(278)) - Failed RaftClientRequest:client-2265A94AA220->localhost_10002@group-03E665A0CE68, cid=42, seq=0, RW, Message:321f0a0f0a0d74657374...(size=33), reply=RaftClientReply:client-2265A94AA220->localhost_10002@group-03E665A0CE68, cid=42, FAILED org.apache.ratis.protocol.NotLeaderException: Server localhost_10002@group-03E665A0CE68 is not the leader, logIndex=0, commits[localhost_10002:c-1]
2019-09-24 12:19:52,575 INFO  client.GrpcClientProtocolService (GrpcClientProtocolService.java:lambda$processClientRequest$0(278)) - Failed RaftClientRequest:client-2265A94AA220->localhost_10001@group-03E665A0CE68, cid=42, seq=0, RW, Message:321f0a0f0a0d74657374...(size=33), reply=RaftClientReply:client-2265A94AA220->localhost_10001@group-03E665A0CE68, cid=42, FAILED org.apache.ratis.protocol.NotLeaderException: Server localhost_10001@group-03E665A0CE68 is not the leader, logIndex=0, commits[localhost_10001:c-1]
2019-09-24 12:19:52,578 INFO  client.GrpcClientProtocolService (GrpcClientProtocolService.java:lambda$processClientRequest$0(278)) - Failed RaftClientRequest:client-2265A94AA220->localhost_10000@group-03E665A0CE68, cid=42, seq=0, RW, Message:321f0a0f0a0d74657374...(size=33), reply=RaftClientReply:client-2265A94AA220->localhost_10000@group-03E665A0CE68, cid=42, FAILED org.apache.ratis.protocol.NotLeaderException: Server localhost_10000@group-03E665A0CE68 is not the leader, logIndex=0, commits[localhost_10000:c-1]
2019-09-24 12:19:52,581 INFO  client.GrpcClientProtocolService (GrpcClientProtocolService.java:lambda$processClientRequest$0(278)) - Failed RaftClientRequest:client-2265A94AA220->localhost_10002@group-03E665A0CE68, cid=42, seq=0, RW, Message:321f0a0f0a0d74657374...(size=33), reply=RaftClientReply:client-2265A94AA220->localhost_10002@group-03E665A0CE68, cid=42, FAILED org.apache.ratis.protocol.NotLeaderException: Server localhost_10002@group-03E665A0CE68 is not the leader, logIndex=0, commits[localhost_10002:c-1]
2019-09-24 12:19:52,584 INFO  client.GrpcClientProtocolService (GrpcClientProtocolService.java:lambda$processClientRequest$0(278)) - Failed RaftClientRequest:client-2265A94AA220->localhost_10000@group-03E665A0CE68, cid=42, seq=0, RW, Message:321f0a0f0a0d74657374...(size=33), reply=RaftClientReply:client-2265A94AA220->localhost_10000@group-03E665A0CE68, cid=42, FAILED org.apache.ratis.protocol.NotLeaderException: Server localhost_10000@group-03E665A0CE68 is not the leader, logIndex=0, commits[localhost_10000:c-1]
2019-09-24 12:19:52,587 INFO  client.GrpcClientProtocolService (GrpcClientProtocolService.java:lambda$processClientRequest$0(278)) - Failed RaftClientRequest:client-2265A94AA220->localhost_10002@group-03E665A0CE68, cid=42, seq=0, RW, Message:321f0a0f0a0d74657374...(size=33), reply=RaftClientReply:client-2265A94AA220->localhost_10002@group-03E665A0CE68, cid=42, FAILED org.apache.ratis.protocol.NotLeaderException: Server localhost_10002@group-03E665A0CE68 is not the leader, logIndex=0, commits[localhost_10002:c-1]
2019-09-24 12:19:52,589 INFO  client.GrpcClientProtocolService (GrpcClientProtocolService.java:lambda$processClientRequest$0(278)) - Failed RaftClientRequest:client-2265A94AA220->localhost_10000@group-03E665A0CE68, cid=42, seq=0, RW, Message:321f0a0f0a0d74657374...(size=33), reply=RaftClientReply:client-2265A94AA220->localhost_10000@group-03E665A0CE68, cid=42, FAILED org.apache.ratis.protocol.NotLeaderException: Server localhost_10000@group-03E665A0CE68 is not the leader, logIndex=0, commits[localhost_10000:c-1]
2019-09-24 12:19:52,592 INFO  client.GrpcClientProtocolService (GrpcClientProtocolService.java:lambda$processClientRequest$0(278)) - Failed RaftClientRequest:client-2265A94AA220->localhost_10002@group-03E665A0CE68, cid=42, seq=0, RW, Message:321f0a0f0a0d74657374...(size=33), reply=RaftClientReply:client-2265A94AA220->localhost_10002@group-03E665A0CE68, cid=42, FAILED org.apache.ratis.protocol.NotLeaderException: Server localhost_10002@group-03E665A0CE68 is not the leader, logIndex=0, commits[localhost_10002:c-1]
2019-09-24 12:19:52,594 INFO  client.GrpcClientProtocolService (GrpcClientProtocolService.java:lambda$processClientRequest$0(278)) - Failed RaftClientRequest:client-2265A94AA220->localhost_10001@group-03E665A0CE68, cid=42, seq=0, RW, Message:321f0a0f0a0d74657374...(size=33), reply=RaftClientReply:client-2265A94AA220->localhost_10001@group-03E665A0CE68, cid=42, FAILED org.apache.ratis.protocol.NotLeaderException: Server localhost_10001@group-03E665A0CE68 is not the leader, logIndex=0, commits[localhost_10001:c-1]
2019-09-24 12:19:52,597 INFO  client.GrpcClientProtocolService (GrpcClientProtocolService.java:lambda$processClientRequest$0(278)) - Failed RaftClientRequest:client-2265A94AA220->localhost_10002@group-03E665A0CE68, cid=42, seq=0, RW, Message:321f0a0f0a0d74657374...(size=33), reply=RaftClientReply:client-2265A94AA220->localhost_10002@group-03E665A0CE68, cid=42, FAILED org.apache.ratis.protocol.NotLeaderException: Server localhost_10002@group-03E665A0CE68 is not the leader, logIndex=0, commits[localhost_10002:c-1]
2019-09-24 12:19:52,600 INFO  client.GrpcClientProtocolService (GrpcClientProtocolService.java:lambda$processClientRequest$0(278)) - Failed RaftClientRequest:client-2265A94AA220->localhost_10000@group-03E665A0CE68, cid=42, seq=0, RW, Message:321f0a0f0a0d74657374...(size=33), reply=RaftClientReply:client-2265A94AA220->localhost_10000@group-03E665A0CE68, cid=42, FAILED org.apache.ratis.protocol.NotLeaderException: Server localhost_10000@group-03E665A0CE68 is not the leader, logIndex=0, commits[localhost_10000:c-1]
2019-09-24 12:19:52,603 INFO  client.GrpcClientProtocolService (GrpcClientProtocolService.java:lambda$processClientRequest$0(278)) - Failed RaftClientRequest:client-2265A94AA220->localhost_10001@group-03E665A0CE68, cid=42, seq=0, RW, Message:321f0a0f0a0d74657374...(size=33), reply=RaftClientReply:client-2265A94AA220->localhost_10001@group-03E665A0CE68, cid=42, FAILED org.apache.ratis.protocol.NotLeaderException: Server localhost_10001@group-03E665A0CE68 is not the leader, logIndex=0, commits[localhost_10001:c-1]
2019-09-24 12:19:52,605 INFO  client.GrpcClientProtocolService (GrpcClientProtocolService.java:lambda$processClientRequest$0(278)) - Failed RaftClientRequest:client-2265A94AA220->localhost_10000@group-03E665A0CE68, cid=42, seq=0, RW, Message:321f0a0f0a0d74657374...(size=33), reply=RaftClientReply:client-2265A94AA220->localhost_10000@group-03E665A0CE68, cid=42, FAILED org.apache.ratis.protocol.NotLeaderException: Server localhost_10000@group-03E665A0CE68 is not the leader, logIndex=0, commits[localhost_10000:c-1]
2019-09-24 12:19:52,608 INFO  client.GrpcClientProtocolService (GrpcClientProtocolService.java:lambda$processClientRequest$0(278)) - Failed RaftClientRequest:client-2265A94AA220->localhost_10002@group-03E665A0CE68, cid=42, seq=0, RW, Message:321f0a0f0a0d74657374...(size=33), reply=RaftClientReply:client-2265A94AA220->localhost_10002@group-03E665A0CE68, cid=42, FAILED org.apache.ratis.protocol.NotLeaderException: Server localhost_10002@group-03E665A0CE68 is not the leader, logIndex=0, commits[localhost_10002:c-1]
2019-09-24 12:19:52,611 INFO  client.GrpcClientProtocolService (GrpcClientProtocolService.java:lambda$processClientRequest$0(278)) - Failed RaftClientRequest:client-2265A94AA220->localhost_10001@group-03E665A0CE68, cid=42, seq=0, RW, Message:321f0a0f0a0d74657374...(size=33), reply=RaftClientReply:client-2265A94AA220->localhost_10001@group-03E665A0CE68, cid=42, FAILED org.apache.ratis.protocol.NotLeaderException: Server localhost_10001@group-03E665A0CE68 is not the leader, logIndex=0, commits[localhost_10001:c-1]
2019-09-24 12:19:52,613 INFO  client.GrpcClientProtocolService (GrpcClientProtocolService.java:lambda$processClientRequest$0(278)) - Failed RaftClientRequest:client-2265A94AA220->localhost_10002@group-03E665A0CE68, cid=42, seq=0, RW, Message:321f0a0f0a0d74657374...(size=33), reply=RaftClientReply:client-2265A94AA220->localhost_10002@group-03E665A0CE68, cid=42, FAILED org.apache.ratis.protocol.NotLeaderException: Server localhost_10002@group-03E665A0CE68 is not the leader, logIndex=0, commits[localhost_10002:c-1]
2019-09-24 12:19:52,616 INFO  client.GrpcClientProtocolService (GrpcClientProtocolService.java:lambda$processClientRequest$0(278)) - Failed RaftClientRequest:client-2265A94AA220->localhost_10000@group-03E665A0CE68, cid=42, seq=0, RW, Message:321f0a0f0a0d74657374...(size=33), reply=RaftClientReply:client-2265A94AA220->localhost_10000@group-03E665A0CE68, cid=42, FAILED org.apache.ratis.protocol.NotLeaderException: Server localhost_10000@group-03E665A0CE68 is not the leader, logIndex=0, commits[localhost_10000:c-1]
2019-09-24 12:19:52,618 INFO  client.GrpcClientProtocolService (GrpcClientProtocolService.java:lambda$processClientRequest$0(278)) - Failed RaftClientRequest:client-2265A94AA220->localhost_10002@group-03E665A0CE68, cid=42, seq=0, RW, Message:321f0a0f0a0d74657374...(size=33), reply=RaftClientReply:client-2265A94AA220->localhost_10002@group-03E665A0CE68, cid=42, FAILED org.apache.ratis.protocol.NotLeaderException: Server localhost_10002@group-03E665A0CE68 is not the leader, logIndex=0, commits[localhost_10002:c-1]
2019-09-24 12:19:52,621 INFO  client.GrpcClientProtocolService (GrpcClientProtocolService.java:lambda$processClientRequest$0(278)) - Failed RaftClientRequest:client-2265A94AA220->localhost_10001@group-03E665A0CE68, cid=42, seq=0, RW, Message:321f0a0f0a0d74657374...(size=33), reply=RaftClientReply:client-2265A94AA220->localhost_10001@group-03E665A0CE68, cid=42, FAILED org.apache.ratis.protocol.NotLeaderException: Server localhost_10001@group-03E665A0CE68 is not the leader, logIndex=0, commits[localhost_10001:c-1]
2019-09-24 12:19:52,624 INFO  client.GrpcClientProtocolService (GrpcClientProtocolService.java:lambda$processClientRequest$0(278)) - Failed RaftClientRequest:client-2265A94AA220->localhost_10002@group-03E665A0CE68, cid=42, seq=0, RW, Message:321f0a0f0a0d74657374...(size=33), reply=RaftClientReply:client-2265A94AA220->localhost_10002@group-03E665A0CE68, cid=42, FAILED org.apache.ratis.protocol.NotLeaderException: Server localhost_10002@group-03E665A0CE68 is not the leader, logIndex=0, commits[localhost_10002:c-1]
2019-09-24 12:19:52,627 INFO  client.GrpcClientProtocolService (GrpcClientProtocolService.java:lambda$processClientRequest$0(278)) - Failed RaftClientRequest:client-2265A94AA220->localhost_10001@group-03E665A0CE68, cid=42, seq=0, RW, Message:321f0a0f0a0d74657374...(size=33), reply=RaftClientReply:client-2265A94AA220->localhost_10001@group-03E665A0CE68, cid=42, FAILED org.apache.ratis.protocol.NotLeaderException: Server localhost_10001@group-03E665A0CE68 is not the leader, logIndex=0, commits[localhost_10001:c-1]
2019-09-24 12:19:52,630 INFO  client.GrpcClientProtocolService (GrpcClientProtocolService.java:lambda$processClientRequest$0(278)) - Failed RaftClientRequest:client-2265A94AA220->localhost_10000@group-03E665A0CE68, cid=42, seq=0, RW, Message:321f0a0f0a0d74657374...(size=33), reply=RaftClientReply:client-2265A94AA220->localhost_10000@group-03E665A0CE68, cid=42, FAILED org.apache.ratis.protocol.NotLeaderException: Server localhost_10000@group-03E665A0CE68 is not the leader, logIndex=0, commits[localhost_10000:c-1]
2019-09-24 12:19:52,632 INFO  client.GrpcClientProtocolService (GrpcClientProtocolService.java:lambda$processClientRequest$0(278)) - Failed RaftClientRequest:client-2265A94AA220->localhost_10002@group-03E665A0CE68, cid=42, seq=0, RW, Message:321f0a0f0a0d74657374...(size=33), reply=RaftClientReply:client-2265A94AA220->localhost_10002@group-03E665A0CE68, cid=42, FAILED org.apache.ratis.protocol.NotLeaderException: Server localhost_10002@group-03E665A0CE68 is not the leader, logIndex=0, commits[localhost_10002:c-1]
2019-09-24 12:19:52,635 INFO  client.GrpcClientProtocolService (GrpcClientProtocolService.java:lambda$processClientRequest$0(278)) - Failed RaftClientRequest:client-2265A94AA220->localhost_10001@group-03E665A0CE68, cid=42, seq=0, RW, Message:321f0a0f0a0d74657374...(size=33), reply=RaftClientReply:client-2265A94AA220->localhost_10001@group-03E665A0CE68, cid=42, FAILED org.apache.ratis.protocol.NotLeaderException: Server localhost_10001@group-03E665A0CE68 is not the leader, logIndex=0, commits[localhost_10001:c-1]
2019-09-24 12:19:52,638 INFO  client.GrpcClientProtocolService (GrpcClientProtocolService.java:lambda$processClientRequest$0(278)) - Failed RaftClientRequest:client-2265A94AA220->localhost_10002@group-03E665A0CE68, cid=42, seq=0, RW, Message:321f0a0f0a0d74657374...(size=33), reply=RaftClientReply:client-2265A94AA220->localhost_10002@group-03E665A0CE68, cid=42, FAILED org.apache.ratis.protocol.NotLeaderException: Server localhost_10002@group-03E665A0CE68 is not the leader, logIndex=0, commits[localhost_10002:c-1]
2019-09-24 12:19:52,641 INFO  client.GrpcClientProtocolService (GrpcClientProtocolService.java:lambda$processClientRequest$0(278)) - Failed RaftClientRequest:client-2265A94AA220->localhost_10001@group-03E665A0CE68, cid=42, seq=0, RW, Message:321f0a0f0a0d74657374...(size=33), reply=RaftClientReply:client-2265A94AA220->localhost_10001@group-03E665A0CE68, cid=42, FAILED org.apache.ratis.protocol.NotLeaderException: Server localhost_10001@group-03E665A0CE68 is not the leader, logIndex=0, commits[localhost_10001:c-1]
2019-09-24 12:19:52,644 INFO  client.GrpcClientProtocolService (GrpcClientProtocolService.java:lambda$processClientRequest$0(278)) - Failed RaftClientRequest:client-2265A94AA220->localhost_10000@group-03E665A0CE68, cid=42, seq=0, RW, Message:321f0a0f0a0d74657374...(size=33), reply=RaftClientReply:client-2265A94AA220->localhost_10000@group-03E665A0CE68, cid=42, FAILED org.apache.ratis.protocol.NotLeaderException: Server localhost_10000@group-03E665A0CE68 is not the leader, logIndex=0, commits[localhost_10000:c-1]
2019-09-24 12:19:52,647 INFO  client.GrpcClientProtocolService (GrpcClientProtocolService.java:lambda$processClientRequest$0(278)) - Failed RaftClientRequest:client-2265A94AA220->localhost_10002@group-03E665A0CE68, cid=42, seq=0, RW, Message:321f0a0f0a0d74657374...(size=33), reply=RaftClientReply:client-2265A94AA220->localhost_10002@group-03E665A0CE68, cid=42, FAILED org.apache.ratis.protocol.NotLeaderException: Server localhost_10002@group-03E665A0CE68 is not the leader, logIndex=0, commits[localhost_10002:c-1]
2019-09-24 12:19:52,650 INFO  client.GrpcClientProtocolService (GrpcClientProtocolService.java:lambda$processClientRequest$0(278)) - Failed RaftClientRequest:client-2265A94AA220->localhost_10001@group-03E665A0CE68, cid=42, seq=0, RW, Message:321f0a0f0a0d74657374...(size=33), reply=RaftClientReply:client-2265A94AA220->localhost_10001@group-03E665A0CE68, cid=42, FAILED org.apache.ratis.protocol.NotLeaderException: Server localhost_10001@group-03E665A0CE68 is not the leader, logIndex=0, commits[localhost_10001:c-1]
2019-09-24 12:19:52,653 INFO  client.GrpcClientProtocolService (GrpcClientProtocolService.java:lambda$processClientRequest$0(278)) - Failed RaftClientRequest:client-2265A94AA220->localhost_10000@group-03E665A0CE68, cid=42, seq=0, RW, Message:321f0a0f0a0d74657374...(size=33), reply=RaftClientReply:client-2265A94AA220->localhost_10000@group-03E665A0CE68, cid=42, FAILED org.apache.ratis.protocol.NotLeaderException: Server localhost_10000@group-03E665A0CE68 is not the leader, logIndex=0, commits[localhost_10000:c-1]
2019-09-24 12:19:52,656 INFO  client.GrpcClientProtocolService (GrpcClientProtocolService.java:lambda$processClientRequest$0(278)) - Failed RaftClientRequest:client-2265A94AA220->localhost_10002@group-03E665A0CE68, cid=42, seq=0, RW, Message:321f0a0f0a0d74657374...(size=33), reply=RaftClientReply:client-2265A94AA220->localhost_10002@group-03E665A0CE68, cid=42, FAILED org.apache.ratis.protocol.NotLeaderException: Server localhost_10002@group-03E665A0CE68 is not the leader, logIndex=0, commits[localhost_10002:c-1]
2019-09-24 12:19:52,659 INFO  client.GrpcClientProtocolService (GrpcClientProtocolService.java:lambda$processClientRequest$0(278)) - Failed RaftClientRequest:client-2265A94AA220->localhost_10001@group-03E665A0CE68, cid=42, seq=0, RW, Message:321f0a0f0a0d74657374...(size=33), reply=RaftClientReply:client-2265A94AA220->localhost_10001@group-03E665A0CE68, cid=42, FAILED org.apache.ratis.protocol.NotLeaderException: Server localhost_10001@group-03E665A0CE68 is not the leader, logIndex=0, commits[localhost_10001:c-1]
2019-09-24 12:19:52,662 INFO  client.GrpcClientProtocolService (GrpcClientProtocolService.java:lambda$processClientRequest$0(278)) - Failed RaftClientRequest:client-2265A94AA220->localhost_10000@group-03E665A0CE68, cid=42, seq=0, RW, Message:321f0a0f0a0d74657374...(size=33), reply=RaftClientReply:client-2265A94AA220->localhost_10000@group-03E665A0CE68, cid=42, FAILED org.apache.ratis.protocol.NotLeaderException: Server localhost_10000@group-03E665A0CE68 is not the leader, logIndex=0, commits[localhost_10000:c-1]
2019-09-24 12:19:52,664 INFO  client.GrpcClientProtocolService (GrpcClientProtocolService.java:lambda$processClientRequest$0(278)) - Failed RaftClientRequest:client-2265A94AA220->localhost_10002@group-03E665A0CE68, cid=42, seq=0, RW, Message:321f0a0f0a0d74657374...(size=33), reply=RaftClientReply:client-2265A94AA220->localhost_10002@group-03E665A0CE68, cid=42, FAILED org.apache.ratis.protocol.NotLeaderException: Server localhost_10002@group-03E665A0CE68 is not the leader, logIndex=0, commits[localhost_10002:c-1]
2019-09-24 12:19:52,667 INFO  client.GrpcClientProtocolService (GrpcClientProtocolService.java:lambda$processClientRequest$0(278)) - Failed RaftClientRequest:client-2265A94AA220->localhost_10001@group-03E665A0CE68, cid=42, seq=0, RW, Message:321f0a0f0a0d74657374...(size=33), reply=RaftClientReply:client-2265A94AA220->localhost_10001@group-03E665A0CE68, cid=42, FAILED org.apache.ratis.protocol.NotLeaderException: Server localhost_10001@group-03E665A0CE68 is not the leader, logIndex=0, commits[localhost_10001:c-1]
2019-09-24 12:19:52,670 INFO  client.GrpcClientProtocolService (GrpcClientProtocolService.java:lambda$processClientRequest$0(278)) - Failed RaftClientRequest:client-2265A94AA220->localhost_10000@group-03E665A0CE68, cid=42, seq=0, RW, Message:321f0a0f0a0d74657374...(size=33), reply=RaftClientReply:client-2265A94AA220->localhost_10000@group-03E665A0CE68, cid=42, FAILED org.apache.ratis.protocol.NotLeaderException: Server localhost_10000@group-03E665A0CE68 is not the leader, logIndex=0, commits[localhost_10000:c-1]
2019-09-24 12:19:52,673 INFO  client.GrpcClientProtocolService (GrpcClientProtocolService.java:lambda$processClientRequest$0(278)) - Failed RaftClientRequest:client-2265A94AA220->localhost_10001@group-03E665A0CE68, cid=42, seq=0, RW, Message:321f0a0f0a0d74657374...(size=33), reply=RaftClientReply:client-2265A94AA220->localhost_10001@group-03E665A0CE68, cid=42, FAILED org.apache.ratis.protocol.NotLeaderException: Server localhost_10001@group-03E665A0CE68 is not the leader, logIndex=0, commits[localhost_10001:c-1]
2019-09-24 12:19:52,675 INFO  client.GrpcClientProtocolService (GrpcClientProtocolService.java:lambda$processClientRequest$0(278)) - Failed RaftClientRequest:client-2265A94AA220->localhost_10000@group-03E665A0CE68, cid=42, seq=0, RW, Message:321f0a0f0a0d74657374...(size=33), reply=RaftClientReply:client-2265A94AA220->localhost_10000@group-03E665A0CE68, cid=42, FAILED org.apache.ratis.protocol.NotLeaderException: Server localhost_10000@group-03E665A0CE68 is not the leader, logIndex=0, commits[localhost_10000:c-1]
2019-09-24 12:19:52,678 INFO  client.GrpcClientProtocolService (GrpcClientProtocolService.java:lambda$processClientRequest$0(278)) - Failed RaftClientRequest:client-2265A94AA220->localhost_10002@group-03E665A0CE68, cid=42, seq=0, RW, Message:321f0a0f0a0d74657374...(size=33), reply=RaftClientReply:client-2265A94AA220->localhost_10002@group-03E665A0CE68, cid=42, FAILED org.apache.ratis.protocol.NotLeaderException: Server localhost_10002@group-03E665A0CE68 is not the leader, logIndex=0, commits[localhost_10002:c-1]
2019-09-24 12:19:52,680 INFO  client.GrpcClientProtocolService (GrpcClientProtocolService.java:lambda$processClientRequest$0(278)) - Failed RaftClientRequest:client-2265A94AA220->localhost_10000@group-03E665A0CE68, cid=42, seq=0, RW, Message:321f0a0f0a0d74657374...(size=33), reply=RaftClientReply:client-2265A94AA220->localhost_10000@group-03E665A0CE68, cid=42, FAILED org.apache.ratis.protocol.NotLeaderException: Server localhost_10000@group-03E665A0CE68 is not the leader, logIndex=0, commits[localhost_10000:c-1]
2019-09-24 12:19:52,683 INFO  client.GrpcClientProtocolService (GrpcClientProtocolService.java:lambda$processClientRequest$0(278)) - Failed RaftClientRequest:client-2265A94AA220->localhost_10001@group-03E665A0CE68, cid=42, seq=0, RW, Message:321f0a0f0a0d74657374...(size=33), reply=RaftClientReply:client-2265A94AA220->localhost_10001@group-03E665A0CE68, cid=42, FAILED org.apache.ratis.protocol.NotLeaderException: Server localhost_10001@group-03E665A0CE68 is not the leader, logIndex=0, commits[localhost_10001:c-1]
2019-09-24 12:19:52,686 INFO  client.GrpcClientProtocolService (GrpcClientProtocolService.java:lambda$processClientRequest$0(278)) - Failed RaftClientRequest:client-2265A94AA220->localhost_10002@group-03E665A0CE68, cid=42, seq=0, RW, Message:321f0a0f0a0d74657374...(size=33), reply=RaftClientReply:client-2265A94AA220->localhost_10002@group-03E665A0CE68, cid=42, FAILED org.apache.ratis.protocol.NotLeaderException: Server localhost_10002@group-03E665A0CE68 is not the leader, logIndex=0, commits[localhost_10002:c-1]
2019-09-24 12:19:52,688 INFO  client.GrpcClientProtocolService (GrpcClientProtocolService.java:lambda$processClientRequest$0(278)) - Failed RaftClientRequest:client-2265A94AA220->localhost_10001@group-03E665A0CE68, cid=42, seq=0, RW, Message:321f0a0f0a0d74657374...(size=33), reply=RaftClientReply:client-2265A94AA220->localhost_10001@group-03E665A0CE68, cid=42, FAILED org.apache.ratis.protocol.NotLeaderException: Server localhost_10001@group-03E665A0CE68 is not the leader, logIndex=0, commits[localhost_10001:c-1]
2019-09-24 12:19:52,691 INFO  client.GrpcClientProtocolService (GrpcClientProtocolService.java:lambda$processClientRequest$0(278)) - Failed RaftClientRequest:client-2265A94AA220->localhost_10002@group-03E665A0CE68, cid=42, seq=0, RW, Message:321f0a0f0a0d74657374...(size=33), reply=RaftClientReply:client-2265A94AA220->localhost_10002@group-03E665A0CE68, cid=42, FAILED org.apache.ratis.protocol.NotLeaderException: Server localhost_10002@group-03E665A0CE68 is not the leader, logIndex=0, commits[localhost_10002:c-1]
2019-09-24 12:19:52,694 INFO  client.GrpcClientProtocolService (GrpcClientProtocolService.java:lambda$processClientRequest$0(278)) - Failed RaftClientRequest:client-2265A94AA220->localhost_10001@group-03E665A0CE68, cid=42, seq=0, RW, Message:321f0a0f0a0d74657374...(size=33), reply=RaftClientReply:client-2265A94AA220->localhost_10001@group-03E665A0CE68, cid=42, FAILED org.apache.ratis.protocol.NotLeaderException: Server localhost_10001@group-03E665A0CE68 is not the leader, logIndex=0, commits[localhost_10001:c-1]
2019-09-24 12:19:52,696 INFO  client.GrpcClientProtocolService (GrpcClientProtocolService.java:lambda$processClientRequest$0(278)) - Failed RaftClientRequest:client-2265A94AA220->localhost_10000@group-03E665A0CE68, cid=42, seq=0, RW, Message:321f0a0f0a0d74657374...(size=33), reply=RaftClientReply:client-2265A94AA220->localhost_10000@group-03E665A0CE68, cid=42, FAILED org.apache.ratis.protocol.NotLeaderException: Server localhost_10000@group-03E665A0CE68 is not the leader, logIndex=0, commits[localhost_10000:c-1]
2019-09-24 12:19:52,701 INFO  client.GrpcClientProtocolService (GrpcClientProtocolService.java:lambda$processClientRequest$0(278)) - Failed RaftClientRequest:client-2265A94AA220->localhost_10002@group-03E665A0CE68, cid=42, seq=0, RW, Message:321f0a0f0a0d74657374...(size=33), reply=RaftClientReply:client-2265A94AA220->localhost_10002@group-03E665A0CE68, cid=42, FAILED org.apache.ratis.protocol.NotLeaderException: Server localhost_10002@group-03E665A0CE68 is not the leader, logIndex=0, commits[localhost_10002:c-1]
2019-09-24 12:19:52,703 INFO  client.GrpcClientProtocolService (GrpcClientProtocolService.java:lambda$processClientRequest$0(278)) - Failed RaftClientRequest:client-2265A94AA220->localhost_10000@group-03E665A0CE68, cid=42, seq=0, RW, Message:321f0a0f0a0d74657374...(size=33), reply=RaftClientReply:client-2265A94AA220->localhost_10000@group-03E665A0CE68, cid=42, FAILED org.apache.ratis.protocol.NotLeaderException: Server localhost_10000@group-03E665A0CE68 is not the leader, logIndex=0, commits[localhost_10000:c-1]
2019-09-24 12:19:52,706 INFO  client.GrpcClientProtocolService (GrpcClientProtocolService.java:lambda$processClientRequest$0(278)) - Failed RaftClientRequest:client-2265A94AA220->localhost_10002@group-03E665A0CE68, cid=42, seq=0, RW, Message:321f0a0f0a0d74657374...(size=33), reply=RaftClientReply:client-2265A94AA220->localhost_10002@group-03E665A0CE68, cid=42, FAILED org.apache.ratis.protocol.NotLeaderException: Server localhost_10002@group-03E665A0CE68 is not the leader, logIndex=0, commits[localhost_10002:c-1]
2019-09-24 12:19:52,709 INFO  client.GrpcClientProtocolService (GrpcClientProtocolService.java:lambda$processClientRequest$0(278)) - Failed RaftClientRequest:client-2265A94AA220->localhost_10001@group-03E665A0CE68, cid=42, seq=0, RW, Message:321f0a0f0a0d74657374...(size=33), reply=RaftClientReply:client-2265A94AA220->localhost_10001@group-03E665A0CE68, cid=42, FAILED org.apache.ratis.protocol.NotLeaderException: Server localhost_10001@group-03E665A0CE68 is not the leader, logIndex=0, commits[localhost_10001:c-1]
2019-09-24 12:19:52,711 INFO  client.GrpcClientProtocolService (GrpcClientProtocolService.java:lambda$processClientRequest$0(278)) - Failed RaftClientRequest:client-2265A94AA220->localhost_10002@group-03E665A0CE68, cid=42, seq=0, RW, Message:321f0a0f0a0d74657374...(size=33), reply=RaftClientReply:client-2265A94AA220->localhost_10002@group-03E665A0CE68, cid=42, FAILED org.apache.ratis.protocol.NotLeaderException: Server localhost_10002@group-03E665A0CE68 is not the leader, logIndex=0, commits[localhost_10002:c-1]
2019-09-24 12:19:52,714 INFO  client.GrpcClientProtocolService (GrpcClientProtocolService.java:lambda$processClientRequest$0(278)) - Failed RaftClientRequest:client-2265A94AA220->localhost_10001@group-03E665A0CE68, cid=42, seq=0, RW, Message:321f0a0f0a0d74657374...(size=33), reply=RaftClientReply:client-2265A94AA220->localhost_10001@group-03E665A0CE68, cid=42, FAILED org.apache.ratis.protocol.NotLeaderException: Server localhost_10001@group-03E665A0CE68 is not the leader, logIndex=0, commits[localhost_10001:c-1]
2019-09-24 12:19:52,716 INFO  client.GrpcClientProtocolService (GrpcClientProtocolService.java:lambda$processClientRequest$0(278)) - Failed RaftClientRequest:client-2265A94AA220->localhost_10000@group-03E665A0CE68, cid=42, seq=0, RW, Message:321f0a0f0a0d74657374...(size=33), reply=RaftClientReply:client-2265A94AA220->localhost_10000@group-03E665A0CE68, cid=42, FAILED org.apache.ratis.protocol.NotLeaderException: Server localhost_10000@group-03E665A0CE68 is not the leader, logIndex=0, commits[localhost_10000:c-1]
2019-09-24 12:19:52,719 INFO  client.GrpcClientProtocolService (GrpcClientProtocolService.java:lambda$processClientRequest$0(278)) - Failed RaftClientRequest:client-2265A94AA220->localhost_10002@group-03E665A0CE68, cid=42, seq=0, RW, Message:321f0a0f0a0d74657374...(size=33), reply=RaftClientReply:client-2265A94AA220->localhost_10002@group-03E665A0CE68, cid=42, FAILED org.apache.ratis.protocol.NotLeaderException: Server localhost_10002@group-03E665A0CE68 is not the leader, logIndex=0, commits[localhost_10002:c-1]
2019-09-24 12:19:52,721 INFO  client.GrpcClientProtocolService (GrpcClientProtocolService.java:lambda$processClientRequest$0(278)) - Failed RaftClientRequest:client-2265A94AA220->localhost_10001@group-03E665A0CE68, cid=42, seq=0, RW, Message:321f0a0f0a0d74657374...(size=33), reply=RaftClientReply:client-2265A94AA220->localhost_10001@group-03E665A0CE68, cid=42, FAILED org.apache.ratis.protocol.NotLeaderException: Server localhost_10001@group-03E665A0CE68 is not the leader, logIndex=0, commits[localhost_10001:c-1]
2019-09-24 12:19:52,724 INFO  client.GrpcClientProtocolService (GrpcClientProtocolService.java:lambda$processClientRequest$0(278)) - Failed RaftClientRequest:client-2265A94AA220->localhost_10002@group-03E665A0CE68, cid=42, seq=0, RW, Message:321f0a0f0a0d74657374...(size=33), reply=RaftClientReply:client-2265A94AA220->localhost_10002@group-03E665A0CE68, cid=42, FAILED org.apache.ratis.protocol.NotLeaderException: Server localhost_10002@group-03E665A0CE68 is not the leader, logIndex=0, commits[localhost_10002:c-1]
2019-09-24 12:19:52,727 INFO  client.GrpcClientProtocolService (GrpcClientProtocolService.java:lambda$processClientRequest$0(278)) - Failed RaftClientRequest:client-2265A94AA220->localhost_10000@group-03E665A0CE68, cid=42, seq=0, RW, Message:321f0a0f0a0d74657374...(size=33), reply=RaftClientReply:client-2265A94AA220->localhost_10000@group-03E665A0CE68, cid=42, FAILED org.apache.ratis.protocol.NotLeaderException: Server localhost_10000@group-03E665A0CE68 is not the leader, logIndex=0, commits[localhost_10000:c-1]
2019-09-24 12:19:52,730 INFO  client.GrpcClientProtocolService (GrpcClientProtocolService.java:lambda$processClientRequest$0(278)) - Failed RaftClientRequest:client-2265A94AA220->localhost_10001@group-03E665A0CE68, cid=42, seq=0, RW, Message:321f0a0f0a0d74657374...(size=33), reply=RaftClientReply:client-2265A94AA220->localhost_10001@group-03E665A0CE68, cid=42, FAILED org.apache.ratis.protocol.NotLeaderException: Server localhost_10001@group-03E665A0CE68 is not the leader, logIndex=0, commits[localhost_10001:c-1]
2019-09-24 12:19:52,732 INFO  client.GrpcClientProtocolService (GrpcClientProtocolService.java:lambda$processClientRequest$0(278)) - Failed RaftClientRequest:client-2265A94AA220->localhost_10000@group-03E665A0CE68, cid=42, seq=0, RW, Message:321f0a0f0a0d74657374...(size=33), reply=RaftClientReply:client-2265A94AA220->localhost_10000@group-03E665A0CE68, cid=42, FAILED org.apache.ratis.protocol.NotLeaderException: Server localhost_10000@group-03E665A0CE68 is not the leader, logIndex=0, commits[localhost_10000:c-1]
2019-09-24 12:19:52,735 INFO  client.GrpcClientProtocolService (GrpcClientProtocolService.java:lambda$processClientRequest$0(278)) - Failed RaftClientRequest:client-2265A94AA220->localhost_10001@group-03E665A0CE68, cid=42, seq=0, RW, Message:321f0a0f0a0d74657374...(size=33), reply=RaftClientReply:client-2265A94AA220->localhost_10001@group-03E665A0CE68, cid=42, FAILED org.apache.ratis.protocol.NotLeaderException: Server localhost_10001@group-03E665A0CE68 is not the leader, logIndex=0, commits[localhost_10001:c-1]
2019-09-24 12:19:52,737 INFO  client.GrpcClientProtocolService (GrpcClientProtocolService.java:lambda$processClientRequest$0(278)) - Failed RaftClientRequest:client-2265A94AA220->localhost_10002@group-03E665A0CE68, cid=42, seq=0, RW, Message:321f0a0f0a0d74657374...(size=33), reply=RaftClientReply:client-2265A94AA220->localhost_10002@group-03E665A0CE68, cid=42, FAILED org.apache.ratis.protocol.NotLeaderException: Server localhost_10002@group-03E665A0CE68 is not the leader, logIndex=0, commits[localhost_10002:c-1]
2019-09-24 12:19:52,740 INFO  client.GrpcClientProtocolService (GrpcClientProtocolService.java:lambda$processClientRequest$0(278)) - Failed RaftClientRequest:client-2265A94AA220->localhost_10000@group-03E665A0CE68, cid=42, seq=0, RW, Message:321f0a0f0a0d74657374...(size=33), reply=RaftClientReply:client-2265A94AA220->localhost_10000@group-03E665A0CE68, cid=42, FAILED org.apache.ratis.protocol.NotLeaderException: Server localhost_10000@group-03E665A0CE68 is not the leader, logIndex=0, commits[localhost_10000:c-1]
2019-09-24 12:19:52,742 INFO  client.GrpcClientProtocolService (GrpcClientProtocolService.java:lambda$processClientRequest$0(278)) - Failed RaftClientRequest:client-2265A94AA220->localhost_10001@group-03E665A0CE68, cid=42, seq=0, RW, Message:321f0a0f0a0d74657374...(size=33), reply=RaftClientReply:client-2265A94AA220->localhost_10001@group-03E665A0CE68, cid=42, FAILED org.apache.ratis.protocol.NotLeaderException: Server localhost_10001@group-03E665A0CE68 is not the leader, logIndex=0, commits[localhost_10001:c-1]
2019-09-24 12:19:52,745 INFO  client.GrpcClientProtocolService (GrpcClientProtocolService.java:lambda$processClientRequest$0(278)) - Failed RaftClientRequest:client-2265A94AA220->localhost_10002@group-03E665A0CE68, cid=42, seq=0, RW, Message:321f0a0f0a0d74657374...(size=33), reply=RaftClientReply:client-2265A94AA220->localhost_10002@group-03E665A0CE68, cid=42, FAILED org.apache.ratis.protocol.NotLeaderException: Server localhost_10002@group-03E665A0CE68 is not the leader, logIndex=0, commits[localhost_10002:c-1]
2019-09-24 12:19:52,748 INFO  client.GrpcClientProtocolService (GrpcClientProtocolService.java:lambda$processClientRequest$0(278)) - Failed RaftClientRequest:client-2265A94AA220->localhost_10000@group-03E665A0CE68, cid=42, seq=0, RW, Message:321f0a0f0a0d74657374...(size=33), reply=RaftClientReply:client-2265A94AA220->localhost_10000@group-03E665A0CE68, cid=42, FAILED org.apache.ratis.protocol.NotLeaderException: Server localhost_10000@group-03E665A0CE68 is not the leader, logIndex=0, commits[localhost_10000:c-1]
2019-09-24 12:19:52,750 INFO  client.GrpcClientProtocolService (GrpcClientProtocolService.java:lambda$processClientRequest$0(278)) - Failed RaftClientRequest:client-2265A94AA220->localhost_10001@group-03E665A0CE68, cid=42, seq=0, RW, Message:321f0a0f0a0d74657374...(size=33), reply=RaftClientReply:client-2265A94AA220->localhost_10001@group-03E665A0CE68, cid=42, FAILED org.apache.ratis.protocol.NotLeaderException: Server localhost_10001@group-03E665A0CE68 is not the leader, logIndex=0, commits[localhost_10001:c-1]
2019-09-24 12:19:52,753 INFO  client.GrpcClientProtocolService (GrpcClientProtocolService.java:lambda$processClientRequest$0(278)) - Failed RaftClientRequest:client-2265A94AA220->localhost_10002@group-03E665A0CE68, cid=42, seq=0, RW, Message:321f0a0f0a0d74657374...(size=33), reply=RaftClientReply:client-2265A94AA220->localhost_10002@group-03E665A0CE68, cid=42, FAILED org.apache.ratis.protocol.NotLeaderException: Server localhost_10002@group-03E665A0CE68 is not the leader, logIndex=0, commits[localhost_10002:c-1]
2019-09-24 12:19:52,755 INFO  client.GrpcClientProtocolService (GrpcClientProtocolService.java:lambda$processClientRequest$0(278)) - Failed RaftClientRequest:client-2265A94AA220->localhost_10001@group-03E665A0CE68, cid=42, seq=0, RW, Message:321f0a0f0a0d74657374...(size=33), reply=RaftClientReply:client-2265A94AA220->localhost_10001@group-03E665A0CE68, cid=42, FAILED org.apache.ratis.protocol.NotLeaderException: Server localhost_10001@group-03E665A0CE68 is not the leader, logIndex=0, commits[localhost_10001:c-1]
2019-09-24 12:19:52,758 INFO  client.GrpcClientProtocolService (GrpcClientProtocolService.java:lambda$processClientRequest$0(278)) - Failed RaftClientRequest:client-2265A94AA220->localhost_10000@group-03E665A0CE68, cid=42, seq=0, RW, Message:321f0a0f0a0d74657374...(size=33), reply=RaftClientReply:client-2265A94AA220->localhost_10000@group-03E665A0CE68, cid=42, FAILED org.apache.ratis.protocol.NotLeaderException: Server localhost_10000@group-03E665A0CE68 is not the leader, logIndex=0, commits[localhost_10000:c-1]
2019-09-24 12:19:52,760 INFO  client.GrpcClientProtocolService (GrpcClientProtocolService.java:lambda$processClientRequest$0(278)) - Failed RaftClientRequest:client-2265A94AA220->localhost_10002@group-03E665A0CE68, cid=42, seq=0, RW, Message:321f0a0f0a0d74657374...(size=33), reply=RaftClientReply:client-2265A94AA220->localhost_10002@group-03E665A0CE68, cid=42, FAILED org.apache.ratis.protocol.NotLeaderException: Server localhost_10002@group-03E665A0CE68 is not the leader, logIndex=0, commits[localhost_10002:c-1]
2019-09-24 12:19:52,763 INFO  client.GrpcClientProtocolService (GrpcClientProtocolService.java:lambda$processClientRequest$0(278)) - Failed RaftClientRequest:client-2265A94AA220->localhost_10001@group-03E665A0CE68, cid=42, seq=0, RW, Message:321f0a0f0a0d74657374...(size=33), reply=RaftClientReply:client-2265A94AA220->localhost_10001@group-03E665A0CE68, cid=42, FAILED org.apache.ratis.protocol.NotLeaderException: Server localhost_10001@group-03E665A0CE68 is not the leader, logIndex=0, commits[localhost_10001:c-1]
2019-09-24 12:19:52,766 INFO  client.GrpcClientProtocolService (GrpcClientProtocolService.java:lambda$processClientRequest$0(278)) - Failed RaftClientRequest:client-2265A94AA220->localhost_10000@group-03E665A0CE68, cid=42, seq=0, RW, Message:321f0a0f0a0d74657374...(size=33), reply=RaftClientReply:client-2265A94AA220->localhost_10000@group-03E665A0CE68, cid=42, FAILED org.apache.ratis.protocol.NotLeaderException: Server localhost_10000@group-03E665A0CE68 is not the leader, logIndex=0, commits[localhost_10000:c-1]
2019-09-24 12:19:52,768 INFO  client.GrpcClientProtocolService (GrpcClientProtocolService.java:lambda$processClientRequest$0(278)) - Failed RaftClientRequest:client-2265A94AA220->localhost_10001@group-03E665A0CE68, cid=42, seq=0, RW, Message:321f0a0f0a0d74657374...(size=33), reply=RaftClientReply:client-2265A94AA220->localhost_10001@group-03E665A0CE68, cid=42, FAILED org.apache.ratis.protocol.NotLeaderException: Server localhost_10001@group-03E665A0CE68 is not the leader, logIndex=0, commits[localhost_10001:c-1]
2019-09-24 12:19:52,771 INFO  client.GrpcClientProtocolService (GrpcClientProtocolService.java:lambda$processClientRequest$0(278)) - Failed RaftClientRequest:client-2265A94AA220->localhost_10002@group-03E665A0CE68, cid=42, seq=0, RW, Message:321f0a0f0a0d74657374...(size=33), reply=RaftClientReply:client-2265A94AA220->localhost_10002@group-03E665A0CE68, cid=42, FAILED org.apache.ratis.protocol.NotLeaderException: Server localhost_10002@group-03E665A0CE68 is not the leader, logIndex=0, commits[localhost_10002:c-1]
2019-09-24 12:19:52,774 INFO  client.GrpcClientProtocolService (GrpcClientProtocolService.java:lambda$processClientRequest$0(278)) - Failed RaftClientRequest:client-2265A94AA220->localhost_10001@group-03E665A0CE68, cid=42, seq=0, RW, Message:321f0a0f0a0d74657374...(size=33), reply=RaftClientReply:client-2265A94AA220->localhost_10001@group-03E665A0CE68, cid=42, FAILED org.apache.ratis.protocol.NotLeaderException: Server localhost_10001@group-03E665A0CE68 is not the leader, logIndex=0, commits[localhost_10001:c-1]
2019-09-24 12:19:52,776 INFO  client.GrpcClientProtocolService (GrpcClientProtocolService.java:lambda$processClientRequest$0(278)) - Failed RaftClientRequest:client-2265A94AA220->localhost_10000@group-03E665A0CE68, cid=42, seq=0, RW, Message:321f0a0f0a0d74657374...(size=33), reply=RaftClientReply:client-2265A94AA220->localhost_10000@group-03E665A0CE68, cid=42, FAILED org.apache.ratis.protocol.NotLeaderException: Server localhost_10000@group-03E665A0CE68 is not the leader, logIndex=0, commits[localhost_10000:c-1]
2019-09-24 12:19:52,779 INFO  client.GrpcClientProtocolService (GrpcClientProtocolService.java:lambda$processClientRequest$0(278)) - Failed RaftClientRequest:client-2265A94AA220->localhost_10001@group-03E665A0CE68, cid=42, seq=0, RW, Message:321f0a0f0a0d74657374...(size=33), reply=RaftClientReply:client-2265A94AA220->localhost_10001@group-03E665A0CE68, cid=42, FAILED org.apache.ratis.protocol.NotLeaderException: Server localhost_10001@group-03E665A0CE68 is not the leader, logIndex=0, commits[localhost_10001:c-1]
2019-09-24 12:19:52,782 INFO  client.GrpcClientProtocolService (GrpcClientProtocolService.java:lambda$processClientRequest$0(278)) - Failed RaftClientRequest:client-2265A94AA220->localhost_10002@group-03E665A0CE68, cid=42, seq=0, RW, Message:321f0a0f0a0d74657374...(size=33), reply=RaftClientReply:client-2265A94AA220->localhost_10002@group-03E665A0CE68, cid=42, FAILED org.apache.ratis.protocol.NotLeaderException: Server localhost_10002@group-03E665A0CE68 is not the leader, logIndex=0, commits[localhost_10002:c-1]
2019-09-24 12:19:52,785 INFO  client.GrpcClientProtocolService (GrpcClientProtocolService.java:lambda$processClientRequest$0(278)) - Failed RaftClientRequest:client-2265A94AA220->localhost_10000@group-03E665A0CE68, cid=42, seq=0, RW, Message:321f0a0f0a0d74657374...(size=33), reply=RaftClientReply:client-2265A94AA220->localhost_10000@group-03E665A0CE68, cid=42, FAILED org.apache.ratis.protocol.NotLeaderException: Server localhost_10000@group-03E665A0CE68 is not the leader, logIndex=0, commits[localhost_10000:c-1]
2019-09-24 12:19:52,788 INFO  client.GrpcClientProtocolService (GrpcClientProtocolService.java:lambda$processClientRequest$0(278)) - Failed RaftClientRequest:client-2265A94AA220->localhost_10002@group-03E665A0CE68, cid=42, seq=0, RW, Message:321f0a0f0a0d74657374...(size=33), reply=RaftClientReply:client-2265A94AA220->localhost_10002@group-03E665A0CE68, cid=42, FAILED org.apache.ratis.protocol.NotLeaderException: Server localhost_10002@group-03E665A0CE68 is not the leader, logIndex=0, commits[localhost_10002:c-1]
2019-09-24 12:19:52,790 INFO  client.GrpcClientProtocolService (GrpcClientProtocolService.java:lambda$processClientRequest$0(278)) - Failed RaftClientRequest:client-2265A94AA220->localhost_10001@group-03E665A0CE68, cid=42, seq=0, RW, Message:321f0a0f0a0d74657374...(size=33), reply=RaftClientReply:client-2265A94AA220->localhost_10001@group-03E665A0CE68, cid=42, FAILED org.apache.ratis.protocol.NotLeaderException: Server localhost_10001@group-03E665A0CE68 is not the leader, logIndex=0, commits[localhost_10001:c-1]
2019-09-24 12:19:52,793 INFO  client.GrpcClientProtocolService (GrpcClientProtocolService.java:lambda$processClientRequest$0(278)) - Failed RaftClientRequest:client-2265A94AA220->localhost_10000@group-03E665A0CE68, cid=42, seq=0, RW, Message:321f0a0f0a0d74657374...(size=33), reply=RaftClientReply:client-2265A94AA220->localhost_10000@group-03E665A0CE68, cid=42, FAILED org.apache.ratis.protocol.NotLeaderException: Server localhost_10000@group-03E665A0CE68 is not the leader, logIndex=0, commits[localhost_10000:c-1]
2019-09-24 12:19:52,796 INFO  client.GrpcClientProtocolService (GrpcClientProtocolService.java:lambda$processClientRequest$0(278)) - Failed RaftClientRequest:client-2265A94AA220->localhost_10002@group-03E665A0CE68, cid=42, seq=0, RW, Message:321f0a0f0a0d74657374...(size=33), reply=RaftClientReply:client-2265A94AA220->localhost_10002@group-03E665A0CE68, cid=42, FAILED org.apache.ratis.protocol.NotLeaderException: Server localhost_10002@group-03E665A0CE68 is not the leader, logIndex=0, commits[localhost_10002:c-1]
2019-09-24 12:19:52,798 INFO  client.GrpcClientProtocolService (GrpcClientProtocolService.java:lambda$processClientRequest$0(278)) - Failed RaftClientRequest:client-2265A94AA220->localhost_10000@group-03E665A0CE68, cid=42, seq=0, RW, Message:321f0a0f0a0d74657374...(size=33), reply=RaftClientReply:client-2265A94AA220->localhost_10000@group-03E665A0CE68, cid=42, FAILED org.apache.ratis.protocol.NotLeaderException: Server localhost_10000@group-03E665A0CE68 is not the leader, logIndex=0, commits[localhost_10000:c-1]
2019-09-24 12:19:52,801 INFO  client.GrpcClientProtocolService (GrpcClientProtocolService.java:lambda$processClientRequest$0(278)) - Failed RaftClientRequest:client-2265A94AA220->localhost_10001@group-03E665A0CE68, cid=42, seq=0, RW, Message:321f0a0f0a0d74657374...(size=33), reply=RaftClientReply:client-2265A94AA220->localhost_10001@group-03E665A0CE68, cid=42, FAILED org.apache.ratis.protocol.NotLeaderException: Server localhost_10001@group-03E665A0CE68 is not the leader, logIndex=0, commits[localhost_10001:c-1]
2019-09-24 12:19:52,803 INFO  client.GrpcClientProtocolService (GrpcClientProtocolService.java:lambda$processClientRequest$0(278)) - Failed RaftClientRequest:client-2265A94AA220->localhost_10002@group-03E665A0CE68, cid=42, seq=0, RW, Message:321f0a0f0a0d74657374...(size=33), reply=RaftClientReply:client-2265A94AA220->localhost_10002@group-03E665A0CE68, cid=42, FAILED org.apache.ratis.protocol.NotLeaderException: Server localhost_10002@group-03E665A0CE68 is not the leader, logIndex=0, commits[localhost_10002:c-1]
2019-09-24 12:19:52,806 INFO  client.GrpcClientProtocolService (GrpcClientProtocolService.java:lambda$processClientRequest$0(278)) - Failed RaftClientRequest:client-2265A94AA220->localhost_10001@group-03E665A0CE68, cid=42, seq=0, RW, Message:321f0a0f0a0d74657374...(size=33), reply=RaftClientReply:client-2265A94AA220->localhost_10001@group-03E665A0CE68, cid=42, FAILED org.apache.ratis.protocol.NotLeaderException: Server localhost_10001@group-03E665A0CE68 is not the leader, logIndex=0, commits[localhost_10001:c-1]
2019-09-24 12:19:52,808 INFO  client.GrpcClientProtocolService (GrpcClientProtocolService.java:lambda$processClientRequest$0(278)) - Failed RaftClientRequest:client-2265A94AA220->localhost_10000@group-03E665A0CE68, cid=42, seq=0, RW, Message:321f0a0f0a0d74657374...(size=33), reply=RaftClientReply:client-2265A94AA220->localhost_10000@group-03E665A0CE68, cid=42, FAILED org.apache.ratis.protocol.NotLeaderException: Server localhost_10000@group-03E665A0CE68 is not the leader, logIndex=0, commits[localhost_10000:c-1]
2019-09-24 12:19:52,811 INFO  client.GrpcClientProtocolService (GrpcClientProtocolService.java:lambda$processClientRequest$0(278)) - Failed RaftClientRequest:client-2265A94AA220->localhost_10001@group-03E665A0CE68, cid=42, seq=0, RW, Message:321f0a0f0a0d74657374...(size=33), reply=RaftClientReply:client-2265A94AA220->localhost_10001@group-03E665A0CE68, cid=42, FAILED org.apache.ratis.protocol.NotLeaderException: Server localhost_10001@group-03E665A0CE68 is not the leader, logIndex=0, commits[localhost_10001:c-1]
2019-09-24 12:19:52,813 INFO  client.GrpcClientProtocolService (GrpcClientProtocolService.java:lambda$processClientRequest$0(278)) - Failed RaftClientRequest:client-2265A94AA220->localhost_10000@group-03E665A0CE68, cid=42, seq=0, RW, Message:321f0a0f0a0d74657374...(size=33), reply=RaftClientReply:client-2265A94AA220->localhost_10000@group-03E665A0CE68, cid=42, FAILED org.apache.ratis.protocol.NotLeaderException: Server localhost_10000@group-03E665A0CE68 is not the leader, logIndex=0, commits[localhost_10000:c-1]
2019-09-24 12:19:52,816 INFO  client.GrpcClientProtocolService (GrpcClientProtocolService.java:lambda$processClientRequest$0(278)) - Failed RaftClientRequest:client-2265A94AA220->localhost_10002@group-03E665A0CE68, cid=42, seq=0, RW, Message:321f0a0f0a0d74657374...(size=33), reply=RaftClientReply:client-2265A94AA220->localhost_10002@group-03E665A0CE68, cid=42, FAILED org.apache.ratis.protocol.NotLeaderException: Server localhost_10002@group-03E665A0CE68 is not the leader, logIndex=0, commits[localhost_10002:c-1]
2019-09-24 12:19:52,818 INFO  client.GrpcClientProtocolService (GrpcClientProtocolService.java:lambda$processClientRequest$0(278)) - Failed RaftClientRequest:client-2265A94AA220->localhost_10001@group-03E665A0CE68, cid=42, seq=0, RW, Message:321f0a0f0a0d74657374...(size=33), reply=RaftClientReply:client-2265A94AA220->localhost_10001@group-03E665A0CE68, cid=42, FAILED org.apache.ratis.protocol.NotLeaderException: Server localhost_10001@group-03E665A0CE68 is not the leader, logIndex=0, commits[localhost_10001:c-1]
2019-09-24 12:19:52,821 INFO  client.GrpcClientProtocolService (GrpcClientProtocolService.java:lambda$processClientRequest$0(278)) - Failed RaftClientRequest:client-2265A94AA220->localhost_10002@group-03E665A0CE68, cid=42, seq=0, RW, Message:321f0a0f0a0d74657374...(size=33), reply=RaftClientReply:client-2265A94AA220->localhost_10002@group-03E665A0CE68, cid=42, FAILED org.apache.ratis.protocol.NotLeaderException: Server localhost_10002@group-03E665A0CE68 is not the leader, logIndex=0, commits[localhost_10002:c-1]
2019-09-24 12:19:52,823 INFO  client.GrpcClientProtocolService (GrpcClientProtocolService.java:lambda$processClientRequest$0(278)) - Failed RaftClientRequest:client-2265A94AA220->localhost_10000@group-03E665A0CE68, cid=42, seq=0, RW, Message:321f0a0f0a0d74657374...(size=33), reply=RaftClientReply:client-2265A94AA220->localhost_10000@group-03E665A0CE68, cid=42, FAILED org.apache.ratis.protocol.NotLeaderException: Server localhost_10000@group-03E665A0CE68 is not the leader, logIndex=0, commits[localhost_10000:c-1]
2019-09-24 12:19:52,825 INFO  client.GrpcClientProtocolService (GrpcClientProtocolService.java:lambda$processClientRequest$0(278)) - Failed RaftClientRequest:client-2265A94AA220->localhost_10001@group-03E665A0CE68, cid=42, seq=0, RW, Message:321f0a0f0a0d74657374...(size=33), reply=RaftClientReply:client-2265A94AA220->localhost_10001@group-03E665A0CE68, cid=42, FAILED org.apache.ratis.protocol.NotLeaderException: Server localhost_10001@group-03E665A0CE68 is not the leader, logIndex=0, commits[localhost_10001:c-1]
2019-09-24 12:19:52,828 INFO  client.GrpcClientProtocolService (GrpcClientProtocolService.java:lambda$processClientRequest$0(278)) - Failed RaftClientRequest:client-2265A94AA220->localhost_10000@group-03E665A0CE68, cid=42, seq=0, RW, Message:321f0a0f0a0d74657374...(size=33), reply=RaftClientReply:client-2265A94AA220->localhost_10000@group-03E665A0CE68, cid=42, FAILED org.apache.ratis.protocol.NotLeaderException: Server localhost_10000@group-03E665A0CE68 is not the leader, logIndex=0, commits[localhost_10000:c-1]
2019-09-24 12:19:52,830 INFO  client.GrpcClientProtocolService (GrpcClientProtocolService.java:lambda$processClientRequest$0(278)) - Failed RaftClientRequest:client-2265A94AA220->localhost_10002@group-03E665A0CE68, cid=42, seq=0, RW, Message:321f0a0f0a0d74657374...(size=33), reply=RaftClientReply:client-2265A94AA220->localhost_10002@group-03E665A0CE68, cid=42, FAILED org.apache.ratis.protocol.NotLeaderException: Server localhost_10002@group-03E665A0CE68 is not the leader, logIndex=0, commits[localhost_10002:c-1]
2019-09-24 12:19:52,833 INFO  client.GrpcClientProtocolService (GrpcClientProtocolService.java:lambda$processClientRequest$0(278)) - Failed RaftClientRequest:client-2265A94AA220->localhost_10000@group-03E665A0CE68, cid=42, seq=0, RW, Message:321f0a0f0a0d74657374...(size=33), reply=RaftClientReply:client-2265A94AA220->localhost_10000@group-03E665A0CE68, cid=42, FAILED org.apache.ratis.protocol.NotLeaderException: Server localhost_10000@group-03E665A0CE68 is not the leader, logIndex=0, commits[localhost_10000:c-1]
2019-09-24 12:19:52,836 INFO  client.GrpcClientProtocolService (GrpcClientProtocolService.java:lambda$processClientRequest$0(278)) - Failed RaftClientRequest:client-2265A94AA220->localhost_10001@group-03E665A0CE68, cid=42, seq=0, RW, Message:321f0a0f0a0d74657374...(size=33), reply=RaftClientReply:client-2265A94AA220->localhost_10001@group-03E665A0CE68, cid=42, FAILED org.apache.ratis.protocol.NotLeaderException: Server localhost_10001@group-03E665A0CE68 is not the leader, logIndex=0, commits[localhost_10001:c-1]
2019-09-24 12:19:52,838 INFO  client.GrpcClientProtocolService (GrpcClientProtocolService.java:lambda$processClientRequest$0(278)) - Failed RaftClientRequest:client-2265A94AA220->localhost_10002@group-03E665A0CE68, cid=42, seq=0, RW, Message:321f0a0f0a0d74657374...(size=33), reply=RaftClientReply:client-2265A94AA220->localhost_10002@group-03E665A0CE68, cid=42, FAILED org.apache.ratis.protocol.NotLeaderException: Server localhost_10002@group-03E665A0CE68 is not the leader, logIndex=0, commits[localhost_10002:c-1]
2019-09-24 12:19:52,840 INFO  client.GrpcClientProtocolService (GrpcClientProtocolService.java:lambda$processClientRequest$0(278)) - Failed RaftClientRequest:client-2265A94AA220->localhost_10000@group-03E665A0CE68, cid=42, seq=0, RW, Message:321f0a0f0a0d74657374...(size=33), reply=RaftClientReply:client-2265A94AA220->localhost_10000@group-03E665A0CE68, cid=42, FAILED org.apache.ratis.protocol.NotLeaderException: Server localhost_10000@group-03E665A0CE68 is not the leader, logIndex=0, commits[localhost_10000:c-1]
2019-09-24 12:19:52,843 INFO  client.GrpcClientProtocolService (GrpcClientProtocolService.java:lambda$processClientRequest$0(278)) - Failed RaftClientRequest:client-2265A94AA220->localhost_10002@group-03E665A0CE68, cid=42, seq=0, RW, Message:321f0a0f0a0d74657374...(size=33), reply=RaftClientReply:client-2265A94AA220->localhost_10002@group-03E665A0CE68, cid=42, FAILED org.apache.ratis.protocol.NotLeaderException: Server localhost_10002@group-03E665A0CE68 is not the leader, logIndex=0, commits[localhost_10002:c-1]
2019-09-24 12:19:52,846 INFO  client.GrpcClientProtocolService (GrpcClientProtocolService.java:lambda$processClientRequest$0(278)) - Failed RaftClientRequest:client-2265A94AA220->localhost_10000@group-03E665A0CE68, cid=42, seq=0, RW, Message:321f0a0f0a0d74657374...(size=33), reply=RaftClientReply:client-2265A94AA220->localhost_10000@group-03E665A0CE68, cid=42, FAILED org.apache.ratis.protocol.NotLeaderException: Server localhost_10000@group-03E665A0CE68 is not the leader, logIndex=0, commits[localhost_10000:c-1]
2019-09-24 12:19:52,848 INFO  client.GrpcClientProtocolService (GrpcClientProtocolService.java:lambda$processClientRequest$0(278)) - Failed RaftClientRequest:client-2265A94AA220->localhost_10001@group-03E665A0CE68, cid=42, seq=0, RW, Message:321f0a0f0a0d74657374...(size=33), reply=RaftClientReply:client-2265A94AA220->localhost_10001@group-03E665A0CE68, cid=42, FAILED org.apache.ratis.protocol.NotLeaderException: Server localhost_10001@group-03E665A0CE68 is not the leader, logIndex=0, commits[localhost_10001:c-1]
2019-09-24 12:19:52,850 INFO  client.GrpcClientProtocolService (GrpcClientProtocolService.java:lambda$processClientRequest$0(278)) - Failed RaftClientRequest:client-2265A94AA220->localhost_10002@group-03E665A0CE68, cid=42, seq=0, RW, Message:321f0a0f0a0d74657374...(size=33), reply=RaftClientReply:client-2265A94AA220->localhost_10002@group-03E665A0CE68, cid=42, FAILED org.apache.ratis.protocol.NotLeaderException: Server localhost_10002@group-03E665A0CE68 is not the leader, logIndex=0, commits[localhost_10002:c-1]
2019-09-24 12:19:52,853 INFO  client.GrpcClientProtocolService (GrpcClientProtocolService.java:lambda$processClientRequest$0(278)) - Failed RaftClientRequest:client-2265A94AA220->localhost_10000@group-03E665A0CE68, cid=42, seq=0, RW, Message:321f0a0f0a0d74657374...(size=33), reply=RaftClientReply:client-2265A94AA220->localhost_10000@group-03E665A0CE68, cid=42, FAILED org.apache.ratis.protocol.NotLeaderException: Server localhost_10000@group-03E665A0CE68 is not the leader, logIndex=0, commits[localhost_10000:c-1]
2019-09-24 12:19:52,856 INFO  client.GrpcClientProtocolService (GrpcClientProtocolService.java:lambda$processClientRequest$0(278)) - Failed RaftClientRequest:client-2265A94AA220->localhost_10002@group-03E665A0CE68, cid=42, seq=0, RW, Message:321f0a0f0a0d74657374...(size=33), reply=RaftClientReply:client-2265A94AA220->localhost_10002@group-03E665A0CE68, cid=42, FAILED org.apache.ratis.protocol.NotLeaderException: Server localhost_10002@group-03E665A0CE68 is not the leader, logIndex=0, commits[localhost_10002:c-1]
2019-09-24 12:19:52,858 INFO  client.GrpcClientProtocolService (GrpcClientProtocolService.java:lambda$processClientRequest$0(278)) - Failed RaftClientRequest:client-2265A94AA220->localhost_10000@group-03E665A0CE68, cid=42, seq=0, RW, Message:321f0a0f0a0d74657374...(size=33), reply=RaftClientReply:client-2265A94AA220->localhost_10000@group-03E665A0CE68, cid=42, FAILED org.apache.ratis.protocol.NotLeaderException: Server localhost_10000@group-03E665A0CE68 is not the leader, logIndex=0, commits[localhost_10000:c-1]
2019-09-24 12:19:52,860 INFO  client.GrpcClientProtocolService (GrpcClientProtocolService.java:lambda$processClientRequest$0(278)) - Failed RaftClientRequest:client-2265A94AA220->localhost_10001@group-03E665A0CE68, cid=42, seq=0, RW, Message:321f0a0f0a0d74657374...(size=33), reply=RaftClientReply:client-2265A94AA220->localhost_10001@group-03E665A0CE68, cid=42, FAILED org.apache.ratis.protocol.NotLeaderException: Server localhost_10001@group-03E665A0CE68 is not the leader, logIndex=0, commits[localhost_10001:c-1]
2019-09-24 12:19:52,863 INFO  client.GrpcClientProtocolService (GrpcClientProtocolService.java:lambda$processClientRequest$0(278)) - Failed RaftClientRequest:client-2265A94AA220->localhost_10002@group-03E665A0CE68, cid=42, seq=0, RW, Message:321f0a0f0a0d74657374...(size=33), reply=RaftClientReply:client-2265A94AA220->localhost_10002@group-03E665A0CE68, cid=42, FAILED org.apache.ratis.protocol.NotLeaderException: Server localhost_10002@group-03E665A0CE68 is not the leader, logIndex=0, commits[localhost_10002:c-1]
2019-09-24 12:19:52,866 INFO  client.GrpcClientProtocolService (GrpcClientProtocolService.java:lambda$processClientRequest$0(278)) - Failed RaftClientRequest:client-2265A94AA220->localhost_10000@group-03E665A0CE68, cid=42, seq=0, RW, Message:321f0a0f0a0d74657374...(size=33), reply=RaftClientReply:client-2265A94AA220->localhost_10000@group-03E665A0CE68, cid=42, FAILED org.apache.ratis.protocol.NotLeaderException: Server localhost_10000@group-03E665A0CE68 is not the leader, logIndex=0, commits[localhost_10000:c-1]
2019-09-24 12:19:52,868 INFO  client.GrpcClientProtocolService (GrpcClientProtocolService.java:lambda$processClientRequest$0(278)) - Failed RaftClientRequest:client-2265A94AA220->localhost_10002@group-03E665A0CE68, cid=42, seq=0, RW, Message:321f0a0f0a0d74657374...(size=33), reply=RaftClientReply:client-2265A94AA220->localhost_10002@group-03E665A0CE68, cid=42, FAILED org.apache.ratis.protocol.NotLeaderException: Server localhost_10002@group-03E665A0CE68 is not the leader, logIndex=0, commits[localhost_10002:c-1]
2019-09-24 12:19:52,871 INFO  client.GrpcClientProtocolService (GrpcClientProtocolService.java:lambda$processClientRequest$0(278)) - Failed RaftClientRequest:client-2265A94AA220->localhost_10000@group-03E665A0CE68, cid=42, seq=0, RW, Message:321f0a0f0a0d74657374...(size=33), reply=RaftClientReply:client-2265A94AA220->localhost_10000@group-03E665A0CE68, cid=42, FAILED org.apache.ratis.protocol.NotLeaderException: Server localhost_10000@group-03E665A0CE68 is not the leader, logIndex=0, commits[localhost_10000:c-1]
2019-09-24 12:19:52,873 INFO  client.GrpcClientProtocolService (GrpcClientProtocolService.java:lambda$processClientRequest$0(278)) - Failed RaftClientRequest:client-2265A94AA220->localhost_10002@group-03E665A0CE68, cid=42, seq=0, RW, Message:321f0a0f0a0d74657374...(size=33), reply=RaftClientReply:client-2265A94AA220->localhost_10002@group-03E665A0CE68, cid=42, FAILED org.apache.ratis.protocol.NotLeaderException: Server localhost_10002@group-03E665A0CE68 is not the leader, logIndex=0, commits[localhost_10002:c-1]
2019-09-24 12:19:52,876 INFO  client.GrpcClientProtocolService (GrpcClientProtocolService.java:lambda$processClientRequest$0(278)) - Failed RaftClientRequest:client-2265A94AA220->localhost_10001@group-03E665A0CE68, cid=42, seq=0, RW, Message:321f0a0f0a0d74657374...(size=33), reply=RaftClientReply:client-2265A94AA220->localhost_10001@group-03E665A0CE68, cid=42, FAILED org.apache.ratis.protocol.NotLeaderException: Server localhost_10001@group-03E665A0CE68 is not the leader, logIndex=0, commits[localhost_10001:c-1]
2019-09-24 12:19:52,879 INFO  client.GrpcClientProtocolService (GrpcClientProtocolService.java:lambda$processClientRequest$0(278)) - Failed RaftClientRequest:client-2265A94AA220->localhost_10000@group-03E665A0CE68, cid=42, seq=0, RW, Message:321f0a0f0a0d74657374...(size=33), reply=RaftClientReply:client-2265A94AA220->localhost_10000@group-03E665A0CE68, cid=42, FAILED org.apache.ratis.protocol.NotLeaderException: Server localhost_10000@group-03E665A0CE68 is not the leader, logIndex=0, commits[localhost_10000:c-1]
2019-09-24 12:19:52,881 INFO  client.GrpcClientProtocolService (GrpcClientProtocolService.java:lambda$processClientRequest$0(278)) - Failed RaftClientRequest:client-2265A94AA220->localhost_10001@group-03E665A0CE68, cid=42, seq=0, RW, Message:321f0a0f0a0d74657374...(size=33), reply=RaftClientReply:client-2265A94AA220->localhost_10001@group-03E665A0CE68, cid=42, FAILED org.apache.ratis.protocol.NotLeaderException: Server localhost_10001@group-03E665A0CE68 is not the leader, logIndex=0, commits[localhost_10001:c-1]
2019-09-24 12:19:52,883 INFO  client.GrpcClientProtocolService (GrpcClientProtocolService.java:lambda$processClientRequest$0(278)) - Failed RaftClientRequest:client-2265A94AA220->localhost_10000@group-03E665A0CE68, cid=42, seq=0, RW, Message:321f0a0f0a0d74657374...(size=33), reply=RaftClientReply:client-2265A94AA220->localhost_10000@group-03E665A0CE68, cid=42, FAILED org.apache.ratis.protocol.NotLeaderException: Server localhost_10000@group-03E665A0CE68 is not the leader, logIndex=0, commits[localhost_10000:c-1]
2019-09-24 12:19:52,886 INFO  client.GrpcClientProtocolService (GrpcClientProtocolService.java:lambda$processClientRequest$0(278)) - Failed RaftClientRequest:client-2265A94AA220->localhost_10001@group-03E665A0CE68, cid=42, seq=0, RW, Message:321f0a0f0a0d74657374...(size=33), reply=RaftClientReply:client-2265A94AA220->localhost_10001@group-03E665A0CE68, cid=42, FAILED org.apache.ratis.protocol.NotLeaderException: Server localhost_10001@group-03E665A0CE68 is not the leader, logIndex=0, commits[localhost_10001:c-1]
2019-09-24 12:19:52,888 INFO  client.GrpcClientProtocolService (GrpcClientProtocolService.java:lambda$processClientRequest$0(278)) - Failed RaftClientRequest:client-2265A94AA220->localhost_10000@group-03E665A0CE68, cid=42, seq=0, RW, Message:321f0a0f0a0d74657374...(size=33), reply=RaftClientReply:client-2265A94AA220->localhost_10000@group-03E665A0CE68, cid=42, FAILED org.apache.ratis.protocol.NotLeaderException: Server localhost_10000@group-03E665A0CE68 is not the leader, logIndex=0, commits[localhost_10000:c-1]
2019-09-24 12:19:52,890 INFO  client.GrpcClientProtocolService (GrpcClientProtocolService.java:lambda$processClientRequest$0(278)) - Failed RaftClientRequest:client-2265A94AA220->localhost_10001@group-03E665A0CE68, cid=42, seq=0, RW, Message:321f0a0f0a0d74657374...(size=33), reply=RaftClientReply:client-2265A94AA220->localhost_10001@group-03E665A0CE68, cid=42, FAILED org.apache.ratis.protocol.NotLeaderException: Server localhost_10001@group-03E665A0CE68 is not the leader, logIndex=0, commits[localhost_10001:c-1]
2019-09-24 12:19:52,892 INFO  client.GrpcClientProtocolService (GrpcClientProtocolService.java:lambda$processClientRequest$0(278)) - Failed RaftClientRequest:client-2265A94AA220->localhost_10000@group-03E665A0CE68, cid=42, seq=0, RW, Message:321f0a0f0a0d74657374...(size=33), reply=RaftClientReply:client-2265A94AA220->localhost_10000@group-03E665A0CE68, cid=42, FAILED org.apache.ratis.protocol.NotLeaderException: Server localhost_10000@group-03E665A0CE68 is not the leader, logIndex=0, commits[localhost_10000:c-1]
2019-09-24 12:19:52,895 INFO  client.GrpcClientProtocolService (GrpcClientProtocolService.java:lambda$processClientRequest$0(278)) - Failed RaftClientRequest:client-2265A94AA220->localhost_10001@group-03E665A0CE68, cid=42, seq=0, RW, Message:321f0a0f0a0d74657374...(size=33), reply=RaftClientReply:client-2265A94AA220->localhost_10001@group-03E665A0CE68, cid=42, FAILED org.apache.ratis.protocol.NotLeaderException: Server localhost_10001@group-03E665A0CE68 is not the leader, logIndex=0, commits[localhost_10001:c-1]
2019-09-24 12:19:52,897 INFO  client.GrpcClientProtocolService (GrpcClientProtocolService.java:lambda$processClientRequest$0(278)) - Failed RaftClientRequest:client-2265A94AA220->localhost_10000@group-03E665A0CE68, cid=42, seq=0, RW, Message:321f0a0f0a0d74657374...(size=33), reply=RaftClientReply:client-2265A94AA220->localhost_10000@group-03E665A0CE68, cid=42, FAILED org.apache.ratis.protocol.NotLeaderException: Server localhost_10000@group-03E665A0CE68 is not the leader, logIndex=0, commits[localhost_10000:c-1]
2019-09-24 12:19:52,899 INFO  client.GrpcClientProtocolService (GrpcClientProtocolService.java:lambda$processClientRequest$0(278)) - Failed RaftClientRequest:client-2265A94AA220->localhost_10001@group-03E665A0CE68, cid=42, seq=0, RW, Message:321f0a0f0a0d74657374...(size=33), reply=RaftClientReply:client-2265A94AA220->localhost_10001@group-03E665A0CE68, cid=42, FAILED org.apache.ratis.protocol.NotLeaderException: Server localhost_10001@group-03E665A0CE68 is not the leader, logIndex=0, commits[localhost_10001:c-1]
2019-09-24 12:19:52,902 INFO  client.GrpcClientProtocolService (GrpcClientProtocolService.java:lambda$processClientRequest$0(278)) - Failed RaftClientRequest:client-2265A94AA220->localhost_10000@group-03E665A0CE68, cid=42, seq=0, RW, Message:321f0a0f0a0d74657374...(size=33), reply=RaftClientReply:client-2265A94AA220->localhost_10000@group-03E665A0CE68, cid=42, FAILED org.apache.ratis.protocol.NotLeaderException: Server localhost_10000@group-03E665A0CE68 is not the leader, logIndex=0, commits[localhost_10000:c-1]
2019-09-24 12:19:52,904 INFO  client.GrpcClientProtocolService (GrpcClientProtocolService.java:lambda$processClientRequest$0(278)) - Failed RaftClientRequest:client-2265A94AA220->localhost_10002@group-03E665A0CE68, cid=42, seq=0, RW, Message:321f0a0f0a0d74657374...(size=33), reply=RaftClientReply:client-2265A94AA220->localhost_10002@group-03E665A0CE68, cid=42, FAILED org.apache.ratis.protocol.NotLeaderException: Server localhost_10002@group-03E665A0CE68 is not the leader, logIndex=0, commits[localhost_10002:c-1]
2019-09-24 12:19:52,906 INFO  client.GrpcClientProtocolService (GrpcClientProtocolService.java:lambda$processClientRequest$0(278)) - Failed RaftClientRequest:client-2265A94AA220->localhost_10000@group-03E665A0CE68, cid=42, seq=0, RW, Message:321f0a0f0a0d74657374...(size=33), reply=RaftClientReply:client-2265A94AA220->localhost_10000@group-03E665A0CE68, cid=42, FAILED org.apache.ratis.protocol.NotLeaderException: Server localhost_10000@group-03E665A0CE68 is not the leader, logIndex=0, commits[localhost_10000:c-1]
2019-09-24 12:19:52,909 INFO  client.GrpcClientProtocolService (GrpcClientProtocolService.java:lambda$processClientRequest$0(278)) - Failed RaftClientRequest:client-2265A94AA220->localhost_10001@group-03E665A0CE68, cid=42, seq=0, RW, Message:321f0a0f0a0d74657374...(size=33), reply=RaftClientReply:client-2265A94AA220->localhost_10001@group-03E665A0CE68, cid=42, FAILED org.apache.ratis.protocol.NotLeaderException: Server localhost_10001@group-03E665A0CE68 is not the leader, logIndex=0, commits[localhost_10001:c-1]
2019-09-24 12:19:52,911 INFO  client.GrpcClientProtocolService (GrpcClientProtocolService.java:lambda$processClientRequest$0(278)) - Failed RaftClientRequest:client-2265A94AA220->localhost_10002@group-03E665A0CE68, cid=42, seq=0, RW, Message:321f0a0f0a0d74657374...(size=33), reply=RaftClientReply:client-2265A94AA220->localhost_10002@group-03E665A0CE68, cid=42, FAILED org.apache.ratis.protocol.NotLeaderException: Server localhost_10002@group-03E665A0CE68 is not the leader, logIndex=0, commits[localhost_10002:c-1]
2019-09-24 12:19:52,914 INFO  client.GrpcClientProtocolService (GrpcClientProtocolService.java:lambda$processClientRequest$0(278)) - Failed RaftClientRequest:client-2265A94AA220->localhost_10001@group-03E665A0CE68, cid=42, seq=0, RW, Message:321f0a0f0a0d74657374...(size=33), reply=RaftClientReply:client-2265A94AA220->localhost_10001@group-03E665A0CE68, cid=42, FAILED org.apache.ratis.protocol.NotLeaderException: Server localhost_10001@group-03E665A0CE68 is not the leader, logIndex=0, commits[localhost_10001:c-1]
2019-09-24 12:19:52,916 INFO  client.GrpcClientProtocolService (GrpcClientProtocolService.java:lambda$processClientRequest$0(278)) - Failed RaftClientRequest:client-2265A94AA220->localhost_10000@group-03E665A0CE68, cid=42, seq=0, RW, Message:321f0a0f0a0d74657374...(size=33), reply=RaftClientReply:client-2265A94AA220->localhost_10000@group-03E665A0CE68, cid=42, FAILED org.apache.ratis.protocol.NotLeaderException: Server localhost_10000@group-03E665A0CE68 is not the leader, logIndex=0, commits[localhost_10000:c-1]
2019-09-24 12:19:52,918 INFO  client.GrpcClientProtocolService (GrpcClientProtocolService.java:lambda$processClientRequest$0(278)) - Failed RaftClientRequest:client-2265A94AA220->localhost_10002@group-03E665A0CE68, cid=42, seq=0, RW, Message:321f0a0f0a0d74657374...(size=33), reply=RaftClientReply:client-2265A94AA220->localhost_10002@group-03E665A0CE68, cid=42, FAILED org.apache.ratis.protocol.NotLeaderException: Server localhost_10002@group-03E665A0CE68 is not the leader, logIndex=0, commits[localhost_10002:c-1]
2019-09-24 12:19:52,921 INFO  client.GrpcClientProtocolService (GrpcClientProtocolService.java:lambda$processClientRequest$0(278)) - Failed RaftClientRequest:client-2265A94AA220->localhost_10001@group-03E665A0CE68, cid=42, seq=0, RW, Message:321f0a0f0a0d74657374...(size=33), reply=RaftClientReply:client-2265A94AA220->localhost_10001@group-03E665A0CE68, cid=42, FAILED org.apache.ratis.protocol.NotLeaderException: Server localhost_10001@group-03E665A0CE68 is not the leader, logIndex=0, commits[localhost_10001:c-1]
2019-09-24 12:19:52,923 INFO  client.GrpcClientProtocolService (GrpcClientProtocolService.java:lambda$processClientRequest$0(278)) - Failed RaftClientRequest:client-2265A94AA220->localhost_10000@group-03E665A0CE68, cid=42, seq=0, RW, Message:321f0a0f0a0d74657374...(size=33), reply=RaftClientReply:client-2265A94AA220->localhost_10000@group-03E665A0CE68, cid=42, FAILED org.apache.ratis.protocol.NotLeaderException: Server localhost_10000@group-03E665A0CE68 is not the leader, logIndex=0, commits[localhost_10000:c-1]
2019-09-24 12:19:52,925 INFO  client.GrpcClientProtocolService (GrpcClientProtocolService.java:lambda$processClientRequest$0(278)) - Failed RaftClientRequest:client-2265A94AA220->localhost_10002@group-03E665A0CE68, cid=42, seq=0, RW, Message:321f0a0f0a0d74657374...(size=33), reply=RaftClientReply:client-2265A94AA220->localhost_10002@group-03E665A0CE68, cid=42, FAILED org.apache.ratis.protocol.NotLeaderException: Server localhost_10002@group-03E665A0CE68 is not the leader, logIndex=0, commits[localhost_10002:c-1]
2019-09-24 12:19:52,928 INFO  client.GrpcClientProtocolService (GrpcClientProtocolService.java:lambda$processClientRequest$0(278)) - Failed RaftClientRequest:client-2265A94AA220->localhost_10000@group-03E665A0CE68, cid=42, seq=0, RW, Message:321f0a0f0a0d74657374...(size=33), reply=RaftClientReply:client-2265A94AA220->localhost_10000@group-03E665A0CE68, cid=42, FAILED org.apache.ratis.protocol.NotLeaderException: Server localhost_10000@group-03E665A0CE68 is not the leader, logIndex=0, commits[localhost_10000:c-1]
2019-09-24 12:19:52,931 INFO  client.GrpcClientProtocolService (GrpcClientProtocolService.java:lambda$processClientRequest$0(278)) - Failed RaftClientRequest:client-2265A94AA220->localhost_10002@group-03E665A0CE68, cid=42, seq=0, RW, Message:321f0a0f0a0d74657374...(size=33), reply=RaftClientReply:client-2265A94AA220->localhost_10002@group-03E665A0CE68, cid=42, FAILED org.apache.ratis.protocol.NotLeaderException: Server localhost_10002@group-03E665A0CE68 is not the leader, logIndex=0, commits[localhost_10002:c-1]
2019-09-24 12:19:52,934 INFO  client.GrpcClientProtocolService (GrpcClientProtocolService.java:lambda$processClientRequest$0(278)) - Failed RaftClientRequest:client-2265A94AA220->localhost_10001@group-03E665A0CE68, cid=42, seq=0, RW, Message:321f0a0f0a0d74657374...(size=33), reply=RaftClientReply:client-2265A94AA220->localhost_10001@group-03E665A0CE68, cid=42, FAILED org.apache.ratis.protocol.NotLeaderException: Server localhost_10001@group-03E665A0CE68 is not the leader, logIndex=0, commits[localhost_10001:c-1]
2019-09-24 12:19:52,936 INFO  client.GrpcClientProtocolService (GrpcClientProtocolService.java:lambda$processClientRequest$0(278)) - Failed RaftClientRequest:client-2265A94AA220->localhost_10000@group-03E665A0CE68, cid=42, seq=0, RW, Message:321f0a0f0a0d74657374...(size=33), reply=RaftClientReply:client-2265A94AA220->localhost_10000@group-03E665A0CE68, cid=42, FAILED org.apache.ratis.protocol.NotLeaderException: Server localhost_10000@group-03E665A0CE68 is not the leader, logIndex=0, commits[localhost_10000:c-1]
2019-09-24 12:19:52,939 INFO  client.GrpcClientProtocolService (GrpcClientProtocolService.java:lambda$processClientRequest$0(278)) - Failed RaftClientRequest:client-2265A94AA220->localhost_10001@group-03E665A0CE68, cid=42, seq=0, RW, Message:321f0a0f0a0d74657374...(size=33), reply=RaftClientReply:client-2265A94AA220->localhost_10001@group-03E665A0CE68, cid=42, FAILED org.apache.ratis.protocol.NotLeaderException: Server localhost_10001@group-03E665A0CE68 is not the leader, logIndex=0, commits[localhost_10001:c-1]
2019-09-24 12:19:52,941 INFO  client.GrpcClientProtocolService (GrpcClientProtocolService.java:lambda$processClientRequest$0(278)) - Failed RaftClientRequest:client-2265A94AA220->localhost_10002@group-03E665A0CE68, cid=42, seq=0, RW, Message:321f0a0f0a0d74657374...(size=33), reply=RaftClientReply:client-2265A94AA220->localhost_10002@group-03E665A0CE68, cid=42, FAILED org.apache.ratis.protocol.NotLeaderException: Server localhost_10002@group-03E665A0CE68 is not the leader, logIndex=0, commits[localhost_10002:c-1]
2019-09-24 12:19:52,944 INFO  client.GrpcClientProtocolService (GrpcClientProtocolService.java:lambda$processClientRequest$0(278)) - Failed RaftClientRequest:client-2265A94AA220->localhost_10001@group-03E665A0CE68, cid=42, seq=0, RW, Message:321f0a0f0a0d74657374...(size=33), reply=RaftClientReply:client-2265A94AA220->localhost_10001@group-03E665A0CE68, cid=42, FAILED org.apache.ratis.protocol.NotLeaderException: Server localhost_10001@group-03E665A0CE68 is not the leader, logIndex=0, commits[localhost_10001:c-1]
2019-09-24 12:19:52,946 INFO  client.GrpcClientProtocolService (GrpcClientProtocolService.java:lambda$processClientRequest$0(278)) - Failed RaftClientRequest:client-2265A94AA220->localhost_10000@group-03E665A0CE68, cid=42, seq=0, RW, Message:321f0a0f0a0d74657374...(size=33), reply=RaftClientReply:client-2265A94AA220->localhost_10000@group-03E665A0CE68, cid=42, FAILED org.apache.ratis.protocol.NotLeaderException: Server localhost_10000@group-03E665A0CE68 is not the leader, logIndex=0, commits[localhost_10000:c-1]
2019-09-24 12:19:52,949 INFO  client.GrpcClientProtocolService (GrpcClientProtocolService.java:lambda$processClientRequest$0(278)) - Failed RaftClientRequest:client-2265A94AA220->localhost_10002@group-03E665A0CE68, cid=42, seq=0, RW, Message:321f0a0f0a0d74657374...(size=33), reply=RaftClientReply:client-2265A94AA220->localhost_10002@group-03E665A0CE68, cid=42, FAILED org.apache.ratis.protocol.NotLeaderException: Server localhost_10002@group-03E665A0CE68 is not the leader, logIndex=0, commits[localhost_10002:c-1]
2019-09-24 12:19:52,951 INFO  client.GrpcClientProtocolService (GrpcClientProtocolService.java:lambda$processClientRequest$0(278)) - Failed RaftClientRequest:client-2265A94AA220->localhost_10001@group-03E665A0CE68, cid=42, seq=0, RW, Message:321f0a0f0a0d74657374...(size=33), reply=RaftClientReply:client-2265A94AA220->localhost_10001@group-03E665A0CE68, cid=42, FAILED org.apache.ratis.protocol.NotLeaderException: Server localhost_10001@group-03E665A0CE68 is not the leader, logIndex=0, commits[localhost_10001:c-1]
2019-09-24 12:19:52,953 INFO  client.GrpcClientProtocolService (GrpcClientProtocolService.java:lambda$processClientRequest$0(278)) - Failed RaftClientRequest:client-2265A94AA220->localhost_10000@group-03E665A0CE68, cid=42, seq=0, RW, Message:321f0a0f0a0d74657374...(size=33), reply=RaftClientReply:client-2265A94AA220->localhost_10000@group-03E665A0CE68, cid=42, FAILED org.apache.ratis.protocol.NotLeaderException: Server localhost_10000@group-03E665A0CE68 is not the leader, logIndex=0, commits[localhost_10000:c-1]
2019-09-24 12:19:52,956 INFO  client.GrpcClientProtocolService (GrpcClientProtocolService.java:lambda$processClientRequest$0(278)) - Failed RaftClientRequest:client-2265A94AA220->localhost_10001@group-03E665A0CE68, cid=42, seq=0, RW, Message:321f0a0f0a0d74657374...(size=33), reply=RaftClientReply:client-2265A94AA220->localhost_10001@group-03E665A0CE68, cid=42, FAILED org.apache.ratis.protocol.NotLeaderException: Server localhost_10001@group-03E665A0CE68 is not the leader, logIndex=0, commits[localhost_10001:c-1]
2019-09-24 12:19:52,958 INFO  client.GrpcClientProtocolService (GrpcClientProtocolService.java:lambda$processClientRequest$0(278)) - Failed RaftClientRequest:client-2265A94AA220->localhost_10000@group-03E665A0CE68, cid=42, seq=0, RW, Message:321f0a0f0a0d74657374...(size=33), reply=RaftClientReply:client-2265A94AA220->localhost_10000@group-03E665A0CE68, cid=42, FAILED org.apache.ratis.protocol.NotLeaderException: Server localhost_10000@group-03E665A0CE68 is not the leader, logIndex=0, commits[localhost_10000:c-1]
2019-09-24 12:19:52,960 INFO  client.GrpcClientProtocolService (GrpcClientProtocolService.java:lambda$processClientRequest$0(278)) - Failed RaftClientRequest:client-2265A94AA220->localhost_10002@group-03E665A0CE68, cid=42, seq=0, RW, Message:321f0a0f0a0d74657374...(size=33), reply=RaftClientReply:client-2265A94AA220->localhost_10002@group-03E665A0CE68, cid=42, FAILED org.apache.ratis.protocol.NotLeaderException: Server localhost_10002@group-03E665A0CE68 is not the leader, logIndex=0, commits[localhost_10002:c-1]
2019-09-24 12:19:52,963 INFO  client.GrpcClientProtocolService (GrpcClientProtocolService.java:lambda$processClientRequest$0(278)) - Failed RaftClientRequest:client-2265A94AA220->localhost_10000@group-03E665A0CE68, cid=42, seq=0, RW, Message:321f0a0f0a0d74657374...(size=33), reply=RaftClientReply:client-2265A94AA220->localhost_10000@group-03E665A0CE68, cid=42, FAILED org.apache.ratis.protocol.NotLeaderException: Server localhost_10000@group-03E665A0CE68 is not the leader, logIndex=0, commits[localhost_10000:c-1]
2019-09-24 12:19:52,965 INFO  client.GrpcClientProtocolService (GrpcClientProtocolService.java:lambda$processClientRequest$0(278)) - Failed RaftClientRequest:client-2265A94AA220->localhost_10002@group-03E665A0CE68, cid=42, seq=0, RW, Message:321f0a0f0a0d74657374...(size=33), reply=RaftClientReply:client-2265A94AA220->localhost_10002@group-03E665A0CE68, cid=42, FAILED org.apache.ratis.protocol.NotLeaderException: Server localhost_10002@group-03E665A0CE68 is not the leader, logIndex=0, commits[localhost_10002:c-1]
2019-09-24 12:19:52,967 INFO  client.GrpcClientProtocolService (GrpcClientProtocolService.java:lambda$processClientRequest$0(278)) - Failed RaftClientRequest:client-2265A94AA220->localhost_10000@group-03E665A0CE68, cid=42, seq=0, RW, Message:321f0a0f0a0d74657374...(size=33), reply=RaftClientReply:client-2265A94AA220->localhost_10000@group-03E665A0CE68, cid=42, FAILED org.apache.ratis.protocol.NotLeaderException: Server localhost_10000@group-03E665A0CE68 is not the leader, logIndex=0, commits[localhost_10000:c-1]
2019-09-24 12:19:52,969 INFO  client.GrpcClientProtocolService (GrpcClientProtocolService.java:lambda$processClientRequest$0(278)) - Failed RaftClientRequest:client-2265A94AA220->localhost_10001@group-03E665A0CE68, cid=42, seq=0, RW, Message:321f0a0f0a0d74657374...(size=33), reply=RaftClientReply:client-2265A94AA220->localhost_10001@group-03E665A0CE68, cid=42, FAILED org.apache.ratis.protocol.NotLeaderException: Server localhost_10001@group-03E665A0CE68 is not the leader, logIndex=0, commits[localhost_10001:c-1]
2019-09-24 12:19:52,971 INFO  client.GrpcClientProtocolService (GrpcClientProtocolService.java:lambda$processClientRequest$0(278)) - Failed RaftClientRequest:client-2265A94AA220->localhost_10002@group-03E665A0CE68, cid=42, seq=0, RW, Message:321f0a0f0a0d74657374...(size=33), reply=RaftClientReply:client-2265A94AA220->localhost_10002@group-03E665A0CE68, cid=42, FAILED org.apache.ratis.protocol.NotLeaderException: Server localhost_10002@group-03E665A0CE68 is not the leader, logIndex=0, commits[localhost_10002:c-1]
2019-09-24 12:19:52,974 INFO  client.GrpcClientProtocolService (GrpcClientProtocolService.java:lambda$processClientRequest$0(278)) - Failed RaftClientRequest:client-2265A94AA220->localhost_10000@group-03E665A0CE68, cid=42, seq=0, RW, Message:321f0a0f0a0d74657374...(size=33), reply=RaftClientReply:client-2265A94AA220->localhost_10000@group-03E665A0CE68, cid=42, FAILED org.apache.ratis.protocol.NotLeaderException: Server localhost_10000@group-03E665A0CE68 is not the leader, logIndex=0, commits[localhost_10000:c-1]
2019-09-24 12:19:52,976 INFO  client.GrpcClientProtocolService (GrpcClientProtocolService.java:lambda$processClientRequest$0(278)) - Failed RaftClientRequest:client-2265A94AA220->localhost_10002@group-03E665A0CE68, cid=42, seq=0, RW, Message:321f0a0f0a0d74657374...(size=33), reply=RaftClientReply:client-2265A94AA220->localhost_10002@group-03E665A0CE68, cid=42, FAILED org.apache.ratis.protocol.NotLeaderException: Server localhost_10002@group-03E665A0CE68 is not the leader, logIndex=0, commits[localhost_10002:c-1]
2019-09-24 12:19:52,978 INFO  client.GrpcClientProtocolService (GrpcClientProtocolService.java:lambda$processClientRequest$0(278)) - Failed RaftClientRequest:client-2265A94AA220->localhost_10001@group-03E665A0CE68, cid=42, seq=0, RW, Message:321f0a0f0a0d74657374...(size=33), reply=RaftClientReply:client-2265A94AA220->localhost_10001@group-03E665A0CE68, cid=42, FAILED org.apache.ratis.protocol.NotLeaderException: Server localhost_10001@group-03E665A0CE68 is not the leader, logIndex=0, commits[localhost_10001:c-1]
2019-09-24 12:19:52,980 INFO  client.GrpcClientProtocolService (GrpcClientProtocolService.java:lambda$processClientRequest$0(278)) - Failed RaftClientRequest:client-2265A94AA220->localhost_10002@group-03E665A0CE68, cid=42, seq=0, RW, Message:321f0a0f0a0d74657374...(size=33), reply=RaftClientReply:client-2265A94AA220->localhost_10002@group-03E665A0CE68, cid=42, FAILED org.apache.ratis.protocol.NotLeaderException: Server localhost_10002@group-03E665A0CE68 is not the leader, logIndex=0, commits[localhost_10002:c-1]
2019-09-24 12:19:52,982 INFO  client.GrpcClientProtocolService (GrpcClientProtocolService.java:lambda$processClientRequest$0(278)) - Failed RaftClientRequest:client-2265A94AA220->localhost_10001@group-03E665A0CE68, cid=42, seq=0, RW, Message:321f0a0f0a0d74657374...(size=33), reply=RaftClientReply:client-2265A94AA220->localhost_10001@group-03E665A0CE68, cid=42, FAILED org.apache.ratis.protocol.NotLeaderException: Server localhost_10001@group-03E665A0CE68 is not the leader, logIndex=0, commits[localhost_10001:c-1]
2019-09-24 12:19:52,984 INFO  client.GrpcClientProtocolService (GrpcClientProtocolService.java:lambda$processClientRequest$0(278)) - Failed RaftClientRequest:client-2265A94AA220->localhost_10002@group-03E665A0CE68, cid=42, seq=0, RW, Message:321f0a0f0a0d74657374...(size=33), reply=RaftClientReply:client-2265A94AA220->localhost_10002@group-03E665A0CE68, cid=42, FAILED org.apache.ratis.protocol.NotLeaderException: Server localhost_10002@group-03E665A0CE68 is not the leader, logIndex=0, commits[localhost_10002:c-1]
2019-09-24 12:19:52,986 INFO  client.GrpcClientProtocolService (GrpcClientProtocolService.java:lambda$processClientRequest$0(278)) - Failed RaftClientRequest:client-2265A94AA220->localhost_10001@group-03E665A0CE68, cid=42, seq=0, RW, Message:321f0a0f0a0d74657374...(size=33), reply=RaftClientReply:client-2265A94AA220->localhost_10001@group-03E665A0CE68, cid=42, FAILED org.apache.ratis.protocol.NotLeaderException: Server localhost_10001@group-03E665A0CE68 is not the leader, logIndex=0, commits[localhost_10001:c-1]
2019-09-24 12:19:52,988 INFO  client.GrpcClientProtocolService (GrpcClientProtocolService.java:lambda$processClientRequest$0(278)) - Failed RaftClientRequest:client-2265A94AA220->localhost_10002@group-03E665A0CE68, cid=42, seq=0, RW, Message:321f0a0f0a0d74657374...(size=33), reply=RaftClientReply:client-2265A94AA220->localhost_10002@group-03E665A0CE68, cid=42, FAILED org.apache.ratis.protocol.NotLeaderException: Server localhost_10002@group-03E665A0CE68 is not the leader, logIndex=0, commits[localhost_10002:c-1]
2019-09-24 12:19:52,990 INFO  client.GrpcClientProtocolService (GrpcClientProtocolService.java:lambda$processClientRequest$0(278)) - Failed RaftClientRequest:client-2265A94AA220->localhost_10001@group-03E665A0CE68, cid=42, seq=0, RW, Message:321f0a0f0a0d74657374...(size=33), reply=RaftClientReply:client-2265A94AA220->localhost_10001@group-03E665A0CE68, cid=42, FAILED org.apache.ratis.protocol.NotLeaderException: Server localhost_10001@group-03E665A0CE68 is not the leader, logIndex=0, commits[localhost_10001:c-1]
2019-09-24 12:19:52,992 INFO  client.GrpcClientProtocolService (GrpcClientProtocolService.java:lambda$processClientRequest$0(278)) - Failed RaftClientRequest:client-2265A94AA220->localhost_10002@group-03E665A0CE68, cid=42, seq=0, RW, Message:321f0a0f0a0d74657374...(size=33), reply=RaftClientReply:client-2265A94AA220->localhost_10002@group-03E665A0CE68, cid=42, FAILED org.apache.ratis.protocol.NotLeaderException: Server localhost_10002@group-03E665A0CE68 is not the leader, logIndex=0, commits[localhost_10002:c-1]
2019-09-24 12:19:52,994 INFO  client.GrpcClientProtocolService (GrpcClientProtocolService.java:lambda$processClientRequest$0(278)) - Failed RaftClientRequest:client-2265A94AA220->localhost_10001@group-03E665A0CE68, cid=42, seq=0, RW, Message:321f0a0f0a0d74657374...(size=33), reply=RaftClientReply:client-2265A94AA220->localhost_10001@group-03E665A0CE68, cid=42, FAILED org.apache.ratis.protocol.NotLeaderException: Server localhost_10001@group-03E665A0CE68 is not the leader, logIndex=0, commits[localhost_10001:c-1]
2019-09-24 12:19:52,996 INFO  client.GrpcClientProtocolService (GrpcClientProtocolService.java:lambda$processClientRequest$0(278)) - Failed RaftClientRequest:client-2265A94AA220->localhost_10002@group-03E665A0CE68, cid=42, seq=0, RW, Message:321f0a0f0a0d74657374...(size=33), reply=RaftClientReply:client-2265A94AA220->localhost_10002@group-03E665A0CE68, cid=42, FAILED org.apache.ratis.protocol.NotLeaderException: Server localhost_10002@group-03E665A0CE68 is not the leader, logIndex=0, commits[localhost_10002:c-1]
2019-09-24 12:19:52,999 INFO  client.GrpcClientProtocolService (GrpcClientProtocolService.java:lambda$processClientRequest$0(278)) - Failed RaftClientRequest:client-2265A94AA220->localhost_10001@group-03E665A0CE68, cid=42, seq=0, RW, Message:321f0a0f0a0d74657374...(size=33), reply=RaftClientReply:client-2265A94AA220->localhost_10001@group-03E665A0CE68, cid=42, FAILED org.apache.ratis.protocol.NotLeaderException: Server localhost_10001@group-03E665A0CE68 is not the leader, logIndex=0, commits[localhost_10001:c-1]
2019-09-24 12:19:53,001 INFO  client.GrpcClientProtocolService (GrpcClientProtocolService.java:lambda$processClientRequest$0(278)) - Failed RaftClientRequest:client-2265A94AA220->localhost_10000@group-03E665A0CE68, cid=42, seq=0, RW, Message:321f0a0f0a0d74657374...(size=33), reply=RaftClientReply:client-2265A94AA220->localhost_10000@group-03E665A0CE68, cid=42, FAILED org.apache.ratis.protocol.NotLeaderException: Server localhost_10000@group-03E665A0CE68 is not the leader, logIndex=0, commits[localhost_10000:c-1]
2019-09-24 12:19:53,003 INFO  client.GrpcClientProtocolService (GrpcClientProtocolService.java:lambda$processClientRequest$0(278)) - Failed RaftClientRequest:client-2265A94AA220->localhost_10002@group-03E665A0CE68, cid=42, seq=0, RW, Message:321f0a0f0a0d74657374...(size=33), reply=RaftClientReply:client-2265A94AA220->localhost_10002@group-03E665A0CE68, cid=42, FAILED org.apache.ratis.protocol.NotLeaderException: Server localhost_10002@group-03E665A0CE68 is not the leader, logIndex=0, commits[localhost_10002:c-1]
2019-09-24 12:19:53,006 INFO  client.GrpcClientProtocolService (GrpcClientProtocolService.java:lambda$processClientRequest$0(278)) - Failed RaftClientRequest:client-2265A94AA220->localhost_10000@group-03E665A0CE68, cid=42, seq=0, RW, Message:321f0a0f0a0d74657374...(size=33), reply=RaftClientReply:client-2265A94AA220->localhost_10000@group-03E665A0CE68, cid=42, FAILED org.apache.ratis.protocol.NotLeaderException: Server localhost_10000@group-03E665A0CE68 is not the leader, logIndex=0, commits[localhost_10000:c-1]
2019-09-24 12:19:53,008 INFO  client.GrpcClientProtocolService (GrpcClientProtocolService.java:lambda$processClientRequest$0(278)) - Failed RaftClientRequest:client-2265A94AA220->localhost_10001@group-03E665A0CE68, cid=42, seq=0, RW, Message:321f0a0f0a0d74657374...(size=33), reply=RaftClientReply:client-2265A94AA220->localhost_10001@group-03E665A0CE68, cid=42, FAILED org.apache.ratis.protocol.NotLeaderException: Server localhost_10001@group-03E665A0CE68 is not the leader, logIndex=0, commits[localhost_10001:c-1]
2019-09-24 12:19:53,010 INFO  client.GrpcClientProtocolService (GrpcClientProtocolService.java:lambda$processClientRequest$0(278)) - Failed RaftClientRequest:client-2265A94AA220->localhost_10002@group-03E665A0CE68, cid=42, seq=0, RW, Message:321f0a0f0a0d74657374...(size=33), reply=RaftClientReply:client-2265A94AA220->localhost_10002@group-03E665A0CE68, cid=42, FAILED org.apache.ratis.protocol.NotLeaderException: Server localhost_10002@group-03E665A0CE68 is not the leader, logIndex=0, commits[localhost_10002:c-1]
2019-09-24 12:19:53,012 INFO  client.GrpcClientProtocolService (GrpcClientProtocolService.java:lambda$processClientRequest$0(278)) - Failed RaftClientRequest:client-2265A94AA220->localhost_10000@group-03E665A0CE68, cid=42, seq=0, RW, Message:321f0a0f0a0d74657374...(size=33), reply=RaftClientReply:client-2265A94AA220->localhost_10000@group-03E665A0CE68, cid=42, FAILED org.apache.ratis.protocol.NotLeaderException: Server localhost_10000@group-03E665A0CE68 is not the leader, logIndex=0, commits[localhost_10000:c-1]
2019-09-24 12:19:53,014 INFO  client.GrpcClientProtocolService (GrpcClientProtocolService.java:lambda$processClientRequest$0(278)) - Failed RaftClientRequest:client-2265A94AA220->localhost_10002@group-03E665A0CE68, cid=42, seq=0, RW, Message:321f0a0f0a0d74657374...(size=33), reply=RaftClientReply:client-2265A94AA220->localhost_10002@group-03E665A0CE68, cid=42, FAILED org.apache.ratis.protocol.NotLeaderException: Server localhost_10002@group-03E665A0CE68 is not the leader, logIndex=0, commits[localhost_10002:c-1]
2019-09-24 12:19:53,016 INFO  client.GrpcClientProtocolService (GrpcClientProtocolService.java:lambda$processClientRequest$0(278)) - Failed RaftClientRequest:client-2265A94AA220->localhost_10000@group-03E665A0CE68, cid=42, seq=0, RW, Message:321f0a0f0a0d74657374...(size=33), reply=RaftClientReply:client-2265A94AA220->localhost_10000@group-03E665A0CE68, cid=42, FAILED org.apache.ratis.protocol.NotLeaderException: Server localhost_10000@group-03E665A0CE68 is not the leader, logIndex=0, commits[localhost_10000:c-1]
2019-09-24 12:19:53,018 INFO  client.GrpcClientProtocolService (GrpcClientProtocolService.java:lambda$processClientRequest$0(278)) - Failed RaftClientRequest:client-2265A94AA220->localhost_10002@group-03E665A0CE68, cid=42, seq=0, RW, Message:321f0a0f0a0d74657374...(size=33), reply=RaftClientReply:client-2265A94AA220->localhost_10002@group-03E665A0CE68, cid=42, FAILED org.apache.ratis.protocol.NotLeaderException: Server localhost_10002@group-03E665A0CE68 is not the leader, logIndex=0, commits[localhost_10002:c-1]
2019-09-24 12:19:53,020 INFO  client.GrpcClientProtocolService (GrpcClientProtocolService.java:lambda$processClientRequest$0(278)) - Failed RaftClientRequest:client-2265A94AA220->localhost_10000@group-03E665A0CE68, cid=42, seq=0, RW, Message:321f0a0f0a0d74657374...(size=33), reply=RaftClientReply:client-2265A94AA220->localhost_10000@group-03E665A0CE68, cid=42, FAILED org.apache.ratis.protocol.NotLeaderException: Server localhost_10000@group-03E665A0CE68 is not the leader, logIndex=0, commits[localhost_10000:c-1]
2019-09-24 12:19:53,023 INFO  client.GrpcClientProtocolService (GrpcClientProtocolService.java:lambda$processClientRequest$0(278)) - Failed RaftClientRequest:client-2265A94AA220->localhost_10002@group-03E665A0CE68, cid=42, seq=0, RW, Message:321f0a0f0a0d74657374...(size=33), reply=RaftClientReply:client-2265A94AA220->localhost_10002@group-03E665A0CE68, cid=42, FAILED org.apache.ratis.protocol.NotLeaderException: Server localhost_10002@group-03E665A0CE68 is not the leader, logIndex=0, commits[localhost_10002:c-1]
2019-09-24 12:19:53,025 INFO  client.GrpcClientProtocolService (GrpcClientProtocolService.java:lambda$processClientRequest$0(278)) - Failed RaftClientRequest:client-2265A94AA220->localhost_10001@group-03E665A0CE68, cid=42, seq=0, RW, Message:321f0a0f0a0d74657374...(size=33), reply=RaftClientReply:client-2265A94AA220->localhost_10001@group-03E665A0CE68, cid=42, FAILED org.apache.ratis.protocol.NotLeaderException: Server localhost_10001@group-03E665A0CE68 is not the leader, logIndex=0, commits[localhost_10001:c-1]
2019-09-24 12:19:53,027 INFO  client.GrpcClientProtocolService (GrpcClientProtocolService.java:lambda$processClientRequest$0(278)) - Failed RaftClientRequest:client-2265A94AA220->localhost_10000@group-03E665A0CE68, cid=42, seq=0, RW, Message:321f0a0f0a0d74657374...(size=33), reply=RaftClientReply:client-2265A94AA220->localhost_10000@group-03E665A0CE68, cid=42, FAILED org.apache.ratis.protocol.NotLeaderException: Server localhost_10000@group-03E665A0CE68 is not the leader, logIndex=0, commits[localhost_10000:c-1]
2019-09-24 12:19:53,029 INFO  client.GrpcClientProtocolService (GrpcClientProtocolService.java:lambda$processClientRequest$0(278)) - Failed RaftClientRequest:client-2265A94AA220->localhost_10001@group-03E665A0CE68, cid=42, seq=0, RW, Message:321f0a0f0a0d74657374...(size=33), reply=RaftClientReply:client-2265A94AA220->localhost_10001@group-03E665A0CE68, cid=42, FAILED org.apache.ratis.protocol.NotLeaderException: Server localhost_10001@group-03E665A0CE68 is not the leader, logIndex=0, commits[localhost_10001:c-1]
2019-09-24 12:19:53,031 INFO  client.GrpcClientProtocolService (GrpcClientProtocolService.java:lambda$processClientRequest$0(278)) - Failed RaftClientRequest:client-2265A94AA220->localhost_10000@group-03E665A0CE68, cid=42, seq=0, RW, Message:321f0a0f0a0d74657374...(size=33), reply=RaftClientReply:client-2265A94AA220->localhost_10000@group-03E665A0CE68, cid=42, FAILED org.apache.ratis.protocol.NotLeaderException: Server localhost_10000@group-03E665A0CE68 is not the leader, logIndex=0, commits[localhost_10000:c-1]
2019-09-24 12:19:53,034 INFO  client.GrpcClientProtocolService (GrpcClientProtocolService.java:lambda$processClientRequest$0(278)) - Failed RaftClientRequest:client-2265A94AA220->localhost_10002@group-03E665A0CE68, cid=42, seq=0, RW, Message:321f0a0f0a0d74657374...(size=33), reply=RaftClientReply:client-2265A94AA220->localhost_10002@group-03E665A0CE68, cid=42, FAILED org.apache.ratis.protocol.NotLeaderException: Server localhost_10002@group-03E665A0CE68 is not the leader, logIndex=0, commits[localhost_10002:c-1]
2019-09-24 12:19:53,036 INFO  client.GrpcClientProtocolService (GrpcClientProtocolService.java:lambda$processClientRequest$0(278)) - Failed RaftClientRequest:client-2265A94AA220->localhost_10000@group-03E665A0CE68, cid=42, seq=0, RW, Message:321f0a0f0a0d74657374...(size=33), reply=RaftClientReply:client-2265A94AA220->localhost_10000@group-03E665A0CE68, cid=42, FAILED org.apache.ratis.protocol.NotLeaderException: Server localhost_10000@group-03E665A0CE68 is not the leader, logIndex=0, commits[localhost_10000:c-1]
2019-09-24 12:19:53,039 INFO  client.GrpcClientProtocolService (GrpcClientProtocolService.java:lambda$processClientRequest$0(278)) - Failed RaftClientRequest:client-2265A94AA220->localhost_10002@group-03E665A0CE68, cid=42, seq=0, RW, Message:321f0a0f0a0d74657374...(size=33), reply=RaftClientReply:client-2265A94AA220->localhost_10002@group-03E665A0CE68, cid=42, FAILED org.apache.ratis.protocol.NotLeaderException: Server localhost_10002@group-03E665A0CE68 is not the leader, logIndex=0, commits[localhost_10002:c-1]
2019-09-24 12:19:53,041 INFO  client.GrpcClientProtocolService (GrpcClientProtocolService.java:lambda$processClientRequest$0(278)) - Failed RaftClientRequest:client-2265A94AA220->localhost_10000@group-03E665A0CE68, cid=42, seq=0, RW, Message:321f0a0f0a0d74657374...(size=33), reply=RaftClientReply:client-2265A94AA220->localhost_10000@group-03E665A0CE68, cid=42, FAILED org.apache.ratis.protocol.NotLeaderException: Server localhost_10000@group-03E665A0CE68 is not the leader, logIndex=0, commits[localhost_10000:c-1]
2019-09-24 12:19:53,044 INFO  client.GrpcClientProtocolService (GrpcClientProtocolService.java:lambda$processClientRequest$0(278)) - Failed RaftClientRequest:client-2265A94AA220->localhost_10001@group-03E665A0CE68, cid=42, seq=0, RW, Message:321f0a0f0a0d74657374...(size=33), reply=RaftClientReply:client-2265A94AA220->localhost_10001@group-03E665A0CE68, cid=42, FAILED org.apache.ratis.protocol.NotLeaderException: Server localhost_10001@group-03E665A0CE68 is not the leader, logIndex=0, commits[localhost_10001:c-1]
2019-09-24 12:19:53,046 INFO  client.GrpcClientProtocolService (GrpcClientProtocolService.java:lambda$processClientRequest$0(278)) - Failed RaftClientRequest:client-2265A94AA220->localhost_10000@group-03E665A0CE68, cid=42, seq=0, RW, Message:321f0a0f0a0d74657374...(size=33), reply=RaftClientReply:client-2265A94AA220->localhost_10000@group-03E665A0CE68, cid=42, FAILED org.apache.ratis.protocol.NotLeaderException: Server localhost_10000@group-03E665A0CE68 is not the leader, logIndex=0, commits[localhost_10000:c-1]
2019-09-24 12:19:53,049 INFO  client.GrpcClientProtocolService (GrpcClientProtocolService.java:lambda$processClientRequest$0(278)) - Failed RaftClientRequest:client-2265A94AA220->localhost_10002@group-03E665A0CE68, cid=42, seq=0, RW, Message:321f0a0f0a0d74657374...(size=33), reply=RaftClientReply:client-2265A94AA220->localhost_10002@group-03E665A0CE68, cid=42, FAILED org.apache.ratis.protocol.NotLeaderException: Server localhost_10002@group-03E665A0CE68 is not the leader, logIndex=0, commits[localhost_10002:c-1]
2019-09-24 12:19:53,051 INFO  client.GrpcClientProtocolService (GrpcClientProtocolService.java:lambda$processClientRequest$0(278)) - Failed RaftClientRequest:client-2265A94AA220->localhost_10001@group-03E665A0CE68, cid=42, seq=0, RW, Message:321f0a0f0a0d74657374...(size=33), reply=RaftClientReply:client-2265A94AA220->localhost_10001@group-03E665A0CE68, cid=42, FAILED org.apache.ratis.protocol.NotLeaderException: Server localhost_10001@group-03E665A0CE68 is not the leader, logIndex=0, commits[localhost_10001:c-1]
2019-09-24 12:19:53,053 INFO  client.GrpcClientProtocolService (GrpcClientProtocolService.java:lambda$processClientRequest$0(278)) - Failed RaftClientRequest:client-2265A94AA220->localhost_10000@group-03E665A0CE68, cid=42, seq=0, RW, Message:321f0a0f0a0d74657374...(size=33), reply=RaftClientReply:client-2265A94AA220->localhost_10000@group-03E665A0CE68, cid=42, FAILED org.apache.ratis.protocol.NotLeaderException: Server localhost_10000@group-03E665A0CE68 is not the leader, logIndex=0, commits[localhost_10000:c-1]
2019-09-24 12:19:53,056 INFO  client.GrpcClientProtocolService (GrpcClientProtocolService.java:lambda$processClientRequest$0(278)) - Failed RaftClientRequest:client-2265A94AA220->localhost_10002@group-03E665A0CE68, cid=42, seq=0, RW, Message:321f0a0f0a0d74657374...(size=33), reply=RaftClientReply:client-2265A94AA220->localhost_10002@group-03E665A0CE68, cid=42, FAILED org.apache.ratis.protocol.NotLeaderException: Server localhost_10002@group-03E665A0CE68 is not the leader, logIndex=0, commits[localhost_10002:c-1]
2019-09-24 12:19:53,058 INFO  client.GrpcClientProtocolService (GrpcClientProtocolService.java:lambda$processClientRequest$0(278)) - Failed RaftClientRequest:client-2265A94AA220->localhost_10000@group-03E665A0CE68, cid=42, seq=0, RW, Message:321f0a0f0a0d74657374...(size=33), reply=RaftClientReply:client-2265A94AA220->localhost_10000@group-03E665A0CE68, cid=42, FAILED org.apache.ratis.protocol.NotLeaderException: Server localhost_10000@group-03E665A0CE68 is not the leader, logIndex=0, commits[localhost_10000:c-1]
2019-09-24 12:19:53,060 INFO  client.GrpcClientProtocolService (GrpcClientProtocolService.java:lambda$processClientRequest$0(278)) - Failed RaftClientRequest:client-2265A94AA220->localhost_10002@group-03E665A0CE68, cid=42, seq=0, RW, Message:321f0a0f0a0d74657374...(size=33), reply=RaftClientReply:client-2265A94AA220->localhost_10002@group-03E665A0CE68, cid=42, FAILED org.apache.ratis.protocol.NotLeaderException: Server localhost_10002@group-03E665A0CE68 is not the leader, logIndex=0, commits[localhost_10002:c-1]
2019-09-24 12:19:53,063 INFO  client.GrpcClientProtocolService (GrpcClientProtocolService.java:lambda$processClientRequest$0(278)) - Failed RaftClientRequest:client-2265A94AA220->localhost_10000@group-03E665A0CE68, cid=42, seq=0, RW, Message:321f0a0f0a0d74657374...(size=33), reply=RaftClientReply:client-2265A94AA220->localhost_10000@group-03E665A0CE68, cid=42, FAILED org.apache.ratis.protocol.NotLeaderException: Server localhost_10000@group-03E665A0CE68 is not the leader, logIndex=0, commits[localhost_10000:c-1]
2019-09-24 12:19:53,065 INFO  client.GrpcClientProtocolService (GrpcClientProtocolService.java:lambda$processClientRequest$0(278)) - Failed RaftClientRequest:client-2265A94AA220->localhost_10002@group-03E665A0CE68, cid=42, seq=0, RW, Message:321f0a0f0a0d74657374...(size=33), reply=RaftClientReply:client-2265A94AA220->localhost_10002@group-03E665A0CE68, cid=42, FAILED org.apache.ratis.protocol.NotLeaderException: Server localhost_10002@group-03E665A0CE68 is not the leader, logIndex=0, commits[localhost_10002:c-1]
2019-09-24 12:19:53,067 INFO  client.GrpcClientProtocolService (GrpcClientProtocolService.java:lambda$processClientRequest$0(278)) - Failed RaftClientRequest:client-2265A94AA220->localhost_10000@group-03E665A0CE68, cid=42, seq=0, RW, Message:321f0a0f0a0d74657374...(size=33), reply=RaftClientReply:client-2265A94AA220->localhost_10000@group-03E665A0CE68, cid=42, FAILED org.apache.ratis.protocol.NotLeaderException: Server localhost_10000@group-03E665A0CE68 is not the leader, logIndex=0, commits[localhost_10000:c-1]
2019-09-24 12:19:53,069 INFO  client.GrpcClientProtocolService (GrpcClientProtocolService.java:lambda$processClientRequest$0(278)) - Failed RaftClientRequest:client-2265A94AA220->localhost_10001@group-03E665A0CE68, cid=42, seq=0, RW, Message:321f0a0f0a0d74657374...(size=33), reply=RaftClientReply:client-2265A94AA220->localhost_10001@group-03E665A0CE68, cid=42, FAILED org.apache.ratis.protocol.NotLeaderException: Server localhost_10001@group-03E665A0CE68 is not the leader, logIndex=0, commits[localhost_10001:c-1]
2019-09-24 12:19:53,072 INFO  client.GrpcClientProtocolService (GrpcClientProtocolService.java:lambda$processClientRequest$0(278)) - Failed RaftClientRequest:client-2265A94AA220->localhost_10002@group-03E665A0CE68, cid=42, seq=0, RW, Message:321f0a0f0a0d74657374...(size=33), reply=RaftClientReply:client-2265A94AA220->localhost_10002@group-03E665A0CE68, cid=42, FAILED org.apache.ratis.protocol.NotLeaderException: Server localhost_10002@group-03E665A0CE68 is not the leader, logIndex=0, commits[localhost_10002:c-1]
2019-09-24 12:19:53,074 INFO  client.GrpcClientProtocolService (GrpcClientProtocolService.java:lambda$processClientRequest$0(278)) - Failed RaftClientRequest:client-2265A94AA220->localhost_10000@group-03E665A0CE68, cid=42, seq=0, RW, Message:321f0a0f0a0d74657374...(size=33), reply=RaftClientReply:client-2265A94AA220->localhost_10000@group-03E665A0CE68, cid=42, FAILED org.apache.ratis.protocol.NotLeaderException: Server localhost_10000@group-03E665A0CE68 is not the leader, logIndex=0, commits[localhost_10000:c-1]
2019-09-24 12:19:53,076 INFO  client.GrpcClientProtocolService (GrpcClientProtocolService.java:lambda$processClientRequest$0(278)) - Failed RaftClientRequest:client-2265A94AA220->localhost_10001@group-03E665A0CE68, cid=42, seq=0, RW, Message:321f0a0f0a0d74657374...(size=33), reply=RaftClientReply:client-2265A94AA220->localhost_10001@group-03E665A0CE68, cid=42, FAILED org.apache.ratis.protocol.NotLeaderException: Server localhost_10001@group-03E665A0CE68 is not the leader, logIndex=0, commits[localhost_10001:c-1]
2019-09-24 12:19:53,079 INFO  client.GrpcClientProtocolService (GrpcClientProtocolService.java:lambda$processClientRequest$0(278)) - Failed RaftClientRequest:client-2265A94AA220->localhost_10000@group-03E665A0CE68, cid=42, seq=0, RW, Message:321f0a0f0a0d74657374...(size=33), reply=RaftClientReply:client-2265A94AA220->localhost_10000@group-03E665A0CE68, cid=42, FAILED org.apache.ratis.protocol.NotLeaderException: Server localhost_10000@group-03E665A0CE68 is not the leader, logIndex=0, commits[localhost_10000:c-1]
2019-09-24 12:19:53,081 INFO  client.GrpcClientProtocolService (GrpcClientProtocolService.java:lambda$processClientRequest$0(278)) - Failed RaftClientRequest:client-2265A94AA220->localhost_10002@group-03E665A0CE68, cid=42, seq=0, RW, Message:321f0a0f0a0d74657374...(size=33), reply=RaftClientReply:client-2265A94AA220->localhost_10002@group-03E665A0CE68, cid=42, FAILED org.apache.ratis.protocol.NotLeaderException: Server localhost_10002@group-03E665A0CE68 is not the leader, logIndex=0, commits[localhost_10002:c-1]
2019-09-24 12:19:53,083 INFO  client.GrpcClientProtocolService (GrpcClientProtocolService.java:lambda$processClientRequest$0(278)) - Failed RaftClientRequest:client-2265A94AA220->localhost_10000@group-03E665A0CE68, cid=42, seq=0, RW, Message:321f0a0f0a0d74657374...(size=33), reply=RaftClientReply:client-2265A94AA220->localhost_10000@group-03E665A0CE68, cid=42, FAILED org.apache.ratis.protocol.NotLeaderException: Server localhost_10000@group-03E665A0CE68 is not the leader, logIndex=0, commits[localhost_10000:c-1]
2019-09-24 12:19:53,086 INFO  client.GrpcClientProtocolService (GrpcClientProtocolService.java:lambda$processClientRequest$0(278)) - Failed RaftClientRequest:client-2265A94AA220->localhost_10002@group-03E665A0CE68, cid=42, seq=0, RW, Message:321f0a0f0a0d74657374...(size=33), reply=RaftClientReply:client-2265A94AA220->localhost_10002@group-03E665A0CE68, cid=42, FAILED org.apache.ratis.protocol.NotLeaderException: Server localhost_10002@group-03E665A0CE68 is not the leader, logIndex=0, commits[localhost_10002:c-1]
2019-09-24 12:19:53,088 INFO  client.GrpcClientProtocolService (GrpcClientProtocolService.java:lambda$processClientRequest$0(278)) - Failed RaftClientRequest:client-2265A94AA220->localhost_10001@group-03E665A0CE68, cid=42, seq=0, RW, Message:321f0a0f0a0d74657374...(size=33), reply=RaftClientReply:client-2265A94AA220->localhost_10001@group-03E665A0CE68, cid=42, FAILED org.apache.ratis.protocol.NotLeaderException: Server localhost_10001@group-03E665A0CE68 is not the leader, logIndex=0, commits[localhost_10001:c-1]
2019-09-24 12:19:53,091 INFO  client.GrpcClientProtocolService (GrpcClientProtocolService.java:lambda$processClientRequest$0(278)) - Failed RaftClientRequest:client-2265A94AA220->localhost_10000@group-03E665A0CE68, cid=42, seq=0, RW, Message:321f0a0f0a0d74657374...(size=33), reply=RaftClientReply:client-2265A94AA220->localhost_10000@group-03E665A0CE68, cid=42, FAILED org.apache.ratis.protocol.NotLeaderException: Server localhost_10000@group-03E665A0CE68 is not the leader, logIndex=0, commits[localhost_10000:c-1]
2019-09-24 12:19:53,093 INFO  client.GrpcClientProtocolService (GrpcClientProtocolService.java:lambda$processClientRequest$0(278)) - Failed RaftClientRequest:client-2265A94AA220->localhost_10002@group-03E665A0CE68, cid=42, seq=0, RW, Message:321f0a0f0a0d74657374...(size=33), reply=RaftClientReply:client-2265A94AA220->localhost_10002@group-03E665A0CE68, cid=42, FAILED org.apache.ratis.protocol.NotLeaderException: Server localhost_10002@group-03E665A0CE68 is not the leader, logIndex=0, commits[localhost_10002:c-1]
2019-09-24 12:19:53,095 INFO  client.GrpcClientProtocolService (GrpcClientProtocolService.java:lambda$processClientRequest$0(278)) - Failed RaftClientRequest:client-2265A94AA220->localhost_10001@group-03E665A0CE68, cid=42, seq=0, RW, Message:321f0a0f0a0d74657374...(size=33), reply=RaftClientReply:client-2265A94AA220->localhost_10001@group-03E665A0CE68, cid=42, FAILED org.apache.ratis.protocol.NotLeaderException: Server localhost_10001@group-03E665A0CE68 is not the leader, logIndex=0, commits[localhost_10001:c-1]
2019-09-24 12:19:53,098 INFO  client.GrpcClientProtocolService (GrpcClientProtocolService.java:lambda$processClientRequest$0(278)) - Failed RaftClientRequest:client-2265A94AA220->localhost_10000@group-03E665A0CE68, cid=42, seq=0, RW, Message:321f0a0f0a0d74657374...(size=33), reply=RaftClientReply:client-2265A94AA220->localhost_10000@group-03E665A0CE68, cid=42, FAILED org.apache.ratis.protocol.NotLeaderException: Server localhost_10000@group-03E665A0CE68 is not the leader, logIndex=0, commits[localhost_10000:c-1]
2019-09-24 12:19:53,100 INFO  client.GrpcClientProtocolService (GrpcClientProtocolService.java:lambda$processClientRequest$0(278)) - Failed RaftClientRequest:client-2265A94AA220->localhost_10002@group-03E665A0CE68, cid=42, seq=0, RW, Message:321f0a0f0a0d74657374...(size=33), reply=RaftClientReply:client-2265A94AA220->localhost_10002@group-03E665A0CE68, cid=42, FAILED org.apache.ratis.protocol.NotLeaderException: Server localhost_10002@group-03E665A0CE68 is not the leader, logIndex=0, commits[localhost_10002:c-1]
2019-09-24 12:19:53,103 INFO  client.GrpcClientProtocolService (GrpcClientProtocolService.java:lambda$processClientRequest$0(278)) - Failed RaftClientRequest:client-2265A94AA220->localhost_10001@group-03E665A0CE68, cid=42, seq=0, RW, Message:321f0a0f0a0d74657374...(size=33), reply=RaftClientReply:client-2265A94AA220->localhost_10001@group-03E665A0CE68, cid=42, FAILED org.apache.ratis.protocol.NotLeaderException: Server localhost_10001@group-03E665A0CE68 is not the leader, logIndex=0, commits[localhost_10001:c-1]
2019-09-24 12:19:53,105 INFO  client.GrpcClientProtocolService (GrpcClientProtocolService.java:lambda$processClientRequest$0(278)) - Failed RaftClientRequest:client-2265A94AA220->localhost_10000@group-03E665A0CE68, cid=42, seq=0, RW, Message:321f0a0f0a0d74657374...(size=33), reply=RaftClientReply:client-2265A94AA220->localhost_10000@group-03E665A0CE68, cid=42, FAILED org.apache.ratis.protocol.NotLeaderException: Server localhost_10000@group-03E665A0CE68 is not the leader, logIndex=0, commits[localhost_10000:c-1]
2019-09-24 12:19:53,107 INFO  client.GrpcClientProtocolService (GrpcClientProtocolService.java:lambda$processClientRequest$0(278)) - Failed RaftClientRequest:client-2265A94AA220->localhost_10001@group-03E665A0CE68, cid=42, seq=0, RW, Message:321f0a0f0a0d74657374...(size=33), reply=RaftClientReply:client-2265A94AA220->localhost_10001@group-03E665A0CE68, cid=42, FAILED org.apache.ratis.protocol.NotLeaderException: Server localhost_10001@group-03E665A0CE68 is not the leader, logIndex=0, commits[localhost_10001:c-1]
2019-09-24 12:19:53,110 INFO  client.GrpcClientProtocolService (GrpcClientProtocolService.java:lambda$processClientRequest$0(278)) - Failed RaftClientRequest:client-2265A94AA220->localhost_10000@group-03E665A0CE68, cid=42, seq=0, RW, Message:321f0a0f0a0d74657374...(size=33), reply=RaftClientReply:client-2265A94AA220->localhost_10000@group-03E665A0CE68, cid=42, FAILED org.apache.ratis.protocol.NotLeaderException: Server localhost_10000@group-03E665A0CE68 is not the leader, logIndex=0, commits[localhost_10000:c-1]
2019-09-24 12:19:53,112 INFO  client.GrpcClientProtocolService (GrpcClientProtocolService.java:lambda$processClientRequest$0(278)) - Failed RaftClientRequest:client-2265A94AA220->localhost_10001@group-03E665A0CE68, cid=42, seq=0, RW, Message:321f0a0f0a0d74657374...(size=33), reply=RaftClientReply:client-2265A94AA220->localhost_10001@group-03E665A0CE68, cid=42, FAILED org.apache.ratis.protocol.NotLeaderException: Server localhost_10001@group-03E665A0CE68 is not the leader, logIndex=0, commits[localhost_10001:c-1]
2019-09-24 12:19:53,114 INFO  client.GrpcClientProtocolService (GrpcClientProtocolService.java:lambda$processClientRequest$0(278)) - Failed RaftClientRequest:client-2265A94AA220->localhost_10000@group-03E665A0CE68, cid=42, seq=0, RW, Message:321f0a0f0a0d74657374...(size=33), reply=RaftClientReply:client-2265A94AA220->localhost_10000@group-03E665A0CE68, cid=42, FAILED org.apache.ratis.protocol.NotLeaderException: Server localhost_10000@group-03E665A0CE68 is not the leader, logIndex=0, commits[localhost_10000:c-1]
2019-09-24 12:19:53,116 INFO  client.GrpcClientProtocolService (GrpcClientProtocolService.java:lambda$processClientRequest$0(278)) - Failed RaftClientRequest:client-2265A94AA220->localhost_10002@group-03E665A0CE68, cid=42, seq=0, RW, Message:321f0a0f0a0d74657374...(size=33), reply=RaftClientReply:client-2265A94AA220->localhost_10002@group-03E665A0CE68, cid=42, FAILED org.apache.ratis.protocol.NotLeaderException: Server localhost_10002@group-03E665A0CE68 is not the leader, logIndex=0, commits[localhost_10002:c-1]
2019-09-24 12:19:53,119 INFO  client.GrpcClientProtocolService (GrpcClientProtocolService.java:lambda$processClientRequest$0(278)) - Failed RaftClientRequest:client-2265A94AA220->localhost_10000@group-03E665A0CE68, cid=42, seq=0, RW, Message:321f0a0f0a0d74657374...(size=33), reply=RaftClientReply:client-2265A94AA220->localhost_10000@group-03E665A0CE68, cid=42, FAILED org.apache.ratis.protocol.NotLeaderException: Server localhost_10000@group-03E665A0CE68 is not the leader, logIndex=0, commits[localhost_10000:c-1]
2019-09-24 12:19:53,121 INFO  client.GrpcClientProtocolService (GrpcClientProtocolService.java:lambda$processClientRequest$0(278)) - Failed RaftClientRequest:client-2265A94AA220->localhost_10001@group-03E665A0CE68, cid=42, seq=0, RW, Message:321f0a0f0a0d74657374...(size=33), reply=RaftClientReply:client-2265A94AA220->localhost_10001@group-03E665A0CE68, cid=42, FAILED org.apache.ratis.protocol.NotLeaderException: Server localhost_10001@group-03E665A0CE68 is not the leader, logIndex=0, commits[localhost_10001:c-1]
2019-09-24 12:19:53,123 INFO  client.GrpcClientProtocolService (GrpcClientProtocolService.java:lambda$processClientRequest$0(278)) - Failed RaftClientRequest:client-2265A94AA220->localhost_10000@group-03E665A0CE68, cid=42, seq=0, RW, Message:321f0a0f0a0d74657374...(size=33), reply=RaftClientReply:client-2265A94AA220->localhost_10000@group-03E665A0CE68, cid=42, FAILED org.apache.ratis.protocol.NotLeaderException: Server localhost_10000@group-03E665A0CE68 is not the leader, logIndex=0, commits[localhost_10000:c-1]
2019-09-24 12:19:53,125 INFO  client.GrpcClientProtocolService (GrpcClientProtocolService.java:lambda$processClientRequest$0(278)) - Failed RaftClientRequest:client-2265A94AA220->localhost_10001@group-03E665A0CE68, cid=42, seq=0, RW, Message:321f0a0f0a0d74657374...(size=33), reply=RaftClientReply:client-2265A94AA220->localhost_10001@group-03E665A0CE68, cid=42, FAILED org.apache.ratis.protocol.NotLeaderException: Server localhost_10001@group-03E665A0CE68 is not the leader, logIndex=0, commits[localhost_10001:c-1]
2019-09-24 12:19:53,127 INFO  client.GrpcClientProtocolService (GrpcClientProtocolService.java:lambda$processClientRequest$0(278)) - Failed RaftClientRequest:client-2265A94AA220->localhost_10002@group-03E665A0CE68, cid=42, seq=0, RW, Message:321f0a0f0a0d74657374...(size=33), reply=RaftClientReply:client-2265A94AA220->localhost_10002@group-03E665A0CE68, cid=42, FAILED org.apache.ratis.protocol.NotLeaderException: Server localhost_10002@group-03E665A0CE68 is not the leader, logIndex=0, commits[localhost_10002:c-1]
2019-09-24 12:19:53,130 INFO  client.GrpcClientProtocolService (GrpcClientProtocolService.java:lambda$processClientRequest$0(278)) - Failed RaftClientRequest:client-2265A94AA220->localhost_10001@group-03E665A0CE68, cid=42, seq=0, RW, Message:321f0a0f0a0d74657374...(size=33), reply=RaftClientReply:client-2265A94AA220->localhost_10001@group-03E665A0CE68, cid=42, FAILED org.apache.ratis.protocol.NotLeaderException: Server localhost_10001@group-03E665A0CE68 is not the leader, logIndex=0, commits[localhost_10001:c-1]
2019-09-24 12:19:53,132 INFO  client.GrpcClientProtocolService (GrpcClientProtocolService.java:lambda$processClientRequest$0(278)) - Failed RaftClientRequest:client-2265A94AA220->localhost_10002@group-03E665A0CE68, cid=42, seq=0, RW, Message:321f0a0f0a0d74657374...(size=33), reply=RaftClientReply:client-2265A94AA220->localhost_10002@group-03E665A0CE68, cid=42, FAILED org.apache.ratis.protocol.NotLeaderException: Server localhost_10002@group-03E665A0CE68 is not the leader, logIndex=0, commits[localhost_10002:c-1]
2019-09-24 12:19:53,134 INFO  client.GrpcClientProtocolService (GrpcClientProtocolService.java:lambda$processClientRequest$0(278)) - Failed RaftClientRequest:client-2265A94AA220->localhost_10001@group-03E665A0CE68, cid=42, seq=0, RW, Message:321f0a0f0a0d74657374...(size=33), reply=RaftClientReply:client-2265A94AA220->localhost_10001@group-03E665A0CE68, cid=42, FAILED org.apache.ratis.protocol.NotLeaderException: Server localhost_10001@group-03E665A0CE68 is not the leader, logIndex=0, commits[localhost_10001:c-1]
2019-09-24 12:19:53,136 INFO  client.GrpcClientProtocolService (GrpcClientProtocolService.java:lambda$processClientRequest$0(278)) - Failed RaftClientRequest:client-2265A94AA220->localhost_10000@group-03E665A0CE68, cid=42, seq=0, RW, Message:321f0a0f0a0d74657374...(size=33), reply=RaftClientReply:client-2265A94AA220->localhost_10000@group-03E665A0CE68, cid=42, FAILED org.apache.ratis.protocol.NotLeaderException: Server localhost_10000@group-03E665A0CE68 is not the leader, logIndex=0, commits[localhost_10000:c-1]
2019-09-24 12:19:53,138 INFO  client.GrpcClientProtocolService (GrpcClientProtocolService.java:lambda$processClientRequest$0(278)) - Failed RaftClientRequest:client-2265A94AA220->localhost_10002@group-03E665A0CE68, cid=42, seq=0, RW, Message:321f0a0f0a0d74657374...(size=33), reply=RaftClientReply:client-2265A94AA220->localhost_10002@group-03E665A0CE68, cid=42, FAILED org.apache.ratis.protocol.NotLeaderException: Server localhost_10002@group-03E665A0CE68 is not the leader, logIndex=0, commits[localhost_10002:c-1]
2019-09-24 12:19:53,140 INFO  client.GrpcClientProtocolService (GrpcClientProtocolService.java:lambda$processClientRequest$0(278)) - Failed RaftClientRequest:client-2265A94AA220->localhost_10000@group-03E665A0CE68, cid=42, seq=0, RW, Message:321f0a0f0a0d74657374...(size=33), reply=RaftClientReply:client-2265A94AA220->localhost_10000@group-03E665A0CE68, cid=42, FAILED org.apache.ratis.protocol.NotLeaderException: Server localhost_10000@group-03E665A0CE68 is not the leader, logIndex=0, commits[localhost_10000:c-1]
2019-09-24 12:19:53,142 INFO  client.GrpcClientProtocolService (GrpcClientProtocolService.java:lambda$processClientRequest$0(278)) - Failed RaftClientRequest:client-2265A94AA220->localhost_10001@group-03E665A0CE68, cid=42, seq=0, RW, Message:321f0a0f0a0d74657374...(size=33), reply=RaftClientReply:client-2265A94AA220->localhost_10001@group-03E665A0CE68, cid=42, FAILED org.apache.ratis.protocol.NotLeaderException: Server localhost_10001@group-03E665A0CE68 is not the leader, logIndex=0, commits[localhost_10001:c-1]
2019-09-24 12:19:53,144 INFO  client.GrpcClientProtocolService (GrpcClientProtocolService.java:lambda$processClientRequest$0(278)) - Failed RaftClientRequest:client-2265A94AA220->localhost_10000@group-03E665A0CE68, cid=42, seq=0, RW, Message:321f0a0f0a0d74657374...(size=33), reply=RaftClientReply:client-2265A94AA220->localhost_10000@group-03E665A0CE68, cid=42, FAILED org.apache.ratis.protocol.NotLeaderException: Server localhost_10000@group-03E665A0CE68 is not the leader, logIndex=0, commits[localhost_10000:c-1]
2019-09-24 12:19:53,146 INFO  client.GrpcClientProtocolService (GrpcClientProtocolService.java:lambda$processClientRequest$0(278)) - Failed RaftClientRequest:client-2265A94AA220->localhost_10002@group-03E665A0CE68, cid=42, seq=0, RW, Message:321f0a0f0a0d74657374...(size=33), reply=RaftClientReply:client-2265A94AA220->localhost_10002@group-03E665A0CE68, cid=42, FAILED org.apache.ratis.protocol.NotLeaderException: Server localhost_10002@group-03E665A0CE68 is not the leader, logIndex=0, commits[localhost_10002:c-1]
2019-09-24 12:19:53,148 INFO  client.GrpcClientProtocolService (GrpcClientProtocolService.java:lambda$processClientRequest$0(278)) - Failed RaftClientRequest:client-2265A94AA220->localhost_10001@group-03E665A0CE68, cid=42, seq=0, RW, Message:321f0a0f0a0d74657374...(size=33), reply=RaftClientReply:client-2265A94AA220->localhost_10001@group-03E665A0CE68, cid=42, FAILED org.apache.ratis.protocol.NotLeaderException: Server localhost_10001@group-03E665A0CE68 is not the leader, logIndex=0, commits[localhost_10001:c-1]
2019-09-24 12:19:53,151 INFO  client.GrpcClientProtocolService (GrpcClientProtocolService.java:lambda$processClientRequest$0(278)) - Failed RaftClientRequest:client-2265A94AA220->localhost_10002@group-03E665A0CE68, cid=42, seq=0, RW, Message:321f0a0f0a0d74657374...(size=33), reply=RaftClientReply:client-2265A94AA220->localhost_10002@group-03E665A0CE68, cid=42, FAILED org.apache.ratis.protocol.NotLeaderException: Server localhost_10002@group-03E665A0CE68 is not the leader, logIndex=0, commits[localhost_10002:c-1]
2019-09-24 12:19:53,153 INFO  client.GrpcClientProtocolService (GrpcClientProtocolService.java:lambda$processClientRequest$0(278)) - Failed RaftClientRequest:client-2265A94AA220->localhost_10001@group-03E665A0CE68, cid=42, seq=0, RW, Message:321f0a0f0a0d74657374...(size=33), reply=RaftClientReply:client-2265A94AA220->localhost_10001@group-03E665A0CE68, cid=42, FAILED org.apache.ratis.protocol.NotLeaderException: Server localhost_10001@group-03E665A0CE68 is not the leader, logIndex=0, commits[localhost_10001:c-1]
2019-09-24 12:19:53,155 INFO  client.GrpcClientProtocolService (GrpcClientProtocolService.java:lambda$processClientRequest$0(278)) - Failed RaftClientRequest:client-2265A94AA220->localhost_10000@group-03E665A0CE68, cid=42, seq=0, RW, Message:321f0a0f0a0d74657374...(size=33), reply=RaftClientReply:client-2265A94AA220->localhost_10000@group-03E665A0CE68, cid=42, FAILED org.apache.ratis.protocol.NotLeaderException: Server localhost_10000@group-03E665A0CE68 is not the leader, logIndex=0, commits[localhost_10000:c-1]
2019-09-24 12:19:53,157 INFO  client.GrpcClientProtocolService (GrpcClientProtocolService.java:lambda$processClientRequest$0(278)) - Failed RaftClientRequest:client-2265A94AA220->localhost_10002@group-03E665A0CE68, cid=42, seq=0, RW, Message:321f0a0f0a0d74657374...(size=33), reply=RaftClientReply:client-2265A94AA220->localhost_10002@group-03E665A0CE68, cid=42, FAILED org.apache.ratis.protocol.NotLeaderException: Server localhost_10002@group-03E665A0CE68 is not the leader, logIndex=0, commits[localhost_10002:c-1]
2019-09-24 12:19:53,159 INFO  client.GrpcClientProtocolService (GrpcClientProtocolService.java:lambda$processClientRequest$0(278)) - Failed RaftClientRequest:client-2265A94AA220->localhost_10001@group-03E665A0CE68, cid=42, seq=0, RW, Message:321f0a0f0a0d74657374...(size=33), reply=RaftClientReply:client-2265A94AA220->localhost_10001@group-03E665A0CE68, cid=42, FAILED org.apache.ratis.protocol.NotLeaderException: Server localhost_10001@group-03E665A0CE68 is not the leader, logIndex=0, commits[localhost_10001:c-1]
2019-09-24 12:19:53,161 INFO  client.GrpcClientProtocolService (GrpcClientProtocolService.java:lambda$processClientRequest$0(278)) - Failed RaftClientRequest:client-2265A94AA220->localhost_10000@group-03E665A0CE68, cid=42, seq=0, RW, Message:321f0a0f0a0d74657374...(size=33), reply=RaftClientReply:client-2265A94AA220->localhost_10000@group-03E665A0CE68, cid=42, FAILED org.apache.ratis.protocol.NotLeaderException: Server localhost_10000@group-03E665A0CE68 is not the leader, logIndex=0, commits[localhost_10000:c-1]
2019-09-24 12:19:53,163 INFO  client.GrpcClientProtocolService (GrpcClientProtocolService.java:lambda$processClientRequest$0(278)) - Failed RaftClientRequest:client-2265A94AA220->localhost_10001@group-03E665A0CE68, cid=42, seq=0, RW, Message:321f0a0f0a0d74657374...(size=33), reply=RaftClientReply:client-2265A94AA220->localhost_10001@group-03E665A0CE68, cid=42, FAILED org.apache.ratis.protocol.NotLeaderException: Server localhost_10001@group-03E665A0CE68 is not the leader, logIndex=0, commits[localhost_10001:c-1]
2019-09-24 12:19:53,165 INFO  client.GrpcClientProtocolService (GrpcClientProtocolService.java:lambda$processClientRequest$0(278)) - Failed RaftClientRequest:client-2265A94AA220->localhost_10000@group-03E665A0CE68, cid=42, seq=0, RW, Message:321f0a0f0a0d74657374...(size=33), reply=RaftClientReply:client-2265A94AA220->localhost_10000@group-03E665A0CE68, cid=42, FAILED org.apache.ratis.protocol.NotLeaderException: Server localhost_10000@group-03E665A0CE68 is not the leader, logIndex=0, commits[localhost_10000:c-1]
2019-09-24 12:19:53,167 INFO  client.GrpcClientProtocolService (GrpcClientProtocolService.java:lambda$processClientRequest$0(278)) - Failed RaftClientRequest:client-2265A94AA220->localhost_10001@group-03E665A0CE68, cid=42, seq=0, RW, Message:321f0a0f0a0d74657374...(size=33), reply=RaftClientReply:client-2265A94AA220->localhost_10001@group-03E665A0CE68, cid=42, FAILED org.apache.ratis.protocol.NotLeaderException: Server localhost_10001@group-03E665A0CE68 is not the leader, logIndex=0, commits[localhost_10001:c-1]
2019-09-24 12:19:53,169 INFO  client.GrpcClientProtocolService (GrpcClientProtocolService.java:lambda$processClientRequest$0(278)) - Failed RaftClientRequest:client-2265A94AA220->localhost_10002@group-03E665A0CE68, cid=42, seq=0, RW, Message:321f0a0f0a0d74657374...(size=33), reply=RaftClientReply:client-2265A94AA220->localhost_10002@group-03E665A0CE68, cid=42, FAILED org.apache.ratis.protocol.NotLeaderException: Server localhost_10002@group-03E665A0CE68 is not the leader, logIndex=0, commits[localhost_10002:c-1]
2019-09-24 12:19:53,171 INFO  client.GrpcClientProtocolService (GrpcClientProtocolService.java:lambda$processClientRequest$0(278)) - Failed RaftClientRequest:client-2265A94AA220->localhost_10000@group-03E665A0CE68, cid=42, seq=0, RW, Message:321f0a0f0a0d74657374...(size=33), reply=RaftClientReply:client-2265A94AA220->localhost_10000@group-03E665A0CE68, cid=42, FAILED org.apache.ratis.protocol.NotLeaderException: Server localhost_10000@group-03E665A0CE68 is not the leader, logIndex=0, commits[localhost_10000:c-1]
2019-09-24 12:19:53,172 INFO  impl.FollowerState (FollowerState.java:run(108)) - localhost_10000@group-A46AB4E52804-FollowerState: change to CANDIDATE, lastRpcTime:1139ms, electionTimeout:1139ms
2019-09-24 12:19:53,172 INFO  impl.RoleInfo (RoleInfo.java:shutdownFollowerState(121)) - localhost_10000: shutdown FollowerState
2019-09-24 12:19:53,172 INFO  impl.RaftServerImpl (RaftServerImpl.java:setRole(170)) - localhost_10000@group-A46AB4E52804: changes role from  FOLLOWER to CANDIDATE at term 0 for changeToCandidate
2019-09-24 12:19:53,173 INFO  impl.RoleInfo (RoleInfo.java:updateAndGet(143)) - localhost_10000: start LeaderElection
2019-09-24 12:19:53,174 INFO  client.GrpcClientProtocolService (GrpcClientProtocolService.java:lambda$processClientRequest$0(278)) - Failed RaftClientRequest:client-2265A94AA220->localhost_10001@group-03E665A0CE68, cid=42, seq=0, RW, Message:321f0a0f0a0d74657374...(size=33), reply=RaftClientReply:client-2265A94AA220->localhost_10001@group-03E665A0CE68, cid=42, FAILED org.apache.ratis.protocol.NotLeaderException: Server localhost_10001@group-03E665A0CE68 is not the leader, logIndex=0, commits[localhost_10001:c-1]
2019-09-24 12:19:53,176 INFO  client.GrpcClientProtocolService (GrpcClientProtocolService.java:lambda$processClientRequest$0(278)) - Failed RaftClientRequest:client-2265A94AA220->localhost_10000@group-03E665A0CE68, cid=42, seq=0, RW, Message:321f0a0f0a0d74657374...(size=33), reply=RaftClientReply:client-2265A94AA220->localhost_10000@group-03E665A0CE68, cid=42, FAILED org.apache.ratis.protocol.NotLeaderException: Server localhost_10000@group-03E665A0CE68 is not the leader, logIndex=0, commits[localhost_10000:c-1]
2019-09-24 12:19:53,178 INFO  client.GrpcClientProtocolService (GrpcClientProtocolService.java:lambda$processClientRequest$0(278)) - Failed RaftClientRequest:client-2265A94AA220->localhost_10002@group-03E665A0CE68, cid=42, seq=0, RW, Message:321f0a0f0a0d74657374...(size=33), reply=RaftClientReply:client-2265A94AA220->localhost_10002@group-03E665A0CE68, cid=42, FAILED org.apache.ratis.protocol.NotLeaderException: Server localhost_10002@group-03E665A0CE68 is not the leader, logIndex=0, commits[localhost_10002:c-1]
2019-09-24 12:19:53,180 INFO  client.GrpcClientProtocolService (GrpcClientProtocolService.java:lambda$processClientRequest$0(278)) - Failed RaftClientRequest:client-2265A94AA220->localhost_10001@group-03E665A0CE68, cid=42, seq=0, RW, Message:321f0a0f0a0d74657374...(size=33), reply=RaftClientReply:client-2265A94AA220->localhost_10001@group-03E665A0CE68, cid=42, FAILED org.apache.ratis.protocol.NotLeaderException: Server localhost_10001@group-03E665A0CE68 is not the leader, logIndex=0, commits[localhost_10001:c-1]
2019-09-24 12:19:53,182 INFO  client.GrpcClientProtocolService (GrpcClientProtocolService.java:lambda$processClientRequest$0(278)) - Failed RaftClientRequest:client-2265A94AA220->localhost_10000@group-03E665A0CE68, cid=42, seq=0, RW, Message:321f0a0f0a0d74657374...(size=33), reply=RaftClientReply:client-2265A94AA220->localhost_10000@group-03E665A0CE68, cid=42, FAILED org.apache.ratis.protocol.NotLeaderException: Server localhost_10000@group-03E665A0CE68 is not the leader, logIndex=0, commits[localhost_10000:c-1]
2019-09-24 12:19:53,184 INFO  client.GrpcClientProtocolService (GrpcClientProtocolService.java:lambda$processClientRequest$0(278)) - Failed RaftClientRequest:client-2265A94AA220->localhost_10001@group-03E665A0CE68, cid=42, seq=0, RW, Message:321f0a0f0a0d74657374...(size=33), reply=RaftClientReply:client-2265A94AA220->localhost_10001@group-03E665A0CE68, cid=42, FAILED org.apache.ratis.protocol.NotLeaderException: Server localhost_10001@group-03E665A0CE68 is not the leader, logIndex=0, commits[localhost_10001:c-1]
2019-09-24 12:19:53,186 INFO  client.GrpcClientProtocolService (GrpcClientProtocolService.java:lambda$processClientRequest$0(278)) - Failed RaftClientRequest:client-2265A94AA220->localhost_10002@group-03E665A0CE68, cid=42, seq=0, RW, Message:321f0a0f0a0d74657374...(size=33), reply=RaftClientReply:client-2265A94AA220->localhost_10002@group-03E665A0CE68, cid=42, FAILED org.apache.ratis.protocol.NotLeaderException: Server localhost_10002@group-03E665A0CE68 is not the leader, logIndex=0, commits[localhost_10002:c-1]
2019-09-24 12:19:53,188 INFO  client.GrpcClientProtocolService (GrpcClientProtocolService.java:lambda$processClientRequest$0(278)) - Failed RaftClientRequest:client-2265A94AA220->localhost_10000@group-03E665A0CE68, cid=42, seq=0, RW, Message:321f0a0f0a0d74657374...(size=33), reply=RaftClientReply:client-2265A94AA220->localhost_10000@group-03E665A0CE68, cid=42, FAILED org.apache.ratis.protocol.NotLeaderException: Server localhost_10000@group-03E665A0CE68 is not the leader, logIndex=0, commits[localhost_10000:c-1]
2019-09-24 12:19:53,190 INFO  client.GrpcClientProtocolService (GrpcClientProtocolService.java:lambda$processClientRequest$0(278)) - Failed RaftClientRequest:client-2265A94AA220->localhost_10002@group-03E665A0CE68, cid=42, seq=0, RW, Message:321f0a0f0a0d74657374...(size=33), reply=RaftClientReply:client-2265A94AA220->localhost_10002@group-03E665A0CE68, cid=42, FAILED org.apache.ratis.protocol.NotLeaderException: Server localhost_10002@group-03E665A0CE68 is not the leader, logIndex=0, commits[localhost_10002:c-1]
2019-09-24 12:19:53,192 INFO  client.GrpcClientProtocolService (GrpcClientProtocolService.java:lambda$processClientRequest$0(278)) - Failed RaftClientRequest:client-2265A94AA220->localhost_10000@group-03E665A0CE68, cid=42, seq=0, RW, Message:321f0a0f0a0d74657374...(size=33), reply=RaftClientReply:client-2265A94AA220->localhost_10000@group-03E665A0CE68, cid=42, FAILED org.apache.ratis.protocol.NotLeaderException: Server localhost_10000@group-03E665A0CE68 is not the leader, logIndex=0, commits[localhost_10000:c-1]
2019-09-24 12:19:53,194 INFO  client.GrpcClientProtocolService (GrpcClientProtocolService.java:lambda$processClientRequest$0(278)) - Failed RaftClientRequest:client-2265A94AA220->localhost_10002@group-03E665A0CE68, cid=42, seq=0, RW, Message:321f0a0f0a0d74657374...(size=33), reply=RaftClientReply:client-2265A94AA220->localhost_10002@group-03E665A0CE68, cid=42, FAILED org.apache.ratis.protocol.NotLeaderException: Server localhost_10002@group-03E665A0CE68 is not the leader, logIndex=0, commits[localhost_10002:c-1]
2019-09-24 12:19:53,196 INFO  client.GrpcClientProtocolService (GrpcClientProtocolService.java:lambda$processClientRequest$0(278)) - Failed RaftClientRequest:client-2265A94AA220->localhost_10001@group-03E665A0CE68, cid=42, seq=0, RW, Message:321f0a0f0a0d74657374...(size=33), reply=RaftClientReply:client-2265A94AA220->localhost_10001@group-03E665A0CE68, cid=42, FAILED org.apache.ratis.protocol.NotLeaderException: Server localhost_10001@group-03E665A0CE68 is not the leader, logIndex=0, commits[localhost_10001:c-1]
2019-09-24 12:19:53,199 INFO  client.GrpcClientProtocolService (GrpcClientProtocolService.java:lambda$processClientRequest$0(278)) - Failed RaftClientRequest:client-2265A94AA220->localhost_10000@group-03E665A0CE68, cid=42, seq=0, RW, Message:321f0a0f0a0d74657374...(size=33), reply=RaftClientReply:client-2265A94AA220->localhost_10000@group-03E665A0CE68, cid=42, FAILED org.apache.ratis.protocol.NotLeaderException: Server localhost_10000@group-03E665A0CE68 is not the leader, logIndex=0, commits[localhost_10000:c-1]
2019-09-24 12:19:53,200 INFO  impl.LeaderElection (LeaderElection.java:askForVotes(178)) - localhost_10000@group-A46AB4E52804-LeaderElection7: begin an election at term 1 for -1: [localhost_10002:localhost:10002, localhost_10001:localhost:10001, localhost_10000:localhost:10000], old=null
2019-09-24 12:19:53,201 INFO  client.GrpcClientProtocolService (GrpcClientProtocolService.java:lambda$processClientRequest$0(278)) - Failed RaftClientRequest:client-2265A94AA220->localhost_10002@group-03E665A0CE68, cid=42, seq=0, RW, Message:321f0a0f0a0d74657374...(size=33), reply=RaftClientReply:client-2265A94AA220->localhost_10002@group-03E665A0CE68, cid=42, FAILED org.apache.ratis.protocol.NotLeaderException: Server localhost_10002@group-03E665A0CE68 is not the leader, logIndex=0, commits[localhost_10002:c-1]
2019-09-24 12:19:53,202 INFO  impl.RaftServerImpl (RaftServerImpl.java:setRole(170)) - localhost_10001@group-A46AB4E52804: changes role from  FOLLOWER to FOLLOWER at term 1 for recognizeCandidate:localhost_10000
2019-09-24 12:19:53,202 INFO  impl.RaftServerImpl (RaftServerImpl.java:setRole(170)) - localhost_10002@group-A46AB4E52804: changes role from  FOLLOWER to FOLLOWER at term 1 for recognizeCandidate:localhost_10000
2019-09-24 12:19:53,202 INFO  impl.RoleInfo (RoleInfo.java:shutdownFollowerState(121)) - localhost_10001: shutdown FollowerState
2019-09-24 12:19:53,202 INFO  impl.RoleInfo (RoleInfo.java:shutdownFollowerState(121)) - localhost_10002: shutdown FollowerState
2019-09-24 12:19:53,202 INFO  impl.FollowerState (FollowerState.java:run(117)) - localhost_10001@group-A46AB4E52804-FollowerState was interrupted: java.lang.InterruptedException: sleep interrupted
2019-09-24 12:19:53,202 INFO  impl.RoleInfo (RoleInfo.java:updateAndGet(143)) - localhost_10002: start FollowerState
2019-09-24 12:19:53,202 INFO  impl.RoleInfo (RoleInfo.java:updateAndGet(143)) - localhost_10001: start FollowerState
2019-09-24 12:19:53,202 INFO  impl.FollowerState (FollowerState.java:run(117)) - localhost_10002@group-A46AB4E52804-FollowerState was interrupted: java.lang.InterruptedException: sleep interrupted
2019-09-24 12:19:53,206 INFO  client.GrpcClientProtocolService (GrpcClientProtocolService.java:lambda$processClientRequest$0(278)) - Failed RaftClientRequest:client-2265A94AA220->localhost_10001@group-03E665A0CE68, cid=42, seq=0, RW, Message:321f0a0f0a0d74657374...(size=33), reply=RaftClientReply:client-2265A94AA220->localhost_10001@group-03E665A0CE68, cid=42, FAILED org.apache.ratis.protocol.NotLeaderException: Server localhost_10001@group-03E665A0CE68 is not the leader, logIndex=0, commits[localhost_10001:c-1]
2019-09-24 12:19:53,208 INFO  client.GrpcClientProtocolService (GrpcClientProtocolService.java:lambda$processClientRequest$0(278)) - Failed RaftClientRequest:client-2265A94AA220->localhost_10000@group-03E665A0CE68, cid=42, seq=0, RW, Message:321f0a0f0a0d74657374...(size=33), reply=RaftClientReply:client-2265A94AA220->localhost_10000@group-03E665A0CE68, cid=42, FAILED org.apache.ratis.protocol.NotLeaderException: Server localhost_10000@group-03E665A0CE68 is not the leader, logIndex=0, commits[localhost_10000:c-1]
2019-09-24 12:19:53,211 INFO  client.GrpcClientProtocolService (GrpcClientProtocolService.java:lambda$processClientRequest$0(278)) - Failed RaftClientRequest:client-2265A94AA220->localhost_10001@group-03E665A0CE68, cid=42, seq=0, RW, Message:321f0a0f0a0d74657374...(size=33), reply=RaftClientReply:client-2265A94AA220->localhost_10001@group-03E665A0CE68, cid=42, FAILED org.apache.ratis.protocol.NotLeaderException: Server localhost_10001@group-03E665A0CE68 is not the leader, logIndex=0, commits[localhost_10001:c-1]
2019-09-24 12:19:53,213 INFO  client.GrpcClientProtocolService (GrpcClientProtocolService.java:lambda$processClientRequest$0(278)) - Failed RaftClientRequest:client-2265A94AA220->localhost_10002@group-03E665A0CE68, cid=42, seq=0, RW, Message:321f0a0f0a0d74657374...(size=33), reply=RaftClientReply:client-2265A94AA220->localhost_10002@group-03E665A0CE68, cid=42, FAILED org.apache.ratis.protocol.NotLeaderException: Server localhost_10002@group-03E665A0CE68 is not the leader, logIndex=0, commits[localhost_10002:c-1]
2019-09-24 12:19:53,214 INFO  impl.FollowerState (FollowerState.java:run(108)) - localhost_10000@group-03E665A0CE68-FollowerState: change to CANDIDATE, lastRpcTime:1011ms, electionTimeout:1011ms
2019-09-24 12:19:53,214 INFO  impl.RoleInfo (RoleInfo.java:shutdownFollowerState(121)) - localhost_10000: shutdown FollowerState
2019-09-24 12:19:53,214 INFO  impl.RaftServerImpl (RaftServerImpl.java:setRole(170)) - localhost_10000@group-03E665A0CE68: changes role from  FOLLOWER to CANDIDATE at term 0 for changeToCandidate
2019-09-24 12:19:53,214 INFO  impl.RoleInfo (RoleInfo.java:updateAndGet(143)) - localhost_10000: start LeaderElection
2019-09-24 12:19:53,216 INFO  client.GrpcClientProtocolService (GrpcClientProtocolService.java:lambda$processClientRequest$0(278)) - Failed RaftClientRequest:client-2265A94AA220->localhost_10000@group-03E665A0CE68, cid=42, seq=0, RW, Message:321f0a0f0a0d74657374...(size=33), reply=RaftClientReply:client-2265A94AA220->localhost_10000@group-03E665A0CE68, cid=42, FAILED org.apache.ratis.protocol.NotLeaderException: Server localhost_10000@group-03E665A0CE68 is not the leader, logIndex=0, commits[localhost_10000:c-1]
2019-09-24 12:19:53,219 INFO  client.GrpcClientProtocolService (GrpcClientProtocolService.java:lambda$processClientRequest$0(278)) - Failed RaftClientRequest:client-2265A94AA220->localhost_10002@group-03E665A0CE68, cid=42, seq=0, RW, Message:321f0a0f0a0d74657374...(size=33), reply=RaftClientReply:client-2265A94AA220->localhost_10002@group-03E665A0CE68, cid=42, FAILED org.apache.ratis.protocol.NotLeaderException: Server localhost_10002@group-03E665A0CE68 is not the leader, logIndex=0, commits[localhost_10002:c-1]
2019-09-24 12:19:53,221 INFO  client.GrpcClientProtocolService (GrpcClientProtocolService.java:lambda$processClientRequest$0(278)) - Failed RaftClientRequest:client-2265A94AA220->localhost_10001@group-03E665A0CE68, cid=42, seq=0, RW, Message:321f0a0f0a0d74657374...(size=33), reply=RaftClientReply:client-2265A94AA220->localhost_10001@group-03E665A0CE68, cid=42, FAILED org.apache.ratis.protocol.NotLeaderException: Server localhost_10001@group-03E665A0CE68 is not the leader, logIndex=0, commits[localhost_10001:c-1]
2019-09-24 12:19:53,223 INFO  client.GrpcClientProtocolService (GrpcClientProtocolService.java:lambda$processClientRequest$0(278)) - Failed RaftClientRequest:client-2265A94AA220->localhost_10002@group-03E665A0CE68, cid=42, seq=0, RW, Message:321f0a0f0a0d74657374...(size=33), reply=RaftClientReply:client-2265A94AA220->localhost_10002@group-03E665A0CE68, cid=42, FAILED org.apache.ratis.protocol.NotLeaderException: Server localhost_10002@group-03E665A0CE68 is not the leader, logIndex=0, commits[localhost_10002:c-1]
2019-09-24 12:19:53,225 INFO  client.GrpcClientProtocolService (GrpcClientProtocolService.java:lambda$processClientRequest$0(278)) - Failed RaftClientRequest:client-2265A94AA220->localhost_10000@group-03E665A0CE68, cid=42, seq=0, RW, Message:321f0a0f0a0d74657374...(size=33), reply=RaftClientReply:client-2265A94AA220->localhost_10000@group-03E665A0CE68, cid=42, FAILED org.apache.ratis.protocol.NotLeaderException: Server localhost_10000@group-03E665A0CE68 is not the leader, logIndex=0, commits[localhost_10000:c-1]
2019-09-24 12:19:53,228 INFO  client.GrpcClientProtocolService (GrpcClientProtocolService.java:lambda$processClientRequest$0(278)) - Failed RaftClientRequest:client-2265A94AA220->localhost_10002@group-03E665A0CE68, cid=42, seq=0, RW, Message:321f0a0f0a0d74657374...(size=33), reply=RaftClientReply:client-2265A94AA220->localhost_10002@group-03E665A0CE68, cid=42, FAILED org.apache.ratis.protocol.NotLeaderException: Server localhost_10002@group-03E665A0CE68 is not the leader, logIndex=0, commits[localhost_10002:c-1]
2019-09-24 12:19:53,229 INFO  impl.LeaderElection (LeaderElection.java:logAndReturn(56)) - localhost_10000@group-A46AB4E52804-LeaderElection7: Election PASSED; received 1 response(s) [localhost_10000<-localhost_10001#0:OK-t1] and 0 exception(s); localhost_10000@group-A46AB4E52804:t1, leader=null, voted=localhost_10000, raftlog=localhost_10000@group-A46AB4E52804-SegmentedRaftLog:OPENED:c-1,f-1,i0, conf=-1: [localhost_10002:localhost:10002, localhost_10001:localhost:10001, localhost_10000:localhost:10000], old=null
2019-09-24 12:19:53,229 INFO  impl.RoleInfo (RoleInfo.java:shutdownLeaderElection(134)) - localhost_10000: shutdown LeaderElection
2019-09-24 12:19:53,230 INFO  impl.RaftServerImpl (RaftServerImpl.java:setRole(170)) - localhost_10000@group-A46AB4E52804: changes role from CANDIDATE to LEADER at term 1 for changeToLeader
2019-09-24 12:19:53,230 INFO  impl.RaftServerImpl (ServerState.java:setLeader(254)) - localhost_10000@group-A46AB4E52804: change Leader from null to localhost_10000 at term 1 for becomeLeader, leader elected after 1204ms
2019-09-24 12:19:53,230 INFO  server.RaftServerConfigKeys (ConfUtils.java:logGet(43)) - raft.server.staging.catchup.gap = 1000 (default)
2019-09-24 12:19:53,230 INFO  client.GrpcClientProtocolService (GrpcClientProtocolService.java:lambda$processClientRequest$0(278)) - Failed RaftClientRequest:client-2265A94AA220->localhost_10000@group-03E665A0CE68, cid=42, seq=0, RW, Message:321f0a0f0a0d74657374...(size=33), reply=RaftClientReply:client-2265A94AA220->localhost_10000@group-03E665A0CE68, cid=42, FAILED org.apache.ratis.protocol.NotLeaderException: Server localhost_10000@group-03E665A0CE68 is not the leader, logIndex=0, commits[localhost_10000:c-1]
2019-09-24 12:19:53,231 INFO  server.RaftServerConfigKeys (ConfUtils.java:logGet(43)) - raft.server.rpc.sleep.time = 25ms (default)
2019-09-24 12:19:53,231 INFO  server.RaftServerConfigKeys (ConfUtils.java:logGet(43)) - raft.server.write.element-limit = 4096 (default)
2019-09-24 12:19:53,231 INFO  server.RaftServerConfigKeys (ConfUtils.java:logGet(43)) - raft.server.watch.timeout = 10s (default)
2019-09-24 12:19:53,231 INFO  server.RaftServerConfigKeys (ConfUtils.java:logGet(43)) - raft.server.watch.timeout.denomination = 1s (default)
2019-09-24 12:19:53,231 INFO  server.RaftServerConfigKeys (ConfUtils.java:logGet(43)) - raft.server.watch.element-limit = 65536 (default)
2019-09-24 12:19:53,232 INFO  impl.LeaderElection (LeaderElection.java:askForVotes(178)) - localhost_10000@group-03E665A0CE68-LeaderElection8: begin an election at term 1 for -1: [localhost_10002:localhost:10002, localhost_10001:localhost:10001, localhost_10000:localhost:10000], old=null
2019-09-24 12:19:53,233 INFO  client.GrpcClientProtocolService (GrpcClientProtocolService.java:lambda$processClientRequest$0(278)) - Failed RaftClientRequest:client-2265A94AA220->localhost_10001@group-03E665A0CE68, cid=42, seq=0, RW, Message:321f0a0f0a0d74657374...(size=33), reply=RaftClientReply:client-2265A94AA220->localhost_10001@group-03E665A0CE68, cid=42, FAILED org.apache.ratis.protocol.NotLeaderException: Server localhost_10001@group-03E665A0CE68 is not the leader, logIndex=0, commits[localhost_10001:c-1]
2019-09-24 12:19:53,233 INFO  impl.RaftServerImpl (RaftServerImpl.java:setRole(170)) - localhost_10002@group-03E665A0CE68: changes role from  FOLLOWER to FOLLOWER at term 1 for recognizeCandidate:localhost_10000
2019-09-24 12:19:53,234 INFO  impl.RoleInfo (RoleInfo.java:shutdownFollowerState(121)) - localhost_10002: shutdown FollowerState
2019-09-24 12:19:53,234 INFO  impl.FollowerState (FollowerState.java:run(117)) - localhost_10002@group-03E665A0CE68-FollowerState was interrupted: java.lang.InterruptedException: sleep interrupted
2019-09-24 12:19:53,234 INFO  impl.RoleInfo (RoleInfo.java:updateAndGet(143)) - localhost_10002: start FollowerState
2019-09-24 12:19:53,235 INFO  impl.RaftServerImpl (RaftServerImpl.java:setRole(170)) - localhost_10001@group-03E665A0CE68: changes role from  FOLLOWER to FOLLOWER at term 1 for recognizeCandidate:localhost_10000
2019-09-24 12:19:53,235 INFO  impl.RoleInfo (RoleInfo.java:shutdownFollowerState(121)) - localhost_10001: shutdown FollowerState
2019-09-24 12:19:53,235 INFO  server.RaftServerConfigKeys (ConfUtils.java:logGet(43)) - raft.server.log.appender.snapshot.chunk.size.max = 16MB (=16777216) (default)
2019-09-24 12:19:53,235 INFO  impl.FollowerState (FollowerState.java:run(117)) - localhost_10001@group-03E665A0CE68-FollowerState was interrupted: java.lang.InterruptedException: sleep interrupted
2019-09-24 12:19:53,235 INFO  impl.RoleInfo (RoleInfo.java:updateAndGet(143)) - localhost_10001: start FollowerState
2019-09-24 12:19:53,235 INFO  server.RaftServerConfigKeys (ConfUtils.java:logGet(43)) - raft.server.log.appender.buffer.byte-limit = 4MB (=4194304) (default)
2019-09-24 12:19:53,236 INFO  client.GrpcClientProtocolService (GrpcClientProtocolService.java:lambda$processClientRequest$0(278)) - Failed RaftClientRequest:client-2265A94AA220->localhost_10002@group-03E665A0CE68, cid=42, seq=0, RW, Message:321f0a0f0a0d74657374...(size=33), reply=RaftClientReply:client-2265A94AA220->localhost_10002@group-03E665A0CE68, cid=42, FAILED org.apache.ratis.protocol.NotLeaderException: Server localhost_10002@group-03E665A0CE68 is not the leader, logIndex=0, commits[localhost_10002:c-1]
2019-09-24 12:19:53,236 INFO  server.RaftServerConfigKeys (ConfUtils.java:logGet(43)) - raft.server.log.appender.buffer.element-limit = 0 (default)
2019-09-24 12:19:53,237 INFO  grpc.GrpcConfigKeys$Server (ConfUtils.java:logGet(43)) - raft.grpc.server.leader.outstanding.appends.max = 128 (default)
2019-09-24 12:19:53,237 INFO  server.RaftServerConfigKeys (ConfUtils.java:logGet(43)) - raft.server.rpc.request.timeout = 3000ms (default)
2019-09-24 12:19:53,237 INFO  server.RaftServerConfigKeys (ConfUtils.java:logGet(43)) - raft.server.log.appender.install.snapshot.enabled = true (default)
2019-09-24 12:19:53,238 INFO  server.RaftServerConfigKeys (ConfUtils.java:logGet(43)) - raft.server.log.appender.snapshot.chunk.size.max = 16MB (=16777216) (default)
2019-09-24 12:19:53,238 INFO  server.RaftServerConfigKeys (ConfUtils.java:logGet(43)) - raft.server.log.appender.buffer.byte-limit = 4MB (=4194304) (default)
2019-09-24 12:19:53,238 INFO  server.RaftServerConfigKeys (ConfUtils.java:logGet(43)) - raft.server.log.appender.buffer.element-limit = 0 (default)
2019-09-24 12:19:53,239 INFO  grpc.GrpcConfigKeys$Server (ConfUtils.java:logGet(43)) - raft.grpc.server.leader.outstanding.appends.max = 128 (default)
2019-09-24 12:19:53,239 INFO  server.RaftServerConfigKeys (ConfUtils.java:logGet(43)) - raft.server.rpc.request.timeout = 3000ms (default)
2019-09-24 12:19:53,239 INFO  server.RaftServerConfigKeys (ConfUtils.java:logGet(43)) - raft.server.log.appender.install.snapshot.enabled = true (default)
2019-09-24 12:19:53,239 INFO  client.GrpcClientProtocolService (GrpcClientProtocolService.java:lambda$processClientRequest$0(278)) - Failed RaftClientRequest:client-2265A94AA220->localhost_10000@group-03E665A0CE68, cid=42, seq=0, RW, Message:321f0a0f0a0d74657374...(size=33), reply=RaftClientReply:client-2265A94AA220->localhost_10000@group-03E665A0CE68, cid=42, FAILED org.apache.ratis.protocol.NotLeaderException: Server localhost_10000@group-03E665A0CE68 is not the leader, logIndex=0, commits[localhost_10000:c-1]
2019-09-24 12:19:53,239 INFO  impl.RoleInfo (RoleInfo.java:updateAndGet(143)) - localhost_10000: start LeaderState
2019-09-24 12:19:53,240 INFO  segmented.SegmentedRaftLogWorker (SegmentedRaftLogWorker.java:startLogSegment(380)) - localhost_10000@group-A46AB4E52804-SegmentedRaftLogWorker: Starting segment from index:0
2019-09-24 12:19:53,241 INFO  impl.RaftServerImpl (ServerState.java:setRaftConf(355)) - localhost_10000@group-A46AB4E52804: set configuration 0: [localhost_10002:localhost:10002, localhost_10001:localhost:10001, localhost_10000:localhost:10000], old=null at 0
2019-09-24 12:19:53,242 INFO  impl.RaftServerImpl (ServerState.java:setLeader(254)) - localhost_10002@group-A46AB4E52804: change Leader from null to localhost_10000 at term 1 for appendEntries, leader elected after 1127ms
2019-09-24 12:19:53,243 INFO  impl.RaftServerImpl (ServerState.java:setLeader(254)) - localhost_10001@group-A46AB4E52804: change Leader from null to localhost_10000 at term 1 for appendEntries, leader elected after 1171ms
2019-09-24 12:19:53,244 INFO  client.GrpcClientProtocolService (GrpcClientProtocolService.java:lambda$processClientRequest$0(278)) - Failed RaftClientRequest:client-2265A94AA220->localhost_10002@group-03E665A0CE68, cid=42, seq=0, RW, Message:321f0a0f0a0d74657374...(size=33), reply=RaftClientReply:client-2265A94AA220->localhost_10002@group-03E665A0CE68, cid=42, FAILED org.apache.ratis.protocol.NotLeaderException: Server localhost_10002@group-03E665A0CE68 is not the leader, logIndex=0, commits[localhost_10002:c-1]
2019-09-24 12:19:53,245 INFO  impl.RaftServerImpl (ServerState.java:setRaftConf(355)) - localhost_10002@group-A46AB4E52804: set configuration 0: [localhost_10002:localhost:10002, localhost_10001:localhost:10001, localhost_10000:localhost:10000], old=null at 0
2019-09-24 12:19:53,245 INFO  segmented.SegmentedRaftLogWorker (SegmentedRaftLogWorker.java:startLogSegment(380)) - localhost_10002@group-A46AB4E52804-SegmentedRaftLogWorker: Starting segment from index:0
2019-09-24 12:19:53,245 INFO  impl.RaftServerImpl (ServerState.java:setRaftConf(355)) - localhost_10001@group-A46AB4E52804: set configuration 0: [localhost_10002:localhost:10002, localhost_10001:localhost:10001, localhost_10000:localhost:10000], old=null at 0
2019-09-24 12:19:53,245 INFO  segmented.SegmentedRaftLogWorker (SegmentedRaftLogWorker.java:startLogSegment(380)) - localhost_10001@group-A46AB4E52804-SegmentedRaftLogWorker: Starting segment from index:0
2019-09-24 12:19:53,247 INFO  client.GrpcClientProtocolService (GrpcClientProtocolService.java:lambda$processClientRequest$0(278)) - Failed RaftClientRequest:client-2265A94AA220->localhost_10001@group-03E665A0CE68, cid=42, seq=0, RW, Message:321f0a0f0a0d74657374...(size=33), reply=RaftClientReply:client-2265A94AA220->localhost_10001@group-03E665A0CE68, cid=42, FAILED org.apache.ratis.protocol.NotLeaderException: Server localhost_10001@group-03E665A0CE68 is not the leader, logIndex=0, commits[localhost_10001:c-1]
2019-09-24 12:19:53,249 INFO  client.GrpcClientProtocolService (GrpcClientProtocolService.java:lambda$processClientRequest$0(278)) - Failed RaftClientRequest:client-2265A94AA220->localhost_10000@group-03E665A0CE68, cid=42, seq=0, RW, Message:321f0a0f0a0d74657374...(size=33), reply=RaftClientReply:client-2265A94AA220->localhost_10000@group-03E665A0CE68, cid=42, FAILED org.apache.ratis.protocol.NotLeaderException: Server localhost_10000@group-03E665A0CE68 is not the leader, logIndex=0, commits[localhost_10000:c-1]
2019-09-24 12:19:53,252 INFO  client.GrpcClientProtocolService (GrpcClientProtocolService.java:lambda$processClientRequest$0(278)) - Failed RaftClientRequest:client-2265A94AA220->localhost_10001@group-03E665A0CE68, cid=42, seq=0, RW, Message:321f0a0f0a0d74657374...(size=33), reply=RaftClientReply:client-2265A94AA220->localhost_10001@group-03E665A0CE68, cid=42, FAILED org.apache.ratis.protocol.NotLeaderException: Server localhost_10001@group-03E665A0CE68 is not the leader, logIndex=0, commits[localhost_10001:c-1]
2019-09-24 12:19:53,254 INFO  client.GrpcClientProtocolService (GrpcClientProtocolService.java:lambda$processClientRequest$0(278)) - Failed RaftClientRequest:client-2265A94AA220->localhost_10000@group-03E665A0CE68, cid=42, seq=0, RW, Message:321f0a0f0a0d74657374...(size=33), reply=RaftClientReply:client-2265A94AA220->localhost_10000@group-03E665A0CE68, cid=42, FAILED org.apache.ratis.protocol.NotLeaderException: Server localhost_10000@group-03E665A0CE68 is not the leader, logIndex=0, commits[localhost_10000:c-1]
2019-09-24 12:19:53,257 INFO  client.GrpcClientProtocolService (GrpcClientProtocolService.java:lambda$processClientRequest$0(278)) - Failed RaftClientRequest:client-2265A94AA220->localhost_10001@group-03E665A0CE68, cid=42, seq=0, RW, Message:321f0a0f0a0d74657374...(size=33), reply=RaftClientReply:client-2265A94AA220->localhost_10001@group-03E665A0CE68, cid=42, FAILED org.apache.ratis.protocol.NotLeaderException: Server localhost_10001@group-03E665A0CE68 is not the leader, logIndex=0, commits[localhost_10001:c-1]
2019-09-24 12:19:53,259 INFO  client.GrpcClientProtocolService (GrpcClientProtocolService.java:lambda$processClientRequest$0(278)) - Failed RaftClientRequest:client-2265A94AA220->localhost_10002@group-03E665A0CE68, cid=42, seq=0, RW, Message:321f0a0f0a0d74657374...(size=33), reply=RaftClientReply:client-2265A94AA220->localhost_10002@group-03E665A0CE68, cid=42, FAILED org.apache.ratis.protocol.NotLeaderException: Server localhost_10002@group-03E665A0CE68 is not the leader, logIndex=0, commits[localhost_10002:c-1]
2019-09-24 12:19:53,260 INFO  impl.LeaderElection (LeaderElection.java:logAndReturn(56)) - localhost_10000@group-03E665A0CE68-LeaderElection8: Election PASSED; received 1 response(s) [localhost_10000<-localhost_10001#0:OK-t1] and 0 exception(s); localhost_10000@group-03E665A0CE68:t1, leader=null, voted=localhost_10000, raftlog=localhost_10000@group-03E665A0CE68-SegmentedRaftLog:OPENED:c-1,f-1,i0, conf=-1: [localhost_10002:localhost:10002, localhost_10001:localhost:10001, localhost_10000:localhost:10000], old=null
2019-09-24 12:19:53,261 INFO  impl.RoleInfo (RoleInfo.java:shutdownLeaderElection(134)) - localhost_10000: shutdown LeaderElection
2019-09-24 12:19:53,262 INFO  impl.RaftServerImpl (RaftServerImpl.java:setRole(170)) - localhost_10000@group-03E665A0CE68: changes role from CANDIDATE to LEADER at term 1 for changeToLeader
2019-09-24 12:19:53,262 INFO  impl.RaftServerImpl (ServerState.java:setLeader(254)) - localhost_10000@group-03E665A0CE68: change Leader from null to localhost_10000 at term 1 for becomeLeader, leader elected after 1063ms
2019-09-24 12:19:53,262 INFO  server.RaftServerConfigKeys (ConfUtils.java:logGet(43)) - raft.server.staging.catchup.gap = 1000 (default)
2019-09-24 12:19:53,262 INFO  client.GrpcClientProtocolService (GrpcClientProtocolService.java:lambda$processClientRequest$0(278)) - Failed RaftClientRequest:client-2265A94AA220->localhost_10001@group-03E665A0CE68, cid=42, seq=0, RW, Message:321f0a0f0a0d74657374...(size=33), reply=RaftClientReply:client-2265A94AA220->localhost_10001@group-03E665A0CE68, cid=42, FAILED org.apache.ratis.protocol.NotLeaderException: Server localhost_10001@group-03E665A0CE68 is not the leader, logIndex=0, commits[localhost_10001:c-1]
2019-09-24 12:19:53,262 INFO  server.RaftServerConfigKeys (ConfUtils.java:logGet(43)) - raft.server.rpc.sleep.time = 25ms (default)
2019-09-24 12:19:53,263 INFO  server.RaftServerConfigKeys (ConfUtils.java:logGet(43)) - raft.server.write.element-limit = 4096 (default)
2019-09-24 12:19:53,263 INFO  server.RaftServerConfigKeys (ConfUtils.java:logGet(43)) - raft.server.watch.timeout = 10s (default)
2019-09-24 12:19:53,263 INFO  server.RaftServerConfigKeys (ConfUtils.java:logGet(43)) - raft.server.watch.timeout.denomination = 1s (default)
2019-09-24 12:19:53,263 INFO  server.RaftServerConfigKeys (ConfUtils.java:logGet(43)) - raft.server.watch.element-limit = 65536 (default)
2019-09-24 12:19:53,264 INFO  client.GrpcClientProtocolService (GrpcClientProtocolService.java:lambda$processClientRequest$0(278)) - Failed RaftClientRequest:client-2265A94AA220->localhost_10000@group-03E665A0CE68, cid=42, seq=0, RW, Message:321f0a0f0a0d74657374...(size=33), reply=RaftClientReply:client-2265A94AA220->localhost_10000@group-03E665A0CE68, cid=42, FAILED org.apache.ratis.protocol.LeaderNotReadyException: localhost_10000@group-03E665A0CE68 is in LEADER state but not ready yet., logIndex=0, commits[localhost_10000:c-1]
2019-09-24 12:19:53,266 INFO  client.GrpcClientProtocolService (GrpcClientProtocolService.java:lambda$processClientRequest$0(278)) - Failed RaftClientRequest:client-2265A94AA220->localhost_10000@group-03E665A0CE68, cid=42, seq=0, RW, Message:321f0a0f0a0d74657374...(size=33), reply=RaftClientReply:client-2265A94AA220->localhost_10000@group-03E665A0CE68, cid=42, FAILED org.apache.ratis.protocol.LeaderNotReadyException: localhost_10000@group-03E665A0CE68 is in LEADER state but not ready yet., logIndex=0, commits[localhost_10000:c-1]
2019-09-24 12:19:53,266 INFO  server.RaftServerConfigKeys (ConfUtils.java:logGet(43)) - raft.server.log.appender.snapshot.chunk.size.max = 16MB (=16777216) (default)
2019-09-24 12:19:53,267 INFO  server.RaftServerConfigKeys (ConfUtils.java:logGet(43)) - raft.server.log.appender.buffer.byte-limit = 4MB (=4194304) (default)
2019-09-24 12:19:53,267 INFO  client.GrpcClientProtocolService (GrpcClientProtocolService.java:lambda$processClientRequest$0(278)) - Failed RaftClientRequest:client-2265A94AA220->localhost_10000@group-03E665A0CE68, cid=42, seq=0, RW, Message:321f0a0f0a0d74657374...(size=33), reply=RaftClientReply:client-2265A94AA220->localhost_10000@group-03E665A0CE68, cid=42, FAILED org.apache.ratis.protocol.LeaderNotReadyException: localhost_10000@group-03E665A0CE68 is in LEADER state but not ready yet., logIndex=0, commits[localhost_10000:c-1]
2019-09-24 12:19:53,267 INFO  server.RaftServerConfigKeys (ConfUtils.java:logGet(43)) - raft.server.log.appender.buffer.element-limit = 0 (default)
2019-09-24 12:19:53,267 INFO  grpc.GrpcConfigKeys$Server (ConfUtils.java:logGet(43)) - raft.grpc.server.leader.outstanding.appends.max = 128 (default)
2019-09-24 12:19:53,267 INFO  server.RaftServerConfigKeys (ConfUtils.java:logGet(43)) - raft.server.rpc.request.timeout = 3000ms (default)
2019-09-24 12:19:53,268 INFO  server.RaftServerConfigKeys (ConfUtils.java:logGet(43)) - raft.server.log.appender.install.snapshot.enabled = true (default)
2019-09-24 12:19:53,268 INFO  server.RaftServerConfigKeys (ConfUtils.java:logGet(43)) - raft.server.log.appender.snapshot.chunk.size.max = 16MB (=16777216) (default)
2019-09-24 12:19:53,268 INFO  client.GrpcClientProtocolService (GrpcClientProtocolService.java:lambda$processClientRequest$0(278)) - Failed RaftClientRequest:client-2265A94AA220->localhost_10000@group-03E665A0CE68, cid=42, seq=0, RW, Message:321f0a0f0a0d74657374...(size=33), reply=RaftClientReply:client-2265A94AA220->localhost_10000@group-03E665A0CE68, cid=42, FAILED org.apache.ratis.protocol.LeaderNotReadyException: localhost_10000@group-03E665A0CE68 is in LEADER state but not ready yet., logIndex=0, commits[localhost_10000:c-1]
2019-09-24 12:19:53,268 INFO  server.RaftServerConfigKeys (ConfUtils.java:logGet(43)) - raft.server.log.appender.buffer.byte-limit = 4MB (=4194304) (default)
2019-09-24 12:19:53,268 INFO  server.RaftServerConfigKeys (ConfUtils.java:logGet(43)) - raft.server.log.appender.buffer.element-limit = 0 (default)
2019-09-24 12:19:53,269 INFO  grpc.GrpcConfigKeys$Server (ConfUtils.java:logGet(43)) - raft.grpc.server.leader.outstanding.appends.max = 128 (default)
2019-09-24 12:19:53,269 INFO  server.RaftServerConfigKeys (ConfUtils.java:logGet(43)) - raft.server.rpc.request.timeout = 3000ms (default)
2019-09-24 12:19:53,269 INFO  server.RaftServerConfigKeys (ConfUtils.java:logGet(43)) - raft.server.log.appender.install.snapshot.enabled = true (default)
2019-09-24 12:19:53,269 INFO  client.GrpcClientProtocolService (GrpcClientProtocolService.java:lambda$processClientRequest$0(278)) - Failed RaftClientRequest:client-2265A94AA220->localhost_10000@group-03E665A0CE68, cid=42, seq=0, RW, Message:321f0a0f0a0d74657374...(size=33), reply=RaftClientReply:client-2265A94AA220->localhost_10000@group-03E665A0CE68, cid=42, FAILED org.apache.ratis.protocol.LeaderNotReadyException: localhost_10000@group-03E665A0CE68 is in LEADER state but not ready yet., logIndex=0, commits[localhost_10000:c-1]
2019-09-24 12:19:53,269 INFO  impl.RoleInfo (RoleInfo.java:updateAndGet(143)) - localhost_10000: start LeaderState
2019-09-24 12:19:53,270 INFO  segmented.SegmentedRaftLogWorker (SegmentedRaftLogWorker.java:startLogSegment(380)) - localhost_10000@group-03E665A0CE68-SegmentedRaftLogWorker: Starting segment from index:0
2019-09-24 12:19:53,270 INFO  impl.RaftServerImpl (ServerState.java:setRaftConf(355)) - localhost_10000@group-03E665A0CE68: set configuration 0: [localhost_10002:localhost:10002, localhost_10001:localhost:10001, localhost_10000:localhost:10000], old=null at 0
2019-09-24 12:19:53,271 INFO  client.GrpcClientProtocolService (GrpcClientProtocolService.java:lambda$processClientRequest$0(278)) - Failed RaftClientRequest:client-2265A94AA220->localhost_10000@group-03E665A0CE68, cid=42, seq=0, RW, Message:321f0a0f0a0d74657374...(size=33), reply=RaftClientReply:client-2265A94AA220->localhost_10000@group-03E665A0CE68, cid=42, FAILED org.apache.ratis.protocol.LeaderNotReadyException: localhost_10000@group-03E665A0CE68 is in LEADER state but not ready yet., logIndex=0, commits[localhost_10000:c-1, localhost_10002:c-1, localhost_10001:c-1]
2019-09-24 12:19:53,272 INFO  impl.RaftServerImpl (ServerState.java:setLeader(254)) - localhost_10001@group-03E665A0CE68: change Leader from null to localhost_10000 at term 1 for appendEntries, leader elected after 988ms
2019-09-24 12:19:53,273 INFO  impl.RaftServerImpl (ServerState.java:setLeader(254)) - localhost_10002@group-03E665A0CE68: change Leader from null to localhost_10000 at term 1 for appendEntries, leader elected after 1033ms
2019-09-24 12:19:53,274 INFO  client.GrpcClientProtocolService (GrpcClientProtocolService.java:lambda$processClientRequest$0(278)) - Failed RaftClientRequest:client-2265A94AA220->localhost_10000@group-03E665A0CE68, cid=42, seq=0, RW, Message:321f0a0f0a0d74657374...(size=33), reply=RaftClientReply:client-2265A94AA220->localhost_10000@group-03E665A0CE68, cid=42, FAILED org.apache.ratis.protocol.LeaderNotReadyException: localhost_10000@group-03E665A0CE68 is in LEADER state but not ready yet., logIndex=0, commits[localhost_10000:c-1, localhost_10002:c-1, localhost_10001:c-1]
2019-09-24 12:19:53,274 INFO  impl.RaftServerImpl (ServerState.java:setRaftConf(355)) - localhost_10002@group-03E665A0CE68: set configuration 0: [localhost_10002:localhost:10002, localhost_10001:localhost:10001, localhost_10000:localhost:10000], old=null at 0
2019-09-24 12:19:53,274 INFO  impl.RaftServerImpl (ServerState.java:setRaftConf(355)) - localhost_10001@group-03E665A0CE68: set configuration 0: [localhost_10002:localhost:10002, localhost_10001:localhost:10001, localhost_10000:localhost:10000], old=null at 0
2019-09-24 12:19:53,275 INFO  segmented.SegmentedRaftLogWorker (SegmentedRaftLogWorker.java:startLogSegment(380)) - localhost_10002@group-03E665A0CE68-SegmentedRaftLogWorker: Starting segment from index:0
2019-09-24 12:19:53,275 INFO  segmented.SegmentedRaftLogWorker (SegmentedRaftLogWorker.java:startLogSegment(380)) - localhost_10001@group-03E665A0CE68-SegmentedRaftLogWorker: Starting segment from index:0
2019-09-24 12:19:53,275 INFO  client.GrpcClientProtocolService (GrpcClientProtocolService.java:lambda$processClientRequest$0(278)) - Failed RaftClientRequest:client-2265A94AA220->localhost_10000@group-03E665A0CE68, cid=42, seq=0, RW, Message:321f0a0f0a0d74657374...(size=33), reply=RaftClientReply:client-2265A94AA220->localhost_10000@group-03E665A0CE68, cid=42, FAILED org.apache.ratis.protocol.LeaderNotReadyException: localhost_10000@group-03E665A0CE68 is in LEADER state but not ready yet., logIndex=0, commits[localhost_10000:c-1, localhost_10002:c-1, localhost_10001:c-1]
2019-09-24 12:19:53,276 INFO  client.GrpcClientProtocolService (GrpcClientProtocolService.java:lambda$processClientRequest$0(278)) - Failed RaftClientRequest:client-2265A94AA220->localhost_10000@group-03E665A0CE68, cid=42, seq=0, RW, Message:321f0a0f0a0d74657374...(size=33), reply=RaftClientReply:client-2265A94AA220->localhost_10000@group-03E665A0CE68, cid=42, FAILED org.apache.ratis.protocol.LeaderNotReadyException: localhost_10000@group-03E665A0CE68 is in LEADER state but not ready yet., logIndex=0, commits[localhost_10000:c-1, localhost_10002:c-1, localhost_10001:c-1]
2019-09-24 12:19:53,278 INFO  client.GrpcClientProtocolService (GrpcClientProtocolService.java:lambda$processClientRequest$0(278)) - Failed RaftClientRequest:client-2265A94AA220->localhost_10000@group-03E665A0CE68, cid=42, seq=0, RW, Message:321f0a0f0a0d74657374...(size=33), reply=RaftClientReply:client-2265A94AA220->localhost_10000@group-03E665A0CE68, cid=42, FAILED org.apache.ratis.protocol.LeaderNotReadyException: localhost_10000@group-03E665A0CE68 is in LEADER state but not ready yet., logIndex=0, commits[localhost_10000:c-1, localhost_10002:c-1, localhost_10001:c-1]
2019-09-24 12:19:53,279 INFO  client.GrpcClientProtocolService (GrpcClientProtocolService.java:lambda$processClientRequest$0(278)) - Failed RaftClientRequest:client-2265A94AA220->localhost_10000@group-03E665A0CE68, cid=42, seq=0, RW, Message:321f0a0f0a0d74657374...(size=33), reply=RaftClientReply:client-2265A94AA220->localhost_10000@group-03E665A0CE68, cid=42, FAILED org.apache.ratis.protocol.LeaderNotReadyException: localhost_10000@group-03E665A0CE68 is in LEADER state but not ready yet., logIndex=0, commits[localhost_10000:c-1, localhost_10002:c-1, localhost_10001:c-1]
2019-09-24 12:19:53,280 INFO  client.GrpcClientProtocolService (GrpcClientProtocolService.java:lambda$processClientRequest$0(278)) - Failed RaftClientRequest:client-2265A94AA220->localhost_10000@group-03E665A0CE68, cid=42, seq=0, RW, Message:321f0a0f0a0d74657374...(size=33), reply=RaftClientReply:client-2265A94AA220->localhost_10000@group-03E665A0CE68, cid=42, FAILED org.apache.ratis.protocol.LeaderNotReadyException: localhost_10000@group-03E665A0CE68 is in LEADER state but not ready yet., logIndex=0, commits[localhost_10000:c-1, localhost_10002:c-1, localhost_10001:c-1]
2019-09-24 12:19:53,282 INFO  client.GrpcClientProtocolService (GrpcClientProtocolService.java:lambda$processClientRequest$0(278)) - Failed RaftClientRequest:client-2265A94AA220->localhost_10000@group-03E665A0CE68, cid=42, seq=0, RW, Message:321f0a0f0a0d74657374...(size=33), reply=RaftClientReply:client-2265A94AA220->localhost_10000@group-03E665A0CE68, cid=42, FAILED org.apache.ratis.protocol.LeaderNotReadyException: localhost_10000@group-03E665A0CE68 is in LEADER state but not ready yet., logIndex=0, commits[localhost_10000:c-1, localhost_10002:c-1, localhost_10001:c-1]
2019-09-24 12:19:53,283 INFO  client.GrpcClientProtocolService (GrpcClientProtocolService.java:lambda$processClientRequest$0(278)) - Failed RaftClientRequest:client-2265A94AA220->localhost_10000@group-03E665A0CE68, cid=42, seq=0, RW, Message:321f0a0f0a0d74657374...(size=33), reply=RaftClientReply:client-2265A94AA220->localhost_10000@group-03E665A0CE68, cid=42, FAILED org.apache.ratis.protocol.LeaderNotReadyException: localhost_10000@group-03E665A0CE68 is in LEADER state but not ready yet., logIndex=0, commits[localhost_10000:c-1, localhost_10002:c-1, localhost_10001:c-1]
2019-09-24 12:19:53,284 INFO  client.GrpcClientProtocolService (GrpcClientProtocolService.java:lambda$processClientRequest$0(278)) - Failed RaftClientRequest:client-2265A94AA220->localhost_10000@group-03E665A0CE68, cid=42, seq=0, RW, Message:321f0a0f0a0d74657374...(size=33), reply=RaftClientReply:client-2265A94AA220->localhost_10000@group-03E665A0CE68, cid=42, FAILED org.apache.ratis.protocol.LeaderNotReadyException: localhost_10000@group-03E665A0CE68 is in LEADER state but not ready yet., logIndex=0, commits[localhost_10000:c-1, localhost_10002:c-1, localhost_10001:c-1]
2019-09-24 12:19:53,285 INFO  client.GrpcClientProtocolService (GrpcClientProtocolService.java:lambda$processClientRequest$0(278)) - Failed RaftClientRequest:client-2265A94AA220->localhost_10000@group-03E665A0CE68, cid=42, seq=0, RW, Message:321f0a0f0a0d74657374...(size=33), reply=RaftClientReply:client-2265A94AA220->localhost_10000@group-03E665A0CE68, cid=42, FAILED org.apache.ratis.protocol.LeaderNotReadyException: localhost_10000@group-03E665A0CE68 is in LEADER state but not ready yet., logIndex=0, commits[localhost_10000:c-1, localhost_10002:c-1, localhost_10001:c-1]
2019-09-24 12:19:53,286 INFO  client.GrpcClientProtocolService (GrpcClientProtocolService.java:lambda$processClientRequest$0(278)) - Failed RaftClientRequest:client-2265A94AA220->localhost_10000@group-03E665A0CE68, cid=42, seq=0, RW, Message:321f0a0f0a0d74657374...(size=33), reply=RaftClientReply:client-2265A94AA220->localhost_10000@group-03E665A0CE68, cid=42, FAILED org.apache.ratis.protocol.LeaderNotReadyException: localhost_10000@group-03E665A0CE68 is in LEADER state but not ready yet., logIndex=0, commits[localhost_10000:c-1, localhost_10002:c-1, localhost_10001:c-1]
2019-09-24 12:19:53,287 INFO  client.GrpcClientProtocolService (GrpcClientProtocolService.java:lambda$processClientRequest$0(278)) - Failed RaftClientRequest:client-2265A94AA220->localhost_10000@group-03E665A0CE68, cid=42, seq=0, RW, Message:321f0a0f0a0d74657374...(size=33), reply=RaftClientReply:client-2265A94AA220->localhost_10000@group-03E665A0CE68, cid=42, FAILED org.apache.ratis.protocol.LeaderNotReadyException: localhost_10000@group-03E665A0CE68 is in LEADER state but not ready yet., logIndex=0, commits[localhost_10000:c-1, localhost_10002:c-1, localhost_10001:c-1]
2019-09-24 12:19:53,288 INFO  client.GrpcClientProtocolService (GrpcClientProtocolService.java:lambda$processClientRequest$0(278)) - Failed RaftClientRequest:client-2265A94AA220->localhost_10000@group-03E665A0CE68, cid=42, seq=0, RW, Message:321f0a0f0a0d74657374...(size=33), reply=RaftClientReply:client-2265A94AA220->localhost_10000@group-03E665A0CE68, cid=42, FAILED org.apache.ratis.protocol.LeaderNotReadyException: localhost_10000@group-03E665A0CE68 is in LEADER state but not ready yet., logIndex=0, commits[localhost_10000:c-1, localhost_10002:c-1, localhost_10001:c-1]
2019-09-24 12:19:53,289 INFO  client.GrpcClientProtocolService (GrpcClientProtocolService.java:lambda$processClientRequest$0(278)) - Failed RaftClientRequest:client-2265A94AA220->localhost_10000@group-03E665A0CE68, cid=42, seq=0, RW, Message:321f0a0f0a0d74657374...(size=33), reply=RaftClientReply:client-2265A94AA220->localhost_10000@group-03E665A0CE68, cid=42, FAILED org.apache.ratis.protocol.LeaderNotReadyException: localhost_10000@group-03E665A0CE68 is in LEADER state but not ready yet., logIndex=0, commits[localhost_10000:c-1, localhost_10002:c-1, localhost_10001:c-1]
2019-09-24 12:19:53,290 INFO  client.GrpcClientProtocolService (GrpcClientProtocolService.java:lambda$processClientRequest$0(278)) - Failed RaftClientRequest:client-2265A94AA220->localhost_10000@group-03E665A0CE68, cid=42, seq=0, RW, Message:321f0a0f0a0d74657374...(size=33), reply=RaftClientReply:client-2265A94AA220->localhost_10000@group-03E665A0CE68, cid=42, FAILED org.apache.ratis.protocol.LeaderNotReadyException: localhost_10000@group-03E665A0CE68 is in LEADER state but not ready yet., logIndex=0, commits[localhost_10000:c-1, localhost_10002:c-1, localhost_10001:c-1]
2019-09-24 12:19:53,291 INFO  client.GrpcClientProtocolService (GrpcClientProtocolService.java:lambda$processClientRequest$0(278)) - Failed RaftClientRequest:client-2265A94AA220->localhost_10000@group-03E665A0CE68, cid=42, seq=0, RW, Message:321f0a0f0a0d74657374...(size=33), reply=RaftClientReply:client-2265A94AA220->localhost_10000@group-03E665A0CE68, cid=42, FAILED org.apache.ratis.protocol.LeaderNotReadyException: localhost_10000@group-03E665A0CE68 is in LEADER state but not ready yet., logIndex=0, commits[localhost_10000:c-1, localhost_10002:c-1, localhost_10001:c-1]
2019-09-24 12:19:53,293 INFO  client.GrpcClientProtocolService (GrpcClientProtocolService.java:lambda$processClientRequest$0(278)) - Failed RaftClientRequest:client-2265A94AA220->localhost_10000@group-03E665A0CE68, cid=42, seq=0, RW, Message:321f0a0f0a0d74657374...(size=33), reply=RaftClientReply:client-2265A94AA220->localhost_10000@group-03E665A0CE68, cid=42, FAILED org.apache.ratis.protocol.LeaderNotReadyException: localhost_10000@group-03E665A0CE68 is in LEADER state but not ready yet., logIndex=0, commits[localhost_10000:c-1, localhost_10002:c-1, localhost_10001:c-1]
2019-09-24 12:19:53,294 INFO  client.GrpcClientProtocolService (GrpcClientProtocolService.java:lambda$processClientRequest$0(278)) - Failed RaftClientRequest:client-2265A94AA220->localhost_10000@group-03E665A0CE68, cid=42, seq=0, RW, Message:321f0a0f0a0d74657374...(size=33), reply=RaftClientReply:client-2265A94AA220->localhost_10000@group-03E665A0CE68, cid=42, FAILED org.apache.ratis.protocol.LeaderNotReadyException: localhost_10000@group-03E665A0CE68 is in LEADER state but not ready yet., logIndex=0, commits[localhost_10000:c-1, localhost_10002:c-1, localhost_10001:c-1]
2019-09-24 12:19:53,295 INFO  client.GrpcClientProtocolService (GrpcClientProtocolService.java:lambda$processClientRequest$0(278)) - Failed RaftClientRequest:client-2265A94AA220->localhost_10000@group-03E665A0CE68, cid=42, seq=0, RW, Message:321f0a0f0a0d74657374...(size=33), reply=RaftClientReply:client-2265A94AA220->localhost_10000@group-03E665A0CE68, cid=42, FAILED org.apache.ratis.protocol.LeaderNotReadyException: localhost_10000@group-03E665A0CE68 is in LEADER state but not ready yet., logIndex=0, commits[localhost_10000:c-1, localhost_10002:c-1, localhost_10001:c-1]
2019-09-24 12:19:53,296 INFO  client.GrpcClientProtocolService (GrpcClientProtocolService.java:lambda$processClientRequest$0(278)) - Failed RaftClientRequest:client-2265A94AA220->localhost_10000@group-03E665A0CE68, cid=42, seq=0, RW, Message:321f0a0f0a0d74657374...(size=33), reply=RaftClientReply:client-2265A94AA220->localhost_10000@group-03E665A0CE68, cid=42, FAILED org.apache.ratis.protocol.LeaderNotReadyException: localhost_10000@group-03E665A0CE68 is in LEADER state but not ready yet., logIndex=0, commits[localhost_10000:c-1, localhost_10002:c-1, localhost_10001:c-1]
2019-09-24 12:19:53,297 INFO  client.GrpcClientProtocolService (GrpcClientProtocolService.java:lambda$processClientRequest$0(278)) - Failed RaftClientRequest:client-2265A94AA220->localhost_10000@group-03E665A0CE68, cid=42, seq=0, RW, Message:321f0a0f0a0d74657374...(size=33), reply=RaftClientReply:client-2265A94AA220->localhost_10000@group-03E665A0CE68, cid=42, FAILED org.apache.ratis.protocol.LeaderNotReadyException: localhost_10000@group-03E665A0CE68 is in LEADER state but not ready yet., logIndex=0, commits[localhost_10000:c-1, localhost_10002:c-1, localhost_10001:c-1]
2019-09-24 12:19:53,298 INFO  client.GrpcClientProtocolService (GrpcClientProtocolService.java:lambda$processClientRequest$0(278)) - Failed RaftClientRequest:client-2265A94AA220->localhost_10000@group-03E665A0CE68, cid=42, seq=0, RW, Message:321f0a0f0a0d74657374...(size=33), reply=RaftClientReply:client-2265A94AA220->localhost_10000@group-03E665A0CE68, cid=42, FAILED org.apache.ratis.protocol.LeaderNotReadyException: localhost_10000@group-03E665A0CE68 is in LEADER state but not ready yet., logIndex=0, commits[localhost_10000:c-1, localhost_10002:c-1, localhost_10001:c-1]
2019-09-24 12:19:53,299 INFO  client.GrpcClientProtocolService (GrpcClientProtocolService.java:lambda$processClientRequest$0(278)) - Failed RaftClientRequest:client-2265A94AA220->localhost_10000@group-03E665A0CE68, cid=42, seq=0, RW, Message:321f0a0f0a0d74657374...(size=33), reply=RaftClientReply:client-2265A94AA220->localhost_10000@group-03E665A0CE68, cid=42, FAILED org.apache.ratis.protocol.LeaderNotReadyException: localhost_10000@group-03E665A0CE68 is in LEADER state but not ready yet., logIndex=0, commits[localhost_10000:c-1, localhost_10002:c-1, localhost_10001:c-1]
2019-09-24 12:19:53,300 INFO  client.GrpcClientProtocolService (GrpcClientProtocolService.java:lambda$processClientRequest$0(278)) - Failed RaftClientRequest:client-2265A94AA220->localhost_10000@group-03E665A0CE68, cid=42, seq=0, RW, Message:321f0a0f0a0d74657374...(size=33), reply=RaftClientReply:client-2265A94AA220->localhost_10000@group-03E665A0CE68, cid=42, FAILED org.apache.ratis.protocol.LeaderNotReadyException: localhost_10000@group-03E665A0CE68 is in LEADER state but not ready yet., logIndex=0, commits[localhost_10000:c-1, localhost_10002:c-1, localhost_10001:c-1]
2019-09-24 12:19:53,301 INFO  client.GrpcClientProtocolService (GrpcClientProtocolService.java:lambda$processClientRequest$0(278)) - Failed RaftClientRequest:client-2265A94AA220->localhost_10000@group-03E665A0CE68, cid=42, seq=0, RW, Message:321f0a0f0a0d74657374...(size=33), reply=RaftClientReply:client-2265A94AA220->localhost_10000@group-03E665A0CE68, cid=42, FAILED org.apache.ratis.protocol.LeaderNotReadyException: localhost_10000@group-03E665A0CE68 is in LEADER state but not ready yet., logIndex=0, commits[localhost_10000:c-1, localhost_10002:c-1, localhost_10001:c-1]
2019-09-24 12:19:53,302 INFO  client.GrpcClientProtocolService (GrpcClientProtocolService.java:lambda$processClientRequest$0(278)) - Failed RaftClientRequest:client-2265A94AA220->localhost_10000@group-03E665A0CE68, cid=42, seq=0, RW, Message:321f0a0f0a0d74657374...(size=33), reply=RaftClientReply:client-2265A94AA220->localhost_10000@group-03E665A0CE68, cid=42, FAILED org.apache.ratis.protocol.LeaderNotReadyException: localhost_10000@group-03E665A0CE68 is in LEADER state but not ready yet., logIndex=0, commits[localhost_10000:c-1, localhost_10002:c-1, localhost_10001:c-1]
2019-09-24 12:19:53,303 INFO  client.GrpcClientProtocolService (GrpcClientProtocolService.java:lambda$processClientRequest$0(278)) - Failed RaftClientRequest:client-2265A94AA220->localhost_10000@group-03E665A0CE68, cid=42, seq=0, RW, Message:321f0a0f0a0d74657374...(size=33), reply=RaftClientReply:client-2265A94AA220->localhost_10000@group-03E665A0CE68, cid=42, FAILED org.apache.ratis.protocol.LeaderNotReadyException: localhost_10000@group-03E665A0CE68 is in LEADER state but not ready yet., logIndex=0, commits[localhost_10000:c-1, localhost_10002:c-1, localhost_10001:c-1]
2019-09-24 12:19:53,304 INFO  client.GrpcClientProtocolService (GrpcClientProtocolService.java:lambda$processClientRequest$0(278)) - Failed RaftClientRequest:client-2265A94AA220->localhost_10000@group-03E665A0CE68, cid=42, seq=0, RW, Message:321f0a0f0a0d74657374...(size=33), reply=RaftClientReply:client-2265A94AA220->localhost_10000@group-03E665A0CE68, cid=42, FAILED org.apache.ratis.protocol.LeaderNotReadyException: localhost_10000@group-03E665A0CE68 is in LEADER state but not ready yet., logIndex=0, commits[localhost_10000:c-1, localhost_10002:c-1, localhost_10001:c-1]
2019-09-24 12:19:53,305 INFO  client.GrpcClientProtocolService (GrpcClientProtocolService.java:lambda$processClientRequest$0(278)) - Failed RaftClientRequest:client-2265A94AA220->localhost_10000@group-03E665A0CE68, cid=42, seq=0, RW, Message:321f0a0f0a0d74657374...(size=33), reply=RaftClientReply:client-2265A94AA220->localhost_10000@group-03E665A0CE68, cid=42, FAILED org.apache.ratis.protocol.LeaderNotReadyException: localhost_10000@group-03E665A0CE68 is in LEADER state but not ready yet., logIndex=0, commits[localhost_10000:c-1, localhost_10002:c-1, localhost_10001:c-1]
2019-09-24 12:19:53,306 INFO  client.GrpcClientProtocolService (GrpcClientProtocolService.java:lambda$processClientRequest$0(278)) - Failed RaftClientRequest:client-2265A94AA220->localhost_10000@group-03E665A0CE68, cid=42, seq=0, RW, Message:321f0a0f0a0d74657374...(size=33), reply=RaftClientReply:client-2265A94AA220->localhost_10000@group-03E665A0CE68, cid=42, FAILED org.apache.ratis.protocol.LeaderNotReadyException: localhost_10000@group-03E665A0CE68 is in LEADER state but not ready yet., logIndex=0, commits[localhost_10000:c-1, localhost_10002:c-1, localhost_10001:c-1]
2019-09-24 12:19:53,307 INFO  client.GrpcClientProtocolService (GrpcClientProtocolService.java:lambda$processClientRequest$0(278)) - Failed RaftClientRequest:client-2265A94AA220->localhost_10000@group-03E665A0CE68, cid=42, seq=0, RW, Message:321f0a0f0a0d74657374...(size=33), reply=RaftClientReply:client-2265A94AA220->localhost_10000@group-03E665A0CE68, cid=42, FAILED org.apache.ratis.protocol.LeaderNotReadyException: localhost_10000@group-03E665A0CE68 is in LEADER state but not ready yet., logIndex=0, commits[localhost_10000:c-1, localhost_10002:c-1, localhost_10001:c-1]
2019-09-24 12:19:53,309 INFO  client.GrpcClientProtocolService (GrpcClientProtocolService.java:lambda$processClientRequest$0(278)) - Failed RaftClientRequest:client-2265A94AA220->localhost_10000@group-03E665A0CE68, cid=42, seq=0, RW, Message:321f0a0f0a0d74657374...(size=33), reply=RaftClientReply:client-2265A94AA220->localhost_10000@group-03E665A0CE68, cid=42, FAILED org.apache.ratis.protocol.LeaderNotReadyException: localhost_10000@group-03E665A0CE68 is in LEADER state but not ready yet., logIndex=0, commits[localhost_10000:c-1, localhost_10002:c-1, localhost_10001:c-1]
2019-09-24 12:19:53,310 INFO  client.GrpcClientProtocolService (GrpcClientProtocolService.java:lambda$processClientRequest$0(278)) - Failed RaftClientRequest:client-2265A94AA220->localhost_10000@group-03E665A0CE68, cid=42, seq=0, RW, Message:321f0a0f0a0d74657374...(size=33), reply=RaftClientReply:client-2265A94AA220->localhost_10000@group-03E665A0CE68, cid=42, FAILED org.apache.ratis.protocol.LeaderNotReadyException: localhost_10000@group-03E665A0CE68 is in LEADER state but not ready yet., logIndex=0, commits[localhost_10000:c-1, localhost_10002:c-1, localhost_10001:c-1]
2019-09-24 12:19:53,311 INFO  client.GrpcClientProtocolService (GrpcClientProtocolService.java:lambda$processClientRequest$0(278)) - Failed RaftClientRequest:client-2265A94AA220->localhost_10000@group-03E665A0CE68, cid=42, seq=0, RW, Message:321f0a0f0a0d74657374...(size=33), reply=RaftClientReply:client-2265A94AA220->localhost_10000@group-03E665A0CE68, cid=42, FAILED org.apache.ratis.protocol.LeaderNotReadyException: localhost_10000@group-03E665A0CE68 is in LEADER state but not ready yet., logIndex=0, commits[localhost_10000:c-1, localhost_10002:c-1, localhost_10001:c-1]
2019-09-24 12:19:53,312 INFO  client.GrpcClientProtocolService (GrpcClientProtocolService.java:lambda$processClientRequest$0(278)) - Failed RaftClientRequest:client-2265A94AA220->localhost_10000@group-03E665A0CE68, cid=42, seq=0, RW, Message:321f0a0f0a0d74657374...(size=33), reply=RaftClientReply:client-2265A94AA220->localhost_10000@group-03E665A0CE68, cid=42, FAILED org.apache.ratis.protocol.LeaderNotReadyException: localhost_10000@group-03E665A0CE68 is in LEADER state but not ready yet., logIndex=0, commits[localhost_10000:c-1, localhost_10002:c-1, localhost_10001:c-1]
2019-09-24 12:19:53,313 INFO  client.GrpcClientProtocolService (GrpcClientProtocolService.java:lambda$processClientRequest$0(278)) - Failed RaftClientRequest:client-2265A94AA220->localhost_10000@group-03E665A0CE68, cid=42, seq=0, RW, Message:321f0a0f0a0d74657374...(size=33), reply=RaftClientReply:client-2265A94AA220->localhost_10000@group-03E665A0CE68, cid=42, FAILED org.apache.ratis.protocol.LeaderNotReadyException: localhost_10000@group-03E665A0CE68 is in LEADER state but not ready yet., logIndex=0, commits[localhost_10000:c-1, localhost_10002:c-1, localhost_10001:c-1]
2019-09-24 12:19:53,314 INFO  client.GrpcClientProtocolService (GrpcClientProtocolService.java:lambda$processClientRequest$0(278)) - Failed RaftClientRequest:client-2265A94AA220->localhost_10000@group-03E665A0CE68, cid=42, seq=0, RW, Message:321f0a0f0a0d74657374...(size=33), reply=RaftClientReply:client-2265A94AA220->localhost_10000@group-03E665A0CE68, cid=42, FAILED org.apache.ratis.protocol.LeaderNotReadyException: localhost_10000@group-03E665A0CE68 is in LEADER state but not ready yet., logIndex=0, commits[localhost_10000:c-1, localhost_10002:c-1, localhost_10001:c-1]
2019-09-24 12:19:53,315 INFO  client.GrpcClientProtocolService (GrpcClientProtocolService.java:lambda$processClientRequest$0(278)) - Failed RaftClientRequest:client-2265A94AA220->localhost_10000@group-03E665A0CE68, cid=42, seq=0, RW, Message:321f0a0f0a0d74657374...(size=33), reply=RaftClientReply:client-2265A94AA220->localhost_10000@group-03E665A0CE68, cid=42, FAILED org.apache.ratis.protocol.LeaderNotReadyException: localhost_10000@group-03E665A0CE68 is in LEADER state but not ready yet., logIndex=0, commits[localhost_10000:c-1, localhost_10002:c-1, localhost_10001:c-1]
2019-09-24 12:19:53,316 INFO  client.GrpcClientProtocolService (GrpcClientProtocolService.java:lambda$processClientRequest$0(278)) - Failed RaftClientRequest:client-2265A94AA220->localhost_10000@group-03E665A0CE68, cid=42, seq=0, RW, Message:321f0a0f0a0d74657374...(size=33), reply=RaftClientReply:client-2265A94AA220->localhost_10000@group-03E665A0CE68, cid=42, FAILED org.apache.ratis.protocol.LeaderNotReadyException: localhost_10000@group-03E665A0CE68 is in LEADER state but not ready yet., logIndex=0, commits[localhost_10000:c-1, localhost_10002:c-1, localhost_10001:c-1]
2019-09-24 12:19:53,317 INFO  client.GrpcClientProtocolService (GrpcClientProtocolService.java:lambda$processClientRequest$0(278)) - Failed RaftClientRequest:client-2265A94AA220->localhost_10000@group-03E665A0CE68, cid=42, seq=0, RW, Message:321f0a0f0a0d74657374...(size=33), reply=RaftClientReply:client-2265A94AA220->localhost_10000@group-03E665A0CE68, cid=42, FAILED org.apache.ratis.protocol.LeaderNotReadyException: localhost_10000@group-03E665A0CE68 is in LEADER state but not ready yet., logIndex=0, commits[localhost_10000:c-1, localhost_10002:c-1, localhost_10001:c-1]
2019-09-24 12:19:53,318 INFO  client.GrpcClientProtocolService (GrpcClientProtocolService.java:lambda$processClientRequest$0(278)) - Failed RaftClientRequest:client-2265A94AA220->localhost_10000@group-03E665A0CE68, cid=42, seq=0, RW, Message:321f0a0f0a0d74657374...(size=33), reply=RaftClientReply:client-2265A94AA220->localhost_10000@group-03E665A0CE68, cid=42, FAILED org.apache.ratis.protocol.LeaderNotReadyException: localhost_10000@group-03E665A0CE68 is in LEADER state but not ready yet., logIndex=0, commits[localhost_10000:c-1, localhost_10002:c-1, localhost_10001:c-1]
2019-09-24 12:19:53,319 INFO  client.GrpcClientProtocolService (GrpcClientProtocolService.java:lambda$processClientRequest$0(278)) - Failed RaftClientRequest:client-2265A94AA220->localhost_10000@group-03E665A0CE68, cid=42, seq=0, RW, Message:321f0a0f0a0d74657374...(size=33), reply=RaftClientReply:client-2265A94AA220->localhost_10000@group-03E665A0CE68, cid=42, FAILED org.apache.ratis.protocol.LeaderNotReadyException: localhost_10000@group-03E665A0CE68 is in LEADER state but not ready yet., logIndex=0, commits[localhost_10000:c-1, localhost_10002:c-1, localhost_10001:c-1]
2019-09-24 12:19:53,320 INFO  client.GrpcClientProtocolService (GrpcClientProtocolService.java:lambda$processClientRequest$0(278)) - Failed RaftClientRequest:client-2265A94AA220->localhost_10000@group-03E665A0CE68, cid=42, seq=0, RW, Message:321f0a0f0a0d74657374...(size=33), reply=RaftClientReply:client-2265A94AA220->localhost_10000@group-03E665A0CE68, cid=42, FAILED org.apache.ratis.protocol.LeaderNotReadyException: localhost_10000@group-03E665A0CE68 is in LEADER state but not ready yet., logIndex=0, commits[localhost_10000:c-1, localhost_10002:c-1, localhost_10001:c-1]
2019-09-24 12:19:53,321 INFO  client.GrpcClientProtocolService (GrpcClientProtocolService.java:lambda$processClientRequest$0(278)) - Failed RaftClientRequest:client-2265A94AA220->localhost_10000@group-03E665A0CE68, cid=42, seq=0, RW, Message:321f0a0f0a0d74657374...(size=33), reply=RaftClientReply:client-2265A94AA220->localhost_10000@group-03E665A0CE68, cid=42, FAILED org.apache.ratis.protocol.LeaderNotReadyException: localhost_10000@group-03E665A0CE68 is in LEADER state but not ready yet., logIndex=0, commits[localhost_10000:c-1, localhost_10002:c-1, localhost_10001:c-1]
2019-09-24 12:19:53,322 INFO  client.GrpcClientProtocolService (GrpcClientProtocolService.java:lambda$processClientRequest$0(278)) - Failed RaftClientRequest:client-2265A94AA220->localhost_10000@group-03E665A0CE68, cid=42, seq=0, RW, Message:321f0a0f0a0d74657374...(size=33), reply=RaftClientReply:client-2265A94AA220->localhost_10000@group-03E665A0CE68, cid=42, FAILED org.apache.ratis.protocol.LeaderNotReadyException: localhost_10000@group-03E665A0CE68 is in LEADER state but not ready yet., logIndex=0, commits[localhost_10000:c-1, localhost_10002:c-1, localhost_10001:c-1]
2019-09-24 12:19:53,323 INFO  client.GrpcClientProtocolService (GrpcClientProtocolService.java:lambda$processClientRequest$0(278)) - Failed RaftClientRequest:client-2265A94AA220->localhost_10000@group-03E665A0CE68, cid=42, seq=0, RW, Message:321f0a0f0a0d74657374...(size=33), reply=RaftClientReply:client-2265A94AA220->localhost_10000@group-03E665A0CE68, cid=42, FAILED org.apache.ratis.protocol.LeaderNotReadyException: localhost_10000@group-03E665A0CE68 is in LEADER state but not ready yet., logIndex=0, commits[localhost_10000:c-1, localhost_10002:c-1, localhost_10001:c-1]
2019-09-24 12:19:53,324 INFO  client.GrpcClientProtocolService (GrpcClientProtocolService.java:lambda$processClientRequest$0(278)) - Failed RaftClientRequest:client-2265A94AA220->localhost_10000@group-03E665A0CE68, cid=42, seq=0, RW, Message:321f0a0f0a0d74657374...(size=33), reply=RaftClientReply:client-2265A94AA220->localhost_10000@group-03E665A0CE68, cid=42, FAILED org.apache.ratis.protocol.LeaderNotReadyException: localhost_10000@group-03E665A0CE68 is in LEADER state but not ready yet., logIndex=0, commits[localhost_10000:c-1, localhost_10002:c-1, localhost_10001:c-1]
2019-09-24 12:19:53,325 INFO  client.GrpcClientProtocolService (GrpcClientProtocolService.java:lambda$processClientRequest$0(278)) - Failed RaftClientRequest:client-2265A94AA220->localhost_10000@group-03E665A0CE68, cid=42, seq=0, RW, Message:321f0a0f0a0d74657374...(size=33), reply=RaftClientReply:client-2265A94AA220->localhost_10000@group-03E665A0CE68, cid=42, FAILED org.apache.ratis.protocol.LeaderNotReadyException: localhost_10000@group-03E665A0CE68 is in LEADER state but not ready yet., logIndex=0, commits[localhost_10000:c-1, localhost_10002:c-1, localhost_10001:c-1]
2019-09-24 12:19:53,326 INFO  client.GrpcClientProtocolService (GrpcClientProtocolService.java:lambda$processClientRequest$0(278)) - Failed RaftClientRequest:client-2265A94AA220->localhost_10000@group-03E665A0CE68, cid=42, seq=0, RW, Message:321f0a0f0a0d74657374...(size=33), reply=RaftClientReply:client-2265A94AA220->localhost_10000@group-03E665A0CE68, cid=42, FAILED org.apache.ratis.protocol.LeaderNotReadyException: localhost_10000@group-03E665A0CE68 is in LEADER state but not ready yet., logIndex=0, commits[localhost_10000:c-1, localhost_10002:c-1, localhost_10001:c-1]
2019-09-24 12:19:53,327 INFO  client.GrpcClientProtocolService (GrpcClientProtocolService.java:lambda$processClientRequest$0(278)) - Failed RaftClientRequest:client-2265A94AA220->localhost_10000@group-03E665A0CE68, cid=42, seq=0, RW, Message:321f0a0f0a0d74657374...(size=33), reply=RaftClientReply:client-2265A94AA220->localhost_10000@group-03E665A0CE68, cid=42, FAILED org.apache.ratis.protocol.LeaderNotReadyException: localhost_10000@group-03E665A0CE68 is in LEADER state but not ready yet., logIndex=0, commits[localhost_10000:c-1, localhost_10002:c-1, localhost_10001:c-1]
2019-09-24 12:19:53,328 INFO  client.GrpcClientProtocolService (GrpcClientProtocolService.java:lambda$processClientRequest$0(278)) - Failed RaftClientRequest:client-2265A94AA220->localhost_10000@group-03E665A0CE68, cid=42, seq=0, RW, Message:321f0a0f0a0d74657374...(size=33), reply=RaftClientReply:client-2265A94AA220->localhost_10000@group-03E665A0CE68, cid=42, FAILED org.apache.ratis.protocol.LeaderNotReadyException: localhost_10000@group-03E665A0CE68 is in LEADER state but not ready yet., logIndex=0, commits[localhost_10000:c-1, localhost_10002:c-1, localhost_10001:c-1]
2019-09-24 12:19:53,329 INFO  client.GrpcClientProtocolService (GrpcClientProtocolService.java:lambda$processClientRequest$0(278)) - Failed RaftClientRequest:client-2265A94AA220->localhost_10000@group-03E665A0CE68, cid=42, seq=0, RW, Message:321f0a0f0a0d74657374...(size=33), reply=RaftClientReply:client-2265A94AA220->localhost_10000@group-03E665A0CE68, cid=42, FAILED org.apache.ratis.protocol.LeaderNotReadyException: localhost_10000@group-03E665A0CE68 is in LEADER state but not ready yet., logIndex=0, commits[localhost_10000:c-1, localhost_10002:c-1, localhost_10001:c-1]
2019-09-24 12:19:53,330 INFO  client.GrpcClientProtocolService (GrpcClientProtocolService.java:lambda$processClientRequest$0(278)) - Failed RaftClientRequest:client-2265A94AA220->localhost_10000@group-03E665A0CE68, cid=42, seq=0, RW, Message:321f0a0f0a0d74657374...(size=33), reply=RaftClientReply:client-2265A94AA220->localhost_10000@group-03E665A0CE68, cid=42, FAILED org.apache.ratis.protocol.LeaderNotReadyException: localhost_10000@group-03E665A0CE68 is in LEADER state but not ready yet., logIndex=0, commits[localhost_10000:c-1, localhost_10002:c-1, localhost_10001:c-1]
2019-09-24 12:19:53,331 INFO  client.GrpcClientProtocolService (GrpcClientProtocolService.java:lambda$processClientRequest$0(278)) - Failed RaftClientRequest:client-2265A94AA220->localhost_10000@group-03E665A0CE68, cid=42, seq=0, RW, Message:321f0a0f0a0d74657374...(size=33), reply=RaftClientReply:client-2265A94AA220->localhost_10000@group-03E665A0CE68, cid=42, FAILED org.apache.ratis.protocol.LeaderNotReadyException: localhost_10000@group-03E665A0CE68 is in LEADER state but not ready yet., logIndex=0, commits[localhost_10000:c-1, localhost_10002:c-1, localhost_10001:c-1]
2019-09-24 12:19:53,332 INFO  client.GrpcClientProtocolService (GrpcClientProtocolService.java:lambda$processClientRequest$0(278)) - Failed RaftClientRequest:client-2265A94AA220->localhost_10000@group-03E665A0CE68, cid=42, seq=0, RW, Message:321f0a0f0a0d74657374...(size=33), reply=RaftClientReply:client-2265A94AA220->localhost_10000@group-03E665A0CE68, cid=42, FAILED org.apache.ratis.protocol.LeaderNotReadyException: localhost_10000@group-03E665A0CE68 is in LEADER state but not ready yet., logIndex=0, commits[localhost_10000:c-1, localhost_10002:c-1, localhost_10001:c-1]
2019-09-24 12:19:53,333 INFO  client.GrpcClientProtocolService (GrpcClientProtocolService.java:lambda$processClientRequest$0(278)) - Failed RaftClientRequest:client-2265A94AA220->localhost_10000@group-03E665A0CE68, cid=42, seq=0, RW, Message:321f0a0f0a0d74657374...(size=33), reply=RaftClientReply:client-2265A94AA220->localhost_10000@group-03E665A0CE68, cid=42, FAILED org.apache.ratis.protocol.LeaderNotReadyException: localhost_10000@group-03E665A0CE68 is in LEADER state but not ready yet., logIndex=0, commits[localhost_10000:c-1, localhost_10002:c-1, localhost_10001:c-1]
2019-09-24 12:19:53,334 INFO  client.GrpcClientProtocolService (GrpcClientProtocolService.java:lambda$processClientRequest$0(278)) - Failed RaftClientRequest:client-2265A94AA220->localhost_10000@group-03E665A0CE68, cid=42, seq=0, RW, Message:321f0a0f0a0d74657374...(size=33), reply=RaftClientReply:client-2265A94AA220->localhost_10000@group-03E665A0CE68, cid=42, FAILED org.apache.ratis.protocol.LeaderNotReadyException: localhost_10000@group-03E665A0CE68 is in LEADER state but not ready yet., logIndex=0, commits[localhost_10000:c-1, localhost_10002:c-1, localhost_10001:c-1]
2019-09-24 12:19:53,334 INFO  client.GrpcClientProtocolService (GrpcClientProtocolService.java:lambda$processClientRequest$0(278)) - Failed RaftClientRequest:client-2265A94AA220->localhost_10000@group-03E665A0CE68, cid=42, seq=0, RW, Message:321f0a0f0a0d74657374...(size=33), reply=RaftClientReply:client-2265A94AA220->localhost_10000@group-03E665A0CE68, cid=42, FAILED org.apache.ratis.protocol.LeaderNotReadyException: localhost_10000@group-03E665A0CE68 is in LEADER state but not ready yet., logIndex=0, commits[localhost_10000:c-1, localhost_10002:c-1, localhost_10001:c-1]
2019-09-24 12:19:53,335 INFO  client.GrpcClientProtocolService (GrpcClientProtocolService.java:lambda$processClientRequest$0(278)) - Failed RaftClientRequest:client-2265A94AA220->localhost_10000@group-03E665A0CE68, cid=42, seq=0, RW, Message:321f0a0f0a0d74657374...(size=33), reply=RaftClientReply:client-2265A94AA220->localhost_10000@group-03E665A0CE68, cid=42, FAILED org.apache.ratis.protocol.LeaderNotReadyException: localhost_10000@group-03E665A0CE68 is in LEADER state but not ready yet., logIndex=0, commits[localhost_10000:c-1, localhost_10002:c-1, localhost_10001:c-1]
2019-09-24 12:19:53,336 INFO  client.GrpcClientProtocolService (GrpcClientProtocolService.java:lambda$processClientRequest$0(278)) - Failed RaftClientRequest:client-2265A94AA220->localhost_10000@group-03E665A0CE68, cid=42, seq=0, RW, Message:321f0a0f0a0d74657374...(size=33), reply=RaftClientReply:client-2265A94AA220->localhost_10000@group-03E665A0CE68, cid=42, FAILED org.apache.ratis.protocol.LeaderNotReadyException: localhost_10000@group-03E665A0CE68 is in LEADER state but not ready yet., logIndex=0, commits[localhost_10000:c-1, localhost_10002:c-1, localhost_10001:c-1]
2019-09-24 12:19:53,337 INFO  client.GrpcClientProtocolService (GrpcClientProtocolService.java:lambda$processClientRequest$0(278)) - Failed RaftClientRequest:client-2265A94AA220->localhost_10000@group-03E665A0CE68, cid=42, seq=0, RW, Message:321f0a0f0a0d74657374...(size=33), reply=RaftClientReply:client-2265A94AA220->localhost_10000@group-03E665A0CE68, cid=42, FAILED org.apache.ratis.protocol.LeaderNotReadyException: localhost_10000@group-03E665A0CE68 is in LEADER state but not ready yet., logIndex=0, commits[localhost_10000:c-1, localhost_10002:c-1, localhost_10001:c-1]
2019-09-24 12:19:53,338 INFO  client.GrpcClientProtocolService (GrpcClientProtocolService.java:lambda$processClientRequest$0(278)) - Failed RaftClientRequest:client-2265A94AA220->localhost_10000@group-03E665A0CE68, cid=42, seq=0, RW, Message:321f0a0f0a0d74657374...(size=33), reply=RaftClientReply:client-2265A94AA220->localhost_10000@group-03E665A0CE68, cid=42, FAILED org.apache.ratis.protocol.LeaderNotReadyException: localhost_10000@group-03E665A0CE68 is in LEADER state but not ready yet., logIndex=0, commits[localhost_10000:c-1, localhost_10002:c-1, localhost_10001:c-1]
2019-09-24 12:19:53,339 INFO  client.GrpcClientProtocolService (GrpcClientProtocolService.java:lambda$processClientRequest$0(278)) - Failed RaftClientRequest:client-2265A94AA220->localhost_10000@group-03E665A0CE68, cid=42, seq=0, RW, Message:321f0a0f0a0d74657374...(size=33), reply=RaftClientReply:client-2265A94AA220->localhost_10000@group-03E665A0CE68, cid=42, FAILED org.apache.ratis.protocol.LeaderNotReadyException: localhost_10000@group-03E665A0CE68 is in LEADER state but not ready yet., logIndex=0, commits[localhost_10000:c-1, localhost_10002:c-1, localhost_10001:c-1]
2019-09-24 12:19:53,340 INFO  client.GrpcClientProtocolService (GrpcClientProtocolService.java:lambda$processClientRequest$0(278)) - Failed RaftClientRequest:client-2265A94AA220->localhost_10000@group-03E665A0CE68, cid=42, seq=0, RW, Message:321f0a0f0a0d74657374...(size=33), reply=RaftClientReply:client-2265A94AA220->localhost_10000@group-03E665A0CE68, cid=42, FAILED org.apache.ratis.protocol.LeaderNotReadyException: localhost_10000@group-03E665A0CE68 is in LEADER state but not ready yet., logIndex=0, commits[localhost_10000:c-1, localhost_10002:c-1, localhost_10001:c-1]
2019-09-24 12:19:53,341 INFO  client.GrpcClientProtocolService (GrpcClientProtocolService.java:lambda$processClientRequest$0(278)) - Failed RaftClientRequest:client-2265A94AA220->localhost_10000@group-03E665A0CE68, cid=42, seq=0, RW, Message:321f0a0f0a0d74657374...(size=33), reply=RaftClientReply:client-2265A94AA220->localhost_10000@group-03E665A0CE68, cid=42, FAILED org.apache.ratis.protocol.LeaderNotReadyException: localhost_10000@group-03E665A0CE68 is in LEADER state but not ready yet., logIndex=0, commits[localhost_10000:c-1, localhost_10002:c-1, localhost_10001:c-1]
2019-09-24 12:19:53,343 INFO  client.GrpcClientProtocolService (GrpcClientProtocolService.java:lambda$processClientRequest$0(278)) - Failed RaftClientRequest:client-2265A94AA220->localhost_10000@group-03E665A0CE68, cid=42, seq=0, RW, Message:321f0a0f0a0d74657374...(size=33), reply=RaftClientReply:client-2265A94AA220->localhost_10000@group-03E665A0CE68, cid=42, FAILED org.apache.ratis.protocol.LeaderNotReadyException: localhost_10000@group-03E665A0CE68 is in LEADER state but not ready yet., logIndex=0, commits[localhost_10000:c-1, localhost_10002:c-1, localhost_10001:c-1]
2019-09-24 12:19:53,344 INFO  client.GrpcClientProtocolService (GrpcClientProtocolService.java:lambda$processClientRequest$0(278)) - Failed RaftClientRequest:client-2265A94AA220->localhost_10000@group-03E665A0CE68, cid=42, seq=0, RW, Message:321f0a0f0a0d74657374...(size=33), reply=RaftClientReply:client-2265A94AA220->localhost_10000@group-03E665A0CE68, cid=42, FAILED org.apache.ratis.protocol.LeaderNotReadyException: localhost_10000@group-03E665A0CE68 is in LEADER state but not ready yet., logIndex=0, commits[localhost_10000:c-1, localhost_10002:c-1, localhost_10001:c-1]
2019-09-24 12:19:53,346 INFO  client.GrpcClientProtocolService (GrpcClientProtocolService.java:lambda$processClientRequest$0(278)) - Failed RaftClientRequest:client-2265A94AA220->localhost_10000@group-03E665A0CE68, cid=42, seq=0, RW, Message:321f0a0f0a0d74657374...(size=33), reply=RaftClientReply:client-2265A94AA220->localhost_10000@group-03E665A0CE68, cid=42, FAILED org.apache.ratis.protocol.LeaderNotReadyException: localhost_10000@group-03E665A0CE68 is in LEADER state but not ready yet., logIndex=0, commits[localhost_10000:c-1, localhost_10002:c-1, localhost_10001:c-1]
2019-09-24 12:19:53,349 INFO  client.GrpcClientProtocolService (GrpcClientProtocolService.java:lambda$processClientRequest$0(278)) - Failed RaftClientRequest:client-2265A94AA220->localhost_10000@group-03E665A0CE68, cid=42, seq=0, RW, Message:321f0a0f0a0d74657374...(size=33), reply=RaftClientReply:client-2265A94AA220->localhost_10000@group-03E665A0CE68, cid=42, FAILED org.apache.ratis.protocol.LeaderNotReadyException: localhost_10000@group-03E665A0CE68 is in LEADER state but not ready yet., logIndex=0, commits[localhost_10000:c-1, localhost_10002:c-1, localhost_10001:c-1]
2019-09-24 12:19:53,351 INFO  client.GrpcClientProtocolService (GrpcClientProtocolService.java:lambda$processClientRequest$0(278)) - Failed RaftClientRequest:client-2265A94AA220->localhost_10000@group-03E665A0CE68, cid=42, seq=0, RW, Message:321f0a0f0a0d74657374...(size=33), reply=RaftClientReply:client-2265A94AA220->localhost_10000@group-03E665A0CE68, cid=42, FAILED org.apache.ratis.protocol.LeaderNotReadyException: localhost_10000@group-03E665A0CE68 is in LEADER state but not ready yet., logIndex=0, commits[localhost_10000:c-1, localhost_10002:c-1, localhost_10001:c-1]
2019-09-24 12:19:53,356 INFO  client.GrpcClientProtocolService (GrpcClientProtocolService.java:lambda$processClientRequest$0(278)) - Failed RaftClientRequest:client-2265A94AA220->localhost_10000@group-03E665A0CE68, cid=42, seq=0, RW, Message:321f0a0f0a0d74657374...(size=33), reply=RaftClientReply:client-2265A94AA220->localhost_10000@group-03E665A0CE68, cid=42, FAILED org.apache.ratis.protocol.LeaderNotReadyException: localhost_10000@group-03E665A0CE68 is in LEADER state but not ready yet., logIndex=0, commits[localhost_10000:c-1, localhost_10002:c-1, localhost_10001:c-1]
2019-09-24 12:19:53,360 INFO  client.GrpcClientProtocolService (GrpcClientProtocolService.java:lambda$processClientRequest$0(278)) - Failed RaftClientRequest:client-2265A94AA220->localhost_10000@group-03E665A0CE68, cid=42, seq=0, RW, Message:321f0a0f0a0d74657374...(size=33), reply=RaftClientReply:client-2265A94AA220->localhost_10000@group-03E665A0CE68, cid=42, FAILED org.apache.ratis.protocol.LeaderNotReadyException: localhost_10000@group-03E665A0CE68 is in LEADER state but not ready yet., logIndex=0, commits[localhost_10000:c-1, localhost_10002:c-1, localhost_10001:c-1]
2019-09-24 12:19:53,361 INFO  client.GrpcClientProtocolService (GrpcClientProtocolService.java:lambda$processClientRequest$0(278)) - Failed RaftClientRequest:client-2265A94AA220->localhost_10000@group-03E665A0CE68, cid=42, seq=0, RW, Message:321f0a0f0a0d74657374...(size=33), reply=RaftClientReply:client-2265A94AA220->localhost_10000@group-03E665A0CE68, cid=42, FAILED org.apache.ratis.protocol.LeaderNotReadyException: localhost_10000@group-03E665A0CE68 is in LEADER state but not ready yet., logIndex=0, commits[localhost_10000:c-1, localhost_10002:c-1, localhost_10001:c-1]
2019-09-24 12:19:53,362 INFO  client.GrpcClientProtocolService (GrpcClientProtocolService.java:lambda$processClientRequest$0(278)) - Failed RaftClientRequest:client-2265A94AA220->localhost_10000@group-03E665A0CE68, cid=42, seq=0, RW, Message:321f0a0f0a0d74657374...(size=33), reply=RaftClientReply:client-2265A94AA220->localhost_10000@group-03E665A0CE68, cid=42, FAILED org.apache.ratis.protocol.LeaderNotReadyException: localhost_10000@group-03E665A0CE68 is in LEADER state but not ready yet., logIndex=0, commits[localhost_10000:c-1, localhost_10002:c-1, localhost_10001:c-1]
2019-09-24 12:19:53,363 INFO  client.GrpcClientProtocolService (GrpcClientProtocolService.java:lambda$processClientRequest$0(278)) - Failed RaftClientRequest:client-2265A94AA220->localhost_10000@group-03E665A0CE68, cid=42, seq=0, RW, Message:321f0a0f0a0d74657374...(size=33), reply=RaftClientReply:client-2265A94AA220->localhost_10000@group-03E665A0CE68, cid=42, FAILED org.apache.ratis.protocol.LeaderNotReadyException: localhost_10000@group-03E665A0CE68 is in LEADER state but not ready yet., logIndex=0, commits[localhost_10000:c-1, localhost_10002:c-1, localhost_10001:c-1]
2019-09-24 12:19:53,364 INFO  client.GrpcClientProtocolService (GrpcClientProtocolService.java:lambda$processClientRequest$0(278)) - Failed RaftClientRequest:client-2265A94AA220->localhost_10000@group-03E665A0CE68, cid=42, seq=0, RW, Message:321f0a0f0a0d74657374...(size=33), reply=RaftClientReply:client-2265A94AA220->localhost_10000@group-03E665A0CE68, cid=42, FAILED org.apache.ratis.protocol.LeaderNotReadyException: localhost_10000@group-03E665A0CE68 is in LEADER state but not ready yet., logIndex=0, commits[localhost_10000:c-1, localhost_10002:c-1, localhost_10001:c-1]
2019-09-24 12:19:53,365 INFO  client.GrpcClientProtocolService (GrpcClientProtocolService.java:lambda$processClientRequest$0(278)) - Failed RaftClientRequest:client-2265A94AA220->localhost_10000@group-03E665A0CE68, cid=42, seq=0, RW, Message:321f0a0f0a0d74657374...(size=33), reply=RaftClientReply:client-2265A94AA220->localhost_10000@group-03E665A0CE68, cid=42, FAILED org.apache.ratis.protocol.LeaderNotReadyException: localhost_10000@group-03E665A0CE68 is in LEADER state but not ready yet., logIndex=0, commits[localhost_10000:c-1, localhost_10002:c-1, localhost_10001:c-1]
2019-09-24 12:19:53,366 INFO  client.GrpcClientProtocolService (GrpcClientProtocolService.java:lambda$processClientRequest$0(278)) - Failed RaftClientRequest:client-2265A94AA220->localhost_10000@group-03E665A0CE68, cid=42, seq=0, RW, Message:321f0a0f0a0d74657374...(size=33), reply=RaftClientReply:client-2265A94AA220->localhost_10000@group-03E665A0CE68, cid=42, FAILED org.apache.ratis.protocol.LeaderNotReadyException: localhost_10000@group-03E665A0CE68 is in LEADER state but not ready yet., logIndex=0, commits[localhost_10000:c-1, localhost_10002:c-1, localhost_10001:c-1]
2019-09-24 12:19:53,367 INFO  client.GrpcClientProtocolService (GrpcClientProtocolService.java:lambda$processClientRequest$0(278)) - Failed RaftClientRequest:client-2265A94AA220->localhost_10000@group-03E665A0CE68, cid=42, seq=0, RW, Message:321f0a0f0a0d74657374...(size=33), reply=RaftClientReply:client-2265A94AA220->localhost_10000@group-03E665A0CE68, cid=42, FAILED org.apache.ratis.protocol.LeaderNotReadyException: localhost_10000@group-03E665A0CE68 is in LEADER state but not ready yet., logIndex=0, commits[localhost_10000:c-1, localhost_10002:c-1, localhost_10001:c-1]
2019-09-24 12:19:53,368 INFO  client.GrpcClientProtocolService (GrpcClientProtocolService.java:lambda$processClientRequest$0(278)) - Failed RaftClientRequest:client-2265A94AA220->localhost_10000@group-03E665A0CE68, cid=42, seq=0, RW, Message:321f0a0f0a0d74657374...(size=33), reply=RaftClientReply:client-2265A94AA220->localhost_10000@group-03E665A0CE68, cid=42, FAILED org.apache.ratis.protocol.LeaderNotReadyException: localhost_10000@group-03E665A0CE68 is in LEADER state but not ready yet., logIndex=0, commits[localhost_10000:c-1, localhost_10002:c-1, localhost_10001:c-1]
2019-09-24 12:19:53,368 INFO  client.GrpcClientProtocolService (GrpcClientProtocolService.java:lambda$processClientRequest$0(278)) - Failed RaftClientRequest:client-2265A94AA220->localhost_10000@group-03E665A0CE68, cid=42, seq=0, RW, Message:321f0a0f0a0d74657374...(size=33), reply=RaftClientReply:client-2265A94AA220->localhost_10000@group-03E665A0CE68, cid=42, FAILED org.apache.ratis.protocol.LeaderNotReadyException: localhost_10000@group-03E665A0CE68 is in LEADER state but not ready yet., logIndex=0, commits[localhost_10000:c-1, localhost_10002:c-1, localhost_10001:c-1]
2019-09-24 12:19:53,369 INFO  client.GrpcClientProtocolService (GrpcClientProtocolService.java:lambda$processClientRequest$0(278)) - Failed RaftClientRequest:client-2265A94AA220->localhost_10000@group-03E665A0CE68, cid=42, seq=0, RW, Message:321f0a0f0a0d74657374...(size=33), reply=RaftClientReply:client-2265A94AA220->localhost_10000@group-03E665A0CE68, cid=42, FAILED org.apache.ratis.protocol.LeaderNotReadyException: localhost_10000@group-03E665A0CE68 is in LEADER state but not ready yet., logIndex=0, commits[localhost_10000:c-1, localhost_10002:c-1, localhost_10001:c-1]
2019-09-24 12:19:53,370 INFO  client.GrpcClientProtocolService (GrpcClientProtocolService.java:lambda$processClientRequest$0(278)) - Failed RaftClientRequest:client-2265A94AA220->localhost_10000@group-03E665A0CE68, cid=42, seq=0, RW, Message:321f0a0f0a0d74657374...(size=33), reply=RaftClientReply:client-2265A94AA220->localhost_10000@group-03E665A0CE68, cid=42, FAILED org.apache.ratis.protocol.LeaderNotReadyException: localhost_10000@group-03E665A0CE68 is in LEADER state but not ready yet., logIndex=0, commits[localhost_10000:c-1, localhost_10002:c-1, localhost_10001:c-1]
2019-09-24 12:19:53,371 INFO  client.GrpcClientProtocolService (GrpcClientProtocolService.java:lambda$processClientRequest$0(278)) - Failed RaftClientRequest:client-2265A94AA220->localhost_10000@group-03E665A0CE68, cid=42, seq=0, RW, Message:321f0a0f0a0d74657374...(size=33), reply=RaftClientReply:client-2265A94AA220->localhost_10000@group-03E665A0CE68, cid=42, FAILED org.apache.ratis.protocol.LeaderNotReadyException: localhost_10000@group-03E665A0CE68 is in LEADER state but not ready yet., logIndex=0, commits[localhost_10000:c-1, localhost_10002:c-1, localhost_10001:c-1]
2019-09-24 12:19:53,372 INFO  client.GrpcClientProtocolService (GrpcClientProtocolService.java:lambda$processClientRequest$0(278)) - Failed RaftClientRequest:client-2265A94AA220->localhost_10000@group-03E665A0CE68, cid=42, seq=0, RW, Message:321f0a0f0a0d74657374...(size=33), reply=RaftClientReply:client-2265A94AA220->localhost_10000@group-03E665A0CE68, cid=42, FAILED org.apache.ratis.protocol.LeaderNotReadyException: localhost_10000@group-03E665A0CE68 is in LEADER state but not ready yet., logIndex=0, commits[localhost_10000:c-1, localhost_10002:c-1, localhost_10001:c-1]
2019-09-24 12:19:53,372 INFO  client.GrpcClientProtocolService (GrpcClientProtocolService.java:lambda$processClientRequest$0(278)) - Failed RaftClientRequest:client-2265A94AA220->localhost_10000@group-03E665A0CE68, cid=42, seq=0, RW, Message:321f0a0f0a0d74657374...(size=33), reply=RaftClientReply:client-2265A94AA220->localhost_10000@group-03E665A0CE68, cid=42, FAILED org.apache.ratis.protocol.LeaderNotReadyException: localhost_10000@group-03E665A0CE68 is in LEADER state but not ready yet., logIndex=0, commits[localhost_10000:c-1, localhost_10002:c-1, localhost_10001:c-1]
2019-09-24 12:19:53,373 INFO  client.GrpcClientProtocolService (GrpcClientProtocolService.java:lambda$processClientRequest$0(278)) - Failed RaftClientRequest:client-2265A94AA220->localhost_10000@group-03E665A0CE68, cid=42, seq=0, RW, Message:321f0a0f0a0d74657374...(size=33), reply=RaftClientReply:client-2265A94AA220->localhost_10000@group-03E665A0CE68, cid=42, FAILED org.apache.ratis.protocol.LeaderNotReadyException: localhost_10000@group-03E665A0CE68 is in LEADER state but not ready yet., logIndex=0, commits[localhost_10000:c-1, localhost_10002:c-1, localhost_10001:c-1]
2019-09-24 12:19:53,374 INFO  client.GrpcClientProtocolService (GrpcClientProtocolService.java:lambda$processClientRequest$0(278)) - Failed RaftClientRequest:client-2265A94AA220->localhost_10000@group-03E665A0CE68, cid=42, seq=0, RW, Message:321f0a0f0a0d74657374...(size=33), reply=RaftClientReply:client-2265A94AA220->localhost_10000@group-03E665A0CE68, cid=42, FAILED org.apache.ratis.protocol.LeaderNotReadyException: localhost_10000@group-03E665A0CE68 is in LEADER state but not ready yet., logIndex=0, commits[localhost_10000:c-1, localhost_10002:c-1, localhost_10001:c-1]
2019-09-24 12:19:53,374 INFO  client.GrpcClientProtocolService (GrpcClientProtocolService.java:lambda$processClientRequest$0(278)) - Failed RaftClientRequest:client-2265A94AA220->localhost_10000@group-03E665A0CE68, cid=42, seq=0, RW, Message:321f0a0f0a0d74657374...(size=33), reply=RaftClientReply:client-2265A94AA220->localhost_10000@group-03E665A0CE68, cid=42, FAILED org.apache.ratis.protocol.LeaderNotReadyException: localhost_10000@group-03E665A0CE68 is in LEADER state but not ready yet., logIndex=0, commits[localhost_10000:c-1, localhost_10002:c-1, localhost_10001:c-1]
2019-09-24 12:19:53,375 INFO  client.GrpcClientProtocolService (GrpcClientProtocolService.java:lambda$processClientRequest$0(278)) - Failed RaftClientRequest:client-2265A94AA220->localhost_10000@group-03E665A0CE68, cid=42, seq=0, RW, Message:321f0a0f0a0d74657374...(size=33), reply=RaftClientReply:client-2265A94AA220->localhost_10000@group-03E665A0CE68, cid=42, FAILED org.apache.ratis.protocol.LeaderNotReadyException: localhost_10000@group-03E665A0CE68 is in LEADER state but not ready yet., logIndex=0, commits[localhost_10000:c-1, localhost_10002:c-1, localhost_10001:c-1]
2019-09-24 12:19:53,376 INFO  client.GrpcClientProtocolService (GrpcClientProtocolService.java:lambda$processClientRequest$0(278)) - Failed RaftClientRequest:client-2265A94AA220->localhost_10000@group-03E665A0CE68, cid=42, seq=0, RW, Message:321f0a0f0a0d74657374...(size=33), reply=RaftClientReply:client-2265A94AA220->localhost_10000@group-03E665A0CE68, cid=42, FAILED org.apache.ratis.protocol.LeaderNotReadyException: localhost_10000@group-03E665A0CE68 is in LEADER state but not ready yet., logIndex=0, commits[localhost_10000:c-1, localhost_10002:c-1, localhost_10001:c-1]
2019-09-24 12:19:53,377 INFO  client.GrpcClientProtocolService (GrpcClientProtocolService.java:lambda$processClientRequest$0(278)) - Failed RaftClientRequest:client-2265A94AA220->localhost_10000@group-03E665A0CE68, cid=42, seq=0, RW, Message:321f0a0f0a0d74657374...(size=33), reply=RaftClientReply:client-2265A94AA220->localhost_10000@group-03E665A0CE68, cid=42, FAILED org.apache.ratis.protocol.LeaderNotReadyException: localhost_10000@group-03E665A0CE68 is in LEADER state but not ready yet., logIndex=0, commits[localhost_10000:c-1, localhost_10002:c-1, localhost_10001:c-1]
2019-09-24 12:19:53,378 INFO  client.GrpcClientProtocolService (GrpcClientProtocolService.java:lambda$processClientRequest$0(278)) - Failed RaftClientRequest:client-2265A94AA220->localhost_10000@group-03E665A0CE68, cid=42, seq=0, RW, Message:321f0a0f0a0d74657374...(size=33), reply=RaftClientReply:client-2265A94AA220->localhost_10000@group-03E665A0CE68, cid=42, FAILED org.apache.ratis.protocol.LeaderNotReadyException: localhost_10000@group-03E665A0CE68 is in LEADER state but not ready yet., logIndex=0, commits[localhost_10000:c-1, localhost_10002:c-1, localhost_10001:c-1]
2019-09-24 12:19:53,379 INFO  client.GrpcClientProtocolService (GrpcClientProtocolService.java:lambda$processClientRequest$0(278)) - Failed RaftClientRequest:client-2265A94AA220->localhost_10000@group-03E665A0CE68, cid=42, seq=0, RW, Message:321f0a0f0a0d74657374...(size=33), reply=RaftClientReply:client-2265A94AA220->localhost_10000@group-03E665A0CE68, cid=42, FAILED org.apache.ratis.protocol.LeaderNotReadyException: localhost_10000@group-03E665A0CE68 is in LEADER state but not ready yet., logIndex=0, commits[localhost_10000:c-1, localhost_10002:c-1, localhost_10001:c-1]
2019-09-24 12:19:53,380 INFO  client.GrpcClientProtocolService (GrpcClientProtocolService.java:lambda$processClientRequest$0(278)) - Failed RaftClientRequest:client-2265A94AA220->localhost_10000@group-03E665A0CE68, cid=42, seq=0, RW, Message:321f0a0f0a0d74657374...(size=33), reply=RaftClientReply:client-2265A94AA220->localhost_10000@group-03E665A0CE68, cid=42, FAILED org.apache.ratis.protocol.LeaderNotReadyException: localhost_10000@group-03E665A0CE68 is in LEADER state but not ready yet., logIndex=0, commits[localhost_10000:c-1, localhost_10002:c-1, localhost_10001:c-1]
2019-09-24 12:19:53,381 INFO  client.GrpcClientProtocolService (GrpcClientProtocolService.java:lambda$processClientRequest$0(278)) - Failed RaftClientRequest:client-2265A94AA220->localhost_10000@group-03E665A0CE68, cid=42, seq=0, RW, Message:321f0a0f0a0d74657374...(size=33), reply=RaftClientReply:client-2265A94AA220->localhost_10000@group-03E665A0CE68, cid=42, FAILED org.apache.ratis.protocol.LeaderNotReadyException: localhost_10000@group-03E665A0CE68 is in LEADER state but not ready yet., logIndex=0, commits[localhost_10000:c-1, localhost_10002:c-1, localhost_10001:c-1]
2019-09-24 12:19:53,382 INFO  client.GrpcClientProtocolService (GrpcClientProtocolService.java:lambda$processClientRequest$0(278)) - Failed RaftClientRequest:client-2265A94AA220->localhost_10000@group-03E665A0CE68, cid=42, seq=0, RW, Message:321f0a0f0a0d74657374...(size=33), reply=RaftClientReply:client-2265A94AA220->localhost_10000@group-03E665A0CE68, cid=42, FAILED org.apache.ratis.protocol.LeaderNotReadyException: localhost_10000@group-03E665A0CE68 is in LEADER state but not ready yet., logIndex=0, commits[localhost_10000:c-1, localhost_10002:c-1, localhost_10001:c-1]
2019-09-24 12:19:53,383 INFO  client.GrpcClientProtocolService (GrpcClientProtocolService.java:lambda$processClientRequest$0(278)) - Failed RaftClientRequest:client-2265A94AA220->localhost_10000@group-03E665A0CE68, cid=42, seq=0, RW, Message:321f0a0f0a0d74657374...(size=33), reply=RaftClientReply:client-2265A94AA220->localhost_10000@group-03E665A0CE68, cid=42, FAILED org.apache.ratis.protocol.LeaderNotReadyException: localhost_10000@group-03E665A0CE68 is in LEADER state but not ready yet., logIndex=0, commits[localhost_10000:c-1, localhost_10002:c-1, localhost_10001:c-1]
2019-09-24 12:19:53,384 INFO  client.GrpcClientProtocolService (GrpcClientProtocolService.java:lambda$processClientRequest$0(278)) - Failed RaftClientRequest:client-2265A94AA220->localhost_10000@group-03E665A0CE68, cid=42, seq=0, RW, Message:321f0a0f0a0d74657374...(size=33), reply=RaftClientReply:client-2265A94AA220->localhost_10000@group-03E665A0CE68, cid=42, FAILED org.apache.ratis.protocol.LeaderNotReadyException: localhost_10000@group-03E665A0CE68 is in LEADER state but not ready yet., logIndex=0, commits[localhost_10000:c-1, localhost_10002:c-1, localhost_10001:c-1]
2019-09-24 12:19:53,385 INFO  client.GrpcClientProtocolService (GrpcClientProtocolService.java:lambda$processClientRequest$0(278)) - Failed RaftClientRequest:client-2265A94AA220->localhost_10000@group-03E665A0CE68, cid=42, seq=0, RW, Message:321f0a0f0a0d74657374...(size=33), reply=RaftClientReply:client-2265A94AA220->localhost_10000@group-03E665A0CE68, cid=42, FAILED org.apache.ratis.protocol.LeaderNotReadyException: localhost_10000@group-03E665A0CE68 is in LEADER state but not ready yet., logIndex=0, commits[localhost_10000:c-1, localhost_10002:c-1, localhost_10001:c-1]
2019-09-24 12:19:53,386 INFO  client.GrpcClientProtocolService (GrpcClientProtocolService.java:lambda$processClientRequest$0(278)) - Failed RaftClientRequest:client-2265A94AA220->localhost_10000@group-03E665A0CE68, cid=42, seq=0, RW, Message:321f0a0f0a0d74657374...(size=33), reply=RaftClientReply:client-2265A94AA220->localhost_10000@group-03E665A0CE68, cid=42, FAILED org.apache.ratis.protocol.LeaderNotReadyException: localhost_10000@group-03E665A0CE68 is in LEADER state but not ready yet., logIndex=0, commits[localhost_10000:c-1, localhost_10002:c-1, localhost_10001:c-1]
2019-09-24 12:19:53,386 INFO  client.GrpcClientProtocolService (GrpcClientProtocolService.java:lambda$processClientRequest$0(278)) - Failed RaftClientRequest:client-2265A94AA220->localhost_10000@group-03E665A0CE68, cid=42, seq=0, RW, Message:321f0a0f0a0d74657374...(size=33), reply=RaftClientReply:client-2265A94AA220->localhost_10000@group-03E665A0CE68, cid=42, FAILED org.apache.ratis.protocol.LeaderNotReadyException: localhost_10000@group-03E665A0CE68 is in LEADER state but not ready yet., logIndex=0, commits[localhost_10000:c-1, localhost_10002:c-1, localhost_10001:c-1]
2019-09-24 12:19:53,387 INFO  client.GrpcClientProtocolService (GrpcClientProtocolService.java:lambda$processClientRequest$0(278)) - Failed RaftClientRequest:client-2265A94AA220->localhost_10000@group-03E665A0CE68, cid=42, seq=0, RW, Message:321f0a0f0a0d74657374...(size=33), reply=RaftClientReply:client-2265A94AA220->localhost_10000@group-03E665A0CE68, cid=42, FAILED org.apache.ratis.protocol.LeaderNotReadyException: localhost_10000@group-03E665A0CE68 is in LEADER state but not ready yet., logIndex=0, commits[localhost_10000:c-1, localhost_10002:c-1, localhost_10001:c-1]
2019-09-24 12:19:53,388 INFO  client.GrpcClientProtocolService (GrpcClientProtocolService.java:lambda$processClientRequest$0(278)) - Failed RaftClientRequest:client-2265A94AA220->localhost_10000@group-03E665A0CE68, cid=42, seq=0, RW, Message:321f0a0f0a0d74657374...(size=33), reply=RaftClientReply:client-2265A94AA220->localhost_10000@group-03E665A0CE68, cid=42, FAILED org.apache.ratis.protocol.LeaderNotReadyException: localhost_10000@group-03E665A0CE68 is in LEADER state but not ready yet., logIndex=0, commits[localhost_10000:c-1, localhost_10002:c-1, localhost_10001:c-1]
2019-09-24 12:19:53,389 INFO  client.GrpcClientProtocolService (GrpcClientProtocolService.java:lambda$processClientRequest$0(278)) - Failed RaftClientRequest:client-2265A94AA220->localhost_10000@group-03E665A0CE68, cid=42, seq=0, RW, Message:321f0a0f0a0d74657374...(size=33), reply=RaftClientReply:client-2265A94AA220->localhost_10000@group-03E665A0CE68, cid=42, FAILED org.apache.ratis.protocol.LeaderNotReadyException: localhost_10000@group-03E665A0CE68 is in LEADER state but not ready yet., logIndex=0, commits[localhost_10000:c-1, localhost_10002:c-1, localhost_10001:c-1]
2019-09-24 12:19:53,390 INFO  client.GrpcClientProtocolService (GrpcClientProtocolService.java:lambda$processClientRequest$0(278)) - Failed RaftClientRequest:client-2265A94AA220->localhost_10000@group-03E665A0CE68, cid=42, seq=0, RW, Message:321f0a0f0a0d74657374...(size=33), reply=RaftClientReply:client-2265A94AA220->localhost_10000@group-03E665A0CE68, cid=42, FAILED org.apache.ratis.protocol.LeaderNotReadyException: localhost_10000@group-03E665A0CE68 is in LEADER state but not ready yet., logIndex=0, commits[localhost_10000:c-1, localhost_10002:c-1, localhost_10001:c-1]
2019-09-24 12:19:53,391 INFO  client.GrpcClientProtocolService (GrpcClientProtocolService.java:lambda$processClientRequest$0(278)) - Failed RaftClientRequest:client-2265A94AA220->localhost_10000@group-03E665A0CE68, cid=42, seq=0, RW, Message:321f0a0f0a0d74657374...(size=33), reply=RaftClientReply:client-2265A94AA220->localhost_10000@group-03E665A0CE68, cid=42, FAILED org.apache.ratis.protocol.LeaderNotReadyException: localhost_10000@group-03E665A0CE68 is in LEADER state but not ready yet., logIndex=0, commits[localhost_10000:c-1, localhost_10002:c-1, localhost_10001:c-1]
2019-09-24 12:19:53,391 INFO  client.GrpcClientProtocolService (GrpcClientProtocolService.java:lambda$processClientRequest$0(278)) - Failed RaftClientRequest:client-2265A94AA220->localhost_10000@group-03E665A0CE68, cid=42, seq=0, RW, Message:321f0a0f0a0d74657374...(size=33), reply=RaftClientReply:client-2265A94AA220->localhost_10000@group-03E665A0CE68, cid=42, FAILED org.apache.ratis.protocol.LeaderNotReadyException: localhost_10000@group-03E665A0CE68 is in LEADER state but not ready yet., logIndex=0, commits[localhost_10000:c-1, localhost_10002:c-1, localhost_10001:c-1]
2019-09-24 12:19:53,392 INFO  client.GrpcClientProtocolService (GrpcClientProtocolService.java:lambda$processClientRequest$0(278)) - Failed RaftClientRequest:client-2265A94AA220->localhost_10000@group-03E665A0CE68, cid=42, seq=0, RW, Message:321f0a0f0a0d74657374...(size=33), reply=RaftClientReply:client-2265A94AA220->localhost_10000@group-03E665A0CE68, cid=42, FAILED org.apache.ratis.protocol.LeaderNotReadyException: localhost_10000@group-03E665A0CE68 is in LEADER state but not ready yet., logIndex=0, commits[localhost_10000:c-1, localhost_10002:c-1, localhost_10001:c-1]
2019-09-24 12:19:53,393 INFO  client.GrpcClientProtocolService (GrpcClientProtocolService.java:lambda$processClientRequest$0(278)) - Failed RaftClientRequest:client-2265A94AA220->localhost_10000@group-03E665A0CE68, cid=42, seq=0, RW, Message:321f0a0f0a0d74657374...(size=33), reply=RaftClientReply:client-2265A94AA220->localhost_10000@group-03E665A0CE68, cid=42, FAILED org.apache.ratis.protocol.LeaderNotReadyException: localhost_10000@group-03E665A0CE68 is in LEADER state but not ready yet., logIndex=0, commits[localhost_10000:c-1, localhost_10002:c-1, localhost_10001:c-1]
2019-09-24 12:19:53,394 INFO  client.GrpcClientProtocolService (GrpcClientProtocolService.java:lambda$processClientRequest$0(278)) - Failed RaftClientRequest:client-2265A94AA220->localhost_10000@group-03E665A0CE68, cid=42, seq=0, RW, Message:321f0a0f0a0d74657374...(size=33), reply=RaftClientReply:client-2265A94AA220->localhost_10000@group-03E665A0CE68, cid=42, FAILED org.apache.ratis.protocol.LeaderNotReadyException: localhost_10000@group-03E665A0CE68 is in LEADER state but not ready yet., logIndex=0, commits[localhost_10000:c-1, localhost_10002:c-1, localhost_10001:c-1]
2019-09-24 12:19:53,395 INFO  client.GrpcClientProtocolService (GrpcClientProtocolService.java:lambda$processClientRequest$0(278)) - Failed RaftClientRequest:client-2265A94AA220->localhost_10000@group-03E665A0CE68, cid=42, seq=0, RW, Message:321f0a0f0a0d74657374...(size=33), reply=RaftClientReply:client-2265A94AA220->localhost_10000@group-03E665A0CE68, cid=42, FAILED org.apache.ratis.protocol.LeaderNotReadyException: localhost_10000@group-03E665A0CE68 is in LEADER state but not ready yet., logIndex=0, commits[localhost_10000:c-1, localhost_10002:c-1, localhost_10001:c-1]
2019-09-24 12:19:53,396 INFO  client.GrpcClientProtocolService (GrpcClientProtocolService.java:lambda$processClientRequest$0(278)) - Failed RaftClientRequest:client-2265A94AA220->localhost_10000@group-03E665A0CE68, cid=42, seq=0, RW, Message:321f0a0f0a0d74657374...(size=33), reply=RaftClientReply:client-2265A94AA220->localhost_10000@group-03E665A0CE68, cid=42, FAILED org.apache.ratis.protocol.LeaderNotReadyException: localhost_10000@group-03E665A0CE68 is in LEADER state but not ready yet., logIndex=0, commits[localhost_10000:c-1, localhost_10002:c-1, localhost_10001:c-1]
2019-09-24 12:19:53,397 INFO  client.GrpcClientProtocolService (GrpcClientProtocolService.java:lambda$processClientRequest$0(278)) - Failed RaftClientRequest:client-2265A94AA220->localhost_10000@group-03E665A0CE68, cid=42, seq=0, RW, Message:321f0a0f0a0d74657374...(size=33), reply=RaftClientReply:client-2265A94AA220->localhost_10000@group-03E665A0CE68, cid=42, FAILED org.apache.ratis.protocol.LeaderNotReadyException: localhost_10000@group-03E665A0CE68 is in LEADER state but not ready yet., logIndex=0, commits[localhost_10000:c-1, localhost_10002:c-1, localhost_10001:c-1]
2019-09-24 12:19:53,398 INFO  client.GrpcClientProtocolService (GrpcClientProtocolService.java:lambda$processClientRequest$0(278)) - Failed RaftClientRequest:client-2265A94AA220->localhost_10000@group-03E665A0CE68, cid=42, seq=0, RW, Message:321f0a0f0a0d74657374...(size=33), reply=RaftClientReply:client-2265A94AA220->localhost_10000@group-03E665A0CE68, cid=42, FAILED org.apache.ratis.protocol.LeaderNotReadyException: localhost_10000@group-03E665A0CE68 is in LEADER state but not ready yet., logIndex=0, commits[localhost_10000:c-1, localhost_10002:c-1, localhost_10001:c-1]
2019-09-24 12:19:53,399 INFO  client.GrpcClientProtocolService (GrpcClientProtocolService.java:lambda$processClientRequest$0(278)) - Failed RaftClientRequest:client-2265A94AA220->localhost_10000@group-03E665A0CE68, cid=42, seq=0, RW, Message:321f0a0f0a0d74657374...(size=33), reply=RaftClientReply:client-2265A94AA220->localhost_10000@group-03E665A0CE68, cid=42, FAILED org.apache.ratis.protocol.LeaderNotReadyException: localhost_10000@group-03E665A0CE68 is in LEADER state but not ready yet., logIndex=0, commits[localhost_10000:c-1, localhost_10002:c-1, localhost_10001:c-1]
2019-09-24 12:19:53,399 INFO  client.GrpcClientProtocolService (GrpcClientProtocolService.java:lambda$processClientRequest$0(278)) - Failed RaftClientRequest:client-2265A94AA220->localhost_10000@group-03E665A0CE68, cid=42, seq=0, RW, Message:321f0a0f0a0d74657374...(size=33), reply=RaftClientReply:client-2265A94AA220->localhost_10000@group-03E665A0CE68, cid=42, FAILED org.apache.ratis.protocol.LeaderNotReadyException: localhost_10000@group-03E665A0CE68 is in LEADER state but not ready yet., logIndex=0, commits[localhost_10000:c-1, localhost_10002:c-1, localhost_10001:c-1]
2019-09-24 12:19:53,400 INFO  client.GrpcClientProtocolService (GrpcClientProtocolService.java:lambda$processClientRequest$0(278)) - Failed RaftClientRequest:client-2265A94AA220->localhost_10000@group-03E665A0CE68, cid=42, seq=0, RW, Message:321f0a0f0a0d74657374...(size=33), reply=RaftClientReply:client-2265A94AA220->localhost_10000@group-03E665A0CE68, cid=42, FAILED org.apache.ratis.protocol.LeaderNotReadyException: localhost_10000@group-03E665A0CE68 is in LEADER state but not ready yet., logIndex=0, commits[localhost_10000:c-1, localhost_10002:c-1, localhost_10001:c-1]
2019-09-24 12:19:53,401 INFO  client.GrpcClientProtocolService (GrpcClientProtocolService.java:lambda$processClientRequest$0(278)) - Failed RaftClientRequest:client-2265A94AA220->localhost_10000@group-03E665A0CE68, cid=42, seq=0, RW, Message:321f0a0f0a0d74657374...(size=33), reply=RaftClientReply:client-2265A94AA220->localhost_10000@group-03E665A0CE68, cid=42, FAILED org.apache.ratis.protocol.LeaderNotReadyException: localhost_10000@group-03E665A0CE68 is in LEADER state but not ready yet., logIndex=0, commits[localhost_10000:c-1, localhost_10002:c-1, localhost_10001:c-1]
2019-09-24 12:19:53,402 INFO  client.GrpcClientProtocolService (GrpcClientProtocolService.java:lambda$processClientRequest$0(278)) - Failed RaftClientRequest:client-2265A94AA220->localhost_10000@group-03E665A0CE68, cid=42, seq=0, RW, Message:321f0a0f0a0d74657374...(size=33), reply=RaftClientReply:client-2265A94AA220->localhost_10000@group-03E665A0CE68, cid=42, FAILED org.apache.ratis.protocol.LeaderNotReadyException: localhost_10000@group-03E665A0CE68 is in LEADER state but not ready yet., logIndex=0, commits[localhost_10000:c-1, localhost_10002:c-1, localhost_10001:c-1]
2019-09-24 12:19:53,403 INFO  client.GrpcClientProtocolService (GrpcClientProtocolService.java:lambda$processClientRequest$0(278)) - Failed RaftClientRequest:client-2265A94AA220->localhost_10000@group-03E665A0CE68, cid=42, seq=0, RW, Message:321f0a0f0a0d74657374...(size=33), reply=RaftClientReply:client-2265A94AA220->localhost_10000@group-03E665A0CE68, cid=42, FAILED org.apache.ratis.protocol.LeaderNotReadyException: localhost_10000@group-03E665A0CE68 is in LEADER state but not ready yet., logIndex=0, commits[localhost_10000:c-1, localhost_10002:c-1, localhost_10001:c-1]
2019-09-24 12:19:53,404 INFO  client.GrpcClientProtocolService (GrpcClientProtocolService.java:lambda$processClientRequest$0(278)) - Failed RaftClientRequest:client-2265A94AA220->localhost_10000@group-03E665A0CE68, cid=42, seq=0, RW, Message:321f0a0f0a0d74657374...(size=33), reply=RaftClientReply:client-2265A94AA220->localhost_10000@group-03E665A0CE68, cid=42, FAILED org.apache.ratis.protocol.LeaderNotReadyException: localhost_10000@group-03E665A0CE68 is in LEADER state but not ready yet., logIndex=0, commits[localhost_10000:c-1, localhost_10002:c-1, localhost_10001:c-1]
2019-09-24 12:19:53,405 INFO  client.GrpcClientProtocolService (GrpcClientProtocolService.java:lambda$processClientRequest$0(278)) - Failed RaftClientRequest:client-2265A94AA220->localhost_10000@group-03E665A0CE68, cid=42, seq=0, RW, Message:321f0a0f0a0d74657374...(size=33), reply=RaftClientReply:client-2265A94AA220->localhost_10000@group-03E665A0CE68, cid=42, FAILED org.apache.ratis.protocol.LeaderNotReadyException: localhost_10000@group-03E665A0CE68 is in LEADER state but not ready yet., logIndex=0, commits[localhost_10000:c-1, localhost_10002:c-1, localhost_10001:c-1]
2019-09-24 12:19:53,406 INFO  client.GrpcClientProtocolService (GrpcClientProtocolService.java:lambda$processClientRequest$0(278)) - Failed RaftClientRequest:client-2265A94AA220->localhost_10000@group-03E665A0CE68, cid=42, seq=0, RW, Message:321f0a0f0a0d74657374...(size=33), reply=RaftClientReply:client-2265A94AA220->localhost_10000@group-03E665A0CE68, cid=42, FAILED org.apache.ratis.protocol.LeaderNotReadyException: localhost_10000@group-03E665A0CE68 is in LEADER state but not ready yet., logIndex=0, commits[localhost_10000:c-1, localhost_10002:c-1, localhost_10001:c-1]
2019-09-24 12:19:53,407 INFO  client.GrpcClientProtocolService (GrpcClientProtocolService.java:lambda$processClientRequest$0(278)) - Failed RaftClientRequest:client-2265A94AA220->localhost_10000@group-03E665A0CE68, cid=42, seq=0, RW, Message:321f0a0f0a0d74657374...(size=33), reply=RaftClientReply:client-2265A94AA220->localhost_10000@group-03E665A0CE68, cid=42, FAILED org.apache.ratis.protocol.LeaderNotReadyException: localhost_10000@group-03E665A0CE68 is in LEADER state but not ready yet., logIndex=0, commits[localhost_10000:c-1, localhost_10002:c-1, localhost_10001:c-1]
2019-09-24 12:19:53,408 INFO  client.GrpcClientProtocolService (GrpcClientProtocolService.java:lambda$processClientRequest$0(278)) - Failed RaftClientRequest:client-2265A94AA220->localhost_10000@group-03E665A0CE68, cid=42, seq=0, RW, Message:321f0a0f0a0d74657374...(size=33), reply=RaftClientReply:client-2265A94AA220->localhost_10000@group-03E665A0CE68, cid=42, FAILED org.apache.ratis.protocol.LeaderNotReadyException: localhost_10000@group-03E665A0CE68 is in LEADER state but not ready yet., logIndex=0, commits[localhost_10000:c-1, localhost_10002:c-1, localhost_10001:c-1]
2019-09-24 12:19:53,409 INFO  client.GrpcClientProtocolService (GrpcClientProtocolService.java:lambda$processClientRequest$0(278)) - Failed RaftClientRequest:client-2265A94AA220->localhost_10000@group-03E665A0CE68, cid=42, seq=0, RW, Message:321f0a0f0a0d74657374...(size=33), reply=RaftClientReply:client-2265A94AA220->localhost_10000@group-03E665A0CE68, cid=42, FAILED org.apache.ratis.protocol.LeaderNotReadyException: localhost_10000@group-03E665A0CE68 is in LEADER state but not ready yet., logIndex=0, commits[localhost_10000:c-1, localhost_10002:c-1, localhost_10001:c-1]
2019-09-24 12:19:53,409 INFO  client.GrpcClientProtocolService (GrpcClientProtocolService.java:lambda$processClientRequest$0(278)) - Failed RaftClientRequest:client-2265A94AA220->localhost_10000@group-03E665A0CE68, cid=42, seq=0, RW, Message:321f0a0f0a0d74657374...(size=33), reply=RaftClientReply:client-2265A94AA220->localhost_10000@group-03E665A0CE68, cid=42, FAILED org.apache.ratis.protocol.LeaderNotReadyException: localhost_10000@group-03E665A0CE68 is in LEADER state but not ready yet., logIndex=0, commits[localhost_10000:c-1, localhost_10002:c-1, localhost_10001:c-1]
2019-09-24 12:19:53,410 INFO  client.GrpcClientProtocolService (GrpcClientProtocolService.java:lambda$processClientRequest$0(278)) - Failed RaftClientRequest:client-2265A94AA220->localhost_10000@group-03E665A0CE68, cid=42, seq=0, RW, Message:321f0a0f0a0d74657374...(size=33), reply=RaftClientReply:client-2265A94AA220->localhost_10000@group-03E665A0CE68, cid=42, FAILED org.apache.ratis.protocol.LeaderNotReadyException: localhost_10000@group-03E665A0CE68 is in LEADER state but not ready yet., logIndex=0, commits[localhost_10000:c-1, localhost_10002:c-1, localhost_10001:c-1]
2019-09-24 12:19:53,411 INFO  client.GrpcClientProtocolService (GrpcClientProtocolService.java:lambda$processClientRequest$0(278)) - Failed RaftClientRequest:client-2265A94AA220->localhost_10000@group-03E665A0CE68, cid=42, seq=0, RW, Message:321f0a0f0a0d74657374...(size=33), reply=RaftClientReply:client-2265A94AA220->localhost_10000@group-03E665A0CE68, cid=42, FAILED org.apache.ratis.protocol.LeaderNotReadyException: localhost_10000@group-03E665A0CE68 is in LEADER state but not ready yet., logIndex=0, commits[localhost_10000:c-1, localhost_10002:c-1, localhost_10001:c-1]
2019-09-24 12:19:53,412 INFO  client.GrpcClientProtocolService (GrpcClientProtocolService.java:lambda$processClientRequest$0(278)) - Failed RaftClientRequest:client-2265A94AA220->localhost_10000@group-03E665A0CE68, cid=42, seq=0, RW, Message:321f0a0f0a0d74657374...(size=33), reply=RaftClientReply:client-2265A94AA220->localhost_10000@group-03E665A0CE68, cid=42, FAILED org.apache.ratis.protocol.LeaderNotReadyException: localhost_10000@group-03E665A0CE68 is in LEADER state but not ready yet., logIndex=0, commits[localhost_10000:c-1, localhost_10002:c-1, localhost_10001:c-1]
2019-09-24 12:19:53,413 INFO  client.GrpcClientProtocolService (GrpcClientProtocolService.java:lambda$processClientRequest$0(278)) - Failed RaftClientRequest:client-2265A94AA220->localhost_10000@group-03E665A0CE68, cid=42, seq=0, RW, Message:321f0a0f0a0d74657374...(size=33), reply=RaftClientReply:client-2265A94AA220->localhost_10000@group-03E665A0CE68, cid=42, FAILED org.apache.ratis.protocol.LeaderNotReadyException: localhost_10000@group-03E665A0CE68 is in LEADER state but not ready yet., logIndex=0, commits[localhost_10000:c-1, localhost_10002:c-1, localhost_10001:c-1]
2019-09-24 12:19:53,414 INFO  client.GrpcClientProtocolService (GrpcClientProtocolService.java:lambda$processClientRequest$0(278)) - Failed RaftClientRequest:client-2265A94AA220->localhost_10000@group-03E665A0CE68, cid=42, seq=0, RW, Message:321f0a0f0a0d74657374...(size=33), reply=RaftClientReply:client-2265A94AA220->localhost_10000@group-03E665A0CE68, cid=42, FAILED org.apache.ratis.protocol.LeaderNotReadyException: localhost_10000@group-03E665A0CE68 is in LEADER state but not ready yet., logIndex=0, commits[localhost_10000:c-1, localhost_10002:c-1, localhost_10001:c-1]
2019-09-24 12:19:53,415 INFO  client.GrpcClientProtocolService (GrpcClientProtocolService.java:lambda$processClientRequest$0(278)) - Failed RaftClientRequest:client-2265A94AA220->localhost_10000@group-03E665A0CE68, cid=42, seq=0, RW, Message:321f0a0f0a0d74657374...(size=33), reply=RaftClientReply:client-2265A94AA220->localhost_10000@group-03E665A0CE68, cid=42, FAILED org.apache.ratis.protocol.LeaderNotReadyException: localhost_10000@group-03E665A0CE68 is in LEADER state but not ready yet., logIndex=0, commits[localhost_10000:c-1, localhost_10002:c-1, localhost_10001:c-1]
2019-09-24 12:19:53,415 INFO  client.GrpcClientProtocolService (GrpcClientProtocolService.java:lambda$processClientRequest$0(278)) - Failed RaftClientRequest:client-2265A94AA220->localhost_10000@group-03E665A0CE68, cid=42, seq=0, RW, Message:321f0a0f0a0d74657374...(size=33), reply=RaftClientReply:client-2265A94AA220->localhost_10000@group-03E665A0CE68, cid=42, FAILED org.apache.ratis.protocol.LeaderNotReadyException: localhost_10000@group-03E665A0CE68 is in LEADER state but not ready yet., logIndex=0, commits[localhost_10000:c-1, localhost_10002:c-1, localhost_10001:c-1]
2019-09-24 12:19:53,417 INFO  client.GrpcClientProtocolService (GrpcClientProtocolService.java:lambda$processClientRequest$0(278)) - Failed RaftClientRequest:client-2265A94AA220->localhost_10000@group-03E665A0CE68, cid=42, seq=0, RW, Message:321f0a0f0a0d74657374...(size=33), reply=RaftClientReply:client-2265A94AA220->localhost_10000@group-03E665A0CE68, cid=42, FAILED org.apache.ratis.protocol.LeaderNotReadyException: localhost_10000@group-03E665A0CE68 is in LEADER state but not ready yet., logIndex=0, commits[localhost_10000:c-1, localhost_10002:c-1, localhost_10001:c-1]
2019-09-24 12:19:53,418 INFO  client.GrpcClientProtocolService (GrpcClientProtocolService.java:lambda$processClientRequest$0(278)) - Failed RaftClientRequest:client-2265A94AA220->localhost_10000@group-03E665A0CE68, cid=42, seq=0, RW, Message:321f0a0f0a0d74657374...(size=33), reply=RaftClientReply:client-2265A94AA220->localhost_10000@group-03E665A0CE68, cid=42, FAILED org.apache.ratis.protocol.LeaderNotReadyException: localhost_10000@group-03E665A0CE68 is in LEADER state but not ready yet., logIndex=0, commits[localhost_10000:c-1, localhost_10002:c-1, localhost_10001:c-1]
2019-09-24 12:19:53,419 INFO  client.GrpcClientProtocolService (GrpcClientProtocolService.java:lambda$processClientRequest$0(278)) - Failed RaftClientRequest:client-2265A94AA220->localhost_10000@group-03E665A0CE68, cid=42, seq=0, RW, Message:321f0a0f0a0d74657374...(size=33), reply=RaftClientReply:client-2265A94AA220->localhost_10000@group-03E665A0CE68, cid=42, FAILED org.apache.ratis.protocol.LeaderNotReadyException: localhost_10000@group-03E665A0CE68 is in LEADER state but not ready yet., logIndex=0, commits[localhost_10000:c-1, localhost_10002:c-1, localhost_10001:c-1]
2019-09-24 12:19:53,420 INFO  client.GrpcClientProtocolService (GrpcClientProtocolService.java:lambda$processClientRequest$0(278)) - Failed RaftClientRequest:client-2265A94AA220->localhost_10000@group-03E665A0CE68, cid=42, seq=0, RW, Message:321f0a0f0a0d74657374...(size=33), reply=RaftClientReply:client-2265A94AA220->localhost_10000@group-03E665A0CE68, cid=42, FAILED org.apache.ratis.protocol.LeaderNotReadyException: localhost_10000@group-03E665A0CE68 is in LEADER state but not ready yet., logIndex=0, commits[localhost_10000:c-1, localhost_10002:c-1, localhost_10001:c-1]
2019-09-24 12:19:53,421 INFO  client.GrpcClientProtocolService (GrpcClientProtocolService.java:lambda$processClientRequest$0(278)) - Failed RaftClientRequest:client-2265A94AA220->localhost_10000@group-03E665A0CE68, cid=42, seq=0, RW, Message:321f0a0f0a0d74657374...(size=33), reply=RaftClientReply:client-2265A94AA220->localhost_10000@group-03E665A0CE68, cid=42, FAILED org.apache.ratis.protocol.LeaderNotReadyException: localhost_10000@group-03E665A0CE68 is in LEADER state but not ready yet., logIndex=0, commits[localhost_10000:c-1, localhost_10002:c-1, localhost_10001:c-1]
2019-09-24 12:19:53,422 INFO  client.GrpcClientProtocolService (GrpcClientProtocolService.java:lambda$processClientRequest$0(278)) - Failed RaftClientRequest:client-2265A94AA220->localhost_10000@group-03E665A0CE68, cid=42, seq=0, RW, Message:321f0a0f0a0d74657374...(size=33), reply=RaftClientReply:client-2265A94AA220->localhost_10000@group-03E665A0CE68, cid=42, FAILED org.apache.ratis.protocol.LeaderNotReadyException: localhost_10000@group-03E665A0CE68 is in LEADER state but not ready yet., logIndex=0, commits[localhost_10000:c-1, localhost_10002:c-1, localhost_10001:c-1]
2019-09-24 12:19:53,423 INFO  client.GrpcClientProtocolService (GrpcClientProtocolService.java:lambda$processClientRequest$0(278)) - Failed RaftClientRequest:client-2265A94AA220->localhost_10000@group-03E665A0CE68, cid=42, seq=0, RW, Message:321f0a0f0a0d74657374...(size=33), reply=RaftClientReply:client-2265A94AA220->localhost_10000@group-03E665A0CE68, cid=42, FAILED org.apache.ratis.protocol.LeaderNotReadyException: localhost_10000@group-03E665A0CE68 is in LEADER state but not ready yet., logIndex=0, commits[localhost_10000:c-1, localhost_10002:c-1, localhost_10001:c-1]
2019-09-24 12:19:53,424 INFO  client.GrpcClientProtocolService (GrpcClientProtocolService.java:lambda$processClientRequest$0(278)) - Failed RaftClientRequest:client-2265A94AA220->localhost_10000@group-03E665A0CE68, cid=42, seq=0, RW, Message:321f0a0f0a0d74657374...(size=33), reply=RaftClientReply:client-2265A94AA220->localhost_10000@group-03E665A0CE68, cid=42, FAILED org.apache.ratis.protocol.LeaderNotReadyException: localhost_10000@group-03E665A0CE68 is in LEADER state but not ready yet., logIndex=0, commits[localhost_10000:c-1, localhost_10002:c-1, localhost_10001:c-1]
2019-09-24 12:19:53,425 INFO  client.GrpcClientProtocolService (GrpcClientProtocolService.java:lambda$processClientRequest$0(278)) - Failed RaftClientRequest:client-2265A94AA220->localhost_10000@group-03E665A0CE68, cid=42, seq=0, RW, Message:321f0a0f0a0d74657374...(size=33), reply=RaftClientReply:client-2265A94AA220->localhost_10000@group-03E665A0CE68, cid=42, FAILED org.apache.ratis.protocol.LeaderNotReadyException: localhost_10000@group-03E665A0CE68 is in LEADER state but not ready yet., logIndex=0, commits[localhost_10000:c-1, localhost_10002:c-1, localhost_10001:c-1]
2019-09-24 12:19:53,426 INFO  client.GrpcClientProtocolService (GrpcClientProtocolService.java:lambda$processClientRequest$0(278)) - Failed RaftClientRequest:client-2265A94AA220->localhost_10000@group-03E665A0CE68, cid=42, seq=0, RW, Message:321f0a0f0a0d74657374...(size=33), reply=RaftClientReply:client-2265A94AA220->localhost_10000@group-03E665A0CE68, cid=42, FAILED org.apache.ratis.protocol.LeaderNotReadyException: localhost_10000@group-03E665A0CE68 is in LEADER state but not ready yet., logIndex=0, commits[localhost_10000:c-1, localhost_10002:c-1, localhost_10001:c-1]
2019-09-24 12:19:53,427 INFO  client.GrpcClientProtocolService (GrpcClientProtocolService.java:lambda$processClientRequest$0(278)) - Failed RaftClientRequest:client-2265A94AA220->localhost_10000@group-03E665A0CE68, cid=42, seq=0, RW, Message:321f0a0f0a0d74657374...(size=33), reply=RaftClientReply:client-2265A94AA220->localhost_10000@group-03E665A0CE68, cid=42, FAILED org.apache.ratis.protocol.LeaderNotReadyException: localhost_10000@group-03E665A0CE68 is in LEADER state but not ready yet., logIndex=0, commits[localhost_10000:c-1, localhost_10002:c-1, localhost_10001:c-1]
2019-09-24 12:19:53,428 INFO  client.GrpcClientProtocolService (GrpcClientProtocolService.java:lambda$processClientRequest$0(278)) - Failed RaftClientRequest:client-2265A94AA220->localhost_10000@group-03E665A0CE68, cid=42, seq=0, RW, Message:321f0a0f0a0d74657374...(size=33), reply=RaftClientReply:client-2265A94AA220->localhost_10000@group-03E665A0CE68, cid=42, FAILED org.apache.ratis.protocol.LeaderNotReadyException: localhost_10000@group-03E665A0CE68 is in LEADER state but not ready yet., logIndex=0, commits[localhost_10000:c-1, localhost_10002:c-1, localhost_10001:c-1]
2019-09-24 12:19:53,429 INFO  client.GrpcClientProtocolService (GrpcClientProtocolService.java:lambda$processClientRequest$0(278)) - Failed RaftClientRequest:client-2265A94AA220->localhost_10000@group-03E665A0CE68, cid=42, seq=0, RW, Message:321f0a0f0a0d74657374...(size=33), reply=RaftClientReply:client-2265A94AA220->localhost_10000@group-03E665A0CE68, cid=42, FAILED org.apache.ratis.protocol.LeaderNotReadyException: localhost_10000@group-03E665A0CE68 is in LEADER state but not ready yet., logIndex=0, commits[localhost_10000:c-1, localhost_10002:c-1, localhost_10001:c-1]
2019-09-24 12:19:53,430 INFO  client.GrpcClientProtocolService (GrpcClientProtocolService.java:lambda$processClientRequest$0(278)) - Failed RaftClientRequest:client-2265A94AA220->localhost_10000@group-03E665A0CE68, cid=42, seq=0, RW, Message:321f0a0f0a0d74657374...(size=33), reply=RaftClientReply:client-2265A94AA220->localhost_10000@group-03E665A0CE68, cid=42, FAILED org.apache.ratis.protocol.LeaderNotReadyException: localhost_10000@group-03E665A0CE68 is in LEADER state but not ready yet., logIndex=0, commits[localhost_10000:c-1, localhost_10002:c-1, localhost_10001:c-1]
2019-09-24 12:19:53,431 INFO  client.GrpcClientProtocolService (GrpcClientProtocolService.java:lambda$processClientRequest$0(278)) - Failed RaftClientRequest:client-2265A94AA220->localhost_10000@group-03E665A0CE68, cid=42, seq=0, RW, Message:321f0a0f0a0d74657374...(size=33), reply=RaftClientReply:client-2265A94AA220->localhost_10000@group-03E665A0CE68, cid=42, FAILED org.apache.ratis.protocol.LeaderNotReadyException: localhost_10000@group-03E665A0CE68 is in LEADER state but not ready yet., logIndex=0, commits[localhost_10000:c-1, localhost_10002:c-1, localhost_10001:c-1]
2019-09-24 12:19:53,432 INFO  client.GrpcClientProtocolService (GrpcClientProtocolService.java:lambda$processClientRequest$0(278)) - Failed RaftClientRequest:client-2265A94AA220->localhost_10000@group-03E665A0CE68, cid=42, seq=0, RW, Message:321f0a0f0a0d74657374...(size=33), reply=RaftClientReply:client-2265A94AA220->localhost_10000@group-03E665A0CE68, cid=42, FAILED org.apache.ratis.protocol.LeaderNotReadyException: localhost_10000@group-03E665A0CE68 is in LEADER state but not ready yet., logIndex=0, commits[localhost_10000:c-1, localhost_10002:c-1, localhost_10001:c-1]
2019-09-24 12:19:53,433 INFO  client.GrpcClientProtocolService (GrpcClientProtocolService.java:lambda$processClientRequest$0(278)) - Failed RaftClientRequest:client-2265A94AA220->localhost_10000@group-03E665A0CE68, cid=42, seq=0, RW, Message:321f0a0f0a0d74657374...(size=33), reply=RaftClientReply:client-2265A94AA220->localhost_10000@group-03E665A0CE68, cid=42, FAILED org.apache.ratis.protocol.LeaderNotReadyException: localhost_10000@group-03E665A0CE68 is in LEADER state but not ready yet., logIndex=0, commits[localhost_10000:c-1, localhost_10002:c-1, localhost_10001:c-1]
2019-09-24 12:19:53,434 INFO  client.GrpcClientProtocolService (GrpcClientProtocolService.java:lambda$processClientRequest$0(278)) - Failed RaftClientRequest:client-2265A94AA220->localhost_10000@group-03E665A0CE68, cid=42, seq=0, RW, Message:321f0a0f0a0d74657374...(size=33), reply=RaftClientReply:client-2265A94AA220->localhost_10000@group-03E665A0CE68, cid=42, FAILED org.apache.ratis.protocol.LeaderNotReadyException: localhost_10000@group-03E665A0CE68 is in LEADER state but not ready yet., logIndex=0, commits[localhost_10000:c-1, localhost_10002:c-1, localhost_10001:c-1]
2019-09-24 12:19:53,435 INFO  client.GrpcClientProtocolService (GrpcClientProtocolService.java:lambda$processClientRequest$0(278)) - Failed RaftClientRequest:client-2265A94AA220->localhost_10000@group-03E665A0CE68, cid=42, seq=0, RW, Message:321f0a0f0a0d74657374...(size=33), reply=RaftClientReply:client-2265A94AA220->localhost_10000@group-03E665A0CE68, cid=42, FAILED org.apache.ratis.protocol.LeaderNotReadyException: localhost_10000@group-03E665A0CE68 is in LEADER state but not ready yet., logIndex=0, commits[localhost_10000:c-1, localhost_10002:c-1, localhost_10001:c-1]
2019-09-24 12:19:53,436 INFO  client.GrpcClientProtocolService (GrpcClientProtocolService.java:lambda$processClientRequest$0(278)) - Failed RaftClientRequest:client-2265A94AA220->localhost_10000@group-03E665A0CE68, cid=42, seq=0, RW, Message:321f0a0f0a0d74657374...(size=33), reply=RaftClientReply:client-2265A94AA220->localhost_10000@group-03E665A0CE68, cid=42, FAILED org.apache.ratis.protocol.LeaderNotReadyException: localhost_10000@group-03E665A0CE68 is in LEADER state but not ready yet., logIndex=0, commits[localhost_10000:c-1, localhost_10002:c-1, localhost_10001:c-1]
2019-09-24 12:19:53,437 INFO  client.GrpcClientProtocolService (GrpcClientProtocolService.java:lambda$processClientRequest$0(278)) - Failed RaftClientRequest:client-2265A94AA220->localhost_10000@group-03E665A0CE68, cid=42, seq=0, RW, Message:321f0a0f0a0d74657374...(size=33), reply=RaftClientReply:client-2265A94AA220->localhost_10000@group-03E665A0CE68, cid=42, FAILED org.apache.ratis.protocol.LeaderNotReadyException: localhost_10000@group-03E665A0CE68 is in LEADER state but not ready yet., logIndex=0, commits[localhost_10000:c-1, localhost_10002:c-1, localhost_10001:c-1]
2019-09-24 12:19:53,438 INFO  client.GrpcClientProtocolService (GrpcClientProtocolService.java:lambda$processClientRequest$0(278)) - Failed RaftClientRequest:client-2265A94AA220->localhost_10000@group-03E665A0CE68, cid=42, seq=0, RW, Message:321f0a0f0a0d74657374...(size=33), reply=RaftClientReply:client-2265A94AA220->localhost_10000@group-03E665A0CE68, cid=42, FAILED org.apache.ratis.protocol.LeaderNotReadyException: localhost_10000@group-03E665A0CE68 is in LEADER state but not ready yet., logIndex=0, commits[localhost_10000:c-1, localhost_10002:c-1, localhost_10001:c-1]
2019-09-24 12:19:53,439 INFO  client.GrpcClientProtocolService (GrpcClientProtocolService.java:lambda$processClientRequest$0(278)) - Failed RaftClientRequest:client-2265A94AA220->localhost_10000@group-03E665A0CE68, cid=42, seq=0, RW, Message:321f0a0f0a0d74657374...(size=33), reply=RaftClientReply:client-2265A94AA220->localhost_10000@group-03E665A0CE68, cid=42, FAILED org.apache.ratis.protocol.LeaderNotReadyException: localhost_10000@group-03E665A0CE68 is in LEADER state but not ready yet., logIndex=0, commits[localhost_10000:c-1, localhost_10002:c-1, localhost_10001:c-1]
2019-09-24 12:19:53,440 INFO  client.GrpcClientProtocolService (GrpcClientProtocolService.java:lambda$processClientRequest$0(278)) - Failed RaftClientRequest:client-2265A94AA220->localhost_10000@group-03E665A0CE68, cid=42, seq=0, RW, Message:321f0a0f0a0d74657374...(size=33), reply=RaftClientReply:client-2265A94AA220->localhost_10000@group-03E665A0CE68, cid=42, FAILED org.apache.ratis.protocol.LeaderNotReadyException: localhost_10000@group-03E665A0CE68 is in LEADER state but not ready yet., logIndex=0, commits[localhost_10000:c-1, localhost_10002:c-1, localhost_10001:c-1]
2019-09-24 12:19:53,441 INFO  client.GrpcClientProtocolService (GrpcClientProtocolService.java:lambda$processClientRequest$0(278)) - Failed RaftClientRequest:client-2265A94AA220->localhost_10000@group-03E665A0CE68, cid=42, seq=0, RW, Message:321f0a0f0a0d74657374...(size=33), reply=RaftClientReply:client-2265A94AA220->localhost_10000@group-03E665A0CE68, cid=42, FAILED org.apache.ratis.protocol.LeaderNotReadyException: localhost_10000@group-03E665A0CE68 is in LEADER state but not ready yet., logIndex=0, commits[localhost_10000:c-1, localhost_10002:c-1, localhost_10001:c-1]
2019-09-24 12:19:53,442 INFO  client.GrpcClientProtocolService (GrpcClientProtocolService.java:lambda$processClientRequest$0(278)) - Failed RaftClientRequest:client-2265A94AA220->localhost_10000@group-03E665A0CE68, cid=42, seq=0, RW, Message:321f0a0f0a0d74657374...(size=33), reply=RaftClientReply:client-2265A94AA220->localhost_10000@group-03E665A0CE68, cid=42, FAILED org.apache.ratis.protocol.LeaderNotReadyException: localhost_10000@group-03E665A0CE68 is in LEADER state but not ready yet., logIndex=0, commits[localhost_10000:c-1, localhost_10002:c-1, localhost_10001:c-1]
2019-09-24 12:19:53,443 INFO  client.GrpcClientProtocolService (GrpcClientProtocolService.java:lambda$processClientRequest$0(278)) - Failed RaftClientRequest:client-2265A94AA220->localhost_10000@group-03E665A0CE68, cid=42, seq=0, RW, Message:321f0a0f0a0d74657374...(size=33), reply=RaftClientReply:client-2265A94AA220->localhost_10000@group-03E665A0CE68, cid=42, FAILED org.apache.ratis.protocol.LeaderNotReadyException: localhost_10000@group-03E665A0CE68 is in LEADER state but not ready yet., logIndex=0, commits[localhost_10000:c-1, localhost_10002:c-1, localhost_10001:c-1]
2019-09-24 12:19:53,444 INFO  client.GrpcClientProtocolService (GrpcClientProtocolService.java:lambda$processClientRequest$0(278)) - Failed RaftClientRequest:client-2265A94AA220->localhost_10000@group-03E665A0CE68, cid=42, seq=0, RW, Message:321f0a0f0a0d74657374...(size=33), reply=RaftClientReply:client-2265A94AA220->localhost_10000@group-03E665A0CE68, cid=42, FAILED org.apache.ratis.protocol.LeaderNotReadyException: localhost_10000@group-03E665A0CE68 is in LEADER state but not ready yet., logIndex=0, commits[localhost_10000:c-1, localhost_10002:c-1, localhost_10001:c-1]
2019-09-24 12:19:53,445 INFO  client.GrpcClientProtocolService (GrpcClientProtocolService.java:lambda$processClientRequest$0(278)) - Failed RaftClientRequest:client-2265A94AA220->localhost_10000@group-03E665A0CE68, cid=42, seq=0, RW, Message:321f0a0f0a0d74657374...(size=33), reply=RaftClientReply:client-2265A94AA220->localhost_10000@group-03E665A0CE68, cid=42, FAILED org.apache.ratis.protocol.LeaderNotReadyException: localhost_10000@group-03E665A0CE68 is in LEADER state but not ready yet., logIndex=0, commits[localhost_10000:c-1, localhost_10002:c-1, localhost_10001:c-1]
2019-09-24 12:19:53,446 INFO  client.GrpcClientProtocolService (GrpcClientProtocolService.java:lambda$processClientRequest$0(278)) - Failed RaftClientRequest:client-2265A94AA220->localhost_10000@group-03E665A0CE68, cid=42, seq=0, RW, Message:321f0a0f0a0d74657374...(size=33), reply=RaftClientReply:client-2265A94AA220->localhost_10000@group-03E665A0CE68, cid=42, FAILED org.apache.ratis.protocol.LeaderNotReadyException: localhost_10000@group-03E665A0CE68 is in LEADER state but not ready yet., logIndex=0, commits[localhost_10000:c-1, localhost_10002:c-1, localhost_10001:c-1]
2019-09-24 12:19:53,447 INFO  client.GrpcClientProtocolService (GrpcClientProtocolService.java:lambda$processClientRequest$0(278)) - Failed RaftClientRequest:client-2265A94AA220->localhost_10000@group-03E665A0CE68, cid=42, seq=0, RW, Message:321f0a0f0a0d74657374...(size=33), reply=RaftClientReply:client-2265A94AA220->localhost_10000@group-03E665A0CE68, cid=42, FAILED org.apache.ratis.protocol.LeaderNotReadyException: localhost_10000@group-03E665A0CE68 is in LEADER state but not ready yet., logIndex=0, commits[localhost_10000:c-1, localhost_10002:c-1, localhost_10001:c-1]
2019-09-24 12:19:53,448 INFO  client.GrpcClientProtocolService (GrpcClientProtocolService.java:lambda$processClientRequest$0(278)) - Failed RaftClientRequest:client-2265A94AA220->localhost_10000@group-03E665A0CE68, cid=42, seq=0, RW, Message:321f0a0f0a0d74657374...(size=33), reply=RaftClientReply:client-2265A94AA220->localhost_10000@group-03E665A0CE68, cid=42, FAILED org.apache.ratis.protocol.LeaderNotReadyException: localhost_10000@group-03E665A0CE68 is in LEADER state but not ready yet., logIndex=0, commits[localhost_10000:c-1, localhost_10002:c-1, localhost_10001:c-1]
2019-09-24 12:19:53,449 INFO  client.GrpcClientProtocolService (GrpcClientProtocolService.java:lambda$processClientRequest$0(278)) - Failed RaftClientRequest:client-2265A94AA220->localhost_10000@group-03E665A0CE68, cid=42, seq=0, RW, Message:321f0a0f0a0d74657374...(size=33), reply=RaftClientReply:client-2265A94AA220->localhost_10000@group-03E665A0CE68, cid=42, FAILED org.apache.ratis.protocol.LeaderNotReadyException: localhost_10000@group-03E665A0CE68 is in LEADER state but not ready yet., logIndex=0, commits[localhost_10000:c-1, localhost_10002:c-1, localhost_10001:c-1]
2019-09-24 12:19:53,450 INFO  client.GrpcClientProtocolService (GrpcClientProtocolService.java:lambda$processClientRequest$0(278)) - Failed RaftClientRequest:client-2265A94AA220->localhost_10000@group-03E665A0CE68, cid=42, seq=0, RW, Message:321f0a0f0a0d74657374...(size=33), reply=RaftClientReply:client-2265A94AA220->localhost_10000@group-03E665A0CE68, cid=42, FAILED org.apache.ratis.protocol.LeaderNotReadyException: localhost_10000@group-03E665A0CE68 is in LEADER state but not ready yet., logIndex=0, commits[localhost_10000:c-1, localhost_10002:c-1, localhost_10001:c-1]
2019-09-24 12:19:53,451 INFO  client.GrpcClientProtocolService (GrpcClientProtocolService.java:lambda$processClientRequest$0(278)) - Failed RaftClientRequest:client-2265A94AA220->localhost_10000@group-03E665A0CE68, cid=42, seq=0, RW, Message:321f0a0f0a0d74657374...(size=33), reply=RaftClientReply:client-2265A94AA220->localhost_10000@group-03E665A0CE68, cid=42, FAILED org.apache.ratis.protocol.LeaderNotReadyException: localhost_10000@group-03E665A0CE68 is in LEADER state but not ready yet., logIndex=0, commits[localhost_10000:c-1, localhost_10002:c-1, localhost_10001:c-1]
2019-09-24 12:19:53,452 INFO  client.GrpcClientProtocolService (GrpcClientProtocolService.java:lambda$processClientRequest$0(278)) - Failed RaftClientRequest:client-2265A94AA220->localhost_10000@group-03E665A0CE68, cid=42, seq=0, RW, Message:321f0a0f0a0d74657374...(size=33), reply=RaftClientReply:client-2265A94AA220->localhost_10000@group-03E665A0CE68, cid=42, FAILED org.apache.ratis.protocol.LeaderNotReadyException: localhost_10000@group-03E665A0CE68 is in LEADER state but not ready yet., logIndex=0, commits[localhost_10000:c-1, localhost_10002:c-1, localhost_10001:c-1]
2019-09-24 12:19:53,453 INFO  client.GrpcClientProtocolService (GrpcClientProtocolService.java:lambda$processClientRequest$0(278)) - Failed RaftClientRequest:client-2265A94AA220->localhost_10000@group-03E665A0CE68, cid=42, seq=0, RW, Message:321f0a0f0a0d74657374...(size=33), reply=RaftClientReply:client-2265A94AA220->localhost_10000@group-03E665A0CE68, cid=42, FAILED org.apache.ratis.protocol.LeaderNotReadyException: localhost_10000@group-03E665A0CE68 is in LEADER state but not ready yet., logIndex=0, commits[localhost_10000:c-1, localhost_10002:c-1, localhost_10001:c-1]
2019-09-24 12:19:53,454 INFO  client.GrpcClientProtocolService (GrpcClientProtocolService.java:lambda$processClientRequest$0(278)) - Failed RaftClientRequest:client-2265A94AA220->localhost_10000@group-03E665A0CE68, cid=42, seq=0, RW, Message:321f0a0f0a0d74657374...(size=33), reply=RaftClientReply:client-2265A94AA220->localhost_10000@group-03E665A0CE68, cid=42, FAILED org.apache.ratis.protocol.LeaderNotReadyException: localhost_10000@group-03E665A0CE68 is in LEADER state but not ready yet., logIndex=0, commits[localhost_10000:c-1, localhost_10002:c-1, localhost_10001:c-1]
2019-09-24 12:19:53,455 INFO  client.GrpcClientProtocolService (GrpcClientProtocolService.java:lambda$processClientRequest$0(278)) - Failed RaftClientRequest:client-2265A94AA220->localhost_10000@group-03E665A0CE68, cid=42, seq=0, RW, Message:321f0a0f0a0d74657374...(size=33), reply=RaftClientReply:client-2265A94AA220->localhost_10000@group-03E665A0CE68, cid=42, FAILED org.apache.ratis.protocol.LeaderNotReadyException: localhost_10000@group-03E665A0CE68 is in LEADER state but not ready yet., logIndex=0, commits[localhost_10000:c-1, localhost_10002:c-1, localhost_10001:c-1]
2019-09-24 12:19:53,456 INFO  client.GrpcClientProtocolService (GrpcClientProtocolService.java:lambda$processClientRequest$0(278)) - Failed RaftClientRequest:client-2265A94AA220->localhost_10000@group-03E665A0CE68, cid=42, seq=0, RW, Message:321f0a0f0a0d74657374...(size=33), reply=RaftClientReply:client-2265A94AA220->localhost_10000@group-03E665A0CE68, cid=42, FAILED org.apache.ratis.protocol.LeaderNotReadyException: localhost_10000@group-03E665A0CE68 is in LEADER state but not ready yet., logIndex=0, commits[localhost_10000:c-1, localhost_10002:c-1, localhost_10001:c-1]
2019-09-24 12:19:53,457 INFO  client.GrpcClientProtocolService (GrpcClientProtocolService.java:lambda$processClientRequest$0(278)) - Failed RaftClientRequest:client-2265A94AA220->localhost_10000@group-03E665A0CE68, cid=42, seq=0, RW, Message:321f0a0f0a0d74657374...(size=33), reply=RaftClientReply:client-2265A94AA220->localhost_10000@group-03E665A0CE68, cid=42, FAILED org.apache.ratis.protocol.LeaderNotReadyException: localhost_10000@group-03E665A0CE68 is in LEADER state but not ready yet., logIndex=0, commits[localhost_10000:c-1, localhost_10002:c-1, localhost_10001:c-1]
2019-09-24 12:19:53,458 INFO  client.GrpcClientProtocolService (GrpcClientProtocolService.java:lambda$processClientRequest$0(278)) - Failed RaftClientRequest:client-2265A94AA220->localhost_10000@group-03E665A0CE68, cid=42, seq=0, RW, Message:321f0a0f0a0d74657374...(size=33), reply=RaftClientReply:client-2265A94AA220->localhost_10000@group-03E665A0CE68, cid=42, FAILED org.apache.ratis.protocol.LeaderNotReadyException: localhost_10000@group-03E665A0CE68 is in LEADER state but not ready yet., logIndex=0, commits[localhost_10000:c-1, localhost_10002:c-1, localhost_10001:c-1]
2019-09-24 12:19:53,459 INFO  client.GrpcClientProtocolService (GrpcClientProtocolService.java:lambda$processClientRequest$0(278)) - Failed RaftClientRequest:client-2265A94AA220->localhost_10000@group-03E665A0CE68, cid=42, seq=0, RW, Message:321f0a0f0a0d74657374...(size=33), reply=RaftClientReply:client-2265A94AA220->localhost_10000@group-03E665A0CE68, cid=42, FAILED org.apache.ratis.protocol.LeaderNotReadyException: localhost_10000@group-03E665A0CE68 is in LEADER state but not ready yet., logIndex=0, commits[localhost_10000:c-1, localhost_10002:c-1, localhost_10001:c-1]
2019-09-24 12:19:53,460 INFO  client.GrpcClientProtocolService (GrpcClientProtocolService.java:lambda$processClientRequest$0(278)) - Failed RaftClientRequest:client-2265A94AA220->localhost_10000@group-03E665A0CE68, cid=42, seq=0, RW, Message:321f0a0f0a0d74657374...(size=33), reply=RaftClientReply:client-2265A94AA220->localhost_10000@group-03E665A0CE68, cid=42, FAILED org.apache.ratis.protocol.LeaderNotReadyException: localhost_10000@group-03E665A0CE68 is in LEADER state but not ready yet., logIndex=0, commits[localhost_10000:c-1, localhost_10002:c-1, localhost_10001:c-1]
2019-09-24 12:19:53,462 INFO  client.GrpcClientProtocolService (GrpcClientProtocolService.java:lambda$processClientRequest$0(278)) - Failed RaftClientRequest:client-2265A94AA220->localhost_10000@group-03E665A0CE68, cid=42, seq=0, RW, Message:321f0a0f0a0d74657374...(size=33), reply=RaftClientReply:client-2265A94AA220->localhost_10000@group-03E665A0CE68, cid=42, FAILED org.apache.ratis.protocol.LeaderNotReadyException: localhost_10000@group-03E665A0CE68 is in LEADER state but not ready yet., logIndex=0, commits[localhost_10000:c-1, localhost_10002:c-1, localhost_10001:c-1]
2019-09-24 12:19:53,463 INFO  client.GrpcClientProtocolService (GrpcClientProtocolService.java:lambda$processClientRequest$0(278)) - Failed RaftClientRequest:client-2265A94AA220->localhost_10000@group-03E665A0CE68, cid=42, seq=0, RW, Message:321f0a0f0a0d74657374...(size=33), reply=RaftClientReply:client-2265A94AA220->localhost_10000@group-03E665A0CE68, cid=42, FAILED org.apache.ratis.protocol.LeaderNotReadyException: localhost_10000@group-03E665A0CE68 is in LEADER state but not ready yet., logIndex=0, commits[localhost_10000:c-1, localhost_10002:c-1, localhost_10001:c-1]
2019-09-24 12:19:53,463 INFO  client.GrpcClientProtocolService (GrpcClientProtocolService.java:lambda$processClientRequest$0(278)) - Failed RaftClientRequest:client-2265A94AA220->localhost_10000@group-03E665A0CE68, cid=42, seq=0, RW, Message:321f0a0f0a0d74657374...(size=33), reply=RaftClientReply:client-2265A94AA220->localhost_10000@group-03E665A0CE68, cid=42, FAILED org.apache.ratis.protocol.LeaderNotReadyException: localhost_10000@group-03E665A0CE68 is in LEADER state but not ready yet., logIndex=0, commits[localhost_10000:c-1, localhost_10002:c-1, localhost_10001:c-1]
2019-09-24 12:19:53,464 INFO  client.GrpcClientProtocolService (GrpcClientProtocolService.java:lambda$processClientRequest$0(278)) - Failed RaftClientRequest:client-2265A94AA220->localhost_10000@group-03E665A0CE68, cid=42, seq=0, RW, Message:321f0a0f0a0d74657374...(size=33), reply=RaftClientReply:client-2265A94AA220->localhost_10000@group-03E665A0CE68, cid=42, FAILED org.apache.ratis.protocol.LeaderNotReadyException: localhost_10000@group-03E665A0CE68 is in LEADER state but not ready yet., logIndex=0, commits[localhost_10000:c-1, localhost_10002:c-1, localhost_10001:c-1]
2019-09-24 12:19:53,465 INFO  client.GrpcClientProtocolService (GrpcClientProtocolService.java:lambda$processClientRequest$0(278)) - Failed RaftClientRequest:client-2265A94AA220->localhost_10000@group-03E665A0CE68, cid=42, seq=0, RW, Message:321f0a0f0a0d74657374...(size=33), reply=RaftClientReply:client-2265A94AA220->localhost_10000@group-03E665A0CE68, cid=42, FAILED org.apache.ratis.protocol.LeaderNotReadyException: localhost_10000@group-03E665A0CE68 is in LEADER state but not ready yet., logIndex=0, commits[localhost_10000:c-1, localhost_10002:c-1, localhost_10001:c-1]
2019-09-24 12:19:53,467 INFO  client.GrpcClientProtocolService (GrpcClientProtocolService.java:lambda$processClientRequest$0(278)) - Failed RaftClientRequest:client-2265A94AA220->localhost_10000@group-03E665A0CE68, cid=42, seq=0, RW, Message:321f0a0f0a0d74657374...(size=33), reply=RaftClientReply:client-2265A94AA220->localhost_10000@group-03E665A0CE68, cid=42, FAILED org.apache.ratis.protocol.LeaderNotReadyException: localhost_10000@group-03E665A0CE68 is in LEADER state but not ready yet., logIndex=0, commits[localhost_10000:c-1, localhost_10002:c-1, localhost_10001:c-1]
2019-09-24 12:19:53,467 INFO  client.GrpcClientProtocolService (GrpcClientProtocolService.java:lambda$processClientRequest$0(278)) - Failed RaftClientRequest:client-2265A94AA220->localhost_10000@group-03E665A0CE68, cid=42, seq=0, RW, Message:321f0a0f0a0d74657374...(size=33), reply=RaftClientReply:client-2265A94AA220->localhost_10000@group-03E665A0CE68, cid=42, FAILED org.apache.ratis.protocol.LeaderNotReadyException: localhost_10000@group-03E665A0CE68 is in LEADER state but not ready yet., logIndex=0, commits[localhost_10000:c-1, localhost_10002:c-1, localhost_10001:c-1]
2019-09-24 12:19:53,469 INFO  client.GrpcClientProtocolService (GrpcClientProtocolService.java:lambda$processClientRequest$0(278)) - Failed RaftClientRequest:client-2265A94AA220->localhost_10000@group-03E665A0CE68, cid=42, seq=0, RW, Message:321f0a0f0a0d74657374...(size=33), reply=RaftClientReply:client-2265A94AA220->localhost_10000@group-03E665A0CE68, cid=42, FAILED org.apache.ratis.protocol.LeaderNotReadyException: localhost_10000@group-03E665A0CE68 is in LEADER state but not ready yet., logIndex=0, commits[localhost_10000:c-1, localhost_10002:c-1, localhost_10001:c-1]
2019-09-24 12:19:53,470 INFO  client.GrpcClientProtocolService (GrpcClientProtocolService.java:lambda$processClientRequest$0(278)) - Failed RaftClientRequest:client-2265A94AA220->localhost_10000@group-03E665A0CE68, cid=42, seq=0, RW, Message:321f0a0f0a0d74657374...(size=33), reply=RaftClientReply:client-2265A94AA220->localhost_10000@group-03E665A0CE68, cid=42, FAILED org.apache.ratis.protocol.LeaderNotReadyException: localhost_10000@group-03E665A0CE68 is in LEADER state but not ready yet., logIndex=0, commits[localhost_10000:c-1, localhost_10002:c-1, localhost_10001:c-1]
2019-09-24 12:19:53,471 INFO  client.GrpcClientProtocolService (GrpcClientProtocolService.java:lambda$processClientRequest$0(278)) - Failed RaftClientRequest:client-2265A94AA220->localhost_10000@group-03E665A0CE68, cid=42, seq=0, RW, Message:321f0a0f0a0d74657374...(size=33), reply=RaftClientReply:client-2265A94AA220->localhost_10000@group-03E665A0CE68, cid=42, FAILED org.apache.ratis.protocol.LeaderNotReadyException: localhost_10000@group-03E665A0CE68 is in LEADER state but not ready yet., logIndex=0, commits[localhost_10000:c-1, localhost_10002:c-1, localhost_10001:c-1]
2019-09-24 12:19:53,472 INFO  client.GrpcClientProtocolService (GrpcClientProtocolService.java:lambda$processClientRequest$0(278)) - Failed RaftClientRequest:client-2265A94AA220->localhost_10000@group-03E665A0CE68, cid=42, seq=0, RW, Message:321f0a0f0a0d74657374...(size=33), reply=RaftClientReply:client-2265A94AA220->localhost_10000@group-03E665A0CE68, cid=42, FAILED org.apache.ratis.protocol.LeaderNotReadyException: localhost_10000@group-03E665A0CE68 is in LEADER state but not ready yet., logIndex=0, commits[localhost_10000:c-1, localhost_10002:c-1, localhost_10001:c-1]
2019-09-24 12:19:53,473 INFO  client.GrpcClientProtocolService (GrpcClientProtocolService.java:lambda$processClientRequest$0(278)) - Failed RaftClientRequest:client-2265A94AA220->localhost_10000@group-03E665A0CE68, cid=42, seq=0, RW, Message:321f0a0f0a0d74657374...(size=33), reply=RaftClientReply:client-2265A94AA220->localhost_10000@group-03E665A0CE68, cid=42, FAILED org.apache.ratis.protocol.LeaderNotReadyException: localhost_10000@group-03E665A0CE68 is in LEADER state but not ready yet., logIndex=0, commits[localhost_10000:c-1, localhost_10002:c-1, localhost_10001:c-1]
2019-09-24 12:19:53,474 INFO  client.GrpcClientProtocolService (GrpcClientProtocolService.java:lambda$processClientRequest$0(278)) - Failed RaftClientRequest:client-2265A94AA220->localhost_10000@group-03E665A0CE68, cid=42, seq=0, RW, Message:321f0a0f0a0d74657374...(size=33), reply=RaftClientReply:client-2265A94AA220->localhost_10000@group-03E665A0CE68, cid=42, FAILED org.apache.ratis.protocol.LeaderNotReadyException: localhost_10000@group-03E665A0CE68 is in LEADER state but not ready yet., logIndex=0, commits[localhost_10000:c-1, localhost_10002:c-1, localhost_10001:c-1]
2019-09-24 12:19:53,475 INFO  client.GrpcClientProtocolService (GrpcClientProtocolService.java:lambda$processClientRequest$0(278)) - Failed RaftClientRequest:client-2265A94AA220->localhost_10000@group-03E665A0CE68, cid=42, seq=0, RW, Message:321f0a0f0a0d74657374...(size=33), reply=RaftClientReply:client-2265A94AA220->localhost_10000@group-03E665A0CE68, cid=42, FAILED org.apache.ratis.protocol.LeaderNotReadyException: localhost_10000@group-03E665A0CE68 is in LEADER state but not ready yet., logIndex=0, commits[localhost_10000:c-1, localhost_10002:c-1, localhost_10001:c-1]
2019-09-24 12:19:53,476 INFO  client.GrpcClientProtocolService (GrpcClientProtocolService.java:lambda$processClientRequest$0(278)) - Failed RaftClientRequest:client-2265A94AA220->localhost_10000@group-03E665A0CE68, cid=42, seq=0, RW, Message:321f0a0f0a0d74657374...(size=33), reply=RaftClientReply:client-2265A94AA220->localhost_10000@group-03E665A0CE68, cid=42, FAILED org.apache.ratis.protocol.LeaderNotReadyException: localhost_10000@group-03E665A0CE68 is in LEADER state but not ready yet., logIndex=0, commits[localhost_10000:c-1, localhost_10002:c-1, localhost_10001:c-1]
2019-09-24 12:19:53,477 INFO  client.GrpcClientProtocolService (GrpcClientProtocolService.java:lambda$processClientRequest$0(278)) - Failed RaftClientRequest:client-2265A94AA220->localhost_10000@group-03E665A0CE68, cid=42, seq=0, RW, Message:321f0a0f0a0d74657374...(size=33), reply=RaftClientReply:client-2265A94AA220->localhost_10000@group-03E665A0CE68, cid=42, FAILED org.apache.ratis.protocol.LeaderNotReadyException: localhost_10000@group-03E665A0CE68 is in LEADER state but not ready yet., logIndex=0, commits[localhost_10000:c-1, localhost_10002:c-1, localhost_10001:c-1]
2019-09-24 12:19:53,478 INFO  client.GrpcClientProtocolService (GrpcClientProtocolService.java:lambda$processClientRequest$0(278)) - Failed RaftClientRequest:client-2265A94AA220->localhost_10000@group-03E665A0CE68, cid=42, seq=0, RW, Message:321f0a0f0a0d74657374...(size=33), reply=RaftClientReply:client-2265A94AA220->localhost_10000@group-03E665A0CE68, cid=42, FAILED org.apache.ratis.protocol.LeaderNotReadyException: localhost_10000@group-03E665A0CE68 is in LEADER state but not ready yet., logIndex=0, commits[localhost_10000:c-1, localhost_10002:c-1, localhost_10001:c-1]
2019-09-24 12:19:53,479 INFO  client.GrpcClientProtocolService (GrpcClientProtocolService.java:lambda$processClientRequest$0(278)) - Failed RaftClientRequest:client-2265A94AA220->localhost_10000@group-03E665A0CE68, cid=42, seq=0, RW, Message:321f0a0f0a0d74657374...(size=33), reply=RaftClientReply:client-2265A94AA220->localhost_10000@group-03E665A0CE68, cid=42, FAILED org.apache.ratis.protocol.LeaderNotReadyException: localhost_10000@group-03E665A0CE68 is in LEADER state but not ready yet., logIndex=0, commits[localhost_10000:c-1, localhost_10002:c-1, localhost_10001:c-1]
2019-09-24 12:19:53,480 INFO  client.GrpcClientProtocolService (GrpcClientProtocolService.java:lambda$processClientRequest$0(278)) - Failed RaftClientRequest:client-2265A94AA220->localhost_10000@group-03E665A0CE68, cid=42, seq=0, RW, Message:321f0a0f0a0d74657374...(size=33), reply=RaftClientReply:client-2265A94AA220->localhost_10000@group-03E665A0CE68, cid=42, FAILED org.apache.ratis.protocol.LeaderNotReadyException: localhost_10000@group-03E665A0CE68 is in LEADER state but not ready yet., logIndex=0, commits[localhost_10000:c-1, localhost_10002:c-1, localhost_10001:c-1]
2019-09-24 12:19:53,481 INFO  client.GrpcClientProtocolService (GrpcClientProtocolService.java:lambda$processClientRequest$0(278)) - Failed RaftClientRequest:client-2265A94AA220->localhost_10000@group-03E665A0CE68, cid=42, seq=0, RW, Message:321f0a0f0a0d74657374...(size=33), reply=RaftClientReply:client-2265A94AA220->localhost_10000@group-03E665A0CE68, cid=42, FAILED org.apache.ratis.protocol.LeaderNotReadyException: localhost_10000@group-03E665A0CE68 is in LEADER state but not ready yet., logIndex=0, commits[localhost_10000:c-1, localhost_10002:c-1, localhost_10001:c-1]
2019-09-24 12:19:53,482 INFO  client.GrpcClientProtocolService (GrpcClientProtocolService.java:lambda$processClientRequest$0(278)) - Failed RaftClientRequest:client-2265A94AA220->localhost_10000@group-03E665A0CE68, cid=42, seq=0, RW, Message:321f0a0f0a0d74657374...(size=33), reply=RaftClientReply:client-2265A94AA220->localhost_10000@group-03E665A0CE68, cid=42, FAILED org.apache.ratis.protocol.LeaderNotReadyException: localhost_10000@group-03E665A0CE68 is in LEADER state but not ready yet., logIndex=0, commits[localhost_10000:c-1, localhost_10002:c-1, localhost_10001:c-1]
2019-09-24 12:19:53,483 INFO  client.GrpcClientProtocolService (GrpcClientProtocolService.java:lambda$processClientRequest$0(278)) - Failed RaftClientRequest:client-2265A94AA220->localhost_10000@group-03E665A0CE68, cid=42, seq=0, RW, Message:321f0a0f0a0d74657374...(size=33), reply=RaftClientReply:client-2265A94AA220->localhost_10000@group-03E665A0CE68, cid=42, FAILED org.apache.ratis.protocol.LeaderNotReadyException: localhost_10000@group-03E665A0CE68 is in LEADER state but not ready yet., logIndex=0, commits[localhost_10000:c-1, localhost_10002:c-1, localhost_10001:c-1]
2019-09-24 12:19:53,484 INFO  client.GrpcClientProtocolService (GrpcClientProtocolService.java:lambda$processClientRequest$0(278)) - Failed RaftClientRequest:client-2265A94AA220->localhost_10000@group-03E665A0CE68, cid=42, seq=0, RW, Message:321f0a0f0a0d74657374...(size=33), reply=RaftClientReply:client-2265A94AA220->localhost_10000@group-03E665A0CE68, cid=42, FAILED org.apache.ratis.protocol.LeaderNotReadyException: localhost_10000@group-03E665A0CE68 is in LEADER state but not ready yet., logIndex=0, commits[localhost_10000:c-1, localhost_10002:c-1, localhost_10001:c-1]
2019-09-24 12:19:53,485 INFO  client.GrpcClientProtocolService (GrpcClientProtocolService.java:lambda$processClientRequest$0(278)) - Failed RaftClientRequest:client-2265A94AA220->localhost_10000@group-03E665A0CE68, cid=42, seq=0, RW, Message:321f0a0f0a0d74657374...(size=33), reply=RaftClientReply:client-2265A94AA220->localhost_10000@group-03E665A0CE68, cid=42, FAILED org.apache.ratis.protocol.LeaderNotReadyException: localhost_10000@group-03E665A0CE68 is in LEADER state but not ready yet., logIndex=0, commits[localhost_10000:c-1, localhost_10002:c-1, localhost_10001:c-1]
2019-09-24 12:19:53,485 INFO  client.GrpcClientProtocolService (GrpcClientProtocolService.java:lambda$processClientRequest$0(278)) - Failed RaftClientRequest:client-2265A94AA220->localhost_10000@group-03E665A0CE68, cid=42, seq=0, RW, Message:321f0a0f0a0d74657374...(size=33), reply=RaftClientReply:client-2265A94AA220->localhost_10000@group-03E665A0CE68, cid=42, FAILED org.apache.ratis.protocol.LeaderNotReadyException: localhost_10000@group-03E665A0CE68 is in LEADER state but not ready yet., logIndex=0, commits[localhost_10000:c-1, localhost_10002:c-1, localhost_10001:c-1]
2019-09-24 12:19:53,487 INFO  client.GrpcClientProtocolService (GrpcClientProtocolService.java:lambda$processClientRequest$0(278)) - Failed RaftClientRequest:client-2265A94AA220->localhost_10000@group-03E665A0CE68, cid=42, seq=0, RW, Message:321f0a0f0a0d74657374...(size=33), reply=RaftClientReply:client-2265A94AA220->localhost_10000@group-03E665A0CE68, cid=42, FAILED org.apache.ratis.protocol.LeaderNotReadyException: localhost_10000@group-03E665A0CE68 is in LEADER state but not ready yet., logIndex=0, commits[localhost_10000:c-1, localhost_10002:c-1, localhost_10001:c-1]
2019-09-24 12:19:53,488 INFO  client.GrpcClientProtocolService (GrpcClientProtocolService.java:lambda$processClientRequest$0(278)) - Failed RaftClientRequest:client-2265A94AA220->localhost_10000@group-03E665A0CE68, cid=42, seq=0, RW, Message:321f0a0f0a0d74657374...(size=33), reply=RaftClientReply:client-2265A94AA220->localhost_10000@group-03E665A0CE68, cid=42, FAILED org.apache.ratis.protocol.LeaderNotReadyException: localhost_10000@group-03E665A0CE68 is in LEADER state but not ready yet., logIndex=0, commits[localhost_10000:c-1, localhost_10002:c-1, localhost_10001:c-1]
2019-09-24 12:19:53,489 INFO  client.GrpcClientProtocolService (GrpcClientProtocolService.java:lambda$processClientRequest$0(278)) - Failed RaftClientRequest:client-2265A94AA220->localhost_10000@group-03E665A0CE68, cid=42, seq=0, RW, Message:321f0a0f0a0d74657374...(size=33), reply=RaftClientReply:client-2265A94AA220->localhost_10000@group-03E665A0CE68, cid=42, FAILED org.apache.ratis.protocol.LeaderNotReadyException: localhost_10000@group-03E665A0CE68 is in LEADER state but not ready yet., logIndex=0, commits[localhost_10000:c-1, localhost_10002:c-1, localhost_10001:c-1]
2019-09-24 12:19:53,489 INFO  client.GrpcClientProtocolService (GrpcClientProtocolService.java:lambda$processClientRequest$0(278)) - Failed RaftClientRequest:client-2265A94AA220->localhost_10000@group-03E665A0CE68, cid=42, seq=0, RW, Message:321f0a0f0a0d74657374...(size=33), reply=RaftClientReply:client-2265A94AA220->localhost_10000@group-03E665A0CE68, cid=42, FAILED org.apache.ratis.protocol.LeaderNotReadyException: localhost_10000@group-03E665A0CE68 is in LEADER state but not ready yet., logIndex=0, commits[localhost_10000:c-1, localhost_10002:c-1, localhost_10001:c-1]
2019-09-24 12:19:53,490 INFO  client.GrpcClientProtocolService (GrpcClientProtocolService.java:lambda$processClientRequest$0(278)) - Failed RaftClientRequest:client-2265A94AA220->localhost_10000@group-03E665A0CE68, cid=42, seq=0, RW, Message:321f0a0f0a0d74657374...(size=33), reply=RaftClientReply:client-2265A94AA220->localhost_10000@group-03E665A0CE68, cid=42, FAILED org.apache.ratis.protocol.LeaderNotReadyException: localhost_10000@group-03E665A0CE68 is in LEADER state but not ready yet., logIndex=0, commits[localhost_10000:c-1, localhost_10002:c-1, localhost_10001:c-1]
2019-09-24 12:19:53,491 INFO  client.GrpcClientProtocolService (GrpcClientProtocolService.java:lambda$processClientRequest$0(278)) - Failed RaftClientRequest:client-2265A94AA220->localhost_10000@group-03E665A0CE68, cid=42, seq=0, RW, Message:321f0a0f0a0d74657374...(size=33), reply=RaftClientReply:client-2265A94AA220->localhost_10000@group-03E665A0CE68, cid=42, FAILED org.apache.ratis.protocol.LeaderNotReadyException: localhost_10000@group-03E665A0CE68 is in LEADER state but not ready yet., logIndex=0, commits[localhost_10000:c-1, localhost_10002:c-1, localhost_10001:c-1]
2019-09-24 12:19:53,492 INFO  client.GrpcClientProtocolService (GrpcClientProtocolService.java:lambda$processClientRequest$0(278)) - Failed RaftClientRequest:client-2265A94AA220->localhost_10000@group-03E665A0CE68, cid=42, seq=0, RW, Message:321f0a0f0a0d74657374...(size=33), reply=RaftClientReply:client-2265A94AA220->localhost_10000@group-03E665A0CE68, cid=42, FAILED org.apache.ratis.protocol.LeaderNotReadyException: localhost_10000@group-03E665A0CE68 is in LEADER state but not ready yet., logIndex=0, commits[localhost_10000:c-1, localhost_10002:c-1, localhost_10001:c-1]
2019-09-24 12:19:53,493 INFO  client.GrpcClientProtocolService (GrpcClientProtocolService.java:lambda$processClientRequest$0(278)) - Failed RaftClientRequest:client-2265A94AA220->localhost_10000@group-03E665A0CE68, cid=42, seq=0, RW, Message:321f0a0f0a0d74657374...(size=33), reply=RaftClientReply:client-2265A94AA220->localhost_10000@group-03E665A0CE68, cid=42, FAILED org.apache.ratis.protocol.LeaderNotReadyException: localhost_10000@group-03E665A0CE68 is in LEADER state but not ready yet., logIndex=0, commits[localhost_10000:c-1, localhost_10002:c-1, localhost_10001:c-1]
2019-09-24 12:19:53,494 INFO  client.GrpcClientProtocolService (GrpcClientProtocolService.java:lambda$processClientRequest$0(278)) - Failed RaftClientRequest:client-2265A94AA220->localhost_10000@group-03E665A0CE68, cid=42, seq=0, RW, Message:321f0a0f0a0d74657374...(size=33), reply=RaftClientReply:client-2265A94AA220->localhost_10000@group-03E665A0CE68, cid=42, FAILED org.apache.ratis.protocol.LeaderNotReadyException: localhost_10000@group-03E665A0CE68 is in LEADER state but not ready yet., logIndex=0, commits[localhost_10000:c-1, localhost_10002:c-1, localhost_10001:c-1]
2019-09-24 12:19:53,495 INFO  client.GrpcClientProtocolService (GrpcClientProtocolService.java:lambda$processClientRequest$0(278)) - Failed RaftClientRequest:client-2265A94AA220->localhost_10000@group-03E665A0CE68, cid=42, seq=0, RW, Message:321f0a0f0a0d74657374...(size=33), reply=RaftClientReply:client-2265A94AA220->localhost_10000@group-03E665A0CE68, cid=42, FAILED org.apache.ratis.protocol.LeaderNotReadyException: localhost_10000@group-03E665A0CE68 is in LEADER state but not ready yet., logIndex=0, commits[localhost_10000:c-1, localhost_10002:c-1, localhost_10001:c-1]
2019-09-24 12:19:53,496 INFO  client.GrpcClientProtocolService (GrpcClientProtocolService.java:lambda$processClientRequest$0(278)) - Failed RaftClientRequest:client-2265A94AA220->localhost_10000@group-03E665A0CE68, cid=42, seq=0, RW, Message:321f0a0f0a0d74657374...(size=33), reply=RaftClientReply:client-2265A94AA220->localhost_10000@group-03E665A0CE68, cid=42, FAILED org.apache.ratis.protocol.LeaderNotReadyException: localhost_10000@group-03E665A0CE68 is in LEADER state but not ready yet., logIndex=0, commits[localhost_10000:c-1, localhost_10002:c-1, localhost_10001:c-1]
2019-09-24 12:19:53,497 INFO  client.GrpcClientProtocolService (GrpcClientProtocolService.java:lambda$processClientRequest$0(278)) - Failed RaftClientRequest:client-2265A94AA220->localhost_10000@group-03E665A0CE68, cid=42, seq=0, RW, Message:321f0a0f0a0d74657374...(size=33), reply=RaftClientReply:client-2265A94AA220->localhost_10000@group-03E665A0CE68, cid=42, FAILED org.apache.ratis.protocol.LeaderNotReadyException: localhost_10000@group-03E665A0CE68 is in LEADER state but not ready yet., logIndex=0, commits[localhost_10000:c-1, localhost_10002:c-1, localhost_10001:c-1]
2019-09-24 12:19:53,498 INFO  client.GrpcClientProtocolService (GrpcClientProtocolService.java:lambda$processClientRequest$0(278)) - Failed RaftClientRequest:client-2265A94AA220->localhost_10000@group-03E665A0CE68, cid=42, seq=0, RW, Message:321f0a0f0a0d74657374...(size=33), reply=RaftClientReply:client-2265A94AA220->localhost_10000@group-03E665A0CE68, cid=42, FAILED org.apache.ratis.protocol.LeaderNotReadyException: localhost_10000@group-03E665A0CE68 is in LEADER state but not ready yet., logIndex=0, commits[localhost_10000:c-1, localhost_10002:c-1, localhost_10001:c-1]
2019-09-24 12:19:53,499 INFO  client.GrpcClientProtocolService (GrpcClientProtocolService.java:lambda$processClientRequest$0(278)) - Failed RaftClientRequest:client-2265A94AA220->localhost_10000@group-03E665A0CE68, cid=42, seq=0, RW, Message:321f0a0f0a0d74657374...(size=33), reply=RaftClientReply:client-2265A94AA220->localhost_10000@group-03E665A0CE68, cid=42, FAILED org.apache.ratis.protocol.LeaderNotReadyException: localhost_10000@group-03E665A0CE68 is in LEADER state but not ready yet., logIndex=0, commits[localhost_10000:c-1, localhost_10002:c-1, localhost_10001:c-1]
2019-09-24 12:19:53,500 INFO  client.GrpcClientProtocolService (GrpcClientProtocolService.java:lambda$processClientRequest$0(278)) - Failed RaftClientRequest:client-2265A94AA220->localhost_10000@group-03E665A0CE68, cid=42, seq=0, RW, Message:321f0a0f0a0d74657374...(size=33), reply=RaftClientReply:client-2265A94AA220->localhost_10000@group-03E665A0CE68, cid=42, FAILED org.apache.ratis.protocol.LeaderNotReadyException: localhost_10000@group-03E665A0CE68 is in LEADER state but not ready yet., logIndex=0, commits[localhost_10000:c-1, localhost_10002:c-1, localhost_10001:c-1]
2019-09-24 12:19:53,501 INFO  client.GrpcClientProtocolService (GrpcClientProtocolService.java:lambda$processClientRequest$0(278)) - Failed RaftClientRequest:client-2265A94AA220->localhost_10000@group-03E665A0CE68, cid=42, seq=0, RW, Message:321f0a0f0a0d74657374...(size=33), reply=RaftClientReply:client-2265A94AA220->localhost_10000@group-03E665A0CE68, cid=42, FAILED org.apache.ratis.protocol.LeaderNotReadyException: localhost_10000@group-03E665A0CE68 is in LEADER state but not ready yet., logIndex=0, commits[localhost_10000:c-1, localhost_10002:c-1, localhost_10001:c-1]
2019-09-24 12:19:53,502 INFO  client.GrpcClientProtocolService (GrpcClientProtocolService.java:lambda$processClientRequest$0(278)) - Failed RaftClientRequest:client-2265A94AA220->localhost_10000@group-03E665A0CE68, cid=42, seq=0, RW, Message:321f0a0f0a0d74657374...(size=33), reply=RaftClientReply:client-2265A94AA220->localhost_10000@group-03E665A0CE68, cid=42, FAILED org.apache.ratis.protocol.LeaderNotReadyException: localhost_10000@group-03E665A0CE68 is in LEADER state but not ready yet., logIndex=0, commits[localhost_10000:c-1, localhost_10002:c-1, localhost_10001:c-1]
2019-09-24 12:19:53,503 INFO  client.GrpcClientProtocolService (GrpcClientProtocolService.java:lambda$processClientRequest$0(278)) - Failed RaftClientRequest:client-2265A94AA220->localhost_10000@group-03E665A0CE68, cid=42, seq=0, RW, Message:321f0a0f0a0d74657374...(size=33), reply=RaftClientReply:client-2265A94AA220->localhost_10000@group-03E665A0CE68, cid=42, FAILED org.apache.ratis.protocol.LeaderNotReadyException: localhost_10000@group-03E665A0CE68 is in LEADER state but not ready yet., logIndex=0, commits[localhost_10000:c-1, localhost_10002:c-1, localhost_10001:c-1]
2019-09-24 12:19:53,503 INFO  client.GrpcClientProtocolService (GrpcClientProtocolService.java:lambda$processClientRequest$0(278)) - Failed RaftClientRequest:client-2265A94AA220->localhost_10000@group-03E665A0CE68, cid=42, seq=0, RW, Message:321f0a0f0a0d74657374...(size=33), reply=RaftClientReply:client-2265A94AA220->localhost_10000@group-03E665A0CE68, cid=42, FAILED org.apache.ratis.protocol.LeaderNotReadyException: localhost_10000@group-03E665A0CE68 is in LEADER state but not ready yet., logIndex=0, commits[localhost_10000:c-1, localhost_10002:c-1, localhost_10001:c-1]
2019-09-24 12:19:53,504 INFO  client.GrpcClientProtocolService (GrpcClientProtocolService.java:lambda$processClientRequest$0(278)) - Failed RaftClientRequest:client-2265A94AA220->localhost_10000@group-03E665A0CE68, cid=42, seq=0, RW, Message:321f0a0f0a0d74657374...(size=33), reply=RaftClientReply:client-2265A94AA220->localhost_10000@group-03E665A0CE68, cid=42, FAILED org.apache.ratis.protocol.LeaderNotReadyException: localhost_10000@group-03E665A0CE68 is in LEADER state but not ready yet., logIndex=0, commits[localhost_10000:c-1, localhost_10002:c-1, localhost_10001:c-1]
2019-09-24 12:19:53,505 INFO  client.GrpcClientProtocolService (GrpcClientProtocolService.java:lambda$processClientRequest$0(278)) - Failed RaftClientRequest:client-2265A94AA220->localhost_10000@group-03E665A0CE68, cid=42, seq=0, RW, Message:321f0a0f0a0d74657374...(size=33), reply=RaftClientReply:client-2265A94AA220->localhost_10000@group-03E665A0CE68, cid=42, FAILED org.apache.ratis.protocol.LeaderNotReadyException: localhost_10000@group-03E665A0CE68 is in LEADER state but not ready yet., logIndex=0, commits[localhost_10000:c-1, localhost_10002:c-1, localhost_10001:c-1]
2019-09-24 12:19:53,506 INFO  client.GrpcClientProtocolService (GrpcClientProtocolService.java:lambda$processClientRequest$0(278)) - Failed RaftClientRequest:client-2265A94AA220->localhost_10000@group-03E665A0CE68, cid=42, seq=0, RW, Message:321f0a0f0a0d74657374...(size=33), reply=RaftClientReply:client-2265A94AA220->localhost_10000@group-03E665A0CE68, cid=42, FAILED org.apache.ratis.protocol.LeaderNotReadyException: localhost_10000@group-03E665A0CE68 is in LEADER state but not ready yet., logIndex=0, commits[localhost_10000:c-1, localhost_10002:c-1, localhost_10001:c-1]
2019-09-24 12:19:53,507 INFO  client.GrpcClientProtocolService (GrpcClientProtocolService.java:lambda$processClientRequest$0(278)) - Failed RaftClientRequest:client-2265A94AA220->localhost_10000@group-03E665A0CE68, cid=42, seq=0, RW, Message:321f0a0f0a0d74657374...(size=33), reply=RaftClientReply:client-2265A94AA220->localhost_10000@group-03E665A0CE68, cid=42, FAILED org.apache.ratis.protocol.LeaderNotReadyException: localhost_10000@group-03E665A0CE68 is in LEADER state but not ready yet., logIndex=0, commits[localhost_10000:c-1, localhost_10002:c-1, localhost_10001:c-1]
2019-09-24 12:19:53,508 INFO  client.GrpcClientProtocolService (GrpcClientProtocolService.java:lambda$processClientRequest$0(278)) - Failed RaftClientRequest:client-2265A94AA220->localhost_10000@group-03E665A0CE68, cid=42, seq=0, RW, Message:321f0a0f0a0d74657374...(size=33), reply=RaftClientReply:client-2265A94AA220->localhost_10000@group-03E665A0CE68, cid=42, FAILED org.apache.ratis.protocol.LeaderNotReadyException: localhost_10000@group-03E665A0CE68 is in LEADER state but not ready yet., logIndex=0, commits[localhost_10000:c-1, localhost_10002:c-1, localhost_10001:c-1]
2019-09-24 12:19:53,509 INFO  client.GrpcClientProtocolService (GrpcClientProtocolService.java:lambda$processClientRequest$0(278)) - Failed RaftClientRequest:client-2265A94AA220->localhost_10000@group-03E665A0CE68, cid=42, seq=0, RW, Message:321f0a0f0a0d74657374...(size=33), reply=RaftClientReply:client-2265A94AA220->localhost_10000@group-03E665A0CE68, cid=42, FAILED org.apache.ratis.protocol.LeaderNotReadyException: localhost_10000@group-03E665A0CE68 is in LEADER state but not ready yet., logIndex=0, commits[localhost_10000:c-1, localhost_10002:c-1, localhost_10001:c-1]
2019-09-24 12:19:53,510 INFO  client.GrpcClientProtocolService (GrpcClientProtocolService.java:lambda$processClientRequest$0(278)) - Failed RaftClientRequest:client-2265A94AA220->localhost_10000@group-03E665A0CE68, cid=42, seq=0, RW, Message:321f0a0f0a0d74657374...(size=33), reply=RaftClientReply:client-2265A94AA220->localhost_10000@group-03E665A0CE68, cid=42, FAILED org.apache.ratis.protocol.LeaderNotReadyException: localhost_10000@group-03E665A0CE68 is in LEADER state but not ready yet., logIndex=0, commits[localhost_10000:c-1, localhost_10002:c-1, localhost_10001:c-1]
2019-09-24 12:19:53,511 INFO  client.GrpcClientProtocolService (GrpcClientProtocolService.java:lambda$processClientRequest$0(278)) - Failed RaftClientRequest:client-2265A94AA220->localhost_10000@group-03E665A0CE68, cid=42, seq=0, RW, Message:321f0a0f0a0d74657374...(size=33), reply=RaftClientReply:client-2265A94AA220->localhost_10000@group-03E665A0CE68, cid=42, FAILED org.apache.ratis.protocol.LeaderNotReadyException: localhost_10000@group-03E665A0CE68 is in LEADER state but not ready yet., logIndex=0, commits[localhost_10000:c-1, localhost_10002:c-1, localhost_10001:c-1]
2019-09-24 12:19:53,512 INFO  client.GrpcClientProtocolService (GrpcClientProtocolService.java:lambda$processClientRequest$0(278)) - Failed RaftClientRequest:client-2265A94AA220->localhost_10000@group-03E665A0CE68, cid=42, seq=0, RW, Message:321f0a0f0a0d74657374...(size=33), reply=RaftClientReply:client-2265A94AA220->localhost_10000@group-03E665A0CE68, cid=42, FAILED org.apache.ratis.protocol.LeaderNotReadyException: localhost_10000@group-03E665A0CE68 is in LEADER state but not ready yet., logIndex=0, commits[localhost_10000:c-1, localhost_10002:c-1, localhost_10001:c-1]
2019-09-24 12:19:53,513 INFO  client.GrpcClientProtocolService (GrpcClientProtocolService.java:lambda$processClientRequest$0(278)) - Failed RaftClientRequest:client-2265A94AA220->localhost_10000@group-03E665A0CE68, cid=42, seq=0, RW, Message:321f0a0f0a0d74657374...(size=33), reply=RaftClientReply:client-2265A94AA220->localhost_10000@group-03E665A0CE68, cid=42, FAILED org.apache.ratis.protocol.LeaderNotReadyException: localhost_10000@group-03E665A0CE68 is in LEADER state but not ready yet., logIndex=0, commits[localhost_10000:c-1, localhost_10002:c-1, localhost_10001:c-1]
2019-09-24 12:19:53,514 INFO  client.GrpcClientProtocolService (GrpcClientProtocolService.java:lambda$processClientRequest$0(278)) - Failed RaftClientRequest:client-2265A94AA220->localhost_10000@group-03E665A0CE68, cid=42, seq=0, RW, Message:321f0a0f0a0d74657374...(size=33), reply=RaftClientReply:client-2265A94AA220->localhost_10000@group-03E665A0CE68, cid=42, FAILED org.apache.ratis.protocol.LeaderNotReadyException: localhost_10000@group-03E665A0CE68 is in LEADER state but not ready yet., logIndex=0, commits[localhost_10000:c-1, localhost_10002:c-1, localhost_10001:c-1]
2019-09-24 12:19:53,514 INFO  client.GrpcClientProtocolService (GrpcClientProtocolService.java:lambda$processClientRequest$0(278)) - Failed RaftClientRequest:client-2265A94AA220->localhost_10000@group-03E665A0CE68, cid=42, seq=0, RW, Message:321f0a0f0a0d74657374...(size=33), reply=RaftClientReply:client-2265A94AA220->localhost_10000@group-03E665A0CE68, cid=42, FAILED org.apache.ratis.protocol.LeaderNotReadyException: localhost_10000@group-03E665A0CE68 is in LEADER state but not ready yet., logIndex=0, commits[localhost_10000:c-1, localhost_10002:c-1, localhost_10001:c-1]
2019-09-24 12:19:53,515 INFO  client.GrpcClientProtocolService (GrpcClientProtocolService.java:lambda$processClientRequest$0(278)) - Failed RaftClientRequest:client-2265A94AA220->localhost_10000@group-03E665A0CE68, cid=42, seq=0, RW, Message:321f0a0f0a0d74657374...(size=33), reply=RaftClientReply:client-2265A94AA220->localhost_10000@group-03E665A0CE68, cid=42, FAILED org.apache.ratis.protocol.LeaderNotReadyException: localhost_10000@group-03E665A0CE68 is in LEADER state but not ready yet., logIndex=0, commits[localhost_10000:c-1, localhost_10002:c-1, localhost_10001:c-1]
2019-09-24 12:19:53,516 INFO  client.GrpcClientProtocolService (GrpcClientProtocolService.java:lambda$processClientRequest$0(278)) - Failed RaftClientRequest:client-2265A94AA220->localhost_10000@group-03E665A0CE68, cid=42, seq=0, RW, Message:321f0a0f0a0d74657374...(size=33), reply=RaftClientReply:client-2265A94AA220->localhost_10000@group-03E665A0CE68, cid=42, FAILED org.apache.ratis.protocol.LeaderNotReadyException: localhost_10000@group-03E665A0CE68 is in LEADER state but not ready yet., logIndex=0, commits[localhost_10000:c-1, localhost_10002:c-1, localhost_10001:c-1]
2019-09-24 12:19:53,517 INFO  client.GrpcClientProtocolService (GrpcClientProtocolService.java:lambda$processClientRequest$0(278)) - Failed RaftClientRequest:client-2265A94AA220->localhost_10000@group-03E665A0CE68, cid=42, seq=0, RW, Message:321f0a0f0a0d74657374...(size=33), reply=RaftClientReply:client-2265A94AA220->localhost_10000@group-03E665A0CE68, cid=42, FAILED org.apache.ratis.protocol.LeaderNotReadyException: localhost_10000@group-03E665A0CE68 is in LEADER state but not ready yet., logIndex=0, commits[localhost_10000:c-1, localhost_10002:c-1, localhost_10001:c-1]
2019-09-24 12:19:53,518 INFO  client.GrpcClientProtocolService (GrpcClientProtocolService.java:lambda$processClientRequest$0(278)) - Failed RaftClientRequest:client-2265A94AA220->localhost_10000@group-03E665A0CE68, cid=42, seq=0, RW, Message:321f0a0f0a0d74657374...(size=33), reply=RaftClientReply:client-2265A94AA220->localhost_10000@group-03E665A0CE68, cid=42, FAILED org.apache.ratis.protocol.LeaderNotReadyException: localhost_10000@group-03E665A0CE68 is in LEADER state but not ready yet., logIndex=0, commits[localhost_10000:c-1, localhost_10002:c-1, localhost_10001:c-1]
2019-09-24 12:19:53,519 INFO  client.GrpcClientProtocolService (GrpcClientProtocolService.java:lambda$processClientRequest$0(278)) - Failed RaftClientRequest:client-2265A94AA220->localhost_10000@group-03E665A0CE68, cid=42, seq=0, RW, Message:321f0a0f0a0d74657374...(size=33), reply=RaftClientReply:client-2265A94AA220->localhost_10000@group-03E665A0CE68, cid=42, FAILED org.apache.ratis.protocol.LeaderNotReadyException: localhost_10000@group-03E665A0CE68 is in LEADER state but not ready yet., logIndex=0, commits[localhost_10000:c-1, localhost_10002:c-1, localhost_10001:c-1]
2019-09-24 12:19:53,520 INFO  client.GrpcClientProtocolService (GrpcClientProtocolService.java:lambda$processClientRequest$0(278)) - Failed RaftClientRequest:client-2265A94AA220->localhost_10000@group-03E665A0CE68, cid=42, seq=0, RW, Message:321f0a0f0a0d74657374...(size=33), reply=RaftClientReply:client-2265A94AA220->localhost_10000@group-03E665A0CE68, cid=42, FAILED org.apache.ratis.protocol.LeaderNotReadyException: localhost_10000@group-03E665A0CE68 is in LEADER state but not ready yet., logIndex=0, commits[localhost_10000:c-1, localhost_10002:c-1, localhost_10001:c-1]
2019-09-24 12:19:53,521 INFO  client.GrpcClientProtocolService (GrpcClientProtocolService.java:lambda$processClientRequest$0(278)) - Failed RaftClientRequest:client-2265A94AA220->localhost_10000@group-03E665A0CE68, cid=42, seq=0, RW, Message:321f0a0f0a0d74657374...(size=33), reply=RaftClientReply:client-2265A94AA220->localhost_10000@group-03E665A0CE68, cid=42, FAILED org.apache.ratis.protocol.LeaderNotReadyException: localhost_10000@group-03E665A0CE68 is in LEADER state but not ready yet., logIndex=0, commits[localhost_10000:c-1, localhost_10002:c-1, localhost_10001:c-1]
2019-09-24 12:19:53,522 INFO  client.GrpcClientProtocolService (GrpcClientProtocolService.java:lambda$processClientRequest$0(278)) - Failed RaftClientRequest:client-2265A94AA220->localhost_10000@group-03E665A0CE68, cid=42, seq=0, RW, Message:321f0a0f0a0d74657374...(size=33), reply=RaftClientReply:client-2265A94AA220->localhost_10000@group-03E665A0CE68, cid=42, FAILED org.apache.ratis.protocol.LeaderNotReadyException: localhost_10000@group-03E665A0CE68 is in LEADER state but not ready yet., logIndex=0, commits[localhost_10000:c-1, localhost_10002:c-1, localhost_10001:c-1]
2019-09-24 12:19:53,523 INFO  client.GrpcClientProtocolService (GrpcClientProtocolService.java:lambda$processClientRequest$0(278)) - Failed RaftClientRequest:client-2265A94AA220->localhost_10000@group-03E665A0CE68, cid=42, seq=0, RW, Message:321f0a0f0a0d74657374...(size=33), reply=RaftClientReply:client-2265A94AA220->localhost_10000@group-03E665A0CE68, cid=42, FAILED org.apache.ratis.protocol.LeaderNotReadyException: localhost_10000@group-03E665A0CE68 is in LEADER state but not ready yet., logIndex=0, commits[localhost_10000:c-1, localhost_10002:c-1, localhost_10001:c-1]
2019-09-24 12:19:53,523 INFO  client.GrpcClientProtocolService (GrpcClientProtocolService.java:lambda$processClientRequest$0(278)) - Failed RaftClientRequest:client-2265A94AA220->localhost_10000@group-03E665A0CE68, cid=42, seq=0, RW, Message:321f0a0f0a0d74657374...(size=33), reply=RaftClientReply:client-2265A94AA220->localhost_10000@group-03E665A0CE68, cid=42, FAILED org.apache.ratis.protocol.LeaderNotReadyException: localhost_10000@group-03E665A0CE68 is in LEADER state but not ready yet., logIndex=0, commits[localhost_10000:c-1, localhost_10002:c-1, localhost_10001:c-1]
2019-09-24 12:19:53,524 INFO  client.GrpcClientProtocolService (GrpcClientProtocolService.java:lambda$processClientRequest$0(278)) - Failed RaftClientRequest:client-2265A94AA220->localhost_10000@group-03E665A0CE68, cid=42, seq=0, RW, Message:321f0a0f0a0d74657374...(size=33), reply=RaftClientReply:client-2265A94AA220->localhost_10000@group-03E665A0CE68, cid=42, FAILED org.apache.ratis.protocol.LeaderNotReadyException: localhost_10000@group-03E665A0CE68 is in LEADER state but not ready yet., logIndex=0, commits[localhost_10000:c-1, localhost_10002:c-1, localhost_10001:c-1]
2019-09-24 12:19:53,525 INFO  client.GrpcClientProtocolService (GrpcClientProtocolService.java:lambda$processClientRequest$0(278)) - Failed RaftClientRequest:client-2265A94AA220->localhost_10000@group-03E665A0CE68, cid=42, seq=0, RW, Message:321f0a0f0a0d74657374...(size=33), reply=RaftClientReply:client-2265A94AA220->localhost_10000@group-03E665A0CE68, cid=42, FAILED org.apache.ratis.protocol.LeaderNotReadyException: localhost_10000@group-03E665A0CE68 is in LEADER state but not ready yet., logIndex=0, commits[localhost_10000:c-1, localhost_10002:c-1, localhost_10001:c-1]
2019-09-24 12:19:53,526 INFO  client.GrpcClientProtocolService (GrpcClientProtocolService.java:lambda$processClientRequest$0(278)) - Failed RaftClientRequest:client-2265A94AA220->localhost_10000@group-03E665A0CE68, cid=42, seq=0, RW, Message:321f0a0f0a0d74657374...(size=33), reply=RaftClientReply:client-2265A94AA220->localhost_10000@group-03E665A0CE68, cid=42, FAILED org.apache.ratis.protocol.LeaderNotReadyException: localhost_10000@group-03E665A0CE68 is in LEADER state but not ready yet., logIndex=0, commits[localhost_10000:c-1, localhost_10002:c-1, localhost_10001:c-1]
2019-09-24 12:19:53,527 INFO  client.GrpcClientProtocolService (GrpcClientProtocolService.java:lambda$processClientRequest$0(278)) - Failed RaftClientRequest:client-2265A94AA220->localhost_10000@group-03E665A0CE68, cid=42, seq=0, RW, Message:321f0a0f0a0d74657374...(size=33), reply=RaftClientReply:client-2265A94AA220->localhost_10000@group-03E665A0CE68, cid=42, FAILED org.apache.ratis.protocol.LeaderNotReadyException: localhost_10000@group-03E665A0CE68 is in LEADER state but not ready yet., logIndex=0, commits[localhost_10000:c-1, localhost_10002:c-1, localhost_10001:c-1]
2019-09-24 12:19:53,528 INFO  client.GrpcClientProtocolService (GrpcClientProtocolService.java:lambda$processClientRequest$0(278)) - Failed RaftClientRequest:client-2265A94AA220->localhost_10000@group-03E665A0CE68, cid=42, seq=0, RW, Message:321f0a0f0a0d74657374...(size=33), reply=RaftClientReply:client-2265A94AA220->localhost_10000@group-03E665A0CE68, cid=42, FAILED org.apache.ratis.protocol.LeaderNotReadyException: localhost_10000@group-03E665A0CE68 is in LEADER state but not ready yet., logIndex=0, commits[localhost_10000:c-1, localhost_10002:c-1, localhost_10001:c-1]
2019-09-24 12:19:53,529 INFO  client.GrpcClientProtocolService (GrpcClientProtocolService.java:lambda$processClientRequest$0(278)) - Failed RaftClientRequest:client-2265A94AA220->localhost_10000@group-03E665A0CE68, cid=42, seq=0, RW, Message:321f0a0f0a0d74657374...(size=33), reply=RaftClientReply:client-2265A94AA220->localhost_10000@group-03E665A0CE68, cid=42, FAILED org.apache.ratis.protocol.LeaderNotReadyException: localhost_10000@group-03E665A0CE68 is in LEADER state but not ready yet., logIndex=0, commits[localhost_10000:c-1, localhost_10002:c-1, localhost_10001:c-1]
2019-09-24 12:19:53,530 INFO  client.GrpcClientProtocolService (GrpcClientProtocolService.java:lambda$processClientRequest$0(278)) - Failed RaftClientRequest:client-2265A94AA220->localhost_10000@group-03E665A0CE68, cid=42, seq=0, RW, Message:321f0a0f0a0d74657374...(size=33), reply=RaftClientReply:client-2265A94AA220->localhost_10000@group-03E665A0CE68, cid=42, FAILED org.apache.ratis.protocol.LeaderNotReadyException: localhost_10000@group-03E665A0CE68 is in LEADER state but not ready yet., logIndex=0, commits[localhost_10000:c-1, localhost_10002:c-1, localhost_10001:c-1]
2019-09-24 12:19:53,531 INFO  client.GrpcClientProtocolService (GrpcClientProtocolService.java:lambda$processClientRequest$0(278)) - Failed RaftClientRequest:client-2265A94AA220->localhost_10000@group-03E665A0CE68, cid=42, seq=0, RW, Message:321f0a0f0a0d74657374...(size=33), reply=RaftClientReply:client-2265A94AA220->localhost_10000@group-03E665A0CE68, cid=42, FAILED org.apache.ratis.protocol.LeaderNotReadyException: localhost_10000@group-03E665A0CE68 is in LEADER state but not ready yet., logIndex=0, commits[localhost_10000:c-1, localhost_10002:c-1, localhost_10001:c-1]
2019-09-24 12:19:53,531 INFO  client.GrpcClientProtocolService (GrpcClientProtocolService.java:lambda$processClientRequest$0(278)) - Failed RaftClientRequest:client-2265A94AA220->localhost_10000@group-03E665A0CE68, cid=42, seq=0, RW, Message:321f0a0f0a0d74657374...(size=33), reply=RaftClientReply:client-2265A94AA220->localhost_10000@group-03E665A0CE68, cid=42, FAILED org.apache.ratis.protocol.LeaderNotReadyException: localhost_10000@group-03E665A0CE68 is in LEADER state but not ready yet., logIndex=0, commits[localhost_10000:c-1, localhost_10002:c-1, localhost_10001:c-1]
2019-09-24 12:19:53,532 INFO  client.GrpcClientProtocolService (GrpcClientProtocolService.java:lambda$processClientRequest$0(278)) - Failed RaftClientRequest:client-2265A94AA220->localhost_10000@group-03E665A0CE68, cid=42, seq=0, RW, Message:321f0a0f0a0d74657374...(size=33), reply=RaftClientReply:client-2265A94AA220->localhost_10000@group-03E665A0CE68, cid=42, FAILED org.apache.ratis.protocol.LeaderNotReadyException: localhost_10000@group-03E665A0CE68 is in LEADER state but not ready yet., logIndex=0, commits[localhost_10000:c-1, localhost_10002:c-1, localhost_10001:c-1]
2019-09-24 12:19:53,533 INFO  client.GrpcClientProtocolService (GrpcClientProtocolService.java:lambda$processClientRequest$0(278)) - Failed RaftClientRequest:client-2265A94AA220->localhost_10000@group-03E665A0CE68, cid=42, seq=0, RW, Message:321f0a0f0a0d74657374...(size=33), reply=RaftClientReply:client-2265A94AA220->localhost_10000@group-03E665A0CE68, cid=42, FAILED org.apache.ratis.protocol.LeaderNotReadyException: localhost_10000@group-03E665A0CE68 is in LEADER state but not ready yet., logIndex=0, commits[localhost_10000:c-1, localhost_10002:c-1, localhost_10001:c-1]
2019-09-24 12:19:53,534 INFO  client.GrpcClientProtocolService (GrpcClientProtocolService.java:lambda$processClientRequest$0(278)) - Failed RaftClientRequest:client-2265A94AA220->localhost_10000@group-03E665A0CE68, cid=42, seq=0, RW, Message:321f0a0f0a0d74657374...(size=33), reply=RaftClientReply:client-2265A94AA220->localhost_10000@group-03E665A0CE68, cid=42, FAILED org.apache.ratis.protocol.LeaderNotReadyException: localhost_10000@group-03E665A0CE68 is in LEADER state but not ready yet., logIndex=0, commits[localhost_10000:c-1, localhost_10002:c-1, localhost_10001:c-1]
2019-09-24 12:19:53,535 INFO  client.GrpcClientProtocolService (GrpcClientProtocolService.java:lambda$processClientRequest$0(278)) - Failed RaftClientRequest:client-2265A94AA220->localhost_10000@group-03E665A0CE68, cid=42, seq=0, RW, Message:321f0a0f0a0d74657374...(size=33), reply=RaftClientReply:client-2265A94AA220->localhost_10000@group-03E665A0CE68, cid=42, FAILED org.apache.ratis.protocol.LeaderNotReadyException: localhost_10000@group-03E665A0CE68 is in LEADER state but not ready yet., logIndex=0, commits[localhost_10000:c-1, localhost_10002:c-1, localhost_10001:c-1]
2019-09-24 12:19:53,536 INFO  client.GrpcClientProtocolService (GrpcClientProtocolService.java:lambda$processClientRequest$0(278)) - Failed RaftClientRequest:client-2265A94AA220->localhost_10000@group-03E665A0CE68, cid=42, seq=0, RW, Message:321f0a0f0a0d74657374...(size=33), reply=RaftClientReply:client-2265A94AA220->localhost_10000@group-03E665A0CE68, cid=42, FAILED org.apache.ratis.protocol.LeaderNotReadyException: localhost_10000@group-03E665A0CE68 is in LEADER state but not ready yet., logIndex=0, commits[localhost_10000:c-1, localhost_10002:c-1, localhost_10001:c-1]
2019-09-24 12:19:53,539 INFO  client.GrpcClientProtocolService (GrpcClientProtocolService.java:lambda$processClientRequest$0(278)) - Failed RaftClientRequest:client-2265A94AA220->localhost_10000@group-03E665A0CE68, cid=42, seq=0, RW, Message:321f0a0f0a0d74657374...(size=33), reply=RaftClientReply:client-2265A94AA220->localhost_10000@group-03E665A0CE68, cid=42, FAILED org.apache.ratis.protocol.LeaderNotReadyException: localhost_10000@group-03E665A0CE68 is in LEADER state but not ready yet., logIndex=0, commits[localhost_10000:c-1, localhost_10002:c-1, localhost_10001:c-1]
2019-09-24 12:19:53,540 INFO  client.GrpcClientProtocolService (GrpcClientProtocolService.java:lambda$processClientRequest$0(278)) - Failed RaftClientRequest:client-2265A94AA220->localhost_10000@group-03E665A0CE68, cid=42, seq=0, RW, Message:321f0a0f0a0d74657374...(size=33), reply=RaftClientReply:client-2265A94AA220->localhost_10000@group-03E665A0CE68, cid=42, FAILED org.apache.ratis.protocol.LeaderNotReadyException: localhost_10000@group-03E665A0CE68 is in LEADER state but not ready yet., logIndex=0, commits[localhost_10000:c-1, localhost_10002:c-1, localhost_10001:c-1]
2019-09-24 12:19:53,541 INFO  client.GrpcClientProtocolService (GrpcClientProtocolService.java:lambda$processClientRequest$0(278)) - Failed RaftClientRequest:client-2265A94AA220->localhost_10000@group-03E665A0CE68, cid=42, seq=0, RW, Message:321f0a0f0a0d74657374...(size=33), reply=RaftClientReply:client-2265A94AA220->localhost_10000@group-03E665A0CE68, cid=42, FAILED org.apache.ratis.protocol.LeaderNotReadyException: localhost_10000@group-03E665A0CE68 is in LEADER state but not ready yet., logIndex=0, commits[localhost_10000:c-1, localhost_10002:c-1, localhost_10001:c-1]
2019-09-24 12:19:53,542 INFO  client.GrpcClientProtocolService (GrpcClientProtocolService.java:lambda$processClientRequest$0(278)) - Failed RaftClientRequest:client-2265A94AA220->localhost_10000@group-03E665A0CE68, cid=42, seq=0, RW, Message:321f0a0f0a0d74657374...(size=33), reply=RaftClientReply:client-2265A94AA220->localhost_10000@group-03E665A0CE68, cid=42, FAILED org.apache.ratis.protocol.LeaderNotReadyException: localhost_10000@group-03E665A0CE68 is in LEADER state but not ready yet., logIndex=0, commits[localhost_10000:c-1, localhost_10002:c-1, localhost_10001:c-1]
2019-09-24 12:19:53,543 INFO  client.GrpcClientProtocolService (GrpcClientProtocolService.java:lambda$processClientRequest$0(278)) - Failed RaftClientRequest:client-2265A94AA220->localhost_10000@group-03E665A0CE68, cid=42, seq=0, RW, Message:321f0a0f0a0d74657374...(size=33), reply=RaftClientReply:client-2265A94AA220->localhost_10000@group-03E665A0CE68, cid=42, FAILED org.apache.ratis.protocol.LeaderNotReadyException: localhost_10000@group-03E665A0CE68 is in LEADER state but not ready yet., logIndex=0, commits[localhost_10000:c-1, localhost_10002:c-1, localhost_10001:c-1]
2019-09-24 12:19:53,544 INFO  client.GrpcClientProtocolService (GrpcClientProtocolService.java:lambda$processClientRequest$0(278)) - Failed RaftClientRequest:client-2265A94AA220->localhost_10000@group-03E665A0CE68, cid=42, seq=0, RW, Message:321f0a0f0a0d74657374...(size=33), reply=RaftClientReply:client-2265A94AA220->localhost_10000@group-03E665A0CE68, cid=42, FAILED org.apache.ratis.protocol.LeaderNotReadyException: localhost_10000@group-03E665A0CE68 is in LEADER state but not ready yet., logIndex=0, commits[localhost_10000:c-1, localhost_10002:c-1, localhost_10001:c-1]
2019-09-24 12:19:53,545 INFO  client.GrpcClientProtocolService (GrpcClientProtocolService.java:lambda$processClientRequest$0(278)) - Failed RaftClientRequest:client-2265A94AA220->localhost_10000@group-03E665A0CE68, cid=42, seq=0, RW, Message:321f0a0f0a0d74657374...(size=33), reply=RaftClientReply:client-2265A94AA220->localhost_10000@group-03E665A0CE68, cid=42, FAILED org.apache.ratis.protocol.LeaderNotReadyException: localhost_10000@group-03E665A0CE68 is in LEADER state but not ready yet., logIndex=0, commits[localhost_10000:c-1, localhost_10002:c-1, localhost_10001:c-1]
2019-09-24 12:19:53,546 INFO  client.GrpcClientProtocolService (GrpcClientProtocolService.java:lambda$processClientRequest$0(278)) - Failed RaftClientRequest:client-2265A94AA220->localhost_10000@group-03E665A0CE68, cid=42, seq=0, RW, Message:321f0a0f0a0d74657374...(size=33), reply=RaftClientReply:client-2265A94AA220->localhost_10000@group-03E665A0CE68, cid=42, FAILED org.apache.ratis.protocol.LeaderNotReadyException: localhost_10000@group-03E665A0CE68 is in LEADER state but not ready yet., logIndex=0, commits[localhost_10000:c-1, localhost_10002:c-1, localhost_10001:c-1]
2019-09-24 12:19:53,547 INFO  client.GrpcClientProtocolService (GrpcClientProtocolService.java:lambda$processClientRequest$0(278)) - Failed RaftClientRequest:client-2265A94AA220->localhost_10000@group-03E665A0CE68, cid=42, seq=0, RW, Message:321f0a0f0a0d74657374...(size=33), reply=RaftClientReply:client-2265A94AA220->localhost_10000@group-03E665A0CE68, cid=42, FAILED org.apache.ratis.protocol.LeaderNotReadyException: localhost_10000@group-03E665A0CE68 is in LEADER state but not ready yet., logIndex=0, commits[localhost_10000:c-1, localhost_10002:c-1, localhost_10001:c-1]
2019-09-24 12:19:53,548 INFO  client.GrpcClientProtocolService (GrpcClientProtocolService.java:lambda$processClientRequest$0(278)) - Failed RaftClientRequest:client-2265A94AA220->localhost_10000@group-03E665A0CE68, cid=42, seq=0, RW, Message:321f0a0f0a0d74657374...(size=33), reply=RaftClientReply:client-2265A94AA220->localhost_10000@group-03E665A0CE68, cid=42, FAILED org.apache.ratis.protocol.LeaderNotReadyException: localhost_10000@group-03E665A0CE68 is in LEADER state but not ready yet., logIndex=0, commits[localhost_10000:c-1, localhost_10002:c-1, localhost_10001:c-1]
2019-09-24 12:19:53,549 INFO  client.GrpcClientProtocolService (GrpcClientProtocolService.java:lambda$processClientRequest$0(278)) - Failed RaftClientRequest:client-2265A94AA220->localhost_10000@group-03E665A0CE68, cid=42, seq=0, RW, Message:321f0a0f0a0d74657374...(size=33), reply=RaftClientReply:client-2265A94AA220->localhost_10000@group-03E665A0CE68, cid=42, FAILED org.apache.ratis.protocol.LeaderNotReadyException: localhost_10000@group-03E665A0CE68 is in LEADER state but not ready yet., logIndex=0, commits[localhost_10000:c-1, localhost_10002:c-1, localhost_10001:c-1]
2019-09-24 12:19:53,551 INFO  client.GrpcClientProtocolService (GrpcClientProtocolService.java:lambda$processClientRequest$0(278)) - Failed RaftClientRequest:client-2265A94AA220->localhost_10000@group-03E665A0CE68, cid=42, seq=0, RW, Message:321f0a0f0a0d74657374...(size=33), reply=RaftClientReply:client-2265A94AA220->localhost_10000@group-03E665A0CE68, cid=42, FAILED org.apache.ratis.protocol.LeaderNotReadyException: localhost_10000@group-03E665A0CE68 is in LEADER state but not ready yet., logIndex=0, commits[localhost_10000:c-1, localhost_10002:c-1, localhost_10001:c-1]
2019-09-24 12:19:53,552 INFO  client.GrpcClientProtocolService (GrpcClientProtocolService.java:lambda$processClientRequest$0(278)) - Failed RaftClientRequest:client-2265A94AA220->localhost_10000@group-03E665A0CE68, cid=42, seq=0, RW, Message:321f0a0f0a0d74657374...(size=33), reply=RaftClientReply:client-2265A94AA220->localhost_10000@group-03E665A0CE68, cid=42, FAILED org.apache.ratis.protocol.LeaderNotReadyException: localhost_10000@group-03E665A0CE68 is in LEADER state but not ready yet., logIndex=0, commits[localhost_10000:c-1, localhost_10002:c-1, localhost_10001:c-1]
2019-09-24 12:19:53,553 INFO  client.GrpcClientProtocolService (GrpcClientProtocolService.java:lambda$processClientRequest$0(278)) - Failed RaftClientRequest:client-2265A94AA220->localhost_10000@group-03E665A0CE68, cid=42, seq=0, RW, Message:321f0a0f0a0d74657374...(size=33), reply=RaftClientReply:client-2265A94AA220->localhost_10000@group-03E665A0CE68, cid=42, FAILED org.apache.ratis.protocol.LeaderNotReadyException: localhost_10000@group-03E665A0CE68 is in LEADER state but not ready yet., logIndex=0, commits[localhost_10000:c-1, localhost_10002:c-1, localhost_10001:c-1]
2019-09-24 12:19:53,554 INFO  client.GrpcClientProtocolService (GrpcClientProtocolService.java:lambda$processClientRequest$0(278)) - Failed RaftClientRequest:client-2265A94AA220->localhost_10000@group-03E665A0CE68, cid=42, seq=0, RW, Message:321f0a0f0a0d74657374...(size=33), reply=RaftClientReply:client-2265A94AA220->localhost_10000@group-03E665A0CE68, cid=42, FAILED org.apache.ratis.protocol.LeaderNotReadyException: localhost_10000@group-03E665A0CE68 is in LEADER state but not ready yet., logIndex=0, commits[localhost_10000:c-1, localhost_10002:c-1, localhost_10001:c-1]
2019-09-24 12:19:53,555 INFO  client.GrpcClientProtocolService (GrpcClientProtocolService.java:lambda$processClientRequest$0(278)) - Failed RaftClientRequest:client-2265A94AA220->localhost_10000@group-03E665A0CE68, cid=42, seq=0, RW, Message:321f0a0f0a0d74657374...(size=33), reply=RaftClientReply:client-2265A94AA220->localhost_10000@group-03E665A0CE68, cid=42, FAILED org.apache.ratis.protocol.LeaderNotReadyException: localhost_10000@group-03E665A0CE68 is in LEADER state but not ready yet., logIndex=0, commits[localhost_10000:c-1, localhost_10002:c-1, localhost_10001:c-1]
2019-09-24 12:19:53,556 INFO  client.GrpcClientProtocolService (GrpcClientProtocolService.java:lambda$processClientRequest$0(278)) - Failed RaftClientRequest:client-2265A94AA220->localhost_10000@group-03E665A0CE68, cid=42, seq=0, RW, Message:321f0a0f0a0d74657374...(size=33), reply=RaftClientReply:client-2265A94AA220->localhost_10000@group-03E665A0CE68, cid=42, FAILED org.apache.ratis.protocol.LeaderNotReadyException: localhost_10000@group-03E665A0CE68 is in LEADER state but not ready yet., logIndex=0, commits[localhost_10000:c-1, localhost_10002:c-1, localhost_10001:c-1]
2019-09-24 12:19:53,557 INFO  client.GrpcClientProtocolService (GrpcClientProtocolService.java:lambda$processClientRequest$0(278)) - Failed RaftClientRequest:client-2265A94AA220->localhost_10000@group-03E665A0CE68, cid=42, seq=0, RW, Message:321f0a0f0a0d74657374...(size=33), reply=RaftClientReply:client-2265A94AA220->localhost_10000@group-03E665A0CE68, cid=42, FAILED org.apache.ratis.protocol.LeaderNotReadyException: localhost_10000@group-03E665A0CE68 is in LEADER state but not ready yet., logIndex=0, commits[localhost_10000:c-1, localhost_10002:c-1, localhost_10001:c-1]
2019-09-24 12:19:53,558 INFO  client.GrpcClientProtocolService (GrpcClientProtocolService.java:lambda$processClientRequest$0(278)) - Failed RaftClientRequest:client-2265A94AA220->localhost_10000@group-03E665A0CE68, cid=42, seq=0, RW, Message:321f0a0f0a0d74657374...(size=33), reply=RaftClientReply:client-2265A94AA220->localhost_10000@group-03E665A0CE68, cid=42, FAILED org.apache.ratis.protocol.LeaderNotReadyException: localhost_10000@group-03E665A0CE68 is in LEADER state but not ready yet., logIndex=0, commits[localhost_10000:c-1, localhost_10002:c-1, localhost_10001:c-1]
2019-09-24 12:19:53,559 INFO  client.GrpcClientProtocolService (GrpcClientProtocolService.java:lambda$processClientRequest$0(278)) - Failed RaftClientRequest:client-2265A94AA220->localhost_10000@group-03E665A0CE68, cid=42, seq=0, RW, Message:321f0a0f0a0d74657374...(size=33), reply=RaftClientReply:client-2265A94AA220->localhost_10000@group-03E665A0CE68, cid=42, FAILED org.apache.ratis.protocol.LeaderNotReadyException: localhost_10000@group-03E665A0CE68 is in LEADER state but not ready yet., logIndex=0, commits[localhost_10000:c-1, localhost_10002:c-1, localhost_10001:c-1]
2019-09-24 12:19:53,560 INFO  client.GrpcClientProtocolService (GrpcClientProtocolService.java:lambda$processClientRequest$0(278)) - Failed RaftClientRequest:client-2265A94AA220->localhost_10000@group-03E665A0CE68, cid=42, seq=0, RW, Message:321f0a0f0a0d74657374...(size=33), reply=RaftClientReply:client-2265A94AA220->localhost_10000@group-03E665A0CE68, cid=42, FAILED org.apache.ratis.protocol.LeaderNotReadyException: localhost_10000@group-03E665A0CE68 is in LEADER state but not ready yet., logIndex=0, commits[localhost_10000:c-1, localhost_10002:c-1, localhost_10001:c-1]
2019-09-24 12:19:53,561 INFO  client.GrpcClientProtocolService (GrpcClientProtocolService.java:lambda$processClientRequest$0(278)) - Failed RaftClientRequest:client-2265A94AA220->localhost_10000@group-03E665A0CE68, cid=42, seq=0, RW, Message:321f0a0f0a0d74657374...(size=33), reply=RaftClientReply:client-2265A94AA220->localhost_10000@group-03E665A0CE68, cid=42, FAILED org.apache.ratis.protocol.LeaderNotReadyException: localhost_10000@group-03E665A0CE68 is in LEADER state but not ready yet., logIndex=0, commits[localhost_10000:c-1, localhost_10002:c-1, localhost_10001:c-1]
2019-09-24 12:19:53,562 INFO  client.GrpcClientProtocolService (GrpcClientProtocolService.java:lambda$processClientRequest$0(278)) - Failed RaftClientRequest:client-2265A94AA220->localhost_10000@group-03E665A0CE68, cid=42, seq=0, RW, Message:321f0a0f0a0d74657374...(size=33), reply=RaftClientReply:client-2265A94AA220->localhost_10000@group-03E665A0CE68, cid=42, FAILED org.apache.ratis.protocol.LeaderNotReadyException: localhost_10000@group-03E665A0CE68 is in LEADER state but not ready yet., logIndex=0, commits[localhost_10000:c-1, localhost_10002:c-1, localhost_10001:c-1]
2019-09-24 12:19:53,563 INFO  client.GrpcClientProtocolService (GrpcClientProtocolService.java:lambda$processClientRequest$0(278)) - Failed RaftClientRequest:client-2265A94AA220->localhost_10000@group-03E665A0CE68, cid=42, seq=0, RW, Message:321f0a0f0a0d74657374...(size=33), reply=RaftClientReply:client-2265A94AA220->localhost_10000@group-03E665A0CE68, cid=42, FAILED org.apache.ratis.protocol.LeaderNotReadyException: localhost_10000@group-03E665A0CE68 is in LEADER state but not ready yet., logIndex=0, commits[localhost_10000:c-1, localhost_10002:c-1, localhost_10001:c-1]
2019-09-24 12:19:53,564 INFO  client.GrpcClientProtocolService (GrpcClientProtocolService.java:lambda$processClientRequest$0(278)) - Failed RaftClientRequest:client-2265A94AA220->localhost_10000@group-03E665A0CE68, cid=42, seq=0, RW, Message:321f0a0f0a0d74657374...(size=33), reply=RaftClientReply:client-2265A94AA220->localhost_10000@group-03E665A0CE68, cid=42, FAILED org.apache.ratis.protocol.LeaderNotReadyException: localhost_10000@group-03E665A0CE68 is in LEADER state but not ready yet., logIndex=0, commits[localhost_10000:c-1, localhost_10002:c-1, localhost_10001:c-1]
2019-09-24 12:19:53,565 INFO  client.GrpcClientProtocolService (GrpcClientProtocolService.java:lambda$processClientRequest$0(278)) - Failed RaftClientRequest:client-2265A94AA220->localhost_10000@group-03E665A0CE68, cid=42, seq=0, RW, Message:321f0a0f0a0d74657374...(size=33), reply=RaftClientReply:client-2265A94AA220->localhost_10000@group-03E665A0CE68, cid=42, FAILED org.apache.ratis.protocol.LeaderNotReadyException: localhost_10000@group-03E665A0CE68 is in LEADER state but not ready yet., logIndex=0, commits[localhost_10000:c-1, localhost_10002:c-1, localhost_10001:c-1]
2019-09-24 12:19:53,566 INFO  client.GrpcClientProtocolService (GrpcClientProtocolService.java:lambda$processClientRequest$0(278)) - Failed RaftClientRequest:client-2265A94AA220->localhost_10000@group-03E665A0CE68, cid=42, seq=0, RW, Message:321f0a0f0a0d74657374...(size=33), reply=RaftClientReply:client-2265A94AA220->localhost_10000@group-03E665A0CE68, cid=42, FAILED org.apache.ratis.protocol.LeaderNotReadyException: localhost_10000@group-03E665A0CE68 is in LEADER state but not ready yet., logIndex=0, commits[localhost_10000:c-1, localhost_10002:c-1, localhost_10001:c-1]
2019-09-24 12:19:53,567 INFO  client.GrpcClientProtocolService (GrpcClientProtocolService.java:lambda$processClientRequest$0(278)) - Failed RaftClientRequest:client-2265A94AA220->localhost_10000@group-03E665A0CE68, cid=42, seq=0, RW, Message:321f0a0f0a0d74657374...(size=33), reply=RaftClientReply:client-2265A94AA220->localhost_10000@group-03E665A0CE68, cid=42, FAILED org.apache.ratis.protocol.LeaderNotReadyException: localhost_10000@group-03E665A0CE68 is in LEADER state but not ready yet., logIndex=0, commits[localhost_10000:c-1, localhost_10002:c-1, localhost_10001:c-1]
2019-09-24 12:19:53,569 INFO  client.GrpcClientProtocolService (GrpcClientProtocolService.java:lambda$processClientRequest$0(278)) - Failed RaftClientRequest:client-2265A94AA220->localhost_10000@group-03E665A0CE68, cid=42, seq=0, RW, Message:321f0a0f0a0d74657374...(size=33), reply=RaftClientReply:client-2265A94AA220->localhost_10000@group-03E665A0CE68, cid=42, FAILED org.apache.ratis.protocol.LeaderNotReadyException: localhost_10000@group-03E665A0CE68 is in LEADER state but not ready yet., logIndex=0, commits[localhost_10000:c-1, localhost_10002:c-1, localhost_10001:c-1]
2019-09-24 12:19:53,570 INFO  client.GrpcClientProtocolService (GrpcClientProtocolService.java:lambda$processClientRequest$0(278)) - Failed RaftClientRequest:client-2265A94AA220->localhost_10000@group-03E665A0CE68, cid=42, seq=0, RW, Message:321f0a0f0a0d74657374...(size=33), reply=RaftClientReply:client-2265A94AA220->localhost_10000@group-03E665A0CE68, cid=42, FAILED org.apache.ratis.protocol.LeaderNotReadyException: localhost_10000@group-03E665A0CE68 is in LEADER state but not ready yet., logIndex=0, commits[localhost_10000:c-1, localhost_10002:c-1, localhost_10001:c-1]
2019-09-24 12:19:53,570 INFO  client.GrpcClientProtocolService (GrpcClientProtocolService.java:lambda$processClientRequest$0(278)) - Failed RaftClientRequest:client-2265A94AA220->localhost_10000@group-03E665A0CE68, cid=42, seq=0, RW, Message:321f0a0f0a0d74657374...(size=33), reply=RaftClientReply:client-2265A94AA220->localhost_10000@group-03E665A0CE68, cid=42, FAILED org.apache.ratis.protocol.LeaderNotReadyException: localhost_10000@group-03E665A0CE68 is in LEADER state but not ready yet., logIndex=0, commits[localhost_10000:c-1, localhost_10002:c-1, localhost_10001:c-1]
2019-09-24 12:19:53,571 INFO  client.GrpcClientProtocolService (GrpcClientProtocolService.java:lambda$processClientRequest$0(278)) - Failed RaftClientRequest:client-2265A94AA220->localhost_10000@group-03E665A0CE68, cid=42, seq=0, RW, Message:321f0a0f0a0d74657374...(size=33), reply=RaftClientReply:client-2265A94AA220->localhost_10000@group-03E665A0CE68, cid=42, FAILED org.apache.ratis.protocol.LeaderNotReadyException: localhost_10000@group-03E665A0CE68 is in LEADER state but not ready yet., logIndex=0, commits[localhost_10000:c-1, localhost_10002:c-1, localhost_10001:c-1]
2019-09-24 12:19:53,572 INFO  client.GrpcClientProtocolService (GrpcClientProtocolService.java:lambda$processClientRequest$0(278)) - Failed RaftClientRequest:client-2265A94AA220->localhost_10000@group-03E665A0CE68, cid=42, seq=0, RW, Message:321f0a0f0a0d74657374...(size=33), reply=RaftClientReply:client-2265A94AA220->localhost_10000@group-03E665A0CE68, cid=42, FAILED org.apache.ratis.protocol.LeaderNotReadyException: localhost_10000@group-03E665A0CE68 is in LEADER state but not ready yet., logIndex=0, commits[localhost_10000:c-1, localhost_10002:c-1, localhost_10001:c-1]
2019-09-24 12:19:53,573 INFO  client.GrpcClientProtocolService (GrpcClientProtocolService.java:lambda$processClientRequest$0(278)) - Failed RaftClientRequest:client-2265A94AA220->localhost_10000@group-03E665A0CE68, cid=42, seq=0, RW, Message:321f0a0f0a0d74657374...(size=33), reply=RaftClientReply:client-2265A94AA220->localhost_10000@group-03E665A0CE68, cid=42, FAILED org.apache.ratis.protocol.LeaderNotReadyException: localhost_10000@group-03E665A0CE68 is in LEADER state but not ready yet., logIndex=0, commits[localhost_10000:c-1, localhost_10002:c-1, localhost_10001:c-1]
2019-09-24 12:19:53,574 INFO  client.GrpcClientProtocolService (GrpcClientProtocolService.java:lambda$processClientRequest$0(278)) - Failed RaftClientRequest:client-2265A94AA220->localhost_10000@group-03E665A0CE68, cid=42, seq=0, RW, Message:321f0a0f0a0d74657374...(size=33), reply=RaftClientReply:client-2265A94AA220->localhost_10000@group-03E665A0CE68, cid=42, FAILED org.apache.ratis.protocol.LeaderNotReadyException: localhost_10000@group-03E665A0CE68 is in LEADER state but not ready yet., logIndex=0, commits[localhost_10000:c-1, localhost_10002:c-1, localhost_10001:c-1]
2019-09-24 12:19:53,575 INFO  client.GrpcClientProtocolService (GrpcClientProtocolService.java:lambda$processClientRequest$0(278)) - Failed RaftClientRequest:client-2265A94AA220->localhost_10000@group-03E665A0CE68, cid=42, seq=0, RW, Message:321f0a0f0a0d74657374...(size=33), reply=RaftClientReply:client-2265A94AA220->localhost_10000@group-03E665A0CE68, cid=42, FAILED org.apache.ratis.protocol.LeaderNotReadyException: localhost_10000@group-03E665A0CE68 is in LEADER state but not ready yet., logIndex=0, commits[localhost_10000:c-1, localhost_10002:c-1, localhost_10001:c-1]
2019-09-24 12:19:53,576 INFO  client.GrpcClientProtocolService (GrpcClientProtocolService.java:lambda$processClientRequest$0(278)) - Failed RaftClientRequest:client-2265A94AA220->localhost_10000@group-03E665A0CE68, cid=42, seq=0, RW, Message:321f0a0f0a0d74657374...(size=33), reply=RaftClientReply:client-2265A94AA220->localhost_10000@group-03E665A0CE68, cid=42, FAILED org.apache.ratis.protocol.LeaderNotReadyException: localhost_10000@group-03E665A0CE68 is in LEADER state but not ready yet., logIndex=0, commits[localhost_10000:c-1, localhost_10002:c-1, localhost_10001:c-1]
2019-09-24 12:19:53,577 INFO  client.GrpcClientProtocolService (GrpcClientProtocolService.java:lambda$processClientRequest$0(278)) - Failed RaftClientRequest:client-2265A94AA220->localhost_10000@group-03E665A0CE68, cid=42, seq=0, RW, Message:321f0a0f0a0d74657374...(size=33), reply=RaftClientReply:client-2265A94AA220->localhost_10000@group-03E665A0CE68, cid=42, FAILED org.apache.ratis.protocol.LeaderNotReadyException: localhost_10000@group-03E665A0CE68 is in LEADER state but not ready yet., logIndex=0, commits[localhost_10000:c-1, localhost_10002:c-1, localhost_10001:c-1]
2019-09-24 12:19:53,578 INFO  client.GrpcClientProtocolService (GrpcClientProtocolService.java:lambda$processClientRequest$0(278)) - Failed RaftClientRequest:client-2265A94AA220->localhost_10000@group-03E665A0CE68, cid=42, seq=0, RW, Message:321f0a0f0a0d74657374...(size=33), reply=RaftClientReply:client-2265A94AA220->localhost_10000@group-03E665A0CE68, cid=42, FAILED org.apache.ratis.protocol.LeaderNotReadyException: localhost_10000@group-03E665A0CE68 is in LEADER state but not ready yet., logIndex=0, commits[localhost_10000:c-1, localhost_10002:c-1, localhost_10001:c-1]
2019-09-24 12:19:53,579 INFO  client.GrpcClientProtocolService (GrpcClientProtocolService.java:lambda$processClientRequest$0(278)) - Failed RaftClientRequest:client-2265A94AA220->localhost_10000@group-03E665A0CE68, cid=42, seq=0, RW, Message:321f0a0f0a0d74657374...(size=33), reply=RaftClientReply:client-2265A94AA220->localhost_10000@group-03E665A0CE68, cid=42, FAILED org.apache.ratis.protocol.LeaderNotReadyException: localhost_10000@group-03E665A0CE68 is in LEADER state but not ready yet., logIndex=0, commits[localhost_10000:c-1, localhost_10002:c-1, localhost_10001:c-1]
2019-09-24 12:19:53,580 INFO  client.GrpcClientProtocolService (GrpcClientProtocolService.java:lambda$processClientRequest$0(278)) - Failed RaftClientRequest:client-2265A94AA220->localhost_10000@group-03E665A0CE68, cid=42, seq=0, RW, Message:321f0a0f0a0d74657374...(size=33), reply=RaftClientReply:client-2265A94AA220->localhost_10000@group-03E665A0CE68, cid=42, FAILED org.apache.ratis.protocol.LeaderNotReadyException: localhost_10000@group-03E665A0CE68 is in LEADER state but not ready yet., logIndex=0, commits[localhost_10000:c-1, localhost_10002:c-1, localhost_10001:c-1]
2019-09-24 12:19:53,581 INFO  client.GrpcClientProtocolService (GrpcClientProtocolService.java:lambda$processClientRequest$0(278)) - Failed RaftClientRequest:client-2265A94AA220->localhost_10000@group-03E665A0CE68, cid=42, seq=0, RW, Message:321f0a0f0a0d74657374...(size=33), reply=RaftClientReply:client-2265A94AA220->localhost_10000@group-03E665A0CE68, cid=42, FAILED org.apache.ratis.protocol.LeaderNotReadyException: localhost_10000@group-03E665A0CE68 is in LEADER state but not ready yet., logIndex=0, commits[localhost_10000:c-1, localhost_10002:c-1, localhost_10001:c-1]
2019-09-24 12:19:53,582 INFO  client.GrpcClientProtocolService (GrpcClientProtocolService.java:lambda$processClientRequest$0(278)) - Failed RaftClientRequest:client-2265A94AA220->localhost_10000@group-03E665A0CE68, cid=42, seq=0, RW, Message:321f0a0f0a0d74657374...(size=33), reply=RaftClientReply:client-2265A94AA220->localhost_10000@group-03E665A0CE68, cid=42, FAILED org.apache.ratis.protocol.LeaderNotReadyException: localhost_10000@group-03E665A0CE68 is in LEADER state but not ready yet., logIndex=0, commits[localhost_10000:c-1, localhost_10002:c-1, localhost_10001:c-1]
2019-09-24 12:19:53,583 INFO  client.GrpcClientProtocolService (GrpcClientProtocolService.java:lambda$processClientRequest$0(278)) - Failed RaftClientRequest:client-2265A94AA220->localhost_10000@group-03E665A0CE68, cid=42, seq=0, RW, Message:321f0a0f0a0d74657374...(size=33), reply=RaftClientReply:client-2265A94AA220->localhost_10000@group-03E665A0CE68, cid=42, FAILED org.apache.ratis.protocol.LeaderNotReadyException: localhost_10000@group-03E665A0CE68 is in LEADER state but not ready yet., logIndex=0, commits[localhost_10000:c-1, localhost_10002:c-1, localhost_10001:c-1]
2019-09-24 12:19:53,584 INFO  client.GrpcClientProtocolService (GrpcClientProtocolService.java:lambda$processClientRequest$0(278)) - Failed RaftClientRequest:client-2265A94AA220->localhost_10000@group-03E665A0CE68, cid=42, seq=0, RW, Message:321f0a0f0a0d74657374...(size=33), reply=RaftClientReply:client-2265A94AA220->localhost_10000@group-03E665A0CE68, cid=42, FAILED org.apache.ratis.protocol.LeaderNotReadyException: localhost_10000@group-03E665A0CE68 is in LEADER state but not ready yet., logIndex=0, commits[localhost_10000:c-1, localhost_10002:c-1, localhost_10001:c-1]
2019-09-24 12:19:53,585 INFO  client.GrpcClientProtocolService (GrpcClientProtocolService.java:lambda$processClientRequest$0(278)) - Failed RaftClientRequest:client-2265A94AA220->localhost_10000@group-03E665A0CE68, cid=42, seq=0, RW, Message:321f0a0f0a0d74657374...(size=33), reply=RaftClientReply:client-2265A94AA220->localhost_10000@group-03E665A0CE68, cid=42, FAILED org.apache.ratis.protocol.LeaderNotReadyException: localhost_10000@group-03E665A0CE68 is in LEADER state but not ready yet., logIndex=0, commits[localhost_10000:c-1, localhost_10002:c-1, localhost_10001:c-1]
2019-09-24 12:19:53,586 INFO  client.GrpcClientProtocolService (GrpcClientProtocolService.java:lambda$processClientRequest$0(278)) - Failed RaftClientRequest:client-2265A94AA220->localhost_10000@group-03E665A0CE68, cid=42, seq=0, RW, Message:321f0a0f0a0d74657374...(size=33), reply=RaftClientReply:client-2265A94AA220->localhost_10000@group-03E665A0CE68, cid=42, FAILED org.apache.ratis.protocol.LeaderNotReadyException: localhost_10000@group-03E665A0CE68 is in LEADER state but not ready yet., logIndex=0, commits[localhost_10000:c-1, localhost_10002:c-1, localhost_10001:c-1]
2019-09-24 12:19:53,586 INFO  client.GrpcClientProtocolService (GrpcClientProtocolService.java:lambda$processClientRequest$0(278)) - Failed RaftClientRequest:client-2265A94AA220->localhost_10000@group-03E665A0CE68, cid=42, seq=0, RW, Message:321f0a0f0a0d74657374...(size=33), reply=RaftClientReply:client-2265A94AA220->localhost_10000@group-03E665A0CE68, cid=42, FAILED org.apache.ratis.protocol.LeaderNotReadyException: localhost_10000@group-03E665A0CE68 is in LEADER state but not ready yet., logIndex=0, commits[localhost_10000:c-1, localhost_10002:c-1, localhost_10001:c-1]
2019-09-24 12:19:53,587 INFO  client.GrpcClientProtocolService (GrpcClientProtocolService.java:lambda$processClientRequest$0(278)) - Failed RaftClientRequest:client-2265A94AA220->localhost_10000@group-03E665A0CE68, cid=42, seq=0, RW, Message:321f0a0f0a0d74657374...(size=33), reply=RaftClientReply:client-2265A94AA220->localhost_10000@group-03E665A0CE68, cid=42, FAILED org.apache.ratis.protocol.LeaderNotReadyException: localhost_10000@group-03E665A0CE68 is in LEADER state but not ready yet., logIndex=0, commits[localhost_10000:c-1, localhost_10002:c-1, localhost_10001:c-1]
2019-09-24 12:19:53,588 INFO  client.GrpcClientProtocolService (GrpcClientProtocolService.java:lambda$processClientRequest$0(278)) - Failed RaftClientRequest:client-2265A94AA220->localhost_10000@group-03E665A0CE68, cid=42, seq=0, RW, Message:321f0a0f0a0d74657374...(size=33), reply=RaftClientReply:client-2265A94AA220->localhost_10000@group-03E665A0CE68, cid=42, FAILED org.apache.ratis.protocol.LeaderNotReadyException: localhost_10000@group-03E665A0CE68 is in LEADER state but not ready yet., logIndex=0, commits[localhost_10000:c-1, localhost_10002:c-1, localhost_10001:c-1]
2019-09-24 12:19:53,589 INFO  client.GrpcClientProtocolService (GrpcClientProtocolService.java:lambda$processClientRequest$0(278)) - Failed RaftClientRequest:client-2265A94AA220->localhost_10000@group-03E665A0CE68, cid=42, seq=0, RW, Message:321f0a0f0a0d74657374...(size=33), reply=RaftClientReply:client-2265A94AA220->localhost_10000@group-03E665A0CE68, cid=42, FAILED org.apache.ratis.protocol.LeaderNotReadyException: localhost_10000@group-03E665A0CE68 is in LEADER state but not ready yet., logIndex=0, commits[localhost_10000:c-1, localhost_10002:c-1, localhost_10001:c-1]
2019-09-24 12:19:53,590 INFO  client.GrpcClientProtocolService (GrpcClientProtocolService.java:lambda$processClientRequest$0(278)) - Failed RaftClientRequest:client-2265A94AA220->localhost_10000@group-03E665A0CE68, cid=42, seq=0, RW, Message:321f0a0f0a0d74657374...(size=33), reply=RaftClientReply:client-2265A94AA220->localhost_10000@group-03E665A0CE68, cid=42, FAILED org.apache.ratis.protocol.LeaderNotReadyException: localhost_10000@group-03E665A0CE68 is in LEADER state but not ready yet., logIndex=0, commits[localhost_10000:c-1, localhost_10002:c-1, localhost_10001:c-1]
2019-09-24 12:19:53,591 INFO  client.GrpcClientProtocolService (GrpcClientProtocolService.java:lambda$processClientRequest$0(278)) - Failed RaftClientRequest:client-2265A94AA220->localhost_10000@group-03E665A0CE68, cid=42, seq=0, RW, Message:321f0a0f0a0d74657374...(size=33), reply=RaftClientReply:client-2265A94AA220->localhost_10000@group-03E665A0CE68, cid=42, FAILED org.apache.ratis.protocol.LeaderNotReadyException: localhost_10000@group-03E665A0CE68 is in LEADER state but not ready yet., logIndex=0, commits[localhost_10000:c-1, localhost_10002:c-1, localhost_10001:c-1]
2019-09-24 12:19:53,592 INFO  client.GrpcClientProtocolService (GrpcClientProtocolService.java:lambda$processClientRequest$0(278)) - Failed RaftClientRequest:client-2265A94AA220->localhost_10000@group-03E665A0CE68, cid=42, seq=0, RW, Message:321f0a0f0a0d74657374...(size=33), reply=RaftClientReply:client-2265A94AA220->localhost_10000@group-03E665A0CE68, cid=42, FAILED org.apache.ratis.protocol.LeaderNotReadyException: localhost_10000@group-03E665A0CE68 is in LEADER state but not ready yet., logIndex=0, commits[localhost_10000:c-1, localhost_10002:c-1, localhost_10001:c-1]
2019-09-24 12:19:53,593 INFO  client.GrpcClientProtocolService (GrpcClientProtocolService.java:lambda$processClientRequest$0(278)) - Failed RaftClientRequest:client-2265A94AA220->localhost_10000@group-03E665A0CE68, cid=42, seq=0, RW, Message:321f0a0f0a0d74657374...(size=33), reply=RaftClientReply:client-2265A94AA220->localhost_10000@group-03E665A0CE68, cid=42, FAILED org.apache.ratis.protocol.LeaderNotReadyException: localhost_10000@group-03E665A0CE68 is in LEADER state but not ready yet., logIndex=0, commits[localhost_10000:c-1, localhost_10002:c-1, localhost_10001:c-1]
2019-09-24 12:19:53,593 INFO  client.GrpcClientProtocolService (GrpcClientProtocolService.java:lambda$processClientRequest$0(278)) - Failed RaftClientRequest:client-2265A94AA220->localhost_10000@group-03E665A0CE68, cid=42, seq=0, RW, Message:321f0a0f0a0d74657374...(size=33), reply=RaftClientReply:client-2265A94AA220->localhost_10000@group-03E665A0CE68, cid=42, FAILED org.apache.ratis.protocol.LeaderNotReadyException: localhost_10000@group-03E665A0CE68 is in LEADER state but not ready yet., logIndex=0, commits[localhost_10000:c-1, localhost_10002:c-1, localhost_10001:c-1]
2019-09-24 12:19:53,594 INFO  client.GrpcClientProtocolService (GrpcClientProtocolService.java:lambda$processClientRequest$0(278)) - Failed RaftClientRequest:client-2265A94AA220->localhost_10000@group-03E665A0CE68, cid=42, seq=0, RW, Message:321f0a0f0a0d74657374...(size=33), reply=RaftClientReply:client-2265A94AA220->localhost_10000@group-03E665A0CE68, cid=42, FAILED org.apache.ratis.protocol.LeaderNotReadyException: localhost_10000@group-03E665A0CE68 is in LEADER state but not ready yet., logIndex=0, commits[localhost_10000:c-1, localhost_10002:c-1, localhost_10001:c-1]
2019-09-24 12:19:53,595 INFO  client.GrpcClientProtocolService (GrpcClientProtocolService.java:lambda$processClientRequest$0(278)) - Failed RaftClientRequest:client-2265A94AA220->localhost_10000@group-03E665A0CE68, cid=42, seq=0, RW, Message:321f0a0f0a0d74657374...(size=33), reply=RaftClientReply:client-2265A94AA220->localhost_10000@group-03E665A0CE68, cid=42, FAILED org.apache.ratis.protocol.LeaderNotReadyException: localhost_10000@group-03E665A0CE68 is in LEADER state but not ready yet., logIndex=0, commits[localhost_10000:c-1, localhost_10002:c-1, localhost_10001:c-1]
2019-09-24 12:19:53,596 INFO  client.GrpcClientProtocolService (GrpcClientProtocolService.java:lambda$processClientRequest$0(278)) - Failed RaftClientRequest:client-2265A94AA220->localhost_10000@group-03E665A0CE68, cid=42, seq=0, RW, Message:321f0a0f0a0d74657374...(size=33), reply=RaftClientReply:client-2265A94AA220->localhost_10000@group-03E665A0CE68, cid=42, FAILED org.apache.ratis.protocol.LeaderNotReadyException: localhost_10000@group-03E665A0CE68 is in LEADER state but not ready yet., logIndex=0, commits[localhost_10000:c-1, localhost_10002:c-1, localhost_10001:c-1]
2019-09-24 12:19:53,597 INFO  client.GrpcClientProtocolService (GrpcClientProtocolService.java:lambda$processClientRequest$0(278)) - Failed RaftClientRequest:client-2265A94AA220->localhost_10000@group-03E665A0CE68, cid=42, seq=0, RW, Message:321f0a0f0a0d74657374...(size=33), reply=RaftClientReply:client-2265A94AA220->localhost_10000@group-03E665A0CE68, cid=42, FAILED org.apache.ratis.protocol.LeaderNotReadyException: localhost_10000@group-03E665A0CE68 is in LEADER state but not ready yet., logIndex=0, commits[localhost_10000:c-1, localhost_10002:c-1, localhost_10001:c-1]
2019-09-24 12:19:53,598 INFO  client.GrpcClientProtocolService (GrpcClientProtocolService.java:lambda$processClientRequest$0(278)) - Failed RaftClientRequest:client-2265A94AA220->localhost_10000@group-03E665A0CE68, cid=42, seq=0, RW, Message:321f0a0f0a0d74657374...(size=33), reply=RaftClientReply:client-2265A94AA220->localhost_10000@group-03E665A0CE68, cid=42, FAILED org.apache.ratis.protocol.LeaderNotReadyException: localhost_10000@group-03E665A0CE68 is in LEADER state but not ready yet., logIndex=0, commits[localhost_10000:c-1, localhost_10002:c-1, localhost_10001:c-1]
2019-09-24 12:19:53,600 INFO  client.GrpcClientProtocolService (GrpcClientProtocolService.java:lambda$processClientRequest$0(278)) - Failed RaftClientRequest:client-2265A94AA220->localhost_10000@group-03E665A0CE68, cid=42, seq=0, RW, Message:321f0a0f0a0d74657374...(size=33), reply=RaftClientReply:client-2265A94AA220->localhost_10000@group-03E665A0CE68, cid=42, FAILED org.apache.ratis.protocol.LeaderNotReadyException: localhost_10000@group-03E665A0CE68 is in LEADER state but not ready yet., logIndex=0, commits[localhost_10000:c-1, localhost_10002:c-1, localhost_10001:c-1]
2019-09-24 12:19:53,601 INFO  client.GrpcClientProtocolService (GrpcClientProtocolService.java:lambda$processClientRequest$0(278)) - Failed RaftClientRequest:client-2265A94AA220->localhost_10000@group-03E665A0CE68, cid=42, seq=0, RW, Message:321f0a0f0a0d74657374...(size=33), reply=RaftClientReply:client-2265A94AA220->localhost_10000@group-03E665A0CE68, cid=42, FAILED org.apache.ratis.protocol.LeaderNotReadyException: localhost_10000@group-03E665A0CE68 is in LEADER state but not ready yet., logIndex=0, commits[localhost_10000:c-1, localhost_10002:c-1, localhost_10001:c-1]
2019-09-24 12:19:53,602 INFO  client.GrpcClientProtocolService (GrpcClientProtocolService.java:lambda$processClientRequest$0(278)) - Failed RaftClientRequest:client-2265A94AA220->localhost_10000@group-03E665A0CE68, cid=42, seq=0, RW, Message:321f0a0f0a0d74657374...(size=33), reply=RaftClientReply:client-2265A94AA220->localhost_10000@group-03E665A0CE68, cid=42, FAILED org.apache.ratis.protocol.LeaderNotReadyException: localhost_10000@group-03E665A0CE68 is in LEADER state but not ready yet., logIndex=0, commits[localhost_10000:c-1, localhost_10002:c-1, localhost_10001:c-1]
2019-09-24 12:19:53,603 INFO  client.GrpcClientProtocolService (GrpcClientProtocolService.java:lambda$processClientRequest$0(278)) - Failed RaftClientRequest:client-2265A94AA220->localhost_10000@group-03E665A0CE68, cid=42, seq=0, RW, Message:321f0a0f0a0d74657374...(size=33), reply=RaftClientReply:client-2265A94AA220->localhost_10000@group-03E665A0CE68, cid=42, FAILED org.apache.ratis.protocol.LeaderNotReadyException: localhost_10000@group-03E665A0CE68 is in LEADER state but not ready yet., logIndex=0, commits[localhost_10000:c-1, localhost_10002:c-1, localhost_10001:c-1]
2019-09-24 12:19:53,814 INFO  client.GrpcClientProtocolService (GrpcClientProtocolService.java:lambda$processClientRequest$0(278)) - Failed RaftClientRequest:client-2265A94AA220->localhost_10000@group-03E665A0CE68, cid=42, seq=0, RW, Message:321f0a0f0a0d74657374...(size=33), reply=RaftClientReply:client-2265A94AA220->localhost_10000@group-03E665A0CE68, cid=42, FAILED org.apache.ratis.protocol.LeaderNotReadyException: localhost_10000@group-03E665A0CE68 is in LEADER state but not ready yet., logIndex=0, commits[localhost_10000:c-1, localhost_10002:c-1, localhost_10001:c-1]
2019-09-24 12:19:53,829 INFO  client.GrpcClientProtocolService (GrpcClientProtocolService.java:lambda$processClientRequest$0(278)) - Failed RaftClientRequest:client-2265A94AA220->localhost_10000@group-03E665A0CE68, cid=42, seq=0, RW, Message:321f0a0f0a0d74657374...(size=33), reply=RaftClientReply:client-2265A94AA220->localhost_10000@group-03E665A0CE68, cid=42, FAILED org.apache.ratis.protocol.LeaderNotReadyException: localhost_10000@group-03E665A0CE68 is in LEADER state but not ready yet., logIndex=0, commits[localhost_10000:c-1, localhost_10002:c-1, localhost_10001:c-1]
2019-09-24 12:19:53,832 INFO  client.GrpcClientProtocolService (GrpcClientProtocolService.java:lambda$processClientRequest$0(278)) - Failed RaftClientRequest:client-2265A94AA220->localhost_10000@group-03E665A0CE68, cid=42, seq=0, RW, Message:321f0a0f0a0d74657374...(size=33), reply=RaftClientReply:client-2265A94AA220->localhost_10000@group-03E665A0CE68, cid=42, FAILED org.apache.ratis.protocol.LeaderNotReadyException: localhost_10000@group-03E665A0CE68 is in LEADER state but not ready yet., logIndex=0, commits[localhost_10000:c-1, localhost_10002:c-1, localhost_10001:c-1]
2019-09-24 12:19:53,833 INFO  client.GrpcClientProtocolService (GrpcClientProtocolService.java:lambda$processClientRequest$0(278)) - Failed RaftClientRequest:client-2265A94AA220->localhost_10000@group-03E665A0CE68, cid=42, seq=0, RW, Message:321f0a0f0a0d74657374...(size=33), reply=RaftClientReply:client-2265A94AA220->localhost_10000@group-03E665A0CE68, cid=42, FAILED org.apache.ratis.protocol.LeaderNotReadyException: localhost_10000@group-03E665A0CE68 is in LEADER state but not ready yet., logIndex=0, commits[localhost_10000:c-1, localhost_10002:c-1, localhost_10001:c-1]
2019-09-24 12:19:53,835 INFO  client.GrpcClientProtocolService (GrpcClientProtocolService.java:lambda$processClientRequest$0(278)) - Failed RaftClientRequest:client-2265A94AA220->localhost_10000@group-03E665A0CE68, cid=42, seq=0, RW, Message:321f0a0f0a0d74657374...(size=33), reply=RaftClientReply:client-2265A94AA220->localhost_10000@group-03E665A0CE68, cid=42, FAILED org.apache.ratis.protocol.LeaderNotReadyException: localhost_10000@group-03E665A0CE68 is in LEADER state but not ready yet., logIndex=0, commits[localhost_10000:c-1, localhost_10002:c-1, localhost_10001:c-1]
2019-09-24 12:19:53,836 INFO  client.GrpcClientProtocolService (GrpcClientProtocolService.java:lambda$processClientRequest$0(278)) - Failed RaftClientRequest:client-2265A94AA220->localhost_10000@group-03E665A0CE68, cid=42, seq=0, RW, Message:321f0a0f0a0d74657374...(size=33), reply=RaftClientReply:client-2265A94AA220->localhost_10000@group-03E665A0CE68, cid=42, FAILED org.apache.ratis.protocol.LeaderNotReadyException: localhost_10000@group-03E665A0CE68 is in LEADER state but not ready yet., logIndex=0, commits[localhost_10000:c-1, localhost_10002:c-1, localhost_10001:c-1]
2019-09-24 12:19:53,837 INFO  client.GrpcClientProtocolService (GrpcClientProtocolService.java:lambda$processClientRequest$0(278)) - Failed RaftClientRequest:client-2265A94AA220->localhost_10000@group-03E665A0CE68, cid=42, seq=0, RW, Message:321f0a0f0a0d74657374...(size=33), reply=RaftClientReply:client-2265A94AA220->localhost_10000@group-03E665A0CE68, cid=42, FAILED org.apache.ratis.protocol.LeaderNotReadyException: localhost_10000@group-03E665A0CE68 is in LEADER state but not ready yet., logIndex=0, commits[localhost_10000:c-1, localhost_10002:c-1, localhost_10001:c-1]
2019-09-24 12:19:53,839 INFO  client.GrpcClientProtocolService (GrpcClientProtocolService.java:lambda$processClientRequest$0(278)) - Failed RaftClientRequest:client-2265A94AA220->localhost_10000@group-03E665A0CE68, cid=42, seq=0, RW, Message:321f0a0f0a0d74657374...(size=33), reply=RaftClientReply:client-2265A94AA220->localhost_10000@group-03E665A0CE68, cid=42, FAILED org.apache.ratis.protocol.LeaderNotReadyException: localhost_10000@group-03E665A0CE68 is in LEADER state but not ready yet., logIndex=0, commits[localhost_10000:c-1, localhost_10002:c-1, localhost_10001:c-1]
2019-09-24 12:19:53,841 INFO  client.GrpcClientProtocolService (GrpcClientProtocolService.java:lambda$processClientRequest$0(278)) - Failed RaftClientRequest:client-2265A94AA220->localhost_10000@group-03E665A0CE68, cid=42, seq=0, RW, Message:321f0a0f0a0d74657374...(size=33), reply=RaftClientReply:client-2265A94AA220->localhost_10000@group-03E665A0CE68, cid=42, FAILED org.apache.ratis.protocol.LeaderNotReadyException: localhost_10000@group-03E665A0CE68 is in LEADER state but not ready yet., logIndex=0, commits[localhost_10000:c-1, localhost_10002:c-1, localhost_10001:c-1]
2019-09-24 12:19:53,843 INFO  client.GrpcClientProtocolService (GrpcClientProtocolService.java:lambda$processClientRequest$0(278)) - Failed RaftClientRequest:client-2265A94AA220->localhost_10000@group-03E665A0CE68, cid=42, seq=0, RW, Message:321f0a0f0a0d74657374...(size=33), reply=RaftClientReply:client-2265A94AA220->localhost_10000@group-03E665A0CE68, cid=42, FAILED org.apache.ratis.protocol.LeaderNotReadyException: localhost_10000@group-03E665A0CE68 is in LEADER state but not ready yet., logIndex=0, commits[localhost_10000:c-1, localhost_10002:c-1, localhost_10001:c-1]
2019-09-24 12:19:53,844 INFO  client.GrpcClientProtocolService (GrpcClientProtocolService.java:lambda$processClientRequest$0(278)) - Failed RaftClientRequest:client-2265A94AA220->localhost_10000@group-03E665A0CE68, cid=42, seq=0, RW, Message:321f0a0f0a0d74657374...(size=33), reply=RaftClientReply:client-2265A94AA220->localhost_10000@group-03E665A0CE68, cid=42, FAILED org.apache.ratis.protocol.LeaderNotReadyException: localhost_10000@group-03E665A0CE68 is in LEADER state but not ready yet., logIndex=0, commits[localhost_10000:c-1, localhost_10002:c-1, localhost_10001:c-1]
2019-09-24 12:19:53,845 INFO  client.GrpcClientProtocolService (GrpcClientProtocolService.java:lambda$processClientRequest$0(278)) - Failed RaftClientRequest:client-2265A94AA220->localhost_10000@group-03E665A0CE68, cid=42, seq=0, RW, Message:321f0a0f0a0d74657374...(size=33), reply=RaftClientReply:client-2265A94AA220->localhost_10000@group-03E665A0CE68, cid=42, FAILED org.apache.ratis.protocol.LeaderNotReadyException: localhost_10000@group-03E665A0CE68 is in LEADER state but not ready yet., logIndex=0, commits[localhost_10000:c-1, localhost_10002:c-1, localhost_10001:c-1]
2019-09-24 12:19:53,847 INFO  client.GrpcClientProtocolService (GrpcClientProtocolService.java:lambda$processClientRequest$0(278)) - Failed RaftClientRequest:client-2265A94AA220->localhost_10000@group-03E665A0CE68, cid=42, seq=0, RW, Message:321f0a0f0a0d74657374...(size=33), reply=RaftClientReply:client-2265A94AA220->localhost_10000@group-03E665A0CE68, cid=42, FAILED org.apache.ratis.protocol.LeaderNotReadyException: localhost_10000@group-03E665A0CE68 is in LEADER state but not ready yet., logIndex=0, commits[localhost_10000:c-1, localhost_10002:c-1, localhost_10001:c-1]
2019-09-24 12:19:53,849 INFO  client.GrpcClientProtocolService (GrpcClientProtocolService.java:lambda$processClientRequest$0(278)) - Failed RaftClientRequest:client-2265A94AA220->localhost_10000@group-03E665A0CE68, cid=42, seq=0, RW, Message:321f0a0f0a0d74657374...(size=33), reply=RaftClientReply:client-2265A94AA220->localhost_10000@group-03E665A0CE68, cid=42, FAILED org.apache.ratis.protocol.LeaderNotReadyException: localhost_10000@group-03E665A0CE68 is in LEADER state but not ready yet., logIndex=0, commits[localhost_10000:c-1, localhost_10002:c-1, localhost_10001:c-1]
2019-09-24 12:19:53,851 INFO  client.GrpcClientProtocolService (GrpcClientProtocolService.java:lambda$processClientRequest$0(278)) - Failed RaftClientRequest:client-2265A94AA220->localhost_10000@group-03E665A0CE68, cid=42, seq=0, RW, Message:321f0a0f0a0d74657374...(size=33), reply=RaftClientReply:client-2265A94AA220->localhost_10000@group-03E665A0CE68, cid=42, FAILED org.apache.ratis.protocol.LeaderNotReadyException: localhost_10000@group-03E665A0CE68 is in LEADER state but not ready yet., logIndex=0, commits[localhost_10000:c-1, localhost_10002:c-1, localhost_10001:c-1]
2019-09-24 12:19:53,852 INFO  client.GrpcClientProtocolService (GrpcClientProtocolService.java:lambda$processClientRequest$0(278)) - Failed RaftClientRequest:client-2265A94AA220->localhost_10000@group-03E665A0CE68, cid=42, seq=0, RW, Message:321f0a0f0a0d74657374...(size=33), reply=RaftClientReply:client-2265A94AA220->localhost_10000@group-03E665A0CE68, cid=42, FAILED org.apache.ratis.protocol.LeaderNotReadyException: localhost_10000@group-03E665A0CE68 is in LEADER state but not ready yet., logIndex=0, commits[localhost_10000:c-1, localhost_10002:c-1, localhost_10001:c-1]
2019-09-24 12:19:53,854 INFO  client.GrpcClientProtocolService (GrpcClientProtocolService.java:lambda$processClientRequest$0(278)) - Failed RaftClientRequest:client-2265A94AA220->localhost_10000@group-03E665A0CE68, cid=42, seq=0, RW, Message:321f0a0f0a0d74657374...(size=33), reply=RaftClientReply:client-2265A94AA220->localhost_10000@group-03E665A0CE68, cid=42, FAILED org.apache.ratis.protocol.LeaderNotReadyException: localhost_10000@group-03E665A0CE68 is in LEADER state but not ready yet., logIndex=0, commits[localhost_10000:c-1, localhost_10002:c-1, localhost_10001:c-1]
2019-09-24 12:19:53,856 INFO  client.GrpcClientProtocolService (GrpcClientProtocolService.java:lambda$processClientRequest$0(278)) - Failed RaftClientRequest:client-2265A94AA220->localhost_10000@group-03E665A0CE68, cid=42, seq=0, RW, Message:321f0a0f0a0d74657374...(size=33), reply=RaftClientReply:client-2265A94AA220->localhost_10000@group-03E665A0CE68, cid=42, FAILED org.apache.ratis.protocol.LeaderNotReadyException: localhost_10000@group-03E665A0CE68 is in LEADER state but not ready yet., logIndex=0, commits[localhost_10000:c-1, localhost_10002:c-1, localhost_10001:c-1]
2019-09-24 12:19:53,858 INFO  client.GrpcClientProtocolService (GrpcClientProtocolService.java:lambda$processClientRequest$0(278)) - Failed RaftClientRequest:client-2265A94AA220->localhost_10000@group-03E665A0CE68, cid=42, seq=0, RW, Message:321f0a0f0a0d74657374...(size=33), reply=RaftClientReply:client-2265A94AA220->localhost_10000@group-03E665A0CE68, cid=42, FAILED org.apache.ratis.protocol.LeaderNotReadyException: localhost_10000@group-03E665A0CE68 is in LEADER state but not ready yet., logIndex=0, commits[localhost_10000:c-1, localhost_10002:c-1, localhost_10001:c-1]
2019-09-24 12:19:53,859 INFO  client.GrpcClientProtocolService (GrpcClientProtocolService.java:lambda$processClientRequest$0(278)) - Failed RaftClientRequest:client-2265A94AA220->localhost_10000@group-03E665A0CE68, cid=42, seq=0, RW, Message:321f0a0f0a0d74657374...(size=33), reply=RaftClientReply:client-2265A94AA220->localhost_10000@group-03E665A0CE68, cid=42, FAILED org.apache.ratis.protocol.LeaderNotReadyException: localhost_10000@group-03E665A0CE68 is in LEADER state but not ready yet., logIndex=0, commits[localhost_10000:c-1, localhost_10002:c-1, localhost_10001:c-1]
2019-09-24 12:19:53,860 INFO  client.GrpcClientProtocolService (GrpcClientProtocolService.java:lambda$processClientRequest$0(278)) - Failed RaftClientRequest:client-2265A94AA220->localhost_10000@group-03E665A0CE68, cid=42, seq=0, RW, Message:321f0a0f0a0d74657374...(size=33), reply=RaftClientReply:client-2265A94AA220->localhost_10000@group-03E665A0CE68, cid=42, FAILED org.apache.ratis.protocol.LeaderNotReadyException: localhost_10000@group-03E665A0CE68 is in LEADER state but not ready yet., logIndex=0, commits[localhost_10000:c-1, localhost_10002:c-1, localhost_10001:c-1]
2019-09-24 12:19:53,862 INFO  client.GrpcClientProtocolService (GrpcClientProtocolService.java:lambda$processClientRequest$0(278)) - Failed RaftClientRequest:client-2265A94AA220->localhost_10000@group-03E665A0CE68, cid=42, seq=0, RW, Message:321f0a0f0a0d74657374...(size=33), reply=RaftClientReply:client-2265A94AA220->localhost_10000@group-03E665A0CE68, cid=42, FAILED org.apache.ratis.protocol.LeaderNotReadyException: localhost_10000@group-03E665A0CE68 is in LEADER state but not ready yet., logIndex=0, commits[localhost_10000:c-1, localhost_10002:c-1, localhost_10001:c-1]
2019-09-24 12:19:53,863 INFO  client.GrpcClientProtocolService (GrpcClientProtocolService.java:lambda$processClientRequest$0(278)) - Failed RaftClientRequest:client-2265A94AA220->localhost_10000@group-03E665A0CE68, cid=42, seq=0, RW, Message:321f0a0f0a0d74657374...(size=33), reply=RaftClientReply:client-2265A94AA220->localhost_10000@group-03E665A0CE68, cid=42, FAILED org.apache.ratis.protocol.LeaderNotReadyException: localhost_10000@group-03E665A0CE68 is in LEADER state but not ready yet., logIndex=0, commits[localhost_10000:c-1, localhost_10002:c-1, localhost_10001:c-1]
2019-09-24 12:19:53,864 INFO  client.GrpcClientProtocolService (GrpcClientProtocolService.java:lambda$processClientRequest$0(278)) - Failed RaftClientRequest:client-2265A94AA220->localhost_10000@group-03E665A0CE68, cid=42, seq=0, RW, Message:321f0a0f0a0d74657374...(size=33), reply=RaftClientReply:client-2265A94AA220->localhost_10000@group-03E665A0CE68, cid=42, FAILED org.apache.ratis.protocol.LeaderNotReadyException: localhost_10000@group-03E665A0CE68 is in LEADER state but not ready yet., logIndex=0, commits[localhost_10000:c-1, localhost_10002:c-1, localhost_10001:c-1]
2019-09-24 12:19:53,866 INFO  client.GrpcClientProtocolService (GrpcClientProtocolService.java:lambda$processClientRequest$0(278)) - Failed RaftClientRequest:client-2265A94AA220->localhost_10000@group-03E665A0CE68, cid=42, seq=0, RW, Message:321f0a0f0a0d74657374...(size=33), reply=RaftClientReply:client-2265A94AA220->localhost_10000@group-03E665A0CE68, cid=42, FAILED org.apache.ratis.protocol.LeaderNotReadyException: localhost_10000@group-03E665A0CE68 is in LEADER state but not ready yet., logIndex=0, commits[localhost_10000:c-1, localhost_10002:c-1, localhost_10001:c-1]
2019-09-24 12:19:53,867 INFO  client.GrpcClientProtocolService (GrpcClientProtocolService.java:lambda$processClientRequest$0(278)) - Failed RaftClientRequest:client-2265A94AA220->localhost_10000@group-03E665A0CE68, cid=42, seq=0, RW, Message:321f0a0f0a0d74657374...(size=33), reply=RaftClientReply:client-2265A94AA220->localhost_10000@group-03E665A0CE68, cid=42, FAILED org.apache.ratis.protocol.LeaderNotReadyException: localhost_10000@group-03E665A0CE68 is in LEADER state but not ready yet., logIndex=0, commits[localhost_10000:c-1, localhost_10002:c-1, localhost_10001:c-1]
2019-09-24 12:19:53,868 INFO  client.GrpcClientProtocolService (GrpcClientProtocolService.java:lambda$processClientRequest$0(278)) - Failed RaftClientRequest:client-2265A94AA220->localhost_10000@group-03E665A0CE68, cid=42, seq=0, RW, Message:321f0a0f0a0d74657374...(size=33), reply=RaftClientReply:client-2265A94AA220->localhost_10000@group-03E665A0CE68, cid=42, FAILED org.apache.ratis.protocol.LeaderNotReadyException: localhost_10000@group-03E665A0CE68 is in LEADER state but not ready yet., logIndex=0, commits[localhost_10000:c-1, localhost_10002:c-1, localhost_10001:c-1]
2019-09-24 12:19:53,869 INFO  client.GrpcClientProtocolService (GrpcClientProtocolService.java:lambda$processClientRequest$0(278)) - Failed RaftClientRequest:client-2265A94AA220->localhost_10000@group-03E665A0CE68, cid=42, seq=0, RW, Message:321f0a0f0a0d74657374...(size=33), reply=RaftClientReply:client-2265A94AA220->localhost_10000@group-03E665A0CE68, cid=42, FAILED org.apache.ratis.protocol.LeaderNotReadyException: localhost_10000@group-03E665A0CE68 is in LEADER state but not ready yet., logIndex=0, commits[localhost_10000:c-1, localhost_10002:c-1, localhost_10001:c-1]
2019-09-24 12:19:53,870 INFO  client.GrpcClientProtocolService (GrpcClientProtocolService.java:lambda$processClientRequest$0(278)) - Failed RaftClientRequest:client-2265A94AA220->localhost_10000@group-03E665A0CE68, cid=42, seq=0, RW, Message:321f0a0f0a0d74657374...(size=33), reply=RaftClientReply:client-2265A94AA220->localhost_10000@group-03E665A0CE68, cid=42, FAILED org.apache.ratis.protocol.LeaderNotReadyException: localhost_10000@group-03E665A0CE68 is in LEADER state but not ready yet., logIndex=0, commits[localhost_10000:c-1, localhost_10002:c-1, localhost_10001:c-1]
2019-09-24 12:19:53,871 INFO  client.GrpcClientProtocolService (GrpcClientProtocolService.java:lambda$processClientRequest$0(278)) - Failed RaftClientRequest:client-2265A94AA220->localhost_10000@group-03E665A0CE68, cid=42, seq=0, RW, Message:321f0a0f0a0d74657374...(size=33), reply=RaftClientReply:client-2265A94AA220->localhost_10000@group-03E665A0CE68, cid=42, FAILED org.apache.ratis.protocol.LeaderNotReadyException: localhost_10000@group-03E665A0CE68 is in LEADER state but not ready yet., logIndex=0, commits[localhost_10000:c-1, localhost_10002:c-1, localhost_10001:c-1]
2019-09-24 12:19:53,872 INFO  client.GrpcClientProtocolService (GrpcClientProtocolService.java:lambda$processClientRequest$0(278)) - Failed RaftClientRequest:client-2265A94AA220->localhost_10000@group-03E665A0CE68, cid=42, seq=0, RW, Message:321f0a0f0a0d74657374...(size=33), reply=RaftClientReply:client-2265A94AA220->localhost_10000@group-03E665A0CE68, cid=42, FAILED org.apache.ratis.protocol.LeaderNotReadyException: localhost_10000@group-03E665A0CE68 is in LEADER state but not ready yet., logIndex=0, commits[localhost_10000:c-1, localhost_10002:c-1, localhost_10001:c-1]
2019-09-24 12:19:53,873 INFO  client.GrpcClientProtocolService (GrpcClientProtocolService.java:lambda$processClientRequest$0(278)) - Failed RaftClientRequest:client-2265A94AA220->localhost_10000@group-03E665A0CE68, cid=42, seq=0, RW, Message:321f0a0f0a0d74657374...(size=33), reply=RaftClientReply:client-2265A94AA220->localhost_10000@group-03E665A0CE68, cid=42, FAILED org.apache.ratis.protocol.LeaderNotReadyException: localhost_10000@group-03E665A0CE68 is in LEADER state but not ready yet., logIndex=0, commits[localhost_10000:c-1, localhost_10002:c-1, localhost_10001:c-1]
2019-09-24 12:19:53,874 INFO  client.GrpcClientProtocolService (GrpcClientProtocolService.java:lambda$processClientRequest$0(278)) - Failed RaftClientRequest:client-2265A94AA220->localhost_10000@group-03E665A0CE68, cid=42, seq=0, RW, Message:321f0a0f0a0d74657374...(size=33), reply=RaftClientReply:client-2265A94AA220->localhost_10000@group-03E665A0CE68, cid=42, FAILED org.apache.ratis.protocol.LeaderNotReadyException: localhost_10000@group-03E665A0CE68 is in LEADER state but not ready yet., logIndex=0, commits[localhost_10000:c-1, localhost_10002:c-1, localhost_10001:c-1]
2019-09-24 12:19:53,875 INFO  client.GrpcClientProtocolService (GrpcClientProtocolService.java:lambda$processClientRequest$0(278)) - Failed RaftClientRequest:client-2265A94AA220->localhost_10000@group-03E665A0CE68, cid=42, seq=0, RW, Message:321f0a0f0a0d74657374...(size=33), reply=RaftClientReply:client-2265A94AA220->localhost_10000@group-03E665A0CE68, cid=42, FAILED org.apache.ratis.protocol.LeaderNotReadyException: localhost_10000@group-03E665A0CE68 is in LEADER state but not ready yet., logIndex=0, commits[localhost_10000:c-1, localhost_10002:c-1, localhost_10001:c-1]
2019-09-24 12:19:53,877 INFO  client.GrpcClientProtocolService (GrpcClientProtocolService.java:lambda$processClientRequest$0(278)) - Failed RaftClientRequest:client-2265A94AA220->localhost_10000@group-03E665A0CE68, cid=42, seq=0, RW, Message:321f0a0f0a0d74657374...(size=33), reply=RaftClientReply:client-2265A94AA220->localhost_10000@group-03E665A0CE68, cid=42, FAILED org.apache.ratis.protocol.LeaderNotReadyException: localhost_10000@group-03E665A0CE68 is in LEADER state but not ready yet., logIndex=0, commits[localhost_10000:c-1, localhost_10002:c-1, localhost_10001:c-1]
2019-09-24 12:19:53,878 INFO  client.GrpcClientProtocolService (GrpcClientProtocolService.java:lambda$processClientRequest$0(278)) - Failed RaftClientRequest:client-2265A94AA220->localhost_10000@group-03E665A0CE68, cid=42, seq=0, RW, Message:321f0a0f0a0d74657374...(size=33), reply=RaftClientReply:client-2265A94AA220->localhost_10000@group-03E665A0CE68, cid=42, FAILED org.apache.ratis.protocol.LeaderNotReadyException: localhost_10000@group-03E665A0CE68 is in LEADER state but not ready yet., logIndex=0, commits[localhost_10000:c-1, localhost_10002:c-1, localhost_10001:c-1]
2019-09-24 12:19:53,879 INFO  client.GrpcClientProtocolService (GrpcClientProtocolService.java:lambda$processClientRequest$0(278)) - Failed RaftClientRequest:client-2265A94AA220->localhost_10000@group-03E665A0CE68, cid=42, seq=0, RW, Message:321f0a0f0a0d74657374...(size=33), reply=RaftClientReply:client-2265A94AA220->localhost_10000@group-03E665A0CE68, cid=42, FAILED org.apache.ratis.protocol.LeaderNotReadyException: localhost_10000@group-03E665A0CE68 is in LEADER state but not ready yet., logIndex=0, commits[localhost_10000:c-1, localhost_10002:c-1, localhost_10001:c-1]
2019-09-24 12:19:53,880 INFO  client.GrpcClientProtocolService (GrpcClientProtocolService.java:lambda$processClientRequest$0(278)) - Failed RaftClientRequest:client-2265A94AA220->localhost_10000@group-03E665A0CE68, cid=42, seq=0, RW, Message:321f0a0f0a0d74657374...(size=33), reply=RaftClientReply:client-2265A94AA220->localhost_10000@group-03E665A0CE68, cid=42, FAILED org.apache.ratis.protocol.LeaderNotReadyException: localhost_10000@group-03E665A0CE68 is in LEADER state but not ready yet., logIndex=0, commits[localhost_10000:c-1, localhost_10002:c-1, localhost_10001:c-1]
2019-09-24 12:19:53,881 INFO  client.GrpcClientProtocolService (GrpcClientProtocolService.java:lambda$processClientRequest$0(278)) - Failed RaftClientRequest:client-2265A94AA220->localhost_10000@group-03E665A0CE68, cid=42, seq=0, RW, Message:321f0a0f0a0d74657374...(size=33), reply=RaftClientReply:client-2265A94AA220->localhost_10000@group-03E665A0CE68, cid=42, FAILED org.apache.ratis.protocol.LeaderNotReadyException: localhost_10000@group-03E665A0CE68 is in LEADER state but not ready yet., logIndex=0, commits[localhost_10000:c-1, localhost_10002:c-1, localhost_10001:c-1]
2019-09-24 12:19:53,883 INFO  client.GrpcClientProtocolService (GrpcClientProtocolService.java:lambda$processClientRequest$0(278)) - Failed RaftClientRequest:client-2265A94AA220->localhost_10000@group-03E665A0CE68, cid=42, seq=0, RW, Message:321f0a0f0a0d74657374...(size=33), reply=RaftClientReply:client-2265A94AA220->localhost_10000@group-03E665A0CE68, cid=42, FAILED org.apache.ratis.protocol.LeaderNotReadyException: localhost_10000@group-03E665A0CE68 is in LEADER state but not ready yet., logIndex=0, commits[localhost_10000:c-1, localhost_10002:c-1, localhost_10001:c-1]
2019-09-24 12:19:53,884 INFO  client.GrpcClientProtocolService (GrpcClientProtocolService.java:lambda$processClientRequest$0(278)) - Failed RaftClientRequest:client-2265A94AA220->localhost_10000@group-03E665A0CE68, cid=42, seq=0, RW, Message:321f0a0f0a0d74657374...(size=33), reply=RaftClientReply:client-2265A94AA220->localhost_10000@group-03E665A0CE68, cid=42, FAILED org.apache.ratis.protocol.LeaderNotReadyException: localhost_10000@group-03E665A0CE68 is in LEADER state but not ready yet., logIndex=0, commits[localhost_10000:c-1, localhost_10002:c-1, localhost_10001:c-1]
2019-09-24 12:19:53,886 INFO  client.GrpcClientProtocolService (GrpcClientProtocolService.java:lambda$processClientRequest$0(278)) - Failed RaftClientRequest:client-2265A94AA220->localhost_10000@group-03E665A0CE68, cid=42, seq=0, RW, Message:321f0a0f0a0d74657374...(size=33), reply=RaftClientReply:client-2265A94AA220->localhost_10000@group-03E665A0CE68, cid=42, FAILED org.apache.ratis.protocol.LeaderNotReadyException: localhost_10000@group-03E665A0CE68 is in LEADER state but not ready yet., logIndex=0, commits[localhost_10000:c-1, localhost_10002:c-1, localhost_10001:c-1]
2019-09-24 12:19:53,887 INFO  client.GrpcClientProtocolService (GrpcClientProtocolService.java:lambda$processClientRequest$0(278)) - Failed RaftClientRequest:client-2265A94AA220->localhost_10000@group-03E665A0CE68, cid=42, seq=0, RW, Message:321f0a0f0a0d74657374...(size=33), reply=RaftClientReply:client-2265A94AA220->localhost_10000@group-03E665A0CE68, cid=42, FAILED org.apache.ratis.protocol.LeaderNotReadyException: localhost_10000@group-03E665A0CE68 is in LEADER state but not ready yet., logIndex=0, commits[localhost_10000:c-1, localhost_10002:c-1, localhost_10001:c-1]
2019-09-24 12:19:53,888 INFO  client.GrpcClientProtocolService (GrpcClientProtocolService.java:lambda$processClientRequest$0(278)) - Failed RaftClientRequest:client-2265A94AA220->localhost_10000@group-03E665A0CE68, cid=42, seq=0, RW, Message:321f0a0f0a0d74657374...(size=33), reply=RaftClientReply:client-2265A94AA220->localhost_10000@group-03E665A0CE68, cid=42, FAILED org.apache.ratis.protocol.LeaderNotReadyException: localhost_10000@group-03E665A0CE68 is in LEADER state but not ready yet., logIndex=0, commits[localhost_10000:c-1, localhost_10002:c-1, localhost_10001:c-1]
2019-09-24 12:19:53,889 INFO  client.GrpcClientProtocolService (GrpcClientProtocolService.java:lambda$processClientRequest$0(278)) - Failed RaftClientRequest:client-2265A94AA220->localhost_10000@group-03E665A0CE68, cid=42, seq=0, RW, Message:321f0a0f0a0d74657374...(size=33), reply=RaftClientReply:client-2265A94AA220->localhost_10000@group-03E665A0CE68, cid=42, FAILED org.apache.ratis.protocol.LeaderNotReadyException: localhost_10000@group-03E665A0CE68 is in LEADER state but not ready yet., logIndex=0, commits[localhost_10000:c-1, localhost_10002:c-1, localhost_10001:c-1]
2019-09-24 12:19:53,890 INFO  client.GrpcClientProtocolService (GrpcClientProtocolService.java:lambda$processClientRequest$0(278)) - Failed RaftClientRequest:client-2265A94AA220->localhost_10000@group-03E665A0CE68, cid=42, seq=0, RW, Message:321f0a0f0a0d74657374...(size=33), reply=RaftClientReply:client-2265A94AA220->localhost_10000@group-03E665A0CE68, cid=42, FAILED org.apache.ratis.protocol.LeaderNotReadyException: localhost_10000@group-03E665A0CE68 is in LEADER state but not ready yet., logIndex=0, commits[localhost_10000:c-1, localhost_10002:c-1, localhost_10001:c-1]
2019-09-24 12:19:53,891 INFO  client.GrpcClientProtocolService (GrpcClientProtocolService.java:lambda$processClientRequest$0(278)) - Failed RaftClientRequest:client-2265A94AA220->localhost_10000@group-03E665A0CE68, cid=42, seq=0, RW, Message:321f0a0f0a0d74657374...(size=33), reply=RaftClientReply:client-2265A94AA220->localhost_10000@group-03E665A0CE68, cid=42, FAILED org.apache.ratis.protocol.LeaderNotReadyException: localhost_10000@group-03E665A0CE68 is in LEADER state but not ready yet., logIndex=0, commits[localhost_10000:c-1, localhost_10002:c-1, localhost_10001:c-1]
2019-09-24 12:19:53,892 INFO  client.GrpcClientProtocolService (GrpcClientProtocolService.java:lambda$processClientRequest$0(278)) - Failed RaftClientRequest:client-2265A94AA220->localhost_10000@group-03E665A0CE68, cid=42, seq=0, RW, Message:321f0a0f0a0d74657374...(size=33), reply=RaftClientReply:client-2265A94AA220->localhost_10000@group-03E665A0CE68, cid=42, FAILED org.apache.ratis.protocol.LeaderNotReadyException: localhost_10000@group-03E665A0CE68 is in LEADER state but not ready yet., logIndex=0, commits[localhost_10000:c-1, localhost_10002:c-1, localhost_10001:c-1]
2019-09-24 12:19:53,894 INFO  client.GrpcClientProtocolService (GrpcClientProtocolService.java:lambda$processClientRequest$0(278)) - Failed RaftClientRequest:client-2265A94AA220->localhost_10000@group-03E665A0CE68, cid=42, seq=0, RW, Message:321f0a0f0a0d74657374...(size=33), reply=RaftClientReply:client-2265A94AA220->localhost_10000@group-03E665A0CE68, cid=42, FAILED org.apache.ratis.protocol.LeaderNotReadyException: localhost_10000@group-03E665A0CE68 is in LEADER state but not ready yet., logIndex=0, commits[localhost_10000:c-1, localhost_10002:c-1, localhost_10001:c-1]
2019-09-24 12:19:53,895 INFO  client.GrpcClientProtocolService (GrpcClientProtocolService.java:lambda$processClientRequest$0(278)) - Failed RaftClientRequest:client-2265A94AA220->localhost_10000@group-03E665A0CE68, cid=42, seq=0, RW, Message:321f0a0f0a0d74657374...(size=33), reply=RaftClientReply:client-2265A94AA220->localhost_10000@group-03E665A0CE68, cid=42, FAILED org.apache.ratis.protocol.LeaderNotReadyException: localhost_10000@group-03E665A0CE68 is in LEADER state but not ready yet., logIndex=0, commits[localhost_10000:c-1, localhost_10002:c-1, localhost_10001:c-1]
2019-09-24 12:19:53,896 INFO  client.GrpcClientProtocolService (GrpcClientProtocolService.java:lambda$processClientRequest$0(278)) - Failed RaftClientRequest:client-2265A94AA220->localhost_10000@group-03E665A0CE68, cid=42, seq=0, RW, Message:321f0a0f0a0d74657374...(size=33), reply=RaftClientReply:client-2265A94AA220->localhost_10000@group-03E665A0CE68, cid=42, FAILED org.apache.ratis.protocol.LeaderNotReadyException: localhost_10000@group-03E665A0CE68 is in LEADER state but not ready yet., logIndex=0, commits[localhost_10000:c-1, localhost_10002:c-1, localhost_10001:c-1]
2019-09-24 12:19:53,897 INFO  client.GrpcClientProtocolService (GrpcClientProtocolService.java:lambda$processClientRequest$0(278)) - Failed RaftClientRequest:client-2265A94AA220->localhost_10000@group-03E665A0CE68, cid=42, seq=0, RW, Message:321f0a0f0a0d74657374...(size=33), reply=RaftClientReply:client-2265A94AA220->localhost_10000@group-03E665A0CE68, cid=42, FAILED org.apache.ratis.protocol.LeaderNotReadyException: localhost_10000@group-03E665A0CE68 is in LEADER state but not ready yet., logIndex=0, commits[localhost_10000:c-1, localhost_10002:c-1, localhost_10001:c-1]
2019-09-24 12:19:53,898 INFO  client.GrpcClientProtocolService (GrpcClientProtocolService.java:lambda$processClientRequest$0(278)) - Failed RaftClientRequest:client-2265A94AA220->localhost_10000@group-03E665A0CE68, cid=42, seq=0, RW, Message:321f0a0f0a0d74657374...(size=33), reply=RaftClientReply:client-2265A94AA220->localhost_10000@group-03E665A0CE68, cid=42, FAILED org.apache.ratis.protocol.LeaderNotReadyException: localhost_10000@group-03E665A0CE68 is in LEADER state but not ready yet., logIndex=0, commits[localhost_10000:c-1, localhost_10002:c-1, localhost_10001:c-1]
2019-09-24 12:19:53,899 INFO  client.GrpcClientProtocolService (GrpcClientProtocolService.java:lambda$processClientRequest$0(278)) - Failed RaftClientRequest:client-2265A94AA220->localhost_10000@group-03E665A0CE68, cid=42, seq=0, RW, Message:321f0a0f0a0d74657374...(size=33), reply=RaftClientReply:client-2265A94AA220->localhost_10000@group-03E665A0CE68, cid=42, FAILED org.apache.ratis.protocol.LeaderNotReadyException: localhost_10000@group-03E665A0CE68 is in LEADER state but not ready yet., logIndex=0, commits[localhost_10000:c-1, localhost_10002:c-1, localhost_10001:c-1]
2019-09-24 12:19:53,900 INFO  client.GrpcClientProtocolService (GrpcClientProtocolService.java:lambda$processClientRequest$0(278)) - Failed RaftClientRequest:client-2265A94AA220->localhost_10000@group-03E665A0CE68, cid=42, seq=0, RW, Message:321f0a0f0a0d74657374...(size=33), reply=RaftClientReply:client-2265A94AA220->localhost_10000@group-03E665A0CE68, cid=42, FAILED org.apache.ratis.protocol.LeaderNotReadyException: localhost_10000@group-03E665A0CE68 is in LEADER state but not ready yet., logIndex=0, commits[localhost_10000:c-1, localhost_10002:c-1, localhost_10001:c-1]
2019-09-24 12:19:53,901 INFO  client.GrpcClientProtocolService (GrpcClientProtocolService.java:lambda$processClientRequest$0(278)) - Failed RaftClientRequest:client-2265A94AA220->localhost_10000@group-03E665A0CE68, cid=42, seq=0, RW, Message:321f0a0f0a0d74657374...(size=33), reply=RaftClientReply:client-2265A94AA220->localhost_10000@group-03E665A0CE68, cid=42, FAILED org.apache.ratis.protocol.LeaderNotReadyException: localhost_10000@group-03E665A0CE68 is in LEADER state but not ready yet., logIndex=0, commits[localhost_10000:c-1, localhost_10002:c-1, localhost_10001:c-1]
2019-09-24 12:19:53,902 INFO  client.GrpcClientProtocolService (GrpcClientProtocolService.java:lambda$processClientRequest$0(278)) - Failed RaftClientRequest:client-2265A94AA220->localhost_10000@group-03E665A0CE68, cid=42, seq=0, RW, Message:321f0a0f0a0d74657374...(size=33), reply=RaftClientReply:client-2265A94AA220->localhost_10000@group-03E665A0CE68, cid=42, FAILED org.apache.ratis.protocol.LeaderNotReadyException: localhost_10000@group-03E665A0CE68 is in LEADER state but not ready yet., logIndex=0, commits[localhost_10000:c-1, localhost_10002:c-1, localhost_10001:c-1]
2019-09-24 12:19:53,903 INFO  client.GrpcClientProtocolService (GrpcClientProtocolService.java:lambda$processClientRequest$0(278)) - Failed RaftClientRequest:client-2265A94AA220->localhost_10000@group-03E665A0CE68, cid=42, seq=0, RW, Message:321f0a0f0a0d74657374...(size=33), reply=RaftClientReply:client-2265A94AA220->localhost_10000@group-03E665A0CE68, cid=42, FAILED org.apache.ratis.protocol.LeaderNotReadyException: localhost_10000@group-03E665A0CE68 is in LEADER state but not ready yet., logIndex=0, commits[localhost_10000:c-1, localhost_10002:c-1, localhost_10001:c-1]
2019-09-24 12:19:53,904 INFO  client.GrpcClientProtocolService (GrpcClientProtocolService.java:lambda$processClientRequest$0(278)) - Failed RaftClientRequest:client-2265A94AA220->localhost_10000@group-03E665A0CE68, cid=42, seq=0, RW, Message:321f0a0f0a0d74657374...(size=33), reply=RaftClientReply:client-2265A94AA220->localhost_10000@group-03E665A0CE68, cid=42, FAILED org.apache.ratis.protocol.LeaderNotReadyException: localhost_10000@group-03E665A0CE68 is in LEADER state but not ready yet., logIndex=0, commits[localhost_10000:c-1, localhost_10002:c-1, localhost_10001:c-1]
2019-09-24 12:19:53,905 INFO  client.GrpcClientProtocolService (GrpcClientProtocolService.java:lambda$processClientRequest$0(278)) - Failed RaftClientRequest:client-2265A94AA220->localhost_10000@group-03E665A0CE68, cid=42, seq=0, RW, Message:321f0a0f0a0d74657374...(size=33), reply=RaftClientReply:client-2265A94AA220->localhost_10000@group-03E665A0CE68, cid=42, FAILED org.apache.ratis.protocol.LeaderNotReadyException: localhost_10000@group-03E665A0CE68 is in LEADER state but not ready yet., logIndex=0, commits[localhost_10000:c-1, localhost_10002:c-1, localhost_10001:c-1]
2019-09-24 12:19:53,906 INFO  client.GrpcClientProtocolService (GrpcClientProtocolService.java:lambda$processClientRequest$0(278)) - Failed RaftClientRequest:client-2265A94AA220->localhost_10000@group-03E665A0CE68, cid=42, seq=0, RW, Message:321f0a0f0a0d74657374...(size=33), reply=RaftClientReply:client-2265A94AA220->localhost_10000@group-03E665A0CE68, cid=42, FAILED org.apache.ratis.protocol.LeaderNotReadyException: localhost_10000@group-03E665A0CE68 is in LEADER state but not ready yet., logIndex=0, commits[localhost_10000:c-1, localhost_10002:c-1, localhost_10001:c-1]
2019-09-24 12:19:53,907 INFO  client.GrpcClientProtocolService (GrpcClientProtocolService.java:lambda$processClientRequest$0(278)) - Failed RaftClientRequest:client-2265A94AA220->localhost_10000@group-03E665A0CE68, cid=42, seq=0, RW, Message:321f0a0f0a0d74657374...(size=33), reply=RaftClientReply:client-2265A94AA220->localhost_10000@group-03E665A0CE68, cid=42, FAILED org.apache.ratis.protocol.LeaderNotReadyException: localhost_10000@group-03E665A0CE68 is in LEADER state but not ready yet., logIndex=0, commits[localhost_10000:c-1, localhost_10002:c-1, localhost_10001:c-1]
2019-09-24 12:19:53,908 INFO  client.GrpcClientProtocolService (GrpcClientProtocolService.java:lambda$processClientRequest$0(278)) - Failed RaftClientRequest:client-2265A94AA220->localhost_10000@group-03E665A0CE68, cid=42, seq=0, RW, Message:321f0a0f0a0d74657374...(size=33), reply=RaftClientReply:client-2265A94AA220->localhost_10000@group-03E665A0CE68, cid=42, FAILED org.apache.ratis.protocol.LeaderNotReadyException: localhost_10000@group-03E665A0CE68 is in LEADER state but not ready yet., logIndex=0, commits[localhost_10000:c-1, localhost_10002:c-1, localhost_10001:c-1]
2019-09-24 12:19:53,909 INFO  client.GrpcClientProtocolService (GrpcClientProtocolService.java:lambda$processClientRequest$0(278)) - Failed RaftClientRequest:client-2265A94AA220->localhost_10000@group-03E665A0CE68, cid=42, seq=0, RW, Message:321f0a0f0a0d74657374...(size=33), reply=RaftClientReply:client-2265A94AA220->localhost_10000@group-03E665A0CE68, cid=42, FAILED org.apache.ratis.protocol.LeaderNotReadyException: localhost_10000@group-03E665A0CE68 is in LEADER state but not ready yet., logIndex=0, commits[localhost_10000:c-1, localhost_10002:c-1, localhost_10001:c-1]
2019-09-24 12:19:53,911 INFO  client.GrpcClientProtocolService (GrpcClientProtocolService.java:lambda$processClientRequest$0(278)) - Failed RaftClientRequest:client-2265A94AA220->localhost_10000@group-03E665A0CE68, cid=42, seq=0, RW, Message:321f0a0f0a0d74657374...(size=33), reply=RaftClientReply:client-2265A94AA220->localhost_10000@group-03E665A0CE68, cid=42, FAILED org.apache.ratis.protocol.LeaderNotReadyException: localhost_10000@group-03E665A0CE68 is in LEADER state but not ready yet., logIndex=0, commits[localhost_10000:c-1, localhost_10002:c-1, localhost_10001:c-1]
2019-09-24 12:19:53,912 INFO  client.GrpcClientProtocolService (GrpcClientProtocolService.java:lambda$processClientRequest$0(278)) - Failed RaftClientRequest:client-2265A94AA220->localhost_10000@group-03E665A0CE68, cid=42, seq=0, RW, Message:321f0a0f0a0d74657374...(size=33), reply=RaftClientReply:client-2265A94AA220->localhost_10000@group-03E665A0CE68, cid=42, FAILED org.apache.ratis.protocol.LeaderNotReadyException: localhost_10000@group-03E665A0CE68 is in LEADER state but not ready yet., logIndex=0, commits[localhost_10000:c-1, localhost_10002:c-1, localhost_10001:c-1]
2019-09-24 12:19:53,913 INFO  client.GrpcClientProtocolService (GrpcClientProtocolService.java:lambda$processClientRequest$0(278)) - Failed RaftClientRequest:client-2265A94AA220->localhost_10000@group-03E665A0CE68, cid=42, seq=0, RW, Message:321f0a0f0a0d74657374...(size=33), reply=RaftClientReply:client-2265A94AA220->localhost_10000@group-03E665A0CE68, cid=42, FAILED org.apache.ratis.protocol.LeaderNotReadyException: localhost_10000@group-03E665A0CE68 is in LEADER state but not ready yet., logIndex=0, commits[localhost_10000:c-1, localhost_10002:c-1, localhost_10001:c-1]
2019-09-24 12:19:53,914 INFO  client.GrpcClientProtocolService (GrpcClientProtocolService.java:lambda$processClientRequest$0(278)) - Failed RaftClientRequest:client-2265A94AA220->localhost_10000@group-03E665A0CE68, cid=42, seq=0, RW, Message:321f0a0f0a0d74657374...(size=33), reply=RaftClientReply:client-2265A94AA220->localhost_10000@group-03E665A0CE68, cid=42, FAILED org.apache.ratis.protocol.LeaderNotReadyException: localhost_10000@group-03E665A0CE68 is in LEADER state but not ready yet., logIndex=0, commits[localhost_10000:c-1, localhost_10002:c-1, localhost_10001:c-1]
2019-09-24 12:19:53,915 INFO  client.GrpcClientProtocolService (GrpcClientProtocolService.java:lambda$processClientRequest$0(278)) - Failed RaftClientRequest:client-2265A94AA220->localhost_10000@group-03E665A0CE68, cid=42, seq=0, RW, Message:321f0a0f0a0d74657374...(size=33), reply=RaftClientReply:client-2265A94AA220->localhost_10000@group-03E665A0CE68, cid=42, FAILED org.apache.ratis.protocol.LeaderNotReadyException: localhost_10000@group-03E665A0CE68 is in LEADER state but not ready yet., logIndex=0, commits[localhost_10000:c-1, localhost_10002:c-1, localhost_10001:c-1]
2019-09-24 12:19:53,916 INFO  client.GrpcClientProtocolService (GrpcClientProtocolService.java:lambda$processClientRequest$0(278)) - Failed RaftClientRequest:client-2265A94AA220->localhost_10000@group-03E665A0CE68, cid=42, seq=0, RW, Message:321f0a0f0a0d74657374...(size=33), reply=RaftClientReply:client-2265A94AA220->localhost_10000@group-03E665A0CE68, cid=42, FAILED org.apache.ratis.protocol.LeaderNotReadyException: localhost_10000@group-03E665A0CE68 is in LEADER state but not ready yet., logIndex=0, commits[localhost_10000:c-1, localhost_10002:c-1, localhost_10001:c-1]
2019-09-24 12:19:53,917 INFO  client.GrpcClientProtocolService (GrpcClientProtocolService.java:lambda$processClientRequest$0(278)) - Failed RaftClientRequest:client-2265A94AA220->localhost_10000@group-03E665A0CE68, cid=42, seq=0, RW, Message:321f0a0f0a0d74657374...(size=33), reply=RaftClientReply:client-2265A94AA220->localhost_10000@group-03E665A0CE68, cid=42, FAILED org.apache.ratis.protocol.LeaderNotReadyException: localhost_10000@group-03E665A0CE68 is in LEADER state but not ready yet., logIndex=0, commits[localhost_10000:c-1, localhost_10002:c-1, localhost_10001:c-1]
2019-09-24 12:19:53,918 INFO  client.GrpcClientProtocolService (GrpcClientProtocolService.java:lambda$processClientRequest$0(278)) - Failed RaftClientRequest:client-2265A94AA220->localhost_10000@group-03E665A0CE68, cid=42, seq=0, RW, Message:321f0a0f0a0d74657374...(size=33), reply=RaftClientReply:client-2265A94AA220->localhost_10000@group-03E665A0CE68, cid=42, FAILED org.apache.ratis.protocol.LeaderNotReadyException: localhost_10000@group-03E665A0CE68 is in LEADER state but not ready yet., logIndex=0, commits[localhost_10000:c-1, localhost_10002:c-1, localhost_10001:c-1]
2019-09-24 12:19:53,919 INFO  client.GrpcClientProtocolService (GrpcClientProtocolService.java:lambda$processClientRequest$0(278)) - Failed RaftClientRequest:client-2265A94AA220->localhost_10000@group-03E665A0CE68, cid=42, seq=0, RW, Message:321f0a0f0a0d74657374...(size=33), reply=RaftClientReply:client-2265A94AA220->localhost_10000@group-03E665A0CE68, cid=42, FAILED org.apache.ratis.protocol.LeaderNotReadyException: localhost_10000@group-03E665A0CE68 is in LEADER state but not ready yet., logIndex=0, commits[localhost_10000:c-1, localhost_10002:c-1, localhost_10001:c-1]
2019-09-24 12:19:53,920 INFO  client.GrpcClientProtocolService (GrpcClientProtocolService.java:lambda$processClientRequest$0(278)) - Failed RaftClientRequest:client-2265A94AA220->localhost_10000@group-03E665A0CE68, cid=42, seq=0, RW, Message:321f0a0f0a0d74657374...(size=33), reply=RaftClientReply:client-2265A94AA220->localhost_10000@group-03E665A0CE68, cid=42, FAILED org.apache.ratis.protocol.LeaderNotReadyException: localhost_10000@group-03E665A0CE68 is in LEADER state but not ready yet., logIndex=0, commits[localhost_10000:c-1, localhost_10002:c-1, localhost_10001:c-1]
2019-09-24 12:19:53,921 INFO  client.GrpcClientProtocolService (GrpcClientProtocolService.java:lambda$processClientRequest$0(278)) - Failed RaftClientRequest:client-2265A94AA220->localhost_10000@group-03E665A0CE68, cid=42, seq=0, RW, Message:321f0a0f0a0d74657374...(size=33), reply=RaftClientReply:client-2265A94AA220->localhost_10000@group-03E665A0CE68, cid=42, FAILED org.apache.ratis.protocol.LeaderNotReadyException: localhost_10000@group-03E665A0CE68 is in LEADER state but not ready yet., logIndex=0, commits[localhost_10000:c-1, localhost_10002:c-1, localhost_10001:c-1]
2019-09-24 12:19:53,922 INFO  client.GrpcClientProtocolService (GrpcClientProtocolService.java:lambda$processClientRequest$0(278)) - Failed RaftClientRequest:client-2265A94AA220->localhost_10000@group-03E665A0CE68, cid=42, seq=0, RW, Message:321f0a0f0a0d74657374...(size=33), reply=RaftClientReply:client-2265A94AA220->localhost_10000@group-03E665A0CE68, cid=42, FAILED org.apache.ratis.protocol.LeaderNotReadyException: localhost_10000@group-03E665A0CE68 is in LEADER state but not ready yet., logIndex=0, commits[localhost_10000:c-1, localhost_10002:c-1, localhost_10001:c-1]
2019-09-24 12:19:53,923 INFO  client.GrpcClientProtocolService (GrpcClientProtocolService.java:lambda$processClientRequest$0(278)) - Failed RaftClientRequest:client-2265A94AA220->localhost_10000@group-03E665A0CE68, cid=42, seq=0, RW, Message:321f0a0f0a0d74657374...(size=33), reply=RaftClientReply:client-2265A94AA220->localhost_10000@group-03E665A0CE68, cid=42, FAILED org.apache.ratis.protocol.LeaderNotReadyException: localhost_10000@group-03E665A0CE68 is in LEADER state but not ready yet., logIndex=0, commits[localhost_10000:c-1, localhost_10002:c-1, localhost_10001:c-1]
2019-09-24 12:19:53,924 INFO  client.GrpcClientProtocolService (GrpcClientProtocolService.java:lambda$processClientRequest$0(278)) - Failed RaftClientRequest:client-2265A94AA220->localhost_10000@group-03E665A0CE68, cid=42, seq=0, RW, Message:321f0a0f0a0d74657374...(size=33), reply=RaftClientReply:client-2265A94AA220->localhost_10000@group-03E665A0CE68, cid=42, FAILED org.apache.ratis.protocol.LeaderNotReadyException: localhost_10000@group-03E665A0CE68 is in LEADER state but not ready yet., logIndex=0, commits[localhost_10000:c-1, localhost_10002:c-1, localhost_10001:c-1]
2019-09-24 12:19:53,925 INFO  client.GrpcClientProtocolService (GrpcClientProtocolService.java:lambda$processClientRequest$0(278)) - Failed RaftClientRequest:client-2265A94AA220->localhost_10000@group-03E665A0CE68, cid=42, seq=0, RW, Message:321f0a0f0a0d74657374...(size=33), reply=RaftClientReply:client-2265A94AA220->localhost_10000@group-03E665A0CE68, cid=42, FAILED org.apache.ratis.protocol.LeaderNotReadyException: localhost_10000@group-03E665A0CE68 is in LEADER state but not ready yet., logIndex=0, commits[localhost_10000:c-1, localhost_10002:c-1, localhost_10001:c-1]
2019-09-24 12:19:53,926 INFO  client.GrpcClientProtocolService (GrpcClientProtocolService.java:lambda$processClientRequest$0(278)) - Failed RaftClientRequest:client-2265A94AA220->localhost_10000@group-03E665A0CE68, cid=42, seq=0, RW, Message:321f0a0f0a0d74657374...(size=33), reply=RaftClientReply:client-2265A94AA220->localhost_10000@group-03E665A0CE68, cid=42, FAILED org.apache.ratis.protocol.LeaderNotReadyException: localhost_10000@group-03E665A0CE68 is in LEADER state but not ready yet., logIndex=0, commits[localhost_10000:c-1, localhost_10002:c-1, localhost_10001:c-1]
2019-09-24 12:19:53,927 INFO  client.GrpcClientProtocolService (GrpcClientProtocolService.java:lambda$processClientRequest$0(278)) - Failed RaftClientRequest:client-2265A94AA220->localhost_10000@group-03E665A0CE68, cid=42, seq=0, RW, Message:321f0a0f0a0d74657374...(size=33), reply=RaftClientReply:client-2265A94AA220->localhost_10000@group-03E665A0CE68, cid=42, FAILED org.apache.ratis.protocol.LeaderNotReadyException: localhost_10000@group-03E665A0CE68 is in LEADER state but not ready yet., logIndex=0, commits[localhost_10000:c-1, localhost_10002:c-1, localhost_10001:c-1]
2019-09-24 12:19:53,928 INFO  client.GrpcClientProtocolService (GrpcClientProtocolService.java:lambda$processClientRequest$0(278)) - Failed RaftClientRequest:client-2265A94AA220->localhost_10000@group-03E665A0CE68, cid=42, seq=0, RW, Message:321f0a0f0a0d74657374...(size=33), reply=RaftClientReply:client-2265A94AA220->localhost_10000@group-03E665A0CE68, cid=42, FAILED org.apache.ratis.protocol.LeaderNotReadyException: localhost_10000@group-03E665A0CE68 is in LEADER state but not ready yet., logIndex=0, commits[localhost_10000:c-1, localhost_10002:c-1, localhost_10001:c-1]
2019-09-24 12:19:53,929 INFO  client.GrpcClientProtocolService (GrpcClientProtocolService.java:lambda$processClientRequest$0(278)) - Failed RaftClientRequest:client-2265A94AA220->localhost_10000@group-03E665A0CE68, cid=42, seq=0, RW, Message:321f0a0f0a0d74657374...(size=33), reply=RaftClientReply:client-2265A94AA220->localhost_10000@group-03E665A0CE68, cid=42, FAILED org.apache.ratis.protocol.LeaderNotReadyException: localhost_10000@group-03E665A0CE68 is in LEADER state but not ready yet., logIndex=0, commits[localhost_10000:c-1, localhost_10002:c-1, localhost_10001:c-1]
2019-09-24 12:19:53,931 INFO  client.GrpcClientProtocolService (GrpcClientProtocolService.java:lambda$processClientRequest$0(278)) - Failed RaftClientRequest:client-2265A94AA220->localhost_10000@group-03E665A0CE68, cid=42, seq=0, RW, Message:321f0a0f0a0d74657374...(size=33), reply=RaftClientReply:client-2265A94AA220->localhost_10000@group-03E665A0CE68, cid=42, FAILED org.apache.ratis.protocol.LeaderNotReadyException: localhost_10000@group-03E665A0CE68 is in LEADER state but not ready yet., logIndex=0, commits[localhost_10000:c-1, localhost_10002:c-1, localhost_10001:c-1]
2019-09-24 12:19:53,932 INFO  client.GrpcClientProtocolService (GrpcClientProtocolService.java:lambda$processClientRequest$0(278)) - Failed RaftClientRequest:client-2265A94AA220->localhost_10000@group-03E665A0CE68, cid=42, seq=0, RW, Message:321f0a0f0a0d74657374...(size=33), reply=RaftClientReply:client-2265A94AA220->localhost_10000@group-03E665A0CE68, cid=42, FAILED org.apache.ratis.protocol.LeaderNotReadyException: localhost_10000@group-03E665A0CE68 is in LEADER state but not ready yet., logIndex=0, commits[localhost_10000:c-1, localhost_10002:c-1, localhost_10001:c-1]
2019-09-24 12:19:53,933 INFO  client.GrpcClientProtocolService (GrpcClientProtocolService.java:lambda$processClientRequest$0(278)) - Failed RaftClientRequest:client-2265A94AA220->localhost_10000@group-03E665A0CE68, cid=42, seq=0, RW, Message:321f0a0f0a0d74657374...(size=33), reply=RaftClientReply:client-2265A94AA220->localhost_10000@group-03E665A0CE68, cid=42, FAILED org.apache.ratis.protocol.LeaderNotReadyException: localhost_10000@group-03E665A0CE68 is in LEADER state but not ready yet., logIndex=0, commits[localhost_10000:c-1, localhost_10002:c-1, localhost_10001:c-1]
2019-09-24 12:19:53,934 INFO  client.GrpcClientProtocolService (GrpcClientProtocolService.java:lambda$processClientRequest$0(278)) - Failed RaftClientRequest:client-2265A94AA220->localhost_10000@group-03E665A0CE68, cid=42, seq=0, RW, Message:321f0a0f0a0d74657374...(size=33), reply=RaftClientReply:client-2265A94AA220->localhost_10000@group-03E665A0CE68, cid=42, FAILED org.apache.ratis.protocol.LeaderNotReadyException: localhost_10000@group-03E665A0CE68 is in LEADER state but not ready yet., logIndex=0, commits[localhost_10000:c-1, localhost_10002:c-1, localhost_10001:c-1]
2019-09-24 12:19:53,935 INFO  client.GrpcClientProtocolService (GrpcClientProtocolService.java:lambda$processClientRequest$0(278)) - Failed RaftClientRequest:client-2265A94AA220->localhost_10000@group-03E665A0CE68, cid=42, seq=0, RW, Message:321f0a0f0a0d74657374...(size=33), reply=RaftClientReply:client-2265A94AA220->localhost_10000@group-03E665A0CE68, cid=42, FAILED org.apache.ratis.protocol.LeaderNotReadyException: localhost_10000@group-03E665A0CE68 is in LEADER state but not ready yet., logIndex=0, commits[localhost_10000:c-1, localhost_10002:c-1, localhost_10001:c-1]
2019-09-24 12:19:53,936 INFO  client.GrpcClientProtocolService (GrpcClientProtocolService.java:lambda$processClientRequest$0(278)) - Failed RaftClientRequest:client-2265A94AA220->localhost_10000@group-03E665A0CE68, cid=42, seq=0, RW, Message:321f0a0f0a0d74657374...(size=33), reply=RaftClientReply:client-2265A94AA220->localhost_10000@group-03E665A0CE68, cid=42, FAILED org.apache.ratis.protocol.LeaderNotReadyException: localhost_10000@group-03E665A0CE68 is in LEADER state but not ready yet., logIndex=0, commits[localhost_10000:c-1, localhost_10002:c-1, localhost_10001:c-1]
2019-09-24 12:19:53,937 INFO  client.GrpcClientProtocolService (GrpcClientProtocolService.java:lambda$processClientRequest$0(278)) - Failed RaftClientRequest:client-2265A94AA220->localhost_10000@group-03E665A0CE68, cid=42, seq=0, RW, Message:321f0a0f0a0d74657374...(size=33), reply=RaftClientReply:client-2265A94AA220->localhost_10000@group-03E665A0CE68, cid=42, FAILED org.apache.ratis.protocol.LeaderNotReadyException: localhost_10000@group-03E665A0CE68 is in LEADER state but not ready yet., logIndex=0, commits[localhost_10000:c-1, localhost_10002:c-1, localhost_10001:c-1]
2019-09-24 12:19:53,938 INFO  client.GrpcClientProtocolService (GrpcClientProtocolService.java:lambda$processClientRequest$0(278)) - Failed RaftClientRequest:client-2265A94AA220->localhost_10000@group-03E665A0CE68, cid=42, seq=0, RW, Message:321f0a0f0a0d74657374...(size=33), reply=RaftClientReply:client-2265A94AA220->localhost_10000@group-03E665A0CE68, cid=42, FAILED org.apache.ratis.protocol.LeaderNotReadyException: localhost_10000@group-03E665A0CE68 is in LEADER state but not ready yet., logIndex=0, commits[localhost_10000:c-1, localhost_10002:c-1, localhost_10001:c-1]
2019-09-24 12:19:53,939 INFO  client.GrpcClientProtocolService (GrpcClientProtocolService.java:lambda$processClientRequest$0(278)) - Failed RaftClientRequest:client-2265A94AA220->localhost_10000@group-03E665A0CE68, cid=42, seq=0, RW, Message:321f0a0f0a0d74657374...(size=33), reply=RaftClientReply:client-2265A94AA220->localhost_10000@group-03E665A0CE68, cid=42, FAILED org.apache.ratis.protocol.LeaderNotReadyException: localhost_10000@group-03E665A0CE68 is in LEADER state but not ready yet., logIndex=0, commits[localhost_10000:c-1, localhost_10002:c-1, localhost_10001:c-1]
2019-09-24 12:19:53,939 INFO  client.GrpcClientProtocolService (GrpcClientProtocolService.java:lambda$processClientRequest$0(278)) - Failed RaftClientRequest:client-2265A94AA220->localhost_10000@group-03E665A0CE68, cid=42, seq=0, RW, Message:321f0a0f0a0d74657374...(size=33), reply=RaftClientReply:client-2265A94AA220->localhost_10000@group-03E665A0CE68, cid=42, FAILED org.apache.ratis.protocol.LeaderNotReadyException: localhost_10000@group-03E665A0CE68 is in LEADER state but not ready yet., logIndex=0, commits[localhost_10000:c-1, localhost_10002:c-1, localhost_10001:c-1]
2019-09-24 12:19:53,940 INFO  client.GrpcClientProtocolService (GrpcClientProtocolService.java:lambda$processClientRequest$0(278)) - Failed RaftClientRequest:client-2265A94AA220->localhost_10000@group-03E665A0CE68, cid=42, seq=0, RW, Message:321f0a0f0a0d74657374...(size=33), reply=RaftClientReply:client-2265A94AA220->localhost_10000@group-03E665A0CE68, cid=42, FAILED org.apache.ratis.protocol.LeaderNotReadyException: localhost_10000@group-03E665A0CE68 is in LEADER state but not ready yet., logIndex=0, commits[localhost_10000:c-1, localhost_10002:c-1, localhost_10001:c-1]
2019-09-24 12:19:53,941 INFO  client.GrpcClientProtocolService (GrpcClientProtocolService.java:lambda$processClientRequest$0(278)) - Failed RaftClientRequest:client-2265A94AA220->localhost_10000@group-03E665A0CE68, cid=42, seq=0, RW, Message:321f0a0f0a0d74657374...(size=33), reply=RaftClientReply:client-2265A94AA220->localhost_10000@group-03E665A0CE68, cid=42, FAILED org.apache.ratis.protocol.LeaderNotReadyException: localhost_10000@group-03E665A0CE68 is in LEADER state but not ready yet., logIndex=0, commits[localhost_10000:c-1, localhost_10002:c-1, localhost_10001:c-1]
2019-09-24 12:19:53,942 INFO  client.GrpcClientProtocolService (GrpcClientProtocolService.java:lambda$processClientRequest$0(278)) - Failed RaftClientRequest:client-2265A94AA220->localhost_10000@group-03E665A0CE68, cid=42, seq=0, RW, Message:321f0a0f0a0d74657374...(size=33), reply=RaftClientReply:client-2265A94AA220->localhost_10000@group-03E665A0CE68, cid=42, FAILED org.apache.ratis.protocol.LeaderNotReadyException: localhost_10000@group-03E665A0CE68 is in LEADER state but not ready yet., logIndex=0, commits[localhost_10000:c-1, localhost_10002:c-1, localhost_10001:c-1]
2019-09-24 12:19:53,943 INFO  client.GrpcClientProtocolService (GrpcClientProtocolService.java:lambda$processClientRequest$0(278)) - Failed RaftClientRequest:client-2265A94AA220->localhost_10000@group-03E665A0CE68, cid=42, seq=0, RW, Message:321f0a0f0a0d74657374...(size=33), reply=RaftClientReply:client-2265A94AA220->localhost_10000@group-03E665A0CE68, cid=42, FAILED org.apache.ratis.protocol.LeaderNotReadyException: localhost_10000@group-03E665A0CE68 is in LEADER state but not ready yet., logIndex=0, commits[localhost_10000:c-1, localhost_10002:c-1, localhost_10001:c-1]
2019-09-24 12:19:53,945 INFO  client.GrpcClientProtocolService (GrpcClientProtocolService.java:lambda$processClientRequest$0(278)) - Failed RaftClientRequest:client-2265A94AA220->localhost_10000@group-03E665A0CE68, cid=42, seq=0, RW, Message:321f0a0f0a0d74657374...(size=33), reply=RaftClientReply:client-2265A94AA220->localhost_10000@group-03E665A0CE68, cid=42, FAILED org.apache.ratis.protocol.LeaderNotReadyException: localhost_10000@group-03E665A0CE68 is in LEADER state but not ready yet., logIndex=0, commits[localhost_10000:c-1, localhost_10002:c-1, localhost_10001:c-1]
2019-09-24 12:19:53,945 INFO  client.GrpcClientProtocolService (GrpcClientProtocolService.java:lambda$processClientRequest$0(278)) - Failed RaftClientRequest:client-2265A94AA220->localhost_10000@group-03E665A0CE68, cid=42, seq=0, RW, Message:321f0a0f0a0d74657374...(size=33), reply=RaftClientReply:client-2265A94AA220->localhost_10000@group-03E665A0CE68, cid=42, FAILED org.apache.ratis.protocol.LeaderNotReadyException: localhost_10000@group-03E665A0CE68 is in LEADER state but not ready yet., logIndex=0, commits[localhost_10000:c-1, localhost_10002:c-1, localhost_10001:c-1]
2019-09-24 12:19:53,947 INFO  client.GrpcClientProtocolService (GrpcClientProtocolService.java:lambda$processClientRequest$0(278)) - Failed RaftClientRequest:client-2265A94AA220->localhost_10000@group-03E665A0CE68, cid=42, seq=0, RW, Message:321f0a0f0a0d74657374...(size=33), reply=RaftClientReply:client-2265A94AA220->localhost_10000@group-03E665A0CE68, cid=42, FAILED org.apache.ratis.protocol.LeaderNotReadyException: localhost_10000@group-03E665A0CE68 is in LEADER state but not ready yet., logIndex=0, commits[localhost_10000:c-1, localhost_10002:c-1, localhost_10001:c-1]
2019-09-24 12:19:53,948 INFO  client.GrpcClientProtocolService (GrpcClientProtocolService.java:lambda$processClientRequest$0(278)) - Failed RaftClientRequest:client-2265A94AA220->localhost_10000@group-03E665A0CE68, cid=42, seq=0, RW, Message:321f0a0f0a0d74657374...(size=33), reply=RaftClientReply:client-2265A94AA220->localhost_10000@group-03E665A0CE68, cid=42, FAILED org.apache.ratis.protocol.LeaderNotReadyException: localhost_10000@group-03E665A0CE68 is in LEADER state but not ready yet., logIndex=0, commits[localhost_10000:c-1, localhost_10002:c-1, localhost_10001:c-1]
2019-09-24 12:19:53,949 INFO  client.GrpcClientProtocolService (GrpcClientProtocolService.java:lambda$processClientRequest$0(278)) - Failed RaftClientRequest:client-2265A94AA220->localhost_10000@group-03E665A0CE68, cid=42, seq=0, RW, Message:321f0a0f0a0d74657374...(size=33), reply=RaftClientReply:client-2265A94AA220->localhost_10000@group-03E665A0CE68, cid=42, FAILED org.apache.ratis.protocol.LeaderNotReadyException: localhost_10000@group-03E665A0CE68 is in LEADER state but not ready yet., logIndex=0, commits[localhost_10000:c-1, localhost_10002:c-1, localhost_10001:c-1]
2019-09-24 12:19:53,949 INFO  client.GrpcClientProtocolService (GrpcClientProtocolService.java:lambda$processClientRequest$0(278)) - Failed RaftClientRequest:client-2265A94AA220->localhost_10000@group-03E665A0CE68, cid=42, seq=0, RW, Message:321f0a0f0a0d74657374...(size=33), reply=RaftClientReply:client-2265A94AA220->localhost_10000@group-03E665A0CE68, cid=42, FAILED org.apache.ratis.protocol.LeaderNotReadyException: localhost_10000@group-03E665A0CE68 is in LEADER state but not ready yet., logIndex=0, commits[localhost_10000:c-1, localhost_10002:c-1, localhost_10001:c-1]
2019-09-24 12:19:53,950 INFO  client.GrpcClientProtocolService (GrpcClientProtocolService.java:lambda$processClientRequest$0(278)) - Failed RaftClientRequest:client-2265A94AA220->localhost_10000@group-03E665A0CE68, cid=42, seq=0, RW, Message:321f0a0f0a0d74657374...(size=33), reply=RaftClientReply:client-2265A94AA220->localhost_10000@group-03E665A0CE68, cid=42, FAILED org.apache.ratis.protocol.LeaderNotReadyException: localhost_10000@group-03E665A0CE68 is in LEADER state but not ready yet., logIndex=0, commits[localhost_10000:c-1, localhost_10002:c-1, localhost_10001:c-1]
2019-09-24 12:19:53,951 INFO  client.GrpcClientProtocolService (GrpcClientProtocolService.java:lambda$processClientRequest$0(278)) - Failed RaftClientRequest:client-2265A94AA220->localhost_10000@group-03E665A0CE68, cid=42, seq=0, RW, Message:321f0a0f0a0d74657374...(size=33), reply=RaftClientReply:client-2265A94AA220->localhost_10000@group-03E665A0CE68, cid=42, FAILED org.apache.ratis.protocol.LeaderNotReadyException: localhost_10000@group-03E665A0CE68 is in LEADER state but not ready yet., logIndex=0, commits[localhost_10000:c-1, localhost_10002:c-1, localhost_10001:c-1]
2019-09-24 12:19:53,952 INFO  client.GrpcClientProtocolService (GrpcClientProtocolService.java:lambda$processClientRequest$0(278)) - Failed RaftClientRequest:client-2265A94AA220->localhost_10000@group-03E665A0CE68, cid=42, seq=0, RW, Message:321f0a0f0a0d74657374...(size=33), reply=RaftClientReply:client-2265A94AA220->localhost_10000@group-03E665A0CE68, cid=42, FAILED org.apache.ratis.protocol.LeaderNotReadyException: localhost_10000@group-03E665A0CE68 is in LEADER state but not ready yet., logIndex=0, commits[localhost_10000:c-1, localhost_10002:c-1, localhost_10001:c-1]
2019-09-24 12:19:53,953 INFO  client.GrpcClientProtocolService (GrpcClientProtocolService.java:lambda$processClientRequest$0(278)) - Failed RaftClientRequest:client-2265A94AA220->localhost_10000@group-03E665A0CE68, cid=42, seq=0, RW, Message:321f0a0f0a0d74657374...(size=33), reply=RaftClientReply:client-2265A94AA220->localhost_10000@group-03E665A0CE68, cid=42, FAILED org.apache.ratis.protocol.LeaderNotReadyException: localhost_10000@group-03E665A0CE68 is in LEADER state but not ready yet., logIndex=0, commits[localhost_10000:c-1, localhost_10002:c-1, localhost_10001:c-1]
2019-09-24 12:19:53,954 INFO  client.GrpcClientProtocolService (GrpcClientProtocolService.java:lambda$processClientRequest$0(278)) - Failed RaftClientRequest:client-2265A94AA220->localhost_10000@group-03E665A0CE68, cid=42, seq=0, RW, Message:321f0a0f0a0d74657374...(size=33), reply=RaftClientReply:client-2265A94AA220->localhost_10000@group-03E665A0CE68, cid=42, FAILED org.apache.ratis.protocol.LeaderNotReadyException: localhost_10000@group-03E665A0CE68 is in LEADER state but not ready yet., logIndex=0, commits[localhost_10000:c-1, localhost_10002:c-1, localhost_10001:c-1]
2019-09-24 12:19:53,955 INFO  client.GrpcClientProtocolService (GrpcClientProtocolService.java:lambda$processClientRequest$0(278)) - Failed RaftClientRequest:client-2265A94AA220->localhost_10000@group-03E665A0CE68, cid=42, seq=0, RW, Message:321f0a0f0a0d74657374...(size=33), reply=RaftClientReply:client-2265A94AA220->localhost_10000@group-03E665A0CE68, cid=42, FAILED org.apache.ratis.protocol.LeaderNotReadyException: localhost_10000@group-03E665A0CE68 is in LEADER state but not ready yet., logIndex=0, commits[localhost_10000:c-1, localhost_10002:c-1, localhost_10001:c-1]
2019-09-24 12:19:53,956 INFO  client.GrpcClientProtocolService (GrpcClientProtocolService.java:lambda$processClientRequest$0(278)) - Failed RaftClientRequest:client-2265A94AA220->localhost_10000@group-03E665A0CE68, cid=42, seq=0, RW, Message:321f0a0f0a0d74657374...(size=33), reply=RaftClientReply:client-2265A94AA220->localhost_10000@group-03E665A0CE68, cid=42, FAILED org.apache.ratis.protocol.LeaderNotReadyException: localhost_10000@group-03E665A0CE68 is in LEADER state but not ready yet., logIndex=0, commits[localhost_10000:c-1, localhost_10002:c-1, localhost_10001:c-1]
2019-09-24 12:19:53,957 INFO  client.GrpcClientProtocolService (GrpcClientProtocolService.java:lambda$processClientRequest$0(278)) - Failed RaftClientRequest:client-2265A94AA220->localhost_10000@group-03E665A0CE68, cid=42, seq=0, RW, Message:321f0a0f0a0d74657374...(size=33), reply=RaftClientReply:client-2265A94AA220->localhost_10000@group-03E665A0CE68, cid=42, FAILED org.apache.ratis.protocol.LeaderNotReadyException: localhost_10000@group-03E665A0CE68 is in LEADER state but not ready yet., logIndex=0, commits[localhost_10000:c-1, localhost_10002:c-1, localhost_10001:c-1]
2019-09-24 12:19:53,958 INFO  client.GrpcClientProtocolService (GrpcClientProtocolService.java:lambda$processClientRequest$0(278)) - Failed RaftClientRequest:client-2265A94AA220->localhost_10000@group-03E665A0CE68, cid=42, seq=0, RW, Message:321f0a0f0a0d74657374...(size=33), reply=RaftClientReply:client-2265A94AA220->localhost_10000@group-03E665A0CE68, cid=42, FAILED org.apache.ratis.protocol.LeaderNotReadyException: localhost_10000@group-03E665A0CE68 is in LEADER state but not ready yet., logIndex=0, commits[localhost_10000:c-1, localhost_10002:c-1, localhost_10001:c-1]
2019-09-24 12:19:53,959 INFO  client.GrpcClientProtocolService (GrpcClientProtocolService.java:lambda$processClientRequest$0(278)) - Failed RaftClientRequest:client-2265A94AA220->localhost_10000@group-03E665A0CE68, cid=42, seq=0, RW, Message:321f0a0f0a0d74657374...(size=33), reply=RaftClientReply:client-2265A94AA220->localhost_10000@group-03E665A0CE68, cid=42, FAILED org.apache.ratis.protocol.LeaderNotReadyException: localhost_10000@group-03E665A0CE68 is in LEADER state but not ready yet., logIndex=0, commits[localhost_10000:c-1, localhost_10002:c-1, localhost_10001:c-1]
2019-09-24 12:19:53,960 INFO  client.GrpcClientProtocolService (GrpcClientProtocolService.java:lambda$processClientRequest$0(278)) - Failed RaftClientRequest:client-2265A94AA220->localhost_10000@group-03E665A0CE68, cid=42, seq=0, RW, Message:321f0a0f0a0d74657374...(size=33), reply=RaftClientReply:client-2265A94AA220->localhost_10000@group-03E665A0CE68, cid=42, FAILED org.apache.ratis.protocol.LeaderNotReadyException: localhost_10000@group-03E665A0CE68 is in LEADER state but not ready yet., logIndex=0, commits[localhost_10000:c-1, localhost_10002:c-1, localhost_10001:c-1]
2019-09-24 12:19:53,961 INFO  client.GrpcClientProtocolService (GrpcClientProtocolService.java:lambda$processClientRequest$0(278)) - Failed RaftClientRequest:client-2265A94AA220->localhost_10000@group-03E665A0CE68, cid=42, seq=0, RW, Message:321f0a0f0a0d74657374...(size=33), reply=RaftClientReply:client-2265A94AA220->localhost_10000@group-03E665A0CE68, cid=42, FAILED org.apache.ratis.protocol.LeaderNotReadyException: localhost_10000@group-03E665A0CE68 is in LEADER state but not ready yet., logIndex=0, commits[localhost_10000:c-1, localhost_10002:c-1, localhost_10001:c-1]
2019-09-24 12:19:53,962 INFO  client.GrpcClientProtocolService (GrpcClientProtocolService.java:lambda$processClientRequest$0(278)) - Failed RaftClientRequest:client-2265A94AA220->localhost_10000@group-03E665A0CE68, cid=42, seq=0, RW, Message:321f0a0f0a0d74657374...(size=33), reply=RaftClientReply:client-2265A94AA220->localhost_10000@group-03E665A0CE68, cid=42, FAILED org.apache.ratis.protocol.LeaderNotReadyException: localhost_10000@group-03E665A0CE68 is in LEADER state but not ready yet., logIndex=0, commits[localhost_10000:c-1, localhost_10002:c-1, localhost_10001:c-1]
2019-09-24 12:19:53,963 INFO  client.GrpcClientProtocolService (GrpcClientProtocolService.java:lambda$processClientRequest$0(278)) - Failed RaftClientRequest:client-2265A94AA220->localhost_10000@group-03E665A0CE68, cid=42, seq=0, RW, Message:321f0a0f0a0d74657374...(size=33), reply=RaftClientReply:client-2265A94AA220->localhost_10000@group-03E665A0CE68, cid=42, FAILED org.apache.ratis.protocol.LeaderNotReadyException: localhost_10000@group-03E665A0CE68 is in LEADER state but not ready yet., logIndex=0, commits[localhost_10000:c-1, localhost_10002:c-1, localhost_10001:c-1]
2019-09-24 12:19:53,964 INFO  client.GrpcClientProtocolService (GrpcClientProtocolService.java:lambda$processClientRequest$0(278)) - Failed RaftClientRequest:client-2265A94AA220->localhost_10000@group-03E665A0CE68, cid=42, seq=0, RW, Message:321f0a0f0a0d74657374...(size=33), reply=RaftClientReply:client-2265A94AA220->localhost_10000@group-03E665A0CE68, cid=42, FAILED org.apache.ratis.protocol.LeaderNotReadyException: localhost_10000@group-03E665A0CE68 is in LEADER state but not ready yet., logIndex=0, commits[localhost_10000:c-1, localhost_10002:c-1, localhost_10001:c-1]
2019-09-24 12:19:53,965 INFO  client.GrpcClientProtocolService (GrpcClientProtocolService.java:lambda$processClientRequest$0(278)) - Failed RaftClientRequest:client-2265A94AA220->localhost_10000@group-03E665A0CE68, cid=42, seq=0, RW, Message:321f0a0f0a0d74657374...(size=33), reply=RaftClientReply:client-2265A94AA220->localhost_10000@group-03E665A0CE68, cid=42, FAILED org.apache.ratis.protocol.LeaderNotReadyException: localhost_10000@group-03E665A0CE68 is in LEADER state but not ready yet., logIndex=0, commits[localhost_10000:c-1, localhost_10002:c-1, localhost_10001:c-1]
2019-09-24 12:19:53,966 INFO  client.GrpcClientProtocolService (GrpcClientProtocolService.java:lambda$processClientRequest$0(278)) - Failed RaftClientRequest:client-2265A94AA220->localhost_10000@group-03E665A0CE68, cid=42, seq=0, RW, Message:321f0a0f0a0d74657374...(size=33), reply=RaftClientReply:client-2265A94AA220->localhost_10000@group-03E665A0CE68, cid=42, FAILED org.apache.ratis.protocol.LeaderNotReadyException: localhost_10000@group-03E665A0CE68 is in LEADER state but not ready yet., logIndex=0, commits[localhost_10000:c-1, localhost_10002:c-1, localhost_10001:c-1]
2019-09-24 12:19:53,968 INFO  client.GrpcClientProtocolService (GrpcClientProtocolService.java:lambda$processClientRequest$0(278)) - Failed RaftClientRequest:client-2265A94AA220->localhost_10000@group-03E665A0CE68, cid=42, seq=0, RW, Message:321f0a0f0a0d74657374...(size=33), reply=RaftClientReply:client-2265A94AA220->localhost_10000@group-03E665A0CE68, cid=42, FAILED org.apache.ratis.protocol.LeaderNotReadyException: localhost_10000@group-03E665A0CE68 is in LEADER state but not ready yet., logIndex=0, commits[localhost_10000:c-1, localhost_10002:c-1, localhost_10001:c-1]
2019-09-24 12:19:53,969 INFO  client.GrpcClientProtocolService (GrpcClientProtocolService.java:lambda$processClientRequest$0(278)) - Failed RaftClientRequest:client-2265A94AA220->localhost_10000@group-03E665A0CE68, cid=42, seq=0, RW, Message:321f0a0f0a0d74657374...(size=33), reply=RaftClientReply:client-2265A94AA220->localhost_10000@group-03E665A0CE68, cid=42, FAILED org.apache.ratis.protocol.LeaderNotReadyException: localhost_10000@group-03E665A0CE68 is in LEADER state but not ready yet., logIndex=0, commits[localhost_10000:c-1, localhost_10002:c-1, localhost_10001:c-1]
2019-09-24 12:19:53,970 INFO  client.GrpcClientProtocolService (GrpcClientProtocolService.java:lambda$processClientRequest$0(278)) - Failed RaftClientRequest:client-2265A94AA220->localhost_10000@group-03E665A0CE68, cid=42, seq=0, RW, Message:321f0a0f0a0d74657374...(size=33), reply=RaftClientReply:client-2265A94AA220->localhost_10000@group-03E665A0CE68, cid=42, FAILED org.apache.ratis.protocol.LeaderNotReadyException: localhost_10000@group-03E665A0CE68 is in LEADER state but not ready yet., logIndex=0, commits[localhost_10000:c-1, localhost_10002:c-1, localhost_10001:c-1]
2019-09-24 12:19:53,971 INFO  client.GrpcClientProtocolService (GrpcClientProtocolService.java:lambda$processClientRequest$0(278)) - Failed RaftClientRequest:client-2265A94AA220->localhost_10000@group-03E665A0CE68, cid=42, seq=0, RW, Message:321f0a0f0a0d74657374...(size=33), reply=RaftClientReply:client-2265A94AA220->localhost_10000@group-03E665A0CE68, cid=42, FAILED org.apache.ratis.protocol.LeaderNotReadyException: localhost_10000@group-03E665A0CE68 is in LEADER state but not ready yet., logIndex=0, commits[localhost_10000:c-1, localhost_10002:c-1, localhost_10001:c-1]
2019-09-24 12:19:53,972 INFO  client.GrpcClientProtocolService (GrpcClientProtocolService.java:lambda$processClientRequest$0(278)) - Failed RaftClientRequest:client-2265A94AA220->localhost_10000@group-03E665A0CE68, cid=42, seq=0, RW, Message:321f0a0f0a0d74657374...(size=33), reply=RaftClientReply:client-2265A94AA220->localhost_10000@group-03E665A0CE68, cid=42, FAILED org.apache.ratis.protocol.LeaderNotReadyException: localhost_10000@group-03E665A0CE68 is in LEADER state but not ready yet., logIndex=0, commits[localhost_10000:c-1, localhost_10002:c-1, localhost_10001:c-1]
2019-09-24 12:19:53,972 INFO  client.GrpcClientProtocolService (GrpcClientProtocolService.java:lambda$processClientRequest$0(278)) - Failed RaftClientRequest:client-2265A94AA220->localhost_10000@group-03E665A0CE68, cid=42, seq=0, RW, Message:321f0a0f0a0d74657374...(size=33), reply=RaftClientReply:client-2265A94AA220->localhost_10000@group-03E665A0CE68, cid=42, FAILED org.apache.ratis.protocol.LeaderNotReadyException: localhost_10000@group-03E665A0CE68 is in LEADER state but not ready yet., logIndex=0, commits[localhost_10000:c-1, localhost_10002:c-1, localhost_10001:c-1]
2019-09-24 12:19:53,974 INFO  client.GrpcClientProtocolService (GrpcClientProtocolService.java:lambda$processClientRequest$0(278)) - Failed RaftClientRequest:client-2265A94AA220->localhost_10000@group-03E665A0CE68, cid=42, seq=0, RW, Message:321f0a0f0a0d74657374...(size=33), reply=RaftClientReply:client-2265A94AA220->localhost_10000@group-03E665A0CE68, cid=42, FAILED org.apache.ratis.protocol.LeaderNotReadyException: localhost_10000@group-03E665A0CE68 is in LEADER state but not ready yet., logIndex=0, commits[localhost_10000:c-1, localhost_10002:c-1, localhost_10001:c-1]
2019-09-24 12:19:53,975 INFO  client.GrpcClientProtocolService (GrpcClientProtocolService.java:lambda$processClientRequest$0(278)) - Failed RaftClientRequest:client-2265A94AA220->localhost_10000@group-03E665A0CE68, cid=42, seq=0, RW, Message:321f0a0f0a0d74657374...(size=33), reply=RaftClientReply:client-2265A94AA220->localhost_10000@group-03E665A0CE68, cid=42, FAILED org.apache.ratis.protocol.LeaderNotReadyException: localhost_10000@group-03E665A0CE68 is in LEADER state but not ready yet., logIndex=0, commits[localhost_10000:c-1, localhost_10002:c-1, localhost_10001:c-1]
2019-09-24 12:19:53,976 INFO  client.GrpcClientProtocolService (GrpcClientProtocolService.java:lambda$processClientRequest$0(278)) - Failed RaftClientRequest:client-2265A94AA220->localhost_10000@group-03E665A0CE68, cid=42, seq=0, RW, Message:321f0a0f0a0d74657374...(size=33), reply=RaftClientReply:client-2265A94AA220->localhost_10000@group-03E665A0CE68, cid=42, FAILED org.apache.ratis.protocol.LeaderNotReadyException: localhost_10000@group-03E665A0CE68 is in LEADER state but not ready yet., logIndex=0, commits[localhost_10000:c-1, localhost_10002:c-1, localhost_10001:c-1]
2019-09-24 12:19:53,976 INFO  client.GrpcClientProtocolService (GrpcClientProtocolService.java:lambda$processClientRequest$0(278)) - Failed RaftClientRequest:client-2265A94AA220->localhost_10000@group-03E665A0CE68, cid=42, seq=0, RW, Message:321f0a0f0a0d74657374...(size=33), reply=RaftClientReply:client-2265A94AA220->localhost_10000@group-03E665A0CE68, cid=42, FAILED org.apache.ratis.protocol.LeaderNotReadyException: localhost_10000@group-03E665A0CE68 is in LEADER state but not ready yet., logIndex=0, commits[localhost_10000:c-1, localhost_10002:c-1, localhost_10001:c-1]
2019-09-24 12:19:53,977 INFO  client.GrpcClientProtocolService (GrpcClientProtocolService.java:lambda$processClientRequest$0(278)) - Failed RaftClientRequest:client-2265A94AA220->localhost_10000@group-03E665A0CE68, cid=42, seq=0, RW, Message:321f0a0f0a0d74657374...(size=33), reply=RaftClientReply:client-2265A94AA220->localhost_10000@group-03E665A0CE68, cid=42, FAILED org.apache.ratis.protocol.LeaderNotReadyException: localhost_10000@group-03E665A0CE68 is in LEADER state but not ready yet., logIndex=0, commits[localhost_10000:c-1, localhost_10002:c-1, localhost_10001:c-1]
2019-09-24 12:19:53,978 INFO  client.GrpcClientProtocolService (GrpcClientProtocolService.java:lambda$processClientRequest$0(278)) - Failed RaftClientRequest:client-2265A94AA220->localhost_10000@group-03E665A0CE68, cid=42, seq=0, RW, Message:321f0a0f0a0d74657374...(size=33), reply=RaftClientReply:client-2265A94AA220->localhost_10000@group-03E665A0CE68, cid=42, FAILED org.apache.ratis.protocol.LeaderNotReadyException: localhost_10000@group-03E665A0CE68 is in LEADER state but not ready yet., logIndex=0, commits[localhost_10000:c-1, localhost_10002:c-1, localhost_10001:c-1]
2019-09-24 12:19:53,979 INFO  client.GrpcClientProtocolService (GrpcClientProtocolService.java:lambda$processClientRequest$0(278)) - Failed RaftClientRequest:client-2265A94AA220->localhost_10000@group-03E665A0CE68, cid=42, seq=0, RW, Message:321f0a0f0a0d74657374...(size=33), reply=RaftClientReply:client-2265A94AA220->localhost_10000@group-03E665A0CE68, cid=42, FAILED org.apache.ratis.protocol.LeaderNotReadyException: localhost_10000@group-03E665A0CE68 is in LEADER state but not ready yet., logIndex=0, commits[localhost_10000:c-1, localhost_10002:c-1, localhost_10001:c-1]
2019-09-24 12:19:53,980 INFO  client.GrpcClientProtocolService (GrpcClientProtocolService.java:lambda$processClientRequest$0(278)) - Failed RaftClientRequest:client-2265A94AA220->localhost_10000@group-03E665A0CE68, cid=42, seq=0, RW, Message:321f0a0f0a0d74657374...(size=33), reply=RaftClientReply:client-2265A94AA220->localhost_10000@group-03E665A0CE68, cid=42, FAILED org.apache.ratis.protocol.LeaderNotReadyException: localhost_10000@group-03E665A0CE68 is in LEADER state but not ready yet., logIndex=0, commits[localhost_10000:c-1, localhost_10002:c-1, localhost_10001:c-1]
2019-09-24 12:19:53,982 INFO  client.GrpcClientProtocolService (GrpcClientProtocolService.java:lambda$processClientRequest$0(278)) - Failed RaftClientRequest:client-2265A94AA220->localhost_10000@group-03E665A0CE68, cid=42, seq=0, RW, Message:321f0a0f0a0d74657374...(size=33), reply=RaftClientReply:client-2265A94AA220->localhost_10000@group-03E665A0CE68, cid=42, FAILED org.apache.ratis.protocol.LeaderNotReadyException: localhost_10000@group-03E665A0CE68 is in LEADER state but not ready yet., logIndex=0, commits[localhost_10000:c-1, localhost_10002:c-1, localhost_10001:c-1]
2019-09-24 12:19:53,982 INFO  client.GrpcClientProtocolService (GrpcClientProtocolService.java:lambda$processClientRequest$0(278)) - Failed RaftClientRequest:client-2265A94AA220->localhost_10000@group-03E665A0CE68, cid=42, seq=0, RW, Message:321f0a0f0a0d74657374...(size=33), reply=RaftClientReply:client-2265A94AA220->localhost_10000@group-03E665A0CE68, cid=42, FAILED org.apache.ratis.protocol.LeaderNotReadyException: localhost_10000@group-03E665A0CE68 is in LEADER state but not ready yet., logIndex=0, commits[localhost_10000:c-1, localhost_10002:c-1, localhost_10001:c-1]
2019-09-24 12:19:53,983 INFO  client.GrpcClientProtocolService (GrpcClientProtocolService.java:lambda$processClientRequest$0(278)) - Failed RaftClientRequest:client-2265A94AA220->localhost_10000@group-03E665A0CE68, cid=42, seq=0, RW, Message:321f0a0f0a0d74657374...(size=33), reply=RaftClientReply:client-2265A94AA220->localhost_10000@group-03E665A0CE68, cid=42, FAILED org.apache.ratis.protocol.LeaderNotReadyException: localhost_10000@group-03E665A0CE68 is in LEADER state but not ready yet., logIndex=0, commits[localhost_10000:c-1, localhost_10002:c-1, localhost_10001:c-1]
2019-09-24 12:19:53,984 INFO  client.GrpcClientProtocolService (GrpcClientProtocolService.java:lambda$processClientRequest$0(278)) - Failed RaftClientRequest:client-2265A94AA220->localhost_10000@group-03E665A0CE68, cid=42, seq=0, RW, Message:321f0a0f0a0d74657374...(size=33), reply=RaftClientReply:client-2265A94AA220->localhost_10000@group-03E665A0CE68, cid=42, FAILED org.apache.ratis.protocol.LeaderNotReadyException: localhost_10000@group-03E665A0CE68 is in LEADER state but not ready yet., logIndex=0, commits[localhost_10000:c-1, localhost_10002:c-1, localhost_10001:c-1]
2019-09-24 12:19:53,985 INFO  client.GrpcClientProtocolService (GrpcClientProtocolService.java:lambda$processClientRequest$0(278)) - Failed RaftClientRequest:client-2265A94AA220->localhost_10000@group-03E665A0CE68, cid=42, seq=0, RW, Message:321f0a0f0a0d74657374...(size=33), reply=RaftClientReply:client-2265A94AA220->localhost_10000@group-03E665A0CE68, cid=42, FAILED org.apache.ratis.protocol.LeaderNotReadyException: localhost_10000@group-03E665A0CE68 is in LEADER state but not ready yet., logIndex=0, commits[localhost_10000:c-1, localhost_10002:c-1, localhost_10001:c-1]
2019-09-24 12:19:53,986 INFO  client.GrpcClientProtocolService (GrpcClientProtocolService.java:lambda$processClientRequest$0(278)) - Failed RaftClientRequest:client-2265A94AA220->localhost_10000@group-03E665A0CE68, cid=42, seq=0, RW, Message:321f0a0f0a0d74657374...(size=33), reply=RaftClientReply:client-2265A94AA220->localhost_10000@group-03E665A0CE68, cid=42, FAILED org.apache.ratis.protocol.LeaderNotReadyException: localhost_10000@group-03E665A0CE68 is in LEADER state but not ready yet., logIndex=0, commits[localhost_10000:c-1, localhost_10002:c-1, localhost_10001:c-1]
2019-09-24 12:19:53,987 INFO  client.GrpcClientProtocolService (GrpcClientProtocolService.java:lambda$processClientRequest$0(278)) - Failed RaftClientRequest:client-2265A94AA220->localhost_10000@group-03E665A0CE68, cid=42, seq=0, RW, Message:321f0a0f0a0d74657374...(size=33), reply=RaftClientReply:client-2265A94AA220->localhost_10000@group-03E665A0CE68, cid=42, FAILED org.apache.ratis.protocol.LeaderNotReadyException: localhost_10000@group-03E665A0CE68 is in LEADER state but not ready yet., logIndex=0, commits[localhost_10000:c-1, localhost_10002:c-1, localhost_10001:c-1]
2019-09-24 12:19:53,988 INFO  client.GrpcClientProtocolService (GrpcClientProtocolService.java:lambda$processClientRequest$0(278)) - Failed RaftClientRequest:client-2265A94AA220->localhost_10000@group-03E665A0CE68, cid=42, seq=0, RW, Message:321f0a0f0a0d74657374...(size=33), reply=RaftClientReply:client-2265A94AA220->localhost_10000@group-03E665A0CE68, cid=42, FAILED org.apache.ratis.protocol.LeaderNotReadyException: localhost_10000@group-03E665A0CE68 is in LEADER state but not ready yet., logIndex=0, commits[localhost_10000:c-1, localhost_10002:c-1, localhost_10001:c-1]
2019-09-24 12:19:53,989 INFO  client.GrpcClientProtocolService (GrpcClientProtocolService.java:lambda$processClientRequest$0(278)) - Failed RaftClientRequest:client-2265A94AA220->localhost_10000@group-03E665A0CE68, cid=42, seq=0, RW, Message:321f0a0f0a0d74657374...(size=33), reply=RaftClientReply:client-2265A94AA220->localhost_10000@group-03E665A0CE68, cid=42, FAILED org.apache.ratis.protocol.LeaderNotReadyException: localhost_10000@group-03E665A0CE68 is in LEADER state but not ready yet., logIndex=0, commits[localhost_10000:c-1, localhost_10002:c-1, localhost_10001:c-1]
2019-09-24 12:19:53,990 INFO  client.GrpcClientProtocolService (GrpcClientProtocolService.java:lambda$processClientRequest$0(278)) - Failed RaftClientRequest:client-2265A94AA220->localhost_10000@group-03E665A0CE68, cid=42, seq=0, RW, Message:321f0a0f0a0d74657374...(size=33), reply=RaftClientReply:client-2265A94AA220->localhost_10000@group-03E665A0CE68, cid=42, FAILED org.apache.ratis.protocol.LeaderNotReadyException: localhost_10000@group-03E665A0CE68 is in LEADER state but not ready yet., logIndex=0, commits[localhost_10000:c-1, localhost_10002:c-1, localhost_10001:c-1]
2019-09-24 12:19:53,991 INFO  client.GrpcClientProtocolService (GrpcClientProtocolService.java:lambda$processClientRequest$0(278)) - Failed RaftClientRequest:client-2265A94AA220->localhost_10000@group-03E665A0CE68, cid=42, seq=0, RW, Message:321f0a0f0a0d74657374...(size=33), reply=RaftClientReply:client-2265A94AA220->localhost_10000@group-03E665A0CE68, cid=42, FAILED org.apache.ratis.protocol.LeaderNotReadyException: localhost_10000@group-03E665A0CE68 is in LEADER state but not ready yet., logIndex=0, commits[localhost_10000:c-1, localhost_10002:c-1, localhost_10001:c-1]
2019-09-24 12:19:53,992 INFO  client.GrpcClientProtocolService (GrpcClientProtocolService.java:lambda$processClientRequest$0(278)) - Failed RaftClientRequest:client-2265A94AA220->localhost_10000@group-03E665A0CE68, cid=42, seq=0, RW, Message:321f0a0f0a0d74657374...(size=33), reply=RaftClientReply:client-2265A94AA220->localhost_10000@group-03E665A0CE68, cid=42, FAILED org.apache.ratis.protocol.LeaderNotReadyException: localhost_10000@group-03E665A0CE68 is in LEADER state but not ready yet., logIndex=0, commits[localhost_10000:c-1, localhost_10002:c-1, localhost_10001:c-1]
2019-09-24 12:19:53,992 INFO  client.GrpcClientProtocolService (GrpcClientProtocolService.java:lambda$processClientRequest$0(278)) - Failed RaftClientRequest:client-2265A94AA220->localhost_10000@group-03E665A0CE68, cid=42, seq=0, RW, Message:321f0a0f0a0d74657374...(size=33), reply=RaftClientReply:client-2265A94AA220->localhost_10000@group-03E665A0CE68, cid=42, FAILED org.apache.ratis.protocol.LeaderNotReadyException: localhost_10000@group-03E665A0CE68 is in LEADER state but not ready yet., logIndex=0, commits[localhost_10000:c-1, localhost_10002:c-1, localhost_10001:c-1]
2019-09-24 12:19:53,993 INFO  client.GrpcClientProtocolService (GrpcClientProtocolService.java:lambda$processClientRequest$0(278)) - Failed RaftClientRequest:client-2265A94AA220->localhost_10000@group-03E665A0CE68, cid=42, seq=0, RW, Message:321f0a0f0a0d74657374...(size=33), reply=RaftClientReply:client-2265A94AA220->localhost_10000@group-03E665A0CE68, cid=42, FAILED org.apache.ratis.protocol.LeaderNotReadyException: localhost_10000@group-03E665A0CE68 is in LEADER state but not ready yet., logIndex=0, commits[localhost_10000:c-1, localhost_10002:c-1, localhost_10001:c-1]
2019-09-24 12:19:53,994 INFO  client.GrpcClientProtocolService (GrpcClientProtocolService.java:lambda$processClientRequest$0(278)) - Failed RaftClientRequest:client-2265A94AA220->localhost_10000@group-03E665A0CE68, cid=42, seq=0, RW, Message:321f0a0f0a0d74657374...(size=33), reply=RaftClientReply:client-2265A94AA220->localhost_10000@group-03E665A0CE68, cid=42, FAILED org.apache.ratis.protocol.LeaderNotReadyException: localhost_10000@group-03E665A0CE68 is in LEADER state but not ready yet., logIndex=0, commits[localhost_10000:c-1, localhost_10002:c-1, localhost_10001:c-1]
2019-09-24 12:19:53,995 INFO  client.GrpcClientProtocolService (GrpcClientProtocolService.java:lambda$processClientRequest$0(278)) - Failed RaftClientRequest:client-2265A94AA220->localhost_10000@group-03E665A0CE68, cid=42, seq=0, RW, Message:321f0a0f0a0d74657374...(size=33), reply=RaftClientReply:client-2265A94AA220->localhost_10000@group-03E665A0CE68, cid=42, FAILED org.apache.ratis.protocol.LeaderNotReadyException: localhost_10000@group-03E665A0CE68 is in LEADER state but not ready yet., logIndex=0, commits[localhost_10000:c-1, localhost_10002:c-1, localhost_10001:c-1]
2019-09-24 12:19:53,996 INFO  client.GrpcClientProtocolService (GrpcClientProtocolService.java:lambda$processClientRequest$0(278)) - Failed RaftClientRequest:client-2265A94AA220->localhost_10000@group-03E665A0CE68, cid=42, seq=0, RW, Message:321f0a0f0a0d74657374...(size=33), reply=RaftClientReply:client-2265A94AA220->localhost_10000@group-03E665A0CE68, cid=42, FAILED org.apache.ratis.protocol.LeaderNotReadyException: localhost_10000@group-03E665A0CE68 is in LEADER state but not ready yet., logIndex=0, commits[localhost_10000:c-1, localhost_10002:c-1, localhost_10001:c-1]
2019-09-24 12:19:53,997 INFO  client.GrpcClientProtocolService (GrpcClientProtocolService.java:lambda$processClientRequest$0(278)) - Failed RaftClientRequest:client-2265A94AA220->localhost_10000@group-03E665A0CE68, cid=42, seq=0, RW, Message:321f0a0f0a0d74657374...(size=33), reply=RaftClientReply:client-2265A94AA220->localhost_10000@group-03E665A0CE68, cid=42, FAILED org.apache.ratis.protocol.LeaderNotReadyException: localhost_10000@group-03E665A0CE68 is in LEADER state but not ready yet., logIndex=0, commits[localhost_10000:c-1, localhost_10002:c-1, localhost_10001:c-1]
2019-09-24 12:19:53,997 INFO  client.GrpcClientProtocolService (GrpcClientProtocolService.java:lambda$processClientRequest$0(278)) - Failed RaftClientRequest:client-2265A94AA220->localhost_10000@group-03E665A0CE68, cid=42, seq=0, RW, Message:321f0a0f0a0d74657374...(size=33), reply=RaftClientReply:client-2265A94AA220->localhost_10000@group-03E665A0CE68, cid=42, FAILED org.apache.ratis.protocol.LeaderNotReadyException: localhost_10000@group-03E665A0CE68 is in LEADER state but not ready yet., logIndex=0, commits[localhost_10000:c-1, localhost_10002:c-1, localhost_10001:c-1]
2019-09-24 12:19:53,998 INFO  client.GrpcClientProtocolService (GrpcClientProtocolService.java:lambda$processClientRequest$0(278)) - Failed RaftClientRequest:client-2265A94AA220->localhost_10000@group-03E665A0CE68, cid=42, seq=0, RW, Message:321f0a0f0a0d74657374...(size=33), reply=RaftClientReply:client-2265A94AA220->localhost_10000@group-03E665A0CE68, cid=42, FAILED org.apache.ratis.protocol.LeaderNotReadyException: localhost_10000@group-03E665A0CE68 is in LEADER state but not ready yet., logIndex=0, commits[localhost_10000:c-1, localhost_10002:c-1, localhost_10001:c-1]
2019-09-24 12:19:53,999 INFO  client.GrpcClientProtocolService (GrpcClientProtocolService.java:lambda$processClientRequest$0(278)) - Failed RaftClientRequest:client-2265A94AA220->localhost_10000@group-03E665A0CE68, cid=42, seq=0, RW, Message:321f0a0f0a0d74657374...(size=33), reply=RaftClientReply:client-2265A94AA220->localhost_10000@group-03E665A0CE68, cid=42, FAILED org.apache.ratis.protocol.LeaderNotReadyException: localhost_10000@group-03E665A0CE68 is in LEADER state but not ready yet., logIndex=0, commits[localhost_10000:c-1, localhost_10002:c-1, localhost_10001:c-1]
2019-09-24 12:19:54,000 INFO  client.GrpcClientProtocolService (GrpcClientProtocolService.java:lambda$processClientRequest$0(278)) - Failed RaftClientRequest:client-2265A94AA220->localhost_10000@group-03E665A0CE68, cid=42, seq=0, RW, Message:321f0a0f0a0d74657374...(size=33), reply=RaftClientReply:client-2265A94AA220->localhost_10000@group-03E665A0CE68, cid=42, FAILED org.apache.ratis.protocol.LeaderNotReadyException: localhost_10000@group-03E665A0CE68 is in LEADER state but not ready yet., logIndex=0, commits[localhost_10000:c-1, localhost_10002:c-1, localhost_10001:c-1]
2019-09-24 12:19:54,001 INFO  client.GrpcClientProtocolService (GrpcClientProtocolService.java:lambda$processClientRequest$0(278)) - Failed RaftClientRequest:client-2265A94AA220->localhost_10000@group-03E665A0CE68, cid=42, seq=0, RW, Message:321f0a0f0a0d74657374...(size=33), reply=RaftClientReply:client-2265A94AA220->localhost_10000@group-03E665A0CE68, cid=42, FAILED org.apache.ratis.protocol.LeaderNotReadyException: localhost_10000@group-03E665A0CE68 is in LEADER state but not ready yet., logIndex=0, commits[localhost_10000:c-1, localhost_10002:c-1, localhost_10001:c-1]
2019-09-24 12:19:54,002 INFO  client.GrpcClientProtocolService (GrpcClientProtocolService.java:lambda$processClientRequest$0(278)) - Failed RaftClientRequest:client-2265A94AA220->localhost_10000@group-03E665A0CE68, cid=42, seq=0, RW, Message:321f0a0f0a0d74657374...(size=33), reply=RaftClientReply:client-2265A94AA220->localhost_10000@group-03E665A0CE68, cid=42, FAILED org.apache.ratis.protocol.LeaderNotReadyException: localhost_10000@group-03E665A0CE68 is in LEADER state but not ready yet., logIndex=0, commits[localhost_10000:c-1, localhost_10002:c-1, localhost_10001:c-1]
2019-09-24 12:19:54,003 INFO  client.GrpcClientProtocolService (GrpcClientProtocolService.java:lambda$processClientRequest$0(278)) - Failed RaftClientRequest:client-2265A94AA220->localhost_10000@group-03E665A0CE68, cid=42, seq=0, RW, Message:321f0a0f0a0d74657374...(size=33), reply=RaftClientReply:client-2265A94AA220->localhost_10000@group-03E665A0CE68, cid=42, FAILED org.apache.ratis.protocol.LeaderNotReadyException: localhost_10000@group-03E665A0CE68 is in LEADER state but not ready yet., logIndex=0, commits[localhost_10000:c-1, localhost_10002:c-1, localhost_10001:c-1]
2019-09-24 12:19:54,005 INFO  client.GrpcClientProtocolService (GrpcClientProtocolService.java:lambda$processClientRequest$0(278)) - Failed RaftClientRequest:client-2265A94AA220->localhost_10000@group-03E665A0CE68, cid=42, seq=0, RW, Message:321f0a0f0a0d74657374...(size=33), reply=RaftClientReply:client-2265A94AA220->localhost_10000@group-03E665A0CE68, cid=42, FAILED org.apache.ratis.protocol.LeaderNotReadyException: localhost_10000@group-03E665A0CE68 is in LEADER state but not ready yet., logIndex=0, commits[localhost_10000:c-1, localhost_10002:c-1, localhost_10001:c-1]
2019-09-24 12:19:54,006 INFO  client.GrpcClientProtocolService (GrpcClientProtocolService.java:lambda$processClientRequest$0(278)) - Failed RaftClientRequest:client-2265A94AA220->localhost_10000@group-03E665A0CE68, cid=42, seq=0, RW, Message:321f0a0f0a0d74657374...(size=33), reply=RaftClientReply:client-2265A94AA220->localhost_10000@group-03E665A0CE68, cid=42, FAILED org.apache.ratis.protocol.LeaderNotReadyException: localhost_10000@group-03E665A0CE68 is in LEADER state but not ready yet., logIndex=0, commits[localhost_10000:c-1, localhost_10002:c-1, localhost_10001:c-1]
2019-09-24 12:19:54,007 INFO  client.GrpcClientProtocolService (GrpcClientProtocolService.java:lambda$processClientRequest$0(278)) - Failed RaftClientRequest:client-2265A94AA220->localhost_10000@group-03E665A0CE68, cid=42, seq=0, RW, Message:321f0a0f0a0d74657374...(size=33), reply=RaftClientReply:client-2265A94AA220->localhost_10000@group-03E665A0CE68, cid=42, FAILED org.apache.ratis.protocol.LeaderNotReadyException: localhost_10000@group-03E665A0CE68 is in LEADER state but not ready yet., logIndex=0, commits[localhost_10000:c-1, localhost_10002:c-1, localhost_10001:c-1]
2019-09-24 12:19:54,008 INFO  client.GrpcClientProtocolService (GrpcClientProtocolService.java:lambda$processClientRequest$0(278)) - Failed RaftClientRequest:client-2265A94AA220->localhost_10000@group-03E665A0CE68, cid=42, seq=0, RW, Message:321f0a0f0a0d74657374...(size=33), reply=RaftClientReply:client-2265A94AA220->localhost_10000@group-03E665A0CE68, cid=42, FAILED org.apache.ratis.protocol.LeaderNotReadyException: localhost_10000@group-03E665A0CE68 is in LEADER state but not ready yet., logIndex=0, commits[localhost_10000:c-1, localhost_10002:c-1, localhost_10001:c-1]
2019-09-24 12:19:54,009 INFO  client.GrpcClientProtocolService (GrpcClientProtocolService.java:lambda$processClientRequest$0(278)) - Failed RaftClientRequest:client-2265A94AA220->localhost_10000@group-03E665A0CE68, cid=42, seq=0, RW, Message:321f0a0f0a0d74657374...(size=33), reply=RaftClientReply:client-2265A94AA220->localhost_10000@group-03E665A0CE68, cid=42, FAILED org.apache.ratis.protocol.LeaderNotReadyException: localhost_10000@group-03E665A0CE68 is in LEADER state but not ready yet., logIndex=0, commits[localhost_10000:c-1, localhost_10002:c-1, localhost_10001:c-1]
2019-09-24 12:19:54,010 INFO  client.GrpcClientProtocolService (GrpcClientProtocolService.java:lambda$processClientRequest$0(278)) - Failed RaftClientRequest:client-2265A94AA220->localhost_10000@group-03E665A0CE68, cid=42, seq=0, RW, Message:321f0a0f0a0d74657374...(size=33), reply=RaftClientReply:client-2265A94AA220->localhost_10000@group-03E665A0CE68, cid=42, FAILED org.apache.ratis.protocol.LeaderNotReadyException: localhost_10000@group-03E665A0CE68 is in LEADER state but not ready yet., logIndex=0, commits[localhost_10000:c-1, localhost_10002:c-1, localhost_10001:c-1]
2019-09-24 12:19:54,011 INFO  client.GrpcClientProtocolService (GrpcClientProtocolService.java:lambda$processClientRequest$0(278)) - Failed RaftClientRequest:client-2265A94AA220->localhost_10000@group-03E665A0CE68, cid=42, seq=0, RW, Message:321f0a0f0a0d74657374...(size=33), reply=RaftClientReply:client-2265A94AA220->localhost_10000@group-03E665A0CE68, cid=42, FAILED org.apache.ratis.protocol.LeaderNotReadyException: localhost_10000@group-03E665A0CE68 is in LEADER state but not ready yet., logIndex=0, commits[localhost_10000:c-1, localhost_10002:c-1, localhost_10001:c-1]
2019-09-24 12:19:54,012 INFO  client.GrpcClientProtocolService (GrpcClientProtocolService.java:lambda$processClientRequest$0(278)) - Failed RaftClientRequest:client-2265A94AA220->localhost_10000@group-03E665A0CE68, cid=42, seq=0, RW, Message:321f0a0f0a0d74657374...(size=33), reply=RaftClientReply:client-2265A94AA220->localhost_10000@group-03E665A0CE68, cid=42, FAILED org.apache.ratis.protocol.LeaderNotReadyException: localhost_10000@group-03E665A0CE68 is in LEADER state but not ready yet., logIndex=0, commits[localhost_10000:c-1, localhost_10002:c-1, localhost_10001:c-1]
2019-09-24 12:19:54,012 INFO  client.GrpcClientProtocolService (GrpcClientProtocolService.java:lambda$processClientRequest$0(278)) - Failed RaftClientRequest:client-2265A94AA220->localhost_10000@group-03E665A0CE68, cid=42, seq=0, RW, Message:321f0a0f0a0d74657374...(size=33), reply=RaftClientReply:client-2265A94AA220->localhost_10000@group-03E665A0CE68, cid=42, FAILED org.apache.ratis.protocol.LeaderNotReadyException: localhost_10000@group-03E665A0CE68 is in LEADER state but not ready yet., logIndex=0, commits[localhost_10000:c-1, localhost_10002:c-1, localhost_10001:c-1]
2019-09-24 12:19:54,013 INFO  client.GrpcClientProtocolService (GrpcClientProtocolService.java:lambda$processClientRequest$0(278)) - Failed RaftClientRequest:client-2265A94AA220->localhost_10000@group-03E665A0CE68, cid=42, seq=0, RW, Message:321f0a0f0a0d74657374...(size=33), reply=RaftClientReply:client-2265A94AA220->localhost_10000@group-03E665A0CE68, cid=42, FAILED org.apache.ratis.protocol.LeaderNotReadyException: localhost_10000@group-03E665A0CE68 is in LEADER state but not ready yet., logIndex=0, commits[localhost_10000:c-1, localhost_10002:c-1, localhost_10001:c-1]
2019-09-24 12:19:54,014 INFO  client.GrpcClientProtocolService (GrpcClientProtocolService.java:lambda$processClientRequest$0(278)) - Failed RaftClientRequest:client-2265A94AA220->localhost_10000@group-03E665A0CE68, cid=42, seq=0, RW, Message:321f0a0f0a0d74657374...(size=33), reply=RaftClientReply:client-2265A94AA220->localhost_10000@group-03E665A0CE68, cid=42, FAILED org.apache.ratis.protocol.LeaderNotReadyException: localhost_10000@group-03E665A0CE68 is in LEADER state but not ready yet., logIndex=0, commits[localhost_10000:c-1, localhost_10002:c-1, localhost_10001:c-1]
2019-09-24 12:19:54,015 INFO  client.GrpcClientProtocolService (GrpcClientProtocolService.java:lambda$processClientRequest$0(278)) - Failed RaftClientRequest:client-2265A94AA220->localhost_10000@group-03E665A0CE68, cid=42, seq=0, RW, Message:321f0a0f0a0d74657374...(size=33), reply=RaftClientReply:client-2265A94AA220->localhost_10000@group-03E665A0CE68, cid=42, FAILED org.apache.ratis.protocol.LeaderNotReadyException: localhost_10000@group-03E665A0CE68 is in LEADER state but not ready yet., logIndex=0, commits[localhost_10000:c-1, localhost_10002:c-1, localhost_10001:c-1]
2019-09-24 12:19:54,016 INFO  client.GrpcClientProtocolService (GrpcClientProtocolService.java:lambda$processClientRequest$0(278)) - Failed RaftClientRequest:client-2265A94AA220->localhost_10000@group-03E665A0CE68, cid=42, seq=0, RW, Message:321f0a0f0a0d74657374...(size=33), reply=RaftClientReply:client-2265A94AA220->localhost_10000@group-03E665A0CE68, cid=42, FAILED org.apache.ratis.protocol.LeaderNotReadyException: localhost_10000@group-03E665A0CE68 is in LEADER state but not ready yet., logIndex=0, commits[localhost_10000:c-1, localhost_10002:c-1, localhost_10001:c-1]
2019-09-24 12:19:54,017 INFO  client.GrpcClientProtocolService (GrpcClientProtocolService.java:lambda$processClientRequest$0(278)) - Failed RaftClientRequest:client-2265A94AA220->localhost_10000@group-03E665A0CE68, cid=42, seq=0, RW, Message:321f0a0f0a0d74657374...(size=33), reply=RaftClientReply:client-2265A94AA220->localhost_10000@group-03E665A0CE68, cid=42, FAILED org.apache.ratis.protocol.LeaderNotReadyException: localhost_10000@group-03E665A0CE68 is in LEADER state but not ready yet., logIndex=0, commits[localhost_10000:c-1, localhost_10002:c-1, localhost_10001:c-1]
2019-09-24 12:19:54,018 INFO  client.GrpcClientProtocolService (GrpcClientProtocolService.java:lambda$processClientRequest$0(278)) - Failed RaftClientRequest:client-2265A94AA220->localhost_10000@group-03E665A0CE68, cid=42, seq=0, RW, Message:321f0a0f0a0d74657374...(size=33), reply=RaftClientReply:client-2265A94AA220->localhost_10000@group-03E665A0CE68, cid=42, FAILED org.apache.ratis.protocol.LeaderNotReadyException: localhost_10000@group-03E665A0CE68 is in LEADER state but not ready yet., logIndex=0, commits[localhost_10000:c-1, localhost_10002:c-1, localhost_10001:c-1]
2019-09-24 12:19:54,019 INFO  client.GrpcClientProtocolService (GrpcClientProtocolService.java:lambda$processClientRequest$0(278)) - Failed RaftClientRequest:client-2265A94AA220->localhost_10000@group-03E665A0CE68, cid=42, seq=0, RW, Message:321f0a0f0a0d74657374...(size=33), reply=RaftClientReply:client-2265A94AA220->localhost_10000@group-03E665A0CE68, cid=42, FAILED org.apache.ratis.protocol.LeaderNotReadyException: localhost_10000@group-03E665A0CE68 is in LEADER state but not ready yet., logIndex=0, commits[localhost_10000:c-1, localhost_10002:c-1, localhost_10001:c-1]
2019-09-24 12:19:54,020 INFO  client.GrpcClientProtocolService (GrpcClientProtocolService.java:lambda$processClientRequest$0(278)) - Failed RaftClientRequest:client-2265A94AA220->localhost_10000@group-03E665A0CE68, cid=42, seq=0, RW, Message:321f0a0f0a0d74657374...(size=33), reply=RaftClientReply:client-2265A94AA220->localhost_10000@group-03E665A0CE68, cid=42, FAILED org.apache.ratis.protocol.LeaderNotReadyException: localhost_10000@group-03E665A0CE68 is in LEADER state but not ready yet., logIndex=0, commits[localhost_10000:c-1, localhost_10002:c-1, localhost_10001:c-1]
2019-09-24 12:19:54,020 INFO  client.GrpcClientProtocolService (GrpcClientProtocolService.java:lambda$processClientRequest$0(278)) - Failed RaftClientRequest:client-2265A94AA220->localhost_10000@group-03E665A0CE68, cid=42, seq=0, RW, Message:321f0a0f0a0d74657374...(size=33), reply=RaftClientReply:client-2265A94AA220->localhost_10000@group-03E665A0CE68, cid=42, FAILED org.apache.ratis.protocol.LeaderNotReadyException: localhost_10000@group-03E665A0CE68 is in LEADER state but not ready yet., logIndex=0, commits[localhost_10000:c-1, localhost_10002:c-1, localhost_10001:c-1]
2019-09-24 12:19:54,021 INFO  client.GrpcClientProtocolService (GrpcClientProtocolService.java:lambda$processClientRequest$0(278)) - Failed RaftClientRequest:client-2265A94AA220->localhost_10000@group-03E665A0CE68, cid=42, seq=0, RW, Message:321f0a0f0a0d74657374...(size=33), reply=RaftClientReply:client-2265A94AA220->localhost_10000@group-03E665A0CE68, cid=42, FAILED org.apache.ratis.protocol.LeaderNotReadyException: localhost_10000@group-03E665A0CE68 is in LEADER state but not ready yet., logIndex=0, commits[localhost_10000:c-1, localhost_10002:c-1, localhost_10001:c-1]
2019-09-24 12:19:54,022 INFO  client.GrpcClientProtocolService (GrpcClientProtocolService.java:lambda$processClientRequest$0(278)) - Failed RaftClientRequest:client-2265A94AA220->localhost_10000@group-03E665A0CE68, cid=42, seq=0, RW, Message:321f0a0f0a0d74657374...(size=33), reply=RaftClientReply:client-2265A94AA220->localhost_10000@group-03E665A0CE68, cid=42, FAILED org.apache.ratis.protocol.LeaderNotReadyException: localhost_10000@group-03E665A0CE68 is in LEADER state but not ready yet., logIndex=0, commits[localhost_10000:c-1, localhost_10002:c-1, localhost_10001:c-1]
2019-09-24 12:19:54,023 INFO  client.GrpcClientProtocolService (GrpcClientProtocolService.java:lambda$processClientRequest$0(278)) - Failed RaftClientRequest:client-2265A94AA220->localhost_10000@group-03E665A0CE68, cid=42, seq=0, RW, Message:321f0a0f0a0d74657374...(size=33), reply=RaftClientReply:client-2265A94AA220->localhost_10000@group-03E665A0CE68, cid=42, FAILED org.apache.ratis.protocol.LeaderNotReadyException: localhost_10000@group-03E665A0CE68 is in LEADER state but not ready yet., logIndex=0, commits[localhost_10000:c-1, localhost_10002:c-1, localhost_10001:c-1]
2019-09-24 12:19:54,024 INFO  client.GrpcClientProtocolService (GrpcClientProtocolService.java:lambda$processClientRequest$0(278)) - Failed RaftClientRequest:client-2265A94AA220->localhost_10000@group-03E665A0CE68, cid=42, seq=0, RW, Message:321f0a0f0a0d74657374...(size=33), reply=RaftClientReply:client-2265A94AA220->localhost_10000@group-03E665A0CE68, cid=42, FAILED org.apache.ratis.protocol.LeaderNotReadyException: localhost_10000@group-03E665A0CE68 is in LEADER state but not ready yet., logIndex=0, commits[localhost_10000:c-1, localhost_10002:c-1, localhost_10001:c-1]
2019-09-24 12:19:54,025 INFO  client.GrpcClientProtocolService (GrpcClientProtocolService.java:lambda$processClientRequest$0(278)) - Failed RaftClientRequest:client-2265A94AA220->localhost_10000@group-03E665A0CE68, cid=42, seq=0, RW, Message:321f0a0f0a0d74657374...(size=33), reply=RaftClientReply:client-2265A94AA220->localhost_10000@group-03E665A0CE68, cid=42, FAILED org.apache.ratis.protocol.LeaderNotReadyException: localhost_10000@group-03E665A0CE68 is in LEADER state but not ready yet., logIndex=0, commits[localhost_10000:c-1, localhost_10002:c-1, localhost_10001:c-1]
2019-09-24 12:19:54,026 INFO  client.GrpcClientProtocolService (GrpcClientProtocolService.java:lambda$processClientRequest$0(278)) - Failed RaftClientRequest:client-2265A94AA220->localhost_10000@group-03E665A0CE68, cid=42, seq=0, RW, Message:321f0a0f0a0d74657374...(size=33), reply=RaftClientReply:client-2265A94AA220->localhost_10000@group-03E665A0CE68, cid=42, FAILED org.apache.ratis.protocol.LeaderNotReadyException: localhost_10000@group-03E665A0CE68 is in LEADER state but not ready yet., logIndex=0, commits[localhost_10000:c-1, localhost_10002:c-1, localhost_10001:c-1]
2019-09-24 12:19:54,027 INFO  client.GrpcClientProtocolService (GrpcClientProtocolService.java:lambda$processClientRequest$0(278)) - Failed RaftClientRequest:client-2265A94AA220->localhost_10000@group-03E665A0CE68, cid=42, seq=0, RW, Message:321f0a0f0a0d74657374...(size=33), reply=RaftClientReply:client-2265A94AA220->localhost_10000@group-03E665A0CE68, cid=42, FAILED org.apache.ratis.protocol.LeaderNotReadyException: localhost_10000@group-03E665A0CE68 is in LEADER state but not ready yet., logIndex=0, commits[localhost_10000:c-1, localhost_10002:c-1, localhost_10001:c-1]
2019-09-24 12:19:54,028 INFO  client.GrpcClientProtocolService (GrpcClientProtocolService.java:lambda$processClientRequest$0(278)) - Failed RaftClientRequest:client-2265A94AA220->localhost_10000@group-03E665A0CE68, cid=42, seq=0, RW, Message:321f0a0f0a0d74657374...(size=33), reply=RaftClientReply:client-2265A94AA220->localhost_10000@group-03E665A0CE68, cid=42, FAILED org.apache.ratis.protocol.LeaderNotReadyException: localhost_10000@group-03E665A0CE68 is in LEADER state but not ready yet., logIndex=0, commits[localhost_10000:c-1, localhost_10002:c-1, localhost_10001:c-1]
2019-09-24 12:19:54,029 INFO  client.GrpcClientProtocolService (GrpcClientProtocolService.java:lambda$processClientRequest$0(278)) - Failed RaftClientRequest:client-2265A94AA220->localhost_10000@group-03E665A0CE68, cid=42, seq=0, RW, Message:321f0a0f0a0d74657374...(size=33), reply=RaftClientReply:client-2265A94AA220->localhost_10000@group-03E665A0CE68, cid=42, FAILED org.apache.ratis.protocol.LeaderNotReadyException: localhost_10000@group-03E665A0CE68 is in LEADER state but not ready yet., logIndex=0, commits[localhost_10000:c-1, localhost_10002:c-1, localhost_10001:c-1]
2019-09-24 12:19:54,029 INFO  client.GrpcClientProtocolService (GrpcClientProtocolService.java:lambda$processClientRequest$0(278)) - Failed RaftClientRequest:client-2265A94AA220->localhost_10000@group-03E665A0CE68, cid=42, seq=0, RW, Message:321f0a0f0a0d74657374...(size=33), reply=RaftClientReply:client-2265A94AA220->localhost_10000@group-03E665A0CE68, cid=42, FAILED org.apache.ratis.protocol.LeaderNotReadyException: localhost_10000@group-03E665A0CE68 is in LEADER state but not ready yet., logIndex=0, commits[localhost_10000:c-1, localhost_10002:c-1, localhost_10001:c-1]
2019-09-24 12:19:54,030 INFO  client.GrpcClientProtocolService (GrpcClientProtocolService.java:lambda$processClientRequest$0(278)) - Failed RaftClientRequest:client-2265A94AA220->localhost_10000@group-03E665A0CE68, cid=42, seq=0, RW, Message:321f0a0f0a0d74657374...(size=33), reply=RaftClientReply:client-2265A94AA220->localhost_10000@group-03E665A0CE68, cid=42, FAILED org.apache.ratis.protocol.LeaderNotReadyException: localhost_10000@group-03E665A0CE68 is in LEADER state but not ready yet., logIndex=0, commits[localhost_10000:c-1, localhost_10002:c-1, localhost_10001:c-1]
2019-09-24 12:19:54,031 INFO  client.GrpcClientProtocolService (GrpcClientProtocolService.java:lambda$processClientRequest$0(278)) - Failed RaftClientRequest:client-2265A94AA220->localhost_10000@group-03E665A0CE68, cid=42, seq=0, RW, Message:321f0a0f0a0d74657374...(size=33), reply=RaftClientReply:client-2265A94AA220->localhost_10000@group-03E665A0CE68, cid=42, FAILED org.apache.ratis.protocol.LeaderNotReadyException: localhost_10000@group-03E665A0CE68 is in LEADER state but not ready yet., logIndex=0, commits[localhost_10000:c-1, localhost_10002:c-1, localhost_10001:c-1]
2019-09-24 12:19:54,032 INFO  client.GrpcClientProtocolService (GrpcClientProtocolService.java:lambda$processClientRequest$0(278)) - Failed RaftClientRequest:client-2265A94AA220->localhost_10000@group-03E665A0CE68, cid=42, seq=0, RW, Message:321f0a0f0a0d74657374...(size=33), reply=RaftClientReply:client-2265A94AA220->localhost_10000@group-03E665A0CE68, cid=42, FAILED org.apache.ratis.protocol.LeaderNotReadyException: localhost_10000@group-03E665A0CE68 is in LEADER state but not ready yet., logIndex=0, commits[localhost_10000:c-1, localhost_10002:c-1, localhost_10001:c-1]
2019-09-24 12:19:54,032 INFO  client.GrpcClientProtocolService (GrpcClientProtocolService.java:lambda$processClientRequest$0(278)) - Failed RaftClientRequest:client-2265A94AA220->localhost_10000@group-03E665A0CE68, cid=42, seq=0, RW, Message:321f0a0f0a0d74657374...(size=33), reply=RaftClientReply:client-2265A94AA220->localhost_10000@group-03E665A0CE68, cid=42, FAILED org.apache.ratis.protocol.LeaderNotReadyException: localhost_10000@group-03E665A0CE68 is in LEADER state but not ready yet., logIndex=0, commits[localhost_10000:c-1, localhost_10002:c-1, localhost_10001:c-1]
2019-09-24 12:19:54,033 INFO  client.GrpcClientProtocolService (GrpcClientProtocolService.java:lambda$processClientRequest$0(278)) - Failed RaftClientRequest:client-2265A94AA220->localhost_10000@group-03E665A0CE68, cid=42, seq=0, RW, Message:321f0a0f0a0d74657374...(size=33), reply=RaftClientReply:client-2265A94AA220->localhost_10000@group-03E665A0CE68, cid=42, FAILED org.apache.ratis.protocol.LeaderNotReadyException: localhost_10000@group-03E665A0CE68 is in LEADER state but not ready yet., logIndex=0, commits[localhost_10000:c-1, localhost_10002:c-1, localhost_10001:c-1]
2019-09-24 12:19:54,034 INFO  client.GrpcClientProtocolService (GrpcClientProtocolService.java:lambda$processClientRequest$0(278)) - Failed RaftClientRequest:client-2265A94AA220->localhost_10000@group-03E665A0CE68, cid=42, seq=0, RW, Message:321f0a0f0a0d74657374...(size=33), reply=RaftClientReply:client-2265A94AA220->localhost_10000@group-03E665A0CE68, cid=42, FAILED org.apache.ratis.protocol.LeaderNotReadyException: localhost_10000@group-03E665A0CE68 is in LEADER state but not ready yet., logIndex=0, commits[localhost_10000:c-1, localhost_10002:c-1, localhost_10001:c-1]
2019-09-24 12:19:54,035 INFO  client.GrpcClientProtocolService (GrpcClientProtocolService.java:lambda$processClientRequest$0(278)) - Failed RaftClientRequest:client-2265A94AA220->localhost_10000@group-03E665A0CE68, cid=42, seq=0, RW, Message:321f0a0f0a0d74657374...(size=33), reply=RaftClientReply:client-2265A94AA220->localhost_10000@group-03E665A0CE68, cid=42, FAILED org.apache.ratis.protocol.LeaderNotReadyException: localhost_10000@group-03E665A0CE68 is in LEADER state but not ready yet., logIndex=0, commits[localhost_10000:c-1, localhost_10002:c-1, localhost_10001:c-1]
2019-09-24 12:19:54,036 INFO  client.GrpcClientProtocolService (GrpcClientProtocolService.java:lambda$processClientRequest$0(278)) - Failed RaftClientRequest:client-2265A94AA220->localhost_10000@group-03E665A0CE68, cid=42, seq=0, RW, Message:321f0a0f0a0d74657374...(size=33), reply=RaftClientReply:client-2265A94AA220->localhost_10000@group-03E665A0CE68, cid=42, FAILED org.apache.ratis.protocol.LeaderNotReadyException: localhost_10000@group-03E665A0CE68 is in LEADER state but not ready yet., logIndex=0, commits[localhost_10000:c-1, localhost_10002:c-1, localhost_10001:c-1]
2019-09-24 12:19:54,036 INFO  client.GrpcClientProtocolService (GrpcClientProtocolService.java:lambda$processClientRequest$0(278)) - Failed RaftClientRequest:client-2265A94AA220->localhost_10000@group-03E665A0CE68, cid=42, seq=0, RW, Message:321f0a0f0a0d74657374...(size=33), reply=RaftClientReply:client-2265A94AA220->localhost_10000@group-03E665A0CE68, cid=42, FAILED org.apache.ratis.protocol.LeaderNotReadyException: localhost_10000@group-03E665A0CE68 is in LEADER state but not ready yet., logIndex=0, commits[localhost_10000:c-1, localhost_10002:c-1, localhost_10001:c-1]
2019-09-24 12:19:54,037 INFO  client.GrpcClientProtocolService (GrpcClientProtocolService.java:lambda$processClientRequest$0(278)) - Failed RaftClientRequest:client-2265A94AA220->localhost_10000@group-03E665A0CE68, cid=42, seq=0, RW, Message:321f0a0f0a0d74657374...(size=33), reply=RaftClientReply:client-2265A94AA220->localhost_10000@group-03E665A0CE68, cid=42, FAILED org.apache.ratis.protocol.LeaderNotReadyException: localhost_10000@group-03E665A0CE68 is in LEADER state but not ready yet., logIndex=0, commits[localhost_10000:c-1, localhost_10002:c-1, localhost_10001:c-1]
2019-09-24 12:19:54,038 INFO  client.GrpcClientProtocolService (GrpcClientProtocolService.java:lambda$processClientRequest$0(278)) - Failed RaftClientRequest:client-2265A94AA220->localhost_10000@group-03E665A0CE68, cid=42, seq=0, RW, Message:321f0a0f0a0d74657374...(size=33), reply=RaftClientReply:client-2265A94AA220->localhost_10000@group-03E665A0CE68, cid=42, FAILED org.apache.ratis.protocol.LeaderNotReadyException: localhost_10000@group-03E665A0CE68 is in LEADER state but not ready yet., logIndex=0, commits[localhost_10000:c-1, localhost_10002:c-1, localhost_10001:c-1]
2019-09-24 12:19:54,038 INFO  client.GrpcClientProtocolService (GrpcClientProtocolService.java:lambda$processClientRequest$0(278)) - Failed RaftClientRequest:client-2265A94AA220->localhost_10000@group-03E665A0CE68, cid=42, seq=0, RW, Message:321f0a0f0a0d74657374...(size=33), reply=RaftClientReply:client-2265A94AA220->localhost_10000@group-03E665A0CE68, cid=42, FAILED org.apache.ratis.protocol.LeaderNotReadyException: localhost_10000@group-03E665A0CE68 is in LEADER state but not ready yet., logIndex=0, commits[localhost_10000:c-1, localhost_10002:c-1, localhost_10001:c-1]
2019-09-24 12:19:54,039 INFO  client.GrpcClientProtocolService (GrpcClientProtocolService.java:lambda$processClientRequest$0(278)) - Failed RaftClientRequest:client-2265A94AA220->localhost_10000@group-03E665A0CE68, cid=42, seq=0, RW, Message:321f0a0f0a0d74657374...(size=33), reply=RaftClientReply:client-2265A94AA220->localhost_10000@group-03E665A0CE68, cid=42, FAILED org.apache.ratis.protocol.LeaderNotReadyException: localhost_10000@group-03E665A0CE68 is in LEADER state but not ready yet., logIndex=0, commits[localhost_10000:c-1, localhost_10002:c-1, localhost_10001:c-1]
2019-09-24 12:19:54,040 INFO  client.GrpcClientProtocolService (GrpcClientProtocolService.java:lambda$processClientRequest$0(278)) - Failed RaftClientRequest:client-2265A94AA220->localhost_10000@group-03E665A0CE68, cid=42, seq=0, RW, Message:321f0a0f0a0d74657374...(size=33), reply=RaftClientReply:client-2265A94AA220->localhost_10000@group-03E665A0CE68, cid=42, FAILED org.apache.ratis.protocol.LeaderNotReadyException: localhost_10000@group-03E665A0CE68 is in LEADER state but not ready yet., logIndex=0, commits[localhost_10000:c-1, localhost_10002:c-1, localhost_10001:c-1]
2019-09-24 12:19:54,041 INFO  client.GrpcClientProtocolService (GrpcClientProtocolService.java:lambda$processClientRequest$0(278)) - Failed RaftClientRequest:client-2265A94AA220->localhost_10000@group-03E665A0CE68, cid=42, seq=0, RW, Message:321f0a0f0a0d74657374...(size=33), reply=RaftClientReply:client-2265A94AA220->localhost_10000@group-03E665A0CE68, cid=42, FAILED org.apache.ratis.protocol.LeaderNotReadyException: localhost_10000@group-03E665A0CE68 is in LEADER state but not ready yet., logIndex=0, commits[localhost_10000:c-1, localhost_10002:c-1, localhost_10001:c-1]
2019-09-24 12:19:54,042 INFO  client.GrpcClientProtocolService (GrpcClientProtocolService.java:lambda$processClientRequest$0(278)) - Failed RaftClientRequest:client-2265A94AA220->localhost_10000@group-03E665A0CE68, cid=42, seq=0, RW, Message:321f0a0f0a0d74657374...(size=33), reply=RaftClientReply:client-2265A94AA220->localhost_10000@group-03E665A0CE68, cid=42, FAILED org.apache.ratis.protocol.LeaderNotReadyException: localhost_10000@group-03E665A0CE68 is in LEADER state but not ready yet., logIndex=0, commits[localhost_10000:c-1, localhost_10002:c-1, localhost_10001:c-1]
2019-09-24 12:19:54,042 INFO  client.GrpcClientProtocolService (GrpcClientProtocolService.java:lambda$processClientRequest$0(278)) - Failed RaftClientRequest:client-2265A94AA220->localhost_10000@group-03E665A0CE68, cid=42, seq=0, RW, Message:321f0a0f0a0d74657374...(size=33), reply=RaftClientReply:client-2265A94AA220->localhost_10000@group-03E665A0CE68, cid=42, FAILED org.apache.ratis.protocol.LeaderNotReadyException: localhost_10000@group-03E665A0CE68 is in LEADER state but not ready yet., logIndex=0, commits[localhost_10000:c-1, localhost_10002:c-1, localhost_10001:c-1]
2019-09-24 12:19:54,043 INFO  client.GrpcClientProtocolService (GrpcClientProtocolService.java:lambda$processClientRequest$0(278)) - Failed RaftClientRequest:client-2265A94AA220->localhost_10000@group-03E665A0CE68, cid=42, seq=0, RW, Message:321f0a0f0a0d74657374...(size=33), reply=RaftClientReply:client-2265A94AA220->localhost_10000@group-03E665A0CE68, cid=42, FAILED org.apache.ratis.protocol.LeaderNotReadyException: localhost_10000@group-03E665A0CE68 is in LEADER state but not ready yet., logIndex=0, commits[localhost_10000:c-1, localhost_10002:c-1, localhost_10001:c-1]
2019-09-24 12:19:54,044 INFO  client.GrpcClientProtocolService (GrpcClientProtocolService.java:lambda$processClientRequest$0(278)) - Failed RaftClientRequest:client-2265A94AA220->localhost_10000@group-03E665A0CE68, cid=42, seq=0, RW, Message:321f0a0f0a0d74657374...(size=33), reply=RaftClientReply:client-2265A94AA220->localhost_10000@group-03E665A0CE68, cid=42, FAILED org.apache.ratis.protocol.LeaderNotReadyException: localhost_10000@group-03E665A0CE68 is in LEADER state but not ready yet., logIndex=0, commits[localhost_10000:c-1, localhost_10002:c-1, localhost_10001:c-1]
2019-09-24 12:19:54,045 INFO  client.GrpcClientProtocolService (GrpcClientProtocolService.java:lambda$processClientRequest$0(278)) - Failed RaftClientRequest:client-2265A94AA220->localhost_10000@group-03E665A0CE68, cid=42, seq=0, RW, Message:321f0a0f0a0d74657374...(size=33), reply=RaftClientReply:client-2265A94AA220->localhost_10000@group-03E665A0CE68, cid=42, FAILED org.apache.ratis.protocol.LeaderNotReadyException: localhost_10000@group-03E665A0CE68 is in LEADER state but not ready yet., logIndex=0, commits[localhost_10000:c-1, localhost_10002:c-1, localhost_10001:c-1]
2019-09-24 12:19:54,045 INFO  client.GrpcClientProtocolService (GrpcClientProtocolService.java:lambda$processClientRequest$0(278)) - Failed RaftClientRequest:client-2265A94AA220->localhost_10000@group-03E665A0CE68, cid=42, seq=0, RW, Message:321f0a0f0a0d74657374...(size=33), reply=RaftClientReply:client-2265A94AA220->localhost_10000@group-03E665A0CE68, cid=42, FAILED org.apache.ratis.protocol.LeaderNotReadyException: localhost_10000@group-03E665A0CE68 is in LEADER state but not ready yet., logIndex=0, commits[localhost_10000:c-1, localhost_10002:c-1, localhost_10001:c-1]
2019-09-24 12:19:54,046 INFO  client.GrpcClientProtocolService (GrpcClientProtocolService.java:lambda$processClientRequest$0(278)) - Failed RaftClientRequest:client-2265A94AA220->localhost_10000@group-03E665A0CE68, cid=42, seq=0, RW, Message:321f0a0f0a0d74657374...(size=33), reply=RaftClientReply:client-2265A94AA220->localhost_10000@group-03E665A0CE68, cid=42, FAILED org.apache.ratis.protocol.LeaderNotReadyException: localhost_10000@group-03E665A0CE68 is in LEADER state but not ready yet., logIndex=0, commits[localhost_10000:c-1, localhost_10002:c-1, localhost_10001:c-1]
2019-09-24 12:19:54,047 INFO  client.GrpcClientProtocolService (GrpcClientProtocolService.java:lambda$processClientRequest$0(278)) - Failed RaftClientRequest:client-2265A94AA220->localhost_10000@group-03E665A0CE68, cid=42, seq=0, RW, Message:321f0a0f0a0d74657374...(size=33), reply=RaftClientReply:client-2265A94AA220->localhost_10000@group-03E665A0CE68, cid=42, FAILED org.apache.ratis.protocol.LeaderNotReadyException: localhost_10000@group-03E665A0CE68 is in LEADER state but not ready yet., logIndex=0, commits[localhost_10000:c-1, localhost_10002:c-1, localhost_10001:c-1]
2019-09-24 12:19:54,047 INFO  client.GrpcClientProtocolService (GrpcClientProtocolService.java:lambda$processClientRequest$0(278)) - Failed RaftClientRequest:client-2265A94AA220->localhost_10000@group-03E665A0CE68, cid=42, seq=0, RW, Message:321f0a0f0a0d74657374...(size=33), reply=RaftClientReply:client-2265A94AA220->localhost_10000@group-03E665A0CE68, cid=42, FAILED org.apache.ratis.protocol.LeaderNotReadyException: localhost_10000@group-03E665A0CE68 is in LEADER state but not ready yet., logIndex=0, commits[localhost_10000:c-1, localhost_10002:c-1, localhost_10001:c-1]
2019-09-24 12:19:54,048 INFO  client.GrpcClientProtocolService (GrpcClientProtocolService.java:lambda$processClientRequest$0(278)) - Failed RaftClientRequest:client-2265A94AA220->localhost_10000@group-03E665A0CE68, cid=42, seq=0, RW, Message:321f0a0f0a0d74657374...(size=33), reply=RaftClientReply:client-2265A94AA220->localhost_10000@group-03E665A0CE68, cid=42, FAILED org.apache.ratis.protocol.LeaderNotReadyException: localhost_10000@group-03E665A0CE68 is in LEADER state but not ready yet., logIndex=0, commits[localhost_10000:c-1, localhost_10002:c-1, localhost_10001:c-1]
2019-09-24 12:19:54,049 INFO  client.GrpcClientProtocolService (GrpcClientProtocolService.java:lambda$processClientRequest$0(278)) - Failed RaftClientRequest:client-2265A94AA220->localhost_10000@group-03E665A0CE68, cid=42, seq=0, RW, Message:321f0a0f0a0d74657374...(size=33), reply=RaftClientReply:client-2265A94AA220->localhost_10000@group-03E665A0CE68, cid=42, FAILED org.apache.ratis.protocol.LeaderNotReadyException: localhost_10000@group-03E665A0CE68 is in LEADER state but not ready yet., logIndex=0, commits[localhost_10000:c-1, localhost_10002:c-1, localhost_10001:c-1]
2019-09-24 12:19:54,050 INFO  client.GrpcClientProtocolService (GrpcClientProtocolService.java:lambda$processClientRequest$0(278)) - Failed RaftClientRequest:client-2265A94AA220->localhost_10000@group-03E665A0CE68, cid=42, seq=0, RW, Message:321f0a0f0a0d74657374...(size=33), reply=RaftClientReply:client-2265A94AA220->localhost_10000@group-03E665A0CE68, cid=42, FAILED org.apache.ratis.protocol.LeaderNotReadyException: localhost_10000@group-03E665A0CE68 is in LEADER state but not ready yet., logIndex=0, commits[localhost_10000:c-1, localhost_10002:c-1, localhost_10001:c-1]
2019-09-24 12:19:54,050 INFO  client.GrpcClientProtocolService (GrpcClientProtocolService.java:lambda$processClientRequest$0(278)) - Failed RaftClientRequest:client-2265A94AA220->localhost_10000@group-03E665A0CE68, cid=42, seq=0, RW, Message:321f0a0f0a0d74657374...(size=33), reply=RaftClientReply:client-2265A94AA220->localhost_10000@group-03E665A0CE68, cid=42, FAILED org.apache.ratis.protocol.LeaderNotReadyException: localhost_10000@group-03E665A0CE68 is in LEADER state but not ready yet., logIndex=0, commits[localhost_10000:c-1, localhost_10002:c-1, localhost_10001:c-1]
2019-09-24 12:19:54,051 INFO  client.GrpcClientProtocolService (GrpcClientProtocolService.java:lambda$processClientRequest$0(278)) - Failed RaftClientRequest:client-2265A94AA220->localhost_10000@group-03E665A0CE68, cid=42, seq=0, RW, Message:321f0a0f0a0d74657374...(size=33), reply=RaftClientReply:client-2265A94AA220->localhost_10000@group-03E665A0CE68, cid=42, FAILED org.apache.ratis.protocol.LeaderNotReadyException: localhost_10000@group-03E665A0CE68 is in LEADER state but not ready yet., logIndex=0, commits[localhost_10000:c-1, localhost_10002:c-1, localhost_10001:c-1]
2019-09-24 12:19:54,052 INFO  client.GrpcClientProtocolService (GrpcClientProtocolService.java:lambda$processClientRequest$0(278)) - Failed RaftClientRequest:client-2265A94AA220->localhost_10000@group-03E665A0CE68, cid=42, seq=0, RW, Message:321f0a0f0a0d74657374...(size=33), reply=RaftClientReply:client-2265A94AA220->localhost_10000@group-03E665A0CE68, cid=42, FAILED org.apache.ratis.protocol.LeaderNotReadyException: localhost_10000@group-03E665A0CE68 is in LEADER state but not ready yet., logIndex=0, commits[localhost_10000:c-1, localhost_10002:c-1, localhost_10001:c-1]
2019-09-24 12:19:54,052 INFO  client.GrpcClientProtocolService (GrpcClientProtocolService.java:lambda$processClientRequest$0(278)) - Failed RaftClientRequest:client-2265A94AA220->localhost_10000@group-03E665A0CE68, cid=42, seq=0, RW, Message:321f0a0f0a0d74657374...(size=33), reply=RaftClientReply:client-2265A94AA220->localhost_10000@group-03E665A0CE68, cid=42, FAILED org.apache.ratis.protocol.LeaderNotReadyException: localhost_10000@group-03E665A0CE68 is in LEADER state but not ready yet., logIndex=0, commits[localhost_10000:c-1, localhost_10002:c-1, localhost_10001:c-1]
2019-09-24 12:19:54,053 INFO  client.GrpcClientProtocolService (GrpcClientProtocolService.java:lambda$processClientRequest$0(278)) - Failed RaftClientRequest:client-2265A94AA220->localhost_10000@group-03E665A0CE68, cid=42, seq=0, RW, Message:321f0a0f0a0d74657374...(size=33), reply=RaftClientReply:client-2265A94AA220->localhost_10000@group-03E665A0CE68, cid=42, FAILED org.apache.ratis.protocol.LeaderNotReadyException: localhost_10000@group-03E665A0CE68 is in LEADER state but not ready yet., logIndex=0, commits[localhost_10000:c-1, localhost_10002:c-1, localhost_10001:c-1]
2019-09-24 12:19:54,054 INFO  client.GrpcClientProtocolService (GrpcClientProtocolService.java:lambda$processClientRequest$0(278)) - Failed RaftClientRequest:client-2265A94AA220->localhost_10000@group-03E665A0CE68, cid=42, seq=0, RW, Message:321f0a0f0a0d74657374...(size=33), reply=RaftClientReply:client-2265A94AA220->localhost_10000@group-03E665A0CE68, cid=42, FAILED org.apache.ratis.protocol.LeaderNotReadyException: localhost_10000@group-03E665A0CE68 is in LEADER state but not ready yet., logIndex=0, commits[localhost_10000:c-1, localhost_10002:c-1, localhost_10001:c-1]
2019-09-24 12:19:54,055 INFO  client.GrpcClientProtocolService (GrpcClientProtocolService.java:lambda$processClientRequest$0(278)) - Failed RaftClientRequest:client-2265A94AA220->localhost_10000@group-03E665A0CE68, cid=42, seq=0, RW, Message:321f0a0f0a0d74657374...(size=33), reply=RaftClientReply:client-2265A94AA220->localhost_10000@group-03E665A0CE68, cid=42, FAILED org.apache.ratis.protocol.LeaderNotReadyException: localhost_10000@group-03E665A0CE68 is in LEADER state but not ready yet., logIndex=0, commits[localhost_10000:c-1, localhost_10002:c-1, localhost_10001:c-1]
2019-09-24 12:19:54,055 INFO  client.GrpcClientProtocolService (GrpcClientProtocolService.java:lambda$processClientRequest$0(278)) - Failed RaftClientRequest:client-2265A94AA220->localhost_10000@group-03E665A0CE68, cid=42, seq=0, RW, Message:321f0a0f0a0d74657374...(size=33), reply=RaftClientReply:client-2265A94AA220->localhost_10000@group-03E665A0CE68, cid=42, FAILED org.apache.ratis.protocol.LeaderNotReadyException: localhost_10000@group-03E665A0CE68 is in LEADER state but not ready yet., logIndex=0, commits[localhost_10000:c-1, localhost_10002:c-1, localhost_10001:c-1]
2019-09-24 12:19:54,056 INFO  client.GrpcClientProtocolService (GrpcClientProtocolService.java:lambda$processClientRequest$0(278)) - Failed RaftClientRequest:client-2265A94AA220->localhost_10000@group-03E665A0CE68, cid=42, seq=0, RW, Message:321f0a0f0a0d74657374...(size=33), reply=RaftClientReply:client-2265A94AA220->localhost_10000@group-03E665A0CE68, cid=42, FAILED org.apache.ratis.protocol.LeaderNotReadyException: localhost_10000@group-03E665A0CE68 is in LEADER state but not ready yet., logIndex=0, commits[localhost_10000:c-1, localhost_10002:c-1, localhost_10001:c-1]
2019-09-24 12:19:54,057 INFO  client.GrpcClientProtocolService (GrpcClientProtocolService.java:lambda$processClientRequest$0(278)) - Failed RaftClientRequest:client-2265A94AA220->localhost_10000@group-03E665A0CE68, cid=42, seq=0, RW, Message:321f0a0f0a0d74657374...(size=33), reply=RaftClientReply:client-2265A94AA220->localhost_10000@group-03E665A0CE68, cid=42, FAILED org.apache.ratis.protocol.LeaderNotReadyException: localhost_10000@group-03E665A0CE68 is in LEADER state but not ready yet., logIndex=0, commits[localhost_10000:c-1, localhost_10002:c-1, localhost_10001:c-1]
2019-09-24 12:19:54,058 INFO  client.GrpcClientProtocolService (GrpcClientProtocolService.java:lambda$processClientRequest$0(278)) - Failed RaftClientRequest:client-2265A94AA220->localhost_10000@group-03E665A0CE68, cid=42, seq=0, RW, Message:321f0a0f0a0d74657374...(size=33), reply=RaftClientReply:client-2265A94AA220->localhost_10000@group-03E665A0CE68, cid=42, FAILED org.apache.ratis.protocol.LeaderNotReadyException: localhost_10000@group-03E665A0CE68 is in LEADER state but not ready yet., logIndex=0, commits[localhost_10000:c-1, localhost_10002:c-1, localhost_10001:c-1]
2019-09-24 12:19:54,058 INFO  client.GrpcClientProtocolService (GrpcClientProtocolService.java:lambda$processClientRequest$0(278)) - Failed RaftClientRequest:client-2265A94AA220->localhost_10000@group-03E665A0CE68, cid=42, seq=0, RW, Message:321f0a0f0a0d74657374...(size=33), reply=RaftClientReply:client-2265A94AA220->localhost_10000@group-03E665A0CE68, cid=42, FAILED org.apache.ratis.protocol.LeaderNotReadyException: localhost_10000@group-03E665A0CE68 is in LEADER state but not ready yet., logIndex=0, commits[localhost_10000:c-1, localhost_10002:c-1, localhost_10001:c-1]
2019-09-24 12:19:54,059 INFO  client.GrpcClientProtocolService (GrpcClientProtocolService.java:lambda$processClientRequest$0(278)) - Failed RaftClientRequest:client-2265A94AA220->localhost_10000@group-03E665A0CE68, cid=42, seq=0, RW, Message:321f0a0f0a0d74657374...(size=33), reply=RaftClientReply:client-2265A94AA220->localhost_10000@group-03E665A0CE68, cid=42, FAILED org.apache.ratis.protocol.LeaderNotReadyException: localhost_10000@group-03E665A0CE68 is in LEADER state but not ready yet., logIndex=0, commits[localhost_10000:c-1, localhost_10002:c-1, localhost_10001:c-1]
2019-09-24 12:19:54,060 INFO  client.GrpcClientProtocolService (GrpcClientProtocolService.java:lambda$processClientRequest$0(278)) - Failed RaftClientRequest:client-2265A94AA220->localhost_10000@group-03E665A0CE68, cid=42, seq=0, RW, Message:321f0a0f0a0d74657374...(size=33), reply=RaftClientReply:client-2265A94AA220->localhost_10000@group-03E665A0CE68, cid=42, FAILED org.apache.ratis.protocol.LeaderNotReadyException: localhost_10000@group-03E665A0CE68 is in LEADER state but not ready yet., logIndex=0, commits[localhost_10000:c-1, localhost_10002:c-1, localhost_10001:c-1]
2019-09-24 12:19:54,061 INFO  client.GrpcClientProtocolService (GrpcClientProtocolService.java:lambda$processClientRequest$0(278)) - Failed RaftClientRequest:client-2265A94AA220->localhost_10000@group-03E665A0CE68, cid=42, seq=0, RW, Message:321f0a0f0a0d74657374...(size=33), reply=RaftClientReply:client-2265A94AA220->localhost_10000@group-03E665A0CE68, cid=42, FAILED org.apache.ratis.protocol.LeaderNotReadyException: localhost_10000@group-03E665A0CE68 is in LEADER state but not ready yet., logIndex=0, commits[localhost_10000:c-1, localhost_10002:c-1, localhost_10001:c-1]
2019-09-24 12:19:54,062 INFO  client.GrpcClientProtocolService (GrpcClientProtocolService.java:lambda$processClientRequest$0(278)) - Failed RaftClientRequest:client-2265A94AA220->localhost_10000@group-03E665A0CE68, cid=42, seq=0, RW, Message:321f0a0f0a0d74657374...(size=33), reply=RaftClientReply:client-2265A94AA220->localhost_10000@group-03E665A0CE68, cid=42, FAILED org.apache.ratis.protocol.LeaderNotReadyException: localhost_10000@group-03E665A0CE68 is in LEADER state but not ready yet., logIndex=0, commits[localhost_10000:c-1, localhost_10002:c-1, localhost_10001:c-1]
2019-09-24 12:19:54,063 INFO  client.GrpcClientProtocolService (GrpcClientProtocolService.java:lambda$processClientRequest$0(278)) - Failed RaftClientRequest:client-2265A94AA220->localhost_10000@group-03E665A0CE68, cid=42, seq=0, RW, Message:321f0a0f0a0d74657374...(size=33), reply=RaftClientReply:client-2265A94AA220->localhost_10000@group-03E665A0CE68, cid=42, FAILED org.apache.ratis.protocol.LeaderNotReadyException: localhost_10000@group-03E665A0CE68 is in LEADER state but not ready yet., logIndex=0, commits[localhost_10000:c-1, localhost_10002:c-1, localhost_10001:c-1]
2019-09-24 12:19:54,063 INFO  client.GrpcClientProtocolService (GrpcClientProtocolService.java:lambda$processClientRequest$0(278)) - Failed RaftClientRequest:client-2265A94AA220->localhost_10000@group-03E665A0CE68, cid=42, seq=0, RW, Message:321f0a0f0a0d74657374...(size=33), reply=RaftClientReply:client-2265A94AA220->localhost_10000@group-03E665A0CE68, cid=42, FAILED org.apache.ratis.protocol.LeaderNotReadyException: localhost_10000@group-03E665A0CE68 is in LEADER state but not ready yet., logIndex=0, commits[localhost_10000:c-1, localhost_10002:c-1, localhost_10001:c-1]
2019-09-24 12:19:54,064 INFO  client.GrpcClientProtocolService (GrpcClientProtocolService.java:lambda$processClientRequest$0(278)) - Failed RaftClientRequest:client-2265A94AA220->localhost_10000@group-03E665A0CE68, cid=42, seq=0, RW, Message:321f0a0f0a0d74657374...(size=33), reply=RaftClientReply:client-2265A94AA220->localhost_10000@group-03E665A0CE68, cid=42, FAILED org.apache.ratis.protocol.LeaderNotReadyException: localhost_10000@group-03E665A0CE68 is in LEADER state but not ready yet., logIndex=0, commits[localhost_10000:c-1, localhost_10002:c-1, localhost_10001:c-1]
2019-09-24 12:19:54,065 INFO  client.GrpcClientProtocolService (GrpcClientProtocolService.java:lambda$processClientRequest$0(278)) - Failed RaftClientRequest:client-2265A94AA220->localhost_10000@group-03E665A0CE68, cid=42, seq=0, RW, Message:321f0a0f0a0d74657374...(size=33), reply=RaftClientReply:client-2265A94AA220->localhost_10000@group-03E665A0CE68, cid=42, FAILED org.apache.ratis.protocol.LeaderNotReadyException: localhost_10000@group-03E665A0CE68 is in LEADER state but not ready yet., logIndex=0, commits[localhost_10000:c-1, localhost_10002:c-1, localhost_10001:c-1]
2019-09-24 12:19:54,066 INFO  client.GrpcClientProtocolService (GrpcClientProtocolService.java:lambda$processClientRequest$0(278)) - Failed RaftClientRequest:client-2265A94AA220->localhost_10000@group-03E665A0CE68, cid=42, seq=0, RW, Message:321f0a0f0a0d74657374...(size=33), reply=RaftClientReply:client-2265A94AA220->localhost_10000@group-03E665A0CE68, cid=42, FAILED org.apache.ratis.protocol.LeaderNotReadyException: localhost_10000@group-03E665A0CE68 is in LEADER state but not ready yet., logIndex=0, commits[localhost_10000:c-1, localhost_10002:c-1, localhost_10001:c-1]
2019-09-24 12:19:54,066 INFO  client.GrpcClientProtocolService (GrpcClientProtocolService.java:lambda$processClientRequest$0(278)) - Failed RaftClientRequest:client-2265A94AA220->localhost_10000@group-03E665A0CE68, cid=42, seq=0, RW, Message:321f0a0f0a0d74657374...(size=33), reply=RaftClientReply:client-2265A94AA220->localhost_10000@group-03E665A0CE68, cid=42, FAILED org.apache.ratis.protocol.LeaderNotReadyException: localhost_10000@group-03E665A0CE68 is in LEADER state but not ready yet., logIndex=0, commits[localhost_10000:c-1, localhost_10002:c-1, localhost_10001:c-1]
2019-09-24 12:19:54,067 INFO  client.GrpcClientProtocolService (GrpcClientProtocolService.java:lambda$processClientRequest$0(278)) - Failed RaftClientRequest:client-2265A94AA220->localhost_10000@group-03E665A0CE68, cid=42, seq=0, RW, Message:321f0a0f0a0d74657374...(size=33), reply=RaftClientReply:client-2265A94AA220->localhost_10000@group-03E665A0CE68, cid=42, FAILED org.apache.ratis.protocol.LeaderNotReadyException: localhost_10000@group-03E665A0CE68 is in LEADER state but not ready yet., logIndex=0, commits[localhost_10000:c-1, localhost_10002:c-1, localhost_10001:c-1]
2019-09-24 12:19:54,068 INFO  client.GrpcClientProtocolService (GrpcClientProtocolService.java:lambda$processClientRequest$0(278)) - Failed RaftClientRequest:client-2265A94AA220->localhost_10000@group-03E665A0CE68, cid=42, seq=0, RW, Message:321f0a0f0a0d74657374...(size=33), reply=RaftClientReply:client-2265A94AA220->localhost_10000@group-03E665A0CE68, cid=42, FAILED org.apache.ratis.protocol.LeaderNotReadyException: localhost_10000@group-03E665A0CE68 is in LEADER state but not ready yet., logIndex=0, commits[localhost_10000:c-1, localhost_10002:c-1, localhost_10001:c-1]
2019-09-24 12:19:54,069 INFO  client.GrpcClientProtocolService (GrpcClientProtocolService.java:lambda$processClientRequest$0(278)) - Failed RaftClientRequest:client-2265A94AA220->localhost_10000@group-03E665A0CE68, cid=42, seq=0, RW, Message:321f0a0f0a0d74657374...(size=33), reply=RaftClientReply:client-2265A94AA220->localhost_10000@group-03E665A0CE68, cid=42, FAILED org.apache.ratis.protocol.LeaderNotReadyException: localhost_10000@group-03E665A0CE68 is in LEADER state but not ready yet., logIndex=0, commits[localhost_10000:c-1, localhost_10002:c-1, localhost_10001:c-1]
2019-09-24 12:19:54,069 INFO  client.GrpcClientProtocolService (GrpcClientProtocolService.java:lambda$processClientRequest$0(278)) - Failed RaftClientRequest:client-2265A94AA220->localhost_10000@group-03E665A0CE68, cid=42, seq=0, RW, Message:321f0a0f0a0d74657374...(size=33), reply=RaftClientReply:client-2265A94AA220->localhost_10000@group-03E665A0CE68, cid=42, FAILED org.apache.ratis.protocol.LeaderNotReadyException: localhost_10000@group-03E665A0CE68 is in LEADER state but not ready yet., logIndex=0, commits[localhost_10000:c-1, localhost_10002:c-1, localhost_10001:c-1]
2019-09-24 12:19:54,070 INFO  client.GrpcClientProtocolService (GrpcClientProtocolService.java:lambda$processClientRequest$0(278)) - Failed RaftClientRequest:client-2265A94AA220->localhost_10000@group-03E665A0CE68, cid=42, seq=0, RW, Message:321f0a0f0a0d74657374...(size=33), reply=RaftClientReply:client-2265A94AA220->localhost_10000@group-03E665A0CE68, cid=42, FAILED org.apache.ratis.protocol.LeaderNotReadyException: localhost_10000@group-03E665A0CE68 is in LEADER state but not ready yet., logIndex=0, commits[localhost_10000:c-1, localhost_10002:c-1, localhost_10001:c-1]
2019-09-24 12:19:54,071 INFO  client.GrpcClientProtocolService (GrpcClientProtocolService.java:lambda$processClientRequest$0(278)) - Failed RaftClientRequest:client-2265A94AA220->localhost_10000@group-03E665A0CE68, cid=42, seq=0, RW, Message:321f0a0f0a0d74657374...(size=33), reply=RaftClientReply:client-2265A94AA220->localhost_10000@group-03E665A0CE68, cid=42, FAILED org.apache.ratis.protocol.LeaderNotReadyException: localhost_10000@group-03E665A0CE68 is in LEADER state but not ready yet., logIndex=0, commits[localhost_10000:c-1, localhost_10002:c-1, localhost_10001:c-1]
2019-09-24 12:19:54,072 INFO  client.GrpcClientProtocolService (GrpcClientProtocolService.java:lambda$processClientRequest$0(278)) - Failed RaftClientRequest:client-2265A94AA220->localhost_10000@group-03E665A0CE68, cid=42, seq=0, RW, Message:321f0a0f0a0d74657374...(size=33), reply=RaftClientReply:client-2265A94AA220->localhost_10000@group-03E665A0CE68, cid=42, FAILED org.apache.ratis.protocol.LeaderNotReadyException: localhost_10000@group-03E665A0CE68 is in LEADER state but not ready yet., logIndex=0, commits[localhost_10000:c-1, localhost_10002:c-1, localhost_10001:c-1]
2019-09-24 12:19:54,072 INFO  client.GrpcClientProtocolService (GrpcClientProtocolService.java:lambda$processClientRequest$0(278)) - Failed RaftClientRequest:client-2265A94AA220->localhost_10000@group-03E665A0CE68, cid=42, seq=0, RW, Message:321f0a0f0a0d74657374...(size=33), reply=RaftClientReply:client-2265A94AA220->localhost_10000@group-03E665A0CE68, cid=42, FAILED org.apache.ratis.protocol.LeaderNotReadyException: localhost_10000@group-03E665A0CE68 is in LEADER state but not ready yet., logIndex=0, commits[localhost_10000:c-1, localhost_10002:c-1, localhost_10001:c-1]
2019-09-24 12:19:54,073 INFO  client.GrpcClientProtocolService (GrpcClientProtocolService.java:lambda$processClientRequest$0(278)) - Failed RaftClientRequest:client-2265A94AA220->localhost_10000@group-03E665A0CE68, cid=42, seq=0, RW, Message:321f0a0f0a0d74657374...(size=33), reply=RaftClientReply:client-2265A94AA220->localhost_10000@group-03E665A0CE68, cid=42, FAILED org.apache.ratis.protocol.LeaderNotReadyException: localhost_10000@group-03E665A0CE68 is in LEADER state but not ready yet., logIndex=0, commits[localhost_10000:c-1, localhost_10002:c-1, localhost_10001:c-1]
2019-09-24 12:19:54,074 INFO  client.GrpcClientProtocolService (GrpcClientProtocolService.java:lambda$processClientRequest$0(278)) - Failed RaftClientRequest:client-2265A94AA220->localhost_10000@group-03E665A0CE68, cid=42, seq=0, RW, Message:321f0a0f0a0d74657374...(size=33), reply=RaftClientReply:client-2265A94AA220->localhost_10000@group-03E665A0CE68, cid=42, FAILED org.apache.ratis.protocol.LeaderNotReadyException: localhost_10000@group-03E665A0CE68 is in LEADER state but not ready yet., logIndex=0, commits[localhost_10000:c-1, localhost_10002:c-1, localhost_10001:c-1]
2019-09-24 12:19:54,075 INFO  client.GrpcClientProtocolService (GrpcClientProtocolService.java:lambda$processClientRequest$0(278)) - Failed RaftClientRequest:client-2265A94AA220->localhost_10000@group-03E665A0CE68, cid=42, seq=0, RW, Message:321f0a0f0a0d74657374...(size=33), reply=RaftClientReply:client-2265A94AA220->localhost_10000@group-03E665A0CE68, cid=42, FAILED org.apache.ratis.protocol.LeaderNotReadyException: localhost_10000@group-03E665A0CE68 is in LEADER state but not ready yet., logIndex=0, commits[localhost_10000:c-1, localhost_10002:c-1, localhost_10001:c-1]
2019-09-24 12:19:54,076 INFO  client.GrpcClientProtocolService (GrpcClientProtocolService.java:lambda$processClientRequest$0(278)) - Failed RaftClientRequest:client-2265A94AA220->localhost_10000@group-03E665A0CE68, cid=42, seq=0, RW, Message:321f0a0f0a0d74657374...(size=33), reply=RaftClientReply:client-2265A94AA220->localhost_10000@group-03E665A0CE68, cid=42, FAILED org.apache.ratis.protocol.LeaderNotReadyException: localhost_10000@group-03E665A0CE68 is in LEADER state but not ready yet., logIndex=0, commits[localhost_10000:c-1, localhost_10002:c-1, localhost_10001:c-1]
2019-09-24 12:19:54,077 INFO  client.GrpcClientProtocolService (GrpcClientProtocolService.java:lambda$processClientRequest$0(278)) - Failed RaftClientRequest:client-2265A94AA220->localhost_10000@group-03E665A0CE68, cid=42, seq=0, RW, Message:321f0a0f0a0d74657374...(size=33), reply=RaftClientReply:client-2265A94AA220->localhost_10000@group-03E665A0CE68, cid=42, FAILED org.apache.ratis.protocol.LeaderNotReadyException: localhost_10000@group-03E665A0CE68 is in LEADER state but not ready yet., logIndex=0, commits[localhost_10000:c-1, localhost_10002:c-1, localhost_10001:c-1]
2019-09-24 12:19:54,077 INFO  client.GrpcClientProtocolService (GrpcClientProtocolService.java:lambda$processClientRequest$0(278)) - Failed RaftClientRequest:client-2265A94AA220->localhost_10000@group-03E665A0CE68, cid=42, seq=0, RW, Message:321f0a0f0a0d74657374...(size=33), reply=RaftClientReply:client-2265A94AA220->localhost_10000@group-03E665A0CE68, cid=42, FAILED org.apache.ratis.protocol.LeaderNotReadyException: localhost_10000@group-03E665A0CE68 is in LEADER state but not ready yet., logIndex=0, commits[localhost_10000:c-1, localhost_10002:c-1, localhost_10001:c-1]
2019-09-24 12:19:54,078 INFO  client.GrpcClientProtocolService (GrpcClientProtocolService.java:lambda$processClientRequest$0(278)) - Failed RaftClientRequest:client-2265A94AA220->localhost_10000@group-03E665A0CE68, cid=42, seq=0, RW, Message:321f0a0f0a0d74657374...(size=33), reply=RaftClientReply:client-2265A94AA220->localhost_10000@group-03E665A0CE68, cid=42, FAILED org.apache.ratis.protocol.LeaderNotReadyException: localhost_10000@group-03E665A0CE68 is in LEADER state but not ready yet., logIndex=0, commits[localhost_10000:c-1, localhost_10002:c-1, localhost_10001:c-1]
2019-09-24 12:19:54,079 INFO  client.GrpcClientProtocolService (GrpcClientProtocolService.java:lambda$processClientRequest$0(278)) - Failed RaftClientRequest:client-2265A94AA220->localhost_10000@group-03E665A0CE68, cid=42, seq=0, RW, Message:321f0a0f0a0d74657374...(size=33), reply=RaftClientReply:client-2265A94AA220->localhost_10000@group-03E665A0CE68, cid=42, FAILED org.apache.ratis.protocol.LeaderNotReadyException: localhost_10000@group-03E665A0CE68 is in LEADER state but not ready yet., logIndex=0, commits[localhost_10000:c-1, localhost_10002:c-1, localhost_10001:c-1]
2019-09-24 12:19:54,080 INFO  client.GrpcClientProtocolService (GrpcClientProtocolService.java:lambda$processClientRequest$0(278)) - Failed RaftClientRequest:client-2265A94AA220->localhost_10000@group-03E665A0CE68, cid=42, seq=0, RW, Message:321f0a0f0a0d74657374...(size=33), reply=RaftClientReply:client-2265A94AA220->localhost_10000@group-03E665A0CE68, cid=42, FAILED org.apache.ratis.protocol.LeaderNotReadyException: localhost_10000@group-03E665A0CE68 is in LEADER state but not ready yet., logIndex=0, commits[localhost_10000:c-1, localhost_10002:c-1, localhost_10001:c-1]
2019-09-24 12:19:54,080 INFO  client.GrpcClientProtocolService (GrpcClientProtocolService.java:lambda$processClientRequest$0(278)) - Failed RaftClientRequest:client-2265A94AA220->localhost_10000@group-03E665A0CE68, cid=42, seq=0, RW, Message:321f0a0f0a0d74657374...(size=33), reply=RaftClientReply:client-2265A94AA220->localhost_10000@group-03E665A0CE68, cid=42, FAILED org.apache.ratis.protocol.LeaderNotReadyException: localhost_10000@group-03E665A0CE68 is in LEADER state but not ready yet., logIndex=0, commits[localhost_10000:c-1, localhost_10002:c-1, localhost_10001:c-1]
2019-09-24 12:19:54,081 INFO  client.GrpcClientProtocolService (GrpcClientProtocolService.java:lambda$processClientRequest$0(278)) - Failed RaftClientRequest:client-2265A94AA220->localhost_10000@group-03E665A0CE68, cid=42, seq=0, RW, Message:321f0a0f0a0d74657374...(size=33), reply=RaftClientReply:client-2265A94AA220->localhost_10000@group-03E665A0CE68, cid=42, FAILED org.apache.ratis.protocol.LeaderNotReadyException: localhost_10000@group-03E665A0CE68 is in LEADER state but not ready yet., logIndex=0, commits[localhost_10000:c-1, localhost_10002:c-1, localhost_10001:c-1]
2019-09-24 12:19:54,082 INFO  client.GrpcClientProtocolService (GrpcClientProtocolService.java:lambda$processClientRequest$0(278)) - Failed RaftClientRequest:client-2265A94AA220->localhost_10000@group-03E665A0CE68, cid=42, seq=0, RW, Message:321f0a0f0a0d74657374...(size=33), reply=RaftClientReply:client-2265A94AA220->localhost_10000@group-03E665A0CE68, cid=42, FAILED org.apache.ratis.protocol.LeaderNotReadyException: localhost_10000@group-03E665A0CE68 is in LEADER state but not ready yet., logIndex=0, commits[localhost_10000:c-1, localhost_10002:c-1, localhost_10001:c-1]
2019-09-24 12:19:54,083 INFO  client.GrpcClientProtocolService (GrpcClientProtocolService.java:lambda$processClientRequest$0(278)) - Failed RaftClientRequest:client-2265A94AA220->localhost_10000@group-03E665A0CE68, cid=42, seq=0, RW, Message:321f0a0f0a0d74657374...(size=33), reply=RaftClientReply:client-2265A94AA220->localhost_10000@group-03E665A0CE68, cid=42, FAILED org.apache.ratis.protocol.LeaderNotReadyException: localhost_10000@group-03E665A0CE68 is in LEADER state but not ready yet., logIndex=0, commits[localhost_10000:c-1, localhost_10002:c-1, localhost_10001:c-1]
2019-09-24 12:19:54,083 INFO  client.GrpcClientProtocolService (GrpcClientProtocolService.java:lambda$processClientRequest$0(278)) - Failed RaftClientRequest:client-2265A94AA220->localhost_10000@group-03E665A0CE68, cid=42, seq=0, RW, Message:321f0a0f0a0d74657374...(size=33), reply=RaftClientReply:client-2265A94AA220->localhost_10000@group-03E665A0CE68, cid=42, FAILED org.apache.ratis.protocol.LeaderNotReadyException: localhost_10000@group-03E665A0CE68 is in LEADER state but not ready yet., logIndex=0, commits[localhost_10000:c-1, localhost_10002:c-1, localhost_10001:c-1]
2019-09-24 12:19:54,084 INFO  client.GrpcClientProtocolService (GrpcClientProtocolService.java:lambda$processClientRequest$0(278)) - Failed RaftClientRequest:client-2265A94AA220->localhost_10000@group-03E665A0CE68, cid=42, seq=0, RW, Message:321f0a0f0a0d74657374...(size=33), reply=RaftClientReply:client-2265A94AA220->localhost_10000@group-03E665A0CE68, cid=42, FAILED org.apache.ratis.protocol.LeaderNotReadyException: localhost_10000@group-03E665A0CE68 is in LEADER state but not ready yet., logIndex=0, commits[localhost_10000:c-1, localhost_10002:c-1, localhost_10001:c-1]
2019-09-24 12:19:54,085 INFO  client.GrpcClientProtocolService (GrpcClientProtocolService.java:lambda$processClientRequest$0(278)) - Failed RaftClientRequest:client-2265A94AA220->localhost_10000@group-03E665A0CE68, cid=42, seq=0, RW, Message:321f0a0f0a0d74657374...(size=33), reply=RaftClientReply:client-2265A94AA220->localhost_10000@group-03E665A0CE68, cid=42, FAILED org.apache.ratis.protocol.LeaderNotReadyException: localhost_10000@group-03E665A0CE68 is in LEADER state but not ready yet., logIndex=0, commits[localhost_10000:c-1, localhost_10002:c-1, localhost_10001:c-1]
2019-09-24 12:19:54,086 INFO  client.GrpcClientProtocolService (GrpcClientProtocolService.java:lambda$processClientRequest$0(278)) - Failed RaftClientRequest:client-2265A94AA220->localhost_10000@group-03E665A0CE68, cid=42, seq=0, RW, Message:321f0a0f0a0d74657374...(size=33), reply=RaftClientReply:client-2265A94AA220->localhost_10000@group-03E665A0CE68, cid=42, FAILED org.apache.ratis.protocol.LeaderNotReadyException: localhost_10000@group-03E665A0CE68 is in LEADER state but not ready yet., logIndex=0, commits[localhost_10000:c-1, localhost_10002:c-1, localhost_10001:c-1]
2019-09-24 12:19:54,087 INFO  client.GrpcClientProtocolService (GrpcClientProtocolService.java:lambda$processClientRequest$0(278)) - Failed RaftClientRequest:client-2265A94AA220->localhost_10000@group-03E665A0CE68, cid=42, seq=0, RW, Message:321f0a0f0a0d74657374...(size=33), reply=RaftClientReply:client-2265A94AA220->localhost_10000@group-03E665A0CE68, cid=42, FAILED org.apache.ratis.protocol.LeaderNotReadyException: localhost_10000@group-03E665A0CE68 is in LEADER state but not ready yet., logIndex=0, commits[localhost_10000:c-1, localhost_10002:c-1, localhost_10001:c-1]
2019-09-24 12:19:54,087 INFO  client.GrpcClientProtocolService (GrpcClientProtocolService.java:lambda$processClientRequest$0(278)) - Failed RaftClientRequest:client-2265A94AA220->localhost_10000@group-03E665A0CE68, cid=42, seq=0, RW, Message:321f0a0f0a0d74657374...(size=33), reply=RaftClientReply:client-2265A94AA220->localhost_10000@group-03E665A0CE68, cid=42, FAILED org.apache.ratis.protocol.LeaderNotReadyException: localhost_10000@group-03E665A0CE68 is in LEADER state but not ready yet., logIndex=0, commits[localhost_10000:c-1, localhost_10002:c-1, localhost_10001:c-1]
2019-09-24 12:19:54,088 INFO  client.GrpcClientProtocolService (GrpcClientProtocolService.java:lambda$processClientRequest$0(278)) - Failed RaftClientRequest:client-2265A94AA220->localhost_10000@group-03E665A0CE68, cid=42, seq=0, RW, Message:321f0a0f0a0d74657374...(size=33), reply=RaftClientReply:client-2265A94AA220->localhost_10000@group-03E665A0CE68, cid=42, FAILED org.apache.ratis.protocol.LeaderNotReadyException: localhost_10000@group-03E665A0CE68 is in LEADER state but not ready yet., logIndex=0, commits[localhost_10000:c-1, localhost_10002:c-1, localhost_10001:c-1]
2019-09-24 12:19:54,089 INFO  client.GrpcClientProtocolService (GrpcClientProtocolService.java:lambda$processClientRequest$0(278)) - Failed RaftClientRequest:client-2265A94AA220->localhost_10000@group-03E665A0CE68, cid=42, seq=0, RW, Message:321f0a0f0a0d74657374...(size=33), reply=RaftClientReply:client-2265A94AA220->localhost_10000@group-03E665A0CE68, cid=42, FAILED org.apache.ratis.protocol.LeaderNotReadyException: localhost_10000@group-03E665A0CE68 is in LEADER state but not ready yet., logIndex=0, commits[localhost_10000:c-1, localhost_10002:c-1, localhost_10001:c-1]
2019-09-24 12:19:54,090 INFO  client.GrpcClientProtocolService (GrpcClientProtocolService.java:lambda$processClientRequest$0(278)) - Failed RaftClientRequest:client-2265A94AA220->localhost_10000@group-03E665A0CE68, cid=42, seq=0, RW, Message:321f0a0f0a0d74657374...(size=33), reply=RaftClientReply:client-2265A94AA220->localhost_10000@group-03E665A0CE68, cid=42, FAILED org.apache.ratis.protocol.LeaderNotReadyException: localhost_10000@group-03E665A0CE68 is in LEADER state but not ready yet., logIndex=0, commits[localhost_10000:c-1, localhost_10002:c-1, localhost_10001:c-1]
2019-09-24 12:19:54,091 INFO  client.GrpcClientProtocolService (GrpcClientProtocolService.java:lambda$processClientRequest$0(278)) - Failed RaftClientRequest:client-2265A94AA220->localhost_10000@group-03E665A0CE68, cid=42, seq=0, RW, Message:321f0a0f0a0d74657374...(size=33), reply=RaftClientReply:client-2265A94AA220->localhost_10000@group-03E665A0CE68, cid=42, FAILED org.apache.ratis.protocol.LeaderNotReadyException: localhost_10000@group-03E665A0CE68 is in LEADER state but not ready yet., logIndex=0, commits[localhost_10000:c-1, localhost_10002:c-1, localhost_10001:c-1]
2019-09-24 12:19:54,091 INFO  client.GrpcClientProtocolService (GrpcClientProtocolService.java:lambda$processClientRequest$0(278)) - Failed RaftClientRequest:client-2265A94AA220->localhost_10000@group-03E665A0CE68, cid=42, seq=0, RW, Message:321f0a0f0a0d74657374...(size=33), reply=RaftClientReply:client-2265A94AA220->localhost_10000@group-03E665A0CE68, cid=42, FAILED org.apache.ratis.protocol.LeaderNotReadyException: localhost_10000@group-03E665A0CE68 is in LEADER state but not ready yet., logIndex=0, commits[localhost_10000:c-1, localhost_10002:c-1, localhost_10001:c-1]
2019-09-24 12:19:54,092 INFO  client.GrpcClientProtocolService (GrpcClientProtocolService.java:lambda$processClientRequest$0(278)) - Failed RaftClientRequest:client-2265A94AA220->localhost_10000@group-03E665A0CE68, cid=42, seq=0, RW, Message:321f0a0f0a0d74657374...(size=33), reply=RaftClientReply:client-2265A94AA220->localhost_10000@group-03E665A0CE68, cid=42, FAILED org.apache.ratis.protocol.LeaderNotReadyException: localhost_10000@group-03E665A0CE68 is in LEADER state but not ready yet., logIndex=0, commits[localhost_10000:c-1, localhost_10002:c-1, localhost_10001:c-1]
2019-09-24 12:19:54,093 INFO  client.GrpcClientProtocolService (GrpcClientProtocolService.java:lambda$processClientRequest$0(278)) - Failed RaftClientRequest:client-2265A94AA220->localhost_10000@group-03E665A0CE68, cid=42, seq=0, RW, Message:321f0a0f0a0d74657374...(size=33), reply=RaftClientReply:client-2265A94AA220->localhost_10000@group-03E665A0CE68, cid=42, FAILED org.apache.ratis.protocol.LeaderNotReadyException: localhost_10000@group-03E665A0CE68 is in LEADER state but not ready yet., logIndex=0, commits[localhost_10000:c-1, localhost_10002:c-1, localhost_10001:c-1]
2019-09-24 12:19:54,093 INFO  client.GrpcClientProtocolService (GrpcClientProtocolService.java:lambda$processClientRequest$0(278)) - Failed RaftClientRequest:client-2265A94AA220->localhost_10000@group-03E665A0CE68, cid=42, seq=0, RW, Message:321f0a0f0a0d74657374...(size=33), reply=RaftClientReply:client-2265A94AA220->localhost_10000@group-03E665A0CE68, cid=42, FAILED org.apache.ratis.protocol.LeaderNotReadyException: localhost_10000@group-03E665A0CE68 is in LEADER state but not ready yet., logIndex=0, commits[localhost_10000:c-1, localhost_10002:c-1, localhost_10001:c-1]
2019-09-24 12:19:54,094 INFO  client.GrpcClientProtocolService (GrpcClientProtocolService.java:lambda$processClientRequest$0(278)) - Failed RaftClientRequest:client-2265A94AA220->localhost_10000@group-03E665A0CE68, cid=42, seq=0, RW, Message:321f0a0f0a0d74657374...(size=33), reply=RaftClientReply:client-2265A94AA220->localhost_10000@group-03E665A0CE68, cid=42, FAILED org.apache.ratis.protocol.LeaderNotReadyException: localhost_10000@group-03E665A0CE68 is in LEADER state but not ready yet., logIndex=0, commits[localhost_10000:c-1, localhost_10002:c-1, localhost_10001:c-1]
2019-09-24 12:19:54,095 INFO  client.GrpcClientProtocolService (GrpcClientProtocolService.java:lambda$processClientRequest$0(278)) - Failed RaftClientRequest:client-2265A94AA220->localhost_10000@group-03E665A0CE68, cid=42, seq=0, RW, Message:321f0a0f0a0d74657374...(size=33), reply=RaftClientReply:client-2265A94AA220->localhost_10000@group-03E665A0CE68, cid=42, FAILED org.apache.ratis.protocol.LeaderNotReadyException: localhost_10000@group-03E665A0CE68 is in LEADER state but not ready yet., logIndex=0, commits[localhost_10000:c-1, localhost_10002:c-1, localhost_10001:c-1]
2019-09-24 12:19:54,095 INFO  client.GrpcClientProtocolService (GrpcClientProtocolService.java:lambda$processClientRequest$0(278)) - Failed RaftClientRequest:client-2265A94AA220->localhost_10000@group-03E665A0CE68, cid=42, seq=0, RW, Message:321f0a0f0a0d74657374...(size=33), reply=RaftClientReply:client-2265A94AA220->localhost_10000@group-03E665A0CE68, cid=42, FAILED org.apache.ratis.protocol.LeaderNotReadyException: localhost_10000@group-03E665A0CE68 is in LEADER state but not ready yet., logIndex=0, commits[localhost_10000:c-1, localhost_10002:c-1, localhost_10001:c-1]
2019-09-24 12:19:54,096 INFO  client.GrpcClientProtocolService (GrpcClientProtocolService.java:lambda$processClientRequest$0(278)) - Failed RaftClientRequest:client-2265A94AA220->localhost_10000@group-03E665A0CE68, cid=42, seq=0, RW, Message:321f0a0f0a0d74657374...(size=33), reply=RaftClientReply:client-2265A94AA220->localhost_10000@group-03E665A0CE68, cid=42, FAILED org.apache.ratis.protocol.LeaderNotReadyException: localhost_10000@group-03E665A0CE68 is in LEADER state but not ready yet., logIndex=0, commits[localhost_10000:c-1, localhost_10002:c-1, localhost_10001:c-1]
2019-09-24 12:19:54,097 INFO  client.GrpcClientProtocolService (GrpcClientProtocolService.java:lambda$processClientRequest$0(278)) - Failed RaftClientRequest:client-2265A94AA220->localhost_10000@group-03E665A0CE68, cid=42, seq=0, RW, Message:321f0a0f0a0d74657374...(size=33), reply=RaftClientReply:client-2265A94AA220->localhost_10000@group-03E665A0CE68, cid=42, FAILED org.apache.ratis.protocol.LeaderNotReadyException: localhost_10000@group-03E665A0CE68 is in LEADER state but not ready yet., logIndex=0, commits[localhost_10000:c-1, localhost_10002:c-1, localhost_10001:c-1]
2019-09-24 12:19:54,097 INFO  client.GrpcClientProtocolService (GrpcClientProtocolService.java:lambda$processClientRequest$0(278)) - Failed RaftClientRequest:client-2265A94AA220->localhost_10000@group-03E665A0CE68, cid=42, seq=0, RW, Message:321f0a0f0a0d74657374...(size=33), reply=RaftClientReply:client-2265A94AA220->localhost_10000@group-03E665A0CE68, cid=42, FAILED org.apache.ratis.protocol.LeaderNotReadyException: localhost_10000@group-03E665A0CE68 is in LEADER state but not ready yet., logIndex=0, commits[localhost_10000:c-1, localhost_10002:c-1, localhost_10001:c-1]
2019-09-24 12:19:54,098 INFO  client.GrpcClientProtocolService (GrpcClientProtocolService.java:lambda$processClientRequest$0(278)) - Failed RaftClientRequest:client-2265A94AA220->localhost_10000@group-03E665A0CE68, cid=42, seq=0, RW, Message:321f0a0f0a0d74657374...(size=33), reply=RaftClientReply:client-2265A94AA220->localhost_10000@group-03E665A0CE68, cid=42, FAILED org.apache.ratis.protocol.LeaderNotReadyException: localhost_10000@group-03E665A0CE68 is in LEADER state but not ready yet., logIndex=0, commits[localhost_10000:c-1, localhost_10002:c-1, localhost_10001:c-1]
2019-09-24 12:19:54,099 INFO  client.GrpcClientProtocolService (GrpcClientProtocolService.java:lambda$processClientRequest$0(278)) - Failed RaftClientRequest:client-2265A94AA220->localhost_10000@group-03E665A0CE68, cid=42, seq=0, RW, Message:321f0a0f0a0d74657374...(size=33), reply=RaftClientReply:client-2265A94AA220->localhost_10000@group-03E665A0CE68, cid=42, FAILED org.apache.ratis.protocol.LeaderNotReadyException: localhost_10000@group-03E665A0CE68 is in LEADER state but not ready yet., logIndex=0, commits[localhost_10000:c-1, localhost_10002:c-1, localhost_10001:c-1]
2019-09-24 12:19:54,099 INFO  client.GrpcClientProtocolService (GrpcClientProtocolService.java:lambda$processClientRequest$0(278)) - Failed RaftClientRequest:client-2265A94AA220->localhost_10000@group-03E665A0CE68, cid=42, seq=0, RW, Message:321f0a0f0a0d74657374...(size=33), reply=RaftClientReply:client-2265A94AA220->localhost_10000@group-03E665A0CE68, cid=42, FAILED org.apache.ratis.protocol.LeaderNotReadyException: localhost_10000@group-03E665A0CE68 is in LEADER state but not ready yet., logIndex=0, commits[localhost_10000:c-1, localhost_10002:c-1, localhost_10001:c-1]
2019-09-24 12:19:54,100 INFO  client.GrpcClientProtocolService (GrpcClientProtocolService.java:lambda$processClientRequest$0(278)) - Failed RaftClientRequest:client-2265A94AA220->localhost_10000@group-03E665A0CE68, cid=42, seq=0, RW, Message:321f0a0f0a0d74657374...(size=33), reply=RaftClientReply:client-2265A94AA220->localhost_10000@group-03E665A0CE68, cid=42, FAILED org.apache.ratis.protocol.LeaderNotReadyException: localhost_10000@group-03E665A0CE68 is in LEADER state but not ready yet., logIndex=0, commits[localhost_10000:c-1, localhost_10002:c-1, localhost_10001:c-1]
2019-09-24 12:19:54,101 INFO  client.GrpcClientProtocolService (GrpcClientProtocolService.java:lambda$processClientRequest$0(278)) - Failed RaftClientRequest:client-2265A94AA220->localhost_10000@group-03E665A0CE68, cid=42, seq=0, RW, Message:321f0a0f0a0d74657374...(size=33), reply=RaftClientReply:client-2265A94AA220->localhost_10000@group-03E665A0CE68, cid=42, FAILED org.apache.ratis.protocol.LeaderNotReadyException: localhost_10000@group-03E665A0CE68 is in LEADER state but not ready yet., logIndex=0, commits[localhost_10000:c-1, localhost_10002:c-1, localhost_10001:c-1]
2019-09-24 12:19:54,102 INFO  client.GrpcClientProtocolService (GrpcClientProtocolService.java:lambda$processClientRequest$0(278)) - Failed RaftClientRequest:client-2265A94AA220->localhost_10000@group-03E665A0CE68, cid=42, seq=0, RW, Message:321f0a0f0a0d74657374...(size=33), reply=RaftClientReply:client-2265A94AA220->localhost_10000@group-03E665A0CE68, cid=42, FAILED org.apache.ratis.protocol.LeaderNotReadyException: localhost_10000@group-03E665A0CE68 is in LEADER state but not ready yet., logIndex=0, commits[localhost_10000:c-1, localhost_10002:c-1, localhost_10001:c-1]
2019-09-24 12:19:54,103 INFO  client.GrpcClientProtocolService (GrpcClientProtocolService.java:lambda$processClientRequest$0(278)) - Failed RaftClientRequest:client-2265A94AA220->localhost_10000@group-03E665A0CE68, cid=42, seq=0, RW, Message:321f0a0f0a0d74657374...(size=33), reply=RaftClientReply:client-2265A94AA220->localhost_10000@group-03E665A0CE68, cid=42, FAILED org.apache.ratis.protocol.LeaderNotReadyException: localhost_10000@group-03E665A0CE68 is in LEADER state but not ready yet., logIndex=0, commits[localhost_10000:c-1, localhost_10002:c-1, localhost_10001:c-1]
2019-09-24 12:19:54,104 INFO  client.GrpcClientProtocolService (GrpcClientProtocolService.java:lambda$processClientRequest$0(278)) - Failed RaftClientRequest:client-2265A94AA220->localhost_10000@group-03E665A0CE68, cid=42, seq=0, RW, Message:321f0a0f0a0d74657374...(size=33), reply=RaftClientReply:client-2265A94AA220->localhost_10000@group-03E665A0CE68, cid=42, FAILED org.apache.ratis.protocol.LeaderNotReadyException: localhost_10000@group-03E665A0CE68 is in LEADER state but not ready yet., logIndex=0, commits[localhost_10000:c-1, localhost_10002:c-1, localhost_10001:c-1]
2019-09-24 12:19:54,104 INFO  client.GrpcClientProtocolService (GrpcClientProtocolService.java:lambda$processClientRequest$0(278)) - Failed RaftClientRequest:client-2265A94AA220->localhost_10000@group-03E665A0CE68, cid=42, seq=0, RW, Message:321f0a0f0a0d74657374...(size=33), reply=RaftClientReply:client-2265A94AA220->localhost_10000@group-03E665A0CE68, cid=42, FAILED org.apache.ratis.protocol.LeaderNotReadyException: localhost_10000@group-03E665A0CE68 is in LEADER state but not ready yet., logIndex=0, commits[localhost_10000:c-1, localhost_10002:c-1, localhost_10001:c-1]
2019-09-24 12:19:54,105 INFO  client.GrpcClientProtocolService (GrpcClientProtocolService.java:lambda$processClientRequest$0(278)) - Failed RaftClientRequest:client-2265A94AA220->localhost_10000@group-03E665A0CE68, cid=42, seq=0, RW, Message:321f0a0f0a0d74657374...(size=33), reply=RaftClientReply:client-2265A94AA220->localhost_10000@group-03E665A0CE68, cid=42, FAILED org.apache.ratis.protocol.LeaderNotReadyException: localhost_10000@group-03E665A0CE68 is in LEADER state but not ready yet., logIndex=0, commits[localhost_10000:c-1, localhost_10002:c-1, localhost_10001:c-1]
2019-09-24 12:19:54,106 INFO  client.GrpcClientProtocolService (GrpcClientProtocolService.java:lambda$processClientRequest$0(278)) - Failed RaftClientRequest:client-2265A94AA220->localhost_10000@group-03E665A0CE68, cid=42, seq=0, RW, Message:321f0a0f0a0d74657374...(size=33), reply=RaftClientReply:client-2265A94AA220->localhost_10000@group-03E665A0CE68, cid=42, FAILED org.apache.ratis.protocol.LeaderNotReadyException: localhost_10000@group-03E665A0CE68 is in LEADER state but not ready yet., logIndex=0, commits[localhost_10000:c-1, localhost_10002:c-1, localhost_10001:c-1]
2019-09-24 12:19:54,107 INFO  client.GrpcClientProtocolService (GrpcClientProtocolService.java:lambda$processClientRequest$0(278)) - Failed RaftClientRequest:client-2265A94AA220->localhost_10000@group-03E665A0CE68, cid=42, seq=0, RW, Message:321f0a0f0a0d74657374...(size=33), reply=RaftClientReply:client-2265A94AA220->localhost_10000@group-03E665A0CE68, cid=42, FAILED org.apache.ratis.protocol.LeaderNotReadyException: localhost_10000@group-03E665A0CE68 is in LEADER state but not ready yet., logIndex=0, commits[localhost_10000:c-1, localhost_10002:c-1, localhost_10001:c-1]
2019-09-24 12:19:54,108 INFO  client.GrpcClientProtocolService (GrpcClientProtocolService.java:lambda$processClientRequest$0(278)) - Failed RaftClientRequest:client-2265A94AA220->localhost_10000@group-03E665A0CE68, cid=42, seq=0, RW, Message:321f0a0f0a0d74657374...(size=33), reply=RaftClientReply:client-2265A94AA220->localhost_10000@group-03E665A0CE68, cid=42, FAILED org.apache.ratis.protocol.LeaderNotReadyException: localhost_10000@group-03E665A0CE68 is in LEADER state but not ready yet., logIndex=0, commits[localhost_10000:c-1, localhost_10002:c-1, localhost_10001:c-1]
2019-09-24 12:19:54,108 INFO  client.GrpcClientProtocolService (GrpcClientProtocolService.java:lambda$processClientRequest$0(278)) - Failed RaftClientRequest:client-2265A94AA220->localhost_10000@group-03E665A0CE68, cid=42, seq=0, RW, Message:321f0a0f0a0d74657374...(size=33), reply=RaftClientReply:client-2265A94AA220->localhost_10000@group-03E665A0CE68, cid=42, FAILED org.apache.ratis.protocol.LeaderNotReadyException: localhost_10000@group-03E665A0CE68 is in LEADER state but not ready yet., logIndex=0, commits[localhost_10000:c-1, localhost_10002:c-1, localhost_10001:c-1]
2019-09-24 12:19:54,109 INFO  client.GrpcClientProtocolService (GrpcClientProtocolService.java:lambda$processClientRequest$0(278)) - Failed RaftClientRequest:client-2265A94AA220->localhost_10000@group-03E665A0CE68, cid=42, seq=0, RW, Message:321f0a0f0a0d74657374...(size=33), reply=RaftClientReply:client-2265A94AA220->localhost_10000@group-03E665A0CE68, cid=42, FAILED org.apache.ratis.protocol.LeaderNotReadyException: localhost_10000@group-03E665A0CE68 is in LEADER state but not ready yet., logIndex=0, commits[localhost_10000:c-1, localhost_10002:c-1, localhost_10001:c-1]
2019-09-24 12:19:54,110 INFO  client.GrpcClientProtocolService (GrpcClientProtocolService.java:lambda$processClientRequest$0(278)) - Failed RaftClientRequest:client-2265A94AA220->localhost_10000@group-03E665A0CE68, cid=42, seq=0, RW, Message:321f0a0f0a0d74657374...(size=33), reply=RaftClientReply:client-2265A94AA220->localhost_10000@group-03E665A0CE68, cid=42, FAILED org.apache.ratis.protocol.LeaderNotReadyException: localhost_10000@group-03E665A0CE68 is in LEADER state but not ready yet., logIndex=0, commits[localhost_10000:c-1, localhost_10002:c-1, localhost_10001:c-1]
2019-09-24 12:19:54,111 INFO  client.GrpcClientProtocolService (GrpcClientProtocolService.java:lambda$processClientRequest$0(278)) - Failed RaftClientRequest:client-2265A94AA220->localhost_10000@group-03E665A0CE68, cid=42, seq=0, RW, Message:321f0a0f0a0d74657374...(size=33), reply=RaftClientReply:client-2265A94AA220->localhost_10000@group-03E665A0CE68, cid=42, FAILED org.apache.ratis.protocol.LeaderNotReadyException: localhost_10000@group-03E665A0CE68 is in LEADER state but not ready yet., logIndex=0, commits[localhost_10000:c-1, localhost_10002:c-1, localhost_10001:c-1]
2019-09-24 12:19:54,111 INFO  client.GrpcClientProtocolService (GrpcClientProtocolService.java:lambda$processClientRequest$0(278)) - Failed RaftClientRequest:client-2265A94AA220->localhost_10000@group-03E665A0CE68, cid=42, seq=0, RW, Message:321f0a0f0a0d74657374...(size=33), reply=RaftClientReply:client-2265A94AA220->localhost_10000@group-03E665A0CE68, cid=42, FAILED org.apache.ratis.protocol.LeaderNotReadyException: localhost_10000@group-03E665A0CE68 is in LEADER state but not ready yet., logIndex=0, commits[localhost_10000:c-1, localhost_10002:c-1, localhost_10001:c-1]
2019-09-24 12:19:54,112 INFO  client.GrpcClientProtocolService (GrpcClientProtocolService.java:lambda$processClientRequest$0(278)) - Failed RaftClientRequest:client-2265A94AA220->localhost_10000@group-03E665A0CE68, cid=42, seq=0, RW, Message:321f0a0f0a0d74657374...(size=33), reply=RaftClientReply:client-2265A94AA220->localhost_10000@group-03E665A0CE68, cid=42, FAILED org.apache.ratis.protocol.LeaderNotReadyException: localhost_10000@group-03E665A0CE68 is in LEADER state but not ready yet., logIndex=0, commits[localhost_10000:c-1, localhost_10002:c-1, localhost_10001:c-1]
2019-09-24 12:19:54,113 INFO  client.GrpcClientProtocolService (GrpcClientProtocolService.java:lambda$processClientRequest$0(278)) - Failed RaftClientRequest:client-2265A94AA220->localhost_10000@group-03E665A0CE68, cid=42, seq=0, RW, Message:321f0a0f0a0d74657374...(size=33), reply=RaftClientReply:client-2265A94AA220->localhost_10000@group-03E665A0CE68, cid=42, FAILED org.apache.ratis.protocol.LeaderNotReadyException: localhost_10000@group-03E665A0CE68 is in LEADER state but not ready yet., logIndex=0, commits[localhost_10000:c-1, localhost_10002:c-1, localhost_10001:c-1]
2019-09-24 12:19:54,114 INFO  client.GrpcClientProtocolService (GrpcClientProtocolService.java:lambda$processClientRequest$0(278)) - Failed RaftClientRequest:client-2265A94AA220->localhost_10000@group-03E665A0CE68, cid=42, seq=0, RW, Message:321f0a0f0a0d74657374...(size=33), reply=RaftClientReply:client-2265A94AA220->localhost_10000@group-03E665A0CE68, cid=42, FAILED org.apache.ratis.protocol.LeaderNotReadyException: localhost_10000@group-03E665A0CE68 is in LEADER state but not ready yet., logIndex=0, commits[localhost_10000:c-1, localhost_10002:c-1, localhost_10001:c-1]
2019-09-24 12:19:54,115 INFO  client.GrpcClientProtocolService (GrpcClientProtocolService.java:lambda$processClientRequest$0(278)) - Failed RaftClientRequest:client-2265A94AA220->localhost_10000@group-03E665A0CE68, cid=42, seq=0, RW, Message:321f0a0f0a0d74657374...(size=33), reply=RaftClientReply:client-2265A94AA220->localhost_10000@group-03E665A0CE68, cid=42, FAILED org.apache.ratis.protocol.LeaderNotReadyException: localhost_10000@group-03E665A0CE68 is in LEADER state but not ready yet., logIndex=0, commits[localhost_10000:c-1, localhost_10002:c-1, localhost_10001:c-1]
2019-09-24 12:19:54,115 INFO  client.GrpcClientProtocolService (GrpcClientProtocolService.java:lambda$processClientRequest$0(278)) - Failed RaftClientRequest:client-2265A94AA220->localhost_10000@group-03E665A0CE68, cid=42, seq=0, RW, Message:321f0a0f0a0d74657374...(size=33), reply=RaftClientReply:client-2265A94AA220->localhost_10000@group-03E665A0CE68, cid=42, FAILED org.apache.ratis.protocol.LeaderNotReadyException: localhost_10000@group-03E665A0CE68 is in LEADER state but not ready yet., logIndex=0, commits[localhost_10000:c-1, localhost_10002:c-1, localhost_10001:c-1]
2019-09-24 12:19:54,116 INFO  client.GrpcClientProtocolService (GrpcClientProtocolService.java:lambda$processClientRequest$0(278)) - Failed RaftClientRequest:client-2265A94AA220->localhost_10000@group-03E665A0CE68, cid=42, seq=0, RW, Message:321f0a0f0a0d74657374...(size=33), reply=RaftClientReply:client-2265A94AA220->localhost_10000@group-03E665A0CE68, cid=42, FAILED org.apache.ratis.protocol.LeaderNotReadyException: localhost_10000@group-03E665A0CE68 is in LEADER state but not ready yet., logIndex=0, commits[localhost_10000:c-1, localhost_10002:c-1, localhost_10001:c-1]
2019-09-24 12:19:54,117 INFO  client.GrpcClientProtocolService (GrpcClientProtocolService.java:lambda$processClientRequest$0(278)) - Failed RaftClientRequest:client-2265A94AA220->localhost_10000@group-03E665A0CE68, cid=42, seq=0, RW, Message:321f0a0f0a0d74657374...(size=33), reply=RaftClientReply:client-2265A94AA220->localhost_10000@group-03E665A0CE68, cid=42, FAILED org.apache.ratis.protocol.LeaderNotReadyException: localhost_10000@group-03E665A0CE68 is in LEADER state but not ready yet., logIndex=0, commits[localhost_10000:c-1, localhost_10002:c-1, localhost_10001:c-1]
2019-09-24 12:19:54,117 INFO  client.GrpcClientProtocolService (GrpcClientProtocolService.java:lambda$processClientRequest$0(278)) - Failed RaftClientRequest:client-2265A94AA220->localhost_10000@group-03E665A0CE68, cid=42, seq=0, RW, Message:321f0a0f0a0d74657374...(size=33), reply=RaftClientReply:client-2265A94AA220->localhost_10000@group-03E665A0CE68, cid=42, FAILED org.apache.ratis.protocol.LeaderNotReadyException: localhost_10000@group-03E665A0CE68 is in LEADER state but not ready yet., logIndex=0, commits[localhost_10000:c-1, localhost_10002:c-1, localhost_10001:c-1]
2019-09-24 12:19:54,118 INFO  client.GrpcClientProtocolService (GrpcClientProtocolService.java:lambda$processClientRequest$0(278)) - Failed RaftClientRequest:client-2265A94AA220->localhost_10000@group-03E665A0CE68, cid=42, seq=0, RW, Message:321f0a0f0a0d74657374...(size=33), reply=RaftClientReply:client-2265A94AA220->localhost_10000@group-03E665A0CE68, cid=42, FAILED org.apache.ratis.protocol.LeaderNotReadyException: localhost_10000@group-03E665A0CE68 is in LEADER state but not ready yet., logIndex=0, commits[localhost_10000:c-1, localhost_10002:c-1, localhost_10001:c-1]
2019-09-24 12:19:54,119 INFO  client.GrpcClientProtocolService (GrpcClientProtocolService.java:lambda$processClientRequest$0(278)) - Failed RaftClientRequest:client-2265A94AA220->localhost_10000@group-03E665A0CE68, cid=42, seq=0, RW, Message:321f0a0f0a0d74657374...(size=33), reply=RaftClientReply:client-2265A94AA220->localhost_10000@group-03E665A0CE68, cid=42, FAILED org.apache.ratis.protocol.LeaderNotReadyException: localhost_10000@group-03E665A0CE68 is in LEADER state but not ready yet., logIndex=0, commits[localhost_10000:c-1, localhost_10002:c-1, localhost_10001:c-1]
2019-09-24 12:19:54,120 INFO  client.GrpcClientProtocolService (GrpcClientProtocolService.java:lambda$processClientRequest$0(278)) - Failed RaftClientRequest:client-2265A94AA220->localhost_10000@group-03E665A0CE68, cid=42, seq=0, RW, Message:321f0a0f0a0d74657374...(size=33), reply=RaftClientReply:client-2265A94AA220->localhost_10000@group-03E665A0CE68, cid=42, FAILED org.apache.ratis.protocol.LeaderNotReadyException: localhost_10000@group-03E665A0CE68 is in LEADER state but not ready yet., logIndex=0, commits[localhost_10000:c-1, localhost_10002:c-1, localhost_10001:c-1]
2019-09-24 12:19:54,120 INFO  client.GrpcClientProtocolService (GrpcClientProtocolService.java:lambda$processClientRequest$0(278)) - Failed RaftClientRequest:client-2265A94AA220->localhost_10000@group-03E665A0CE68, cid=42, seq=0, RW, Message:321f0a0f0a0d74657374...(size=33), reply=RaftClientReply:client-2265A94AA220->localhost_10000@group-03E665A0CE68, cid=42, FAILED org.apache.ratis.protocol.LeaderNotReadyException: localhost_10000@group-03E665A0CE68 is in LEADER state but not ready yet., logIndex=0, commits[localhost_10000:c-1, localhost_10002:c-1, localhost_10001:c-1]
2019-09-24 12:19:54,121 INFO  client.GrpcClientProtocolService (GrpcClientProtocolService.java:lambda$processClientRequest$0(278)) - Failed RaftClientRequest:client-2265A94AA220->localhost_10000@group-03E665A0CE68, cid=42, seq=0, RW, Message:321f0a0f0a0d74657374...(size=33), reply=RaftClientReply:client-2265A94AA220->localhost_10000@group-03E665A0CE68, cid=42, FAILED org.apache.ratis.protocol.LeaderNotReadyException: localhost_10000@group-03E665A0CE68 is in LEADER state but not ready yet., logIndex=0, commits[localhost_10000:c-1, localhost_10002:c-1, localhost_10001:c-1]
2019-09-24 12:19:54,122 INFO  client.GrpcClientProtocolService (GrpcClientProtocolService.java:lambda$processClientRequest$0(278)) - Failed RaftClientRequest:client-2265A94AA220->localhost_10000@group-03E665A0CE68, cid=42, seq=0, RW, Message:321f0a0f0a0d74657374...(size=33), reply=RaftClientReply:client-2265A94AA220->localhost_10000@group-03E665A0CE68, cid=42, FAILED org.apache.ratis.protocol.LeaderNotReadyException: localhost_10000@group-03E665A0CE68 is in LEADER state but not ready yet., logIndex=0, commits[localhost_10000:c-1, localhost_10002:c-1, localhost_10001:c-1]
2019-09-24 12:19:54,123 INFO  client.GrpcClientProtocolService (GrpcClientProtocolService.java:lambda$processClientRequest$0(278)) - Failed RaftClientRequest:client-2265A94AA220->localhost_10000@group-03E665A0CE68, cid=42, seq=0, RW, Message:321f0a0f0a0d74657374...(size=33), reply=RaftClientReply:client-2265A94AA220->localhost_10000@group-03E665A0CE68, cid=42, FAILED org.apache.ratis.protocol.LeaderNotReadyException: localhost_10000@group-03E665A0CE68 is in LEADER state but not ready yet., logIndex=0, commits[localhost_10000:c-1, localhost_10002:c-1, localhost_10001:c-1]
2019-09-24 12:19:54,123 INFO  client.GrpcClientProtocolService (GrpcClientProtocolService.java:lambda$processClientRequest$0(278)) - Failed RaftClientRequest:client-2265A94AA220->localhost_10000@group-03E665A0CE68, cid=42, seq=0, RW, Message:321f0a0f0a0d74657374...(size=33), reply=RaftClientReply:client-2265A94AA220->localhost_10000@group-03E665A0CE68, cid=42, FAILED org.apache.ratis.protocol.LeaderNotReadyException: localhost_10000@group-03E665A0CE68 is in LEADER state but not ready yet., logIndex=0, commits[localhost_10000:c-1, localhost_10002:c-1, localhost_10001:c-1]
2019-09-24 12:19:54,124 INFO  client.GrpcClientProtocolService (GrpcClientProtocolService.java:lambda$processClientRequest$0(278)) - Failed RaftClientRequest:client-2265A94AA220->localhost_10000@group-03E665A0CE68, cid=42, seq=0, RW, Message:321f0a0f0a0d74657374...(size=33), reply=RaftClientReply:client-2265A94AA220->localhost_10000@group-03E665A0CE68, cid=42, FAILED org.apache.ratis.protocol.LeaderNotReadyException: localhost_10000@group-03E665A0CE68 is in LEADER state but not ready yet., logIndex=0, commits[localhost_10000:c-1, localhost_10002:c-1, localhost_10001:c-1]
2019-09-24 12:19:54,125 INFO  client.GrpcClientProtocolService (GrpcClientProtocolService.java:lambda$processClientRequest$0(278)) - Failed RaftClientRequest:client-2265A94AA220->localhost_10000@group-03E665A0CE68, cid=42, seq=0, RW, Message:321f0a0f0a0d74657374...(size=33), reply=RaftClientReply:client-2265A94AA220->localhost_10000@group-03E665A0CE68, cid=42, FAILED org.apache.ratis.protocol.LeaderNotReadyException: localhost_10000@group-03E665A0CE68 is in LEADER state but not ready yet., logIndex=0, commits[localhost_10000:c-1, localhost_10002:c-1, localhost_10001:c-1]
2019-09-24 12:19:54,125 INFO  client.GrpcClientProtocolService (GrpcClientProtocolService.java:lambda$processClientRequest$0(278)) - Failed RaftClientRequest:client-2265A94AA220->localhost_10000@group-03E665A0CE68, cid=42, seq=0, RW, Message:321f0a0f0a0d74657374...(size=33), reply=RaftClientReply:client-2265A94AA220->localhost_10000@group-03E665A0CE68, cid=42, FAILED org.apache.ratis.protocol.LeaderNotReadyException: localhost_10000@group-03E665A0CE68 is in LEADER state but not ready yet., logIndex=0, commits[localhost_10000:c-1, localhost_10002:c-1, localhost_10001:c-1]
2019-09-24 12:19:54,126 INFO  client.GrpcClientProtocolService (GrpcClientProtocolService.java:lambda$processClientRequest$0(278)) - Failed RaftClientRequest:client-2265A94AA220->localhost_10000@group-03E665A0CE68, cid=42, seq=0, RW, Message:321f0a0f0a0d74657374...(size=33), reply=RaftClientReply:client-2265A94AA220->localhost_10000@group-03E665A0CE68, cid=42, FAILED org.apache.ratis.protocol.LeaderNotReadyException: localhost_10000@group-03E665A0CE68 is in LEADER state but not ready yet., logIndex=0, commits[localhost_10000:c-1, localhost_10002:c-1, localhost_10001:c-1]
2019-09-24 12:19:54,127 INFO  client.GrpcClientProtocolService (GrpcClientProtocolService.java:lambda$processClientRequest$0(278)) - Failed RaftClientRequest:client-2265A94AA220->localhost_10000@group-03E665A0CE68, cid=42, seq=0, RW, Message:321f0a0f0a0d74657374...(size=33), reply=RaftClientReply:client-2265A94AA220->localhost_10000@group-03E665A0CE68, cid=42, FAILED org.apache.ratis.protocol.LeaderNotReadyException: localhost_10000@group-03E665A0CE68 is in LEADER state but not ready yet., logIndex=0, commits[localhost_10000:c-1, localhost_10002:c-1, localhost_10001:c-1]
2019-09-24 12:19:54,128 INFO  client.GrpcClientProtocolService (GrpcClientProtocolService.java:lambda$processClientRequest$0(278)) - Failed RaftClientRequest:client-2265A94AA220->localhost_10000@group-03E665A0CE68, cid=42, seq=0, RW, Message:321f0a0f0a0d74657374...(size=33), reply=RaftClientReply:client-2265A94AA220->localhost_10000@group-03E665A0CE68, cid=42, FAILED org.apache.ratis.protocol.LeaderNotReadyException: localhost_10000@group-03E665A0CE68 is in LEADER state but not ready yet., logIndex=0, commits[localhost_10000:c-1, localhost_10002:c-1, localhost_10001:c-1]
2019-09-24 12:19:54,128 INFO  client.GrpcClientProtocolService (GrpcClientProtocolService.java:lambda$processClientRequest$0(278)) - Failed RaftClientRequest:client-2265A94AA220->localhost_10000@group-03E665A0CE68, cid=42, seq=0, RW, Message:321f0a0f0a0d74657374...(size=33), reply=RaftClientReply:client-2265A94AA220->localhost_10000@group-03E665A0CE68, cid=42, FAILED org.apache.ratis.protocol.LeaderNotReadyException: localhost_10000@group-03E665A0CE68 is in LEADER state but not ready yet., logIndex=0, commits[localhost_10000:c-1, localhost_10002:c-1, localhost_10001:c-1]
2019-09-24 12:19:54,129 INFO  client.GrpcClientProtocolService (GrpcClientProtocolService.java:lambda$processClientRequest$0(278)) - Failed RaftClientRequest:client-2265A94AA220->localhost_10000@group-03E665A0CE68, cid=42, seq=0, RW, Message:321f0a0f0a0d74657374...(size=33), reply=RaftClientReply:client-2265A94AA220->localhost_10000@group-03E665A0CE68, cid=42, FAILED org.apache.ratis.protocol.LeaderNotReadyException: localhost_10000@group-03E665A0CE68 is in LEADER state but not ready yet., logIndex=0, commits[localhost_10000:c-1, localhost_10002:c-1, localhost_10001:c-1]
2019-09-24 12:19:54,130 INFO  client.GrpcClientProtocolService (GrpcClientProtocolService.java:lambda$processClientRequest$0(278)) - Failed RaftClientRequest:client-2265A94AA220->localhost_10000@group-03E665A0CE68, cid=42, seq=0, RW, Message:321f0a0f0a0d74657374...(size=33), reply=RaftClientReply:client-2265A94AA220->localhost_10000@group-03E665A0CE68, cid=42, FAILED org.apache.ratis.protocol.LeaderNotReadyException: localhost_10000@group-03E665A0CE68 is in LEADER state but not ready yet., logIndex=0, commits[localhost_10000:c-1, localhost_10002:c-1, localhost_10001:c-1]
2019-09-24 12:19:54,131 INFO  client.GrpcClientProtocolService (GrpcClientProtocolService.java:lambda$processClientRequest$0(278)) - Failed RaftClientRequest:client-2265A94AA220->localhost_10000@group-03E665A0CE68, cid=42, seq=0, RW, Message:321f0a0f0a0d74657374...(size=33), reply=RaftClientReply:client-2265A94AA220->localhost_10000@group-03E665A0CE68, cid=42, FAILED org.apache.ratis.protocol.LeaderNotReadyException: localhost_10000@group-03E665A0CE68 is in LEADER state but not ready yet., logIndex=0, commits[localhost_10000:c-1, localhost_10002:c-1, localhost_10001:c-1]
2019-09-24 12:19:54,131 INFO  client.GrpcClientProtocolService (GrpcClientProtocolService.java:lambda$processClientRequest$0(278)) - Failed RaftClientRequest:client-2265A94AA220->localhost_10000@group-03E665A0CE68, cid=42, seq=0, RW, Message:321f0a0f0a0d74657374...(size=33), reply=RaftClientReply:client-2265A94AA220->localhost_10000@group-03E665A0CE68, cid=42, FAILED org.apache.ratis.protocol.LeaderNotReadyException: localhost_10000@group-03E665A0CE68 is in LEADER state but not ready yet., logIndex=0, commits[localhost_10000:c-1, localhost_10002:c-1, localhost_10001:c-1]
2019-09-24 12:19:54,132 INFO  client.GrpcClientProtocolService (GrpcClientProtocolService.java:lambda$processClientRequest$0(278)) - Failed RaftClientRequest:client-2265A94AA220->localhost_10000@group-03E665A0CE68, cid=42, seq=0, RW, Message:321f0a0f0a0d74657374...(size=33), reply=RaftClientReply:client-2265A94AA220->localhost_10000@group-03E665A0CE68, cid=42, FAILED org.apache.ratis.protocol.LeaderNotReadyException: localhost_10000@group-03E665A0CE68 is in LEADER state but not ready yet., logIndex=0, commits[localhost_10000:c-1, localhost_10002:c-1, localhost_10001:c-1]
2019-09-24 12:19:54,133 INFO  client.GrpcClientProtocolService (GrpcClientProtocolService.java:lambda$processClientRequest$0(278)) - Failed RaftClientRequest:client-2265A94AA220->localhost_10000@group-03E665A0CE68, cid=42, seq=0, RW, Message:321f0a0f0a0d74657374...(size=33), reply=RaftClientReply:client-2265A94AA220->localhost_10000@group-03E665A0CE68, cid=42, FAILED org.apache.ratis.protocol.LeaderNotReadyException: localhost_10000@group-03E665A0CE68 is in LEADER state but not ready yet., logIndex=0, commits[localhost_10000:c-1, localhost_10002:c-1, localhost_10001:c-1]
2019-09-24 12:19:54,133 INFO  client.GrpcClientProtocolService (GrpcClientProtocolService.java:lambda$processClientRequest$0(278)) - Failed RaftClientRequest:client-2265A94AA220->localhost_10000@group-03E665A0CE68, cid=42, seq=0, RW, Message:321f0a0f0a0d74657374...(size=33), reply=RaftClientReply:client-2265A94AA220->localhost_10000@group-03E665A0CE68, cid=42, FAILED org.apache.ratis.protocol.LeaderNotReadyException: localhost_10000@group-03E665A0CE68 is in LEADER state but not ready yet., logIndex=0, commits[localhost_10000:c-1, localhost_10002:c-1, localhost_10001:c-1]
2019-09-24 12:19:54,134 INFO  client.GrpcClientProtocolService (GrpcClientProtocolService.java:lambda$processClientRequest$0(278)) - Failed RaftClientRequest:client-2265A94AA220->localhost_10000@group-03E665A0CE68, cid=42, seq=0, RW, Message:321f0a0f0a0d74657374...(size=33), reply=RaftClientReply:client-2265A94AA220->localhost_10000@group-03E665A0CE68, cid=42, FAILED org.apache.ratis.protocol.LeaderNotReadyException: localhost_10000@group-03E665A0CE68 is in LEADER state but not ready yet., logIndex=0, commits[localhost_10000:c-1, localhost_10002:c-1, localhost_10001:c-1]
2019-09-24 12:19:54,135 INFO  client.GrpcClientProtocolService (GrpcClientProtocolService.java:lambda$processClientRequest$0(278)) - Failed RaftClientRequest:client-2265A94AA220->localhost_10000@group-03E665A0CE68, cid=42, seq=0, RW, Message:321f0a0f0a0d74657374...(size=33), reply=RaftClientReply:client-2265A94AA220->localhost_10000@group-03E665A0CE68, cid=42, FAILED org.apache.ratis.protocol.LeaderNotReadyException: localhost_10000@group-03E665A0CE68 is in LEADER state but not ready yet., logIndex=0, commits[localhost_10000:c-1, localhost_10002:c-1, localhost_10001:c-1]
2019-09-24 12:19:54,136 INFO  client.GrpcClientProtocolService (GrpcClientProtocolService.java:lambda$processClientRequest$0(278)) - Failed RaftClientRequest:client-2265A94AA220->localhost_10000@group-03E665A0CE68, cid=42, seq=0, RW, Message:321f0a0f0a0d74657374...(size=33), reply=RaftClientReply:client-2265A94AA220->localhost_10000@group-03E665A0CE68, cid=42, FAILED org.apache.ratis.protocol.LeaderNotReadyException: localhost_10000@group-03E665A0CE68 is in LEADER state but not ready yet., logIndex=0, commits[localhost_10000:c-1, localhost_10002:c-1, localhost_10001:c-1]
2019-09-24 12:19:54,136 INFO  client.GrpcClientProtocolService (GrpcClientProtocolService.java:lambda$processClientRequest$0(278)) - Failed RaftClientRequest:client-2265A94AA220->localhost_10000@group-03E665A0CE68, cid=42, seq=0, RW, Message:321f0a0f0a0d74657374...(size=33), reply=RaftClientReply:client-2265A94AA220->localhost_10000@group-03E665A0CE68, cid=42, FAILED org.apache.ratis.protocol.LeaderNotReadyException: localhost_10000@group-03E665A0CE68 is in LEADER state but not ready yet., logIndex=0, commits[localhost_10000:c-1, localhost_10002:c-1, localhost_10001:c-1]
2019-09-24 12:19:54,137 INFO  client.GrpcClientProtocolService (GrpcClientProtocolService.java:lambda$processClientRequest$0(278)) - Failed RaftClientRequest:client-2265A94AA220->localhost_10000@group-03E665A0CE68, cid=42, seq=0, RW, Message:321f0a0f0a0d74657374...(size=33), reply=RaftClientReply:client-2265A94AA220->localhost_10000@group-03E665A0CE68, cid=42, FAILED org.apache.ratis.protocol.LeaderNotReadyException: localhost_10000@group-03E665A0CE68 is in LEADER state but not ready yet., logIndex=0, commits[localhost_10000:c-1, localhost_10002:c-1, localhost_10001:c-1]
2019-09-24 12:19:54,138 INFO  client.GrpcClientProtocolService (GrpcClientProtocolService.java:lambda$processClientRequest$0(278)) - Failed RaftClientRequest:client-2265A94AA220->localhost_10000@group-03E665A0CE68, cid=42, seq=0, RW, Message:321f0a0f0a0d74657374...(size=33), reply=RaftClientReply:client-2265A94AA220->localhost_10000@group-03E665A0CE68, cid=42, FAILED org.apache.ratis.protocol.LeaderNotReadyException: localhost_10000@group-03E665A0CE68 is in LEADER state but not ready yet., logIndex=0, commits[localhost_10000:c-1, localhost_10002:c-1, localhost_10001:c-1]
2019-09-24 12:19:54,139 INFO  client.GrpcClientProtocolService (GrpcClientProtocolService.java:lambda$processClientRequest$0(278)) - Failed RaftClientRequest:client-2265A94AA220->localhost_10000@group-03E665A0CE68, cid=42, seq=0, RW, Message:321f0a0f0a0d74657374...(size=33), reply=RaftClientReply:client-2265A94AA220->localhost_10000@group-03E665A0CE68, cid=42, FAILED org.apache.ratis.protocol.LeaderNotReadyException: localhost_10000@group-03E665A0CE68 is in LEADER state but not ready yet., logIndex=0, commits[localhost_10000:c-1, localhost_10002:c-1, localhost_10001:c-1]
2019-09-24 12:19:54,140 INFO  client.GrpcClientProtocolService (GrpcClientProtocolService.java:lambda$processClientRequest$0(278)) - Failed RaftClientRequest:client-2265A94AA220->localhost_10000@group-03E665A0CE68, cid=42, seq=0, RW, Message:321f0a0f0a0d74657374...(size=33), reply=RaftClientReply:client-2265A94AA220->localhost_10000@group-03E665A0CE68, cid=42, FAILED org.apache.ratis.protocol.LeaderNotReadyException: localhost_10000@group-03E665A0CE68 is in LEADER state but not ready yet., logIndex=0, commits[localhost_10000:c-1, localhost_10002:c-1, localhost_10001:c-1]
2019-09-24 12:19:54,140 INFO  client.GrpcClientProtocolService (GrpcClientProtocolService.java:lambda$processClientRequest$0(278)) - Failed RaftClientRequest:client-2265A94AA220->localhost_10000@group-03E665A0CE68, cid=42, seq=0, RW, Message:321f0a0f0a0d74657374...(size=33), reply=RaftClientReply:client-2265A94AA220->localhost_10000@group-03E665A0CE68, cid=42, FAILED org.apache.ratis.protocol.LeaderNotReadyException: localhost_10000@group-03E665A0CE68 is in LEADER state but not ready yet., logIndex=0, commits[localhost_10000:c-1, localhost_10002:c-1, localhost_10001:c-1]
2019-09-24 12:19:54,141 INFO  client.GrpcClientProtocolService (GrpcClientProtocolService.java:lambda$processClientRequest$0(278)) - Failed RaftClientRequest:client-2265A94AA220->localhost_10000@group-03E665A0CE68, cid=42, seq=0, RW, Message:321f0a0f0a0d74657374...(size=33), reply=RaftClientReply:client-2265A94AA220->localhost_10000@group-03E665A0CE68, cid=42, FAILED org.apache.ratis.protocol.LeaderNotReadyException: localhost_10000@group-03E665A0CE68 is in LEADER state but not ready yet., logIndex=0, commits[localhost_10000:c-1, localhost_10002:c-1, localhost_10001:c-1]
2019-09-24 12:19:54,142 INFO  client.GrpcClientProtocolService (GrpcClientProtocolService.java:lambda$processClientRequest$0(278)) - Failed RaftClientRequest:client-2265A94AA220->localhost_10000@group-03E665A0CE68, cid=42, seq=0, RW, Message:321f0a0f0a0d74657374...(size=33), reply=RaftClientReply:client-2265A94AA220->localhost_10000@group-03E665A0CE68, cid=42, FAILED org.apache.ratis.protocol.LeaderNotReadyException: localhost_10000@group-03E665A0CE68 is in LEADER state but not ready yet., logIndex=0, commits[localhost_10000:c-1, localhost_10002:c-1, localhost_10001:c-1]
2019-09-24 12:19:54,143 INFO  client.GrpcClientProtocolService (GrpcClientProtocolService.java:lambda$processClientRequest$0(278)) - Failed RaftClientRequest:client-2265A94AA220->localhost_10000@group-03E665A0CE68, cid=42, seq=0, RW, Message:321f0a0f0a0d74657374...(size=33), reply=RaftClientReply:client-2265A94AA220->localhost_10000@group-03E665A0CE68, cid=42, FAILED org.apache.ratis.protocol.LeaderNotReadyException: localhost_10000@group-03E665A0CE68 is in LEADER state but not ready yet., logIndex=0, commits[localhost_10000:c-1, localhost_10002:c-1, localhost_10001:c-1]
2019-09-24 12:19:54,144 INFO  client.GrpcClientProtocolService (GrpcClientProtocolService.java:lambda$processClientRequest$0(278)) - Failed RaftClientRequest:client-2265A94AA220->localhost_10000@group-03E665A0CE68, cid=42, seq=0, RW, Message:321f0a0f0a0d74657374...(size=33), reply=RaftClientReply:client-2265A94AA220->localhost_10000@group-03E665A0CE68, cid=42, FAILED org.apache.ratis.protocol.LeaderNotReadyException: localhost_10000@group-03E665A0CE68 is in LEADER state but not ready yet., logIndex=0, commits[localhost_10000:c-1, localhost_10002:c-1, localhost_10001:c-1]
2019-09-24 12:19:54,145 INFO  client.GrpcClientProtocolService (GrpcClientProtocolService.java:lambda$processClientRequest$0(278)) - Failed RaftClientRequest:client-2265A94AA220->localhost_10000@group-03E665A0CE68, cid=42, seq=0, RW, Message:321f0a0f0a0d74657374...(size=33), reply=RaftClientReply:client-2265A94AA220->localhost_10000@group-03E665A0CE68, cid=42, FAILED org.apache.ratis.protocol.LeaderNotReadyException: localhost_10000@group-03E665A0CE68 is in LEADER state but not ready yet., logIndex=0, commits[localhost_10000:c-1, localhost_10002:c-1, localhost_10001:c-1]
2019-09-24 12:19:54,146 INFO  client.GrpcClientProtocolService (GrpcClientProtocolService.java:lambda$processClientRequest$0(278)) - Failed RaftClientRequest:client-2265A94AA220->localhost_10000@group-03E665A0CE68, cid=42, seq=0, RW, Message:321f0a0f0a0d74657374...(size=33), reply=RaftClientReply:client-2265A94AA220->localhost_10000@group-03E665A0CE68, cid=42, FAILED org.apache.ratis.protocol.LeaderNotReadyException: localhost_10000@group-03E665A0CE68 is in LEADER state but not ready yet., logIndex=0, commits[localhost_10000:c-1, localhost_10002:c-1, localhost_10001:c-1]
2019-09-24 12:19:54,146 INFO  client.GrpcClientProtocolService (GrpcClientProtocolService.java:lambda$processClientRequest$0(278)) - Failed RaftClientRequest:client-2265A94AA220->localhost_10000@group-03E665A0CE68, cid=42, seq=0, RW, Message:321f0a0f0a0d74657374...(size=33), reply=RaftClientReply:client-2265A94AA220->localhost_10000@group-03E665A0CE68, cid=42, FAILED org.apache.ratis.protocol.LeaderNotReadyException: localhost_10000@group-03E665A0CE68 is in LEADER state but not ready yet., logIndex=0, commits[localhost_10000:c-1, localhost_10002:c-1, localhost_10001:c-1]
2019-09-24 12:19:54,147 INFO  client.GrpcClientProtocolService (GrpcClientProtocolService.java:lambda$processClientRequest$0(278)) - Failed RaftClientRequest:client-2265A94AA220->localhost_10000@group-03E665A0CE68, cid=42, seq=0, RW, Message:321f0a0f0a0d74657374...(size=33), reply=RaftClientReply:client-2265A94AA220->localhost_10000@group-03E665A0CE68, cid=42, FAILED org.apache.ratis.protocol.LeaderNotReadyException: localhost_10000@group-03E665A0CE68 is in LEADER state but not ready yet., logIndex=0, commits[localhost_10000:c-1, localhost_10002:c-1, localhost_10001:c-1]
2019-09-24 12:19:54,148 INFO  client.GrpcClientProtocolService (GrpcClientProtocolService.java:lambda$processClientRequest$0(278)) - Failed RaftClientRequest:client-2265A94AA220->localhost_10000@group-03E665A0CE68, cid=42, seq=0, RW, Message:321f0a0f0a0d74657374...(size=33), reply=RaftClientReply:client-2265A94AA220->localhost_10000@group-03E665A0CE68, cid=42, FAILED org.apache.ratis.protocol.LeaderNotReadyException: localhost_10000@group-03E665A0CE68 is in LEADER state but not ready yet., logIndex=0, commits[localhost_10000:c-1, localhost_10002:c-1, localhost_10001:c-1]
2019-09-24 12:19:54,149 INFO  client.GrpcClientProtocolService (GrpcClientProtocolService.java:lambda$processClientRequest$0(278)) - Failed RaftClientRequest:client-2265A94AA220->localhost_10000@group-03E665A0CE68, cid=42, seq=0, RW, Message:321f0a0f0a0d74657374...(size=33), reply=RaftClientReply:client-2265A94AA220->localhost_10000@group-03E665A0CE68, cid=42, FAILED org.apache.ratis.protocol.LeaderNotReadyException: localhost_10000@group-03E665A0CE68 is in LEADER state but not ready yet., logIndex=0, commits[localhost_10000:c-1, localhost_10002:c-1, localhost_10001:c-1]
2019-09-24 12:19:54,150 INFO  client.GrpcClientProtocolService (GrpcClientProtocolService.java:lambda$processClientRequest$0(278)) - Failed RaftClientRequest:client-2265A94AA220->localhost_10000@group-03E665A0CE68, cid=42, seq=0, RW, Message:321f0a0f0a0d74657374...(size=33), reply=RaftClientReply:client-2265A94AA220->localhost_10000@group-03E665A0CE68, cid=42, FAILED org.apache.ratis.protocol.LeaderNotReadyException: localhost_10000@group-03E665A0CE68 is in LEADER state but not ready yet., logIndex=0, commits[localhost_10000:c-1, localhost_10002:c-1, localhost_10001:c-1]
2019-09-24 12:19:54,151 INFO  client.GrpcClientProtocolService (GrpcClientProtocolService.java:lambda$processClientRequest$0(278)) - Failed RaftClientRequest:client-2265A94AA220->localhost_10000@group-03E665A0CE68, cid=42, seq=0, RW, Message:321f0a0f0a0d74657374...(size=33), reply=RaftClientReply:client-2265A94AA220->localhost_10000@group-03E665A0CE68, cid=42, FAILED org.apache.ratis.protocol.LeaderNotReadyException: localhost_10000@group-03E665A0CE68 is in LEADER state but not ready yet., logIndex=0, commits[localhost_10000:c-1, localhost_10002:c-1, localhost_10001:c-1]
2019-09-24 12:19:54,152 INFO  client.GrpcClientProtocolService (GrpcClientProtocolService.java:lambda$processClientRequest$0(278)) - Failed RaftClientRequest:client-2265A94AA220->localhost_10000@group-03E665A0CE68, cid=42, seq=0, RW, Message:321f0a0f0a0d74657374...(size=33), reply=RaftClientReply:client-2265A94AA220->localhost_10000@group-03E665A0CE68, cid=42, FAILED org.apache.ratis.protocol.LeaderNotReadyException: localhost_10000@group-03E665A0CE68 is in LEADER state but not ready yet., logIndex=0, commits[localhost_10000:c-1, localhost_10002:c-1, localhost_10001:c-1]
2019-09-24 12:19:54,153 INFO  client.GrpcClientProtocolService (GrpcClientProtocolService.java:lambda$processClientRequest$0(278)) - Failed RaftClientRequest:client-2265A94AA220->localhost_10000@group-03E665A0CE68, cid=42, seq=0, RW, Message:321f0a0f0a0d74657374...(size=33), reply=RaftClientReply:client-2265A94AA220->localhost_10000@group-03E665A0CE68, cid=42, FAILED org.apache.ratis.protocol.LeaderNotReadyException: localhost_10000@group-03E665A0CE68 is in LEADER state but not ready yet., logIndex=0, commits[localhost_10000:c-1, localhost_10002:c-1, localhost_10001:c-1]
2019-09-24 12:19:54,153 INFO  client.GrpcClientProtocolService (GrpcClientProtocolService.java:lambda$processClientRequest$0(278)) - Failed RaftClientRequest:client-2265A94AA220->localhost_10000@group-03E665A0CE68, cid=42, seq=0, RW, Message:321f0a0f0a0d74657374...(size=33), reply=RaftClientReply:client-2265A94AA220->localhost_10000@group-03E665A0CE68, cid=42, FAILED org.apache.ratis.protocol.LeaderNotReadyException: localhost_10000@group-03E665A0CE68 is in LEADER state but not ready yet., logIndex=0, commits[localhost_10000:c-1, localhost_10002:c-1, localhost_10001:c-1]
2019-09-24 12:19:54,154 INFO  client.GrpcClientProtocolService (GrpcClientProtocolService.java:lambda$processClientRequest$0(278)) - Failed RaftClientRequest:client-2265A94AA220->localhost_10000@group-03E665A0CE68, cid=42, seq=0, RW, Message:321f0a0f0a0d74657374...(size=33), reply=RaftClientReply:client-2265A94AA220->localhost_10000@group-03E665A0CE68, cid=42, FAILED org.apache.ratis.protocol.LeaderNotReadyException: localhost_10000@group-03E665A0CE68 is in LEADER state but not ready yet., logIndex=0, commits[localhost_10000:c-1, localhost_10002:c-1, localhost_10001:c-1]
2019-09-24 12:19:54,155 INFO  client.GrpcClientProtocolService (GrpcClientProtocolService.java:lambda$processClientRequest$0(278)) - Failed RaftClientRequest:client-2265A94AA220->localhost_10000@group-03E665A0CE68, cid=42, seq=0, RW, Message:321f0a0f0a0d74657374...(size=33), reply=RaftClientReply:client-2265A94AA220->localhost_10000@group-03E665A0CE68, cid=42, FAILED org.apache.ratis.protocol.LeaderNotReadyException: localhost_10000@group-03E665A0CE68 is in LEADER state but not ready yet., logIndex=0, commits[localhost_10000:c-1, localhost_10002:c-1, localhost_10001:c-1]
2019-09-24 12:19:54,156 INFO  client.GrpcClientProtocolService (GrpcClientProtocolService.java:lambda$processClientRequest$0(278)) - Failed RaftClientRequest:client-2265A94AA220->localhost_10000@group-03E665A0CE68, cid=42, seq=0, RW, Message:321f0a0f0a0d74657374...(size=33), reply=RaftClientReply:client-2265A94AA220->localhost_10000@group-03E665A0CE68, cid=42, FAILED org.apache.ratis.protocol.LeaderNotReadyException: localhost_10000@group-03E665A0CE68 is in LEADER state but not ready yet., logIndex=0, commits[localhost_10000:c-1, localhost_10002:c-1, localhost_10001:c-1]
2019-09-24 12:19:54,157 INFO  client.GrpcClientProtocolService (GrpcClientProtocolService.java:lambda$processClientRequest$0(278)) - Failed RaftClientRequest:client-2265A94AA220->localhost_10000@group-03E665A0CE68, cid=42, seq=0, RW, Message:321f0a0f0a0d74657374...(size=33), reply=RaftClientReply:client-2265A94AA220->localhost_10000@group-03E665A0CE68, cid=42, FAILED org.apache.ratis.protocol.LeaderNotReadyException: localhost_10000@group-03E665A0CE68 is in LEADER state but not ready yet., logIndex=0, commits[localhost_10000:c-1, localhost_10002:c-1, localhost_10001:c-1]
2019-09-24 12:19:54,157 INFO  client.GrpcClientProtocolService (GrpcClientProtocolService.java:lambda$processClientRequest$0(278)) - Failed RaftClientRequest:client-2265A94AA220->localhost_10000@group-03E665A0CE68, cid=42, seq=0, RW, Message:321f0a0f0a0d74657374...(size=33), reply=RaftClientReply:client-2265A94AA220->localhost_10000@group-03E665A0CE68, cid=42, FAILED org.apache.ratis.protocol.LeaderNotReadyException: localhost_10000@group-03E665A0CE68 is in LEADER state but not ready yet., logIndex=0, commits[localhost_10000:c-1, localhost_10002:c-1, localhost_10001:c-1]
2019-09-24 12:19:54,158 INFO  client.GrpcClientProtocolService (GrpcClientProtocolService.java:lambda$processClientRequest$0(278)) - Failed RaftClientRequest:client-2265A94AA220->localhost_10000@group-03E665A0CE68, cid=42, seq=0, RW, Message:321f0a0f0a0d74657374...(size=33), reply=RaftClientReply:client-2265A94AA220->localhost_10000@group-03E665A0CE68, cid=42, FAILED org.apache.ratis.protocol.LeaderNotReadyException: localhost_10000@group-03E665A0CE68 is in LEADER state but not ready yet., logIndex=0, commits[localhost_10000:c-1, localhost_10002:c-1, localhost_10001:c-1]
2019-09-24 12:19:54,159 INFO  client.GrpcClientProtocolService (GrpcClientProtocolService.java:lambda$processClientRequest$0(278)) - Failed RaftClientRequest:client-2265A94AA220->localhost_10000@group-03E665A0CE68, cid=42, seq=0, RW, Message:321f0a0f0a0d74657374...(size=33), reply=RaftClientReply:client-2265A94AA220->localhost_10000@group-03E665A0CE68, cid=42, FAILED org.apache.ratis.protocol.LeaderNotReadyException: localhost_10000@group-03E665A0CE68 is in LEADER state but not ready yet., logIndex=0, commits[localhost_10000:c-1, localhost_10002:c-1, localhost_10001:c-1]
2019-09-24 12:19:54,160 INFO  client.GrpcClientProtocolService (GrpcClientProtocolService.java:lambda$processClientRequest$0(278)) - Failed RaftClientRequest:client-2265A94AA220->localhost_10000@group-03E665A0CE68, cid=42, seq=0, RW, Message:321f0a0f0a0d74657374...(size=33), reply=RaftClientReply:client-2265A94AA220->localhost_10000@group-03E665A0CE68, cid=42, FAILED org.apache.ratis.protocol.LeaderNotReadyException: localhost_10000@group-03E665A0CE68 is in LEADER state but not ready yet., logIndex=0, commits[localhost_10000:c-1, localhost_10002:c-1, localhost_10001:c-1]
2019-09-24 12:19:54,161 INFO  client.GrpcClientProtocolService (GrpcClientProtocolService.java:lambda$processClientRequest$0(278)) - Failed RaftClientRequest:client-2265A94AA220->localhost_10000@group-03E665A0CE68, cid=42, seq=0, RW, Message:321f0a0f0a0d74657374...(size=33), reply=RaftClientReply:client-2265A94AA220->localhost_10000@group-03E665A0CE68, cid=42, FAILED org.apache.ratis.protocol.LeaderNotReadyException: localhost_10000@group-03E665A0CE68 is in LEADER state but not ready yet., logIndex=0, commits[localhost_10000:c-1, localhost_10002:c-1, localhost_10001:c-1]
2019-09-24 12:19:54,161 INFO  client.GrpcClientProtocolService (GrpcClientProtocolService.java:lambda$processClientRequest$0(278)) - Failed RaftClientRequest:client-2265A94AA220->localhost_10000@group-03E665A0CE68, cid=42, seq=0, RW, Message:321f0a0f0a0d74657374...(size=33), reply=RaftClientReply:client-2265A94AA220->localhost_10000@group-03E665A0CE68, cid=42, FAILED org.apache.ratis.protocol.LeaderNotReadyException: localhost_10000@group-03E665A0CE68 is in LEADER state but not ready yet., logIndex=0, commits[localhost_10000:c-1, localhost_10002:c-1, localhost_10001:c-1]
2019-09-24 12:19:54,162 INFO  client.GrpcClientProtocolService (GrpcClientProtocolService.java:lambda$processClientRequest$0(278)) - Failed RaftClientRequest:client-2265A94AA220->localhost_10000@group-03E665A0CE68, cid=42, seq=0, RW, Message:321f0a0f0a0d74657374...(size=33), reply=RaftClientReply:client-2265A94AA220->localhost_10000@group-03E665A0CE68, cid=42, FAILED org.apache.ratis.protocol.LeaderNotReadyException: localhost_10000@group-03E665A0CE68 is in LEADER state but not ready yet., logIndex=0, commits[localhost_10000:c-1, localhost_10002:c-1, localhost_10001:c-1]
2019-09-24 12:19:54,163 INFO  client.GrpcClientProtocolService (GrpcClientProtocolService.java:lambda$processClientRequest$0(278)) - Failed RaftClientRequest:client-2265A94AA220->localhost_10000@group-03E665A0CE68, cid=42, seq=0, RW, Message:321f0a0f0a0d74657374...(size=33), reply=RaftClientReply:client-2265A94AA220->localhost_10000@group-03E665A0CE68, cid=42, FAILED org.apache.ratis.protocol.LeaderNotReadyException: localhost_10000@group-03E665A0CE68 is in LEADER state but not ready yet., logIndex=0, commits[localhost_10000:c-1, localhost_10002:c-1, localhost_10001:c-1]
2019-09-24 12:19:54,164 INFO  client.GrpcClientProtocolService (GrpcClientProtocolService.java:lambda$processClientRequest$0(278)) - Failed RaftClientRequest:client-2265A94AA220->localhost_10000@group-03E665A0CE68, cid=42, seq=0, RW, Message:321f0a0f0a0d74657374...(size=33), reply=RaftClientReply:client-2265A94AA220->localhost_10000@group-03E665A0CE68, cid=42, FAILED org.apache.ratis.protocol.LeaderNotReadyException: localhost_10000@group-03E665A0CE68 is in LEADER state but not ready yet., logIndex=0, commits[localhost_10000:c-1, localhost_10002:c-1, localhost_10001:c-1]
2019-09-24 12:19:54,165 INFO  client.GrpcClientProtocolService (GrpcClientProtocolService.java:lambda$processClientRequest$0(278)) - Failed RaftClientRequest:client-2265A94AA220->localhost_10000@group-03E665A0CE68, cid=42, seq=0, RW, Message:321f0a0f0a0d74657374...(size=33), reply=RaftClientReply:client-2265A94AA220->localhost_10000@group-03E665A0CE68, cid=42, FAILED org.apache.ratis.protocol.LeaderNotReadyException: localhost_10000@group-03E665A0CE68 is in LEADER state but not ready yet., logIndex=0, commits[localhost_10000:c-1, localhost_10002:c-1, localhost_10001:c-1]
2019-09-24 12:19:54,166 INFO  client.GrpcClientProtocolService (GrpcClientProtocolService.java:lambda$processClientRequest$0(278)) - Failed RaftClientRequest:client-2265A94AA220->localhost_10000@group-03E665A0CE68, cid=42, seq=0, RW, Message:321f0a0f0a0d74657374...(size=33), reply=RaftClientReply:client-2265A94AA220->localhost_10000@group-03E665A0CE68, cid=42, FAILED org.apache.ratis.protocol.LeaderNotReadyException: localhost_10000@group-03E665A0CE68 is in LEADER state but not ready yet., logIndex=0, commits[localhost_10000:c-1, localhost_10002:c-1, localhost_10001:c-1]
2019-09-24 12:19:54,166 INFO  client.GrpcClientProtocolService (GrpcClientProtocolService.java:lambda$processClientRequest$0(278)) - Failed RaftClientRequest:client-2265A94AA220->localhost_10000@group-03E665A0CE68, cid=42, seq=0, RW, Message:321f0a0f0a0d74657374...(size=33), reply=RaftClientReply:client-2265A94AA220->localhost_10000@group-03E665A0CE68, cid=42, FAILED org.apache.ratis.protocol.LeaderNotReadyException: localhost_10000@group-03E665A0CE68 is in LEADER state but not ready yet., logIndex=0, commits[localhost_10000:c-1, localhost_10002:c-1, localhost_10001:c-1]
2019-09-24 12:19:54,167 INFO  client.GrpcClientProtocolService (GrpcClientProtocolService.java:lambda$processClientRequest$0(278)) - Failed RaftClientRequest:client-2265A94AA220->localhost_10000@group-03E665A0CE68, cid=42, seq=0, RW, Message:321f0a0f0a0d74657374...(size=33), reply=RaftClientReply:client-2265A94AA220->localhost_10000@group-03E665A0CE68, cid=42, FAILED org.apache.ratis.protocol.LeaderNotReadyException: localhost_10000@group-03E665A0CE68 is in LEADER state but not ready yet., logIndex=0, commits[localhost_10000:c-1, localhost_10002:c-1, localhost_10001:c-1]
2019-09-24 12:19:54,168 INFO  client.GrpcClientProtocolService (GrpcClientProtocolService.java:lambda$processClientRequest$0(278)) - Failed RaftClientRequest:client-2265A94AA220->localhost_10000@group-03E665A0CE68, cid=42, seq=0, RW, Message:321f0a0f0a0d74657374...(size=33), reply=RaftClientReply:client-2265A94AA220->localhost_10000@group-03E665A0CE68, cid=42, FAILED org.apache.ratis.protocol.LeaderNotReadyException: localhost_10000@group-03E665A0CE68 is in LEADER state but not ready yet., logIndex=0, commits[localhost_10000:c-1, localhost_10002:c-1, localhost_10001:c-1]
2019-09-24 12:19:54,169 INFO  client.GrpcClientProtocolService (GrpcClientProtocolService.java:lambda$processClientRequest$0(278)) - Failed RaftClientRequest:client-2265A94AA220->localhost_10000@group-03E665A0CE68, cid=42, seq=0, RW, Message:321f0a0f0a0d74657374...(size=33), reply=RaftClientReply:client-2265A94AA220->localhost_10000@group-03E665A0CE68, cid=42, FAILED org.apache.ratis.protocol.LeaderNotReadyException: localhost_10000@group-03E665A0CE68 is in LEADER state but not ready yet., logIndex=0, commits[localhost_10000:c-1, localhost_10002:c-1, localhost_10001:c-1]
2019-09-24 12:19:54,170 INFO  client.GrpcClientProtocolService (GrpcClientProtocolService.java:lambda$processClientRequest$0(278)) - Failed RaftClientRequest:client-2265A94AA220->localhost_10000@group-03E665A0CE68, cid=42, seq=0, RW, Message:321f0a0f0a0d74657374...(size=33), reply=RaftClientReply:client-2265A94AA220->localhost_10000@group-03E665A0CE68, cid=42, FAILED org.apache.ratis.protocol.LeaderNotReadyException: localhost_10000@group-03E665A0CE68 is in LEADER state but not ready yet., logIndex=0, commits[localhost_10000:c-1, localhost_10002:c-1, localhost_10001:c-1]
2019-09-24 12:19:54,171 INFO  client.GrpcClientProtocolService (GrpcClientProtocolService.java:lambda$processClientRequest$0(278)) - Failed RaftClientRequest:client-2265A94AA220->localhost_10000@group-03E665A0CE68, cid=42, seq=0, RW, Message:321f0a0f0a0d74657374...(size=33), reply=RaftClientReply:client-2265A94AA220->localhost_10000@group-03E665A0CE68, cid=42, FAILED org.apache.ratis.protocol.LeaderNotReadyException: localhost_10000@group-03E665A0CE68 is in LEADER state but not ready yet., logIndex=0, commits[localhost_10000:c-1, localhost_10002:c-1, localhost_10001:c-1]
2019-09-24 12:19:54,172 INFO  client.GrpcClientProtocolService (GrpcClientProtocolService.java:lambda$processClientRequest$0(278)) - Failed RaftClientRequest:client-2265A94AA220->localhost_10000@group-03E665A0CE68, cid=42, seq=0, RW, Message:321f0a0f0a0d74657374...(size=33), reply=RaftClientReply:client-2265A94AA220->localhost_10000@group-03E665A0CE68, cid=42, FAILED org.apache.ratis.protocol.LeaderNotReadyException: localhost_10000@group-03E665A0CE68 is in LEADER state but not ready yet., logIndex=0, commits[localhost_10000:c-1, localhost_10002:c-1, localhost_10001:c-1]
2019-09-24 12:19:54,173 INFO  client.GrpcClientProtocolService (GrpcClientProtocolService.java:lambda$processClientRequest$0(278)) - Failed RaftClientRequest:client-2265A94AA220->localhost_10000@group-03E665A0CE68, cid=42, seq=0, RW, Message:321f0a0f0a0d74657374...(size=33), reply=RaftClientReply:client-2265A94AA220->localhost_10000@group-03E665A0CE68, cid=42, FAILED org.apache.ratis.protocol.LeaderNotReadyException: localhost_10000@group-03E665A0CE68 is in LEADER state but not ready yet., logIndex=0, commits[localhost_10000:c-1, localhost_10002:c-1, localhost_10001:c-1]
2019-09-24 12:19:54,174 INFO  client.GrpcClientProtocolService (GrpcClientProtocolService.java:lambda$processClientRequest$0(278)) - Failed RaftClientRequest:client-2265A94AA220->localhost_10000@group-03E665A0CE68, cid=42, seq=0, RW, Message:321f0a0f0a0d74657374...(size=33), reply=RaftClientReply:client-2265A94AA220->localhost_10000@group-03E665A0CE68, cid=42, FAILED org.apache.ratis.protocol.LeaderNotReadyException: localhost_10000@group-03E665A0CE68 is in LEADER state but not ready yet., logIndex=0, commits[localhost_10000:c-1, localhost_10002:c-1, localhost_10001:c-1]
2019-09-24 12:19:54,175 INFO  client.GrpcClientProtocolService (GrpcClientProtocolService.java:lambda$processClientRequest$0(278)) - Failed RaftClientRequest:client-2265A94AA220->localhost_10000@group-03E665A0CE68, cid=42, seq=0, RW, Message:321f0a0f0a0d74657374...(size=33), reply=RaftClientReply:client-2265A94AA220->localhost_10000@group-03E665A0CE68, cid=42, FAILED org.apache.ratis.protocol.LeaderNotReadyException: localhost_10000@group-03E665A0CE68 is in LEADER state but not ready yet., logIndex=0, commits[localhost_10000:c-1, localhost_10002:c-1, localhost_10001:c-1]
2019-09-24 12:19:54,175 INFO  client.GrpcClientProtocolService (GrpcClientProtocolService.java:lambda$processClientRequest$0(278)) - Failed RaftClientRequest:client-2265A94AA220->localhost_10000@group-03E665A0CE68, cid=42, seq=0, RW, Message:321f0a0f0a0d74657374...(size=33), reply=RaftClientReply:client-2265A94AA220->localhost_10000@group-03E665A0CE68, cid=42, FAILED org.apache.ratis.protocol.LeaderNotReadyException: localhost_10000@group-03E665A0CE68 is in LEADER state but not ready yet., logIndex=0, commits[localhost_10000:c-1, localhost_10002:c-1, localhost_10001:c-1]
2019-09-24 12:19:54,176 INFO  client.GrpcClientProtocolService (GrpcClientProtocolService.java:lambda$processClientRequest$0(278)) - Failed RaftClientRequest:client-2265A94AA220->localhost_10000@group-03E665A0CE68, cid=42, seq=0, RW, Message:321f0a0f0a0d74657374...(size=33), reply=RaftClientReply:client-2265A94AA220->localhost_10000@group-03E665A0CE68, cid=42, FAILED org.apache.ratis.protocol.LeaderNotReadyException: localhost_10000@group-03E665A0CE68 is in LEADER state but not ready yet., logIndex=0, commits[localhost_10000:c-1, localhost_10002:c-1, localhost_10001:c-1]
2019-09-24 12:19:54,177 INFO  client.GrpcClientProtocolService (GrpcClientProtocolService.java:lambda$processClientRequest$0(278)) - Failed RaftClientRequest:client-2265A94AA220->localhost_10000@group-03E665A0CE68, cid=42, seq=0, RW, Message:321f0a0f0a0d74657374...(size=33), reply=RaftClientReply:client-2265A94AA220->localhost_10000@group-03E665A0CE68, cid=42, FAILED org.apache.ratis.protocol.LeaderNotReadyException: localhost_10000@group-03E665A0CE68 is in LEADER state but not ready yet., logIndex=0, commits[localhost_10000:c-1, localhost_10002:c-1, localhost_10001:c-1]
2019-09-24 12:19:54,178 INFO  client.GrpcClientProtocolService (GrpcClientProtocolService.java:lambda$processClientRequest$0(278)) - Failed RaftClientRequest:client-2265A94AA220->localhost_10000@group-03E665A0CE68, cid=42, seq=0, RW, Message:321f0a0f0a0d74657374...(size=33), reply=RaftClientReply:client-2265A94AA220->localhost_10000@group-03E665A0CE68, cid=42, FAILED org.apache.ratis.protocol.LeaderNotReadyException: localhost_10000@group-03E665A0CE68 is in LEADER state but not ready yet., logIndex=0, commits[localhost_10000:c-1, localhost_10002:c-1, localhost_10001:c-1]
2019-09-24 12:19:54,178 INFO  client.GrpcClientProtocolService (GrpcClientProtocolService.java:lambda$processClientRequest$0(278)) - Failed RaftClientRequest:client-2265A94AA220->localhost_10000@group-03E665A0CE68, cid=42, seq=0, RW, Message:321f0a0f0a0d74657374...(size=33), reply=RaftClientReply:client-2265A94AA220->localhost_10000@group-03E665A0CE68, cid=42, FAILED org.apache.ratis.protocol.LeaderNotReadyException: localhost_10000@group-03E665A0CE68 is in LEADER state but not ready yet., logIndex=0, commits[localhost_10000:c-1, localhost_10002:c-1, localhost_10001:c-1]
2019-09-24 12:19:54,179 INFO  client.GrpcClientProtocolService (GrpcClientProtocolService.java:lambda$processClientRequest$0(278)) - Failed RaftClientRequest:client-2265A94AA220->localhost_10000@group-03E665A0CE68, cid=42, seq=0, RW, Message:321f0a0f0a0d74657374...(size=33), reply=RaftClientReply:client-2265A94AA220->localhost_10000@group-03E665A0CE68, cid=42, FAILED org.apache.ratis.protocol.LeaderNotReadyException: localhost_10000@group-03E665A0CE68 is in LEADER state but not ready yet., logIndex=0, commits[localhost_10000:c-1, localhost_10002:c-1, localhost_10001:c-1]
2019-09-24 12:19:54,180 INFO  client.GrpcClientProtocolService (GrpcClientProtocolService.java:lambda$processClientRequest$0(278)) - Failed RaftClientRequest:client-2265A94AA220->localhost_10000@group-03E665A0CE68, cid=42, seq=0, RW, Message:321f0a0f0a0d74657374...(size=33), reply=RaftClientReply:client-2265A94AA220->localhost_10000@group-03E665A0CE68, cid=42, FAILED org.apache.ratis.protocol.LeaderNotReadyException: localhost_10000@group-03E665A0CE68 is in LEADER state but not ready yet., logIndex=0, commits[localhost_10000:c-1, localhost_10002:c-1, localhost_10001:c-1]
2019-09-24 12:19:54,181 INFO  client.GrpcClientProtocolService (GrpcClientProtocolService.java:lambda$processClientRequest$0(278)) - Failed RaftClientRequest:client-2265A94AA220->localhost_10000@group-03E665A0CE68, cid=42, seq=0, RW, Message:321f0a0f0a0d74657374...(size=33), reply=RaftClientReply:client-2265A94AA220->localhost_10000@group-03E665A0CE68, cid=42, FAILED org.apache.ratis.protocol.LeaderNotReadyException: localhost_10000@group-03E665A0CE68 is in LEADER state but not ready yet., logIndex=0, commits[localhost_10000:c-1, localhost_10002:c-1, localhost_10001:c-1]
2019-09-24 12:19:54,181 INFO  client.GrpcClientProtocolService (GrpcClientProtocolService.java:lambda$processClientRequest$0(278)) - Failed RaftClientRequest:client-2265A94AA220->localhost_10000@group-03E665A0CE68, cid=42, seq=0, RW, Message:321f0a0f0a0d74657374...(size=33), reply=RaftClientReply:client-2265A94AA220->localhost_10000@group-03E665A0CE68, cid=42, FAILED org.apache.ratis.protocol.LeaderNotReadyException: localhost_10000@group-03E665A0CE68 is in LEADER state but not ready yet., logIndex=0, commits[localhost_10000:c-1, localhost_10002:c-1, localhost_10001:c-1]
2019-09-24 12:19:54,182 INFO  client.GrpcClientProtocolService (GrpcClientProtocolService.java:lambda$processClientRequest$0(278)) - Failed RaftClientRequest:client-2265A94AA220->localhost_10000@group-03E665A0CE68, cid=42, seq=0, RW, Message:321f0a0f0a0d74657374...(size=33), reply=RaftClientReply:client-2265A94AA220->localhost_10000@group-03E665A0CE68, cid=42, FAILED org.apache.ratis.protocol.LeaderNotReadyException: localhost_10000@group-03E665A0CE68 is in LEADER state but not ready yet., logIndex=0, commits[localhost_10000:c-1, localhost_10002:c-1, localhost_10001:c-1]
2019-09-24 12:19:54,183 INFO  client.GrpcClientProtocolService (GrpcClientProtocolService.java:lambda$processClientRequest$0(278)) - Failed RaftClientRequest:client-2265A94AA220->localhost_10000@group-03E665A0CE68, cid=42, seq=0, RW, Message:321f0a0f0a0d74657374...(size=33), reply=RaftClientReply:client-2265A94AA220->localhost_10000@group-03E665A0CE68, cid=42, FAILED org.apache.ratis.protocol.LeaderNotReadyException: localhost_10000@group-03E665A0CE68 is in LEADER state but not ready yet., logIndex=0, commits[localhost_10000:c-1, localhost_10002:c-1, localhost_10001:c-1]
2019-09-24 12:19:54,183 INFO  client.GrpcClientProtocolService (GrpcClientProtocolService.java:lambda$processClientRequest$0(278)) - Failed RaftClientRequest:client-2265A94AA220->localhost_10000@group-03E665A0CE68, cid=42, seq=0, RW, Message:321f0a0f0a0d74657374...(size=33), reply=RaftClientReply:client-2265A94AA220->localhost_10000@group-03E665A0CE68, cid=42, FAILED org.apache.ratis.protocol.LeaderNotReadyException: localhost_10000@group-03E665A0CE68 is in LEADER state but not ready yet., logIndex=0, commits[localhost_10000:c-1, localhost_10002:c-1, localhost_10001:c-1]
2019-09-24 12:19:54,184 INFO  client.GrpcClientProtocolService (GrpcClientProtocolService.java:lambda$processClientRequest$0(278)) - Failed RaftClientRequest:client-2265A94AA220->localhost_10000@group-03E665A0CE68, cid=42, seq=0, RW, Message:321f0a0f0a0d74657374...(size=33), reply=RaftClientReply:client-2265A94AA220->localhost_10000@group-03E665A0CE68, cid=42, FAILED org.apache.ratis.protocol.LeaderNotReadyException: localhost_10000@group-03E665A0CE68 is in LEADER state but not ready yet., logIndex=0, commits[localhost_10000:c-1, localhost_10002:c-1, localhost_10001:c-1]
2019-09-24 12:19:54,185 INFO  client.GrpcClientProtocolService (GrpcClientProtocolService.java:lambda$processClientRequest$0(278)) - Failed RaftClientRequest:client-2265A94AA220->localhost_10000@group-03E665A0CE68, cid=42, seq=0, RW, Message:321f0a0f0a0d74657374...(size=33), reply=RaftClientReply:client-2265A94AA220->localhost_10000@group-03E665A0CE68, cid=42, FAILED org.apache.ratis.protocol.LeaderNotReadyException: localhost_10000@group-03E665A0CE68 is in LEADER state but not ready yet., logIndex=0, commits[localhost_10000:c-1, localhost_10002:c-1, localhost_10001:c-1]
2019-09-24 12:19:54,186 INFO  client.GrpcClientProtocolService (GrpcClientProtocolService.java:lambda$processClientRequest$0(278)) - Failed RaftClientRequest:client-2265A94AA220->localhost_10000@group-03E665A0CE68, cid=42, seq=0, RW, Message:321f0a0f0a0d74657374...(size=33), reply=RaftClientReply:client-2265A94AA220->localhost_10000@group-03E665A0CE68, cid=42, FAILED org.apache.ratis.protocol.LeaderNotReadyException: localhost_10000@group-03E665A0CE68 is in LEADER state but not ready yet., logIndex=0, commits[localhost_10000:c-1, localhost_10002:c-1, localhost_10001:c-1]
2019-09-24 12:19:54,187 INFO  client.GrpcClientProtocolService (GrpcClientProtocolService.java:lambda$processClientRequest$0(278)) - Failed RaftClientRequest:client-2265A94AA220->localhost_10000@group-03E665A0CE68, cid=42, seq=0, RW, Message:321f0a0f0a0d74657374...(size=33), reply=RaftClientReply:client-2265A94AA220->localhost_10000@group-03E665A0CE68, cid=42, FAILED org.apache.ratis.protocol.LeaderNotReadyException: localhost_10000@group-03E665A0CE68 is in LEADER state but not ready yet., logIndex=0, commits[localhost_10000:c-1, localhost_10002:c-1, localhost_10001:c-1]
2019-09-24 12:19:54,187 INFO  client.GrpcClientProtocolService (GrpcClientProtocolService.java:lambda$processClientRequest$0(278)) - Failed RaftClientRequest:client-2265A94AA220->localhost_10000@group-03E665A0CE68, cid=42, seq=0, RW, Message:321f0a0f0a0d74657374...(size=33), reply=RaftClientReply:client-2265A94AA220->localhost_10000@group-03E665A0CE68, cid=42, FAILED org.apache.ratis.protocol.LeaderNotReadyException: localhost_10000@group-03E665A0CE68 is in LEADER state but not ready yet., logIndex=0, commits[localhost_10000:c-1, localhost_10002:c-1, localhost_10001:c-1]
2019-09-24 12:19:54,188 INFO  client.GrpcClientProtocolService (GrpcClientProtocolService.java:lambda$processClientRequest$0(278)) - Failed RaftClientRequest:client-2265A94AA220->localhost_10000@group-03E665A0CE68, cid=42, seq=0, RW, Message:321f0a0f0a0d74657374...(size=33), reply=RaftClientReply:client-2265A94AA220->localhost_10000@group-03E665A0CE68, cid=42, FAILED org.apache.ratis.protocol.LeaderNotReadyException: localhost_10000@group-03E665A0CE68 is in LEADER state but not ready yet., logIndex=0, commits[localhost_10000:c-1, localhost_10002:c-1, localhost_10001:c-1]
2019-09-24 12:19:54,189 INFO  client.GrpcClientProtocolService (GrpcClientProtocolService.java:lambda$processClientRequest$0(278)) - Failed RaftClientRequest:client-2265A94AA220->localhost_10000@group-03E665A0CE68, cid=42, seq=0, RW, Message:321f0a0f0a0d74657374...(size=33), reply=RaftClientReply:client-2265A94AA220->localhost_10000@group-03E665A0CE68, cid=42, FAILED org.apache.ratis.protocol.LeaderNotReadyException: localhost_10000@group-03E665A0CE68 is in LEADER state but not ready yet., logIndex=0, commits[localhost_10000:c-1, localhost_10002:c-1, localhost_10001:c-1]
2019-09-24 12:19:54,190 INFO  client.GrpcClientProtocolService (GrpcClientProtocolService.java:lambda$processClientRequest$0(278)) - Failed RaftClientRequest:client-2265A94AA220->localhost_10000@group-03E665A0CE68, cid=42, seq=0, RW, Message:321f0a0f0a0d74657374...(size=33), reply=RaftClientReply:client-2265A94AA220->localhost_10000@group-03E665A0CE68, cid=42, FAILED org.apache.ratis.protocol.LeaderNotReadyException: localhost_10000@group-03E665A0CE68 is in LEADER state but not ready yet., logIndex=0, commits[localhost_10000:c-1, localhost_10002:c-1, localhost_10001:c-1]
2019-09-24 12:19:54,190 INFO  client.GrpcClientProtocolService (GrpcClientProtocolService.java:lambda$processClientRequest$0(278)) - Failed RaftClientRequest:client-2265A94AA220->localhost_10000@group-03E665A0CE68, cid=42, seq=0, RW, Message:321f0a0f0a0d74657374...(size=33), reply=RaftClientReply:client-2265A94AA220->localhost_10000@group-03E665A0CE68, cid=42, FAILED org.apache.ratis.protocol.LeaderNotReadyException: localhost_10000@group-03E665A0CE68 is in LEADER state but not ready yet., logIndex=0, commits[localhost_10000:c-1, localhost_10002:c-1, localhost_10001:c-1]
2019-09-24 12:19:54,191 INFO  client.GrpcClientProtocolService (GrpcClientProtocolService.java:lambda$processClientRequest$0(278)) - Failed RaftClientRequest:client-2265A94AA220->localhost_10000@group-03E665A0CE68, cid=42, seq=0, RW, Message:321f0a0f0a0d74657374...(size=33), reply=RaftClientReply:client-2265A94AA220->localhost_10000@group-03E665A0CE68, cid=42, FAILED org.apache.ratis.protocol.LeaderNotReadyException: localhost_10000@group-03E665A0CE68 is in LEADER state but not ready yet., logIndex=0, commits[localhost_10000:c-1, localhost_10002:c-1, localhost_10001:c-1]
2019-09-24 12:19:54,192 INFO  client.GrpcClientProtocolService (GrpcClientProtocolService.java:lambda$processClientRequest$0(278)) - Failed RaftClientRequest:client-2265A94AA220->localhost_10000@group-03E665A0CE68, cid=42, seq=0, RW, Message:321f0a0f0a0d74657374...(size=33), reply=RaftClientReply:client-2265A94AA220->localhost_10000@group-03E665A0CE68, cid=42, FAILED org.apache.ratis.protocol.LeaderNotReadyException: localhost_10000@group-03E665A0CE68 is in LEADER state but not ready yet., logIndex=0, commits[localhost_10000:c-1, localhost_10002:c-1, localhost_10001:c-1]
2019-09-24 12:19:54,193 INFO  client.GrpcClientProtocolService (GrpcClientProtocolService.java:lambda$processClientRequest$0(278)) - Failed RaftClientRequest:client-2265A94AA220->localhost_10000@group-03E665A0CE68, cid=42, seq=0, RW, Message:321f0a0f0a0d74657374...(size=33), reply=RaftClientReply:client-2265A94AA220->localhost_10000@group-03E665A0CE68, cid=42, FAILED org.apache.ratis.protocol.LeaderNotReadyException: localhost_10000@group-03E665A0CE68 is in LEADER state but not ready yet., logIndex=0, commits[localhost_10000:c-1, localhost_10002:c-1, localhost_10001:c-1]
2019-09-24 12:19:54,194 INFO  client.GrpcClientProtocolService (GrpcClientProtocolService.java:lambda$processClientRequest$0(278)) - Failed RaftClientRequest:client-2265A94AA220->localhost_10000@group-03E665A0CE68, cid=42, seq=0, RW, Message:321f0a0f0a0d74657374...(size=33), reply=RaftClientReply:client-2265A94AA220->localhost_10000@group-03E665A0CE68, cid=42, FAILED org.apache.ratis.protocol.LeaderNotReadyException: localhost_10000@group-03E665A0CE68 is in LEADER state but not ready yet., logIndex=0, commits[localhost_10000:c-1, localhost_10002:c-1, localhost_10001:c-1]
2019-09-24 12:19:54,194 INFO  client.GrpcClientProtocolService (GrpcClientProtocolService.java:lambda$processClientRequest$0(278)) - Failed RaftClientRequest:client-2265A94AA220->localhost_10000@group-03E665A0CE68, cid=42, seq=0, RW, Message:321f0a0f0a0d74657374...(size=33), reply=RaftClientReply:client-2265A94AA220->localhost_10000@group-03E665A0CE68, cid=42, FAILED org.apache.ratis.protocol.LeaderNotReadyException: localhost_10000@group-03E665A0CE68 is in LEADER state but not ready yet., logIndex=0, commits[localhost_10000:c-1, localhost_10002:c-1, localhost_10001:c-1]
2019-09-24 12:19:54,195 INFO  client.GrpcClientProtocolService (GrpcClientProtocolService.java:lambda$processClientRequest$0(278)) - Failed RaftClientRequest:client-2265A94AA220->localhost_10000@group-03E665A0CE68, cid=42, seq=0, RW, Message:321f0a0f0a0d74657374...(size=33), reply=RaftClientReply:client-2265A94AA220->localhost_10000@group-03E665A0CE68, cid=42, FAILED org.apache.ratis.protocol.LeaderNotReadyException: localhost_10000@group-03E665A0CE68 is in LEADER state but not ready yet., logIndex=0, commits[localhost_10000:c-1, localhost_10002:c-1, localhost_10001:c-1]
2019-09-24 12:19:54,196 INFO  client.GrpcClientProtocolService (GrpcClientProtocolService.java:lambda$processClientRequest$0(278)) - Failed RaftClientRequest:client-2265A94AA220->localhost_10000@group-03E665A0CE68, cid=42, seq=0, RW, Message:321f0a0f0a0d74657374...(size=33), reply=RaftClientReply:client-2265A94AA220->localhost_10000@group-03E665A0CE68, cid=42, FAILED org.apache.ratis.protocol.LeaderNotReadyException: localhost_10000@group-03E665A0CE68 is in LEADER state but not ready yet., logIndex=0, commits[localhost_10000:c-1, localhost_10002:c-1, localhost_10001:c-1]
2019-09-24 12:19:54,197 INFO  client.GrpcClientProtocolService (GrpcClientProtocolService.java:lambda$processClientRequest$0(278)) - Failed RaftClientRequest:client-2265A94AA220->localhost_10000@group-03E665A0CE68, cid=42, seq=0, RW, Message:321f0a0f0a0d74657374...(size=33), reply=RaftClientReply:client-2265A94AA220->localhost_10000@group-03E665A0CE68, cid=42, FAILED org.apache.ratis.protocol.LeaderNotReadyException: localhost_10000@group-03E665A0CE68 is in LEADER state but not ready yet., logIndex=0, commits[localhost_10000:c-1, localhost_10002:c-1, localhost_10001:c-1]
2019-09-24 12:19:54,197 INFO  client.GrpcClientProtocolService (GrpcClientProtocolService.java:lambda$processClientRequest$0(278)) - Failed RaftClientRequest:client-2265A94AA220->localhost_10000@group-03E665A0CE68, cid=42, seq=0, RW, Message:321f0a0f0a0d74657374...(size=33), reply=RaftClientReply:client-2265A94AA220->localhost_10000@group-03E665A0CE68, cid=42, FAILED org.apache.ratis.protocol.LeaderNotReadyException: localhost_10000@group-03E665A0CE68 is in LEADER state but not ready yet., logIndex=0, commits[localhost_10000:c-1, localhost_10002:c-1, localhost_10001:c-1]
2019-09-24 12:19:54,198 INFO  client.GrpcClientProtocolService (GrpcClientProtocolService.java:lambda$processClientRequest$0(278)) - Failed RaftClientRequest:client-2265A94AA220->localhost_10000@group-03E665A0CE68, cid=42, seq=0, RW, Message:321f0a0f0a0d74657374...(size=33), reply=RaftClientReply:client-2265A94AA220->localhost_10000@group-03E665A0CE68, cid=42, FAILED org.apache.ratis.protocol.LeaderNotReadyException: localhost_10000@group-03E665A0CE68 is in LEADER state but not ready yet., logIndex=0, commits[localhost_10000:c-1, localhost_10002:c-1, localhost_10001:c-1]
2019-09-24 12:19:54,199 INFO  client.GrpcClientProtocolService (GrpcClientProtocolService.java:lambda$processClientRequest$0(278)) - Failed RaftClientRequest:client-2265A94AA220->localhost_10000@group-03E665A0CE68, cid=42, seq=0, RW, Message:321f0a0f0a0d74657374...(size=33), reply=RaftClientReply:client-2265A94AA220->localhost_10000@group-03E665A0CE68, cid=42, FAILED org.apache.ratis.protocol.LeaderNotReadyException: localhost_10000@group-03E665A0CE68 is in LEADER state but not ready yet., logIndex=0, commits[localhost_10000:c-1, localhost_10002:c-1, localhost_10001:c-1]
2019-09-24 12:19:54,200 INFO  client.GrpcClientProtocolService (GrpcClientProtocolService.java:lambda$processClientRequest$0(278)) - Failed RaftClientRequest:client-2265A94AA220->localhost_10000@group-03E665A0CE68, cid=42, seq=0, RW, Message:321f0a0f0a0d74657374...(size=33), reply=RaftClientReply:client-2265A94AA220->localhost_10000@group-03E665A0CE68, cid=42, FAILED org.apache.ratis.protocol.LeaderNotReadyException: localhost_10000@group-03E665A0CE68 is in LEADER state but not ready yet., logIndex=0, commits[localhost_10000:c-1, localhost_10002:c-1, localhost_10001:c-1]
2019-09-24 12:19:54,201 INFO  client.GrpcClientProtocolService (GrpcClientProtocolService.java:lambda$processClientRequest$0(278)) - Failed RaftClientRequest:client-2265A94AA220->localhost_10000@group-03E665A0CE68, cid=42, seq=0, RW, Message:321f0a0f0a0d74657374...(size=33), reply=RaftClientReply:client-2265A94AA220->localhost_10000@group-03E665A0CE68, cid=42, FAILED org.apache.ratis.protocol.LeaderNotReadyException: localhost_10000@group-03E665A0CE68 is in LEADER state but not ready yet., logIndex=0, commits[localhost_10000:c-1, localhost_10002:c-1, localhost_10001:c-1]
2019-09-24 12:19:54,202 INFO  client.GrpcClientProtocolService (GrpcClientProtocolService.java:lambda$processClientRequest$0(278)) - Failed RaftClientRequest:client-2265A94AA220->localhost_10000@group-03E665A0CE68, cid=42, seq=0, RW, Message:321f0a0f0a0d74657374...(size=33), reply=RaftClientReply:client-2265A94AA220->localhost_10000@group-03E665A0CE68, cid=42, FAILED org.apache.ratis.protocol.LeaderNotReadyException: localhost_10000@group-03E665A0CE68 is in LEADER state but not ready yet., logIndex=0, commits[localhost_10000:c-1, localhost_10002:c-1, localhost_10001:c-1]
2019-09-24 12:19:54,202 INFO  client.GrpcClientProtocolService (GrpcClientProtocolService.java:lambda$processClientRequest$0(278)) - Failed RaftClientRequest:client-2265A94AA220->localhost_10000@group-03E665A0CE68, cid=42, seq=0, RW, Message:321f0a0f0a0d74657374...(size=33), reply=RaftClientReply:client-2265A94AA220->localhost_10000@group-03E665A0CE68, cid=42, FAILED org.apache.ratis.protocol.LeaderNotReadyException: localhost_10000@group-03E665A0CE68 is in LEADER state but not ready yet., logIndex=0, commits[localhost_10000:c-1, localhost_10002:c-1, localhost_10001:c-1]
2019-09-24 12:19:54,203 INFO  client.GrpcClientProtocolService (GrpcClientProtocolService.java:lambda$processClientRequest$0(278)) - Failed RaftClientRequest:client-2265A94AA220->localhost_10000@group-03E665A0CE68, cid=42, seq=0, RW, Message:321f0a0f0a0d74657374...(size=33), reply=RaftClientReply:client-2265A94AA220->localhost_10000@group-03E665A0CE68, cid=42, FAILED org.apache.ratis.protocol.LeaderNotReadyException: localhost_10000@group-03E665A0CE68 is in LEADER state but not ready yet., logIndex=0, commits[localhost_10000:c-1, localhost_10002:c-1, localhost_10001:c-1]
2019-09-24 12:19:54,204 INFO  client.GrpcClientProtocolService (GrpcClientProtocolService.java:lambda$processClientRequest$0(278)) - Failed RaftClientRequest:client-2265A94AA220->localhost_10000@group-03E665A0CE68, cid=42, seq=0, RW, Message:321f0a0f0a0d74657374...(size=33), reply=RaftClientReply:client-2265A94AA220->localhost_10000@group-03E665A0CE68, cid=42, FAILED org.apache.ratis.protocol.LeaderNotReadyException: localhost_10000@group-03E665A0CE68 is in LEADER state but not ready yet., logIndex=0, commits[localhost_10000:c-1, localhost_10002:c-1, localhost_10001:c-1]
2019-09-24 12:19:54,205 INFO  client.GrpcClientProtocolService (GrpcClientProtocolService.java:lambda$processClientRequest$0(278)) - Failed RaftClientRequest:client-2265A94AA220->localhost_10000@group-03E665A0CE68, cid=42, seq=0, RW, Message:321f0a0f0a0d74657374...(size=33), reply=RaftClientReply:client-2265A94AA220->localhost_10000@group-03E665A0CE68, cid=42, FAILED org.apache.ratis.protocol.LeaderNotReadyException: localhost_10000@group-03E665A0CE68 is in LEADER state but not ready yet., logIndex=0, commits[localhost_10000:c-1, localhost_10002:c-1, localhost_10001:c-1]
2019-09-24 12:19:54,206 INFO  client.GrpcClientProtocolService (GrpcClientProtocolService.java:lambda$processClientRequest$0(278)) - Failed RaftClientRequest:client-2265A94AA220->localhost_10000@group-03E665A0CE68, cid=42, seq=0, RW, Message:321f0a0f0a0d74657374...(size=33), reply=RaftClientReply:client-2265A94AA220->localhost_10000@group-03E665A0CE68, cid=42, FAILED org.apache.ratis.protocol.LeaderNotReadyException: localhost_10000@group-03E665A0CE68 is in LEADER state but not ready yet., logIndex=0, commits[localhost_10000:c-1, localhost_10002:c-1, localhost_10001:c-1]
2019-09-24 12:19:54,206 INFO  client.GrpcClientProtocolService (GrpcClientProtocolService.java:lambda$processClientRequest$0(278)) - Failed RaftClientRequest:client-2265A94AA220->localhost_10000@group-03E665A0CE68, cid=42, seq=0, RW, Message:321f0a0f0a0d74657374...(size=33), reply=RaftClientReply:client-2265A94AA220->localhost_10000@group-03E665A0CE68, cid=42, FAILED org.apache.ratis.protocol.LeaderNotReadyException: localhost_10000@group-03E665A0CE68 is in LEADER state but not ready yet., logIndex=0, commits[localhost_10000:c-1, localhost_10002:c-1, localhost_10001:c-1]
2019-09-24 12:19:54,207 INFO  client.GrpcClientProtocolService (GrpcClientProtocolService.java:lambda$processClientRequest$0(278)) - Failed RaftClientRequest:client-2265A94AA220->localhost_10000@group-03E665A0CE68, cid=42, seq=0, RW, Message:321f0a0f0a0d74657374...(size=33), reply=RaftClientReply:client-2265A94AA220->localhost_10000@group-03E665A0CE68, cid=42, FAILED org.apache.ratis.protocol.LeaderNotReadyException: localhost_10000@group-03E665A0CE68 is in LEADER state but not ready yet., logIndex=0, commits[localhost_10000:c-1, localhost_10002:c-1, localhost_10001:c-1]
2019-09-24 12:19:54,208 INFO  client.GrpcClientProtocolService (GrpcClientProtocolService.java:lambda$processClientRequest$0(278)) - Failed RaftClientRequest:client-2265A94AA220->localhost_10000@group-03E665A0CE68, cid=42, seq=0, RW, Message:321f0a0f0a0d74657374...(size=33), reply=RaftClientReply:client-2265A94AA220->localhost_10000@group-03E665A0CE68, cid=42, FAILED org.apache.ratis.protocol.LeaderNotReadyException: localhost_10000@group-03E665A0CE68 is in LEADER state but not ready yet., logIndex=0, commits[localhost_10000:c-1, localhost_10002:c-1, localhost_10001:c-1]
2019-09-24 12:19:54,209 INFO  client.GrpcClientProtocolService (GrpcClientProtocolService.java:lambda$processClientRequest$0(278)) - Failed RaftClientRequest:client-2265A94AA220->localhost_10000@group-03E665A0CE68, cid=42, seq=0, RW, Message:321f0a0f0a0d74657374...(size=33), reply=RaftClientReply:client-2265A94AA220->localhost_10000@group-03E665A0CE68, cid=42, FAILED org.apache.ratis.protocol.LeaderNotReadyException: localhost_10000@group-03E665A0CE68 is in LEADER state but not ready yet., logIndex=0, commits[localhost_10000:c-1, localhost_10002:c-1, localhost_10001:c-1]
2019-09-24 12:19:54,210 INFO  client.GrpcClientProtocolService (GrpcClientProtocolService.java:lambda$processClientRequest$0(278)) - Failed RaftClientRequest:client-2265A94AA220->localhost_10000@group-03E665A0CE68, cid=42, seq=0, RW, Message:321f0a0f0a0d74657374...(size=33), reply=RaftClientReply:client-2265A94AA220->localhost_10000@group-03E665A0CE68, cid=42, FAILED org.apache.ratis.protocol.LeaderNotReadyException: localhost_10000@group-03E665A0CE68 is in LEADER state but not ready yet., logIndex=0, commits[localhost_10000:c-1, localhost_10002:c-1, localhost_10001:c-1]
2019-09-24 12:19:54,210 INFO  client.GrpcClientProtocolService (GrpcClientProtocolService.java:lambda$processClientRequest$0(278)) - Failed RaftClientRequest:client-2265A94AA220->localhost_10000@group-03E665A0CE68, cid=42, seq=0, RW, Message:321f0a0f0a0d74657374...(size=33), reply=RaftClientReply:client-2265A94AA220->localhost_10000@group-03E665A0CE68, cid=42, FAILED org.apache.ratis.protocol.LeaderNotReadyException: localhost_10000@group-03E665A0CE68 is in LEADER state but not ready yet., logIndex=0, commits[localhost_10000:c-1, localhost_10002:c-1, localhost_10001:c-1]
2019-09-24 12:19:54,211 INFO  client.GrpcClientProtocolService (GrpcClientProtocolService.java:lambda$processClientRequest$0(278)) - Failed RaftClientRequest:client-2265A94AA220->localhost_10000@group-03E665A0CE68, cid=42, seq=0, RW, Message:321f0a0f0a0d74657374...(size=33), reply=RaftClientReply:client-2265A94AA220->localhost_10000@group-03E665A0CE68, cid=42, FAILED org.apache.ratis.protocol.LeaderNotReadyException: localhost_10000@group-03E665A0CE68 is in LEADER state but not ready yet., logIndex=0, commits[localhost_10000:c-1, localhost_10002:c-1, localhost_10001:c-1]
2019-09-24 12:19:54,212 INFO  client.GrpcClientProtocolService (GrpcClientProtocolService.java:lambda$processClientRequest$0(278)) - Failed RaftClientRequest:client-2265A94AA220->localhost_10000@group-03E665A0CE68, cid=42, seq=0, RW, Message:321f0a0f0a0d74657374...(size=33), reply=RaftClientReply:client-2265A94AA220->localhost_10000@group-03E665A0CE68, cid=42, FAILED org.apache.ratis.protocol.LeaderNotReadyException: localhost_10000@group-03E665A0CE68 is in LEADER state but not ready yet., logIndex=0, commits[localhost_10000:c-1, localhost_10002:c-1, localhost_10001:c-1]
2019-09-24 12:19:54,213 INFO  client.GrpcClientProtocolService (GrpcClientProtocolService.java:lambda$processClientRequest$0(278)) - Failed RaftClientRequest:client-2265A94AA220->localhost_10000@group-03E665A0CE68, cid=42, seq=0, RW, Message:321f0a0f0a0d74657374...(size=33), reply=RaftClientReply:client-2265A94AA220->localhost_10000@group-03E665A0CE68, cid=42, FAILED org.apache.ratis.protocol.LeaderNotReadyException: localhost_10000@group-03E665A0CE68 is in LEADER state but not ready yet., logIndex=0, commits[localhost_10000:c-1, localhost_10002:c-1, localhost_10001:c-1]
2019-09-24 12:19:54,213 INFO  client.GrpcClientProtocolService (GrpcClientProtocolService.java:lambda$processClientRequest$0(278)) - Failed RaftClientRequest:client-2265A94AA220->localhost_10000@group-03E665A0CE68, cid=42, seq=0, RW, Message:321f0a0f0a0d74657374...(size=33), reply=RaftClientReply:client-2265A94AA220->localhost_10000@group-03E665A0CE68, cid=42, FAILED org.apache.ratis.protocol.LeaderNotReadyException: localhost_10000@group-03E665A0CE68 is in LEADER state but not ready yet., logIndex=0, commits[localhost_10000:c-1, localhost_10002:c-1, localhost_10001:c-1]
2019-09-24 12:19:54,214 INFO  client.GrpcClientProtocolService (GrpcClientProtocolService.java:lambda$processClientRequest$0(278)) - Failed RaftClientRequest:client-2265A94AA220->localhost_10000@group-03E665A0CE68, cid=42, seq=0, RW, Message:321f0a0f0a0d74657374...(size=33), reply=RaftClientReply:client-2265A94AA220->localhost_10000@group-03E665A0CE68, cid=42, FAILED org.apache.ratis.protocol.LeaderNotReadyException: localhost_10000@group-03E665A0CE68 is in LEADER state but not ready yet., logIndex=0, commits[localhost_10000:c-1, localhost_10002:c-1, localhost_10001:c-1]
2019-09-24 12:19:54,215 INFO  client.GrpcClientProtocolService (GrpcClientProtocolService.java:lambda$processClientRequest$0(278)) - Failed RaftClientRequest:client-2265A94AA220->localhost_10000@group-03E665A0CE68, cid=42, seq=0, RW, Message:321f0a0f0a0d74657374...(size=33), reply=RaftClientReply:client-2265A94AA220->localhost_10000@group-03E665A0CE68, cid=42, FAILED org.apache.ratis.protocol.LeaderNotReadyException: localhost_10000@group-03E665A0CE68 is in LEADER state but not ready yet., logIndex=0, commits[localhost_10000:c-1, localhost_10002:c-1, localhost_10001:c-1]
2019-09-24 12:19:54,216 INFO  client.GrpcClientProtocolService (GrpcClientProtocolService.java:lambda$processClientRequest$0(278)) - Failed RaftClientRequest:client-2265A94AA220->localhost_10000@group-03E665A0CE68, cid=42, seq=0, RW, Message:321f0a0f0a0d74657374...(size=33), reply=RaftClientReply:client-2265A94AA220->localhost_10000@group-03E665A0CE68, cid=42, FAILED org.apache.ratis.protocol.LeaderNotReadyException: localhost_10000@group-03E665A0CE68 is in LEADER state but not ready yet., logIndex=0, commits[localhost_10000:c-1, localhost_10002:c-1, localhost_10001:c-1]
2019-09-24 12:19:54,217 INFO  client.GrpcClientProtocolService (GrpcClientProtocolService.java:lambda$processClientRequest$0(278)) - Failed RaftClientRequest:client-2265A94AA220->localhost_10000@group-03E665A0CE68, cid=42, seq=0, RW, Message:321f0a0f0a0d74657374...(size=33), reply=RaftClientReply:client-2265A94AA220->localhost_10000@group-03E665A0CE68, cid=42, FAILED org.apache.ratis.protocol.LeaderNotReadyException: localhost_10000@group-03E665A0CE68 is in LEADER state but not ready yet., logIndex=0, commits[localhost_10000:c-1, localhost_10002:c-1, localhost_10001:c-1]
2019-09-24 12:19:54,217 INFO  client.GrpcClientProtocolService (GrpcClientProtocolService.java:lambda$processClientRequest$0(278)) - Failed RaftClientRequest:client-2265A94AA220->localhost_10000@group-03E665A0CE68, cid=42, seq=0, RW, Message:321f0a0f0a0d74657374...(size=33), reply=RaftClientReply:client-2265A94AA220->localhost_10000@group-03E665A0CE68, cid=42, FAILED org.apache.ratis.protocol.LeaderNotReadyException: localhost_10000@group-03E665A0CE68 is in LEADER state but not ready yet., logIndex=0, commits[localhost_10000:c-1, localhost_10002:c-1, localhost_10001:c-1]
2019-09-24 12:19:54,218 INFO  client.GrpcClientProtocolService (GrpcClientProtocolService.java:lambda$processClientRequest$0(278)) - Failed RaftClientRequest:client-2265A94AA220->localhost_10000@group-03E665A0CE68, cid=42, seq=0, RW, Message:321f0a0f0a0d74657374...(size=33), reply=RaftClientReply:client-2265A94AA220->localhost_10000@group-03E665A0CE68, cid=42, FAILED org.apache.ratis.protocol.LeaderNotReadyException: localhost_10000@group-03E665A0CE68 is in LEADER state but not ready yet., logIndex=0, commits[localhost_10000:c-1, localhost_10002:c-1, localhost_10001:c-1]
2019-09-24 12:19:54,219 INFO  client.GrpcClientProtocolService (GrpcClientProtocolService.java:lambda$processClientRequest$0(278)) - Failed RaftClientRequest:client-2265A94AA220->localhost_10000@group-03E665A0CE68, cid=42, seq=0, RW, Message:321f0a0f0a0d74657374...(size=33), reply=RaftClientReply:client-2265A94AA220->localhost_10000@group-03E665A0CE68, cid=42, FAILED org.apache.ratis.protocol.LeaderNotReadyException: localhost_10000@group-03E665A0CE68 is in LEADER state but not ready yet., logIndex=0, commits[localhost_10000:c-1, localhost_10002:c-1, localhost_10001:c-1]
2019-09-24 12:19:54,220 INFO  client.GrpcClientProtocolService (GrpcClientProtocolService.java:lambda$processClientRequest$0(278)) - Failed RaftClientRequest:client-2265A94AA220->localhost_10000@group-03E665A0CE68, cid=42, seq=0, RW, Message:321f0a0f0a0d74657374...(size=33), reply=RaftClientReply:client-2265A94AA220->localhost_10000@group-03E665A0CE68, cid=42, FAILED org.apache.ratis.protocol.LeaderNotReadyException: localhost_10000@group-03E665A0CE68 is in LEADER state but not ready yet., logIndex=0, commits[localhost_10000:c-1, localhost_10002:c-1, localhost_10001:c-1]
2019-09-24 12:19:54,220 INFO  client.GrpcClientProtocolService (GrpcClientProtocolService.java:lambda$processClientRequest$0(278)) - Failed RaftClientRequest:client-2265A94AA220->localhost_10000@group-03E665A0CE68, cid=42, seq=0, RW, Message:321f0a0f0a0d74657374...(size=33), reply=RaftClientReply:client-2265A94AA220->localhost_10000@group-03E665A0CE68, cid=42, FAILED org.apache.ratis.protocol.LeaderNotReadyException: localhost_10000@group-03E665A0CE68 is in LEADER state but not ready yet., logIndex=0, commits[localhost_10000:c-1, localhost_10002:c-1, localhost_10001:c-1]
2019-09-24 12:19:54,221 INFO  client.GrpcClientProtocolService (GrpcClientProtocolService.java:lambda$processClientRequest$0(278)) - Failed RaftClientRequest:client-2265A94AA220->localhost_10000@group-03E665A0CE68, cid=42, seq=0, RW, Message:321f0a0f0a0d74657374...(size=33), reply=RaftClientReply:client-2265A94AA220->localhost_10000@group-03E665A0CE68, cid=42, FAILED org.apache.ratis.protocol.LeaderNotReadyException: localhost_10000@group-03E665A0CE68 is in LEADER state but not ready yet., logIndex=0, commits[localhost_10000:c-1, localhost_10002:c-1, localhost_10001:c-1]
2019-09-24 12:19:54,222 INFO  client.GrpcClientProtocolService (GrpcClientProtocolService.java:lambda$processClientRequest$0(278)) - Failed RaftClientRequest:client-2265A94AA220->localhost_10000@group-03E665A0CE68, cid=42, seq=0, RW, Message:321f0a0f0a0d74657374...(size=33), reply=RaftClientReply:client-2265A94AA220->localhost_10000@group-03E665A0CE68, cid=42, FAILED org.apache.ratis.protocol.LeaderNotReadyException: localhost_10000@group-03E665A0CE68 is in LEADER state but not ready yet., logIndex=0, commits[localhost_10000:c-1, localhost_10002:c-1, localhost_10001:c-1]
2019-09-24 12:19:54,223 INFO  client.GrpcClientProtocolService (GrpcClientProtocolService.java:lambda$processClientRequest$0(278)) - Failed RaftClientRequest:client-2265A94AA220->localhost_10000@group-03E665A0CE68, cid=42, seq=0, RW, Message:321f0a0f0a0d74657374...(size=33), reply=RaftClientReply:client-2265A94AA220->localhost_10000@group-03E665A0CE68, cid=42, FAILED org.apache.ratis.protocol.LeaderNotReadyException: localhost_10000@group-03E665A0CE68 is in LEADER state but not ready yet., logIndex=0, commits[localhost_10000:c-1, localhost_10002:c-1, localhost_10001:c-1]
2019-09-24 12:19:54,224 INFO  client.GrpcClientProtocolService (GrpcClientProtocolService.java:lambda$processClientRequest$0(278)) - Failed RaftClientRequest:client-2265A94AA220->localhost_10000@group-03E665A0CE68, cid=42, seq=0, RW, Message:321f0a0f0a0d74657374...(size=33), reply=RaftClientReply:client-2265A94AA220->localhost_10000@group-03E665A0CE68, cid=42, FAILED org.apache.ratis.protocol.LeaderNotReadyException: localhost_10000@group-03E665A0CE68 is in LEADER state but not ready yet., logIndex=0, commits[localhost_10000:c-1, localhost_10002:c-1, localhost_10001:c-1]
2019-09-24 12:19:54,224 INFO  client.GrpcClientProtocolService (GrpcClientProtocolService.java:lambda$processClientRequest$0(278)) - Failed RaftClientRequest:client-2265A94AA220->localhost_10000@group-03E665A0CE68, cid=42, seq=0, RW, Message:321f0a0f0a0d74657374...(size=33), reply=RaftClientReply:client-2265A94AA220->localhost_10000@group-03E665A0CE68, cid=42, FAILED org.apache.ratis.protocol.LeaderNotReadyException: localhost_10000@group-03E665A0CE68 is in LEADER state but not ready yet., logIndex=0, commits[localhost_10000:c-1, localhost_10002:c-1, localhost_10001:c-1]
2019-09-24 12:19:54,225 INFO  client.GrpcClientProtocolService (GrpcClientProtocolService.java:lambda$processClientRequest$0(278)) - Failed RaftClientRequest:client-2265A94AA220->localhost_10000@group-03E665A0CE68, cid=42, seq=0, RW, Message:321f0a0f0a0d74657374...(size=33), reply=RaftClientReply:client-2265A94AA220->localhost_10000@group-03E665A0CE68, cid=42, FAILED org.apache.ratis.protocol.LeaderNotReadyException: localhost_10000@group-03E665A0CE68 is in LEADER state but not ready yet., logIndex=0, commits[localhost_10000:c-1, localhost_10002:c-1, localhost_10001:c-1]
2019-09-24 12:19:54,226 INFO  client.GrpcClientProtocolService (GrpcClientProtocolService.java:lambda$processClientRequest$0(278)) - Failed RaftClientRequest:client-2265A94AA220->localhost_10000@group-03E665A0CE68, cid=42, seq=0, RW, Message:321f0a0f0a0d74657374...(size=33), reply=RaftClientReply:client-2265A94AA220->localhost_10000@group-03E665A0CE68, cid=42, FAILED org.apache.ratis.protocol.LeaderNotReadyException: localhost_10000@group-03E665A0CE68 is in LEADER state but not ready yet., logIndex=0, commits[localhost_10000:c-1, localhost_10002:c-1, localhost_10001:c-1]
2019-09-24 12:19:54,227 INFO  client.GrpcClientProtocolService (GrpcClientProtocolService.java:lambda$processClientRequest$0(278)) - Failed RaftClientRequest:client-2265A94AA220->localhost_10000@group-03E665A0CE68, cid=42, seq=0, RW, Message:321f0a0f0a0d74657374...(size=33), reply=RaftClientReply:client-2265A94AA220->localhost_10000@group-03E665A0CE68, cid=42, FAILED org.apache.ratis.protocol.LeaderNotReadyException: localhost_10000@group-03E665A0CE68 is in LEADER state but not ready yet., logIndex=0, commits[localhost_10000:c-1, localhost_10002:c-1, localhost_10001:c-1]
2019-09-24 12:19:54,228 INFO  client.GrpcClientProtocolService (GrpcClientProtocolService.java:lambda$processClientRequest$0(278)) - Failed RaftClientRequest:client-2265A94AA220->localhost_10000@group-03E665A0CE68, cid=42, seq=0, RW, Message:321f0a0f0a0d74657374...(size=33), reply=RaftClientReply:client-2265A94AA220->localhost_10000@group-03E665A0CE68, cid=42, FAILED org.apache.ratis.protocol.LeaderNotReadyException: localhost_10000@group-03E665A0CE68 is in LEADER state but not ready yet., logIndex=0, commits[localhost_10000:c-1, localhost_10002:c-1, localhost_10001:c-1]
2019-09-24 12:19:54,229 INFO  client.GrpcClientProtocolService (GrpcClientProtocolService.java:lambda$processClientRequest$0(278)) - Failed RaftClientRequest:client-2265A94AA220->localhost_10000@group-03E665A0CE68, cid=42, seq=0, RW, Message:321f0a0f0a0d74657374...(size=33), reply=RaftClientReply:client-2265A94AA220->localhost_10000@group-03E665A0CE68, cid=42, FAILED org.apache.ratis.protocol.LeaderNotReadyException: localhost_10000@group-03E665A0CE68 is in LEADER state but not ready yet., logIndex=0, commits[localhost_10000:c-1, localhost_10002:c-1, localhost_10001:c-1]
2019-09-24 12:19:54,229 INFO  client.GrpcClientProtocolService (GrpcClientProtocolService.java:lambda$processClientRequest$0(278)) - Failed RaftClientRequest:client-2265A94AA220->localhost_10000@group-03E665A0CE68, cid=42, seq=0, RW, Message:321f0a0f0a0d74657374...(size=33), reply=RaftClientReply:client-2265A94AA220->localhost_10000@group-03E665A0CE68, cid=42, FAILED org.apache.ratis.protocol.LeaderNotReadyException: localhost_10000@group-03E665A0CE68 is in LEADER state but not ready yet., logIndex=0, commits[localhost_10000:c-1, localhost_10002:c-1, localhost_10001:c-1]
2019-09-24 12:19:54,230 INFO  client.GrpcClientProtocolService (GrpcClientProtocolService.java:lambda$processClientRequest$0(278)) - Failed RaftClientRequest:client-2265A94AA220->localhost_10000@group-03E665A0CE68, cid=42, seq=0, RW, Message:321f0a0f0a0d74657374...(size=33), reply=RaftClientReply:client-2265A94AA220->localhost_10000@group-03E665A0CE68, cid=42, FAILED org.apache.ratis.protocol.LeaderNotReadyException: localhost_10000@group-03E665A0CE68 is in LEADER state but not ready yet., logIndex=0, commits[localhost_10000:c-1, localhost_10002:c-1, localhost_10001:c-1]
2019-09-24 12:19:54,231 INFO  client.GrpcClientProtocolService (GrpcClientProtocolService.java:lambda$processClientRequest$0(278)) - Failed RaftClientRequest:client-2265A94AA220->localhost_10000@group-03E665A0CE68, cid=42, seq=0, RW, Message:321f0a0f0a0d74657374...(size=33), reply=RaftClientReply:client-2265A94AA220->localhost_10000@group-03E665A0CE68, cid=42, FAILED org.apache.ratis.protocol.LeaderNotReadyException: localhost_10000@group-03E665A0CE68 is in LEADER state but not ready yet., logIndex=0, commits[localhost_10000:c-1, localhost_10002:c-1, localhost_10001:c-1]
2019-09-24 12:19:54,232 INFO  client.GrpcClientProtocolService (GrpcClientProtocolService.java:lambda$processClientRequest$0(278)) - Failed RaftClientRequest:client-2265A94AA220->localhost_10000@group-03E665A0CE68, cid=42, seq=0, RW, Message:321f0a0f0a0d74657374...(size=33), reply=RaftClientReply:client-2265A94AA220->localhost_10000@group-03E665A0CE68, cid=42, FAILED org.apache.ratis.protocol.LeaderNotReadyException: localhost_10000@group-03E665A0CE68 is in LEADER state but not ready yet., logIndex=0, commits[localhost_10000:c-1, localhost_10002:c-1, localhost_10001:c-1]
2019-09-24 12:19:54,233 INFO  client.GrpcClientProtocolService (GrpcClientProtocolService.java:lambda$processClientRequest$0(278)) - Failed RaftClientRequest:client-2265A94AA220->localhost_10000@group-03E665A0CE68, cid=42, seq=0, RW, Message:321f0a0f0a0d74657374...(size=33), reply=RaftClientReply:client-2265A94AA220->localhost_10000@group-03E665A0CE68, cid=42, FAILED org.apache.ratis.protocol.LeaderNotReadyException: localhost_10000@group-03E665A0CE68 is in LEADER state but not ready yet., logIndex=0, commits[localhost_10000:c-1, localhost_10002:c-1, localhost_10001:c-1]
2019-09-24 12:19:54,234 INFO  client.GrpcClientProtocolService (GrpcClientProtocolService.java:lambda$processClientRequest$0(278)) - Failed RaftClientRequest:client-2265A94AA220->localhost_10000@group-03E665A0CE68, cid=42, seq=0, RW, Message:321f0a0f0a0d74657374...(size=33), reply=RaftClientReply:client-2265A94AA220->localhost_10000@group-03E665A0CE68, cid=42, FAILED org.apache.ratis.protocol.LeaderNotReadyException: localhost_10000@group-03E665A0CE68 is in LEADER state but not ready yet., logIndex=0, commits[localhost_10000:c-1, localhost_10002:c-1, localhost_10001:c-1]
2019-09-24 12:19:54,235 INFO  client.GrpcClientProtocolService (GrpcClientProtocolService.java:lambda$processClientRequest$0(278)) - Failed RaftClientRequest:client-2265A94AA220->localhost_10000@group-03E665A0CE68, cid=42, seq=0, RW, Message:321f0a0f0a0d74657374...(size=33), reply=RaftClientReply:client-2265A94AA220->localhost_10000@group-03E665A0CE68, cid=42, FAILED org.apache.ratis.protocol.LeaderNotReadyException: localhost_10000@group-03E665A0CE68 is in LEADER state but not ready yet., logIndex=0, commits[localhost_10000:c-1, localhost_10002:c-1, localhost_10001:c-1]
2019-09-24 12:19:54,236 INFO  client.GrpcClientProtocolService (GrpcClientProtocolService.java:lambda$processClientRequest$0(278)) - Failed RaftClientRequest:client-2265A94AA220->localhost_10000@group-03E665A0CE68, cid=42, seq=0, RW, Message:321f0a0f0a0d74657374...(size=33), reply=RaftClientReply:client-2265A94AA220->localhost_10000@group-03E665A0CE68, cid=42, FAILED org.apache.ratis.protocol.LeaderNotReadyException: localhost_10000@group-03E665A0CE68 is in LEADER state but not ready yet., logIndex=0, commits[localhost_10000:c-1, localhost_10002:c-1, localhost_10001:c-1]
2019-09-24 12:19:54,236 INFO  client.GrpcClientProtocolService (GrpcClientProtocolService.java:lambda$processClientRequest$0(278)) - Failed RaftClientRequest:client-2265A94AA220->localhost_10000@group-03E665A0CE68, cid=42, seq=0, RW, Message:321f0a0f0a0d74657374...(size=33), reply=RaftClientReply:client-2265A94AA220->localhost_10000@group-03E665A0CE68, cid=42, FAILED org.apache.ratis.protocol.LeaderNotReadyException: localhost_10000@group-03E665A0CE68 is in LEADER state but not ready yet., logIndex=0, commits[localhost_10000:c-1, localhost_10002:c-1, localhost_10001:c-1]
2019-09-24 12:19:54,237 INFO  client.GrpcClientProtocolService (GrpcClientProtocolService.java:lambda$processClientRequest$0(278)) - Failed RaftClientRequest:client-2265A94AA220->localhost_10000@group-03E665A0CE68, cid=42, seq=0, RW, Message:321f0a0f0a0d74657374...(size=33), reply=RaftClientReply:client-2265A94AA220->localhost_10000@group-03E665A0CE68, cid=42, FAILED org.apache.ratis.protocol.LeaderNotReadyException: localhost_10000@group-03E665A0CE68 is in LEADER state but not ready yet., logIndex=0, commits[localhost_10000:c-1, localhost_10002:c-1, localhost_10001:c-1]
2019-09-24 12:19:54,238 INFO  client.GrpcClientProtocolService (GrpcClientProtocolService.java:lambda$processClientRequest$0(278)) - Failed RaftClientRequest:client-2265A94AA220->localhost_10000@group-03E665A0CE68, cid=42, seq=0, RW, Message:321f0a0f0a0d74657374...(size=33), reply=RaftClientReply:client-2265A94AA220->localhost_10000@group-03E665A0CE68, cid=42, FAILED org.apache.ratis.protocol.LeaderNotReadyException: localhost_10000@group-03E665A0CE68 is in LEADER state but not ready yet., logIndex=0, commits[localhost_10000:c-1, localhost_10002:c-1, localhost_10001:c-1]
2019-09-24 12:19:54,239 INFO  client.GrpcClientProtocolService (GrpcClientProtocolService.java:lambda$processClientRequest$0(278)) - Failed RaftClientRequest:client-2265A94AA220->localhost_10000@group-03E665A0CE68, cid=42, seq=0, RW, Message:321f0a0f0a0d74657374...(size=33), reply=RaftClientReply:client-2265A94AA220->localhost_10000@group-03E665A0CE68, cid=42, FAILED org.apache.ratis.protocol.LeaderNotReadyException: localhost_10000@group-03E665A0CE68 is in LEADER state but not ready yet., logIndex=0, commits[localhost_10000:c-1, localhost_10002:c-1, localhost_10001:c-1]
2019-09-24 12:19:54,240 INFO  client.GrpcClientProtocolService (GrpcClientProtocolService.java:lambda$processClientRequest$0(278)) - Failed RaftClientRequest:client-2265A94AA220->localhost_10000@group-03E665A0CE68, cid=42, seq=0, RW, Message:321f0a0f0a0d74657374...(size=33), reply=RaftClientReply:client-2265A94AA220->localhost_10000@group-03E665A0CE68, cid=42, FAILED org.apache.ratis.protocol.LeaderNotReadyException: localhost_10000@group-03E665A0CE68 is in LEADER state but not ready yet., logIndex=0, commits[localhost_10000:c-1, localhost_10002:c-1, localhost_10001:c-1]
2019-09-24 12:19:54,240 INFO  client.GrpcClientProtocolService (GrpcClientProtocolService.java:lambda$processClientRequest$0(278)) - Failed RaftClientRequest:client-2265A94AA220->localhost_10000@group-03E665A0CE68, cid=42, seq=0, RW, Message:321f0a0f0a0d74657374...(size=33), reply=RaftClientReply:client-2265A94AA220->localhost_10000@group-03E665A0CE68, cid=42, FAILED org.apache.ratis.protocol.LeaderNotReadyException: localhost_10000@group-03E665A0CE68 is in LEADER state but not ready yet., logIndex=0, commits[localhost_10000:c-1, localhost_10002:c-1, localhost_10001:c-1]
2019-09-24 12:19:54,241 INFO  client.GrpcClientProtocolService (GrpcClientProtocolService.java:lambda$processClientRequest$0(278)) - Failed RaftClientRequest:client-2265A94AA220->localhost_10000@group-03E665A0CE68, cid=42, seq=0, RW, Message:321f0a0f0a0d74657374...(size=33), reply=RaftClientReply:client-2265A94AA220->localhost_10000@group-03E665A0CE68, cid=42, FAILED org.apache.ratis.protocol.LeaderNotReadyException: localhost_10000@group-03E665A0CE68 is in LEADER state but not ready yet., logIndex=0, commits[localhost_10000:c-1, localhost_10002:c-1, localhost_10001:c-1]
2019-09-24 12:19:54,242 INFO  client.GrpcClientProtocolService (GrpcClientProtocolService.java:lambda$processClientRequest$0(278)) - Failed RaftClientRequest:client-2265A94AA220->localhost_10000@group-03E665A0CE68, cid=42, seq=0, RW, Message:321f0a0f0a0d74657374...(size=33), reply=RaftClientReply:client-2265A94AA220->localhost_10000@group-03E665A0CE68, cid=42, FAILED org.apache.ratis.protocol.LeaderNotReadyException: localhost_10000@group-03E665A0CE68 is in LEADER state but not ready yet., logIndex=0, commits[localhost_10000:c-1, localhost_10002:c-1, localhost_10001:c-1]
2019-09-24 12:19:54,243 INFO  client.GrpcClientProtocolService (GrpcClientProtocolService.java:lambda$processClientRequest$0(278)) - Failed RaftClientRequest:client-2265A94AA220->localhost_10000@group-03E665A0CE68, cid=42, seq=0, RW, Message:321f0a0f0a0d74657374...(size=33), reply=RaftClientReply:client-2265A94AA220->localhost_10000@group-03E665A0CE68, cid=42, FAILED org.apache.ratis.protocol.LeaderNotReadyException: localhost_10000@group-03E665A0CE68 is in LEADER state but not ready yet., logIndex=0, commits[localhost_10000:c-1, localhost_10002:c-1, localhost_10001:c-1]
2019-09-24 12:19:54,244 INFO  client.GrpcClientProtocolService (GrpcClientProtocolService.java:lambda$processClientRequest$0(278)) - Failed RaftClientRequest:client-2265A94AA220->localhost_10000@group-03E665A0CE68, cid=42, seq=0, RW, Message:321f0a0f0a0d74657374...(size=33), reply=RaftClientReply:client-2265A94AA220->localhost_10000@group-03E665A0CE68, cid=42, FAILED org.apache.ratis.protocol.LeaderNotReadyException: localhost_10000@group-03E665A0CE68 is in LEADER state but not ready yet., logIndex=0, commits[localhost_10000:c-1, localhost_10002:c-1, localhost_10001:c-1]
2019-09-24 12:19:54,245 INFO  client.GrpcClientProtocolService (GrpcClientProtocolService.java:lambda$processClientRequest$0(278)) - Failed RaftClientRequest:client-2265A94AA220->localhost_10000@group-03E665A0CE68, cid=42, seq=0, RW, Message:321f0a0f0a0d74657374...(size=33), reply=RaftClientReply:client-2265A94AA220->localhost_10000@group-03E665A0CE68, cid=42, FAILED org.apache.ratis.protocol.LeaderNotReadyException: localhost_10000@group-03E665A0CE68 is in LEADER state but not ready yet., logIndex=0, commits[localhost_10000:c-1, localhost_10002:c-1, localhost_10001:c-1]
2019-09-24 12:19:54,245 INFO  client.GrpcClientProtocolService (GrpcClientProtocolService.java:lambda$processClientRequest$0(278)) - Failed RaftClientRequest:client-2265A94AA220->localhost_10000@group-03E665A0CE68, cid=42, seq=0, RW, Message:321f0a0f0a0d74657374...(size=33), reply=RaftClientReply:client-2265A94AA220->localhost_10000@group-03E665A0CE68, cid=42, FAILED org.apache.ratis.protocol.LeaderNotReadyException: localhost_10000@group-03E665A0CE68 is in LEADER state but not ready yet., logIndex=0, commits[localhost_10000:c-1, localhost_10002:c-1, localhost_10001:c-1]
2019-09-24 12:19:54,246 INFO  client.GrpcClientProtocolService (GrpcClientProtocolService.java:lambda$processClientRequest$0(278)) - Failed RaftClientRequest:client-2265A94AA220->localhost_10000@group-03E665A0CE68, cid=42, seq=0, RW, Message:321f0a0f0a0d74657374...(size=33), reply=RaftClientReply:client-2265A94AA220->localhost_10000@group-03E665A0CE68, cid=42, FAILED org.apache.ratis.protocol.LeaderNotReadyException: localhost_10000@group-03E665A0CE68 is in LEADER state but not ready yet., logIndex=0, commits[localhost_10000:c-1, localhost_10002:c-1, localhost_10001:c-1]
2019-09-24 12:19:54,247 INFO  client.GrpcClientProtocolService (GrpcClientProtocolService.java:lambda$processClientRequest$0(278)) - Failed RaftClientRequest:client-2265A94AA220->localhost_10000@group-03E665A0CE68, cid=42, seq=0, RW, Message:321f0a0f0a0d74657374...(size=33), reply=RaftClientReply:client-2265A94AA220->localhost_10000@group-03E665A0CE68, cid=42, FAILED org.apache.ratis.protocol.LeaderNotReadyException: localhost_10000@group-03E665A0CE68 is in LEADER state but not ready yet., logIndex=0, commits[localhost_10000:c-1, localhost_10002:c-1, localhost_10001:c-1]
2019-09-24 12:19:54,248 INFO  client.GrpcClientProtocolService (GrpcClientProtocolService.java:lambda$processClientRequest$0(278)) - Failed RaftClientRequest:client-2265A94AA220->localhost_10000@group-03E665A0CE68, cid=42, seq=0, RW, Message:321f0a0f0a0d74657374...(size=33), reply=RaftClientReply:client-2265A94AA220->localhost_10000@group-03E665A0CE68, cid=42, FAILED org.apache.ratis.protocol.LeaderNotReadyException: localhost_10000@group-03E665A0CE68 is in LEADER state but not ready yet., logIndex=0, commits[localhost_10000:c-1, localhost_10002:c-1, localhost_10001:c-1]
2019-09-24 12:19:54,249 INFO  client.GrpcClientProtocolService (GrpcClientProtocolService.java:lambda$processClientRequest$0(278)) - Failed RaftClientRequest:client-2265A94AA220->localhost_10000@group-03E665A0CE68, cid=42, seq=0, RW, Message:321f0a0f0a0d74657374...(size=33), reply=RaftClientReply:client-2265A94AA220->localhost_10000@group-03E665A0CE68, cid=42, FAILED org.apache.ratis.protocol.LeaderNotReadyException: localhost_10000@group-03E665A0CE68 is in LEADER state but not ready yet., logIndex=0, commits[localhost_10000:c-1, localhost_10002:c-1, localhost_10001:c-1]
2019-09-24 12:19:54,249 INFO  client.GrpcClientProtocolService (GrpcClientProtocolService.java:lambda$processClientRequest$0(278)) - Failed RaftClientRequest:client-2265A94AA220->localhost_10000@group-03E665A0CE68, cid=42, seq=0, RW, Message:321f0a0f0a0d74657374...(size=33), reply=RaftClientReply:client-2265A94AA220->localhost_10000@group-03E665A0CE68, cid=42, FAILED org.apache.ratis.protocol.LeaderNotReadyException: localhost_10000@group-03E665A0CE68 is in LEADER state but not ready yet., logIndex=0, commits[localhost_10000:c-1, localhost_10002:c-1, localhost_10001:c-1]
2019-09-24 12:19:54,250 INFO  client.GrpcClientProtocolService (GrpcClientProtocolService.java:lambda$processClientRequest$0(278)) - Failed RaftClientRequest:client-2265A94AA220->localhost_10000@group-03E665A0CE68, cid=42, seq=0, RW, Message:321f0a0f0a0d74657374...(size=33), reply=RaftClientReply:client-2265A94AA220->localhost_10000@group-03E665A0CE68, cid=42, FAILED org.apache.ratis.protocol.LeaderNotReadyException: localhost_10000@group-03E665A0CE68 is in LEADER state but not ready yet., logIndex=0, commits[localhost_10000:c-1, localhost_10002:c-1, localhost_10001:c-1]
2019-09-24 12:19:54,251 INFO  client.GrpcClientProtocolService (GrpcClientProtocolService.java:lambda$processClientRequest$0(278)) - Failed RaftClientRequest:client-2265A94AA220->localhost_10000@group-03E665A0CE68, cid=42, seq=0, RW, Message:321f0a0f0a0d74657374...(size=33), reply=RaftClientReply:client-2265A94AA220->localhost_10000@group-03E665A0CE68, cid=42, FAILED org.apache.ratis.protocol.LeaderNotReadyException: localhost_10000@group-03E665A0CE68 is in LEADER state but not ready yet., logIndex=0, commits[localhost_10000:c-1, localhost_10002:c-1, localhost_10001:c-1]
2019-09-24 12:19:54,252 INFO  client.GrpcClientProtocolService (GrpcClientProtocolService.java:lambda$processClientRequest$0(278)) - Failed RaftClientRequest:client-2265A94AA220->localhost_10000@group-03E665A0CE68, cid=42, seq=0, RW, Message:321f0a0f0a0d74657374...(size=33), reply=RaftClientReply:client-2265A94AA220->localhost_10000@group-03E665A0CE68, cid=42, FAILED org.apache.ratis.protocol.LeaderNotReadyException: localhost_10000@group-03E665A0CE68 is in LEADER state but not ready yet., logIndex=0, commits[localhost_10000:c-1, localhost_10002:c-1, localhost_10001:c-1]
2019-09-24 12:19:54,253 INFO  client.GrpcClientProtocolService (GrpcClientProtocolService.java:lambda$processClientRequest$0(278)) - Failed RaftClientRequest:client-2265A94AA220->localhost_10000@group-03E665A0CE68, cid=42, seq=0, RW, Message:321f0a0f0a0d74657374...(size=33), reply=RaftClientReply:client-2265A94AA220->localhost_10000@group-03E665A0CE68, cid=42, FAILED org.apache.ratis.protocol.LeaderNotReadyException: localhost_10000@group-03E665A0CE68 is in LEADER state but not ready yet., logIndex=0, commits[localhost_10000:c-1, localhost_10002:c-1, localhost_10001:c-1]
2019-09-24 12:19:54,253 INFO  client.GrpcClientProtocolService (GrpcClientProtocolService.java:lambda$processClientRequest$0(278)) - Failed RaftClientRequest:client-2265A94AA220->localhost_10000@group-03E665A0CE68, cid=42, seq=0, RW, Message:321f0a0f0a0d74657374...(size=33), reply=RaftClientReply:client-2265A94AA220->localhost_10000@group-03E665A0CE68, cid=42, FAILED org.apache.ratis.protocol.LeaderNotReadyException: localhost_10000@group-03E665A0CE68 is in LEADER state but not ready yet., logIndex=0, commits[localhost_10000:c-1, localhost_10002:c-1, localhost_10001:c-1]
2019-09-24 12:19:54,254 INFO  client.GrpcClientProtocolService (GrpcClientProtocolService.java:lambda$processClientRequest$0(278)) - Failed RaftClientRequest:client-2265A94AA220->localhost_10000@group-03E665A0CE68, cid=42, seq=0, RW, Message:321f0a0f0a0d74657374...(size=33), reply=RaftClientReply:client-2265A94AA220->localhost_10000@group-03E665A0CE68, cid=42, FAILED org.apache.ratis.protocol.LeaderNotReadyException: localhost_10000@group-03E665A0CE68 is in LEADER state but not ready yet., logIndex=0, commits[localhost_10000:c-1, localhost_10002:c-1, localhost_10001:c-1]
2019-09-24 12:19:54,255 INFO  client.GrpcClientProtocolService (GrpcClientProtocolService.java:lambda$processClientRequest$0(278)) - Failed RaftClientRequest:client-2265A94AA220->localhost_10000@group-03E665A0CE68, cid=42, seq=0, RW, Message:321f0a0f0a0d74657374...(size=33), reply=RaftClientReply:client-2265A94AA220->localhost_10000@group-03E665A0CE68, cid=42, FAILED org.apache.ratis.protocol.LeaderNotReadyException: localhost_10000@group-03E665A0CE68 is in LEADER state but not ready yet., logIndex=0, commits[localhost_10000:c-1, localhost_10002:c-1, localhost_10001:c-1]
2019-09-24 12:19:54,256 INFO  client.GrpcClientProtocolService (GrpcClientProtocolService.java:lambda$processClientRequest$0(278)) - Failed RaftClientRequest:client-2265A94AA220->localhost_10000@group-03E665A0CE68, cid=42, seq=0, RW, Message:321f0a0f0a0d74657374...(size=33), reply=RaftClientReply:client-2265A94AA220->localhost_10000@group-03E665A0CE68, cid=42, FAILED org.apache.ratis.protocol.LeaderNotReadyException: localhost_10000@group-03E665A0CE68 is in LEADER state but not ready yet., logIndex=0, commits[localhost_10000:c-1, localhost_10002:c-1, localhost_10001:c-1]
2019-09-24 12:19:54,257 INFO  client.GrpcClientProtocolService (GrpcClientProtocolService.java:lambda$processClientRequest$0(278)) - Failed RaftClientRequest:client-2265A94AA220->localhost_10000@group-03E665A0CE68, cid=42, seq=0, RW, Message:321f0a0f0a0d74657374...(size=33), reply=RaftClientReply:client-2265A94AA220->localhost_10000@group-03E665A0CE68, cid=42, FAILED org.apache.ratis.protocol.LeaderNotReadyException: localhost_10000@group-03E665A0CE68 is in LEADER state but not ready yet., logIndex=0, commits[localhost_10000:c-1, localhost_10002:c-1, localhost_10001:c-1]
2019-09-24 12:19:54,258 INFO  client.GrpcClientProtocolService (GrpcClientProtocolService.java:lambda$processClientRequest$0(278)) - Failed RaftClientRequest:client-2265A94AA220->localhost_10000@group-03E665A0CE68, cid=42, seq=0, RW, Message:321f0a0f0a0d74657374...(size=33), reply=RaftClientReply:client-2265A94AA220->localhost_10000@group-03E665A0CE68, cid=42, FAILED org.apache.ratis.protocol.LeaderNotReadyException: localhost_10000@group-03E665A0CE68 is in LEADER state but not ready yet., logIndex=0, commits[localhost_10000:c-1, localhost_10002:c-1, localhost_10001:c-1]
2019-09-24 12:19:54,259 INFO  client.GrpcClientProtocolService (GrpcClientProtocolService.java:lambda$processClientRequest$0(278)) - Failed RaftClientRequest:client-2265A94AA220->localhost_10000@group-03E665A0CE68, cid=42, seq=0, RW, Message:321f0a0f0a0d74657374...(size=33), reply=RaftClientReply:client-2265A94AA220->localhost_10000@group-03E665A0CE68, cid=42, FAILED org.apache.ratis.protocol.LeaderNotReadyException: localhost_10000@group-03E665A0CE68 is in LEADER state but not ready yet., logIndex=0, commits[localhost_10000:c-1, localhost_10002:c-1, localhost_10001:c-1]
2019-09-24 12:19:54,259 INFO  client.GrpcClientProtocolService (GrpcClientProtocolService.java:lambda$processClientRequest$0(278)) - Failed RaftClientRequest:client-2265A94AA220->localhost_10000@group-03E665A0CE68, cid=42, seq=0, RW, Message:321f0a0f0a0d74657374...(size=33), reply=RaftClientReply:client-2265A94AA220->localhost_10000@group-03E665A0CE68, cid=42, FAILED org.apache.ratis.protocol.LeaderNotReadyException: localhost_10000@group-03E665A0CE68 is in LEADER state but not ready yet., logIndex=0, commits[localhost_10000:c-1, localhost_10002:c-1, localhost_10001:c-1]
2019-09-24 12:19:54,260 INFO  client.GrpcClientProtocolService (GrpcClientProtocolService.java:lambda$processClientRequest$0(278)) - Failed RaftClientRequest:client-2265A94AA220->localhost_10000@group-03E665A0CE68, cid=42, seq=0, RW, Message:321f0a0f0a0d74657374...(size=33), reply=RaftClientReply:client-2265A94AA220->localhost_10000@group-03E665A0CE68, cid=42, FAILED org.apache.ratis.protocol.LeaderNotReadyException: localhost_10000@group-03E665A0CE68 is in LEADER state but not ready yet., logIndex=0, commits[localhost_10000:c-1, localhost_10002:c-1, localhost_10001:c-1]
2019-09-24 12:19:54,261 INFO  client.GrpcClientProtocolService (GrpcClientProtocolService.java:lambda$processClientRequest$0(278)) - Failed RaftClientRequest:client-2265A94AA220->localhost_10000@group-03E665A0CE68, cid=42, seq=0, RW, Message:321f0a0f0a0d74657374...(size=33), reply=RaftClientReply:client-2265A94AA220->localhost_10000@group-03E665A0CE68, cid=42, FAILED org.apache.ratis.protocol.LeaderNotReadyException: localhost_10000@group-03E665A0CE68 is in LEADER state but not ready yet., logIndex=0, commits[localhost_10000:c-1, localhost_10002:c-1, localhost_10001:c-1]
2019-09-24 12:19:54,262 INFO  client.GrpcClientProtocolService (GrpcClientProtocolService.java:lambda$processClientRequest$0(278)) - Failed RaftClientRequest:client-2265A94AA220->localhost_10000@group-03E665A0CE68, cid=42, seq=0, RW, Message:321f0a0f0a0d74657374...(size=33), reply=RaftClientReply:client-2265A94AA220->localhost_10000@group-03E665A0CE68, cid=42, FAILED org.apache.ratis.protocol.LeaderNotReadyException: localhost_10000@group-03E665A0CE68 is in LEADER state but not ready yet., logIndex=0, commits[localhost_10000:c-1, localhost_10002:c-1, localhost_10001:c-1]
2019-09-24 12:19:54,262 INFO  client.GrpcClientProtocolService (GrpcClientProtocolService.java:lambda$processClientRequest$0(278)) - Failed RaftClientRequest:client-2265A94AA220->localhost_10000@group-03E665A0CE68, cid=42, seq=0, RW, Message:321f0a0f0a0d74657374...(size=33), reply=RaftClientReply:client-2265A94AA220->localhost_10000@group-03E665A0CE68, cid=42, FAILED org.apache.ratis.protocol.LeaderNotReadyException: localhost_10000@group-03E665A0CE68 is in LEADER state but not ready yet., logIndex=0, commits[localhost_10000:c-1, localhost_10002:c-1, localhost_10001:c-1]
2019-09-24 12:19:54,263 INFO  client.GrpcClientProtocolService (GrpcClientProtocolService.java:lambda$processClientRequest$0(278)) - Failed RaftClientRequest:client-2265A94AA220->localhost_10000@group-03E665A0CE68, cid=42, seq=0, RW, Message:321f0a0f0a0d74657374...(size=33), reply=RaftClientReply:client-2265A94AA220->localhost_10000@group-03E665A0CE68, cid=42, FAILED org.apache.ratis.protocol.LeaderNotReadyException: localhost_10000@group-03E665A0CE68 is in LEADER state but not ready yet., logIndex=0, commits[localhost_10000:c-1, localhost_10002:c-1, localhost_10001:c-1]
2019-09-24 12:19:54,264 INFO  client.GrpcClientProtocolService (GrpcClientProtocolService.java:lambda$processClientRequest$0(278)) - Failed RaftClientRequest:client-2265A94AA220->localhost_10000@group-03E665A0CE68, cid=42, seq=0, RW, Message:321f0a0f0a0d74657374...(size=33), reply=RaftClientReply:client-2265A94AA220->localhost_10000@group-03E665A0CE68, cid=42, FAILED org.apache.ratis.protocol.LeaderNotReadyException: localhost_10000@group-03E665A0CE68 is in LEADER state but not ready yet., logIndex=0, commits[localhost_10000:c-1, localhost_10002:c-1, localhost_10001:c-1]
2019-09-24 12:19:54,265 INFO  client.GrpcClientProtocolService (GrpcClientProtocolService.java:lambda$processClientRequest$0(278)) - Failed RaftClientRequest:client-2265A94AA220->localhost_10000@group-03E665A0CE68, cid=42, seq=0, RW, Message:321f0a0f0a0d74657374...(size=33), reply=RaftClientReply:client-2265A94AA220->localhost_10000@group-03E665A0CE68, cid=42, FAILED org.apache.ratis.protocol.LeaderNotReadyException: localhost_10000@group-03E665A0CE68 is in LEADER state but not ready yet., logIndex=0, commits[localhost_10000:c-1, localhost_10002:c-1, localhost_10001:c-1]
2019-09-24 12:19:54,266 INFO  client.GrpcClientProtocolService (GrpcClientProtocolService.java:lambda$processClientRequest$0(278)) - Failed RaftClientRequest:client-2265A94AA220->localhost_10000@group-03E665A0CE68, cid=42, seq=0, RW, Message:321f0a0f0a0d74657374...(size=33), reply=RaftClientReply:client-2265A94AA220->localhost_10000@group-03E665A0CE68, cid=42, FAILED org.apache.ratis.protocol.LeaderNotReadyException: localhost_10000@group-03E665A0CE68 is in LEADER state but not ready yet., logIndex=0, commits[localhost_10000:c-1, localhost_10002:c-1, localhost_10001:c-1]
2019-09-24 12:19:54,266 INFO  client.GrpcClientProtocolService (GrpcClientProtocolService.java:lambda$processClientRequest$0(278)) - Failed RaftClientRequest:client-2265A94AA220->localhost_10000@group-03E665A0CE68, cid=42, seq=0, RW, Message:321f0a0f0a0d74657374...(size=33), reply=RaftClientReply:client-2265A94AA220->localhost_10000@group-03E665A0CE68, cid=42, FAILED org.apache.ratis.protocol.LeaderNotReadyException: localhost_10000@group-03E665A0CE68 is in LEADER state but not ready yet., logIndex=0, commits[localhost_10000:c-1, localhost_10002:c-1, localhost_10001:c-1]
2019-09-24 12:19:54,267 INFO  client.GrpcClientProtocolService (GrpcClientProtocolService.java:lambda$processClientRequest$0(278)) - Failed RaftClientRequest:client-2265A94AA220->localhost_10000@group-03E665A0CE68, cid=42, seq=0, RW, Message:321f0a0f0a0d74657374...(size=33), reply=RaftClientReply:client-2265A94AA220->localhost_10000@group-03E665A0CE68, cid=42, FAILED org.apache.ratis.protocol.LeaderNotReadyException: localhost_10000@group-03E665A0CE68 is in LEADER state but not ready yet., logIndex=0, commits[localhost_10000:c-1, localhost_10002:c-1, localhost_10001:c-1]
2019-09-24 12:19:54,268 INFO  client.GrpcClientProtocolService (GrpcClientProtocolService.java:lambda$processClientRequest$0(278)) - Failed RaftClientRequest:client-2265A94AA220->localhost_10000@group-03E665A0CE68, cid=42, seq=0, RW, Message:321f0a0f0a0d74657374...(size=33), reply=RaftClientReply:client-2265A94AA220->localhost_10000@group-03E665A0CE68, cid=42, FAILED org.apache.ratis.protocol.LeaderNotReadyException: localhost_10000@group-03E665A0CE68 is in LEADER state but not ready yet., logIndex=0, commits[localhost_10000:c-1, localhost_10002:c-1, localhost_10001:c-1]
2019-09-24 12:19:54,269 INFO  client.GrpcClientProtocolService (GrpcClientProtocolService.java:lambda$processClientRequest$0(278)) - Failed RaftClientRequest:client-2265A94AA220->localhost_10000@group-03E665A0CE68, cid=42, seq=0, RW, Message:321f0a0f0a0d74657374...(size=33), reply=RaftClientReply:client-2265A94AA220->localhost_10000@group-03E665A0CE68, cid=42, FAILED org.apache.ratis.protocol.LeaderNotReadyException: localhost_10000@group-03E665A0CE68 is in LEADER state but not ready yet., logIndex=0, commits[localhost_10000:c-1, localhost_10002:c-1, localhost_10001:c-1]
2019-09-24 12:19:54,269 INFO  client.GrpcClientProtocolService (GrpcClientProtocolService.java:lambda$processClientRequest$0(278)) - Failed RaftClientRequest:client-2265A94AA220->localhost_10000@group-03E665A0CE68, cid=42, seq=0, RW, Message:321f0a0f0a0d74657374...(size=33), reply=RaftClientReply:client-2265A94AA220->localhost_10000@group-03E665A0CE68, cid=42, FAILED org.apache.ratis.protocol.LeaderNotReadyException: localhost_10000@group-03E665A0CE68 is in LEADER state but not ready yet., logIndex=0, commits[localhost_10000:c-1, localhost_10002:c-1, localhost_10001:c-1]
2019-09-24 12:19:54,270 INFO  client.GrpcClientProtocolService (GrpcClientProtocolService.java:lambda$processClientRequest$0(278)) - Failed RaftClientRequest:client-2265A94AA220->localhost_10000@group-03E665A0CE68, cid=42, seq=0, RW, Message:321f0a0f0a0d74657374...(size=33), reply=RaftClientReply:client-2265A94AA220->localhost_10000@group-03E665A0CE68, cid=42, FAILED org.apache.ratis.protocol.LeaderNotReadyException: localhost_10000@group-03E665A0CE68 is in LEADER state but not ready yet., logIndex=0, commits[localhost_10000:c-1, localhost_10002:c-1, localhost_10001:c-1]
2019-09-24 12:19:54,271 INFO  client.GrpcClientProtocolService (GrpcClientProtocolService.java:lambda$processClientRequest$0(278)) - Failed RaftClientRequest:client-2265A94AA220->localhost_10000@group-03E665A0CE68, cid=42, seq=0, RW, Message:321f0a0f0a0d74657374...(size=33), reply=RaftClientReply:client-2265A94AA220->localhost_10000@group-03E665A0CE68, cid=42, FAILED org.apache.ratis.protocol.LeaderNotReadyException: localhost_10000@group-03E665A0CE68 is in LEADER state but not ready yet., logIndex=0, commits[localhost_10000:c-1, localhost_10002:c-1, localhost_10001:c-1]
2019-09-24 12:19:54,272 INFO  client.GrpcClientProtocolService (GrpcClientProtocolService.java:lambda$processClientRequest$0(278)) - Failed RaftClientRequest:client-2265A94AA220->localhost_10000@group-03E665A0CE68, cid=42, seq=0, RW, Message:321f0a0f0a0d74657374...(size=33), reply=RaftClientReply:client-2265A94AA220->localhost_10000@group-03E665A0CE68, cid=42, FAILED org.apache.ratis.protocol.LeaderNotReadyException: localhost_10000@group-03E665A0CE68 is in LEADER state but not ready yet., logIndex=0, commits[localhost_10000:c-1, localhost_10002:c-1, localhost_10001:c-1]
2019-09-24 12:19:54,272 INFO  client.GrpcClientProtocolService (GrpcClientProtocolService.java:lambda$processClientRequest$0(278)) - Failed RaftClientRequest:client-2265A94AA220->localhost_10000@group-03E665A0CE68, cid=42, seq=0, RW, Message:321f0a0f0a0d74657374...(size=33), reply=RaftClientReply:client-2265A94AA220->localhost_10000@group-03E665A0CE68, cid=42, FAILED org.apache.ratis.protocol.LeaderNotReadyException: localhost_10000@group-03E665A0CE68 is in LEADER state but not ready yet., logIndex=0, commits[localhost_10000:c-1, localhost_10002:c-1, localhost_10001:c-1]
2019-09-24 12:19:54,273 INFO  client.GrpcClientProtocolService (GrpcClientProtocolService.java:lambda$processClientRequest$0(278)) - Failed RaftClientRequest:client-2265A94AA220->localhost_10000@group-03E665A0CE68, cid=42, seq=0, RW, Message:321f0a0f0a0d74657374...(size=33), reply=RaftClientReply:client-2265A94AA220->localhost_10000@group-03E665A0CE68, cid=42, FAILED org.apache.ratis.protocol.LeaderNotReadyException: localhost_10000@group-03E665A0CE68 is in LEADER state but not ready yet., logIndex=0, commits[localhost_10000:c-1, localhost_10002:c-1, localhost_10001:c-1]
2019-09-24 12:19:54,274 INFO  client.GrpcClientProtocolService (GrpcClientProtocolService.java:lambda$processClientRequest$0(278)) - Failed RaftClientRequest:client-2265A94AA220->localhost_10000@group-03E665A0CE68, cid=42, seq=0, RW, Message:321f0a0f0a0d74657374...(size=33), reply=RaftClientReply:client-2265A94AA220->localhost_10000@group-03E665A0CE68, cid=42, FAILED org.apache.ratis.protocol.LeaderNotReadyException: localhost_10000@group-03E665A0CE68 is in LEADER state but not ready yet., logIndex=0, commits[localhost_10000:c-1, localhost_10002:c-1, localhost_10001:c-1]
2019-09-24 12:19:54,275 INFO  client.GrpcClientProtocolService (GrpcClientProtocolService.java:lambda$processClientRequest$0(278)) - Failed RaftClientRequest:client-2265A94AA220->localhost_10000@group-03E665A0CE68, cid=42, seq=0, RW, Message:321f0a0f0a0d74657374...(size=33), reply=RaftClientReply:client-2265A94AA220->localhost_10000@group-03E665A0CE68, cid=42, FAILED org.apache.ratis.protocol.LeaderNotReadyException: localhost_10000@group-03E665A0CE68 is in LEADER state but not ready yet., logIndex=0, commits[localhost_10000:c-1, localhost_10002:c-1, localhost_10001:c-1]
2019-09-24 12:19:54,276 INFO  client.GrpcClientProtocolService (GrpcClientProtocolService.java:lambda$processClientRequest$0(278)) - Failed RaftClientRequest:client-2265A94AA220->localhost_10000@group-03E665A0CE68, cid=42, seq=0, RW, Message:321f0a0f0a0d74657374...(size=33), reply=RaftClientReply:client-2265A94AA220->localhost_10000@group-03E665A0CE68, cid=42, FAILED org.apache.ratis.protocol.LeaderNotReadyException: localhost_10000@group-03E665A0CE68 is in LEADER state but not ready yet., logIndex=0, commits[localhost_10000:c-1, localhost_10002:c-1, localhost_10001:c-1]
2019-09-24 12:19:54,276 INFO  client.GrpcClientProtocolService (GrpcClientProtocolService.java:lambda$processClientRequest$0(278)) - Failed RaftClientRequest:client-2265A94AA220->localhost_10000@group-03E665A0CE68, cid=42, seq=0, RW, Message:321f0a0f0a0d74657374...(size=33), reply=RaftClientReply:client-2265A94AA220->localhost_10000@group-03E665A0CE68, cid=42, FAILED org.apache.ratis.protocol.LeaderNotReadyException: localhost_10000@group-03E665A0CE68 is in LEADER state but not ready yet., logIndex=0, commits[localhost_10000:c-1, localhost_10002:c-1, localhost_10001:c-1]
2019-09-24 12:19:54,277 INFO  client.GrpcClientProtocolService (GrpcClientProtocolService.java:lambda$processClientRequest$0(278)) - Failed RaftClientRequest:client-2265A94AA220->localhost_10000@group-03E665A0CE68, cid=42, seq=0, RW, Message:321f0a0f0a0d74657374...(size=33), reply=RaftClientReply:client-2265A94AA220->localhost_10000@group-03E665A0CE68, cid=42, FAILED org.apache.ratis.protocol.LeaderNotReadyException: localhost_10000@group-03E665A0CE68 is in LEADER state but not ready yet., logIndex=0, commits[localhost_10000:c-1, localhost_10002:c-1, localhost_10001:c-1]
2019-09-24 12:19:54,278 INFO  client.GrpcClientProtocolService (GrpcClientProtocolService.java:lambda$processClientRequest$0(278)) - Failed RaftClientRequest:client-2265A94AA220->localhost_10000@group-03E665A0CE68, cid=42, seq=0, RW, Message:321f0a0f0a0d74657374...(size=33), reply=RaftClientReply:client-2265A94AA220->localhost_10000@group-03E665A0CE68, cid=42, FAILED org.apache.ratis.protocol.LeaderNotReadyException: localhost_10000@group-03E665A0CE68 is in LEADER state but not ready yet., logIndex=0, commits[localhost_10000:c-1, localhost_10002:c-1, localhost_10001:c-1]
2019-09-24 12:19:54,279 INFO  client.GrpcClientProtocolService (GrpcClientProtocolService.java:lambda$processClientRequest$0(278)) - Failed RaftClientRequest:client-2265A94AA220->localhost_10000@group-03E665A0CE68, cid=42, seq=0, RW, Message:321f0a0f0a0d74657374...(size=33), reply=RaftClientReply:client-2265A94AA220->localhost_10000@group-03E665A0CE68, cid=42, FAILED org.apache.ratis.protocol.LeaderNotReadyException: localhost_10000@group-03E665A0CE68 is in LEADER state but not ready yet., logIndex=0, commits[localhost_10000:c-1, localhost_10002:c-1, localhost_10001:c-1]
2019-09-24 12:19:54,280 INFO  client.GrpcClientProtocolService (GrpcClientProtocolService.java:lambda$processClientRequest$0(278)) - Failed RaftClientRequest:client-2265A94AA220->localhost_10000@group-03E665A0CE68, cid=42, seq=0, RW, Message:321f0a0f0a0d74657374...(size=33), reply=RaftClientReply:client-2265A94AA220->localhost_10000@group-03E665A0CE68, cid=42, FAILED org.apache.ratis.protocol.LeaderNotReadyException: localhost_10000@group-03E665A0CE68 is in LEADER state but not ready yet., logIndex=0, commits[localhost_10000:c-1, localhost_10002:c-1, localhost_10001:c-1]
2019-09-24 12:19:54,281 INFO  client.GrpcClientProtocolService (GrpcClientProtocolService.java:lambda$processClientRequest$0(278)) - Failed RaftClientRequest:client-2265A94AA220->localhost_10000@group-03E665A0CE68, cid=42, seq=0, RW, Message:321f0a0f0a0d74657374...(size=33), reply=RaftClientReply:client-2265A94AA220->localhost_10000@group-03E665A0CE68, cid=42, FAILED org.apache.ratis.protocol.LeaderNotReadyException: localhost_10000@group-03E665A0CE68 is in LEADER state but not ready yet., logIndex=0, commits[localhost_10000:c-1, localhost_10002:c-1, localhost_10001:c-1]
2019-09-24 12:19:54,281 INFO  client.GrpcClientProtocolService (GrpcClientProtocolService.java:lambda$processClientRequest$0(278)) - Failed RaftClientRequest:client-2265A94AA220->localhost_10000@group-03E665A0CE68, cid=42, seq=0, RW, Message:321f0a0f0a0d74657374...(size=33), reply=RaftClientReply:client-2265A94AA220->localhost_10000@group-03E665A0CE68, cid=42, FAILED org.apache.ratis.protocol.LeaderNotReadyException: localhost_10000@group-03E665A0CE68 is in LEADER state but not ready yet., logIndex=0, commits[localhost_10000:c-1, localhost_10002:c-1, localhost_10001:c-1]
2019-09-24 12:19:54,282 INFO  client.GrpcClientProtocolService (GrpcClientProtocolService.java:lambda$processClientRequest$0(278)) - Failed RaftClientRequest:client-2265A94AA220->localhost_10000@group-03E665A0CE68, cid=42, seq=0, RW, Message:321f0a0f0a0d74657374...(size=33), reply=RaftClientReply:client-2265A94AA220->localhost_10000@group-03E665A0CE68, cid=42, FAILED org.apache.ratis.protocol.LeaderNotReadyException: localhost_10000@group-03E665A0CE68 is in LEADER state but not ready yet., logIndex=0, commits[localhost_10000:c-1, localhost_10002:c-1, localhost_10001:c-1]
2019-09-24 12:19:54,283 INFO  client.GrpcClientProtocolService (GrpcClientProtocolService.java:lambda$processClientRequest$0(278)) - Failed RaftClientRequest:client-2265A94AA220->localhost_10000@group-03E665A0CE68, cid=42, seq=0, RW, Message:321f0a0f0a0d74657374...(size=33), reply=RaftClientReply:client-2265A94AA220->localhost_10000@group-03E665A0CE68, cid=42, FAILED org.apache.ratis.protocol.LeaderNotReadyException: localhost_10000@group-03E665A0CE68 is in LEADER state but not ready yet., logIndex=0, commits[localhost_10000:c-1, localhost_10002:c-1, localhost_10001:c-1]
2019-09-24 12:19:54,284 INFO  client.GrpcClientProtocolService (GrpcClientProtocolService.java:lambda$processClientRequest$0(278)) - Failed RaftClientRequest:client-2265A94AA220->localhost_10000@group-03E665A0CE68, cid=42, seq=0, RW, Message:321f0a0f0a0d74657374...(size=33), reply=RaftClientReply:client-2265A94AA220->localhost_10000@group-03E665A0CE68, cid=42, FAILED org.apache.ratis.protocol.LeaderNotReadyException: localhost_10000@group-03E665A0CE68 is in LEADER state but not ready yet., logIndex=0, commits[localhost_10000:c-1, localhost_10002:c-1, localhost_10001:c-1]
2019-09-24 12:19:54,284 INFO  client.GrpcClientProtocolService (GrpcClientProtocolService.java:lambda$processClientRequest$0(278)) - Failed RaftClientRequest:client-2265A94AA220->localhost_10000@group-03E665A0CE68, cid=42, seq=0, RW, Message:321f0a0f0a0d74657374...(size=33), reply=RaftClientReply:client-2265A94AA220->localhost_10000@group-03E665A0CE68, cid=42, FAILED org.apache.ratis.protocol.LeaderNotReadyException: localhost_10000@group-03E665A0CE68 is in LEADER state but not ready yet., logIndex=0, commits[localhost_10000:c-1, localhost_10002:c-1, localhost_10001:c-1]
2019-09-24 12:19:54,285 INFO  client.GrpcClientProtocolService (GrpcClientProtocolService.java:lambda$processClientRequest$0(278)) - Failed RaftClientRequest:client-2265A94AA220->localhost_10000@group-03E665A0CE68, cid=42, seq=0, RW, Message:321f0a0f0a0d74657374...(size=33), reply=RaftClientReply:client-2265A94AA220->localhost_10000@group-03E665A0CE68, cid=42, FAILED org.apache.ratis.protocol.LeaderNotReadyException: localhost_10000@group-03E665A0CE68 is in LEADER state but not ready yet., logIndex=0, commits[localhost_10000:c-1, localhost_10002:c-1, localhost_10001:c-1]
2019-09-24 12:19:54,286 INFO  client.GrpcClientProtocolService (GrpcClientProtocolService.java:lambda$processClientRequest$0(278)) - Failed RaftClientRequest:client-2265A94AA220->localhost_10000@group-03E665A0CE68, cid=42, seq=0, RW, Message:321f0a0f0a0d74657374...(size=33), reply=RaftClientReply:client-2265A94AA220->localhost_10000@group-03E665A0CE68, cid=42, FAILED org.apache.ratis.protocol.LeaderNotReadyException: localhost_10000@group-03E665A0CE68 is in LEADER state but not ready yet., logIndex=0, commits[localhost_10000:c-1, localhost_10002:c-1, localhost_10001:c-1]
2019-09-24 12:19:54,287 INFO  client.GrpcClientProtocolService (GrpcClientProtocolService.java:lambda$processClientRequest$0(278)) - Failed RaftClientRequest:client-2265A94AA220->localhost_10000@group-03E665A0CE68, cid=42, seq=0, RW, Message:321f0a0f0a0d74657374...(size=33), reply=RaftClientReply:client-2265A94AA220->localhost_10000@group-03E665A0CE68, cid=42, FAILED org.apache.ratis.protocol.LeaderNotReadyException: localhost_10000@group-03E665A0CE68 is in LEADER state but not ready yet., logIndex=0, commits[localhost_10000:c-1, localhost_10002:c-1, localhost_10001:c-1]
2019-09-24 12:19:54,288 INFO  client.GrpcClientProtocolService (GrpcClientProtocolService.java:lambda$processClientRequest$0(278)) - Failed RaftClientRequest:client-2265A94AA220->localhost_10000@group-03E665A0CE68, cid=42, seq=0, RW, Message:321f0a0f0a0d74657374...(size=33), reply=RaftClientReply:client-2265A94AA220->localhost_10000@group-03E665A0CE68, cid=42, FAILED org.apache.ratis.protocol.LeaderNotReadyException: localhost_10000@group-03E665A0CE68 is in LEADER state but not ready yet., logIndex=0, commits[localhost_10000:c-1, localhost_10002:c-1, localhost_10001:c-1]
2019-09-24 12:19:54,288 INFO  client.GrpcClientProtocolService (GrpcClientProtocolService.java:lambda$processClientRequest$0(278)) - Failed RaftClientRequest:client-2265A94AA220->localhost_10000@group-03E665A0CE68, cid=42, seq=0, RW, Message:321f0a0f0a0d74657374...(size=33), reply=RaftClientReply:client-2265A94AA220->localhost_10000@group-03E665A0CE68, cid=42, FAILED org.apache.ratis.protocol.LeaderNotReadyException: localhost_10000@group-03E665A0CE68 is in LEADER state but not ready yet., logIndex=0, commits[localhost_10000:c-1, localhost_10002:c-1, localhost_10001:c-1]
2019-09-24 12:19:54,289 INFO  client.GrpcClientProtocolService (GrpcClientProtocolService.java:lambda$processClientRequest$0(278)) - Failed RaftClientRequest:client-2265A94AA220->localhost_10000@group-03E665A0CE68, cid=42, seq=0, RW, Message:321f0a0f0a0d74657374...(size=33), reply=RaftClientReply:client-2265A94AA220->localhost_10000@group-03E665A0CE68, cid=42, FAILED org.apache.ratis.protocol.LeaderNotReadyException: localhost_10000@group-03E665A0CE68 is in LEADER state but not ready yet., logIndex=0, commits[localhost_10000:c-1, localhost_10002:c-1, localhost_10001:c-1]
2019-09-24 12:19:54,290 INFO  client.GrpcClientProtocolService (GrpcClientProtocolService.java:lambda$processClientRequest$0(278)) - Failed RaftClientRequest:client-2265A94AA220->localhost_10000@group-03E665A0CE68, cid=42, seq=0, RW, Message:321f0a0f0a0d74657374...(size=33), reply=RaftClientReply:client-2265A94AA220->localhost_10000@group-03E665A0CE68, cid=42, FAILED org.apache.ratis.protocol.LeaderNotReadyException: localhost_10000@group-03E665A0CE68 is in LEADER state but not ready yet., logIndex=0, commits[localhost_10000:c-1, localhost_10002:c-1, localhost_10001:c-1]
2019-09-24 12:19:54,291 INFO  client.GrpcClientProtocolService (GrpcClientProtocolService.java:lambda$processClientRequest$0(278)) - Failed RaftClientRequest:client-2265A94AA220->localhost_10000@group-03E665A0CE68, cid=42, seq=0, RW, Message:321f0a0f0a0d74657374...(size=33), reply=RaftClientReply:client-2265A94AA220->localhost_10000@group-03E665A0CE68, cid=42, FAILED org.apache.ratis.protocol.LeaderNotReadyException: localhost_10000@group-03E665A0CE68 is in LEADER state but not ready yet., logIndex=0, commits[localhost_10000:c-1, localhost_10002:c-1, localhost_10001:c-1]
2019-09-24 12:19:54,291 INFO  client.GrpcClientProtocolService (GrpcClientProtocolService.java:lambda$processClientRequest$0(278)) - Failed RaftClientRequest:client-2265A94AA220->localhost_10000@group-03E665A0CE68, cid=42, seq=0, RW, Message:321f0a0f0a0d74657374...(size=33), reply=RaftClientReply:client-2265A94AA220->localhost_10000@group-03E665A0CE68, cid=42, FAILED org.apache.ratis.protocol.LeaderNotReadyException: localhost_10000@group-03E665A0CE68 is in LEADER state but not ready yet., logIndex=0, commits[localhost_10000:c-1, localhost_10002:c-1, localhost_10001:c-1]
2019-09-24 12:19:54,292 INFO  client.GrpcClientProtocolService (GrpcClientProtocolService.java:lambda$processClientRequest$0(278)) - Failed RaftClientRequest:client-2265A94AA220->localhost_10000@group-03E665A0CE68, cid=42, seq=0, RW, Message:321f0a0f0a0d74657374...(size=33), reply=RaftClientReply:client-2265A94AA220->localhost_10000@group-03E665A0CE68, cid=42, FAILED org.apache.ratis.protocol.LeaderNotReadyException: localhost_10000@group-03E665A0CE68 is in LEADER state but not ready yet., logIndex=0, commits[localhost_10000:c-1, localhost_10002:c-1, localhost_10001:c-1]
2019-09-24 12:19:54,293 INFO  client.GrpcClientProtocolService (GrpcClientProtocolService.java:lambda$processClientRequest$0(278)) - Failed RaftClientRequest:client-2265A94AA220->localhost_10000@group-03E665A0CE68, cid=42, seq=0, RW, Message:321f0a0f0a0d74657374...(size=33), reply=RaftClientReply:client-2265A94AA220->localhost_10000@group-03E665A0CE68, cid=42, FAILED org.apache.ratis.protocol.LeaderNotReadyException: localhost_10000@group-03E665A0CE68 is in LEADER state but not ready yet., logIndex=0, commits[localhost_10000:c-1, localhost_10002:c-1, localhost_10001:c-1]
2019-09-24 12:19:54,294 INFO  client.GrpcClientProtocolService (GrpcClientProtocolService.java:lambda$processClientRequest$0(278)) - Failed RaftClientRequest:client-2265A94AA220->localhost_10000@group-03E665A0CE68, cid=42, seq=0, RW, Message:321f0a0f0a0d74657374...(size=33), reply=RaftClientReply:client-2265A94AA220->localhost_10000@group-03E665A0CE68, cid=42, FAILED org.apache.ratis.protocol.LeaderNotReadyException: localhost_10000@group-03E665A0CE68 is in LEADER state but not ready yet., logIndex=0, commits[localhost_10000:c-1, localhost_10002:c-1, localhost_10001:c-1]
2019-09-24 12:19:54,294 INFO  client.GrpcClientProtocolService (GrpcClientProtocolService.java:lambda$processClientRequest$0(278)) - Failed RaftClientRequest:client-2265A94AA220->localhost_10000@group-03E665A0CE68, cid=42, seq=0, RW, Message:321f0a0f0a0d74657374...(size=33), reply=RaftClientReply:client-2265A94AA220->localhost_10000@group-03E665A0CE68, cid=42, FAILED org.apache.ratis.protocol.LeaderNotReadyException: localhost_10000@group-03E665A0CE68 is in LEADER state but not ready yet., logIndex=0, commits[localhost_10000:c-1, localhost_10002:c-1, localhost_10001:c-1]
2019-09-24 12:19:54,295 INFO  client.GrpcClientProtocolService (GrpcClientProtocolService.java:lambda$processClientRequest$0(278)) - Failed RaftClientRequest:client-2265A94AA220->localhost_10000@group-03E665A0CE68, cid=42, seq=0, RW, Message:321f0a0f0a0d74657374...(size=33), reply=RaftClientReply:client-2265A94AA220->localhost_10000@group-03E665A0CE68, cid=42, FAILED org.apache.ratis.protocol.LeaderNotReadyException: localhost_10000@group-03E665A0CE68 is in LEADER state but not ready yet., logIndex=0, commits[localhost_10000:c-1, localhost_10002:c-1, localhost_10001:c-1]
2019-09-24 12:19:54,296 INFO  client.GrpcClientProtocolService (GrpcClientProtocolService.java:lambda$processClientRequest$0(278)) - Failed RaftClientRequest:client-2265A94AA220->localhost_10000@group-03E665A0CE68, cid=42, seq=0, RW, Message:321f0a0f0a0d74657374...(size=33), reply=RaftClientReply:client-2265A94AA220->localhost_10000@group-03E665A0CE68, cid=42, FAILED org.apache.ratis.protocol.LeaderNotReadyException: localhost_10000@group-03E665A0CE68 is in LEADER state but not ready yet., logIndex=0, commits[localhost_10000:c-1, localhost_10002:c-1, localhost_10001:c-1]
2019-09-24 12:19:54,296 INFO  client.GrpcClientProtocolService (GrpcClientProtocolService.java:lambda$processClientRequest$0(278)) - Failed RaftClientRequest:client-2265A94AA220->localhost_10000@group-03E665A0CE68, cid=42, seq=0, RW, Message:321f0a0f0a0d74657374...(size=33), reply=RaftClientReply:client-2265A94AA220->localhost_10000@group-03E665A0CE68, cid=42, FAILED org.apache.ratis.protocol.LeaderNotReadyException: localhost_10000@group-03E665A0CE68 is in LEADER state but not ready yet., logIndex=0, commits[localhost_10000:c-1, localhost_10002:c-1, localhost_10001:c-1]
2019-09-24 12:19:54,297 INFO  client.GrpcClientProtocolService (GrpcClientProtocolService.java:lambda$processClientRequest$0(278)) - Failed RaftClientRequest:client-2265A94AA220->localhost_10000@group-03E665A0CE68, cid=42, seq=0, RW, Message:321f0a0f0a0d74657374...(size=33), reply=RaftClientReply:client-2265A94AA220->localhost_10000@group-03E665A0CE68, cid=42, FAILED org.apache.ratis.protocol.LeaderNotReadyException: localhost_10000@group-03E665A0CE68 is in LEADER state but not ready yet., logIndex=0, commits[localhost_10000:c-1, localhost_10002:c-1, localhost_10001:c-1]
2019-09-24 12:19:54,298 INFO  client.GrpcClientProtocolService (GrpcClientProtocolService.java:lambda$processClientRequest$0(278)) - Failed RaftClientRequest:client-2265A94AA220->localhost_10000@group-03E665A0CE68, cid=42, seq=0, RW, Message:321f0a0f0a0d74657374...(size=33), reply=RaftClientReply:client-2265A94AA220->localhost_10000@group-03E665A0CE68, cid=42, FAILED org.apache.ratis.protocol.LeaderNotReadyException: localhost_10000@group-03E665A0CE68 is in LEADER state but not ready yet., logIndex=0, commits[localhost_10000:c-1, localhost_10002:c-1, localhost_10001:c-1]
2019-09-24 12:19:54,299 INFO  client.GrpcClientProtocolService (GrpcClientProtocolService.java:lambda$processClientRequest$0(278)) - Failed RaftClientRequest:client-2265A94AA220->localhost_10000@group-03E665A0CE68, cid=42, seq=0, RW, Message:321f0a0f0a0d74657374...(size=33), reply=RaftClientReply:client-2265A94AA220->localhost_10000@group-03E665A0CE68, cid=42, FAILED org.apache.ratis.protocol.LeaderNotReadyException: localhost_10000@group-03E665A0CE68 is in LEADER state but not ready yet., logIndex=0, commits[localhost_10000:c-1, localhost_10002:c-1, localhost_10001:c-1]
2019-09-24 12:19:54,299 INFO  client.GrpcClientProtocolService (GrpcClientProtocolService.java:lambda$processClientRequest$0(278)) - Failed RaftClientRequest:client-2265A94AA220->localhost_10000@group-03E665A0CE68, cid=42, seq=0, RW, Message:321f0a0f0a0d74657374...(size=33), reply=RaftClientReply:client-2265A94AA220->localhost_10000@group-03E665A0CE68, cid=42, FAILED org.apache.ratis.protocol.LeaderNotReadyException: localhost_10000@group-03E665A0CE68 is in LEADER state but not ready yet., logIndex=0, commits[localhost_10000:c-1, localhost_10002:c-1, localhost_10001:c-1]
2019-09-24 12:19:54,300 INFO  client.GrpcClientProtocolService (GrpcClientProtocolService.java:lambda$processClientRequest$0(278)) - Failed RaftClientRequest:client-2265A94AA220->localhost_10000@group-03E665A0CE68, cid=42, seq=0, RW, Message:321f0a0f0a0d74657374...(size=33), reply=RaftClientReply:client-2265A94AA220->localhost_10000@group-03E665A0CE68, cid=42, FAILED org.apache.ratis.protocol.LeaderNotReadyException: localhost_10000@group-03E665A0CE68 is in LEADER state but not ready yet., logIndex=0, commits[localhost_10000:c-1, localhost_10002:c-1, localhost_10001:c-1]
2019-09-24 12:19:54,301 INFO  client.GrpcClientProtocolService (GrpcClientProtocolService.java:lambda$processClientRequest$0(278)) - Failed RaftClientRequest:client-2265A94AA220->localhost_10000@group-03E665A0CE68, cid=42, seq=0, RW, Message:321f0a0f0a0d74657374...(size=33), reply=RaftClientReply:client-2265A94AA220->localhost_10000@group-03E665A0CE68, cid=42, FAILED org.apache.ratis.protocol.LeaderNotReadyException: localhost_10000@group-03E665A0CE68 is in LEADER state but not ready yet., logIndex=0, commits[localhost_10000:c-1, localhost_10002:c-1, localhost_10001:c-1]
2019-09-24 12:19:54,302 INFO  client.GrpcClientProtocolService (GrpcClientProtocolService.java:lambda$processClientRequest$0(278)) - Failed RaftClientRequest:client-2265A94AA220->localhost_10000@group-03E665A0CE68, cid=42, seq=0, RW, Message:321f0a0f0a0d74657374...(size=33), reply=RaftClientReply:client-2265A94AA220->localhost_10000@group-03E665A0CE68, cid=42, FAILED org.apache.ratis.protocol.LeaderNotReadyException: localhost_10000@group-03E665A0CE68 is in LEADER state but not ready yet., logIndex=0, commits[localhost_10000:c-1, localhost_10002:c-1, localhost_10001:c-1]
2019-09-24 12:19:54,302 INFO  client.GrpcClientProtocolService (GrpcClientProtocolService.java:lambda$processClientRequest$0(278)) - Failed RaftClientRequest:client-2265A94AA220->localhost_10000@group-03E665A0CE68, cid=42, seq=0, RW, Message:321f0a0f0a0d74657374...(size=33), reply=RaftClientReply:client-2265A94AA220->localhost_10000@group-03E665A0CE68, cid=42, FAILED org.apache.ratis.protocol.LeaderNotReadyException: localhost_10000@group-03E665A0CE68 is in LEADER state but not ready yet., logIndex=0, commits[localhost_10000:c-1, localhost_10002:c-1, localhost_10001:c-1]
2019-09-24 12:19:54,303 INFO  client.GrpcClientProtocolService (GrpcClientProtocolService.java:lambda$processClientRequest$0(278)) - Failed RaftClientRequest:client-2265A94AA220->localhost_10000@group-03E665A0CE68, cid=42, seq=0, RW, Message:321f0a0f0a0d74657374...(size=33), reply=RaftClientReply:client-2265A94AA220->localhost_10000@group-03E665A0CE68, cid=42, FAILED org.apache.ratis.protocol.LeaderNotReadyException: localhost_10000@group-03E665A0CE68 is in LEADER state but not ready yet., logIndex=0, commits[localhost_10000:c-1, localhost_10002:c-1, localhost_10001:c-1]
2019-09-24 12:19:54,304 INFO  client.GrpcClientProtocolService (GrpcClientProtocolService.java:lambda$processClientRequest$0(278)) - Failed RaftClientRequest:client-2265A94AA220->localhost_10000@group-03E665A0CE68, cid=42, seq=0, RW, Message:321f0a0f0a0d74657374...(size=33), reply=RaftClientReply:client-2265A94AA220->localhost_10000@group-03E665A0CE68, cid=42, FAILED org.apache.ratis.protocol.LeaderNotReadyException: localhost_10000@group-03E665A0CE68 is in LEADER state but not ready yet., logIndex=0, commits[localhost_10000:c-1, localhost_10002:c-1, localhost_10001:c-1]
2019-09-24 12:19:54,304 INFO  client.GrpcClientProtocolService (GrpcClientProtocolService.java:lambda$processClientRequest$0(278)) - Failed RaftClientRequest:client-2265A94AA220->localhost_10000@group-03E665A0CE68, cid=42, seq=0, RW, Message:321f0a0f0a0d74657374...(size=33), reply=RaftClientReply:client-2265A94AA220->localhost_10000@group-03E665A0CE68, cid=42, FAILED org.apache.ratis.protocol.LeaderNotReadyException: localhost_10000@group-03E665A0CE68 is in LEADER state but not ready yet., logIndex=0, commits[localhost_10000:c-1, localhost_10002:c-1, localhost_10001:c-1]
2019-09-24 12:19:54,305 INFO  client.GrpcClientProtocolService (GrpcClientProtocolService.java:lambda$processClientRequest$0(278)) - Failed RaftClientRequest:client-2265A94AA220->localhost_10000@group-03E665A0CE68, cid=42, seq=0, RW, Message:321f0a0f0a0d74657374...(size=33), reply=RaftClientReply:client-2265A94AA220->localhost_10000@group-03E665A0CE68, cid=42, FAILED org.apache.ratis.protocol.LeaderNotReadyException: localhost_10000@group-03E665A0CE68 is in LEADER state but not ready yet., logIndex=0, commits[localhost_10000:c-1, localhost_10002:c-1, localhost_10001:c-1]
2019-09-24 12:19:54,306 INFO  client.GrpcClientProtocolService (GrpcClientProtocolService.java:lambda$processClientRequest$0(278)) - Failed RaftClientRequest:client-2265A94AA220->localhost_10000@group-03E665A0CE68, cid=42, seq=0, RW, Message:321f0a0f0a0d74657374...(size=33), reply=RaftClientReply:client-2265A94AA220->localhost_10000@group-03E665A0CE68, cid=42, FAILED org.apache.ratis.protocol.LeaderNotReadyException: localhost_10000@group-03E665A0CE68 is in LEADER state but not ready yet., logIndex=0, commits[localhost_10000:c-1, localhost_10002:c-1, localhost_10001:c-1]
2019-09-24 12:19:54,307 INFO  client.GrpcClientProtocolService (GrpcClientProtocolService.java:lambda$processClientRequest$0(278)) - Failed RaftClientRequest:client-2265A94AA220->localhost_10000@group-03E665A0CE68, cid=42, seq=0, RW, Message:321f0a0f0a0d74657374...(size=33), reply=RaftClientReply:client-2265A94AA220->localhost_10000@group-03E665A0CE68, cid=42, FAILED org.apache.ratis.protocol.LeaderNotReadyException: localhost_10000@group-03E665A0CE68 is in LEADER state but not ready yet., logIndex=0, commits[localhost_10000:c-1, localhost_10002:c-1, localhost_10001:c-1]
2019-09-24 12:19:54,307 INFO  client.GrpcClientProtocolService (GrpcClientProtocolService.java:lambda$processClientRequest$0(278)) - Failed RaftClientRequest:client-2265A94AA220->localhost_10000@group-03E665A0CE68, cid=42, seq=0, RW, Message:321f0a0f0a0d74657374...(size=33), reply=RaftClientReply:client-2265A94AA220->localhost_10000@group-03E665A0CE68, cid=42, FAILED org.apache.ratis.protocol.LeaderNotReadyException: localhost_10000@group-03E665A0CE68 is in LEADER state but not ready yet., logIndex=0, commits[localhost_10000:c-1, localhost_10002:c-1, localhost_10001:c-1]
2019-09-24 12:19:54,308 INFO  client.GrpcClientProtocolService (GrpcClientProtocolService.java:lambda$processClientRequest$0(278)) - Failed RaftClientRequest:client-2265A94AA220->localhost_10000@group-03E665A0CE68, cid=42, seq=0, RW, Message:321f0a0f0a0d74657374...(size=33), reply=RaftClientReply:client-2265A94AA220->localhost_10000@group-03E665A0CE68, cid=42, FAILED org.apache.ratis.protocol.LeaderNotReadyException: localhost_10000@group-03E665A0CE68 is in LEADER state but not ready yet., logIndex=0, commits[localhost_10000:c-1, localhost_10002:c-1, localhost_10001:c-1]
2019-09-24 12:19:54,309 INFO  client.GrpcClientProtocolService (GrpcClientProtocolService.java:lambda$processClientRequest$0(278)) - Failed RaftClientRequest:client-2265A94AA220->localhost_10000@group-03E665A0CE68, cid=42, seq=0, RW, Message:321f0a0f0a0d74657374...(size=33), reply=RaftClientReply:client-2265A94AA220->localhost_10000@group-03E665A0CE68, cid=42, FAILED org.apache.ratis.protocol.LeaderNotReadyException: localhost_10000@group-03E665A0CE68 is in LEADER state but not ready yet., logIndex=0, commits[localhost_10000:c-1, localhost_10002:c-1, localhost_10001:c-1]
2019-09-24 12:19:54,309 INFO  client.GrpcClientProtocolService (GrpcClientProtocolService.java:lambda$processClientRequest$0(278)) - Failed RaftClientRequest:client-2265A94AA220->localhost_10000@group-03E665A0CE68, cid=42, seq=0, RW, Message:321f0a0f0a0d74657374...(size=33), reply=RaftClientReply:client-2265A94AA220->localhost_10000@group-03E665A0CE68, cid=42, FAILED org.apache.ratis.protocol.LeaderNotReadyException: localhost_10000@group-03E665A0CE68 is in LEADER state but not ready yet., logIndex=0, commits[localhost_10000:c-1, localhost_10002:c-1, localhost_10001:c-1]
2019-09-24 12:19:54,310 INFO  client.GrpcClientProtocolService (GrpcClientProtocolService.java:lambda$processClientRequest$0(278)) - Failed RaftClientRequest:client-2265A94AA220->localhost_10000@group-03E665A0CE68, cid=42, seq=0, RW, Message:321f0a0f0a0d74657374...(size=33), reply=RaftClientReply:client-2265A94AA220->localhost_10000@group-03E665A0CE68, cid=42, FAILED org.apache.ratis.protocol.LeaderNotReadyException: localhost_10000@group-03E665A0CE68 is in LEADER state but not ready yet., logIndex=0, commits[localhost_10000:c-1, localhost_10002:c-1, localhost_10001:c-1]
2019-09-24 12:19:54,311 INFO  client.GrpcClientProtocolService (GrpcClientProtocolService.java:lambda$processClientRequest$0(278)) - Failed RaftClientRequest:client-2265A94AA220->localhost_10000@group-03E665A0CE68, cid=42, seq=0, RW, Message:321f0a0f0a0d74657374...(size=33), reply=RaftClientReply:client-2265A94AA220->localhost_10000@group-03E665A0CE68, cid=42, FAILED org.apache.ratis.protocol.LeaderNotReadyException: localhost_10000@group-03E665A0CE68 is in LEADER state but not ready yet., logIndex=0, commits[localhost_10000:c-1, localhost_10002:c-1, localhost_10001:c-1]
2019-09-24 12:19:54,312 INFO  client.GrpcClientProtocolService (GrpcClientProtocolService.java:lambda$processClientRequest$0(278)) - Failed RaftClientRequest:client-2265A94AA220->localhost_10000@group-03E665A0CE68, cid=42, seq=0, RW, Message:321f0a0f0a0d74657374...(size=33), reply=RaftClientReply:client-2265A94AA220->localhost_10000@group-03E665A0CE68, cid=42, FAILED org.apache.ratis.protocol.LeaderNotReadyException: localhost_10000@group-03E665A0CE68 is in LEADER state but not ready yet., logIndex=0, commits[localhost_10000:c-1, localhost_10002:c-1, localhost_10001:c-1]
2019-09-24 12:19:54,313 INFO  client.GrpcClientProtocolService (GrpcClientProtocolService.java:lambda$processClientRequest$0(278)) - Failed RaftClientRequest:client-2265A94AA220->localhost_10000@group-03E665A0CE68, cid=42, seq=0, RW, Message:321f0a0f0a0d74657374...(size=33), reply=RaftClientReply:client-2265A94AA220->localhost_10000@group-03E665A0CE68, cid=42, FAILED org.apache.ratis.protocol.LeaderNotReadyException: localhost_10000@group-03E665A0CE68 is in LEADER state but not ready yet., logIndex=0, commits[localhost_10000:c-1, localhost_10002:c-1, localhost_10001:c-1]
2019-09-24 12:19:54,314 INFO  client.GrpcClientProtocolService (GrpcClientProtocolService.java:lambda$processClientRequest$0(278)) - Failed RaftClientRequest:client-2265A94AA220->localhost_10000@group-03E665A0CE68, cid=42, seq=0, RW, Message:321f0a0f0a0d74657374...(size=33), reply=RaftClientReply:client-2265A94AA220->localhost_10000@group-03E665A0CE68, cid=42, FAILED org.apache.ratis.protocol.LeaderNotReadyException: localhost_10000@group-03E665A0CE68 is in LEADER state but not ready yet., logIndex=0, commits[localhost_10000:c-1, localhost_10002:c-1, localhost_10001:c-1]
2019-09-24 12:19:54,314 INFO  client.GrpcClientProtocolService (GrpcClientProtocolService.java:lambda$processClientRequest$0(278)) - Failed RaftClientRequest:client-2265A94AA220->localhost_10000@group-03E665A0CE68, cid=42, seq=0, RW, Message:321f0a0f0a0d74657374...(size=33), reply=RaftClientReply:client-2265A94AA220->localhost_10000@group-03E665A0CE68, cid=42, FAILED org.apache.ratis.protocol.LeaderNotReadyException: localhost_10000@group-03E665A0CE68 is in LEADER state but not ready yet., logIndex=0, commits[localhost_10000:c-1, localhost_10002:c-1, localhost_10001:c-1]
2019-09-24 12:19:54,315 INFO  client.GrpcClientProtocolService (GrpcClientProtocolService.java:lambda$processClientRequest$0(278)) - Failed RaftClientRequest:client-2265A94AA220->localhost_10000@group-03E665A0CE68, cid=42, seq=0, RW, Message:321f0a0f0a0d74657374...(size=33), reply=RaftClientReply:client-2265A94AA220->localhost_10000@group-03E665A0CE68, cid=42, FAILED org.apache.ratis.protocol.LeaderNotReadyException: localhost_10000@group-03E665A0CE68 is in LEADER state but not ready yet., logIndex=0, commits[localhost_10000:c-1, localhost_10002:c-1, localhost_10001:c-1]
2019-09-24 12:19:54,316 INFO  client.GrpcClientProtocolService (GrpcClientProtocolService.java:lambda$processClientRequest$0(278)) - Failed RaftClientRequest:client-2265A94AA220->localhost_10000@group-03E665A0CE68, cid=42, seq=0, RW, Message:321f0a0f0a0d74657374...(size=33), reply=RaftClientReply:client-2265A94AA220->localhost_10000@group-03E665A0CE68, cid=42, FAILED org.apache.ratis.protocol.LeaderNotReadyException: localhost_10000@group-03E665A0CE68 is in LEADER state but not ready yet., logIndex=0, commits[localhost_10000:c-1, localhost_10002:c-1, localhost_10001:c-1]
2019-09-24 12:19:54,317 INFO  client.GrpcClientProtocolService (GrpcClientProtocolService.java:lambda$processClientRequest$0(278)) - Failed RaftClientRequest:client-2265A94AA220->localhost_10000@group-03E665A0CE68, cid=42, seq=0, RW, Message:321f0a0f0a0d74657374...(size=33), reply=RaftClientReply:client-2265A94AA220->localhost_10000@group-03E665A0CE68, cid=42, FAILED org.apache.ratis.protocol.LeaderNotReadyException: localhost_10000@group-03E665A0CE68 is in LEADER state but not ready yet., logIndex=0, commits[localhost_10000:c-1, localhost_10002:c-1, localhost_10001:c-1]
2019-09-24 12:19:54,318 INFO  client.GrpcClientProtocolService (GrpcClientProtocolService.java:lambda$processClientRequest$0(278)) - Failed RaftClientRequest:client-2265A94AA220->localhost_10000@group-03E665A0CE68, cid=42, seq=0, RW, Message:321f0a0f0a0d74657374...(size=33), reply=RaftClientReply:client-2265A94AA220->localhost_10000@group-03E665A0CE68, cid=42, FAILED org.apache.ratis.protocol.LeaderNotReadyException: localhost_10000@group-03E665A0CE68 is in LEADER state but not ready yet., logIndex=0, commits[localhost_10000:c-1, localhost_10002:c-1, localhost_10001:c-1]
2019-09-24 12:19:54,319 INFO  client.GrpcClientProtocolService (GrpcClientProtocolService.java:lambda$processClientRequest$0(278)) - Failed RaftClientRequest:client-2265A94AA220->localhost_10000@group-03E665A0CE68, cid=42, seq=0, RW, Message:321f0a0f0a0d74657374...(size=33), reply=RaftClientReply:client-2265A94AA220->localhost_10000@group-03E665A0CE68, cid=42, FAILED org.apache.ratis.protocol.LeaderNotReadyException: localhost_10000@group-03E665A0CE68 is in LEADER state but not ready yet., logIndex=0, commits[localhost_10000:c-1, localhost_10002:c-1, localhost_10001:c-1]
2019-09-24 12:19:54,320 INFO  client.GrpcClientProtocolService (GrpcClientProtocolService.java:lambda$processClientRequest$0(278)) - Failed RaftClientRequest:client-2265A94AA220->localhost_10000@group-03E665A0CE68, cid=42, seq=0, RW, Message:321f0a0f0a0d74657374...(size=33), reply=RaftClientReply:client-2265A94AA220->localhost_10000@group-03E665A0CE68, cid=42, FAILED org.apache.ratis.protocol.LeaderNotReadyException: localhost_10000@group-03E665A0CE68 is in LEADER state but not ready yet., logIndex=0, commits[localhost_10000:c-1, localhost_10002:c-1, localhost_10001:c-1]
2019-09-24 12:19:54,320 INFO  client.GrpcClientProtocolService (GrpcClientProtocolService.java:lambda$processClientRequest$0(278)) - Failed RaftClientRequest:client-2265A94AA220->localhost_10000@group-03E665A0CE68, cid=42, seq=0, RW, Message:321f0a0f0a0d74657374...(size=33), reply=RaftClientReply:client-2265A94AA220->localhost_10000@group-03E665A0CE68, cid=42, FAILED org.apache.ratis.protocol.LeaderNotReadyException: localhost_10000@group-03E665A0CE68 is in LEADER state but not ready yet., logIndex=0, commits[localhost_10000:c-1, localhost_10002:c-1, localhost_10001:c-1]
2019-09-24 12:19:54,321 INFO  client.GrpcClientProtocolService (GrpcClientProtocolService.java:lambda$processClientRequest$0(278)) - Failed RaftClientRequest:client-2265A94AA220->localhost_10000@group-03E665A0CE68, cid=42, seq=0, RW, Message:321f0a0f0a0d74657374...(size=33), reply=RaftClientReply:client-2265A94AA220->localhost_10000@group-03E665A0CE68, cid=42, FAILED org.apache.ratis.protocol.LeaderNotReadyException: localhost_10000@group-03E665A0CE68 is in LEADER state but not ready yet., logIndex=0, commits[localhost_10000:c-1, localhost_10002:c-1, localhost_10001:c-1]
2019-09-24 12:19:54,322 INFO  client.GrpcClientProtocolService (GrpcClientProtocolService.java:lambda$processClientRequest$0(278)) - Failed RaftClientRequest:client-2265A94AA220->localhost_10000@group-03E665A0CE68, cid=42, seq=0, RW, Message:321f0a0f0a0d74657374...(size=33), reply=RaftClientReply:client-2265A94AA220->localhost_10000@group-03E665A0CE68, cid=42, FAILED org.apache.ratis.protocol.LeaderNotReadyException: localhost_10000@group-03E665A0CE68 is in LEADER state but not ready yet., logIndex=0, commits[localhost_10000:c-1, localhost_10002:c-1, localhost_10001:c-1]
2019-09-24 12:19:54,323 INFO  client.GrpcClientProtocolService (GrpcClientProtocolService.java:lambda$processClientRequest$0(278)) - Failed RaftClientRequest:client-2265A94AA220->localhost_10000@group-03E665A0CE68, cid=42, seq=0, RW, Message:321f0a0f0a0d74657374...(size=33), reply=RaftClientReply:client-2265A94AA220->localhost_10000@group-03E665A0CE68, cid=42, FAILED org.apache.ratis.protocol.LeaderNotReadyException: localhost_10000@group-03E665A0CE68 is in LEADER state but not ready yet., logIndex=0, commits[localhost_10000:c-1, localhost_10002:c-1, localhost_10001:c-1]
2019-09-24 12:19:54,323 INFO  client.GrpcClientProtocolService (GrpcClientProtocolService.java:lambda$processClientRequest$0(278)) - Failed RaftClientRequest:client-2265A94AA220->localhost_10000@group-03E665A0CE68, cid=42, seq=0, RW, Message:321f0a0f0a0d74657374...(size=33), reply=RaftClientReply:client-2265A94AA220->localhost_10000@group-03E665A0CE68, cid=42, FAILED org.apache.ratis.protocol.LeaderNotReadyException: localhost_10000@group-03E665A0CE68 is in LEADER state but not ready yet., logIndex=0, commits[localhost_10000:c-1, localhost_10002:c-1, localhost_10001:c-1]
2019-09-24 12:19:54,324 INFO  client.GrpcClientProtocolService (GrpcClientProtocolService.java:lambda$processClientRequest$0(278)) - Failed RaftClientRequest:client-2265A94AA220->localhost_10000@group-03E665A0CE68, cid=42, seq=0, RW, Message:321f0a0f0a0d74657374...(size=33), reply=RaftClientReply:client-2265A94AA220->localhost_10000@group-03E665A0CE68, cid=42, FAILED org.apache.ratis.protocol.LeaderNotReadyException: localhost_10000@group-03E665A0CE68 is in LEADER state but not ready yet., logIndex=0, commits[localhost_10000:c-1, localhost_10002:c-1, localhost_10001:c-1]
2019-09-24 12:19:54,325 INFO  client.GrpcClientProtocolService (GrpcClientProtocolService.java:lambda$processClientRequest$0(278)) - Failed RaftClientRequest:client-2265A94AA220->localhost_10000@group-03E665A0CE68, cid=42, seq=0, RW, Message:321f0a0f0a0d74657374...(size=33), reply=RaftClientReply:client-2265A94AA220->localhost_10000@group-03E665A0CE68, cid=42, FAILED org.apache.ratis.protocol.LeaderNotReadyException: localhost_10000@group-03E665A0CE68 is in LEADER state but not ready yet., logIndex=0, commits[localhost_10000:c-1, localhost_10002:c-1, localhost_10001:c-1]
2019-09-24 12:19:54,326 INFO  client.GrpcClientProtocolService (GrpcClientProtocolService.java:lambda$processClientRequest$0(278)) - Failed RaftClientRequest:client-2265A94AA220->localhost_10000@group-03E665A0CE68, cid=42, seq=0, RW, Message:321f0a0f0a0d74657374...(size=33), reply=RaftClientReply:client-2265A94AA220->localhost_10000@group-03E665A0CE68, cid=42, FAILED org.apache.ratis.protocol.LeaderNotReadyException: localhost_10000@group-03E665A0CE68 is in LEADER state but not ready yet., logIndex=0, commits[localhost_10000:c-1, localhost_10002:c-1, localhost_10001:c-1]
2019-09-24 12:19:54,327 INFO  client.GrpcClientProtocolService (GrpcClientProtocolService.java:lambda$processClientRequest$0(278)) - Failed RaftClientRequest:client-2265A94AA220->localhost_10000@group-03E665A0CE68, cid=42, seq=0, RW, Message:321f0a0f0a0d74657374...(size=33), reply=RaftClientReply:client-2265A94AA220->localhost_10000@group-03E665A0CE68, cid=42, FAILED org.apache.ratis.protocol.LeaderNotReadyException: localhost_10000@group-03E665A0CE68 is in LEADER state but not ready yet., logIndex=0, commits[localhost_10000:c-1, localhost_10002:c-1, localhost_10001:c-1]
2019-09-24 12:19:54,327 INFO  client.GrpcClientProtocolService (GrpcClientProtocolService.java:lambda$processClientRequest$0(278)) - Failed RaftClientRequest:client-2265A94AA220->localhost_10000@group-03E665A0CE68, cid=42, seq=0, RW, Message:321f0a0f0a0d74657374...(size=33), reply=RaftClientReply:client-2265A94AA220->localhost_10000@group-03E665A0CE68, cid=42, FAILED org.apache.ratis.protocol.LeaderNotReadyException: localhost_10000@group-03E665A0CE68 is in LEADER state but not ready yet., logIndex=0, commits[localhost_10000:c-1, localhost_10002:c-1, localhost_10001:c-1]
2019-09-24 12:19:54,328 INFO  client.GrpcClientProtocolService (GrpcClientProtocolService.java:lambda$processClientRequest$0(278)) - Failed RaftClientRequest:client-2265A94AA220->localhost_10000@group-03E665A0CE68, cid=42, seq=0, RW, Message:321f0a0f0a0d74657374...(size=33), reply=RaftClientReply:client-2265A94AA220->localhost_10000@group-03E665A0CE68, cid=42, FAILED org.apache.ratis.protocol.LeaderNotReadyException: localhost_10000@group-03E665A0CE68 is in LEADER state but not ready yet., logIndex=0, commits[localhost_10000:c-1, localhost_10002:c-1, localhost_10001:c-1]
2019-09-24 12:19:54,329 INFO  client.GrpcClientProtocolService (GrpcClientProtocolService.java:lambda$processClientRequest$0(278)) - Failed RaftClientRequest:client-2265A94AA220->localhost_10000@group-03E665A0CE68, cid=42, seq=0, RW, Message:321f0a0f0a0d74657374...(size=33), reply=RaftClientReply:client-2265A94AA220->localhost_10000@group-03E665A0CE68, cid=42, FAILED org.apache.ratis.protocol.LeaderNotReadyException: localhost_10000@group-03E665A0CE68 is in LEADER state but not ready yet., logIndex=0, commits[localhost_10000:c-1, localhost_10002:c-1, localhost_10001:c-1]
2019-09-24 12:19:54,330 INFO  client.GrpcClientProtocolService (GrpcClientProtocolService.java:lambda$processClientRequest$0(278)) - Failed RaftClientRequest:client-2265A94AA220->localhost_10000@group-03E665A0CE68, cid=42, seq=0, RW, Message:321f0a0f0a0d74657374...(size=33), reply=RaftClientReply:client-2265A94AA220->localhost_10000@group-03E665A0CE68, cid=42, FAILED org.apache.ratis.protocol.LeaderNotReadyException: localhost_10000@group-03E665A0CE68 is in LEADER state but not ready yet., logIndex=0, commits[localhost_10000:c-1, localhost_10002:c-1, localhost_10001:c-1]
2019-09-24 12:19:54,331 INFO  client.GrpcClientProtocolService (GrpcClientProtocolService.java:lambda$processClientRequest$0(278)) - Failed RaftClientRequest:client-2265A94AA220->localhost_10000@group-03E665A0CE68, cid=42, seq=0, RW, Message:321f0a0f0a0d74657374...(size=33), reply=RaftClientReply:client-2265A94AA220->localhost_10000@group-03E665A0CE68, cid=42, FAILED org.apache.ratis.protocol.LeaderNotReadyException: localhost_10000@group-03E665A0CE68 is in LEADER state but not ready yet., logIndex=0, commits[localhost_10000:c-1, localhost_10002:c-1, localhost_10001:c-1]
2019-09-24 12:19:54,331 INFO  client.GrpcClientProtocolService (GrpcClientProtocolService.java:lambda$processClientRequest$0(278)) - Failed RaftClientRequest:client-2265A94AA220->localhost_10000@group-03E665A0CE68, cid=42, seq=0, RW, Message:321f0a0f0a0d74657374...(size=33), reply=RaftClientReply:client-2265A94AA220->localhost_10000@group-03E665A0CE68, cid=42, FAILED org.apache.ratis.protocol.LeaderNotReadyException: localhost_10000@group-03E665A0CE68 is in LEADER state but not ready yet., logIndex=0, commits[localhost_10000:c-1, localhost_10002:c-1, localhost_10001:c-1]
2019-09-24 12:19:54,332 INFO  client.GrpcClientProtocolService (GrpcClientProtocolService.java:lambda$processClientRequest$0(278)) - Failed RaftClientRequest:client-2265A94AA220->localhost_10000@group-03E665A0CE68, cid=42, seq=0, RW, Message:321f0a0f0a0d74657374...(size=33), reply=RaftClientReply:client-2265A94AA220->localhost_10000@group-03E665A0CE68, cid=42, FAILED org.apache.ratis.protocol.LeaderNotReadyException: localhost_10000@group-03E665A0CE68 is in LEADER state but not ready yet., logIndex=0, commits[localhost_10000:c-1, localhost_10002:c-1, localhost_10001:c-1]
2019-09-24 12:19:54,333 INFO  client.GrpcClientProtocolService (GrpcClientProtocolService.java:lambda$processClientRequest$0(278)) - Failed RaftClientRequest:client-2265A94AA220->localhost_10000@group-03E665A0CE68, cid=42, seq=0, RW, Message:321f0a0f0a0d74657374...(size=33), reply=RaftClientReply:client-2265A94AA220->localhost_10000@group-03E665A0CE68, cid=42, FAILED org.apache.ratis.protocol.LeaderNotReadyException: localhost_10000@group-03E665A0CE68 is in LEADER state but not ready yet., logIndex=0, commits[localhost_10000:c-1, localhost_10002:c-1, localhost_10001:c-1]
2019-09-24 12:19:54,334 INFO  client.GrpcClientProtocolService (GrpcClientProtocolService.java:lambda$processClientRequest$0(278)) - Failed RaftClientRequest:client-2265A94AA220->localhost_10000@group-03E665A0CE68, cid=42, seq=0, RW, Message:321f0a0f0a0d74657374...(size=33), reply=RaftClientReply:client-2265A94AA220->localhost_10000@group-03E665A0CE68, cid=42, FAILED org.apache.ratis.protocol.LeaderNotReadyException: localhost_10000@group-03E665A0CE68 is in LEADER state but not ready yet., logIndex=0, commits[localhost_10000:c-1, localhost_10002:c-1, localhost_10001:c-1]
2019-09-24 12:19:54,334 INFO  client.GrpcClientProtocolService (GrpcClientProtocolService.java:lambda$processClientRequest$0(278)) - Failed RaftClientRequest:client-2265A94AA220->localhost_10000@group-03E665A0CE68, cid=42, seq=0, RW, Message:321f0a0f0a0d74657374...(size=33), reply=RaftClientReply:client-2265A94AA220->localhost_10000@group-03E665A0CE68, cid=42, FAILED org.apache.ratis.protocol.LeaderNotReadyException: localhost_10000@group-03E665A0CE68 is in LEADER state but not ready yet., logIndex=0, commits[localhost_10000:c-1, localhost_10002:c-1, localhost_10001:c-1]
2019-09-24 12:19:54,335 INFO  client.GrpcClientProtocolService (GrpcClientProtocolService.java:lambda$processClientRequest$0(278)) - Failed RaftClientRequest:client-2265A94AA220->localhost_10000@group-03E665A0CE68, cid=42, seq=0, RW, Message:321f0a0f0a0d74657374...(size=33), reply=RaftClientReply:client-2265A94AA220->localhost_10000@group-03E665A0CE68, cid=42, FAILED org.apache.ratis.protocol.LeaderNotReadyException: localhost_10000@group-03E665A0CE68 is in LEADER state but not ready yet., logIndex=0, commits[localhost_10000:c-1, localhost_10002:c-1, localhost_10001:c-1]
2019-09-24 12:19:54,336 INFO  client.GrpcClientProtocolService (GrpcClientProtocolService.java:lambda$processClientRequest$0(278)) - Failed RaftClientRequest:client-2265A94AA220->localhost_10000@group-03E665A0CE68, cid=42, seq=0, RW, Message:321f0a0f0a0d74657374...(size=33), reply=RaftClientReply:client-2265A94AA220->localhost_10000@group-03E665A0CE68, cid=42, FAILED org.apache.ratis.protocol.LeaderNotReadyException: localhost_10000@group-03E665A0CE68 is in LEADER state but not ready yet., logIndex=0, commits[localhost_10000:c-1, localhost_10002:c-1, localhost_10001:c-1]
2019-09-24 12:19:54,337 INFO  client.GrpcClientProtocolService (GrpcClientProtocolService.java:lambda$processClientRequest$0(278)) - Failed RaftClientRequest:client-2265A94AA220->localhost_10000@group-03E665A0CE68, cid=42, seq=0, RW, Message:321f0a0f0a0d74657374...(size=33), reply=RaftClientReply:client-2265A94AA220->localhost_10000@group-03E665A0CE68, cid=42, FAILED org.apache.ratis.protocol.LeaderNotReadyException: localhost_10000@group-03E665A0CE68 is in LEADER state but not ready yet., logIndex=0, commits[localhost_10000:c-1, localhost_10002:c-1, localhost_10001:c-1]
2019-09-24 12:19:54,337 INFO  client.GrpcClientProtocolService (GrpcClientProtocolService.java:lambda$processClientRequest$0(278)) - Failed RaftClientRequest:client-2265A94AA220->localhost_10000@group-03E665A0CE68, cid=42, seq=0, RW, Message:321f0a0f0a0d74657374...(size=33), reply=RaftClientReply:client-2265A94AA220->localhost_10000@group-03E665A0CE68, cid=42, FAILED org.apache.ratis.protocol.LeaderNotReadyException: localhost_10000@group-03E665A0CE68 is in LEADER state but not ready yet., logIndex=0, commits[localhost_10000:c-1, localhost_10002:c-1, localhost_10001:c-1]
2019-09-24 12:19:54,338 INFO  client.GrpcClientProtocolService (GrpcClientProtocolService.java:lambda$processClientRequest$0(278)) - Failed RaftClientRequest:client-2265A94AA220->localhost_10000@group-03E665A0CE68, cid=42, seq=0, RW, Message:321f0a0f0a0d74657374...(size=33), reply=RaftClientReply:client-2265A94AA220->localhost_10000@group-03E665A0CE68, cid=42, FAILED org.apache.ratis.protocol.LeaderNotReadyException: localhost_10000@group-03E665A0CE68 is in LEADER state but not ready yet., logIndex=0, commits[localhost_10000:c-1, localhost_10002:c-1, localhost_10001:c-1]
2019-09-24 12:19:54,339 INFO  client.GrpcClientProtocolService (GrpcClientProtocolService.java:lambda$processClientRequest$0(278)) - Failed RaftClientRequest:client-2265A94AA220->localhost_10000@group-03E665A0CE68, cid=42, seq=0, RW, Message:321f0a0f0a0d74657374...(size=33), reply=RaftClientReply:client-2265A94AA220->localhost_10000@group-03E665A0CE68, cid=42, FAILED org.apache.ratis.protocol.LeaderNotReadyException: localhost_10000@group-03E665A0CE68 is in LEADER state but not ready yet., logIndex=0, commits[localhost_10000:c-1, localhost_10002:c-1, localhost_10001:c-1]
2019-09-24 12:19:54,340 INFO  client.GrpcClientProtocolService (GrpcClientProtocolService.java:lambda$processClientRequest$0(278)) - Failed RaftClientRequest:client-2265A94AA220->localhost_10000@group-03E665A0CE68, cid=42, seq=0, RW, Message:321f0a0f0a0d74657374...(size=33), reply=RaftClientReply:client-2265A94AA220->localhost_10000@group-03E665A0CE68, cid=42, FAILED org.apache.ratis.protocol.LeaderNotReadyException: localhost_10000@group-03E665A0CE68 is in LEADER state but not ready yet., logIndex=0, commits[localhost_10000:c-1, localhost_10002:c-1, localhost_10001:c-1]
2019-09-24 12:19:54,340 INFO  client.GrpcClientProtocolService (GrpcClientProtocolService.java:lambda$processClientRequest$0(278)) - Failed RaftClientRequest:client-2265A94AA220->localhost_10000@group-03E665A0CE68, cid=42, seq=0, RW, Message:321f0a0f0a0d74657374...(size=33), reply=RaftClientReply:client-2265A94AA220->localhost_10000@group-03E665A0CE68, cid=42, FAILED org.apache.ratis.protocol.LeaderNotReadyException: localhost_10000@group-03E665A0CE68 is in LEADER state but not ready yet., logIndex=0, commits[localhost_10000:c-1, localhost_10002:c-1, localhost_10001:c-1]
2019-09-24 12:19:54,341 INFO  client.GrpcClientProtocolService (GrpcClientProtocolService.java:lambda$processClientRequest$0(278)) - Failed RaftClientRequest:client-2265A94AA220->localhost_10000@group-03E665A0CE68, cid=42, seq=0, RW, Message:321f0a0f0a0d74657374...(size=33), reply=RaftClientReply:client-2265A94AA220->localhost_10000@group-03E665A0CE68, cid=42, FAILED org.apache.ratis.protocol.LeaderNotReadyException: localhost_10000@group-03E665A0CE68 is in LEADER state but not ready yet., logIndex=0, commits[localhost_10000:c-1, localhost_10002:c-1, localhost_10001:c-1]
2019-09-24 12:19:54,342 INFO  client.GrpcClientProtocolService (GrpcClientProtocolService.java:lambda$processClientRequest$0(278)) - Failed RaftClientRequest:client-2265A94AA220->localhost_10000@group-03E665A0CE68, cid=42, seq=0, RW, Message:321f0a0f0a0d74657374...(size=33), reply=RaftClientReply:client-2265A94AA220->localhost_10000@group-03E665A0CE68, cid=42, FAILED org.apache.ratis.protocol.LeaderNotReadyException: localhost_10000@group-03E665A0CE68 is in LEADER state but not ready yet., logIndex=0, commits[localhost_10000:c-1, localhost_10002:c-1, localhost_10001:c-1]
2019-09-24 12:19:54,342 INFO  client.GrpcClientProtocolService (GrpcClientProtocolService.java:lambda$processClientRequest$0(278)) - Failed RaftClientRequest:client-2265A94AA220->localhost_10000@group-03E665A0CE68, cid=42, seq=0, RW, Message:321f0a0f0a0d74657374...(size=33), reply=RaftClientReply:client-2265A94AA220->localhost_10000@group-03E665A0CE68, cid=42, FAILED org.apache.ratis.protocol.LeaderNotReadyException: localhost_10000@group-03E665A0CE68 is in LEADER state but not ready yet., logIndex=0, commits[localhost_10000:c-1, localhost_10002:c-1, localhost_10001:c-1]
2019-09-24 12:19:54,343 INFO  client.GrpcClientProtocolService (GrpcClientProtocolService.java:lambda$processClientRequest$0(278)) - Failed RaftClientRequest:client-2265A94AA220->localhost_10000@group-03E665A0CE68, cid=42, seq=0, RW, Message:321f0a0f0a0d74657374...(size=33), reply=RaftClientReply:client-2265A94AA220->localhost_10000@group-03E665A0CE68, cid=42, FAILED org.apache.ratis.protocol.LeaderNotReadyException: localhost_10000@group-03E665A0CE68 is in LEADER state but not ready yet., logIndex=0, commits[localhost_10000:c-1, localhost_10002:c-1, localhost_10001:c-1]
2019-09-24 12:19:54,344 INFO  client.GrpcClientProtocolService (GrpcClientProtocolService.java:lambda$processClientRequest$0(278)) - Failed RaftClientRequest:client-2265A94AA220->localhost_10000@group-03E665A0CE68, cid=42, seq=0, RW, Message:321f0a0f0a0d74657374...(size=33), reply=RaftClientReply:client-2265A94AA220->localhost_10000@group-03E665A0CE68, cid=42, FAILED org.apache.ratis.protocol.LeaderNotReadyException: localhost_10000@group-03E665A0CE68 is in LEADER state but not ready yet., logIndex=0, commits[localhost_10000:c-1, localhost_10002:c-1, localhost_10001:c-1]
2019-09-24 12:19:54,345 INFO  client.GrpcClientProtocolService (GrpcClientProtocolService.java:lambda$processClientRequest$0(278)) - Failed RaftClientRequest:client-2265A94AA220->localhost_10000@group-03E665A0CE68, cid=42, seq=0, RW, Message:321f0a0f0a0d74657374...(size=33), reply=RaftClientReply:client-2265A94AA220->localhost_10000@group-03E665A0CE68, cid=42, FAILED org.apache.ratis.protocol.LeaderNotReadyException: localhost_10000@group-03E665A0CE68 is in LEADER state but not ready yet., logIndex=0, commits[localhost_10000:c-1, localhost_10002:c-1, localhost_10001:c-1]
2019-09-24 12:19:54,346 INFO  client.GrpcClientProtocolService (GrpcClientProtocolService.java:lambda$processClientRequest$0(278)) - Failed RaftClientRequest:client-2265A94AA220->localhost_10000@group-03E665A0CE68, cid=42, seq=0, RW, Message:321f0a0f0a0d74657374...(size=33), reply=RaftClientReply:client-2265A94AA220->localhost_10000@group-03E665A0CE68, cid=42, FAILED org.apache.ratis.protocol.LeaderNotReadyException: localhost_10000@group-03E665A0CE68 is in LEADER state but not ready yet., logIndex=0, commits[localhost_10000:c-1, localhost_10002:c-1, localhost_10001:c-1]
2019-09-24 12:19:54,346 INFO  client.GrpcClientProtocolService (GrpcClientProtocolService.java:lambda$processClientRequest$0(278)) - Failed RaftClientRequest:client-2265A94AA220->localhost_10000@group-03E665A0CE68, cid=42, seq=0, RW, Message:321f0a0f0a0d74657374...(size=33), reply=RaftClientReply:client-2265A94AA220->localhost_10000@group-03E665A0CE68, cid=42, FAILED org.apache.ratis.protocol.LeaderNotReadyException: localhost_10000@group-03E665A0CE68 is in LEADER state but not ready yet., logIndex=0, commits[localhost_10000:c-1, localhost_10002:c-1, localhost_10001:c-1]
2019-09-24 12:19:54,347 INFO  client.GrpcClientProtocolService (GrpcClientProtocolService.java:lambda$processClientRequest$0(278)) - Failed RaftClientRequest:client-2265A94AA220->localhost_10000@group-03E665A0CE68, cid=42, seq=0, RW, Message:321f0a0f0a0d74657374...(size=33), reply=RaftClientReply:client-2265A94AA220->localhost_10000@group-03E665A0CE68, cid=42, FAILED org.apache.ratis.protocol.LeaderNotReadyException: localhost_10000@group-03E665A0CE68 is in LEADER state but not ready yet., logIndex=0, commits[localhost_10000:c-1, localhost_10002:c-1, localhost_10001:c-1]
2019-09-24 12:19:54,348 INFO  client.GrpcClientProtocolService (GrpcClientProtocolService.java:lambda$processClientRequest$0(278)) - Failed RaftClientRequest:client-2265A94AA220->localhost_10000@group-03E665A0CE68, cid=42, seq=0, RW, Message:321f0a0f0a0d74657374...(size=33), reply=RaftClientReply:client-2265A94AA220->localhost_10000@group-03E665A0CE68, cid=42, FAILED org.apache.ratis.protocol.LeaderNotReadyException: localhost_10000@group-03E665A0CE68 is in LEADER state but not ready yet., logIndex=0, commits[localhost_10000:c-1, localhost_10002:c-1, localhost_10001:c-1]
2019-09-24 12:19:54,349 INFO  client.GrpcClientProtocolService (GrpcClientProtocolService.java:lambda$processClientRequest$0(278)) - Failed RaftClientRequest:client-2265A94AA220->localhost_10000@group-03E665A0CE68, cid=42, seq=0, RW, Message:321f0a0f0a0d74657374...(size=33), reply=RaftClientReply:client-2265A94AA220->localhost_10000@group-03E665A0CE68, cid=42, FAILED org.apache.ratis.protocol.LeaderNotReadyException: localhost_10000@group-03E665A0CE68 is in LEADER state but not ready yet., logIndex=0, commits[localhost_10000:c-1, localhost_10002:c-1, localhost_10001:c-1]
2019-09-24 12:19:54,349 INFO  client.GrpcClientProtocolService (GrpcClientProtocolService.java:lambda$processClientRequest$0(278)) - Failed RaftClientRequest:client-2265A94AA220->localhost_10000@group-03E665A0CE68, cid=42, seq=0, RW, Message:321f0a0f0a0d74657374...(size=33), reply=RaftClientReply:client-2265A94AA220->localhost_10000@group-03E665A0CE68, cid=42, FAILED org.apache.ratis.protocol.LeaderNotReadyException: localhost_10000@group-03E665A0CE68 is in LEADER state but not ready yet., logIndex=0, commits[localhost_10000:c-1, localhost_10002:c-1, localhost_10001:c-1]
2019-09-24 12:19:54,350 INFO  client.GrpcClientProtocolService (GrpcClientProtocolService.java:lambda$processClientRequest$0(278)) - Failed RaftClientRequest:client-2265A94AA220->localhost_10000@group-03E665A0CE68, cid=42, seq=0, RW, Message:321f0a0f0a0d74657374...(size=33), reply=RaftClientReply:client-2265A94AA220->localhost_10000@group-03E665A0CE68, cid=42, FAILED org.apache.ratis.protocol.LeaderNotReadyException: localhost_10000@group-03E665A0CE68 is in LEADER state but not ready yet., logIndex=0, commits[localhost_10000:c-1, localhost_10002:c-1, localhost_10001:c-1]
2019-09-24 12:19:54,351 INFO  client.GrpcClientProtocolService (GrpcClientProtocolService.java:lambda$processClientRequest$0(278)) - Failed RaftClientRequest:client-2265A94AA220->localhost_10000@group-03E665A0CE68, cid=42, seq=0, RW, Message:321f0a0f0a0d74657374...(size=33), reply=RaftClientReply:client-2265A94AA220->localhost_10000@group-03E665A0CE68, cid=42, FAILED org.apache.ratis.protocol.LeaderNotReadyException: localhost_10000@group-03E665A0CE68 is in LEADER state but not ready yet., logIndex=0, commits[localhost_10000:c-1, localhost_10002:c-1, localhost_10001:c-1]
2019-09-24 12:19:54,351 INFO  client.GrpcClientProtocolService (GrpcClientProtocolService.java:lambda$processClientRequest$0(278)) - Failed RaftClientRequest:client-2265A94AA220->localhost_10000@group-03E665A0CE68, cid=42, seq=0, RW, Message:321f0a0f0a0d74657374...(size=33), reply=RaftClientReply:client-2265A94AA220->localhost_10000@group-03E665A0CE68, cid=42, FAILED org.apache.ratis.protocol.LeaderNotReadyException: localhost_10000@group-03E665A0CE68 is in LEADER state but not ready yet., logIndex=0, commits[localhost_10000:c-1, localhost_10002:c-1, localhost_10001:c-1]
2019-09-24 12:19:54,352 INFO  client.GrpcClientProtocolService (GrpcClientProtocolService.java:lambda$processClientRequest$0(278)) - Failed RaftClientRequest:client-2265A94AA220->localhost_10000@group-03E665A0CE68, cid=42, seq=0, RW, Message:321f0a0f0a0d74657374...(size=33), reply=RaftClientReply:client-2265A94AA220->localhost_10000@group-03E665A0CE68, cid=42, FAILED org.apache.ratis.protocol.LeaderNotReadyException: localhost_10000@group-03E665A0CE68 is in LEADER state but not ready yet., logIndex=0, commits[localhost_10000:c-1, localhost_10002:c-1, localhost_10001:c-1]
2019-09-24 12:19:54,353 INFO  client.GrpcClientProtocolService (GrpcClientProtocolService.java:lambda$processClientRequest$0(278)) - Failed RaftClientRequest:client-2265A94AA220->localhost_10000@group-03E665A0CE68, cid=42, seq=0, RW, Message:321f0a0f0a0d74657374...(size=33), reply=RaftClientReply:client-2265A94AA220->localhost_10000@group-03E665A0CE68, cid=42, FAILED org.apache.ratis.protocol.LeaderNotReadyException: localhost_10000@group-03E665A0CE68 is in LEADER state but not ready yet., logIndex=0, commits[localhost_10000:c-1, localhost_10002:c-1, localhost_10001:c-1]
2019-09-24 12:19:54,353 INFO  client.GrpcClientProtocolService (GrpcClientProtocolService.java:lambda$processClientRequest$0(278)) - Failed RaftClientRequest:client-2265A94AA220->localhost_10000@group-03E665A0CE68, cid=42, seq=0, RW, Message:321f0a0f0a0d74657374...(size=33), reply=RaftClientReply:client-2265A94AA220->localhost_10000@group-03E665A0CE68, cid=42, FAILED org.apache.ratis.protocol.LeaderNotReadyException: localhost_10000@group-03E665A0CE68 is in LEADER state but not ready yet., logIndex=0, commits[localhost_10000:c-1, localhost_10002:c-1, localhost_10001:c-1]
2019-09-24 12:19:54,354 INFO  client.GrpcClientProtocolService (GrpcClientProtocolService.java:lambda$processClientRequest$0(278)) - Failed RaftClientRequest:client-2265A94AA220->localhost_10000@group-03E665A0CE68, cid=42, seq=0, RW, Message:321f0a0f0a0d74657374...(size=33), reply=RaftClientReply:client-2265A94AA220->localhost_10000@group-03E665A0CE68, cid=42, FAILED org.apache.ratis.protocol.LeaderNotReadyException: localhost_10000@group-03E665A0CE68 is in LEADER state but not ready yet., logIndex=0, commits[localhost_10000:c-1, localhost_10002:c-1, localhost_10001:c-1]
2019-09-24 12:19:54,355 INFO  client.GrpcClientProtocolService (GrpcClientProtocolService.java:lambda$processClientRequest$0(278)) - Failed RaftClientRequest:client-2265A94AA220->localhost_10000@group-03E665A0CE68, cid=42, seq=0, RW, Message:321f0a0f0a0d74657374...(size=33), reply=RaftClientReply:client-2265A94AA220->localhost_10000@group-03E665A0CE68, cid=42, FAILED org.apache.ratis.protocol.LeaderNotReadyException: localhost_10000@group-03E665A0CE68 is in LEADER state but not ready yet., logIndex=0, commits[localhost_10000:c-1, localhost_10002:c-1, localhost_10001:c-1]
2019-09-24 12:19:54,355 INFO  client.GrpcClientProtocolService (GrpcClientProtocolService.java:lambda$processClientRequest$0(278)) - Failed RaftClientRequest:client-2265A94AA220->localhost_10000@group-03E665A0CE68, cid=42, seq=0, RW, Message:321f0a0f0a0d74657374...(size=33), reply=RaftClientReply:client-2265A94AA220->localhost_10000@group-03E665A0CE68, cid=42, FAILED org.apache.ratis.protocol.LeaderNotReadyException: localhost_10000@group-03E665A0CE68 is in LEADER state but not ready yet., logIndex=0, commits[localhost_10000:c-1, localhost_10002:c-1, localhost_10001:c-1]
2019-09-24 12:19:54,356 INFO  client.GrpcClientProtocolService (GrpcClientProtocolService.java:lambda$processClientRequest$0(278)) - Failed RaftClientRequest:client-2265A94AA220->localhost_10000@group-03E665A0CE68, cid=42, seq=0, RW, Message:321f0a0f0a0d74657374...(size=33), reply=RaftClientReply:client-2265A94AA220->localhost_10000@group-03E665A0CE68, cid=42, FAILED org.apache.ratis.protocol.LeaderNotReadyException: localhost_10000@group-03E665A0CE68 is in LEADER state but not ready yet., logIndex=0, commits[localhost_10000:c-1, localhost_10002:c-1, localhost_10001:c-1]
2019-09-24 12:19:54,357 INFO  client.GrpcClientProtocolService (GrpcClientProtocolService.java:lambda$processClientRequest$0(278)) - Failed RaftClientRequest:client-2265A94AA220->localhost_10000@group-03E665A0CE68, cid=42, seq=0, RW, Message:321f0a0f0a0d74657374...(size=33), reply=RaftClientReply:client-2265A94AA220->localhost_10000@group-03E665A0CE68, cid=42, FAILED org.apache.ratis.protocol.LeaderNotReadyException: localhost_10000@group-03E665A0CE68 is in LEADER state but not ready yet., logIndex=0, commits[localhost_10000:c-1, localhost_10002:c-1, localhost_10001:c-1]
2019-09-24 12:19:54,358 INFO  client.GrpcClientProtocolService (GrpcClientProtocolService.java:lambda$processClientRequest$0(278)) - Failed RaftClientRequest:client-2265A94AA220->localhost_10000@group-03E665A0CE68, cid=42, seq=0, RW, Message:321f0a0f0a0d74657374...(size=33), reply=RaftClientReply:client-2265A94AA220->localhost_10000@group-03E665A0CE68, cid=42, FAILED org.apache.ratis.protocol.LeaderNotReadyException: localhost_10000@group-03E665A0CE68 is in LEADER state but not ready yet., logIndex=0, commits[localhost_10000:c-1, localhost_10002:c-1, localhost_10001:c-1]
2019-09-24 12:19:54,358 INFO  client.GrpcClientProtocolService (GrpcClientProtocolService.java:lambda$processClientRequest$0(278)) - Failed RaftClientRequest:client-2265A94AA220->localhost_10000@group-03E665A0CE68, cid=42, seq=0, RW, Message:321f0a0f0a0d74657374...(size=33), reply=RaftClientReply:client-2265A94AA220->localhost_10000@group-03E665A0CE68, cid=42, FAILED org.apache.ratis.protocol.LeaderNotReadyException: localhost_10000@group-03E665A0CE68 is in LEADER state but not ready yet., logIndex=0, commits[localhost_10000:c-1, localhost_10002:c-1, localhost_10001:c-1]
2019-09-24 12:19:54,359 INFO  client.GrpcClientProtocolService (GrpcClientProtocolService.java:lambda$processClientRequest$0(278)) - Failed RaftClientRequest:client-2265A94AA220->localhost_10000@group-03E665A0CE68, cid=42, seq=0, RW, Message:321f0a0f0a0d74657374...(size=33), reply=RaftClientReply:client-2265A94AA220->localhost_10000@group-03E665A0CE68, cid=42, FAILED org.apache.ratis.protocol.LeaderNotReadyException: localhost_10000@group-03E665A0CE68 is in LEADER state but not ready yet., logIndex=0, commits[localhost_10000:c-1, localhost_10002:c-1, localhost_10001:c-1]
2019-09-24 12:19:54,360 INFO  client.GrpcClientProtocolService (GrpcClientProtocolService.java:lambda$processClientRequest$0(278)) - Failed RaftClientRequest:client-2265A94AA220->localhost_10000@group-03E665A0CE68, cid=42, seq=0, RW, Message:321f0a0f0a0d74657374...(size=33), reply=RaftClientReply:client-2265A94AA220->localhost_10000@group-03E665A0CE68, cid=42, FAILED org.apache.ratis.protocol.LeaderNotReadyException: localhost_10000@group-03E665A0CE68 is in LEADER state but not ready yet., logIndex=0, commits[localhost_10000:c-1, localhost_10002:c-1, localhost_10001:c-1]
2019-09-24 12:19:54,360 INFO  client.GrpcClientProtocolService (GrpcClientProtocolService.java:lambda$processClientRequest$0(278)) - Failed RaftClientRequest:client-2265A94AA220->localhost_10000@group-03E665A0CE68, cid=42, seq=0, RW, Message:321f0a0f0a0d74657374...(size=33), reply=RaftClientReply:client-2265A94AA220->localhost_10000@group-03E665A0CE68, cid=42, FAILED org.apache.ratis.protocol.LeaderNotReadyException: localhost_10000@group-03E665A0CE68 is in LEADER state but not ready yet., logIndex=0, commits[localhost_10000:c-1, localhost_10002:c-1, localhost_10001:c-1]
2019-09-24 12:19:54,361 INFO  client.GrpcClientProtocolService (GrpcClientProtocolService.java:lambda$processClientRequest$0(278)) - Failed RaftClientRequest:client-2265A94AA220->localhost_10000@group-03E665A0CE68, cid=42, seq=0, RW, Message:321f0a0f0a0d74657374...(size=33), reply=RaftClientReply:client-2265A94AA220->localhost_10000@group-03E665A0CE68, cid=42, FAILED org.apache.ratis.protocol.LeaderNotReadyException: localhost_10000@group-03E665A0CE68 is in LEADER state but not ready yet., logIndex=0, commits[localhost_10000:c-1, localhost_10002:c-1, localhost_10001:c-1]
2019-09-24 12:19:54,362 INFO  client.GrpcClientProtocolService (GrpcClientProtocolService.java:lambda$processClientRequest$0(278)) - Failed RaftClientRequest:client-2265A94AA220->localhost_10000@group-03E665A0CE68, cid=42, seq=0, RW, Message:321f0a0f0a0d74657374...(size=33), reply=RaftClientReply:client-2265A94AA220->localhost_10000@group-03E665A0CE68, cid=42, FAILED org.apache.ratis.protocol.LeaderNotReadyException: localhost_10000@group-03E665A0CE68 is in LEADER state but not ready yet., logIndex=0, commits[localhost_10000:c-1, localhost_10002:c-1, localhost_10001:c-1]
2019-09-24 12:19:54,362 INFO  client.GrpcClientProtocolService (GrpcClientProtocolService.java:lambda$processClientRequest$0(278)) - Failed RaftClientRequest:client-2265A94AA220->localhost_10000@group-03E665A0CE68, cid=42, seq=0, RW, Message:321f0a0f0a0d74657374...(size=33), reply=RaftClientReply:client-2265A94AA220->localhost_10000@group-03E665A0CE68, cid=42, FAILED org.apache.ratis.protocol.LeaderNotReadyException: localhost_10000@group-03E665A0CE68 is in LEADER state but not ready yet., logIndex=0, commits[localhost_10000:c-1, localhost_10002:c-1, localhost_10001:c-1]
2019-09-24 12:19:54,363 INFO  client.GrpcClientProtocolService (GrpcClientProtocolService.java:lambda$processClientRequest$0(278)) - Failed RaftClientRequest:client-2265A94AA220->localhost_10000@group-03E665A0CE68, cid=42, seq=0, RW, Message:321f0a0f0a0d74657374...(size=33), reply=RaftClientReply:client-2265A94AA220->localhost_10000@group-03E665A0CE68, cid=42, FAILED org.apache.ratis.protocol.LeaderNotReadyException: localhost_10000@group-03E665A0CE68 is in LEADER state but not ready yet., logIndex=0, commits[localhost_10000:c-1, localhost_10002:c-1, localhost_10001:c-1]
2019-09-24 12:19:54,364 INFO  client.GrpcClientProtocolService (GrpcClientProtocolService.java:lambda$processClientRequest$0(278)) - Failed RaftClientRequest:client-2265A94AA220->localhost_10000@group-03E665A0CE68, cid=42, seq=0, RW, Message:321f0a0f0a0d74657374...(size=33), reply=RaftClientReply:client-2265A94AA220->localhost_10000@group-03E665A0CE68, cid=42, FAILED org.apache.ratis.protocol.LeaderNotReadyException: localhost_10000@group-03E665A0CE68 is in LEADER state but not ready yet., logIndex=0, commits[localhost_10000:c-1, localhost_10002:c-1, localhost_10001:c-1]
2019-09-24 12:19:54,364 INFO  client.GrpcClientProtocolService (GrpcClientProtocolService.java:lambda$processClientRequest$0(278)) - Failed RaftClientRequest:client-2265A94AA220->localhost_10000@group-03E665A0CE68, cid=42, seq=0, RW, Message:321f0a0f0a0d74657374...(size=33), reply=RaftClientReply:client-2265A94AA220->localhost_10000@group-03E665A0CE68, cid=42, FAILED org.apache.ratis.protocol.LeaderNotReadyException: localhost_10000@group-03E665A0CE68 is in LEADER state but not ready yet., logIndex=0, commits[localhost_10000:c-1, localhost_10002:c-1, localhost_10001:c-1]
2019-09-24 12:19:54,365 INFO  client.GrpcClientProtocolService (GrpcClientProtocolService.java:lambda$processClientRequest$0(278)) - Failed RaftClientRequest:client-2265A94AA220->localhost_10000@group-03E665A0CE68, cid=42, seq=0, RW, Message:321f0a0f0a0d74657374...(size=33), reply=RaftClientReply:client-2265A94AA220->localhost_10000@group-03E665A0CE68, cid=42, FAILED org.apache.ratis.protocol.LeaderNotReadyException: localhost_10000@group-03E665A0CE68 is in LEADER state but not ready yet., logIndex=0, commits[localhost_10000:c-1, localhost_10002:c-1, localhost_10001:c-1]
2019-09-24 12:19:54,366 INFO  client.GrpcClientProtocolService (GrpcClientProtocolService.java:lambda$processClientRequest$0(278)) - Failed RaftClientRequest:client-2265A94AA220->localhost_10000@group-03E665A0CE68, cid=42, seq=0, RW, Message:321f0a0f0a0d74657374...(size=33), reply=RaftClientReply:client-2265A94AA220->localhost_10000@group-03E665A0CE68, cid=42, FAILED org.apache.ratis.protocol.LeaderNotReadyException: localhost_10000@group-03E665A0CE68 is in LEADER state but not ready yet., logIndex=0, commits[localhost_10000:c-1, localhost_10002:c-1, localhost_10001:c-1]
2019-09-24 12:19:54,367 INFO  client.GrpcClientProtocolService (GrpcClientProtocolService.java:lambda$processClientRequest$0(278)) - Failed RaftClientRequest:client-2265A94AA220->localhost_10000@group-03E665A0CE68, cid=42, seq=0, RW, Message:321f0a0f0a0d74657374...(size=33), reply=RaftClientReply:client-2265A94AA220->localhost_10000@group-03E665A0CE68, cid=42, FAILED org.apache.ratis.protocol.LeaderNotReadyException: localhost_10000@group-03E665A0CE68 is in LEADER state but not ready yet., logIndex=0, commits[localhost_10000:c-1, localhost_10002:c-1, localhost_10001:c-1]
2019-09-24 12:19:54,367 INFO  client.GrpcClientProtocolService (GrpcClientProtocolService.java:lambda$processClientRequest$0(278)) - Failed RaftClientRequest:client-2265A94AA220->localhost_10000@group-03E665A0CE68, cid=42, seq=0, RW, Message:321f0a0f0a0d74657374...(size=33), reply=RaftClientReply:client-2265A94AA220->localhost_10000@group-03E665A0CE68, cid=42, FAILED org.apache.ratis.protocol.LeaderNotReadyException: localhost_10000@group-03E665A0CE68 is in LEADER state but not ready yet., logIndex=0, commits[localhost_10000:c-1, localhost_10002:c-1, localhost_10001:c-1]
2019-09-24 12:19:54,368 INFO  client.GrpcClientProtocolService (GrpcClientProtocolService.java:lambda$processClientRequest$0(278)) - Failed RaftClientRequest:client-2265A94AA220->localhost_10000@group-03E665A0CE68, cid=42, seq=0, RW, Message:321f0a0f0a0d74657374...(size=33), reply=RaftClientReply:client-2265A94AA220->localhost_10000@group-03E665A0CE68, cid=42, FAILED org.apache.ratis.protocol.LeaderNotReadyException: localhost_10000@group-03E665A0CE68 is in LEADER state but not ready yet., logIndex=0, commits[localhost_10000:c-1, localhost_10002:c-1, localhost_10001:c-1]
2019-09-24 12:19:54,369 INFO  client.GrpcClientProtocolService (GrpcClientProtocolService.java:lambda$processClientRequest$0(278)) - Failed RaftClientRequest:client-2265A94AA220->localhost_10000@group-03E665A0CE68, cid=42, seq=0, RW, Message:321f0a0f0a0d74657374...(size=33), reply=RaftClientReply:client-2265A94AA220->localhost_10000@group-03E665A0CE68, cid=42, FAILED org.apache.ratis.protocol.LeaderNotReadyException: localhost_10000@group-03E665A0CE68 is in LEADER state but not ready yet., logIndex=0, commits[localhost_10000:c-1, localhost_10002:c-1, localhost_10001:c-1]
2019-09-24 12:19:54,370 INFO  client.GrpcClientProtocolService (GrpcClientProtocolService.java:lambda$processClientRequest$0(278)) - Failed RaftClientRequest:client-2265A94AA220->localhost_10000@group-03E665A0CE68, cid=42, seq=0, RW, Message:321f0a0f0a0d74657374...(size=33), reply=RaftClientReply:client-2265A94AA220->localhost_10000@group-03E665A0CE68, cid=42, FAILED org.apache.ratis.protocol.LeaderNotReadyException: localhost_10000@group-03E665A0CE68 is in LEADER state but not ready yet., logIndex=0, commits[localhost_10000:c-1, localhost_10002:c-1, localhost_10001:c-1]
2019-09-24 12:19:54,370 INFO  client.GrpcClientProtocolService (GrpcClientProtocolService.java:lambda$processClientRequest$0(278)) - Failed RaftClientRequest:client-2265A94AA220->localhost_10000@group-03E665A0CE68, cid=42, seq=0, RW, Message:321f0a0f0a0d74657374...(size=33), reply=RaftClientReply:client-2265A94AA220->localhost_10000@group-03E665A0CE68, cid=42, FAILED org.apache.ratis.protocol.LeaderNotReadyException: localhost_10000@group-03E665A0CE68 is in LEADER state but not ready yet., logIndex=0, commits[localhost_10000:c-1, localhost_10002:c-1, localhost_10001:c-1]
2019-09-24 12:19:54,371 INFO  client.GrpcClientProtocolService (GrpcClientProtocolService.java:lambda$processClientRequest$0(278)) - Failed RaftClientRequest:client-2265A94AA220->localhost_10000@group-03E665A0CE68, cid=42, seq=0, RW, Message:321f0a0f0a0d74657374...(size=33), reply=RaftClientReply:client-2265A94AA220->localhost_10000@group-03E665A0CE68, cid=42, FAILED org.apache.ratis.protocol.LeaderNotReadyException: localhost_10000@group-03E665A0CE68 is in LEADER state but not ready yet., logIndex=0, commits[localhost_10000:c-1, localhost_10002:c-1, localhost_10001:c-1]
2019-09-24 12:19:54,371 INFO  client.GrpcClientProtocolService (GrpcClientProtocolService.java:lambda$processClientRequest$0(278)) - Failed RaftClientRequest:client-2265A94AA220->localhost_10000@group-03E665A0CE68, cid=42, seq=0, RW, Message:321f0a0f0a0d74657374...(size=33), reply=RaftClientReply:client-2265A94AA220->localhost_10000@group-03E665A0CE68, cid=42, FAILED org.apache.ratis.protocol.LeaderNotReadyException: localhost_10000@group-03E665A0CE68 is in LEADER state but not ready yet., logIndex=0, commits[localhost_10000:c-1, localhost_10002:c-1, localhost_10001:c-1]
2019-09-24 12:19:54,372 INFO  client.GrpcClientProtocolService (GrpcClientProtocolService.java:lambda$processClientRequest$0(278)) - Failed RaftClientRequest:client-2265A94AA220->localhost_10000@group-03E665A0CE68, cid=42, seq=0, RW, Message:321f0a0f0a0d74657374...(size=33), reply=RaftClientReply:client-2265A94AA220->localhost_10000@group-03E665A0CE68, cid=42, FAILED org.apache.ratis.protocol.LeaderNotReadyException: localhost_10000@group-03E665A0CE68 is in LEADER state but not ready yet., logIndex=0, commits[localhost_10000:c-1, localhost_10002:c-1, localhost_10001:c-1]
2019-09-24 12:19:54,373 INFO  client.GrpcClientProtocolService (GrpcClientProtocolService.java:lambda$processClientRequest$0(278)) - Failed RaftClientRequest:client-2265A94AA220->localhost_10000@group-03E665A0CE68, cid=42, seq=0, RW, Message:321f0a0f0a0d74657374...(size=33), reply=RaftClientReply:client-2265A94AA220->localhost_10000@group-03E665A0CE68, cid=42, FAILED org.apache.ratis.protocol.LeaderNotReadyException: localhost_10000@group-03E665A0CE68 is in LEADER state but not ready yet., logIndex=0, commits[localhost_10000:c-1, localhost_10002:c-1, localhost_10001:c-1]
2019-09-24 12:19:54,374 INFO  client.GrpcClientProtocolService (GrpcClientProtocolService.java:lambda$processClientRequest$0(278)) - Failed RaftClientRequest:client-2265A94AA220->localhost_10000@group-03E665A0CE68, cid=42, seq=0, RW, Message:321f0a0f0a0d74657374...(size=33), reply=RaftClientReply:client-2265A94AA220->localhost_10000@group-03E665A0CE68, cid=42, FAILED org.apache.ratis.protocol.LeaderNotReadyException: localhost_10000@group-03E665A0CE68 is in LEADER state but not ready yet., logIndex=0, commits[localhost_10000:c-1, localhost_10002:c-1, localhost_10001:c-1]
2019-09-24 12:19:54,374 INFO  client.GrpcClientProtocolService (GrpcClientProtocolService.java:lambda$processClientRequest$0(278)) - Failed RaftClientRequest:client-2265A94AA220->localhost_10000@group-03E665A0CE68, cid=42, seq=0, RW, Message:321f0a0f0a0d74657374...(size=33), reply=RaftClientReply:client-2265A94AA220->localhost_10000@group-03E665A0CE68, cid=42, FAILED org.apache.ratis.protocol.LeaderNotReadyException: localhost_10000@group-03E665A0CE68 is in LEADER state but not ready yet., logIndex=0, commits[localhost_10000:c-1, localhost_10002:c-1, localhost_10001:c-1]
2019-09-24 12:19:54,375 INFO  client.GrpcClientProtocolService (GrpcClientProtocolService.java:lambda$processClientRequest$0(278)) - Failed RaftClientRequest:client-2265A94AA220->localhost_10000@group-03E665A0CE68, cid=42, seq=0, RW, Message:321f0a0f0a0d74657374...(size=33), reply=RaftClientReply:client-2265A94AA220->localhost_10000@group-03E665A0CE68, cid=42, FAILED org.apache.ratis.protocol.LeaderNotReadyException: localhost_10000@group-03E665A0CE68 is in LEADER state but not ready yet., logIndex=0, commits[localhost_10000:c-1, localhost_10002:c-1, localhost_10001:c-1]
2019-09-24 12:19:54,376 INFO  client.GrpcClientProtocolService (GrpcClientProtocolService.java:lambda$processClientRequest$0(278)) - Failed RaftClientRequest:client-2265A94AA220->localhost_10000@group-03E665A0CE68, cid=42, seq=0, RW, Message:321f0a0f0a0d74657374...(size=33), reply=RaftClientReply:client-2265A94AA220->localhost_10000@group-03E665A0CE68, cid=42, FAILED org.apache.ratis.protocol.LeaderNotReadyException: localhost_10000@group-03E665A0CE68 is in LEADER state but not ready yet., logIndex=0, commits[localhost_10000:c-1, localhost_10002:c-1, localhost_10001:c-1]
2019-09-24 12:19:54,376 INFO  client.GrpcClientProtocolService (GrpcClientProtocolService.java:lambda$processClientRequest$0(278)) - Failed RaftClientRequest:client-2265A94AA220->localhost_10000@group-03E665A0CE68, cid=42, seq=0, RW, Message:321f0a0f0a0d74657374...(size=33), reply=RaftClientReply:client-2265A94AA220->localhost_10000@group-03E665A0CE68, cid=42, FAILED org.apache.ratis.protocol.LeaderNotReadyException: localhost_10000@group-03E665A0CE68 is in LEADER state but not ready yet., logIndex=0, commits[localhost_10000:c-1, localhost_10002:c-1, localhost_10001:c-1]
2019-09-24 12:19:54,377 INFO  client.GrpcClientProtocolService (GrpcClientProtocolService.java:lambda$processClientRequest$0(278)) - Failed RaftClientRequest:client-2265A94AA220->localhost_10000@group-03E665A0CE68, cid=42, seq=0, RW, Message:321f0a0f0a0d74657374...(size=33), reply=RaftClientReply:client-2265A94AA220->localhost_10000@group-03E665A0CE68, cid=42, FAILED org.apache.ratis.protocol.LeaderNotReadyException: localhost_10000@group-03E665A0CE68 is in LEADER state but not ready yet., logIndex=0, commits[localhost_10000:c-1, localhost_10002:c-1, localhost_10001:c-1]
2019-09-24 12:19:54,378 INFO  client.GrpcClientProtocolService (GrpcClientProtocolService.java:lambda$processClientRequest$0(278)) - Failed RaftClientRequest:client-2265A94AA220->localhost_10000@group-03E665A0CE68, cid=42, seq=0, RW, Message:321f0a0f0a0d74657374...(size=33), reply=RaftClientReply:client-2265A94AA220->localhost_10000@group-03E665A0CE68, cid=42, FAILED org.apache.ratis.protocol.LeaderNotReadyException: localhost_10000@group-03E665A0CE68 is in LEADER state but not ready yet., logIndex=0, commits[localhost_10000:c-1, localhost_10002:c-1, localhost_10001:c-1]
2019-09-24 12:19:54,378 INFO  client.GrpcClientProtocolService (GrpcClientProtocolService.java:lambda$processClientRequest$0(278)) - Failed RaftClientRequest:client-2265A94AA220->localhost_10000@group-03E665A0CE68, cid=42, seq=0, RW, Message:321f0a0f0a0d74657374...(size=33), reply=RaftClientReply:client-2265A94AA220->localhost_10000@group-03E665A0CE68, cid=42, FAILED org.apache.ratis.protocol.LeaderNotReadyException: localhost_10000@group-03E665A0CE68 is in LEADER state but not ready yet., logIndex=0, commits[localhost_10000:c-1, localhost_10002:c-1, localhost_10001:c-1]
2019-09-24 12:19:54,379 INFO  client.GrpcClientProtocolService (GrpcClientProtocolService.java:lambda$processClientRequest$0(278)) - Failed RaftClientRequest:client-2265A94AA220->localhost_10000@group-03E665A0CE68, cid=42, seq=0, RW, Message:321f0a0f0a0d74657374...(size=33), reply=RaftClientReply:client-2265A94AA220->localhost_10000@group-03E665A0CE68, cid=42, FAILED org.apache.ratis.protocol.LeaderNotReadyException: localhost_10000@group-03E665A0CE68 is in LEADER state but not ready yet., logIndex=0, commits[localhost_10000:c-1, localhost_10002:c-1, localhost_10001:c-1]
2019-09-24 12:19:54,380 INFO  client.GrpcClientProtocolService (GrpcClientProtocolService.java:lambda$processClientRequest$0(278)) - Failed RaftClientRequest:client-2265A94AA220->localhost_10000@group-03E665A0CE68, cid=42, seq=0, RW, Message:321f0a0f0a0d74657374...(size=33), reply=RaftClientReply:client-2265A94AA220->localhost_10000@group-03E665A0CE68, cid=42, FAILED org.apache.ratis.protocol.LeaderNotReadyException: localhost_10000@group-03E665A0CE68 is in LEADER state but not ready yet., logIndex=0, commits[localhost_10000:c-1, localhost_10002:c-1, localhost_10001:c-1]
2019-09-24 12:19:54,380 INFO  client.GrpcClientProtocolService (GrpcClientProtocolService.java:lambda$processClientRequest$0(278)) - Failed RaftClientRequest:client-2265A94AA220->localhost_10000@group-03E665A0CE68, cid=42, seq=0, RW, Message:321f0a0f0a0d74657374...(size=33), reply=RaftClientReply:client-2265A94AA220->localhost_10000@group-03E665A0CE68, cid=42, FAILED org.apache.ratis.protocol.LeaderNotReadyException: localhost_10000@group-03E665A0CE68 is in LEADER state but not ready yet., logIndex=0, commits[localhost_10000:c-1, localhost_10002:c-1, localhost_10001:c-1]
2019-09-24 12:19:54,381 INFO  client.GrpcClientProtocolService (GrpcClientProtocolService.java:lambda$processClientRequest$0(278)) - Failed RaftClientRequest:client-2265A94AA220->localhost_10000@group-03E665A0CE68, cid=42, seq=0, RW, Message:321f0a0f0a0d74657374...(size=33), reply=RaftClientReply:client-2265A94AA220->localhost_10000@group-03E665A0CE68, cid=42, FAILED org.apache.ratis.protocol.LeaderNotReadyException: localhost_10000@group-03E665A0CE68 is in LEADER state but not ready yet., logIndex=0, commits[localhost_10000:c-1, localhost_10002:c-1, localhost_10001:c-1]
2019-09-24 12:19:54,382 INFO  client.GrpcClientProtocolService (GrpcClientProtocolService.java:lambda$processClientRequest$0(278)) - Failed RaftClientRequest:client-2265A94AA220->localhost_10000@group-03E665A0CE68, cid=42, seq=0, RW, Message:321f0a0f0a0d74657374...(size=33), reply=RaftClientReply:client-2265A94AA220->localhost_10000@group-03E665A0CE68, cid=42, FAILED org.apache.ratis.protocol.LeaderNotReadyException: localhost_10000@group-03E665A0CE68 is in LEADER state but not ready yet., logIndex=0, commits[localhost_10000:c-1, localhost_10002:c-1, localhost_10001:c-1]
2019-09-24 12:19:54,383 INFO  client.GrpcClientProtocolService (GrpcClientProtocolService.java:lambda$processClientRequest$0(278)) - Failed RaftClientRequest:client-2265A94AA220->localhost_10000@group-03E665A0CE68, cid=42, seq=0, RW, Message:321f0a0f0a0d74657374...(size=33), reply=RaftClientReply:client-2265A94AA220->localhost_10000@group-03E665A0CE68, cid=42, FAILED org.apache.ratis.protocol.LeaderNotReadyException: localhost_10000@group-03E665A0CE68 is in LEADER state but not ready yet., logIndex=0, commits[localhost_10000:c-1, localhost_10002:c-1, localhost_10001:c-1]
2019-09-24 12:19:54,383 INFO  client.GrpcClientProtocolService (GrpcClientProtocolService.java:lambda$processClientRequest$0(278)) - Failed RaftClientRequest:client-2265A94AA220->localhost_10000@group-03E665A0CE68, cid=42, seq=0, RW, Message:321f0a0f0a0d74657374...(size=33), reply=RaftClientReply:client-2265A94AA220->localhost_10000@group-03E665A0CE68, cid=42, FAILED org.apache.ratis.protocol.LeaderNotReadyException: localhost_10000@group-03E665A0CE68 is in LEADER state but not ready yet., logIndex=0, commits[localhost_10000:c-1, localhost_10002:c-1, localhost_10001:c-1]
2019-09-24 12:19:54,384 INFO  client.GrpcClientProtocolService (GrpcClientProtocolService.java:lambda$processClientRequest$0(278)) - Failed RaftClientRequest:client-2265A94AA220->localhost_10000@group-03E665A0CE68, cid=42, seq=0, RW, Message:321f0a0f0a0d74657374...(size=33), reply=RaftClientReply:client-2265A94AA220->localhost_10000@group-03E665A0CE68, cid=42, FAILED org.apache.ratis.protocol.LeaderNotReadyException: localhost_10000@group-03E665A0CE68 is in LEADER state but not ready yet., logIndex=0, commits[localhost_10000:c-1, localhost_10002:c-1, localhost_10001:c-1]
2019-09-24 12:19:54,385 INFO  client.GrpcClientProtocolService (GrpcClientProtocolService.java:lambda$processClientRequest$0(278)) - Failed RaftClientRequest:client-2265A94AA220->localhost_10000@group-03E665A0CE68, cid=42, seq=0, RW, Message:321f0a0f0a0d74657374...(size=33), reply=RaftClientReply:client-2265A94AA220->localhost_10000@group-03E665A0CE68, cid=42, FAILED org.apache.ratis.protocol.LeaderNotReadyException: localhost_10000@group-03E665A0CE68 is in LEADER state but not ready yet., logIndex=0, commits[localhost_10000:c-1, localhost_10002:c-1, localhost_10001:c-1]
2019-09-24 12:19:54,385 INFO  client.GrpcClientProtocolService (GrpcClientProtocolService.java:lambda$processClientRequest$0(278)) - Failed RaftClientRequest:client-2265A94AA220->localhost_10000@group-03E665A0CE68, cid=42, seq=0, RW, Message:321f0a0f0a0d74657374...(size=33), reply=RaftClientReply:client-2265A94AA220->localhost_10000@group-03E665A0CE68, cid=42, FAILED org.apache.ratis.protocol.LeaderNotReadyException: localhost_10000@group-03E665A0CE68 is in LEADER state but not ready yet., logIndex=0, commits[localhost_10000:c-1, localhost_10002:c-1, localhost_10001:c-1]
2019-09-24 12:19:54,386 INFO  client.GrpcClientProtocolService (GrpcClientProtocolService.java:lambda$processClientRequest$0(278)) - Failed RaftClientRequest:client-2265A94AA220->localhost_10000@group-03E665A0CE68, cid=42, seq=0, RW, Message:321f0a0f0a0d74657374...(size=33), reply=RaftClientReply:client-2265A94AA220->localhost_10000@group-03E665A0CE68, cid=42, FAILED org.apache.ratis.protocol.LeaderNotReadyException: localhost_10000@group-03E665A0CE68 is in LEADER state but not ready yet., logIndex=0, commits[localhost_10000:c-1, localhost_10002:c-1, localhost_10001:c-1]
2019-09-24 12:19:54,387 INFO  client.GrpcClientProtocolService (GrpcClientProtocolService.java:lambda$processClientRequest$0(278)) - Failed RaftClientRequest:client-2265A94AA220->localhost_10000@group-03E665A0CE68, cid=42, seq=0, RW, Message:321f0a0f0a0d74657374...(size=33), reply=RaftClientReply:client-2265A94AA220->localhost_10000@group-03E665A0CE68, cid=42, FAILED org.apache.ratis.protocol.LeaderNotReadyException: localhost_10000@group-03E665A0CE68 is in LEADER state but not ready yet., logIndex=0, commits[localhost_10000:c-1, localhost_10002:c-1, localhost_10001:c-1]
2019-09-24 12:19:54,387 INFO  client.GrpcClientProtocolService (GrpcClientProtocolService.java:lambda$processClientRequest$0(278)) - Failed RaftClientRequest:client-2265A94AA220->localhost_10000@group-03E665A0CE68, cid=42, seq=0, RW, Message:321f0a0f0a0d74657374...(size=33), reply=RaftClientReply:client-2265A94AA220->localhost_10000@group-03E665A0CE68, cid=42, FAILED org.apache.ratis.protocol.LeaderNotReadyException: localhost_10000@group-03E665A0CE68 is in LEADER state but not ready yet., logIndex=0, commits[localhost_10000:c-1, localhost_10002:c-1, localhost_10001:c-1]
2019-09-24 12:19:54,388 INFO  client.GrpcClientProtocolService (GrpcClientProtocolService.java:lambda$processClientRequest$0(278)) - Failed RaftClientRequest:client-2265A94AA220->localhost_10000@group-03E665A0CE68, cid=42, seq=0, RW, Message:321f0a0f0a0d74657374...(size=33), reply=RaftClientReply:client-2265A94AA220->localhost_10000@group-03E665A0CE68, cid=42, FAILED org.apache.ratis.protocol.LeaderNotReadyException: localhost_10000@group-03E665A0CE68 is in LEADER state but not ready yet., logIndex=0, commits[localhost_10000:c-1, localhost_10002:c-1, localhost_10001:c-1]
2019-09-24 12:19:54,389 INFO  client.GrpcClientProtocolService (GrpcClientProtocolService.java:lambda$processClientRequest$0(278)) - Failed RaftClientRequest:client-2265A94AA220->localhost_10000@group-03E665A0CE68, cid=42, seq=0, RW, Message:321f0a0f0a0d74657374...(size=33), reply=RaftClientReply:client-2265A94AA220->localhost_10000@group-03E665A0CE68, cid=42, FAILED org.apache.ratis.protocol.LeaderNotReadyException: localhost_10000@group-03E665A0CE68 is in LEADER state but not ready yet., logIndex=0, commits[localhost_10000:c-1, localhost_10002:c-1, localhost_10001:c-1]
2019-09-24 12:19:54,389 INFO  client.GrpcClientProtocolService (GrpcClientProtocolService.java:lambda$processClientRequest$0(278)) - Failed RaftClientRequest:client-2265A94AA220->localhost_10000@group-03E665A0CE68, cid=42, seq=0, RW, Message:321f0a0f0a0d74657374...(size=33), reply=RaftClientReply:client-2265A94AA220->localhost_10000@group-03E665A0CE68, cid=42, FAILED org.apache.ratis.protocol.LeaderNotReadyException: localhost_10000@group-03E665A0CE68 is in LEADER state but not ready yet., logIndex=0, commits[localhost_10000:c-1, localhost_10002:c-1, localhost_10001:c-1]
2019-09-24 12:19:54,390 INFO  client.GrpcClientProtocolService (GrpcClientProtocolService.java:lambda$processClientRequest$0(278)) - Failed RaftClientRequest:client-2265A94AA220->localhost_10000@group-03E665A0CE68, cid=42, seq=0, RW, Message:321f0a0f0a0d74657374...(size=33), reply=RaftClientReply:client-2265A94AA220->localhost_10000@group-03E665A0CE68, cid=42, FAILED org.apache.ratis.protocol.LeaderNotReadyException: localhost_10000@group-03E665A0CE68 is in LEADER state but not ready yet., logIndex=0, commits[localhost_10000:c-1, localhost_10002:c-1, localhost_10001:c-1]
2019-09-24 12:19:54,391 INFO  client.GrpcClientProtocolService (GrpcClientProtocolService.java:lambda$processClientRequest$0(278)) - Failed RaftClientRequest:client-2265A94AA220->localhost_10000@group-03E665A0CE68, cid=42, seq=0, RW, Message:321f0a0f0a0d74657374...(size=33), reply=RaftClientReply:client-2265A94AA220->localhost_10000@group-03E665A0CE68, cid=42, FAILED org.apache.ratis.protocol.LeaderNotReadyException: localhost_10000@group-03E665A0CE68 is in LEADER state but not ready yet., logIndex=0, commits[localhost_10000:c-1, localhost_10002:c-1, localhost_10001:c-1]
2019-09-24 12:19:54,391 INFO  client.GrpcClientProtocolService (GrpcClientProtocolService.java:lambda$processClientRequest$0(278)) - Failed RaftClientRequest:client-2265A94AA220->localhost_10000@group-03E665A0CE68, cid=42, seq=0, RW, Message:321f0a0f0a0d74657374...(size=33), reply=RaftClientReply:client-2265A94AA220->localhost_10000@group-03E665A0CE68, cid=42, FAILED org.apache.ratis.protocol.LeaderNotReadyException: localhost_10000@group-03E665A0CE68 is in LEADER state but not ready yet., logIndex=0, commits[localhost_10000:c-1, localhost_10002:c-1, localhost_10001:c-1]
2019-09-24 12:19:54,392 INFO  client.GrpcClientProtocolService (GrpcClientProtocolService.java:lambda$processClientRequest$0(278)) - Failed RaftClientRequest:client-2265A94AA220->localhost_10000@group-03E665A0CE68, cid=42, seq=0, RW, Message:321f0a0f0a0d74657374...(size=33), reply=RaftClientReply:client-2265A94AA220->localhost_10000@group-03E665A0CE68, cid=42, FAILED org.apache.ratis.protocol.LeaderNotReadyException: localhost_10000@group-03E665A0CE68 is in LEADER state but not ready yet., logIndex=0, commits[localhost_10000:c-1, localhost_10002:c-1, localhost_10001:c-1]
2019-09-24 12:19:54,393 INFO  client.GrpcClientProtocolService (GrpcClientProtocolService.java:lambda$processClientRequest$0(278)) - Failed RaftClientRequest:client-2265A94AA220->localhost_10000@group-03E665A0CE68, cid=42, seq=0, RW, Message:321f0a0f0a0d74657374...(size=33), reply=RaftClientReply:client-2265A94AA220->localhost_10000@group-03E665A0CE68, cid=42, FAILED org.apache.ratis.protocol.LeaderNotReadyException: localhost_10000@group-03E665A0CE68 is in LEADER state but not ready yet., logIndex=0, commits[localhost_10000:c-1, localhost_10002:c-1, localhost_10001:c-1]
2019-09-24 12:19:54,393 INFO  client.GrpcClientProtocolService (GrpcClientProtocolService.java:lambda$processClientRequest$0(278)) - Failed RaftClientRequest:client-2265A94AA220->localhost_10000@group-03E665A0CE68, cid=42, seq=0, RW, Message:321f0a0f0a0d74657374...(size=33), reply=RaftClientReply:client-2265A94AA220->localhost_10000@group-03E665A0CE68, cid=42, FAILED org.apache.ratis.protocol.LeaderNotReadyException: localhost_10000@group-03E665A0CE68 is in LEADER state but not ready yet., logIndex=0, commits[localhost_10000:c-1, localhost_10002:c-1, localhost_10001:c-1]
2019-09-24 12:19:54,394 INFO  client.GrpcClientProtocolService (GrpcClientProtocolService.java:lambda$processClientRequest$0(278)) - Failed RaftClientRequest:client-2265A94AA220->localhost_10000@group-03E665A0CE68, cid=42, seq=0, RW, Message:321f0a0f0a0d74657374...(size=33), reply=RaftClientReply:client-2265A94AA220->localhost_10000@group-03E665A0CE68, cid=42, FAILED org.apache.ratis.protocol.LeaderNotReadyException: localhost_10000@group-03E665A0CE68 is in LEADER state but not ready yet., logIndex=0, commits[localhost_10000:c-1, localhost_10002:c-1, localhost_10001:c-1]
2019-09-24 12:19:54,395 INFO  client.GrpcClientProtocolService (GrpcClientProtocolService.java:lambda$processClientRequest$0(278)) - Failed RaftClientRequest:client-2265A94AA220->localhost_10000@group-03E665A0CE68, cid=42, seq=0, RW, Message:321f0a0f0a0d74657374...(size=33), reply=RaftClientReply:client-2265A94AA220->localhost_10000@group-03E665A0CE68, cid=42, FAILED org.apache.ratis.protocol.LeaderNotReadyException: localhost_10000@group-03E665A0CE68 is in LEADER state but not ready yet., logIndex=0, commits[localhost_10000:c-1, localhost_10002:c-1, localhost_10001:c-1]
2019-09-24 12:19:54,395 INFO  client.GrpcClientProtocolService (GrpcClientProtocolService.java:lambda$processClientRequest$0(278)) - Failed RaftClientRequest:client-2265A94AA220->localhost_10000@group-03E665A0CE68, cid=42, seq=0, RW, Message:321f0a0f0a0d74657374...(size=33), reply=RaftClientReply:client-2265A94AA220->localhost_10000@group-03E665A0CE68, cid=42, FAILED org.apache.ratis.protocol.LeaderNotReadyException: localhost_10000@group-03E665A0CE68 is in LEADER state but not ready yet., logIndex=0, commits[localhost_10000:c-1, localhost_10002:c-1, localhost_10001:c-1]
2019-09-24 12:19:54,396 INFO  client.GrpcClientProtocolService (GrpcClientProtocolService.java:lambda$processClientRequest$0(278)) - Failed RaftClientRequest:client-2265A94AA220->localhost_10000@group-03E665A0CE68, cid=42, seq=0, RW, Message:321f0a0f0a0d74657374...(size=33), reply=RaftClientReply:client-2265A94AA220->localhost_10000@group-03E665A0CE68, cid=42, FAILED org.apache.ratis.protocol.LeaderNotReadyException: localhost_10000@group-03E665A0CE68 is in LEADER state but not ready yet., logIndex=0, commits[localhost_10000:c-1, localhost_10002:c-1, localhost_10001:c-1]
2019-09-24 12:19:54,397 INFO  client.GrpcClientProtocolService (GrpcClientProtocolService.java:lambda$processClientRequest$0(278)) - Failed RaftClientRequest:client-2265A94AA220->localhost_10000@group-03E665A0CE68, cid=42, seq=0, RW, Message:321f0a0f0a0d74657374...(size=33), reply=RaftClientReply:client-2265A94AA220->localhost_10000@group-03E665A0CE68, cid=42, FAILED org.apache.ratis.protocol.LeaderNotReadyException: localhost_10000@group-03E665A0CE68 is in LEADER state but not ready yet., logIndex=0, commits[localhost_10000:c-1, localhost_10002:c-1, localhost_10001:c-1]
2019-09-24 12:19:54,397 INFO  client.GrpcClientProtocolService (GrpcClientProtocolService.java:lambda$processClientRequest$0(278)) - Failed RaftClientRequest:client-2265A94AA220->localhost_10000@group-03E665A0CE68, cid=42, seq=0, RW, Message:321f0a0f0a0d74657374...(size=33), reply=RaftClientReply:client-2265A94AA220->localhost_10000@group-03E665A0CE68, cid=42, FAILED org.apache.ratis.protocol.LeaderNotReadyException: localhost_10000@group-03E665A0CE68 is in LEADER state but not ready yet., logIndex=0, commits[localhost_10000:c-1, localhost_10002:c-1, localhost_10001:c-1]
2019-09-24 12:19:54,398 INFO  client.GrpcClientProtocolService (GrpcClientProtocolService.java:lambda$processClientRequest$0(278)) - Failed RaftClientRequest:client-2265A94AA220->localhost_10000@group-03E665A0CE68, cid=42, seq=0, RW, Message:321f0a0f0a0d74657374...(size=33), reply=RaftClientReply:client-2265A94AA220->localhost_10000@group-03E665A0CE68, cid=42, FAILED org.apache.ratis.protocol.LeaderNotReadyException: localhost_10000@group-03E665A0CE68 is in LEADER state but not ready yet., logIndex=0, commits[localhost_10000:c-1, localhost_10002:c-1, localhost_10001:c-1]
2019-09-24 12:19:54,399 INFO  client.GrpcClientProtocolService (GrpcClientProtocolService.java:lambda$processClientRequest$0(278)) - Failed RaftClientRequest:client-2265A94AA220->localhost_10000@group-03E665A0CE68, cid=42, seq=0, RW, Message:321f0a0f0a0d74657374...(size=33), reply=RaftClientReply:client-2265A94AA220->localhost_10000@group-03E665A0CE68, cid=42, FAILED org.apache.ratis.protocol.LeaderNotReadyException: localhost_10000@group-03E665A0CE68 is in LEADER state but not ready yet., logIndex=0, commits[localhost_10000:c-1, localhost_10002:c-1, localhost_10001:c-1]
2019-09-24 12:19:54,399 INFO  client.GrpcClientProtocolService (GrpcClientProtocolService.java:lambda$processClientRequest$0(278)) - Failed RaftClientRequest:client-2265A94AA220->localhost_10000@group-03E665A0CE68, cid=42, seq=0, RW, Message:321f0a0f0a0d74657374...(size=33), reply=RaftClientReply:client-2265A94AA220->localhost_10000@group-03E665A0CE68, cid=42, FAILED org.apache.ratis.protocol.LeaderNotReadyException: localhost_10000@group-03E665A0CE68 is in LEADER state but not ready yet., logIndex=0, commits[localhost_10000:c-1, localhost_10002:c-1, localhost_10001:c-1]
2019-09-24 12:19:54,400 INFO  client.GrpcClientProtocolService (GrpcClientProtocolService.java:lambda$processClientRequest$0(278)) - Failed RaftClientRequest:client-2265A94AA220->localhost_10000@group-03E665A0CE68, cid=42, seq=0, RW, Message:321f0a0f0a0d74657374...(size=33), reply=RaftClientReply:client-2265A94AA220->localhost_10000@group-03E665A0CE68, cid=42, FAILED org.apache.ratis.protocol.LeaderNotReadyException: localhost_10000@group-03E665A0CE68 is in LEADER state but not ready yet., logIndex=0, commits[localhost_10000:c-1, localhost_10002:c-1, localhost_10001:c-1]
2019-09-24 12:19:54,401 INFO  client.GrpcClientProtocolService (GrpcClientProtocolService.java:lambda$processClientRequest$0(278)) - Failed RaftClientRequest:client-2265A94AA220->localhost_10000@group-03E665A0CE68, cid=42, seq=0, RW, Message:321f0a0f0a0d74657374...(size=33), reply=RaftClientReply:client-2265A94AA220->localhost_10000@group-03E665A0CE68, cid=42, FAILED org.apache.ratis.protocol.LeaderNotReadyException: localhost_10000@group-03E665A0CE68 is in LEADER state but not ready yet., logIndex=0, commits[localhost_10000:c-1, localhost_10002:c-1, localhost_10001:c-1]
2019-09-24 12:19:54,401 INFO  client.GrpcClientProtocolService (GrpcClientProtocolService.java:lambda$processClientRequest$0(278)) - Failed RaftClientRequest:client-2265A94AA220->localhost_10000@group-03E665A0CE68, cid=42, seq=0, RW, Message:321f0a0f0a0d74657374...(size=33), reply=RaftClientReply:client-2265A94AA220->localhost_10000@group-03E665A0CE68, cid=42, FAILED org.apache.ratis.protocol.LeaderNotReadyException: localhost_10000@group-03E665A0CE68 is in LEADER state but not ready yet., logIndex=0, commits[localhost_10000:c-1, localhost_10002:c-1, localhost_10001:c-1]
2019-09-24 12:19:54,402 INFO  client.GrpcClientProtocolService (GrpcClientProtocolService.java:lambda$processClientRequest$0(278)) - Failed RaftClientRequest:client-2265A94AA220->localhost_10000@group-03E665A0CE68, cid=42, seq=0, RW, Message:321f0a0f0a0d74657374...(size=33), reply=RaftClientReply:client-2265A94AA220->localhost_10000@group-03E665A0CE68, cid=42, FAILED org.apache.ratis.protocol.LeaderNotReadyException: localhost_10000@group-03E665A0CE68 is in LEADER state but not ready yet., logIndex=0, commits[localhost_10000:c-1, localhost_10002:c-1, localhost_10001:c-1]
2019-09-24 12:19:54,403 INFO  client.GrpcClientProtocolService (GrpcClientProtocolService.java:lambda$processClientRequest$0(278)) - Failed RaftClientRequest:client-2265A94AA220->localhost_10000@group-03E665A0CE68, cid=42, seq=0, RW, Message:321f0a0f0a0d74657374...(size=33), reply=RaftClientReply:client-2265A94AA220->localhost_10000@group-03E665A0CE68, cid=42, FAILED org.apache.ratis.protocol.LeaderNotReadyException: localhost_10000@group-03E665A0CE68 is in LEADER state but not ready yet., logIndex=0, commits[localhost_10000:c-1, localhost_10002:c-1, localhost_10001:c-1]
2019-09-24 12:19:54,404 INFO  client.GrpcClientProtocolService (GrpcClientProtocolService.java:lambda$processClientRequest$0(278)) - Failed RaftClientRequest:client-2265A94AA220->localhost_10000@group-03E665A0CE68, cid=42, seq=0, RW, Message:321f0a0f0a0d74657374...(size=33), reply=RaftClientReply:client-2265A94AA220->localhost_10000@group-03E665A0CE68, cid=42, FAILED org.apache.ratis.protocol.LeaderNotReadyException: localhost_10000@group-03E665A0CE68 is in LEADER state but not ready yet., logIndex=0, commits[localhost_10000:c-1, localhost_10002:c-1, localhost_10001:c-1]
2019-09-24 12:19:54,404 INFO  client.GrpcClientProtocolService (GrpcClientProtocolService.java:lambda$processClientRequest$0(278)) - Failed RaftClientRequest:client-2265A94AA220->localhost_10000@group-03E665A0CE68, cid=42, seq=0, RW, Message:321f0a0f0a0d74657374...(size=33), reply=RaftClientReply:client-2265A94AA220->localhost_10000@group-03E665A0CE68, cid=42, FAILED org.apache.ratis.protocol.LeaderNotReadyException: localhost_10000@group-03E665A0CE68 is in LEADER state but not ready yet., logIndex=0, commits[localhost_10000:c-1, localhost_10002:c-1, localhost_10001:c-1]
2019-09-24 12:19:54,405 INFO  client.GrpcClientProtocolService (GrpcClientProtocolService.java:lambda$processClientRequest$0(278)) - Failed RaftClientRequest:client-2265A94AA220->localhost_10000@group-03E665A0CE68, cid=42, seq=0, RW, Message:321f0a0f0a0d74657374...(size=33), reply=RaftClientReply:client-2265A94AA220->localhost_10000@group-03E665A0CE68, cid=42, FAILED org.apache.ratis.protocol.LeaderNotReadyException: localhost_10000@group-03E665A0CE68 is in LEADER state but not ready yet., logIndex=0, commits[localhost_10000:c-1, localhost_10002:c-1, localhost_10001:c-1]
2019-09-24 12:19:54,406 INFO  client.GrpcClientProtocolService (GrpcClientProtocolService.java:lambda$processClientRequest$0(278)) - Failed RaftClientRequest:client-2265A94AA220->localhost_10000@group-03E665A0CE68, cid=42, seq=0, RW, Message:321f0a0f0a0d74657374...(size=33), reply=RaftClientReply:client-2265A94AA220->localhost_10000@group-03E665A0CE68, cid=42, FAILED org.apache.ratis.protocol.LeaderNotReadyException: localhost_10000@group-03E665A0CE68 is in LEADER state but not ready yet., logIndex=0, commits[localhost_10000:c-1, localhost_10002:c-1, localhost_10001:c-1]
2019-09-24 12:19:54,407 INFO  client.GrpcClientProtocolService (GrpcClientProtocolService.java:lambda$processClientRequest$0(278)) - Failed RaftClientRequest:client-2265A94AA220->localhost_10000@group-03E665A0CE68, cid=42, seq=0, RW, Message:321f0a0f0a0d74657374...(size=33), reply=RaftClientReply:client-2265A94AA220->localhost_10000@group-03E665A0CE68, cid=42, FAILED org.apache.ratis.protocol.LeaderNotReadyException: localhost_10000@group-03E665A0CE68 is in LEADER state but not ready yet., logIndex=0, commits[localhost_10000:c-1, localhost_10002:c-1, localhost_10001:c-1]
2019-09-24 12:19:54,407 INFO  client.GrpcClientProtocolService (GrpcClientProtocolService.java:lambda$processClientRequest$0(278)) - Failed RaftClientRequest:client-2265A94AA220->localhost_10000@group-03E665A0CE68, cid=42, seq=0, RW, Message:321f0a0f0a0d74657374...(size=33), reply=RaftClientReply:client-2265A94AA220->localhost_10000@group-03E665A0CE68, cid=42, FAILED org.apache.ratis.protocol.LeaderNotReadyException: localhost_10000@group-03E665A0CE68 is in LEADER state but not ready yet., logIndex=0, commits[localhost_10000:c-1, localhost_10002:c-1, localhost_10001:c-1]
2019-09-24 12:19:54,408 INFO  client.GrpcClientProtocolService (GrpcClientProtocolService.java:lambda$processClientRequest$0(278)) - Failed RaftClientRequest:client-2265A94AA220->localhost_10000@group-03E665A0CE68, cid=42, seq=0, RW, Message:321f0a0f0a0d74657374...(size=33), reply=RaftClientReply:client-2265A94AA220->localhost_10000@group-03E665A0CE68, cid=42, FAILED org.apache.ratis.protocol.LeaderNotReadyException: localhost_10000@group-03E665A0CE68 is in LEADER state but not ready yet., logIndex=0, commits[localhost_10000:c-1, localhost_10002:c-1, localhost_10001:c-1]
2019-09-24 12:19:54,409 INFO  client.GrpcClientProtocolService (GrpcClientProtocolService.java:lambda$processClientRequest$0(278)) - Failed RaftClientRequest:client-2265A94AA220->localhost_10000@group-03E665A0CE68, cid=42, seq=0, RW, Message:321f0a0f0a0d74657374...(size=33), reply=RaftClientReply:client-2265A94AA220->localhost_10000@group-03E665A0CE68, cid=42, FAILED org.apache.ratis.protocol.LeaderNotReadyException: localhost_10000@group-03E665A0CE68 is in LEADER state but not ready yet., logIndex=0, commits[localhost_10000:c-1, localhost_10002:c-1, localhost_10001:c-1]
2019-09-24 12:19:54,410 INFO  client.GrpcClientProtocolService (GrpcClientProtocolService.java:lambda$processClientRequest$0(278)) - Failed RaftClientRequest:client-2265A94AA220->localhost_10000@group-03E665A0CE68, cid=42, seq=0, RW, Message:321f0a0f0a0d74657374...(size=33), reply=RaftClientReply:client-2265A94AA220->localhost_10000@group-03E665A0CE68, cid=42, FAILED org.apache.ratis.protocol.LeaderNotReadyException: localhost_10000@group-03E665A0CE68 is in LEADER state but not ready yet., logIndex=0, commits[localhost_10000:c-1, localhost_10002:c-1, localhost_10001:c-1]
2019-09-24 12:19:54,410 INFO  client.GrpcClientProtocolService (GrpcClientProtocolService.java:lambda$processClientRequest$0(278)) - Failed RaftClientRequest:client-2265A94AA220->localhost_10000@group-03E665A0CE68, cid=42, seq=0, RW, Message:321f0a0f0a0d74657374...(size=33), reply=RaftClientReply:client-2265A94AA220->localhost_10000@group-03E665A0CE68, cid=42, FAILED org.apache.ratis.protocol.LeaderNotReadyException: localhost_10000@group-03E665A0CE68 is in LEADER state but not ready yet., logIndex=0, commits[localhost_10000:c-1, localhost_10002:c-1, localhost_10001:c-1]
2019-09-24 12:19:54,411 INFO  client.GrpcClientProtocolService (GrpcClientProtocolService.java:lambda$processClientRequest$0(278)) - Failed RaftClientRequest:client-2265A94AA220->localhost_10000@group-03E665A0CE68, cid=42, seq=0, RW, Message:321f0a0f0a0d74657374...(size=33), reply=RaftClientReply:client-2265A94AA220->localhost_10000@group-03E665A0CE68, cid=42, FAILED org.apache.ratis.protocol.LeaderNotReadyException: localhost_10000@group-03E665A0CE68 is in LEADER state but not ready yet., logIndex=0, commits[localhost_10000:c-1, localhost_10002:c-1, localhost_10001:c-1]
2019-09-24 12:19:54,412 INFO  client.GrpcClientProtocolService (GrpcClientProtocolService.java:lambda$processClientRequest$0(278)) - Failed RaftClientRequest:client-2265A94AA220->localhost_10000@group-03E665A0CE68, cid=42, seq=0, RW, Message:321f0a0f0a0d74657374...(size=33), reply=RaftClientReply:client-2265A94AA220->localhost_10000@group-03E665A0CE68, cid=42, FAILED org.apache.ratis.protocol.LeaderNotReadyException: localhost_10000@group-03E665A0CE68 is in LEADER state but not ready yet., logIndex=0, commits[localhost_10000:c-1, localhost_10002:c-1, localhost_10001:c-1]
2019-09-24 12:19:54,413 INFO  client.GrpcClientProtocolService (GrpcClientProtocolService.java:lambda$processClientRequest$0(278)) - Failed RaftClientRequest:client-2265A94AA220->localhost_10000@group-03E665A0CE68, cid=42, seq=0, RW, Message:321f0a0f0a0d74657374...(size=33), reply=RaftClientReply:client-2265A94AA220->localhost_10000@group-03E665A0CE68, cid=42, FAILED org.apache.ratis.protocol.LeaderNotReadyException: localhost_10000@group-03E665A0CE68 is in LEADER state but not ready yet., logIndex=0, commits[localhost_10000:c-1, localhost_10002:c-1, localhost_10001:c-1]
2019-09-24 12:19:54,414 INFO  client.GrpcClientProtocolService (GrpcClientProtocolService.java:lambda$processClientRequest$0(278)) - Failed RaftClientRequest:client-2265A94AA220->localhost_10000@group-03E665A0CE68, cid=42, seq=0, RW, Message:321f0a0f0a0d74657374...(size=33), reply=RaftClientReply:client-2265A94AA220->localhost_10000@group-03E665A0CE68, cid=42, FAILED org.apache.ratis.protocol.LeaderNotReadyException: localhost_10000@group-03E665A0CE68 is in LEADER state but not ready yet., logIndex=0, commits[localhost_10000:c-1, localhost_10002:c-1, localhost_10001:c-1]
2019-09-24 12:19:54,414 INFO  client.GrpcClientProtocolService (GrpcClientProtocolService.java:lambda$processClientRequest$0(278)) - Failed RaftClientRequest:client-2265A94AA220->localhost_10000@group-03E665A0CE68, cid=42, seq=0, RW, Message:321f0a0f0a0d74657374...(size=33), reply=RaftClientReply:client-2265A94AA220->localhost_10000@group-03E665A0CE68, cid=42, FAILED org.apache.ratis.protocol.LeaderNotReadyException: localhost_10000@group-03E665A0CE68 is in LEADER state but not ready yet., logIndex=0, commits[localhost_10000:c-1, localhost_10002:c-1, localhost_10001:c-1]
2019-09-24 12:19:54,415 INFO  client.GrpcClientProtocolService (GrpcClientProtocolService.java:lambda$processClientRequest$0(278)) - Failed RaftClientRequest:client-2265A94AA220->localhost_10000@group-03E665A0CE68, cid=42, seq=0, RW, Message:321f0a0f0a0d74657374...(size=33), reply=RaftClientReply:client-2265A94AA220->localhost_10000@group-03E665A0CE68, cid=42, FAILED org.apache.ratis.protocol.LeaderNotReadyException: localhost_10000@group-03E665A0CE68 is in LEADER state but not ready yet., logIndex=0, commits[localhost_10000:c-1, localhost_10002:c-1, localhost_10001:c-1]
2019-09-24 12:19:54,416 INFO  client.GrpcClientProtocolService (GrpcClientProtocolService.java:lambda$processClientRequest$0(278)) - Failed RaftClientRequest:client-2265A94AA220->localhost_10000@group-03E665A0CE68, cid=42, seq=0, RW, Message:321f0a0f0a0d74657374...(size=33), reply=RaftClientReply:client-2265A94AA220->localhost_10000@group-03E665A0CE68, cid=42, FAILED org.apache.ratis.protocol.LeaderNotReadyException: localhost_10000@group-03E665A0CE68 is in LEADER state but not ready yet., logIndex=0, commits[localhost_10000:c-1, localhost_10002:c-1, localhost_10001:c-1]
2019-09-24 12:19:54,416 INFO  client.GrpcClientProtocolService (GrpcClientProtocolService.java:lambda$processClientRequest$0(278)) - Failed RaftClientRequest:client-2265A94AA220->localhost_10000@group-03E665A0CE68, cid=42, seq=0, RW, Message:321f0a0f0a0d74657374...(size=33), reply=RaftClientReply:client-2265A94AA220->localhost_10000@group-03E665A0CE68, cid=42, FAILED org.apache.ratis.protocol.LeaderNotReadyException: localhost_10000@group-03E665A0CE68 is in LEADER state but not ready yet., logIndex=0, commits[localhost_10000:c-1, localhost_10002:c-1, localhost_10001:c-1]
2019-09-24 12:19:54,417 INFO  client.GrpcClientProtocolService (GrpcClientProtocolService.java:lambda$processClientRequest$0(278)) - Failed RaftClientRequest:client-2265A94AA220->localhost_10000@group-03E665A0CE68, cid=42, seq=0, RW, Message:321f0a0f0a0d74657374...(size=33), reply=RaftClientReply:client-2265A94AA220->localhost_10000@group-03E665A0CE68, cid=42, FAILED org.apache.ratis.protocol.LeaderNotReadyException: localhost_10000@group-03E665A0CE68 is in LEADER state but not ready yet., logIndex=0, commits[localhost_10000:c-1, localhost_10002:c-1, localhost_10001:c-1]
2019-09-24 12:19:54,418 INFO  client.GrpcClientProtocolService (GrpcClientProtocolService.java:lambda$processClientRequest$0(278)) - Failed RaftClientRequest:client-2265A94AA220->localhost_10000@group-03E665A0CE68, cid=42, seq=0, RW, Message:321f0a0f0a0d74657374...(size=33), reply=RaftClientReply:client-2265A94AA220->localhost_10000@group-03E665A0CE68, cid=42, FAILED org.apache.ratis.protocol.LeaderNotReadyException: localhost_10000@group-03E665A0CE68 is in LEADER state but not ready yet., logIndex=0, commits[localhost_10000:c-1, localhost_10002:c-1, localhost_10001:c-1]
2019-09-24 12:19:54,419 INFO  client.GrpcClientProtocolService (GrpcClientProtocolService.java:lambda$processClientRequest$0(278)) - Failed RaftClientRequest:client-2265A94AA220->localhost_10000@group-03E665A0CE68, cid=42, seq=0, RW, Message:321f0a0f0a0d74657374...(size=33), reply=RaftClientReply:client-2265A94AA220->localhost_10000@group-03E665A0CE68, cid=42, FAILED org.apache.ratis.protocol.LeaderNotReadyException: localhost_10000@group-03E665A0CE68 is in LEADER state but not ready yet., logIndex=0, commits[localhost_10000:c-1, localhost_10002:c-1, localhost_10001:c-1]
2019-09-24 12:19:54,419 INFO  client.GrpcClientProtocolService (GrpcClientProtocolService.java:lambda$processClientRequest$0(278)) - Failed RaftClientRequest:client-2265A94AA220->localhost_10000@group-03E665A0CE68, cid=42, seq=0, RW, Message:321f0a0f0a0d74657374...(size=33), reply=RaftClientReply:client-2265A94AA220->localhost_10000@group-03E665A0CE68, cid=42, FAILED org.apache.ratis.protocol.LeaderNotReadyException: localhost_10000@group-03E665A0CE68 is in LEADER state but not ready yet., logIndex=0, commits[localhost_10000:c-1, localhost_10002:c-1, localhost_10001:c-1]
2019-09-24 12:19:54,420 INFO  client.GrpcClientProtocolService (GrpcClientProtocolService.java:lambda$processClientRequest$0(278)) - Failed RaftClientRequest:client-2265A94AA220->localhost_10000@group-03E665A0CE68, cid=42, seq=0, RW, Message:321f0a0f0a0d74657374...(size=33), reply=RaftClientReply:client-2265A94AA220->localhost_10000@group-03E665A0CE68, cid=42, FAILED org.apache.ratis.protocol.LeaderNotReadyException: localhost_10000@group-03E665A0CE68 is in LEADER state but not ready yet., logIndex=0, commits[localhost_10000:c-1, localhost_10002:c-1, localhost_10001:c-1]
2019-09-24 12:19:54,421 INFO  client.GrpcClientProtocolService (GrpcClientProtocolService.java:lambda$processClientRequest$0(278)) - Failed RaftClientRequest:client-2265A94AA220->localhost_10000@group-03E665A0CE68, cid=42, seq=0, RW, Message:321f0a0f0a0d74657374...(size=33), reply=RaftClientReply:client-2265A94AA220->localhost_10000@group-03E665A0CE68, cid=42, FAILED org.apache.ratis.protocol.LeaderNotReadyException: localhost_10000@group-03E665A0CE68 is in LEADER state but not ready yet., logIndex=0, commits[localhost_10000:c-1, localhost_10002:c-1, localhost_10001:c-1]
2019-09-24 12:19:54,421 INFO  client.GrpcClientProtocolService (GrpcClientProtocolService.java:lambda$processClientRequest$0(278)) - Failed RaftClientRequest:client-2265A94AA220->localhost_10000@group-03E665A0CE68, cid=42, seq=0, RW, Message:321f0a0f0a0d74657374...(size=33), reply=RaftClientReply:client-2265A94AA220->localhost_10000@group-03E665A0CE68, cid=42, FAILED org.apache.ratis.protocol.LeaderNotReadyException: localhost_10000@group-03E665A0CE68 is in LEADER state but not ready yet., logIndex=0, commits[localhost_10000:c-1, localhost_10002:c-1, localhost_10001:c-1]
2019-09-24 12:19:54,422 INFO  client.GrpcClientProtocolService (GrpcClientProtocolService.java:lambda$processClientRequest$0(278)) - Failed RaftClientRequest:client-2265A94AA220->localhost_10000@group-03E665A0CE68, cid=42, seq=0, RW, Message:321f0a0f0a0d74657374...(size=33), reply=RaftClientReply:client-2265A94AA220->localhost_10000@group-03E665A0CE68, cid=42, FAILED org.apache.ratis.protocol.LeaderNotReadyException: localhost_10000@group-03E665A0CE68 is in LEADER state but not ready yet., logIndex=0, commits[localhost_10000:c-1, localhost_10002:c-1, localhost_10001:c-1]
2019-09-24 12:19:54,423 INFO  client.GrpcClientProtocolService (GrpcClientProtocolService.java:lambda$processClientRequest$0(278)) - Failed RaftClientRequest:client-2265A94AA220->localhost_10000@group-03E665A0CE68, cid=42, seq=0, RW, Message:321f0a0f0a0d74657374...(size=33), reply=RaftClientReply:client-2265A94AA220->localhost_10000@group-03E665A0CE68, cid=42, FAILED org.apache.ratis.protocol.LeaderNotReadyException: localhost_10000@group-03E665A0CE68 is in LEADER state but not ready yet., logIndex=0, commits[localhost_10000:c-1, localhost_10002:c-1, localhost_10001:c-1]
2019-09-24 12:19:54,424 INFO  client.GrpcClientProtocolService (GrpcClientProtocolService.java:lambda$processClientRequest$0(278)) - Failed RaftClientRequest:client-2265A94AA220->localhost_10000@group-03E665A0CE68, cid=42, seq=0, RW, Message:321f0a0f0a0d74657374...(size=33), reply=RaftClientReply:client-2265A94AA220->localhost_10000@group-03E665A0CE68, cid=42, FAILED org.apache.ratis.protocol.LeaderNotReadyException: localhost_10000@group-03E665A0CE68 is in LEADER state but not ready yet., logIndex=0, commits[localhost_10000:c-1, localhost_10002:c-1, localhost_10001:c-1]
2019-09-24 12:19:54,424 INFO  client.GrpcClientProtocolService (GrpcClientProtocolService.java:lambda$processClientRequest$0(278)) - Failed RaftClientRequest:client-2265A94AA220->localhost_10000@group-03E665A0CE68, cid=42, seq=0, RW, Message:321f0a0f0a0d74657374...(size=33), reply=RaftClientReply:client-2265A94AA220->localhost_10000@group-03E665A0CE68, cid=42, FAILED org.apache.ratis.protocol.LeaderNotReadyException: localhost_10000@group-03E665A0CE68 is in LEADER state but not ready yet., logIndex=0, commits[localhost_10000:c-1, localhost_10002:c-1, localhost_10001:c-1]
2019-09-24 12:19:54,425 INFO  client.GrpcClientProtocolService (GrpcClientProtocolService.java:lambda$processClientRequest$0(278)) - Failed RaftClientRequest:client-2265A94AA220->localhost_10000@group-03E665A0CE68, cid=42, seq=0, RW, Message:321f0a0f0a0d74657374...(size=33), reply=RaftClientReply:client-2265A94AA220->localhost_10000@group-03E665A0CE68, cid=42, FAILED org.apache.ratis.protocol.LeaderNotReadyException: localhost_10000@group-03E665A0CE68 is in LEADER state but not ready yet., logIndex=0, commits[localhost_10000:c-1, localhost_10002:c-1, localhost_10001:c-1]
2019-09-24 12:19:54,426 INFO  client.GrpcClientProtocolService (GrpcClientProtocolService.java:lambda$processClientRequest$0(278)) - Failed RaftClientRequest:client-2265A94AA220->localhost_10000@group-03E665A0CE68, cid=42, seq=0, RW, Message:321f0a0f0a0d74657374...(size=33), reply=RaftClientReply:client-2265A94AA220->localhost_10000@group-03E665A0CE68, cid=42, FAILED org.apache.ratis.protocol.LeaderNotReadyException: localhost_10000@group-03E665A0CE68 is in LEADER state but not ready yet., logIndex=0, commits[localhost_10000:c-1, localhost_10002:c-1, localhost_10001:c-1]
2019-09-24 12:19:54,427 INFO  client.GrpcClientProtocolService (GrpcClientProtocolService.java:lambda$processClientRequest$0(278)) - Failed RaftClientRequest:client-2265A94AA220->localhost_10000@group-03E665A0CE68, cid=42, seq=0, RW, Message:321f0a0f0a0d74657374...(size=33), reply=RaftClientReply:client-2265A94AA220->localhost_10000@group-03E665A0CE68, cid=42, FAILED org.apache.ratis.protocol.LeaderNotReadyException: localhost_10000@group-03E665A0CE68 is in LEADER state but not ready yet., logIndex=0, commits[localhost_10000:c-1, localhost_10002:c-1, localhost_10001:c-1]
2019-09-24 12:19:54,427 INFO  client.GrpcClientProtocolService (GrpcClientProtocolService.java:lambda$processClientRequest$0(278)) - Failed RaftClientRequest:client-2265A94AA220->localhost_10000@group-03E665A0CE68, cid=42, seq=0, RW, Message:321f0a0f0a0d74657374...(size=33), reply=RaftClientReply:client-2265A94AA220->localhost_10000@group-03E665A0CE68, cid=42, FAILED org.apache.ratis.protocol.LeaderNotReadyException: localhost_10000@group-03E665A0CE68 is in LEADER state but not ready yet., logIndex=0, commits[localhost_10000:c-1, localhost_10002:c-1, localhost_10001:c-1]
2019-09-24 12:19:54,428 INFO  client.GrpcClientProtocolService (GrpcClientProtocolService.java:lambda$processClientRequest$0(278)) - Failed RaftClientRequest:client-2265A94AA220->localhost_10000@group-03E665A0CE68, cid=42, seq=0, RW, Message:321f0a0f0a0d74657374...(size=33), reply=RaftClientReply:client-2265A94AA220->localhost_10000@group-03E665A0CE68, cid=42, FAILED org.apache.ratis.protocol.LeaderNotReadyException: localhost_10000@group-03E665A0CE68 is in LEADER state but not ready yet., logIndex=0, commits[localhost_10000:c-1, localhost_10002:c-1, localhost_10001:c-1]
2019-09-24 12:19:54,429 INFO  client.GrpcClientProtocolService (GrpcClientProtocolService.java:lambda$processClientRequest$0(278)) - Failed RaftClientRequest:client-2265A94AA220->localhost_10000@group-03E665A0CE68, cid=42, seq=0, RW, Message:321f0a0f0a0d74657374...(size=33), reply=RaftClientReply:client-2265A94AA220->localhost_10000@group-03E665A0CE68, cid=42, FAILED org.apache.ratis.protocol.LeaderNotReadyException: localhost_10000@group-03E665A0CE68 is in LEADER state but not ready yet., logIndex=0, commits[localhost_10000:c-1, localhost_10002:c-1, localhost_10001:c-1]
2019-09-24 12:19:54,430 INFO  client.GrpcClientProtocolService (GrpcClientProtocolService.java:lambda$processClientRequest$0(278)) - Failed RaftClientRequest:client-2265A94AA220->localhost_10000@group-03E665A0CE68, cid=42, seq=0, RW, Message:321f0a0f0a0d74657374...(size=33), reply=RaftClientReply:client-2265A94AA220->localhost_10000@group-03E665A0CE68, cid=42, FAILED org.apache.ratis.protocol.LeaderNotReadyException: localhost_10000@group-03E665A0CE68 is in LEADER state but not ready yet., logIndex=0, commits[localhost_10000:c-1, localhost_10002:c-1, localhost_10001:c-1]
2019-09-24 12:19:54,430 INFO  client.GrpcClientProtocolService (GrpcClientProtocolService.java:lambda$processClientRequest$0(278)) - Failed RaftClientRequest:client-2265A94AA220->localhost_10000@group-03E665A0CE68, cid=42, seq=0, RW, Message:321f0a0f0a0d74657374...(size=33), reply=RaftClientReply:client-2265A94AA220->localhost_10000@group-03E665A0CE68, cid=42, FAILED org.apache.ratis.protocol.LeaderNotReadyException: localhost_10000@group-03E665A0CE68 is in LEADER state but not ready yet., logIndex=0, commits[localhost_10000:c-1, localhost_10002:c-1, localhost_10001:c-1]
2019-09-24 12:19:54,431 INFO  client.GrpcClientProtocolService (GrpcClientProtocolService.java:lambda$processClientRequest$0(278)) - Failed RaftClientRequest:client-2265A94AA220->localhost_10000@group-03E665A0CE68, cid=42, seq=0, RW, Message:321f0a0f0a0d74657374...(size=33), reply=RaftClientReply:client-2265A94AA220->localhost_10000@group-03E665A0CE68, cid=42, FAILED org.apache.ratis.protocol.LeaderNotReadyException: localhost_10000@group-03E665A0CE68 is in LEADER state but not ready yet., logIndex=0, commits[localhost_10000:c-1, localhost_10002:c-1, localhost_10001:c-1]
2019-09-24 12:19:54,432 INFO  client.GrpcClientProtocolService (GrpcClientProtocolService.java:lambda$processClientRequest$0(278)) - Failed RaftClientRequest:client-2265A94AA220->localhost_10000@group-03E665A0CE68, cid=42, seq=0, RW, Message:321f0a0f0a0d74657374...(size=33), reply=RaftClientReply:client-2265A94AA220->localhost_10000@group-03E665A0CE68, cid=42, FAILED org.apache.ratis.protocol.LeaderNotReadyException: localhost_10000@group-03E665A0CE68 is in LEADER state but not ready yet., logIndex=0, commits[localhost_10000:c-1, localhost_10002:c-1, localhost_10001:c-1]
2019-09-24 12:19:54,432 INFO  client.GrpcClientProtocolService (GrpcClientProtocolService.java:lambda$processClientRequest$0(278)) - Failed RaftClientRequest:client-2265A94AA220->localhost_10000@group-03E665A0CE68, cid=42, seq=0, RW, Message:321f0a0f0a0d74657374...(size=33), reply=RaftClientReply:client-2265A94AA220->localhost_10000@group-03E665A0CE68, cid=42, FAILED org.apache.ratis.protocol.LeaderNotReadyException: localhost_10000@group-03E665A0CE68 is in LEADER state but not ready yet., logIndex=0, commits[localhost_10000:c-1, localhost_10002:c-1, localhost_10001:c-1]
2019-09-24 12:19:54,433 INFO  client.GrpcClientProtocolService (GrpcClientProtocolService.java:lambda$processClientRequest$0(278)) - Failed RaftClientRequest:client-2265A94AA220->localhost_10000@group-03E665A0CE68, cid=42, seq=0, RW, Message:321f0a0f0a0d74657374...(size=33), reply=RaftClientReply:client-2265A94AA220->localhost_10000@group-03E665A0CE68, cid=42, FAILED org.apache.ratis.protocol.LeaderNotReadyException: localhost_10000@group-03E665A0CE68 is in LEADER state but not ready yet., logIndex=0, commits[localhost_10000:c-1, localhost_10002:c-1, localhost_10001:c-1]
2019-09-24 12:19:54,434 INFO  client.GrpcClientProtocolService (GrpcClientProtocolService.java:lambda$processClientRequest$0(278)) - Failed RaftClientRequest:client-2265A94AA220->localhost_10000@group-03E665A0CE68, cid=42, seq=0, RW, Message:321f0a0f0a0d74657374...(size=33), reply=RaftClientReply:client-2265A94AA220->localhost_10000@group-03E665A0CE68, cid=42, FAILED org.apache.ratis.protocol.LeaderNotReadyException: localhost_10000@group-03E665A0CE68 is in LEADER state but not ready yet., logIndex=0, commits[localhost_10000:c-1, localhost_10002:c-1, localhost_10001:c-1]
2019-09-24 12:19:54,435 INFO  client.GrpcClientProtocolService (GrpcClientProtocolService.java:lambda$processClientRequest$0(278)) - Failed RaftClientRequest:client-2265A94AA220->localhost_10000@group-03E665A0CE68, cid=42, seq=0, RW, Message:321f0a0f0a0d74657374...(size=33), reply=RaftClientReply:client-2265A94AA220->localhost_10000@group-03E665A0CE68, cid=42, FAILED org.apache.ratis.protocol.LeaderNotReadyException: localhost_10000@group-03E665A0CE68 is in LEADER state but not ready yet., logIndex=0, commits[localhost_10000:c-1, localhost_10002:c-1, localhost_10001:c-1]
2019-09-24 12:19:54,435 INFO  client.GrpcClientProtocolService (GrpcClientProtocolService.java:lambda$processClientRequest$0(278)) - Failed RaftClientRequest:client-2265A94AA220->localhost_10000@group-03E665A0CE68, cid=42, seq=0, RW, Message:321f0a0f0a0d74657374...(size=33), reply=RaftClientReply:client-2265A94AA220->localhost_10000@group-03E665A0CE68, cid=42, FAILED org.apache.ratis.protocol.LeaderNotReadyException: localhost_10000@group-03E665A0CE68 is in LEADER state but not ready yet., logIndex=0, commits[localhost_10000:c-1, localhost_10002:c-1, localhost_10001:c-1]
2019-09-24 12:19:54,436 INFO  client.GrpcClientProtocolService (GrpcClientProtocolService.java:lambda$processClientRequest$0(278)) - Failed RaftClientRequest:client-2265A94AA220->localhost_10000@group-03E665A0CE68, cid=42, seq=0, RW, Message:321f0a0f0a0d74657374...(size=33), reply=RaftClientReply:client-2265A94AA220->localhost_10000@group-03E665A0CE68, cid=42, FAILED org.apache.ratis.protocol.LeaderNotReadyException: localhost_10000@group-03E665A0CE68 is in LEADER state but not ready yet., logIndex=0, commits[localhost_10000:c-1, localhost_10002:c-1, localhost_10001:c-1]
2019-09-24 12:19:54,437 INFO  client.GrpcClientProtocolService (GrpcClientProtocolService.java:lambda$processClientRequest$0(278)) - Failed RaftClientRequest:client-2265A94AA220->localhost_10000@group-03E665A0CE68, cid=42, seq=0, RW, Message:321f0a0f0a0d74657374...(size=33), reply=RaftClientReply:client-2265A94AA220->localhost_10000@group-03E665A0CE68, cid=42, FAILED org.apache.ratis.protocol.LeaderNotReadyException: localhost_10000@group-03E665A0CE68 is in LEADER state but not ready yet., logIndex=0, commits[localhost_10000:c-1, localhost_10002:c-1, localhost_10001:c-1]
2019-09-24 12:19:54,437 INFO  client.GrpcClientProtocolService (GrpcClientProtocolService.java:lambda$processClientRequest$0(278)) - Failed RaftClientRequest:client-2265A94AA220->localhost_10000@group-03E665A0CE68, cid=42, seq=0, RW, Message:321f0a0f0a0d74657374...(size=33), reply=RaftClientReply:client-2265A94AA220->localhost_10000@group-03E665A0CE68, cid=42, FAILED org.apache.ratis.protocol.LeaderNotReadyException: localhost_10000@group-03E665A0CE68 is in LEADER state but not ready yet., logIndex=0, commits[localhost_10000:c-1, localhost_10002:c-1, localhost_10001:c-1]
2019-09-24 12:19:54,438 INFO  client.GrpcClientProtocolService (GrpcClientProtocolService.java:lambda$processClientRequest$0(278)) - Failed RaftClientRequest:client-2265A94AA220->localhost_10000@group-03E665A0CE68, cid=42, seq=0, RW, Message:321f0a0f0a0d74657374...(size=33), reply=RaftClientReply:client-2265A94AA220->localhost_10000@group-03E665A0CE68, cid=42, FAILED org.apache.ratis.protocol.LeaderNotReadyException: localhost_10000@group-03E665A0CE68 is in LEADER state but not ready yet., logIndex=0, commits[localhost_10000:c-1, localhost_10002:c-1, localhost_10001:c-1]
2019-09-24 12:19:54,439 INFO  client.GrpcClientProtocolService (GrpcClientProtocolService.java:lambda$processClientRequest$0(278)) - Failed RaftClientRequest:client-2265A94AA220->localhost_10000@group-03E665A0CE68, cid=42, seq=0, RW, Message:321f0a0f0a0d74657374...(size=33), reply=RaftClientReply:client-2265A94AA220->localhost_10000@group-03E665A0CE68, cid=42, FAILED org.apache.ratis.protocol.LeaderNotReadyException: localhost_10000@group-03E665A0CE68 is in LEADER state but not ready yet., logIndex=0, commits[localhost_10000:c-1, localhost_10002:c-1, localhost_10001:c-1]
2019-09-24 12:19:54,440 INFO  client.GrpcClientProtocolService (GrpcClientProtocolService.java:lambda$processClientRequest$0(278)) - Failed RaftClientRequest:client-2265A94AA220->localhost_10000@group-03E665A0CE68, cid=42, seq=0, RW, Message:321f0a0f0a0d74657374...(size=33), reply=RaftClientReply:client-2265A94AA220->localhost_10000@group-03E665A0CE68, cid=42, FAILED org.apache.ratis.protocol.LeaderNotReadyException: localhost_10000@group-03E665A0CE68 is in LEADER state but not ready yet., logIndex=0, commits[localhost_10000:c-1, localhost_10002:c-1, localhost_10001:c-1]
2019-09-24 12:19:54,440 INFO  client.GrpcClientProtocolService (GrpcClientProtocolService.java:lambda$processClientRequest$0(278)) - Failed RaftClientRequest:client-2265A94AA220->localhost_10000@group-03E665A0CE68, cid=42, seq=0, RW, Message:321f0a0f0a0d74657374...(size=33), reply=RaftClientReply:client-2265A94AA220->localhost_10000@group-03E665A0CE68, cid=42, FAILED org.apache.ratis.protocol.LeaderNotReadyException: localhost_10000@group-03E665A0CE68 is in LEADER state but not ready yet., logIndex=0, commits[localhost_10000:c-1, localhost_10002:c-1, localhost_10001:c-1]
2019-09-24 12:19:54,441 INFO  client.GrpcClientProtocolService (GrpcClientProtocolService.java:lambda$processClientRequest$0(278)) - Failed RaftClientRequest:client-2265A94AA220->localhost_10000@group-03E665A0CE68, cid=42, seq=0, RW, Message:321f0a0f0a0d74657374...(size=33), reply=RaftClientReply:client-2265A94AA220->localhost_10000@group-03E665A0CE68, cid=42, FAILED org.apache.ratis.protocol.LeaderNotReadyException: localhost_10000@group-03E665A0CE68 is in LEADER state but not ready yet., logIndex=0, commits[localhost_10000:c-1, localhost_10002:c-1, localhost_10001:c-1]
2019-09-24 12:19:54,442 INFO  client.GrpcClientProtocolService (GrpcClientProtocolService.java:lambda$processClientRequest$0(278)) - Failed RaftClientRequest:client-2265A94AA220->localhost_10000@group-03E665A0CE68, cid=42, seq=0, RW, Message:321f0a0f0a0d74657374...(size=33), reply=RaftClientReply:client-2265A94AA220->localhost_10000@group-03E665A0CE68, cid=42, FAILED org.apache.ratis.protocol.LeaderNotReadyException: localhost_10000@group-03E665A0CE68 is in LEADER state but not ready yet., logIndex=0, commits[localhost_10000:c-1, localhost_10002:c-1, localhost_10001:c-1]
2019-09-24 12:19:54,442 INFO  client.GrpcClientProtocolService (GrpcClientProtocolService.java:lambda$processClientRequest$0(278)) - Failed RaftClientRequest:client-2265A94AA220->localhost_10000@group-03E665A0CE68, cid=42, seq=0, RW, Message:321f0a0f0a0d74657374...(size=33), reply=RaftClientReply:client-2265A94AA220->localhost_10000@group-03E665A0CE68, cid=42, FAILED org.apache.ratis.protocol.LeaderNotReadyException: localhost_10000@group-03E665A0CE68 is in LEADER state but not ready yet., logIndex=0, commits[localhost_10000:c-1, localhost_10002:c-1, localhost_10001:c-1]
2019-09-24 12:19:54,443 INFO  client.GrpcClientProtocolService (GrpcClientProtocolService.java:lambda$processClientRequest$0(278)) - Failed RaftClientRequest:client-2265A94AA220->localhost_10000@group-03E665A0CE68, cid=42, seq=0, RW, Message:321f0a0f0a0d74657374...(size=33), reply=RaftClientReply:client-2265A94AA220->localhost_10000@group-03E665A0CE68, cid=42, FAILED org.apache.ratis.protocol.LeaderNotReadyException: localhost_10000@group-03E665A0CE68 is in LEADER state but not ready yet., logIndex=0, commits[localhost_10000:c-1, localhost_10002:c-1, localhost_10001:c-1]
2019-09-24 12:19:54,444 INFO  client.GrpcClientProtocolService (GrpcClientProtocolService.java:lambda$processClientRequest$0(278)) - Failed RaftClientRequest:client-2265A94AA220->localhost_10000@group-03E665A0CE68, cid=42, seq=0, RW, Message:321f0a0f0a0d74657374...(size=33), reply=RaftClientReply:client-2265A94AA220->localhost_10000@group-03E665A0CE68, cid=42, FAILED org.apache.ratis.protocol.LeaderNotReadyException: localhost_10000@group-03E665A0CE68 is in LEADER state but not ready yet., logIndex=0, commits[localhost_10000:c-1, localhost_10002:c-1, localhost_10001:c-1]
2019-09-24 12:19:54,445 INFO  client.GrpcClientProtocolService (GrpcClientProtocolService.java:lambda$processClientRequest$0(278)) - Failed RaftClientRequest:client-2265A94AA220->localhost_10000@group-03E665A0CE68, cid=42, seq=0, RW, Message:321f0a0f0a0d74657374...(size=33), reply=RaftClientReply:client-2265A94AA220->localhost_10000@group-03E665A0CE68, cid=42, FAILED org.apache.ratis.protocol.LeaderNotReadyException: localhost_10000@group-03E665A0CE68 is in LEADER state but not ready yet., logIndex=0, commits[localhost_10000:c-1, localhost_10002:c-1, localhost_10001:c-1]
2019-09-24 12:19:54,445 INFO  client.GrpcClientProtocolService (GrpcClientProtocolService.java:lambda$processClientRequest$0(278)) - Failed RaftClientRequest:client-2265A94AA220->localhost_10000@group-03E665A0CE68, cid=42, seq=0, RW, Message:321f0a0f0a0d74657374...(size=33), reply=RaftClientReply:client-2265A94AA220->localhost_10000@group-03E665A0CE68, cid=42, FAILED org.apache.ratis.protocol.LeaderNotReadyException: localhost_10000@group-03E665A0CE68 is in LEADER state but not ready yet., logIndex=0, commits[localhost_10000:c-1, localhost_10002:c-1, localhost_10001:c-1]
2019-09-24 12:19:54,446 INFO  client.GrpcClientProtocolService (GrpcClientProtocolService.java:lambda$processClientRequest$0(278)) - Failed RaftClientRequest:client-2265A94AA220->localhost_10000@group-03E665A0CE68, cid=42, seq=0, RW, Message:321f0a0f0a0d74657374...(size=33), reply=RaftClientReply:client-2265A94AA220->localhost_10000@group-03E665A0CE68, cid=42, FAILED org.apache.ratis.protocol.LeaderNotReadyException: localhost_10000@group-03E665A0CE68 is in LEADER state but not ready yet., logIndex=0, commits[localhost_10000:c-1, localhost_10002:c-1, localhost_10001:c-1]
2019-09-24 12:19:54,447 INFO  client.GrpcClientProtocolService (GrpcClientProtocolService.java:lambda$processClientRequest$0(278)) - Failed RaftClientRequest:client-2265A94AA220->localhost_10000@group-03E665A0CE68, cid=42, seq=0, RW, Message:321f0a0f0a0d74657374...(size=33), reply=RaftClientReply:client-2265A94AA220->localhost_10000@group-03E665A0CE68, cid=42, FAILED org.apache.ratis.protocol.LeaderNotReadyException: localhost_10000@group-03E665A0CE68 is in LEADER state but not ready yet., logIndex=0, commits[localhost_10000:c-1, localhost_10002:c-1, localhost_10001:c-1]
2019-09-24 12:19:54,447 INFO  client.GrpcClientProtocolService (GrpcClientProtocolService.java:lambda$processClientRequest$0(278)) - Failed RaftClientRequest:client-2265A94AA220->localhost_10000@group-03E665A0CE68, cid=42, seq=0, RW, Message:321f0a0f0a0d74657374...(size=33), reply=RaftClientReply:client-2265A94AA220->localhost_10000@group-03E665A0CE68, cid=42, FAILED org.apache.ratis.protocol.LeaderNotReadyException: localhost_10000@group-03E665A0CE68 is in LEADER state but not ready yet., logIndex=0, commits[localhost_10000:c-1, localhost_10002:c-1, localhost_10001:c-1]
2019-09-24 12:19:54,448 INFO  client.GrpcClientProtocolService (GrpcClientProtocolService.java:lambda$processClientRequest$0(278)) - Failed RaftClientRequest:client-2265A94AA220->localhost_10000@group-03E665A0CE68, cid=42, seq=0, RW, Message:321f0a0f0a0d74657374...(size=33), reply=RaftClientReply:client-2265A94AA220->localhost_10000@group-03E665A0CE68, cid=42, FAILED org.apache.ratis.protocol.LeaderNotReadyException: localhost_10000@group-03E665A0CE68 is in LEADER state but not ready yet., logIndex=0, commits[localhost_10000:c-1, localhost_10002:c-1, localhost_10001:c-1]
2019-09-24 12:19:54,449 INFO  client.GrpcClientProtocolService (GrpcClientProtocolService.java:lambda$processClientRequest$0(278)) - Failed RaftClientRequest:client-2265A94AA220->localhost_10000@group-03E665A0CE68, cid=42, seq=0, RW, Message:321f0a0f0a0d74657374...(size=33), reply=RaftClientReply:client-2265A94AA220->localhost_10000@group-03E665A0CE68, cid=42, FAILED org.apache.ratis.protocol.LeaderNotReadyException: localhost_10000@group-03E665A0CE68 is in LEADER state but not ready yet., logIndex=0, commits[localhost_10000:c-1, localhost_10002:c-1, localhost_10001:c-1]
2019-09-24 12:19:54,449 INFO  client.GrpcClientProtocolService (GrpcClientProtocolService.java:lambda$processClientRequest$0(278)) - Failed RaftClientRequest:client-2265A94AA220->localhost_10000@group-03E665A0CE68, cid=42, seq=0, RW, Message:321f0a0f0a0d74657374...(size=33), reply=RaftClientReply:client-2265A94AA220->localhost_10000@group-03E665A0CE68, cid=42, FAILED org.apache.ratis.protocol.LeaderNotReadyException: localhost_10000@group-03E665A0CE68 is in LEADER state but not ready yet., logIndex=0, commits[localhost_10000:c-1, localhost_10002:c-1, localhost_10001:c-1]
2019-09-24 12:19:54,450 INFO  client.GrpcClientProtocolService (GrpcClientProtocolService.java:lambda$processClientRequest$0(278)) - Failed RaftClientRequest:client-2265A94AA220->localhost_10000@group-03E665A0CE68, cid=42, seq=0, RW, Message:321f0a0f0a0d74657374...(size=33), reply=RaftClientReply:client-2265A94AA220->localhost_10000@group-03E665A0CE68, cid=42, FAILED org.apache.ratis.protocol.LeaderNotReadyException: localhost_10000@group-03E665A0CE68 is in LEADER state but not ready yet., logIndex=0, commits[localhost_10000:c-1, localhost_10002:c-1, localhost_10001:c-1]
2019-09-24 12:19:54,451 INFO  client.GrpcClientProtocolService (GrpcClientProtocolService.java:lambda$processClientRequest$0(278)) - Failed RaftClientRequest:client-2265A94AA220->localhost_10000@group-03E665A0CE68, cid=42, seq=0, RW, Message:321f0a0f0a0d74657374...(size=33), reply=RaftClientReply:client-2265A94AA220->localhost_10000@group-03E665A0CE68, cid=42, FAILED org.apache.ratis.protocol.LeaderNotReadyException: localhost_10000@group-03E665A0CE68 is in LEADER state but not ready yet., logIndex=0, commits[localhost_10000:c-1, localhost_10002:c-1, localhost_10001:c-1]
2019-09-24 12:19:54,451 INFO  client.GrpcClientProtocolService (GrpcClientProtocolService.java:lambda$processClientRequest$0(278)) - Failed RaftClientRequest:client-2265A94AA220->localhost_10000@group-03E665A0CE68, cid=42, seq=0, RW, Message:321f0a0f0a0d74657374...(size=33), reply=RaftClientReply:client-2265A94AA220->localhost_10000@group-03E665A0CE68, cid=42, FAILED org.apache.ratis.protocol.LeaderNotReadyException: localhost_10000@group-03E665A0CE68 is in LEADER state but not ready yet., logIndex=0, commits[localhost_10000:c-1, localhost_10002:c-1, localhost_10001:c-1]
2019-09-24 12:19:54,452 INFO  client.GrpcClientProtocolService (GrpcClientProtocolService.java:lambda$processClientRequest$0(278)) - Failed RaftClientRequest:client-2265A94AA220->localhost_10000@group-03E665A0CE68, cid=42, seq=0, RW, Message:321f0a0f0a0d74657374...(size=33), reply=RaftClientReply:client-2265A94AA220->localhost_10000@group-03E665A0CE68, cid=42, FAILED org.apache.ratis.protocol.LeaderNotReadyException: localhost_10000@group-03E665A0CE68 is in LEADER state but not ready yet., logIndex=0, commits[localhost_10000:c-1, localhost_10002:c-1, localhost_10001:c-1]
2019-09-24 12:19:54,453 INFO  client.GrpcClientProtocolService (GrpcClientProtocolService.java:lambda$processClientRequest$0(278)) - Failed RaftClientRequest:client-2265A94AA220->localhost_10000@group-03E665A0CE68, cid=42, seq=0, RW, Message:321f0a0f0a0d74657374...(size=33), reply=RaftClientReply:client-2265A94AA220->localhost_10000@group-03E665A0CE68, cid=42, FAILED org.apache.ratis.protocol.LeaderNotReadyException: localhost_10000@group-03E665A0CE68 is in LEADER state but not ready yet., logIndex=0, commits[localhost_10000:c-1, localhost_10002:c-1, localhost_10001:c-1]
2019-09-24 12:19:54,454 INFO  client.GrpcClientProtocolService (GrpcClientProtocolService.java:lambda$processClientRequest$0(278)) - Failed RaftClientRequest:client-2265A94AA220->localhost_10000@group-03E665A0CE68, cid=42, seq=0, RW, Message:321f0a0f0a0d74657374...(size=33), reply=RaftClientReply:client-2265A94AA220->localhost_10000@group-03E665A0CE68, cid=42, FAILED org.apache.ratis.protocol.LeaderNotReadyException: localhost_10000@group-03E665A0CE68 is in LEADER state but not ready yet., logIndex=0, commits[localhost_10000:c-1, localhost_10002:c-1, localhost_10001:c-1]
2019-09-24 12:19:54,454 INFO  client.GrpcClientProtocolService (GrpcClientProtocolService.java:lambda$processClientRequest$0(278)) - Failed RaftClientRequest:client-2265A94AA220->localhost_10000@group-03E665A0CE68, cid=42, seq=0, RW, Message:321f0a0f0a0d74657374...(size=33), reply=RaftClientReply:client-2265A94AA220->localhost_10000@group-03E665A0CE68, cid=42, FAILED org.apache.ratis.protocol.LeaderNotReadyException: localhost_10000@group-03E665A0CE68 is in LEADER state but not ready yet., logIndex=0, commits[localhost_10000:c-1, localhost_10002:c-1, localhost_10001:c-1]
2019-09-24 12:19:54,455 INFO  client.GrpcClientProtocolService (GrpcClientProtocolService.java:lambda$processClientRequest$0(278)) - Failed RaftClientRequest:client-2265A94AA220->localhost_10000@group-03E665A0CE68, cid=42, seq=0, RW, Message:321f0a0f0a0d74657374...(size=33), reply=RaftClientReply:client-2265A94AA220->localhost_10000@group-03E665A0CE68, cid=42, FAILED org.apache.ratis.protocol.LeaderNotReadyException: localhost_10000@group-03E665A0CE68 is in LEADER state but not ready yet., logIndex=0, commits[localhost_10000:c-1, localhost_10002:c-1, localhost_10001:c-1]
2019-09-24 12:19:54,456 INFO  client.GrpcClientProtocolService (GrpcClientProtocolService.java:lambda$processClientRequest$0(278)) - Failed RaftClientRequest:client-2265A94AA220->localhost_10000@group-03E665A0CE68, cid=42, seq=0, RW, Message:321f0a0f0a0d74657374...(size=33), reply=RaftClientReply:client-2265A94AA220->localhost_10000@group-03E665A0CE68, cid=42, FAILED org.apache.ratis.protocol.LeaderNotReadyException: localhost_10000@group-03E665A0CE68 is in LEADER state but not ready yet., logIndex=0, commits[localhost_10000:c-1, localhost_10002:c-1, localhost_10001:c-1]
2019-09-24 12:19:54,456 INFO  client.GrpcClientProtocolService (GrpcClientProtocolService.java:lambda$processClientRequest$0(278)) - Failed RaftClientRequest:client-2265A94AA220->localhost_10000@group-03E665A0CE68, cid=42, seq=0, RW, Message:321f0a0f0a0d74657374...(size=33), reply=RaftClientReply:client-2265A94AA220->localhost_10000@group-03E665A0CE68, cid=42, FAILED org.apache.ratis.protocol.LeaderNotReadyException: localhost_10000@group-03E665A0CE68 is in LEADER state but not ready yet., logIndex=0, commits[localhost_10000:c-1, localhost_10002:c-1, localhost_10001:c-1]
2019-09-24 12:19:54,457 INFO  client.GrpcClientProtocolService (GrpcClientProtocolService.java:lambda$processClientRequest$0(278)) - Failed RaftClientRequest:client-2265A94AA220->localhost_10000@group-03E665A0CE68, cid=42, seq=0, RW, Message:321f0a0f0a0d74657374...(size=33), reply=RaftClientReply:client-2265A94AA220->localhost_10000@group-03E665A0CE68, cid=42, FAILED org.apache.ratis.protocol.LeaderNotReadyException: localhost_10000@group-03E665A0CE68 is in LEADER state but not ready yet., logIndex=0, commits[localhost_10000:c-1, localhost_10002:c-1, localhost_10001:c-1]
2019-09-24 12:19:54,458 INFO  client.GrpcClientProtocolService (GrpcClientProtocolService.java:lambda$processClientRequest$0(278)) - Failed RaftClientRequest:client-2265A94AA220->localhost_10000@group-03E665A0CE68, cid=42, seq=0, RW, Message:321f0a0f0a0d74657374...(size=33), reply=RaftClientReply:client-2265A94AA220->localhost_10000@group-03E665A0CE68, cid=42, FAILED org.apache.ratis.protocol.LeaderNotReadyException: localhost_10000@group-03E665A0CE68 is in LEADER state but not ready yet., logIndex=0, commits[localhost_10000:c-1, localhost_10002:c-1, localhost_10001:c-1]
2019-09-24 12:19:54,459 INFO  client.GrpcClientProtocolService (GrpcClientProtocolService.java:lambda$processClientRequest$0(278)) - Failed RaftClientRequest:client-2265A94AA220->localhost_10000@group-03E665A0CE68, cid=42, seq=0, RW, Message:321f0a0f0a0d74657374...(size=33), reply=RaftClientReply:client-2265A94AA220->localhost_10000@group-03E665A0CE68, cid=42, FAILED org.apache.ratis.protocol.LeaderNotReadyException: localhost_10000@group-03E665A0CE68 is in LEADER state but not ready yet., logIndex=0, commits[localhost_10000:c-1, localhost_10002:c-1, localhost_10001:c-1]
2019-09-24 12:19:54,459 INFO  client.GrpcClientProtocolService (GrpcClientProtocolService.java:lambda$processClientRequest$0(278)) - Failed RaftClientRequest:client-2265A94AA220->localhost_10000@group-03E665A0CE68, cid=42, seq=0, RW, Message:321f0a0f0a0d74657374...(size=33), reply=RaftClientReply:client-2265A94AA220->localhost_10000@group-03E665A0CE68, cid=42, FAILED org.apache.ratis.protocol.LeaderNotReadyException: localhost_10000@group-03E665A0CE68 is in LEADER state but not ready yet., logIndex=0, commits[localhost_10000:c-1, localhost_10002:c-1, localhost_10001:c-1]
2019-09-24 12:19:54,460 INFO  client.GrpcClientProtocolService (GrpcClientProtocolService.java:lambda$processClientRequest$0(278)) - Failed RaftClientRequest:client-2265A94AA220->localhost_10000@group-03E665A0CE68, cid=42, seq=0, RW, Message:321f0a0f0a0d74657374...(size=33), reply=RaftClientReply:client-2265A94AA220->localhost_10000@group-03E665A0CE68, cid=42, FAILED org.apache.ratis.protocol.LeaderNotReadyException: localhost_10000@group-03E665A0CE68 is in LEADER state but not ready yet., logIndex=0, commits[localhost_10000:c-1, localhost_10002:c-1, localhost_10001:c-1]
2019-09-24 12:19:54,461 INFO  client.GrpcClientProtocolService (GrpcClientProtocolService.java:lambda$processClientRequest$0(278)) - Failed RaftClientRequest:client-2265A94AA220->localhost_10000@group-03E665A0CE68, cid=42, seq=0, RW, Message:321f0a0f0a0d74657374...(size=33), reply=RaftClientReply:client-2265A94AA220->localhost_10000@group-03E665A0CE68, cid=42, FAILED org.apache.ratis.protocol.LeaderNotReadyException: localhost_10000@group-03E665A0CE68 is in LEADER state but not ready yet., logIndex=0, commits[localhost_10000:c-1, localhost_10002:c-1, localhost_10001:c-1]
2019-09-24 12:19:54,461 INFO  client.GrpcClientProtocolService (GrpcClientProtocolService.java:lambda$processClientRequest$0(278)) - Failed RaftClientRequest:client-2265A94AA220->localhost_10000@group-03E665A0CE68, cid=42, seq=0, RW, Message:321f0a0f0a0d74657374...(size=33), reply=RaftClientReply:client-2265A94AA220->localhost_10000@group-03E665A0CE68, cid=42, FAILED org.apache.ratis.protocol.LeaderNotReadyException: localhost_10000@group-03E665A0CE68 is in LEADER state but not ready yet., logIndex=0, commits[localhost_10000:c-1, localhost_10002:c-1, localhost_10001:c-1]
2019-09-24 12:19:54,462 INFO  client.GrpcClientProtocolService (GrpcClientProtocolService.java:lambda$processClientRequest$0(278)) - Failed RaftClientRequest:client-2265A94AA220->localhost_10000@group-03E665A0CE68, cid=42, seq=0, RW, Message:321f0a0f0a0d74657374...(size=33), reply=RaftClientReply:client-2265A94AA220->localhost_10000@group-03E665A0CE68, cid=42, FAILED org.apache.ratis.protocol.LeaderNotReadyException: localhost_10000@group-03E665A0CE68 is in LEADER state but not ready yet., logIndex=0, commits[localhost_10000:c-1, localhost_10002:c-1, localhost_10001:c-1]
2019-09-24 12:19:54,463 INFO  client.GrpcClientProtocolService (GrpcClientProtocolService.java:lambda$processClientRequest$0(278)) - Failed RaftClientRequest:client-2265A94AA220->localhost_10000@group-03E665A0CE68, cid=42, seq=0, RW, Message:321f0a0f0a0d74657374...(size=33), reply=RaftClientReply:client-2265A94AA220->localhost_10000@group-03E665A0CE68, cid=42, FAILED org.apache.ratis.protocol.LeaderNotReadyException: localhost_10000@group-03E665A0CE68 is in LEADER state but not ready yet., logIndex=0, commits[localhost_10000:c-1, localhost_10002:c-1, localhost_10001:c-1]
2019-09-24 12:19:54,463 INFO  client.GrpcClientProtocolService (GrpcClientProtocolService.java:lambda$processClientRequest$0(278)) - Failed RaftClientRequest:client-2265A94AA220->localhost_10000@group-03E665A0CE68, cid=42, seq=0, RW, Message:321f0a0f0a0d74657374...(size=33), reply=RaftClientReply:client-2265A94AA220->localhost_10000@group-03E665A0CE68, cid=42, FAILED org.apache.ratis.protocol.LeaderNotReadyException: localhost_10000@group-03E665A0CE68 is in LEADER state but not ready yet., logIndex=0, commits[localhost_10000:c-1, localhost_10002:c-1, localhost_10001:c-1]
2019-09-24 12:19:54,464 INFO  client.GrpcClientProtocolService (GrpcClientProtocolService.java:lambda$processClientRequest$0(278)) - Failed RaftClientRequest:client-2265A94AA220->localhost_10000@group-03E665A0CE68, cid=42, seq=0, RW, Message:321f0a0f0a0d74657374...(size=33), reply=RaftClientReply:client-2265A94AA220->localhost_10000@group-03E665A0CE68, cid=42, FAILED org.apache.ratis.protocol.LeaderNotReadyException: localhost_10000@group-03E665A0CE68 is in LEADER state but not ready yet., logIndex=0, commits[localhost_10000:c-1, localhost_10002:c-1, localhost_10001:c-1]
2019-09-24 12:19:54,465 INFO  client.GrpcClientProtocolService (GrpcClientProtocolService.java:lambda$processClientRequest$0(278)) - Failed RaftClientRequest:client-2265A94AA220->localhost_10000@group-03E665A0CE68, cid=42, seq=0, RW, Message:321f0a0f0a0d74657374...(size=33), reply=RaftClientReply:client-2265A94AA220->localhost_10000@group-03E665A0CE68, cid=42, FAILED org.apache.ratis.protocol.LeaderNotReadyException: localhost_10000@group-03E665A0CE68 is in LEADER state but not ready yet., logIndex=0, commits[localhost_10000:c-1, localhost_10002:c-1, localhost_10001:c-1]
2019-09-24 12:19:54,465 INFO  client.GrpcClientProtocolService (GrpcClientProtocolService.java:lambda$processClientRequest$0(278)) - Failed RaftClientRequest:client-2265A94AA220->localhost_10000@group-03E665A0CE68, cid=42, seq=0, RW, Message:321f0a0f0a0d74657374...(size=33), reply=RaftClientReply:client-2265A94AA220->localhost_10000@group-03E665A0CE68, cid=42, FAILED org.apache.ratis.protocol.LeaderNotReadyException: localhost_10000@group-03E665A0CE68 is in LEADER state but not ready yet., logIndex=0, commits[localhost_10000:c-1, localhost_10002:c-1, localhost_10001:c-1]
2019-09-24 12:19:54,466 INFO  client.GrpcClientProtocolService (GrpcClientProtocolService.java:lambda$processClientRequest$0(278)) - Failed RaftClientRequest:client-2265A94AA220->localhost_10000@group-03E665A0CE68, cid=42, seq=0, RW, Message:321f0a0f0a0d74657374...(size=33), reply=RaftClientReply:client-2265A94AA220->localhost_10000@group-03E665A0CE68, cid=42, FAILED org.apache.ratis.protocol.LeaderNotReadyException: localhost_10000@group-03E665A0CE68 is in LEADER state but not ready yet., logIndex=0, commits[localhost_10000:c-1, localhost_10002:c-1, localhost_10001:c-1]
2019-09-24 12:19:54,467 INFO  client.GrpcClientProtocolService (GrpcClientProtocolService.java:lambda$processClientRequest$0(278)) - Failed RaftClientRequest:client-2265A94AA220->localhost_10000@group-03E665A0CE68, cid=42, seq=0, RW, Message:321f0a0f0a0d74657374...(size=33), reply=RaftClientReply:client-2265A94AA220->localhost_10000@group-03E665A0CE68, cid=42, FAILED org.apache.ratis.protocol.LeaderNotReadyException: localhost_10000@group-03E665A0CE68 is in LEADER state but not ready yet., logIndex=0, commits[localhost_10000:c-1, localhost_10002:c-1, localhost_10001:c-1]
2019-09-24 12:19:54,467 INFO  client.GrpcClientProtocolService (GrpcClientProtocolService.java:lambda$processClientRequest$0(278)) - Failed RaftClientRequest:client-2265A94AA220->localhost_10000@group-03E665A0CE68, cid=42, seq=0, RW, Message:321f0a0f0a0d74657374...(size=33), reply=RaftClientReply:client-2265A94AA220->localhost_10000@group-03E665A0CE68, cid=42, FAILED org.apache.ratis.protocol.LeaderNotReadyException: localhost_10000@group-03E665A0CE68 is in LEADER state but not ready yet., logIndex=0, commits[localhost_10000:c-1, localhost_10002:c-1, localhost_10001:c-1]
2019-09-24 12:19:54,468 INFO  client.GrpcClientProtocolService (GrpcClientProtocolService.java:lambda$processClientRequest$0(278)) - Failed RaftClientRequest:client-2265A94AA220->localhost_10000@group-03E665A0CE68, cid=42, seq=0, RW, Message:321f0a0f0a0d74657374...(size=33), reply=RaftClientReply:client-2265A94AA220->localhost_10000@group-03E665A0CE68, cid=42, FAILED org.apache.ratis.protocol.LeaderNotReadyException: localhost_10000@group-03E665A0CE68 is in LEADER state but not ready yet., logIndex=0, commits[localhost_10000:c-1, localhost_10002:c-1, localhost_10001:c-1]
2019-09-24 12:19:54,469 INFO  client.GrpcClientProtocolService (GrpcClientProtocolService.java:lambda$processClientRequest$0(278)) - Failed RaftClientRequest:client-2265A94AA220->localhost_10000@group-03E665A0CE68, cid=42, seq=0, RW, Message:321f0a0f0a0d74657374...(size=33), reply=RaftClientReply:client-2265A94AA220->localhost_10000@group-03E665A0CE68, cid=42, FAILED org.apache.ratis.protocol.LeaderNotReadyException: localhost_10000@group-03E665A0CE68 is in LEADER state but not ready yet., logIndex=0, commits[localhost_10000:c-1, localhost_10002:c-1, localhost_10001:c-1]
2019-09-24 12:19:54,469 INFO  client.GrpcClientProtocolService (GrpcClientProtocolService.java:lambda$processClientRequest$0(278)) - Failed RaftClientRequest:client-2265A94AA220->localhost_10000@group-03E665A0CE68, cid=42, seq=0, RW, Message:321f0a0f0a0d74657374...(size=33), reply=RaftClientReply:client-2265A94AA220->localhost_10000@group-03E665A0CE68, cid=42, FAILED org.apache.ratis.protocol.LeaderNotReadyException: localhost_10000@group-03E665A0CE68 is in LEADER state but not ready yet., logIndex=0, commits[localhost_10000:c-1, localhost_10002:c-1, localhost_10001:c-1]
2019-09-24 12:19:54,470 INFO  client.GrpcClientProtocolService (GrpcClientProtocolService.java:lambda$processClientRequest$0(278)) - Failed RaftClientRequest:client-2265A94AA220->localhost_10000@group-03E665A0CE68, cid=42, seq=0, RW, Message:321f0a0f0a0d74657374...(size=33), reply=RaftClientReply:client-2265A94AA220->localhost_10000@group-03E665A0CE68, cid=42, FAILED org.apache.ratis.protocol.LeaderNotReadyException: localhost_10000@group-03E665A0CE68 is in LEADER state but not ready yet., logIndex=0, commits[localhost_10000:c-1, localhost_10002:c-1, localhost_10001:c-1]
2019-09-24 12:19:54,471 INFO  client.GrpcClientProtocolService (GrpcClientProtocolService.java:lambda$processClientRequest$0(278)) - Failed RaftClientRequest:client-2265A94AA220->localhost_10000@group-03E665A0CE68, cid=42, seq=0, RW, Message:321f0a0f0a0d74657374...(size=33), reply=RaftClientReply:client-2265A94AA220->localhost_10000@group-03E665A0CE68, cid=42, FAILED org.apache.ratis.protocol.LeaderNotReadyException: localhost_10000@group-03E665A0CE68 is in LEADER state but not ready yet., logIndex=0, commits[localhost_10000:c-1, localhost_10002:c-1, localhost_10001:c-1]
2019-09-24 12:19:54,471 INFO  client.GrpcClientProtocolService (GrpcClientProtocolService.java:lambda$processClientRequest$0(278)) - Failed RaftClientRequest:client-2265A94AA220->localhost_10000@group-03E665A0CE68, cid=42, seq=0, RW, Message:321f0a0f0a0d74657374...(size=33), reply=RaftClientReply:client-2265A94AA220->localhost_10000@group-03E665A0CE68, cid=42, FAILED org.apache.ratis.protocol.LeaderNotReadyException: localhost_10000@group-03E665A0CE68 is in LEADER state but not ready yet., logIndex=0, commits[localhost_10000:c-1, localhost_10002:c-1, localhost_10001:c-1]
2019-09-24 12:19:54,472 INFO  client.GrpcClientProtocolService (GrpcClientProtocolService.java:lambda$processClientRequest$0(278)) - Failed RaftClientRequest:client-2265A94AA220->localhost_10000@group-03E665A0CE68, cid=42, seq=0, RW, Message:321f0a0f0a0d74657374...(size=33), reply=RaftClientReply:client-2265A94AA220->localhost_10000@group-03E665A0CE68, cid=42, FAILED org.apache.ratis.protocol.LeaderNotReadyException: localhost_10000@group-03E665A0CE68 is in LEADER state but not ready yet., logIndex=0, commits[localhost_10000:c-1, localhost_10002:c-1, localhost_10001:c-1]
2019-09-24 12:19:54,473 INFO  client.GrpcClientProtocolService (GrpcClientProtocolService.java:lambda$processClientRequest$0(278)) - Failed RaftClientRequest:client-2265A94AA220->localhost_10000@group-03E665A0CE68, cid=42, seq=0, RW, Message:321f0a0f0a0d74657374...(size=33), reply=RaftClientReply:client-2265A94AA220->localhost_10000@group-03E665A0CE68, cid=42, FAILED org.apache.ratis.protocol.LeaderNotReadyException: localhost_10000@group-03E665A0CE68 is in LEADER state but not ready yet., logIndex=0, commits[localhost_10000:c-1, localhost_10002:c-1, localhost_10001:c-1]
2019-09-24 12:19:54,473 INFO  client.GrpcClientProtocolService (GrpcClientProtocolService.java:lambda$processClientRequest$0(278)) - Failed RaftClientRequest:client-2265A94AA220->localhost_10000@group-03E665A0CE68, cid=42, seq=0, RW, Message:321f0a0f0a0d74657374...(size=33), reply=RaftClientReply:client-2265A94AA220->localhost_10000@group-03E665A0CE68, cid=42, FAILED org.apache.ratis.protocol.LeaderNotReadyException: localhost_10000@group-03E665A0CE68 is in LEADER state but not ready yet., logIndex=0, commits[localhost_10000:c-1, localhost_10002:c-1, localhost_10001:c-1]
2019-09-24 12:19:54,474 INFO  client.GrpcClientProtocolService (GrpcClientProtocolService.java:lambda$processClientRequest$0(278)) - Failed RaftClientRequest:client-2265A94AA220->localhost_10000@group-03E665A0CE68, cid=42, seq=0, RW, Message:321f0a0f0a0d74657374...(size=33), reply=RaftClientReply:client-2265A94AA220->localhost_10000@group-03E665A0CE68, cid=42, FAILED org.apache.ratis.protocol.LeaderNotReadyException: localhost_10000@group-03E665A0CE68 is in LEADER state but not ready yet., logIndex=0, commits[localhost_10000:c-1, localhost_10002:c-1, localhost_10001:c-1]
2019-09-24 12:19:54,475 INFO  client.GrpcClientProtocolService (GrpcClientProtocolService.java:lambda$processClientRequest$0(278)) - Failed RaftClientRequest:client-2265A94AA220->localhost_10000@group-03E665A0CE68, cid=42, seq=0, RW, Message:321f0a0f0a0d74657374...(size=33), reply=RaftClientReply:client-2265A94AA220->localhost_10000@group-03E665A0CE68, cid=42, FAILED org.apache.ratis.protocol.LeaderNotReadyException: localhost_10000@group-03E665A0CE68 is in LEADER state but not ready yet., logIndex=0, commits[localhost_10000:c-1, localhost_10002:c-1, localhost_10001:c-1]
2019-09-24 12:19:54,475 INFO  client.GrpcClientProtocolService (GrpcClientProtocolService.java:lambda$processClientRequest$0(278)) - Failed RaftClientRequest:client-2265A94AA220->localhost_10000@group-03E665A0CE68, cid=42, seq=0, RW, Message:321f0a0f0a0d74657374...(size=33), reply=RaftClientReply:client-2265A94AA220->localhost_10000@group-03E665A0CE68, cid=42, FAILED org.apache.ratis.protocol.LeaderNotReadyException: localhost_10000@group-03E665A0CE68 is in LEADER state but not ready yet., logIndex=0, commits[localhost_10000:c-1, localhost_10002:c-1, localhost_10001:c-1]
2019-09-24 12:19:54,476 INFO  client.GrpcClientProtocolService (GrpcClientProtocolService.java:lambda$processClientRequest$0(278)) - Failed RaftClientRequest:client-2265A94AA220->localhost_10000@group-03E665A0CE68, cid=42, seq=0, RW, Message:321f0a0f0a0d74657374...(size=33), reply=RaftClientReply:client-2265A94AA220->localhost_10000@group-03E665A0CE68, cid=42, FAILED org.apache.ratis.protocol.LeaderNotReadyException: localhost_10000@group-03E665A0CE68 is in LEADER state but not ready yet., logIndex=0, commits[localhost_10000:c-1, localhost_10002:c-1, localhost_10001:c-1]
2019-09-24 12:19:54,477 INFO  client.GrpcClientProtocolService (GrpcClientProtocolService.java:lambda$processClientRequest$0(278)) - Failed RaftClientRequest:client-2265A94AA220->localhost_10000@group-03E665A0CE68, cid=42, seq=0, RW, Message:321f0a0f0a0d74657374...(size=33), reply=RaftClientReply:client-2265A94AA220->localhost_10000@group-03E665A0CE68, cid=42, FAILED org.apache.ratis.protocol.LeaderNotReadyException: localhost_10000@group-03E665A0CE68 is in LEADER state but not ready yet., logIndex=0, commits[localhost_10000:c-1, localhost_10002:c-1, localhost_10001:c-1]
2019-09-24 12:19:54,478 INFO  client.GrpcClientProtocolService (GrpcClientProtocolService.java:lambda$processClientRequest$0(278)) - Failed RaftClientRequest:client-2265A94AA220->localhost_10000@group-03E665A0CE68, cid=42, seq=0, RW, Message:321f0a0f0a0d74657374...(size=33), reply=RaftClientReply:client-2265A94AA220->localhost_10000@group-03E665A0CE68, cid=42, FAILED org.apache.ratis.protocol.LeaderNotReadyException: localhost_10000@group-03E665A0CE68 is in LEADER state but not ready yet., logIndex=0, commits[localhost_10000:c-1, localhost_10002:c-1, localhost_10001:c-1]
2019-09-24 12:19:54,478 INFO  client.GrpcClientProtocolService (GrpcClientProtocolService.java:lambda$processClientRequest$0(278)) - Failed RaftClientRequest:client-2265A94AA220->localhost_10000@group-03E665A0CE68, cid=42, seq=0, RW, Message:321f0a0f0a0d74657374...(size=33), reply=RaftClientReply:client-2265A94AA220->localhost_10000@group-03E665A0CE68, cid=42, FAILED org.apache.ratis.protocol.LeaderNotReadyException: localhost_10000@group-03E665A0CE68 is in LEADER state but not ready yet., logIndex=0, commits[localhost_10000:c-1, localhost_10002:c-1, localhost_10001:c-1]
2019-09-24 12:19:54,479 INFO  client.GrpcClientProtocolService (GrpcClientProtocolService.java:lambda$processClientRequest$0(278)) - Failed RaftClientRequest:client-2265A94AA220->localhost_10000@group-03E665A0CE68, cid=42, seq=0, RW, Message:321f0a0f0a0d74657374...(size=33), reply=RaftClientReply:client-2265A94AA220->localhost_10000@group-03E665A0CE68, cid=42, FAILED org.apache.ratis.protocol.LeaderNotReadyException: localhost_10000@group-03E665A0CE68 is in LEADER state but not ready yet., logIndex=0, commits[localhost_10000:c-1, localhost_10002:c-1, localhost_10001:c-1]
2019-09-24 12:19:54,480 INFO  client.GrpcClientProtocolService (GrpcClientProtocolService.java:lambda$processClientRequest$0(278)) - Failed RaftClientRequest:client-2265A94AA220->localhost_10000@group-03E665A0CE68, cid=42, seq=0, RW, Message:321f0a0f0a0d74657374...(size=33), reply=RaftClientReply:client-2265A94AA220->localhost_10000@group-03E665A0CE68, cid=42, FAILED org.apache.ratis.protocol.LeaderNotReadyException: localhost_10000@group-03E665A0CE68 is in LEADER state but not ready yet., logIndex=0, commits[localhost_10000:c-1, localhost_10002:c-1, localhost_10001:c-1]
2019-09-24 12:19:54,480 INFO  client.GrpcClientProtocolService (GrpcClientProtocolService.java:lambda$processClientRequest$0(278)) - Failed RaftClientRequest:client-2265A94AA220->localhost_10000@group-03E665A0CE68, cid=42, seq=0, RW, Message:321f0a0f0a0d74657374...(size=33), reply=RaftClientReply:client-2265A94AA220->localhost_10000@group-03E665A0CE68, cid=42, FAILED org.apache.ratis.protocol.LeaderNotReadyException: localhost_10000@group-03E665A0CE68 is in LEADER state but not ready yet., logIndex=0, commits[localhost_10000:c-1, localhost_10002:c-1, localhost_10001:c-1]
2019-09-24 12:19:54,481 INFO  client.GrpcClientProtocolService (GrpcClientProtocolService.java:lambda$processClientRequest$0(278)) - Failed RaftClientRequest:client-2265A94AA220->localhost_10000@group-03E665A0CE68, cid=42, seq=0, RW, Message:321f0a0f0a0d74657374...(size=33), reply=RaftClientReply:client-2265A94AA220->localhost_10000@group-03E665A0CE68, cid=42, FAILED org.apache.ratis.protocol.LeaderNotReadyException: localhost_10000@group-03E665A0CE68 is in LEADER state but not ready yet., logIndex=0, commits[localhost_10000:c-1, localhost_10002:c-1, localhost_10001:c-1]
2019-09-24 12:19:54,482 INFO  client.GrpcClientProtocolService (GrpcClientProtocolService.java:lambda$processClientRequest$0(278)) - Failed RaftClientRequest:client-2265A94AA220->localhost_10000@group-03E665A0CE68, cid=42, seq=0, RW, Message:321f0a0f0a0d74657374...(size=33), reply=RaftClientReply:client-2265A94AA220->localhost_10000@group-03E665A0CE68, cid=42, FAILED org.apache.ratis.protocol.LeaderNotReadyException: localhost_10000@group-03E665A0CE68 is in LEADER state but not ready yet., logIndex=0, commits[localhost_10000:c-1, localhost_10002:c-1, localhost_10001:c-1]
2019-09-24 12:19:54,483 INFO  client.GrpcClientProtocolService (GrpcClientProtocolService.java:lambda$processClientRequest$0(278)) - Failed RaftClientRequest:client-2265A94AA220->localhost_10000@group-03E665A0CE68, cid=42, seq=0, RW, Message:321f0a0f0a0d74657374...(size=33), reply=RaftClientReply:client-2265A94AA220->localhost_10000@group-03E665A0CE68, cid=42, FAILED org.apache.ratis.protocol.LeaderNotReadyException: localhost_10000@group-03E665A0CE68 is in LEADER state but not ready yet., logIndex=0, commits[localhost_10000:c-1, localhost_10002:c-1, localhost_10001:c-1]
2019-09-24 12:19:54,483 INFO  client.GrpcClientProtocolService (GrpcClientProtocolService.java:lambda$processClientRequest$0(278)) - Failed RaftClientRequest:client-2265A94AA220->localhost_10000@group-03E665A0CE68, cid=42, seq=0, RW, Message:321f0a0f0a0d74657374...(size=33), reply=RaftClientReply:client-2265A94AA220->localhost_10000@group-03E665A0CE68, cid=42, FAILED org.apache.ratis.protocol.LeaderNotReadyException: localhost_10000@group-03E665A0CE68 is in LEADER state but not ready yet., logIndex=0, commits[localhost_10000:c-1, localhost_10002:c-1, localhost_10001:c-1]
2019-09-24 12:19:54,484 INFO  client.GrpcClientProtocolService (GrpcClientProtocolService.java:lambda$processClientRequest$0(278)) - Failed RaftClientRequest:client-2265A94AA220->localhost_10000@group-03E665A0CE68, cid=42, seq=0, RW, Message:321f0a0f0a0d74657374...(size=33), reply=RaftClientReply:client-2265A94AA220->localhost_10000@group-03E665A0CE68, cid=42, FAILED org.apache.ratis.protocol.LeaderNotReadyException: localhost_10000@group-03E665A0CE68 is in LEADER state but not ready yet., logIndex=0, commits[localhost_10000:c-1, localhost_10002:c-1, localhost_10001:c-1]
2019-09-24 12:19:54,485 INFO  client.GrpcClientProtocolService (GrpcClientProtocolService.java:lambda$processClientRequest$0(278)) - Failed RaftClientRequest:client-2265A94AA220->localhost_10000@group-03E665A0CE68, cid=42, seq=0, RW, Message:321f0a0f0a0d74657374...(size=33), reply=RaftClientReply:client-2265A94AA220->localhost_10000@group-03E665A0CE68, cid=42, FAILED org.apache.ratis.protocol.LeaderNotReadyException: localhost_10000@group-03E665A0CE68 is in LEADER state but not ready yet., logIndex=0, commits[localhost_10000:c-1, localhost_10002:c-1, localhost_10001:c-1]
2019-09-24 12:19:54,485 INFO  client.GrpcClientProtocolService (GrpcClientProtocolService.java:lambda$processClientRequest$0(278)) - Failed RaftClientRequest:client-2265A94AA220->localhost_10000@group-03E665A0CE68, cid=42, seq=0, RW, Message:321f0a0f0a0d74657374...(size=33), reply=RaftClientReply:client-2265A94AA220->localhost_10000@group-03E665A0CE68, cid=42, FAILED org.apache.ratis.protocol.LeaderNotReadyException: localhost_10000@group-03E665A0CE68 is in LEADER state but not ready yet., logIndex=0, commits[localhost_10000:c-1, localhost_10002:c-1, localhost_10001:c-1]
2019-09-24 12:19:54,486 INFO  client.GrpcClientProtocolService (GrpcClientProtocolService.java:lambda$processClientRequest$0(278)) - Failed RaftClientRequest:client-2265A94AA220->localhost_10000@group-03E665A0CE68, cid=42, seq=0, RW, Message:321f0a0f0a0d74657374...(size=33), reply=RaftClientReply:client-2265A94AA220->localhost_10000@group-03E665A0CE68, cid=42, FAILED org.apache.ratis.protocol.LeaderNotReadyException: localhost_10000@group-03E665A0CE68 is in LEADER state but not ready yet., logIndex=0, commits[localhost_10000:c-1, localhost_10002:c-1, localhost_10001:c-1]
2019-09-24 12:19:54,487 INFO  client.GrpcClientProtocolService (GrpcClientProtocolService.java:lambda$processClientRequest$0(278)) - Failed RaftClientRequest:client-2265A94AA220->localhost_10000@group-03E665A0CE68, cid=42, seq=0, RW, Message:321f0a0f0a0d74657374...(size=33), reply=RaftClientReply:client-2265A94AA220->localhost_10000@group-03E665A0CE68, cid=42, FAILED org.apache.ratis.protocol.LeaderNotReadyException: localhost_10000@group-03E665A0CE68 is in LEADER state but not ready yet., logIndex=0, commits[localhost_10000:c-1, localhost_10002:c-1, localhost_10001:c-1]
2019-09-24 12:19:54,487 INFO  client.GrpcClientProtocolService (GrpcClientProtocolService.java:lambda$processClientRequest$0(278)) - Failed RaftClientRequest:client-2265A94AA220->localhost_10000@group-03E665A0CE68, cid=42, seq=0, RW, Message:321f0a0f0a0d74657374...(size=33), reply=RaftClientReply:client-2265A94AA220->localhost_10000@group-03E665A0CE68, cid=42, FAILED org.apache.ratis.protocol.LeaderNotReadyException: localhost_10000@group-03E665A0CE68 is in LEADER state but not ready yet., logIndex=0, commits[localhost_10000:c-1, localhost_10002:c-1, localhost_10001:c-1]
2019-09-24 12:19:54,488 INFO  client.GrpcClientProtocolService (GrpcClientProtocolService.java:lambda$processClientRequest$0(278)) - Failed RaftClientRequest:client-2265A94AA220->localhost_10000@group-03E665A0CE68, cid=42, seq=0, RW, Message:321f0a0f0a0d74657374...(size=33), reply=RaftClientReply:client-2265A94AA220->localhost_10000@group-03E665A0CE68, cid=42, FAILED org.apache.ratis.protocol.LeaderNotReadyException: localhost_10000@group-03E665A0CE68 is in LEADER state but not ready yet., logIndex=0, commits[localhost_10000:c-1, localhost_10002:c-1, localhost_10001:c-1]
2019-09-24 12:19:54,489 INFO  client.GrpcClientProtocolService (GrpcClientProtocolService.java:lambda$processClientRequest$0(278)) - Failed RaftClientRequest:client-2265A94AA220->localhost_10000@group-03E665A0CE68, cid=42, seq=0, RW, Message:321f0a0f0a0d74657374...(size=33), reply=RaftClientReply:client-2265A94AA220->localhost_10000@group-03E665A0CE68, cid=42, FAILED org.apache.ratis.protocol.LeaderNotReadyException: localhost_10000@group-03E665A0CE68 is in LEADER state but not ready yet., logIndex=0, commits[localhost_10000:c-1, localhost_10002:c-1, localhost_10001:c-1]
2019-09-24 12:19:54,489 INFO  client.GrpcClientProtocolService (GrpcClientProtocolService.java:lambda$processClientRequest$0(278)) - Failed RaftClientRequest:client-2265A94AA220->localhost_10000@group-03E665A0CE68, cid=42, seq=0, RW, Message:321f0a0f0a0d74657374...(size=33), reply=RaftClientReply:client-2265A94AA220->localhost_10000@group-03E665A0CE68, cid=42, FAILED org.apache.ratis.protocol.LeaderNotReadyException: localhost_10000@group-03E665A0CE68 is in LEADER state but not ready yet., logIndex=0, commits[localhost_10000:c-1, localhost_10002:c-1, localhost_10001:c-1]
2019-09-24 12:19:54,490 INFO  client.GrpcClientProtocolService (GrpcClientProtocolService.java:lambda$processClientRequest$0(278)) - Failed RaftClientRequest:client-2265A94AA220->localhost_10000@group-03E665A0CE68, cid=42, seq=0, RW, Message:321f0a0f0a0d74657374...(size=33), reply=RaftClientReply:client-2265A94AA220->localhost_10000@group-03E665A0CE68, cid=42, FAILED org.apache.ratis.protocol.LeaderNotReadyException: localhost_10000@group-03E665A0CE68 is in LEADER state but not ready yet., logIndex=0, commits[localhost_10000:c-1, localhost_10002:c-1, localhost_10001:c-1]
2019-09-24 12:19:54,491 INFO  client.GrpcClientProtocolService (GrpcClientProtocolService.java:lambda$processClientRequest$0(278)) - Failed RaftClientRequest:client-2265A94AA220->localhost_10000@group-03E665A0CE68, cid=42, seq=0, RW, Message:321f0a0f0a0d74657374...(size=33), reply=RaftClientReply:client-2265A94AA220->localhost_10000@group-03E665A0CE68, cid=42, FAILED org.apache.ratis.protocol.LeaderNotReadyException: localhost_10000@group-03E665A0CE68 is in LEADER state but not ready yet., logIndex=0, commits[localhost_10000:c-1, localhost_10002:c-1, localhost_10001:c-1]
2019-09-24 12:19:54,492 INFO  client.GrpcClientProtocolService (GrpcClientProtocolService.java:lambda$processClientRequest$0(278)) - Failed RaftClientRequest:client-2265A94AA220->localhost_10000@group-03E665A0CE68, cid=42, seq=0, RW, Message:321f0a0f0a0d74657374...(size=33), reply=RaftClientReply:client-2265A94AA220->localhost_10000@group-03E665A0CE68, cid=42, FAILED org.apache.ratis.protocol.LeaderNotReadyException: localhost_10000@group-03E665A0CE68 is in LEADER state but not ready yet., logIndex=0, commits[localhost_10000:c-1, localhost_10002:c-1, localhost_10001:c-1]
2019-09-24 12:19:54,492 INFO  client.GrpcClientProtocolService (GrpcClientProtocolService.java:lambda$processClientRequest$0(278)) - Failed RaftClientRequest:client-2265A94AA220->localhost_10000@group-03E665A0CE68, cid=42, seq=0, RW, Message:321f0a0f0a0d74657374...(size=33), reply=RaftClientReply:client-2265A94AA220->localhost_10000@group-03E665A0CE68, cid=42, FAILED org.apache.ratis.protocol.LeaderNotReadyException: localhost_10000@group-03E665A0CE68 is in LEADER state but not ready yet., logIndex=0, commits[localhost_10000:c-1, localhost_10002:c-1, localhost_10001:c-1]
2019-09-24 12:19:54,493 INFO  client.GrpcClientProtocolService (GrpcClientProtocolService.java:lambda$processClientRequest$0(278)) - Failed RaftClientRequest:client-2265A94AA220->localhost_10000@group-03E665A0CE68, cid=42, seq=0, RW, Message:321f0a0f0a0d74657374...(size=33), reply=RaftClientReply:client-2265A94AA220->localhost_10000@group-03E665A0CE68, cid=42, FAILED org.apache.ratis.protocol.LeaderNotReadyException: localhost_10000@group-03E665A0CE68 is in LEADER state but not ready yet., logIndex=0, commits[localhost_10000:c-1, localhost_10002:c-1, localhost_10001:c-1]
2019-09-24 12:19:54,494 INFO  client.GrpcClientProtocolService (GrpcClientProtocolService.java:lambda$processClientRequest$0(278)) - Failed RaftClientRequest:client-2265A94AA220->localhost_10000@group-03E665A0CE68, cid=42, seq=0, RW, Message:321f0a0f0a0d74657374...(size=33), reply=RaftClientReply:client-2265A94AA220->localhost_10000@group-03E665A0CE68, cid=42, FAILED org.apache.ratis.protocol.LeaderNotReadyException: localhost_10000@group-03E665A0CE68 is in LEADER state but not ready yet., logIndex=0, commits[localhost_10000:c-1, localhost_10002:c-1, localhost_10001:c-1]
2019-09-24 12:19:54,494 INFO  client.GrpcClientProtocolService (GrpcClientProtocolService.java:lambda$processClientRequest$0(278)) - Failed RaftClientRequest:client-2265A94AA220->localhost_10000@group-03E665A0CE68, cid=42, seq=0, RW, Message:321f0a0f0a0d74657374...(size=33), reply=RaftClientReply:client-2265A94AA220->localhost_10000@group-03E665A0CE68, cid=42, FAILED org.apache.ratis.protocol.LeaderNotReadyException: localhost_10000@group-03E665A0CE68 is in LEADER state but not ready yet., logIndex=0, commits[localhost_10000:c-1, localhost_10002:c-1, localhost_10001:c-1]
2019-09-24 12:19:54,495 INFO  client.GrpcClientProtocolService (GrpcClientProtocolService.java:lambda$processClientRequest$0(278)) - Failed RaftClientRequest:client-2265A94AA220->localhost_10000@group-03E665A0CE68, cid=42, seq=0, RW, Message:321f0a0f0a0d74657374...(size=33), reply=RaftClientReply:client-2265A94AA220->localhost_10000@group-03E665A0CE68, cid=42, FAILED org.apache.ratis.protocol.LeaderNotReadyException: localhost_10000@group-03E665A0CE68 is in LEADER state but not ready yet., logIndex=0, commits[localhost_10000:c-1, localhost_10002:c-1, localhost_10001:c-1]
2019-09-24 12:19:54,496 INFO  client.GrpcClientProtocolService (GrpcClientProtocolService.java:lambda$processClientRequest$0(278)) - Failed RaftClientRequest:client-2265A94AA220->localhost_10000@group-03E665A0CE68, cid=42, seq=0, RW, Message:321f0a0f0a0d74657374...(size=33), reply=RaftClientReply:client-2265A94AA220->localhost_10000@group-03E665A0CE68, cid=42, FAILED org.apache.ratis.protocol.LeaderNotReadyException: localhost_10000@group-03E665A0CE68 is in LEADER state but not ready yet., logIndex=0, commits[localhost_10000:c-1, localhost_10002:c-1, localhost_10001:c-1]
2019-09-24 12:19:54,496 INFO  client.GrpcClientProtocolService (GrpcClientProtocolService.java:lambda$processClientRequest$0(278)) - Failed RaftClientRequest:client-2265A94AA220->localhost_10000@group-03E665A0CE68, cid=42, seq=0, RW, Message:321f0a0f0a0d74657374...(size=33), reply=RaftClientReply:client-2265A94AA220->localhost_10000@group-03E665A0CE68, cid=42, FAILED org.apache.ratis.protocol.LeaderNotReadyException: localhost_10000@group-03E665A0CE68 is in LEADER state but not ready yet., logIndex=0, commits[localhost_10000:c-1, localhost_10002:c-1, localhost_10001:c-1]
2019-09-24 12:19:54,497 INFO  client.GrpcClientProtocolService (GrpcClientProtocolService.java:lambda$processClientRequest$0(278)) - Failed RaftClientRequest:client-2265A94AA220->localhost_10000@group-03E665A0CE68, cid=42, seq=0, RW, Message:321f0a0f0a0d74657374...(size=33), reply=RaftClientReply:client-2265A94AA220->localhost_10000@group-03E665A0CE68, cid=42, FAILED org.apache.ratis.protocol.LeaderNotReadyException: localhost_10000@group-03E665A0CE68 is in LEADER state but not ready yet., logIndex=0, commits[localhost_10000:c-1, localhost_10002:c-1, localhost_10001:c-1]
2019-09-24 12:19:54,498 INFO  client.GrpcClientProtocolService (GrpcClientProtocolService.java:lambda$processClientRequest$0(278)) - Failed RaftClientRequest:client-2265A94AA220->localhost_10000@group-03E665A0CE68, cid=42, seq=0, RW, Message:321f0a0f0a0d74657374...(size=33), reply=RaftClientReply:client-2265A94AA220->localhost_10000@group-03E665A0CE68, cid=42, FAILED org.apache.ratis.protocol.LeaderNotReadyException: localhost_10000@group-03E665A0CE68 is in LEADER state but not ready yet., logIndex=0, commits[localhost_10000:c-1, localhost_10002:c-1, localhost_10001:c-1]
2019-09-24 12:19:54,499 INFO  client.GrpcClientProtocolService (GrpcClientProtocolService.java:lambda$processClientRequest$0(278)) - Failed RaftClientRequest:client-2265A94AA220->localhost_10000@group-03E665A0CE68, cid=42, seq=0, RW, Message:321f0a0f0a0d74657374...(size=33), reply=RaftClientReply:client-2265A94AA220->localhost_10000@group-03E665A0CE68, cid=42, FAILED org.apache.ratis.protocol.LeaderNotReadyException: localhost_10000@group-03E665A0CE68 is in LEADER state but not ready yet., logIndex=0, commits[localhost_10000:c-1, localhost_10002:c-1, localhost_10001:c-1]
2019-09-24 12:19:54,499 INFO  client.GrpcClientProtocolService (GrpcClientProtocolService.java:lambda$processClientRequest$0(278)) - Failed RaftClientRequest:client-2265A94AA220->localhost_10000@group-03E665A0CE68, cid=42, seq=0, RW, Message:321f0a0f0a0d74657374...(size=33), reply=RaftClientReply:client-2265A94AA220->localhost_10000@group-03E665A0CE68, cid=42, FAILED org.apache.ratis.protocol.LeaderNotReadyException: localhost_10000@group-03E665A0CE68 is in LEADER state but not ready yet., logIndex=0, commits[localhost_10000:c-1, localhost_10002:c-1, localhost_10001:c-1]
2019-09-24 12:19:54,500 INFO  client.GrpcClientProtocolService (GrpcClientProtocolService.java:lambda$processClientRequest$0(278)) - Failed RaftClientRequest:client-2265A94AA220->localhost_10000@group-03E665A0CE68, cid=42, seq=0, RW, Message:321f0a0f0a0d74657374...(size=33), reply=RaftClientReply:client-2265A94AA220->localhost_10000@group-03E665A0CE68, cid=42, FAILED org.apache.ratis.protocol.LeaderNotReadyException: localhost_10000@group-03E665A0CE68 is in LEADER state but not ready yet., logIndex=0, commits[localhost_10000:c-1, localhost_10002:c-1, localhost_10001:c-1]
2019-09-24 12:19:54,501 INFO  client.GrpcClientProtocolService (GrpcClientProtocolService.java:lambda$processClientRequest$0(278)) - Failed RaftClientRequest:client-2265A94AA220->localhost_10000@group-03E665A0CE68, cid=42, seq=0, RW, Message:321f0a0f0a0d74657374...(size=33), reply=RaftClientReply:client-2265A94AA220->localhost_10000@group-03E665A0CE68, cid=42, FAILED org.apache.ratis.protocol.LeaderNotReadyException: localhost_10000@group-03E665A0CE68 is in LEADER state but not ready yet., logIndex=0, commits[localhost_10000:c-1, localhost_10002:c-1, localhost_10001:c-1]
2019-09-24 12:19:54,501 INFO  client.GrpcClientProtocolService (GrpcClientProtocolService.java:lambda$processClientRequest$0(278)) - Failed RaftClientRequest:client-2265A94AA220->localhost_10000@group-03E665A0CE68, cid=42, seq=0, RW, Message:321f0a0f0a0d74657374...(size=33), reply=RaftClientReply:client-2265A94AA220->localhost_10000@group-03E665A0CE68, cid=42, FAILED org.apache.ratis.protocol.LeaderNotReadyException: localhost_10000@group-03E665A0CE68 is in LEADER state but not ready yet., logIndex=0, commits[localhost_10000:c-1, localhost_10002:c-1, localhost_10001:c-1]
2019-09-24 12:19:54,502 INFO  client.GrpcClientProtocolService (GrpcClientProtocolService.java:lambda$processClientRequest$0(278)) - Failed RaftClientRequest:client-2265A94AA220->localhost_10000@group-03E665A0CE68, cid=42, seq=0, RW, Message:321f0a0f0a0d74657374...(size=33), reply=RaftClientReply:client-2265A94AA220->localhost_10000@group-03E665A0CE68, cid=42, FAILED org.apache.ratis.protocol.LeaderNotReadyException: localhost_10000@group-03E665A0CE68 is in LEADER state but not ready yet., logIndex=0, commits[localhost_10000:c-1, localhost_10002:c-1, localhost_10001:c-1]
2019-09-24 12:19:54,503 INFO  client.GrpcClientProtocolService (GrpcClientProtocolService.java:lambda$processClientRequest$0(278)) - Failed RaftClientRequest:client-2265A94AA220->localhost_10000@group-03E665A0CE68, cid=42, seq=0, RW, Message:321f0a0f0a0d74657374...(size=33), reply=RaftClientReply:client-2265A94AA220->localhost_10000@group-03E665A0CE68, cid=42, FAILED org.apache.ratis.protocol.LeaderNotReadyException: localhost_10000@group-03E665A0CE68 is in LEADER state but not ready yet., logIndex=0, commits[localhost_10000:c-1, localhost_10002:c-1, localhost_10001:c-1]
2019-09-24 12:19:54,503 INFO  client.GrpcClientProtocolService (GrpcClientProtocolService.java:lambda$processClientRequest$0(278)) - Failed RaftClientRequest:client-2265A94AA220->localhost_10000@group-03E665A0CE68, cid=42, seq=0, RW, Message:321f0a0f0a0d74657374...(size=33), reply=RaftClientReply:client-2265A94AA220->localhost_10000@group-03E665A0CE68, cid=42, FAILED org.apache.ratis.protocol.LeaderNotReadyException: localhost_10000@group-03E665A0CE68 is in LEADER state but not ready yet., logIndex=0, commits[localhost_10000:c-1, localhost_10002:c-1, localhost_10001:c-1]
2019-09-24 12:19:54,504 INFO  client.GrpcClientProtocolService (GrpcClientProtocolService.java:lambda$processClientRequest$0(278)) - Failed RaftClientRequest:client-2265A94AA220->localhost_10000@group-03E665A0CE68, cid=42, seq=0, RW, Message:321f0a0f0a0d74657374...(size=33), reply=RaftClientReply:client-2265A94AA220->localhost_10000@group-03E665A0CE68, cid=42, FAILED org.apache.ratis.protocol.LeaderNotReadyException: localhost_10000@group-03E665A0CE68 is in LEADER state but not ready yet., logIndex=0, commits[localhost_10000:c-1, localhost_10002:c-1, localhost_10001:c-1]
2019-09-24 12:19:54,505 INFO  client.GrpcClientProtocolService (GrpcClientProtocolService.java:lambda$processClientRequest$0(278)) - Failed RaftClientRequest:client-2265A94AA220->localhost_10000@group-03E665A0CE68, cid=42, seq=0, RW, Message:321f0a0f0a0d74657374...(size=33), reply=RaftClientReply:client-2265A94AA220->localhost_10000@group-03E665A0CE68, cid=42, FAILED org.apache.ratis.protocol.LeaderNotReadyException: localhost_10000@group-03E665A0CE68 is in LEADER state but not ready yet., logIndex=0, commits[localhost_10000:c-1, localhost_10002:c-1, localhost_10001:c-1]
2019-09-24 12:19:54,653 INFO  client.GrpcClientProtocolService (GrpcClientProtocolService.java:lambda$processClientRequest$0(278)) - Failed RaftClientRequest:client-2265A94AA220->localhost_10000@group-03E665A0CE68, cid=42, seq=0, RW, Message:321f0a0f0a0d74657374...(size=33), reply=RaftClientReply:client-2265A94AA220->localhost_10000@group-03E665A0CE68, cid=42, FAILED org.apache.ratis.protocol.LeaderNotReadyException: localhost_10000@group-03E665A0CE68 is in LEADER state but not ready yet., logIndex=0, commits[localhost_10000:c-1, localhost_10002:c-1, localhost_10001:c-1]
2019-09-24 12:19:54,656 INFO  client.GrpcClientProtocolService (GrpcClientProtocolService.java:lambda$processClientRequest$0(278)) - Failed RaftClientRequest:client-2265A94AA220->localhost_10000@group-03E665A0CE68, cid=42, seq=0, RW, Message:321f0a0f0a0d74657374...(size=33), reply=RaftClientReply:client-2265A94AA220->localhost_10000@group-03E665A0CE68, cid=42, FAILED org.apache.ratis.protocol.LeaderNotReadyException: localhost_10000@group-03E665A0CE68 is in LEADER state but not ready yet., logIndex=0, commits[localhost_10000:c-1, localhost_10002:c-1, localhost_10001:c-1]
2019-09-24 12:19:54,658 INFO  client.GrpcClientProtocolService (GrpcClientProtocolService.java:lambda$processClientRequest$0(278)) - Failed RaftClientRequest:client-2265A94AA220->localhost_10000@group-03E665A0CE68, cid=42, seq=0, RW, Message:321f0a0f0a0d74657374...(size=33), reply=RaftClientReply:client-2265A94AA220->localhost_10000@group-03E665A0CE68, cid=42, FAILED org.apache.ratis.protocol.LeaderNotReadyException: localhost_10000@group-03E665A0CE68 is in LEADER state but not ready yet., logIndex=0, commits[localhost_10000:c-1, localhost_10002:c-1, localhost_10001:c-1]
2019-09-24 12:19:54,659 INFO  client.GrpcClientProtocolService (GrpcClientProtocolService.java:lambda$processClientRequest$0(278)) - Failed RaftClientRequest:client-2265A94AA220->localhost_10000@group-03E665A0CE68, cid=42, seq=0, RW, Message:321f0a0f0a0d74657374...(size=33), reply=RaftClientReply:client-2265A94AA220->localhost_10000@group-03E665A0CE68, cid=42, FAILED org.apache.ratis.protocol.LeaderNotReadyException: localhost_10000@group-03E665A0CE68 is in LEADER state but not ready yet., logIndex=0, commits[localhost_10000:c-1, localhost_10002:c-1, localhost_10001:c-1]
2019-09-24 12:19:54,661 INFO  client.GrpcClientProtocolService (GrpcClientProtocolService.java:lambda$processClientRequest$0(278)) - Failed RaftClientRequest:client-2265A94AA220->localhost_10000@group-03E665A0CE68, cid=42, seq=0, RW, Message:321f0a0f0a0d74657374...(size=33), reply=RaftClientReply:client-2265A94AA220->localhost_10000@group-03E665A0CE68, cid=42, FAILED org.apache.ratis.protocol.LeaderNotReadyException: localhost_10000@group-03E665A0CE68 is in LEADER state but not ready yet., logIndex=0, commits[localhost_10000:c-1, localhost_10002:c-1, localhost_10001:c-1]
2019-09-24 12:19:54,662 INFO  client.GrpcClientProtocolService (GrpcClientProtocolService.java:lambda$processClientRequest$0(278)) - Failed RaftClientRequest:client-2265A94AA220->localhost_10000@group-03E665A0CE68, cid=42, seq=0, RW, Message:321f0a0f0a0d74657374...(size=33), reply=RaftClientReply:client-2265A94AA220->localhost_10000@group-03E665A0CE68, cid=42, FAILED org.apache.ratis.protocol.LeaderNotReadyException: localhost_10000@group-03E665A0CE68 is in LEADER state but not ready yet., logIndex=0, commits[localhost_10000:c-1, localhost_10002:c-1, localhost_10001:c-1]
2019-09-24 12:19:54,664 INFO  client.GrpcClientProtocolService (GrpcClientProtocolService.java:lambda$processClientRequest$0(278)) - Failed RaftClientRequest:client-2265A94AA220->localhost_10000@group-03E665A0CE68, cid=42, seq=0, RW, Message:321f0a0f0a0d74657374...(size=33), reply=RaftClientReply:client-2265A94AA220->localhost_10000@group-03E665A0CE68, cid=42, FAILED org.apache.ratis.protocol.LeaderNotReadyException: localhost_10000@group-03E665A0CE68 is in LEADER state but not ready yet., logIndex=0, commits[localhost_10000:c-1, localhost_10002:c-1, localhost_10001:c-1]
2019-09-24 12:19:54,665 INFO  client.GrpcClientProtocolService (GrpcClientProtocolService.java:lambda$processClientRequest$0(278)) - Failed RaftClientRequest:client-2265A94AA220->localhost_10000@group-03E665A0CE68, cid=42, seq=0, RW, Message:321f0a0f0a0d74657374...(size=33), reply=RaftClientReply:client-2265A94AA220->localhost_10000@group-03E665A0CE68, cid=42, FAILED org.apache.ratis.protocol.LeaderNotReadyException: localhost_10000@group-03E665A0CE68 is in LEADER state but not ready yet., logIndex=0, commits[localhost_10000:c-1, localhost_10002:c-1, localhost_10001:c-1]
2019-09-24 12:19:54,667 INFO  client.GrpcClientProtocolService (GrpcClientProtocolService.java:lambda$processClientRequest$0(278)) - Failed RaftClientRequest:client-2265A94AA220->localhost_10000@group-03E665A0CE68, cid=42, seq=0, RW, Message:321f0a0f0a0d74657374...(size=33), reply=RaftClientReply:client-2265A94AA220->localhost_10000@group-03E665A0CE68, cid=42, FAILED org.apache.ratis.protocol.LeaderNotReadyException: localhost_10000@group-03E665A0CE68 is in LEADER state but not ready yet., logIndex=0, commits[localhost_10000:c-1, localhost_10002:c-1, localhost_10001:c-1]
2019-09-24 12:19:54,668 INFO  client.GrpcClientProtocolService (GrpcClientProtocolService.java:lambda$processClientRequest$0(278)) - Failed RaftClientRequest:client-2265A94AA220->localhost_10000@group-03E665A0CE68, cid=42, seq=0, RW, Message:321f0a0f0a0d74657374...(size=33), reply=RaftClientReply:client-2265A94AA220->localhost_10000@group-03E665A0CE68, cid=42, FAILED org.apache.ratis.protocol.LeaderNotReadyException: localhost_10000@group-03E665A0CE68 is in LEADER state but not ready yet., logIndex=0, commits[localhost_10000:c-1, localhost_10002:c-1, localhost_10001:c-1]
2019-09-24 12:19:54,670 INFO  client.GrpcClientProtocolService (GrpcClientProtocolService.java:lambda$processClientRequest$0(278)) - Failed RaftClientRequest:client-2265A94AA220->localhost_10000@group-03E665A0CE68, cid=42, seq=0, RW, Message:321f0a0f0a0d74657374...(size=33), reply=RaftClientReply:client-2265A94AA220->localhost_10000@group-03E665A0CE68, cid=42, FAILED org.apache.ratis.protocol.LeaderNotReadyException: localhost_10000@group-03E665A0CE68 is in LEADER state but not ready yet., logIndex=0, commits[localhost_10000:c-1, localhost_10002:c-1, localhost_10001:c-1]
2019-09-24 12:19:54,671 INFO  client.GrpcClientProtocolService (GrpcClientProtocolService.java:lambda$processClientRequest$0(278)) - Failed RaftClientRequest:client-2265A94AA220->localhost_10000@group-03E665A0CE68, cid=42, seq=0, RW, Message:321f0a0f0a0d74657374...(size=33), reply=RaftClientReply:client-2265A94AA220->localhost_10000@group-03E665A0CE68, cid=42, FAILED org.apache.ratis.protocol.LeaderNotReadyException: localhost_10000@group-03E665A0CE68 is in LEADER state but not ready yet., logIndex=0, commits[localhost_10000:c-1, localhost_10002:c-1, localhost_10001:c-1]
2019-09-24 12:19:54,673 INFO  client.GrpcClientProtocolService (GrpcClientProtocolService.java:lambda$processClientRequest$0(278)) - Failed RaftClientRequest:client-2265A94AA220->localhost_10000@group-03E665A0CE68, cid=42, seq=0, RW, Message:321f0a0f0a0d74657374...(size=33), reply=RaftClientReply:client-2265A94AA220->localhost_10000@group-03E665A0CE68, cid=42, FAILED org.apache.ratis.protocol.LeaderNotReadyException: localhost_10000@group-03E665A0CE68 is in LEADER state but not ready yet., logIndex=0, commits[localhost_10000:c-1, localhost_10002:c-1, localhost_10001:c-1]
2019-09-24 12:19:54,674 INFO  client.GrpcClientProtocolService (GrpcClientProtocolService.java:lambda$processClientRequest$0(278)) - Failed RaftClientRequest:client-2265A94AA220->localhost_10000@group-03E665A0CE68, cid=42, seq=0, RW, Message:321f0a0f0a0d74657374...(size=33), reply=RaftClientReply:client-2265A94AA220->localhost_10000@group-03E665A0CE68, cid=42, FAILED org.apache.ratis.protocol.LeaderNotReadyException: localhost_10000@group-03E665A0CE68 is in LEADER state but not ready yet., logIndex=0, commits[localhost_10000:c-1, localhost_10002:c-1, localhost_10001:c-1]
2019-09-24 12:19:54,675 INFO  client.GrpcClientProtocolService (GrpcClientProtocolService.java:lambda$processClientRequest$0(278)) - Failed RaftClientRequest:client-2265A94AA220->localhost_10000@group-03E665A0CE68, cid=42, seq=0, RW, Message:321f0a0f0a0d74657374...(size=33), reply=RaftClientReply:client-2265A94AA220->localhost_10000@group-03E665A0CE68, cid=42, FAILED org.apache.ratis.protocol.LeaderNotReadyException: localhost_10000@group-03E665A0CE68 is in LEADER state but not ready yet., logIndex=0, commits[localhost_10000:c-1, localhost_10002:c-1, localhost_10001:c-1]
2019-09-24 12:19:54,676 INFO  client.GrpcClientProtocolService (GrpcClientProtocolService.java:lambda$processClientRequest$0(278)) - Failed RaftClientRequest:client-2265A94AA220->localhost_10000@group-03E665A0CE68, cid=42, seq=0, RW, Message:321f0a0f0a0d74657374...(size=33), reply=RaftClientReply:client-2265A94AA220->localhost_10000@group-03E665A0CE68, cid=42, FAILED org.apache.ratis.protocol.LeaderNotReadyException: localhost_10000@group-03E665A0CE68 is in LEADER state but not ready yet., logIndex=0, commits[localhost_10000:c-1, localhost_10002:c-1, localhost_10001:c-1]
2019-09-24 12:19:54,677 INFO  client.GrpcClientProtocolService (GrpcClientProtocolService.java:lambda$processClientRequest$0(278)) - Failed RaftClientRequest:client-2265A94AA220->localhost_10000@group-03E665A0CE68, cid=42, seq=0, RW, Message:321f0a0f0a0d74657374...(size=33), reply=RaftClientReply:client-2265A94AA220->localhost_10000@group-03E665A0CE68, cid=42, FAILED org.apache.ratis.protocol.LeaderNotReadyException: localhost_10000@group-03E665A0CE68 is in LEADER state but not ready yet., logIndex=0, commits[localhost_10000:c-1, localhost_10002:c-1, localhost_10001:c-1]
2019-09-24 12:19:54,679 INFO  client.GrpcClientProtocolService (GrpcClientProtocolService.java:lambda$processClientRequest$0(278)) - Failed RaftClientRequest:client-2265A94AA220->localhost_10000@group-03E665A0CE68, cid=42, seq=0, RW, Message:321f0a0f0a0d74657374...(size=33), reply=RaftClientReply:client-2265A94AA220->localhost_10000@group-03E665A0CE68, cid=42, FAILED org.apache.ratis.protocol.LeaderNotReadyException: localhost_10000@group-03E665A0CE68 is in LEADER state but not ready yet., logIndex=0, commits[localhost_10000:c-1, localhost_10002:c-1, localhost_10001:c-1]
2019-09-24 12:19:54,680 INFO  client.GrpcClientProtocolService (GrpcClientProtocolService.java:lambda$processClientRequest$0(278)) - Failed RaftClientRequest:client-2265A94AA220->localhost_10000@group-03E665A0CE68, cid=42, seq=0, RW, Message:321f0a0f0a0d74657374...(size=33), reply=RaftClientReply:client-2265A94AA220->localhost_10000@group-03E665A0CE68, cid=42, FAILED org.apache.ratis.protocol.LeaderNotReadyException: localhost_10000@group-03E665A0CE68 is in LEADER state but not ready yet., logIndex=0, commits[localhost_10000:c-1, localhost_10002:c-1, localhost_10001:c-1]
2019-09-24 12:19:54,681 INFO  client.GrpcClientProtocolService (GrpcClientProtocolService.java:lambda$processClientRequest$0(278)) - Failed RaftClientRequest:client-2265A94AA220->localhost_10000@group-03E665A0CE68, cid=42, seq=0, RW, Message:321f0a0f0a0d74657374...(size=33), reply=RaftClientReply:client-2265A94AA220->localhost_10000@group-03E665A0CE68, cid=42, FAILED org.apache.ratis.protocol.LeaderNotReadyException: localhost_10000@group-03E665A0CE68 is in LEADER state but not ready yet., logIndex=0, commits[localhost_10000:c-1, localhost_10002:c-1, localhost_10001:c-1]
2019-09-24 12:19:54,682 INFO  client.GrpcClientProtocolService (GrpcClientProtocolService.java:lambda$processClientRequest$0(278)) - Failed RaftClientRequest:client-2265A94AA220->localhost_10000@group-03E665A0CE68, cid=42, seq=0, RW, Message:321f0a0f0a0d74657374...(size=33), reply=RaftClientReply:client-2265A94AA220->localhost_10000@group-03E665A0CE68, cid=42, FAILED org.apache.ratis.protocol.LeaderNotReadyException: localhost_10000@group-03E665A0CE68 is in LEADER state but not ready yet., logIndex=0, commits[localhost_10000:c-1, localhost_10002:c-1, localhost_10001:c-1]
2019-09-24 12:19:54,683 INFO  client.GrpcClientProtocolService (GrpcClientProtocolService.java:lambda$processClientRequest$0(278)) - Failed RaftClientRequest:client-2265A94AA220->localhost_10000@group-03E665A0CE68, cid=42, seq=0, RW, Message:321f0a0f0a0d74657374...(size=33), reply=RaftClientReply:client-2265A94AA220->localhost_10000@group-03E665A0CE68, cid=42, FAILED org.apache.ratis.protocol.LeaderNotReadyException: localhost_10000@group-03E665A0CE68 is in LEADER state but not ready yet., logIndex=0, commits[localhost_10000:c-1, localhost_10002:c-1, localhost_10001:c-1]
2019-09-24 12:19:54,684 INFO  client.GrpcClientProtocolService (GrpcClientProtocolService.java:lambda$processClientRequest$0(278)) - Failed RaftClientRequest:client-2265A94AA220->localhost_10000@group-03E665A0CE68, cid=42, seq=0, RW, Message:321f0a0f0a0d74657374...(size=33), reply=RaftClientReply:client-2265A94AA220->localhost_10000@group-03E665A0CE68, cid=42, FAILED org.apache.ratis.protocol.LeaderNotReadyException: localhost_10000@group-03E665A0CE68 is in LEADER state but not ready yet., logIndex=0, commits[localhost_10000:c-1, localhost_10002:c-1, localhost_10001:c-1]
2019-09-24 12:19:54,685 INFO  client.GrpcClientProtocolService (GrpcClientProtocolService.java:lambda$processClientRequest$0(278)) - Failed RaftClientRequest:client-2265A94AA220->localhost_10000@group-03E665A0CE68, cid=42, seq=0, RW, Message:321f0a0f0a0d74657374...(size=33), reply=RaftClientReply:client-2265A94AA220->localhost_10000@group-03E665A0CE68, cid=42, FAILED org.apache.ratis.protocol.LeaderNotReadyException: localhost_10000@group-03E665A0CE68 is in LEADER state but not ready yet., logIndex=0, commits[localhost_10000:c-1, localhost_10002:c-1, localhost_10001:c-1]
2019-09-24 12:19:54,686 INFO  client.GrpcClientProtocolService (GrpcClientProtocolService.java:lambda$processClientRequest$0(278)) - Failed RaftClientRequest:client-2265A94AA220->localhost_10000@group-03E665A0CE68, cid=42, seq=0, RW, Message:321f0a0f0a0d74657374...(size=33), reply=RaftClientReply:client-2265A94AA220->localhost_10000@group-03E665A0CE68, cid=42, FAILED org.apache.ratis.protocol.LeaderNotReadyException: localhost_10000@group-03E665A0CE68 is in LEADER state but not ready yet., logIndex=0, commits[localhost_10000:c-1, localhost_10002:c-1, localhost_10001:c-1]
2019-09-24 12:19:54,688 INFO  client.GrpcClientProtocolService (GrpcClientProtocolService.java:lambda$processClientRequest$0(278)) - Failed RaftClientRequest:client-2265A94AA220->localhost_10000@group-03E665A0CE68, cid=42, seq=0, RW, Message:321f0a0f0a0d74657374...(size=33), reply=RaftClientReply:client-2265A94AA220->localhost_10000@group-03E665A0CE68, cid=42, FAILED org.apache.ratis.protocol.LeaderNotReadyException: localhost_10000@group-03E665A0CE68 is in LEADER state but not ready yet., logIndex=0, commits[localhost_10000:c-1, localhost_10002:c-1, localhost_10001:c-1]
2019-09-24 12:19:54,689 INFO  client.GrpcClientProtocolService (GrpcClientProtocolService.java:lambda$processClientRequest$0(278)) - Failed RaftClientRequest:client-2265A94AA220->localhost_10000@group-03E665A0CE68, cid=42, seq=0, RW, Message:321f0a0f0a0d74657374...(size=33), reply=RaftClientReply:client-2265A94AA220->localhost_10000@group-03E665A0CE68, cid=42, FAILED org.apache.ratis.protocol.LeaderNotReadyException: localhost_10000@group-03E665A0CE68 is in LEADER state but not ready yet., logIndex=0, commits[localhost_10000:c-1, localhost_10002:c-1, localhost_10001:c-1]
2019-09-24 12:19:54,690 INFO  client.GrpcClientProtocolService (GrpcClientProtocolService.java:lambda$processClientRequest$0(278)) - Failed RaftClientRequest:client-2265A94AA220->localhost_10000@group-03E665A0CE68, cid=42, seq=0, RW, Message:321f0a0f0a0d74657374...(size=33), reply=RaftClientReply:client-2265A94AA220->localhost_10000@group-03E665A0CE68, cid=42, FAILED org.apache.ratis.protocol.LeaderNotReadyException: localhost_10000@group-03E665A0CE68 is in LEADER state but not ready yet., logIndex=0, commits[localhost_10000:c-1, localhost_10002:c-1, localhost_10001:c-1]
2019-09-24 12:19:54,692 INFO  client.GrpcClientProtocolService (GrpcClientProtocolService.java:lambda$processClientRequest$0(278)) - Failed RaftClientRequest:client-2265A94AA220->localhost_10000@group-03E665A0CE68, cid=42, seq=0, RW, Message:321f0a0f0a0d74657374...(size=33), reply=RaftClientReply:client-2265A94AA220->localhost_10000@group-03E665A0CE68, cid=42, FAILED org.apache.ratis.protocol.LeaderNotReadyException: localhost_10000@group-03E665A0CE68 is in LEADER state but not ready yet., logIndex=0, commits[localhost_10000:c-1, localhost_10002:c-1, localhost_10001:c-1]
2019-09-24 12:19:54,693 INFO  client.GrpcClientProtocolService (GrpcClientProtocolService.java:lambda$processClientRequest$0(278)) - Failed RaftClientRequest:client-2265A94AA220->localhost_10000@group-03E665A0CE68, cid=42, seq=0, RW, Message:321f0a0f0a0d74657374...(size=33), reply=RaftClientReply:client-2265A94AA220->localhost_10000@group-03E665A0CE68, cid=42, FAILED org.apache.ratis.protocol.LeaderNotReadyException: localhost_10000@group-03E665A0CE68 is in LEADER state but not ready yet., logIndex=0, commits[localhost_10000:c-1, localhost_10002:c-1, localhost_10001:c-1]
2019-09-24 12:19:54,694 INFO  client.GrpcClientProtocolService (GrpcClientProtocolService.java:lambda$processClientRequest$0(278)) - Failed RaftClientRequest:client-2265A94AA220->localhost_10000@group-03E665A0CE68, cid=42, seq=0, RW, Message:321f0a0f0a0d74657374...(size=33), reply=RaftClientReply:client-2265A94AA220->localhost_10000@group-03E665A0CE68, cid=42, FAILED org.apache.ratis.protocol.LeaderNotReadyException: localhost_10000@group-03E665A0CE68 is in LEADER state but not ready yet., logIndex=0, commits[localhost_10000:c-1, localhost_10002:c-1, localhost_10001:c-1]
2019-09-24 12:19:54,695 INFO  client.GrpcClientProtocolService (GrpcClientProtocolService.java:lambda$processClientRequest$0(278)) - Failed RaftClientRequest:client-2265A94AA220->localhost_10000@group-03E665A0CE68, cid=42, seq=0, RW, Message:321f0a0f0a0d74657374...(size=33), reply=RaftClientReply:client-2265A94AA220->localhost_10000@group-03E665A0CE68, cid=42, FAILED org.apache.ratis.protocol.LeaderNotReadyException: localhost_10000@group-03E665A0CE68 is in LEADER state but not ready yet., logIndex=0, commits[localhost_10000:c-1, localhost_10002:c-1, localhost_10001:c-1]
2019-09-24 12:19:54,697 INFO  client.GrpcClientProtocolService (GrpcClientProtocolService.java:lambda$processClientRequest$0(278)) - Failed RaftClientRequest:client-2265A94AA220->localhost_10000@group-03E665A0CE68, cid=42, seq=0, RW, Message:321f0a0f0a0d74657374...(size=33), reply=RaftClientReply:client-2265A94AA220->localhost_10000@group-03E665A0CE68, cid=42, FAILED org.apache.ratis.protocol.LeaderNotReadyException: localhost_10000@group-03E665A0CE68 is in LEADER state but not ready yet., logIndex=0, commits[localhost_10000:c-1, localhost_10002:c-1, localhost_10001:c-1]
2019-09-24 12:19:54,698 INFO  client.GrpcClientProtocolService (GrpcClientProtocolService.java:lambda$processClientRequest$0(278)) - Failed RaftClientRequest:client-2265A94AA220->localhost_10000@group-03E665A0CE68, cid=42, seq=0, RW, Message:321f0a0f0a0d74657374...(size=33), reply=RaftClientReply:client-2265A94AA220->localhost_10000@group-03E665A0CE68, cid=42, FAILED org.apache.ratis.protocol.LeaderNotReadyException: localhost_10000@group-03E665A0CE68 is in LEADER state but not ready yet., logIndex=0, commits[localhost_10000:c-1, localhost_10002:c-1, localhost_10001:c-1]
2019-09-24 12:19:54,700 INFO  client.GrpcClientProtocolService (GrpcClientProtocolService.java:lambda$processClientRequest$0(278)) - Failed RaftClientRequest:client-2265A94AA220->localhost_10000@group-03E665A0CE68, cid=42, seq=0, RW, Message:321f0a0f0a0d74657374...(size=33), reply=RaftClientReply:client-2265A94AA220->localhost_10000@group-03E665A0CE68, cid=42, FAILED org.apache.ratis.protocol.LeaderNotReadyException: localhost_10000@group-03E665A0CE68 is in LEADER state but not ready yet., logIndex=0, commits[localhost_10000:c-1, localhost_10002:c-1, localhost_10001:c-1]
2019-09-24 12:19:54,701 INFO  client.GrpcClientProtocolService (GrpcClientProtocolService.java:lambda$processClientRequest$0(278)) - Failed RaftClientRequest:client-2265A94AA220->localhost_10000@group-03E665A0CE68, cid=42, seq=0, RW, Message:321f0a0f0a0d74657374...(size=33), reply=RaftClientReply:client-2265A94AA220->localhost_10000@group-03E665A0CE68, cid=42, FAILED org.apache.ratis.protocol.LeaderNotReadyException: localhost_10000@group-03E665A0CE68 is in LEADER state but not ready yet., logIndex=0, commits[localhost_10000:c-1, localhost_10002:c-1, localhost_10001:c-1]
2019-09-24 12:19:54,703 INFO  client.GrpcClientProtocolService (GrpcClientProtocolService.java:lambda$processClientRequest$0(278)) - Failed RaftClientRequest:client-2265A94AA220->localhost_10000@group-03E665A0CE68, cid=42, seq=0, RW, Message:321f0a0f0a0d74657374...(size=33), reply=RaftClientReply:client-2265A94AA220->localhost_10000@group-03E665A0CE68, cid=42, FAILED org.apache.ratis.protocol.LeaderNotReadyException: localhost_10000@group-03E665A0CE68 is in LEADER state but not ready yet., logIndex=0, commits[localhost_10000:c-1, localhost_10002:c-1, localhost_10001:c-1]
2019-09-24 12:19:54,704 INFO  client.GrpcClientProtocolService (GrpcClientProtocolService.java:lambda$processClientRequest$0(278)) - Failed RaftClientRequest:client-2265A94AA220->localhost_10000@group-03E665A0CE68, cid=42, seq=0, RW, Message:321f0a0f0a0d74657374...(size=33), reply=RaftClientReply:client-2265A94AA220->localhost_10000@group-03E665A0CE68, cid=42, FAILED org.apache.ratis.protocol.LeaderNotReadyException: localhost_10000@group-03E665A0CE68 is in LEADER state but not ready yet., logIndex=0, commits[localhost_10000:c-1, localhost_10002:c-1, localhost_10001:c-1]
2019-09-24 12:19:54,705 INFO  client.GrpcClientProtocolService (GrpcClientProtocolService.java:lambda$processClientRequest$0(278)) - Failed RaftClientRequest:client-2265A94AA220->localhost_10000@group-03E665A0CE68, cid=42, seq=0, RW, Message:321f0a0f0a0d74657374...(size=33), reply=RaftClientReply:client-2265A94AA220->localhost_10000@group-03E665A0CE68, cid=42, FAILED org.apache.ratis.protocol.LeaderNotReadyException: localhost_10000@group-03E665A0CE68 is in LEADER state but not ready yet., logIndex=0, commits[localhost_10000:c-1, localhost_10002:c-1, localhost_10001:c-1]
2019-09-24 12:19:54,706 INFO  client.GrpcClientProtocolService (GrpcClientProtocolService.java:lambda$processClientRequest$0(278)) - Failed RaftClientRequest:client-2265A94AA220->localhost_10000@group-03E665A0CE68, cid=42, seq=0, RW, Message:321f0a0f0a0d74657374...(size=33), reply=RaftClientReply:client-2265A94AA220->localhost_10000@group-03E665A0CE68, cid=42, FAILED org.apache.ratis.protocol.LeaderNotReadyException: localhost_10000@group-03E665A0CE68 is in LEADER state but not ready yet., logIndex=0, commits[localhost_10000:c-1, localhost_10002:c-1, localhost_10001:c-1]
2019-09-24 12:19:54,708 INFO  client.GrpcClientProtocolService (GrpcClientProtocolService.java:lambda$processClientRequest$0(278)) - Failed RaftClientRequest:client-2265A94AA220->localhost_10000@group-03E665A0CE68, cid=42, seq=0, RW, Message:321f0a0f0a0d74657374...(size=33), reply=RaftClientReply:client-2265A94AA220->localhost_10000@group-03E665A0CE68, cid=42, FAILED org.apache.ratis.protocol.LeaderNotReadyException: localhost_10000@group-03E665A0CE68 is in LEADER state but not ready yet., logIndex=0, commits[localhost_10000:c-1, localhost_10002:c-1, localhost_10001:c-1]
2019-09-24 12:19:54,709 INFO  client.GrpcClientProtocolService (GrpcClientProtocolService.java:lambda$processClientRequest$0(278)) - Failed RaftClientRequest:client-2265A94AA220->localhost_10000@group-03E665A0CE68, cid=42, seq=0, RW, Message:321f0a0f0a0d74657374...(size=33), reply=RaftClientReply:client-2265A94AA220->localhost_10000@group-03E665A0CE68, cid=42, FAILED org.apache.ratis.protocol.LeaderNotReadyException: localhost_10000@group-03E665A0CE68 is in LEADER state but not ready yet., logIndex=0, commits[localhost_10000:c-1, localhost_10002:c-1, localhost_10001:c-1]
2019-09-24 12:19:54,710 INFO  client.GrpcClientProtocolService (GrpcClientProtocolService.java:lambda$processClientRequest$0(278)) - Failed RaftClientRequest:client-2265A94AA220->localhost_10000@group-03E665A0CE68, cid=42, seq=0, RW, Message:321f0a0f0a0d74657374...(size=33), reply=RaftClientReply:client-2265A94AA220->localhost_10000@group-03E665A0CE68, cid=42, FAILED org.apache.ratis.protocol.LeaderNotReadyException: localhost_10000@group-03E665A0CE68 is in LEADER state but not ready yet., logIndex=0, commits[localhost_10000:c-1, localhost_10002:c-1, localhost_10001:c-1]
2019-09-24 12:19:54,711 INFO  client.GrpcClientProtocolService (GrpcClientProtocolService.java:lambda$processClientRequest$0(278)) - Failed RaftClientRequest:client-2265A94AA220->localhost_10000@group-03E665A0CE68, cid=42, seq=0, RW, Message:321f0a0f0a0d74657374...(size=33), reply=RaftClientReply:client-2265A94AA220->localhost_10000@group-03E665A0CE68, cid=42, FAILED org.apache.ratis.protocol.LeaderNotReadyException: localhost_10000@group-03E665A0CE68 is in LEADER state but not ready yet., logIndex=0, commits[localhost_10000:c-1, localhost_10002:c-1, localhost_10001:c-1]
2019-09-24 12:19:54,712 INFO  client.GrpcClientProtocolService (GrpcClientProtocolService.java:lambda$processClientRequest$0(278)) - Failed RaftClientRequest:client-2265A94AA220->localhost_10000@group-03E665A0CE68, cid=42, seq=0, RW, Message:321f0a0f0a0d74657374...(size=33), reply=RaftClientReply:client-2265A94AA220->localhost_10000@group-03E665A0CE68, cid=42, FAILED org.apache.ratis.protocol.LeaderNotReadyException: localhost_10000@group-03E665A0CE68 is in LEADER state but not ready yet., logIndex=0, commits[localhost_10000:c-1, localhost_10002:c-1, localhost_10001:c-1]
2019-09-24 12:19:54,713 INFO  client.GrpcClientProtocolService (GrpcClientProtocolService.java:lambda$processClientRequest$0(278)) - Failed RaftClientRequest:client-2265A94AA220->localhost_10000@group-03E665A0CE68, cid=42, seq=0, RW, Message:321f0a0f0a0d74657374...(size=33), reply=RaftClientReply:client-2265A94AA220->localhost_10000@group-03E665A0CE68, cid=42, FAILED org.apache.ratis.protocol.LeaderNotReadyException: localhost_10000@group-03E665A0CE68 is in LEADER state but not ready yet., logIndex=0, commits[localhost_10000:c-1, localhost_10002:c-1, localhost_10001:c-1]
2019-09-24 12:19:54,714 INFO  client.GrpcClientProtocolService (GrpcClientProtocolService.java:lambda$processClientRequest$0(278)) - Failed RaftClientRequest:client-2265A94AA220->localhost_10000@group-03E665A0CE68, cid=42, seq=0, RW, Message:321f0a0f0a0d74657374...(size=33), reply=RaftClientReply:client-2265A94AA220->localhost_10000@group-03E665A0CE68, cid=42, FAILED org.apache.ratis.protocol.LeaderNotReadyException: localhost_10000@group-03E665A0CE68 is in LEADER state but not ready yet., logIndex=0, commits[localhost_10000:c-1, localhost_10002:c-1, localhost_10001:c-1]
2019-09-24 12:19:54,715 INFO  client.GrpcClientProtocolService (GrpcClientProtocolService.java:lambda$processClientRequest$0(278)) - Failed RaftClientRequest:client-2265A94AA220->localhost_10000@group-03E665A0CE68, cid=42, seq=0, RW, Message:321f0a0f0a0d74657374...(size=33), reply=RaftClientReply:client-2265A94AA220->localhost_10000@group-03E665A0CE68, cid=42, FAILED org.apache.ratis.protocol.LeaderNotReadyException: localhost_10000@group-03E665A0CE68 is in LEADER state but not ready yet., logIndex=0, commits[localhost_10000:c-1, localhost_10002:c-1, localhost_10001:c-1]
2019-09-24 12:19:54,716 INFO  client.GrpcClientProtocolService (GrpcClientProtocolService.java:lambda$processClientRequest$0(278)) - Failed RaftClientRequest:client-2265A94AA220->localhost_10000@group-03E665A0CE68, cid=42, seq=0, RW, Message:321f0a0f0a0d74657374...(size=33), reply=RaftClientReply:client-2265A94AA220->localhost_10000@group-03E665A0CE68, cid=42, FAILED org.apache.ratis.protocol.LeaderNotReadyException: localhost_10000@group-03E665A0CE68 is in LEADER state but not ready yet., logIndex=0, commits[localhost_10000:c-1, localhost_10002:c-1, localhost_10001:c-1]
2019-09-24 12:19:54,718 INFO  client.GrpcClientProtocolService (GrpcClientProtocolService.java:lambda$processClientRequest$0(278)) - Failed RaftClientRequest:client-2265A94AA220->localhost_10000@group-03E665A0CE68, cid=42, seq=0, RW, Message:321f0a0f0a0d74657374...(size=33), reply=RaftClientReply:client-2265A94AA220->localhost_10000@group-03E665A0CE68, cid=42, FAILED org.apache.ratis.protocol.LeaderNotReadyException: localhost_10000@group-03E665A0CE68 is in LEADER state but not ready yet., logIndex=0, commits[localhost_10000:c-1, localhost_10002:c-1, localhost_10001:c-1]
2019-09-24 12:19:54,719 INFO  client.GrpcClientProtocolService (GrpcClientProtocolService.java:lambda$processClientRequest$0(278)) - Failed RaftClientRequest:client-2265A94AA220->localhost_10000@group-03E665A0CE68, cid=42, seq=0, RW, Message:321f0a0f0a0d74657374...(size=33), reply=RaftClientReply:client-2265A94AA220->localhost_10000@group-03E665A0CE68, cid=42, FAILED org.apache.ratis.protocol.LeaderNotReadyException: localhost_10000@group-03E665A0CE68 is in LEADER state but not ready yet., logIndex=0, commits[localhost_10000:c-1, localhost_10002:c-1, localhost_10001:c-1]
2019-09-24 12:19:54,720 INFO  client.GrpcClientProtocolService (GrpcClientProtocolService.java:lambda$processClientRequest$0(278)) - Failed RaftClientRequest:client-2265A94AA220->localhost_10000@group-03E665A0CE68, cid=42, seq=0, RW, Message:321f0a0f0a0d74657374...(size=33), reply=RaftClientReply:client-2265A94AA220->localhost_10000@group-03E665A0CE68, cid=42, FAILED org.apache.ratis.protocol.LeaderNotReadyException: localhost_10000@group-03E665A0CE68 is in LEADER state but not ready yet., logIndex=0, commits[localhost_10000:c-1, localhost_10002:c-1, localhost_10001:c-1]
2019-09-24 12:19:54,721 INFO  client.GrpcClientProtocolService (GrpcClientProtocolService.java:lambda$processClientRequest$0(278)) - Failed RaftClientRequest:client-2265A94AA220->localhost_10000@group-03E665A0CE68, cid=42, seq=0, RW, Message:321f0a0f0a0d74657374...(size=33), reply=RaftClientReply:client-2265A94AA220->localhost_10000@group-03E665A0CE68, cid=42, FAILED org.apache.ratis.protocol.LeaderNotReadyException: localhost_10000@group-03E665A0CE68 is in LEADER state but not ready yet., logIndex=0, commits[localhost_10000:c-1, localhost_10002:c-1, localhost_10001:c-1]
2019-09-24 12:19:54,722 INFO  client.GrpcClientProtocolService (GrpcClientProtocolService.java:lambda$processClientRequest$0(278)) - Failed RaftClientRequest:client-2265A94AA220->localhost_10000@group-03E665A0CE68, cid=42, seq=0, RW, Message:321f0a0f0a0d74657374...(size=33), reply=RaftClientReply:client-2265A94AA220->localhost_10000@group-03E665A0CE68, cid=42, FAILED org.apache.ratis.protocol.LeaderNotReadyException: localhost_10000@group-03E665A0CE68 is in LEADER state but not ready yet., logIndex=0, commits[localhost_10000:c-1, localhost_10002:c-1, localhost_10001:c-1]
2019-09-24 12:19:54,723 INFO  client.GrpcClientProtocolService (GrpcClientProtocolService.java:lambda$processClientRequest$0(278)) - Failed RaftClientRequest:client-2265A94AA220->localhost_10000@group-03E665A0CE68, cid=42, seq=0, RW, Message:321f0a0f0a0d74657374...(size=33), reply=RaftClientReply:client-2265A94AA220->localhost_10000@group-03E665A0CE68, cid=42, FAILED org.apache.ratis.protocol.LeaderNotReadyException: localhost_10000@group-03E665A0CE68 is in LEADER state but not ready yet., logIndex=0, commits[localhost_10000:c-1, localhost_10002:c-1, localhost_10001:c-1]
2019-09-24 12:19:54,724 INFO  client.GrpcClientProtocolService (GrpcClientProtocolService.java:lambda$processClientRequest$0(278)) - Failed RaftClientRequest:client-2265A94AA220->localhost_10000@group-03E665A0CE68, cid=42, seq=0, RW, Message:321f0a0f0a0d74657374...(size=33), reply=RaftClientReply:client-2265A94AA220->localhost_10000@group-03E665A0CE68, cid=42, FAILED org.apache.ratis.protocol.LeaderNotReadyException: localhost_10000@group-03E665A0CE68 is in LEADER state but not ready yet., logIndex=0, commits[localhost_10000:c-1, localhost_10002:c-1, localhost_10001:c-1]
2019-09-24 12:19:54,725 INFO  client.GrpcClientProtocolService (GrpcClientProtocolService.java:lambda$processClientRequest$0(278)) - Failed RaftClientRequest:client-2265A94AA220->localhost_10000@group-03E665A0CE68, cid=42, seq=0, RW, Message:321f0a0f0a0d74657374...(size=33), reply=RaftClientReply:client-2265A94AA220->localhost_10000@group-03E665A0CE68, cid=42, FAILED org.apache.ratis.protocol.LeaderNotReadyException: localhost_10000@group-03E665A0CE68 is in LEADER state but not ready yet., logIndex=0, commits[localhost_10000:c-1, localhost_10002:c-1, localhost_10001:c-1]
2019-09-24 12:19:54,725 INFO  client.GrpcClientProtocolService (GrpcClientProtocolService.java:lambda$processClientRequest$0(278)) - Failed RaftClientRequest:client-2265A94AA220->localhost_10000@group-03E665A0CE68, cid=42, seq=0, RW, Message:321f0a0f0a0d74657374...(size=33), reply=RaftClientReply:client-2265A94AA220->localhost_10000@group-03E665A0CE68, cid=42, FAILED org.apache.ratis.protocol.LeaderNotReadyException: localhost_10000@group-03E665A0CE68 is in LEADER state but not ready yet., logIndex=0, commits[localhost_10000:c-1, localhost_10002:c-1, localhost_10001:c-1]
2019-09-24 12:19:54,726 INFO  client.GrpcClientProtocolService (GrpcClientProtocolService.java:lambda$processClientRequest$0(278)) - Failed RaftClientRequest:client-2265A94AA220->localhost_10000@group-03E665A0CE68, cid=42, seq=0, RW, Message:321f0a0f0a0d74657374...(size=33), reply=RaftClientReply:client-2265A94AA220->localhost_10000@group-03E665A0CE68, cid=42, FAILED org.apache.ratis.protocol.LeaderNotReadyException: localhost_10000@group-03E665A0CE68 is in LEADER state but not ready yet., logIndex=0, commits[localhost_10000:c-1, localhost_10002:c-1, localhost_10001:c-1]
2019-09-24 12:19:54,728 INFO  client.GrpcClientProtocolService (GrpcClientProtocolService.java:lambda$processClientRequest$0(278)) - Failed RaftClientRequest:client-2265A94AA220->localhost_10000@group-03E665A0CE68, cid=42, seq=0, RW, Message:321f0a0f0a0d74657374...(size=33), reply=RaftClientReply:client-2265A94AA220->localhost_10000@group-03E665A0CE68, cid=42, FAILED org.apache.ratis.protocol.LeaderNotReadyException: localhost_10000@group-03E665A0CE68 is in LEADER state but not ready yet., logIndex=0, commits[localhost_10000:c-1, localhost_10002:c-1, localhost_10001:c-1]
2019-09-24 12:19:54,729 INFO  client.GrpcClientProtocolService (GrpcClientProtocolService.java:lambda$processClientRequest$0(278)) - Failed RaftClientRequest:client-2265A94AA220->localhost_10000@group-03E665A0CE68, cid=42, seq=0, RW, Message:321f0a0f0a0d74657374...(size=33), reply=RaftClientReply:client-2265A94AA220->localhost_10000@group-03E665A0CE68, cid=42, FAILED org.apache.ratis.protocol.LeaderNotReadyException: localhost_10000@group-03E665A0CE68 is in LEADER state but not ready yet., logIndex=0, commits[localhost_10000:c-1, localhost_10002:c-1, localhost_10001:c-1]
2019-09-24 12:19:54,730 INFO  client.GrpcClientProtocolService (GrpcClientProtocolService.java:lambda$processClientRequest$0(278)) - Failed RaftClientRequest:client-2265A94AA220->localhost_10000@group-03E665A0CE68, cid=42, seq=0, RW, Message:321f0a0f0a0d74657374...(size=33), reply=RaftClientReply:client-2265A94AA220->localhost_10000@group-03E665A0CE68, cid=42, FAILED org.apache.ratis.protocol.LeaderNotReadyException: localhost_10000@group-03E665A0CE68 is in LEADER state but not ready yet., logIndex=0, commits[localhost_10000:c-1, localhost_10002:c-1, localhost_10001:c-1]
2019-09-24 12:19:54,731 INFO  client.GrpcClientProtocolService (GrpcClientProtocolService.java:lambda$processClientRequest$0(278)) - Failed RaftClientRequest:client-2265A94AA220->localhost_10000@group-03E665A0CE68, cid=42, seq=0, RW, Message:321f0a0f0a0d74657374...(size=33), reply=RaftClientReply:client-2265A94AA220->localhost_10000@group-03E665A0CE68, cid=42, FAILED org.apache.ratis.protocol.LeaderNotReadyException: localhost_10000@group-03E665A0CE68 is in LEADER state but not ready yet., logIndex=0, commits[localhost_10000:c-1, localhost_10002:c-1, localhost_10001:c-1]
2019-09-24 12:19:54,732 INFO  client.GrpcClientProtocolService (GrpcClientProtocolService.java:lambda$processClientRequest$0(278)) - Failed RaftClientRequest:client-2265A94AA220->localhost_10000@group-03E665A0CE68, cid=42, seq=0, RW, Message:321f0a0f0a0d74657374...(size=33), reply=RaftClientReply:client-2265A94AA220->localhost_10000@group-03E665A0CE68, cid=42, FAILED org.apache.ratis.protocol.LeaderNotReadyException: localhost_10000@group-03E665A0CE68 is in LEADER state but not ready yet., logIndex=0, commits[localhost_10000:c-1, localhost_10002:c-1, localhost_10001:c-1]
2019-09-24 12:19:54,733 INFO  client.GrpcClientProtocolService (GrpcClientProtocolService.java:lambda$processClientRequest$0(278)) - Failed RaftClientRequest:client-2265A94AA220->localhost_10000@group-03E665A0CE68, cid=42, seq=0, RW, Message:321f0a0f0a0d74657374...(size=33), reply=RaftClientReply:client-2265A94AA220->localhost_10000@group-03E665A0CE68, cid=42, FAILED org.apache.ratis.protocol.LeaderNotReadyException: localhost_10000@group-03E665A0CE68 is in LEADER state but not ready yet., logIndex=0, commits[localhost_10000:c-1, localhost_10002:c-1, localhost_10001:c-1]
2019-09-24 12:19:54,735 INFO  client.GrpcClientProtocolService (GrpcClientProtocolService.java:lambda$processClientRequest$0(278)) - Failed RaftClientRequest:client-2265A94AA220->localhost_10000@group-03E665A0CE68, cid=42, seq=0, RW, Message:321f0a0f0a0d74657374...(size=33), reply=RaftClientReply:client-2265A94AA220->localhost_10000@group-03E665A0CE68, cid=42, FAILED org.apache.ratis.protocol.LeaderNotReadyException: localhost_10000@group-03E665A0CE68 is in LEADER state but not ready yet., logIndex=0, commits[localhost_10000:c-1, localhost_10002:c-1, localhost_10001:c-1]
2019-09-24 12:19:54,735 INFO  client.GrpcClientProtocolService (GrpcClientProtocolService.java:lambda$processClientRequest$0(278)) - Failed RaftClientRequest:client-2265A94AA220->localhost_10000@group-03E665A0CE68, cid=42, seq=0, RW, Message:321f0a0f0a0d74657374...(size=33), reply=RaftClientReply:client-2265A94AA220->localhost_10000@group-03E665A0CE68, cid=42, FAILED org.apache.ratis.protocol.LeaderNotReadyException: localhost_10000@group-03E665A0CE68 is in LEADER state but not ready yet., logIndex=0, commits[localhost_10000:c-1, localhost_10002:c-1, localhost_10001:c-1]
2019-09-24 12:19:54,737 INFO  client.GrpcClientProtocolService (GrpcClientProtocolService.java:lambda$processClientRequest$0(278)) - Failed RaftClientRequest:client-2265A94AA220->localhost_10000@group-03E665A0CE68, cid=42, seq=0, RW, Message:321f0a0f0a0d74657374...(size=33), reply=RaftClientReply:client-2265A94AA220->localhost_10000@group-03E665A0CE68, cid=42, FAILED org.apache.ratis.protocol.LeaderNotReadyException: localhost_10000@group-03E665A0CE68 is in LEADER state but not ready yet., logIndex=0, commits[localhost_10000:c-1, localhost_10002:c-1, localhost_10001:c-1]
2019-09-24 12:19:54,738 INFO  client.GrpcClientProtocolService (GrpcClientProtocolService.java:lambda$processClientRequest$0(278)) - Failed RaftClientRequest:client-2265A94AA220->localhost_10000@group-03E665A0CE68, cid=42, seq=0, RW, Message:321f0a0f0a0d74657374...(size=33), reply=RaftClientReply:client-2265A94AA220->localhost_10000@group-03E665A0CE68, cid=42, FAILED org.apache.ratis.protocol.LeaderNotReadyException: localhost_10000@group-03E665A0CE68 is in LEADER state but not ready yet., logIndex=0, commits[localhost_10000:c-1, localhost_10002:c-1, localhost_10001:c-1]
2019-09-24 12:19:54,739 INFO  client.GrpcClientProtocolService (GrpcClientProtocolService.java:lambda$processClientRequest$0(278)) - Failed RaftClientRequest:client-2265A94AA220->localhost_10000@group-03E665A0CE68, cid=42, seq=0, RW, Message:321f0a0f0a0d74657374...(size=33), reply=RaftClientReply:client-2265A94AA220->localhost_10000@group-03E665A0CE68, cid=42, FAILED org.apache.ratis.protocol.LeaderNotReadyException: localhost_10000@group-03E665A0CE68 is in LEADER state but not ready yet., logIndex=0, commits[localhost_10000:c-1, localhost_10002:c-1, localhost_10001:c-1]
2019-09-24 12:19:54,740 INFO  client.GrpcClientProtocolService (GrpcClientProtocolService.java:lambda$processClientRequest$0(278)) - Failed RaftClientRequest:client-2265A94AA220->localhost_10000@group-03E665A0CE68, cid=42, seq=0, RW, Message:321f0a0f0a0d74657374...(size=33), reply=RaftClientReply:client-2265A94AA220->localhost_10000@group-03E665A0CE68, cid=42, FAILED org.apache.ratis.protocol.LeaderNotReadyException: localhost_10000@group-03E665A0CE68 is in LEADER state but not ready yet., logIndex=0, commits[localhost_10000:c-1, localhost_10002:c-1, localhost_10001:c-1]
2019-09-24 12:19:54,741 INFO  client.GrpcClientProtocolService (GrpcClientProtocolService.java:lambda$processClientRequest$0(278)) - Failed RaftClientRequest:client-2265A94AA220->localhost_10000@group-03E665A0CE68, cid=42, seq=0, RW, Message:321f0a0f0a0d74657374...(size=33), reply=RaftClientReply:client-2265A94AA220->localhost_10000@group-03E665A0CE68, cid=42, FAILED org.apache.ratis.protocol.LeaderNotReadyException: localhost_10000@group-03E665A0CE68 is in LEADER state but not ready yet., logIndex=0, commits[localhost_10000:c-1, localhost_10002:c-1, localhost_10001:c-1]
2019-09-24 12:19:54,742 INFO  client.GrpcClientProtocolService (GrpcClientProtocolService.java:lambda$processClientRequest$0(278)) - Failed RaftClientRequest:client-2265A94AA220->localhost_10000@group-03E665A0CE68, cid=42, seq=0, RW, Message:321f0a0f0a0d74657374...(size=33), reply=RaftClientReply:client-2265A94AA220->localhost_10000@group-03E665A0CE68, cid=42, FAILED org.apache.ratis.protocol.LeaderNotReadyException: localhost_10000@group-03E665A0CE68 is in LEADER state but not ready yet., logIndex=0, commits[localhost_10000:c-1, localhost_10002:c-1, localhost_10001:c-1]
2019-09-24 12:19:54,743 INFO  client.GrpcClientProtocolService (GrpcClientProtocolService.java:lambda$processClientRequest$0(278)) - Failed RaftClientRequest:client-2265A94AA220->localhost_10000@group-03E665A0CE68, cid=42, seq=0, RW, Message:321f0a0f0a0d74657374...(size=33), reply=RaftClientReply:client-2265A94AA220->localhost_10000@group-03E665A0CE68, cid=42, FAILED org.apache.ratis.protocol.LeaderNotReadyException: localhost_10000@group-03E665A0CE68 is in LEADER state but not ready yet., logIndex=0, commits[localhost_10000:c-1, localhost_10002:c-1, localhost_10001:c-1]
2019-09-24 12:19:54,744 INFO  client.GrpcClientProtocolService (GrpcClientProtocolService.java:lambda$processClientRequest$0(278)) - Failed RaftClientRequest:client-2265A94AA220->localhost_10000@group-03E665A0CE68, cid=42, seq=0, RW, Message:321f0a0f0a0d74657374...(size=33), reply=RaftClientReply:client-2265A94AA220->localhost_10000@group-03E665A0CE68, cid=42, FAILED org.apache.ratis.protocol.LeaderNotReadyException: localhost_10000@group-03E665A0CE68 is in LEADER state but not ready yet., logIndex=0, commits[localhost_10000:c-1, localhost_10002:c-1, localhost_10001:c-1]
2019-09-24 12:19:54,745 INFO  client.GrpcClientProtocolService (GrpcClientProtocolService.java:lambda$processClientRequest$0(278)) - Failed RaftClientRequest:client-2265A94AA220->localhost_10000@group-03E665A0CE68, cid=42, seq=0, RW, Message:321f0a0f0a0d74657374...(size=33), reply=RaftClientReply:client-2265A94AA220->localhost_10000@group-03E665A0CE68, cid=42, FAILED org.apache.ratis.protocol.LeaderNotReadyException: localhost_10000@group-03E665A0CE68 is in LEADER state but not ready yet., logIndex=0, commits[localhost_10000:c-1, localhost_10002:c-1, localhost_10001:c-1]
2019-09-24 12:19:54,746 INFO  client.GrpcClientProtocolService (GrpcClientProtocolService.java:lambda$processClientRequest$0(278)) - Failed RaftClientRequest:client-2265A94AA220->localhost_10000@group-03E665A0CE68, cid=42, seq=0, RW, Message:321f0a0f0a0d74657374...(size=33), reply=RaftClientReply:client-2265A94AA220->localhost_10000@group-03E665A0CE68, cid=42, FAILED org.apache.ratis.protocol.LeaderNotReadyException: localhost_10000@group-03E665A0CE68 is in LEADER state but not ready yet., logIndex=0, commits[localhost_10000:c-1, localhost_10002:c-1, localhost_10001:c-1]
2019-09-24 12:19:54,747 INFO  client.GrpcClientProtocolService (GrpcClientProtocolService.java:lambda$processClientRequest$0(278)) - Failed RaftClientRequest:client-2265A94AA220->localhost_10000@group-03E665A0CE68, cid=42, seq=0, RW, Message:321f0a0f0a0d74657374...(size=33), reply=RaftClientReply:client-2265A94AA220->localhost_10000@group-03E665A0CE68, cid=42, FAILED org.apache.ratis.protocol.LeaderNotReadyException: localhost_10000@group-03E665A0CE68 is in LEADER state but not ready yet., logIndex=0, commits[localhost_10000:c-1, localhost_10002:c-1, localhost_10001:c-1]
2019-09-24 12:19:54,747 INFO  client.GrpcClientProtocolService (GrpcClientProtocolService.java:lambda$processClientRequest$0(278)) - Failed RaftClientRequest:client-2265A94AA220->localhost_10000@group-03E665A0CE68, cid=42, seq=0, RW, Message:321f0a0f0a0d74657374...(size=33), reply=RaftClientReply:client-2265A94AA220->localhost_10000@group-03E665A0CE68, cid=42, FAILED org.apache.ratis.protocol.LeaderNotReadyException: localhost_10000@group-03E665A0CE68 is in LEADER state but not ready yet., logIndex=0, commits[localhost_10000:c-1, localhost_10002:c-1, localhost_10001:c-1]
2019-09-24 12:19:54,748 INFO  client.GrpcClientProtocolService (GrpcClientProtocolService.java:lambda$processClientRequest$0(278)) - Failed RaftClientRequest:client-2265A94AA220->localhost_10000@group-03E665A0CE68, cid=42, seq=0, RW, Message:321f0a0f0a0d74657374...(size=33), reply=RaftClientReply:client-2265A94AA220->localhost_10000@group-03E665A0CE68, cid=42, FAILED org.apache.ratis.protocol.LeaderNotReadyException: localhost_10000@group-03E665A0CE68 is in LEADER state but not ready yet., logIndex=0, commits[localhost_10000:c-1, localhost_10002:c-1, localhost_10001:c-1]
2019-09-24 12:19:54,749 INFO  client.GrpcClientProtocolService (GrpcClientProtocolService.java:lambda$processClientRequest$0(278)) - Failed RaftClientRequest:client-2265A94AA220->localhost_10000@group-03E665A0CE68, cid=42, seq=0, RW, Message:321f0a0f0a0d74657374...(size=33), reply=RaftClientReply:client-2265A94AA220->localhost_10000@group-03E665A0CE68, cid=42, FAILED org.apache.ratis.protocol.LeaderNotReadyException: localhost_10000@group-03E665A0CE68 is in LEADER state but not ready yet., logIndex=0, commits[localhost_10000:c-1, localhost_10002:c-1, localhost_10001:c-1]
2019-09-24 12:19:54,750 INFO  client.GrpcClientProtocolService (GrpcClientProtocolService.java:lambda$processClientRequest$0(278)) - Failed RaftClientRequest:client-2265A94AA220->localhost_10000@group-03E665A0CE68, cid=42, seq=0, RW, Message:321f0a0f0a0d74657374...(size=33), reply=RaftClientReply:client-2265A94AA220->localhost_10000@group-03E665A0CE68, cid=42, FAILED org.apache.ratis.protocol.LeaderNotReadyException: localhost_10000@group-03E665A0CE68 is in LEADER state but not ready yet., logIndex=0, commits[localhost_10000:c-1, localhost_10002:c-1, localhost_10001:c-1]
2019-09-24 12:19:54,751 INFO  client.GrpcClientProtocolService (GrpcClientProtocolService.java:lambda$processClientRequest$0(278)) - Failed RaftClientRequest:client-2265A94AA220->localhost_10000@group-03E665A0CE68, cid=42, seq=0, RW, Message:321f0a0f0a0d74657374...(size=33), reply=RaftClientReply:client-2265A94AA220->localhost_10000@group-03E665A0CE68, cid=42, FAILED org.apache.ratis.protocol.LeaderNotReadyException: localhost_10000@group-03E665A0CE68 is in LEADER state but not ready yet., logIndex=0, commits[localhost_10000:c-1, localhost_10002:c-1, localhost_10001:c-1]
2019-09-24 12:19:54,752 INFO  client.GrpcClientProtocolService (GrpcClientProtocolService.java:lambda$processClientRequest$0(278)) - Failed RaftClientRequest:client-2265A94AA220->localhost_10000@group-03E665A0CE68, cid=42, seq=0, RW, Message:321f0a0f0a0d74657374...(size=33), reply=RaftClientReply:client-2265A94AA220->localhost_10000@group-03E665A0CE68, cid=42, FAILED org.apache.ratis.protocol.LeaderNotReadyException: localhost_10000@group-03E665A0CE68 is in LEADER state but not ready yet., logIndex=0, commits[localhost_10000:c-1, localhost_10002:c-1, localhost_10001:c-1]
2019-09-24 12:19:54,753 INFO  client.GrpcClientProtocolService (GrpcClientProtocolService.java:lambda$processClientRequest$0(278)) - Failed RaftClientRequest:client-2265A94AA220->localhost_10000@group-03E665A0CE68, cid=42, seq=0, RW, Message:321f0a0f0a0d74657374...(size=33), reply=RaftClientReply:client-2265A94AA220->localhost_10000@group-03E665A0CE68, cid=42, FAILED org.apache.ratis.protocol.LeaderNotReadyException: localhost_10000@group-03E665A0CE68 is in LEADER state but not ready yet., logIndex=0, commits[localhost_10000:c-1, localhost_10002:c-1, localhost_10001:c-1]
2019-09-24 12:19:54,754 INFO  client.GrpcClientProtocolService (GrpcClientProtocolService.java:lambda$processClientRequest$0(278)) - Failed RaftClientRequest:client-2265A94AA220->localhost_10000@group-03E665A0CE68, cid=42, seq=0, RW, Message:321f0a0f0a0d74657374...(size=33), reply=RaftClientReply:client-2265A94AA220->localhost_10000@group-03E665A0CE68, cid=42, FAILED org.apache.ratis.protocol.LeaderNotReadyException: localhost_10000@group-03E665A0CE68 is in LEADER state but not ready yet., logIndex=0, commits[localhost_10000:c-1, localhost_10002:c-1, localhost_10001:c-1]
2019-09-24 12:19:54,755 INFO  client.GrpcClientProtocolService (GrpcClientProtocolService.java:lambda$processClientRequest$0(278)) - Failed RaftClientRequest:client-2265A94AA220->localhost_10000@group-03E665A0CE68, cid=42, seq=0, RW, Message:321f0a0f0a0d74657374...(size=33), reply=RaftClientReply:client-2265A94AA220->localhost_10000@group-03E665A0CE68, cid=42, FAILED org.apache.ratis.protocol.LeaderNotReadyException: localhost_10000@group-03E665A0CE68 is in LEADER state but not ready yet., logIndex=0, commits[localhost_10000:c-1, localhost_10002:c-1, localhost_10001:c-1]
2019-09-24 12:19:54,755 INFO  client.GrpcClientProtocolService (GrpcClientProtocolService.java:lambda$processClientRequest$0(278)) - Failed RaftClientRequest:client-2265A94AA220->localhost_10000@group-03E665A0CE68, cid=42, seq=0, RW, Message:321f0a0f0a0d74657374...(size=33), reply=RaftClientReply:client-2265A94AA220->localhost_10000@group-03E665A0CE68, cid=42, FAILED org.apache.ratis.protocol.LeaderNotReadyException: localhost_10000@group-03E665A0CE68 is in LEADER state but not ready yet., logIndex=0, commits[localhost_10000:c-1, localhost_10002:c-1, localhost_10001:c-1]
2019-09-24 12:19:54,756 INFO  client.GrpcClientProtocolService (GrpcClientProtocolService.java:lambda$processClientRequest$0(278)) - Failed RaftClientRequest:client-2265A94AA220->localhost_10000@group-03E665A0CE68, cid=42, seq=0, RW, Message:321f0a0f0a0d74657374...(size=33), reply=RaftClientReply:client-2265A94AA220->localhost_10000@group-03E665A0CE68, cid=42, FAILED org.apache.ratis.protocol.LeaderNotReadyException: localhost_10000@group-03E665A0CE68 is in LEADER state but not ready yet., logIndex=0, commits[localhost_10000:c-1, localhost_10002:c-1, localhost_10001:c-1]
2019-09-24 12:19:54,757 INFO  client.GrpcClientProtocolService (GrpcClientProtocolService.java:lambda$processClientRequest$0(278)) - Failed RaftClientRequest:client-2265A94AA220->localhost_10000@group-03E665A0CE68, cid=42, seq=0, RW, Message:321f0a0f0a0d74657374...(size=33), reply=RaftClientReply:client-2265A94AA220->localhost_10000@group-03E665A0CE68, cid=42, FAILED org.apache.ratis.protocol.LeaderNotReadyException: localhost_10000@group-03E665A0CE68 is in LEADER state but not ready yet., logIndex=0, commits[localhost_10000:c-1, localhost_10002:c-1, localhost_10001:c-1]
2019-09-24 12:19:54,758 INFO  client.GrpcClientProtocolService (GrpcClientProtocolService.java:lambda$processClientRequest$0(278)) - Failed RaftClientRequest:client-2265A94AA220->localhost_10000@group-03E665A0CE68, cid=42, seq=0, RW, Message:321f0a0f0a0d74657374...(size=33), reply=RaftClientReply:client-2265A94AA220->localhost_10000@group-03E665A0CE68, cid=42, FAILED org.apache.ratis.protocol.LeaderNotReadyException: localhost_10000@group-03E665A0CE68 is in LEADER state but not ready yet., logIndex=0, commits[localhost_10000:c-1, localhost_10002:c-1, localhost_10001:c-1]
2019-09-24 12:19:54,759 INFO  client.GrpcClientProtocolService (GrpcClientProtocolService.java:lambda$processClientRequest$0(278)) - Failed RaftClientRequest:client-2265A94AA220->localhost_10000@group-03E665A0CE68, cid=42, seq=0, RW, Message:321f0a0f0a0d74657374...(size=33), reply=RaftClientReply:client-2265A94AA220->localhost_10000@group-03E665A0CE68, cid=42, FAILED org.apache.ratis.protocol.LeaderNotReadyException: localhost_10000@group-03E665A0CE68 is in LEADER state but not ready yet., logIndex=0, commits[localhost_10000:c-1, localhost_10002:c-1, localhost_10001:c-1]
2019-09-24 12:19:54,760 INFO  client.GrpcClientProtocolService (GrpcClientProtocolService.java:lambda$processClientRequest$0(278)) - Failed RaftClientRequest:client-2265A94AA220->localhost_10000@group-03E665A0CE68, cid=42, seq=0, RW, Message:321f0a0f0a0d74657374...(size=33), reply=RaftClientReply:client-2265A94AA220->localhost_10000@group-03E665A0CE68, cid=42, FAILED org.apache.ratis.protocol.LeaderNotReadyException: localhost_10000@group-03E665A0CE68 is in LEADER state but not ready yet., logIndex=0, commits[localhost_10000:c-1, localhost_10002:c-1, localhost_10001:c-1]
2019-09-24 12:19:54,761 INFO  client.GrpcClientProtocolService (GrpcClientProtocolService.java:lambda$processClientRequest$0(278)) - Failed RaftClientRequest:client-2265A94AA220->localhost_10000@group-03E665A0CE68, cid=42, seq=0, RW, Message:321f0a0f0a0d74657374...(size=33), reply=RaftClientReply:client-2265A94AA220->localhost_10000@group-03E665A0CE68, cid=42, FAILED org.apache.ratis.protocol.LeaderNotReadyException: localhost_10000@group-03E665A0CE68 is in LEADER state but not ready yet., logIndex=0, commits[localhost_10000:c-1, localhost_10002:c-1, localhost_10001:c-1]
2019-09-24 12:19:54,762 INFO  client.GrpcClientProtocolService (GrpcClientProtocolService.java:lambda$processClientRequest$0(278)) - Failed RaftClientRequest:client-2265A94AA220->localhost_10000@group-03E665A0CE68, cid=42, seq=0, RW, Message:321f0a0f0a0d74657374...(size=33), reply=RaftClientReply:client-2265A94AA220->localhost_10000@group-03E665A0CE68, cid=42, FAILED org.apache.ratis.protocol.LeaderNotReadyException: localhost_10000@group-03E665A0CE68 is in LEADER state but not ready yet., logIndex=0, commits[localhost_10000:c-1, localhost_10002:c-1, localhost_10001:c-1]
2019-09-24 12:19:54,763 INFO  client.GrpcClientProtocolService (GrpcClientProtocolService.java:lambda$processClientRequest$0(278)) - Failed RaftClientRequest:client-2265A94AA220->localhost_10000@group-03E665A0CE68, cid=42, seq=0, RW, Message:321f0a0f0a0d74657374...(size=33), reply=RaftClientReply:client-2265A94AA220->localhost_10000@group-03E665A0CE68, cid=42, FAILED org.apache.ratis.protocol.LeaderNotReadyException: localhost_10000@group-03E665A0CE68 is in LEADER state but not ready yet., logIndex=0, commits[localhost_10000:c-1, localhost_10002:c-1, localhost_10001:c-1]
2019-09-24 12:19:54,764 INFO  client.GrpcClientProtocolService (GrpcClientProtocolService.java:lambda$processClientRequest$0(278)) - Failed RaftClientRequest:client-2265A94AA220->localhost_10000@group-03E665A0CE68, cid=42, seq=0, RW, Message:321f0a0f0a0d74657374...(size=33), reply=RaftClientReply:client-2265A94AA220->localhost_10000@group-03E665A0CE68, cid=42, FAILED org.apache.ratis.protocol.LeaderNotReadyException: localhost_10000@group-03E665A0CE68 is in LEADER state but not ready yet., logIndex=0, commits[localhost_10000:c-1, localhost_10002:c-1, localhost_10001:c-1]
2019-09-24 12:19:54,765 INFO  client.GrpcClientProtocolService (GrpcClientProtocolService.java:lambda$processClientRequest$0(278)) - Failed RaftClientRequest:client-2265A94AA220->localhost_10000@group-03E665A0CE68, cid=42, seq=0, RW, Message:321f0a0f0a0d74657374...(size=33), reply=RaftClientReply:client-2265A94AA220->localhost_10000@group-03E665A0CE68, cid=42, FAILED org.apache.ratis.protocol.LeaderNotReadyException: localhost_10000@group-03E665A0CE68 is in LEADER state but not ready yet., logIndex=0, commits[localhost_10000:c-1, localhost_10002:c-1, localhost_10001:c-1]
2019-09-24 12:19:54,766 INFO  client.GrpcClientProtocolService (GrpcClientProtocolService.java:lambda$processClientRequest$0(278)) - Failed RaftClientRequest:client-2265A94AA220->localhost_10000@group-03E665A0CE68, cid=42, seq=0, RW, Message:321f0a0f0a0d74657374...(size=33), reply=RaftClientReply:client-2265A94AA220->localhost_10000@group-03E665A0CE68, cid=42, FAILED org.apache.ratis.protocol.LeaderNotReadyException: localhost_10000@group-03E665A0CE68 is in LEADER state but not ready yet., logIndex=0, commits[localhost_10000:c-1, localhost_10002:c-1, localhost_10001:c-1]
2019-09-24 12:19:54,767 INFO  client.GrpcClientProtocolService (GrpcClientProtocolService.java:lambda$processClientRequest$0(278)) - Failed RaftClientRequest:client-2265A94AA220->localhost_10000@group-03E665A0CE68, cid=42, seq=0, RW, Message:321f0a0f0a0d74657374...(size=33), reply=RaftClientReply:client-2265A94AA220->localhost_10000@group-03E665A0CE68, cid=42, FAILED org.apache.ratis.protocol.LeaderNotReadyException: localhost_10000@group-03E665A0CE68 is in LEADER state but not ready yet., logIndex=0, commits[localhost_10000:c-1, localhost_10002:c-1, localhost_10001:c-1]
2019-09-24 12:19:54,767 INFO  client.GrpcClientProtocolService (GrpcClientProtocolService.java:lambda$processClientRequest$0(278)) - Failed RaftClientRequest:client-2265A94AA220->localhost_10000@group-03E665A0CE68, cid=42, seq=0, RW, Message:321f0a0f0a0d74657374...(size=33), reply=RaftClientReply:client-2265A94AA220->localhost_10000@group-03E665A0CE68, cid=42, FAILED org.apache.ratis.protocol.LeaderNotReadyException: localhost_10000@group-03E665A0CE68 is in LEADER state but not ready yet., logIndex=0, commits[localhost_10000:c-1, localhost_10002:c-1, localhost_10001:c-1]
2019-09-24 12:19:54,768 INFO  client.GrpcClientProtocolService (GrpcClientProtocolService.java:lambda$processClientRequest$0(278)) - Failed RaftClientRequest:client-2265A94AA220->localhost_10000@group-03E665A0CE68, cid=42, seq=0, RW, Message:321f0a0f0a0d74657374...(size=33), reply=RaftClientReply:client-2265A94AA220->localhost_10000@group-03E665A0CE68, cid=42, FAILED org.apache.ratis.protocol.LeaderNotReadyException: localhost_10000@group-03E665A0CE68 is in LEADER state but not ready yet., logIndex=0, commits[localhost_10000:c-1, localhost_10002:c-1, localhost_10001:c-1]
2019-09-24 12:19:54,769 INFO  client.GrpcClientProtocolService (GrpcClientProtocolService.java:lambda$processClientRequest$0(278)) - Failed RaftClientRequest:client-2265A94AA220->localhost_10000@group-03E665A0CE68, cid=42, seq=0, RW, Message:321f0a0f0a0d74657374...(size=33), reply=RaftClientReply:client-2265A94AA220->localhost_10000@group-03E665A0CE68, cid=42, FAILED org.apache.ratis.protocol.LeaderNotReadyException: localhost_10000@group-03E665A0CE68 is in LEADER state but not ready yet., logIndex=0, commits[localhost_10000:c-1, localhost_10002:c-1, localhost_10001:c-1]
2019-09-24 12:19:54,770 INFO  client.GrpcClientProtocolService (GrpcClientProtocolService.java:lambda$processClientRequest$0(278)) - Failed RaftClientRequest:client-2265A94AA220->localhost_10000@group-03E665A0CE68, cid=42, seq=0, RW, Message:321f0a0f0a0d74657374...(size=33), reply=RaftClientReply:client-2265A94AA220->localhost_10000@group-03E665A0CE68, cid=42, FAILED org.apache.ratis.protocol.LeaderNotReadyException: localhost_10000@group-03E665A0CE68 is in LEADER state but not ready yet., logIndex=0, commits[localhost_10000:c-1, localhost_10002:c-1, localhost_10001:c-1]
2019-09-24 12:19:54,771 INFO  client.GrpcClientProtocolService (GrpcClientProtocolService.java:lambda$processClientRequest$0(278)) - Failed RaftClientRequest:client-2265A94AA220->localhost_10000@group-03E665A0CE68, cid=42, seq=0, RW, Message:321f0a0f0a0d74657374...(size=33), reply=RaftClientReply:client-2265A94AA220->localhost_10000@group-03E665A0CE68, cid=42, FAILED org.apache.ratis.protocol.LeaderNotReadyException: localhost_10000@group-03E665A0CE68 is in LEADER state but not ready yet., logIndex=0, commits[localhost_10000:c-1, localhost_10002:c-1, localhost_10001:c-1]
2019-09-24 12:19:54,772 INFO  client.GrpcClientProtocolService (GrpcClientProtocolService.java:lambda$processClientRequest$0(278)) - Failed RaftClientRequest:client-2265A94AA220->localhost_10000@group-03E665A0CE68, cid=42, seq=0, RW, Message:321f0a0f0a0d74657374...(size=33), reply=RaftClientReply:client-2265A94AA220->localhost_10000@group-03E665A0CE68, cid=42, FAILED org.apache.ratis.protocol.LeaderNotReadyException: localhost_10000@group-03E665A0CE68 is in LEADER state but not ready yet., logIndex=0, commits[localhost_10000:c-1, localhost_10002:c-1, localhost_10001:c-1]
2019-09-24 12:19:54,772 INFO  client.GrpcClientProtocolService (GrpcClientProtocolService.java:lambda$processClientRequest$0(278)) - Failed RaftClientRequest:client-2265A94AA220->localhost_10000@group-03E665A0CE68, cid=42, seq=0, RW, Message:321f0a0f0a0d74657374...(size=33), reply=RaftClientReply:client-2265A94AA220->localhost_10000@group-03E665A0CE68, cid=42, FAILED org.apache.ratis.protocol.LeaderNotReadyException: localhost_10000@group-03E665A0CE68 is in LEADER state but not ready yet., logIndex=0, commits[localhost_10000:c-1, localhost_10002:c-1, localhost_10001:c-1]
2019-09-24 12:19:54,773 INFO  client.GrpcClientProtocolService (GrpcClientProtocolService.java:lambda$processClientRequest$0(278)) - Failed RaftClientRequest:client-2265A94AA220->localhost_10000@group-03E665A0CE68, cid=42, seq=0, RW, Message:321f0a0f0a0d74657374...(size=33), reply=RaftClientReply:client-2265A94AA220->localhost_10000@group-03E665A0CE68, cid=42, FAILED org.apache.ratis.protocol.LeaderNotReadyException: localhost_10000@group-03E665A0CE68 is in LEADER state but not ready yet., logIndex=0, commits[localhost_10000:c-1, localhost_10002:c-1, localhost_10001:c-1]
2019-09-24 12:19:54,774 INFO  client.GrpcClientProtocolService (GrpcClientProtocolService.java:lambda$processClientRequest$0(278)) - Failed RaftClientRequest:client-2265A94AA220->localhost_10000@group-03E665A0CE68, cid=42, seq=0, RW, Message:321f0a0f0a0d74657374...(size=33), reply=RaftClientReply:client-2265A94AA220->localhost_10000@group-03E665A0CE68, cid=42, FAILED org.apache.ratis.protocol.LeaderNotReadyException: localhost_10000@group-03E665A0CE68 is in LEADER state but not ready yet., logIndex=0, commits[localhost_10000:c-1, localhost_10002:c-1, localhost_10001:c-1]
2019-09-24 12:19:54,775 INFO  client.GrpcClientProtocolService (GrpcClientProtocolService.java:lambda$processClientRequest$0(278)) - Failed RaftClientRequest:client-2265A94AA220->localhost_10000@group-03E665A0CE68, cid=42, seq=0, RW, Message:321f0a0f0a0d74657374...(size=33), reply=RaftClientReply:client-2265A94AA220->localhost_10000@group-03E665A0CE68, cid=42, FAILED org.apache.ratis.protocol.LeaderNotReadyException: localhost_10000@group-03E665A0CE68 is in LEADER state but not ready yet., logIndex=0, commits[localhost_10000:c-1, localhost_10002:c-1, localhost_10001:c-1]
2019-09-24 12:19:54,776 INFO  client.GrpcClientProtocolService (GrpcClientProtocolService.java:lambda$processClientRequest$0(278)) - Failed RaftClientRequest:client-2265A94AA220->localhost_10000@group-03E665A0CE68, cid=42, seq=0, RW, Message:321f0a0f0a0d74657374...(size=33), reply=RaftClientReply:client-2265A94AA220->localhost_10000@group-03E665A0CE68, cid=42, FAILED org.apache.ratis.protocol.LeaderNotReadyException: localhost_10000@group-03E665A0CE68 is in LEADER state but not ready yet., logIndex=0, commits[localhost_10000:c-1, localhost_10002:c-1, localhost_10001:c-1]
2019-09-24 12:19:54,777 INFO  client.GrpcClientProtocolService (GrpcClientProtocolService.java:lambda$processClientRequest$0(278)) - Failed RaftClientRequest:client-2265A94AA220->localhost_10000@group-03E665A0CE68, cid=42, seq=0, RW, Message:321f0a0f0a0d74657374...(size=33), reply=RaftClientReply:client-2265A94AA220->localhost_10000@group-03E665A0CE68, cid=42, FAILED org.apache.ratis.protocol.LeaderNotReadyException: localhost_10000@group-03E665A0CE68 is in LEADER state but not ready yet., logIndex=0, commits[localhost_10000:c-1, localhost_10002:c-1, localhost_10001:c-1]
2019-09-24 12:19:54,777 INFO  client.GrpcClientProtocolService (GrpcClientProtocolService.java:lambda$processClientRequest$0(278)) - Failed RaftClientRequest:client-2265A94AA220->localhost_10000@group-03E665A0CE68, cid=42, seq=0, RW, Message:321f0a0f0a0d74657374...(size=33), reply=RaftClientReply:client-2265A94AA220->localhost_10000@group-03E665A0CE68, cid=42, FAILED org.apache.ratis.protocol.LeaderNotReadyException: localhost_10000@group-03E665A0CE68 is in LEADER state but not ready yet., logIndex=0, commits[localhost_10000:c-1, localhost_10002:c-1, localhost_10001:c-1]
2019-09-24 12:19:54,778 INFO  client.GrpcClientProtocolService (GrpcClientProtocolService.java:lambda$processClientRequest$0(278)) - Failed RaftClientRequest:client-2265A94AA220->localhost_10000@group-03E665A0CE68, cid=42, seq=0, RW, Message:321f0a0f0a0d74657374...(size=33), reply=RaftClientReply:client-2265A94AA220->localhost_10000@group-03E665A0CE68, cid=42, FAILED org.apache.ratis.protocol.LeaderNotReadyException: localhost_10000@group-03E665A0CE68 is in LEADER state but not ready yet., logIndex=0, commits[localhost_10000:c-1, localhost_10002:c-1, localhost_10001:c-1]
2019-09-24 12:19:54,779 INFO  client.GrpcClientProtocolService (GrpcClientProtocolService.java:lambda$processClientRequest$0(278)) - Failed RaftClientRequest:client-2265A94AA220->localhost_10000@group-03E665A0CE68, cid=42, seq=0, RW, Message:321f0a0f0a0d74657374...(size=33), reply=RaftClientReply:client-2265A94AA220->localhost_10000@group-03E665A0CE68, cid=42, FAILED org.apache.ratis.protocol.LeaderNotReadyException: localhost_10000@group-03E665A0CE68 is in LEADER state but not ready yet., logIndex=0, commits[localhost_10000:c-1, localhost_10002:c-1, localhost_10001:c-1]
2019-09-24 12:19:54,780 INFO  client.GrpcClientProtocolService (GrpcClientProtocolService.java:lambda$processClientRequest$0(278)) - Failed RaftClientRequest:client-2265A94AA220->localhost_10000@group-03E665A0CE68, cid=42, seq=0, RW, Message:321f0a0f0a0d74657374...(size=33), reply=RaftClientReply:client-2265A94AA220->localhost_10000@group-03E665A0CE68, cid=42, FAILED org.apache.ratis.protocol.LeaderNotReadyException: localhost_10000@group-03E665A0CE68 is in LEADER state but not ready yet., logIndex=0, commits[localhost_10000:c-1, localhost_10002:c-1, localhost_10001:c-1]
2019-09-24 12:19:54,781 INFO  client.GrpcClientProtocolService (GrpcClientProtocolService.java:lambda$processClientRequest$0(278)) - Failed RaftClientRequest:client-2265A94AA220->localhost_10000@group-03E665A0CE68, cid=42, seq=0, RW, Message:321f0a0f0a0d74657374...(size=33), reply=RaftClientReply:client-2265A94AA220->localhost_10000@group-03E665A0CE68, cid=42, FAILED org.apache.ratis.protocol.LeaderNotReadyException: localhost_10000@group-03E665A0CE68 is in LEADER state but not ready yet., logIndex=0, commits[localhost_10000:c-1, localhost_10002:c-1, localhost_10001:c-1]
2019-09-24 12:19:54,782 INFO  client.GrpcClientProtocolService (GrpcClientProtocolService.java:lambda$processClientRequest$0(278)) - Failed RaftClientRequest:client-2265A94AA220->localhost_10000@group-03E665A0CE68, cid=42, seq=0, RW, Message:321f0a0f0a0d74657374...(size=33), reply=RaftClientReply:client-2265A94AA220->localhost_10000@group-03E665A0CE68, cid=42, FAILED org.apache.ratis.protocol.LeaderNotReadyException: localhost_10000@group-03E665A0CE68 is in LEADER state but not ready yet., logIndex=0, commits[localhost_10000:c-1, localhost_10002:c-1, localhost_10001:c-1]
2019-09-24 12:19:54,782 INFO  client.GrpcClientProtocolService (GrpcClientProtocolService.java:lambda$processClientRequest$0(278)) - Failed RaftClientRequest:client-2265A94AA220->localhost_10000@group-03E665A0CE68, cid=42, seq=0, RW, Message:321f0a0f0a0d74657374...(size=33), reply=RaftClientReply:client-2265A94AA220->localhost_10000@group-03E665A0CE68, cid=42, FAILED org.apache.ratis.protocol.LeaderNotReadyException: localhost_10000@group-03E665A0CE68 is in LEADER state but not ready yet., logIndex=0, commits[localhost_10000:c-1, localhost_10002:c-1, localhost_10001:c-1]
2019-09-24 12:19:54,783 INFO  client.GrpcClientProtocolService (GrpcClientProtocolService.java:lambda$processClientRequest$0(278)) - Failed RaftClientRequest:client-2265A94AA220->localhost_10000@group-03E665A0CE68, cid=42, seq=0, RW, Message:321f0a0f0a0d74657374...(size=33), reply=RaftClientReply:client-2265A94AA220->localhost_10000@group-03E665A0CE68, cid=42, FAILED org.apache.ratis.protocol.LeaderNotReadyException: localhost_10000@group-03E665A0CE68 is in LEADER state but not ready yet., logIndex=0, commits[localhost_10000:c-1, localhost_10002:c-1, localhost_10001:c-1]
2019-09-24 12:19:54,784 INFO  client.GrpcClientProtocolService (GrpcClientProtocolService.java:lambda$processClientRequest$0(278)) - Failed RaftClientRequest:client-2265A94AA220->localhost_10000@group-03E665A0CE68, cid=42, seq=0, RW, Message:321f0a0f0a0d74657374...(size=33), reply=RaftClientReply:client-2265A94AA220->localhost_10000@group-03E665A0CE68, cid=42, FAILED org.apache.ratis.protocol.LeaderNotReadyException: localhost_10000@group-03E665A0CE68 is in LEADER state but not ready yet., logIndex=0, commits[localhost_10000:c-1, localhost_10002:c-1, localhost_10001:c-1]
2019-09-24 12:19:54,785 INFO  client.GrpcClientProtocolService (GrpcClientProtocolService.java:lambda$processClientRequest$0(278)) - Failed RaftClientRequest:client-2265A94AA220->localhost_10000@group-03E665A0CE68, cid=42, seq=0, RW, Message:321f0a0f0a0d74657374...(size=33), reply=RaftClientReply:client-2265A94AA220->localhost_10000@group-03E665A0CE68, cid=42, FAILED org.apache.ratis.protocol.LeaderNotReadyException: localhost_10000@group-03E665A0CE68 is in LEADER state but not ready yet., logIndex=0, commits[localhost_10000:c-1, localhost_10002:c-1, localhost_10001:c-1]
2019-09-24 12:19:54,786 INFO  client.GrpcClientProtocolService (GrpcClientProtocolService.java:lambda$processClientRequest$0(278)) - Failed RaftClientRequest:client-2265A94AA220->localhost_10000@group-03E665A0CE68, cid=42, seq=0, RW, Message:321f0a0f0a0d74657374...(size=33), reply=RaftClientReply:client-2265A94AA220->localhost_10000@group-03E665A0CE68, cid=42, FAILED org.apache.ratis.protocol.LeaderNotReadyException: localhost_10000@group-03E665A0CE68 is in LEADER state but not ready yet., logIndex=0, commits[localhost_10000:c-1, localhost_10002:c-1, localhost_10001:c-1]
2019-09-24 12:19:54,786 INFO  client.GrpcClientProtocolService (GrpcClientProtocolService.java:lambda$processClientRequest$0(278)) - Failed RaftClientRequest:client-2265A94AA220->localhost_10000@group-03E665A0CE68, cid=42, seq=0, RW, Message:321f0a0f0a0d74657374...(size=33), reply=RaftClientReply:client-2265A94AA220->localhost_10000@group-03E665A0CE68, cid=42, FAILED org.apache.ratis.protocol.LeaderNotReadyException: localhost_10000@group-03E665A0CE68 is in LEADER state but not ready yet., logIndex=0, commits[localhost_10000:c-1, localhost_10002:c-1, localhost_10001:c-1]
2019-09-24 12:19:54,787 INFO  client.GrpcClientProtocolService (GrpcClientProtocolService.java:lambda$processClientRequest$0(278)) - Failed RaftClientRequest:client-2265A94AA220->localhost_10000@group-03E665A0CE68, cid=42, seq=0, RW, Message:321f0a0f0a0d74657374...(size=33), reply=RaftClientReply:client-2265A94AA220->localhost_10000@group-03E665A0CE68, cid=42, FAILED org.apache.ratis.protocol.LeaderNotReadyException: localhost_10000@group-03E665A0CE68 is in LEADER state but not ready yet., logIndex=0, commits[localhost_10000:c-1, localhost_10002:c-1, localhost_10001:c-1]
2019-09-24 12:19:54,788 INFO  client.GrpcClientProtocolService (GrpcClientProtocolService.java:lambda$processClientRequest$0(278)) - Failed RaftClientRequest:client-2265A94AA220->localhost_10000@group-03E665A0CE68, cid=42, seq=0, RW, Message:321f0a0f0a0d74657374...(size=33), reply=RaftClientReply:client-2265A94AA220->localhost_10000@group-03E665A0CE68, cid=42, FAILED org.apache.ratis.protocol.LeaderNotReadyException: localhost_10000@group-03E665A0CE68 is in LEADER state but not ready yet., logIndex=0, commits[localhost_10000:c-1, localhost_10002:c-1, localhost_10001:c-1]
2019-09-24 12:19:54,789 INFO  client.GrpcClientProtocolService (GrpcClientProtocolService.java:lambda$processClientRequest$0(278)) - Failed RaftClientRequest:client-2265A94AA220->localhost_10000@group-03E665A0CE68, cid=42, seq=0, RW, Message:321f0a0f0a0d74657374...(size=33), reply=RaftClientReply:client-2265A94AA220->localhost_10000@group-03E665A0CE68, cid=42, FAILED org.apache.ratis.protocol.LeaderNotReadyException: localhost_10000@group-03E665A0CE68 is in LEADER state but not ready yet., logIndex=0, commits[localhost_10000:c-1, localhost_10002:c-1, localhost_10001:c-1]
2019-09-24 12:19:54,790 INFO  client.GrpcClientProtocolService (GrpcClientProtocolService.java:lambda$processClientRequest$0(278)) - Failed RaftClientRequest:client-2265A94AA220->localhost_10000@group-03E665A0CE68, cid=42, seq=0, RW, Message:321f0a0f0a0d74657374...(size=33), reply=RaftClientReply:client-2265A94AA220->localhost_10000@group-03E665A0CE68, cid=42, FAILED org.apache.ratis.protocol.LeaderNotReadyException: localhost_10000@group-03E665A0CE68 is in LEADER state but not ready yet., logIndex=0, commits[localhost_10000:c-1, localhost_10002:c-1, localhost_10001:c-1]
2019-09-24 12:19:54,790 INFO  client.GrpcClientProtocolService (GrpcClientProtocolService.java:lambda$processClientRequest$0(278)) - Failed RaftClientRequest:client-2265A94AA220->localhost_10000@group-03E665A0CE68, cid=42, seq=0, RW, Message:321f0a0f0a0d74657374...(size=33), reply=RaftClientReply:client-2265A94AA220->localhost_10000@group-03E665A0CE68, cid=42, FAILED org.apache.ratis.protocol.LeaderNotReadyException: localhost_10000@group-03E665A0CE68 is in LEADER state but not ready yet., logIndex=0, commits[localhost_10000:c-1, localhost_10002:c-1, localhost_10001:c-1]
2019-09-24 12:19:54,791 INFO  client.GrpcClientProtocolService (GrpcClientProtocolService.java:lambda$processClientRequest$0(278)) - Failed RaftClientRequest:client-2265A94AA220->localhost_10000@group-03E665A0CE68, cid=42, seq=0, RW, Message:321f0a0f0a0d74657374...(size=33), reply=RaftClientReply:client-2265A94AA220->localhost_10000@group-03E665A0CE68, cid=42, FAILED org.apache.ratis.protocol.LeaderNotReadyException: localhost_10000@group-03E665A0CE68 is in LEADER state but not ready yet., logIndex=0, commits[localhost_10000:c-1, localhost_10002:c-1, localhost_10001:c-1]
2019-09-24 12:19:54,792 INFO  client.GrpcClientProtocolService (GrpcClientProtocolService.java:lambda$processClientRequest$0(278)) - Failed RaftClientRequest:client-2265A94AA220->localhost_10000@group-03E665A0CE68, cid=42, seq=0, RW, Message:321f0a0f0a0d74657374...(size=33), reply=RaftClientReply:client-2265A94AA220->localhost_10000@group-03E665A0CE68, cid=42, FAILED org.apache.ratis.protocol.LeaderNotReadyException: localhost_10000@group-03E665A0CE68 is in LEADER state but not ready yet., logIndex=0, commits[localhost_10000:c-1, localhost_10002:c-1, localhost_10001:c-1]
2019-09-24 12:19:54,793 INFO  client.GrpcClientProtocolService (GrpcClientProtocolService.java:lambda$processClientRequest$0(278)) - Failed RaftClientRequest:client-2265A94AA220->localhost_10000@group-03E665A0CE68, cid=42, seq=0, RW, Message:321f0a0f0a0d74657374...(size=33), reply=RaftClientReply:client-2265A94AA220->localhost_10000@group-03E665A0CE68, cid=42, FAILED org.apache.ratis.protocol.LeaderNotReadyException: localhost_10000@group-03E665A0CE68 is in LEADER state but not ready yet., logIndex=0, commits[localhost_10000:c-1, localhost_10002:c-1, localhost_10001:c-1]
2019-09-24 12:19:54,793 INFO  client.GrpcClientProtocolService (GrpcClientProtocolService.java:lambda$processClientRequest$0(278)) - Failed RaftClientRequest:client-2265A94AA220->localhost_10000@group-03E665A0CE68, cid=42, seq=0, RW, Message:321f0a0f0a0d74657374...(size=33), reply=RaftClientReply:client-2265A94AA220->localhost_10000@group-03E665A0CE68, cid=42, FAILED org.apache.ratis.protocol.LeaderNotReadyException: localhost_10000@group-03E665A0CE68 is in LEADER state but not ready yet., logIndex=0, commits[localhost_10000:c-1, localhost_10002:c-1, localhost_10001:c-1]
2019-09-24 12:19:54,794 INFO  client.GrpcClientProtocolService (GrpcClientProtocolService.java:lambda$processClientRequest$0(278)) - Failed RaftClientRequest:client-2265A94AA220->localhost_10000@group-03E665A0CE68, cid=42, seq=0, RW, Message:321f0a0f0a0d74657374...(size=33), reply=RaftClientReply:client-2265A94AA220->localhost_10000@group-03E665A0CE68, cid=42, FAILED org.apache.ratis.protocol.LeaderNotReadyException: localhost_10000@group-03E665A0CE68 is in LEADER state but not ready yet., logIndex=0, commits[localhost_10000:c-1, localhost_10002:c-1, localhost_10001:c-1]
2019-09-24 12:19:54,795 INFO  client.GrpcClientProtocolService (GrpcClientProtocolService.java:lambda$processClientRequest$0(278)) - Failed RaftClientRequest:client-2265A94AA220->localhost_10000@group-03E665A0CE68, cid=42, seq=0, RW, Message:321f0a0f0a0d74657374...(size=33), reply=RaftClientReply:client-2265A94AA220->localhost_10000@group-03E665A0CE68, cid=42, FAILED org.apache.ratis.protocol.LeaderNotReadyException: localhost_10000@group-03E665A0CE68 is in LEADER state but not ready yet., logIndex=0, commits[localhost_10000:c-1, localhost_10002:c-1, localhost_10001:c-1]
2019-09-24 12:19:54,796 INFO  client.GrpcClientProtocolService (GrpcClientProtocolService.java:lambda$processClientRequest$0(278)) - Failed RaftClientRequest:client-2265A94AA220->localhost_10000@group-03E665A0CE68, cid=42, seq=0, RW, Message:321f0a0f0a0d74657374...(size=33), reply=RaftClientReply:client-2265A94AA220->localhost_10000@group-03E665A0CE68, cid=42, FAILED org.apache.ratis.protocol.LeaderNotReadyException: localhost_10000@group-03E665A0CE68 is in LEADER state but not ready yet., logIndex=0, commits[localhost_10000:c-1, localhost_10002:c-1, localhost_10001:c-1]
2019-09-24 12:19:54,796 INFO  client.GrpcClientProtocolService (GrpcClientProtocolService.java:lambda$processClientRequest$0(278)) - Failed RaftClientRequest:client-2265A94AA220->localhost_10000@group-03E665A0CE68, cid=42, seq=0, RW, Message:321f0a0f0a0d74657374...(size=33), reply=RaftClientReply:client-2265A94AA220->localhost_10000@group-03E665A0CE68, cid=42, FAILED org.apache.ratis.protocol.LeaderNotReadyException: localhost_10000@group-03E665A0CE68 is in LEADER state but not ready yet., logIndex=0, commits[localhost_10000:c-1, localhost_10002:c-1, localhost_10001:c-1]
2019-09-24 12:19:54,797 INFO  client.GrpcClientProtocolService (GrpcClientProtocolService.java:lambda$processClientRequest$0(278)) - Failed RaftClientRequest:client-2265A94AA220->localhost_10000@group-03E665A0CE68, cid=42, seq=0, RW, Message:321f0a0f0a0d74657374...(size=33), reply=RaftClientReply:client-2265A94AA220->localhost_10000@group-03E665A0CE68, cid=42, FAILED org.apache.ratis.protocol.LeaderNotReadyException: localhost_10000@group-03E665A0CE68 is in LEADER state but not ready yet., logIndex=0, commits[localhost_10000:c-1, localhost_10002:c-1, localhost_10001:c-1]
2019-09-24 12:19:54,798 INFO  client.GrpcClientProtocolService (GrpcClientProtocolService.java:lambda$processClientRequest$0(278)) - Failed RaftClientRequest:client-2265A94AA220->localhost_10000@group-03E665A0CE68, cid=42, seq=0, RW, Message:321f0a0f0a0d74657374...(size=33), reply=RaftClientReply:client-2265A94AA220->localhost_10000@group-03E665A0CE68, cid=42, FAILED org.apache.ratis.protocol.LeaderNotReadyException: localhost_10000@group-03E665A0CE68 is in LEADER state but not ready yet., logIndex=0, commits[localhost_10000:c-1, localhost_10002:c-1, localhost_10001:c-1]
2019-09-24 12:19:54,799 INFO  client.GrpcClientProtocolService (GrpcClientProtocolService.java:lambda$processClientRequest$0(278)) - Failed RaftClientRequest:client-2265A94AA220->localhost_10000@group-03E665A0CE68, cid=42, seq=0, RW, Message:321f0a0f0a0d74657374...(size=33), reply=RaftClientReply:client-2265A94AA220->localhost_10000@group-03E665A0CE68, cid=42, FAILED org.apache.ratis.protocol.LeaderNotReadyException: localhost_10000@group-03E665A0CE68 is in LEADER state but not ready yet., logIndex=0, commits[localhost_10000:c-1, localhost_10002:c-1, localhost_10001:c-1]
2019-09-24 12:19:54,799 INFO  client.GrpcClientProtocolService (GrpcClientProtocolService.java:lambda$processClientRequest$0(278)) - Failed RaftClientRequest:client-2265A94AA220->localhost_10000@group-03E665A0CE68, cid=42, seq=0, RW, Message:321f0a0f0a0d74657374...(size=33), reply=RaftClientReply:client-2265A94AA220->localhost_10000@group-03E665A0CE68, cid=42, FAILED org.apache.ratis.protocol.LeaderNotReadyException: localhost_10000@group-03E665A0CE68 is in LEADER state but not ready yet., logIndex=0, commits[localhost_10000:c-1, localhost_10002:c-1, localhost_10001:c-1]
2019-09-24 12:19:54,800 INFO  client.GrpcClientProtocolService (GrpcClientProtocolService.java:lambda$processClientRequest$0(278)) - Failed RaftClientRequest:client-2265A94AA220->localhost_10000@group-03E665A0CE68, cid=42, seq=0, RW, Message:321f0a0f0a0d74657374...(size=33), reply=RaftClientReply:client-2265A94AA220->localhost_10000@group-03E665A0CE68, cid=42, FAILED org.apache.ratis.protocol.LeaderNotReadyException: localhost_10000@group-03E665A0CE68 is in LEADER state but not ready yet., logIndex=0, commits[localhost_10000:c-1, localhost_10002:c-1, localhost_10001:c-1]
2019-09-24 12:19:54,801 INFO  client.GrpcClientProtocolService (GrpcClientProtocolService.java:lambda$processClientRequest$0(278)) - Failed RaftClientRequest:client-2265A94AA220->localhost_10000@group-03E665A0CE68, cid=42, seq=0, RW, Message:321f0a0f0a0d74657374...(size=33), reply=RaftClientReply:client-2265A94AA220->localhost_10000@group-03E665A0CE68, cid=42, FAILED org.apache.ratis.protocol.LeaderNotReadyException: localhost_10000@group-03E665A0CE68 is in LEADER state but not ready yet., logIndex=0, commits[localhost_10000:c-1, localhost_10002:c-1, localhost_10001:c-1]
2019-09-24 12:19:54,802 INFO  client.GrpcClientProtocolService (GrpcClientProtocolService.java:lambda$processClientRequest$0(278)) - Failed RaftClientRequest:client-2265A94AA220->localhost_10000@group-03E665A0CE68, cid=42, seq=0, RW, Message:321f0a0f0a0d74657374...(size=33), reply=RaftClientReply:client-2265A94AA220->localhost_10000@group-03E665A0CE68, cid=42, FAILED org.apache.ratis.protocol.LeaderNotReadyException: localhost_10000@group-03E665A0CE68 is in LEADER state but not ready yet., logIndex=0, commits[localhost_10000:c-1, localhost_10002:c-1, localhost_10001:c-1]
2019-09-24 12:19:54,803 INFO  client.GrpcClientProtocolService (GrpcClientProtocolService.java:lambda$processClientRequest$0(278)) - Failed RaftClientRequest:client-2265A94AA220->localhost_10000@group-03E665A0CE68, cid=42, seq=0, RW, Message:321f0a0f0a0d74657374...(size=33), reply=RaftClientReply:client-2265A94AA220->localhost_10000@group-03E665A0CE68, cid=42, FAILED org.apache.ratis.protocol.LeaderNotReadyException: localhost_10000@group-03E665A0CE68 is in LEADER state but not ready yet., logIndex=0, commits[localhost_10000:c-1, localhost_10002:c-1, localhost_10001:c-1]
2019-09-24 12:19:54,803 INFO  client.GrpcClientProtocolService (GrpcClientProtocolService.java:lambda$processClientRequest$0(278)) - Failed RaftClientRequest:client-2265A94AA220->localhost_10000@group-03E665A0CE68, cid=42, seq=0, RW, Message:321f0a0f0a0d74657374...(size=33), reply=RaftClientReply:client-2265A94AA220->localhost_10000@group-03E665A0CE68, cid=42, FAILED org.apache.ratis.protocol.LeaderNotReadyException: localhost_10000@group-03E665A0CE68 is in LEADER state but not ready yet., logIndex=0, commits[localhost_10000:c-1, localhost_10002:c-1, localhost_10001:c-1]
2019-09-24 12:19:54,804 INFO  client.GrpcClientProtocolService (GrpcClientProtocolService.java:lambda$processClientRequest$0(278)) - Failed RaftClientRequest:client-2265A94AA220->localhost_10000@group-03E665A0CE68, cid=42, seq=0, RW, Message:321f0a0f0a0d74657374...(size=33), reply=RaftClientReply:client-2265A94AA220->localhost_10000@group-03E665A0CE68, cid=42, FAILED org.apache.ratis.protocol.LeaderNotReadyException: localhost_10000@group-03E665A0CE68 is in LEADER state but not ready yet., logIndex=0, commits[localhost_10000:c-1, localhost_10002:c-1, localhost_10001:c-1]
2019-09-24 12:19:54,805 INFO  client.GrpcClientProtocolService (GrpcClientProtocolService.java:lambda$processClientRequest$0(278)) - Failed RaftClientRequest:client-2265A94AA220->localhost_10000@group-03E665A0CE68, cid=42, seq=0, RW, Message:321f0a0f0a0d74657374...(size=33), reply=RaftClientReply:client-2265A94AA220->localhost_10000@group-03E665A0CE68, cid=42, FAILED org.apache.ratis.protocol.LeaderNotReadyException: localhost_10000@group-03E665A0CE68 is in LEADER state but not ready yet., logIndex=0, commits[localhost_10000:c-1, localhost_10002:c-1, localhost_10001:c-1]
2019-09-24 12:19:54,806 INFO  client.GrpcClientProtocolService (GrpcClientProtocolService.java:lambda$processClientRequest$0(278)) - Failed RaftClientRequest:client-2265A94AA220->localhost_10000@group-03E665A0CE68, cid=42, seq=0, RW, Message:321f0a0f0a0d74657374...(size=33), reply=RaftClientReply:client-2265A94AA220->localhost_10000@group-03E665A0CE68, cid=42, FAILED org.apache.ratis.protocol.LeaderNotReadyException: localhost_10000@group-03E665A0CE68 is in LEADER state but not ready yet., logIndex=0, commits[localhost_10000:c-1, localhost_10002:c-1, localhost_10001:c-1]
2019-09-24 12:19:54,806 INFO  client.GrpcClientProtocolService (GrpcClientProtocolService.java:lambda$processClientRequest$0(278)) - Failed RaftClientRequest:client-2265A94AA220->localhost_10000@group-03E665A0CE68, cid=42, seq=0, RW, Message:321f0a0f0a0d74657374...(size=33), reply=RaftClientReply:client-2265A94AA220->localhost_10000@group-03E665A0CE68, cid=42, FAILED org.apache.ratis.protocol.LeaderNotReadyException: localhost_10000@group-03E665A0CE68 is in LEADER state but not ready yet., logIndex=0, commits[localhost_10000:c-1, localhost_10002:c-1, localhost_10001:c-1]
2019-09-24 12:19:54,807 INFO  client.GrpcClientProtocolService (GrpcClientProtocolService.java:lambda$processClientRequest$0(278)) - Failed RaftClientRequest:client-2265A94AA220->localhost_10000@group-03E665A0CE68, cid=42, seq=0, RW, Message:321f0a0f0a0d74657374...(size=33), reply=RaftClientReply:client-2265A94AA220->localhost_10000@group-03E665A0CE68, cid=42, FAILED org.apache.ratis.protocol.LeaderNotReadyException: localhost_10000@group-03E665A0CE68 is in LEADER state but not ready yet., logIndex=0, commits[localhost_10000:c-1, localhost_10002:c-1, localhost_10001:c-1]
2019-09-24 12:19:54,808 INFO  client.GrpcClientProtocolService (GrpcClientProtocolService.java:lambda$processClientRequest$0(278)) - Failed RaftClientRequest:client-2265A94AA220->localhost_10000@group-03E665A0CE68, cid=42, seq=0, RW, Message:321f0a0f0a0d74657374...(size=33), reply=RaftClientReply:client-2265A94AA220->localhost_10000@group-03E665A0CE68, cid=42, FAILED org.apache.ratis.protocol.LeaderNotReadyException: localhost_10000@group-03E665A0CE68 is in LEADER state but not ready yet., logIndex=0, commits[localhost_10000:c-1, localhost_10002:c-1, localhost_10001:c-1]
2019-09-24 12:19:54,808 INFO  client.GrpcClientProtocolService (GrpcClientProtocolService.java:lambda$processClientRequest$0(278)) - Failed RaftClientRequest:client-2265A94AA220->localhost_10000@group-03E665A0CE68, cid=42, seq=0, RW, Message:321f0a0f0a0d74657374...(size=33), reply=RaftClientReply:client-2265A94AA220->localhost_10000@group-03E665A0CE68, cid=42, FAILED org.apache.ratis.protocol.LeaderNotReadyException: localhost_10000@group-03E665A0CE68 is in LEADER state but not ready yet., logIndex=0, commits[localhost_10000:c-1, localhost_10002:c-1, localhost_10001:c-1]
2019-09-24 12:19:54,809 INFO  client.GrpcClientProtocolService (GrpcClientProtocolService.java:lambda$processClientRequest$0(278)) - Failed RaftClientRequest:client-2265A94AA220->localhost_10000@group-03E665A0CE68, cid=42, seq=0, RW, Message:321f0a0f0a0d74657374...(size=33), reply=RaftClientReply:client-2265A94AA220->localhost_10000@group-03E665A0CE68, cid=42, FAILED org.apache.ratis.protocol.LeaderNotReadyException: localhost_10000@group-03E665A0CE68 is in LEADER state but not ready yet., logIndex=0, commits[localhost_10000:c-1, localhost_10002:c-1, localhost_10001:c-1]
2019-09-24 12:19:54,810 INFO  client.GrpcClientProtocolService (GrpcClientProtocolService.java:lambda$processClientRequest$0(278)) - Failed RaftClientRequest:client-2265A94AA220->localhost_10000@group-03E665A0CE68, cid=42, seq=0, RW, Message:321f0a0f0a0d74657374...(size=33), reply=RaftClientReply:client-2265A94AA220->localhost_10000@group-03E665A0CE68, cid=42, FAILED org.apache.ratis.protocol.LeaderNotReadyException: localhost_10000@group-03E665A0CE68 is in LEADER state but not ready yet., logIndex=0, commits[localhost_10000:c-1, localhost_10002:c-1, localhost_10001:c-1]
2019-09-24 12:19:54,811 INFO  client.GrpcClientProtocolService (GrpcClientProtocolService.java:lambda$processClientRequest$0(278)) - Failed RaftClientRequest:client-2265A94AA220->localhost_10000@group-03E665A0CE68, cid=42, seq=0, RW, Message:321f0a0f0a0d74657374...(size=33), reply=RaftClientReply:client-2265A94AA220->localhost_10000@group-03E665A0CE68, cid=42, FAILED org.apache.ratis.protocol.LeaderNotReadyException: localhost_10000@group-03E665A0CE68 is in LEADER state but not ready yet., logIndex=0, commits[localhost_10000:c-1, localhost_10002:c-1, localhost_10001:c-1]
2019-09-24 12:19:54,811 INFO  client.GrpcClientProtocolService (GrpcClientProtocolService.java:lambda$processClientRequest$0(278)) - Failed RaftClientRequest:client-2265A94AA220->localhost_10000@group-03E665A0CE68, cid=42, seq=0, RW, Message:321f0a0f0a0d74657374...(size=33), reply=RaftClientReply:client-2265A94AA220->localhost_10000@group-03E665A0CE68, cid=42, FAILED org.apache.ratis.protocol.LeaderNotReadyException: localhost_10000@group-03E665A0CE68 is in LEADER state but not ready yet., logIndex=0, commits[localhost_10000:c-1, localhost_10002:c-1, localhost_10001:c-1]
2019-09-24 12:19:54,812 INFO  client.GrpcClientProtocolService (GrpcClientProtocolService.java:lambda$processClientRequest$0(278)) - Failed RaftClientRequest:client-2265A94AA220->localhost_10000@group-03E665A0CE68, cid=42, seq=0, RW, Message:321f0a0f0a0d74657374...(size=33), reply=RaftClientReply:client-2265A94AA220->localhost_10000@group-03E665A0CE68, cid=42, FAILED org.apache.ratis.protocol.LeaderNotReadyException: localhost_10000@group-03E665A0CE68 is in LEADER state but not ready yet., logIndex=0, commits[localhost_10000:c-1, localhost_10002:c-1, localhost_10001:c-1]
2019-09-24 12:19:54,813 INFO  client.GrpcClientProtocolService (GrpcClientProtocolService.java:lambda$processClientRequest$0(278)) - Failed RaftClientRequest:client-2265A94AA220->localhost_10000@group-03E665A0CE68, cid=42, seq=0, RW, Message:321f0a0f0a0d74657374...(size=33), reply=RaftClientReply:client-2265A94AA220->localhost_10000@group-03E665A0CE68, cid=42, FAILED org.apache.ratis.protocol.LeaderNotReadyException: localhost_10000@group-03E665A0CE68 is in LEADER state but not ready yet., logIndex=0, commits[localhost_10000:c-1, localhost_10002:c-1, localhost_10001:c-1]
2019-09-24 12:19:54,813 INFO  client.GrpcClientProtocolService (GrpcClientProtocolService.java:lambda$processClientRequest$0(278)) - Failed RaftClientRequest:client-2265A94AA220->localhost_10000@group-03E665A0CE68, cid=42, seq=0, RW, Message:321f0a0f0a0d74657374...(size=33), reply=RaftClientReply:client-2265A94AA220->localhost_10000@group-03E665A0CE68, cid=42, FAILED org.apache.ratis.protocol.LeaderNotReadyException: localhost_10000@group-03E665A0CE68 is in LEADER state but not ready yet., logIndex=0, commits[localhost_10000:c-1, localhost_10002:c-1, localhost_10001:c-1]
2019-09-24 12:19:54,814 INFO  client.GrpcClientProtocolService (GrpcClientProtocolService.java:lambda$processClientRequest$0(278)) - Failed RaftClientRequest:client-2265A94AA220->localhost_10000@group-03E665A0CE68, cid=42, seq=0, RW, Message:321f0a0f0a0d74657374...(size=33), reply=RaftClientReply:client-2265A94AA220->localhost_10000@group-03E665A0CE68, cid=42, FAILED org.apache.ratis.protocol.LeaderNotReadyException: localhost_10000@group-03E665A0CE68 is in LEADER state but not ready yet., logIndex=0, commits[localhost_10000:c-1, localhost_10002:c-1, localhost_10001:c-1]
2019-09-24 12:19:54,815 INFO  client.GrpcClientProtocolService (GrpcClientProtocolService.java:lambda$processClientRequest$0(278)) - Failed RaftClientRequest:client-2265A94AA220->localhost_10000@group-03E665A0CE68, cid=42, seq=0, RW, Message:321f0a0f0a0d74657374...(size=33), reply=RaftClientReply:client-2265A94AA220->localhost_10000@group-03E665A0CE68, cid=42, FAILED org.apache.ratis.protocol.LeaderNotReadyException: localhost_10000@group-03E665A0CE68 is in LEADER state but not ready yet., logIndex=0, commits[localhost_10000:c-1, localhost_10002:c-1, localhost_10001:c-1]
2019-09-24 12:19:54,816 INFO  client.GrpcClientProtocolService (GrpcClientProtocolService.java:lambda$processClientRequest$0(278)) - Failed RaftClientRequest:client-2265A94AA220->localhost_10000@group-03E665A0CE68, cid=42, seq=0, RW, Message:321f0a0f0a0d74657374...(size=33), reply=RaftClientReply:client-2265A94AA220->localhost_10000@group-03E665A0CE68, cid=42, FAILED org.apache.ratis.protocol.LeaderNotReadyException: localhost_10000@group-03E665A0CE68 is in LEADER state but not ready yet., logIndex=0, commits[localhost_10000:c-1, localhost_10002:c-1, localhost_10001:c-1]
2019-09-24 12:19:54,817 INFO  client.GrpcClientProtocolService (GrpcClientProtocolService.java:lambda$processClientRequest$0(278)) - Failed RaftClientRequest:client-2265A94AA220->localhost_10000@group-03E665A0CE68, cid=42, seq=0, RW, Message:321f0a0f0a0d74657374...(size=33), reply=RaftClientReply:client-2265A94AA220->localhost_10000@group-03E665A0CE68, cid=42, FAILED org.apache.ratis.protocol.LeaderNotReadyException: localhost_10000@group-03E665A0CE68 is in LEADER state but not ready yet., logIndex=0, commits[localhost_10000:c-1, localhost_10002:c-1, localhost_10001:c-1]
2019-09-24 12:19:54,818 INFO  client.GrpcClientProtocolService (GrpcClientProtocolService.java:lambda$processClientRequest$0(278)) - Failed RaftClientRequest:client-2265A94AA220->localhost_10000@group-03E665A0CE68, cid=42, seq=0, RW, Message:321f0a0f0a0d74657374...(size=33), reply=RaftClientReply:client-2265A94AA220->localhost_10000@group-03E665A0CE68, cid=42, FAILED org.apache.ratis.protocol.LeaderNotReadyException: localhost_10000@group-03E665A0CE68 is in LEADER state but not ready yet., logIndex=0, commits[localhost_10000:c-1, localhost_10002:c-1, localhost_10001:c-1]
2019-09-24 12:19:54,818 INFO  client.GrpcClientProtocolService (GrpcClientProtocolService.java:lambda$processClientRequest$0(278)) - Failed RaftClientRequest:client-2265A94AA220->localhost_10000@group-03E665A0CE68, cid=42, seq=0, RW, Message:321f0a0f0a0d74657374...(size=33), reply=RaftClientReply:client-2265A94AA220->localhost_10000@group-03E665A0CE68, cid=42, FAILED org.apache.ratis.protocol.LeaderNotReadyException: localhost_10000@group-03E665A0CE68 is in LEADER state but not ready yet., logIndex=0, commits[localhost_10000:c-1, localhost_10002:c-1, localhost_10001:c-1]
2019-09-24 12:19:54,819 INFO  client.GrpcClientProtocolService (GrpcClientProtocolService.java:lambda$processClientRequest$0(278)) - Failed RaftClientRequest:client-2265A94AA220->localhost_10000@group-03E665A0CE68, cid=42, seq=0, RW, Message:321f0a0f0a0d74657374...(size=33), reply=RaftClientReply:client-2265A94AA220->localhost_10000@group-03E665A0CE68, cid=42, FAILED org.apache.ratis.protocol.LeaderNotReadyException: localhost_10000@group-03E665A0CE68 is in LEADER state but not ready yet., logIndex=0, commits[localhost_10000:c-1, localhost_10002:c-1, localhost_10001:c-1]
2019-09-24 12:19:54,820 INFO  client.GrpcClientProtocolService (GrpcClientProtocolService.java:lambda$processClientRequest$0(278)) - Failed RaftClientRequest:client-2265A94AA220->localhost_10000@group-03E665A0CE68, cid=42, seq=0, RW, Message:321f0a0f0a0d74657374...(size=33), reply=RaftClientReply:client-2265A94AA220->localhost_10000@group-03E665A0CE68, cid=42, FAILED org.apache.ratis.protocol.LeaderNotReadyException: localhost_10000@group-03E665A0CE68 is in LEADER state but not ready yet., logIndex=0, commits[localhost_10000:c-1, localhost_10002:c-1, localhost_10001:c-1]
2019-09-24 12:19:54,820 INFO  client.GrpcClientProtocolService (GrpcClientProtocolService.java:lambda$processClientRequest$0(278)) - Failed RaftClientRequest:client-2265A94AA220->localhost_10000@group-03E665A0CE68, cid=42, seq=0, RW, Message:321f0a0f0a0d74657374...(size=33), reply=RaftClientReply:client-2265A94AA220->localhost_10000@group-03E665A0CE68, cid=42, FAILED org.apache.ratis.protocol.LeaderNotReadyException: localhost_10000@group-03E665A0CE68 is in LEADER state but not ready yet., logIndex=0, commits[localhost_10000:c-1, localhost_10002:c-1, localhost_10001:c-1]
2019-09-24 12:19:54,821 INFO  client.GrpcClientProtocolService (GrpcClientProtocolService.java:lambda$processClientRequest$0(278)) - Failed RaftClientRequest:client-2265A94AA220->localhost_10000@group-03E665A0CE68, cid=42, seq=0, RW, Message:321f0a0f0a0d74657374...(size=33), reply=RaftClientReply:client-2265A94AA220->localhost_10000@group-03E665A0CE68, cid=42, FAILED org.apache.ratis.protocol.LeaderNotReadyException: localhost_10000@group-03E665A0CE68 is in LEADER state but not ready yet., logIndex=0, commits[localhost_10000:c-1, localhost_10002:c-1, localhost_10001:c-1]
2019-09-24 12:19:54,822 INFO  client.GrpcClientProtocolService (GrpcClientProtocolService.java:lambda$processClientRequest$0(278)) - Failed RaftClientRequest:client-2265A94AA220->localhost_10000@group-03E665A0CE68, cid=42, seq=0, RW, Message:321f0a0f0a0d74657374...(size=33), reply=RaftClientReply:client-2265A94AA220->localhost_10000@group-03E665A0CE68, cid=42, FAILED org.apache.ratis.protocol.LeaderNotReadyException: localhost_10000@group-03E665A0CE68 is in LEADER state but not ready yet., logIndex=0, commits[localhost_10000:c-1, localhost_10002:c-1, localhost_10001:c-1]
2019-09-24 12:19:54,823 INFO  client.GrpcClientProtocolService (GrpcClientProtocolService.java:lambda$processClientRequest$0(278)) - Failed RaftClientRequest:client-2265A94AA220->localhost_10000@group-03E665A0CE68, cid=42, seq=0, RW, Message:321f0a0f0a0d74657374...(size=33), reply=RaftClientReply:client-2265A94AA220->localhost_10000@group-03E665A0CE68, cid=42, FAILED org.apache.ratis.protocol.LeaderNotReadyException: localhost_10000@group-03E665A0CE68 is in LEADER state but not ready yet., logIndex=0, commits[localhost_10000:c-1, localhost_10002:c-1, localhost_10001:c-1]
2019-09-24 12:19:54,823 INFO  client.GrpcClientProtocolService (GrpcClientProtocolService.java:lambda$processClientRequest$0(278)) - Failed RaftClientRequest:client-2265A94AA220->localhost_10000@group-03E665A0CE68, cid=42, seq=0, RW, Message:321f0a0f0a0d74657374...(size=33), reply=RaftClientReply:client-2265A94AA220->localhost_10000@group-03E665A0CE68, cid=42, FAILED org.apache.ratis.protocol.LeaderNotReadyException: localhost_10000@group-03E665A0CE68 is in LEADER state but not ready yet., logIndex=0, commits[localhost_10000:c-1, localhost_10002:c-1, localhost_10001:c-1]
2019-09-24 12:19:54,824 INFO  client.GrpcClientProtocolService (GrpcClientProtocolService.java:lambda$processClientRequest$0(278)) - Failed RaftClientRequest:client-2265A94AA220->localhost_10000@group-03E665A0CE68, cid=42, seq=0, RW, Message:321f0a0f0a0d74657374...(size=33), reply=RaftClientReply:client-2265A94AA220->localhost_10000@group-03E665A0CE68, cid=42, FAILED org.apache.ratis.protocol.LeaderNotReadyException: localhost_10000@group-03E665A0CE68 is in LEADER state but not ready yet., logIndex=0, commits[localhost_10000:c-1, localhost_10002:c-1, localhost_10001:c-1]
2019-09-24 12:19:54,825 INFO  client.GrpcClientProtocolService (GrpcClientProtocolService.java:lambda$processClientRequest$0(278)) - Failed RaftClientRequest:client-2265A94AA220->localhost_10000@group-03E665A0CE68, cid=42, seq=0, RW, Message:321f0a0f0a0d74657374...(size=33), reply=RaftClientReply:client-2265A94AA220->localhost_10000@group-03E665A0CE68, cid=42, FAILED org.apache.ratis.protocol.LeaderNotReadyException: localhost_10000@group-03E665A0CE68 is in LEADER state but not ready yet., logIndex=0, commits[localhost_10000:c-1, localhost_10002:c-1, localhost_10001:c-1]
2019-09-24 12:19:54,826 INFO  client.GrpcClientProtocolService (GrpcClientProtocolService.java:lambda$processClientRequest$0(278)) - Failed RaftClientRequest:client-2265A94AA220->localhost_10000@group-03E665A0CE68, cid=42, seq=0, RW, Message:321f0a0f0a0d74657374...(size=33), reply=RaftClientReply:client-2265A94AA220->localhost_10000@group-03E665A0CE68, cid=42, FAILED org.apache.ratis.protocol.LeaderNotReadyException: localhost_10000@group-03E665A0CE68 is in LEADER state but not ready yet., logIndex=0, commits[localhost_10000:c-1, localhost_10002:c-1, localhost_10001:c-1]
2019-09-24 12:19:54,827 INFO  client.GrpcClientProtocolService (GrpcClientProtocolService.java:lambda$processClientRequest$0(278)) - Failed RaftClientRequest:client-2265A94AA220->localhost_10000@group-03E665A0CE68, cid=42, seq=0, RW, Message:321f0a0f0a0d74657374...(size=33), reply=RaftClientReply:client-2265A94AA220->localhost_10000@group-03E665A0CE68, cid=42, FAILED org.apache.ratis.protocol.LeaderNotReadyException: localhost_10000@group-03E665A0CE68 is in LEADER state but not ready yet., logIndex=0, commits[localhost_10000:c-1, localhost_10002:c-1, localhost_10001:c-1]
2019-09-24 12:19:54,827 INFO  client.GrpcClientProtocolService (GrpcClientProtocolService.java:lambda$processClientRequest$0(278)) - Failed RaftClientRequest:client-2265A94AA220->localhost_10000@group-03E665A0CE68, cid=42, seq=0, RW, Message:321f0a0f0a0d74657374...(size=33), reply=RaftClientReply:client-2265A94AA220->localhost_10000@group-03E665A0CE68, cid=42, FAILED org.apache.ratis.protocol.LeaderNotReadyException: localhost_10000@group-03E665A0CE68 is in LEADER state but not ready yet., logIndex=0, commits[localhost_10000:c-1, localhost_10002:c-1, localhost_10001:c-1]
2019-09-24 12:19:54,830 INFO  client.GrpcClientProtocolService (GrpcClientProtocolService.java:lambda$processClientRequest$0(278)) - Failed RaftClientRequest:client-2265A94AA220->localhost_10000@group-03E665A0CE68, cid=42, seq=0, RW, Message:321f0a0f0a0d74657374...(size=33), reply=RaftClientReply:client-2265A94AA220->localhost_10000@group-03E665A0CE68, cid=42, FAILED org.apache.ratis.protocol.LeaderNotReadyException: localhost_10000@group-03E665A0CE68 is in LEADER state but not ready yet., logIndex=0, commits[localhost_10000:c-1, localhost_10002:c-1, localhost_10001:c-1]
2019-09-24 12:19:54,830 INFO  client.GrpcClientProtocolService (GrpcClientProtocolService.java:lambda$processClientRequest$0(278)) - Failed RaftClientRequest:client-2265A94AA220->localhost_10000@group-03E665A0CE68, cid=42, seq=0, RW, Message:321f0a0f0a0d74657374...(size=33), reply=RaftClientReply:client-2265A94AA220->localhost_10000@group-03E665A0CE68, cid=42, FAILED org.apache.ratis.protocol.LeaderNotReadyException: localhost_10000@group-03E665A0CE68 is in LEADER state but not ready yet., logIndex=0, commits[localhost_10000:c-1, localhost_10002:c-1, localhost_10001:c-1]
2019-09-24 12:19:54,831 INFO  client.GrpcClientProtocolService (GrpcClientProtocolService.java:lambda$processClientRequest$0(278)) - Failed RaftClientRequest:client-2265A94AA220->localhost_10000@group-03E665A0CE68, cid=42, seq=0, RW, Message:321f0a0f0a0d74657374...(size=33), reply=RaftClientReply:client-2265A94AA220->localhost_10000@group-03E665A0CE68, cid=42, FAILED org.apache.ratis.protocol.LeaderNotReadyException: localhost_10000@group-03E665A0CE68 is in LEADER state but not ready yet., logIndex=0, commits[localhost_10000:c-1, localhost_10002:c-1, localhost_10001:c-1]
2019-09-24 12:19:54,832 INFO  client.GrpcClientProtocolService (GrpcClientProtocolService.java:lambda$processClientRequest$0(278)) - Failed RaftClientRequest:client-2265A94AA220->localhost_10000@group-03E665A0CE68, cid=42, seq=0, RW, Message:321f0a0f0a0d74657374...(size=33), reply=RaftClientReply:client-2265A94AA220->localhost_10000@group-03E665A0CE68, cid=42, FAILED org.apache.ratis.protocol.LeaderNotReadyException: localhost_10000@group-03E665A0CE68 is in LEADER state but not ready yet., logIndex=0, commits[localhost_10000:c-1, localhost_10002:c-1, localhost_10001:c-1]
2019-09-24 12:19:54,833 INFO  client.GrpcClientProtocolService (GrpcClientProtocolService.java:lambda$processClientRequest$0(278)) - Failed RaftClientRequest:client-2265A94AA220->localhost_10000@group-03E665A0CE68, cid=42, seq=0, RW, Message:321f0a0f0a0d74657374...(size=33), reply=RaftClientReply:client-2265A94AA220->localhost_10000@group-03E665A0CE68, cid=42, FAILED org.apache.ratis.protocol.LeaderNotReadyException: localhost_10000@group-03E665A0CE68 is in LEADER state but not ready yet., logIndex=0, commits[localhost_10000:c-1, localhost_10002:c-1, localhost_10001:c-1]
2019-09-24 12:19:54,833 INFO  client.GrpcClientProtocolService (GrpcClientProtocolService.java:lambda$processClientRequest$0(278)) - Failed RaftClientRequest:client-2265A94AA220->localhost_10000@group-03E665A0CE68, cid=42, seq=0, RW, Message:321f0a0f0a0d74657374...(size=33), reply=RaftClientReply:client-2265A94AA220->localhost_10000@group-03E665A0CE68, cid=42, FAILED org.apache.ratis.protocol.LeaderNotReadyException: localhost_10000@group-03E665A0CE68 is in LEADER state but not ready yet., logIndex=0, commits[localhost_10000:c-1, localhost_10002:c-1, localhost_10001:c-1]
2019-09-24 12:19:54,834 INFO  client.GrpcClientProtocolService (GrpcClientProtocolService.java:lambda$processClientRequest$0(278)) - Failed RaftClientRequest:client-2265A94AA220->localhost_10000@group-03E665A0CE68, cid=42, seq=0, RW, Message:321f0a0f0a0d74657374...(size=33), reply=RaftClientReply:client-2265A94AA220->localhost_10000@group-03E665A0CE68, cid=42, FAILED org.apache.ratis.protocol.LeaderNotReadyException: localhost_10000@group-03E665A0CE68 is in LEADER state but not ready yet., logIndex=0, commits[localhost_10000:c-1, localhost_10002:c-1, localhost_10001:c-1]
2019-09-24 12:19:54,835 INFO  client.GrpcClientProtocolService (GrpcClientProtocolService.java:lambda$processClientRequest$0(278)) - Failed RaftClientRequest:client-2265A94AA220->localhost_10000@group-03E665A0CE68, cid=42, seq=0, RW, Message:321f0a0f0a0d74657374...(size=33), reply=RaftClientReply:client-2265A94AA220->localhost_10000@group-03E665A0CE68, cid=42, FAILED org.apache.ratis.protocol.LeaderNotReadyException: localhost_10000@group-03E665A0CE68 is in LEADER state but not ready yet., logIndex=0, commits[localhost_10000:c-1, localhost_10002:c-1, localhost_10001:c-1]
2019-09-24 12:19:54,835 INFO  client.GrpcClientProtocolService (GrpcClientProtocolService.java:lambda$processClientRequest$0(278)) - Failed RaftClientRequest:client-2265A94AA220->localhost_10000@group-03E665A0CE68, cid=42, seq=0, RW, Message:321f0a0f0a0d74657374...(size=33), reply=RaftClientReply:client-2265A94AA220->localhost_10000@group-03E665A0CE68, cid=42, FAILED org.apache.ratis.protocol.LeaderNotReadyException: localhost_10000@group-03E665A0CE68 is in LEADER state but not ready yet., logIndex=0, commits[localhost_10000:c-1, localhost_10002:c-1, localhost_10001:c-1]
2019-09-24 12:19:54,836 INFO  client.GrpcClientProtocolService (GrpcClientProtocolService.java:lambda$processClientRequest$0(278)) - Failed RaftClientRequest:client-2265A94AA220->localhost_10000@group-03E665A0CE68, cid=42, seq=0, RW, Message:321f0a0f0a0d74657374...(size=33), reply=RaftClientReply:client-2265A94AA220->localhost_10000@group-03E665A0CE68, cid=42, FAILED org.apache.ratis.protocol.LeaderNotReadyException: localhost_10000@group-03E665A0CE68 is in LEADER state but not ready yet., logIndex=0, commits[localhost_10000:c-1, localhost_10002:c-1, localhost_10001:c-1]
2019-09-24 12:19:54,837 INFO  client.GrpcClientProtocolService (GrpcClientProtocolService.java:lambda$processClientRequest$0(278)) - Failed RaftClientRequest:client-2265A94AA220->localhost_10000@group-03E665A0CE68, cid=42, seq=0, RW, Message:321f0a0f0a0d74657374...(size=33), reply=RaftClientReply:client-2265A94AA220->localhost_10000@group-03E665A0CE68, cid=42, FAILED org.apache.ratis.protocol.LeaderNotReadyException: localhost_10000@group-03E665A0CE68 is in LEADER state but not ready yet., logIndex=0, commits[localhost_10000:c-1, localhost_10002:c-1, localhost_10001:c-1]
2019-09-24 12:19:54,837 INFO  client.GrpcClientProtocolService (GrpcClientProtocolService.java:lambda$processClientRequest$0(278)) - Failed RaftClientRequest:client-2265A94AA220->localhost_10000@group-03E665A0CE68, cid=42, seq=0, RW, Message:321f0a0f0a0d74657374...(size=33), reply=RaftClientReply:client-2265A94AA220->localhost_10000@group-03E665A0CE68, cid=42, FAILED org.apache.ratis.protocol.LeaderNotReadyException: localhost_10000@group-03E665A0CE68 is in LEADER state but not ready yet., logIndex=0, commits[localhost_10000:c-1, localhost_10002:c-1, localhost_10001:c-1]
2019-09-24 12:19:54,838 INFO  client.GrpcClientProtocolService (GrpcClientProtocolService.java:lambda$processClientRequest$0(278)) - Failed RaftClientRequest:client-2265A94AA220->localhost_10000@group-03E665A0CE68, cid=42, seq=0, RW, Message:321f0a0f0a0d74657374...(size=33), reply=RaftClientReply:client-2265A94AA220->localhost_10000@group-03E665A0CE68, cid=42, FAILED org.apache.ratis.protocol.LeaderNotReadyException: localhost_10000@group-03E665A0CE68 is in LEADER state but not ready yet., logIndex=0, commits[localhost_10000:c-1, localhost_10002:c-1, localhost_10001:c-1]
2019-09-24 12:19:54,839 INFO  client.GrpcClientProtocolService (GrpcClientProtocolService.java:lambda$processClientRequest$0(278)) - Failed RaftClientRequest:client-2265A94AA220->localhost_10000@group-03E665A0CE68, cid=42, seq=0, RW, Message:321f0a0f0a0d74657374...(size=33), reply=RaftClientReply:client-2265A94AA220->localhost_10000@group-03E665A0CE68, cid=42, FAILED org.apache.ratis.protocol.LeaderNotReadyException: localhost_10000@group-03E665A0CE68 is in LEADER state but not ready yet., logIndex=0, commits[localhost_10000:c-1, localhost_10002:c-1, localhost_10001:c-1]
2019-09-24 12:19:54,839 INFO  client.GrpcClientProtocolService (GrpcClientProtocolService.java:lambda$processClientRequest$0(278)) - Failed RaftClientRequest:client-2265A94AA220->localhost_10000@group-03E665A0CE68, cid=42, seq=0, RW, Message:321f0a0f0a0d74657374...(size=33), reply=RaftClientReply:client-2265A94AA220->localhost_10000@group-03E665A0CE68, cid=42, FAILED org.apache.ratis.protocol.LeaderNotReadyException: localhost_10000@group-03E665A0CE68 is in LEADER state but not ready yet., logIndex=0, commits[localhost_10000:c-1, localhost_10002:c-1, localhost_10001:c-1]
2019-09-24 12:19:54,840 INFO  client.GrpcClientProtocolService (GrpcClientProtocolService.java:lambda$processClientRequest$0(278)) - Failed RaftClientRequest:client-2265A94AA220->localhost_10000@group-03E665A0CE68, cid=42, seq=0, RW, Message:321f0a0f0a0d74657374...(size=33), reply=RaftClientReply:client-2265A94AA220->localhost_10000@group-03E665A0CE68, cid=42, FAILED org.apache.ratis.protocol.LeaderNotReadyException: localhost_10000@group-03E665A0CE68 is in LEADER state but not ready yet., logIndex=0, commits[localhost_10000:c-1, localhost_10002:c-1, localhost_10001:c-1]
2019-09-24 12:19:54,841 INFO  client.GrpcClientProtocolService (GrpcClientProtocolService.java:lambda$processClientRequest$0(278)) - Failed RaftClientRequest:client-2265A94AA220->localhost_10000@group-03E665A0CE68, cid=42, seq=0, RW, Message:321f0a0f0a0d74657374...(size=33), reply=RaftClientReply:client-2265A94AA220->localhost_10000@group-03E665A0CE68, cid=42, FAILED org.apache.ratis.protocol.LeaderNotReadyException: localhost_10000@group-03E665A0CE68 is in LEADER state but not ready yet., logIndex=0, commits[localhost_10000:c-1, localhost_10002:c-1, localhost_10001:c-1]
2019-09-24 12:19:54,842 INFO  client.GrpcClientProtocolService (GrpcClientProtocolService.java:lambda$processClientRequest$0(278)) - Failed RaftClientRequest:client-2265A94AA220->localhost_10000@group-03E665A0CE68, cid=42, seq=0, RW, Message:321f0a0f0a0d74657374...(size=33), reply=RaftClientReply:client-2265A94AA220->localhost_10000@group-03E665A0CE68, cid=42, FAILED org.apache.ratis.protocol.LeaderNotReadyException: localhost_10000@group-03E665A0CE68 is in LEADER state but not ready yet., logIndex=0, commits[localhost_10000:c-1, localhost_10002:c-1, localhost_10001:c-1]
2019-09-24 12:19:54,842 INFO  client.GrpcClientProtocolService (GrpcClientProtocolService.java:lambda$processClientRequest$0(278)) - Failed RaftClientRequest:client-2265A94AA220->localhost_10000@group-03E665A0CE68, cid=42, seq=0, RW, Message:321f0a0f0a0d74657374...(size=33), reply=RaftClientReply:client-2265A94AA220->localhost_10000@group-03E665A0CE68, cid=42, FAILED org.apache.ratis.protocol.LeaderNotReadyException: localhost_10000@group-03E665A0CE68 is in LEADER state but not ready yet., logIndex=0, commits[localhost_10000:c-1, localhost_10002:c-1, localhost_10001:c-1]
2019-09-24 12:19:54,843 INFO  client.GrpcClientProtocolService (GrpcClientProtocolService.java:lambda$processClientRequest$0(278)) - Failed RaftClientRequest:client-2265A94AA220->localhost_10000@group-03E665A0CE68, cid=42, seq=0, RW, Message:321f0a0f0a0d74657374...(size=33), reply=RaftClientReply:client-2265A94AA220->localhost_10000@group-03E665A0CE68, cid=42, FAILED org.apache.ratis.protocol.LeaderNotReadyException: localhost_10000@group-03E665A0CE68 is in LEADER state but not ready yet., logIndex=0, commits[localhost_10000:c-1, localhost_10002:c-1, localhost_10001:c-1]
2019-09-24 12:19:54,844 INFO  client.GrpcClientProtocolService (GrpcClientProtocolService.java:lambda$processClientRequest$0(278)) - Failed RaftClientRequest:client-2265A94AA220->localhost_10000@group-03E665A0CE68, cid=42, seq=0, RW, Message:321f0a0f0a0d74657374...(size=33), reply=RaftClientReply:client-2265A94AA220->localhost_10000@group-03E665A0CE68, cid=42, FAILED org.apache.ratis.protocol.LeaderNotReadyException: localhost_10000@group-03E665A0CE68 is in LEADER state but not ready yet., logIndex=0, commits[localhost_10000:c-1, localhost_10002:c-1, localhost_10001:c-1]
2019-09-24 12:19:54,844 INFO  client.GrpcClientProtocolService (GrpcClientProtocolService.java:lambda$processClientRequest$0(278)) - Failed RaftClientRequest:client-2265A94AA220->localhost_10000@group-03E665A0CE68, cid=42, seq=0, RW, Message:321f0a0f0a0d74657374...(size=33), reply=RaftClientReply:client-2265A94AA220->localhost_10000@group-03E665A0CE68, cid=42, FAILED org.apache.ratis.protocol.LeaderNotReadyException: localhost_10000@group-03E665A0CE68 is in LEADER state but not ready yet., logIndex=0, commits[localhost_10000:c-1, localhost_10002:c-1, localhost_10001:c-1]
2019-09-24 12:19:54,845 INFO  client.GrpcClientProtocolService (GrpcClientProtocolService.java:lambda$processClientRequest$0(278)) - Failed RaftClientRequest:client-2265A94AA220->localhost_10000@group-03E665A0CE68, cid=42, seq=0, RW, Message:321f0a0f0a0d74657374...(size=33), reply=RaftClientReply:client-2265A94AA220->localhost_10000@group-03E665A0CE68, cid=42, FAILED org.apache.ratis.protocol.LeaderNotReadyException: localhost_10000@group-03E665A0CE68 is in LEADER state but not ready yet., logIndex=0, commits[localhost_10000:c-1, localhost_10002:c-1, localhost_10001:c-1]
2019-09-24 12:19:54,846 INFO  client.GrpcClientProtocolService (GrpcClientProtocolService.java:lambda$processClientRequest$0(278)) - Failed RaftClientRequest:client-2265A94AA220->localhost_10000@group-03E665A0CE68, cid=42, seq=0, RW, Message:321f0a0f0a0d74657374...(size=33), reply=RaftClientReply:client-2265A94AA220->localhost_10000@group-03E665A0CE68, cid=42, FAILED org.apache.ratis.protocol.LeaderNotReadyException: localhost_10000@group-03E665A0CE68 is in LEADER state but not ready yet., logIndex=0, commits[localhost_10000:c-1, localhost_10002:c-1, localhost_10001:c-1]
2019-09-24 12:19:54,846 INFO  client.GrpcClientProtocolService (GrpcClientProtocolService.java:lambda$processClientRequest$0(278)) - Failed RaftClientRequest:client-2265A94AA220->localhost_10000@group-03E665A0CE68, cid=42, seq=0, RW, Message:321f0a0f0a0d74657374...(size=33), reply=RaftClientReply:client-2265A94AA220->localhost_10000@group-03E665A0CE68, cid=42, FAILED org.apache.ratis.protocol.LeaderNotReadyException: localhost_10000@group-03E665A0CE68 is in LEADER state but not ready yet., logIndex=0, commits[localhost_10000:c-1, localhost_10002:c-1, localhost_10001:c-1]
2019-09-24 12:19:54,847 INFO  client.GrpcClientProtocolService (GrpcClientProtocolService.java:lambda$processClientRequest$0(278)) - Failed RaftClientRequest:client-2265A94AA220->localhost_10000@group-03E665A0CE68, cid=42, seq=0, RW, Message:321f0a0f0a0d74657374...(size=33), reply=RaftClientReply:client-2265A94AA220->localhost_10000@group-03E665A0CE68, cid=42, FAILED org.apache.ratis.protocol.LeaderNotReadyException: localhost_10000@group-03E665A0CE68 is in LEADER state but not ready yet., logIndex=0, commits[localhost_10000:c-1, localhost_10002:c-1, localhost_10001:c-1]
2019-09-24 12:19:54,848 INFO  client.GrpcClientProtocolService (GrpcClientProtocolService.java:lambda$processClientRequest$0(278)) - Failed RaftClientRequest:client-2265A94AA220->localhost_10000@group-03E665A0CE68, cid=42, seq=0, RW, Message:321f0a0f0a0d74657374...(size=33), reply=RaftClientReply:client-2265A94AA220->localhost_10000@group-03E665A0CE68, cid=42, FAILED org.apache.ratis.protocol.LeaderNotReadyException: localhost_10000@group-03E665A0CE68 is in LEADER state but not ready yet., logIndex=0, commits[localhost_10000:c-1, localhost_10002:c-1, localhost_10001:c-1]
2019-09-24 12:19:54,848 INFO  client.GrpcClientProtocolService (GrpcClientProtocolService.java:lambda$processClientRequest$0(278)) - Failed RaftClientRequest:client-2265A94AA220->localhost_10000@group-03E665A0CE68, cid=42, seq=0, RW, Message:321f0a0f0a0d74657374...(size=33), reply=RaftClientReply:client-2265A94AA220->localhost_10000@group-03E665A0CE68, cid=42, FAILED org.apache.ratis.protocol.LeaderNotReadyException: localhost_10000@group-03E665A0CE68 is in LEADER state but not ready yet., logIndex=0, commits[localhost_10000:c-1, localhost_10002:c-1, localhost_10001:c-1]
2019-09-24 12:19:54,849 INFO  client.GrpcClientProtocolService (GrpcClientProtocolService.java:lambda$processClientRequest$0(278)) - Failed RaftClientRequest:client-2265A94AA220->localhost_10000@group-03E665A0CE68, cid=42, seq=0, RW, Message:321f0a0f0a0d74657374...(size=33), reply=RaftClientReply:client-2265A94AA220->localhost_10000@group-03E665A0CE68, cid=42, FAILED org.apache.ratis.protocol.LeaderNotReadyException: localhost_10000@group-03E665A0CE68 is in LEADER state but not ready yet., logIndex=0, commits[localhost_10000:c-1, localhost_10002:c-1, localhost_10001:c-1]
2019-09-24 12:19:54,849 INFO  client.GrpcClientProtocolService (GrpcClientProtocolService.java:lambda$processClientRequest$0(278)) - Failed RaftClientRequest:client-2265A94AA220->localhost_10000@group-03E665A0CE68, cid=42, seq=0, RW, Message:321f0a0f0a0d74657374...(size=33), reply=RaftClientReply:client-2265A94AA220->localhost_10000@group-03E665A0CE68, cid=42, FAILED org.apache.ratis.protocol.LeaderNotReadyException: localhost_10000@group-03E665A0CE68 is in LEADER state but not ready yet., logIndex=0, commits[localhost_10000:c-1, localhost_10002:c-1, localhost_10001:c-1]
2019-09-24 12:19:54,850 INFO  client.GrpcClientProtocolService (GrpcClientProtocolService.java:lambda$processClientRequest$0(278)) - Failed RaftClientRequest:client-2265A94AA220->localhost_10000@group-03E665A0CE68, cid=42, seq=0, RW, Message:321f0a0f0a0d74657374...(size=33), reply=RaftClientReply:client-2265A94AA220->localhost_10000@group-03E665A0CE68, cid=42, FAILED org.apache.ratis.protocol.LeaderNotReadyException: localhost_10000@group-03E665A0CE68 is in LEADER state but not ready yet., logIndex=0, commits[localhost_10000:c-1, localhost_10002:c-1, localhost_10001:c-1]
2019-09-24 12:19:54,851 INFO  client.GrpcClientProtocolService (GrpcClientProtocolService.java:lambda$processClientRequest$0(278)) - Failed RaftClientRequest:client-2265A94AA220->localhost_10000@group-03E665A0CE68, cid=42, seq=0, RW, Message:321f0a0f0a0d74657374...(size=33), reply=RaftClientReply:client-2265A94AA220->localhost_10000@group-03E665A0CE68, cid=42, FAILED org.apache.ratis.protocol.LeaderNotReadyException: localhost_10000@group-03E665A0CE68 is in LEADER state but not ready yet., logIndex=0, commits[localhost_10000:c-1, localhost_10002:c-1, localhost_10001:c-1]
2019-09-24 12:19:54,851 INFO  client.GrpcClientProtocolService (GrpcClientProtocolService.java:lambda$processClientRequest$0(278)) - Failed RaftClientRequest:client-2265A94AA220->localhost_10000@group-03E665A0CE68, cid=42, seq=0, RW, Message:321f0a0f0a0d74657374...(size=33), reply=RaftClientReply:client-2265A94AA220->localhost_10000@group-03E665A0CE68, cid=42, FAILED org.apache.ratis.protocol.LeaderNotReadyException: localhost_10000@group-03E665A0CE68 is in LEADER state but not ready yet., logIndex=0, commits[localhost_10000:c-1, localhost_10002:c-1, localhost_10001:c-1]
2019-09-24 12:19:54,852 INFO  client.GrpcClientProtocolService (GrpcClientProtocolService.java:lambda$processClientRequest$0(278)) - Failed RaftClientRequest:client-2265A94AA220->localhost_10000@group-03E665A0CE68, cid=42, seq=0, RW, Message:321f0a0f0a0d74657374...(size=33), reply=RaftClientReply:client-2265A94AA220->localhost_10000@group-03E665A0CE68, cid=42, FAILED org.apache.ratis.protocol.LeaderNotReadyException: localhost_10000@group-03E665A0CE68 is in LEADER state but not ready yet., logIndex=0, commits[localhost_10000:c-1, localhost_10002:c-1, localhost_10001:c-1]
2019-09-24 12:19:54,853 INFO  client.GrpcClientProtocolService (GrpcClientProtocolService.java:lambda$processClientRequest$0(278)) - Failed RaftClientRequest:client-2265A94AA220->localhost_10000@group-03E665A0CE68, cid=42, seq=0, RW, Message:321f0a0f0a0d74657374...(size=33), reply=RaftClientReply:client-2265A94AA220->localhost_10000@group-03E665A0CE68, cid=42, FAILED org.apache.ratis.protocol.LeaderNotReadyException: localhost_10000@group-03E665A0CE68 is in LEADER state but not ready yet., logIndex=0, commits[localhost_10000:c-1, localhost_10002:c-1, localhost_10001:c-1]
2019-09-24 12:19:54,853 INFO  client.GrpcClientProtocolService (GrpcClientProtocolService.java:lambda$processClientRequest$0(278)) - Failed RaftClientRequest:client-2265A94AA220->localhost_10000@group-03E665A0CE68, cid=42, seq=0, RW, Message:321f0a0f0a0d74657374...(size=33), reply=RaftClientReply:client-2265A94AA220->localhost_10000@group-03E665A0CE68, cid=42, FAILED org.apache.ratis.protocol.LeaderNotReadyException: localhost_10000@group-03E665A0CE68 is in LEADER state but not ready yet., logIndex=0, commits[localhost_10000:c-1, localhost_10002:c-1, localhost_10001:c-1]
2019-09-24 12:19:54,854 INFO  client.GrpcClientProtocolService (GrpcClientProtocolService.java:lambda$processClientRequest$0(278)) - Failed RaftClientRequest:client-2265A94AA220->localhost_10000@group-03E665A0CE68, cid=42, seq=0, RW, Message:321f0a0f0a0d74657374...(size=33), reply=RaftClientReply:client-2265A94AA220->localhost_10000@group-03E665A0CE68, cid=42, FAILED org.apache.ratis.protocol.LeaderNotReadyException: localhost_10000@group-03E665A0CE68 is in LEADER state but not ready yet., logIndex=0, commits[localhost_10000:c-1, localhost_10002:c-1, localhost_10001:c-1]
2019-09-24 12:19:54,855 INFO  client.GrpcClientProtocolService (GrpcClientProtocolService.java:lambda$processClientRequest$0(278)) - Failed RaftClientRequest:client-2265A94AA220->localhost_10000@group-03E665A0CE68, cid=42, seq=0, RW, Message:321f0a0f0a0d74657374...(size=33), reply=RaftClientReply:client-2265A94AA220->localhost_10000@group-03E665A0CE68, cid=42, FAILED org.apache.ratis.protocol.LeaderNotReadyException: localhost_10000@group-03E665A0CE68 is in LEADER state but not ready yet., logIndex=0, commits[localhost_10000:c-1, localhost_10002:c-1, localhost_10001:c-1]
2019-09-24 12:19:54,855 INFO  client.GrpcClientProtocolService (GrpcClientProtocolService.java:lambda$processClientRequest$0(278)) - Failed RaftClientRequest:client-2265A94AA220->localhost_10000@group-03E665A0CE68, cid=42, seq=0, RW, Message:321f0a0f0a0d74657374...(size=33), reply=RaftClientReply:client-2265A94AA220->localhost_10000@group-03E665A0CE68, cid=42, FAILED org.apache.ratis.protocol.LeaderNotReadyException: localhost_10000@group-03E665A0CE68 is in LEADER state but not ready yet., logIndex=0, commits[localhost_10000:c-1, localhost_10002:c-1, localhost_10001:c-1]
2019-09-24 12:19:54,856 INFO  client.GrpcClientProtocolService (GrpcClientProtocolService.java:lambda$processClientRequest$0(278)) - Failed RaftClientRequest:client-2265A94AA220->localhost_10000@group-03E665A0CE68, cid=42, seq=0, RW, Message:321f0a0f0a0d74657374...(size=33), reply=RaftClientReply:client-2265A94AA220->localhost_10000@group-03E665A0CE68, cid=42, FAILED org.apache.ratis.protocol.LeaderNotReadyException: localhost_10000@group-03E665A0CE68 is in LEADER state but not ready yet., logIndex=0, commits[localhost_10000:c-1, localhost_10002:c-1, localhost_10001:c-1]
2019-09-24 12:19:54,857 INFO  client.GrpcClientProtocolService (GrpcClientProtocolService.java:lambda$processClientRequest$0(278)) - Failed RaftClientRequest:client-2265A94AA220->localhost_10000@group-03E665A0CE68, cid=42, seq=0, RW, Message:321f0a0f0a0d74657374...(size=33), reply=RaftClientReply:client-2265A94AA220->localhost_10000@group-03E665A0CE68, cid=42, FAILED org.apache.ratis.protocol.LeaderNotReadyException: localhost_10000@group-03E665A0CE68 is in LEADER state but not ready yet., logIndex=0, commits[localhost_10000:c-1, localhost_10002:c-1, localhost_10001:c-1]
2019-09-24 12:19:54,858 INFO  client.GrpcClientProtocolService (GrpcClientProtocolService.java:lambda$processClientRequest$0(278)) - Failed RaftClientRequest:client-2265A94AA220->localhost_10000@group-03E665A0CE68, cid=42, seq=0, RW, Message:321f0a0f0a0d74657374...(size=33), reply=RaftClientReply:client-2265A94AA220->localhost_10000@group-03E665A0CE68, cid=42, FAILED org.apache.ratis.protocol.LeaderNotReadyException: localhost_10000@group-03E665A0CE68 is in LEADER state but not ready yet., logIndex=0, commits[localhost_10000:c-1, localhost_10002:c-1, localhost_10001:c-1]
2019-09-24 12:19:54,859 INFO  client.GrpcClientProtocolService (GrpcClientProtocolService.java:lambda$processClientRequest$0(278)) - Failed RaftClientRequest:client-2265A94AA220->localhost_10000@group-03E665A0CE68, cid=42, seq=0, RW, Message:321f0a0f0a0d74657374...(size=33), reply=RaftClientReply:client-2265A94AA220->localhost_10000@group-03E665A0CE68, cid=42, FAILED org.apache.ratis.protocol.LeaderNotReadyException: localhost_10000@group-03E665A0CE68 is in LEADER state but not ready yet., logIndex=0, commits[localhost_10000:c-1, localhost_10002:c-1, localhost_10001:c-1]
2019-09-24 12:19:54,860 INFO  client.GrpcClientProtocolService (GrpcClientProtocolService.java:lambda$processClientRequest$0(278)) - Failed RaftClientRequest:client-2265A94AA220->localhost_10000@group-03E665A0CE68, cid=42, seq=0, RW, Message:321f0a0f0a0d74657374...(size=33), reply=RaftClientReply:client-2265A94AA220->localhost_10000@group-03E665A0CE68, cid=42, FAILED org.apache.ratis.protocol.LeaderNotReadyException: localhost_10000@group-03E665A0CE68 is in LEADER state but not ready yet., logIndex=0, commits[localhost_10000:c-1, localhost_10002:c-1, localhost_10001:c-1]
2019-09-24 12:19:54,860 INFO  client.GrpcClientProtocolService (GrpcClientProtocolService.java:lambda$processClientRequest$0(278)) - Failed RaftClientRequest:client-2265A94AA220->localhost_10000@group-03E665A0CE68, cid=42, seq=0, RW, Message:321f0a0f0a0d74657374...(size=33), reply=RaftClientReply:client-2265A94AA220->localhost_10000@group-03E665A0CE68, cid=42, FAILED org.apache.ratis.protocol.LeaderNotReadyException: localhost_10000@group-03E665A0CE68 is in LEADER state but not ready yet., logIndex=0, commits[localhost_10000:c-1, localhost_10002:c-1, localhost_10001:c-1]
2019-09-24 12:19:54,861 INFO  client.GrpcClientProtocolService (GrpcClientProtocolService.java:lambda$processClientRequest$0(278)) - Failed RaftClientRequest:client-2265A94AA220->localhost_10000@group-03E665A0CE68, cid=42, seq=0, RW, Message:321f0a0f0a0d74657374...(size=33), reply=RaftClientReply:client-2265A94AA220->localhost_10000@group-03E665A0CE68, cid=42, FAILED org.apache.ratis.protocol.LeaderNotReadyException: localhost_10000@group-03E665A0CE68 is in LEADER state but not ready yet., logIndex=0, commits[localhost_10000:c-1, localhost_10002:c-1, localhost_10001:c-1]
2019-09-24 12:19:54,862 INFO  client.GrpcClientProtocolService (GrpcClientProtocolService.java:lambda$processClientRequest$0(278)) - Failed RaftClientRequest:client-2265A94AA220->localhost_10000@group-03E665A0CE68, cid=42, seq=0, RW, Message:321f0a0f0a0d74657374...(size=33), reply=RaftClientReply:client-2265A94AA220->localhost_10000@group-03E665A0CE68, cid=42, FAILED org.apache.ratis.protocol.LeaderNotReadyException: localhost_10000@group-03E665A0CE68 is in LEADER state but not ready yet., logIndex=0, commits[localhost_10000:c-1, localhost_10002:c-1, localhost_10001:c-1]
2019-09-24 12:19:54,863 INFO  client.GrpcClientProtocolService (GrpcClientProtocolService.java:lambda$processClientRequest$0(278)) - Failed RaftClientRequest:client-2265A94AA220->localhost_10000@group-03E665A0CE68, cid=42, seq=0, RW, Message:321f0a0f0a0d74657374...(size=33), reply=RaftClientReply:client-2265A94AA220->localhost_10000@group-03E665A0CE68, cid=42, FAILED org.apache.ratis.protocol.LeaderNotReadyException: localhost_10000@group-03E665A0CE68 is in LEADER state but not ready yet., logIndex=0, commits[localhost_10000:c-1, localhost_10002:c-1, localhost_10001:c-1]
2019-09-24 12:19:54,864 INFO  client.GrpcClientProtocolService (GrpcClientProtocolService.java:lambda$processClientRequest$0(278)) - Failed RaftClientRequest:client-2265A94AA220->localhost_10000@group-03E665A0CE68, cid=42, seq=0, RW, Message:321f0a0f0a0d74657374...(size=33), reply=RaftClientReply:client-2265A94AA220->localhost_10000@group-03E665A0CE68, cid=42, FAILED org.apache.ratis.protocol.LeaderNotReadyException: localhost_10000@group-03E665A0CE68 is in LEADER state but not ready yet., logIndex=0, commits[localhost_10000:c-1, localhost_10002:c-1, localhost_10001:c-1]
2019-09-24 12:19:54,865 INFO  client.GrpcClientProtocolService (GrpcClientProtocolService.java:lambda$processClientRequest$0(278)) - Failed RaftClientRequest:client-2265A94AA220->localhost_10000@group-03E665A0CE68, cid=42, seq=0, RW, Message:321f0a0f0a0d74657374...(size=33), reply=RaftClientReply:client-2265A94AA220->localhost_10000@group-03E665A0CE68, cid=42, FAILED org.apache.ratis.protocol.LeaderNotReadyException: localhost_10000@group-03E665A0CE68 is in LEADER state but not ready yet., logIndex=0, commits[localhost_10000:c-1, localhost_10002:c-1, localhost_10001:c-1]
2019-09-24 12:19:54,865 INFO  client.GrpcClientProtocolService (GrpcClientProtocolService.java:lambda$processClientRequest$0(278)) - Failed RaftClientRequest:client-2265A94AA220->localhost_10000@group-03E665A0CE68, cid=42, seq=0, RW, Message:321f0a0f0a0d74657374...(size=33), reply=RaftClientReply:client-2265A94AA220->localhost_10000@group-03E665A0CE68, cid=42, FAILED org.apache.ratis.protocol.LeaderNotReadyException: localhost_10000@group-03E665A0CE68 is in LEADER state but not ready yet., logIndex=0, commits[localhost_10000:c-1, localhost_10002:c-1, localhost_10001:c-1]
2019-09-24 12:19:54,866 INFO  client.GrpcClientProtocolService (GrpcClientProtocolService.java:lambda$processClientRequest$0(278)) - Failed RaftClientRequest:client-2265A94AA220->localhost_10000@group-03E665A0CE68, cid=42, seq=0, RW, Message:321f0a0f0a0d74657374...(size=33), reply=RaftClientReply:client-2265A94AA220->localhost_10000@group-03E665A0CE68, cid=42, FAILED org.apache.ratis.protocol.LeaderNotReadyException: localhost_10000@group-03E665A0CE68 is in LEADER state but not ready yet., logIndex=0, commits[localhost_10000:c-1, localhost_10002:c-1, localhost_10001:c-1]
2019-09-24 12:19:54,867 INFO  client.GrpcClientProtocolService (GrpcClientProtocolService.java:lambda$processClientRequest$0(278)) - Failed RaftClientRequest:client-2265A94AA220->localhost_10000@group-03E665A0CE68, cid=42, seq=0, RW, Message:321f0a0f0a0d74657374...(size=33), reply=RaftClientReply:client-2265A94AA220->localhost_10000@group-03E665A0CE68, cid=42, FAILED org.apache.ratis.protocol.LeaderNotReadyException: localhost_10000@group-03E665A0CE68 is in LEADER state but not ready yet., logIndex=0, commits[localhost_10000:c-1, localhost_10002:c-1, localhost_10001:c-1]
2019-09-24 12:19:54,868 INFO  client.GrpcClientProtocolService (GrpcClientProtocolService.java:lambda$processClientRequest$0(278)) - Failed RaftClientRequest:client-2265A94AA220->localhost_10000@group-03E665A0CE68, cid=42, seq=0, RW, Message:321f0a0f0a0d74657374...(size=33), reply=RaftClientReply:client-2265A94AA220->localhost_10000@group-03E665A0CE68, cid=42, FAILED org.apache.ratis.protocol.LeaderNotReadyException: localhost_10000@group-03E665A0CE68 is in LEADER state but not ready yet., logIndex=0, commits[localhost_10000:c-1, localhost_10002:c-1, localhost_10001:c-1]
2019-09-24 12:19:54,869 INFO  client.GrpcClientProtocolService (GrpcClientProtocolService.java:lambda$processClientRequest$0(278)) - Failed RaftClientRequest:client-2265A94AA220->localhost_10000@group-03E665A0CE68, cid=42, seq=0, RW, Message:321f0a0f0a0d74657374...(size=33), reply=RaftClientReply:client-2265A94AA220->localhost_10000@group-03E665A0CE68, cid=42, FAILED org.apache.ratis.protocol.LeaderNotReadyException: localhost_10000@group-03E665A0CE68 is in LEADER state but not ready yet., logIndex=0, commits[localhost_10000:c-1, localhost_10002:c-1, localhost_10001:c-1]
2019-09-24 12:19:54,869 INFO  client.GrpcClientProtocolService (GrpcClientProtocolService.java:lambda$processClientRequest$0(278)) - Failed RaftClientRequest:client-2265A94AA220->localhost_10000@group-03E665A0CE68, cid=42, seq=0, RW, Message:321f0a0f0a0d74657374...(size=33), reply=RaftClientReply:client-2265A94AA220->localhost_10000@group-03E665A0CE68, cid=42, FAILED org.apache.ratis.protocol.LeaderNotReadyException: localhost_10000@group-03E665A0CE68 is in LEADER state but not ready yet., logIndex=0, commits[localhost_10000:c-1, localhost_10002:c-1, localhost_10001:c-1]
2019-09-24 12:19:54,870 INFO  client.GrpcClientProtocolService (GrpcClientProtocolService.java:lambda$processClientRequest$0(278)) - Failed RaftClientRequest:client-2265A94AA220->localhost_10000@group-03E665A0CE68, cid=42, seq=0, RW, Message:321f0a0f0a0d74657374...(size=33), reply=RaftClientReply:client-2265A94AA220->localhost_10000@group-03E665A0CE68, cid=42, FAILED org.apache.ratis.protocol.LeaderNotReadyException: localhost_10000@group-03E665A0CE68 is in LEADER state but not ready yet., logIndex=0, commits[localhost_10000:c-1, localhost_10002:c-1, localhost_10001:c-1]
2019-09-24 12:19:54,871 INFO  client.GrpcClientProtocolService (GrpcClientProtocolService.java:lambda$processClientRequest$0(278)) - Failed RaftClientRequest:client-2265A94AA220->localhost_10000@group-03E665A0CE68, cid=42, seq=0, RW, Message:321f0a0f0a0d74657374...(size=33), reply=RaftClientReply:client-2265A94AA220->localhost_10000@group-03E665A0CE68, cid=42, FAILED org.apache.ratis.protocol.LeaderNotReadyException: localhost_10000@group-03E665A0CE68 is in LEADER state but not ready yet., logIndex=0, commits[localhost_10000:c-1, localhost_10002:c-1, localhost_10001:c-1]
2019-09-24 12:19:54,871 INFO  client.GrpcClientProtocolService (GrpcClientProtocolService.java:lambda$processClientRequest$0(278)) - Failed RaftClientRequest:client-2265A94AA220->localhost_10000@group-03E665A0CE68, cid=42, seq=0, RW, Message:321f0a0f0a0d74657374...(size=33), reply=RaftClientReply:client-2265A94AA220->localhost_10000@group-03E665A0CE68, cid=42, FAILED org.apache.ratis.protocol.LeaderNotReadyException: localhost_10000@group-03E665A0CE68 is in LEADER state but not ready yet., logIndex=0, commits[localhost_10000:c-1, localhost_10002:c-1, localhost_10001:c-1]
2019-09-24 12:19:54,872 INFO  client.GrpcClientProtocolService (GrpcClientProtocolService.java:lambda$processClientRequest$0(278)) - Failed RaftClientRequest:client-2265A94AA220->localhost_10000@group-03E665A0CE68, cid=42, seq=0, RW, Message:321f0a0f0a0d74657374...(size=33), reply=RaftClientReply:client-2265A94AA220->localhost_10000@group-03E665A0CE68, cid=42, FAILED org.apache.ratis.protocol.LeaderNotReadyException: localhost_10000@group-03E665A0CE68 is in LEADER state but not ready yet., logIndex=0, commits[localhost_10000:c-1, localhost_10002:c-1, localhost_10001:c-1]
2019-09-24 12:19:54,873 INFO  client.GrpcClientProtocolService (GrpcClientProtocolService.java:lambda$processClientRequest$0(278)) - Failed RaftClientRequest:client-2265A94AA220->localhost_10000@group-03E665A0CE68, cid=42, seq=0, RW, Message:321f0a0f0a0d74657374...(size=33), reply=RaftClientReply:client-2265A94AA220->localhost_10000@group-03E665A0CE68, cid=42, FAILED org.apache.ratis.protocol.LeaderNotReadyException: localhost_10000@group-03E665A0CE68 is in LEADER state but not ready yet., logIndex=0, commits[localhost_10000:c-1, localhost_10002:c-1, localhost_10001:c-1]
2019-09-24 12:19:54,874 INFO  client.GrpcClientProtocolService (GrpcClientProtocolService.java:lambda$processClientRequest$0(278)) - Failed RaftClientRequest:client-2265A94AA220->localhost_10000@group-03E665A0CE68, cid=42, seq=0, RW, Message:321f0a0f0a0d74657374...(size=33), reply=RaftClientReply:client-2265A94AA220->localhost_10000@group-03E665A0CE68, cid=42, FAILED org.apache.ratis.protocol.LeaderNotReadyException: localhost_10000@group-03E665A0CE68 is in LEADER state but not ready yet., logIndex=0, commits[localhost_10000:c-1, localhost_10002:c-1, localhost_10001:c-1]
2019-09-24 12:19:54,875 INFO  client.GrpcClientProtocolService (GrpcClientProtocolService.java:lambda$processClientRequest$0(278)) - Failed RaftClientRequest:client-2265A94AA220->localhost_10000@group-03E665A0CE68, cid=42, seq=0, RW, Message:321f0a0f0a0d74657374...(size=33), reply=RaftClientReply:client-2265A94AA220->localhost_10000@group-03E665A0CE68, cid=42, FAILED org.apache.ratis.protocol.LeaderNotReadyException: localhost_10000@group-03E665A0CE68 is in LEADER state but not ready yet., logIndex=0, commits[localhost_10000:c-1, localhost_10002:c-1, localhost_10001:c-1]
2019-09-24 12:19:54,876 INFO  client.GrpcClientProtocolService (GrpcClientProtocolService.java:lambda$processClientRequest$0(278)) - Failed RaftClientRequest:client-2265A94AA220->localhost_10000@group-03E665A0CE68, cid=42, seq=0, RW, Message:321f0a0f0a0d74657374...(size=33), reply=RaftClientReply:client-2265A94AA220->localhost_10000@group-03E665A0CE68, cid=42, FAILED org.apache.ratis.protocol.LeaderNotReadyException: localhost_10000@group-03E665A0CE68 is in LEADER state but not ready yet., logIndex=0, commits[localhost_10000:c-1, localhost_10002:c-1, localhost_10001:c-1]
2019-09-24 12:19:54,876 INFO  client.GrpcClientProtocolService (GrpcClientProtocolService.java:lambda$processClientRequest$0(278)) - Failed RaftClientRequest:client-2265A94AA220->localhost_10000@group-03E665A0CE68, cid=42, seq=0, RW, Message:321f0a0f0a0d74657374...(size=33), reply=RaftClientReply:client-2265A94AA220->localhost_10000@group-03E665A0CE68, cid=42, FAILED org.apache.ratis.protocol.LeaderNotReadyException: localhost_10000@group-03E665A0CE68 is in LEADER state but not ready yet., logIndex=0, commits[localhost_10000:c-1, localhost_10002:c-1, localhost_10001:c-1]
2019-09-24 12:19:54,877 INFO  client.GrpcClientProtocolService (GrpcClientProtocolService.java:lambda$processClientRequest$0(278)) - Failed RaftClientRequest:client-2265A94AA220->localhost_10000@group-03E665A0CE68, cid=42, seq=0, RW, Message:321f0a0f0a0d74657374...(size=33), reply=RaftClientReply:client-2265A94AA220->localhost_10000@group-03E665A0CE68, cid=42, FAILED org.apache.ratis.protocol.LeaderNotReadyException: localhost_10000@group-03E665A0CE68 is in LEADER state but not ready yet., logIndex=0, commits[localhost_10000:c-1, localhost_10002:c-1, localhost_10001:c-1]
2019-09-24 12:19:54,878 INFO  client.GrpcClientProtocolService (GrpcClientProtocolService.java:lambda$processClientRequest$0(278)) - Failed RaftClientRequest:client-2265A94AA220->localhost_10000@group-03E665A0CE68, cid=42, seq=0, RW, Message:321f0a0f0a0d74657374...(size=33), reply=RaftClientReply:client-2265A94AA220->localhost_10000@group-03E665A0CE68, cid=42, FAILED org.apache.ratis.protocol.LeaderNotReadyException: localhost_10000@group-03E665A0CE68 is in LEADER state but not ready yet., logIndex=0, commits[localhost_10000:c-1, localhost_10002:c-1, localhost_10001:c-1]
2019-09-24 12:19:54,879 INFO  client.GrpcClientProtocolService (GrpcClientProtocolService.java:lambda$processClientRequest$0(278)) - Failed RaftClientRequest:client-2265A94AA220->localhost_10000@group-03E665A0CE68, cid=42, seq=0, RW, Message:321f0a0f0a0d74657374...(size=33), reply=RaftClientReply:client-2265A94AA220->localhost_10000@group-03E665A0CE68, cid=42, FAILED org.apache.ratis.protocol.LeaderNotReadyException: localhost_10000@group-03E665A0CE68 is in LEADER state but not ready yet., logIndex=0, commits[localhost_10000:c-1, localhost_10002:c-1, localhost_10001:c-1]
2019-09-24 12:19:54,880 INFO  client.GrpcClientProtocolService (GrpcClientProtocolService.java:lambda$processClientRequest$0(278)) - Failed RaftClientRequest:client-2265A94AA220->localhost_10000@group-03E665A0CE68, cid=42, seq=0, RW, Message:321f0a0f0a0d74657374...(size=33), reply=RaftClientReply:client-2265A94AA220->localhost_10000@group-03E665A0CE68, cid=42, FAILED org.apache.ratis.protocol.LeaderNotReadyException: localhost_10000@group-03E665A0CE68 is in LEADER state but not ready yet., logIndex=0, commits[localhost_10000:c-1, localhost_10002:c-1, localhost_10001:c-1]
2019-09-24 12:19:54,880 INFO  client.GrpcClientProtocolService (GrpcClientProtocolService.java:lambda$processClientRequest$0(278)) - Failed RaftClientRequest:client-2265A94AA220->localhost_10000@group-03E665A0CE68, cid=42, seq=0, RW, Message:321f0a0f0a0d74657374...(size=33), reply=RaftClientReply:client-2265A94AA220->localhost_10000@group-03E665A0CE68, cid=42, FAILED org.apache.ratis.protocol.LeaderNotReadyException: localhost_10000@group-03E665A0CE68 is in LEADER state but not ready yet., logIndex=0, commits[localhost_10000:c-1, localhost_10002:c-1, localhost_10001:c-1]
2019-09-24 12:19:54,881 INFO  client.GrpcClientProtocolService (GrpcClientProtocolService.java:lambda$processClientRequest$0(278)) - Failed RaftClientRequest:client-2265A94AA220->localhost_10000@group-03E665A0CE68, cid=42, seq=0, RW, Message:321f0a0f0a0d74657374...(size=33), reply=RaftClientReply:client-2265A94AA220->localhost_10000@group-03E665A0CE68, cid=42, FAILED org.apache.ratis.protocol.LeaderNotReadyException: localhost_10000@group-03E665A0CE68 is in LEADER state but not ready yet., logIndex=0, commits[localhost_10000:c-1, localhost_10002:c-1, localhost_10001:c-1]
2019-09-24 12:19:54,882 INFO  client.GrpcClientProtocolService (GrpcClientProtocolService.java:lambda$processClientRequest$0(278)) - Failed RaftClientRequest:client-2265A94AA220->localhost_10000@group-03E665A0CE68, cid=42, seq=0, RW, Message:321f0a0f0a0d74657374...(size=33), reply=RaftClientReply:client-2265A94AA220->localhost_10000@group-03E665A0CE68, cid=42, FAILED org.apache.ratis.protocol.LeaderNotReadyException: localhost_10000@group-03E665A0CE68 is in LEADER state but not ready yet., logIndex=0, commits[localhost_10000:c-1, localhost_10002:c-1, localhost_10001:c-1]
2019-09-24 12:19:54,883 INFO  client.GrpcClientProtocolService (GrpcClientProtocolService.java:lambda$processClientRequest$0(278)) - Failed RaftClientRequest:client-2265A94AA220->localhost_10000@group-03E665A0CE68, cid=42, seq=0, RW, Message:321f0a0f0a0d74657374...(size=33), reply=RaftClientReply:client-2265A94AA220->localhost_10000@group-03E665A0CE68, cid=42, FAILED org.apache.ratis.protocol.LeaderNotReadyException: localhost_10000@group-03E665A0CE68 is in LEADER state but not ready yet., logIndex=0, commits[localhost_10000:c-1, localhost_10002:c-1, localhost_10001:c-1]
2019-09-24 12:19:54,884 INFO  client.GrpcClientProtocolService (GrpcClientProtocolService.java:lambda$processClientRequest$0(278)) - Failed RaftClientRequest:client-2265A94AA220->localhost_10000@group-03E665A0CE68, cid=42, seq=0, RW, Message:321f0a0f0a0d74657374...(size=33), reply=RaftClientReply:client-2265A94AA220->localhost_10000@group-03E665A0CE68, cid=42, FAILED org.apache.ratis.protocol.LeaderNotReadyException: localhost_10000@group-03E665A0CE68 is in LEADER state but not ready yet., logIndex=0, commits[localhost_10000:c-1, localhost_10002:c-1, localhost_10001:c-1]
2019-09-24 12:19:54,884 INFO  client.GrpcClientProtocolService (GrpcClientProtocolService.java:lambda$processClientRequest$0(278)) - Failed RaftClientRequest:client-2265A94AA220->localhost_10000@group-03E665A0CE68, cid=42, seq=0, RW, Message:321f0a0f0a0d74657374...(size=33), reply=RaftClientReply:client-2265A94AA220->localhost_10000@group-03E665A0CE68, cid=42, FAILED org.apache.ratis.protocol.LeaderNotReadyException: localhost_10000@group-03E665A0CE68 is in LEADER state but not ready yet., logIndex=0, commits[localhost_10000:c-1, localhost_10002:c-1, localhost_10001:c-1]
2019-09-24 12:19:54,885 INFO  client.GrpcClientProtocolService (GrpcClientProtocolService.java:lambda$processClientRequest$0(278)) - Failed RaftClientRequest:client-2265A94AA220->localhost_10000@group-03E665A0CE68, cid=42, seq=0, RW, Message:321f0a0f0a0d74657374...(size=33), reply=RaftClientReply:client-2265A94AA220->localhost_10000@group-03E665A0CE68, cid=42, FAILED org.apache.ratis.protocol.LeaderNotReadyException: localhost_10000@group-03E665A0CE68 is in LEADER state but not ready yet., logIndex=0, commits[localhost_10000:c-1, localhost_10002:c-1, localhost_10001:c-1]
2019-09-24 12:19:54,886 INFO  client.GrpcClientProtocolService (GrpcClientProtocolService.java:lambda$processClientRequest$0(278)) - Failed RaftClientRequest:client-2265A94AA220->localhost_10000@group-03E665A0CE68, cid=42, seq=0, RW, Message:321f0a0f0a0d74657374...(size=33), reply=RaftClientReply:client-2265A94AA220->localhost_10000@group-03E665A0CE68, cid=42, FAILED org.apache.ratis.protocol.LeaderNotReadyException: localhost_10000@group-03E665A0CE68 is in LEADER state but not ready yet., logIndex=0, commits[localhost_10000:c-1, localhost_10002:c-1, localhost_10001:c-1]
2019-09-24 12:19:54,887 INFO  client.GrpcClientProtocolService (GrpcClientProtocolService.java:lambda$processClientRequest$0(278)) - Failed RaftClientRequest:client-2265A94AA220->localhost_10000@group-03E665A0CE68, cid=42, seq=0, RW, Message:321f0a0f0a0d74657374...(size=33), reply=RaftClientReply:client-2265A94AA220->localhost_10000@group-03E665A0CE68, cid=42, FAILED org.apache.ratis.protocol.LeaderNotReadyException: localhost_10000@group-03E665A0CE68 is in LEADER state but not ready yet., logIndex=0, commits[localhost_10000:c-1, localhost_10002:c-1, localhost_10001:c-1]
2019-09-24 12:19:54,887 INFO  client.GrpcClientProtocolService (GrpcClientProtocolService.java:lambda$processClientRequest$0(278)) - Failed RaftClientRequest:client-2265A94AA220->localhost_10000@group-03E665A0CE68, cid=42, seq=0, RW, Message:321f0a0f0a0d74657374...(size=33), reply=RaftClientReply:client-2265A94AA220->localhost_10000@group-03E665A0CE68, cid=42, FAILED org.apache.ratis.protocol.LeaderNotReadyException: localhost_10000@group-03E665A0CE68 is in LEADER state but not ready yet., logIndex=0, commits[localhost_10000:c-1, localhost_10002:c-1, localhost_10001:c-1]
2019-09-24 12:19:54,888 INFO  client.GrpcClientProtocolService (GrpcClientProtocolService.java:lambda$processClientRequest$0(278)) - Failed RaftClientRequest:client-2265A94AA220->localhost_10000@group-03E665A0CE68, cid=42, seq=0, RW, Message:321f0a0f0a0d74657374...(size=33), reply=RaftClientReply:client-2265A94AA220->localhost_10000@group-03E665A0CE68, cid=42, FAILED org.apache.ratis.protocol.LeaderNotReadyException: localhost_10000@group-03E665A0CE68 is in LEADER state but not ready yet., logIndex=0, commits[localhost_10000:c-1, localhost_10002:c-1, localhost_10001:c-1]
2019-09-24 12:19:54,889 INFO  client.GrpcClientProtocolService (GrpcClientProtocolService.java:lambda$processClientRequest$0(278)) - Failed RaftClientRequest:client-2265A94AA220->localhost_10000@group-03E665A0CE68, cid=42, seq=0, RW, Message:321f0a0f0a0d74657374...(size=33), reply=RaftClientReply:client-2265A94AA220->localhost_10000@group-03E665A0CE68, cid=42, FAILED org.apache.ratis.protocol.LeaderNotReadyException: localhost_10000@group-03E665A0CE68 is in LEADER state but not ready yet., logIndex=0, commits[localhost_10000:c-1, localhost_10002:c-1, localhost_10001:c-1]
2019-09-24 12:19:54,890 INFO  client.GrpcClientProtocolService (GrpcClientProtocolService.java:lambda$processClientRequest$0(278)) - Failed RaftClientRequest:client-2265A94AA220->localhost_10000@group-03E665A0CE68, cid=42, seq=0, RW, Message:321f0a0f0a0d74657374...(size=33), reply=RaftClientReply:client-2265A94AA220->localhost_10000@group-03E665A0CE68, cid=42, FAILED org.apache.ratis.protocol.LeaderNotReadyException: localhost_10000@group-03E665A0CE68 is in LEADER state but not ready yet., logIndex=0, commits[localhost_10000:c-1, localhost_10002:c-1, localhost_10001:c-1]
2019-09-24 12:19:54,891 INFO  client.GrpcClientProtocolService (GrpcClientProtocolService.java:lambda$processClientRequest$0(278)) - Failed RaftClientRequest:client-2265A94AA220->localhost_10000@group-03E665A0CE68, cid=42, seq=0, RW, Message:321f0a0f0a0d74657374...(size=33), reply=RaftClientReply:client-2265A94AA220->localhost_10000@group-03E665A0CE68, cid=42, FAILED org.apache.ratis.protocol.LeaderNotReadyException: localhost_10000@group-03E665A0CE68 is in LEADER state but not ready yet., logIndex=0, commits[localhost_10000:c-1, localhost_10002:c-1, localhost_10001:c-1]
2019-09-24 12:19:54,891 INFO  client.GrpcClientProtocolService (GrpcClientProtocolService.java:lambda$processClientRequest$0(278)) - Failed RaftClientRequest:client-2265A94AA220->localhost_10000@group-03E665A0CE68, cid=42, seq=0, RW, Message:321f0a0f0a0d74657374...(size=33), reply=RaftClientReply:client-2265A94AA220->localhost_10000@group-03E665A0CE68, cid=42, FAILED org.apache.ratis.protocol.LeaderNotReadyException: localhost_10000@group-03E665A0CE68 is in LEADER state but not ready yet., logIndex=0, commits[localhost_10000:c-1, localhost_10002:c-1, localhost_10001:c-1]
2019-09-24 12:19:54,892 INFO  client.GrpcClientProtocolService (GrpcClientProtocolService.java:lambda$processClientRequest$0(278)) - Failed RaftClientRequest:client-2265A94AA220->localhost_10000@group-03E665A0CE68, cid=42, seq=0, RW, Message:321f0a0f0a0d74657374...(size=33), reply=RaftClientReply:client-2265A94AA220->localhost_10000@group-03E665A0CE68, cid=42, FAILED org.apache.ratis.protocol.LeaderNotReadyException: localhost_10000@group-03E665A0CE68 is in LEADER state but not ready yet., logIndex=0, commits[localhost_10000:c-1, localhost_10002:c-1, localhost_10001:c-1]
2019-09-24 12:19:54,893 INFO  client.GrpcClientProtocolService (GrpcClientProtocolService.java:lambda$processClientRequest$0(278)) - Failed RaftClientRequest:client-2265A94AA220->localhost_10000@group-03E665A0CE68, cid=42, seq=0, RW, Message:321f0a0f0a0d74657374...(size=33), reply=RaftClientReply:client-2265A94AA220->localhost_10000@group-03E665A0CE68, cid=42, FAILED org.apache.ratis.protocol.LeaderNotReadyException: localhost_10000@group-03E665A0CE68 is in LEADER state but not ready yet., logIndex=0, commits[localhost_10000:c-1, localhost_10002:c-1, localhost_10001:c-1]
2019-09-24 12:19:54,894 INFO  client.GrpcClientProtocolService (GrpcClientProtocolService.java:lambda$processClientRequest$0(278)) - Failed RaftClientRequest:client-2265A94AA220->localhost_10000@group-03E665A0CE68, cid=42, seq=0, RW, Message:321f0a0f0a0d74657374...(size=33), reply=RaftClientReply:client-2265A94AA220->localhost_10000@group-03E665A0CE68, cid=42, FAILED org.apache.ratis.protocol.LeaderNotReadyException: localhost_10000@group-03E665A0CE68 is in LEADER state but not ready yet., logIndex=0, commits[localhost_10000:c-1, localhost_10002:c-1, localhost_10001:c-1]
2019-09-24 12:19:54,895 INFO  client.GrpcClientProtocolService (GrpcClientProtocolService.java:lambda$processClientRequest$0(278)) - Failed RaftClientRequest:client-2265A94AA220->localhost_10000@group-03E665A0CE68, cid=42, seq=0, RW, Message:321f0a0f0a0d74657374...(size=33), reply=RaftClientReply:client-2265A94AA220->localhost_10000@group-03E665A0CE68, cid=42, FAILED org.apache.ratis.protocol.LeaderNotReadyException: localhost_10000@group-03E665A0CE68 is in LEADER state but not ready yet., logIndex=0, commits[localhost_10000:c-1, localhost_10002:c-1, localhost_10001:c-1]
2019-09-24 12:19:54,896 INFO  client.GrpcClientProtocolService (GrpcClientProtocolService.java:lambda$processClientRequest$0(278)) - Failed RaftClientRequest:client-2265A94AA220->localhost_10000@group-03E665A0CE68, cid=42, seq=0, RW, Message:321f0a0f0a0d74657374...(size=33), reply=RaftClientReply:client-2265A94AA220->localhost_10000@group-03E665A0CE68, cid=42, FAILED org.apache.ratis.protocol.LeaderNotReadyException: localhost_10000@group-03E665A0CE68 is in LEADER state but not ready yet., logIndex=0, commits[localhost_10000:c-1, localhost_10002:c-1, localhost_10001:c-1]
2019-09-24 12:19:54,896 INFO  client.GrpcClientProtocolService (GrpcClientProtocolService.java:lambda$processClientRequest$0(278)) - Failed RaftClientRequest:client-2265A94AA220->localhost_10000@group-03E665A0CE68, cid=42, seq=0, RW, Message:321f0a0f0a0d74657374...(size=33), reply=RaftClientReply:client-2265A94AA220->localhost_10000@group-03E665A0CE68, cid=42, FAILED org.apache.ratis.protocol.LeaderNotReadyException: localhost_10000@group-03E665A0CE68 is in LEADER state but not ready yet., logIndex=0, commits[localhost_10000:c-1, localhost_10002:c-1, localhost_10001:c-1]
2019-09-24 12:19:54,897 INFO  client.GrpcClientProtocolService (GrpcClientProtocolService.java:lambda$processClientRequest$0(278)) - Failed RaftClientRequest:client-2265A94AA220->localhost_10000@group-03E665A0CE68, cid=42, seq=0, RW, Message:321f0a0f0a0d74657374...(size=33), reply=RaftClientReply:client-2265A94AA220->localhost_10000@group-03E665A0CE68, cid=42, FAILED org.apache.ratis.protocol.LeaderNotReadyException: localhost_10000@group-03E665A0CE68 is in LEADER state but not ready yet., logIndex=0, commits[localhost_10000:c-1, localhost_10002:c-1, localhost_10001:c-1]
2019-09-24 12:19:54,898 INFO  client.GrpcClientProtocolService (GrpcClientProtocolService.java:lambda$processClientRequest$0(278)) - Failed RaftClientRequest:client-2265A94AA220->localhost_10000@group-03E665A0CE68, cid=42, seq=0, RW, Message:321f0a0f0a0d74657374...(size=33), reply=RaftClientReply:client-2265A94AA220->localhost_10000@group-03E665A0CE68, cid=42, FAILED org.apache.ratis.protocol.LeaderNotReadyException: localhost_10000@group-03E665A0CE68 is in LEADER state but not ready yet., logIndex=0, commits[localhost_10000:c-1, localhost_10002:c-1, localhost_10001:c-1]
2019-09-24 12:19:54,899 INFO  client.GrpcClientProtocolService (GrpcClientProtocolService.java:lambda$processClientRequest$0(278)) - Failed RaftClientRequest:client-2265A94AA220->localhost_10000@group-03E665A0CE68, cid=42, seq=0, RW, Message:321f0a0f0a0d74657374...(size=33), reply=RaftClientReply:client-2265A94AA220->localhost_10000@group-03E665A0CE68, cid=42, FAILED org.apache.ratis.protocol.LeaderNotReadyException: localhost_10000@group-03E665A0CE68 is in LEADER state but not ready yet., logIndex=0, commits[localhost_10000:c-1, localhost_10002:c-1, localhost_10001:c-1]
2019-09-24 12:19:54,899 INFO  client.GrpcClientProtocolService (GrpcClientProtocolService.java:lambda$processClientRequest$0(278)) - Failed RaftClientRequest:client-2265A94AA220->localhost_10000@group-03E665A0CE68, cid=42, seq=0, RW, Message:321f0a0f0a0d74657374...(size=33), reply=RaftClientReply:client-2265A94AA220->localhost_10000@group-03E665A0CE68, cid=42, FAILED org.apache.ratis.protocol.LeaderNotReadyException: localhost_10000@group-03E665A0CE68 is in LEADER state but not ready yet., logIndex=0, commits[localhost_10000:c-1, localhost_10002:c-1, localhost_10001:c-1]
2019-09-24 12:19:54,900 INFO  client.GrpcClientProtocolService (GrpcClientProtocolService.java:lambda$processClientRequest$0(278)) - Failed RaftClientRequest:client-2265A94AA220->localhost_10000@group-03E665A0CE68, cid=42, seq=0, RW, Message:321f0a0f0a0d74657374...(size=33), reply=RaftClientReply:client-2265A94AA220->localhost_10000@group-03E665A0CE68, cid=42, FAILED org.apache.ratis.protocol.LeaderNotReadyException: localhost_10000@group-03E665A0CE68 is in LEADER state but not ready yet., logIndex=0, commits[localhost_10000:c-1, localhost_10002:c-1, localhost_10001:c-1]
2019-09-24 12:19:54,901 INFO  client.GrpcClientProtocolService (GrpcClientProtocolService.java:lambda$processClientRequest$0(278)) - Failed RaftClientRequest:client-2265A94AA220->localhost_10000@group-03E665A0CE68, cid=42, seq=0, RW, Message:321f0a0f0a0d74657374...(size=33), reply=RaftClientReply:client-2265A94AA220->localhost_10000@group-03E665A0CE68, cid=42, FAILED org.apache.ratis.protocol.LeaderNotReadyException: localhost_10000@group-03E665A0CE68 is in LEADER state but not ready yet., logIndex=0, commits[localhost_10000:c-1, localhost_10002:c-1, localhost_10001:c-1]
2019-09-24 12:19:54,902 INFO  client.GrpcClientProtocolService (GrpcClientProtocolService.java:lambda$processClientRequest$0(278)) - Failed RaftClientRequest:client-2265A94AA220->localhost_10000@group-03E665A0CE68, cid=42, seq=0, RW, Message:321f0a0f0a0d74657374...(size=33), reply=RaftClientReply:client-2265A94AA220->localhost_10000@group-03E665A0CE68, cid=42, FAILED org.apache.ratis.protocol.LeaderNotReadyException: localhost_10000@group-03E665A0CE68 is in LEADER state but not ready yet., logIndex=0, commits[localhost_10000:c-1, localhost_10002:c-1, localhost_10001:c-1]
2019-09-24 12:19:54,903 INFO  client.GrpcClientProtocolService (GrpcClientProtocolService.java:lambda$processClientRequest$0(278)) - Failed RaftClientRequest:client-2265A94AA220->localhost_10000@group-03E665A0CE68, cid=42, seq=0, RW, Message:321f0a0f0a0d74657374...(size=33), reply=RaftClientReply:client-2265A94AA220->localhost_10000@group-03E665A0CE68, cid=42, FAILED org.apache.ratis.protocol.LeaderNotReadyException: localhost_10000@group-03E665A0CE68 is in LEADER state but not ready yet., logIndex=0, commits[localhost_10000:c-1, localhost_10002:c-1, localhost_10001:c-1]
2019-09-24 12:19:54,903 INFO  client.GrpcClientProtocolService (GrpcClientProtocolService.java:lambda$processClientRequest$0(278)) - Failed RaftClientRequest:client-2265A94AA220->localhost_10000@group-03E665A0CE68, cid=42, seq=0, RW, Message:321f0a0f0a0d74657374...(size=33), reply=RaftClientReply:client-2265A94AA220->localhost_10000@group-03E665A0CE68, cid=42, FAILED org.apache.ratis.protocol.LeaderNotReadyException: localhost_10000@group-03E665A0CE68 is in LEADER state but not ready yet., logIndex=0, commits[localhost_10000:c-1, localhost_10002:c-1, localhost_10001:c-1]
2019-09-24 12:19:54,904 INFO  client.GrpcClientProtocolService (GrpcClientProtocolService.java:lambda$processClientRequest$0(278)) - Failed RaftClientRequest:client-2265A94AA220->localhost_10000@group-03E665A0CE68, cid=42, seq=0, RW, Message:321f0a0f0a0d74657374...(size=33), reply=RaftClientReply:client-2265A94AA220->localhost_10000@group-03E665A0CE68, cid=42, FAILED org.apache.ratis.protocol.LeaderNotReadyException: localhost_10000@group-03E665A0CE68 is in LEADER state but not ready yet., logIndex=0, commits[localhost_10000:c-1, localhost_10002:c-1, localhost_10001:c-1]
2019-09-24 12:19:54,905 INFO  client.GrpcClientProtocolService (GrpcClientProtocolService.java:lambda$processClientRequest$0(278)) - Failed RaftClientRequest:client-2265A94AA220->localhost_10000@group-03E665A0CE68, cid=42, seq=0, RW, Message:321f0a0f0a0d74657374...(size=33), reply=RaftClientReply:client-2265A94AA220->localhost_10000@group-03E665A0CE68, cid=42, FAILED org.apache.ratis.protocol.LeaderNotReadyException: localhost_10000@group-03E665A0CE68 is in LEADER state but not ready yet., logIndex=0, commits[localhost_10000:c-1, localhost_10002:c-1, localhost_10001:c-1]
2019-09-24 12:19:54,906 INFO  client.GrpcClientProtocolService (GrpcClientProtocolService.java:lambda$processClientRequest$0(278)) - Failed RaftClientRequest:client-2265A94AA220->localhost_10000@group-03E665A0CE68, cid=42, seq=0, RW, Message:321f0a0f0a0d74657374...(size=33), reply=RaftClientReply:client-2265A94AA220->localhost_10000@group-03E665A0CE68, cid=42, FAILED org.apache.ratis.protocol.LeaderNotReadyException: localhost_10000@group-03E665A0CE68 is in LEADER state but not ready yet., logIndex=0, commits[localhost_10000:c-1, localhost_10002:c-1, localhost_10001:c-1]
2019-09-24 12:19:54,907 INFO  client.GrpcClientProtocolService (GrpcClientProtocolService.java:lambda$processClientRequest$0(278)) - Failed RaftClientRequest:client-2265A94AA220->localhost_10000@group-03E665A0CE68, cid=42, seq=0, RW, Message:321f0a0f0a0d74657374...(size=33), reply=RaftClientReply:client-2265A94AA220->localhost_10000@group-03E665A0CE68, cid=42, FAILED org.apache.ratis.protocol.LeaderNotReadyException: localhost_10000@group-03E665A0CE68 is in LEADER state but not ready yet., logIndex=0, commits[localhost_10000:c-1, localhost_10002:c-1, localhost_10001:c-1]
2019-09-24 12:19:54,908 INFO  client.GrpcClientProtocolService (GrpcClientProtocolService.java:lambda$processClientRequest$0(278)) - Failed RaftClientRequest:client-2265A94AA220->localhost_10000@group-03E665A0CE68, cid=42, seq=0, RW, Message:321f0a0f0a0d74657374...(size=33), reply=RaftClientReply:client-2265A94AA220->localhost_10000@group-03E665A0CE68, cid=42, FAILED org.apache.ratis.protocol.LeaderNotReadyException: localhost_10000@group-03E665A0CE68 is in LEADER state but not ready yet., logIndex=0, commits[localhost_10000:c-1, localhost_10002:c-1, localhost_10001:c-1]
2019-09-24 12:19:54,909 INFO  client.GrpcClientProtocolService (GrpcClientProtocolService.java:lambda$processClientRequest$0(278)) - Failed RaftClientRequest:client-2265A94AA220->localhost_10000@group-03E665A0CE68, cid=42, seq=0, RW, Message:321f0a0f0a0d74657374...(size=33), reply=RaftClientReply:client-2265A94AA220->localhost_10000@group-03E665A0CE68, cid=42, FAILED org.apache.ratis.protocol.LeaderNotReadyException: localhost_10000@group-03E665A0CE68 is in LEADER state but not ready yet., logIndex=0, commits[localhost_10000:c-1, localhost_10002:c-1, localhost_10001:c-1]
2019-09-24 12:19:54,910 INFO  client.GrpcClientProtocolService (GrpcClientProtocolService.java:lambda$processClientRequest$0(278)) - Failed RaftClientRequest:client-2265A94AA220->localhost_10000@group-03E665A0CE68, cid=42, seq=0, RW, Message:321f0a0f0a0d74657374...(size=33), reply=RaftClientReply:client-2265A94AA220->localhost_10000@group-03E665A0CE68, cid=42, FAILED org.apache.ratis.protocol.LeaderNotReadyException: localhost_10000@group-03E665A0CE68 is in LEADER state but not ready yet., logIndex=0, commits[localhost_10000:c-1, localhost_10002:c-1, localhost_10001:c-1]
2019-09-24 12:19:54,911 INFO  client.GrpcClientProtocolService (GrpcClientProtocolService.java:lambda$processClientRequest$0(278)) - Failed RaftClientRequest:client-2265A94AA220->localhost_10000@group-03E665A0CE68, cid=42, seq=0, RW, Message:321f0a0f0a0d74657374...(size=33), reply=RaftClientReply:client-2265A94AA220->localhost_10000@group-03E665A0CE68, cid=42, FAILED org.apache.ratis.protocol.LeaderNotReadyException: localhost_10000@group-03E665A0CE68 is in LEADER state but not ready yet., logIndex=0, commits[localhost_10000:c-1, localhost_10002:c-1, localhost_10001:c-1]
2019-09-24 12:19:54,912 INFO  client.GrpcClientProtocolService (GrpcClientProtocolService.java:lambda$processClientRequest$0(278)) - Failed RaftClientRequest:client-2265A94AA220->localhost_10000@group-03E665A0CE68, cid=42, seq=0, RW, Message:321f0a0f0a0d74657374...(size=33), reply=RaftClientReply:client-2265A94AA220->localhost_10000@group-03E665A0CE68, cid=42, FAILED org.apache.ratis.protocol.LeaderNotReadyException: localhost_10000@group-03E665A0CE68 is in LEADER state but not ready yet., logIndex=0, commits[localhost_10000:c-1, localhost_10002:c-1, localhost_10001:c-1]
2019-09-24 12:19:54,913 INFO  client.GrpcClientProtocolService (GrpcClientProtocolService.java:lambda$processClientRequest$0(278)) - Failed RaftClientRequest:client-2265A94AA220->localhost_10000@group-03E665A0CE68, cid=42, seq=0, RW, Message:321f0a0f0a0d74657374...(size=33), reply=RaftClientReply:client-2265A94AA220->localhost_10000@group-03E665A0CE68, cid=42, FAILED org.apache.ratis.protocol.LeaderNotReadyException: localhost_10000@group-03E665A0CE68 is in LEADER state but not ready yet., logIndex=0, commits[localhost_10000:c-1, localhost_10002:c-1, localhost_10001:c-1]
2019-09-24 12:19:54,914 INFO  client.GrpcClientProtocolService (GrpcClientProtocolService.java:lambda$processClientRequest$0(278)) - Failed RaftClientRequest:client-2265A94AA220->localhost_10000@group-03E665A0CE68, cid=42, seq=0, RW, Message:321f0a0f0a0d74657374...(size=33), reply=RaftClientReply:client-2265A94AA220->localhost_10000@group-03E665A0CE68, cid=42, FAILED org.apache.ratis.protocol.LeaderNotReadyException: localhost_10000@group-03E665A0CE68 is in LEADER state but not ready yet., logIndex=0, commits[localhost_10000:c-1, localhost_10002:c-1, localhost_10001:c-1]
2019-09-24 12:19:54,914 INFO  client.GrpcClientProtocolService (GrpcClientProtocolService.java:lambda$processClientRequest$0(278)) - Failed RaftClientRequest:client-2265A94AA220->localhost_10000@group-03E665A0CE68, cid=42, seq=0, RW, Message:321f0a0f0a0d74657374...(size=33), reply=RaftClientReply:client-2265A94AA220->localhost_10000@group-03E665A0CE68, cid=42, FAILED org.apache.ratis.protocol.LeaderNotReadyException: localhost_10000@group-03E665A0CE68 is in LEADER state but not ready yet., logIndex=0, commits[localhost_10000:c-1, localhost_10002:c-1, localhost_10001:c-1]
2019-09-24 12:19:54,915 INFO  client.GrpcClientProtocolService (GrpcClientProtocolService.java:lambda$processClientRequest$0(278)) - Failed RaftClientRequest:client-2265A94AA220->localhost_10000@group-03E665A0CE68, cid=42, seq=0, RW, Message:321f0a0f0a0d74657374...(size=33), reply=RaftClientReply:client-2265A94AA220->localhost_10000@group-03E665A0CE68, cid=42, FAILED org.apache.ratis.protocol.LeaderNotReadyException: localhost_10000@group-03E665A0CE68 is in LEADER state but not ready yet., logIndex=0, commits[localhost_10000:c-1, localhost_10002:c-1, localhost_10001:c-1]
2019-09-24 12:19:54,916 INFO  client.GrpcClientProtocolService (GrpcClientProtocolService.java:lambda$processClientRequest$0(278)) - Failed RaftClientRequest:client-2265A94AA220->localhost_10000@group-03E665A0CE68, cid=42, seq=0, RW, Message:321f0a0f0a0d74657374...(size=33), reply=RaftClientReply:client-2265A94AA220->localhost_10000@group-03E665A0CE68, cid=42, FAILED org.apache.ratis.protocol.LeaderNotReadyException: localhost_10000@group-03E665A0CE68 is in LEADER state but not ready yet., logIndex=0, commits[localhost_10000:c-1, localhost_10002:c-1, localhost_10001:c-1]
2019-09-24 12:19:54,917 INFO  client.GrpcClientProtocolService (GrpcClientProtocolService.java:lambda$processClientRequest$0(278)) - Failed RaftClientRequest:client-2265A94AA220->localhost_10000@group-03E665A0CE68, cid=42, seq=0, RW, Message:321f0a0f0a0d74657374...(size=33), reply=RaftClientReply:client-2265A94AA220->localhost_10000@group-03E665A0CE68, cid=42, FAILED org.apache.ratis.protocol.LeaderNotReadyException: localhost_10000@group-03E665A0CE68 is in LEADER state but not ready yet., logIndex=0, commits[localhost_10000:c-1, localhost_10002:c-1, localhost_10001:c-1]
2019-09-24 12:19:54,918 INFO  client.GrpcClientProtocolService (GrpcClientProtocolService.java:lambda$processClientRequest$0(278)) - Failed RaftClientRequest:client-2265A94AA220->localhost_10000@group-03E665A0CE68, cid=42, seq=0, RW, Message:321f0a0f0a0d74657374...(size=33), reply=RaftClientReply:client-2265A94AA220->localhost_10000@group-03E665A0CE68, cid=42, FAILED org.apache.ratis.protocol.LeaderNotReadyException: localhost_10000@group-03E665A0CE68 is in LEADER state but not ready yet., logIndex=0, commits[localhost_10000:c-1, localhost_10002:c-1, localhost_10001:c-1]
2019-09-24 12:19:54,919 INFO  client.GrpcClientProtocolService (GrpcClientProtocolService.java:lambda$processClientRequest$0(278)) - Failed RaftClientRequest:client-2265A94AA220->localhost_10000@group-03E665A0CE68, cid=42, seq=0, RW, Message:321f0a0f0a0d74657374...(size=33), reply=RaftClientReply:client-2265A94AA220->localhost_10000@group-03E665A0CE68, cid=42, FAILED org.apache.ratis.protocol.LeaderNotReadyException: localhost_10000@group-03E665A0CE68 is in LEADER state but not ready yet., logIndex=0, commits[localhost_10000:c-1, localhost_10002:c-1, localhost_10001:c-1]
2019-09-24 12:19:54,919 INFO  segmented.SegmentedRaftLogWorker (SegmentedRaftLogWorker.java:execute(569)) - localhost_10000@group-A46AB4E52804-SegmentedRaftLogWorker: created new log segment /workdir/ratis-logservice/target/test/data/d59f9dd5/workers/0/0194243a-cc58-4cc4-a46c-a46ab4e52804/current/log_inprogress_0
2019-09-24 12:19:54,920 INFO  client.GrpcClientProtocolService (GrpcClientProtocolService.java:lambda$processClientRequest$0(278)) - Failed RaftClientRequest:client-2265A94AA220->localhost_10000@group-03E665A0CE68, cid=42, seq=0, RW, Message:321f0a0f0a0d74657374...(size=33), reply=RaftClientReply:client-2265A94AA220->localhost_10000@group-03E665A0CE68, cid=42, FAILED org.apache.ratis.protocol.LeaderNotReadyException: localhost_10000@group-03E665A0CE68 is in LEADER state but not ready yet., logIndex=0, commits[localhost_10000:c-1, localhost_10002:c-1, localhost_10001:c-1]
2019-09-24 12:19:54,920 INFO  client.GrpcClientProtocolService (GrpcClientProtocolService.java:lambda$processClientRequest$0(278)) - Failed RaftClientRequest:client-2265A94AA220->localhost_10000@group-03E665A0CE68, cid=42, seq=0, RW, Message:321f0a0f0a0d74657374...(size=33), reply=RaftClientReply:client-2265A94AA220->localhost_10000@group-03E665A0CE68, cid=42, FAILED org.apache.ratis.protocol.LeaderNotReadyException: localhost_10000@group-03E665A0CE68 is in LEADER state but not ready yet., logIndex=0, commits[localhost_10000:c-1, localhost_10002:c-1, localhost_10001:c-1]
2019-09-24 12:19:54,921 INFO  segmented.SegmentedRaftLogWorker (SegmentedRaftLogWorker.java:execute(569)) - localhost_10002@group-A46AB4E52804-SegmentedRaftLogWorker: created new log segment /workdir/ratis-logservice/target/test/data/d59f9dd5/workers/2/0194243a-cc58-4cc4-a46c-a46ab4e52804/current/log_inprogress_0
2019-09-24 12:19:54,921 INFO  segmented.SegmentedRaftLogWorker (SegmentedRaftLogWorker.java:execute(569)) - localhost_10001@group-A46AB4E52804-SegmentedRaftLogWorker: created new log segment /workdir/ratis-logservice/target/test/data/d59f9dd5/workers/1/0194243a-cc58-4cc4-a46c-a46ab4e52804/current/log_inprogress_0
2019-09-24 12:19:54,921 INFO  segmented.SegmentedRaftLogWorker (SegmentedRaftLogWorker.java:execute(569)) - localhost_10000@group-03E665A0CE68-SegmentedRaftLogWorker: created new log segment /workdir/ratis-logservice/target/test/data/d59f9dd5/workers/0/34b88015-cd43-4586-997f-03e665a0ce68/current/log_inprogress_0
2019-09-24 12:19:54,921 INFO  segmented.SegmentedRaftLogWorker (SegmentedRaftLogWorker.java:execute(569)) - localhost_10001@group-03E665A0CE68-SegmentedRaftLogWorker: created new log segment /workdir/ratis-logservice/target/test/data/d59f9dd5/workers/1/34b88015-cd43-4586-997f-03e665a0ce68/current/log_inprogress_0
2019-09-24 12:19:54,921 INFO  segmented.SegmentedRaftLogWorker (SegmentedRaftLogWorker.java:execute(569)) - localhost_10002@group-03E665A0CE68-SegmentedRaftLogWorker: created new log segment /workdir/ratis-logservice/target/test/data/d59f9dd5/workers/2/34b88015-cd43-4586-997f-03e665a0ce68/current/log_inprogress_0
2019-09-24 12:19:54,921 INFO  client.GrpcClientProtocolService (GrpcClientProtocolService.java:lambda$processClientRequest$0(278)) - Failed RaftClientRequest:client-2265A94AA220->localhost_10000@group-03E665A0CE68, cid=42, seq=0, RW, Message:321f0a0f0a0d74657374...(size=33), reply=RaftClientReply:client-2265A94AA220->localhost_10000@group-03E665A0CE68, cid=42, FAILED org.apache.ratis.protocol.LeaderNotReadyException: localhost_10000@group-03E665A0CE68 is in LEADER state but not ready yet., logIndex=0, commits[localhost_10000:c-1, localhost_10002:c-1, localhost_10001:c-1]
2019-09-24 12:19:54,922 INFO  client.GrpcClientProtocolService (GrpcClientProtocolService.java:lambda$processClientRequest$0(278)) - Failed RaftClientRequest:client-2265A94AA220->localhost_10000@group-03E665A0CE68, cid=42, seq=0, RW, Message:321f0a0f0a0d74657374...(size=33), reply=RaftClientReply:client-2265A94AA220->localhost_10000@group-03E665A0CE68, cid=42, FAILED org.apache.ratis.protocol.LeaderNotReadyException: localhost_10000@group-03E665A0CE68 is in LEADER state but not ready yet., logIndex=0, commits[localhost_10000:c-1, localhost_10002:c-1, localhost_10001:c-1]
2019-09-24 12:19:54,923 INFO  client.GrpcClientProtocolService (GrpcClientProtocolService.java:lambda$processClientRequest$0(278)) - Failed RaftClientRequest:client-2265A94AA220->localhost_10000@group-03E665A0CE68, cid=42, seq=0, RW, Message:321f0a0f0a0d74657374...(size=33), reply=RaftClientReply:client-2265A94AA220->localhost_10000@group-03E665A0CE68, cid=42, FAILED org.apache.ratis.protocol.LeaderNotReadyException: localhost_10000@group-03E665A0CE68 is in LEADER state but not ready yet., logIndex=0, commits[localhost_10000:c-1, localhost_10002:c-1, localhost_10001:c-1]
2019-09-24 12:19:54,924 INFO  client.GrpcClientProtocolService (GrpcClientProtocolService.java:lambda$processClientRequest$0(278)) - Failed RaftClientRequest:client-2265A94AA220->localhost_10000@group-03E665A0CE68, cid=42, seq=0, RW, Message:321f0a0f0a0d74657374...(size=33), reply=RaftClientReply:client-2265A94AA220->localhost_10000@group-03E665A0CE68, cid=42, FAILED org.apache.ratis.protocol.LeaderNotReadyException: localhost_10000@group-03E665A0CE68 is in LEADER state but not ready yet., logIndex=0, commits[localhost_10000:c-1, localhost_10002:c-1, localhost_10001:c-1]
2019-09-24 12:19:54,924 INFO  client.GrpcClientProtocolService (GrpcClientProtocolService.java:lambda$processClientRequest$0(278)) - Failed RaftClientRequest:client-2265A94AA220->localhost_10000@group-03E665A0CE68, cid=42, seq=0, RW, Message:321f0a0f0a0d74657374...(size=33), reply=RaftClientReply:client-2265A94AA220->localhost_10000@group-03E665A0CE68, cid=42, FAILED org.apache.ratis.protocol.LeaderNotReadyException: localhost_10000@group-03E665A0CE68 is in LEADER state but not ready yet., logIndex=0, commits[localhost_10000:c-1, localhost_10002:c-1, localhost_10001:c-1]
2019-09-24 12:19:54,925 INFO  client.GrpcClientProtocolService (GrpcClientProtocolService.java:lambda$processClientRequest$0(278)) - Failed RaftClientRequest:client-2265A94AA220->localhost_10000@group-03E665A0CE68, cid=42, seq=0, RW, Message:321f0a0f0a0d74657374...(size=33), reply=RaftClientReply:client-2265A94AA220->localhost_10000@group-03E665A0CE68, cid=42, FAILED org.apache.ratis.protocol.LeaderNotReadyException: localhost_10000@group-03E665A0CE68 is in LEADER state but not ready yet., logIndex=0, commits[localhost_10000:c-1, localhost_10002:c-1, localhost_10001:c-1]
2019-09-24 12:19:54,926 INFO  client.GrpcClientProtocolService (GrpcClientProtocolService.java:lambda$processClientRequest$0(278)) - Failed RaftClientRequest:client-2265A94AA220->localhost_10000@group-03E665A0CE68, cid=42, seq=0, RW, Message:321f0a0f0a0d74657374...(size=33), reply=RaftClientReply:client-2265A94AA220->localhost_10000@group-03E665A0CE68, cid=42, FAILED org.apache.ratis.protocol.LeaderNotReadyException: localhost_10000@group-03E665A0CE68 is in LEADER state but not ready yet., logIndex=0, commits[localhost_10000:c-1, localhost_10002:c-1, localhost_10001:c-1]
2019-09-24 12:19:54,927 INFO  client.GrpcClientProtocolService (GrpcClientProtocolService.java:lambda$processClientRequest$0(278)) - Failed RaftClientRequest:client-2265A94AA220->localhost_10000@group-03E665A0CE68, cid=42, seq=0, RW, Message:321f0a0f0a0d74657374...(size=33), reply=RaftClientReply:client-2265A94AA220->localhost_10000@group-03E665A0CE68, cid=42, FAILED org.apache.ratis.protocol.LeaderNotReadyException: localhost_10000@group-03E665A0CE68 is in LEADER state but not ready yet., logIndex=0, commits[localhost_10000:c-1, localhost_10002:c-1, localhost_10001:c-1]
2019-09-24 12:19:54,928 INFO  client.GrpcClientProtocolService (GrpcClientProtocolService.java:lambda$processClientRequest$0(278)) - Failed RaftClientRequest:client-2265A94AA220->localhost_10000@group-03E665A0CE68, cid=42, seq=0, RW, Message:321f0a0f0a0d74657374...(size=33), reply=RaftClientReply:client-2265A94AA220->localhost_10000@group-03E665A0CE68, cid=42, FAILED org.apache.ratis.protocol.LeaderNotReadyException: localhost_10000@group-03E665A0CE68 is in LEADER state but not ready yet., logIndex=0, commits[localhost_10000:c-1, localhost_10002:c-1, localhost_10001:c-1]
2019-09-24 12:19:54,929 INFO  client.GrpcClientProtocolService (GrpcClientProtocolService.java:lambda$processClientRequest$0(278)) - Failed RaftClientRequest:client-2265A94AA220->localhost_10000@group-03E665A0CE68, cid=42, seq=0, RW, Message:321f0a0f0a0d74657374...(size=33), reply=RaftClientReply:client-2265A94AA220->localhost_10000@group-03E665A0CE68, cid=42, FAILED org.apache.ratis.protocol.LeaderNotReadyException: localhost_10000@group-03E665A0CE68 is in LEADER state but not ready yet., logIndex=0, commits[localhost_10000:c-1, localhost_10002:c-1, localhost_10001:c-1]
2019-09-24 12:19:54,930 INFO  client.GrpcClientProtocolService (GrpcClientProtocolService.java:lambda$processClientRequest$0(278)) - Failed RaftClientRequest:client-2265A94AA220->localhost_10000@group-03E665A0CE68, cid=42, seq=0, RW, Message:321f0a0f0a0d74657374...(size=33), reply=RaftClientReply:client-2265A94AA220->localhost_10000@group-03E665A0CE68, cid=42, FAILED org.apache.ratis.protocol.LeaderNotReadyException: localhost_10000@group-03E665A0CE68 is in LEADER state but not ready yet., logIndex=0, commits[localhost_10000:c-1, localhost_10002:c-1, localhost_10001:c-1]
2019-09-24 12:19:54,930 INFO  client.GrpcClientProtocolService (GrpcClientProtocolService.java:lambda$processClientRequest$0(278)) - Failed RaftClientRequest:client-2265A94AA220->localhost_10000@group-03E665A0CE68, cid=42, seq=0, RW, Message:321f0a0f0a0d74657374...(size=33), reply=RaftClientReply:client-2265A94AA220->localhost_10000@group-03E665A0CE68, cid=42, FAILED org.apache.ratis.protocol.LeaderNotReadyException: localhost_10000@group-03E665A0CE68 is in LEADER state but not ready yet., logIndex=0, commits[localhost_10000:c-1, localhost_10002:c-1, localhost_10001:c-1]
2019-09-24 12:19:54,931 INFO  client.GrpcClientProtocolService (GrpcClientProtocolService.java:lambda$processClientRequest$0(278)) - Failed RaftClientRequest:client-2265A94AA220->localhost_10000@group-03E665A0CE68, cid=42, seq=0, RW, Message:321f0a0f0a0d74657374...(size=33), reply=RaftClientReply:client-2265A94AA220->localhost_10000@group-03E665A0CE68, cid=42, FAILED org.apache.ratis.protocol.LeaderNotReadyException: localhost_10000@group-03E665A0CE68 is in LEADER state but not ready yet., logIndex=0, commits[localhost_10000:c-1, localhost_10002:c-1, localhost_10001:c-1]
2019-09-24 12:19:54,932 INFO  client.GrpcClientProtocolService (GrpcClientProtocolService.java:lambda$processClientRequest$0(278)) - Failed RaftClientRequest:client-2265A94AA220->localhost_10000@group-03E665A0CE68, cid=42, seq=0, RW, Message:321f0a0f0a0d74657374...(size=33), reply=RaftClientReply:client-2265A94AA220->localhost_10000@group-03E665A0CE68, cid=42, FAILED org.apache.ratis.protocol.LeaderNotReadyException: localhost_10000@group-03E665A0CE68 is in LEADER state but not ready yet., logIndex=0, commits[localhost_10000:c-1, localhost_10002:c-1, localhost_10001:c-1]
2019-09-24 12:19:54,933 INFO  client.GrpcClientProtocolService (GrpcClientProtocolService.java:lambda$processClientRequest$0(278)) - Failed RaftClientRequest:client-2265A94AA220->localhost_10000@group-03E665A0CE68, cid=42, seq=0, RW, Message:321f0a0f0a0d74657374...(size=33), reply=RaftClientReply:client-2265A94AA220->localhost_10000@group-03E665A0CE68, cid=42, FAILED org.apache.ratis.protocol.LeaderNotReadyException: localhost_10000@group-03E665A0CE68 is in LEADER state but not ready yet., logIndex=0, commits[localhost_10000:c-1, localhost_10002:c-1, localhost_10001:c-1]
2019-09-24 12:19:54,934 INFO  client.GrpcClientProtocolService (GrpcClientProtocolService.java:lambda$processClientRequest$0(278)) - Failed RaftClientRequest:client-2265A94AA220->localhost_10000@group-03E665A0CE68, cid=42, seq=0, RW, Message:321f0a0f0a0d74657374...(size=33), reply=RaftClientReply:client-2265A94AA220->localhost_10000@group-03E665A0CE68, cid=42, FAILED org.apache.ratis.protocol.LeaderNotReadyException: localhost_10000@group-03E665A0CE68 is in LEADER state but not ready yet., logIndex=0, commits[localhost_10000:c-1, localhost_10002:c-1, localhost_10001:c-1]
2019-09-24 12:19:54,934 INFO  client.GrpcClientProtocolService (GrpcClientProtocolService.java:lambda$processClientRequest$0(278)) - Failed RaftClientRequest:client-2265A94AA220->localhost_10000@group-03E665A0CE68, cid=42, seq=0, RW, Message:321f0a0f0a0d74657374...(size=33), reply=RaftClientReply:client-2265A94AA220->localhost_10000@group-03E665A0CE68, cid=42, FAILED org.apache.ratis.protocol.LeaderNotReadyException: localhost_10000@group-03E665A0CE68 is in LEADER state but not ready yet., logIndex=0, commits[localhost_10000:c-1, localhost_10002:c-1, localhost_10001:c-1]
2019-09-24 12:19:54,935 INFO  client.GrpcClientProtocolService (GrpcClientProtocolService.java:lambda$processClientRequest$0(278)) - Failed RaftClientRequest:client-2265A94AA220->localhost_10000@group-03E665A0CE68, cid=42, seq=0, RW, Message:321f0a0f0a0d74657374...(size=33), reply=RaftClientReply:client-2265A94AA220->localhost_10000@group-03E665A0CE68, cid=42, FAILED org.apache.ratis.protocol.LeaderNotReadyException: localhost_10000@group-03E665A0CE68 is in LEADER state but not ready yet., logIndex=0, commits[localhost_10000:c-1, localhost_10002:c-1, localhost_10001:c-1]
2019-09-24 12:19:54,936 INFO  client.GrpcClientProtocolService (GrpcClientProtocolService.java:lambda$processClientRequest$0(278)) - Failed RaftClientRequest:client-2265A94AA220->localhost_10000@group-03E665A0CE68, cid=42, seq=0, RW, Message:321f0a0f0a0d74657374...(size=33), reply=RaftClientReply:client-2265A94AA220->localhost_10000@group-03E665A0CE68, cid=42, FAILED org.apache.ratis.protocol.LeaderNotReadyException: localhost_10000@group-03E665A0CE68 is in LEADER state but not ready yet., logIndex=0, commits[localhost_10000:c-1, localhost_10002:c-1, localhost_10001:c-1]
2019-09-24 12:19:54,937 INFO  client.GrpcClientProtocolService (GrpcClientProtocolService.java:lambda$processClientRequest$0(278)) - Failed RaftClientRequest:client-2265A94AA220->localhost_10000@group-03E665A0CE68, cid=42, seq=0, RW, Message:321f0a0f0a0d74657374...(size=33), reply=RaftClientReply:client-2265A94AA220->localhost_10000@group-03E665A0CE68, cid=42, FAILED org.apache.ratis.protocol.LeaderNotReadyException: localhost_10000@group-03E665A0CE68 is in LEADER state but not ready yet., logIndex=0, commits[localhost_10000:c-1, localhost_10002:c-1, localhost_10001:c-1]
2019-09-24 12:19:54,937 INFO  client.GrpcClientProtocolService (GrpcClientProtocolService.java:lambda$processClientRequest$0(278)) - Failed RaftClientRequest:client-2265A94AA220->localhost_10000@group-03E665A0CE68, cid=42, seq=0, RW, Message:321f0a0f0a0d74657374...(size=33), reply=RaftClientReply:client-2265A94AA220->localhost_10000@group-03E665A0CE68, cid=42, FAILED org.apache.ratis.protocol.LeaderNotReadyException: localhost_10000@group-03E665A0CE68 is in LEADER state but not ready yet., logIndex=0, commits[localhost_10000:c-1, localhost_10002:c-1, localhost_10001:c-1]
2019-09-24 12:19:54,938 INFO  client.GrpcClientProtocolService (GrpcClientProtocolService.java:lambda$processClientRequest$0(278)) - Failed RaftClientRequest:client-2265A94AA220->localhost_10000@group-03E665A0CE68, cid=42, seq=0, RW, Message:321f0a0f0a0d74657374...(size=33), reply=RaftClientReply:client-2265A94AA220->localhost_10000@group-03E665A0CE68, cid=42, FAILED org.apache.ratis.protocol.LeaderNotReadyException: localhost_10000@group-03E665A0CE68 is in LEADER state but not ready yet., logIndex=0, commits[localhost_10000:c-1, localhost_10002:c-1, localhost_10001:c-1]
2019-09-24 12:19:54,939 INFO  client.GrpcClientProtocolService (GrpcClientProtocolService.java:lambda$processClientRequest$0(278)) - Failed RaftClientRequest:client-2265A94AA220->localhost_10000@group-03E665A0CE68, cid=42, seq=0, RW, Message:321f0a0f0a0d74657374...(size=33), reply=RaftClientReply:client-2265A94AA220->localhost_10000@group-03E665A0CE68, cid=42, FAILED org.apache.ratis.protocol.LeaderNotReadyException: localhost_10000@group-03E665A0CE68 is in LEADER state but not ready yet., logIndex=0, commits[localhost_10000:c-1, localhost_10002:c-1, localhost_10001:c-1]
2019-09-24 12:19:54,940 INFO  client.GrpcClientProtocolService (GrpcClientProtocolService.java:lambda$processClientRequest$0(278)) - Failed RaftClientRequest:client-2265A94AA220->localhost_10000@group-03E665A0CE68, cid=42, seq=0, RW, Message:321f0a0f0a0d74657374...(size=33), reply=RaftClientReply:client-2265A94AA220->localhost_10000@group-03E665A0CE68, cid=42, FAILED org.apache.ratis.protocol.LeaderNotReadyException: localhost_10000@group-03E665A0CE68 is in LEADER state but not ready yet., logIndex=0, commits[localhost_10000:c-1, localhost_10002:c-1, localhost_10001:c-1]
2019-09-24 12:19:54,941 INFO  client.GrpcClientProtocolService (GrpcClientProtocolService.java:lambda$processClientRequest$0(278)) - Failed RaftClientRequest:client-2265A94AA220->localhost_10000@group-03E665A0CE68, cid=42, seq=0, RW, Message:321f0a0f0a0d74657374...(size=33), reply=RaftClientReply:client-2265A94AA220->localhost_10000@group-03E665A0CE68, cid=42, FAILED org.apache.ratis.protocol.LeaderNotReadyException: localhost_10000@group-03E665A0CE68 is in LEADER state but not ready yet., logIndex=0, commits[localhost_10000:c-1, localhost_10002:c-1, localhost_10001:c-1]
2019-09-24 12:19:54,941 INFO  client.GrpcClientProtocolService (GrpcClientProtocolService.java:lambda$processClientRequest$0(278)) - Failed RaftClientRequest:client-2265A94AA220->localhost_10000@group-03E665A0CE68, cid=42, seq=0, RW, Message:321f0a0f0a0d74657374...(size=33), reply=RaftClientReply:client-2265A94AA220->localhost_10000@group-03E665A0CE68, cid=42, FAILED org.apache.ratis.protocol.LeaderNotReadyException: localhost_10000@group-03E665A0CE68 is in LEADER state but not ready yet., logIndex=0, commits[localhost_10000:c-1, localhost_10002:c-1, localhost_10001:c-1]
2019-09-24 12:19:54,942 INFO  client.GrpcClientProtocolService (GrpcClientProtocolService.java:lambda$processClientRequest$0(278)) - Failed RaftClientRequest:client-2265A94AA220->localhost_10000@group-03E665A0CE68, cid=42, seq=0, RW, Message:321f0a0f0a0d74657374...(size=33), reply=RaftClientReply:client-2265A94AA220->localhost_10000@group-03E665A0CE68, cid=42, FAILED org.apache.ratis.protocol.LeaderNotReadyException: localhost_10000@group-03E665A0CE68 is in LEADER state but not ready yet., logIndex=0, commits[localhost_10000:c-1, localhost_10002:c-1, localhost_10001:c-1]
2019-09-24 12:19:54,943 INFO  client.GrpcClientProtocolService (GrpcClientProtocolService.java:lambda$processClientRequest$0(278)) - Failed RaftClientRequest:client-2265A94AA220->localhost_10000@group-03E665A0CE68, cid=42, seq=0, RW, Message:321f0a0f0a0d74657374...(size=33), reply=RaftClientReply:client-2265A94AA220->localhost_10000@group-03E665A0CE68, cid=42, FAILED org.apache.ratis.protocol.LeaderNotReadyException: localhost_10000@group-03E665A0CE68 is in LEADER state but not ready yet., logIndex=0, commits[localhost_10000:c-1, localhost_10002:c-1, localhost_10001:c-1]
2019-09-24 12:19:54,944 INFO  client.GrpcClientProtocolService (GrpcClientProtocolService.java:lambda$processClientRequest$0(278)) - Failed RaftClientRequest:client-2265A94AA220->localhost_10000@group-03E665A0CE68, cid=42, seq=0, RW, Message:321f0a0f0a0d74657374...(size=33), reply=RaftClientReply:client-2265A94AA220->localhost_10000@group-03E665A0CE68, cid=42, FAILED org.apache.ratis.protocol.LeaderNotReadyException: localhost_10000@group-03E665A0CE68 is in LEADER state but not ready yet., logIndex=0, commits[localhost_10000:c-1, localhost_10002:c-1, localhost_10001:c-1]
2019-09-24 12:19:54,944 INFO  client.GrpcClientProtocolService (GrpcClientProtocolService.java:lambda$processClientRequest$0(278)) - Failed RaftClientRequest:client-2265A94AA220->localhost_10000@group-03E665A0CE68, cid=42, seq=0, RW, Message:321f0a0f0a0d74657374...(size=33), reply=RaftClientReply:client-2265A94AA220->localhost_10000@group-03E665A0CE68, cid=42, FAILED org.apache.ratis.protocol.LeaderNotReadyException: localhost_10000@group-03E665A0CE68 is in LEADER state but not ready yet., logIndex=0, commits[localhost_10000:c-1, localhost_10002:c-1, localhost_10001:c-1]
2019-09-24 12:19:54,945 INFO  client.GrpcClientProtocolService (GrpcClientProtocolService.java:lambda$processClientRequest$0(278)) - Failed RaftClientRequest:client-2265A94AA220->localhost_10000@group-03E665A0CE68, cid=42, seq=0, RW, Message:321f0a0f0a0d74657374...(size=33), reply=RaftClientReply:client-2265A94AA220->localhost_10000@group-03E665A0CE68, cid=42, FAILED org.apache.ratis.protocol.LeaderNotReadyException: localhost_10000@group-03E665A0CE68 is in LEADER state but not ready yet., logIndex=0, commits[localhost_10000:c-1, localhost_10002:c-1, localhost_10001:c-1]
2019-09-24 12:19:54,946 INFO  client.GrpcClientProtocolService (GrpcClientProtocolService.java:lambda$processClientRequest$0(278)) - Failed RaftClientRequest:client-2265A94AA220->localhost_10000@group-03E665A0CE68, cid=42, seq=0, RW, Message:321f0a0f0a0d74657374...(size=33), reply=RaftClientReply:client-2265A94AA220->localhost_10000@group-03E665A0CE68, cid=42, FAILED org.apache.ratis.protocol.LeaderNotReadyException: localhost_10000@group-03E665A0CE68 is in LEADER state but not ready yet., logIndex=0, commits[localhost_10000:c-1, localhost_10002:c-1, localhost_10001:c-1]
2019-09-24 12:19:54,946 INFO  client.GrpcClientProtocolService (GrpcClientProtocolService.java:lambda$processClientRequest$0(278)) - Failed RaftClientRequest:client-2265A94AA220->localhost_10000@group-03E665A0CE68, cid=42, seq=0, RW, Message:321f0a0f0a0d74657374...(size=33), reply=RaftClientReply:client-2265A94AA220->localhost_10000@group-03E665A0CE68, cid=42, FAILED org.apache.ratis.protocol.LeaderNotReadyException: localhost_10000@group-03E665A0CE68 is in LEADER state but not ready yet., logIndex=0, commits[localhost_10000:c-1, localhost_10002:c-1, localhost_10001:c-1]
2019-09-24 12:19:54,947 INFO  client.GrpcClientProtocolService (GrpcClientProtocolService.java:lambda$processClientRequest$0(278)) - Failed RaftClientRequest:client-2265A94AA220->localhost_10000@group-03E665A0CE68, cid=42, seq=0, RW, Message:321f0a0f0a0d74657374...(size=33), reply=RaftClientReply:client-2265A94AA220->localhost_10000@group-03E665A0CE68, cid=42, FAILED org.apache.ratis.protocol.LeaderNotReadyException: localhost_10000@group-03E665A0CE68 is in LEADER state but not ready yet., logIndex=0, commits[localhost_10000:c-1, localhost_10002:c-1, localhost_10001:c-1]
2019-09-24 12:19:54,948 INFO  client.GrpcClientProtocolService (GrpcClientProtocolService.java:lambda$processClientRequest$0(278)) - Failed RaftClientRequest:client-2265A94AA220->localhost_10000@group-03E665A0CE68, cid=42, seq=0, RW, Message:321f0a0f0a0d74657374...(size=33), reply=RaftClientReply:client-2265A94AA220->localhost_10000@group-03E665A0CE68, cid=42, FAILED org.apache.ratis.protocol.LeaderNotReadyException: localhost_10000@group-03E665A0CE68 is in LEADER state but not ready yet., logIndex=0, commits[localhost_10000:c-1, localhost_10002:c-1, localhost_10001:c-1]
2019-09-24 12:19:54,949 INFO  client.GrpcClientProtocolService (GrpcClientProtocolService.java:lambda$processClientRequest$0(278)) - Failed RaftClientRequest:client-2265A94AA220->localhost_10000@group-03E665A0CE68, cid=42, seq=0, RW, Message:321f0a0f0a0d74657374...(size=33), reply=RaftClientReply:client-2265A94AA220->localhost_10000@group-03E665A0CE68, cid=42, FAILED org.apache.ratis.protocol.LeaderNotReadyException: localhost_10000@group-03E665A0CE68 is in LEADER state but not ready yet., logIndex=0, commits[localhost_10000:c0, localhost_10002:c-1, localhost_10001:c-1]
]]></system-out>
  </testcase>
  <testcase name="testLogArchival" classname="org.apache.ratis.logservice.server.TestMetaServer" time="3.329"/>
  <testcase name="testFinalClieanUp" classname="org.apache.ratis.logservice.server.TestMetaServer" time="0">
    <skipped message="Too heavy for the current implementation"/>
  </testcase>
  <testcase name="testCloseLogOnNodeFailure" classname="org.apache.ratis.logservice.server.TestMetaServer" time="91.258"/>
  <testcase name="testAlreadyExistLog" classname="org.apache.ratis.logservice.server.TestMetaServer" time="0.828"/>
  <testcase name="testDeleteLog" classname="org.apache.ratis.logservice.server.TestMetaServer" time="2.825"/>
  <testcase name="testGetNotExistingLog" classname="org.apache.ratis.logservice.server.TestMetaServer" time="0.008"/>
  <testcase name="testListLogs" classname="org.apache.ratis.logservice.server.TestMetaServer" time="4.801"/>
</testsuite>