<?xml version="1.0" encoding="UTF-8"?>
<testsuite xmlns:xsi="http://www.w3.org/2001/XMLSchema-instance" xsi:noNamespaceSchemaLocation="https://maven.apache.org/surefire/maven-surefire-plugin/xsd/surefire-test-report.xsd" name="org.apache.hadoop.ozone.freon.TestDataValidateWithUnsafeByteOperations" time="58.683" tests="3" errors="3" skipped="0" failures="0">
  <properties>
    <property name="awt.toolkit" value="sun.awt.X11.XToolkit"/>
    <property name="file.encoding.pkg" value="sun.io"/>
    <property name="java.specification.version" value="1.8"/>
    <property name="sun.cpu.isalist" value=""/>
    <property name="sun.jnu.encoding" value="UTF-8"/>
    <property name="java.class.path" value="/workdir/hadoop-ozone/tools/target/test-classes:/workdir/hadoop-ozone/tools/target/classes:/home/user/.m2/repository/org/apache/hadoop/hadoop-ozone-ozone-manager/0.5.0-SNAPSHOT/hadoop-ozone-ozone-manager-0.5.0-SNAPSHOT.jar:/home/user/.m2/repository/org/apache/hadoop/hadoop-hdds-docs/0.5.0-SNAPSHOT/hadoop-hdds-docs-0.5.0-SNAPSHOT.jar:/home/user/.m2/repository/org/bouncycastle/bcprov-jdk15on/1.60/bcprov-jdk15on-1.60.jar:/home/user/.m2/repository/org/apache/hadoop/hadoop-ozone-common/0.5.0-SNAPSHOT/hadoop-ozone-common-0.5.0-SNAPSHOT.jar:/home/user/.m2/repository/org/apache/commons/commons-compress/1.4.1/commons-compress-1.4.1.jar:/home/user/.m2/repository/org/tukaani/xz/1.0/xz-1.0.jar:/home/user/.m2/repository/org/apache/hadoop/hadoop-hdfs-client/3.2.0/hadoop-hdfs-client-3.2.0.jar:/home/user/.m2/repository/com/fasterxml/jackson/core/jackson-annotations/2.9.5/jackson-annotations-2.9.5.jar:/home/user/.m2/repository/org/apache/hadoop/hadoop-hdds-common/0.5.0-SNAPSHOT/hadoop-hdds-common-0.5.0-SNAPSHOT.jar:/home/user/.m2/repository/org/apache/hadoop/hadoop-hdds-config/0.5.0-SNAPSHOT/hadoop-hdds-config-0.5.0-SNAPSHOT.jar:/home/user/.m2/repository/javax/annotation/javax.annotation-api/1.2/javax.annotation-api-1.2.jar:/home/user/.m2/repository/org/apache/ratis/ratis-server/0.4.0-2337318-SNAPSHOT/ratis-server-0.4.0-2337318-SNAPSHOT.jar:/home/user/.m2/repository/org/apache/ratis/ratis-thirdparty-misc/0.2.0/ratis-thirdparty-misc-0.2.0.jar:/home/user/.m2/repository/org/apache/ratis/ratis-proto/0.4.0-2337318-SNAPSHOT/ratis-proto-0.4.0-2337318-SNAPSHOT.jar:/home/user/.m2/repository/org/apache/ratis/ratis-common/0.4.0-2337318-SNAPSHOT/ratis-common-0.4.0-2337318-SNAPSHOT.jar:/home/user/.m2/repository/org/apache/ratis/ratis-client/0.4.0-2337318-SNAPSHOT/ratis-client-0.4.0-2337318-SNAPSHOT.jar:/home/user/.m2/repository/org/apache/ratis/ratis-metrics/0.4.0-2337318-SNAPSHOT/ratis-metrics-0.4.0-2337318-SNAPSHOT.jar:/home/user/.m2/repository/org/apache/ratis/ratis-netty/0.4.0-2337318-SNAPSHOT/ratis-netty-0.4.0-2337318-SNAPSHOT.jar:/home/user/.m2/repository/org/apache/ratis/ratis-grpc/0.4.0-2337318-SNAPSHOT/ratis-grpc-0.4.0-2337318-SNAPSHOT.jar:/home/user/.m2/repository/org/rocksdb/rocksdbjni/6.0.1/rocksdbjni-6.0.1.jar:/home/user/.m2/repository/org/apache/logging/log4j/log4j-api/2.11.0/log4j-api-2.11.0.jar:/home/user/.m2/repository/org/apache/logging/log4j/log4j-core/2.11.0/log4j-core-2.11.0.jar:/home/user/.m2/repository/com/lmax/disruptor/3.4.2/disruptor-3.4.2.jar:/home/user/.m2/repository/org/apache/commons/commons-pool2/2.6.0/commons-pool2-2.6.0.jar:/home/user/.m2/repository/org/bouncycastle/bcpkix-jdk15on/1.60/bcpkix-jdk15on-1.60.jar:/home/user/.m2/repository/commons-validator/commons-validator/1.6/commons-validator-1.6.jar:/home/user/.m2/repository/commons-digester/commons-digester/1.8.1/commons-digester-1.8.1.jar:/home/user/.m2/repository/io/jaegertracing/jaeger-client/0.33.1/jaeger-client-0.33.1.jar:/home/user/.m2/repository/io/jaegertracing/jaeger-thrift/0.33.1/jaeger-thrift-0.33.1.jar:/home/user/.m2/repository/org/apache/thrift/libthrift/0.11.0/libthrift-0.11.0.jar:/home/user/.m2/repository/com/squareup/okhttp3/okhttp/3.9.0/okhttp-3.9.0.jar:/home/user/.m2/repository/com/squareup/okio/okio/1.13.0/okio-1.13.0.jar:/home/user/.m2/repository/io/jaegertracing/jaeger-core/0.33.1/jaeger-core-0.33.1.jar:/home/user/.m2/repository/io/jaegertracing/jaeger-tracerresolver/0.33.1/jaeger-tracerresolver-0.33.1.jar:/home/user/.m2/repository/io/opentracing/contrib/opentracing-tracerresolver/0.1.5/opentracing-tracerresolver-0.1.5.jar:/home/user/.m2/repository/io/opentracing/opentracing-util/0.31.0/opentracing-util-0.31.0.jar:/home/user/.m2/repository/io/opentracing/opentracing-api/0.31.0/opentracing-api-0.31.0.jar:/home/user/.m2/repository/io/opentracing/opentracing-noop/0.31.0/opentracing-noop-0.31.0.jar:/home/user/.m2/repository/org/yaml/snakeyaml/1.16/snakeyaml-1.16.jar:/home/user/.m2/repository/org/apache/hadoop/hadoop-hdds-container-service/0.5.0-SNAPSHOT/hadoop-hdds-container-service-0.5.0-SNAPSHOT.jar:/home/user/.m2/repository/org/apache/hadoop/hadoop-hdds-client/0.5.0-SNAPSHOT/hadoop-hdds-client-0.5.0-SNAPSHOT.jar:/home/user/.m2/repository/org/apache/hadoop/hadoop-hdds-tools/0.5.0-SNAPSHOT/hadoop-hdds-tools-0.5.0-SNAPSHOT.jar:/home/user/.m2/repository/org/xerial/sqlite-jdbc/3.25.2/sqlite-jdbc-3.25.2.jar:/home/user/.m2/repository/org/apache/hadoop/hadoop-hdds-server-scm/0.5.0-SNAPSHOT/hadoop-hdds-server-scm-0.5.0-SNAPSHOT.jar:/home/user/.m2/repository/org/hamcrest/hamcrest-all/1.3/hamcrest-all-1.3.jar:/home/user/.m2/repository/info/picocli/picocli/3.9.6/picocli-3.9.6.jar:/home/user/.m2/repository/com/google/protobuf/protobuf-java/2.5.0/protobuf-java-2.5.0.jar:/home/user/.m2/repository/com/google/guava/guava/11.0.2/guava-11.0.2.jar:/home/user/.m2/repository/org/apache/hadoop/hadoop-ozone-client/0.5.0-SNAPSHOT/hadoop-ozone-client-0.5.0-SNAPSHOT.jar:/workdir/hadoop-ozone/ozonefs/target/classes:/home/user/.m2/repository/org/apache/hadoop/hadoop-hdds-server-framework/0.5.0-SNAPSHOT/hadoop-hdds-server-framework-0.5.0-SNAPSHOT.jar:/home/user/.m2/repository/org/apache/hadoop/hadoop-common/3.2.0/hadoop-common-3.2.0.jar:/home/user/.m2/repository/org/apache/hadoop/hadoop-annotations/3.2.0/hadoop-annotations-3.2.0.jar:/usr/lib/jvm/java-1.8-openjdk/jre/../lib/tools.jar:/home/user/.m2/repository/commons-cli/commons-cli/1.2/commons-cli-1.2.jar:/home/user/.m2/repository/org/apache/commons/commons-math3/3.1.1/commons-math3-3.1.1.jar:/home/user/.m2/repository/org/apache/httpcomponents/httpclient/4.5.2/httpclient-4.5.2.jar:/home/user/.m2/repository/org/apache/httpcomponents/httpcore/4.4.4/httpcore-4.4.4.jar:/home/user/.m2/repository/commons-codec/commons-codec/1.11/commons-codec-1.11.jar:/home/user/.m2/repository/commons-io/commons-io/2.5/commons-io-2.5.jar:/home/user/.m2/repository/commons-net/commons-net/3.6/commons-net-3.6.jar:/home/user/.m2/repository/commons-collections/commons-collections/3.2.2/commons-collections-3.2.2.jar:/home/user/.m2/repository/javax/servlet/javax.servlet-api/3.1.0/javax.servlet-api-3.1.0.jar:/home/user/.m2/repository/org/eclipse/jetty/jetty-server/9.3.24.v20180605/jetty-server-9.3.24.v20180605.jar:/home/user/.m2/repository/org/eclipse/jetty/jetty-http/9.3.24.v20180605/jetty-http-9.3.24.v20180605.jar:/home/user/.m2/repository/org/eclipse/jetty/jetty-io/9.3.24.v20180605/jetty-io-9.3.24.v20180605.jar:/home/user/.m2/repository/org/eclipse/jetty/jetty-util/9.3.24.v20180605/jetty-util-9.3.24.v20180605.jar:/home/user/.m2/repository/org/eclipse/jetty/jetty-servlet/9.3.24.v20180605/jetty-servlet-9.3.24.v20180605.jar:/home/user/.m2/repository/org/eclipse/jetty/jetty-security/9.3.24.v20180605/jetty-security-9.3.24.v20180605.jar:/home/user/.m2/repository/org/eclipse/jetty/jetty-webapp/9.3.24.v20180605/jetty-webapp-9.3.24.v20180605.jar:/home/user/.m2/repository/org/eclipse/jetty/jetty-xml/9.3.24.v20180605/jetty-xml-9.3.24.v20180605.jar:/home/user/.m2/repository/javax/servlet/jsp/jsp-api/2.1/jsp-api-2.1.jar:/home/user/.m2/repository/com/sun/jersey/jersey-core/1.19/jersey-core-1.19.jar:/home/user/.m2/repository/javax/ws/rs/jsr311-api/1.1.1/jsr311-api-1.1.1.jar:/home/user/.m2/repository/com/sun/jersey/jersey-servlet/1.19/jersey-servlet-1.19.jar:/home/user/.m2/repository/com/sun/jersey/jersey-json/1.19/jersey-json-1.19.jar:/home/user/.m2/repository/org/codehaus/jettison/jettison/1.1/jettison-1.1.jar:/home/user/.m2/repository/com/sun/xml/bind/jaxb-impl/2.3.0.1/jaxb-impl-2.3.0.1.jar:/home/user/.m2/repository/org/codehaus/jackson/jackson-core-asl/1.9.13/jackson-core-asl-1.9.13.jar:/home/user/.m2/repository/org/codehaus/jackson/jackson-mapper-asl/1.9.13/jackson-mapper-asl-1.9.13.jar:/home/user/.m2/repository/org/codehaus/jackson/jackson-jaxrs/1.9.13/jackson-jaxrs-1.9.13.jar:/home/user/.m2/repository/org/codehaus/jackson/jackson-xc/1.9.13/jackson-xc-1.9.13.jar:/home/user/.m2/repository/com/sun/jersey/jersey-server/1.19/jersey-server-1.19.jar:/home/user/.m2/repository/commons-logging/commons-logging/1.1.3/commons-logging-1.1.3.jar:/home/user/.m2/repository/log4j/log4j/1.2.17/log4j-1.2.17.jar:/home/user/.m2/repository/commons-beanutils/commons-beanutils/1.9.3/commons-beanutils-1.9.3.jar:/home/user/.m2/repository/org/apache/commons/commons-configuration2/2.1.1/commons-configuration2-2.1.1.jar:/home/user/.m2/repository/org/apache/commons/commons-lang3/3.7/commons-lang3-3.7.jar:/home/user/.m2/repository/org/apache/commons/commons-text/1.4/commons-text-1.4.jar:/home/user/.m2/repository/org/slf4j/slf4j-api/1.7.25/slf4j-api-1.7.25.jar:/home/user/.m2/repository/org/slf4j/slf4j-log4j12/1.7.25/slf4j-log4j12-1.7.25.jar:/home/user/.m2/repository/org/apache/avro/avro/1.7.7/avro-1.7.7.jar:/home/user/.m2/repository/com/thoughtworks/paranamer/paranamer/2.3/paranamer-2.3.jar:/home/user/.m2/repository/org/xerial/snappy/snappy-java/1.0.5/snappy-java-1.0.5.jar:/home/user/.m2/repository/com/google/re2j/re2j/1.1/re2j-1.1.jar:/home/user/.m2/repository/com/google/code/gson/gson/2.2.4/gson-2.2.4.jar:/home/user/.m2/repository/org/apache/hadoop/hadoop-auth/3.2.0/hadoop-auth-3.2.0.jar:/home/user/.m2/repository/com/nimbusds/nimbus-jose-jwt/4.41.1/nimbus-jose-jwt-4.41.1.jar:/home/user/.m2/repository/com/github/stephenc/jcip/jcip-annotations/1.0-1/jcip-annotations-1.0-1.jar:/home/user/.m2/repository/net/minidev/json-smart/2.3/json-smart-2.3.jar:/home/user/.m2/repository/net/minidev/accessors-smart/1.2/accessors-smart-1.2.jar:/home/user/.m2/repository/org/apache/curator/curator-framework/2.12.0/curator-framework-2.12.0.jar:/home/user/.m2/repository/com/jcraft/jsch/0.1.54/jsch-0.1.54.jar:/home/user/.m2/repository/org/apache/curator/curator-client/2.12.0/curator-client-2.12.0.jar:/home/user/.m2/repository/org/apache/curator/curator-recipes/2.12.0/curator-recipes-2.12.0.jar:/home/user/.m2/repository/com/google/code/findbugs/jsr305/3.0.0/jsr305-3.0.0.jar:/home/user/.m2/repository/org/apache/htrace/htrace-core4/4.1.0-incubating/htrace-core4-4.1.0-incubating.jar:/home/user/.m2/repository/org/apache/zookeeper/zookeeper/3.4.13/zookeeper-3.4.13.jar:/home/user/.m2/repository/org/apache/yetus/audience-annotations/0.5.0/audience-annotations-0.5.0.jar:/home/user/.m2/repository/org/apache/kerby/kerb-simplekdc/1.0.1/kerb-simplekdc-1.0.1.jar:/home/user/.m2/repository/org/apache/kerby/kerb-client/1.0.1/kerb-client-1.0.1.jar:/home/user/.m2/repository/org/apache/kerby/kerby-config/1.0.1/kerby-config-1.0.1.jar:/home/user/.m2/repository/org/apache/kerby/kerb-core/1.0.1/kerb-core-1.0.1.jar:/home/user/.m2/repository/org/apache/kerby/kerby-pkix/1.0.1/kerby-pkix-1.0.1.jar:/home/user/.m2/repository/org/apache/kerby/kerby-asn1/1.0.1/kerby-asn1-1.0.1.jar:/home/user/.m2/repository/org/apache/kerby/kerby-util/1.0.1/kerby-util-1.0.1.jar:/home/user/.m2/repository/org/apache/kerby/kerb-common/1.0.1/kerb-common-1.0.1.jar:/home/user/.m2/repository/org/apache/kerby/kerb-crypto/1.0.1/kerb-crypto-1.0.1.jar:/home/user/.m2/repository/org/apache/kerby/kerb-util/1.0.1/kerb-util-1.0.1.jar:/home/user/.m2/repository/org/apache/kerby/token-provider/1.0.1/token-provider-1.0.1.jar:/home/user/.m2/repository/org/apache/kerby/kerb-admin/1.0.1/kerb-admin-1.0.1.jar:/home/user/.m2/repository/org/apache/kerby/kerb-server/1.0.1/kerb-server-1.0.1.jar:/home/user/.m2/repository/org/apache/kerby/kerb-identity/1.0.1/kerb-identity-1.0.1.jar:/home/user/.m2/repository/org/apache/kerby/kerby-xdr/1.0.1/kerby-xdr-1.0.1.jar:/home/user/.m2/repository/com/fasterxml/jackson/core/jackson-databind/2.9.5/jackson-databind-2.9.5.jar:/home/user/.m2/repository/com/fasterxml/jackson/core/jackson-core/2.9.5/jackson-core-2.9.5.jar:/home/user/.m2/repository/org/codehaus/woodstox/stax2-api/3.1.4/stax2-api-3.1.4.jar:/home/user/.m2/repository/com/fasterxml/woodstox/woodstox-core/5.0.3/woodstox-core-5.0.3.jar:/home/user/.m2/repository/dnsjava/dnsjava/2.1.7/dnsjava-2.1.7.jar:/home/user/.m2/repository/org/apache/hadoop/hadoop-hdfs/3.2.0/hadoop-hdfs-3.2.0.jar:/home/user/.m2/repository/org/eclipse/jetty/jetty-util-ajax/9.3.24.v20180605/jetty-util-ajax-9.3.24.v20180605.jar:/home/user/.m2/repository/commons-daemon/commons-daemon/1.0.13/commons-daemon-1.0.13.jar:/home/user/.m2/repository/io/netty/netty/3.10.5.Final/netty-3.10.5.Final.jar:/home/user/.m2/repository/io/netty/netty-all/4.0.52.Final/netty-all-4.0.52.Final.jar:/home/user/.m2/repository/org/fusesource/leveldbjni/leveldbjni-all/1.8/leveldbjni-all-1.8.jar:/home/user/.m2/repository/com/sun/xml/bind/jaxb-core/2.3.0.1/jaxb-core-2.3.0.1.jar:/home/user/.m2/repository/javax/xml/bind/jaxb-api/2.3.0/jaxb-api-2.3.0.jar:/home/user/.m2/repository/javax/activation/activation/1.1.1/activation-1.1.1.jar:/home/user/.m2/repository/io/dropwizard/metrics/metrics-core/3.2.4/metrics-core-3.2.4.jar:/home/user/.m2/repository/org/openjdk/jmh/jmh-core/1.19/jmh-core-1.19.jar:/home/user/.m2/repository/net/sf/jopt-simple/jopt-simple/4.6/jopt-simple-4.6.jar:/home/user/.m2/repository/org/openjdk/jmh/jmh-generator-annprocess/1.19/jmh-generator-annprocess-1.19.jar:/home/user/.m2/repository/com/google/code/findbugs/findbugs/3.0.1/findbugs-3.0.1.jar:/home/user/.m2/repository/net/jcip/jcip-annotations/1.0/jcip-annotations-1.0.jar:/home/user/.m2/repository/com/google/code/findbugs/bcel-findbugs/6.0/bcel-findbugs-6.0.jar:/home/user/.m2/repository/com/google/code/findbugs/jFormatString/2.0.1/jFormatString-2.0.1.jar:/home/user/.m2/repository/dom4j/dom4j/1.6.1/dom4j-1.6.1.jar:/home/user/.m2/repository/xml-apis/xml-apis/1.0.b2/xml-apis-1.0.b2.jar:/home/user/.m2/repository/org/ow2/asm/asm-debug-all/5.0.2/asm-debug-all-5.0.2.jar:/home/user/.m2/repository/org/ow2/asm/asm-commons/5.0.2/asm-commons-5.0.2.jar:/home/user/.m2/repository/org/ow2/asm/asm-tree/5.0.2/asm-tree-5.0.2.jar:/home/user/.m2/repository/org/ow2/asm/asm/5.0.4/asm-5.0.4.jar:/home/user/.m2/repository/commons-lang/commons-lang/2.6/commons-lang-2.6.jar:/home/user/.m2/repository/com/apple/AppleJavaExtensions/1.4/AppleJavaExtensions-1.4.jar:/home/user/.m2/repository/jaxen/jaxen/1.1.6/jaxen-1.1.6.jar:/home/user/.m2/repository/junit/junit/4.11/junit-4.11.jar:/home/user/.m2/repository/org/hamcrest/hamcrest-core/1.3/hamcrest-core-1.3.jar:/home/user/.m2/repository/org/apache/hadoop/hadoop-common/3.2.0/hadoop-common-3.2.0-tests.jar:/workdir/hadoop-ozone/integration-test/target/test-classes:/home/user/.m2/repository/org/apache/hadoop/hadoop-ozone-objectstore-service/0.5.0-SNAPSHOT/hadoop-ozone-objectstore-service-0.5.0-SNAPSHOT.jar:/home/user/.m2/repository/org/apache/hadoop/hadoop-ozone-s3gateway/0.5.0-SNAPSHOT/hadoop-ozone-s3gateway-0.5.0-SNAPSHOT.jar:/home/user/.m2/repository/org/jboss/weld/servlet/weld-servlet/2.4.7.Final/weld-servlet-2.4.7.Final.jar:/home/user/.m2/repository/org/glassfish/jersey/containers/jersey-container-servlet-core/2.27/jersey-container-servlet-core-2.27.jar:/home/user/.m2/repository/org/glassfish/hk2/external/javax.inject/2.5.0-b42/javax.inject-2.5.0-b42.jar:/home/user/.m2/repository/org/glassfish/jersey/core/jersey-common/2.27/jersey-common-2.27.jar:/home/user/.m2/repository/org/glassfish/hk2/osgi-resource-locator/1.0.1/osgi-resource-locator-1.0.1.jar:/home/user/.m2/repository/javax/ws/rs/javax.ws.rs-api/2.1/javax.ws.rs-api-2.1.jar:/home/user/.m2/repository/org/glassfish/jersey/ext/cdi/jersey-cdi1x/2.27/jersey-cdi1x-2.27.jar:/home/user/.m2/repository/org/glassfish/jersey/inject/jersey-hk2/2.27/jersey-hk2-2.27.jar:/home/user/.m2/repository/org/glassfish/hk2/hk2-locator/2.5.0-b42/hk2-locator-2.5.0-b42.jar:/home/user/.m2/repository/org/javassist/javassist/3.22.0-CR2/javassist-3.22.0-CR2.jar:/home/user/.m2/repository/org/glassfish/hk2/hk2-api/2.5.0/hk2-api-2.5.0.jar:/home/user/.m2/repository/org/glassfish/hk2/external/jakarta.inject/2.5.0/jakarta.inject-2.5.0.jar:/home/user/.m2/repository/org/glassfish/hk2/hk2-utils/2.5.0/hk2-utils-2.5.0.jar:/home/user/.m2/repository/jakarta/annotation/jakarta.annotation-api/1.3.4/jakarta.annotation-api-1.3.4.jar:/home/user/.m2/repository/org/glassfish/hk2/external/aopalliance-repackaged/2.5.0/aopalliance-repackaged-2.5.0.jar:/home/user/.m2/repository/com/fasterxml/jackson/dataformat/jackson-dataformat-xml/2.9.0/jackson-dataformat-xml-2.9.0.jar:/home/user/.m2/repository/com/fasterxml/jackson/module/jackson-module-jaxb-annotations/2.9.5/jackson-module-jaxb-annotations-2.9.5.jar:/home/user/.m2/repository/javax/enterprise/cdi-api/1.2/cdi-api-1.2.jar:/home/user/.m2/repository/javax/el/javax.el-api/3.0.0/javax.el-api-3.0.0.jar:/home/user/.m2/repository/javax/interceptor/javax.interceptor-api/1.2/javax.interceptor-api-1.2.jar:/home/user/.m2/repository/javax/inject/javax.inject/1/javax.inject-1.jar:/home/user/.m2/repository/org/apache/hadoop/hadoop-ozone-csi/0.5.0-SNAPSHOT/hadoop-ozone-csi-0.5.0-SNAPSHOT.jar:/home/user/.m2/repository/com/google/protobuf/protobuf-java-util/3.5.1/protobuf-java-util-3.5.1.jar:/home/user/.m2/repository/io/grpc/grpc-netty/1.17.1/grpc-netty-1.17.1.jar:/home/user/.m2/repository/io/grpc/grpc-core/1.17.1/grpc-core-1.17.1.jar:/home/user/.m2/repository/io/grpc/grpc-context/1.17.1/grpc-context-1.17.1.jar:/home/user/.m2/repository/com/google/errorprone/error_prone_annotations/2.2.0/error_prone_annotations-2.2.0.jar:/home/user/.m2/repository/org/codehaus/mojo/animal-sniffer-annotations/1.17/animal-sniffer-annotations-1.17.jar:/home/user/.m2/repository/io/opencensus/opencensus-api/0.17.0/opencensus-api-0.17.0.jar:/home/user/.m2/repository/io/opencensus/opencensus-contrib-grpc-metrics/0.17.0/opencensus-contrib-grpc-metrics-0.17.0.jar:/home/user/.m2/repository/io/netty/netty-codec-http2/4.1.30.Final/netty-codec-http2-4.1.30.Final.jar:/home/user/.m2/repository/io/netty/netty-codec-http/4.1.30.Final/netty-codec-http-4.1.30.Final.jar:/home/user/.m2/repository/io/netty/netty-codec/4.1.30.Final/netty-codec-4.1.30.Final.jar:/home/user/.m2/repository/io/netty/netty-handler/4.1.30.Final/netty-handler-4.1.30.Final.jar:/home/user/.m2/repository/io/netty/netty-handler-proxy/4.1.30.Final/netty-handler-proxy-4.1.30.Final.jar:/home/user/.m2/repository/io/netty/netty-codec-socks/4.1.30.Final/netty-codec-socks-4.1.30.Final.jar:/home/user/.m2/repository/io/netty/netty-transport-native-epoll/4.1.30.Final/netty-transport-native-epoll-4.1.30.Final.jar:/home/user/.m2/repository/io/netty/netty-common/4.1.30.Final/netty-common-4.1.30.Final.jar:/home/user/.m2/repository/io/netty/netty-buffer/4.1.30.Final/netty-buffer-4.1.30.Final.jar:/home/user/.m2/repository/io/netty/netty-transport/4.1.30.Final/netty-transport-4.1.30.Final.jar:/home/user/.m2/repository/io/netty/netty-resolver/4.1.30.Final/netty-resolver-4.1.30.Final.jar:/home/user/.m2/repository/io/netty/netty-transport-native-unix-common/4.1.30.Final/netty-transport-native-unix-common-4.1.30.Final.jar:/home/user/.m2/repository/io/grpc/grpc-protobuf/1.17.1/grpc-protobuf-1.17.1.jar:/home/user/.m2/repository/com/google/api/grpc/proto-google-common-protos/1.0.0/proto-google-common-protos-1.0.0.jar:/home/user/.m2/repository/io/grpc/grpc-protobuf-lite/1.17.1/grpc-protobuf-lite-1.17.1.jar:/home/user/.m2/repository/io/grpc/grpc-stub/1.17.1/grpc-stub-1.17.1.jar:/home/user/.m2/repository/org/apache/hadoop/hadoop-ozone-recon/0.5.0-SNAPSHOT/hadoop-ozone-recon-0.5.0-SNAPSHOT.jar:/home/user/.m2/repository/org/apache/hadoop/hadoop-ozone-reconcodegen/0.5.0-SNAPSHOT/hadoop-ozone-reconcodegen-0.5.0-SNAPSHOT.jar:/home/user/.m2/repository/com/google/inject/extensions/guice-multibindings/4.0/guice-multibindings-4.0.jar:/home/user/.m2/repository/com/google/inject/guice/4.0/guice-4.0.jar:/home/user/.m2/repository/aopalliance/aopalliance/1.0/aopalliance-1.0.jar:/home/user/.m2/repository/com/google/inject/extensions/guice-servlet/4.0/guice-servlet-4.0.jar:/home/user/.m2/repository/org/glassfish/jersey/containers/jersey-container-servlet/2.27/jersey-container-servlet-2.27.jar:/home/user/.m2/repository/org/glassfish/hk2/guice-bridge/2.5.0/guice-bridge-2.5.0.jar:/home/user/.m2/repository/org/glassfish/jersey/core/jersey-server/2.27/jersey-server-2.27.jar:/home/user/.m2/repository/org/glassfish/jersey/core/jersey-client/2.27/jersey-client-2.27.jar:/home/user/.m2/repository/org/glassfish/jersey/media/jersey-media-jaxb/2.27/jersey-media-jaxb-2.27.jar:/home/user/.m2/repository/javax/validation/validation-api/1.1.0.Final/validation-api-1.1.0.Final.jar:/home/user/.m2/repository/org/glassfish/jersey/media/jersey-media-json-jackson/2.27/jersey-media-json-jackson-2.27.jar:/home/user/.m2/repository/org/glassfish/jersey/ext/jersey-entity-filtering/2.27/jersey-entity-filtering-2.27.jar:/home/user/.m2/repository/com/google/inject/extensions/guice-assistedinject/4.0/guice-assistedinject-4.0.jar:/home/user/.m2/repository/org/jooq/jooq/3.11.10/jooq-3.11.10.jar:/home/user/.m2/repository/org/jooq/jooq-meta/3.11.10/jooq-meta-3.11.10.jar:/home/user/.m2/repository/org/jooq/jooq-codegen/3.11.10/jooq-codegen-3.11.10.jar:/home/user/.m2/repository/com/jolbox/bonecp/0.8.0.RELEASE/bonecp-0.8.0.RELEASE.jar:/home/user/.m2/repository/org/springframework/spring-jdbc/5.1.3.RELEASE/spring-jdbc-5.1.3.RELEASE.jar:/home/user/.m2/repository/org/springframework/spring-beans/5.1.3.RELEASE/spring-beans-5.1.3.RELEASE.jar:/home/user/.m2/repository/org/springframework/spring-core/5.1.3.RELEASE/spring-core-5.1.3.RELEASE.jar:/home/user/.m2/repository/org/springframework/spring-jcl/5.1.3.RELEASE/spring-jcl-5.1.3.RELEASE.jar:/home/user/.m2/repository/org/springframework/spring-tx/5.1.3.RELEASE/spring-tx-5.1.3.RELEASE.jar:/home/user/.m2/repository/org/mockito/mockito-core/2.15.0/mockito-core-2.15.0.jar:/home/user/.m2/repository/net/bytebuddy/byte-buddy/1.7.9/byte-buddy-1.7.9.jar:/home/user/.m2/repository/net/bytebuddy/byte-buddy-agent/1.7.9/byte-buddy-agent-1.7.9.jar:/home/user/.m2/repository/org/objenesis/objenesis/1.0/objenesis-1.0.jar:"/>
    <property name="java.vm.vendor" value="IcedTea"/>
    <property name="sun.arch.data.model" value="64"/>
    <property name="test.build.dir" value="/workdir/hadoop-ozone/tools/target/test-dir"/>
    <property name="test.cache.data" value=""/>
    <property name="java.vendor.url" value="https://icedtea.classpath.org"/>
    <property name="user.timezone" value=""/>
    <property name="java.vm.specification.version" value="1.8"/>
    <property name="os.name" value="Linux"/>
    <property name="test.build.data" value="/workdir/hadoop-ozone/tools/target/test-dir"/>
    <property name="user.country" value="US"/>
    <property name="sun.java.launcher" value="SUN_STANDARD"/>
    <property name="sun.boot.library.path" value="/usr/lib/jvm/java-1.8-openjdk/jre/lib/amd64"/>
    <property name="sun.java.command" value="/workdir/hadoop-ozone/tools/target/surefire/surefirebooter6172578967536140106.jar /workdir/hadoop-ozone/tools/target/surefire 2019-09-12T10-07-27_366-jvmRun1 surefire5435032610683822070tmp surefire_1197626290764400390708tmp"/>
    <property name="test" value="!TestMiniChaosOzoneCluster"/>
    <property name="surefire.test.class.path" value="/workdir/hadoop-ozone/tools/target/test-classes:/workdir/hadoop-ozone/tools/target/classes:/home/user/.m2/repository/org/apache/hadoop/hadoop-ozone-ozone-manager/0.5.0-SNAPSHOT/hadoop-ozone-ozone-manager-0.5.0-SNAPSHOT.jar:/home/user/.m2/repository/org/apache/hadoop/hadoop-hdds-docs/0.5.0-SNAPSHOT/hadoop-hdds-docs-0.5.0-SNAPSHOT.jar:/home/user/.m2/repository/org/bouncycastle/bcprov-jdk15on/1.60/bcprov-jdk15on-1.60.jar:/home/user/.m2/repository/org/apache/hadoop/hadoop-ozone-common/0.5.0-SNAPSHOT/hadoop-ozone-common-0.5.0-SNAPSHOT.jar:/home/user/.m2/repository/org/apache/commons/commons-compress/1.4.1/commons-compress-1.4.1.jar:/home/user/.m2/repository/org/tukaani/xz/1.0/xz-1.0.jar:/home/user/.m2/repository/org/apache/hadoop/hadoop-hdfs-client/3.2.0/hadoop-hdfs-client-3.2.0.jar:/home/user/.m2/repository/com/fasterxml/jackson/core/jackson-annotations/2.9.5/jackson-annotations-2.9.5.jar:/home/user/.m2/repository/org/apache/hadoop/hadoop-hdds-common/0.5.0-SNAPSHOT/hadoop-hdds-common-0.5.0-SNAPSHOT.jar:/home/user/.m2/repository/org/apache/hadoop/hadoop-hdds-config/0.5.0-SNAPSHOT/hadoop-hdds-config-0.5.0-SNAPSHOT.jar:/home/user/.m2/repository/javax/annotation/javax.annotation-api/1.2/javax.annotation-api-1.2.jar:/home/user/.m2/repository/org/apache/ratis/ratis-server/0.4.0-2337318-SNAPSHOT/ratis-server-0.4.0-2337318-SNAPSHOT.jar:/home/user/.m2/repository/org/apache/ratis/ratis-thirdparty-misc/0.2.0/ratis-thirdparty-misc-0.2.0.jar:/home/user/.m2/repository/org/apache/ratis/ratis-proto/0.4.0-2337318-SNAPSHOT/ratis-proto-0.4.0-2337318-SNAPSHOT.jar:/home/user/.m2/repository/org/apache/ratis/ratis-common/0.4.0-2337318-SNAPSHOT/ratis-common-0.4.0-2337318-SNAPSHOT.jar:/home/user/.m2/repository/org/apache/ratis/ratis-client/0.4.0-2337318-SNAPSHOT/ratis-client-0.4.0-2337318-SNAPSHOT.jar:/home/user/.m2/repository/org/apache/ratis/ratis-metrics/0.4.0-2337318-SNAPSHOT/ratis-metrics-0.4.0-2337318-SNAPSHOT.jar:/home/user/.m2/repository/org/apache/ratis/ratis-netty/0.4.0-2337318-SNAPSHOT/ratis-netty-0.4.0-2337318-SNAPSHOT.jar:/home/user/.m2/repository/org/apache/ratis/ratis-grpc/0.4.0-2337318-SNAPSHOT/ratis-grpc-0.4.0-2337318-SNAPSHOT.jar:/home/user/.m2/repository/org/rocksdb/rocksdbjni/6.0.1/rocksdbjni-6.0.1.jar:/home/user/.m2/repository/org/apache/logging/log4j/log4j-api/2.11.0/log4j-api-2.11.0.jar:/home/user/.m2/repository/org/apache/logging/log4j/log4j-core/2.11.0/log4j-core-2.11.0.jar:/home/user/.m2/repository/com/lmax/disruptor/3.4.2/disruptor-3.4.2.jar:/home/user/.m2/repository/org/apache/commons/commons-pool2/2.6.0/commons-pool2-2.6.0.jar:/home/user/.m2/repository/org/bouncycastle/bcpkix-jdk15on/1.60/bcpkix-jdk15on-1.60.jar:/home/user/.m2/repository/commons-validator/commons-validator/1.6/commons-validator-1.6.jar:/home/user/.m2/repository/commons-digester/commons-digester/1.8.1/commons-digester-1.8.1.jar:/home/user/.m2/repository/io/jaegertracing/jaeger-client/0.33.1/jaeger-client-0.33.1.jar:/home/user/.m2/repository/io/jaegertracing/jaeger-thrift/0.33.1/jaeger-thrift-0.33.1.jar:/home/user/.m2/repository/org/apache/thrift/libthrift/0.11.0/libthrift-0.11.0.jar:/home/user/.m2/repository/com/squareup/okhttp3/okhttp/3.9.0/okhttp-3.9.0.jar:/home/user/.m2/repository/com/squareup/okio/okio/1.13.0/okio-1.13.0.jar:/home/user/.m2/repository/io/jaegertracing/jaeger-core/0.33.1/jaeger-core-0.33.1.jar:/home/user/.m2/repository/io/jaegertracing/jaeger-tracerresolver/0.33.1/jaeger-tracerresolver-0.33.1.jar:/home/user/.m2/repository/io/opentracing/contrib/opentracing-tracerresolver/0.1.5/opentracing-tracerresolver-0.1.5.jar:/home/user/.m2/repository/io/opentracing/opentracing-util/0.31.0/opentracing-util-0.31.0.jar:/home/user/.m2/repository/io/opentracing/opentracing-api/0.31.0/opentracing-api-0.31.0.jar:/home/user/.m2/repository/io/opentracing/opentracing-noop/0.31.0/opentracing-noop-0.31.0.jar:/home/user/.m2/repository/org/yaml/snakeyaml/1.16/snakeyaml-1.16.jar:/home/user/.m2/repository/org/apache/hadoop/hadoop-hdds-container-service/0.5.0-SNAPSHOT/hadoop-hdds-container-service-0.5.0-SNAPSHOT.jar:/home/user/.m2/repository/org/apache/hadoop/hadoop-hdds-client/0.5.0-SNAPSHOT/hadoop-hdds-client-0.5.0-SNAPSHOT.jar:/home/user/.m2/repository/org/apache/hadoop/hadoop-hdds-tools/0.5.0-SNAPSHOT/hadoop-hdds-tools-0.5.0-SNAPSHOT.jar:/home/user/.m2/repository/org/xerial/sqlite-jdbc/3.25.2/sqlite-jdbc-3.25.2.jar:/home/user/.m2/repository/org/apache/hadoop/hadoop-hdds-server-scm/0.5.0-SNAPSHOT/hadoop-hdds-server-scm-0.5.0-SNAPSHOT.jar:/home/user/.m2/repository/org/hamcrest/hamcrest-all/1.3/hamcrest-all-1.3.jar:/home/user/.m2/repository/info/picocli/picocli/3.9.6/picocli-3.9.6.jar:/home/user/.m2/repository/com/google/protobuf/protobuf-java/2.5.0/protobuf-java-2.5.0.jar:/home/user/.m2/repository/com/google/guava/guava/11.0.2/guava-11.0.2.jar:/home/user/.m2/repository/org/apache/hadoop/hadoop-ozone-client/0.5.0-SNAPSHOT/hadoop-ozone-client-0.5.0-SNAPSHOT.jar:/workdir/hadoop-ozone/ozonefs/target/classes:/home/user/.m2/repository/org/apache/hadoop/hadoop-hdds-server-framework/0.5.0-SNAPSHOT/hadoop-hdds-server-framework-0.5.0-SNAPSHOT.jar:/home/user/.m2/repository/org/apache/hadoop/hadoop-common/3.2.0/hadoop-common-3.2.0.jar:/home/user/.m2/repository/org/apache/hadoop/hadoop-annotations/3.2.0/hadoop-annotations-3.2.0.jar:/usr/lib/jvm/java-1.8-openjdk/jre/../lib/tools.jar:/home/user/.m2/repository/commons-cli/commons-cli/1.2/commons-cli-1.2.jar:/home/user/.m2/repository/org/apache/commons/commons-math3/3.1.1/commons-math3-3.1.1.jar:/home/user/.m2/repository/org/apache/httpcomponents/httpclient/4.5.2/httpclient-4.5.2.jar:/home/user/.m2/repository/org/apache/httpcomponents/httpcore/4.4.4/httpcore-4.4.4.jar:/home/user/.m2/repository/commons-codec/commons-codec/1.11/commons-codec-1.11.jar:/home/user/.m2/repository/commons-io/commons-io/2.5/commons-io-2.5.jar:/home/user/.m2/repository/commons-net/commons-net/3.6/commons-net-3.6.jar:/home/user/.m2/repository/commons-collections/commons-collections/3.2.2/commons-collections-3.2.2.jar:/home/user/.m2/repository/javax/servlet/javax.servlet-api/3.1.0/javax.servlet-api-3.1.0.jar:/home/user/.m2/repository/org/eclipse/jetty/jetty-server/9.3.24.v20180605/jetty-server-9.3.24.v20180605.jar:/home/user/.m2/repository/org/eclipse/jetty/jetty-http/9.3.24.v20180605/jetty-http-9.3.24.v20180605.jar:/home/user/.m2/repository/org/eclipse/jetty/jetty-io/9.3.24.v20180605/jetty-io-9.3.24.v20180605.jar:/home/user/.m2/repository/org/eclipse/jetty/jetty-util/9.3.24.v20180605/jetty-util-9.3.24.v20180605.jar:/home/user/.m2/repository/org/eclipse/jetty/jetty-servlet/9.3.24.v20180605/jetty-servlet-9.3.24.v20180605.jar:/home/user/.m2/repository/org/eclipse/jetty/jetty-security/9.3.24.v20180605/jetty-security-9.3.24.v20180605.jar:/home/user/.m2/repository/org/eclipse/jetty/jetty-webapp/9.3.24.v20180605/jetty-webapp-9.3.24.v20180605.jar:/home/user/.m2/repository/org/eclipse/jetty/jetty-xml/9.3.24.v20180605/jetty-xml-9.3.24.v20180605.jar:/home/user/.m2/repository/javax/servlet/jsp/jsp-api/2.1/jsp-api-2.1.jar:/home/user/.m2/repository/com/sun/jersey/jersey-core/1.19/jersey-core-1.19.jar:/home/user/.m2/repository/javax/ws/rs/jsr311-api/1.1.1/jsr311-api-1.1.1.jar:/home/user/.m2/repository/com/sun/jersey/jersey-servlet/1.19/jersey-servlet-1.19.jar:/home/user/.m2/repository/com/sun/jersey/jersey-json/1.19/jersey-json-1.19.jar:/home/user/.m2/repository/org/codehaus/jettison/jettison/1.1/jettison-1.1.jar:/home/user/.m2/repository/com/sun/xml/bind/jaxb-impl/2.3.0.1/jaxb-impl-2.3.0.1.jar:/home/user/.m2/repository/org/codehaus/jackson/jackson-core-asl/1.9.13/jackson-core-asl-1.9.13.jar:/home/user/.m2/repository/org/codehaus/jackson/jackson-mapper-asl/1.9.13/jackson-mapper-asl-1.9.13.jar:/home/user/.m2/repository/org/codehaus/jackson/jackson-jaxrs/1.9.13/jackson-jaxrs-1.9.13.jar:/home/user/.m2/repository/org/codehaus/jackson/jackson-xc/1.9.13/jackson-xc-1.9.13.jar:/home/user/.m2/repository/com/sun/jersey/jersey-server/1.19/jersey-server-1.19.jar:/home/user/.m2/repository/commons-logging/commons-logging/1.1.3/commons-logging-1.1.3.jar:/home/user/.m2/repository/log4j/log4j/1.2.17/log4j-1.2.17.jar:/home/user/.m2/repository/commons-beanutils/commons-beanutils/1.9.3/commons-beanutils-1.9.3.jar:/home/user/.m2/repository/org/apache/commons/commons-configuration2/2.1.1/commons-configuration2-2.1.1.jar:/home/user/.m2/repository/org/apache/commons/commons-lang3/3.7/commons-lang3-3.7.jar:/home/user/.m2/repository/org/apache/commons/commons-text/1.4/commons-text-1.4.jar:/home/user/.m2/repository/org/slf4j/slf4j-api/1.7.25/slf4j-api-1.7.25.jar:/home/user/.m2/repository/org/slf4j/slf4j-log4j12/1.7.25/slf4j-log4j12-1.7.25.jar:/home/user/.m2/repository/org/apache/avro/avro/1.7.7/avro-1.7.7.jar:/home/user/.m2/repository/com/thoughtworks/paranamer/paranamer/2.3/paranamer-2.3.jar:/home/user/.m2/repository/org/xerial/snappy/snappy-java/1.0.5/snappy-java-1.0.5.jar:/home/user/.m2/repository/com/google/re2j/re2j/1.1/re2j-1.1.jar:/home/user/.m2/repository/com/google/code/gson/gson/2.2.4/gson-2.2.4.jar:/home/user/.m2/repository/org/apache/hadoop/hadoop-auth/3.2.0/hadoop-auth-3.2.0.jar:/home/user/.m2/repository/com/nimbusds/nimbus-jose-jwt/4.41.1/nimbus-jose-jwt-4.41.1.jar:/home/user/.m2/repository/com/github/stephenc/jcip/jcip-annotations/1.0-1/jcip-annotations-1.0-1.jar:/home/user/.m2/repository/net/minidev/json-smart/2.3/json-smart-2.3.jar:/home/user/.m2/repository/net/minidev/accessors-smart/1.2/accessors-smart-1.2.jar:/home/user/.m2/repository/org/apache/curator/curator-framework/2.12.0/curator-framework-2.12.0.jar:/home/user/.m2/repository/com/jcraft/jsch/0.1.54/jsch-0.1.54.jar:/home/user/.m2/repository/org/apache/curator/curator-client/2.12.0/curator-client-2.12.0.jar:/home/user/.m2/repository/org/apache/curator/curator-recipes/2.12.0/curator-recipes-2.12.0.jar:/home/user/.m2/repository/com/google/code/findbugs/jsr305/3.0.0/jsr305-3.0.0.jar:/home/user/.m2/repository/org/apache/htrace/htrace-core4/4.1.0-incubating/htrace-core4-4.1.0-incubating.jar:/home/user/.m2/repository/org/apache/zookeeper/zookeeper/3.4.13/zookeeper-3.4.13.jar:/home/user/.m2/repository/org/apache/yetus/audience-annotations/0.5.0/audience-annotations-0.5.0.jar:/home/user/.m2/repository/org/apache/kerby/kerb-simplekdc/1.0.1/kerb-simplekdc-1.0.1.jar:/home/user/.m2/repository/org/apache/kerby/kerb-client/1.0.1/kerb-client-1.0.1.jar:/home/user/.m2/repository/org/apache/kerby/kerby-config/1.0.1/kerby-config-1.0.1.jar:/home/user/.m2/repository/org/apache/kerby/kerb-core/1.0.1/kerb-core-1.0.1.jar:/home/user/.m2/repository/org/apache/kerby/kerby-pkix/1.0.1/kerby-pkix-1.0.1.jar:/home/user/.m2/repository/org/apache/kerby/kerby-asn1/1.0.1/kerby-asn1-1.0.1.jar:/home/user/.m2/repository/org/apache/kerby/kerby-util/1.0.1/kerby-util-1.0.1.jar:/home/user/.m2/repository/org/apache/kerby/kerb-common/1.0.1/kerb-common-1.0.1.jar:/home/user/.m2/repository/org/apache/kerby/kerb-crypto/1.0.1/kerb-crypto-1.0.1.jar:/home/user/.m2/repository/org/apache/kerby/kerb-util/1.0.1/kerb-util-1.0.1.jar:/home/user/.m2/repository/org/apache/kerby/token-provider/1.0.1/token-provider-1.0.1.jar:/home/user/.m2/repository/org/apache/kerby/kerb-admin/1.0.1/kerb-admin-1.0.1.jar:/home/user/.m2/repository/org/apache/kerby/kerb-server/1.0.1/kerb-server-1.0.1.jar:/home/user/.m2/repository/org/apache/kerby/kerb-identity/1.0.1/kerb-identity-1.0.1.jar:/home/user/.m2/repository/org/apache/kerby/kerby-xdr/1.0.1/kerby-xdr-1.0.1.jar:/home/user/.m2/repository/com/fasterxml/jackson/core/jackson-databind/2.9.5/jackson-databind-2.9.5.jar:/home/user/.m2/repository/com/fasterxml/jackson/core/jackson-core/2.9.5/jackson-core-2.9.5.jar:/home/user/.m2/repository/org/codehaus/woodstox/stax2-api/3.1.4/stax2-api-3.1.4.jar:/home/user/.m2/repository/com/fasterxml/woodstox/woodstox-core/5.0.3/woodstox-core-5.0.3.jar:/home/user/.m2/repository/dnsjava/dnsjava/2.1.7/dnsjava-2.1.7.jar:/home/user/.m2/repository/org/apache/hadoop/hadoop-hdfs/3.2.0/hadoop-hdfs-3.2.0.jar:/home/user/.m2/repository/org/eclipse/jetty/jetty-util-ajax/9.3.24.v20180605/jetty-util-ajax-9.3.24.v20180605.jar:/home/user/.m2/repository/commons-daemon/commons-daemon/1.0.13/commons-daemon-1.0.13.jar:/home/user/.m2/repository/io/netty/netty/3.10.5.Final/netty-3.10.5.Final.jar:/home/user/.m2/repository/io/netty/netty-all/4.0.52.Final/netty-all-4.0.52.Final.jar:/home/user/.m2/repository/org/fusesource/leveldbjni/leveldbjni-all/1.8/leveldbjni-all-1.8.jar:/home/user/.m2/repository/com/sun/xml/bind/jaxb-core/2.3.0.1/jaxb-core-2.3.0.1.jar:/home/user/.m2/repository/javax/xml/bind/jaxb-api/2.3.0/jaxb-api-2.3.0.jar:/home/user/.m2/repository/javax/activation/activation/1.1.1/activation-1.1.1.jar:/home/user/.m2/repository/io/dropwizard/metrics/metrics-core/3.2.4/metrics-core-3.2.4.jar:/home/user/.m2/repository/org/openjdk/jmh/jmh-core/1.19/jmh-core-1.19.jar:/home/user/.m2/repository/net/sf/jopt-simple/jopt-simple/4.6/jopt-simple-4.6.jar:/home/user/.m2/repository/org/openjdk/jmh/jmh-generator-annprocess/1.19/jmh-generator-annprocess-1.19.jar:/home/user/.m2/repository/com/google/code/findbugs/findbugs/3.0.1/findbugs-3.0.1.jar:/home/user/.m2/repository/net/jcip/jcip-annotations/1.0/jcip-annotations-1.0.jar:/home/user/.m2/repository/com/google/code/findbugs/bcel-findbugs/6.0/bcel-findbugs-6.0.jar:/home/user/.m2/repository/com/google/code/findbugs/jFormatString/2.0.1/jFormatString-2.0.1.jar:/home/user/.m2/repository/dom4j/dom4j/1.6.1/dom4j-1.6.1.jar:/home/user/.m2/repository/xml-apis/xml-apis/1.0.b2/xml-apis-1.0.b2.jar:/home/user/.m2/repository/org/ow2/asm/asm-debug-all/5.0.2/asm-debug-all-5.0.2.jar:/home/user/.m2/repository/org/ow2/asm/asm-commons/5.0.2/asm-commons-5.0.2.jar:/home/user/.m2/repository/org/ow2/asm/asm-tree/5.0.2/asm-tree-5.0.2.jar:/home/user/.m2/repository/org/ow2/asm/asm/5.0.4/asm-5.0.4.jar:/home/user/.m2/repository/commons-lang/commons-lang/2.6/commons-lang-2.6.jar:/home/user/.m2/repository/com/apple/AppleJavaExtensions/1.4/AppleJavaExtensions-1.4.jar:/home/user/.m2/repository/jaxen/jaxen/1.1.6/jaxen-1.1.6.jar:/home/user/.m2/repository/junit/junit/4.11/junit-4.11.jar:/home/user/.m2/repository/org/hamcrest/hamcrest-core/1.3/hamcrest-core-1.3.jar:/home/user/.m2/repository/org/apache/hadoop/hadoop-common/3.2.0/hadoop-common-3.2.0-tests.jar:/workdir/hadoop-ozone/integration-test/target/test-classes:/home/user/.m2/repository/org/apache/hadoop/hadoop-ozone-objectstore-service/0.5.0-SNAPSHOT/hadoop-ozone-objectstore-service-0.5.0-SNAPSHOT.jar:/home/user/.m2/repository/org/apache/hadoop/hadoop-ozone-s3gateway/0.5.0-SNAPSHOT/hadoop-ozone-s3gateway-0.5.0-SNAPSHOT.jar:/home/user/.m2/repository/org/jboss/weld/servlet/weld-servlet/2.4.7.Final/weld-servlet-2.4.7.Final.jar:/home/user/.m2/repository/org/glassfish/jersey/containers/jersey-container-servlet-core/2.27/jersey-container-servlet-core-2.27.jar:/home/user/.m2/repository/org/glassfish/hk2/external/javax.inject/2.5.0-b42/javax.inject-2.5.0-b42.jar:/home/user/.m2/repository/org/glassfish/jersey/core/jersey-common/2.27/jersey-common-2.27.jar:/home/user/.m2/repository/org/glassfish/hk2/osgi-resource-locator/1.0.1/osgi-resource-locator-1.0.1.jar:/home/user/.m2/repository/javax/ws/rs/javax.ws.rs-api/2.1/javax.ws.rs-api-2.1.jar:/home/user/.m2/repository/org/glassfish/jersey/ext/cdi/jersey-cdi1x/2.27/jersey-cdi1x-2.27.jar:/home/user/.m2/repository/org/glassfish/jersey/inject/jersey-hk2/2.27/jersey-hk2-2.27.jar:/home/user/.m2/repository/org/glassfish/hk2/hk2-locator/2.5.0-b42/hk2-locator-2.5.0-b42.jar:/home/user/.m2/repository/org/javassist/javassist/3.22.0-CR2/javassist-3.22.0-CR2.jar:/home/user/.m2/repository/org/glassfish/hk2/hk2-api/2.5.0/hk2-api-2.5.0.jar:/home/user/.m2/repository/org/glassfish/hk2/external/jakarta.inject/2.5.0/jakarta.inject-2.5.0.jar:/home/user/.m2/repository/org/glassfish/hk2/hk2-utils/2.5.0/hk2-utils-2.5.0.jar:/home/user/.m2/repository/jakarta/annotation/jakarta.annotation-api/1.3.4/jakarta.annotation-api-1.3.4.jar:/home/user/.m2/repository/org/glassfish/hk2/external/aopalliance-repackaged/2.5.0/aopalliance-repackaged-2.5.0.jar:/home/user/.m2/repository/com/fasterxml/jackson/dataformat/jackson-dataformat-xml/2.9.0/jackson-dataformat-xml-2.9.0.jar:/home/user/.m2/repository/com/fasterxml/jackson/module/jackson-module-jaxb-annotations/2.9.5/jackson-module-jaxb-annotations-2.9.5.jar:/home/user/.m2/repository/javax/enterprise/cdi-api/1.2/cdi-api-1.2.jar:/home/user/.m2/repository/javax/el/javax.el-api/3.0.0/javax.el-api-3.0.0.jar:/home/user/.m2/repository/javax/interceptor/javax.interceptor-api/1.2/javax.interceptor-api-1.2.jar:/home/user/.m2/repository/javax/inject/javax.inject/1/javax.inject-1.jar:/home/user/.m2/repository/org/apache/hadoop/hadoop-ozone-csi/0.5.0-SNAPSHOT/hadoop-ozone-csi-0.5.0-SNAPSHOT.jar:/home/user/.m2/repository/com/google/protobuf/protobuf-java-util/3.5.1/protobuf-java-util-3.5.1.jar:/home/user/.m2/repository/io/grpc/grpc-netty/1.17.1/grpc-netty-1.17.1.jar:/home/user/.m2/repository/io/grpc/grpc-core/1.17.1/grpc-core-1.17.1.jar:/home/user/.m2/repository/io/grpc/grpc-context/1.17.1/grpc-context-1.17.1.jar:/home/user/.m2/repository/com/google/errorprone/error_prone_annotations/2.2.0/error_prone_annotations-2.2.0.jar:/home/user/.m2/repository/org/codehaus/mojo/animal-sniffer-annotations/1.17/animal-sniffer-annotations-1.17.jar:/home/user/.m2/repository/io/opencensus/opencensus-api/0.17.0/opencensus-api-0.17.0.jar:/home/user/.m2/repository/io/opencensus/opencensus-contrib-grpc-metrics/0.17.0/opencensus-contrib-grpc-metrics-0.17.0.jar:/home/user/.m2/repository/io/netty/netty-codec-http2/4.1.30.Final/netty-codec-http2-4.1.30.Final.jar:/home/user/.m2/repository/io/netty/netty-codec-http/4.1.30.Final/netty-codec-http-4.1.30.Final.jar:/home/user/.m2/repository/io/netty/netty-codec/4.1.30.Final/netty-codec-4.1.30.Final.jar:/home/user/.m2/repository/io/netty/netty-handler/4.1.30.Final/netty-handler-4.1.30.Final.jar:/home/user/.m2/repository/io/netty/netty-handler-proxy/4.1.30.Final/netty-handler-proxy-4.1.30.Final.jar:/home/user/.m2/repository/io/netty/netty-codec-socks/4.1.30.Final/netty-codec-socks-4.1.30.Final.jar:/home/user/.m2/repository/io/netty/netty-transport-native-epoll/4.1.30.Final/netty-transport-native-epoll-4.1.30.Final.jar:/home/user/.m2/repository/io/netty/netty-common/4.1.30.Final/netty-common-4.1.30.Final.jar:/home/user/.m2/repository/io/netty/netty-buffer/4.1.30.Final/netty-buffer-4.1.30.Final.jar:/home/user/.m2/repository/io/netty/netty-transport/4.1.30.Final/netty-transport-4.1.30.Final.jar:/home/user/.m2/repository/io/netty/netty-resolver/4.1.30.Final/netty-resolver-4.1.30.Final.jar:/home/user/.m2/repository/io/netty/netty-transport-native-unix-common/4.1.30.Final/netty-transport-native-unix-common-4.1.30.Final.jar:/home/user/.m2/repository/io/grpc/grpc-protobuf/1.17.1/grpc-protobuf-1.17.1.jar:/home/user/.m2/repository/com/google/api/grpc/proto-google-common-protos/1.0.0/proto-google-common-protos-1.0.0.jar:/home/user/.m2/repository/io/grpc/grpc-protobuf-lite/1.17.1/grpc-protobuf-lite-1.17.1.jar:/home/user/.m2/repository/io/grpc/grpc-stub/1.17.1/grpc-stub-1.17.1.jar:/home/user/.m2/repository/org/apache/hadoop/hadoop-ozone-recon/0.5.0-SNAPSHOT/hadoop-ozone-recon-0.5.0-SNAPSHOT.jar:/home/user/.m2/repository/org/apache/hadoop/hadoop-ozone-reconcodegen/0.5.0-SNAPSHOT/hadoop-ozone-reconcodegen-0.5.0-SNAPSHOT.jar:/home/user/.m2/repository/com/google/inject/extensions/guice-multibindings/4.0/guice-multibindings-4.0.jar:/home/user/.m2/repository/com/google/inject/guice/4.0/guice-4.0.jar:/home/user/.m2/repository/aopalliance/aopalliance/1.0/aopalliance-1.0.jar:/home/user/.m2/repository/com/google/inject/extensions/guice-servlet/4.0/guice-servlet-4.0.jar:/home/user/.m2/repository/org/glassfish/jersey/containers/jersey-container-servlet/2.27/jersey-container-servlet-2.27.jar:/home/user/.m2/repository/org/glassfish/hk2/guice-bridge/2.5.0/guice-bridge-2.5.0.jar:/home/user/.m2/repository/org/glassfish/jersey/core/jersey-server/2.27/jersey-server-2.27.jar:/home/user/.m2/repository/org/glassfish/jersey/core/jersey-client/2.27/jersey-client-2.27.jar:/home/user/.m2/repository/org/glassfish/jersey/media/jersey-media-jaxb/2.27/jersey-media-jaxb-2.27.jar:/home/user/.m2/repository/javax/validation/validation-api/1.1.0.Final/validation-api-1.1.0.Final.jar:/home/user/.m2/repository/org/glassfish/jersey/media/jersey-media-json-jackson/2.27/jersey-media-json-jackson-2.27.jar:/home/user/.m2/repository/org/glassfish/jersey/ext/jersey-entity-filtering/2.27/jersey-entity-filtering-2.27.jar:/home/user/.m2/repository/com/google/inject/extensions/guice-assistedinject/4.0/guice-assistedinject-4.0.jar:/home/user/.m2/repository/org/jooq/jooq/3.11.10/jooq-3.11.10.jar:/home/user/.m2/repository/org/jooq/jooq-meta/3.11.10/jooq-meta-3.11.10.jar:/home/user/.m2/repository/org/jooq/jooq-codegen/3.11.10/jooq-codegen-3.11.10.jar:/home/user/.m2/repository/com/jolbox/bonecp/0.8.0.RELEASE/bonecp-0.8.0.RELEASE.jar:/home/user/.m2/repository/org/springframework/spring-jdbc/5.1.3.RELEASE/spring-jdbc-5.1.3.RELEASE.jar:/home/user/.m2/repository/org/springframework/spring-beans/5.1.3.RELEASE/spring-beans-5.1.3.RELEASE.jar:/home/user/.m2/repository/org/springframework/spring-core/5.1.3.RELEASE/spring-core-5.1.3.RELEASE.jar:/home/user/.m2/repository/org/springframework/spring-jcl/5.1.3.RELEASE/spring-jcl-5.1.3.RELEASE.jar:/home/user/.m2/repository/org/springframework/spring-tx/5.1.3.RELEASE/spring-tx-5.1.3.RELEASE.jar:/home/user/.m2/repository/org/mockito/mockito-core/2.15.0/mockito-core-2.15.0.jar:/home/user/.m2/repository/net/bytebuddy/byte-buddy/1.7.9/byte-buddy-1.7.9.jar:/home/user/.m2/repository/net/bytebuddy/byte-buddy-agent/1.7.9/byte-buddy-agent-1.7.9.jar:/home/user/.m2/repository/org/objenesis/objenesis/1.0/objenesis-1.0.jar:"/>
    <property name="sun.cpu.endian" value="little"/>
    <property name="user.home" value="/home/user"/>
    <property name="user.language" value="en"/>
    <property name="java.specification.vendor" value="Oracle Corporation"/>
    <property name="java.home" value="/usr/lib/jvm/java-1.8-openjdk/jre"/>
    <property name="java.security.krb5.conf" value="/workdir/hadoop-ozone/tools/target/test-classes/krb5.conf"/>
    <property name="basedir" value="/workdir/hadoop-ozone/tools"/>
    <property name="file.separator" value="/"/>
    <property name="line.separator" value="&#10;"/>
    <property name="java.vm.specification.vendor" value="Oracle Corporation"/>
    <property name="java.specification.name" value="Java Platform API Specification"/>
    <property name="java.awt.graphicsenv" value="sun.awt.X11GraphicsEnvironment"/>
    <property name="surefire.real.class.path" value="/workdir/hadoop-ozone/tools/target/surefire/surefirebooter6172578967536140106.jar"/>
    <property name="hadoop.log.dir" value="/workdir/hadoop-ozone/tools/target/log"/>
    <property name="sun.boot.class.path" value="/usr/lib/jvm/java-1.8-openjdk/jre/lib/resources.jar:/usr/lib/jvm/java-1.8-openjdk/jre/lib/rt.jar:/usr/lib/jvm/java-1.8-openjdk/jre/lib/sunrsasign.jar:/usr/lib/jvm/java-1.8-openjdk/jre/lib/jsse.jar:/usr/lib/jvm/java-1.8-openjdk/jre/lib/jce.jar:/usr/lib/jvm/java-1.8-openjdk/jre/lib/charsets.jar:/usr/lib/jvm/java-1.8-openjdk/jre/lib/jfr.jar:/usr/lib/jvm/java-1.8-openjdk/jre/classes"/>
    <property name="sun.management.compiler" value="HotSpot 64-Bit Tiered Compilers"/>
    <property name="java.runtime.version" value="1.8.0_212-b04"/>
    <property name="java.net.preferIPv4Stack" value="true"/>
    <property name="user.name" value="jenkins1000"/>
    <property name="path.separator" value=":"/>
    <property name="java.security.egd" value="file:///dev/urandom"/>
    <property name="os.version" value="3.10.0-957.12.2.el7.x86_64"/>
    <property name="java.endorsed.dirs" value="/usr/lib/jvm/java-1.8-openjdk/jre/lib/endorsed"/>
    <property name="java.runtime.name" value="OpenJDK Runtime Environment"/>
    <property name="file.encoding" value="UTF-8"/>
    <property name="java.vm.name" value="OpenJDK 64-Bit Server VM"/>
    <property name="test.build.webapps" value=""/>
    <property name="localRepository" value="/home/user/.m2/repository"/>
    <property name="java.vendor.url.bug" value="https://icedtea.classpath.org/bugzilla"/>
    <property name="java.io.tmpdir" value="/tmp"/>
    <property name="require.test.libhadoop" value=""/>
    <property name="java.version" value="1.8.0_212"/>
    <property name="user.dir" value="/workdir/hadoop-ozone/tools"/>
    <property name="os.arch" value="amd64"/>
    <property name="java.vm.specification.name" value="Java Virtual Machine Specification"/>
    <property name="test.build.classes" value="/workdir/hadoop-ozone/tools/target/test-classes"/>
    <property name="java.awt.printerjob" value="sun.print.PSPrinterJob"/>
    <property name="sun.os.patch.level" value="unknown"/>
    <property name="hadoop.tmp.dir" value="/workdir/hadoop-ozone/tools/target/tmp"/>
    <property name="java.library.path" value="/usr/lib/jvm/java-1.8-openjdk/jre/lib/amd64/server:/usr/lib/jvm/java-1.8-openjdk/jre/lib/amd64:/usr/lib/jvm/java-1.8-openjdk/jre/../lib/amd64:/workdir/hadoop-ozone/tools/target/native/target/usr/local/lib:/workdir/hadoop-ozone/tools/../../hadoop-common-project/hadoop-common/target/native/target/usr/local/lib:/usr/java/packages/lib/amd64:/usr/lib64:/lib64:/lib:/usr/lib"/>
    <property name="java.vm.info" value="mixed mode"/>
    <property name="java.vendor" value="IcedTea"/>
    <property name="java.vm.version" value="25.212-b04"/>
    <property name="java.ext.dirs" value="/usr/lib/jvm/java-1.8-openjdk/jre/lib/ext:/usr/java/packages/lib/ext"/>
    <property name="sun.io.unicode.encoding" value="UnicodeLittle"/>
    <property name="java.class.version" value="52.0"/>
  </properties>
  <testcase name="ratisTestLargeKey" classname="org.apache.hadoop.ozone.freon.TestDataValidateWithUnsafeByteOperations" time="10.427">
    <error message="Allocated 0 blocks. Requested 5 blocks" type="INTERNAL_ERROR org.apache.hadoop.ozone.om.exceptions.OMException">INTERNAL_ERROR org.apache.hadoop.ozone.om.exceptions.OMException: Allocated 0 blocks. Requested 5 blocks
	at org.apache.hadoop.ozone.om.protocolPB.OzoneManagerProtocolClientSideTranslatorPB.handleError(OzoneManagerProtocolClientSideTranslatorPB.java:725)
	at org.apache.hadoop.ozone.om.protocolPB.OzoneManagerProtocolClientSideTranslatorPB.openKey(OzoneManagerProtocolClientSideTranslatorPB.java:716)
	at org.apache.hadoop.ozone.client.rpc.RpcClient.createKey(RpcClient.java:615)
	at org.apache.hadoop.ozone.client.OzoneBucket.createKey(OzoneBucket.java:323)
	at org.apache.hadoop.ozone.freon.RandomKeyGenerator.createKey(RandomKeyGenerator.java:686)
	at org.apache.hadoop.ozone.freon.RandomKeyGenerator.access$1100(RandomKeyGenerator.java:87)
	at org.apache.hadoop.ozone.freon.RandomKeyGenerator$ObjectCreator.run(RandomKeyGenerator.java:606)
	at java.util.concurrent.Executors$RunnableAdapter.call(Executors.java:511)
	at java.util.concurrent.FutureTask.run(FutureTask.java:266)
	at java.util.concurrent.ThreadPoolExecutor.runWorker(ThreadPoolExecutor.java:1149)
	at java.util.concurrent.ThreadPoolExecutor$Worker.run(ThreadPoolExecutor.java:624)
	at java.lang.Thread.run(Thread.java:748)
</error>
    <system-out><![CDATA[2019-09-12 11:50:41,273 [main] WARN  server.ServerUtils (ServerUtils.java:getScmDbDir(145)) - ozone.scm.db.dirs is not configured. We recommend adding this setting. Falling back to ozone.metadata.dirs instead.
2019-09-12 11:50:41,409 [main] WARN  server.ServerUtils (ServerUtils.java:getScmDbDir(145)) - ozone.scm.db.dirs is not configured. We recommend adding this setting. Falling back to ozone.metadata.dirs instead.
2019-09-12 11:50:41,412 [main] WARN  server.ServerUtils (ServerUtils.java:getScmDbDir(145)) - ozone.scm.db.dirs is not configured. We recommend adding this setting. Falling back to ozone.metadata.dirs instead.
2019-09-12 11:50:41,430 [main] INFO  util.log (Log.java:initialized(192)) - Logging initialized @906ms
2019-09-12 11:50:41,531 [main] INFO  db.DBStoreBuilder (DBStoreBuilder.java:addTable(110)) - using custom profile for table: deletedBlocks
2019-09-12 11:50:41,531 [main] INFO  db.DBStoreBuilder (DBStoreBuilder.java:processTables(161)) - Using default column profile:DBProfile.DISK for Table:deletedBlocks
2019-09-12 11:50:41,531 [main] INFO  db.DBStoreBuilder (DBStoreBuilder.java:addTable(110)) - using custom profile for table: validCerts
2019-09-12 11:50:41,532 [main] INFO  db.DBStoreBuilder (DBStoreBuilder.java:processTables(161)) - Using default column profile:DBProfile.DISK for Table:validCerts
2019-09-12 11:50:41,532 [main] INFO  db.DBStoreBuilder (DBStoreBuilder.java:addTable(110)) - using custom profile for table: revokedCerts
2019-09-12 11:50:41,532 [main] INFO  db.DBStoreBuilder (DBStoreBuilder.java:processTables(161)) - Using default column profile:DBProfile.DISK for Table:revokedCerts
2019-09-12 11:50:41,544 [main] INFO  db.DBStoreBuilder (DBStoreBuilder.java:addTable(110)) - using custom profile for table: default
2019-09-12 11:50:41,545 [main] INFO  db.DBStoreBuilder (DBStoreBuilder.java:processTables(167)) - Using default column profile:DBProfile.DISK for Table:default
2019-09-12 11:50:41,546 [main] INFO  db.DBStoreBuilder (DBStoreBuilder.java:getDbProfile(198)) - Using default options. DBProfile.DISK
2019-09-12 11:50:41,725 [main] INFO  net.NodeSchemaLoader (NodeSchemaLoader.java:loadSchemaFromFile(125)) - Loading file from sun.misc.CompoundEnumeration@3835c46
2019-09-12 11:50:41,728 [main] INFO  net.NodeSchemaLoader (NodeSchemaLoader.java:loadSchema(171)) - Loading network topology layer schema file
2019-09-12 11:50:41,814 [main] WARN  server.ServerUtils (ServerUtils.java:sanitizeUserArgs(70)) - ozone.scm.stale.node.interval value = 300000 is larger than max = 100000 based on the key value of ozone.scm.heartbeat.thread.interval, reset to the max value 100000.
2019-09-12 11:50:41,816 [main] WARN  server.ServerUtils (ServerUtils.java:sanitizeUserArgs(70)) - ozone.scm.stale.node.interval value = 300000 is larger than max = 100000 based on the key value of ozone.scm.heartbeat.thread.interval, reset to the max value 100000.
2019-09-12 11:50:41,818 [main] INFO  node.SCMNodeManager (SCMNodeManager.java:<init>(121)) - Entering startup safe mode.
2019-09-12 11:50:41,901 [main] INFO  algorithms.ContainerPlacementPolicyFactory (ContainerPlacementPolicyFactory.java:getPolicy(56)) - Create container placement policy of type org.apache.hadoop.hdds.scm.container.placement.algorithms.SCMContainerPlacementRandom
2019-09-12 11:50:41,920 [main] WARN  server.ServerUtils (ServerUtils.java:getScmDbDir(145)) - ozone.scm.db.dirs is not configured. We recommend adding this setting. Falling back to ozone.metadata.dirs instead.
2019-09-12 11:50:41,986 [main] INFO  pipeline.SCMPipelineManager (SCMPipelineManager.java:initializePipelineState(126)) - No pipeline exists in current db
2019-09-12 11:50:41,990 [main] WARN  server.ServerUtils (ServerUtils.java:getScmDbDir(145)) - ozone.scm.db.dirs is not configured. We recommend adding this setting. Falling back to ozone.metadata.dirs instead.
2019-09-12 11:50:42,090 [main] WARN  events.EventQueue (EventQueue.java:fireEvent(175)) - No event handler registered for event TypedEvent{payloadType=SafeModeStatus, name='SafeModeStatus'}
2019-09-12 11:50:42,617 [main] INFO  ipc.CallQueueManager (CallQueueManager.java:<init>(84)) - Using callQueue: class java.util.concurrent.LinkedBlockingQueue, queueCapacity: 2000, scheduler: class org.apache.hadoop.ipc.DefaultRpcScheduler, ipcBackoff: false.
2019-09-12 11:50:43,000 [Socket Reader #1 for port 35397] INFO  ipc.Server (Server.java:run(1074)) - Starting Socket Reader #1 for port 35397
2019-09-12 11:50:43,035 [main] INFO  ipc.CallQueueManager (CallQueueManager.java:<init>(84)) - Using callQueue: class java.util.concurrent.LinkedBlockingQueue, queueCapacity: 2000, scheduler: class org.apache.hadoop.ipc.DefaultRpcScheduler, ipcBackoff: false.
2019-09-12 11:50:43,036 [Socket Reader #1 for port 39597] INFO  ipc.Server (Server.java:run(1074)) - Starting Socket Reader #1 for port 39597
2019-09-12 11:50:43,046 [main] INFO  ipc.CallQueueManager (CallQueueManager.java:<init>(84)) - Using callQueue: class java.util.concurrent.LinkedBlockingQueue, queueCapacity: 2000, scheduler: class org.apache.hadoop.ipc.DefaultRpcScheduler, ipcBackoff: false.
2019-09-12 11:50:43,046 [Socket Reader #1 for port 45146] INFO  ipc.Server (Server.java:run(1074)) - Starting Socket Reader #1 for port 45146
2019-09-12 11:50:43,073 [main] INFO  hdfs.DFSUtil (DFSUtil.java:httpServerTemplateForNNAndJN(1641)) - Starting Web-server for scm at: http://0.0.0.0:0
2019-09-12 11:50:43,246 [main] INFO  server.AuthenticationFilter (AuthenticationFilter.java:constructSecretProvider(240)) - Unable to initialize FileSignerSecretProvider, falling back to use random secrets.
2019-09-12 11:50:43,265 [main] WARN  http.HttpRequestLog (HttpRequestLog.java:getRequestLog(97)) - Jetty request log can only be enabled using Log4j
2019-09-12 11:50:43,277 [main] INFO  http.HttpServer2 (HttpServer2.java:addGlobalFilter(975)) - Added global filter 'safety' (class=org.apache.hadoop.http.HttpServer2$QuotingInputFilter)
2019-09-12 11:50:43,280 [main] INFO  http.HttpServer2 (HttpServer2.java:addFilter(948)) - Added filter static_user_filter (class=org.apache.hadoop.http.lib.StaticUserWebFilter$StaticUserFilter) to context scm
2019-09-12 11:50:43,280 [main] INFO  http.HttpServer2 (HttpServer2.java:addFilter(958)) - Added filter static_user_filter (class=org.apache.hadoop.http.lib.StaticUserWebFilter$StaticUserFilter) to context logs
2019-09-12 11:50:43,280 [main] INFO  http.HttpServer2 (HttpServer2.java:addFilter(958)) - Added filter static_user_filter (class=org.apache.hadoop.http.lib.StaticUserWebFilter$StaticUserFilter) to context static
2019-09-12 11:50:43,312 [main] INFO  server.StorageContainerManager (StorageContainerManager.java:start(759)) - StorageContainerLocationProtocol RPC server is listening at /0.0.0.0:45146
2019-09-12 11:50:43,375 [main] WARN  impl.MetricsConfig (MetricsConfig.java:loadFirst(134)) - Cannot locate configuration: tried hadoop-metrics2-storagecontainermanager.properties,hadoop-metrics2.properties
2019-09-12 11:50:43,391 [main] INFO  impl.MetricsSystemImpl (MetricsSystemImpl.java:startTimer(374)) - Scheduled Metric snapshot period at 10 second(s).
2019-09-12 11:50:43,391 [main] INFO  impl.MetricsSystemImpl (MetricsSystemImpl.java:start(191)) - StorageContainerManager metrics system started
2019-09-12 11:50:43,627 [main] INFO  server.SCMClientProtocolServer (SCMClientProtocolServer.java:start(151)) - RPC server for Client  is listening at /0.0.0.0:45146
2019-09-12 11:50:43,627 [IPC Server Responder] INFO  ipc.Server (Server.java:run(1314)) - IPC Server Responder: starting
2019-09-12 11:50:43,627 [IPC Server listener on 45146] INFO  ipc.Server (Server.java:run(1153)) - IPC Server listener on 45146: starting
2019-09-12 11:50:43,630 [main] INFO  server.StorageContainerManager (StorageContainerManager.java:start(769)) - ScmBlockLocationProtocol RPC server is listening at /0.0.0.0:39597
2019-09-12 11:50:43,630 [main] INFO  server.SCMBlockProtocolServer (SCMBlockProtocolServer.java:start(140)) - RPC server for Block Protocol is listening at /0.0.0.0:39597
2019-09-12 11:50:43,631 [IPC Server Responder] INFO  ipc.Server (Server.java:run(1314)) - IPC Server Responder: starting
2019-09-12 11:50:43,631 [IPC Server listener on 39597] INFO  ipc.Server (Server.java:run(1153)) - IPC Server listener on 39597: starting
2019-09-12 11:50:43,633 [main] INFO  server.StorageContainerManager (StorageContainerManager.java:start(773)) - ScmDatanodeProtocl RPC server is listening at /0.0.0.0:35397
2019-09-12 11:50:43,634 [main] INFO  server.SCMDatanodeProtocolServer (SCMDatanodeProtocolServer.java:start(191)) - RPC server for DataNodes is listening at /0.0.0.0:35397
2019-09-12 11:50:43,634 [IPC Server Responder] INFO  ipc.Server (Server.java:run(1314)) - IPC Server Responder: starting
2019-09-12 11:50:43,634 [IPC Server listener on 35397] INFO  ipc.Server (Server.java:run(1153)) - IPC Server listener on 35397: starting
2019-09-12 11:50:43,638 [main] INFO  http.HttpServer2 (HttpServer2.java:bindListener(1191)) - Jetty bound to port 33888
2019-09-12 11:50:43,640 [main] INFO  server.Server (Server.java:doStart(351)) - jetty-9.3.24.v20180605, build timestamp: 2018-06-05T17:11:56Z, git hash: 84205aa28f11a4f31f2a3b86d1bba2cc8ab69827
2019-09-12 11:50:43,677 [main] INFO  handler.ContextHandler (ContextHandler.java:doStart(781)) - Started o.e.j.s.ServletContextHandler@4e70a728{/logs,file:///workdir/hadoop-ozone/tools/target/log,AVAILABLE}
2019-09-12 11:50:43,677 [main] INFO  handler.ContextHandler (ContextHandler.java:doStart(781)) - Started o.e.j.s.ServletContextHandler@1c3146bc{/static,jar:file:/home/user/.m2/repository/org/apache/hadoop/hadoop-hdds-server-scm/0.5.0-SNAPSHOT/hadoop-hdds-server-scm-0.5.0-SNAPSHOT.jar!/webapps/static,AVAILABLE}
2019-09-12 11:50:43,752 [main] INFO  handler.ContextHandler (ContextHandler.java:doStart(781)) - Started o.e.j.w.WebAppContext@72efb5c1{/,file:///tmp/jetty-0.0.0.0-33888-scm-_-any-7354173583245461352.dir/webapp/,AVAILABLE}{/scm}
2019-09-12 11:50:43,757 [main] INFO  server.AbstractConnector (AbstractConnector.java:doStart(278)) - Started ServerConnector@7a0e1b5e{HTTP/1.1,[http/1.1]}{0.0.0.0:33888}
2019-09-12 11:50:43,758 [main] INFO  server.Server (Server.java:doStart(419)) - Started @3234ms
2019-09-12 11:50:43,759 [main] INFO  server.BaseHttpServer (BaseHttpServer.java:updateConnectorAddress(213)) - HTTP server of SCM is listening at http://0.0.0.0:33888
2019-09-12 11:50:43,765 [org.apache.hadoop.util.JvmPauseMonitor$Monitor@15bcf458] INFO  util.JvmPauseMonitor (JvmPauseMonitor.java:run(188)) - Starting JVM pause monitor
2019-09-12 11:50:43,767 [main] WARN  server.ServerUtils (ServerUtils.java:getDBPath(222)) - ozone.om.db.dirs is not configured. We recommend adding this setting. Falling back to ozone.metadata.dirs instead.
2019-09-12 11:50:43,898 [main] WARN  server.ServerUtils (ServerUtils.java:getDBPath(222)) - ozone.om.db.dirs is not configured. We recommend adding this setting. Falling back to ozone.metadata.dirs instead.
2019-09-12 11:50:43,899 [main] WARN  server.ServerUtils (ServerUtils.java:getDBPath(222)) - ozone.om.db.dirs is not configured. We recommend adding this setting. Falling back to ozone.metadata.dirs instead.
2019-09-12 11:50:43,900 [main] INFO  om.OzoneManager (OzoneManager.java:setOMNodeDetails(645)) - OM Service ID is not set. Setting it to the default ID: omServiceIdDefault
2019-09-12 11:50:43,900 [main] INFO  om.OzoneManager (OzoneManager.java:setOMNodeDetails(651)) - OM Node ID is not set. Setting it to the OmStorage's OmID: 95aec413-89de-47a2-a5a2-e69ac2a96a6c
2019-09-12 11:50:43,902 [main] INFO  om.OzoneManager (OzoneManager.java:loadOMHAConfigs(602)) - Found matching OM address with OMServiceId: null, OMNodeId: null, RPC Address: localhost:0 and Ratis port: 9872
2019-09-12 11:50:44,179 | INFO  | SCMAudit | user=jenkins1000 | ip=192.168.36.114 | op=GET_SCM_INFO null | ret=SUCCESS |  
2019-09-12 11:50:44,616 [main] WARN  server.ServerUtils (ServerUtils.java:getDBPath(222)) - ozone.om.db.dirs is not configured. We recommend adding this setting. Falling back to ozone.metadata.dirs instead.
2019-09-12 11:50:44,624 [main] INFO  db.DBStoreBuilder (DBStoreBuilder.java:addTable(110)) - using custom profile for table: userTable
2019-09-12 11:50:44,624 [main] INFO  db.DBStoreBuilder (DBStoreBuilder.java:processTables(161)) - Using default column profile:DBProfile.DISK for Table:userTable
2019-09-12 11:50:44,624 [main] INFO  db.DBStoreBuilder (DBStoreBuilder.java:addTable(110)) - using custom profile for table: volumeTable
2019-09-12 11:50:44,625 [main] INFO  db.DBStoreBuilder (DBStoreBuilder.java:processTables(161)) - Using default column profile:DBProfile.DISK for Table:volumeTable
2019-09-12 11:50:44,625 [main] INFO  db.DBStoreBuilder (DBStoreBuilder.java:addTable(110)) - using custom profile for table: bucketTable
2019-09-12 11:50:44,625 [main] INFO  db.DBStoreBuilder (DBStoreBuilder.java:processTables(161)) - Using default column profile:DBProfile.DISK for Table:bucketTable
2019-09-12 11:50:44,625 [main] INFO  db.DBStoreBuilder (DBStoreBuilder.java:addTable(110)) - using custom profile for table: keyTable
2019-09-12 11:50:44,626 [main] INFO  db.DBStoreBuilder (DBStoreBuilder.java:processTables(161)) - Using default column profile:DBProfile.DISK for Table:keyTable
2019-09-12 11:50:44,626 [main] INFO  db.DBStoreBuilder (DBStoreBuilder.java:addTable(110)) - using custom profile for table: deletedTable
2019-09-12 11:50:44,626 [main] INFO  db.DBStoreBuilder (DBStoreBuilder.java:processTables(161)) - Using default column profile:DBProfile.DISK for Table:deletedTable
2019-09-12 11:50:44,626 [main] INFO  db.DBStoreBuilder (DBStoreBuilder.java:addTable(110)) - using custom profile for table: openKeyTable
2019-09-12 11:50:44,627 [main] INFO  db.DBStoreBuilder (DBStoreBuilder.java:processTables(161)) - Using default column profile:DBProfile.DISK for Table:openKeyTable
2019-09-12 11:50:44,627 [main] INFO  db.DBStoreBuilder (DBStoreBuilder.java:addTable(110)) - using custom profile for table: s3Table
2019-09-12 11:50:44,627 [main] INFO  db.DBStoreBuilder (DBStoreBuilder.java:processTables(161)) - Using default column profile:DBProfile.DISK for Table:s3Table
2019-09-12 11:50:44,627 [main] INFO  db.DBStoreBuilder (DBStoreBuilder.java:addTable(110)) - using custom profile for table: multipartInfoTable
2019-09-12 11:50:44,628 [main] INFO  db.DBStoreBuilder (DBStoreBuilder.java:processTables(161)) - Using default column profile:DBProfile.DISK for Table:multipartInfoTable
2019-09-12 11:50:44,628 [main] INFO  db.DBStoreBuilder (DBStoreBuilder.java:addTable(110)) - using custom profile for table: dTokenTable
2019-09-12 11:50:44,628 [main] INFO  db.DBStoreBuilder (DBStoreBuilder.java:processTables(161)) - Using default column profile:DBProfile.DISK for Table:dTokenTable
2019-09-12 11:50:44,628 [main] INFO  db.DBStoreBuilder (DBStoreBuilder.java:addTable(110)) - using custom profile for table: s3SecretTable
2019-09-12 11:50:44,629 [main] INFO  db.DBStoreBuilder (DBStoreBuilder.java:processTables(161)) - Using default column profile:DBProfile.DISK for Table:s3SecretTable
2019-09-12 11:50:44,629 [main] INFO  db.DBStoreBuilder (DBStoreBuilder.java:addTable(110)) - using custom profile for table: prefixTable
2019-09-12 11:50:44,629 [main] INFO  db.DBStoreBuilder (DBStoreBuilder.java:processTables(161)) - Using default column profile:DBProfile.DISK for Table:prefixTable
2019-09-12 11:50:44,629 [main] INFO  db.DBStoreBuilder (DBStoreBuilder.java:addTable(110)) - using custom profile for table: default
2019-09-12 11:50:44,630 [main] INFO  db.DBStoreBuilder (DBStoreBuilder.java:processTables(167)) - Using default column profile:DBProfile.DISK for Table:default
2019-09-12 11:50:44,630 [main] INFO  db.DBStoreBuilder (DBStoreBuilder.java:getDbProfile(198)) - Using default options. DBProfile.DISK
2019-09-12 11:50:45,169 [main] INFO  ipc.CallQueueManager (CallQueueManager.java:<init>(84)) - Using callQueue: class java.util.concurrent.LinkedBlockingQueue, queueCapacity: 2000, scheduler: class org.apache.hadoop.ipc.DefaultRpcScheduler, ipcBackoff: false.
2019-09-12 11:50:45,170 [Socket Reader #1 for port 33589] INFO  ipc.Server (Server.java:run(1074)) - Starting Socket Reader #1 for port 33589
2019-09-12 11:50:45,198 [main] INFO  om.OzoneManager (OzoneManager.java:start(1256)) - OzoneManager RPC server is listening at localhost/127.0.0.1:33589
2019-09-12 11:50:45,198 [main] INFO  impl.MetricsSystemImpl (MetricsSystemImpl.java:init(158)) - OzoneManager metrics system started (again)
2019-09-12 11:50:45,199 [IPC Server Responder] INFO  ipc.Server (Server.java:run(1314)) - IPC Server Responder: starting
2019-09-12 11:50:45,200 [IPC Server listener on 33589] INFO  ipc.Server (Server.java:run(1153)) - IPC Server listener on 33589: starting
2019-09-12 11:50:45,206 [main] INFO  hdfs.DFSUtil (DFSUtil.java:httpServerTemplateForNNAndJN(1641)) - Starting Web-server for ozoneManager at: http://0.0.0.0:0
2019-09-12 11:50:45,425 [main] INFO  server.AuthenticationFilter (AuthenticationFilter.java:constructSecretProvider(240)) - Unable to initialize FileSignerSecretProvider, falling back to use random secrets.
2019-09-12 11:50:45,427 [main] WARN  http.HttpRequestLog (HttpRequestLog.java:getRequestLog(97)) - Jetty request log can only be enabled using Log4j
2019-09-12 11:50:45,432 [main] INFO  http.HttpServer2 (HttpServer2.java:addGlobalFilter(975)) - Added global filter 'safety' (class=org.apache.hadoop.http.HttpServer2$QuotingInputFilter)
2019-09-12 11:50:45,434 [main] INFO  http.HttpServer2 (HttpServer2.java:addFilter(948)) - Added filter static_user_filter (class=org.apache.hadoop.http.lib.StaticUserWebFilter$StaticUserFilter) to context ozoneManager
2019-09-12 11:50:45,436 [main] INFO  http.HttpServer2 (HttpServer2.java:addFilter(958)) - Added filter static_user_filter (class=org.apache.hadoop.http.lib.StaticUserWebFilter$StaticUserFilter) to context logs
2019-09-12 11:50:45,436 [main] INFO  http.HttpServer2 (HttpServer2.java:addFilter(958)) - Added filter static_user_filter (class=org.apache.hadoop.http.lib.StaticUserWebFilter$StaticUserFilter) to context static
2019-09-12 11:50:45,440 [main] INFO  http.HttpServer2 (HttpServer2.java:bindListener(1191)) - Jetty bound to port 34246
2019-09-12 11:50:45,440 [main] INFO  server.Server (Server.java:doStart(351)) - jetty-9.3.24.v20180605, build timestamp: 2018-06-05T17:11:56Z, git hash: 84205aa28f11a4f31f2a3b86d1bba2cc8ab69827
2019-09-12 11:50:45,443 [main] INFO  handler.ContextHandler (ContextHandler.java:doStart(781)) - Started o.e.j.s.ServletContextHandler@782168b7{/logs,file:///workdir/hadoop-ozone/tools/target/log,AVAILABLE}
2019-09-12 11:50:45,444 [main] INFO  handler.ContextHandler (ContextHandler.java:doStart(781)) - Started o.e.j.s.ServletContextHandler@7435a578{/static,jar:file:/home/user/.m2/repository/org/apache/hadoop/hadoop-ozone-ozone-manager/0.5.0-SNAPSHOT/hadoop-ozone-ozone-manager-0.5.0-SNAPSHOT.jar!/webapps/static,AVAILABLE}
2019-09-12 11:50:45,510 [main] INFO  handler.ContextHandler (ContextHandler.java:doStart(781)) - Started o.e.j.w.WebAppContext@10876a6{/,file:///tmp/jetty-0.0.0.0-34246-ozoneManager-_-any-3020365367002341050.dir/webapp/,AVAILABLE}{/ozoneManager}
2019-09-12 11:50:45,511 [main] INFO  server.AbstractConnector (AbstractConnector.java:doStart(278)) - Started ServerConnector@71870da7{HTTP/1.1,[http/1.1]}{0.0.0.0:34246}
2019-09-12 11:50:45,511 [main] INFO  server.Server (Server.java:doStart(419)) - Started @4988ms
2019-09-12 11:50:45,513 [main] INFO  server.BaseHttpServer (BaseHttpServer.java:updateConnectorAddress(213)) - HTTP server of OZONEMANAGER is listening at http://0.0.0.0:34246
2019-09-12 11:50:45,681 [main] INFO  impl.MetricsSystemImpl (MetricsSystemImpl.java:init(158)) - HddsDatanode metrics system started (again)
2019-09-12 11:50:45,790 [main] INFO  ozone.HddsDatanodeService (HddsDatanodeService.java:start(184)) - HddsDatanodeService host:pr-hdds-1569-58hkm-1881083799 ip:192.168.36.114
2019-09-12 11:50:45,857 [main] INFO  volume.HddsVolume (HddsVolume.java:<init>(176)) - Creating Volume: /workdir/hadoop-ozone/tools/target/test-dir/MiniOzoneClusterImpl-d6dca02c-26cd-4265-82f2-daeedfc193e9/datanode-0/data/containers/hdds of  storage type : DISK and capacity : 1482555576320
2019-09-12 11:50:45,859 [main] INFO  volume.VolumeSet (VolumeSet.java:initializeVolumeSet(170)) - Added Volume : /workdir/hadoop-ozone/tools/target/test-dir/MiniOzoneClusterImpl-d6dca02c-26cd-4265-82f2-daeedfc193e9/datanode-0/data/containers/hdds to VolumeSet
2019-09-12 11:50:45,864 [main] INFO  volume.ThrottledAsyncChecker (ThrottledAsyncChecker.java:schedule(140)) - Scheduling a check for org.apache.hadoop.ozone.container.common.volume.HddsVolume@ce9b9a9
2019-09-12 11:50:45,887 [main] INFO  volume.HddsVolumeChecker (HddsVolumeChecker.java:checkAllVolumes(203)) - Scheduled health check for volume org.apache.hadoop.ozone.container.common.volume.HddsVolume@ce9b9a9
2019-09-12 11:50:46,010 [main] INFO  impl.RaftServerProxy (ConfUtils.java:logGet(43)) - raft.rpc.type = GRPC (default)
2019-09-12 11:50:46,078 [main] INFO  grpc.GrpcFactory (GrpcFactory.java:checkPooledByteBufAllocatorUseCacheForAllThreads(45)) - PERFORMANCE WARNING: useCacheForAllThreads is true that may cause Netty to create a lot garbage objects and, as a result, trigger GC.
	It is recommended to disable useCacheForAllThreads by setting -Dorg.apache.ratis.thirdparty.io.netty.allocator.useCacheForAllThreads=false in command line.
2019-09-12 11:50:46,083 [main] INFO  grpc.GrpcConfigKeys$Server (ConfUtils.java:logGet(43)) - raft.grpc.server.port = 0 (default)
2019-09-12 11:50:46,084 [main] INFO  server.GrpcService (ConfUtils.java:logGet(43)) - raft.grpc.message.size.max = 33570816 (custom)
2019-09-12 11:50:46,085 [main] INFO  server.RaftServerConfigKeys (ConfUtils.java:logGet(43)) - raft.server.log.appender.buffer.byte-limit = 33554432 (custom)
2019-09-12 11:50:46,086 [main] INFO  server.GrpcService (ConfUtils.java:logGet(43)) - raft.grpc.flow.control.window = 1MB (=1048576) (default)
2019-09-12 11:50:46,087 [main] INFO  server.RaftServerConfigKeys (ConfUtils.java:logGet(43)) - raft.server.rpc.request.timeout = 3000ms (default)
2019-09-12 11:50:46,273 [main] INFO  server.RaftServerConfigKeys (ConfUtils.java:logGet(43)) - raft.server.storage.dir = [/workdir/hadoop-ozone/tools/target/test-dir/MiniOzoneClusterImpl-d6dca02c-26cd-4265-82f2-daeedfc193e9/datanode-0/data/ratis] (custom)
2019-09-12 11:50:46,314 [main] INFO  replication.SimpleContainerDownloader (SimpleContainerDownloader.java:<init>(72)) - Starting container downloader service to copy containers to replicate.
2019-09-12 11:50:46,328 [main] INFO  hdfs.DFSUtil (DFSUtil.java:httpServerTemplateForNNAndJN(1641)) - Starting Web-server for hddsDatanode at: http://0.0.0.0:0
2019-09-12 11:50:46,333 [main] INFO  server.AuthenticationFilter (AuthenticationFilter.java:constructSecretProvider(240)) - Unable to initialize FileSignerSecretProvider, falling back to use random secrets.
2019-09-12 11:50:46,334 [main] WARN  http.HttpRequestLog (HttpRequestLog.java:getRequestLog(97)) - Jetty request log can only be enabled using Log4j
2019-09-12 11:50:46,338 [main] INFO  http.HttpServer2 (HttpServer2.java:addGlobalFilter(975)) - Added global filter 'safety' (class=org.apache.hadoop.http.HttpServer2$QuotingInputFilter)
2019-09-12 11:50:46,339 [main] INFO  http.HttpServer2 (HttpServer2.java:addFilter(948)) - Added filter static_user_filter (class=org.apache.hadoop.http.lib.StaticUserWebFilter$StaticUserFilter) to context hddsDatanode
2019-09-12 11:50:46,339 [main] INFO  http.HttpServer2 (HttpServer2.java:addFilter(958)) - Added filter static_user_filter (class=org.apache.hadoop.http.lib.StaticUserWebFilter$StaticUserFilter) to context logs
2019-09-12 11:50:46,340 [main] INFO  http.HttpServer2 (HttpServer2.java:addFilter(958)) - Added filter static_user_filter (class=org.apache.hadoop.http.lib.StaticUserWebFilter$StaticUserFilter) to context static
2019-09-12 11:50:46,342 [main] INFO  http.HttpServer2 (HttpServer2.java:bindListener(1191)) - Jetty bound to port 37702
2019-09-12 11:50:46,342 [main] INFO  server.Server (Server.java:doStart(351)) - jetty-9.3.24.v20180605, build timestamp: 2018-06-05T17:11:56Z, git hash: 84205aa28f11a4f31f2a3b86d1bba2cc8ab69827
2019-09-12 11:50:46,346 [main] INFO  handler.ContextHandler (ContextHandler.java:doStart(781)) - Started o.e.j.s.ServletContextHandler@75d982d3{/logs,file:///workdir/hadoop-ozone/tools/target/log,AVAILABLE}
2019-09-12 11:50:46,347 [main] INFO  handler.ContextHandler (ContextHandler.java:doStart(781)) - Started o.e.j.s.ServletContextHandler@618ff5c2{/static,jar:file:/home/user/.m2/repository/org/apache/hadoop/hadoop-hdds-container-service/0.5.0-SNAPSHOT/hadoop-hdds-container-service-0.5.0-SNAPSHOT.jar!/webapps/static,AVAILABLE}
2019-09-12 11:50:46,389 [main] INFO  handler.ContextHandler (ContextHandler.java:doStart(781)) - Started o.e.j.w.WebAppContext@74ea46e2{/,file:///tmp/jetty-0.0.0.0-37702-hddsDatanode-_-any-1132136941707102820.dir/webapp/,AVAILABLE}{/hddsDatanode}
2019-09-12 11:50:46,390 [main] INFO  server.AbstractConnector (AbstractConnector.java:doStart(278)) - Started ServerConnector@6f911326{HTTP/1.1,[http/1.1]}{0.0.0.0:37702}
2019-09-12 11:50:46,391 [main] INFO  server.Server (Server.java:doStart(419)) - Started @5868ms
2019-09-12 11:50:46,393 [main] INFO  server.BaseHttpServer (BaseHttpServer.java:updateConnectorAddress(213)) - HTTP server of HDDSDATANODE is listening at http://0.0.0.0:37702
2019-09-12 11:50:47,549 | INFO  | ObjectStoreRestHttpServer | Listening HDDS REST traffic on /0.0.0.0:33434 |  
2019-09-12 11:50:47,550 [main] INFO  ozone.HddsDatanodeService (HddsDatanodeService.java:startPlugins(395)) - Started plug-in org.apache.hadoop.ozone.web.OzoneHddsDatanodeService@644d1b61
2019-09-12 11:50:47,552 [main] INFO  impl.MetricsSystemImpl (MetricsSystemImpl.java:init(158)) - HddsDatanode metrics system started (again)
2019-09-12 11:50:47,556 [main] INFO  ozone.HddsDatanodeService (HddsDatanodeService.java:start(184)) - HddsDatanodeService host:pr-hdds-1569-58hkm-1881083799 ip:192.168.36.114
2019-09-12 11:50:47,559 [org.apache.hadoop.util.JvmPauseMonitor$Monitor@4b7d8260] INFO  util.JvmPauseMonitor (JvmPauseMonitor.java:run(188)) - Starting JVM pause monitor
2019-09-12 11:50:47,566 [main] INFO  volume.HddsVolume (HddsVolume.java:<init>(176)) - Creating Volume: /workdir/hadoop-ozone/tools/target/test-dir/MiniOzoneClusterImpl-d6dca02c-26cd-4265-82f2-daeedfc193e9/datanode-1/data/containers/hdds of  storage type : DISK and capacity : 1482555576320
2019-09-12 11:50:47,566 [main] INFO  volume.VolumeSet (VolumeSet.java:initializeVolumeSet(170)) - Added Volume : /workdir/hadoop-ozone/tools/target/test-dir/MiniOzoneClusterImpl-d6dca02c-26cd-4265-82f2-daeedfc193e9/datanode-1/data/containers/hdds to VolumeSet
2019-09-12 11:50:47,567 [main] INFO  volume.ThrottledAsyncChecker (ThrottledAsyncChecker.java:schedule(140)) - Scheduling a check for org.apache.hadoop.ozone.container.common.volume.HddsVolume@6371cf2f
2019-09-12 11:50:47,568 [main] INFO  volume.HddsVolumeChecker (HddsVolumeChecker.java:checkAllVolumes(203)) - Scheduled health check for volume org.apache.hadoop.ozone.container.common.volume.HddsVolume@6371cf2f
2019-09-12 11:50:47,588 [main] INFO  impl.RaftServerProxy (ConfUtils.java:logGet(43)) - raft.rpc.type = GRPC (default)
2019-09-12 11:50:47,589 [main] INFO  grpc.GrpcFactory (GrpcFactory.java:checkPooledByteBufAllocatorUseCacheForAllThreads(45)) - PERFORMANCE WARNING: useCacheForAllThreads is true that may cause Netty to create a lot garbage objects and, as a result, trigger GC.
	It is recommended to disable useCacheForAllThreads by setting -Dorg.apache.ratis.thirdparty.io.netty.allocator.useCacheForAllThreads=false in command line.
2019-09-12 11:50:47,589 [main] INFO  grpc.GrpcConfigKeys$Server (ConfUtils.java:logGet(43)) - raft.grpc.server.port = 0 (default)
2019-09-12 11:50:47,589 [main] INFO  server.GrpcService (ConfUtils.java:logGet(43)) - raft.grpc.message.size.max = 33570816 (custom)
2019-09-12 11:50:47,590 [main] INFO  server.RaftServerConfigKeys (ConfUtils.java:logGet(43)) - raft.server.log.appender.buffer.byte-limit = 33554432 (custom)
2019-09-12 11:50:47,590 [main] INFO  server.GrpcService (ConfUtils.java:logGet(43)) - raft.grpc.flow.control.window = 1MB (=1048576) (default)
2019-09-12 11:50:47,590 [main] INFO  server.RaftServerConfigKeys (ConfUtils.java:logGet(43)) - raft.server.rpc.request.timeout = 3000ms (default)
2019-09-12 11:50:47,591 [main] INFO  server.RaftServerConfigKeys (ConfUtils.java:logGet(43)) - raft.server.storage.dir = [/workdir/hadoop-ozone/tools/target/test-dir/MiniOzoneClusterImpl-d6dca02c-26cd-4265-82f2-daeedfc193e9/datanode-1/data/ratis] (custom)
2019-09-12 11:50:47,591 [main] INFO  replication.SimpleContainerDownloader (SimpleContainerDownloader.java:<init>(72)) - Starting container downloader service to copy containers to replicate.
2019-09-12 11:50:47,592 [main] INFO  hdfs.DFSUtil (DFSUtil.java:httpServerTemplateForNNAndJN(1641)) - Starting Web-server for hddsDatanode at: http://0.0.0.0:0
2019-09-12 11:50:47,594 [main] INFO  server.AuthenticationFilter (AuthenticationFilter.java:constructSecretProvider(240)) - Unable to initialize FileSignerSecretProvider, falling back to use random secrets.
2019-09-12 11:50:47,595 [main] WARN  http.HttpRequestLog (HttpRequestLog.java:getRequestLog(97)) - Jetty request log can only be enabled using Log4j
2019-09-12 11:50:47,597 [main] INFO  http.HttpServer2 (HttpServer2.java:addGlobalFilter(975)) - Added global filter 'safety' (class=org.apache.hadoop.http.HttpServer2$QuotingInputFilter)
2019-09-12 11:50:47,598 [main] INFO  http.HttpServer2 (HttpServer2.java:addFilter(948)) - Added filter static_user_filter (class=org.apache.hadoop.http.lib.StaticUserWebFilter$StaticUserFilter) to context hddsDatanode
2019-09-12 11:50:47,598 [main] INFO  http.HttpServer2 (HttpServer2.java:addFilter(958)) - Added filter static_user_filter (class=org.apache.hadoop.http.lib.StaticUserWebFilter$StaticUserFilter) to context logs
2019-09-12 11:50:47,598 [main] INFO  http.HttpServer2 (HttpServer2.java:addFilter(958)) - Added filter static_user_filter (class=org.apache.hadoop.http.lib.StaticUserWebFilter$StaticUserFilter) to context static
2019-09-12 11:50:47,599 [main] INFO  http.HttpServer2 (HttpServer2.java:bindListener(1191)) - Jetty bound to port 40693
2019-09-12 11:50:47,599 [main] INFO  server.Server (Server.java:doStart(351)) - jetty-9.3.24.v20180605, build timestamp: 2018-06-05T17:11:56Z, git hash: 84205aa28f11a4f31f2a3b86d1bba2cc8ab69827
2019-09-12 11:50:47,602 [main] INFO  handler.ContextHandler (ContextHandler.java:doStart(781)) - Started o.e.j.s.ServletContextHandler@3b97907c{/logs,file:///workdir/hadoop-ozone/tools/target/log,AVAILABLE}
2019-09-12 11:50:47,603 [main] INFO  handler.ContextHandler (ContextHandler.java:doStart(781)) - Started o.e.j.s.ServletContextHandler@631c6d11{/static,jar:file:/home/user/.m2/repository/org/apache/hadoop/hadoop-hdds-container-service/0.5.0-SNAPSHOT/hadoop-hdds-container-service-0.5.0-SNAPSHOT.jar!/webapps/static,AVAILABLE}
2019-09-12 11:50:47,631 [main] INFO  handler.ContextHandler (ContextHandler.java:doStart(781)) - Started o.e.j.w.WebAppContext@61608e1a{/,file:///tmp/jetty-0.0.0.0-40693-hddsDatanode-_-any-2134670957386691015.dir/webapp/,AVAILABLE}{/hddsDatanode}
2019-09-12 11:50:47,632 [main] INFO  server.AbstractConnector (AbstractConnector.java:doStart(278)) - Started ServerConnector@7c46c9c3{HTTP/1.1,[http/1.1]}{0.0.0.0:40693}
2019-09-12 11:50:47,634 [main] INFO  server.Server (Server.java:doStart(419)) - Started @7111ms
2019-09-12 11:50:47,635 [main] INFO  server.BaseHttpServer (BaseHttpServer.java:updateConnectorAddress(213)) - HTTP server of HDDSDATANODE is listening at http://0.0.0.0:40693
2019-09-12 11:50:47,667 [Datanode State Machine Thread - 0] INFO  datanode.InitDatanodeState (InitDatanodeState.java:persistContainerDatanodeDetails(140)) - DatanodeDetails is persisted to /workdir/hadoop-ozone/tools/target/test-dir/MiniOzoneClusterImpl-d6dca02c-26cd-4265-82f2-daeedfc193e9/datanode-0/meta/datanode.id
2019-09-12 11:50:47,794 | INFO  | ObjectStoreRestHttpServer | Listening HDDS REST traffic on /0.0.0.0:39181 |  
2019-09-12 11:50:47,794 [main] INFO  ozone.HddsDatanodeService (HddsDatanodeService.java:startPlugins(395)) - Started plug-in org.apache.hadoop.ozone.web.OzoneHddsDatanodeService@12fcb2c3
2019-09-12 11:50:47,794 [main] INFO  impl.MetricsSystemImpl (MetricsSystemImpl.java:init(158)) - HddsDatanode metrics system started (again)
2019-09-12 11:50:47,797 [org.apache.hadoop.util.JvmPauseMonitor$Monitor@54d81e6d] INFO  util.JvmPauseMonitor (JvmPauseMonitor.java:run(188)) - Starting JVM pause monitor
2019-09-12 11:50:47,797 [main] INFO  ozone.HddsDatanodeService (HddsDatanodeService.java:start(184)) - HddsDatanodeService host:pr-hdds-1569-58hkm-1881083799 ip:192.168.36.114
2019-09-12 11:50:47,802 [Datanode State Machine Thread - 0] INFO  datanode.InitDatanodeState (InitDatanodeState.java:persistContainerDatanodeDetails(140)) - DatanodeDetails is persisted to /workdir/hadoop-ozone/tools/target/test-dir/MiniOzoneClusterImpl-d6dca02c-26cd-4265-82f2-daeedfc193e9/datanode-1/meta/datanode.id
2019-09-12 11:50:47,808 [main] INFO  volume.HddsVolume (HddsVolume.java:<init>(176)) - Creating Volume: /workdir/hadoop-ozone/tools/target/test-dir/MiniOzoneClusterImpl-d6dca02c-26cd-4265-82f2-daeedfc193e9/datanode-2/data/containers/hdds of  storage type : DISK and capacity : 1482555576320
2019-09-12 11:50:47,808 [main] INFO  volume.VolumeSet (VolumeSet.java:initializeVolumeSet(170)) - Added Volume : /workdir/hadoop-ozone/tools/target/test-dir/MiniOzoneClusterImpl-d6dca02c-26cd-4265-82f2-daeedfc193e9/datanode-2/data/containers/hdds to VolumeSet
2019-09-12 11:50:47,808 [main] INFO  volume.ThrottledAsyncChecker (ThrottledAsyncChecker.java:schedule(140)) - Scheduling a check for org.apache.hadoop.ozone.container.common.volume.HddsVolume@740a0d5e
2019-09-12 11:50:47,809 [main] INFO  volume.HddsVolumeChecker (HddsVolumeChecker.java:checkAllVolumes(203)) - Scheduled health check for volume org.apache.hadoop.ozone.container.common.volume.HddsVolume@740a0d5e
2019-09-12 11:50:47,826 [main] INFO  impl.RaftServerProxy (ConfUtils.java:logGet(43)) - raft.rpc.type = GRPC (default)
2019-09-12 11:50:47,827 [main] INFO  grpc.GrpcFactory (GrpcFactory.java:checkPooledByteBufAllocatorUseCacheForAllThreads(45)) - PERFORMANCE WARNING: useCacheForAllThreads is true that may cause Netty to create a lot garbage objects and, as a result, trigger GC.
	It is recommended to disable useCacheForAllThreads by setting -Dorg.apache.ratis.thirdparty.io.netty.allocator.useCacheForAllThreads=false in command line.
2019-09-12 11:50:47,827 [main] INFO  grpc.GrpcConfigKeys$Server (ConfUtils.java:logGet(43)) - raft.grpc.server.port = 0 (default)
2019-09-12 11:50:47,827 [main] INFO  server.GrpcService (ConfUtils.java:logGet(43)) - raft.grpc.message.size.max = 33570816 (custom)
2019-09-12 11:50:47,827 [main] INFO  server.RaftServerConfigKeys (ConfUtils.java:logGet(43)) - raft.server.log.appender.buffer.byte-limit = 33554432 (custom)
2019-09-12 11:50:47,828 [main] INFO  server.GrpcService (ConfUtils.java:logGet(43)) - raft.grpc.flow.control.window = 1MB (=1048576) (default)
2019-09-12 11:50:47,828 [main] INFO  server.RaftServerConfigKeys (ConfUtils.java:logGet(43)) - raft.server.rpc.request.timeout = 3000ms (default)
2019-09-12 11:50:47,829 [main] INFO  server.RaftServerConfigKeys (ConfUtils.java:logGet(43)) - raft.server.storage.dir = [/workdir/hadoop-ozone/tools/target/test-dir/MiniOzoneClusterImpl-d6dca02c-26cd-4265-82f2-daeedfc193e9/datanode-2/data/ratis] (custom)
2019-09-12 11:50:47,829 [main] INFO  replication.SimpleContainerDownloader (SimpleContainerDownloader.java:<init>(72)) - Starting container downloader service to copy containers to replicate.
2019-09-12 11:50:47,830 [main] INFO  hdfs.DFSUtil (DFSUtil.java:httpServerTemplateForNNAndJN(1641)) - Starting Web-server for hddsDatanode at: http://0.0.0.0:0
2019-09-12 11:50:47,832 [main] INFO  server.AuthenticationFilter (AuthenticationFilter.java:constructSecretProvider(240)) - Unable to initialize FileSignerSecretProvider, falling back to use random secrets.
2019-09-12 11:50:47,832 [main] WARN  http.HttpRequestLog (HttpRequestLog.java:getRequestLog(97)) - Jetty request log can only be enabled using Log4j
2019-09-12 11:50:47,833 [main] INFO  http.HttpServer2 (HttpServer2.java:addGlobalFilter(975)) - Added global filter 'safety' (class=org.apache.hadoop.http.HttpServer2$QuotingInputFilter)
2019-09-12 11:50:47,834 [main] INFO  http.HttpServer2 (HttpServer2.java:addFilter(948)) - Added filter static_user_filter (class=org.apache.hadoop.http.lib.StaticUserWebFilter$StaticUserFilter) to context hddsDatanode
2019-09-12 11:50:47,834 [main] INFO  http.HttpServer2 (HttpServer2.java:addFilter(958)) - Added filter static_user_filter (class=org.apache.hadoop.http.lib.StaticUserWebFilter$StaticUserFilter) to context static
2019-09-12 11:50:47,834 [main] INFO  http.HttpServer2 (HttpServer2.java:addFilter(958)) - Added filter static_user_filter (class=org.apache.hadoop.http.lib.StaticUserWebFilter$StaticUserFilter) to context logs
2019-09-12 11:50:47,835 [main] INFO  http.HttpServer2 (HttpServer2.java:bindListener(1191)) - Jetty bound to port 44767
2019-09-12 11:50:47,835 [main] INFO  server.Server (Server.java:doStart(351)) - jetty-9.3.24.v20180605, build timestamp: 2018-06-05T17:11:56Z, git hash: 84205aa28f11a4f31f2a3b86d1bba2cc8ab69827
2019-09-12 11:50:47,837 [main] INFO  handler.ContextHandler (ContextHandler.java:doStart(781)) - Started o.e.j.s.ServletContextHandler@296edc75{/logs,file:///workdir/hadoop-ozone/tools/target/log,AVAILABLE}
2019-09-12 11:50:47,837 [main] INFO  handler.ContextHandler (ContextHandler.java:doStart(781)) - Started o.e.j.s.ServletContextHandler@7aea704c{/static,jar:file:/home/user/.m2/repository/org/apache/hadoop/hadoop-hdds-container-service/0.5.0-SNAPSHOT/hadoop-hdds-container-service-0.5.0-SNAPSHOT.jar!/webapps/static,AVAILABLE}
2019-09-12 11:50:47,862 [main] INFO  handler.ContextHandler (ContextHandler.java:doStart(781)) - Started o.e.j.w.WebAppContext@49580ca8{/,file:///tmp/jetty-0.0.0.0-44767-hddsDatanode-_-any-5269899141626977206.dir/webapp/,AVAILABLE}{/hddsDatanode}
2019-09-12 11:50:47,863 [main] INFO  server.AbstractConnector (AbstractConnector.java:doStart(278)) - Started ServerConnector@525647f3{HTTP/1.1,[http/1.1]}{0.0.0.0:44767}
2019-09-12 11:50:47,864 [main] INFO  server.Server (Server.java:doStart(419)) - Started @7340ms
2019-09-12 11:50:47,864 [main] INFO  server.BaseHttpServer (BaseHttpServer.java:updateConnectorAddress(213)) - HTTP server of HDDSDATANODE is listening at http://0.0.0.0:44767
2019-09-12 11:50:48,028 | INFO  | ObjectStoreRestHttpServer | Listening HDDS REST traffic on /0.0.0.0:35507 |  
2019-09-12 11:50:48,028 [main] INFO  ozone.HddsDatanodeService (HddsDatanodeService.java:startPlugins(395)) - Started plug-in org.apache.hadoop.ozone.web.OzoneHddsDatanodeService@51ac12ac
2019-09-12 11:50:48,029 [main] INFO  impl.MetricsSystemImpl (MetricsSystemImpl.java:init(158)) - HddsDatanode metrics system started (again)
2019-09-12 11:50:48,032 [main] INFO  ozone.HddsDatanodeService (HddsDatanodeService.java:start(184)) - HddsDatanodeService host:pr-hdds-1569-58hkm-1881083799 ip:192.168.36.114
2019-09-12 11:50:48,032 [org.apache.hadoop.util.JvmPauseMonitor$Monitor@7c35be9c] INFO  util.JvmPauseMonitor (JvmPauseMonitor.java:run(188)) - Starting JVM pause monitor
2019-09-12 11:50:48,035 [Datanode State Machine Thread - 0] INFO  datanode.InitDatanodeState (InitDatanodeState.java:persistContainerDatanodeDetails(140)) - DatanodeDetails is persisted to /workdir/hadoop-ozone/tools/target/test-dir/MiniOzoneClusterImpl-d6dca02c-26cd-4265-82f2-daeedfc193e9/datanode-2/meta/datanode.id
2019-09-12 11:50:48,040 [main] INFO  volume.HddsVolume (HddsVolume.java:<init>(176)) - Creating Volume: /workdir/hadoop-ozone/tools/target/test-dir/MiniOzoneClusterImpl-d6dca02c-26cd-4265-82f2-daeedfc193e9/datanode-3/data/containers/hdds of  storage type : DISK and capacity : 1482555576320
2019-09-12 11:50:48,041 [main] INFO  volume.VolumeSet (VolumeSet.java:initializeVolumeSet(170)) - Added Volume : /workdir/hadoop-ozone/tools/target/test-dir/MiniOzoneClusterImpl-d6dca02c-26cd-4265-82f2-daeedfc193e9/datanode-3/data/containers/hdds to VolumeSet
2019-09-12 11:50:48,041 [main] INFO  volume.ThrottledAsyncChecker (ThrottledAsyncChecker.java:schedule(140)) - Scheduling a check for org.apache.hadoop.ozone.container.common.volume.HddsVolume@256bb5be
2019-09-12 11:50:48,041 [main] INFO  volume.HddsVolumeChecker (HddsVolumeChecker.java:checkAllVolumes(203)) - Scheduled health check for volume org.apache.hadoop.ozone.container.common.volume.HddsVolume@256bb5be
2019-09-12 11:50:48,057 [main] INFO  impl.RaftServerProxy (ConfUtils.java:logGet(43)) - raft.rpc.type = GRPC (default)
2019-09-12 11:50:48,057 [main] INFO  grpc.GrpcFactory (GrpcFactory.java:checkPooledByteBufAllocatorUseCacheForAllThreads(45)) - PERFORMANCE WARNING: useCacheForAllThreads is true that may cause Netty to create a lot garbage objects and, as a result, trigger GC.
	It is recommended to disable useCacheForAllThreads by setting -Dorg.apache.ratis.thirdparty.io.netty.allocator.useCacheForAllThreads=false in command line.
2019-09-12 11:50:48,057 [main] INFO  grpc.GrpcConfigKeys$Server (ConfUtils.java:logGet(43)) - raft.grpc.server.port = 0 (default)
2019-09-12 11:50:48,057 [main] INFO  server.GrpcService (ConfUtils.java:logGet(43)) - raft.grpc.message.size.max = 33570816 (custom)
2019-09-12 11:50:48,058 [main] INFO  server.RaftServerConfigKeys (ConfUtils.java:logGet(43)) - raft.server.log.appender.buffer.byte-limit = 33554432 (custom)
2019-09-12 11:50:48,058 [main] INFO  server.GrpcService (ConfUtils.java:logGet(43)) - raft.grpc.flow.control.window = 1MB (=1048576) (default)
2019-09-12 11:50:48,058 [main] INFO  server.RaftServerConfigKeys (ConfUtils.java:logGet(43)) - raft.server.rpc.request.timeout = 3000ms (default)
2019-09-12 11:50:48,059 [main] INFO  server.RaftServerConfigKeys (ConfUtils.java:logGet(43)) - raft.server.storage.dir = [/workdir/hadoop-ozone/tools/target/test-dir/MiniOzoneClusterImpl-d6dca02c-26cd-4265-82f2-daeedfc193e9/datanode-3/data/ratis] (custom)
2019-09-12 11:50:48,059 [main] INFO  replication.SimpleContainerDownloader (SimpleContainerDownloader.java:<init>(72)) - Starting container downloader service to copy containers to replicate.
2019-09-12 11:50:48,060 [main] INFO  hdfs.DFSUtil (DFSUtil.java:httpServerTemplateForNNAndJN(1641)) - Starting Web-server for hddsDatanode at: http://0.0.0.0:0
2019-09-12 11:50:48,062 [main] INFO  server.AuthenticationFilter (AuthenticationFilter.java:constructSecretProvider(240)) - Unable to initialize FileSignerSecretProvider, falling back to use random secrets.
2019-09-12 11:50:48,064 [main] WARN  http.HttpRequestLog (HttpRequestLog.java:getRequestLog(97)) - Jetty request log can only be enabled using Log4j
2019-09-12 11:50:48,066 [main] INFO  http.HttpServer2 (HttpServer2.java:addGlobalFilter(975)) - Added global filter 'safety' (class=org.apache.hadoop.http.HttpServer2$QuotingInputFilter)
2019-09-12 11:50:48,067 [main] INFO  http.HttpServer2 (HttpServer2.java:addFilter(948)) - Added filter static_user_filter (class=org.apache.hadoop.http.lib.StaticUserWebFilter$StaticUserFilter) to context hddsDatanode
2019-09-12 11:50:48,067 [main] INFO  http.HttpServer2 (HttpServer2.java:addFilter(958)) - Added filter static_user_filter (class=org.apache.hadoop.http.lib.StaticUserWebFilter$StaticUserFilter) to context static
2019-09-12 11:50:48,067 [main] INFO  http.HttpServer2 (HttpServer2.java:addFilter(958)) - Added filter static_user_filter (class=org.apache.hadoop.http.lib.StaticUserWebFilter$StaticUserFilter) to context logs
2019-09-12 11:50:48,068 [main] INFO  http.HttpServer2 (HttpServer2.java:bindListener(1191)) - Jetty bound to port 38517
2019-09-12 11:50:48,069 [main] INFO  server.Server (Server.java:doStart(351)) - jetty-9.3.24.v20180605, build timestamp: 2018-06-05T17:11:56Z, git hash: 84205aa28f11a4f31f2a3b86d1bba2cc8ab69827
2019-09-12 11:50:48,073 [main] INFO  handler.ContextHandler (ContextHandler.java:doStart(781)) - Started o.e.j.s.ServletContextHandler@691567ea{/logs,file:///workdir/hadoop-ozone/tools/target/log,AVAILABLE}
2019-09-12 11:50:48,073 [main] INFO  handler.ContextHandler (ContextHandler.java:doStart(781)) - Started o.e.j.s.ServletContextHandler@5c8d58ed{/static,jar:file:/home/user/.m2/repository/org/apache/hadoop/hadoop-hdds-container-service/0.5.0-SNAPSHOT/hadoop-hdds-container-service-0.5.0-SNAPSHOT.jar!/webapps/static,AVAILABLE}
2019-09-12 11:50:48,113 [main] INFO  handler.ContextHandler (ContextHandler.java:doStart(781)) - Started o.e.j.w.WebAppContext@27a9f025{/,file:///tmp/jetty-0.0.0.0-38517-hddsDatanode-_-any-4920301127187419607.dir/webapp/,AVAILABLE}{/hddsDatanode}
2019-09-12 11:50:48,115 [main] INFO  server.AbstractConnector (AbstractConnector.java:doStart(278)) - Started ServerConnector@71936a92{HTTP/1.1,[http/1.1]}{0.0.0.0:38517}
2019-09-12 11:50:48,115 [main] INFO  server.Server (Server.java:doStart(419)) - Started @7592ms
2019-09-12 11:50:48,116 [main] INFO  server.BaseHttpServer (BaseHttpServer.java:updateConnectorAddress(213)) - HTTP server of HDDSDATANODE is listening at http://0.0.0.0:38517
2019-09-12 11:50:48,280 | INFO  | ObjectStoreRestHttpServer | Listening HDDS REST traffic on /0.0.0.0:40103 |  
2019-09-12 11:50:48,281 [main] INFO  ozone.HddsDatanodeService (HddsDatanodeService.java:startPlugins(395)) - Started plug-in org.apache.hadoop.ozone.web.OzoneHddsDatanodeService@545d2560
2019-09-12 11:50:48,281 [main] INFO  impl.MetricsSystemImpl (MetricsSystemImpl.java:init(158)) - HddsDatanode metrics system started (again)
2019-09-12 11:50:48,285 [main] INFO  ozone.HddsDatanodeService (HddsDatanodeService.java:start(184)) - HddsDatanodeService host:pr-hdds-1569-58hkm-1881083799 ip:192.168.36.114
2019-09-12 11:50:48,285 [org.apache.hadoop.util.JvmPauseMonitor$Monitor@30117d55] INFO  util.JvmPauseMonitor (JvmPauseMonitor.java:run(188)) - Starting JVM pause monitor
2019-09-12 11:50:48,288 [Datanode State Machine Thread - 0] INFO  datanode.InitDatanodeState (InitDatanodeState.java:persistContainerDatanodeDetails(140)) - DatanodeDetails is persisted to /workdir/hadoop-ozone/tools/target/test-dir/MiniOzoneClusterImpl-d6dca02c-26cd-4265-82f2-daeedfc193e9/datanode-3/meta/datanode.id
2019-09-12 11:50:48,291 [main] INFO  volume.HddsVolume (HddsVolume.java:<init>(176)) - Creating Volume: /workdir/hadoop-ozone/tools/target/test-dir/MiniOzoneClusterImpl-d6dca02c-26cd-4265-82f2-daeedfc193e9/datanode-4/data/containers/hdds of  storage type : DISK and capacity : 1482555576320
2019-09-12 11:50:48,292 [main] INFO  volume.VolumeSet (VolumeSet.java:initializeVolumeSet(170)) - Added Volume : /workdir/hadoop-ozone/tools/target/test-dir/MiniOzoneClusterImpl-d6dca02c-26cd-4265-82f2-daeedfc193e9/datanode-4/data/containers/hdds to VolumeSet
2019-09-12 11:50:48,292 [main] INFO  volume.ThrottledAsyncChecker (ThrottledAsyncChecker.java:schedule(140)) - Scheduling a check for org.apache.hadoop.ozone.container.common.volume.HddsVolume@284990de
2019-09-12 11:50:48,292 [main] INFO  volume.HddsVolumeChecker (HddsVolumeChecker.java:checkAllVolumes(203)) - Scheduled health check for volume org.apache.hadoop.ozone.container.common.volume.HddsVolume@284990de
2019-09-12 11:50:48,309 [main] INFO  impl.RaftServerProxy (ConfUtils.java:logGet(43)) - raft.rpc.type = GRPC (default)
2019-09-12 11:50:48,310 [main] INFO  grpc.GrpcFactory (GrpcFactory.java:checkPooledByteBufAllocatorUseCacheForAllThreads(45)) - PERFORMANCE WARNING: useCacheForAllThreads is true that may cause Netty to create a lot garbage objects and, as a result, trigger GC.
	It is recommended to disable useCacheForAllThreads by setting -Dorg.apache.ratis.thirdparty.io.netty.allocator.useCacheForAllThreads=false in command line.
2019-09-12 11:50:48,310 [main] INFO  grpc.GrpcConfigKeys$Server (ConfUtils.java:logGet(43)) - raft.grpc.server.port = 0 (default)
2019-09-12 11:50:48,310 [main] INFO  server.GrpcService (ConfUtils.java:logGet(43)) - raft.grpc.message.size.max = 33570816 (custom)
2019-09-12 11:50:48,310 [main] INFO  server.RaftServerConfigKeys (ConfUtils.java:logGet(43)) - raft.server.log.appender.buffer.byte-limit = 33554432 (custom)
2019-09-12 11:50:48,310 [main] INFO  server.GrpcService (ConfUtils.java:logGet(43)) - raft.grpc.flow.control.window = 1MB (=1048576) (default)
2019-09-12 11:50:48,311 [main] INFO  server.RaftServerConfigKeys (ConfUtils.java:logGet(43)) - raft.server.rpc.request.timeout = 3000ms (default)
2019-09-12 11:50:48,311 [main] INFO  server.RaftServerConfigKeys (ConfUtils.java:logGet(43)) - raft.server.storage.dir = [/workdir/hadoop-ozone/tools/target/test-dir/MiniOzoneClusterImpl-d6dca02c-26cd-4265-82f2-daeedfc193e9/datanode-4/data/ratis] (custom)
2019-09-12 11:50:48,312 [main] INFO  replication.SimpleContainerDownloader (SimpleContainerDownloader.java:<init>(72)) - Starting container downloader service to copy containers to replicate.
2019-09-12 11:50:48,313 [main] INFO  hdfs.DFSUtil (DFSUtil.java:httpServerTemplateForNNAndJN(1641)) - Starting Web-server for hddsDatanode at: http://0.0.0.0:0
2019-09-12 11:50:48,314 [main] INFO  server.AuthenticationFilter (AuthenticationFilter.java:constructSecretProvider(240)) - Unable to initialize FileSignerSecretProvider, falling back to use random secrets.
2019-09-12 11:50:48,315 [main] WARN  http.HttpRequestLog (HttpRequestLog.java:getRequestLog(97)) - Jetty request log can only be enabled using Log4j
2019-09-12 11:50:48,317 [main] INFO  http.HttpServer2 (HttpServer2.java:addGlobalFilter(975)) - Added global filter 'safety' (class=org.apache.hadoop.http.HttpServer2$QuotingInputFilter)
2019-09-12 11:50:48,317 [main] INFO  http.HttpServer2 (HttpServer2.java:addFilter(948)) - Added filter static_user_filter (class=org.apache.hadoop.http.lib.StaticUserWebFilter$StaticUserFilter) to context hddsDatanode
2019-09-12 11:50:48,317 [main] INFO  http.HttpServer2 (HttpServer2.java:addFilter(958)) - Added filter static_user_filter (class=org.apache.hadoop.http.lib.StaticUserWebFilter$StaticUserFilter) to context static
2019-09-12 11:50:48,318 [main] INFO  http.HttpServer2 (HttpServer2.java:addFilter(958)) - Added filter static_user_filter (class=org.apache.hadoop.http.lib.StaticUserWebFilter$StaticUserFilter) to context logs
2019-09-12 11:50:48,318 [main] INFO  http.HttpServer2 (HttpServer2.java:bindListener(1191)) - Jetty bound to port 44695
2019-09-12 11:50:48,318 [main] INFO  server.Server (Server.java:doStart(351)) - jetty-9.3.24.v20180605, build timestamp: 2018-06-05T17:11:56Z, git hash: 84205aa28f11a4f31f2a3b86d1bba2cc8ab69827
2019-09-12 11:50:48,321 [main] INFO  handler.ContextHandler (ContextHandler.java:doStart(781)) - Started o.e.j.s.ServletContextHandler@723742b2{/logs,file:///workdir/hadoop-ozone/tools/target/log,AVAILABLE}
2019-09-12 11:50:48,321 [main] INFO  handler.ContextHandler (ContextHandler.java:doStart(781)) - Started o.e.j.s.ServletContextHandler@34c76167{/static,jar:file:/home/user/.m2/repository/org/apache/hadoop/hadoop-hdds-container-service/0.5.0-SNAPSHOT/hadoop-hdds-container-service-0.5.0-SNAPSHOT.jar!/webapps/static,AVAILABLE}
2019-09-12 11:50:48,351 [main] INFO  handler.ContextHandler (ContextHandler.java:doStart(781)) - Started o.e.j.w.WebAppContext@4bc9ca97{/,file:///tmp/jetty-0.0.0.0-44695-hddsDatanode-_-any-6567961022724561662.dir/webapp/,AVAILABLE}{/hddsDatanode}
2019-09-12 11:50:48,351 [main] INFO  server.AbstractConnector (AbstractConnector.java:doStart(278)) - Started ServerConnector@3e43f049{HTTP/1.1,[http/1.1]}{0.0.0.0:44695}
2019-09-12 11:50:48,352 [main] INFO  server.Server (Server.java:doStart(419)) - Started @7829ms
2019-09-12 11:50:48,353 [main] INFO  server.BaseHttpServer (BaseHttpServer.java:updateConnectorAddress(213)) - HTTP server of HDDSDATANODE is listening at http://0.0.0.0:44695
2019-09-12 11:50:48,511 | INFO  | ObjectStoreRestHttpServer | Listening HDDS REST traffic on /0.0.0.0:44590 |  
2019-09-12 11:50:48,511 [main] INFO  ozone.HddsDatanodeService (HddsDatanodeService.java:startPlugins(395)) - Started plug-in org.apache.hadoop.ozone.web.OzoneHddsDatanodeService@7db5b890
2019-09-12 11:50:48,514 [main] INFO  ozone.MiniOzoneClusterImpl (MiniOzoneClusterImpl.java:lambda$waitForClusterToBeReady$0(142)) - Waiting for cluster to be ready. Got 0 of 5 DN Heartbeats.
2019-09-12 11:50:48,514 [org.apache.hadoop.util.JvmPauseMonitor$Monitor@1b0b20ab] INFO  util.JvmPauseMonitor (JvmPauseMonitor.java:run(188)) - Starting JVM pause monitor
2019-09-12 11:50:48,516 [Datanode State Machine Thread - 0] INFO  datanode.InitDatanodeState (InitDatanodeState.java:persistContainerDatanodeDetails(140)) - DatanodeDetails is persisted to /workdir/hadoop-ozone/tools/target/test-dir/MiniOzoneClusterImpl-d6dca02c-26cd-4265-82f2-daeedfc193e9/datanode-4/meta/datanode.id
2019-09-12 11:50:49,514 [main] INFO  ozone.MiniOzoneClusterImpl (MiniOzoneClusterImpl.java:lambda$waitForClusterToBeReady$0(142)) - Waiting for cluster to be ready. Got 0 of 5 DN Heartbeats.
2019-09-12 11:50:49,593 | INFO  | SCMAudit | user=jenkins1000 | ip=192.168.36.114 | op=GET_VERSION null | ret=SUCCESS |  
2019-09-12 11:50:49,615 [Datanode State Machine Thread - 0] INFO  ozoneimpl.OzoneContainer (OzoneContainer.java:start(186)) - Attempting to start container services.
2019-09-12 11:50:49,617 [Datanode State Machine Thread - 0] INFO  ozoneimpl.OzoneContainer (OzoneContainer.java:startContainerScrub(160)) - Background container scrubber has been disabled by hdds.containerscrub.enabled
2019-09-12 11:50:49,617 [Datanode State Machine Thread - 0] INFO  ratis.XceiverServerRatis (XceiverServerRatis.java:start(404)) - Starting XceiverServerRatis 9d7d954f-b073-45cf-8f2c-ae2cc2b7e120 at port 0
2019-09-12 11:50:49,639 [Datanode State Machine Thread - 0] INFO  impl.RaftServerProxy (RaftServerProxy.java:lambda$start$3(299)) - 9d7d954f-b073-45cf-8f2c-ae2cc2b7e120: start RPC server
2019-09-12 11:50:49,772 [Datanode State Machine Thread - 0] INFO  server.GrpcService (GrpcService.java:startImpl(149)) - 9d7d954f-b073-45cf-8f2c-ae2cc2b7e120: GrpcService started, listening on 0.0.0.0/0.0.0.0:42013
2019-09-12 11:50:49,773 [Datanode State Machine Thread - 0] INFO  ratis.XceiverServerRatis (XceiverServerRatis.java:start(414)) - XceiverServerRatis 9d7d954f-b073-45cf-8f2c-ae2cc2b7e120 is started using port 42013
2019-09-12 11:50:49,776 [Datanode State Machine Thread - 0] INFO  server.XceiverServerGrpc (XceiverServerGrpc.java:start(163)) - XceiverServerGrpc 9d7d954f-b073-45cf-8f2c-ae2cc2b7e120 is started using port 43347
2019-09-12 11:50:49,799 | INFO  | SCMAudit | user=jenkins1000 | ip=192.168.36.114 | op=GET_VERSION null | ret=SUCCESS |  
2019-09-12 11:50:49,813 [Datanode State Machine Thread - 0] INFO  ozoneimpl.OzoneContainer (OzoneContainer.java:start(186)) - Attempting to start container services.
2019-09-12 11:50:49,815 [Datanode State Machine Thread - 0] INFO  ozoneimpl.OzoneContainer (OzoneContainer.java:startContainerScrub(160)) - Background container scrubber has been disabled by hdds.containerscrub.enabled
2019-09-12 11:50:49,815 [Datanode State Machine Thread - 0] INFO  ratis.XceiverServerRatis (XceiverServerRatis.java:start(404)) - Starting XceiverServerRatis 233f3d22-ae09-46be-8182-f5e58d004644 at port 0
2019-09-12 11:50:49,893 [Datanode State Machine Thread - 0] INFO  impl.RaftServerProxy (RaftServerProxy.java:lambda$start$3(299)) - 233f3d22-ae09-46be-8182-f5e58d004644: start RPC server
2019-09-12 11:50:49,898 [Datanode State Machine Thread - 0] INFO  server.GrpcService (GrpcService.java:startImpl(149)) - 233f3d22-ae09-46be-8182-f5e58d004644: GrpcService started, listening on 0.0.0.0/0.0.0.0:35523
2019-09-12 11:50:49,904 [Datanode State Machine Thread - 0] INFO  ratis.XceiverServerRatis (XceiverServerRatis.java:start(414)) - XceiverServerRatis 233f3d22-ae09-46be-8182-f5e58d004644 is started using port 35523
2019-09-12 11:50:49,912 [Datanode State Machine Thread - 0] INFO  server.XceiverServerGrpc (XceiverServerGrpc.java:start(163)) - XceiverServerGrpc 233f3d22-ae09-46be-8182-f5e58d004644 is started using port 43269
2019-09-12 11:50:50,036 | INFO  | SCMAudit | user=jenkins1000 | ip=192.168.36.114 | op=GET_VERSION null | ret=SUCCESS |  
2019-09-12 11:50:50,051 [Datanode State Machine Thread - 0] INFO  ozoneimpl.OzoneContainer (OzoneContainer.java:start(186)) - Attempting to start container services.
2019-09-12 11:50:50,053 [Datanode State Machine Thread - 0] INFO  ozoneimpl.OzoneContainer (OzoneContainer.java:startContainerScrub(160)) - Background container scrubber has been disabled by hdds.containerscrub.enabled
2019-09-12 11:50:50,054 [Datanode State Machine Thread - 0] INFO  ratis.XceiverServerRatis (XceiverServerRatis.java:start(404)) - Starting XceiverServerRatis 8c993e87-89d2-4e6e-901e-5640f3030957 at port 0
2019-09-12 11:50:50,062 [Datanode State Machine Thread - 0] INFO  impl.RaftServerProxy (RaftServerProxy.java:lambda$start$3(299)) - 8c993e87-89d2-4e6e-901e-5640f3030957: start RPC server
2019-09-12 11:50:50,065 [Datanode State Machine Thread - 0] INFO  server.GrpcService (GrpcService.java:startImpl(149)) - 8c993e87-89d2-4e6e-901e-5640f3030957: GrpcService started, listening on 0.0.0.0/0.0.0.0:45855
2019-09-12 11:50:50,066 [Datanode State Machine Thread - 0] INFO  ratis.XceiverServerRatis (XceiverServerRatis.java:start(414)) - XceiverServerRatis 8c993e87-89d2-4e6e-901e-5640f3030957 is started using port 45855
2019-09-12 11:50:50,069 [Datanode State Machine Thread - 0] INFO  server.XceiverServerGrpc (XceiverServerGrpc.java:start(163)) - XceiverServerGrpc 8c993e87-89d2-4e6e-901e-5640f3030957 is started using port 44694
2019-09-12 11:50:50,288 | INFO  | SCMAudit | user=jenkins1000 | ip=192.168.36.114 | op=GET_VERSION null | ret=SUCCESS |  
2019-09-12 11:50:50,310 [Datanode State Machine Thread - 0] INFO  ozoneimpl.OzoneContainer (OzoneContainer.java:start(186)) - Attempting to start container services.
2019-09-12 11:50:50,312 [Datanode State Machine Thread - 0] INFO  ozoneimpl.OzoneContainer (OzoneContainer.java:startContainerScrub(160)) - Background container scrubber has been disabled by hdds.containerscrub.enabled
2019-09-12 11:50:50,312 [Datanode State Machine Thread - 0] INFO  ratis.XceiverServerRatis (XceiverServerRatis.java:start(404)) - Starting XceiverServerRatis 9aaf2f78-d78f-4ebc-b7a2-56dce2b57085 at port 0
2019-09-12 11:50:50,322 [Datanode State Machine Thread - 0] INFO  impl.RaftServerProxy (RaftServerProxy.java:lambda$start$3(299)) - 9aaf2f78-d78f-4ebc-b7a2-56dce2b57085: start RPC server
2019-09-12 11:50:50,325 [Datanode State Machine Thread - 0] INFO  server.GrpcService (GrpcService.java:startImpl(149)) - 9aaf2f78-d78f-4ebc-b7a2-56dce2b57085: GrpcService started, listening on 0.0.0.0/0.0.0.0:38046
2019-09-12 11:50:50,326 [Datanode State Machine Thread - 0] INFO  ratis.XceiverServerRatis (XceiverServerRatis.java:start(414)) - XceiverServerRatis 9aaf2f78-d78f-4ebc-b7a2-56dce2b57085 is started using port 38046
2019-09-12 11:50:50,328 [Datanode State Machine Thread - 0] INFO  server.XceiverServerGrpc (XceiverServerGrpc.java:start(163)) - XceiverServerGrpc 9aaf2f78-d78f-4ebc-b7a2-56dce2b57085 is started using port 44641
2019-09-12 11:50:50,515 [main] INFO  ozone.MiniOzoneClusterImpl (MiniOzoneClusterImpl.java:lambda$waitForClusterToBeReady$0(142)) - Waiting for cluster to be ready. Got 0 of 5 DN Heartbeats.
2019-09-12 11:50:50,518 | INFO  | SCMAudit | user=jenkins1000 | ip=192.168.36.114 | op=GET_VERSION null | ret=SUCCESS |  
2019-09-12 11:50:50,532 [Datanode State Machine Thread - 0] INFO  ozoneimpl.OzoneContainer (OzoneContainer.java:start(186)) - Attempting to start container services.
2019-09-12 11:50:50,538 [Datanode State Machine Thread - 0] INFO  ozoneimpl.OzoneContainer (OzoneContainer.java:startContainerScrub(160)) - Background container scrubber has been disabled by hdds.containerscrub.enabled
2019-09-12 11:50:50,538 [Datanode State Machine Thread - 0] INFO  ratis.XceiverServerRatis (XceiverServerRatis.java:start(404)) - Starting XceiverServerRatis c13e8c2d-5cc3-43ac-8cc7-9a20211fb58e at port 0
2019-09-12 11:50:50,549 [Datanode State Machine Thread - 0] INFO  impl.RaftServerProxy (RaftServerProxy.java:lambda$start$3(299)) - c13e8c2d-5cc3-43ac-8cc7-9a20211fb58e: start RPC server
2019-09-12 11:50:50,552 [Datanode State Machine Thread - 0] INFO  server.GrpcService (GrpcService.java:startImpl(149)) - c13e8c2d-5cc3-43ac-8cc7-9a20211fb58e: GrpcService started, listening on 0.0.0.0/0.0.0.0:41622
2019-09-12 11:50:50,553 [Datanode State Machine Thread - 0] INFO  ratis.XceiverServerRatis (XceiverServerRatis.java:start(414)) - XceiverServerRatis c13e8c2d-5cc3-43ac-8cc7-9a20211fb58e is started using port 41622
2019-09-12 11:50:50,556 [Datanode State Machine Thread - 0] INFO  server.XceiverServerGrpc (XceiverServerGrpc.java:start(163)) - XceiverServerGrpc c13e8c2d-5cc3-43ac-8cc7-9a20211fb58e is started using port 42489
2019-09-12 11:50:51,517 [main] INFO  ozone.MiniOzoneClusterImpl (MiniOzoneClusterImpl.java:lambda$waitForClusterToBeReady$0(142)) - Waiting for cluster to be ready. Got 0 of 5 DN Heartbeats.
2019-09-12 11:50:51,612 [IPC Server handler 2 on 35397] INFO  net.NetworkTopology (NetworkTopologyImpl.java:add(110)) - Added a new node: /default-rack/9d7d954f-b073-45cf-8f2c-ae2cc2b7e120
2019-09-12 11:50:51,612 [IPC Server handler 2 on 35397] INFO  node.SCMNodeManager (SCMNodeManager.java:register(273)) - Registered Data node : 9d7d954f-b073-45cf-8f2c-ae2cc2b7e120{ip: 192.168.36.114, host: pr-hdds-1569-58hkm-1881083799, networkLocation: /default-rack, certSerialId: null}
2019-09-12 11:50:51,616 [EventQueue-NodeRegistrationContainerReportForDataNodeSafeModeRule] INFO  safemode.SCMSafeModeManager (DataNodeSafeModeRule.java:process(71)) - SCM in safe mode. 1 DataNodes registered, 1 required.
2019-09-12 11:50:51,616 [EventQueue-NodeRegistrationContainerReportForDataNodeSafeModeRule] INFO  safemode.SCMSafeModeManager (SCMSafeModeManager.java:validateSafeModeExitRules(177)) - ScmSafeModeManager, all rules are successfully validated
2019-09-12 11:50:51,617 [EventQueue-NodeRegistrationContainerReportForDataNodeSafeModeRule] INFO  safemode.SCMSafeModeManager (SCMSafeModeManager.java:exitSafeMode(193)) - SCM exiting safe mode.
2019-09-12 11:50:51,621 | INFO  | SCMAudit | user=jenkins1000 | ip=192.168.36.114 | op=REGISTER {datanodeDetails=9d7d954f-b073-45cf-8f2c-ae2cc2b7e120{ip: 192.168.36.114, host: pr-hdds-1569-58hkm-1881083799, networkLocation: /default-rack, certSerialId: null}} | ret=SUCCESS |  
2019-09-12 11:50:51,801 [IPC Server handler 0 on 35397] INFO  net.NetworkTopology (NetworkTopologyImpl.java:add(110)) - Added a new node: /default-rack/233f3d22-ae09-46be-8182-f5e58d004644
2019-09-12 11:50:51,801 [IPC Server handler 0 on 35397] INFO  node.SCMNodeManager (SCMNodeManager.java:register(273)) - Registered Data node : 233f3d22-ae09-46be-8182-f5e58d004644{ip: 192.168.36.114, host: pr-hdds-1569-58hkm-1881083799, networkLocation: /default-rack, certSerialId: null}
2019-09-12 11:50:51,802 | INFO  | SCMAudit | user=jenkins1000 | ip=192.168.36.114 | op=REGISTER {datanodeDetails=233f3d22-ae09-46be-8182-f5e58d004644{ip: 192.168.36.114, host: pr-hdds-1569-58hkm-1881083799, networkLocation: /default-rack, certSerialId: null}} | ret=SUCCESS |  
2019-09-12 11:50:52,036 [IPC Server handler 1 on 35397] INFO  net.NetworkTopology (NetworkTopologyImpl.java:add(110)) - Added a new node: /default-rack/8c993e87-89d2-4e6e-901e-5640f3030957
2019-09-12 11:50:52,036 [IPC Server handler 1 on 35397] INFO  node.SCMNodeManager (SCMNodeManager.java:register(273)) - Registered Data node : 8c993e87-89d2-4e6e-901e-5640f3030957{ip: 192.168.36.114, host: pr-hdds-1569-58hkm-1881083799, networkLocation: /default-rack, certSerialId: null}
2019-09-12 11:50:52,037 | INFO  | SCMAudit | user=jenkins1000 | ip=192.168.36.114 | op=REGISTER {datanodeDetails=8c993e87-89d2-4e6e-901e-5640f3030957{ip: 192.168.36.114, host: pr-hdds-1569-58hkm-1881083799, networkLocation: /default-rack, certSerialId: null}} | ret=SUCCESS |  
2019-09-12 11:50:52,428 [IPC Server handler 4 on 35397] INFO  net.NetworkTopology (NetworkTopologyImpl.java:add(110)) - Added a new node: /default-rack/9aaf2f78-d78f-4ebc-b7a2-56dce2b57085
2019-09-12 11:50:52,428 [IPC Server handler 4 on 35397] INFO  node.SCMNodeManager (SCMNodeManager.java:register(273)) - Registered Data node : 9aaf2f78-d78f-4ebc-b7a2-56dce2b57085{ip: 192.168.36.114, host: pr-hdds-1569-58hkm-1881083799, networkLocation: /default-rack, certSerialId: null}
2019-09-12 11:50:52,429 | INFO  | SCMAudit | user=jenkins1000 | ip=192.168.36.114 | op=REGISTER {datanodeDetails=9aaf2f78-d78f-4ebc-b7a2-56dce2b57085{ip: 192.168.36.114, host: pr-hdds-1569-58hkm-1881083799, networkLocation: /default-rack, certSerialId: null}} | ret=SUCCESS |  
2019-09-12 11:50:52,507 [grpc-default-executor-0] INFO  impl.RaftServerProxy (RaftServerProxy.java:addNew(89)) - 9d7d954f-b073-45cf-8f2c-ae2cc2b7e120: addNew group-1793F8F0A0F5:[9d7d954f-b073-45cf-8f2c-ae2cc2b7e120:192.168.36.114:42013] returns group-1793F8F0A0F5:java.util.concurrent.CompletableFuture@6d8ae9e8[Not completed]
2019-09-12 11:50:52,518 [main] INFO  ozone.MiniOzoneClusterImpl (MiniOzoneClusterImpl.java:lambda$waitForClusterToBeReady$0(142)) - Waiting for cluster to be ready. Got 4 of 5 DN Heartbeats.
2019-09-12 11:50:52,519 [IPC Server handler 2 on 35397] INFO  net.NetworkTopology (NetworkTopologyImpl.java:add(110)) - Added a new node: /default-rack/c13e8c2d-5cc3-43ac-8cc7-9a20211fb58e
2019-09-12 11:50:52,519 [IPC Server handler 2 on 35397] INFO  node.SCMNodeManager (SCMNodeManager.java:register(273)) - Registered Data node : c13e8c2d-5cc3-43ac-8cc7-9a20211fb58e{ip: 192.168.36.114, host: pr-hdds-1569-58hkm-1881083799, networkLocation: /default-rack, certSerialId: null}
2019-09-12 11:50:52,519 | INFO  | SCMAudit | user=jenkins1000 | ip=192.168.36.114 | op=REGISTER {datanodeDetails=c13e8c2d-5cc3-43ac-8cc7-9a20211fb58e{ip: 192.168.36.114, host: pr-hdds-1569-58hkm-1881083799, networkLocation: /default-rack, certSerialId: null}} | ret=SUCCESS |  
2019-09-12 11:50:52,525 [pool-27-thread-1] INFO  impl.RaftServerImpl (RaftServerImpl.java:<init>(93)) - 9d7d954f-b073-45cf-8f2c-ae2cc2b7e120: new RaftServerImpl for group-1793F8F0A0F5:[9d7d954f-b073-45cf-8f2c-ae2cc2b7e120:192.168.36.114:42013] with ContainerStateMachine:uninitialized
2019-09-12 11:50:52,527 [pool-27-thread-1] INFO  server.RaftServerConfigKeys (ConfUtils.java:logGet(43)) - raft.server.rpc.timeout.min = 5s (custom)
2019-09-12 11:50:52,528 [pool-27-thread-1] INFO  server.RaftServerConfigKeys (ConfUtils.java:logGet(43)) - raft.server.rpc.timeout.max = 5200ms (custom)
2019-09-12 11:50:52,528 [pool-27-thread-1] INFO  server.RaftServerConfigKeys (ConfUtils.java:logGet(43)) - raft.server.rpcslowness.timeout = 120s (custom)
2019-09-12 11:50:52,529 [pool-27-thread-1] INFO  server.RaftServerConfigKeys (ConfUtils.java:logGet(43)) - raft.server.sleep.deviation.threshold = 300 (default)
2019-09-12 11:50:52,530 [pool-27-thread-1] INFO  server.RaftServerConfigKeys (ConfUtils.java:logGet(43)) - raft.server.log.appender.install.snapshot.enabled = false (custom)
2019-09-12 11:50:52,539 [pool-27-thread-1] INFO  impl.RaftServerImpl (ServerState.java:<init>(105)) - 9d7d954f-b073-45cf-8f2c-ae2cc2b7e120:group-1793F8F0A0F5 ConfigurationManager, init=-1: [9d7d954f-b073-45cf-8f2c-ae2cc2b7e120:192.168.36.114:42013], old=null, confs=<EMPTY_MAP>
2019-09-12 11:50:52,539 [pool-27-thread-1] INFO  server.RaftServerConfigKeys (ConfUtils.java:logGet(43)) - raft.server.storage.dir = [/workdir/hadoop-ozone/tools/target/test-dir/MiniOzoneClusterImpl-d6dca02c-26cd-4265-82f2-daeedfc193e9/datanode-0/data/ratis] (custom)
2019-09-12 11:50:52,547 [pool-27-thread-1] INFO  storage.RaftStorageDirectory (RaftStorageDirectory.java:analyzeStorage(246)) - The storage directory /workdir/hadoop-ozone/tools/target/test-dir/MiniOzoneClusterImpl-d6dca02c-26cd-4265-82f2-daeedfc193e9/datanode-0/data/ratis/7dd340eb-9230-4146-94ee-1793f8f0a0f5 does not exist. Creating ...
2019-09-12 11:50:52,564 [pool-27-thread-1] INFO  storage.RaftStorageDirectory (RaftStorageDirectory.java:tryLock(328)) - Lock on /workdir/hadoop-ozone/tools/target/test-dir/MiniOzoneClusterImpl-d6dca02c-26cd-4265-82f2-daeedfc193e9/datanode-0/data/ratis/7dd340eb-9230-4146-94ee-1793f8f0a0f5/in_use.lock acquired by nodename 20454@pr-hdds-1569-58hkm-1881083799
2019-09-12 11:50:52,581 [pool-27-thread-1] INFO  storage.RaftStorage (RaftStorage.java:format(72)) - Storage directory /workdir/hadoop-ozone/tools/target/test-dir/MiniOzoneClusterImpl-d6dca02c-26cd-4265-82f2-daeedfc193e9/datanode-0/data/ratis/7dd340eb-9230-4146-94ee-1793f8f0a0f5 has been successfully formatted.
2019-09-12 11:50:52,584 [pool-27-thread-1] INFO  ratis.ContainerStateMachine (ContainerStateMachine.java:loadSnapshot(226)) - group-1793F8F0A0F5: The snapshot info is null. Setting the last applied indexto:(t:0, i:~)
2019-09-12 11:50:52,585 [pool-27-thread-1] INFO  server.RaftServerConfigKeys (ConfUtils.java:logGet(43)) - raft.server.leader.election.timeout = 120s (custom)
2019-09-12 11:50:52,588 [pool-27-thread-1] INFO  server.RaftServerConfigKeys (ConfUtils.java:logGet(43)) - raft.server.log.use.memory = false (default)
2019-09-12 11:50:52,595 [pool-27-thread-1] INFO  server.RaftServerConfigKeys (ConfUtils.java:logGet(43)) - raft.server.log.purge.gap = 1000000 (custom)
2019-09-12 11:50:52,595 [pool-27-thread-1] INFO  server.RaftServerConfigKeys (ConfUtils.java:logGet(43)) - raft.server.log.appender.buffer.byte-limit = 33554432 (custom)
2019-09-12 11:50:52,597 [pool-27-thread-1] INFO  server.RaftServerConfigKeys (ConfUtils.java:logGet(43)) - raft.server.log.segment.size.max = 1048576 (custom)
2019-09-12 11:50:52,604 [pool-27-thread-1] INFO  server.RaftServerConfigKeys (ConfUtils.java:logGet(43)) - raft.server.log.segment.cache.num.max = 2 (custom)
2019-09-12 11:50:52,611 [pool-27-thread-1] INFO  segmented.SegmentedRaftLogWorker (SegmentedRaftLogWorker.java:<init>(172)) - new 9d7d954f-b073-45cf-8f2c-ae2cc2b7e120-SegmentedRaftLogWorker:Storage Directory /workdir/hadoop-ozone/tools/target/test-dir/MiniOzoneClusterImpl-d6dca02c-26cd-4265-82f2-daeedfc193e9/datanode-0/data/ratis/7dd340eb-9230-4146-94ee-1793f8f0a0f5 for RaftStorage:Storage Directory /workdir/hadoop-ozone/tools/target/test-dir/MiniOzoneClusterImpl-d6dca02c-26cd-4265-82f2-daeedfc193e9/datanode-0/data/ratis/7dd340eb-9230-4146-94ee-1793f8f0a0f5
2019-09-12 11:50:52,630 [pool-27-thread-1] INFO  server.RaftServerConfigKeys (ConfUtils.java:logGet(43)) - raft.server.log.queue.byte-limit = 2147483647 (custom)
2019-09-12 11:50:52,631 [pool-27-thread-1] INFO  server.RaftServerConfigKeys (ConfUtils.java:logGet(43)) - raft.server.log.queue.element-limit = 1024 (custom)
2019-09-12 11:50:52,637 [pool-27-thread-1] INFO  server.RaftServerConfigKeys (ConfUtils.java:logGet(43)) - raft.server.log.segment.size.max = 1048576 (custom)
2019-09-12 11:50:52,638 [pool-27-thread-1] INFO  server.RaftServerConfigKeys (ConfUtils.java:logGet(43)) - raft.server.log.preallocated.size = 16384 (custom)
2019-09-12 11:50:52,638 [pool-27-thread-1] INFO  server.RaftServerConfigKeys (ConfUtils.java:logGet(43)) - raft.server.log.write.buffer.size = 33554432 (custom)
2019-09-12 11:50:52,639 [pool-27-thread-1] INFO  server.RaftServerConfigKeys (ConfUtils.java:logGet(43)) - raft.server.log.force.sync.num = 128 (default)
2019-09-12 11:50:52,640 [pool-27-thread-1] INFO  server.RaftServerConfigKeys (ConfUtils.java:logGet(43)) - raft.server.log.statemachine.data.sync = true (default)
2019-09-12 11:50:52,640 [pool-27-thread-1] INFO  server.RaftServerConfigKeys (ConfUtils.java:logGet(43)) - raft.server.log.statemachine.data.sync.timeout = 10s (default)
2019-09-12 11:50:52,641 [pool-27-thread-1] INFO  server.RaftServerConfigKeys (ConfUtils.java:logGet(43)) - raft.server.log.statemachine.data.sync.timeout.retry = -1 (default)
2019-09-12 11:50:52,653 [pool-27-thread-1] INFO  server.RaftServerConfigKeys (ConfUtils.java:logGet(43)) - raft.server.log.statemachine.data.caching.enabled = true (custom)
2019-09-12 11:50:52,658 [pool-27-thread-1] INFO  segmented.SegmentedRaftLogWorker (SegmentedRaftLogWorker.java:lambda$new$0(132)) - 9d7d954f-b073-45cf-8f2c-ae2cc2b7e120-SegmentedRaftLogWorker:Storage Directory /workdir/hadoop-ozone/tools/target/test-dir/MiniOzoneClusterImpl-d6dca02c-26cd-4265-82f2-daeedfc193e9/datanode-0/data/ratis/7dd340eb-9230-4146-94ee-1793f8f0a0f5: flushIndex: setUnconditionally 0 -> -1
2019-09-12 11:50:52,662 [pool-27-thread-1] INFO  server.RaftServerConfigKeys (ConfUtils.java:logGet(43)) - raft.server.snapshot.auto.trigger.enabled = true (custom)
2019-09-12 11:50:52,663 [pool-27-thread-1] INFO  server.RaftServerConfigKeys (ConfUtils.java:logGet(43)) - raft.server.snapshot.auto.trigger.threshold = 10000 (custom)
2019-09-12 11:50:52,664 [pool-27-thread-1] INFO  server.RaftServerConfigKeys (ConfUtils.java:logGet(43)) - raft.server.retrycache.expirytime = 600000ms (custom)
2019-09-12 11:50:52,692 [pool-27-thread-1] INFO  impl.RaftServerImpl (RaftServerImpl.java:start(180)) - 9d7d954f-b073-45cf-8f2c-ae2cc2b7e120: start group-1793F8F0A0F5
2019-09-12 11:50:52,694 [pool-27-thread-1] INFO  impl.RaftServerImpl (RaftServerImpl.java:setRole(171)) - 9d7d954f-b073-45cf-8f2c-ae2cc2b7e120:group-1793F8F0A0F5 changes role from null to FOLLOWER at term 0 for startAsFollower
2019-09-12 11:50:52,696 [pool-27-thread-1] INFO  impl.RoleInfo (RoleInfo.java:updateAndGet(143)) - 9d7d954f-b073-45cf-8f2c-ae2cc2b7e120: start FollowerState
2019-09-12 11:50:52,698 [pool-27-thread-1] INFO  util.JmxRegister (JmxRegister.java:tryRegister(44)) - Successfully registered JMX Bean with object name Ratis:service=RaftServer,group=group-1793F8F0A0F5,id=9d7d954f-b073-45cf-8f2c-ae2cc2b7e120
2019-09-12 11:50:52,770 [RatisPipelineUtilsThread] INFO  pipeline.PipelineStateManager (PipelineStateManager.java:addPipeline(56)) - Created pipeline Pipeline[ Id: 7dd340eb-9230-4146-94ee-1793f8f0a0f5, Nodes: 9d7d954f-b073-45cf-8f2c-ae2cc2b7e120{ip: 192.168.36.114, host: pr-hdds-1569-58hkm-1881083799, networkLocation: /default-rack, certSerialId: null}, Type:RATIS, Factor:ONE, State:OPEN]
2019-09-12 11:50:52,798 [grpc-default-executor-0] INFO  impl.RaftServerProxy (RaftServerProxy.java:addNew(89)) - 9aaf2f78-d78f-4ebc-b7a2-56dce2b57085: addNew group-031632356796:[9aaf2f78-d78f-4ebc-b7a2-56dce2b57085:192.168.36.114:38046] returns group-031632356796:java.util.concurrent.CompletableFuture@7367f277[Not completed]
2019-09-12 11:50:52,846 [pool-60-thread-1] INFO  impl.RaftServerImpl (RaftServerImpl.java:<init>(93)) - 9aaf2f78-d78f-4ebc-b7a2-56dce2b57085: new RaftServerImpl for group-031632356796:[9aaf2f78-d78f-4ebc-b7a2-56dce2b57085:192.168.36.114:38046] with ContainerStateMachine:uninitialized
2019-09-12 11:50:52,848 [pool-60-thread-1] INFO  server.RaftServerConfigKeys (ConfUtils.java:logGet(43)) - raft.server.rpc.timeout.min = 5s (custom)
2019-09-12 11:50:52,848 [pool-60-thread-1] INFO  server.RaftServerConfigKeys (ConfUtils.java:logGet(43)) - raft.server.rpc.timeout.max = 5200ms (custom)
2019-09-12 11:50:52,848 [pool-60-thread-1] INFO  server.RaftServerConfigKeys (ConfUtils.java:logGet(43)) - raft.server.rpcslowness.timeout = 120s (custom)
2019-09-12 11:50:52,848 [pool-60-thread-1] INFO  server.RaftServerConfigKeys (ConfUtils.java:logGet(43)) - raft.server.sleep.deviation.threshold = 300 (default)
2019-09-12 11:50:52,849 [pool-60-thread-1] INFO  server.RaftServerConfigKeys (ConfUtils.java:logGet(43)) - raft.server.log.appender.install.snapshot.enabled = false (custom)
2019-09-12 11:50:52,849 [pool-60-thread-1] INFO  impl.RaftServerImpl (ServerState.java:<init>(105)) - 9aaf2f78-d78f-4ebc-b7a2-56dce2b57085:group-031632356796 ConfigurationManager, init=-1: [9aaf2f78-d78f-4ebc-b7a2-56dce2b57085:192.168.36.114:38046], old=null, confs=<EMPTY_MAP>
2019-09-12 11:50:52,849 [pool-60-thread-1] INFO  server.RaftServerConfigKeys (ConfUtils.java:logGet(43)) - raft.server.storage.dir = [/workdir/hadoop-ozone/tools/target/test-dir/MiniOzoneClusterImpl-d6dca02c-26cd-4265-82f2-daeedfc193e9/datanode-3/data/ratis] (custom)
2019-09-12 11:50:52,850 [pool-60-thread-1] INFO  storage.RaftStorageDirectory (RaftStorageDirectory.java:analyzeStorage(246)) - The storage directory /workdir/hadoop-ozone/tools/target/test-dir/MiniOzoneClusterImpl-d6dca02c-26cd-4265-82f2-daeedfc193e9/datanode-3/data/ratis/7e8a0853-ada9-4f81-9a66-031632356796 does not exist. Creating ...
2019-09-12 11:50:52,864 [pool-60-thread-1] INFO  storage.RaftStorageDirectory (RaftStorageDirectory.java:tryLock(328)) - Lock on /workdir/hadoop-ozone/tools/target/test-dir/MiniOzoneClusterImpl-d6dca02c-26cd-4265-82f2-daeedfc193e9/datanode-3/data/ratis/7e8a0853-ada9-4f81-9a66-031632356796/in_use.lock acquired by nodename 20454@pr-hdds-1569-58hkm-1881083799
2019-09-12 11:50:52,892 [pool-60-thread-1] INFO  storage.RaftStorage (RaftStorage.java:format(72)) - Storage directory /workdir/hadoop-ozone/tools/target/test-dir/MiniOzoneClusterImpl-d6dca02c-26cd-4265-82f2-daeedfc193e9/datanode-3/data/ratis/7e8a0853-ada9-4f81-9a66-031632356796 has been successfully formatted.
2019-09-12 11:50:52,894 [pool-60-thread-1] INFO  ratis.ContainerStateMachine (ContainerStateMachine.java:loadSnapshot(226)) - group-031632356796: The snapshot info is null. Setting the last applied indexto:(t:0, i:~)
2019-09-12 11:50:52,896 [pool-60-thread-1] INFO  server.RaftServerConfigKeys (ConfUtils.java:logGet(43)) - raft.server.leader.election.timeout = 120s (custom)
2019-09-12 11:50:52,896 [pool-60-thread-1] INFO  server.RaftServerConfigKeys (ConfUtils.java:logGet(43)) - raft.server.log.use.memory = false (default)
2019-09-12 11:50:52,896 [pool-60-thread-1] INFO  server.RaftServerConfigKeys (ConfUtils.java:logGet(43)) - raft.server.log.purge.gap = 1000000 (custom)
2019-09-12 11:50:52,897 [pool-60-thread-1] INFO  server.RaftServerConfigKeys (ConfUtils.java:logGet(43)) - raft.server.log.appender.buffer.byte-limit = 33554432 (custom)
2019-09-12 11:50:52,897 [pool-60-thread-1] INFO  server.RaftServerConfigKeys (ConfUtils.java:logGet(43)) - raft.server.log.segment.size.max = 1048576 (custom)
2019-09-12 11:50:52,897 [pool-60-thread-1] INFO  server.RaftServerConfigKeys (ConfUtils.java:logGet(43)) - raft.server.log.segment.cache.num.max = 2 (custom)
2019-09-12 11:50:52,897 [pool-60-thread-1] INFO  segmented.SegmentedRaftLogWorker (SegmentedRaftLogWorker.java:<init>(172)) - new 9aaf2f78-d78f-4ebc-b7a2-56dce2b57085-SegmentedRaftLogWorker:Storage Directory /workdir/hadoop-ozone/tools/target/test-dir/MiniOzoneClusterImpl-d6dca02c-26cd-4265-82f2-daeedfc193e9/datanode-3/data/ratis/7e8a0853-ada9-4f81-9a66-031632356796 for RaftStorage:Storage Directory /workdir/hadoop-ozone/tools/target/test-dir/MiniOzoneClusterImpl-d6dca02c-26cd-4265-82f2-daeedfc193e9/datanode-3/data/ratis/7e8a0853-ada9-4f81-9a66-031632356796
2019-09-12 11:50:52,899 [pool-60-thread-1] INFO  server.RaftServerConfigKeys (ConfUtils.java:logGet(43)) - raft.server.log.queue.byte-limit = 2147483647 (custom)
2019-09-12 11:50:52,899 [pool-60-thread-1] INFO  server.RaftServerConfigKeys (ConfUtils.java:logGet(43)) - raft.server.log.queue.element-limit = 1024 (custom)
2019-09-12 11:50:52,900 [pool-60-thread-1] INFO  server.RaftServerConfigKeys (ConfUtils.java:logGet(43)) - raft.server.log.segment.size.max = 1048576 (custom)
2019-09-12 11:50:52,900 [pool-60-thread-1] INFO  server.RaftServerConfigKeys (ConfUtils.java:logGet(43)) - raft.server.log.preallocated.size = 16384 (custom)
2019-09-12 11:50:52,900 [pool-60-thread-1] INFO  server.RaftServerConfigKeys (ConfUtils.java:logGet(43)) - raft.server.log.write.buffer.size = 33554432 (custom)
2019-09-12 11:50:52,900 [pool-60-thread-1] INFO  server.RaftServerConfigKeys (ConfUtils.java:logGet(43)) - raft.server.log.force.sync.num = 128 (default)
2019-09-12 11:50:52,901 [pool-60-thread-1] INFO  server.RaftServerConfigKeys (ConfUtils.java:logGet(43)) - raft.server.log.statemachine.data.sync = true (default)
2019-09-12 11:50:52,901 [pool-60-thread-1] INFO  server.RaftServerConfigKeys (ConfUtils.java:logGet(43)) - raft.server.log.statemachine.data.sync.timeout = 10s (default)
2019-09-12 11:50:52,901 [pool-60-thread-1] INFO  server.RaftServerConfigKeys (ConfUtils.java:logGet(43)) - raft.server.log.statemachine.data.sync.timeout.retry = -1 (default)
2019-09-12 11:50:52,902 [pool-60-thread-1] INFO  server.RaftServerConfigKeys (ConfUtils.java:logGet(43)) - raft.server.log.statemachine.data.caching.enabled = true (custom)
2019-09-12 11:50:52,903 [pool-60-thread-1] INFO  segmented.SegmentedRaftLogWorker (SegmentedRaftLogWorker.java:lambda$new$0(132)) - 9aaf2f78-d78f-4ebc-b7a2-56dce2b57085-SegmentedRaftLogWorker:Storage Directory /workdir/hadoop-ozone/tools/target/test-dir/MiniOzoneClusterImpl-d6dca02c-26cd-4265-82f2-daeedfc193e9/datanode-3/data/ratis/7e8a0853-ada9-4f81-9a66-031632356796: flushIndex: setUnconditionally 0 -> -1
2019-09-12 11:50:52,903 [pool-60-thread-1] INFO  server.RaftServerConfigKeys (ConfUtils.java:logGet(43)) - raft.server.snapshot.auto.trigger.enabled = true (custom)
2019-09-12 11:50:52,904 [pool-60-thread-1] INFO  server.RaftServerConfigKeys (ConfUtils.java:logGet(43)) - raft.server.snapshot.auto.trigger.threshold = 10000 (custom)
2019-09-12 11:50:52,904 [pool-60-thread-1] INFO  server.RaftServerConfigKeys (ConfUtils.java:logGet(43)) - raft.server.retrycache.expirytime = 600000ms (custom)
2019-09-12 11:50:52,904 [pool-60-thread-1] INFO  impl.RaftServerImpl (RaftServerImpl.java:start(180)) - 9aaf2f78-d78f-4ebc-b7a2-56dce2b57085: start group-031632356796
2019-09-12 11:50:52,905 [pool-60-thread-1] INFO  impl.RaftServerImpl (RaftServerImpl.java:setRole(171)) - 9aaf2f78-d78f-4ebc-b7a2-56dce2b57085:group-031632356796 changes role from null to FOLLOWER at term 0 for startAsFollower
2019-09-12 11:50:52,905 [pool-60-thread-1] INFO  impl.RoleInfo (RoleInfo.java:updateAndGet(143)) - 9aaf2f78-d78f-4ebc-b7a2-56dce2b57085: start FollowerState
2019-09-12 11:50:52,907 [pool-60-thread-1] INFO  util.JmxRegister (JmxRegister.java:tryRegister(44)) - Successfully registered JMX Bean with object name Ratis:service=RaftServer,group=group-031632356796,id=9aaf2f78-d78f-4ebc-b7a2-56dce2b57085
2019-09-12 11:50:52,925 [RatisPipelineUtilsThread] INFO  pipeline.PipelineStateManager (PipelineStateManager.java:addPipeline(56)) - Created pipeline Pipeline[ Id: 7e8a0853-ada9-4f81-9a66-031632356796, Nodes: 9aaf2f78-d78f-4ebc-b7a2-56dce2b57085{ip: 192.168.36.114, host: pr-hdds-1569-58hkm-1881083799, networkLocation: /default-rack, certSerialId: null}, Type:RATIS, Factor:ONE, State:OPEN]
2019-09-12 11:50:52,944 [grpc-default-executor-0] INFO  impl.RaftServerProxy (RaftServerProxy.java:addNew(89)) - 9d7d954f-b073-45cf-8f2c-ae2cc2b7e120: addNew group-8CF93512C5C3:[9d7d954f-b073-45cf-8f2c-ae2cc2b7e120:192.168.36.114:42013] returns group-8CF93512C5C3:java.util.concurrent.CompletableFuture@3198d4cc[Not completed]
2019-09-12 11:50:52,954 [pool-27-thread-1] INFO  impl.RaftServerImpl (RaftServerImpl.java:<init>(93)) - 9d7d954f-b073-45cf-8f2c-ae2cc2b7e120: new RaftServerImpl for group-8CF93512C5C3:[9d7d954f-b073-45cf-8f2c-ae2cc2b7e120:192.168.36.114:42013] with ContainerStateMachine:uninitialized
2019-09-12 11:50:52,955 [pool-27-thread-1] INFO  server.RaftServerConfigKeys (ConfUtils.java:logGet(43)) - raft.server.rpc.timeout.min = 5s (custom)
2019-09-12 11:50:52,955 [pool-27-thread-1] INFO  server.RaftServerConfigKeys (ConfUtils.java:logGet(43)) - raft.server.rpc.timeout.max = 5200ms (custom)
2019-09-12 11:50:52,955 [pool-27-thread-1] INFO  server.RaftServerConfigKeys (ConfUtils.java:logGet(43)) - raft.server.rpcslowness.timeout = 120s (custom)
2019-09-12 11:50:52,955 [pool-27-thread-1] INFO  server.RaftServerConfigKeys (ConfUtils.java:logGet(43)) - raft.server.sleep.deviation.threshold = 300 (default)
2019-09-12 11:50:52,955 [pool-27-thread-1] INFO  server.RaftServerConfigKeys (ConfUtils.java:logGet(43)) - raft.server.log.appender.install.snapshot.enabled = false (custom)
2019-09-12 11:50:52,956 [pool-27-thread-1] INFO  impl.RaftServerImpl (ServerState.java:<init>(105)) - 9d7d954f-b073-45cf-8f2c-ae2cc2b7e120:group-8CF93512C5C3 ConfigurationManager, init=-1: [9d7d954f-b073-45cf-8f2c-ae2cc2b7e120:192.168.36.114:42013], old=null, confs=<EMPTY_MAP>
2019-09-12 11:50:52,956 [pool-27-thread-1] INFO  server.RaftServerConfigKeys (ConfUtils.java:logGet(43)) - raft.server.storage.dir = [/workdir/hadoop-ozone/tools/target/test-dir/MiniOzoneClusterImpl-d6dca02c-26cd-4265-82f2-daeedfc193e9/datanode-0/data/ratis] (custom)
2019-09-12 11:50:52,956 [pool-27-thread-1] INFO  storage.RaftStorageDirectory (RaftStorageDirectory.java:analyzeStorage(246)) - The storage directory /workdir/hadoop-ozone/tools/target/test-dir/MiniOzoneClusterImpl-d6dca02c-26cd-4265-82f2-daeedfc193e9/datanode-0/data/ratis/f975a25b-9f24-40d6-8934-8cf93512c5c3 does not exist. Creating ...
2019-09-12 11:50:52,969 [pool-27-thread-1] INFO  storage.RaftStorageDirectory (RaftStorageDirectory.java:tryLock(328)) - Lock on /workdir/hadoop-ozone/tools/target/test-dir/MiniOzoneClusterImpl-d6dca02c-26cd-4265-82f2-daeedfc193e9/datanode-0/data/ratis/f975a25b-9f24-40d6-8934-8cf93512c5c3/in_use.lock acquired by nodename 20454@pr-hdds-1569-58hkm-1881083799
2019-09-12 11:50:52,982 [pool-27-thread-1] INFO  storage.RaftStorage (RaftStorage.java:format(72)) - Storage directory /workdir/hadoop-ozone/tools/target/test-dir/MiniOzoneClusterImpl-d6dca02c-26cd-4265-82f2-daeedfc193e9/datanode-0/data/ratis/f975a25b-9f24-40d6-8934-8cf93512c5c3 has been successfully formatted.
2019-09-12 11:50:52,983 [pool-27-thread-1] INFO  ratis.ContainerStateMachine (ContainerStateMachine.java:loadSnapshot(226)) - group-8CF93512C5C3: The snapshot info is null. Setting the last applied indexto:(t:0, i:~)
2019-09-12 11:50:52,983 [pool-27-thread-1] INFO  server.RaftServerConfigKeys (ConfUtils.java:logGet(43)) - raft.server.leader.election.timeout = 120s (custom)
2019-09-12 11:50:52,983 [pool-27-thread-1] INFO  server.RaftServerConfigKeys (ConfUtils.java:logGet(43)) - raft.server.log.use.memory = false (default)
2019-09-12 11:50:52,984 [pool-27-thread-1] INFO  server.RaftServerConfigKeys (ConfUtils.java:logGet(43)) - raft.server.log.purge.gap = 1000000 (custom)
2019-09-12 11:50:52,984 [pool-27-thread-1] INFO  server.RaftServerConfigKeys (ConfUtils.java:logGet(43)) - raft.server.log.appender.buffer.byte-limit = 33554432 (custom)
2019-09-12 11:50:52,984 [pool-27-thread-1] INFO  server.RaftServerConfigKeys (ConfUtils.java:logGet(43)) - raft.server.log.segment.size.max = 1048576 (custom)
2019-09-12 11:50:52,984 [pool-27-thread-1] INFO  server.RaftServerConfigKeys (ConfUtils.java:logGet(43)) - raft.server.log.segment.cache.num.max = 2 (custom)
2019-09-12 11:50:52,984 [pool-27-thread-1] INFO  segmented.SegmentedRaftLogWorker (SegmentedRaftLogWorker.java:<init>(172)) - new 9d7d954f-b073-45cf-8f2c-ae2cc2b7e120-SegmentedRaftLogWorker:Storage Directory /workdir/hadoop-ozone/tools/target/test-dir/MiniOzoneClusterImpl-d6dca02c-26cd-4265-82f2-daeedfc193e9/datanode-0/data/ratis/f975a25b-9f24-40d6-8934-8cf93512c5c3 for RaftStorage:Storage Directory /workdir/hadoop-ozone/tools/target/test-dir/MiniOzoneClusterImpl-d6dca02c-26cd-4265-82f2-daeedfc193e9/datanode-0/data/ratis/f975a25b-9f24-40d6-8934-8cf93512c5c3
2019-09-12 11:50:52,985 [pool-27-thread-1] INFO  server.RaftServerConfigKeys (ConfUtils.java:logGet(43)) - raft.server.log.queue.byte-limit = 2147483647 (custom)
2019-09-12 11:50:52,985 [pool-27-thread-1] INFO  server.RaftServerConfigKeys (ConfUtils.java:logGet(43)) - raft.server.log.queue.element-limit = 1024 (custom)
2019-09-12 11:50:52,985 [pool-27-thread-1] INFO  server.RaftServerConfigKeys (ConfUtils.java:logGet(43)) - raft.server.log.segment.size.max = 1048576 (custom)
2019-09-12 11:50:52,985 [pool-27-thread-1] INFO  server.RaftServerConfigKeys (ConfUtils.java:logGet(43)) - raft.server.log.preallocated.size = 16384 (custom)
2019-09-12 11:50:52,986 [pool-27-thread-1] INFO  server.RaftServerConfigKeys (ConfUtils.java:logGet(43)) - raft.server.log.write.buffer.size = 33554432 (custom)
2019-09-12 11:50:52,986 [pool-27-thread-1] INFO  server.RaftServerConfigKeys (ConfUtils.java:logGet(43)) - raft.server.log.force.sync.num = 128 (default)
2019-09-12 11:50:52,986 [pool-27-thread-1] INFO  server.RaftServerConfigKeys (ConfUtils.java:logGet(43)) - raft.server.log.statemachine.data.sync = true (default)
2019-09-12 11:50:52,986 [pool-27-thread-1] INFO  server.RaftServerConfigKeys (ConfUtils.java:logGet(43)) - raft.server.log.statemachine.data.sync.timeout = 10s (default)
2019-09-12 11:50:52,986 [pool-27-thread-1] INFO  server.RaftServerConfigKeys (ConfUtils.java:logGet(43)) - raft.server.log.statemachine.data.sync.timeout.retry = -1 (default)
2019-09-12 11:50:52,987 [pool-27-thread-1] INFO  server.RaftServerConfigKeys (ConfUtils.java:logGet(43)) - raft.server.log.statemachine.data.caching.enabled = true (custom)
2019-09-12 11:50:52,987 [pool-27-thread-1] INFO  segmented.SegmentedRaftLogWorker (SegmentedRaftLogWorker.java:lambda$new$0(132)) - 9d7d954f-b073-45cf-8f2c-ae2cc2b7e120-SegmentedRaftLogWorker:Storage Directory /workdir/hadoop-ozone/tools/target/test-dir/MiniOzoneClusterImpl-d6dca02c-26cd-4265-82f2-daeedfc193e9/datanode-0/data/ratis/f975a25b-9f24-40d6-8934-8cf93512c5c3: flushIndex: setUnconditionally 0 -> -1
2019-09-12 11:50:52,988 [pool-27-thread-1] INFO  server.RaftServerConfigKeys (ConfUtils.java:logGet(43)) - raft.server.snapshot.auto.trigger.enabled = true (custom)
2019-09-12 11:50:52,988 [pool-27-thread-1] INFO  server.RaftServerConfigKeys (ConfUtils.java:logGet(43)) - raft.server.snapshot.auto.trigger.threshold = 10000 (custom)
2019-09-12 11:50:52,988 [pool-27-thread-1] INFO  server.RaftServerConfigKeys (ConfUtils.java:logGet(43)) - raft.server.retrycache.expirytime = 600000ms (custom)
2019-09-12 11:50:52,988 [pool-27-thread-1] INFO  impl.RaftServerImpl (RaftServerImpl.java:start(180)) - 9d7d954f-b073-45cf-8f2c-ae2cc2b7e120: start group-8CF93512C5C3
2019-09-12 11:50:52,989 [pool-27-thread-1] INFO  impl.RaftServerImpl (RaftServerImpl.java:setRole(171)) - 9d7d954f-b073-45cf-8f2c-ae2cc2b7e120:group-8CF93512C5C3 changes role from null to FOLLOWER at term 0 for startAsFollower
2019-09-12 11:50:52,989 [pool-27-thread-1] INFO  impl.RoleInfo (RoleInfo.java:updateAndGet(143)) - 9d7d954f-b073-45cf-8f2c-ae2cc2b7e120: start FollowerState
2019-09-12 11:50:52,989 [pool-27-thread-1] INFO  util.JmxRegister (JmxRegister.java:tryRegister(44)) - Successfully registered JMX Bean with object name Ratis:service=RaftServer,group=group-8CF93512C5C3,id=9d7d954f-b073-45cf-8f2c-ae2cc2b7e120
2019-09-12 11:50:53,002 [RatisPipelineUtilsThread] INFO  pipeline.PipelineStateManager (PipelineStateManager.java:addPipeline(56)) - Created pipeline Pipeline[ Id: f975a25b-9f24-40d6-8934-8cf93512c5c3, Nodes: 9d7d954f-b073-45cf-8f2c-ae2cc2b7e120{ip: 192.168.36.114, host: pr-hdds-1569-58hkm-1881083799, networkLocation: /default-rack, certSerialId: null}, Type:RATIS, Factor:ONE, State:OPEN]
2019-09-12 11:50:53,022 [grpc-default-executor-0] INFO  impl.RaftServerProxy (RaftServerProxy.java:addNew(89)) - 9aaf2f78-d78f-4ebc-b7a2-56dce2b57085: addNew group-AC1A6332B1CB:[9aaf2f78-d78f-4ebc-b7a2-56dce2b57085:192.168.36.114:38046] returns group-AC1A6332B1CB:java.util.concurrent.CompletableFuture@48059208[Not completed]
2019-09-12 11:50:53,024 [pool-60-thread-1] INFO  impl.RaftServerImpl (RaftServerImpl.java:<init>(93)) - 9aaf2f78-d78f-4ebc-b7a2-56dce2b57085: new RaftServerImpl for group-AC1A6332B1CB:[9aaf2f78-d78f-4ebc-b7a2-56dce2b57085:192.168.36.114:38046] with ContainerStateMachine:uninitialized
2019-09-12 11:50:53,024 [pool-60-thread-1] INFO  server.RaftServerConfigKeys (ConfUtils.java:logGet(43)) - raft.server.rpc.timeout.min = 5s (custom)
2019-09-12 11:50:53,024 [pool-60-thread-1] INFO  server.RaftServerConfigKeys (ConfUtils.java:logGet(43)) - raft.server.rpc.timeout.max = 5200ms (custom)
2019-09-12 11:50:53,024 [pool-60-thread-1] INFO  server.RaftServerConfigKeys (ConfUtils.java:logGet(43)) - raft.server.rpcslowness.timeout = 120s (custom)
2019-09-12 11:50:53,025 [pool-60-thread-1] INFO  server.RaftServerConfigKeys (ConfUtils.java:logGet(43)) - raft.server.sleep.deviation.threshold = 300 (default)
2019-09-12 11:50:53,025 [pool-60-thread-1] INFO  server.RaftServerConfigKeys (ConfUtils.java:logGet(43)) - raft.server.log.appender.install.snapshot.enabled = false (custom)
2019-09-12 11:50:53,025 [pool-60-thread-1] INFO  impl.RaftServerImpl (ServerState.java:<init>(105)) - 9aaf2f78-d78f-4ebc-b7a2-56dce2b57085:group-AC1A6332B1CB ConfigurationManager, init=-1: [9aaf2f78-d78f-4ebc-b7a2-56dce2b57085:192.168.36.114:38046], old=null, confs=<EMPTY_MAP>
2019-09-12 11:50:53,025 [pool-60-thread-1] INFO  server.RaftServerConfigKeys (ConfUtils.java:logGet(43)) - raft.server.storage.dir = [/workdir/hadoop-ozone/tools/target/test-dir/MiniOzoneClusterImpl-d6dca02c-26cd-4265-82f2-daeedfc193e9/datanode-3/data/ratis] (custom)
2019-09-12 11:50:53,026 [pool-60-thread-1] INFO  storage.RaftStorageDirectory (RaftStorageDirectory.java:analyzeStorage(246)) - The storage directory /workdir/hadoop-ozone/tools/target/test-dir/MiniOzoneClusterImpl-d6dca02c-26cd-4265-82f2-daeedfc193e9/datanode-3/data/ratis/272843a0-330f-4b19-9292-ac1a6332b1cb does not exist. Creating ...
2019-09-12 11:50:53,038 [pool-60-thread-1] INFO  storage.RaftStorageDirectory (RaftStorageDirectory.java:tryLock(328)) - Lock on /workdir/hadoop-ozone/tools/target/test-dir/MiniOzoneClusterImpl-d6dca02c-26cd-4265-82f2-daeedfc193e9/datanode-3/data/ratis/272843a0-330f-4b19-9292-ac1a6332b1cb/in_use.lock acquired by nodename 20454@pr-hdds-1569-58hkm-1881083799
2019-09-12 11:50:53,052 [pool-60-thread-1] INFO  storage.RaftStorage (RaftStorage.java:format(72)) - Storage directory /workdir/hadoop-ozone/tools/target/test-dir/MiniOzoneClusterImpl-d6dca02c-26cd-4265-82f2-daeedfc193e9/datanode-3/data/ratis/272843a0-330f-4b19-9292-ac1a6332b1cb has been successfully formatted.
2019-09-12 11:50:53,053 [pool-60-thread-1] INFO  ratis.ContainerStateMachine (ContainerStateMachine.java:loadSnapshot(226)) - group-AC1A6332B1CB: The snapshot info is null. Setting the last applied indexto:(t:0, i:~)
2019-09-12 11:50:53,053 [pool-60-thread-1] INFO  server.RaftServerConfigKeys (ConfUtils.java:logGet(43)) - raft.server.leader.election.timeout = 120s (custom)
2019-09-12 11:50:53,053 [pool-60-thread-1] INFO  server.RaftServerConfigKeys (ConfUtils.java:logGet(43)) - raft.server.log.use.memory = false (default)
2019-09-12 11:50:53,054 [pool-60-thread-1] INFO  server.RaftServerConfigKeys (ConfUtils.java:logGet(43)) - raft.server.log.purge.gap = 1000000 (custom)
2019-09-12 11:50:53,054 [pool-60-thread-1] INFO  server.RaftServerConfigKeys (ConfUtils.java:logGet(43)) - raft.server.log.appender.buffer.byte-limit = 33554432 (custom)
2019-09-12 11:50:53,054 [pool-60-thread-1] INFO  server.RaftServerConfigKeys (ConfUtils.java:logGet(43)) - raft.server.log.segment.size.max = 1048576 (custom)
2019-09-12 11:50:53,055 [pool-60-thread-1] INFO  server.RaftServerConfigKeys (ConfUtils.java:logGet(43)) - raft.server.log.segment.cache.num.max = 2 (custom)
2019-09-12 11:50:53,055 [pool-60-thread-1] INFO  segmented.SegmentedRaftLogWorker (SegmentedRaftLogWorker.java:<init>(172)) - new 9aaf2f78-d78f-4ebc-b7a2-56dce2b57085-SegmentedRaftLogWorker:Storage Directory /workdir/hadoop-ozone/tools/target/test-dir/MiniOzoneClusterImpl-d6dca02c-26cd-4265-82f2-daeedfc193e9/datanode-3/data/ratis/272843a0-330f-4b19-9292-ac1a6332b1cb for RaftStorage:Storage Directory /workdir/hadoop-ozone/tools/target/test-dir/MiniOzoneClusterImpl-d6dca02c-26cd-4265-82f2-daeedfc193e9/datanode-3/data/ratis/272843a0-330f-4b19-9292-ac1a6332b1cb
2019-09-12 11:50:53,055 [pool-60-thread-1] INFO  server.RaftServerConfigKeys (ConfUtils.java:logGet(43)) - raft.server.log.queue.byte-limit = 2147483647 (custom)
2019-09-12 11:50:53,056 [pool-60-thread-1] INFO  server.RaftServerConfigKeys (ConfUtils.java:logGet(43)) - raft.server.log.queue.element-limit = 1024 (custom)
2019-09-12 11:50:53,056 [pool-60-thread-1] INFO  server.RaftServerConfigKeys (ConfUtils.java:logGet(43)) - raft.server.log.segment.size.max = 1048576 (custom)
2019-09-12 11:50:53,056 [pool-60-thread-1] INFO  server.RaftServerConfigKeys (ConfUtils.java:logGet(43)) - raft.server.log.preallocated.size = 16384 (custom)
2019-09-12 11:50:53,056 [pool-60-thread-1] INFO  server.RaftServerConfigKeys (ConfUtils.java:logGet(43)) - raft.server.log.write.buffer.size = 33554432 (custom)
2019-09-12 11:50:53,057 [pool-60-thread-1] INFO  server.RaftServerConfigKeys (ConfUtils.java:logGet(43)) - raft.server.log.force.sync.num = 128 (default)
2019-09-12 11:50:53,057 [pool-60-thread-1] INFO  server.RaftServerConfigKeys (ConfUtils.java:logGet(43)) - raft.server.log.statemachine.data.sync = true (default)
2019-09-12 11:50:53,057 [pool-60-thread-1] INFO  server.RaftServerConfigKeys (ConfUtils.java:logGet(43)) - raft.server.log.statemachine.data.sync.timeout = 10s (default)
2019-09-12 11:50:53,058 [pool-60-thread-1] INFO  server.RaftServerConfigKeys (ConfUtils.java:logGet(43)) - raft.server.log.statemachine.data.sync.timeout.retry = -1 (default)
2019-09-12 11:50:53,058 [pool-60-thread-1] INFO  server.RaftServerConfigKeys (ConfUtils.java:logGet(43)) - raft.server.log.statemachine.data.caching.enabled = true (custom)
2019-09-12 11:50:53,059 [pool-60-thread-1] INFO  segmented.SegmentedRaftLogWorker (SegmentedRaftLogWorker.java:lambda$new$0(132)) - 9aaf2f78-d78f-4ebc-b7a2-56dce2b57085-SegmentedRaftLogWorker:Storage Directory /workdir/hadoop-ozone/tools/target/test-dir/MiniOzoneClusterImpl-d6dca02c-26cd-4265-82f2-daeedfc193e9/datanode-3/data/ratis/272843a0-330f-4b19-9292-ac1a6332b1cb: flushIndex: setUnconditionally 0 -> -1
2019-09-12 11:50:53,059 [pool-60-thread-1] INFO  server.RaftServerConfigKeys (ConfUtils.java:logGet(43)) - raft.server.snapshot.auto.trigger.enabled = true (custom)
2019-09-12 11:50:53,059 [pool-60-thread-1] INFO  server.RaftServerConfigKeys (ConfUtils.java:logGet(43)) - raft.server.snapshot.auto.trigger.threshold = 10000 (custom)
2019-09-12 11:50:53,060 [pool-60-thread-1] INFO  server.RaftServerConfigKeys (ConfUtils.java:logGet(43)) - raft.server.retrycache.expirytime = 600000ms (custom)
2019-09-12 11:50:53,060 [pool-60-thread-1] INFO  impl.RaftServerImpl (RaftServerImpl.java:start(180)) - 9aaf2f78-d78f-4ebc-b7a2-56dce2b57085: start group-AC1A6332B1CB
2019-09-12 11:50:53,060 [pool-60-thread-1] INFO  impl.RaftServerImpl (RaftServerImpl.java:setRole(171)) - 9aaf2f78-d78f-4ebc-b7a2-56dce2b57085:group-AC1A6332B1CB changes role from null to FOLLOWER at term 0 for startAsFollower
2019-09-12 11:50:53,061 [pool-60-thread-1] INFO  impl.RoleInfo (RoleInfo.java:updateAndGet(143)) - 9aaf2f78-d78f-4ebc-b7a2-56dce2b57085: start FollowerState
2019-09-12 11:50:53,061 [pool-60-thread-1] INFO  util.JmxRegister (JmxRegister.java:tryRegister(44)) - Successfully registered JMX Bean with object name Ratis:service=RaftServer,group=group-AC1A6332B1CB,id=9aaf2f78-d78f-4ebc-b7a2-56dce2b57085
2019-09-12 11:50:53,075 [RatisPipelineUtilsThread] INFO  pipeline.PipelineStateManager (PipelineStateManager.java:addPipeline(56)) - Created pipeline Pipeline[ Id: 272843a0-330f-4b19-9292-ac1a6332b1cb, Nodes: 9aaf2f78-d78f-4ebc-b7a2-56dce2b57085{ip: 192.168.36.114, host: pr-hdds-1569-58hkm-1881083799, networkLocation: /default-rack, certSerialId: null}, Type:RATIS, Factor:ONE, State:OPEN]
2019-09-12 11:50:53,098 [grpc-default-executor-0] INFO  impl.RaftServerProxy (RaftServerProxy.java:addNew(89)) - 233f3d22-ae09-46be-8182-f5e58d004644: addNew group-502147B0D64D:[233f3d22-ae09-46be-8182-f5e58d004644:192.168.36.114:35523] returns group-502147B0D64D:java.util.concurrent.CompletableFuture@13979b3e[Not completed]
2019-09-12 11:50:53,100 [pool-38-thread-1] INFO  impl.RaftServerImpl (RaftServerImpl.java:<init>(93)) - 233f3d22-ae09-46be-8182-f5e58d004644: new RaftServerImpl for group-502147B0D64D:[233f3d22-ae09-46be-8182-f5e58d004644:192.168.36.114:35523] with ContainerStateMachine:uninitialized
2019-09-12 11:50:53,100 [pool-38-thread-1] INFO  server.RaftServerConfigKeys (ConfUtils.java:logGet(43)) - raft.server.rpc.timeout.min = 5s (custom)
2019-09-12 11:50:53,100 [pool-38-thread-1] INFO  server.RaftServerConfigKeys (ConfUtils.java:logGet(43)) - raft.server.rpc.timeout.max = 5200ms (custom)
2019-09-12 11:50:53,100 [pool-38-thread-1] INFO  server.RaftServerConfigKeys (ConfUtils.java:logGet(43)) - raft.server.rpcslowness.timeout = 120s (custom)
2019-09-12 11:50:53,100 [pool-38-thread-1] INFO  server.RaftServerConfigKeys (ConfUtils.java:logGet(43)) - raft.server.sleep.deviation.threshold = 300 (default)
2019-09-12 11:50:53,101 [pool-38-thread-1] INFO  server.RaftServerConfigKeys (ConfUtils.java:logGet(43)) - raft.server.log.appender.install.snapshot.enabled = false (custom)
2019-09-12 11:50:53,101 [pool-38-thread-1] INFO  impl.RaftServerImpl (ServerState.java:<init>(105)) - 233f3d22-ae09-46be-8182-f5e58d004644:group-502147B0D64D ConfigurationManager, init=-1: [233f3d22-ae09-46be-8182-f5e58d004644:192.168.36.114:35523], old=null, confs=<EMPTY_MAP>
2019-09-12 11:50:53,101 [pool-38-thread-1] INFO  server.RaftServerConfigKeys (ConfUtils.java:logGet(43)) - raft.server.storage.dir = [/workdir/hadoop-ozone/tools/target/test-dir/MiniOzoneClusterImpl-d6dca02c-26cd-4265-82f2-daeedfc193e9/datanode-1/data/ratis] (custom)
2019-09-12 11:50:53,101 [pool-38-thread-1] INFO  storage.RaftStorageDirectory (RaftStorageDirectory.java:analyzeStorage(246)) - The storage directory /workdir/hadoop-ozone/tools/target/test-dir/MiniOzoneClusterImpl-d6dca02c-26cd-4265-82f2-daeedfc193e9/datanode-1/data/ratis/5e023f16-ac52-428e-973f-502147b0d64d does not exist. Creating ...
2019-09-12 11:50:53,114 [pool-38-thread-1] INFO  storage.RaftStorageDirectory (RaftStorageDirectory.java:tryLock(328)) - Lock on /workdir/hadoop-ozone/tools/target/test-dir/MiniOzoneClusterImpl-d6dca02c-26cd-4265-82f2-daeedfc193e9/datanode-1/data/ratis/5e023f16-ac52-428e-973f-502147b0d64d/in_use.lock acquired by nodename 20454@pr-hdds-1569-58hkm-1881083799
2019-09-12 11:50:53,143 [pool-38-thread-1] INFO  storage.RaftStorage (RaftStorage.java:format(72)) - Storage directory /workdir/hadoop-ozone/tools/target/test-dir/MiniOzoneClusterImpl-d6dca02c-26cd-4265-82f2-daeedfc193e9/datanode-1/data/ratis/5e023f16-ac52-428e-973f-502147b0d64d has been successfully formatted.
2019-09-12 11:50:53,143 [pool-38-thread-1] INFO  ratis.ContainerStateMachine (ContainerStateMachine.java:loadSnapshot(226)) - group-502147B0D64D: The snapshot info is null. Setting the last applied indexto:(t:0, i:~)
2019-09-12 11:50:53,143 [pool-38-thread-1] INFO  server.RaftServerConfigKeys (ConfUtils.java:logGet(43)) - raft.server.leader.election.timeout = 120s (custom)
2019-09-12 11:50:53,144 [pool-38-thread-1] INFO  server.RaftServerConfigKeys (ConfUtils.java:logGet(43)) - raft.server.log.use.memory = false (default)
2019-09-12 11:50:53,144 [pool-38-thread-1] INFO  server.RaftServerConfigKeys (ConfUtils.java:logGet(43)) - raft.server.log.purge.gap = 1000000 (custom)
2019-09-12 11:50:53,144 [pool-38-thread-1] INFO  server.RaftServerConfigKeys (ConfUtils.java:logGet(43)) - raft.server.log.appender.buffer.byte-limit = 33554432 (custom)
2019-09-12 11:50:53,144 [pool-38-thread-1] INFO  server.RaftServerConfigKeys (ConfUtils.java:logGet(43)) - raft.server.log.segment.size.max = 1048576 (custom)
2019-09-12 11:50:53,144 [pool-38-thread-1] INFO  server.RaftServerConfigKeys (ConfUtils.java:logGet(43)) - raft.server.log.segment.cache.num.max = 2 (custom)
2019-09-12 11:50:53,145 [pool-38-thread-1] INFO  segmented.SegmentedRaftLogWorker (SegmentedRaftLogWorker.java:<init>(172)) - new 233f3d22-ae09-46be-8182-f5e58d004644-SegmentedRaftLogWorker:Storage Directory /workdir/hadoop-ozone/tools/target/test-dir/MiniOzoneClusterImpl-d6dca02c-26cd-4265-82f2-daeedfc193e9/datanode-1/data/ratis/5e023f16-ac52-428e-973f-502147b0d64d for RaftStorage:Storage Directory /workdir/hadoop-ozone/tools/target/test-dir/MiniOzoneClusterImpl-d6dca02c-26cd-4265-82f2-daeedfc193e9/datanode-1/data/ratis/5e023f16-ac52-428e-973f-502147b0d64d
2019-09-12 11:50:53,145 [pool-38-thread-1] INFO  server.RaftServerConfigKeys (ConfUtils.java:logGet(43)) - raft.server.log.queue.byte-limit = 2147483647 (custom)
2019-09-12 11:50:53,145 [pool-38-thread-1] INFO  server.RaftServerConfigKeys (ConfUtils.java:logGet(43)) - raft.server.log.queue.element-limit = 1024 (custom)
2019-09-12 11:50:53,145 [pool-38-thread-1] INFO  server.RaftServerConfigKeys (ConfUtils.java:logGet(43)) - raft.server.log.segment.size.max = 1048576 (custom)
2019-09-12 11:50:53,146 [pool-38-thread-1] INFO  server.RaftServerConfigKeys (ConfUtils.java:logGet(43)) - raft.server.log.preallocated.size = 16384 (custom)
2019-09-12 11:50:53,146 [pool-38-thread-1] INFO  server.RaftServerConfigKeys (ConfUtils.java:logGet(43)) - raft.server.log.write.buffer.size = 33554432 (custom)
2019-09-12 11:50:53,146 [pool-38-thread-1] INFO  server.RaftServerConfigKeys (ConfUtils.java:logGet(43)) - raft.server.log.force.sync.num = 128 (default)
2019-09-12 11:50:53,147 [pool-38-thread-1] INFO  server.RaftServerConfigKeys (ConfUtils.java:logGet(43)) - raft.server.log.statemachine.data.sync = true (default)
2019-09-12 11:50:53,147 [pool-38-thread-1] INFO  server.RaftServerConfigKeys (ConfUtils.java:logGet(43)) - raft.server.log.statemachine.data.sync.timeout = 10s (default)
2019-09-12 11:50:53,147 [pool-38-thread-1] INFO  server.RaftServerConfigKeys (ConfUtils.java:logGet(43)) - raft.server.log.statemachine.data.sync.timeout.retry = -1 (default)
2019-09-12 11:50:53,148 [pool-38-thread-1] INFO  server.RaftServerConfigKeys (ConfUtils.java:logGet(43)) - raft.server.log.statemachine.data.caching.enabled = true (custom)
2019-09-12 11:50:53,148 [pool-38-thread-1] INFO  segmented.SegmentedRaftLogWorker (SegmentedRaftLogWorker.java:lambda$new$0(132)) - 233f3d22-ae09-46be-8182-f5e58d004644-SegmentedRaftLogWorker:Storage Directory /workdir/hadoop-ozone/tools/target/test-dir/MiniOzoneClusterImpl-d6dca02c-26cd-4265-82f2-daeedfc193e9/datanode-1/data/ratis/5e023f16-ac52-428e-973f-502147b0d64d: flushIndex: setUnconditionally 0 -> -1
2019-09-12 11:50:53,149 [pool-38-thread-1] INFO  server.RaftServerConfigKeys (ConfUtils.java:logGet(43)) - raft.server.snapshot.auto.trigger.enabled = true (custom)
2019-09-12 11:50:53,149 [pool-38-thread-1] INFO  server.RaftServerConfigKeys (ConfUtils.java:logGet(43)) - raft.server.snapshot.auto.trigger.threshold = 10000 (custom)
2019-09-12 11:50:53,149 [pool-38-thread-1] INFO  server.RaftServerConfigKeys (ConfUtils.java:logGet(43)) - raft.server.retrycache.expirytime = 600000ms (custom)
2019-09-12 11:50:53,149 [pool-38-thread-1] INFO  impl.RaftServerImpl (RaftServerImpl.java:start(180)) - 233f3d22-ae09-46be-8182-f5e58d004644: start group-502147B0D64D
2019-09-12 11:50:53,149 [pool-38-thread-1] INFO  impl.RaftServerImpl (RaftServerImpl.java:setRole(171)) - 233f3d22-ae09-46be-8182-f5e58d004644:group-502147B0D64D changes role from null to FOLLOWER at term 0 for startAsFollower
2019-09-12 11:50:53,150 [pool-38-thread-1] INFO  impl.RoleInfo (RoleInfo.java:updateAndGet(143)) - 233f3d22-ae09-46be-8182-f5e58d004644: start FollowerState
2019-09-12 11:50:53,150 [pool-38-thread-1] INFO  util.JmxRegister (JmxRegister.java:tryRegister(44)) - Successfully registered JMX Bean with object name Ratis:service=RaftServer,group=group-502147B0D64D,id=233f3d22-ae09-46be-8182-f5e58d004644
2019-09-12 11:50:53,163 [RatisPipelineUtilsThread] INFO  pipeline.PipelineStateManager (PipelineStateManager.java:addPipeline(56)) - Created pipeline Pipeline[ Id: 5e023f16-ac52-428e-973f-502147b0d64d, Nodes: 233f3d22-ae09-46be-8182-f5e58d004644{ip: 192.168.36.114, host: pr-hdds-1569-58hkm-1881083799, networkLocation: /default-rack, certSerialId: null}, Type:RATIS, Factor:ONE, State:OPEN]
2019-09-12 11:50:53,181 [grpc-default-executor-0] INFO  impl.RaftServerProxy (RaftServerProxy.java:addNew(89)) - 233f3d22-ae09-46be-8182-f5e58d004644: addNew group-FAB351D90E01:[233f3d22-ae09-46be-8182-f5e58d004644:192.168.36.114:35523] returns group-FAB351D90E01:java.util.concurrent.CompletableFuture@258295a8[Not completed]
2019-09-12 11:50:53,184 [pool-38-thread-1] INFO  impl.RaftServerImpl (RaftServerImpl.java:<init>(93)) - 233f3d22-ae09-46be-8182-f5e58d004644: new RaftServerImpl for group-FAB351D90E01:[233f3d22-ae09-46be-8182-f5e58d004644:192.168.36.114:35523] with ContainerStateMachine:uninitialized
2019-09-12 11:50:53,184 [pool-38-thread-1] INFO  server.RaftServerConfigKeys (ConfUtils.java:logGet(43)) - raft.server.rpc.timeout.min = 5s (custom)
2019-09-12 11:50:53,184 [pool-38-thread-1] INFO  server.RaftServerConfigKeys (ConfUtils.java:logGet(43)) - raft.server.rpc.timeout.max = 5200ms (custom)
2019-09-12 11:50:53,184 [pool-38-thread-1] INFO  server.RaftServerConfigKeys (ConfUtils.java:logGet(43)) - raft.server.rpcslowness.timeout = 120s (custom)
2019-09-12 11:50:53,185 [pool-38-thread-1] INFO  server.RaftServerConfigKeys (ConfUtils.java:logGet(43)) - raft.server.sleep.deviation.threshold = 300 (default)
2019-09-12 11:50:53,185 [pool-38-thread-1] INFO  server.RaftServerConfigKeys (ConfUtils.java:logGet(43)) - raft.server.log.appender.install.snapshot.enabled = false (custom)
2019-09-12 11:50:53,185 [pool-38-thread-1] INFO  impl.RaftServerImpl (ServerState.java:<init>(105)) - 233f3d22-ae09-46be-8182-f5e58d004644:group-FAB351D90E01 ConfigurationManager, init=-1: [233f3d22-ae09-46be-8182-f5e58d004644:192.168.36.114:35523], old=null, confs=<EMPTY_MAP>
2019-09-12 11:50:53,185 [pool-38-thread-1] INFO  server.RaftServerConfigKeys (ConfUtils.java:logGet(43)) - raft.server.storage.dir = [/workdir/hadoop-ozone/tools/target/test-dir/MiniOzoneClusterImpl-d6dca02c-26cd-4265-82f2-daeedfc193e9/datanode-1/data/ratis] (custom)
2019-09-12 11:50:53,186 [pool-38-thread-1] INFO  storage.RaftStorageDirectory (RaftStorageDirectory.java:analyzeStorage(246)) - The storage directory /workdir/hadoop-ozone/tools/target/test-dir/MiniOzoneClusterImpl-d6dca02c-26cd-4265-82f2-daeedfc193e9/datanode-1/data/ratis/0e1518a8-542a-4118-98a5-fab351d90e01 does not exist. Creating ...
2019-09-12 11:50:53,199 [pool-38-thread-1] INFO  storage.RaftStorageDirectory (RaftStorageDirectory.java:tryLock(328)) - Lock on /workdir/hadoop-ozone/tools/target/test-dir/MiniOzoneClusterImpl-d6dca02c-26cd-4265-82f2-daeedfc193e9/datanode-1/data/ratis/0e1518a8-542a-4118-98a5-fab351d90e01/in_use.lock acquired by nodename 20454@pr-hdds-1569-58hkm-1881083799
2019-09-12 11:50:53,212 [pool-38-thread-1] INFO  storage.RaftStorage (RaftStorage.java:format(72)) - Storage directory /workdir/hadoop-ozone/tools/target/test-dir/MiniOzoneClusterImpl-d6dca02c-26cd-4265-82f2-daeedfc193e9/datanode-1/data/ratis/0e1518a8-542a-4118-98a5-fab351d90e01 has been successfully formatted.
2019-09-12 11:50:53,212 [pool-38-thread-1] INFO  ratis.ContainerStateMachine (ContainerStateMachine.java:loadSnapshot(226)) - group-FAB351D90E01: The snapshot info is null. Setting the last applied indexto:(t:0, i:~)
2019-09-12 11:50:53,212 [pool-38-thread-1] INFO  server.RaftServerConfigKeys (ConfUtils.java:logGet(43)) - raft.server.leader.election.timeout = 120s (custom)
2019-09-12 11:50:53,213 [pool-38-thread-1] INFO  server.RaftServerConfigKeys (ConfUtils.java:logGet(43)) - raft.server.log.use.memory = false (default)
2019-09-12 11:50:53,213 [pool-38-thread-1] INFO  server.RaftServerConfigKeys (ConfUtils.java:logGet(43)) - raft.server.log.purge.gap = 1000000 (custom)
2019-09-12 11:50:53,213 [pool-38-thread-1] INFO  server.RaftServerConfigKeys (ConfUtils.java:logGet(43)) - raft.server.log.appender.buffer.byte-limit = 33554432 (custom)
2019-09-12 11:50:53,213 [pool-38-thread-1] INFO  server.RaftServerConfigKeys (ConfUtils.java:logGet(43)) - raft.server.log.segment.size.max = 1048576 (custom)
2019-09-12 11:50:53,213 [pool-38-thread-1] INFO  server.RaftServerConfigKeys (ConfUtils.java:logGet(43)) - raft.server.log.segment.cache.num.max = 2 (custom)
2019-09-12 11:50:53,214 [pool-38-thread-1] INFO  segmented.SegmentedRaftLogWorker (SegmentedRaftLogWorker.java:<init>(172)) - new 233f3d22-ae09-46be-8182-f5e58d004644-SegmentedRaftLogWorker:Storage Directory /workdir/hadoop-ozone/tools/target/test-dir/MiniOzoneClusterImpl-d6dca02c-26cd-4265-82f2-daeedfc193e9/datanode-1/data/ratis/0e1518a8-542a-4118-98a5-fab351d90e01 for RaftStorage:Storage Directory /workdir/hadoop-ozone/tools/target/test-dir/MiniOzoneClusterImpl-d6dca02c-26cd-4265-82f2-daeedfc193e9/datanode-1/data/ratis/0e1518a8-542a-4118-98a5-fab351d90e01
2019-09-12 11:50:53,214 [pool-38-thread-1] INFO  server.RaftServerConfigKeys (ConfUtils.java:logGet(43)) - raft.server.log.queue.byte-limit = 2147483647 (custom)
2019-09-12 11:50:53,214 [pool-38-thread-1] INFO  server.RaftServerConfigKeys (ConfUtils.java:logGet(43)) - raft.server.log.queue.element-limit = 1024 (custom)
2019-09-12 11:50:53,214 [pool-38-thread-1] INFO  server.RaftServerConfigKeys (ConfUtils.java:logGet(43)) - raft.server.log.segment.size.max = 1048576 (custom)
2019-09-12 11:50:53,214 [pool-38-thread-1] INFO  server.RaftServerConfigKeys (ConfUtils.java:logGet(43)) - raft.server.log.preallocated.size = 16384 (custom)
2019-09-12 11:50:53,214 [pool-38-thread-1] INFO  server.RaftServerConfigKeys (ConfUtils.java:logGet(43)) - raft.server.log.write.buffer.size = 33554432 (custom)
2019-09-12 11:50:53,215 [pool-38-thread-1] INFO  server.RaftServerConfigKeys (ConfUtils.java:logGet(43)) - raft.server.log.force.sync.num = 128 (default)
2019-09-12 11:50:53,215 [pool-38-thread-1] INFO  server.RaftServerConfigKeys (ConfUtils.java:logGet(43)) - raft.server.log.statemachine.data.sync = true (default)
2019-09-12 11:50:53,215 [pool-38-thread-1] INFO  server.RaftServerConfigKeys (ConfUtils.java:logGet(43)) - raft.server.log.statemachine.data.sync.timeout = 10s (default)
2019-09-12 11:50:53,215 [pool-38-thread-1] INFO  server.RaftServerConfigKeys (ConfUtils.java:logGet(43)) - raft.server.log.statemachine.data.sync.timeout.retry = -1 (default)
2019-09-12 11:50:53,215 [pool-38-thread-1] INFO  server.RaftServerConfigKeys (ConfUtils.java:logGet(43)) - raft.server.log.statemachine.data.caching.enabled = true (custom)
2019-09-12 11:50:53,216 [pool-38-thread-1] INFO  segmented.SegmentedRaftLogWorker (SegmentedRaftLogWorker.java:lambda$new$0(132)) - 233f3d22-ae09-46be-8182-f5e58d004644-SegmentedRaftLogWorker:Storage Directory /workdir/hadoop-ozone/tools/target/test-dir/MiniOzoneClusterImpl-d6dca02c-26cd-4265-82f2-daeedfc193e9/datanode-1/data/ratis/0e1518a8-542a-4118-98a5-fab351d90e01: flushIndex: setUnconditionally 0 -> -1
2019-09-12 11:50:53,216 [pool-38-thread-1] INFO  server.RaftServerConfigKeys (ConfUtils.java:logGet(43)) - raft.server.snapshot.auto.trigger.enabled = true (custom)
2019-09-12 11:50:53,216 [pool-38-thread-1] INFO  server.RaftServerConfigKeys (ConfUtils.java:logGet(43)) - raft.server.snapshot.auto.trigger.threshold = 10000 (custom)
2019-09-12 11:50:53,217 [pool-38-thread-1] INFO  server.RaftServerConfigKeys (ConfUtils.java:logGet(43)) - raft.server.retrycache.expirytime = 600000ms (custom)
2019-09-12 11:50:53,217 [pool-38-thread-1] INFO  impl.RaftServerImpl (RaftServerImpl.java:start(180)) - 233f3d22-ae09-46be-8182-f5e58d004644: start group-FAB351D90E01
2019-09-12 11:50:53,217 [pool-38-thread-1] INFO  impl.RaftServerImpl (RaftServerImpl.java:setRole(171)) - 233f3d22-ae09-46be-8182-f5e58d004644:group-FAB351D90E01 changes role from null to FOLLOWER at term 0 for startAsFollower
2019-09-12 11:50:53,217 [pool-38-thread-1] INFO  impl.RoleInfo (RoleInfo.java:updateAndGet(143)) - 233f3d22-ae09-46be-8182-f5e58d004644: start FollowerState
2019-09-12 11:50:53,218 [pool-38-thread-1] INFO  util.JmxRegister (JmxRegister.java:tryRegister(44)) - Successfully registered JMX Bean with object name Ratis:service=RaftServer,group=group-FAB351D90E01,id=233f3d22-ae09-46be-8182-f5e58d004644
2019-09-12 11:50:53,233 [RatisPipelineUtilsThread] INFO  pipeline.PipelineStateManager (PipelineStateManager.java:addPipeline(56)) - Created pipeline Pipeline[ Id: 0e1518a8-542a-4118-98a5-fab351d90e01, Nodes: 233f3d22-ae09-46be-8182-f5e58d004644{ip: 192.168.36.114, host: pr-hdds-1569-58hkm-1881083799, networkLocation: /default-rack, certSerialId: null}, Type:RATIS, Factor:ONE, State:OPEN]
2019-09-12 11:50:53,256 [grpc-default-executor-0] INFO  impl.RaftServerProxy (RaftServerProxy.java:addNew(89)) - 8c993e87-89d2-4e6e-901e-5640f3030957: addNew group-35EDA7C71F2A:[8c993e87-89d2-4e6e-901e-5640f3030957:192.168.36.114:45855] returns group-35EDA7C71F2A:java.util.concurrent.CompletableFuture@22fca86d[Not completed]
2019-09-12 11:50:53,258 [pool-49-thread-1] INFO  impl.RaftServerImpl (RaftServerImpl.java:<init>(93)) - 8c993e87-89d2-4e6e-901e-5640f3030957: new RaftServerImpl for group-35EDA7C71F2A:[8c993e87-89d2-4e6e-901e-5640f3030957:192.168.36.114:45855] with ContainerStateMachine:uninitialized
2019-09-12 11:50:53,258 [pool-49-thread-1] INFO  server.RaftServerConfigKeys (ConfUtils.java:logGet(43)) - raft.server.rpc.timeout.min = 5s (custom)
2019-09-12 11:50:53,258 [pool-49-thread-1] INFO  server.RaftServerConfigKeys (ConfUtils.java:logGet(43)) - raft.server.rpc.timeout.max = 5200ms (custom)
2019-09-12 11:50:53,258 [pool-49-thread-1] INFO  server.RaftServerConfigKeys (ConfUtils.java:logGet(43)) - raft.server.rpcslowness.timeout = 120s (custom)
2019-09-12 11:50:53,258 [pool-49-thread-1] INFO  server.RaftServerConfigKeys (ConfUtils.java:logGet(43)) - raft.server.sleep.deviation.threshold = 300 (default)
2019-09-12 11:50:53,259 [pool-49-thread-1] INFO  server.RaftServerConfigKeys (ConfUtils.java:logGet(43)) - raft.server.log.appender.install.snapshot.enabled = false (custom)
2019-09-12 11:50:53,259 [pool-49-thread-1] INFO  impl.RaftServerImpl (ServerState.java:<init>(105)) - 8c993e87-89d2-4e6e-901e-5640f3030957:group-35EDA7C71F2A ConfigurationManager, init=-1: [8c993e87-89d2-4e6e-901e-5640f3030957:192.168.36.114:45855], old=null, confs=<EMPTY_MAP>
2019-09-12 11:50:53,259 [pool-49-thread-1] INFO  server.RaftServerConfigKeys (ConfUtils.java:logGet(43)) - raft.server.storage.dir = [/workdir/hadoop-ozone/tools/target/test-dir/MiniOzoneClusterImpl-d6dca02c-26cd-4265-82f2-daeedfc193e9/datanode-2/data/ratis] (custom)
2019-09-12 11:50:53,259 [pool-49-thread-1] INFO  storage.RaftStorageDirectory (RaftStorageDirectory.java:analyzeStorage(246)) - The storage directory /workdir/hadoop-ozone/tools/target/test-dir/MiniOzoneClusterImpl-d6dca02c-26cd-4265-82f2-daeedfc193e9/datanode-2/data/ratis/01321f07-7c10-4458-93c5-35eda7c71f2a does not exist. Creating ...
2019-09-12 11:50:53,272 [pool-49-thread-1] INFO  storage.RaftStorageDirectory (RaftStorageDirectory.java:tryLock(328)) - Lock on /workdir/hadoop-ozone/tools/target/test-dir/MiniOzoneClusterImpl-d6dca02c-26cd-4265-82f2-daeedfc193e9/datanode-2/data/ratis/01321f07-7c10-4458-93c5-35eda7c71f2a/in_use.lock acquired by nodename 20454@pr-hdds-1569-58hkm-1881083799
2019-09-12 11:50:53,285 [pool-49-thread-1] INFO  storage.RaftStorage (RaftStorage.java:format(72)) - Storage directory /workdir/hadoop-ozone/tools/target/test-dir/MiniOzoneClusterImpl-d6dca02c-26cd-4265-82f2-daeedfc193e9/datanode-2/data/ratis/01321f07-7c10-4458-93c5-35eda7c71f2a has been successfully formatted.
2019-09-12 11:50:53,286 [pool-49-thread-1] INFO  ratis.ContainerStateMachine (ContainerStateMachine.java:loadSnapshot(226)) - group-35EDA7C71F2A: The snapshot info is null. Setting the last applied indexto:(t:0, i:~)
2019-09-12 11:50:53,286 [pool-49-thread-1] INFO  server.RaftServerConfigKeys (ConfUtils.java:logGet(43)) - raft.server.leader.election.timeout = 120s (custom)
2019-09-12 11:50:53,286 [pool-49-thread-1] INFO  server.RaftServerConfigKeys (ConfUtils.java:logGet(43)) - raft.server.log.use.memory = false (default)
2019-09-12 11:50:53,286 [pool-49-thread-1] INFO  server.RaftServerConfigKeys (ConfUtils.java:logGet(43)) - raft.server.log.purge.gap = 1000000 (custom)
2019-09-12 11:50:53,287 [pool-49-thread-1] INFO  server.RaftServerConfigKeys (ConfUtils.java:logGet(43)) - raft.server.log.appender.buffer.byte-limit = 33554432 (custom)
2019-09-12 11:50:53,287 [pool-49-thread-1] INFO  server.RaftServerConfigKeys (ConfUtils.java:logGet(43)) - raft.server.log.segment.size.max = 1048576 (custom)
2019-09-12 11:50:53,287 [pool-49-thread-1] INFO  server.RaftServerConfigKeys (ConfUtils.java:logGet(43)) - raft.server.log.segment.cache.num.max = 2 (custom)
2019-09-12 11:50:53,287 [pool-49-thread-1] INFO  segmented.SegmentedRaftLogWorker (SegmentedRaftLogWorker.java:<init>(172)) - new 8c993e87-89d2-4e6e-901e-5640f3030957-SegmentedRaftLogWorker:Storage Directory /workdir/hadoop-ozone/tools/target/test-dir/MiniOzoneClusterImpl-d6dca02c-26cd-4265-82f2-daeedfc193e9/datanode-2/data/ratis/01321f07-7c10-4458-93c5-35eda7c71f2a for RaftStorage:Storage Directory /workdir/hadoop-ozone/tools/target/test-dir/MiniOzoneClusterImpl-d6dca02c-26cd-4265-82f2-daeedfc193e9/datanode-2/data/ratis/01321f07-7c10-4458-93c5-35eda7c71f2a
2019-09-12 11:50:53,287 [pool-49-thread-1] INFO  server.RaftServerConfigKeys (ConfUtils.java:logGet(43)) - raft.server.log.queue.byte-limit = 2147483647 (custom)
2019-09-12 11:50:53,287 [pool-49-thread-1] INFO  server.RaftServerConfigKeys (ConfUtils.java:logGet(43)) - raft.server.log.queue.element-limit = 1024 (custom)
2019-09-12 11:50:53,288 [pool-49-thread-1] INFO  server.RaftServerConfigKeys (ConfUtils.java:logGet(43)) - raft.server.log.segment.size.max = 1048576 (custom)
2019-09-12 11:50:53,288 [pool-49-thread-1] INFO  server.RaftServerConfigKeys (ConfUtils.java:logGet(43)) - raft.server.log.preallocated.size = 16384 (custom)
2019-09-12 11:50:53,288 [pool-49-thread-1] INFO  server.RaftServerConfigKeys (ConfUtils.java:logGet(43)) - raft.server.log.write.buffer.size = 33554432 (custom)
2019-09-12 11:50:53,288 [pool-49-thread-1] INFO  server.RaftServerConfigKeys (ConfUtils.java:logGet(43)) - raft.server.log.force.sync.num = 128 (default)
2019-09-12 11:50:53,288 [pool-49-thread-1] INFO  server.RaftServerConfigKeys (ConfUtils.java:logGet(43)) - raft.server.log.statemachine.data.sync = true (default)
2019-09-12 11:50:53,288 [pool-49-thread-1] INFO  server.RaftServerConfigKeys (ConfUtils.java:logGet(43)) - raft.server.log.statemachine.data.sync.timeout = 10s (default)
2019-09-12 11:50:53,288 [pool-49-thread-1] INFO  server.RaftServerConfigKeys (ConfUtils.java:logGet(43)) - raft.server.log.statemachine.data.sync.timeout.retry = -1 (default)
2019-09-12 11:50:53,289 [pool-49-thread-1] INFO  server.RaftServerConfigKeys (ConfUtils.java:logGet(43)) - raft.server.log.statemachine.data.caching.enabled = true (custom)
2019-09-12 11:50:53,289 [pool-49-thread-1] INFO  segmented.SegmentedRaftLogWorker (SegmentedRaftLogWorker.java:lambda$new$0(132)) - 8c993e87-89d2-4e6e-901e-5640f3030957-SegmentedRaftLogWorker:Storage Directory /workdir/hadoop-ozone/tools/target/test-dir/MiniOzoneClusterImpl-d6dca02c-26cd-4265-82f2-daeedfc193e9/datanode-2/data/ratis/01321f07-7c10-4458-93c5-35eda7c71f2a: flushIndex: setUnconditionally 0 -> -1
2019-09-12 11:50:53,289 [pool-49-thread-1] INFO  server.RaftServerConfigKeys (ConfUtils.java:logGet(43)) - raft.server.snapshot.auto.trigger.enabled = true (custom)
2019-09-12 11:50:53,290 [pool-49-thread-1] INFO  server.RaftServerConfigKeys (ConfUtils.java:logGet(43)) - raft.server.snapshot.auto.trigger.threshold = 10000 (custom)
2019-09-12 11:50:53,290 [pool-49-thread-1] INFO  server.RaftServerConfigKeys (ConfUtils.java:logGet(43)) - raft.server.retrycache.expirytime = 600000ms (custom)
2019-09-12 11:50:53,290 [pool-49-thread-1] INFO  impl.RaftServerImpl (RaftServerImpl.java:start(180)) - 8c993e87-89d2-4e6e-901e-5640f3030957: start group-35EDA7C71F2A
2019-09-12 11:50:53,290 [pool-49-thread-1] INFO  impl.RaftServerImpl (RaftServerImpl.java:setRole(171)) - 8c993e87-89d2-4e6e-901e-5640f3030957:group-35EDA7C71F2A changes role from null to FOLLOWER at term 0 for startAsFollower
2019-09-12 11:50:53,290 [pool-49-thread-1] INFO  impl.RoleInfo (RoleInfo.java:updateAndGet(143)) - 8c993e87-89d2-4e6e-901e-5640f3030957: start FollowerState
2019-09-12 11:50:53,291 [pool-49-thread-1] INFO  util.JmxRegister (JmxRegister.java:tryRegister(44)) - Successfully registered JMX Bean with object name Ratis:service=RaftServer,group=group-35EDA7C71F2A,id=8c993e87-89d2-4e6e-901e-5640f3030957
2019-09-12 11:50:53,306 [RatisPipelineUtilsThread] INFO  pipeline.PipelineStateManager (PipelineStateManager.java:addPipeline(56)) - Created pipeline Pipeline[ Id: 01321f07-7c10-4458-93c5-35eda7c71f2a, Nodes: 8c993e87-89d2-4e6e-901e-5640f3030957{ip: 192.168.36.114, host: pr-hdds-1569-58hkm-1881083799, networkLocation: /default-rack, certSerialId: null}, Type:RATIS, Factor:ONE, State:OPEN]
2019-09-12 11:50:53,320 [grpc-default-executor-0] INFO  impl.RaftServerProxy (RaftServerProxy.java:addNew(89)) - 8c993e87-89d2-4e6e-901e-5640f3030957: addNew group-B3130CE1BBB5:[8c993e87-89d2-4e6e-901e-5640f3030957:192.168.36.114:45855] returns group-B3130CE1BBB5:java.util.concurrent.CompletableFuture@2c322f9b[Not completed]
2019-09-12 11:50:53,322 [pool-49-thread-1] INFO  impl.RaftServerImpl (RaftServerImpl.java:<init>(93)) - 8c993e87-89d2-4e6e-901e-5640f3030957: new RaftServerImpl for group-B3130CE1BBB5:[8c993e87-89d2-4e6e-901e-5640f3030957:192.168.36.114:45855] with ContainerStateMachine:uninitialized
2019-09-12 11:50:53,323 [pool-49-thread-1] INFO  server.RaftServerConfigKeys (ConfUtils.java:logGet(43)) - raft.server.rpc.timeout.min = 5s (custom)
2019-09-12 11:50:53,323 [pool-49-thread-1] INFO  server.RaftServerConfigKeys (ConfUtils.java:logGet(43)) - raft.server.rpc.timeout.max = 5200ms (custom)
2019-09-12 11:50:53,323 [pool-49-thread-1] INFO  server.RaftServerConfigKeys (ConfUtils.java:logGet(43)) - raft.server.rpcslowness.timeout = 120s (custom)
2019-09-12 11:50:53,323 [pool-49-thread-1] INFO  server.RaftServerConfigKeys (ConfUtils.java:logGet(43)) - raft.server.sleep.deviation.threshold = 300 (default)
2019-09-12 11:50:53,323 [pool-49-thread-1] INFO  server.RaftServerConfigKeys (ConfUtils.java:logGet(43)) - raft.server.log.appender.install.snapshot.enabled = false (custom)
2019-09-12 11:50:53,324 [pool-49-thread-1] INFO  impl.RaftServerImpl (ServerState.java:<init>(105)) - 8c993e87-89d2-4e6e-901e-5640f3030957:group-B3130CE1BBB5 ConfigurationManager, init=-1: [8c993e87-89d2-4e6e-901e-5640f3030957:192.168.36.114:45855], old=null, confs=<EMPTY_MAP>
2019-09-12 11:50:53,324 [pool-49-thread-1] INFO  server.RaftServerConfigKeys (ConfUtils.java:logGet(43)) - raft.server.storage.dir = [/workdir/hadoop-ozone/tools/target/test-dir/MiniOzoneClusterImpl-d6dca02c-26cd-4265-82f2-daeedfc193e9/datanode-2/data/ratis] (custom)
2019-09-12 11:50:53,324 [pool-49-thread-1] INFO  storage.RaftStorageDirectory (RaftStorageDirectory.java:analyzeStorage(246)) - The storage directory /workdir/hadoop-ozone/tools/target/test-dir/MiniOzoneClusterImpl-d6dca02c-26cd-4265-82f2-daeedfc193e9/datanode-2/data/ratis/6a4ffb08-099b-4eaf-88be-b3130ce1bbb5 does not exist. Creating ...
2019-09-12 11:50:53,337 [pool-49-thread-1] INFO  storage.RaftStorageDirectory (RaftStorageDirectory.java:tryLock(328)) - Lock on /workdir/hadoop-ozone/tools/target/test-dir/MiniOzoneClusterImpl-d6dca02c-26cd-4265-82f2-daeedfc193e9/datanode-2/data/ratis/6a4ffb08-099b-4eaf-88be-b3130ce1bbb5/in_use.lock acquired by nodename 20454@pr-hdds-1569-58hkm-1881083799
2019-09-12 11:50:53,350 [pool-49-thread-1] INFO  storage.RaftStorage (RaftStorage.java:format(72)) - Storage directory /workdir/hadoop-ozone/tools/target/test-dir/MiniOzoneClusterImpl-d6dca02c-26cd-4265-82f2-daeedfc193e9/datanode-2/data/ratis/6a4ffb08-099b-4eaf-88be-b3130ce1bbb5 has been successfully formatted.
2019-09-12 11:50:53,351 [pool-49-thread-1] INFO  ratis.ContainerStateMachine (ContainerStateMachine.java:loadSnapshot(226)) - group-B3130CE1BBB5: The snapshot info is null. Setting the last applied indexto:(t:0, i:~)
2019-09-12 11:50:53,351 [pool-49-thread-1] INFO  server.RaftServerConfigKeys (ConfUtils.java:logGet(43)) - raft.server.leader.election.timeout = 120s (custom)
2019-09-12 11:50:53,351 [pool-49-thread-1] INFO  server.RaftServerConfigKeys (ConfUtils.java:logGet(43)) - raft.server.log.use.memory = false (default)
2019-09-12 11:50:53,351 [pool-49-thread-1] INFO  server.RaftServerConfigKeys (ConfUtils.java:logGet(43)) - raft.server.log.purge.gap = 1000000 (custom)
2019-09-12 11:50:53,351 [pool-49-thread-1] INFO  server.RaftServerConfigKeys (ConfUtils.java:logGet(43)) - raft.server.log.appender.buffer.byte-limit = 33554432 (custom)
2019-09-12 11:50:53,352 [pool-49-thread-1] INFO  server.RaftServerConfigKeys (ConfUtils.java:logGet(43)) - raft.server.log.segment.size.max = 1048576 (custom)
2019-09-12 11:50:53,352 [pool-49-thread-1] INFO  server.RaftServerConfigKeys (ConfUtils.java:logGet(43)) - raft.server.log.segment.cache.num.max = 2 (custom)
2019-09-12 11:50:53,352 [pool-49-thread-1] INFO  segmented.SegmentedRaftLogWorker (SegmentedRaftLogWorker.java:<init>(172)) - new 8c993e87-89d2-4e6e-901e-5640f3030957-SegmentedRaftLogWorker:Storage Directory /workdir/hadoop-ozone/tools/target/test-dir/MiniOzoneClusterImpl-d6dca02c-26cd-4265-82f2-daeedfc193e9/datanode-2/data/ratis/6a4ffb08-099b-4eaf-88be-b3130ce1bbb5 for RaftStorage:Storage Directory /workdir/hadoop-ozone/tools/target/test-dir/MiniOzoneClusterImpl-d6dca02c-26cd-4265-82f2-daeedfc193e9/datanode-2/data/ratis/6a4ffb08-099b-4eaf-88be-b3130ce1bbb5
2019-09-12 11:50:53,352 [pool-49-thread-1] INFO  server.RaftServerConfigKeys (ConfUtils.java:logGet(43)) - raft.server.log.queue.byte-limit = 2147483647 (custom)
2019-09-12 11:50:53,352 [pool-49-thread-1] INFO  server.RaftServerConfigKeys (ConfUtils.java:logGet(43)) - raft.server.log.queue.element-limit = 1024 (custom)
2019-09-12 11:50:53,353 [pool-49-thread-1] INFO  server.RaftServerConfigKeys (ConfUtils.java:logGet(43)) - raft.server.log.segment.size.max = 1048576 (custom)
2019-09-12 11:50:53,353 [pool-49-thread-1] INFO  server.RaftServerConfigKeys (ConfUtils.java:logGet(43)) - raft.server.log.preallocated.size = 16384 (custom)
2019-09-12 11:50:53,353 [pool-49-thread-1] INFO  server.RaftServerConfigKeys (ConfUtils.java:logGet(43)) - raft.server.log.write.buffer.size = 33554432 (custom)
2019-09-12 11:50:53,353 [pool-49-thread-1] INFO  server.RaftServerConfigKeys (ConfUtils.java:logGet(43)) - raft.server.log.force.sync.num = 128 (default)
2019-09-12 11:50:53,353 [pool-49-thread-1] INFO  server.RaftServerConfigKeys (ConfUtils.java:logGet(43)) - raft.server.log.statemachine.data.sync = true (default)
2019-09-12 11:50:53,354 [pool-49-thread-1] INFO  server.RaftServerConfigKeys (ConfUtils.java:logGet(43)) - raft.server.log.statemachine.data.sync.timeout = 10s (default)
2019-09-12 11:50:53,354 [pool-49-thread-1] INFO  server.RaftServerConfigKeys (ConfUtils.java:logGet(43)) - raft.server.log.statemachine.data.sync.timeout.retry = -1 (default)
2019-09-12 11:50:53,354 [pool-49-thread-1] INFO  server.RaftServerConfigKeys (ConfUtils.java:logGet(43)) - raft.server.log.statemachine.data.caching.enabled = true (custom)
2019-09-12 11:50:53,354 [pool-49-thread-1] INFO  segmented.SegmentedRaftLogWorker (SegmentedRaftLogWorker.java:lambda$new$0(132)) - 8c993e87-89d2-4e6e-901e-5640f3030957-SegmentedRaftLogWorker:Storage Directory /workdir/hadoop-ozone/tools/target/test-dir/MiniOzoneClusterImpl-d6dca02c-26cd-4265-82f2-daeedfc193e9/datanode-2/data/ratis/6a4ffb08-099b-4eaf-88be-b3130ce1bbb5: flushIndex: setUnconditionally 0 -> -1
2019-09-12 11:50:53,355 [pool-49-thread-1] INFO  server.RaftServerConfigKeys (ConfUtils.java:logGet(43)) - raft.server.snapshot.auto.trigger.enabled = true (custom)
2019-09-12 11:50:53,355 [pool-49-thread-1] INFO  server.RaftServerConfigKeys (ConfUtils.java:logGet(43)) - raft.server.snapshot.auto.trigger.threshold = 10000 (custom)
2019-09-12 11:50:53,355 [pool-49-thread-1] INFO  server.RaftServerConfigKeys (ConfUtils.java:logGet(43)) - raft.server.retrycache.expirytime = 600000ms (custom)
2019-09-12 11:50:53,355 [pool-49-thread-1] INFO  impl.RaftServerImpl (RaftServerImpl.java:start(180)) - 8c993e87-89d2-4e6e-901e-5640f3030957: start group-B3130CE1BBB5
2019-09-12 11:50:53,356 [pool-49-thread-1] INFO  impl.RaftServerImpl (RaftServerImpl.java:setRole(171)) - 8c993e87-89d2-4e6e-901e-5640f3030957:group-B3130CE1BBB5 changes role from null to FOLLOWER at term 0 for startAsFollower
2019-09-12 11:50:53,356 [pool-49-thread-1] INFO  impl.RoleInfo (RoleInfo.java:updateAndGet(143)) - 8c993e87-89d2-4e6e-901e-5640f3030957: start FollowerState
2019-09-12 11:50:53,356 [pool-49-thread-1] INFO  util.JmxRegister (JmxRegister.java:tryRegister(44)) - Successfully registered JMX Bean with object name Ratis:service=RaftServer,group=group-B3130CE1BBB5,id=8c993e87-89d2-4e6e-901e-5640f3030957
2019-09-12 11:50:53,369 [RatisPipelineUtilsThread] INFO  pipeline.PipelineStateManager (PipelineStateManager.java:addPipeline(56)) - Created pipeline Pipeline[ Id: 6a4ffb08-099b-4eaf-88be-b3130ce1bbb5, Nodes: 8c993e87-89d2-4e6e-901e-5640f3030957{ip: 192.168.36.114, host: pr-hdds-1569-58hkm-1881083799, networkLocation: /default-rack, certSerialId: null}, Type:RATIS, Factor:ONE, State:OPEN]
2019-09-12 11:50:53,382 [grpc-default-executor-1] INFO  impl.RaftServerProxy (RaftServerProxy.java:addNew(89)) - 9d7d954f-b073-45cf-8f2c-ae2cc2b7e120: addNew group-6B1CDA2100C7:[9d7d954f-b073-45cf-8f2c-ae2cc2b7e120:192.168.36.114:42013] returns group-6B1CDA2100C7:java.util.concurrent.CompletableFuture@315db486[Not completed]
2019-09-12 11:50:53,384 [pool-27-thread-1] INFO  impl.RaftServerImpl (RaftServerImpl.java:<init>(93)) - 9d7d954f-b073-45cf-8f2c-ae2cc2b7e120: new RaftServerImpl for group-6B1CDA2100C7:[9d7d954f-b073-45cf-8f2c-ae2cc2b7e120:192.168.36.114:42013] with ContainerStateMachine:uninitialized
2019-09-12 11:50:53,384 [pool-27-thread-1] INFO  server.RaftServerConfigKeys (ConfUtils.java:logGet(43)) - raft.server.rpc.timeout.min = 5s (custom)
2019-09-12 11:50:53,384 [pool-27-thread-1] INFO  server.RaftServerConfigKeys (ConfUtils.java:logGet(43)) - raft.server.rpc.timeout.max = 5200ms (custom)
2019-09-12 11:50:53,384 [pool-27-thread-1] INFO  server.RaftServerConfigKeys (ConfUtils.java:logGet(43)) - raft.server.rpcslowness.timeout = 120s (custom)
2019-09-12 11:50:53,385 [pool-27-thread-1] INFO  server.RaftServerConfigKeys (ConfUtils.java:logGet(43)) - raft.server.sleep.deviation.threshold = 300 (default)
2019-09-12 11:50:53,385 [pool-27-thread-1] INFO  server.RaftServerConfigKeys (ConfUtils.java:logGet(43)) - raft.server.log.appender.install.snapshot.enabled = false (custom)
2019-09-12 11:50:53,385 [pool-27-thread-1] INFO  impl.RaftServerImpl (ServerState.java:<init>(105)) - 9d7d954f-b073-45cf-8f2c-ae2cc2b7e120:group-6B1CDA2100C7 ConfigurationManager, init=-1: [9d7d954f-b073-45cf-8f2c-ae2cc2b7e120:192.168.36.114:42013], old=null, confs=<EMPTY_MAP>
2019-09-12 11:50:53,385 [pool-27-thread-1] INFO  server.RaftServerConfigKeys (ConfUtils.java:logGet(43)) - raft.server.storage.dir = [/workdir/hadoop-ozone/tools/target/test-dir/MiniOzoneClusterImpl-d6dca02c-26cd-4265-82f2-daeedfc193e9/datanode-0/data/ratis] (custom)
2019-09-12 11:50:53,386 [pool-27-thread-1] INFO  storage.RaftStorageDirectory (RaftStorageDirectory.java:analyzeStorage(246)) - The storage directory /workdir/hadoop-ozone/tools/target/test-dir/MiniOzoneClusterImpl-d6dca02c-26cd-4265-82f2-daeedfc193e9/datanode-0/data/ratis/8e3b7d23-e4e9-461f-b70a-6b1cda2100c7 does not exist. Creating ...
2019-09-12 11:50:53,399 [pool-27-thread-1] INFO  storage.RaftStorageDirectory (RaftStorageDirectory.java:tryLock(328)) - Lock on /workdir/hadoop-ozone/tools/target/test-dir/MiniOzoneClusterImpl-d6dca02c-26cd-4265-82f2-daeedfc193e9/datanode-0/data/ratis/8e3b7d23-e4e9-461f-b70a-6b1cda2100c7/in_use.lock acquired by nodename 20454@pr-hdds-1569-58hkm-1881083799
2019-09-12 11:50:53,412 [pool-27-thread-1] INFO  storage.RaftStorage (RaftStorage.java:format(72)) - Storage directory /workdir/hadoop-ozone/tools/target/test-dir/MiniOzoneClusterImpl-d6dca02c-26cd-4265-82f2-daeedfc193e9/datanode-0/data/ratis/8e3b7d23-e4e9-461f-b70a-6b1cda2100c7 has been successfully formatted.
2019-09-12 11:50:53,412 [pool-27-thread-1] INFO  ratis.ContainerStateMachine (ContainerStateMachine.java:loadSnapshot(226)) - group-6B1CDA2100C7: The snapshot info is null. Setting the last applied indexto:(t:0, i:~)
2019-09-12 11:50:53,412 [pool-27-thread-1] INFO  server.RaftServerConfigKeys (ConfUtils.java:logGet(43)) - raft.server.leader.election.timeout = 120s (custom)
2019-09-12 11:50:53,412 [pool-27-thread-1] INFO  server.RaftServerConfigKeys (ConfUtils.java:logGet(43)) - raft.server.log.use.memory = false (default)
2019-09-12 11:50:53,412 [pool-27-thread-1] INFO  server.RaftServerConfigKeys (ConfUtils.java:logGet(43)) - raft.server.log.purge.gap = 1000000 (custom)
2019-09-12 11:50:53,413 [pool-27-thread-1] INFO  server.RaftServerConfigKeys (ConfUtils.java:logGet(43)) - raft.server.log.appender.buffer.byte-limit = 33554432 (custom)
2019-09-12 11:50:53,413 [pool-27-thread-1] INFO  server.RaftServerConfigKeys (ConfUtils.java:logGet(43)) - raft.server.log.segment.size.max = 1048576 (custom)
2019-09-12 11:50:53,413 [pool-27-thread-1] INFO  server.RaftServerConfigKeys (ConfUtils.java:logGet(43)) - raft.server.log.segment.cache.num.max = 2 (custom)
2019-09-12 11:50:53,413 [pool-27-thread-1] INFO  segmented.SegmentedRaftLogWorker (SegmentedRaftLogWorker.java:<init>(172)) - new 9d7d954f-b073-45cf-8f2c-ae2cc2b7e120-SegmentedRaftLogWorker:Storage Directory /workdir/hadoop-ozone/tools/target/test-dir/MiniOzoneClusterImpl-d6dca02c-26cd-4265-82f2-daeedfc193e9/datanode-0/data/ratis/8e3b7d23-e4e9-461f-b70a-6b1cda2100c7 for RaftStorage:Storage Directory /workdir/hadoop-ozone/tools/target/test-dir/MiniOzoneClusterImpl-d6dca02c-26cd-4265-82f2-daeedfc193e9/datanode-0/data/ratis/8e3b7d23-e4e9-461f-b70a-6b1cda2100c7
2019-09-12 11:50:53,413 [pool-27-thread-1] INFO  server.RaftServerConfigKeys (ConfUtils.java:logGet(43)) - raft.server.log.queue.byte-limit = 2147483647 (custom)
2019-09-12 11:50:53,414 [pool-27-thread-1] INFO  server.RaftServerConfigKeys (ConfUtils.java:logGet(43)) - raft.server.log.queue.element-limit = 1024 (custom)
2019-09-12 11:50:53,414 [pool-27-thread-1] INFO  server.RaftServerConfigKeys (ConfUtils.java:logGet(43)) - raft.server.log.segment.size.max = 1048576 (custom)
2019-09-12 11:50:53,414 [pool-27-thread-1] INFO  server.RaftServerConfigKeys (ConfUtils.java:logGet(43)) - raft.server.log.preallocated.size = 16384 (custom)
2019-09-12 11:50:53,414 [pool-27-thread-1] INFO  server.RaftServerConfigKeys (ConfUtils.java:logGet(43)) - raft.server.log.write.buffer.size = 33554432 (custom)
2019-09-12 11:50:53,414 [pool-27-thread-1] INFO  server.RaftServerConfigKeys (ConfUtils.java:logGet(43)) - raft.server.log.force.sync.num = 128 (default)
2019-09-12 11:50:53,415 [pool-27-thread-1] INFO  server.RaftServerConfigKeys (ConfUtils.java:logGet(43)) - raft.server.log.statemachine.data.sync = true (default)
2019-09-12 11:50:53,415 [pool-27-thread-1] INFO  server.RaftServerConfigKeys (ConfUtils.java:logGet(43)) - raft.server.log.statemachine.data.sync.timeout = 10s (default)
2019-09-12 11:50:53,415 [pool-27-thread-1] INFO  server.RaftServerConfigKeys (ConfUtils.java:logGet(43)) - raft.server.log.statemachine.data.sync.timeout.retry = -1 (default)
2019-09-12 11:50:53,415 [pool-27-thread-1] INFO  server.RaftServerConfigKeys (ConfUtils.java:logGet(43)) - raft.server.log.statemachine.data.caching.enabled = true (custom)
2019-09-12 11:50:53,416 [pool-27-thread-1] INFO  segmented.SegmentedRaftLogWorker (SegmentedRaftLogWorker.java:lambda$new$0(132)) - 9d7d954f-b073-45cf-8f2c-ae2cc2b7e120-SegmentedRaftLogWorker:Storage Directory /workdir/hadoop-ozone/tools/target/test-dir/MiniOzoneClusterImpl-d6dca02c-26cd-4265-82f2-daeedfc193e9/datanode-0/data/ratis/8e3b7d23-e4e9-461f-b70a-6b1cda2100c7: flushIndex: setUnconditionally 0 -> -1
2019-09-12 11:50:53,416 [pool-27-thread-1] INFO  server.RaftServerConfigKeys (ConfUtils.java:logGet(43)) - raft.server.snapshot.auto.trigger.enabled = true (custom)
2019-09-12 11:50:53,416 [pool-27-thread-1] INFO  server.RaftServerConfigKeys (ConfUtils.java:logGet(43)) - raft.server.snapshot.auto.trigger.threshold = 10000 (custom)
2019-09-12 11:50:53,416 [pool-27-thread-1] INFO  server.RaftServerConfigKeys (ConfUtils.java:logGet(43)) - raft.server.retrycache.expirytime = 600000ms (custom)
2019-09-12 11:50:53,417 [pool-27-thread-1] INFO  impl.RaftServerImpl (RaftServerImpl.java:start(180)) - 9d7d954f-b073-45cf-8f2c-ae2cc2b7e120: start group-6B1CDA2100C7
2019-09-12 11:50:53,417 [pool-27-thread-1] INFO  impl.RaftServerImpl (RaftServerImpl.java:setRole(171)) - 9d7d954f-b073-45cf-8f2c-ae2cc2b7e120:group-6B1CDA2100C7 changes role from null to FOLLOWER at term 0 for startAsFollower
2019-09-12 11:50:53,417 [pool-27-thread-1] INFO  impl.RoleInfo (RoleInfo.java:updateAndGet(143)) - 9d7d954f-b073-45cf-8f2c-ae2cc2b7e120: start FollowerState
2019-09-12 11:50:53,418 [pool-27-thread-1] INFO  util.JmxRegister (JmxRegister.java:tryRegister(44)) - Successfully registered JMX Bean with object name Ratis:service=RaftServer,group=group-6B1CDA2100C7,id=9d7d954f-b073-45cf-8f2c-ae2cc2b7e120
2019-09-12 11:50:53,428 [RatisPipelineUtilsThread] INFO  pipeline.PipelineStateManager (PipelineStateManager.java:addPipeline(56)) - Created pipeline Pipeline[ Id: 8e3b7d23-e4e9-461f-b70a-6b1cda2100c7, Nodes: 9d7d954f-b073-45cf-8f2c-ae2cc2b7e120{ip: 192.168.36.114, host: pr-hdds-1569-58hkm-1881083799, networkLocation: /default-rack, certSerialId: null}, Type:RATIS, Factor:ONE, State:OPEN]
2019-09-12 11:50:53,450 [grpc-default-executor-1] INFO  impl.RaftServerProxy (RaftServerProxy.java:addNew(89)) - 9aaf2f78-d78f-4ebc-b7a2-56dce2b57085: addNew group-53CDF698E7D0:[9aaf2f78-d78f-4ebc-b7a2-56dce2b57085:192.168.36.114:38046] returns group-53CDF698E7D0:java.util.concurrent.CompletableFuture@3ba5dff6[Not completed]
2019-09-12 11:50:53,453 [pool-60-thread-1] INFO  impl.RaftServerImpl (RaftServerImpl.java:<init>(93)) - 9aaf2f78-d78f-4ebc-b7a2-56dce2b57085: new RaftServerImpl for group-53CDF698E7D0:[9aaf2f78-d78f-4ebc-b7a2-56dce2b57085:192.168.36.114:38046] with ContainerStateMachine:uninitialized
2019-09-12 11:50:53,453 [pool-60-thread-1] INFO  server.RaftServerConfigKeys (ConfUtils.java:logGet(43)) - raft.server.rpc.timeout.min = 5s (custom)
2019-09-12 11:50:53,453 [pool-60-thread-1] INFO  server.RaftServerConfigKeys (ConfUtils.java:logGet(43)) - raft.server.rpc.timeout.max = 5200ms (custom)
2019-09-12 11:50:53,453 [pool-60-thread-1] INFO  server.RaftServerConfigKeys (ConfUtils.java:logGet(43)) - raft.server.rpcslowness.timeout = 120s (custom)
2019-09-12 11:50:53,454 [pool-60-thread-1] INFO  server.RaftServerConfigKeys (ConfUtils.java:logGet(43)) - raft.server.sleep.deviation.threshold = 300 (default)
2019-09-12 11:50:53,454 [pool-60-thread-1] INFO  server.RaftServerConfigKeys (ConfUtils.java:logGet(43)) - raft.server.log.appender.install.snapshot.enabled = false (custom)
2019-09-12 11:50:53,454 [pool-60-thread-1] INFO  impl.RaftServerImpl (ServerState.java:<init>(105)) - 9aaf2f78-d78f-4ebc-b7a2-56dce2b57085:group-53CDF698E7D0 ConfigurationManager, init=-1: [9aaf2f78-d78f-4ebc-b7a2-56dce2b57085:192.168.36.114:38046], old=null, confs=<EMPTY_MAP>
2019-09-12 11:50:53,454 [pool-60-thread-1] INFO  server.RaftServerConfigKeys (ConfUtils.java:logGet(43)) - raft.server.storage.dir = [/workdir/hadoop-ozone/tools/target/test-dir/MiniOzoneClusterImpl-d6dca02c-26cd-4265-82f2-daeedfc193e9/datanode-3/data/ratis] (custom)
2019-09-12 11:50:53,455 [pool-60-thread-1] INFO  storage.RaftStorageDirectory (RaftStorageDirectory.java:analyzeStorage(246)) - The storage directory /workdir/hadoop-ozone/tools/target/test-dir/MiniOzoneClusterImpl-d6dca02c-26cd-4265-82f2-daeedfc193e9/datanode-3/data/ratis/9214ad97-1f51-4bfb-ab0f-53cdf698e7d0 does not exist. Creating ...
2019-09-12 11:50:53,467 [pool-60-thread-1] INFO  storage.RaftStorageDirectory (RaftStorageDirectory.java:tryLock(328)) - Lock on /workdir/hadoop-ozone/tools/target/test-dir/MiniOzoneClusterImpl-d6dca02c-26cd-4265-82f2-daeedfc193e9/datanode-3/data/ratis/9214ad97-1f51-4bfb-ab0f-53cdf698e7d0/in_use.lock acquired by nodename 20454@pr-hdds-1569-58hkm-1881083799
2019-09-12 11:50:53,481 [pool-60-thread-1] INFO  storage.RaftStorage (RaftStorage.java:format(72)) - Storage directory /workdir/hadoop-ozone/tools/target/test-dir/MiniOzoneClusterImpl-d6dca02c-26cd-4265-82f2-daeedfc193e9/datanode-3/data/ratis/9214ad97-1f51-4bfb-ab0f-53cdf698e7d0 has been successfully formatted.
2019-09-12 11:50:53,481 [pool-60-thread-1] INFO  ratis.ContainerStateMachine (ContainerStateMachine.java:loadSnapshot(226)) - group-53CDF698E7D0: The snapshot info is null. Setting the last applied indexto:(t:0, i:~)
2019-09-12 11:50:53,481 [pool-60-thread-1] INFO  server.RaftServerConfigKeys (ConfUtils.java:logGet(43)) - raft.server.leader.election.timeout = 120s (custom)
2019-09-12 11:50:53,481 [pool-60-thread-1] INFO  server.RaftServerConfigKeys (ConfUtils.java:logGet(43)) - raft.server.log.use.memory = false (default)
2019-09-12 11:50:53,482 [pool-60-thread-1] INFO  server.RaftServerConfigKeys (ConfUtils.java:logGet(43)) - raft.server.log.purge.gap = 1000000 (custom)
2019-09-12 11:50:53,482 [pool-60-thread-1] INFO  server.RaftServerConfigKeys (ConfUtils.java:logGet(43)) - raft.server.log.appender.buffer.byte-limit = 33554432 (custom)
2019-09-12 11:50:53,482 [pool-60-thread-1] INFO  server.RaftServerConfigKeys (ConfUtils.java:logGet(43)) - raft.server.log.segment.size.max = 1048576 (custom)
2019-09-12 11:50:53,482 [pool-60-thread-1] INFO  server.RaftServerConfigKeys (ConfUtils.java:logGet(43)) - raft.server.log.segment.cache.num.max = 2 (custom)
2019-09-12 11:50:53,482 [pool-60-thread-1] INFO  segmented.SegmentedRaftLogWorker (SegmentedRaftLogWorker.java:<init>(172)) - new 9aaf2f78-d78f-4ebc-b7a2-56dce2b57085-SegmentedRaftLogWorker:Storage Directory /workdir/hadoop-ozone/tools/target/test-dir/MiniOzoneClusterImpl-d6dca02c-26cd-4265-82f2-daeedfc193e9/datanode-3/data/ratis/9214ad97-1f51-4bfb-ab0f-53cdf698e7d0 for RaftStorage:Storage Directory /workdir/hadoop-ozone/tools/target/test-dir/MiniOzoneClusterImpl-d6dca02c-26cd-4265-82f2-daeedfc193e9/datanode-3/data/ratis/9214ad97-1f51-4bfb-ab0f-53cdf698e7d0
2019-09-12 11:50:53,482 [pool-60-thread-1] INFO  server.RaftServerConfigKeys (ConfUtils.java:logGet(43)) - raft.server.log.queue.byte-limit = 2147483647 (custom)
2019-09-12 11:50:53,483 [pool-60-thread-1] INFO  server.RaftServerConfigKeys (ConfUtils.java:logGet(43)) - raft.server.log.queue.element-limit = 1024 (custom)
2019-09-12 11:50:53,483 [pool-60-thread-1] INFO  server.RaftServerConfigKeys (ConfUtils.java:logGet(43)) - raft.server.log.segment.size.max = 1048576 (custom)
2019-09-12 11:50:53,483 [pool-60-thread-1] INFO  server.RaftServerConfigKeys (ConfUtils.java:logGet(43)) - raft.server.log.preallocated.size = 16384 (custom)
2019-09-12 11:50:53,483 [pool-60-thread-1] INFO  server.RaftServerConfigKeys (ConfUtils.java:logGet(43)) - raft.server.log.write.buffer.size = 33554432 (custom)
2019-09-12 11:50:53,483 [pool-60-thread-1] INFO  server.RaftServerConfigKeys (ConfUtils.java:logGet(43)) - raft.server.log.force.sync.num = 128 (default)
2019-09-12 11:50:53,484 [pool-60-thread-1] INFO  server.RaftServerConfigKeys (ConfUtils.java:logGet(43)) - raft.server.log.statemachine.data.sync = true (default)
2019-09-12 11:50:53,484 [pool-60-thread-1] INFO  server.RaftServerConfigKeys (ConfUtils.java:logGet(43)) - raft.server.log.statemachine.data.sync.timeout = 10s (default)
2019-09-12 11:50:53,484 [pool-60-thread-1] INFO  server.RaftServerConfigKeys (ConfUtils.java:logGet(43)) - raft.server.log.statemachine.data.sync.timeout.retry = -1 (default)
2019-09-12 11:50:53,484 [pool-60-thread-1] INFO  server.RaftServerConfigKeys (ConfUtils.java:logGet(43)) - raft.server.log.statemachine.data.caching.enabled = true (custom)
2019-09-12 11:50:53,485 [pool-60-thread-1] INFO  segmented.SegmentedRaftLogWorker (SegmentedRaftLogWorker.java:lambda$new$0(132)) - 9aaf2f78-d78f-4ebc-b7a2-56dce2b57085-SegmentedRaftLogWorker:Storage Directory /workdir/hadoop-ozone/tools/target/test-dir/MiniOzoneClusterImpl-d6dca02c-26cd-4265-82f2-daeedfc193e9/datanode-3/data/ratis/9214ad97-1f51-4bfb-ab0f-53cdf698e7d0: flushIndex: setUnconditionally 0 -> -1
2019-09-12 11:50:53,485 [pool-60-thread-1] INFO  server.RaftServerConfigKeys (ConfUtils.java:logGet(43)) - raft.server.snapshot.auto.trigger.enabled = true (custom)
2019-09-12 11:50:53,485 [pool-60-thread-1] INFO  server.RaftServerConfigKeys (ConfUtils.java:logGet(43)) - raft.server.snapshot.auto.trigger.threshold = 10000 (custom)
2019-09-12 11:50:53,485 [pool-60-thread-1] INFO  server.RaftServerConfigKeys (ConfUtils.java:logGet(43)) - raft.server.retrycache.expirytime = 600000ms (custom)
2019-09-12 11:50:53,486 [pool-60-thread-1] INFO  impl.RaftServerImpl (RaftServerImpl.java:start(180)) - 9aaf2f78-d78f-4ebc-b7a2-56dce2b57085: start group-53CDF698E7D0
2019-09-12 11:50:53,486 [pool-60-thread-1] INFO  impl.RaftServerImpl (RaftServerImpl.java:setRole(171)) - 9aaf2f78-d78f-4ebc-b7a2-56dce2b57085:group-53CDF698E7D0 changes role from null to FOLLOWER at term 0 for startAsFollower
2019-09-12 11:50:53,486 [pool-60-thread-1] INFO  impl.RoleInfo (RoleInfo.java:updateAndGet(143)) - 9aaf2f78-d78f-4ebc-b7a2-56dce2b57085: start FollowerState
2019-09-12 11:50:53,487 [pool-60-thread-1] INFO  util.JmxRegister (JmxRegister.java:tryRegister(44)) - Successfully registered JMX Bean with object name Ratis:service=RaftServer,group=group-53CDF698E7D0,id=9aaf2f78-d78f-4ebc-b7a2-56dce2b57085
2019-09-12 11:50:53,497 [RatisPipelineUtilsThread] INFO  pipeline.PipelineStateManager (PipelineStateManager.java:addPipeline(56)) - Created pipeline Pipeline[ Id: 9214ad97-1f51-4bfb-ab0f-53cdf698e7d0, Nodes: 9aaf2f78-d78f-4ebc-b7a2-56dce2b57085{ip: 192.168.36.114, host: pr-hdds-1569-58hkm-1881083799, networkLocation: /default-rack, certSerialId: null}, Type:RATIS, Factor:ONE, State:OPEN]
2019-09-12 11:50:53,513 [grpc-default-executor-1] INFO  impl.RaftServerProxy (RaftServerProxy.java:addNew(89)) - 233f3d22-ae09-46be-8182-f5e58d004644: addNew group-8960DAA2B6C8:[233f3d22-ae09-46be-8182-f5e58d004644:192.168.36.114:35523] returns group-8960DAA2B6C8:java.util.concurrent.CompletableFuture@22022430[Not completed]
2019-09-12 11:50:53,515 [pool-38-thread-1] INFO  impl.RaftServerImpl (RaftServerImpl.java:<init>(93)) - 233f3d22-ae09-46be-8182-f5e58d004644: new RaftServerImpl for group-8960DAA2B6C8:[233f3d22-ae09-46be-8182-f5e58d004644:192.168.36.114:35523] with ContainerStateMachine:uninitialized
2019-09-12 11:50:53,515 [pool-38-thread-1] INFO  server.RaftServerConfigKeys (ConfUtils.java:logGet(43)) - raft.server.rpc.timeout.min = 5s (custom)
2019-09-12 11:50:53,515 [pool-38-thread-1] INFO  server.RaftServerConfigKeys (ConfUtils.java:logGet(43)) - raft.server.rpc.timeout.max = 5200ms (custom)
2019-09-12 11:50:53,515 [pool-38-thread-1] INFO  server.RaftServerConfigKeys (ConfUtils.java:logGet(43)) - raft.server.rpcslowness.timeout = 120s (custom)
2019-09-12 11:50:53,515 [pool-38-thread-1] INFO  server.RaftServerConfigKeys (ConfUtils.java:logGet(43)) - raft.server.sleep.deviation.threshold = 300 (default)
2019-09-12 11:50:53,515 [pool-38-thread-1] INFO  server.RaftServerConfigKeys (ConfUtils.java:logGet(43)) - raft.server.log.appender.install.snapshot.enabled = false (custom)
2019-09-12 11:50:53,516 [pool-38-thread-1] INFO  impl.RaftServerImpl (ServerState.java:<init>(105)) - 233f3d22-ae09-46be-8182-f5e58d004644:group-8960DAA2B6C8 ConfigurationManager, init=-1: [233f3d22-ae09-46be-8182-f5e58d004644:192.168.36.114:35523], old=null, confs=<EMPTY_MAP>
2019-09-12 11:50:53,516 [pool-38-thread-1] INFO  server.RaftServerConfigKeys (ConfUtils.java:logGet(43)) - raft.server.storage.dir = [/workdir/hadoop-ozone/tools/target/test-dir/MiniOzoneClusterImpl-d6dca02c-26cd-4265-82f2-daeedfc193e9/datanode-1/data/ratis] (custom)
2019-09-12 11:50:53,516 [pool-38-thread-1] INFO  storage.RaftStorageDirectory (RaftStorageDirectory.java:analyzeStorage(246)) - The storage directory /workdir/hadoop-ozone/tools/target/test-dir/MiniOzoneClusterImpl-d6dca02c-26cd-4265-82f2-daeedfc193e9/datanode-1/data/ratis/b8a29be4-8498-45d8-b93c-8960daa2b6c8 does not exist. Creating ...
2019-09-12 11:50:53,519 [main] INFO  ozone.MiniOzoneClusterImpl (MiniOzoneClusterImpl.java:lambda$waitForClusterToBeReady$0(142)) - Cluster is ready. Got 5 of 5 DN Heartbeats.
2019-09-12 11:50:53,529 [pool-38-thread-1] INFO  storage.RaftStorageDirectory (RaftStorageDirectory.java:tryLock(328)) - Lock on /workdir/hadoop-ozone/tools/target/test-dir/MiniOzoneClusterImpl-d6dca02c-26cd-4265-82f2-daeedfc193e9/datanode-1/data/ratis/b8a29be4-8498-45d8-b93c-8960daa2b6c8/in_use.lock acquired by nodename 20454@pr-hdds-1569-58hkm-1881083799
2019-09-12 11:50:53,542 [pool-38-thread-1] INFO  storage.RaftStorage (RaftStorage.java:format(72)) - Storage directory /workdir/hadoop-ozone/tools/target/test-dir/MiniOzoneClusterImpl-d6dca02c-26cd-4265-82f2-daeedfc193e9/datanode-1/data/ratis/b8a29be4-8498-45d8-b93c-8960daa2b6c8 has been successfully formatted.
2019-09-12 11:50:53,543 [pool-38-thread-1] INFO  ratis.ContainerStateMachine (ContainerStateMachine.java:loadSnapshot(226)) - group-8960DAA2B6C8: The snapshot info is null. Setting the last applied indexto:(t:0, i:~)
2019-09-12 11:50:53,543 [pool-38-thread-1] INFO  server.RaftServerConfigKeys (ConfUtils.java:logGet(43)) - raft.server.leader.election.timeout = 120s (custom)
2019-09-12 11:50:53,543 [pool-38-thread-1] INFO  server.RaftServerConfigKeys (ConfUtils.java:logGet(43)) - raft.server.log.use.memory = false (default)
2019-09-12 11:50:53,543 [pool-38-thread-1] INFO  server.RaftServerConfigKeys (ConfUtils.java:logGet(43)) - raft.server.log.purge.gap = 1000000 (custom)
2019-09-12 11:50:53,544 [pool-38-thread-1] INFO  server.RaftServerConfigKeys (ConfUtils.java:logGet(43)) - raft.server.log.appender.buffer.byte-limit = 33554432 (custom)
2019-09-12 11:50:53,544 [pool-38-thread-1] INFO  server.RaftServerConfigKeys (ConfUtils.java:logGet(43)) - raft.server.log.segment.size.max = 1048576 (custom)
2019-09-12 11:50:53,544 [pool-38-thread-1] INFO  server.RaftServerConfigKeys (ConfUtils.java:logGet(43)) - raft.server.log.segment.cache.num.max = 2 (custom)
2019-09-12 11:50:53,544 [pool-38-thread-1] INFO  segmented.SegmentedRaftLogWorker (SegmentedRaftLogWorker.java:<init>(172)) - new 233f3d22-ae09-46be-8182-f5e58d004644-SegmentedRaftLogWorker:Storage Directory /workdir/hadoop-ozone/tools/target/test-dir/MiniOzoneClusterImpl-d6dca02c-26cd-4265-82f2-daeedfc193e9/datanode-1/data/ratis/b8a29be4-8498-45d8-b93c-8960daa2b6c8 for RaftStorage:Storage Directory /workdir/hadoop-ozone/tools/target/test-dir/MiniOzoneClusterImpl-d6dca02c-26cd-4265-82f2-daeedfc193e9/datanode-1/data/ratis/b8a29be4-8498-45d8-b93c-8960daa2b6c8
2019-09-12 11:50:53,544 [pool-38-thread-1] INFO  server.RaftServerConfigKeys (ConfUtils.java:logGet(43)) - raft.server.log.queue.byte-limit = 2147483647 (custom)
2019-09-12 11:50:53,545 [pool-38-thread-1] INFO  server.RaftServerConfigKeys (ConfUtils.java:logGet(43)) - raft.server.log.queue.element-limit = 1024 (custom)
2019-09-12 11:50:53,545 [pool-38-thread-1] INFO  server.RaftServerConfigKeys (ConfUtils.java:logGet(43)) - raft.server.log.segment.size.max = 1048576 (custom)
2019-09-12 11:50:53,545 [pool-38-thread-1] INFO  server.RaftServerConfigKeys (ConfUtils.java:logGet(43)) - raft.server.log.preallocated.size = 16384 (custom)
2019-09-12 11:50:53,545 [pool-38-thread-1] INFO  server.RaftServerConfigKeys (ConfUtils.java:logGet(43)) - raft.server.log.write.buffer.size = 33554432 (custom)
2019-09-12 11:50:53,545 [pool-38-thread-1] INFO  server.RaftServerConfigKeys (ConfUtils.java:logGet(43)) - raft.server.log.force.sync.num = 128 (default)
2019-09-12 11:50:53,546 [pool-38-thread-1] INFO  server.RaftServerConfigKeys (ConfUtils.java:logGet(43)) - raft.server.log.statemachine.data.sync = true (default)
2019-09-12 11:50:53,546 [pool-38-thread-1] INFO  server.RaftServerConfigKeys (ConfUtils.java:logGet(43)) - raft.server.log.statemachine.data.sync.timeout = 10s (default)
2019-09-12 11:50:53,546 [pool-38-thread-1] INFO  server.RaftServerConfigKeys (ConfUtils.java:logGet(43)) - raft.server.log.statemachine.data.sync.timeout.retry = -1 (default)
2019-09-12 11:50:53,546 [pool-38-thread-1] INFO  server.RaftServerConfigKeys (ConfUtils.java:logGet(43)) - raft.server.log.statemachine.data.caching.enabled = true (custom)
2019-09-12 11:50:53,547 [pool-38-thread-1] INFO  segmented.SegmentedRaftLogWorker (SegmentedRaftLogWorker.java:lambda$new$0(132)) - 233f3d22-ae09-46be-8182-f5e58d004644-SegmentedRaftLogWorker:Storage Directory /workdir/hadoop-ozone/tools/target/test-dir/MiniOzoneClusterImpl-d6dca02c-26cd-4265-82f2-daeedfc193e9/datanode-1/data/ratis/b8a29be4-8498-45d8-b93c-8960daa2b6c8: flushIndex: setUnconditionally 0 -> -1
2019-09-12 11:50:53,547 [pool-38-thread-1] INFO  server.RaftServerConfigKeys (ConfUtils.java:logGet(43)) - raft.server.snapshot.auto.trigger.enabled = true (custom)
2019-09-12 11:50:53,547 [pool-38-thread-1] INFO  server.RaftServerConfigKeys (ConfUtils.java:logGet(43)) - raft.server.snapshot.auto.trigger.threshold = 10000 (custom)
2019-09-12 11:50:53,548 [pool-38-thread-1] INFO  server.RaftServerConfigKeys (ConfUtils.java:logGet(43)) - raft.server.retrycache.expirytime = 600000ms (custom)
2019-09-12 11:50:53,548 [pool-38-thread-1] INFO  impl.RaftServerImpl (RaftServerImpl.java:start(180)) - 233f3d22-ae09-46be-8182-f5e58d004644: start group-8960DAA2B6C8
2019-09-12 11:50:53,548 [pool-38-thread-1] INFO  impl.RaftServerImpl (RaftServerImpl.java:setRole(171)) - 233f3d22-ae09-46be-8182-f5e58d004644:group-8960DAA2B6C8 changes role from null to FOLLOWER at term 0 for startAsFollower
2019-09-12 11:50:53,548 [pool-38-thread-1] INFO  impl.RoleInfo (RoleInfo.java:updateAndGet(143)) - 233f3d22-ae09-46be-8182-f5e58d004644: start FollowerState
2019-09-12 11:50:53,549 [pool-38-thread-1] INFO  util.JmxRegister (JmxRegister.java:tryRegister(44)) - Successfully registered JMX Bean with object name Ratis:service=RaftServer,group=group-8960DAA2B6C8,id=233f3d22-ae09-46be-8182-f5e58d004644
2019-09-12 11:50:53,561 [RatisPipelineUtilsThread] INFO  pipeline.PipelineStateManager (PipelineStateManager.java:addPipeline(56)) - Created pipeline Pipeline[ Id: b8a29be4-8498-45d8-b93c-8960daa2b6c8, Nodes: 233f3d22-ae09-46be-8182-f5e58d004644{ip: 192.168.36.114, host: pr-hdds-1569-58hkm-1881083799, networkLocation: /default-rack, certSerialId: null}, Type:RATIS, Factor:ONE, State:OPEN]
2019-09-12 11:50:53,589 [grpc-default-executor-1] INFO  impl.RaftServerProxy (RaftServerProxy.java:addNew(89)) - 233f3d22-ae09-46be-8182-f5e58d004644: addNew group-AE7C82CFE8ED:[233f3d22-ae09-46be-8182-f5e58d004644:192.168.36.114:35523] returns group-AE7C82CFE8ED:java.util.concurrent.CompletableFuture@5adcc472[Not completed]
2019-09-12 11:50:53,591 [pool-38-thread-1] INFO  impl.RaftServerImpl (RaftServerImpl.java:<init>(93)) - 233f3d22-ae09-46be-8182-f5e58d004644: new RaftServerImpl for group-AE7C82CFE8ED:[233f3d22-ae09-46be-8182-f5e58d004644:192.168.36.114:35523] with ContainerStateMachine:uninitialized
2019-09-12 11:50:53,591 [pool-38-thread-1] INFO  server.RaftServerConfigKeys (ConfUtils.java:logGet(43)) - raft.server.rpc.timeout.min = 5s (custom)
2019-09-12 11:50:53,591 [pool-38-thread-1] INFO  server.RaftServerConfigKeys (ConfUtils.java:logGet(43)) - raft.server.rpc.timeout.max = 5200ms (custom)
2019-09-12 11:50:53,592 [pool-38-thread-1] INFO  server.RaftServerConfigKeys (ConfUtils.java:logGet(43)) - raft.server.rpcslowness.timeout = 120s (custom)
2019-09-12 11:50:53,592 [pool-38-thread-1] INFO  server.RaftServerConfigKeys (ConfUtils.java:logGet(43)) - raft.server.sleep.deviation.threshold = 300 (default)
2019-09-12 11:50:53,592 [pool-38-thread-1] INFO  server.RaftServerConfigKeys (ConfUtils.java:logGet(43)) - raft.server.log.appender.install.snapshot.enabled = false (custom)
2019-09-12 11:50:53,592 | INFO  | SCMAudit | user=jenkins1000 | ip=192.168.36.114 | op=SEND_HEARTBEAT {datanodeUUID=9d7d954f-b073-45cf-8f2c-ae2cc2b7e120, command=[]} | ret=SUCCESS |  
2019-09-12 11:50:53,592 [pool-38-thread-1] INFO  impl.RaftServerImpl (ServerState.java:<init>(105)) - 233f3d22-ae09-46be-8182-f5e58d004644:group-AE7C82CFE8ED ConfigurationManager, init=-1: [233f3d22-ae09-46be-8182-f5e58d004644:192.168.36.114:35523], old=null, confs=<EMPTY_MAP>
2019-09-12 11:50:53,592 [pool-38-thread-1] INFO  server.RaftServerConfigKeys (ConfUtils.java:logGet(43)) - raft.server.storage.dir = [/workdir/hadoop-ozone/tools/target/test-dir/MiniOzoneClusterImpl-d6dca02c-26cd-4265-82f2-daeedfc193e9/datanode-1/data/ratis] (custom)
2019-09-12 11:50:53,593 [pool-38-thread-1] INFO  storage.RaftStorageDirectory (RaftStorageDirectory.java:analyzeStorage(246)) - The storage directory /workdir/hadoop-ozone/tools/target/test-dir/MiniOzoneClusterImpl-d6dca02c-26cd-4265-82f2-daeedfc193e9/datanode-1/data/ratis/99ea5ffe-6bdd-4f11-b051-ae7c82cfe8ed does not exist. Creating ...
2019-09-12 11:50:53,605 [pool-38-thread-1] INFO  storage.RaftStorageDirectory (RaftStorageDirectory.java:tryLock(328)) - Lock on /workdir/hadoop-ozone/tools/target/test-dir/MiniOzoneClusterImpl-d6dca02c-26cd-4265-82f2-daeedfc193e9/datanode-1/data/ratis/99ea5ffe-6bdd-4f11-b051-ae7c82cfe8ed/in_use.lock acquired by nodename 20454@pr-hdds-1569-58hkm-1881083799
2019-09-12 11:50:53,618 [pool-38-thread-1] INFO  storage.RaftStorage (RaftStorage.java:format(72)) - Storage directory /workdir/hadoop-ozone/tools/target/test-dir/MiniOzoneClusterImpl-d6dca02c-26cd-4265-82f2-daeedfc193e9/datanode-1/data/ratis/99ea5ffe-6bdd-4f11-b051-ae7c82cfe8ed has been successfully formatted.
2019-09-12 11:50:53,618 [pool-38-thread-1] INFO  ratis.ContainerStateMachine (ContainerStateMachine.java:loadSnapshot(226)) - group-AE7C82CFE8ED: The snapshot info is null. Setting the last applied indexto:(t:0, i:~)
2019-09-12 11:50:53,619 [pool-38-thread-1] INFO  server.RaftServerConfigKeys (ConfUtils.java:logGet(43)) - raft.server.leader.election.timeout = 120s (custom)
2019-09-12 11:50:53,619 [pool-38-thread-1] INFO  server.RaftServerConfigKeys (ConfUtils.java:logGet(43)) - raft.server.log.use.memory = false (default)
2019-09-12 11:50:53,619 [pool-38-thread-1] INFO  server.RaftServerConfigKeys (ConfUtils.java:logGet(43)) - raft.server.log.purge.gap = 1000000 (custom)
2019-09-12 11:50:53,619 [pool-38-thread-1] INFO  server.RaftServerConfigKeys (ConfUtils.java:logGet(43)) - raft.server.log.appender.buffer.byte-limit = 33554432 (custom)
2019-09-12 11:50:53,619 [pool-38-thread-1] INFO  server.RaftServerConfigKeys (ConfUtils.java:logGet(43)) - raft.server.log.segment.size.max = 1048576 (custom)
2019-09-12 11:50:53,619 [pool-38-thread-1] INFO  server.RaftServerConfigKeys (ConfUtils.java:logGet(43)) - raft.server.log.segment.cache.num.max = 2 (custom)
2019-09-12 11:50:53,620 [pool-38-thread-1] INFO  segmented.SegmentedRaftLogWorker (SegmentedRaftLogWorker.java:<init>(172)) - new 233f3d22-ae09-46be-8182-f5e58d004644-SegmentedRaftLogWorker:Storage Directory /workdir/hadoop-ozone/tools/target/test-dir/MiniOzoneClusterImpl-d6dca02c-26cd-4265-82f2-daeedfc193e9/datanode-1/data/ratis/99ea5ffe-6bdd-4f11-b051-ae7c82cfe8ed for RaftStorage:Storage Directory /workdir/hadoop-ozone/tools/target/test-dir/MiniOzoneClusterImpl-d6dca02c-26cd-4265-82f2-daeedfc193e9/datanode-1/data/ratis/99ea5ffe-6bdd-4f11-b051-ae7c82cfe8ed
2019-09-12 11:50:53,620 [pool-38-thread-1] INFO  server.RaftServerConfigKeys (ConfUtils.java:logGet(43)) - raft.server.log.queue.byte-limit = 2147483647 (custom)
2019-09-12 11:50:53,620 [pool-38-thread-1] INFO  server.RaftServerConfigKeys (ConfUtils.java:logGet(43)) - raft.server.log.queue.element-limit = 1024 (custom)
2019-09-12 11:50:53,620 [pool-38-thread-1] INFO  server.RaftServerConfigKeys (ConfUtils.java:logGet(43)) - raft.server.log.segment.size.max = 1048576 (custom)
2019-09-12 11:50:53,620 [pool-38-thread-1] INFO  server.RaftServerConfigKeys (ConfUtils.java:logGet(43)) - raft.server.log.preallocated.size = 16384 (custom)
2019-09-12 11:50:53,620 [pool-38-thread-1] INFO  server.RaftServerConfigKeys (ConfUtils.java:logGet(43)) - raft.server.log.write.buffer.size = 33554432 (custom)
2019-09-12 11:50:53,621 [pool-38-thread-1] INFO  server.RaftServerConfigKeys (ConfUtils.java:logGet(43)) - raft.server.log.force.sync.num = 128 (default)
2019-09-12 11:50:53,621 [pool-38-thread-1] INFO  server.RaftServerConfigKeys (ConfUtils.java:logGet(43)) - raft.server.log.statemachine.data.sync = true (default)
2019-09-12 11:50:53,621 [pool-38-thread-1] INFO  server.RaftServerConfigKeys (ConfUtils.java:logGet(43)) - raft.server.log.statemachine.data.sync.timeout = 10s (default)
2019-09-12 11:50:53,621 [pool-38-thread-1] INFO  server.RaftServerConfigKeys (ConfUtils.java:logGet(43)) - raft.server.log.statemachine.data.sync.timeout.retry = -1 (default)
2019-09-12 11:50:53,621 [pool-38-thread-1] INFO  server.RaftServerConfigKeys (ConfUtils.java:logGet(43)) - raft.server.log.statemachine.data.caching.enabled = true (custom)
2019-09-12 11:50:53,622 [pool-38-thread-1] INFO  segmented.SegmentedRaftLogWorker (SegmentedRaftLogWorker.java:lambda$new$0(132)) - 233f3d22-ae09-46be-8182-f5e58d004644-SegmentedRaftLogWorker:Storage Directory /workdir/hadoop-ozone/tools/target/test-dir/MiniOzoneClusterImpl-d6dca02c-26cd-4265-82f2-daeedfc193e9/datanode-1/data/ratis/99ea5ffe-6bdd-4f11-b051-ae7c82cfe8ed: flushIndex: setUnconditionally 0 -> -1
2019-09-12 11:50:53,622 [pool-38-thread-1] INFO  server.RaftServerConfigKeys (ConfUtils.java:logGet(43)) - raft.server.snapshot.auto.trigger.enabled = true (custom)
2019-09-12 11:50:53,622 [pool-38-thread-1] INFO  server.RaftServerConfigKeys (ConfUtils.java:logGet(43)) - raft.server.snapshot.auto.trigger.threshold = 10000 (custom)
2019-09-12 11:50:53,622 [pool-38-thread-1] INFO  server.RaftServerConfigKeys (ConfUtils.java:logGet(43)) - raft.server.retrycache.expirytime = 600000ms (custom)
2019-09-12 11:50:53,623 [pool-38-thread-1] INFO  impl.RaftServerImpl (RaftServerImpl.java:start(180)) - 233f3d22-ae09-46be-8182-f5e58d004644: start group-AE7C82CFE8ED
2019-09-12 11:50:53,623 [pool-38-thread-1] INFO  impl.RaftServerImpl (RaftServerImpl.java:setRole(171)) - 233f3d22-ae09-46be-8182-f5e58d004644:group-AE7C82CFE8ED changes role from null to FOLLOWER at term 0 for startAsFollower
2019-09-12 11:50:53,623 [pool-38-thread-1] INFO  impl.RoleInfo (RoleInfo.java:updateAndGet(143)) - 233f3d22-ae09-46be-8182-f5e58d004644: start FollowerState
2019-09-12 11:50:53,624 [pool-38-thread-1] INFO  util.JmxRegister (JmxRegister.java:tryRegister(44)) - Successfully registered JMX Bean with object name Ratis:service=RaftServer,group=group-AE7C82CFE8ED,id=233f3d22-ae09-46be-8182-f5e58d004644
2019-09-12 11:50:53,637 [RatisPipelineUtilsThread] INFO  pipeline.PipelineStateManager (PipelineStateManager.java:addPipeline(56)) - Created pipeline Pipeline[ Id: 99ea5ffe-6bdd-4f11-b051-ae7c82cfe8ed, Nodes: 233f3d22-ae09-46be-8182-f5e58d004644{ip: 192.168.36.114, host: pr-hdds-1569-58hkm-1881083799, networkLocation: /default-rack, certSerialId: null}, Type:RATIS, Factor:ONE, State:OPEN]
2019-09-12 11:50:53,654 [grpc-default-executor-1] INFO  impl.RaftServerProxy (RaftServerProxy.java:addNew(89)) - 9d7d954f-b073-45cf-8f2c-ae2cc2b7e120: addNew group-56C59A7E7309:[9d7d954f-b073-45cf-8f2c-ae2cc2b7e120:192.168.36.114:42013] returns group-56C59A7E7309:java.util.concurrent.CompletableFuture@2d983dec[Not completed]
2019-09-12 11:50:53,656 [pool-27-thread-1] INFO  impl.RaftServerImpl (RaftServerImpl.java:<init>(93)) - 9d7d954f-b073-45cf-8f2c-ae2cc2b7e120: new RaftServerImpl for group-56C59A7E7309:[9d7d954f-b073-45cf-8f2c-ae2cc2b7e120:192.168.36.114:42013] with ContainerStateMachine:uninitialized
2019-09-12 11:50:53,656 [pool-27-thread-1] INFO  server.RaftServerConfigKeys (ConfUtils.java:logGet(43)) - raft.server.rpc.timeout.min = 5s (custom)
2019-09-12 11:50:53,657 [pool-27-thread-1] INFO  server.RaftServerConfigKeys (ConfUtils.java:logGet(43)) - raft.server.rpc.timeout.max = 5200ms (custom)
2019-09-12 11:50:53,657 [pool-27-thread-1] INFO  server.RaftServerConfigKeys (ConfUtils.java:logGet(43)) - raft.server.rpcslowness.timeout = 120s (custom)
2019-09-12 11:50:53,657 [pool-27-thread-1] INFO  server.RaftServerConfigKeys (ConfUtils.java:logGet(43)) - raft.server.sleep.deviation.threshold = 300 (default)
2019-09-12 11:50:53,657 [pool-27-thread-1] INFO  server.RaftServerConfigKeys (ConfUtils.java:logGet(43)) - raft.server.log.appender.install.snapshot.enabled = false (custom)
2019-09-12 11:50:53,657 [pool-27-thread-1] INFO  impl.RaftServerImpl (ServerState.java:<init>(105)) - 9d7d954f-b073-45cf-8f2c-ae2cc2b7e120:group-56C59A7E7309 ConfigurationManager, init=-1: [9d7d954f-b073-45cf-8f2c-ae2cc2b7e120:192.168.36.114:42013], old=null, confs=<EMPTY_MAP>
2019-09-12 11:50:53,657 [pool-27-thread-1] INFO  server.RaftServerConfigKeys (ConfUtils.java:logGet(43)) - raft.server.storage.dir = [/workdir/hadoop-ozone/tools/target/test-dir/MiniOzoneClusterImpl-d6dca02c-26cd-4265-82f2-daeedfc193e9/datanode-0/data/ratis] (custom)
2019-09-12 11:50:53,658 [pool-27-thread-1] INFO  storage.RaftStorageDirectory (RaftStorageDirectory.java:analyzeStorage(246)) - The storage directory /workdir/hadoop-ozone/tools/target/test-dir/MiniOzoneClusterImpl-d6dca02c-26cd-4265-82f2-daeedfc193e9/datanode-0/data/ratis/7572a4a1-62ec-4052-ac69-56c59a7e7309 does not exist. Creating ...
2019-09-12 11:50:53,679 [pool-27-thread-1] INFO  storage.RaftStorageDirectory (RaftStorageDirectory.java:tryLock(328)) - Lock on /workdir/hadoop-ozone/tools/target/test-dir/MiniOzoneClusterImpl-d6dca02c-26cd-4265-82f2-daeedfc193e9/datanode-0/data/ratis/7572a4a1-62ec-4052-ac69-56c59a7e7309/in_use.lock acquired by nodename 20454@pr-hdds-1569-58hkm-1881083799
2019-09-12 11:50:53,692 [pool-27-thread-1] INFO  storage.RaftStorage (RaftStorage.java:format(72)) - Storage directory /workdir/hadoop-ozone/tools/target/test-dir/MiniOzoneClusterImpl-d6dca02c-26cd-4265-82f2-daeedfc193e9/datanode-0/data/ratis/7572a4a1-62ec-4052-ac69-56c59a7e7309 has been successfully formatted.
2019-09-12 11:50:53,692 [pool-27-thread-1] INFO  ratis.ContainerStateMachine (ContainerStateMachine.java:loadSnapshot(226)) - group-56C59A7E7309: The snapshot info is null. Setting the last applied indexto:(t:0, i:~)
2019-09-12 11:50:53,692 [pool-27-thread-1] INFO  server.RaftServerConfigKeys (ConfUtils.java:logGet(43)) - raft.server.leader.election.timeout = 120s (custom)
2019-09-12 11:50:53,692 [pool-27-thread-1] INFO  server.RaftServerConfigKeys (ConfUtils.java:logGet(43)) - raft.server.log.use.memory = false (default)
2019-09-12 11:50:53,692 [pool-27-thread-1] INFO  server.RaftServerConfigKeys (ConfUtils.java:logGet(43)) - raft.server.log.purge.gap = 1000000 (custom)
2019-09-12 11:50:53,693 [pool-27-thread-1] INFO  server.RaftServerConfigKeys (ConfUtils.java:logGet(43)) - raft.server.log.appender.buffer.byte-limit = 33554432 (custom)
2019-09-12 11:50:53,693 [pool-27-thread-1] INFO  server.RaftServerConfigKeys (ConfUtils.java:logGet(43)) - raft.server.log.segment.size.max = 1048576 (custom)
2019-09-12 11:50:53,693 [pool-27-thread-1] INFO  server.RaftServerConfigKeys (ConfUtils.java:logGet(43)) - raft.server.log.segment.cache.num.max = 2 (custom)
2019-09-12 11:50:53,693 [pool-27-thread-1] INFO  segmented.SegmentedRaftLogWorker (SegmentedRaftLogWorker.java:<init>(172)) - new 9d7d954f-b073-45cf-8f2c-ae2cc2b7e120-SegmentedRaftLogWorker:Storage Directory /workdir/hadoop-ozone/tools/target/test-dir/MiniOzoneClusterImpl-d6dca02c-26cd-4265-82f2-daeedfc193e9/datanode-0/data/ratis/7572a4a1-62ec-4052-ac69-56c59a7e7309 for RaftStorage:Storage Directory /workdir/hadoop-ozone/tools/target/test-dir/MiniOzoneClusterImpl-d6dca02c-26cd-4265-82f2-daeedfc193e9/datanode-0/data/ratis/7572a4a1-62ec-4052-ac69-56c59a7e7309
2019-09-12 11:50:53,693 [pool-27-thread-1] INFO  server.RaftServerConfigKeys (ConfUtils.java:logGet(43)) - raft.server.log.queue.byte-limit = 2147483647 (custom)
2019-09-12 11:50:53,694 [pool-27-thread-1] INFO  server.RaftServerConfigKeys (ConfUtils.java:logGet(43)) - raft.server.log.queue.element-limit = 1024 (custom)
2019-09-12 11:50:53,694 [pool-27-thread-1] INFO  server.RaftServerConfigKeys (ConfUtils.java:logGet(43)) - raft.server.log.segment.size.max = 1048576 (custom)
2019-09-12 11:50:53,694 [pool-27-thread-1] INFO  server.RaftServerConfigKeys (ConfUtils.java:logGet(43)) - raft.server.log.preallocated.size = 16384 (custom)
2019-09-12 11:50:53,694 [pool-27-thread-1] INFO  server.RaftServerConfigKeys (ConfUtils.java:logGet(43)) - raft.server.log.write.buffer.size = 33554432 (custom)
2019-09-12 11:50:53,694 [pool-27-thread-1] INFO  server.RaftServerConfigKeys (ConfUtils.java:logGet(43)) - raft.server.log.force.sync.num = 128 (default)
2019-09-12 11:50:53,694 [pool-27-thread-1] INFO  server.RaftServerConfigKeys (ConfUtils.java:logGet(43)) - raft.server.log.statemachine.data.sync = true (default)
2019-09-12 11:50:53,694 [pool-27-thread-1] INFO  server.RaftServerConfigKeys (ConfUtils.java:logGet(43)) - raft.server.log.statemachine.data.sync.timeout = 10s (default)
2019-09-12 11:50:53,695 [pool-27-thread-1] INFO  server.RaftServerConfigKeys (ConfUtils.java:logGet(43)) - raft.server.log.statemachine.data.sync.timeout.retry = -1 (default)
2019-09-12 11:50:53,695 [pool-27-thread-1] INFO  server.RaftServerConfigKeys (ConfUtils.java:logGet(43)) - raft.server.log.statemachine.data.caching.enabled = true (custom)
2019-09-12 11:50:53,695 [pool-27-thread-1] INFO  segmented.SegmentedRaftLogWorker (SegmentedRaftLogWorker.java:lambda$new$0(132)) - 9d7d954f-b073-45cf-8f2c-ae2cc2b7e120-SegmentedRaftLogWorker:Storage Directory /workdir/hadoop-ozone/tools/target/test-dir/MiniOzoneClusterImpl-d6dca02c-26cd-4265-82f2-daeedfc193e9/datanode-0/data/ratis/7572a4a1-62ec-4052-ac69-56c59a7e7309: flushIndex: setUnconditionally 0 -> -1
2019-09-12 11:50:53,696 [pool-27-thread-1] INFO  server.RaftServerConfigKeys (ConfUtils.java:logGet(43)) - raft.server.snapshot.auto.trigger.enabled = true (custom)
2019-09-12 11:50:53,696 [pool-27-thread-1] INFO  server.RaftServerConfigKeys (ConfUtils.java:logGet(43)) - raft.server.snapshot.auto.trigger.threshold = 10000 (custom)
2019-09-12 11:50:53,696 [pool-27-thread-1] INFO  server.RaftServerConfigKeys (ConfUtils.java:logGet(43)) - raft.server.retrycache.expirytime = 600000ms (custom)
2019-09-12 11:50:53,696 [pool-27-thread-1] INFO  impl.RaftServerImpl (RaftServerImpl.java:start(180)) - 9d7d954f-b073-45cf-8f2c-ae2cc2b7e120: start group-56C59A7E7309
2019-09-12 11:50:53,696 [pool-27-thread-1] INFO  impl.RaftServerImpl (RaftServerImpl.java:setRole(171)) - 9d7d954f-b073-45cf-8f2c-ae2cc2b7e120:group-56C59A7E7309 changes role from null to FOLLOWER at term 0 for startAsFollower
2019-09-12 11:50:53,697 [pool-27-thread-1] INFO  impl.RoleInfo (RoleInfo.java:updateAndGet(143)) - 9d7d954f-b073-45cf-8f2c-ae2cc2b7e120: start FollowerState
2019-09-12 11:50:53,697 [pool-27-thread-1] INFO  util.JmxRegister (JmxRegister.java:tryRegister(44)) - Successfully registered JMX Bean with object name Ratis:service=RaftServer,group=group-56C59A7E7309,id=9d7d954f-b073-45cf-8f2c-ae2cc2b7e120
2019-09-12 11:50:53,705 [RatisPipelineUtilsThread] INFO  pipeline.PipelineStateManager (PipelineStateManager.java:addPipeline(56)) - Created pipeline Pipeline[ Id: 7572a4a1-62ec-4052-ac69-56c59a7e7309, Nodes: 9d7d954f-b073-45cf-8f2c-ae2cc2b7e120{ip: 192.168.36.114, host: pr-hdds-1569-58hkm-1881083799, networkLocation: /default-rack, certSerialId: null}, Type:RATIS, Factor:ONE, State:OPEN]
2019-09-12 11:50:53,718 [grpc-default-executor-1] INFO  impl.RaftServerProxy (RaftServerProxy.java:addNew(89)) - 8c993e87-89d2-4e6e-901e-5640f3030957: addNew group-E9711DBCEAEB:[8c993e87-89d2-4e6e-901e-5640f3030957:192.168.36.114:45855] returns group-E9711DBCEAEB:java.util.concurrent.CompletableFuture@41d86fe3[Not completed]
2019-09-12 11:50:53,720 [pool-49-thread-1] INFO  impl.RaftServerImpl (RaftServerImpl.java:<init>(93)) - 8c993e87-89d2-4e6e-901e-5640f3030957: new RaftServerImpl for group-E9711DBCEAEB:[8c993e87-89d2-4e6e-901e-5640f3030957:192.168.36.114:45855] with ContainerStateMachine:uninitialized
2019-09-12 11:50:53,721 [pool-49-thread-1] INFO  server.RaftServerConfigKeys (ConfUtils.java:logGet(43)) - raft.server.rpc.timeout.min = 5s (custom)
2019-09-12 11:50:53,721 [pool-49-thread-1] INFO  server.RaftServerConfigKeys (ConfUtils.java:logGet(43)) - raft.server.rpc.timeout.max = 5200ms (custom)
2019-09-12 11:50:53,721 [pool-49-thread-1] INFO  server.RaftServerConfigKeys (ConfUtils.java:logGet(43)) - raft.server.rpcslowness.timeout = 120s (custom)
2019-09-12 11:50:53,721 [pool-49-thread-1] INFO  server.RaftServerConfigKeys (ConfUtils.java:logGet(43)) - raft.server.sleep.deviation.threshold = 300 (default)
2019-09-12 11:50:53,721 [pool-49-thread-1] INFO  server.RaftServerConfigKeys (ConfUtils.java:logGet(43)) - raft.server.log.appender.install.snapshot.enabled = false (custom)
2019-09-12 11:50:53,722 [pool-49-thread-1] INFO  impl.RaftServerImpl (ServerState.java:<init>(105)) - 8c993e87-89d2-4e6e-901e-5640f3030957:group-E9711DBCEAEB ConfigurationManager, init=-1: [8c993e87-89d2-4e6e-901e-5640f3030957:192.168.36.114:45855], old=null, confs=<EMPTY_MAP>
2019-09-12 11:50:53,722 [pool-49-thread-1] INFO  server.RaftServerConfigKeys (ConfUtils.java:logGet(43)) - raft.server.storage.dir = [/workdir/hadoop-ozone/tools/target/test-dir/MiniOzoneClusterImpl-d6dca02c-26cd-4265-82f2-daeedfc193e9/datanode-2/data/ratis] (custom)
2019-09-12 11:50:53,723 [pool-49-thread-1] INFO  storage.RaftStorageDirectory (RaftStorageDirectory.java:analyzeStorage(246)) - The storage directory /workdir/hadoop-ozone/tools/target/test-dir/MiniOzoneClusterImpl-d6dca02c-26cd-4265-82f2-daeedfc193e9/datanode-2/data/ratis/c3c48f18-58bc-4425-a058-e9711dbceaeb does not exist. Creating ...
2019-09-12 11:50:53,736 [pool-49-thread-1] INFO  storage.RaftStorageDirectory (RaftStorageDirectory.java:tryLock(328)) - Lock on /workdir/hadoop-ozone/tools/target/test-dir/MiniOzoneClusterImpl-d6dca02c-26cd-4265-82f2-daeedfc193e9/datanode-2/data/ratis/c3c48f18-58bc-4425-a058-e9711dbceaeb/in_use.lock acquired by nodename 20454@pr-hdds-1569-58hkm-1881083799
2019-09-12 11:50:53,749 [pool-49-thread-1] INFO  storage.RaftStorage (RaftStorage.java:format(72)) - Storage directory /workdir/hadoop-ozone/tools/target/test-dir/MiniOzoneClusterImpl-d6dca02c-26cd-4265-82f2-daeedfc193e9/datanode-2/data/ratis/c3c48f18-58bc-4425-a058-e9711dbceaeb has been successfully formatted.
2019-09-12 11:50:53,749 [pool-49-thread-1] INFO  ratis.ContainerStateMachine (ContainerStateMachine.java:loadSnapshot(226)) - group-E9711DBCEAEB: The snapshot info is null. Setting the last applied indexto:(t:0, i:~)
2019-09-12 11:50:53,750 [pool-49-thread-1] INFO  server.RaftServerConfigKeys (ConfUtils.java:logGet(43)) - raft.server.leader.election.timeout = 120s (custom)
2019-09-12 11:50:53,750 [pool-49-thread-1] INFO  server.RaftServerConfigKeys (ConfUtils.java:logGet(43)) - raft.server.log.use.memory = false (default)
2019-09-12 11:50:53,750 [pool-49-thread-1] INFO  server.RaftServerConfigKeys (ConfUtils.java:logGet(43)) - raft.server.log.purge.gap = 1000000 (custom)
2019-09-12 11:50:53,750 [pool-49-thread-1] INFO  server.RaftServerConfigKeys (ConfUtils.java:logGet(43)) - raft.server.log.appender.buffer.byte-limit = 33554432 (custom)
2019-09-12 11:50:53,751 [pool-49-thread-1] INFO  server.RaftServerConfigKeys (ConfUtils.java:logGet(43)) - raft.server.log.segment.size.max = 1048576 (custom)
2019-09-12 11:50:53,751 [pool-49-thread-1] INFO  server.RaftServerConfigKeys (ConfUtils.java:logGet(43)) - raft.server.log.segment.cache.num.max = 2 (custom)
2019-09-12 11:50:53,751 [pool-49-thread-1] INFO  segmented.SegmentedRaftLogWorker (SegmentedRaftLogWorker.java:<init>(172)) - new 8c993e87-89d2-4e6e-901e-5640f3030957-SegmentedRaftLogWorker:Storage Directory /workdir/hadoop-ozone/tools/target/test-dir/MiniOzoneClusterImpl-d6dca02c-26cd-4265-82f2-daeedfc193e9/datanode-2/data/ratis/c3c48f18-58bc-4425-a058-e9711dbceaeb for RaftStorage:Storage Directory /workdir/hadoop-ozone/tools/target/test-dir/MiniOzoneClusterImpl-d6dca02c-26cd-4265-82f2-daeedfc193e9/datanode-2/data/ratis/c3c48f18-58bc-4425-a058-e9711dbceaeb
2019-09-12 11:50:53,751 [pool-49-thread-1] INFO  server.RaftServerConfigKeys (ConfUtils.java:logGet(43)) - raft.server.log.queue.byte-limit = 2147483647 (custom)
2019-09-12 11:50:53,751 [pool-49-thread-1] INFO  server.RaftServerConfigKeys (ConfUtils.java:logGet(43)) - raft.server.log.queue.element-limit = 1024 (custom)
2019-09-12 11:50:53,752 [pool-49-thread-1] INFO  server.RaftServerConfigKeys (ConfUtils.java:logGet(43)) - raft.server.log.segment.size.max = 1048576 (custom)
2019-09-12 11:50:53,752 [pool-49-thread-1] INFO  server.RaftServerConfigKeys (ConfUtils.java:logGet(43)) - raft.server.log.preallocated.size = 16384 (custom)
2019-09-12 11:50:53,752 [pool-49-thread-1] INFO  server.RaftServerConfigKeys (ConfUtils.java:logGet(43)) - raft.server.log.write.buffer.size = 33554432 (custom)
2019-09-12 11:50:53,752 [pool-49-thread-1] INFO  server.RaftServerConfigKeys (ConfUtils.java:logGet(43)) - raft.server.log.force.sync.num = 128 (default)
2019-09-12 11:50:53,753 [pool-49-thread-1] INFO  server.RaftServerConfigKeys (ConfUtils.java:logGet(43)) - raft.server.log.statemachine.data.sync = true (default)
2019-09-12 11:50:53,753 [pool-49-thread-1] INFO  server.RaftServerConfigKeys (ConfUtils.java:logGet(43)) - raft.server.log.statemachine.data.sync.timeout = 10s (default)
2019-09-12 11:50:53,753 [pool-49-thread-1] INFO  server.RaftServerConfigKeys (ConfUtils.java:logGet(43)) - raft.server.log.statemachine.data.sync.timeout.retry = -1 (default)
2019-09-12 11:50:53,753 [pool-49-thread-1] INFO  server.RaftServerConfigKeys (ConfUtils.java:logGet(43)) - raft.server.log.statemachine.data.caching.enabled = true (custom)
2019-09-12 11:50:53,754 [pool-49-thread-1] INFO  segmented.SegmentedRaftLogWorker (SegmentedRaftLogWorker.java:lambda$new$0(132)) - 8c993e87-89d2-4e6e-901e-5640f3030957-SegmentedRaftLogWorker:Storage Directory /workdir/hadoop-ozone/tools/target/test-dir/MiniOzoneClusterImpl-d6dca02c-26cd-4265-82f2-daeedfc193e9/datanode-2/data/ratis/c3c48f18-58bc-4425-a058-e9711dbceaeb: flushIndex: setUnconditionally 0 -> -1
2019-09-12 11:50:53,754 [pool-49-thread-1] INFO  server.RaftServerConfigKeys (ConfUtils.java:logGet(43)) - raft.server.snapshot.auto.trigger.enabled = true (custom)
2019-09-12 11:50:53,754 [pool-49-thread-1] INFO  server.RaftServerConfigKeys (ConfUtils.java:logGet(43)) - raft.server.snapshot.auto.trigger.threshold = 10000 (custom)
2019-09-12 11:50:53,755 [pool-49-thread-1] INFO  server.RaftServerConfigKeys (ConfUtils.java:logGet(43)) - raft.server.retrycache.expirytime = 600000ms (custom)
2019-09-12 11:50:53,755 [pool-49-thread-1] INFO  impl.RaftServerImpl (RaftServerImpl.java:start(180)) - 8c993e87-89d2-4e6e-901e-5640f3030957: start group-E9711DBCEAEB
2019-09-12 11:50:53,755 [pool-49-thread-1] INFO  impl.RaftServerImpl (RaftServerImpl.java:setRole(171)) - 8c993e87-89d2-4e6e-901e-5640f3030957:group-E9711DBCEAEB changes role from null to FOLLOWER at term 0 for startAsFollower
2019-09-12 11:50:53,755 [pool-49-thread-1] INFO  impl.RoleInfo (RoleInfo.java:updateAndGet(143)) - 8c993e87-89d2-4e6e-901e-5640f3030957: start FollowerState
2019-09-12 11:50:53,756 [pool-49-thread-1] INFO  util.JmxRegister (JmxRegister.java:tryRegister(44)) - Successfully registered JMX Bean with object name Ratis:service=RaftServer,group=group-E9711DBCEAEB,id=8c993e87-89d2-4e6e-901e-5640f3030957
2019-09-12 11:50:53,767 [RatisPipelineUtilsThread] INFO  pipeline.PipelineStateManager (PipelineStateManager.java:addPipeline(56)) - Created pipeline Pipeline[ Id: c3c48f18-58bc-4425-a058-e9711dbceaeb, Nodes: 8c993e87-89d2-4e6e-901e-5640f3030957{ip: 192.168.36.114, host: pr-hdds-1569-58hkm-1881083799, networkLocation: /default-rack, certSerialId: null}, Type:RATIS, Factor:ONE, State:OPEN]
2019-09-12 11:50:53,788 [grpc-default-executor-1] INFO  impl.RaftServerProxy (RaftServerProxy.java:addNew(89)) - 9d7d954f-b073-45cf-8f2c-ae2cc2b7e120: addNew group-8F98C220B005:[9d7d954f-b073-45cf-8f2c-ae2cc2b7e120:192.168.36.114:42013] returns group-8F98C220B005:java.util.concurrent.CompletableFuture@76dd7a79[Not completed]
2019-09-12 11:50:53,790 [pool-27-thread-1] INFO  impl.RaftServerImpl (RaftServerImpl.java:<init>(93)) - 9d7d954f-b073-45cf-8f2c-ae2cc2b7e120: new RaftServerImpl for group-8F98C220B005:[9d7d954f-b073-45cf-8f2c-ae2cc2b7e120:192.168.36.114:42013] with ContainerStateMachine:uninitialized
2019-09-12 11:50:53,790 [pool-27-thread-1] INFO  server.RaftServerConfigKeys (ConfUtils.java:logGet(43)) - raft.server.rpc.timeout.min = 5s (custom)
2019-09-12 11:50:53,790 [pool-27-thread-1] INFO  server.RaftServerConfigKeys (ConfUtils.java:logGet(43)) - raft.server.rpc.timeout.max = 5200ms (custom)
2019-09-12 11:50:53,790 [pool-27-thread-1] INFO  server.RaftServerConfigKeys (ConfUtils.java:logGet(43)) - raft.server.rpcslowness.timeout = 120s (custom)
2019-09-12 11:50:53,791 [pool-27-thread-1] INFO  server.RaftServerConfigKeys (ConfUtils.java:logGet(43)) - raft.server.sleep.deviation.threshold = 300 (default)
2019-09-12 11:50:53,791 [pool-27-thread-1] INFO  server.RaftServerConfigKeys (ConfUtils.java:logGet(43)) - raft.server.log.appender.install.snapshot.enabled = false (custom)
2019-09-12 11:50:53,791 [pool-27-thread-1] INFO  impl.RaftServerImpl (ServerState.java:<init>(105)) - 9d7d954f-b073-45cf-8f2c-ae2cc2b7e120:group-8F98C220B005 ConfigurationManager, init=-1: [9d7d954f-b073-45cf-8f2c-ae2cc2b7e120:192.168.36.114:42013], old=null, confs=<EMPTY_MAP>
2019-09-12 11:50:53,791 [pool-27-thread-1] INFO  server.RaftServerConfigKeys (ConfUtils.java:logGet(43)) - raft.server.storage.dir = [/workdir/hadoop-ozone/tools/target/test-dir/MiniOzoneClusterImpl-d6dca02c-26cd-4265-82f2-daeedfc193e9/datanode-0/data/ratis] (custom)
2019-09-12 11:50:53,791 [pool-27-thread-1] INFO  storage.RaftStorageDirectory (RaftStorageDirectory.java:analyzeStorage(246)) - The storage directory /workdir/hadoop-ozone/tools/target/test-dir/MiniOzoneClusterImpl-d6dca02c-26cd-4265-82f2-daeedfc193e9/datanode-0/data/ratis/940448de-57e0-4bd2-9b55-8f98c220b005 does not exist. Creating ...
2019-09-12 11:50:53,799 | INFO  | SCMAudit | user=jenkins1000 | ip=192.168.36.114 | op=SEND_HEARTBEAT {datanodeUUID=233f3d22-ae09-46be-8182-f5e58d004644, command=[]} | ret=SUCCESS |  
2019-09-12 11:50:53,806 [pool-27-thread-1] INFO  storage.RaftStorageDirectory (RaftStorageDirectory.java:tryLock(328)) - Lock on /workdir/hadoop-ozone/tools/target/test-dir/MiniOzoneClusterImpl-d6dca02c-26cd-4265-82f2-daeedfc193e9/datanode-0/data/ratis/940448de-57e0-4bd2-9b55-8f98c220b005/in_use.lock acquired by nodename 20454@pr-hdds-1569-58hkm-1881083799
2019-09-12 11:50:53,819 [pool-27-thread-1] INFO  storage.RaftStorage (RaftStorage.java:format(72)) - Storage directory /workdir/hadoop-ozone/tools/target/test-dir/MiniOzoneClusterImpl-d6dca02c-26cd-4265-82f2-daeedfc193e9/datanode-0/data/ratis/940448de-57e0-4bd2-9b55-8f98c220b005 has been successfully formatted.
2019-09-12 11:50:53,819 [pool-27-thread-1] INFO  ratis.ContainerStateMachine (ContainerStateMachine.java:loadSnapshot(226)) - group-8F98C220B005: The snapshot info is null. Setting the last applied indexto:(t:0, i:~)
2019-09-12 11:50:53,819 [pool-27-thread-1] INFO  server.RaftServerConfigKeys (ConfUtils.java:logGet(43)) - raft.server.leader.election.timeout = 120s (custom)
2019-09-12 11:50:53,820 [pool-27-thread-1] INFO  server.RaftServerConfigKeys (ConfUtils.java:logGet(43)) - raft.server.log.use.memory = false (default)
2019-09-12 11:50:53,820 [pool-27-thread-1] INFO  server.RaftServerConfigKeys (ConfUtils.java:logGet(43)) - raft.server.log.purge.gap = 1000000 (custom)
2019-09-12 11:50:53,820 [pool-27-thread-1] INFO  server.RaftServerConfigKeys (ConfUtils.java:logGet(43)) - raft.server.log.appender.buffer.byte-limit = 33554432 (custom)
2019-09-12 11:50:53,820 [pool-27-thread-1] INFO  server.RaftServerConfigKeys (ConfUtils.java:logGet(43)) - raft.server.log.segment.size.max = 1048576 (custom)
2019-09-12 11:50:53,820 [pool-27-thread-1] INFO  server.RaftServerConfigKeys (ConfUtils.java:logGet(43)) - raft.server.log.segment.cache.num.max = 2 (custom)
2019-09-12 11:50:53,820 [pool-27-thread-1] INFO  segmented.SegmentedRaftLogWorker (SegmentedRaftLogWorker.java:<init>(172)) - new 9d7d954f-b073-45cf-8f2c-ae2cc2b7e120-SegmentedRaftLogWorker:Storage Directory /workdir/hadoop-ozone/tools/target/test-dir/MiniOzoneClusterImpl-d6dca02c-26cd-4265-82f2-daeedfc193e9/datanode-0/data/ratis/940448de-57e0-4bd2-9b55-8f98c220b005 for RaftStorage:Storage Directory /workdir/hadoop-ozone/tools/target/test-dir/MiniOzoneClusterImpl-d6dca02c-26cd-4265-82f2-daeedfc193e9/datanode-0/data/ratis/940448de-57e0-4bd2-9b55-8f98c220b005
2019-09-12 11:50:53,821 [pool-27-thread-1] INFO  server.RaftServerConfigKeys (ConfUtils.java:logGet(43)) - raft.server.log.queue.byte-limit = 2147483647 (custom)
2019-09-12 11:50:53,821 [pool-27-thread-1] INFO  server.RaftServerConfigKeys (ConfUtils.java:logGet(43)) - raft.server.log.queue.element-limit = 1024 (custom)
2019-09-12 11:50:53,821 [pool-27-thread-1] INFO  server.RaftServerConfigKeys (ConfUtils.java:logGet(43)) - raft.server.log.segment.size.max = 1048576 (custom)
2019-09-12 11:50:53,821 [pool-27-thread-1] INFO  server.RaftServerConfigKeys (ConfUtils.java:logGet(43)) - raft.server.log.preallocated.size = 16384 (custom)
2019-09-12 11:50:53,821 [pool-27-thread-1] INFO  server.RaftServerConfigKeys (ConfUtils.java:logGet(43)) - raft.server.log.write.buffer.size = 33554432 (custom)
2019-09-12 11:50:53,821 [pool-27-thread-1] INFO  server.RaftServerConfigKeys (ConfUtils.java:logGet(43)) - raft.server.log.force.sync.num = 128 (default)
2019-09-12 11:50:53,823 [pool-27-thread-1] INFO  server.RaftServerConfigKeys (ConfUtils.java:logGet(43)) - raft.server.log.statemachine.data.sync = true (default)
2019-09-12 11:50:53,824 [pool-27-thread-1] INFO  server.RaftServerConfigKeys (ConfUtils.java:logGet(43)) - raft.server.log.statemachine.data.sync.timeout = 10s (default)
2019-09-12 11:50:53,824 [pool-27-thread-1] INFO  server.RaftServerConfigKeys (ConfUtils.java:logGet(43)) - raft.server.log.statemachine.data.sync.timeout.retry = -1 (default)
2019-09-12 11:50:53,824 [pool-27-thread-1] INFO  server.RaftServerConfigKeys (ConfUtils.java:logGet(43)) - raft.server.log.statemachine.data.caching.enabled = true (custom)
2019-09-12 11:50:53,824 [pool-27-thread-1] INFO  segmented.SegmentedRaftLogWorker (SegmentedRaftLogWorker.java:lambda$new$0(132)) - 9d7d954f-b073-45cf-8f2c-ae2cc2b7e120-SegmentedRaftLogWorker:Storage Directory /workdir/hadoop-ozone/tools/target/test-dir/MiniOzoneClusterImpl-d6dca02c-26cd-4265-82f2-daeedfc193e9/datanode-0/data/ratis/940448de-57e0-4bd2-9b55-8f98c220b005: flushIndex: setUnconditionally 0 -> -1
2019-09-12 11:50:53,825 [pool-27-thread-1] INFO  server.RaftServerConfigKeys (ConfUtils.java:logGet(43)) - raft.server.snapshot.auto.trigger.enabled = true (custom)
2019-09-12 11:50:53,825 [pool-27-thread-1] INFO  server.RaftServerConfigKeys (ConfUtils.java:logGet(43)) - raft.server.snapshot.auto.trigger.threshold = 10000 (custom)
2019-09-12 11:50:53,825 [pool-27-thread-1] INFO  server.RaftServerConfigKeys (ConfUtils.java:logGet(43)) - raft.server.retrycache.expirytime = 600000ms (custom)
2019-09-12 11:50:53,825 [pool-27-thread-1] INFO  impl.RaftServerImpl (RaftServerImpl.java:start(180)) - 9d7d954f-b073-45cf-8f2c-ae2cc2b7e120: start group-8F98C220B005
2019-09-12 11:50:53,826 [pool-27-thread-1] INFO  impl.RaftServerImpl (RaftServerImpl.java:setRole(171)) - 9d7d954f-b073-45cf-8f2c-ae2cc2b7e120:group-8F98C220B005 changes role from null to FOLLOWER at term 0 for startAsFollower
2019-09-12 11:50:53,826 [pool-27-thread-1] INFO  impl.RoleInfo (RoleInfo.java:updateAndGet(143)) - 9d7d954f-b073-45cf-8f2c-ae2cc2b7e120: start FollowerState
2019-09-12 11:50:53,826 [pool-27-thread-1] INFO  util.JmxRegister (JmxRegister.java:tryRegister(44)) - Successfully registered JMX Bean with object name Ratis:service=RaftServer,group=group-8F98C220B005,id=9d7d954f-b073-45cf-8f2c-ae2cc2b7e120
2019-09-12 11:50:53,832 [RatisPipelineUtilsThread] INFO  pipeline.PipelineStateManager (PipelineStateManager.java:addPipeline(56)) - Created pipeline Pipeline[ Id: 940448de-57e0-4bd2-9b55-8f98c220b005, Nodes: 9d7d954f-b073-45cf-8f2c-ae2cc2b7e120{ip: 192.168.36.114, host: pr-hdds-1569-58hkm-1881083799, networkLocation: /default-rack, certSerialId: null}, Type:RATIS, Factor:ONE, State:OPEN]
2019-09-12 11:50:53,842 [grpc-default-executor-1] INFO  impl.RaftServerProxy (RaftServerProxy.java:addNew(89)) - 233f3d22-ae09-46be-8182-f5e58d004644: addNew group-E405C6E9A1E7:[233f3d22-ae09-46be-8182-f5e58d004644:192.168.36.114:35523] returns group-E405C6E9A1E7:java.util.concurrent.CompletableFuture@627ab59a[Not completed]
2019-09-12 11:50:53,844 [pool-38-thread-1] INFO  impl.RaftServerImpl (RaftServerImpl.java:<init>(93)) - 233f3d22-ae09-46be-8182-f5e58d004644: new RaftServerImpl for group-E405C6E9A1E7:[233f3d22-ae09-46be-8182-f5e58d004644:192.168.36.114:35523] with ContainerStateMachine:uninitialized
2019-09-12 11:50:53,845 [pool-38-thread-1] INFO  server.RaftServerConfigKeys (ConfUtils.java:logGet(43)) - raft.server.rpc.timeout.min = 5s (custom)
2019-09-12 11:50:53,845 [pool-38-thread-1] INFO  server.RaftServerConfigKeys (ConfUtils.java:logGet(43)) - raft.server.rpc.timeout.max = 5200ms (custom)
2019-09-12 11:50:53,845 [pool-38-thread-1] INFO  server.RaftServerConfigKeys (ConfUtils.java:logGet(43)) - raft.server.rpcslowness.timeout = 120s (custom)
2019-09-12 11:50:53,845 [pool-38-thread-1] INFO  server.RaftServerConfigKeys (ConfUtils.java:logGet(43)) - raft.server.sleep.deviation.threshold = 300 (default)
2019-09-12 11:50:53,845 [pool-38-thread-1] INFO  server.RaftServerConfigKeys (ConfUtils.java:logGet(43)) - raft.server.log.appender.install.snapshot.enabled = false (custom)
2019-09-12 11:50:53,846 [pool-38-thread-1] INFO  impl.RaftServerImpl (ServerState.java:<init>(105)) - 233f3d22-ae09-46be-8182-f5e58d004644:group-E405C6E9A1E7 ConfigurationManager, init=-1: [233f3d22-ae09-46be-8182-f5e58d004644:192.168.36.114:35523], old=null, confs=<EMPTY_MAP>
2019-09-12 11:50:53,846 [pool-38-thread-1] INFO  server.RaftServerConfigKeys (ConfUtils.java:logGet(43)) - raft.server.storage.dir = [/workdir/hadoop-ozone/tools/target/test-dir/MiniOzoneClusterImpl-d6dca02c-26cd-4265-82f2-daeedfc193e9/datanode-1/data/ratis] (custom)
2019-09-12 11:50:53,846 [pool-38-thread-1] INFO  storage.RaftStorageDirectory (RaftStorageDirectory.java:analyzeStorage(246)) - The storage directory /workdir/hadoop-ozone/tools/target/test-dir/MiniOzoneClusterImpl-d6dca02c-26cd-4265-82f2-daeedfc193e9/datanode-1/data/ratis/5a1ada3e-7a05-421c-9ff3-e405c6e9a1e7 does not exist. Creating ...
2019-09-12 11:50:53,858 [pool-38-thread-1] INFO  storage.RaftStorageDirectory (RaftStorageDirectory.java:tryLock(328)) - Lock on /workdir/hadoop-ozone/tools/target/test-dir/MiniOzoneClusterImpl-d6dca02c-26cd-4265-82f2-daeedfc193e9/datanode-1/data/ratis/5a1ada3e-7a05-421c-9ff3-e405c6e9a1e7/in_use.lock acquired by nodename 20454@pr-hdds-1569-58hkm-1881083799
2019-09-12 11:50:53,871 [pool-38-thread-1] INFO  storage.RaftStorage (RaftStorage.java:format(72)) - Storage directory /workdir/hadoop-ozone/tools/target/test-dir/MiniOzoneClusterImpl-d6dca02c-26cd-4265-82f2-daeedfc193e9/datanode-1/data/ratis/5a1ada3e-7a05-421c-9ff3-e405c6e9a1e7 has been successfully formatted.
2019-09-12 11:50:53,871 [pool-38-thread-1] INFO  ratis.ContainerStateMachine (ContainerStateMachine.java:loadSnapshot(226)) - group-E405C6E9A1E7: The snapshot info is null. Setting the last applied indexto:(t:0, i:~)
2019-09-12 11:50:53,872 [pool-38-thread-1] INFO  server.RaftServerConfigKeys (ConfUtils.java:logGet(43)) - raft.server.leader.election.timeout = 120s (custom)
2019-09-12 11:50:53,872 [pool-38-thread-1] INFO  server.RaftServerConfigKeys (ConfUtils.java:logGet(43)) - raft.server.log.use.memory = false (default)
2019-09-12 11:50:53,872 [pool-38-thread-1] INFO  server.RaftServerConfigKeys (ConfUtils.java:logGet(43)) - raft.server.log.purge.gap = 1000000 (custom)
2019-09-12 11:50:53,872 [pool-38-thread-1] INFO  server.RaftServerConfigKeys (ConfUtils.java:logGet(43)) - raft.server.log.appender.buffer.byte-limit = 33554432 (custom)
2019-09-12 11:50:53,872 [pool-38-thread-1] INFO  server.RaftServerConfigKeys (ConfUtils.java:logGet(43)) - raft.server.log.segment.size.max = 1048576 (custom)
2019-09-12 11:50:53,872 [pool-38-thread-1] INFO  server.RaftServerConfigKeys (ConfUtils.java:logGet(43)) - raft.server.log.segment.cache.num.max = 2 (custom)
2019-09-12 11:50:53,873 [pool-38-thread-1] INFO  segmented.SegmentedRaftLogWorker (SegmentedRaftLogWorker.java:<init>(172)) - new 233f3d22-ae09-46be-8182-f5e58d004644-SegmentedRaftLogWorker:Storage Directory /workdir/hadoop-ozone/tools/target/test-dir/MiniOzoneClusterImpl-d6dca02c-26cd-4265-82f2-daeedfc193e9/datanode-1/data/ratis/5a1ada3e-7a05-421c-9ff3-e405c6e9a1e7 for RaftStorage:Storage Directory /workdir/hadoop-ozone/tools/target/test-dir/MiniOzoneClusterImpl-d6dca02c-26cd-4265-82f2-daeedfc193e9/datanode-1/data/ratis/5a1ada3e-7a05-421c-9ff3-e405c6e9a1e7
2019-09-12 11:50:53,873 [pool-38-thread-1] INFO  server.RaftServerConfigKeys (ConfUtils.java:logGet(43)) - raft.server.log.queue.byte-limit = 2147483647 (custom)
2019-09-12 11:50:53,873 [pool-38-thread-1] INFO  server.RaftServerConfigKeys (ConfUtils.java:logGet(43)) - raft.server.log.queue.element-limit = 1024 (custom)
2019-09-12 11:50:53,873 [pool-38-thread-1] INFO  server.RaftServerConfigKeys (ConfUtils.java:logGet(43)) - raft.server.log.segment.size.max = 1048576 (custom)
2019-09-12 11:50:53,873 [pool-38-thread-1] INFO  server.RaftServerConfigKeys (ConfUtils.java:logGet(43)) - raft.server.log.preallocated.size = 16384 (custom)
2019-09-12 11:50:53,874 [pool-38-thread-1] INFO  server.RaftServerConfigKeys (ConfUtils.java:logGet(43)) - raft.server.log.write.buffer.size = 33554432 (custom)
2019-09-12 11:50:53,874 [pool-38-thread-1] INFO  server.RaftServerConfigKeys (ConfUtils.java:logGet(43)) - raft.server.log.force.sync.num = 128 (default)
2019-09-12 11:50:53,874 [pool-38-thread-1] INFO  server.RaftServerConfigKeys (ConfUtils.java:logGet(43)) - raft.server.log.statemachine.data.sync = true (default)
2019-09-12 11:50:53,874 [pool-38-thread-1] INFO  server.RaftServerConfigKeys (ConfUtils.java:logGet(43)) - raft.server.log.statemachine.data.sync.timeout = 10s (default)
2019-09-12 11:50:53,874 [pool-38-thread-1] INFO  server.RaftServerConfigKeys (ConfUtils.java:logGet(43)) - raft.server.log.statemachine.data.sync.timeout.retry = -1 (default)
2019-09-12 11:50:53,874 [pool-38-thread-1] INFO  server.RaftServerConfigKeys (ConfUtils.java:logGet(43)) - raft.server.log.statemachine.data.caching.enabled = true (custom)
2019-09-12 11:50:53,875 [pool-38-thread-1] INFO  segmented.SegmentedRaftLogWorker (SegmentedRaftLogWorker.java:lambda$new$0(132)) - 233f3d22-ae09-46be-8182-f5e58d004644-SegmentedRaftLogWorker:Storage Directory /workdir/hadoop-ozone/tools/target/test-dir/MiniOzoneClusterImpl-d6dca02c-26cd-4265-82f2-daeedfc193e9/datanode-1/data/ratis/5a1ada3e-7a05-421c-9ff3-e405c6e9a1e7: flushIndex: setUnconditionally 0 -> -1
2019-09-12 11:50:53,875 [pool-38-thread-1] INFO  server.RaftServerConfigKeys (ConfUtils.java:logGet(43)) - raft.server.snapshot.auto.trigger.enabled = true (custom)
2019-09-12 11:50:53,875 [pool-38-thread-1] INFO  server.RaftServerConfigKeys (ConfUtils.java:logGet(43)) - raft.server.snapshot.auto.trigger.threshold = 10000 (custom)
2019-09-12 11:50:53,876 [pool-38-thread-1] INFO  server.RaftServerConfigKeys (ConfUtils.java:logGet(43)) - raft.server.retrycache.expirytime = 600000ms (custom)
2019-09-12 11:50:53,876 [pool-38-thread-1] INFO  impl.RaftServerImpl (RaftServerImpl.java:start(180)) - 233f3d22-ae09-46be-8182-f5e58d004644: start group-E405C6E9A1E7
2019-09-12 11:50:53,876 [pool-38-thread-1] INFO  impl.RaftServerImpl (RaftServerImpl.java:setRole(171)) - 233f3d22-ae09-46be-8182-f5e58d004644:group-E405C6E9A1E7 changes role from null to FOLLOWER at term 0 for startAsFollower
2019-09-12 11:50:53,876 [pool-38-thread-1] INFO  impl.RoleInfo (RoleInfo.java:updateAndGet(143)) - 233f3d22-ae09-46be-8182-f5e58d004644: start FollowerState
2019-09-12 11:50:53,877 [pool-38-thread-1] INFO  util.JmxRegister (JmxRegister.java:tryRegister(44)) - Successfully registered JMX Bean with object name Ratis:service=RaftServer,group=group-E405C6E9A1E7,id=233f3d22-ae09-46be-8182-f5e58d004644
2019-09-12 11:50:53,882 [RatisPipelineUtilsThread] INFO  pipeline.PipelineStateManager (PipelineStateManager.java:addPipeline(56)) - Created pipeline Pipeline[ Id: 5a1ada3e-7a05-421c-9ff3-e405c6e9a1e7, Nodes: 233f3d22-ae09-46be-8182-f5e58d004644{ip: 192.168.36.114, host: pr-hdds-1569-58hkm-1881083799, networkLocation: /default-rack, certSerialId: null}, Type:RATIS, Factor:ONE, State:OPEN]
2019-09-12 11:50:53,892 [grpc-default-executor-1] INFO  impl.RaftServerProxy (RaftServerProxy.java:addNew(89)) - 9d7d954f-b073-45cf-8f2c-ae2cc2b7e120: addNew group-04D47BD86202:[9d7d954f-b073-45cf-8f2c-ae2cc2b7e120:192.168.36.114:42013] returns group-04D47BD86202:java.util.concurrent.CompletableFuture@4e229707[Not completed]
2019-09-12 11:50:53,893 [pool-27-thread-1] INFO  impl.RaftServerImpl (RaftServerImpl.java:<init>(93)) - 9d7d954f-b073-45cf-8f2c-ae2cc2b7e120: new RaftServerImpl for group-04D47BD86202:[9d7d954f-b073-45cf-8f2c-ae2cc2b7e120:192.168.36.114:42013] with ContainerStateMachine:uninitialized
2019-09-12 11:50:53,894 [pool-27-thread-1] INFO  server.RaftServerConfigKeys (ConfUtils.java:logGet(43)) - raft.server.rpc.timeout.min = 5s (custom)
2019-09-12 11:50:53,894 [pool-27-thread-1] INFO  server.RaftServerConfigKeys (ConfUtils.java:logGet(43)) - raft.server.rpc.timeout.max = 5200ms (custom)
2019-09-12 11:50:53,894 [pool-27-thread-1] INFO  server.RaftServerConfigKeys (ConfUtils.java:logGet(43)) - raft.server.rpcslowness.timeout = 120s (custom)
2019-09-12 11:50:53,894 [pool-27-thread-1] INFO  server.RaftServerConfigKeys (ConfUtils.java:logGet(43)) - raft.server.sleep.deviation.threshold = 300 (default)
2019-09-12 11:50:53,894 [pool-27-thread-1] INFO  server.RaftServerConfigKeys (ConfUtils.java:logGet(43)) - raft.server.log.appender.install.snapshot.enabled = false (custom)
2019-09-12 11:50:53,894 [pool-27-thread-1] INFO  impl.RaftServerImpl (ServerState.java:<init>(105)) - 9d7d954f-b073-45cf-8f2c-ae2cc2b7e120:group-04D47BD86202 ConfigurationManager, init=-1: [9d7d954f-b073-45cf-8f2c-ae2cc2b7e120:192.168.36.114:42013], old=null, confs=<EMPTY_MAP>
2019-09-12 11:50:53,894 [pool-27-thread-1] INFO  server.RaftServerConfigKeys (ConfUtils.java:logGet(43)) - raft.server.storage.dir = [/workdir/hadoop-ozone/tools/target/test-dir/MiniOzoneClusterImpl-d6dca02c-26cd-4265-82f2-daeedfc193e9/datanode-0/data/ratis] (custom)
2019-09-12 11:50:53,895 [pool-27-thread-1] INFO  storage.RaftStorageDirectory (RaftStorageDirectory.java:analyzeStorage(246)) - The storage directory /workdir/hadoop-ozone/tools/target/test-dir/MiniOzoneClusterImpl-d6dca02c-26cd-4265-82f2-daeedfc193e9/datanode-0/data/ratis/69e6e504-ecee-484c-bc4c-04d47bd86202 does not exist. Creating ...
2019-09-12 11:50:53,920 [pool-27-thread-1] INFO  storage.RaftStorageDirectory (RaftStorageDirectory.java:tryLock(328)) - Lock on /workdir/hadoop-ozone/tools/target/test-dir/MiniOzoneClusterImpl-d6dca02c-26cd-4265-82f2-daeedfc193e9/datanode-0/data/ratis/69e6e504-ecee-484c-bc4c-04d47bd86202/in_use.lock acquired by nodename 20454@pr-hdds-1569-58hkm-1881083799
2019-09-12 11:50:53,926 [main] INFO  freon.RandomKeyGenerator (RandomKeyGenerator.java:call(275)) - Number of Threads: 10
2019-09-12 11:50:53,927 [main] INFO  freon.RandomKeyGenerator (RandomKeyGenerator.java:call(280)) - Number of Volumes: 1.
2019-09-12 11:50:53,927 [main] INFO  freon.RandomKeyGenerator (RandomKeyGenerator.java:call(281)) - Number of Buckets per Volume: 1.
2019-09-12 11:50:53,927 [main] INFO  freon.RandomKeyGenerator (RandomKeyGenerator.java:call(282)) - Number of Keys per Bucket: 1.
2019-09-12 11:50:53,927 [main] INFO  freon.RandomKeyGenerator (RandomKeyGenerator.java:call(283)) - Key size: 20971520 bytes
2019-09-12 11:50:53,927 [main] INFO  freon.RandomKeyGenerator (RandomKeyGenerator.java:call(284)) - Buffer size: 4096 bytes
2019-09-12 11:50:53,931 [main] INFO  freon.RandomKeyGenerator (RandomKeyGenerator.java:call(298)) - Data validation is enabled.
2019-09-12 11:50:53,932 [main] INFO  freon.RandomKeyGenerator (RandomKeyGenerator.java:call(304)) - Starting progress bar Thread.

2019-09-12 11:50:53,933 [pool-27-thread-1] INFO  storage.RaftStorage (RaftStorage.java:format(72)) - Storage directory /workdir/hadoop-ozone/tools/target/test-dir/MiniOzoneClusterImpl-d6dca02c-26cd-4265-82f2-daeedfc193e9/datanode-0/data/ratis/69e6e504-ecee-484c-bc4c-04d47bd86202 has been successfully formatted.
2019-09-12 11:50:53,934 [pool-27-thread-1] INFO  ratis.ContainerStateMachine (ContainerStateMachine.java:loadSnapshot(226)) - group-04D47BD86202: The snapshot info is null. Setting the last applied indexto:(t:0, i:~)
2019-09-12 11:50:53,934 [pool-27-thread-1] INFO  server.RaftServerConfigKeys (ConfUtils.java:logGet(43)) - raft.server.leader.election.timeout = 120s (custom)
2019-09-12 11:50:53,934 [pool-27-thread-1] INFO  server.RaftServerConfigKeys (ConfUtils.java:logGet(43)) - raft.server.log.use.memory = false (default)
2019-09-12 11:50:53,934 [pool-27-thread-1] INFO  server.RaftServerConfigKeys (ConfUtils.java:logGet(43)) - raft.server.log.purge.gap = 1000000 (custom)
2019-09-12 11:50:53,934 [pool-27-thread-1] INFO  server.RaftServerConfigKeys (ConfUtils.java:logGet(43)) - raft.server.log.appender.buffer.byte-limit = 33554432 (custom)
2019-09-12 11:50:53,934 [pool-27-thread-1] INFO  server.RaftServerConfigKeys (ConfUtils.java:logGet(43)) - raft.server.log.segment.size.max = 1048576 (custom)
 0.00% |█                                                                                                    |  0/1 Time: 0:00:002019-09-12 11:50:53,934 [pool-27-thread-1] INFO  server.RaftServerConfigKeys (ConfUtils.java:logGet(43)) - raft.server.log.segment.cache.num.max = 2 (custom)
2019-09-12 11:50:53,935 [pool-27-thread-1] INFO  segmented.SegmentedRaftLogWorker (SegmentedRaftLogWorker.java:<init>(172)) - new 9d7d954f-b073-45cf-8f2c-ae2cc2b7e120-SegmentedRaftLogWorker:Storage Directory /workdir/hadoop-ozone/tools/target/test-dir/MiniOzoneClusterImpl-d6dca02c-26cd-4265-82f2-daeedfc193e9/datanode-0/data/ratis/69e6e504-ecee-484c-bc4c-04d47bd86202 for RaftStorage:Storage Directory /workdir/hadoop-ozone/tools/target/test-dir/MiniOzoneClusterImpl-d6dca02c-26cd-4265-82f2-daeedfc193e9/datanode-0/data/ratis/69e6e504-ecee-484c-bc4c-04d47bd86202
2019-09-12 11:50:53,935 [pool-27-thread-1] INFO  server.RaftServerConfigKeys (ConfUtils.java:logGet(43)) - raft.server.log.queue.byte-limit = 2147483647 (custom)
2019-09-12 11:50:53,935 [pool-27-thread-1] INFO  server.RaftServerConfigKeys (ConfUtils.java:logGet(43)) - raft.server.log.queue.element-limit = 1024 (custom)
2019-09-12 11:50:53,935 [pool-27-thread-1] INFO  server.RaftServerConfigKeys (ConfUtils.java:logGet(43)) - raft.server.log.segment.size.max = 1048576 (custom)
2019-09-12 11:50:53,935 [pool-27-thread-1] INFO  server.RaftServerConfigKeys (ConfUtils.java:logGet(43)) - raft.server.log.preallocated.size = 16384 (custom)
2019-09-12 11:50:53,935 [pool-27-thread-1] INFO  server.RaftServerConfigKeys (ConfUtils.java:logGet(43)) - raft.server.log.write.buffer.size = 33554432 (custom)
2019-09-12 11:50:53,935 [pool-27-thread-1] INFO  server.RaftServerConfigKeys (ConfUtils.java:logGet(43)) - raft.server.log.force.sync.num = 128 (default)
2019-09-12 11:50:53,936 [pool-27-thread-1] INFO  server.RaftServerConfigKeys (ConfUtils.java:logGet(43)) - raft.server.log.statemachine.data.sync = true (default)
2019-09-12 11:50:53,936 [pool-27-thread-1] INFO  server.RaftServerConfigKeys (ConfUtils.java:logGet(43)) - raft.server.log.statemachine.data.sync.timeout = 10s (default)
2019-09-12 11:50:53,936 [pool-27-thread-1] INFO  server.RaftServerConfigKeys (ConfUtils.java:logGet(43)) - raft.server.log.statemachine.data.sync.timeout.retry = -1 (default)
2019-09-12 11:50:53,936 [pool-27-thread-1] INFO  server.RaftServerConfigKeys (ConfUtils.java:logGet(43)) - raft.server.log.statemachine.data.caching.enabled = true (custom)
2019-09-12 11:50:53,936 [pool-27-thread-1] INFO  segmented.SegmentedRaftLogWorker (SegmentedRaftLogWorker.java:lambda$new$0(132)) - 9d7d954f-b073-45cf-8f2c-ae2cc2b7e120-SegmentedRaftLogWorker:Storage Directory /workdir/hadoop-ozone/tools/target/test-dir/MiniOzoneClusterImpl-d6dca02c-26cd-4265-82f2-daeedfc193e9/datanode-0/data/ratis/69e6e504-ecee-484c-bc4c-04d47bd86202: flushIndex: setUnconditionally 0 -> -1
2019-09-12 11:50:53,937 [pool-27-thread-1] INFO  server.RaftServerConfigKeys (ConfUtils.java:logGet(43)) - raft.server.snapshot.auto.trigger.enabled = true (custom)
2019-09-12 11:50:53,937 [pool-27-thread-1] INFO  server.RaftServerConfigKeys (ConfUtils.java:logGet(43)) - raft.server.snapshot.auto.trigger.threshold = 10000 (custom)
2019-09-12 11:50:53,937 [pool-27-thread-1] INFO  server.RaftServerConfigKeys (ConfUtils.java:logGet(43)) - raft.server.retrycache.expirytime = 600000ms (custom)
2019-09-12 11:50:53,937 [pool-27-thread-1] INFO  impl.RaftServerImpl (RaftServerImpl.java:start(180)) - 9d7d954f-b073-45cf-8f2c-ae2cc2b7e120: start group-04D47BD86202
2019-09-12 11:50:53,937 [pool-27-thread-1] INFO  impl.RaftServerImpl (RaftServerImpl.java:setRole(171)) - 9d7d954f-b073-45cf-8f2c-ae2cc2b7e120:group-04D47BD86202 changes role from null to FOLLOWER at term 0 for startAsFollower
2019-09-12 11:50:53,937 [pool-27-thread-1] INFO  impl.RoleInfo (RoleInfo.java:updateAndGet(143)) - 9d7d954f-b073-45cf-8f2c-ae2cc2b7e120: start FollowerState
2019-09-12 11:50:53,938 [pool-27-thread-1] INFO  util.JmxRegister (JmxRegister.java:tryRegister(44)) - Successfully registered JMX Bean with object name Ratis:service=RaftServer,group=group-04D47BD86202,id=9d7d954f-b073-45cf-8f2c-ae2cc2b7e120
2019-09-12 11:50:53,951 [RatisPipelineUtilsThread] INFO  pipeline.PipelineStateManager (PipelineStateManager.java:addPipeline(56)) - Created pipeline Pipeline[ Id: 69e6e504-ecee-484c-bc4c-04d47bd86202, Nodes: 9d7d954f-b073-45cf-8f2c-ae2cc2b7e120{ip: 192.168.36.114, host: pr-hdds-1569-58hkm-1881083799, networkLocation: /default-rack, certSerialId: null}, Type:RATIS, Factor:ONE, State:OPEN]
2019-09-12 11:50:53,953 [RatisPipelineUtilsThread] ERROR pipeline.PipelinePlacementPolicy (PipelinePlacementPolicy.java:meetCriteria(92)) - Pipeline Placement: Doesn't meet the criteria to be viable node. Heaviness: 6
2019-09-12 11:50:53,959 [pool-78-thread-1] INFO  rpc.RpcClient (RpcClient.java:createVolume(293)) - Creating Volume: vol-0-47297, with jenkins1000 as owner.
2019-09-12 11:50:53,962 [grpc-default-executor-1] INFO  impl.RaftServerProxy (RaftServerProxy.java:addNew(89)) - 9aaf2f78-d78f-4ebc-b7a2-56dce2b57085: addNew group-57138319F818:[9aaf2f78-d78f-4ebc-b7a2-56dce2b57085:192.168.36.114:38046] returns group-57138319F818:java.util.concurrent.CompletableFuture@4e2898cf[Not completed]
2019-09-12 11:50:53,963 [pool-60-thread-1] INFO  impl.RaftServerImpl (RaftServerImpl.java:<init>(93)) - 9aaf2f78-d78f-4ebc-b7a2-56dce2b57085: new RaftServerImpl for group-57138319F818:[9aaf2f78-d78f-4ebc-b7a2-56dce2b57085:192.168.36.114:38046] with ContainerStateMachine:uninitialized
2019-09-12 11:50:53,964 [pool-60-thread-1] INFO  server.RaftServerConfigKeys (ConfUtils.java:logGet(43)) - raft.server.rpc.timeout.min = 5s (custom)
2019-09-12 11:50:53,964 [pool-60-thread-1] INFO  server.RaftServerConfigKeys (ConfUtils.java:logGet(43)) - raft.server.rpc.timeout.max = 5200ms (custom)
2019-09-12 11:50:53,964 [pool-60-thread-1] INFO  server.RaftServerConfigKeys (ConfUtils.java:logGet(43)) - raft.server.rpcslowness.timeout = 120s (custom)
2019-09-12 11:50:53,964 [pool-60-thread-1] INFO  server.RaftServerConfigKeys (ConfUtils.java:logGet(43)) - raft.server.sleep.deviation.threshold = 300 (default)
2019-09-12 11:50:53,964 [pool-60-thread-1] INFO  server.RaftServerConfigKeys (ConfUtils.java:logGet(43)) - raft.server.log.appender.install.snapshot.enabled = false (custom)
2019-09-12 11:50:53,964 [pool-60-thread-1] INFO  impl.RaftServerImpl (ServerState.java:<init>(105)) - 9aaf2f78-d78f-4ebc-b7a2-56dce2b57085:group-57138319F818 ConfigurationManager, init=-1: [9aaf2f78-d78f-4ebc-b7a2-56dce2b57085:192.168.36.114:38046], old=null, confs=<EMPTY_MAP>
2019-09-12 11:50:53,964 [pool-60-thread-1] INFO  server.RaftServerConfigKeys (ConfUtils.java:logGet(43)) - raft.server.storage.dir = [/workdir/hadoop-ozone/tools/target/test-dir/MiniOzoneClusterImpl-d6dca02c-26cd-4265-82f2-daeedfc193e9/datanode-3/data/ratis] (custom)
2019-09-12 11:50:53,966 [pool-60-thread-1] INFO  storage.RaftStorageDirectory (RaftStorageDirectory.java:analyzeStorage(246)) - The storage directory /workdir/hadoop-ozone/tools/target/test-dir/MiniOzoneClusterImpl-d6dca02c-26cd-4265-82f2-daeedfc193e9/datanode-3/data/ratis/e1792b3c-7978-4ef5-8a49-57138319f818 does not exist. Creating ...
2019-09-12 11:50:53,979 [pool-60-thread-1] INFO  storage.RaftStorageDirectory (RaftStorageDirectory.java:tryLock(328)) - Lock on /workdir/hadoop-ozone/tools/target/test-dir/MiniOzoneClusterImpl-d6dca02c-26cd-4265-82f2-daeedfc193e9/datanode-3/data/ratis/e1792b3c-7978-4ef5-8a49-57138319f818/in_use.lock acquired by nodename 20454@pr-hdds-1569-58hkm-1881083799
2019-09-12 11:50:53,981 | INFO  | OMAudit | user=jenkins1000 | ip=127.0.0.1 | op=CREATE_VOLUME {admin=jenkins1000, owner=jenkins1000, volume=vol-0-47297, creationTime=1568289053977, quotaInBytes=1152921504606846976} | ret=SUCCESS |  
2019-09-12 11:50:53,992 [pool-60-thread-1] INFO  storage.RaftStorage (RaftStorage.java:format(72)) - Storage directory /workdir/hadoop-ozone/tools/target/test-dir/MiniOzoneClusterImpl-d6dca02c-26cd-4265-82f2-daeedfc193e9/datanode-3/data/ratis/e1792b3c-7978-4ef5-8a49-57138319f818 has been successfully formatted.
2019-09-12 11:50:53,993 [pool-60-thread-1] INFO  ratis.ContainerStateMachine (ContainerStateMachine.java:loadSnapshot(226)) - group-57138319F818: The snapshot info is null. Setting the last applied indexto:(t:0, i:~)
2019-09-12 11:50:53,993 | INFO  | OMAudit | user=jenkins1000 | ip=127.0.0.1 | op=READ_VOLUME {volume=vol-0-47297} | ret=SUCCESS |  
2019-09-12 11:50:53,993 [pool-60-thread-1] INFO  server.RaftServerConfigKeys (ConfUtils.java:logGet(43)) - raft.server.leader.election.timeout = 120s (custom)
2019-09-12 11:50:53,993 [pool-60-thread-1] INFO  server.RaftServerConfigKeys (ConfUtils.java:logGet(43)) - raft.server.log.use.memory = false (default)
2019-09-12 11:50:53,993 [pool-60-thread-1] INFO  server.RaftServerConfigKeys (ConfUtils.java:logGet(43)) - raft.server.log.purge.gap = 1000000 (custom)
2019-09-12 11:50:53,993 [pool-60-thread-1] INFO  server.RaftServerConfigKeys (ConfUtils.java:logGet(43)) - raft.server.log.appender.buffer.byte-limit = 33554432 (custom)
2019-09-12 11:50:53,993 [pool-60-thread-1] INFO  server.RaftServerConfigKeys (ConfUtils.java:logGet(43)) - raft.server.log.segment.size.max = 1048576 (custom)
2019-09-12 11:50:53,994 [pool-60-thread-1] INFO  server.RaftServerConfigKeys (ConfUtils.java:logGet(43)) - raft.server.log.segment.cache.num.max = 2 (custom)
2019-09-12 11:50:53,994 [pool-60-thread-1] INFO  segmented.SegmentedRaftLogWorker (SegmentedRaftLogWorker.java:<init>(172)) - new 9aaf2f78-d78f-4ebc-b7a2-56dce2b57085-SegmentedRaftLogWorker:Storage Directory /workdir/hadoop-ozone/tools/target/test-dir/MiniOzoneClusterImpl-d6dca02c-26cd-4265-82f2-daeedfc193e9/datanode-3/data/ratis/e1792b3c-7978-4ef5-8a49-57138319f818 for RaftStorage:Storage Directory /workdir/hadoop-ozone/tools/target/test-dir/MiniOzoneClusterImpl-d6dca02c-26cd-4265-82f2-daeedfc193e9/datanode-3/data/ratis/e1792b3c-7978-4ef5-8a49-57138319f818
2019-09-12 11:50:53,994 [pool-60-thread-1] INFO  server.RaftServerConfigKeys (ConfUtils.java:logGet(43)) - raft.server.log.queue.byte-limit = 2147483647 (custom)
2019-09-12 11:50:53,994 [pool-60-thread-1] INFO  server.RaftServerConfigKeys (ConfUtils.java:logGet(43)) - raft.server.log.queue.element-limit = 1024 (custom)
2019-09-12 11:50:53,994 [pool-60-thread-1] INFO  server.RaftServerConfigKeys (ConfUtils.java:logGet(43)) - raft.server.log.segment.size.max = 1048576 (custom)
2019-09-12 11:50:53,994 [pool-60-thread-1] INFO  server.RaftServerConfigKeys (ConfUtils.java:logGet(43)) - raft.server.log.preallocated.size = 16384 (custom)
2019-09-12 11:50:53,994 [pool-60-thread-1] INFO  server.RaftServerConfigKeys (ConfUtils.java:logGet(43)) - raft.server.log.write.buffer.size = 33554432 (custom)
2019-09-12 11:50:53,994 [pool-60-thread-1] INFO  server.RaftServerConfigKeys (ConfUtils.java:logGet(43)) - raft.server.log.force.sync.num = 128 (default)
2019-09-12 11:50:53,995 [pool-60-thread-1] INFO  server.RaftServerConfigKeys (ConfUtils.java:logGet(43)) - raft.server.log.statemachine.data.sync = true (default)
2019-09-12 11:50:53,995 [pool-60-thread-1] INFO  server.RaftServerConfigKeys (ConfUtils.java:logGet(43)) - raft.server.log.statemachine.data.sync.timeout = 10s (default)
2019-09-12 11:50:53,995 [pool-60-thread-1] INFO  server.RaftServerConfigKeys (ConfUtils.java:logGet(43)) - raft.server.log.statemachine.data.sync.timeout.retry = -1 (default)
2019-09-12 11:50:53,997 [pool-60-thread-1] INFO  server.RaftServerConfigKeys (ConfUtils.java:logGet(43)) - raft.server.log.statemachine.data.caching.enabled = true (custom)
2019-09-12 11:50:53,997 [pool-60-thread-1] INFO  segmented.SegmentedRaftLogWorker (SegmentedRaftLogWorker.java:lambda$new$0(132)) - 9aaf2f78-d78f-4ebc-b7a2-56dce2b57085-SegmentedRaftLogWorker:Storage Directory /workdir/hadoop-ozone/tools/target/test-dir/MiniOzoneClusterImpl-d6dca02c-26cd-4265-82f2-daeedfc193e9/datanode-3/data/ratis/e1792b3c-7978-4ef5-8a49-57138319f818: flushIndex: setUnconditionally 0 -> -1
2019-09-12 11:50:53,998 [pool-60-thread-1] INFO  server.RaftServerConfigKeys (ConfUtils.java:logGet(43)) - raft.server.snapshot.auto.trigger.enabled = true (custom)
2019-09-12 11:50:53,998 [pool-60-thread-1] INFO  server.RaftServerConfigKeys (ConfUtils.java:logGet(43)) - raft.server.snapshot.auto.trigger.threshold = 10000 (custom)
2019-09-12 11:50:53,998 [pool-60-thread-1] INFO  server.RaftServerConfigKeys (ConfUtils.java:logGet(43)) - raft.server.retrycache.expirytime = 600000ms (custom)
2019-09-12 11:50:53,998 [pool-60-thread-1] INFO  impl.RaftServerImpl (RaftServerImpl.java:start(180)) - 9aaf2f78-d78f-4ebc-b7a2-56dce2b57085: start group-57138319F818
2019-09-12 11:50:53,998 [pool-60-thread-1] INFO  impl.RaftServerImpl (RaftServerImpl.java:setRole(171)) - 9aaf2f78-d78f-4ebc-b7a2-56dce2b57085:group-57138319F818 changes role from null to FOLLOWER at term 0 for startAsFollower
2019-09-12 11:50:53,998 [pool-60-thread-1] INFO  impl.RoleInfo (RoleInfo.java:updateAndGet(143)) - 9aaf2f78-d78f-4ebc-b7a2-56dce2b57085: start FollowerState
2019-09-12 11:50:53,999 [pool-60-thread-1] INFO  util.JmxRegister (JmxRegister.java:tryRegister(44)) - Successfully registered JMX Bean with object name Ratis:service=RaftServer,group=group-57138319F818,id=9aaf2f78-d78f-4ebc-b7a2-56dce2b57085
2019-09-12 11:50:54,003 [RatisPipelineUtilsThread] INFO  pipeline.PipelineStateManager (PipelineStateManager.java:addPipeline(56)) - Created pipeline Pipeline[ Id: e1792b3c-7978-4ef5-8a49-57138319f818, Nodes: 9aaf2f78-d78f-4ebc-b7a2-56dce2b57085{ip: 192.168.36.114, host: pr-hdds-1569-58hkm-1881083799, networkLocation: /default-rack, certSerialId: null}, Type:RATIS, Factor:ONE, State:OPEN]
2019-09-12 11:50:54,005 [RatisPipelineUtilsThread] ERROR pipeline.PipelinePlacementPolicy (PipelinePlacementPolicy.java:meetCriteria(92)) - Pipeline Placement: Doesn't meet the criteria to be viable node. Heaviness: 6
2019-09-12 11:50:54,006 [pool-78-thread-2] INFO  rpc.RpcClient (RpcClient.java:createBucket(432)) - Creating Bucket: vol-0-47297/bucket-0-29495, with Versioning false and Storage Type set to DISK and Encryption set to false 
2019-09-12 11:50:54,019 [grpc-default-executor-1] INFO  impl.RaftServerProxy (RaftServerProxy.java:addNew(89)) - 8c993e87-89d2-4e6e-901e-5640f3030957: addNew group-D35C99BA1337:[8c993e87-89d2-4e6e-901e-5640f3030957:192.168.36.114:45855] returns group-D35C99BA1337:java.util.concurrent.CompletableFuture@3ab4ae3[Not completed]
2019-09-12 11:50:54,021 [pool-49-thread-1] INFO  impl.RaftServerImpl (RaftServerImpl.java:<init>(93)) - 8c993e87-89d2-4e6e-901e-5640f3030957: new RaftServerImpl for group-D35C99BA1337:[8c993e87-89d2-4e6e-901e-5640f3030957:192.168.36.114:45855] with ContainerStateMachine:uninitialized
2019-09-12 11:50:54,021 [pool-49-thread-1] INFO  server.RaftServerConfigKeys (ConfUtils.java:logGet(43)) - raft.server.rpc.timeout.min = 5s (custom)
2019-09-12 11:50:54,021 [pool-49-thread-1] INFO  server.RaftServerConfigKeys (ConfUtils.java:logGet(43)) - raft.server.rpc.timeout.max = 5200ms (custom)
2019-09-12 11:50:54,021 [pool-49-thread-1] INFO  server.RaftServerConfigKeys (ConfUtils.java:logGet(43)) - raft.server.rpcslowness.timeout = 120s (custom)
2019-09-12 11:50:54,021 [pool-49-thread-1] INFO  server.RaftServerConfigKeys (ConfUtils.java:logGet(43)) - raft.server.sleep.deviation.threshold = 300 (default)
2019-09-12 11:50:54,022 [pool-49-thread-1] INFO  server.RaftServerConfigKeys (ConfUtils.java:logGet(43)) - raft.server.log.appender.install.snapshot.enabled = false (custom)
2019-09-12 11:50:54,022 [pool-49-thread-1] INFO  impl.RaftServerImpl (ServerState.java:<init>(105)) - 8c993e87-89d2-4e6e-901e-5640f3030957:group-D35C99BA1337 ConfigurationManager, init=-1: [8c993e87-89d2-4e6e-901e-5640f3030957:192.168.36.114:45855], old=null, confs=<EMPTY_MAP>
2019-09-12 11:50:54,022 [pool-49-thread-1] INFO  server.RaftServerConfigKeys (ConfUtils.java:logGet(43)) - raft.server.storage.dir = [/workdir/hadoop-ozone/tools/target/test-dir/MiniOzoneClusterImpl-d6dca02c-26cd-4265-82f2-daeedfc193e9/datanode-2/data/ratis] (custom)
2019-09-12 11:50:54,024 [pool-49-thread-1] INFO  storage.RaftStorageDirectory (RaftStorageDirectory.java:analyzeStorage(246)) - The storage directory /workdir/hadoop-ozone/tools/target/test-dir/MiniOzoneClusterImpl-d6dca02c-26cd-4265-82f2-daeedfc193e9/datanode-2/data/ratis/905db6b8-768e-40c3-8998-d35c99ba1337 does not exist. Creating ...
2019-09-12 11:50:54,029 | INFO  | OMAudit | user=jenkins1000 | ip=127.0.0.1 | op=CREATE_BUCKET {volume=vol-0-47297, bucket=bucket-0-29495, acls=[user:jenkins1000:a[ACCESS], group:default:a[ACCESS]], isVersionEnabled=false, storageType=DISK, creationTime=0} | ret=SUCCESS |  
2019-09-12 11:50:54,036 | INFO  | SCMAudit | user=jenkins1000 | ip=192.168.36.114 | op=SEND_HEARTBEAT {datanodeUUID=8c993e87-89d2-4e6e-901e-5640f3030957, command=[]} | ret=SUCCESS |  
2019-09-12 11:50:54,036 [pool-49-thread-1] INFO  storage.RaftStorageDirectory (RaftStorageDirectory.java:tryLock(328)) - Lock on /workdir/hadoop-ozone/tools/target/test-dir/MiniOzoneClusterImpl-d6dca02c-26cd-4265-82f2-daeedfc193e9/datanode-2/data/ratis/905db6b8-768e-40c3-8998-d35c99ba1337/in_use.lock acquired by nodename 20454@pr-hdds-1569-58hkm-1881083799
2019-09-12 11:50:54,038 | INFO  | OMAudit | user=jenkins1000 | ip=127.0.0.1 | op=READ_BUCKET {volume=vol-0-47297, bucket=bucket-0-29495} | ret=SUCCESS |  
2019-09-12 11:50:54,049 [pool-49-thread-1] INFO  storage.RaftStorage (RaftStorage.java:format(72)) - Storage directory /workdir/hadoop-ozone/tools/target/test-dir/MiniOzoneClusterImpl-d6dca02c-26cd-4265-82f2-daeedfc193e9/datanode-2/data/ratis/905db6b8-768e-40c3-8998-d35c99ba1337 has been successfully formatted.
2019-09-12 11:50:54,050 [pool-49-thread-1] INFO  ratis.ContainerStateMachine (ContainerStateMachine.java:loadSnapshot(226)) - group-D35C99BA1337: The snapshot info is null. Setting the last applied indexto:(t:0, i:~)
2019-09-12 11:50:54,050 [pool-49-thread-1] INFO  server.RaftServerConfigKeys (ConfUtils.java:logGet(43)) - raft.server.leader.election.timeout = 120s (custom)
2019-09-12 11:50:54,050 [pool-49-thread-1] INFO  server.RaftServerConfigKeys (ConfUtils.java:logGet(43)) - raft.server.log.use.memory = false (default)
2019-09-12 11:50:54,050 [pool-49-thread-1] INFO  server.RaftServerConfigKeys (ConfUtils.java:logGet(43)) - raft.server.log.purge.gap = 1000000 (custom)
2019-09-12 11:50:54,050 [pool-49-thread-1] INFO  server.RaftServerConfigKeys (ConfUtils.java:logGet(43)) - raft.server.log.appender.buffer.byte-limit = 33554432 (custom)
2019-09-12 11:50:54,050 [pool-49-thread-1] INFO  server.RaftServerConfigKeys (ConfUtils.java:logGet(43)) - raft.server.log.segment.size.max = 1048576 (custom)
2019-09-12 11:50:54,051 [pool-49-thread-1] INFO  server.RaftServerConfigKeys (ConfUtils.java:logGet(43)) - raft.server.log.segment.cache.num.max = 2 (custom)
2019-09-12 11:50:54,051 [pool-49-thread-1] INFO  segmented.SegmentedRaftLogWorker (SegmentedRaftLogWorker.java:<init>(172)) - new 8c993e87-89d2-4e6e-901e-5640f3030957-SegmentedRaftLogWorker:Storage Directory /workdir/hadoop-ozone/tools/target/test-dir/MiniOzoneClusterImpl-d6dca02c-26cd-4265-82f2-daeedfc193e9/datanode-2/data/ratis/905db6b8-768e-40c3-8998-d35c99ba1337 for RaftStorage:Storage Directory /workdir/hadoop-ozone/tools/target/test-dir/MiniOzoneClusterImpl-d6dca02c-26cd-4265-82f2-daeedfc193e9/datanode-2/data/ratis/905db6b8-768e-40c3-8998-d35c99ba1337
2019-09-12 11:50:54,051 [pool-49-thread-1] INFO  server.RaftServerConfigKeys (ConfUtils.java:logGet(43)) - raft.server.log.queue.byte-limit = 2147483647 (custom)
2019-09-12 11:50:54,051 [pool-49-thread-1] INFO  server.RaftServerConfigKeys (ConfUtils.java:logGet(43)) - raft.server.log.queue.element-limit = 1024 (custom)
2019-09-12 11:50:54,051 [pool-49-thread-1] INFO  server.RaftServerConfigKeys (ConfUtils.java:logGet(43)) - raft.server.log.segment.size.max = 1048576 (custom)
2019-09-12 11:50:54,052 [pool-49-thread-1] INFO  server.RaftServerConfigKeys (ConfUtils.java:logGet(43)) - raft.server.log.preallocated.size = 16384 (custom)
2019-09-12 11:50:54,052 [pool-49-thread-1] INFO  server.RaftServerConfigKeys (ConfUtils.java:logGet(43)) - raft.server.log.write.buffer.size = 33554432 (custom)
2019-09-12 11:50:54,052 [pool-49-thread-1] INFO  server.RaftServerConfigKeys (ConfUtils.java:logGet(43)) - raft.server.log.force.sync.num = 128 (default)
2019-09-12 11:50:54,052 [pool-49-thread-1] INFO  server.RaftServerConfigKeys (ConfUtils.java:logGet(43)) - raft.server.log.statemachine.data.sync = true (default)
2019-09-12 11:50:54,052 [pool-49-thread-1] INFO  server.RaftServerConfigKeys (ConfUtils.java:logGet(43)) - raft.server.log.statemachine.data.sync.timeout = 10s (default)
2019-09-12 11:50:54,053 [pool-49-thread-1] INFO  server.RaftServerConfigKeys (ConfUtils.java:logGet(43)) - raft.server.log.statemachine.data.sync.timeout.retry = -1 (default)
2019-09-12 11:50:54,053 [pool-49-thread-1] INFO  server.RaftServerConfigKeys (ConfUtils.java:logGet(43)) - raft.server.log.statemachine.data.caching.enabled = true (custom)
2019-09-12 11:50:54,053 [pool-49-thread-1] INFO  segmented.SegmentedRaftLogWorker (SegmentedRaftLogWorker.java:lambda$new$0(132)) - 8c993e87-89d2-4e6e-901e-5640f3030957-SegmentedRaftLogWorker:Storage Directory /workdir/hadoop-ozone/tools/target/test-dir/MiniOzoneClusterImpl-d6dca02c-26cd-4265-82f2-daeedfc193e9/datanode-2/data/ratis/905db6b8-768e-40c3-8998-d35c99ba1337: flushIndex: setUnconditionally 0 -> -1
2019-09-12 11:50:54,054 [pool-49-thread-1] INFO  server.RaftServerConfigKeys (ConfUtils.java:logGet(43)) - raft.server.snapshot.auto.trigger.enabled = true (custom)
2019-09-12 11:50:54,054 [pool-49-thread-1] INFO  server.RaftServerConfigKeys (ConfUtils.java:logGet(43)) - raft.server.snapshot.auto.trigger.threshold = 10000 (custom)
2019-09-12 11:50:54,054 [pool-49-thread-1] INFO  server.RaftServerConfigKeys (ConfUtils.java:logGet(43)) - raft.server.retrycache.expirytime = 600000ms (custom)
2019-09-12 11:50:54,054 [pool-49-thread-1] INFO  impl.RaftServerImpl (RaftServerImpl.java:start(180)) - 8c993e87-89d2-4e6e-901e-5640f3030957: start group-D35C99BA1337
2019-09-12 11:50:54,054 [pool-49-thread-1] INFO  impl.RaftServerImpl (RaftServerImpl.java:setRole(171)) - 8c993e87-89d2-4e6e-901e-5640f3030957:group-D35C99BA1337 changes role from null to FOLLOWER at term 0 for startAsFollower
2019-09-12 11:50:54,055 [pool-49-thread-1] INFO  impl.RoleInfo (RoleInfo.java:updateAndGet(143)) - 8c993e87-89d2-4e6e-901e-5640f3030957: start FollowerState
2019-09-12 11:50:54,055 [pool-49-thread-1] INFO  util.JmxRegister (JmxRegister.java:tryRegister(44)) - Successfully registered JMX Bean with object name Ratis:service=RaftServer,group=group-D35C99BA1337,id=8c993e87-89d2-4e6e-901e-5640f3030957
2019-09-12 11:50:54,061 [RatisPipelineUtilsThread] INFO  pipeline.PipelineStateManager (PipelineStateManager.java:addPipeline(56)) - Created pipeline Pipeline[ Id: 905db6b8-768e-40c3-8998-d35c99ba1337, Nodes: 8c993e87-89d2-4e6e-901e-5640f3030957{ip: 192.168.36.114, host: pr-hdds-1569-58hkm-1881083799, networkLocation: /default-rack, certSerialId: null}, Type:RATIS, Factor:ONE, State:OPEN]
2019-09-12 11:50:54,073 [RatisPipelineUtilsThread] ERROR pipeline.PipelinePlacementPolicy (PipelinePlacementPolicy.java:meetCriteria(92)) - Pipeline Placement: Doesn't meet the criteria to be viable node. Heaviness: 6
2019-09-12 11:50:54,095 [grpc-default-executor-1] INFO  impl.RaftServerProxy (RaftServerProxy.java:addNew(89)) - 233f3d22-ae09-46be-8182-f5e58d004644: addNew group-CFCD13324EF7:[233f3d22-ae09-46be-8182-f5e58d004644:192.168.36.114:35523] returns group-CFCD13324EF7:java.util.concurrent.CompletableFuture@391647a2[Not completed]
2019-09-12 11:50:54,097 [pool-38-thread-1] INFO  impl.RaftServerImpl (RaftServerImpl.java:<init>(93)) - 233f3d22-ae09-46be-8182-f5e58d004644: new RaftServerImpl for group-CFCD13324EF7:[233f3d22-ae09-46be-8182-f5e58d004644:192.168.36.114:35523] with ContainerStateMachine:uninitialized
2019-09-12 11:50:54,097 [pool-38-thread-1] INFO  server.RaftServerConfigKeys (ConfUtils.java:logGet(43)) - raft.server.rpc.timeout.min = 5s (custom)
2019-09-12 11:50:54,098 [pool-38-thread-1] INFO  server.RaftServerConfigKeys (ConfUtils.java:logGet(43)) - raft.server.rpc.timeout.max = 5200ms (custom)
2019-09-12 11:50:54,098 [pool-38-thread-1] INFO  server.RaftServerConfigKeys (ConfUtils.java:logGet(43)) - raft.server.rpcslowness.timeout = 120s (custom)
2019-09-12 11:50:54,098 [pool-38-thread-1] INFO  server.RaftServerConfigKeys (ConfUtils.java:logGet(43)) - raft.server.sleep.deviation.threshold = 300 (default)
2019-09-12 11:50:54,098 [pool-38-thread-1] INFO  server.RaftServerConfigKeys (ConfUtils.java:logGet(43)) - raft.server.log.appender.install.snapshot.enabled = false (custom)
2019-09-12 11:50:54,098 [pool-38-thread-1] INFO  impl.RaftServerImpl (ServerState.java:<init>(105)) - 233f3d22-ae09-46be-8182-f5e58d004644:group-CFCD13324EF7 ConfigurationManager, init=-1: [233f3d22-ae09-46be-8182-f5e58d004644:192.168.36.114:35523], old=null, confs=<EMPTY_MAP>
2019-09-12 11:50:54,098 [pool-38-thread-1] INFO  server.RaftServerConfigKeys (ConfUtils.java:logGet(43)) - raft.server.storage.dir = [/workdir/hadoop-ozone/tools/target/test-dir/MiniOzoneClusterImpl-d6dca02c-26cd-4265-82f2-daeedfc193e9/datanode-1/data/ratis] (custom)
2019-09-12 11:50:54,099 [pool-38-thread-1] INFO  storage.RaftStorageDirectory (RaftStorageDirectory.java:analyzeStorage(246)) - The storage directory /workdir/hadoop-ozone/tools/target/test-dir/MiniOzoneClusterImpl-d6dca02c-26cd-4265-82f2-daeedfc193e9/datanode-1/data/ratis/23367df6-3df1-42a7-ad58-cfcd13324ef7 does not exist. Creating ...
2019-09-12 11:50:54,112 [pool-38-thread-1] INFO  storage.RaftStorageDirectory (RaftStorageDirectory.java:tryLock(328)) - Lock on /workdir/hadoop-ozone/tools/target/test-dir/MiniOzoneClusterImpl-d6dca02c-26cd-4265-82f2-daeedfc193e9/datanode-1/data/ratis/23367df6-3df1-42a7-ad58-cfcd13324ef7/in_use.lock acquired by nodename 20454@pr-hdds-1569-58hkm-1881083799
2019-09-12 11:50:54,124 [pool-38-thread-1] INFO  storage.RaftStorage (RaftStorage.java:format(72)) - Storage directory /workdir/hadoop-ozone/tools/target/test-dir/MiniOzoneClusterImpl-d6dca02c-26cd-4265-82f2-daeedfc193e9/datanode-1/data/ratis/23367df6-3df1-42a7-ad58-cfcd13324ef7 has been successfully formatted.
2019-09-12 11:50:54,125 [pool-38-thread-1] INFO  ratis.ContainerStateMachine (ContainerStateMachine.java:loadSnapshot(226)) - group-CFCD13324EF7: The snapshot info is null. Setting the last applied indexto:(t:0, i:~)
2019-09-12 11:50:54,125 [pool-38-thread-1] INFO  server.RaftServerConfigKeys (ConfUtils.java:logGet(43)) - raft.server.leader.election.timeout = 120s (custom)
2019-09-12 11:50:54,125 [pool-38-thread-1] INFO  server.RaftServerConfigKeys (ConfUtils.java:logGet(43)) - raft.server.log.use.memory = false (default)
2019-09-12 11:50:54,125 [pool-38-thread-1] INFO  server.RaftServerConfigKeys (ConfUtils.java:logGet(43)) - raft.server.log.purge.gap = 1000000 (custom)
2019-09-12 11:50:54,126 [pool-38-thread-1] INFO  server.RaftServerConfigKeys (ConfUtils.java:logGet(43)) - raft.server.log.appender.buffer.byte-limit = 33554432 (custom)
2019-09-12 11:50:54,126 [pool-38-thread-1] INFO  server.RaftServerConfigKeys (ConfUtils.java:logGet(43)) - raft.server.log.segment.size.max = 1048576 (custom)
2019-09-12 11:50:54,126 [pool-38-thread-1] INFO  server.RaftServerConfigKeys (ConfUtils.java:logGet(43)) - raft.server.log.segment.cache.num.max = 2 (custom)
2019-09-12 11:50:54,126 [pool-38-thread-1] INFO  segmented.SegmentedRaftLogWorker (SegmentedRaftLogWorker.java:<init>(172)) - new 233f3d22-ae09-46be-8182-f5e58d004644-SegmentedRaftLogWorker:Storage Directory /workdir/hadoop-ozone/tools/target/test-dir/MiniOzoneClusterImpl-d6dca02c-26cd-4265-82f2-daeedfc193e9/datanode-1/data/ratis/23367df6-3df1-42a7-ad58-cfcd13324ef7 for RaftStorage:Storage Directory /workdir/hadoop-ozone/tools/target/test-dir/MiniOzoneClusterImpl-d6dca02c-26cd-4265-82f2-daeedfc193e9/datanode-1/data/ratis/23367df6-3df1-42a7-ad58-cfcd13324ef7
2019-09-12 11:50:54,126 [pool-38-thread-1] INFO  server.RaftServerConfigKeys (ConfUtils.java:logGet(43)) - raft.server.log.queue.byte-limit = 2147483647 (custom)
2019-09-12 11:50:54,127 [pool-38-thread-1] INFO  server.RaftServerConfigKeys (ConfUtils.java:logGet(43)) - raft.server.log.queue.element-limit = 1024 (custom)
2019-09-12 11:50:54,127 [pool-38-thread-1] INFO  server.RaftServerConfigKeys (ConfUtils.java:logGet(43)) - raft.server.log.segment.size.max = 1048576 (custom)
2019-09-12 11:50:54,127 [pool-38-thread-1] INFO  server.RaftServerConfigKeys (ConfUtils.java:logGet(43)) - raft.server.log.preallocated.size = 16384 (custom)
2019-09-12 11:50:54,127 [pool-38-thread-1] INFO  server.RaftServerConfigKeys (ConfUtils.java:logGet(43)) - raft.server.log.write.buffer.size = 33554432 (custom)
2019-09-12 11:50:54,127 [pool-38-thread-1] INFO  server.RaftServerConfigKeys (ConfUtils.java:logGet(43)) - raft.server.log.force.sync.num = 128 (default)
2019-09-12 11:50:54,127 [pool-38-thread-1] INFO  server.RaftServerConfigKeys (ConfUtils.java:logGet(43)) - raft.server.log.statemachine.data.sync = true (default)
2019-09-12 11:50:54,128 [pool-38-thread-1] INFO  server.RaftServerConfigKeys (ConfUtils.java:logGet(43)) - raft.server.log.statemachine.data.sync.timeout = 10s (default)
2019-09-12 11:50:54,128 [pool-38-thread-1] INFO  server.RaftServerConfigKeys (ConfUtils.java:logGet(43)) - raft.server.log.statemachine.data.sync.timeout.retry = -1 (default)
2019-09-12 11:50:54,128 [pool-38-thread-1] INFO  server.RaftServerConfigKeys (ConfUtils.java:logGet(43)) - raft.server.log.statemachine.data.caching.enabled = true (custom)
2019-09-12 11:50:54,129 [pool-38-thread-1] INFO  segmented.SegmentedRaftLogWorker (SegmentedRaftLogWorker.java:lambda$new$0(132)) - 233f3d22-ae09-46be-8182-f5e58d004644-SegmentedRaftLogWorker:Storage Directory /workdir/hadoop-ozone/tools/target/test-dir/MiniOzoneClusterImpl-d6dca02c-26cd-4265-82f2-daeedfc193e9/datanode-1/data/ratis/23367df6-3df1-42a7-ad58-cfcd13324ef7: flushIndex: setUnconditionally 0 -> -1
2019-09-12 11:50:54,129 [pool-38-thread-1] INFO  server.RaftServerConfigKeys (ConfUtils.java:logGet(43)) - raft.server.snapshot.auto.trigger.enabled = true (custom)
2019-09-12 11:50:54,129 [pool-38-thread-1] INFO  server.RaftServerConfigKeys (ConfUtils.java:logGet(43)) - raft.server.snapshot.auto.trigger.threshold = 10000 (custom)
2019-09-12 11:50:54,129 [pool-38-thread-1] INFO  server.RaftServerConfigKeys (ConfUtils.java:logGet(43)) - raft.server.retrycache.expirytime = 600000ms (custom)
2019-09-12 11:50:54,130 [pool-38-thread-1] INFO  impl.RaftServerImpl (RaftServerImpl.java:start(180)) - 233f3d22-ae09-46be-8182-f5e58d004644: start group-CFCD13324EF7
2019-09-12 11:50:54,130 [pool-38-thread-1] INFO  impl.RaftServerImpl (RaftServerImpl.java:setRole(171)) - 233f3d22-ae09-46be-8182-f5e58d004644:group-CFCD13324EF7 changes role from null to FOLLOWER at term 0 for startAsFollower
2019-09-12 11:50:54,130 [pool-38-thread-1] INFO  impl.RoleInfo (RoleInfo.java:updateAndGet(143)) - 233f3d22-ae09-46be-8182-f5e58d004644: start FollowerState
2019-09-12 11:50:54,135 [pool-38-thread-1] INFO  util.JmxRegister (JmxRegister.java:tryRegister(44)) - Successfully registered JMX Bean with object name Ratis:service=RaftServer,group=group-CFCD13324EF7,id=233f3d22-ae09-46be-8182-f5e58d004644
2019-09-12 11:50:54,148 [RatisPipelineUtilsThread] INFO  pipeline.PipelineStateManager (PipelineStateManager.java:addPipeline(56)) - Created pipeline Pipeline[ Id: 23367df6-3df1-42a7-ad58-cfcd13324ef7, Nodes: 233f3d22-ae09-46be-8182-f5e58d004644{ip: 192.168.36.114, host: pr-hdds-1569-58hkm-1881083799, networkLocation: /default-rack, certSerialId: null}, Type:RATIS, Factor:ONE, State:OPEN]
2019-09-12 11:50:54,153 [RatisPipelineUtilsThread] ERROR pipeline.PipelinePlacementPolicy (PipelinePlacementPolicy.java:meetCriteria(92)) - Pipeline Placement: Doesn't meet the criteria to be viable node. Heaviness: 6
2019-09-12 11:50:54,153 [RatisPipelineUtilsThread] ERROR pipeline.PipelinePlacementPolicy (PipelinePlacementPolicy.java:meetCriteria(92)) - Pipeline Placement: Doesn't meet the criteria to be viable node. Heaviness: 6
2019-09-12 11:50:54,162 [grpc-default-executor-1] INFO  impl.RaftServerProxy (RaftServerProxy.java:addNew(89)) - 8c993e87-89d2-4e6e-901e-5640f3030957: addNew group-6BA798269C90:[8c993e87-89d2-4e6e-901e-5640f3030957:192.168.36.114:45855] returns group-6BA798269C90:java.util.concurrent.CompletableFuture@627965e8[Not completed]
2019-09-12 11:50:54,165 [pool-49-thread-1] INFO  impl.RaftServerImpl (RaftServerImpl.java:<init>(93)) - 8c993e87-89d2-4e6e-901e-5640f3030957: new RaftServerImpl for group-6BA798269C90:[8c993e87-89d2-4e6e-901e-5640f3030957:192.168.36.114:45855] with ContainerStateMachine:uninitialized
2019-09-12 11:50:54,165 [pool-49-thread-1] INFO  server.RaftServerConfigKeys (ConfUtils.java:logGet(43)) - raft.server.rpc.timeout.min = 5s (custom)
2019-09-12 11:50:54,165 [pool-49-thread-1] INFO  server.RaftServerConfigKeys (ConfUtils.java:logGet(43)) - raft.server.rpc.timeout.max = 5200ms (custom)
2019-09-12 11:50:54,165 [pool-49-thread-1] INFO  server.RaftServerConfigKeys (ConfUtils.java:logGet(43)) - raft.server.rpcslowness.timeout = 120s (custom)
2019-09-12 11:50:54,166 [pool-49-thread-1] INFO  server.RaftServerConfigKeys (ConfUtils.java:logGet(43)) - raft.server.sleep.deviation.threshold = 300 (default)
2019-09-12 11:50:54,166 [pool-49-thread-1] INFO  server.RaftServerConfigKeys (ConfUtils.java:logGet(43)) - raft.server.log.appender.install.snapshot.enabled = false (custom)
2019-09-12 11:50:54,166 [pool-49-thread-1] INFO  impl.RaftServerImpl (ServerState.java:<init>(105)) - 8c993e87-89d2-4e6e-901e-5640f3030957:group-6BA798269C90 ConfigurationManager, init=-1: [8c993e87-89d2-4e6e-901e-5640f3030957:192.168.36.114:45855], old=null, confs=<EMPTY_MAP>
2019-09-12 11:50:54,166 [pool-49-thread-1] INFO  server.RaftServerConfigKeys (ConfUtils.java:logGet(43)) - raft.server.storage.dir = [/workdir/hadoop-ozone/tools/target/test-dir/MiniOzoneClusterImpl-d6dca02c-26cd-4265-82f2-daeedfc193e9/datanode-2/data/ratis] (custom)
2019-09-12 11:50:54,167 [pool-49-thread-1] INFO  storage.RaftStorageDirectory (RaftStorageDirectory.java:analyzeStorage(246)) - The storage directory /workdir/hadoop-ozone/tools/target/test-dir/MiniOzoneClusterImpl-d6dca02c-26cd-4265-82f2-daeedfc193e9/datanode-2/data/ratis/3310717b-27f6-4070-823b-6ba798269c90 does not exist. Creating ...
2019-09-12 11:50:54,188 [pool-49-thread-1] INFO  storage.RaftStorageDirectory (RaftStorageDirectory.java:tryLock(328)) - Lock on /workdir/hadoop-ozone/tools/target/test-dir/MiniOzoneClusterImpl-d6dca02c-26cd-4265-82f2-daeedfc193e9/datanode-2/data/ratis/3310717b-27f6-4070-823b-6ba798269c90/in_use.lock acquired by nodename 20454@pr-hdds-1569-58hkm-1881083799
2019-09-12 11:50:54,201 [pool-49-thread-1] INFO  storage.RaftStorage (RaftStorage.java:format(72)) - Storage directory /workdir/hadoop-ozone/tools/target/test-dir/MiniOzoneClusterImpl-d6dca02c-26cd-4265-82f2-daeedfc193e9/datanode-2/data/ratis/3310717b-27f6-4070-823b-6ba798269c90 has been successfully formatted.
2019-09-12 11:50:54,201 [pool-49-thread-1] INFO  ratis.ContainerStateMachine (ContainerStateMachine.java:loadSnapshot(226)) - group-6BA798269C90: The snapshot info is null. Setting the last applied indexto:(t:0, i:~)
2019-09-12 11:50:54,202 [pool-49-thread-1] INFO  server.RaftServerConfigKeys (ConfUtils.java:logGet(43)) - raft.server.leader.election.timeout = 120s (custom)
2019-09-12 11:50:54,202 [pool-49-thread-1] INFO  server.RaftServerConfigKeys (ConfUtils.java:logGet(43)) - raft.server.log.use.memory = false (default)
2019-09-12 11:50:54,202 [pool-49-thread-1] INFO  server.RaftServerConfigKeys (ConfUtils.java:logGet(43)) - raft.server.log.purge.gap = 1000000 (custom)
2019-09-12 11:50:54,202 [pool-49-thread-1] INFO  server.RaftServerConfigKeys (ConfUtils.java:logGet(43)) - raft.server.log.appender.buffer.byte-limit = 33554432 (custom)
2019-09-12 11:50:54,202 [pool-49-thread-1] INFO  server.RaftServerConfigKeys (ConfUtils.java:logGet(43)) - raft.server.log.segment.size.max = 1048576 (custom)
2019-09-12 11:50:54,202 [pool-49-thread-1] INFO  server.RaftServerConfigKeys (ConfUtils.java:logGet(43)) - raft.server.log.segment.cache.num.max = 2 (custom)
2019-09-12 11:50:54,202 [pool-49-thread-1] INFO  segmented.SegmentedRaftLogWorker (SegmentedRaftLogWorker.java:<init>(172)) - new 8c993e87-89d2-4e6e-901e-5640f3030957-SegmentedRaftLogWorker:Storage Directory /workdir/hadoop-ozone/tools/target/test-dir/MiniOzoneClusterImpl-d6dca02c-26cd-4265-82f2-daeedfc193e9/datanode-2/data/ratis/3310717b-27f6-4070-823b-6ba798269c90 for RaftStorage:Storage Directory /workdir/hadoop-ozone/tools/target/test-dir/MiniOzoneClusterImpl-d6dca02c-26cd-4265-82f2-daeedfc193e9/datanode-2/data/ratis/3310717b-27f6-4070-823b-6ba798269c90
2019-09-12 11:50:54,203 [pool-49-thread-1] INFO  server.RaftServerConfigKeys (ConfUtils.java:logGet(43)) - raft.server.log.queue.byte-limit = 2147483647 (custom)
2019-09-12 11:50:54,203 [pool-49-thread-1] INFO  server.RaftServerConfigKeys (ConfUtils.java:logGet(43)) - raft.server.log.queue.element-limit = 1024 (custom)
2019-09-12 11:50:54,203 [pool-49-thread-1] INFO  server.RaftServerConfigKeys (ConfUtils.java:logGet(43)) - raft.server.log.segment.size.max = 1048576 (custom)
2019-09-12 11:50:54,203 [pool-49-thread-1] INFO  server.RaftServerConfigKeys (ConfUtils.java:logGet(43)) - raft.server.log.preallocated.size = 16384 (custom)
2019-09-12 11:50:54,203 [pool-49-thread-1] INFO  server.RaftServerConfigKeys (ConfUtils.java:logGet(43)) - raft.server.log.write.buffer.size = 33554432 (custom)
2019-09-12 11:50:54,203 [pool-49-thread-1] INFO  server.RaftServerConfigKeys (ConfUtils.java:logGet(43)) - raft.server.log.force.sync.num = 128 (default)
2019-09-12 11:50:54,204 [pool-49-thread-1] INFO  server.RaftServerConfigKeys (ConfUtils.java:logGet(43)) - raft.server.log.statemachine.data.sync = true (default)
2019-09-12 11:50:54,204 [pool-49-thread-1] INFO  server.RaftServerConfigKeys (ConfUtils.java:logGet(43)) - raft.server.log.statemachine.data.sync.timeout = 10s (default)
2019-09-12 11:50:54,204 [pool-49-thread-1] INFO  server.RaftServerConfigKeys (ConfUtils.java:logGet(43)) - raft.server.log.statemachine.data.sync.timeout.retry = -1 (default)
2019-09-12 11:50:54,204 [pool-49-thread-1] INFO  server.RaftServerConfigKeys (ConfUtils.java:logGet(43)) - raft.server.log.statemachine.data.caching.enabled = true (custom)
2019-09-12 11:50:54,204 [pool-49-thread-1] INFO  segmented.SegmentedRaftLogWorker (SegmentedRaftLogWorker.java:lambda$new$0(132)) - 8c993e87-89d2-4e6e-901e-5640f3030957-SegmentedRaftLogWorker:Storage Directory /workdir/hadoop-ozone/tools/target/test-dir/MiniOzoneClusterImpl-d6dca02c-26cd-4265-82f2-daeedfc193e9/datanode-2/data/ratis/3310717b-27f6-4070-823b-6ba798269c90: flushIndex: setUnconditionally 0 -> -1
2019-09-12 11:50:54,205 [pool-49-thread-1] INFO  server.RaftServerConfigKeys (ConfUtils.java:logGet(43)) - raft.server.snapshot.auto.trigger.enabled = true (custom)
2019-09-12 11:50:54,205 [pool-49-thread-1] INFO  server.RaftServerConfigKeys (ConfUtils.java:logGet(43)) - raft.server.snapshot.auto.trigger.threshold = 10000 (custom)
2019-09-12 11:50:54,205 [pool-49-thread-1] INFO  server.RaftServerConfigKeys (ConfUtils.java:logGet(43)) - raft.server.retrycache.expirytime = 600000ms (custom)
2019-09-12 11:50:54,205 [pool-49-thread-1] INFO  impl.RaftServerImpl (RaftServerImpl.java:start(180)) - 8c993e87-89d2-4e6e-901e-5640f3030957: start group-6BA798269C90
2019-09-12 11:50:54,205 [pool-49-thread-1] INFO  impl.RaftServerImpl (RaftServerImpl.java:setRole(171)) - 8c993e87-89d2-4e6e-901e-5640f3030957:group-6BA798269C90 changes role from null to FOLLOWER at term 0 for startAsFollower
2019-09-12 11:50:54,205 [pool-49-thread-1] INFO  impl.RoleInfo (RoleInfo.java:updateAndGet(143)) - 8c993e87-89d2-4e6e-901e-5640f3030957: start FollowerState
2019-09-12 11:50:54,206 [pool-49-thread-1] INFO  util.JmxRegister (JmxRegister.java:tryRegister(44)) - Successfully registered JMX Bean with object name Ratis:service=RaftServer,group=group-6BA798269C90,id=8c993e87-89d2-4e6e-901e-5640f3030957
2019-09-12 11:50:54,211 [RatisPipelineUtilsThread] INFO  pipeline.PipelineStateManager (PipelineStateManager.java:addPipeline(56)) - Created pipeline Pipeline[ Id: 3310717b-27f6-4070-823b-6ba798269c90, Nodes: 8c993e87-89d2-4e6e-901e-5640f3030957{ip: 192.168.36.114, host: pr-hdds-1569-58hkm-1881083799, networkLocation: /default-rack, certSerialId: null}, Type:RATIS, Factor:ONE, State:OPEN]
2019-09-12 11:50:54,213 [RatisPipelineUtilsThread] ERROR pipeline.PipelinePlacementPolicy (PipelinePlacementPolicy.java:meetCriteria(92)) - Pipeline Placement: Doesn't meet the criteria to be viable node. Heaviness: 6
2019-09-12 11:50:54,214 [RatisPipelineUtilsThread] ERROR pipeline.PipelinePlacementPolicy (PipelinePlacementPolicy.java:meetCriteria(92)) - Pipeline Placement: Doesn't meet the criteria to be viable node. Heaviness: 6
2019-09-12 11:50:54,224 [grpc-default-executor-1] INFO  impl.RaftServerProxy (RaftServerProxy.java:addNew(89)) - 8c993e87-89d2-4e6e-901e-5640f3030957: addNew group-631E603C543E:[8c993e87-89d2-4e6e-901e-5640f3030957:192.168.36.114:45855] returns group-631E603C543E:java.util.concurrent.CompletableFuture@48f5579c[Not completed]
2019-09-12 11:50:54,225 [pool-49-thread-1] INFO  impl.RaftServerImpl (RaftServerImpl.java:<init>(93)) - 8c993e87-89d2-4e6e-901e-5640f3030957: new RaftServerImpl for group-631E603C543E:[8c993e87-89d2-4e6e-901e-5640f3030957:192.168.36.114:45855] with ContainerStateMachine:uninitialized
2019-09-12 11:50:54,226 [pool-49-thread-1] INFO  server.RaftServerConfigKeys (ConfUtils.java:logGet(43)) - raft.server.rpc.timeout.min = 5s (custom)
2019-09-12 11:50:54,226 [pool-49-thread-1] INFO  server.RaftServerConfigKeys (ConfUtils.java:logGet(43)) - raft.server.rpc.timeout.max = 5200ms (custom)
2019-09-12 11:50:54,226 [pool-49-thread-1] INFO  server.RaftServerConfigKeys (ConfUtils.java:logGet(43)) - raft.server.rpcslowness.timeout = 120s (custom)
2019-09-12 11:50:54,226 [pool-49-thread-1] INFO  server.RaftServerConfigKeys (ConfUtils.java:logGet(43)) - raft.server.sleep.deviation.threshold = 300 (default)
2019-09-12 11:50:54,226 [pool-49-thread-1] INFO  server.RaftServerConfigKeys (ConfUtils.java:logGet(43)) - raft.server.log.appender.install.snapshot.enabled = false (custom)
2019-09-12 11:50:54,226 [pool-49-thread-1] INFO  impl.RaftServerImpl (ServerState.java:<init>(105)) - 8c993e87-89d2-4e6e-901e-5640f3030957:group-631E603C543E ConfigurationManager, init=-1: [8c993e87-89d2-4e6e-901e-5640f3030957:192.168.36.114:45855], old=null, confs=<EMPTY_MAP>
2019-09-12 11:50:54,226 [pool-49-thread-1] INFO  server.RaftServerConfigKeys (ConfUtils.java:logGet(43)) - raft.server.storage.dir = [/workdir/hadoop-ozone/tools/target/test-dir/MiniOzoneClusterImpl-d6dca02c-26cd-4265-82f2-daeedfc193e9/datanode-2/data/ratis] (custom)
2019-09-12 11:50:54,227 [pool-49-thread-1] INFO  storage.RaftStorageDirectory (RaftStorageDirectory.java:analyzeStorage(246)) - The storage directory /workdir/hadoop-ozone/tools/target/test-dir/MiniOzoneClusterImpl-d6dca02c-26cd-4265-82f2-daeedfc193e9/datanode-2/data/ratis/b9aa601a-b235-40eb-987f-631e603c543e does not exist. Creating ...
2019-09-12 11:50:54,239 [pool-49-thread-1] INFO  storage.RaftStorageDirectory (RaftStorageDirectory.java:tryLock(328)) - Lock on /workdir/hadoop-ozone/tools/target/test-dir/MiniOzoneClusterImpl-d6dca02c-26cd-4265-82f2-daeedfc193e9/datanode-2/data/ratis/b9aa601a-b235-40eb-987f-631e603c543e/in_use.lock acquired by nodename 20454@pr-hdds-1569-58hkm-1881083799
2019-09-12 11:50:54,252 [pool-49-thread-1] INFO  storage.RaftStorage (RaftStorage.java:format(72)) - Storage directory /workdir/hadoop-ozone/tools/target/test-dir/MiniOzoneClusterImpl-d6dca02c-26cd-4265-82f2-daeedfc193e9/datanode-2/data/ratis/b9aa601a-b235-40eb-987f-631e603c543e has been successfully formatted.
2019-09-12 11:50:54,252 [pool-49-thread-1] INFO  ratis.ContainerStateMachine (ContainerStateMachine.java:loadSnapshot(226)) - group-631E603C543E: The snapshot info is null. Setting the last applied indexto:(t:0, i:~)
2019-09-12 11:50:54,252 [pool-49-thread-1] INFO  server.RaftServerConfigKeys (ConfUtils.java:logGet(43)) - raft.server.leader.election.timeout = 120s (custom)
2019-09-12 11:50:54,252 [pool-49-thread-1] INFO  server.RaftServerConfigKeys (ConfUtils.java:logGet(43)) - raft.server.log.use.memory = false (default)
2019-09-12 11:50:54,253 [pool-49-thread-1] INFO  server.RaftServerConfigKeys (ConfUtils.java:logGet(43)) - raft.server.log.purge.gap = 1000000 (custom)
2019-09-12 11:50:54,253 [pool-49-thread-1] INFO  server.RaftServerConfigKeys (ConfUtils.java:logGet(43)) - raft.server.log.appender.buffer.byte-limit = 33554432 (custom)
2019-09-12 11:50:54,253 [pool-49-thread-1] INFO  server.RaftServerConfigKeys (ConfUtils.java:logGet(43)) - raft.server.log.segment.size.max = 1048576 (custom)
2019-09-12 11:50:54,253 [pool-49-thread-1] INFO  server.RaftServerConfigKeys (ConfUtils.java:logGet(43)) - raft.server.log.segment.cache.num.max = 2 (custom)
2019-09-12 11:50:54,253 [pool-49-thread-1] INFO  segmented.SegmentedRaftLogWorker (SegmentedRaftLogWorker.java:<init>(172)) - new 8c993e87-89d2-4e6e-901e-5640f3030957-SegmentedRaftLogWorker:Storage Directory /workdir/hadoop-ozone/tools/target/test-dir/MiniOzoneClusterImpl-d6dca02c-26cd-4265-82f2-daeedfc193e9/datanode-2/data/ratis/b9aa601a-b235-40eb-987f-631e603c543e for RaftStorage:Storage Directory /workdir/hadoop-ozone/tools/target/test-dir/MiniOzoneClusterImpl-d6dca02c-26cd-4265-82f2-daeedfc193e9/datanode-2/data/ratis/b9aa601a-b235-40eb-987f-631e603c543e
2019-09-12 11:50:54,253 [pool-49-thread-1] INFO  server.RaftServerConfigKeys (ConfUtils.java:logGet(43)) - raft.server.log.queue.byte-limit = 2147483647 (custom)
2019-09-12 11:50:54,253 [pool-49-thread-1] INFO  server.RaftServerConfigKeys (ConfUtils.java:logGet(43)) - raft.server.log.queue.element-limit = 1024 (custom)
2019-09-12 11:50:54,254 [pool-49-thread-1] INFO  server.RaftServerConfigKeys (ConfUtils.java:logGet(43)) - raft.server.log.segment.size.max = 1048576 (custom)
2019-09-12 11:50:54,254 [pool-49-thread-1] INFO  server.RaftServerConfigKeys (ConfUtils.java:logGet(43)) - raft.server.log.preallocated.size = 16384 (custom)
2019-09-12 11:50:54,254 [pool-49-thread-1] INFO  server.RaftServerConfigKeys (ConfUtils.java:logGet(43)) - raft.server.log.write.buffer.size = 33554432 (custom)
2019-09-12 11:50:54,254 [pool-49-thread-1] INFO  server.RaftServerConfigKeys (ConfUtils.java:logGet(43)) - raft.server.log.force.sync.num = 128 (default)
2019-09-12 11:50:54,254 [pool-49-thread-1] INFO  server.RaftServerConfigKeys (ConfUtils.java:logGet(43)) - raft.server.log.statemachine.data.sync = true (default)
2019-09-12 11:50:54,254 [pool-49-thread-1] INFO  server.RaftServerConfigKeys (ConfUtils.java:logGet(43)) - raft.server.log.statemachine.data.sync.timeout = 10s (default)
2019-09-12 11:50:54,254 [pool-49-thread-1] INFO  server.RaftServerConfigKeys (ConfUtils.java:logGet(43)) - raft.server.log.statemachine.data.sync.timeout.retry = -1 (default)
2019-09-12 11:50:54,254 [pool-49-thread-1] INFO  server.RaftServerConfigKeys (ConfUtils.java:logGet(43)) - raft.server.log.statemachine.data.caching.enabled = true (custom)
2019-09-12 11:50:54,255 [pool-49-thread-1] INFO  segmented.SegmentedRaftLogWorker (SegmentedRaftLogWorker.java:lambda$new$0(132)) - 8c993e87-89d2-4e6e-901e-5640f3030957-SegmentedRaftLogWorker:Storage Directory /workdir/hadoop-ozone/tools/target/test-dir/MiniOzoneClusterImpl-d6dca02c-26cd-4265-82f2-daeedfc193e9/datanode-2/data/ratis/b9aa601a-b235-40eb-987f-631e603c543e: flushIndex: setUnconditionally 0 -> -1
2019-09-12 11:50:54,255 [pool-49-thread-1] INFO  server.RaftServerConfigKeys (ConfUtils.java:logGet(43)) - raft.server.snapshot.auto.trigger.enabled = true (custom)
2019-09-12 11:50:54,255 [pool-49-thread-1] INFO  server.RaftServerConfigKeys (ConfUtils.java:logGet(43)) - raft.server.snapshot.auto.trigger.threshold = 10000 (custom)
2019-09-12 11:50:54,255 [pool-49-thread-1] INFO  server.RaftServerConfigKeys (ConfUtils.java:logGet(43)) - raft.server.retrycache.expirytime = 600000ms (custom)
2019-09-12 11:50:54,256 [pool-49-thread-1] INFO  impl.RaftServerImpl (RaftServerImpl.java:start(180)) - 8c993e87-89d2-4e6e-901e-5640f3030957: start group-631E603C543E
2019-09-12 11:50:54,256 [pool-49-thread-1] INFO  impl.RaftServerImpl (RaftServerImpl.java:setRole(171)) - 8c993e87-89d2-4e6e-901e-5640f3030957:group-631E603C543E changes role from null to FOLLOWER at term 0 for startAsFollower
2019-09-12 11:50:54,256 [pool-49-thread-1] INFO  impl.RoleInfo (RoleInfo.java:updateAndGet(143)) - 8c993e87-89d2-4e6e-901e-5640f3030957: start FollowerState
2019-09-12 11:50:54,256 [pool-49-thread-1] INFO  util.JmxRegister (JmxRegister.java:tryRegister(44)) - Successfully registered JMX Bean with object name Ratis:service=RaftServer,group=group-631E603C543E,id=8c993e87-89d2-4e6e-901e-5640f3030957
2019-09-12 11:50:54,262 [RatisPipelineUtilsThread] INFO  pipeline.PipelineStateManager (PipelineStateManager.java:addPipeline(56)) - Created pipeline Pipeline[ Id: b9aa601a-b235-40eb-987f-631e603c543e, Nodes: 8c993e87-89d2-4e6e-901e-5640f3030957{ip: 192.168.36.114, host: pr-hdds-1569-58hkm-1881083799, networkLocation: /default-rack, certSerialId: null}, Type:RATIS, Factor:ONE, State:OPEN]
2019-09-12 11:50:54,263 [RatisPipelineUtilsThread] ERROR pipeline.PipelinePlacementPolicy (PipelinePlacementPolicy.java:meetCriteria(92)) - Pipeline Placement: Doesn't meet the criteria to be viable node. Heaviness: 6
2019-09-12 11:50:54,264 [RatisPipelineUtilsThread] ERROR pipeline.PipelinePlacementPolicy (PipelinePlacementPolicy.java:meetCriteria(92)) - Pipeline Placement: Doesn't meet the criteria to be viable node. Heaviness: 6
2019-09-12 11:50:54,264 [RatisPipelineUtilsThread] ERROR pipeline.PipelinePlacementPolicy (PipelinePlacementPolicy.java:meetCriteria(92)) - Pipeline Placement: Doesn't meet the criteria to be viable node. Heaviness: 6
2019-09-12 11:50:54,273 [grpc-default-executor-1] INFO  impl.RaftServerProxy (RaftServerProxy.java:addNew(89)) - 9aaf2f78-d78f-4ebc-b7a2-56dce2b57085: addNew group-82CBE15C0729:[9aaf2f78-d78f-4ebc-b7a2-56dce2b57085:192.168.36.114:38046] returns group-82CBE15C0729:java.util.concurrent.CompletableFuture@3ceade93[Not completed]
2019-09-12 11:50:54,275 [pool-60-thread-1] INFO  impl.RaftServerImpl (RaftServerImpl.java:<init>(93)) - 9aaf2f78-d78f-4ebc-b7a2-56dce2b57085: new RaftServerImpl for group-82CBE15C0729:[9aaf2f78-d78f-4ebc-b7a2-56dce2b57085:192.168.36.114:38046] with ContainerStateMachine:uninitialized
2019-09-12 11:50:54,275 [pool-60-thread-1] INFO  server.RaftServerConfigKeys (ConfUtils.java:logGet(43)) - raft.server.rpc.timeout.min = 5s (custom)
2019-09-12 11:50:54,275 [pool-60-thread-1] INFO  server.RaftServerConfigKeys (ConfUtils.java:logGet(43)) - raft.server.rpc.timeout.max = 5200ms (custom)
2019-09-12 11:50:54,275 [pool-60-thread-1] INFO  server.RaftServerConfigKeys (ConfUtils.java:logGet(43)) - raft.server.rpcslowness.timeout = 120s (custom)
2019-09-12 11:50:54,275 [pool-60-thread-1] INFO  server.RaftServerConfigKeys (ConfUtils.java:logGet(43)) - raft.server.sleep.deviation.threshold = 300 (default)
2019-09-12 11:50:54,276 [pool-60-thread-1] INFO  server.RaftServerConfigKeys (ConfUtils.java:logGet(43)) - raft.server.log.appender.install.snapshot.enabled = false (custom)
2019-09-12 11:50:54,276 [pool-60-thread-1] INFO  impl.RaftServerImpl (ServerState.java:<init>(105)) - 9aaf2f78-d78f-4ebc-b7a2-56dce2b57085:group-82CBE15C0729 ConfigurationManager, init=-1: [9aaf2f78-d78f-4ebc-b7a2-56dce2b57085:192.168.36.114:38046], old=null, confs=<EMPTY_MAP>
2019-09-12 11:50:54,276 [pool-60-thread-1] INFO  server.RaftServerConfigKeys (ConfUtils.java:logGet(43)) - raft.server.storage.dir = [/workdir/hadoop-ozone/tools/target/test-dir/MiniOzoneClusterImpl-d6dca02c-26cd-4265-82f2-daeedfc193e9/datanode-3/data/ratis] (custom)
2019-09-12 11:50:54,276 [pool-60-thread-1] INFO  storage.RaftStorageDirectory (RaftStorageDirectory.java:analyzeStorage(246)) - The storage directory /workdir/hadoop-ozone/tools/target/test-dir/MiniOzoneClusterImpl-d6dca02c-26cd-4265-82f2-daeedfc193e9/datanode-3/data/ratis/01857470-d666-4a88-8e9a-82cbe15c0729 does not exist. Creating ...
2019-09-12 11:50:54,289 [pool-60-thread-1] INFO  storage.RaftStorageDirectory (RaftStorageDirectory.java:tryLock(328)) - Lock on /workdir/hadoop-ozone/tools/target/test-dir/MiniOzoneClusterImpl-d6dca02c-26cd-4265-82f2-daeedfc193e9/datanode-3/data/ratis/01857470-d666-4a88-8e9a-82cbe15c0729/in_use.lock acquired by nodename 20454@pr-hdds-1569-58hkm-1881083799
2019-09-12 11:50:54,302 [pool-60-thread-1] INFO  storage.RaftStorage (RaftStorage.java:format(72)) - Storage directory /workdir/hadoop-ozone/tools/target/test-dir/MiniOzoneClusterImpl-d6dca02c-26cd-4265-82f2-daeedfc193e9/datanode-3/data/ratis/01857470-d666-4a88-8e9a-82cbe15c0729 has been successfully formatted.
2019-09-12 11:50:54,302 [pool-60-thread-1] INFO  ratis.ContainerStateMachine (ContainerStateMachine.java:loadSnapshot(226)) - group-82CBE15C0729: The snapshot info is null. Setting the last applied indexto:(t:0, i:~)
2019-09-12 11:50:54,302 [pool-60-thread-1] INFO  server.RaftServerConfigKeys (ConfUtils.java:logGet(43)) - raft.server.leader.election.timeout = 120s (custom)
2019-09-12 11:50:54,302 [pool-60-thread-1] INFO  server.RaftServerConfigKeys (ConfUtils.java:logGet(43)) - raft.server.log.use.memory = false (default)
2019-09-12 11:50:54,303 [pool-60-thread-1] INFO  server.RaftServerConfigKeys (ConfUtils.java:logGet(43)) - raft.server.log.purge.gap = 1000000 (custom)
2019-09-12 11:50:54,303 [pool-60-thread-1] INFO  server.RaftServerConfigKeys (ConfUtils.java:logGet(43)) - raft.server.log.appender.buffer.byte-limit = 33554432 (custom)
2019-09-12 11:50:54,303 [pool-60-thread-1] INFO  server.RaftServerConfigKeys (ConfUtils.java:logGet(43)) - raft.server.log.segment.size.max = 1048576 (custom)
2019-09-12 11:50:54,303 [pool-60-thread-1] INFO  server.RaftServerConfigKeys (ConfUtils.java:logGet(43)) - raft.server.log.segment.cache.num.max = 2 (custom)
2019-09-12 11:50:54,303 [pool-60-thread-1] INFO  segmented.SegmentedRaftLogWorker (SegmentedRaftLogWorker.java:<init>(172)) - new 9aaf2f78-d78f-4ebc-b7a2-56dce2b57085-SegmentedRaftLogWorker:Storage Directory /workdir/hadoop-ozone/tools/target/test-dir/MiniOzoneClusterImpl-d6dca02c-26cd-4265-82f2-daeedfc193e9/datanode-3/data/ratis/01857470-d666-4a88-8e9a-82cbe15c0729 for RaftStorage:Storage Directory /workdir/hadoop-ozone/tools/target/test-dir/MiniOzoneClusterImpl-d6dca02c-26cd-4265-82f2-daeedfc193e9/datanode-3/data/ratis/01857470-d666-4a88-8e9a-82cbe15c0729
2019-09-12 11:50:54,303 [pool-60-thread-1] INFO  server.RaftServerConfigKeys (ConfUtils.java:logGet(43)) - raft.server.log.queue.byte-limit = 2147483647 (custom)
2019-09-12 11:50:54,304 [pool-60-thread-1] INFO  server.RaftServerConfigKeys (ConfUtils.java:logGet(43)) - raft.server.log.queue.element-limit = 1024 (custom)
2019-09-12 11:50:54,304 [pool-60-thread-1] INFO  server.RaftServerConfigKeys (ConfUtils.java:logGet(43)) - raft.server.log.segment.size.max = 1048576 (custom)
2019-09-12 11:50:54,304 [pool-60-thread-1] INFO  server.RaftServerConfigKeys (ConfUtils.java:logGet(43)) - raft.server.log.preallocated.size = 16384 (custom)
2019-09-12 11:50:54,304 [pool-60-thread-1] INFO  server.RaftServerConfigKeys (ConfUtils.java:logGet(43)) - raft.server.log.write.buffer.size = 33554432 (custom)
2019-09-12 11:50:54,304 [pool-60-thread-1] INFO  server.RaftServerConfigKeys (ConfUtils.java:logGet(43)) - raft.server.log.force.sync.num = 128 (default)
2019-09-12 11:50:54,304 [pool-60-thread-1] INFO  server.RaftServerConfigKeys (ConfUtils.java:logGet(43)) - raft.server.log.statemachine.data.sync = true (default)
2019-09-12 11:50:54,305 [pool-60-thread-1] INFO  server.RaftServerConfigKeys (ConfUtils.java:logGet(43)) - raft.server.log.statemachine.data.sync.timeout = 10s (default)
2019-09-12 11:50:54,305 [pool-60-thread-1] INFO  server.RaftServerConfigKeys (ConfUtils.java:logGet(43)) - raft.server.log.statemachine.data.sync.timeout.retry = -1 (default)
2019-09-12 11:50:54,305 [pool-60-thread-1] INFO  server.RaftServerConfigKeys (ConfUtils.java:logGet(43)) - raft.server.log.statemachine.data.caching.enabled = true (custom)
2019-09-12 11:50:54,305 [pool-60-thread-1] INFO  segmented.SegmentedRaftLogWorker (SegmentedRaftLogWorker.java:lambda$new$0(132)) - 9aaf2f78-d78f-4ebc-b7a2-56dce2b57085-SegmentedRaftLogWorker:Storage Directory /workdir/hadoop-ozone/tools/target/test-dir/MiniOzoneClusterImpl-d6dca02c-26cd-4265-82f2-daeedfc193e9/datanode-3/data/ratis/01857470-d666-4a88-8e9a-82cbe15c0729: flushIndex: setUnconditionally 0 -> -1
2019-09-12 11:50:54,306 [pool-60-thread-1] INFO  server.RaftServerConfigKeys (ConfUtils.java:logGet(43)) - raft.server.snapshot.auto.trigger.enabled = true (custom)
2019-09-12 11:50:54,306 [pool-60-thread-1] INFO  server.RaftServerConfigKeys (ConfUtils.java:logGet(43)) - raft.server.snapshot.auto.trigger.threshold = 10000 (custom)
2019-09-12 11:50:54,306 [pool-60-thread-1] INFO  server.RaftServerConfigKeys (ConfUtils.java:logGet(43)) - raft.server.retrycache.expirytime = 600000ms (custom)
2019-09-12 11:50:54,307 [pool-60-thread-1] INFO  impl.RaftServerImpl (RaftServerImpl.java:start(180)) - 9aaf2f78-d78f-4ebc-b7a2-56dce2b57085: start group-82CBE15C0729
2019-09-12 11:50:54,307 [pool-60-thread-1] INFO  impl.RaftServerImpl (RaftServerImpl.java:setRole(171)) - 9aaf2f78-d78f-4ebc-b7a2-56dce2b57085:group-82CBE15C0729 changes role from null to FOLLOWER at term 0 for startAsFollower
2019-09-12 11:50:54,307 [pool-60-thread-1] INFO  impl.RoleInfo (RoleInfo.java:updateAndGet(143)) - 9aaf2f78-d78f-4ebc-b7a2-56dce2b57085: start FollowerState
2019-09-12 11:50:54,307 [pool-60-thread-1] INFO  util.JmxRegister (JmxRegister.java:tryRegister(44)) - Successfully registered JMX Bean with object name Ratis:service=RaftServer,group=group-82CBE15C0729,id=9aaf2f78-d78f-4ebc-b7a2-56dce2b57085
2019-09-12 11:50:54,313 [RatisPipelineUtilsThread] INFO  pipeline.PipelineStateManager (PipelineStateManager.java:addPipeline(56)) - Created pipeline Pipeline[ Id: 01857470-d666-4a88-8e9a-82cbe15c0729, Nodes: 9aaf2f78-d78f-4ebc-b7a2-56dce2b57085{ip: 192.168.36.114, host: pr-hdds-1569-58hkm-1881083799, networkLocation: /default-rack, certSerialId: null}, Type:RATIS, Factor:ONE, State:OPEN]
2019-09-12 11:50:54,315 [RatisPipelineUtilsThread] ERROR pipeline.PipelinePlacementPolicy (PipelinePlacementPolicy.java:meetCriteria(92)) - Pipeline Placement: Doesn't meet the criteria to be viable node. Heaviness: 6
2019-09-12 11:50:54,315 [RatisPipelineUtilsThread] ERROR pipeline.PipelinePlacementPolicy (PipelinePlacementPolicy.java:meetCriteria(92)) - Pipeline Placement: Doesn't meet the criteria to be viable node. Heaviness: 6
2019-09-12 11:50:54,315 [RatisPipelineUtilsThread] ERROR pipeline.PipelinePlacementPolicy (PipelinePlacementPolicy.java:meetCriteria(92)) - Pipeline Placement: Doesn't meet the criteria to be viable node. Heaviness: 6
2019-09-12 11:50:54,327 [grpc-default-executor-1] INFO  impl.RaftServerProxy (RaftServerProxy.java:addNew(89)) - c13e8c2d-5cc3-43ac-8cc7-9a20211fb58e: addNew group-BAE2013060F9:[c13e8c2d-5cc3-43ac-8cc7-9a20211fb58e:192.168.36.114:41622] returns group-BAE2013060F9:java.util.concurrent.CompletableFuture@c34787b[Not completed]
2019-09-12 11:50:54,332 [pool-71-thread-1] INFO  impl.RaftServerImpl (RaftServerImpl.java:<init>(93)) - c13e8c2d-5cc3-43ac-8cc7-9a20211fb58e: new RaftServerImpl for group-BAE2013060F9:[c13e8c2d-5cc3-43ac-8cc7-9a20211fb58e:192.168.36.114:41622] with ContainerStateMachine:uninitialized
2019-09-12 11:50:54,332 [pool-71-thread-1] INFO  server.RaftServerConfigKeys (ConfUtils.java:logGet(43)) - raft.server.rpc.timeout.min = 5s (custom)
2019-09-12 11:50:54,332 [pool-71-thread-1] INFO  server.RaftServerConfigKeys (ConfUtils.java:logGet(43)) - raft.server.rpc.timeout.max = 5200ms (custom)
2019-09-12 11:50:54,332 [pool-71-thread-1] INFO  server.RaftServerConfigKeys (ConfUtils.java:logGet(43)) - raft.server.rpcslowness.timeout = 120s (custom)
2019-09-12 11:50:54,332 [pool-71-thread-1] INFO  server.RaftServerConfigKeys (ConfUtils.java:logGet(43)) - raft.server.sleep.deviation.threshold = 300 (default)
2019-09-12 11:50:54,333 [pool-71-thread-1] INFO  server.RaftServerConfigKeys (ConfUtils.java:logGet(43)) - raft.server.log.appender.install.snapshot.enabled = false (custom)
2019-09-12 11:50:54,333 [pool-71-thread-1] INFO  impl.RaftServerImpl (ServerState.java:<init>(105)) - c13e8c2d-5cc3-43ac-8cc7-9a20211fb58e:group-BAE2013060F9 ConfigurationManager, init=-1: [c13e8c2d-5cc3-43ac-8cc7-9a20211fb58e:192.168.36.114:41622], old=null, confs=<EMPTY_MAP>
2019-09-12 11:50:54,333 [pool-71-thread-1] INFO  server.RaftServerConfigKeys (ConfUtils.java:logGet(43)) - raft.server.storage.dir = [/workdir/hadoop-ozone/tools/target/test-dir/MiniOzoneClusterImpl-d6dca02c-26cd-4265-82f2-daeedfc193e9/datanode-4/data/ratis] (custom)
2019-09-12 11:50:54,334 [pool-71-thread-1] INFO  storage.RaftStorageDirectory (RaftStorageDirectory.java:analyzeStorage(246)) - The storage directory /workdir/hadoop-ozone/tools/target/test-dir/MiniOzoneClusterImpl-d6dca02c-26cd-4265-82f2-daeedfc193e9/datanode-4/data/ratis/c9a24389-0eae-4a8b-ad2e-bae2013060f9 does not exist. Creating ...
2019-09-12 11:50:54,346 [pool-71-thread-1] INFO  storage.RaftStorageDirectory (RaftStorageDirectory.java:tryLock(328)) - Lock on /workdir/hadoop-ozone/tools/target/test-dir/MiniOzoneClusterImpl-d6dca02c-26cd-4265-82f2-daeedfc193e9/datanode-4/data/ratis/c9a24389-0eae-4a8b-ad2e-bae2013060f9/in_use.lock acquired by nodename 20454@pr-hdds-1569-58hkm-1881083799
2019-09-12 11:50:54,359 [pool-71-thread-1] INFO  storage.RaftStorage (RaftStorage.java:format(72)) - Storage directory /workdir/hadoop-ozone/tools/target/test-dir/MiniOzoneClusterImpl-d6dca02c-26cd-4265-82f2-daeedfc193e9/datanode-4/data/ratis/c9a24389-0eae-4a8b-ad2e-bae2013060f9 has been successfully formatted.
2019-09-12 11:50:54,359 [pool-71-thread-1] INFO  ratis.ContainerStateMachine (ContainerStateMachine.java:loadSnapshot(226)) - group-BAE2013060F9: The snapshot info is null. Setting the last applied indexto:(t:0, i:~)
2019-09-12 11:50:54,360 [pool-71-thread-1] INFO  server.RaftServerConfigKeys (ConfUtils.java:logGet(43)) - raft.server.leader.election.timeout = 120s (custom)
2019-09-12 11:50:54,360 [pool-71-thread-1] INFO  server.RaftServerConfigKeys (ConfUtils.java:logGet(43)) - raft.server.log.use.memory = false (default)
2019-09-12 11:50:54,360 [pool-71-thread-1] INFO  server.RaftServerConfigKeys (ConfUtils.java:logGet(43)) - raft.server.log.purge.gap = 1000000 (custom)
2019-09-12 11:50:54,360 [pool-71-thread-1] INFO  server.RaftServerConfigKeys (ConfUtils.java:logGet(43)) - raft.server.log.appender.buffer.byte-limit = 33554432 (custom)
2019-09-12 11:50:54,360 [pool-71-thread-1] INFO  server.RaftServerConfigKeys (ConfUtils.java:logGet(43)) - raft.server.log.segment.size.max = 1048576 (custom)
2019-09-12 11:50:54,361 [pool-71-thread-1] INFO  server.RaftServerConfigKeys (ConfUtils.java:logGet(43)) - raft.server.log.segment.cache.num.max = 2 (custom)
2019-09-12 11:50:54,361 [pool-71-thread-1] INFO  segmented.SegmentedRaftLogWorker (SegmentedRaftLogWorker.java:<init>(172)) - new c13e8c2d-5cc3-43ac-8cc7-9a20211fb58e-SegmentedRaftLogWorker:Storage Directory /workdir/hadoop-ozone/tools/target/test-dir/MiniOzoneClusterImpl-d6dca02c-26cd-4265-82f2-daeedfc193e9/datanode-4/data/ratis/c9a24389-0eae-4a8b-ad2e-bae2013060f9 for RaftStorage:Storage Directory /workdir/hadoop-ozone/tools/target/test-dir/MiniOzoneClusterImpl-d6dca02c-26cd-4265-82f2-daeedfc193e9/datanode-4/data/ratis/c9a24389-0eae-4a8b-ad2e-bae2013060f9
2019-09-12 11:50:54,361 [pool-71-thread-1] INFO  server.RaftServerConfigKeys (ConfUtils.java:logGet(43)) - raft.server.log.queue.byte-limit = 2147483647 (custom)
2019-09-12 11:50:54,361 [pool-71-thread-1] INFO  server.RaftServerConfigKeys (ConfUtils.java:logGet(43)) - raft.server.log.queue.element-limit = 1024 (custom)
2019-09-12 11:50:54,362 [pool-71-thread-1] INFO  server.RaftServerConfigKeys (ConfUtils.java:logGet(43)) - raft.server.log.segment.size.max = 1048576 (custom)
2019-09-12 11:50:54,362 [pool-71-thread-1] INFO  server.RaftServerConfigKeys (ConfUtils.java:logGet(43)) - raft.server.log.preallocated.size = 16384 (custom)
2019-09-12 11:50:54,362 [pool-71-thread-1] INFO  server.RaftServerConfigKeys (ConfUtils.java:logGet(43)) - raft.server.log.write.buffer.size = 33554432 (custom)
2019-09-12 11:50:54,362 [pool-71-thread-1] INFO  server.RaftServerConfigKeys (ConfUtils.java:logGet(43)) - raft.server.log.force.sync.num = 128 (default)
2019-09-12 11:50:54,362 [pool-71-thread-1] INFO  server.RaftServerConfigKeys (ConfUtils.java:logGet(43)) - raft.server.log.statemachine.data.sync = true (default)
2019-09-12 11:50:54,362 [pool-71-thread-1] INFO  server.RaftServerConfigKeys (ConfUtils.java:logGet(43)) - raft.server.log.statemachine.data.sync.timeout = 10s (default)
2019-09-12 11:50:54,363 [pool-71-thread-1] INFO  server.RaftServerConfigKeys (ConfUtils.java:logGet(43)) - raft.server.log.statemachine.data.sync.timeout.retry = -1 (default)
2019-09-12 11:50:54,363 [pool-71-thread-1] INFO  server.RaftServerConfigKeys (ConfUtils.java:logGet(43)) - raft.server.log.statemachine.data.caching.enabled = true (custom)
2019-09-12 11:50:54,363 [pool-71-thread-1] INFO  segmented.SegmentedRaftLogWorker (SegmentedRaftLogWorker.java:lambda$new$0(132)) - c13e8c2d-5cc3-43ac-8cc7-9a20211fb58e-SegmentedRaftLogWorker:Storage Directory /workdir/hadoop-ozone/tools/target/test-dir/MiniOzoneClusterImpl-d6dca02c-26cd-4265-82f2-daeedfc193e9/datanode-4/data/ratis/c9a24389-0eae-4a8b-ad2e-bae2013060f9: flushIndex: setUnconditionally 0 -> -1
2019-09-12 11:50:54,364 [pool-71-thread-1] INFO  server.RaftServerConfigKeys (ConfUtils.java:logGet(43)) - raft.server.snapshot.auto.trigger.enabled = true (custom)
2019-09-12 11:50:54,364 [pool-71-thread-1] INFO  server.RaftServerConfigKeys (ConfUtils.java:logGet(43)) - raft.server.snapshot.auto.trigger.threshold = 10000 (custom)
2019-09-12 11:50:54,364 [pool-71-thread-1] INFO  server.RaftServerConfigKeys (ConfUtils.java:logGet(43)) - raft.server.retrycache.expirytime = 600000ms (custom)
2019-09-12 11:50:54,364 [pool-71-thread-1] INFO  impl.RaftServerImpl (RaftServerImpl.java:start(180)) - c13e8c2d-5cc3-43ac-8cc7-9a20211fb58e: start group-BAE2013060F9
2019-09-12 11:50:54,365 [pool-71-thread-1] INFO  impl.RaftServerImpl (RaftServerImpl.java:setRole(171)) - c13e8c2d-5cc3-43ac-8cc7-9a20211fb58e:group-BAE2013060F9 changes role from null to FOLLOWER at term 0 for startAsFollower
2019-09-12 11:50:54,365 [pool-71-thread-1] INFO  impl.RoleInfo (RoleInfo.java:updateAndGet(143)) - c13e8c2d-5cc3-43ac-8cc7-9a20211fb58e: start FollowerState
2019-09-12 11:50:54,365 [pool-71-thread-1] INFO  util.JmxRegister (JmxRegister.java:tryRegister(44)) - Successfully registered JMX Bean with object name Ratis:service=RaftServer,group=group-BAE2013060F9,id=c13e8c2d-5cc3-43ac-8cc7-9a20211fb58e
2019-09-12 11:50:54,371 [RatisPipelineUtilsThread] INFO  pipeline.PipelineStateManager (PipelineStateManager.java:addPipeline(56)) - Created pipeline Pipeline[ Id: c9a24389-0eae-4a8b-ad2e-bae2013060f9, Nodes: c13e8c2d-5cc3-43ac-8cc7-9a20211fb58e{ip: 192.168.36.114, host: pr-hdds-1569-58hkm-1881083799, networkLocation: /default-rack, certSerialId: null}, Type:RATIS, Factor:ONE, State:OPEN]
2019-09-12 11:50:54,372 [RatisPipelineUtilsThread] ERROR pipeline.PipelinePlacementPolicy (PipelinePlacementPolicy.java:meetCriteria(92)) - Pipeline Placement: Doesn't meet the criteria to be viable node. Heaviness: 6
2019-09-12 11:50:54,373 [RatisPipelineUtilsThread] ERROR pipeline.PipelinePlacementPolicy (PipelinePlacementPolicy.java:meetCriteria(92)) - Pipeline Placement: Doesn't meet the criteria to be viable node. Heaviness: 6
2019-09-12 11:50:54,373 [RatisPipelineUtilsThread] ERROR pipeline.PipelinePlacementPolicy (PipelinePlacementPolicy.java:meetCriteria(92)) - Pipeline Placement: Doesn't meet the criteria to be viable node. Heaviness: 6
2019-09-12 11:50:54,383 [grpc-default-executor-1] INFO  impl.RaftServerProxy (RaftServerProxy.java:addNew(89)) - 9aaf2f78-d78f-4ebc-b7a2-56dce2b57085: addNew group-4CB84DD6BAA7:[9aaf2f78-d78f-4ebc-b7a2-56dce2b57085:192.168.36.114:38046] returns group-4CB84DD6BAA7:java.util.concurrent.CompletableFuture@594f92d9[Not completed]
2019-09-12 11:50:54,384 [pool-60-thread-1] INFO  impl.RaftServerImpl (RaftServerImpl.java:<init>(93)) - 9aaf2f78-d78f-4ebc-b7a2-56dce2b57085: new RaftServerImpl for group-4CB84DD6BAA7:[9aaf2f78-d78f-4ebc-b7a2-56dce2b57085:192.168.36.114:38046] with ContainerStateMachine:uninitialized
2019-09-12 11:50:54,385 [pool-60-thread-1] INFO  server.RaftServerConfigKeys (ConfUtils.java:logGet(43)) - raft.server.rpc.timeout.min = 5s (custom)
2019-09-12 11:50:54,385 [pool-60-thread-1] INFO  server.RaftServerConfigKeys (ConfUtils.java:logGet(43)) - raft.server.rpc.timeout.max = 5200ms (custom)
2019-09-12 11:50:54,385 [pool-60-thread-1] INFO  server.RaftServerConfigKeys (ConfUtils.java:logGet(43)) - raft.server.rpcslowness.timeout = 120s (custom)
2019-09-12 11:50:54,385 [pool-60-thread-1] INFO  server.RaftServerConfigKeys (ConfUtils.java:logGet(43)) - raft.server.sleep.deviation.threshold = 300 (default)
2019-09-12 11:50:54,385 [pool-60-thread-1] INFO  server.RaftServerConfigKeys (ConfUtils.java:logGet(43)) - raft.server.log.appender.install.snapshot.enabled = false (custom)
2019-09-12 11:50:54,385 [pool-60-thread-1] INFO  impl.RaftServerImpl (ServerState.java:<init>(105)) - 9aaf2f78-d78f-4ebc-b7a2-56dce2b57085:group-4CB84DD6BAA7 ConfigurationManager, init=-1: [9aaf2f78-d78f-4ebc-b7a2-56dce2b57085:192.168.36.114:38046], old=null, confs=<EMPTY_MAP>
2019-09-12 11:50:54,385 [pool-60-thread-1] INFO  server.RaftServerConfigKeys (ConfUtils.java:logGet(43)) - raft.server.storage.dir = [/workdir/hadoop-ozone/tools/target/test-dir/MiniOzoneClusterImpl-d6dca02c-26cd-4265-82f2-daeedfc193e9/datanode-3/data/ratis] (custom)
2019-09-12 11:50:54,386 [pool-60-thread-1] INFO  storage.RaftStorageDirectory (RaftStorageDirectory.java:analyzeStorage(246)) - The storage directory /workdir/hadoop-ozone/tools/target/test-dir/MiniOzoneClusterImpl-d6dca02c-26cd-4265-82f2-daeedfc193e9/datanode-3/data/ratis/140a15bd-bcac-45fb-ac27-4cb84dd6baa7 does not exist. Creating ...
2019-09-12 11:50:54,398 [pool-60-thread-1] INFO  storage.RaftStorageDirectory (RaftStorageDirectory.java:tryLock(328)) - Lock on /workdir/hadoop-ozone/tools/target/test-dir/MiniOzoneClusterImpl-d6dca02c-26cd-4265-82f2-daeedfc193e9/datanode-3/data/ratis/140a15bd-bcac-45fb-ac27-4cb84dd6baa7/in_use.lock acquired by nodename 20454@pr-hdds-1569-58hkm-1881083799
2019-09-12 11:50:54,421 | INFO  | SCMAudit | user=jenkins1000 | ip=192.168.36.114 | op=SEND_HEARTBEAT {datanodeUUID=9aaf2f78-d78f-4ebc-b7a2-56dce2b57085, command=[]} | ret=SUCCESS |  
2019-09-12 11:50:54,440 [pool-60-thread-1] INFO  storage.RaftStorage (RaftStorage.java:format(72)) - Storage directory /workdir/hadoop-ozone/tools/target/test-dir/MiniOzoneClusterImpl-d6dca02c-26cd-4265-82f2-daeedfc193e9/datanode-3/data/ratis/140a15bd-bcac-45fb-ac27-4cb84dd6baa7 has been successfully formatted.
2019-09-12 11:50:54,440 [pool-60-thread-1] INFO  ratis.ContainerStateMachine (ContainerStateMachine.java:loadSnapshot(226)) - group-4CB84DD6BAA7: The snapshot info is null. Setting the last applied indexto:(t:0, i:~)
2019-09-12 11:50:54,440 [pool-60-thread-1] INFO  server.RaftServerConfigKeys (ConfUtils.java:logGet(43)) - raft.server.leader.election.timeout = 120s (custom)
2019-09-12 11:50:54,440 [pool-60-thread-1] INFO  server.RaftServerConfigKeys (ConfUtils.java:logGet(43)) - raft.server.log.use.memory = false (default)
2019-09-12 11:50:54,440 [pool-60-thread-1] INFO  server.RaftServerConfigKeys (ConfUtils.java:logGet(43)) - raft.server.log.purge.gap = 1000000 (custom)
2019-09-12 11:50:54,441 [pool-60-thread-1] INFO  server.RaftServerConfigKeys (ConfUtils.java:logGet(43)) - raft.server.log.appender.buffer.byte-limit = 33554432 (custom)
2019-09-12 11:50:54,441 [pool-60-thread-1] INFO  server.RaftServerConfigKeys (ConfUtils.java:logGet(43)) - raft.server.log.segment.size.max = 1048576 (custom)
2019-09-12 11:50:54,441 [pool-60-thread-1] INFO  server.RaftServerConfigKeys (ConfUtils.java:logGet(43)) - raft.server.log.segment.cache.num.max = 2 (custom)
2019-09-12 11:50:54,441 [pool-60-thread-1] INFO  segmented.SegmentedRaftLogWorker (SegmentedRaftLogWorker.java:<init>(172)) - new 9aaf2f78-d78f-4ebc-b7a2-56dce2b57085-SegmentedRaftLogWorker:Storage Directory /workdir/hadoop-ozone/tools/target/test-dir/MiniOzoneClusterImpl-d6dca02c-26cd-4265-82f2-daeedfc193e9/datanode-3/data/ratis/140a15bd-bcac-45fb-ac27-4cb84dd6baa7 for RaftStorage:Storage Directory /workdir/hadoop-ozone/tools/target/test-dir/MiniOzoneClusterImpl-d6dca02c-26cd-4265-82f2-daeedfc193e9/datanode-3/data/ratis/140a15bd-bcac-45fb-ac27-4cb84dd6baa7
2019-09-12 11:50:54,441 [pool-60-thread-1] INFO  server.RaftServerConfigKeys (ConfUtils.java:logGet(43)) - raft.server.log.queue.byte-limit = 2147483647 (custom)
2019-09-12 11:50:54,441 [pool-60-thread-1] INFO  server.RaftServerConfigKeys (ConfUtils.java:logGet(43)) - raft.server.log.queue.element-limit = 1024 (custom)
2019-09-12 11:50:54,441 [pool-60-thread-1] INFO  server.RaftServerConfigKeys (ConfUtils.java:logGet(43)) - raft.server.log.segment.size.max = 1048576 (custom)
2019-09-12 11:50:54,442 [pool-60-thread-1] INFO  server.RaftServerConfigKeys (ConfUtils.java:logGet(43)) - raft.server.log.preallocated.size = 16384 (custom)
2019-09-12 11:50:54,442 [pool-60-thread-1] INFO  server.RaftServerConfigKeys (ConfUtils.java:logGet(43)) - raft.server.log.write.buffer.size = 33554432 (custom)
2019-09-12 11:50:54,442 [pool-60-thread-1] INFO  server.RaftServerConfigKeys (ConfUtils.java:logGet(43)) - raft.server.log.force.sync.num = 128 (default)
2019-09-12 11:50:54,442 [pool-60-thread-1] INFO  server.RaftServerConfigKeys (ConfUtils.java:logGet(43)) - raft.server.log.statemachine.data.sync = true (default)
2019-09-12 11:50:54,442 [pool-60-thread-1] INFO  server.RaftServerConfigKeys (ConfUtils.java:logGet(43)) - raft.server.log.statemachine.data.sync.timeout = 10s (default)
2019-09-12 11:50:54,442 [pool-60-thread-1] INFO  server.RaftServerConfigKeys (ConfUtils.java:logGet(43)) - raft.server.log.statemachine.data.sync.timeout.retry = -1 (default)
2019-09-12 11:50:54,442 [pool-60-thread-1] INFO  server.RaftServerConfigKeys (ConfUtils.java:logGet(43)) - raft.server.log.statemachine.data.caching.enabled = true (custom)
2019-09-12 11:50:54,443 [pool-60-thread-1] INFO  segmented.SegmentedRaftLogWorker (SegmentedRaftLogWorker.java:lambda$new$0(132)) - 9aaf2f78-d78f-4ebc-b7a2-56dce2b57085-SegmentedRaftLogWorker:Storage Directory /workdir/hadoop-ozone/tools/target/test-dir/MiniOzoneClusterImpl-d6dca02c-26cd-4265-82f2-daeedfc193e9/datanode-3/data/ratis/140a15bd-bcac-45fb-ac27-4cb84dd6baa7: flushIndex: setUnconditionally 0 -> -1
2019-09-12 11:50:54,443 [pool-60-thread-1] INFO  server.RaftServerConfigKeys (ConfUtils.java:logGet(43)) - raft.server.snapshot.auto.trigger.enabled = true (custom)
2019-09-12 11:50:54,443 [pool-60-thread-1] INFO  server.RaftServerConfigKeys (ConfUtils.java:logGet(43)) - raft.server.snapshot.auto.trigger.threshold = 10000 (custom)
2019-09-12 11:50:54,443 [pool-60-thread-1] INFO  server.RaftServerConfigKeys (ConfUtils.java:logGet(43)) - raft.server.retrycache.expirytime = 600000ms (custom)
2019-09-12 11:50:54,444 [pool-60-thread-1] INFO  impl.RaftServerImpl (RaftServerImpl.java:start(180)) - 9aaf2f78-d78f-4ebc-b7a2-56dce2b57085: start group-4CB84DD6BAA7
2019-09-12 11:50:54,444 [pool-60-thread-1] INFO  impl.RaftServerImpl (RaftServerImpl.java:setRole(171)) - 9aaf2f78-d78f-4ebc-b7a2-56dce2b57085:group-4CB84DD6BAA7 changes role from null to FOLLOWER at term 0 for startAsFollower
2019-09-12 11:50:54,444 [pool-60-thread-1] INFO  impl.RoleInfo (RoleInfo.java:updateAndGet(143)) - 9aaf2f78-d78f-4ebc-b7a2-56dce2b57085: start FollowerState
2019-09-12 11:50:54,444 [pool-60-thread-1] INFO  util.JmxRegister (JmxRegister.java:tryRegister(44)) - Successfully registered JMX Bean with object name Ratis:service=RaftServer,group=group-4CB84DD6BAA7,id=9aaf2f78-d78f-4ebc-b7a2-56dce2b57085
2019-09-12 11:50:54,455 [RatisPipelineUtilsThread] INFO  pipeline.PipelineStateManager (PipelineStateManager.java:addPipeline(56)) - Created pipeline Pipeline[ Id: 140a15bd-bcac-45fb-ac27-4cb84dd6baa7, Nodes: 9aaf2f78-d78f-4ebc-b7a2-56dce2b57085{ip: 192.168.36.114, host: pr-hdds-1569-58hkm-1881083799, networkLocation: /default-rack, certSerialId: null}, Type:RATIS, Factor:ONE, State:OPEN]
2019-09-12 11:50:54,457 [RatisPipelineUtilsThread] ERROR pipeline.PipelinePlacementPolicy (PipelinePlacementPolicy.java:meetCriteria(92)) - Pipeline Placement: Doesn't meet the criteria to be viable node. Heaviness: 6
2019-09-12 11:50:54,457 [RatisPipelineUtilsThread] ERROR pipeline.PipelinePlacementPolicy (PipelinePlacementPolicy.java:meetCriteria(92)) - Pipeline Placement: Doesn't meet the criteria to be viable node. Heaviness: 6
2019-09-12 11:50:54,458 [RatisPipelineUtilsThread] ERROR pipeline.PipelinePlacementPolicy (PipelinePlacementPolicy.java:meetCriteria(92)) - Pipeline Placement: Doesn't meet the criteria to be viable node. Heaviness: 6
2019-09-12 11:50:54,458 [RatisPipelineUtilsThread] ERROR pipeline.PipelinePlacementPolicy (PipelinePlacementPolicy.java:meetCriteria(92)) - Pipeline Placement: Doesn't meet the criteria to be viable node. Heaviness: 6
2019-09-12 11:50:54,467 [grpc-default-executor-1] INFO  impl.RaftServerProxy (RaftServerProxy.java:addNew(89)) - c13e8c2d-5cc3-43ac-8cc7-9a20211fb58e: addNew group-CCD1E3C294F1:[c13e8c2d-5cc3-43ac-8cc7-9a20211fb58e:192.168.36.114:41622] returns group-CCD1E3C294F1:java.util.concurrent.CompletableFuture@74a992fa[Not completed]
2019-09-12 11:50:54,468 [pool-71-thread-1] INFO  impl.RaftServerImpl (RaftServerImpl.java:<init>(93)) - c13e8c2d-5cc3-43ac-8cc7-9a20211fb58e: new RaftServerImpl for group-CCD1E3C294F1:[c13e8c2d-5cc3-43ac-8cc7-9a20211fb58e:192.168.36.114:41622] with ContainerStateMachine:uninitialized
2019-09-12 11:50:54,469 [pool-71-thread-1] INFO  server.RaftServerConfigKeys (ConfUtils.java:logGet(43)) - raft.server.rpc.timeout.min = 5s (custom)
2019-09-12 11:50:54,469 [pool-71-thread-1] INFO  server.RaftServerConfigKeys (ConfUtils.java:logGet(43)) - raft.server.rpc.timeout.max = 5200ms (custom)
2019-09-12 11:50:54,469 [pool-71-thread-1] INFO  server.RaftServerConfigKeys (ConfUtils.java:logGet(43)) - raft.server.rpcslowness.timeout = 120s (custom)
2019-09-12 11:50:54,469 [pool-71-thread-1] INFO  server.RaftServerConfigKeys (ConfUtils.java:logGet(43)) - raft.server.sleep.deviation.threshold = 300 (default)
2019-09-12 11:50:54,469 [pool-71-thread-1] INFO  server.RaftServerConfigKeys (ConfUtils.java:logGet(43)) - raft.server.log.appender.install.snapshot.enabled = false (custom)
2019-09-12 11:50:54,469 [pool-71-thread-1] INFO  impl.RaftServerImpl (ServerState.java:<init>(105)) - c13e8c2d-5cc3-43ac-8cc7-9a20211fb58e:group-CCD1E3C294F1 ConfigurationManager, init=-1: [c13e8c2d-5cc3-43ac-8cc7-9a20211fb58e:192.168.36.114:41622], old=null, confs=<EMPTY_MAP>
2019-09-12 11:50:54,469 [pool-71-thread-1] INFO  server.RaftServerConfigKeys (ConfUtils.java:logGet(43)) - raft.server.storage.dir = [/workdir/hadoop-ozone/tools/target/test-dir/MiniOzoneClusterImpl-d6dca02c-26cd-4265-82f2-daeedfc193e9/datanode-4/data/ratis] (custom)
2019-09-12 11:50:54,470 [pool-71-thread-1] INFO  storage.RaftStorageDirectory (RaftStorageDirectory.java:analyzeStorage(246)) - The storage directory /workdir/hadoop-ozone/tools/target/test-dir/MiniOzoneClusterImpl-d6dca02c-26cd-4265-82f2-daeedfc193e9/datanode-4/data/ratis/687861e0-9053-4114-8ec5-ccd1e3c294f1 does not exist. Creating ...
2019-09-12 11:50:54,482 [pool-71-thread-1] INFO  storage.RaftStorageDirectory (RaftStorageDirectory.java:tryLock(328)) - Lock on /workdir/hadoop-ozone/tools/target/test-dir/MiniOzoneClusterImpl-d6dca02c-26cd-4265-82f2-daeedfc193e9/datanode-4/data/ratis/687861e0-9053-4114-8ec5-ccd1e3c294f1/in_use.lock acquired by nodename 20454@pr-hdds-1569-58hkm-1881083799
2019-09-12 11:50:54,495 [pool-71-thread-1] INFO  storage.RaftStorage (RaftStorage.java:format(72)) - Storage directory /workdir/hadoop-ozone/tools/target/test-dir/MiniOzoneClusterImpl-d6dca02c-26cd-4265-82f2-daeedfc193e9/datanode-4/data/ratis/687861e0-9053-4114-8ec5-ccd1e3c294f1 has been successfully formatted.
2019-09-12 11:50:54,495 [pool-71-thread-1] INFO  ratis.ContainerStateMachine (ContainerStateMachine.java:loadSnapshot(226)) - group-CCD1E3C294F1: The snapshot info is null. Setting the last applied indexto:(t:0, i:~)
2019-09-12 11:50:54,495 [pool-71-thread-1] INFO  server.RaftServerConfigKeys (ConfUtils.java:logGet(43)) - raft.server.leader.election.timeout = 120s (custom)
2019-09-12 11:50:54,495 [pool-71-thread-1] INFO  server.RaftServerConfigKeys (ConfUtils.java:logGet(43)) - raft.server.log.use.memory = false (default)
2019-09-12 11:50:54,496 [pool-71-thread-1] INFO  server.RaftServerConfigKeys (ConfUtils.java:logGet(43)) - raft.server.log.purge.gap = 1000000 (custom)
2019-09-12 11:50:54,496 [pool-71-thread-1] INFO  server.RaftServerConfigKeys (ConfUtils.java:logGet(43)) - raft.server.log.appender.buffer.byte-limit = 33554432 (custom)
2019-09-12 11:50:54,496 [pool-71-thread-1] INFO  server.RaftServerConfigKeys (ConfUtils.java:logGet(43)) - raft.server.log.segment.size.max = 1048576 (custom)
2019-09-12 11:50:54,496 [pool-71-thread-1] INFO  server.RaftServerConfigKeys (ConfUtils.java:logGet(43)) - raft.server.log.segment.cache.num.max = 2 (custom)
2019-09-12 11:50:54,496 [pool-71-thread-1] INFO  segmented.SegmentedRaftLogWorker (SegmentedRaftLogWorker.java:<init>(172)) - new c13e8c2d-5cc3-43ac-8cc7-9a20211fb58e-SegmentedRaftLogWorker:Storage Directory /workdir/hadoop-ozone/tools/target/test-dir/MiniOzoneClusterImpl-d6dca02c-26cd-4265-82f2-daeedfc193e9/datanode-4/data/ratis/687861e0-9053-4114-8ec5-ccd1e3c294f1 for RaftStorage:Storage Directory /workdir/hadoop-ozone/tools/target/test-dir/MiniOzoneClusterImpl-d6dca02c-26cd-4265-82f2-daeedfc193e9/datanode-4/data/ratis/687861e0-9053-4114-8ec5-ccd1e3c294f1
2019-09-12 11:50:54,496 [pool-71-thread-1] INFO  server.RaftServerConfigKeys (ConfUtils.java:logGet(43)) - raft.server.log.queue.byte-limit = 2147483647 (custom)
2019-09-12 11:50:54,496 [pool-71-thread-1] INFO  server.RaftServerConfigKeys (ConfUtils.java:logGet(43)) - raft.server.log.queue.element-limit = 1024 (custom)
2019-09-12 11:50:54,496 [pool-71-thread-1] INFO  server.RaftServerConfigKeys (ConfUtils.java:logGet(43)) - raft.server.log.segment.size.max = 1048576 (custom)
2019-09-12 11:50:54,497 [pool-71-thread-1] INFO  server.RaftServerConfigKeys (ConfUtils.java:logGet(43)) - raft.server.log.preallocated.size = 16384 (custom)
2019-09-12 11:50:54,497 [pool-71-thread-1] INFO  server.RaftServerConfigKeys (ConfUtils.java:logGet(43)) - raft.server.log.write.buffer.size = 33554432 (custom)
2019-09-12 11:50:54,497 [pool-71-thread-1] INFO  server.RaftServerConfigKeys (ConfUtils.java:logGet(43)) - raft.server.log.force.sync.num = 128 (default)
2019-09-12 11:50:54,497 [pool-71-thread-1] INFO  server.RaftServerConfigKeys (ConfUtils.java:logGet(43)) - raft.server.log.statemachine.data.sync = true (default)
2019-09-12 11:50:54,497 [pool-71-thread-1] INFO  server.RaftServerConfigKeys (ConfUtils.java:logGet(43)) - raft.server.log.statemachine.data.sync.timeout = 10s (default)
2019-09-12 11:50:54,497 [pool-71-thread-1] INFO  server.RaftServerConfigKeys (ConfUtils.java:logGet(43)) - raft.server.log.statemachine.data.sync.timeout.retry = -1 (default)
2019-09-12 11:50:54,497 [pool-71-thread-1] INFO  server.RaftServerConfigKeys (ConfUtils.java:logGet(43)) - raft.server.log.statemachine.data.caching.enabled = true (custom)
2019-09-12 11:50:54,498 [pool-71-thread-1] INFO  segmented.SegmentedRaftLogWorker (SegmentedRaftLogWorker.java:lambda$new$0(132)) - c13e8c2d-5cc3-43ac-8cc7-9a20211fb58e-SegmentedRaftLogWorker:Storage Directory /workdir/hadoop-ozone/tools/target/test-dir/MiniOzoneClusterImpl-d6dca02c-26cd-4265-82f2-daeedfc193e9/datanode-4/data/ratis/687861e0-9053-4114-8ec5-ccd1e3c294f1: flushIndex: setUnconditionally 0 -> -1
2019-09-12 11:50:54,498 [pool-71-thread-1] INFO  server.RaftServerConfigKeys (ConfUtils.java:logGet(43)) - raft.server.snapshot.auto.trigger.enabled = true (custom)
2019-09-12 11:50:54,498 [pool-71-thread-1] INFO  server.RaftServerConfigKeys (ConfUtils.java:logGet(43)) - raft.server.snapshot.auto.trigger.threshold = 10000 (custom)
2019-09-12 11:50:54,498 [pool-71-thread-1] INFO  server.RaftServerConfigKeys (ConfUtils.java:logGet(43)) - raft.server.retrycache.expirytime = 600000ms (custom)
2019-09-12 11:50:54,498 [pool-71-thread-1] INFO  impl.RaftServerImpl (RaftServerImpl.java:start(180)) - c13e8c2d-5cc3-43ac-8cc7-9a20211fb58e: start group-CCD1E3C294F1
2019-09-12 11:50:54,498 [pool-71-thread-1] INFO  impl.RaftServerImpl (RaftServerImpl.java:setRole(171)) - c13e8c2d-5cc3-43ac-8cc7-9a20211fb58e:group-CCD1E3C294F1 changes role from null to FOLLOWER at term 0 for startAsFollower
2019-09-12 11:50:54,498 [pool-71-thread-1] INFO  impl.RoleInfo (RoleInfo.java:updateAndGet(143)) - c13e8c2d-5cc3-43ac-8cc7-9a20211fb58e: start FollowerState
2019-09-12 11:50:54,499 [pool-71-thread-1] INFO  util.JmxRegister (JmxRegister.java:tryRegister(44)) - Successfully registered JMX Bean with object name Ratis:service=RaftServer,group=group-CCD1E3C294F1,id=c13e8c2d-5cc3-43ac-8cc7-9a20211fb58e
2019-09-12 11:50:54,503 [RatisPipelineUtilsThread] INFO  pipeline.PipelineStateManager (PipelineStateManager.java:addPipeline(56)) - Created pipeline Pipeline[ Id: 687861e0-9053-4114-8ec5-ccd1e3c294f1, Nodes: c13e8c2d-5cc3-43ac-8cc7-9a20211fb58e{ip: 192.168.36.114, host: pr-hdds-1569-58hkm-1881083799, networkLocation: /default-rack, certSerialId: null}, Type:RATIS, Factor:ONE, State:OPEN]
2019-09-12 11:50:54,505 [RatisPipelineUtilsThread] ERROR pipeline.PipelinePlacementPolicy (PipelinePlacementPolicy.java:meetCriteria(92)) - Pipeline Placement: Doesn't meet the criteria to be viable node. Heaviness: 6
2019-09-12 11:50:54,505 [RatisPipelineUtilsThread] ERROR pipeline.PipelinePlacementPolicy (PipelinePlacementPolicy.java:meetCriteria(92)) - Pipeline Placement: Doesn't meet the criteria to be viable node. Heaviness: 6
2019-09-12 11:50:54,505 [RatisPipelineUtilsThread] ERROR pipeline.PipelinePlacementPolicy (PipelinePlacementPolicy.java:meetCriteria(92)) - Pipeline Placement: Doesn't meet the criteria to be viable node. Heaviness: 6
2019-09-12 11:50:54,506 [RatisPipelineUtilsThread] ERROR pipeline.PipelinePlacementPolicy (PipelinePlacementPolicy.java:meetCriteria(92)) - Pipeline Placement: Doesn't meet the criteria to be viable node. Heaviness: 6
2019-09-12 11:50:54,514 [grpc-default-executor-1] INFO  impl.RaftServerProxy (RaftServerProxy.java:addNew(89)) - c13e8c2d-5cc3-43ac-8cc7-9a20211fb58e: addNew group-C7922B15B7DE:[c13e8c2d-5cc3-43ac-8cc7-9a20211fb58e:192.168.36.114:41622] returns group-C7922B15B7DE:java.util.concurrent.CompletableFuture@367b35d5[Not completed]
2019-09-12 11:50:54,515 [pool-71-thread-1] INFO  impl.RaftServerImpl (RaftServerImpl.java:<init>(93)) - c13e8c2d-5cc3-43ac-8cc7-9a20211fb58e: new RaftServerImpl for group-C7922B15B7DE:[c13e8c2d-5cc3-43ac-8cc7-9a20211fb58e:192.168.36.114:41622] with ContainerStateMachine:uninitialized
2019-09-12 11:50:54,515 [pool-71-thread-1] INFO  server.RaftServerConfigKeys (ConfUtils.java:logGet(43)) - raft.server.rpc.timeout.min = 5s (custom)
2019-09-12 11:50:54,516 [pool-71-thread-1] INFO  server.RaftServerConfigKeys (ConfUtils.java:logGet(43)) - raft.server.rpc.timeout.max = 5200ms (custom)
2019-09-12 11:50:54,516 [pool-71-thread-1] INFO  server.RaftServerConfigKeys (ConfUtils.java:logGet(43)) - raft.server.rpcslowness.timeout = 120s (custom)
2019-09-12 11:50:54,516 [pool-71-thread-1] INFO  server.RaftServerConfigKeys (ConfUtils.java:logGet(43)) - raft.server.sleep.deviation.threshold = 300 (default)
2019-09-12 11:50:54,516 [pool-71-thread-1] INFO  server.RaftServerConfigKeys (ConfUtils.java:logGet(43)) - raft.server.log.appender.install.snapshot.enabled = false (custom)
2019-09-12 11:50:54,516 [pool-71-thread-1] INFO  impl.RaftServerImpl (ServerState.java:<init>(105)) - c13e8c2d-5cc3-43ac-8cc7-9a20211fb58e:group-C7922B15B7DE ConfigurationManager, init=-1: [c13e8c2d-5cc3-43ac-8cc7-9a20211fb58e:192.168.36.114:41622], old=null, confs=<EMPTY_MAP>
2019-09-12 11:50:54,516 [pool-71-thread-1] INFO  server.RaftServerConfigKeys (ConfUtils.java:logGet(43)) - raft.server.storage.dir = [/workdir/hadoop-ozone/tools/target/test-dir/MiniOzoneClusterImpl-d6dca02c-26cd-4265-82f2-daeedfc193e9/datanode-4/data/ratis] (custom)
2019-09-12 11:50:54,518 [pool-71-thread-1] INFO  storage.RaftStorageDirectory (RaftStorageDirectory.java:analyzeStorage(246)) - The storage directory /workdir/hadoop-ozone/tools/target/test-dir/MiniOzoneClusterImpl-d6dca02c-26cd-4265-82f2-daeedfc193e9/datanode-4/data/ratis/039cf2b9-c78d-4abe-b5ff-c7922b15b7de does not exist. Creating ...
2019-09-12 11:50:54,519 | INFO  | SCMAudit | user=jenkins1000 | ip=192.168.36.114 | op=SEND_HEARTBEAT {datanodeUUID=c13e8c2d-5cc3-43ac-8cc7-9a20211fb58e, command=[]} | ret=SUCCESS |  
2019-09-12 11:50:54,530 [pool-71-thread-1] INFO  storage.RaftStorageDirectory (RaftStorageDirectory.java:tryLock(328)) - Lock on /workdir/hadoop-ozone/tools/target/test-dir/MiniOzoneClusterImpl-d6dca02c-26cd-4265-82f2-daeedfc193e9/datanode-4/data/ratis/039cf2b9-c78d-4abe-b5ff-c7922b15b7de/in_use.lock acquired by nodename 20454@pr-hdds-1569-58hkm-1881083799
2019-09-12 11:50:54,543 [pool-71-thread-1] INFO  storage.RaftStorage (RaftStorage.java:format(72)) - Storage directory /workdir/hadoop-ozone/tools/target/test-dir/MiniOzoneClusterImpl-d6dca02c-26cd-4265-82f2-daeedfc193e9/datanode-4/data/ratis/039cf2b9-c78d-4abe-b5ff-c7922b15b7de has been successfully formatted.
2019-09-12 11:50:54,543 [pool-71-thread-1] INFO  ratis.ContainerStateMachine (ContainerStateMachine.java:loadSnapshot(226)) - group-C7922B15B7DE: The snapshot info is null. Setting the last applied indexto:(t:0, i:~)
2019-09-12 11:50:54,544 [pool-71-thread-1] INFO  server.RaftServerConfigKeys (ConfUtils.java:logGet(43)) - raft.server.leader.election.timeout = 120s (custom)
2019-09-12 11:50:54,544 [pool-71-thread-1] INFO  server.RaftServerConfigKeys (ConfUtils.java:logGet(43)) - raft.server.log.use.memory = false (default)
2019-09-12 11:50:54,544 [pool-71-thread-1] INFO  server.RaftServerConfigKeys (ConfUtils.java:logGet(43)) - raft.server.log.purge.gap = 1000000 (custom)
2019-09-12 11:50:54,544 [pool-71-thread-1] INFO  server.RaftServerConfigKeys (ConfUtils.java:logGet(43)) - raft.server.log.appender.buffer.byte-limit = 33554432 (custom)
2019-09-12 11:50:54,544 [pool-71-thread-1] INFO  server.RaftServerConfigKeys (ConfUtils.java:logGet(43)) - raft.server.log.segment.size.max = 1048576 (custom)
2019-09-12 11:50:54,544 [pool-71-thread-1] INFO  server.RaftServerConfigKeys (ConfUtils.java:logGet(43)) - raft.server.log.segment.cache.num.max = 2 (custom)
2019-09-12 11:50:54,544 [pool-71-thread-1] INFO  segmented.SegmentedRaftLogWorker (SegmentedRaftLogWorker.java:<init>(172)) - new c13e8c2d-5cc3-43ac-8cc7-9a20211fb58e-SegmentedRaftLogWorker:Storage Directory /workdir/hadoop-ozone/tools/target/test-dir/MiniOzoneClusterImpl-d6dca02c-26cd-4265-82f2-daeedfc193e9/datanode-4/data/ratis/039cf2b9-c78d-4abe-b5ff-c7922b15b7de for RaftStorage:Storage Directory /workdir/hadoop-ozone/tools/target/test-dir/MiniOzoneClusterImpl-d6dca02c-26cd-4265-82f2-daeedfc193e9/datanode-4/data/ratis/039cf2b9-c78d-4abe-b5ff-c7922b15b7de
2019-09-12 11:50:54,545 [pool-71-thread-1] INFO  server.RaftServerConfigKeys (ConfUtils.java:logGet(43)) - raft.server.log.queue.byte-limit = 2147483647 (custom)
2019-09-12 11:50:54,545 [pool-71-thread-1] INFO  server.RaftServerConfigKeys (ConfUtils.java:logGet(43)) - raft.server.log.queue.element-limit = 1024 (custom)
2019-09-12 11:50:54,545 [pool-71-thread-1] INFO  server.RaftServerConfigKeys (ConfUtils.java:logGet(43)) - raft.server.log.segment.size.max = 1048576 (custom)
2019-09-12 11:50:54,545 [pool-71-thread-1] INFO  server.RaftServerConfigKeys (ConfUtils.java:logGet(43)) - raft.server.log.preallocated.size = 16384 (custom)
2019-09-12 11:50:54,545 [pool-71-thread-1] INFO  server.RaftServerConfigKeys (ConfUtils.java:logGet(43)) - raft.server.log.write.buffer.size = 33554432 (custom)
2019-09-12 11:50:54,545 [pool-71-thread-1] INFO  server.RaftServerConfigKeys (ConfUtils.java:logGet(43)) - raft.server.log.force.sync.num = 128 (default)
2019-09-12 11:50:54,545 [pool-71-thread-1] INFO  server.RaftServerConfigKeys (ConfUtils.java:logGet(43)) - raft.server.log.statemachine.data.sync = true (default)
2019-09-12 11:50:54,546 [pool-71-thread-1] INFO  server.RaftServerConfigKeys (ConfUtils.java:logGet(43)) - raft.server.log.statemachine.data.sync.timeout = 10s (default)
2019-09-12 11:50:54,546 [pool-71-thread-1] INFO  server.RaftServerConfigKeys (ConfUtils.java:logGet(43)) - raft.server.log.statemachine.data.sync.timeout.retry = -1 (default)
2019-09-12 11:50:54,546 [pool-71-thread-1] INFO  server.RaftServerConfigKeys (ConfUtils.java:logGet(43)) - raft.server.log.statemachine.data.caching.enabled = true (custom)
2019-09-12 11:50:54,546 [pool-71-thread-1] INFO  segmented.SegmentedRaftLogWorker (SegmentedRaftLogWorker.java:lambda$new$0(132)) - c13e8c2d-5cc3-43ac-8cc7-9a20211fb58e-SegmentedRaftLogWorker:Storage Directory /workdir/hadoop-ozone/tools/target/test-dir/MiniOzoneClusterImpl-d6dca02c-26cd-4265-82f2-daeedfc193e9/datanode-4/data/ratis/039cf2b9-c78d-4abe-b5ff-c7922b15b7de: flushIndex: setUnconditionally 0 -> -1
2019-09-12 11:50:54,547 [pool-71-thread-1] INFO  server.RaftServerConfigKeys (ConfUtils.java:logGet(43)) - raft.server.snapshot.auto.trigger.enabled = true (custom)
2019-09-12 11:50:54,547 [pool-71-thread-1] INFO  server.RaftServerConfigKeys (ConfUtils.java:logGet(43)) - raft.server.snapshot.auto.trigger.threshold = 10000 (custom)
2019-09-12 11:50:54,547 [pool-71-thread-1] INFO  server.RaftServerConfigKeys (ConfUtils.java:logGet(43)) - raft.server.retrycache.expirytime = 600000ms (custom)
2019-09-12 11:50:54,547 [pool-71-thread-1] INFO  impl.RaftServerImpl (RaftServerImpl.java:start(180)) - c13e8c2d-5cc3-43ac-8cc7-9a20211fb58e: start group-C7922B15B7DE
2019-09-12 11:50:54,547 [pool-71-thread-1] INFO  impl.RaftServerImpl (RaftServerImpl.java:setRole(171)) - c13e8c2d-5cc3-43ac-8cc7-9a20211fb58e:group-C7922B15B7DE changes role from null to FOLLOWER at term 0 for startAsFollower
2019-09-12 11:50:54,547 [pool-71-thread-1] INFO  impl.RoleInfo (RoleInfo.java:updateAndGet(143)) - c13e8c2d-5cc3-43ac-8cc7-9a20211fb58e: start FollowerState
2019-09-12 11:50:54,548 [pool-71-thread-1] INFO  util.JmxRegister (JmxRegister.java:tryRegister(44)) - Successfully registered JMX Bean with object name Ratis:service=RaftServer,group=group-C7922B15B7DE,id=c13e8c2d-5cc3-43ac-8cc7-9a20211fb58e
2019-09-12 11:50:54,552 [RatisPipelineUtilsThread] INFO  pipeline.PipelineStateManager (PipelineStateManager.java:addPipeline(56)) - Created pipeline Pipeline[ Id: 039cf2b9-c78d-4abe-b5ff-c7922b15b7de, Nodes: c13e8c2d-5cc3-43ac-8cc7-9a20211fb58e{ip: 192.168.36.114, host: pr-hdds-1569-58hkm-1881083799, networkLocation: /default-rack, certSerialId: null}, Type:RATIS, Factor:ONE, State:OPEN]
2019-09-12 11:50:54,554 [RatisPipelineUtilsThread] ERROR pipeline.PipelinePlacementPolicy (PipelinePlacementPolicy.java:meetCriteria(92)) - Pipeline Placement: Doesn't meet the criteria to be viable node. Heaviness: 6
2019-09-12 11:50:54,555 [RatisPipelineUtilsThread] ERROR pipeline.PipelinePlacementPolicy (PipelinePlacementPolicy.java:meetCriteria(92)) - Pipeline Placement: Doesn't meet the criteria to be viable node. Heaviness: 6
2019-09-12 11:50:54,555 [RatisPipelineUtilsThread] ERROR pipeline.PipelinePlacementPolicy (PipelinePlacementPolicy.java:meetCriteria(92)) - Pipeline Placement: Doesn't meet the criteria to be viable node. Heaviness: 6
2019-09-12 11:50:54,555 [RatisPipelineUtilsThread] ERROR pipeline.PipelinePlacementPolicy (PipelinePlacementPolicy.java:meetCriteria(92)) - Pipeline Placement: Doesn't meet the criteria to be viable node. Heaviness: 6
2019-09-12 11:50:54,562 | INFO  | SCMAudit | user=jenkins1000 | ip=192.168.36.114 | op=SEND_HEARTBEAT {datanodeUUID=9d7d954f-b073-45cf-8f2c-ae2cc2b7e120, command=[]} | ret=SUCCESS |  
2019-09-12 11:50:54,566 [grpc-default-executor-1] INFO  impl.RaftServerProxy (RaftServerProxy.java:addNew(89)) - c13e8c2d-5cc3-43ac-8cc7-9a20211fb58e: addNew group-EBE8E8DFDC10:[c13e8c2d-5cc3-43ac-8cc7-9a20211fb58e:192.168.36.114:41622] returns group-EBE8E8DFDC10:java.util.concurrent.CompletableFuture@5babe6ae[Not completed]
2019-09-12 11:50:54,567 [pool-71-thread-1] INFO  impl.RaftServerImpl (RaftServerImpl.java:<init>(93)) - c13e8c2d-5cc3-43ac-8cc7-9a20211fb58e: new RaftServerImpl for group-EBE8E8DFDC10:[c13e8c2d-5cc3-43ac-8cc7-9a20211fb58e:192.168.36.114:41622] with ContainerStateMachine:uninitialized
2019-09-12 11:50:54,568 [pool-71-thread-1] INFO  server.RaftServerConfigKeys (ConfUtils.java:logGet(43)) - raft.server.rpc.timeout.min = 5s (custom)
2019-09-12 11:50:54,568 [pool-71-thread-1] INFO  server.RaftServerConfigKeys (ConfUtils.java:logGet(43)) - raft.server.rpc.timeout.max = 5200ms (custom)
2019-09-12 11:50:54,568 [pool-71-thread-1] INFO  server.RaftServerConfigKeys (ConfUtils.java:logGet(43)) - raft.server.rpcslowness.timeout = 120s (custom)
2019-09-12 11:50:54,568 [pool-71-thread-1] INFO  server.RaftServerConfigKeys (ConfUtils.java:logGet(43)) - raft.server.sleep.deviation.threshold = 300 (default)
2019-09-12 11:50:54,568 [pool-71-thread-1] INFO  server.RaftServerConfigKeys (ConfUtils.java:logGet(43)) - raft.server.log.appender.install.snapshot.enabled = false (custom)
2019-09-12 11:50:54,568 [pool-71-thread-1] INFO  impl.RaftServerImpl (ServerState.java:<init>(105)) - c13e8c2d-5cc3-43ac-8cc7-9a20211fb58e:group-EBE8E8DFDC10 ConfigurationManager, init=-1: [c13e8c2d-5cc3-43ac-8cc7-9a20211fb58e:192.168.36.114:41622], old=null, confs=<EMPTY_MAP>
2019-09-12 11:50:54,569 [pool-71-thread-1] INFO  server.RaftServerConfigKeys (ConfUtils.java:logGet(43)) - raft.server.storage.dir = [/workdir/hadoop-ozone/tools/target/test-dir/MiniOzoneClusterImpl-d6dca02c-26cd-4265-82f2-daeedfc193e9/datanode-4/data/ratis] (custom)
2019-09-12 11:50:54,569 [pool-71-thread-1] INFO  storage.RaftStorageDirectory (RaftStorageDirectory.java:analyzeStorage(246)) - The storage directory /workdir/hadoop-ozone/tools/target/test-dir/MiniOzoneClusterImpl-d6dca02c-26cd-4265-82f2-daeedfc193e9/datanode-4/data/ratis/2d4510a4-36a1-41ed-99d8-ebe8e8dfdc10 does not exist. Creating ...
2019-09-12 11:50:54,582 [pool-71-thread-1] INFO  storage.RaftStorageDirectory (RaftStorageDirectory.java:tryLock(328)) - Lock on /workdir/hadoop-ozone/tools/target/test-dir/MiniOzoneClusterImpl-d6dca02c-26cd-4265-82f2-daeedfc193e9/datanode-4/data/ratis/2d4510a4-36a1-41ed-99d8-ebe8e8dfdc10/in_use.lock acquired by nodename 20454@pr-hdds-1569-58hkm-1881083799
2019-09-12 11:50:54,595 [pool-71-thread-1] INFO  storage.RaftStorage (RaftStorage.java:format(72)) - Storage directory /workdir/hadoop-ozone/tools/target/test-dir/MiniOzoneClusterImpl-d6dca02c-26cd-4265-82f2-daeedfc193e9/datanode-4/data/ratis/2d4510a4-36a1-41ed-99d8-ebe8e8dfdc10 has been successfully formatted.
2019-09-12 11:50:54,595 [pool-71-thread-1] INFO  ratis.ContainerStateMachine (ContainerStateMachine.java:loadSnapshot(226)) - group-EBE8E8DFDC10: The snapshot info is null. Setting the last applied indexto:(t:0, i:~)
2019-09-12 11:50:54,596 [pool-71-thread-1] INFO  server.RaftServerConfigKeys (ConfUtils.java:logGet(43)) - raft.server.leader.election.timeout = 120s (custom)
2019-09-12 11:50:54,596 [pool-71-thread-1] INFO  server.RaftServerConfigKeys (ConfUtils.java:logGet(43)) - raft.server.log.use.memory = false (default)
2019-09-12 11:50:54,596 [pool-71-thread-1] INFO  server.RaftServerConfigKeys (ConfUtils.java:logGet(43)) - raft.server.log.purge.gap = 1000000 (custom)
2019-09-12 11:50:54,596 [pool-71-thread-1] INFO  server.RaftServerConfigKeys (ConfUtils.java:logGet(43)) - raft.server.log.appender.buffer.byte-limit = 33554432 (custom)
2019-09-12 11:50:54,596 [pool-71-thread-1] INFO  server.RaftServerConfigKeys (ConfUtils.java:logGet(43)) - raft.server.log.segment.size.max = 1048576 (custom)
2019-09-12 11:50:54,597 [pool-71-thread-1] INFO  server.RaftServerConfigKeys (ConfUtils.java:logGet(43)) - raft.server.log.segment.cache.num.max = 2 (custom)
2019-09-12 11:50:54,597 [pool-71-thread-1] INFO  segmented.SegmentedRaftLogWorker (SegmentedRaftLogWorker.java:<init>(172)) - new c13e8c2d-5cc3-43ac-8cc7-9a20211fb58e-SegmentedRaftLogWorker:Storage Directory /workdir/hadoop-ozone/tools/target/test-dir/MiniOzoneClusterImpl-d6dca02c-26cd-4265-82f2-daeedfc193e9/datanode-4/data/ratis/2d4510a4-36a1-41ed-99d8-ebe8e8dfdc10 for RaftStorage:Storage Directory /workdir/hadoop-ozone/tools/target/test-dir/MiniOzoneClusterImpl-d6dca02c-26cd-4265-82f2-daeedfc193e9/datanode-4/data/ratis/2d4510a4-36a1-41ed-99d8-ebe8e8dfdc10
2019-09-12 11:50:54,597 [pool-71-thread-1] INFO  server.RaftServerConfigKeys (ConfUtils.java:logGet(43)) - raft.server.log.queue.byte-limit = 2147483647 (custom)
2019-09-12 11:50:54,597 [pool-71-thread-1] INFO  server.RaftServerConfigKeys (ConfUtils.java:logGet(43)) - raft.server.log.queue.element-limit = 1024 (custom)
2019-09-12 11:50:54,597 [pool-71-thread-1] INFO  server.RaftServerConfigKeys (ConfUtils.java:logGet(43)) - raft.server.log.segment.size.max = 1048576 (custom)
2019-09-12 11:50:54,598 [pool-71-thread-1] INFO  server.RaftServerConfigKeys (ConfUtils.java:logGet(43)) - raft.server.log.preallocated.size = 16384 (custom)
2019-09-12 11:50:54,598 [pool-71-thread-1] INFO  server.RaftServerConfigKeys (ConfUtils.java:logGet(43)) - raft.server.log.write.buffer.size = 33554432 (custom)
2019-09-12 11:50:54,598 [pool-71-thread-1] INFO  server.RaftServerConfigKeys (ConfUtils.java:logGet(43)) - raft.server.log.force.sync.num = 128 (default)
2019-09-12 11:50:54,598 [pool-71-thread-1] INFO  server.RaftServerConfigKeys (ConfUtils.java:logGet(43)) - raft.server.log.statemachine.data.sync = true (default)
2019-09-12 11:50:54,598 [pool-71-thread-1] INFO  server.RaftServerConfigKeys (ConfUtils.java:logGet(43)) - raft.server.log.statemachine.data.sync.timeout = 10s (default)
2019-09-12 11:50:54,599 [pool-71-thread-1] INFO  server.RaftServerConfigKeys (ConfUtils.java:logGet(43)) - raft.server.log.statemachine.data.sync.timeout.retry = -1 (default)
2019-09-12 11:50:54,599 [pool-71-thread-1] INFO  server.RaftServerConfigKeys (ConfUtils.java:logGet(43)) - raft.server.log.statemachine.data.caching.enabled = true (custom)
2019-09-12 11:50:54,599 [pool-71-thread-1] INFO  segmented.SegmentedRaftLogWorker (SegmentedRaftLogWorker.java:lambda$new$0(132)) - c13e8c2d-5cc3-43ac-8cc7-9a20211fb58e-SegmentedRaftLogWorker:Storage Directory /workdir/hadoop-ozone/tools/target/test-dir/MiniOzoneClusterImpl-d6dca02c-26cd-4265-82f2-daeedfc193e9/datanode-4/data/ratis/2d4510a4-36a1-41ed-99d8-ebe8e8dfdc10: flushIndex: setUnconditionally 0 -> -1
2019-09-12 11:50:54,600 [pool-71-thread-1] INFO  server.RaftServerConfigKeys (ConfUtils.java:logGet(43)) - raft.server.snapshot.auto.trigger.enabled = true (custom)
2019-09-12 11:50:54,600 [pool-71-thread-1] INFO  server.RaftServerConfigKeys (ConfUtils.java:logGet(43)) - raft.server.snapshot.auto.trigger.threshold = 10000 (custom)
2019-09-12 11:50:54,600 [pool-71-thread-1] INFO  server.RaftServerConfigKeys (ConfUtils.java:logGet(43)) - raft.server.retrycache.expirytime = 600000ms (custom)
2019-09-12 11:50:54,600 [pool-71-thread-1] INFO  impl.RaftServerImpl (RaftServerImpl.java:start(180)) - c13e8c2d-5cc3-43ac-8cc7-9a20211fb58e: start group-EBE8E8DFDC10
2019-09-12 11:50:54,601 [pool-71-thread-1] INFO  impl.RaftServerImpl (RaftServerImpl.java:setRole(171)) - c13e8c2d-5cc3-43ac-8cc7-9a20211fb58e:group-EBE8E8DFDC10 changes role from null to FOLLOWER at term 0 for startAsFollower
2019-09-12 11:50:54,601 [pool-71-thread-1] INFO  impl.RoleInfo (RoleInfo.java:updateAndGet(143)) - c13e8c2d-5cc3-43ac-8cc7-9a20211fb58e: start FollowerState
2019-09-12 11:50:54,601 [pool-71-thread-1] INFO  util.JmxRegister (JmxRegister.java:tryRegister(44)) - Successfully registered JMX Bean with object name Ratis:service=RaftServer,group=group-EBE8E8DFDC10,id=c13e8c2d-5cc3-43ac-8cc7-9a20211fb58e
2019-09-12 11:50:54,606 [RatisPipelineUtilsThread] INFO  pipeline.PipelineStateManager (PipelineStateManager.java:addPipeline(56)) - Created pipeline Pipeline[ Id: 2d4510a4-36a1-41ed-99d8-ebe8e8dfdc10, Nodes: c13e8c2d-5cc3-43ac-8cc7-9a20211fb58e{ip: 192.168.36.114, host: pr-hdds-1569-58hkm-1881083799, networkLocation: /default-rack, certSerialId: null}, Type:RATIS, Factor:ONE, State:OPEN]
2019-09-12 11:50:54,608 [RatisPipelineUtilsThread] ERROR pipeline.PipelinePlacementPolicy (PipelinePlacementPolicy.java:meetCriteria(92)) - Pipeline Placement: Doesn't meet the criteria to be viable node. Heaviness: 6
2019-09-12 11:50:54,608 [RatisPipelineUtilsThread] ERROR pipeline.PipelinePlacementPolicy (PipelinePlacementPolicy.java:meetCriteria(92)) - Pipeline Placement: Doesn't meet the criteria to be viable node. Heaviness: 6
2019-09-12 11:50:54,608 [RatisPipelineUtilsThread] ERROR pipeline.PipelinePlacementPolicy (PipelinePlacementPolicy.java:meetCriteria(92)) - Pipeline Placement: Doesn't meet the criteria to be viable node. Heaviness: 6
2019-09-12 11:50:54,609 [RatisPipelineUtilsThread] ERROR pipeline.PipelinePlacementPolicy (PipelinePlacementPolicy.java:meetCriteria(92)) - Pipeline Placement: Doesn't meet the criteria to be viable node. Heaviness: 6
2019-09-12 11:50:54,618 [grpc-default-executor-1] INFO  impl.RaftServerProxy (RaftServerProxy.java:addNew(89)) - c13e8c2d-5cc3-43ac-8cc7-9a20211fb58e: addNew group-52A0B6CD4FE9:[c13e8c2d-5cc3-43ac-8cc7-9a20211fb58e:192.168.36.114:41622] returns group-52A0B6CD4FE9:java.util.concurrent.CompletableFuture@1a198995[Not completed]
2019-09-12 11:50:54,618 [Thread-207] INFO  container.ReplicationManager (ReplicationManager.java:start(151)) - Starting Replication Monitor Thread.
2019-09-12 11:50:54,619 [pool-71-thread-1] INFO  impl.RaftServerImpl (RaftServerImpl.java:<init>(93)) - c13e8c2d-5cc3-43ac-8cc7-9a20211fb58e: new RaftServerImpl for group-52A0B6CD4FE9:[c13e8c2d-5cc3-43ac-8cc7-9a20211fb58e:192.168.36.114:41622] with ContainerStateMachine:uninitialized
2019-09-12 11:50:54,620 [pool-71-thread-1] INFO  server.RaftServerConfigKeys (ConfUtils.java:logGet(43)) - raft.server.rpc.timeout.min = 5s (custom)
2019-09-12 11:50:54,620 [pool-71-thread-1] INFO  server.RaftServerConfigKeys (ConfUtils.java:logGet(43)) - raft.server.rpc.timeout.max = 5200ms (custom)
2019-09-12 11:50:54,620 [pool-71-thread-1] INFO  server.RaftServerConfigKeys (ConfUtils.java:logGet(43)) - raft.server.rpcslowness.timeout = 120s (custom)
2019-09-12 11:50:54,620 [pool-71-thread-1] INFO  server.RaftServerConfigKeys (ConfUtils.java:logGet(43)) - raft.server.sleep.deviation.threshold = 300 (default)
2019-09-12 11:50:54,620 [pool-71-thread-1] INFO  server.RaftServerConfigKeys (ConfUtils.java:logGet(43)) - raft.server.log.appender.install.snapshot.enabled = false (custom)
2019-09-12 11:50:54,620 [ReplicationMonitor] INFO  container.ReplicationManager (ReplicationManager.java:run(214)) - Replication Monitor Thread took 1 milliseconds for processing 0 containers.
2019-09-12 11:50:54,620 [pool-71-thread-1] INFO  impl.RaftServerImpl (ServerState.java:<init>(105)) - c13e8c2d-5cc3-43ac-8cc7-9a20211fb58e:group-52A0B6CD4FE9 ConfigurationManager, init=-1: [c13e8c2d-5cc3-43ac-8cc7-9a20211fb58e:192.168.36.114:41622], old=null, confs=<EMPTY_MAP>
2019-09-12 11:50:54,621 [pool-71-thread-1] INFO  server.RaftServerConfigKeys (ConfUtils.java:logGet(43)) - raft.server.storage.dir = [/workdir/hadoop-ozone/tools/target/test-dir/MiniOzoneClusterImpl-d6dca02c-26cd-4265-82f2-daeedfc193e9/datanode-4/data/ratis] (custom)
2019-09-12 11:50:54,621 [pool-71-thread-1] INFO  storage.RaftStorageDirectory (RaftStorageDirectory.java:analyzeStorage(246)) - The storage directory /workdir/hadoop-ozone/tools/target/test-dir/MiniOzoneClusterImpl-d6dca02c-26cd-4265-82f2-daeedfc193e9/datanode-4/data/ratis/34e0778d-0aea-4d56-afcd-52a0b6cd4fe9 does not exist. Creating ...
2019-09-12 11:50:54,634 [pool-71-thread-1] INFO  storage.RaftStorageDirectory (RaftStorageDirectory.java:tryLock(328)) - Lock on /workdir/hadoop-ozone/tools/target/test-dir/MiniOzoneClusterImpl-d6dca02c-26cd-4265-82f2-daeedfc193e9/datanode-4/data/ratis/34e0778d-0aea-4d56-afcd-52a0b6cd4fe9/in_use.lock acquired by nodename 20454@pr-hdds-1569-58hkm-1881083799
2019-09-12 11:50:54,646 [pool-71-thread-1] INFO  storage.RaftStorage (RaftStorage.java:format(72)) - Storage directory /workdir/hadoop-ozone/tools/target/test-dir/MiniOzoneClusterImpl-d6dca02c-26cd-4265-82f2-daeedfc193e9/datanode-4/data/ratis/34e0778d-0aea-4d56-afcd-52a0b6cd4fe9 has been successfully formatted.
2019-09-12 11:50:54,647 [pool-71-thread-1] INFO  ratis.ContainerStateMachine (ContainerStateMachine.java:loadSnapshot(226)) - group-52A0B6CD4FE9: The snapshot info is null. Setting the last applied indexto:(t:0, i:~)
2019-09-12 11:50:54,647 [pool-71-thread-1] INFO  server.RaftServerConfigKeys (ConfUtils.java:logGet(43)) - raft.server.leader.election.timeout = 120s (custom)
2019-09-12 11:50:54,647 [pool-71-thread-1] INFO  server.RaftServerConfigKeys (ConfUtils.java:logGet(43)) - raft.server.log.use.memory = false (default)
2019-09-12 11:50:54,647 [pool-71-thread-1] INFO  server.RaftServerConfigKeys (ConfUtils.java:logGet(43)) - raft.server.log.purge.gap = 1000000 (custom)
2019-09-12 11:50:54,647 [pool-71-thread-1] INFO  server.RaftServerConfigKeys (ConfUtils.java:logGet(43)) - raft.server.log.appender.buffer.byte-limit = 33554432 (custom)
2019-09-12 11:50:54,648 [pool-71-thread-1] INFO  server.RaftServerConfigKeys (ConfUtils.java:logGet(43)) - raft.server.log.segment.size.max = 1048576 (custom)
2019-09-12 11:50:54,648 [pool-71-thread-1] INFO  server.RaftServerConfigKeys (ConfUtils.java:logGet(43)) - raft.server.log.segment.cache.num.max = 2 (custom)
2019-09-12 11:50:54,648 [pool-71-thread-1] INFO  segmented.SegmentedRaftLogWorker (SegmentedRaftLogWorker.java:<init>(172)) - new c13e8c2d-5cc3-43ac-8cc7-9a20211fb58e-SegmentedRaftLogWorker:Storage Directory /workdir/hadoop-ozone/tools/target/test-dir/MiniOzoneClusterImpl-d6dca02c-26cd-4265-82f2-daeedfc193e9/datanode-4/data/ratis/34e0778d-0aea-4d56-afcd-52a0b6cd4fe9 for RaftStorage:Storage Directory /workdir/hadoop-ozone/tools/target/test-dir/MiniOzoneClusterImpl-d6dca02c-26cd-4265-82f2-daeedfc193e9/datanode-4/data/ratis/34e0778d-0aea-4d56-afcd-52a0b6cd4fe9
2019-09-12 11:50:54,648 [pool-71-thread-1] INFO  server.RaftServerConfigKeys (ConfUtils.java:logGet(43)) - raft.server.log.queue.byte-limit = 2147483647 (custom)
2019-09-12 11:50:54,648 [pool-71-thread-1] INFO  server.RaftServerConfigKeys (ConfUtils.java:logGet(43)) - raft.server.log.queue.element-limit = 1024 (custom)
2019-09-12 11:50:54,648 [pool-71-thread-1] INFO  server.RaftServerConfigKeys (ConfUtils.java:logGet(43)) - raft.server.log.segment.size.max = 1048576 (custom)
2019-09-12 11:50:54,649 [pool-71-thread-1] INFO  server.RaftServerConfigKeys (ConfUtils.java:logGet(43)) - raft.server.log.preallocated.size = 16384 (custom)
2019-09-12 11:50:54,649 [pool-71-thread-1] INFO  server.RaftServerConfigKeys (ConfUtils.java:logGet(43)) - raft.server.log.write.buffer.size = 33554432 (custom)
2019-09-12 11:50:54,649 [pool-71-thread-1] INFO  server.RaftServerConfigKeys (ConfUtils.java:logGet(43)) - raft.server.log.force.sync.num = 128 (default)
2019-09-12 11:50:54,649 [pool-71-thread-1] INFO  server.RaftServerConfigKeys (ConfUtils.java:logGet(43)) - raft.server.log.statemachine.data.sync = true (default)
2019-09-12 11:50:54,649 [pool-71-thread-1] INFO  server.RaftServerConfigKeys (ConfUtils.java:logGet(43)) - raft.server.log.statemachine.data.sync.timeout = 10s (default)
2019-09-12 11:50:54,649 [pool-71-thread-1] INFO  server.RaftServerConfigKeys (ConfUtils.java:logGet(43)) - raft.server.log.statemachine.data.sync.timeout.retry = -1 (default)
2019-09-12 11:50:54,650 [pool-71-thread-1] INFO  server.RaftServerConfigKeys (ConfUtils.java:logGet(43)) - raft.server.log.statemachine.data.caching.enabled = true (custom)
2019-09-12 11:50:54,650 [pool-71-thread-1] INFO  segmented.SegmentedRaftLogWorker (SegmentedRaftLogWorker.java:lambda$new$0(132)) - c13e8c2d-5cc3-43ac-8cc7-9a20211fb58e-SegmentedRaftLogWorker:Storage Directory /workdir/hadoop-ozone/tools/target/test-dir/MiniOzoneClusterImpl-d6dca02c-26cd-4265-82f2-daeedfc193e9/datanode-4/data/ratis/34e0778d-0aea-4d56-afcd-52a0b6cd4fe9: flushIndex: setUnconditionally 0 -> -1
2019-09-12 11:50:54,650 [pool-71-thread-1] INFO  server.RaftServerConfigKeys (ConfUtils.java:logGet(43)) - raft.server.snapshot.auto.trigger.enabled = true (custom)
2019-09-12 11:50:54,651 [pool-71-thread-1] INFO  server.RaftServerConfigKeys (ConfUtils.java:logGet(43)) - raft.server.snapshot.auto.trigger.threshold = 10000 (custom)
2019-09-12 11:50:54,651 [pool-71-thread-1] INFO  server.RaftServerConfigKeys (ConfUtils.java:logGet(43)) - raft.server.retrycache.expirytime = 600000ms (custom)
2019-09-12 11:50:54,651 [pool-71-thread-1] INFO  impl.RaftServerImpl (RaftServerImpl.java:start(180)) - c13e8c2d-5cc3-43ac-8cc7-9a20211fb58e: start group-52A0B6CD4FE9
2019-09-12 11:50:54,651 [pool-71-thread-1] INFO  impl.RaftServerImpl (RaftServerImpl.java:setRole(171)) - c13e8c2d-5cc3-43ac-8cc7-9a20211fb58e:group-52A0B6CD4FE9 changes role from null to FOLLOWER at term 0 for startAsFollower
2019-09-12 11:50:54,651 [pool-71-thread-1] INFO  impl.RoleInfo (RoleInfo.java:updateAndGet(143)) - c13e8c2d-5cc3-43ac-8cc7-9a20211fb58e: start FollowerState
2019-09-12 11:50:54,652 [pool-71-thread-1] INFO  util.JmxRegister (JmxRegister.java:tryRegister(44)) - Successfully registered JMX Bean with object name Ratis:service=RaftServer,group=group-52A0B6CD4FE9,id=c13e8c2d-5cc3-43ac-8cc7-9a20211fb58e
2019-09-12 11:50:54,656 [RatisPipelineUtilsThread] INFO  pipeline.PipelineStateManager (PipelineStateManager.java:addPipeline(56)) - Created pipeline Pipeline[ Id: 34e0778d-0aea-4d56-afcd-52a0b6cd4fe9, Nodes: c13e8c2d-5cc3-43ac-8cc7-9a20211fb58e{ip: 192.168.36.114, host: pr-hdds-1569-58hkm-1881083799, networkLocation: /default-rack, certSerialId: null}, Type:RATIS, Factor:ONE, State:OPEN]
2019-09-12 11:50:54,658 [RatisPipelineUtilsThread] ERROR pipeline.PipelinePlacementPolicy (PipelinePlacementPolicy.java:meetCriteria(92)) - Pipeline Placement: Doesn't meet the criteria to be viable node. Heaviness: 6
2019-09-12 11:50:54,658 [RatisPipelineUtilsThread] ERROR pipeline.PipelinePlacementPolicy (PipelinePlacementPolicy.java:meetCriteria(92)) - Pipeline Placement: Doesn't meet the criteria to be viable node. Heaviness: 6
2019-09-12 11:50:54,658 [RatisPipelineUtilsThread] ERROR pipeline.PipelinePlacementPolicy (PipelinePlacementPolicy.java:meetCriteria(92)) - Pipeline Placement: Doesn't meet the criteria to be viable node. Heaviness: 6
2019-09-12 11:50:54,658 [RatisPipelineUtilsThread] ERROR pipeline.PipelinePlacementPolicy (PipelinePlacementPolicy.java:meetCriteria(92)) - Pipeline Placement: Doesn't meet the criteria to be viable node. Heaviness: 6
2019-09-12 11:50:54,667 [grpc-default-executor-1] INFO  impl.RaftServerProxy (RaftServerProxy.java:addNew(89)) - c13e8c2d-5cc3-43ac-8cc7-9a20211fb58e: addNew group-0413BBB5DF70:[c13e8c2d-5cc3-43ac-8cc7-9a20211fb58e:192.168.36.114:41622] returns group-0413BBB5DF70:java.util.concurrent.CompletableFuture@11921022[Not completed]
2019-09-12 11:50:54,669 [pool-71-thread-1] INFO  impl.RaftServerImpl (RaftServerImpl.java:<init>(93)) - c13e8c2d-5cc3-43ac-8cc7-9a20211fb58e: new RaftServerImpl for group-0413BBB5DF70:[c13e8c2d-5cc3-43ac-8cc7-9a20211fb58e:192.168.36.114:41622] with ContainerStateMachine:uninitialized
2019-09-12 11:50:54,669 [pool-71-thread-1] INFO  server.RaftServerConfigKeys (ConfUtils.java:logGet(43)) - raft.server.rpc.timeout.min = 5s (custom)
2019-09-12 11:50:54,669 [pool-71-thread-1] INFO  server.RaftServerConfigKeys (ConfUtils.java:logGet(43)) - raft.server.rpc.timeout.max = 5200ms (custom)
2019-09-12 11:50:54,669 [pool-71-thread-1] INFO  server.RaftServerConfigKeys (ConfUtils.java:logGet(43)) - raft.server.rpcslowness.timeout = 120s (custom)
2019-09-12 11:50:54,670 [pool-71-thread-1] INFO  server.RaftServerConfigKeys (ConfUtils.java:logGet(43)) - raft.server.sleep.deviation.threshold = 300 (default)
2019-09-12 11:50:54,670 [pool-71-thread-1] INFO  server.RaftServerConfigKeys (ConfUtils.java:logGet(43)) - raft.server.log.appender.install.snapshot.enabled = false (custom)
2019-09-12 11:50:54,670 [pool-71-thread-1] INFO  impl.RaftServerImpl (ServerState.java:<init>(105)) - c13e8c2d-5cc3-43ac-8cc7-9a20211fb58e:group-0413BBB5DF70 ConfigurationManager, init=-1: [c13e8c2d-5cc3-43ac-8cc7-9a20211fb58e:192.168.36.114:41622], old=null, confs=<EMPTY_MAP>
2019-09-12 11:50:54,670 [pool-71-thread-1] INFO  server.RaftServerConfigKeys (ConfUtils.java:logGet(43)) - raft.server.storage.dir = [/workdir/hadoop-ozone/tools/target/test-dir/MiniOzoneClusterImpl-d6dca02c-26cd-4265-82f2-daeedfc193e9/datanode-4/data/ratis] (custom)
2019-09-12 11:50:54,671 [pool-71-thread-1] INFO  storage.RaftStorageDirectory (RaftStorageDirectory.java:analyzeStorage(246)) - The storage directory /workdir/hadoop-ozone/tools/target/test-dir/MiniOzoneClusterImpl-d6dca02c-26cd-4265-82f2-daeedfc193e9/datanode-4/data/ratis/d926cfca-60b9-4d7b-84cb-0413bbb5df70 does not exist. Creating ...
2019-09-12 11:50:54,683 [pool-71-thread-1] INFO  storage.RaftStorageDirectory (RaftStorageDirectory.java:tryLock(328)) - Lock on /workdir/hadoop-ozone/tools/target/test-dir/MiniOzoneClusterImpl-d6dca02c-26cd-4265-82f2-daeedfc193e9/datanode-4/data/ratis/d926cfca-60b9-4d7b-84cb-0413bbb5df70/in_use.lock acquired by nodename 20454@pr-hdds-1569-58hkm-1881083799
2019-09-12 11:50:54,696 [pool-71-thread-1] INFO  storage.RaftStorage (RaftStorage.java:format(72)) - Storage directory /workdir/hadoop-ozone/tools/target/test-dir/MiniOzoneClusterImpl-d6dca02c-26cd-4265-82f2-daeedfc193e9/datanode-4/data/ratis/d926cfca-60b9-4d7b-84cb-0413bbb5df70 has been successfully formatted.
2019-09-12 11:50:54,696 [pool-71-thread-1] INFO  ratis.ContainerStateMachine (ContainerStateMachine.java:loadSnapshot(226)) - group-0413BBB5DF70: The snapshot info is null. Setting the last applied indexto:(t:0, i:~)
2019-09-12 11:50:54,697 [pool-71-thread-1] INFO  server.RaftServerConfigKeys (ConfUtils.java:logGet(43)) - raft.server.leader.election.timeout = 120s (custom)
2019-09-12 11:50:54,697 [pool-71-thread-1] INFO  server.RaftServerConfigKeys (ConfUtils.java:logGet(43)) - raft.server.log.use.memory = false (default)
2019-09-12 11:50:54,697 [pool-71-thread-1] INFO  server.RaftServerConfigKeys (ConfUtils.java:logGet(43)) - raft.server.log.purge.gap = 1000000 (custom)
2019-09-12 11:50:54,697 [pool-71-thread-1] INFO  server.RaftServerConfigKeys (ConfUtils.java:logGet(43)) - raft.server.log.appender.buffer.byte-limit = 33554432 (custom)
2019-09-12 11:50:54,697 [pool-71-thread-1] INFO  server.RaftServerConfigKeys (ConfUtils.java:logGet(43)) - raft.server.log.segment.size.max = 1048576 (custom)
2019-09-12 11:50:54,697 [pool-71-thread-1] INFO  server.RaftServerConfigKeys (ConfUtils.java:logGet(43)) - raft.server.log.segment.cache.num.max = 2 (custom)
2019-09-12 11:50:54,698 [pool-71-thread-1] INFO  segmented.SegmentedRaftLogWorker (SegmentedRaftLogWorker.java:<init>(172)) - new c13e8c2d-5cc3-43ac-8cc7-9a20211fb58e-SegmentedRaftLogWorker:Storage Directory /workdir/hadoop-ozone/tools/target/test-dir/MiniOzoneClusterImpl-d6dca02c-26cd-4265-82f2-daeedfc193e9/datanode-4/data/ratis/d926cfca-60b9-4d7b-84cb-0413bbb5df70 for RaftStorage:Storage Directory /workdir/hadoop-ozone/tools/target/test-dir/MiniOzoneClusterImpl-d6dca02c-26cd-4265-82f2-daeedfc193e9/datanode-4/data/ratis/d926cfca-60b9-4d7b-84cb-0413bbb5df70
2019-09-12 11:50:54,698 [pool-71-thread-1] INFO  server.RaftServerConfigKeys (ConfUtils.java:logGet(43)) - raft.server.log.queue.byte-limit = 2147483647 (custom)
2019-09-12 11:50:54,698 [pool-71-thread-1] INFO  server.RaftServerConfigKeys (ConfUtils.java:logGet(43)) - raft.server.log.queue.element-limit = 1024 (custom)
2019-09-12 11:50:54,698 [pool-71-thread-1] INFO  server.RaftServerConfigKeys (ConfUtils.java:logGet(43)) - raft.server.log.segment.size.max = 1048576 (custom)
2019-09-12 11:50:54,698 [pool-71-thread-1] INFO  server.RaftServerConfigKeys (ConfUtils.java:logGet(43)) - raft.server.log.preallocated.size = 16384 (custom)
2019-09-12 11:50:54,699 [pool-71-thread-1] INFO  server.RaftServerConfigKeys (ConfUtils.java:logGet(43)) - raft.server.log.write.buffer.size = 33554432 (custom)
2019-09-12 11:50:54,699 [pool-71-thread-1] INFO  server.RaftServerConfigKeys (ConfUtils.java:logGet(43)) - raft.server.log.force.sync.num = 128 (default)
2019-09-12 11:50:54,699 [pool-71-thread-1] INFO  server.RaftServerConfigKeys (ConfUtils.java:logGet(43)) - raft.server.log.statemachine.data.sync = true (default)
2019-09-12 11:50:54,699 [pool-71-thread-1] INFO  server.RaftServerConfigKeys (ConfUtils.java:logGet(43)) - raft.server.log.statemachine.data.sync.timeout = 10s (default)
2019-09-12 11:50:54,699 [pool-71-thread-1] INFO  server.RaftServerConfigKeys (ConfUtils.java:logGet(43)) - raft.server.log.statemachine.data.sync.timeout.retry = -1 (default)
2019-09-12 11:50:54,700 [pool-71-thread-1] INFO  server.RaftServerConfigKeys (ConfUtils.java:logGet(43)) - raft.server.log.statemachine.data.caching.enabled = true (custom)
2019-09-12 11:50:54,700 [pool-71-thread-1] INFO  segmented.SegmentedRaftLogWorker (SegmentedRaftLogWorker.java:lambda$new$0(132)) - c13e8c2d-5cc3-43ac-8cc7-9a20211fb58e-SegmentedRaftLogWorker:Storage Directory /workdir/hadoop-ozone/tools/target/test-dir/MiniOzoneClusterImpl-d6dca02c-26cd-4265-82f2-daeedfc193e9/datanode-4/data/ratis/d926cfca-60b9-4d7b-84cb-0413bbb5df70: flushIndex: setUnconditionally 0 -> -1
2019-09-12 11:50:54,700 [pool-71-thread-1] INFO  server.RaftServerConfigKeys (ConfUtils.java:logGet(43)) - raft.server.snapshot.auto.trigger.enabled = true (custom)
2019-09-12 11:50:54,700 [pool-71-thread-1] INFO  server.RaftServerConfigKeys (ConfUtils.java:logGet(43)) - raft.server.snapshot.auto.trigger.threshold = 10000 (custom)
2019-09-12 11:50:54,701 [pool-71-thread-1] INFO  server.RaftServerConfigKeys (ConfUtils.java:logGet(43)) - raft.server.retrycache.expirytime = 600000ms (custom)
2019-09-12 11:50:54,701 [pool-71-thread-1] INFO  impl.RaftServerImpl (RaftServerImpl.java:start(180)) - c13e8c2d-5cc3-43ac-8cc7-9a20211fb58e: start group-0413BBB5DF70
2019-09-12 11:50:54,701 [pool-71-thread-1] INFO  impl.RaftServerImpl (RaftServerImpl.java:setRole(171)) - c13e8c2d-5cc3-43ac-8cc7-9a20211fb58e:group-0413BBB5DF70 changes role from null to FOLLOWER at term 0 for startAsFollower
2019-09-12 11:50:54,701 [pool-71-thread-1] INFO  impl.RoleInfo (RoleInfo.java:updateAndGet(143)) - c13e8c2d-5cc3-43ac-8cc7-9a20211fb58e: start FollowerState
2019-09-12 11:50:54,702 [pool-71-thread-1] INFO  util.JmxRegister (JmxRegister.java:tryRegister(44)) - Successfully registered JMX Bean with object name Ratis:service=RaftServer,group=group-0413BBB5DF70,id=c13e8c2d-5cc3-43ac-8cc7-9a20211fb58e
2019-09-12 11:50:54,707 [RatisPipelineUtilsThread] INFO  pipeline.PipelineStateManager (PipelineStateManager.java:addPipeline(56)) - Created pipeline Pipeline[ Id: d926cfca-60b9-4d7b-84cb-0413bbb5df70, Nodes: c13e8c2d-5cc3-43ac-8cc7-9a20211fb58e{ip: 192.168.36.114, host: pr-hdds-1569-58hkm-1881083799, networkLocation: /default-rack, certSerialId: null}, Type:RATIS, Factor:ONE, State:OPEN]
2019-09-12 11:50:54,709 [RatisPipelineUtilsThread] ERROR pipeline.PipelinePlacementPolicy (PipelinePlacementPolicy.java:meetCriteria(92)) - Pipeline Placement: Doesn't meet the criteria to be viable node. Heaviness: 6
2019-09-12 11:50:54,709 [RatisPipelineUtilsThread] ERROR pipeline.PipelinePlacementPolicy (PipelinePlacementPolicy.java:meetCriteria(92)) - Pipeline Placement: Doesn't meet the criteria to be viable node. Heaviness: 6
2019-09-12 11:50:54,709 [RatisPipelineUtilsThread] ERROR pipeline.PipelinePlacementPolicy (PipelinePlacementPolicy.java:meetCriteria(92)) - Pipeline Placement: Doesn't meet the criteria to be viable node. Heaviness: 6
2019-09-12 11:50:54,710 [RatisPipelineUtilsThread] ERROR pipeline.PipelinePlacementPolicy (PipelinePlacementPolicy.java:meetCriteria(92)) - Pipeline Placement: Doesn't meet the criteria to be viable node. Heaviness: 6
2019-09-12 11:50:54,710 [RatisPipelineUtilsThread] ERROR pipeline.PipelinePlacementPolicy (PipelinePlacementPolicy.java:meetCriteria(92)) - Pipeline Placement: Doesn't meet the criteria to be viable node. Heaviness: 6
2019-09-12 11:50:54,710 [RatisPipelineUtilsThread] ERROR pipeline.PipelinePlacementPolicy (PipelinePlacementPolicy.java:filterViableNodes(147)) - Unable to find enough nodes that meet the criteria that cannot engage in more than 5 pipelines. Nodes required: 1 Found: 0, healthy nodes count inNodeManager: 5.
2019-09-12 11:50:54,712 [RatisPipelineUtilsThread] ERROR pipeline.SCMPipelineManager (SCMPipelineManager.java:createPipeline(161)) - Pipeline creation failed due to exception: Unable to find enough nodes that meet the criteria that cannot engage in more than 5 pipelines. Nodes required: 1 Found: 0, healthy nodes count inNodeManager: 5.
2019-09-12 11:50:54,712 [RatisPipelineUtilsThread] ERROR pipeline.PipelinePlacementPolicy (PipelinePlacementPolicy.java:meetCriteria(92)) - Pipeline Placement: Doesn't meet the criteria to be viable node. Heaviness: 6
2019-09-12 11:50:54,712 [RatisPipelineUtilsThread] ERROR pipeline.PipelinePlacementPolicy (PipelinePlacementPolicy.java:meetCriteria(92)) - Pipeline Placement: Doesn't meet the criteria to be viable node. Heaviness: 6
2019-09-12 11:50:54,713 [RatisPipelineUtilsThread] ERROR pipeline.PipelinePlacementPolicy (PipelinePlacementPolicy.java:meetCriteria(92)) - Pipeline Placement: Doesn't meet the criteria to be viable node. Heaviness: 6
2019-09-12 11:50:54,713 [RatisPipelineUtilsThread] ERROR pipeline.PipelinePlacementPolicy (PipelinePlacementPolicy.java:meetCriteria(92)) - Pipeline Placement: Doesn't meet the criteria to be viable node. Heaviness: 6
2019-09-12 11:50:54,713 [RatisPipelineUtilsThread] ERROR pipeline.PipelinePlacementPolicy (PipelinePlacementPolicy.java:meetCriteria(92)) - Pipeline Placement: Doesn't meet the criteria to be viable node. Heaviness: 6
2019-09-12 11:50:54,713 [RatisPipelineUtilsThread] ERROR pipeline.PipelinePlacementPolicy (PipelinePlacementPolicy.java:filterViableNodes(147)) - Unable to find enough nodes that meet the criteria that cannot engage in more than 5 pipelines. Nodes required: 3 Found: 0, healthy nodes count inNodeManager: 5.
2019-09-12 11:50:54,713 [RatisPipelineUtilsThread] ERROR pipeline.SCMPipelineManager (SCMPipelineManager.java:createPipeline(161)) - Pipeline creation failed due to exception: Unable to find enough nodes that meet the criteria that cannot engage in more than 5 pipelines. Nodes required: 3 Found: 0, healthy nodes count inNodeManager: 5.
2019-09-12 11:50:54,715 [RatisPipelineUtilsThread] ERROR pipeline.PipelinePlacementPolicy (PipelinePlacementPolicy.java:meetCriteria(92)) - Pipeline Placement: Doesn't meet the criteria to be viable node. Heaviness: 6
2019-09-12 11:50:54,716 [RatisPipelineUtilsThread] ERROR pipeline.PipelinePlacementPolicy (PipelinePlacementPolicy.java:meetCriteria(92)) - Pipeline Placement: Doesn't meet the criteria to be viable node. Heaviness: 6
2019-09-12 11:50:54,716 [RatisPipelineUtilsThread] ERROR pipeline.PipelinePlacementPolicy (PipelinePlacementPolicy.java:meetCriteria(92)) - Pipeline Placement: Doesn't meet the criteria to be viable node. Heaviness: 6
2019-09-12 11:50:54,716 [RatisPipelineUtilsThread] ERROR pipeline.PipelinePlacementPolicy (PipelinePlacementPolicy.java:meetCriteria(92)) - Pipeline Placement: Doesn't meet the criteria to be viable node. Heaviness: 6
2019-09-12 11:50:54,716 [RatisPipelineUtilsThread] ERROR pipeline.PipelinePlacementPolicy (PipelinePlacementPolicy.java:meetCriteria(92)) - Pipeline Placement: Doesn't meet the criteria to be viable node. Heaviness: 6
2019-09-12 11:50:54,716 [RatisPipelineUtilsThread] ERROR pipeline.PipelinePlacementPolicy (PipelinePlacementPolicy.java:filterViableNodes(147)) - Unable to find enough nodes that meet the criteria that cannot engage in more than 5 pipelines. Nodes required: 1 Found: 0, healthy nodes count inNodeManager: 5.
2019-09-12 11:50:54,717 [RatisPipelineUtilsThread] ERROR pipeline.SCMPipelineManager (SCMPipelineManager.java:createPipeline(161)) - Pipeline creation failed due to exception: Unable to find enough nodes that meet the criteria that cannot engage in more than 5 pipelines. Nodes required: 1 Found: 0, healthy nodes count inNodeManager: 5.
2019-09-12 11:50:54,717 [RatisPipelineUtilsThread] ERROR pipeline.PipelinePlacementPolicy (PipelinePlacementPolicy.java:meetCriteria(92)) - Pipeline Placement: Doesn't meet the criteria to be viable node. Heaviness: 6
2019-09-12 11:50:54,717 [RatisPipelineUtilsThread] ERROR pipeline.PipelinePlacementPolicy (PipelinePlacementPolicy.java:meetCriteria(92)) - Pipeline Placement: Doesn't meet the criteria to be viable node. Heaviness: 6
2019-09-12 11:50:54,717 [RatisPipelineUtilsThread] ERROR pipeline.PipelinePlacementPolicy (PipelinePlacementPolicy.java:meetCriteria(92)) - Pipeline Placement: Doesn't meet the criteria to be viable node. Heaviness: 6
2019-09-12 11:50:54,717 [RatisPipelineUtilsThread] ERROR pipeline.PipelinePlacementPolicy (PipelinePlacementPolicy.java:meetCriteria(92)) - Pipeline Placement: Doesn't meet the criteria to be viable node. Heaviness: 6
2019-09-12 11:50:54,718 [RatisPipelineUtilsThread] ERROR pipeline.PipelinePlacementPolicy (PipelinePlacementPolicy.java:meetCriteria(92)) - Pipeline Placement: Doesn't meet the criteria to be viable node. Heaviness: 6
2019-09-12 11:50:54,718 [RatisPipelineUtilsThread] ERROR pipeline.PipelinePlacementPolicy (PipelinePlacementPolicy.java:filterViableNodes(147)) - Unable to find enough nodes that meet the criteria that cannot engage in more than 5 pipelines. Nodes required: 3 Found: 0, healthy nodes count inNodeManager: 5.
2019-09-12 11:50:54,718 [RatisPipelineUtilsThread] ERROR pipeline.SCMPipelineManager (SCMPipelineManager.java:createPipeline(161)) - Pipeline creation failed due to exception: Unable to find enough nodes that meet the criteria that cannot engage in more than 5 pipelines. Nodes required: 3 Found: 0, healthy nodes count inNodeManager: 5.
2019-09-12 11:50:54,718 [IPC Server handler 0 on 39597] ERROR pipeline.PipelinePlacementPolicy (PipelinePlacementPolicy.java:meetCriteria(92)) - Pipeline Placement: Doesn't meet the criteria to be viable node. Heaviness: 6
2019-09-12 11:50:54,719 [IPC Server handler 0 on 39597] ERROR pipeline.PipelinePlacementPolicy (PipelinePlacementPolicy.java:meetCriteria(92)) - Pipeline Placement: Doesn't meet the criteria to be viable node. Heaviness: 6
2019-09-12 11:50:54,719 [IPC Server handler 0 on 39597] ERROR pipeline.PipelinePlacementPolicy (PipelinePlacementPolicy.java:meetCriteria(92)) - Pipeline Placement: Doesn't meet the criteria to be viable node. Heaviness: 6
2019-09-12 11:50:54,719 [IPC Server handler 0 on 39597] ERROR pipeline.PipelinePlacementPolicy (PipelinePlacementPolicy.java:meetCriteria(92)) - Pipeline Placement: Doesn't meet the criteria to be viable node. Heaviness: 6
2019-09-12 11:50:54,719 [IPC Server handler 0 on 39597] ERROR pipeline.PipelinePlacementPolicy (PipelinePlacementPolicy.java:meetCriteria(92)) - Pipeline Placement: Doesn't meet the criteria to be viable node. Heaviness: 6
2019-09-12 11:50:54,719 [IPC Server handler 0 on 39597] ERROR pipeline.PipelinePlacementPolicy (PipelinePlacementPolicy.java:filterViableNodes(147)) - Unable to find enough nodes that meet the criteria that cannot engage in more than 5 pipelines. Nodes required: 3 Found: 0, healthy nodes count inNodeManager: 5.
2019-09-12 11:50:54,719 [IPC Server handler 0 on 39597] ERROR pipeline.SCMPipelineManager (SCMPipelineManager.java:createPipeline(161)) - Pipeline creation failed due to exception: Unable to find enough nodes that meet the criteria that cannot engage in more than 5 pipelines. Nodes required: 3 Found: 0, healthy nodes count inNodeManager: 5.
2019-09-12 11:50:54,720 [IPC Server handler 0 on 39597] WARN  block.BlockManagerImpl (BlockManagerImpl.java:allocateBlock(192)) - Pipeline creation failed for type:RATIS factor:THREE. Retrying get pipelines call once.
org.apache.hadoop.hdds.scm.exceptions.SCMException: Unable to find enough nodes that meet the criteria that cannot engage in more than 5 pipelines. Nodes required: 3 Found: 0, healthy nodes count inNodeManager: 5.
	at org.apache.hadoop.hdds.scm.pipeline.PipelinePlacementPolicy.filterViableNodes(PipelinePlacementPolicy.java:148)
	at org.apache.hadoop.hdds.scm.pipeline.PipelinePlacementPolicy.chooseDatanodes(PipelinePlacementPolicy.java:171)
	at org.apache.hadoop.hdds.scm.pipeline.RatisPipelineProvider.create(RatisPipelineProvider.java:100)
	at org.apache.hadoop.hdds.scm.pipeline.PipelineFactory.create(PipelineFactory.java:57)
	at org.apache.hadoop.hdds.scm.pipeline.SCMPipelineManager.createPipeline(SCMPipelineManager.java:149)
	at org.apache.hadoop.hdds.scm.block.BlockManagerImpl.allocateBlock(BlockManagerImpl.java:190)
	at org.apache.hadoop.hdds.scm.server.SCMBlockProtocolServer.allocateBlock(SCMBlockProtocolServer.java:175)
	at org.apache.hadoop.ozone.protocolPB.ScmBlockLocationProtocolServerSideTranslatorPB.allocateScmBlock(ScmBlockLocationProtocolServerSideTranslatorPB.java:153)
	at org.apache.hadoop.ozone.protocolPB.ScmBlockLocationProtocolServerSideTranslatorPB.send(ScmBlockLocationProtocolServerSideTranslatorPB.java:112)
	at org.apache.hadoop.hdds.protocol.proto.ScmBlockLocationProtocolProtos$ScmBlockLocationProtocolService$2.callBlockingMethod(ScmBlockLocationProtocolProtos.java:13157)
	at org.apache.hadoop.ipc.ProtobufRpcEngine$Server$ProtoBufRpcInvoker.call(ProtobufRpcEngine.java:524)
	at org.apache.hadoop.ipc.RPC$Server.call(RPC.java:1025)
	at org.apache.hadoop.ipc.Server$RpcCall.run(Server.java:876)
	at org.apache.hadoop.ipc.Server$RpcCall.run(Server.java:822)
	at java.security.AccessController.doPrivileged(Native Method)
	at javax.security.auth.Subject.doAs(Subject.java:422)
	at org.apache.hadoop.security.UserGroupInformation.doAs(UserGroupInformation.java:1730)
	at org.apache.hadoop.ipc.Server$Handler.run(Server.java:2682)
2019-09-12 11:50:54,722 [IPC Server handler 0 on 39597] INFO  block.BlockManagerImpl (BlockManagerImpl.java:allocateBlock(198)) - Could not find available pipeline of type:RATIS and factor:THREE even after retrying
2019-09-12 11:50:54,722 [IPC Server handler 0 on 39597] ERROR block.BlockManagerImpl (BlockManagerImpl.java:allocateBlock(222)) - Unable to allocate a block for the size: 4194304, type: RATIS, factor: THREE
2019-09-12 11:50:54,723 [IPC Server handler 0 on 39597] ERROR pipeline.PipelinePlacementPolicy (PipelinePlacementPolicy.java:meetCriteria(92)) - Pipeline Placement: Doesn't meet the criteria to be viable node. Heaviness: 6
2019-09-12 11:50:54,723 [IPC Server handler 0 on 39597] ERROR pipeline.PipelinePlacementPolicy (PipelinePlacementPolicy.java:meetCriteria(92)) - Pipeline Placement: Doesn't meet the criteria to be viable node. Heaviness: 6
2019-09-12 11:50:54,723 [IPC Server handler 0 on 39597] ERROR pipeline.PipelinePlacementPolicy (PipelinePlacementPolicy.java:meetCriteria(92)) - Pipeline Placement: Doesn't meet the criteria to be viable node. Heaviness: 6
2019-09-12 11:50:54,723 [IPC Server handler 0 on 39597] ERROR pipeline.PipelinePlacementPolicy (PipelinePlacementPolicy.java:meetCriteria(92)) - Pipeline Placement: Doesn't meet the criteria to be viable node. Heaviness: 6
2019-09-12 11:50:54,723 [IPC Server handler 0 on 39597] ERROR pipeline.PipelinePlacementPolicy (PipelinePlacementPolicy.java:meetCriteria(92)) - Pipeline Placement: Doesn't meet the criteria to be viable node. Heaviness: 6
2019-09-12 11:50:54,724 [IPC Server handler 0 on 39597] ERROR pipeline.PipelinePlacementPolicy (PipelinePlacementPolicy.java:filterViableNodes(147)) - Unable to find enough nodes that meet the criteria that cannot engage in more than 5 pipelines. Nodes required: 3 Found: 0, healthy nodes count inNodeManager: 5.
2019-09-12 11:50:54,724 [IPC Server handler 0 on 39597] ERROR pipeline.SCMPipelineManager (SCMPipelineManager.java:createPipeline(161)) - Pipeline creation failed due to exception: Unable to find enough nodes that meet the criteria that cannot engage in more than 5 pipelines. Nodes required: 3 Found: 0, healthy nodes count inNodeManager: 5.
2019-09-12 11:50:54,724 [IPC Server handler 0 on 39597] WARN  block.BlockManagerImpl (BlockManagerImpl.java:allocateBlock(192)) - Pipeline creation failed for type:RATIS factor:THREE. Retrying get pipelines call once.
org.apache.hadoop.hdds.scm.exceptions.SCMException: Unable to find enough nodes that meet the criteria that cannot engage in more than 5 pipelines. Nodes required: 3 Found: 0, healthy nodes count inNodeManager: 5.
	at org.apache.hadoop.hdds.scm.pipeline.PipelinePlacementPolicy.filterViableNodes(PipelinePlacementPolicy.java:148)
	at org.apache.hadoop.hdds.scm.pipeline.PipelinePlacementPolicy.chooseDatanodes(PipelinePlacementPolicy.java:171)
	at org.apache.hadoop.hdds.scm.pipeline.RatisPipelineProvider.create(RatisPipelineProvider.java:100)
	at org.apache.hadoop.hdds.scm.pipeline.PipelineFactory.create(PipelineFactory.java:57)
	at org.apache.hadoop.hdds.scm.pipeline.SCMPipelineManager.createPipeline(SCMPipelineManager.java:149)
	at org.apache.hadoop.hdds.scm.block.BlockManagerImpl.allocateBlock(BlockManagerImpl.java:190)
	at org.apache.hadoop.hdds.scm.server.SCMBlockProtocolServer.allocateBlock(SCMBlockProtocolServer.java:175)
	at org.apache.hadoop.ozone.protocolPB.ScmBlockLocationProtocolServerSideTranslatorPB.allocateScmBlock(ScmBlockLocationProtocolServerSideTranslatorPB.java:153)
	at org.apache.hadoop.ozone.protocolPB.ScmBlockLocationProtocolServerSideTranslatorPB.send(ScmBlockLocationProtocolServerSideTranslatorPB.java:112)
	at org.apache.hadoop.hdds.protocol.proto.ScmBlockLocationProtocolProtos$ScmBlockLocationProtocolService$2.callBlockingMethod(ScmBlockLocationProtocolProtos.java:13157)
	at org.apache.hadoop.ipc.ProtobufRpcEngine$Server$ProtoBufRpcInvoker.call(ProtobufRpcEngine.java:524)
	at org.apache.hadoop.ipc.RPC$Server.call(RPC.java:1025)
	at org.apache.hadoop.ipc.Server$RpcCall.run(Server.java:876)
	at org.apache.hadoop.ipc.Server$RpcCall.run(Server.java:822)
	at java.security.AccessController.doPrivileged(Native Method)
	at javax.security.auth.Subject.doAs(Subject.java:422)
	at org.apache.hadoop.security.UserGroupInformation.doAs(UserGroupInformation.java:1730)
	at org.apache.hadoop.ipc.Server$Handler.run(Server.java:2682)
2019-09-12 11:50:54,724 [IPC Server handler 0 on 39597] INFO  block.BlockManagerImpl (BlockManagerImpl.java:allocateBlock(198)) - Could not find available pipeline of type:RATIS and factor:THREE even after retrying
2019-09-12 11:50:54,724 [IPC Server handler 0 on 39597] ERROR block.BlockManagerImpl (BlockManagerImpl.java:allocateBlock(222)) - Unable to allocate a block for the size: 4194304, type: RATIS, factor: THREE
2019-09-12 11:50:54,725 [IPC Server handler 0 on 39597] ERROR pipeline.PipelinePlacementPolicy (PipelinePlacementPolicy.java:meetCriteria(92)) - Pipeline Placement: Doesn't meet the criteria to be viable node. Heaviness: 6
2019-09-12 11:50:54,725 [IPC Server handler 0 on 39597] ERROR pipeline.PipelinePlacementPolicy (PipelinePlacementPolicy.java:meetCriteria(92)) - Pipeline Placement: Doesn't meet the criteria to be viable node. Heaviness: 6
2019-09-12 11:50:54,725 [IPC Server handler 0 on 39597] ERROR pipeline.PipelinePlacementPolicy (PipelinePlacementPolicy.java:meetCriteria(92)) - Pipeline Placement: Doesn't meet the criteria to be viable node. Heaviness: 6
2019-09-12 11:50:54,725 [IPC Server handler 0 on 39597] ERROR pipeline.PipelinePlacementPolicy (PipelinePlacementPolicy.java:meetCriteria(92)) - Pipeline Placement: Doesn't meet the criteria to be viable node. Heaviness: 6
2019-09-12 11:50:54,725 [IPC Server handler 0 on 39597] ERROR pipeline.PipelinePlacementPolicy (PipelinePlacementPolicy.java:meetCriteria(92)) - Pipeline Placement: Doesn't meet the criteria to be viable node. Heaviness: 6
2019-09-12 11:50:54,726 [IPC Server handler 0 on 39597] ERROR pipeline.PipelinePlacementPolicy (PipelinePlacementPolicy.java:filterViableNodes(147)) - Unable to find enough nodes that meet the criteria that cannot engage in more than 5 pipelines. Nodes required: 3 Found: 0, healthy nodes count inNodeManager: 5.
2019-09-12 11:50:54,726 [IPC Server handler 0 on 39597] ERROR pipeline.SCMPipelineManager (SCMPipelineManager.java:createPipeline(161)) - Pipeline creation failed due to exception: Unable to find enough nodes that meet the criteria that cannot engage in more than 5 pipelines. Nodes required: 3 Found: 0, healthy nodes count inNodeManager: 5.
2019-09-12 11:50:54,726 [IPC Server handler 0 on 39597] WARN  block.BlockManagerImpl (BlockManagerImpl.java:allocateBlock(192)) - Pipeline creation failed for type:RATIS factor:THREE. Retrying get pipelines call once.
org.apache.hadoop.hdds.scm.exceptions.SCMException: Unable to find enough nodes that meet the criteria that cannot engage in more than 5 pipelines. Nodes required: 3 Found: 0, healthy nodes count inNodeManager: 5.
	at org.apache.hadoop.hdds.scm.pipeline.PipelinePlacementPolicy.filterViableNodes(PipelinePlacementPolicy.java:148)
	at org.apache.hadoop.hdds.scm.pipeline.PipelinePlacementPolicy.chooseDatanodes(PipelinePlacementPolicy.java:171)
	at org.apache.hadoop.hdds.scm.pipeline.RatisPipelineProvider.create(RatisPipelineProvider.java:100)
	at org.apache.hadoop.hdds.scm.pipeline.PipelineFactory.create(PipelineFactory.java:57)
	at org.apache.hadoop.hdds.scm.pipeline.SCMPipelineManager.createPipeline(SCMPipelineManager.java:149)
	at org.apache.hadoop.hdds.scm.block.BlockManagerImpl.allocateBlock(BlockManagerImpl.java:190)
	at org.apache.hadoop.hdds.scm.server.SCMBlockProtocolServer.allocateBlock(SCMBlockProtocolServer.java:175)
	at org.apache.hadoop.ozone.protocolPB.ScmBlockLocationProtocolServerSideTranslatorPB.allocateScmBlock(ScmBlockLocationProtocolServerSideTranslatorPB.java:153)
	at org.apache.hadoop.ozone.protocolPB.ScmBlockLocationProtocolServerSideTranslatorPB.send(ScmBlockLocationProtocolServerSideTranslatorPB.java:112)
	at org.apache.hadoop.hdds.protocol.proto.ScmBlockLocationProtocolProtos$ScmBlockLocationProtocolService$2.callBlockingMethod(ScmBlockLocationProtocolProtos.java:13157)
	at org.apache.hadoop.ipc.ProtobufRpcEngine$Server$ProtoBufRpcInvoker.call(ProtobufRpcEngine.java:524)
	at org.apache.hadoop.ipc.RPC$Server.call(RPC.java:1025)
	at org.apache.hadoop.ipc.Server$RpcCall.run(Server.java:876)
	at org.apache.hadoop.ipc.Server$RpcCall.run(Server.java:822)
	at java.security.AccessController.doPrivileged(Native Method)
	at javax.security.auth.Subject.doAs(Subject.java:422)
	at org.apache.hadoop.security.UserGroupInformation.doAs(UserGroupInformation.java:1730)
	at org.apache.hadoop.ipc.Server$Handler.run(Server.java:2682)
2019-09-12 11:50:54,726 [IPC Server handler 0 on 39597] INFO  block.BlockManagerImpl (BlockManagerImpl.java:allocateBlock(198)) - Could not find available pipeline of type:RATIS and factor:THREE even after retrying
2019-09-12 11:50:54,726 [IPC Server handler 0 on 39597] ERROR block.BlockManagerImpl (BlockManagerImpl.java:allocateBlock(222)) - Unable to allocate a block for the size: 4194304, type: RATIS, factor: THREE
2019-09-12 11:50:54,727 [IPC Server handler 0 on 39597] ERROR pipeline.PipelinePlacementPolicy (PipelinePlacementPolicy.java:meetCriteria(92)) - Pipeline Placement: Doesn't meet the criteria to be viable node. Heaviness: 6
2019-09-12 11:50:54,727 [IPC Server handler 0 on 39597] ERROR pipeline.PipelinePlacementPolicy (PipelinePlacementPolicy.java:meetCriteria(92)) - Pipeline Placement: Doesn't meet the criteria to be viable node. Heaviness: 6
2019-09-12 11:50:54,727 [IPC Server handler 0 on 39597] ERROR pipeline.PipelinePlacementPolicy (PipelinePlacementPolicy.java:meetCriteria(92)) - Pipeline Placement: Doesn't meet the criteria to be viable node. Heaviness: 6
2019-09-12 11:50:54,727 [IPC Server handler 0 on 39597] ERROR pipeline.PipelinePlacementPolicy (PipelinePlacementPolicy.java:meetCriteria(92)) - Pipeline Placement: Doesn't meet the criteria to be viable node. Heaviness: 6
2019-09-12 11:50:54,727 [IPC Server handler 0 on 39597] ERROR pipeline.PipelinePlacementPolicy (PipelinePlacementPolicy.java:meetCriteria(92)) - Pipeline Placement: Doesn't meet the criteria to be viable node. Heaviness: 6
2019-09-12 11:50:54,727 [IPC Server handler 0 on 39597] ERROR pipeline.PipelinePlacementPolicy (PipelinePlacementPolicy.java:filterViableNodes(147)) - Unable to find enough nodes that meet the criteria that cannot engage in more than 5 pipelines. Nodes required: 3 Found: 0, healthy nodes count inNodeManager: 5.
2019-09-12 11:50:54,728 [IPC Server handler 0 on 39597] ERROR pipeline.SCMPipelineManager (SCMPipelineManager.java:createPipeline(161)) - Pipeline creation failed due to exception: Unable to find enough nodes that meet the criteria that cannot engage in more than 5 pipelines. Nodes required: 3 Found: 0, healthy nodes count inNodeManager: 5.
2019-09-12 11:50:54,728 [IPC Server handler 0 on 39597] WARN  block.BlockManagerImpl (BlockManagerImpl.java:allocateBlock(192)) - Pipeline creation failed for type:RATIS factor:THREE. Retrying get pipelines call once.
org.apache.hadoop.hdds.scm.exceptions.SCMException: Unable to find enough nodes that meet the criteria that cannot engage in more than 5 pipelines. Nodes required: 3 Found: 0, healthy nodes count inNodeManager: 5.
	at org.apache.hadoop.hdds.scm.pipeline.PipelinePlacementPolicy.filterViableNodes(PipelinePlacementPolicy.java:148)
	at org.apache.hadoop.hdds.scm.pipeline.PipelinePlacementPolicy.chooseDatanodes(PipelinePlacementPolicy.java:171)
	at org.apache.hadoop.hdds.scm.pipeline.RatisPipelineProvider.create(RatisPipelineProvider.java:100)
	at org.apache.hadoop.hdds.scm.pipeline.PipelineFactory.create(PipelineFactory.java:57)
	at org.apache.hadoop.hdds.scm.pipeline.SCMPipelineManager.createPipeline(SCMPipelineManager.java:149)
	at org.apache.hadoop.hdds.scm.block.BlockManagerImpl.allocateBlock(BlockManagerImpl.java:190)
	at org.apache.hadoop.hdds.scm.server.SCMBlockProtocolServer.allocateBlock(SCMBlockProtocolServer.java:175)
	at org.apache.hadoop.ozone.protocolPB.ScmBlockLocationProtocolServerSideTranslatorPB.allocateScmBlock(ScmBlockLocationProtocolServerSideTranslatorPB.java:153)
	at org.apache.hadoop.ozone.protocolPB.ScmBlockLocationProtocolServerSideTranslatorPB.send(ScmBlockLocationProtocolServerSideTranslatorPB.java:112)
	at org.apache.hadoop.hdds.protocol.proto.ScmBlockLocationProtocolProtos$ScmBlockLocationProtocolService$2.callBlockingMethod(ScmBlockLocationProtocolProtos.java:13157)
	at org.apache.hadoop.ipc.ProtobufRpcEngine$Server$ProtoBufRpcInvoker.call(ProtobufRpcEngine.java:524)
	at org.apache.hadoop.ipc.RPC$Server.call(RPC.java:1025)
	at org.apache.hadoop.ipc.Server$RpcCall.run(Server.java:876)
	at org.apache.hadoop.ipc.Server$RpcCall.run(Server.java:822)
	at java.security.AccessController.doPrivileged(Native Method)
	at javax.security.auth.Subject.doAs(Subject.java:422)
	at org.apache.hadoop.security.UserGroupInformation.doAs(UserGroupInformation.java:1730)
	at org.apache.hadoop.ipc.Server$Handler.run(Server.java:2682)
2019-09-12 11:50:54,728 [IPC Server handler 0 on 39597] INFO  block.BlockManagerImpl (BlockManagerImpl.java:allocateBlock(198)) - Could not find available pipeline of type:RATIS and factor:THREE even after retrying
2019-09-12 11:50:54,728 [IPC Server handler 0 on 39597] ERROR block.BlockManagerImpl (BlockManagerImpl.java:allocateBlock(222)) - Unable to allocate a block for the size: 4194304, type: RATIS, factor: THREE
2019-09-12 11:50:54,728 [IPC Server handler 0 on 39597] ERROR pipeline.PipelinePlacementPolicy (PipelinePlacementPolicy.java:meetCriteria(92)) - Pipeline Placement: Doesn't meet the criteria to be viable node. Heaviness: 6
2019-09-12 11:50:54,729 [IPC Server handler 0 on 39597] ERROR pipeline.PipelinePlacementPolicy (PipelinePlacementPolicy.java:meetCriteria(92)) - Pipeline Placement: Doesn't meet the criteria to be viable node. Heaviness: 6
2019-09-12 11:50:54,729 [IPC Server handler 0 on 39597] ERROR pipeline.PipelinePlacementPolicy (PipelinePlacementPolicy.java:meetCriteria(92)) - Pipeline Placement: Doesn't meet the criteria to be viable node. Heaviness: 6
2019-09-12 11:50:54,729 [IPC Server handler 0 on 39597] ERROR pipeline.PipelinePlacementPolicy (PipelinePlacementPolicy.java:meetCriteria(92)) - Pipeline Placement: Doesn't meet the criteria to be viable node. Heaviness: 6
2019-09-12 11:50:54,729 [IPC Server handler 0 on 39597] ERROR pipeline.PipelinePlacementPolicy (PipelinePlacementPolicy.java:meetCriteria(92)) - Pipeline Placement: Doesn't meet the criteria to be viable node. Heaviness: 6
2019-09-12 11:50:54,729 [IPC Server handler 0 on 39597] ERROR pipeline.PipelinePlacementPolicy (PipelinePlacementPolicy.java:filterViableNodes(147)) - Unable to find enough nodes that meet the criteria that cannot engage in more than 5 pipelines. Nodes required: 3 Found: 0, healthy nodes count inNodeManager: 5.
2019-09-12 11:50:54,729 [IPC Server handler 0 on 39597] ERROR pipeline.SCMPipelineManager (SCMPipelineManager.java:createPipeline(161)) - Pipeline creation failed due to exception: Unable to find enough nodes that meet the criteria that cannot engage in more than 5 pipelines. Nodes required: 3 Found: 0, healthy nodes count inNodeManager: 5.
2019-09-12 11:50:54,729 [IPC Server handler 0 on 39597] WARN  block.BlockManagerImpl (BlockManagerImpl.java:allocateBlock(192)) - Pipeline creation failed for type:RATIS factor:THREE. Retrying get pipelines call once.
org.apache.hadoop.hdds.scm.exceptions.SCMException: Unable to find enough nodes that meet the criteria that cannot engage in more than 5 pipelines. Nodes required: 3 Found: 0, healthy nodes count inNodeManager: 5.
	at org.apache.hadoop.hdds.scm.pipeline.PipelinePlacementPolicy.filterViableNodes(PipelinePlacementPolicy.java:148)
	at org.apache.hadoop.hdds.scm.pipeline.PipelinePlacementPolicy.chooseDatanodes(PipelinePlacementPolicy.java:171)
	at org.apache.hadoop.hdds.scm.pipeline.RatisPipelineProvider.create(RatisPipelineProvider.java:100)
	at org.apache.hadoop.hdds.scm.pipeline.PipelineFactory.create(PipelineFactory.java:57)
	at org.apache.hadoop.hdds.scm.pipeline.SCMPipelineManager.createPipeline(SCMPipelineManager.java:149)
	at org.apache.hadoop.hdds.scm.block.BlockManagerImpl.allocateBlock(BlockManagerImpl.java:190)
	at org.apache.hadoop.hdds.scm.server.SCMBlockProtocolServer.allocateBlock(SCMBlockProtocolServer.java:175)
	at org.apache.hadoop.ozone.protocolPB.ScmBlockLocationProtocolServerSideTranslatorPB.allocateScmBlock(ScmBlockLocationProtocolServerSideTranslatorPB.java:153)
	at org.apache.hadoop.ozone.protocolPB.ScmBlockLocationProtocolServerSideTranslatorPB.send(ScmBlockLocationProtocolServerSideTranslatorPB.java:112)
	at org.apache.hadoop.hdds.protocol.proto.ScmBlockLocationProtocolProtos$ScmBlockLocationProtocolService$2.callBlockingMethod(ScmBlockLocationProtocolProtos.java:13157)
	at org.apache.hadoop.ipc.ProtobufRpcEngine$Server$ProtoBufRpcInvoker.call(ProtobufRpcEngine.java:524)
	at org.apache.hadoop.ipc.RPC$Server.call(RPC.java:1025)
	at org.apache.hadoop.ipc.Server$RpcCall.run(Server.java:876)
	at org.apache.hadoop.ipc.Server$RpcCall.run(Server.java:822)
	at java.security.AccessController.doPrivileged(Native Method)
	at javax.security.auth.Subject.doAs(Subject.java:422)
	at org.apache.hadoop.security.UserGroupInformation.doAs(UserGroupInformation.java:1730)
	at org.apache.hadoop.ipc.Server$Handler.run(Server.java:2682)
2019-09-12 11:50:54,730 [IPC Server handler 0 on 39597] INFO  block.BlockManagerImpl (BlockManagerImpl.java:allocateBlock(198)) - Could not find available pipeline of type:RATIS and factor:THREE even after retrying
2019-09-12 11:50:54,730 [IPC Server handler 0 on 39597] ERROR block.BlockManagerImpl (BlockManagerImpl.java:allocateBlock(222)) - Unable to allocate a block for the size: 4194304, type: RATIS, factor: THREE
2019-09-12 11:50:54,730 | INFO  | SCMAudit | user=jenkins1000 | ip=192.168.36.114 | op=ALLOCATE_BLOCK {owner=95aec413-89de-47a2-a5a2-e69ac2a96a6c, size=4194304, type=RATIS, factor=THREE} | ret=SUCCESS |  
2019-09-12 11:50:54,735 | ERROR | OMAudit | user=jenkins1000 | ip=127.0.0.1 | op=ALLOCATE_KEY {volume=vol-0-47297, bucket=bucket-0-29495, key=key-0-75440, dataSize=20971520, replicationType=RATIS, replicationFactor=THREE, keyLocationInfo=null} | ret=FAILURE | org.apache.hadoop.hdds.scm.exceptions.SCMException: Allocated 0 blocks. Requested 5 blocks
	at org.apache.hadoop.hdds.scm.protocolPB.ScmBlockLocationProtocolClientSideTranslatorPB.handleError(ScmBlockLocationProtocolClientSideTranslatorPB.java:118)
	at org.apache.hadoop.hdds.scm.protocolPB.ScmBlockLocationProtocolClientSideTranslatorPB.allocateBlock(ScmBlockLocationProtocolClientSideTranslatorPB.java:156) 
2019-09-12 11:50:54,741 [pool-78-thread-3] ERROR freon.RandomKeyGenerator (RandomKeyGenerator.java:createKey(724)) - Exception while adding key: key-0-75440 in bucket: bucket-0-29495 of volume: vol-0-47297.
INTERNAL_ERROR org.apache.hadoop.ozone.om.exceptions.OMException: Allocated 0 blocks. Requested 5 blocks
	at org.apache.hadoop.ozone.om.protocolPB.OzoneManagerProtocolClientSideTranslatorPB.handleError(OzoneManagerProtocolClientSideTranslatorPB.java:725)
	at org.apache.hadoop.ozone.om.protocolPB.OzoneManagerProtocolClientSideTranslatorPB.openKey(OzoneManagerProtocolClientSideTranslatorPB.java:716)
	at org.apache.hadoop.ozone.client.rpc.RpcClient.createKey(RpcClient.java:615)
	at org.apache.hadoop.ozone.client.OzoneBucket.createKey(OzoneBucket.java:323)
	at org.apache.hadoop.ozone.freon.RandomKeyGenerator.createKey(RandomKeyGenerator.java:686)
	at org.apache.hadoop.ozone.freon.RandomKeyGenerator.access$1100(RandomKeyGenerator.java:87)
	at org.apache.hadoop.ozone.freon.RandomKeyGenerator$ObjectCreator.run(RandomKeyGenerator.java:606)
	at java.util.concurrent.Executors$RunnableAdapter.call(Executors.java:511)
	at java.util.concurrent.FutureTask.run(FutureTask.java:266)
	at java.util.concurrent.ThreadPoolExecutor.runWorker(ThreadPoolExecutor.java:1149)
	at java.util.concurrent.ThreadPoolExecutor$Worker.run(ThreadPoolExecutor.java:624)
	at java.lang.Thread.run(Thread.java:748)
2019-09-12 11:50:54,800 | INFO  | SCMAudit | user=jenkins1000 | ip=192.168.36.114 | op=SEND_HEARTBEAT {datanodeUUID=233f3d22-ae09-46be-8182-f5e58d004644, command=[]} | ret=SUCCESS |  
 0.00% |█                                                                                                    |  0/1 Time: 0:00:012019-09-12 11:50:55,036 | INFO  | SCMAudit | user=jenkins1000 | ip=192.168.36.114 | op=SEND_HEARTBEAT {datanodeUUID=8c993e87-89d2-4e6e-901e-5640f3030957, command=[]} | ret=SUCCESS |  
2019-09-12 11:50:55,423 | INFO  | SCMAudit | user=jenkins1000 | ip=192.168.36.114 | op=SEND_HEARTBEAT {datanodeUUID=9aaf2f78-d78f-4ebc-b7a2-56dce2b57085, command=[]} | ret=SUCCESS |  
2019-09-12 11:50:55,519 | INFO  | SCMAudit | user=jenkins1000 | ip=192.168.36.114 | op=SEND_HEARTBEAT {datanodeUUID=c13e8c2d-5cc3-43ac-8cc7-9a20211fb58e, command=[]} | ret=SUCCESS |  
2019-09-12 11:50:55,562 | INFO  | SCMAudit | user=jenkins1000 | ip=192.168.36.114 | op=SEND_HEARTBEAT {datanodeUUID=9d7d954f-b073-45cf-8f2c-ae2cc2b7e120, command=[]} | ret=SUCCESS |  
2019-09-12 11:50:55,801 | INFO  | SCMAudit | user=jenkins1000 | ip=192.168.36.114 | op=SEND_HEARTBEAT {datanodeUUID=233f3d22-ae09-46be-8182-f5e58d004644, command=[]} | ret=SUCCESS |  
 0.00% |█                                                                                                    |  0/1 Time: 0:00:022019-09-12 11:50:56,038 | INFO  | SCMAudit | user=jenkins1000 | ip=192.168.36.114 | op=SEND_HEARTBEAT {datanodeUUID=8c993e87-89d2-4e6e-901e-5640f3030957, command=[]} | ret=SUCCESS |  
2019-09-12 11:50:56,422 | INFO  | SCMAudit | user=jenkins1000 | ip=192.168.36.114 | op=SEND_HEARTBEAT {datanodeUUID=9aaf2f78-d78f-4ebc-b7a2-56dce2b57085, command=[]} | ret=SUCCESS |  
2019-09-12 11:50:56,519 | INFO  | SCMAudit | user=jenkins1000 | ip=192.168.36.114 | op=SEND_HEARTBEAT {datanodeUUID=c13e8c2d-5cc3-43ac-8cc7-9a20211fb58e, command=[]} | ret=SUCCESS |  
2019-09-12 11:50:56,562 | INFO  | SCMAudit | user=jenkins1000 | ip=192.168.36.114 | op=SEND_HEARTBEAT {datanodeUUID=9d7d954f-b073-45cf-8f2c-ae2cc2b7e120, command=[]} | ret=SUCCESS |  
2019-09-12 11:50:56,801 | INFO  | SCMAudit | user=jenkins1000 | ip=192.168.36.114 | op=SEND_HEARTBEAT {datanodeUUID=233f3d22-ae09-46be-8182-f5e58d004644, command=[]} | ret=SUCCESS |  
 0.00% |█                                                                                                    |  0/1 Time: 0:00:032019-09-12 11:50:57,038 | INFO  | SCMAudit | user=jenkins1000 | ip=192.168.36.114 | op=SEND_HEARTBEAT {datanodeUUID=8c993e87-89d2-4e6e-901e-5640f3030957, command=[]} | ret=SUCCESS |  
2019-09-12 11:50:57,423 | INFO  | SCMAudit | user=jenkins1000 | ip=192.168.36.114 | op=SEND_HEARTBEAT {datanodeUUID=9aaf2f78-d78f-4ebc-b7a2-56dce2b57085, command=[]} | ret=SUCCESS |  
2019-09-12 11:50:57,519 | INFO  | SCMAudit | user=jenkins1000 | ip=192.168.36.114 | op=SEND_HEARTBEAT {datanodeUUID=c13e8c2d-5cc3-43ac-8cc7-9a20211fb58e, command=[]} | ret=SUCCESS |  
2019-09-12 11:50:57,562 | INFO  | SCMAudit | user=jenkins1000 | ip=192.168.36.114 | op=SEND_HEARTBEAT {datanodeUUID=9d7d954f-b073-45cf-8f2c-ae2cc2b7e120, command=[]} | ret=SUCCESS |  
2019-09-12 11:50:57,774 [Thread-209] INFO  impl.FollowerState (FollowerState.java:run(106)) - 9d7d954f-b073-45cf-8f2c-ae2cc2b7e120:group-1793F8F0A0F5 changes to CANDIDATE, lastRpcTime:5079, electionTimeout:5078ms
2019-09-12 11:50:57,775 [Thread-209] INFO  impl.RoleInfo (RoleInfo.java:shutdownFollowerState(121)) - 9d7d954f-b073-45cf-8f2c-ae2cc2b7e120: shutdown FollowerState
2019-09-12 11:50:57,775 [Thread-209] INFO  impl.RaftServerImpl (RaftServerImpl.java:setRole(171)) - 9d7d954f-b073-45cf-8f2c-ae2cc2b7e120:group-1793F8F0A0F5 changes role from FOLLOWER to CANDIDATE at term 0 for changeToCandidate
2019-09-12 11:50:57,783 [Thread-209] INFO  impl.RoleInfo (RoleInfo.java:updateAndGet(143)) - 9d7d954f-b073-45cf-8f2c-ae2cc2b7e120: start LeaderElection
2019-09-12 11:50:57,813 [9d7d954f-b073-45cf-8f2c-ae2cc2b7e120:group-1793F8F0A0F5:LeaderElection1] INFO  impl.LeaderElection (LeaderElection.java:askForVotes(181)) - 9d7d954f-b073-45cf-8f2c-ae2cc2b7e120:group-1793F8F0A0F5:LeaderElection1: begin an election at term 1 for -1: [9d7d954f-b073-45cf-8f2c-ae2cc2b7e120:192.168.36.114:42013], old=null
2019-09-12 11:50:57,813 | INFO  | SCMAudit | user=jenkins1000 | ip=192.168.36.114 | op=SEND_HEARTBEAT {datanodeUUID=233f3d22-ae09-46be-8182-f5e58d004644, command=[]} | ret=SUCCESS |  
2019-09-12 11:50:57,815 [9d7d954f-b073-45cf-8f2c-ae2cc2b7e120:group-1793F8F0A0F5:LeaderElection1] INFO  impl.RoleInfo (RoleInfo.java:shutdownLeaderElection(134)) - 9d7d954f-b073-45cf-8f2c-ae2cc2b7e120: shutdown LeaderElection
2019-09-12 11:50:57,816 [9d7d954f-b073-45cf-8f2c-ae2cc2b7e120:group-1793F8F0A0F5:LeaderElection1] INFO  impl.RaftServerImpl (RaftServerImpl.java:setRole(171)) - 9d7d954f-b073-45cf-8f2c-ae2cc2b7e120:group-1793F8F0A0F5 changes role from CANDIDATE to LEADER at term 1 for changeToLeader
2019-09-12 11:50:57,816 [9d7d954f-b073-45cf-8f2c-ae2cc2b7e120:group-1793F8F0A0F5:LeaderElection1] INFO  impl.RaftServerImpl (ServerState.java:setLeader(263)) - 9d7d954f-b073-45cf-8f2c-ae2cc2b7e120:group-1793F8F0A0F5 change Leader from null to 9d7d954f-b073-45cf-8f2c-ae2cc2b7e120 at term 1 for becomeLeader, leader elected after 5231ms
2019-09-12 11:50:57,825 [9d7d954f-b073-45cf-8f2c-ae2cc2b7e120:group-1793F8F0A0F5:LeaderElection1] INFO  server.RaftServerConfigKeys (ConfUtils.java:logGet(43)) - raft.server.staging.catchup.gap = 1000 (default)
2019-09-12 11:50:57,825 [9d7d954f-b073-45cf-8f2c-ae2cc2b7e120:group-1793F8F0A0F5:LeaderElection1] INFO  server.RaftServerConfigKeys (ConfUtils.java:logGet(43)) - raft.server.rpc.sleep.time = 25ms (default)
2019-09-12 11:50:57,829 [9d7d954f-b073-45cf-8f2c-ae2cc2b7e120:group-1793F8F0A0F5:LeaderElection1] INFO  server.RaftServerConfigKeys (ConfUtils.java:logGet(43)) - raft.server.write.element-limit = 4096 (default)
2019-09-12 11:50:57,832 [9d7d954f-b073-45cf-8f2c-ae2cc2b7e120:group-1793F8F0A0F5:LeaderElection1] INFO  server.RaftServerConfigKeys (ConfUtils.java:logGet(43)) - raft.server.watch.timeout = 10s (default)
2019-09-12 11:50:57,832 [9d7d954f-b073-45cf-8f2c-ae2cc2b7e120:group-1793F8F0A0F5:LeaderElection1] INFO  server.RaftServerConfigKeys (ConfUtils.java:logGet(43)) - raft.server.watch.timeout.denomination = 1s (default)
2019-09-12 11:50:57,833 [9d7d954f-b073-45cf-8f2c-ae2cc2b7e120:group-1793F8F0A0F5:LeaderElection1] INFO  server.RaftServerConfigKeys (ConfUtils.java:logGet(43)) - raft.server.watch.element-limit = 65536 (default)
2019-09-12 11:50:57,844 [9d7d954f-b073-45cf-8f2c-ae2cc2b7e120:group-1793F8F0A0F5:LeaderElection1] INFO  impl.RoleInfo (RoleInfo.java:updateAndGet(143)) - 9d7d954f-b073-45cf-8f2c-ae2cc2b7e120: start LeaderState
2019-09-12 11:50:57,873 [9d7d954f-b073-45cf-8f2c-ae2cc2b7e120:group-1793F8F0A0F5:LeaderElection1] INFO  segmented.SegmentedRaftLogWorker (SegmentedRaftLogWorker.java:startLogSegment(380)) - 9d7d954f-b073-45cf-8f2c-ae2cc2b7e120-SegmentedRaftLogWorker:Storage Directory /workdir/hadoop-ozone/tools/target/test-dir/MiniOzoneClusterImpl-d6dca02c-26cd-4265-82f2-daeedfc193e9/datanode-0/data/ratis/7dd340eb-9230-4146-94ee-1793f8f0a0f5: Starting segment from index:0
2019-09-12 11:50:57,885 [9d7d954f-b073-45cf-8f2c-ae2cc2b7e120:group-1793F8F0A0F5:LeaderElection1] INFO  impl.RaftServerImpl (ServerState.java:setRaftConf(361)) - 9d7d954f-b073-45cf-8f2c-ae2cc2b7e120:group-1793F8F0A0F5 set configuration 0: [9d7d954f-b073-45cf-8f2c-ae2cc2b7e120:192.168.36.114:42013], old=null at 0
2019-09-12 11:50:57,914 [Thread-212] INFO  impl.FollowerState (FollowerState.java:run(106)) - 9aaf2f78-d78f-4ebc-b7a2-56dce2b57085:group-031632356796 changes to CANDIDATE, lastRpcTime:5008, electionTimeout:5007ms
2019-09-12 11:50:57,915 [Thread-212] INFO  impl.RoleInfo (RoleInfo.java:shutdownFollowerState(121)) - 9aaf2f78-d78f-4ebc-b7a2-56dce2b57085: shutdown FollowerState
2019-09-12 11:50:57,915 [Thread-212] INFO  impl.RaftServerImpl (RaftServerImpl.java:setRole(171)) - 9aaf2f78-d78f-4ebc-b7a2-56dce2b57085:group-031632356796 changes role from FOLLOWER to CANDIDATE at term 0 for changeToCandidate
2019-09-12 11:50:57,916 [Thread-212] INFO  impl.RoleInfo (RoleInfo.java:updateAndGet(143)) - 9aaf2f78-d78f-4ebc-b7a2-56dce2b57085: start LeaderElection
2019-09-12 11:50:57,933 [9aaf2f78-d78f-4ebc-b7a2-56dce2b57085:group-031632356796:LeaderElection2] INFO  impl.LeaderElection (LeaderElection.java:askForVotes(181)) - 9aaf2f78-d78f-4ebc-b7a2-56dce2b57085:group-031632356796:LeaderElection2: begin an election at term 1 for -1: [9aaf2f78-d78f-4ebc-b7a2-56dce2b57085:192.168.36.114:38046], old=null
2019-09-12 11:50:57,934 [9aaf2f78-d78f-4ebc-b7a2-56dce2b57085:group-031632356796:LeaderElection2] INFO  impl.RoleInfo (RoleInfo.java:shutdownLeaderElection(134)) - 9aaf2f78-d78f-4ebc-b7a2-56dce2b57085: shutdown LeaderElection
2019-09-12 11:50:57,935 [9aaf2f78-d78f-4ebc-b7a2-56dce2b57085:group-031632356796:LeaderElection2] INFO  impl.RaftServerImpl (RaftServerImpl.java:setRole(171)) - 9aaf2f78-d78f-4ebc-b7a2-56dce2b57085:group-031632356796 changes role from CANDIDATE to LEADER at term 1 for changeToLeader
2019-09-12 11:50:57,935 [9aaf2f78-d78f-4ebc-b7a2-56dce2b57085:group-031632356796:LeaderElection2] INFO  impl.RaftServerImpl (ServerState.java:setLeader(263)) - 9aaf2f78-d78f-4ebc-b7a2-56dce2b57085:group-031632356796 change Leader from null to 9aaf2f78-d78f-4ebc-b7a2-56dce2b57085 at term 1 for becomeLeader, leader elected after 5039ms
 0.00% |█                                                                                                    |  0/1 Time: 0:00:042019-09-12 11:50:57,936 [9aaf2f78-d78f-4ebc-b7a2-56dce2b57085:group-031632356796:LeaderElection2] INFO  server.RaftServerConfigKeys (ConfUtils.java:logGet(43)) - raft.server.staging.catchup.gap = 1000 (default)
2019-09-12 11:50:57,936 [9aaf2f78-d78f-4ebc-b7a2-56dce2b57085:group-031632356796:LeaderElection2] INFO  server.RaftServerConfigKeys (ConfUtils.java:logGet(43)) - raft.server.rpc.sleep.time = 25ms (default)
2019-09-12 11:50:57,937 [9aaf2f78-d78f-4ebc-b7a2-56dce2b57085:group-031632356796:LeaderElection2] INFO  server.RaftServerConfigKeys (ConfUtils.java:logGet(43)) - raft.server.write.element-limit = 4096 (default)
2019-09-12 11:50:57,937 [9aaf2f78-d78f-4ebc-b7a2-56dce2b57085:group-031632356796:LeaderElection2] INFO  server.RaftServerConfigKeys (ConfUtils.java:logGet(43)) - raft.server.watch.timeout = 10s (default)
2019-09-12 11:50:57,937 [9aaf2f78-d78f-4ebc-b7a2-56dce2b57085:group-031632356796:LeaderElection2] INFO  server.RaftServerConfigKeys (ConfUtils.java:logGet(43)) - raft.server.watch.timeout.denomination = 1s (default)
2019-09-12 11:50:57,937 [9aaf2f78-d78f-4ebc-b7a2-56dce2b57085:group-031632356796:LeaderElection2] INFO  server.RaftServerConfigKeys (ConfUtils.java:logGet(43)) - raft.server.watch.element-limit = 65536 (default)
2019-09-12 11:50:57,937 [9aaf2f78-d78f-4ebc-b7a2-56dce2b57085:group-031632356796:LeaderElection2] INFO  impl.RoleInfo (RoleInfo.java:updateAndGet(143)) - 9aaf2f78-d78f-4ebc-b7a2-56dce2b57085: start LeaderState
2019-09-12 11:50:57,938 [9aaf2f78-d78f-4ebc-b7a2-56dce2b57085:group-031632356796:LeaderElection2] INFO  segmented.SegmentedRaftLogWorker (SegmentedRaftLogWorker.java:startLogSegment(380)) - 9aaf2f78-d78f-4ebc-b7a2-56dce2b57085-SegmentedRaftLogWorker:Storage Directory /workdir/hadoop-ozone/tools/target/test-dir/MiniOzoneClusterImpl-d6dca02c-26cd-4265-82f2-daeedfc193e9/datanode-3/data/ratis/7e8a0853-ada9-4f81-9a66-031632356796: Starting segment from index:0
2019-09-12 11:50:57,938 [9aaf2f78-d78f-4ebc-b7a2-56dce2b57085:group-031632356796:LeaderElection2] INFO  impl.RaftServerImpl (ServerState.java:setRaftConf(361)) - 9aaf2f78-d78f-4ebc-b7a2-56dce2b57085:group-031632356796 set configuration 0: [9aaf2f78-d78f-4ebc-b7a2-56dce2b57085:192.168.36.114:38046], old=null at 0
2019-09-12 11:50:57,991 [Thread-215] INFO  impl.FollowerState (FollowerState.java:run(106)) - 9d7d954f-b073-45cf-8f2c-ae2cc2b7e120:group-8CF93512C5C3 changes to CANDIDATE, lastRpcTime:5001, electionTimeout:5001ms
2019-09-12 11:50:57,991 [Thread-215] INFO  impl.RoleInfo (RoleInfo.java:shutdownFollowerState(121)) - 9d7d954f-b073-45cf-8f2c-ae2cc2b7e120: shutdown FollowerState
2019-09-12 11:50:57,991 [Thread-215] INFO  impl.RaftServerImpl (RaftServerImpl.java:setRole(171)) - 9d7d954f-b073-45cf-8f2c-ae2cc2b7e120:group-8CF93512C5C3 changes role from FOLLOWER to CANDIDATE at term 0 for changeToCandidate
2019-09-12 11:50:57,991 [Thread-215] INFO  impl.RoleInfo (RoleInfo.java:updateAndGet(143)) - 9d7d954f-b073-45cf-8f2c-ae2cc2b7e120: start LeaderElection
2019-09-12 11:50:58,009 [9d7d954f-b073-45cf-8f2c-ae2cc2b7e120:group-8CF93512C5C3:LeaderElection3] INFO  impl.LeaderElection (LeaderElection.java:askForVotes(181)) - 9d7d954f-b073-45cf-8f2c-ae2cc2b7e120:group-8CF93512C5C3:LeaderElection3: begin an election at term 1 for -1: [9d7d954f-b073-45cf-8f2c-ae2cc2b7e120:192.168.36.114:42013], old=null
2019-09-12 11:50:58,009 [9d7d954f-b073-45cf-8f2c-ae2cc2b7e120:group-8CF93512C5C3:LeaderElection3] INFO  impl.RoleInfo (RoleInfo.java:shutdownLeaderElection(134)) - 9d7d954f-b073-45cf-8f2c-ae2cc2b7e120: shutdown LeaderElection
2019-09-12 11:50:58,009 [9d7d954f-b073-45cf-8f2c-ae2cc2b7e120:group-8CF93512C5C3:LeaderElection3] INFO  impl.RaftServerImpl (RaftServerImpl.java:setRole(171)) - 9d7d954f-b073-45cf-8f2c-ae2cc2b7e120:group-8CF93512C5C3 changes role from CANDIDATE to LEADER at term 1 for changeToLeader
2019-09-12 11:50:58,009 [9d7d954f-b073-45cf-8f2c-ae2cc2b7e120:group-8CF93512C5C3:LeaderElection3] INFO  impl.RaftServerImpl (ServerState.java:setLeader(263)) - 9d7d954f-b073-45cf-8f2c-ae2cc2b7e120:group-8CF93512C5C3 change Leader from null to 9d7d954f-b073-45cf-8f2c-ae2cc2b7e120 at term 1 for becomeLeader, leader elected after 5026ms
2019-09-12 11:50:58,009 [9d7d954f-b073-45cf-8f2c-ae2cc2b7e120:group-8CF93512C5C3:LeaderElection3] INFO  server.RaftServerConfigKeys (ConfUtils.java:logGet(43)) - raft.server.staging.catchup.gap = 1000 (default)
2019-09-12 11:50:58,009 [9d7d954f-b073-45cf-8f2c-ae2cc2b7e120:group-8CF93512C5C3:LeaderElection3] INFO  server.RaftServerConfigKeys (ConfUtils.java:logGet(43)) - raft.server.rpc.sleep.time = 25ms (default)
2019-09-12 11:50:58,010 [9d7d954f-b073-45cf-8f2c-ae2cc2b7e120:group-8CF93512C5C3:LeaderElection3] INFO  server.RaftServerConfigKeys (ConfUtils.java:logGet(43)) - raft.server.write.element-limit = 4096 (default)
2019-09-12 11:50:58,010 [9d7d954f-b073-45cf-8f2c-ae2cc2b7e120:group-8CF93512C5C3:LeaderElection3] INFO  server.RaftServerConfigKeys (ConfUtils.java:logGet(43)) - raft.server.watch.timeout = 10s (default)
2019-09-12 11:50:58,010 [9d7d954f-b073-45cf-8f2c-ae2cc2b7e120:group-8CF93512C5C3:LeaderElection3] INFO  server.RaftServerConfigKeys (ConfUtils.java:logGet(43)) - raft.server.watch.timeout.denomination = 1s (default)
2019-09-12 11:50:58,010 [9d7d954f-b073-45cf-8f2c-ae2cc2b7e120:group-8CF93512C5C3:LeaderElection3] INFO  server.RaftServerConfigKeys (ConfUtils.java:logGet(43)) - raft.server.watch.element-limit = 65536 (default)
2019-09-12 11:50:58,010 [9d7d954f-b073-45cf-8f2c-ae2cc2b7e120:group-8CF93512C5C3:LeaderElection3] INFO  impl.RoleInfo (RoleInfo.java:updateAndGet(143)) - 9d7d954f-b073-45cf-8f2c-ae2cc2b7e120: start LeaderState
2019-09-12 11:50:58,011 [9d7d954f-b073-45cf-8f2c-ae2cc2b7e120:group-8CF93512C5C3:LeaderElection3] INFO  segmented.SegmentedRaftLogWorker (SegmentedRaftLogWorker.java:startLogSegment(380)) - 9d7d954f-b073-45cf-8f2c-ae2cc2b7e120-SegmentedRaftLogWorker:Storage Directory /workdir/hadoop-ozone/tools/target/test-dir/MiniOzoneClusterImpl-d6dca02c-26cd-4265-82f2-daeedfc193e9/datanode-0/data/ratis/f975a25b-9f24-40d6-8934-8cf93512c5c3: Starting segment from index:0
2019-09-12 11:50:58,011 [9d7d954f-b073-45cf-8f2c-ae2cc2b7e120:group-8CF93512C5C3:LeaderElection3] INFO  impl.RaftServerImpl (ServerState.java:setRaftConf(361)) - 9d7d954f-b073-45cf-8f2c-ae2cc2b7e120:group-8CF93512C5C3 set configuration 0: [9d7d954f-b073-45cf-8f2c-ae2cc2b7e120:192.168.36.114:42013], old=null at 0
2019-09-12 11:50:58,034 | INFO  | SCMAudit | user=jenkins1000 | ip=192.168.36.114 | op=SEND_HEARTBEAT {datanodeUUID=8c993e87-89d2-4e6e-901e-5640f3030957, command=[]} | ret=SUCCESS |  
2019-09-12 11:50:58,062 [Thread-218] INFO  impl.FollowerState (FollowerState.java:run(106)) - 9aaf2f78-d78f-4ebc-b7a2-56dce2b57085:group-AC1A6332B1CB changes to CANDIDATE, lastRpcTime:5001, electionTimeout:5001ms
2019-09-12 11:50:58,062 [Thread-218] INFO  impl.RoleInfo (RoleInfo.java:shutdownFollowerState(121)) - 9aaf2f78-d78f-4ebc-b7a2-56dce2b57085: shutdown FollowerState
2019-09-12 11:50:58,063 [Thread-218] INFO  impl.RaftServerImpl (RaftServerImpl.java:setRole(171)) - 9aaf2f78-d78f-4ebc-b7a2-56dce2b57085:group-AC1A6332B1CB changes role from FOLLOWER to CANDIDATE at term 0 for changeToCandidate
2019-09-12 11:50:58,063 [Thread-218] INFO  impl.RoleInfo (RoleInfo.java:updateAndGet(143)) - 9aaf2f78-d78f-4ebc-b7a2-56dce2b57085: start LeaderElection
2019-09-12 11:50:58,092 [9d7d954f-b073-45cf-8f2c-ae2cc2b7e120-SegmentedRaftLogWorker:Storage Directory /workdir/hadoop-ozone/tools/target/test-dir/MiniOzoneClusterImpl-d6dca02c-26cd-4265-82f2-daeedfc193e9/datanode-0/data/ratis/f975a25b-9f24-40d6-8934-8cf93512c5c3] INFO  segmented.SegmentedRaftLogWorker (SegmentedRaftLogWorker.java:execute(569)) - 9d7d954f-b073-45cf-8f2c-ae2cc2b7e120-SegmentedRaftLogWorker:Storage Directory /workdir/hadoop-ozone/tools/target/test-dir/MiniOzoneClusterImpl-d6dca02c-26cd-4265-82f2-daeedfc193e9/datanode-0/data/ratis/f975a25b-9f24-40d6-8934-8cf93512c5c3: created new log segment /workdir/hadoop-ozone/tools/target/test-dir/MiniOzoneClusterImpl-d6dca02c-26cd-4265-82f2-daeedfc193e9/datanode-0/data/ratis/f975a25b-9f24-40d6-8934-8cf93512c5c3/current/log_inprogress_0
2019-09-12 11:50:58,092 [9aaf2f78-d78f-4ebc-b7a2-56dce2b57085-SegmentedRaftLogWorker:Storage Directory /workdir/hadoop-ozone/tools/target/test-dir/MiniOzoneClusterImpl-d6dca02c-26cd-4265-82f2-daeedfc193e9/datanode-3/data/ratis/7e8a0853-ada9-4f81-9a66-031632356796] INFO  segmented.SegmentedRaftLogWorker (SegmentedRaftLogWorker.java:execute(569)) - 9aaf2f78-d78f-4ebc-b7a2-56dce2b57085-SegmentedRaftLogWorker:Storage Directory /workdir/hadoop-ozone/tools/target/test-dir/MiniOzoneClusterImpl-d6dca02c-26cd-4265-82f2-daeedfc193e9/datanode-3/data/ratis/7e8a0853-ada9-4f81-9a66-031632356796: created new log segment /workdir/hadoop-ozone/tools/target/test-dir/MiniOzoneClusterImpl-d6dca02c-26cd-4265-82f2-daeedfc193e9/datanode-3/data/ratis/7e8a0853-ada9-4f81-9a66-031632356796/current/log_inprogress_0
2019-09-12 11:50:58,092 [9d7d954f-b073-45cf-8f2c-ae2cc2b7e120-SegmentedRaftLogWorker:Storage Directory /workdir/hadoop-ozone/tools/target/test-dir/MiniOzoneClusterImpl-d6dca02c-26cd-4265-82f2-daeedfc193e9/datanode-0/data/ratis/7dd340eb-9230-4146-94ee-1793f8f0a0f5] INFO  segmented.SegmentedRaftLogWorker (SegmentedRaftLogWorker.java:execute(569)) - 9d7d954f-b073-45cf-8f2c-ae2cc2b7e120-SegmentedRaftLogWorker:Storage Directory /workdir/hadoop-ozone/tools/target/test-dir/MiniOzoneClusterImpl-d6dca02c-26cd-4265-82f2-daeedfc193e9/datanode-0/data/ratis/7dd340eb-9230-4146-94ee-1793f8f0a0f5: created new log segment /workdir/hadoop-ozone/tools/target/test-dir/MiniOzoneClusterImpl-d6dca02c-26cd-4265-82f2-daeedfc193e9/datanode-0/data/ratis/7dd340eb-9230-4146-94ee-1793f8f0a0f5/current/log_inprogress_0
2019-09-12 11:50:58,092 [9aaf2f78-d78f-4ebc-b7a2-56dce2b57085:group-AC1A6332B1CB:LeaderElection4] INFO  impl.LeaderElection (LeaderElection.java:askForVotes(181)) - 9aaf2f78-d78f-4ebc-b7a2-56dce2b57085:group-AC1A6332B1CB:LeaderElection4: begin an election at term 1 for -1: [9aaf2f78-d78f-4ebc-b7a2-56dce2b57085:192.168.36.114:38046], old=null
2019-09-12 11:50:58,096 [9aaf2f78-d78f-4ebc-b7a2-56dce2b57085:group-AC1A6332B1CB:LeaderElection4] INFO  impl.RoleInfo (RoleInfo.java:shutdownLeaderElection(134)) - 9aaf2f78-d78f-4ebc-b7a2-56dce2b57085: shutdown LeaderElection
2019-09-12 11:50:58,096 [9aaf2f78-d78f-4ebc-b7a2-56dce2b57085:group-AC1A6332B1CB:LeaderElection4] INFO  impl.RaftServerImpl (RaftServerImpl.java:setRole(171)) - 9aaf2f78-d78f-4ebc-b7a2-56dce2b57085:group-AC1A6332B1CB changes role from CANDIDATE to LEADER at term 1 for changeToLeader
2019-09-12 11:50:58,096 [9aaf2f78-d78f-4ebc-b7a2-56dce2b57085:group-AC1A6332B1CB:LeaderElection4] INFO  impl.RaftServerImpl (ServerState.java:setLeader(263)) - 9aaf2f78-d78f-4ebc-b7a2-56dce2b57085:group-AC1A6332B1CB change Leader from null to 9aaf2f78-d78f-4ebc-b7a2-56dce2b57085 at term 1 for becomeLeader, leader elected after 5042ms
2019-09-12 11:50:58,096 [9aaf2f78-d78f-4ebc-b7a2-56dce2b57085:group-AC1A6332B1CB:LeaderElection4] INFO  server.RaftServerConfigKeys (ConfUtils.java:logGet(43)) - raft.server.staging.catchup.gap = 1000 (default)
2019-09-12 11:50:58,096 [9aaf2f78-d78f-4ebc-b7a2-56dce2b57085:group-AC1A6332B1CB:LeaderElection4] INFO  server.RaftServerConfigKeys (ConfUtils.java:logGet(43)) - raft.server.rpc.sleep.time = 25ms (default)
2019-09-12 11:50:58,096 [9aaf2f78-d78f-4ebc-b7a2-56dce2b57085:group-AC1A6332B1CB:LeaderElection4] INFO  server.RaftServerConfigKeys (ConfUtils.java:logGet(43)) - raft.server.write.element-limit = 4096 (default)
2019-09-12 11:50:58,097 [9aaf2f78-d78f-4ebc-b7a2-56dce2b57085:group-AC1A6332B1CB:LeaderElection4] INFO  server.RaftServerConfigKeys (ConfUtils.java:logGet(43)) - raft.server.watch.timeout = 10s (default)
2019-09-12 11:50:58,097 [9aaf2f78-d78f-4ebc-b7a2-56dce2b57085:group-AC1A6332B1CB:LeaderElection4] INFO  server.RaftServerConfigKeys (ConfUtils.java:logGet(43)) - raft.server.watch.timeout.denomination = 1s (default)
2019-09-12 11:50:58,097 [9aaf2f78-d78f-4ebc-b7a2-56dce2b57085:group-AC1A6332B1CB:LeaderElection4] INFO  server.RaftServerConfigKeys (ConfUtils.java:logGet(43)) - raft.server.watch.element-limit = 65536 (default)
2019-09-12 11:50:58,097 [9aaf2f78-d78f-4ebc-b7a2-56dce2b57085:group-AC1A6332B1CB:LeaderElection4] INFO  impl.RoleInfo (RoleInfo.java:updateAndGet(143)) - 9aaf2f78-d78f-4ebc-b7a2-56dce2b57085: start LeaderState
2019-09-12 11:50:58,097 [9aaf2f78-d78f-4ebc-b7a2-56dce2b57085:group-AC1A6332B1CB:LeaderElection4] INFO  segmented.SegmentedRaftLogWorker (SegmentedRaftLogWorker.java:startLogSegment(380)) - 9aaf2f78-d78f-4ebc-b7a2-56dce2b57085-SegmentedRaftLogWorker:Storage Directory /workdir/hadoop-ozone/tools/target/test-dir/MiniOzoneClusterImpl-d6dca02c-26cd-4265-82f2-daeedfc193e9/datanode-3/data/ratis/272843a0-330f-4b19-9292-ac1a6332b1cb: Starting segment from index:0
2019-09-12 11:50:58,098 [9aaf2f78-d78f-4ebc-b7a2-56dce2b57085:group-AC1A6332B1CB:LeaderElection4] INFO  impl.RaftServerImpl (ServerState.java:setRaftConf(361)) - 9aaf2f78-d78f-4ebc-b7a2-56dce2b57085:group-AC1A6332B1CB set configuration 0: [9aaf2f78-d78f-4ebc-b7a2-56dce2b57085:192.168.36.114:38046], old=null at 0
2019-09-12 11:50:58,152 [9aaf2f78-d78f-4ebc-b7a2-56dce2b57085-SegmentedRaftLogWorker:Storage Directory /workdir/hadoop-ozone/tools/target/test-dir/MiniOzoneClusterImpl-d6dca02c-26cd-4265-82f2-daeedfc193e9/datanode-3/data/ratis/272843a0-330f-4b19-9292-ac1a6332b1cb] INFO  segmented.SegmentedRaftLogWorker (SegmentedRaftLogWorker.java:execute(569)) - 9aaf2f78-d78f-4ebc-b7a2-56dce2b57085-SegmentedRaftLogWorker:Storage Directory /workdir/hadoop-ozone/tools/target/test-dir/MiniOzoneClusterImpl-d6dca02c-26cd-4265-82f2-daeedfc193e9/datanode-3/data/ratis/272843a0-330f-4b19-9292-ac1a6332b1cb: created new log segment /workdir/hadoop-ozone/tools/target/test-dir/MiniOzoneClusterImpl-d6dca02c-26cd-4265-82f2-daeedfc193e9/datanode-3/data/ratis/272843a0-330f-4b19-9292-ac1a6332b1cb/current/log_inprogress_0
2019-09-12 11:50:58,204 [Thread-221] INFO  impl.FollowerState (FollowerState.java:run(106)) - 233f3d22-ae09-46be-8182-f5e58d004644:group-502147B0D64D changes to CANDIDATE, lastRpcTime:5054, electionTimeout:5054ms
2019-09-12 11:50:58,204 [Thread-221] INFO  impl.RoleInfo (RoleInfo.java:shutdownFollowerState(121)) - 233f3d22-ae09-46be-8182-f5e58d004644: shutdown FollowerState
2019-09-12 11:50:58,204 [Thread-221] INFO  impl.RaftServerImpl (RaftServerImpl.java:setRole(171)) - 233f3d22-ae09-46be-8182-f5e58d004644:group-502147B0D64D changes role from FOLLOWER to CANDIDATE at term 0 for changeToCandidate
2019-09-12 11:50:58,205 [Thread-221] INFO  impl.RoleInfo (RoleInfo.java:updateAndGet(143)) - 233f3d22-ae09-46be-8182-f5e58d004644: start LeaderElection
2019-09-12 11:50:58,225 [233f3d22-ae09-46be-8182-f5e58d004644:group-502147B0D64D:LeaderElection5] INFO  impl.LeaderElection (LeaderElection.java:askForVotes(181)) - 233f3d22-ae09-46be-8182-f5e58d004644:group-502147B0D64D:LeaderElection5: begin an election at term 1 for -1: [233f3d22-ae09-46be-8182-f5e58d004644:192.168.36.114:35523], old=null
2019-09-12 11:50:58,226 [233f3d22-ae09-46be-8182-f5e58d004644:group-502147B0D64D:LeaderElection5] INFO  impl.RoleInfo (RoleInfo.java:shutdownLeaderElection(134)) - 233f3d22-ae09-46be-8182-f5e58d004644: shutdown LeaderElection
2019-09-12 11:50:58,226 [233f3d22-ae09-46be-8182-f5e58d004644:group-502147B0D64D:LeaderElection5] INFO  impl.RaftServerImpl (RaftServerImpl.java:setRole(171)) - 233f3d22-ae09-46be-8182-f5e58d004644:group-502147B0D64D changes role from CANDIDATE to LEADER at term 1 for changeToLeader
2019-09-12 11:50:58,227 [233f3d22-ae09-46be-8182-f5e58d004644:group-502147B0D64D:LeaderElection5] INFO  impl.RaftServerImpl (ServerState.java:setLeader(263)) - 233f3d22-ae09-46be-8182-f5e58d004644:group-502147B0D64D change Leader from null to 233f3d22-ae09-46be-8182-f5e58d004644 at term 1 for becomeLeader, leader elected after 5083ms
2019-09-12 11:50:58,228 [233f3d22-ae09-46be-8182-f5e58d004644:group-502147B0D64D:LeaderElection5] INFO  server.RaftServerConfigKeys (ConfUtils.java:logGet(43)) - raft.server.staging.catchup.gap = 1000 (default)
2019-09-12 11:50:58,229 [233f3d22-ae09-46be-8182-f5e58d004644:group-502147B0D64D:LeaderElection5] INFO  server.RaftServerConfigKeys (ConfUtils.java:logGet(43)) - raft.server.rpc.sleep.time = 25ms (default)
2019-09-12 11:50:58,229 [233f3d22-ae09-46be-8182-f5e58d004644:group-502147B0D64D:LeaderElection5] INFO  server.RaftServerConfigKeys (ConfUtils.java:logGet(43)) - raft.server.write.element-limit = 4096 (default)
2019-09-12 11:50:58,229 [233f3d22-ae09-46be-8182-f5e58d004644:group-502147B0D64D:LeaderElection5] INFO  server.RaftServerConfigKeys (ConfUtils.java:logGet(43)) - raft.server.watch.timeout = 10s (default)
2019-09-12 11:50:58,229 [233f3d22-ae09-46be-8182-f5e58d004644:group-502147B0D64D:LeaderElection5] INFO  server.RaftServerConfigKeys (ConfUtils.java:logGet(43)) - raft.server.watch.timeout.denomination = 1s (default)
2019-09-12 11:50:58,229 [233f3d22-ae09-46be-8182-f5e58d004644:group-502147B0D64D:LeaderElection5] INFO  server.RaftServerConfigKeys (ConfUtils.java:logGet(43)) - raft.server.watch.element-limit = 65536 (default)
2019-09-12 11:50:58,230 [233f3d22-ae09-46be-8182-f5e58d004644:group-502147B0D64D:LeaderElection5] INFO  impl.RoleInfo (RoleInfo.java:updateAndGet(143)) - 233f3d22-ae09-46be-8182-f5e58d004644: start LeaderState
2019-09-12 11:50:58,230 [233f3d22-ae09-46be-8182-f5e58d004644:group-502147B0D64D:LeaderElection5] INFO  segmented.SegmentedRaftLogWorker (SegmentedRaftLogWorker.java:startLogSegment(380)) - 233f3d22-ae09-46be-8182-f5e58d004644-SegmentedRaftLogWorker:Storage Directory /workdir/hadoop-ozone/tools/target/test-dir/MiniOzoneClusterImpl-d6dca02c-26cd-4265-82f2-daeedfc193e9/datanode-1/data/ratis/5e023f16-ac52-428e-973f-502147b0d64d: Starting segment from index:0
2019-09-12 11:50:58,231 [233f3d22-ae09-46be-8182-f5e58d004644:group-502147B0D64D:LeaderElection5] INFO  impl.RaftServerImpl (ServerState.java:setRaftConf(361)) - 233f3d22-ae09-46be-8182-f5e58d004644:group-502147B0D64D set configuration 0: [233f3d22-ae09-46be-8182-f5e58d004644:192.168.36.114:35523], old=null at 0
2019-09-12 11:50:58,272 [233f3d22-ae09-46be-8182-f5e58d004644-SegmentedRaftLogWorker:Storage Directory /workdir/hadoop-ozone/tools/target/test-dir/MiniOzoneClusterImpl-d6dca02c-26cd-4265-82f2-daeedfc193e9/datanode-1/data/ratis/5e023f16-ac52-428e-973f-502147b0d64d] INFO  segmented.SegmentedRaftLogWorker (SegmentedRaftLogWorker.java:execute(569)) - 233f3d22-ae09-46be-8182-f5e58d004644-SegmentedRaftLogWorker:Storage Directory /workdir/hadoop-ozone/tools/target/test-dir/MiniOzoneClusterImpl-d6dca02c-26cd-4265-82f2-daeedfc193e9/datanode-1/data/ratis/5e023f16-ac52-428e-973f-502147b0d64d: created new log segment /workdir/hadoop-ozone/tools/target/test-dir/MiniOzoneClusterImpl-d6dca02c-26cd-4265-82f2-daeedfc193e9/datanode-1/data/ratis/5e023f16-ac52-428e-973f-502147b0d64d/current/log_inprogress_0
2019-09-12 11:50:58,292 [Thread-227] INFO  impl.FollowerState (FollowerState.java:run(106)) - 8c993e87-89d2-4e6e-901e-5640f3030957:group-35EDA7C71F2A changes to CANDIDATE, lastRpcTime:5001, electionTimeout:5001ms
2019-09-12 11:50:58,292 [Thread-227] INFO  impl.RoleInfo (RoleInfo.java:shutdownFollowerState(121)) - 8c993e87-89d2-4e6e-901e-5640f3030957: shutdown FollowerState
2019-09-12 11:50:58,292 [Thread-227] INFO  impl.RaftServerImpl (RaftServerImpl.java:setRole(171)) - 8c993e87-89d2-4e6e-901e-5640f3030957:group-35EDA7C71F2A changes role from FOLLOWER to CANDIDATE at term 0 for changeToCandidate
2019-09-12 11:50:58,292 [Thread-227] INFO  impl.RoleInfo (RoleInfo.java:updateAndGet(143)) - 8c993e87-89d2-4e6e-901e-5640f3030957: start LeaderElection
2019-09-12 11:50:58,310 [Thread-224] INFO  impl.FollowerState (FollowerState.java:run(106)) - 233f3d22-ae09-46be-8182-f5e58d004644:group-FAB351D90E01 changes to CANDIDATE, lastRpcTime:5092, electionTimeout:5092ms
2019-09-12 11:50:58,311 [Thread-224] INFO  impl.RoleInfo (RoleInfo.java:shutdownFollowerState(121)) - 233f3d22-ae09-46be-8182-f5e58d004644: shutdown FollowerState
2019-09-12 11:50:58,312 [Thread-224] INFO  impl.RaftServerImpl (RaftServerImpl.java:setRole(171)) - 233f3d22-ae09-46be-8182-f5e58d004644:group-FAB351D90E01 changes role from FOLLOWER to CANDIDATE at term 0 for changeToCandidate
2019-09-12 11:50:58,312 [8c993e87-89d2-4e6e-901e-5640f3030957:group-35EDA7C71F2A:LeaderElection6] INFO  impl.LeaderElection (LeaderElection.java:askForVotes(181)) - 8c993e87-89d2-4e6e-901e-5640f3030957:group-35EDA7C71F2A:LeaderElection6: begin an election at term 1 for -1: [8c993e87-89d2-4e6e-901e-5640f3030957:192.168.36.114:45855], old=null
2019-09-12 11:50:58,312 [Thread-224] INFO  impl.RoleInfo (RoleInfo.java:updateAndGet(143)) - 233f3d22-ae09-46be-8182-f5e58d004644: start LeaderElection
2019-09-12 11:50:58,312 [8c993e87-89d2-4e6e-901e-5640f3030957:group-35EDA7C71F2A:LeaderElection6] INFO  impl.RoleInfo (RoleInfo.java:shutdownLeaderElection(134)) - 8c993e87-89d2-4e6e-901e-5640f3030957: shutdown LeaderElection
2019-09-12 11:50:58,312 [8c993e87-89d2-4e6e-901e-5640f3030957:group-35EDA7C71F2A:LeaderElection6] INFO  impl.RaftServerImpl (RaftServerImpl.java:setRole(171)) - 8c993e87-89d2-4e6e-901e-5640f3030957:group-35EDA7C71F2A changes role from CANDIDATE to LEADER at term 1 for changeToLeader
2019-09-12 11:50:58,316 [8c993e87-89d2-4e6e-901e-5640f3030957:group-35EDA7C71F2A:LeaderElection6] INFO  impl.RaftServerImpl (ServerState.java:setLeader(263)) - 8c993e87-89d2-4e6e-901e-5640f3030957:group-35EDA7C71F2A change Leader from null to 8c993e87-89d2-4e6e-901e-5640f3030957 at term 1 for becomeLeader, leader elected after 5028ms
2019-09-12 11:50:58,317 [8c993e87-89d2-4e6e-901e-5640f3030957:group-35EDA7C71F2A:LeaderElection6] INFO  server.RaftServerConfigKeys (ConfUtils.java:logGet(43)) - raft.server.staging.catchup.gap = 1000 (default)
2019-09-12 11:50:58,317 [8c993e87-89d2-4e6e-901e-5640f3030957:group-35EDA7C71F2A:LeaderElection6] INFO  server.RaftServerConfigKeys (ConfUtils.java:logGet(43)) - raft.server.rpc.sleep.time = 25ms (default)
2019-09-12 11:50:58,318 [8c993e87-89d2-4e6e-901e-5640f3030957:group-35EDA7C71F2A:LeaderElection6] INFO  server.RaftServerConfigKeys (ConfUtils.java:logGet(43)) - raft.server.write.element-limit = 4096 (default)
2019-09-12 11:50:58,318 [8c993e87-89d2-4e6e-901e-5640f3030957:group-35EDA7C71F2A:LeaderElection6] INFO  server.RaftServerConfigKeys (ConfUtils.java:logGet(43)) - raft.server.watch.timeout = 10s (default)
2019-09-12 11:50:58,318 [8c993e87-89d2-4e6e-901e-5640f3030957:group-35EDA7C71F2A:LeaderElection6] INFO  server.RaftServerConfigKeys (ConfUtils.java:logGet(43)) - raft.server.watch.timeout.denomination = 1s (default)
2019-09-12 11:50:58,318 [8c993e87-89d2-4e6e-901e-5640f3030957:group-35EDA7C71F2A:LeaderElection6] INFO  server.RaftServerConfigKeys (ConfUtils.java:logGet(43)) - raft.server.watch.element-limit = 65536 (default)
2019-09-12 11:50:58,318 [8c993e87-89d2-4e6e-901e-5640f3030957:group-35EDA7C71F2A:LeaderElection6] INFO  impl.RoleInfo (RoleInfo.java:updateAndGet(143)) - 8c993e87-89d2-4e6e-901e-5640f3030957: start LeaderState
2019-09-12 11:50:58,319 [8c993e87-89d2-4e6e-901e-5640f3030957:group-35EDA7C71F2A:LeaderElection6] INFO  segmented.SegmentedRaftLogWorker (SegmentedRaftLogWorker.java:startLogSegment(380)) - 8c993e87-89d2-4e6e-901e-5640f3030957-SegmentedRaftLogWorker:Storage Directory /workdir/hadoop-ozone/tools/target/test-dir/MiniOzoneClusterImpl-d6dca02c-26cd-4265-82f2-daeedfc193e9/datanode-2/data/ratis/01321f07-7c10-4458-93c5-35eda7c71f2a: Starting segment from index:0
2019-09-12 11:50:58,319 [8c993e87-89d2-4e6e-901e-5640f3030957:group-35EDA7C71F2A:LeaderElection6] INFO  impl.RaftServerImpl (ServerState.java:setRaftConf(361)) - 8c993e87-89d2-4e6e-901e-5640f3030957:group-35EDA7C71F2A set configuration 0: [8c993e87-89d2-4e6e-901e-5640f3030957:192.168.36.114:45855], old=null at 0
2019-09-12 11:50:58,345 [233f3d22-ae09-46be-8182-f5e58d004644:group-FAB351D90E01:LeaderElection7] INFO  impl.LeaderElection (LeaderElection.java:askForVotes(181)) - 233f3d22-ae09-46be-8182-f5e58d004644:group-FAB351D90E01:LeaderElection7: begin an election at term 1 for -1: [233f3d22-ae09-46be-8182-f5e58d004644:192.168.36.114:35523], old=null
2019-09-12 11:50:58,345 [233f3d22-ae09-46be-8182-f5e58d004644:group-FAB351D90E01:LeaderElection7] INFO  impl.RoleInfo (RoleInfo.java:shutdownLeaderElection(134)) - 233f3d22-ae09-46be-8182-f5e58d004644: shutdown LeaderElection
2019-09-12 11:50:58,345 [233f3d22-ae09-46be-8182-f5e58d004644:group-FAB351D90E01:LeaderElection7] INFO  impl.RaftServerImpl (RaftServerImpl.java:setRole(171)) - 233f3d22-ae09-46be-8182-f5e58d004644:group-FAB351D90E01 changes role from CANDIDATE to LEADER at term 1 for changeToLeader
2019-09-12 11:50:58,345 [233f3d22-ae09-46be-8182-f5e58d004644:group-FAB351D90E01:LeaderElection7] INFO  impl.RaftServerImpl (ServerState.java:setLeader(263)) - 233f3d22-ae09-46be-8182-f5e58d004644:group-FAB351D90E01 change Leader from null to 233f3d22-ae09-46be-8182-f5e58d004644 at term 1 for becomeLeader, leader elected after 5132ms
2019-09-12 11:50:58,346 [233f3d22-ae09-46be-8182-f5e58d004644:group-FAB351D90E01:LeaderElection7] INFO  server.RaftServerConfigKeys (ConfUtils.java:logGet(43)) - raft.server.staging.catchup.gap = 1000 (default)
2019-09-12 11:50:58,346 [233f3d22-ae09-46be-8182-f5e58d004644:group-FAB351D90E01:LeaderElection7] INFO  server.RaftServerConfigKeys (ConfUtils.java:logGet(43)) - raft.server.rpc.sleep.time = 25ms (default)
2019-09-12 11:50:58,346 [233f3d22-ae09-46be-8182-f5e58d004644:group-FAB351D90E01:LeaderElection7] INFO  server.RaftServerConfigKeys (ConfUtils.java:logGet(43)) - raft.server.write.element-limit = 4096 (default)
2019-09-12 11:50:58,346 [233f3d22-ae09-46be-8182-f5e58d004644:group-FAB351D90E01:LeaderElection7] INFO  server.RaftServerConfigKeys (ConfUtils.java:logGet(43)) - raft.server.watch.timeout = 10s (default)
2019-09-12 11:50:58,346 [233f3d22-ae09-46be-8182-f5e58d004644:group-FAB351D90E01:LeaderElection7] INFO  server.RaftServerConfigKeys (ConfUtils.java:logGet(43)) - raft.server.watch.timeout.denomination = 1s (default)
2019-09-12 11:50:58,346 [233f3d22-ae09-46be-8182-f5e58d004644:group-FAB351D90E01:LeaderElection7] INFO  server.RaftServerConfigKeys (ConfUtils.java:logGet(43)) - raft.server.watch.element-limit = 65536 (default)
2019-09-12 11:50:58,347 [233f3d22-ae09-46be-8182-f5e58d004644:group-FAB351D90E01:LeaderElection7] INFO  impl.RoleInfo (RoleInfo.java:updateAndGet(143)) - 233f3d22-ae09-46be-8182-f5e58d004644: start LeaderState
2019-09-12 11:50:58,347 [233f3d22-ae09-46be-8182-f5e58d004644:group-FAB351D90E01:LeaderElection7] INFO  segmented.SegmentedRaftLogWorker (SegmentedRaftLogWorker.java:startLogSegment(380)) - 233f3d22-ae09-46be-8182-f5e58d004644-SegmentedRaftLogWorker:Storage Directory /workdir/hadoop-ozone/tools/target/test-dir/MiniOzoneClusterImpl-d6dca02c-26cd-4265-82f2-daeedfc193e9/datanode-1/data/ratis/0e1518a8-542a-4118-98a5-fab351d90e01: Starting segment from index:0
2019-09-12 11:50:58,348 [233f3d22-ae09-46be-8182-f5e58d004644:group-FAB351D90E01:LeaderElection7] INFO  impl.RaftServerImpl (ServerState.java:setRaftConf(361)) - 233f3d22-ae09-46be-8182-f5e58d004644:group-FAB351D90E01 set configuration 0: [233f3d22-ae09-46be-8182-f5e58d004644:192.168.36.114:35523], old=null at 0
2019-09-12 11:50:58,382 [8c993e87-89d2-4e6e-901e-5640f3030957-SegmentedRaftLogWorker:Storage Directory /workdir/hadoop-ozone/tools/target/test-dir/MiniOzoneClusterImpl-d6dca02c-26cd-4265-82f2-daeedfc193e9/datanode-2/data/ratis/01321f07-7c10-4458-93c5-35eda7c71f2a] INFO  segmented.SegmentedRaftLogWorker (SegmentedRaftLogWorker.java:execute(569)) - 8c993e87-89d2-4e6e-901e-5640f3030957-SegmentedRaftLogWorker:Storage Directory /workdir/hadoop-ozone/tools/target/test-dir/MiniOzoneClusterImpl-d6dca02c-26cd-4265-82f2-daeedfc193e9/datanode-2/data/ratis/01321f07-7c10-4458-93c5-35eda7c71f2a: created new log segment /workdir/hadoop-ozone/tools/target/test-dir/MiniOzoneClusterImpl-d6dca02c-26cd-4265-82f2-daeedfc193e9/datanode-2/data/ratis/01321f07-7c10-4458-93c5-35eda7c71f2a/current/log_inprogress_0
2019-09-12 11:50:58,382 [Thread-230] INFO  impl.FollowerState (FollowerState.java:run(106)) - 8c993e87-89d2-4e6e-901e-5640f3030957:group-B3130CE1BBB5 changes to CANDIDATE, lastRpcTime:5026, electionTimeout:5019ms
2019-09-12 11:50:58,383 [Thread-230] INFO  impl.RoleInfo (RoleInfo.java:shutdownFollowerState(121)) - 8c993e87-89d2-4e6e-901e-5640f3030957: shutdown FollowerState
2019-09-12 11:50:58,383 [Thread-230] INFO  impl.RaftServerImpl (RaftServerImpl.java:setRole(171)) - 8c993e87-89d2-4e6e-901e-5640f3030957:group-B3130CE1BBB5 changes role from FOLLOWER to CANDIDATE at term 0 for changeToCandidate
2019-09-12 11:50:58,383 [Thread-230] INFO  impl.RoleInfo (RoleInfo.java:updateAndGet(143)) - 8c993e87-89d2-4e6e-901e-5640f3030957: start LeaderElection
2019-09-12 11:50:58,403 [233f3d22-ae09-46be-8182-f5e58d004644-SegmentedRaftLogWorker:Storage Directory /workdir/hadoop-ozone/tools/target/test-dir/MiniOzoneClusterImpl-d6dca02c-26cd-4265-82f2-daeedfc193e9/datanode-1/data/ratis/0e1518a8-542a-4118-98a5-fab351d90e01] INFO  segmented.SegmentedRaftLogWorker (SegmentedRaftLogWorker.java:execute(569)) - 233f3d22-ae09-46be-8182-f5e58d004644-SegmentedRaftLogWorker:Storage Directory /workdir/hadoop-ozone/tools/target/test-dir/MiniOzoneClusterImpl-d6dca02c-26cd-4265-82f2-daeedfc193e9/datanode-1/data/ratis/0e1518a8-542a-4118-98a5-fab351d90e01: created new log segment /workdir/hadoop-ozone/tools/target/test-dir/MiniOzoneClusterImpl-d6dca02c-26cd-4265-82f2-daeedfc193e9/datanode-1/data/ratis/0e1518a8-542a-4118-98a5-fab351d90e01/current/log_inprogress_0
2019-09-12 11:50:58,403 [8c993e87-89d2-4e6e-901e-5640f3030957:group-B3130CE1BBB5:LeaderElection8] INFO  impl.LeaderElection (LeaderElection.java:askForVotes(181)) - 8c993e87-89d2-4e6e-901e-5640f3030957:group-B3130CE1BBB5:LeaderElection8: begin an election at term 1 for -1: [8c993e87-89d2-4e6e-901e-5640f3030957:192.168.36.114:45855], old=null
2019-09-12 11:50:58,405 [8c993e87-89d2-4e6e-901e-5640f3030957:group-B3130CE1BBB5:LeaderElection8] INFO  impl.RoleInfo (RoleInfo.java:shutdownLeaderElection(134)) - 8c993e87-89d2-4e6e-901e-5640f3030957: shutdown LeaderElection
2019-09-12 11:50:58,405 [8c993e87-89d2-4e6e-901e-5640f3030957:group-B3130CE1BBB5:LeaderElection8] INFO  impl.RaftServerImpl (RaftServerImpl.java:setRole(171)) - 8c993e87-89d2-4e6e-901e-5640f3030957:group-B3130CE1BBB5 changes role from CANDIDATE to LEADER at term 1 for changeToLeader
2019-09-12 11:50:58,405 [8c993e87-89d2-4e6e-901e-5640f3030957:group-B3130CE1BBB5:LeaderElection8] INFO  impl.RaftServerImpl (ServerState.java:setLeader(263)) - 8c993e87-89d2-4e6e-901e-5640f3030957:group-B3130CE1BBB5 change Leader from null to 8c993e87-89d2-4e6e-901e-5640f3030957 at term 1 for becomeLeader, leader elected after 5053ms
2019-09-12 11:50:58,405 [8c993e87-89d2-4e6e-901e-5640f3030957:group-B3130CE1BBB5:LeaderElection8] INFO  server.RaftServerConfigKeys (ConfUtils.java:logGet(43)) - raft.server.staging.catchup.gap = 1000 (default)
2019-09-12 11:50:58,405 [8c993e87-89d2-4e6e-901e-5640f3030957:group-B3130CE1BBB5:LeaderElection8] INFO  server.RaftServerConfigKeys (ConfUtils.java:logGet(43)) - raft.server.rpc.sleep.time = 25ms (default)
2019-09-12 11:50:58,405 [8c993e87-89d2-4e6e-901e-5640f3030957:group-B3130CE1BBB5:LeaderElection8] INFO  server.RaftServerConfigKeys (ConfUtils.java:logGet(43)) - raft.server.write.element-limit = 4096 (default)
2019-09-12 11:50:58,405 [8c993e87-89d2-4e6e-901e-5640f3030957:group-B3130CE1BBB5:LeaderElection8] INFO  server.RaftServerConfigKeys (ConfUtils.java:logGet(43)) - raft.server.watch.timeout = 10s (default)
2019-09-12 11:50:58,406 [8c993e87-89d2-4e6e-901e-5640f3030957:group-B3130CE1BBB5:LeaderElection8] INFO  server.RaftServerConfigKeys (ConfUtils.java:logGet(43)) - raft.server.watch.timeout.denomination = 1s (default)
2019-09-12 11:50:58,406 [8c993e87-89d2-4e6e-901e-5640f3030957:group-B3130CE1BBB5:LeaderElection8] INFO  server.RaftServerConfigKeys (ConfUtils.java:logGet(43)) - raft.server.watch.element-limit = 65536 (default)
2019-09-12 11:50:58,406 [8c993e87-89d2-4e6e-901e-5640f3030957:group-B3130CE1BBB5:LeaderElection8] INFO  impl.RoleInfo (RoleInfo.java:updateAndGet(143)) - 8c993e87-89d2-4e6e-901e-5640f3030957: start LeaderState
2019-09-12 11:50:58,406 [8c993e87-89d2-4e6e-901e-5640f3030957:group-B3130CE1BBB5:LeaderElection8] INFO  segmented.SegmentedRaftLogWorker (SegmentedRaftLogWorker.java:startLogSegment(380)) - 8c993e87-89d2-4e6e-901e-5640f3030957-SegmentedRaftLogWorker:Storage Directory /workdir/hadoop-ozone/tools/target/test-dir/MiniOzoneClusterImpl-d6dca02c-26cd-4265-82f2-daeedfc193e9/datanode-2/data/ratis/6a4ffb08-099b-4eaf-88be-b3130ce1bbb5: Starting segment from index:0
2019-09-12 11:50:58,407 [8c993e87-89d2-4e6e-901e-5640f3030957:group-B3130CE1BBB5:LeaderElection8] INFO  impl.RaftServerImpl (ServerState.java:setRaftConf(361)) - 8c993e87-89d2-4e6e-901e-5640f3030957:group-B3130CE1BBB5 set configuration 0: [8c993e87-89d2-4e6e-901e-5640f3030957:192.168.36.114:45855], old=null at 0
2019-09-12 11:50:58,437 | INFO  | SCMAudit | user=jenkins1000 | ip=192.168.36.114 | op=SEND_HEARTBEAT {datanodeUUID=9aaf2f78-d78f-4ebc-b7a2-56dce2b57085, command=[]} | ret=SUCCESS |  
2019-09-12 11:50:58,460 [8c993e87-89d2-4e6e-901e-5640f3030957-SegmentedRaftLogWorker:Storage Directory /workdir/hadoop-ozone/tools/target/test-dir/MiniOzoneClusterImpl-d6dca02c-26cd-4265-82f2-daeedfc193e9/datanode-2/data/ratis/6a4ffb08-099b-4eaf-88be-b3130ce1bbb5] INFO  segmented.SegmentedRaftLogWorker (SegmentedRaftLogWorker.java:execute(569)) - 8c993e87-89d2-4e6e-901e-5640f3030957-SegmentedRaftLogWorker:Storage Directory /workdir/hadoop-ozone/tools/target/test-dir/MiniOzoneClusterImpl-d6dca02c-26cd-4265-82f2-daeedfc193e9/datanode-2/data/ratis/6a4ffb08-099b-4eaf-88be-b3130ce1bbb5: created new log segment /workdir/hadoop-ozone/tools/target/test-dir/MiniOzoneClusterImpl-d6dca02c-26cd-4265-82f2-daeedfc193e9/datanode-2/data/ratis/6a4ffb08-099b-4eaf-88be-b3130ce1bbb5/current/log_inprogress_0
2019-09-12 11:50:58,517 | INFO  | SCMAudit | user=jenkins1000 | ip=192.168.36.114 | op=SEND_HEARTBEAT {datanodeUUID=c13e8c2d-5cc3-43ac-8cc7-9a20211fb58e, command=[]} | ret=SUCCESS |  
2019-09-12 11:50:58,535 [Thread-236] INFO  impl.FollowerState (FollowerState.java:run(106)) - 9aaf2f78-d78f-4ebc-b7a2-56dce2b57085:group-53CDF698E7D0 changes to CANDIDATE, lastRpcTime:5048, electionTimeout:5048ms
2019-09-12 11:50:58,535 [Thread-236] INFO  impl.RoleInfo (RoleInfo.java:shutdownFollowerState(121)) - 9aaf2f78-d78f-4ebc-b7a2-56dce2b57085: shutdown FollowerState
2019-09-12 11:50:58,535 [Thread-236] INFO  impl.RaftServerImpl (RaftServerImpl.java:setRole(171)) - 9aaf2f78-d78f-4ebc-b7a2-56dce2b57085:group-53CDF698E7D0 changes role from FOLLOWER to CANDIDATE at term 0 for changeToCandidate
2019-09-12 11:50:58,535 [Thread-236] INFO  impl.RoleInfo (RoleInfo.java:updateAndGet(143)) - 9aaf2f78-d78f-4ebc-b7a2-56dce2b57085: start LeaderElection
2019-09-12 11:50:58,551 [9aaf2f78-d78f-4ebc-b7a2-56dce2b57085:group-53CDF698E7D0:LeaderElection9] INFO  impl.LeaderElection (LeaderElection.java:askForVotes(181)) - 9aaf2f78-d78f-4ebc-b7a2-56dce2b57085:group-53CDF698E7D0:LeaderElection9: begin an election at term 1 for -1: [9aaf2f78-d78f-4ebc-b7a2-56dce2b57085:192.168.36.114:38046], old=null
2019-09-12 11:50:58,552 [9aaf2f78-d78f-4ebc-b7a2-56dce2b57085:group-53CDF698E7D0:LeaderElection9] INFO  impl.RoleInfo (RoleInfo.java:shutdownLeaderElection(134)) - 9aaf2f78-d78f-4ebc-b7a2-56dce2b57085: shutdown LeaderElection
2019-09-12 11:50:58,552 [9aaf2f78-d78f-4ebc-b7a2-56dce2b57085:group-53CDF698E7D0:LeaderElection9] INFO  impl.RaftServerImpl (RaftServerImpl.java:setRole(171)) - 9aaf2f78-d78f-4ebc-b7a2-56dce2b57085:group-53CDF698E7D0 changes role from CANDIDATE to LEADER at term 1 for changeToLeader
2019-09-12 11:50:58,552 [9aaf2f78-d78f-4ebc-b7a2-56dce2b57085:group-53CDF698E7D0:LeaderElection9] INFO  impl.RaftServerImpl (ServerState.java:setLeader(263)) - 9aaf2f78-d78f-4ebc-b7a2-56dce2b57085:group-53CDF698E7D0 change Leader from null to 9aaf2f78-d78f-4ebc-b7a2-56dce2b57085 at term 1 for becomeLeader, leader elected after 5071ms
2019-09-12 11:50:58,553 [9aaf2f78-d78f-4ebc-b7a2-56dce2b57085:group-53CDF698E7D0:LeaderElection9] INFO  server.RaftServerConfigKeys (ConfUtils.java:logGet(43)) - raft.server.staging.catchup.gap = 1000 (default)
2019-09-12 11:50:58,553 [9aaf2f78-d78f-4ebc-b7a2-56dce2b57085:group-53CDF698E7D0:LeaderElection9] INFO  server.RaftServerConfigKeys (ConfUtils.java:logGet(43)) - raft.server.rpc.sleep.time = 25ms (default)
2019-09-12 11:50:58,553 [9aaf2f78-d78f-4ebc-b7a2-56dce2b57085:group-53CDF698E7D0:LeaderElection9] INFO  server.RaftServerConfigKeys (ConfUtils.java:logGet(43)) - raft.server.write.element-limit = 4096 (default)
2019-09-12 11:50:58,553 [9aaf2f78-d78f-4ebc-b7a2-56dce2b57085:group-53CDF698E7D0:LeaderElection9] INFO  server.RaftServerConfigKeys (ConfUtils.java:logGet(43)) - raft.server.watch.timeout = 10s (default)
2019-09-12 11:50:58,553 [9aaf2f78-d78f-4ebc-b7a2-56dce2b57085:group-53CDF698E7D0:LeaderElection9] INFO  server.RaftServerConfigKeys (ConfUtils.java:logGet(43)) - raft.server.watch.timeout.denomination = 1s (default)
2019-09-12 11:50:58,553 [9aaf2f78-d78f-4ebc-b7a2-56dce2b57085:group-53CDF698E7D0:LeaderElection9] INFO  server.RaftServerConfigKeys (ConfUtils.java:logGet(43)) - raft.server.watch.element-limit = 65536 (default)
2019-09-12 11:50:58,553 [9aaf2f78-d78f-4ebc-b7a2-56dce2b57085:group-53CDF698E7D0:LeaderElection9] INFO  impl.RoleInfo (RoleInfo.java:updateAndGet(143)) - 9aaf2f78-d78f-4ebc-b7a2-56dce2b57085: start LeaderState
2019-09-12 11:50:58,554 [9aaf2f78-d78f-4ebc-b7a2-56dce2b57085:group-53CDF698E7D0:LeaderElection9] INFO  segmented.SegmentedRaftLogWorker (SegmentedRaftLogWorker.java:startLogSegment(380)) - 9aaf2f78-d78f-4ebc-b7a2-56dce2b57085-SegmentedRaftLogWorker:Storage Directory /workdir/hadoop-ozone/tools/target/test-dir/MiniOzoneClusterImpl-d6dca02c-26cd-4265-82f2-daeedfc193e9/datanode-3/data/ratis/9214ad97-1f51-4bfb-ab0f-53cdf698e7d0: Starting segment from index:0
2019-09-12 11:50:58,554 [9aaf2f78-d78f-4ebc-b7a2-56dce2b57085:group-53CDF698E7D0:LeaderElection9] INFO  impl.RaftServerImpl (ServerState.java:setRaftConf(361)) - 9aaf2f78-d78f-4ebc-b7a2-56dce2b57085:group-53CDF698E7D0 set configuration 0: [9aaf2f78-d78f-4ebc-b7a2-56dce2b57085:192.168.36.114:38046], old=null at 0
2019-09-12 11:50:58,580 [Thread-239] INFO  impl.FollowerState (FollowerState.java:run(106)) - 233f3d22-ae09-46be-8182-f5e58d004644:group-8960DAA2B6C8 changes to CANDIDATE, lastRpcTime:5031, electionTimeout:5028ms
2019-09-12 11:50:58,580 [Thread-233] INFO  impl.FollowerState (FollowerState.java:run(106)) - 9d7d954f-b073-45cf-8f2c-ae2cc2b7e120:group-6B1CDA2100C7 changes to CANDIDATE, lastRpcTime:5162, electionTimeout:5147ms
2019-09-12 11:50:58,580 [Thread-239] INFO  impl.RoleInfo (RoleInfo.java:shutdownFollowerState(121)) - 233f3d22-ae09-46be-8182-f5e58d004644: shutdown FollowerState
2019-09-12 11:50:58,580 [Thread-233] INFO  impl.RoleInfo (RoleInfo.java:shutdownFollowerState(121)) - 9d7d954f-b073-45cf-8f2c-ae2cc2b7e120: shutdown FollowerState
2019-09-12 11:50:58,580 [Thread-239] INFO  impl.RaftServerImpl (RaftServerImpl.java:setRole(171)) - 233f3d22-ae09-46be-8182-f5e58d004644:group-8960DAA2B6C8 changes role from FOLLOWER to CANDIDATE at term 0 for changeToCandidate
2019-09-12 11:50:58,580 [Thread-233] INFO  impl.RaftServerImpl (RaftServerImpl.java:setRole(171)) - 9d7d954f-b073-45cf-8f2c-ae2cc2b7e120:group-6B1CDA2100C7 changes role from FOLLOWER to CANDIDATE at term 0 for changeToCandidate
2019-09-12 11:50:58,581 [Thread-239] INFO  impl.RoleInfo (RoleInfo.java:updateAndGet(143)) - 233f3d22-ae09-46be-8182-f5e58d004644: start LeaderElection
2019-09-12 11:50:58,581 [Thread-233] INFO  impl.RoleInfo (RoleInfo.java:updateAndGet(143)) - 9d7d954f-b073-45cf-8f2c-ae2cc2b7e120: start LeaderElection
2019-09-12 11:50:58,585 | INFO  | SCMAudit | user=jenkins1000 | ip=192.168.36.114 | op=SEND_HEARTBEAT {datanodeUUID=9d7d954f-b073-45cf-8f2c-ae2cc2b7e120, command=[]} | ret=SUCCESS |  
2019-09-12 11:50:58,592 [9aaf2f78-d78f-4ebc-b7a2-56dce2b57085-SegmentedRaftLogWorker:Storage Directory /workdir/hadoop-ozone/tools/target/test-dir/MiniOzoneClusterImpl-d6dca02c-26cd-4265-82f2-daeedfc193e9/datanode-3/data/ratis/9214ad97-1f51-4bfb-ab0f-53cdf698e7d0] INFO  segmented.SegmentedRaftLogWorker (SegmentedRaftLogWorker.java:execute(569)) - 9aaf2f78-d78f-4ebc-b7a2-56dce2b57085-SegmentedRaftLogWorker:Storage Directory /workdir/hadoop-ozone/tools/target/test-dir/MiniOzoneClusterImpl-d6dca02c-26cd-4265-82f2-daeedfc193e9/datanode-3/data/ratis/9214ad97-1f51-4bfb-ab0f-53cdf698e7d0: created new log segment /workdir/hadoop-ozone/tools/target/test-dir/MiniOzoneClusterImpl-d6dca02c-26cd-4265-82f2-daeedfc193e9/datanode-3/data/ratis/9214ad97-1f51-4bfb-ab0f-53cdf698e7d0/current/log_inprogress_0
2019-09-12 11:50:58,592 [9d7d954f-b073-45cf-8f2c-ae2cc2b7e120:group-6B1CDA2100C7:LeaderElection11] INFO  impl.LeaderElection (LeaderElection.java:askForVotes(181)) - 9d7d954f-b073-45cf-8f2c-ae2cc2b7e120:group-6B1CDA2100C7:LeaderElection11: begin an election at term 1 for -1: [9d7d954f-b073-45cf-8f2c-ae2cc2b7e120:192.168.36.114:42013], old=null
2019-09-12 11:50:58,592 [233f3d22-ae09-46be-8182-f5e58d004644:group-8960DAA2B6C8:LeaderElection10] INFO  impl.LeaderElection (LeaderElection.java:askForVotes(181)) - 233f3d22-ae09-46be-8182-f5e58d004644:group-8960DAA2B6C8:LeaderElection10: begin an election at term 1 for -1: [233f3d22-ae09-46be-8182-f5e58d004644:192.168.36.114:35523], old=null
2019-09-12 11:50:58,598 [9d7d954f-b073-45cf-8f2c-ae2cc2b7e120:group-6B1CDA2100C7:LeaderElection11] INFO  impl.RoleInfo (RoleInfo.java:shutdownLeaderElection(134)) - 9d7d954f-b073-45cf-8f2c-ae2cc2b7e120: shutdown LeaderElection
2019-09-12 11:50:58,598 [233f3d22-ae09-46be-8182-f5e58d004644:group-8960DAA2B6C8:LeaderElection10] INFO  impl.RoleInfo (RoleInfo.java:shutdownLeaderElection(134)) - 233f3d22-ae09-46be-8182-f5e58d004644: shutdown LeaderElection
2019-09-12 11:50:58,598 [9d7d954f-b073-45cf-8f2c-ae2cc2b7e120:group-6B1CDA2100C7:LeaderElection11] INFO  impl.RaftServerImpl (RaftServerImpl.java:setRole(171)) - 9d7d954f-b073-45cf-8f2c-ae2cc2b7e120:group-6B1CDA2100C7 changes role from CANDIDATE to LEADER at term 1 for changeToLeader
2019-09-12 11:50:58,598 [233f3d22-ae09-46be-8182-f5e58d004644:group-8960DAA2B6C8:LeaderElection10] INFO  impl.RaftServerImpl (RaftServerImpl.java:setRole(171)) - 233f3d22-ae09-46be-8182-f5e58d004644:group-8960DAA2B6C8 changes role from CANDIDATE to LEADER at term 1 for changeToLeader
2019-09-12 11:50:58,598 [9d7d954f-b073-45cf-8f2c-ae2cc2b7e120:group-6B1CDA2100C7:LeaderElection11] INFO  impl.RaftServerImpl (ServerState.java:setLeader(263)) - 9d7d954f-b073-45cf-8f2c-ae2cc2b7e120:group-6B1CDA2100C7 change Leader from null to 9d7d954f-b073-45cf-8f2c-ae2cc2b7e120 at term 1 for becomeLeader, leader elected after 5185ms
2019-09-12 11:50:58,598 [233f3d22-ae09-46be-8182-f5e58d004644:group-8960DAA2B6C8:LeaderElection10] INFO  impl.RaftServerImpl (ServerState.java:setLeader(263)) - 233f3d22-ae09-46be-8182-f5e58d004644:group-8960DAA2B6C8 change Leader from null to 233f3d22-ae09-46be-8182-f5e58d004644 at term 1 for becomeLeader, leader elected after 5055ms
2019-09-12 11:50:58,598 [9d7d954f-b073-45cf-8f2c-ae2cc2b7e120:group-6B1CDA2100C7:LeaderElection11] INFO  server.RaftServerConfigKeys (ConfUtils.java:logGet(43)) - raft.server.staging.catchup.gap = 1000 (default)
2019-09-12 11:50:58,598 [233f3d22-ae09-46be-8182-f5e58d004644:group-8960DAA2B6C8:LeaderElection10] INFO  server.RaftServerConfigKeys (ConfUtils.java:logGet(43)) - raft.server.staging.catchup.gap = 1000 (default)
2019-09-12 11:50:58,598 [9d7d954f-b073-45cf-8f2c-ae2cc2b7e120:group-6B1CDA2100C7:LeaderElection11] INFO  server.RaftServerConfigKeys (ConfUtils.java:logGet(43)) - raft.server.rpc.sleep.time = 25ms (default)
2019-09-12 11:50:58,598 [233f3d22-ae09-46be-8182-f5e58d004644:group-8960DAA2B6C8:LeaderElection10] INFO  server.RaftServerConfigKeys (ConfUtils.java:logGet(43)) - raft.server.rpc.sleep.time = 25ms (default)
2019-09-12 11:50:58,599 [9d7d954f-b073-45cf-8f2c-ae2cc2b7e120:group-6B1CDA2100C7:LeaderElection11] INFO  server.RaftServerConfigKeys (ConfUtils.java:logGet(43)) - raft.server.write.element-limit = 4096 (default)
2019-09-12 11:50:58,599 [233f3d22-ae09-46be-8182-f5e58d004644:group-8960DAA2B6C8:LeaderElection10] INFO  server.RaftServerConfigKeys (ConfUtils.java:logGet(43)) - raft.server.write.element-limit = 4096 (default)
2019-09-12 11:50:58,599 [9d7d954f-b073-45cf-8f2c-ae2cc2b7e120:group-6B1CDA2100C7:LeaderElection11] INFO  server.RaftServerConfigKeys (ConfUtils.java:logGet(43)) - raft.server.watch.timeout = 10s (default)
2019-09-12 11:50:58,599 [233f3d22-ae09-46be-8182-f5e58d004644:group-8960DAA2B6C8:LeaderElection10] INFO  server.RaftServerConfigKeys (ConfUtils.java:logGet(43)) - raft.server.watch.timeout = 10s (default)
2019-09-12 11:50:58,599 [9d7d954f-b073-45cf-8f2c-ae2cc2b7e120:group-6B1CDA2100C7:LeaderElection11] INFO  server.RaftServerConfigKeys (ConfUtils.java:logGet(43)) - raft.server.watch.timeout.denomination = 1s (default)
2019-09-12 11:50:58,599 [233f3d22-ae09-46be-8182-f5e58d004644:group-8960DAA2B6C8:LeaderElection10] INFO  server.RaftServerConfigKeys (ConfUtils.java:logGet(43)) - raft.server.watch.timeout.denomination = 1s (default)
2019-09-12 11:50:58,599 [9d7d954f-b073-45cf-8f2c-ae2cc2b7e120:group-6B1CDA2100C7:LeaderElection11] INFO  server.RaftServerConfigKeys (ConfUtils.java:logGet(43)) - raft.server.watch.element-limit = 65536 (default)
2019-09-12 11:50:58,599 [233f3d22-ae09-46be-8182-f5e58d004644:group-8960DAA2B6C8:LeaderElection10] INFO  server.RaftServerConfigKeys (ConfUtils.java:logGet(43)) - raft.server.watch.element-limit = 65536 (default)
2019-09-12 11:50:58,599 [9d7d954f-b073-45cf-8f2c-ae2cc2b7e120:group-6B1CDA2100C7:LeaderElection11] INFO  impl.RoleInfo (RoleInfo.java:updateAndGet(143)) - 9d7d954f-b073-45cf-8f2c-ae2cc2b7e120: start LeaderState
2019-09-12 11:50:58,599 [233f3d22-ae09-46be-8182-f5e58d004644:group-8960DAA2B6C8:LeaderElection10] INFO  impl.RoleInfo (RoleInfo.java:updateAndGet(143)) - 233f3d22-ae09-46be-8182-f5e58d004644: start LeaderState
2019-09-12 11:50:58,600 [9d7d954f-b073-45cf-8f2c-ae2cc2b7e120:group-6B1CDA2100C7:LeaderElection11] INFO  segmented.SegmentedRaftLogWorker (SegmentedRaftLogWorker.java:startLogSegment(380)) - 9d7d954f-b073-45cf-8f2c-ae2cc2b7e120-SegmentedRaftLogWorker:Storage Directory /workdir/hadoop-ozone/tools/target/test-dir/MiniOzoneClusterImpl-d6dca02c-26cd-4265-82f2-daeedfc193e9/datanode-0/data/ratis/8e3b7d23-e4e9-461f-b70a-6b1cda2100c7: Starting segment from index:0
2019-09-12 11:50:58,600 [233f3d22-ae09-46be-8182-f5e58d004644:group-8960DAA2B6C8:LeaderElection10] INFO  segmented.SegmentedRaftLogWorker (SegmentedRaftLogWorker.java:startLogSegment(380)) - 233f3d22-ae09-46be-8182-f5e58d004644-SegmentedRaftLogWorker:Storage Directory /workdir/hadoop-ozone/tools/target/test-dir/MiniOzoneClusterImpl-d6dca02c-26cd-4265-82f2-daeedfc193e9/datanode-1/data/ratis/b8a29be4-8498-45d8-b93c-8960daa2b6c8: Starting segment from index:0
2019-09-12 11:50:58,600 [9d7d954f-b073-45cf-8f2c-ae2cc2b7e120:group-6B1CDA2100C7:LeaderElection11] INFO  impl.RaftServerImpl (ServerState.java:setRaftConf(361)) - 9d7d954f-b073-45cf-8f2c-ae2cc2b7e120:group-6B1CDA2100C7 set configuration 0: [9d7d954f-b073-45cf-8f2c-ae2cc2b7e120:192.168.36.114:42013], old=null at 0
2019-09-12 11:50:58,633 [233f3d22-ae09-46be-8182-f5e58d004644:group-8960DAA2B6C8:LeaderElection10] INFO  impl.RaftServerImpl (ServerState.java:setRaftConf(361)) - 233f3d22-ae09-46be-8182-f5e58d004644:group-8960DAA2B6C8 set configuration 0: [233f3d22-ae09-46be-8182-f5e58d004644:192.168.36.114:35523], old=null at 0
2019-09-12 11:50:58,646 [233f3d22-ae09-46be-8182-f5e58d004644-SegmentedRaftLogWorker:Storage Directory /workdir/hadoop-ozone/tools/target/test-dir/MiniOzoneClusterImpl-d6dca02c-26cd-4265-82f2-daeedfc193e9/datanode-1/data/ratis/b8a29be4-8498-45d8-b93c-8960daa2b6c8] INFO  segmented.SegmentedRaftLogWorker (SegmentedRaftLogWorker.java:execute(569)) - 233f3d22-ae09-46be-8182-f5e58d004644-SegmentedRaftLogWorker:Storage Directory /workdir/hadoop-ozone/tools/target/test-dir/MiniOzoneClusterImpl-d6dca02c-26cd-4265-82f2-daeedfc193e9/datanode-1/data/ratis/b8a29be4-8498-45d8-b93c-8960daa2b6c8: created new log segment /workdir/hadoop-ozone/tools/target/test-dir/MiniOzoneClusterImpl-d6dca02c-26cd-4265-82f2-daeedfc193e9/datanode-1/data/ratis/b8a29be4-8498-45d8-b93c-8960daa2b6c8/current/log_inprogress_0
2019-09-12 11:50:58,646 [9d7d954f-b073-45cf-8f2c-ae2cc2b7e120-SegmentedRaftLogWorker:Storage Directory /workdir/hadoop-ozone/tools/target/test-dir/MiniOzoneClusterImpl-d6dca02c-26cd-4265-82f2-daeedfc193e9/datanode-0/data/ratis/8e3b7d23-e4e9-461f-b70a-6b1cda2100c7] INFO  segmented.SegmentedRaftLogWorker (SegmentedRaftLogWorker.java:execute(569)) - 9d7d954f-b073-45cf-8f2c-ae2cc2b7e120-SegmentedRaftLogWorker:Storage Directory /workdir/hadoop-ozone/tools/target/test-dir/MiniOzoneClusterImpl-d6dca02c-26cd-4265-82f2-daeedfc193e9/datanode-0/data/ratis/8e3b7d23-e4e9-461f-b70a-6b1cda2100c7: created new log segment /workdir/hadoop-ozone/tools/target/test-dir/MiniOzoneClusterImpl-d6dca02c-26cd-4265-82f2-daeedfc193e9/datanode-0/data/ratis/8e3b7d23-e4e9-461f-b70a-6b1cda2100c7/current/log_inprogress_0
2019-09-12 11:50:58,786 [Thread-243] INFO  impl.FollowerState (FollowerState.java:run(106)) - 233f3d22-ae09-46be-8182-f5e58d004644:group-AE7C82CFE8ED changes to CANDIDATE, lastRpcTime:5163, electionTimeout:5163ms
2019-09-12 11:50:58,787 [Thread-243] INFO  impl.RoleInfo (RoleInfo.java:shutdownFollowerState(121)) - 233f3d22-ae09-46be-8182-f5e58d004644: shutdown FollowerState
2019-09-12 11:50:58,787 [Thread-243] INFO  impl.RaftServerImpl (RaftServerImpl.java:setRole(171)) - 233f3d22-ae09-46be-8182-f5e58d004644:group-AE7C82CFE8ED changes role from FOLLOWER to CANDIDATE at term 0 for changeToCandidate
2019-09-12 11:50:58,787 [Thread-243] INFO  impl.RoleInfo (RoleInfo.java:updateAndGet(143)) - 233f3d22-ae09-46be-8182-f5e58d004644: start LeaderElection
2019-09-12 11:50:58,799 | INFO  | SCMAudit | user=jenkins1000 | ip=192.168.36.114 | op=SEND_HEARTBEAT {datanodeUUID=233f3d22-ae09-46be-8182-f5e58d004644, command=[]} | ret=SUCCESS |  
2019-09-12 11:50:58,803 [233f3d22-ae09-46be-8182-f5e58d004644:group-AE7C82CFE8ED:LeaderElection12] INFO  impl.LeaderElection (LeaderElection.java:askForVotes(181)) - 233f3d22-ae09-46be-8182-f5e58d004644:group-AE7C82CFE8ED:LeaderElection12: begin an election at term 1 for -1: [233f3d22-ae09-46be-8182-f5e58d004644:192.168.36.114:35523], old=null
2019-09-12 11:50:58,804 [233f3d22-ae09-46be-8182-f5e58d004644:group-AE7C82CFE8ED:LeaderElection12] INFO  impl.RoleInfo (RoleInfo.java:shutdownLeaderElection(134)) - 233f3d22-ae09-46be-8182-f5e58d004644: shutdown LeaderElection
2019-09-12 11:50:58,804 [233f3d22-ae09-46be-8182-f5e58d004644:group-AE7C82CFE8ED:LeaderElection12] INFO  impl.RaftServerImpl (RaftServerImpl.java:setRole(171)) - 233f3d22-ae09-46be-8182-f5e58d004644:group-AE7C82CFE8ED changes role from CANDIDATE to LEADER at term 1 for changeToLeader
2019-09-12 11:50:58,804 [233f3d22-ae09-46be-8182-f5e58d004644:group-AE7C82CFE8ED:LeaderElection12] INFO  impl.RaftServerImpl (ServerState.java:setLeader(263)) - 233f3d22-ae09-46be-8182-f5e58d004644:group-AE7C82CFE8ED change Leader from null to 233f3d22-ae09-46be-8182-f5e58d004644 at term 1 for becomeLeader, leader elected after 5185ms
2019-09-12 11:50:58,804 [233f3d22-ae09-46be-8182-f5e58d004644:group-AE7C82CFE8ED:LeaderElection12] INFO  server.RaftServerConfigKeys (ConfUtils.java:logGet(43)) - raft.server.staging.catchup.gap = 1000 (default)
2019-09-12 11:50:58,804 [233f3d22-ae09-46be-8182-f5e58d004644:group-AE7C82CFE8ED:LeaderElection12] INFO  server.RaftServerConfigKeys (ConfUtils.java:logGet(43)) - raft.server.rpc.sleep.time = 25ms (default)
2019-09-12 11:50:58,804 [233f3d22-ae09-46be-8182-f5e58d004644:group-AE7C82CFE8ED:LeaderElection12] INFO  server.RaftServerConfigKeys (ConfUtils.java:logGet(43)) - raft.server.write.element-limit = 4096 (default)
2019-09-12 11:50:58,804 [233f3d22-ae09-46be-8182-f5e58d004644:group-AE7C82CFE8ED:LeaderElection12] INFO  server.RaftServerConfigKeys (ConfUtils.java:logGet(43)) - raft.server.watch.timeout = 10s (default)
2019-09-12 11:50:58,804 [233f3d22-ae09-46be-8182-f5e58d004644:group-AE7C82CFE8ED:LeaderElection12] INFO  server.RaftServerConfigKeys (ConfUtils.java:logGet(43)) - raft.server.watch.timeout.denomination = 1s (default)
2019-09-12 11:50:58,804 [233f3d22-ae09-46be-8182-f5e58d004644:group-AE7C82CFE8ED:LeaderElection12] INFO  server.RaftServerConfigKeys (ConfUtils.java:logGet(43)) - raft.server.watch.element-limit = 65536 (default)
2019-09-12 11:50:58,805 [233f3d22-ae09-46be-8182-f5e58d004644:group-AE7C82CFE8ED:LeaderElection12] INFO  impl.RoleInfo (RoleInfo.java:updateAndGet(143)) - 233f3d22-ae09-46be-8182-f5e58d004644: start LeaderState
2019-09-12 11:50:58,805 [233f3d22-ae09-46be-8182-f5e58d004644:group-AE7C82CFE8ED:LeaderElection12] INFO  segmented.SegmentedRaftLogWorker (SegmentedRaftLogWorker.java:startLogSegment(380)) - 233f3d22-ae09-46be-8182-f5e58d004644-SegmentedRaftLogWorker:Storage Directory /workdir/hadoop-ozone/tools/target/test-dir/MiniOzoneClusterImpl-d6dca02c-26cd-4265-82f2-daeedfc193e9/datanode-1/data/ratis/99ea5ffe-6bdd-4f11-b051-ae7c82cfe8ed: Starting segment from index:0
2019-09-12 11:50:58,805 [233f3d22-ae09-46be-8182-f5e58d004644:group-AE7C82CFE8ED:LeaderElection12] INFO  impl.RaftServerImpl (ServerState.java:setRaftConf(361)) - 233f3d22-ae09-46be-8182-f5e58d004644:group-AE7C82CFE8ED set configuration 0: [233f3d22-ae09-46be-8182-f5e58d004644:192.168.36.114:35523], old=null at 0
2019-09-12 11:50:58,837 [Thread-246] INFO  impl.FollowerState (FollowerState.java:run(106)) - 9d7d954f-b073-45cf-8f2c-ae2cc2b7e120:group-56C59A7E7309 changes to CANDIDATE, lastRpcTime:5140, electionTimeout:5140ms
2019-09-12 11:50:58,837 [Thread-246] INFO  impl.RoleInfo (RoleInfo.java:shutdownFollowerState(121)) - 9d7d954f-b073-45cf-8f2c-ae2cc2b7e120: shutdown FollowerState
2019-09-12 11:50:58,837 [Thread-246] INFO  impl.RaftServerImpl (RaftServerImpl.java:setRole(171)) - 9d7d954f-b073-45cf-8f2c-ae2cc2b7e120:group-56C59A7E7309 changes role from FOLLOWER to CANDIDATE at term 0 for changeToCandidate
2019-09-12 11:50:58,838 [Thread-246] INFO  impl.RoleInfo (RoleInfo.java:updateAndGet(143)) - 9d7d954f-b073-45cf-8f2c-ae2cc2b7e120: start LeaderElection
2019-09-12 11:50:58,849 [233f3d22-ae09-46be-8182-f5e58d004644-SegmentedRaftLogWorker:Storage Directory /workdir/hadoop-ozone/tools/target/test-dir/MiniOzoneClusterImpl-d6dca02c-26cd-4265-82f2-daeedfc193e9/datanode-1/data/ratis/99ea5ffe-6bdd-4f11-b051-ae7c82cfe8ed] INFO  segmented.SegmentedRaftLogWorker (SegmentedRaftLogWorker.java:execute(569)) - 233f3d22-ae09-46be-8182-f5e58d004644-SegmentedRaftLogWorker:Storage Directory /workdir/hadoop-ozone/tools/target/test-dir/MiniOzoneClusterImpl-d6dca02c-26cd-4265-82f2-daeedfc193e9/datanode-1/data/ratis/99ea5ffe-6bdd-4f11-b051-ae7c82cfe8ed: created new log segment /workdir/hadoop-ozone/tools/target/test-dir/MiniOzoneClusterImpl-d6dca02c-26cd-4265-82f2-daeedfc193e9/datanode-1/data/ratis/99ea5ffe-6bdd-4f11-b051-ae7c82cfe8ed/current/log_inprogress_0
2019-09-12 11:50:58,850 [9d7d954f-b073-45cf-8f2c-ae2cc2b7e120:group-56C59A7E7309:LeaderElection13] INFO  impl.LeaderElection (LeaderElection.java:askForVotes(181)) - 9d7d954f-b073-45cf-8f2c-ae2cc2b7e120:group-56C59A7E7309:LeaderElection13: begin an election at term 1 for -1: [9d7d954f-b073-45cf-8f2c-ae2cc2b7e120:192.168.36.114:42013], old=null
2019-09-12 11:50:58,850 [9d7d954f-b073-45cf-8f2c-ae2cc2b7e120:group-56C59A7E7309:LeaderElection13] INFO  impl.RoleInfo (RoleInfo.java:shutdownLeaderElection(134)) - 9d7d954f-b073-45cf-8f2c-ae2cc2b7e120: shutdown LeaderElection
2019-09-12 11:50:58,850 [9d7d954f-b073-45cf-8f2c-ae2cc2b7e120:group-56C59A7E7309:LeaderElection13] INFO  impl.RaftServerImpl (RaftServerImpl.java:setRole(171)) - 9d7d954f-b073-45cf-8f2c-ae2cc2b7e120:group-56C59A7E7309 changes role from CANDIDATE to LEADER at term 1 for changeToLeader
2019-09-12 11:50:58,850 [9d7d954f-b073-45cf-8f2c-ae2cc2b7e120:group-56C59A7E7309:LeaderElection13] INFO  impl.RaftServerImpl (ServerState.java:setLeader(263)) - 9d7d954f-b073-45cf-8f2c-ae2cc2b7e120:group-56C59A7E7309 change Leader from null to 9d7d954f-b073-45cf-8f2c-ae2cc2b7e120 at term 1 for becomeLeader, leader elected after 5158ms
2019-09-12 11:50:58,850 [9d7d954f-b073-45cf-8f2c-ae2cc2b7e120:group-56C59A7E7309:LeaderElection13] INFO  server.RaftServerConfigKeys (ConfUtils.java:logGet(43)) - raft.server.staging.catchup.gap = 1000 (default)
2019-09-12 11:50:58,851 [9d7d954f-b073-45cf-8f2c-ae2cc2b7e120:group-56C59A7E7309:LeaderElection13] INFO  server.RaftServerConfigKeys (ConfUtils.java:logGet(43)) - raft.server.rpc.sleep.time = 25ms (default)
2019-09-12 11:50:58,851 [9d7d954f-b073-45cf-8f2c-ae2cc2b7e120:group-56C59A7E7309:LeaderElection13] INFO  server.RaftServerConfigKeys (ConfUtils.java:logGet(43)) - raft.server.write.element-limit = 4096 (default)
2019-09-12 11:50:58,851 [9d7d954f-b073-45cf-8f2c-ae2cc2b7e120:group-56C59A7E7309:LeaderElection13] INFO  server.RaftServerConfigKeys (ConfUtils.java:logGet(43)) - raft.server.watch.timeout = 10s (default)
2019-09-12 11:50:58,851 [9d7d954f-b073-45cf-8f2c-ae2cc2b7e120:group-56C59A7E7309:LeaderElection13] INFO  server.RaftServerConfigKeys (ConfUtils.java:logGet(43)) - raft.server.watch.timeout.denomination = 1s (default)
2019-09-12 11:50:58,851 [9d7d954f-b073-45cf-8f2c-ae2cc2b7e120:group-56C59A7E7309:LeaderElection13] INFO  server.RaftServerConfigKeys (ConfUtils.java:logGet(43)) - raft.server.watch.element-limit = 65536 (default)
2019-09-12 11:50:58,852 [9d7d954f-b073-45cf-8f2c-ae2cc2b7e120:group-56C59A7E7309:LeaderElection13] INFO  impl.RoleInfo (RoleInfo.java:updateAndGet(143)) - 9d7d954f-b073-45cf-8f2c-ae2cc2b7e120: start LeaderState
2019-09-12 11:50:58,852 [9d7d954f-b073-45cf-8f2c-ae2cc2b7e120:group-56C59A7E7309:LeaderElection13] INFO  segmented.SegmentedRaftLogWorker (SegmentedRaftLogWorker.java:startLogSegment(380)) - 9d7d954f-b073-45cf-8f2c-ae2cc2b7e120-SegmentedRaftLogWorker:Storage Directory /workdir/hadoop-ozone/tools/target/test-dir/MiniOzoneClusterImpl-d6dca02c-26cd-4265-82f2-daeedfc193e9/datanode-0/data/ratis/7572a4a1-62ec-4052-ac69-56c59a7e7309: Starting segment from index:0
2019-09-12 11:50:58,853 [9d7d954f-b073-45cf-8f2c-ae2cc2b7e120:group-56C59A7E7309:LeaderElection13] INFO  impl.RaftServerImpl (ServerState.java:setRaftConf(361)) - 9d7d954f-b073-45cf-8f2c-ae2cc2b7e120:group-56C59A7E7309 set configuration 0: [9d7d954f-b073-45cf-8f2c-ae2cc2b7e120:192.168.36.114:42013], old=null at 0
2019-09-12 11:50:58,891 [9d7d954f-b073-45cf-8f2c-ae2cc2b7e120-SegmentedRaftLogWorker:Storage Directory /workdir/hadoop-ozone/tools/target/test-dir/MiniOzoneClusterImpl-d6dca02c-26cd-4265-82f2-daeedfc193e9/datanode-0/data/ratis/7572a4a1-62ec-4052-ac69-56c59a7e7309] INFO  segmented.SegmentedRaftLogWorker (SegmentedRaftLogWorker.java:execute(569)) - 9d7d954f-b073-45cf-8f2c-ae2cc2b7e120-SegmentedRaftLogWorker:Storage Directory /workdir/hadoop-ozone/tools/target/test-dir/MiniOzoneClusterImpl-d6dca02c-26cd-4265-82f2-daeedfc193e9/datanode-0/data/ratis/7572a4a1-62ec-4052-ac69-56c59a7e7309: created new log segment /workdir/hadoop-ozone/tools/target/test-dir/MiniOzoneClusterImpl-d6dca02c-26cd-4265-82f2-daeedfc193e9/datanode-0/data/ratis/7572a4a1-62ec-4052-ac69-56c59a7e7309/current/log_inprogress_0
2019-09-12 11:50:58,915 [Thread-256] INFO  impl.FollowerState (FollowerState.java:run(106)) - 233f3d22-ae09-46be-8182-f5e58d004644:group-E405C6E9A1E7 changes to CANDIDATE, lastRpcTime:5038, electionTimeout:5038ms
2019-09-12 11:50:58,915 [Thread-256] INFO  impl.RoleInfo (RoleInfo.java:shutdownFollowerState(121)) - 233f3d22-ae09-46be-8182-f5e58d004644: shutdown FollowerState
2019-09-12 11:50:58,915 [Thread-256] INFO  impl.RaftServerImpl (RaftServerImpl.java:setRole(171)) - 233f3d22-ae09-46be-8182-f5e58d004644:group-E405C6E9A1E7 changes role from FOLLOWER to CANDIDATE at term 0 for changeToCandidate
2019-09-12 11:50:58,916 [Thread-256] INFO  impl.RoleInfo (RoleInfo.java:updateAndGet(143)) - 233f3d22-ae09-46be-8182-f5e58d004644: start LeaderElection
2019-09-12 11:50:58,920 [Thread-249] INFO  impl.FollowerState (FollowerState.java:run(106)) - 8c993e87-89d2-4e6e-901e-5640f3030957:group-E9711DBCEAEB changes to CANDIDATE, lastRpcTime:5164, electionTimeout:5162ms
2019-09-12 11:50:58,920 [Thread-249] INFO  impl.RoleInfo (RoleInfo.java:shutdownFollowerState(121)) - 8c993e87-89d2-4e6e-901e-5640f3030957: shutdown FollowerState
2019-09-12 11:50:58,920 [Thread-249] INFO  impl.RaftServerImpl (RaftServerImpl.java:setRole(171)) - 8c993e87-89d2-4e6e-901e-5640f3030957:group-E9711DBCEAEB changes role from FOLLOWER to CANDIDATE at term 0 for changeToCandidate
2019-09-12 11:50:58,920 [Thread-249] INFO  impl.RoleInfo (RoleInfo.java:updateAndGet(143)) - 8c993e87-89d2-4e6e-901e-5640f3030957: start LeaderElection
2019-09-12 11:50:58,934 [8c993e87-89d2-4e6e-901e-5640f3030957:group-E9711DBCEAEB:LeaderElection15] INFO  impl.LeaderElection (LeaderElection.java:askForVotes(181)) - 8c993e87-89d2-4e6e-901e-5640f3030957:group-E9711DBCEAEB:LeaderElection15: begin an election at term 1 for -1: [8c993e87-89d2-4e6e-901e-5640f3030957:192.168.36.114:45855], old=null
2019-09-12 11:50:58,934 [233f3d22-ae09-46be-8182-f5e58d004644:group-E405C6E9A1E7:LeaderElection14] INFO  impl.LeaderElection (LeaderElection.java:askForVotes(181)) - 233f3d22-ae09-46be-8182-f5e58d004644:group-E405C6E9A1E7:LeaderElection14: begin an election at term 1 for -1: [233f3d22-ae09-46be-8182-f5e58d004644:192.168.36.114:35523], old=null
2019-09-12 11:50:58,934 [8c993e87-89d2-4e6e-901e-5640f3030957:group-E9711DBCEAEB:LeaderElection15] INFO  impl.RoleInfo (RoleInfo.java:shutdownLeaderElection(134)) - 8c993e87-89d2-4e6e-901e-5640f3030957: shutdown LeaderElection
2019-09-12 11:50:58,934 [233f3d22-ae09-46be-8182-f5e58d004644:group-E405C6E9A1E7:LeaderElection14] INFO  impl.RoleInfo (RoleInfo.java:shutdownLeaderElection(134)) - 233f3d22-ae09-46be-8182-f5e58d004644: shutdown LeaderElection
2019-09-12 11:50:58,934 [8c993e87-89d2-4e6e-901e-5640f3030957:group-E9711DBCEAEB:LeaderElection15] INFO  impl.RaftServerImpl (RaftServerImpl.java:setRole(171)) - 8c993e87-89d2-4e6e-901e-5640f3030957:group-E9711DBCEAEB changes role from CANDIDATE to LEADER at term 1 for changeToLeader
2019-09-12 11:50:58,934 [233f3d22-ae09-46be-8182-f5e58d004644:group-E405C6E9A1E7:LeaderElection14] INFO  impl.RaftServerImpl (RaftServerImpl.java:setRole(171)) - 233f3d22-ae09-46be-8182-f5e58d004644:group-E405C6E9A1E7 changes role from CANDIDATE to LEADER at term 1 for changeToLeader
2019-09-12 11:50:58,934 [8c993e87-89d2-4e6e-901e-5640f3030957:group-E9711DBCEAEB:LeaderElection15] INFO  impl.RaftServerImpl (ServerState.java:setLeader(263)) - 8c993e87-89d2-4e6e-901e-5640f3030957:group-E9711DBCEAEB change Leader from null to 8c993e87-89d2-4e6e-901e-5640f3030957 at term 1 for becomeLeader, leader elected after 5184ms
2019-09-12 11:50:58,934 [233f3d22-ae09-46be-8182-f5e58d004644:group-E405C6E9A1E7:LeaderElection14] INFO  impl.RaftServerImpl (ServerState.java:setLeader(263)) - 233f3d22-ae09-46be-8182-f5e58d004644:group-E405C6E9A1E7 change Leader from null to 233f3d22-ae09-46be-8182-f5e58d004644 at term 1 for becomeLeader, leader elected after 5063ms
2019-09-12 11:50:58,935 [8c993e87-89d2-4e6e-901e-5640f3030957:group-E9711DBCEAEB:LeaderElection15] INFO  server.RaftServerConfigKeys (ConfUtils.java:logGet(43)) - raft.server.staging.catchup.gap = 1000 (default)
2019-09-12 11:50:58,935 [233f3d22-ae09-46be-8182-f5e58d004644:group-E405C6E9A1E7:LeaderElection14] INFO  server.RaftServerConfigKeys (ConfUtils.java:logGet(43)) - raft.server.staging.catchup.gap = 1000 (default)
2019-09-12 11:50:58,935 [8c993e87-89d2-4e6e-901e-5640f3030957:group-E9711DBCEAEB:LeaderElection15] INFO  server.RaftServerConfigKeys (ConfUtils.java:logGet(43)) - raft.server.rpc.sleep.time = 25ms (default)
2019-09-12 11:50:58,935 [233f3d22-ae09-46be-8182-f5e58d004644:group-E405C6E9A1E7:LeaderElection14] INFO  server.RaftServerConfigKeys (ConfUtils.java:logGet(43)) - raft.server.rpc.sleep.time = 25ms (default)
2019-09-12 11:50:58,935 [8c993e87-89d2-4e6e-901e-5640f3030957:group-E9711DBCEAEB:LeaderElection15] INFO  server.RaftServerConfigKeys (ConfUtils.java:logGet(43)) - raft.server.write.element-limit = 4096 (default)
2019-09-12 11:50:58,935 [233f3d22-ae09-46be-8182-f5e58d004644:group-E405C6E9A1E7:LeaderElection14] INFO  server.RaftServerConfigKeys (ConfUtils.java:logGet(43)) - raft.server.write.element-limit = 4096 (default)
2019-09-12 11:50:58,935 [8c993e87-89d2-4e6e-901e-5640f3030957:group-E9711DBCEAEB:LeaderElection15] INFO  server.RaftServerConfigKeys (ConfUtils.java:logGet(43)) - raft.server.watch.timeout = 10s (default)
2019-09-12 11:50:58,935 [233f3d22-ae09-46be-8182-f5e58d004644:group-E405C6E9A1E7:LeaderElection14] INFO  server.RaftServerConfigKeys (ConfUtils.java:logGet(43)) - raft.server.watch.timeout = 10s (default)
2019-09-12 11:50:58,936 [8c993e87-89d2-4e6e-901e-5640f3030957:group-E9711DBCEAEB:LeaderElection15] INFO  server.RaftServerConfigKeys (ConfUtils.java:logGet(43)) - raft.server.watch.timeout.denomination = 1s (default)
2019-09-12 11:50:58,936 [233f3d22-ae09-46be-8182-f5e58d004644:group-E405C6E9A1E7:LeaderElection14] INFO  server.RaftServerConfigKeys (ConfUtils.java:logGet(43)) - raft.server.watch.timeout.denomination = 1s (default)
2019-09-12 11:50:58,936 [8c993e87-89d2-4e6e-901e-5640f3030957:group-E9711DBCEAEB:LeaderElection15] INFO  server.RaftServerConfigKeys (ConfUtils.java:logGet(43)) - raft.server.watch.element-limit = 65536 (default)
2019-09-12 11:50:58,936 [233f3d22-ae09-46be-8182-f5e58d004644:group-E405C6E9A1E7:LeaderElection14] INFO  server.RaftServerConfigKeys (ConfUtils.java:logGet(43)) - raft.server.watch.element-limit = 65536 (default)
2019-09-12 11:50:58,936 [8c993e87-89d2-4e6e-901e-5640f3030957:group-E9711DBCEAEB:LeaderElection15] INFO  impl.RoleInfo (RoleInfo.java:updateAndGet(143)) - 8c993e87-89d2-4e6e-901e-5640f3030957: start LeaderState
2019-09-12 11:50:58,936 [233f3d22-ae09-46be-8182-f5e58d004644:group-E405C6E9A1E7:LeaderElection14] INFO  impl.RoleInfo (RoleInfo.java:updateAndGet(143)) - 233f3d22-ae09-46be-8182-f5e58d004644: start LeaderState
2019-09-12 11:50:58,936 [8c993e87-89d2-4e6e-901e-5640f3030957:group-E9711DBCEAEB:LeaderElection15] INFO  segmented.SegmentedRaftLogWorker (SegmentedRaftLogWorker.java:startLogSegment(380)) - 8c993e87-89d2-4e6e-901e-5640f3030957-SegmentedRaftLogWorker:Storage Directory /workdir/hadoop-ozone/tools/target/test-dir/MiniOzoneClusterImpl-d6dca02c-26cd-4265-82f2-daeedfc193e9/datanode-2/data/ratis/c3c48f18-58bc-4425-a058-e9711dbceaeb: Starting segment from index:0
 100.00% |█████████████████████████████████████████████████████████████████████████████████████████████████████|  1/1 Time: 0:00:05
2019-09-12 11:50:58,936 [233f3d22-ae09-46be-8182-f5e58d004644:group-E405C6E9A1E7:LeaderElection14] INFO  segmented.SegmentedRaftLogWorker (SegmentedRaftLogWorker.java:startLogSegment(380)) - 233f3d22-ae09-46be-8182-f5e58d004644-SegmentedRaftLogWorker:Storage Directory /workdir/hadoop-ozone/tools/target/test-dir/MiniOzoneClusterImpl-d6dca02c-26cd-4265-82f2-daeedfc193e9/datanode-1/data/ratis/5a1ada3e-7a05-421c-9ff3-e405c6e9a1e7: Starting segment from index:0
2019-09-12 11:50:58,937 [8c993e87-89d2-4e6e-901e-5640f3030957:group-E9711DBCEAEB:LeaderElection15] INFO  impl.RaftServerImpl (ServerState.java:setRaftConf(361)) - 8c993e87-89d2-4e6e-901e-5640f3030957:group-E9711DBCEAEB set configuration 0: [8c993e87-89d2-4e6e-901e-5640f3030957:192.168.36.114:45855], old=null at 0
2019-09-12 11:50:58,964 [Thread-253] INFO  impl.FollowerState (FollowerState.java:run(106)) - 9d7d954f-b073-45cf-8f2c-ae2cc2b7e120:group-8F98C220B005 changes to CANDIDATE, lastRpcTime:5138, electionTimeout:5129ms
2019-09-12 11:50:58,964 [233f3d22-ae09-46be-8182-f5e58d004644:group-E405C6E9A1E7:LeaderElection14] INFO  impl.RaftServerImpl (ServerState.java:setRaftConf(361)) - 233f3d22-ae09-46be-8182-f5e58d004644:group-E405C6E9A1E7 set configuration 0: [233f3d22-ae09-46be-8182-f5e58d004644:192.168.36.114:35523], old=null at 0
2019-09-12 11:50:58,964 [Thread-253] INFO  impl.RoleInfo (RoleInfo.java:shutdownFollowerState(121)) - 9d7d954f-b073-45cf-8f2c-ae2cc2b7e120: shutdown FollowerState
2019-09-12 11:50:58,965 [Thread-253] INFO  impl.RaftServerImpl (RaftServerImpl.java:setRole(171)) - 9d7d954f-b073-45cf-8f2c-ae2cc2b7e120:group-8F98C220B005 changes role from FOLLOWER to CANDIDATE at term 0 for changeToCandidate
2019-09-12 11:50:58,965 [Thread-253] INFO  impl.RoleInfo (RoleInfo.java:updateAndGet(143)) - 9d7d954f-b073-45cf-8f2c-ae2cc2b7e120: start LeaderElection
2019-09-12 11:50:58,978 [233f3d22-ae09-46be-8182-f5e58d004644-SegmentedRaftLogWorker:Storage Directory /workdir/hadoop-ozone/tools/target/test-dir/MiniOzoneClusterImpl-d6dca02c-26cd-4265-82f2-daeedfc193e9/datanode-1/data/ratis/5a1ada3e-7a05-421c-9ff3-e405c6e9a1e7] INFO  segmented.SegmentedRaftLogWorker (SegmentedRaftLogWorker.java:execute(569)) - 233f3d22-ae09-46be-8182-f5e58d004644-SegmentedRaftLogWorker:Storage Directory /workdir/hadoop-ozone/tools/target/test-dir/MiniOzoneClusterImpl-d6dca02c-26cd-4265-82f2-daeedfc193e9/datanode-1/data/ratis/5a1ada3e-7a05-421c-9ff3-e405c6e9a1e7: created new log segment /workdir/hadoop-ozone/tools/target/test-dir/MiniOzoneClusterImpl-d6dca02c-26cd-4265-82f2-daeedfc193e9/datanode-1/data/ratis/5a1ada3e-7a05-421c-9ff3-e405c6e9a1e7/current/log_inprogress_0
2019-09-12 11:50:58,978 [9d7d954f-b073-45cf-8f2c-ae2cc2b7e120:group-8F98C220B005:LeaderElection16] INFO  impl.LeaderElection (LeaderElection.java:askForVotes(181)) - 9d7d954f-b073-45cf-8f2c-ae2cc2b7e120:group-8F98C220B005:LeaderElection16: begin an election at term 1 for -1: [9d7d954f-b073-45cf-8f2c-ae2cc2b7e120:192.168.36.114:42013], old=null
2019-09-12 11:50:58,978 [8c993e87-89d2-4e6e-901e-5640f3030957-SegmentedRaftLogWorker:Storage Directory /workdir/hadoop-ozone/tools/target/test-dir/MiniOzoneClusterImpl-d6dca02c-26cd-4265-82f2-daeedfc193e9/datanode-2/data/ratis/c3c48f18-58bc-4425-a058-e9711dbceaeb] INFO  segmented.SegmentedRaftLogWorker (SegmentedRaftLogWorker.java:execute(569)) - 8c993e87-89d2-4e6e-901e-5640f3030957-SegmentedRaftLogWorker:Storage Directory /workdir/hadoop-ozone/tools/target/test-dir/MiniOzoneClusterImpl-d6dca02c-26cd-4265-82f2-daeedfc193e9/datanode-2/data/ratis/c3c48f18-58bc-4425-a058-e9711dbceaeb: created new log segment /workdir/hadoop-ozone/tools/target/test-dir/MiniOzoneClusterImpl-d6dca02c-26cd-4265-82f2-daeedfc193e9/datanode-2/data/ratis/c3c48f18-58bc-4425-a058-e9711dbceaeb/current/log_inprogress_0
2019-09-12 11:50:58,978 [9d7d954f-b073-45cf-8f2c-ae2cc2b7e120:group-8F98C220B005:LeaderElection16] INFO  impl.RoleInfo (RoleInfo.java:shutdownLeaderElection(134)) - 9d7d954f-b073-45cf-8f2c-ae2cc2b7e120: shutdown LeaderElection
2019-09-12 11:50:58,978 [9d7d954f-b073-45cf-8f2c-ae2cc2b7e120:group-8F98C220B005:LeaderElection16] INFO  impl.RaftServerImpl (RaftServerImpl.java:setRole(171)) - 9d7d954f-b073-45cf-8f2c-ae2cc2b7e120:group-8F98C220B005 changes role from CANDIDATE to LEADER at term 1 for changeToLeader
2019-09-12 11:50:58,978 [9d7d954f-b073-45cf-8f2c-ae2cc2b7e120:group-8F98C220B005:LeaderElection16] INFO  impl.RaftServerImpl (ServerState.java:setLeader(263)) - 9d7d954f-b073-45cf-8f2c-ae2cc2b7e120:group-8F98C220B005 change Leader from null to 9d7d954f-b073-45cf-8f2c-ae2cc2b7e120 at term 1 for becomeLeader, leader elected after 5158ms
2019-09-12 11:50:58,978 [9d7d954f-b073-45cf-8f2c-ae2cc2b7e120:group-8F98C220B005:LeaderElection16] INFO  server.RaftServerConfigKeys (ConfUtils.java:logGet(43)) - raft.server.staging.catchup.gap = 1000 (default)
2019-09-12 11:50:58,979 [9d7d954f-b073-45cf-8f2c-ae2cc2b7e120:group-8F98C220B005:LeaderElection16] INFO  server.RaftServerConfigKeys (ConfUtils.java:logGet(43)) - raft.server.rpc.sleep.time = 25ms (default)
2019-09-12 11:50:58,979 [9d7d954f-b073-45cf-8f2c-ae2cc2b7e120:group-8F98C220B005:LeaderElection16] INFO  server.RaftServerConfigKeys (ConfUtils.java:logGet(43)) - raft.server.write.element-limit = 4096 (default)
2019-09-12 11:50:58,979 [9d7d954f-b073-45cf-8f2c-ae2cc2b7e120:group-8F98C220B005:LeaderElection16] INFO  server.RaftServerConfigKeys (ConfUtils.java:logGet(43)) - raft.server.watch.timeout = 10s (default)
2019-09-12 11:50:58,979 [9d7d954f-b073-45cf-8f2c-ae2cc2b7e120:group-8F98C220B005:LeaderElection16] INFO  server.RaftServerConfigKeys (ConfUtils.java:logGet(43)) - raft.server.watch.timeout.denomination = 1s (default)
2019-09-12 11:50:58,979 [9d7d954f-b073-45cf-8f2c-ae2cc2b7e120:group-8F98C220B005:LeaderElection16] INFO  server.RaftServerConfigKeys (ConfUtils.java:logGet(43)) - raft.server.watch.element-limit = 65536 (default)
2019-09-12 11:50:58,979 [9d7d954f-b073-45cf-8f2c-ae2cc2b7e120:group-8F98C220B005:LeaderElection16] INFO  impl.RoleInfo (RoleInfo.java:updateAndGet(143)) - 9d7d954f-b073-45cf-8f2c-ae2cc2b7e120: start LeaderState
2019-09-12 11:50:58,980 [9d7d954f-b073-45cf-8f2c-ae2cc2b7e120:group-8F98C220B005:LeaderElection16] INFO  segmented.SegmentedRaftLogWorker (SegmentedRaftLogWorker.java:startLogSegment(380)) - 9d7d954f-b073-45cf-8f2c-ae2cc2b7e120-SegmentedRaftLogWorker:Storage Directory /workdir/hadoop-ozone/tools/target/test-dir/MiniOzoneClusterImpl-d6dca02c-26cd-4265-82f2-daeedfc193e9/datanode-0/data/ratis/940448de-57e0-4bd2-9b55-8f98c220b005: Starting segment from index:0
2019-09-12 11:50:58,980 [9d7d954f-b073-45cf-8f2c-ae2cc2b7e120:group-8F98C220B005:LeaderElection16] INFO  impl.RaftServerImpl (ServerState.java:setRaftConf(361)) - 9d7d954f-b073-45cf-8f2c-ae2cc2b7e120:group-8F98C220B005 set configuration 0: [9d7d954f-b073-45cf-8f2c-ae2cc2b7e120:192.168.36.114:42013], old=null at 0
2019-09-12 11:50:59,027 [9d7d954f-b073-45cf-8f2c-ae2cc2b7e120-SegmentedRaftLogWorker:Storage Directory /workdir/hadoop-ozone/tools/target/test-dir/MiniOzoneClusterImpl-d6dca02c-26cd-4265-82f2-daeedfc193e9/datanode-0/data/ratis/940448de-57e0-4bd2-9b55-8f98c220b005] INFO  segmented.SegmentedRaftLogWorker (SegmentedRaftLogWorker.java:execute(569)) - 9d7d954f-b073-45cf-8f2c-ae2cc2b7e120-SegmentedRaftLogWorker:Storage Directory /workdir/hadoop-ozone/tools/target/test-dir/MiniOzoneClusterImpl-d6dca02c-26cd-4265-82f2-daeedfc193e9/datanode-0/data/ratis/940448de-57e0-4bd2-9b55-8f98c220b005: created new log segment /workdir/hadoop-ozone/tools/target/test-dir/MiniOzoneClusterImpl-d6dca02c-26cd-4265-82f2-daeedfc193e9/datanode-0/data/ratis/940448de-57e0-4bd2-9b55-8f98c220b005/current/log_inprogress_0
2019-09-12 11:50:59,034 | INFO  | SCMAudit | user=jenkins1000 | ip=192.168.36.114 | op=SEND_HEARTBEAT {datanodeUUID=8c993e87-89d2-4e6e-901e-5640f3030957, command=[]} | ret=SUCCESS |  
2019-09-12 11:50:59,085 [Thread-263] INFO  impl.FollowerState (FollowerState.java:run(106)) - 9d7d954f-b073-45cf-8f2c-ae2cc2b7e120:group-04D47BD86202 changes to CANDIDATE, lastRpcTime:5147, electionTimeout:5147ms
2019-09-12 11:50:59,085 [Thread-263] INFO  impl.RoleInfo (RoleInfo.java:shutdownFollowerState(121)) - 9d7d954f-b073-45cf-8f2c-ae2cc2b7e120: shutdown FollowerState
2019-09-12 11:50:59,085 [Thread-263] INFO  impl.RaftServerImpl (RaftServerImpl.java:setRole(171)) - 9d7d954f-b073-45cf-8f2c-ae2cc2b7e120:group-04D47BD86202 changes role from FOLLOWER to CANDIDATE at term 0 for changeToCandidate
2019-09-12 11:50:59,085 [Thread-263] INFO  impl.RoleInfo (RoleInfo.java:updateAndGet(143)) - 9d7d954f-b073-45cf-8f2c-ae2cc2b7e120: start LeaderElection
2019-09-12 11:50:59,097 [Thread-266] INFO  impl.FollowerState (FollowerState.java:run(106)) - 9aaf2f78-d78f-4ebc-b7a2-56dce2b57085:group-57138319F818 changes to CANDIDATE, lastRpcTime:5098, electionTimeout:5098ms
2019-09-12 11:50:59,097 [Thread-266] INFO  impl.RoleInfo (RoleInfo.java:shutdownFollowerState(121)) - 9aaf2f78-d78f-4ebc-b7a2-56dce2b57085: shutdown FollowerState
2019-09-12 11:50:59,097 [Thread-266] INFO  impl.RaftServerImpl (RaftServerImpl.java:setRole(171)) - 9aaf2f78-d78f-4ebc-b7a2-56dce2b57085:group-57138319F818 changes role from FOLLOWER to CANDIDATE at term 0 for changeToCandidate
2019-09-12 11:50:59,098 [Thread-266] INFO  impl.RoleInfo (RoleInfo.java:updateAndGet(143)) - 9aaf2f78-d78f-4ebc-b7a2-56dce2b57085: start LeaderElection
2019-09-12 11:50:59,116 [9d7d954f-b073-45cf-8f2c-ae2cc2b7e120:group-04D47BD86202:LeaderElection17] INFO  impl.LeaderElection (LeaderElection.java:askForVotes(181)) - 9d7d954f-b073-45cf-8f2c-ae2cc2b7e120:group-04D47BD86202:LeaderElection17: begin an election at term 1 for -1: [9d7d954f-b073-45cf-8f2c-ae2cc2b7e120:192.168.36.114:42013], old=null
2019-09-12 11:50:59,116 [9d7d954f-b073-45cf-8f2c-ae2cc2b7e120:group-04D47BD86202:LeaderElection17] INFO  impl.RoleInfo (RoleInfo.java:shutdownLeaderElection(134)) - 9d7d954f-b073-45cf-8f2c-ae2cc2b7e120: shutdown LeaderElection
2019-09-12 11:50:59,116 [9d7d954f-b073-45cf-8f2c-ae2cc2b7e120:group-04D47BD86202:LeaderElection17] INFO  impl.RaftServerImpl (RaftServerImpl.java:setRole(171)) - 9d7d954f-b073-45cf-8f2c-ae2cc2b7e120:group-04D47BD86202 changes role from CANDIDATE to LEADER at term 1 for changeToLeader
2019-09-12 11:50:59,116 [9aaf2f78-d78f-4ebc-b7a2-56dce2b57085:group-57138319F818:LeaderElection18] INFO  impl.LeaderElection (LeaderElection.java:askForVotes(181)) - 9aaf2f78-d78f-4ebc-b7a2-56dce2b57085:group-57138319F818:LeaderElection18: begin an election at term 1 for -1: [9aaf2f78-d78f-4ebc-b7a2-56dce2b57085:192.168.36.114:38046], old=null
2019-09-12 11:50:59,116 [9d7d954f-b073-45cf-8f2c-ae2cc2b7e120:group-04D47BD86202:LeaderElection17] INFO  impl.RaftServerImpl (ServerState.java:setLeader(263)) - 9d7d954f-b073-45cf-8f2c-ae2cc2b7e120:group-04D47BD86202 change Leader from null to 9d7d954f-b073-45cf-8f2c-ae2cc2b7e120 at term 1 for becomeLeader, leader elected after 5182ms
2019-09-12 11:50:59,116 [9aaf2f78-d78f-4ebc-b7a2-56dce2b57085:group-57138319F818:LeaderElection18] INFO  impl.RoleInfo (RoleInfo.java:shutdownLeaderElection(134)) - 9aaf2f78-d78f-4ebc-b7a2-56dce2b57085: shutdown LeaderElection
2019-09-12 11:50:59,117 [9aaf2f78-d78f-4ebc-b7a2-56dce2b57085:group-57138319F818:LeaderElection18] INFO  impl.RaftServerImpl (RaftServerImpl.java:setRole(171)) - 9aaf2f78-d78f-4ebc-b7a2-56dce2b57085:group-57138319F818 changes role from CANDIDATE to LEADER at term 1 for changeToLeader
2019-09-12 11:50:59,117 [9d7d954f-b073-45cf-8f2c-ae2cc2b7e120:group-04D47BD86202:LeaderElection17] INFO  server.RaftServerConfigKeys (ConfUtils.java:logGet(43)) - raft.server.staging.catchup.gap = 1000 (default)
2019-09-12 11:50:59,117 [9aaf2f78-d78f-4ebc-b7a2-56dce2b57085:group-57138319F818:LeaderElection18] INFO  impl.RaftServerImpl (ServerState.java:setLeader(263)) - 9aaf2f78-d78f-4ebc-b7a2-56dce2b57085:group-57138319F818 change Leader from null to 9aaf2f78-d78f-4ebc-b7a2-56dce2b57085 at term 1 for becomeLeader, leader elected after 5123ms
2019-09-12 11:50:59,117 [9d7d954f-b073-45cf-8f2c-ae2cc2b7e120:group-04D47BD86202:LeaderElection17] INFO  server.RaftServerConfigKeys (ConfUtils.java:logGet(43)) - raft.server.rpc.sleep.time = 25ms (default)
2019-09-12 11:50:59,117 [9aaf2f78-d78f-4ebc-b7a2-56dce2b57085:group-57138319F818:LeaderElection18] INFO  server.RaftServerConfigKeys (ConfUtils.java:logGet(43)) - raft.server.staging.catchup.gap = 1000 (default)
2019-09-12 11:50:59,117 [9aaf2f78-d78f-4ebc-b7a2-56dce2b57085:group-57138319F818:LeaderElection18] INFO  server.RaftServerConfigKeys (ConfUtils.java:logGet(43)) - raft.server.rpc.sleep.time = 25ms (default)
2019-09-12 11:50:59,117 [9d7d954f-b073-45cf-8f2c-ae2cc2b7e120:group-04D47BD86202:LeaderElection17] INFO  server.RaftServerConfigKeys (ConfUtils.java:logGet(43)) - raft.server.write.element-limit = 4096 (default)
2019-09-12 11:50:59,117 [9aaf2f78-d78f-4ebc-b7a2-56dce2b57085:group-57138319F818:LeaderElection18] INFO  server.RaftServerConfigKeys (ConfUtils.java:logGet(43)) - raft.server.write.element-limit = 4096 (default)
2019-09-12 11:50:59,117 [9d7d954f-b073-45cf-8f2c-ae2cc2b7e120:group-04D47BD86202:LeaderElection17] INFO  server.RaftServerConfigKeys (ConfUtils.java:logGet(43)) - raft.server.watch.timeout = 10s (default)
2019-09-12 11:50:59,117 [9aaf2f78-d78f-4ebc-b7a2-56dce2b57085:group-57138319F818:LeaderElection18] INFO  server.RaftServerConfigKeys (ConfUtils.java:logGet(43)) - raft.server.watch.timeout = 10s (default)
2019-09-12 11:50:59,118 [9d7d954f-b073-45cf-8f2c-ae2cc2b7e120:group-04D47BD86202:LeaderElection17] INFO  server.RaftServerConfigKeys (ConfUtils.java:logGet(43)) - raft.server.watch.timeout.denomination = 1s (default)
2019-09-12 11:50:59,118 [9aaf2f78-d78f-4ebc-b7a2-56dce2b57085:group-57138319F818:LeaderElection18] INFO  server.RaftServerConfigKeys (ConfUtils.java:logGet(43)) - raft.server.watch.timeout.denomination = 1s (default)
2019-09-12 11:50:59,118 [9d7d954f-b073-45cf-8f2c-ae2cc2b7e120:group-04D47BD86202:LeaderElection17] INFO  server.RaftServerConfigKeys (ConfUtils.java:logGet(43)) - raft.server.watch.element-limit = 65536 (default)
2019-09-12 11:50:59,118 [9aaf2f78-d78f-4ebc-b7a2-56dce2b57085:group-57138319F818:LeaderElection18] INFO  server.RaftServerConfigKeys (ConfUtils.java:logGet(43)) - raft.server.watch.element-limit = 65536 (default)
2019-09-12 11:50:59,118 [9aaf2f78-d78f-4ebc-b7a2-56dce2b57085:group-57138319F818:LeaderElection18] INFO  impl.RoleInfo (RoleInfo.java:updateAndGet(143)) - 9aaf2f78-d78f-4ebc-b7a2-56dce2b57085: start LeaderState
2019-09-12 11:50:59,118 [9d7d954f-b073-45cf-8f2c-ae2cc2b7e120:group-04D47BD86202:LeaderElection17] INFO  impl.RoleInfo (RoleInfo.java:updateAndGet(143)) - 9d7d954f-b073-45cf-8f2c-ae2cc2b7e120: start LeaderState
2019-09-12 11:50:59,118 [9aaf2f78-d78f-4ebc-b7a2-56dce2b57085:group-57138319F818:LeaderElection18] INFO  segmented.SegmentedRaftLogWorker (SegmentedRaftLogWorker.java:startLogSegment(380)) - 9aaf2f78-d78f-4ebc-b7a2-56dce2b57085-SegmentedRaftLogWorker:Storage Directory /workdir/hadoop-ozone/tools/target/test-dir/MiniOzoneClusterImpl-d6dca02c-26cd-4265-82f2-daeedfc193e9/datanode-3/data/ratis/e1792b3c-7978-4ef5-8a49-57138319f818: Starting segment from index:0
2019-09-12 11:50:59,118 [9d7d954f-b073-45cf-8f2c-ae2cc2b7e120:group-04D47BD86202:LeaderElection17] INFO  segmented.SegmentedRaftLogWorker (SegmentedRaftLogWorker.java:startLogSegment(380)) - 9d7d954f-b073-45cf-8f2c-ae2cc2b7e120-SegmentedRaftLogWorker:Storage Directory /workdir/hadoop-ozone/tools/target/test-dir/MiniOzoneClusterImpl-d6dca02c-26cd-4265-82f2-daeedfc193e9/datanode-0/data/ratis/69e6e504-ecee-484c-bc4c-04d47bd86202: Starting segment from index:0
2019-09-12 11:50:59,119 [9aaf2f78-d78f-4ebc-b7a2-56dce2b57085:group-57138319F818:LeaderElection18] INFO  impl.RaftServerImpl (ServerState.java:setRaftConf(361)) - 9aaf2f78-d78f-4ebc-b7a2-56dce2b57085:group-57138319F818 set configuration 0: [9aaf2f78-d78f-4ebc-b7a2-56dce2b57085:192.168.36.114:38046], old=null at 0
2019-09-12 11:50:59,150 [9d7d954f-b073-45cf-8f2c-ae2cc2b7e120:group-04D47BD86202:LeaderElection17] INFO  impl.RaftServerImpl (ServerState.java:setRaftConf(361)) - 9d7d954f-b073-45cf-8f2c-ae2cc2b7e120:group-04D47BD86202 set configuration 0: [9d7d954f-b073-45cf-8f2c-ae2cc2b7e120:192.168.36.114:42013], old=null at 0
2019-09-12 11:50:59,186 [9aaf2f78-d78f-4ebc-b7a2-56dce2b57085-SegmentedRaftLogWorker:Storage Directory /workdir/hadoop-ozone/tools/target/test-dir/MiniOzoneClusterImpl-d6dca02c-26cd-4265-82f2-daeedfc193e9/datanode-3/data/ratis/e1792b3c-7978-4ef5-8a49-57138319f818] INFO  segmented.SegmentedRaftLogWorker (SegmentedRaftLogWorker.java:execute(569)) - 9aaf2f78-d78f-4ebc-b7a2-56dce2b57085-SegmentedRaftLogWorker:Storage Directory /workdir/hadoop-ozone/tools/target/test-dir/MiniOzoneClusterImpl-d6dca02c-26cd-4265-82f2-daeedfc193e9/datanode-3/data/ratis/e1792b3c-7978-4ef5-8a49-57138319f818: created new log segment /workdir/hadoop-ozone/tools/target/test-dir/MiniOzoneClusterImpl-d6dca02c-26cd-4265-82f2-daeedfc193e9/datanode-3/data/ratis/e1792b3c-7978-4ef5-8a49-57138319f818/current/log_inprogress_0
2019-09-12 11:50:59,186 [Thread-269] INFO  impl.FollowerState (FollowerState.java:run(106)) - 8c993e87-89d2-4e6e-901e-5640f3030957:group-D35C99BA1337 changes to CANDIDATE, lastRpcTime:5131, electionTimeout:5103ms
2019-09-12 11:50:59,186 [Thread-269] INFO  impl.RoleInfo (RoleInfo.java:shutdownFollowerState(121)) - 8c993e87-89d2-4e6e-901e-5640f3030957: shutdown FollowerState
2019-09-12 11:50:59,186 [Thread-269] INFO  impl.RaftServerImpl (RaftServerImpl.java:setRole(171)) - 8c993e87-89d2-4e6e-901e-5640f3030957:group-D35C99BA1337 changes role from FOLLOWER to CANDIDATE at term 0 for changeToCandidate
2019-09-12 11:50:59,186 [Thread-269] INFO  impl.RoleInfo (RoleInfo.java:updateAndGet(143)) - 8c993e87-89d2-4e6e-901e-5640f3030957: start LeaderElection
2019-09-12 11:50:59,199 [9d7d954f-b073-45cf-8f2c-ae2cc2b7e120-SegmentedRaftLogWorker:Storage Directory /workdir/hadoop-ozone/tools/target/test-dir/MiniOzoneClusterImpl-d6dca02c-26cd-4265-82f2-daeedfc193e9/datanode-0/data/ratis/69e6e504-ecee-484c-bc4c-04d47bd86202] INFO  segmented.SegmentedRaftLogWorker (SegmentedRaftLogWorker.java:execute(569)) - 9d7d954f-b073-45cf-8f2c-ae2cc2b7e120-SegmentedRaftLogWorker:Storage Directory /workdir/hadoop-ozone/tools/target/test-dir/MiniOzoneClusterImpl-d6dca02c-26cd-4265-82f2-daeedfc193e9/datanode-0/data/ratis/69e6e504-ecee-484c-bc4c-04d47bd86202: created new log segment /workdir/hadoop-ozone/tools/target/test-dir/MiniOzoneClusterImpl-d6dca02c-26cd-4265-82f2-daeedfc193e9/datanode-0/data/ratis/69e6e504-ecee-484c-bc4c-04d47bd86202/current/log_inprogress_0
2019-09-12 11:50:59,199 [8c993e87-89d2-4e6e-901e-5640f3030957:group-D35C99BA1337:LeaderElection19] INFO  impl.LeaderElection (LeaderElection.java:askForVotes(181)) - 8c993e87-89d2-4e6e-901e-5640f3030957:group-D35C99BA1337:LeaderElection19: begin an election at term 1 for -1: [8c993e87-89d2-4e6e-901e-5640f3030957:192.168.36.114:45855], old=null
2019-09-12 11:50:59,199 [8c993e87-89d2-4e6e-901e-5640f3030957:group-D35C99BA1337:LeaderElection19] INFO  impl.RoleInfo (RoleInfo.java:shutdownLeaderElection(134)) - 8c993e87-89d2-4e6e-901e-5640f3030957: shutdown LeaderElection
2019-09-12 11:50:59,199 [8c993e87-89d2-4e6e-901e-5640f3030957:group-D35C99BA1337:LeaderElection19] INFO  impl.RaftServerImpl (RaftServerImpl.java:setRole(171)) - 8c993e87-89d2-4e6e-901e-5640f3030957:group-D35C99BA1337 changes role from CANDIDATE to LEADER at term 1 for changeToLeader
2019-09-12 11:50:59,199 [8c993e87-89d2-4e6e-901e-5640f3030957:group-D35C99BA1337:LeaderElection19] INFO  impl.RaftServerImpl (ServerState.java:setLeader(263)) - 8c993e87-89d2-4e6e-901e-5640f3030957:group-D35C99BA1337 change Leader from null to 8c993e87-89d2-4e6e-901e-5640f3030957 at term 1 for becomeLeader, leader elected after 5149ms
2019-09-12 11:50:59,200 [8c993e87-89d2-4e6e-901e-5640f3030957:group-D35C99BA1337:LeaderElection19] INFO  server.RaftServerConfigKeys (ConfUtils.java:logGet(43)) - raft.server.staging.catchup.gap = 1000 (default)
2019-09-12 11:50:59,200 [8c993e87-89d2-4e6e-901e-5640f3030957:group-D35C99BA1337:LeaderElection19] INFO  server.RaftServerConfigKeys (ConfUtils.java:logGet(43)) - raft.server.rpc.sleep.time = 25ms (default)
2019-09-12 11:50:59,200 [8c993e87-89d2-4e6e-901e-5640f3030957:group-D35C99BA1337:LeaderElection19] INFO  server.RaftServerConfigKeys (ConfUtils.java:logGet(43)) - raft.server.write.element-limit = 4096 (default)
2019-09-12 11:50:59,200 [8c993e87-89d2-4e6e-901e-5640f3030957:group-D35C99BA1337:LeaderElection19] INFO  server.RaftServerConfigKeys (ConfUtils.java:logGet(43)) - raft.server.watch.timeout = 10s (default)
2019-09-12 11:50:59,200 [8c993e87-89d2-4e6e-901e-5640f3030957:group-D35C99BA1337:LeaderElection19] INFO  server.RaftServerConfigKeys (ConfUtils.java:logGet(43)) - raft.server.watch.timeout.denomination = 1s (default)
2019-09-12 11:50:59,200 [8c993e87-89d2-4e6e-901e-5640f3030957:group-D35C99BA1337:LeaderElection19] INFO  server.RaftServerConfigKeys (ConfUtils.java:logGet(43)) - raft.server.watch.element-limit = 65536 (default)
2019-09-12 11:50:59,200 [8c993e87-89d2-4e6e-901e-5640f3030957:group-D35C99BA1337:LeaderElection19] INFO  impl.RoleInfo (RoleInfo.java:updateAndGet(143)) - 8c993e87-89d2-4e6e-901e-5640f3030957: start LeaderState
2019-09-12 11:50:59,201 [8c993e87-89d2-4e6e-901e-5640f3030957:group-D35C99BA1337:LeaderElection19] INFO  segmented.SegmentedRaftLogWorker (SegmentedRaftLogWorker.java:startLogSegment(380)) - 8c993e87-89d2-4e6e-901e-5640f3030957-SegmentedRaftLogWorker:Storage Directory /workdir/hadoop-ozone/tools/target/test-dir/MiniOzoneClusterImpl-d6dca02c-26cd-4265-82f2-daeedfc193e9/datanode-2/data/ratis/905db6b8-768e-40c3-8998-d35c99ba1337: Starting segment from index:0
2019-09-12 11:50:59,201 [8c993e87-89d2-4e6e-901e-5640f3030957:group-D35C99BA1337:LeaderElection19] INFO  impl.RaftServerImpl (ServerState.java:setRaftConf(361)) - 8c993e87-89d2-4e6e-901e-5640f3030957:group-D35C99BA1337 set configuration 0: [8c993e87-89d2-4e6e-901e-5640f3030957:192.168.36.114:45855], old=null at 0
2019-09-12 11:50:59,234 [Thread-276] INFO  impl.FollowerState (FollowerState.java:run(106)) - 8c993e87-89d2-4e6e-901e-5640f3030957:group-6BA798269C90 changes to CANDIDATE, lastRpcTime:5028, electionTimeout:5028ms
2019-09-12 11:50:59,234 [Thread-276] INFO  impl.RoleInfo (RoleInfo.java:shutdownFollowerState(121)) - 8c993e87-89d2-4e6e-901e-5640f3030957: shutdown FollowerState
2019-09-12 11:50:59,234 [Thread-276] INFO  impl.RaftServerImpl (RaftServerImpl.java:setRole(171)) - 8c993e87-89d2-4e6e-901e-5640f3030957:group-6BA798269C90 changes role from FOLLOWER to CANDIDATE at term 0 for changeToCandidate
2019-09-12 11:50:59,235 [Thread-276] INFO  impl.RoleInfo (RoleInfo.java:updateAndGet(143)) - 8c993e87-89d2-4e6e-901e-5640f3030957: start LeaderElection
2019-09-12 11:50:59,246 [8c993e87-89d2-4e6e-901e-5640f3030957-SegmentedRaftLogWorker:Storage Directory /workdir/hadoop-ozone/tools/target/test-dir/MiniOzoneClusterImpl-d6dca02c-26cd-4265-82f2-daeedfc193e9/datanode-2/data/ratis/905db6b8-768e-40c3-8998-d35c99ba1337] INFO  segmented.SegmentedRaftLogWorker (SegmentedRaftLogWorker.java:execute(569)) - 8c993e87-89d2-4e6e-901e-5640f3030957-SegmentedRaftLogWorker:Storage Directory /workdir/hadoop-ozone/tools/target/test-dir/MiniOzoneClusterImpl-d6dca02c-26cd-4265-82f2-daeedfc193e9/datanode-2/data/ratis/905db6b8-768e-40c3-8998-d35c99ba1337: created new log segment /workdir/hadoop-ozone/tools/target/test-dir/MiniOzoneClusterImpl-d6dca02c-26cd-4265-82f2-daeedfc193e9/datanode-2/data/ratis/905db6b8-768e-40c3-8998-d35c99ba1337/current/log_inprogress_0
2019-09-12 11:50:59,259 [8c993e87-89d2-4e6e-901e-5640f3030957:group-6BA798269C90:LeaderElection20] INFO  impl.LeaderElection (LeaderElection.java:askForVotes(181)) - 8c993e87-89d2-4e6e-901e-5640f3030957:group-6BA798269C90:LeaderElection20: begin an election at term 1 for -1: [8c993e87-89d2-4e6e-901e-5640f3030957:192.168.36.114:45855], old=null
2019-09-12 11:50:59,260 [8c993e87-89d2-4e6e-901e-5640f3030957:group-6BA798269C90:LeaderElection20] INFO  impl.RoleInfo (RoleInfo.java:shutdownLeaderElection(134)) - 8c993e87-89d2-4e6e-901e-5640f3030957: shutdown LeaderElection
2019-09-12 11:50:59,260 [8c993e87-89d2-4e6e-901e-5640f3030957:group-6BA798269C90:LeaderElection20] INFO  impl.RaftServerImpl (RaftServerImpl.java:setRole(171)) - 8c993e87-89d2-4e6e-901e-5640f3030957:group-6BA798269C90 changes role from CANDIDATE to LEADER at term 1 for changeToLeader
2019-09-12 11:50:59,260 [8c993e87-89d2-4e6e-901e-5640f3030957:group-6BA798269C90:LeaderElection20] INFO  impl.RaftServerImpl (ServerState.java:setLeader(263)) - 8c993e87-89d2-4e6e-901e-5640f3030957:group-6BA798269C90 change Leader from null to 8c993e87-89d2-4e6e-901e-5640f3030957 at term 1 for becomeLeader, leader elected after 5058ms
2019-09-12 11:50:59,260 [8c993e87-89d2-4e6e-901e-5640f3030957:group-6BA798269C90:LeaderElection20] INFO  server.RaftServerConfigKeys (ConfUtils.java:logGet(43)) - raft.server.staging.catchup.gap = 1000 (default)
2019-09-12 11:50:59,260 [8c993e87-89d2-4e6e-901e-5640f3030957:group-6BA798269C90:LeaderElection20] INFO  server.RaftServerConfigKeys (ConfUtils.java:logGet(43)) - raft.server.rpc.sleep.time = 25ms (default)
2019-09-12 11:50:59,260 [8c993e87-89d2-4e6e-901e-5640f3030957:group-6BA798269C90:LeaderElection20] INFO  server.RaftServerConfigKeys (ConfUtils.java:logGet(43)) - raft.server.write.element-limit = 4096 (default)
2019-09-12 11:50:59,260 [8c993e87-89d2-4e6e-901e-5640f3030957:group-6BA798269C90:LeaderElection20] INFO  server.RaftServerConfigKeys (ConfUtils.java:logGet(43)) - raft.server.watch.timeout = 10s (default)
2019-09-12 11:50:59,260 [8c993e87-89d2-4e6e-901e-5640f3030957:group-6BA798269C90:LeaderElection20] INFO  server.RaftServerConfigKeys (ConfUtils.java:logGet(43)) - raft.server.watch.timeout.denomination = 1s (default)
2019-09-12 11:50:59,260 [8c993e87-89d2-4e6e-901e-5640f3030957:group-6BA798269C90:LeaderElection20] INFO  server.RaftServerConfigKeys (ConfUtils.java:logGet(43)) - raft.server.watch.element-limit = 65536 (default)
2019-09-12 11:50:59,261 [8c993e87-89d2-4e6e-901e-5640f3030957:group-6BA798269C90:LeaderElection20] INFO  impl.RoleInfo (RoleInfo.java:updateAndGet(143)) - 8c993e87-89d2-4e6e-901e-5640f3030957: start LeaderState
2019-09-12 11:50:59,262 [8c993e87-89d2-4e6e-901e-5640f3030957:group-6BA798269C90:LeaderElection20] INFO  segmented.SegmentedRaftLogWorker (SegmentedRaftLogWorker.java:startLogSegment(380)) - 8c993e87-89d2-4e6e-901e-5640f3030957-SegmentedRaftLogWorker:Storage Directory /workdir/hadoop-ozone/tools/target/test-dir/MiniOzoneClusterImpl-d6dca02c-26cd-4265-82f2-daeedfc193e9/datanode-2/data/ratis/3310717b-27f6-4070-823b-6ba798269c90: Starting segment from index:0
2019-09-12 11:50:59,262 [8c993e87-89d2-4e6e-901e-5640f3030957:group-6BA798269C90:LeaderElection20] INFO  impl.RaftServerImpl (ServerState.java:setRaftConf(361)) - 8c993e87-89d2-4e6e-901e-5640f3030957:group-6BA798269C90 set configuration 0: [8c993e87-89d2-4e6e-901e-5640f3030957:192.168.36.114:45855], old=null at 0
2019-09-12 11:50:59,305 [Thread-273] INFO  impl.FollowerState (FollowerState.java:run(106)) - 233f3d22-ae09-46be-8182-f5e58d004644:group-CFCD13324EF7 changes to CANDIDATE, lastRpcTime:5174, electionTimeout:5174ms
2019-09-12 11:50:59,305 [Thread-273] INFO  impl.RoleInfo (RoleInfo.java:shutdownFollowerState(121)) - 233f3d22-ae09-46be-8182-f5e58d004644: shutdown FollowerState
2019-09-12 11:50:59,305 [Thread-273] INFO  impl.RaftServerImpl (RaftServerImpl.java:setRole(171)) - 233f3d22-ae09-46be-8182-f5e58d004644:group-CFCD13324EF7 changes role from FOLLOWER to CANDIDATE at term 0 for changeToCandidate
2019-09-12 11:50:59,305 [Thread-273] INFO  impl.RoleInfo (RoleInfo.java:updateAndGet(143)) - 233f3d22-ae09-46be-8182-f5e58d004644: start LeaderElection
2019-09-12 11:50:59,309 [8c993e87-89d2-4e6e-901e-5640f3030957-SegmentedRaftLogWorker:Storage Directory /workdir/hadoop-ozone/tools/target/test-dir/MiniOzoneClusterImpl-d6dca02c-26cd-4265-82f2-daeedfc193e9/datanode-2/data/ratis/3310717b-27f6-4070-823b-6ba798269c90] INFO  segmented.SegmentedRaftLogWorker (SegmentedRaftLogWorker.java:execute(569)) - 8c993e87-89d2-4e6e-901e-5640f3030957-SegmentedRaftLogWorker:Storage Directory /workdir/hadoop-ozone/tools/target/test-dir/MiniOzoneClusterImpl-d6dca02c-26cd-4265-82f2-daeedfc193e9/datanode-2/data/ratis/3310717b-27f6-4070-823b-6ba798269c90: created new log segment /workdir/hadoop-ozone/tools/target/test-dir/MiniOzoneClusterImpl-d6dca02c-26cd-4265-82f2-daeedfc193e9/datanode-2/data/ratis/3310717b-27f6-4070-823b-6ba798269c90/current/log_inprogress_0
2019-09-12 11:50:59,309 [233f3d22-ae09-46be-8182-f5e58d004644:group-CFCD13324EF7:LeaderElection21] INFO  impl.LeaderElection (LeaderElection.java:askForVotes(181)) - 233f3d22-ae09-46be-8182-f5e58d004644:group-CFCD13324EF7:LeaderElection21: begin an election at term 1 for -1: [233f3d22-ae09-46be-8182-f5e58d004644:192.168.36.114:35523], old=null
2019-09-12 11:50:59,309 [233f3d22-ae09-46be-8182-f5e58d004644:group-CFCD13324EF7:LeaderElection21] INFO  impl.RoleInfo (RoleInfo.java:shutdownLeaderElection(134)) - 233f3d22-ae09-46be-8182-f5e58d004644: shutdown LeaderElection
2019-09-12 11:50:59,309 [233f3d22-ae09-46be-8182-f5e58d004644:group-CFCD13324EF7:LeaderElection21] INFO  impl.RaftServerImpl (RaftServerImpl.java:setRole(171)) - 233f3d22-ae09-46be-8182-f5e58d004644:group-CFCD13324EF7 changes role from CANDIDATE to LEADER at term 1 for changeToLeader
2019-09-12 11:50:59,309 [233f3d22-ae09-46be-8182-f5e58d004644:group-CFCD13324EF7:LeaderElection21] INFO  impl.RaftServerImpl (ServerState.java:setLeader(263)) - 233f3d22-ae09-46be-8182-f5e58d004644:group-CFCD13324EF7 change Leader from null to 233f3d22-ae09-46be-8182-f5e58d004644 at term 1 for becomeLeader, leader elected after 5184ms
2019-09-12 11:50:59,309 [233f3d22-ae09-46be-8182-f5e58d004644:group-CFCD13324EF7:LeaderElection21] INFO  server.RaftServerConfigKeys (ConfUtils.java:logGet(43)) - raft.server.staging.catchup.gap = 1000 (default)
2019-09-12 11:50:59,310 [233f3d22-ae09-46be-8182-f5e58d004644:group-CFCD13324EF7:LeaderElection21] INFO  server.RaftServerConfigKeys (ConfUtils.java:logGet(43)) - raft.server.rpc.sleep.time = 25ms (default)
2019-09-12 11:50:59,310 [233f3d22-ae09-46be-8182-f5e58d004644:group-CFCD13324EF7:LeaderElection21] INFO  server.RaftServerConfigKeys (ConfUtils.java:logGet(43)) - raft.server.write.element-limit = 4096 (default)
2019-09-12 11:50:59,310 [233f3d22-ae09-46be-8182-f5e58d004644:group-CFCD13324EF7:LeaderElection21] INFO  server.RaftServerConfigKeys (ConfUtils.java:logGet(43)) - raft.server.watch.timeout = 10s (default)
2019-09-12 11:50:59,310 [233f3d22-ae09-46be-8182-f5e58d004644:group-CFCD13324EF7:LeaderElection21] INFO  server.RaftServerConfigKeys (ConfUtils.java:logGet(43)) - raft.server.watch.timeout.denomination = 1s (default)
2019-09-12 11:50:59,310 [233f3d22-ae09-46be-8182-f5e58d004644:group-CFCD13324EF7:LeaderElection21] INFO  server.RaftServerConfigKeys (ConfUtils.java:logGet(43)) - raft.server.watch.element-limit = 65536 (default)
2019-09-12 11:50:59,310 [233f3d22-ae09-46be-8182-f5e58d004644:group-CFCD13324EF7:LeaderElection21] INFO  impl.RoleInfo (RoleInfo.java:updateAndGet(143)) - 233f3d22-ae09-46be-8182-f5e58d004644: start LeaderState
2019-09-12 11:50:59,310 [233f3d22-ae09-46be-8182-f5e58d004644:group-CFCD13324EF7:LeaderElection21] INFO  segmented.SegmentedRaftLogWorker (SegmentedRaftLogWorker.java:startLogSegment(380)) - 233f3d22-ae09-46be-8182-f5e58d004644-SegmentedRaftLogWorker:Storage Directory /workdir/hadoop-ozone/tools/target/test-dir/MiniOzoneClusterImpl-d6dca02c-26cd-4265-82f2-daeedfc193e9/datanode-1/data/ratis/23367df6-3df1-42a7-ad58-cfcd13324ef7: Starting segment from index:0
2019-09-12 11:50:59,311 [233f3d22-ae09-46be-8182-f5e58d004644:group-CFCD13324EF7:LeaderElection21] INFO  impl.RaftServerImpl (ServerState.java:setRaftConf(361)) - 233f3d22-ae09-46be-8182-f5e58d004644:group-CFCD13324EF7 set configuration 0: [233f3d22-ae09-46be-8182-f5e58d004644:192.168.36.114:35523], old=null at 0
2019-09-12 11:50:59,336 [Thread-279] INFO  impl.FollowerState (FollowerState.java:run(106)) - 8c993e87-89d2-4e6e-901e-5640f3030957:group-631E603C543E changes to CANDIDATE, lastRpcTime:5080, electionTimeout:5063ms
2019-09-12 11:50:59,336 [Thread-279] INFO  impl.RoleInfo (RoleInfo.java:shutdownFollowerState(121)) - 8c993e87-89d2-4e6e-901e-5640f3030957: shutdown FollowerState
2019-09-12 11:50:59,336 [Thread-279] INFO  impl.RaftServerImpl (RaftServerImpl.java:setRole(171)) - 8c993e87-89d2-4e6e-901e-5640f3030957:group-631E603C543E changes role from FOLLOWER to CANDIDATE at term 0 for changeToCandidate
2019-09-12 11:50:59,336 [Thread-279] INFO  impl.RoleInfo (RoleInfo.java:updateAndGet(143)) - 8c993e87-89d2-4e6e-901e-5640f3030957: start LeaderElection
2019-09-12 11:50:59,349 [233f3d22-ae09-46be-8182-f5e58d004644-SegmentedRaftLogWorker:Storage Directory /workdir/hadoop-ozone/tools/target/test-dir/MiniOzoneClusterImpl-d6dca02c-26cd-4265-82f2-daeedfc193e9/datanode-1/data/ratis/23367df6-3df1-42a7-ad58-cfcd13324ef7] INFO  segmented.SegmentedRaftLogWorker (SegmentedRaftLogWorker.java:execute(569)) - 233f3d22-ae09-46be-8182-f5e58d004644-SegmentedRaftLogWorker:Storage Directory /workdir/hadoop-ozone/tools/target/test-dir/MiniOzoneClusterImpl-d6dca02c-26cd-4265-82f2-daeedfc193e9/datanode-1/data/ratis/23367df6-3df1-42a7-ad58-cfcd13324ef7: created new log segment /workdir/hadoop-ozone/tools/target/test-dir/MiniOzoneClusterImpl-d6dca02c-26cd-4265-82f2-daeedfc193e9/datanode-1/data/ratis/23367df6-3df1-42a7-ad58-cfcd13324ef7/current/log_inprogress_0
2019-09-12 11:50:59,349 [8c993e87-89d2-4e6e-901e-5640f3030957:group-631E603C543E:LeaderElection22] INFO  impl.LeaderElection (LeaderElection.java:askForVotes(181)) - 8c993e87-89d2-4e6e-901e-5640f3030957:group-631E603C543E:LeaderElection22: begin an election at term 1 for -1: [8c993e87-89d2-4e6e-901e-5640f3030957:192.168.36.114:45855], old=null
2019-09-12 11:50:59,349 [8c993e87-89d2-4e6e-901e-5640f3030957:group-631E603C543E:LeaderElection22] INFO  impl.RoleInfo (RoleInfo.java:shutdownLeaderElection(134)) - 8c993e87-89d2-4e6e-901e-5640f3030957: shutdown LeaderElection
2019-09-12 11:50:59,349 [8c993e87-89d2-4e6e-901e-5640f3030957:group-631E603C543E:LeaderElection22] INFO  impl.RaftServerImpl (RaftServerImpl.java:setRole(171)) - 8c993e87-89d2-4e6e-901e-5640f3030957:group-631E603C543E changes role from CANDIDATE to LEADER at term 1 for changeToLeader
2019-09-12 11:50:59,349 [8c993e87-89d2-4e6e-901e-5640f3030957:group-631E603C543E:LeaderElection22] INFO  impl.RaftServerImpl (ServerState.java:setLeader(263)) - 8c993e87-89d2-4e6e-901e-5640f3030957:group-631E603C543E change Leader from null to 8c993e87-89d2-4e6e-901e-5640f3030957 at term 1 for becomeLeader, leader elected after 5096ms
2019-09-12 11:50:59,349 [8c993e87-89d2-4e6e-901e-5640f3030957:group-631E603C543E:LeaderElection22] INFO  server.RaftServerConfigKeys (ConfUtils.java:logGet(43)) - raft.server.staging.catchup.gap = 1000 (default)
2019-09-12 11:50:59,349 [8c993e87-89d2-4e6e-901e-5640f3030957:group-631E603C543E:LeaderElection22] INFO  server.RaftServerConfigKeys (ConfUtils.java:logGet(43)) - raft.server.rpc.sleep.time = 25ms (default)
2019-09-12 11:50:59,350 [8c993e87-89d2-4e6e-901e-5640f3030957:group-631E603C543E:LeaderElection22] INFO  server.RaftServerConfigKeys (ConfUtils.java:logGet(43)) - raft.server.write.element-limit = 4096 (default)
2019-09-12 11:50:59,350 [8c993e87-89d2-4e6e-901e-5640f3030957:group-631E603C543E:LeaderElection22] INFO  server.RaftServerConfigKeys (ConfUtils.java:logGet(43)) - raft.server.watch.timeout = 10s (default)
2019-09-12 11:50:59,350 [8c993e87-89d2-4e6e-901e-5640f3030957:group-631E603C543E:LeaderElection22] INFO  server.RaftServerConfigKeys (ConfUtils.java:logGet(43)) - raft.server.watch.timeout.denomination = 1s (default)
2019-09-12 11:50:59,350 [8c993e87-89d2-4e6e-901e-5640f3030957:group-631E603C543E:LeaderElection22] INFO  server.RaftServerConfigKeys (ConfUtils.java:logGet(43)) - raft.server.watch.element-limit = 65536 (default)
2019-09-12 11:50:59,350 [8c993e87-89d2-4e6e-901e-5640f3030957:group-631E603C543E:LeaderElection22] INFO  impl.RoleInfo (RoleInfo.java:updateAndGet(143)) - 8c993e87-89d2-4e6e-901e-5640f3030957: start LeaderState
2019-09-12 11:50:59,350 [8c993e87-89d2-4e6e-901e-5640f3030957:group-631E603C543E:LeaderElection22] INFO  segmented.SegmentedRaftLogWorker (SegmentedRaftLogWorker.java:startLogSegment(380)) - 8c993e87-89d2-4e6e-901e-5640f3030957-SegmentedRaftLogWorker:Storage Directory /workdir/hadoop-ozone/tools/target/test-dir/MiniOzoneClusterImpl-d6dca02c-26cd-4265-82f2-daeedfc193e9/datanode-2/data/ratis/b9aa601a-b235-40eb-987f-631e603c543e: Starting segment from index:0
2019-09-12 11:50:59,351 [8c993e87-89d2-4e6e-901e-5640f3030957:group-631E603C543E:LeaderElection22] INFO  impl.RaftServerImpl (ServerState.java:setRaftConf(361)) - 8c993e87-89d2-4e6e-901e-5640f3030957:group-631E603C543E set configuration 0: [8c993e87-89d2-4e6e-901e-5640f3030957:192.168.36.114:45855], old=null at 0
2019-09-12 11:50:59,378 [Thread-282] INFO  impl.FollowerState (FollowerState.java:run(106)) - 9aaf2f78-d78f-4ebc-b7a2-56dce2b57085:group-82CBE15C0729 changes to CANDIDATE, lastRpcTime:5071, electionTimeout:5056ms
2019-09-12 11:50:59,378 [Thread-282] INFO  impl.RoleInfo (RoleInfo.java:shutdownFollowerState(121)) - 9aaf2f78-d78f-4ebc-b7a2-56dce2b57085: shutdown FollowerState
2019-09-12 11:50:59,379 [Thread-282] INFO  impl.RaftServerImpl (RaftServerImpl.java:setRole(171)) - 9aaf2f78-d78f-4ebc-b7a2-56dce2b57085:group-82CBE15C0729 changes role from FOLLOWER to CANDIDATE at term 0 for changeToCandidate
2019-09-12 11:50:59,379 [Thread-282] INFO  impl.RoleInfo (RoleInfo.java:updateAndGet(143)) - 9aaf2f78-d78f-4ebc-b7a2-56dce2b57085: start LeaderElection
2019-09-12 11:50:59,391 [8c993e87-89d2-4e6e-901e-5640f3030957-SegmentedRaftLogWorker:Storage Directory /workdir/hadoop-ozone/tools/target/test-dir/MiniOzoneClusterImpl-d6dca02c-26cd-4265-82f2-daeedfc193e9/datanode-2/data/ratis/b9aa601a-b235-40eb-987f-631e603c543e] INFO  segmented.SegmentedRaftLogWorker (SegmentedRaftLogWorker.java:execute(569)) - 8c993e87-89d2-4e6e-901e-5640f3030957-SegmentedRaftLogWorker:Storage Directory /workdir/hadoop-ozone/tools/target/test-dir/MiniOzoneClusterImpl-d6dca02c-26cd-4265-82f2-daeedfc193e9/datanode-2/data/ratis/b9aa601a-b235-40eb-987f-631e603c543e: created new log segment /workdir/hadoop-ozone/tools/target/test-dir/MiniOzoneClusterImpl-d6dca02c-26cd-4265-82f2-daeedfc193e9/datanode-2/data/ratis/b9aa601a-b235-40eb-987f-631e603c543e/current/log_inprogress_0
2019-09-12 11:50:59,391 [9aaf2f78-d78f-4ebc-b7a2-56dce2b57085:group-82CBE15C0729:LeaderElection23] INFO  impl.LeaderElection (LeaderElection.java:askForVotes(181)) - 9aaf2f78-d78f-4ebc-b7a2-56dce2b57085:group-82CBE15C0729:LeaderElection23: begin an election at term 1 for -1: [9aaf2f78-d78f-4ebc-b7a2-56dce2b57085:192.168.36.114:38046], old=null
2019-09-12 11:50:59,392 [9aaf2f78-d78f-4ebc-b7a2-56dce2b57085:group-82CBE15C0729:LeaderElection23] INFO  impl.RoleInfo (RoleInfo.java:shutdownLeaderElection(134)) - 9aaf2f78-d78f-4ebc-b7a2-56dce2b57085: shutdown LeaderElection
2019-09-12 11:50:59,392 [9aaf2f78-d78f-4ebc-b7a2-56dce2b57085:group-82CBE15C0729:LeaderElection23] INFO  impl.RaftServerImpl (RaftServerImpl.java:setRole(171)) - 9aaf2f78-d78f-4ebc-b7a2-56dce2b57085:group-82CBE15C0729 changes role from CANDIDATE to LEADER at term 1 for changeToLeader
2019-09-12 11:50:59,392 [9aaf2f78-d78f-4ebc-b7a2-56dce2b57085:group-82CBE15C0729:LeaderElection23] INFO  impl.RaftServerImpl (ServerState.java:setLeader(263)) - 9aaf2f78-d78f-4ebc-b7a2-56dce2b57085:group-82CBE15C0729 change Leader from null to 9aaf2f78-d78f-4ebc-b7a2-56dce2b57085 at term 1 for becomeLeader, leader elected after 5089ms
2019-09-12 11:50:59,392 [9aaf2f78-d78f-4ebc-b7a2-56dce2b57085:group-82CBE15C0729:LeaderElection23] INFO  server.RaftServerConfigKeys (ConfUtils.java:logGet(43)) - raft.server.staging.catchup.gap = 1000 (default)
2019-09-12 11:50:59,392 [9aaf2f78-d78f-4ebc-b7a2-56dce2b57085:group-82CBE15C0729:LeaderElection23] INFO  server.RaftServerConfigKeys (ConfUtils.java:logGet(43)) - raft.server.rpc.sleep.time = 25ms (default)
2019-09-12 11:50:59,392 [9aaf2f78-d78f-4ebc-b7a2-56dce2b57085:group-82CBE15C0729:LeaderElection23] INFO  server.RaftServerConfigKeys (ConfUtils.java:logGet(43)) - raft.server.write.element-limit = 4096 (default)
2019-09-12 11:50:59,392 [9aaf2f78-d78f-4ebc-b7a2-56dce2b57085:group-82CBE15C0729:LeaderElection23] INFO  server.RaftServerConfigKeys (ConfUtils.java:logGet(43)) - raft.server.watch.timeout = 10s (default)
2019-09-12 11:50:59,392 [9aaf2f78-d78f-4ebc-b7a2-56dce2b57085:group-82CBE15C0729:LeaderElection23] INFO  server.RaftServerConfigKeys (ConfUtils.java:logGet(43)) - raft.server.watch.timeout.denomination = 1s (default)
2019-09-12 11:50:59,393 [9aaf2f78-d78f-4ebc-b7a2-56dce2b57085:group-82CBE15C0729:LeaderElection23] INFO  server.RaftServerConfigKeys (ConfUtils.java:logGet(43)) - raft.server.watch.element-limit = 65536 (default)
2019-09-12 11:50:59,393 [9aaf2f78-d78f-4ebc-b7a2-56dce2b57085:group-82CBE15C0729:LeaderElection23] INFO  impl.RoleInfo (RoleInfo.java:updateAndGet(143)) - 9aaf2f78-d78f-4ebc-b7a2-56dce2b57085: start LeaderState
2019-09-12 11:50:59,393 [9aaf2f78-d78f-4ebc-b7a2-56dce2b57085:group-82CBE15C0729:LeaderElection23] INFO  segmented.SegmentedRaftLogWorker (SegmentedRaftLogWorker.java:startLogSegment(380)) - 9aaf2f78-d78f-4ebc-b7a2-56dce2b57085-SegmentedRaftLogWorker:Storage Directory /workdir/hadoop-ozone/tools/target/test-dir/MiniOzoneClusterImpl-d6dca02c-26cd-4265-82f2-daeedfc193e9/datanode-3/data/ratis/01857470-d666-4a88-8e9a-82cbe15c0729: Starting segment from index:0
2019-09-12 11:50:59,393 [9aaf2f78-d78f-4ebc-b7a2-56dce2b57085:group-82CBE15C0729:LeaderElection23] INFO  impl.RaftServerImpl (ServerState.java:setRaftConf(361)) - 9aaf2f78-d78f-4ebc-b7a2-56dce2b57085:group-82CBE15C0729 set configuration 0: [9aaf2f78-d78f-4ebc-b7a2-56dce2b57085:192.168.36.114:38046], old=null at 0
2019-09-12 11:50:59,432 [9aaf2f78-d78f-4ebc-b7a2-56dce2b57085-SegmentedRaftLogWorker:Storage Directory /workdir/hadoop-ozone/tools/target/test-dir/MiniOzoneClusterImpl-d6dca02c-26cd-4265-82f2-daeedfc193e9/datanode-3/data/ratis/01857470-d666-4a88-8e9a-82cbe15c0729] INFO  segmented.SegmentedRaftLogWorker (SegmentedRaftLogWorker.java:execute(569)) - 9aaf2f78-d78f-4ebc-b7a2-56dce2b57085-SegmentedRaftLogWorker:Storage Directory /workdir/hadoop-ozone/tools/target/test-dir/MiniOzoneClusterImpl-d6dca02c-26cd-4265-82f2-daeedfc193e9/datanode-3/data/ratis/01857470-d666-4a88-8e9a-82cbe15c0729: created new log segment /workdir/hadoop-ozone/tools/target/test-dir/MiniOzoneClusterImpl-d6dca02c-26cd-4265-82f2-daeedfc193e9/datanode-3/data/ratis/01857470-d666-4a88-8e9a-82cbe15c0729/current/log_inprogress_0
2019-09-12 11:50:59,437 | INFO  | SCMAudit | user=jenkins1000 | ip=192.168.36.114 | op=SEND_HEARTBEAT {datanodeUUID=9aaf2f78-d78f-4ebc-b7a2-56dce2b57085, command=[]} | ret=SUCCESS |  
2019-09-12 11:50:59,510 [Thread-288] INFO  impl.FollowerState (FollowerState.java:run(106)) - 9aaf2f78-d78f-4ebc-b7a2-56dce2b57085:group-4CB84DD6BAA7 changes to CANDIDATE, lastRpcTime:5065, electionTimeout:5065ms
2019-09-12 11:50:59,510 [Thread-288] INFO  impl.RoleInfo (RoleInfo.java:shutdownFollowerState(121)) - 9aaf2f78-d78f-4ebc-b7a2-56dce2b57085: shutdown FollowerState
2019-09-12 11:50:59,510 [Thread-288] INFO  impl.RaftServerImpl (RaftServerImpl.java:setRole(171)) - 9aaf2f78-d78f-4ebc-b7a2-56dce2b57085:group-4CB84DD6BAA7 changes role from FOLLOWER to CANDIDATE at term 0 for changeToCandidate
2019-09-12 11:50:59,510 [Thread-288] INFO  impl.RoleInfo (RoleInfo.java:updateAndGet(143)) - 9aaf2f78-d78f-4ebc-b7a2-56dce2b57085: start LeaderElection
2019-09-12 11:50:59,517 | INFO  | SCMAudit | user=jenkins1000 | ip=192.168.36.114 | op=SEND_HEARTBEAT {datanodeUUID=c13e8c2d-5cc3-43ac-8cc7-9a20211fb58e, command=[]} | ret=SUCCESS |  
2019-09-12 11:50:59,533 [Thread-285] INFO  impl.FollowerState (FollowerState.java:run(106)) - c13e8c2d-5cc3-43ac-8cc7-9a20211fb58e:group-BAE2013060F9 changes to CANDIDATE, lastRpcTime:5167, electionTimeout:5166ms
2019-09-12 11:50:59,533 [9aaf2f78-d78f-4ebc-b7a2-56dce2b57085:group-4CB84DD6BAA7:LeaderElection24] INFO  impl.LeaderElection (LeaderElection.java:askForVotes(181)) - 9aaf2f78-d78f-4ebc-b7a2-56dce2b57085:group-4CB84DD6BAA7:LeaderElection24: begin an election at term 1 for -1: [9aaf2f78-d78f-4ebc-b7a2-56dce2b57085:192.168.36.114:38046], old=null
2019-09-12 11:50:59,533 [Thread-285] INFO  impl.RoleInfo (RoleInfo.java:shutdownFollowerState(121)) - c13e8c2d-5cc3-43ac-8cc7-9a20211fb58e: shutdown FollowerState
2019-09-12 11:50:59,533 [9aaf2f78-d78f-4ebc-b7a2-56dce2b57085:group-4CB84DD6BAA7:LeaderElection24] INFO  impl.RoleInfo (RoleInfo.java:shutdownLeaderElection(134)) - 9aaf2f78-d78f-4ebc-b7a2-56dce2b57085: shutdown LeaderElection
2019-09-12 11:50:59,533 [Thread-285] INFO  impl.RaftServerImpl (RaftServerImpl.java:setRole(171)) - c13e8c2d-5cc3-43ac-8cc7-9a20211fb58e:group-BAE2013060F9 changes role from FOLLOWER to CANDIDATE at term 0 for changeToCandidate
2019-09-12 11:50:59,533 [9aaf2f78-d78f-4ebc-b7a2-56dce2b57085:group-4CB84DD6BAA7:LeaderElection24] INFO  impl.RaftServerImpl (RaftServerImpl.java:setRole(171)) - 9aaf2f78-d78f-4ebc-b7a2-56dce2b57085:group-4CB84DD6BAA7 changes role from CANDIDATE to LEADER at term 1 for changeToLeader
2019-09-12 11:50:59,533 [Thread-285] INFO  impl.RoleInfo (RoleInfo.java:updateAndGet(143)) - c13e8c2d-5cc3-43ac-8cc7-9a20211fb58e: start LeaderElection
2019-09-12 11:50:59,533 [9aaf2f78-d78f-4ebc-b7a2-56dce2b57085:group-4CB84DD6BAA7:LeaderElection24] INFO  impl.RaftServerImpl (ServerState.java:setLeader(263)) - 9aaf2f78-d78f-4ebc-b7a2-56dce2b57085:group-4CB84DD6BAA7 change Leader from null to 9aaf2f78-d78f-4ebc-b7a2-56dce2b57085 at term 1 for becomeLeader, leader elected after 5093ms
2019-09-12 11:50:59,533 [9aaf2f78-d78f-4ebc-b7a2-56dce2b57085:group-4CB84DD6BAA7:LeaderElection24] INFO  server.RaftServerConfigKeys (ConfUtils.java:logGet(43)) - raft.server.staging.catchup.gap = 1000 (default)
2019-09-12 11:50:59,534 [9aaf2f78-d78f-4ebc-b7a2-56dce2b57085:group-4CB84DD6BAA7:LeaderElection24] INFO  server.RaftServerConfigKeys (ConfUtils.java:logGet(43)) - raft.server.rpc.sleep.time = 25ms (default)
2019-09-12 11:50:59,535 [9aaf2f78-d78f-4ebc-b7a2-56dce2b57085:group-4CB84DD6BAA7:LeaderElection24] INFO  server.RaftServerConfigKeys (ConfUtils.java:logGet(43)) - raft.server.write.element-limit = 4096 (default)
2019-09-12 11:50:59,535 [9aaf2f78-d78f-4ebc-b7a2-56dce2b57085:group-4CB84DD6BAA7:LeaderElection24] INFO  server.RaftServerConfigKeys (ConfUtils.java:logGet(43)) - raft.server.watch.timeout = 10s (default)
2019-09-12 11:50:59,535 [9aaf2f78-d78f-4ebc-b7a2-56dce2b57085:group-4CB84DD6BAA7:LeaderElection24] INFO  server.RaftServerConfigKeys (ConfUtils.java:logGet(43)) - raft.server.watch.timeout.denomination = 1s (default)
2019-09-12 11:50:59,535 [9aaf2f78-d78f-4ebc-b7a2-56dce2b57085:group-4CB84DD6BAA7:LeaderElection24] INFO  server.RaftServerConfigKeys (ConfUtils.java:logGet(43)) - raft.server.watch.element-limit = 65536 (default)
2019-09-12 11:50:59,535 [9aaf2f78-d78f-4ebc-b7a2-56dce2b57085:group-4CB84DD6BAA7:LeaderElection24] INFO  impl.RoleInfo (RoleInfo.java:updateAndGet(143)) - 9aaf2f78-d78f-4ebc-b7a2-56dce2b57085: start LeaderState
2019-09-12 11:50:59,535 [9aaf2f78-d78f-4ebc-b7a2-56dce2b57085:group-4CB84DD6BAA7:LeaderElection24] INFO  segmented.SegmentedRaftLogWorker (SegmentedRaftLogWorker.java:startLogSegment(380)) - 9aaf2f78-d78f-4ebc-b7a2-56dce2b57085-SegmentedRaftLogWorker:Storage Directory /workdir/hadoop-ozone/tools/target/test-dir/MiniOzoneClusterImpl-d6dca02c-26cd-4265-82f2-daeedfc193e9/datanode-3/data/ratis/140a15bd-bcac-45fb-ac27-4cb84dd6baa7: Starting segment from index:0
2019-09-12 11:50:59,536 [9aaf2f78-d78f-4ebc-b7a2-56dce2b57085:group-4CB84DD6BAA7:LeaderElection24] INFO  impl.RaftServerImpl (ServerState.java:setRaftConf(361)) - 9aaf2f78-d78f-4ebc-b7a2-56dce2b57085:group-4CB84DD6BAA7 set configuration 0: [9aaf2f78-d78f-4ebc-b7a2-56dce2b57085:192.168.36.114:38046], old=null at 0
2019-09-12 11:50:59,561 [c13e8c2d-5cc3-43ac-8cc7-9a20211fb58e:group-BAE2013060F9:LeaderElection25] INFO  impl.LeaderElection (LeaderElection.java:askForVotes(181)) - c13e8c2d-5cc3-43ac-8cc7-9a20211fb58e:group-BAE2013060F9:LeaderElection25: begin an election at term 1 for -1: [c13e8c2d-5cc3-43ac-8cc7-9a20211fb58e:192.168.36.114:41622], old=null
2019-09-12 11:50:59,561 [c13e8c2d-5cc3-43ac-8cc7-9a20211fb58e:group-BAE2013060F9:LeaderElection25] INFO  impl.RoleInfo (RoleInfo.java:shutdownLeaderElection(134)) - c13e8c2d-5cc3-43ac-8cc7-9a20211fb58e: shutdown LeaderElection
2019-09-12 11:50:59,561 [c13e8c2d-5cc3-43ac-8cc7-9a20211fb58e:group-BAE2013060F9:LeaderElection25] INFO  impl.RaftServerImpl (RaftServerImpl.java:setRole(171)) - c13e8c2d-5cc3-43ac-8cc7-9a20211fb58e:group-BAE2013060F9 changes role from CANDIDATE to LEADER at term 1 for changeToLeader
2019-09-12 11:50:59,561 [c13e8c2d-5cc3-43ac-8cc7-9a20211fb58e:group-BAE2013060F9:LeaderElection25] INFO  impl.RaftServerImpl (ServerState.java:setLeader(263)) - c13e8c2d-5cc3-43ac-8cc7-9a20211fb58e:group-BAE2013060F9 change Leader from null to c13e8c2d-5cc3-43ac-8cc7-9a20211fb58e at term 1 for becomeLeader, leader elected after 5201ms
2019-09-12 11:50:59,563 [c13e8c2d-5cc3-43ac-8cc7-9a20211fb58e:group-BAE2013060F9:LeaderElection25] INFO  server.RaftServerConfigKeys (ConfUtils.java:logGet(43)) - raft.server.staging.catchup.gap = 1000 (default)
2019-09-12 11:50:59,563 [c13e8c2d-5cc3-43ac-8cc7-9a20211fb58e:group-BAE2013060F9:LeaderElection25] INFO  server.RaftServerConfigKeys (ConfUtils.java:logGet(43)) - raft.server.rpc.sleep.time = 25ms (default)
2019-09-12 11:50:59,563 [c13e8c2d-5cc3-43ac-8cc7-9a20211fb58e:group-BAE2013060F9:LeaderElection25] INFO  server.RaftServerConfigKeys (ConfUtils.java:logGet(43)) - raft.server.write.element-limit = 4096 (default)
2019-09-12 11:50:59,563 [c13e8c2d-5cc3-43ac-8cc7-9a20211fb58e:group-BAE2013060F9:LeaderElection25] INFO  server.RaftServerConfigKeys (ConfUtils.java:logGet(43)) - raft.server.watch.timeout = 10s (default)
2019-09-12 11:50:59,563 [c13e8c2d-5cc3-43ac-8cc7-9a20211fb58e:group-BAE2013060F9:LeaderElection25] INFO  server.RaftServerConfigKeys (ConfUtils.java:logGet(43)) - raft.server.watch.timeout.denomination = 1s (default)
2019-09-12 11:50:59,563 [c13e8c2d-5cc3-43ac-8cc7-9a20211fb58e:group-BAE2013060F9:LeaderElection25] INFO  server.RaftServerConfigKeys (ConfUtils.java:logGet(43)) - raft.server.watch.element-limit = 65536 (default)
2019-09-12 11:50:59,563 [c13e8c2d-5cc3-43ac-8cc7-9a20211fb58e:group-BAE2013060F9:LeaderElection25] INFO  impl.RoleInfo (RoleInfo.java:updateAndGet(143)) - c13e8c2d-5cc3-43ac-8cc7-9a20211fb58e: start LeaderState
2019-09-12 11:50:59,564 [c13e8c2d-5cc3-43ac-8cc7-9a20211fb58e:group-BAE2013060F9:LeaderElection25] INFO  segmented.SegmentedRaftLogWorker (SegmentedRaftLogWorker.java:startLogSegment(380)) - c13e8c2d-5cc3-43ac-8cc7-9a20211fb58e-SegmentedRaftLogWorker:Storage Directory /workdir/hadoop-ozone/tools/target/test-dir/MiniOzoneClusterImpl-d6dca02c-26cd-4265-82f2-daeedfc193e9/datanode-4/data/ratis/c9a24389-0eae-4a8b-ad2e-bae2013060f9: Starting segment from index:0
2019-09-12 11:50:59,564 [c13e8c2d-5cc3-43ac-8cc7-9a20211fb58e:group-BAE2013060F9:LeaderElection25] INFO  impl.RaftServerImpl (ServerState.java:setRaftConf(361)) - c13e8c2d-5cc3-43ac-8cc7-9a20211fb58e:group-BAE2013060F9 set configuration 0: [c13e8c2d-5cc3-43ac-8cc7-9a20211fb58e:192.168.36.114:41622], old=null at 0
2019-09-12 11:50:59,589 [9aaf2f78-d78f-4ebc-b7a2-56dce2b57085-SegmentedRaftLogWorker:Storage Directory /workdir/hadoop-ozone/tools/target/test-dir/MiniOzoneClusterImpl-d6dca02c-26cd-4265-82f2-daeedfc193e9/datanode-3/data/ratis/140a15bd-bcac-45fb-ac27-4cb84dd6baa7] INFO  segmented.SegmentedRaftLogWorker (SegmentedRaftLogWorker.java:execute(569)) - 9aaf2f78-d78f-4ebc-b7a2-56dce2b57085-SegmentedRaftLogWorker:Storage Directory /workdir/hadoop-ozone/tools/target/test-dir/MiniOzoneClusterImpl-d6dca02c-26cd-4265-82f2-daeedfc193e9/datanode-3/data/ratis/140a15bd-bcac-45fb-ac27-4cb84dd6baa7: created new log segment /workdir/hadoop-ozone/tools/target/test-dir/MiniOzoneClusterImpl-d6dca02c-26cd-4265-82f2-daeedfc193e9/datanode-3/data/ratis/140a15bd-bcac-45fb-ac27-4cb84dd6baa7/current/log_inprogress_0
2019-09-12 11:50:59,591 | INFO  | SCMAudit | user=jenkins1000 | ip=192.168.36.114 | op=SEND_HEARTBEAT {datanodeUUID=9d7d954f-b073-45cf-8f2c-ae2cc2b7e120, command=[]} | ret=SUCCESS |  
2019-09-12 11:50:59,602 [c13e8c2d-5cc3-43ac-8cc7-9a20211fb58e-SegmentedRaftLogWorker:Storage Directory /workdir/hadoop-ozone/tools/target/test-dir/MiniOzoneClusterImpl-d6dca02c-26cd-4265-82f2-daeedfc193e9/datanode-4/data/ratis/c9a24389-0eae-4a8b-ad2e-bae2013060f9] INFO  segmented.SegmentedRaftLogWorker (SegmentedRaftLogWorker.java:execute(569)) - c13e8c2d-5cc3-43ac-8cc7-9a20211fb58e-SegmentedRaftLogWorker:Storage Directory /workdir/hadoop-ozone/tools/target/test-dir/MiniOzoneClusterImpl-d6dca02c-26cd-4265-82f2-daeedfc193e9/datanode-4/data/ratis/c9a24389-0eae-4a8b-ad2e-bae2013060f9: created new log segment /workdir/hadoop-ozone/tools/target/test-dir/MiniOzoneClusterImpl-d6dca02c-26cd-4265-82f2-daeedfc193e9/datanode-4/data/ratis/c9a24389-0eae-4a8b-ad2e-bae2013060f9/current/log_inprogress_0
2019-09-12 11:50:59,641 [Thread-294] INFO  impl.FollowerState (FollowerState.java:run(106)) - c13e8c2d-5cc3-43ac-8cc7-9a20211fb58e:group-C7922B15B7DE changes to CANDIDATE, lastRpcTime:5093, electionTimeout:5093ms
2019-09-12 11:50:59,641 [Thread-294] INFO  impl.RoleInfo (RoleInfo.java:shutdownFollowerState(121)) - c13e8c2d-5cc3-43ac-8cc7-9a20211fb58e: shutdown FollowerState
2019-09-12 11:50:59,641 [Thread-294] INFO  impl.RaftServerImpl (RaftServerImpl.java:setRole(171)) - c13e8c2d-5cc3-43ac-8cc7-9a20211fb58e:group-C7922B15B7DE changes role from FOLLOWER to CANDIDATE at term 0 for changeToCandidate
2019-09-12 11:50:59,641 [Thread-294] INFO  impl.RoleInfo (RoleInfo.java:updateAndGet(143)) - c13e8c2d-5cc3-43ac-8cc7-9a20211fb58e: start LeaderElection
2019-09-12 11:50:59,657 [c13e8c2d-5cc3-43ac-8cc7-9a20211fb58e:group-C7922B15B7DE:LeaderElection26] INFO  impl.LeaderElection (LeaderElection.java:askForVotes(181)) - c13e8c2d-5cc3-43ac-8cc7-9a20211fb58e:group-C7922B15B7DE:LeaderElection26: begin an election at term 1 for -1: [c13e8c2d-5cc3-43ac-8cc7-9a20211fb58e:192.168.36.114:41622], old=null
2019-09-12 11:50:59,658 [c13e8c2d-5cc3-43ac-8cc7-9a20211fb58e:group-C7922B15B7DE:LeaderElection26] INFO  impl.RoleInfo (RoleInfo.java:shutdownLeaderElection(134)) - c13e8c2d-5cc3-43ac-8cc7-9a20211fb58e: shutdown LeaderElection
2019-09-12 11:50:59,658 [c13e8c2d-5cc3-43ac-8cc7-9a20211fb58e:group-C7922B15B7DE:LeaderElection26] INFO  impl.RaftServerImpl (RaftServerImpl.java:setRole(171)) - c13e8c2d-5cc3-43ac-8cc7-9a20211fb58e:group-C7922B15B7DE changes role from CANDIDATE to LEADER at term 1 for changeToLeader
2019-09-12 11:50:59,658 [c13e8c2d-5cc3-43ac-8cc7-9a20211fb58e:group-C7922B15B7DE:LeaderElection26] INFO  impl.RaftServerImpl (ServerState.java:setLeader(263)) - c13e8c2d-5cc3-43ac-8cc7-9a20211fb58e:group-C7922B15B7DE change Leader from null to c13e8c2d-5cc3-43ac-8cc7-9a20211fb58e at term 1 for becomeLeader, leader elected after 5114ms
2019-09-12 11:50:59,658 [c13e8c2d-5cc3-43ac-8cc7-9a20211fb58e:group-C7922B15B7DE:LeaderElection26] INFO  server.RaftServerConfigKeys (ConfUtils.java:logGet(43)) - raft.server.staging.catchup.gap = 1000 (default)
2019-09-12 11:50:59,658 [c13e8c2d-5cc3-43ac-8cc7-9a20211fb58e:group-C7922B15B7DE:LeaderElection26] INFO  server.RaftServerConfigKeys (ConfUtils.java:logGet(43)) - raft.server.rpc.sleep.time = 25ms (default)
2019-09-12 11:50:59,659 [c13e8c2d-5cc3-43ac-8cc7-9a20211fb58e:group-C7922B15B7DE:LeaderElection26] INFO  server.RaftServerConfigKeys (ConfUtils.java:logGet(43)) - raft.server.write.element-limit = 4096 (default)
2019-09-12 11:50:59,659 [c13e8c2d-5cc3-43ac-8cc7-9a20211fb58e:group-C7922B15B7DE:LeaderElection26] INFO  server.RaftServerConfigKeys (ConfUtils.java:logGet(43)) - raft.server.watch.timeout = 10s (default)
2019-09-12 11:50:59,659 [c13e8c2d-5cc3-43ac-8cc7-9a20211fb58e:group-C7922B15B7DE:LeaderElection26] INFO  server.RaftServerConfigKeys (ConfUtils.java:logGet(43)) - raft.server.watch.timeout.denomination = 1s (default)
2019-09-12 11:50:59,659 [c13e8c2d-5cc3-43ac-8cc7-9a20211fb58e:group-C7922B15B7DE:LeaderElection26] INFO  server.RaftServerConfigKeys (ConfUtils.java:logGet(43)) - raft.server.watch.element-limit = 65536 (default)
2019-09-12 11:50:59,659 [c13e8c2d-5cc3-43ac-8cc7-9a20211fb58e:group-C7922B15B7DE:LeaderElection26] INFO  impl.RoleInfo (RoleInfo.java:updateAndGet(143)) - c13e8c2d-5cc3-43ac-8cc7-9a20211fb58e: start LeaderState
2019-09-12 11:50:59,660 [c13e8c2d-5cc3-43ac-8cc7-9a20211fb58e:group-C7922B15B7DE:LeaderElection26] INFO  segmented.SegmentedRaftLogWorker (SegmentedRaftLogWorker.java:startLogSegment(380)) - c13e8c2d-5cc3-43ac-8cc7-9a20211fb58e-SegmentedRaftLogWorker:Storage Directory /workdir/hadoop-ozone/tools/target/test-dir/MiniOzoneClusterImpl-d6dca02c-26cd-4265-82f2-daeedfc193e9/datanode-4/data/ratis/039cf2b9-c78d-4abe-b5ff-c7922b15b7de: Starting segment from index:0
2019-09-12 11:50:59,660 [c13e8c2d-5cc3-43ac-8cc7-9a20211fb58e:group-C7922B15B7DE:LeaderElection26] INFO  impl.RaftServerImpl (ServerState.java:setRaftConf(361)) - c13e8c2d-5cc3-43ac-8cc7-9a20211fb58e:group-C7922B15B7DE set configuration 0: [c13e8c2d-5cc3-43ac-8cc7-9a20211fb58e:192.168.36.114:41622], old=null at 0
2019-09-12 11:50:59,687 [Thread-291] INFO  impl.FollowerState (FollowerState.java:run(106)) - c13e8c2d-5cc3-43ac-8cc7-9a20211fb58e:group-CCD1E3C294F1 changes to CANDIDATE, lastRpcTime:5188, electionTimeout:5176ms
2019-09-12 11:50:59,687 [Thread-301] INFO  impl.FollowerState (FollowerState.java:run(106)) - c13e8c2d-5cc3-43ac-8cc7-9a20211fb58e:group-52A0B6CD4FE9 changes to CANDIDATE, lastRpcTime:5036, electionTimeout:5034ms
2019-09-12 11:50:59,688 [Thread-291] INFO  impl.RoleInfo (RoleInfo.java:shutdownFollowerState(121)) - c13e8c2d-5cc3-43ac-8cc7-9a20211fb58e: shutdown FollowerState
2019-09-12 11:50:59,688 [Thread-301] INFO  impl.RoleInfo (RoleInfo.java:shutdownFollowerState(121)) - c13e8c2d-5cc3-43ac-8cc7-9a20211fb58e: shutdown FollowerState
2019-09-12 11:50:59,688 [Thread-291] INFO  impl.RaftServerImpl (RaftServerImpl.java:setRole(171)) - c13e8c2d-5cc3-43ac-8cc7-9a20211fb58e:group-CCD1E3C294F1 changes role from FOLLOWER to CANDIDATE at term 0 for changeToCandidate
2019-09-12 11:50:59,688 [Thread-301] INFO  impl.RaftServerImpl (RaftServerImpl.java:setRole(171)) - c13e8c2d-5cc3-43ac-8cc7-9a20211fb58e:group-52A0B6CD4FE9 changes role from FOLLOWER to CANDIDATE at term 0 for changeToCandidate
2019-09-12 11:50:59,688 [Thread-291] INFO  impl.RoleInfo (RoleInfo.java:updateAndGet(143)) - c13e8c2d-5cc3-43ac-8cc7-9a20211fb58e: start LeaderElection
2019-09-12 11:50:59,688 [Thread-301] INFO  impl.RoleInfo (RoleInfo.java:updateAndGet(143)) - c13e8c2d-5cc3-43ac-8cc7-9a20211fb58e: start LeaderElection
2019-09-12 11:50:59,700 [c13e8c2d-5cc3-43ac-8cc7-9a20211fb58e-SegmentedRaftLogWorker:Storage Directory /workdir/hadoop-ozone/tools/target/test-dir/MiniOzoneClusterImpl-d6dca02c-26cd-4265-82f2-daeedfc193e9/datanode-4/data/ratis/039cf2b9-c78d-4abe-b5ff-c7922b15b7de] INFO  segmented.SegmentedRaftLogWorker (SegmentedRaftLogWorker.java:execute(569)) - c13e8c2d-5cc3-43ac-8cc7-9a20211fb58e-SegmentedRaftLogWorker:Storage Directory /workdir/hadoop-ozone/tools/target/test-dir/MiniOzoneClusterImpl-d6dca02c-26cd-4265-82f2-daeedfc193e9/datanode-4/data/ratis/039cf2b9-c78d-4abe-b5ff-c7922b15b7de: created new log segment /workdir/hadoop-ozone/tools/target/test-dir/MiniOzoneClusterImpl-d6dca02c-26cd-4265-82f2-daeedfc193e9/datanode-4/data/ratis/039cf2b9-c78d-4abe-b5ff-c7922b15b7de/current/log_inprogress_0
2019-09-12 11:50:59,701 [c13e8c2d-5cc3-43ac-8cc7-9a20211fb58e:group-52A0B6CD4FE9:LeaderElection28] INFO  impl.LeaderElection (LeaderElection.java:askForVotes(181)) - c13e8c2d-5cc3-43ac-8cc7-9a20211fb58e:group-52A0B6CD4FE9:LeaderElection28: begin an election at term 1 for -1: [c13e8c2d-5cc3-43ac-8cc7-9a20211fb58e:192.168.36.114:41622], old=null
2019-09-12 11:50:59,701 [c13e8c2d-5cc3-43ac-8cc7-9a20211fb58e:group-CCD1E3C294F1:LeaderElection27] INFO  impl.LeaderElection (LeaderElection.java:askForVotes(181)) - c13e8c2d-5cc3-43ac-8cc7-9a20211fb58e:group-CCD1E3C294F1:LeaderElection27: begin an election at term 1 for -1: [c13e8c2d-5cc3-43ac-8cc7-9a20211fb58e:192.168.36.114:41622], old=null
2019-09-12 11:50:59,701 [c13e8c2d-5cc3-43ac-8cc7-9a20211fb58e:group-52A0B6CD4FE9:LeaderElection28] INFO  impl.RoleInfo (RoleInfo.java:shutdownLeaderElection(134)) - c13e8c2d-5cc3-43ac-8cc7-9a20211fb58e: shutdown LeaderElection
2019-09-12 11:50:59,701 [c13e8c2d-5cc3-43ac-8cc7-9a20211fb58e:group-CCD1E3C294F1:LeaderElection27] INFO  impl.RoleInfo (RoleInfo.java:shutdownLeaderElection(134)) - c13e8c2d-5cc3-43ac-8cc7-9a20211fb58e: shutdown LeaderElection
2019-09-12 11:50:59,701 [c13e8c2d-5cc3-43ac-8cc7-9a20211fb58e:group-52A0B6CD4FE9:LeaderElection28] INFO  impl.RaftServerImpl (RaftServerImpl.java:setRole(171)) - c13e8c2d-5cc3-43ac-8cc7-9a20211fb58e:group-52A0B6CD4FE9 changes role from CANDIDATE to LEADER at term 1 for changeToLeader
2019-09-12 11:50:59,701 [c13e8c2d-5cc3-43ac-8cc7-9a20211fb58e:group-CCD1E3C294F1:LeaderElection27] INFO  impl.RaftServerImpl (RaftServerImpl.java:setRole(171)) - c13e8c2d-5cc3-43ac-8cc7-9a20211fb58e:group-CCD1E3C294F1 changes role from CANDIDATE to LEADER at term 1 for changeToLeader
2019-09-12 11:50:59,701 [c13e8c2d-5cc3-43ac-8cc7-9a20211fb58e:group-52A0B6CD4FE9:LeaderElection28] INFO  impl.RaftServerImpl (ServerState.java:setLeader(263)) - c13e8c2d-5cc3-43ac-8cc7-9a20211fb58e:group-52A0B6CD4FE9 change Leader from null to c13e8c2d-5cc3-43ac-8cc7-9a20211fb58e at term 1 for becomeLeader, leader elected after 5054ms
2019-09-12 11:50:59,701 [c13e8c2d-5cc3-43ac-8cc7-9a20211fb58e:group-CCD1E3C294F1:LeaderElection27] INFO  impl.RaftServerImpl (ServerState.java:setLeader(263)) - c13e8c2d-5cc3-43ac-8cc7-9a20211fb58e:group-CCD1E3C294F1 change Leader from null to c13e8c2d-5cc3-43ac-8cc7-9a20211fb58e at term 1 for becomeLeader, leader elected after 5206ms
2019-09-12 11:50:59,702 [c13e8c2d-5cc3-43ac-8cc7-9a20211fb58e:group-52A0B6CD4FE9:LeaderElection28] INFO  server.RaftServerConfigKeys (ConfUtils.java:logGet(43)) - raft.server.staging.catchup.gap = 1000 (default)
2019-09-12 11:50:59,702 [c13e8c2d-5cc3-43ac-8cc7-9a20211fb58e:group-CCD1E3C294F1:LeaderElection27] INFO  server.RaftServerConfigKeys (ConfUtils.java:logGet(43)) - raft.server.staging.catchup.gap = 1000 (default)
2019-09-12 11:50:59,702 [c13e8c2d-5cc3-43ac-8cc7-9a20211fb58e:group-52A0B6CD4FE9:LeaderElection28] INFO  server.RaftServerConfigKeys (ConfUtils.java:logGet(43)) - raft.server.rpc.sleep.time = 25ms (default)
2019-09-12 11:50:59,702 [c13e8c2d-5cc3-43ac-8cc7-9a20211fb58e:group-CCD1E3C294F1:LeaderElection27] INFO  server.RaftServerConfigKeys (ConfUtils.java:logGet(43)) - raft.server.rpc.sleep.time = 25ms (default)
2019-09-12 11:50:59,702 [c13e8c2d-5cc3-43ac-8cc7-9a20211fb58e:group-52A0B6CD4FE9:LeaderElection28] INFO  server.RaftServerConfigKeys (ConfUtils.java:logGet(43)) - raft.server.write.element-limit = 4096 (default)
2019-09-12 11:50:59,702 [c13e8c2d-5cc3-43ac-8cc7-9a20211fb58e:group-CCD1E3C294F1:LeaderElection27] INFO  server.RaftServerConfigKeys (ConfUtils.java:logGet(43)) - raft.server.write.element-limit = 4096 (default)
2019-09-12 11:50:59,702 [c13e8c2d-5cc3-43ac-8cc7-9a20211fb58e:group-52A0B6CD4FE9:LeaderElection28] INFO  server.RaftServerConfigKeys (ConfUtils.java:logGet(43)) - raft.server.watch.timeout = 10s (default)
2019-09-12 11:50:59,702 [c13e8c2d-5cc3-43ac-8cc7-9a20211fb58e:group-CCD1E3C294F1:LeaderElection27] INFO  server.RaftServerConfigKeys (ConfUtils.java:logGet(43)) - raft.server.watch.timeout = 10s (default)
2019-09-12 11:50:59,703 [c13e8c2d-5cc3-43ac-8cc7-9a20211fb58e:group-52A0B6CD4FE9:LeaderElection28] INFO  server.RaftServerConfigKeys (ConfUtils.java:logGet(43)) - raft.server.watch.timeout.denomination = 1s (default)
2019-09-12 11:50:59,703 [c13e8c2d-5cc3-43ac-8cc7-9a20211fb58e:group-CCD1E3C294F1:LeaderElection27] INFO  server.RaftServerConfigKeys (ConfUtils.java:logGet(43)) - raft.server.watch.timeout.denomination = 1s (default)
2019-09-12 11:50:59,703 [c13e8c2d-5cc3-43ac-8cc7-9a20211fb58e:group-52A0B6CD4FE9:LeaderElection28] INFO  server.RaftServerConfigKeys (ConfUtils.java:logGet(43)) - raft.server.watch.element-limit = 65536 (default)
2019-09-12 11:50:59,703 [c13e8c2d-5cc3-43ac-8cc7-9a20211fb58e:group-CCD1E3C294F1:LeaderElection27] INFO  server.RaftServerConfigKeys (ConfUtils.java:logGet(43)) - raft.server.watch.element-limit = 65536 (default)
2019-09-12 11:50:59,703 [c13e8c2d-5cc3-43ac-8cc7-9a20211fb58e:group-52A0B6CD4FE9:LeaderElection28] INFO  impl.RoleInfo (RoleInfo.java:updateAndGet(143)) - c13e8c2d-5cc3-43ac-8cc7-9a20211fb58e: start LeaderState
2019-09-12 11:50:59,703 [c13e8c2d-5cc3-43ac-8cc7-9a20211fb58e:group-CCD1E3C294F1:LeaderElection27] INFO  impl.RoleInfo (RoleInfo.java:updateAndGet(143)) - c13e8c2d-5cc3-43ac-8cc7-9a20211fb58e: start LeaderState
2019-09-12 11:50:59,703 [c13e8c2d-5cc3-43ac-8cc7-9a20211fb58e:group-52A0B6CD4FE9:LeaderElection28] INFO  segmented.SegmentedRaftLogWorker (SegmentedRaftLogWorker.java:startLogSegment(380)) - c13e8c2d-5cc3-43ac-8cc7-9a20211fb58e-SegmentedRaftLogWorker:Storage Directory /workdir/hadoop-ozone/tools/target/test-dir/MiniOzoneClusterImpl-d6dca02c-26cd-4265-82f2-daeedfc193e9/datanode-4/data/ratis/34e0778d-0aea-4d56-afcd-52a0b6cd4fe9: Starting segment from index:0
2019-09-12 11:50:59,704 [c13e8c2d-5cc3-43ac-8cc7-9a20211fb58e:group-CCD1E3C294F1:LeaderElection27] INFO  segmented.SegmentedRaftLogWorker (SegmentedRaftLogWorker.java:startLogSegment(380)) - c13e8c2d-5cc3-43ac-8cc7-9a20211fb58e-SegmentedRaftLogWorker:Storage Directory /workdir/hadoop-ozone/tools/target/test-dir/MiniOzoneClusterImpl-d6dca02c-26cd-4265-82f2-daeedfc193e9/datanode-4/data/ratis/687861e0-9053-4114-8ec5-ccd1e3c294f1: Starting segment from index:0
2019-09-12 11:50:59,704 [c13e8c2d-5cc3-43ac-8cc7-9a20211fb58e:group-52A0B6CD4FE9:LeaderElection28] INFO  impl.RaftServerImpl (ServerState.java:setRaftConf(361)) - c13e8c2d-5cc3-43ac-8cc7-9a20211fb58e:group-52A0B6CD4FE9 set configuration 0: [c13e8c2d-5cc3-43ac-8cc7-9a20211fb58e:192.168.36.114:41622], old=null at 0
2019-09-12 11:50:59,733 [Thread-304] INFO  impl.FollowerState (FollowerState.java:run(106)) - c13e8c2d-5cc3-43ac-8cc7-9a20211fb58e:group-0413BBB5DF70 changes to CANDIDATE, lastRpcTime:5031, electionTimeout:5007ms
2019-09-12 11:50:59,733 [c13e8c2d-5cc3-43ac-8cc7-9a20211fb58e:group-CCD1E3C294F1:LeaderElection27] INFO  impl.RaftServerImpl (ServerState.java:setRaftConf(361)) - c13e8c2d-5cc3-43ac-8cc7-9a20211fb58e:group-CCD1E3C294F1 set configuration 0: [c13e8c2d-5cc3-43ac-8cc7-9a20211fb58e:192.168.36.114:41622], old=null at 0
2019-09-12 11:50:59,733 [Thread-304] INFO  impl.RoleInfo (RoleInfo.java:shutdownFollowerState(121)) - c13e8c2d-5cc3-43ac-8cc7-9a20211fb58e: shutdown FollowerState
2019-09-12 11:50:59,764 [c13e8c2d-5cc3-43ac-8cc7-9a20211fb58e-SegmentedRaftLogWorker:Storage Directory /workdir/hadoop-ozone/tools/target/test-dir/MiniOzoneClusterImpl-d6dca02c-26cd-4265-82f2-daeedfc193e9/datanode-4/data/ratis/34e0778d-0aea-4d56-afcd-52a0b6cd4fe9] INFO  segmented.SegmentedRaftLogWorker (SegmentedRaftLogWorker.java:execute(569)) - c13e8c2d-5cc3-43ac-8cc7-9a20211fb58e-SegmentedRaftLogWorker:Storage Directory /workdir/hadoop-ozone/tools/target/test-dir/MiniOzoneClusterImpl-d6dca02c-26cd-4265-82f2-daeedfc193e9/datanode-4/data/ratis/34e0778d-0aea-4d56-afcd-52a0b6cd4fe9: created new log segment /workdir/hadoop-ozone/tools/target/test-dir/MiniOzoneClusterImpl-d6dca02c-26cd-4265-82f2-daeedfc193e9/datanode-4/data/ratis/34e0778d-0aea-4d56-afcd-52a0b6cd4fe9/current/log_inprogress_0
2019-09-12 11:50:59,764 [Thread-304] INFO  impl.RaftServerImpl (RaftServerImpl.java:setRole(171)) - c13e8c2d-5cc3-43ac-8cc7-9a20211fb58e:group-0413BBB5DF70 changes role from FOLLOWER to CANDIDATE at term 0 for changeToCandidate
2019-09-12 11:50:59,764 [Thread-304] INFO  impl.RoleInfo (RoleInfo.java:updateAndGet(143)) - c13e8c2d-5cc3-43ac-8cc7-9a20211fb58e: start LeaderElection
2019-09-12 11:50:59,776 [Thread-297] INFO  impl.FollowerState (FollowerState.java:run(106)) - c13e8c2d-5cc3-43ac-8cc7-9a20211fb58e:group-EBE8E8DFDC10 changes to CANDIDATE, lastRpcTime:5175, electionTimeout:5175ms
2019-09-12 11:50:59,776 [c13e8c2d-5cc3-43ac-8cc7-9a20211fb58e-SegmentedRaftLogWorker:Storage Directory /workdir/hadoop-ozone/tools/target/test-dir/MiniOzoneClusterImpl-d6dca02c-26cd-4265-82f2-daeedfc193e9/datanode-4/data/ratis/687861e0-9053-4114-8ec5-ccd1e3c294f1] INFO  segmented.SegmentedRaftLogWorker (SegmentedRaftLogWorker.java:execute(569)) - c13e8c2d-5cc3-43ac-8cc7-9a20211fb58e-SegmentedRaftLogWorker:Storage Directory /workdir/hadoop-ozone/tools/target/test-dir/MiniOzoneClusterImpl-d6dca02c-26cd-4265-82f2-daeedfc193e9/datanode-4/data/ratis/687861e0-9053-4114-8ec5-ccd1e3c294f1: created new log segment /workdir/hadoop-ozone/tools/target/test-dir/MiniOzoneClusterImpl-d6dca02c-26cd-4265-82f2-daeedfc193e9/datanode-4/data/ratis/687861e0-9053-4114-8ec5-ccd1e3c294f1/current/log_inprogress_0
2019-09-12 11:50:59,776 [Thread-297] INFO  impl.RoleInfo (RoleInfo.java:shutdownFollowerState(121)) - c13e8c2d-5cc3-43ac-8cc7-9a20211fb58e: shutdown FollowerState
2019-09-12 11:50:59,776 [c13e8c2d-5cc3-43ac-8cc7-9a20211fb58e:group-0413BBB5DF70:LeaderElection29] INFO  impl.LeaderElection (LeaderElection.java:askForVotes(181)) - c13e8c2d-5cc3-43ac-8cc7-9a20211fb58e:group-0413BBB5DF70:LeaderElection29: begin an election at term 1 for -1: [c13e8c2d-5cc3-43ac-8cc7-9a20211fb58e:192.168.36.114:41622], old=null
2019-09-12 11:50:59,777 [Thread-297] INFO  impl.RaftServerImpl (RaftServerImpl.java:setRole(171)) - c13e8c2d-5cc3-43ac-8cc7-9a20211fb58e:group-EBE8E8DFDC10 changes role from FOLLOWER to CANDIDATE at term 0 for changeToCandidate
2019-09-12 11:50:59,777 [c13e8c2d-5cc3-43ac-8cc7-9a20211fb58e:group-0413BBB5DF70:LeaderElection29] INFO  impl.RoleInfo (RoleInfo.java:shutdownLeaderElection(134)) - c13e8c2d-5cc3-43ac-8cc7-9a20211fb58e: shutdown LeaderElection
2019-09-12 11:50:59,777 [Thread-297] INFO  impl.RoleInfo (RoleInfo.java:updateAndGet(143)) - c13e8c2d-5cc3-43ac-8cc7-9a20211fb58e: start LeaderElection
2019-09-12 11:50:59,777 [c13e8c2d-5cc3-43ac-8cc7-9a20211fb58e:group-0413BBB5DF70:LeaderElection29] INFO  impl.RaftServerImpl (RaftServerImpl.java:setRole(171)) - c13e8c2d-5cc3-43ac-8cc7-9a20211fb58e:group-0413BBB5DF70 changes role from CANDIDATE to LEADER at term 1 for changeToLeader
2019-09-12 11:50:59,777 [c13e8c2d-5cc3-43ac-8cc7-9a20211fb58e:group-0413BBB5DF70:LeaderElection29] INFO  impl.RaftServerImpl (ServerState.java:setLeader(263)) - c13e8c2d-5cc3-43ac-8cc7-9a20211fb58e:group-0413BBB5DF70 change Leader from null to c13e8c2d-5cc3-43ac-8cc7-9a20211fb58e at term 1 for becomeLeader, leader elected after 5080ms
2019-09-12 11:50:59,777 [c13e8c2d-5cc3-43ac-8cc7-9a20211fb58e:group-0413BBB5DF70:LeaderElection29] INFO  server.RaftServerConfigKeys (ConfUtils.java:logGet(43)) - raft.server.staging.catchup.gap = 1000 (default)
2019-09-12 11:50:59,779 [c13e8c2d-5cc3-43ac-8cc7-9a20211fb58e:group-0413BBB5DF70:LeaderElection29] INFO  server.RaftServerConfigKeys (ConfUtils.java:logGet(43)) - raft.server.rpc.sleep.time = 25ms (default)
2019-09-12 11:50:59,779 [c13e8c2d-5cc3-43ac-8cc7-9a20211fb58e:group-0413BBB5DF70:LeaderElection29] INFO  server.RaftServerConfigKeys (ConfUtils.java:logGet(43)) - raft.server.write.element-limit = 4096 (default)
2019-09-12 11:50:59,779 [c13e8c2d-5cc3-43ac-8cc7-9a20211fb58e:group-0413BBB5DF70:LeaderElection29] INFO  server.RaftServerConfigKeys (ConfUtils.java:logGet(43)) - raft.server.watch.timeout = 10s (default)
2019-09-12 11:50:59,779 [c13e8c2d-5cc3-43ac-8cc7-9a20211fb58e:group-0413BBB5DF70:LeaderElection29] INFO  server.RaftServerConfigKeys (ConfUtils.java:logGet(43)) - raft.server.watch.timeout.denomination = 1s (default)
2019-09-12 11:50:59,779 [c13e8c2d-5cc3-43ac-8cc7-9a20211fb58e:group-0413BBB5DF70:LeaderElection29] INFO  server.RaftServerConfigKeys (ConfUtils.java:logGet(43)) - raft.server.watch.element-limit = 65536 (default)
2019-09-12 11:50:59,779 [c13e8c2d-5cc3-43ac-8cc7-9a20211fb58e:group-0413BBB5DF70:LeaderElection29] INFO  impl.RoleInfo (RoleInfo.java:updateAndGet(143)) - c13e8c2d-5cc3-43ac-8cc7-9a20211fb58e: start LeaderState
2019-09-12 11:50:59,780 [c13e8c2d-5cc3-43ac-8cc7-9a20211fb58e:group-0413BBB5DF70:LeaderElection29] INFO  segmented.SegmentedRaftLogWorker (SegmentedRaftLogWorker.java:startLogSegment(380)) - c13e8c2d-5cc3-43ac-8cc7-9a20211fb58e-SegmentedRaftLogWorker:Storage Directory /workdir/hadoop-ozone/tools/target/test-dir/MiniOzoneClusterImpl-d6dca02c-26cd-4265-82f2-daeedfc193e9/datanode-4/data/ratis/d926cfca-60b9-4d7b-84cb-0413bbb5df70: Starting segment from index:0
2019-09-12 11:50:59,780 [c13e8c2d-5cc3-43ac-8cc7-9a20211fb58e:group-0413BBB5DF70:LeaderElection29] INFO  impl.RaftServerImpl (ServerState.java:setRaftConf(361)) - c13e8c2d-5cc3-43ac-8cc7-9a20211fb58e:group-0413BBB5DF70 set configuration 0: [c13e8c2d-5cc3-43ac-8cc7-9a20211fb58e:192.168.36.114:41622], old=null at 0
2019-09-12 11:50:59,814 [c13e8c2d-5cc3-43ac-8cc7-9a20211fb58e:group-EBE8E8DFDC10:LeaderElection30] INFO  impl.LeaderElection (LeaderElection.java:askForVotes(181)) - c13e8c2d-5cc3-43ac-8cc7-9a20211fb58e:group-EBE8E8DFDC10:LeaderElection30: begin an election at term 1 for -1: [c13e8c2d-5cc3-43ac-8cc7-9a20211fb58e:192.168.36.114:41622], old=null
2019-09-12 11:50:59,814 [c13e8c2d-5cc3-43ac-8cc7-9a20211fb58e:group-EBE8E8DFDC10:LeaderElection30] INFO  impl.RoleInfo (RoleInfo.java:shutdownLeaderElection(134)) - c13e8c2d-5cc3-43ac-8cc7-9a20211fb58e: shutdown LeaderElection
2019-09-12 11:50:59,814 [c13e8c2d-5cc3-43ac-8cc7-9a20211fb58e:group-EBE8E8DFDC10:LeaderElection30] INFO  impl.RaftServerImpl (RaftServerImpl.java:setRole(171)) - c13e8c2d-5cc3-43ac-8cc7-9a20211fb58e:group-EBE8E8DFDC10 changes role from CANDIDATE to LEADER at term 1 for changeToLeader
2019-09-12 11:50:59,814 [c13e8c2d-5cc3-43ac-8cc7-9a20211fb58e:group-EBE8E8DFDC10:LeaderElection30] INFO  impl.RaftServerImpl (ServerState.java:setLeader(263)) - c13e8c2d-5cc3-43ac-8cc7-9a20211fb58e:group-EBE8E8DFDC10 change Leader from null to c13e8c2d-5cc3-43ac-8cc7-9a20211fb58e at term 1 for becomeLeader, leader elected after 5218ms
2019-09-12 11:50:59,814 [c13e8c2d-5cc3-43ac-8cc7-9a20211fb58e:group-EBE8E8DFDC10:LeaderElection30] INFO  server.RaftServerConfigKeys (ConfUtils.java:logGet(43)) - raft.server.staging.catchup.gap = 1000 (default)
2019-09-12 11:50:59,815 [c13e8c2d-5cc3-43ac-8cc7-9a20211fb58e:group-EBE8E8DFDC10:LeaderElection30] INFO  server.RaftServerConfigKeys (ConfUtils.java:logGet(43)) - raft.server.rpc.sleep.time = 25ms (default)
2019-09-12 11:50:59,815 [c13e8c2d-5cc3-43ac-8cc7-9a20211fb58e:group-EBE8E8DFDC10:LeaderElection30] INFO  server.RaftServerConfigKeys (ConfUtils.java:logGet(43)) - raft.server.write.element-limit = 4096 (default)
2019-09-12 11:50:59,815 [c13e8c2d-5cc3-43ac-8cc7-9a20211fb58e:group-EBE8E8DFDC10:LeaderElection30] INFO  server.RaftServerConfigKeys (ConfUtils.java:logGet(43)) - raft.server.watch.timeout = 10s (default)
2019-09-12 11:50:59,815 [c13e8c2d-5cc3-43ac-8cc7-9a20211fb58e:group-EBE8E8DFDC10:LeaderElection30] INFO  server.RaftServerConfigKeys (ConfUtils.java:logGet(43)) - raft.server.watch.timeout.denomination = 1s (default)
2019-09-12 11:50:59,815 | INFO  | SCMAudit | user=jenkins1000 | ip=192.168.36.114 | op=SEND_HEARTBEAT {datanodeUUID=233f3d22-ae09-46be-8182-f5e58d004644, command=[]} | ret=SUCCESS |  
2019-09-12 11:50:59,815 [c13e8c2d-5cc3-43ac-8cc7-9a20211fb58e:group-EBE8E8DFDC10:LeaderElection30] INFO  server.RaftServerConfigKeys (ConfUtils.java:logGet(43)) - raft.server.watch.element-limit = 65536 (default)
2019-09-12 11:50:59,816 [c13e8c2d-5cc3-43ac-8cc7-9a20211fb58e:group-EBE8E8DFDC10:LeaderElection30] INFO  impl.RoleInfo (RoleInfo.java:updateAndGet(143)) - c13e8c2d-5cc3-43ac-8cc7-9a20211fb58e: start LeaderState
2019-09-12 11:50:59,816 [c13e8c2d-5cc3-43ac-8cc7-9a20211fb58e:group-EBE8E8DFDC10:LeaderElection30] INFO  segmented.SegmentedRaftLogWorker (SegmentedRaftLogWorker.java:startLogSegment(380)) - c13e8c2d-5cc3-43ac-8cc7-9a20211fb58e-SegmentedRaftLogWorker:Storage Directory /workdir/hadoop-ozone/tools/target/test-dir/MiniOzoneClusterImpl-d6dca02c-26cd-4265-82f2-daeedfc193e9/datanode-4/data/ratis/2d4510a4-36a1-41ed-99d8-ebe8e8dfdc10: Starting segment from index:0
2019-09-12 11:50:59,816 [c13e8c2d-5cc3-43ac-8cc7-9a20211fb58e:group-EBE8E8DFDC10:LeaderElection30] INFO  impl.RaftServerImpl (ServerState.java:setRaftConf(361)) - c13e8c2d-5cc3-43ac-8cc7-9a20211fb58e:group-EBE8E8DFDC10 set configuration 0: [c13e8c2d-5cc3-43ac-8cc7-9a20211fb58e:192.168.36.114:41622], old=null at 0
2019-09-12 11:50:59,845 [c13e8c2d-5cc3-43ac-8cc7-9a20211fb58e-SegmentedRaftLogWorker:Storage Directory /workdir/hadoop-ozone/tools/target/test-dir/MiniOzoneClusterImpl-d6dca02c-26cd-4265-82f2-daeedfc193e9/datanode-4/data/ratis/d926cfca-60b9-4d7b-84cb-0413bbb5df70] INFO  segmented.SegmentedRaftLogWorker (SegmentedRaftLogWorker.java:execute(569)) - c13e8c2d-5cc3-43ac-8cc7-9a20211fb58e-SegmentedRaftLogWorker:Storage Directory /workdir/hadoop-ozone/tools/target/test-dir/MiniOzoneClusterImpl-d6dca02c-26cd-4265-82f2-daeedfc193e9/datanode-4/data/ratis/d926cfca-60b9-4d7b-84cb-0413bbb5df70: created new log segment /workdir/hadoop-ozone/tools/target/test-dir/MiniOzoneClusterImpl-d6dca02c-26cd-4265-82f2-daeedfc193e9/datanode-4/data/ratis/d926cfca-60b9-4d7b-84cb-0413bbb5df70/current/log_inprogress_0
2019-09-12 11:50:59,857 [c13e8c2d-5cc3-43ac-8cc7-9a20211fb58e-SegmentedRaftLogWorker:Storage Directory /workdir/hadoop-ozone/tools/target/test-dir/MiniOzoneClusterImpl-d6dca02c-26cd-4265-82f2-daeedfc193e9/datanode-4/data/ratis/2d4510a4-36a1-41ed-99d8-ebe8e8dfdc10] INFO  segmented.SegmentedRaftLogWorker (SegmentedRaftLogWorker.java:execute(569)) - c13e8c2d-5cc3-43ac-8cc7-9a20211fb58e-SegmentedRaftLogWorker:Storage Directory /workdir/hadoop-ozone/tools/target/test-dir/MiniOzoneClusterImpl-d6dca02c-26cd-4265-82f2-daeedfc193e9/datanode-4/data/ratis/2d4510a4-36a1-41ed-99d8-ebe8e8dfdc10: created new log segment /workdir/hadoop-ozone/tools/target/test-dir/MiniOzoneClusterImpl-d6dca02c-26cd-4265-82f2-daeedfc193e9/datanode-4/data/ratis/2d4510a4-36a1-41ed-99d8-ebe8e8dfdc10/current/log_inprogress_0
2019-09-12 11:51:00,035 | INFO  | SCMAudit | user=jenkins1000 | ip=192.168.36.114 | op=SEND_HEARTBEAT {datanodeUUID=8c993e87-89d2-4e6e-901e-5640f3030957, command=[]} | ret=SUCCESS |  
2019-09-12 11:51:00,438 | INFO  | SCMAudit | user=jenkins1000 | ip=192.168.36.114 | op=SEND_HEARTBEAT {datanodeUUID=9aaf2f78-d78f-4ebc-b7a2-56dce2b57085, command=[]} | ret=SUCCESS |  
2019-09-12 11:51:00,517 | INFO  | SCMAudit | user=jenkins1000 | ip=192.168.36.114 | op=SEND_HEARTBEAT {datanodeUUID=c13e8c2d-5cc3-43ac-8cc7-9a20211fb58e, command=[]} | ret=SUCCESS |  
2019-09-12 11:51:00,591 | INFO  | SCMAudit | user=jenkins1000 | ip=192.168.36.114 | op=SEND_HEARTBEAT {datanodeUUID=9d7d954f-b073-45cf-8f2c-ae2cc2b7e120, command=[]} | ret=SUCCESS |  
2019-09-12 11:51:00,816 | INFO  | SCMAudit | user=jenkins1000 | ip=192.168.36.114 | op=SEND_HEARTBEAT {datanodeUUID=233f3d22-ae09-46be-8182-f5e58d004644, command=[]} | ret=SUCCESS |  
2019-09-12 11:51:01,035 | INFO  | SCMAudit | user=jenkins1000 | ip=192.168.36.114 | op=SEND_HEARTBEAT {datanodeUUID=8c993e87-89d2-4e6e-901e-5640f3030957, command=[]} | ret=SUCCESS |  
2019-09-12 11:51:01,439 | INFO  | SCMAudit | user=jenkins1000 | ip=192.168.36.114 | op=SEND_HEARTBEAT {datanodeUUID=9aaf2f78-d78f-4ebc-b7a2-56dce2b57085, command=[]} | ret=SUCCESS |  
2019-09-12 11:51:01,517 | INFO  | SCMAudit | user=jenkins1000 | ip=192.168.36.114 | op=SEND_HEARTBEAT {datanodeUUID=c13e8c2d-5cc3-43ac-8cc7-9a20211fb58e, command=[]} | ret=SUCCESS |  
2019-09-12 11:51:01,591 | INFO  | SCMAudit | user=jenkins1000 | ip=192.168.36.114 | op=SEND_HEARTBEAT {datanodeUUID=9d7d954f-b073-45cf-8f2c-ae2cc2b7e120, command=[]} | ret=SUCCESS |  
2019-09-12 11:51:01,815 | INFO  | SCMAudit | user=jenkins1000 | ip=192.168.36.114 | op=SEND_HEARTBEAT {datanodeUUID=233f3d22-ae09-46be-8182-f5e58d004644, command=[]} | ret=SUCCESS |  
2019-09-12 11:51:02,035 | INFO  | SCMAudit | user=jenkins1000 | ip=192.168.36.114 | op=SEND_HEARTBEAT {datanodeUUID=8c993e87-89d2-4e6e-901e-5640f3030957, command=[]} | ret=SUCCESS |  
2019-09-12 11:51:02,438 | INFO  | SCMAudit | user=jenkins1000 | ip=192.168.36.114 | op=SEND_HEARTBEAT {datanodeUUID=9aaf2f78-d78f-4ebc-b7a2-56dce2b57085, command=[]} | ret=SUCCESS |  
2019-09-12 11:51:02,518 | INFO  | SCMAudit | user=jenkins1000 | ip=192.168.36.114 | op=SEND_HEARTBEAT {datanodeUUID=c13e8c2d-5cc3-43ac-8cc7-9a20211fb58e, command=[]} | ret=SUCCESS |  
2019-09-12 11:51:02,592 | INFO  | SCMAudit | user=jenkins1000 | ip=192.168.36.114 | op=SEND_HEARTBEAT {datanodeUUID=9d7d954f-b073-45cf-8f2c-ae2cc2b7e120, command=[]} | ret=SUCCESS |  
2019-09-12 11:51:02,816 | INFO  | SCMAudit | user=jenkins1000 | ip=192.168.36.114 | op=SEND_HEARTBEAT {datanodeUUID=233f3d22-ae09-46be-8182-f5e58d004644, command=[]} | ret=SUCCESS |  
2019-09-12 11:51:03,035 | INFO  | SCMAudit | user=jenkins1000 | ip=192.168.36.114 | op=SEND_HEARTBEAT {datanodeUUID=8c993e87-89d2-4e6e-901e-5640f3030957, command=[]} | ret=SUCCESS |  
2019-09-12 11:51:03,439 | INFO  | SCMAudit | user=jenkins1000 | ip=192.168.36.114 | op=SEND_HEARTBEAT {datanodeUUID=9aaf2f78-d78f-4ebc-b7a2-56dce2b57085, command=[]} | ret=SUCCESS |  
2019-09-12 11:51:03,518 | INFO  | SCMAudit | user=jenkins1000 | ip=192.168.36.114 | op=SEND_HEARTBEAT {datanodeUUID=c13e8c2d-5cc3-43ac-8cc7-9a20211fb58e, command=[]} | ret=SUCCESS |  
2019-09-12 11:51:03,591 | INFO  | SCMAudit | user=jenkins1000 | ip=192.168.36.114 | op=SEND_HEARTBEAT {datanodeUUID=9d7d954f-b073-45cf-8f2c-ae2cc2b7e120, command=[]} | ret=SUCCESS |  
2019-09-12 11:51:03,815 | INFO  | SCMAudit | user=jenkins1000 | ip=192.168.36.114 | op=SEND_HEARTBEAT {datanodeUUID=233f3d22-ae09-46be-8182-f5e58d004644, command=[]} | ret=SUCCESS |  
]]></system-out>
    <system-err><![CDATA[Sep 12, 2019 11:50:46 AM com.sun.jersey.server.impl.application.WebApplicationImpl _initiate
INFO: Initiating Jersey application, version 'Jersey: 1.19 02/11/2015 03:25 AM'
Sep 12, 2019 11:50:47 AM com.sun.jersey.server.impl.application.WebApplicationImpl _initiate
INFO: Initiating Jersey application, version 'Jersey: 1.19 02/11/2015 03:25 AM'
Sep 12, 2019 11:50:47 AM com.sun.jersey.server.impl.application.WebApplicationImpl _initiate
INFO: Initiating Jersey application, version 'Jersey: 1.19 02/11/2015 03:25 AM'
Sep 12, 2019 11:50:48 AM com.sun.jersey.server.impl.application.WebApplicationImpl _initiate
INFO: Initiating Jersey application, version 'Jersey: 1.19 02/11/2015 03:25 AM'
Sep 12, 2019 11:50:48 AM com.sun.jersey.server.impl.application.WebApplicationImpl _initiate
INFO: Initiating Jersey application, version 'Jersey: 1.19 02/11/2015 03:25 AM'
]]></system-err>
  </testcase>
  <testcase name="standaloneTestLargeKey" classname="org.apache.hadoop.ozone.freon.TestDataValidateWithUnsafeByteOperations" time="10.148">
    <error message="Allocated 0 blocks. Requested 5 blocks" type="INTERNAL_ERROR org.apache.hadoop.ozone.om.exceptions.OMException">INTERNAL_ERROR org.apache.hadoop.ozone.om.exceptions.OMException: Allocated 0 blocks. Requested 5 blocks
	at org.apache.hadoop.ozone.om.protocolPB.OzoneManagerProtocolClientSideTranslatorPB.handleError(OzoneManagerProtocolClientSideTranslatorPB.java:725)
	at org.apache.hadoop.ozone.om.protocolPB.OzoneManagerProtocolClientSideTranslatorPB.openKey(OzoneManagerProtocolClientSideTranslatorPB.java:716)
	at org.apache.hadoop.ozone.client.rpc.RpcClient.createKey(RpcClient.java:615)
	at org.apache.hadoop.ozone.client.OzoneBucket.createKey(OzoneBucket.java:323)
	at org.apache.hadoop.ozone.freon.RandomKeyGenerator.createKey(RandomKeyGenerator.java:686)
	at org.apache.hadoop.ozone.freon.RandomKeyGenerator.access$1100(RandomKeyGenerator.java:87)
	at org.apache.hadoop.ozone.freon.RandomKeyGenerator$ObjectCreator.run(RandomKeyGenerator.java:606)
	at java.util.concurrent.Executors$RunnableAdapter.call(Executors.java:511)
	at java.util.concurrent.FutureTask.run(FutureTask.java:266)
	at java.util.concurrent.ThreadPoolExecutor.runWorker(ThreadPoolExecutor.java:1149)
	at java.util.concurrent.ThreadPoolExecutor$Worker.run(ThreadPoolExecutor.java:624)
	at java.lang.Thread.run(Thread.java:748)
</error>
    <system-out><![CDATA[2019-09-12 11:51:04,036 | INFO  | SCMAudit | user=jenkins1000 | ip=192.168.36.114 | op=SEND_HEARTBEAT {datanodeUUID=8c993e87-89d2-4e6e-901e-5640f3030957, command=[]} | ret=SUCCESS |  
2019-09-12 11:51:04,090 [main] INFO  freon.RandomKeyGenerator (RandomKeyGenerator.java:call(275)) - Number of Threads: 10
2019-09-12 11:51:04,091 [main] INFO  freon.RandomKeyGenerator (RandomKeyGenerator.java:call(280)) - Number of Volumes: 1.
2019-09-12 11:51:04,091 [main] INFO  freon.RandomKeyGenerator (RandomKeyGenerator.java:call(281)) - Number of Buckets per Volume: 1.
2019-09-12 11:51:04,091 [main] INFO  freon.RandomKeyGenerator (RandomKeyGenerator.java:call(282)) - Number of Keys per Bucket: 1.
2019-09-12 11:51:04,091 [main] INFO  freon.RandomKeyGenerator (RandomKeyGenerator.java:call(283)) - Key size: 20971520 bytes
2019-09-12 11:51:04,091 [main] INFO  freon.RandomKeyGenerator (RandomKeyGenerator.java:call(284)) - Buffer size: 4096 bytes
2019-09-12 11:51:04,093 [pool-79-thread-1] INFO  rpc.RpcClient (RpcClient.java:createVolume(293)) - Creating Volume: vol-0-15677, with jenkins1000 as owner.
2019-09-12 11:51:04,093 [main] INFO  freon.RandomKeyGenerator (RandomKeyGenerator.java:call(298)) - Data validation is enabled.
2019-09-12 11:51:04,095 [main] INFO  freon.RandomKeyGenerator (RandomKeyGenerator.java:call(304)) - Starting progress bar Thread.

 0.00% |█                                                                                                    |  0/1 Time: 0:00:002019-09-12 11:51:04,098 | INFO  | OMAudit | user=jenkins1000 | ip=127.0.0.1 | op=CREATE_VOLUME {admin=jenkins1000, owner=jenkins1000, volume=vol-0-15677, creationTime=1568289064097, quotaInBytes=1152921504606846976} | ret=SUCCESS |  
2019-09-12 11:51:04,100 | INFO  | OMAudit | user=jenkins1000 | ip=127.0.0.1 | op=READ_VOLUME {volume=vol-0-15677} | ret=SUCCESS |  
2019-09-12 11:51:04,115 [pool-79-thread-2] INFO  rpc.RpcClient (RpcClient.java:createBucket(432)) - Creating Bucket: vol-0-15677/bucket-0-90912, with Versioning false and Storage Type set to DISK and Encryption set to false 
2019-09-12 11:51:04,118 | INFO  | OMAudit | user=jenkins1000 | ip=127.0.0.1 | op=CREATE_BUCKET {volume=vol-0-15677, bucket=bucket-0-90912, acls=[user:jenkins1000:a[ACCESS], group:default:a[ACCESS]], isVersionEnabled=false, storageType=DISK, creationTime=0} | ret=SUCCESS |  
2019-09-12 11:51:04,120 | INFO  | OMAudit | user=jenkins1000 | ip=127.0.0.1 | op=READ_BUCKET {volume=vol-0-15677, bucket=bucket-0-90912} | ret=SUCCESS |  
2019-09-12 11:51:04,135 [IPC Server handler 4 on 39597] ERROR pipeline.PipelinePlacementPolicy (PipelinePlacementPolicy.java:meetCriteria(92)) - Pipeline Placement: Doesn't meet the criteria to be viable node. Heaviness: 6
2019-09-12 11:51:04,135 [IPC Server handler 4 on 39597] ERROR pipeline.PipelinePlacementPolicy (PipelinePlacementPolicy.java:meetCriteria(92)) - Pipeline Placement: Doesn't meet the criteria to be viable node. Heaviness: 6
2019-09-12 11:51:04,136 [IPC Server handler 4 on 39597] ERROR pipeline.PipelinePlacementPolicy (PipelinePlacementPolicy.java:meetCriteria(92)) - Pipeline Placement: Doesn't meet the criteria to be viable node. Heaviness: 6
2019-09-12 11:51:04,136 [IPC Server handler 4 on 39597] ERROR pipeline.PipelinePlacementPolicy (PipelinePlacementPolicy.java:meetCriteria(92)) - Pipeline Placement: Doesn't meet the criteria to be viable node. Heaviness: 6
2019-09-12 11:51:04,136 [IPC Server handler 4 on 39597] ERROR pipeline.PipelinePlacementPolicy (PipelinePlacementPolicy.java:meetCriteria(92)) - Pipeline Placement: Doesn't meet the criteria to be viable node. Heaviness: 6
2019-09-12 11:51:04,136 [IPC Server handler 4 on 39597] ERROR pipeline.PipelinePlacementPolicy (PipelinePlacementPolicy.java:filterViableNodes(147)) - Unable to find enough nodes that meet the criteria that cannot engage in more than 5 pipelines. Nodes required: 3 Found: 0, healthy nodes count inNodeManager: 5.
2019-09-12 11:51:04,136 [IPC Server handler 4 on 39597] ERROR pipeline.SCMPipelineManager (SCMPipelineManager.java:createPipeline(161)) - Pipeline creation failed due to exception: Unable to find enough nodes that meet the criteria that cannot engage in more than 5 pipelines. Nodes required: 3 Found: 0, healthy nodes count inNodeManager: 5.
2019-09-12 11:51:04,137 [IPC Server handler 4 on 39597] WARN  block.BlockManagerImpl (BlockManagerImpl.java:allocateBlock(192)) - Pipeline creation failed for type:RATIS factor:THREE. Retrying get pipelines call once.
org.apache.hadoop.hdds.scm.exceptions.SCMException: Unable to find enough nodes that meet the criteria that cannot engage in more than 5 pipelines. Nodes required: 3 Found: 0, healthy nodes count inNodeManager: 5.
	at org.apache.hadoop.hdds.scm.pipeline.PipelinePlacementPolicy.filterViableNodes(PipelinePlacementPolicy.java:148)
	at org.apache.hadoop.hdds.scm.pipeline.PipelinePlacementPolicy.chooseDatanodes(PipelinePlacementPolicy.java:171)
	at org.apache.hadoop.hdds.scm.pipeline.RatisPipelineProvider.create(RatisPipelineProvider.java:100)
	at org.apache.hadoop.hdds.scm.pipeline.PipelineFactory.create(PipelineFactory.java:57)
	at org.apache.hadoop.hdds.scm.pipeline.SCMPipelineManager.createPipeline(SCMPipelineManager.java:149)
	at org.apache.hadoop.hdds.scm.block.BlockManagerImpl.allocateBlock(BlockManagerImpl.java:190)
	at org.apache.hadoop.hdds.scm.server.SCMBlockProtocolServer.allocateBlock(SCMBlockProtocolServer.java:175)
	at org.apache.hadoop.ozone.protocolPB.ScmBlockLocationProtocolServerSideTranslatorPB.allocateScmBlock(ScmBlockLocationProtocolServerSideTranslatorPB.java:153)
	at org.apache.hadoop.ozone.protocolPB.ScmBlockLocationProtocolServerSideTranslatorPB.send(ScmBlockLocationProtocolServerSideTranslatorPB.java:112)
	at org.apache.hadoop.hdds.protocol.proto.ScmBlockLocationProtocolProtos$ScmBlockLocationProtocolService$2.callBlockingMethod(ScmBlockLocationProtocolProtos.java:13157)
	at org.apache.hadoop.ipc.ProtobufRpcEngine$Server$ProtoBufRpcInvoker.call(ProtobufRpcEngine.java:524)
	at org.apache.hadoop.ipc.RPC$Server.call(RPC.java:1025)
	at org.apache.hadoop.ipc.Server$RpcCall.run(Server.java:876)
	at org.apache.hadoop.ipc.Server$RpcCall.run(Server.java:822)
	at java.security.AccessController.doPrivileged(Native Method)
	at javax.security.auth.Subject.doAs(Subject.java:422)
	at org.apache.hadoop.security.UserGroupInformation.doAs(UserGroupInformation.java:1730)
	at org.apache.hadoop.ipc.Server$Handler.run(Server.java:2682)
2019-09-12 11:51:04,137 [IPC Server handler 4 on 39597] INFO  block.BlockManagerImpl (BlockManagerImpl.java:allocateBlock(198)) - Could not find available pipeline of type:RATIS and factor:THREE even after retrying
2019-09-12 11:51:04,138 [IPC Server handler 4 on 39597] ERROR block.BlockManagerImpl (BlockManagerImpl.java:allocateBlock(222)) - Unable to allocate a block for the size: 4194304, type: RATIS, factor: THREE
2019-09-12 11:51:04,138 [IPC Server handler 4 on 39597] ERROR pipeline.PipelinePlacementPolicy (PipelinePlacementPolicy.java:meetCriteria(92)) - Pipeline Placement: Doesn't meet the criteria to be viable node. Heaviness: 6
2019-09-12 11:51:04,138 [IPC Server handler 4 on 39597] ERROR pipeline.PipelinePlacementPolicy (PipelinePlacementPolicy.java:meetCriteria(92)) - Pipeline Placement: Doesn't meet the criteria to be viable node. Heaviness: 6
2019-09-12 11:51:04,138 [IPC Server handler 4 on 39597] ERROR pipeline.PipelinePlacementPolicy (PipelinePlacementPolicy.java:meetCriteria(92)) - Pipeline Placement: Doesn't meet the criteria to be viable node. Heaviness: 6
2019-09-12 11:51:04,139 [IPC Server handler 4 on 39597] ERROR pipeline.PipelinePlacementPolicy (PipelinePlacementPolicy.java:meetCriteria(92)) - Pipeline Placement: Doesn't meet the criteria to be viable node. Heaviness: 6
2019-09-12 11:51:04,139 [IPC Server handler 4 on 39597] ERROR pipeline.PipelinePlacementPolicy (PipelinePlacementPolicy.java:meetCriteria(92)) - Pipeline Placement: Doesn't meet the criteria to be viable node. Heaviness: 6
2019-09-12 11:51:04,139 [IPC Server handler 4 on 39597] ERROR pipeline.PipelinePlacementPolicy (PipelinePlacementPolicy.java:filterViableNodes(147)) - Unable to find enough nodes that meet the criteria that cannot engage in more than 5 pipelines. Nodes required: 3 Found: 0, healthy nodes count inNodeManager: 5.
2019-09-12 11:51:04,139 [IPC Server handler 4 on 39597] ERROR pipeline.SCMPipelineManager (SCMPipelineManager.java:createPipeline(161)) - Pipeline creation failed due to exception: Unable to find enough nodes that meet the criteria that cannot engage in more than 5 pipelines. Nodes required: 3 Found: 0, healthy nodes count inNodeManager: 5.
2019-09-12 11:51:04,139 [IPC Server handler 4 on 39597] WARN  block.BlockManagerImpl (BlockManagerImpl.java:allocateBlock(192)) - Pipeline creation failed for type:RATIS factor:THREE. Retrying get pipelines call once.
org.apache.hadoop.hdds.scm.exceptions.SCMException: Unable to find enough nodes that meet the criteria that cannot engage in more than 5 pipelines. Nodes required: 3 Found: 0, healthy nodes count inNodeManager: 5.
	at org.apache.hadoop.hdds.scm.pipeline.PipelinePlacementPolicy.filterViableNodes(PipelinePlacementPolicy.java:148)
	at org.apache.hadoop.hdds.scm.pipeline.PipelinePlacementPolicy.chooseDatanodes(PipelinePlacementPolicy.java:171)
	at org.apache.hadoop.hdds.scm.pipeline.RatisPipelineProvider.create(RatisPipelineProvider.java:100)
	at org.apache.hadoop.hdds.scm.pipeline.PipelineFactory.create(PipelineFactory.java:57)
	at org.apache.hadoop.hdds.scm.pipeline.SCMPipelineManager.createPipeline(SCMPipelineManager.java:149)
	at org.apache.hadoop.hdds.scm.block.BlockManagerImpl.allocateBlock(BlockManagerImpl.java:190)
	at org.apache.hadoop.hdds.scm.server.SCMBlockProtocolServer.allocateBlock(SCMBlockProtocolServer.java:175)
	at org.apache.hadoop.ozone.protocolPB.ScmBlockLocationProtocolServerSideTranslatorPB.allocateScmBlock(ScmBlockLocationProtocolServerSideTranslatorPB.java:153)
	at org.apache.hadoop.ozone.protocolPB.ScmBlockLocationProtocolServerSideTranslatorPB.send(ScmBlockLocationProtocolServerSideTranslatorPB.java:112)
	at org.apache.hadoop.hdds.protocol.proto.ScmBlockLocationProtocolProtos$ScmBlockLocationProtocolService$2.callBlockingMethod(ScmBlockLocationProtocolProtos.java:13157)
	at org.apache.hadoop.ipc.ProtobufRpcEngine$Server$ProtoBufRpcInvoker.call(ProtobufRpcEngine.java:524)
	at org.apache.hadoop.ipc.RPC$Server.call(RPC.java:1025)
	at org.apache.hadoop.ipc.Server$RpcCall.run(Server.java:876)
	at org.apache.hadoop.ipc.Server$RpcCall.run(Server.java:822)
	at java.security.AccessController.doPrivileged(Native Method)
	at javax.security.auth.Subject.doAs(Subject.java:422)
	at org.apache.hadoop.security.UserGroupInformation.doAs(UserGroupInformation.java:1730)
	at org.apache.hadoop.ipc.Server$Handler.run(Server.java:2682)
2019-09-12 11:51:04,142 [IPC Server handler 4 on 39597] INFO  block.BlockManagerImpl (BlockManagerImpl.java:allocateBlock(198)) - Could not find available pipeline of type:RATIS and factor:THREE even after retrying
2019-09-12 11:51:04,142 [IPC Server handler 4 on 39597] ERROR block.BlockManagerImpl (BlockManagerImpl.java:allocateBlock(222)) - Unable to allocate a block for the size: 4194304, type: RATIS, factor: THREE
2019-09-12 11:51:04,143 [IPC Server handler 4 on 39597] ERROR pipeline.PipelinePlacementPolicy (PipelinePlacementPolicy.java:meetCriteria(92)) - Pipeline Placement: Doesn't meet the criteria to be viable node. Heaviness: 6
2019-09-12 11:51:04,143 [IPC Server handler 4 on 39597] ERROR pipeline.PipelinePlacementPolicy (PipelinePlacementPolicy.java:meetCriteria(92)) - Pipeline Placement: Doesn't meet the criteria to be viable node. Heaviness: 6
2019-09-12 11:51:04,143 [IPC Server handler 4 on 39597] ERROR pipeline.PipelinePlacementPolicy (PipelinePlacementPolicy.java:meetCriteria(92)) - Pipeline Placement: Doesn't meet the criteria to be viable node. Heaviness: 6
2019-09-12 11:51:04,143 [IPC Server handler 4 on 39597] ERROR pipeline.PipelinePlacementPolicy (PipelinePlacementPolicy.java:meetCriteria(92)) - Pipeline Placement: Doesn't meet the criteria to be viable node. Heaviness: 6
2019-09-12 11:51:04,143 [IPC Server handler 4 on 39597] ERROR pipeline.PipelinePlacementPolicy (PipelinePlacementPolicy.java:meetCriteria(92)) - Pipeline Placement: Doesn't meet the criteria to be viable node. Heaviness: 6
2019-09-12 11:51:04,144 [IPC Server handler 4 on 39597] ERROR pipeline.PipelinePlacementPolicy (PipelinePlacementPolicy.java:filterViableNodes(147)) - Unable to find enough nodes that meet the criteria that cannot engage in more than 5 pipelines. Nodes required: 3 Found: 0, healthy nodes count inNodeManager: 5.
2019-09-12 11:51:04,144 [IPC Server handler 4 on 39597] ERROR pipeline.SCMPipelineManager (SCMPipelineManager.java:createPipeline(161)) - Pipeline creation failed due to exception: Unable to find enough nodes that meet the criteria that cannot engage in more than 5 pipelines. Nodes required: 3 Found: 0, healthy nodes count inNodeManager: 5.
2019-09-12 11:51:04,144 [IPC Server handler 4 on 39597] WARN  block.BlockManagerImpl (BlockManagerImpl.java:allocateBlock(192)) - Pipeline creation failed for type:RATIS factor:THREE. Retrying get pipelines call once.
org.apache.hadoop.hdds.scm.exceptions.SCMException: Unable to find enough nodes that meet the criteria that cannot engage in more than 5 pipelines. Nodes required: 3 Found: 0, healthy nodes count inNodeManager: 5.
	at org.apache.hadoop.hdds.scm.pipeline.PipelinePlacementPolicy.filterViableNodes(PipelinePlacementPolicy.java:148)
	at org.apache.hadoop.hdds.scm.pipeline.PipelinePlacementPolicy.chooseDatanodes(PipelinePlacementPolicy.java:171)
	at org.apache.hadoop.hdds.scm.pipeline.RatisPipelineProvider.create(RatisPipelineProvider.java:100)
	at org.apache.hadoop.hdds.scm.pipeline.PipelineFactory.create(PipelineFactory.java:57)
	at org.apache.hadoop.hdds.scm.pipeline.SCMPipelineManager.createPipeline(SCMPipelineManager.java:149)
	at org.apache.hadoop.hdds.scm.block.BlockManagerImpl.allocateBlock(BlockManagerImpl.java:190)
	at org.apache.hadoop.hdds.scm.server.SCMBlockProtocolServer.allocateBlock(SCMBlockProtocolServer.java:175)
	at org.apache.hadoop.ozone.protocolPB.ScmBlockLocationProtocolServerSideTranslatorPB.allocateScmBlock(ScmBlockLocationProtocolServerSideTranslatorPB.java:153)
	at org.apache.hadoop.ozone.protocolPB.ScmBlockLocationProtocolServerSideTranslatorPB.send(ScmBlockLocationProtocolServerSideTranslatorPB.java:112)
	at org.apache.hadoop.hdds.protocol.proto.ScmBlockLocationProtocolProtos$ScmBlockLocationProtocolService$2.callBlockingMethod(ScmBlockLocationProtocolProtos.java:13157)
	at org.apache.hadoop.ipc.ProtobufRpcEngine$Server$ProtoBufRpcInvoker.call(ProtobufRpcEngine.java:524)
	at org.apache.hadoop.ipc.RPC$Server.call(RPC.java:1025)
	at org.apache.hadoop.ipc.Server$RpcCall.run(Server.java:876)
	at org.apache.hadoop.ipc.Server$RpcCall.run(Server.java:822)
	at java.security.AccessController.doPrivileged(Native Method)
	at javax.security.auth.Subject.doAs(Subject.java:422)
	at org.apache.hadoop.security.UserGroupInformation.doAs(UserGroupInformation.java:1730)
	at org.apache.hadoop.ipc.Server$Handler.run(Server.java:2682)
2019-09-12 11:51:04,145 [IPC Server handler 4 on 39597] INFO  block.BlockManagerImpl (BlockManagerImpl.java:allocateBlock(198)) - Could not find available pipeline of type:RATIS and factor:THREE even after retrying
2019-09-12 11:51:04,145 [IPC Server handler 4 on 39597] ERROR block.BlockManagerImpl (BlockManagerImpl.java:allocateBlock(222)) - Unable to allocate a block for the size: 4194304, type: RATIS, factor: THREE
2019-09-12 11:51:04,145 [IPC Server handler 4 on 39597] ERROR pipeline.PipelinePlacementPolicy (PipelinePlacementPolicy.java:meetCriteria(92)) - Pipeline Placement: Doesn't meet the criteria to be viable node. Heaviness: 6
2019-09-12 11:51:04,145 [IPC Server handler 4 on 39597] ERROR pipeline.PipelinePlacementPolicy (PipelinePlacementPolicy.java:meetCriteria(92)) - Pipeline Placement: Doesn't meet the criteria to be viable node. Heaviness: 6
2019-09-12 11:51:04,145 [IPC Server handler 4 on 39597] ERROR pipeline.PipelinePlacementPolicy (PipelinePlacementPolicy.java:meetCriteria(92)) - Pipeline Placement: Doesn't meet the criteria to be viable node. Heaviness: 6
2019-09-12 11:51:04,145 [IPC Server handler 4 on 39597] ERROR pipeline.PipelinePlacementPolicy (PipelinePlacementPolicy.java:meetCriteria(92)) - Pipeline Placement: Doesn't meet the criteria to be viable node. Heaviness: 6
2019-09-12 11:51:04,146 [IPC Server handler 4 on 39597] ERROR pipeline.PipelinePlacementPolicy (PipelinePlacementPolicy.java:meetCriteria(92)) - Pipeline Placement: Doesn't meet the criteria to be viable node. Heaviness: 6
2019-09-12 11:51:04,146 [IPC Server handler 4 on 39597] ERROR pipeline.PipelinePlacementPolicy (PipelinePlacementPolicy.java:filterViableNodes(147)) - Unable to find enough nodes that meet the criteria that cannot engage in more than 5 pipelines. Nodes required: 3 Found: 0, healthy nodes count inNodeManager: 5.
2019-09-12 11:51:04,146 [IPC Server handler 4 on 39597] ERROR pipeline.SCMPipelineManager (SCMPipelineManager.java:createPipeline(161)) - Pipeline creation failed due to exception: Unable to find enough nodes that meet the criteria that cannot engage in more than 5 pipelines. Nodes required: 3 Found: 0, healthy nodes count inNodeManager: 5.
2019-09-12 11:51:04,146 [IPC Server handler 4 on 39597] WARN  block.BlockManagerImpl (BlockManagerImpl.java:allocateBlock(192)) - Pipeline creation failed for type:RATIS factor:THREE. Retrying get pipelines call once.
org.apache.hadoop.hdds.scm.exceptions.SCMException: Unable to find enough nodes that meet the criteria that cannot engage in more than 5 pipelines. Nodes required: 3 Found: 0, healthy nodes count inNodeManager: 5.
	at org.apache.hadoop.hdds.scm.pipeline.PipelinePlacementPolicy.filterViableNodes(PipelinePlacementPolicy.java:148)
	at org.apache.hadoop.hdds.scm.pipeline.PipelinePlacementPolicy.chooseDatanodes(PipelinePlacementPolicy.java:171)
	at org.apache.hadoop.hdds.scm.pipeline.RatisPipelineProvider.create(RatisPipelineProvider.java:100)
	at org.apache.hadoop.hdds.scm.pipeline.PipelineFactory.create(PipelineFactory.java:57)
	at org.apache.hadoop.hdds.scm.pipeline.SCMPipelineManager.createPipeline(SCMPipelineManager.java:149)
	at org.apache.hadoop.hdds.scm.block.BlockManagerImpl.allocateBlock(BlockManagerImpl.java:190)
	at org.apache.hadoop.hdds.scm.server.SCMBlockProtocolServer.allocateBlock(SCMBlockProtocolServer.java:175)
	at org.apache.hadoop.ozone.protocolPB.ScmBlockLocationProtocolServerSideTranslatorPB.allocateScmBlock(ScmBlockLocationProtocolServerSideTranslatorPB.java:153)
	at org.apache.hadoop.ozone.protocolPB.ScmBlockLocationProtocolServerSideTranslatorPB.send(ScmBlockLocationProtocolServerSideTranslatorPB.java:112)
	at org.apache.hadoop.hdds.protocol.proto.ScmBlockLocationProtocolProtos$ScmBlockLocationProtocolService$2.callBlockingMethod(ScmBlockLocationProtocolProtos.java:13157)
	at org.apache.hadoop.ipc.ProtobufRpcEngine$Server$ProtoBufRpcInvoker.call(ProtobufRpcEngine.java:524)
	at org.apache.hadoop.ipc.RPC$Server.call(RPC.java:1025)
	at org.apache.hadoop.ipc.Server$RpcCall.run(Server.java:876)
	at org.apache.hadoop.ipc.Server$RpcCall.run(Server.java:822)
	at java.security.AccessController.doPrivileged(Native Method)
	at javax.security.auth.Subject.doAs(Subject.java:422)
	at org.apache.hadoop.security.UserGroupInformation.doAs(UserGroupInformation.java:1730)
	at org.apache.hadoop.ipc.Server$Handler.run(Server.java:2682)
2019-09-12 11:51:04,147 [IPC Server handler 4 on 39597] INFO  block.BlockManagerImpl (BlockManagerImpl.java:allocateBlock(198)) - Could not find available pipeline of type:RATIS and factor:THREE even after retrying
2019-09-12 11:51:04,147 [IPC Server handler 4 on 39597] ERROR block.BlockManagerImpl (BlockManagerImpl.java:allocateBlock(222)) - Unable to allocate a block for the size: 4194304, type: RATIS, factor: THREE
2019-09-12 11:51:04,147 [IPC Server handler 4 on 39597] ERROR pipeline.PipelinePlacementPolicy (PipelinePlacementPolicy.java:meetCriteria(92)) - Pipeline Placement: Doesn't meet the criteria to be viable node. Heaviness: 6
2019-09-12 11:51:04,147 [IPC Server handler 4 on 39597] ERROR pipeline.PipelinePlacementPolicy (PipelinePlacementPolicy.java:meetCriteria(92)) - Pipeline Placement: Doesn't meet the criteria to be viable node. Heaviness: 6
2019-09-12 11:51:04,148 [IPC Server handler 4 on 39597] ERROR pipeline.PipelinePlacementPolicy (PipelinePlacementPolicy.java:meetCriteria(92)) - Pipeline Placement: Doesn't meet the criteria to be viable node. Heaviness: 6
2019-09-12 11:51:04,148 [IPC Server handler 4 on 39597] ERROR pipeline.PipelinePlacementPolicy (PipelinePlacementPolicy.java:meetCriteria(92)) - Pipeline Placement: Doesn't meet the criteria to be viable node. Heaviness: 6
2019-09-12 11:51:04,148 [IPC Server handler 4 on 39597] ERROR pipeline.PipelinePlacementPolicy (PipelinePlacementPolicy.java:meetCriteria(92)) - Pipeline Placement: Doesn't meet the criteria to be viable node. Heaviness: 6
2019-09-12 11:51:04,148 [IPC Server handler 4 on 39597] ERROR pipeline.PipelinePlacementPolicy (PipelinePlacementPolicy.java:filterViableNodes(147)) - Unable to find enough nodes that meet the criteria that cannot engage in more than 5 pipelines. Nodes required: 3 Found: 0, healthy nodes count inNodeManager: 5.
2019-09-12 11:51:04,149 [IPC Server handler 4 on 39597] ERROR pipeline.SCMPipelineManager (SCMPipelineManager.java:createPipeline(161)) - Pipeline creation failed due to exception: Unable to find enough nodes that meet the criteria that cannot engage in more than 5 pipelines. Nodes required: 3 Found: 0, healthy nodes count inNodeManager: 5.
2019-09-12 11:51:04,149 [IPC Server handler 4 on 39597] WARN  block.BlockManagerImpl (BlockManagerImpl.java:allocateBlock(192)) - Pipeline creation failed for type:RATIS factor:THREE. Retrying get pipelines call once.
org.apache.hadoop.hdds.scm.exceptions.SCMException: Unable to find enough nodes that meet the criteria that cannot engage in more than 5 pipelines. Nodes required: 3 Found: 0, healthy nodes count inNodeManager: 5.
	at org.apache.hadoop.hdds.scm.pipeline.PipelinePlacementPolicy.filterViableNodes(PipelinePlacementPolicy.java:148)
	at org.apache.hadoop.hdds.scm.pipeline.PipelinePlacementPolicy.chooseDatanodes(PipelinePlacementPolicy.java:171)
	at org.apache.hadoop.hdds.scm.pipeline.RatisPipelineProvider.create(RatisPipelineProvider.java:100)
	at org.apache.hadoop.hdds.scm.pipeline.PipelineFactory.create(PipelineFactory.java:57)
	at org.apache.hadoop.hdds.scm.pipeline.SCMPipelineManager.createPipeline(SCMPipelineManager.java:149)
	at org.apache.hadoop.hdds.scm.block.BlockManagerImpl.allocateBlock(BlockManagerImpl.java:190)
	at org.apache.hadoop.hdds.scm.server.SCMBlockProtocolServer.allocateBlock(SCMBlockProtocolServer.java:175)
	at org.apache.hadoop.ozone.protocolPB.ScmBlockLocationProtocolServerSideTranslatorPB.allocateScmBlock(ScmBlockLocationProtocolServerSideTranslatorPB.java:153)
	at org.apache.hadoop.ozone.protocolPB.ScmBlockLocationProtocolServerSideTranslatorPB.send(ScmBlockLocationProtocolServerSideTranslatorPB.java:112)
	at org.apache.hadoop.hdds.protocol.proto.ScmBlockLocationProtocolProtos$ScmBlockLocationProtocolService$2.callBlockingMethod(ScmBlockLocationProtocolProtos.java:13157)
	at org.apache.hadoop.ipc.ProtobufRpcEngine$Server$ProtoBufRpcInvoker.call(ProtobufRpcEngine.java:524)
	at org.apache.hadoop.ipc.RPC$Server.call(RPC.java:1025)
	at org.apache.hadoop.ipc.Server$RpcCall.run(Server.java:876)
	at org.apache.hadoop.ipc.Server$RpcCall.run(Server.java:822)
	at java.security.AccessController.doPrivileged(Native Method)
	at javax.security.auth.Subject.doAs(Subject.java:422)
	at org.apache.hadoop.security.UserGroupInformation.doAs(UserGroupInformation.java:1730)
	at org.apache.hadoop.ipc.Server$Handler.run(Server.java:2682)
2019-09-12 11:51:04,149 [IPC Server handler 4 on 39597] INFO  block.BlockManagerImpl (BlockManagerImpl.java:allocateBlock(198)) - Could not find available pipeline of type:RATIS and factor:THREE even after retrying
2019-09-12 11:51:04,149 [IPC Server handler 4 on 39597] ERROR block.BlockManagerImpl (BlockManagerImpl.java:allocateBlock(222)) - Unable to allocate a block for the size: 4194304, type: RATIS, factor: THREE
2019-09-12 11:51:04,150 | INFO  | SCMAudit | user=jenkins1000 | ip=192.168.36.114 | op=ALLOCATE_BLOCK {owner=95aec413-89de-47a2-a5a2-e69ac2a96a6c, size=4194304, type=RATIS, factor=THREE} | ret=SUCCESS |  
2019-09-12 11:51:04,151 | ERROR | OMAudit | user=jenkins1000 | ip=127.0.0.1 | op=ALLOCATE_KEY {volume=vol-0-15677, bucket=bucket-0-90912, key=key-0-91551, dataSize=20971520, replicationType=RATIS, replicationFactor=THREE, keyLocationInfo=null} | ret=FAILURE | org.apache.hadoop.hdds.scm.exceptions.SCMException: Allocated 0 blocks. Requested 5 blocks
	at org.apache.hadoop.hdds.scm.protocolPB.ScmBlockLocationProtocolClientSideTranslatorPB.handleError(ScmBlockLocationProtocolClientSideTranslatorPB.java:118)
	at org.apache.hadoop.hdds.scm.protocolPB.ScmBlockLocationProtocolClientSideTranslatorPB.allocateBlock(ScmBlockLocationProtocolClientSideTranslatorPB.java:156) 
2019-09-12 11:51:04,152 [pool-79-thread-3] ERROR freon.RandomKeyGenerator (RandomKeyGenerator.java:createKey(724)) - Exception while adding key: key-0-91551 in bucket: bucket-0-90912 of volume: vol-0-15677.
INTERNAL_ERROR org.apache.hadoop.ozone.om.exceptions.OMException: Allocated 0 blocks. Requested 5 blocks
	at org.apache.hadoop.ozone.om.protocolPB.OzoneManagerProtocolClientSideTranslatorPB.handleError(OzoneManagerProtocolClientSideTranslatorPB.java:725)
	at org.apache.hadoop.ozone.om.protocolPB.OzoneManagerProtocolClientSideTranslatorPB.openKey(OzoneManagerProtocolClientSideTranslatorPB.java:716)
	at org.apache.hadoop.ozone.client.rpc.RpcClient.createKey(RpcClient.java:615)
	at org.apache.hadoop.ozone.client.OzoneBucket.createKey(OzoneBucket.java:323)
	at org.apache.hadoop.ozone.freon.RandomKeyGenerator.createKey(RandomKeyGenerator.java:686)
	at org.apache.hadoop.ozone.freon.RandomKeyGenerator.access$1100(RandomKeyGenerator.java:87)
	at org.apache.hadoop.ozone.freon.RandomKeyGenerator$ObjectCreator.run(RandomKeyGenerator.java:606)
	at java.util.concurrent.Executors$RunnableAdapter.call(Executors.java:511)
	at java.util.concurrent.FutureTask.run(FutureTask.java:266)
	at java.util.concurrent.ThreadPoolExecutor.runWorker(ThreadPoolExecutor.java:1149)
	at java.util.concurrent.ThreadPoolExecutor$Worker.run(ThreadPoolExecutor.java:624)
	at java.lang.Thread.run(Thread.java:748)
2019-09-12 11:51:04,439 | INFO  | SCMAudit | user=jenkins1000 | ip=192.168.36.114 | op=SEND_HEARTBEAT {datanodeUUID=9aaf2f78-d78f-4ebc-b7a2-56dce2b57085, command=[]} | ret=SUCCESS |  
2019-09-12 11:51:04,518 | INFO  | SCMAudit | user=jenkins1000 | ip=192.168.36.114 | op=SEND_HEARTBEAT {datanodeUUID=c13e8c2d-5cc3-43ac-8cc7-9a20211fb58e, command=[]} | ret=SUCCESS |  
2019-09-12 11:51:04,594 | INFO  | SCMAudit | user=jenkins1000 | ip=192.168.36.114 | op=SEND_HEARTBEAT {datanodeUUID=9d7d954f-b073-45cf-8f2c-ae2cc2b7e120, command=[]} | ret=SUCCESS |  
2019-09-12 11:51:04,815 | INFO  | SCMAudit | user=jenkins1000 | ip=192.168.36.114 | op=SEND_HEARTBEAT {datanodeUUID=233f3d22-ae09-46be-8182-f5e58d004644, command=[]} | ret=SUCCESS |  
2019-09-12 11:51:05,035 | INFO  | SCMAudit | user=jenkins1000 | ip=192.168.36.114 | op=SEND_HEARTBEAT {datanodeUUID=8c993e87-89d2-4e6e-901e-5640f3030957, command=[]} | ret=SUCCESS |  
 0.00% |█                                                                                                    |  0/1 Time: 0:00:012019-09-12 11:51:05,440 | INFO  | SCMAudit | user=jenkins1000 | ip=192.168.36.114 | op=SEND_HEARTBEAT {datanodeUUID=9aaf2f78-d78f-4ebc-b7a2-56dce2b57085, command=[]} | ret=SUCCESS |  
2019-09-12 11:51:05,519 | INFO  | SCMAudit | user=jenkins1000 | ip=192.168.36.114 | op=SEND_HEARTBEAT {datanodeUUID=c13e8c2d-5cc3-43ac-8cc7-9a20211fb58e, command=[]} | ret=SUCCESS |  
2019-09-12 11:51:05,592 | INFO  | SCMAudit | user=jenkins1000 | ip=192.168.36.114 | op=SEND_HEARTBEAT {datanodeUUID=9d7d954f-b073-45cf-8f2c-ae2cc2b7e120, command=[]} | ret=SUCCESS |  
2019-09-12 11:51:05,816 | INFO  | SCMAudit | user=jenkins1000 | ip=192.168.36.114 | op=SEND_HEARTBEAT {datanodeUUID=233f3d22-ae09-46be-8182-f5e58d004644, command=[]} | ret=SUCCESS |  
2019-09-12 11:51:06,035 | INFO  | SCMAudit | user=jenkins1000 | ip=192.168.36.114 | op=SEND_HEARTBEAT {datanodeUUID=8c993e87-89d2-4e6e-901e-5640f3030957, command=[]} | ret=SUCCESS |  
 0.00% |█                                                                                                    |  0/1 Time: 0:00:022019-09-12 11:51:06,439 | INFO  | SCMAudit | user=jenkins1000 | ip=192.168.36.114 | op=SEND_HEARTBEAT {datanodeUUID=9aaf2f78-d78f-4ebc-b7a2-56dce2b57085, command=[]} | ret=SUCCESS |  
2019-09-12 11:51:06,518 | INFO  | SCMAudit | user=jenkins1000 | ip=192.168.36.114 | op=SEND_HEARTBEAT {datanodeUUID=c13e8c2d-5cc3-43ac-8cc7-9a20211fb58e, command=[]} | ret=SUCCESS |  
2019-09-12 11:51:06,593 | INFO  | SCMAudit | user=jenkins1000 | ip=192.168.36.114 | op=SEND_HEARTBEAT {datanodeUUID=9d7d954f-b073-45cf-8f2c-ae2cc2b7e120, command=[]} | ret=SUCCESS |  
2019-09-12 11:51:06,815 | INFO  | SCMAudit | user=jenkins1000 | ip=192.168.36.114 | op=SEND_HEARTBEAT {datanodeUUID=233f3d22-ae09-46be-8182-f5e58d004644, command=[]} | ret=SUCCESS |  
2019-09-12 11:51:07,035 | INFO  | SCMAudit | user=jenkins1000 | ip=192.168.36.114 | op=SEND_HEARTBEAT {datanodeUUID=8c993e87-89d2-4e6e-901e-5640f3030957, command=[]} | ret=SUCCESS |  
 0.00% |█                                                                                                    |  0/1 Time: 0:00:032019-09-12 11:51:07,440 | INFO  | SCMAudit | user=jenkins1000 | ip=192.168.36.114 | op=SEND_HEARTBEAT {datanodeUUID=9aaf2f78-d78f-4ebc-b7a2-56dce2b57085, command=[]} | ret=SUCCESS |  
2019-09-12 11:51:07,518 | INFO  | SCMAudit | user=jenkins1000 | ip=192.168.36.114 | op=SEND_HEARTBEAT {datanodeUUID=c13e8c2d-5cc3-43ac-8cc7-9a20211fb58e, command=[]} | ret=SUCCESS |  
2019-09-12 11:51:07,593 | INFO  | SCMAudit | user=jenkins1000 | ip=192.168.36.114 | op=SEND_HEARTBEAT {datanodeUUID=9d7d954f-b073-45cf-8f2c-ae2cc2b7e120, command=[]} | ret=SUCCESS |  
2019-09-12 11:51:07,815 | INFO  | SCMAudit | user=jenkins1000 | ip=192.168.36.114 | op=SEND_HEARTBEAT {datanodeUUID=233f3d22-ae09-46be-8182-f5e58d004644, command=[]} | ret=SUCCESS |  
2019-09-12 11:51:08,036 | INFO  | SCMAudit | user=jenkins1000 | ip=192.168.36.114 | op=SEND_HEARTBEAT {datanodeUUID=8c993e87-89d2-4e6e-901e-5640f3030957, command=[]} | ret=SUCCESS |  
 0.00% |█                                                                                                    |  0/1 Time: 0:00:042019-09-12 11:51:08,439 | INFO  | SCMAudit | user=jenkins1000 | ip=192.168.36.114 | op=SEND_HEARTBEAT {datanodeUUID=9aaf2f78-d78f-4ebc-b7a2-56dce2b57085, command=[]} | ret=SUCCESS |  
2019-09-12 11:51:08,518 | INFO  | SCMAudit | user=jenkins1000 | ip=192.168.36.114 | op=SEND_HEARTBEAT {datanodeUUID=c13e8c2d-5cc3-43ac-8cc7-9a20211fb58e, command=[]} | ret=SUCCESS |  
2019-09-12 11:51:08,593 | INFO  | SCMAudit | user=jenkins1000 | ip=192.168.36.114 | op=SEND_HEARTBEAT {datanodeUUID=9d7d954f-b073-45cf-8f2c-ae2cc2b7e120, command=[]} | ret=SUCCESS |  
2019-09-12 11:51:08,816 | INFO  | SCMAudit | user=jenkins1000 | ip=192.168.36.114 | op=SEND_HEARTBEAT {datanodeUUID=233f3d22-ae09-46be-8182-f5e58d004644, command=[]} | ret=SUCCESS |  
2019-09-12 11:51:09,035 | INFO  | SCMAudit | user=jenkins1000 | ip=192.168.36.114 | op=SEND_HEARTBEAT {datanodeUUID=8c993e87-89d2-4e6e-901e-5640f3030957, command=[]} | ret=SUCCESS |  
 100.00% |█████████████████████████████████████████████████████████████████████████████████████████████████████|  1/1 Time: 0:00:05
2019-09-12 11:51:09,439 | INFO  | SCMAudit | user=jenkins1000 | ip=192.168.36.114 | op=SEND_HEARTBEAT {datanodeUUID=9aaf2f78-d78f-4ebc-b7a2-56dce2b57085, command=[]} | ret=SUCCESS |  
2019-09-12 11:51:09,518 | INFO  | SCMAudit | user=jenkins1000 | ip=192.168.36.114 | op=SEND_HEARTBEAT {datanodeUUID=c13e8c2d-5cc3-43ac-8cc7-9a20211fb58e, command=[]} | ret=SUCCESS |  
2019-09-12 11:51:09,593 | INFO  | SCMAudit | user=jenkins1000 | ip=192.168.36.114 | op=SEND_HEARTBEAT {datanodeUUID=9d7d954f-b073-45cf-8f2c-ae2cc2b7e120, command=[]} | ret=SUCCESS |  
2019-09-12 11:51:09,816 | INFO  | SCMAudit | user=jenkins1000 | ip=192.168.36.114 | op=SEND_HEARTBEAT {datanodeUUID=233f3d22-ae09-46be-8182-f5e58d004644, command=[]} | ret=SUCCESS |  
2019-09-12 11:51:10,036 | INFO  | SCMAudit | user=jenkins1000 | ip=192.168.36.114 | op=SEND_HEARTBEAT {datanodeUUID=8c993e87-89d2-4e6e-901e-5640f3030957, command=[]} | ret=SUCCESS |  
2019-09-12 11:51:10,439 | INFO  | SCMAudit | user=jenkins1000 | ip=192.168.36.114 | op=SEND_HEARTBEAT {datanodeUUID=9aaf2f78-d78f-4ebc-b7a2-56dce2b57085, command=[]} | ret=SUCCESS |  
2019-09-12 11:51:10,518 | INFO  | SCMAudit | user=jenkins1000 | ip=192.168.36.114 | op=SEND_HEARTBEAT {datanodeUUID=c13e8c2d-5cc3-43ac-8cc7-9a20211fb58e, command=[]} | ret=SUCCESS |  
2019-09-12 11:51:10,594 | INFO  | SCMAudit | user=jenkins1000 | ip=192.168.36.114 | op=SEND_HEARTBEAT {datanodeUUID=9d7d954f-b073-45cf-8f2c-ae2cc2b7e120, command=[]} | ret=SUCCESS |  
2019-09-12 11:51:10,815 | INFO  | SCMAudit | user=jenkins1000 | ip=192.168.36.114 | op=SEND_HEARTBEAT {datanodeUUID=233f3d22-ae09-46be-8182-f5e58d004644, command=[]} | ret=SUCCESS |  
2019-09-12 11:51:11,035 | INFO  | SCMAudit | user=jenkins1000 | ip=192.168.36.114 | op=SEND_HEARTBEAT {datanodeUUID=8c993e87-89d2-4e6e-901e-5640f3030957, command=[]} | ret=SUCCESS |  
2019-09-12 11:51:11,440 | INFO  | SCMAudit | user=jenkins1000 | ip=192.168.36.114 | op=SEND_HEARTBEAT {datanodeUUID=9aaf2f78-d78f-4ebc-b7a2-56dce2b57085, command=[]} | ret=SUCCESS |  
2019-09-12 11:51:11,518 | INFO  | SCMAudit | user=jenkins1000 | ip=192.168.36.114 | op=SEND_HEARTBEAT {datanodeUUID=c13e8c2d-5cc3-43ac-8cc7-9a20211fb58e, command=[]} | ret=SUCCESS |  
2019-09-12 11:51:11,595 | INFO  | SCMAudit | user=jenkins1000 | ip=192.168.36.114 | op=SEND_HEARTBEAT {datanodeUUID=9d7d954f-b073-45cf-8f2c-ae2cc2b7e120, command=[]} | ret=SUCCESS |  
2019-09-12 11:51:11,815 | INFO  | SCMAudit | user=jenkins1000 | ip=192.168.36.114 | op=SEND_HEARTBEAT {datanodeUUID=233f3d22-ae09-46be-8182-f5e58d004644, command=[]} | ret=SUCCESS |  
2019-09-12 11:51:12,035 | INFO  | SCMAudit | user=jenkins1000 | ip=192.168.36.114 | op=SEND_HEARTBEAT {datanodeUUID=8c993e87-89d2-4e6e-901e-5640f3030957, command=[]} | ret=SUCCESS |  
2019-09-12 11:51:12,439 | INFO  | SCMAudit | user=jenkins1000 | ip=192.168.36.114 | op=SEND_HEARTBEAT {datanodeUUID=9aaf2f78-d78f-4ebc-b7a2-56dce2b57085, command=[]} | ret=SUCCESS |  
2019-09-12 11:51:12,518 | INFO  | SCMAudit | user=jenkins1000 | ip=192.168.36.114 | op=SEND_HEARTBEAT {datanodeUUID=c13e8c2d-5cc3-43ac-8cc7-9a20211fb58e, command=[]} | ret=SUCCESS |  
2019-09-12 11:51:12,594 | INFO  | SCMAudit | user=jenkins1000 | ip=192.168.36.114 | op=SEND_HEARTBEAT {datanodeUUID=9d7d954f-b073-45cf-8f2c-ae2cc2b7e120, command=[]} | ret=SUCCESS |  
2019-09-12 11:51:12,815 | INFO  | SCMAudit | user=jenkins1000 | ip=192.168.36.114 | op=SEND_HEARTBEAT {datanodeUUID=233f3d22-ae09-46be-8182-f5e58d004644, command=[]} | ret=SUCCESS |  
2019-09-12 11:51:13,035 | INFO  | SCMAudit | user=jenkins1000 | ip=192.168.36.114 | op=SEND_HEARTBEAT {datanodeUUID=8c993e87-89d2-4e6e-901e-5640f3030957, command=[]} | ret=SUCCESS |  
2019-09-12 11:51:13,439 | INFO  | SCMAudit | user=jenkins1000 | ip=192.168.36.114 | op=SEND_HEARTBEAT {datanodeUUID=9aaf2f78-d78f-4ebc-b7a2-56dce2b57085, command=[]} | ret=SUCCESS |  
2019-09-12 11:51:13,518 | INFO  | SCMAudit | user=jenkins1000 | ip=192.168.36.114 | op=SEND_HEARTBEAT {datanodeUUID=c13e8c2d-5cc3-43ac-8cc7-9a20211fb58e, command=[]} | ret=SUCCESS |  
2019-09-12 11:51:13,595 | INFO  | SCMAudit | user=jenkins1000 | ip=192.168.36.114 | op=SEND_HEARTBEAT {datanodeUUID=9d7d954f-b073-45cf-8f2c-ae2cc2b7e120, command=[]} | ret=SUCCESS |  
2019-09-12 11:51:13,815 | INFO  | SCMAudit | user=jenkins1000 | ip=192.168.36.114 | op=SEND_HEARTBEAT {datanodeUUID=233f3d22-ae09-46be-8182-f5e58d004644, command=[]} | ret=SUCCESS |  
2019-09-12 11:51:14,036 | INFO  | SCMAudit | user=jenkins1000 | ip=192.168.36.114 | op=SEND_HEARTBEAT {datanodeUUID=8c993e87-89d2-4e6e-901e-5640f3030957, command=[]} | ret=SUCCESS |  
]]></system-out>
  </testcase>
  <testcase name="validateWriteTest" classname="org.apache.hadoop.ozone.freon.TestDataValidateWithUnsafeByteOperations" time="10.025">
    <error message="Allocated 0 blocks. Requested 1 blocks" type="INTERNAL_ERROR org.apache.hadoop.ozone.om.exceptions.OMException">INTERNAL_ERROR org.apache.hadoop.ozone.om.exceptions.OMException: Allocated 0 blocks. Requested 1 blocks
	at org.apache.hadoop.ozone.om.protocolPB.OzoneManagerProtocolClientSideTranslatorPB.handleError(OzoneManagerProtocolClientSideTranslatorPB.java:725)
	at org.apache.hadoop.ozone.om.protocolPB.OzoneManagerProtocolClientSideTranslatorPB.openKey(OzoneManagerProtocolClientSideTranslatorPB.java:716)
	at org.apache.hadoop.ozone.client.rpc.RpcClient.createKey(RpcClient.java:615)
	at org.apache.hadoop.ozone.client.OzoneBucket.createKey(OzoneBucket.java:323)
	at org.apache.hadoop.ozone.freon.RandomKeyGenerator.createKey(RandomKeyGenerator.java:686)
	at org.apache.hadoop.ozone.freon.RandomKeyGenerator.access$1100(RandomKeyGenerator.java:87)
	at org.apache.hadoop.ozone.freon.RandomKeyGenerator$ObjectCreator.run(RandomKeyGenerator.java:606)
	at java.util.concurrent.Executors$RunnableAdapter.call(Executors.java:511)
	at java.util.concurrent.FutureTask.run(FutureTask.java:266)
	at java.util.concurrent.ThreadPoolExecutor.runWorker(ThreadPoolExecutor.java:1149)
	at java.util.concurrent.ThreadPoolExecutor$Worker.run(ThreadPoolExecutor.java:624)
	at java.lang.Thread.run(Thread.java:748)
</error>
    <system-out><![CDATA[2019-09-12 11:51:14,115 [main] INFO  freon.RandomKeyGenerator (RandomKeyGenerator.java:call(275)) - Number of Threads: 10
2019-09-12 11:51:14,116 [main] INFO  freon.RandomKeyGenerator (RandomKeyGenerator.java:call(280)) - Number of Volumes: 2.
2019-09-12 11:51:14,116 [main] INFO  freon.RandomKeyGenerator (RandomKeyGenerator.java:call(281)) - Number of Buckets per Volume: 5.
2019-09-12 11:51:14,116 [main] INFO  freon.RandomKeyGenerator (RandomKeyGenerator.java:call(282)) - Number of Keys per Bucket: 10.
2019-09-12 11:51:14,116 [main] INFO  freon.RandomKeyGenerator (RandomKeyGenerator.java:call(283)) - Key size: 10240 bytes
2019-09-12 11:51:14,116 [main] INFO  freon.RandomKeyGenerator (RandomKeyGenerator.java:call(284)) - Buffer size: 4096 bytes
2019-09-12 11:51:14,118 [pool-80-thread-1] INFO  rpc.RpcClient (RpcClient.java:createVolume(293)) - Creating Volume: vol-0-09090, with jenkins1000 as owner.
2019-09-12 11:51:14,118 [pool-80-thread-2] INFO  rpc.RpcClient (RpcClient.java:createVolume(293)) - Creating Volume: vol-1-83498, with jenkins1000 as owner.
2019-09-12 11:51:14,118 [main] INFO  freon.RandomKeyGenerator (RandomKeyGenerator.java:call(298)) - Data validation is enabled.
2019-09-12 11:51:14,122 [main] INFO  freon.RandomKeyGenerator (RandomKeyGenerator.java:call(304)) - Starting progress bar Thread.

 0.00% |█                                                                                                    |  0/100 Time: 0:00:002019-09-12 11:51:14,124 | INFO  | OMAudit | user=jenkins1000 | ip=127.0.0.1 | op=CREATE_VOLUME {admin=jenkins1000, owner=jenkins1000, volume=vol-0-09090, creationTime=1568289074123, quotaInBytes=1152921504606846976} | ret=SUCCESS |  
2019-09-12 11:51:14,124 | INFO  | OMAudit | user=jenkins1000 | ip=127.0.0.1 | op=CREATE_VOLUME {admin=jenkins1000, owner=jenkins1000, volume=vol-1-83498, creationTime=1568289074124, quotaInBytes=1152921504606846976} | ret=SUCCESS |  
2019-09-12 11:51:14,130 | INFO  | OMAudit | user=jenkins1000 | ip=127.0.0.1 | op=READ_VOLUME {volume=vol-1-83498} | ret=SUCCESS |  
2019-09-12 11:51:14,130 | INFO  | OMAudit | user=jenkins1000 | ip=127.0.0.1 | op=READ_VOLUME {volume=vol-0-09090} | ret=SUCCESS |  
2019-09-12 11:51:14,134 [pool-80-thread-2] INFO  rpc.RpcClient (RpcClient.java:createBucket(432)) - Creating Bucket: vol-1-83498/bucket-4-17060, with Versioning false and Storage Type set to DISK and Encryption set to false 
2019-09-12 11:51:14,134 [pool-80-thread-1] INFO  rpc.RpcClient (RpcClient.java:createBucket(432)) - Creating Bucket: vol-0-09090/bucket-4-30745, with Versioning false and Storage Type set to DISK and Encryption set to false 
2019-09-12 11:51:14,138 | INFO  | OMAudit | user=jenkins1000 | ip=127.0.0.1 | op=CREATE_BUCKET {volume=vol-0-09090, bucket=bucket-4-30745, acls=[user:jenkins1000:a[ACCESS], group:default:a[ACCESS]], isVersionEnabled=false, storageType=DISK, creationTime=0} | ret=SUCCESS |  
2019-09-12 11:51:14,138 | INFO  | OMAudit | user=jenkins1000 | ip=127.0.0.1 | op=CREATE_BUCKET {volume=vol-1-83498, bucket=bucket-4-17060, acls=[user:jenkins1000:a[ACCESS], group:default:a[ACCESS]], isVersionEnabled=false, storageType=DISK, creationTime=0} | ret=SUCCESS |  
2019-09-12 11:51:14,139 [pool-80-thread-9] INFO  rpc.RpcClient (RpcClient.java:createBucket(432)) - Creating Bucket: vol-0-09090/bucket-3-66690, with Versioning false and Storage Type set to DISK and Encryption set to false 
2019-09-12 11:51:14,139 [pool-80-thread-3] INFO  rpc.RpcClient (RpcClient.java:createBucket(432)) - Creating Bucket: vol-0-09090/bucket-0-90032, with Versioning false and Storage Type set to DISK and Encryption set to false 
2019-09-12 11:51:14,140 [pool-80-thread-7] INFO  rpc.RpcClient (RpcClient.java:createBucket(432)) - Creating Bucket: vol-0-09090/bucket-2-87149, with Versioning false and Storage Type set to DISK and Encryption set to false 
2019-09-12 11:51:14,139 [pool-80-thread-8] INFO  rpc.RpcClient (RpcClient.java:createBucket(432)) - Creating Bucket: vol-1-83498/bucket-2-66743, with Versioning false and Storage Type set to DISK and Encryption set to false 
2019-09-12 11:51:14,139 [pool-80-thread-10] INFO  rpc.RpcClient (RpcClient.java:createBucket(432)) - Creating Bucket: vol-1-83498/bucket-3-06561, with Versioning false and Storage Type set to DISK and Encryption set to false 
2019-09-12 11:51:14,140 | INFO  | OMAudit | user=jenkins1000 | ip=127.0.0.1 | op=READ_BUCKET {volume=vol-0-09090, bucket=bucket-4-30745} | ret=SUCCESS |  
2019-09-12 11:51:14,140 [pool-80-thread-6] INFO  rpc.RpcClient (RpcClient.java:createBucket(432)) - Creating Bucket: vol-1-83498/bucket-1-20733, with Versioning false and Storage Type set to DISK and Encryption set to false 
2019-09-12 11:51:14,141 | INFO  | OMAudit | user=jenkins1000 | ip=127.0.0.1 | op=READ_BUCKET {volume=vol-1-83498, bucket=bucket-4-17060} | ret=SUCCESS |  
2019-09-12 11:51:14,140 [pool-80-thread-5] INFO  rpc.RpcClient (RpcClient.java:createBucket(432)) - Creating Bucket: vol-0-09090/bucket-1-19805, with Versioning false and Storage Type set to DISK and Encryption set to false 
2019-09-12 11:51:14,140 [pool-80-thread-4] INFO  rpc.RpcClient (RpcClient.java:createBucket(432)) - Creating Bucket: vol-1-83498/bucket-0-66742, with Versioning false and Storage Type set to DISK and Encryption set to false 
2019-09-12 11:51:14,144 | INFO  | OMAudit | user=jenkins1000 | ip=127.0.0.1 | op=CREATE_BUCKET {volume=vol-0-09090, bucket=bucket-3-66690, acls=[user:jenkins1000:a[ACCESS], group:default:a[ACCESS]], isVersionEnabled=false, storageType=DISK, creationTime=0} | ret=SUCCESS |  
2019-09-12 11:51:14,145 | INFO  | OMAudit | user=jenkins1000 | ip=127.0.0.1 | op=CREATE_BUCKET {volume=vol-0-09090, bucket=bucket-0-90032, acls=[user:jenkins1000:a[ACCESS], group:default:a[ACCESS]], isVersionEnabled=false, storageType=DISK, creationTime=0} | ret=SUCCESS |  
2019-09-12 11:51:14,145 | INFO  | OMAudit | user=jenkins1000 | ip=127.0.0.1 | op=CREATE_BUCKET {volume=vol-1-83498, bucket=bucket-3-06561, acls=[user:jenkins1000:a[ACCESS], group:default:a[ACCESS]], isVersionEnabled=false, storageType=DISK, creationTime=0} | ret=SUCCESS |  
2019-09-12 11:51:14,145 | INFO  | OMAudit | user=jenkins1000 | ip=127.0.0.1 | op=CREATE_BUCKET {volume=vol-0-09090, bucket=bucket-2-87149, acls=[user:jenkins1000:a[ACCESS], group:default:a[ACCESS]], isVersionEnabled=false, storageType=DISK, creationTime=0} | ret=SUCCESS |  
2019-09-12 11:51:14,145 | INFO  | OMAudit | user=jenkins1000 | ip=127.0.0.1 | op=CREATE_BUCKET {volume=vol-1-83498, bucket=bucket-0-66742, acls=[user:jenkins1000:a[ACCESS], group:default:a[ACCESS]], isVersionEnabled=false, storageType=DISK, creationTime=0} | ret=SUCCESS |  
2019-09-12 11:51:14,146 | INFO  | OMAudit | user=jenkins1000 | ip=127.0.0.1 | op=CREATE_BUCKET {volume=vol-1-83498, bucket=bucket-2-66743, acls=[user:jenkins1000:a[ACCESS], group:default:a[ACCESS]], isVersionEnabled=false, storageType=DISK, creationTime=0} | ret=SUCCESS |  
2019-09-12 11:51:14,146 | INFO  | OMAudit | user=jenkins1000 | ip=127.0.0.1 | op=READ_BUCKET {volume=vol-0-09090, bucket=bucket-3-66690} | ret=SUCCESS |  
2019-09-12 11:51:14,146 | INFO  | OMAudit | user=jenkins1000 | ip=127.0.0.1 | op=CREATE_BUCKET {volume=vol-0-09090, bucket=bucket-1-19805, acls=[user:jenkins1000:a[ACCESS], group:default:a[ACCESS]], isVersionEnabled=false, storageType=DISK, creationTime=0} | ret=SUCCESS |  
2019-09-12 11:51:14,146 | INFO  | OMAudit | user=jenkins1000 | ip=127.0.0.1 | op=CREATE_BUCKET {volume=vol-1-83498, bucket=bucket-1-20733, acls=[user:jenkins1000:a[ACCESS], group:default:a[ACCESS]], isVersionEnabled=false, storageType=DISK, creationTime=0} | ret=SUCCESS |  
2019-09-12 11:51:14,146 | INFO  | OMAudit | user=jenkins1000 | ip=127.0.0.1 | op=READ_BUCKET {volume=vol-0-09090, bucket=bucket-0-90032} | ret=SUCCESS |  
2019-09-12 11:51:14,149 | INFO  | OMAudit | user=jenkins1000 | ip=127.0.0.1 | op=READ_BUCKET {volume=vol-1-83498, bucket=bucket-3-06561} | ret=SUCCESS |  
2019-09-12 11:51:14,149 | INFO  | OMAudit | user=jenkins1000 | ip=127.0.0.1 | op=READ_BUCKET {volume=vol-0-09090, bucket=bucket-2-87149} | ret=SUCCESS |  
2019-09-12 11:51:14,149 | INFO  | OMAudit | user=jenkins1000 | ip=127.0.0.1 | op=READ_BUCKET {volume=vol-1-83498, bucket=bucket-0-66742} | ret=SUCCESS |  
2019-09-12 11:51:14,149 | INFO  | OMAudit | user=jenkins1000 | ip=127.0.0.1 | op=READ_BUCKET {volume=vol-1-83498, bucket=bucket-2-66743} | ret=SUCCESS |  
2019-09-12 11:51:14,150 | INFO  | OMAudit | user=jenkins1000 | ip=127.0.0.1 | op=READ_BUCKET {volume=vol-0-09090, bucket=bucket-1-19805} | ret=SUCCESS |  
2019-09-12 11:51:14,150 | INFO  | OMAudit | user=jenkins1000 | ip=127.0.0.1 | op=READ_BUCKET {volume=vol-1-83498, bucket=bucket-1-20733} | ret=SUCCESS |  
2019-09-12 11:51:14,160 [IPC Server handler 7 on 39597] ERROR pipeline.PipelinePlacementPolicy (PipelinePlacementPolicy.java:meetCriteria(92)) - Pipeline Placement: Doesn't meet the criteria to be viable node. Heaviness: 6
2019-09-12 11:51:14,161 [IPC Server handler 7 on 39597] ERROR pipeline.PipelinePlacementPolicy (PipelinePlacementPolicy.java:meetCriteria(92)) - Pipeline Placement: Doesn't meet the criteria to be viable node. Heaviness: 6
2019-09-12 11:51:14,161 [IPC Server handler 7 on 39597] ERROR pipeline.PipelinePlacementPolicy (PipelinePlacementPolicy.java:meetCriteria(92)) - Pipeline Placement: Doesn't meet the criteria to be viable node. Heaviness: 6
2019-09-12 11:51:14,161 [IPC Server handler 7 on 39597] ERROR pipeline.PipelinePlacementPolicy (PipelinePlacementPolicy.java:meetCriteria(92)) - Pipeline Placement: Doesn't meet the criteria to be viable node. Heaviness: 6
2019-09-12 11:51:14,161 [IPC Server handler 7 on 39597] ERROR pipeline.PipelinePlacementPolicy (PipelinePlacementPolicy.java:meetCriteria(92)) - Pipeline Placement: Doesn't meet the criteria to be viable node. Heaviness: 6
2019-09-12 11:51:14,162 [IPC Server handler 7 on 39597] ERROR pipeline.PipelinePlacementPolicy (PipelinePlacementPolicy.java:filterViableNodes(147)) - Unable to find enough nodes that meet the criteria that cannot engage in more than 5 pipelines. Nodes required: 3 Found: 0, healthy nodes count inNodeManager: 5.
2019-09-12 11:51:14,162 [IPC Server handler 7 on 39597] ERROR pipeline.SCMPipelineManager (SCMPipelineManager.java:createPipeline(161)) - Pipeline creation failed due to exception: Unable to find enough nodes that meet the criteria that cannot engage in more than 5 pipelines. Nodes required: 3 Found: 0, healthy nodes count inNodeManager: 5.
2019-09-12 11:51:14,162 [IPC Server handler 7 on 39597] WARN  block.BlockManagerImpl (BlockManagerImpl.java:allocateBlock(192)) - Pipeline creation failed for type:RATIS factor:THREE. Retrying get pipelines call once.
org.apache.hadoop.hdds.scm.exceptions.SCMException: Unable to find enough nodes that meet the criteria that cannot engage in more than 5 pipelines. Nodes required: 3 Found: 0, healthy nodes count inNodeManager: 5.
	at org.apache.hadoop.hdds.scm.pipeline.PipelinePlacementPolicy.filterViableNodes(PipelinePlacementPolicy.java:148)
	at org.apache.hadoop.hdds.scm.pipeline.PipelinePlacementPolicy.chooseDatanodes(PipelinePlacementPolicy.java:171)
	at org.apache.hadoop.hdds.scm.pipeline.RatisPipelineProvider.create(RatisPipelineProvider.java:100)
	at org.apache.hadoop.hdds.scm.pipeline.PipelineFactory.create(PipelineFactory.java:57)
	at org.apache.hadoop.hdds.scm.pipeline.SCMPipelineManager.createPipeline(SCMPipelineManager.java:149)
	at org.apache.hadoop.hdds.scm.block.BlockManagerImpl.allocateBlock(BlockManagerImpl.java:190)
	at org.apache.hadoop.hdds.scm.server.SCMBlockProtocolServer.allocateBlock(SCMBlockProtocolServer.java:175)
	at org.apache.hadoop.ozone.protocolPB.ScmBlockLocationProtocolServerSideTranslatorPB.allocateScmBlock(ScmBlockLocationProtocolServerSideTranslatorPB.java:153)
	at org.apache.hadoop.ozone.protocolPB.ScmBlockLocationProtocolServerSideTranslatorPB.send(ScmBlockLocationProtocolServerSideTranslatorPB.java:112)
	at org.apache.hadoop.hdds.protocol.proto.ScmBlockLocationProtocolProtos$ScmBlockLocationProtocolService$2.callBlockingMethod(ScmBlockLocationProtocolProtos.java:13157)
	at org.apache.hadoop.ipc.ProtobufRpcEngine$Server$ProtoBufRpcInvoker.call(ProtobufRpcEngine.java:524)
	at org.apache.hadoop.ipc.RPC$Server.call(RPC.java:1025)
	at org.apache.hadoop.ipc.Server$RpcCall.run(Server.java:876)
	at org.apache.hadoop.ipc.Server$RpcCall.run(Server.java:822)
	at java.security.AccessController.doPrivileged(Native Method)
	at javax.security.auth.Subject.doAs(Subject.java:422)
	at org.apache.hadoop.security.UserGroupInformation.doAs(UserGroupInformation.java:1730)
	at org.apache.hadoop.ipc.Server$Handler.run(Server.java:2682)
2019-09-12 11:51:14,163 [IPC Server handler 3 on 39597] ERROR pipeline.PipelinePlacementPolicy (PipelinePlacementPolicy.java:meetCriteria(92)) - Pipeline Placement: Doesn't meet the criteria to be viable node. Heaviness: 6
2019-09-12 11:51:14,163 [IPC Server handler 3 on 39597] ERROR pipeline.PipelinePlacementPolicy (PipelinePlacementPolicy.java:meetCriteria(92)) - Pipeline Placement: Doesn't meet the criteria to be viable node. Heaviness: 6
2019-09-12 11:51:14,164 [IPC Server handler 3 on 39597] ERROR pipeline.PipelinePlacementPolicy (PipelinePlacementPolicy.java:meetCriteria(92)) - Pipeline Placement: Doesn't meet the criteria to be viable node. Heaviness: 6
2019-09-12 11:51:14,164 [IPC Server handler 3 on 39597] ERROR pipeline.PipelinePlacementPolicy (PipelinePlacementPolicy.java:meetCriteria(92)) - Pipeline Placement: Doesn't meet the criteria to be viable node. Heaviness: 6
2019-09-12 11:51:14,164 [IPC Server handler 3 on 39597] ERROR pipeline.PipelinePlacementPolicy (PipelinePlacementPolicy.java:meetCriteria(92)) - Pipeline Placement: Doesn't meet the criteria to be viable node. Heaviness: 6
2019-09-12 11:51:14,164 [IPC Server handler 3 on 39597] ERROR pipeline.PipelinePlacementPolicy (PipelinePlacementPolicy.java:filterViableNodes(147)) - Unable to find enough nodes that meet the criteria that cannot engage in more than 5 pipelines. Nodes required: 3 Found: 0, healthy nodes count inNodeManager: 5.
2019-09-12 11:51:14,165 [IPC Server handler 3 on 39597] ERROR pipeline.SCMPipelineManager (SCMPipelineManager.java:createPipeline(161)) - Pipeline creation failed due to exception: Unable to find enough nodes that meet the criteria that cannot engage in more than 5 pipelines. Nodes required: 3 Found: 0, healthy nodes count inNodeManager: 5.
2019-09-12 11:51:14,165 [IPC Server handler 3 on 39597] WARN  block.BlockManagerImpl (BlockManagerImpl.java:allocateBlock(192)) - Pipeline creation failed for type:RATIS factor:THREE. Retrying get pipelines call once.
org.apache.hadoop.hdds.scm.exceptions.SCMException: Unable to find enough nodes that meet the criteria that cannot engage in more than 5 pipelines. Nodes required: 3 Found: 0, healthy nodes count inNodeManager: 5.
	at org.apache.hadoop.hdds.scm.pipeline.PipelinePlacementPolicy.filterViableNodes(PipelinePlacementPolicy.java:148)
	at org.apache.hadoop.hdds.scm.pipeline.PipelinePlacementPolicy.chooseDatanodes(PipelinePlacementPolicy.java:171)
	at org.apache.hadoop.hdds.scm.pipeline.RatisPipelineProvider.create(RatisPipelineProvider.java:100)
	at org.apache.hadoop.hdds.scm.pipeline.PipelineFactory.create(PipelineFactory.java:57)
	at org.apache.hadoop.hdds.scm.pipeline.SCMPipelineManager.createPipeline(SCMPipelineManager.java:149)
	at org.apache.hadoop.hdds.scm.block.BlockManagerImpl.allocateBlock(BlockManagerImpl.java:190)
	at org.apache.hadoop.hdds.scm.server.SCMBlockProtocolServer.allocateBlock(SCMBlockProtocolServer.java:175)
	at org.apache.hadoop.ozone.protocolPB.ScmBlockLocationProtocolServerSideTranslatorPB.allocateScmBlock(ScmBlockLocationProtocolServerSideTranslatorPB.java:153)
	at org.apache.hadoop.ozone.protocolPB.ScmBlockLocationProtocolServerSideTranslatorPB.send(ScmBlockLocationProtocolServerSideTranslatorPB.java:112)
	at org.apache.hadoop.hdds.protocol.proto.ScmBlockLocationProtocolProtos$ScmBlockLocationProtocolService$2.callBlockingMethod(ScmBlockLocationProtocolProtos.java:13157)
	at org.apache.hadoop.ipc.ProtobufRpcEngine$Server$ProtoBufRpcInvoker.call(ProtobufRpcEngine.java:524)
	at org.apache.hadoop.ipc.RPC$Server.call(RPC.java:1025)
	at org.apache.hadoop.ipc.Server$RpcCall.run(Server.java:876)
	at org.apache.hadoop.ipc.Server$RpcCall.run(Server.java:822)
	at java.security.AccessController.doPrivileged(Native Method)
	at javax.security.auth.Subject.doAs(Subject.java:422)
	at org.apache.hadoop.security.UserGroupInformation.doAs(UserGroupInformation.java:1730)
	at org.apache.hadoop.ipc.Server$Handler.run(Server.java:2682)
2019-09-12 11:51:14,165 [IPC Server handler 5 on 39597] ERROR pipeline.PipelinePlacementPolicy (PipelinePlacementPolicy.java:meetCriteria(92)) - Pipeline Placement: Doesn't meet the criteria to be viable node. Heaviness: 6
2019-09-12 11:51:14,166 [IPC Server handler 5 on 39597] ERROR pipeline.PipelinePlacementPolicy (PipelinePlacementPolicy.java:meetCriteria(92)) - Pipeline Placement: Doesn't meet the criteria to be viable node. Heaviness: 6
2019-09-12 11:51:14,166 [IPC Server handler 5 on 39597] ERROR pipeline.PipelinePlacementPolicy (PipelinePlacementPolicy.java:meetCriteria(92)) - Pipeline Placement: Doesn't meet the criteria to be viable node. Heaviness: 6
2019-09-12 11:51:14,166 [IPC Server handler 5 on 39597] ERROR pipeline.PipelinePlacementPolicy (PipelinePlacementPolicy.java:meetCriteria(92)) - Pipeline Placement: Doesn't meet the criteria to be viable node. Heaviness: 6
2019-09-12 11:51:14,166 [IPC Server handler 5 on 39597] ERROR pipeline.PipelinePlacementPolicy (PipelinePlacementPolicy.java:meetCriteria(92)) - Pipeline Placement: Doesn't meet the criteria to be viable node. Heaviness: 6
2019-09-12 11:51:14,166 [IPC Server handler 5 on 39597] ERROR pipeline.PipelinePlacementPolicy (PipelinePlacementPolicy.java:filterViableNodes(147)) - Unable to find enough nodes that meet the criteria that cannot engage in more than 5 pipelines. Nodes required: 3 Found: 0, healthy nodes count inNodeManager: 5.
2019-09-12 11:51:14,166 [IPC Server handler 5 on 39597] ERROR pipeline.SCMPipelineManager (SCMPipelineManager.java:createPipeline(161)) - Pipeline creation failed due to exception: Unable to find enough nodes that meet the criteria that cannot engage in more than 5 pipelines. Nodes required: 3 Found: 0, healthy nodes count inNodeManager: 5.
2019-09-12 11:51:14,167 [IPC Server handler 5 on 39597] WARN  block.BlockManagerImpl (BlockManagerImpl.java:allocateBlock(192)) - Pipeline creation failed for type:RATIS factor:THREE. Retrying get pipelines call once.
org.apache.hadoop.hdds.scm.exceptions.SCMException: Unable to find enough nodes that meet the criteria that cannot engage in more than 5 pipelines. Nodes required: 3 Found: 0, healthy nodes count inNodeManager: 5.
	at org.apache.hadoop.hdds.scm.pipeline.PipelinePlacementPolicy.filterViableNodes(PipelinePlacementPolicy.java:148)
	at org.apache.hadoop.hdds.scm.pipeline.PipelinePlacementPolicy.chooseDatanodes(PipelinePlacementPolicy.java:171)
	at org.apache.hadoop.hdds.scm.pipeline.RatisPipelineProvider.create(RatisPipelineProvider.java:100)
	at org.apache.hadoop.hdds.scm.pipeline.PipelineFactory.create(PipelineFactory.java:57)
	at org.apache.hadoop.hdds.scm.pipeline.SCMPipelineManager.createPipeline(SCMPipelineManager.java:149)
	at org.apache.hadoop.hdds.scm.block.BlockManagerImpl.allocateBlock(BlockManagerImpl.java:190)
	at org.apache.hadoop.hdds.scm.server.SCMBlockProtocolServer.allocateBlock(SCMBlockProtocolServer.java:175)
	at org.apache.hadoop.ozone.protocolPB.ScmBlockLocationProtocolServerSideTranslatorPB.allocateScmBlock(ScmBlockLocationProtocolServerSideTranslatorPB.java:153)
	at org.apache.hadoop.ozone.protocolPB.ScmBlockLocationProtocolServerSideTranslatorPB.send(ScmBlockLocationProtocolServerSideTranslatorPB.java:112)
	at org.apache.hadoop.hdds.protocol.proto.ScmBlockLocationProtocolProtos$ScmBlockLocationProtocolService$2.callBlockingMethod(ScmBlockLocationProtocolProtos.java:13157)
	at org.apache.hadoop.ipc.ProtobufRpcEngine$Server$ProtoBufRpcInvoker.call(ProtobufRpcEngine.java:524)
	at org.apache.hadoop.ipc.RPC$Server.call(RPC.java:1025)
	at org.apache.hadoop.ipc.Server$RpcCall.run(Server.java:876)
	at org.apache.hadoop.ipc.Server$RpcCall.run(Server.java:822)
	at java.security.AccessController.doPrivileged(Native Method)
	at javax.security.auth.Subject.doAs(Subject.java:422)
	at org.apache.hadoop.security.UserGroupInformation.doAs(UserGroupInformation.java:1730)
	at org.apache.hadoop.ipc.Server$Handler.run(Server.java:2682)
2019-09-12 11:51:14,167 [IPC Server handler 9 on 39597] ERROR pipeline.PipelinePlacementPolicy (PipelinePlacementPolicy.java:meetCriteria(92)) - Pipeline Placement: Doesn't meet the criteria to be viable node. Heaviness: 6
2019-09-12 11:51:14,167 [IPC Server handler 7 on 39597] INFO  block.BlockManagerImpl (BlockManagerImpl.java:allocateBlock(198)) - Could not find available pipeline of type:RATIS and factor:THREE even after retrying
2019-09-12 11:51:14,167 [IPC Server handler 7 on 39597] ERROR block.BlockManagerImpl (BlockManagerImpl.java:allocateBlock(222)) - Unable to allocate a block for the size: 4194304, type: RATIS, factor: THREE
2019-09-12 11:51:14,167 [IPC Server handler 3 on 39597] INFO  block.BlockManagerImpl (BlockManagerImpl.java:allocateBlock(198)) - Could not find available pipeline of type:RATIS and factor:THREE even after retrying
2019-09-12 11:51:14,168 | INFO  | SCMAudit | user=jenkins1000 | ip=192.168.36.114 | op=ALLOCATE_BLOCK {owner=95aec413-89de-47a2-a5a2-e69ac2a96a6c, size=4194304, type=RATIS, factor=THREE} | ret=SUCCESS |  
2019-09-12 11:51:14,168 [IPC Server handler 3 on 39597] ERROR block.BlockManagerImpl (BlockManagerImpl.java:allocateBlock(222)) - Unable to allocate a block for the size: 4194304, type: RATIS, factor: THREE
2019-09-12 11:51:14,167 [IPC Server handler 9 on 39597] ERROR pipeline.PipelinePlacementPolicy (PipelinePlacementPolicy.java:meetCriteria(92)) - Pipeline Placement: Doesn't meet the criteria to be viable node. Heaviness: 6
2019-09-12 11:51:14,168 | INFO  | SCMAudit | user=jenkins1000 | ip=192.168.36.114 | op=ALLOCATE_BLOCK {owner=95aec413-89de-47a2-a5a2-e69ac2a96a6c, size=4194304, type=RATIS, factor=THREE} | ret=SUCCESS |  
2019-09-12 11:51:14,168 [IPC Server handler 9 on 39597] ERROR pipeline.PipelinePlacementPolicy (PipelinePlacementPolicy.java:meetCriteria(92)) - Pipeline Placement: Doesn't meet the criteria to be viable node. Heaviness: 6
2019-09-12 11:51:14,168 [IPC Server handler 9 on 39597] ERROR pipeline.PipelinePlacementPolicy (PipelinePlacementPolicy.java:meetCriteria(92)) - Pipeline Placement: Doesn't meet the criteria to be viable node. Heaviness: 6
2019-09-12 11:51:14,170 [IPC Server handler 9 on 39597] ERROR pipeline.PipelinePlacementPolicy (PipelinePlacementPolicy.java:meetCriteria(92)) - Pipeline Placement: Doesn't meet the criteria to be viable node. Heaviness: 6
2019-09-12 11:51:14,170 [IPC Server handler 9 on 39597] ERROR pipeline.PipelinePlacementPolicy (PipelinePlacementPolicy.java:filterViableNodes(147)) - Unable to find enough nodes that meet the criteria that cannot engage in more than 5 pipelines. Nodes required: 3 Found: 0, healthy nodes count inNodeManager: 5.
2019-09-12 11:51:14,171 [IPC Server handler 9 on 39597] ERROR pipeline.SCMPipelineManager (SCMPipelineManager.java:createPipeline(161)) - Pipeline creation failed due to exception: Unable to find enough nodes that meet the criteria that cannot engage in more than 5 pipelines. Nodes required: 3 Found: 0, healthy nodes count inNodeManager: 5.
2019-09-12 11:51:14,170 | ERROR | OMAudit | user=jenkins1000 | ip=127.0.0.1 | op=ALLOCATE_KEY {volume=vol-0-09090, bucket=bucket-3-66690, key=key-0-36050, dataSize=10240, replicationType=RATIS, replicationFactor=THREE, keyLocationInfo=null} | ret=FAILURE | org.apache.hadoop.hdds.scm.exceptions.SCMException: Allocated 0 blocks. Requested 1 blocks
	at org.apache.hadoop.hdds.scm.protocolPB.ScmBlockLocationProtocolClientSideTranslatorPB.handleError(ScmBlockLocationProtocolClientSideTranslatorPB.java:118)
	at org.apache.hadoop.hdds.scm.protocolPB.ScmBlockLocationProtocolClientSideTranslatorPB.allocateBlock(ScmBlockLocationProtocolClientSideTranslatorPB.java:156) 
2019-09-12 11:51:14,170 | ERROR | OMAudit | user=jenkins1000 | ip=127.0.0.1 | op=ALLOCATE_KEY {volume=vol-1-83498, bucket=bucket-4-17060, key=key-0-54995, dataSize=10240, replicationType=RATIS, replicationFactor=THREE, keyLocationInfo=null} | ret=FAILURE | org.apache.hadoop.hdds.scm.exceptions.SCMException: Allocated 0 blocks. Requested 1 blocks
	at org.apache.hadoop.hdds.scm.protocolPB.ScmBlockLocationProtocolClientSideTranslatorPB.handleError(ScmBlockLocationProtocolClientSideTranslatorPB.java:118)
	at org.apache.hadoop.hdds.scm.protocolPB.ScmBlockLocationProtocolClientSideTranslatorPB.allocateBlock(ScmBlockLocationProtocolClientSideTranslatorPB.java:156) 
2019-09-12 11:51:14,171 [IPC Server handler 9 on 39597] WARN  block.BlockManagerImpl (BlockManagerImpl.java:allocateBlock(192)) - Pipeline creation failed for type:RATIS factor:THREE. Retrying get pipelines call once.
org.apache.hadoop.hdds.scm.exceptions.SCMException: Unable to find enough nodes that meet the criteria that cannot engage in more than 5 pipelines. Nodes required: 3 Found: 0, healthy nodes count inNodeManager: 5.
	at org.apache.hadoop.hdds.scm.pipeline.PipelinePlacementPolicy.filterViableNodes(PipelinePlacementPolicy.java:148)
	at org.apache.hadoop.hdds.scm.pipeline.PipelinePlacementPolicy.chooseDatanodes(PipelinePlacementPolicy.java:171)
	at org.apache.hadoop.hdds.scm.pipeline.RatisPipelineProvider.create(RatisPipelineProvider.java:100)
	at org.apache.hadoop.hdds.scm.pipeline.PipelineFactory.create(PipelineFactory.java:57)
	at org.apache.hadoop.hdds.scm.pipeline.SCMPipelineManager.createPipeline(SCMPipelineManager.java:149)
	at org.apache.hadoop.hdds.scm.block.BlockManagerImpl.allocateBlock(BlockManagerImpl.java:190)
	at org.apache.hadoop.hdds.scm.server.SCMBlockProtocolServer.allocateBlock(SCMBlockProtocolServer.java:175)
	at org.apache.hadoop.ozone.protocolPB.ScmBlockLocationProtocolServerSideTranslatorPB.allocateScmBlock(ScmBlockLocationProtocolServerSideTranslatorPB.java:153)
	at org.apache.hadoop.ozone.protocolPB.ScmBlockLocationProtocolServerSideTranslatorPB.send(ScmBlockLocationProtocolServerSideTranslatorPB.java:112)
	at org.apache.hadoop.hdds.protocol.proto.ScmBlockLocationProtocolProtos$ScmBlockLocationProtocolService$2.callBlockingMethod(ScmBlockLocationProtocolProtos.java:13157)
	at org.apache.hadoop.ipc.ProtobufRpcEngine$Server$ProtoBufRpcInvoker.call(ProtobufRpcEngine.java:524)
	at org.apache.hadoop.ipc.RPC$Server.call(RPC.java:1025)
	at org.apache.hadoop.ipc.Server$RpcCall.run(Server.java:876)
	at org.apache.hadoop.ipc.Server$RpcCall.run(Server.java:822)
	at java.security.AccessController.doPrivileged(Native Method)
	at javax.security.auth.Subject.doAs(Subject.java:422)
	at org.apache.hadoop.security.UserGroupInformation.doAs(UserGroupInformation.java:1730)
	at org.apache.hadoop.ipc.Server$Handler.run(Server.java:2682)
2019-09-12 11:51:14,171 [IPC Server handler 2 on 39597] ERROR pipeline.PipelinePlacementPolicy (PipelinePlacementPolicy.java:meetCriteria(92)) - Pipeline Placement: Doesn't meet the criteria to be viable node. Heaviness: 6
2019-09-12 11:51:14,171 [IPC Server handler 5 on 39597] INFO  block.BlockManagerImpl (BlockManagerImpl.java:allocateBlock(198)) - Could not find available pipeline of type:RATIS and factor:THREE even after retrying
2019-09-12 11:51:14,172 [IPC Server handler 2 on 39597] ERROR pipeline.PipelinePlacementPolicy (PipelinePlacementPolicy.java:meetCriteria(92)) - Pipeline Placement: Doesn't meet the criteria to be viable node. Heaviness: 6
2019-09-12 11:51:14,172 [IPC Server handler 2 on 39597] ERROR pipeline.PipelinePlacementPolicy (PipelinePlacementPolicy.java:meetCriteria(92)) - Pipeline Placement: Doesn't meet the criteria to be viable node. Heaviness: 6
2019-09-12 11:51:14,172 [pool-80-thread-6] ERROR freon.RandomKeyGenerator (RandomKeyGenerator.java:createKey(724)) - Exception while adding key: key-0-54995 in bucket: bucket-4-17060 of volume: vol-1-83498.
INTERNAL_ERROR org.apache.hadoop.ozone.om.exceptions.OMException: Allocated 0 blocks. Requested 1 blocks
	at org.apache.hadoop.ozone.om.protocolPB.OzoneManagerProtocolClientSideTranslatorPB.handleError(OzoneManagerProtocolClientSideTranslatorPB.java:725)
	at org.apache.hadoop.ozone.om.protocolPB.OzoneManagerProtocolClientSideTranslatorPB.openKey(OzoneManagerProtocolClientSideTranslatorPB.java:716)
	at org.apache.hadoop.ozone.client.rpc.RpcClient.createKey(RpcClient.java:615)
	at org.apache.hadoop.ozone.client.OzoneBucket.createKey(OzoneBucket.java:323)
	at org.apache.hadoop.ozone.freon.RandomKeyGenerator.createKey(RandomKeyGenerator.java:686)
	at org.apache.hadoop.ozone.freon.RandomKeyGenerator.access$1100(RandomKeyGenerator.java:87)
	at org.apache.hadoop.ozone.freon.RandomKeyGenerator$ObjectCreator.run(RandomKeyGenerator.java:606)
	at java.util.concurrent.Executors$RunnableAdapter.call(Executors.java:511)
	at java.util.concurrent.FutureTask.run(FutureTask.java:266)
	at java.util.concurrent.ThreadPoolExecutor.runWorker(ThreadPoolExecutor.java:1149)
	at java.util.concurrent.ThreadPoolExecutor$Worker.run(ThreadPoolExecutor.java:624)
	at java.lang.Thread.run(Thread.java:748)
2019-09-12 11:51:14,172 [pool-80-thread-4] ERROR freon.RandomKeyGenerator (RandomKeyGenerator.java:createKey(724)) - Exception while adding key: key-0-36050 in bucket: bucket-3-66690 of volume: vol-0-09090.
INTERNAL_ERROR org.apache.hadoop.ozone.om.exceptions.OMException: Allocated 0 blocks. Requested 1 blocks
	at org.apache.hadoop.ozone.om.protocolPB.OzoneManagerProtocolClientSideTranslatorPB.handleError(OzoneManagerProtocolClientSideTranslatorPB.java:725)
	at org.apache.hadoop.ozone.om.protocolPB.OzoneManagerProtocolClientSideTranslatorPB.openKey(OzoneManagerProtocolClientSideTranslatorPB.java:716)
	at org.apache.hadoop.ozone.client.rpc.RpcClient.createKey(RpcClient.java:615)
	at org.apache.hadoop.ozone.client.OzoneBucket.createKey(OzoneBucket.java:323)
	at org.apache.hadoop.ozone.freon.RandomKeyGenerator.createKey(RandomKeyGenerator.java:686)
	at org.apache.hadoop.ozone.freon.RandomKeyGenerator.access$1100(RandomKeyGenerator.java:87)
	at org.apache.hadoop.ozone.freon.RandomKeyGenerator$ObjectCreator.run(RandomKeyGenerator.java:606)
	at java.util.concurrent.Executors$RunnableAdapter.call(Executors.java:511)
	at java.util.concurrent.FutureTask.run(FutureTask.java:266)
	at java.util.concurrent.ThreadPoolExecutor.runWorker(ThreadPoolExecutor.java:1149)
	at java.util.concurrent.ThreadPoolExecutor$Worker.run(ThreadPoolExecutor.java:624)
	at java.lang.Thread.run(Thread.java:748)
2019-09-12 11:51:14,172 [IPC Server handler 2 on 39597] ERROR pipeline.PipelinePlacementPolicy (PipelinePlacementPolicy.java:meetCriteria(92)) - Pipeline Placement: Doesn't meet the criteria to be viable node. Heaviness: 6
2019-09-12 11:51:14,174 [IPC Server handler 2 on 39597] ERROR pipeline.PipelinePlacementPolicy (PipelinePlacementPolicy.java:meetCriteria(92)) - Pipeline Placement: Doesn't meet the criteria to be viable node. Heaviness: 6
2019-09-12 11:51:14,172 [IPC Server handler 5 on 39597] ERROR block.BlockManagerImpl (BlockManagerImpl.java:allocateBlock(222)) - Unable to allocate a block for the size: 4194304, type: RATIS, factor: THREE
2019-09-12 11:51:14,174 | INFO  | SCMAudit | user=jenkins1000 | ip=192.168.36.114 | op=ALLOCATE_BLOCK {owner=95aec413-89de-47a2-a5a2-e69ac2a96a6c, size=4194304, type=RATIS, factor=THREE} | ret=SUCCESS |  
2019-09-12 11:51:14,174 [IPC Server handler 2 on 39597] ERROR pipeline.PipelinePlacementPolicy (PipelinePlacementPolicy.java:filterViableNodes(147)) - Unable to find enough nodes that meet the criteria that cannot engage in more than 5 pipelines. Nodes required: 3 Found: 0, healthy nodes count inNodeManager: 5.
2019-09-12 11:51:14,174 [IPC Server handler 2 on 39597] ERROR pipeline.SCMPipelineManager (SCMPipelineManager.java:createPipeline(161)) - Pipeline creation failed due to exception: Unable to find enough nodes that meet the criteria that cannot engage in more than 5 pipelines. Nodes required: 3 Found: 0, healthy nodes count inNodeManager: 5.
2019-09-12 11:51:14,175 [IPC Server handler 2 on 39597] WARN  block.BlockManagerImpl (BlockManagerImpl.java:allocateBlock(192)) - Pipeline creation failed for type:RATIS factor:THREE. Retrying get pipelines call once.
org.apache.hadoop.hdds.scm.exceptions.SCMException: Unable to find enough nodes that meet the criteria that cannot engage in more than 5 pipelines. Nodes required: 3 Found: 0, healthy nodes count inNodeManager: 5.
	at org.apache.hadoop.hdds.scm.pipeline.PipelinePlacementPolicy.filterViableNodes(PipelinePlacementPolicy.java:148)
	at org.apache.hadoop.hdds.scm.pipeline.PipelinePlacementPolicy.chooseDatanodes(PipelinePlacementPolicy.java:171)
	at org.apache.hadoop.hdds.scm.pipeline.RatisPipelineProvider.create(RatisPipelineProvider.java:100)
	at org.apache.hadoop.hdds.scm.pipeline.PipelineFactory.create(PipelineFactory.java:57)
	at org.apache.hadoop.hdds.scm.pipeline.SCMPipelineManager.createPipeline(SCMPipelineManager.java:149)
	at org.apache.hadoop.hdds.scm.block.BlockManagerImpl.allocateBlock(BlockManagerImpl.java:190)
	at org.apache.hadoop.hdds.scm.server.SCMBlockProtocolServer.allocateBlock(SCMBlockProtocolServer.java:175)
	at org.apache.hadoop.ozone.protocolPB.ScmBlockLocationProtocolServerSideTranslatorPB.allocateScmBlock(ScmBlockLocationProtocolServerSideTranslatorPB.java:153)
	at org.apache.hadoop.ozone.protocolPB.ScmBlockLocationProtocolServerSideTranslatorPB.send(ScmBlockLocationProtocolServerSideTranslatorPB.java:112)
	at org.apache.hadoop.hdds.protocol.proto.ScmBlockLocationProtocolProtos$ScmBlockLocationProtocolService$2.callBlockingMethod(ScmBlockLocationProtocolProtos.java:13157)
	at org.apache.hadoop.ipc.ProtobufRpcEngine$Server$ProtoBufRpcInvoker.call(ProtobufRpcEngine.java:524)
	at org.apache.hadoop.ipc.RPC$Server.call(RPC.java:1025)
	at org.apache.hadoop.ipc.Server$RpcCall.run(Server.java:876)
	at org.apache.hadoop.ipc.Server$RpcCall.run(Server.java:822)
	at java.security.AccessController.doPrivileged(Native Method)
	at javax.security.auth.Subject.doAs(Subject.java:422)
	at org.apache.hadoop.security.UserGroupInformation.doAs(UserGroupInformation.java:1730)
	at org.apache.hadoop.ipc.Server$Handler.run(Server.java:2682)
2019-09-12 11:51:14,175 | ERROR | OMAudit | user=jenkins1000 | ip=127.0.0.1 | op=ALLOCATE_KEY {volume=vol-0-09090, bucket=bucket-0-90032, key=key-0-42929, dataSize=10240, replicationType=RATIS, replicationFactor=THREE, keyLocationInfo=null} | ret=FAILURE | org.apache.hadoop.hdds.scm.exceptions.SCMException: Allocated 0 blocks. Requested 1 blocks
	at org.apache.hadoop.hdds.scm.protocolPB.ScmBlockLocationProtocolClientSideTranslatorPB.handleError(ScmBlockLocationProtocolClientSideTranslatorPB.java:118)
	at org.apache.hadoop.hdds.scm.protocolPB.ScmBlockLocationProtocolClientSideTranslatorPB.allocateBlock(ScmBlockLocationProtocolClientSideTranslatorPB.java:156) 
2019-09-12 11:51:14,175 [IPC Server handler 17 on 39597] ERROR pipeline.PipelinePlacementPolicy (PipelinePlacementPolicy.java:meetCriteria(92)) - Pipeline Placement: Doesn't meet the criteria to be viable node. Heaviness: 6
2019-09-12 11:51:14,183 [IPC Server handler 17 on 39597] ERROR pipeline.PipelinePlacementPolicy (PipelinePlacementPolicy.java:meetCriteria(92)) - Pipeline Placement: Doesn't meet the criteria to be viable node. Heaviness: 6
2019-09-12 11:51:14,183 [IPC Server handler 17 on 39597] ERROR pipeline.PipelinePlacementPolicy (PipelinePlacementPolicy.java:meetCriteria(92)) - Pipeline Placement: Doesn't meet the criteria to be viable node. Heaviness: 6
2019-09-12 11:51:14,175 [IPC Server handler 9 on 39597] INFO  block.BlockManagerImpl (BlockManagerImpl.java:allocateBlock(198)) - Could not find available pipeline of type:RATIS and factor:THREE even after retrying
2019-09-12 11:51:14,183 [IPC Server handler 17 on 39597] ERROR pipeline.PipelinePlacementPolicy (PipelinePlacementPolicy.java:meetCriteria(92)) - Pipeline Placement: Doesn't meet the criteria to be viable node. Heaviness: 6
2019-09-12 11:51:14,183 [pool-80-thread-1] ERROR freon.RandomKeyGenerator (RandomKeyGenerator.java:createKey(724)) - Exception while adding key: key-0-42929 in bucket: bucket-0-90032 of volume: vol-0-09090.
INTERNAL_ERROR org.apache.hadoop.ozone.om.exceptions.OMException: Allocated 0 blocks. Requested 1 blocks
	at org.apache.hadoop.ozone.om.protocolPB.OzoneManagerProtocolClientSideTranslatorPB.handleError(OzoneManagerProtocolClientSideTranslatorPB.java:725)
	at org.apache.hadoop.ozone.om.protocolPB.OzoneManagerProtocolClientSideTranslatorPB.openKey(OzoneManagerProtocolClientSideTranslatorPB.java:716)
	at org.apache.hadoop.ozone.client.rpc.RpcClient.createKey(RpcClient.java:615)
	at org.apache.hadoop.ozone.client.OzoneBucket.createKey(OzoneBucket.java:323)
	at org.apache.hadoop.ozone.freon.RandomKeyGenerator.createKey(RandomKeyGenerator.java:686)
	at org.apache.hadoop.ozone.freon.RandomKeyGenerator.access$1100(RandomKeyGenerator.java:87)
	at org.apache.hadoop.ozone.freon.RandomKeyGenerator$ObjectCreator.run(RandomKeyGenerator.java:606)
	at java.util.concurrent.Executors$RunnableAdapter.call(Executors.java:511)
	at java.util.concurrent.FutureTask.run(FutureTask.java:266)
	at java.util.concurrent.ThreadPoolExecutor.runWorker(ThreadPoolExecutor.java:1149)
	at java.util.concurrent.ThreadPoolExecutor$Worker.run(ThreadPoolExecutor.java:624)
	at java.lang.Thread.run(Thread.java:748)
2019-09-12 11:51:14,184 [IPC Server handler 17 on 39597] ERROR pipeline.PipelinePlacementPolicy (PipelinePlacementPolicy.java:meetCriteria(92)) - Pipeline Placement: Doesn't meet the criteria to be viable node. Heaviness: 6
2019-09-12 11:51:14,183 [IPC Server handler 9 on 39597] ERROR block.BlockManagerImpl (BlockManagerImpl.java:allocateBlock(222)) - Unable to allocate a block for the size: 4194304, type: RATIS, factor: THREE
2019-09-12 11:51:14,184 [IPC Server handler 17 on 39597] ERROR pipeline.PipelinePlacementPolicy (PipelinePlacementPolicy.java:filterViableNodes(147)) - Unable to find enough nodes that meet the criteria that cannot engage in more than 5 pipelines. Nodes required: 3 Found: 0, healthy nodes count inNodeManager: 5.
2019-09-12 11:51:14,185 | INFO  | SCMAudit | user=jenkins1000 | ip=192.168.36.114 | op=ALLOCATE_BLOCK {owner=95aec413-89de-47a2-a5a2-e69ac2a96a6c, size=4194304, type=RATIS, factor=THREE} | ret=SUCCESS |  
2019-09-12 11:51:14,185 [IPC Server handler 17 on 39597] ERROR pipeline.SCMPipelineManager (SCMPipelineManager.java:createPipeline(161)) - Pipeline creation failed due to exception: Unable to find enough nodes that meet the criteria that cannot engage in more than 5 pipelines. Nodes required: 3 Found: 0, healthy nodes count inNodeManager: 5.
2019-09-12 11:51:14,185 [IPC Server handler 17 on 39597] WARN  block.BlockManagerImpl (BlockManagerImpl.java:allocateBlock(192)) - Pipeline creation failed for type:RATIS factor:THREE. Retrying get pipelines call once.
org.apache.hadoop.hdds.scm.exceptions.SCMException: Unable to find enough nodes that meet the criteria that cannot engage in more than 5 pipelines. Nodes required: 3 Found: 0, healthy nodes count inNodeManager: 5.
	at org.apache.hadoop.hdds.scm.pipeline.PipelinePlacementPolicy.filterViableNodes(PipelinePlacementPolicy.java:148)
	at org.apache.hadoop.hdds.scm.pipeline.PipelinePlacementPolicy.chooseDatanodes(PipelinePlacementPolicy.java:171)
	at org.apache.hadoop.hdds.scm.pipeline.RatisPipelineProvider.create(RatisPipelineProvider.java:100)
	at org.apache.hadoop.hdds.scm.pipeline.PipelineFactory.create(PipelineFactory.java:57)
	at org.apache.hadoop.hdds.scm.pipeline.SCMPipelineManager.createPipeline(SCMPipelineManager.java:149)
	at org.apache.hadoop.hdds.scm.block.BlockManagerImpl.allocateBlock(BlockManagerImpl.java:190)
	at org.apache.hadoop.hdds.scm.server.SCMBlockProtocolServer.allocateBlock(SCMBlockProtocolServer.java:175)
	at org.apache.hadoop.ozone.protocolPB.ScmBlockLocationProtocolServerSideTranslatorPB.allocateScmBlock(ScmBlockLocationProtocolServerSideTranslatorPB.java:153)
	at org.apache.hadoop.ozone.protocolPB.ScmBlockLocationProtocolServerSideTranslatorPB.send(ScmBlockLocationProtocolServerSideTranslatorPB.java:112)
	at org.apache.hadoop.hdds.protocol.proto.ScmBlockLocationProtocolProtos$ScmBlockLocationProtocolService$2.callBlockingMethod(ScmBlockLocationProtocolProtos.java:13157)
	at org.apache.hadoop.ipc.ProtobufRpcEngine$Server$ProtoBufRpcInvoker.call(ProtobufRpcEngine.java:524)
	at org.apache.hadoop.ipc.RPC$Server.call(RPC.java:1025)
	at org.apache.hadoop.ipc.Server$RpcCall.run(Server.java:876)
	at org.apache.hadoop.ipc.Server$RpcCall.run(Server.java:822)
	at java.security.AccessController.doPrivileged(Native Method)
	at javax.security.auth.Subject.doAs(Subject.java:422)
	at org.apache.hadoop.security.UserGroupInformation.doAs(UserGroupInformation.java:1730)
	at org.apache.hadoop.ipc.Server$Handler.run(Server.java:2682)
2019-09-12 11:51:14,185 [IPC Server handler 14 on 39597] ERROR pipeline.PipelinePlacementPolicy (PipelinePlacementPolicy.java:meetCriteria(92)) - Pipeline Placement: Doesn't meet the criteria to be viable node. Heaviness: 6
2019-09-12 11:51:14,185 [IPC Server handler 2 on 39597] INFO  block.BlockManagerImpl (BlockManagerImpl.java:allocateBlock(198)) - Could not find available pipeline of type:RATIS and factor:THREE even after retrying
2019-09-12 11:51:14,185 [IPC Server handler 14 on 39597] ERROR pipeline.PipelinePlacementPolicy (PipelinePlacementPolicy.java:meetCriteria(92)) - Pipeline Placement: Doesn't meet the criteria to be viable node. Heaviness: 6
2019-09-12 11:51:14,185 [IPC Server handler 2 on 39597] ERROR block.BlockManagerImpl (BlockManagerImpl.java:allocateBlock(222)) - Unable to allocate a block for the size: 4194304, type: RATIS, factor: THREE
2019-09-12 11:51:14,185 | ERROR | OMAudit | user=jenkins1000 | ip=127.0.0.1 | op=ALLOCATE_KEY {volume=vol-1-83498, bucket=bucket-0-66742, key=key-0-91092, dataSize=10240, replicationType=RATIS, replicationFactor=THREE, keyLocationInfo=null} | ret=FAILURE | org.apache.hadoop.hdds.scm.exceptions.SCMException: Allocated 0 blocks. Requested 1 blocks
	at org.apache.hadoop.hdds.scm.protocolPB.ScmBlockLocationProtocolClientSideTranslatorPB.handleError(ScmBlockLocationProtocolClientSideTranslatorPB.java:118)
	at org.apache.hadoop.hdds.scm.protocolPB.ScmBlockLocationProtocolClientSideTranslatorPB.allocateBlock(ScmBlockLocationProtocolClientSideTranslatorPB.java:156) 
2019-09-12 11:51:14,187 [IPC Server handler 14 on 39597] ERROR pipeline.PipelinePlacementPolicy (PipelinePlacementPolicy.java:meetCriteria(92)) - Pipeline Placement: Doesn't meet the criteria to be viable node. Heaviness: 6
2019-09-12 11:51:14,187 | INFO  | SCMAudit | user=jenkins1000 | ip=192.168.36.114 | op=ALLOCATE_BLOCK {owner=95aec413-89de-47a2-a5a2-e69ac2a96a6c, size=4194304, type=RATIS, factor=THREE} | ret=SUCCESS |  
2019-09-12 11:51:14,187 [IPC Server handler 14 on 39597] ERROR pipeline.PipelinePlacementPolicy (PipelinePlacementPolicy.java:meetCriteria(92)) - Pipeline Placement: Doesn't meet the criteria to be viable node. Heaviness: 6
2019-09-12 11:51:14,188 [IPC Server handler 14 on 39597] ERROR pipeline.PipelinePlacementPolicy (PipelinePlacementPolicy.java:meetCriteria(92)) - Pipeline Placement: Doesn't meet the criteria to be viable node. Heaviness: 6
2019-09-12 11:51:14,188 [IPC Server handler 14 on 39597] ERROR pipeline.PipelinePlacementPolicy (PipelinePlacementPolicy.java:filterViableNodes(147)) - Unable to find enough nodes that meet the criteria that cannot engage in more than 5 pipelines. Nodes required: 3 Found: 0, healthy nodes count inNodeManager: 5.
2019-09-12 11:51:14,188 | ERROR | OMAudit | user=jenkins1000 | ip=127.0.0.1 | op=ALLOCATE_KEY {volume=vol-0-09090, bucket=bucket-4-30745, key=key-0-38565, dataSize=10240, replicationType=RATIS, replicationFactor=THREE, keyLocationInfo=null} | ret=FAILURE | org.apache.hadoop.hdds.scm.exceptions.SCMException: Allocated 0 blocks. Requested 1 blocks
	at org.apache.hadoop.hdds.scm.protocolPB.ScmBlockLocationProtocolClientSideTranslatorPB.handleError(ScmBlockLocationProtocolClientSideTranslatorPB.java:118)
	at org.apache.hadoop.hdds.scm.protocolPB.ScmBlockLocationProtocolClientSideTranslatorPB.allocateBlock(ScmBlockLocationProtocolClientSideTranslatorPB.java:156) 
2019-09-12 11:51:14,188 [pool-80-thread-2] ERROR freon.RandomKeyGenerator (RandomKeyGenerator.java:createKey(724)) - Exception while adding key: key-0-91092 in bucket: bucket-0-66742 of volume: vol-1-83498.
INTERNAL_ERROR org.apache.hadoop.ozone.om.exceptions.OMException: Allocated 0 blocks. Requested 1 blocks
	at org.apache.hadoop.ozone.om.protocolPB.OzoneManagerProtocolClientSideTranslatorPB.handleError(OzoneManagerProtocolClientSideTranslatorPB.java:725)
	at org.apache.hadoop.ozone.om.protocolPB.OzoneManagerProtocolClientSideTranslatorPB.openKey(OzoneManagerProtocolClientSideTranslatorPB.java:716)
	at org.apache.hadoop.ozone.client.rpc.RpcClient.createKey(RpcClient.java:615)
	at org.apache.hadoop.ozone.client.OzoneBucket.createKey(OzoneBucket.java:323)
	at org.apache.hadoop.ozone.freon.RandomKeyGenerator.createKey(RandomKeyGenerator.java:686)
	at org.apache.hadoop.ozone.freon.RandomKeyGenerator.access$1100(RandomKeyGenerator.java:87)
	at org.apache.hadoop.ozone.freon.RandomKeyGenerator$ObjectCreator.run(RandomKeyGenerator.java:606)
	at java.util.concurrent.Executors$RunnableAdapter.call(Executors.java:511)
	at java.util.concurrent.FutureTask.run(FutureTask.java:266)
	at java.util.concurrent.ThreadPoolExecutor.runWorker(ThreadPoolExecutor.java:1149)
	at java.util.concurrent.ThreadPoolExecutor$Worker.run(ThreadPoolExecutor.java:624)
	at java.lang.Thread.run(Thread.java:748)
2019-09-12 11:51:14,188 [IPC Server handler 14 on 39597] ERROR pipeline.SCMPipelineManager (SCMPipelineManager.java:createPipeline(161)) - Pipeline creation failed due to exception: Unable to find enough nodes that meet the criteria that cannot engage in more than 5 pipelines. Nodes required: 3 Found: 0, healthy nodes count inNodeManager: 5.
2019-09-12 11:51:14,191 [pool-80-thread-5] ERROR freon.RandomKeyGenerator (RandomKeyGenerator.java:createKey(724)) - Exception while adding key: key-0-38565 in bucket: bucket-4-30745 of volume: vol-0-09090.
INTERNAL_ERROR org.apache.hadoop.ozone.om.exceptions.OMException: Allocated 0 blocks. Requested 1 blocks
	at org.apache.hadoop.ozone.om.protocolPB.OzoneManagerProtocolClientSideTranslatorPB.handleError(OzoneManagerProtocolClientSideTranslatorPB.java:725)
	at org.apache.hadoop.ozone.om.protocolPB.OzoneManagerProtocolClientSideTranslatorPB.openKey(OzoneManagerProtocolClientSideTranslatorPB.java:716)
	at org.apache.hadoop.ozone.client.rpc.RpcClient.createKey(RpcClient.java:615)
	at org.apache.hadoop.ozone.client.OzoneBucket.createKey(OzoneBucket.java:323)
	at org.apache.hadoop.ozone.freon.RandomKeyGenerator.createKey(RandomKeyGenerator.java:686)
	at org.apache.hadoop.ozone.freon.RandomKeyGenerator.access$1100(RandomKeyGenerator.java:87)
	at org.apache.hadoop.ozone.freon.RandomKeyGenerator$ObjectCreator.run(RandomKeyGenerator.java:606)
	at java.util.concurrent.Executors$RunnableAdapter.call(Executors.java:511)
	at java.util.concurrent.FutureTask.run(FutureTask.java:266)
	at java.util.concurrent.ThreadPoolExecutor.runWorker(ThreadPoolExecutor.java:1149)
	at java.util.concurrent.ThreadPoolExecutor$Worker.run(ThreadPoolExecutor.java:624)
	at java.lang.Thread.run(Thread.java:748)
2019-09-12 11:51:14,191 [IPC Server handler 6 on 39597] ERROR pipeline.PipelinePlacementPolicy (PipelinePlacementPolicy.java:meetCriteria(92)) - Pipeline Placement: Doesn't meet the criteria to be viable node. Heaviness: 6
2019-09-12 11:51:14,191 [IPC Server handler 6 on 39597] ERROR pipeline.PipelinePlacementPolicy (PipelinePlacementPolicy.java:meetCriteria(92)) - Pipeline Placement: Doesn't meet the criteria to be viable node. Heaviness: 6
2019-09-12 11:51:14,191 [IPC Server handler 14 on 39597] WARN  block.BlockManagerImpl (BlockManagerImpl.java:allocateBlock(192)) - Pipeline creation failed for type:RATIS factor:THREE. Retrying get pipelines call once.
org.apache.hadoop.hdds.scm.exceptions.SCMException: Unable to find enough nodes that meet the criteria that cannot engage in more than 5 pipelines. Nodes required: 3 Found: 0, healthy nodes count inNodeManager: 5.
	at org.apache.hadoop.hdds.scm.pipeline.PipelinePlacementPolicy.filterViableNodes(PipelinePlacementPolicy.java:148)
	at org.apache.hadoop.hdds.scm.pipeline.PipelinePlacementPolicy.chooseDatanodes(PipelinePlacementPolicy.java:171)
	at org.apache.hadoop.hdds.scm.pipeline.RatisPipelineProvider.create(RatisPipelineProvider.java:100)
	at org.apache.hadoop.hdds.scm.pipeline.PipelineFactory.create(PipelineFactory.java:57)
	at org.apache.hadoop.hdds.scm.pipeline.SCMPipelineManager.createPipeline(SCMPipelineManager.java:149)
	at org.apache.hadoop.hdds.scm.block.BlockManagerImpl.allocateBlock(BlockManagerImpl.java:190)
	at org.apache.hadoop.hdds.scm.server.SCMBlockProtocolServer.allocateBlock(SCMBlockProtocolServer.java:175)
	at org.apache.hadoop.ozone.protocolPB.ScmBlockLocationProtocolServerSideTranslatorPB.allocateScmBlock(ScmBlockLocationProtocolServerSideTranslatorPB.java:153)
	at org.apache.hadoop.ozone.protocolPB.ScmBlockLocationProtocolServerSideTranslatorPB.send(ScmBlockLocationProtocolServerSideTranslatorPB.java:112)
	at org.apache.hadoop.hdds.protocol.proto.ScmBlockLocationProtocolProtos$ScmBlockLocationProtocolService$2.callBlockingMethod(ScmBlockLocationProtocolProtos.java:13157)
	at org.apache.hadoop.ipc.ProtobufRpcEngine$Server$ProtoBufRpcInvoker.call(ProtobufRpcEngine.java:524)
	at org.apache.hadoop.ipc.RPC$Server.call(RPC.java:1025)
	at org.apache.hadoop.ipc.Server$RpcCall.run(Server.java:876)
	at org.apache.hadoop.ipc.Server$RpcCall.run(Server.java:822)
	at java.security.AccessController.doPrivileged(Native Method)
	at javax.security.auth.Subject.doAs(Subject.java:422)
	at org.apache.hadoop.security.UserGroupInformation.doAs(UserGroupInformation.java:1730)
	at org.apache.hadoop.ipc.Server$Handler.run(Server.java:2682)
2019-09-12 11:51:14,191 [IPC Server handler 6 on 39597] ERROR pipeline.PipelinePlacementPolicy (PipelinePlacementPolicy.java:meetCriteria(92)) - Pipeline Placement: Doesn't meet the criteria to be viable node. Heaviness: 6
2019-09-12 11:51:14,192 [IPC Server handler 6 on 39597] ERROR pipeline.PipelinePlacementPolicy (PipelinePlacementPolicy.java:meetCriteria(92)) - Pipeline Placement: Doesn't meet the criteria to be viable node. Heaviness: 6
2019-09-12 11:51:14,192 [IPC Server handler 6 on 39597] ERROR pipeline.PipelinePlacementPolicy (PipelinePlacementPolicy.java:meetCriteria(92)) - Pipeline Placement: Doesn't meet the criteria to be viable node. Heaviness: 6
2019-09-12 11:51:14,192 [IPC Server handler 6 on 39597] ERROR pipeline.PipelinePlacementPolicy (PipelinePlacementPolicy.java:filterViableNodes(147)) - Unable to find enough nodes that meet the criteria that cannot engage in more than 5 pipelines. Nodes required: 3 Found: 0, healthy nodes count inNodeManager: 5.
2019-09-12 11:51:14,193 [IPC Server handler 6 on 39597] ERROR pipeline.SCMPipelineManager (SCMPipelineManager.java:createPipeline(161)) - Pipeline creation failed due to exception: Unable to find enough nodes that meet the criteria that cannot engage in more than 5 pipelines. Nodes required: 3 Found: 0, healthy nodes count inNodeManager: 5.
2019-09-12 11:51:14,193 [IPC Server handler 6 on 39597] WARN  block.BlockManagerImpl (BlockManagerImpl.java:allocateBlock(192)) - Pipeline creation failed for type:RATIS factor:THREE. Retrying get pipelines call once.
org.apache.hadoop.hdds.scm.exceptions.SCMException: Unable to find enough nodes that meet the criteria that cannot engage in more than 5 pipelines. Nodes required: 3 Found: 0, healthy nodes count inNodeManager: 5.
	at org.apache.hadoop.hdds.scm.pipeline.PipelinePlacementPolicy.filterViableNodes(PipelinePlacementPolicy.java:148)
	at org.apache.hadoop.hdds.scm.pipeline.PipelinePlacementPolicy.chooseDatanodes(PipelinePlacementPolicy.java:171)
	at org.apache.hadoop.hdds.scm.pipeline.RatisPipelineProvider.create(RatisPipelineProvider.java:100)
	at org.apache.hadoop.hdds.scm.pipeline.PipelineFactory.create(PipelineFactory.java:57)
	at org.apache.hadoop.hdds.scm.pipeline.SCMPipelineManager.createPipeline(SCMPipelineManager.java:149)
	at org.apache.hadoop.hdds.scm.block.BlockManagerImpl.allocateBlock(BlockManagerImpl.java:190)
	at org.apache.hadoop.hdds.scm.server.SCMBlockProtocolServer.allocateBlock(SCMBlockProtocolServer.java:175)
	at org.apache.hadoop.ozone.protocolPB.ScmBlockLocationProtocolServerSideTranslatorPB.allocateScmBlock(ScmBlockLocationProtocolServerSideTranslatorPB.java:153)
	at org.apache.hadoop.ozone.protocolPB.ScmBlockLocationProtocolServerSideTranslatorPB.send(ScmBlockLocationProtocolServerSideTranslatorPB.java:112)
	at org.apache.hadoop.hdds.protocol.proto.ScmBlockLocationProtocolProtos$ScmBlockLocationProtocolService$2.callBlockingMethod(ScmBlockLocationProtocolProtos.java:13157)
	at org.apache.hadoop.ipc.ProtobufRpcEngine$Server$ProtoBufRpcInvoker.call(ProtobufRpcEngine.java:524)
	at org.apache.hadoop.ipc.RPC$Server.call(RPC.java:1025)
	at org.apache.hadoop.ipc.Server$RpcCall.run(Server.java:876)
	at org.apache.hadoop.ipc.Server$RpcCall.run(Server.java:822)
	at java.security.AccessController.doPrivileged(Native Method)
	at javax.security.auth.Subject.doAs(Subject.java:422)
	at org.apache.hadoop.security.UserGroupInformation.doAs(UserGroupInformation.java:1730)
	at org.apache.hadoop.ipc.Server$Handler.run(Server.java:2682)
2019-09-12 11:51:14,193 [IPC Server handler 12 on 39597] ERROR pipeline.PipelinePlacementPolicy (PipelinePlacementPolicy.java:meetCriteria(92)) - Pipeline Placement: Doesn't meet the criteria to be viable node. Heaviness: 6
2019-09-12 11:51:14,193 [IPC Server handler 12 on 39597] ERROR pipeline.PipelinePlacementPolicy (PipelinePlacementPolicy.java:meetCriteria(92)) - Pipeline Placement: Doesn't meet the criteria to be viable node. Heaviness: 6
2019-09-12 11:51:14,194 [IPC Server handler 12 on 39597] ERROR pipeline.PipelinePlacementPolicy (PipelinePlacementPolicy.java:meetCriteria(92)) - Pipeline Placement: Doesn't meet the criteria to be viable node. Heaviness: 6
2019-09-12 11:51:14,194 [IPC Server handler 12 on 39597] ERROR pipeline.PipelinePlacementPolicy (PipelinePlacementPolicy.java:meetCriteria(92)) - Pipeline Placement: Doesn't meet the criteria to be viable node. Heaviness: 6
2019-09-12 11:51:14,194 [IPC Server handler 12 on 39597] ERROR pipeline.PipelinePlacementPolicy (PipelinePlacementPolicy.java:meetCriteria(92)) - Pipeline Placement: Doesn't meet the criteria to be viable node. Heaviness: 6
2019-09-12 11:51:14,194 [IPC Server handler 12 on 39597] ERROR pipeline.PipelinePlacementPolicy (PipelinePlacementPolicy.java:filterViableNodes(147)) - Unable to find enough nodes that meet the criteria that cannot engage in more than 5 pipelines. Nodes required: 3 Found: 0, healthy nodes count inNodeManager: 5.
2019-09-12 11:51:14,194 [IPC Server handler 12 on 39597] ERROR pipeline.SCMPipelineManager (SCMPipelineManager.java:createPipeline(161)) - Pipeline creation failed due to exception: Unable to find enough nodes that meet the criteria that cannot engage in more than 5 pipelines. Nodes required: 3 Found: 0, healthy nodes count inNodeManager: 5.
2019-09-12 11:51:14,194 [IPC Server handler 12 on 39597] WARN  block.BlockManagerImpl (BlockManagerImpl.java:allocateBlock(192)) - Pipeline creation failed for type:RATIS factor:THREE. Retrying get pipelines call once.
org.apache.hadoop.hdds.scm.exceptions.SCMException: Unable to find enough nodes that meet the criteria that cannot engage in more than 5 pipelines. Nodes required: 3 Found: 0, healthy nodes count inNodeManager: 5.
	at org.apache.hadoop.hdds.scm.pipeline.PipelinePlacementPolicy.filterViableNodes(PipelinePlacementPolicy.java:148)
	at org.apache.hadoop.hdds.scm.pipeline.PipelinePlacementPolicy.chooseDatanodes(PipelinePlacementPolicy.java:171)
	at org.apache.hadoop.hdds.scm.pipeline.RatisPipelineProvider.create(RatisPipelineProvider.java:100)
	at org.apache.hadoop.hdds.scm.pipeline.PipelineFactory.create(PipelineFactory.java:57)
	at org.apache.hadoop.hdds.scm.pipeline.SCMPipelineManager.createPipeline(SCMPipelineManager.java:149)
	at org.apache.hadoop.hdds.scm.block.BlockManagerImpl.allocateBlock(BlockManagerImpl.java:190)
	at org.apache.hadoop.hdds.scm.server.SCMBlockProtocolServer.allocateBlock(SCMBlockProtocolServer.java:175)
	at org.apache.hadoop.ozone.protocolPB.ScmBlockLocationProtocolServerSideTranslatorPB.allocateScmBlock(ScmBlockLocationProtocolServerSideTranslatorPB.java:153)
	at org.apache.hadoop.ozone.protocolPB.ScmBlockLocationProtocolServerSideTranslatorPB.send(ScmBlockLocationProtocolServerSideTranslatorPB.java:112)
	at org.apache.hadoop.hdds.protocol.proto.ScmBlockLocationProtocolProtos$ScmBlockLocationProtocolService$2.callBlockingMethod(ScmBlockLocationProtocolProtos.java:13157)
	at org.apache.hadoop.ipc.ProtobufRpcEngine$Server$ProtoBufRpcInvoker.call(ProtobufRpcEngine.java:524)
	at org.apache.hadoop.ipc.RPC$Server.call(RPC.java:1025)
	at org.apache.hadoop.ipc.Server$RpcCall.run(Server.java:876)
	at org.apache.hadoop.ipc.Server$RpcCall.run(Server.java:822)
	at java.security.AccessController.doPrivileged(Native Method)
	at javax.security.auth.Subject.doAs(Subject.java:422)
	at org.apache.hadoop.security.UserGroupInformation.doAs(UserGroupInformation.java:1730)
	at org.apache.hadoop.ipc.Server$Handler.run(Server.java:2682)
2019-09-12 11:51:14,194 [IPC Server handler 18 on 39597] ERROR pipeline.PipelinePlacementPolicy (PipelinePlacementPolicy.java:meetCriteria(92)) - Pipeline Placement: Doesn't meet the criteria to be viable node. Heaviness: 6
2019-09-12 11:51:14,195 [IPC Server handler 18 on 39597] ERROR pipeline.PipelinePlacementPolicy (PipelinePlacementPolicy.java:meetCriteria(92)) - Pipeline Placement: Doesn't meet the criteria to be viable node. Heaviness: 6
2019-09-12 11:51:14,195 [IPC Server handler 18 on 39597] ERROR pipeline.PipelinePlacementPolicy (PipelinePlacementPolicy.java:meetCriteria(92)) - Pipeline Placement: Doesn't meet the criteria to be viable node. Heaviness: 6
2019-09-12 11:51:14,195 [IPC Server handler 18 on 39597] ERROR pipeline.PipelinePlacementPolicy (PipelinePlacementPolicy.java:meetCriteria(92)) - Pipeline Placement: Doesn't meet the criteria to be viable node. Heaviness: 6
2019-09-12 11:51:14,195 [IPC Server handler 18 on 39597] ERROR pipeline.PipelinePlacementPolicy (PipelinePlacementPolicy.java:meetCriteria(92)) - Pipeline Placement: Doesn't meet the criteria to be viable node. Heaviness: 6
2019-09-12 11:51:14,194 [IPC Server handler 14 on 39597] INFO  block.BlockManagerImpl (BlockManagerImpl.java:allocateBlock(198)) - Could not find available pipeline of type:RATIS and factor:THREE even after retrying
2019-09-12 11:51:14,196 [IPC Server handler 14 on 39597] ERROR block.BlockManagerImpl (BlockManagerImpl.java:allocateBlock(222)) - Unable to allocate a block for the size: 4194304, type: RATIS, factor: THREE
2019-09-12 11:51:14,194 [IPC Server handler 6 on 39597] INFO  block.BlockManagerImpl (BlockManagerImpl.java:allocateBlock(198)) - Could not find available pipeline of type:RATIS and factor:THREE even after retrying
2019-09-12 11:51:14,196 | INFO  | SCMAudit | user=jenkins1000 | ip=192.168.36.114 | op=ALLOCATE_BLOCK {owner=95aec413-89de-47a2-a5a2-e69ac2a96a6c, size=4194304, type=RATIS, factor=THREE} | ret=SUCCESS |  
2019-09-12 11:51:14,194 [IPC Server handler 17 on 39597] INFO  block.BlockManagerImpl (BlockManagerImpl.java:allocateBlock(198)) - Could not find available pipeline of type:RATIS and factor:THREE even after retrying
2019-09-12 11:51:14,196 [IPC Server handler 6 on 39597] ERROR block.BlockManagerImpl (BlockManagerImpl.java:allocateBlock(222)) - Unable to allocate a block for the size: 4194304, type: RATIS, factor: THREE
2019-09-12 11:51:14,195 [IPC Server handler 18 on 39597] ERROR pipeline.PipelinePlacementPolicy (PipelinePlacementPolicy.java:filterViableNodes(147)) - Unable to find enough nodes that meet the criteria that cannot engage in more than 5 pipelines. Nodes required: 3 Found: 0, healthy nodes count inNodeManager: 5.
2019-09-12 11:51:14,196 | INFO  | SCMAudit | user=jenkins1000 | ip=192.168.36.114 | op=ALLOCATE_BLOCK {owner=95aec413-89de-47a2-a5a2-e69ac2a96a6c, size=4194304, type=RATIS, factor=THREE} | ret=SUCCESS |  
2019-09-12 11:51:14,196 [IPC Server handler 17 on 39597] ERROR block.BlockManagerImpl (BlockManagerImpl.java:allocateBlock(222)) - Unable to allocate a block for the size: 4194304, type: RATIS, factor: THREE
2019-09-12 11:51:14,196 [IPC Server handler 18 on 39597] ERROR pipeline.SCMPipelineManager (SCMPipelineManager.java:createPipeline(161)) - Pipeline creation failed due to exception: Unable to find enough nodes that meet the criteria that cannot engage in more than 5 pipelines. Nodes required: 3 Found: 0, healthy nodes count inNodeManager: 5.
2019-09-12 11:51:14,197 | INFO  | SCMAudit | user=jenkins1000 | ip=192.168.36.114 | op=ALLOCATE_BLOCK {owner=95aec413-89de-47a2-a5a2-e69ac2a96a6c, size=4194304, type=RATIS, factor=THREE} | ret=SUCCESS |  
2019-09-12 11:51:14,196 | ERROR | OMAudit | user=jenkins1000 | ip=127.0.0.1 | op=ALLOCATE_KEY {volume=vol-1-83498, bucket=bucket-1-20733, key=key-0-79798, dataSize=10240, replicationType=RATIS, replicationFactor=THREE, keyLocationInfo=null} | ret=FAILURE | org.apache.hadoop.hdds.scm.exceptions.SCMException: Allocated 0 blocks. Requested 1 blocks
	at org.apache.hadoop.hdds.scm.protocolPB.ScmBlockLocationProtocolClientSideTranslatorPB.handleError(ScmBlockLocationProtocolClientSideTranslatorPB.java:118)
	at org.apache.hadoop.hdds.scm.protocolPB.ScmBlockLocationProtocolClientSideTranslatorPB.allocateBlock(ScmBlockLocationProtocolClientSideTranslatorPB.java:156) 
2019-09-12 11:51:14,197 [IPC Server handler 18 on 39597] WARN  block.BlockManagerImpl (BlockManagerImpl.java:allocateBlock(192)) - Pipeline creation failed for type:RATIS factor:THREE. Retrying get pipelines call once.
org.apache.hadoop.hdds.scm.exceptions.SCMException: Unable to find enough nodes that meet the criteria that cannot engage in more than 5 pipelines. Nodes required: 3 Found: 0, healthy nodes count inNodeManager: 5.
	at org.apache.hadoop.hdds.scm.pipeline.PipelinePlacementPolicy.filterViableNodes(PipelinePlacementPolicy.java:148)
	at org.apache.hadoop.hdds.scm.pipeline.PipelinePlacementPolicy.chooseDatanodes(PipelinePlacementPolicy.java:171)
	at org.apache.hadoop.hdds.scm.pipeline.RatisPipelineProvider.create(RatisPipelineProvider.java:100)
	at org.apache.hadoop.hdds.scm.pipeline.PipelineFactory.create(PipelineFactory.java:57)
	at org.apache.hadoop.hdds.scm.pipeline.SCMPipelineManager.createPipeline(SCMPipelineManager.java:149)
	at org.apache.hadoop.hdds.scm.block.BlockManagerImpl.allocateBlock(BlockManagerImpl.java:190)
	at org.apache.hadoop.hdds.scm.server.SCMBlockProtocolServer.allocateBlock(SCMBlockProtocolServer.java:175)
	at org.apache.hadoop.ozone.protocolPB.ScmBlockLocationProtocolServerSideTranslatorPB.allocateScmBlock(ScmBlockLocationProtocolServerSideTranslatorPB.java:153)
	at org.apache.hadoop.ozone.protocolPB.ScmBlockLocationProtocolServerSideTranslatorPB.send(ScmBlockLocationProtocolServerSideTranslatorPB.java:112)
	at org.apache.hadoop.hdds.protocol.proto.ScmBlockLocationProtocolProtos$ScmBlockLocationProtocolService$2.callBlockingMethod(ScmBlockLocationProtocolProtos.java:13157)
	at org.apache.hadoop.ipc.ProtobufRpcEngine$Server$ProtoBufRpcInvoker.call(ProtobufRpcEngine.java:524)
	at org.apache.hadoop.ipc.RPC$Server.call(RPC.java:1025)
	at org.apache.hadoop.ipc.Server$RpcCall.run(Server.java:876)
	at org.apache.hadoop.ipc.Server$RpcCall.run(Server.java:822)
	at java.security.AccessController.doPrivileged(Native Method)
	at javax.security.auth.Subject.doAs(Subject.java:422)
	at org.apache.hadoop.security.UserGroupInformation.doAs(UserGroupInformation.java:1730)
	at org.apache.hadoop.ipc.Server$Handler.run(Server.java:2682)
2019-09-12 11:51:14,197 [IPC Server handler 12 on 39597] INFO  block.BlockManagerImpl (BlockManagerImpl.java:allocateBlock(198)) - Could not find available pipeline of type:RATIS and factor:THREE even after retrying
2019-09-12 11:51:14,197 [IPC Server handler 18 on 39597] INFO  block.BlockManagerImpl (BlockManagerImpl.java:allocateBlock(198)) - Could not find available pipeline of type:RATIS and factor:THREE even after retrying
2019-09-12 11:51:14,197 | ERROR | OMAudit | user=jenkins1000 | ip=127.0.0.1 | op=ALLOCATE_KEY {volume=vol-0-09090, bucket=bucket-1-19805, key=key-0-14230, dataSize=10240, replicationType=RATIS, replicationFactor=THREE, keyLocationInfo=null} | ret=FAILURE | org.apache.hadoop.hdds.scm.exceptions.SCMException: Allocated 0 blocks. Requested 1 blocks
	at org.apache.hadoop.hdds.scm.protocolPB.ScmBlockLocationProtocolClientSideTranslatorPB.handleError(ScmBlockLocationProtocolClientSideTranslatorPB.java:118)
	at org.apache.hadoop.hdds.scm.protocolPB.ScmBlockLocationProtocolClientSideTranslatorPB.allocateBlock(ScmBlockLocationProtocolClientSideTranslatorPB.java:156) 
2019-09-12 11:51:14,199 | ERROR | OMAudit | user=jenkins1000 | ip=127.0.0.1 | op=ALLOCATE_KEY {volume=vol-1-83498, bucket=bucket-3-06561, key=key-0-33635, dataSize=10240, replicationType=RATIS, replicationFactor=THREE, keyLocationInfo=null} | ret=FAILURE | org.apache.hadoop.hdds.scm.exceptions.SCMException: Allocated 0 blocks. Requested 1 blocks
	at org.apache.hadoop.hdds.scm.protocolPB.ScmBlockLocationProtocolClientSideTranslatorPB.handleError(ScmBlockLocationProtocolClientSideTranslatorPB.java:118)
	at org.apache.hadoop.hdds.scm.protocolPB.ScmBlockLocationProtocolClientSideTranslatorPB.allocateBlock(ScmBlockLocationProtocolClientSideTranslatorPB.java:156) 
2019-09-12 11:51:14,199 [pool-80-thread-3] ERROR freon.RandomKeyGenerator (RandomKeyGenerator.java:createKey(724)) - Exception while adding key: key-0-79798 in bucket: bucket-1-20733 of volume: vol-1-83498.
INTERNAL_ERROR org.apache.hadoop.ozone.om.exceptions.OMException: Allocated 0 blocks. Requested 1 blocks
	at org.apache.hadoop.ozone.om.protocolPB.OzoneManagerProtocolClientSideTranslatorPB.handleError(OzoneManagerProtocolClientSideTranslatorPB.java:725)
	at org.apache.hadoop.ozone.om.protocolPB.OzoneManagerProtocolClientSideTranslatorPB.openKey(OzoneManagerProtocolClientSideTranslatorPB.java:716)
	at org.apache.hadoop.ozone.client.rpc.RpcClient.createKey(RpcClient.java:615)
	at org.apache.hadoop.ozone.client.OzoneBucket.createKey(OzoneBucket.java:323)
	at org.apache.hadoop.ozone.freon.RandomKeyGenerator.createKey(RandomKeyGenerator.java:686)
	at org.apache.hadoop.ozone.freon.RandomKeyGenerator.access$1100(RandomKeyGenerator.java:87)
	at org.apache.hadoop.ozone.freon.RandomKeyGenerator$ObjectCreator.run(RandomKeyGenerator.java:606)
	at java.util.concurrent.Executors$RunnableAdapter.call(Executors.java:511)
	at java.util.concurrent.FutureTask.run(FutureTask.java:266)
	at java.util.concurrent.ThreadPoolExecutor.runWorker(ThreadPoolExecutor.java:1149)
	at java.util.concurrent.ThreadPoolExecutor$Worker.run(ThreadPoolExecutor.java:624)
	at java.lang.Thread.run(Thread.java:748)
2019-09-12 11:51:14,199 [IPC Server handler 12 on 39597] ERROR block.BlockManagerImpl (BlockManagerImpl.java:allocateBlock(222)) - Unable to allocate a block for the size: 4194304, type: RATIS, factor: THREE
2019-09-12 11:51:14,199 [IPC Server handler 18 on 39597] ERROR block.BlockManagerImpl (BlockManagerImpl.java:allocateBlock(222)) - Unable to allocate a block for the size: 4194304, type: RATIS, factor: THREE
2019-09-12 11:51:14,200 | INFO  | SCMAudit | user=jenkins1000 | ip=192.168.36.114 | op=ALLOCATE_BLOCK {owner=95aec413-89de-47a2-a5a2-e69ac2a96a6c, size=4194304, type=RATIS, factor=THREE} | ret=SUCCESS |  
2019-09-12 11:51:14,200 | INFO  | SCMAudit | user=jenkins1000 | ip=192.168.36.114 | op=ALLOCATE_BLOCK {owner=95aec413-89de-47a2-a5a2-e69ac2a96a6c, size=4194304, type=RATIS, factor=THREE} | ret=SUCCESS |  
2019-09-12 11:51:14,200 [pool-80-thread-8] ERROR freon.RandomKeyGenerator (RandomKeyGenerator.java:createKey(724)) - Exception while adding key: key-0-33635 in bucket: bucket-3-06561 of volume: vol-1-83498.
INTERNAL_ERROR org.apache.hadoop.ozone.om.exceptions.OMException: Allocated 0 blocks. Requested 1 blocks
	at org.apache.hadoop.ozone.om.protocolPB.OzoneManagerProtocolClientSideTranslatorPB.handleError(OzoneManagerProtocolClientSideTranslatorPB.java:725)
	at org.apache.hadoop.ozone.om.protocolPB.OzoneManagerProtocolClientSideTranslatorPB.openKey(OzoneManagerProtocolClientSideTranslatorPB.java:716)
	at org.apache.hadoop.ozone.client.rpc.RpcClient.createKey(RpcClient.java:615)
	at org.apache.hadoop.ozone.client.OzoneBucket.createKey(OzoneBucket.java:323)
	at org.apache.hadoop.ozone.freon.RandomKeyGenerator.createKey(RandomKeyGenerator.java:686)
	at org.apache.hadoop.ozone.freon.RandomKeyGenerator.access$1100(RandomKeyGenerator.java:87)
	at org.apache.hadoop.ozone.freon.RandomKeyGenerator$ObjectCreator.run(RandomKeyGenerator.java:606)
	at java.util.concurrent.Executors$RunnableAdapter.call(Executors.java:511)
	at java.util.concurrent.FutureTask.run(FutureTask.java:266)
	at java.util.concurrent.ThreadPoolExecutor.runWorker(ThreadPoolExecutor.java:1149)
	at java.util.concurrent.ThreadPoolExecutor$Worker.run(ThreadPoolExecutor.java:624)
	at java.lang.Thread.run(Thread.java:748)
2019-09-12 11:51:14,200 [pool-80-thread-9] ERROR freon.RandomKeyGenerator (RandomKeyGenerator.java:createKey(724)) - Exception while adding key: key-0-14230 in bucket: bucket-1-19805 of volume: vol-0-09090.
INTERNAL_ERROR org.apache.hadoop.ozone.om.exceptions.OMException: Allocated 0 blocks. Requested 1 blocks
	at org.apache.hadoop.ozone.om.protocolPB.OzoneManagerProtocolClientSideTranslatorPB.handleError(OzoneManagerProtocolClientSideTranslatorPB.java:725)
	at org.apache.hadoop.ozone.om.protocolPB.OzoneManagerProtocolClientSideTranslatorPB.openKey(OzoneManagerProtocolClientSideTranslatorPB.java:716)
	at org.apache.hadoop.ozone.client.rpc.RpcClient.createKey(RpcClient.java:615)
	at org.apache.hadoop.ozone.client.OzoneBucket.createKey(OzoneBucket.java:323)
	at org.apache.hadoop.ozone.freon.RandomKeyGenerator.createKey(RandomKeyGenerator.java:686)
	at org.apache.hadoop.ozone.freon.RandomKeyGenerator.access$1100(RandomKeyGenerator.java:87)
	at org.apache.hadoop.ozone.freon.RandomKeyGenerator$ObjectCreator.run(RandomKeyGenerator.java:606)
	at java.util.concurrent.Executors$RunnableAdapter.call(Executors.java:511)
	at java.util.concurrent.FutureTask.run(FutureTask.java:266)
	at java.util.concurrent.ThreadPoolExecutor.runWorker(ThreadPoolExecutor.java:1149)
	at java.util.concurrent.ThreadPoolExecutor$Worker.run(ThreadPoolExecutor.java:624)
	at java.lang.Thread.run(Thread.java:748)
2019-09-12 11:51:14,200 | ERROR | OMAudit | user=jenkins1000 | ip=127.0.0.1 | op=ALLOCATE_KEY {volume=vol-0-09090, bucket=bucket-2-87149, key=key-0-78575, dataSize=10240, replicationType=RATIS, replicationFactor=THREE, keyLocationInfo=null} | ret=FAILURE | org.apache.hadoop.hdds.scm.exceptions.SCMException: Allocated 0 blocks. Requested 1 blocks
	at org.apache.hadoop.hdds.scm.protocolPB.ScmBlockLocationProtocolClientSideTranslatorPB.handleError(ScmBlockLocationProtocolClientSideTranslatorPB.java:118)
	at org.apache.hadoop.hdds.scm.protocolPB.ScmBlockLocationProtocolClientSideTranslatorPB.allocateBlock(ScmBlockLocationProtocolClientSideTranslatorPB.java:156) 
2019-09-12 11:51:14,200 | ERROR | OMAudit | user=jenkins1000 | ip=127.0.0.1 | op=ALLOCATE_KEY {volume=vol-1-83498, bucket=bucket-2-66743, key=key-0-15698, dataSize=10240, replicationType=RATIS, replicationFactor=THREE, keyLocationInfo=null} | ret=FAILURE | org.apache.hadoop.hdds.scm.exceptions.SCMException: Allocated 0 blocks. Requested 1 blocks
	at org.apache.hadoop.hdds.scm.protocolPB.ScmBlockLocationProtocolClientSideTranslatorPB.handleError(ScmBlockLocationProtocolClientSideTranslatorPB.java:118)
	at org.apache.hadoop.hdds.scm.protocolPB.ScmBlockLocationProtocolClientSideTranslatorPB.allocateBlock(ScmBlockLocationProtocolClientSideTranslatorPB.java:156) 
2019-09-12 11:51:14,201 [pool-80-thread-10] ERROR freon.RandomKeyGenerator (RandomKeyGenerator.java:createKey(724)) - Exception while adding key: key-0-78575 in bucket: bucket-2-87149 of volume: vol-0-09090.
INTERNAL_ERROR org.apache.hadoop.ozone.om.exceptions.OMException: Allocated 0 blocks. Requested 1 blocks
	at org.apache.hadoop.ozone.om.protocolPB.OzoneManagerProtocolClientSideTranslatorPB.handleError(OzoneManagerProtocolClientSideTranslatorPB.java:725)
	at org.apache.hadoop.ozone.om.protocolPB.OzoneManagerProtocolClientSideTranslatorPB.openKey(OzoneManagerProtocolClientSideTranslatorPB.java:716)
	at org.apache.hadoop.ozone.client.rpc.RpcClient.createKey(RpcClient.java:615)
	at org.apache.hadoop.ozone.client.OzoneBucket.createKey(OzoneBucket.java:323)
	at org.apache.hadoop.ozone.freon.RandomKeyGenerator.createKey(RandomKeyGenerator.java:686)
	at org.apache.hadoop.ozone.freon.RandomKeyGenerator.access$1100(RandomKeyGenerator.java:87)
	at org.apache.hadoop.ozone.freon.RandomKeyGenerator$ObjectCreator.run(RandomKeyGenerator.java:606)
	at java.util.concurrent.Executors$RunnableAdapter.call(Executors.java:511)
	at java.util.concurrent.FutureTask.run(FutureTask.java:266)
	at java.util.concurrent.ThreadPoolExecutor.runWorker(ThreadPoolExecutor.java:1149)
	at java.util.concurrent.ThreadPoolExecutor$Worker.run(ThreadPoolExecutor.java:624)
	at java.lang.Thread.run(Thread.java:748)
2019-09-12 11:51:14,201 [pool-80-thread-7] ERROR freon.RandomKeyGenerator (RandomKeyGenerator.java:createKey(724)) - Exception while adding key: key-0-15698 in bucket: bucket-2-66743 of volume: vol-1-83498.
INTERNAL_ERROR org.apache.hadoop.ozone.om.exceptions.OMException: Allocated 0 blocks. Requested 1 blocks
	at org.apache.hadoop.ozone.om.protocolPB.OzoneManagerProtocolClientSideTranslatorPB.handleError(OzoneManagerProtocolClientSideTranslatorPB.java:725)
	at org.apache.hadoop.ozone.om.protocolPB.OzoneManagerProtocolClientSideTranslatorPB.openKey(OzoneManagerProtocolClientSideTranslatorPB.java:716)
	at org.apache.hadoop.ozone.client.rpc.RpcClient.createKey(RpcClient.java:615)
	at org.apache.hadoop.ozone.client.OzoneBucket.createKey(OzoneBucket.java:323)
	at org.apache.hadoop.ozone.freon.RandomKeyGenerator.createKey(RandomKeyGenerator.java:686)
	at org.apache.hadoop.ozone.freon.RandomKeyGenerator.access$1100(RandomKeyGenerator.java:87)
	at org.apache.hadoop.ozone.freon.RandomKeyGenerator$ObjectCreator.run(RandomKeyGenerator.java:606)
	at java.util.concurrent.Executors$RunnableAdapter.call(Executors.java:511)
	at java.util.concurrent.FutureTask.run(FutureTask.java:266)
	at java.util.concurrent.ThreadPoolExecutor.runWorker(ThreadPoolExecutor.java:1149)
	at java.util.concurrent.ThreadPoolExecutor$Worker.run(ThreadPoolExecutor.java:624)
	at java.lang.Thread.run(Thread.java:748)
2019-09-12 11:51:14,440 | INFO  | SCMAudit | user=jenkins1000 | ip=192.168.36.114 | op=SEND_HEARTBEAT {datanodeUUID=9aaf2f78-d78f-4ebc-b7a2-56dce2b57085, command=[]} | ret=SUCCESS |  
2019-09-12 11:51:14,518 | INFO  | SCMAudit | user=jenkins1000 | ip=192.168.36.114 | op=SEND_HEARTBEAT {datanodeUUID=c13e8c2d-5cc3-43ac-8cc7-9a20211fb58e, command=[]} | ret=SUCCESS |  
2019-09-12 11:51:14,595 | INFO  | SCMAudit | user=jenkins1000 | ip=192.168.36.114 | op=SEND_HEARTBEAT {datanodeUUID=9d7d954f-b073-45cf-8f2c-ae2cc2b7e120, command=[]} | ret=SUCCESS |  
2019-09-12 11:51:14,816 | INFO  | SCMAudit | user=jenkins1000 | ip=192.168.36.114 | op=SEND_HEARTBEAT {datanodeUUID=233f3d22-ae09-46be-8182-f5e58d004644, command=[]} | ret=SUCCESS |  
2019-09-12 11:51:15,036 | INFO  | SCMAudit | user=jenkins1000 | ip=192.168.36.114 | op=SEND_HEARTBEAT {datanodeUUID=8c993e87-89d2-4e6e-901e-5640f3030957, command=[]} | ret=SUCCESS |  
 0.00% |█                                                                                                    |  0/100 Time: 0:00:012019-09-12 11:51:15,439 | INFO  | SCMAudit | user=jenkins1000 | ip=192.168.36.114 | op=SEND_HEARTBEAT {datanodeUUID=9aaf2f78-d78f-4ebc-b7a2-56dce2b57085, command=[]} | ret=SUCCESS |  
2019-09-12 11:51:15,518 | INFO  | SCMAudit | user=jenkins1000 | ip=192.168.36.114 | op=SEND_HEARTBEAT {datanodeUUID=c13e8c2d-5cc3-43ac-8cc7-9a20211fb58e, command=[]} | ret=SUCCESS |  
2019-09-12 11:51:15,595 | INFO  | SCMAudit | user=jenkins1000 | ip=192.168.36.114 | op=SEND_HEARTBEAT {datanodeUUID=9d7d954f-b073-45cf-8f2c-ae2cc2b7e120, command=[]} | ret=SUCCESS |  
2019-09-12 11:51:15,815 | INFO  | SCMAudit | user=jenkins1000 | ip=192.168.36.114 | op=SEND_HEARTBEAT {datanodeUUID=233f3d22-ae09-46be-8182-f5e58d004644, command=[]} | ret=SUCCESS |  
2019-09-12 11:51:16,037 | INFO  | SCMAudit | user=jenkins1000 | ip=192.168.36.114 | op=SEND_HEARTBEAT {datanodeUUID=8c993e87-89d2-4e6e-901e-5640f3030957, command=[]} | ret=SUCCESS |  
 0.00% |█                                                                                                    |  0/100 Time: 0:00:022019-09-12 11:51:16,440 | INFO  | SCMAudit | user=jenkins1000 | ip=192.168.36.114 | op=SEND_HEARTBEAT {datanodeUUID=9aaf2f78-d78f-4ebc-b7a2-56dce2b57085, command=[]} | ret=SUCCESS |  
2019-09-12 11:51:16,518 | INFO  | SCMAudit | user=jenkins1000 | ip=192.168.36.114 | op=SEND_HEARTBEAT {datanodeUUID=c13e8c2d-5cc3-43ac-8cc7-9a20211fb58e, command=[]} | ret=SUCCESS |  
2019-09-12 11:51:16,594 | INFO  | SCMAudit | user=jenkins1000 | ip=192.168.36.114 | op=SEND_HEARTBEAT {datanodeUUID=9d7d954f-b073-45cf-8f2c-ae2cc2b7e120, command=[]} | ret=SUCCESS |  
2019-09-12 11:51:16,816 | INFO  | SCMAudit | user=jenkins1000 | ip=192.168.36.114 | op=SEND_HEARTBEAT {datanodeUUID=233f3d22-ae09-46be-8182-f5e58d004644, command=[]} | ret=SUCCESS |  
2019-09-12 11:51:17,036 | INFO  | SCMAudit | user=jenkins1000 | ip=192.168.36.114 | op=SEND_HEARTBEAT {datanodeUUID=8c993e87-89d2-4e6e-901e-5640f3030957, command=[]} | ret=SUCCESS |  
 0.00% |█                                                                                                    |  0/100 Time: 0:00:032019-09-12 11:51:17,439 | INFO  | SCMAudit | user=jenkins1000 | ip=192.168.36.114 | op=SEND_HEARTBEAT {datanodeUUID=9aaf2f78-d78f-4ebc-b7a2-56dce2b57085, command=[]} | ret=SUCCESS |  
2019-09-12 11:51:17,518 | INFO  | SCMAudit | user=jenkins1000 | ip=192.168.36.114 | op=SEND_HEARTBEAT {datanodeUUID=c13e8c2d-5cc3-43ac-8cc7-9a20211fb58e, command=[]} | ret=SUCCESS |  
2019-09-12 11:51:17,594 | INFO  | SCMAudit | user=jenkins1000 | ip=192.168.36.114 | op=SEND_HEARTBEAT {datanodeUUID=9d7d954f-b073-45cf-8f2c-ae2cc2b7e120, command=[]} | ret=SUCCESS |  
2019-09-12 11:51:17,816 | INFO  | SCMAudit | user=jenkins1000 | ip=192.168.36.114 | op=SEND_HEARTBEAT {datanodeUUID=233f3d22-ae09-46be-8182-f5e58d004644, command=[]} | ret=SUCCESS |  
2019-09-12 11:51:18,037 | INFO  | SCMAudit | user=jenkins1000 | ip=192.168.36.114 | op=SEND_HEARTBEAT {datanodeUUID=8c993e87-89d2-4e6e-901e-5640f3030957, command=[]} | ret=SUCCESS |  
 0.00% |█                                                                                                    |  0/100 Time: 0:00:042019-09-12 11:51:18,439 | INFO  | SCMAudit | user=jenkins1000 | ip=192.168.36.114 | op=SEND_HEARTBEAT {datanodeUUID=9aaf2f78-d78f-4ebc-b7a2-56dce2b57085, command=[]} | ret=SUCCESS |  
2019-09-12 11:51:18,518 | INFO  | SCMAudit | user=jenkins1000 | ip=192.168.36.114 | op=SEND_HEARTBEAT {datanodeUUID=c13e8c2d-5cc3-43ac-8cc7-9a20211fb58e, command=[]} | ret=SUCCESS |  
2019-09-12 11:51:18,594 | INFO  | SCMAudit | user=jenkins1000 | ip=192.168.36.114 | op=SEND_HEARTBEAT {datanodeUUID=9d7d954f-b073-45cf-8f2c-ae2cc2b7e120, command=[]} | ret=SUCCESS |  
2019-09-12 11:51:18,815 | INFO  | SCMAudit | user=jenkins1000 | ip=192.168.36.114 | op=SEND_HEARTBEAT {datanodeUUID=233f3d22-ae09-46be-8182-f5e58d004644, command=[]} | ret=SUCCESS |  
2019-09-12 11:51:19,036 | INFO  | SCMAudit | user=jenkins1000 | ip=192.168.36.114 | op=SEND_HEARTBEAT {datanodeUUID=8c993e87-89d2-4e6e-901e-5640f3030957, command=[]} | ret=SUCCESS |  
 100.00% |█████████████████████████████████████████████████████████████████████████████████████████████████████|  100/100 Time: 0:00:05
2019-09-12 11:51:19,440 | INFO  | SCMAudit | user=jenkins1000 | ip=192.168.36.114 | op=SEND_HEARTBEAT {datanodeUUID=9aaf2f78-d78f-4ebc-b7a2-56dce2b57085, command=[]} | ret=SUCCESS |  
2019-09-12 11:51:19,518 | INFO  | SCMAudit | user=jenkins1000 | ip=192.168.36.114 | op=SEND_HEARTBEAT {datanodeUUID=c13e8c2d-5cc3-43ac-8cc7-9a20211fb58e, command=[]} | ret=SUCCESS |  
2019-09-12 11:51:19,597 | INFO  | SCMAudit | user=jenkins1000 | ip=192.168.36.114 | op=SEND_HEARTBEAT {datanodeUUID=9d7d954f-b073-45cf-8f2c-ae2cc2b7e120, command=[]} | ret=SUCCESS |  
2019-09-12 11:51:19,816 | INFO  | SCMAudit | user=jenkins1000 | ip=192.168.36.114 | op=SEND_HEARTBEAT {datanodeUUID=233f3d22-ae09-46be-8182-f5e58d004644, command=[]} | ret=SUCCESS |  
2019-09-12 11:51:20,037 | INFO  | SCMAudit | user=jenkins1000 | ip=192.168.36.114 | op=SEND_HEARTBEAT {datanodeUUID=8c993e87-89d2-4e6e-901e-5640f3030957, command=[]} | ret=SUCCESS |  
2019-09-12 11:51:20,439 | INFO  | SCMAudit | user=jenkins1000 | ip=192.168.36.114 | op=SEND_HEARTBEAT {datanodeUUID=9aaf2f78-d78f-4ebc-b7a2-56dce2b57085, command=[]} | ret=SUCCESS |  
2019-09-12 11:51:20,518 | INFO  | SCMAudit | user=jenkins1000 | ip=192.168.36.114 | op=SEND_HEARTBEAT {datanodeUUID=c13e8c2d-5cc3-43ac-8cc7-9a20211fb58e, command=[]} | ret=SUCCESS |  
2019-09-12 11:51:20,594 | INFO  | SCMAudit | user=jenkins1000 | ip=192.168.36.114 | op=SEND_HEARTBEAT {datanodeUUID=9d7d954f-b073-45cf-8f2c-ae2cc2b7e120, command=[]} | ret=SUCCESS |  
2019-09-12 11:51:20,815 | INFO  | SCMAudit | user=jenkins1000 | ip=192.168.36.114 | op=SEND_HEARTBEAT {datanodeUUID=233f3d22-ae09-46be-8182-f5e58d004644, command=[]} | ret=SUCCESS |  
2019-09-12 11:51:21,037 | INFO  | SCMAudit | user=jenkins1000 | ip=192.168.36.114 | op=SEND_HEARTBEAT {datanodeUUID=8c993e87-89d2-4e6e-901e-5640f3030957, command=[]} | ret=SUCCESS |  
2019-09-12 11:51:21,440 | INFO  | SCMAudit | user=jenkins1000 | ip=192.168.36.114 | op=SEND_HEARTBEAT {datanodeUUID=9aaf2f78-d78f-4ebc-b7a2-56dce2b57085, command=[]} | ret=SUCCESS |  
2019-09-12 11:51:21,517 | INFO  | SCMAudit | user=jenkins1000 | ip=192.168.36.114 | op=SEND_HEARTBEAT {datanodeUUID=c13e8c2d-5cc3-43ac-8cc7-9a20211fb58e, command=[]} | ret=SUCCESS |  
2019-09-12 11:51:21,594 | INFO  | SCMAudit | user=jenkins1000 | ip=192.168.36.114 | op=SEND_HEARTBEAT {datanodeUUID=9d7d954f-b073-45cf-8f2c-ae2cc2b7e120, command=[]} | ret=SUCCESS |  
2019-09-12 11:51:21,815 | INFO  | SCMAudit | user=jenkins1000 | ip=192.168.36.114 | op=SEND_HEARTBEAT {datanodeUUID=233f3d22-ae09-46be-8182-f5e58d004644, command=[]} | ret=SUCCESS |  
2019-09-12 11:51:22,037 | INFO  | SCMAudit | user=jenkins1000 | ip=192.168.36.114 | op=SEND_HEARTBEAT {datanodeUUID=8c993e87-89d2-4e6e-901e-5640f3030957, command=[]} | ret=SUCCESS |  
2019-09-12 11:51:22,439 | INFO  | SCMAudit | user=jenkins1000 | ip=192.168.36.114 | op=SEND_HEARTBEAT {datanodeUUID=9aaf2f78-d78f-4ebc-b7a2-56dce2b57085, command=[]} | ret=SUCCESS |  
2019-09-12 11:51:22,519 | INFO  | SCMAudit | user=jenkins1000 | ip=192.168.36.114 | op=SEND_HEARTBEAT {datanodeUUID=c13e8c2d-5cc3-43ac-8cc7-9a20211fb58e, command=[]} | ret=SUCCESS |  
2019-09-12 11:51:22,594 | INFO  | SCMAudit | user=jenkins1000 | ip=192.168.36.114 | op=SEND_HEARTBEAT {datanodeUUID=9d7d954f-b073-45cf-8f2c-ae2cc2b7e120, command=[]} | ret=SUCCESS |  
2019-09-12 11:51:22,816 | INFO  | SCMAudit | user=jenkins1000 | ip=192.168.36.114 | op=SEND_HEARTBEAT {datanodeUUID=233f3d22-ae09-46be-8182-f5e58d004644, command=[]} | ret=SUCCESS |  
2019-09-12 11:51:23,037 | INFO  | SCMAudit | user=jenkins1000 | ip=192.168.36.114 | op=SEND_HEARTBEAT {datanodeUUID=8c993e87-89d2-4e6e-901e-5640f3030957, command=[]} | ret=SUCCESS |  
2019-09-12 11:51:23,440 | INFO  | SCMAudit | user=jenkins1000 | ip=192.168.36.114 | op=SEND_HEARTBEAT {datanodeUUID=9aaf2f78-d78f-4ebc-b7a2-56dce2b57085, command=[]} | ret=SUCCESS |  
2019-09-12 11:51:23,519 | INFO  | SCMAudit | user=jenkins1000 | ip=192.168.36.114 | op=SEND_HEARTBEAT {datanodeUUID=c13e8c2d-5cc3-43ac-8cc7-9a20211fb58e, command=[]} | ret=SUCCESS |  
2019-09-12 11:51:23,595 | INFO  | SCMAudit | user=jenkins1000 | ip=192.168.36.114 | op=SEND_HEARTBEAT {datanodeUUID=9d7d954f-b073-45cf-8f2c-ae2cc2b7e120, command=[]} | ret=SUCCESS |  
2019-09-12 11:51:23,816 | INFO  | SCMAudit | user=jenkins1000 | ip=192.168.36.114 | op=SEND_HEARTBEAT {datanodeUUID=233f3d22-ae09-46be-8182-f5e58d004644, command=[]} | ret=SUCCESS |  
2019-09-12 11:51:24,037 | INFO  | SCMAudit | user=jenkins1000 | ip=192.168.36.114 | op=SEND_HEARTBEAT {datanodeUUID=8c993e87-89d2-4e6e-901e-5640f3030957, command=[]} | ret=SUCCESS |  
]]></system-out>
  </testcase>
</testsuite>