<?xml version="1.0" encoding="UTF-8"?>
<testsuite xmlns:xsi="http://www.w3.org/2001/XMLSchema-instance" xsi:noNamespaceSchemaLocation="https://maven.apache.org/surefire/maven-surefire-plugin/xsd/surefire-test-report.xsd" name="org.apache.hadoop.ozone.freon.TestFreonWithPipelineDestroy" time="32.509" tests="1" errors="1" skipped="0" failures="0">
  <properties>
    <property name="awt.toolkit" value="sun.awt.X11.XToolkit"/>
    <property name="file.encoding.pkg" value="sun.io"/>
    <property name="java.specification.version" value="1.8"/>
    <property name="sun.cpu.isalist" value=""/>
    <property name="sun.jnu.encoding" value="UTF-8"/>
    <property name="java.class.path" value="/workdir/hadoop-ozone/tools/target/test-classes:/workdir/hadoop-ozone/tools/target/classes:/home/user/.m2/repository/org/apache/hadoop/hadoop-ozone-ozone-manager/0.5.0-SNAPSHOT/hadoop-ozone-ozone-manager-0.5.0-SNAPSHOT.jar:/home/user/.m2/repository/org/apache/hadoop/hadoop-hdds-docs/0.5.0-SNAPSHOT/hadoop-hdds-docs-0.5.0-SNAPSHOT.jar:/home/user/.m2/repository/org/bouncycastle/bcprov-jdk15on/1.60/bcprov-jdk15on-1.60.jar:/home/user/.m2/repository/org/apache/hadoop/hadoop-ozone-common/0.5.0-SNAPSHOT/hadoop-ozone-common-0.5.0-SNAPSHOT.jar:/home/user/.m2/repository/org/apache/commons/commons-compress/1.4.1/commons-compress-1.4.1.jar:/home/user/.m2/repository/org/tukaani/xz/1.0/xz-1.0.jar:/home/user/.m2/repository/org/apache/hadoop/hadoop-hdfs-client/3.2.0/hadoop-hdfs-client-3.2.0.jar:/home/user/.m2/repository/com/fasterxml/jackson/core/jackson-annotations/2.9.5/jackson-annotations-2.9.5.jar:/home/user/.m2/repository/org/apache/hadoop/hadoop-hdds-common/0.5.0-SNAPSHOT/hadoop-hdds-common-0.5.0-SNAPSHOT.jar:/home/user/.m2/repository/org/apache/hadoop/hadoop-hdds-config/0.5.0-SNAPSHOT/hadoop-hdds-config-0.5.0-SNAPSHOT.jar:/home/user/.m2/repository/javax/annotation/javax.annotation-api/1.2/javax.annotation-api-1.2.jar:/home/user/.m2/repository/org/apache/ratis/ratis-server/0.4.0-2337318-SNAPSHOT/ratis-server-0.4.0-2337318-SNAPSHOT.jar:/home/user/.m2/repository/org/apache/ratis/ratis-thirdparty-misc/0.2.0/ratis-thirdparty-misc-0.2.0.jar:/home/user/.m2/repository/org/apache/ratis/ratis-proto/0.4.0-2337318-SNAPSHOT/ratis-proto-0.4.0-2337318-SNAPSHOT.jar:/home/user/.m2/repository/org/apache/ratis/ratis-common/0.4.0-2337318-SNAPSHOT/ratis-common-0.4.0-2337318-SNAPSHOT.jar:/home/user/.m2/repository/org/apache/ratis/ratis-client/0.4.0-2337318-SNAPSHOT/ratis-client-0.4.0-2337318-SNAPSHOT.jar:/home/user/.m2/repository/org/apache/ratis/ratis-metrics/0.4.0-2337318-SNAPSHOT/ratis-metrics-0.4.0-2337318-SNAPSHOT.jar:/home/user/.m2/repository/org/apache/ratis/ratis-netty/0.4.0-2337318-SNAPSHOT/ratis-netty-0.4.0-2337318-SNAPSHOT.jar:/home/user/.m2/repository/org/apache/ratis/ratis-grpc/0.4.0-2337318-SNAPSHOT/ratis-grpc-0.4.0-2337318-SNAPSHOT.jar:/home/user/.m2/repository/org/rocksdb/rocksdbjni/6.0.1/rocksdbjni-6.0.1.jar:/home/user/.m2/repository/org/apache/logging/log4j/log4j-api/2.11.0/log4j-api-2.11.0.jar:/home/user/.m2/repository/org/apache/logging/log4j/log4j-core/2.11.0/log4j-core-2.11.0.jar:/home/user/.m2/repository/com/lmax/disruptor/3.4.2/disruptor-3.4.2.jar:/home/user/.m2/repository/org/apache/commons/commons-pool2/2.6.0/commons-pool2-2.6.0.jar:/home/user/.m2/repository/org/bouncycastle/bcpkix-jdk15on/1.60/bcpkix-jdk15on-1.60.jar:/home/user/.m2/repository/commons-validator/commons-validator/1.6/commons-validator-1.6.jar:/home/user/.m2/repository/commons-digester/commons-digester/1.8.1/commons-digester-1.8.1.jar:/home/user/.m2/repository/io/jaegertracing/jaeger-client/0.33.1/jaeger-client-0.33.1.jar:/home/user/.m2/repository/io/jaegertracing/jaeger-thrift/0.33.1/jaeger-thrift-0.33.1.jar:/home/user/.m2/repository/org/apache/thrift/libthrift/0.11.0/libthrift-0.11.0.jar:/home/user/.m2/repository/com/squareup/okhttp3/okhttp/3.9.0/okhttp-3.9.0.jar:/home/user/.m2/repository/com/squareup/okio/okio/1.13.0/okio-1.13.0.jar:/home/user/.m2/repository/io/jaegertracing/jaeger-core/0.33.1/jaeger-core-0.33.1.jar:/home/user/.m2/repository/io/jaegertracing/jaeger-tracerresolver/0.33.1/jaeger-tracerresolver-0.33.1.jar:/home/user/.m2/repository/io/opentracing/contrib/opentracing-tracerresolver/0.1.5/opentracing-tracerresolver-0.1.5.jar:/home/user/.m2/repository/io/opentracing/opentracing-util/0.31.0/opentracing-util-0.31.0.jar:/home/user/.m2/repository/io/opentracing/opentracing-api/0.31.0/opentracing-api-0.31.0.jar:/home/user/.m2/repository/io/opentracing/opentracing-noop/0.31.0/opentracing-noop-0.31.0.jar:/home/user/.m2/repository/org/yaml/snakeyaml/1.16/snakeyaml-1.16.jar:/home/user/.m2/repository/org/apache/hadoop/hadoop-hdds-container-service/0.5.0-SNAPSHOT/hadoop-hdds-container-service-0.5.0-SNAPSHOT.jar:/home/user/.m2/repository/org/apache/hadoop/hadoop-hdds-client/0.5.0-SNAPSHOT/hadoop-hdds-client-0.5.0-SNAPSHOT.jar:/home/user/.m2/repository/org/apache/hadoop/hadoop-hdds-tools/0.5.0-SNAPSHOT/hadoop-hdds-tools-0.5.0-SNAPSHOT.jar:/home/user/.m2/repository/org/xerial/sqlite-jdbc/3.25.2/sqlite-jdbc-3.25.2.jar:/home/user/.m2/repository/org/apache/hadoop/hadoop-hdds-server-scm/0.5.0-SNAPSHOT/hadoop-hdds-server-scm-0.5.0-SNAPSHOT.jar:/home/user/.m2/repository/org/hamcrest/hamcrest-all/1.3/hamcrest-all-1.3.jar:/home/user/.m2/repository/info/picocli/picocli/3.9.6/picocli-3.9.6.jar:/home/user/.m2/repository/com/google/protobuf/protobuf-java/2.5.0/protobuf-java-2.5.0.jar:/home/user/.m2/repository/com/google/guava/guava/11.0.2/guava-11.0.2.jar:/home/user/.m2/repository/org/apache/hadoop/hadoop-ozone-client/0.5.0-SNAPSHOT/hadoop-ozone-client-0.5.0-SNAPSHOT.jar:/workdir/hadoop-ozone/ozonefs/target/classes:/home/user/.m2/repository/org/apache/hadoop/hadoop-hdds-server-framework/0.5.0-SNAPSHOT/hadoop-hdds-server-framework-0.5.0-SNAPSHOT.jar:/home/user/.m2/repository/org/apache/hadoop/hadoop-common/3.2.0/hadoop-common-3.2.0.jar:/home/user/.m2/repository/org/apache/hadoop/hadoop-annotations/3.2.0/hadoop-annotations-3.2.0.jar:/usr/lib/jvm/java-1.8-openjdk/jre/../lib/tools.jar:/home/user/.m2/repository/commons-cli/commons-cli/1.2/commons-cli-1.2.jar:/home/user/.m2/repository/org/apache/commons/commons-math3/3.1.1/commons-math3-3.1.1.jar:/home/user/.m2/repository/org/apache/httpcomponents/httpclient/4.5.2/httpclient-4.5.2.jar:/home/user/.m2/repository/org/apache/httpcomponents/httpcore/4.4.4/httpcore-4.4.4.jar:/home/user/.m2/repository/commons-codec/commons-codec/1.11/commons-codec-1.11.jar:/home/user/.m2/repository/commons-io/commons-io/2.5/commons-io-2.5.jar:/home/user/.m2/repository/commons-net/commons-net/3.6/commons-net-3.6.jar:/home/user/.m2/repository/commons-collections/commons-collections/3.2.2/commons-collections-3.2.2.jar:/home/user/.m2/repository/javax/servlet/javax.servlet-api/3.1.0/javax.servlet-api-3.1.0.jar:/home/user/.m2/repository/org/eclipse/jetty/jetty-server/9.3.24.v20180605/jetty-server-9.3.24.v20180605.jar:/home/user/.m2/repository/org/eclipse/jetty/jetty-http/9.3.24.v20180605/jetty-http-9.3.24.v20180605.jar:/home/user/.m2/repository/org/eclipse/jetty/jetty-io/9.3.24.v20180605/jetty-io-9.3.24.v20180605.jar:/home/user/.m2/repository/org/eclipse/jetty/jetty-util/9.3.24.v20180605/jetty-util-9.3.24.v20180605.jar:/home/user/.m2/repository/org/eclipse/jetty/jetty-servlet/9.3.24.v20180605/jetty-servlet-9.3.24.v20180605.jar:/home/user/.m2/repository/org/eclipse/jetty/jetty-security/9.3.24.v20180605/jetty-security-9.3.24.v20180605.jar:/home/user/.m2/repository/org/eclipse/jetty/jetty-webapp/9.3.24.v20180605/jetty-webapp-9.3.24.v20180605.jar:/home/user/.m2/repository/org/eclipse/jetty/jetty-xml/9.3.24.v20180605/jetty-xml-9.3.24.v20180605.jar:/home/user/.m2/repository/javax/servlet/jsp/jsp-api/2.1/jsp-api-2.1.jar:/home/user/.m2/repository/com/sun/jersey/jersey-core/1.19/jersey-core-1.19.jar:/home/user/.m2/repository/javax/ws/rs/jsr311-api/1.1.1/jsr311-api-1.1.1.jar:/home/user/.m2/repository/com/sun/jersey/jersey-servlet/1.19/jersey-servlet-1.19.jar:/home/user/.m2/repository/com/sun/jersey/jersey-json/1.19/jersey-json-1.19.jar:/home/user/.m2/repository/org/codehaus/jettison/jettison/1.1/jettison-1.1.jar:/home/user/.m2/repository/com/sun/xml/bind/jaxb-impl/2.3.0.1/jaxb-impl-2.3.0.1.jar:/home/user/.m2/repository/org/codehaus/jackson/jackson-core-asl/1.9.13/jackson-core-asl-1.9.13.jar:/home/user/.m2/repository/org/codehaus/jackson/jackson-mapper-asl/1.9.13/jackson-mapper-asl-1.9.13.jar:/home/user/.m2/repository/org/codehaus/jackson/jackson-jaxrs/1.9.13/jackson-jaxrs-1.9.13.jar:/home/user/.m2/repository/org/codehaus/jackson/jackson-xc/1.9.13/jackson-xc-1.9.13.jar:/home/user/.m2/repository/com/sun/jersey/jersey-server/1.19/jersey-server-1.19.jar:/home/user/.m2/repository/commons-logging/commons-logging/1.1.3/commons-logging-1.1.3.jar:/home/user/.m2/repository/log4j/log4j/1.2.17/log4j-1.2.17.jar:/home/user/.m2/repository/commons-beanutils/commons-beanutils/1.9.3/commons-beanutils-1.9.3.jar:/home/user/.m2/repository/org/apache/commons/commons-configuration2/2.1.1/commons-configuration2-2.1.1.jar:/home/user/.m2/repository/org/apache/commons/commons-lang3/3.7/commons-lang3-3.7.jar:/home/user/.m2/repository/org/apache/commons/commons-text/1.4/commons-text-1.4.jar:/home/user/.m2/repository/org/slf4j/slf4j-api/1.7.25/slf4j-api-1.7.25.jar:/home/user/.m2/repository/org/slf4j/slf4j-log4j12/1.7.25/slf4j-log4j12-1.7.25.jar:/home/user/.m2/repository/org/apache/avro/avro/1.7.7/avro-1.7.7.jar:/home/user/.m2/repository/com/thoughtworks/paranamer/paranamer/2.3/paranamer-2.3.jar:/home/user/.m2/repository/org/xerial/snappy/snappy-java/1.0.5/snappy-java-1.0.5.jar:/home/user/.m2/repository/com/google/re2j/re2j/1.1/re2j-1.1.jar:/home/user/.m2/repository/com/google/code/gson/gson/2.2.4/gson-2.2.4.jar:/home/user/.m2/repository/org/apache/hadoop/hadoop-auth/3.2.0/hadoop-auth-3.2.0.jar:/home/user/.m2/repository/com/nimbusds/nimbus-jose-jwt/4.41.1/nimbus-jose-jwt-4.41.1.jar:/home/user/.m2/repository/com/github/stephenc/jcip/jcip-annotations/1.0-1/jcip-annotations-1.0-1.jar:/home/user/.m2/repository/net/minidev/json-smart/2.3/json-smart-2.3.jar:/home/user/.m2/repository/net/minidev/accessors-smart/1.2/accessors-smart-1.2.jar:/home/user/.m2/repository/org/apache/curator/curator-framework/2.12.0/curator-framework-2.12.0.jar:/home/user/.m2/repository/com/jcraft/jsch/0.1.54/jsch-0.1.54.jar:/home/user/.m2/repository/org/apache/curator/curator-client/2.12.0/curator-client-2.12.0.jar:/home/user/.m2/repository/org/apache/curator/curator-recipes/2.12.0/curator-recipes-2.12.0.jar:/home/user/.m2/repository/com/google/code/findbugs/jsr305/3.0.0/jsr305-3.0.0.jar:/home/user/.m2/repository/org/apache/htrace/htrace-core4/4.1.0-incubating/htrace-core4-4.1.0-incubating.jar:/home/user/.m2/repository/org/apache/zookeeper/zookeeper/3.4.13/zookeeper-3.4.13.jar:/home/user/.m2/repository/org/apache/yetus/audience-annotations/0.5.0/audience-annotations-0.5.0.jar:/home/user/.m2/repository/org/apache/kerby/kerb-simplekdc/1.0.1/kerb-simplekdc-1.0.1.jar:/home/user/.m2/repository/org/apache/kerby/kerb-client/1.0.1/kerb-client-1.0.1.jar:/home/user/.m2/repository/org/apache/kerby/kerby-config/1.0.1/kerby-config-1.0.1.jar:/home/user/.m2/repository/org/apache/kerby/kerb-core/1.0.1/kerb-core-1.0.1.jar:/home/user/.m2/repository/org/apache/kerby/kerby-pkix/1.0.1/kerby-pkix-1.0.1.jar:/home/user/.m2/repository/org/apache/kerby/kerby-asn1/1.0.1/kerby-asn1-1.0.1.jar:/home/user/.m2/repository/org/apache/kerby/kerby-util/1.0.1/kerby-util-1.0.1.jar:/home/user/.m2/repository/org/apache/kerby/kerb-common/1.0.1/kerb-common-1.0.1.jar:/home/user/.m2/repository/org/apache/kerby/kerb-crypto/1.0.1/kerb-crypto-1.0.1.jar:/home/user/.m2/repository/org/apache/kerby/kerb-util/1.0.1/kerb-util-1.0.1.jar:/home/user/.m2/repository/org/apache/kerby/token-provider/1.0.1/token-provider-1.0.1.jar:/home/user/.m2/repository/org/apache/kerby/kerb-admin/1.0.1/kerb-admin-1.0.1.jar:/home/user/.m2/repository/org/apache/kerby/kerb-server/1.0.1/kerb-server-1.0.1.jar:/home/user/.m2/repository/org/apache/kerby/kerb-identity/1.0.1/kerb-identity-1.0.1.jar:/home/user/.m2/repository/org/apache/kerby/kerby-xdr/1.0.1/kerby-xdr-1.0.1.jar:/home/user/.m2/repository/com/fasterxml/jackson/core/jackson-databind/2.9.5/jackson-databind-2.9.5.jar:/home/user/.m2/repository/com/fasterxml/jackson/core/jackson-core/2.9.5/jackson-core-2.9.5.jar:/home/user/.m2/repository/org/codehaus/woodstox/stax2-api/3.1.4/stax2-api-3.1.4.jar:/home/user/.m2/repository/com/fasterxml/woodstox/woodstox-core/5.0.3/woodstox-core-5.0.3.jar:/home/user/.m2/repository/dnsjava/dnsjava/2.1.7/dnsjava-2.1.7.jar:/home/user/.m2/repository/org/apache/hadoop/hadoop-hdfs/3.2.0/hadoop-hdfs-3.2.0.jar:/home/user/.m2/repository/org/eclipse/jetty/jetty-util-ajax/9.3.24.v20180605/jetty-util-ajax-9.3.24.v20180605.jar:/home/user/.m2/repository/commons-daemon/commons-daemon/1.0.13/commons-daemon-1.0.13.jar:/home/user/.m2/repository/io/netty/netty/3.10.5.Final/netty-3.10.5.Final.jar:/home/user/.m2/repository/io/netty/netty-all/4.0.52.Final/netty-all-4.0.52.Final.jar:/home/user/.m2/repository/org/fusesource/leveldbjni/leveldbjni-all/1.8/leveldbjni-all-1.8.jar:/home/user/.m2/repository/com/sun/xml/bind/jaxb-core/2.3.0.1/jaxb-core-2.3.0.1.jar:/home/user/.m2/repository/javax/xml/bind/jaxb-api/2.3.0/jaxb-api-2.3.0.jar:/home/user/.m2/repository/javax/activation/activation/1.1.1/activation-1.1.1.jar:/home/user/.m2/repository/io/dropwizard/metrics/metrics-core/3.2.4/metrics-core-3.2.4.jar:/home/user/.m2/repository/org/openjdk/jmh/jmh-core/1.19/jmh-core-1.19.jar:/home/user/.m2/repository/net/sf/jopt-simple/jopt-simple/4.6/jopt-simple-4.6.jar:/home/user/.m2/repository/org/openjdk/jmh/jmh-generator-annprocess/1.19/jmh-generator-annprocess-1.19.jar:/home/user/.m2/repository/com/google/code/findbugs/findbugs/3.0.1/findbugs-3.0.1.jar:/home/user/.m2/repository/net/jcip/jcip-annotations/1.0/jcip-annotations-1.0.jar:/home/user/.m2/repository/com/google/code/findbugs/bcel-findbugs/6.0/bcel-findbugs-6.0.jar:/home/user/.m2/repository/com/google/code/findbugs/jFormatString/2.0.1/jFormatString-2.0.1.jar:/home/user/.m2/repository/dom4j/dom4j/1.6.1/dom4j-1.6.1.jar:/home/user/.m2/repository/xml-apis/xml-apis/1.0.b2/xml-apis-1.0.b2.jar:/home/user/.m2/repository/org/ow2/asm/asm-debug-all/5.0.2/asm-debug-all-5.0.2.jar:/home/user/.m2/repository/org/ow2/asm/asm-commons/5.0.2/asm-commons-5.0.2.jar:/home/user/.m2/repository/org/ow2/asm/asm-tree/5.0.2/asm-tree-5.0.2.jar:/home/user/.m2/repository/org/ow2/asm/asm/5.0.4/asm-5.0.4.jar:/home/user/.m2/repository/commons-lang/commons-lang/2.6/commons-lang-2.6.jar:/home/user/.m2/repository/com/apple/AppleJavaExtensions/1.4/AppleJavaExtensions-1.4.jar:/home/user/.m2/repository/jaxen/jaxen/1.1.6/jaxen-1.1.6.jar:/home/user/.m2/repository/junit/junit/4.11/junit-4.11.jar:/home/user/.m2/repository/org/hamcrest/hamcrest-core/1.3/hamcrest-core-1.3.jar:/home/user/.m2/repository/org/apache/hadoop/hadoop-common/3.2.0/hadoop-common-3.2.0-tests.jar:/workdir/hadoop-ozone/integration-test/target/test-classes:/home/user/.m2/repository/org/apache/hadoop/hadoop-ozone-objectstore-service/0.5.0-SNAPSHOT/hadoop-ozone-objectstore-service-0.5.0-SNAPSHOT.jar:/home/user/.m2/repository/org/apache/hadoop/hadoop-ozone-s3gateway/0.5.0-SNAPSHOT/hadoop-ozone-s3gateway-0.5.0-SNAPSHOT.jar:/home/user/.m2/repository/org/jboss/weld/servlet/weld-servlet/2.4.7.Final/weld-servlet-2.4.7.Final.jar:/home/user/.m2/repository/org/glassfish/jersey/containers/jersey-container-servlet-core/2.27/jersey-container-servlet-core-2.27.jar:/home/user/.m2/repository/org/glassfish/hk2/external/javax.inject/2.5.0-b42/javax.inject-2.5.0-b42.jar:/home/user/.m2/repository/org/glassfish/jersey/core/jersey-common/2.27/jersey-common-2.27.jar:/home/user/.m2/repository/org/glassfish/hk2/osgi-resource-locator/1.0.1/osgi-resource-locator-1.0.1.jar:/home/user/.m2/repository/javax/ws/rs/javax.ws.rs-api/2.1/javax.ws.rs-api-2.1.jar:/home/user/.m2/repository/org/glassfish/jersey/ext/cdi/jersey-cdi1x/2.27/jersey-cdi1x-2.27.jar:/home/user/.m2/repository/org/glassfish/jersey/inject/jersey-hk2/2.27/jersey-hk2-2.27.jar:/home/user/.m2/repository/org/glassfish/hk2/hk2-locator/2.5.0-b42/hk2-locator-2.5.0-b42.jar:/home/user/.m2/repository/org/javassist/javassist/3.22.0-CR2/javassist-3.22.0-CR2.jar:/home/user/.m2/repository/org/glassfish/hk2/hk2-api/2.5.0/hk2-api-2.5.0.jar:/home/user/.m2/repository/org/glassfish/hk2/external/jakarta.inject/2.5.0/jakarta.inject-2.5.0.jar:/home/user/.m2/repository/org/glassfish/hk2/hk2-utils/2.5.0/hk2-utils-2.5.0.jar:/home/user/.m2/repository/jakarta/annotation/jakarta.annotation-api/1.3.4/jakarta.annotation-api-1.3.4.jar:/home/user/.m2/repository/org/glassfish/hk2/external/aopalliance-repackaged/2.5.0/aopalliance-repackaged-2.5.0.jar:/home/user/.m2/repository/com/fasterxml/jackson/dataformat/jackson-dataformat-xml/2.9.0/jackson-dataformat-xml-2.9.0.jar:/home/user/.m2/repository/com/fasterxml/jackson/module/jackson-module-jaxb-annotations/2.9.5/jackson-module-jaxb-annotations-2.9.5.jar:/home/user/.m2/repository/javax/enterprise/cdi-api/1.2/cdi-api-1.2.jar:/home/user/.m2/repository/javax/el/javax.el-api/3.0.0/javax.el-api-3.0.0.jar:/home/user/.m2/repository/javax/interceptor/javax.interceptor-api/1.2/javax.interceptor-api-1.2.jar:/home/user/.m2/repository/javax/inject/javax.inject/1/javax.inject-1.jar:/home/user/.m2/repository/org/apache/hadoop/hadoop-ozone-csi/0.5.0-SNAPSHOT/hadoop-ozone-csi-0.5.0-SNAPSHOT.jar:/home/user/.m2/repository/com/google/protobuf/protobuf-java-util/3.5.1/protobuf-java-util-3.5.1.jar:/home/user/.m2/repository/io/grpc/grpc-netty/1.17.1/grpc-netty-1.17.1.jar:/home/user/.m2/repository/io/grpc/grpc-core/1.17.1/grpc-core-1.17.1.jar:/home/user/.m2/repository/io/grpc/grpc-context/1.17.1/grpc-context-1.17.1.jar:/home/user/.m2/repository/com/google/errorprone/error_prone_annotations/2.2.0/error_prone_annotations-2.2.0.jar:/home/user/.m2/repository/org/codehaus/mojo/animal-sniffer-annotations/1.17/animal-sniffer-annotations-1.17.jar:/home/user/.m2/repository/io/opencensus/opencensus-api/0.17.0/opencensus-api-0.17.0.jar:/home/user/.m2/repository/io/opencensus/opencensus-contrib-grpc-metrics/0.17.0/opencensus-contrib-grpc-metrics-0.17.0.jar:/home/user/.m2/repository/io/netty/netty-codec-http2/4.1.30.Final/netty-codec-http2-4.1.30.Final.jar:/home/user/.m2/repository/io/netty/netty-codec-http/4.1.30.Final/netty-codec-http-4.1.30.Final.jar:/home/user/.m2/repository/io/netty/netty-codec/4.1.30.Final/netty-codec-4.1.30.Final.jar:/home/user/.m2/repository/io/netty/netty-handler/4.1.30.Final/netty-handler-4.1.30.Final.jar:/home/user/.m2/repository/io/netty/netty-handler-proxy/4.1.30.Final/netty-handler-proxy-4.1.30.Final.jar:/home/user/.m2/repository/io/netty/netty-codec-socks/4.1.30.Final/netty-codec-socks-4.1.30.Final.jar:/home/user/.m2/repository/io/netty/netty-transport-native-epoll/4.1.30.Final/netty-transport-native-epoll-4.1.30.Final.jar:/home/user/.m2/repository/io/netty/netty-common/4.1.30.Final/netty-common-4.1.30.Final.jar:/home/user/.m2/repository/io/netty/netty-buffer/4.1.30.Final/netty-buffer-4.1.30.Final.jar:/home/user/.m2/repository/io/netty/netty-transport/4.1.30.Final/netty-transport-4.1.30.Final.jar:/home/user/.m2/repository/io/netty/netty-resolver/4.1.30.Final/netty-resolver-4.1.30.Final.jar:/home/user/.m2/repository/io/netty/netty-transport-native-unix-common/4.1.30.Final/netty-transport-native-unix-common-4.1.30.Final.jar:/home/user/.m2/repository/io/grpc/grpc-protobuf/1.17.1/grpc-protobuf-1.17.1.jar:/home/user/.m2/repository/com/google/api/grpc/proto-google-common-protos/1.0.0/proto-google-common-protos-1.0.0.jar:/home/user/.m2/repository/io/grpc/grpc-protobuf-lite/1.17.1/grpc-protobuf-lite-1.17.1.jar:/home/user/.m2/repository/io/grpc/grpc-stub/1.17.1/grpc-stub-1.17.1.jar:/home/user/.m2/repository/org/apache/hadoop/hadoop-ozone-recon/0.5.0-SNAPSHOT/hadoop-ozone-recon-0.5.0-SNAPSHOT.jar:/home/user/.m2/repository/org/apache/hadoop/hadoop-ozone-reconcodegen/0.5.0-SNAPSHOT/hadoop-ozone-reconcodegen-0.5.0-SNAPSHOT.jar:/home/user/.m2/repository/com/google/inject/extensions/guice-multibindings/4.0/guice-multibindings-4.0.jar:/home/user/.m2/repository/com/google/inject/guice/4.0/guice-4.0.jar:/home/user/.m2/repository/aopalliance/aopalliance/1.0/aopalliance-1.0.jar:/home/user/.m2/repository/com/google/inject/extensions/guice-servlet/4.0/guice-servlet-4.0.jar:/home/user/.m2/repository/org/glassfish/jersey/containers/jersey-container-servlet/2.27/jersey-container-servlet-2.27.jar:/home/user/.m2/repository/org/glassfish/hk2/guice-bridge/2.5.0/guice-bridge-2.5.0.jar:/home/user/.m2/repository/org/glassfish/jersey/core/jersey-server/2.27/jersey-server-2.27.jar:/home/user/.m2/repository/org/glassfish/jersey/core/jersey-client/2.27/jersey-client-2.27.jar:/home/user/.m2/repository/org/glassfish/jersey/media/jersey-media-jaxb/2.27/jersey-media-jaxb-2.27.jar:/home/user/.m2/repository/javax/validation/validation-api/1.1.0.Final/validation-api-1.1.0.Final.jar:/home/user/.m2/repository/org/glassfish/jersey/media/jersey-media-json-jackson/2.27/jersey-media-json-jackson-2.27.jar:/home/user/.m2/repository/org/glassfish/jersey/ext/jersey-entity-filtering/2.27/jersey-entity-filtering-2.27.jar:/home/user/.m2/repository/com/google/inject/extensions/guice-assistedinject/4.0/guice-assistedinject-4.0.jar:/home/user/.m2/repository/org/jooq/jooq/3.11.10/jooq-3.11.10.jar:/home/user/.m2/repository/org/jooq/jooq-meta/3.11.10/jooq-meta-3.11.10.jar:/home/user/.m2/repository/org/jooq/jooq-codegen/3.11.10/jooq-codegen-3.11.10.jar:/home/user/.m2/repository/com/jolbox/bonecp/0.8.0.RELEASE/bonecp-0.8.0.RELEASE.jar:/home/user/.m2/repository/org/springframework/spring-jdbc/5.1.3.RELEASE/spring-jdbc-5.1.3.RELEASE.jar:/home/user/.m2/repository/org/springframework/spring-beans/5.1.3.RELEASE/spring-beans-5.1.3.RELEASE.jar:/home/user/.m2/repository/org/springframework/spring-core/5.1.3.RELEASE/spring-core-5.1.3.RELEASE.jar:/home/user/.m2/repository/org/springframework/spring-jcl/5.1.3.RELEASE/spring-jcl-5.1.3.RELEASE.jar:/home/user/.m2/repository/org/springframework/spring-tx/5.1.3.RELEASE/spring-tx-5.1.3.RELEASE.jar:/home/user/.m2/repository/org/mockito/mockito-core/2.15.0/mockito-core-2.15.0.jar:/home/user/.m2/repository/net/bytebuddy/byte-buddy/1.7.9/byte-buddy-1.7.9.jar:/home/user/.m2/repository/net/bytebuddy/byte-buddy-agent/1.7.9/byte-buddy-agent-1.7.9.jar:/home/user/.m2/repository/org/objenesis/objenesis/1.0/objenesis-1.0.jar:"/>
    <property name="java.vm.vendor" value="IcedTea"/>
    <property name="sun.arch.data.model" value="64"/>
    <property name="test.build.dir" value="/workdir/hadoop-ozone/tools/target/test-dir"/>
    <property name="test.cache.data" value=""/>
    <property name="java.vendor.url" value="https://icedtea.classpath.org"/>
    <property name="user.timezone" value=""/>
    <property name="java.vm.specification.version" value="1.8"/>
    <property name="os.name" value="Linux"/>
    <property name="test.build.data" value="/workdir/hadoop-ozone/tools/target/test-dir"/>
    <property name="user.country" value="US"/>
    <property name="sun.java.launcher" value="SUN_STANDARD"/>
    <property name="sun.boot.library.path" value="/usr/lib/jvm/java-1.8-openjdk/jre/lib/amd64"/>
    <property name="sun.java.command" value="/workdir/hadoop-ozone/tools/target/surefire/surefirebooter8514380123036444804.jar /workdir/hadoop-ozone/tools/target/surefire 2019-09-12T10-07-27_366-jvmRun1 surefire7909483351259599096tmp surefire_1224158614703184069552tmp"/>
    <property name="test" value="!TestMiniChaosOzoneCluster"/>
    <property name="surefire.test.class.path" value="/workdir/hadoop-ozone/tools/target/test-classes:/workdir/hadoop-ozone/tools/target/classes:/home/user/.m2/repository/org/apache/hadoop/hadoop-ozone-ozone-manager/0.5.0-SNAPSHOT/hadoop-ozone-ozone-manager-0.5.0-SNAPSHOT.jar:/home/user/.m2/repository/org/apache/hadoop/hadoop-hdds-docs/0.5.0-SNAPSHOT/hadoop-hdds-docs-0.5.0-SNAPSHOT.jar:/home/user/.m2/repository/org/bouncycastle/bcprov-jdk15on/1.60/bcprov-jdk15on-1.60.jar:/home/user/.m2/repository/org/apache/hadoop/hadoop-ozone-common/0.5.0-SNAPSHOT/hadoop-ozone-common-0.5.0-SNAPSHOT.jar:/home/user/.m2/repository/org/apache/commons/commons-compress/1.4.1/commons-compress-1.4.1.jar:/home/user/.m2/repository/org/tukaani/xz/1.0/xz-1.0.jar:/home/user/.m2/repository/org/apache/hadoop/hadoop-hdfs-client/3.2.0/hadoop-hdfs-client-3.2.0.jar:/home/user/.m2/repository/com/fasterxml/jackson/core/jackson-annotations/2.9.5/jackson-annotations-2.9.5.jar:/home/user/.m2/repository/org/apache/hadoop/hadoop-hdds-common/0.5.0-SNAPSHOT/hadoop-hdds-common-0.5.0-SNAPSHOT.jar:/home/user/.m2/repository/org/apache/hadoop/hadoop-hdds-config/0.5.0-SNAPSHOT/hadoop-hdds-config-0.5.0-SNAPSHOT.jar:/home/user/.m2/repository/javax/annotation/javax.annotation-api/1.2/javax.annotation-api-1.2.jar:/home/user/.m2/repository/org/apache/ratis/ratis-server/0.4.0-2337318-SNAPSHOT/ratis-server-0.4.0-2337318-SNAPSHOT.jar:/home/user/.m2/repository/org/apache/ratis/ratis-thirdparty-misc/0.2.0/ratis-thirdparty-misc-0.2.0.jar:/home/user/.m2/repository/org/apache/ratis/ratis-proto/0.4.0-2337318-SNAPSHOT/ratis-proto-0.4.0-2337318-SNAPSHOT.jar:/home/user/.m2/repository/org/apache/ratis/ratis-common/0.4.0-2337318-SNAPSHOT/ratis-common-0.4.0-2337318-SNAPSHOT.jar:/home/user/.m2/repository/org/apache/ratis/ratis-client/0.4.0-2337318-SNAPSHOT/ratis-client-0.4.0-2337318-SNAPSHOT.jar:/home/user/.m2/repository/org/apache/ratis/ratis-metrics/0.4.0-2337318-SNAPSHOT/ratis-metrics-0.4.0-2337318-SNAPSHOT.jar:/home/user/.m2/repository/org/apache/ratis/ratis-netty/0.4.0-2337318-SNAPSHOT/ratis-netty-0.4.0-2337318-SNAPSHOT.jar:/home/user/.m2/repository/org/apache/ratis/ratis-grpc/0.4.0-2337318-SNAPSHOT/ratis-grpc-0.4.0-2337318-SNAPSHOT.jar:/home/user/.m2/repository/org/rocksdb/rocksdbjni/6.0.1/rocksdbjni-6.0.1.jar:/home/user/.m2/repository/org/apache/logging/log4j/log4j-api/2.11.0/log4j-api-2.11.0.jar:/home/user/.m2/repository/org/apache/logging/log4j/log4j-core/2.11.0/log4j-core-2.11.0.jar:/home/user/.m2/repository/com/lmax/disruptor/3.4.2/disruptor-3.4.2.jar:/home/user/.m2/repository/org/apache/commons/commons-pool2/2.6.0/commons-pool2-2.6.0.jar:/home/user/.m2/repository/org/bouncycastle/bcpkix-jdk15on/1.60/bcpkix-jdk15on-1.60.jar:/home/user/.m2/repository/commons-validator/commons-validator/1.6/commons-validator-1.6.jar:/home/user/.m2/repository/commons-digester/commons-digester/1.8.1/commons-digester-1.8.1.jar:/home/user/.m2/repository/io/jaegertracing/jaeger-client/0.33.1/jaeger-client-0.33.1.jar:/home/user/.m2/repository/io/jaegertracing/jaeger-thrift/0.33.1/jaeger-thrift-0.33.1.jar:/home/user/.m2/repository/org/apache/thrift/libthrift/0.11.0/libthrift-0.11.0.jar:/home/user/.m2/repository/com/squareup/okhttp3/okhttp/3.9.0/okhttp-3.9.0.jar:/home/user/.m2/repository/com/squareup/okio/okio/1.13.0/okio-1.13.0.jar:/home/user/.m2/repository/io/jaegertracing/jaeger-core/0.33.1/jaeger-core-0.33.1.jar:/home/user/.m2/repository/io/jaegertracing/jaeger-tracerresolver/0.33.1/jaeger-tracerresolver-0.33.1.jar:/home/user/.m2/repository/io/opentracing/contrib/opentracing-tracerresolver/0.1.5/opentracing-tracerresolver-0.1.5.jar:/home/user/.m2/repository/io/opentracing/opentracing-util/0.31.0/opentracing-util-0.31.0.jar:/home/user/.m2/repository/io/opentracing/opentracing-api/0.31.0/opentracing-api-0.31.0.jar:/home/user/.m2/repository/io/opentracing/opentracing-noop/0.31.0/opentracing-noop-0.31.0.jar:/home/user/.m2/repository/org/yaml/snakeyaml/1.16/snakeyaml-1.16.jar:/home/user/.m2/repository/org/apache/hadoop/hadoop-hdds-container-service/0.5.0-SNAPSHOT/hadoop-hdds-container-service-0.5.0-SNAPSHOT.jar:/home/user/.m2/repository/org/apache/hadoop/hadoop-hdds-client/0.5.0-SNAPSHOT/hadoop-hdds-client-0.5.0-SNAPSHOT.jar:/home/user/.m2/repository/org/apache/hadoop/hadoop-hdds-tools/0.5.0-SNAPSHOT/hadoop-hdds-tools-0.5.0-SNAPSHOT.jar:/home/user/.m2/repository/org/xerial/sqlite-jdbc/3.25.2/sqlite-jdbc-3.25.2.jar:/home/user/.m2/repository/org/apache/hadoop/hadoop-hdds-server-scm/0.5.0-SNAPSHOT/hadoop-hdds-server-scm-0.5.0-SNAPSHOT.jar:/home/user/.m2/repository/org/hamcrest/hamcrest-all/1.3/hamcrest-all-1.3.jar:/home/user/.m2/repository/info/picocli/picocli/3.9.6/picocli-3.9.6.jar:/home/user/.m2/repository/com/google/protobuf/protobuf-java/2.5.0/protobuf-java-2.5.0.jar:/home/user/.m2/repository/com/google/guava/guava/11.0.2/guava-11.0.2.jar:/home/user/.m2/repository/org/apache/hadoop/hadoop-ozone-client/0.5.0-SNAPSHOT/hadoop-ozone-client-0.5.0-SNAPSHOT.jar:/workdir/hadoop-ozone/ozonefs/target/classes:/home/user/.m2/repository/org/apache/hadoop/hadoop-hdds-server-framework/0.5.0-SNAPSHOT/hadoop-hdds-server-framework-0.5.0-SNAPSHOT.jar:/home/user/.m2/repository/org/apache/hadoop/hadoop-common/3.2.0/hadoop-common-3.2.0.jar:/home/user/.m2/repository/org/apache/hadoop/hadoop-annotations/3.2.0/hadoop-annotations-3.2.0.jar:/usr/lib/jvm/java-1.8-openjdk/jre/../lib/tools.jar:/home/user/.m2/repository/commons-cli/commons-cli/1.2/commons-cli-1.2.jar:/home/user/.m2/repository/org/apache/commons/commons-math3/3.1.1/commons-math3-3.1.1.jar:/home/user/.m2/repository/org/apache/httpcomponents/httpclient/4.5.2/httpclient-4.5.2.jar:/home/user/.m2/repository/org/apache/httpcomponents/httpcore/4.4.4/httpcore-4.4.4.jar:/home/user/.m2/repository/commons-codec/commons-codec/1.11/commons-codec-1.11.jar:/home/user/.m2/repository/commons-io/commons-io/2.5/commons-io-2.5.jar:/home/user/.m2/repository/commons-net/commons-net/3.6/commons-net-3.6.jar:/home/user/.m2/repository/commons-collections/commons-collections/3.2.2/commons-collections-3.2.2.jar:/home/user/.m2/repository/javax/servlet/javax.servlet-api/3.1.0/javax.servlet-api-3.1.0.jar:/home/user/.m2/repository/org/eclipse/jetty/jetty-server/9.3.24.v20180605/jetty-server-9.3.24.v20180605.jar:/home/user/.m2/repository/org/eclipse/jetty/jetty-http/9.3.24.v20180605/jetty-http-9.3.24.v20180605.jar:/home/user/.m2/repository/org/eclipse/jetty/jetty-io/9.3.24.v20180605/jetty-io-9.3.24.v20180605.jar:/home/user/.m2/repository/org/eclipse/jetty/jetty-util/9.3.24.v20180605/jetty-util-9.3.24.v20180605.jar:/home/user/.m2/repository/org/eclipse/jetty/jetty-servlet/9.3.24.v20180605/jetty-servlet-9.3.24.v20180605.jar:/home/user/.m2/repository/org/eclipse/jetty/jetty-security/9.3.24.v20180605/jetty-security-9.3.24.v20180605.jar:/home/user/.m2/repository/org/eclipse/jetty/jetty-webapp/9.3.24.v20180605/jetty-webapp-9.3.24.v20180605.jar:/home/user/.m2/repository/org/eclipse/jetty/jetty-xml/9.3.24.v20180605/jetty-xml-9.3.24.v20180605.jar:/home/user/.m2/repository/javax/servlet/jsp/jsp-api/2.1/jsp-api-2.1.jar:/home/user/.m2/repository/com/sun/jersey/jersey-core/1.19/jersey-core-1.19.jar:/home/user/.m2/repository/javax/ws/rs/jsr311-api/1.1.1/jsr311-api-1.1.1.jar:/home/user/.m2/repository/com/sun/jersey/jersey-servlet/1.19/jersey-servlet-1.19.jar:/home/user/.m2/repository/com/sun/jersey/jersey-json/1.19/jersey-json-1.19.jar:/home/user/.m2/repository/org/codehaus/jettison/jettison/1.1/jettison-1.1.jar:/home/user/.m2/repository/com/sun/xml/bind/jaxb-impl/2.3.0.1/jaxb-impl-2.3.0.1.jar:/home/user/.m2/repository/org/codehaus/jackson/jackson-core-asl/1.9.13/jackson-core-asl-1.9.13.jar:/home/user/.m2/repository/org/codehaus/jackson/jackson-mapper-asl/1.9.13/jackson-mapper-asl-1.9.13.jar:/home/user/.m2/repository/org/codehaus/jackson/jackson-jaxrs/1.9.13/jackson-jaxrs-1.9.13.jar:/home/user/.m2/repository/org/codehaus/jackson/jackson-xc/1.9.13/jackson-xc-1.9.13.jar:/home/user/.m2/repository/com/sun/jersey/jersey-server/1.19/jersey-server-1.19.jar:/home/user/.m2/repository/commons-logging/commons-logging/1.1.3/commons-logging-1.1.3.jar:/home/user/.m2/repository/log4j/log4j/1.2.17/log4j-1.2.17.jar:/home/user/.m2/repository/commons-beanutils/commons-beanutils/1.9.3/commons-beanutils-1.9.3.jar:/home/user/.m2/repository/org/apache/commons/commons-configuration2/2.1.1/commons-configuration2-2.1.1.jar:/home/user/.m2/repository/org/apache/commons/commons-lang3/3.7/commons-lang3-3.7.jar:/home/user/.m2/repository/org/apache/commons/commons-text/1.4/commons-text-1.4.jar:/home/user/.m2/repository/org/slf4j/slf4j-api/1.7.25/slf4j-api-1.7.25.jar:/home/user/.m2/repository/org/slf4j/slf4j-log4j12/1.7.25/slf4j-log4j12-1.7.25.jar:/home/user/.m2/repository/org/apache/avro/avro/1.7.7/avro-1.7.7.jar:/home/user/.m2/repository/com/thoughtworks/paranamer/paranamer/2.3/paranamer-2.3.jar:/home/user/.m2/repository/org/xerial/snappy/snappy-java/1.0.5/snappy-java-1.0.5.jar:/home/user/.m2/repository/com/google/re2j/re2j/1.1/re2j-1.1.jar:/home/user/.m2/repository/com/google/code/gson/gson/2.2.4/gson-2.2.4.jar:/home/user/.m2/repository/org/apache/hadoop/hadoop-auth/3.2.0/hadoop-auth-3.2.0.jar:/home/user/.m2/repository/com/nimbusds/nimbus-jose-jwt/4.41.1/nimbus-jose-jwt-4.41.1.jar:/home/user/.m2/repository/com/github/stephenc/jcip/jcip-annotations/1.0-1/jcip-annotations-1.0-1.jar:/home/user/.m2/repository/net/minidev/json-smart/2.3/json-smart-2.3.jar:/home/user/.m2/repository/net/minidev/accessors-smart/1.2/accessors-smart-1.2.jar:/home/user/.m2/repository/org/apache/curator/curator-framework/2.12.0/curator-framework-2.12.0.jar:/home/user/.m2/repository/com/jcraft/jsch/0.1.54/jsch-0.1.54.jar:/home/user/.m2/repository/org/apache/curator/curator-client/2.12.0/curator-client-2.12.0.jar:/home/user/.m2/repository/org/apache/curator/curator-recipes/2.12.0/curator-recipes-2.12.0.jar:/home/user/.m2/repository/com/google/code/findbugs/jsr305/3.0.0/jsr305-3.0.0.jar:/home/user/.m2/repository/org/apache/htrace/htrace-core4/4.1.0-incubating/htrace-core4-4.1.0-incubating.jar:/home/user/.m2/repository/org/apache/zookeeper/zookeeper/3.4.13/zookeeper-3.4.13.jar:/home/user/.m2/repository/org/apache/yetus/audience-annotations/0.5.0/audience-annotations-0.5.0.jar:/home/user/.m2/repository/org/apache/kerby/kerb-simplekdc/1.0.1/kerb-simplekdc-1.0.1.jar:/home/user/.m2/repository/org/apache/kerby/kerb-client/1.0.1/kerb-client-1.0.1.jar:/home/user/.m2/repository/org/apache/kerby/kerby-config/1.0.1/kerby-config-1.0.1.jar:/home/user/.m2/repository/org/apache/kerby/kerb-core/1.0.1/kerb-core-1.0.1.jar:/home/user/.m2/repository/org/apache/kerby/kerby-pkix/1.0.1/kerby-pkix-1.0.1.jar:/home/user/.m2/repository/org/apache/kerby/kerby-asn1/1.0.1/kerby-asn1-1.0.1.jar:/home/user/.m2/repository/org/apache/kerby/kerby-util/1.0.1/kerby-util-1.0.1.jar:/home/user/.m2/repository/org/apache/kerby/kerb-common/1.0.1/kerb-common-1.0.1.jar:/home/user/.m2/repository/org/apache/kerby/kerb-crypto/1.0.1/kerb-crypto-1.0.1.jar:/home/user/.m2/repository/org/apache/kerby/kerb-util/1.0.1/kerb-util-1.0.1.jar:/home/user/.m2/repository/org/apache/kerby/token-provider/1.0.1/token-provider-1.0.1.jar:/home/user/.m2/repository/org/apache/kerby/kerb-admin/1.0.1/kerb-admin-1.0.1.jar:/home/user/.m2/repository/org/apache/kerby/kerb-server/1.0.1/kerb-server-1.0.1.jar:/home/user/.m2/repository/org/apache/kerby/kerb-identity/1.0.1/kerb-identity-1.0.1.jar:/home/user/.m2/repository/org/apache/kerby/kerby-xdr/1.0.1/kerby-xdr-1.0.1.jar:/home/user/.m2/repository/com/fasterxml/jackson/core/jackson-databind/2.9.5/jackson-databind-2.9.5.jar:/home/user/.m2/repository/com/fasterxml/jackson/core/jackson-core/2.9.5/jackson-core-2.9.5.jar:/home/user/.m2/repository/org/codehaus/woodstox/stax2-api/3.1.4/stax2-api-3.1.4.jar:/home/user/.m2/repository/com/fasterxml/woodstox/woodstox-core/5.0.3/woodstox-core-5.0.3.jar:/home/user/.m2/repository/dnsjava/dnsjava/2.1.7/dnsjava-2.1.7.jar:/home/user/.m2/repository/org/apache/hadoop/hadoop-hdfs/3.2.0/hadoop-hdfs-3.2.0.jar:/home/user/.m2/repository/org/eclipse/jetty/jetty-util-ajax/9.3.24.v20180605/jetty-util-ajax-9.3.24.v20180605.jar:/home/user/.m2/repository/commons-daemon/commons-daemon/1.0.13/commons-daemon-1.0.13.jar:/home/user/.m2/repository/io/netty/netty/3.10.5.Final/netty-3.10.5.Final.jar:/home/user/.m2/repository/io/netty/netty-all/4.0.52.Final/netty-all-4.0.52.Final.jar:/home/user/.m2/repository/org/fusesource/leveldbjni/leveldbjni-all/1.8/leveldbjni-all-1.8.jar:/home/user/.m2/repository/com/sun/xml/bind/jaxb-core/2.3.0.1/jaxb-core-2.3.0.1.jar:/home/user/.m2/repository/javax/xml/bind/jaxb-api/2.3.0/jaxb-api-2.3.0.jar:/home/user/.m2/repository/javax/activation/activation/1.1.1/activation-1.1.1.jar:/home/user/.m2/repository/io/dropwizard/metrics/metrics-core/3.2.4/metrics-core-3.2.4.jar:/home/user/.m2/repository/org/openjdk/jmh/jmh-core/1.19/jmh-core-1.19.jar:/home/user/.m2/repository/net/sf/jopt-simple/jopt-simple/4.6/jopt-simple-4.6.jar:/home/user/.m2/repository/org/openjdk/jmh/jmh-generator-annprocess/1.19/jmh-generator-annprocess-1.19.jar:/home/user/.m2/repository/com/google/code/findbugs/findbugs/3.0.1/findbugs-3.0.1.jar:/home/user/.m2/repository/net/jcip/jcip-annotations/1.0/jcip-annotations-1.0.jar:/home/user/.m2/repository/com/google/code/findbugs/bcel-findbugs/6.0/bcel-findbugs-6.0.jar:/home/user/.m2/repository/com/google/code/findbugs/jFormatString/2.0.1/jFormatString-2.0.1.jar:/home/user/.m2/repository/dom4j/dom4j/1.6.1/dom4j-1.6.1.jar:/home/user/.m2/repository/xml-apis/xml-apis/1.0.b2/xml-apis-1.0.b2.jar:/home/user/.m2/repository/org/ow2/asm/asm-debug-all/5.0.2/asm-debug-all-5.0.2.jar:/home/user/.m2/repository/org/ow2/asm/asm-commons/5.0.2/asm-commons-5.0.2.jar:/home/user/.m2/repository/org/ow2/asm/asm-tree/5.0.2/asm-tree-5.0.2.jar:/home/user/.m2/repository/org/ow2/asm/asm/5.0.4/asm-5.0.4.jar:/home/user/.m2/repository/commons-lang/commons-lang/2.6/commons-lang-2.6.jar:/home/user/.m2/repository/com/apple/AppleJavaExtensions/1.4/AppleJavaExtensions-1.4.jar:/home/user/.m2/repository/jaxen/jaxen/1.1.6/jaxen-1.1.6.jar:/home/user/.m2/repository/junit/junit/4.11/junit-4.11.jar:/home/user/.m2/repository/org/hamcrest/hamcrest-core/1.3/hamcrest-core-1.3.jar:/home/user/.m2/repository/org/apache/hadoop/hadoop-common/3.2.0/hadoop-common-3.2.0-tests.jar:/workdir/hadoop-ozone/integration-test/target/test-classes:/home/user/.m2/repository/org/apache/hadoop/hadoop-ozone-objectstore-service/0.5.0-SNAPSHOT/hadoop-ozone-objectstore-service-0.5.0-SNAPSHOT.jar:/home/user/.m2/repository/org/apache/hadoop/hadoop-ozone-s3gateway/0.5.0-SNAPSHOT/hadoop-ozone-s3gateway-0.5.0-SNAPSHOT.jar:/home/user/.m2/repository/org/jboss/weld/servlet/weld-servlet/2.4.7.Final/weld-servlet-2.4.7.Final.jar:/home/user/.m2/repository/org/glassfish/jersey/containers/jersey-container-servlet-core/2.27/jersey-container-servlet-core-2.27.jar:/home/user/.m2/repository/org/glassfish/hk2/external/javax.inject/2.5.0-b42/javax.inject-2.5.0-b42.jar:/home/user/.m2/repository/org/glassfish/jersey/core/jersey-common/2.27/jersey-common-2.27.jar:/home/user/.m2/repository/org/glassfish/hk2/osgi-resource-locator/1.0.1/osgi-resource-locator-1.0.1.jar:/home/user/.m2/repository/javax/ws/rs/javax.ws.rs-api/2.1/javax.ws.rs-api-2.1.jar:/home/user/.m2/repository/org/glassfish/jersey/ext/cdi/jersey-cdi1x/2.27/jersey-cdi1x-2.27.jar:/home/user/.m2/repository/org/glassfish/jersey/inject/jersey-hk2/2.27/jersey-hk2-2.27.jar:/home/user/.m2/repository/org/glassfish/hk2/hk2-locator/2.5.0-b42/hk2-locator-2.5.0-b42.jar:/home/user/.m2/repository/org/javassist/javassist/3.22.0-CR2/javassist-3.22.0-CR2.jar:/home/user/.m2/repository/org/glassfish/hk2/hk2-api/2.5.0/hk2-api-2.5.0.jar:/home/user/.m2/repository/org/glassfish/hk2/external/jakarta.inject/2.5.0/jakarta.inject-2.5.0.jar:/home/user/.m2/repository/org/glassfish/hk2/hk2-utils/2.5.0/hk2-utils-2.5.0.jar:/home/user/.m2/repository/jakarta/annotation/jakarta.annotation-api/1.3.4/jakarta.annotation-api-1.3.4.jar:/home/user/.m2/repository/org/glassfish/hk2/external/aopalliance-repackaged/2.5.0/aopalliance-repackaged-2.5.0.jar:/home/user/.m2/repository/com/fasterxml/jackson/dataformat/jackson-dataformat-xml/2.9.0/jackson-dataformat-xml-2.9.0.jar:/home/user/.m2/repository/com/fasterxml/jackson/module/jackson-module-jaxb-annotations/2.9.5/jackson-module-jaxb-annotations-2.9.5.jar:/home/user/.m2/repository/javax/enterprise/cdi-api/1.2/cdi-api-1.2.jar:/home/user/.m2/repository/javax/el/javax.el-api/3.0.0/javax.el-api-3.0.0.jar:/home/user/.m2/repository/javax/interceptor/javax.interceptor-api/1.2/javax.interceptor-api-1.2.jar:/home/user/.m2/repository/javax/inject/javax.inject/1/javax.inject-1.jar:/home/user/.m2/repository/org/apache/hadoop/hadoop-ozone-csi/0.5.0-SNAPSHOT/hadoop-ozone-csi-0.5.0-SNAPSHOT.jar:/home/user/.m2/repository/com/google/protobuf/protobuf-java-util/3.5.1/protobuf-java-util-3.5.1.jar:/home/user/.m2/repository/io/grpc/grpc-netty/1.17.1/grpc-netty-1.17.1.jar:/home/user/.m2/repository/io/grpc/grpc-core/1.17.1/grpc-core-1.17.1.jar:/home/user/.m2/repository/io/grpc/grpc-context/1.17.1/grpc-context-1.17.1.jar:/home/user/.m2/repository/com/google/errorprone/error_prone_annotations/2.2.0/error_prone_annotations-2.2.0.jar:/home/user/.m2/repository/org/codehaus/mojo/animal-sniffer-annotations/1.17/animal-sniffer-annotations-1.17.jar:/home/user/.m2/repository/io/opencensus/opencensus-api/0.17.0/opencensus-api-0.17.0.jar:/home/user/.m2/repository/io/opencensus/opencensus-contrib-grpc-metrics/0.17.0/opencensus-contrib-grpc-metrics-0.17.0.jar:/home/user/.m2/repository/io/netty/netty-codec-http2/4.1.30.Final/netty-codec-http2-4.1.30.Final.jar:/home/user/.m2/repository/io/netty/netty-codec-http/4.1.30.Final/netty-codec-http-4.1.30.Final.jar:/home/user/.m2/repository/io/netty/netty-codec/4.1.30.Final/netty-codec-4.1.30.Final.jar:/home/user/.m2/repository/io/netty/netty-handler/4.1.30.Final/netty-handler-4.1.30.Final.jar:/home/user/.m2/repository/io/netty/netty-handler-proxy/4.1.30.Final/netty-handler-proxy-4.1.30.Final.jar:/home/user/.m2/repository/io/netty/netty-codec-socks/4.1.30.Final/netty-codec-socks-4.1.30.Final.jar:/home/user/.m2/repository/io/netty/netty-transport-native-epoll/4.1.30.Final/netty-transport-native-epoll-4.1.30.Final.jar:/home/user/.m2/repository/io/netty/netty-common/4.1.30.Final/netty-common-4.1.30.Final.jar:/home/user/.m2/repository/io/netty/netty-buffer/4.1.30.Final/netty-buffer-4.1.30.Final.jar:/home/user/.m2/repository/io/netty/netty-transport/4.1.30.Final/netty-transport-4.1.30.Final.jar:/home/user/.m2/repository/io/netty/netty-resolver/4.1.30.Final/netty-resolver-4.1.30.Final.jar:/home/user/.m2/repository/io/netty/netty-transport-native-unix-common/4.1.30.Final/netty-transport-native-unix-common-4.1.30.Final.jar:/home/user/.m2/repository/io/grpc/grpc-protobuf/1.17.1/grpc-protobuf-1.17.1.jar:/home/user/.m2/repository/com/google/api/grpc/proto-google-common-protos/1.0.0/proto-google-common-protos-1.0.0.jar:/home/user/.m2/repository/io/grpc/grpc-protobuf-lite/1.17.1/grpc-protobuf-lite-1.17.1.jar:/home/user/.m2/repository/io/grpc/grpc-stub/1.17.1/grpc-stub-1.17.1.jar:/home/user/.m2/repository/org/apache/hadoop/hadoop-ozone-recon/0.5.0-SNAPSHOT/hadoop-ozone-recon-0.5.0-SNAPSHOT.jar:/home/user/.m2/repository/org/apache/hadoop/hadoop-ozone-reconcodegen/0.5.0-SNAPSHOT/hadoop-ozone-reconcodegen-0.5.0-SNAPSHOT.jar:/home/user/.m2/repository/com/google/inject/extensions/guice-multibindings/4.0/guice-multibindings-4.0.jar:/home/user/.m2/repository/com/google/inject/guice/4.0/guice-4.0.jar:/home/user/.m2/repository/aopalliance/aopalliance/1.0/aopalliance-1.0.jar:/home/user/.m2/repository/com/google/inject/extensions/guice-servlet/4.0/guice-servlet-4.0.jar:/home/user/.m2/repository/org/glassfish/jersey/containers/jersey-container-servlet/2.27/jersey-container-servlet-2.27.jar:/home/user/.m2/repository/org/glassfish/hk2/guice-bridge/2.5.0/guice-bridge-2.5.0.jar:/home/user/.m2/repository/org/glassfish/jersey/core/jersey-server/2.27/jersey-server-2.27.jar:/home/user/.m2/repository/org/glassfish/jersey/core/jersey-client/2.27/jersey-client-2.27.jar:/home/user/.m2/repository/org/glassfish/jersey/media/jersey-media-jaxb/2.27/jersey-media-jaxb-2.27.jar:/home/user/.m2/repository/javax/validation/validation-api/1.1.0.Final/validation-api-1.1.0.Final.jar:/home/user/.m2/repository/org/glassfish/jersey/media/jersey-media-json-jackson/2.27/jersey-media-json-jackson-2.27.jar:/home/user/.m2/repository/org/glassfish/jersey/ext/jersey-entity-filtering/2.27/jersey-entity-filtering-2.27.jar:/home/user/.m2/repository/com/google/inject/extensions/guice-assistedinject/4.0/guice-assistedinject-4.0.jar:/home/user/.m2/repository/org/jooq/jooq/3.11.10/jooq-3.11.10.jar:/home/user/.m2/repository/org/jooq/jooq-meta/3.11.10/jooq-meta-3.11.10.jar:/home/user/.m2/repository/org/jooq/jooq-codegen/3.11.10/jooq-codegen-3.11.10.jar:/home/user/.m2/repository/com/jolbox/bonecp/0.8.0.RELEASE/bonecp-0.8.0.RELEASE.jar:/home/user/.m2/repository/org/springframework/spring-jdbc/5.1.3.RELEASE/spring-jdbc-5.1.3.RELEASE.jar:/home/user/.m2/repository/org/springframework/spring-beans/5.1.3.RELEASE/spring-beans-5.1.3.RELEASE.jar:/home/user/.m2/repository/org/springframework/spring-core/5.1.3.RELEASE/spring-core-5.1.3.RELEASE.jar:/home/user/.m2/repository/org/springframework/spring-jcl/5.1.3.RELEASE/spring-jcl-5.1.3.RELEASE.jar:/home/user/.m2/repository/org/springframework/spring-tx/5.1.3.RELEASE/spring-tx-5.1.3.RELEASE.jar:/home/user/.m2/repository/org/mockito/mockito-core/2.15.0/mockito-core-2.15.0.jar:/home/user/.m2/repository/net/bytebuddy/byte-buddy/1.7.9/byte-buddy-1.7.9.jar:/home/user/.m2/repository/net/bytebuddy/byte-buddy-agent/1.7.9/byte-buddy-agent-1.7.9.jar:/home/user/.m2/repository/org/objenesis/objenesis/1.0/objenesis-1.0.jar:"/>
    <property name="sun.cpu.endian" value="little"/>
    <property name="user.home" value="/home/user"/>
    <property name="user.language" value="en"/>
    <property name="java.specification.vendor" value="Oracle Corporation"/>
    <property name="java.home" value="/usr/lib/jvm/java-1.8-openjdk/jre"/>
    <property name="java.security.krb5.conf" value="/workdir/hadoop-ozone/tools/target/test-classes/krb5.conf"/>
    <property name="basedir" value="/workdir/hadoop-ozone/tools"/>
    <property name="file.separator" value="/"/>
    <property name="line.separator" value="&#10;"/>
    <property name="java.vm.specification.vendor" value="Oracle Corporation"/>
    <property name="java.specification.name" value="Java Platform API Specification"/>
    <property name="java.awt.graphicsenv" value="sun.awt.X11GraphicsEnvironment"/>
    <property name="surefire.real.class.path" value="/workdir/hadoop-ozone/tools/target/surefire/surefirebooter8514380123036444804.jar"/>
    <property name="hadoop.log.dir" value="/workdir/hadoop-ozone/tools/target/log"/>
    <property name="sun.boot.class.path" value="/usr/lib/jvm/java-1.8-openjdk/jre/lib/resources.jar:/usr/lib/jvm/java-1.8-openjdk/jre/lib/rt.jar:/usr/lib/jvm/java-1.8-openjdk/jre/lib/sunrsasign.jar:/usr/lib/jvm/java-1.8-openjdk/jre/lib/jsse.jar:/usr/lib/jvm/java-1.8-openjdk/jre/lib/jce.jar:/usr/lib/jvm/java-1.8-openjdk/jre/lib/charsets.jar:/usr/lib/jvm/java-1.8-openjdk/jre/lib/jfr.jar:/usr/lib/jvm/java-1.8-openjdk/jre/classes"/>
    <property name="sun.management.compiler" value="HotSpot 64-Bit Tiered Compilers"/>
    <property name="java.runtime.version" value="1.8.0_212-b04"/>
    <property name="java.net.preferIPv4Stack" value="true"/>
    <property name="user.name" value="jenkins1000"/>
    <property name="path.separator" value=":"/>
    <property name="java.security.egd" value="file:///dev/urandom"/>
    <property name="os.version" value="3.10.0-957.12.2.el7.x86_64"/>
    <property name="java.endorsed.dirs" value="/usr/lib/jvm/java-1.8-openjdk/jre/lib/endorsed"/>
    <property name="java.runtime.name" value="OpenJDK Runtime Environment"/>
    <property name="file.encoding" value="UTF-8"/>
    <property name="java.vm.name" value="OpenJDK 64-Bit Server VM"/>
    <property name="test.build.webapps" value=""/>
    <property name="localRepository" value="/home/user/.m2/repository"/>
    <property name="java.vendor.url.bug" value="https://icedtea.classpath.org/bugzilla"/>
    <property name="java.io.tmpdir" value="/tmp"/>
    <property name="require.test.libhadoop" value=""/>
    <property name="java.version" value="1.8.0_212"/>
    <property name="user.dir" value="/workdir/hadoop-ozone/tools"/>
    <property name="os.arch" value="amd64"/>
    <property name="java.vm.specification.name" value="Java Virtual Machine Specification"/>
    <property name="test.build.classes" value="/workdir/hadoop-ozone/tools/target/test-classes"/>
    <property name="java.awt.printerjob" value="sun.print.PSPrinterJob"/>
    <property name="sun.os.patch.level" value="unknown"/>
    <property name="hadoop.tmp.dir" value="/workdir/hadoop-ozone/tools/target/tmp"/>
    <property name="java.library.path" value="/usr/lib/jvm/java-1.8-openjdk/jre/lib/amd64/server:/usr/lib/jvm/java-1.8-openjdk/jre/lib/amd64:/usr/lib/jvm/java-1.8-openjdk/jre/../lib/amd64:/workdir/hadoop-ozone/tools/target/native/target/usr/local/lib:/workdir/hadoop-ozone/tools/../../hadoop-common-project/hadoop-common/target/native/target/usr/local/lib:/usr/java/packages/lib/amd64:/usr/lib64:/lib64:/lib:/usr/lib"/>
    <property name="java.vm.info" value="mixed mode"/>
    <property name="java.vendor" value="IcedTea"/>
    <property name="java.vm.version" value="25.212-b04"/>
    <property name="java.ext.dirs" value="/usr/lib/jvm/java-1.8-openjdk/jre/lib/ext:/usr/java/packages/lib/ext"/>
    <property name="sun.io.unicode.encoding" value="UnicodeLittle"/>
    <property name="java.class.version" value="52.0"/>
  </properties>
  <testcase name="testRestart" classname="org.apache.hadoop.ozone.freon.TestFreonWithPipelineDestroy" time="10.854">
    <error message="Allocated 0 blocks. Requested 5 blocks" type="INTERNAL_ERROR org.apache.hadoop.ozone.om.exceptions.OMException">INTERNAL_ERROR org.apache.hadoop.ozone.om.exceptions.OMException: Allocated 0 blocks. Requested 5 blocks
	at org.apache.hadoop.ozone.om.protocolPB.OzoneManagerProtocolClientSideTranslatorPB.handleError(OzoneManagerProtocolClientSideTranslatorPB.java:725)
	at org.apache.hadoop.ozone.om.protocolPB.OzoneManagerProtocolClientSideTranslatorPB.openKey(OzoneManagerProtocolClientSideTranslatorPB.java:716)
	at org.apache.hadoop.ozone.client.rpc.RpcClient.createKey(RpcClient.java:615)
	at org.apache.hadoop.ozone.client.OzoneBucket.createKey(OzoneBucket.java:323)
	at org.apache.hadoop.ozone.freon.RandomKeyGenerator.createKey(RandomKeyGenerator.java:686)
	at org.apache.hadoop.ozone.freon.RandomKeyGenerator.access$1100(RandomKeyGenerator.java:87)
	at org.apache.hadoop.ozone.freon.RandomKeyGenerator$ObjectCreator.run(RandomKeyGenerator.java:606)
	at java.util.concurrent.Executors$RunnableAdapter.call(Executors.java:511)
	at java.util.concurrent.FutureTask.run(FutureTask.java:266)
	at java.util.concurrent.ThreadPoolExecutor.runWorker(ThreadPoolExecutor.java:1149)
	at java.util.concurrent.ThreadPoolExecutor$Worker.run(ThreadPoolExecutor.java:624)
	at java.lang.Thread.run(Thread.java:748)
</error>
    <system-out><![CDATA[2019-09-12 11:52:29,061 [main] WARN  server.ServerUtils (ServerUtils.java:getScmDbDir(145)) - ozone.scm.db.dirs is not configured. We recommend adding this setting. Falling back to ozone.metadata.dirs instead.
2019-09-12 11:52:29,156 [main] WARN  server.ServerUtils (ServerUtils.java:getScmDbDir(145)) - ozone.scm.db.dirs is not configured. We recommend adding this setting. Falling back to ozone.metadata.dirs instead.
2019-09-12 11:52:29,160 [main] WARN  server.ServerUtils (ServerUtils.java:getScmDbDir(145)) - ozone.scm.db.dirs is not configured. We recommend adding this setting. Falling back to ozone.metadata.dirs instead.
2019-09-12 11:52:29,178 [main] INFO  util.log (Log.java:initialized(192)) - Logging initialized @846ms
2019-09-12 11:52:29,283 [main] INFO  db.DBStoreBuilder (DBStoreBuilder.java:addTable(110)) - using custom profile for table: deletedBlocks
2019-09-12 11:52:29,283 [main] INFO  db.DBStoreBuilder (DBStoreBuilder.java:processTables(161)) - Using default column profile:DBProfile.DISK for Table:deletedBlocks
2019-09-12 11:52:29,284 [main] INFO  db.DBStoreBuilder (DBStoreBuilder.java:addTable(110)) - using custom profile for table: validCerts
2019-09-12 11:52:29,284 [main] INFO  db.DBStoreBuilder (DBStoreBuilder.java:processTables(161)) - Using default column profile:DBProfile.DISK for Table:validCerts
2019-09-12 11:52:29,284 [main] INFO  db.DBStoreBuilder (DBStoreBuilder.java:addTable(110)) - using custom profile for table: revokedCerts
2019-09-12 11:52:29,285 [main] INFO  db.DBStoreBuilder (DBStoreBuilder.java:processTables(161)) - Using default column profile:DBProfile.DISK for Table:revokedCerts
2019-09-12 11:52:29,297 [main] INFO  db.DBStoreBuilder (DBStoreBuilder.java:addTable(110)) - using custom profile for table: default
2019-09-12 11:52:29,297 [main] INFO  db.DBStoreBuilder (DBStoreBuilder.java:processTables(167)) - Using default column profile:DBProfile.DISK for Table:default
2019-09-12 11:52:29,298 [main] INFO  db.DBStoreBuilder (DBStoreBuilder.java:getDbProfile(198)) - Using default options. DBProfile.DISK
2019-09-12 11:52:29,508 [main] INFO  net.NodeSchemaLoader (NodeSchemaLoader.java:loadSchemaFromFile(125)) - Loading file from sun.misc.CompoundEnumeration@20deea7f
2019-09-12 11:52:29,511 [main] INFO  net.NodeSchemaLoader (NodeSchemaLoader.java:loadSchema(171)) - Loading network topology layer schema file
2019-09-12 11:52:29,618 [main] INFO  node.SCMNodeManager (SCMNodeManager.java:<init>(121)) - Entering startup safe mode.
2019-09-12 11:52:29,694 [main] INFO  algorithms.ContainerPlacementPolicyFactory (ContainerPlacementPolicyFactory.java:getPolicy(56)) - Create container placement policy of type org.apache.hadoop.hdds.scm.container.placement.algorithms.SCMContainerPlacementRandom
2019-09-12 11:52:29,710 [main] WARN  server.ServerUtils (ServerUtils.java:getScmDbDir(145)) - ozone.scm.db.dirs is not configured. We recommend adding this setting. Falling back to ozone.metadata.dirs instead.
2019-09-12 11:52:29,779 [main] INFO  pipeline.SCMPipelineManager (SCMPipelineManager.java:initializePipelineState(126)) - No pipeline exists in current db
2019-09-12 11:52:29,781 [main] WARN  server.ServerUtils (ServerUtils.java:getScmDbDir(145)) - ozone.scm.db.dirs is not configured. We recommend adding this setting. Falling back to ozone.metadata.dirs instead.
2019-09-12 11:52:29,902 [main] WARN  events.EventQueue (EventQueue.java:fireEvent(175)) - No event handler registered for event TypedEvent{payloadType=SafeModeStatus, name='SafeModeStatus'}
2019-09-12 11:52:30,473 [main] INFO  ipc.CallQueueManager (CallQueueManager.java:<init>(84)) - Using callQueue: class java.util.concurrent.LinkedBlockingQueue, queueCapacity: 2000, scheduler: class org.apache.hadoop.ipc.DefaultRpcScheduler, ipcBackoff: false.
2019-09-12 11:52:30,779 [Socket Reader #1 for port 42697] INFO  ipc.Server (Server.java:run(1074)) - Starting Socket Reader #1 for port 42697
2019-09-12 11:52:30,805 [main] INFO  ipc.CallQueueManager (CallQueueManager.java:<init>(84)) - Using callQueue: class java.util.concurrent.LinkedBlockingQueue, queueCapacity: 2000, scheduler: class org.apache.hadoop.ipc.DefaultRpcScheduler, ipcBackoff: false.
2019-09-12 11:52:30,806 [Socket Reader #1 for port 40669] INFO  ipc.Server (Server.java:run(1074)) - Starting Socket Reader #1 for port 40669
2019-09-12 11:52:30,813 [main] INFO  ipc.CallQueueManager (CallQueueManager.java:<init>(84)) - Using callQueue: class java.util.concurrent.LinkedBlockingQueue, queueCapacity: 2000, scheduler: class org.apache.hadoop.ipc.DefaultRpcScheduler, ipcBackoff: false.
2019-09-12 11:52:30,814 [Socket Reader #1 for port 36577] INFO  ipc.Server (Server.java:run(1074)) - Starting Socket Reader #1 for port 36577
2019-09-12 11:52:30,836 [main] INFO  hdfs.DFSUtil (DFSUtil.java:httpServerTemplateForNNAndJN(1641)) - Starting Web-server for scm at: http://0.0.0.0:0
2019-09-12 11:52:30,973 [main] INFO  server.AuthenticationFilter (AuthenticationFilter.java:constructSecretProvider(240)) - Unable to initialize FileSignerSecretProvider, falling back to use random secrets.
2019-09-12 11:52:30,989 [main] WARN  http.HttpRequestLog (HttpRequestLog.java:getRequestLog(97)) - Jetty request log can only be enabled using Log4j
2019-09-12 11:52:31,000 [main] INFO  http.HttpServer2 (HttpServer2.java:addGlobalFilter(975)) - Added global filter 'safety' (class=org.apache.hadoop.http.HttpServer2$QuotingInputFilter)
2019-09-12 11:52:31,003 [main] INFO  http.HttpServer2 (HttpServer2.java:addFilter(948)) - Added filter static_user_filter (class=org.apache.hadoop.http.lib.StaticUserWebFilter$StaticUserFilter) to context scm
2019-09-12 11:52:31,004 [main] INFO  http.HttpServer2 (HttpServer2.java:addFilter(958)) - Added filter static_user_filter (class=org.apache.hadoop.http.lib.StaticUserWebFilter$StaticUserFilter) to context logs
2019-09-12 11:52:31,004 [main] INFO  http.HttpServer2 (HttpServer2.java:addFilter(958)) - Added filter static_user_filter (class=org.apache.hadoop.http.lib.StaticUserWebFilter$StaticUserFilter) to context static
2019-09-12 11:52:31,033 [main] INFO  server.StorageContainerManager (StorageContainerManager.java:start(759)) - StorageContainerLocationProtocol RPC server is listening at /0.0.0.0:36577
2019-09-12 11:52:31,101 [main] WARN  impl.MetricsConfig (MetricsConfig.java:loadFirst(134)) - Cannot locate configuration: tried hadoop-metrics2-storagecontainermanager.properties,hadoop-metrics2.properties
2019-09-12 11:52:31,116 [main] INFO  impl.MetricsSystemImpl (MetricsSystemImpl.java:startTimer(374)) - Scheduled Metric snapshot period at 10 second(s).
2019-09-12 11:52:31,117 [main] INFO  impl.MetricsSystemImpl (MetricsSystemImpl.java:start(191)) - StorageContainerManager metrics system started
2019-09-12 11:52:31,375 [main] INFO  server.SCMClientProtocolServer (SCMClientProtocolServer.java:start(151)) - RPC server for Client  is listening at /0.0.0.0:36577
2019-09-12 11:52:31,376 [IPC Server Responder] INFO  ipc.Server (Server.java:run(1314)) - IPC Server Responder: starting
2019-09-12 11:52:31,376 [IPC Server listener on 36577] INFO  ipc.Server (Server.java:run(1153)) - IPC Server listener on 36577: starting
2019-09-12 11:52:31,379 [main] INFO  server.StorageContainerManager (StorageContainerManager.java:start(769)) - ScmBlockLocationProtocol RPC server is listening at /0.0.0.0:40669
2019-09-12 11:52:31,380 [main] INFO  server.SCMBlockProtocolServer (SCMBlockProtocolServer.java:start(140)) - RPC server for Block Protocol is listening at /0.0.0.0:40669
2019-09-12 11:52:31,380 [IPC Server Responder] INFO  ipc.Server (Server.java:run(1314)) - IPC Server Responder: starting
2019-09-12 11:52:31,380 [IPC Server listener on 40669] INFO  ipc.Server (Server.java:run(1153)) - IPC Server listener on 40669: starting
2019-09-12 11:52:31,382 [main] INFO  server.StorageContainerManager (StorageContainerManager.java:start(773)) - ScmDatanodeProtocl RPC server is listening at /0.0.0.0:42697
2019-09-12 11:52:31,383 [main] INFO  server.SCMDatanodeProtocolServer (SCMDatanodeProtocolServer.java:start(191)) - RPC server for DataNodes is listening at /0.0.0.0:42697
2019-09-12 11:52:31,383 [IPC Server Responder] INFO  ipc.Server (Server.java:run(1314)) - IPC Server Responder: starting
2019-09-12 11:52:31,383 [IPC Server listener on 42697] INFO  ipc.Server (Server.java:run(1153)) - IPC Server listener on 42697: starting
2019-09-12 11:52:31,387 [main] INFO  http.HttpServer2 (HttpServer2.java:bindListener(1191)) - Jetty bound to port 38112
2019-09-12 11:52:31,389 [main] INFO  server.Server (Server.java:doStart(351)) - jetty-9.3.24.v20180605, build timestamp: 2018-06-05T17:11:56Z, git hash: 84205aa28f11a4f31f2a3b86d1bba2cc8ab69827
2019-09-12 11:52:31,426 [main] INFO  handler.ContextHandler (ContextHandler.java:doStart(781)) - Started o.e.j.s.ServletContextHandler@4e70a728{/logs,file:///workdir/hadoop-ozone/tools/target/log,AVAILABLE}
2019-09-12 11:52:31,426 [main] INFO  handler.ContextHandler (ContextHandler.java:doStart(781)) - Started o.e.j.s.ServletContextHandler@1c3146bc{/static,jar:file:/home/user/.m2/repository/org/apache/hadoop/hadoop-hdds-server-scm/0.5.0-SNAPSHOT/hadoop-hdds-server-scm-0.5.0-SNAPSHOT.jar!/webapps/static,AVAILABLE}
2019-09-12 11:52:31,502 [main] INFO  handler.ContextHandler (ContextHandler.java:doStart(781)) - Started o.e.j.w.WebAppContext@72efb5c1{/,file:///tmp/jetty-0.0.0.0-38112-scm-_-any-3423521377278539047.dir/webapp/,AVAILABLE}{/scm}
2019-09-12 11:52:31,508 [main] INFO  server.AbstractConnector (AbstractConnector.java:doStart(278)) - Started ServerConnector@7a0e1b5e{HTTP/1.1,[http/1.1]}{0.0.0.0:38112}
2019-09-12 11:52:31,508 [main] INFO  server.Server (Server.java:doStart(419)) - Started @3176ms
2019-09-12 11:52:31,510 [main] INFO  server.BaseHttpServer (BaseHttpServer.java:updateConnectorAddress(213)) - HTTP server of SCM is listening at http://0.0.0.0:38112
2019-09-12 11:52:31,516 [org.apache.hadoop.util.JvmPauseMonitor$Monitor@15bcf458] INFO  util.JvmPauseMonitor (JvmPauseMonitor.java:run(188)) - Starting JVM pause monitor
2019-09-12 11:52:31,519 [main] WARN  server.ServerUtils (ServerUtils.java:getDBPath(222)) - ozone.om.db.dirs is not configured. We recommend adding this setting. Falling back to ozone.metadata.dirs instead.
2019-09-12 11:52:31,625 [main] WARN  server.ServerUtils (ServerUtils.java:getDBPath(222)) - ozone.om.db.dirs is not configured. We recommend adding this setting. Falling back to ozone.metadata.dirs instead.
2019-09-12 11:52:31,626 [main] WARN  server.ServerUtils (ServerUtils.java:getDBPath(222)) - ozone.om.db.dirs is not configured. We recommend adding this setting. Falling back to ozone.metadata.dirs instead.
2019-09-12 11:52:31,627 [main] INFO  om.OzoneManager (OzoneManager.java:setOMNodeDetails(645)) - OM Service ID is not set. Setting it to the default ID: omServiceIdDefault
2019-09-12 11:52:31,627 [main] INFO  om.OzoneManager (OzoneManager.java:setOMNodeDetails(651)) - OM Node ID is not set. Setting it to the OmStorage's OmID: beb4e06a-00a4-4a75-b275-4772a0c709f8
2019-09-12 11:52:31,628 [main] INFO  om.OzoneManager (OzoneManager.java:loadOMHAConfigs(602)) - Found matching OM address with OMServiceId: null, OMNodeId: null, RPC Address: localhost:0 and Ratis port: 9872
2019-09-12 11:52:31,883 | INFO  | SCMAudit | user=jenkins1000 | ip=192.168.36.114 | op=GET_SCM_INFO null | ret=SUCCESS |  
2019-09-12 11:52:32,354 [main] WARN  server.ServerUtils (ServerUtils.java:getDBPath(222)) - ozone.om.db.dirs is not configured. We recommend adding this setting. Falling back to ozone.metadata.dirs instead.
2019-09-12 11:52:32,362 [main] INFO  db.DBStoreBuilder (DBStoreBuilder.java:addTable(110)) - using custom profile for table: userTable
2019-09-12 11:52:32,362 [main] INFO  db.DBStoreBuilder (DBStoreBuilder.java:processTables(161)) - Using default column profile:DBProfile.DISK for Table:userTable
2019-09-12 11:52:32,362 [main] INFO  db.DBStoreBuilder (DBStoreBuilder.java:addTable(110)) - using custom profile for table: volumeTable
2019-09-12 11:52:32,362 [main] INFO  db.DBStoreBuilder (DBStoreBuilder.java:processTables(161)) - Using default column profile:DBProfile.DISK for Table:volumeTable
2019-09-12 11:52:32,363 [main] INFO  db.DBStoreBuilder (DBStoreBuilder.java:addTable(110)) - using custom profile for table: bucketTable
2019-09-12 11:52:32,363 [main] INFO  db.DBStoreBuilder (DBStoreBuilder.java:processTables(161)) - Using default column profile:DBProfile.DISK for Table:bucketTable
2019-09-12 11:52:32,363 [main] INFO  db.DBStoreBuilder (DBStoreBuilder.java:addTable(110)) - using custom profile for table: keyTable
2019-09-12 11:52:32,363 [main] INFO  db.DBStoreBuilder (DBStoreBuilder.java:processTables(161)) - Using default column profile:DBProfile.DISK for Table:keyTable
2019-09-12 11:52:32,364 [main] INFO  db.DBStoreBuilder (DBStoreBuilder.java:addTable(110)) - using custom profile for table: deletedTable
2019-09-12 11:52:32,364 [main] INFO  db.DBStoreBuilder (DBStoreBuilder.java:processTables(161)) - Using default column profile:DBProfile.DISK for Table:deletedTable
2019-09-12 11:52:32,364 [main] INFO  db.DBStoreBuilder (DBStoreBuilder.java:addTable(110)) - using custom profile for table: openKeyTable
2019-09-12 11:52:32,364 [main] INFO  db.DBStoreBuilder (DBStoreBuilder.java:processTables(161)) - Using default column profile:DBProfile.DISK for Table:openKeyTable
2019-09-12 11:52:32,365 [main] INFO  db.DBStoreBuilder (DBStoreBuilder.java:addTable(110)) - using custom profile for table: s3Table
2019-09-12 11:52:32,365 [main] INFO  db.DBStoreBuilder (DBStoreBuilder.java:processTables(161)) - Using default column profile:DBProfile.DISK for Table:s3Table
2019-09-12 11:52:32,365 [main] INFO  db.DBStoreBuilder (DBStoreBuilder.java:addTable(110)) - using custom profile for table: multipartInfoTable
2019-09-12 11:52:32,365 [main] INFO  db.DBStoreBuilder (DBStoreBuilder.java:processTables(161)) - Using default column profile:DBProfile.DISK for Table:multipartInfoTable
2019-09-12 11:52:32,365 [main] INFO  db.DBStoreBuilder (DBStoreBuilder.java:addTable(110)) - using custom profile for table: dTokenTable
2019-09-12 11:52:32,366 [main] INFO  db.DBStoreBuilder (DBStoreBuilder.java:processTables(161)) - Using default column profile:DBProfile.DISK for Table:dTokenTable
2019-09-12 11:52:32,366 [main] INFO  db.DBStoreBuilder (DBStoreBuilder.java:addTable(110)) - using custom profile for table: s3SecretTable
2019-09-12 11:52:32,366 [main] INFO  db.DBStoreBuilder (DBStoreBuilder.java:processTables(161)) - Using default column profile:DBProfile.DISK for Table:s3SecretTable
2019-09-12 11:52:32,366 [main] INFO  db.DBStoreBuilder (DBStoreBuilder.java:addTable(110)) - using custom profile for table: prefixTable
2019-09-12 11:52:32,367 [main] INFO  db.DBStoreBuilder (DBStoreBuilder.java:processTables(161)) - Using default column profile:DBProfile.DISK for Table:prefixTable
2019-09-12 11:52:32,367 [main] INFO  db.DBStoreBuilder (DBStoreBuilder.java:addTable(110)) - using custom profile for table: default
2019-09-12 11:52:32,367 [main] INFO  db.DBStoreBuilder (DBStoreBuilder.java:processTables(167)) - Using default column profile:DBProfile.DISK for Table:default
2019-09-12 11:52:32,367 [main] INFO  db.DBStoreBuilder (DBStoreBuilder.java:getDbProfile(198)) - Using default options. DBProfile.DISK
2019-09-12 11:52:32,849 [main] INFO  ipc.CallQueueManager (CallQueueManager.java:<init>(84)) - Using callQueue: class java.util.concurrent.LinkedBlockingQueue, queueCapacity: 2000, scheduler: class org.apache.hadoop.ipc.DefaultRpcScheduler, ipcBackoff: false.
2019-09-12 11:52:32,851 [Socket Reader #1 for port 36329] INFO  ipc.Server (Server.java:run(1074)) - Starting Socket Reader #1 for port 36329
2019-09-12 11:52:32,871 [main] INFO  om.OzoneManager (OzoneManager.java:start(1256)) - OzoneManager RPC server is listening at localhost/127.0.0.1:36329
2019-09-12 11:52:32,872 [main] INFO  impl.MetricsSystemImpl (MetricsSystemImpl.java:init(158)) - OzoneManager metrics system started (again)
2019-09-12 11:52:32,873 [IPC Server Responder] INFO  ipc.Server (Server.java:run(1314)) - IPC Server Responder: starting
2019-09-12 11:52:32,873 [IPC Server listener on 36329] INFO  ipc.Server (Server.java:run(1153)) - IPC Server listener on 36329: starting
2019-09-12 11:52:32,878 [main] INFO  hdfs.DFSUtil (DFSUtil.java:httpServerTemplateForNNAndJN(1641)) - Starting Web-server for ozoneManager at: http://0.0.0.0:0
2019-09-12 11:52:32,880 [main] INFO  server.AuthenticationFilter (AuthenticationFilter.java:constructSecretProvider(240)) - Unable to initialize FileSignerSecretProvider, falling back to use random secrets.
2019-09-12 11:52:32,880 [main] WARN  http.HttpRequestLog (HttpRequestLog.java:getRequestLog(97)) - Jetty request log can only be enabled using Log4j
2019-09-12 11:52:32,882 [main] INFO  http.HttpServer2 (HttpServer2.java:addGlobalFilter(975)) - Added global filter 'safety' (class=org.apache.hadoop.http.HttpServer2$QuotingInputFilter)
2019-09-12 11:52:32,883 [main] INFO  http.HttpServer2 (HttpServer2.java:addFilter(948)) - Added filter static_user_filter (class=org.apache.hadoop.http.lib.StaticUserWebFilter$StaticUserFilter) to context ozoneManager
2019-09-12 11:52:32,883 [main] INFO  http.HttpServer2 (HttpServer2.java:addFilter(958)) - Added filter static_user_filter (class=org.apache.hadoop.http.lib.StaticUserWebFilter$StaticUserFilter) to context logs
2019-09-12 11:52:32,883 [main] INFO  http.HttpServer2 (HttpServer2.java:addFilter(958)) - Added filter static_user_filter (class=org.apache.hadoop.http.lib.StaticUserWebFilter$StaticUserFilter) to context static
2019-09-12 11:52:32,885 [main] INFO  http.HttpServer2 (HttpServer2.java:bindListener(1191)) - Jetty bound to port 35611
2019-09-12 11:52:32,886 [main] INFO  server.Server (Server.java:doStart(351)) - jetty-9.3.24.v20180605, build timestamp: 2018-06-05T17:11:56Z, git hash: 84205aa28f11a4f31f2a3b86d1bba2cc8ab69827
2019-09-12 11:52:32,888 [main] INFO  handler.ContextHandler (ContextHandler.java:doStart(781)) - Started o.e.j.s.ServletContextHandler@782168b7{/logs,file:///workdir/hadoop-ozone/tools/target/log,AVAILABLE}
2019-09-12 11:52:33,081 [main] INFO  handler.ContextHandler (ContextHandler.java:doStart(781)) - Started o.e.j.s.ServletContextHandler@7435a578{/static,jar:file:/home/user/.m2/repository/org/apache/hadoop/hadoop-ozone-ozone-manager/0.5.0-SNAPSHOT/hadoop-ozone-ozone-manager-0.5.0-SNAPSHOT.jar!/webapps/static,AVAILABLE}
2019-09-12 11:52:33,142 [main] INFO  handler.ContextHandler (ContextHandler.java:doStart(781)) - Started o.e.j.w.WebAppContext@10876a6{/,file:///tmp/jetty-0.0.0.0-35611-ozoneManager-_-any-1950555863859137718.dir/webapp/,AVAILABLE}{/ozoneManager}
2019-09-12 11:52:33,144 [main] INFO  server.AbstractConnector (AbstractConnector.java:doStart(278)) - Started ServerConnector@71870da7{HTTP/1.1,[http/1.1]}{0.0.0.0:35611}
2019-09-12 11:52:33,144 [main] INFO  server.Server (Server.java:doStart(419)) - Started @4813ms
2019-09-12 11:52:33,146 [main] INFO  server.BaseHttpServer (BaseHttpServer.java:updateConnectorAddress(213)) - HTTP server of OZONEMANAGER is listening at http://0.0.0.0:35611
2019-09-12 11:52:33,303 [main] INFO  impl.MetricsSystemImpl (MetricsSystemImpl.java:init(158)) - HddsDatanode metrics system started (again)
2019-09-12 11:52:33,401 [main] INFO  ozone.HddsDatanodeService (HddsDatanodeService.java:start(184)) - HddsDatanodeService host:pr-hdds-1569-58hkm-1881083799 ip:192.168.36.114
2019-09-12 11:52:33,451 [main] INFO  volume.HddsVolume (HddsVolume.java:<init>(176)) - Creating Volume: /workdir/hadoop-ozone/tools/target/test-dir/MiniOzoneClusterImpl-b7a5d7f5-b39f-413b-a414-789b31b847f8/datanode-0/data/containers/hdds of  storage type : DISK and capacity : 1482555576320
2019-09-12 11:52:33,454 [main] INFO  volume.VolumeSet (VolumeSet.java:initializeVolumeSet(170)) - Added Volume : /workdir/hadoop-ozone/tools/target/test-dir/MiniOzoneClusterImpl-b7a5d7f5-b39f-413b-a414-789b31b847f8/datanode-0/data/containers/hdds to VolumeSet
2019-09-12 11:52:33,459 [main] INFO  volume.ThrottledAsyncChecker (ThrottledAsyncChecker.java:schedule(140)) - Scheduling a check for org.apache.hadoop.ozone.container.common.volume.HddsVolume@4b869331
2019-09-12 11:52:33,482 [main] INFO  volume.HddsVolumeChecker (HddsVolumeChecker.java:checkAllVolumes(203)) - Scheduled health check for volume org.apache.hadoop.ozone.container.common.volume.HddsVolume@4b869331
2019-09-12 11:52:33,595 [main] INFO  impl.RaftServerProxy (ConfUtils.java:logGet(43)) - raft.rpc.type = GRPC (default)
2019-09-12 11:52:33,676 [main] INFO  grpc.GrpcFactory (GrpcFactory.java:checkPooledByteBufAllocatorUseCacheForAllThreads(45)) - PERFORMANCE WARNING: useCacheForAllThreads is true that may cause Netty to create a lot garbage objects and, as a result, trigger GC.
	It is recommended to disable useCacheForAllThreads by setting -Dorg.apache.ratis.thirdparty.io.netty.allocator.useCacheForAllThreads=false in command line.
2019-09-12 11:52:33,689 [main] INFO  grpc.GrpcConfigKeys$Server (ConfUtils.java:logGet(43)) - raft.grpc.server.port = 0 (default)
2019-09-12 11:52:33,690 [main] INFO  server.GrpcService (ConfUtils.java:logGet(43)) - raft.grpc.message.size.max = 33570816 (custom)
2019-09-12 11:52:33,692 [main] INFO  server.RaftServerConfigKeys (ConfUtils.java:logGet(43)) - raft.server.log.appender.buffer.byte-limit = 33554432 (custom)
2019-09-12 11:52:33,693 [main] INFO  server.GrpcService (ConfUtils.java:logGet(43)) - raft.grpc.flow.control.window = 1MB (=1048576) (default)
2019-09-12 11:52:33,694 [main] INFO  server.RaftServerConfigKeys (ConfUtils.java:logGet(43)) - raft.server.rpc.request.timeout = 3000ms (default)
2019-09-12 11:52:33,886 [main] INFO  server.RaftServerConfigKeys (ConfUtils.java:logGet(43)) - raft.server.storage.dir = [/workdir/hadoop-ozone/tools/target/test-dir/MiniOzoneClusterImpl-b7a5d7f5-b39f-413b-a414-789b31b847f8/datanode-0/data/ratis] (custom)
2019-09-12 11:52:33,924 [main] INFO  replication.SimpleContainerDownloader (SimpleContainerDownloader.java:<init>(72)) - Starting container downloader service to copy containers to replicate.
2019-09-12 11:52:33,938 [main] INFO  hdfs.DFSUtil (DFSUtil.java:httpServerTemplateForNNAndJN(1641)) - Starting Web-server for hddsDatanode at: http://0.0.0.0:0
2019-09-12 11:52:33,941 [main] INFO  server.AuthenticationFilter (AuthenticationFilter.java:constructSecretProvider(240)) - Unable to initialize FileSignerSecretProvider, falling back to use random secrets.
2019-09-12 11:52:33,943 [main] WARN  http.HttpRequestLog (HttpRequestLog.java:getRequestLog(97)) - Jetty request log can only be enabled using Log4j
2019-09-12 11:52:33,946 [main] INFO  http.HttpServer2 (HttpServer2.java:addGlobalFilter(975)) - Added global filter 'safety' (class=org.apache.hadoop.http.HttpServer2$QuotingInputFilter)
2019-09-12 11:52:33,947 [main] INFO  http.HttpServer2 (HttpServer2.java:addFilter(948)) - Added filter static_user_filter (class=org.apache.hadoop.http.lib.StaticUserWebFilter$StaticUserFilter) to context hddsDatanode
2019-09-12 11:52:33,948 [main] INFO  http.HttpServer2 (HttpServer2.java:addFilter(958)) - Added filter static_user_filter (class=org.apache.hadoop.http.lib.StaticUserWebFilter$StaticUserFilter) to context logs
2019-09-12 11:52:33,948 [main] INFO  http.HttpServer2 (HttpServer2.java:addFilter(958)) - Added filter static_user_filter (class=org.apache.hadoop.http.lib.StaticUserWebFilter$StaticUserFilter) to context static
2019-09-12 11:52:33,950 [main] INFO  http.HttpServer2 (HttpServer2.java:bindListener(1191)) - Jetty bound to port 40413
2019-09-12 11:52:33,950 [main] INFO  server.Server (Server.java:doStart(351)) - jetty-9.3.24.v20180605, build timestamp: 2018-06-05T17:11:56Z, git hash: 84205aa28f11a4f31f2a3b86d1bba2cc8ab69827
2019-09-12 11:52:33,953 [main] INFO  handler.ContextHandler (ContextHandler.java:doStart(781)) - Started o.e.j.s.ServletContextHandler@3bd2af5b{/logs,file:///workdir/hadoop-ozone/tools/target/log,AVAILABLE}
2019-09-12 11:52:33,954 [main] INFO  handler.ContextHandler (ContextHandler.java:doStart(781)) - Started o.e.j.s.ServletContextHandler@75d982d3{/static,jar:file:/home/user/.m2/repository/org/apache/hadoop/hadoop-hdds-container-service/0.5.0-SNAPSHOT/hadoop-hdds-container-service-0.5.0-SNAPSHOT.jar!/webapps/static,AVAILABLE}
2019-09-12 11:52:33,998 [main] INFO  handler.ContextHandler (ContextHandler.java:doStart(781)) - Started o.e.j.w.WebAppContext@2b7962a2{/,file:///tmp/jetty-0.0.0.0-40413-hddsDatanode-_-any-5872788981608735446.dir/webapp/,AVAILABLE}{/hddsDatanode}
2019-09-12 11:52:34,000 [main] INFO  server.AbstractConnector (AbstractConnector.java:doStart(278)) - Started ServerConnector@6ad16c5d{HTTP/1.1,[http/1.1]}{0.0.0.0:40413}
2019-09-12 11:52:34,001 [main] INFO  server.Server (Server.java:doStart(419)) - Started @5670ms
2019-09-12 11:52:34,002 [main] INFO  server.BaseHttpServer (BaseHttpServer.java:updateConnectorAddress(213)) - HTTP server of HDDSDATANODE is listening at http://0.0.0.0:40413
2019-09-12 11:52:35,139 | INFO  | ObjectStoreRestHttpServer | Listening HDDS REST traffic on /0.0.0.0:45891 |  
2019-09-12 11:52:35,141 [main] INFO  ozone.HddsDatanodeService (HddsDatanodeService.java:startPlugins(395)) - Started plug-in org.apache.hadoop.ozone.web.OzoneHddsDatanodeService@2bb62414
2019-09-12 11:52:35,142 [main] INFO  impl.MetricsSystemImpl (MetricsSystemImpl.java:init(158)) - HddsDatanode metrics system started (again)
2019-09-12 11:52:35,146 [main] INFO  ozone.HddsDatanodeService (HddsDatanodeService.java:start(184)) - HddsDatanodeService host:pr-hdds-1569-58hkm-1881083799 ip:192.168.36.114
2019-09-12 11:52:35,148 [org.apache.hadoop.util.JvmPauseMonitor$Monitor@2319adf5] INFO  util.JvmPauseMonitor (JvmPauseMonitor.java:run(188)) - Starting JVM pause monitor
2019-09-12 11:52:35,156 [main] INFO  volume.HddsVolume (HddsVolume.java:<init>(176)) - Creating Volume: /workdir/hadoop-ozone/tools/target/test-dir/MiniOzoneClusterImpl-b7a5d7f5-b39f-413b-a414-789b31b847f8/datanode-1/data/containers/hdds of  storage type : DISK and capacity : 1482555576320
2019-09-12 11:52:35,156 [main] INFO  volume.VolumeSet (VolumeSet.java:initializeVolumeSet(170)) - Added Volume : /workdir/hadoop-ozone/tools/target/test-dir/MiniOzoneClusterImpl-b7a5d7f5-b39f-413b-a414-789b31b847f8/datanode-1/data/containers/hdds to VolumeSet
2019-09-12 11:52:35,158 [main] INFO  volume.ThrottledAsyncChecker (ThrottledAsyncChecker.java:schedule(140)) - Scheduling a check for org.apache.hadoop.ozone.container.common.volume.HddsVolume@3b7c58e7
2019-09-12 11:52:35,158 [main] INFO  volume.HddsVolumeChecker (HddsVolumeChecker.java:checkAllVolumes(203)) - Scheduled health check for volume org.apache.hadoop.ozone.container.common.volume.HddsVolume@3b7c58e7
2019-09-12 11:52:35,181 [main] INFO  impl.RaftServerProxy (ConfUtils.java:logGet(43)) - raft.rpc.type = GRPC (default)
2019-09-12 11:52:35,181 [main] INFO  grpc.GrpcFactory (GrpcFactory.java:checkPooledByteBufAllocatorUseCacheForAllThreads(45)) - PERFORMANCE WARNING: useCacheForAllThreads is true that may cause Netty to create a lot garbage objects and, as a result, trigger GC.
	It is recommended to disable useCacheForAllThreads by setting -Dorg.apache.ratis.thirdparty.io.netty.allocator.useCacheForAllThreads=false in command line.
2019-09-12 11:52:35,182 [main] INFO  grpc.GrpcConfigKeys$Server (ConfUtils.java:logGet(43)) - raft.grpc.server.port = 0 (default)
2019-09-12 11:52:35,182 [main] INFO  server.GrpcService (ConfUtils.java:logGet(43)) - raft.grpc.message.size.max = 33570816 (custom)
2019-09-12 11:52:35,182 [main] INFO  server.RaftServerConfigKeys (ConfUtils.java:logGet(43)) - raft.server.log.appender.buffer.byte-limit = 33554432 (custom)
2019-09-12 11:52:35,182 [main] INFO  server.GrpcService (ConfUtils.java:logGet(43)) - raft.grpc.flow.control.window = 1MB (=1048576) (default)
2019-09-12 11:52:35,183 [main] INFO  server.RaftServerConfigKeys (ConfUtils.java:logGet(43)) - raft.server.rpc.request.timeout = 3000ms (default)
2019-09-12 11:52:35,183 [main] INFO  server.RaftServerConfigKeys (ConfUtils.java:logGet(43)) - raft.server.storage.dir = [/workdir/hadoop-ozone/tools/target/test-dir/MiniOzoneClusterImpl-b7a5d7f5-b39f-413b-a414-789b31b847f8/datanode-1/data/ratis] (custom)
2019-09-12 11:52:35,184 [main] INFO  replication.SimpleContainerDownloader (SimpleContainerDownloader.java:<init>(72)) - Starting container downloader service to copy containers to replicate.
2019-09-12 11:52:35,186 [main] INFO  hdfs.DFSUtil (DFSUtil.java:httpServerTemplateForNNAndJN(1641)) - Starting Web-server for hddsDatanode at: http://0.0.0.0:0
2019-09-12 11:52:35,188 [main] INFO  server.AuthenticationFilter (AuthenticationFilter.java:constructSecretProvider(240)) - Unable to initialize FileSignerSecretProvider, falling back to use random secrets.
2019-09-12 11:52:35,190 [main] WARN  http.HttpRequestLog (HttpRequestLog.java:getRequestLog(97)) - Jetty request log can only be enabled using Log4j
2019-09-12 11:52:35,194 [main] INFO  http.HttpServer2 (HttpServer2.java:addGlobalFilter(975)) - Added global filter 'safety' (class=org.apache.hadoop.http.HttpServer2$QuotingInputFilter)
2019-09-12 11:52:35,195 [main] INFO  http.HttpServer2 (HttpServer2.java:addFilter(948)) - Added filter static_user_filter (class=org.apache.hadoop.http.lib.StaticUserWebFilter$StaticUserFilter) to context hddsDatanode
2019-09-12 11:52:35,196 [main] INFO  http.HttpServer2 (HttpServer2.java:addFilter(958)) - Added filter static_user_filter (class=org.apache.hadoop.http.lib.StaticUserWebFilter$StaticUserFilter) to context static
2019-09-12 11:52:35,196 [main] INFO  http.HttpServer2 (HttpServer2.java:addFilter(958)) - Added filter static_user_filter (class=org.apache.hadoop.http.lib.StaticUserWebFilter$StaticUserFilter) to context logs
2019-09-12 11:52:35,198 [main] INFO  http.HttpServer2 (HttpServer2.java:bindListener(1191)) - Jetty bound to port 39034
2019-09-12 11:52:35,198 [main] INFO  server.Server (Server.java:doStart(351)) - jetty-9.3.24.v20180605, build timestamp: 2018-06-05T17:11:56Z, git hash: 84205aa28f11a4f31f2a3b86d1bba2cc8ab69827
2019-09-12 11:52:35,203 [main] INFO  handler.ContextHandler (ContextHandler.java:doStart(781)) - Started o.e.j.s.ServletContextHandler@7ab802f4{/logs,file:///workdir/hadoop-ozone/tools/target/log,AVAILABLE}
2019-09-12 11:52:35,205 [main] INFO  handler.ContextHandler (ContextHandler.java:doStart(781)) - Started o.e.j.s.ServletContextHandler@3b97907c{/static,jar:file:/home/user/.m2/repository/org/apache/hadoop/hadoop-hdds-container-service/0.5.0-SNAPSHOT/hadoop-hdds-container-service-0.5.0-SNAPSHOT.jar!/webapps/static,AVAILABLE}
2019-09-12 11:52:35,238 [main] INFO  handler.ContextHandler (ContextHandler.java:doStart(781)) - Started o.e.j.w.WebAppContext@4b88ca8e{/,file:///tmp/jetty-0.0.0.0-39034-hddsDatanode-_-any-8410940181869594559.dir/webapp/,AVAILABLE}{/hddsDatanode}
2019-09-12 11:52:35,239 [main] INFO  server.AbstractConnector (AbstractConnector.java:doStart(278)) - Started ServerConnector@6fa02932{HTTP/1.1,[http/1.1]}{0.0.0.0:39034}
2019-09-12 11:52:35,240 [main] INFO  server.Server (Server.java:doStart(419)) - Started @6908ms
2019-09-12 11:52:35,241 [main] INFO  server.BaseHttpServer (BaseHttpServer.java:updateConnectorAddress(213)) - HTTP server of HDDSDATANODE is listening at http://0.0.0.0:39034
2019-09-12 11:52:35,257 [Datanode State Machine Thread - 0] INFO  datanode.InitDatanodeState (InitDatanodeState.java:persistContainerDatanodeDetails(140)) - DatanodeDetails is persisted to /workdir/hadoop-ozone/tools/target/test-dir/MiniOzoneClusterImpl-b7a5d7f5-b39f-413b-a414-789b31b847f8/datanode-0/meta/datanode.id
2019-09-12 11:52:35,397 | INFO  | ObjectStoreRestHttpServer | Listening HDDS REST traffic on /0.0.0.0:45648 |  
2019-09-12 11:52:35,397 [main] INFO  ozone.HddsDatanodeService (HddsDatanodeService.java:startPlugins(395)) - Started plug-in org.apache.hadoop.ozone.web.OzoneHddsDatanodeService@1a8e9ed9
2019-09-12 11:52:35,398 [main] INFO  impl.MetricsSystemImpl (MetricsSystemImpl.java:init(158)) - HddsDatanode metrics system started (again)
2019-09-12 11:52:35,400 [org.apache.hadoop.util.JvmPauseMonitor$Monitor@14f07614] INFO  util.JvmPauseMonitor (JvmPauseMonitor.java:run(188)) - Starting JVM pause monitor
2019-09-12 11:52:35,401 [main] INFO  ozone.HddsDatanodeService (HddsDatanodeService.java:start(184)) - HddsDatanodeService host:pr-hdds-1569-58hkm-1881083799 ip:192.168.36.114
2019-09-12 11:52:35,406 [Datanode State Machine Thread - 0] INFO  datanode.InitDatanodeState (InitDatanodeState.java:persistContainerDatanodeDetails(140)) - DatanodeDetails is persisted to /workdir/hadoop-ozone/tools/target/test-dir/MiniOzoneClusterImpl-b7a5d7f5-b39f-413b-a414-789b31b847f8/datanode-1/meta/datanode.id
2019-09-12 11:52:35,411 [main] INFO  volume.HddsVolume (HddsVolume.java:<init>(176)) - Creating Volume: /workdir/hadoop-ozone/tools/target/test-dir/MiniOzoneClusterImpl-b7a5d7f5-b39f-413b-a414-789b31b847f8/datanode-2/data/containers/hdds of  storage type : DISK and capacity : 1482555576320
2019-09-12 11:52:35,413 [main] INFO  volume.VolumeSet (VolumeSet.java:initializeVolumeSet(170)) - Added Volume : /workdir/hadoop-ozone/tools/target/test-dir/MiniOzoneClusterImpl-b7a5d7f5-b39f-413b-a414-789b31b847f8/datanode-2/data/containers/hdds to VolumeSet
2019-09-12 11:52:35,413 [main] INFO  volume.ThrottledAsyncChecker (ThrottledAsyncChecker.java:schedule(140)) - Scheduling a check for org.apache.hadoop.ozone.container.common.volume.HddsVolume@4f081b5d
2019-09-12 11:52:35,414 [main] INFO  volume.HddsVolumeChecker (HddsVolumeChecker.java:checkAllVolumes(203)) - Scheduled health check for volume org.apache.hadoop.ozone.container.common.volume.HddsVolume@4f081b5d
2019-09-12 11:52:35,430 [main] INFO  impl.RaftServerProxy (ConfUtils.java:logGet(43)) - raft.rpc.type = GRPC (default)
2019-09-12 11:52:35,430 [main] INFO  grpc.GrpcFactory (GrpcFactory.java:checkPooledByteBufAllocatorUseCacheForAllThreads(45)) - PERFORMANCE WARNING: useCacheForAllThreads is true that may cause Netty to create a lot garbage objects and, as a result, trigger GC.
	It is recommended to disable useCacheForAllThreads by setting -Dorg.apache.ratis.thirdparty.io.netty.allocator.useCacheForAllThreads=false in command line.
2019-09-12 11:52:35,430 [main] INFO  grpc.GrpcConfigKeys$Server (ConfUtils.java:logGet(43)) - raft.grpc.server.port = 0 (default)
2019-09-12 11:52:35,431 [main] INFO  server.GrpcService (ConfUtils.java:logGet(43)) - raft.grpc.message.size.max = 33570816 (custom)
2019-09-12 11:52:35,431 [main] INFO  server.RaftServerConfigKeys (ConfUtils.java:logGet(43)) - raft.server.log.appender.buffer.byte-limit = 33554432 (custom)
2019-09-12 11:52:35,431 [main] INFO  server.GrpcService (ConfUtils.java:logGet(43)) - raft.grpc.flow.control.window = 1MB (=1048576) (default)
2019-09-12 11:52:35,431 [main] INFO  server.RaftServerConfigKeys (ConfUtils.java:logGet(43)) - raft.server.rpc.request.timeout = 3000ms (default)
2019-09-12 11:52:35,432 [main] INFO  server.RaftServerConfigKeys (ConfUtils.java:logGet(43)) - raft.server.storage.dir = [/workdir/hadoop-ozone/tools/target/test-dir/MiniOzoneClusterImpl-b7a5d7f5-b39f-413b-a414-789b31b847f8/datanode-2/data/ratis] (custom)
2019-09-12 11:52:35,433 [main] INFO  replication.SimpleContainerDownloader (SimpleContainerDownloader.java:<init>(72)) - Starting container downloader service to copy containers to replicate.
2019-09-12 11:52:35,434 [main] INFO  hdfs.DFSUtil (DFSUtil.java:httpServerTemplateForNNAndJN(1641)) - Starting Web-server for hddsDatanode at: http://0.0.0.0:0
2019-09-12 11:52:35,435 [main] INFO  server.AuthenticationFilter (AuthenticationFilter.java:constructSecretProvider(240)) - Unable to initialize FileSignerSecretProvider, falling back to use random secrets.
2019-09-12 11:52:35,436 [main] WARN  http.HttpRequestLog (HttpRequestLog.java:getRequestLog(97)) - Jetty request log can only be enabled using Log4j
2019-09-12 11:52:35,437 [main] INFO  http.HttpServer2 (HttpServer2.java:addGlobalFilter(975)) - Added global filter 'safety' (class=org.apache.hadoop.http.HttpServer2$QuotingInputFilter)
2019-09-12 11:52:35,438 [main] INFO  http.HttpServer2 (HttpServer2.java:addFilter(948)) - Added filter static_user_filter (class=org.apache.hadoop.http.lib.StaticUserWebFilter$StaticUserFilter) to context hddsDatanode
2019-09-12 11:52:35,438 [main] INFO  http.HttpServer2 (HttpServer2.java:addFilter(958)) - Added filter static_user_filter (class=org.apache.hadoop.http.lib.StaticUserWebFilter$StaticUserFilter) to context logs
2019-09-12 11:52:35,438 [main] INFO  http.HttpServer2 (HttpServer2.java:addFilter(958)) - Added filter static_user_filter (class=org.apache.hadoop.http.lib.StaticUserWebFilter$StaticUserFilter) to context static
2019-09-12 11:52:35,439 [main] INFO  http.HttpServer2 (HttpServer2.java:bindListener(1191)) - Jetty bound to port 45528
2019-09-12 11:52:35,439 [main] INFO  server.Server (Server.java:doStart(351)) - jetty-9.3.24.v20180605, build timestamp: 2018-06-05T17:11:56Z, git hash: 84205aa28f11a4f31f2a3b86d1bba2cc8ab69827
2019-09-12 11:52:35,441 [main] INFO  handler.ContextHandler (ContextHandler.java:doStart(781)) - Started o.e.j.s.ServletContextHandler@217dc48e{/logs,file:///workdir/hadoop-ozone/tools/target/log,AVAILABLE}
2019-09-12 11:52:35,441 [main] INFO  handler.ContextHandler (ContextHandler.java:doStart(781)) - Started o.e.j.s.ServletContextHandler@296edc75{/static,jar:file:/home/user/.m2/repository/org/apache/hadoop/hadoop-hdds-container-service/0.5.0-SNAPSHOT/hadoop-hdds-container-service-0.5.0-SNAPSHOT.jar!/webapps/static,AVAILABLE}
2019-09-12 11:52:35,471 [main] INFO  handler.ContextHandler (ContextHandler.java:doStart(781)) - Started o.e.j.w.WebAppContext@3554bdc0{/,file:///tmp/jetty-0.0.0.0-45528-hddsDatanode-_-any-7027397064663015985.dir/webapp/,AVAILABLE}{/hddsDatanode}
2019-09-12 11:52:35,471 [main] INFO  server.AbstractConnector (AbstractConnector.java:doStart(278)) - Started ServerConnector@3a3b10f4{HTTP/1.1,[http/1.1]}{0.0.0.0:45528}
2019-09-12 11:52:35,472 [main] INFO  server.Server (Server.java:doStart(419)) - Started @7141ms
2019-09-12 11:52:35,473 [main] INFO  server.BaseHttpServer (BaseHttpServer.java:updateConnectorAddress(213)) - HTTP server of HDDSDATANODE is listening at http://0.0.0.0:45528
2019-09-12 11:52:35,648 | INFO  | ObjectStoreRestHttpServer | Listening HDDS REST traffic on /0.0.0.0:44537 |  
2019-09-12 11:52:35,648 [main] INFO  ozone.HddsDatanodeService (HddsDatanodeService.java:startPlugins(395)) - Started plug-in org.apache.hadoop.ozone.web.OzoneHddsDatanodeService@76396509
2019-09-12 11:52:35,650 [main] INFO  ozone.MiniOzoneClusterImpl (MiniOzoneClusterImpl.java:lambda$waitForClusterToBeReady$0(142)) - Waiting for cluster to be ready. Got 0 of 3 DN Heartbeats.
2019-09-12 11:52:35,651 [org.apache.hadoop.util.JvmPauseMonitor$Monitor@254903de] INFO  util.JvmPauseMonitor (JvmPauseMonitor.java:run(188)) - Starting JVM pause monitor
2019-09-12 11:52:35,654 [Datanode State Machine Thread - 0] INFO  datanode.InitDatanodeState (InitDatanodeState.java:persistContainerDatanodeDetails(140)) - DatanodeDetails is persisted to /workdir/hadoop-ozone/tools/target/test-dir/MiniOzoneClusterImpl-b7a5d7f5-b39f-413b-a414-789b31b847f8/datanode-2/meta/datanode.id
2019-09-12 11:52:36,650 [main] INFO  ozone.MiniOzoneClusterImpl (MiniOzoneClusterImpl.java:lambda$waitForClusterToBeReady$0(142)) - Waiting for cluster to be ready. Got 0 of 3 DN Heartbeats.
2019-09-12 11:52:37,176 | INFO  | SCMAudit | user=jenkins1000 | ip=192.168.36.114 | op=GET_VERSION null | ret=SUCCESS |  
2019-09-12 11:52:37,209 [Datanode State Machine Thread - 0] INFO  ozoneimpl.OzoneContainer (OzoneContainer.java:start(186)) - Attempting to start container services.
2019-09-12 11:52:37,210 [Datanode State Machine Thread - 0] INFO  ozoneimpl.OzoneContainer (OzoneContainer.java:startContainerScrub(160)) - Background container scrubber has been disabled by hdds.containerscrub.enabled
2019-09-12 11:52:37,211 [Datanode State Machine Thread - 0] INFO  ratis.XceiverServerRatis (XceiverServerRatis.java:start(404)) - Starting XceiverServerRatis 1972eedd-a35b-49f1-a8bd-2e8474cbe90f at port 0
2019-09-12 11:52:37,237 [Datanode State Machine Thread - 0] INFO  impl.RaftServerProxy (RaftServerProxy.java:lambda$start$3(299)) - 1972eedd-a35b-49f1-a8bd-2e8474cbe90f: start RPC server
2019-09-12 11:52:37,385 [Datanode State Machine Thread - 0] INFO  server.GrpcService (GrpcService.java:startImpl(149)) - 1972eedd-a35b-49f1-a8bd-2e8474cbe90f: GrpcService started, listening on 0.0.0.0/0.0.0.0:40263
2019-09-12 11:52:37,386 [Datanode State Machine Thread - 0] INFO  ratis.XceiverServerRatis (XceiverServerRatis.java:start(414)) - XceiverServerRatis 1972eedd-a35b-49f1-a8bd-2e8474cbe90f is started using port 40263
2019-09-12 11:52:37,388 [Datanode State Machine Thread - 0] INFO  server.XceiverServerGrpc (XceiverServerGrpc.java:start(163)) - XceiverServerGrpc 1972eedd-a35b-49f1-a8bd-2e8474cbe90f is started using port 37212
2019-09-12 11:52:37,402 | INFO  | SCMAudit | user=jenkins1000 | ip=192.168.36.114 | op=GET_VERSION null | ret=SUCCESS |  
2019-09-12 11:52:37,428 [Datanode State Machine Thread - 0] INFO  ozoneimpl.OzoneContainer (OzoneContainer.java:start(186)) - Attempting to start container services.
2019-09-12 11:52:37,430 [Datanode State Machine Thread - 0] INFO  ozoneimpl.OzoneContainer (OzoneContainer.java:startContainerScrub(160)) - Background container scrubber has been disabled by hdds.containerscrub.enabled
2019-09-12 11:52:37,430 [Datanode State Machine Thread - 0] INFO  ratis.XceiverServerRatis (XceiverServerRatis.java:start(404)) - Starting XceiverServerRatis 111edd97-ea51-41ea-a74c-30103f3be193 at port 0
2019-09-12 11:52:37,439 [Datanode State Machine Thread - 0] INFO  impl.RaftServerProxy (RaftServerProxy.java:lambda$start$3(299)) - 111edd97-ea51-41ea-a74c-30103f3be193: start RPC server
2019-09-12 11:52:37,442 [Datanode State Machine Thread - 0] INFO  server.GrpcService (GrpcService.java:startImpl(149)) - 111edd97-ea51-41ea-a74c-30103f3be193: GrpcService started, listening on 0.0.0.0/0.0.0.0:45736
2019-09-12 11:52:37,442 [Datanode State Machine Thread - 0] INFO  ratis.XceiverServerRatis (XceiverServerRatis.java:start(414)) - XceiverServerRatis 111edd97-ea51-41ea-a74c-30103f3be193 is started using port 45736
2019-09-12 11:52:37,444 [Datanode State Machine Thread - 0] INFO  server.XceiverServerGrpc (XceiverServerGrpc.java:start(163)) - XceiverServerGrpc 111edd97-ea51-41ea-a74c-30103f3be193 is started using port 42758
2019-09-12 11:52:37,651 [main] INFO  ozone.MiniOzoneClusterImpl (MiniOzoneClusterImpl.java:lambda$waitForClusterToBeReady$0(142)) - Waiting for cluster to be ready. Got 0 of 3 DN Heartbeats.
2019-09-12 11:52:37,654 | INFO  | SCMAudit | user=jenkins1000 | ip=192.168.36.114 | op=GET_VERSION null | ret=SUCCESS |  
2019-09-12 11:52:37,692 [Datanode State Machine Thread - 0] INFO  ozoneimpl.OzoneContainer (OzoneContainer.java:start(186)) - Attempting to start container services.
2019-09-12 11:52:37,694 [Datanode State Machine Thread - 0] INFO  ozoneimpl.OzoneContainer (OzoneContainer.java:startContainerScrub(160)) - Background container scrubber has been disabled by hdds.containerscrub.enabled
2019-09-12 11:52:37,694 [Datanode State Machine Thread - 0] INFO  ratis.XceiverServerRatis (XceiverServerRatis.java:start(404)) - Starting XceiverServerRatis c6bd64fc-18cd-443d-877c-c0f9224bafd0 at port 0
2019-09-12 11:52:37,702 [Datanode State Machine Thread - 0] INFO  impl.RaftServerProxy (RaftServerProxy.java:lambda$start$3(299)) - c6bd64fc-18cd-443d-877c-c0f9224bafd0: start RPC server
2019-09-12 11:52:37,705 [Datanode State Machine Thread - 0] INFO  server.GrpcService (GrpcService.java:startImpl(149)) - c6bd64fc-18cd-443d-877c-c0f9224bafd0: GrpcService started, listening on 0.0.0.0/0.0.0.0:39747
2019-09-12 11:52:37,705 [Datanode State Machine Thread - 0] INFO  ratis.XceiverServerRatis (XceiverServerRatis.java:start(414)) - XceiverServerRatis c6bd64fc-18cd-443d-877c-c0f9224bafd0 is started using port 39747
2019-09-12 11:52:37,707 [Datanode State Machine Thread - 0] INFO  server.XceiverServerGrpc (XceiverServerGrpc.java:start(163)) - XceiverServerGrpc c6bd64fc-18cd-443d-877c-c0f9224bafd0 is started using port 39214
2019-09-12 11:52:38,654 [main] INFO  ozone.MiniOzoneClusterImpl (MiniOzoneClusterImpl.java:lambda$waitForClusterToBeReady$0(142)) - Waiting for cluster to be ready. Got 0 of 3 DN Heartbeats.
2019-09-12 11:52:39,184 [IPC Server handler 0 on 42697] INFO  net.NetworkTopology (NetworkTopologyImpl.java:add(110)) - Added a new node: /default-rack/1972eedd-a35b-49f1-a8bd-2e8474cbe90f
2019-09-12 11:52:39,184 [IPC Server handler 0 on 42697] INFO  node.SCMNodeManager (SCMNodeManager.java:register(273)) - Registered Data node : 1972eedd-a35b-49f1-a8bd-2e8474cbe90f{ip: 192.168.36.114, host: pr-hdds-1569-58hkm-1881083799, networkLocation: /default-rack, certSerialId: null}
2019-09-12 11:52:39,188 [EventQueue-NodeRegistrationContainerReportForDataNodeSafeModeRule] INFO  safemode.SCMSafeModeManager (DataNodeSafeModeRule.java:process(71)) - SCM in safe mode. 1 DataNodes registered, 1 required.
2019-09-12 11:52:39,188 [EventQueue-NodeRegistrationContainerReportForDataNodeSafeModeRule] INFO  safemode.SCMSafeModeManager (SCMSafeModeManager.java:validateSafeModeExitRules(177)) - ScmSafeModeManager, all rules are successfully validated
2019-09-12 11:52:39,188 [EventQueue-NodeRegistrationContainerReportForDataNodeSafeModeRule] INFO  safemode.SCMSafeModeManager (SCMSafeModeManager.java:exitSafeMode(193)) - SCM exiting safe mode.
2019-09-12 11:52:39,193 | INFO  | SCMAudit | user=jenkins1000 | ip=192.168.36.114 | op=REGISTER {datanodeDetails=1972eedd-a35b-49f1-a8bd-2e8474cbe90f{ip: 192.168.36.114, host: pr-hdds-1569-58hkm-1881083799, networkLocation: /default-rack, certSerialId: null}} | ret=SUCCESS |  
2019-09-12 11:52:39,403 [IPC Server handler 1 on 42697] INFO  net.NetworkTopology (NetworkTopologyImpl.java:add(110)) - Added a new node: /default-rack/111edd97-ea51-41ea-a74c-30103f3be193
2019-09-12 11:52:39,403 [IPC Server handler 1 on 42697] INFO  node.SCMNodeManager (SCMNodeManager.java:register(273)) - Registered Data node : 111edd97-ea51-41ea-a74c-30103f3be193{ip: 192.168.36.114, host: pr-hdds-1569-58hkm-1881083799, networkLocation: /default-rack, certSerialId: null}
2019-09-12 11:52:39,404 | INFO  | SCMAudit | user=jenkins1000 | ip=192.168.36.114 | op=REGISTER {datanodeDetails=111edd97-ea51-41ea-a74c-30103f3be193{ip: 192.168.36.114, host: pr-hdds-1569-58hkm-1881083799, networkLocation: /default-rack, certSerialId: null}} | ret=SUCCESS |  
2019-09-12 11:52:39,654 [IPC Server handler 3 on 42697] INFO  net.NetworkTopology (NetworkTopologyImpl.java:add(110)) - Added a new node: /default-rack/c6bd64fc-18cd-443d-877c-c0f9224bafd0
2019-09-12 11:52:39,654 [main] INFO  ozone.MiniOzoneClusterImpl (MiniOzoneClusterImpl.java:lambda$waitForClusterToBeReady$0(142)) - Cluster is ready. Got 3 of 3 DN Heartbeats.
2019-09-12 11:52:39,654 [IPC Server handler 3 on 42697] INFO  node.SCMNodeManager (SCMNodeManager.java:register(273)) - Registered Data node : c6bd64fc-18cd-443d-877c-c0f9224bafd0{ip: 192.168.36.114, host: pr-hdds-1569-58hkm-1881083799, networkLocation: /default-rack, certSerialId: null}
2019-09-12 11:52:39,655 | INFO  | SCMAudit | user=jenkins1000 | ip=192.168.36.114 | op=REGISTER {datanodeDetails=c6bd64fc-18cd-443d-877c-c0f9224bafd0{ip: 192.168.36.114, host: pr-hdds-1569-58hkm-1881083799, networkLocation: /default-rack, certSerialId: null}} | ret=SUCCESS |  
2019-09-12 11:52:40,166 [grpc-default-executor-0] INFO  impl.RaftServerProxy (RaftServerProxy.java:addNew(89)) - 1972eedd-a35b-49f1-a8bd-2e8474cbe90f: addNew group-2D8D597CFB5E:[1972eedd-a35b-49f1-a8bd-2e8474cbe90f:192.168.36.114:40263] returns group-2D8D597CFB5E:java.util.concurrent.CompletableFuture@792a0320[Not completed]
2019-09-12 11:52:40,185 [pool-27-thread-1] INFO  impl.RaftServerImpl (RaftServerImpl.java:<init>(93)) - 1972eedd-a35b-49f1-a8bd-2e8474cbe90f: new RaftServerImpl for group-2D8D597CFB5E:[1972eedd-a35b-49f1-a8bd-2e8474cbe90f:192.168.36.114:40263] with ContainerStateMachine:uninitialized
2019-09-12 11:52:40,188 [pool-27-thread-1] INFO  server.RaftServerConfigKeys (ConfUtils.java:logGet(43)) - raft.server.rpc.timeout.min = 5s (custom)
2019-09-12 11:52:40,190 [pool-27-thread-1] INFO  server.RaftServerConfigKeys (ConfUtils.java:logGet(43)) - raft.server.rpc.timeout.max = 5200ms (custom)
2019-09-12 11:52:40,190 [pool-27-thread-1] INFO  server.RaftServerConfigKeys (ConfUtils.java:logGet(43)) - raft.server.rpcslowness.timeout = 120s (custom)
2019-09-12 11:52:40,191 [pool-27-thread-1] INFO  server.RaftServerConfigKeys (ConfUtils.java:logGet(43)) - raft.server.sleep.deviation.threshold = 300 (default)
2019-09-12 11:52:40,192 [pool-27-thread-1] INFO  server.RaftServerConfigKeys (ConfUtils.java:logGet(43)) - raft.server.log.appender.install.snapshot.enabled = false (custom)
2019-09-12 11:52:40,201 [pool-27-thread-1] INFO  impl.RaftServerImpl (ServerState.java:<init>(105)) - 1972eedd-a35b-49f1-a8bd-2e8474cbe90f:group-2D8D597CFB5E ConfigurationManager, init=-1: [1972eedd-a35b-49f1-a8bd-2e8474cbe90f:192.168.36.114:40263], old=null, confs=<EMPTY_MAP>
2019-09-12 11:52:40,201 [pool-27-thread-1] INFO  server.RaftServerConfigKeys (ConfUtils.java:logGet(43)) - raft.server.storage.dir = [/workdir/hadoop-ozone/tools/target/test-dir/MiniOzoneClusterImpl-b7a5d7f5-b39f-413b-a414-789b31b847f8/datanode-0/data/ratis] (custom)
2019-09-12 11:52:40,211 [pool-27-thread-1] INFO  storage.RaftStorageDirectory (RaftStorageDirectory.java:analyzeStorage(246)) - The storage directory /workdir/hadoop-ozone/tools/target/test-dir/MiniOzoneClusterImpl-b7a5d7f5-b39f-413b-a414-789b31b847f8/datanode-0/data/ratis/56ed87f1-e9cf-4d39-b621-2d8d597cfb5e does not exist. Creating ...
2019-09-12 11:52:40,230 [pool-27-thread-1] INFO  storage.RaftStorageDirectory (RaftStorageDirectory.java:tryLock(328)) - Lock on /workdir/hadoop-ozone/tools/target/test-dir/MiniOzoneClusterImpl-b7a5d7f5-b39f-413b-a414-789b31b847f8/datanode-0/data/ratis/56ed87f1-e9cf-4d39-b621-2d8d597cfb5e/in_use.lock acquired by nodename 22770@pr-hdds-1569-58hkm-1881083799
2019-09-12 11:52:40,245 [pool-27-thread-1] INFO  storage.RaftStorage (RaftStorage.java:format(72)) - Storage directory /workdir/hadoop-ozone/tools/target/test-dir/MiniOzoneClusterImpl-b7a5d7f5-b39f-413b-a414-789b31b847f8/datanode-0/data/ratis/56ed87f1-e9cf-4d39-b621-2d8d597cfb5e has been successfully formatted.
2019-09-12 11:52:40,247 [pool-27-thread-1] INFO  ratis.ContainerStateMachine (ContainerStateMachine.java:loadSnapshot(226)) - group-2D8D597CFB5E: The snapshot info is null. Setting the last applied indexto:(t:0, i:~)
2019-09-12 11:52:40,247 [pool-27-thread-1] INFO  server.RaftServerConfigKeys (ConfUtils.java:logGet(43)) - raft.server.leader.election.timeout = 120s (custom)
2019-09-12 11:52:40,249 [pool-27-thread-1] INFO  server.RaftServerConfigKeys (ConfUtils.java:logGet(43)) - raft.server.log.use.memory = false (default)
2019-09-12 11:52:40,255 [pool-27-thread-1] INFO  server.RaftServerConfigKeys (ConfUtils.java:logGet(43)) - raft.server.log.purge.gap = 1000000 (custom)
2019-09-12 11:52:40,255 [pool-27-thread-1] INFO  server.RaftServerConfigKeys (ConfUtils.java:logGet(43)) - raft.server.log.appender.buffer.byte-limit = 33554432 (custom)
2019-09-12 11:52:40,257 [pool-27-thread-1] INFO  server.RaftServerConfigKeys (ConfUtils.java:logGet(43)) - raft.server.log.segment.size.max = 1048576 (custom)
2019-09-12 11:52:40,261 [pool-27-thread-1] INFO  server.RaftServerConfigKeys (ConfUtils.java:logGet(43)) - raft.server.log.segment.cache.num.max = 2 (custom)
2019-09-12 11:52:40,268 [pool-27-thread-1] INFO  segmented.SegmentedRaftLogWorker (SegmentedRaftLogWorker.java:<init>(172)) - new 1972eedd-a35b-49f1-a8bd-2e8474cbe90f-SegmentedRaftLogWorker:Storage Directory /workdir/hadoop-ozone/tools/target/test-dir/MiniOzoneClusterImpl-b7a5d7f5-b39f-413b-a414-789b31b847f8/datanode-0/data/ratis/56ed87f1-e9cf-4d39-b621-2d8d597cfb5e for RaftStorage:Storage Directory /workdir/hadoop-ozone/tools/target/test-dir/MiniOzoneClusterImpl-b7a5d7f5-b39f-413b-a414-789b31b847f8/datanode-0/data/ratis/56ed87f1-e9cf-4d39-b621-2d8d597cfb5e
2019-09-12 11:52:40,291 [pool-27-thread-1] INFO  server.RaftServerConfigKeys (ConfUtils.java:logGet(43)) - raft.server.log.queue.byte-limit = 2147483647 (custom)
2019-09-12 11:52:40,292 [pool-27-thread-1] INFO  server.RaftServerConfigKeys (ConfUtils.java:logGet(43)) - raft.server.log.queue.element-limit = 1024 (custom)
2019-09-12 11:52:40,299 [pool-27-thread-1] INFO  server.RaftServerConfigKeys (ConfUtils.java:logGet(43)) - raft.server.log.segment.size.max = 1048576 (custom)
2019-09-12 11:52:40,300 [pool-27-thread-1] INFO  server.RaftServerConfigKeys (ConfUtils.java:logGet(43)) - raft.server.log.preallocated.size = 16384 (custom)
2019-09-12 11:52:40,301 [pool-27-thread-1] INFO  server.RaftServerConfigKeys (ConfUtils.java:logGet(43)) - raft.server.log.write.buffer.size = 33554432 (custom)
2019-09-12 11:52:40,302 [pool-27-thread-1] INFO  server.RaftServerConfigKeys (ConfUtils.java:logGet(43)) - raft.server.log.force.sync.num = 128 (default)
2019-09-12 11:52:40,303 [pool-27-thread-1] INFO  server.RaftServerConfigKeys (ConfUtils.java:logGet(43)) - raft.server.log.statemachine.data.sync = true (default)
2019-09-12 11:52:40,303 [pool-27-thread-1] INFO  server.RaftServerConfigKeys (ConfUtils.java:logGet(43)) - raft.server.log.statemachine.data.sync.timeout = 10s (default)
2019-09-12 11:52:40,304 [pool-27-thread-1] INFO  server.RaftServerConfigKeys (ConfUtils.java:logGet(43)) - raft.server.log.statemachine.data.sync.timeout.retry = -1 (default)
2019-09-12 11:52:40,321 [pool-27-thread-1] INFO  server.RaftServerConfigKeys (ConfUtils.java:logGet(43)) - raft.server.log.statemachine.data.caching.enabled = true (custom)
2019-09-12 11:52:40,327 [pool-27-thread-1] INFO  segmented.SegmentedRaftLogWorker (SegmentedRaftLogWorker.java:lambda$new$0(132)) - 1972eedd-a35b-49f1-a8bd-2e8474cbe90f-SegmentedRaftLogWorker:Storage Directory /workdir/hadoop-ozone/tools/target/test-dir/MiniOzoneClusterImpl-b7a5d7f5-b39f-413b-a414-789b31b847f8/datanode-0/data/ratis/56ed87f1-e9cf-4d39-b621-2d8d597cfb5e: flushIndex: setUnconditionally 0 -> -1
2019-09-12 11:52:40,333 [pool-27-thread-1] INFO  server.RaftServerConfigKeys (ConfUtils.java:logGet(43)) - raft.server.snapshot.auto.trigger.enabled = true (custom)
2019-09-12 11:52:40,334 [pool-27-thread-1] INFO  server.RaftServerConfigKeys (ConfUtils.java:logGet(43)) - raft.server.snapshot.auto.trigger.threshold = 10000 (custom)
2019-09-12 11:52:40,334 [pool-27-thread-1] INFO  server.RaftServerConfigKeys (ConfUtils.java:logGet(43)) - raft.server.retrycache.expirytime = 600000ms (custom)
2019-09-12 11:52:40,356 [pool-27-thread-1] INFO  impl.RaftServerImpl (RaftServerImpl.java:start(180)) - 1972eedd-a35b-49f1-a8bd-2e8474cbe90f: start group-2D8D597CFB5E
2019-09-12 11:52:40,358 [pool-27-thread-1] INFO  impl.RaftServerImpl (RaftServerImpl.java:setRole(171)) - 1972eedd-a35b-49f1-a8bd-2e8474cbe90f:group-2D8D597CFB5E changes role from null to FOLLOWER at term 0 for startAsFollower
2019-09-12 11:52:40,359 [pool-27-thread-1] INFO  impl.RoleInfo (RoleInfo.java:updateAndGet(143)) - 1972eedd-a35b-49f1-a8bd-2e8474cbe90f: start FollowerState
2019-09-12 11:52:40,361 [pool-27-thread-1] INFO  util.JmxRegister (JmxRegister.java:tryRegister(44)) - Successfully registered JMX Bean with object name Ratis:service=RaftServer,group=group-2D8D597CFB5E,id=1972eedd-a35b-49f1-a8bd-2e8474cbe90f
2019-09-12 11:52:40,415 [RatisPipelineUtilsThread] INFO  pipeline.PipelineStateManager (PipelineStateManager.java:addPipeline(56)) - Created pipeline Pipeline[ Id: 56ed87f1-e9cf-4d39-b621-2d8d597cfb5e, Nodes: 1972eedd-a35b-49f1-a8bd-2e8474cbe90f{ip: 192.168.36.114, host: pr-hdds-1569-58hkm-1881083799, networkLocation: /default-rack, certSerialId: null}, Type:RATIS, Factor:ONE, State:OPEN]
2019-09-12 11:52:40,434 [grpc-default-executor-0] INFO  impl.RaftServerProxy (RaftServerProxy.java:addNew(89)) - c6bd64fc-18cd-443d-877c-c0f9224bafd0: addNew group-A7B7D80B2987:[c6bd64fc-18cd-443d-877c-c0f9224bafd0:192.168.36.114:39747] returns group-A7B7D80B2987:java.util.concurrent.CompletableFuture@353fdf9f[Not completed]
2019-09-12 11:52:40,468 [pool-49-thread-1] INFO  impl.RaftServerImpl (RaftServerImpl.java:<init>(93)) - c6bd64fc-18cd-443d-877c-c0f9224bafd0: new RaftServerImpl for group-A7B7D80B2987:[c6bd64fc-18cd-443d-877c-c0f9224bafd0:192.168.36.114:39747] with ContainerStateMachine:uninitialized
2019-09-12 11:52:40,470 [pool-49-thread-1] INFO  server.RaftServerConfigKeys (ConfUtils.java:logGet(43)) - raft.server.rpc.timeout.min = 5s (custom)
2019-09-12 11:52:40,471 [pool-49-thread-1] INFO  server.RaftServerConfigKeys (ConfUtils.java:logGet(43)) - raft.server.rpc.timeout.max = 5200ms (custom)
2019-09-12 11:52:40,471 [pool-49-thread-1] INFO  server.RaftServerConfigKeys (ConfUtils.java:logGet(43)) - raft.server.rpcslowness.timeout = 120s (custom)
2019-09-12 11:52:40,471 [pool-49-thread-1] INFO  server.RaftServerConfigKeys (ConfUtils.java:logGet(43)) - raft.server.sleep.deviation.threshold = 300 (default)
2019-09-12 11:52:40,471 [pool-49-thread-1] INFO  server.RaftServerConfigKeys (ConfUtils.java:logGet(43)) - raft.server.log.appender.install.snapshot.enabled = false (custom)
2019-09-12 11:52:40,471 [pool-49-thread-1] INFO  impl.RaftServerImpl (ServerState.java:<init>(105)) - c6bd64fc-18cd-443d-877c-c0f9224bafd0:group-A7B7D80B2987 ConfigurationManager, init=-1: [c6bd64fc-18cd-443d-877c-c0f9224bafd0:192.168.36.114:39747], old=null, confs=<EMPTY_MAP>
2019-09-12 11:52:40,471 [pool-49-thread-1] INFO  server.RaftServerConfigKeys (ConfUtils.java:logGet(43)) - raft.server.storage.dir = [/workdir/hadoop-ozone/tools/target/test-dir/MiniOzoneClusterImpl-b7a5d7f5-b39f-413b-a414-789b31b847f8/datanode-2/data/ratis] (custom)
2019-09-12 11:52:40,472 [pool-49-thread-1] INFO  storage.RaftStorageDirectory (RaftStorageDirectory.java:analyzeStorage(246)) - The storage directory /workdir/hadoop-ozone/tools/target/test-dir/MiniOzoneClusterImpl-b7a5d7f5-b39f-413b-a414-789b31b847f8/datanode-2/data/ratis/a56c95eb-3b93-4771-8e12-a7b7d80b2987 does not exist. Creating ...
2019-09-12 11:52:40,491 [pool-49-thread-1] INFO  storage.RaftStorageDirectory (RaftStorageDirectory.java:tryLock(328)) - Lock on /workdir/hadoop-ozone/tools/target/test-dir/MiniOzoneClusterImpl-b7a5d7f5-b39f-413b-a414-789b31b847f8/datanode-2/data/ratis/a56c95eb-3b93-4771-8e12-a7b7d80b2987/in_use.lock acquired by nodename 22770@pr-hdds-1569-58hkm-1881083799
2019-09-12 11:52:40,494 [main] INFO  freon.RandomKeyGenerator (RandomKeyGenerator.java:call(275)) - Number of Threads: 10
2019-09-12 11:52:40,495 [main] INFO  freon.RandomKeyGenerator (RandomKeyGenerator.java:call(280)) - Number of Volumes: 1.
2019-09-12 11:52:40,495 [main] INFO  freon.RandomKeyGenerator (RandomKeyGenerator.java:call(281)) - Number of Buckets per Volume: 1.
2019-09-12 11:52:40,495 [main] INFO  freon.RandomKeyGenerator (RandomKeyGenerator.java:call(282)) - Number of Keys per Bucket: 1.
2019-09-12 11:52:40,496 [main] INFO  freon.RandomKeyGenerator (RandomKeyGenerator.java:call(283)) - Key size: 20971520 bytes
2019-09-12 11:52:40,496 [main] INFO  freon.RandomKeyGenerator (RandomKeyGenerator.java:call(284)) - Buffer size: 4096 bytes
2019-09-12 11:52:40,500 [main] INFO  freon.RandomKeyGenerator (RandomKeyGenerator.java:call(298)) - Data validation is enabled.
2019-09-12 11:52:40,501 [main] INFO  freon.RandomKeyGenerator (RandomKeyGenerator.java:call(304)) - Starting progress bar Thread.

 0.00% |█                                                                                                    |  0/1 Time: 0:00:002019-09-12 11:52:40,512 [pool-49-thread-1] INFO  storage.RaftStorage (RaftStorage.java:format(72)) - Storage directory /workdir/hadoop-ozone/tools/target/test-dir/MiniOzoneClusterImpl-b7a5d7f5-b39f-413b-a414-789b31b847f8/datanode-2/data/ratis/a56c95eb-3b93-4771-8e12-a7b7d80b2987 has been successfully formatted.
2019-09-12 11:52:40,520 [pool-49-thread-1] INFO  ratis.ContainerStateMachine (ContainerStateMachine.java:loadSnapshot(226)) - group-A7B7D80B2987: The snapshot info is null. Setting the last applied indexto:(t:0, i:~)
2019-09-12 11:52:40,521 [pool-49-thread-1] INFO  server.RaftServerConfigKeys (ConfUtils.java:logGet(43)) - raft.server.leader.election.timeout = 120s (custom)
2019-09-12 11:52:40,521 [pool-49-thread-1] INFO  server.RaftServerConfigKeys (ConfUtils.java:logGet(43)) - raft.server.log.use.memory = false (default)
2019-09-12 11:52:40,521 [pool-49-thread-1] INFO  server.RaftServerConfigKeys (ConfUtils.java:logGet(43)) - raft.server.log.purge.gap = 1000000 (custom)
2019-09-12 11:52:40,522 [pool-49-thread-1] INFO  server.RaftServerConfigKeys (ConfUtils.java:logGet(43)) - raft.server.log.appender.buffer.byte-limit = 33554432 (custom)
2019-09-12 11:52:40,522 [pool-49-thread-1] INFO  server.RaftServerConfigKeys (ConfUtils.java:logGet(43)) - raft.server.log.segment.size.max = 1048576 (custom)
2019-09-12 11:52:40,522 [pool-49-thread-1] INFO  server.RaftServerConfigKeys (ConfUtils.java:logGet(43)) - raft.server.log.segment.cache.num.max = 2 (custom)
2019-09-12 11:52:40,522 [pool-49-thread-1] INFO  segmented.SegmentedRaftLogWorker (SegmentedRaftLogWorker.java:<init>(172)) - new c6bd64fc-18cd-443d-877c-c0f9224bafd0-SegmentedRaftLogWorker:Storage Directory /workdir/hadoop-ozone/tools/target/test-dir/MiniOzoneClusterImpl-b7a5d7f5-b39f-413b-a414-789b31b847f8/datanode-2/data/ratis/a56c95eb-3b93-4771-8e12-a7b7d80b2987 for RaftStorage:Storage Directory /workdir/hadoop-ozone/tools/target/test-dir/MiniOzoneClusterImpl-b7a5d7f5-b39f-413b-a414-789b31b847f8/datanode-2/data/ratis/a56c95eb-3b93-4771-8e12-a7b7d80b2987
2019-09-12 11:52:40,523 [pool-49-thread-1] INFO  server.RaftServerConfigKeys (ConfUtils.java:logGet(43)) - raft.server.log.queue.byte-limit = 2147483647 (custom)
2019-09-12 11:52:40,524 [pool-49-thread-1] INFO  server.RaftServerConfigKeys (ConfUtils.java:logGet(43)) - raft.server.log.queue.element-limit = 1024 (custom)
2019-09-12 11:52:40,524 [pool-49-thread-1] INFO  server.RaftServerConfigKeys (ConfUtils.java:logGet(43)) - raft.server.log.segment.size.max = 1048576 (custom)
2019-09-12 11:52:40,524 [pool-49-thread-1] INFO  server.RaftServerConfigKeys (ConfUtils.java:logGet(43)) - raft.server.log.preallocated.size = 16384 (custom)
2019-09-12 11:52:40,525 [pool-49-thread-1] INFO  server.RaftServerConfigKeys (ConfUtils.java:logGet(43)) - raft.server.log.write.buffer.size = 33554432 (custom)
2019-09-12 11:52:40,525 [pool-49-thread-1] INFO  server.RaftServerConfigKeys (ConfUtils.java:logGet(43)) - raft.server.log.force.sync.num = 128 (default)
2019-09-12 11:52:40,525 [pool-49-thread-1] INFO  server.RaftServerConfigKeys (ConfUtils.java:logGet(43)) - raft.server.log.statemachine.data.sync = true (default)
2019-09-12 11:52:40,525 [pool-49-thread-1] INFO  server.RaftServerConfigKeys (ConfUtils.java:logGet(43)) - raft.server.log.statemachine.data.sync.timeout = 10s (default)
2019-09-12 11:52:40,525 [pool-49-thread-1] INFO  server.RaftServerConfigKeys (ConfUtils.java:logGet(43)) - raft.server.log.statemachine.data.sync.timeout.retry = -1 (default)
2019-09-12 11:52:40,526 [pool-49-thread-1] INFO  server.RaftServerConfigKeys (ConfUtils.java:logGet(43)) - raft.server.log.statemachine.data.caching.enabled = true (custom)
2019-09-12 11:52:40,526 [pool-49-thread-1] INFO  segmented.SegmentedRaftLogWorker (SegmentedRaftLogWorker.java:lambda$new$0(132)) - c6bd64fc-18cd-443d-877c-c0f9224bafd0-SegmentedRaftLogWorker:Storage Directory /workdir/hadoop-ozone/tools/target/test-dir/MiniOzoneClusterImpl-b7a5d7f5-b39f-413b-a414-789b31b847f8/datanode-2/data/ratis/a56c95eb-3b93-4771-8e12-a7b7d80b2987: flushIndex: setUnconditionally 0 -> -1
2019-09-12 11:52:40,527 [pool-49-thread-1] INFO  server.RaftServerConfigKeys (ConfUtils.java:logGet(43)) - raft.server.snapshot.auto.trigger.enabled = true (custom)
2019-09-12 11:52:40,527 [pool-49-thread-1] INFO  server.RaftServerConfigKeys (ConfUtils.java:logGet(43)) - raft.server.snapshot.auto.trigger.threshold = 10000 (custom)
2019-09-12 11:52:40,527 [pool-49-thread-1] INFO  server.RaftServerConfigKeys (ConfUtils.java:logGet(43)) - raft.server.retrycache.expirytime = 600000ms (custom)
2019-09-12 11:52:40,528 [pool-49-thread-1] INFO  impl.RaftServerImpl (RaftServerImpl.java:start(180)) - c6bd64fc-18cd-443d-877c-c0f9224bafd0: start group-A7B7D80B2987
2019-09-12 11:52:40,528 [pool-49-thread-1] INFO  impl.RaftServerImpl (RaftServerImpl.java:setRole(171)) - c6bd64fc-18cd-443d-877c-c0f9224bafd0:group-A7B7D80B2987 changes role from null to FOLLOWER at term 0 for startAsFollower
2019-09-12 11:52:40,528 [pool-49-thread-1] INFO  impl.RoleInfo (RoleInfo.java:updateAndGet(143)) - c6bd64fc-18cd-443d-877c-c0f9224bafd0: start FollowerState
2019-09-12 11:52:40,529 [pool-56-thread-1] INFO  rpc.RpcClient (RpcClient.java:createVolume(293)) - Creating Volume: vol-0-91476, with jenkins1000 as owner.
2019-09-12 11:52:40,531 [pool-49-thread-1] INFO  util.JmxRegister (JmxRegister.java:tryRegister(44)) - Successfully registered JMX Bean with object name Ratis:service=RaftServer,group=group-A7B7D80B2987,id=c6bd64fc-18cd-443d-877c-c0f9224bafd0
2019-09-12 11:52:40,547 [RatisPipelineUtilsThread] INFO  pipeline.PipelineStateManager (PipelineStateManager.java:addPipeline(56)) - Created pipeline Pipeline[ Id: a56c95eb-3b93-4771-8e12-a7b7d80b2987, Nodes: c6bd64fc-18cd-443d-877c-c0f9224bafd0{ip: 192.168.36.114, host: pr-hdds-1569-58hkm-1881083799, networkLocation: /default-rack, certSerialId: null}, Type:RATIS, Factor:ONE, State:OPEN]
2019-09-12 11:52:40,574 [grpc-default-executor-0] INFO  impl.RaftServerProxy (RaftServerProxy.java:addNew(89)) - 1972eedd-a35b-49f1-a8bd-2e8474cbe90f: addNew group-2BFC4B1C928A:[1972eedd-a35b-49f1-a8bd-2e8474cbe90f:192.168.36.114:40263] returns group-2BFC4B1C928A:java.util.concurrent.CompletableFuture@dfc4568[Not completed]
2019-09-12 11:52:40,588 [pool-27-thread-1] INFO  impl.RaftServerImpl (RaftServerImpl.java:<init>(93)) - 1972eedd-a35b-49f1-a8bd-2e8474cbe90f: new RaftServerImpl for group-2BFC4B1C928A:[1972eedd-a35b-49f1-a8bd-2e8474cbe90f:192.168.36.114:40263] with ContainerStateMachine:uninitialized
2019-09-12 11:52:40,588 [pool-27-thread-1] INFO  server.RaftServerConfigKeys (ConfUtils.java:logGet(43)) - raft.server.rpc.timeout.min = 5s (custom)
2019-09-12 11:52:40,588 [pool-27-thread-1] INFO  server.RaftServerConfigKeys (ConfUtils.java:logGet(43)) - raft.server.rpc.timeout.max = 5200ms (custom)
2019-09-12 11:52:40,588 [pool-27-thread-1] INFO  server.RaftServerConfigKeys (ConfUtils.java:logGet(43)) - raft.server.rpcslowness.timeout = 120s (custom)
2019-09-12 11:52:40,589 [pool-27-thread-1] INFO  server.RaftServerConfigKeys (ConfUtils.java:logGet(43)) - raft.server.sleep.deviation.threshold = 300 (default)
2019-09-12 11:52:40,589 [pool-27-thread-1] INFO  server.RaftServerConfigKeys (ConfUtils.java:logGet(43)) - raft.server.log.appender.install.snapshot.enabled = false (custom)
2019-09-12 11:52:40,589 [pool-27-thread-1] INFO  impl.RaftServerImpl (ServerState.java:<init>(105)) - 1972eedd-a35b-49f1-a8bd-2e8474cbe90f:group-2BFC4B1C928A ConfigurationManager, init=-1: [1972eedd-a35b-49f1-a8bd-2e8474cbe90f:192.168.36.114:40263], old=null, confs=<EMPTY_MAP>
2019-09-12 11:52:40,589 [pool-27-thread-1] INFO  server.RaftServerConfigKeys (ConfUtils.java:logGet(43)) - raft.server.storage.dir = [/workdir/hadoop-ozone/tools/target/test-dir/MiniOzoneClusterImpl-b7a5d7f5-b39f-413b-a414-789b31b847f8/datanode-0/data/ratis] (custom)
2019-09-12 11:52:40,590 [pool-27-thread-1] INFO  storage.RaftStorageDirectory (RaftStorageDirectory.java:analyzeStorage(246)) - The storage directory /workdir/hadoop-ozone/tools/target/test-dir/MiniOzoneClusterImpl-b7a5d7f5-b39f-413b-a414-789b31b847f8/datanode-0/data/ratis/49dede02-85a2-4ca7-aea7-2bfc4b1c928a does not exist. Creating ...
2019-09-12 11:52:40,590 | INFO  | OMAudit | user=jenkins1000 | ip=127.0.0.1 | op=CREATE_VOLUME {admin=jenkins1000, owner=jenkins1000, volume=vol-0-91476, creationTime=1568289160563, quotaInBytes=1152921504606846976} | ret=SUCCESS |  
2019-09-12 11:52:40,603 | INFO  | OMAudit | user=jenkins1000 | ip=127.0.0.1 | op=READ_VOLUME {volume=vol-0-91476} | ret=SUCCESS |  
2019-09-12 11:52:40,603 [pool-27-thread-1] INFO  storage.RaftStorageDirectory (RaftStorageDirectory.java:tryLock(328)) - Lock on /workdir/hadoop-ozone/tools/target/test-dir/MiniOzoneClusterImpl-b7a5d7f5-b39f-413b-a414-789b31b847f8/datanode-0/data/ratis/49dede02-85a2-4ca7-aea7-2bfc4b1c928a/in_use.lock acquired by nodename 22770@pr-hdds-1569-58hkm-1881083799
2019-09-12 11:52:40,614 [pool-56-thread-2] INFO  rpc.RpcClient (RpcClient.java:createBucket(432)) - Creating Bucket: vol-0-91476/bucket-0-53670, with Versioning false and Storage Type set to DISK and Encryption set to false 
2019-09-12 11:52:40,616 [pool-27-thread-1] INFO  storage.RaftStorage (RaftStorage.java:format(72)) - Storage directory /workdir/hadoop-ozone/tools/target/test-dir/MiniOzoneClusterImpl-b7a5d7f5-b39f-413b-a414-789b31b847f8/datanode-0/data/ratis/49dede02-85a2-4ca7-aea7-2bfc4b1c928a has been successfully formatted.
2019-09-12 11:52:40,616 [pool-27-thread-1] INFO  ratis.ContainerStateMachine (ContainerStateMachine.java:loadSnapshot(226)) - group-2BFC4B1C928A: The snapshot info is null. Setting the last applied indexto:(t:0, i:~)
2019-09-12 11:52:40,616 [pool-27-thread-1] INFO  server.RaftServerConfigKeys (ConfUtils.java:logGet(43)) - raft.server.leader.election.timeout = 120s (custom)
2019-09-12 11:52:40,616 [pool-27-thread-1] INFO  server.RaftServerConfigKeys (ConfUtils.java:logGet(43)) - raft.server.log.use.memory = false (default)
2019-09-12 11:52:40,617 [pool-27-thread-1] INFO  server.RaftServerConfigKeys (ConfUtils.java:logGet(43)) - raft.server.log.purge.gap = 1000000 (custom)
2019-09-12 11:52:40,617 [pool-27-thread-1] INFO  server.RaftServerConfigKeys (ConfUtils.java:logGet(43)) - raft.server.log.appender.buffer.byte-limit = 33554432 (custom)
2019-09-12 11:52:40,617 [pool-27-thread-1] INFO  server.RaftServerConfigKeys (ConfUtils.java:logGet(43)) - raft.server.log.segment.size.max = 1048576 (custom)
2019-09-12 11:52:40,617 [pool-27-thread-1] INFO  server.RaftServerConfigKeys (ConfUtils.java:logGet(43)) - raft.server.log.segment.cache.num.max = 2 (custom)
2019-09-12 11:52:40,617 [pool-27-thread-1] INFO  segmented.SegmentedRaftLogWorker (SegmentedRaftLogWorker.java:<init>(172)) - new 1972eedd-a35b-49f1-a8bd-2e8474cbe90f-SegmentedRaftLogWorker:Storage Directory /workdir/hadoop-ozone/tools/target/test-dir/MiniOzoneClusterImpl-b7a5d7f5-b39f-413b-a414-789b31b847f8/datanode-0/data/ratis/49dede02-85a2-4ca7-aea7-2bfc4b1c928a for RaftStorage:Storage Directory /workdir/hadoop-ozone/tools/target/test-dir/MiniOzoneClusterImpl-b7a5d7f5-b39f-413b-a414-789b31b847f8/datanode-0/data/ratis/49dede02-85a2-4ca7-aea7-2bfc4b1c928a
2019-09-12 11:52:40,617 [pool-27-thread-1] INFO  server.RaftServerConfigKeys (ConfUtils.java:logGet(43)) - raft.server.log.queue.byte-limit = 2147483647 (custom)
2019-09-12 11:52:40,617 [pool-27-thread-1] INFO  server.RaftServerConfigKeys (ConfUtils.java:logGet(43)) - raft.server.log.queue.element-limit = 1024 (custom)
2019-09-12 11:52:40,618 [pool-27-thread-1] INFO  server.RaftServerConfigKeys (ConfUtils.java:logGet(43)) - raft.server.log.segment.size.max = 1048576 (custom)
2019-09-12 11:52:40,618 [pool-27-thread-1] INFO  server.RaftServerConfigKeys (ConfUtils.java:logGet(43)) - raft.server.log.preallocated.size = 16384 (custom)
2019-09-12 11:52:40,618 [pool-27-thread-1] INFO  server.RaftServerConfigKeys (ConfUtils.java:logGet(43)) - raft.server.log.write.buffer.size = 33554432 (custom)
2019-09-12 11:52:40,618 [pool-27-thread-1] INFO  server.RaftServerConfigKeys (ConfUtils.java:logGet(43)) - raft.server.log.force.sync.num = 128 (default)
2019-09-12 11:52:40,618 [pool-27-thread-1] INFO  server.RaftServerConfigKeys (ConfUtils.java:logGet(43)) - raft.server.log.statemachine.data.sync = true (default)
2019-09-12 11:52:40,618 [pool-27-thread-1] INFO  server.RaftServerConfigKeys (ConfUtils.java:logGet(43)) - raft.server.log.statemachine.data.sync.timeout = 10s (default)
2019-09-12 11:52:40,618 [pool-27-thread-1] INFO  server.RaftServerConfigKeys (ConfUtils.java:logGet(43)) - raft.server.log.statemachine.data.sync.timeout.retry = -1 (default)
2019-09-12 11:52:40,618 [pool-27-thread-1] INFO  server.RaftServerConfigKeys (ConfUtils.java:logGet(43)) - raft.server.log.statemachine.data.caching.enabled = true (custom)
2019-09-12 11:52:40,619 [pool-27-thread-1] INFO  segmented.SegmentedRaftLogWorker (SegmentedRaftLogWorker.java:lambda$new$0(132)) - 1972eedd-a35b-49f1-a8bd-2e8474cbe90f-SegmentedRaftLogWorker:Storage Directory /workdir/hadoop-ozone/tools/target/test-dir/MiniOzoneClusterImpl-b7a5d7f5-b39f-413b-a414-789b31b847f8/datanode-0/data/ratis/49dede02-85a2-4ca7-aea7-2bfc4b1c928a: flushIndex: setUnconditionally 0 -> -1
2019-09-12 11:52:40,619 [pool-27-thread-1] INFO  server.RaftServerConfigKeys (ConfUtils.java:logGet(43)) - raft.server.snapshot.auto.trigger.enabled = true (custom)
2019-09-12 11:52:40,619 [pool-27-thread-1] INFO  server.RaftServerConfigKeys (ConfUtils.java:logGet(43)) - raft.server.snapshot.auto.trigger.threshold = 10000 (custom)
2019-09-12 11:52:40,619 [pool-27-thread-1] INFO  server.RaftServerConfigKeys (ConfUtils.java:logGet(43)) - raft.server.retrycache.expirytime = 600000ms (custom)
2019-09-12 11:52:40,620 [pool-27-thread-1] INFO  impl.RaftServerImpl (RaftServerImpl.java:start(180)) - 1972eedd-a35b-49f1-a8bd-2e8474cbe90f: start group-2BFC4B1C928A
2019-09-12 11:52:40,620 [pool-27-thread-1] INFO  impl.RaftServerImpl (RaftServerImpl.java:setRole(171)) - 1972eedd-a35b-49f1-a8bd-2e8474cbe90f:group-2BFC4B1C928A changes role from null to FOLLOWER at term 0 for startAsFollower
2019-09-12 11:52:40,621 [pool-27-thread-1] INFO  impl.RoleInfo (RoleInfo.java:updateAndGet(143)) - 1972eedd-a35b-49f1-a8bd-2e8474cbe90f: start FollowerState
2019-09-12 11:52:40,621 [pool-27-thread-1] INFO  util.JmxRegister (JmxRegister.java:tryRegister(44)) - Successfully registered JMX Bean with object name Ratis:service=RaftServer,group=group-2BFC4B1C928A,id=1972eedd-a35b-49f1-a8bd-2e8474cbe90f
2019-09-12 11:52:40,632 [RatisPipelineUtilsThread] INFO  pipeline.PipelineStateManager (PipelineStateManager.java:addPipeline(56)) - Created pipeline Pipeline[ Id: 49dede02-85a2-4ca7-aea7-2bfc4b1c928a, Nodes: 1972eedd-a35b-49f1-a8bd-2e8474cbe90f{ip: 192.168.36.114, host: pr-hdds-1569-58hkm-1881083799, networkLocation: /default-rack, certSerialId: null}, Type:RATIS, Factor:ONE, State:OPEN]
2019-09-12 11:52:40,634 | INFO  | OMAudit | user=jenkins1000 | ip=127.0.0.1 | op=CREATE_BUCKET {volume=vol-0-91476, bucket=bucket-0-53670, acls=[user:jenkins1000:a[ACCESS], group:default:a[ACCESS]], isVersionEnabled=false, storageType=DISK, creationTime=0} | ret=SUCCESS |  
2019-09-12 11:52:40,644 | INFO  | OMAudit | user=jenkins1000 | ip=127.0.0.1 | op=READ_BUCKET {volume=vol-0-91476, bucket=bucket-0-53670} | ret=SUCCESS |  
2019-09-12 11:52:40,647 [grpc-default-executor-0] INFO  impl.RaftServerProxy (RaftServerProxy.java:addNew(89)) - c6bd64fc-18cd-443d-877c-c0f9224bafd0: addNew group-0B0CDE3940DC:[c6bd64fc-18cd-443d-877c-c0f9224bafd0:192.168.36.114:39747] returns group-0B0CDE3940DC:java.util.concurrent.CompletableFuture@23b58d4c[Not completed]
2019-09-12 11:52:40,649 [pool-49-thread-1] INFO  impl.RaftServerImpl (RaftServerImpl.java:<init>(93)) - c6bd64fc-18cd-443d-877c-c0f9224bafd0: new RaftServerImpl for group-0B0CDE3940DC:[c6bd64fc-18cd-443d-877c-c0f9224bafd0:192.168.36.114:39747] with ContainerStateMachine:uninitialized
2019-09-12 11:52:40,649 [pool-49-thread-1] INFO  server.RaftServerConfigKeys (ConfUtils.java:logGet(43)) - raft.server.rpc.timeout.min = 5s (custom)
2019-09-12 11:52:40,649 [pool-49-thread-1] INFO  server.RaftServerConfigKeys (ConfUtils.java:logGet(43)) - raft.server.rpc.timeout.max = 5200ms (custom)
2019-09-12 11:52:40,649 [pool-49-thread-1] INFO  server.RaftServerConfigKeys (ConfUtils.java:logGet(43)) - raft.server.rpcslowness.timeout = 120s (custom)
2019-09-12 11:52:40,649 [pool-49-thread-1] INFO  server.RaftServerConfigKeys (ConfUtils.java:logGet(43)) - raft.server.sleep.deviation.threshold = 300 (default)
2019-09-12 11:52:40,649 [pool-49-thread-1] INFO  server.RaftServerConfigKeys (ConfUtils.java:logGet(43)) - raft.server.log.appender.install.snapshot.enabled = false (custom)
2019-09-12 11:52:40,650 [pool-49-thread-1] INFO  impl.RaftServerImpl (ServerState.java:<init>(105)) - c6bd64fc-18cd-443d-877c-c0f9224bafd0:group-0B0CDE3940DC ConfigurationManager, init=-1: [c6bd64fc-18cd-443d-877c-c0f9224bafd0:192.168.36.114:39747], old=null, confs=<EMPTY_MAP>
2019-09-12 11:52:40,650 [pool-49-thread-1] INFO  server.RaftServerConfigKeys (ConfUtils.java:logGet(43)) - raft.server.storage.dir = [/workdir/hadoop-ozone/tools/target/test-dir/MiniOzoneClusterImpl-b7a5d7f5-b39f-413b-a414-789b31b847f8/datanode-2/data/ratis] (custom)
2019-09-12 11:52:40,650 [pool-49-thread-1] INFO  storage.RaftStorageDirectory (RaftStorageDirectory.java:analyzeStorage(246)) - The storage directory /workdir/hadoop-ozone/tools/target/test-dir/MiniOzoneClusterImpl-b7a5d7f5-b39f-413b-a414-789b31b847f8/datanode-2/data/ratis/d87726e0-c959-48e9-b6de-0b0cde3940dc does not exist. Creating ...
2019-09-12 11:52:40,665 [pool-49-thread-1] INFO  storage.RaftStorageDirectory (RaftStorageDirectory.java:tryLock(328)) - Lock on /workdir/hadoop-ozone/tools/target/test-dir/MiniOzoneClusterImpl-b7a5d7f5-b39f-413b-a414-789b31b847f8/datanode-2/data/ratis/d87726e0-c959-48e9-b6de-0b0cde3940dc/in_use.lock acquired by nodename 22770@pr-hdds-1569-58hkm-1881083799
2019-09-12 11:52:40,678 [pool-49-thread-1] INFO  storage.RaftStorage (RaftStorage.java:format(72)) - Storage directory /workdir/hadoop-ozone/tools/target/test-dir/MiniOzoneClusterImpl-b7a5d7f5-b39f-413b-a414-789b31b847f8/datanode-2/data/ratis/d87726e0-c959-48e9-b6de-0b0cde3940dc has been successfully formatted.
2019-09-12 11:52:40,678 [pool-49-thread-1] INFO  ratis.ContainerStateMachine (ContainerStateMachine.java:loadSnapshot(226)) - group-0B0CDE3940DC: The snapshot info is null. Setting the last applied indexto:(t:0, i:~)
2019-09-12 11:52:40,678 [pool-49-thread-1] INFO  server.RaftServerConfigKeys (ConfUtils.java:logGet(43)) - raft.server.leader.election.timeout = 120s (custom)
2019-09-12 11:52:40,679 [pool-49-thread-1] INFO  server.RaftServerConfigKeys (ConfUtils.java:logGet(43)) - raft.server.log.use.memory = false (default)
2019-09-12 11:52:40,679 [pool-49-thread-1] INFO  server.RaftServerConfigKeys (ConfUtils.java:logGet(43)) - raft.server.log.purge.gap = 1000000 (custom)
2019-09-12 11:52:40,679 [pool-49-thread-1] INFO  server.RaftServerConfigKeys (ConfUtils.java:logGet(43)) - raft.server.log.appender.buffer.byte-limit = 33554432 (custom)
2019-09-12 11:52:40,679 [pool-49-thread-1] INFO  server.RaftServerConfigKeys (ConfUtils.java:logGet(43)) - raft.server.log.segment.size.max = 1048576 (custom)
2019-09-12 11:52:40,679 [pool-49-thread-1] INFO  server.RaftServerConfigKeys (ConfUtils.java:logGet(43)) - raft.server.log.segment.cache.num.max = 2 (custom)
2019-09-12 11:52:40,680 [pool-49-thread-1] INFO  segmented.SegmentedRaftLogWorker (SegmentedRaftLogWorker.java:<init>(172)) - new c6bd64fc-18cd-443d-877c-c0f9224bafd0-SegmentedRaftLogWorker:Storage Directory /workdir/hadoop-ozone/tools/target/test-dir/MiniOzoneClusterImpl-b7a5d7f5-b39f-413b-a414-789b31b847f8/datanode-2/data/ratis/d87726e0-c959-48e9-b6de-0b0cde3940dc for RaftStorage:Storage Directory /workdir/hadoop-ozone/tools/target/test-dir/MiniOzoneClusterImpl-b7a5d7f5-b39f-413b-a414-789b31b847f8/datanode-2/data/ratis/d87726e0-c959-48e9-b6de-0b0cde3940dc
2019-09-12 11:52:40,680 [pool-49-thread-1] INFO  server.RaftServerConfigKeys (ConfUtils.java:logGet(43)) - raft.server.log.queue.byte-limit = 2147483647 (custom)
2019-09-12 11:52:40,680 [pool-49-thread-1] INFO  server.RaftServerConfigKeys (ConfUtils.java:logGet(43)) - raft.server.log.queue.element-limit = 1024 (custom)
2019-09-12 11:52:40,680 [pool-49-thread-1] INFO  server.RaftServerConfigKeys (ConfUtils.java:logGet(43)) - raft.server.log.segment.size.max = 1048576 (custom)
2019-09-12 11:52:40,680 [pool-49-thread-1] INFO  server.RaftServerConfigKeys (ConfUtils.java:logGet(43)) - raft.server.log.preallocated.size = 16384 (custom)
2019-09-12 11:52:40,680 [pool-49-thread-1] INFO  server.RaftServerConfigKeys (ConfUtils.java:logGet(43)) - raft.server.log.write.buffer.size = 33554432 (custom)
2019-09-12 11:52:40,681 [pool-49-thread-1] INFO  server.RaftServerConfigKeys (ConfUtils.java:logGet(43)) - raft.server.log.force.sync.num = 128 (default)
2019-09-12 11:52:40,681 [pool-49-thread-1] INFO  server.RaftServerConfigKeys (ConfUtils.java:logGet(43)) - raft.server.log.statemachine.data.sync = true (default)
2019-09-12 11:52:40,681 [pool-49-thread-1] INFO  server.RaftServerConfigKeys (ConfUtils.java:logGet(43)) - raft.server.log.statemachine.data.sync.timeout = 10s (default)
2019-09-12 11:52:40,681 [pool-49-thread-1] INFO  server.RaftServerConfigKeys (ConfUtils.java:logGet(43)) - raft.server.log.statemachine.data.sync.timeout.retry = -1 (default)
2019-09-12 11:52:40,682 [pool-49-thread-1] INFO  server.RaftServerConfigKeys (ConfUtils.java:logGet(43)) - raft.server.log.statemachine.data.caching.enabled = true (custom)
2019-09-12 11:52:40,682 [pool-49-thread-1] INFO  segmented.SegmentedRaftLogWorker (SegmentedRaftLogWorker.java:lambda$new$0(132)) - c6bd64fc-18cd-443d-877c-c0f9224bafd0-SegmentedRaftLogWorker:Storage Directory /workdir/hadoop-ozone/tools/target/test-dir/MiniOzoneClusterImpl-b7a5d7f5-b39f-413b-a414-789b31b847f8/datanode-2/data/ratis/d87726e0-c959-48e9-b6de-0b0cde3940dc: flushIndex: setUnconditionally 0 -> -1
2019-09-12 11:52:40,682 [pool-49-thread-1] INFO  server.RaftServerConfigKeys (ConfUtils.java:logGet(43)) - raft.server.snapshot.auto.trigger.enabled = true (custom)
2019-09-12 11:52:40,682 [pool-49-thread-1] INFO  server.RaftServerConfigKeys (ConfUtils.java:logGet(43)) - raft.server.snapshot.auto.trigger.threshold = 10000 (custom)
2019-09-12 11:52:40,683 [pool-49-thread-1] INFO  server.RaftServerConfigKeys (ConfUtils.java:logGet(43)) - raft.server.retrycache.expirytime = 600000ms (custom)
2019-09-12 11:52:40,683 [pool-49-thread-1] INFO  impl.RaftServerImpl (RaftServerImpl.java:start(180)) - c6bd64fc-18cd-443d-877c-c0f9224bafd0: start group-0B0CDE3940DC
2019-09-12 11:52:40,683 [pool-49-thread-1] INFO  impl.RaftServerImpl (RaftServerImpl.java:setRole(171)) - c6bd64fc-18cd-443d-877c-c0f9224bafd0:group-0B0CDE3940DC changes role from null to FOLLOWER at term 0 for startAsFollower
2019-09-12 11:52:40,683 [pool-49-thread-1] INFO  impl.RoleInfo (RoleInfo.java:updateAndGet(143)) - c6bd64fc-18cd-443d-877c-c0f9224bafd0: start FollowerState
2019-09-12 11:52:40,684 [pool-49-thread-1] INFO  util.JmxRegister (JmxRegister.java:tryRegister(44)) - Successfully registered JMX Bean with object name Ratis:service=RaftServer,group=group-0B0CDE3940DC,id=c6bd64fc-18cd-443d-877c-c0f9224bafd0
2019-09-12 11:52:40,692 [RatisPipelineUtilsThread] INFO  pipeline.PipelineStateManager (PipelineStateManager.java:addPipeline(56)) - Created pipeline Pipeline[ Id: d87726e0-c959-48e9-b6de-0b0cde3940dc, Nodes: c6bd64fc-18cd-443d-877c-c0f9224bafd0{ip: 192.168.36.114, host: pr-hdds-1569-58hkm-1881083799, networkLocation: /default-rack, certSerialId: null}, Type:RATIS, Factor:ONE, State:OPEN]
2019-09-12 11:52:40,706 [grpc-default-executor-0] INFO  impl.RaftServerProxy (RaftServerProxy.java:addNew(89)) - 111edd97-ea51-41ea-a74c-30103f3be193: addNew group-DA9443A4D957:[111edd97-ea51-41ea-a74c-30103f3be193:192.168.36.114:45736] returns group-DA9443A4D957:java.util.concurrent.CompletableFuture@55e88be8[Not completed]
2019-09-12 11:52:40,709 [pool-38-thread-1] INFO  impl.RaftServerImpl (RaftServerImpl.java:<init>(93)) - 111edd97-ea51-41ea-a74c-30103f3be193: new RaftServerImpl for group-DA9443A4D957:[111edd97-ea51-41ea-a74c-30103f3be193:192.168.36.114:45736] with ContainerStateMachine:uninitialized
2019-09-12 11:52:40,709 [pool-38-thread-1] INFO  server.RaftServerConfigKeys (ConfUtils.java:logGet(43)) - raft.server.rpc.timeout.min = 5s (custom)
2019-09-12 11:52:40,710 [pool-38-thread-1] INFO  server.RaftServerConfigKeys (ConfUtils.java:logGet(43)) - raft.server.rpc.timeout.max = 5200ms (custom)
2019-09-12 11:52:40,710 [pool-38-thread-1] INFO  server.RaftServerConfigKeys (ConfUtils.java:logGet(43)) - raft.server.rpcslowness.timeout = 120s (custom)
2019-09-12 11:52:40,710 [pool-38-thread-1] INFO  server.RaftServerConfigKeys (ConfUtils.java:logGet(43)) - raft.server.sleep.deviation.threshold = 300 (default)
2019-09-12 11:52:40,710 [pool-38-thread-1] INFO  server.RaftServerConfigKeys (ConfUtils.java:logGet(43)) - raft.server.log.appender.install.snapshot.enabled = false (custom)
2019-09-12 11:52:40,710 [pool-38-thread-1] INFO  impl.RaftServerImpl (ServerState.java:<init>(105)) - 111edd97-ea51-41ea-a74c-30103f3be193:group-DA9443A4D957 ConfigurationManager, init=-1: [111edd97-ea51-41ea-a74c-30103f3be193:192.168.36.114:45736], old=null, confs=<EMPTY_MAP>
2019-09-12 11:52:40,711 [pool-38-thread-1] INFO  server.RaftServerConfigKeys (ConfUtils.java:logGet(43)) - raft.server.storage.dir = [/workdir/hadoop-ozone/tools/target/test-dir/MiniOzoneClusterImpl-b7a5d7f5-b39f-413b-a414-789b31b847f8/datanode-1/data/ratis] (custom)
2019-09-12 11:52:40,711 [pool-38-thread-1] INFO  storage.RaftStorageDirectory (RaftStorageDirectory.java:analyzeStorage(246)) - The storage directory /workdir/hadoop-ozone/tools/target/test-dir/MiniOzoneClusterImpl-b7a5d7f5-b39f-413b-a414-789b31b847f8/datanode-1/data/ratis/75acc997-9fbc-4bad-af2c-da9443a4d957 does not exist. Creating ...
2019-09-12 11:52:40,724 [pool-38-thread-1] INFO  storage.RaftStorageDirectory (RaftStorageDirectory.java:tryLock(328)) - Lock on /workdir/hadoop-ozone/tools/target/test-dir/MiniOzoneClusterImpl-b7a5d7f5-b39f-413b-a414-789b31b847f8/datanode-1/data/ratis/75acc997-9fbc-4bad-af2c-da9443a4d957/in_use.lock acquired by nodename 22770@pr-hdds-1569-58hkm-1881083799
2019-09-12 11:52:40,755 [pool-38-thread-1] INFO  storage.RaftStorage (RaftStorage.java:format(72)) - Storage directory /workdir/hadoop-ozone/tools/target/test-dir/MiniOzoneClusterImpl-b7a5d7f5-b39f-413b-a414-789b31b847f8/datanode-1/data/ratis/75acc997-9fbc-4bad-af2c-da9443a4d957 has been successfully formatted.
2019-09-12 11:52:40,755 [pool-38-thread-1] INFO  ratis.ContainerStateMachine (ContainerStateMachine.java:loadSnapshot(226)) - group-DA9443A4D957: The snapshot info is null. Setting the last applied indexto:(t:0, i:~)
2019-09-12 11:52:40,755 [pool-38-thread-1] INFO  server.RaftServerConfigKeys (ConfUtils.java:logGet(43)) - raft.server.leader.election.timeout = 120s (custom)
2019-09-12 11:52:40,755 [pool-38-thread-1] INFO  server.RaftServerConfigKeys (ConfUtils.java:logGet(43)) - raft.server.log.use.memory = false (default)
2019-09-12 11:52:40,756 [pool-38-thread-1] INFO  server.RaftServerConfigKeys (ConfUtils.java:logGet(43)) - raft.server.log.purge.gap = 1000000 (custom)
2019-09-12 11:52:40,756 [pool-38-thread-1] INFO  server.RaftServerConfigKeys (ConfUtils.java:logGet(43)) - raft.server.log.appender.buffer.byte-limit = 33554432 (custom)
2019-09-12 11:52:40,756 [pool-38-thread-1] INFO  server.RaftServerConfigKeys (ConfUtils.java:logGet(43)) - raft.server.log.segment.size.max = 1048576 (custom)
2019-09-12 11:52:40,756 [pool-38-thread-1] INFO  server.RaftServerConfigKeys (ConfUtils.java:logGet(43)) - raft.server.log.segment.cache.num.max = 2 (custom)
2019-09-12 11:52:40,756 [pool-38-thread-1] INFO  segmented.SegmentedRaftLogWorker (SegmentedRaftLogWorker.java:<init>(172)) - new 111edd97-ea51-41ea-a74c-30103f3be193-SegmentedRaftLogWorker:Storage Directory /workdir/hadoop-ozone/tools/target/test-dir/MiniOzoneClusterImpl-b7a5d7f5-b39f-413b-a414-789b31b847f8/datanode-1/data/ratis/75acc997-9fbc-4bad-af2c-da9443a4d957 for RaftStorage:Storage Directory /workdir/hadoop-ozone/tools/target/test-dir/MiniOzoneClusterImpl-b7a5d7f5-b39f-413b-a414-789b31b847f8/datanode-1/data/ratis/75acc997-9fbc-4bad-af2c-da9443a4d957
2019-09-12 11:52:40,757 [pool-38-thread-1] INFO  server.RaftServerConfigKeys (ConfUtils.java:logGet(43)) - raft.server.log.queue.byte-limit = 2147483647 (custom)
2019-09-12 11:52:40,757 [pool-38-thread-1] INFO  server.RaftServerConfigKeys (ConfUtils.java:logGet(43)) - raft.server.log.queue.element-limit = 1024 (custom)
2019-09-12 11:52:40,757 [pool-38-thread-1] INFO  server.RaftServerConfigKeys (ConfUtils.java:logGet(43)) - raft.server.log.segment.size.max = 1048576 (custom)
2019-09-12 11:52:40,757 [pool-38-thread-1] INFO  server.RaftServerConfigKeys (ConfUtils.java:logGet(43)) - raft.server.log.preallocated.size = 16384 (custom)
2019-09-12 11:52:40,757 [pool-38-thread-1] INFO  server.RaftServerConfigKeys (ConfUtils.java:logGet(43)) - raft.server.log.write.buffer.size = 33554432 (custom)
2019-09-12 11:52:40,758 [pool-38-thread-1] INFO  server.RaftServerConfigKeys (ConfUtils.java:logGet(43)) - raft.server.log.force.sync.num = 128 (default)
2019-09-12 11:52:40,758 [pool-38-thread-1] INFO  server.RaftServerConfigKeys (ConfUtils.java:logGet(43)) - raft.server.log.statemachine.data.sync = true (default)
2019-09-12 11:52:40,758 [pool-38-thread-1] INFO  server.RaftServerConfigKeys (ConfUtils.java:logGet(43)) - raft.server.log.statemachine.data.sync.timeout = 10s (default)
2019-09-12 11:52:40,758 [pool-38-thread-1] INFO  server.RaftServerConfigKeys (ConfUtils.java:logGet(43)) - raft.server.log.statemachine.data.sync.timeout.retry = -1 (default)
2019-09-12 11:52:40,758 [pool-38-thread-1] INFO  server.RaftServerConfigKeys (ConfUtils.java:logGet(43)) - raft.server.log.statemachine.data.caching.enabled = true (custom)
2019-09-12 11:52:40,759 [pool-38-thread-1] INFO  segmented.SegmentedRaftLogWorker (SegmentedRaftLogWorker.java:lambda$new$0(132)) - 111edd97-ea51-41ea-a74c-30103f3be193-SegmentedRaftLogWorker:Storage Directory /workdir/hadoop-ozone/tools/target/test-dir/MiniOzoneClusterImpl-b7a5d7f5-b39f-413b-a414-789b31b847f8/datanode-1/data/ratis/75acc997-9fbc-4bad-af2c-da9443a4d957: flushIndex: setUnconditionally 0 -> -1
2019-09-12 11:52:40,759 [pool-38-thread-1] INFO  server.RaftServerConfigKeys (ConfUtils.java:logGet(43)) - raft.server.snapshot.auto.trigger.enabled = true (custom)
2019-09-12 11:52:40,759 [pool-38-thread-1] INFO  server.RaftServerConfigKeys (ConfUtils.java:logGet(43)) - raft.server.snapshot.auto.trigger.threshold = 10000 (custom)
2019-09-12 11:52:40,760 [pool-38-thread-1] INFO  server.RaftServerConfigKeys (ConfUtils.java:logGet(43)) - raft.server.retrycache.expirytime = 600000ms (custom)
2019-09-12 11:52:40,760 [pool-38-thread-1] INFO  impl.RaftServerImpl (RaftServerImpl.java:start(180)) - 111edd97-ea51-41ea-a74c-30103f3be193: start group-DA9443A4D957
2019-09-12 11:52:40,760 [pool-38-thread-1] INFO  impl.RaftServerImpl (RaftServerImpl.java:setRole(171)) - 111edd97-ea51-41ea-a74c-30103f3be193:group-DA9443A4D957 changes role from null to FOLLOWER at term 0 for startAsFollower
2019-09-12 11:52:40,760 [pool-38-thread-1] INFO  impl.RoleInfo (RoleInfo.java:updateAndGet(143)) - 111edd97-ea51-41ea-a74c-30103f3be193: start FollowerState
2019-09-12 11:52:40,761 [pool-38-thread-1] INFO  util.JmxRegister (JmxRegister.java:tryRegister(44)) - Successfully registered JMX Bean with object name Ratis:service=RaftServer,group=group-DA9443A4D957,id=111edd97-ea51-41ea-a74c-30103f3be193
2019-09-12 11:52:40,776 [RatisPipelineUtilsThread] INFO  pipeline.PipelineStateManager (PipelineStateManager.java:addPipeline(56)) - Created pipeline Pipeline[ Id: 75acc997-9fbc-4bad-af2c-da9443a4d957, Nodes: 111edd97-ea51-41ea-a74c-30103f3be193{ip: 192.168.36.114, host: pr-hdds-1569-58hkm-1881083799, networkLocation: /default-rack, certSerialId: null}, Type:RATIS, Factor:ONE, State:OPEN]
2019-09-12 11:52:40,792 [grpc-default-executor-0] INFO  impl.RaftServerProxy (RaftServerProxy.java:addNew(89)) - 111edd97-ea51-41ea-a74c-30103f3be193: addNew group-31B540CFC413:[111edd97-ea51-41ea-a74c-30103f3be193:192.168.36.114:45736] returns group-31B540CFC413:java.util.concurrent.CompletableFuture@2e96a884[Not completed]
2019-09-12 11:52:40,794 [pool-38-thread-1] INFO  impl.RaftServerImpl (RaftServerImpl.java:<init>(93)) - 111edd97-ea51-41ea-a74c-30103f3be193: new RaftServerImpl for group-31B540CFC413:[111edd97-ea51-41ea-a74c-30103f3be193:192.168.36.114:45736] with ContainerStateMachine:uninitialized
2019-09-12 11:52:40,795 [pool-38-thread-1] INFO  server.RaftServerConfigKeys (ConfUtils.java:logGet(43)) - raft.server.rpc.timeout.min = 5s (custom)
2019-09-12 11:52:40,795 [pool-38-thread-1] INFO  server.RaftServerConfigKeys (ConfUtils.java:logGet(43)) - raft.server.rpc.timeout.max = 5200ms (custom)
2019-09-12 11:52:40,795 [pool-38-thread-1] INFO  server.RaftServerConfigKeys (ConfUtils.java:logGet(43)) - raft.server.rpcslowness.timeout = 120s (custom)
2019-09-12 11:52:40,795 [pool-38-thread-1] INFO  server.RaftServerConfigKeys (ConfUtils.java:logGet(43)) - raft.server.sleep.deviation.threshold = 300 (default)
2019-09-12 11:52:40,795 [pool-38-thread-1] INFO  server.RaftServerConfigKeys (ConfUtils.java:logGet(43)) - raft.server.log.appender.install.snapshot.enabled = false (custom)
2019-09-12 11:52:40,795 [pool-38-thread-1] INFO  impl.RaftServerImpl (ServerState.java:<init>(105)) - 111edd97-ea51-41ea-a74c-30103f3be193:group-31B540CFC413 ConfigurationManager, init=-1: [111edd97-ea51-41ea-a74c-30103f3be193:192.168.36.114:45736], old=null, confs=<EMPTY_MAP>
2019-09-12 11:52:40,796 [pool-38-thread-1] INFO  server.RaftServerConfigKeys (ConfUtils.java:logGet(43)) - raft.server.storage.dir = [/workdir/hadoop-ozone/tools/target/test-dir/MiniOzoneClusterImpl-b7a5d7f5-b39f-413b-a414-789b31b847f8/datanode-1/data/ratis] (custom)
2019-09-12 11:52:40,796 [pool-38-thread-1] INFO  storage.RaftStorageDirectory (RaftStorageDirectory.java:analyzeStorage(246)) - The storage directory /workdir/hadoop-ozone/tools/target/test-dir/MiniOzoneClusterImpl-b7a5d7f5-b39f-413b-a414-789b31b847f8/datanode-1/data/ratis/d065195c-505d-4043-9f85-31b540cfc413 does not exist. Creating ...
2019-09-12 11:52:40,809 [pool-38-thread-1] INFO  storage.RaftStorageDirectory (RaftStorageDirectory.java:tryLock(328)) - Lock on /workdir/hadoop-ozone/tools/target/test-dir/MiniOzoneClusterImpl-b7a5d7f5-b39f-413b-a414-789b31b847f8/datanode-1/data/ratis/d065195c-505d-4043-9f85-31b540cfc413/in_use.lock acquired by nodename 22770@pr-hdds-1569-58hkm-1881083799
2019-09-12 11:52:40,822 [pool-38-thread-1] INFO  storage.RaftStorage (RaftStorage.java:format(72)) - Storage directory /workdir/hadoop-ozone/tools/target/test-dir/MiniOzoneClusterImpl-b7a5d7f5-b39f-413b-a414-789b31b847f8/datanode-1/data/ratis/d065195c-505d-4043-9f85-31b540cfc413 has been successfully formatted.
2019-09-12 11:52:40,822 [pool-38-thread-1] INFO  ratis.ContainerStateMachine (ContainerStateMachine.java:loadSnapshot(226)) - group-31B540CFC413: The snapshot info is null. Setting the last applied indexto:(t:0, i:~)
2019-09-12 11:52:40,823 [pool-38-thread-1] INFO  server.RaftServerConfigKeys (ConfUtils.java:logGet(43)) - raft.server.leader.election.timeout = 120s (custom)
2019-09-12 11:52:40,823 [pool-38-thread-1] INFO  server.RaftServerConfigKeys (ConfUtils.java:logGet(43)) - raft.server.log.use.memory = false (default)
2019-09-12 11:52:40,823 [pool-38-thread-1] INFO  server.RaftServerConfigKeys (ConfUtils.java:logGet(43)) - raft.server.log.purge.gap = 1000000 (custom)
2019-09-12 11:52:40,823 [pool-38-thread-1] INFO  server.RaftServerConfigKeys (ConfUtils.java:logGet(43)) - raft.server.log.appender.buffer.byte-limit = 33554432 (custom)
2019-09-12 11:52:40,823 [pool-38-thread-1] INFO  server.RaftServerConfigKeys (ConfUtils.java:logGet(43)) - raft.server.log.segment.size.max = 1048576 (custom)
2019-09-12 11:52:40,824 [pool-38-thread-1] INFO  server.RaftServerConfigKeys (ConfUtils.java:logGet(43)) - raft.server.log.segment.cache.num.max = 2 (custom)
2019-09-12 11:52:40,824 [pool-38-thread-1] INFO  segmented.SegmentedRaftLogWorker (SegmentedRaftLogWorker.java:<init>(172)) - new 111edd97-ea51-41ea-a74c-30103f3be193-SegmentedRaftLogWorker:Storage Directory /workdir/hadoop-ozone/tools/target/test-dir/MiniOzoneClusterImpl-b7a5d7f5-b39f-413b-a414-789b31b847f8/datanode-1/data/ratis/d065195c-505d-4043-9f85-31b540cfc413 for RaftStorage:Storage Directory /workdir/hadoop-ozone/tools/target/test-dir/MiniOzoneClusterImpl-b7a5d7f5-b39f-413b-a414-789b31b847f8/datanode-1/data/ratis/d065195c-505d-4043-9f85-31b540cfc413
2019-09-12 11:52:40,824 [pool-38-thread-1] INFO  server.RaftServerConfigKeys (ConfUtils.java:logGet(43)) - raft.server.log.queue.byte-limit = 2147483647 (custom)
2019-09-12 11:52:40,824 [pool-38-thread-1] INFO  server.RaftServerConfigKeys (ConfUtils.java:logGet(43)) - raft.server.log.queue.element-limit = 1024 (custom)
2019-09-12 11:52:40,824 [pool-38-thread-1] INFO  server.RaftServerConfigKeys (ConfUtils.java:logGet(43)) - raft.server.log.segment.size.max = 1048576 (custom)
2019-09-12 11:52:40,825 [pool-38-thread-1] INFO  server.RaftServerConfigKeys (ConfUtils.java:logGet(43)) - raft.server.log.preallocated.size = 16384 (custom)
2019-09-12 11:52:40,825 [pool-38-thread-1] INFO  server.RaftServerConfigKeys (ConfUtils.java:logGet(43)) - raft.server.log.write.buffer.size = 33554432 (custom)
2019-09-12 11:52:40,825 [pool-38-thread-1] INFO  server.RaftServerConfigKeys (ConfUtils.java:logGet(43)) - raft.server.log.force.sync.num = 128 (default)
2019-09-12 11:52:40,825 [pool-38-thread-1] INFO  server.RaftServerConfigKeys (ConfUtils.java:logGet(43)) - raft.server.log.statemachine.data.sync = true (default)
2019-09-12 11:52:40,825 [pool-38-thread-1] INFO  server.RaftServerConfigKeys (ConfUtils.java:logGet(43)) - raft.server.log.statemachine.data.sync.timeout = 10s (default)
2019-09-12 11:52:40,826 [pool-38-thread-1] INFO  server.RaftServerConfigKeys (ConfUtils.java:logGet(43)) - raft.server.log.statemachine.data.sync.timeout.retry = -1 (default)
2019-09-12 11:52:40,826 [pool-38-thread-1] INFO  server.RaftServerConfigKeys (ConfUtils.java:logGet(43)) - raft.server.log.statemachine.data.caching.enabled = true (custom)
2019-09-12 11:52:40,826 [pool-38-thread-1] INFO  segmented.SegmentedRaftLogWorker (SegmentedRaftLogWorker.java:lambda$new$0(132)) - 111edd97-ea51-41ea-a74c-30103f3be193-SegmentedRaftLogWorker:Storage Directory /workdir/hadoop-ozone/tools/target/test-dir/MiniOzoneClusterImpl-b7a5d7f5-b39f-413b-a414-789b31b847f8/datanode-1/data/ratis/d065195c-505d-4043-9f85-31b540cfc413: flushIndex: setUnconditionally 0 -> -1
2019-09-12 11:52:40,827 [pool-38-thread-1] INFO  server.RaftServerConfigKeys (ConfUtils.java:logGet(43)) - raft.server.snapshot.auto.trigger.enabled = true (custom)
2019-09-12 11:52:40,827 [pool-38-thread-1] INFO  server.RaftServerConfigKeys (ConfUtils.java:logGet(43)) - raft.server.snapshot.auto.trigger.threshold = 10000 (custom)
2019-09-12 11:52:40,827 [pool-38-thread-1] INFO  server.RaftServerConfigKeys (ConfUtils.java:logGet(43)) - raft.server.retrycache.expirytime = 600000ms (custom)
2019-09-12 11:52:40,828 [pool-38-thread-1] INFO  impl.RaftServerImpl (RaftServerImpl.java:start(180)) - 111edd97-ea51-41ea-a74c-30103f3be193: start group-31B540CFC413
2019-09-12 11:52:40,828 [pool-38-thread-1] INFO  impl.RaftServerImpl (RaftServerImpl.java:setRole(171)) - 111edd97-ea51-41ea-a74c-30103f3be193:group-31B540CFC413 changes role from null to FOLLOWER at term 0 for startAsFollower
2019-09-12 11:52:40,828 [pool-38-thread-1] INFO  impl.RoleInfo (RoleInfo.java:updateAndGet(143)) - 111edd97-ea51-41ea-a74c-30103f3be193: start FollowerState
2019-09-12 11:52:40,829 [pool-38-thread-1] INFO  util.JmxRegister (JmxRegister.java:tryRegister(44)) - Successfully registered JMX Bean with object name Ratis:service=RaftServer,group=group-31B540CFC413,id=111edd97-ea51-41ea-a74c-30103f3be193
2019-09-12 11:52:40,839 [RatisPipelineUtilsThread] INFO  pipeline.PipelineStateManager (PipelineStateManager.java:addPipeline(56)) - Created pipeline Pipeline[ Id: d065195c-505d-4043-9f85-31b540cfc413, Nodes: 111edd97-ea51-41ea-a74c-30103f3be193{ip: 192.168.36.114, host: pr-hdds-1569-58hkm-1881083799, networkLocation: /default-rack, certSerialId: null}, Type:RATIS, Factor:ONE, State:OPEN]
2019-09-12 11:52:40,861 [grpc-default-executor-0] INFO  impl.RaftServerProxy (RaftServerProxy.java:addNew(89)) - 1972eedd-a35b-49f1-a8bd-2e8474cbe90f: addNew group-C5906BEB4579:[1972eedd-a35b-49f1-a8bd-2e8474cbe90f:192.168.36.114:40263] returns group-C5906BEB4579:java.util.concurrent.CompletableFuture@6225a813[Not completed]
2019-09-12 11:52:40,863 [pool-27-thread-1] INFO  impl.RaftServerImpl (RaftServerImpl.java:<init>(93)) - 1972eedd-a35b-49f1-a8bd-2e8474cbe90f: new RaftServerImpl for group-C5906BEB4579:[1972eedd-a35b-49f1-a8bd-2e8474cbe90f:192.168.36.114:40263] with ContainerStateMachine:uninitialized
2019-09-12 11:52:40,863 [pool-27-thread-1] INFO  server.RaftServerConfigKeys (ConfUtils.java:logGet(43)) - raft.server.rpc.timeout.min = 5s (custom)
2019-09-12 11:52:40,863 [pool-27-thread-1] INFO  server.RaftServerConfigKeys (ConfUtils.java:logGet(43)) - raft.server.rpc.timeout.max = 5200ms (custom)
2019-09-12 11:52:40,864 [pool-27-thread-1] INFO  server.RaftServerConfigKeys (ConfUtils.java:logGet(43)) - raft.server.rpcslowness.timeout = 120s (custom)
2019-09-12 11:52:40,864 [pool-27-thread-1] INFO  server.RaftServerConfigKeys (ConfUtils.java:logGet(43)) - raft.server.sleep.deviation.threshold = 300 (default)
2019-09-12 11:52:40,864 [pool-27-thread-1] INFO  server.RaftServerConfigKeys (ConfUtils.java:logGet(43)) - raft.server.log.appender.install.snapshot.enabled = false (custom)
2019-09-12 11:52:40,864 [pool-27-thread-1] INFO  impl.RaftServerImpl (ServerState.java:<init>(105)) - 1972eedd-a35b-49f1-a8bd-2e8474cbe90f:group-C5906BEB4579 ConfigurationManager, init=-1: [1972eedd-a35b-49f1-a8bd-2e8474cbe90f:192.168.36.114:40263], old=null, confs=<EMPTY_MAP>
2019-09-12 11:52:40,864 [pool-27-thread-1] INFO  server.RaftServerConfigKeys (ConfUtils.java:logGet(43)) - raft.server.storage.dir = [/workdir/hadoop-ozone/tools/target/test-dir/MiniOzoneClusterImpl-b7a5d7f5-b39f-413b-a414-789b31b847f8/datanode-0/data/ratis] (custom)
2019-09-12 11:52:40,865 [pool-27-thread-1] INFO  storage.RaftStorageDirectory (RaftStorageDirectory.java:analyzeStorage(246)) - The storage directory /workdir/hadoop-ozone/tools/target/test-dir/MiniOzoneClusterImpl-b7a5d7f5-b39f-413b-a414-789b31b847f8/datanode-0/data/ratis/dccb39c7-7353-42ad-826e-c5906beb4579 does not exist. Creating ...
2019-09-12 11:52:40,878 [pool-27-thread-1] INFO  storage.RaftStorageDirectory (RaftStorageDirectory.java:tryLock(328)) - Lock on /workdir/hadoop-ozone/tools/target/test-dir/MiniOzoneClusterImpl-b7a5d7f5-b39f-413b-a414-789b31b847f8/datanode-0/data/ratis/dccb39c7-7353-42ad-826e-c5906beb4579/in_use.lock acquired by nodename 22770@pr-hdds-1569-58hkm-1881083799
2019-09-12 11:52:40,892 [pool-27-thread-1] INFO  storage.RaftStorage (RaftStorage.java:format(72)) - Storage directory /workdir/hadoop-ozone/tools/target/test-dir/MiniOzoneClusterImpl-b7a5d7f5-b39f-413b-a414-789b31b847f8/datanode-0/data/ratis/dccb39c7-7353-42ad-826e-c5906beb4579 has been successfully formatted.
2019-09-12 11:52:40,892 [pool-27-thread-1] INFO  ratis.ContainerStateMachine (ContainerStateMachine.java:loadSnapshot(226)) - group-C5906BEB4579: The snapshot info is null. Setting the last applied indexto:(t:0, i:~)
2019-09-12 11:52:40,892 [pool-27-thread-1] INFO  server.RaftServerConfigKeys (ConfUtils.java:logGet(43)) - raft.server.leader.election.timeout = 120s (custom)
2019-09-12 11:52:40,892 [pool-27-thread-1] INFO  server.RaftServerConfigKeys (ConfUtils.java:logGet(43)) - raft.server.log.use.memory = false (default)
2019-09-12 11:52:40,893 [pool-27-thread-1] INFO  server.RaftServerConfigKeys (ConfUtils.java:logGet(43)) - raft.server.log.purge.gap = 1000000 (custom)
2019-09-12 11:52:40,893 [pool-27-thread-1] INFO  server.RaftServerConfigKeys (ConfUtils.java:logGet(43)) - raft.server.log.appender.buffer.byte-limit = 33554432 (custom)
2019-09-12 11:52:40,893 [pool-27-thread-1] INFO  server.RaftServerConfigKeys (ConfUtils.java:logGet(43)) - raft.server.log.segment.size.max = 1048576 (custom)
2019-09-12 11:52:40,893 [pool-27-thread-1] INFO  server.RaftServerConfigKeys (ConfUtils.java:logGet(43)) - raft.server.log.segment.cache.num.max = 2 (custom)
2019-09-12 11:52:40,893 [pool-27-thread-1] INFO  segmented.SegmentedRaftLogWorker (SegmentedRaftLogWorker.java:<init>(172)) - new 1972eedd-a35b-49f1-a8bd-2e8474cbe90f-SegmentedRaftLogWorker:Storage Directory /workdir/hadoop-ozone/tools/target/test-dir/MiniOzoneClusterImpl-b7a5d7f5-b39f-413b-a414-789b31b847f8/datanode-0/data/ratis/dccb39c7-7353-42ad-826e-c5906beb4579 for RaftStorage:Storage Directory /workdir/hadoop-ozone/tools/target/test-dir/MiniOzoneClusterImpl-b7a5d7f5-b39f-413b-a414-789b31b847f8/datanode-0/data/ratis/dccb39c7-7353-42ad-826e-c5906beb4579
2019-09-12 11:52:40,893 [pool-27-thread-1] INFO  server.RaftServerConfigKeys (ConfUtils.java:logGet(43)) - raft.server.log.queue.byte-limit = 2147483647 (custom)
2019-09-12 11:52:40,894 [pool-27-thread-1] INFO  server.RaftServerConfigKeys (ConfUtils.java:logGet(43)) - raft.server.log.queue.element-limit = 1024 (custom)
2019-09-12 11:52:40,894 [pool-27-thread-1] INFO  server.RaftServerConfigKeys (ConfUtils.java:logGet(43)) - raft.server.log.segment.size.max = 1048576 (custom)
2019-09-12 11:52:40,894 [pool-27-thread-1] INFO  server.RaftServerConfigKeys (ConfUtils.java:logGet(43)) - raft.server.log.preallocated.size = 16384 (custom)
2019-09-12 11:52:40,894 [pool-27-thread-1] INFO  server.RaftServerConfigKeys (ConfUtils.java:logGet(43)) - raft.server.log.write.buffer.size = 33554432 (custom)
2019-09-12 11:52:40,894 [pool-27-thread-1] INFO  server.RaftServerConfigKeys (ConfUtils.java:logGet(43)) - raft.server.log.force.sync.num = 128 (default)
2019-09-12 11:52:40,894 [pool-27-thread-1] INFO  server.RaftServerConfigKeys (ConfUtils.java:logGet(43)) - raft.server.log.statemachine.data.sync = true (default)
2019-09-12 11:52:40,895 [pool-27-thread-1] INFO  server.RaftServerConfigKeys (ConfUtils.java:logGet(43)) - raft.server.log.statemachine.data.sync.timeout = 10s (default)
2019-09-12 11:52:40,895 [pool-27-thread-1] INFO  server.RaftServerConfigKeys (ConfUtils.java:logGet(43)) - raft.server.log.statemachine.data.sync.timeout.retry = -1 (default)
2019-09-12 11:52:40,895 [pool-27-thread-1] INFO  server.RaftServerConfigKeys (ConfUtils.java:logGet(43)) - raft.server.log.statemachine.data.caching.enabled = true (custom)
2019-09-12 11:52:40,896 [pool-27-thread-1] INFO  segmented.SegmentedRaftLogWorker (SegmentedRaftLogWorker.java:lambda$new$0(132)) - 1972eedd-a35b-49f1-a8bd-2e8474cbe90f-SegmentedRaftLogWorker:Storage Directory /workdir/hadoop-ozone/tools/target/test-dir/MiniOzoneClusterImpl-b7a5d7f5-b39f-413b-a414-789b31b847f8/datanode-0/data/ratis/dccb39c7-7353-42ad-826e-c5906beb4579: flushIndex: setUnconditionally 0 -> -1
2019-09-12 11:52:40,896 [pool-27-thread-1] INFO  server.RaftServerConfigKeys (ConfUtils.java:logGet(43)) - raft.server.snapshot.auto.trigger.enabled = true (custom)
2019-09-12 11:52:40,896 [pool-27-thread-1] INFO  server.RaftServerConfigKeys (ConfUtils.java:logGet(43)) - raft.server.snapshot.auto.trigger.threshold = 10000 (custom)
2019-09-12 11:52:40,896 [pool-27-thread-1] INFO  server.RaftServerConfigKeys (ConfUtils.java:logGet(43)) - raft.server.retrycache.expirytime = 600000ms (custom)
2019-09-12 11:52:40,897 [pool-27-thread-1] INFO  impl.RaftServerImpl (RaftServerImpl.java:start(180)) - 1972eedd-a35b-49f1-a8bd-2e8474cbe90f: start group-C5906BEB4579
2019-09-12 11:52:40,897 [pool-27-thread-1] INFO  impl.RaftServerImpl (RaftServerImpl.java:setRole(171)) - 1972eedd-a35b-49f1-a8bd-2e8474cbe90f:group-C5906BEB4579 changes role from null to FOLLOWER at term 0 for startAsFollower
2019-09-12 11:52:40,897 [pool-27-thread-1] INFO  impl.RoleInfo (RoleInfo.java:updateAndGet(143)) - 1972eedd-a35b-49f1-a8bd-2e8474cbe90f: start FollowerState
2019-09-12 11:52:40,897 [pool-27-thread-1] INFO  util.JmxRegister (JmxRegister.java:tryRegister(44)) - Successfully registered JMX Bean with object name Ratis:service=RaftServer,group=group-C5906BEB4579,id=1972eedd-a35b-49f1-a8bd-2e8474cbe90f
2019-09-12 11:52:40,909 [RatisPipelineUtilsThread] INFO  pipeline.PipelineStateManager (PipelineStateManager.java:addPipeline(56)) - Created pipeline Pipeline[ Id: dccb39c7-7353-42ad-826e-c5906beb4579, Nodes: 1972eedd-a35b-49f1-a8bd-2e8474cbe90f{ip: 192.168.36.114, host: pr-hdds-1569-58hkm-1881083799, networkLocation: /default-rack, certSerialId: null}, Type:RATIS, Factor:ONE, State:OPEN]
2019-09-12 11:52:40,922 [grpc-default-executor-0] INFO  impl.RaftServerProxy (RaftServerProxy.java:addNew(89)) - c6bd64fc-18cd-443d-877c-c0f9224bafd0: addNew group-CE1C9697266B:[c6bd64fc-18cd-443d-877c-c0f9224bafd0:192.168.36.114:39747] returns group-CE1C9697266B:java.util.concurrent.CompletableFuture@6654450f[Not completed]
2019-09-12 11:52:40,924 [pool-49-thread-1] INFO  impl.RaftServerImpl (RaftServerImpl.java:<init>(93)) - c6bd64fc-18cd-443d-877c-c0f9224bafd0: new RaftServerImpl for group-CE1C9697266B:[c6bd64fc-18cd-443d-877c-c0f9224bafd0:192.168.36.114:39747] with ContainerStateMachine:uninitialized
2019-09-12 11:52:40,924 [pool-49-thread-1] INFO  server.RaftServerConfigKeys (ConfUtils.java:logGet(43)) - raft.server.rpc.timeout.min = 5s (custom)
2019-09-12 11:52:40,924 [pool-49-thread-1] INFO  server.RaftServerConfigKeys (ConfUtils.java:logGet(43)) - raft.server.rpc.timeout.max = 5200ms (custom)
2019-09-12 11:52:40,925 [pool-49-thread-1] INFO  server.RaftServerConfigKeys (ConfUtils.java:logGet(43)) - raft.server.rpcslowness.timeout = 120s (custom)
2019-09-12 11:52:40,925 [pool-49-thread-1] INFO  server.RaftServerConfigKeys (ConfUtils.java:logGet(43)) - raft.server.sleep.deviation.threshold = 300 (default)
2019-09-12 11:52:40,925 [pool-49-thread-1] INFO  server.RaftServerConfigKeys (ConfUtils.java:logGet(43)) - raft.server.log.appender.install.snapshot.enabled = false (custom)
2019-09-12 11:52:40,925 [pool-49-thread-1] INFO  impl.RaftServerImpl (ServerState.java:<init>(105)) - c6bd64fc-18cd-443d-877c-c0f9224bafd0:group-CE1C9697266B ConfigurationManager, init=-1: [c6bd64fc-18cd-443d-877c-c0f9224bafd0:192.168.36.114:39747], old=null, confs=<EMPTY_MAP>
2019-09-12 11:52:40,925 [pool-49-thread-1] INFO  server.RaftServerConfigKeys (ConfUtils.java:logGet(43)) - raft.server.storage.dir = [/workdir/hadoop-ozone/tools/target/test-dir/MiniOzoneClusterImpl-b7a5d7f5-b39f-413b-a414-789b31b847f8/datanode-2/data/ratis] (custom)
2019-09-12 11:52:40,926 [pool-49-thread-1] INFO  storage.RaftStorageDirectory (RaftStorageDirectory.java:analyzeStorage(246)) - The storage directory /workdir/hadoop-ozone/tools/target/test-dir/MiniOzoneClusterImpl-b7a5d7f5-b39f-413b-a414-789b31b847f8/datanode-2/data/ratis/c3ca2b00-59f5-4246-b70f-ce1c9697266b does not exist. Creating ...
2019-09-12 11:52:40,938 [pool-49-thread-1] INFO  storage.RaftStorageDirectory (RaftStorageDirectory.java:tryLock(328)) - Lock on /workdir/hadoop-ozone/tools/target/test-dir/MiniOzoneClusterImpl-b7a5d7f5-b39f-413b-a414-789b31b847f8/datanode-2/data/ratis/c3ca2b00-59f5-4246-b70f-ce1c9697266b/in_use.lock acquired by nodename 22770@pr-hdds-1569-58hkm-1881083799
2019-09-12 11:52:40,952 [pool-49-thread-1] INFO  storage.RaftStorage (RaftStorage.java:format(72)) - Storage directory /workdir/hadoop-ozone/tools/target/test-dir/MiniOzoneClusterImpl-b7a5d7f5-b39f-413b-a414-789b31b847f8/datanode-2/data/ratis/c3ca2b00-59f5-4246-b70f-ce1c9697266b has been successfully formatted.
2019-09-12 11:52:40,952 [pool-49-thread-1] INFO  ratis.ContainerStateMachine (ContainerStateMachine.java:loadSnapshot(226)) - group-CE1C9697266B: The snapshot info is null. Setting the last applied indexto:(t:0, i:~)
2019-09-12 11:52:40,952 [pool-49-thread-1] INFO  server.RaftServerConfigKeys (ConfUtils.java:logGet(43)) - raft.server.leader.election.timeout = 120s (custom)
2019-09-12 11:52:40,953 [pool-49-thread-1] INFO  server.RaftServerConfigKeys (ConfUtils.java:logGet(43)) - raft.server.log.use.memory = false (default)
2019-09-12 11:52:40,953 [pool-49-thread-1] INFO  server.RaftServerConfigKeys (ConfUtils.java:logGet(43)) - raft.server.log.purge.gap = 1000000 (custom)
2019-09-12 11:52:40,953 [pool-49-thread-1] INFO  server.RaftServerConfigKeys (ConfUtils.java:logGet(43)) - raft.server.log.appender.buffer.byte-limit = 33554432 (custom)
2019-09-12 11:52:40,953 [pool-49-thread-1] INFO  server.RaftServerConfigKeys (ConfUtils.java:logGet(43)) - raft.server.log.segment.size.max = 1048576 (custom)
2019-09-12 11:52:40,954 [pool-49-thread-1] INFO  server.RaftServerConfigKeys (ConfUtils.java:logGet(43)) - raft.server.log.segment.cache.num.max = 2 (custom)
2019-09-12 11:52:40,954 [pool-49-thread-1] INFO  segmented.SegmentedRaftLogWorker (SegmentedRaftLogWorker.java:<init>(172)) - new c6bd64fc-18cd-443d-877c-c0f9224bafd0-SegmentedRaftLogWorker:Storage Directory /workdir/hadoop-ozone/tools/target/test-dir/MiniOzoneClusterImpl-b7a5d7f5-b39f-413b-a414-789b31b847f8/datanode-2/data/ratis/c3ca2b00-59f5-4246-b70f-ce1c9697266b for RaftStorage:Storage Directory /workdir/hadoop-ozone/tools/target/test-dir/MiniOzoneClusterImpl-b7a5d7f5-b39f-413b-a414-789b31b847f8/datanode-2/data/ratis/c3ca2b00-59f5-4246-b70f-ce1c9697266b
2019-09-12 11:52:40,954 [pool-49-thread-1] INFO  server.RaftServerConfigKeys (ConfUtils.java:logGet(43)) - raft.server.log.queue.byte-limit = 2147483647 (custom)
2019-09-12 11:52:40,954 [pool-49-thread-1] INFO  server.RaftServerConfigKeys (ConfUtils.java:logGet(43)) - raft.server.log.queue.element-limit = 1024 (custom)
2019-09-12 11:52:40,954 [pool-49-thread-1] INFO  server.RaftServerConfigKeys (ConfUtils.java:logGet(43)) - raft.server.log.segment.size.max = 1048576 (custom)
2019-09-12 11:52:40,955 [pool-49-thread-1] INFO  server.RaftServerConfigKeys (ConfUtils.java:logGet(43)) - raft.server.log.preallocated.size = 16384 (custom)
2019-09-12 11:52:40,955 [pool-49-thread-1] INFO  server.RaftServerConfigKeys (ConfUtils.java:logGet(43)) - raft.server.log.write.buffer.size = 33554432 (custom)
2019-09-12 11:52:40,955 [pool-49-thread-1] INFO  server.RaftServerConfigKeys (ConfUtils.java:logGet(43)) - raft.server.log.force.sync.num = 128 (default)
2019-09-12 11:52:40,956 [pool-49-thread-1] INFO  server.RaftServerConfigKeys (ConfUtils.java:logGet(43)) - raft.server.log.statemachine.data.sync = true (default)
2019-09-12 11:52:40,956 [pool-49-thread-1] INFO  server.RaftServerConfigKeys (ConfUtils.java:logGet(43)) - raft.server.log.statemachine.data.sync.timeout = 10s (default)
2019-09-12 11:52:40,956 [pool-49-thread-1] INFO  server.RaftServerConfigKeys (ConfUtils.java:logGet(43)) - raft.server.log.statemachine.data.sync.timeout.retry = -1 (default)
2019-09-12 11:52:40,956 [pool-49-thread-1] INFO  server.RaftServerConfigKeys (ConfUtils.java:logGet(43)) - raft.server.log.statemachine.data.caching.enabled = true (custom)
2019-09-12 11:52:40,957 [pool-49-thread-1] INFO  segmented.SegmentedRaftLogWorker (SegmentedRaftLogWorker.java:lambda$new$0(132)) - c6bd64fc-18cd-443d-877c-c0f9224bafd0-SegmentedRaftLogWorker:Storage Directory /workdir/hadoop-ozone/tools/target/test-dir/MiniOzoneClusterImpl-b7a5d7f5-b39f-413b-a414-789b31b847f8/datanode-2/data/ratis/c3ca2b00-59f5-4246-b70f-ce1c9697266b: flushIndex: setUnconditionally 0 -> -1
2019-09-12 11:52:40,957 [pool-49-thread-1] INFO  server.RaftServerConfigKeys (ConfUtils.java:logGet(43)) - raft.server.snapshot.auto.trigger.enabled = true (custom)
2019-09-12 11:52:40,957 [pool-49-thread-1] INFO  server.RaftServerConfigKeys (ConfUtils.java:logGet(43)) - raft.server.snapshot.auto.trigger.threshold = 10000 (custom)
2019-09-12 11:52:40,958 [pool-49-thread-1] INFO  server.RaftServerConfigKeys (ConfUtils.java:logGet(43)) - raft.server.retrycache.expirytime = 600000ms (custom)
2019-09-12 11:52:40,958 [pool-49-thread-1] INFO  impl.RaftServerImpl (RaftServerImpl.java:start(180)) - c6bd64fc-18cd-443d-877c-c0f9224bafd0: start group-CE1C9697266B
2019-09-12 11:52:40,958 [pool-49-thread-1] INFO  impl.RaftServerImpl (RaftServerImpl.java:setRole(171)) - c6bd64fc-18cd-443d-877c-c0f9224bafd0:group-CE1C9697266B changes role from null to FOLLOWER at term 0 for startAsFollower
2019-09-12 11:52:40,958 [pool-49-thread-1] INFO  impl.RoleInfo (RoleInfo.java:updateAndGet(143)) - c6bd64fc-18cd-443d-877c-c0f9224bafd0: start FollowerState
2019-09-12 11:52:40,959 [pool-49-thread-1] INFO  util.JmxRegister (JmxRegister.java:tryRegister(44)) - Successfully registered JMX Bean with object name Ratis:service=RaftServer,group=group-CE1C9697266B,id=c6bd64fc-18cd-443d-877c-c0f9224bafd0
2019-09-12 11:52:40,968 [RatisPipelineUtilsThread] INFO  pipeline.PipelineStateManager (PipelineStateManager.java:addPipeline(56)) - Created pipeline Pipeline[ Id: c3ca2b00-59f5-4246-b70f-ce1c9697266b, Nodes: c6bd64fc-18cd-443d-877c-c0f9224bafd0{ip: 192.168.36.114, host: pr-hdds-1569-58hkm-1881083799, networkLocation: /default-rack, certSerialId: null}, Type:RATIS, Factor:ONE, State:OPEN]
2019-09-12 11:52:40,981 [grpc-default-executor-0] INFO  impl.RaftServerProxy (RaftServerProxy.java:addNew(89)) - 111edd97-ea51-41ea-a74c-30103f3be193: addNew group-DD4A94BFF541:[111edd97-ea51-41ea-a74c-30103f3be193:192.168.36.114:45736] returns group-DD4A94BFF541:java.util.concurrent.CompletableFuture@44c21681[Not completed]
2019-09-12 11:52:40,982 [pool-38-thread-1] INFO  impl.RaftServerImpl (RaftServerImpl.java:<init>(93)) - 111edd97-ea51-41ea-a74c-30103f3be193: new RaftServerImpl for group-DD4A94BFF541:[111edd97-ea51-41ea-a74c-30103f3be193:192.168.36.114:45736] with ContainerStateMachine:uninitialized
2019-09-12 11:52:40,983 [pool-38-thread-1] INFO  server.RaftServerConfigKeys (ConfUtils.java:logGet(43)) - raft.server.rpc.timeout.min = 5s (custom)
2019-09-12 11:52:40,983 [pool-38-thread-1] INFO  server.RaftServerConfigKeys (ConfUtils.java:logGet(43)) - raft.server.rpc.timeout.max = 5200ms (custom)
2019-09-12 11:52:40,983 [pool-38-thread-1] INFO  server.RaftServerConfigKeys (ConfUtils.java:logGet(43)) - raft.server.rpcslowness.timeout = 120s (custom)
2019-09-12 11:52:40,983 [pool-38-thread-1] INFO  server.RaftServerConfigKeys (ConfUtils.java:logGet(43)) - raft.server.sleep.deviation.threshold = 300 (default)
2019-09-12 11:52:40,983 [pool-38-thread-1] INFO  server.RaftServerConfigKeys (ConfUtils.java:logGet(43)) - raft.server.log.appender.install.snapshot.enabled = false (custom)
2019-09-12 11:52:40,984 [pool-38-thread-1] INFO  impl.RaftServerImpl (ServerState.java:<init>(105)) - 111edd97-ea51-41ea-a74c-30103f3be193:group-DD4A94BFF541 ConfigurationManager, init=-1: [111edd97-ea51-41ea-a74c-30103f3be193:192.168.36.114:45736], old=null, confs=<EMPTY_MAP>
2019-09-12 11:52:40,984 [pool-38-thread-1] INFO  server.RaftServerConfigKeys (ConfUtils.java:logGet(43)) - raft.server.storage.dir = [/workdir/hadoop-ozone/tools/target/test-dir/MiniOzoneClusterImpl-b7a5d7f5-b39f-413b-a414-789b31b847f8/datanode-1/data/ratis] (custom)
2019-09-12 11:52:40,984 [pool-38-thread-1] INFO  storage.RaftStorageDirectory (RaftStorageDirectory.java:analyzeStorage(246)) - The storage directory /workdir/hadoop-ozone/tools/target/test-dir/MiniOzoneClusterImpl-b7a5d7f5-b39f-413b-a414-789b31b847f8/datanode-1/data/ratis/2e51e688-0e07-42e1-b366-dd4a94bff541 does not exist. Creating ...
2019-09-12 11:52:40,997 [pool-38-thread-1] INFO  storage.RaftStorageDirectory (RaftStorageDirectory.java:tryLock(328)) - Lock on /workdir/hadoop-ozone/tools/target/test-dir/MiniOzoneClusterImpl-b7a5d7f5-b39f-413b-a414-789b31b847f8/datanode-1/data/ratis/2e51e688-0e07-42e1-b366-dd4a94bff541/in_use.lock acquired by nodename 22770@pr-hdds-1569-58hkm-1881083799
2019-09-12 11:52:41,028 [pool-38-thread-1] INFO  storage.RaftStorage (RaftStorage.java:format(72)) - Storage directory /workdir/hadoop-ozone/tools/target/test-dir/MiniOzoneClusterImpl-b7a5d7f5-b39f-413b-a414-789b31b847f8/datanode-1/data/ratis/2e51e688-0e07-42e1-b366-dd4a94bff541 has been successfully formatted.
2019-09-12 11:52:41,029 [pool-38-thread-1] INFO  ratis.ContainerStateMachine (ContainerStateMachine.java:loadSnapshot(226)) - group-DD4A94BFF541: The snapshot info is null. Setting the last applied indexto:(t:0, i:~)
2019-09-12 11:52:41,029 [pool-38-thread-1] INFO  server.RaftServerConfigKeys (ConfUtils.java:logGet(43)) - raft.server.leader.election.timeout = 120s (custom)
2019-09-12 11:52:41,030 [pool-38-thread-1] INFO  server.RaftServerConfigKeys (ConfUtils.java:logGet(43)) - raft.server.log.use.memory = false (default)
2019-09-12 11:52:41,030 [pool-38-thread-1] INFO  server.RaftServerConfigKeys (ConfUtils.java:logGet(43)) - raft.server.log.purge.gap = 1000000 (custom)
2019-09-12 11:52:41,030 [pool-38-thread-1] INFO  server.RaftServerConfigKeys (ConfUtils.java:logGet(43)) - raft.server.log.appender.buffer.byte-limit = 33554432 (custom)
2019-09-12 11:52:41,030 [pool-38-thread-1] INFO  server.RaftServerConfigKeys (ConfUtils.java:logGet(43)) - raft.server.log.segment.size.max = 1048576 (custom)
2019-09-12 11:52:41,030 [pool-38-thread-1] INFO  server.RaftServerConfigKeys (ConfUtils.java:logGet(43)) - raft.server.log.segment.cache.num.max = 2 (custom)
2019-09-12 11:52:41,030 [pool-38-thread-1] INFO  segmented.SegmentedRaftLogWorker (SegmentedRaftLogWorker.java:<init>(172)) - new 111edd97-ea51-41ea-a74c-30103f3be193-SegmentedRaftLogWorker:Storage Directory /workdir/hadoop-ozone/tools/target/test-dir/MiniOzoneClusterImpl-b7a5d7f5-b39f-413b-a414-789b31b847f8/datanode-1/data/ratis/2e51e688-0e07-42e1-b366-dd4a94bff541 for RaftStorage:Storage Directory /workdir/hadoop-ozone/tools/target/test-dir/MiniOzoneClusterImpl-b7a5d7f5-b39f-413b-a414-789b31b847f8/datanode-1/data/ratis/2e51e688-0e07-42e1-b366-dd4a94bff541
2019-09-12 11:52:41,031 [pool-38-thread-1] INFO  server.RaftServerConfigKeys (ConfUtils.java:logGet(43)) - raft.server.log.queue.byte-limit = 2147483647 (custom)
2019-09-12 11:52:41,031 [pool-38-thread-1] INFO  server.RaftServerConfigKeys (ConfUtils.java:logGet(43)) - raft.server.log.queue.element-limit = 1024 (custom)
2019-09-12 11:52:41,031 [pool-38-thread-1] INFO  server.RaftServerConfigKeys (ConfUtils.java:logGet(43)) - raft.server.log.segment.size.max = 1048576 (custom)
2019-09-12 11:52:41,031 [pool-38-thread-1] INFO  server.RaftServerConfigKeys (ConfUtils.java:logGet(43)) - raft.server.log.preallocated.size = 16384 (custom)
2019-09-12 11:52:41,031 [pool-38-thread-1] INFO  server.RaftServerConfigKeys (ConfUtils.java:logGet(43)) - raft.server.log.write.buffer.size = 33554432 (custom)
2019-09-12 11:52:41,031 [pool-38-thread-1] INFO  server.RaftServerConfigKeys (ConfUtils.java:logGet(43)) - raft.server.log.force.sync.num = 128 (default)
2019-09-12 11:52:41,032 [pool-38-thread-1] INFO  server.RaftServerConfigKeys (ConfUtils.java:logGet(43)) - raft.server.log.statemachine.data.sync = true (default)
2019-09-12 11:52:41,032 [pool-38-thread-1] INFO  server.RaftServerConfigKeys (ConfUtils.java:logGet(43)) - raft.server.log.statemachine.data.sync.timeout = 10s (default)
2019-09-12 11:52:41,032 [pool-38-thread-1] INFO  server.RaftServerConfigKeys (ConfUtils.java:logGet(43)) - raft.server.log.statemachine.data.sync.timeout.retry = -1 (default)
2019-09-12 11:52:41,032 [pool-38-thread-1] INFO  server.RaftServerConfigKeys (ConfUtils.java:logGet(43)) - raft.server.log.statemachine.data.caching.enabled = true (custom)
2019-09-12 11:52:41,033 [pool-38-thread-1] INFO  segmented.SegmentedRaftLogWorker (SegmentedRaftLogWorker.java:lambda$new$0(132)) - 111edd97-ea51-41ea-a74c-30103f3be193-SegmentedRaftLogWorker:Storage Directory /workdir/hadoop-ozone/tools/target/test-dir/MiniOzoneClusterImpl-b7a5d7f5-b39f-413b-a414-789b31b847f8/datanode-1/data/ratis/2e51e688-0e07-42e1-b366-dd4a94bff541: flushIndex: setUnconditionally 0 -> -1
2019-09-12 11:52:41,033 [pool-38-thread-1] INFO  server.RaftServerConfigKeys (ConfUtils.java:logGet(43)) - raft.server.snapshot.auto.trigger.enabled = true (custom)
2019-09-12 11:52:41,033 [pool-38-thread-1] INFO  server.RaftServerConfigKeys (ConfUtils.java:logGet(43)) - raft.server.snapshot.auto.trigger.threshold = 10000 (custom)
2019-09-12 11:52:41,033 [pool-38-thread-1] INFO  server.RaftServerConfigKeys (ConfUtils.java:logGet(43)) - raft.server.retrycache.expirytime = 600000ms (custom)
2019-09-12 11:52:41,034 [pool-38-thread-1] INFO  impl.RaftServerImpl (RaftServerImpl.java:start(180)) - 111edd97-ea51-41ea-a74c-30103f3be193: start group-DD4A94BFF541
2019-09-12 11:52:41,034 [pool-38-thread-1] INFO  impl.RaftServerImpl (RaftServerImpl.java:setRole(171)) - 111edd97-ea51-41ea-a74c-30103f3be193:group-DD4A94BFF541 changes role from null to FOLLOWER at term 0 for startAsFollower
2019-09-12 11:52:41,034 [pool-38-thread-1] INFO  impl.RoleInfo (RoleInfo.java:updateAndGet(143)) - 111edd97-ea51-41ea-a74c-30103f3be193: start FollowerState
2019-09-12 11:52:41,034 [pool-38-thread-1] INFO  util.JmxRegister (JmxRegister.java:tryRegister(44)) - Successfully registered JMX Bean with object name Ratis:service=RaftServer,group=group-DD4A94BFF541,id=111edd97-ea51-41ea-a74c-30103f3be193
2019-09-12 11:52:41,044 [RatisPipelineUtilsThread] INFO  pipeline.PipelineStateManager (PipelineStateManager.java:addPipeline(56)) - Created pipeline Pipeline[ Id: 2e51e688-0e07-42e1-b366-dd4a94bff541, Nodes: 111edd97-ea51-41ea-a74c-30103f3be193{ip: 192.168.36.114, host: pr-hdds-1569-58hkm-1881083799, networkLocation: /default-rack, certSerialId: null}, Type:RATIS, Factor:ONE, State:OPEN]
2019-09-12 11:52:41,058 [grpc-default-executor-0] INFO  impl.RaftServerProxy (RaftServerProxy.java:addNew(89)) - 111edd97-ea51-41ea-a74c-30103f3be193: addNew group-0D0EB1A43DD8:[111edd97-ea51-41ea-a74c-30103f3be193:192.168.36.114:45736] returns group-0D0EB1A43DD8:java.util.concurrent.CompletableFuture@15774db2[Not completed]
2019-09-12 11:52:41,060 [pool-38-thread-1] INFO  impl.RaftServerImpl (RaftServerImpl.java:<init>(93)) - 111edd97-ea51-41ea-a74c-30103f3be193: new RaftServerImpl for group-0D0EB1A43DD8:[111edd97-ea51-41ea-a74c-30103f3be193:192.168.36.114:45736] with ContainerStateMachine:uninitialized
2019-09-12 11:52:41,060 [pool-38-thread-1] INFO  server.RaftServerConfigKeys (ConfUtils.java:logGet(43)) - raft.server.rpc.timeout.min = 5s (custom)
2019-09-12 11:52:41,060 [pool-38-thread-1] INFO  server.RaftServerConfigKeys (ConfUtils.java:logGet(43)) - raft.server.rpc.timeout.max = 5200ms (custom)
2019-09-12 11:52:41,060 [pool-38-thread-1] INFO  server.RaftServerConfigKeys (ConfUtils.java:logGet(43)) - raft.server.rpcslowness.timeout = 120s (custom)
2019-09-12 11:52:41,060 [pool-38-thread-1] INFO  server.RaftServerConfigKeys (ConfUtils.java:logGet(43)) - raft.server.sleep.deviation.threshold = 300 (default)
2019-09-12 11:52:41,060 [pool-38-thread-1] INFO  server.RaftServerConfigKeys (ConfUtils.java:logGet(43)) - raft.server.log.appender.install.snapshot.enabled = false (custom)
2019-09-12 11:52:41,061 [pool-38-thread-1] INFO  impl.RaftServerImpl (ServerState.java:<init>(105)) - 111edd97-ea51-41ea-a74c-30103f3be193:group-0D0EB1A43DD8 ConfigurationManager, init=-1: [111edd97-ea51-41ea-a74c-30103f3be193:192.168.36.114:45736], old=null, confs=<EMPTY_MAP>
2019-09-12 11:52:41,061 [pool-38-thread-1] INFO  server.RaftServerConfigKeys (ConfUtils.java:logGet(43)) - raft.server.storage.dir = [/workdir/hadoop-ozone/tools/target/test-dir/MiniOzoneClusterImpl-b7a5d7f5-b39f-413b-a414-789b31b847f8/datanode-1/data/ratis] (custom)
2019-09-12 11:52:41,061 [pool-38-thread-1] INFO  storage.RaftStorageDirectory (RaftStorageDirectory.java:analyzeStorage(246)) - The storage directory /workdir/hadoop-ozone/tools/target/test-dir/MiniOzoneClusterImpl-b7a5d7f5-b39f-413b-a414-789b31b847f8/datanode-1/data/ratis/586cb6bd-4ec0-4565-bd8d-0d0eb1a43dd8 does not exist. Creating ...
2019-09-12 11:52:41,074 [pool-38-thread-1] INFO  storage.RaftStorageDirectory (RaftStorageDirectory.java:tryLock(328)) - Lock on /workdir/hadoop-ozone/tools/target/test-dir/MiniOzoneClusterImpl-b7a5d7f5-b39f-413b-a414-789b31b847f8/datanode-1/data/ratis/586cb6bd-4ec0-4565-bd8d-0d0eb1a43dd8/in_use.lock acquired by nodename 22770@pr-hdds-1569-58hkm-1881083799
2019-09-12 11:52:41,088 [pool-38-thread-1] INFO  storage.RaftStorage (RaftStorage.java:format(72)) - Storage directory /workdir/hadoop-ozone/tools/target/test-dir/MiniOzoneClusterImpl-b7a5d7f5-b39f-413b-a414-789b31b847f8/datanode-1/data/ratis/586cb6bd-4ec0-4565-bd8d-0d0eb1a43dd8 has been successfully formatted.
2019-09-12 11:52:41,089 [pool-38-thread-1] INFO  ratis.ContainerStateMachine (ContainerStateMachine.java:loadSnapshot(226)) - group-0D0EB1A43DD8: The snapshot info is null. Setting the last applied indexto:(t:0, i:~)
2019-09-12 11:52:41,089 [pool-38-thread-1] INFO  server.RaftServerConfigKeys (ConfUtils.java:logGet(43)) - raft.server.leader.election.timeout = 120s (custom)
2019-09-12 11:52:41,089 [pool-38-thread-1] INFO  server.RaftServerConfigKeys (ConfUtils.java:logGet(43)) - raft.server.log.use.memory = false (default)
2019-09-12 11:52:41,090 [pool-38-thread-1] INFO  server.RaftServerConfigKeys (ConfUtils.java:logGet(43)) - raft.server.log.purge.gap = 1000000 (custom)
2019-09-12 11:52:41,090 [pool-38-thread-1] INFO  server.RaftServerConfigKeys (ConfUtils.java:logGet(43)) - raft.server.log.appender.buffer.byte-limit = 33554432 (custom)
2019-09-12 11:52:41,090 [pool-38-thread-1] INFO  server.RaftServerConfigKeys (ConfUtils.java:logGet(43)) - raft.server.log.segment.size.max = 1048576 (custom)
2019-09-12 11:52:41,090 [pool-38-thread-1] INFO  server.RaftServerConfigKeys (ConfUtils.java:logGet(43)) - raft.server.log.segment.cache.num.max = 2 (custom)
2019-09-12 11:52:41,090 [pool-38-thread-1] INFO  segmented.SegmentedRaftLogWorker (SegmentedRaftLogWorker.java:<init>(172)) - new 111edd97-ea51-41ea-a74c-30103f3be193-SegmentedRaftLogWorker:Storage Directory /workdir/hadoop-ozone/tools/target/test-dir/MiniOzoneClusterImpl-b7a5d7f5-b39f-413b-a414-789b31b847f8/datanode-1/data/ratis/586cb6bd-4ec0-4565-bd8d-0d0eb1a43dd8 for RaftStorage:Storage Directory /workdir/hadoop-ozone/tools/target/test-dir/MiniOzoneClusterImpl-b7a5d7f5-b39f-413b-a414-789b31b847f8/datanode-1/data/ratis/586cb6bd-4ec0-4565-bd8d-0d0eb1a43dd8
2019-09-12 11:52:41,090 [pool-38-thread-1] INFO  server.RaftServerConfigKeys (ConfUtils.java:logGet(43)) - raft.server.log.queue.byte-limit = 2147483647 (custom)
2019-09-12 11:52:41,091 [pool-38-thread-1] INFO  server.RaftServerConfigKeys (ConfUtils.java:logGet(43)) - raft.server.log.queue.element-limit = 1024 (custom)
2019-09-12 11:52:41,091 [pool-38-thread-1] INFO  server.RaftServerConfigKeys (ConfUtils.java:logGet(43)) - raft.server.log.segment.size.max = 1048576 (custom)
2019-09-12 11:52:41,091 [pool-38-thread-1] INFO  server.RaftServerConfigKeys (ConfUtils.java:logGet(43)) - raft.server.log.preallocated.size = 16384 (custom)
2019-09-12 11:52:41,091 [pool-38-thread-1] INFO  server.RaftServerConfigKeys (ConfUtils.java:logGet(43)) - raft.server.log.write.buffer.size = 33554432 (custom)
2019-09-12 11:52:41,091 [pool-38-thread-1] INFO  server.RaftServerConfigKeys (ConfUtils.java:logGet(43)) - raft.server.log.force.sync.num = 128 (default)
2019-09-12 11:52:41,091 [pool-38-thread-1] INFO  server.RaftServerConfigKeys (ConfUtils.java:logGet(43)) - raft.server.log.statemachine.data.sync = true (default)
2019-09-12 11:52:41,091 [pool-38-thread-1] INFO  server.RaftServerConfigKeys (ConfUtils.java:logGet(43)) - raft.server.log.statemachine.data.sync.timeout = 10s (default)
2019-09-12 11:52:41,092 [pool-38-thread-1] INFO  server.RaftServerConfigKeys (ConfUtils.java:logGet(43)) - raft.server.log.statemachine.data.sync.timeout.retry = -1 (default)
2019-09-12 11:52:41,092 [pool-38-thread-1] INFO  server.RaftServerConfigKeys (ConfUtils.java:logGet(43)) - raft.server.log.statemachine.data.caching.enabled = true (custom)
2019-09-12 11:52:41,092 [pool-38-thread-1] INFO  segmented.SegmentedRaftLogWorker (SegmentedRaftLogWorker.java:lambda$new$0(132)) - 111edd97-ea51-41ea-a74c-30103f3be193-SegmentedRaftLogWorker:Storage Directory /workdir/hadoop-ozone/tools/target/test-dir/MiniOzoneClusterImpl-b7a5d7f5-b39f-413b-a414-789b31b847f8/datanode-1/data/ratis/586cb6bd-4ec0-4565-bd8d-0d0eb1a43dd8: flushIndex: setUnconditionally 0 -> -1
2019-09-12 11:52:41,093 [pool-38-thread-1] INFO  server.RaftServerConfigKeys (ConfUtils.java:logGet(43)) - raft.server.snapshot.auto.trigger.enabled = true (custom)
2019-09-12 11:52:41,093 [pool-38-thread-1] INFO  server.RaftServerConfigKeys (ConfUtils.java:logGet(43)) - raft.server.snapshot.auto.trigger.threshold = 10000 (custom)
2019-09-12 11:52:41,093 [pool-38-thread-1] INFO  server.RaftServerConfigKeys (ConfUtils.java:logGet(43)) - raft.server.retrycache.expirytime = 600000ms (custom)
2019-09-12 11:52:41,093 [pool-38-thread-1] INFO  impl.RaftServerImpl (RaftServerImpl.java:start(180)) - 111edd97-ea51-41ea-a74c-30103f3be193: start group-0D0EB1A43DD8
2019-09-12 11:52:41,093 [pool-38-thread-1] INFO  impl.RaftServerImpl (RaftServerImpl.java:setRole(171)) - 111edd97-ea51-41ea-a74c-30103f3be193:group-0D0EB1A43DD8 changes role from null to FOLLOWER at term 0 for startAsFollower
2019-09-12 11:52:41,094 [pool-38-thread-1] INFO  impl.RoleInfo (RoleInfo.java:updateAndGet(143)) - 111edd97-ea51-41ea-a74c-30103f3be193: start FollowerState
2019-09-12 11:52:41,094 [pool-38-thread-1] INFO  util.JmxRegister (JmxRegister.java:tryRegister(44)) - Successfully registered JMX Bean with object name Ratis:service=RaftServer,group=group-0D0EB1A43DD8,id=111edd97-ea51-41ea-a74c-30103f3be193
2019-09-12 11:52:41,102 [RatisPipelineUtilsThread] INFO  pipeline.PipelineStateManager (PipelineStateManager.java:addPipeline(56)) - Created pipeline Pipeline[ Id: 586cb6bd-4ec0-4565-bd8d-0d0eb1a43dd8, Nodes: 111edd97-ea51-41ea-a74c-30103f3be193{ip: 192.168.36.114, host: pr-hdds-1569-58hkm-1881083799, networkLocation: /default-rack, certSerialId: null}, Type:RATIS, Factor:ONE, State:OPEN]
2019-09-12 11:52:41,121 [grpc-default-executor-0] INFO  impl.RaftServerProxy (RaftServerProxy.java:addNew(89)) - 1972eedd-a35b-49f1-a8bd-2e8474cbe90f: addNew group-AC3D2BFBD5B5:[1972eedd-a35b-49f1-a8bd-2e8474cbe90f:192.168.36.114:40263] returns group-AC3D2BFBD5B5:java.util.concurrent.CompletableFuture@862e86e[Not completed]
2019-09-12 11:52:41,123 [pool-27-thread-1] INFO  impl.RaftServerImpl (RaftServerImpl.java:<init>(93)) - 1972eedd-a35b-49f1-a8bd-2e8474cbe90f: new RaftServerImpl for group-AC3D2BFBD5B5:[1972eedd-a35b-49f1-a8bd-2e8474cbe90f:192.168.36.114:40263] with ContainerStateMachine:uninitialized
2019-09-12 11:52:41,124 [pool-27-thread-1] INFO  server.RaftServerConfigKeys (ConfUtils.java:logGet(43)) - raft.server.rpc.timeout.min = 5s (custom)
2019-09-12 11:52:41,124 [pool-27-thread-1] INFO  server.RaftServerConfigKeys (ConfUtils.java:logGet(43)) - raft.server.rpc.timeout.max = 5200ms (custom)
2019-09-12 11:52:41,124 [pool-27-thread-1] INFO  server.RaftServerConfigKeys (ConfUtils.java:logGet(43)) - raft.server.rpcslowness.timeout = 120s (custom)
2019-09-12 11:52:41,124 [pool-27-thread-1] INFO  server.RaftServerConfigKeys (ConfUtils.java:logGet(43)) - raft.server.sleep.deviation.threshold = 300 (default)
2019-09-12 11:52:41,124 [pool-27-thread-1] INFO  server.RaftServerConfigKeys (ConfUtils.java:logGet(43)) - raft.server.log.appender.install.snapshot.enabled = false (custom)
2019-09-12 11:52:41,124 [pool-27-thread-1] INFO  impl.RaftServerImpl (ServerState.java:<init>(105)) - 1972eedd-a35b-49f1-a8bd-2e8474cbe90f:group-AC3D2BFBD5B5 ConfigurationManager, init=-1: [1972eedd-a35b-49f1-a8bd-2e8474cbe90f:192.168.36.114:40263], old=null, confs=<EMPTY_MAP>
2019-09-12 11:52:41,124 [pool-27-thread-1] INFO  server.RaftServerConfigKeys (ConfUtils.java:logGet(43)) - raft.server.storage.dir = [/workdir/hadoop-ozone/tools/target/test-dir/MiniOzoneClusterImpl-b7a5d7f5-b39f-413b-a414-789b31b847f8/datanode-0/data/ratis] (custom)
2019-09-12 11:52:41,125 [pool-27-thread-1] INFO  storage.RaftStorageDirectory (RaftStorageDirectory.java:analyzeStorage(246)) - The storage directory /workdir/hadoop-ozone/tools/target/test-dir/MiniOzoneClusterImpl-b7a5d7f5-b39f-413b-a414-789b31b847f8/datanode-0/data/ratis/7359a402-d5b4-47e1-9105-ac3d2bfbd5b5 does not exist. Creating ...
2019-09-12 11:52:41,139 [pool-27-thread-1] INFO  storage.RaftStorageDirectory (RaftStorageDirectory.java:tryLock(328)) - Lock on /workdir/hadoop-ozone/tools/target/test-dir/MiniOzoneClusterImpl-b7a5d7f5-b39f-413b-a414-789b31b847f8/datanode-0/data/ratis/7359a402-d5b4-47e1-9105-ac3d2bfbd5b5/in_use.lock acquired by nodename 22770@pr-hdds-1569-58hkm-1881083799
2019-09-12 11:52:41,152 [pool-27-thread-1] INFO  storage.RaftStorage (RaftStorage.java:format(72)) - Storage directory /workdir/hadoop-ozone/tools/target/test-dir/MiniOzoneClusterImpl-b7a5d7f5-b39f-413b-a414-789b31b847f8/datanode-0/data/ratis/7359a402-d5b4-47e1-9105-ac3d2bfbd5b5 has been successfully formatted.
2019-09-12 11:52:41,153 [pool-27-thread-1] INFO  ratis.ContainerStateMachine (ContainerStateMachine.java:loadSnapshot(226)) - group-AC3D2BFBD5B5: The snapshot info is null. Setting the last applied indexto:(t:0, i:~)
2019-09-12 11:52:41,153 [pool-27-thread-1] INFO  server.RaftServerConfigKeys (ConfUtils.java:logGet(43)) - raft.server.leader.election.timeout = 120s (custom)
2019-09-12 11:52:41,153 [pool-27-thread-1] INFO  server.RaftServerConfigKeys (ConfUtils.java:logGet(43)) - raft.server.log.use.memory = false (default)
2019-09-12 11:52:41,153 [pool-27-thread-1] INFO  server.RaftServerConfigKeys (ConfUtils.java:logGet(43)) - raft.server.log.purge.gap = 1000000 (custom)
2019-09-12 11:52:41,153 [pool-27-thread-1] INFO  server.RaftServerConfigKeys (ConfUtils.java:logGet(43)) - raft.server.log.appender.buffer.byte-limit = 33554432 (custom)
2019-09-12 11:52:41,154 [pool-27-thread-1] INFO  server.RaftServerConfigKeys (ConfUtils.java:logGet(43)) - raft.server.log.segment.size.max = 1048576 (custom)
2019-09-12 11:52:41,154 [pool-27-thread-1] INFO  server.RaftServerConfigKeys (ConfUtils.java:logGet(43)) - raft.server.log.segment.cache.num.max = 2 (custom)
2019-09-12 11:52:41,154 [pool-27-thread-1] INFO  segmented.SegmentedRaftLogWorker (SegmentedRaftLogWorker.java:<init>(172)) - new 1972eedd-a35b-49f1-a8bd-2e8474cbe90f-SegmentedRaftLogWorker:Storage Directory /workdir/hadoop-ozone/tools/target/test-dir/MiniOzoneClusterImpl-b7a5d7f5-b39f-413b-a414-789b31b847f8/datanode-0/data/ratis/7359a402-d5b4-47e1-9105-ac3d2bfbd5b5 for RaftStorage:Storage Directory /workdir/hadoop-ozone/tools/target/test-dir/MiniOzoneClusterImpl-b7a5d7f5-b39f-413b-a414-789b31b847f8/datanode-0/data/ratis/7359a402-d5b4-47e1-9105-ac3d2bfbd5b5
2019-09-12 11:52:41,154 [pool-27-thread-1] INFO  server.RaftServerConfigKeys (ConfUtils.java:logGet(43)) - raft.server.log.queue.byte-limit = 2147483647 (custom)
2019-09-12 11:52:41,154 [pool-27-thread-1] INFO  server.RaftServerConfigKeys (ConfUtils.java:logGet(43)) - raft.server.log.queue.element-limit = 1024 (custom)
2019-09-12 11:52:41,154 [pool-27-thread-1] INFO  server.RaftServerConfigKeys (ConfUtils.java:logGet(43)) - raft.server.log.segment.size.max = 1048576 (custom)
2019-09-12 11:52:41,155 [pool-27-thread-1] INFO  server.RaftServerConfigKeys (ConfUtils.java:logGet(43)) - raft.server.log.preallocated.size = 16384 (custom)
2019-09-12 11:52:41,155 [pool-27-thread-1] INFO  server.RaftServerConfigKeys (ConfUtils.java:logGet(43)) - raft.server.log.write.buffer.size = 33554432 (custom)
2019-09-12 11:52:41,155 [pool-27-thread-1] INFO  server.RaftServerConfigKeys (ConfUtils.java:logGet(43)) - raft.server.log.force.sync.num = 128 (default)
2019-09-12 11:52:41,155 [pool-27-thread-1] INFO  server.RaftServerConfigKeys (ConfUtils.java:logGet(43)) - raft.server.log.statemachine.data.sync = true (default)
2019-09-12 11:52:41,155 [pool-27-thread-1] INFO  server.RaftServerConfigKeys (ConfUtils.java:logGet(43)) - raft.server.log.statemachine.data.sync.timeout = 10s (default)
2019-09-12 11:52:41,155 [pool-27-thread-1] INFO  server.RaftServerConfigKeys (ConfUtils.java:logGet(43)) - raft.server.log.statemachine.data.sync.timeout.retry = -1 (default)
2019-09-12 11:52:41,156 [pool-27-thread-1] INFO  server.RaftServerConfigKeys (ConfUtils.java:logGet(43)) - raft.server.log.statemachine.data.caching.enabled = true (custom)
2019-09-12 11:52:41,156 [pool-27-thread-1] INFO  segmented.SegmentedRaftLogWorker (SegmentedRaftLogWorker.java:lambda$new$0(132)) - 1972eedd-a35b-49f1-a8bd-2e8474cbe90f-SegmentedRaftLogWorker:Storage Directory /workdir/hadoop-ozone/tools/target/test-dir/MiniOzoneClusterImpl-b7a5d7f5-b39f-413b-a414-789b31b847f8/datanode-0/data/ratis/7359a402-d5b4-47e1-9105-ac3d2bfbd5b5: flushIndex: setUnconditionally 0 -> -1
2019-09-12 11:52:41,156 [pool-27-thread-1] INFO  server.RaftServerConfigKeys (ConfUtils.java:logGet(43)) - raft.server.snapshot.auto.trigger.enabled = true (custom)
2019-09-12 11:52:41,156 [pool-27-thread-1] INFO  server.RaftServerConfigKeys (ConfUtils.java:logGet(43)) - raft.server.snapshot.auto.trigger.threshold = 10000 (custom)
2019-09-12 11:52:41,157 [pool-27-thread-1] INFO  server.RaftServerConfigKeys (ConfUtils.java:logGet(43)) - raft.server.retrycache.expirytime = 600000ms (custom)
2019-09-12 11:52:41,157 [pool-27-thread-1] INFO  impl.RaftServerImpl (RaftServerImpl.java:start(180)) - 1972eedd-a35b-49f1-a8bd-2e8474cbe90f: start group-AC3D2BFBD5B5
2019-09-12 11:52:41,157 [pool-27-thread-1] INFO  impl.RaftServerImpl (RaftServerImpl.java:setRole(171)) - 1972eedd-a35b-49f1-a8bd-2e8474cbe90f:group-AC3D2BFBD5B5 changes role from null to FOLLOWER at term 0 for startAsFollower
2019-09-12 11:52:41,158 [pool-27-thread-1] INFO  impl.RoleInfo (RoleInfo.java:updateAndGet(143)) - 1972eedd-a35b-49f1-a8bd-2e8474cbe90f: start FollowerState
2019-09-12 11:52:41,159 [pool-27-thread-1] INFO  util.JmxRegister (JmxRegister.java:tryRegister(44)) - Successfully registered JMX Bean with object name Ratis:service=RaftServer,group=group-AC3D2BFBD5B5,id=1972eedd-a35b-49f1-a8bd-2e8474cbe90f
2019-09-12 11:52:41,166 [RatisPipelineUtilsThread] INFO  pipeline.PipelineStateManager (PipelineStateManager.java:addPipeline(56)) - Created pipeline Pipeline[ Id: 7359a402-d5b4-47e1-9105-ac3d2bfbd5b5, Nodes: 1972eedd-a35b-49f1-a8bd-2e8474cbe90f{ip: 192.168.36.114, host: pr-hdds-1569-58hkm-1881083799, networkLocation: /default-rack, certSerialId: null}, Type:RATIS, Factor:ONE, State:OPEN]
2019-09-12 11:52:41,171 | INFO  | SCMAudit | user=jenkins1000 | ip=192.168.36.114 | op=SEND_HEARTBEAT {datanodeUUID=1972eedd-a35b-49f1-a8bd-2e8474cbe90f, command=[]} | ret=SUCCESS |  
2019-09-12 11:52:41,178 [grpc-default-executor-0] INFO  impl.RaftServerProxy (RaftServerProxy.java:addNew(89)) - 1972eedd-a35b-49f1-a8bd-2e8474cbe90f: addNew group-492C033D6300:[1972eedd-a35b-49f1-a8bd-2e8474cbe90f:192.168.36.114:40263] returns group-492C033D6300:java.util.concurrent.CompletableFuture@e049e5c[Not completed]
2019-09-12 11:52:41,180 [pool-27-thread-1] INFO  impl.RaftServerImpl (RaftServerImpl.java:<init>(93)) - 1972eedd-a35b-49f1-a8bd-2e8474cbe90f: new RaftServerImpl for group-492C033D6300:[1972eedd-a35b-49f1-a8bd-2e8474cbe90f:192.168.36.114:40263] with ContainerStateMachine:uninitialized
2019-09-12 11:52:41,180 [pool-27-thread-1] INFO  server.RaftServerConfigKeys (ConfUtils.java:logGet(43)) - raft.server.rpc.timeout.min = 5s (custom)
2019-09-12 11:52:41,180 [pool-27-thread-1] INFO  server.RaftServerConfigKeys (ConfUtils.java:logGet(43)) - raft.server.rpc.timeout.max = 5200ms (custom)
2019-09-12 11:52:41,180 [pool-27-thread-1] INFO  server.RaftServerConfigKeys (ConfUtils.java:logGet(43)) - raft.server.rpcslowness.timeout = 120s (custom)
2019-09-12 11:52:41,180 [pool-27-thread-1] INFO  server.RaftServerConfigKeys (ConfUtils.java:logGet(43)) - raft.server.sleep.deviation.threshold = 300 (default)
2019-09-12 11:52:41,180 [pool-27-thread-1] INFO  server.RaftServerConfigKeys (ConfUtils.java:logGet(43)) - raft.server.log.appender.install.snapshot.enabled = false (custom)
2019-09-12 11:52:41,181 [pool-27-thread-1] INFO  impl.RaftServerImpl (ServerState.java:<init>(105)) - 1972eedd-a35b-49f1-a8bd-2e8474cbe90f:group-492C033D6300 ConfigurationManager, init=-1: [1972eedd-a35b-49f1-a8bd-2e8474cbe90f:192.168.36.114:40263], old=null, confs=<EMPTY_MAP>
2019-09-12 11:52:41,181 [pool-27-thread-1] INFO  server.RaftServerConfigKeys (ConfUtils.java:logGet(43)) - raft.server.storage.dir = [/workdir/hadoop-ozone/tools/target/test-dir/MiniOzoneClusterImpl-b7a5d7f5-b39f-413b-a414-789b31b847f8/datanode-0/data/ratis] (custom)
2019-09-12 11:52:41,181 [pool-27-thread-1] INFO  storage.RaftStorageDirectory (RaftStorageDirectory.java:analyzeStorage(246)) - The storage directory /workdir/hadoop-ozone/tools/target/test-dir/MiniOzoneClusterImpl-b7a5d7f5-b39f-413b-a414-789b31b847f8/datanode-0/data/ratis/553980b6-aab5-4de4-b0e2-492c033d6300 does not exist. Creating ...
2019-09-12 11:52:41,193 [pool-27-thread-1] INFO  storage.RaftStorageDirectory (RaftStorageDirectory.java:tryLock(328)) - Lock on /workdir/hadoop-ozone/tools/target/test-dir/MiniOzoneClusterImpl-b7a5d7f5-b39f-413b-a414-789b31b847f8/datanode-0/data/ratis/553980b6-aab5-4de4-b0e2-492c033d6300/in_use.lock acquired by nodename 22770@pr-hdds-1569-58hkm-1881083799
2019-09-12 11:52:41,207 [pool-27-thread-1] INFO  storage.RaftStorage (RaftStorage.java:format(72)) - Storage directory /workdir/hadoop-ozone/tools/target/test-dir/MiniOzoneClusterImpl-b7a5d7f5-b39f-413b-a414-789b31b847f8/datanode-0/data/ratis/553980b6-aab5-4de4-b0e2-492c033d6300 has been successfully formatted.
2019-09-12 11:52:41,207 [pool-27-thread-1] INFO  ratis.ContainerStateMachine (ContainerStateMachine.java:loadSnapshot(226)) - group-492C033D6300: The snapshot info is null. Setting the last applied indexto:(t:0, i:~)
2019-09-12 11:52:41,207 [pool-27-thread-1] INFO  server.RaftServerConfigKeys (ConfUtils.java:logGet(43)) - raft.server.leader.election.timeout = 120s (custom)
2019-09-12 11:52:41,207 [pool-27-thread-1] INFO  server.RaftServerConfigKeys (ConfUtils.java:logGet(43)) - raft.server.log.use.memory = false (default)
2019-09-12 11:52:41,207 [pool-27-thread-1] INFO  server.RaftServerConfigKeys (ConfUtils.java:logGet(43)) - raft.server.log.purge.gap = 1000000 (custom)
2019-09-12 11:52:41,208 [pool-27-thread-1] INFO  server.RaftServerConfigKeys (ConfUtils.java:logGet(43)) - raft.server.log.appender.buffer.byte-limit = 33554432 (custom)
2019-09-12 11:52:41,208 [pool-27-thread-1] INFO  server.RaftServerConfigKeys (ConfUtils.java:logGet(43)) - raft.server.log.segment.size.max = 1048576 (custom)
2019-09-12 11:52:41,208 [pool-27-thread-1] INFO  server.RaftServerConfigKeys (ConfUtils.java:logGet(43)) - raft.server.log.segment.cache.num.max = 2 (custom)
2019-09-12 11:52:41,208 [pool-27-thread-1] INFO  segmented.SegmentedRaftLogWorker (SegmentedRaftLogWorker.java:<init>(172)) - new 1972eedd-a35b-49f1-a8bd-2e8474cbe90f-SegmentedRaftLogWorker:Storage Directory /workdir/hadoop-ozone/tools/target/test-dir/MiniOzoneClusterImpl-b7a5d7f5-b39f-413b-a414-789b31b847f8/datanode-0/data/ratis/553980b6-aab5-4de4-b0e2-492c033d6300 for RaftStorage:Storage Directory /workdir/hadoop-ozone/tools/target/test-dir/MiniOzoneClusterImpl-b7a5d7f5-b39f-413b-a414-789b31b847f8/datanode-0/data/ratis/553980b6-aab5-4de4-b0e2-492c033d6300
2019-09-12 11:52:41,208 [pool-27-thread-1] INFO  server.RaftServerConfigKeys (ConfUtils.java:logGet(43)) - raft.server.log.queue.byte-limit = 2147483647 (custom)
2019-09-12 11:52:41,208 [pool-27-thread-1] INFO  server.RaftServerConfigKeys (ConfUtils.java:logGet(43)) - raft.server.log.queue.element-limit = 1024 (custom)
2019-09-12 11:52:41,208 [pool-27-thread-1] INFO  server.RaftServerConfigKeys (ConfUtils.java:logGet(43)) - raft.server.log.segment.size.max = 1048576 (custom)
2019-09-12 11:52:41,209 [pool-27-thread-1] INFO  server.RaftServerConfigKeys (ConfUtils.java:logGet(43)) - raft.server.log.preallocated.size = 16384 (custom)
2019-09-12 11:52:41,209 [pool-27-thread-1] INFO  server.RaftServerConfigKeys (ConfUtils.java:logGet(43)) - raft.server.log.write.buffer.size = 33554432 (custom)
2019-09-12 11:52:41,209 [pool-27-thread-1] INFO  server.RaftServerConfigKeys (ConfUtils.java:logGet(43)) - raft.server.log.force.sync.num = 128 (default)
2019-09-12 11:52:41,209 [pool-27-thread-1] INFO  server.RaftServerConfigKeys (ConfUtils.java:logGet(43)) - raft.server.log.statemachine.data.sync = true (default)
2019-09-12 11:52:41,209 [pool-27-thread-1] INFO  server.RaftServerConfigKeys (ConfUtils.java:logGet(43)) - raft.server.log.statemachine.data.sync.timeout = 10s (default)
2019-09-12 11:52:41,209 [pool-27-thread-1] INFO  server.RaftServerConfigKeys (ConfUtils.java:logGet(43)) - raft.server.log.statemachine.data.sync.timeout.retry = -1 (default)
2019-09-12 11:52:41,210 [pool-27-thread-1] INFO  server.RaftServerConfigKeys (ConfUtils.java:logGet(43)) - raft.server.log.statemachine.data.caching.enabled = true (custom)
2019-09-12 11:52:41,210 [pool-27-thread-1] INFO  segmented.SegmentedRaftLogWorker (SegmentedRaftLogWorker.java:lambda$new$0(132)) - 1972eedd-a35b-49f1-a8bd-2e8474cbe90f-SegmentedRaftLogWorker:Storage Directory /workdir/hadoop-ozone/tools/target/test-dir/MiniOzoneClusterImpl-b7a5d7f5-b39f-413b-a414-789b31b847f8/datanode-0/data/ratis/553980b6-aab5-4de4-b0e2-492c033d6300: flushIndex: setUnconditionally 0 -> -1
2019-09-12 11:52:41,210 [pool-27-thread-1] INFO  server.RaftServerConfigKeys (ConfUtils.java:logGet(43)) - raft.server.snapshot.auto.trigger.enabled = true (custom)
2019-09-12 11:52:41,210 [pool-27-thread-1] INFO  server.RaftServerConfigKeys (ConfUtils.java:logGet(43)) - raft.server.snapshot.auto.trigger.threshold = 10000 (custom)
2019-09-12 11:52:41,211 [pool-27-thread-1] INFO  server.RaftServerConfigKeys (ConfUtils.java:logGet(43)) - raft.server.retrycache.expirytime = 600000ms (custom)
2019-09-12 11:52:41,211 [pool-27-thread-1] INFO  impl.RaftServerImpl (RaftServerImpl.java:start(180)) - 1972eedd-a35b-49f1-a8bd-2e8474cbe90f: start group-492C033D6300
2019-09-12 11:52:41,211 [pool-27-thread-1] INFO  impl.RaftServerImpl (RaftServerImpl.java:setRole(171)) - 1972eedd-a35b-49f1-a8bd-2e8474cbe90f:group-492C033D6300 changes role from null to FOLLOWER at term 0 for startAsFollower
2019-09-12 11:52:41,211 [pool-27-thread-1] INFO  impl.RoleInfo (RoleInfo.java:updateAndGet(143)) - 1972eedd-a35b-49f1-a8bd-2e8474cbe90f: start FollowerState
2019-09-12 11:52:41,212 [pool-27-thread-1] INFO  util.JmxRegister (JmxRegister.java:tryRegister(44)) - Successfully registered JMX Bean with object name Ratis:service=RaftServer,group=group-492C033D6300,id=1972eedd-a35b-49f1-a8bd-2e8474cbe90f
2019-09-12 11:52:41,219 [RatisPipelineUtilsThread] INFO  pipeline.PipelineStateManager (PipelineStateManager.java:addPipeline(56)) - Created pipeline Pipeline[ Id: 553980b6-aab5-4de4-b0e2-492c033d6300, Nodes: 1972eedd-a35b-49f1-a8bd-2e8474cbe90f{ip: 192.168.36.114, host: pr-hdds-1569-58hkm-1881083799, networkLocation: /default-rack, certSerialId: null}, Type:RATIS, Factor:ONE, State:OPEN]
2019-09-12 11:52:41,234 [grpc-default-executor-0] INFO  impl.RaftServerProxy (RaftServerProxy.java:addNew(89)) - 111edd97-ea51-41ea-a74c-30103f3be193: addNew group-210BD718AB58:[111edd97-ea51-41ea-a74c-30103f3be193:192.168.36.114:45736] returns group-210BD718AB58:java.util.concurrent.CompletableFuture@49f9f408[Not completed]
2019-09-12 11:52:41,235 [pool-38-thread-1] INFO  impl.RaftServerImpl (RaftServerImpl.java:<init>(93)) - 111edd97-ea51-41ea-a74c-30103f3be193: new RaftServerImpl for group-210BD718AB58:[111edd97-ea51-41ea-a74c-30103f3be193:192.168.36.114:45736] with ContainerStateMachine:uninitialized
2019-09-12 11:52:41,235 [pool-38-thread-1] INFO  server.RaftServerConfigKeys (ConfUtils.java:logGet(43)) - raft.server.rpc.timeout.min = 5s (custom)
2019-09-12 11:52:41,236 [pool-38-thread-1] INFO  server.RaftServerConfigKeys (ConfUtils.java:logGet(43)) - raft.server.rpc.timeout.max = 5200ms (custom)
2019-09-12 11:52:41,236 [pool-38-thread-1] INFO  server.RaftServerConfigKeys (ConfUtils.java:logGet(43)) - raft.server.rpcslowness.timeout = 120s (custom)
2019-09-12 11:52:41,236 [pool-38-thread-1] INFO  server.RaftServerConfigKeys (ConfUtils.java:logGet(43)) - raft.server.sleep.deviation.threshold = 300 (default)
2019-09-12 11:52:41,236 [pool-38-thread-1] INFO  server.RaftServerConfigKeys (ConfUtils.java:logGet(43)) - raft.server.log.appender.install.snapshot.enabled = false (custom)
2019-09-12 11:52:41,236 [pool-38-thread-1] INFO  impl.RaftServerImpl (ServerState.java:<init>(105)) - 111edd97-ea51-41ea-a74c-30103f3be193:group-210BD718AB58 ConfigurationManager, init=-1: [111edd97-ea51-41ea-a74c-30103f3be193:192.168.36.114:45736], old=null, confs=<EMPTY_MAP>
2019-09-12 11:52:41,236 [pool-38-thread-1] INFO  server.RaftServerConfigKeys (ConfUtils.java:logGet(43)) - raft.server.storage.dir = [/workdir/hadoop-ozone/tools/target/test-dir/MiniOzoneClusterImpl-b7a5d7f5-b39f-413b-a414-789b31b847f8/datanode-1/data/ratis] (custom)
2019-09-12 11:52:41,237 [pool-38-thread-1] INFO  storage.RaftStorageDirectory (RaftStorageDirectory.java:analyzeStorage(246)) - The storage directory /workdir/hadoop-ozone/tools/target/test-dir/MiniOzoneClusterImpl-b7a5d7f5-b39f-413b-a414-789b31b847f8/datanode-1/data/ratis/90d2aadb-12a4-4551-ac14-210bd718ab58 does not exist. Creating ...
2019-09-12 11:52:41,249 [pool-38-thread-1] INFO  storage.RaftStorageDirectory (RaftStorageDirectory.java:tryLock(328)) - Lock on /workdir/hadoop-ozone/tools/target/test-dir/MiniOzoneClusterImpl-b7a5d7f5-b39f-413b-a414-789b31b847f8/datanode-1/data/ratis/90d2aadb-12a4-4551-ac14-210bd718ab58/in_use.lock acquired by nodename 22770@pr-hdds-1569-58hkm-1881083799
2019-09-12 11:52:41,270 [pool-38-thread-1] INFO  storage.RaftStorage (RaftStorage.java:format(72)) - Storage directory /workdir/hadoop-ozone/tools/target/test-dir/MiniOzoneClusterImpl-b7a5d7f5-b39f-413b-a414-789b31b847f8/datanode-1/data/ratis/90d2aadb-12a4-4551-ac14-210bd718ab58 has been successfully formatted.
2019-09-12 11:52:41,270 [pool-38-thread-1] INFO  ratis.ContainerStateMachine (ContainerStateMachine.java:loadSnapshot(226)) - group-210BD718AB58: The snapshot info is null. Setting the last applied indexto:(t:0, i:~)
2019-09-12 11:52:41,270 [pool-38-thread-1] INFO  server.RaftServerConfigKeys (ConfUtils.java:logGet(43)) - raft.server.leader.election.timeout = 120s (custom)
2019-09-12 11:52:41,271 [pool-38-thread-1] INFO  server.RaftServerConfigKeys (ConfUtils.java:logGet(43)) - raft.server.log.use.memory = false (default)
2019-09-12 11:52:41,271 [pool-38-thread-1] INFO  server.RaftServerConfigKeys (ConfUtils.java:logGet(43)) - raft.server.log.purge.gap = 1000000 (custom)
2019-09-12 11:52:41,271 [pool-38-thread-1] INFO  server.RaftServerConfigKeys (ConfUtils.java:logGet(43)) - raft.server.log.appender.buffer.byte-limit = 33554432 (custom)
2019-09-12 11:52:41,271 [pool-38-thread-1] INFO  server.RaftServerConfigKeys (ConfUtils.java:logGet(43)) - raft.server.log.segment.size.max = 1048576 (custom)
2019-09-12 11:52:41,271 [pool-38-thread-1] INFO  server.RaftServerConfigKeys (ConfUtils.java:logGet(43)) - raft.server.log.segment.cache.num.max = 2 (custom)
2019-09-12 11:52:41,271 [pool-38-thread-1] INFO  segmented.SegmentedRaftLogWorker (SegmentedRaftLogWorker.java:<init>(172)) - new 111edd97-ea51-41ea-a74c-30103f3be193-SegmentedRaftLogWorker:Storage Directory /workdir/hadoop-ozone/tools/target/test-dir/MiniOzoneClusterImpl-b7a5d7f5-b39f-413b-a414-789b31b847f8/datanode-1/data/ratis/90d2aadb-12a4-4551-ac14-210bd718ab58 for RaftStorage:Storage Directory /workdir/hadoop-ozone/tools/target/test-dir/MiniOzoneClusterImpl-b7a5d7f5-b39f-413b-a414-789b31b847f8/datanode-1/data/ratis/90d2aadb-12a4-4551-ac14-210bd718ab58
2019-09-12 11:52:41,272 [pool-38-thread-1] INFO  server.RaftServerConfigKeys (ConfUtils.java:logGet(43)) - raft.server.log.queue.byte-limit = 2147483647 (custom)
2019-09-12 11:52:41,272 [pool-38-thread-1] INFO  server.RaftServerConfigKeys (ConfUtils.java:logGet(43)) - raft.server.log.queue.element-limit = 1024 (custom)
2019-09-12 11:52:41,272 [pool-38-thread-1] INFO  server.RaftServerConfigKeys (ConfUtils.java:logGet(43)) - raft.server.log.segment.size.max = 1048576 (custom)
2019-09-12 11:52:41,272 [pool-38-thread-1] INFO  server.RaftServerConfigKeys (ConfUtils.java:logGet(43)) - raft.server.log.preallocated.size = 16384 (custom)
2019-09-12 11:52:41,272 [pool-38-thread-1] INFO  server.RaftServerConfigKeys (ConfUtils.java:logGet(43)) - raft.server.log.write.buffer.size = 33554432 (custom)
2019-09-12 11:52:41,272 [pool-38-thread-1] INFO  server.RaftServerConfigKeys (ConfUtils.java:logGet(43)) - raft.server.log.force.sync.num = 128 (default)
2019-09-12 11:52:41,273 [pool-38-thread-1] INFO  server.RaftServerConfigKeys (ConfUtils.java:logGet(43)) - raft.server.log.statemachine.data.sync = true (default)
2019-09-12 11:52:41,273 [pool-38-thread-1] INFO  server.RaftServerConfigKeys (ConfUtils.java:logGet(43)) - raft.server.log.statemachine.data.sync.timeout = 10s (default)
2019-09-12 11:52:41,273 [pool-38-thread-1] INFO  server.RaftServerConfigKeys (ConfUtils.java:logGet(43)) - raft.server.log.statemachine.data.sync.timeout.retry = -1 (default)
2019-09-12 11:52:41,273 [pool-38-thread-1] INFO  server.RaftServerConfigKeys (ConfUtils.java:logGet(43)) - raft.server.log.statemachine.data.caching.enabled = true (custom)
2019-09-12 11:52:41,274 [pool-38-thread-1] INFO  segmented.SegmentedRaftLogWorker (SegmentedRaftLogWorker.java:lambda$new$0(132)) - 111edd97-ea51-41ea-a74c-30103f3be193-SegmentedRaftLogWorker:Storage Directory /workdir/hadoop-ozone/tools/target/test-dir/MiniOzoneClusterImpl-b7a5d7f5-b39f-413b-a414-789b31b847f8/datanode-1/data/ratis/90d2aadb-12a4-4551-ac14-210bd718ab58: flushIndex: setUnconditionally 0 -> -1
2019-09-12 11:52:41,274 [pool-38-thread-1] INFO  server.RaftServerConfigKeys (ConfUtils.java:logGet(43)) - raft.server.snapshot.auto.trigger.enabled = true (custom)
2019-09-12 11:52:41,274 [pool-38-thread-1] INFO  server.RaftServerConfigKeys (ConfUtils.java:logGet(43)) - raft.server.snapshot.auto.trigger.threshold = 10000 (custom)
2019-09-12 11:52:41,275 [pool-38-thread-1] INFO  server.RaftServerConfigKeys (ConfUtils.java:logGet(43)) - raft.server.retrycache.expirytime = 600000ms (custom)
2019-09-12 11:52:41,275 [pool-38-thread-1] INFO  impl.RaftServerImpl (RaftServerImpl.java:start(180)) - 111edd97-ea51-41ea-a74c-30103f3be193: start group-210BD718AB58
2019-09-12 11:52:41,275 [pool-38-thread-1] INFO  impl.RaftServerImpl (RaftServerImpl.java:setRole(171)) - 111edd97-ea51-41ea-a74c-30103f3be193:group-210BD718AB58 changes role from null to FOLLOWER at term 0 for startAsFollower
2019-09-12 11:52:41,275 [pool-38-thread-1] INFO  impl.RoleInfo (RoleInfo.java:updateAndGet(143)) - 111edd97-ea51-41ea-a74c-30103f3be193: start FollowerState
2019-09-12 11:52:41,276 [pool-38-thread-1] INFO  util.JmxRegister (JmxRegister.java:tryRegister(44)) - Successfully registered JMX Bean with object name Ratis:service=RaftServer,group=group-210BD718AB58,id=111edd97-ea51-41ea-a74c-30103f3be193
2019-09-12 11:52:41,284 [RatisPipelineUtilsThread] INFO  pipeline.PipelineStateManager (PipelineStateManager.java:addPipeline(56)) - Created pipeline Pipeline[ Id: 90d2aadb-12a4-4551-ac14-210bd718ab58, Nodes: 111edd97-ea51-41ea-a74c-30103f3be193{ip: 192.168.36.114, host: pr-hdds-1569-58hkm-1881083799, networkLocation: /default-rack, certSerialId: null}, Type:RATIS, Factor:ONE, State:OPEN]
2019-09-12 11:52:41,295 [grpc-default-executor-0] INFO  impl.RaftServerProxy (RaftServerProxy.java:addNew(89)) - c6bd64fc-18cd-443d-877c-c0f9224bafd0: addNew group-ABA175794AA8:[c6bd64fc-18cd-443d-877c-c0f9224bafd0:192.168.36.114:39747] returns group-ABA175794AA8:java.util.concurrent.CompletableFuture@48d7c534[Not completed]
2019-09-12 11:52:41,297 [pool-49-thread-1] INFO  impl.RaftServerImpl (RaftServerImpl.java:<init>(93)) - c6bd64fc-18cd-443d-877c-c0f9224bafd0: new RaftServerImpl for group-ABA175794AA8:[c6bd64fc-18cd-443d-877c-c0f9224bafd0:192.168.36.114:39747] with ContainerStateMachine:uninitialized
2019-09-12 11:52:41,297 [pool-49-thread-1] INFO  server.RaftServerConfigKeys (ConfUtils.java:logGet(43)) - raft.server.rpc.timeout.min = 5s (custom)
2019-09-12 11:52:41,297 [pool-49-thread-1] INFO  server.RaftServerConfigKeys (ConfUtils.java:logGet(43)) - raft.server.rpc.timeout.max = 5200ms (custom)
2019-09-12 11:52:41,297 [pool-49-thread-1] INFO  server.RaftServerConfigKeys (ConfUtils.java:logGet(43)) - raft.server.rpcslowness.timeout = 120s (custom)
2019-09-12 11:52:41,297 [pool-49-thread-1] INFO  server.RaftServerConfigKeys (ConfUtils.java:logGet(43)) - raft.server.sleep.deviation.threshold = 300 (default)
2019-09-12 11:52:41,297 [pool-49-thread-1] INFO  server.RaftServerConfigKeys (ConfUtils.java:logGet(43)) - raft.server.log.appender.install.snapshot.enabled = false (custom)
2019-09-12 11:52:41,297 [pool-49-thread-1] INFO  impl.RaftServerImpl (ServerState.java:<init>(105)) - c6bd64fc-18cd-443d-877c-c0f9224bafd0:group-ABA175794AA8 ConfigurationManager, init=-1: [c6bd64fc-18cd-443d-877c-c0f9224bafd0:192.168.36.114:39747], old=null, confs=<EMPTY_MAP>
2019-09-12 11:52:41,298 [pool-49-thread-1] INFO  server.RaftServerConfigKeys (ConfUtils.java:logGet(43)) - raft.server.storage.dir = [/workdir/hadoop-ozone/tools/target/test-dir/MiniOzoneClusterImpl-b7a5d7f5-b39f-413b-a414-789b31b847f8/datanode-2/data/ratis] (custom)
2019-09-12 11:52:41,298 [pool-49-thread-1] INFO  storage.RaftStorageDirectory (RaftStorageDirectory.java:analyzeStorage(246)) - The storage directory /workdir/hadoop-ozone/tools/target/test-dir/MiniOzoneClusterImpl-b7a5d7f5-b39f-413b-a414-789b31b847f8/datanode-2/data/ratis/6acbecf1-8926-44bb-a336-aba175794aa8 does not exist. Creating ...
2019-09-12 11:52:41,311 [pool-49-thread-1] INFO  storage.RaftStorageDirectory (RaftStorageDirectory.java:tryLock(328)) - Lock on /workdir/hadoop-ozone/tools/target/test-dir/MiniOzoneClusterImpl-b7a5d7f5-b39f-413b-a414-789b31b847f8/datanode-2/data/ratis/6acbecf1-8926-44bb-a336-aba175794aa8/in_use.lock acquired by nodename 22770@pr-hdds-1569-58hkm-1881083799
2019-09-12 11:52:41,324 [pool-49-thread-1] INFO  storage.RaftStorage (RaftStorage.java:format(72)) - Storage directory /workdir/hadoop-ozone/tools/target/test-dir/MiniOzoneClusterImpl-b7a5d7f5-b39f-413b-a414-789b31b847f8/datanode-2/data/ratis/6acbecf1-8926-44bb-a336-aba175794aa8 has been successfully formatted.
2019-09-12 11:52:41,324 [pool-49-thread-1] INFO  ratis.ContainerStateMachine (ContainerStateMachine.java:loadSnapshot(226)) - group-ABA175794AA8: The snapshot info is null. Setting the last applied indexto:(t:0, i:~)
2019-09-12 11:52:41,324 [pool-49-thread-1] INFO  server.RaftServerConfigKeys (ConfUtils.java:logGet(43)) - raft.server.leader.election.timeout = 120s (custom)
2019-09-12 11:52:41,324 [pool-49-thread-1] INFO  server.RaftServerConfigKeys (ConfUtils.java:logGet(43)) - raft.server.log.use.memory = false (default)
2019-09-12 11:52:41,325 [pool-49-thread-1] INFO  server.RaftServerConfigKeys (ConfUtils.java:logGet(43)) - raft.server.log.purge.gap = 1000000 (custom)
2019-09-12 11:52:41,325 [pool-49-thread-1] INFO  server.RaftServerConfigKeys (ConfUtils.java:logGet(43)) - raft.server.log.appender.buffer.byte-limit = 33554432 (custom)
2019-09-12 11:52:41,325 [pool-49-thread-1] INFO  server.RaftServerConfigKeys (ConfUtils.java:logGet(43)) - raft.server.log.segment.size.max = 1048576 (custom)
2019-09-12 11:52:41,325 [pool-49-thread-1] INFO  server.RaftServerConfigKeys (ConfUtils.java:logGet(43)) - raft.server.log.segment.cache.num.max = 2 (custom)
2019-09-12 11:52:41,325 [pool-49-thread-1] INFO  segmented.SegmentedRaftLogWorker (SegmentedRaftLogWorker.java:<init>(172)) - new c6bd64fc-18cd-443d-877c-c0f9224bafd0-SegmentedRaftLogWorker:Storage Directory /workdir/hadoop-ozone/tools/target/test-dir/MiniOzoneClusterImpl-b7a5d7f5-b39f-413b-a414-789b31b847f8/datanode-2/data/ratis/6acbecf1-8926-44bb-a336-aba175794aa8 for RaftStorage:Storage Directory /workdir/hadoop-ozone/tools/target/test-dir/MiniOzoneClusterImpl-b7a5d7f5-b39f-413b-a414-789b31b847f8/datanode-2/data/ratis/6acbecf1-8926-44bb-a336-aba175794aa8
2019-09-12 11:52:41,325 [pool-49-thread-1] INFO  server.RaftServerConfigKeys (ConfUtils.java:logGet(43)) - raft.server.log.queue.byte-limit = 2147483647 (custom)
2019-09-12 11:52:41,326 [pool-49-thread-1] INFO  server.RaftServerConfigKeys (ConfUtils.java:logGet(43)) - raft.server.log.queue.element-limit = 1024 (custom)
2019-09-12 11:52:41,326 [pool-49-thread-1] INFO  server.RaftServerConfigKeys (ConfUtils.java:logGet(43)) - raft.server.log.segment.size.max = 1048576 (custom)
2019-09-12 11:52:41,326 [pool-49-thread-1] INFO  server.RaftServerConfigKeys (ConfUtils.java:logGet(43)) - raft.server.log.preallocated.size = 16384 (custom)
2019-09-12 11:52:41,326 [pool-49-thread-1] INFO  server.RaftServerConfigKeys (ConfUtils.java:logGet(43)) - raft.server.log.write.buffer.size = 33554432 (custom)
2019-09-12 11:52:41,326 [pool-49-thread-1] INFO  server.RaftServerConfigKeys (ConfUtils.java:logGet(43)) - raft.server.log.force.sync.num = 128 (default)
2019-09-12 11:52:41,326 [pool-49-thread-1] INFO  server.RaftServerConfigKeys (ConfUtils.java:logGet(43)) - raft.server.log.statemachine.data.sync = true (default)
2019-09-12 11:52:41,327 [pool-49-thread-1] INFO  server.RaftServerConfigKeys (ConfUtils.java:logGet(43)) - raft.server.log.statemachine.data.sync.timeout = 10s (default)
2019-09-12 11:52:41,327 [pool-49-thread-1] INFO  server.RaftServerConfigKeys (ConfUtils.java:logGet(43)) - raft.server.log.statemachine.data.sync.timeout.retry = -1 (default)
2019-09-12 11:52:41,327 [pool-49-thread-1] INFO  server.RaftServerConfigKeys (ConfUtils.java:logGet(43)) - raft.server.log.statemachine.data.caching.enabled = true (custom)
2019-09-12 11:52:41,327 [pool-49-thread-1] INFO  segmented.SegmentedRaftLogWorker (SegmentedRaftLogWorker.java:lambda$new$0(132)) - c6bd64fc-18cd-443d-877c-c0f9224bafd0-SegmentedRaftLogWorker:Storage Directory /workdir/hadoop-ozone/tools/target/test-dir/MiniOzoneClusterImpl-b7a5d7f5-b39f-413b-a414-789b31b847f8/datanode-2/data/ratis/6acbecf1-8926-44bb-a336-aba175794aa8: flushIndex: setUnconditionally 0 -> -1
2019-09-12 11:52:41,328 [pool-49-thread-1] INFO  server.RaftServerConfigKeys (ConfUtils.java:logGet(43)) - raft.server.snapshot.auto.trigger.enabled = true (custom)
2019-09-12 11:52:41,328 [pool-49-thread-1] INFO  server.RaftServerConfigKeys (ConfUtils.java:logGet(43)) - raft.server.snapshot.auto.trigger.threshold = 10000 (custom)
2019-09-12 11:52:41,328 [pool-49-thread-1] INFO  server.RaftServerConfigKeys (ConfUtils.java:logGet(43)) - raft.server.retrycache.expirytime = 600000ms (custom)
2019-09-12 11:52:41,328 [pool-49-thread-1] INFO  impl.RaftServerImpl (RaftServerImpl.java:start(180)) - c6bd64fc-18cd-443d-877c-c0f9224bafd0: start group-ABA175794AA8
2019-09-12 11:52:41,328 [pool-49-thread-1] INFO  impl.RaftServerImpl (RaftServerImpl.java:setRole(171)) - c6bd64fc-18cd-443d-877c-c0f9224bafd0:group-ABA175794AA8 changes role from null to FOLLOWER at term 0 for startAsFollower
2019-09-12 11:52:41,329 [pool-49-thread-1] INFO  impl.RoleInfo (RoleInfo.java:updateAndGet(143)) - c6bd64fc-18cd-443d-877c-c0f9224bafd0: start FollowerState
2019-09-12 11:52:41,329 [pool-49-thread-1] INFO  util.JmxRegister (JmxRegister.java:tryRegister(44)) - Successfully registered JMX Bean with object name Ratis:service=RaftServer,group=group-ABA175794AA8,id=c6bd64fc-18cd-443d-877c-c0f9224bafd0
2019-09-12 11:52:41,338 [RatisPipelineUtilsThread] INFO  pipeline.PipelineStateManager (PipelineStateManager.java:addPipeline(56)) - Created pipeline Pipeline[ Id: 6acbecf1-8926-44bb-a336-aba175794aa8, Nodes: c6bd64fc-18cd-443d-877c-c0f9224bafd0{ip: 192.168.36.114, host: pr-hdds-1569-58hkm-1881083799, networkLocation: /default-rack, certSerialId: null}, Type:RATIS, Factor:ONE, State:OPEN]
2019-09-12 11:52:41,351 [grpc-default-executor-0] INFO  impl.RaftServerProxy (RaftServerProxy.java:addNew(89)) - c6bd64fc-18cd-443d-877c-c0f9224bafd0: addNew group-7737BFE54F48:[c6bd64fc-18cd-443d-877c-c0f9224bafd0:192.168.36.114:39747] returns group-7737BFE54F48:java.util.concurrent.CompletableFuture@221a2c5b[Not completed]
2019-09-12 11:52:41,352 [pool-49-thread-1] INFO  impl.RaftServerImpl (RaftServerImpl.java:<init>(93)) - c6bd64fc-18cd-443d-877c-c0f9224bafd0: new RaftServerImpl for group-7737BFE54F48:[c6bd64fc-18cd-443d-877c-c0f9224bafd0:192.168.36.114:39747] with ContainerStateMachine:uninitialized
2019-09-12 11:52:41,352 [pool-49-thread-1] INFO  server.RaftServerConfigKeys (ConfUtils.java:logGet(43)) - raft.server.rpc.timeout.min = 5s (custom)
2019-09-12 11:52:41,353 [pool-49-thread-1] INFO  server.RaftServerConfigKeys (ConfUtils.java:logGet(43)) - raft.server.rpc.timeout.max = 5200ms (custom)
2019-09-12 11:52:41,353 [pool-49-thread-1] INFO  server.RaftServerConfigKeys (ConfUtils.java:logGet(43)) - raft.server.rpcslowness.timeout = 120s (custom)
2019-09-12 11:52:41,353 [pool-49-thread-1] INFO  server.RaftServerConfigKeys (ConfUtils.java:logGet(43)) - raft.server.sleep.deviation.threshold = 300 (default)
2019-09-12 11:52:41,353 [pool-49-thread-1] INFO  server.RaftServerConfigKeys (ConfUtils.java:logGet(43)) - raft.server.log.appender.install.snapshot.enabled = false (custom)
2019-09-12 11:52:41,353 [pool-49-thread-1] INFO  impl.RaftServerImpl (ServerState.java:<init>(105)) - c6bd64fc-18cd-443d-877c-c0f9224bafd0:group-7737BFE54F48 ConfigurationManager, init=-1: [c6bd64fc-18cd-443d-877c-c0f9224bafd0:192.168.36.114:39747], old=null, confs=<EMPTY_MAP>
2019-09-12 11:52:41,353 [pool-49-thread-1] INFO  server.RaftServerConfigKeys (ConfUtils.java:logGet(43)) - raft.server.storage.dir = [/workdir/hadoop-ozone/tools/target/test-dir/MiniOzoneClusterImpl-b7a5d7f5-b39f-413b-a414-789b31b847f8/datanode-2/data/ratis] (custom)
2019-09-12 11:52:41,354 [pool-49-thread-1] INFO  storage.RaftStorageDirectory (RaftStorageDirectory.java:analyzeStorage(246)) - The storage directory /workdir/hadoop-ozone/tools/target/test-dir/MiniOzoneClusterImpl-b7a5d7f5-b39f-413b-a414-789b31b847f8/datanode-2/data/ratis/290bcbea-6f08-473b-821b-7737bfe54f48 does not exist. Creating ...
2019-09-12 11:52:41,367 [pool-49-thread-1] INFO  storage.RaftStorageDirectory (RaftStorageDirectory.java:tryLock(328)) - Lock on /workdir/hadoop-ozone/tools/target/test-dir/MiniOzoneClusterImpl-b7a5d7f5-b39f-413b-a414-789b31b847f8/datanode-2/data/ratis/290bcbea-6f08-473b-821b-7737bfe54f48/in_use.lock acquired by nodename 22770@pr-hdds-1569-58hkm-1881083799
2019-09-12 11:52:41,380 [pool-49-thread-1] INFO  storage.RaftStorage (RaftStorage.java:format(72)) - Storage directory /workdir/hadoop-ozone/tools/target/test-dir/MiniOzoneClusterImpl-b7a5d7f5-b39f-413b-a414-789b31b847f8/datanode-2/data/ratis/290bcbea-6f08-473b-821b-7737bfe54f48 has been successfully formatted.
2019-09-12 11:52:41,381 [pool-49-thread-1] INFO  ratis.ContainerStateMachine (ContainerStateMachine.java:loadSnapshot(226)) - group-7737BFE54F48: The snapshot info is null. Setting the last applied indexto:(t:0, i:~)
2019-09-12 11:52:41,381 [pool-49-thread-1] INFO  server.RaftServerConfigKeys (ConfUtils.java:logGet(43)) - raft.server.leader.election.timeout = 120s (custom)
2019-09-12 11:52:41,381 [pool-49-thread-1] INFO  server.RaftServerConfigKeys (ConfUtils.java:logGet(43)) - raft.server.log.use.memory = false (default)
2019-09-12 11:52:41,381 [pool-49-thread-1] INFO  server.RaftServerConfigKeys (ConfUtils.java:logGet(43)) - raft.server.log.purge.gap = 1000000 (custom)
2019-09-12 11:52:41,381 [pool-49-thread-1] INFO  server.RaftServerConfigKeys (ConfUtils.java:logGet(43)) - raft.server.log.appender.buffer.byte-limit = 33554432 (custom)
2019-09-12 11:52:41,382 [pool-49-thread-1] INFO  server.RaftServerConfigKeys (ConfUtils.java:logGet(43)) - raft.server.log.segment.size.max = 1048576 (custom)
2019-09-12 11:52:41,382 [pool-49-thread-1] INFO  server.RaftServerConfigKeys (ConfUtils.java:logGet(43)) - raft.server.log.segment.cache.num.max = 2 (custom)
2019-09-12 11:52:41,382 [pool-49-thread-1] INFO  segmented.SegmentedRaftLogWorker (SegmentedRaftLogWorker.java:<init>(172)) - new c6bd64fc-18cd-443d-877c-c0f9224bafd0-SegmentedRaftLogWorker:Storage Directory /workdir/hadoop-ozone/tools/target/test-dir/MiniOzoneClusterImpl-b7a5d7f5-b39f-413b-a414-789b31b847f8/datanode-2/data/ratis/290bcbea-6f08-473b-821b-7737bfe54f48 for RaftStorage:Storage Directory /workdir/hadoop-ozone/tools/target/test-dir/MiniOzoneClusterImpl-b7a5d7f5-b39f-413b-a414-789b31b847f8/datanode-2/data/ratis/290bcbea-6f08-473b-821b-7737bfe54f48
2019-09-12 11:52:41,382 [pool-49-thread-1] INFO  server.RaftServerConfigKeys (ConfUtils.java:logGet(43)) - raft.server.log.queue.byte-limit = 2147483647 (custom)
2019-09-12 11:52:41,382 [pool-49-thread-1] INFO  server.RaftServerConfigKeys (ConfUtils.java:logGet(43)) - raft.server.log.queue.element-limit = 1024 (custom)
2019-09-12 11:52:41,382 [pool-49-thread-1] INFO  server.RaftServerConfigKeys (ConfUtils.java:logGet(43)) - raft.server.log.segment.size.max = 1048576 (custom)
2019-09-12 11:52:41,383 [pool-49-thread-1] INFO  server.RaftServerConfigKeys (ConfUtils.java:logGet(43)) - raft.server.log.preallocated.size = 16384 (custom)
2019-09-12 11:52:41,383 [pool-49-thread-1] INFO  server.RaftServerConfigKeys (ConfUtils.java:logGet(43)) - raft.server.log.write.buffer.size = 33554432 (custom)
2019-09-12 11:52:41,383 [pool-49-thread-1] INFO  server.RaftServerConfigKeys (ConfUtils.java:logGet(43)) - raft.server.log.force.sync.num = 128 (default)
2019-09-12 11:52:41,383 [pool-49-thread-1] INFO  server.RaftServerConfigKeys (ConfUtils.java:logGet(43)) - raft.server.log.statemachine.data.sync = true (default)
2019-09-12 11:52:41,383 [pool-49-thread-1] INFO  server.RaftServerConfigKeys (ConfUtils.java:logGet(43)) - raft.server.log.statemachine.data.sync.timeout = 10s (default)
2019-09-12 11:52:41,383 [pool-49-thread-1] INFO  server.RaftServerConfigKeys (ConfUtils.java:logGet(43)) - raft.server.log.statemachine.data.sync.timeout.retry = -1 (default)
2019-09-12 11:52:41,384 [pool-49-thread-1] INFO  server.RaftServerConfigKeys (ConfUtils.java:logGet(43)) - raft.server.log.statemachine.data.caching.enabled = true (custom)
2019-09-12 11:52:41,384 [pool-49-thread-1] INFO  segmented.SegmentedRaftLogWorker (SegmentedRaftLogWorker.java:lambda$new$0(132)) - c6bd64fc-18cd-443d-877c-c0f9224bafd0-SegmentedRaftLogWorker:Storage Directory /workdir/hadoop-ozone/tools/target/test-dir/MiniOzoneClusterImpl-b7a5d7f5-b39f-413b-a414-789b31b847f8/datanode-2/data/ratis/290bcbea-6f08-473b-821b-7737bfe54f48: flushIndex: setUnconditionally 0 -> -1
2019-09-12 11:52:41,385 [pool-49-thread-1] INFO  server.RaftServerConfigKeys (ConfUtils.java:logGet(43)) - raft.server.snapshot.auto.trigger.enabled = true (custom)
2019-09-12 11:52:41,385 [pool-49-thread-1] INFO  server.RaftServerConfigKeys (ConfUtils.java:logGet(43)) - raft.server.snapshot.auto.trigger.threshold = 10000 (custom)
2019-09-12 11:52:41,385 [pool-49-thread-1] INFO  server.RaftServerConfigKeys (ConfUtils.java:logGet(43)) - raft.server.retrycache.expirytime = 600000ms (custom)
2019-09-12 11:52:41,386 [pool-49-thread-1] INFO  impl.RaftServerImpl (RaftServerImpl.java:start(180)) - c6bd64fc-18cd-443d-877c-c0f9224bafd0: start group-7737BFE54F48
2019-09-12 11:52:41,386 [pool-49-thread-1] INFO  impl.RaftServerImpl (RaftServerImpl.java:setRole(171)) - c6bd64fc-18cd-443d-877c-c0f9224bafd0:group-7737BFE54F48 changes role from null to FOLLOWER at term 0 for startAsFollower
2019-09-12 11:52:41,386 [pool-49-thread-1] INFO  impl.RoleInfo (RoleInfo.java:updateAndGet(143)) - c6bd64fc-18cd-443d-877c-c0f9224bafd0: start FollowerState
2019-09-12 11:52:41,387 [pool-49-thread-1] INFO  util.JmxRegister (JmxRegister.java:tryRegister(44)) - Successfully registered JMX Bean with object name Ratis:service=RaftServer,group=group-7737BFE54F48,id=c6bd64fc-18cd-443d-877c-c0f9224bafd0
2019-09-12 11:52:41,392 [RatisPipelineUtilsThread] INFO  pipeline.PipelineStateManager (PipelineStateManager.java:addPipeline(56)) - Created pipeline Pipeline[ Id: 290bcbea-6f08-473b-821b-7737bfe54f48, Nodes: c6bd64fc-18cd-443d-877c-c0f9224bafd0{ip: 192.168.36.114, host: pr-hdds-1569-58hkm-1881083799, networkLocation: /default-rack, certSerialId: null}, Type:RATIS, Factor:ONE, State:OPEN]
2019-09-12 11:52:41,404 | INFO  | SCMAudit | user=jenkins1000 | ip=192.168.36.114 | op=SEND_HEARTBEAT {datanodeUUID=111edd97-ea51-41ea-a74c-30103f3be193, command=[]} | ret=SUCCESS |  
2019-09-12 11:52:41,408 [grpc-default-executor-0] INFO  impl.RaftServerProxy (RaftServerProxy.java:addNew(89)) - 111edd97-ea51-41ea-a74c-30103f3be193: addNew group-8F19ABC99181:[111edd97-ea51-41ea-a74c-30103f3be193:192.168.36.114:45736] returns group-8F19ABC99181:java.util.concurrent.CompletableFuture@15449682[Not completed]
2019-09-12 11:52:41,409 [pool-38-thread-1] INFO  impl.RaftServerImpl (RaftServerImpl.java:<init>(93)) - 111edd97-ea51-41ea-a74c-30103f3be193: new RaftServerImpl for group-8F19ABC99181:[111edd97-ea51-41ea-a74c-30103f3be193:192.168.36.114:45736] with ContainerStateMachine:uninitialized
2019-09-12 11:52:41,410 [pool-38-thread-1] INFO  server.RaftServerConfigKeys (ConfUtils.java:logGet(43)) - raft.server.rpc.timeout.min = 5s (custom)
2019-09-12 11:52:41,410 [pool-38-thread-1] INFO  server.RaftServerConfigKeys (ConfUtils.java:logGet(43)) - raft.server.rpc.timeout.max = 5200ms (custom)
2019-09-12 11:52:41,410 [pool-38-thread-1] INFO  server.RaftServerConfigKeys (ConfUtils.java:logGet(43)) - raft.server.rpcslowness.timeout = 120s (custom)
2019-09-12 11:52:41,410 [pool-38-thread-1] INFO  server.RaftServerConfigKeys (ConfUtils.java:logGet(43)) - raft.server.sleep.deviation.threshold = 300 (default)
2019-09-12 11:52:41,410 [pool-38-thread-1] INFO  server.RaftServerConfigKeys (ConfUtils.java:logGet(43)) - raft.server.log.appender.install.snapshot.enabled = false (custom)
2019-09-12 11:52:41,410 [pool-38-thread-1] INFO  impl.RaftServerImpl (ServerState.java:<init>(105)) - 111edd97-ea51-41ea-a74c-30103f3be193:group-8F19ABC99181 ConfigurationManager, init=-1: [111edd97-ea51-41ea-a74c-30103f3be193:192.168.36.114:45736], old=null, confs=<EMPTY_MAP>
2019-09-12 11:52:41,411 [pool-38-thread-1] INFO  server.RaftServerConfigKeys (ConfUtils.java:logGet(43)) - raft.server.storage.dir = [/workdir/hadoop-ozone/tools/target/test-dir/MiniOzoneClusterImpl-b7a5d7f5-b39f-413b-a414-789b31b847f8/datanode-1/data/ratis] (custom)
2019-09-12 11:52:41,411 [pool-38-thread-1] INFO  storage.RaftStorageDirectory (RaftStorageDirectory.java:analyzeStorage(246)) - The storage directory /workdir/hadoop-ozone/tools/target/test-dir/MiniOzoneClusterImpl-b7a5d7f5-b39f-413b-a414-789b31b847f8/datanode-1/data/ratis/d12dc5cd-53e1-49f9-9e1f-8f19abc99181 does not exist. Creating ...
2019-09-12 11:52:41,424 [pool-38-thread-1] INFO  storage.RaftStorageDirectory (RaftStorageDirectory.java:tryLock(328)) - Lock on /workdir/hadoop-ozone/tools/target/test-dir/MiniOzoneClusterImpl-b7a5d7f5-b39f-413b-a414-789b31b847f8/datanode-1/data/ratis/d12dc5cd-53e1-49f9-9e1f-8f19abc99181/in_use.lock acquired by nodename 22770@pr-hdds-1569-58hkm-1881083799
2019-09-12 11:52:41,438 [pool-38-thread-1] INFO  storage.RaftStorage (RaftStorage.java:format(72)) - Storage directory /workdir/hadoop-ozone/tools/target/test-dir/MiniOzoneClusterImpl-b7a5d7f5-b39f-413b-a414-789b31b847f8/datanode-1/data/ratis/d12dc5cd-53e1-49f9-9e1f-8f19abc99181 has been successfully formatted.
2019-09-12 11:52:41,438 [pool-38-thread-1] INFO  ratis.ContainerStateMachine (ContainerStateMachine.java:loadSnapshot(226)) - group-8F19ABC99181: The snapshot info is null. Setting the last applied indexto:(t:0, i:~)
2019-09-12 11:52:41,438 [pool-38-thread-1] INFO  server.RaftServerConfigKeys (ConfUtils.java:logGet(43)) - raft.server.leader.election.timeout = 120s (custom)
2019-09-12 11:52:41,439 [pool-38-thread-1] INFO  server.RaftServerConfigKeys (ConfUtils.java:logGet(43)) - raft.server.log.use.memory = false (default)
2019-09-12 11:52:41,439 [pool-38-thread-1] INFO  server.RaftServerConfigKeys (ConfUtils.java:logGet(43)) - raft.server.log.purge.gap = 1000000 (custom)
2019-09-12 11:52:41,439 [pool-38-thread-1] INFO  server.RaftServerConfigKeys (ConfUtils.java:logGet(43)) - raft.server.log.appender.buffer.byte-limit = 33554432 (custom)
2019-09-12 11:52:41,439 [pool-38-thread-1] INFO  server.RaftServerConfigKeys (ConfUtils.java:logGet(43)) - raft.server.log.segment.size.max = 1048576 (custom)
2019-09-12 11:52:41,439 [pool-38-thread-1] INFO  server.RaftServerConfigKeys (ConfUtils.java:logGet(43)) - raft.server.log.segment.cache.num.max = 2 (custom)
2019-09-12 11:52:41,440 [pool-38-thread-1] INFO  segmented.SegmentedRaftLogWorker (SegmentedRaftLogWorker.java:<init>(172)) - new 111edd97-ea51-41ea-a74c-30103f3be193-SegmentedRaftLogWorker:Storage Directory /workdir/hadoop-ozone/tools/target/test-dir/MiniOzoneClusterImpl-b7a5d7f5-b39f-413b-a414-789b31b847f8/datanode-1/data/ratis/d12dc5cd-53e1-49f9-9e1f-8f19abc99181 for RaftStorage:Storage Directory /workdir/hadoop-ozone/tools/target/test-dir/MiniOzoneClusterImpl-b7a5d7f5-b39f-413b-a414-789b31b847f8/datanode-1/data/ratis/d12dc5cd-53e1-49f9-9e1f-8f19abc99181
2019-09-12 11:52:41,440 [pool-38-thread-1] INFO  server.RaftServerConfigKeys (ConfUtils.java:logGet(43)) - raft.server.log.queue.byte-limit = 2147483647 (custom)
2019-09-12 11:52:41,440 [pool-38-thread-1] INFO  server.RaftServerConfigKeys (ConfUtils.java:logGet(43)) - raft.server.log.queue.element-limit = 1024 (custom)
2019-09-12 11:52:41,440 [pool-38-thread-1] INFO  server.RaftServerConfigKeys (ConfUtils.java:logGet(43)) - raft.server.log.segment.size.max = 1048576 (custom)
2019-09-12 11:52:41,440 [pool-38-thread-1] INFO  server.RaftServerConfigKeys (ConfUtils.java:logGet(43)) - raft.server.log.preallocated.size = 16384 (custom)
2019-09-12 11:52:41,441 [pool-38-thread-1] INFO  server.RaftServerConfigKeys (ConfUtils.java:logGet(43)) - raft.server.log.write.buffer.size = 33554432 (custom)
2019-09-12 11:52:41,441 [pool-38-thread-1] INFO  server.RaftServerConfigKeys (ConfUtils.java:logGet(43)) - raft.server.log.force.sync.num = 128 (default)
2019-09-12 11:52:41,441 [pool-38-thread-1] INFO  server.RaftServerConfigKeys (ConfUtils.java:logGet(43)) - raft.server.log.statemachine.data.sync = true (default)
2019-09-12 11:52:41,441 [pool-38-thread-1] INFO  server.RaftServerConfigKeys (ConfUtils.java:logGet(43)) - raft.server.log.statemachine.data.sync.timeout = 10s (default)
2019-09-12 11:52:41,441 [pool-38-thread-1] INFO  server.RaftServerConfigKeys (ConfUtils.java:logGet(43)) - raft.server.log.statemachine.data.sync.timeout.retry = -1 (default)
2019-09-12 11:52:41,441 [pool-38-thread-1] INFO  server.RaftServerConfigKeys (ConfUtils.java:logGet(43)) - raft.server.log.statemachine.data.caching.enabled = true (custom)
2019-09-12 11:52:41,442 [pool-38-thread-1] INFO  segmented.SegmentedRaftLogWorker (SegmentedRaftLogWorker.java:lambda$new$0(132)) - 111edd97-ea51-41ea-a74c-30103f3be193-SegmentedRaftLogWorker:Storage Directory /workdir/hadoop-ozone/tools/target/test-dir/MiniOzoneClusterImpl-b7a5d7f5-b39f-413b-a414-789b31b847f8/datanode-1/data/ratis/d12dc5cd-53e1-49f9-9e1f-8f19abc99181: flushIndex: setUnconditionally 0 -> -1
2019-09-12 11:52:41,442 [pool-38-thread-1] INFO  server.RaftServerConfigKeys (ConfUtils.java:logGet(43)) - raft.server.snapshot.auto.trigger.enabled = true (custom)
2019-09-12 11:52:41,443 [pool-38-thread-1] INFO  server.RaftServerConfigKeys (ConfUtils.java:logGet(43)) - raft.server.snapshot.auto.trigger.threshold = 10000 (custom)
2019-09-12 11:52:41,443 [pool-38-thread-1] INFO  server.RaftServerConfigKeys (ConfUtils.java:logGet(43)) - raft.server.retrycache.expirytime = 600000ms (custom)
2019-09-12 11:52:41,443 [pool-38-thread-1] INFO  impl.RaftServerImpl (RaftServerImpl.java:start(180)) - 111edd97-ea51-41ea-a74c-30103f3be193: start group-8F19ABC99181
2019-09-12 11:52:41,443 [pool-38-thread-1] INFO  impl.RaftServerImpl (RaftServerImpl.java:setRole(171)) - 111edd97-ea51-41ea-a74c-30103f3be193:group-8F19ABC99181 changes role from null to FOLLOWER at term 0 for startAsFollower
2019-09-12 11:52:41,443 [pool-38-thread-1] INFO  impl.RoleInfo (RoleInfo.java:updateAndGet(143)) - 111edd97-ea51-41ea-a74c-30103f3be193: start FollowerState
2019-09-12 11:52:41,444 [pool-38-thread-1] INFO  util.JmxRegister (JmxRegister.java:tryRegister(44)) - Successfully registered JMX Bean with object name Ratis:service=RaftServer,group=group-8F19ABC99181,id=111edd97-ea51-41ea-a74c-30103f3be193
2019-09-12 11:52:41,449 [RatisPipelineUtilsThread] INFO  pipeline.PipelineStateManager (PipelineStateManager.java:addPipeline(56)) - Created pipeline Pipeline[ Id: d12dc5cd-53e1-49f9-9e1f-8f19abc99181, Nodes: 111edd97-ea51-41ea-a74c-30103f3be193{ip: 192.168.36.114, host: pr-hdds-1569-58hkm-1881083799, networkLocation: /default-rack, certSerialId: null}, Type:RATIS, Factor:ONE, State:OPEN]
2019-09-12 11:52:41,451 [RatisPipelineUtilsThread] ERROR pipeline.PipelinePlacementPolicy (PipelinePlacementPolicy.java:meetCriteria(92)) - Pipeline Placement: Doesn't meet the criteria to be viable node. Heaviness: 6
2019-09-12 11:52:41,467 [grpc-default-executor-1] INFO  impl.RaftServerProxy (RaftServerProxy.java:addNew(89)) - c6bd64fc-18cd-443d-877c-c0f9224bafd0: addNew group-F63130896564:[c6bd64fc-18cd-443d-877c-c0f9224bafd0:192.168.36.114:39747] returns group-F63130896564:java.util.concurrent.CompletableFuture@3492b2e3[Not completed]
2019-09-12 11:52:41,470 [pool-49-thread-1] INFO  impl.RaftServerImpl (RaftServerImpl.java:<init>(93)) - c6bd64fc-18cd-443d-877c-c0f9224bafd0: new RaftServerImpl for group-F63130896564:[c6bd64fc-18cd-443d-877c-c0f9224bafd0:192.168.36.114:39747] with ContainerStateMachine:uninitialized
2019-09-12 11:52:41,470 [pool-49-thread-1] INFO  server.RaftServerConfigKeys (ConfUtils.java:logGet(43)) - raft.server.rpc.timeout.min = 5s (custom)
2019-09-12 11:52:41,470 [pool-49-thread-1] INFO  server.RaftServerConfigKeys (ConfUtils.java:logGet(43)) - raft.server.rpc.timeout.max = 5200ms (custom)
2019-09-12 11:52:41,470 [pool-49-thread-1] INFO  server.RaftServerConfigKeys (ConfUtils.java:logGet(43)) - raft.server.rpcslowness.timeout = 120s (custom)
2019-09-12 11:52:41,470 [pool-49-thread-1] INFO  server.RaftServerConfigKeys (ConfUtils.java:logGet(43)) - raft.server.sleep.deviation.threshold = 300 (default)
2019-09-12 11:52:41,471 [pool-49-thread-1] INFO  server.RaftServerConfigKeys (ConfUtils.java:logGet(43)) - raft.server.log.appender.install.snapshot.enabled = false (custom)
2019-09-12 11:52:41,471 [pool-49-thread-1] INFO  impl.RaftServerImpl (ServerState.java:<init>(105)) - c6bd64fc-18cd-443d-877c-c0f9224bafd0:group-F63130896564 ConfigurationManager, init=-1: [c6bd64fc-18cd-443d-877c-c0f9224bafd0:192.168.36.114:39747], old=null, confs=<EMPTY_MAP>
2019-09-12 11:52:41,471 [pool-49-thread-1] INFO  server.RaftServerConfigKeys (ConfUtils.java:logGet(43)) - raft.server.storage.dir = [/workdir/hadoop-ozone/tools/target/test-dir/MiniOzoneClusterImpl-b7a5d7f5-b39f-413b-a414-789b31b847f8/datanode-2/data/ratis] (custom)
2019-09-12 11:52:41,472 [pool-49-thread-1] INFO  storage.RaftStorageDirectory (RaftStorageDirectory.java:analyzeStorage(246)) - The storage directory /workdir/hadoop-ozone/tools/target/test-dir/MiniOzoneClusterImpl-b7a5d7f5-b39f-413b-a414-789b31b847f8/datanode-2/data/ratis/7d6b0c48-865e-412b-ab86-f63130896564 does not exist. Creating ...
2019-09-12 11:52:41,484 [pool-49-thread-1] INFO  storage.RaftStorageDirectory (RaftStorageDirectory.java:tryLock(328)) - Lock on /workdir/hadoop-ozone/tools/target/test-dir/MiniOzoneClusterImpl-b7a5d7f5-b39f-413b-a414-789b31b847f8/datanode-2/data/ratis/7d6b0c48-865e-412b-ab86-f63130896564/in_use.lock acquired by nodename 22770@pr-hdds-1569-58hkm-1881083799
2019-09-12 11:52:41,497 [pool-49-thread-1] INFO  storage.RaftStorage (RaftStorage.java:format(72)) - Storage directory /workdir/hadoop-ozone/tools/target/test-dir/MiniOzoneClusterImpl-b7a5d7f5-b39f-413b-a414-789b31b847f8/datanode-2/data/ratis/7d6b0c48-865e-412b-ab86-f63130896564 has been successfully formatted.
2019-09-12 11:52:41,497 [pool-49-thread-1] INFO  ratis.ContainerStateMachine (ContainerStateMachine.java:loadSnapshot(226)) - group-F63130896564: The snapshot info is null. Setting the last applied indexto:(t:0, i:~)
2019-09-12 11:52:41,498 [pool-49-thread-1] INFO  server.RaftServerConfigKeys (ConfUtils.java:logGet(43)) - raft.server.leader.election.timeout = 120s (custom)
2019-09-12 11:52:41,498 [pool-49-thread-1] INFO  server.RaftServerConfigKeys (ConfUtils.java:logGet(43)) - raft.server.log.use.memory = false (default)
2019-09-12 11:52:41,498 [pool-49-thread-1] INFO  server.RaftServerConfigKeys (ConfUtils.java:logGet(43)) - raft.server.log.purge.gap = 1000000 (custom)
2019-09-12 11:52:41,498 [pool-49-thread-1] INFO  server.RaftServerConfigKeys (ConfUtils.java:logGet(43)) - raft.server.log.appender.buffer.byte-limit = 33554432 (custom)
2019-09-12 11:52:41,498 [pool-49-thread-1] INFO  server.RaftServerConfigKeys (ConfUtils.java:logGet(43)) - raft.server.log.segment.size.max = 1048576 (custom)
2019-09-12 11:52:41,499 [pool-49-thread-1] INFO  server.RaftServerConfigKeys (ConfUtils.java:logGet(43)) - raft.server.log.segment.cache.num.max = 2 (custom)
2019-09-12 11:52:41,499 [pool-49-thread-1] INFO  segmented.SegmentedRaftLogWorker (SegmentedRaftLogWorker.java:<init>(172)) - new c6bd64fc-18cd-443d-877c-c0f9224bafd0-SegmentedRaftLogWorker:Storage Directory /workdir/hadoop-ozone/tools/target/test-dir/MiniOzoneClusterImpl-b7a5d7f5-b39f-413b-a414-789b31b847f8/datanode-2/data/ratis/7d6b0c48-865e-412b-ab86-f63130896564 for RaftStorage:Storage Directory /workdir/hadoop-ozone/tools/target/test-dir/MiniOzoneClusterImpl-b7a5d7f5-b39f-413b-a414-789b31b847f8/datanode-2/data/ratis/7d6b0c48-865e-412b-ab86-f63130896564
2019-09-12 11:52:41,499 [pool-49-thread-1] INFO  server.RaftServerConfigKeys (ConfUtils.java:logGet(43)) - raft.server.log.queue.byte-limit = 2147483647 (custom)
2019-09-12 11:52:41,499 [pool-49-thread-1] INFO  server.RaftServerConfigKeys (ConfUtils.java:logGet(43)) - raft.server.log.queue.element-limit = 1024 (custom)
2019-09-12 11:52:41,499 [pool-49-thread-1] INFO  server.RaftServerConfigKeys (ConfUtils.java:logGet(43)) - raft.server.log.segment.size.max = 1048576 (custom)
2019-09-12 11:52:41,500 [pool-49-thread-1] INFO  server.RaftServerConfigKeys (ConfUtils.java:logGet(43)) - raft.server.log.preallocated.size = 16384 (custom)
2019-09-12 11:52:41,500 [pool-49-thread-1] INFO  server.RaftServerConfigKeys (ConfUtils.java:logGet(43)) - raft.server.log.write.buffer.size = 33554432 (custom)
2019-09-12 11:52:41,500 [pool-49-thread-1] INFO  server.RaftServerConfigKeys (ConfUtils.java:logGet(43)) - raft.server.log.force.sync.num = 128 (default)
2019-09-12 11:52:41,500 [pool-49-thread-1] INFO  server.RaftServerConfigKeys (ConfUtils.java:logGet(43)) - raft.server.log.statemachine.data.sync = true (default)
2019-09-12 11:52:41,500 [pool-49-thread-1] INFO  server.RaftServerConfigKeys (ConfUtils.java:logGet(43)) - raft.server.log.statemachine.data.sync.timeout = 10s (default)
2019-09-12 11:52:41,500 [pool-49-thread-1] INFO  server.RaftServerConfigKeys (ConfUtils.java:logGet(43)) - raft.server.log.statemachine.data.sync.timeout.retry = -1 (default)
2019-09-12 11:52:41,501 [pool-49-thread-1] INFO  server.RaftServerConfigKeys (ConfUtils.java:logGet(43)) - raft.server.log.statemachine.data.caching.enabled = true (custom)
2019-09-12 11:52:41,501 [pool-49-thread-1] INFO  segmented.SegmentedRaftLogWorker (SegmentedRaftLogWorker.java:lambda$new$0(132)) - c6bd64fc-18cd-443d-877c-c0f9224bafd0-SegmentedRaftLogWorker:Storage Directory /workdir/hadoop-ozone/tools/target/test-dir/MiniOzoneClusterImpl-b7a5d7f5-b39f-413b-a414-789b31b847f8/datanode-2/data/ratis/7d6b0c48-865e-412b-ab86-f63130896564: flushIndex: setUnconditionally 0 -> -1
2019-09-12 11:52:41,502 [pool-49-thread-1] INFO  server.RaftServerConfigKeys (ConfUtils.java:logGet(43)) - raft.server.snapshot.auto.trigger.enabled = true (custom)
2019-09-12 11:52:41,502 [pool-49-thread-1] INFO  server.RaftServerConfigKeys (ConfUtils.java:logGet(43)) - raft.server.snapshot.auto.trigger.threshold = 10000 (custom)
2019-09-12 11:52:41,502 [pool-49-thread-1] INFO  server.RaftServerConfigKeys (ConfUtils.java:logGet(43)) - raft.server.retrycache.expirytime = 600000ms (custom)
2019-09-12 11:52:41,502 [pool-49-thread-1] INFO  impl.RaftServerImpl (RaftServerImpl.java:start(180)) - c6bd64fc-18cd-443d-877c-c0f9224bafd0: start group-F63130896564
2019-09-12 11:52:41,503 [pool-49-thread-1] INFO  impl.RaftServerImpl (RaftServerImpl.java:setRole(171)) - c6bd64fc-18cd-443d-877c-c0f9224bafd0:group-F63130896564 changes role from null to FOLLOWER at term 0 for startAsFollower
2019-09-12 11:52:41,503 [pool-49-thread-1] INFO  impl.RoleInfo (RoleInfo.java:updateAndGet(143)) - c6bd64fc-18cd-443d-877c-c0f9224bafd0: start FollowerState
2019-09-12 11:52:41,503 [pool-49-thread-1] INFO  util.JmxRegister (JmxRegister.java:tryRegister(44)) - Successfully registered JMX Bean with object name Ratis:service=RaftServer,group=group-F63130896564,id=c6bd64fc-18cd-443d-877c-c0f9224bafd0
 0.00% |█                                                                                                    |  0/1 Time: 0:00:012019-09-12 11:52:41,508 [RatisPipelineUtilsThread] INFO  pipeline.PipelineStateManager (PipelineStateManager.java:addPipeline(56)) - Created pipeline Pipeline[ Id: 7d6b0c48-865e-412b-ab86-f63130896564, Nodes: c6bd64fc-18cd-443d-877c-c0f9224bafd0{ip: 192.168.36.114, host: pr-hdds-1569-58hkm-1881083799, networkLocation: /default-rack, certSerialId: null}, Type:RATIS, Factor:ONE, State:OPEN]
2019-09-12 11:52:41,510 [RatisPipelineUtilsThread] ERROR pipeline.PipelinePlacementPolicy (PipelinePlacementPolicy.java:meetCriteria(92)) - Pipeline Placement: Doesn't meet the criteria to be viable node. Heaviness: 6
2019-09-12 11:52:41,510 [RatisPipelineUtilsThread] ERROR pipeline.PipelinePlacementPolicy (PipelinePlacementPolicy.java:meetCriteria(92)) - Pipeline Placement: Doesn't meet the criteria to be viable node. Heaviness: 6
2019-09-12 11:52:41,521 [grpc-default-executor-1] INFO  impl.RaftServerProxy (RaftServerProxy.java:addNew(89)) - 1972eedd-a35b-49f1-a8bd-2e8474cbe90f: addNew group-798DF7A2E34C:[1972eedd-a35b-49f1-a8bd-2e8474cbe90f:192.168.36.114:40263] returns group-798DF7A2E34C:java.util.concurrent.CompletableFuture@3e6ad993[Not completed]
2019-09-12 11:52:41,522 [pool-27-thread-1] INFO  impl.RaftServerImpl (RaftServerImpl.java:<init>(93)) - 1972eedd-a35b-49f1-a8bd-2e8474cbe90f: new RaftServerImpl for group-798DF7A2E34C:[1972eedd-a35b-49f1-a8bd-2e8474cbe90f:192.168.36.114:40263] with ContainerStateMachine:uninitialized
2019-09-12 11:52:41,523 [pool-27-thread-1] INFO  server.RaftServerConfigKeys (ConfUtils.java:logGet(43)) - raft.server.rpc.timeout.min = 5s (custom)
2019-09-12 11:52:41,523 [pool-27-thread-1] INFO  server.RaftServerConfigKeys (ConfUtils.java:logGet(43)) - raft.server.rpc.timeout.max = 5200ms (custom)
2019-09-12 11:52:41,523 [pool-27-thread-1] INFO  server.RaftServerConfigKeys (ConfUtils.java:logGet(43)) - raft.server.rpcslowness.timeout = 120s (custom)
2019-09-12 11:52:41,523 [pool-27-thread-1] INFO  server.RaftServerConfigKeys (ConfUtils.java:logGet(43)) - raft.server.sleep.deviation.threshold = 300 (default)
2019-09-12 11:52:41,523 [pool-27-thread-1] INFO  server.RaftServerConfigKeys (ConfUtils.java:logGet(43)) - raft.server.log.appender.install.snapshot.enabled = false (custom)
2019-09-12 11:52:41,523 [pool-27-thread-1] INFO  impl.RaftServerImpl (ServerState.java:<init>(105)) - 1972eedd-a35b-49f1-a8bd-2e8474cbe90f:group-798DF7A2E34C ConfigurationManager, init=-1: [1972eedd-a35b-49f1-a8bd-2e8474cbe90f:192.168.36.114:40263], old=null, confs=<EMPTY_MAP>
2019-09-12 11:52:41,524 [pool-27-thread-1] INFO  server.RaftServerConfigKeys (ConfUtils.java:logGet(43)) - raft.server.storage.dir = [/workdir/hadoop-ozone/tools/target/test-dir/MiniOzoneClusterImpl-b7a5d7f5-b39f-413b-a414-789b31b847f8/datanode-0/data/ratis] (custom)
2019-09-12 11:52:41,524 [pool-27-thread-1] INFO  storage.RaftStorageDirectory (RaftStorageDirectory.java:analyzeStorage(246)) - The storage directory /workdir/hadoop-ozone/tools/target/test-dir/MiniOzoneClusterImpl-b7a5d7f5-b39f-413b-a414-789b31b847f8/datanode-0/data/ratis/7dcccd9c-0ada-4fda-bac2-798df7a2e34c does not exist. Creating ...
2019-09-12 11:52:41,549 [pool-27-thread-1] INFO  storage.RaftStorageDirectory (RaftStorageDirectory.java:tryLock(328)) - Lock on /workdir/hadoop-ozone/tools/target/test-dir/MiniOzoneClusterImpl-b7a5d7f5-b39f-413b-a414-789b31b847f8/datanode-0/data/ratis/7dcccd9c-0ada-4fda-bac2-798df7a2e34c/in_use.lock acquired by nodename 22770@pr-hdds-1569-58hkm-1881083799
2019-09-12 11:52:41,562 [pool-27-thread-1] INFO  storage.RaftStorage (RaftStorage.java:format(72)) - Storage directory /workdir/hadoop-ozone/tools/target/test-dir/MiniOzoneClusterImpl-b7a5d7f5-b39f-413b-a414-789b31b847f8/datanode-0/data/ratis/7dcccd9c-0ada-4fda-bac2-798df7a2e34c has been successfully formatted.
2019-09-12 11:52:41,562 [pool-27-thread-1] INFO  ratis.ContainerStateMachine (ContainerStateMachine.java:loadSnapshot(226)) - group-798DF7A2E34C: The snapshot info is null. Setting the last applied indexto:(t:0, i:~)
2019-09-12 11:52:41,562 [pool-27-thread-1] INFO  server.RaftServerConfigKeys (ConfUtils.java:logGet(43)) - raft.server.leader.election.timeout = 120s (custom)
2019-09-12 11:52:41,562 [pool-27-thread-1] INFO  server.RaftServerConfigKeys (ConfUtils.java:logGet(43)) - raft.server.log.use.memory = false (default)
2019-09-12 11:52:41,563 [pool-27-thread-1] INFO  server.RaftServerConfigKeys (ConfUtils.java:logGet(43)) - raft.server.log.purge.gap = 1000000 (custom)
2019-09-12 11:52:41,563 [pool-27-thread-1] INFO  server.RaftServerConfigKeys (ConfUtils.java:logGet(43)) - raft.server.log.appender.buffer.byte-limit = 33554432 (custom)
2019-09-12 11:52:41,563 [pool-27-thread-1] INFO  server.RaftServerConfigKeys (ConfUtils.java:logGet(43)) - raft.server.log.segment.size.max = 1048576 (custom)
2019-09-12 11:52:41,563 [pool-27-thread-1] INFO  server.RaftServerConfigKeys (ConfUtils.java:logGet(43)) - raft.server.log.segment.cache.num.max = 2 (custom)
2019-09-12 11:52:41,564 [pool-27-thread-1] INFO  segmented.SegmentedRaftLogWorker (SegmentedRaftLogWorker.java:<init>(172)) - new 1972eedd-a35b-49f1-a8bd-2e8474cbe90f-SegmentedRaftLogWorker:Storage Directory /workdir/hadoop-ozone/tools/target/test-dir/MiniOzoneClusterImpl-b7a5d7f5-b39f-413b-a414-789b31b847f8/datanode-0/data/ratis/7dcccd9c-0ada-4fda-bac2-798df7a2e34c for RaftStorage:Storage Directory /workdir/hadoop-ozone/tools/target/test-dir/MiniOzoneClusterImpl-b7a5d7f5-b39f-413b-a414-789b31b847f8/datanode-0/data/ratis/7dcccd9c-0ada-4fda-bac2-798df7a2e34c
2019-09-12 11:52:41,564 [pool-27-thread-1] INFO  server.RaftServerConfigKeys (ConfUtils.java:logGet(43)) - raft.server.log.queue.byte-limit = 2147483647 (custom)
2019-09-12 11:52:41,564 [pool-27-thread-1] INFO  server.RaftServerConfigKeys (ConfUtils.java:logGet(43)) - raft.server.log.queue.element-limit = 1024 (custom)
2019-09-12 11:52:41,564 [pool-27-thread-1] INFO  server.RaftServerConfigKeys (ConfUtils.java:logGet(43)) - raft.server.log.segment.size.max = 1048576 (custom)
2019-09-12 11:52:41,564 [pool-27-thread-1] INFO  server.RaftServerConfigKeys (ConfUtils.java:logGet(43)) - raft.server.log.preallocated.size = 16384 (custom)
2019-09-12 11:52:41,565 [pool-27-thread-1] INFO  server.RaftServerConfigKeys (ConfUtils.java:logGet(43)) - raft.server.log.write.buffer.size = 33554432 (custom)
2019-09-12 11:52:41,565 [pool-27-thread-1] INFO  server.RaftServerConfigKeys (ConfUtils.java:logGet(43)) - raft.server.log.force.sync.num = 128 (default)
2019-09-12 11:52:41,565 [pool-27-thread-1] INFO  server.RaftServerConfigKeys (ConfUtils.java:logGet(43)) - raft.server.log.statemachine.data.sync = true (default)
2019-09-12 11:52:41,565 [pool-27-thread-1] INFO  server.RaftServerConfigKeys (ConfUtils.java:logGet(43)) - raft.server.log.statemachine.data.sync.timeout = 10s (default)
2019-09-12 11:52:41,565 [pool-27-thread-1] INFO  server.RaftServerConfigKeys (ConfUtils.java:logGet(43)) - raft.server.log.statemachine.data.sync.timeout.retry = -1 (default)
2019-09-12 11:52:41,566 [pool-27-thread-1] INFO  server.RaftServerConfigKeys (ConfUtils.java:logGet(43)) - raft.server.log.statemachine.data.caching.enabled = true (custom)
2019-09-12 11:52:41,566 [pool-27-thread-1] INFO  segmented.SegmentedRaftLogWorker (SegmentedRaftLogWorker.java:lambda$new$0(132)) - 1972eedd-a35b-49f1-a8bd-2e8474cbe90f-SegmentedRaftLogWorker:Storage Directory /workdir/hadoop-ozone/tools/target/test-dir/MiniOzoneClusterImpl-b7a5d7f5-b39f-413b-a414-789b31b847f8/datanode-0/data/ratis/7dcccd9c-0ada-4fda-bac2-798df7a2e34c: flushIndex: setUnconditionally 0 -> -1
2019-09-12 11:52:41,567 [pool-27-thread-1] INFO  server.RaftServerConfigKeys (ConfUtils.java:logGet(43)) - raft.server.snapshot.auto.trigger.enabled = true (custom)
2019-09-12 11:52:41,567 [pool-27-thread-1] INFO  server.RaftServerConfigKeys (ConfUtils.java:logGet(43)) - raft.server.snapshot.auto.trigger.threshold = 10000 (custom)
2019-09-12 11:52:41,567 [pool-27-thread-1] INFO  server.RaftServerConfigKeys (ConfUtils.java:logGet(43)) - raft.server.retrycache.expirytime = 600000ms (custom)
2019-09-12 11:52:41,568 [pool-27-thread-1] INFO  impl.RaftServerImpl (RaftServerImpl.java:start(180)) - 1972eedd-a35b-49f1-a8bd-2e8474cbe90f: start group-798DF7A2E34C
2019-09-12 11:52:41,568 [pool-27-thread-1] INFO  impl.RaftServerImpl (RaftServerImpl.java:setRole(171)) - 1972eedd-a35b-49f1-a8bd-2e8474cbe90f:group-798DF7A2E34C changes role from null to FOLLOWER at term 0 for startAsFollower
2019-09-12 11:52:41,568 [pool-27-thread-1] INFO  impl.RoleInfo (RoleInfo.java:updateAndGet(143)) - 1972eedd-a35b-49f1-a8bd-2e8474cbe90f: start FollowerState
2019-09-12 11:52:41,569 [pool-27-thread-1] INFO  util.JmxRegister (JmxRegister.java:tryRegister(44)) - Successfully registered JMX Bean with object name Ratis:service=RaftServer,group=group-798DF7A2E34C,id=1972eedd-a35b-49f1-a8bd-2e8474cbe90f
2019-09-12 11:52:41,574 [RatisPipelineUtilsThread] INFO  pipeline.PipelineStateManager (PipelineStateManager.java:addPipeline(56)) - Created pipeline Pipeline[ Id: 7dcccd9c-0ada-4fda-bac2-798df7a2e34c, Nodes: 1972eedd-a35b-49f1-a8bd-2e8474cbe90f{ip: 192.168.36.114, host: pr-hdds-1569-58hkm-1881083799, networkLocation: /default-rack, certSerialId: null}, Type:RATIS, Factor:ONE, State:OPEN]
2019-09-12 11:52:41,576 [RatisPipelineUtilsThread] ERROR pipeline.PipelinePlacementPolicy (PipelinePlacementPolicy.java:meetCriteria(92)) - Pipeline Placement: Doesn't meet the criteria to be viable node. Heaviness: 6
2019-09-12 11:52:41,576 [RatisPipelineUtilsThread] ERROR pipeline.PipelinePlacementPolicy (PipelinePlacementPolicy.java:meetCriteria(92)) - Pipeline Placement: Doesn't meet the criteria to be viable node. Heaviness: 6
2019-09-12 11:52:41,576 [RatisPipelineUtilsThread] ERROR pipeline.PipelinePlacementPolicy (PipelinePlacementPolicy.java:meetCriteria(92)) - Pipeline Placement: Doesn't meet the criteria to be viable node. Heaviness: 6
2019-09-12 11:52:41,576 [RatisPipelineUtilsThread] ERROR pipeline.PipelinePlacementPolicy (PipelinePlacementPolicy.java:filterViableNodes(147)) - Unable to find enough nodes that meet the criteria that cannot engage in more than 5 pipelines. Nodes required: 1 Found: 0, healthy nodes count inNodeManager: 3.
2019-09-12 11:52:41,578 [RatisPipelineUtilsThread] ERROR pipeline.SCMPipelineManager (SCMPipelineManager.java:createPipeline(161)) - Pipeline creation failed due to exception: Unable to find enough nodes that meet the criteria that cannot engage in more than 5 pipelines. Nodes required: 1 Found: 0, healthy nodes count inNodeManager: 3.
2019-09-12 11:52:41,579 [RatisPipelineUtilsThread] ERROR pipeline.PipelinePlacementPolicy (PipelinePlacementPolicy.java:meetCriteria(92)) - Pipeline Placement: Doesn't meet the criteria to be viable node. Heaviness: 6
2019-09-12 11:52:41,579 [RatisPipelineUtilsThread] ERROR pipeline.PipelinePlacementPolicy (PipelinePlacementPolicy.java:meetCriteria(92)) - Pipeline Placement: Doesn't meet the criteria to be viable node. Heaviness: 6
2019-09-12 11:52:41,579 [RatisPipelineUtilsThread] ERROR pipeline.PipelinePlacementPolicy (PipelinePlacementPolicy.java:meetCriteria(92)) - Pipeline Placement: Doesn't meet the criteria to be viable node. Heaviness: 6
2019-09-12 11:52:41,579 [RatisPipelineUtilsThread] ERROR pipeline.PipelinePlacementPolicy (PipelinePlacementPolicy.java:filterViableNodes(147)) - Unable to find enough nodes that meet the criteria that cannot engage in more than 5 pipelines. Nodes required: 3 Found: 0, healthy nodes count inNodeManager: 3.
2019-09-12 11:52:41,580 [RatisPipelineUtilsThread] ERROR pipeline.SCMPipelineManager (SCMPipelineManager.java:createPipeline(161)) - Pipeline creation failed due to exception: Unable to find enough nodes that meet the criteria that cannot engage in more than 5 pipelines. Nodes required: 3 Found: 0, healthy nodes count inNodeManager: 3.
2019-09-12 11:52:41,582 [RatisPipelineUtilsThread] ERROR pipeline.PipelinePlacementPolicy (PipelinePlacementPolicy.java:meetCriteria(92)) - Pipeline Placement: Doesn't meet the criteria to be viable node. Heaviness: 6
2019-09-12 11:52:41,582 [RatisPipelineUtilsThread] ERROR pipeline.PipelinePlacementPolicy (PipelinePlacementPolicy.java:meetCriteria(92)) - Pipeline Placement: Doesn't meet the criteria to be viable node. Heaviness: 6
2019-09-12 11:52:41,582 [RatisPipelineUtilsThread] ERROR pipeline.PipelinePlacementPolicy (PipelinePlacementPolicy.java:meetCriteria(92)) - Pipeline Placement: Doesn't meet the criteria to be viable node. Heaviness: 6
2019-09-12 11:52:41,583 [RatisPipelineUtilsThread] ERROR pipeline.PipelinePlacementPolicy (PipelinePlacementPolicy.java:filterViableNodes(147)) - Unable to find enough nodes that meet the criteria that cannot engage in more than 5 pipelines. Nodes required: 1 Found: 0, healthy nodes count inNodeManager: 3.
2019-09-12 11:52:41,583 [RatisPipelineUtilsThread] ERROR pipeline.SCMPipelineManager (SCMPipelineManager.java:createPipeline(161)) - Pipeline creation failed due to exception: Unable to find enough nodes that meet the criteria that cannot engage in more than 5 pipelines. Nodes required: 1 Found: 0, healthy nodes count inNodeManager: 3.
2019-09-12 11:52:41,583 [RatisPipelineUtilsThread] ERROR pipeline.PipelinePlacementPolicy (PipelinePlacementPolicy.java:meetCriteria(92)) - Pipeline Placement: Doesn't meet the criteria to be viable node. Heaviness: 6
2019-09-12 11:52:41,583 [RatisPipelineUtilsThread] ERROR pipeline.PipelinePlacementPolicy (PipelinePlacementPolicy.java:meetCriteria(92)) - Pipeline Placement: Doesn't meet the criteria to be viable node. Heaviness: 6
2019-09-12 11:52:41,584 [RatisPipelineUtilsThread] ERROR pipeline.PipelinePlacementPolicy (PipelinePlacementPolicy.java:meetCriteria(92)) - Pipeline Placement: Doesn't meet the criteria to be viable node. Heaviness: 6
2019-09-12 11:52:41,584 [RatisPipelineUtilsThread] ERROR pipeline.PipelinePlacementPolicy (PipelinePlacementPolicy.java:filterViableNodes(147)) - Unable to find enough nodes that meet the criteria that cannot engage in more than 5 pipelines. Nodes required: 3 Found: 0, healthy nodes count inNodeManager: 3.
2019-09-12 11:52:41,584 [RatisPipelineUtilsThread] ERROR pipeline.SCMPipelineManager (SCMPipelineManager.java:createPipeline(161)) - Pipeline creation failed due to exception: Unable to find enough nodes that meet the criteria that cannot engage in more than 5 pipelines. Nodes required: 3 Found: 0, healthy nodes count inNodeManager: 3.
2019-09-12 11:52:41,584 [IPC Server handler 0 on 40669] ERROR pipeline.PipelinePlacementPolicy (PipelinePlacementPolicy.java:meetCriteria(92)) - Pipeline Placement: Doesn't meet the criteria to be viable node. Heaviness: 6
2019-09-12 11:52:41,585 [IPC Server handler 0 on 40669] ERROR pipeline.PipelinePlacementPolicy (PipelinePlacementPolicy.java:meetCriteria(92)) - Pipeline Placement: Doesn't meet the criteria to be viable node. Heaviness: 6
2019-09-12 11:52:41,585 [IPC Server handler 0 on 40669] ERROR pipeline.PipelinePlacementPolicy (PipelinePlacementPolicy.java:meetCriteria(92)) - Pipeline Placement: Doesn't meet the criteria to be viable node. Heaviness: 6
2019-09-12 11:52:41,585 [IPC Server handler 0 on 40669] ERROR pipeline.PipelinePlacementPolicy (PipelinePlacementPolicy.java:filterViableNodes(147)) - Unable to find enough nodes that meet the criteria that cannot engage in more than 5 pipelines. Nodes required: 3 Found: 0, healthy nodes count inNodeManager: 3.
2019-09-12 11:52:41,586 [IPC Server handler 0 on 40669] ERROR pipeline.SCMPipelineManager (SCMPipelineManager.java:createPipeline(161)) - Pipeline creation failed due to exception: Unable to find enough nodes that meet the criteria that cannot engage in more than 5 pipelines. Nodes required: 3 Found: 0, healthy nodes count inNodeManager: 3.
2019-09-12 11:52:41,587 [IPC Server handler 0 on 40669] WARN  block.BlockManagerImpl (BlockManagerImpl.java:allocateBlock(192)) - Pipeline creation failed for type:RATIS factor:THREE. Retrying get pipelines call once.
org.apache.hadoop.hdds.scm.exceptions.SCMException: Unable to find enough nodes that meet the criteria that cannot engage in more than 5 pipelines. Nodes required: 3 Found: 0, healthy nodes count inNodeManager: 3.
	at org.apache.hadoop.hdds.scm.pipeline.PipelinePlacementPolicy.filterViableNodes(PipelinePlacementPolicy.java:148)
	at org.apache.hadoop.hdds.scm.pipeline.PipelinePlacementPolicy.chooseDatanodes(PipelinePlacementPolicy.java:171)
	at org.apache.hadoop.hdds.scm.pipeline.RatisPipelineProvider.create(RatisPipelineProvider.java:100)
	at org.apache.hadoop.hdds.scm.pipeline.PipelineFactory.create(PipelineFactory.java:57)
	at org.apache.hadoop.hdds.scm.pipeline.SCMPipelineManager.createPipeline(SCMPipelineManager.java:149)
	at org.apache.hadoop.hdds.scm.block.BlockManagerImpl.allocateBlock(BlockManagerImpl.java:190)
	at org.apache.hadoop.hdds.scm.server.SCMBlockProtocolServer.allocateBlock(SCMBlockProtocolServer.java:175)
	at org.apache.hadoop.ozone.protocolPB.ScmBlockLocationProtocolServerSideTranslatorPB.allocateScmBlock(ScmBlockLocationProtocolServerSideTranslatorPB.java:153)
	at org.apache.hadoop.ozone.protocolPB.ScmBlockLocationProtocolServerSideTranslatorPB.send(ScmBlockLocationProtocolServerSideTranslatorPB.java:112)
	at org.apache.hadoop.hdds.protocol.proto.ScmBlockLocationProtocolProtos$ScmBlockLocationProtocolService$2.callBlockingMethod(ScmBlockLocationProtocolProtos.java:13157)
	at org.apache.hadoop.ipc.ProtobufRpcEngine$Server$ProtoBufRpcInvoker.call(ProtobufRpcEngine.java:524)
	at org.apache.hadoop.ipc.RPC$Server.call(RPC.java:1025)
	at org.apache.hadoop.ipc.Server$RpcCall.run(Server.java:876)
	at org.apache.hadoop.ipc.Server$RpcCall.run(Server.java:822)
	at java.security.AccessController.doPrivileged(Native Method)
	at javax.security.auth.Subject.doAs(Subject.java:422)
	at org.apache.hadoop.security.UserGroupInformation.doAs(UserGroupInformation.java:1730)
	at org.apache.hadoop.ipc.Server$Handler.run(Server.java:2682)
2019-09-12 11:52:41,590 [IPC Server handler 0 on 40669] INFO  block.BlockManagerImpl (BlockManagerImpl.java:allocateBlock(198)) - Could not find available pipeline of type:RATIS and factor:THREE even after retrying
2019-09-12 11:52:41,590 [IPC Server handler 0 on 40669] ERROR block.BlockManagerImpl (BlockManagerImpl.java:allocateBlock(222)) - Unable to allocate a block for the size: 4194304, type: RATIS, factor: THREE
2019-09-12 11:52:41,590 [IPC Server handler 0 on 40669] ERROR pipeline.PipelinePlacementPolicy (PipelinePlacementPolicy.java:meetCriteria(92)) - Pipeline Placement: Doesn't meet the criteria to be viable node. Heaviness: 6
2019-09-12 11:52:41,590 [IPC Server handler 0 on 40669] ERROR pipeline.PipelinePlacementPolicy (PipelinePlacementPolicy.java:meetCriteria(92)) - Pipeline Placement: Doesn't meet the criteria to be viable node. Heaviness: 6
2019-09-12 11:52:41,591 [IPC Server handler 0 on 40669] ERROR pipeline.PipelinePlacementPolicy (PipelinePlacementPolicy.java:meetCriteria(92)) - Pipeline Placement: Doesn't meet the criteria to be viable node. Heaviness: 6
2019-09-12 11:52:41,591 [IPC Server handler 0 on 40669] ERROR pipeline.PipelinePlacementPolicy (PipelinePlacementPolicy.java:filterViableNodes(147)) - Unable to find enough nodes that meet the criteria that cannot engage in more than 5 pipelines. Nodes required: 3 Found: 0, healthy nodes count inNodeManager: 3.
2019-09-12 11:52:41,591 [IPC Server handler 0 on 40669] ERROR pipeline.SCMPipelineManager (SCMPipelineManager.java:createPipeline(161)) - Pipeline creation failed due to exception: Unable to find enough nodes that meet the criteria that cannot engage in more than 5 pipelines. Nodes required: 3 Found: 0, healthy nodes count inNodeManager: 3.
2019-09-12 11:52:41,591 [IPC Server handler 0 on 40669] WARN  block.BlockManagerImpl (BlockManagerImpl.java:allocateBlock(192)) - Pipeline creation failed for type:RATIS factor:THREE. Retrying get pipelines call once.
org.apache.hadoop.hdds.scm.exceptions.SCMException: Unable to find enough nodes that meet the criteria that cannot engage in more than 5 pipelines. Nodes required: 3 Found: 0, healthy nodes count inNodeManager: 3.
	at org.apache.hadoop.hdds.scm.pipeline.PipelinePlacementPolicy.filterViableNodes(PipelinePlacementPolicy.java:148)
	at org.apache.hadoop.hdds.scm.pipeline.PipelinePlacementPolicy.chooseDatanodes(PipelinePlacementPolicy.java:171)
	at org.apache.hadoop.hdds.scm.pipeline.RatisPipelineProvider.create(RatisPipelineProvider.java:100)
	at org.apache.hadoop.hdds.scm.pipeline.PipelineFactory.create(PipelineFactory.java:57)
	at org.apache.hadoop.hdds.scm.pipeline.SCMPipelineManager.createPipeline(SCMPipelineManager.java:149)
	at org.apache.hadoop.hdds.scm.block.BlockManagerImpl.allocateBlock(BlockManagerImpl.java:190)
	at org.apache.hadoop.hdds.scm.server.SCMBlockProtocolServer.allocateBlock(SCMBlockProtocolServer.java:175)
	at org.apache.hadoop.ozone.protocolPB.ScmBlockLocationProtocolServerSideTranslatorPB.allocateScmBlock(ScmBlockLocationProtocolServerSideTranslatorPB.java:153)
	at org.apache.hadoop.ozone.protocolPB.ScmBlockLocationProtocolServerSideTranslatorPB.send(ScmBlockLocationProtocolServerSideTranslatorPB.java:112)
	at org.apache.hadoop.hdds.protocol.proto.ScmBlockLocationProtocolProtos$ScmBlockLocationProtocolService$2.callBlockingMethod(ScmBlockLocationProtocolProtos.java:13157)
	at org.apache.hadoop.ipc.ProtobufRpcEngine$Server$ProtoBufRpcInvoker.call(ProtobufRpcEngine.java:524)
	at org.apache.hadoop.ipc.RPC$Server.call(RPC.java:1025)
	at org.apache.hadoop.ipc.Server$RpcCall.run(Server.java:876)
	at org.apache.hadoop.ipc.Server$RpcCall.run(Server.java:822)
	at java.security.AccessController.doPrivileged(Native Method)
	at javax.security.auth.Subject.doAs(Subject.java:422)
	at org.apache.hadoop.security.UserGroupInformation.doAs(UserGroupInformation.java:1730)
	at org.apache.hadoop.ipc.Server$Handler.run(Server.java:2682)
2019-09-12 11:52:41,594 [IPC Server handler 0 on 40669] INFO  block.BlockManagerImpl (BlockManagerImpl.java:allocateBlock(198)) - Could not find available pipeline of type:RATIS and factor:THREE even after retrying
2019-09-12 11:52:41,595 [IPC Server handler 0 on 40669] ERROR block.BlockManagerImpl (BlockManagerImpl.java:allocateBlock(222)) - Unable to allocate a block for the size: 4194304, type: RATIS, factor: THREE
2019-09-12 11:52:41,595 [IPC Server handler 0 on 40669] ERROR pipeline.PipelinePlacementPolicy (PipelinePlacementPolicy.java:meetCriteria(92)) - Pipeline Placement: Doesn't meet the criteria to be viable node. Heaviness: 6
2019-09-12 11:52:41,595 [IPC Server handler 0 on 40669] ERROR pipeline.PipelinePlacementPolicy (PipelinePlacementPolicy.java:meetCriteria(92)) - Pipeline Placement: Doesn't meet the criteria to be viable node. Heaviness: 6
2019-09-12 11:52:41,595 [IPC Server handler 0 on 40669] ERROR pipeline.PipelinePlacementPolicy (PipelinePlacementPolicy.java:meetCriteria(92)) - Pipeline Placement: Doesn't meet the criteria to be viable node. Heaviness: 6
2019-09-12 11:52:41,596 [IPC Server handler 0 on 40669] ERROR pipeline.PipelinePlacementPolicy (PipelinePlacementPolicy.java:filterViableNodes(147)) - Unable to find enough nodes that meet the criteria that cannot engage in more than 5 pipelines. Nodes required: 3 Found: 0, healthy nodes count inNodeManager: 3.
2019-09-12 11:52:41,596 [IPC Server handler 0 on 40669] ERROR pipeline.SCMPipelineManager (SCMPipelineManager.java:createPipeline(161)) - Pipeline creation failed due to exception: Unable to find enough nodes that meet the criteria that cannot engage in more than 5 pipelines. Nodes required: 3 Found: 0, healthy nodes count inNodeManager: 3.
2019-09-12 11:52:41,596 [IPC Server handler 0 on 40669] WARN  block.BlockManagerImpl (BlockManagerImpl.java:allocateBlock(192)) - Pipeline creation failed for type:RATIS factor:THREE. Retrying get pipelines call once.
org.apache.hadoop.hdds.scm.exceptions.SCMException: Unable to find enough nodes that meet the criteria that cannot engage in more than 5 pipelines. Nodes required: 3 Found: 0, healthy nodes count inNodeManager: 3.
	at org.apache.hadoop.hdds.scm.pipeline.PipelinePlacementPolicy.filterViableNodes(PipelinePlacementPolicy.java:148)
	at org.apache.hadoop.hdds.scm.pipeline.PipelinePlacementPolicy.chooseDatanodes(PipelinePlacementPolicy.java:171)
	at org.apache.hadoop.hdds.scm.pipeline.RatisPipelineProvider.create(RatisPipelineProvider.java:100)
	at org.apache.hadoop.hdds.scm.pipeline.PipelineFactory.create(PipelineFactory.java:57)
	at org.apache.hadoop.hdds.scm.pipeline.SCMPipelineManager.createPipeline(SCMPipelineManager.java:149)
	at org.apache.hadoop.hdds.scm.block.BlockManagerImpl.allocateBlock(BlockManagerImpl.java:190)
	at org.apache.hadoop.hdds.scm.server.SCMBlockProtocolServer.allocateBlock(SCMBlockProtocolServer.java:175)
	at org.apache.hadoop.ozone.protocolPB.ScmBlockLocationProtocolServerSideTranslatorPB.allocateScmBlock(ScmBlockLocationProtocolServerSideTranslatorPB.java:153)
	at org.apache.hadoop.ozone.protocolPB.ScmBlockLocationProtocolServerSideTranslatorPB.send(ScmBlockLocationProtocolServerSideTranslatorPB.java:112)
	at org.apache.hadoop.hdds.protocol.proto.ScmBlockLocationProtocolProtos$ScmBlockLocationProtocolService$2.callBlockingMethod(ScmBlockLocationProtocolProtos.java:13157)
	at org.apache.hadoop.ipc.ProtobufRpcEngine$Server$ProtoBufRpcInvoker.call(ProtobufRpcEngine.java:524)
	at org.apache.hadoop.ipc.RPC$Server.call(RPC.java:1025)
	at org.apache.hadoop.ipc.Server$RpcCall.run(Server.java:876)
	at org.apache.hadoop.ipc.Server$RpcCall.run(Server.java:822)
	at java.security.AccessController.doPrivileged(Native Method)
	at javax.security.auth.Subject.doAs(Subject.java:422)
	at org.apache.hadoop.security.UserGroupInformation.doAs(UserGroupInformation.java:1730)
	at org.apache.hadoop.ipc.Server$Handler.run(Server.java:2682)
2019-09-12 11:52:41,597 [IPC Server handler 0 on 40669] INFO  block.BlockManagerImpl (BlockManagerImpl.java:allocateBlock(198)) - Could not find available pipeline of type:RATIS and factor:THREE even after retrying
2019-09-12 11:52:41,597 [IPC Server handler 0 on 40669] ERROR block.BlockManagerImpl (BlockManagerImpl.java:allocateBlock(222)) - Unable to allocate a block for the size: 4194304, type: RATIS, factor: THREE
2019-09-12 11:52:41,597 [IPC Server handler 0 on 40669] ERROR pipeline.PipelinePlacementPolicy (PipelinePlacementPolicy.java:meetCriteria(92)) - Pipeline Placement: Doesn't meet the criteria to be viable node. Heaviness: 6
2019-09-12 11:52:41,597 [IPC Server handler 0 on 40669] ERROR pipeline.PipelinePlacementPolicy (PipelinePlacementPolicy.java:meetCriteria(92)) - Pipeline Placement: Doesn't meet the criteria to be viable node. Heaviness: 6
2019-09-12 11:52:41,597 [IPC Server handler 0 on 40669] ERROR pipeline.PipelinePlacementPolicy (PipelinePlacementPolicy.java:meetCriteria(92)) - Pipeline Placement: Doesn't meet the criteria to be viable node. Heaviness: 6
2019-09-12 11:52:41,598 [IPC Server handler 0 on 40669] ERROR pipeline.PipelinePlacementPolicy (PipelinePlacementPolicy.java:filterViableNodes(147)) - Unable to find enough nodes that meet the criteria that cannot engage in more than 5 pipelines. Nodes required: 3 Found: 0, healthy nodes count inNodeManager: 3.
2019-09-12 11:52:41,598 [IPC Server handler 0 on 40669] ERROR pipeline.SCMPipelineManager (SCMPipelineManager.java:createPipeline(161)) - Pipeline creation failed due to exception: Unable to find enough nodes that meet the criteria that cannot engage in more than 5 pipelines. Nodes required: 3 Found: 0, healthy nodes count inNodeManager: 3.
2019-09-12 11:52:41,598 [IPC Server handler 0 on 40669] WARN  block.BlockManagerImpl (BlockManagerImpl.java:allocateBlock(192)) - Pipeline creation failed for type:RATIS factor:THREE. Retrying get pipelines call once.
org.apache.hadoop.hdds.scm.exceptions.SCMException: Unable to find enough nodes that meet the criteria that cannot engage in more than 5 pipelines. Nodes required: 3 Found: 0, healthy nodes count inNodeManager: 3.
	at org.apache.hadoop.hdds.scm.pipeline.PipelinePlacementPolicy.filterViableNodes(PipelinePlacementPolicy.java:148)
	at org.apache.hadoop.hdds.scm.pipeline.PipelinePlacementPolicy.chooseDatanodes(PipelinePlacementPolicy.java:171)
	at org.apache.hadoop.hdds.scm.pipeline.RatisPipelineProvider.create(RatisPipelineProvider.java:100)
	at org.apache.hadoop.hdds.scm.pipeline.PipelineFactory.create(PipelineFactory.java:57)
	at org.apache.hadoop.hdds.scm.pipeline.SCMPipelineManager.createPipeline(SCMPipelineManager.java:149)
	at org.apache.hadoop.hdds.scm.block.BlockManagerImpl.allocateBlock(BlockManagerImpl.java:190)
	at org.apache.hadoop.hdds.scm.server.SCMBlockProtocolServer.allocateBlock(SCMBlockProtocolServer.java:175)
	at org.apache.hadoop.ozone.protocolPB.ScmBlockLocationProtocolServerSideTranslatorPB.allocateScmBlock(ScmBlockLocationProtocolServerSideTranslatorPB.java:153)
	at org.apache.hadoop.ozone.protocolPB.ScmBlockLocationProtocolServerSideTranslatorPB.send(ScmBlockLocationProtocolServerSideTranslatorPB.java:112)
	at org.apache.hadoop.hdds.protocol.proto.ScmBlockLocationProtocolProtos$ScmBlockLocationProtocolService$2.callBlockingMethod(ScmBlockLocationProtocolProtos.java:13157)
	at org.apache.hadoop.ipc.ProtobufRpcEngine$Server$ProtoBufRpcInvoker.call(ProtobufRpcEngine.java:524)
	at org.apache.hadoop.ipc.RPC$Server.call(RPC.java:1025)
	at org.apache.hadoop.ipc.Server$RpcCall.run(Server.java:876)
	at org.apache.hadoop.ipc.Server$RpcCall.run(Server.java:822)
	at java.security.AccessController.doPrivileged(Native Method)
	at javax.security.auth.Subject.doAs(Subject.java:422)
	at org.apache.hadoop.security.UserGroupInformation.doAs(UserGroupInformation.java:1730)
	at org.apache.hadoop.ipc.Server$Handler.run(Server.java:2682)
2019-09-12 11:52:41,599 [IPC Server handler 0 on 40669] INFO  block.BlockManagerImpl (BlockManagerImpl.java:allocateBlock(198)) - Could not find available pipeline of type:RATIS and factor:THREE even after retrying
2019-09-12 11:52:41,599 [IPC Server handler 0 on 40669] ERROR block.BlockManagerImpl (BlockManagerImpl.java:allocateBlock(222)) - Unable to allocate a block for the size: 4194304, type: RATIS, factor: THREE
2019-09-12 11:52:41,599 [IPC Server handler 0 on 40669] ERROR pipeline.PipelinePlacementPolicy (PipelinePlacementPolicy.java:meetCriteria(92)) - Pipeline Placement: Doesn't meet the criteria to be viable node. Heaviness: 6
2019-09-12 11:52:41,599 [IPC Server handler 0 on 40669] ERROR pipeline.PipelinePlacementPolicy (PipelinePlacementPolicy.java:meetCriteria(92)) - Pipeline Placement: Doesn't meet the criteria to be viable node. Heaviness: 6
2019-09-12 11:52:41,600 [IPC Server handler 0 on 40669] ERROR pipeline.PipelinePlacementPolicy (PipelinePlacementPolicy.java:meetCriteria(92)) - Pipeline Placement: Doesn't meet the criteria to be viable node. Heaviness: 6
2019-09-12 11:52:41,600 [IPC Server handler 0 on 40669] ERROR pipeline.PipelinePlacementPolicy (PipelinePlacementPolicy.java:filterViableNodes(147)) - Unable to find enough nodes that meet the criteria that cannot engage in more than 5 pipelines. Nodes required: 3 Found: 0, healthy nodes count inNodeManager: 3.
2019-09-12 11:52:41,600 [IPC Server handler 0 on 40669] ERROR pipeline.SCMPipelineManager (SCMPipelineManager.java:createPipeline(161)) - Pipeline creation failed due to exception: Unable to find enough nodes that meet the criteria that cannot engage in more than 5 pipelines. Nodes required: 3 Found: 0, healthy nodes count inNodeManager: 3.
2019-09-12 11:52:41,600 [IPC Server handler 0 on 40669] WARN  block.BlockManagerImpl (BlockManagerImpl.java:allocateBlock(192)) - Pipeline creation failed for type:RATIS factor:THREE. Retrying get pipelines call once.
org.apache.hadoop.hdds.scm.exceptions.SCMException: Unable to find enough nodes that meet the criteria that cannot engage in more than 5 pipelines. Nodes required: 3 Found: 0, healthy nodes count inNodeManager: 3.
	at org.apache.hadoop.hdds.scm.pipeline.PipelinePlacementPolicy.filterViableNodes(PipelinePlacementPolicy.java:148)
	at org.apache.hadoop.hdds.scm.pipeline.PipelinePlacementPolicy.chooseDatanodes(PipelinePlacementPolicy.java:171)
	at org.apache.hadoop.hdds.scm.pipeline.RatisPipelineProvider.create(RatisPipelineProvider.java:100)
	at org.apache.hadoop.hdds.scm.pipeline.PipelineFactory.create(PipelineFactory.java:57)
	at org.apache.hadoop.hdds.scm.pipeline.SCMPipelineManager.createPipeline(SCMPipelineManager.java:149)
	at org.apache.hadoop.hdds.scm.block.BlockManagerImpl.allocateBlock(BlockManagerImpl.java:190)
	at org.apache.hadoop.hdds.scm.server.SCMBlockProtocolServer.allocateBlock(SCMBlockProtocolServer.java:175)
	at org.apache.hadoop.ozone.protocolPB.ScmBlockLocationProtocolServerSideTranslatorPB.allocateScmBlock(ScmBlockLocationProtocolServerSideTranslatorPB.java:153)
	at org.apache.hadoop.ozone.protocolPB.ScmBlockLocationProtocolServerSideTranslatorPB.send(ScmBlockLocationProtocolServerSideTranslatorPB.java:112)
	at org.apache.hadoop.hdds.protocol.proto.ScmBlockLocationProtocolProtos$ScmBlockLocationProtocolService$2.callBlockingMethod(ScmBlockLocationProtocolProtos.java:13157)
	at org.apache.hadoop.ipc.ProtobufRpcEngine$Server$ProtoBufRpcInvoker.call(ProtobufRpcEngine.java:524)
	at org.apache.hadoop.ipc.RPC$Server.call(RPC.java:1025)
	at org.apache.hadoop.ipc.Server$RpcCall.run(Server.java:876)
	at org.apache.hadoop.ipc.Server$RpcCall.run(Server.java:822)
	at java.security.AccessController.doPrivileged(Native Method)
	at javax.security.auth.Subject.doAs(Subject.java:422)
	at org.apache.hadoop.security.UserGroupInformation.doAs(UserGroupInformation.java:1730)
	at org.apache.hadoop.ipc.Server$Handler.run(Server.java:2682)
2019-09-12 11:52:41,601 [IPC Server handler 0 on 40669] INFO  block.BlockManagerImpl (BlockManagerImpl.java:allocateBlock(198)) - Could not find available pipeline of type:RATIS and factor:THREE even after retrying
2019-09-12 11:52:41,601 [IPC Server handler 0 on 40669] ERROR block.BlockManagerImpl (BlockManagerImpl.java:allocateBlock(222)) - Unable to allocate a block for the size: 4194304, type: RATIS, factor: THREE
2019-09-12 11:52:41,601 | INFO  | SCMAudit | user=jenkins1000 | ip=192.168.36.114 | op=ALLOCATE_BLOCK {owner=beb4e06a-00a4-4a75-b275-4772a0c709f8, size=4194304, type=RATIS, factor=THREE} | ret=SUCCESS |  
2019-09-12 11:52:41,608 | ERROR | OMAudit | user=jenkins1000 | ip=127.0.0.1 | op=ALLOCATE_KEY {volume=vol-0-91476, bucket=bucket-0-53670, key=key-0-06800, dataSize=20971520, replicationType=RATIS, replicationFactor=THREE, keyLocationInfo=null} | ret=FAILURE | org.apache.hadoop.hdds.scm.exceptions.SCMException: Allocated 0 blocks. Requested 5 blocks
	at org.apache.hadoop.hdds.scm.protocolPB.ScmBlockLocationProtocolClientSideTranslatorPB.handleError(ScmBlockLocationProtocolClientSideTranslatorPB.java:118)
	at org.apache.hadoop.hdds.scm.protocolPB.ScmBlockLocationProtocolClientSideTranslatorPB.allocateBlock(ScmBlockLocationProtocolClientSideTranslatorPB.java:156) 
2019-09-12 11:52:41,613 [pool-56-thread-3] ERROR freon.RandomKeyGenerator (RandomKeyGenerator.java:createKey(724)) - Exception while adding key: key-0-06800 in bucket: bucket-0-53670 of volume: vol-0-91476.
INTERNAL_ERROR org.apache.hadoop.ozone.om.exceptions.OMException: Allocated 0 blocks. Requested 5 blocks
	at org.apache.hadoop.ozone.om.protocolPB.OzoneManagerProtocolClientSideTranslatorPB.handleError(OzoneManagerProtocolClientSideTranslatorPB.java:725)
	at org.apache.hadoop.ozone.om.protocolPB.OzoneManagerProtocolClientSideTranslatorPB.openKey(OzoneManagerProtocolClientSideTranslatorPB.java:716)
	at org.apache.hadoop.ozone.client.rpc.RpcClient.createKey(RpcClient.java:615)
	at org.apache.hadoop.ozone.client.OzoneBucket.createKey(OzoneBucket.java:323)
	at org.apache.hadoop.ozone.freon.RandomKeyGenerator.createKey(RandomKeyGenerator.java:686)
	at org.apache.hadoop.ozone.freon.RandomKeyGenerator.access$1100(RandomKeyGenerator.java:87)
	at org.apache.hadoop.ozone.freon.RandomKeyGenerator$ObjectCreator.run(RandomKeyGenerator.java:606)
	at java.util.concurrent.Executors$RunnableAdapter.call(Executors.java:511)
	at java.util.concurrent.FutureTask.run(FutureTask.java:266)
	at java.util.concurrent.ThreadPoolExecutor.runWorker(ThreadPoolExecutor.java:1149)
	at java.util.concurrent.ThreadPoolExecutor$Worker.run(ThreadPoolExecutor.java:624)
	at java.lang.Thread.run(Thread.java:748)
2019-09-12 11:52:41,654 | INFO  | SCMAudit | user=jenkins1000 | ip=192.168.36.114 | op=SEND_HEARTBEAT {datanodeUUID=c6bd64fc-18cd-443d-877c-c0f9224bafd0, command=[]} | ret=SUCCESS |  
2019-09-12 11:52:42,151 | INFO  | SCMAudit | user=jenkins1000 | ip=192.168.36.114 | op=SEND_HEARTBEAT {datanodeUUID=1972eedd-a35b-49f1-a8bd-2e8474cbe90f, command=[]} | ret=SUCCESS |  
2019-09-12 11:52:42,190 [Thread-177] INFO  container.ReplicationManager (ReplicationManager.java:start(151)) - Starting Replication Monitor Thread.
2019-09-12 11:52:42,193 [ReplicationMonitor] INFO  container.ReplicationManager (ReplicationManager.java:run(214)) - Replication Monitor Thread took 1 milliseconds for processing 0 containers.
2019-09-12 11:52:42,404 | INFO  | SCMAudit | user=jenkins1000 | ip=192.168.36.114 | op=SEND_HEARTBEAT {datanodeUUID=111edd97-ea51-41ea-a74c-30103f3be193, command=[]} | ret=SUCCESS |  
 0.00% |█                                                                                                    |  0/1 Time: 0:00:022019-09-12 11:52:42,663 | INFO  | SCMAudit | user=jenkins1000 | ip=192.168.36.114 | op=SEND_HEARTBEAT {datanodeUUID=c6bd64fc-18cd-443d-877c-c0f9224bafd0, command=[]} | ret=SUCCESS |  
2019-09-12 11:52:43,152 | INFO  | SCMAudit | user=jenkins1000 | ip=192.168.36.114 | op=SEND_HEARTBEAT {datanodeUUID=1972eedd-a35b-49f1-a8bd-2e8474cbe90f, command=[]} | ret=SUCCESS |  
2019-09-12 11:52:43,404 | INFO  | SCMAudit | user=jenkins1000 | ip=192.168.36.114 | op=SEND_HEARTBEAT {datanodeUUID=111edd97-ea51-41ea-a74c-30103f3be193, command=[]} | ret=SUCCESS |  
 0.00% |█                                                                                                    |  0/1 Time: 0:00:032019-09-12 11:52:43,654 | INFO  | SCMAudit | user=jenkins1000 | ip=192.168.36.114 | op=SEND_HEARTBEAT {datanodeUUID=c6bd64fc-18cd-443d-877c-c0f9224bafd0, command=[]} | ret=SUCCESS |  
2019-09-12 11:52:44,153 | INFO  | SCMAudit | user=jenkins1000 | ip=192.168.36.114 | op=SEND_HEARTBEAT {datanodeUUID=1972eedd-a35b-49f1-a8bd-2e8474cbe90f, command=[]} | ret=SUCCESS |  
2019-09-12 11:52:44,404 | INFO  | SCMAudit | user=jenkins1000 | ip=192.168.36.114 | op=SEND_HEARTBEAT {datanodeUUID=111edd97-ea51-41ea-a74c-30103f3be193, command=[]} | ret=SUCCESS |  
 0.00% |█                                                                                                    |  0/1 Time: 0:00:042019-09-12 11:52:44,654 | INFO  | SCMAudit | user=jenkins1000 | ip=192.168.36.114 | op=SEND_HEARTBEAT {datanodeUUID=c6bd64fc-18cd-443d-877c-c0f9224bafd0, command=[]} | ret=SUCCESS |  
2019-09-12 11:52:45,154 | INFO  | SCMAudit | user=jenkins1000 | ip=192.168.36.114 | op=SEND_HEARTBEAT {datanodeUUID=1972eedd-a35b-49f1-a8bd-2e8474cbe90f, command=[]} | ret=SUCCESS |  
2019-09-12 11:52:45,403 | INFO  | SCMAudit | user=jenkins1000 | ip=192.168.36.114 | op=SEND_HEARTBEAT {datanodeUUID=111edd97-ea51-41ea-a74c-30103f3be193, command=[]} | ret=SUCCESS |  
2019-09-12 11:52:45,425 [Thread-181] INFO  impl.FollowerState (FollowerState.java:run(106)) - 1972eedd-a35b-49f1-a8bd-2e8474cbe90f:group-2D8D597CFB5E changes to CANDIDATE, lastRpcTime:5066, electionTimeout:5065ms
2019-09-12 11:52:45,425 [Thread-181] INFO  impl.RoleInfo (RoleInfo.java:shutdownFollowerState(121)) - 1972eedd-a35b-49f1-a8bd-2e8474cbe90f: shutdown FollowerState
2019-09-12 11:52:45,425 [Thread-181] INFO  impl.RaftServerImpl (RaftServerImpl.java:setRole(171)) - 1972eedd-a35b-49f1-a8bd-2e8474cbe90f:group-2D8D597CFB5E changes role from FOLLOWER to CANDIDATE at term 0 for changeToCandidate
2019-09-12 11:52:45,431 [Thread-181] INFO  impl.RoleInfo (RoleInfo.java:updateAndGet(143)) - 1972eedd-a35b-49f1-a8bd-2e8474cbe90f: start LeaderElection
2019-09-12 11:52:45,448 [1972eedd-a35b-49f1-a8bd-2e8474cbe90f:group-2D8D597CFB5E:LeaderElection1] INFO  impl.LeaderElection (LeaderElection.java:askForVotes(181)) - 1972eedd-a35b-49f1-a8bd-2e8474cbe90f:group-2D8D597CFB5E:LeaderElection1: begin an election at term 1 for -1: [1972eedd-a35b-49f1-a8bd-2e8474cbe90f:192.168.36.114:40263], old=null
2019-09-12 11:52:45,449 [1972eedd-a35b-49f1-a8bd-2e8474cbe90f:group-2D8D597CFB5E:LeaderElection1] INFO  impl.RoleInfo (RoleInfo.java:shutdownLeaderElection(134)) - 1972eedd-a35b-49f1-a8bd-2e8474cbe90f: shutdown LeaderElection
2019-09-12 11:52:45,450 [1972eedd-a35b-49f1-a8bd-2e8474cbe90f:group-2D8D597CFB5E:LeaderElection1] INFO  impl.RaftServerImpl (RaftServerImpl.java:setRole(171)) - 1972eedd-a35b-49f1-a8bd-2e8474cbe90f:group-2D8D597CFB5E changes role from CANDIDATE to LEADER at term 1 for changeToLeader
2019-09-12 11:52:45,450 [1972eedd-a35b-49f1-a8bd-2e8474cbe90f:group-2D8D597CFB5E:LeaderElection1] INFO  impl.RaftServerImpl (ServerState.java:setLeader(263)) - 1972eedd-a35b-49f1-a8bd-2e8474cbe90f:group-2D8D597CFB5E change Leader from null to 1972eedd-a35b-49f1-a8bd-2e8474cbe90f at term 1 for becomeLeader, leader elected after 5202ms
2019-09-12 11:52:45,456 [1972eedd-a35b-49f1-a8bd-2e8474cbe90f:group-2D8D597CFB5E:LeaderElection1] INFO  server.RaftServerConfigKeys (ConfUtils.java:logGet(43)) - raft.server.staging.catchup.gap = 1000 (default)
2019-09-12 11:52:45,456 [1972eedd-a35b-49f1-a8bd-2e8474cbe90f:group-2D8D597CFB5E:LeaderElection1] INFO  server.RaftServerConfigKeys (ConfUtils.java:logGet(43)) - raft.server.rpc.sleep.time = 25ms (default)
2019-09-12 11:52:45,458 [1972eedd-a35b-49f1-a8bd-2e8474cbe90f:group-2D8D597CFB5E:LeaderElection1] INFO  server.RaftServerConfigKeys (ConfUtils.java:logGet(43)) - raft.server.write.element-limit = 4096 (default)
2019-09-12 11:52:45,460 [1972eedd-a35b-49f1-a8bd-2e8474cbe90f:group-2D8D597CFB5E:LeaderElection1] INFO  server.RaftServerConfigKeys (ConfUtils.java:logGet(43)) - raft.server.watch.timeout = 10s (default)
2019-09-12 11:52:45,461 [1972eedd-a35b-49f1-a8bd-2e8474cbe90f:group-2D8D597CFB5E:LeaderElection1] INFO  server.RaftServerConfigKeys (ConfUtils.java:logGet(43)) - raft.server.watch.timeout.denomination = 1s (default)
2019-09-12 11:52:45,461 [1972eedd-a35b-49f1-a8bd-2e8474cbe90f:group-2D8D597CFB5E:LeaderElection1] INFO  server.RaftServerConfigKeys (ConfUtils.java:logGet(43)) - raft.server.watch.element-limit = 65536 (default)
2019-09-12 11:52:45,469 [1972eedd-a35b-49f1-a8bd-2e8474cbe90f:group-2D8D597CFB5E:LeaderElection1] INFO  impl.RoleInfo (RoleInfo.java:updateAndGet(143)) - 1972eedd-a35b-49f1-a8bd-2e8474cbe90f: start LeaderState
2019-09-12 11:52:45,487 [1972eedd-a35b-49f1-a8bd-2e8474cbe90f:group-2D8D597CFB5E:LeaderElection1] INFO  segmented.SegmentedRaftLogWorker (SegmentedRaftLogWorker.java:startLogSegment(380)) - 1972eedd-a35b-49f1-a8bd-2e8474cbe90f-SegmentedRaftLogWorker:Storage Directory /workdir/hadoop-ozone/tools/target/test-dir/MiniOzoneClusterImpl-b7a5d7f5-b39f-413b-a414-789b31b847f8/datanode-0/data/ratis/56ed87f1-e9cf-4d39-b621-2d8d597cfb5e: Starting segment from index:0
2019-09-12 11:52:45,494 [1972eedd-a35b-49f1-a8bd-2e8474cbe90f:group-2D8D597CFB5E:LeaderElection1] INFO  impl.RaftServerImpl (ServerState.java:setRaftConf(361)) - 1972eedd-a35b-49f1-a8bd-2e8474cbe90f:group-2D8D597CFB5E set configuration 0: [1972eedd-a35b-49f1-a8bd-2e8474cbe90f:192.168.36.114:40263], old=null at 0
 100.00% |█████████████████████████████████████████████████████████████████████████████████████████████████████|  1/1 Time: 0:00:05
2019-09-12 11:52:45,573 [Thread-188] INFO  impl.FollowerState (FollowerState.java:run(106)) - c6bd64fc-18cd-443d-877c-c0f9224bafd0:group-A7B7D80B2987 changes to CANDIDATE, lastRpcTime:5044, electionTimeout:5042ms
2019-09-12 11:52:45,574 [Thread-188] INFO  impl.RoleInfo (RoleInfo.java:shutdownFollowerState(121)) - c6bd64fc-18cd-443d-877c-c0f9224bafd0: shutdown FollowerState
2019-09-12 11:52:45,574 [Thread-188] INFO  impl.RaftServerImpl (RaftServerImpl.java:setRole(171)) - c6bd64fc-18cd-443d-877c-c0f9224bafd0:group-A7B7D80B2987 changes role from FOLLOWER to CANDIDATE at term 0 for changeToCandidate
2019-09-12 11:52:45,575 [Thread-188] INFO  impl.RoleInfo (RoleInfo.java:updateAndGet(143)) - c6bd64fc-18cd-443d-877c-c0f9224bafd0: start LeaderElection
2019-09-12 11:52:45,589 [c6bd64fc-18cd-443d-877c-c0f9224bafd0:group-A7B7D80B2987:LeaderElection2] INFO  impl.LeaderElection (LeaderElection.java:askForVotes(181)) - c6bd64fc-18cd-443d-877c-c0f9224bafd0:group-A7B7D80B2987:LeaderElection2: begin an election at term 1 for -1: [c6bd64fc-18cd-443d-877c-c0f9224bafd0:192.168.36.114:39747], old=null
2019-09-12 11:52:45,590 [c6bd64fc-18cd-443d-877c-c0f9224bafd0:group-A7B7D80B2987:LeaderElection2] INFO  impl.RoleInfo (RoleInfo.java:shutdownLeaderElection(134)) - c6bd64fc-18cd-443d-877c-c0f9224bafd0: shutdown LeaderElection
2019-09-12 11:52:45,590 [c6bd64fc-18cd-443d-877c-c0f9224bafd0:group-A7B7D80B2987:LeaderElection2] INFO  impl.RaftServerImpl (RaftServerImpl.java:setRole(171)) - c6bd64fc-18cd-443d-877c-c0f9224bafd0:group-A7B7D80B2987 changes role from CANDIDATE to LEADER at term 1 for changeToLeader
2019-09-12 11:52:45,591 [c6bd64fc-18cd-443d-877c-c0f9224bafd0:group-A7B7D80B2987:LeaderElection2] INFO  impl.RaftServerImpl (ServerState.java:setLeader(263)) - c6bd64fc-18cd-443d-877c-c0f9224bafd0:group-A7B7D80B2987 change Leader from null to c6bd64fc-18cd-443d-877c-c0f9224bafd0 at term 1 for becomeLeader, leader elected after 5069ms
2019-09-12 11:52:45,591 [c6bd64fc-18cd-443d-877c-c0f9224bafd0:group-A7B7D80B2987:LeaderElection2] INFO  server.RaftServerConfigKeys (ConfUtils.java:logGet(43)) - raft.server.staging.catchup.gap = 1000 (default)
2019-09-12 11:52:45,591 [c6bd64fc-18cd-443d-877c-c0f9224bafd0:group-A7B7D80B2987:LeaderElection2] INFO  server.RaftServerConfigKeys (ConfUtils.java:logGet(43)) - raft.server.rpc.sleep.time = 25ms (default)
2019-09-12 11:52:45,591 [c6bd64fc-18cd-443d-877c-c0f9224bafd0:group-A7B7D80B2987:LeaderElection2] INFO  server.RaftServerConfigKeys (ConfUtils.java:logGet(43)) - raft.server.write.element-limit = 4096 (default)
2019-09-12 11:52:45,592 [c6bd64fc-18cd-443d-877c-c0f9224bafd0:group-A7B7D80B2987:LeaderElection2] INFO  server.RaftServerConfigKeys (ConfUtils.java:logGet(43)) - raft.server.watch.timeout = 10s (default)
2019-09-12 11:52:45,592 [c6bd64fc-18cd-443d-877c-c0f9224bafd0:group-A7B7D80B2987:LeaderElection2] INFO  server.RaftServerConfigKeys (ConfUtils.java:logGet(43)) - raft.server.watch.timeout.denomination = 1s (default)
2019-09-12 11:52:45,592 [c6bd64fc-18cd-443d-877c-c0f9224bafd0:group-A7B7D80B2987:LeaderElection2] INFO  server.RaftServerConfigKeys (ConfUtils.java:logGet(43)) - raft.server.watch.element-limit = 65536 (default)
2019-09-12 11:52:45,592 [c6bd64fc-18cd-443d-877c-c0f9224bafd0:group-A7B7D80B2987:LeaderElection2] INFO  impl.RoleInfo (RoleInfo.java:updateAndGet(143)) - c6bd64fc-18cd-443d-877c-c0f9224bafd0: start LeaderState
2019-09-12 11:52:45,593 [c6bd64fc-18cd-443d-877c-c0f9224bafd0:group-A7B7D80B2987:LeaderElection2] INFO  segmented.SegmentedRaftLogWorker (SegmentedRaftLogWorker.java:startLogSegment(380)) - c6bd64fc-18cd-443d-877c-c0f9224bafd0-SegmentedRaftLogWorker:Storage Directory /workdir/hadoop-ozone/tools/target/test-dir/MiniOzoneClusterImpl-b7a5d7f5-b39f-413b-a414-789b31b847f8/datanode-2/data/ratis/a56c95eb-3b93-4771-8e12-a7b7d80b2987: Starting segment from index:0
2019-09-12 11:52:45,594 [c6bd64fc-18cd-443d-877c-c0f9224bafd0:group-A7B7D80B2987:LeaderElection2] INFO  impl.RaftServerImpl (ServerState.java:setRaftConf(361)) - c6bd64fc-18cd-443d-877c-c0f9224bafd0:group-A7B7D80B2987 set configuration 0: [c6bd64fc-18cd-443d-877c-c0f9224bafd0:192.168.36.114:39747], old=null at 0
2019-09-12 11:52:45,677 | INFO  | SCMAudit | user=jenkins1000 | ip=192.168.36.114 | op=SEND_HEARTBEAT {datanodeUUID=c6bd64fc-18cd-443d-877c-c0f9224bafd0, command=[]} | ret=SUCCESS |  
2019-09-12 11:52:45,692 [1972eedd-a35b-49f1-a8bd-2e8474cbe90f-SegmentedRaftLogWorker:Storage Directory /workdir/hadoop-ozone/tools/target/test-dir/MiniOzoneClusterImpl-b7a5d7f5-b39f-413b-a414-789b31b847f8/datanode-0/data/ratis/56ed87f1-e9cf-4d39-b621-2d8d597cfb5e] INFO  segmented.SegmentedRaftLogWorker (SegmentedRaftLogWorker.java:execute(569)) - 1972eedd-a35b-49f1-a8bd-2e8474cbe90f-SegmentedRaftLogWorker:Storage Directory /workdir/hadoop-ozone/tools/target/test-dir/MiniOzoneClusterImpl-b7a5d7f5-b39f-413b-a414-789b31b847f8/datanode-0/data/ratis/56ed87f1-e9cf-4d39-b621-2d8d597cfb5e: created new log segment /workdir/hadoop-ozone/tools/target/test-dir/MiniOzoneClusterImpl-b7a5d7f5-b39f-413b-a414-789b31b847f8/datanode-0/data/ratis/56ed87f1-e9cf-4d39-b621-2d8d597cfb5e/current/log_inprogress_0
2019-09-12 11:52:45,692 [c6bd64fc-18cd-443d-877c-c0f9224bafd0-SegmentedRaftLogWorker:Storage Directory /workdir/hadoop-ozone/tools/target/test-dir/MiniOzoneClusterImpl-b7a5d7f5-b39f-413b-a414-789b31b847f8/datanode-2/data/ratis/a56c95eb-3b93-4771-8e12-a7b7d80b2987] INFO  segmented.SegmentedRaftLogWorker (SegmentedRaftLogWorker.java:execute(569)) - c6bd64fc-18cd-443d-877c-c0f9224bafd0-SegmentedRaftLogWorker:Storage Directory /workdir/hadoop-ozone/tools/target/test-dir/MiniOzoneClusterImpl-b7a5d7f5-b39f-413b-a414-789b31b847f8/datanode-2/data/ratis/a56c95eb-3b93-4771-8e12-a7b7d80b2987: created new log segment /workdir/hadoop-ozone/tools/target/test-dir/MiniOzoneClusterImpl-b7a5d7f5-b39f-413b-a414-789b31b847f8/datanode-2/data/ratis/a56c95eb-3b93-4771-8e12-a7b7d80b2987/current/log_inprogress_0
2019-09-12 11:52:45,713 [Thread-191] INFO  impl.FollowerState (FollowerState.java:run(106)) - 1972eedd-a35b-49f1-a8bd-2e8474cbe90f:group-2BFC4B1C928A changes to CANDIDATE, lastRpcTime:5092, electionTimeout:5092ms
2019-09-12 11:52:45,715 [Thread-191] INFO  impl.RoleInfo (RoleInfo.java:shutdownFollowerState(121)) - 1972eedd-a35b-49f1-a8bd-2e8474cbe90f: shutdown FollowerState
2019-09-12 11:52:45,715 [Thread-191] INFO  impl.RaftServerImpl (RaftServerImpl.java:setRole(171)) - 1972eedd-a35b-49f1-a8bd-2e8474cbe90f:group-2BFC4B1C928A changes role from FOLLOWER to CANDIDATE at term 0 for changeToCandidate
2019-09-12 11:52:45,716 [Thread-191] INFO  impl.RoleInfo (RoleInfo.java:updateAndGet(143)) - 1972eedd-a35b-49f1-a8bd-2e8474cbe90f: start LeaderElection
2019-09-12 11:52:45,744 [1972eedd-a35b-49f1-a8bd-2e8474cbe90f:group-2BFC4B1C928A:LeaderElection3] INFO  impl.LeaderElection (LeaderElection.java:askForVotes(181)) - 1972eedd-a35b-49f1-a8bd-2e8474cbe90f:group-2BFC4B1C928A:LeaderElection3: begin an election at term 1 for -1: [1972eedd-a35b-49f1-a8bd-2e8474cbe90f:192.168.36.114:40263], old=null
2019-09-12 11:52:45,748 [1972eedd-a35b-49f1-a8bd-2e8474cbe90f:group-2BFC4B1C928A:LeaderElection3] INFO  impl.RoleInfo (RoleInfo.java:shutdownLeaderElection(134)) - 1972eedd-a35b-49f1-a8bd-2e8474cbe90f: shutdown LeaderElection
2019-09-12 11:52:45,748 [1972eedd-a35b-49f1-a8bd-2e8474cbe90f:group-2BFC4B1C928A:LeaderElection3] INFO  impl.RaftServerImpl (RaftServerImpl.java:setRole(171)) - 1972eedd-a35b-49f1-a8bd-2e8474cbe90f:group-2BFC4B1C928A changes role from CANDIDATE to LEADER at term 1 for changeToLeader
2019-09-12 11:52:45,749 [1972eedd-a35b-49f1-a8bd-2e8474cbe90f:group-2BFC4B1C928A:LeaderElection3] INFO  impl.RaftServerImpl (ServerState.java:setLeader(263)) - 1972eedd-a35b-49f1-a8bd-2e8474cbe90f:group-2BFC4B1C928A change Leader from null to 1972eedd-a35b-49f1-a8bd-2e8474cbe90f at term 1 for becomeLeader, leader elected after 5132ms
2019-09-12 11:52:45,749 [1972eedd-a35b-49f1-a8bd-2e8474cbe90f:group-2BFC4B1C928A:LeaderElection3] INFO  server.RaftServerConfigKeys (ConfUtils.java:logGet(43)) - raft.server.staging.catchup.gap = 1000 (default)
2019-09-12 11:52:45,749 [1972eedd-a35b-49f1-a8bd-2e8474cbe90f:group-2BFC4B1C928A:LeaderElection3] INFO  server.RaftServerConfigKeys (ConfUtils.java:logGet(43)) - raft.server.rpc.sleep.time = 25ms (default)
2019-09-12 11:52:45,749 [1972eedd-a35b-49f1-a8bd-2e8474cbe90f:group-2BFC4B1C928A:LeaderElection3] INFO  server.RaftServerConfigKeys (ConfUtils.java:logGet(43)) - raft.server.write.element-limit = 4096 (default)
2019-09-12 11:52:45,750 [1972eedd-a35b-49f1-a8bd-2e8474cbe90f:group-2BFC4B1C928A:LeaderElection3] INFO  server.RaftServerConfigKeys (ConfUtils.java:logGet(43)) - raft.server.watch.timeout = 10s (default)
2019-09-12 11:52:45,750 [1972eedd-a35b-49f1-a8bd-2e8474cbe90f:group-2BFC4B1C928A:LeaderElection3] INFO  server.RaftServerConfigKeys (ConfUtils.java:logGet(43)) - raft.server.watch.timeout.denomination = 1s (default)
2019-09-12 11:52:45,750 [1972eedd-a35b-49f1-a8bd-2e8474cbe90f:group-2BFC4B1C928A:LeaderElection3] INFO  server.RaftServerConfigKeys (ConfUtils.java:logGet(43)) - raft.server.watch.element-limit = 65536 (default)
2019-09-12 11:52:45,751 [1972eedd-a35b-49f1-a8bd-2e8474cbe90f:group-2BFC4B1C928A:LeaderElection3] INFO  impl.RoleInfo (RoleInfo.java:updateAndGet(143)) - 1972eedd-a35b-49f1-a8bd-2e8474cbe90f: start LeaderState
2019-09-12 11:52:45,751 [1972eedd-a35b-49f1-a8bd-2e8474cbe90f:group-2BFC4B1C928A:LeaderElection3] INFO  segmented.SegmentedRaftLogWorker (SegmentedRaftLogWorker.java:startLogSegment(380)) - 1972eedd-a35b-49f1-a8bd-2e8474cbe90f-SegmentedRaftLogWorker:Storage Directory /workdir/hadoop-ozone/tools/target/test-dir/MiniOzoneClusterImpl-b7a5d7f5-b39f-413b-a414-789b31b847f8/datanode-0/data/ratis/49dede02-85a2-4ca7-aea7-2bfc4b1c928a: Starting segment from index:0
2019-09-12 11:52:45,752 [1972eedd-a35b-49f1-a8bd-2e8474cbe90f:group-2BFC4B1C928A:LeaderElection3] INFO  impl.RaftServerImpl (ServerState.java:setRaftConf(361)) - 1972eedd-a35b-49f1-a8bd-2e8474cbe90f:group-2BFC4B1C928A set configuration 0: [1972eedd-a35b-49f1-a8bd-2e8474cbe90f:192.168.36.114:40263], old=null at 0
2019-09-12 11:52:45,810 [1972eedd-a35b-49f1-a8bd-2e8474cbe90f-SegmentedRaftLogWorker:Storage Directory /workdir/hadoop-ozone/tools/target/test-dir/MiniOzoneClusterImpl-b7a5d7f5-b39f-413b-a414-789b31b847f8/datanode-0/data/ratis/49dede02-85a2-4ca7-aea7-2bfc4b1c928a] INFO  segmented.SegmentedRaftLogWorker (SegmentedRaftLogWorker.java:execute(569)) - 1972eedd-a35b-49f1-a8bd-2e8474cbe90f-SegmentedRaftLogWorker:Storage Directory /workdir/hadoop-ozone/tools/target/test-dir/MiniOzoneClusterImpl-b7a5d7f5-b39f-413b-a414-789b31b847f8/datanode-0/data/ratis/49dede02-85a2-4ca7-aea7-2bfc4b1c928a: created new log segment /workdir/hadoop-ozone/tools/target/test-dir/MiniOzoneClusterImpl-b7a5d7f5-b39f-413b-a414-789b31b847f8/datanode-0/data/ratis/49dede02-85a2-4ca7-aea7-2bfc4b1c928a/current/log_inprogress_0
2019-09-12 11:52:45,828 [Thread-194] INFO  impl.FollowerState (FollowerState.java:run(106)) - c6bd64fc-18cd-443d-877c-c0f9224bafd0:group-0B0CDE3940DC changes to CANDIDATE, lastRpcTime:5144, electionTimeout:5144ms
2019-09-12 11:52:45,828 [Thread-194] INFO  impl.RoleInfo (RoleInfo.java:shutdownFollowerState(121)) - c6bd64fc-18cd-443d-877c-c0f9224bafd0: shutdown FollowerState
2019-09-12 11:52:45,828 [Thread-194] INFO  impl.RaftServerImpl (RaftServerImpl.java:setRole(171)) - c6bd64fc-18cd-443d-877c-c0f9224bafd0:group-0B0CDE3940DC changes role from FOLLOWER to CANDIDATE at term 0 for changeToCandidate
2019-09-12 11:52:45,829 [Thread-194] INFO  impl.RoleInfo (RoleInfo.java:updateAndGet(143)) - c6bd64fc-18cd-443d-877c-c0f9224bafd0: start LeaderElection
2019-09-12 11:52:45,840 [Thread-197] INFO  impl.FollowerState (FollowerState.java:run(106)) - 111edd97-ea51-41ea-a74c-30103f3be193:group-DA9443A4D957 changes to CANDIDATE, lastRpcTime:5079, electionTimeout:5079ms
2019-09-12 11:52:45,841 [Thread-197] INFO  impl.RoleInfo (RoleInfo.java:shutdownFollowerState(121)) - 111edd97-ea51-41ea-a74c-30103f3be193: shutdown FollowerState
2019-09-12 11:52:45,841 [Thread-197] INFO  impl.RaftServerImpl (RaftServerImpl.java:setRole(171)) - 111edd97-ea51-41ea-a74c-30103f3be193:group-DA9443A4D957 changes role from FOLLOWER to CANDIDATE at term 0 for changeToCandidate
2019-09-12 11:52:45,841 [Thread-197] INFO  impl.RoleInfo (RoleInfo.java:updateAndGet(143)) - 111edd97-ea51-41ea-a74c-30103f3be193: start LeaderElection
2019-09-12 11:52:45,845 [c6bd64fc-18cd-443d-877c-c0f9224bafd0:group-0B0CDE3940DC:LeaderElection4] INFO  impl.LeaderElection (LeaderElection.java:askForVotes(181)) - c6bd64fc-18cd-443d-877c-c0f9224bafd0:group-0B0CDE3940DC:LeaderElection4: begin an election at term 1 for -1: [c6bd64fc-18cd-443d-877c-c0f9224bafd0:192.168.36.114:39747], old=null
2019-09-12 11:52:45,845 [c6bd64fc-18cd-443d-877c-c0f9224bafd0:group-0B0CDE3940DC:LeaderElection4] INFO  impl.RoleInfo (RoleInfo.java:shutdownLeaderElection(134)) - c6bd64fc-18cd-443d-877c-c0f9224bafd0: shutdown LeaderElection
2019-09-12 11:52:45,845 [c6bd64fc-18cd-443d-877c-c0f9224bafd0:group-0B0CDE3940DC:LeaderElection4] INFO  impl.RaftServerImpl (RaftServerImpl.java:setRole(171)) - c6bd64fc-18cd-443d-877c-c0f9224bafd0:group-0B0CDE3940DC changes role from CANDIDATE to LEADER at term 1 for changeToLeader
2019-09-12 11:52:45,845 [c6bd64fc-18cd-443d-877c-c0f9224bafd0:group-0B0CDE3940DC:LeaderElection4] INFO  impl.RaftServerImpl (ServerState.java:setLeader(263)) - c6bd64fc-18cd-443d-877c-c0f9224bafd0:group-0B0CDE3940DC change Leader from null to c6bd64fc-18cd-443d-877c-c0f9224bafd0 at term 1 for becomeLeader, leader elected after 5166ms
2019-09-12 11:52:45,845 [c6bd64fc-18cd-443d-877c-c0f9224bafd0:group-0B0CDE3940DC:LeaderElection4] INFO  server.RaftServerConfigKeys (ConfUtils.java:logGet(43)) - raft.server.staging.catchup.gap = 1000 (default)
2019-09-12 11:52:45,845 [c6bd64fc-18cd-443d-877c-c0f9224bafd0:group-0B0CDE3940DC:LeaderElection4] INFO  server.RaftServerConfigKeys (ConfUtils.java:logGet(43)) - raft.server.rpc.sleep.time = 25ms (default)
2019-09-12 11:52:45,845 [c6bd64fc-18cd-443d-877c-c0f9224bafd0:group-0B0CDE3940DC:LeaderElection4] INFO  server.RaftServerConfigKeys (ConfUtils.java:logGet(43)) - raft.server.write.element-limit = 4096 (default)
2019-09-12 11:52:45,846 [c6bd64fc-18cd-443d-877c-c0f9224bafd0:group-0B0CDE3940DC:LeaderElection4] INFO  server.RaftServerConfigKeys (ConfUtils.java:logGet(43)) - raft.server.watch.timeout = 10s (default)
2019-09-12 11:52:45,846 [c6bd64fc-18cd-443d-877c-c0f9224bafd0:group-0B0CDE3940DC:LeaderElection4] INFO  server.RaftServerConfigKeys (ConfUtils.java:logGet(43)) - raft.server.watch.timeout.denomination = 1s (default)
2019-09-12 11:52:45,846 [c6bd64fc-18cd-443d-877c-c0f9224bafd0:group-0B0CDE3940DC:LeaderElection4] INFO  server.RaftServerConfigKeys (ConfUtils.java:logGet(43)) - raft.server.watch.element-limit = 65536 (default)
2019-09-12 11:52:45,846 [c6bd64fc-18cd-443d-877c-c0f9224bafd0:group-0B0CDE3940DC:LeaderElection4] INFO  impl.RoleInfo (RoleInfo.java:updateAndGet(143)) - c6bd64fc-18cd-443d-877c-c0f9224bafd0: start LeaderState
2019-09-12 11:52:45,846 [c6bd64fc-18cd-443d-877c-c0f9224bafd0:group-0B0CDE3940DC:LeaderElection4] INFO  segmented.SegmentedRaftLogWorker (SegmentedRaftLogWorker.java:startLogSegment(380)) - c6bd64fc-18cd-443d-877c-c0f9224bafd0-SegmentedRaftLogWorker:Storage Directory /workdir/hadoop-ozone/tools/target/test-dir/MiniOzoneClusterImpl-b7a5d7f5-b39f-413b-a414-789b31b847f8/datanode-2/data/ratis/d87726e0-c959-48e9-b6de-0b0cde3940dc: Starting segment from index:0
2019-09-12 11:52:45,847 [c6bd64fc-18cd-443d-877c-c0f9224bafd0:group-0B0CDE3940DC:LeaderElection4] INFO  impl.RaftServerImpl (ServerState.java:setRaftConf(361)) - c6bd64fc-18cd-443d-877c-c0f9224bafd0:group-0B0CDE3940DC set configuration 0: [c6bd64fc-18cd-443d-877c-c0f9224bafd0:192.168.36.114:39747], old=null at 0
2019-09-12 11:52:45,881 [111edd97-ea51-41ea-a74c-30103f3be193:group-DA9443A4D957:LeaderElection5] INFO  impl.LeaderElection (LeaderElection.java:askForVotes(181)) - 111edd97-ea51-41ea-a74c-30103f3be193:group-DA9443A4D957:LeaderElection5: begin an election at term 1 for -1: [111edd97-ea51-41ea-a74c-30103f3be193:192.168.36.114:45736], old=null
2019-09-12 11:52:45,882 [111edd97-ea51-41ea-a74c-30103f3be193:group-DA9443A4D957:LeaderElection5] INFO  impl.RoleInfo (RoleInfo.java:shutdownLeaderElection(134)) - 111edd97-ea51-41ea-a74c-30103f3be193: shutdown LeaderElection
2019-09-12 11:52:45,882 [111edd97-ea51-41ea-a74c-30103f3be193:group-DA9443A4D957:LeaderElection5] INFO  impl.RaftServerImpl (RaftServerImpl.java:setRole(171)) - 111edd97-ea51-41ea-a74c-30103f3be193:group-DA9443A4D957 changes role from CANDIDATE to LEADER at term 1 for changeToLeader
2019-09-12 11:52:45,882 [111edd97-ea51-41ea-a74c-30103f3be193:group-DA9443A4D957:LeaderElection5] INFO  impl.RaftServerImpl (ServerState.java:setLeader(263)) - 111edd97-ea51-41ea-a74c-30103f3be193:group-DA9443A4D957 change Leader from null to 111edd97-ea51-41ea-a74c-30103f3be193 at term 1 for becomeLeader, leader elected after 5127ms
2019-09-12 11:52:45,882 [111edd97-ea51-41ea-a74c-30103f3be193:group-DA9443A4D957:LeaderElection5] INFO  server.RaftServerConfigKeys (ConfUtils.java:logGet(43)) - raft.server.staging.catchup.gap = 1000 (default)
2019-09-12 11:52:45,883 [Thread-200] INFO  impl.FollowerState (FollowerState.java:run(106)) - 111edd97-ea51-41ea-a74c-30103f3be193:group-31B540CFC413 changes to CANDIDATE, lastRpcTime:5054, electionTimeout:5054ms
2019-09-12 11:52:45,883 [111edd97-ea51-41ea-a74c-30103f3be193:group-DA9443A4D957:LeaderElection5] INFO  server.RaftServerConfigKeys (ConfUtils.java:logGet(43)) - raft.server.rpc.sleep.time = 25ms (default)
2019-09-12 11:52:45,883 [Thread-200] INFO  impl.RoleInfo (RoleInfo.java:shutdownFollowerState(121)) - 111edd97-ea51-41ea-a74c-30103f3be193: shutdown FollowerState
2019-09-12 11:52:45,883 [Thread-200] INFO  impl.RaftServerImpl (RaftServerImpl.java:setRole(171)) - 111edd97-ea51-41ea-a74c-30103f3be193:group-31B540CFC413 changes role from FOLLOWER to CANDIDATE at term 0 for changeToCandidate
2019-09-12 11:52:45,883 [111edd97-ea51-41ea-a74c-30103f3be193:group-DA9443A4D957:LeaderElection5] INFO  server.RaftServerConfigKeys (ConfUtils.java:logGet(43)) - raft.server.write.element-limit = 4096 (default)
2019-09-12 11:52:45,883 [Thread-200] INFO  impl.RoleInfo (RoleInfo.java:updateAndGet(143)) - 111edd97-ea51-41ea-a74c-30103f3be193: start LeaderElection
2019-09-12 11:52:45,884 [111edd97-ea51-41ea-a74c-30103f3be193:group-DA9443A4D957:LeaderElection5] INFO  server.RaftServerConfigKeys (ConfUtils.java:logGet(43)) - raft.server.watch.timeout = 10s (default)
2019-09-12 11:52:45,884 [111edd97-ea51-41ea-a74c-30103f3be193:group-DA9443A4D957:LeaderElection5] INFO  server.RaftServerConfigKeys (ConfUtils.java:logGet(43)) - raft.server.watch.timeout.denomination = 1s (default)
2019-09-12 11:52:45,887 [111edd97-ea51-41ea-a74c-30103f3be193:group-DA9443A4D957:LeaderElection5] INFO  server.RaftServerConfigKeys (ConfUtils.java:logGet(43)) - raft.server.watch.element-limit = 65536 (default)
2019-09-12 11:52:45,887 [111edd97-ea51-41ea-a74c-30103f3be193:group-DA9443A4D957:LeaderElection5] INFO  impl.RoleInfo (RoleInfo.java:updateAndGet(143)) - 111edd97-ea51-41ea-a74c-30103f3be193: start LeaderState
2019-09-12 11:52:45,888 [111edd97-ea51-41ea-a74c-30103f3be193:group-DA9443A4D957:LeaderElection5] INFO  segmented.SegmentedRaftLogWorker (SegmentedRaftLogWorker.java:startLogSegment(380)) - 111edd97-ea51-41ea-a74c-30103f3be193-SegmentedRaftLogWorker:Storage Directory /workdir/hadoop-ozone/tools/target/test-dir/MiniOzoneClusterImpl-b7a5d7f5-b39f-413b-a414-789b31b847f8/datanode-1/data/ratis/75acc997-9fbc-4bad-af2c-da9443a4d957: Starting segment from index:0
2019-09-12 11:52:45,888 [111edd97-ea51-41ea-a74c-30103f3be193:group-DA9443A4D957:LeaderElection5] INFO  impl.RaftServerImpl (ServerState.java:setRaftConf(361)) - 111edd97-ea51-41ea-a74c-30103f3be193:group-DA9443A4D957 set configuration 0: [111edd97-ea51-41ea-a74c-30103f3be193:192.168.36.114:45736], old=null at 0
2019-09-12 11:52:45,913 [c6bd64fc-18cd-443d-877c-c0f9224bafd0-SegmentedRaftLogWorker:Storage Directory /workdir/hadoop-ozone/tools/target/test-dir/MiniOzoneClusterImpl-b7a5d7f5-b39f-413b-a414-789b31b847f8/datanode-2/data/ratis/d87726e0-c959-48e9-b6de-0b0cde3940dc] INFO  segmented.SegmentedRaftLogWorker (SegmentedRaftLogWorker.java:execute(569)) - c6bd64fc-18cd-443d-877c-c0f9224bafd0-SegmentedRaftLogWorker:Storage Directory /workdir/hadoop-ozone/tools/target/test-dir/MiniOzoneClusterImpl-b7a5d7f5-b39f-413b-a414-789b31b847f8/datanode-2/data/ratis/d87726e0-c959-48e9-b6de-0b0cde3940dc: created new log segment /workdir/hadoop-ozone/tools/target/test-dir/MiniOzoneClusterImpl-b7a5d7f5-b39f-413b-a414-789b31b847f8/datanode-2/data/ratis/d87726e0-c959-48e9-b6de-0b0cde3940dc/current/log_inprogress_0
2019-09-12 11:52:45,913 [111edd97-ea51-41ea-a74c-30103f3be193:group-31B540CFC413:LeaderElection6] INFO  impl.LeaderElection (LeaderElection.java:askForVotes(181)) - 111edd97-ea51-41ea-a74c-30103f3be193:group-31B540CFC413:LeaderElection6: begin an election at term 1 for -1: [111edd97-ea51-41ea-a74c-30103f3be193:192.168.36.114:45736], old=null
2019-09-12 11:52:45,913 [111edd97-ea51-41ea-a74c-30103f3be193:group-31B540CFC413:LeaderElection6] INFO  impl.RoleInfo (RoleInfo.java:shutdownLeaderElection(134)) - 111edd97-ea51-41ea-a74c-30103f3be193: shutdown LeaderElection
2019-09-12 11:52:45,913 [111edd97-ea51-41ea-a74c-30103f3be193:group-31B540CFC413:LeaderElection6] INFO  impl.RaftServerImpl (RaftServerImpl.java:setRole(171)) - 111edd97-ea51-41ea-a74c-30103f3be193:group-31B540CFC413 changes role from CANDIDATE to LEADER at term 1 for changeToLeader
2019-09-12 11:52:45,913 [111edd97-ea51-41ea-a74c-30103f3be193:group-31B540CFC413:LeaderElection6] INFO  impl.RaftServerImpl (ServerState.java:setLeader(263)) - 111edd97-ea51-41ea-a74c-30103f3be193:group-31B540CFC413 change Leader from null to 111edd97-ea51-41ea-a74c-30103f3be193 at term 1 for becomeLeader, leader elected after 5090ms
2019-09-12 11:52:45,914 [111edd97-ea51-41ea-a74c-30103f3be193:group-31B540CFC413:LeaderElection6] INFO  server.RaftServerConfigKeys (ConfUtils.java:logGet(43)) - raft.server.staging.catchup.gap = 1000 (default)
2019-09-12 11:52:45,914 [111edd97-ea51-41ea-a74c-30103f3be193:group-31B540CFC413:LeaderElection6] INFO  server.RaftServerConfigKeys (ConfUtils.java:logGet(43)) - raft.server.rpc.sleep.time = 25ms (default)
2019-09-12 11:52:45,914 [111edd97-ea51-41ea-a74c-30103f3be193:group-31B540CFC413:LeaderElection6] INFO  server.RaftServerConfigKeys (ConfUtils.java:logGet(43)) - raft.server.write.element-limit = 4096 (default)
2019-09-12 11:52:45,914 [111edd97-ea51-41ea-a74c-30103f3be193:group-31B540CFC413:LeaderElection6] INFO  server.RaftServerConfigKeys (ConfUtils.java:logGet(43)) - raft.server.watch.timeout = 10s (default)
2019-09-12 11:52:45,914 [111edd97-ea51-41ea-a74c-30103f3be193:group-31B540CFC413:LeaderElection6] INFO  server.RaftServerConfigKeys (ConfUtils.java:logGet(43)) - raft.server.watch.timeout.denomination = 1s (default)
2019-09-12 11:52:45,914 [111edd97-ea51-41ea-a74c-30103f3be193:group-31B540CFC413:LeaderElection6] INFO  server.RaftServerConfigKeys (ConfUtils.java:logGet(43)) - raft.server.watch.element-limit = 65536 (default)
2019-09-12 11:52:45,915 [111edd97-ea51-41ea-a74c-30103f3be193:group-31B540CFC413:LeaderElection6] INFO  impl.RoleInfo (RoleInfo.java:updateAndGet(143)) - 111edd97-ea51-41ea-a74c-30103f3be193: start LeaderState
2019-09-12 11:52:45,915 [111edd97-ea51-41ea-a74c-30103f3be193:group-31B540CFC413:LeaderElection6] INFO  segmented.SegmentedRaftLogWorker (SegmentedRaftLogWorker.java:startLogSegment(380)) - 111edd97-ea51-41ea-a74c-30103f3be193-SegmentedRaftLogWorker:Storage Directory /workdir/hadoop-ozone/tools/target/test-dir/MiniOzoneClusterImpl-b7a5d7f5-b39f-413b-a414-789b31b847f8/datanode-1/data/ratis/d065195c-505d-4043-9f85-31b540cfc413: Starting segment from index:0
2019-09-12 11:52:45,916 [111edd97-ea51-41ea-a74c-30103f3be193:group-31B540CFC413:LeaderElection6] INFO  impl.RaftServerImpl (ServerState.java:setRaftConf(361)) - 111edd97-ea51-41ea-a74c-30103f3be193:group-31B540CFC413 set configuration 0: [111edd97-ea51-41ea-a74c-30103f3be193:192.168.36.114:45736], old=null at 0
2019-09-12 11:52:45,948 [111edd97-ea51-41ea-a74c-30103f3be193-SegmentedRaftLogWorker:Storage Directory /workdir/hadoop-ozone/tools/target/test-dir/MiniOzoneClusterImpl-b7a5d7f5-b39f-413b-a414-789b31b847f8/datanode-1/data/ratis/75acc997-9fbc-4bad-af2c-da9443a4d957] INFO  segmented.SegmentedRaftLogWorker (SegmentedRaftLogWorker.java:execute(569)) - 111edd97-ea51-41ea-a74c-30103f3be193-SegmentedRaftLogWorker:Storage Directory /workdir/hadoop-ozone/tools/target/test-dir/MiniOzoneClusterImpl-b7a5d7f5-b39f-413b-a414-789b31b847f8/datanode-1/data/ratis/75acc997-9fbc-4bad-af2c-da9443a4d957: created new log segment /workdir/hadoop-ozone/tools/target/test-dir/MiniOzoneClusterImpl-b7a5d7f5-b39f-413b-a414-789b31b847f8/datanode-1/data/ratis/75acc997-9fbc-4bad-af2c-da9443a4d957/current/log_inprogress_0
2019-09-12 11:52:45,974 [111edd97-ea51-41ea-a74c-30103f3be193-SegmentedRaftLogWorker:Storage Directory /workdir/hadoop-ozone/tools/target/test-dir/MiniOzoneClusterImpl-b7a5d7f5-b39f-413b-a414-789b31b847f8/datanode-1/data/ratis/d065195c-505d-4043-9f85-31b540cfc413] INFO  segmented.SegmentedRaftLogWorker (SegmentedRaftLogWorker.java:execute(569)) - 111edd97-ea51-41ea-a74c-30103f3be193-SegmentedRaftLogWorker:Storage Directory /workdir/hadoop-ozone/tools/target/test-dir/MiniOzoneClusterImpl-b7a5d7f5-b39f-413b-a414-789b31b847f8/datanode-1/data/ratis/d065195c-505d-4043-9f85-31b540cfc413: created new log segment /workdir/hadoop-ozone/tools/target/test-dir/MiniOzoneClusterImpl-b7a5d7f5-b39f-413b-a414-789b31b847f8/datanode-1/data/ratis/d065195c-505d-4043-9f85-31b540cfc413/current/log_inprogress_0
2019-09-12 11:52:45,998 [Thread-206] INFO  impl.FollowerState (FollowerState.java:run(106)) - c6bd64fc-18cd-443d-877c-c0f9224bafd0:group-CE1C9697266B changes to CANDIDATE, lastRpcTime:5039, electionTimeout:5039ms
2019-09-12 11:52:46,000 [Thread-206] INFO  impl.RoleInfo (RoleInfo.java:shutdownFollowerState(121)) - c6bd64fc-18cd-443d-877c-c0f9224bafd0: shutdown FollowerState
2019-09-12 11:52:46,000 [Thread-206] INFO  impl.RaftServerImpl (RaftServerImpl.java:setRole(171)) - c6bd64fc-18cd-443d-877c-c0f9224bafd0:group-CE1C9697266B changes role from FOLLOWER to CANDIDATE at term 0 for changeToCandidate
2019-09-12 11:52:46,000 [Thread-206] INFO  impl.RoleInfo (RoleInfo.java:updateAndGet(143)) - c6bd64fc-18cd-443d-877c-c0f9224bafd0: start LeaderElection
2019-09-12 11:52:46,010 [c6bd64fc-18cd-443d-877c-c0f9224bafd0:group-CE1C9697266B:LeaderElection7] INFO  impl.LeaderElection (LeaderElection.java:askForVotes(181)) - c6bd64fc-18cd-443d-877c-c0f9224bafd0:group-CE1C9697266B:LeaderElection7: begin an election at term 1 for -1: [c6bd64fc-18cd-443d-877c-c0f9224bafd0:192.168.36.114:39747], old=null
2019-09-12 11:52:46,011 [c6bd64fc-18cd-443d-877c-c0f9224bafd0:group-CE1C9697266B:LeaderElection7] INFO  impl.RoleInfo (RoleInfo.java:shutdownLeaderElection(134)) - c6bd64fc-18cd-443d-877c-c0f9224bafd0: shutdown LeaderElection
2019-09-12 11:52:46,012 [c6bd64fc-18cd-443d-877c-c0f9224bafd0:group-CE1C9697266B:LeaderElection7] INFO  impl.RaftServerImpl (RaftServerImpl.java:setRole(171)) - c6bd64fc-18cd-443d-877c-c0f9224bafd0:group-CE1C9697266B changes role from CANDIDATE to LEADER at term 1 for changeToLeader
2019-09-12 11:52:46,012 [c6bd64fc-18cd-443d-877c-c0f9224bafd0:group-CE1C9697266B:LeaderElection7] INFO  impl.RaftServerImpl (ServerState.java:setLeader(263)) - c6bd64fc-18cd-443d-877c-c0f9224bafd0:group-CE1C9697266B change Leader from null to c6bd64fc-18cd-443d-877c-c0f9224bafd0 at term 1 for becomeLeader, leader elected after 5059ms
2019-09-12 11:52:46,012 [c6bd64fc-18cd-443d-877c-c0f9224bafd0:group-CE1C9697266B:LeaderElection7] INFO  server.RaftServerConfigKeys (ConfUtils.java:logGet(43)) - raft.server.staging.catchup.gap = 1000 (default)
2019-09-12 11:52:46,012 [c6bd64fc-18cd-443d-877c-c0f9224bafd0:group-CE1C9697266B:LeaderElection7] INFO  server.RaftServerConfigKeys (ConfUtils.java:logGet(43)) - raft.server.rpc.sleep.time = 25ms (default)
2019-09-12 11:52:46,012 [c6bd64fc-18cd-443d-877c-c0f9224bafd0:group-CE1C9697266B:LeaderElection7] INFO  server.RaftServerConfigKeys (ConfUtils.java:logGet(43)) - raft.server.write.element-limit = 4096 (default)
2019-09-12 11:52:46,013 [c6bd64fc-18cd-443d-877c-c0f9224bafd0:group-CE1C9697266B:LeaderElection7] INFO  server.RaftServerConfigKeys (ConfUtils.java:logGet(43)) - raft.server.watch.timeout = 10s (default)
2019-09-12 11:52:46,013 [c6bd64fc-18cd-443d-877c-c0f9224bafd0:group-CE1C9697266B:LeaderElection7] INFO  server.RaftServerConfigKeys (ConfUtils.java:logGet(43)) - raft.server.watch.timeout.denomination = 1s (default)
2019-09-12 11:52:46,013 [c6bd64fc-18cd-443d-877c-c0f9224bafd0:group-CE1C9697266B:LeaderElection7] INFO  server.RaftServerConfigKeys (ConfUtils.java:logGet(43)) - raft.server.watch.element-limit = 65536 (default)
2019-09-12 11:52:46,013 [c6bd64fc-18cd-443d-877c-c0f9224bafd0:group-CE1C9697266B:LeaderElection7] INFO  impl.RoleInfo (RoleInfo.java:updateAndGet(143)) - c6bd64fc-18cd-443d-877c-c0f9224bafd0: start LeaderState
2019-09-12 11:52:46,014 [c6bd64fc-18cd-443d-877c-c0f9224bafd0:group-CE1C9697266B:LeaderElection7] INFO  segmented.SegmentedRaftLogWorker (SegmentedRaftLogWorker.java:startLogSegment(380)) - c6bd64fc-18cd-443d-877c-c0f9224bafd0-SegmentedRaftLogWorker:Storage Directory /workdir/hadoop-ozone/tools/target/test-dir/MiniOzoneClusterImpl-b7a5d7f5-b39f-413b-a414-789b31b847f8/datanode-2/data/ratis/c3ca2b00-59f5-4246-b70f-ce1c9697266b: Starting segment from index:0
2019-09-12 11:52:46,014 [c6bd64fc-18cd-443d-877c-c0f9224bafd0:group-CE1C9697266B:LeaderElection7] INFO  impl.RaftServerImpl (ServerState.java:setRaftConf(361)) - c6bd64fc-18cd-443d-877c-c0f9224bafd0:group-CE1C9697266B set configuration 0: [c6bd64fc-18cd-443d-877c-c0f9224bafd0:192.168.36.114:39747], old=null at 0
2019-09-12 11:52:46,072 [c6bd64fc-18cd-443d-877c-c0f9224bafd0-SegmentedRaftLogWorker:Storage Directory /workdir/hadoop-ozone/tools/target/test-dir/MiniOzoneClusterImpl-b7a5d7f5-b39f-413b-a414-789b31b847f8/datanode-2/data/ratis/c3ca2b00-59f5-4246-b70f-ce1c9697266b] INFO  segmented.SegmentedRaftLogWorker (SegmentedRaftLogWorker.java:execute(569)) - c6bd64fc-18cd-443d-877c-c0f9224bafd0-SegmentedRaftLogWorker:Storage Directory /workdir/hadoop-ozone/tools/target/test-dir/MiniOzoneClusterImpl-b7a5d7f5-b39f-413b-a414-789b31b847f8/datanode-2/data/ratis/c3ca2b00-59f5-4246-b70f-ce1c9697266b: created new log segment /workdir/hadoop-ozone/tools/target/test-dir/MiniOzoneClusterImpl-b7a5d7f5-b39f-413b-a414-789b31b847f8/datanode-2/data/ratis/c3ca2b00-59f5-4246-b70f-ce1c9697266b/current/log_inprogress_0
2019-09-12 11:52:46,095 [Thread-203] INFO  impl.FollowerState (FollowerState.java:run(106)) - 1972eedd-a35b-49f1-a8bd-2e8474cbe90f:group-C5906BEB4579 changes to CANDIDATE, lastRpcTime:5198, electionTimeout:5198ms
2019-09-12 11:52:46,096 [Thread-203] INFO  impl.RoleInfo (RoleInfo.java:shutdownFollowerState(121)) - 1972eedd-a35b-49f1-a8bd-2e8474cbe90f: shutdown FollowerState
2019-09-12 11:52:46,096 [Thread-203] INFO  impl.RaftServerImpl (RaftServerImpl.java:setRole(171)) - 1972eedd-a35b-49f1-a8bd-2e8474cbe90f:group-C5906BEB4579 changes role from FOLLOWER to CANDIDATE at term 0 for changeToCandidate
2019-09-12 11:52:46,096 [Thread-203] INFO  impl.RoleInfo (RoleInfo.java:updateAndGet(143)) - 1972eedd-a35b-49f1-a8bd-2e8474cbe90f: start LeaderElection
2019-09-12 11:52:46,112 [1972eedd-a35b-49f1-a8bd-2e8474cbe90f:group-C5906BEB4579:LeaderElection8] INFO  impl.LeaderElection (LeaderElection.java:askForVotes(181)) - 1972eedd-a35b-49f1-a8bd-2e8474cbe90f:group-C5906BEB4579:LeaderElection8: begin an election at term 1 for -1: [1972eedd-a35b-49f1-a8bd-2e8474cbe90f:192.168.36.114:40263], old=null
2019-09-12 11:52:46,113 [1972eedd-a35b-49f1-a8bd-2e8474cbe90f:group-C5906BEB4579:LeaderElection8] INFO  impl.RoleInfo (RoleInfo.java:shutdownLeaderElection(134)) - 1972eedd-a35b-49f1-a8bd-2e8474cbe90f: shutdown LeaderElection
2019-09-12 11:52:46,113 [1972eedd-a35b-49f1-a8bd-2e8474cbe90f:group-C5906BEB4579:LeaderElection8] INFO  impl.RaftServerImpl (RaftServerImpl.java:setRole(171)) - 1972eedd-a35b-49f1-a8bd-2e8474cbe90f:group-C5906BEB4579 changes role from CANDIDATE to LEADER at term 1 for changeToLeader
2019-09-12 11:52:46,114 [1972eedd-a35b-49f1-a8bd-2e8474cbe90f:group-C5906BEB4579:LeaderElection8] INFO  impl.RaftServerImpl (ServerState.java:setLeader(263)) - 1972eedd-a35b-49f1-a8bd-2e8474cbe90f:group-C5906BEB4579 change Leader from null to 1972eedd-a35b-49f1-a8bd-2e8474cbe90f at term 1 for becomeLeader, leader elected after 5221ms
2019-09-12 11:52:46,114 [1972eedd-a35b-49f1-a8bd-2e8474cbe90f:group-C5906BEB4579:LeaderElection8] INFO  server.RaftServerConfigKeys (ConfUtils.java:logGet(43)) - raft.server.staging.catchup.gap = 1000 (default)
2019-09-12 11:52:46,114 [1972eedd-a35b-49f1-a8bd-2e8474cbe90f:group-C5906BEB4579:LeaderElection8] INFO  server.RaftServerConfigKeys (ConfUtils.java:logGet(43)) - raft.server.rpc.sleep.time = 25ms (default)
2019-09-12 11:52:46,114 [1972eedd-a35b-49f1-a8bd-2e8474cbe90f:group-C5906BEB4579:LeaderElection8] INFO  server.RaftServerConfigKeys (ConfUtils.java:logGet(43)) - raft.server.write.element-limit = 4096 (default)
2019-09-12 11:52:46,114 [1972eedd-a35b-49f1-a8bd-2e8474cbe90f:group-C5906BEB4579:LeaderElection8] INFO  server.RaftServerConfigKeys (ConfUtils.java:logGet(43)) - raft.server.watch.timeout = 10s (default)
2019-09-12 11:52:46,114 [1972eedd-a35b-49f1-a8bd-2e8474cbe90f:group-C5906BEB4579:LeaderElection8] INFO  server.RaftServerConfigKeys (ConfUtils.java:logGet(43)) - raft.server.watch.timeout.denomination = 1s (default)
2019-09-12 11:52:46,115 [1972eedd-a35b-49f1-a8bd-2e8474cbe90f:group-C5906BEB4579:LeaderElection8] INFO  server.RaftServerConfigKeys (ConfUtils.java:logGet(43)) - raft.server.watch.element-limit = 65536 (default)
2019-09-12 11:52:46,115 [1972eedd-a35b-49f1-a8bd-2e8474cbe90f:group-C5906BEB4579:LeaderElection8] INFO  impl.RoleInfo (RoleInfo.java:updateAndGet(143)) - 1972eedd-a35b-49f1-a8bd-2e8474cbe90f: start LeaderState
2019-09-12 11:52:46,115 [1972eedd-a35b-49f1-a8bd-2e8474cbe90f:group-C5906BEB4579:LeaderElection8] INFO  segmented.SegmentedRaftLogWorker (SegmentedRaftLogWorker.java:startLogSegment(380)) - 1972eedd-a35b-49f1-a8bd-2e8474cbe90f-SegmentedRaftLogWorker:Storage Directory /workdir/hadoop-ozone/tools/target/test-dir/MiniOzoneClusterImpl-b7a5d7f5-b39f-413b-a414-789b31b847f8/datanode-0/data/ratis/dccb39c7-7353-42ad-826e-c5906beb4579: Starting segment from index:0
2019-09-12 11:52:46,116 [1972eedd-a35b-49f1-a8bd-2e8474cbe90f:group-C5906BEB4579:LeaderElection8] INFO  impl.RaftServerImpl (ServerState.java:setRaftConf(361)) - 1972eedd-a35b-49f1-a8bd-2e8474cbe90f:group-C5906BEB4579 set configuration 0: [1972eedd-a35b-49f1-a8bd-2e8474cbe90f:192.168.36.114:40263], old=null at 0
2019-09-12 11:52:46,154 | INFO  | SCMAudit | user=jenkins1000 | ip=192.168.36.114 | op=SEND_HEARTBEAT {datanodeUUID=1972eedd-a35b-49f1-a8bd-2e8474cbe90f, command=[]} | ret=SUCCESS |  
2019-09-12 11:52:46,174 [1972eedd-a35b-49f1-a8bd-2e8474cbe90f-SegmentedRaftLogWorker:Storage Directory /workdir/hadoop-ozone/tools/target/test-dir/MiniOzoneClusterImpl-b7a5d7f5-b39f-413b-a414-789b31b847f8/datanode-0/data/ratis/dccb39c7-7353-42ad-826e-c5906beb4579] INFO  segmented.SegmentedRaftLogWorker (SegmentedRaftLogWorker.java:execute(569)) - 1972eedd-a35b-49f1-a8bd-2e8474cbe90f-SegmentedRaftLogWorker:Storage Directory /workdir/hadoop-ozone/tools/target/test-dir/MiniOzoneClusterImpl-b7a5d7f5-b39f-413b-a414-789b31b847f8/datanode-0/data/ratis/dccb39c7-7353-42ad-826e-c5906beb4579: created new log segment /workdir/hadoop-ozone/tools/target/test-dir/MiniOzoneClusterImpl-b7a5d7f5-b39f-413b-a414-789b31b847f8/datanode-0/data/ratis/dccb39c7-7353-42ad-826e-c5906beb4579/current/log_inprogress_0
2019-09-12 11:52:46,229 [Thread-209] INFO  impl.FollowerState (FollowerState.java:run(106)) - 111edd97-ea51-41ea-a74c-30103f3be193:group-DD4A94BFF541 changes to CANDIDATE, lastRpcTime:5194, electionTimeout:5194ms
2019-09-12 11:52:46,229 [Thread-209] INFO  impl.RoleInfo (RoleInfo.java:shutdownFollowerState(121)) - 111edd97-ea51-41ea-a74c-30103f3be193: shutdown FollowerState
2019-09-12 11:52:46,229 [Thread-209] INFO  impl.RaftServerImpl (RaftServerImpl.java:setRole(171)) - 111edd97-ea51-41ea-a74c-30103f3be193:group-DD4A94BFF541 changes role from FOLLOWER to CANDIDATE at term 0 for changeToCandidate
2019-09-12 11:52:46,229 [Thread-209] INFO  impl.RoleInfo (RoleInfo.java:updateAndGet(143)) - 111edd97-ea51-41ea-a74c-30103f3be193: start LeaderElection
2019-09-12 11:52:46,241 [Thread-215] INFO  impl.FollowerState (FollowerState.java:run(106)) - 1972eedd-a35b-49f1-a8bd-2e8474cbe90f:group-AC3D2BFBD5B5 changes to CANDIDATE, lastRpcTime:5082, electionTimeout:5082ms
2019-09-12 11:52:46,244 [Thread-215] INFO  impl.RoleInfo (RoleInfo.java:shutdownFollowerState(121)) - 1972eedd-a35b-49f1-a8bd-2e8474cbe90f: shutdown FollowerState
2019-09-12 11:52:46,244 [Thread-215] INFO  impl.RaftServerImpl (RaftServerImpl.java:setRole(171)) - 1972eedd-a35b-49f1-a8bd-2e8474cbe90f:group-AC3D2BFBD5B5 changes role from FOLLOWER to CANDIDATE at term 0 for changeToCandidate
2019-09-12 11:52:46,244 [Thread-215] INFO  impl.RoleInfo (RoleInfo.java:updateAndGet(143)) - 1972eedd-a35b-49f1-a8bd-2e8474cbe90f: start LeaderElection
2019-09-12 11:52:46,247 [111edd97-ea51-41ea-a74c-30103f3be193:group-DD4A94BFF541:LeaderElection9] INFO  impl.LeaderElection (LeaderElection.java:askForVotes(181)) - 111edd97-ea51-41ea-a74c-30103f3be193:group-DD4A94BFF541:LeaderElection9: begin an election at term 1 for -1: [111edd97-ea51-41ea-a74c-30103f3be193:192.168.36.114:45736], old=null
2019-09-12 11:52:46,247 [111edd97-ea51-41ea-a74c-30103f3be193:group-DD4A94BFF541:LeaderElection9] INFO  impl.RoleInfo (RoleInfo.java:shutdownLeaderElection(134)) - 111edd97-ea51-41ea-a74c-30103f3be193: shutdown LeaderElection
2019-09-12 11:52:46,247 [111edd97-ea51-41ea-a74c-30103f3be193:group-DD4A94BFF541:LeaderElection9] INFO  impl.RaftServerImpl (RaftServerImpl.java:setRole(171)) - 111edd97-ea51-41ea-a74c-30103f3be193:group-DD4A94BFF541 changes role from CANDIDATE to LEADER at term 1 for changeToLeader
2019-09-12 11:52:46,247 [111edd97-ea51-41ea-a74c-30103f3be193:group-DD4A94BFF541:LeaderElection9] INFO  impl.RaftServerImpl (ServerState.java:setLeader(263)) - 111edd97-ea51-41ea-a74c-30103f3be193:group-DD4A94BFF541 change Leader from null to 111edd97-ea51-41ea-a74c-30103f3be193 at term 1 for becomeLeader, leader elected after 5218ms
2019-09-12 11:52:46,248 [111edd97-ea51-41ea-a74c-30103f3be193:group-DD4A94BFF541:LeaderElection9] INFO  server.RaftServerConfigKeys (ConfUtils.java:logGet(43)) - raft.server.staging.catchup.gap = 1000 (default)
2019-09-12 11:52:46,248 [111edd97-ea51-41ea-a74c-30103f3be193:group-DD4A94BFF541:LeaderElection9] INFO  server.RaftServerConfigKeys (ConfUtils.java:logGet(43)) - raft.server.rpc.sleep.time = 25ms (default)
2019-09-12 11:52:46,248 [111edd97-ea51-41ea-a74c-30103f3be193:group-DD4A94BFF541:LeaderElection9] INFO  server.RaftServerConfigKeys (ConfUtils.java:logGet(43)) - raft.server.write.element-limit = 4096 (default)
2019-09-12 11:52:46,248 [111edd97-ea51-41ea-a74c-30103f3be193:group-DD4A94BFF541:LeaderElection9] INFO  server.RaftServerConfigKeys (ConfUtils.java:logGet(43)) - raft.server.watch.timeout = 10s (default)
2019-09-12 11:52:46,248 [111edd97-ea51-41ea-a74c-30103f3be193:group-DD4A94BFF541:LeaderElection9] INFO  server.RaftServerConfigKeys (ConfUtils.java:logGet(43)) - raft.server.watch.timeout.denomination = 1s (default)
2019-09-12 11:52:46,249 [111edd97-ea51-41ea-a74c-30103f3be193:group-DD4A94BFF541:LeaderElection9] INFO  server.RaftServerConfigKeys (ConfUtils.java:logGet(43)) - raft.server.watch.element-limit = 65536 (default)
2019-09-12 11:52:46,249 [111edd97-ea51-41ea-a74c-30103f3be193:group-DD4A94BFF541:LeaderElection9] INFO  impl.RoleInfo (RoleInfo.java:updateAndGet(143)) - 111edd97-ea51-41ea-a74c-30103f3be193: start LeaderState
2019-09-12 11:52:46,249 [111edd97-ea51-41ea-a74c-30103f3be193:group-DD4A94BFF541:LeaderElection9] INFO  segmented.SegmentedRaftLogWorker (SegmentedRaftLogWorker.java:startLogSegment(380)) - 111edd97-ea51-41ea-a74c-30103f3be193-SegmentedRaftLogWorker:Storage Directory /workdir/hadoop-ozone/tools/target/test-dir/MiniOzoneClusterImpl-b7a5d7f5-b39f-413b-a414-789b31b847f8/datanode-1/data/ratis/2e51e688-0e07-42e1-b366-dd4a94bff541: Starting segment from index:0
2019-09-12 11:52:46,250 [111edd97-ea51-41ea-a74c-30103f3be193:group-DD4A94BFF541:LeaderElection9] INFO  impl.RaftServerImpl (ServerState.java:setRaftConf(361)) - 111edd97-ea51-41ea-a74c-30103f3be193:group-DD4A94BFF541 set configuration 0: [111edd97-ea51-41ea-a74c-30103f3be193:192.168.36.114:45736], old=null at 0
2019-09-12 11:52:46,286 [Thread-212] INFO  impl.FollowerState (FollowerState.java:run(106)) - 111edd97-ea51-41ea-a74c-30103f3be193:group-0D0EB1A43DD8 changes to CANDIDATE, lastRpcTime:5192, electionTimeout:5190ms
2019-09-12 11:52:46,286 [1972eedd-a35b-49f1-a8bd-2e8474cbe90f:group-AC3D2BFBD5B5:LeaderElection10] INFO  impl.LeaderElection (LeaderElection.java:askForVotes(181)) - 1972eedd-a35b-49f1-a8bd-2e8474cbe90f:group-AC3D2BFBD5B5:LeaderElection10: begin an election at term 1 for -1: [1972eedd-a35b-49f1-a8bd-2e8474cbe90f:192.168.36.114:40263], old=null
2019-09-12 11:52:46,286 [Thread-212] INFO  impl.RoleInfo (RoleInfo.java:shutdownFollowerState(121)) - 111edd97-ea51-41ea-a74c-30103f3be193: shutdown FollowerState
2019-09-12 11:52:46,287 [1972eedd-a35b-49f1-a8bd-2e8474cbe90f:group-AC3D2BFBD5B5:LeaderElection10] INFO  impl.RoleInfo (RoleInfo.java:shutdownLeaderElection(134)) - 1972eedd-a35b-49f1-a8bd-2e8474cbe90f: shutdown LeaderElection
2019-09-12 11:52:46,287 [Thread-212] INFO  impl.RaftServerImpl (RaftServerImpl.java:setRole(171)) - 111edd97-ea51-41ea-a74c-30103f3be193:group-0D0EB1A43DD8 changes role from FOLLOWER to CANDIDATE at term 0 for changeToCandidate
2019-09-12 11:52:46,287 [1972eedd-a35b-49f1-a8bd-2e8474cbe90f:group-AC3D2BFBD5B5:LeaderElection10] INFO  impl.RaftServerImpl (RaftServerImpl.java:setRole(171)) - 1972eedd-a35b-49f1-a8bd-2e8474cbe90f:group-AC3D2BFBD5B5 changes role from CANDIDATE to LEADER at term 1 for changeToLeader
2019-09-12 11:52:46,287 [Thread-212] INFO  impl.RoleInfo (RoleInfo.java:updateAndGet(143)) - 111edd97-ea51-41ea-a74c-30103f3be193: start LeaderElection
2019-09-12 11:52:46,287 [1972eedd-a35b-49f1-a8bd-2e8474cbe90f:group-AC3D2BFBD5B5:LeaderElection10] INFO  impl.RaftServerImpl (ServerState.java:setLeader(263)) - 1972eedd-a35b-49f1-a8bd-2e8474cbe90f:group-AC3D2BFBD5B5 change Leader from null to 1972eedd-a35b-49f1-a8bd-2e8474cbe90f at term 1 for becomeLeader, leader elected after 5134ms
2019-09-12 11:52:46,289 [1972eedd-a35b-49f1-a8bd-2e8474cbe90f:group-AC3D2BFBD5B5:LeaderElection10] INFO  server.RaftServerConfigKeys (ConfUtils.java:logGet(43)) - raft.server.staging.catchup.gap = 1000 (default)
2019-09-12 11:52:46,291 [1972eedd-a35b-49f1-a8bd-2e8474cbe90f:group-AC3D2BFBD5B5:LeaderElection10] INFO  server.RaftServerConfigKeys (ConfUtils.java:logGet(43)) - raft.server.rpc.sleep.time = 25ms (default)
2019-09-12 11:52:46,291 [1972eedd-a35b-49f1-a8bd-2e8474cbe90f:group-AC3D2BFBD5B5:LeaderElection10] INFO  server.RaftServerConfigKeys (ConfUtils.java:logGet(43)) - raft.server.write.element-limit = 4096 (default)
2019-09-12 11:52:46,291 [1972eedd-a35b-49f1-a8bd-2e8474cbe90f:group-AC3D2BFBD5B5:LeaderElection10] INFO  server.RaftServerConfigKeys (ConfUtils.java:logGet(43)) - raft.server.watch.timeout = 10s (default)
2019-09-12 11:52:46,291 [1972eedd-a35b-49f1-a8bd-2e8474cbe90f:group-AC3D2BFBD5B5:LeaderElection10] INFO  server.RaftServerConfigKeys (ConfUtils.java:logGet(43)) - raft.server.watch.timeout.denomination = 1s (default)
2019-09-12 11:52:46,291 [1972eedd-a35b-49f1-a8bd-2e8474cbe90f:group-AC3D2BFBD5B5:LeaderElection10] INFO  server.RaftServerConfigKeys (ConfUtils.java:logGet(43)) - raft.server.watch.element-limit = 65536 (default)
2019-09-12 11:52:46,292 [1972eedd-a35b-49f1-a8bd-2e8474cbe90f:group-AC3D2BFBD5B5:LeaderElection10] INFO  impl.RoleInfo (RoleInfo.java:updateAndGet(143)) - 1972eedd-a35b-49f1-a8bd-2e8474cbe90f: start LeaderState
2019-09-12 11:52:46,292 [1972eedd-a35b-49f1-a8bd-2e8474cbe90f:group-AC3D2BFBD5B5:LeaderElection10] INFO  segmented.SegmentedRaftLogWorker (SegmentedRaftLogWorker.java:startLogSegment(380)) - 1972eedd-a35b-49f1-a8bd-2e8474cbe90f-SegmentedRaftLogWorker:Storage Directory /workdir/hadoop-ozone/tools/target/test-dir/MiniOzoneClusterImpl-b7a5d7f5-b39f-413b-a414-789b31b847f8/datanode-0/data/ratis/7359a402-d5b4-47e1-9105-ac3d2bfbd5b5: Starting segment from index:0
2019-09-12 11:52:46,293 [1972eedd-a35b-49f1-a8bd-2e8474cbe90f:group-AC3D2BFBD5B5:LeaderElection10] INFO  impl.RaftServerImpl (ServerState.java:setRaftConf(361)) - 1972eedd-a35b-49f1-a8bd-2e8474cbe90f:group-AC3D2BFBD5B5 set configuration 0: [1972eedd-a35b-49f1-a8bd-2e8474cbe90f:192.168.36.114:40263], old=null at 0
2019-09-12 11:52:46,323 [111edd97-ea51-41ea-a74c-30103f3be193-SegmentedRaftLogWorker:Storage Directory /workdir/hadoop-ozone/tools/target/test-dir/MiniOzoneClusterImpl-b7a5d7f5-b39f-413b-a414-789b31b847f8/datanode-1/data/ratis/2e51e688-0e07-42e1-b366-dd4a94bff541] INFO  segmented.SegmentedRaftLogWorker (SegmentedRaftLogWorker.java:execute(569)) - 111edd97-ea51-41ea-a74c-30103f3be193-SegmentedRaftLogWorker:Storage Directory /workdir/hadoop-ozone/tools/target/test-dir/MiniOzoneClusterImpl-b7a5d7f5-b39f-413b-a414-789b31b847f8/datanode-1/data/ratis/2e51e688-0e07-42e1-b366-dd4a94bff541: created new log segment /workdir/hadoop-ozone/tools/target/test-dir/MiniOzoneClusterImpl-b7a5d7f5-b39f-413b-a414-789b31b847f8/datanode-1/data/ratis/2e51e688-0e07-42e1-b366-dd4a94bff541/current/log_inprogress_0
2019-09-12 11:52:46,323 [111edd97-ea51-41ea-a74c-30103f3be193:group-0D0EB1A43DD8:LeaderElection11] INFO  impl.LeaderElection (LeaderElection.java:askForVotes(181)) - 111edd97-ea51-41ea-a74c-30103f3be193:group-0D0EB1A43DD8:LeaderElection11: begin an election at term 1 for -1: [111edd97-ea51-41ea-a74c-30103f3be193:192.168.36.114:45736], old=null
2019-09-12 11:52:46,323 [Thread-218] INFO  impl.FollowerState (FollowerState.java:run(106)) - 1972eedd-a35b-49f1-a8bd-2e8474cbe90f:group-492C033D6300 changes to CANDIDATE, lastRpcTime:5111, electionTimeout:5106ms
2019-09-12 11:52:46,323 [Thread-221] INFO  impl.FollowerState (FollowerState.java:run(106)) - 111edd97-ea51-41ea-a74c-30103f3be193:group-210BD718AB58 changes to CANDIDATE, lastRpcTime:5047, electionTimeout:5028ms
2019-09-12 11:52:46,325 [Thread-218] INFO  impl.RoleInfo (RoleInfo.java:shutdownFollowerState(121)) - 1972eedd-a35b-49f1-a8bd-2e8474cbe90f: shutdown FollowerState
2019-09-12 11:52:46,324 [111edd97-ea51-41ea-a74c-30103f3be193:group-0D0EB1A43DD8:LeaderElection11] INFO  impl.RoleInfo (RoleInfo.java:shutdownLeaderElection(134)) - 111edd97-ea51-41ea-a74c-30103f3be193: shutdown LeaderElection
2019-09-12 11:52:46,325 [Thread-218] INFO  impl.RaftServerImpl (RaftServerImpl.java:setRole(171)) - 1972eedd-a35b-49f1-a8bd-2e8474cbe90f:group-492C033D6300 changes role from FOLLOWER to CANDIDATE at term 0 for changeToCandidate
2019-09-12 11:52:46,325 [Thread-221] INFO  impl.RoleInfo (RoleInfo.java:shutdownFollowerState(121)) - 111edd97-ea51-41ea-a74c-30103f3be193: shutdown FollowerState
2019-09-12 11:52:46,325 [111edd97-ea51-41ea-a74c-30103f3be193:group-0D0EB1A43DD8:LeaderElection11] INFO  impl.RaftServerImpl (RaftServerImpl.java:setRole(171)) - 111edd97-ea51-41ea-a74c-30103f3be193:group-0D0EB1A43DD8 changes role from CANDIDATE to LEADER at term 1 for changeToLeader
2019-09-12 11:52:46,325 [Thread-218] INFO  impl.RoleInfo (RoleInfo.java:updateAndGet(143)) - 1972eedd-a35b-49f1-a8bd-2e8474cbe90f: start LeaderElection
2019-09-12 11:52:46,325 [Thread-221] INFO  impl.RaftServerImpl (RaftServerImpl.java:setRole(171)) - 111edd97-ea51-41ea-a74c-30103f3be193:group-210BD718AB58 changes role from FOLLOWER to CANDIDATE at term 0 for changeToCandidate
2019-09-12 11:52:46,325 [111edd97-ea51-41ea-a74c-30103f3be193:group-0D0EB1A43DD8:LeaderElection11] INFO  impl.RaftServerImpl (ServerState.java:setLeader(263)) - 111edd97-ea51-41ea-a74c-30103f3be193:group-0D0EB1A43DD8 change Leader from null to 111edd97-ea51-41ea-a74c-30103f3be193 at term 1 for becomeLeader, leader elected after 5236ms
2019-09-12 11:52:46,326 [Thread-221] INFO  impl.RoleInfo (RoleInfo.java:updateAndGet(143)) - 111edd97-ea51-41ea-a74c-30103f3be193: start LeaderElection
2019-09-12 11:52:46,328 [111edd97-ea51-41ea-a74c-30103f3be193:group-0D0EB1A43DD8:LeaderElection11] INFO  server.RaftServerConfigKeys (ConfUtils.java:logGet(43)) - raft.server.staging.catchup.gap = 1000 (default)
2019-09-12 11:52:46,331 [111edd97-ea51-41ea-a74c-30103f3be193:group-0D0EB1A43DD8:LeaderElection11] INFO  server.RaftServerConfigKeys (ConfUtils.java:logGet(43)) - raft.server.rpc.sleep.time = 25ms (default)
2019-09-12 11:52:46,332 [111edd97-ea51-41ea-a74c-30103f3be193:group-0D0EB1A43DD8:LeaderElection11] INFO  server.RaftServerConfigKeys (ConfUtils.java:logGet(43)) - raft.server.write.element-limit = 4096 (default)
2019-09-12 11:52:46,332 [111edd97-ea51-41ea-a74c-30103f3be193:group-0D0EB1A43DD8:LeaderElection11] INFO  server.RaftServerConfigKeys (ConfUtils.java:logGet(43)) - raft.server.watch.timeout = 10s (default)
2019-09-12 11:52:46,332 [111edd97-ea51-41ea-a74c-30103f3be193:group-0D0EB1A43DD8:LeaderElection11] INFO  server.RaftServerConfigKeys (ConfUtils.java:logGet(43)) - raft.server.watch.timeout.denomination = 1s (default)
2019-09-12 11:52:46,332 [111edd97-ea51-41ea-a74c-30103f3be193:group-0D0EB1A43DD8:LeaderElection11] INFO  server.RaftServerConfigKeys (ConfUtils.java:logGet(43)) - raft.server.watch.element-limit = 65536 (default)
2019-09-12 11:52:46,333 [111edd97-ea51-41ea-a74c-30103f3be193:group-0D0EB1A43DD8:LeaderElection11] INFO  impl.RoleInfo (RoleInfo.java:updateAndGet(143)) - 111edd97-ea51-41ea-a74c-30103f3be193: start LeaderState
2019-09-12 11:52:46,333 [111edd97-ea51-41ea-a74c-30103f3be193:group-0D0EB1A43DD8:LeaderElection11] INFO  segmented.SegmentedRaftLogWorker (SegmentedRaftLogWorker.java:startLogSegment(380)) - 111edd97-ea51-41ea-a74c-30103f3be193-SegmentedRaftLogWorker:Storage Directory /workdir/hadoop-ozone/tools/target/test-dir/MiniOzoneClusterImpl-b7a5d7f5-b39f-413b-a414-789b31b847f8/datanode-1/data/ratis/586cb6bd-4ec0-4565-bd8d-0d0eb1a43dd8: Starting segment from index:0
2019-09-12 11:52:46,334 [111edd97-ea51-41ea-a74c-30103f3be193:group-0D0EB1A43DD8:LeaderElection11] INFO  impl.RaftServerImpl (ServerState.java:setRaftConf(361)) - 111edd97-ea51-41ea-a74c-30103f3be193:group-0D0EB1A43DD8 set configuration 0: [111edd97-ea51-41ea-a74c-30103f3be193:192.168.36.114:45736], old=null at 0
2019-09-12 11:52:46,364 [1972eedd-a35b-49f1-a8bd-2e8474cbe90f-SegmentedRaftLogWorker:Storage Directory /workdir/hadoop-ozone/tools/target/test-dir/MiniOzoneClusterImpl-b7a5d7f5-b39f-413b-a414-789b31b847f8/datanode-0/data/ratis/7359a402-d5b4-47e1-9105-ac3d2bfbd5b5] INFO  segmented.SegmentedRaftLogWorker (SegmentedRaftLogWorker.java:execute(569)) - 1972eedd-a35b-49f1-a8bd-2e8474cbe90f-SegmentedRaftLogWorker:Storage Directory /workdir/hadoop-ozone/tools/target/test-dir/MiniOzoneClusterImpl-b7a5d7f5-b39f-413b-a414-789b31b847f8/datanode-0/data/ratis/7359a402-d5b4-47e1-9105-ac3d2bfbd5b5: created new log segment /workdir/hadoop-ozone/tools/target/test-dir/MiniOzoneClusterImpl-b7a5d7f5-b39f-413b-a414-789b31b847f8/datanode-0/data/ratis/7359a402-d5b4-47e1-9105-ac3d2bfbd5b5/current/log_inprogress_0
2019-09-12 11:52:46,364 [1972eedd-a35b-49f1-a8bd-2e8474cbe90f:group-492C033D6300:LeaderElection12] INFO  impl.LeaderElection (LeaderElection.java:askForVotes(181)) - 1972eedd-a35b-49f1-a8bd-2e8474cbe90f:group-492C033D6300:LeaderElection12: begin an election at term 1 for -1: [1972eedd-a35b-49f1-a8bd-2e8474cbe90f:192.168.36.114:40263], old=null
2019-09-12 11:52:46,364 [111edd97-ea51-41ea-a74c-30103f3be193:group-210BD718AB58:LeaderElection13] INFO  impl.LeaderElection (LeaderElection.java:askForVotes(181)) - 111edd97-ea51-41ea-a74c-30103f3be193:group-210BD718AB58:LeaderElection13: begin an election at term 1 for -1: [111edd97-ea51-41ea-a74c-30103f3be193:192.168.36.114:45736], old=null
2019-09-12 11:52:46,366 [1972eedd-a35b-49f1-a8bd-2e8474cbe90f:group-492C033D6300:LeaderElection12] INFO  impl.RoleInfo (RoleInfo.java:shutdownLeaderElection(134)) - 1972eedd-a35b-49f1-a8bd-2e8474cbe90f: shutdown LeaderElection
2019-09-12 11:52:46,366 [111edd97-ea51-41ea-a74c-30103f3be193:group-210BD718AB58:LeaderElection13] INFO  impl.RoleInfo (RoleInfo.java:shutdownLeaderElection(134)) - 111edd97-ea51-41ea-a74c-30103f3be193: shutdown LeaderElection
2019-09-12 11:52:46,366 [1972eedd-a35b-49f1-a8bd-2e8474cbe90f:group-492C033D6300:LeaderElection12] INFO  impl.RaftServerImpl (RaftServerImpl.java:setRole(171)) - 1972eedd-a35b-49f1-a8bd-2e8474cbe90f:group-492C033D6300 changes role from CANDIDATE to LEADER at term 1 for changeToLeader
2019-09-12 11:52:46,366 [111edd97-ea51-41ea-a74c-30103f3be193:group-210BD718AB58:LeaderElection13] INFO  impl.RaftServerImpl (RaftServerImpl.java:setRole(171)) - 111edd97-ea51-41ea-a74c-30103f3be193:group-210BD718AB58 changes role from CANDIDATE to LEADER at term 1 for changeToLeader
2019-09-12 11:52:46,366 [1972eedd-a35b-49f1-a8bd-2e8474cbe90f:group-492C033D6300:LeaderElection12] INFO  impl.RaftServerImpl (ServerState.java:setLeader(263)) - 1972eedd-a35b-49f1-a8bd-2e8474cbe90f:group-492C033D6300 change Leader from null to 1972eedd-a35b-49f1-a8bd-2e8474cbe90f at term 1 for becomeLeader, leader elected after 5159ms
2019-09-12 11:52:46,366 [111edd97-ea51-41ea-a74c-30103f3be193:group-210BD718AB58:LeaderElection13] INFO  impl.RaftServerImpl (ServerState.java:setLeader(263)) - 111edd97-ea51-41ea-a74c-30103f3be193:group-210BD718AB58 change Leader from null to 111edd97-ea51-41ea-a74c-30103f3be193 at term 1 for becomeLeader, leader elected after 5095ms
2019-09-12 11:52:46,366 [1972eedd-a35b-49f1-a8bd-2e8474cbe90f:group-492C033D6300:LeaderElection12] INFO  server.RaftServerConfigKeys (ConfUtils.java:logGet(43)) - raft.server.staging.catchup.gap = 1000 (default)
2019-09-12 11:52:46,366 [111edd97-ea51-41ea-a74c-30103f3be193:group-210BD718AB58:LeaderElection13] INFO  server.RaftServerConfigKeys (ConfUtils.java:logGet(43)) - raft.server.staging.catchup.gap = 1000 (default)
2019-09-12 11:52:46,367 [1972eedd-a35b-49f1-a8bd-2e8474cbe90f:group-492C033D6300:LeaderElection12] INFO  server.RaftServerConfigKeys (ConfUtils.java:logGet(43)) - raft.server.rpc.sleep.time = 25ms (default)
2019-09-12 11:52:46,367 [111edd97-ea51-41ea-a74c-30103f3be193:group-210BD718AB58:LeaderElection13] INFO  server.RaftServerConfigKeys (ConfUtils.java:logGet(43)) - raft.server.rpc.sleep.time = 25ms (default)
2019-09-12 11:52:46,367 [1972eedd-a35b-49f1-a8bd-2e8474cbe90f:group-492C033D6300:LeaderElection12] INFO  server.RaftServerConfigKeys (ConfUtils.java:logGet(43)) - raft.server.write.element-limit = 4096 (default)
2019-09-12 11:52:46,367 [111edd97-ea51-41ea-a74c-30103f3be193:group-210BD718AB58:LeaderElection13] INFO  server.RaftServerConfigKeys (ConfUtils.java:logGet(43)) - raft.server.write.element-limit = 4096 (default)
2019-09-12 11:52:46,367 [1972eedd-a35b-49f1-a8bd-2e8474cbe90f:group-492C033D6300:LeaderElection12] INFO  server.RaftServerConfigKeys (ConfUtils.java:logGet(43)) - raft.server.watch.timeout = 10s (default)
2019-09-12 11:52:46,367 [111edd97-ea51-41ea-a74c-30103f3be193:group-210BD718AB58:LeaderElection13] INFO  server.RaftServerConfigKeys (ConfUtils.java:logGet(43)) - raft.server.watch.timeout = 10s (default)
2019-09-12 11:52:46,367 [1972eedd-a35b-49f1-a8bd-2e8474cbe90f:group-492C033D6300:LeaderElection12] INFO  server.RaftServerConfigKeys (ConfUtils.java:logGet(43)) - raft.server.watch.timeout.denomination = 1s (default)
2019-09-12 11:52:46,367 [111edd97-ea51-41ea-a74c-30103f3be193:group-210BD718AB58:LeaderElection13] INFO  server.RaftServerConfigKeys (ConfUtils.java:logGet(43)) - raft.server.watch.timeout.denomination = 1s (default)
2019-09-12 11:52:46,367 [1972eedd-a35b-49f1-a8bd-2e8474cbe90f:group-492C033D6300:LeaderElection12] INFO  server.RaftServerConfigKeys (ConfUtils.java:logGet(43)) - raft.server.watch.element-limit = 65536 (default)
2019-09-12 11:52:46,368 [111edd97-ea51-41ea-a74c-30103f3be193:group-210BD718AB58:LeaderElection13] INFO  server.RaftServerConfigKeys (ConfUtils.java:logGet(43)) - raft.server.watch.element-limit = 65536 (default)
2019-09-12 11:52:46,368 [1972eedd-a35b-49f1-a8bd-2e8474cbe90f:group-492C033D6300:LeaderElection12] INFO  impl.RoleInfo (RoleInfo.java:updateAndGet(143)) - 1972eedd-a35b-49f1-a8bd-2e8474cbe90f: start LeaderState
2019-09-12 11:52:46,368 [111edd97-ea51-41ea-a74c-30103f3be193:group-210BD718AB58:LeaderElection13] INFO  impl.RoleInfo (RoleInfo.java:updateAndGet(143)) - 111edd97-ea51-41ea-a74c-30103f3be193: start LeaderState
2019-09-12 11:52:46,368 [1972eedd-a35b-49f1-a8bd-2e8474cbe90f:group-492C033D6300:LeaderElection12] INFO  segmented.SegmentedRaftLogWorker (SegmentedRaftLogWorker.java:startLogSegment(380)) - 1972eedd-a35b-49f1-a8bd-2e8474cbe90f-SegmentedRaftLogWorker:Storage Directory /workdir/hadoop-ozone/tools/target/test-dir/MiniOzoneClusterImpl-b7a5d7f5-b39f-413b-a414-789b31b847f8/datanode-0/data/ratis/553980b6-aab5-4de4-b0e2-492c033d6300: Starting segment from index:0
2019-09-12 11:52:46,368 [111edd97-ea51-41ea-a74c-30103f3be193:group-210BD718AB58:LeaderElection13] INFO  segmented.SegmentedRaftLogWorker (SegmentedRaftLogWorker.java:startLogSegment(380)) - 111edd97-ea51-41ea-a74c-30103f3be193-SegmentedRaftLogWorker:Storage Directory /workdir/hadoop-ozone/tools/target/test-dir/MiniOzoneClusterImpl-b7a5d7f5-b39f-413b-a414-789b31b847f8/datanode-1/data/ratis/90d2aadb-12a4-4551-ac14-210bd718ab58: Starting segment from index:0
2019-09-12 11:52:46,369 [1972eedd-a35b-49f1-a8bd-2e8474cbe90f:group-492C033D6300:LeaderElection12] INFO  impl.RaftServerImpl (ServerState.java:setRaftConf(361)) - 1972eedd-a35b-49f1-a8bd-2e8474cbe90f:group-492C033D6300 set configuration 0: [1972eedd-a35b-49f1-a8bd-2e8474cbe90f:192.168.36.114:40263], old=null at 0
2019-09-12 11:52:46,396 [111edd97-ea51-41ea-a74c-30103f3be193-SegmentedRaftLogWorker:Storage Directory /workdir/hadoop-ozone/tools/target/test-dir/MiniOzoneClusterImpl-b7a5d7f5-b39f-413b-a414-789b31b847f8/datanode-1/data/ratis/586cb6bd-4ec0-4565-bd8d-0d0eb1a43dd8] INFO  segmented.SegmentedRaftLogWorker (SegmentedRaftLogWorker.java:execute(569)) - 111edd97-ea51-41ea-a74c-30103f3be193-SegmentedRaftLogWorker:Storage Directory /workdir/hadoop-ozone/tools/target/test-dir/MiniOzoneClusterImpl-b7a5d7f5-b39f-413b-a414-789b31b847f8/datanode-1/data/ratis/586cb6bd-4ec0-4565-bd8d-0d0eb1a43dd8: created new log segment /workdir/hadoop-ozone/tools/target/test-dir/MiniOzoneClusterImpl-b7a5d7f5-b39f-413b-a414-789b31b847f8/datanode-1/data/ratis/586cb6bd-4ec0-4565-bd8d-0d0eb1a43dd8/current/log_inprogress_0
2019-09-12 11:52:46,396 [111edd97-ea51-41ea-a74c-30103f3be193:group-210BD718AB58:LeaderElection13] INFO  impl.RaftServerImpl (ServerState.java:setRaftConf(361)) - 111edd97-ea51-41ea-a74c-30103f3be193:group-210BD718AB58 set configuration 0: [111edd97-ea51-41ea-a74c-30103f3be193:192.168.36.114:45736], old=null at 0
2019-09-12 11:52:46,402 | INFO  | SCMAudit | user=jenkins1000 | ip=192.168.36.114 | op=SEND_HEARTBEAT {datanodeUUID=111edd97-ea51-41ea-a74c-30103f3be193, command=[]} | ret=SUCCESS |  
2019-09-12 11:52:46,408 [111edd97-ea51-41ea-a74c-30103f3be193-SegmentedRaftLogWorker:Storage Directory /workdir/hadoop-ozone/tools/target/test-dir/MiniOzoneClusterImpl-b7a5d7f5-b39f-413b-a414-789b31b847f8/datanode-1/data/ratis/90d2aadb-12a4-4551-ac14-210bd718ab58] INFO  segmented.SegmentedRaftLogWorker (SegmentedRaftLogWorker.java:execute(569)) - 111edd97-ea51-41ea-a74c-30103f3be193-SegmentedRaftLogWorker:Storage Directory /workdir/hadoop-ozone/tools/target/test-dir/MiniOzoneClusterImpl-b7a5d7f5-b39f-413b-a414-789b31b847f8/datanode-1/data/ratis/90d2aadb-12a4-4551-ac14-210bd718ab58: created new log segment /workdir/hadoop-ozone/tools/target/test-dir/MiniOzoneClusterImpl-b7a5d7f5-b39f-413b-a414-789b31b847f8/datanode-1/data/ratis/90d2aadb-12a4-4551-ac14-210bd718ab58/current/log_inprogress_0
2019-09-12 11:52:46,408 [1972eedd-a35b-49f1-a8bd-2e8474cbe90f-SegmentedRaftLogWorker:Storage Directory /workdir/hadoop-ozone/tools/target/test-dir/MiniOzoneClusterImpl-b7a5d7f5-b39f-413b-a414-789b31b847f8/datanode-0/data/ratis/553980b6-aab5-4de4-b0e2-492c033d6300] INFO  segmented.SegmentedRaftLogWorker (SegmentedRaftLogWorker.java:execute(569)) - 1972eedd-a35b-49f1-a8bd-2e8474cbe90f-SegmentedRaftLogWorker:Storage Directory /workdir/hadoop-ozone/tools/target/test-dir/MiniOzoneClusterImpl-b7a5d7f5-b39f-413b-a414-789b31b847f8/datanode-0/data/ratis/553980b6-aab5-4de4-b0e2-492c033d6300: created new log segment /workdir/hadoop-ozone/tools/target/test-dir/MiniOzoneClusterImpl-b7a5d7f5-b39f-413b-a414-789b31b847f8/datanode-0/data/ratis/553980b6-aab5-4de4-b0e2-492c033d6300/current/log_inprogress_0
2019-09-12 11:52:46,457 [Thread-224] INFO  impl.FollowerState (FollowerState.java:run(106)) - c6bd64fc-18cd-443d-877c-c0f9224bafd0:group-ABA175794AA8 changes to CANDIDATE, lastRpcTime:5128, electionTimeout:5128ms
2019-09-12 11:52:46,459 [Thread-224] INFO  impl.RoleInfo (RoleInfo.java:shutdownFollowerState(121)) - c6bd64fc-18cd-443d-877c-c0f9224bafd0: shutdown FollowerState
2019-09-12 11:52:46,459 [Thread-224] INFO  impl.RaftServerImpl (RaftServerImpl.java:setRole(171)) - c6bd64fc-18cd-443d-877c-c0f9224bafd0:group-ABA175794AA8 changes role from FOLLOWER to CANDIDATE at term 0 for changeToCandidate
2019-09-12 11:52:46,459 [Thread-224] INFO  impl.RoleInfo (RoleInfo.java:updateAndGet(143)) - c6bd64fc-18cd-443d-877c-c0f9224bafd0: start LeaderElection
2019-09-12 11:52:46,475 [c6bd64fc-18cd-443d-877c-c0f9224bafd0:group-ABA175794AA8:LeaderElection14] INFO  impl.LeaderElection (LeaderElection.java:askForVotes(181)) - c6bd64fc-18cd-443d-877c-c0f9224bafd0:group-ABA175794AA8:LeaderElection14: begin an election at term 1 for -1: [c6bd64fc-18cd-443d-877c-c0f9224bafd0:192.168.36.114:39747], old=null
2019-09-12 11:52:46,477 [c6bd64fc-18cd-443d-877c-c0f9224bafd0:group-ABA175794AA8:LeaderElection14] INFO  impl.RoleInfo (RoleInfo.java:shutdownLeaderElection(134)) - c6bd64fc-18cd-443d-877c-c0f9224bafd0: shutdown LeaderElection
2019-09-12 11:52:46,477 [c6bd64fc-18cd-443d-877c-c0f9224bafd0:group-ABA175794AA8:LeaderElection14] INFO  impl.RaftServerImpl (RaftServerImpl.java:setRole(171)) - c6bd64fc-18cd-443d-877c-c0f9224bafd0:group-ABA175794AA8 changes role from CANDIDATE to LEADER at term 1 for changeToLeader
2019-09-12 11:52:46,477 [c6bd64fc-18cd-443d-877c-c0f9224bafd0:group-ABA175794AA8:LeaderElection14] INFO  impl.RaftServerImpl (ServerState.java:setLeader(263)) - c6bd64fc-18cd-443d-877c-c0f9224bafd0:group-ABA175794AA8 change Leader from null to c6bd64fc-18cd-443d-877c-c0f9224bafd0 at term 1 for becomeLeader, leader elected after 5152ms
2019-09-12 11:52:46,477 [c6bd64fc-18cd-443d-877c-c0f9224bafd0:group-ABA175794AA8:LeaderElection14] INFO  server.RaftServerConfigKeys (ConfUtils.java:logGet(43)) - raft.server.staging.catchup.gap = 1000 (default)
2019-09-12 11:52:46,477 [c6bd64fc-18cd-443d-877c-c0f9224bafd0:group-ABA175794AA8:LeaderElection14] INFO  server.RaftServerConfigKeys (ConfUtils.java:logGet(43)) - raft.server.rpc.sleep.time = 25ms (default)
2019-09-12 11:52:46,478 [c6bd64fc-18cd-443d-877c-c0f9224bafd0:group-ABA175794AA8:LeaderElection14] INFO  server.RaftServerConfigKeys (ConfUtils.java:logGet(43)) - raft.server.write.element-limit = 4096 (default)
2019-09-12 11:52:46,478 [c6bd64fc-18cd-443d-877c-c0f9224bafd0:group-ABA175794AA8:LeaderElection14] INFO  server.RaftServerConfigKeys (ConfUtils.java:logGet(43)) - raft.server.watch.timeout = 10s (default)
2019-09-12 11:52:46,478 [c6bd64fc-18cd-443d-877c-c0f9224bafd0:group-ABA175794AA8:LeaderElection14] INFO  server.RaftServerConfigKeys (ConfUtils.java:logGet(43)) - raft.server.watch.timeout.denomination = 1s (default)
2019-09-12 11:52:46,478 [c6bd64fc-18cd-443d-877c-c0f9224bafd0:group-ABA175794AA8:LeaderElection14] INFO  server.RaftServerConfigKeys (ConfUtils.java:logGet(43)) - raft.server.watch.element-limit = 65536 (default)
2019-09-12 11:52:46,478 [c6bd64fc-18cd-443d-877c-c0f9224bafd0:group-ABA175794AA8:LeaderElection14] INFO  impl.RoleInfo (RoleInfo.java:updateAndGet(143)) - c6bd64fc-18cd-443d-877c-c0f9224bafd0: start LeaderState
2019-09-12 11:52:46,479 [c6bd64fc-18cd-443d-877c-c0f9224bafd0:group-ABA175794AA8:LeaderElection14] INFO  segmented.SegmentedRaftLogWorker (SegmentedRaftLogWorker.java:startLogSegment(380)) - c6bd64fc-18cd-443d-877c-c0f9224bafd0-SegmentedRaftLogWorker:Storage Directory /workdir/hadoop-ozone/tools/target/test-dir/MiniOzoneClusterImpl-b7a5d7f5-b39f-413b-a414-789b31b847f8/datanode-2/data/ratis/6acbecf1-8926-44bb-a336-aba175794aa8: Starting segment from index:0
2019-09-12 11:52:46,480 [c6bd64fc-18cd-443d-877c-c0f9224bafd0:group-ABA175794AA8:LeaderElection14] INFO  impl.RaftServerImpl (ServerState.java:setRaftConf(361)) - c6bd64fc-18cd-443d-877c-c0f9224bafd0:group-ABA175794AA8 set configuration 0: [c6bd64fc-18cd-443d-877c-c0f9224bafd0:192.168.36.114:39747], old=null at 0
2019-09-12 11:52:46,516 [c6bd64fc-18cd-443d-877c-c0f9224bafd0-SegmentedRaftLogWorker:Storage Directory /workdir/hadoop-ozone/tools/target/test-dir/MiniOzoneClusterImpl-b7a5d7f5-b39f-413b-a414-789b31b847f8/datanode-2/data/ratis/6acbecf1-8926-44bb-a336-aba175794aa8] INFO  segmented.SegmentedRaftLogWorker (SegmentedRaftLogWorker.java:execute(569)) - c6bd64fc-18cd-443d-877c-c0f9224bafd0-SegmentedRaftLogWorker:Storage Directory /workdir/hadoop-ozone/tools/target/test-dir/MiniOzoneClusterImpl-b7a5d7f5-b39f-413b-a414-789b31b847f8/datanode-2/data/ratis/6acbecf1-8926-44bb-a336-aba175794aa8: created new log segment /workdir/hadoop-ozone/tools/target/test-dir/MiniOzoneClusterImpl-b7a5d7f5-b39f-413b-a414-789b31b847f8/datanode-2/data/ratis/6acbecf1-8926-44bb-a336-aba175794aa8/current/log_inprogress_0
2019-09-12 11:52:46,555 [Thread-227] INFO  impl.FollowerState (FollowerState.java:run(106)) - c6bd64fc-18cd-443d-877c-c0f9224bafd0:group-7737BFE54F48 changes to CANDIDATE, lastRpcTime:5168, electionTimeout:5168ms
2019-09-12 11:52:46,555 [Thread-227] INFO  impl.RoleInfo (RoleInfo.java:shutdownFollowerState(121)) - c6bd64fc-18cd-443d-877c-c0f9224bafd0: shutdown FollowerState
2019-09-12 11:52:46,555 [Thread-227] INFO  impl.RaftServerImpl (RaftServerImpl.java:setRole(171)) - c6bd64fc-18cd-443d-877c-c0f9224bafd0:group-7737BFE54F48 changes role from FOLLOWER to CANDIDATE at term 0 for changeToCandidate
2019-09-12 11:52:46,555 [Thread-227] INFO  impl.RoleInfo (RoleInfo.java:updateAndGet(143)) - c6bd64fc-18cd-443d-877c-c0f9224bafd0: start LeaderElection
2019-09-12 11:52:46,571 [c6bd64fc-18cd-443d-877c-c0f9224bafd0:group-7737BFE54F48:LeaderElection15] INFO  impl.LeaderElection (LeaderElection.java:askForVotes(181)) - c6bd64fc-18cd-443d-877c-c0f9224bafd0:group-7737BFE54F48:LeaderElection15: begin an election at term 1 for -1: [c6bd64fc-18cd-443d-877c-c0f9224bafd0:192.168.36.114:39747], old=null
2019-09-12 11:52:46,572 [c6bd64fc-18cd-443d-877c-c0f9224bafd0:group-7737BFE54F48:LeaderElection15] INFO  impl.RoleInfo (RoleInfo.java:shutdownLeaderElection(134)) - c6bd64fc-18cd-443d-877c-c0f9224bafd0: shutdown LeaderElection
2019-09-12 11:52:46,572 [c6bd64fc-18cd-443d-877c-c0f9224bafd0:group-7737BFE54F48:LeaderElection15] INFO  impl.RaftServerImpl (RaftServerImpl.java:setRole(171)) - c6bd64fc-18cd-443d-877c-c0f9224bafd0:group-7737BFE54F48 changes role from CANDIDATE to LEADER at term 1 for changeToLeader
2019-09-12 11:52:46,573 [c6bd64fc-18cd-443d-877c-c0f9224bafd0:group-7737BFE54F48:LeaderElection15] INFO  impl.RaftServerImpl (ServerState.java:setLeader(263)) - c6bd64fc-18cd-443d-877c-c0f9224bafd0:group-7737BFE54F48 change Leader from null to c6bd64fc-18cd-443d-877c-c0f9224bafd0 at term 1 for becomeLeader, leader elected after 5191ms
2019-09-12 11:52:46,573 [c6bd64fc-18cd-443d-877c-c0f9224bafd0:group-7737BFE54F48:LeaderElection15] INFO  server.RaftServerConfigKeys (ConfUtils.java:logGet(43)) - raft.server.staging.catchup.gap = 1000 (default)
2019-09-12 11:52:46,573 [c6bd64fc-18cd-443d-877c-c0f9224bafd0:group-7737BFE54F48:LeaderElection15] INFO  server.RaftServerConfigKeys (ConfUtils.java:logGet(43)) - raft.server.rpc.sleep.time = 25ms (default)
2019-09-12 11:52:46,573 [c6bd64fc-18cd-443d-877c-c0f9224bafd0:group-7737BFE54F48:LeaderElection15] INFO  server.RaftServerConfigKeys (ConfUtils.java:logGet(43)) - raft.server.write.element-limit = 4096 (default)
2019-09-12 11:52:46,573 [c6bd64fc-18cd-443d-877c-c0f9224bafd0:group-7737BFE54F48:LeaderElection15] INFO  server.RaftServerConfigKeys (ConfUtils.java:logGet(43)) - raft.server.watch.timeout = 10s (default)
2019-09-12 11:52:46,573 [c6bd64fc-18cd-443d-877c-c0f9224bafd0:group-7737BFE54F48:LeaderElection15] INFO  server.RaftServerConfigKeys (ConfUtils.java:logGet(43)) - raft.server.watch.timeout.denomination = 1s (default)
2019-09-12 11:52:46,573 [c6bd64fc-18cd-443d-877c-c0f9224bafd0:group-7737BFE54F48:LeaderElection15] INFO  server.RaftServerConfigKeys (ConfUtils.java:logGet(43)) - raft.server.watch.element-limit = 65536 (default)
2019-09-12 11:52:46,574 [c6bd64fc-18cd-443d-877c-c0f9224bafd0:group-7737BFE54F48:LeaderElection15] INFO  impl.RoleInfo (RoleInfo.java:updateAndGet(143)) - c6bd64fc-18cd-443d-877c-c0f9224bafd0: start LeaderState
2019-09-12 11:52:46,574 [c6bd64fc-18cd-443d-877c-c0f9224bafd0:group-7737BFE54F48:LeaderElection15] INFO  segmented.SegmentedRaftLogWorker (SegmentedRaftLogWorker.java:startLogSegment(380)) - c6bd64fc-18cd-443d-877c-c0f9224bafd0-SegmentedRaftLogWorker:Storage Directory /workdir/hadoop-ozone/tools/target/test-dir/MiniOzoneClusterImpl-b7a5d7f5-b39f-413b-a414-789b31b847f8/datanode-2/data/ratis/290bcbea-6f08-473b-821b-7737bfe54f48: Starting segment from index:0
2019-09-12 11:52:46,574 [c6bd64fc-18cd-443d-877c-c0f9224bafd0:group-7737BFE54F48:LeaderElection15] INFO  impl.RaftServerImpl (ServerState.java:setRaftConf(361)) - c6bd64fc-18cd-443d-877c-c0f9224bafd0:group-7737BFE54F48 set configuration 0: [c6bd64fc-18cd-443d-877c-c0f9224bafd0:192.168.36.114:39747], old=null at 0
2019-09-12 11:52:46,609 [Thread-233] INFO  impl.FollowerState (FollowerState.java:run(106)) - c6bd64fc-18cd-443d-877c-c0f9224bafd0:group-F63130896564 changes to CANDIDATE, lastRpcTime:5106, electionTimeout:5092ms
2019-09-12 11:52:46,609 [Thread-230] INFO  impl.FollowerState (FollowerState.java:run(106)) - 111edd97-ea51-41ea-a74c-30103f3be193:group-8F19ABC99181 changes to CANDIDATE, lastRpcTime:5166, electionTimeout:5140ms
2019-09-12 11:52:46,609 [Thread-233] INFO  impl.RoleInfo (RoleInfo.java:shutdownFollowerState(121)) - c6bd64fc-18cd-443d-877c-c0f9224bafd0: shutdown FollowerState
2019-09-12 11:52:46,610 [Thread-230] INFO  impl.RoleInfo (RoleInfo.java:shutdownFollowerState(121)) - 111edd97-ea51-41ea-a74c-30103f3be193: shutdown FollowerState
2019-09-12 11:52:46,610 [Thread-233] INFO  impl.RaftServerImpl (RaftServerImpl.java:setRole(171)) - c6bd64fc-18cd-443d-877c-c0f9224bafd0:group-F63130896564 changes role from FOLLOWER to CANDIDATE at term 0 for changeToCandidate
2019-09-12 11:52:46,610 [Thread-230] INFO  impl.RaftServerImpl (RaftServerImpl.java:setRole(171)) - 111edd97-ea51-41ea-a74c-30103f3be193:group-8F19ABC99181 changes role from FOLLOWER to CANDIDATE at term 0 for changeToCandidate
2019-09-12 11:52:46,610 [Thread-233] INFO  impl.RoleInfo (RoleInfo.java:updateAndGet(143)) - c6bd64fc-18cd-443d-877c-c0f9224bafd0: start LeaderElection
2019-09-12 11:52:46,610 [Thread-230] INFO  impl.RoleInfo (RoleInfo.java:updateAndGet(143)) - 111edd97-ea51-41ea-a74c-30103f3be193: start LeaderElection
2019-09-12 11:52:46,622 [c6bd64fc-18cd-443d-877c-c0f9224bafd0-SegmentedRaftLogWorker:Storage Directory /workdir/hadoop-ozone/tools/target/test-dir/MiniOzoneClusterImpl-b7a5d7f5-b39f-413b-a414-789b31b847f8/datanode-2/data/ratis/290bcbea-6f08-473b-821b-7737bfe54f48] INFO  segmented.SegmentedRaftLogWorker (SegmentedRaftLogWorker.java:execute(569)) - c6bd64fc-18cd-443d-877c-c0f9224bafd0-SegmentedRaftLogWorker:Storage Directory /workdir/hadoop-ozone/tools/target/test-dir/MiniOzoneClusterImpl-b7a5d7f5-b39f-413b-a414-789b31b847f8/datanode-2/data/ratis/290bcbea-6f08-473b-821b-7737bfe54f48: created new log segment /workdir/hadoop-ozone/tools/target/test-dir/MiniOzoneClusterImpl-b7a5d7f5-b39f-413b-a414-789b31b847f8/datanode-2/data/ratis/290bcbea-6f08-473b-821b-7737bfe54f48/current/log_inprogress_0
2019-09-12 11:52:46,622 [c6bd64fc-18cd-443d-877c-c0f9224bafd0:group-F63130896564:LeaderElection16] INFO  impl.LeaderElection (LeaderElection.java:askForVotes(181)) - c6bd64fc-18cd-443d-877c-c0f9224bafd0:group-F63130896564:LeaderElection16: begin an election at term 1 for -1: [c6bd64fc-18cd-443d-877c-c0f9224bafd0:192.168.36.114:39747], old=null
2019-09-12 11:52:46,622 [111edd97-ea51-41ea-a74c-30103f3be193:group-8F19ABC99181:LeaderElection17] INFO  impl.LeaderElection (LeaderElection.java:askForVotes(181)) - 111edd97-ea51-41ea-a74c-30103f3be193:group-8F19ABC99181:LeaderElection17: begin an election at term 1 for -1: [111edd97-ea51-41ea-a74c-30103f3be193:192.168.36.114:45736], old=null
2019-09-12 11:52:46,623 [c6bd64fc-18cd-443d-877c-c0f9224bafd0:group-F63130896564:LeaderElection16] INFO  impl.RoleInfo (RoleInfo.java:shutdownLeaderElection(134)) - c6bd64fc-18cd-443d-877c-c0f9224bafd0: shutdown LeaderElection
2019-09-12 11:52:46,623 [111edd97-ea51-41ea-a74c-30103f3be193:group-8F19ABC99181:LeaderElection17] INFO  impl.RoleInfo (RoleInfo.java:shutdownLeaderElection(134)) - 111edd97-ea51-41ea-a74c-30103f3be193: shutdown LeaderElection
2019-09-12 11:52:46,623 [c6bd64fc-18cd-443d-877c-c0f9224bafd0:group-F63130896564:LeaderElection16] INFO  impl.RaftServerImpl (RaftServerImpl.java:setRole(171)) - c6bd64fc-18cd-443d-877c-c0f9224bafd0:group-F63130896564 changes role from CANDIDATE to LEADER at term 1 for changeToLeader
2019-09-12 11:52:46,624 [111edd97-ea51-41ea-a74c-30103f3be193:group-8F19ABC99181:LeaderElection17] INFO  impl.RaftServerImpl (RaftServerImpl.java:setRole(171)) - 111edd97-ea51-41ea-a74c-30103f3be193:group-8F19ABC99181 changes role from CANDIDATE to LEADER at term 1 for changeToLeader
2019-09-12 11:52:46,624 [c6bd64fc-18cd-443d-877c-c0f9224bafd0:group-F63130896564:LeaderElection16] INFO  impl.RaftServerImpl (ServerState.java:setLeader(263)) - c6bd64fc-18cd-443d-877c-c0f9224bafd0:group-F63130896564 change Leader from null to c6bd64fc-18cd-443d-877c-c0f9224bafd0 at term 1 for becomeLeader, leader elected after 5126ms
2019-09-12 11:52:46,624 [Thread-236] INFO  impl.FollowerState (FollowerState.java:run(106)) - 1972eedd-a35b-49f1-a8bd-2e8474cbe90f:group-798DF7A2E34C changes to CANDIDATE, lastRpcTime:5055, electionTimeout:5055ms
2019-09-12 11:52:46,624 [111edd97-ea51-41ea-a74c-30103f3be193:group-8F19ABC99181:LeaderElection17] INFO  impl.RaftServerImpl (ServerState.java:setLeader(263)) - 111edd97-ea51-41ea-a74c-30103f3be193:group-8F19ABC99181 change Leader from null to 111edd97-ea51-41ea-a74c-30103f3be193 at term 1 for becomeLeader, leader elected after 5185ms
2019-09-12 11:52:46,624 [Thread-236] INFO  impl.RoleInfo (RoleInfo.java:shutdownFollowerState(121)) - 1972eedd-a35b-49f1-a8bd-2e8474cbe90f: shutdown FollowerState
2019-09-12 11:52:46,624 [c6bd64fc-18cd-443d-877c-c0f9224bafd0:group-F63130896564:LeaderElection16] INFO  server.RaftServerConfigKeys (ConfUtils.java:logGet(43)) - raft.server.staging.catchup.gap = 1000 (default)
2019-09-12 11:52:46,624 [Thread-236] INFO  impl.RaftServerImpl (RaftServerImpl.java:setRole(171)) - 1972eedd-a35b-49f1-a8bd-2e8474cbe90f:group-798DF7A2E34C changes role from FOLLOWER to CANDIDATE at term 0 for changeToCandidate
2019-09-12 11:52:46,624 [111edd97-ea51-41ea-a74c-30103f3be193:group-8F19ABC99181:LeaderElection17] INFO  server.RaftServerConfigKeys (ConfUtils.java:logGet(43)) - raft.server.staging.catchup.gap = 1000 (default)
2019-09-12 11:52:46,624 [Thread-236] INFO  impl.RoleInfo (RoleInfo.java:updateAndGet(143)) - 1972eedd-a35b-49f1-a8bd-2e8474cbe90f: start LeaderElection
2019-09-12 11:52:46,624 [c6bd64fc-18cd-443d-877c-c0f9224bafd0:group-F63130896564:LeaderElection16] INFO  server.RaftServerConfigKeys (ConfUtils.java:logGet(43)) - raft.server.rpc.sleep.time = 25ms (default)
2019-09-12 11:52:46,625 [111edd97-ea51-41ea-a74c-30103f3be193:group-8F19ABC99181:LeaderElection17] INFO  server.RaftServerConfigKeys (ConfUtils.java:logGet(43)) - raft.server.rpc.sleep.time = 25ms (default)
2019-09-12 11:52:46,628 [c6bd64fc-18cd-443d-877c-c0f9224bafd0:group-F63130896564:LeaderElection16] INFO  server.RaftServerConfigKeys (ConfUtils.java:logGet(43)) - raft.server.write.element-limit = 4096 (default)
2019-09-12 11:52:46,628 [111edd97-ea51-41ea-a74c-30103f3be193:group-8F19ABC99181:LeaderElection17] INFO  server.RaftServerConfigKeys (ConfUtils.java:logGet(43)) - raft.server.write.element-limit = 4096 (default)
2019-09-12 11:52:46,628 [c6bd64fc-18cd-443d-877c-c0f9224bafd0:group-F63130896564:LeaderElection16] INFO  server.RaftServerConfigKeys (ConfUtils.java:logGet(43)) - raft.server.watch.timeout = 10s (default)
2019-09-12 11:52:46,628 [111edd97-ea51-41ea-a74c-30103f3be193:group-8F19ABC99181:LeaderElection17] INFO  server.RaftServerConfigKeys (ConfUtils.java:logGet(43)) - raft.server.watch.timeout = 10s (default)
2019-09-12 11:52:46,628 [c6bd64fc-18cd-443d-877c-c0f9224bafd0:group-F63130896564:LeaderElection16] INFO  server.RaftServerConfigKeys (ConfUtils.java:logGet(43)) - raft.server.watch.timeout.denomination = 1s (default)
2019-09-12 11:52:46,629 [111edd97-ea51-41ea-a74c-30103f3be193:group-8F19ABC99181:LeaderElection17] INFO  server.RaftServerConfigKeys (ConfUtils.java:logGet(43)) - raft.server.watch.timeout.denomination = 1s (default)
2019-09-12 11:52:46,629 [c6bd64fc-18cd-443d-877c-c0f9224bafd0:group-F63130896564:LeaderElection16] INFO  server.RaftServerConfigKeys (ConfUtils.java:logGet(43)) - raft.server.watch.element-limit = 65536 (default)
2019-09-12 11:52:46,629 [111edd97-ea51-41ea-a74c-30103f3be193:group-8F19ABC99181:LeaderElection17] INFO  server.RaftServerConfigKeys (ConfUtils.java:logGet(43)) - raft.server.watch.element-limit = 65536 (default)
2019-09-12 11:52:46,629 [c6bd64fc-18cd-443d-877c-c0f9224bafd0:group-F63130896564:LeaderElection16] INFO  impl.RoleInfo (RoleInfo.java:updateAndGet(143)) - c6bd64fc-18cd-443d-877c-c0f9224bafd0: start LeaderState
2019-09-12 11:52:46,629 [111edd97-ea51-41ea-a74c-30103f3be193:group-8F19ABC99181:LeaderElection17] INFO  impl.RoleInfo (RoleInfo.java:updateAndGet(143)) - 111edd97-ea51-41ea-a74c-30103f3be193: start LeaderState
2019-09-12 11:52:46,630 [c6bd64fc-18cd-443d-877c-c0f9224bafd0:group-F63130896564:LeaderElection16] INFO  segmented.SegmentedRaftLogWorker (SegmentedRaftLogWorker.java:startLogSegment(380)) - c6bd64fc-18cd-443d-877c-c0f9224bafd0-SegmentedRaftLogWorker:Storage Directory /workdir/hadoop-ozone/tools/target/test-dir/MiniOzoneClusterImpl-b7a5d7f5-b39f-413b-a414-789b31b847f8/datanode-2/data/ratis/7d6b0c48-865e-412b-ab86-f63130896564: Starting segment from index:0
2019-09-12 11:52:46,630 [111edd97-ea51-41ea-a74c-30103f3be193:group-8F19ABC99181:LeaderElection17] INFO  segmented.SegmentedRaftLogWorker (SegmentedRaftLogWorker.java:startLogSegment(380)) - 111edd97-ea51-41ea-a74c-30103f3be193-SegmentedRaftLogWorker:Storage Directory /workdir/hadoop-ozone/tools/target/test-dir/MiniOzoneClusterImpl-b7a5d7f5-b39f-413b-a414-789b31b847f8/datanode-1/data/ratis/d12dc5cd-53e1-49f9-9e1f-8f19abc99181: Starting segment from index:0
2019-09-12 11:52:46,630 [c6bd64fc-18cd-443d-877c-c0f9224bafd0:group-F63130896564:LeaderElection16] INFO  impl.RaftServerImpl (ServerState.java:setRaftConf(361)) - c6bd64fc-18cd-443d-877c-c0f9224bafd0:group-F63130896564 set configuration 0: [c6bd64fc-18cd-443d-877c-c0f9224bafd0:192.168.36.114:39747], old=null at 0
2019-09-12 11:52:46,669 [1972eedd-a35b-49f1-a8bd-2e8474cbe90f:group-798DF7A2E34C:LeaderElection18] INFO  impl.LeaderElection (LeaderElection.java:askForVotes(181)) - 1972eedd-a35b-49f1-a8bd-2e8474cbe90f:group-798DF7A2E34C:LeaderElection18: begin an election at term 1 for -1: [1972eedd-a35b-49f1-a8bd-2e8474cbe90f:192.168.36.114:40263], old=null
2019-09-12 11:52:46,669 [111edd97-ea51-41ea-a74c-30103f3be193:group-8F19ABC99181:LeaderElection17] INFO  impl.RaftServerImpl (ServerState.java:setRaftConf(361)) - 111edd97-ea51-41ea-a74c-30103f3be193:group-8F19ABC99181 set configuration 0: [111edd97-ea51-41ea-a74c-30103f3be193:192.168.36.114:45736], old=null at 0
2019-09-12 11:52:46,669 [1972eedd-a35b-49f1-a8bd-2e8474cbe90f:group-798DF7A2E34C:LeaderElection18] INFO  impl.RoleInfo (RoleInfo.java:shutdownLeaderElection(134)) - 1972eedd-a35b-49f1-a8bd-2e8474cbe90f: shutdown LeaderElection
2019-09-12 11:52:46,676 [1972eedd-a35b-49f1-a8bd-2e8474cbe90f:group-798DF7A2E34C:LeaderElection18] INFO  impl.RaftServerImpl (RaftServerImpl.java:setRole(171)) - 1972eedd-a35b-49f1-a8bd-2e8474cbe90f:group-798DF7A2E34C changes role from CANDIDATE to LEADER at term 1 for changeToLeader
2019-09-12 11:52:46,676 [1972eedd-a35b-49f1-a8bd-2e8474cbe90f:group-798DF7A2E34C:LeaderElection18] INFO  impl.RaftServerImpl (ServerState.java:setLeader(263)) - 1972eedd-a35b-49f1-a8bd-2e8474cbe90f:group-798DF7A2E34C change Leader from null to 1972eedd-a35b-49f1-a8bd-2e8474cbe90f at term 1 for becomeLeader, leader elected after 5113ms
2019-09-12 11:52:46,676 [1972eedd-a35b-49f1-a8bd-2e8474cbe90f:group-798DF7A2E34C:LeaderElection18] INFO  server.RaftServerConfigKeys (ConfUtils.java:logGet(43)) - raft.server.staging.catchup.gap = 1000 (default)
2019-09-12 11:52:46,677 | INFO  | SCMAudit | user=jenkins1000 | ip=192.168.36.114 | op=SEND_HEARTBEAT {datanodeUUID=c6bd64fc-18cd-443d-877c-c0f9224bafd0, command=[]} | ret=SUCCESS |  
2019-09-12 11:52:46,677 [1972eedd-a35b-49f1-a8bd-2e8474cbe90f:group-798DF7A2E34C:LeaderElection18] INFO  server.RaftServerConfigKeys (ConfUtils.java:logGet(43)) - raft.server.rpc.sleep.time = 25ms (default)
2019-09-12 11:52:46,677 [1972eedd-a35b-49f1-a8bd-2e8474cbe90f:group-798DF7A2E34C:LeaderElection18] INFO  server.RaftServerConfigKeys (ConfUtils.java:logGet(43)) - raft.server.write.element-limit = 4096 (default)
2019-09-12 11:52:46,677 [1972eedd-a35b-49f1-a8bd-2e8474cbe90f:group-798DF7A2E34C:LeaderElection18] INFO  server.RaftServerConfigKeys (ConfUtils.java:logGet(43)) - raft.server.watch.timeout = 10s (default)
2019-09-12 11:52:46,677 [1972eedd-a35b-49f1-a8bd-2e8474cbe90f:group-798DF7A2E34C:LeaderElection18] INFO  server.RaftServerConfigKeys (ConfUtils.java:logGet(43)) - raft.server.watch.timeout.denomination = 1s (default)
2019-09-12 11:52:46,677 [1972eedd-a35b-49f1-a8bd-2e8474cbe90f:group-798DF7A2E34C:LeaderElection18] INFO  server.RaftServerConfigKeys (ConfUtils.java:logGet(43)) - raft.server.watch.element-limit = 65536 (default)
2019-09-12 11:52:46,678 [1972eedd-a35b-49f1-a8bd-2e8474cbe90f:group-798DF7A2E34C:LeaderElection18] INFO  impl.RoleInfo (RoleInfo.java:updateAndGet(143)) - 1972eedd-a35b-49f1-a8bd-2e8474cbe90f: start LeaderState
2019-09-12 11:52:46,678 [1972eedd-a35b-49f1-a8bd-2e8474cbe90f:group-798DF7A2E34C:LeaderElection18] INFO  segmented.SegmentedRaftLogWorker (SegmentedRaftLogWorker.java:startLogSegment(380)) - 1972eedd-a35b-49f1-a8bd-2e8474cbe90f-SegmentedRaftLogWorker:Storage Directory /workdir/hadoop-ozone/tools/target/test-dir/MiniOzoneClusterImpl-b7a5d7f5-b39f-413b-a414-789b31b847f8/datanode-0/data/ratis/7dcccd9c-0ada-4fda-bac2-798df7a2e34c: Starting segment from index:0
2019-09-12 11:52:46,679 [1972eedd-a35b-49f1-a8bd-2e8474cbe90f:group-798DF7A2E34C:LeaderElection18] INFO  impl.RaftServerImpl (ServerState.java:setRaftConf(361)) - 1972eedd-a35b-49f1-a8bd-2e8474cbe90f:group-798DF7A2E34C set configuration 0: [1972eedd-a35b-49f1-a8bd-2e8474cbe90f:192.168.36.114:40263], old=null at 0
2019-09-12 11:52:46,705 [c6bd64fc-18cd-443d-877c-c0f9224bafd0-SegmentedRaftLogWorker:Storage Directory /workdir/hadoop-ozone/tools/target/test-dir/MiniOzoneClusterImpl-b7a5d7f5-b39f-413b-a414-789b31b847f8/datanode-2/data/ratis/7d6b0c48-865e-412b-ab86-f63130896564] INFO  segmented.SegmentedRaftLogWorker (SegmentedRaftLogWorker.java:execute(569)) - c6bd64fc-18cd-443d-877c-c0f9224bafd0-SegmentedRaftLogWorker:Storage Directory /workdir/hadoop-ozone/tools/target/test-dir/MiniOzoneClusterImpl-b7a5d7f5-b39f-413b-a414-789b31b847f8/datanode-2/data/ratis/7d6b0c48-865e-412b-ab86-f63130896564: created new log segment /workdir/hadoop-ozone/tools/target/test-dir/MiniOzoneClusterImpl-b7a5d7f5-b39f-413b-a414-789b31b847f8/datanode-2/data/ratis/7d6b0c48-865e-412b-ab86-f63130896564/current/log_inprogress_0
2019-09-12 11:52:46,705 [111edd97-ea51-41ea-a74c-30103f3be193-SegmentedRaftLogWorker:Storage Directory /workdir/hadoop-ozone/tools/target/test-dir/MiniOzoneClusterImpl-b7a5d7f5-b39f-413b-a414-789b31b847f8/datanode-1/data/ratis/d12dc5cd-53e1-49f9-9e1f-8f19abc99181] INFO  segmented.SegmentedRaftLogWorker (SegmentedRaftLogWorker.java:execute(569)) - 111edd97-ea51-41ea-a74c-30103f3be193-SegmentedRaftLogWorker:Storage Directory /workdir/hadoop-ozone/tools/target/test-dir/MiniOzoneClusterImpl-b7a5d7f5-b39f-413b-a414-789b31b847f8/datanode-1/data/ratis/d12dc5cd-53e1-49f9-9e1f-8f19abc99181: created new log segment /workdir/hadoop-ozone/tools/target/test-dir/MiniOzoneClusterImpl-b7a5d7f5-b39f-413b-a414-789b31b847f8/datanode-1/data/ratis/d12dc5cd-53e1-49f9-9e1f-8f19abc99181/current/log_inprogress_0
2019-09-12 11:52:46,718 [1972eedd-a35b-49f1-a8bd-2e8474cbe90f-SegmentedRaftLogWorker:Storage Directory /workdir/hadoop-ozone/tools/target/test-dir/MiniOzoneClusterImpl-b7a5d7f5-b39f-413b-a414-789b31b847f8/datanode-0/data/ratis/7dcccd9c-0ada-4fda-bac2-798df7a2e34c] INFO  segmented.SegmentedRaftLogWorker (SegmentedRaftLogWorker.java:execute(569)) - 1972eedd-a35b-49f1-a8bd-2e8474cbe90f-SegmentedRaftLogWorker:Storage Directory /workdir/hadoop-ozone/tools/target/test-dir/MiniOzoneClusterImpl-b7a5d7f5-b39f-413b-a414-789b31b847f8/datanode-0/data/ratis/7dcccd9c-0ada-4fda-bac2-798df7a2e34c: created new log segment /workdir/hadoop-ozone/tools/target/test-dir/MiniOzoneClusterImpl-b7a5d7f5-b39f-413b-a414-789b31b847f8/datanode-0/data/ratis/7dcccd9c-0ada-4fda-bac2-798df7a2e34c/current/log_inprogress_0
2019-09-12 11:52:47,155 | INFO  | SCMAudit | user=jenkins1000 | ip=192.168.36.114 | op=SEND_HEARTBEAT {datanodeUUID=1972eedd-a35b-49f1-a8bd-2e8474cbe90f, command=[]} | ret=SUCCESS |  
2019-09-12 11:52:47,403 | INFO  | SCMAudit | user=jenkins1000 | ip=192.168.36.114 | op=SEND_HEARTBEAT {datanodeUUID=111edd97-ea51-41ea-a74c-30103f3be193, command=[]} | ret=SUCCESS |  
2019-09-12 11:52:47,672 | INFO  | SCMAudit | user=jenkins1000 | ip=192.168.36.114 | op=SEND_HEARTBEAT {datanodeUUID=c6bd64fc-18cd-443d-877c-c0f9224bafd0, command=[]} | ret=SUCCESS |  
2019-09-12 11:52:48,156 | INFO  | SCMAudit | user=jenkins1000 | ip=192.168.36.114 | op=SEND_HEARTBEAT {datanodeUUID=1972eedd-a35b-49f1-a8bd-2e8474cbe90f, command=[]} | ret=SUCCESS |  
2019-09-12 11:52:48,404 | INFO  | SCMAudit | user=jenkins1000 | ip=192.168.36.114 | op=SEND_HEARTBEAT {datanodeUUID=111edd97-ea51-41ea-a74c-30103f3be193, command=[]} | ret=SUCCESS |  
2019-09-12 11:52:48,672 | INFO  | SCMAudit | user=jenkins1000 | ip=192.168.36.114 | op=SEND_HEARTBEAT {datanodeUUID=c6bd64fc-18cd-443d-877c-c0f9224bafd0, command=[]} | ret=SUCCESS |  
2019-09-12 11:52:49,154 | INFO  | SCMAudit | user=jenkins1000 | ip=192.168.36.114 | op=SEND_HEARTBEAT {datanodeUUID=1972eedd-a35b-49f1-a8bd-2e8474cbe90f, command=[]} | ret=SUCCESS |  
2019-09-12 11:52:49,413 | INFO  | SCMAudit | user=jenkins1000 | ip=192.168.36.114 | op=SEND_HEARTBEAT {datanodeUUID=111edd97-ea51-41ea-a74c-30103f3be193, command=[]} | ret=SUCCESS |  
2019-09-12 11:52:49,671 | INFO  | SCMAudit | user=jenkins1000 | ip=192.168.36.114 | op=SEND_HEARTBEAT {datanodeUUID=c6bd64fc-18cd-443d-877c-c0f9224bafd0, command=[]} | ret=SUCCESS |  
2019-09-12 11:52:50,154 | INFO  | SCMAudit | user=jenkins1000 | ip=192.168.36.114 | op=SEND_HEARTBEAT {datanodeUUID=1972eedd-a35b-49f1-a8bd-2e8474cbe90f, command=[]} | ret=SUCCESS |  
2019-09-12 11:52:50,404 | INFO  | SCMAudit | user=jenkins1000 | ip=192.168.36.114 | op=SEND_HEARTBEAT {datanodeUUID=111edd97-ea51-41ea-a74c-30103f3be193, command=[]} | ret=SUCCESS |  
]]></system-out>
    <system-err><![CDATA[Sep 12, 2019 11:52:34 AM com.sun.jersey.server.impl.application.WebApplicationImpl _initiate
INFO: Initiating Jersey application, version 'Jersey: 1.19 02/11/2015 03:25 AM'
Sep 12, 2019 11:52:35 AM com.sun.jersey.server.impl.application.WebApplicationImpl _initiate
INFO: Initiating Jersey application, version 'Jersey: 1.19 02/11/2015 03:25 AM'
Sep 12, 2019 11:52:35 AM com.sun.jersey.server.impl.application.WebApplicationImpl _initiate
INFO: Initiating Jersey application, version 'Jersey: 1.19 02/11/2015 03:25 AM'
]]></system-err>
  </testcase>
</testsuite>