<?xml version="1.0" encoding="UTF-8"?>
<testsuite xmlns:xsi="http://www.w3.org/2001/XMLSchema-instance" xsi:noNamespaceSchemaLocation="https://maven.apache.org/surefire/maven-surefire-plugin/xsd/surefire-test-report.xsd" name="org.apache.hadoop.ozone.freon.TestDataValidateWithSafeByteOperations" time="58.808" tests="3" errors="3" skipped="0" failures="0">
  <properties>
    <property name="awt.toolkit" value="sun.awt.X11.XToolkit"/>
    <property name="file.encoding.pkg" value="sun.io"/>
    <property name="java.specification.version" value="1.8"/>
    <property name="sun.cpu.isalist" value=""/>
    <property name="sun.jnu.encoding" value="UTF-8"/>
    <property name="java.class.path" value="/workdir/hadoop-ozone/tools/target/test-classes:/workdir/hadoop-ozone/tools/target/classes:/home/user/.m2/repository/org/apache/hadoop/hadoop-ozone-ozone-manager/0.5.0-SNAPSHOT/hadoop-ozone-ozone-manager-0.5.0-SNAPSHOT.jar:/home/user/.m2/repository/org/apache/hadoop/hadoop-hdds-docs/0.5.0-SNAPSHOT/hadoop-hdds-docs-0.5.0-SNAPSHOT.jar:/home/user/.m2/repository/org/bouncycastle/bcprov-jdk15on/1.60/bcprov-jdk15on-1.60.jar:/home/user/.m2/repository/org/apache/hadoop/hadoop-ozone-common/0.5.0-SNAPSHOT/hadoop-ozone-common-0.5.0-SNAPSHOT.jar:/home/user/.m2/repository/org/apache/commons/commons-compress/1.4.1/commons-compress-1.4.1.jar:/home/user/.m2/repository/org/tukaani/xz/1.0/xz-1.0.jar:/home/user/.m2/repository/org/apache/hadoop/hadoop-hdfs-client/3.2.0/hadoop-hdfs-client-3.2.0.jar:/home/user/.m2/repository/com/fasterxml/jackson/core/jackson-annotations/2.9.5/jackson-annotations-2.9.5.jar:/home/user/.m2/repository/org/apache/hadoop/hadoop-hdds-common/0.5.0-SNAPSHOT/hadoop-hdds-common-0.5.0-SNAPSHOT.jar:/home/user/.m2/repository/org/apache/hadoop/hadoop-hdds-config/0.5.0-SNAPSHOT/hadoop-hdds-config-0.5.0-SNAPSHOT.jar:/home/user/.m2/repository/javax/annotation/javax.annotation-api/1.2/javax.annotation-api-1.2.jar:/home/user/.m2/repository/org/apache/ratis/ratis-server/0.4.0-2337318-SNAPSHOT/ratis-server-0.4.0-2337318-SNAPSHOT.jar:/home/user/.m2/repository/org/apache/ratis/ratis-thirdparty-misc/0.2.0/ratis-thirdparty-misc-0.2.0.jar:/home/user/.m2/repository/org/apache/ratis/ratis-proto/0.4.0-2337318-SNAPSHOT/ratis-proto-0.4.0-2337318-SNAPSHOT.jar:/home/user/.m2/repository/org/apache/ratis/ratis-common/0.4.0-2337318-SNAPSHOT/ratis-common-0.4.0-2337318-SNAPSHOT.jar:/home/user/.m2/repository/org/apache/ratis/ratis-client/0.4.0-2337318-SNAPSHOT/ratis-client-0.4.0-2337318-SNAPSHOT.jar:/home/user/.m2/repository/org/apache/ratis/ratis-metrics/0.4.0-2337318-SNAPSHOT/ratis-metrics-0.4.0-2337318-SNAPSHOT.jar:/home/user/.m2/repository/org/apache/ratis/ratis-netty/0.4.0-2337318-SNAPSHOT/ratis-netty-0.4.0-2337318-SNAPSHOT.jar:/home/user/.m2/repository/org/apache/ratis/ratis-grpc/0.4.0-2337318-SNAPSHOT/ratis-grpc-0.4.0-2337318-SNAPSHOT.jar:/home/user/.m2/repository/org/rocksdb/rocksdbjni/6.0.1/rocksdbjni-6.0.1.jar:/home/user/.m2/repository/org/apache/logging/log4j/log4j-api/2.11.0/log4j-api-2.11.0.jar:/home/user/.m2/repository/org/apache/logging/log4j/log4j-core/2.11.0/log4j-core-2.11.0.jar:/home/user/.m2/repository/com/lmax/disruptor/3.4.2/disruptor-3.4.2.jar:/home/user/.m2/repository/org/apache/commons/commons-pool2/2.6.0/commons-pool2-2.6.0.jar:/home/user/.m2/repository/org/bouncycastle/bcpkix-jdk15on/1.60/bcpkix-jdk15on-1.60.jar:/home/user/.m2/repository/commons-validator/commons-validator/1.6/commons-validator-1.6.jar:/home/user/.m2/repository/commons-digester/commons-digester/1.8.1/commons-digester-1.8.1.jar:/home/user/.m2/repository/io/jaegertracing/jaeger-client/0.33.1/jaeger-client-0.33.1.jar:/home/user/.m2/repository/io/jaegertracing/jaeger-thrift/0.33.1/jaeger-thrift-0.33.1.jar:/home/user/.m2/repository/org/apache/thrift/libthrift/0.11.0/libthrift-0.11.0.jar:/home/user/.m2/repository/com/squareup/okhttp3/okhttp/3.9.0/okhttp-3.9.0.jar:/home/user/.m2/repository/com/squareup/okio/okio/1.13.0/okio-1.13.0.jar:/home/user/.m2/repository/io/jaegertracing/jaeger-core/0.33.1/jaeger-core-0.33.1.jar:/home/user/.m2/repository/io/jaegertracing/jaeger-tracerresolver/0.33.1/jaeger-tracerresolver-0.33.1.jar:/home/user/.m2/repository/io/opentracing/contrib/opentracing-tracerresolver/0.1.5/opentracing-tracerresolver-0.1.5.jar:/home/user/.m2/repository/io/opentracing/opentracing-util/0.31.0/opentracing-util-0.31.0.jar:/home/user/.m2/repository/io/opentracing/opentracing-api/0.31.0/opentracing-api-0.31.0.jar:/home/user/.m2/repository/io/opentracing/opentracing-noop/0.31.0/opentracing-noop-0.31.0.jar:/home/user/.m2/repository/org/yaml/snakeyaml/1.16/snakeyaml-1.16.jar:/home/user/.m2/repository/org/apache/hadoop/hadoop-hdds-container-service/0.5.0-SNAPSHOT/hadoop-hdds-container-service-0.5.0-SNAPSHOT.jar:/home/user/.m2/repository/org/apache/hadoop/hadoop-hdds-client/0.5.0-SNAPSHOT/hadoop-hdds-client-0.5.0-SNAPSHOT.jar:/home/user/.m2/repository/org/apache/hadoop/hadoop-hdds-tools/0.5.0-SNAPSHOT/hadoop-hdds-tools-0.5.0-SNAPSHOT.jar:/home/user/.m2/repository/org/xerial/sqlite-jdbc/3.25.2/sqlite-jdbc-3.25.2.jar:/home/user/.m2/repository/org/apache/hadoop/hadoop-hdds-server-scm/0.5.0-SNAPSHOT/hadoop-hdds-server-scm-0.5.0-SNAPSHOT.jar:/home/user/.m2/repository/org/hamcrest/hamcrest-all/1.3/hamcrest-all-1.3.jar:/home/user/.m2/repository/info/picocli/picocli/3.9.6/picocli-3.9.6.jar:/home/user/.m2/repository/com/google/protobuf/protobuf-java/2.5.0/protobuf-java-2.5.0.jar:/home/user/.m2/repository/com/google/guava/guava/11.0.2/guava-11.0.2.jar:/home/user/.m2/repository/org/apache/hadoop/hadoop-ozone-client/0.5.0-SNAPSHOT/hadoop-ozone-client-0.5.0-SNAPSHOT.jar:/workdir/hadoop-ozone/ozonefs/target/classes:/home/user/.m2/repository/org/apache/hadoop/hadoop-hdds-server-framework/0.5.0-SNAPSHOT/hadoop-hdds-server-framework-0.5.0-SNAPSHOT.jar:/home/user/.m2/repository/org/apache/hadoop/hadoop-common/3.2.0/hadoop-common-3.2.0.jar:/home/user/.m2/repository/org/apache/hadoop/hadoop-annotations/3.2.0/hadoop-annotations-3.2.0.jar:/usr/lib/jvm/java-1.8-openjdk/jre/../lib/tools.jar:/home/user/.m2/repository/commons-cli/commons-cli/1.2/commons-cli-1.2.jar:/home/user/.m2/repository/org/apache/commons/commons-math3/3.1.1/commons-math3-3.1.1.jar:/home/user/.m2/repository/org/apache/httpcomponents/httpclient/4.5.2/httpclient-4.5.2.jar:/home/user/.m2/repository/org/apache/httpcomponents/httpcore/4.4.4/httpcore-4.4.4.jar:/home/user/.m2/repository/commons-codec/commons-codec/1.11/commons-codec-1.11.jar:/home/user/.m2/repository/commons-io/commons-io/2.5/commons-io-2.5.jar:/home/user/.m2/repository/commons-net/commons-net/3.6/commons-net-3.6.jar:/home/user/.m2/repository/commons-collections/commons-collections/3.2.2/commons-collections-3.2.2.jar:/home/user/.m2/repository/javax/servlet/javax.servlet-api/3.1.0/javax.servlet-api-3.1.0.jar:/home/user/.m2/repository/org/eclipse/jetty/jetty-server/9.3.24.v20180605/jetty-server-9.3.24.v20180605.jar:/home/user/.m2/repository/org/eclipse/jetty/jetty-http/9.3.24.v20180605/jetty-http-9.3.24.v20180605.jar:/home/user/.m2/repository/org/eclipse/jetty/jetty-io/9.3.24.v20180605/jetty-io-9.3.24.v20180605.jar:/home/user/.m2/repository/org/eclipse/jetty/jetty-util/9.3.24.v20180605/jetty-util-9.3.24.v20180605.jar:/home/user/.m2/repository/org/eclipse/jetty/jetty-servlet/9.3.24.v20180605/jetty-servlet-9.3.24.v20180605.jar:/home/user/.m2/repository/org/eclipse/jetty/jetty-security/9.3.24.v20180605/jetty-security-9.3.24.v20180605.jar:/home/user/.m2/repository/org/eclipse/jetty/jetty-webapp/9.3.24.v20180605/jetty-webapp-9.3.24.v20180605.jar:/home/user/.m2/repository/org/eclipse/jetty/jetty-xml/9.3.24.v20180605/jetty-xml-9.3.24.v20180605.jar:/home/user/.m2/repository/javax/servlet/jsp/jsp-api/2.1/jsp-api-2.1.jar:/home/user/.m2/repository/com/sun/jersey/jersey-core/1.19/jersey-core-1.19.jar:/home/user/.m2/repository/javax/ws/rs/jsr311-api/1.1.1/jsr311-api-1.1.1.jar:/home/user/.m2/repository/com/sun/jersey/jersey-servlet/1.19/jersey-servlet-1.19.jar:/home/user/.m2/repository/com/sun/jersey/jersey-json/1.19/jersey-json-1.19.jar:/home/user/.m2/repository/org/codehaus/jettison/jettison/1.1/jettison-1.1.jar:/home/user/.m2/repository/com/sun/xml/bind/jaxb-impl/2.3.0.1/jaxb-impl-2.3.0.1.jar:/home/user/.m2/repository/org/codehaus/jackson/jackson-core-asl/1.9.13/jackson-core-asl-1.9.13.jar:/home/user/.m2/repository/org/codehaus/jackson/jackson-mapper-asl/1.9.13/jackson-mapper-asl-1.9.13.jar:/home/user/.m2/repository/org/codehaus/jackson/jackson-jaxrs/1.9.13/jackson-jaxrs-1.9.13.jar:/home/user/.m2/repository/org/codehaus/jackson/jackson-xc/1.9.13/jackson-xc-1.9.13.jar:/home/user/.m2/repository/com/sun/jersey/jersey-server/1.19/jersey-server-1.19.jar:/home/user/.m2/repository/commons-logging/commons-logging/1.1.3/commons-logging-1.1.3.jar:/home/user/.m2/repository/log4j/log4j/1.2.17/log4j-1.2.17.jar:/home/user/.m2/repository/commons-beanutils/commons-beanutils/1.9.3/commons-beanutils-1.9.3.jar:/home/user/.m2/repository/org/apache/commons/commons-configuration2/2.1.1/commons-configuration2-2.1.1.jar:/home/user/.m2/repository/org/apache/commons/commons-lang3/3.7/commons-lang3-3.7.jar:/home/user/.m2/repository/org/apache/commons/commons-text/1.4/commons-text-1.4.jar:/home/user/.m2/repository/org/slf4j/slf4j-api/1.7.25/slf4j-api-1.7.25.jar:/home/user/.m2/repository/org/slf4j/slf4j-log4j12/1.7.25/slf4j-log4j12-1.7.25.jar:/home/user/.m2/repository/org/apache/avro/avro/1.7.7/avro-1.7.7.jar:/home/user/.m2/repository/com/thoughtworks/paranamer/paranamer/2.3/paranamer-2.3.jar:/home/user/.m2/repository/org/xerial/snappy/snappy-java/1.0.5/snappy-java-1.0.5.jar:/home/user/.m2/repository/com/google/re2j/re2j/1.1/re2j-1.1.jar:/home/user/.m2/repository/com/google/code/gson/gson/2.2.4/gson-2.2.4.jar:/home/user/.m2/repository/org/apache/hadoop/hadoop-auth/3.2.0/hadoop-auth-3.2.0.jar:/home/user/.m2/repository/com/nimbusds/nimbus-jose-jwt/4.41.1/nimbus-jose-jwt-4.41.1.jar:/home/user/.m2/repository/com/github/stephenc/jcip/jcip-annotations/1.0-1/jcip-annotations-1.0-1.jar:/home/user/.m2/repository/net/minidev/json-smart/2.3/json-smart-2.3.jar:/home/user/.m2/repository/net/minidev/accessors-smart/1.2/accessors-smart-1.2.jar:/home/user/.m2/repository/org/apache/curator/curator-framework/2.12.0/curator-framework-2.12.0.jar:/home/user/.m2/repository/com/jcraft/jsch/0.1.54/jsch-0.1.54.jar:/home/user/.m2/repository/org/apache/curator/curator-client/2.12.0/curator-client-2.12.0.jar:/home/user/.m2/repository/org/apache/curator/curator-recipes/2.12.0/curator-recipes-2.12.0.jar:/home/user/.m2/repository/com/google/code/findbugs/jsr305/3.0.0/jsr305-3.0.0.jar:/home/user/.m2/repository/org/apache/htrace/htrace-core4/4.1.0-incubating/htrace-core4-4.1.0-incubating.jar:/home/user/.m2/repository/org/apache/zookeeper/zookeeper/3.4.13/zookeeper-3.4.13.jar:/home/user/.m2/repository/org/apache/yetus/audience-annotations/0.5.0/audience-annotations-0.5.0.jar:/home/user/.m2/repository/org/apache/kerby/kerb-simplekdc/1.0.1/kerb-simplekdc-1.0.1.jar:/home/user/.m2/repository/org/apache/kerby/kerb-client/1.0.1/kerb-client-1.0.1.jar:/home/user/.m2/repository/org/apache/kerby/kerby-config/1.0.1/kerby-config-1.0.1.jar:/home/user/.m2/repository/org/apache/kerby/kerb-core/1.0.1/kerb-core-1.0.1.jar:/home/user/.m2/repository/org/apache/kerby/kerby-pkix/1.0.1/kerby-pkix-1.0.1.jar:/home/user/.m2/repository/org/apache/kerby/kerby-asn1/1.0.1/kerby-asn1-1.0.1.jar:/home/user/.m2/repository/org/apache/kerby/kerby-util/1.0.1/kerby-util-1.0.1.jar:/home/user/.m2/repository/org/apache/kerby/kerb-common/1.0.1/kerb-common-1.0.1.jar:/home/user/.m2/repository/org/apache/kerby/kerb-crypto/1.0.1/kerb-crypto-1.0.1.jar:/home/user/.m2/repository/org/apache/kerby/kerb-util/1.0.1/kerb-util-1.0.1.jar:/home/user/.m2/repository/org/apache/kerby/token-provider/1.0.1/token-provider-1.0.1.jar:/home/user/.m2/repository/org/apache/kerby/kerb-admin/1.0.1/kerb-admin-1.0.1.jar:/home/user/.m2/repository/org/apache/kerby/kerb-server/1.0.1/kerb-server-1.0.1.jar:/home/user/.m2/repository/org/apache/kerby/kerb-identity/1.0.1/kerb-identity-1.0.1.jar:/home/user/.m2/repository/org/apache/kerby/kerby-xdr/1.0.1/kerby-xdr-1.0.1.jar:/home/user/.m2/repository/com/fasterxml/jackson/core/jackson-databind/2.9.5/jackson-databind-2.9.5.jar:/home/user/.m2/repository/com/fasterxml/jackson/core/jackson-core/2.9.5/jackson-core-2.9.5.jar:/home/user/.m2/repository/org/codehaus/woodstox/stax2-api/3.1.4/stax2-api-3.1.4.jar:/home/user/.m2/repository/com/fasterxml/woodstox/woodstox-core/5.0.3/woodstox-core-5.0.3.jar:/home/user/.m2/repository/dnsjava/dnsjava/2.1.7/dnsjava-2.1.7.jar:/home/user/.m2/repository/org/apache/hadoop/hadoop-hdfs/3.2.0/hadoop-hdfs-3.2.0.jar:/home/user/.m2/repository/org/eclipse/jetty/jetty-util-ajax/9.3.24.v20180605/jetty-util-ajax-9.3.24.v20180605.jar:/home/user/.m2/repository/commons-daemon/commons-daemon/1.0.13/commons-daemon-1.0.13.jar:/home/user/.m2/repository/io/netty/netty/3.10.5.Final/netty-3.10.5.Final.jar:/home/user/.m2/repository/io/netty/netty-all/4.0.52.Final/netty-all-4.0.52.Final.jar:/home/user/.m2/repository/org/fusesource/leveldbjni/leveldbjni-all/1.8/leveldbjni-all-1.8.jar:/home/user/.m2/repository/com/sun/xml/bind/jaxb-core/2.3.0.1/jaxb-core-2.3.0.1.jar:/home/user/.m2/repository/javax/xml/bind/jaxb-api/2.3.0/jaxb-api-2.3.0.jar:/home/user/.m2/repository/javax/activation/activation/1.1.1/activation-1.1.1.jar:/home/user/.m2/repository/io/dropwizard/metrics/metrics-core/3.2.4/metrics-core-3.2.4.jar:/home/user/.m2/repository/org/openjdk/jmh/jmh-core/1.19/jmh-core-1.19.jar:/home/user/.m2/repository/net/sf/jopt-simple/jopt-simple/4.6/jopt-simple-4.6.jar:/home/user/.m2/repository/org/openjdk/jmh/jmh-generator-annprocess/1.19/jmh-generator-annprocess-1.19.jar:/home/user/.m2/repository/com/google/code/findbugs/findbugs/3.0.1/findbugs-3.0.1.jar:/home/user/.m2/repository/net/jcip/jcip-annotations/1.0/jcip-annotations-1.0.jar:/home/user/.m2/repository/com/google/code/findbugs/bcel-findbugs/6.0/bcel-findbugs-6.0.jar:/home/user/.m2/repository/com/google/code/findbugs/jFormatString/2.0.1/jFormatString-2.0.1.jar:/home/user/.m2/repository/dom4j/dom4j/1.6.1/dom4j-1.6.1.jar:/home/user/.m2/repository/xml-apis/xml-apis/1.0.b2/xml-apis-1.0.b2.jar:/home/user/.m2/repository/org/ow2/asm/asm-debug-all/5.0.2/asm-debug-all-5.0.2.jar:/home/user/.m2/repository/org/ow2/asm/asm-commons/5.0.2/asm-commons-5.0.2.jar:/home/user/.m2/repository/org/ow2/asm/asm-tree/5.0.2/asm-tree-5.0.2.jar:/home/user/.m2/repository/org/ow2/asm/asm/5.0.4/asm-5.0.4.jar:/home/user/.m2/repository/commons-lang/commons-lang/2.6/commons-lang-2.6.jar:/home/user/.m2/repository/com/apple/AppleJavaExtensions/1.4/AppleJavaExtensions-1.4.jar:/home/user/.m2/repository/jaxen/jaxen/1.1.6/jaxen-1.1.6.jar:/home/user/.m2/repository/junit/junit/4.11/junit-4.11.jar:/home/user/.m2/repository/org/hamcrest/hamcrest-core/1.3/hamcrest-core-1.3.jar:/home/user/.m2/repository/org/apache/hadoop/hadoop-common/3.2.0/hadoop-common-3.2.0-tests.jar:/workdir/hadoop-ozone/integration-test/target/test-classes:/home/user/.m2/repository/org/apache/hadoop/hadoop-ozone-objectstore-service/0.5.0-SNAPSHOT/hadoop-ozone-objectstore-service-0.5.0-SNAPSHOT.jar:/home/user/.m2/repository/org/apache/hadoop/hadoop-ozone-s3gateway/0.5.0-SNAPSHOT/hadoop-ozone-s3gateway-0.5.0-SNAPSHOT.jar:/home/user/.m2/repository/org/jboss/weld/servlet/weld-servlet/2.4.7.Final/weld-servlet-2.4.7.Final.jar:/home/user/.m2/repository/org/glassfish/jersey/containers/jersey-container-servlet-core/2.27/jersey-container-servlet-core-2.27.jar:/home/user/.m2/repository/org/glassfish/hk2/external/javax.inject/2.5.0-b42/javax.inject-2.5.0-b42.jar:/home/user/.m2/repository/org/glassfish/jersey/core/jersey-common/2.27/jersey-common-2.27.jar:/home/user/.m2/repository/org/glassfish/hk2/osgi-resource-locator/1.0.1/osgi-resource-locator-1.0.1.jar:/home/user/.m2/repository/javax/ws/rs/javax.ws.rs-api/2.1/javax.ws.rs-api-2.1.jar:/home/user/.m2/repository/org/glassfish/jersey/ext/cdi/jersey-cdi1x/2.27/jersey-cdi1x-2.27.jar:/home/user/.m2/repository/org/glassfish/jersey/inject/jersey-hk2/2.27/jersey-hk2-2.27.jar:/home/user/.m2/repository/org/glassfish/hk2/hk2-locator/2.5.0-b42/hk2-locator-2.5.0-b42.jar:/home/user/.m2/repository/org/javassist/javassist/3.22.0-CR2/javassist-3.22.0-CR2.jar:/home/user/.m2/repository/org/glassfish/hk2/hk2-api/2.5.0/hk2-api-2.5.0.jar:/home/user/.m2/repository/org/glassfish/hk2/external/jakarta.inject/2.5.0/jakarta.inject-2.5.0.jar:/home/user/.m2/repository/org/glassfish/hk2/hk2-utils/2.5.0/hk2-utils-2.5.0.jar:/home/user/.m2/repository/jakarta/annotation/jakarta.annotation-api/1.3.4/jakarta.annotation-api-1.3.4.jar:/home/user/.m2/repository/org/glassfish/hk2/external/aopalliance-repackaged/2.5.0/aopalliance-repackaged-2.5.0.jar:/home/user/.m2/repository/com/fasterxml/jackson/dataformat/jackson-dataformat-xml/2.9.0/jackson-dataformat-xml-2.9.0.jar:/home/user/.m2/repository/com/fasterxml/jackson/module/jackson-module-jaxb-annotations/2.9.5/jackson-module-jaxb-annotations-2.9.5.jar:/home/user/.m2/repository/javax/enterprise/cdi-api/1.2/cdi-api-1.2.jar:/home/user/.m2/repository/javax/el/javax.el-api/3.0.0/javax.el-api-3.0.0.jar:/home/user/.m2/repository/javax/interceptor/javax.interceptor-api/1.2/javax.interceptor-api-1.2.jar:/home/user/.m2/repository/javax/inject/javax.inject/1/javax.inject-1.jar:/home/user/.m2/repository/org/apache/hadoop/hadoop-ozone-csi/0.5.0-SNAPSHOT/hadoop-ozone-csi-0.5.0-SNAPSHOT.jar:/home/user/.m2/repository/com/google/protobuf/protobuf-java-util/3.5.1/protobuf-java-util-3.5.1.jar:/home/user/.m2/repository/io/grpc/grpc-netty/1.17.1/grpc-netty-1.17.1.jar:/home/user/.m2/repository/io/grpc/grpc-core/1.17.1/grpc-core-1.17.1.jar:/home/user/.m2/repository/io/grpc/grpc-context/1.17.1/grpc-context-1.17.1.jar:/home/user/.m2/repository/com/google/errorprone/error_prone_annotations/2.2.0/error_prone_annotations-2.2.0.jar:/home/user/.m2/repository/org/codehaus/mojo/animal-sniffer-annotations/1.17/animal-sniffer-annotations-1.17.jar:/home/user/.m2/repository/io/opencensus/opencensus-api/0.17.0/opencensus-api-0.17.0.jar:/home/user/.m2/repository/io/opencensus/opencensus-contrib-grpc-metrics/0.17.0/opencensus-contrib-grpc-metrics-0.17.0.jar:/home/user/.m2/repository/io/netty/netty-codec-http2/4.1.30.Final/netty-codec-http2-4.1.30.Final.jar:/home/user/.m2/repository/io/netty/netty-codec-http/4.1.30.Final/netty-codec-http-4.1.30.Final.jar:/home/user/.m2/repository/io/netty/netty-codec/4.1.30.Final/netty-codec-4.1.30.Final.jar:/home/user/.m2/repository/io/netty/netty-handler/4.1.30.Final/netty-handler-4.1.30.Final.jar:/home/user/.m2/repository/io/netty/netty-handler-proxy/4.1.30.Final/netty-handler-proxy-4.1.30.Final.jar:/home/user/.m2/repository/io/netty/netty-codec-socks/4.1.30.Final/netty-codec-socks-4.1.30.Final.jar:/home/user/.m2/repository/io/netty/netty-transport-native-epoll/4.1.30.Final/netty-transport-native-epoll-4.1.30.Final.jar:/home/user/.m2/repository/io/netty/netty-common/4.1.30.Final/netty-common-4.1.30.Final.jar:/home/user/.m2/repository/io/netty/netty-buffer/4.1.30.Final/netty-buffer-4.1.30.Final.jar:/home/user/.m2/repository/io/netty/netty-transport/4.1.30.Final/netty-transport-4.1.30.Final.jar:/home/user/.m2/repository/io/netty/netty-resolver/4.1.30.Final/netty-resolver-4.1.30.Final.jar:/home/user/.m2/repository/io/netty/netty-transport-native-unix-common/4.1.30.Final/netty-transport-native-unix-common-4.1.30.Final.jar:/home/user/.m2/repository/io/grpc/grpc-protobuf/1.17.1/grpc-protobuf-1.17.1.jar:/home/user/.m2/repository/com/google/api/grpc/proto-google-common-protos/1.0.0/proto-google-common-protos-1.0.0.jar:/home/user/.m2/repository/io/grpc/grpc-protobuf-lite/1.17.1/grpc-protobuf-lite-1.17.1.jar:/home/user/.m2/repository/io/grpc/grpc-stub/1.17.1/grpc-stub-1.17.1.jar:/home/user/.m2/repository/org/apache/hadoop/hadoop-ozone-recon/0.5.0-SNAPSHOT/hadoop-ozone-recon-0.5.0-SNAPSHOT.jar:/home/user/.m2/repository/org/apache/hadoop/hadoop-ozone-reconcodegen/0.5.0-SNAPSHOT/hadoop-ozone-reconcodegen-0.5.0-SNAPSHOT.jar:/home/user/.m2/repository/com/google/inject/extensions/guice-multibindings/4.0/guice-multibindings-4.0.jar:/home/user/.m2/repository/com/google/inject/guice/4.0/guice-4.0.jar:/home/user/.m2/repository/aopalliance/aopalliance/1.0/aopalliance-1.0.jar:/home/user/.m2/repository/com/google/inject/extensions/guice-servlet/4.0/guice-servlet-4.0.jar:/home/user/.m2/repository/org/glassfish/jersey/containers/jersey-container-servlet/2.27/jersey-container-servlet-2.27.jar:/home/user/.m2/repository/org/glassfish/hk2/guice-bridge/2.5.0/guice-bridge-2.5.0.jar:/home/user/.m2/repository/org/glassfish/jersey/core/jersey-server/2.27/jersey-server-2.27.jar:/home/user/.m2/repository/org/glassfish/jersey/core/jersey-client/2.27/jersey-client-2.27.jar:/home/user/.m2/repository/org/glassfish/jersey/media/jersey-media-jaxb/2.27/jersey-media-jaxb-2.27.jar:/home/user/.m2/repository/javax/validation/validation-api/1.1.0.Final/validation-api-1.1.0.Final.jar:/home/user/.m2/repository/org/glassfish/jersey/media/jersey-media-json-jackson/2.27/jersey-media-json-jackson-2.27.jar:/home/user/.m2/repository/org/glassfish/jersey/ext/jersey-entity-filtering/2.27/jersey-entity-filtering-2.27.jar:/home/user/.m2/repository/com/google/inject/extensions/guice-assistedinject/4.0/guice-assistedinject-4.0.jar:/home/user/.m2/repository/org/jooq/jooq/3.11.10/jooq-3.11.10.jar:/home/user/.m2/repository/org/jooq/jooq-meta/3.11.10/jooq-meta-3.11.10.jar:/home/user/.m2/repository/org/jooq/jooq-codegen/3.11.10/jooq-codegen-3.11.10.jar:/home/user/.m2/repository/com/jolbox/bonecp/0.8.0.RELEASE/bonecp-0.8.0.RELEASE.jar:/home/user/.m2/repository/org/springframework/spring-jdbc/5.1.3.RELEASE/spring-jdbc-5.1.3.RELEASE.jar:/home/user/.m2/repository/org/springframework/spring-beans/5.1.3.RELEASE/spring-beans-5.1.3.RELEASE.jar:/home/user/.m2/repository/org/springframework/spring-core/5.1.3.RELEASE/spring-core-5.1.3.RELEASE.jar:/home/user/.m2/repository/org/springframework/spring-jcl/5.1.3.RELEASE/spring-jcl-5.1.3.RELEASE.jar:/home/user/.m2/repository/org/springframework/spring-tx/5.1.3.RELEASE/spring-tx-5.1.3.RELEASE.jar:/home/user/.m2/repository/org/mockito/mockito-core/2.15.0/mockito-core-2.15.0.jar:/home/user/.m2/repository/net/bytebuddy/byte-buddy/1.7.9/byte-buddy-1.7.9.jar:/home/user/.m2/repository/net/bytebuddy/byte-buddy-agent/1.7.9/byte-buddy-agent-1.7.9.jar:/home/user/.m2/repository/org/objenesis/objenesis/1.0/objenesis-1.0.jar:"/>
    <property name="java.vm.vendor" value="IcedTea"/>
    <property name="sun.arch.data.model" value="64"/>
    <property name="test.build.dir" value="/workdir/hadoop-ozone/tools/target/test-dir"/>
    <property name="test.cache.data" value=""/>
    <property name="java.vendor.url" value="https://icedtea.classpath.org"/>
    <property name="user.timezone" value=""/>
    <property name="java.vm.specification.version" value="1.8"/>
    <property name="os.name" value="Linux"/>
    <property name="test.build.data" value="/workdir/hadoop-ozone/tools/target/test-dir"/>
    <property name="user.country" value="US"/>
    <property name="sun.java.launcher" value="SUN_STANDARD"/>
    <property name="sun.boot.library.path" value="/usr/lib/jvm/java-1.8-openjdk/jre/lib/amd64"/>
    <property name="sun.java.command" value="/workdir/hadoop-ozone/tools/target/surefire/surefirebooter834735042888823394.jar /workdir/hadoop-ozone/tools/target/surefire 2019-09-12T10-07-27_366-jvmRun1 surefire8928449792300278358tmp surefire_1183234208208740595514tmp"/>
    <property name="test" value="!TestMiniChaosOzoneCluster"/>
    <property name="surefire.test.class.path" value="/workdir/hadoop-ozone/tools/target/test-classes:/workdir/hadoop-ozone/tools/target/classes:/home/user/.m2/repository/org/apache/hadoop/hadoop-ozone-ozone-manager/0.5.0-SNAPSHOT/hadoop-ozone-ozone-manager-0.5.0-SNAPSHOT.jar:/home/user/.m2/repository/org/apache/hadoop/hadoop-hdds-docs/0.5.0-SNAPSHOT/hadoop-hdds-docs-0.5.0-SNAPSHOT.jar:/home/user/.m2/repository/org/bouncycastle/bcprov-jdk15on/1.60/bcprov-jdk15on-1.60.jar:/home/user/.m2/repository/org/apache/hadoop/hadoop-ozone-common/0.5.0-SNAPSHOT/hadoop-ozone-common-0.5.0-SNAPSHOT.jar:/home/user/.m2/repository/org/apache/commons/commons-compress/1.4.1/commons-compress-1.4.1.jar:/home/user/.m2/repository/org/tukaani/xz/1.0/xz-1.0.jar:/home/user/.m2/repository/org/apache/hadoop/hadoop-hdfs-client/3.2.0/hadoop-hdfs-client-3.2.0.jar:/home/user/.m2/repository/com/fasterxml/jackson/core/jackson-annotations/2.9.5/jackson-annotations-2.9.5.jar:/home/user/.m2/repository/org/apache/hadoop/hadoop-hdds-common/0.5.0-SNAPSHOT/hadoop-hdds-common-0.5.0-SNAPSHOT.jar:/home/user/.m2/repository/org/apache/hadoop/hadoop-hdds-config/0.5.0-SNAPSHOT/hadoop-hdds-config-0.5.0-SNAPSHOT.jar:/home/user/.m2/repository/javax/annotation/javax.annotation-api/1.2/javax.annotation-api-1.2.jar:/home/user/.m2/repository/org/apache/ratis/ratis-server/0.4.0-2337318-SNAPSHOT/ratis-server-0.4.0-2337318-SNAPSHOT.jar:/home/user/.m2/repository/org/apache/ratis/ratis-thirdparty-misc/0.2.0/ratis-thirdparty-misc-0.2.0.jar:/home/user/.m2/repository/org/apache/ratis/ratis-proto/0.4.0-2337318-SNAPSHOT/ratis-proto-0.4.0-2337318-SNAPSHOT.jar:/home/user/.m2/repository/org/apache/ratis/ratis-common/0.4.0-2337318-SNAPSHOT/ratis-common-0.4.0-2337318-SNAPSHOT.jar:/home/user/.m2/repository/org/apache/ratis/ratis-client/0.4.0-2337318-SNAPSHOT/ratis-client-0.4.0-2337318-SNAPSHOT.jar:/home/user/.m2/repository/org/apache/ratis/ratis-metrics/0.4.0-2337318-SNAPSHOT/ratis-metrics-0.4.0-2337318-SNAPSHOT.jar:/home/user/.m2/repository/org/apache/ratis/ratis-netty/0.4.0-2337318-SNAPSHOT/ratis-netty-0.4.0-2337318-SNAPSHOT.jar:/home/user/.m2/repository/org/apache/ratis/ratis-grpc/0.4.0-2337318-SNAPSHOT/ratis-grpc-0.4.0-2337318-SNAPSHOT.jar:/home/user/.m2/repository/org/rocksdb/rocksdbjni/6.0.1/rocksdbjni-6.0.1.jar:/home/user/.m2/repository/org/apache/logging/log4j/log4j-api/2.11.0/log4j-api-2.11.0.jar:/home/user/.m2/repository/org/apache/logging/log4j/log4j-core/2.11.0/log4j-core-2.11.0.jar:/home/user/.m2/repository/com/lmax/disruptor/3.4.2/disruptor-3.4.2.jar:/home/user/.m2/repository/org/apache/commons/commons-pool2/2.6.0/commons-pool2-2.6.0.jar:/home/user/.m2/repository/org/bouncycastle/bcpkix-jdk15on/1.60/bcpkix-jdk15on-1.60.jar:/home/user/.m2/repository/commons-validator/commons-validator/1.6/commons-validator-1.6.jar:/home/user/.m2/repository/commons-digester/commons-digester/1.8.1/commons-digester-1.8.1.jar:/home/user/.m2/repository/io/jaegertracing/jaeger-client/0.33.1/jaeger-client-0.33.1.jar:/home/user/.m2/repository/io/jaegertracing/jaeger-thrift/0.33.1/jaeger-thrift-0.33.1.jar:/home/user/.m2/repository/org/apache/thrift/libthrift/0.11.0/libthrift-0.11.0.jar:/home/user/.m2/repository/com/squareup/okhttp3/okhttp/3.9.0/okhttp-3.9.0.jar:/home/user/.m2/repository/com/squareup/okio/okio/1.13.0/okio-1.13.0.jar:/home/user/.m2/repository/io/jaegertracing/jaeger-core/0.33.1/jaeger-core-0.33.1.jar:/home/user/.m2/repository/io/jaegertracing/jaeger-tracerresolver/0.33.1/jaeger-tracerresolver-0.33.1.jar:/home/user/.m2/repository/io/opentracing/contrib/opentracing-tracerresolver/0.1.5/opentracing-tracerresolver-0.1.5.jar:/home/user/.m2/repository/io/opentracing/opentracing-util/0.31.0/opentracing-util-0.31.0.jar:/home/user/.m2/repository/io/opentracing/opentracing-api/0.31.0/opentracing-api-0.31.0.jar:/home/user/.m2/repository/io/opentracing/opentracing-noop/0.31.0/opentracing-noop-0.31.0.jar:/home/user/.m2/repository/org/yaml/snakeyaml/1.16/snakeyaml-1.16.jar:/home/user/.m2/repository/org/apache/hadoop/hadoop-hdds-container-service/0.5.0-SNAPSHOT/hadoop-hdds-container-service-0.5.0-SNAPSHOT.jar:/home/user/.m2/repository/org/apache/hadoop/hadoop-hdds-client/0.5.0-SNAPSHOT/hadoop-hdds-client-0.5.0-SNAPSHOT.jar:/home/user/.m2/repository/org/apache/hadoop/hadoop-hdds-tools/0.5.0-SNAPSHOT/hadoop-hdds-tools-0.5.0-SNAPSHOT.jar:/home/user/.m2/repository/org/xerial/sqlite-jdbc/3.25.2/sqlite-jdbc-3.25.2.jar:/home/user/.m2/repository/org/apache/hadoop/hadoop-hdds-server-scm/0.5.0-SNAPSHOT/hadoop-hdds-server-scm-0.5.0-SNAPSHOT.jar:/home/user/.m2/repository/org/hamcrest/hamcrest-all/1.3/hamcrest-all-1.3.jar:/home/user/.m2/repository/info/picocli/picocli/3.9.6/picocli-3.9.6.jar:/home/user/.m2/repository/com/google/protobuf/protobuf-java/2.5.0/protobuf-java-2.5.0.jar:/home/user/.m2/repository/com/google/guava/guava/11.0.2/guava-11.0.2.jar:/home/user/.m2/repository/org/apache/hadoop/hadoop-ozone-client/0.5.0-SNAPSHOT/hadoop-ozone-client-0.5.0-SNAPSHOT.jar:/workdir/hadoop-ozone/ozonefs/target/classes:/home/user/.m2/repository/org/apache/hadoop/hadoop-hdds-server-framework/0.5.0-SNAPSHOT/hadoop-hdds-server-framework-0.5.0-SNAPSHOT.jar:/home/user/.m2/repository/org/apache/hadoop/hadoop-common/3.2.0/hadoop-common-3.2.0.jar:/home/user/.m2/repository/org/apache/hadoop/hadoop-annotations/3.2.0/hadoop-annotations-3.2.0.jar:/usr/lib/jvm/java-1.8-openjdk/jre/../lib/tools.jar:/home/user/.m2/repository/commons-cli/commons-cli/1.2/commons-cli-1.2.jar:/home/user/.m2/repository/org/apache/commons/commons-math3/3.1.1/commons-math3-3.1.1.jar:/home/user/.m2/repository/org/apache/httpcomponents/httpclient/4.5.2/httpclient-4.5.2.jar:/home/user/.m2/repository/org/apache/httpcomponents/httpcore/4.4.4/httpcore-4.4.4.jar:/home/user/.m2/repository/commons-codec/commons-codec/1.11/commons-codec-1.11.jar:/home/user/.m2/repository/commons-io/commons-io/2.5/commons-io-2.5.jar:/home/user/.m2/repository/commons-net/commons-net/3.6/commons-net-3.6.jar:/home/user/.m2/repository/commons-collections/commons-collections/3.2.2/commons-collections-3.2.2.jar:/home/user/.m2/repository/javax/servlet/javax.servlet-api/3.1.0/javax.servlet-api-3.1.0.jar:/home/user/.m2/repository/org/eclipse/jetty/jetty-server/9.3.24.v20180605/jetty-server-9.3.24.v20180605.jar:/home/user/.m2/repository/org/eclipse/jetty/jetty-http/9.3.24.v20180605/jetty-http-9.3.24.v20180605.jar:/home/user/.m2/repository/org/eclipse/jetty/jetty-io/9.3.24.v20180605/jetty-io-9.3.24.v20180605.jar:/home/user/.m2/repository/org/eclipse/jetty/jetty-util/9.3.24.v20180605/jetty-util-9.3.24.v20180605.jar:/home/user/.m2/repository/org/eclipse/jetty/jetty-servlet/9.3.24.v20180605/jetty-servlet-9.3.24.v20180605.jar:/home/user/.m2/repository/org/eclipse/jetty/jetty-security/9.3.24.v20180605/jetty-security-9.3.24.v20180605.jar:/home/user/.m2/repository/org/eclipse/jetty/jetty-webapp/9.3.24.v20180605/jetty-webapp-9.3.24.v20180605.jar:/home/user/.m2/repository/org/eclipse/jetty/jetty-xml/9.3.24.v20180605/jetty-xml-9.3.24.v20180605.jar:/home/user/.m2/repository/javax/servlet/jsp/jsp-api/2.1/jsp-api-2.1.jar:/home/user/.m2/repository/com/sun/jersey/jersey-core/1.19/jersey-core-1.19.jar:/home/user/.m2/repository/javax/ws/rs/jsr311-api/1.1.1/jsr311-api-1.1.1.jar:/home/user/.m2/repository/com/sun/jersey/jersey-servlet/1.19/jersey-servlet-1.19.jar:/home/user/.m2/repository/com/sun/jersey/jersey-json/1.19/jersey-json-1.19.jar:/home/user/.m2/repository/org/codehaus/jettison/jettison/1.1/jettison-1.1.jar:/home/user/.m2/repository/com/sun/xml/bind/jaxb-impl/2.3.0.1/jaxb-impl-2.3.0.1.jar:/home/user/.m2/repository/org/codehaus/jackson/jackson-core-asl/1.9.13/jackson-core-asl-1.9.13.jar:/home/user/.m2/repository/org/codehaus/jackson/jackson-mapper-asl/1.9.13/jackson-mapper-asl-1.9.13.jar:/home/user/.m2/repository/org/codehaus/jackson/jackson-jaxrs/1.9.13/jackson-jaxrs-1.9.13.jar:/home/user/.m2/repository/org/codehaus/jackson/jackson-xc/1.9.13/jackson-xc-1.9.13.jar:/home/user/.m2/repository/com/sun/jersey/jersey-server/1.19/jersey-server-1.19.jar:/home/user/.m2/repository/commons-logging/commons-logging/1.1.3/commons-logging-1.1.3.jar:/home/user/.m2/repository/log4j/log4j/1.2.17/log4j-1.2.17.jar:/home/user/.m2/repository/commons-beanutils/commons-beanutils/1.9.3/commons-beanutils-1.9.3.jar:/home/user/.m2/repository/org/apache/commons/commons-configuration2/2.1.1/commons-configuration2-2.1.1.jar:/home/user/.m2/repository/org/apache/commons/commons-lang3/3.7/commons-lang3-3.7.jar:/home/user/.m2/repository/org/apache/commons/commons-text/1.4/commons-text-1.4.jar:/home/user/.m2/repository/org/slf4j/slf4j-api/1.7.25/slf4j-api-1.7.25.jar:/home/user/.m2/repository/org/slf4j/slf4j-log4j12/1.7.25/slf4j-log4j12-1.7.25.jar:/home/user/.m2/repository/org/apache/avro/avro/1.7.7/avro-1.7.7.jar:/home/user/.m2/repository/com/thoughtworks/paranamer/paranamer/2.3/paranamer-2.3.jar:/home/user/.m2/repository/org/xerial/snappy/snappy-java/1.0.5/snappy-java-1.0.5.jar:/home/user/.m2/repository/com/google/re2j/re2j/1.1/re2j-1.1.jar:/home/user/.m2/repository/com/google/code/gson/gson/2.2.4/gson-2.2.4.jar:/home/user/.m2/repository/org/apache/hadoop/hadoop-auth/3.2.0/hadoop-auth-3.2.0.jar:/home/user/.m2/repository/com/nimbusds/nimbus-jose-jwt/4.41.1/nimbus-jose-jwt-4.41.1.jar:/home/user/.m2/repository/com/github/stephenc/jcip/jcip-annotations/1.0-1/jcip-annotations-1.0-1.jar:/home/user/.m2/repository/net/minidev/json-smart/2.3/json-smart-2.3.jar:/home/user/.m2/repository/net/minidev/accessors-smart/1.2/accessors-smart-1.2.jar:/home/user/.m2/repository/org/apache/curator/curator-framework/2.12.0/curator-framework-2.12.0.jar:/home/user/.m2/repository/com/jcraft/jsch/0.1.54/jsch-0.1.54.jar:/home/user/.m2/repository/org/apache/curator/curator-client/2.12.0/curator-client-2.12.0.jar:/home/user/.m2/repository/org/apache/curator/curator-recipes/2.12.0/curator-recipes-2.12.0.jar:/home/user/.m2/repository/com/google/code/findbugs/jsr305/3.0.0/jsr305-3.0.0.jar:/home/user/.m2/repository/org/apache/htrace/htrace-core4/4.1.0-incubating/htrace-core4-4.1.0-incubating.jar:/home/user/.m2/repository/org/apache/zookeeper/zookeeper/3.4.13/zookeeper-3.4.13.jar:/home/user/.m2/repository/org/apache/yetus/audience-annotations/0.5.0/audience-annotations-0.5.0.jar:/home/user/.m2/repository/org/apache/kerby/kerb-simplekdc/1.0.1/kerb-simplekdc-1.0.1.jar:/home/user/.m2/repository/org/apache/kerby/kerb-client/1.0.1/kerb-client-1.0.1.jar:/home/user/.m2/repository/org/apache/kerby/kerby-config/1.0.1/kerby-config-1.0.1.jar:/home/user/.m2/repository/org/apache/kerby/kerb-core/1.0.1/kerb-core-1.0.1.jar:/home/user/.m2/repository/org/apache/kerby/kerby-pkix/1.0.1/kerby-pkix-1.0.1.jar:/home/user/.m2/repository/org/apache/kerby/kerby-asn1/1.0.1/kerby-asn1-1.0.1.jar:/home/user/.m2/repository/org/apache/kerby/kerby-util/1.0.1/kerby-util-1.0.1.jar:/home/user/.m2/repository/org/apache/kerby/kerb-common/1.0.1/kerb-common-1.0.1.jar:/home/user/.m2/repository/org/apache/kerby/kerb-crypto/1.0.1/kerb-crypto-1.0.1.jar:/home/user/.m2/repository/org/apache/kerby/kerb-util/1.0.1/kerb-util-1.0.1.jar:/home/user/.m2/repository/org/apache/kerby/token-provider/1.0.1/token-provider-1.0.1.jar:/home/user/.m2/repository/org/apache/kerby/kerb-admin/1.0.1/kerb-admin-1.0.1.jar:/home/user/.m2/repository/org/apache/kerby/kerb-server/1.0.1/kerb-server-1.0.1.jar:/home/user/.m2/repository/org/apache/kerby/kerb-identity/1.0.1/kerb-identity-1.0.1.jar:/home/user/.m2/repository/org/apache/kerby/kerby-xdr/1.0.1/kerby-xdr-1.0.1.jar:/home/user/.m2/repository/com/fasterxml/jackson/core/jackson-databind/2.9.5/jackson-databind-2.9.5.jar:/home/user/.m2/repository/com/fasterxml/jackson/core/jackson-core/2.9.5/jackson-core-2.9.5.jar:/home/user/.m2/repository/org/codehaus/woodstox/stax2-api/3.1.4/stax2-api-3.1.4.jar:/home/user/.m2/repository/com/fasterxml/woodstox/woodstox-core/5.0.3/woodstox-core-5.0.3.jar:/home/user/.m2/repository/dnsjava/dnsjava/2.1.7/dnsjava-2.1.7.jar:/home/user/.m2/repository/org/apache/hadoop/hadoop-hdfs/3.2.0/hadoop-hdfs-3.2.0.jar:/home/user/.m2/repository/org/eclipse/jetty/jetty-util-ajax/9.3.24.v20180605/jetty-util-ajax-9.3.24.v20180605.jar:/home/user/.m2/repository/commons-daemon/commons-daemon/1.0.13/commons-daemon-1.0.13.jar:/home/user/.m2/repository/io/netty/netty/3.10.5.Final/netty-3.10.5.Final.jar:/home/user/.m2/repository/io/netty/netty-all/4.0.52.Final/netty-all-4.0.52.Final.jar:/home/user/.m2/repository/org/fusesource/leveldbjni/leveldbjni-all/1.8/leveldbjni-all-1.8.jar:/home/user/.m2/repository/com/sun/xml/bind/jaxb-core/2.3.0.1/jaxb-core-2.3.0.1.jar:/home/user/.m2/repository/javax/xml/bind/jaxb-api/2.3.0/jaxb-api-2.3.0.jar:/home/user/.m2/repository/javax/activation/activation/1.1.1/activation-1.1.1.jar:/home/user/.m2/repository/io/dropwizard/metrics/metrics-core/3.2.4/metrics-core-3.2.4.jar:/home/user/.m2/repository/org/openjdk/jmh/jmh-core/1.19/jmh-core-1.19.jar:/home/user/.m2/repository/net/sf/jopt-simple/jopt-simple/4.6/jopt-simple-4.6.jar:/home/user/.m2/repository/org/openjdk/jmh/jmh-generator-annprocess/1.19/jmh-generator-annprocess-1.19.jar:/home/user/.m2/repository/com/google/code/findbugs/findbugs/3.0.1/findbugs-3.0.1.jar:/home/user/.m2/repository/net/jcip/jcip-annotations/1.0/jcip-annotations-1.0.jar:/home/user/.m2/repository/com/google/code/findbugs/bcel-findbugs/6.0/bcel-findbugs-6.0.jar:/home/user/.m2/repository/com/google/code/findbugs/jFormatString/2.0.1/jFormatString-2.0.1.jar:/home/user/.m2/repository/dom4j/dom4j/1.6.1/dom4j-1.6.1.jar:/home/user/.m2/repository/xml-apis/xml-apis/1.0.b2/xml-apis-1.0.b2.jar:/home/user/.m2/repository/org/ow2/asm/asm-debug-all/5.0.2/asm-debug-all-5.0.2.jar:/home/user/.m2/repository/org/ow2/asm/asm-commons/5.0.2/asm-commons-5.0.2.jar:/home/user/.m2/repository/org/ow2/asm/asm-tree/5.0.2/asm-tree-5.0.2.jar:/home/user/.m2/repository/org/ow2/asm/asm/5.0.4/asm-5.0.4.jar:/home/user/.m2/repository/commons-lang/commons-lang/2.6/commons-lang-2.6.jar:/home/user/.m2/repository/com/apple/AppleJavaExtensions/1.4/AppleJavaExtensions-1.4.jar:/home/user/.m2/repository/jaxen/jaxen/1.1.6/jaxen-1.1.6.jar:/home/user/.m2/repository/junit/junit/4.11/junit-4.11.jar:/home/user/.m2/repository/org/hamcrest/hamcrest-core/1.3/hamcrest-core-1.3.jar:/home/user/.m2/repository/org/apache/hadoop/hadoop-common/3.2.0/hadoop-common-3.2.0-tests.jar:/workdir/hadoop-ozone/integration-test/target/test-classes:/home/user/.m2/repository/org/apache/hadoop/hadoop-ozone-objectstore-service/0.5.0-SNAPSHOT/hadoop-ozone-objectstore-service-0.5.0-SNAPSHOT.jar:/home/user/.m2/repository/org/apache/hadoop/hadoop-ozone-s3gateway/0.5.0-SNAPSHOT/hadoop-ozone-s3gateway-0.5.0-SNAPSHOT.jar:/home/user/.m2/repository/org/jboss/weld/servlet/weld-servlet/2.4.7.Final/weld-servlet-2.4.7.Final.jar:/home/user/.m2/repository/org/glassfish/jersey/containers/jersey-container-servlet-core/2.27/jersey-container-servlet-core-2.27.jar:/home/user/.m2/repository/org/glassfish/hk2/external/javax.inject/2.5.0-b42/javax.inject-2.5.0-b42.jar:/home/user/.m2/repository/org/glassfish/jersey/core/jersey-common/2.27/jersey-common-2.27.jar:/home/user/.m2/repository/org/glassfish/hk2/osgi-resource-locator/1.0.1/osgi-resource-locator-1.0.1.jar:/home/user/.m2/repository/javax/ws/rs/javax.ws.rs-api/2.1/javax.ws.rs-api-2.1.jar:/home/user/.m2/repository/org/glassfish/jersey/ext/cdi/jersey-cdi1x/2.27/jersey-cdi1x-2.27.jar:/home/user/.m2/repository/org/glassfish/jersey/inject/jersey-hk2/2.27/jersey-hk2-2.27.jar:/home/user/.m2/repository/org/glassfish/hk2/hk2-locator/2.5.0-b42/hk2-locator-2.5.0-b42.jar:/home/user/.m2/repository/org/javassist/javassist/3.22.0-CR2/javassist-3.22.0-CR2.jar:/home/user/.m2/repository/org/glassfish/hk2/hk2-api/2.5.0/hk2-api-2.5.0.jar:/home/user/.m2/repository/org/glassfish/hk2/external/jakarta.inject/2.5.0/jakarta.inject-2.5.0.jar:/home/user/.m2/repository/org/glassfish/hk2/hk2-utils/2.5.0/hk2-utils-2.5.0.jar:/home/user/.m2/repository/jakarta/annotation/jakarta.annotation-api/1.3.4/jakarta.annotation-api-1.3.4.jar:/home/user/.m2/repository/org/glassfish/hk2/external/aopalliance-repackaged/2.5.0/aopalliance-repackaged-2.5.0.jar:/home/user/.m2/repository/com/fasterxml/jackson/dataformat/jackson-dataformat-xml/2.9.0/jackson-dataformat-xml-2.9.0.jar:/home/user/.m2/repository/com/fasterxml/jackson/module/jackson-module-jaxb-annotations/2.9.5/jackson-module-jaxb-annotations-2.9.5.jar:/home/user/.m2/repository/javax/enterprise/cdi-api/1.2/cdi-api-1.2.jar:/home/user/.m2/repository/javax/el/javax.el-api/3.0.0/javax.el-api-3.0.0.jar:/home/user/.m2/repository/javax/interceptor/javax.interceptor-api/1.2/javax.interceptor-api-1.2.jar:/home/user/.m2/repository/javax/inject/javax.inject/1/javax.inject-1.jar:/home/user/.m2/repository/org/apache/hadoop/hadoop-ozone-csi/0.5.0-SNAPSHOT/hadoop-ozone-csi-0.5.0-SNAPSHOT.jar:/home/user/.m2/repository/com/google/protobuf/protobuf-java-util/3.5.1/protobuf-java-util-3.5.1.jar:/home/user/.m2/repository/io/grpc/grpc-netty/1.17.1/grpc-netty-1.17.1.jar:/home/user/.m2/repository/io/grpc/grpc-core/1.17.1/grpc-core-1.17.1.jar:/home/user/.m2/repository/io/grpc/grpc-context/1.17.1/grpc-context-1.17.1.jar:/home/user/.m2/repository/com/google/errorprone/error_prone_annotations/2.2.0/error_prone_annotations-2.2.0.jar:/home/user/.m2/repository/org/codehaus/mojo/animal-sniffer-annotations/1.17/animal-sniffer-annotations-1.17.jar:/home/user/.m2/repository/io/opencensus/opencensus-api/0.17.0/opencensus-api-0.17.0.jar:/home/user/.m2/repository/io/opencensus/opencensus-contrib-grpc-metrics/0.17.0/opencensus-contrib-grpc-metrics-0.17.0.jar:/home/user/.m2/repository/io/netty/netty-codec-http2/4.1.30.Final/netty-codec-http2-4.1.30.Final.jar:/home/user/.m2/repository/io/netty/netty-codec-http/4.1.30.Final/netty-codec-http-4.1.30.Final.jar:/home/user/.m2/repository/io/netty/netty-codec/4.1.30.Final/netty-codec-4.1.30.Final.jar:/home/user/.m2/repository/io/netty/netty-handler/4.1.30.Final/netty-handler-4.1.30.Final.jar:/home/user/.m2/repository/io/netty/netty-handler-proxy/4.1.30.Final/netty-handler-proxy-4.1.30.Final.jar:/home/user/.m2/repository/io/netty/netty-codec-socks/4.1.30.Final/netty-codec-socks-4.1.30.Final.jar:/home/user/.m2/repository/io/netty/netty-transport-native-epoll/4.1.30.Final/netty-transport-native-epoll-4.1.30.Final.jar:/home/user/.m2/repository/io/netty/netty-common/4.1.30.Final/netty-common-4.1.30.Final.jar:/home/user/.m2/repository/io/netty/netty-buffer/4.1.30.Final/netty-buffer-4.1.30.Final.jar:/home/user/.m2/repository/io/netty/netty-transport/4.1.30.Final/netty-transport-4.1.30.Final.jar:/home/user/.m2/repository/io/netty/netty-resolver/4.1.30.Final/netty-resolver-4.1.30.Final.jar:/home/user/.m2/repository/io/netty/netty-transport-native-unix-common/4.1.30.Final/netty-transport-native-unix-common-4.1.30.Final.jar:/home/user/.m2/repository/io/grpc/grpc-protobuf/1.17.1/grpc-protobuf-1.17.1.jar:/home/user/.m2/repository/com/google/api/grpc/proto-google-common-protos/1.0.0/proto-google-common-protos-1.0.0.jar:/home/user/.m2/repository/io/grpc/grpc-protobuf-lite/1.17.1/grpc-protobuf-lite-1.17.1.jar:/home/user/.m2/repository/io/grpc/grpc-stub/1.17.1/grpc-stub-1.17.1.jar:/home/user/.m2/repository/org/apache/hadoop/hadoop-ozone-recon/0.5.0-SNAPSHOT/hadoop-ozone-recon-0.5.0-SNAPSHOT.jar:/home/user/.m2/repository/org/apache/hadoop/hadoop-ozone-reconcodegen/0.5.0-SNAPSHOT/hadoop-ozone-reconcodegen-0.5.0-SNAPSHOT.jar:/home/user/.m2/repository/com/google/inject/extensions/guice-multibindings/4.0/guice-multibindings-4.0.jar:/home/user/.m2/repository/com/google/inject/guice/4.0/guice-4.0.jar:/home/user/.m2/repository/aopalliance/aopalliance/1.0/aopalliance-1.0.jar:/home/user/.m2/repository/com/google/inject/extensions/guice-servlet/4.0/guice-servlet-4.0.jar:/home/user/.m2/repository/org/glassfish/jersey/containers/jersey-container-servlet/2.27/jersey-container-servlet-2.27.jar:/home/user/.m2/repository/org/glassfish/hk2/guice-bridge/2.5.0/guice-bridge-2.5.0.jar:/home/user/.m2/repository/org/glassfish/jersey/core/jersey-server/2.27/jersey-server-2.27.jar:/home/user/.m2/repository/org/glassfish/jersey/core/jersey-client/2.27/jersey-client-2.27.jar:/home/user/.m2/repository/org/glassfish/jersey/media/jersey-media-jaxb/2.27/jersey-media-jaxb-2.27.jar:/home/user/.m2/repository/javax/validation/validation-api/1.1.0.Final/validation-api-1.1.0.Final.jar:/home/user/.m2/repository/org/glassfish/jersey/media/jersey-media-json-jackson/2.27/jersey-media-json-jackson-2.27.jar:/home/user/.m2/repository/org/glassfish/jersey/ext/jersey-entity-filtering/2.27/jersey-entity-filtering-2.27.jar:/home/user/.m2/repository/com/google/inject/extensions/guice-assistedinject/4.0/guice-assistedinject-4.0.jar:/home/user/.m2/repository/org/jooq/jooq/3.11.10/jooq-3.11.10.jar:/home/user/.m2/repository/org/jooq/jooq-meta/3.11.10/jooq-meta-3.11.10.jar:/home/user/.m2/repository/org/jooq/jooq-codegen/3.11.10/jooq-codegen-3.11.10.jar:/home/user/.m2/repository/com/jolbox/bonecp/0.8.0.RELEASE/bonecp-0.8.0.RELEASE.jar:/home/user/.m2/repository/org/springframework/spring-jdbc/5.1.3.RELEASE/spring-jdbc-5.1.3.RELEASE.jar:/home/user/.m2/repository/org/springframework/spring-beans/5.1.3.RELEASE/spring-beans-5.1.3.RELEASE.jar:/home/user/.m2/repository/org/springframework/spring-core/5.1.3.RELEASE/spring-core-5.1.3.RELEASE.jar:/home/user/.m2/repository/org/springframework/spring-jcl/5.1.3.RELEASE/spring-jcl-5.1.3.RELEASE.jar:/home/user/.m2/repository/org/springframework/spring-tx/5.1.3.RELEASE/spring-tx-5.1.3.RELEASE.jar:/home/user/.m2/repository/org/mockito/mockito-core/2.15.0/mockito-core-2.15.0.jar:/home/user/.m2/repository/net/bytebuddy/byte-buddy/1.7.9/byte-buddy-1.7.9.jar:/home/user/.m2/repository/net/bytebuddy/byte-buddy-agent/1.7.9/byte-buddy-agent-1.7.9.jar:/home/user/.m2/repository/org/objenesis/objenesis/1.0/objenesis-1.0.jar:"/>
    <property name="sun.cpu.endian" value="little"/>
    <property name="user.home" value="/home/user"/>
    <property name="user.language" value="en"/>
    <property name="java.specification.vendor" value="Oracle Corporation"/>
    <property name="java.home" value="/usr/lib/jvm/java-1.8-openjdk/jre"/>
    <property name="java.security.krb5.conf" value="/workdir/hadoop-ozone/tools/target/test-classes/krb5.conf"/>
    <property name="basedir" value="/workdir/hadoop-ozone/tools"/>
    <property name="file.separator" value="/"/>
    <property name="line.separator" value="&#10;"/>
    <property name="java.vm.specification.vendor" value="Oracle Corporation"/>
    <property name="java.specification.name" value="Java Platform API Specification"/>
    <property name="java.awt.graphicsenv" value="sun.awt.X11GraphicsEnvironment"/>
    <property name="surefire.real.class.path" value="/workdir/hadoop-ozone/tools/target/surefire/surefirebooter834735042888823394.jar"/>
    <property name="hadoop.log.dir" value="/workdir/hadoop-ozone/tools/target/log"/>
    <property name="sun.boot.class.path" value="/usr/lib/jvm/java-1.8-openjdk/jre/lib/resources.jar:/usr/lib/jvm/java-1.8-openjdk/jre/lib/rt.jar:/usr/lib/jvm/java-1.8-openjdk/jre/lib/sunrsasign.jar:/usr/lib/jvm/java-1.8-openjdk/jre/lib/jsse.jar:/usr/lib/jvm/java-1.8-openjdk/jre/lib/jce.jar:/usr/lib/jvm/java-1.8-openjdk/jre/lib/charsets.jar:/usr/lib/jvm/java-1.8-openjdk/jre/lib/jfr.jar:/usr/lib/jvm/java-1.8-openjdk/jre/classes"/>
    <property name="sun.management.compiler" value="HotSpot 64-Bit Tiered Compilers"/>
    <property name="java.runtime.version" value="1.8.0_212-b04"/>
    <property name="java.net.preferIPv4Stack" value="true"/>
    <property name="user.name" value="jenkins1000"/>
    <property name="path.separator" value=":"/>
    <property name="java.security.egd" value="file:///dev/urandom"/>
    <property name="os.version" value="3.10.0-957.12.2.el7.x86_64"/>
    <property name="java.endorsed.dirs" value="/usr/lib/jvm/java-1.8-openjdk/jre/lib/endorsed"/>
    <property name="java.runtime.name" value="OpenJDK Runtime Environment"/>
    <property name="file.encoding" value="UTF-8"/>
    <property name="java.vm.name" value="OpenJDK 64-Bit Server VM"/>
    <property name="test.build.webapps" value=""/>
    <property name="localRepository" value="/home/user/.m2/repository"/>
    <property name="java.vendor.url.bug" value="https://icedtea.classpath.org/bugzilla"/>
    <property name="java.io.tmpdir" value="/tmp"/>
    <property name="require.test.libhadoop" value=""/>
    <property name="java.version" value="1.8.0_212"/>
    <property name="user.dir" value="/workdir/hadoop-ozone/tools"/>
    <property name="os.arch" value="amd64"/>
    <property name="java.vm.specification.name" value="Java Virtual Machine Specification"/>
    <property name="test.build.classes" value="/workdir/hadoop-ozone/tools/target/test-classes"/>
    <property name="java.awt.printerjob" value="sun.print.PSPrinterJob"/>
    <property name="sun.os.patch.level" value="unknown"/>
    <property name="hadoop.tmp.dir" value="/workdir/hadoop-ozone/tools/target/tmp"/>
    <property name="java.library.path" value="/usr/lib/jvm/java-1.8-openjdk/jre/lib/amd64/server:/usr/lib/jvm/java-1.8-openjdk/jre/lib/amd64:/usr/lib/jvm/java-1.8-openjdk/jre/../lib/amd64:/workdir/hadoop-ozone/tools/target/native/target/usr/local/lib:/workdir/hadoop-ozone/tools/../../hadoop-common-project/hadoop-common/target/native/target/usr/local/lib:/usr/java/packages/lib/amd64:/usr/lib64:/lib64:/lib:/usr/lib"/>
    <property name="java.vm.info" value="mixed mode"/>
    <property name="java.vendor" value="IcedTea"/>
    <property name="java.vm.version" value="25.212-b04"/>
    <property name="java.ext.dirs" value="/usr/lib/jvm/java-1.8-openjdk/jre/lib/ext:/usr/java/packages/lib/ext"/>
    <property name="sun.io.unicode.encoding" value="UnicodeLittle"/>
    <property name="java.class.version" value="52.0"/>
  </properties>
  <testcase name="ratisTestLargeKey" classname="org.apache.hadoop.ozone.freon.TestDataValidateWithSafeByteOperations" time="10.495">
    <error message="Allocated 0 blocks. Requested 5 blocks" type="INTERNAL_ERROR org.apache.hadoop.ozone.om.exceptions.OMException">INTERNAL_ERROR org.apache.hadoop.ozone.om.exceptions.OMException: Allocated 0 blocks. Requested 5 blocks
	at org.apache.hadoop.ozone.om.protocolPB.OzoneManagerProtocolClientSideTranslatorPB.handleError(OzoneManagerProtocolClientSideTranslatorPB.java:725)
	at org.apache.hadoop.ozone.om.protocolPB.OzoneManagerProtocolClientSideTranslatorPB.openKey(OzoneManagerProtocolClientSideTranslatorPB.java:716)
	at org.apache.hadoop.ozone.client.rpc.RpcClient.createKey(RpcClient.java:615)
	at org.apache.hadoop.ozone.client.OzoneBucket.createKey(OzoneBucket.java:323)
	at org.apache.hadoop.ozone.freon.RandomKeyGenerator.createKey(RandomKeyGenerator.java:686)
	at org.apache.hadoop.ozone.freon.RandomKeyGenerator.access$1100(RandomKeyGenerator.java:87)
	at org.apache.hadoop.ozone.freon.RandomKeyGenerator$ObjectCreator.run(RandomKeyGenerator.java:606)
	at java.util.concurrent.Executors$RunnableAdapter.call(Executors.java:511)
	at java.util.concurrent.FutureTask.run(FutureTask.java:266)
	at java.util.concurrent.ThreadPoolExecutor.runWorker(ThreadPoolExecutor.java:1149)
	at java.util.concurrent.ThreadPoolExecutor$Worker.run(ThreadPoolExecutor.java:624)
	at java.lang.Thread.run(Thread.java:748)
</error>
    <system-out><![CDATA[2019-09-12 11:49:41,496 [main] WARN  server.ServerUtils (ServerUtils.java:getScmDbDir(145)) - ozone.scm.db.dirs is not configured. We recommend adding this setting. Falling back to ozone.metadata.dirs instead.
2019-09-12 11:49:41,627 [main] WARN  server.ServerUtils (ServerUtils.java:getScmDbDir(145)) - ozone.scm.db.dirs is not configured. We recommend adding this setting. Falling back to ozone.metadata.dirs instead.
2019-09-12 11:49:41,630 [main] WARN  server.ServerUtils (ServerUtils.java:getScmDbDir(145)) - ozone.scm.db.dirs is not configured. We recommend adding this setting. Falling back to ozone.metadata.dirs instead.
2019-09-12 11:49:41,649 [main] INFO  util.log (Log.java:initialized(192)) - Logging initialized @896ms
2019-09-12 11:49:41,751 [main] INFO  db.DBStoreBuilder (DBStoreBuilder.java:addTable(110)) - using custom profile for table: deletedBlocks
2019-09-12 11:49:41,751 [main] INFO  db.DBStoreBuilder (DBStoreBuilder.java:processTables(161)) - Using default column profile:DBProfile.DISK for Table:deletedBlocks
2019-09-12 11:49:41,752 [main] INFO  db.DBStoreBuilder (DBStoreBuilder.java:addTable(110)) - using custom profile for table: validCerts
2019-09-12 11:49:41,752 [main] INFO  db.DBStoreBuilder (DBStoreBuilder.java:processTables(161)) - Using default column profile:DBProfile.DISK for Table:validCerts
2019-09-12 11:49:41,752 [main] INFO  db.DBStoreBuilder (DBStoreBuilder.java:addTable(110)) - using custom profile for table: revokedCerts
2019-09-12 11:49:41,753 [main] INFO  db.DBStoreBuilder (DBStoreBuilder.java:processTables(161)) - Using default column profile:DBProfile.DISK for Table:revokedCerts
2019-09-12 11:49:41,765 [main] INFO  db.DBStoreBuilder (DBStoreBuilder.java:addTable(110)) - using custom profile for table: default
2019-09-12 11:49:41,765 [main] INFO  db.DBStoreBuilder (DBStoreBuilder.java:processTables(167)) - Using default column profile:DBProfile.DISK for Table:default
2019-09-12 11:49:41,766 [main] INFO  db.DBStoreBuilder (DBStoreBuilder.java:getDbProfile(198)) - Using default options. DBProfile.DISK
2019-09-12 11:49:42,010 [main] INFO  net.NodeSchemaLoader (NodeSchemaLoader.java:loadSchemaFromFile(125)) - Loading file from sun.misc.CompoundEnumeration@3835c46
2019-09-12 11:49:42,013 [main] INFO  net.NodeSchemaLoader (NodeSchemaLoader.java:loadSchema(171)) - Loading network topology layer schema file
2019-09-12 11:49:42,098 [main] WARN  server.ServerUtils (ServerUtils.java:sanitizeUserArgs(70)) - ozone.scm.stale.node.interval value = 300000 is larger than max = 100000 based on the key value of ozone.scm.heartbeat.thread.interval, reset to the max value 100000.
2019-09-12 11:49:42,100 [main] WARN  server.ServerUtils (ServerUtils.java:sanitizeUserArgs(70)) - ozone.scm.stale.node.interval value = 300000 is larger than max = 100000 based on the key value of ozone.scm.heartbeat.thread.interval, reset to the max value 100000.
2019-09-12 11:49:42,102 [main] INFO  node.SCMNodeManager (SCMNodeManager.java:<init>(121)) - Entering startup safe mode.
2019-09-12 11:49:42,194 [main] INFO  algorithms.ContainerPlacementPolicyFactory (ContainerPlacementPolicyFactory.java:getPolicy(56)) - Create container placement policy of type org.apache.hadoop.hdds.scm.container.placement.algorithms.SCMContainerPlacementRandom
2019-09-12 11:49:42,219 [main] WARN  server.ServerUtils (ServerUtils.java:getScmDbDir(145)) - ozone.scm.db.dirs is not configured. We recommend adding this setting. Falling back to ozone.metadata.dirs instead.
2019-09-12 11:49:42,316 [main] INFO  pipeline.SCMPipelineManager (SCMPipelineManager.java:initializePipelineState(126)) - No pipeline exists in current db
2019-09-12 11:49:42,320 [main] WARN  server.ServerUtils (ServerUtils.java:getScmDbDir(145)) - ozone.scm.db.dirs is not configured. We recommend adding this setting. Falling back to ozone.metadata.dirs instead.
2019-09-12 11:49:42,456 [main] WARN  events.EventQueue (EventQueue.java:fireEvent(175)) - No event handler registered for event TypedEvent{payloadType=SafeModeStatus, name='SafeModeStatus'}
2019-09-12 11:49:43,033 [main] INFO  ipc.CallQueueManager (CallQueueManager.java:<init>(84)) - Using callQueue: class java.util.concurrent.LinkedBlockingQueue, queueCapacity: 2000, scheduler: class org.apache.hadoop.ipc.DefaultRpcScheduler, ipcBackoff: false.
2019-09-12 11:49:43,336 [Socket Reader #1 for port 44101] INFO  ipc.Server (Server.java:run(1074)) - Starting Socket Reader #1 for port 44101
2019-09-12 11:49:43,367 [main] INFO  ipc.CallQueueManager (CallQueueManager.java:<init>(84)) - Using callQueue: class java.util.concurrent.LinkedBlockingQueue, queueCapacity: 2000, scheduler: class org.apache.hadoop.ipc.DefaultRpcScheduler, ipcBackoff: false.
2019-09-12 11:49:43,368 [Socket Reader #1 for port 42745] INFO  ipc.Server (Server.java:run(1074)) - Starting Socket Reader #1 for port 42745
2019-09-12 11:49:43,377 [main] INFO  ipc.CallQueueManager (CallQueueManager.java:<init>(84)) - Using callQueue: class java.util.concurrent.LinkedBlockingQueue, queueCapacity: 2000, scheduler: class org.apache.hadoop.ipc.DefaultRpcScheduler, ipcBackoff: false.
2019-09-12 11:49:43,378 [Socket Reader #1 for port 39830] INFO  ipc.Server (Server.java:run(1074)) - Starting Socket Reader #1 for port 39830
2019-09-12 11:49:43,403 [main] INFO  hdfs.DFSUtil (DFSUtil.java:httpServerTemplateForNNAndJN(1641)) - Starting Web-server for scm at: http://0.0.0.0:0
2019-09-12 11:49:43,543 [main] INFO  server.AuthenticationFilter (AuthenticationFilter.java:constructSecretProvider(240)) - Unable to initialize FileSignerSecretProvider, falling back to use random secrets.
2019-09-12 11:49:43,559 [main] WARN  http.HttpRequestLog (HttpRequestLog.java:getRequestLog(97)) - Jetty request log can only be enabled using Log4j
2019-09-12 11:49:43,569 [main] INFO  http.HttpServer2 (HttpServer2.java:addGlobalFilter(975)) - Added global filter 'safety' (class=org.apache.hadoop.http.HttpServer2$QuotingInputFilter)
2019-09-12 11:49:43,572 [main] INFO  http.HttpServer2 (HttpServer2.java:addFilter(948)) - Added filter static_user_filter (class=org.apache.hadoop.http.lib.StaticUserWebFilter$StaticUserFilter) to context scm
2019-09-12 11:49:43,572 [main] INFO  http.HttpServer2 (HttpServer2.java:addFilter(958)) - Added filter static_user_filter (class=org.apache.hadoop.http.lib.StaticUserWebFilter$StaticUserFilter) to context logs
2019-09-12 11:49:43,572 [main] INFO  http.HttpServer2 (HttpServer2.java:addFilter(958)) - Added filter static_user_filter (class=org.apache.hadoop.http.lib.StaticUserWebFilter$StaticUserFilter) to context static
2019-09-12 11:49:43,599 [main] INFO  server.StorageContainerManager (StorageContainerManager.java:start(759)) - StorageContainerLocationProtocol RPC server is listening at /0.0.0.0:39830
2019-09-12 11:49:43,667 [main] WARN  impl.MetricsConfig (MetricsConfig.java:loadFirst(134)) - Cannot locate configuration: tried hadoop-metrics2-storagecontainermanager.properties,hadoop-metrics2.properties
2019-09-12 11:49:43,681 [main] INFO  impl.MetricsSystemImpl (MetricsSystemImpl.java:startTimer(374)) - Scheduled Metric snapshot period at 10 second(s).
2019-09-12 11:49:43,682 [main] INFO  impl.MetricsSystemImpl (MetricsSystemImpl.java:start(191)) - StorageContainerManager metrics system started
2019-09-12 11:49:43,950 [main] INFO  server.SCMClientProtocolServer (SCMClientProtocolServer.java:start(151)) - RPC server for Client  is listening at /0.0.0.0:39830
2019-09-12 11:49:43,950 [IPC Server Responder] INFO  ipc.Server (Server.java:run(1314)) - IPC Server Responder: starting
2019-09-12 11:49:43,950 [IPC Server listener on 39830] INFO  ipc.Server (Server.java:run(1153)) - IPC Server listener on 39830: starting
2019-09-12 11:49:43,953 [main] INFO  server.StorageContainerManager (StorageContainerManager.java:start(769)) - ScmBlockLocationProtocol RPC server is listening at /0.0.0.0:42745
2019-09-12 11:49:43,953 [main] INFO  server.SCMBlockProtocolServer (SCMBlockProtocolServer.java:start(140)) - RPC server for Block Protocol is listening at /0.0.0.0:42745
2019-09-12 11:49:43,954 [IPC Server Responder] INFO  ipc.Server (Server.java:run(1314)) - IPC Server Responder: starting
2019-09-12 11:49:43,954 [IPC Server listener on 42745] INFO  ipc.Server (Server.java:run(1153)) - IPC Server listener on 42745: starting
2019-09-12 11:49:43,956 [main] INFO  server.StorageContainerManager (StorageContainerManager.java:start(773)) - ScmDatanodeProtocl RPC server is listening at /0.0.0.0:44101
2019-09-12 11:49:43,956 [main] INFO  server.SCMDatanodeProtocolServer (SCMDatanodeProtocolServer.java:start(191)) - RPC server for DataNodes is listening at /0.0.0.0:44101
2019-09-12 11:49:43,957 [IPC Server Responder] INFO  ipc.Server (Server.java:run(1314)) - IPC Server Responder: starting
2019-09-12 11:49:43,957 [IPC Server listener on 44101] INFO  ipc.Server (Server.java:run(1153)) - IPC Server listener on 44101: starting
2019-09-12 11:49:43,961 [main] INFO  http.HttpServer2 (HttpServer2.java:bindListener(1191)) - Jetty bound to port 37575
2019-09-12 11:49:43,963 [main] INFO  server.Server (Server.java:doStart(351)) - jetty-9.3.24.v20180605, build timestamp: 2018-06-05T17:11:56Z, git hash: 84205aa28f11a4f31f2a3b86d1bba2cc8ab69827
2019-09-12 11:49:43,998 [main] INFO  handler.ContextHandler (ContextHandler.java:doStart(781)) - Started o.e.j.s.ServletContextHandler@4e70a728{/logs,file:///workdir/hadoop-ozone/tools/target/log,AVAILABLE}
2019-09-12 11:49:43,999 [main] INFO  handler.ContextHandler (ContextHandler.java:doStart(781)) - Started o.e.j.s.ServletContextHandler@1c3146bc{/static,jar:file:/home/user/.m2/repository/org/apache/hadoop/hadoop-hdds-server-scm/0.5.0-SNAPSHOT/hadoop-hdds-server-scm-0.5.0-SNAPSHOT.jar!/webapps/static,AVAILABLE}
2019-09-12 11:49:44,072 [main] INFO  handler.ContextHandler (ContextHandler.java:doStart(781)) - Started o.e.j.w.WebAppContext@72efb5c1{/,file:///tmp/jetty-0.0.0.0-37575-scm-_-any-7823320876398705371.dir/webapp/,AVAILABLE}{/scm}
2019-09-12 11:49:44,077 [main] INFO  server.AbstractConnector (AbstractConnector.java:doStart(278)) - Started ServerConnector@7a0e1b5e{HTTP/1.1,[http/1.1]}{0.0.0.0:37575}
2019-09-12 11:49:44,078 [main] INFO  server.Server (Server.java:doStart(419)) - Started @3325ms
2019-09-12 11:49:44,079 [main] INFO  server.BaseHttpServer (BaseHttpServer.java:updateConnectorAddress(213)) - HTTP server of SCM is listening at http://0.0.0.0:37575
2019-09-12 11:49:44,085 [org.apache.hadoop.util.JvmPauseMonitor$Monitor@15bcf458] INFO  util.JvmPauseMonitor (JvmPauseMonitor.java:run(188)) - Starting JVM pause monitor
2019-09-12 11:49:44,087 [main] WARN  server.ServerUtils (ServerUtils.java:getDBPath(222)) - ozone.om.db.dirs is not configured. We recommend adding this setting. Falling back to ozone.metadata.dirs instead.
2019-09-12 11:49:44,210 [main] WARN  server.ServerUtils (ServerUtils.java:getDBPath(222)) - ozone.om.db.dirs is not configured. We recommend adding this setting. Falling back to ozone.metadata.dirs instead.
2019-09-12 11:49:44,211 [main] WARN  server.ServerUtils (ServerUtils.java:getDBPath(222)) - ozone.om.db.dirs is not configured. We recommend adding this setting. Falling back to ozone.metadata.dirs instead.
2019-09-12 11:49:44,212 [main] INFO  om.OzoneManager (OzoneManager.java:setOMNodeDetails(645)) - OM Service ID is not set. Setting it to the default ID: omServiceIdDefault
2019-09-12 11:49:44,212 [main] INFO  om.OzoneManager (OzoneManager.java:setOMNodeDetails(651)) - OM Node ID is not set. Setting it to the OmStorage's OmID: 8286d05d-381a-4320-87aa-ded2d1ef51ab
2019-09-12 11:49:44,213 [main] INFO  om.OzoneManager (OzoneManager.java:loadOMHAConfigs(602)) - Found matching OM address with OMServiceId: null, OMNodeId: null, RPC Address: localhost:0 and Ratis port: 9872
2019-09-12 11:49:44,478 | INFO  | SCMAudit | user=jenkins1000 | ip=192.168.36.114 | op=GET_SCM_INFO null | ret=SUCCESS |  
2019-09-12 11:49:44,945 [main] WARN  server.ServerUtils (ServerUtils.java:getDBPath(222)) - ozone.om.db.dirs is not configured. We recommend adding this setting. Falling back to ozone.metadata.dirs instead.
2019-09-12 11:49:44,952 [main] INFO  db.DBStoreBuilder (DBStoreBuilder.java:addTable(110)) - using custom profile for table: userTable
2019-09-12 11:49:44,952 [main] INFO  db.DBStoreBuilder (DBStoreBuilder.java:processTables(161)) - Using default column profile:DBProfile.DISK for Table:userTable
2019-09-12 11:49:44,953 [main] INFO  db.DBStoreBuilder (DBStoreBuilder.java:addTable(110)) - using custom profile for table: volumeTable
2019-09-12 11:49:44,953 [main] INFO  db.DBStoreBuilder (DBStoreBuilder.java:processTables(161)) - Using default column profile:DBProfile.DISK for Table:volumeTable
2019-09-12 11:49:44,953 [main] INFO  db.DBStoreBuilder (DBStoreBuilder.java:addTable(110)) - using custom profile for table: bucketTable
2019-09-12 11:49:44,953 [main] INFO  db.DBStoreBuilder (DBStoreBuilder.java:processTables(161)) - Using default column profile:DBProfile.DISK for Table:bucketTable
2019-09-12 11:49:44,954 [main] INFO  db.DBStoreBuilder (DBStoreBuilder.java:addTable(110)) - using custom profile for table: keyTable
2019-09-12 11:49:44,954 [main] INFO  db.DBStoreBuilder (DBStoreBuilder.java:processTables(161)) - Using default column profile:DBProfile.DISK for Table:keyTable
2019-09-12 11:49:44,954 [main] INFO  db.DBStoreBuilder (DBStoreBuilder.java:addTable(110)) - using custom profile for table: deletedTable
2019-09-12 11:49:44,954 [main] INFO  db.DBStoreBuilder (DBStoreBuilder.java:processTables(161)) - Using default column profile:DBProfile.DISK for Table:deletedTable
2019-09-12 11:49:44,955 [main] INFO  db.DBStoreBuilder (DBStoreBuilder.java:addTable(110)) - using custom profile for table: openKeyTable
2019-09-12 11:49:44,955 [main] INFO  db.DBStoreBuilder (DBStoreBuilder.java:processTables(161)) - Using default column profile:DBProfile.DISK for Table:openKeyTable
2019-09-12 11:49:44,955 [main] INFO  db.DBStoreBuilder (DBStoreBuilder.java:addTable(110)) - using custom profile for table: s3Table
2019-09-12 11:49:44,955 [main] INFO  db.DBStoreBuilder (DBStoreBuilder.java:processTables(161)) - Using default column profile:DBProfile.DISK for Table:s3Table
2019-09-12 11:49:44,956 [main] INFO  db.DBStoreBuilder (DBStoreBuilder.java:addTable(110)) - using custom profile for table: multipartInfoTable
2019-09-12 11:49:44,956 [main] INFO  db.DBStoreBuilder (DBStoreBuilder.java:processTables(161)) - Using default column profile:DBProfile.DISK for Table:multipartInfoTable
2019-09-12 11:49:44,956 [main] INFO  db.DBStoreBuilder (DBStoreBuilder.java:addTable(110)) - using custom profile for table: dTokenTable
2019-09-12 11:49:44,956 [main] INFO  db.DBStoreBuilder (DBStoreBuilder.java:processTables(161)) - Using default column profile:DBProfile.DISK for Table:dTokenTable
2019-09-12 11:49:44,957 [main] INFO  db.DBStoreBuilder (DBStoreBuilder.java:addTable(110)) - using custom profile for table: s3SecretTable
2019-09-12 11:49:44,957 [main] INFO  db.DBStoreBuilder (DBStoreBuilder.java:processTables(161)) - Using default column profile:DBProfile.DISK for Table:s3SecretTable
2019-09-12 11:49:44,957 [main] INFO  db.DBStoreBuilder (DBStoreBuilder.java:addTable(110)) - using custom profile for table: prefixTable
2019-09-12 11:49:44,957 [main] INFO  db.DBStoreBuilder (DBStoreBuilder.java:processTables(161)) - Using default column profile:DBProfile.DISK for Table:prefixTable
2019-09-12 11:49:44,958 [main] INFO  db.DBStoreBuilder (DBStoreBuilder.java:addTable(110)) - using custom profile for table: default
2019-09-12 11:49:44,958 [main] INFO  db.DBStoreBuilder (DBStoreBuilder.java:processTables(167)) - Using default column profile:DBProfile.DISK for Table:default
2019-09-12 11:49:44,958 [main] INFO  db.DBStoreBuilder (DBStoreBuilder.java:getDbProfile(198)) - Using default options. DBProfile.DISK
2019-09-12 11:49:45,470 [main] INFO  ipc.CallQueueManager (CallQueueManager.java:<init>(84)) - Using callQueue: class java.util.concurrent.LinkedBlockingQueue, queueCapacity: 2000, scheduler: class org.apache.hadoop.ipc.DefaultRpcScheduler, ipcBackoff: false.
2019-09-12 11:49:45,471 [Socket Reader #1 for port 37282] INFO  ipc.Server (Server.java:run(1074)) - Starting Socket Reader #1 for port 37282
2019-09-12 11:49:45,493 [main] INFO  om.OzoneManager (OzoneManager.java:start(1256)) - OzoneManager RPC server is listening at localhost/127.0.0.1:37282
2019-09-12 11:49:45,494 [main] INFO  impl.MetricsSystemImpl (MetricsSystemImpl.java:init(158)) - OzoneManager metrics system started (again)
2019-09-12 11:49:45,495 [IPC Server Responder] INFO  ipc.Server (Server.java:run(1314)) - IPC Server Responder: starting
2019-09-12 11:49:45,495 [IPC Server listener on 37282] INFO  ipc.Server (Server.java:run(1153)) - IPC Server listener on 37282: starting
2019-09-12 11:49:45,501 [main] INFO  hdfs.DFSUtil (DFSUtil.java:httpServerTemplateForNNAndJN(1641)) - Starting Web-server for ozoneManager at: http://0.0.0.0:0
2019-09-12 11:49:45,502 [main] INFO  server.AuthenticationFilter (AuthenticationFilter.java:constructSecretProvider(240)) - Unable to initialize FileSignerSecretProvider, falling back to use random secrets.
2019-09-12 11:49:45,503 [main] WARN  http.HttpRequestLog (HttpRequestLog.java:getRequestLog(97)) - Jetty request log can only be enabled using Log4j
2019-09-12 11:49:45,505 [main] INFO  http.HttpServer2 (HttpServer2.java:addGlobalFilter(975)) - Added global filter 'safety' (class=org.apache.hadoop.http.HttpServer2$QuotingInputFilter)
2019-09-12 11:49:45,506 [main] INFO  http.HttpServer2 (HttpServer2.java:addFilter(948)) - Added filter static_user_filter (class=org.apache.hadoop.http.lib.StaticUserWebFilter$StaticUserFilter) to context ozoneManager
2019-09-12 11:49:45,506 [main] INFO  http.HttpServer2 (HttpServer2.java:addFilter(958)) - Added filter static_user_filter (class=org.apache.hadoop.http.lib.StaticUserWebFilter$StaticUserFilter) to context logs
2019-09-12 11:49:45,506 [main] INFO  http.HttpServer2 (HttpServer2.java:addFilter(958)) - Added filter static_user_filter (class=org.apache.hadoop.http.lib.StaticUserWebFilter$StaticUserFilter) to context static
2019-09-12 11:49:45,706 [main] INFO  http.HttpServer2 (HttpServer2.java:bindListener(1191)) - Jetty bound to port 37662
2019-09-12 11:49:45,706 [main] INFO  server.Server (Server.java:doStart(351)) - jetty-9.3.24.v20180605, build timestamp: 2018-06-05T17:11:56Z, git hash: 84205aa28f11a4f31f2a3b86d1bba2cc8ab69827
2019-09-12 11:49:45,709 [main] INFO  handler.ContextHandler (ContextHandler.java:doStart(781)) - Started o.e.j.s.ServletContextHandler@782168b7{/logs,file:///workdir/hadoop-ozone/tools/target/log,AVAILABLE}
2019-09-12 11:49:45,714 [main] INFO  handler.ContextHandler (ContextHandler.java:doStart(781)) - Started o.e.j.s.ServletContextHandler@7435a578{/static,jar:file:/home/user/.m2/repository/org/apache/hadoop/hadoop-ozone-ozone-manager/0.5.0-SNAPSHOT/hadoop-ozone-ozone-manager-0.5.0-SNAPSHOT.jar!/webapps/static,AVAILABLE}
2019-09-12 11:49:45,776 [main] INFO  handler.ContextHandler (ContextHandler.java:doStart(781)) - Started o.e.j.w.WebAppContext@10876a6{/,file:///tmp/jetty-0.0.0.0-37662-ozoneManager-_-any-1068494079066160630.dir/webapp/,AVAILABLE}{/ozoneManager}
2019-09-12 11:49:45,777 [main] INFO  server.AbstractConnector (AbstractConnector.java:doStart(278)) - Started ServerConnector@71870da7{HTTP/1.1,[http/1.1]}{0.0.0.0:37662}
2019-09-12 11:49:45,777 [main] INFO  server.Server (Server.java:doStart(419)) - Started @5025ms
2019-09-12 11:49:45,779 [main] INFO  server.BaseHttpServer (BaseHttpServer.java:updateConnectorAddress(213)) - HTTP server of OZONEMANAGER is listening at http://0.0.0.0:37662
2019-09-12 11:49:45,944 [main] INFO  impl.MetricsSystemImpl (MetricsSystemImpl.java:init(158)) - HddsDatanode metrics system started (again)
2019-09-12 11:49:46,062 [main] INFO  ozone.HddsDatanodeService (HddsDatanodeService.java:start(184)) - HddsDatanodeService host:pr-hdds-1569-58hkm-1881083799 ip:192.168.36.114
2019-09-12 11:49:46,103 [main] INFO  volume.HddsVolume (HddsVolume.java:<init>(176)) - Creating Volume: /workdir/hadoop-ozone/tools/target/test-dir/MiniOzoneClusterImpl-48448ead-6be7-4ea0-abfc-19da8f63b657/datanode-0/data/containers/hdds of  storage type : DISK and capacity : 1482555576320
2019-09-12 11:49:46,106 [main] INFO  volume.VolumeSet (VolumeSet.java:initializeVolumeSet(170)) - Added Volume : /workdir/hadoop-ozone/tools/target/test-dir/MiniOzoneClusterImpl-48448ead-6be7-4ea0-abfc-19da8f63b657/datanode-0/data/containers/hdds to VolumeSet
2019-09-12 11:49:46,111 [main] INFO  volume.ThrottledAsyncChecker (ThrottledAsyncChecker.java:schedule(140)) - Scheduling a check for org.apache.hadoop.ozone.container.common.volume.HddsVolume@ce9b9a9
2019-09-12 11:49:46,139 [main] INFO  volume.HddsVolumeChecker (HddsVolumeChecker.java:checkAllVolumes(203)) - Scheduled health check for volume org.apache.hadoop.ozone.container.common.volume.HddsVolume@ce9b9a9
2019-09-12 11:49:46,266 [main] INFO  impl.RaftServerProxy (ConfUtils.java:logGet(43)) - raft.rpc.type = GRPC (default)
2019-09-12 11:49:46,335 [main] INFO  grpc.GrpcFactory (GrpcFactory.java:checkPooledByteBufAllocatorUseCacheForAllThreads(45)) - PERFORMANCE WARNING: useCacheForAllThreads is true that may cause Netty to create a lot garbage objects and, as a result, trigger GC.
	It is recommended to disable useCacheForAllThreads by setting -Dorg.apache.ratis.thirdparty.io.netty.allocator.useCacheForAllThreads=false in command line.
2019-09-12 11:49:46,341 [main] INFO  grpc.GrpcConfigKeys$Server (ConfUtils.java:logGet(43)) - raft.grpc.server.port = 0 (default)
2019-09-12 11:49:46,342 [main] INFO  server.GrpcService (ConfUtils.java:logGet(43)) - raft.grpc.message.size.max = 33570816 (custom)
2019-09-12 11:49:46,343 [main] INFO  server.RaftServerConfigKeys (ConfUtils.java:logGet(43)) - raft.server.log.appender.buffer.byte-limit = 33554432 (custom)
2019-09-12 11:49:46,344 [main] INFO  server.GrpcService (ConfUtils.java:logGet(43)) - raft.grpc.flow.control.window = 1MB (=1048576) (default)
2019-09-12 11:49:46,345 [main] INFO  server.RaftServerConfigKeys (ConfUtils.java:logGet(43)) - raft.server.rpc.request.timeout = 3000ms (default)
2019-09-12 11:49:46,508 [main] INFO  server.RaftServerConfigKeys (ConfUtils.java:logGet(43)) - raft.server.storage.dir = [/workdir/hadoop-ozone/tools/target/test-dir/MiniOzoneClusterImpl-48448ead-6be7-4ea0-abfc-19da8f63b657/datanode-0/data/ratis] (custom)
2019-09-12 11:49:46,545 [main] INFO  replication.SimpleContainerDownloader (SimpleContainerDownloader.java:<init>(72)) - Starting container downloader service to copy containers to replicate.
2019-09-12 11:49:46,558 [main] INFO  hdfs.DFSUtil (DFSUtil.java:httpServerTemplateForNNAndJN(1641)) - Starting Web-server for hddsDatanode at: http://0.0.0.0:0
2019-09-12 11:49:46,562 [main] INFO  server.AuthenticationFilter (AuthenticationFilter.java:constructSecretProvider(240)) - Unable to initialize FileSignerSecretProvider, falling back to use random secrets.
2019-09-12 11:49:46,563 [main] WARN  http.HttpRequestLog (HttpRequestLog.java:getRequestLog(97)) - Jetty request log can only be enabled using Log4j
2019-09-12 11:49:46,565 [main] INFO  http.HttpServer2 (HttpServer2.java:addGlobalFilter(975)) - Added global filter 'safety' (class=org.apache.hadoop.http.HttpServer2$QuotingInputFilter)
2019-09-12 11:49:46,567 [main] INFO  http.HttpServer2 (HttpServer2.java:addFilter(948)) - Added filter static_user_filter (class=org.apache.hadoop.http.lib.StaticUserWebFilter$StaticUserFilter) to context hddsDatanode
2019-09-12 11:49:46,567 [main] INFO  http.HttpServer2 (HttpServer2.java:addFilter(958)) - Added filter static_user_filter (class=org.apache.hadoop.http.lib.StaticUserWebFilter$StaticUserFilter) to context logs
2019-09-12 11:49:46,567 [main] INFO  http.HttpServer2 (HttpServer2.java:addFilter(958)) - Added filter static_user_filter (class=org.apache.hadoop.http.lib.StaticUserWebFilter$StaticUserFilter) to context static
2019-09-12 11:49:46,569 [main] INFO  http.HttpServer2 (HttpServer2.java:bindListener(1191)) - Jetty bound to port 44497
2019-09-12 11:49:46,569 [main] INFO  server.Server (Server.java:doStart(351)) - jetty-9.3.24.v20180605, build timestamp: 2018-06-05T17:11:56Z, git hash: 84205aa28f11a4f31f2a3b86d1bba2cc8ab69827
2019-09-12 11:49:46,572 [main] INFO  handler.ContextHandler (ContextHandler.java:doStart(781)) - Started o.e.j.s.ServletContextHandler@75d982d3{/logs,file:///workdir/hadoop-ozone/tools/target/log,AVAILABLE}
2019-09-12 11:49:46,573 [main] INFO  handler.ContextHandler (ContextHandler.java:doStart(781)) - Started o.e.j.s.ServletContextHandler@618ff5c2{/static,jar:file:/home/user/.m2/repository/org/apache/hadoop/hadoop-hdds-container-service/0.5.0-SNAPSHOT/hadoop-hdds-container-service-0.5.0-SNAPSHOT.jar!/webapps/static,AVAILABLE}
2019-09-12 11:49:46,613 [main] INFO  handler.ContextHandler (ContextHandler.java:doStart(781)) - Started o.e.j.w.WebAppContext@74ea46e2{/,file:///tmp/jetty-0.0.0.0-44497-hddsDatanode-_-any-4174122607882660396.dir/webapp/,AVAILABLE}{/hddsDatanode}
2019-09-12 11:49:46,614 [main] INFO  server.AbstractConnector (AbstractConnector.java:doStart(278)) - Started ServerConnector@6f911326{HTTP/1.1,[http/1.1]}{0.0.0.0:44497}
2019-09-12 11:49:46,615 [main] INFO  server.Server (Server.java:doStart(419)) - Started @5862ms
2019-09-12 11:49:46,617 [main] INFO  server.BaseHttpServer (BaseHttpServer.java:updateConnectorAddress(213)) - HTTP server of HDDSDATANODE is listening at http://0.0.0.0:44497
2019-09-12 11:49:47,785 | INFO  | ObjectStoreRestHttpServer | Listening HDDS REST traffic on /0.0.0.0:43384 |  
2019-09-12 11:49:47,787 [main] INFO  ozone.HddsDatanodeService (HddsDatanodeService.java:startPlugins(395)) - Started plug-in org.apache.hadoop.ozone.web.OzoneHddsDatanodeService@184823ed
2019-09-12 11:49:47,789 [main] INFO  impl.MetricsSystemImpl (MetricsSystemImpl.java:init(158)) - HddsDatanode metrics system started (again)
2019-09-12 11:49:47,793 [main] INFO  ozone.HddsDatanodeService (HddsDatanodeService.java:start(184)) - HddsDatanodeService host:pr-hdds-1569-58hkm-1881083799 ip:192.168.36.114
2019-09-12 11:49:47,797 [org.apache.hadoop.util.JvmPauseMonitor$Monitor@39fb711e] INFO  util.JvmPauseMonitor (JvmPauseMonitor.java:run(188)) - Starting JVM pause monitor
2019-09-12 11:49:47,801 [main] INFO  volume.HddsVolume (HddsVolume.java:<init>(176)) - Creating Volume: /workdir/hadoop-ozone/tools/target/test-dir/MiniOzoneClusterImpl-48448ead-6be7-4ea0-abfc-19da8f63b657/datanode-1/data/containers/hdds of  storage type : DISK and capacity : 1482555576320
2019-09-12 11:49:47,802 [main] INFO  volume.VolumeSet (VolumeSet.java:initializeVolumeSet(170)) - Added Volume : /workdir/hadoop-ozone/tools/target/test-dir/MiniOzoneClusterImpl-48448ead-6be7-4ea0-abfc-19da8f63b657/datanode-1/data/containers/hdds to VolumeSet
2019-09-12 11:49:47,803 [main] INFO  volume.ThrottledAsyncChecker (ThrottledAsyncChecker.java:schedule(140)) - Scheduling a check for org.apache.hadoop.ozone.container.common.volume.HddsVolume@52b959df
2019-09-12 11:49:47,803 [main] INFO  volume.HddsVolumeChecker (HddsVolumeChecker.java:checkAllVolumes(203)) - Scheduled health check for volume org.apache.hadoop.ozone.container.common.volume.HddsVolume@52b959df
2019-09-12 11:49:47,826 [main] INFO  impl.RaftServerProxy (ConfUtils.java:logGet(43)) - raft.rpc.type = GRPC (default)
2019-09-12 11:49:47,826 [main] INFO  grpc.GrpcFactory (GrpcFactory.java:checkPooledByteBufAllocatorUseCacheForAllThreads(45)) - PERFORMANCE WARNING: useCacheForAllThreads is true that may cause Netty to create a lot garbage objects and, as a result, trigger GC.
	It is recommended to disable useCacheForAllThreads by setting -Dorg.apache.ratis.thirdparty.io.netty.allocator.useCacheForAllThreads=false in command line.
2019-09-12 11:49:47,826 [main] INFO  grpc.GrpcConfigKeys$Server (ConfUtils.java:logGet(43)) - raft.grpc.server.port = 0 (default)
2019-09-12 11:49:47,826 [main] INFO  server.GrpcService (ConfUtils.java:logGet(43)) - raft.grpc.message.size.max = 33570816 (custom)
2019-09-12 11:49:47,827 [main] INFO  server.RaftServerConfigKeys (ConfUtils.java:logGet(43)) - raft.server.log.appender.buffer.byte-limit = 33554432 (custom)
2019-09-12 11:49:47,827 [main] INFO  server.GrpcService (ConfUtils.java:logGet(43)) - raft.grpc.flow.control.window = 1MB (=1048576) (default)
2019-09-12 11:49:47,827 [main] INFO  server.RaftServerConfigKeys (ConfUtils.java:logGet(43)) - raft.server.rpc.request.timeout = 3000ms (default)
2019-09-12 11:49:47,828 [main] INFO  server.RaftServerConfigKeys (ConfUtils.java:logGet(43)) - raft.server.storage.dir = [/workdir/hadoop-ozone/tools/target/test-dir/MiniOzoneClusterImpl-48448ead-6be7-4ea0-abfc-19da8f63b657/datanode-1/data/ratis] (custom)
2019-09-12 11:49:47,828 [main] INFO  replication.SimpleContainerDownloader (SimpleContainerDownloader.java:<init>(72)) - Starting container downloader service to copy containers to replicate.
2019-09-12 11:49:47,829 [main] INFO  hdfs.DFSUtil (DFSUtil.java:httpServerTemplateForNNAndJN(1641)) - Starting Web-server for hddsDatanode at: http://0.0.0.0:0
2019-09-12 11:49:47,831 [main] INFO  server.AuthenticationFilter (AuthenticationFilter.java:constructSecretProvider(240)) - Unable to initialize FileSignerSecretProvider, falling back to use random secrets.
2019-09-12 11:49:47,832 [main] WARN  http.HttpRequestLog (HttpRequestLog.java:getRequestLog(97)) - Jetty request log can only be enabled using Log4j
2019-09-12 11:49:47,833 [main] INFO  http.HttpServer2 (HttpServer2.java:addGlobalFilter(975)) - Added global filter 'safety' (class=org.apache.hadoop.http.HttpServer2$QuotingInputFilter)
2019-09-12 11:49:47,834 [main] INFO  http.HttpServer2 (HttpServer2.java:addFilter(948)) - Added filter static_user_filter (class=org.apache.hadoop.http.lib.StaticUserWebFilter$StaticUserFilter) to context hddsDatanode
2019-09-12 11:49:47,834 [main] INFO  http.HttpServer2 (HttpServer2.java:addFilter(958)) - Added filter static_user_filter (class=org.apache.hadoop.http.lib.StaticUserWebFilter$StaticUserFilter) to context static
2019-09-12 11:49:47,834 [main] INFO  http.HttpServer2 (HttpServer2.java:addFilter(958)) - Added filter static_user_filter (class=org.apache.hadoop.http.lib.StaticUserWebFilter$StaticUserFilter) to context logs
2019-09-12 11:49:47,835 [main] INFO  http.HttpServer2 (HttpServer2.java:bindListener(1191)) - Jetty bound to port 41540
2019-09-12 11:49:47,835 [main] INFO  server.Server (Server.java:doStart(351)) - jetty-9.3.24.v20180605, build timestamp: 2018-06-05T17:11:56Z, git hash: 84205aa28f11a4f31f2a3b86d1bba2cc8ab69827
2019-09-12 11:49:47,838 [main] INFO  handler.ContextHandler (ContextHandler.java:doStart(781)) - Started o.e.j.s.ServletContextHandler@631c6d11{/logs,file:///workdir/hadoop-ozone/tools/target/log,AVAILABLE}
2019-09-12 11:49:47,839 [main] INFO  handler.ContextHandler (ContextHandler.java:doStart(781)) - Started o.e.j.s.ServletContextHandler@62ade015{/static,jar:file:/home/user/.m2/repository/org/apache/hadoop/hadoop-hdds-container-service/0.5.0-SNAPSHOT/hadoop-hdds-container-service-0.5.0-SNAPSHOT.jar!/webapps/static,AVAILABLE}
2019-09-12 11:49:47,866 [main] INFO  handler.ContextHandler (ContextHandler.java:doStart(781)) - Started o.e.j.w.WebAppContext@7197b07f{/,file:///tmp/jetty-0.0.0.0-41540-hddsDatanode-_-any-334347363840264072.dir/webapp/,AVAILABLE}{/hddsDatanode}
2019-09-12 11:49:47,867 [main] INFO  server.AbstractConnector (AbstractConnector.java:doStart(278)) - Started ServerConnector@1f10fec6{HTTP/1.1,[http/1.1]}{0.0.0.0:41540}
2019-09-12 11:49:47,868 [main] INFO  server.Server (Server.java:doStart(419)) - Started @7115ms
2019-09-12 11:49:47,870 [main] INFO  server.BaseHttpServer (BaseHttpServer.java:updateConnectorAddress(213)) - HTTP server of HDDSDATANODE is listening at http://0.0.0.0:41540
2019-09-12 11:49:47,908 [Datanode State Machine Thread - 0] INFO  datanode.InitDatanodeState (InitDatanodeState.java:persistContainerDatanodeDetails(140)) - DatanodeDetails is persisted to /workdir/hadoop-ozone/tools/target/test-dir/MiniOzoneClusterImpl-48448ead-6be7-4ea0-abfc-19da8f63b657/datanode-0/meta/datanode.id
2019-09-12 11:49:48,060 | INFO  | ObjectStoreRestHttpServer | Listening HDDS REST traffic on /0.0.0.0:34936 |  
2019-09-12 11:49:48,060 [main] INFO  ozone.HddsDatanodeService (HddsDatanodeService.java:startPlugins(395)) - Started plug-in org.apache.hadoop.ozone.web.OzoneHddsDatanodeService@39ab5ef7
2019-09-12 11:49:48,061 [main] INFO  impl.MetricsSystemImpl (MetricsSystemImpl.java:init(158)) - HddsDatanode metrics system started (again)
2019-09-12 11:49:48,064 [org.apache.hadoop.util.JvmPauseMonitor$Monitor@7d733d9b] INFO  util.JvmPauseMonitor (JvmPauseMonitor.java:run(188)) - Starting JVM pause monitor
2019-09-12 11:49:48,064 [main] INFO  ozone.HddsDatanodeService (HddsDatanodeService.java:start(184)) - HddsDatanodeService host:pr-hdds-1569-58hkm-1881083799 ip:192.168.36.114
2019-09-12 11:49:48,070 [Datanode State Machine Thread - 0] INFO  datanode.InitDatanodeState (InitDatanodeState.java:persistContainerDatanodeDetails(140)) - DatanodeDetails is persisted to /workdir/hadoop-ozone/tools/target/test-dir/MiniOzoneClusterImpl-48448ead-6be7-4ea0-abfc-19da8f63b657/datanode-1/meta/datanode.id
2019-09-12 11:49:48,076 [main] INFO  volume.HddsVolume (HddsVolume.java:<init>(176)) - Creating Volume: /workdir/hadoop-ozone/tools/target/test-dir/MiniOzoneClusterImpl-48448ead-6be7-4ea0-abfc-19da8f63b657/datanode-2/data/containers/hdds of  storage type : DISK and capacity : 1482555576320
2019-09-12 11:49:48,078 [main] INFO  volume.VolumeSet (VolumeSet.java:initializeVolumeSet(170)) - Added Volume : /workdir/hadoop-ozone/tools/target/test-dir/MiniOzoneClusterImpl-48448ead-6be7-4ea0-abfc-19da8f63b657/datanode-2/data/containers/hdds to VolumeSet
2019-09-12 11:49:48,078 [main] INFO  volume.ThrottledAsyncChecker (ThrottledAsyncChecker.java:schedule(140)) - Scheduling a check for org.apache.hadoop.ozone.container.common.volume.HddsVolume@265c1a7c
2019-09-12 11:49:48,079 [main] INFO  volume.HddsVolumeChecker (HddsVolumeChecker.java:checkAllVolumes(203)) - Scheduled health check for volume org.apache.hadoop.ozone.container.common.volume.HddsVolume@265c1a7c
2019-09-12 11:49:48,097 [main] INFO  impl.RaftServerProxy (ConfUtils.java:logGet(43)) - raft.rpc.type = GRPC (default)
2019-09-12 11:49:48,097 [main] INFO  grpc.GrpcFactory (GrpcFactory.java:checkPooledByteBufAllocatorUseCacheForAllThreads(45)) - PERFORMANCE WARNING: useCacheForAllThreads is true that may cause Netty to create a lot garbage objects and, as a result, trigger GC.
	It is recommended to disable useCacheForAllThreads by setting -Dorg.apache.ratis.thirdparty.io.netty.allocator.useCacheForAllThreads=false in command line.
2019-09-12 11:49:48,097 [main] INFO  grpc.GrpcConfigKeys$Server (ConfUtils.java:logGet(43)) - raft.grpc.server.port = 0 (default)
2019-09-12 11:49:48,097 [main] INFO  server.GrpcService (ConfUtils.java:logGet(43)) - raft.grpc.message.size.max = 33570816 (custom)
2019-09-12 11:49:48,098 [main] INFO  server.RaftServerConfigKeys (ConfUtils.java:logGet(43)) - raft.server.log.appender.buffer.byte-limit = 33554432 (custom)
2019-09-12 11:49:48,098 [main] INFO  server.GrpcService (ConfUtils.java:logGet(43)) - raft.grpc.flow.control.window = 1MB (=1048576) (default)
2019-09-12 11:49:48,098 [main] INFO  server.RaftServerConfigKeys (ConfUtils.java:logGet(43)) - raft.server.rpc.request.timeout = 3000ms (default)
2019-09-12 11:49:48,099 [main] INFO  server.RaftServerConfigKeys (ConfUtils.java:logGet(43)) - raft.server.storage.dir = [/workdir/hadoop-ozone/tools/target/test-dir/MiniOzoneClusterImpl-48448ead-6be7-4ea0-abfc-19da8f63b657/datanode-2/data/ratis] (custom)
2019-09-12 11:49:48,100 [main] INFO  replication.SimpleContainerDownloader (SimpleContainerDownloader.java:<init>(72)) - Starting container downloader service to copy containers to replicate.
2019-09-12 11:49:48,101 [main] INFO  hdfs.DFSUtil (DFSUtil.java:httpServerTemplateForNNAndJN(1641)) - Starting Web-server for hddsDatanode at: http://0.0.0.0:0
2019-09-12 11:49:48,102 [main] INFO  server.AuthenticationFilter (AuthenticationFilter.java:constructSecretProvider(240)) - Unable to initialize FileSignerSecretProvider, falling back to use random secrets.
2019-09-12 11:49:48,103 [main] WARN  http.HttpRequestLog (HttpRequestLog.java:getRequestLog(97)) - Jetty request log can only be enabled using Log4j
2019-09-12 11:49:48,104 [main] INFO  http.HttpServer2 (HttpServer2.java:addGlobalFilter(975)) - Added global filter 'safety' (class=org.apache.hadoop.http.HttpServer2$QuotingInputFilter)
2019-09-12 11:49:48,105 [main] INFO  http.HttpServer2 (HttpServer2.java:addFilter(948)) - Added filter static_user_filter (class=org.apache.hadoop.http.lib.StaticUserWebFilter$StaticUserFilter) to context hddsDatanode
2019-09-12 11:49:48,105 [main] INFO  http.HttpServer2 (HttpServer2.java:addFilter(958)) - Added filter static_user_filter (class=org.apache.hadoop.http.lib.StaticUserWebFilter$StaticUserFilter) to context logs
2019-09-12 11:49:48,105 [main] INFO  http.HttpServer2 (HttpServer2.java:addFilter(958)) - Added filter static_user_filter (class=org.apache.hadoop.http.lib.StaticUserWebFilter$StaticUserFilter) to context static
2019-09-12 11:49:48,106 [main] INFO  http.HttpServer2 (HttpServer2.java:bindListener(1191)) - Jetty bound to port 44839
2019-09-12 11:49:48,106 [main] INFO  server.Server (Server.java:doStart(351)) - jetty-9.3.24.v20180605, build timestamp: 2018-06-05T17:11:56Z, git hash: 84205aa28f11a4f31f2a3b86d1bba2cc8ab69827
2019-09-12 11:49:48,108 [main] INFO  handler.ContextHandler (ContextHandler.java:doStart(781)) - Started o.e.j.s.ServletContextHandler@7aea704c{/logs,file:///workdir/hadoop-ozone/tools/target/log,AVAILABLE}
2019-09-12 11:49:48,109 [main] INFO  handler.ContextHandler (ContextHandler.java:doStart(781)) - Started o.e.j.s.ServletContextHandler@32507479{/static,jar:file:/home/user/.m2/repository/org/apache/hadoop/hadoop-hdds-container-service/0.5.0-SNAPSHOT/hadoop-hdds-container-service-0.5.0-SNAPSHOT.jar!/webapps/static,AVAILABLE}
2019-09-12 11:49:48,137 [main] INFO  handler.ContextHandler (ContextHandler.java:doStart(781)) - Started o.e.j.w.WebAppContext@42fc4ac4{/,file:///tmp/jetty-0.0.0.0-44839-hddsDatanode-_-any-1136636214139163915.dir/webapp/,AVAILABLE}{/hddsDatanode}
2019-09-12 11:49:48,138 [main] INFO  server.AbstractConnector (AbstractConnector.java:doStart(278)) - Started ServerConnector@20a24edf{HTTP/1.1,[http/1.1]}{0.0.0.0:44839}
2019-09-12 11:49:48,138 [main] INFO  server.Server (Server.java:doStart(419)) - Started @7386ms
2019-09-12 11:49:48,139 [main] INFO  server.BaseHttpServer (BaseHttpServer.java:updateConnectorAddress(213)) - HTTP server of HDDSDATANODE is listening at http://0.0.0.0:44839
2019-09-12 11:49:48,302 | INFO  | ObjectStoreRestHttpServer | Listening HDDS REST traffic on /0.0.0.0:45030 |  
2019-09-12 11:49:48,302 [main] INFO  ozone.HddsDatanodeService (HddsDatanodeService.java:startPlugins(395)) - Started plug-in org.apache.hadoop.ozone.web.OzoneHddsDatanodeService@7b96de8d
2019-09-12 11:49:48,303 [main] INFO  impl.MetricsSystemImpl (MetricsSystemImpl.java:init(158)) - HddsDatanode metrics system started (again)
2019-09-12 11:49:48,306 [main] INFO  ozone.HddsDatanodeService (HddsDatanodeService.java:start(184)) - HddsDatanodeService host:pr-hdds-1569-58hkm-1881083799 ip:192.168.36.114
2019-09-12 11:49:48,306 [org.apache.hadoop.util.JvmPauseMonitor$Monitor@573294ca] INFO  util.JvmPauseMonitor (JvmPauseMonitor.java:run(188)) - Starting JVM pause monitor
2019-09-12 11:49:48,310 [Datanode State Machine Thread - 0] INFO  datanode.InitDatanodeState (InitDatanodeState.java:persistContainerDatanodeDetails(140)) - DatanodeDetails is persisted to /workdir/hadoop-ozone/tools/target/test-dir/MiniOzoneClusterImpl-48448ead-6be7-4ea0-abfc-19da8f63b657/datanode-2/meta/datanode.id
2019-09-12 11:49:48,313 [main] INFO  volume.HddsVolume (HddsVolume.java:<init>(176)) - Creating Volume: /workdir/hadoop-ozone/tools/target/test-dir/MiniOzoneClusterImpl-48448ead-6be7-4ea0-abfc-19da8f63b657/datanode-3/data/containers/hdds of  storage type : DISK and capacity : 1482555576320
2019-09-12 11:49:48,313 [main] INFO  volume.VolumeSet (VolumeSet.java:initializeVolumeSet(170)) - Added Volume : /workdir/hadoop-ozone/tools/target/test-dir/MiniOzoneClusterImpl-48448ead-6be7-4ea0-abfc-19da8f63b657/datanode-3/data/containers/hdds to VolumeSet
2019-09-12 11:49:48,314 [main] INFO  volume.ThrottledAsyncChecker (ThrottledAsyncChecker.java:schedule(140)) - Scheduling a check for org.apache.hadoop.ozone.container.common.volume.HddsVolume@2e6d76ba
2019-09-12 11:49:48,314 [main] INFO  volume.HddsVolumeChecker (HddsVolumeChecker.java:checkAllVolumes(203)) - Scheduled health check for volume org.apache.hadoop.ozone.container.common.volume.HddsVolume@2e6d76ba
2019-09-12 11:49:48,331 [main] INFO  impl.RaftServerProxy (ConfUtils.java:logGet(43)) - raft.rpc.type = GRPC (default)
2019-09-12 11:49:48,331 [main] INFO  grpc.GrpcFactory (GrpcFactory.java:checkPooledByteBufAllocatorUseCacheForAllThreads(45)) - PERFORMANCE WARNING: useCacheForAllThreads is true that may cause Netty to create a lot garbage objects and, as a result, trigger GC.
	It is recommended to disable useCacheForAllThreads by setting -Dorg.apache.ratis.thirdparty.io.netty.allocator.useCacheForAllThreads=false in command line.
2019-09-12 11:49:48,331 [main] INFO  grpc.GrpcConfigKeys$Server (ConfUtils.java:logGet(43)) - raft.grpc.server.port = 0 (default)
2019-09-12 11:49:48,331 [main] INFO  server.GrpcService (ConfUtils.java:logGet(43)) - raft.grpc.message.size.max = 33570816 (custom)
2019-09-12 11:49:48,332 [main] INFO  server.RaftServerConfigKeys (ConfUtils.java:logGet(43)) - raft.server.log.appender.buffer.byte-limit = 33554432 (custom)
2019-09-12 11:49:48,332 [main] INFO  server.GrpcService (ConfUtils.java:logGet(43)) - raft.grpc.flow.control.window = 1MB (=1048576) (default)
2019-09-12 11:49:48,332 [main] INFO  server.RaftServerConfigKeys (ConfUtils.java:logGet(43)) - raft.server.rpc.request.timeout = 3000ms (default)
2019-09-12 11:49:48,333 [main] INFO  server.RaftServerConfigKeys (ConfUtils.java:logGet(43)) - raft.server.storage.dir = [/workdir/hadoop-ozone/tools/target/test-dir/MiniOzoneClusterImpl-48448ead-6be7-4ea0-abfc-19da8f63b657/datanode-3/data/ratis] (custom)
2019-09-12 11:49:48,333 [main] INFO  replication.SimpleContainerDownloader (SimpleContainerDownloader.java:<init>(72)) - Starting container downloader service to copy containers to replicate.
2019-09-12 11:49:48,334 [main] INFO  hdfs.DFSUtil (DFSUtil.java:httpServerTemplateForNNAndJN(1641)) - Starting Web-server for hddsDatanode at: http://0.0.0.0:0
2019-09-12 11:49:48,336 [main] INFO  server.AuthenticationFilter (AuthenticationFilter.java:constructSecretProvider(240)) - Unable to initialize FileSignerSecretProvider, falling back to use random secrets.
2019-09-12 11:49:48,336 [main] WARN  http.HttpRequestLog (HttpRequestLog.java:getRequestLog(97)) - Jetty request log can only be enabled using Log4j
2019-09-12 11:49:48,338 [main] INFO  http.HttpServer2 (HttpServer2.java:addGlobalFilter(975)) - Added global filter 'safety' (class=org.apache.hadoop.http.HttpServer2$QuotingInputFilter)
2019-09-12 11:49:48,340 [main] INFO  http.HttpServer2 (HttpServer2.java:addFilter(948)) - Added filter static_user_filter (class=org.apache.hadoop.http.lib.StaticUserWebFilter$StaticUserFilter) to context hddsDatanode
2019-09-12 11:49:48,340 [main] INFO  http.HttpServer2 (HttpServer2.java:addFilter(958)) - Added filter static_user_filter (class=org.apache.hadoop.http.lib.StaticUserWebFilter$StaticUserFilter) to context logs
2019-09-12 11:49:48,341 [main] INFO  http.HttpServer2 (HttpServer2.java:addFilter(958)) - Added filter static_user_filter (class=org.apache.hadoop.http.lib.StaticUserWebFilter$StaticUserFilter) to context static
2019-09-12 11:49:48,342 [main] INFO  http.HttpServer2 (HttpServer2.java:bindListener(1191)) - Jetty bound to port 46066
2019-09-12 11:49:48,342 [main] INFO  server.Server (Server.java:doStart(351)) - jetty-9.3.24.v20180605, build timestamp: 2018-06-05T17:11:56Z, git hash: 84205aa28f11a4f31f2a3b86d1bba2cc8ab69827
2019-09-12 11:49:48,346 [main] INFO  handler.ContextHandler (ContextHandler.java:doStart(781)) - Started o.e.j.s.ServletContextHandler@5c8d58ed{/logs,file:///workdir/hadoop-ozone/tools/target/log,AVAILABLE}
2019-09-12 11:49:48,346 [main] INFO  handler.ContextHandler (ContextHandler.java:doStart(781)) - Started o.e.j.s.ServletContextHandler@28be7fec{/static,jar:file:/home/user/.m2/repository/org/apache/hadoop/hadoop-hdds-container-service/0.5.0-SNAPSHOT/hadoop-hdds-container-service-0.5.0-SNAPSHOT.jar!/webapps/static,AVAILABLE}
2019-09-12 11:49:48,384 [main] INFO  handler.ContextHandler (ContextHandler.java:doStart(781)) - Started o.e.j.w.WebAppContext@61359e87{/,file:///tmp/jetty-0.0.0.0-46066-hddsDatanode-_-any-1139067820073087998.dir/webapp/,AVAILABLE}{/hddsDatanode}
2019-09-12 11:49:48,385 [main] INFO  server.AbstractConnector (AbstractConnector.java:doStart(278)) - Started ServerConnector@2dc39b53{HTTP/1.1,[http/1.1]}{0.0.0.0:46066}
2019-09-12 11:49:48,386 [main] INFO  server.Server (Server.java:doStart(419)) - Started @7633ms
2019-09-12 11:49:48,387 [main] INFO  server.BaseHttpServer (BaseHttpServer.java:updateConnectorAddress(213)) - HTTP server of HDDSDATANODE is listening at http://0.0.0.0:46066
2019-09-12 11:49:48,539 | INFO  | ObjectStoreRestHttpServer | Listening HDDS REST traffic on /0.0.0.0:43963 |  
2019-09-12 11:49:48,539 [main] INFO  ozone.HddsDatanodeService (HddsDatanodeService.java:startPlugins(395)) - Started plug-in org.apache.hadoop.ozone.web.OzoneHddsDatanodeService@6885ed19
2019-09-12 11:49:48,540 [main] INFO  impl.MetricsSystemImpl (MetricsSystemImpl.java:init(158)) - HddsDatanode metrics system started (again)
2019-09-12 11:49:48,542 [org.apache.hadoop.util.JvmPauseMonitor$Monitor@6d31f772] INFO  util.JvmPauseMonitor (JvmPauseMonitor.java:run(188)) - Starting JVM pause monitor
2019-09-12 11:49:48,543 [main] INFO  ozone.HddsDatanodeService (HddsDatanodeService.java:start(184)) - HddsDatanodeService host:pr-hdds-1569-58hkm-1881083799 ip:192.168.36.114
2019-09-12 11:49:48,544 [Datanode State Machine Thread - 0] INFO  datanode.InitDatanodeState (InitDatanodeState.java:persistContainerDatanodeDetails(140)) - DatanodeDetails is persisted to /workdir/hadoop-ozone/tools/target/test-dir/MiniOzoneClusterImpl-48448ead-6be7-4ea0-abfc-19da8f63b657/datanode-3/meta/datanode.id
2019-09-12 11:49:48,549 [main] INFO  volume.HddsVolume (HddsVolume.java:<init>(176)) - Creating Volume: /workdir/hadoop-ozone/tools/target/test-dir/MiniOzoneClusterImpl-48448ead-6be7-4ea0-abfc-19da8f63b657/datanode-4/data/containers/hdds of  storage type : DISK and capacity : 1482555576320
2019-09-12 11:49:48,550 [main] INFO  volume.VolumeSet (VolumeSet.java:initializeVolumeSet(170)) - Added Volume : /workdir/hadoop-ozone/tools/target/test-dir/MiniOzoneClusterImpl-48448ead-6be7-4ea0-abfc-19da8f63b657/datanode-4/data/containers/hdds to VolumeSet
2019-09-12 11:49:48,550 [main] INFO  volume.ThrottledAsyncChecker (ThrottledAsyncChecker.java:schedule(140)) - Scheduling a check for org.apache.hadoop.ozone.container.common.volume.HddsVolume@6aea99e7
2019-09-12 11:49:48,550 [main] INFO  volume.HddsVolumeChecker (HddsVolumeChecker.java:checkAllVolumes(203)) - Scheduled health check for volume org.apache.hadoop.ozone.container.common.volume.HddsVolume@6aea99e7
2019-09-12 11:49:48,566 [main] INFO  impl.RaftServerProxy (ConfUtils.java:logGet(43)) - raft.rpc.type = GRPC (default)
2019-09-12 11:49:48,566 [main] INFO  grpc.GrpcFactory (GrpcFactory.java:checkPooledByteBufAllocatorUseCacheForAllThreads(45)) - PERFORMANCE WARNING: useCacheForAllThreads is true that may cause Netty to create a lot garbage objects and, as a result, trigger GC.
	It is recommended to disable useCacheForAllThreads by setting -Dorg.apache.ratis.thirdparty.io.netty.allocator.useCacheForAllThreads=false in command line.
2019-09-12 11:49:48,566 [main] INFO  grpc.GrpcConfigKeys$Server (ConfUtils.java:logGet(43)) - raft.grpc.server.port = 0 (default)
2019-09-12 11:49:48,567 [main] INFO  server.GrpcService (ConfUtils.java:logGet(43)) - raft.grpc.message.size.max = 33570816 (custom)
2019-09-12 11:49:48,567 [main] INFO  server.RaftServerConfigKeys (ConfUtils.java:logGet(43)) - raft.server.log.appender.buffer.byte-limit = 33554432 (custom)
2019-09-12 11:49:48,567 [main] INFO  server.GrpcService (ConfUtils.java:logGet(43)) - raft.grpc.flow.control.window = 1MB (=1048576) (default)
2019-09-12 11:49:48,567 [main] INFO  server.RaftServerConfigKeys (ConfUtils.java:logGet(43)) - raft.server.rpc.request.timeout = 3000ms (default)
2019-09-12 11:49:48,568 [main] INFO  server.RaftServerConfigKeys (ConfUtils.java:logGet(43)) - raft.server.storage.dir = [/workdir/hadoop-ozone/tools/target/test-dir/MiniOzoneClusterImpl-48448ead-6be7-4ea0-abfc-19da8f63b657/datanode-4/data/ratis] (custom)
2019-09-12 11:49:48,568 [main] INFO  replication.SimpleContainerDownloader (SimpleContainerDownloader.java:<init>(72)) - Starting container downloader service to copy containers to replicate.
2019-09-12 11:49:48,569 [main] INFO  hdfs.DFSUtil (DFSUtil.java:httpServerTemplateForNNAndJN(1641)) - Starting Web-server for hddsDatanode at: http://0.0.0.0:0
2019-09-12 11:49:48,571 [main] INFO  server.AuthenticationFilter (AuthenticationFilter.java:constructSecretProvider(240)) - Unable to initialize FileSignerSecretProvider, falling back to use random secrets.
2019-09-12 11:49:48,571 [main] WARN  http.HttpRequestLog (HttpRequestLog.java:getRequestLog(97)) - Jetty request log can only be enabled using Log4j
2019-09-12 11:49:48,573 [main] INFO  http.HttpServer2 (HttpServer2.java:addGlobalFilter(975)) - Added global filter 'safety' (class=org.apache.hadoop.http.HttpServer2$QuotingInputFilter)
2019-09-12 11:49:48,573 [main] INFO  http.HttpServer2 (HttpServer2.java:addFilter(948)) - Added filter static_user_filter (class=org.apache.hadoop.http.lib.StaticUserWebFilter$StaticUserFilter) to context hddsDatanode
2019-09-12 11:49:48,574 [main] INFO  http.HttpServer2 (HttpServer2.java:addFilter(958)) - Added filter static_user_filter (class=org.apache.hadoop.http.lib.StaticUserWebFilter$StaticUserFilter) to context logs
2019-09-12 11:49:48,574 [main] INFO  http.HttpServer2 (HttpServer2.java:addFilter(958)) - Added filter static_user_filter (class=org.apache.hadoop.http.lib.StaticUserWebFilter$StaticUserFilter) to context static
2019-09-12 11:49:48,574 [main] INFO  http.HttpServer2 (HttpServer2.java:bindListener(1191)) - Jetty bound to port 44891
2019-09-12 11:49:48,575 [main] INFO  server.Server (Server.java:doStart(351)) - jetty-9.3.24.v20180605, build timestamp: 2018-06-05T17:11:56Z, git hash: 84205aa28f11a4f31f2a3b86d1bba2cc8ab69827
2019-09-12 11:49:48,577 [main] INFO  handler.ContextHandler (ContextHandler.java:doStart(781)) - Started o.e.j.s.ServletContextHandler@34c76167{/logs,file:///workdir/hadoop-ozone/tools/target/log,AVAILABLE}
2019-09-12 11:49:48,578 [main] INFO  handler.ContextHandler (ContextHandler.java:doStart(781)) - Started o.e.j.s.ServletContextHandler@78d92eef{/static,jar:file:/home/user/.m2/repository/org/apache/hadoop/hadoop-hdds-container-service/0.5.0-SNAPSHOT/hadoop-hdds-container-service-0.5.0-SNAPSHOT.jar!/webapps/static,AVAILABLE}
2019-09-12 11:49:48,606 [main] INFO  handler.ContextHandler (ContextHandler.java:doStart(781)) - Started o.e.j.w.WebAppContext@147cc940{/,file:///tmp/jetty-0.0.0.0-44891-hddsDatanode-_-any-2315557328621032515.dir/webapp/,AVAILABLE}{/hddsDatanode}
2019-09-12 11:49:48,606 [main] INFO  server.AbstractConnector (AbstractConnector.java:doStart(278)) - Started ServerConnector@755a7218{HTTP/1.1,[http/1.1]}{0.0.0.0:44891}
2019-09-12 11:49:48,608 [main] INFO  server.Server (Server.java:doStart(419)) - Started @7855ms
2019-09-12 11:49:48,608 [main] INFO  server.BaseHttpServer (BaseHttpServer.java:updateConnectorAddress(213)) - HTTP server of HDDSDATANODE is listening at http://0.0.0.0:44891
2019-09-12 11:49:48,757 | INFO  | ObjectStoreRestHttpServer | Listening HDDS REST traffic on /0.0.0.0:43272 |  
2019-09-12 11:49:48,757 [main] INFO  ozone.HddsDatanodeService (HddsDatanodeService.java:startPlugins(395)) - Started plug-in org.apache.hadoop.ozone.web.OzoneHddsDatanodeService@1282e98
2019-09-12 11:49:48,758 [main] INFO  ozone.MiniOzoneClusterImpl (MiniOzoneClusterImpl.java:lambda$waitForClusterToBeReady$0(142)) - Waiting for cluster to be ready. Got 0 of 5 DN Heartbeats.
2019-09-12 11:49:48,760 [org.apache.hadoop.util.JvmPauseMonitor$Monitor@6c908b5a] INFO  util.JvmPauseMonitor (JvmPauseMonitor.java:run(188)) - Starting JVM pause monitor
2019-09-12 11:49:48,762 [Datanode State Machine Thread - 0] INFO  datanode.InitDatanodeState (InitDatanodeState.java:persistContainerDatanodeDetails(140)) - DatanodeDetails is persisted to /workdir/hadoop-ozone/tools/target/test-dir/MiniOzoneClusterImpl-48448ead-6be7-4ea0-abfc-19da8f63b657/datanode-4/meta/datanode.id
2019-09-12 11:49:49,759 [main] INFO  ozone.MiniOzoneClusterImpl (MiniOzoneClusterImpl.java:lambda$waitForClusterToBeReady$0(142)) - Waiting for cluster to be ready. Got 0 of 5 DN Heartbeats.
2019-09-12 11:49:49,831 | INFO  | SCMAudit | user=jenkins1000 | ip=192.168.36.114 | op=GET_VERSION null | ret=SUCCESS |  
2019-09-12 11:49:49,871 [Datanode State Machine Thread - 0] INFO  ozoneimpl.OzoneContainer (OzoneContainer.java:start(186)) - Attempting to start container services.
2019-09-12 11:49:49,873 [Datanode State Machine Thread - 0] INFO  ozoneimpl.OzoneContainer (OzoneContainer.java:startContainerScrub(160)) - Background container scrubber has been disabled by hdds.containerscrub.enabled
2019-09-12 11:49:49,873 [Datanode State Machine Thread - 0] INFO  ratis.XceiverServerRatis (XceiverServerRatis.java:start(404)) - Starting XceiverServerRatis efd2d550-d23b-43a8-a0f9-f6ba5c59f5a4 at port 0
2019-09-12 11:49:49,892 [Datanode State Machine Thread - 0] INFO  impl.RaftServerProxy (RaftServerProxy.java:lambda$start$3(299)) - efd2d550-d23b-43a8-a0f9-f6ba5c59f5a4: start RPC server
2019-09-12 11:49:50,019 [Datanode State Machine Thread - 0] INFO  server.GrpcService (GrpcService.java:startImpl(149)) - efd2d550-d23b-43a8-a0f9-f6ba5c59f5a4: GrpcService started, listening on 0.0.0.0/0.0.0.0:40324
2019-09-12 11:49:50,020 [Datanode State Machine Thread - 0] INFO  ratis.XceiverServerRatis (XceiverServerRatis.java:start(414)) - XceiverServerRatis efd2d550-d23b-43a8-a0f9-f6ba5c59f5a4 is started using port 40324
2019-09-12 11:49:50,023 [Datanode State Machine Thread - 0] INFO  server.XceiverServerGrpc (XceiverServerGrpc.java:start(163)) - XceiverServerGrpc efd2d550-d23b-43a8-a0f9-f6ba5c59f5a4 is started using port 36964
2019-09-12 11:49:50,066 | INFO  | SCMAudit | user=jenkins1000 | ip=192.168.36.114 | op=GET_VERSION null | ret=SUCCESS |  
2019-09-12 11:49:50,081 [Datanode State Machine Thread - 0] INFO  ozoneimpl.OzoneContainer (OzoneContainer.java:start(186)) - Attempting to start container services.
2019-09-12 11:49:50,084 [Datanode State Machine Thread - 0] INFO  ozoneimpl.OzoneContainer (OzoneContainer.java:startContainerScrub(160)) - Background container scrubber has been disabled by hdds.containerscrub.enabled
2019-09-12 11:49:50,084 [Datanode State Machine Thread - 0] INFO  ratis.XceiverServerRatis (XceiverServerRatis.java:start(404)) - Starting XceiverServerRatis da13140e-97ff-4909-b236-e6528747f6c6 at port 0
2019-09-12 11:49:50,093 [Datanode State Machine Thread - 0] INFO  impl.RaftServerProxy (RaftServerProxy.java:lambda$start$3(299)) - da13140e-97ff-4909-b236-e6528747f6c6: start RPC server
2019-09-12 11:49:50,097 [Datanode State Machine Thread - 0] INFO  server.GrpcService (GrpcService.java:startImpl(149)) - da13140e-97ff-4909-b236-e6528747f6c6: GrpcService started, listening on 0.0.0.0/0.0.0.0:44504
2019-09-12 11:49:50,098 [Datanode State Machine Thread - 0] INFO  ratis.XceiverServerRatis (XceiverServerRatis.java:start(414)) - XceiverServerRatis da13140e-97ff-4909-b236-e6528747f6c6 is started using port 44504
2019-09-12 11:49:50,100 [Datanode State Machine Thread - 0] INFO  server.XceiverServerGrpc (XceiverServerGrpc.java:start(163)) - XceiverServerGrpc da13140e-97ff-4909-b236-e6528747f6c6 is started using port 33208
2019-09-12 11:49:50,309 | INFO  | SCMAudit | user=jenkins1000 | ip=192.168.36.114 | op=GET_VERSION null | ret=SUCCESS |  
2019-09-12 11:49:50,333 [Datanode State Machine Thread - 0] INFO  ozoneimpl.OzoneContainer (OzoneContainer.java:start(186)) - Attempting to start container services.
2019-09-12 11:49:50,335 [Datanode State Machine Thread - 0] INFO  ozoneimpl.OzoneContainer (OzoneContainer.java:startContainerScrub(160)) - Background container scrubber has been disabled by hdds.containerscrub.enabled
2019-09-12 11:49:50,335 [Datanode State Machine Thread - 0] INFO  ratis.XceiverServerRatis (XceiverServerRatis.java:start(404)) - Starting XceiverServerRatis a32c3c57-45cd-4630-bd30-a1be9f286e13 at port 0
2019-09-12 11:49:50,406 [Datanode State Machine Thread - 0] INFO  impl.RaftServerProxy (RaftServerProxy.java:lambda$start$3(299)) - a32c3c57-45cd-4630-bd30-a1be9f286e13: start RPC server
2019-09-12 11:49:50,408 [Datanode State Machine Thread - 0] INFO  server.GrpcService (GrpcService.java:startImpl(149)) - a32c3c57-45cd-4630-bd30-a1be9f286e13: GrpcService started, listening on 0.0.0.0/0.0.0.0:41176
2019-09-12 11:49:50,409 [Datanode State Machine Thread - 0] INFO  ratis.XceiverServerRatis (XceiverServerRatis.java:start(414)) - XceiverServerRatis a32c3c57-45cd-4630-bd30-a1be9f286e13 is started using port 41176
2019-09-12 11:49:50,412 [Datanode State Machine Thread - 0] INFO  server.XceiverServerGrpc (XceiverServerGrpc.java:start(163)) - XceiverServerGrpc a32c3c57-45cd-4630-bd30-a1be9f286e13 is started using port 44298
2019-09-12 11:49:50,545 | INFO  | SCMAudit | user=jenkins1000 | ip=192.168.36.114 | op=GET_VERSION null | ret=SUCCESS |  
2019-09-12 11:49:50,559 [Datanode State Machine Thread - 0] INFO  ozoneimpl.OzoneContainer (OzoneContainer.java:start(186)) - Attempting to start container services.
2019-09-12 11:49:50,562 [Datanode State Machine Thread - 0] INFO  ozoneimpl.OzoneContainer (OzoneContainer.java:startContainerScrub(160)) - Background container scrubber has been disabled by hdds.containerscrub.enabled
2019-09-12 11:49:50,562 [Datanode State Machine Thread - 0] INFO  ratis.XceiverServerRatis (XceiverServerRatis.java:start(404)) - Starting XceiverServerRatis 0a8d2c4a-df63-4751-9ec8-74f270f9c7ee at port 0
2019-09-12 11:49:50,570 [Datanode State Machine Thread - 0] INFO  impl.RaftServerProxy (RaftServerProxy.java:lambda$start$3(299)) - 0a8d2c4a-df63-4751-9ec8-74f270f9c7ee: start RPC server
2019-09-12 11:49:50,573 [Datanode State Machine Thread - 0] INFO  server.GrpcService (GrpcService.java:startImpl(149)) - 0a8d2c4a-df63-4751-9ec8-74f270f9c7ee: GrpcService started, listening on 0.0.0.0/0.0.0.0:33571
2019-09-12 11:49:50,573 [Datanode State Machine Thread - 0] INFO  ratis.XceiverServerRatis (XceiverServerRatis.java:start(414)) - XceiverServerRatis 0a8d2c4a-df63-4751-9ec8-74f270f9c7ee is started using port 33571
2019-09-12 11:49:50,575 [Datanode State Machine Thread - 0] INFO  server.XceiverServerGrpc (XceiverServerGrpc.java:start(163)) - XceiverServerGrpc 0a8d2c4a-df63-4751-9ec8-74f270f9c7ee is started using port 46082
2019-09-12 11:49:50,759 [main] INFO  ozone.MiniOzoneClusterImpl (MiniOzoneClusterImpl.java:lambda$waitForClusterToBeReady$0(142)) - Waiting for cluster to be ready. Got 0 of 5 DN Heartbeats.
2019-09-12 11:49:50,763 | INFO  | SCMAudit | user=jenkins1000 | ip=192.168.36.114 | op=GET_VERSION null | ret=SUCCESS |  
2019-09-12 11:49:50,778 [Datanode State Machine Thread - 0] INFO  ozoneimpl.OzoneContainer (OzoneContainer.java:start(186)) - Attempting to start container services.
2019-09-12 11:49:50,784 [Datanode State Machine Thread - 0] INFO  ozoneimpl.OzoneContainer (OzoneContainer.java:startContainerScrub(160)) - Background container scrubber has been disabled by hdds.containerscrub.enabled
2019-09-12 11:49:50,784 [Datanode State Machine Thread - 0] INFO  ratis.XceiverServerRatis (XceiverServerRatis.java:start(404)) - Starting XceiverServerRatis 3adca0c9-7635-4314-8dcd-426c8d10965a at port 0
2019-09-12 11:49:50,793 [Datanode State Machine Thread - 0] INFO  impl.RaftServerProxy (RaftServerProxy.java:lambda$start$3(299)) - 3adca0c9-7635-4314-8dcd-426c8d10965a: start RPC server
2019-09-12 11:49:50,797 [Datanode State Machine Thread - 0] INFO  server.GrpcService (GrpcService.java:startImpl(149)) - 3adca0c9-7635-4314-8dcd-426c8d10965a: GrpcService started, listening on 0.0.0.0/0.0.0.0:44660
2019-09-12 11:49:50,797 [Datanode State Machine Thread - 0] INFO  ratis.XceiverServerRatis (XceiverServerRatis.java:start(414)) - XceiverServerRatis 3adca0c9-7635-4314-8dcd-426c8d10965a is started using port 44660
2019-09-12 11:49:50,801 [Datanode State Machine Thread - 0] INFO  server.XceiverServerGrpc (XceiverServerGrpc.java:start(163)) - XceiverServerGrpc 3adca0c9-7635-4314-8dcd-426c8d10965a is started using port 37972
2019-09-12 11:49:51,760 [main] INFO  ozone.MiniOzoneClusterImpl (MiniOzoneClusterImpl.java:lambda$waitForClusterToBeReady$0(142)) - Waiting for cluster to be ready. Got 0 of 5 DN Heartbeats.
2019-09-12 11:49:51,840 [IPC Server handler 4 on 44101] INFO  net.NetworkTopology (NetworkTopologyImpl.java:add(110)) - Added a new node: /default-rack/efd2d550-d23b-43a8-a0f9-f6ba5c59f5a4
2019-09-12 11:49:51,840 [IPC Server handler 4 on 44101] INFO  node.SCMNodeManager (SCMNodeManager.java:register(273)) - Registered Data node : efd2d550-d23b-43a8-a0f9-f6ba5c59f5a4{ip: 192.168.36.114, host: pr-hdds-1569-58hkm-1881083799, networkLocation: /default-rack, certSerialId: null}
2019-09-12 11:49:51,845 [EventQueue-NodeRegistrationContainerReportForDataNodeSafeModeRule] INFO  safemode.SCMSafeModeManager (DataNodeSafeModeRule.java:process(71)) - SCM in safe mode. 1 DataNodes registered, 1 required.
2019-09-12 11:49:51,845 [EventQueue-NodeRegistrationContainerReportForDataNodeSafeModeRule] INFO  safemode.SCMSafeModeManager (SCMSafeModeManager.java:validateSafeModeExitRules(177)) - ScmSafeModeManager, all rules are successfully validated
2019-09-12 11:49:51,846 [EventQueue-NodeRegistrationContainerReportForDataNodeSafeModeRule] INFO  safemode.SCMSafeModeManager (SCMSafeModeManager.java:exitSafeMode(193)) - SCM exiting safe mode.
2019-09-12 11:49:51,852 | INFO  | SCMAudit | user=jenkins1000 | ip=192.168.36.114 | op=REGISTER {datanodeDetails=efd2d550-d23b-43a8-a0f9-f6ba5c59f5a4{ip: 192.168.36.114, host: pr-hdds-1569-58hkm-1881083799, networkLocation: /default-rack, certSerialId: null}} | ret=SUCCESS |  
2019-09-12 11:49:52,067 [IPC Server handler 0 on 44101] INFO  net.NetworkTopology (NetworkTopologyImpl.java:add(110)) - Added a new node: /default-rack/da13140e-97ff-4909-b236-e6528747f6c6
2019-09-12 11:49:52,068 [IPC Server handler 0 on 44101] INFO  node.SCMNodeManager (SCMNodeManager.java:register(273)) - Registered Data node : da13140e-97ff-4909-b236-e6528747f6c6{ip: 192.168.36.114, host: pr-hdds-1569-58hkm-1881083799, networkLocation: /default-rack, certSerialId: null}
2019-09-12 11:49:52,068 | INFO  | SCMAudit | user=jenkins1000 | ip=192.168.36.114 | op=REGISTER {datanodeDetails=da13140e-97ff-4909-b236-e6528747f6c6{ip: 192.168.36.114, host: pr-hdds-1569-58hkm-1881083799, networkLocation: /default-rack, certSerialId: null}} | ret=SUCCESS |  
2019-09-12 11:49:52,310 [IPC Server handler 2 on 44101] INFO  net.NetworkTopology (NetworkTopologyImpl.java:add(110)) - Added a new node: /default-rack/a32c3c57-45cd-4630-bd30-a1be9f286e13
2019-09-12 11:49:52,310 [IPC Server handler 2 on 44101] INFO  node.SCMNodeManager (SCMNodeManager.java:register(273)) - Registered Data node : a32c3c57-45cd-4630-bd30-a1be9f286e13{ip: 192.168.36.114, host: pr-hdds-1569-58hkm-1881083799, networkLocation: /default-rack, certSerialId: null}
2019-09-12 11:49:52,311 | INFO  | SCMAudit | user=jenkins1000 | ip=192.168.36.114 | op=REGISTER {datanodeDetails=a32c3c57-45cd-4630-bd30-a1be9f286e13{ip: 192.168.36.114, host: pr-hdds-1569-58hkm-1881083799, networkLocation: /default-rack, certSerialId: null}} | ret=SUCCESS |  
2019-09-12 11:49:52,781 [main] INFO  ozone.MiniOzoneClusterImpl (MiniOzoneClusterImpl.java:lambda$waitForClusterToBeReady$0(142)) - Waiting for cluster to be ready. Got 3 of 5 DN Heartbeats.
2019-09-12 11:49:52,788 [IPC Server handler 4 on 44101] INFO  net.NetworkTopology (NetworkTopologyImpl.java:add(110)) - Added a new node: /default-rack/0a8d2c4a-df63-4751-9ec8-74f270f9c7ee
2019-09-12 11:49:52,788 [IPC Server handler 6 on 44101] INFO  net.NetworkTopology (NetworkTopologyImpl.java:add(110)) - Added a new node: /default-rack/3adca0c9-7635-4314-8dcd-426c8d10965a
2019-09-12 11:49:52,788 [IPC Server handler 4 on 44101] INFO  node.SCMNodeManager (SCMNodeManager.java:register(273)) - Registered Data node : 0a8d2c4a-df63-4751-9ec8-74f270f9c7ee{ip: 192.168.36.114, host: pr-hdds-1569-58hkm-1881083799, networkLocation: /default-rack, certSerialId: null}
2019-09-12 11:49:52,788 [IPC Server handler 6 on 44101] INFO  node.SCMNodeManager (SCMNodeManager.java:register(273)) - Registered Data node : 3adca0c9-7635-4314-8dcd-426c8d10965a{ip: 192.168.36.114, host: pr-hdds-1569-58hkm-1881083799, networkLocation: /default-rack, certSerialId: null}
2019-09-12 11:49:52,789 | INFO  | SCMAudit | user=jenkins1000 | ip=192.168.36.114 | op=REGISTER {datanodeDetails=0a8d2c4a-df63-4751-9ec8-74f270f9c7ee{ip: 192.168.36.114, host: pr-hdds-1569-58hkm-1881083799, networkLocation: /default-rack, certSerialId: null}} | ret=SUCCESS |  
2019-09-12 11:49:52,789 | INFO  | SCMAudit | user=jenkins1000 | ip=192.168.36.114 | op=REGISTER {datanodeDetails=3adca0c9-7635-4314-8dcd-426c8d10965a{ip: 192.168.36.114, host: pr-hdds-1569-58hkm-1881083799, networkLocation: /default-rack, certSerialId: null}} | ret=SUCCESS |  
2019-09-12 11:49:52,856 [grpc-default-executor-0] INFO  impl.RaftServerProxy (RaftServerProxy.java:addNew(89)) - efd2d550-d23b-43a8-a0f9-f6ba5c59f5a4: addNew group-F40CBE9E7E91:[efd2d550-d23b-43a8-a0f9-f6ba5c59f5a4:192.168.36.114:40324] returns group-F40CBE9E7E91:java.util.concurrent.CompletableFuture@c00ad2c[Not completed]
2019-09-12 11:49:52,872 [pool-27-thread-1] INFO  impl.RaftServerImpl (RaftServerImpl.java:<init>(93)) - efd2d550-d23b-43a8-a0f9-f6ba5c59f5a4: new RaftServerImpl for group-F40CBE9E7E91:[efd2d550-d23b-43a8-a0f9-f6ba5c59f5a4:192.168.36.114:40324] with ContainerStateMachine:uninitialized
2019-09-12 11:49:52,873 [pool-27-thread-1] INFO  server.RaftServerConfigKeys (ConfUtils.java:logGet(43)) - raft.server.rpc.timeout.min = 5s (custom)
2019-09-12 11:49:52,874 [pool-27-thread-1] INFO  server.RaftServerConfigKeys (ConfUtils.java:logGet(43)) - raft.server.rpc.timeout.max = 5200ms (custom)
2019-09-12 11:49:52,874 [pool-27-thread-1] INFO  server.RaftServerConfigKeys (ConfUtils.java:logGet(43)) - raft.server.rpcslowness.timeout = 120s (custom)
2019-09-12 11:49:52,875 [pool-27-thread-1] INFO  server.RaftServerConfigKeys (ConfUtils.java:logGet(43)) - raft.server.sleep.deviation.threshold = 300 (default)
2019-09-12 11:49:52,876 [pool-27-thread-1] INFO  server.RaftServerConfigKeys (ConfUtils.java:logGet(43)) - raft.server.log.appender.install.snapshot.enabled = false (custom)
2019-09-12 11:49:52,883 [pool-27-thread-1] INFO  impl.RaftServerImpl (ServerState.java:<init>(105)) - efd2d550-d23b-43a8-a0f9-f6ba5c59f5a4:group-F40CBE9E7E91 ConfigurationManager, init=-1: [efd2d550-d23b-43a8-a0f9-f6ba5c59f5a4:192.168.36.114:40324], old=null, confs=<EMPTY_MAP>
2019-09-12 11:49:52,883 [pool-27-thread-1] INFO  server.RaftServerConfigKeys (ConfUtils.java:logGet(43)) - raft.server.storage.dir = [/workdir/hadoop-ozone/tools/target/test-dir/MiniOzoneClusterImpl-48448ead-6be7-4ea0-abfc-19da8f63b657/datanode-0/data/ratis] (custom)
2019-09-12 11:49:52,890 [pool-27-thread-1] INFO  storage.RaftStorageDirectory (RaftStorageDirectory.java:analyzeStorage(246)) - The storage directory /workdir/hadoop-ozone/tools/target/test-dir/MiniOzoneClusterImpl-48448ead-6be7-4ea0-abfc-19da8f63b657/datanode-0/data/ratis/8edc6740-8ad8-4147-b6d6-f40cbe9e7e91 does not exist. Creating ...
2019-09-12 11:49:52,907 [pool-27-thread-1] INFO  storage.RaftStorageDirectory (RaftStorageDirectory.java:tryLock(328)) - Lock on /workdir/hadoop-ozone/tools/target/test-dir/MiniOzoneClusterImpl-48448ead-6be7-4ea0-abfc-19da8f63b657/datanode-0/data/ratis/8edc6740-8ad8-4147-b6d6-f40cbe9e7e91/in_use.lock acquired by nodename 19442@pr-hdds-1569-58hkm-1881083799
2019-09-12 11:49:52,920 [pool-27-thread-1] INFO  storage.RaftStorage (RaftStorage.java:format(72)) - Storage directory /workdir/hadoop-ozone/tools/target/test-dir/MiniOzoneClusterImpl-48448ead-6be7-4ea0-abfc-19da8f63b657/datanode-0/data/ratis/8edc6740-8ad8-4147-b6d6-f40cbe9e7e91 has been successfully formatted.
2019-09-12 11:49:52,922 [pool-27-thread-1] INFO  ratis.ContainerStateMachine (ContainerStateMachine.java:loadSnapshot(226)) - group-F40CBE9E7E91: The snapshot info is null. Setting the last applied indexto:(t:0, i:~)
2019-09-12 11:49:52,923 [pool-27-thread-1] INFO  server.RaftServerConfigKeys (ConfUtils.java:logGet(43)) - raft.server.leader.election.timeout = 120s (custom)
2019-09-12 11:49:52,925 [pool-27-thread-1] INFO  server.RaftServerConfigKeys (ConfUtils.java:logGet(43)) - raft.server.log.use.memory = false (default)
2019-09-12 11:49:52,930 [pool-27-thread-1] INFO  server.RaftServerConfigKeys (ConfUtils.java:logGet(43)) - raft.server.log.purge.gap = 1000000 (custom)
2019-09-12 11:49:52,930 [pool-27-thread-1] INFO  server.RaftServerConfigKeys (ConfUtils.java:logGet(43)) - raft.server.log.appender.buffer.byte-limit = 33554432 (custom)
2019-09-12 11:49:52,931 [pool-27-thread-1] INFO  server.RaftServerConfigKeys (ConfUtils.java:logGet(43)) - raft.server.log.segment.size.max = 1048576 (custom)
2019-09-12 11:49:52,936 [pool-27-thread-1] INFO  server.RaftServerConfigKeys (ConfUtils.java:logGet(43)) - raft.server.log.segment.cache.num.max = 2 (custom)
2019-09-12 11:49:52,941 [pool-27-thread-1] INFO  segmented.SegmentedRaftLogWorker (SegmentedRaftLogWorker.java:<init>(172)) - new efd2d550-d23b-43a8-a0f9-f6ba5c59f5a4-SegmentedRaftLogWorker:Storage Directory /workdir/hadoop-ozone/tools/target/test-dir/MiniOzoneClusterImpl-48448ead-6be7-4ea0-abfc-19da8f63b657/datanode-0/data/ratis/8edc6740-8ad8-4147-b6d6-f40cbe9e7e91 for RaftStorage:Storage Directory /workdir/hadoop-ozone/tools/target/test-dir/MiniOzoneClusterImpl-48448ead-6be7-4ea0-abfc-19da8f63b657/datanode-0/data/ratis/8edc6740-8ad8-4147-b6d6-f40cbe9e7e91
2019-09-12 11:49:52,956 [pool-27-thread-1] INFO  server.RaftServerConfigKeys (ConfUtils.java:logGet(43)) - raft.server.log.queue.byte-limit = 2147483647 (custom)
2019-09-12 11:49:52,956 [pool-27-thread-1] INFO  server.RaftServerConfigKeys (ConfUtils.java:logGet(43)) - raft.server.log.queue.element-limit = 1024 (custom)
2019-09-12 11:49:52,961 [pool-27-thread-1] INFO  server.RaftServerConfigKeys (ConfUtils.java:logGet(43)) - raft.server.log.segment.size.max = 1048576 (custom)
2019-09-12 11:49:52,962 [pool-27-thread-1] INFO  server.RaftServerConfigKeys (ConfUtils.java:logGet(43)) - raft.server.log.preallocated.size = 16384 (custom)
2019-09-12 11:49:52,962 [pool-27-thread-1] INFO  server.RaftServerConfigKeys (ConfUtils.java:logGet(43)) - raft.server.log.write.buffer.size = 33554432 (custom)
2019-09-12 11:49:52,962 [pool-27-thread-1] INFO  server.RaftServerConfigKeys (ConfUtils.java:logGet(43)) - raft.server.log.force.sync.num = 128 (default)
2019-09-12 11:49:52,963 [pool-27-thread-1] INFO  server.RaftServerConfigKeys (ConfUtils.java:logGet(43)) - raft.server.log.statemachine.data.sync = true (default)
2019-09-12 11:49:52,964 [pool-27-thread-1] INFO  server.RaftServerConfigKeys (ConfUtils.java:logGet(43)) - raft.server.log.statemachine.data.sync.timeout = 10s (default)
2019-09-12 11:49:52,964 [pool-27-thread-1] INFO  server.RaftServerConfigKeys (ConfUtils.java:logGet(43)) - raft.server.log.statemachine.data.sync.timeout.retry = -1 (default)
2019-09-12 11:49:52,980 [pool-27-thread-1] INFO  server.RaftServerConfigKeys (ConfUtils.java:logGet(43)) - raft.server.log.statemachine.data.caching.enabled = true (custom)
2019-09-12 11:49:52,986 [pool-27-thread-1] INFO  segmented.SegmentedRaftLogWorker (SegmentedRaftLogWorker.java:lambda$new$0(132)) - efd2d550-d23b-43a8-a0f9-f6ba5c59f5a4-SegmentedRaftLogWorker:Storage Directory /workdir/hadoop-ozone/tools/target/test-dir/MiniOzoneClusterImpl-48448ead-6be7-4ea0-abfc-19da8f63b657/datanode-0/data/ratis/8edc6740-8ad8-4147-b6d6-f40cbe9e7e91: flushIndex: setUnconditionally 0 -> -1
2019-09-12 11:49:52,992 [pool-27-thread-1] INFO  server.RaftServerConfigKeys (ConfUtils.java:logGet(43)) - raft.server.snapshot.auto.trigger.enabled = true (custom)
2019-09-12 11:49:52,993 [pool-27-thread-1] INFO  server.RaftServerConfigKeys (ConfUtils.java:logGet(43)) - raft.server.snapshot.auto.trigger.threshold = 10000 (custom)
2019-09-12 11:49:52,993 [pool-27-thread-1] INFO  server.RaftServerConfigKeys (ConfUtils.java:logGet(43)) - raft.server.retrycache.expirytime = 600000ms (custom)
2019-09-12 11:49:53,018 [pool-27-thread-1] INFO  impl.RaftServerImpl (RaftServerImpl.java:start(180)) - efd2d550-d23b-43a8-a0f9-f6ba5c59f5a4: start group-F40CBE9E7E91
2019-09-12 11:49:53,020 [pool-27-thread-1] INFO  impl.RaftServerImpl (RaftServerImpl.java:setRole(171)) - efd2d550-d23b-43a8-a0f9-f6ba5c59f5a4:group-F40CBE9E7E91 changes role from null to FOLLOWER at term 0 for startAsFollower
2019-09-12 11:49:53,021 [pool-27-thread-1] INFO  impl.RoleInfo (RoleInfo.java:updateAndGet(143)) - efd2d550-d23b-43a8-a0f9-f6ba5c59f5a4: start FollowerState
2019-09-12 11:49:53,023 [pool-27-thread-1] INFO  util.JmxRegister (JmxRegister.java:tryRegister(44)) - Successfully registered JMX Bean with object name Ratis:service=RaftServer,group=group-F40CBE9E7E91,id=efd2d550-d23b-43a8-a0f9-f6ba5c59f5a4
2019-09-12 11:49:53,099 [RatisPipelineUtilsThread] INFO  pipeline.PipelineStateManager (PipelineStateManager.java:addPipeline(56)) - Created pipeline Pipeline[ Id: 8edc6740-8ad8-4147-b6d6-f40cbe9e7e91, Nodes: efd2d550-d23b-43a8-a0f9-f6ba5c59f5a4{ip: 192.168.36.114, host: pr-hdds-1569-58hkm-1881083799, networkLocation: /default-rack, certSerialId: null}, Type:RATIS, Factor:ONE, State:OPEN]
2019-09-12 11:49:53,133 [grpc-default-executor-0] INFO  impl.RaftServerProxy (RaftServerProxy.java:addNew(89)) - a32c3c57-45cd-4630-bd30-a1be9f286e13: addNew group-F241351758BB:[a32c3c57-45cd-4630-bd30-a1be9f286e13:192.168.36.114:41176] returns group-F241351758BB:java.util.concurrent.CompletableFuture@37146df8[Not completed]
2019-09-12 11:49:53,196 [pool-49-thread-1] INFO  impl.RaftServerImpl (RaftServerImpl.java:<init>(93)) - a32c3c57-45cd-4630-bd30-a1be9f286e13: new RaftServerImpl for group-F241351758BB:[a32c3c57-45cd-4630-bd30-a1be9f286e13:192.168.36.114:41176] with ContainerStateMachine:uninitialized
2019-09-12 11:49:53,198 [pool-49-thread-1] INFO  server.RaftServerConfigKeys (ConfUtils.java:logGet(43)) - raft.server.rpc.timeout.min = 5s (custom)
2019-09-12 11:49:53,198 [pool-49-thread-1] INFO  server.RaftServerConfigKeys (ConfUtils.java:logGet(43)) - raft.server.rpc.timeout.max = 5200ms (custom)
2019-09-12 11:49:53,198 [pool-49-thread-1] INFO  server.RaftServerConfigKeys (ConfUtils.java:logGet(43)) - raft.server.rpcslowness.timeout = 120s (custom)
2019-09-12 11:49:53,198 [pool-49-thread-1] INFO  server.RaftServerConfigKeys (ConfUtils.java:logGet(43)) - raft.server.sleep.deviation.threshold = 300 (default)
2019-09-12 11:49:53,198 [pool-49-thread-1] INFO  server.RaftServerConfigKeys (ConfUtils.java:logGet(43)) - raft.server.log.appender.install.snapshot.enabled = false (custom)
2019-09-12 11:49:53,198 [pool-49-thread-1] INFO  impl.RaftServerImpl (ServerState.java:<init>(105)) - a32c3c57-45cd-4630-bd30-a1be9f286e13:group-F241351758BB ConfigurationManager, init=-1: [a32c3c57-45cd-4630-bd30-a1be9f286e13:192.168.36.114:41176], old=null, confs=<EMPTY_MAP>
2019-09-12 11:49:53,199 [pool-49-thread-1] INFO  server.RaftServerConfigKeys (ConfUtils.java:logGet(43)) - raft.server.storage.dir = [/workdir/hadoop-ozone/tools/target/test-dir/MiniOzoneClusterImpl-48448ead-6be7-4ea0-abfc-19da8f63b657/datanode-2/data/ratis] (custom)
2019-09-12 11:49:53,199 [pool-49-thread-1] INFO  storage.RaftStorageDirectory (RaftStorageDirectory.java:analyzeStorage(246)) - The storage directory /workdir/hadoop-ozone/tools/target/test-dir/MiniOzoneClusterImpl-48448ead-6be7-4ea0-abfc-19da8f63b657/datanode-2/data/ratis/f32aa8e8-d74f-42a1-8cf0-f241351758bb does not exist. Creating ...
2019-09-12 11:49:53,213 [pool-49-thread-1] INFO  storage.RaftStorageDirectory (RaftStorageDirectory.java:tryLock(328)) - Lock on /workdir/hadoop-ozone/tools/target/test-dir/MiniOzoneClusterImpl-48448ead-6be7-4ea0-abfc-19da8f63b657/datanode-2/data/ratis/f32aa8e8-d74f-42a1-8cf0-f241351758bb/in_use.lock acquired by nodename 19442@pr-hdds-1569-58hkm-1881083799
2019-09-12 11:49:53,239 [pool-49-thread-1] INFO  storage.RaftStorage (RaftStorage.java:format(72)) - Storage directory /workdir/hadoop-ozone/tools/target/test-dir/MiniOzoneClusterImpl-48448ead-6be7-4ea0-abfc-19da8f63b657/datanode-2/data/ratis/f32aa8e8-d74f-42a1-8cf0-f241351758bb has been successfully formatted.
2019-09-12 11:49:53,241 [pool-49-thread-1] INFO  ratis.ContainerStateMachine (ContainerStateMachine.java:loadSnapshot(226)) - group-F241351758BB: The snapshot info is null. Setting the last applied indexto:(t:0, i:~)
2019-09-12 11:49:53,243 [pool-49-thread-1] INFO  server.RaftServerConfigKeys (ConfUtils.java:logGet(43)) - raft.server.leader.election.timeout = 120s (custom)
2019-09-12 11:49:53,243 [pool-49-thread-1] INFO  server.RaftServerConfigKeys (ConfUtils.java:logGet(43)) - raft.server.log.use.memory = false (default)
2019-09-12 11:49:53,243 [pool-49-thread-1] INFO  server.RaftServerConfigKeys (ConfUtils.java:logGet(43)) - raft.server.log.purge.gap = 1000000 (custom)
2019-09-12 11:49:53,244 [pool-49-thread-1] INFO  server.RaftServerConfigKeys (ConfUtils.java:logGet(43)) - raft.server.log.appender.buffer.byte-limit = 33554432 (custom)
2019-09-12 11:49:53,244 [pool-49-thread-1] INFO  server.RaftServerConfigKeys (ConfUtils.java:logGet(43)) - raft.server.log.segment.size.max = 1048576 (custom)
2019-09-12 11:49:53,244 [pool-49-thread-1] INFO  server.RaftServerConfigKeys (ConfUtils.java:logGet(43)) - raft.server.log.segment.cache.num.max = 2 (custom)
2019-09-12 11:49:53,244 [pool-49-thread-1] INFO  segmented.SegmentedRaftLogWorker (SegmentedRaftLogWorker.java:<init>(172)) - new a32c3c57-45cd-4630-bd30-a1be9f286e13-SegmentedRaftLogWorker:Storage Directory /workdir/hadoop-ozone/tools/target/test-dir/MiniOzoneClusterImpl-48448ead-6be7-4ea0-abfc-19da8f63b657/datanode-2/data/ratis/f32aa8e8-d74f-42a1-8cf0-f241351758bb for RaftStorage:Storage Directory /workdir/hadoop-ozone/tools/target/test-dir/MiniOzoneClusterImpl-48448ead-6be7-4ea0-abfc-19da8f63b657/datanode-2/data/ratis/f32aa8e8-d74f-42a1-8cf0-f241351758bb
2019-09-12 11:49:53,246 [pool-49-thread-1] INFO  server.RaftServerConfigKeys (ConfUtils.java:logGet(43)) - raft.server.log.queue.byte-limit = 2147483647 (custom)
2019-09-12 11:49:53,246 [pool-49-thread-1] INFO  server.RaftServerConfigKeys (ConfUtils.java:logGet(43)) - raft.server.log.queue.element-limit = 1024 (custom)
2019-09-12 11:49:53,247 [pool-49-thread-1] INFO  server.RaftServerConfigKeys (ConfUtils.java:logGet(43)) - raft.server.log.segment.size.max = 1048576 (custom)
2019-09-12 11:49:53,247 [pool-49-thread-1] INFO  server.RaftServerConfigKeys (ConfUtils.java:logGet(43)) - raft.server.log.preallocated.size = 16384 (custom)
2019-09-12 11:49:53,247 [pool-49-thread-1] INFO  server.RaftServerConfigKeys (ConfUtils.java:logGet(43)) - raft.server.log.write.buffer.size = 33554432 (custom)
2019-09-12 11:49:53,247 [pool-49-thread-1] INFO  server.RaftServerConfigKeys (ConfUtils.java:logGet(43)) - raft.server.log.force.sync.num = 128 (default)
2019-09-12 11:49:53,248 [pool-49-thread-1] INFO  server.RaftServerConfigKeys (ConfUtils.java:logGet(43)) - raft.server.log.statemachine.data.sync = true (default)
2019-09-12 11:49:53,248 [pool-49-thread-1] INFO  server.RaftServerConfigKeys (ConfUtils.java:logGet(43)) - raft.server.log.statemachine.data.sync.timeout = 10s (default)
2019-09-12 11:49:53,248 [pool-49-thread-1] INFO  server.RaftServerConfigKeys (ConfUtils.java:logGet(43)) - raft.server.log.statemachine.data.sync.timeout.retry = -1 (default)
2019-09-12 11:49:53,248 [pool-49-thread-1] INFO  server.RaftServerConfigKeys (ConfUtils.java:logGet(43)) - raft.server.log.statemachine.data.caching.enabled = true (custom)
2019-09-12 11:49:53,249 [pool-49-thread-1] INFO  segmented.SegmentedRaftLogWorker (SegmentedRaftLogWorker.java:lambda$new$0(132)) - a32c3c57-45cd-4630-bd30-a1be9f286e13-SegmentedRaftLogWorker:Storage Directory /workdir/hadoop-ozone/tools/target/test-dir/MiniOzoneClusterImpl-48448ead-6be7-4ea0-abfc-19da8f63b657/datanode-2/data/ratis/f32aa8e8-d74f-42a1-8cf0-f241351758bb: flushIndex: setUnconditionally 0 -> -1
2019-09-12 11:49:53,249 [pool-49-thread-1] INFO  server.RaftServerConfigKeys (ConfUtils.java:logGet(43)) - raft.server.snapshot.auto.trigger.enabled = true (custom)
2019-09-12 11:49:53,250 [pool-49-thread-1] INFO  server.RaftServerConfigKeys (ConfUtils.java:logGet(43)) - raft.server.snapshot.auto.trigger.threshold = 10000 (custom)
2019-09-12 11:49:53,250 [pool-49-thread-1] INFO  server.RaftServerConfigKeys (ConfUtils.java:logGet(43)) - raft.server.retrycache.expirytime = 600000ms (custom)
2019-09-12 11:49:53,250 [pool-49-thread-1] INFO  impl.RaftServerImpl (RaftServerImpl.java:start(180)) - a32c3c57-45cd-4630-bd30-a1be9f286e13: start group-F241351758BB
2019-09-12 11:49:53,251 [pool-49-thread-1] INFO  impl.RaftServerImpl (RaftServerImpl.java:setRole(171)) - a32c3c57-45cd-4630-bd30-a1be9f286e13:group-F241351758BB changes role from null to FOLLOWER at term 0 for startAsFollower
2019-09-12 11:49:53,251 [pool-49-thread-1] INFO  impl.RoleInfo (RoleInfo.java:updateAndGet(143)) - a32c3c57-45cd-4630-bd30-a1be9f286e13: start FollowerState
2019-09-12 11:49:53,253 [pool-49-thread-1] INFO  util.JmxRegister (JmxRegister.java:tryRegister(44)) - Successfully registered JMX Bean with object name Ratis:service=RaftServer,group=group-F241351758BB,id=a32c3c57-45cd-4630-bd30-a1be9f286e13
2019-09-12 11:49:53,272 [RatisPipelineUtilsThread] INFO  pipeline.PipelineStateManager (PipelineStateManager.java:addPipeline(56)) - Created pipeline Pipeline[ Id: f32aa8e8-d74f-42a1-8cf0-f241351758bb, Nodes: a32c3c57-45cd-4630-bd30-a1be9f286e13{ip: 192.168.36.114, host: pr-hdds-1569-58hkm-1881083799, networkLocation: /default-rack, certSerialId: null}, Type:RATIS, Factor:ONE, State:OPEN]
2019-09-12 11:49:53,292 [grpc-default-executor-0] INFO  impl.RaftServerProxy (RaftServerProxy.java:addNew(89)) - da13140e-97ff-4909-b236-e6528747f6c6: addNew group-764D9A635A39:[da13140e-97ff-4909-b236-e6528747f6c6:192.168.36.114:44504] returns group-764D9A635A39:java.util.concurrent.CompletableFuture@3cec2b0b[Not completed]
2019-09-12 11:49:53,310 [pool-38-thread-1] INFO  impl.RaftServerImpl (RaftServerImpl.java:<init>(93)) - da13140e-97ff-4909-b236-e6528747f6c6: new RaftServerImpl for group-764D9A635A39:[da13140e-97ff-4909-b236-e6528747f6c6:192.168.36.114:44504] with ContainerStateMachine:uninitialized
2019-09-12 11:49:53,310 [pool-38-thread-1] INFO  server.RaftServerConfigKeys (ConfUtils.java:logGet(43)) - raft.server.rpc.timeout.min = 5s (custom)
2019-09-12 11:49:53,310 [pool-38-thread-1] INFO  server.RaftServerConfigKeys (ConfUtils.java:logGet(43)) - raft.server.rpc.timeout.max = 5200ms (custom)
2019-09-12 11:49:53,311 [pool-38-thread-1] INFO  server.RaftServerConfigKeys (ConfUtils.java:logGet(43)) - raft.server.rpcslowness.timeout = 120s (custom)
2019-09-12 11:49:53,311 [pool-38-thread-1] INFO  server.RaftServerConfigKeys (ConfUtils.java:logGet(43)) - raft.server.sleep.deviation.threshold = 300 (default)
2019-09-12 11:49:53,311 [pool-38-thread-1] INFO  server.RaftServerConfigKeys (ConfUtils.java:logGet(43)) - raft.server.log.appender.install.snapshot.enabled = false (custom)
2019-09-12 11:49:53,311 [pool-38-thread-1] INFO  impl.RaftServerImpl (ServerState.java:<init>(105)) - da13140e-97ff-4909-b236-e6528747f6c6:group-764D9A635A39 ConfigurationManager, init=-1: [da13140e-97ff-4909-b236-e6528747f6c6:192.168.36.114:44504], old=null, confs=<EMPTY_MAP>
2019-09-12 11:49:53,311 [pool-38-thread-1] INFO  server.RaftServerConfigKeys (ConfUtils.java:logGet(43)) - raft.server.storage.dir = [/workdir/hadoop-ozone/tools/target/test-dir/MiniOzoneClusterImpl-48448ead-6be7-4ea0-abfc-19da8f63b657/datanode-1/data/ratis] (custom)
2019-09-12 11:49:53,312 [pool-38-thread-1] INFO  storage.RaftStorageDirectory (RaftStorageDirectory.java:analyzeStorage(246)) - The storage directory /workdir/hadoop-ozone/tools/target/test-dir/MiniOzoneClusterImpl-48448ead-6be7-4ea0-abfc-19da8f63b657/datanode-1/data/ratis/2fbefb14-a791-4158-ba42-764d9a635a39 does not exist. Creating ...
2019-09-12 11:49:53,325 [pool-38-thread-1] INFO  storage.RaftStorageDirectory (RaftStorageDirectory.java:tryLock(328)) - Lock on /workdir/hadoop-ozone/tools/target/test-dir/MiniOzoneClusterImpl-48448ead-6be7-4ea0-abfc-19da8f63b657/datanode-1/data/ratis/2fbefb14-a791-4158-ba42-764d9a635a39/in_use.lock acquired by nodename 19442@pr-hdds-1569-58hkm-1881083799
2019-09-12 11:49:53,338 [pool-38-thread-1] INFO  storage.RaftStorage (RaftStorage.java:format(72)) - Storage directory /workdir/hadoop-ozone/tools/target/test-dir/MiniOzoneClusterImpl-48448ead-6be7-4ea0-abfc-19da8f63b657/datanode-1/data/ratis/2fbefb14-a791-4158-ba42-764d9a635a39 has been successfully formatted.
2019-09-12 11:49:53,338 [pool-38-thread-1] INFO  ratis.ContainerStateMachine (ContainerStateMachine.java:loadSnapshot(226)) - group-764D9A635A39: The snapshot info is null. Setting the last applied indexto:(t:0, i:~)
2019-09-12 11:49:53,338 [pool-38-thread-1] INFO  server.RaftServerConfigKeys (ConfUtils.java:logGet(43)) - raft.server.leader.election.timeout = 120s (custom)
2019-09-12 11:49:53,338 [pool-38-thread-1] INFO  server.RaftServerConfigKeys (ConfUtils.java:logGet(43)) - raft.server.log.use.memory = false (default)
2019-09-12 11:49:53,338 [pool-38-thread-1] INFO  server.RaftServerConfigKeys (ConfUtils.java:logGet(43)) - raft.server.log.purge.gap = 1000000 (custom)
2019-09-12 11:49:53,339 [pool-38-thread-1] INFO  server.RaftServerConfigKeys (ConfUtils.java:logGet(43)) - raft.server.log.appender.buffer.byte-limit = 33554432 (custom)
2019-09-12 11:49:53,339 [pool-38-thread-1] INFO  server.RaftServerConfigKeys (ConfUtils.java:logGet(43)) - raft.server.log.segment.size.max = 1048576 (custom)
2019-09-12 11:49:53,339 [pool-38-thread-1] INFO  server.RaftServerConfigKeys (ConfUtils.java:logGet(43)) - raft.server.log.segment.cache.num.max = 2 (custom)
2019-09-12 11:49:53,339 [pool-38-thread-1] INFO  segmented.SegmentedRaftLogWorker (SegmentedRaftLogWorker.java:<init>(172)) - new da13140e-97ff-4909-b236-e6528747f6c6-SegmentedRaftLogWorker:Storage Directory /workdir/hadoop-ozone/tools/target/test-dir/MiniOzoneClusterImpl-48448ead-6be7-4ea0-abfc-19da8f63b657/datanode-1/data/ratis/2fbefb14-a791-4158-ba42-764d9a635a39 for RaftStorage:Storage Directory /workdir/hadoop-ozone/tools/target/test-dir/MiniOzoneClusterImpl-48448ead-6be7-4ea0-abfc-19da8f63b657/datanode-1/data/ratis/2fbefb14-a791-4158-ba42-764d9a635a39
2019-09-12 11:49:53,339 [pool-38-thread-1] INFO  server.RaftServerConfigKeys (ConfUtils.java:logGet(43)) - raft.server.log.queue.byte-limit = 2147483647 (custom)
2019-09-12 11:49:53,339 [pool-38-thread-1] INFO  server.RaftServerConfigKeys (ConfUtils.java:logGet(43)) - raft.server.log.queue.element-limit = 1024 (custom)
2019-09-12 11:49:53,340 [pool-38-thread-1] INFO  server.RaftServerConfigKeys (ConfUtils.java:logGet(43)) - raft.server.log.segment.size.max = 1048576 (custom)
2019-09-12 11:49:53,340 [pool-38-thread-1] INFO  server.RaftServerConfigKeys (ConfUtils.java:logGet(43)) - raft.server.log.preallocated.size = 16384 (custom)
2019-09-12 11:49:53,340 [pool-38-thread-1] INFO  server.RaftServerConfigKeys (ConfUtils.java:logGet(43)) - raft.server.log.write.buffer.size = 33554432 (custom)
2019-09-12 11:49:53,340 [pool-38-thread-1] INFO  server.RaftServerConfigKeys (ConfUtils.java:logGet(43)) - raft.server.log.force.sync.num = 128 (default)
2019-09-12 11:49:53,340 [pool-38-thread-1] INFO  server.RaftServerConfigKeys (ConfUtils.java:logGet(43)) - raft.server.log.statemachine.data.sync = true (default)
2019-09-12 11:49:53,341 [pool-38-thread-1] INFO  server.RaftServerConfigKeys (ConfUtils.java:logGet(43)) - raft.server.log.statemachine.data.sync.timeout = 10s (default)
2019-09-12 11:49:53,341 [pool-38-thread-1] INFO  server.RaftServerConfigKeys (ConfUtils.java:logGet(43)) - raft.server.log.statemachine.data.sync.timeout.retry = -1 (default)
2019-09-12 11:49:53,341 [pool-38-thread-1] INFO  server.RaftServerConfigKeys (ConfUtils.java:logGet(43)) - raft.server.log.statemachine.data.caching.enabled = true (custom)
2019-09-12 11:49:53,341 [pool-38-thread-1] INFO  segmented.SegmentedRaftLogWorker (SegmentedRaftLogWorker.java:lambda$new$0(132)) - da13140e-97ff-4909-b236-e6528747f6c6-SegmentedRaftLogWorker:Storage Directory /workdir/hadoop-ozone/tools/target/test-dir/MiniOzoneClusterImpl-48448ead-6be7-4ea0-abfc-19da8f63b657/datanode-1/data/ratis/2fbefb14-a791-4158-ba42-764d9a635a39: flushIndex: setUnconditionally 0 -> -1
2019-09-12 11:49:53,342 [pool-38-thread-1] INFO  server.RaftServerConfigKeys (ConfUtils.java:logGet(43)) - raft.server.snapshot.auto.trigger.enabled = true (custom)
2019-09-12 11:49:53,342 [pool-38-thread-1] INFO  server.RaftServerConfigKeys (ConfUtils.java:logGet(43)) - raft.server.snapshot.auto.trigger.threshold = 10000 (custom)
2019-09-12 11:49:53,342 [pool-38-thread-1] INFO  server.RaftServerConfigKeys (ConfUtils.java:logGet(43)) - raft.server.retrycache.expirytime = 600000ms (custom)
2019-09-12 11:49:53,342 [pool-38-thread-1] INFO  impl.RaftServerImpl (RaftServerImpl.java:start(180)) - da13140e-97ff-4909-b236-e6528747f6c6: start group-764D9A635A39
2019-09-12 11:49:53,342 [pool-38-thread-1] INFO  impl.RaftServerImpl (RaftServerImpl.java:setRole(171)) - da13140e-97ff-4909-b236-e6528747f6c6:group-764D9A635A39 changes role from null to FOLLOWER at term 0 for startAsFollower
2019-09-12 11:49:53,343 [pool-38-thread-1] INFO  impl.RoleInfo (RoleInfo.java:updateAndGet(143)) - da13140e-97ff-4909-b236-e6528747f6c6: start FollowerState
2019-09-12 11:49:53,343 [pool-38-thread-1] INFO  util.JmxRegister (JmxRegister.java:tryRegister(44)) - Successfully registered JMX Bean with object name Ratis:service=RaftServer,group=group-764D9A635A39,id=da13140e-97ff-4909-b236-e6528747f6c6
2019-09-12 11:49:53,356 [RatisPipelineUtilsThread] INFO  pipeline.PipelineStateManager (PipelineStateManager.java:addPipeline(56)) - Created pipeline Pipeline[ Id: 2fbefb14-a791-4158-ba42-764d9a635a39, Nodes: da13140e-97ff-4909-b236-e6528747f6c6{ip: 192.168.36.114, host: pr-hdds-1569-58hkm-1881083799, networkLocation: /default-rack, certSerialId: null}, Type:RATIS, Factor:ONE, State:OPEN]
2019-09-12 11:49:53,373 [grpc-default-executor-0] INFO  impl.RaftServerProxy (RaftServerProxy.java:addNew(89)) - da13140e-97ff-4909-b236-e6528747f6c6: addNew group-30F29E05BAE0:[da13140e-97ff-4909-b236-e6528747f6c6:192.168.36.114:44504] returns group-30F29E05BAE0:java.util.concurrent.CompletableFuture@5be78219[Not completed]
2019-09-12 11:49:53,374 [pool-38-thread-1] INFO  impl.RaftServerImpl (RaftServerImpl.java:<init>(93)) - da13140e-97ff-4909-b236-e6528747f6c6: new RaftServerImpl for group-30F29E05BAE0:[da13140e-97ff-4909-b236-e6528747f6c6:192.168.36.114:44504] with ContainerStateMachine:uninitialized
2019-09-12 11:49:53,374 [pool-38-thread-1] INFO  server.RaftServerConfigKeys (ConfUtils.java:logGet(43)) - raft.server.rpc.timeout.min = 5s (custom)
2019-09-12 11:49:53,375 [pool-38-thread-1] INFO  server.RaftServerConfigKeys (ConfUtils.java:logGet(43)) - raft.server.rpc.timeout.max = 5200ms (custom)
2019-09-12 11:49:53,375 [pool-38-thread-1] INFO  server.RaftServerConfigKeys (ConfUtils.java:logGet(43)) - raft.server.rpcslowness.timeout = 120s (custom)
2019-09-12 11:49:53,375 [pool-38-thread-1] INFO  server.RaftServerConfigKeys (ConfUtils.java:logGet(43)) - raft.server.sleep.deviation.threshold = 300 (default)
2019-09-12 11:49:53,375 [pool-38-thread-1] INFO  server.RaftServerConfigKeys (ConfUtils.java:logGet(43)) - raft.server.log.appender.install.snapshot.enabled = false (custom)
2019-09-12 11:49:53,375 [pool-38-thread-1] INFO  impl.RaftServerImpl (ServerState.java:<init>(105)) - da13140e-97ff-4909-b236-e6528747f6c6:group-30F29E05BAE0 ConfigurationManager, init=-1: [da13140e-97ff-4909-b236-e6528747f6c6:192.168.36.114:44504], old=null, confs=<EMPTY_MAP>
2019-09-12 11:49:53,375 [pool-38-thread-1] INFO  server.RaftServerConfigKeys (ConfUtils.java:logGet(43)) - raft.server.storage.dir = [/workdir/hadoop-ozone/tools/target/test-dir/MiniOzoneClusterImpl-48448ead-6be7-4ea0-abfc-19da8f63b657/datanode-1/data/ratis] (custom)
2019-09-12 11:49:53,376 [pool-38-thread-1] INFO  storage.RaftStorageDirectory (RaftStorageDirectory.java:analyzeStorage(246)) - The storage directory /workdir/hadoop-ozone/tools/target/test-dir/MiniOzoneClusterImpl-48448ead-6be7-4ea0-abfc-19da8f63b657/datanode-1/data/ratis/1920f916-fabf-4678-a1dc-30f29e05bae0 does not exist. Creating ...
2019-09-12 11:49:53,388 [pool-38-thread-1] INFO  storage.RaftStorageDirectory (RaftStorageDirectory.java:tryLock(328)) - Lock on /workdir/hadoop-ozone/tools/target/test-dir/MiniOzoneClusterImpl-48448ead-6be7-4ea0-abfc-19da8f63b657/datanode-1/data/ratis/1920f916-fabf-4678-a1dc-30f29e05bae0/in_use.lock acquired by nodename 19442@pr-hdds-1569-58hkm-1881083799
2019-09-12 11:49:53,400 [pool-38-thread-1] INFO  storage.RaftStorage (RaftStorage.java:format(72)) - Storage directory /workdir/hadoop-ozone/tools/target/test-dir/MiniOzoneClusterImpl-48448ead-6be7-4ea0-abfc-19da8f63b657/datanode-1/data/ratis/1920f916-fabf-4678-a1dc-30f29e05bae0 has been successfully formatted.
2019-09-12 11:49:53,401 [pool-38-thread-1] INFO  ratis.ContainerStateMachine (ContainerStateMachine.java:loadSnapshot(226)) - group-30F29E05BAE0: The snapshot info is null. Setting the last applied indexto:(t:0, i:~)
2019-09-12 11:49:53,401 [pool-38-thread-1] INFO  server.RaftServerConfigKeys (ConfUtils.java:logGet(43)) - raft.server.leader.election.timeout = 120s (custom)
2019-09-12 11:49:53,401 [pool-38-thread-1] INFO  server.RaftServerConfigKeys (ConfUtils.java:logGet(43)) - raft.server.log.use.memory = false (default)
2019-09-12 11:49:53,401 [pool-38-thread-1] INFO  server.RaftServerConfigKeys (ConfUtils.java:logGet(43)) - raft.server.log.purge.gap = 1000000 (custom)
2019-09-12 11:49:53,402 [pool-38-thread-1] INFO  server.RaftServerConfigKeys (ConfUtils.java:logGet(43)) - raft.server.log.appender.buffer.byte-limit = 33554432 (custom)
2019-09-12 11:49:53,402 [pool-38-thread-1] INFO  server.RaftServerConfigKeys (ConfUtils.java:logGet(43)) - raft.server.log.segment.size.max = 1048576 (custom)
2019-09-12 11:49:53,402 [pool-38-thread-1] INFO  server.RaftServerConfigKeys (ConfUtils.java:logGet(43)) - raft.server.log.segment.cache.num.max = 2 (custom)
2019-09-12 11:49:53,402 [pool-38-thread-1] INFO  segmented.SegmentedRaftLogWorker (SegmentedRaftLogWorker.java:<init>(172)) - new da13140e-97ff-4909-b236-e6528747f6c6-SegmentedRaftLogWorker:Storage Directory /workdir/hadoop-ozone/tools/target/test-dir/MiniOzoneClusterImpl-48448ead-6be7-4ea0-abfc-19da8f63b657/datanode-1/data/ratis/1920f916-fabf-4678-a1dc-30f29e05bae0 for RaftStorage:Storage Directory /workdir/hadoop-ozone/tools/target/test-dir/MiniOzoneClusterImpl-48448ead-6be7-4ea0-abfc-19da8f63b657/datanode-1/data/ratis/1920f916-fabf-4678-a1dc-30f29e05bae0
2019-09-12 11:49:53,403 [pool-38-thread-1] INFO  server.RaftServerConfigKeys (ConfUtils.java:logGet(43)) - raft.server.log.queue.byte-limit = 2147483647 (custom)
2019-09-12 11:49:53,403 [pool-38-thread-1] INFO  server.RaftServerConfigKeys (ConfUtils.java:logGet(43)) - raft.server.log.queue.element-limit = 1024 (custom)
2019-09-12 11:49:53,403 [pool-38-thread-1] INFO  server.RaftServerConfigKeys (ConfUtils.java:logGet(43)) - raft.server.log.segment.size.max = 1048576 (custom)
2019-09-12 11:49:53,403 [pool-38-thread-1] INFO  server.RaftServerConfigKeys (ConfUtils.java:logGet(43)) - raft.server.log.preallocated.size = 16384 (custom)
2019-09-12 11:49:53,403 [pool-38-thread-1] INFO  server.RaftServerConfigKeys (ConfUtils.java:logGet(43)) - raft.server.log.write.buffer.size = 33554432 (custom)
2019-09-12 11:49:53,403 [pool-38-thread-1] INFO  server.RaftServerConfigKeys (ConfUtils.java:logGet(43)) - raft.server.log.force.sync.num = 128 (default)
2019-09-12 11:49:53,403 [pool-38-thread-1] INFO  server.RaftServerConfigKeys (ConfUtils.java:logGet(43)) - raft.server.log.statemachine.data.sync = true (default)
2019-09-12 11:49:53,404 [pool-38-thread-1] INFO  server.RaftServerConfigKeys (ConfUtils.java:logGet(43)) - raft.server.log.statemachine.data.sync.timeout = 10s (default)
2019-09-12 11:49:53,404 [pool-38-thread-1] INFO  server.RaftServerConfigKeys (ConfUtils.java:logGet(43)) - raft.server.log.statemachine.data.sync.timeout.retry = -1 (default)
2019-09-12 11:49:53,404 [pool-38-thread-1] INFO  server.RaftServerConfigKeys (ConfUtils.java:logGet(43)) - raft.server.log.statemachine.data.caching.enabled = true (custom)
2019-09-12 11:49:53,405 [pool-38-thread-1] INFO  segmented.SegmentedRaftLogWorker (SegmentedRaftLogWorker.java:lambda$new$0(132)) - da13140e-97ff-4909-b236-e6528747f6c6-SegmentedRaftLogWorker:Storage Directory /workdir/hadoop-ozone/tools/target/test-dir/MiniOzoneClusterImpl-48448ead-6be7-4ea0-abfc-19da8f63b657/datanode-1/data/ratis/1920f916-fabf-4678-a1dc-30f29e05bae0: flushIndex: setUnconditionally 0 -> -1
2019-09-12 11:49:53,405 [pool-38-thread-1] INFO  server.RaftServerConfigKeys (ConfUtils.java:logGet(43)) - raft.server.snapshot.auto.trigger.enabled = true (custom)
2019-09-12 11:49:53,406 [pool-38-thread-1] INFO  server.RaftServerConfigKeys (ConfUtils.java:logGet(43)) - raft.server.snapshot.auto.trigger.threshold = 10000 (custom)
2019-09-12 11:49:53,406 [pool-38-thread-1] INFO  server.RaftServerConfigKeys (ConfUtils.java:logGet(43)) - raft.server.retrycache.expirytime = 600000ms (custom)
2019-09-12 11:49:53,406 [pool-38-thread-1] INFO  impl.RaftServerImpl (RaftServerImpl.java:start(180)) - da13140e-97ff-4909-b236-e6528747f6c6: start group-30F29E05BAE0
2019-09-12 11:49:53,407 [pool-38-thread-1] INFO  impl.RaftServerImpl (RaftServerImpl.java:setRole(171)) - da13140e-97ff-4909-b236-e6528747f6c6:group-30F29E05BAE0 changes role from null to FOLLOWER at term 0 for startAsFollower
2019-09-12 11:49:53,407 [pool-38-thread-1] INFO  impl.RoleInfo (RoleInfo.java:updateAndGet(143)) - da13140e-97ff-4909-b236-e6528747f6c6: start FollowerState
2019-09-12 11:49:53,407 [pool-38-thread-1] INFO  util.JmxRegister (JmxRegister.java:tryRegister(44)) - Successfully registered JMX Bean with object name Ratis:service=RaftServer,group=group-30F29E05BAE0,id=da13140e-97ff-4909-b236-e6528747f6c6
2019-09-12 11:49:53,418 [RatisPipelineUtilsThread] INFO  pipeline.PipelineStateManager (PipelineStateManager.java:addPipeline(56)) - Created pipeline Pipeline[ Id: 1920f916-fabf-4678-a1dc-30f29e05bae0, Nodes: da13140e-97ff-4909-b236-e6528747f6c6{ip: 192.168.36.114, host: pr-hdds-1569-58hkm-1881083799, networkLocation: /default-rack, certSerialId: null}, Type:RATIS, Factor:ONE, State:OPEN]
2019-09-12 11:49:53,437 [grpc-default-executor-0] INFO  impl.RaftServerProxy (RaftServerProxy.java:addNew(89)) - 3adca0c9-7635-4314-8dcd-426c8d10965a: addNew group-9D34FF9A9C1E:[3adca0c9-7635-4314-8dcd-426c8d10965a:192.168.36.114:44660] returns group-9D34FF9A9C1E:java.util.concurrent.CompletableFuture@1d5f9a42[Not completed]
2019-09-12 11:49:53,439 [pool-71-thread-1] INFO  impl.RaftServerImpl (RaftServerImpl.java:<init>(93)) - 3adca0c9-7635-4314-8dcd-426c8d10965a: new RaftServerImpl for group-9D34FF9A9C1E:[3adca0c9-7635-4314-8dcd-426c8d10965a:192.168.36.114:44660] with ContainerStateMachine:uninitialized
2019-09-12 11:49:53,439 [pool-71-thread-1] INFO  server.RaftServerConfigKeys (ConfUtils.java:logGet(43)) - raft.server.rpc.timeout.min = 5s (custom)
2019-09-12 11:49:53,439 [pool-71-thread-1] INFO  server.RaftServerConfigKeys (ConfUtils.java:logGet(43)) - raft.server.rpc.timeout.max = 5200ms (custom)
2019-09-12 11:49:53,439 [pool-71-thread-1] INFO  server.RaftServerConfigKeys (ConfUtils.java:logGet(43)) - raft.server.rpcslowness.timeout = 120s (custom)
2019-09-12 11:49:53,439 [pool-71-thread-1] INFO  server.RaftServerConfigKeys (ConfUtils.java:logGet(43)) - raft.server.sleep.deviation.threshold = 300 (default)
2019-09-12 11:49:53,440 [pool-71-thread-1] INFO  server.RaftServerConfigKeys (ConfUtils.java:logGet(43)) - raft.server.log.appender.install.snapshot.enabled = false (custom)
2019-09-12 11:49:53,440 [pool-71-thread-1] INFO  impl.RaftServerImpl (ServerState.java:<init>(105)) - 3adca0c9-7635-4314-8dcd-426c8d10965a:group-9D34FF9A9C1E ConfigurationManager, init=-1: [3adca0c9-7635-4314-8dcd-426c8d10965a:192.168.36.114:44660], old=null, confs=<EMPTY_MAP>
2019-09-12 11:49:53,440 [pool-71-thread-1] INFO  server.RaftServerConfigKeys (ConfUtils.java:logGet(43)) - raft.server.storage.dir = [/workdir/hadoop-ozone/tools/target/test-dir/MiniOzoneClusterImpl-48448ead-6be7-4ea0-abfc-19da8f63b657/datanode-4/data/ratis] (custom)
2019-09-12 11:49:53,440 [pool-71-thread-1] INFO  storage.RaftStorageDirectory (RaftStorageDirectory.java:analyzeStorage(246)) - The storage directory /workdir/hadoop-ozone/tools/target/test-dir/MiniOzoneClusterImpl-48448ead-6be7-4ea0-abfc-19da8f63b657/datanode-4/data/ratis/c784afa5-0089-4e3c-a33f-9d34ff9a9c1e does not exist. Creating ...
2019-09-12 11:49:53,453 [pool-71-thread-1] INFO  storage.RaftStorageDirectory (RaftStorageDirectory.java:tryLock(328)) - Lock on /workdir/hadoop-ozone/tools/target/test-dir/MiniOzoneClusterImpl-48448ead-6be7-4ea0-abfc-19da8f63b657/datanode-4/data/ratis/c784afa5-0089-4e3c-a33f-9d34ff9a9c1e/in_use.lock acquired by nodename 19442@pr-hdds-1569-58hkm-1881083799
2019-09-12 11:49:53,466 [pool-71-thread-1] INFO  storage.RaftStorage (RaftStorage.java:format(72)) - Storage directory /workdir/hadoop-ozone/tools/target/test-dir/MiniOzoneClusterImpl-48448ead-6be7-4ea0-abfc-19da8f63b657/datanode-4/data/ratis/c784afa5-0089-4e3c-a33f-9d34ff9a9c1e has been successfully formatted.
2019-09-12 11:49:53,466 [pool-71-thread-1] INFO  ratis.ContainerStateMachine (ContainerStateMachine.java:loadSnapshot(226)) - group-9D34FF9A9C1E: The snapshot info is null. Setting the last applied indexto:(t:0, i:~)
2019-09-12 11:49:53,467 [pool-71-thread-1] INFO  server.RaftServerConfigKeys (ConfUtils.java:logGet(43)) - raft.server.leader.election.timeout = 120s (custom)
2019-09-12 11:49:53,467 [pool-71-thread-1] INFO  server.RaftServerConfigKeys (ConfUtils.java:logGet(43)) - raft.server.log.use.memory = false (default)
2019-09-12 11:49:53,467 [pool-71-thread-1] INFO  server.RaftServerConfigKeys (ConfUtils.java:logGet(43)) - raft.server.log.purge.gap = 1000000 (custom)
2019-09-12 11:49:53,467 [pool-71-thread-1] INFO  server.RaftServerConfigKeys (ConfUtils.java:logGet(43)) - raft.server.log.appender.buffer.byte-limit = 33554432 (custom)
2019-09-12 11:49:53,467 [pool-71-thread-1] INFO  server.RaftServerConfigKeys (ConfUtils.java:logGet(43)) - raft.server.log.segment.size.max = 1048576 (custom)
2019-09-12 11:49:53,467 [pool-71-thread-1] INFO  server.RaftServerConfigKeys (ConfUtils.java:logGet(43)) - raft.server.log.segment.cache.num.max = 2 (custom)
2019-09-12 11:49:53,467 [pool-71-thread-1] INFO  segmented.SegmentedRaftLogWorker (SegmentedRaftLogWorker.java:<init>(172)) - new 3adca0c9-7635-4314-8dcd-426c8d10965a-SegmentedRaftLogWorker:Storage Directory /workdir/hadoop-ozone/tools/target/test-dir/MiniOzoneClusterImpl-48448ead-6be7-4ea0-abfc-19da8f63b657/datanode-4/data/ratis/c784afa5-0089-4e3c-a33f-9d34ff9a9c1e for RaftStorage:Storage Directory /workdir/hadoop-ozone/tools/target/test-dir/MiniOzoneClusterImpl-48448ead-6be7-4ea0-abfc-19da8f63b657/datanode-4/data/ratis/c784afa5-0089-4e3c-a33f-9d34ff9a9c1e
2019-09-12 11:49:53,467 [pool-71-thread-1] INFO  server.RaftServerConfigKeys (ConfUtils.java:logGet(43)) - raft.server.log.queue.byte-limit = 2147483647 (custom)
2019-09-12 11:49:53,468 [pool-71-thread-1] INFO  server.RaftServerConfigKeys (ConfUtils.java:logGet(43)) - raft.server.log.queue.element-limit = 1024 (custom)
2019-09-12 11:49:53,468 [pool-71-thread-1] INFO  server.RaftServerConfigKeys (ConfUtils.java:logGet(43)) - raft.server.log.segment.size.max = 1048576 (custom)
2019-09-12 11:49:53,468 [pool-71-thread-1] INFO  server.RaftServerConfigKeys (ConfUtils.java:logGet(43)) - raft.server.log.preallocated.size = 16384 (custom)
2019-09-12 11:49:53,468 [pool-71-thread-1] INFO  server.RaftServerConfigKeys (ConfUtils.java:logGet(43)) - raft.server.log.write.buffer.size = 33554432 (custom)
2019-09-12 11:49:53,468 [pool-71-thread-1] INFO  server.RaftServerConfigKeys (ConfUtils.java:logGet(43)) - raft.server.log.force.sync.num = 128 (default)
2019-09-12 11:49:53,468 [pool-71-thread-1] INFO  server.RaftServerConfigKeys (ConfUtils.java:logGet(43)) - raft.server.log.statemachine.data.sync = true (default)
2019-09-12 11:49:53,469 [pool-71-thread-1] INFO  server.RaftServerConfigKeys (ConfUtils.java:logGet(43)) - raft.server.log.statemachine.data.sync.timeout = 10s (default)
2019-09-12 11:49:53,469 [pool-71-thread-1] INFO  server.RaftServerConfigKeys (ConfUtils.java:logGet(43)) - raft.server.log.statemachine.data.sync.timeout.retry = -1 (default)
2019-09-12 11:49:53,469 [pool-71-thread-1] INFO  server.RaftServerConfigKeys (ConfUtils.java:logGet(43)) - raft.server.log.statemachine.data.caching.enabled = true (custom)
2019-09-12 11:49:53,469 [pool-71-thread-1] INFO  segmented.SegmentedRaftLogWorker (SegmentedRaftLogWorker.java:lambda$new$0(132)) - 3adca0c9-7635-4314-8dcd-426c8d10965a-SegmentedRaftLogWorker:Storage Directory /workdir/hadoop-ozone/tools/target/test-dir/MiniOzoneClusterImpl-48448ead-6be7-4ea0-abfc-19da8f63b657/datanode-4/data/ratis/c784afa5-0089-4e3c-a33f-9d34ff9a9c1e: flushIndex: setUnconditionally 0 -> -1
2019-09-12 11:49:53,470 [pool-71-thread-1] INFO  server.RaftServerConfigKeys (ConfUtils.java:logGet(43)) - raft.server.snapshot.auto.trigger.enabled = true (custom)
2019-09-12 11:49:53,470 [pool-71-thread-1] INFO  server.RaftServerConfigKeys (ConfUtils.java:logGet(43)) - raft.server.snapshot.auto.trigger.threshold = 10000 (custom)
2019-09-12 11:49:53,470 [pool-71-thread-1] INFO  server.RaftServerConfigKeys (ConfUtils.java:logGet(43)) - raft.server.retrycache.expirytime = 600000ms (custom)
2019-09-12 11:49:53,470 [pool-71-thread-1] INFO  impl.RaftServerImpl (RaftServerImpl.java:start(180)) - 3adca0c9-7635-4314-8dcd-426c8d10965a: start group-9D34FF9A9C1E
2019-09-12 11:49:53,470 [pool-71-thread-1] INFO  impl.RaftServerImpl (RaftServerImpl.java:setRole(171)) - 3adca0c9-7635-4314-8dcd-426c8d10965a:group-9D34FF9A9C1E changes role from null to FOLLOWER at term 0 for startAsFollower
2019-09-12 11:49:53,470 [pool-71-thread-1] INFO  impl.RoleInfo (RoleInfo.java:updateAndGet(143)) - 3adca0c9-7635-4314-8dcd-426c8d10965a: start FollowerState
2019-09-12 11:49:53,471 [pool-71-thread-1] INFO  util.JmxRegister (JmxRegister.java:tryRegister(44)) - Successfully registered JMX Bean with object name Ratis:service=RaftServer,group=group-9D34FF9A9C1E,id=3adca0c9-7635-4314-8dcd-426c8d10965a
2019-09-12 11:49:53,482 [RatisPipelineUtilsThread] INFO  pipeline.PipelineStateManager (PipelineStateManager.java:addPipeline(56)) - Created pipeline Pipeline[ Id: c784afa5-0089-4e3c-a33f-9d34ff9a9c1e, Nodes: 3adca0c9-7635-4314-8dcd-426c8d10965a{ip: 192.168.36.114, host: pr-hdds-1569-58hkm-1881083799, networkLocation: /default-rack, certSerialId: null}, Type:RATIS, Factor:ONE, State:OPEN]
2019-09-12 11:49:53,501 [grpc-default-executor-0] INFO  impl.RaftServerProxy (RaftServerProxy.java:addNew(89)) - a32c3c57-45cd-4630-bd30-a1be9f286e13: addNew group-765EE363B3C0:[a32c3c57-45cd-4630-bd30-a1be9f286e13:192.168.36.114:41176] returns group-765EE363B3C0:java.util.concurrent.CompletableFuture@2ac6b384[Not completed]
2019-09-12 11:49:53,502 [pool-49-thread-1] INFO  impl.RaftServerImpl (RaftServerImpl.java:<init>(93)) - a32c3c57-45cd-4630-bd30-a1be9f286e13: new RaftServerImpl for group-765EE363B3C0:[a32c3c57-45cd-4630-bd30-a1be9f286e13:192.168.36.114:41176] with ContainerStateMachine:uninitialized
2019-09-12 11:49:53,502 [pool-49-thread-1] INFO  server.RaftServerConfigKeys (ConfUtils.java:logGet(43)) - raft.server.rpc.timeout.min = 5s (custom)
2019-09-12 11:49:53,503 [pool-49-thread-1] INFO  server.RaftServerConfigKeys (ConfUtils.java:logGet(43)) - raft.server.rpc.timeout.max = 5200ms (custom)
2019-09-12 11:49:53,503 [pool-49-thread-1] INFO  server.RaftServerConfigKeys (ConfUtils.java:logGet(43)) - raft.server.rpcslowness.timeout = 120s (custom)
2019-09-12 11:49:53,503 [pool-49-thread-1] INFO  server.RaftServerConfigKeys (ConfUtils.java:logGet(43)) - raft.server.sleep.deviation.threshold = 300 (default)
2019-09-12 11:49:53,503 [pool-49-thread-1] INFO  server.RaftServerConfigKeys (ConfUtils.java:logGet(43)) - raft.server.log.appender.install.snapshot.enabled = false (custom)
2019-09-12 11:49:53,503 [pool-49-thread-1] INFO  impl.RaftServerImpl (ServerState.java:<init>(105)) - a32c3c57-45cd-4630-bd30-a1be9f286e13:group-765EE363B3C0 ConfigurationManager, init=-1: [a32c3c57-45cd-4630-bd30-a1be9f286e13:192.168.36.114:41176], old=null, confs=<EMPTY_MAP>
2019-09-12 11:49:53,504 [pool-49-thread-1] INFO  server.RaftServerConfigKeys (ConfUtils.java:logGet(43)) - raft.server.storage.dir = [/workdir/hadoop-ozone/tools/target/test-dir/MiniOzoneClusterImpl-48448ead-6be7-4ea0-abfc-19da8f63b657/datanode-2/data/ratis] (custom)
2019-09-12 11:49:53,504 [pool-49-thread-1] INFO  storage.RaftStorageDirectory (RaftStorageDirectory.java:analyzeStorage(246)) - The storage directory /workdir/hadoop-ozone/tools/target/test-dir/MiniOzoneClusterImpl-48448ead-6be7-4ea0-abfc-19da8f63b657/datanode-2/data/ratis/ee73fb78-15cf-4255-b4ea-765ee363b3c0 does not exist. Creating ...
2019-09-12 11:49:53,517 [pool-49-thread-1] INFO  storage.RaftStorageDirectory (RaftStorageDirectory.java:tryLock(328)) - Lock on /workdir/hadoop-ozone/tools/target/test-dir/MiniOzoneClusterImpl-48448ead-6be7-4ea0-abfc-19da8f63b657/datanode-2/data/ratis/ee73fb78-15cf-4255-b4ea-765ee363b3c0/in_use.lock acquired by nodename 19442@pr-hdds-1569-58hkm-1881083799
2019-09-12 11:49:53,529 [pool-49-thread-1] INFO  storage.RaftStorage (RaftStorage.java:format(72)) - Storage directory /workdir/hadoop-ozone/tools/target/test-dir/MiniOzoneClusterImpl-48448ead-6be7-4ea0-abfc-19da8f63b657/datanode-2/data/ratis/ee73fb78-15cf-4255-b4ea-765ee363b3c0 has been successfully formatted.
2019-09-12 11:49:53,530 [pool-49-thread-1] INFO  ratis.ContainerStateMachine (ContainerStateMachine.java:loadSnapshot(226)) - group-765EE363B3C0: The snapshot info is null. Setting the last applied indexto:(t:0, i:~)
2019-09-12 11:49:53,530 [pool-49-thread-1] INFO  server.RaftServerConfigKeys (ConfUtils.java:logGet(43)) - raft.server.leader.election.timeout = 120s (custom)
2019-09-12 11:49:53,530 [pool-49-thread-1] INFO  server.RaftServerConfigKeys (ConfUtils.java:logGet(43)) - raft.server.log.use.memory = false (default)
2019-09-12 11:49:53,530 [pool-49-thread-1] INFO  server.RaftServerConfigKeys (ConfUtils.java:logGet(43)) - raft.server.log.purge.gap = 1000000 (custom)
2019-09-12 11:49:53,531 [pool-49-thread-1] INFO  server.RaftServerConfigKeys (ConfUtils.java:logGet(43)) - raft.server.log.appender.buffer.byte-limit = 33554432 (custom)
2019-09-12 11:49:53,531 [pool-49-thread-1] INFO  server.RaftServerConfigKeys (ConfUtils.java:logGet(43)) - raft.server.log.segment.size.max = 1048576 (custom)
2019-09-12 11:49:53,531 [pool-49-thread-1] INFO  server.RaftServerConfigKeys (ConfUtils.java:logGet(43)) - raft.server.log.segment.cache.num.max = 2 (custom)
2019-09-12 11:49:53,531 [pool-49-thread-1] INFO  segmented.SegmentedRaftLogWorker (SegmentedRaftLogWorker.java:<init>(172)) - new a32c3c57-45cd-4630-bd30-a1be9f286e13-SegmentedRaftLogWorker:Storage Directory /workdir/hadoop-ozone/tools/target/test-dir/MiniOzoneClusterImpl-48448ead-6be7-4ea0-abfc-19da8f63b657/datanode-2/data/ratis/ee73fb78-15cf-4255-b4ea-765ee363b3c0 for RaftStorage:Storage Directory /workdir/hadoop-ozone/tools/target/test-dir/MiniOzoneClusterImpl-48448ead-6be7-4ea0-abfc-19da8f63b657/datanode-2/data/ratis/ee73fb78-15cf-4255-b4ea-765ee363b3c0
2019-09-12 11:49:53,531 [pool-49-thread-1] INFO  server.RaftServerConfigKeys (ConfUtils.java:logGet(43)) - raft.server.log.queue.byte-limit = 2147483647 (custom)
2019-09-12 11:49:53,531 [pool-49-thread-1] INFO  server.RaftServerConfigKeys (ConfUtils.java:logGet(43)) - raft.server.log.queue.element-limit = 1024 (custom)
2019-09-12 11:49:53,532 [pool-49-thread-1] INFO  server.RaftServerConfigKeys (ConfUtils.java:logGet(43)) - raft.server.log.segment.size.max = 1048576 (custom)
2019-09-12 11:49:53,532 [pool-49-thread-1] INFO  server.RaftServerConfigKeys (ConfUtils.java:logGet(43)) - raft.server.log.preallocated.size = 16384 (custom)
2019-09-12 11:49:53,532 [pool-49-thread-1] INFO  server.RaftServerConfigKeys (ConfUtils.java:logGet(43)) - raft.server.log.write.buffer.size = 33554432 (custom)
2019-09-12 11:49:53,532 [pool-49-thread-1] INFO  server.RaftServerConfigKeys (ConfUtils.java:logGet(43)) - raft.server.log.force.sync.num = 128 (default)
2019-09-12 11:49:53,532 [pool-49-thread-1] INFO  server.RaftServerConfigKeys (ConfUtils.java:logGet(43)) - raft.server.log.statemachine.data.sync = true (default)
2019-09-12 11:49:53,533 [pool-49-thread-1] INFO  server.RaftServerConfigKeys (ConfUtils.java:logGet(43)) - raft.server.log.statemachine.data.sync.timeout = 10s (default)
2019-09-12 11:49:53,533 [pool-49-thread-1] INFO  server.RaftServerConfigKeys (ConfUtils.java:logGet(43)) - raft.server.log.statemachine.data.sync.timeout.retry = -1 (default)
2019-09-12 11:49:53,533 [pool-49-thread-1] INFO  server.RaftServerConfigKeys (ConfUtils.java:logGet(43)) - raft.server.log.statemachine.data.caching.enabled = true (custom)
2019-09-12 11:49:53,533 [pool-49-thread-1] INFO  segmented.SegmentedRaftLogWorker (SegmentedRaftLogWorker.java:lambda$new$0(132)) - a32c3c57-45cd-4630-bd30-a1be9f286e13-SegmentedRaftLogWorker:Storage Directory /workdir/hadoop-ozone/tools/target/test-dir/MiniOzoneClusterImpl-48448ead-6be7-4ea0-abfc-19da8f63b657/datanode-2/data/ratis/ee73fb78-15cf-4255-b4ea-765ee363b3c0: flushIndex: setUnconditionally 0 -> -1
2019-09-12 11:49:53,534 [pool-49-thread-1] INFO  server.RaftServerConfigKeys (ConfUtils.java:logGet(43)) - raft.server.snapshot.auto.trigger.enabled = true (custom)
2019-09-12 11:49:53,534 [pool-49-thread-1] INFO  server.RaftServerConfigKeys (ConfUtils.java:logGet(43)) - raft.server.snapshot.auto.trigger.threshold = 10000 (custom)
2019-09-12 11:49:53,534 [pool-49-thread-1] INFO  server.RaftServerConfigKeys (ConfUtils.java:logGet(43)) - raft.server.retrycache.expirytime = 600000ms (custom)
2019-09-12 11:49:53,534 [pool-49-thread-1] INFO  impl.RaftServerImpl (RaftServerImpl.java:start(180)) - a32c3c57-45cd-4630-bd30-a1be9f286e13: start group-765EE363B3C0
2019-09-12 11:49:53,534 [pool-49-thread-1] INFO  impl.RaftServerImpl (RaftServerImpl.java:setRole(171)) - a32c3c57-45cd-4630-bd30-a1be9f286e13:group-765EE363B3C0 changes role from null to FOLLOWER at term 0 for startAsFollower
2019-09-12 11:49:53,535 [pool-49-thread-1] INFO  impl.RoleInfo (RoleInfo.java:updateAndGet(143)) - a32c3c57-45cd-4630-bd30-a1be9f286e13: start FollowerState
2019-09-12 11:49:53,535 [pool-49-thread-1] INFO  util.JmxRegister (JmxRegister.java:tryRegister(44)) - Successfully registered JMX Bean with object name Ratis:service=RaftServer,group=group-765EE363B3C0,id=a32c3c57-45cd-4630-bd30-a1be9f286e13
2019-09-12 11:49:53,552 [RatisPipelineUtilsThread] INFO  pipeline.PipelineStateManager (PipelineStateManager.java:addPipeline(56)) - Created pipeline Pipeline[ Id: ee73fb78-15cf-4255-b4ea-765ee363b3c0, Nodes: a32c3c57-45cd-4630-bd30-a1be9f286e13{ip: 192.168.36.114, host: pr-hdds-1569-58hkm-1881083799, networkLocation: /default-rack, certSerialId: null}, Type:RATIS, Factor:ONE, State:OPEN]
2019-09-12 11:49:53,567 [grpc-default-executor-0] INFO  impl.RaftServerProxy (RaftServerProxy.java:addNew(89)) - a32c3c57-45cd-4630-bd30-a1be9f286e13: addNew group-F2903BD0543A:[a32c3c57-45cd-4630-bd30-a1be9f286e13:192.168.36.114:41176] returns group-F2903BD0543A:java.util.concurrent.CompletableFuture@8154897[Not completed]
2019-09-12 11:49:53,569 [pool-49-thread-1] INFO  impl.RaftServerImpl (RaftServerImpl.java:<init>(93)) - a32c3c57-45cd-4630-bd30-a1be9f286e13: new RaftServerImpl for group-F2903BD0543A:[a32c3c57-45cd-4630-bd30-a1be9f286e13:192.168.36.114:41176] with ContainerStateMachine:uninitialized
2019-09-12 11:49:53,569 [pool-49-thread-1] INFO  server.RaftServerConfigKeys (ConfUtils.java:logGet(43)) - raft.server.rpc.timeout.min = 5s (custom)
2019-09-12 11:49:53,569 [pool-49-thread-1] INFO  server.RaftServerConfigKeys (ConfUtils.java:logGet(43)) - raft.server.rpc.timeout.max = 5200ms (custom)
2019-09-12 11:49:53,569 [pool-49-thread-1] INFO  server.RaftServerConfigKeys (ConfUtils.java:logGet(43)) - raft.server.rpcslowness.timeout = 120s (custom)
2019-09-12 11:49:53,569 [pool-49-thread-1] INFO  server.RaftServerConfigKeys (ConfUtils.java:logGet(43)) - raft.server.sleep.deviation.threshold = 300 (default)
2019-09-12 11:49:53,569 [pool-49-thread-1] INFO  server.RaftServerConfigKeys (ConfUtils.java:logGet(43)) - raft.server.log.appender.install.snapshot.enabled = false (custom)
2019-09-12 11:49:53,570 [pool-49-thread-1] INFO  impl.RaftServerImpl (ServerState.java:<init>(105)) - a32c3c57-45cd-4630-bd30-a1be9f286e13:group-F2903BD0543A ConfigurationManager, init=-1: [a32c3c57-45cd-4630-bd30-a1be9f286e13:192.168.36.114:41176], old=null, confs=<EMPTY_MAP>
2019-09-12 11:49:53,570 [pool-49-thread-1] INFO  server.RaftServerConfigKeys (ConfUtils.java:logGet(43)) - raft.server.storage.dir = [/workdir/hadoop-ozone/tools/target/test-dir/MiniOzoneClusterImpl-48448ead-6be7-4ea0-abfc-19da8f63b657/datanode-2/data/ratis] (custom)
2019-09-12 11:49:53,570 [pool-49-thread-1] INFO  storage.RaftStorageDirectory (RaftStorageDirectory.java:analyzeStorage(246)) - The storage directory /workdir/hadoop-ozone/tools/target/test-dir/MiniOzoneClusterImpl-48448ead-6be7-4ea0-abfc-19da8f63b657/datanode-2/data/ratis/c47ab26b-c9d1-4c45-856c-f2903bd0543a does not exist. Creating ...
2019-09-12 11:49:53,584 [pool-49-thread-1] INFO  storage.RaftStorageDirectory (RaftStorageDirectory.java:tryLock(328)) - Lock on /workdir/hadoop-ozone/tools/target/test-dir/MiniOzoneClusterImpl-48448ead-6be7-4ea0-abfc-19da8f63b657/datanode-2/data/ratis/c47ab26b-c9d1-4c45-856c-f2903bd0543a/in_use.lock acquired by nodename 19442@pr-hdds-1569-58hkm-1881083799
2019-09-12 11:49:53,597 [pool-49-thread-1] INFO  storage.RaftStorage (RaftStorage.java:format(72)) - Storage directory /workdir/hadoop-ozone/tools/target/test-dir/MiniOzoneClusterImpl-48448ead-6be7-4ea0-abfc-19da8f63b657/datanode-2/data/ratis/c47ab26b-c9d1-4c45-856c-f2903bd0543a has been successfully formatted.
2019-09-12 11:49:53,597 [pool-49-thread-1] INFO  ratis.ContainerStateMachine (ContainerStateMachine.java:loadSnapshot(226)) - group-F2903BD0543A: The snapshot info is null. Setting the last applied indexto:(t:0, i:~)
2019-09-12 11:49:53,597 [pool-49-thread-1] INFO  server.RaftServerConfigKeys (ConfUtils.java:logGet(43)) - raft.server.leader.election.timeout = 120s (custom)
2019-09-12 11:49:53,597 [pool-49-thread-1] INFO  server.RaftServerConfigKeys (ConfUtils.java:logGet(43)) - raft.server.log.use.memory = false (default)
2019-09-12 11:49:53,597 [pool-49-thread-1] INFO  server.RaftServerConfigKeys (ConfUtils.java:logGet(43)) - raft.server.log.purge.gap = 1000000 (custom)
2019-09-12 11:49:53,598 [pool-49-thread-1] INFO  server.RaftServerConfigKeys (ConfUtils.java:logGet(43)) - raft.server.log.appender.buffer.byte-limit = 33554432 (custom)
2019-09-12 11:49:53,598 [pool-49-thread-1] INFO  server.RaftServerConfigKeys (ConfUtils.java:logGet(43)) - raft.server.log.segment.size.max = 1048576 (custom)
2019-09-12 11:49:53,598 [pool-49-thread-1] INFO  server.RaftServerConfigKeys (ConfUtils.java:logGet(43)) - raft.server.log.segment.cache.num.max = 2 (custom)
2019-09-12 11:49:53,598 [pool-49-thread-1] INFO  segmented.SegmentedRaftLogWorker (SegmentedRaftLogWorker.java:<init>(172)) - new a32c3c57-45cd-4630-bd30-a1be9f286e13-SegmentedRaftLogWorker:Storage Directory /workdir/hadoop-ozone/tools/target/test-dir/MiniOzoneClusterImpl-48448ead-6be7-4ea0-abfc-19da8f63b657/datanode-2/data/ratis/c47ab26b-c9d1-4c45-856c-f2903bd0543a for RaftStorage:Storage Directory /workdir/hadoop-ozone/tools/target/test-dir/MiniOzoneClusterImpl-48448ead-6be7-4ea0-abfc-19da8f63b657/datanode-2/data/ratis/c47ab26b-c9d1-4c45-856c-f2903bd0543a
2019-09-12 11:49:53,598 [pool-49-thread-1] INFO  server.RaftServerConfigKeys (ConfUtils.java:logGet(43)) - raft.server.log.queue.byte-limit = 2147483647 (custom)
2019-09-12 11:49:53,598 [pool-49-thread-1] INFO  server.RaftServerConfigKeys (ConfUtils.java:logGet(43)) - raft.server.log.queue.element-limit = 1024 (custom)
2019-09-12 11:49:53,599 [pool-49-thread-1] INFO  server.RaftServerConfigKeys (ConfUtils.java:logGet(43)) - raft.server.log.segment.size.max = 1048576 (custom)
2019-09-12 11:49:53,599 [pool-49-thread-1] INFO  server.RaftServerConfigKeys (ConfUtils.java:logGet(43)) - raft.server.log.preallocated.size = 16384 (custom)
2019-09-12 11:49:53,599 [pool-49-thread-1] INFO  server.RaftServerConfigKeys (ConfUtils.java:logGet(43)) - raft.server.log.write.buffer.size = 33554432 (custom)
2019-09-12 11:49:53,599 [pool-49-thread-1] INFO  server.RaftServerConfigKeys (ConfUtils.java:logGet(43)) - raft.server.log.force.sync.num = 128 (default)
2019-09-12 11:49:53,599 [pool-49-thread-1] INFO  server.RaftServerConfigKeys (ConfUtils.java:logGet(43)) - raft.server.log.statemachine.data.sync = true (default)
2019-09-12 11:49:53,599 [pool-49-thread-1] INFO  server.RaftServerConfigKeys (ConfUtils.java:logGet(43)) - raft.server.log.statemachine.data.sync.timeout = 10s (default)
2019-09-12 11:49:53,599 [pool-49-thread-1] INFO  server.RaftServerConfigKeys (ConfUtils.java:logGet(43)) - raft.server.log.statemachine.data.sync.timeout.retry = -1 (default)
2019-09-12 11:49:53,600 [pool-49-thread-1] INFO  server.RaftServerConfigKeys (ConfUtils.java:logGet(43)) - raft.server.log.statemachine.data.caching.enabled = true (custom)
2019-09-12 11:49:53,600 [pool-49-thread-1] INFO  segmented.SegmentedRaftLogWorker (SegmentedRaftLogWorker.java:lambda$new$0(132)) - a32c3c57-45cd-4630-bd30-a1be9f286e13-SegmentedRaftLogWorker:Storage Directory /workdir/hadoop-ozone/tools/target/test-dir/MiniOzoneClusterImpl-48448ead-6be7-4ea0-abfc-19da8f63b657/datanode-2/data/ratis/c47ab26b-c9d1-4c45-856c-f2903bd0543a: flushIndex: setUnconditionally 0 -> -1
2019-09-12 11:49:53,600 [pool-49-thread-1] INFO  server.RaftServerConfigKeys (ConfUtils.java:logGet(43)) - raft.server.snapshot.auto.trigger.enabled = true (custom)
2019-09-12 11:49:53,601 [pool-49-thread-1] INFO  server.RaftServerConfigKeys (ConfUtils.java:logGet(43)) - raft.server.snapshot.auto.trigger.threshold = 10000 (custom)
2019-09-12 11:49:53,601 [pool-49-thread-1] INFO  server.RaftServerConfigKeys (ConfUtils.java:logGet(43)) - raft.server.retrycache.expirytime = 600000ms (custom)
2019-09-12 11:49:53,601 [pool-49-thread-1] INFO  impl.RaftServerImpl (RaftServerImpl.java:start(180)) - a32c3c57-45cd-4630-bd30-a1be9f286e13: start group-F2903BD0543A
2019-09-12 11:49:53,601 [pool-49-thread-1] INFO  impl.RaftServerImpl (RaftServerImpl.java:setRole(171)) - a32c3c57-45cd-4630-bd30-a1be9f286e13:group-F2903BD0543A changes role from null to FOLLOWER at term 0 for startAsFollower
2019-09-12 11:49:53,601 [pool-49-thread-1] INFO  impl.RoleInfo (RoleInfo.java:updateAndGet(143)) - a32c3c57-45cd-4630-bd30-a1be9f286e13: start FollowerState
2019-09-12 11:49:53,602 [pool-49-thread-1] INFO  util.JmxRegister (JmxRegister.java:tryRegister(44)) - Successfully registered JMX Bean with object name Ratis:service=RaftServer,group=group-F2903BD0543A,id=a32c3c57-45cd-4630-bd30-a1be9f286e13
2019-09-12 11:49:53,617 [RatisPipelineUtilsThread] INFO  pipeline.PipelineStateManager (PipelineStateManager.java:addPipeline(56)) - Created pipeline Pipeline[ Id: c47ab26b-c9d1-4c45-856c-f2903bd0543a, Nodes: a32c3c57-45cd-4630-bd30-a1be9f286e13{ip: 192.168.36.114, host: pr-hdds-1569-58hkm-1881083799, networkLocation: /default-rack, certSerialId: null}, Type:RATIS, Factor:ONE, State:OPEN]
2019-09-12 11:49:53,631 [grpc-default-executor-0] INFO  impl.RaftServerProxy (RaftServerProxy.java:addNew(89)) - a32c3c57-45cd-4630-bd30-a1be9f286e13: addNew group-91ABE55755BD:[a32c3c57-45cd-4630-bd30-a1be9f286e13:192.168.36.114:41176] returns group-91ABE55755BD:java.util.concurrent.CompletableFuture@14398fa3[Not completed]
2019-09-12 11:49:53,633 [pool-49-thread-1] INFO  impl.RaftServerImpl (RaftServerImpl.java:<init>(93)) - a32c3c57-45cd-4630-bd30-a1be9f286e13: new RaftServerImpl for group-91ABE55755BD:[a32c3c57-45cd-4630-bd30-a1be9f286e13:192.168.36.114:41176] with ContainerStateMachine:uninitialized
2019-09-12 11:49:53,633 [pool-49-thread-1] INFO  server.RaftServerConfigKeys (ConfUtils.java:logGet(43)) - raft.server.rpc.timeout.min = 5s (custom)
2019-09-12 11:49:53,633 [pool-49-thread-1] INFO  server.RaftServerConfigKeys (ConfUtils.java:logGet(43)) - raft.server.rpc.timeout.max = 5200ms (custom)
2019-09-12 11:49:53,633 [pool-49-thread-1] INFO  server.RaftServerConfigKeys (ConfUtils.java:logGet(43)) - raft.server.rpcslowness.timeout = 120s (custom)
2019-09-12 11:49:53,633 [pool-49-thread-1] INFO  server.RaftServerConfigKeys (ConfUtils.java:logGet(43)) - raft.server.sleep.deviation.threshold = 300 (default)
2019-09-12 11:49:53,633 [pool-49-thread-1] INFO  server.RaftServerConfigKeys (ConfUtils.java:logGet(43)) - raft.server.log.appender.install.snapshot.enabled = false (custom)
2019-09-12 11:49:53,634 [pool-49-thread-1] INFO  impl.RaftServerImpl (ServerState.java:<init>(105)) - a32c3c57-45cd-4630-bd30-a1be9f286e13:group-91ABE55755BD ConfigurationManager, init=-1: [a32c3c57-45cd-4630-bd30-a1be9f286e13:192.168.36.114:41176], old=null, confs=<EMPTY_MAP>
2019-09-12 11:49:53,634 [pool-49-thread-1] INFO  server.RaftServerConfigKeys (ConfUtils.java:logGet(43)) - raft.server.storage.dir = [/workdir/hadoop-ozone/tools/target/test-dir/MiniOzoneClusterImpl-48448ead-6be7-4ea0-abfc-19da8f63b657/datanode-2/data/ratis] (custom)
2019-09-12 11:49:53,634 [pool-49-thread-1] INFO  storage.RaftStorageDirectory (RaftStorageDirectory.java:analyzeStorage(246)) - The storage directory /workdir/hadoop-ozone/tools/target/test-dir/MiniOzoneClusterImpl-48448ead-6be7-4ea0-abfc-19da8f63b657/datanode-2/data/ratis/87d90e80-4179-4ae6-9b93-91abe55755bd does not exist. Creating ...
2019-09-12 11:49:53,647 [pool-49-thread-1] INFO  storage.RaftStorageDirectory (RaftStorageDirectory.java:tryLock(328)) - Lock on /workdir/hadoop-ozone/tools/target/test-dir/MiniOzoneClusterImpl-48448ead-6be7-4ea0-abfc-19da8f63b657/datanode-2/data/ratis/87d90e80-4179-4ae6-9b93-91abe55755bd/in_use.lock acquired by nodename 19442@pr-hdds-1569-58hkm-1881083799
2019-09-12 11:49:53,660 [pool-49-thread-1] INFO  storage.RaftStorage (RaftStorage.java:format(72)) - Storage directory /workdir/hadoop-ozone/tools/target/test-dir/MiniOzoneClusterImpl-48448ead-6be7-4ea0-abfc-19da8f63b657/datanode-2/data/ratis/87d90e80-4179-4ae6-9b93-91abe55755bd has been successfully formatted.
2019-09-12 11:49:53,660 [pool-49-thread-1] INFO  ratis.ContainerStateMachine (ContainerStateMachine.java:loadSnapshot(226)) - group-91ABE55755BD: The snapshot info is null. Setting the last applied indexto:(t:0, i:~)
2019-09-12 11:49:53,660 [pool-49-thread-1] INFO  server.RaftServerConfigKeys (ConfUtils.java:logGet(43)) - raft.server.leader.election.timeout = 120s (custom)
2019-09-12 11:49:53,661 [pool-49-thread-1] INFO  server.RaftServerConfigKeys (ConfUtils.java:logGet(43)) - raft.server.log.use.memory = false (default)
2019-09-12 11:49:53,661 [pool-49-thread-1] INFO  server.RaftServerConfigKeys (ConfUtils.java:logGet(43)) - raft.server.log.purge.gap = 1000000 (custom)
2019-09-12 11:49:53,661 [pool-49-thread-1] INFO  server.RaftServerConfigKeys (ConfUtils.java:logGet(43)) - raft.server.log.appender.buffer.byte-limit = 33554432 (custom)
2019-09-12 11:49:53,661 [pool-49-thread-1] INFO  server.RaftServerConfigKeys (ConfUtils.java:logGet(43)) - raft.server.log.segment.size.max = 1048576 (custom)
2019-09-12 11:49:53,661 [pool-49-thread-1] INFO  server.RaftServerConfigKeys (ConfUtils.java:logGet(43)) - raft.server.log.segment.cache.num.max = 2 (custom)
2019-09-12 11:49:53,661 [pool-49-thread-1] INFO  segmented.SegmentedRaftLogWorker (SegmentedRaftLogWorker.java:<init>(172)) - new a32c3c57-45cd-4630-bd30-a1be9f286e13-SegmentedRaftLogWorker:Storage Directory /workdir/hadoop-ozone/tools/target/test-dir/MiniOzoneClusterImpl-48448ead-6be7-4ea0-abfc-19da8f63b657/datanode-2/data/ratis/87d90e80-4179-4ae6-9b93-91abe55755bd for RaftStorage:Storage Directory /workdir/hadoop-ozone/tools/target/test-dir/MiniOzoneClusterImpl-48448ead-6be7-4ea0-abfc-19da8f63b657/datanode-2/data/ratis/87d90e80-4179-4ae6-9b93-91abe55755bd
2019-09-12 11:49:53,662 [pool-49-thread-1] INFO  server.RaftServerConfigKeys (ConfUtils.java:logGet(43)) - raft.server.log.queue.byte-limit = 2147483647 (custom)
2019-09-12 11:49:53,662 [pool-49-thread-1] INFO  server.RaftServerConfigKeys (ConfUtils.java:logGet(43)) - raft.server.log.queue.element-limit = 1024 (custom)
2019-09-12 11:49:53,662 [pool-49-thread-1] INFO  server.RaftServerConfigKeys (ConfUtils.java:logGet(43)) - raft.server.log.segment.size.max = 1048576 (custom)
2019-09-12 11:49:53,662 [pool-49-thread-1] INFO  server.RaftServerConfigKeys (ConfUtils.java:logGet(43)) - raft.server.log.preallocated.size = 16384 (custom)
2019-09-12 11:49:53,662 [pool-49-thread-1] INFO  server.RaftServerConfigKeys (ConfUtils.java:logGet(43)) - raft.server.log.write.buffer.size = 33554432 (custom)
2019-09-12 11:49:53,662 [pool-49-thread-1] INFO  server.RaftServerConfigKeys (ConfUtils.java:logGet(43)) - raft.server.log.force.sync.num = 128 (default)
2019-09-12 11:49:53,662 [pool-49-thread-1] INFO  server.RaftServerConfigKeys (ConfUtils.java:logGet(43)) - raft.server.log.statemachine.data.sync = true (default)
2019-09-12 11:49:53,663 [pool-49-thread-1] INFO  server.RaftServerConfigKeys (ConfUtils.java:logGet(43)) - raft.server.log.statemachine.data.sync.timeout = 10s (default)
2019-09-12 11:49:53,663 [pool-49-thread-1] INFO  server.RaftServerConfigKeys (ConfUtils.java:logGet(43)) - raft.server.log.statemachine.data.sync.timeout.retry = -1 (default)
2019-09-12 11:49:53,663 [pool-49-thread-1] INFO  server.RaftServerConfigKeys (ConfUtils.java:logGet(43)) - raft.server.log.statemachine.data.caching.enabled = true (custom)
2019-09-12 11:49:53,663 [pool-49-thread-1] INFO  segmented.SegmentedRaftLogWorker (SegmentedRaftLogWorker.java:lambda$new$0(132)) - a32c3c57-45cd-4630-bd30-a1be9f286e13-SegmentedRaftLogWorker:Storage Directory /workdir/hadoop-ozone/tools/target/test-dir/MiniOzoneClusterImpl-48448ead-6be7-4ea0-abfc-19da8f63b657/datanode-2/data/ratis/87d90e80-4179-4ae6-9b93-91abe55755bd: flushIndex: setUnconditionally 0 -> -1
2019-09-12 11:49:53,664 [pool-49-thread-1] INFO  server.RaftServerConfigKeys (ConfUtils.java:logGet(43)) - raft.server.snapshot.auto.trigger.enabled = true (custom)
2019-09-12 11:49:53,664 [pool-49-thread-1] INFO  server.RaftServerConfigKeys (ConfUtils.java:logGet(43)) - raft.server.snapshot.auto.trigger.threshold = 10000 (custom)
2019-09-12 11:49:53,664 [pool-49-thread-1] INFO  server.RaftServerConfigKeys (ConfUtils.java:logGet(43)) - raft.server.retrycache.expirytime = 600000ms (custom)
2019-09-12 11:49:53,664 [pool-49-thread-1] INFO  impl.RaftServerImpl (RaftServerImpl.java:start(180)) - a32c3c57-45cd-4630-bd30-a1be9f286e13: start group-91ABE55755BD
2019-09-12 11:49:53,664 [pool-49-thread-1] INFO  impl.RaftServerImpl (RaftServerImpl.java:setRole(171)) - a32c3c57-45cd-4630-bd30-a1be9f286e13:group-91ABE55755BD changes role from null to FOLLOWER at term 0 for startAsFollower
2019-09-12 11:49:53,665 [pool-49-thread-1] INFO  impl.RoleInfo (RoleInfo.java:updateAndGet(143)) - a32c3c57-45cd-4630-bd30-a1be9f286e13: start FollowerState
2019-09-12 11:49:53,665 [pool-49-thread-1] INFO  util.JmxRegister (JmxRegister.java:tryRegister(44)) - Successfully registered JMX Bean with object name Ratis:service=RaftServer,group=group-91ABE55755BD,id=a32c3c57-45cd-4630-bd30-a1be9f286e13
2019-09-12 11:49:53,676 [RatisPipelineUtilsThread] INFO  pipeline.PipelineStateManager (PipelineStateManager.java:addPipeline(56)) - Created pipeline Pipeline[ Id: 87d90e80-4179-4ae6-9b93-91abe55755bd, Nodes: a32c3c57-45cd-4630-bd30-a1be9f286e13{ip: 192.168.36.114, host: pr-hdds-1569-58hkm-1881083799, networkLocation: /default-rack, certSerialId: null}, Type:RATIS, Factor:ONE, State:OPEN]
2019-09-12 11:49:53,691 [grpc-default-executor-1] INFO  impl.RaftServerProxy (RaftServerProxy.java:addNew(89)) - a32c3c57-45cd-4630-bd30-a1be9f286e13: addNew group-B38B28A5BBFF:[a32c3c57-45cd-4630-bd30-a1be9f286e13:192.168.36.114:41176] returns group-B38B28A5BBFF:java.util.concurrent.CompletableFuture@10583402[Not completed]
2019-09-12 11:49:53,694 [pool-49-thread-1] INFO  impl.RaftServerImpl (RaftServerImpl.java:<init>(93)) - a32c3c57-45cd-4630-bd30-a1be9f286e13: new RaftServerImpl for group-B38B28A5BBFF:[a32c3c57-45cd-4630-bd30-a1be9f286e13:192.168.36.114:41176] with ContainerStateMachine:uninitialized
2019-09-12 11:49:53,694 [pool-49-thread-1] INFO  server.RaftServerConfigKeys (ConfUtils.java:logGet(43)) - raft.server.rpc.timeout.min = 5s (custom)
2019-09-12 11:49:53,694 [pool-49-thread-1] INFO  server.RaftServerConfigKeys (ConfUtils.java:logGet(43)) - raft.server.rpc.timeout.max = 5200ms (custom)
2019-09-12 11:49:53,694 [pool-49-thread-1] INFO  server.RaftServerConfigKeys (ConfUtils.java:logGet(43)) - raft.server.rpcslowness.timeout = 120s (custom)
2019-09-12 11:49:53,695 [pool-49-thread-1] INFO  server.RaftServerConfigKeys (ConfUtils.java:logGet(43)) - raft.server.sleep.deviation.threshold = 300 (default)
2019-09-12 11:49:53,695 [pool-49-thread-1] INFO  server.RaftServerConfigKeys (ConfUtils.java:logGet(43)) - raft.server.log.appender.install.snapshot.enabled = false (custom)
2019-09-12 11:49:53,695 [pool-49-thread-1] INFO  impl.RaftServerImpl (ServerState.java:<init>(105)) - a32c3c57-45cd-4630-bd30-a1be9f286e13:group-B38B28A5BBFF ConfigurationManager, init=-1: [a32c3c57-45cd-4630-bd30-a1be9f286e13:192.168.36.114:41176], old=null, confs=<EMPTY_MAP>
2019-09-12 11:49:53,695 [pool-49-thread-1] INFO  server.RaftServerConfigKeys (ConfUtils.java:logGet(43)) - raft.server.storage.dir = [/workdir/hadoop-ozone/tools/target/test-dir/MiniOzoneClusterImpl-48448ead-6be7-4ea0-abfc-19da8f63b657/datanode-2/data/ratis] (custom)
2019-09-12 11:49:53,695 [pool-49-thread-1] INFO  storage.RaftStorageDirectory (RaftStorageDirectory.java:analyzeStorage(246)) - The storage directory /workdir/hadoop-ozone/tools/target/test-dir/MiniOzoneClusterImpl-48448ead-6be7-4ea0-abfc-19da8f63b657/datanode-2/data/ratis/78157b69-8c4c-493e-b092-b38b28a5bbff does not exist. Creating ...
2019-09-12 11:49:53,708 [pool-49-thread-1] INFO  storage.RaftStorageDirectory (RaftStorageDirectory.java:tryLock(328)) - Lock on /workdir/hadoop-ozone/tools/target/test-dir/MiniOzoneClusterImpl-48448ead-6be7-4ea0-abfc-19da8f63b657/datanode-2/data/ratis/78157b69-8c4c-493e-b092-b38b28a5bbff/in_use.lock acquired by nodename 19442@pr-hdds-1569-58hkm-1881083799
2019-09-12 11:49:53,720 [pool-49-thread-1] INFO  storage.RaftStorage (RaftStorage.java:format(72)) - Storage directory /workdir/hadoop-ozone/tools/target/test-dir/MiniOzoneClusterImpl-48448ead-6be7-4ea0-abfc-19da8f63b657/datanode-2/data/ratis/78157b69-8c4c-493e-b092-b38b28a5bbff has been successfully formatted.
2019-09-12 11:49:53,721 [pool-49-thread-1] INFO  ratis.ContainerStateMachine (ContainerStateMachine.java:loadSnapshot(226)) - group-B38B28A5BBFF: The snapshot info is null. Setting the last applied indexto:(t:0, i:~)
2019-09-12 11:49:53,721 [pool-49-thread-1] INFO  server.RaftServerConfigKeys (ConfUtils.java:logGet(43)) - raft.server.leader.election.timeout = 120s (custom)
2019-09-12 11:49:53,721 [pool-49-thread-1] INFO  server.RaftServerConfigKeys (ConfUtils.java:logGet(43)) - raft.server.log.use.memory = false (default)
2019-09-12 11:49:53,721 [pool-49-thread-1] INFO  server.RaftServerConfigKeys (ConfUtils.java:logGet(43)) - raft.server.log.purge.gap = 1000000 (custom)
2019-09-12 11:49:53,721 [pool-49-thread-1] INFO  server.RaftServerConfigKeys (ConfUtils.java:logGet(43)) - raft.server.log.appender.buffer.byte-limit = 33554432 (custom)
2019-09-12 11:49:53,721 [pool-49-thread-1] INFO  server.RaftServerConfigKeys (ConfUtils.java:logGet(43)) - raft.server.log.segment.size.max = 1048576 (custom)
2019-09-12 11:49:53,722 [pool-49-thread-1] INFO  server.RaftServerConfigKeys (ConfUtils.java:logGet(43)) - raft.server.log.segment.cache.num.max = 2 (custom)
2019-09-12 11:49:53,722 [pool-49-thread-1] INFO  segmented.SegmentedRaftLogWorker (SegmentedRaftLogWorker.java:<init>(172)) - new a32c3c57-45cd-4630-bd30-a1be9f286e13-SegmentedRaftLogWorker:Storage Directory /workdir/hadoop-ozone/tools/target/test-dir/MiniOzoneClusterImpl-48448ead-6be7-4ea0-abfc-19da8f63b657/datanode-2/data/ratis/78157b69-8c4c-493e-b092-b38b28a5bbff for RaftStorage:Storage Directory /workdir/hadoop-ozone/tools/target/test-dir/MiniOzoneClusterImpl-48448ead-6be7-4ea0-abfc-19da8f63b657/datanode-2/data/ratis/78157b69-8c4c-493e-b092-b38b28a5bbff
2019-09-12 11:49:53,722 [pool-49-thread-1] INFO  server.RaftServerConfigKeys (ConfUtils.java:logGet(43)) - raft.server.log.queue.byte-limit = 2147483647 (custom)
2019-09-12 11:49:53,722 [pool-49-thread-1] INFO  server.RaftServerConfigKeys (ConfUtils.java:logGet(43)) - raft.server.log.queue.element-limit = 1024 (custom)
2019-09-12 11:49:53,722 [pool-49-thread-1] INFO  server.RaftServerConfigKeys (ConfUtils.java:logGet(43)) - raft.server.log.segment.size.max = 1048576 (custom)
2019-09-12 11:49:53,722 [pool-49-thread-1] INFO  server.RaftServerConfigKeys (ConfUtils.java:logGet(43)) - raft.server.log.preallocated.size = 16384 (custom)
2019-09-12 11:49:53,723 [pool-49-thread-1] INFO  server.RaftServerConfigKeys (ConfUtils.java:logGet(43)) - raft.server.log.write.buffer.size = 33554432 (custom)
2019-09-12 11:49:53,723 [pool-49-thread-1] INFO  server.RaftServerConfigKeys (ConfUtils.java:logGet(43)) - raft.server.log.force.sync.num = 128 (default)
2019-09-12 11:49:53,723 [pool-49-thread-1] INFO  server.RaftServerConfigKeys (ConfUtils.java:logGet(43)) - raft.server.log.statemachine.data.sync = true (default)
2019-09-12 11:49:53,723 [pool-49-thread-1] INFO  server.RaftServerConfigKeys (ConfUtils.java:logGet(43)) - raft.server.log.statemachine.data.sync.timeout = 10s (default)
2019-09-12 11:49:53,723 [pool-49-thread-1] INFO  server.RaftServerConfigKeys (ConfUtils.java:logGet(43)) - raft.server.log.statemachine.data.sync.timeout.retry = -1 (default)
2019-09-12 11:49:53,723 [pool-49-thread-1] INFO  server.RaftServerConfigKeys (ConfUtils.java:logGet(43)) - raft.server.log.statemachine.data.caching.enabled = true (custom)
2019-09-12 11:49:53,724 [pool-49-thread-1] INFO  segmented.SegmentedRaftLogWorker (SegmentedRaftLogWorker.java:lambda$new$0(132)) - a32c3c57-45cd-4630-bd30-a1be9f286e13-SegmentedRaftLogWorker:Storage Directory /workdir/hadoop-ozone/tools/target/test-dir/MiniOzoneClusterImpl-48448ead-6be7-4ea0-abfc-19da8f63b657/datanode-2/data/ratis/78157b69-8c4c-493e-b092-b38b28a5bbff: flushIndex: setUnconditionally 0 -> -1
2019-09-12 11:49:53,724 [pool-49-thread-1] INFO  server.RaftServerConfigKeys (ConfUtils.java:logGet(43)) - raft.server.snapshot.auto.trigger.enabled = true (custom)
2019-09-12 11:49:53,724 [pool-49-thread-1] INFO  server.RaftServerConfigKeys (ConfUtils.java:logGet(43)) - raft.server.snapshot.auto.trigger.threshold = 10000 (custom)
2019-09-12 11:49:53,725 [pool-49-thread-1] INFO  server.RaftServerConfigKeys (ConfUtils.java:logGet(43)) - raft.server.retrycache.expirytime = 600000ms (custom)
2019-09-12 11:49:53,725 [pool-49-thread-1] INFO  impl.RaftServerImpl (RaftServerImpl.java:start(180)) - a32c3c57-45cd-4630-bd30-a1be9f286e13: start group-B38B28A5BBFF
2019-09-12 11:49:53,725 [pool-49-thread-1] INFO  impl.RaftServerImpl (RaftServerImpl.java:setRole(171)) - a32c3c57-45cd-4630-bd30-a1be9f286e13:group-B38B28A5BBFF changes role from null to FOLLOWER at term 0 for startAsFollower
2019-09-12 11:49:53,725 [pool-49-thread-1] INFO  impl.RoleInfo (RoleInfo.java:updateAndGet(143)) - a32c3c57-45cd-4630-bd30-a1be9f286e13: start FollowerState
2019-09-12 11:49:53,726 [pool-49-thread-1] INFO  util.JmxRegister (JmxRegister.java:tryRegister(44)) - Successfully registered JMX Bean with object name Ratis:service=RaftServer,group=group-B38B28A5BBFF,id=a32c3c57-45cd-4630-bd30-a1be9f286e13
2019-09-12 11:49:53,737 [RatisPipelineUtilsThread] INFO  pipeline.PipelineStateManager (PipelineStateManager.java:addPipeline(56)) - Created pipeline Pipeline[ Id: 78157b69-8c4c-493e-b092-b38b28a5bbff, Nodes: a32c3c57-45cd-4630-bd30-a1be9f286e13{ip: 192.168.36.114, host: pr-hdds-1569-58hkm-1881083799, networkLocation: /default-rack, certSerialId: null}, Type:RATIS, Factor:ONE, State:OPEN]
2019-09-12 11:49:53,753 [grpc-default-executor-1] INFO  impl.RaftServerProxy (RaftServerProxy.java:addNew(89)) - da13140e-97ff-4909-b236-e6528747f6c6: addNew group-5CB1281C1BA6:[da13140e-97ff-4909-b236-e6528747f6c6:192.168.36.114:44504] returns group-5CB1281C1BA6:java.util.concurrent.CompletableFuture@1aa05f72[Not completed]
2019-09-12 11:49:53,756 [pool-38-thread-1] INFO  impl.RaftServerImpl (RaftServerImpl.java:<init>(93)) - da13140e-97ff-4909-b236-e6528747f6c6: new RaftServerImpl for group-5CB1281C1BA6:[da13140e-97ff-4909-b236-e6528747f6c6:192.168.36.114:44504] with ContainerStateMachine:uninitialized
2019-09-12 11:49:53,756 [pool-38-thread-1] INFO  server.RaftServerConfigKeys (ConfUtils.java:logGet(43)) - raft.server.rpc.timeout.min = 5s (custom)
2019-09-12 11:49:53,756 [pool-38-thread-1] INFO  server.RaftServerConfigKeys (ConfUtils.java:logGet(43)) - raft.server.rpc.timeout.max = 5200ms (custom)
2019-09-12 11:49:53,757 [pool-38-thread-1] INFO  server.RaftServerConfigKeys (ConfUtils.java:logGet(43)) - raft.server.rpcslowness.timeout = 120s (custom)
2019-09-12 11:49:53,757 [pool-38-thread-1] INFO  server.RaftServerConfigKeys (ConfUtils.java:logGet(43)) - raft.server.sleep.deviation.threshold = 300 (default)
2019-09-12 11:49:53,757 [pool-38-thread-1] INFO  server.RaftServerConfigKeys (ConfUtils.java:logGet(43)) - raft.server.log.appender.install.snapshot.enabled = false (custom)
2019-09-12 11:49:53,758 [pool-38-thread-1] INFO  impl.RaftServerImpl (ServerState.java:<init>(105)) - da13140e-97ff-4909-b236-e6528747f6c6:group-5CB1281C1BA6 ConfigurationManager, init=-1: [da13140e-97ff-4909-b236-e6528747f6c6:192.168.36.114:44504], old=null, confs=<EMPTY_MAP>
2019-09-12 11:49:53,758 [pool-38-thread-1] INFO  server.RaftServerConfigKeys (ConfUtils.java:logGet(43)) - raft.server.storage.dir = [/workdir/hadoop-ozone/tools/target/test-dir/MiniOzoneClusterImpl-48448ead-6be7-4ea0-abfc-19da8f63b657/datanode-1/data/ratis] (custom)
2019-09-12 11:49:53,759 [pool-38-thread-1] INFO  storage.RaftStorageDirectory (RaftStorageDirectory.java:analyzeStorage(246)) - The storage directory /workdir/hadoop-ozone/tools/target/test-dir/MiniOzoneClusterImpl-48448ead-6be7-4ea0-abfc-19da8f63b657/datanode-1/data/ratis/88c5d58d-a329-4648-8dc1-5cb1281c1ba6 does not exist. Creating ...
2019-09-12 11:49:53,772 [pool-38-thread-1] INFO  storage.RaftStorageDirectory (RaftStorageDirectory.java:tryLock(328)) - Lock on /workdir/hadoop-ozone/tools/target/test-dir/MiniOzoneClusterImpl-48448ead-6be7-4ea0-abfc-19da8f63b657/datanode-1/data/ratis/88c5d58d-a329-4648-8dc1-5cb1281c1ba6/in_use.lock acquired by nodename 19442@pr-hdds-1569-58hkm-1881083799
2019-09-12 11:49:53,782 [main] INFO  ozone.MiniOzoneClusterImpl (MiniOzoneClusterImpl.java:lambda$waitForClusterToBeReady$0(142)) - Cluster is ready. Got 5 of 5 DN Heartbeats.
2019-09-12 11:49:53,786 [pool-38-thread-1] INFO  storage.RaftStorage (RaftStorage.java:format(72)) - Storage directory /workdir/hadoop-ozone/tools/target/test-dir/MiniOzoneClusterImpl-48448ead-6be7-4ea0-abfc-19da8f63b657/datanode-1/data/ratis/88c5d58d-a329-4648-8dc1-5cb1281c1ba6 has been successfully formatted.
2019-09-12 11:49:53,786 [pool-38-thread-1] INFO  ratis.ContainerStateMachine (ContainerStateMachine.java:loadSnapshot(226)) - group-5CB1281C1BA6: The snapshot info is null. Setting the last applied indexto:(t:0, i:~)
2019-09-12 11:49:53,786 [pool-38-thread-1] INFO  server.RaftServerConfigKeys (ConfUtils.java:logGet(43)) - raft.server.leader.election.timeout = 120s (custom)
2019-09-12 11:49:53,786 [pool-38-thread-1] INFO  server.RaftServerConfigKeys (ConfUtils.java:logGet(43)) - raft.server.log.use.memory = false (default)
2019-09-12 11:49:53,787 [pool-38-thread-1] INFO  server.RaftServerConfigKeys (ConfUtils.java:logGet(43)) - raft.server.log.purge.gap = 1000000 (custom)
2019-09-12 11:49:53,787 [pool-38-thread-1] INFO  server.RaftServerConfigKeys (ConfUtils.java:logGet(43)) - raft.server.log.appender.buffer.byte-limit = 33554432 (custom)
2019-09-12 11:49:53,787 [pool-38-thread-1] INFO  server.RaftServerConfigKeys (ConfUtils.java:logGet(43)) - raft.server.log.segment.size.max = 1048576 (custom)
2019-09-12 11:49:53,787 [pool-38-thread-1] INFO  server.RaftServerConfigKeys (ConfUtils.java:logGet(43)) - raft.server.log.segment.cache.num.max = 2 (custom)
2019-09-12 11:49:53,787 [pool-38-thread-1] INFO  segmented.SegmentedRaftLogWorker (SegmentedRaftLogWorker.java:<init>(172)) - new da13140e-97ff-4909-b236-e6528747f6c6-SegmentedRaftLogWorker:Storage Directory /workdir/hadoop-ozone/tools/target/test-dir/MiniOzoneClusterImpl-48448ead-6be7-4ea0-abfc-19da8f63b657/datanode-1/data/ratis/88c5d58d-a329-4648-8dc1-5cb1281c1ba6 for RaftStorage:Storage Directory /workdir/hadoop-ozone/tools/target/test-dir/MiniOzoneClusterImpl-48448ead-6be7-4ea0-abfc-19da8f63b657/datanode-1/data/ratis/88c5d58d-a329-4648-8dc1-5cb1281c1ba6
2019-09-12 11:49:53,787 [pool-38-thread-1] INFO  server.RaftServerConfigKeys (ConfUtils.java:logGet(43)) - raft.server.log.queue.byte-limit = 2147483647 (custom)
2019-09-12 11:49:53,788 [pool-38-thread-1] INFO  server.RaftServerConfigKeys (ConfUtils.java:logGet(43)) - raft.server.log.queue.element-limit = 1024 (custom)
2019-09-12 11:49:53,788 [pool-38-thread-1] INFO  server.RaftServerConfigKeys (ConfUtils.java:logGet(43)) - raft.server.log.segment.size.max = 1048576 (custom)
2019-09-12 11:49:53,788 [pool-38-thread-1] INFO  server.RaftServerConfigKeys (ConfUtils.java:logGet(43)) - raft.server.log.preallocated.size = 16384 (custom)
2019-09-12 11:49:53,788 [pool-38-thread-1] INFO  server.RaftServerConfigKeys (ConfUtils.java:logGet(43)) - raft.server.log.write.buffer.size = 33554432 (custom)
2019-09-12 11:49:53,788 [pool-38-thread-1] INFO  server.RaftServerConfigKeys (ConfUtils.java:logGet(43)) - raft.server.log.force.sync.num = 128 (default)
2019-09-12 11:49:53,788 [pool-38-thread-1] INFO  server.RaftServerConfigKeys (ConfUtils.java:logGet(43)) - raft.server.log.statemachine.data.sync = true (default)
2019-09-12 11:49:53,789 [pool-38-thread-1] INFO  server.RaftServerConfigKeys (ConfUtils.java:logGet(43)) - raft.server.log.statemachine.data.sync.timeout = 10s (default)
2019-09-12 11:49:53,789 [pool-38-thread-1] INFO  server.RaftServerConfigKeys (ConfUtils.java:logGet(43)) - raft.server.log.statemachine.data.sync.timeout.retry = -1 (default)
2019-09-12 11:49:53,789 [pool-38-thread-1] INFO  server.RaftServerConfigKeys (ConfUtils.java:logGet(43)) - raft.server.log.statemachine.data.caching.enabled = true (custom)
2019-09-12 11:49:53,790 [pool-38-thread-1] INFO  segmented.SegmentedRaftLogWorker (SegmentedRaftLogWorker.java:lambda$new$0(132)) - da13140e-97ff-4909-b236-e6528747f6c6-SegmentedRaftLogWorker:Storage Directory /workdir/hadoop-ozone/tools/target/test-dir/MiniOzoneClusterImpl-48448ead-6be7-4ea0-abfc-19da8f63b657/datanode-1/data/ratis/88c5d58d-a329-4648-8dc1-5cb1281c1ba6: flushIndex: setUnconditionally 0 -> -1
2019-09-12 11:49:53,790 [pool-38-thread-1] INFO  server.RaftServerConfigKeys (ConfUtils.java:logGet(43)) - raft.server.snapshot.auto.trigger.enabled = true (custom)
2019-09-12 11:49:53,790 [pool-38-thread-1] INFO  server.RaftServerConfigKeys (ConfUtils.java:logGet(43)) - raft.server.snapshot.auto.trigger.threshold = 10000 (custom)
2019-09-12 11:49:53,790 [pool-38-thread-1] INFO  server.RaftServerConfigKeys (ConfUtils.java:logGet(43)) - raft.server.retrycache.expirytime = 600000ms (custom)
2019-09-12 11:49:53,791 [pool-38-thread-1] INFO  impl.RaftServerImpl (RaftServerImpl.java:start(180)) - da13140e-97ff-4909-b236-e6528747f6c6: start group-5CB1281C1BA6
2019-09-12 11:49:53,791 [pool-38-thread-1] INFO  impl.RaftServerImpl (RaftServerImpl.java:setRole(171)) - da13140e-97ff-4909-b236-e6528747f6c6:group-5CB1281C1BA6 changes role from null to FOLLOWER at term 0 for startAsFollower
2019-09-12 11:49:53,791 [pool-38-thread-1] INFO  impl.RoleInfo (RoleInfo.java:updateAndGet(143)) - da13140e-97ff-4909-b236-e6528747f6c6: start FollowerState
2019-09-12 11:49:53,791 [pool-38-thread-1] INFO  util.JmxRegister (JmxRegister.java:tryRegister(44)) - Successfully registered JMX Bean with object name Ratis:service=RaftServer,group=group-5CB1281C1BA6,id=da13140e-97ff-4909-b236-e6528747f6c6
2019-09-12 11:49:53,810 [RatisPipelineUtilsThread] INFO  pipeline.PipelineStateManager (PipelineStateManager.java:addPipeline(56)) - Created pipeline Pipeline[ Id: 88c5d58d-a329-4648-8dc1-5cb1281c1ba6, Nodes: da13140e-97ff-4909-b236-e6528747f6c6{ip: 192.168.36.114, host: pr-hdds-1569-58hkm-1881083799, networkLocation: /default-rack, certSerialId: null}, Type:RATIS, Factor:ONE, State:OPEN]
2019-09-12 11:49:53,828 [grpc-default-executor-1] INFO  impl.RaftServerProxy (RaftServerProxy.java:addNew(89)) - efd2d550-d23b-43a8-a0f9-f6ba5c59f5a4: addNew group-F76D95A20016:[efd2d550-d23b-43a8-a0f9-f6ba5c59f5a4:192.168.36.114:40324] returns group-F76D95A20016:java.util.concurrent.CompletableFuture@e0b0590[Not completed]
2019-09-12 11:49:53,829 [pool-27-thread-1] INFO  impl.RaftServerImpl (RaftServerImpl.java:<init>(93)) - efd2d550-d23b-43a8-a0f9-f6ba5c59f5a4: new RaftServerImpl for group-F76D95A20016:[efd2d550-d23b-43a8-a0f9-f6ba5c59f5a4:192.168.36.114:40324] with ContainerStateMachine:uninitialized
2019-09-12 11:49:53,830 [pool-27-thread-1] INFO  server.RaftServerConfigKeys (ConfUtils.java:logGet(43)) - raft.server.rpc.timeout.min = 5s (custom)
2019-09-12 11:49:53,830 [pool-27-thread-1] INFO  server.RaftServerConfigKeys (ConfUtils.java:logGet(43)) - raft.server.rpc.timeout.max = 5200ms (custom)
2019-09-12 11:49:53,830 [pool-27-thread-1] INFO  server.RaftServerConfigKeys (ConfUtils.java:logGet(43)) - raft.server.rpcslowness.timeout = 120s (custom)
2019-09-12 11:49:53,830 [pool-27-thread-1] INFO  server.RaftServerConfigKeys (ConfUtils.java:logGet(43)) - raft.server.sleep.deviation.threshold = 300 (default)
2019-09-12 11:49:53,830 [pool-27-thread-1] INFO  server.RaftServerConfigKeys (ConfUtils.java:logGet(43)) - raft.server.log.appender.install.snapshot.enabled = false (custom)
2019-09-12 11:49:53,830 [pool-27-thread-1] INFO  impl.RaftServerImpl (ServerState.java:<init>(105)) - efd2d550-d23b-43a8-a0f9-f6ba5c59f5a4:group-F76D95A20016 ConfigurationManager, init=-1: [efd2d550-d23b-43a8-a0f9-f6ba5c59f5a4:192.168.36.114:40324], old=null, confs=<EMPTY_MAP>
2019-09-12 11:49:53,831 [pool-27-thread-1] INFO  server.RaftServerConfigKeys (ConfUtils.java:logGet(43)) - raft.server.storage.dir = [/workdir/hadoop-ozone/tools/target/test-dir/MiniOzoneClusterImpl-48448ead-6be7-4ea0-abfc-19da8f63b657/datanode-0/data/ratis] (custom)
2019-09-12 11:49:53,831 [pool-27-thread-1] INFO  storage.RaftStorageDirectory (RaftStorageDirectory.java:analyzeStorage(246)) - The storage directory /workdir/hadoop-ozone/tools/target/test-dir/MiniOzoneClusterImpl-48448ead-6be7-4ea0-abfc-19da8f63b657/datanode-0/data/ratis/8b48b6ba-aad5-403c-b755-f76d95a20016 does not exist. Creating ...
2019-09-12 11:49:53,832 | INFO  | SCMAudit | user=jenkins1000 | ip=192.168.36.114 | op=SEND_HEARTBEAT {datanodeUUID=efd2d550-d23b-43a8-a0f9-f6ba5c59f5a4, command=[]} | ret=SUCCESS |  
2019-09-12 11:49:53,844 [pool-27-thread-1] INFO  storage.RaftStorageDirectory (RaftStorageDirectory.java:tryLock(328)) - Lock on /workdir/hadoop-ozone/tools/target/test-dir/MiniOzoneClusterImpl-48448ead-6be7-4ea0-abfc-19da8f63b657/datanode-0/data/ratis/8b48b6ba-aad5-403c-b755-f76d95a20016/in_use.lock acquired by nodename 19442@pr-hdds-1569-58hkm-1881083799
2019-09-12 11:49:53,858 [pool-27-thread-1] INFO  storage.RaftStorage (RaftStorage.java:format(72)) - Storage directory /workdir/hadoop-ozone/tools/target/test-dir/MiniOzoneClusterImpl-48448ead-6be7-4ea0-abfc-19da8f63b657/datanode-0/data/ratis/8b48b6ba-aad5-403c-b755-f76d95a20016 has been successfully formatted.
2019-09-12 11:49:53,858 [pool-27-thread-1] INFO  ratis.ContainerStateMachine (ContainerStateMachine.java:loadSnapshot(226)) - group-F76D95A20016: The snapshot info is null. Setting the last applied indexto:(t:0, i:~)
2019-09-12 11:49:53,858 [pool-27-thread-1] INFO  server.RaftServerConfigKeys (ConfUtils.java:logGet(43)) - raft.server.leader.election.timeout = 120s (custom)
2019-09-12 11:49:53,858 [pool-27-thread-1] INFO  server.RaftServerConfigKeys (ConfUtils.java:logGet(43)) - raft.server.log.use.memory = false (default)
2019-09-12 11:49:53,859 [pool-27-thread-1] INFO  server.RaftServerConfigKeys (ConfUtils.java:logGet(43)) - raft.server.log.purge.gap = 1000000 (custom)
2019-09-12 11:49:53,859 [pool-27-thread-1] INFO  server.RaftServerConfigKeys (ConfUtils.java:logGet(43)) - raft.server.log.appender.buffer.byte-limit = 33554432 (custom)
2019-09-12 11:49:53,859 [pool-27-thread-1] INFO  server.RaftServerConfigKeys (ConfUtils.java:logGet(43)) - raft.server.log.segment.size.max = 1048576 (custom)
2019-09-12 11:49:53,859 [pool-27-thread-1] INFO  server.RaftServerConfigKeys (ConfUtils.java:logGet(43)) - raft.server.log.segment.cache.num.max = 2 (custom)
2019-09-12 11:49:53,859 [pool-27-thread-1] INFO  segmented.SegmentedRaftLogWorker (SegmentedRaftLogWorker.java:<init>(172)) - new efd2d550-d23b-43a8-a0f9-f6ba5c59f5a4-SegmentedRaftLogWorker:Storage Directory /workdir/hadoop-ozone/tools/target/test-dir/MiniOzoneClusterImpl-48448ead-6be7-4ea0-abfc-19da8f63b657/datanode-0/data/ratis/8b48b6ba-aad5-403c-b755-f76d95a20016 for RaftStorage:Storage Directory /workdir/hadoop-ozone/tools/target/test-dir/MiniOzoneClusterImpl-48448ead-6be7-4ea0-abfc-19da8f63b657/datanode-0/data/ratis/8b48b6ba-aad5-403c-b755-f76d95a20016
2019-09-12 11:49:53,859 [pool-27-thread-1] INFO  server.RaftServerConfigKeys (ConfUtils.java:logGet(43)) - raft.server.log.queue.byte-limit = 2147483647 (custom)
2019-09-12 11:49:53,860 [pool-27-thread-1] INFO  server.RaftServerConfigKeys (ConfUtils.java:logGet(43)) - raft.server.log.queue.element-limit = 1024 (custom)
2019-09-12 11:49:53,860 [pool-27-thread-1] INFO  server.RaftServerConfigKeys (ConfUtils.java:logGet(43)) - raft.server.log.segment.size.max = 1048576 (custom)
2019-09-12 11:49:53,860 [pool-27-thread-1] INFO  server.RaftServerConfigKeys (ConfUtils.java:logGet(43)) - raft.server.log.preallocated.size = 16384 (custom)
2019-09-12 11:49:53,860 [pool-27-thread-1] INFO  server.RaftServerConfigKeys (ConfUtils.java:logGet(43)) - raft.server.log.write.buffer.size = 33554432 (custom)
2019-09-12 11:49:53,860 [pool-27-thread-1] INFO  server.RaftServerConfigKeys (ConfUtils.java:logGet(43)) - raft.server.log.force.sync.num = 128 (default)
2019-09-12 11:49:53,860 [pool-27-thread-1] INFO  server.RaftServerConfigKeys (ConfUtils.java:logGet(43)) - raft.server.log.statemachine.data.sync = true (default)
2019-09-12 11:49:53,861 [pool-27-thread-1] INFO  server.RaftServerConfigKeys (ConfUtils.java:logGet(43)) - raft.server.log.statemachine.data.sync.timeout = 10s (default)
2019-09-12 11:49:53,861 [pool-27-thread-1] INFO  server.RaftServerConfigKeys (ConfUtils.java:logGet(43)) - raft.server.log.statemachine.data.sync.timeout.retry = -1 (default)
2019-09-12 11:49:53,861 [pool-27-thread-1] INFO  server.RaftServerConfigKeys (ConfUtils.java:logGet(43)) - raft.server.log.statemachine.data.caching.enabled = true (custom)
2019-09-12 11:49:53,862 [pool-27-thread-1] INFO  segmented.SegmentedRaftLogWorker (SegmentedRaftLogWorker.java:lambda$new$0(132)) - efd2d550-d23b-43a8-a0f9-f6ba5c59f5a4-SegmentedRaftLogWorker:Storage Directory /workdir/hadoop-ozone/tools/target/test-dir/MiniOzoneClusterImpl-48448ead-6be7-4ea0-abfc-19da8f63b657/datanode-0/data/ratis/8b48b6ba-aad5-403c-b755-f76d95a20016: flushIndex: setUnconditionally 0 -> -1
2019-09-12 11:49:53,862 [pool-27-thread-1] INFO  server.RaftServerConfigKeys (ConfUtils.java:logGet(43)) - raft.server.snapshot.auto.trigger.enabled = true (custom)
2019-09-12 11:49:53,862 [pool-27-thread-1] INFO  server.RaftServerConfigKeys (ConfUtils.java:logGet(43)) - raft.server.snapshot.auto.trigger.threshold = 10000 (custom)
2019-09-12 11:49:53,863 [pool-27-thread-1] INFO  server.RaftServerConfigKeys (ConfUtils.java:logGet(43)) - raft.server.retrycache.expirytime = 600000ms (custom)
2019-09-12 11:49:53,863 [pool-27-thread-1] INFO  impl.RaftServerImpl (RaftServerImpl.java:start(180)) - efd2d550-d23b-43a8-a0f9-f6ba5c59f5a4: start group-F76D95A20016
2019-09-12 11:49:53,863 [pool-27-thread-1] INFO  impl.RaftServerImpl (RaftServerImpl.java:setRole(171)) - efd2d550-d23b-43a8-a0f9-f6ba5c59f5a4:group-F76D95A20016 changes role from null to FOLLOWER at term 0 for startAsFollower
2019-09-12 11:49:53,863 [pool-27-thread-1] INFO  impl.RoleInfo (RoleInfo.java:updateAndGet(143)) - efd2d550-d23b-43a8-a0f9-f6ba5c59f5a4: start FollowerState
2019-09-12 11:49:53,864 [pool-27-thread-1] INFO  util.JmxRegister (JmxRegister.java:tryRegister(44)) - Successfully registered JMX Bean with object name Ratis:service=RaftServer,group=group-F76D95A20016,id=efd2d550-d23b-43a8-a0f9-f6ba5c59f5a4
2019-09-12 11:49:53,878 [RatisPipelineUtilsThread] INFO  pipeline.PipelineStateManager (PipelineStateManager.java:addPipeline(56)) - Created pipeline Pipeline[ Id: 8b48b6ba-aad5-403c-b755-f76d95a20016, Nodes: efd2d550-d23b-43a8-a0f9-f6ba5c59f5a4{ip: 192.168.36.114, host: pr-hdds-1569-58hkm-1881083799, networkLocation: /default-rack, certSerialId: null}, Type:RATIS, Factor:ONE, State:OPEN]
2019-09-12 11:49:53,898 [grpc-default-executor-1] INFO  impl.RaftServerProxy (RaftServerProxy.java:addNew(89)) - da13140e-97ff-4909-b236-e6528747f6c6: addNew group-E0F1D2D1FC15:[da13140e-97ff-4909-b236-e6528747f6c6:192.168.36.114:44504] returns group-E0F1D2D1FC15:java.util.concurrent.CompletableFuture@76f4c153[Not completed]
2019-09-12 11:49:53,900 [pool-38-thread-1] INFO  impl.RaftServerImpl (RaftServerImpl.java:<init>(93)) - da13140e-97ff-4909-b236-e6528747f6c6: new RaftServerImpl for group-E0F1D2D1FC15:[da13140e-97ff-4909-b236-e6528747f6c6:192.168.36.114:44504] with ContainerStateMachine:uninitialized
2019-09-12 11:49:53,900 [pool-38-thread-1] INFO  server.RaftServerConfigKeys (ConfUtils.java:logGet(43)) - raft.server.rpc.timeout.min = 5s (custom)
2019-09-12 11:49:53,900 [pool-38-thread-1] INFO  server.RaftServerConfigKeys (ConfUtils.java:logGet(43)) - raft.server.rpc.timeout.max = 5200ms (custom)
2019-09-12 11:49:53,900 [pool-38-thread-1] INFO  server.RaftServerConfigKeys (ConfUtils.java:logGet(43)) - raft.server.rpcslowness.timeout = 120s (custom)
2019-09-12 11:49:53,900 [pool-38-thread-1] INFO  server.RaftServerConfigKeys (ConfUtils.java:logGet(43)) - raft.server.sleep.deviation.threshold = 300 (default)
2019-09-12 11:49:53,901 [pool-38-thread-1] INFO  server.RaftServerConfigKeys (ConfUtils.java:logGet(43)) - raft.server.log.appender.install.snapshot.enabled = false (custom)
2019-09-12 11:49:53,901 [pool-38-thread-1] INFO  impl.RaftServerImpl (ServerState.java:<init>(105)) - da13140e-97ff-4909-b236-e6528747f6c6:group-E0F1D2D1FC15 ConfigurationManager, init=-1: [da13140e-97ff-4909-b236-e6528747f6c6:192.168.36.114:44504], old=null, confs=<EMPTY_MAP>
2019-09-12 11:49:53,901 [pool-38-thread-1] INFO  server.RaftServerConfigKeys (ConfUtils.java:logGet(43)) - raft.server.storage.dir = [/workdir/hadoop-ozone/tools/target/test-dir/MiniOzoneClusterImpl-48448ead-6be7-4ea0-abfc-19da8f63b657/datanode-1/data/ratis] (custom)
2019-09-12 11:49:53,901 [pool-38-thread-1] INFO  storage.RaftStorageDirectory (RaftStorageDirectory.java:analyzeStorage(246)) - The storage directory /workdir/hadoop-ozone/tools/target/test-dir/MiniOzoneClusterImpl-48448ead-6be7-4ea0-abfc-19da8f63b657/datanode-1/data/ratis/9e2fafe8-6c4f-4bb9-b170-e0f1d2d1fc15 does not exist. Creating ...
2019-09-12 11:49:53,914 [pool-38-thread-1] INFO  storage.RaftStorageDirectory (RaftStorageDirectory.java:tryLock(328)) - Lock on /workdir/hadoop-ozone/tools/target/test-dir/MiniOzoneClusterImpl-48448ead-6be7-4ea0-abfc-19da8f63b657/datanode-1/data/ratis/9e2fafe8-6c4f-4bb9-b170-e0f1d2d1fc15/in_use.lock acquired by nodename 19442@pr-hdds-1569-58hkm-1881083799
2019-09-12 11:49:53,927 [pool-38-thread-1] INFO  storage.RaftStorage (RaftStorage.java:format(72)) - Storage directory /workdir/hadoop-ozone/tools/target/test-dir/MiniOzoneClusterImpl-48448ead-6be7-4ea0-abfc-19da8f63b657/datanode-1/data/ratis/9e2fafe8-6c4f-4bb9-b170-e0f1d2d1fc15 has been successfully formatted.
2019-09-12 11:49:53,927 [pool-38-thread-1] INFO  ratis.ContainerStateMachine (ContainerStateMachine.java:loadSnapshot(226)) - group-E0F1D2D1FC15: The snapshot info is null. Setting the last applied indexto:(t:0, i:~)
2019-09-12 11:49:53,927 [pool-38-thread-1] INFO  server.RaftServerConfigKeys (ConfUtils.java:logGet(43)) - raft.server.leader.election.timeout = 120s (custom)
2019-09-12 11:49:53,927 [pool-38-thread-1] INFO  server.RaftServerConfigKeys (ConfUtils.java:logGet(43)) - raft.server.log.use.memory = false (default)
2019-09-12 11:49:53,927 [pool-38-thread-1] INFO  server.RaftServerConfigKeys (ConfUtils.java:logGet(43)) - raft.server.log.purge.gap = 1000000 (custom)
2019-09-12 11:49:53,928 [pool-38-thread-1] INFO  server.RaftServerConfigKeys (ConfUtils.java:logGet(43)) - raft.server.log.appender.buffer.byte-limit = 33554432 (custom)
2019-09-12 11:49:53,928 [pool-38-thread-1] INFO  server.RaftServerConfigKeys (ConfUtils.java:logGet(43)) - raft.server.log.segment.size.max = 1048576 (custom)
2019-09-12 11:49:53,928 [pool-38-thread-1] INFO  server.RaftServerConfigKeys (ConfUtils.java:logGet(43)) - raft.server.log.segment.cache.num.max = 2 (custom)
2019-09-12 11:49:53,928 [pool-38-thread-1] INFO  segmented.SegmentedRaftLogWorker (SegmentedRaftLogWorker.java:<init>(172)) - new da13140e-97ff-4909-b236-e6528747f6c6-SegmentedRaftLogWorker:Storage Directory /workdir/hadoop-ozone/tools/target/test-dir/MiniOzoneClusterImpl-48448ead-6be7-4ea0-abfc-19da8f63b657/datanode-1/data/ratis/9e2fafe8-6c4f-4bb9-b170-e0f1d2d1fc15 for RaftStorage:Storage Directory /workdir/hadoop-ozone/tools/target/test-dir/MiniOzoneClusterImpl-48448ead-6be7-4ea0-abfc-19da8f63b657/datanode-1/data/ratis/9e2fafe8-6c4f-4bb9-b170-e0f1d2d1fc15
2019-09-12 11:49:53,928 [pool-38-thread-1] INFO  server.RaftServerConfigKeys (ConfUtils.java:logGet(43)) - raft.server.log.queue.byte-limit = 2147483647 (custom)
2019-09-12 11:49:53,928 [pool-38-thread-1] INFO  server.RaftServerConfigKeys (ConfUtils.java:logGet(43)) - raft.server.log.queue.element-limit = 1024 (custom)
2019-09-12 11:49:53,928 [pool-38-thread-1] INFO  server.RaftServerConfigKeys (ConfUtils.java:logGet(43)) - raft.server.log.segment.size.max = 1048576 (custom)
2019-09-12 11:49:53,929 [pool-38-thread-1] INFO  server.RaftServerConfigKeys (ConfUtils.java:logGet(43)) - raft.server.log.preallocated.size = 16384 (custom)
2019-09-12 11:49:53,929 [pool-38-thread-1] INFO  server.RaftServerConfigKeys (ConfUtils.java:logGet(43)) - raft.server.log.write.buffer.size = 33554432 (custom)
2019-09-12 11:49:53,929 [pool-38-thread-1] INFO  server.RaftServerConfigKeys (ConfUtils.java:logGet(43)) - raft.server.log.force.sync.num = 128 (default)
2019-09-12 11:49:53,929 [pool-38-thread-1] INFO  server.RaftServerConfigKeys (ConfUtils.java:logGet(43)) - raft.server.log.statemachine.data.sync = true (default)
2019-09-12 11:49:53,929 [pool-38-thread-1] INFO  server.RaftServerConfigKeys (ConfUtils.java:logGet(43)) - raft.server.log.statemachine.data.sync.timeout = 10s (default)
2019-09-12 11:49:53,929 [pool-38-thread-1] INFO  server.RaftServerConfigKeys (ConfUtils.java:logGet(43)) - raft.server.log.statemachine.data.sync.timeout.retry = -1 (default)
2019-09-12 11:49:53,929 [pool-38-thread-1] INFO  server.RaftServerConfigKeys (ConfUtils.java:logGet(43)) - raft.server.log.statemachine.data.caching.enabled = true (custom)
2019-09-12 11:49:53,930 [pool-38-thread-1] INFO  segmented.SegmentedRaftLogWorker (SegmentedRaftLogWorker.java:lambda$new$0(132)) - da13140e-97ff-4909-b236-e6528747f6c6-SegmentedRaftLogWorker:Storage Directory /workdir/hadoop-ozone/tools/target/test-dir/MiniOzoneClusterImpl-48448ead-6be7-4ea0-abfc-19da8f63b657/datanode-1/data/ratis/9e2fafe8-6c4f-4bb9-b170-e0f1d2d1fc15: flushIndex: setUnconditionally 0 -> -1
2019-09-12 11:49:53,930 [pool-38-thread-1] INFO  server.RaftServerConfigKeys (ConfUtils.java:logGet(43)) - raft.server.snapshot.auto.trigger.enabled = true (custom)
2019-09-12 11:49:53,930 [pool-38-thread-1] INFO  server.RaftServerConfigKeys (ConfUtils.java:logGet(43)) - raft.server.snapshot.auto.trigger.threshold = 10000 (custom)
2019-09-12 11:49:53,930 [pool-38-thread-1] INFO  server.RaftServerConfigKeys (ConfUtils.java:logGet(43)) - raft.server.retrycache.expirytime = 600000ms (custom)
2019-09-12 11:49:53,931 [pool-38-thread-1] INFO  impl.RaftServerImpl (RaftServerImpl.java:start(180)) - da13140e-97ff-4909-b236-e6528747f6c6: start group-E0F1D2D1FC15
2019-09-12 11:49:53,931 [pool-38-thread-1] INFO  impl.RaftServerImpl (RaftServerImpl.java:setRole(171)) - da13140e-97ff-4909-b236-e6528747f6c6:group-E0F1D2D1FC15 changes role from null to FOLLOWER at term 0 for startAsFollower
2019-09-12 11:49:53,931 [pool-38-thread-1] INFO  impl.RoleInfo (RoleInfo.java:updateAndGet(143)) - da13140e-97ff-4909-b236-e6528747f6c6: start FollowerState
2019-09-12 11:49:53,931 [pool-38-thread-1] INFO  util.JmxRegister (JmxRegister.java:tryRegister(44)) - Successfully registered JMX Bean with object name Ratis:service=RaftServer,group=group-E0F1D2D1FC15,id=da13140e-97ff-4909-b236-e6528747f6c6
2019-09-12 11:49:53,941 [RatisPipelineUtilsThread] INFO  pipeline.PipelineStateManager (PipelineStateManager.java:addPipeline(56)) - Created pipeline Pipeline[ Id: 9e2fafe8-6c4f-4bb9-b170-e0f1d2d1fc15, Nodes: da13140e-97ff-4909-b236-e6528747f6c6{ip: 192.168.36.114, host: pr-hdds-1569-58hkm-1881083799, networkLocation: /default-rack, certSerialId: null}, Type:RATIS, Factor:ONE, State:OPEN]
2019-09-12 11:49:53,956 [grpc-default-executor-1] INFO  impl.RaftServerProxy (RaftServerProxy.java:addNew(89)) - da13140e-97ff-4909-b236-e6528747f6c6: addNew group-D5D3676C02C5:[da13140e-97ff-4909-b236-e6528747f6c6:192.168.36.114:44504] returns group-D5D3676C02C5:java.util.concurrent.CompletableFuture@69fc98e9[Not completed]
2019-09-12 11:49:53,958 [pool-38-thread-1] INFO  impl.RaftServerImpl (RaftServerImpl.java:<init>(93)) - da13140e-97ff-4909-b236-e6528747f6c6: new RaftServerImpl for group-D5D3676C02C5:[da13140e-97ff-4909-b236-e6528747f6c6:192.168.36.114:44504] with ContainerStateMachine:uninitialized
2019-09-12 11:49:53,958 [pool-38-thread-1] INFO  server.RaftServerConfigKeys (ConfUtils.java:logGet(43)) - raft.server.rpc.timeout.min = 5s (custom)
2019-09-12 11:49:53,958 [pool-38-thread-1] INFO  server.RaftServerConfigKeys (ConfUtils.java:logGet(43)) - raft.server.rpc.timeout.max = 5200ms (custom)
2019-09-12 11:49:53,958 [pool-38-thread-1] INFO  server.RaftServerConfigKeys (ConfUtils.java:logGet(43)) - raft.server.rpcslowness.timeout = 120s (custom)
2019-09-12 11:49:53,958 [pool-38-thread-1] INFO  server.RaftServerConfigKeys (ConfUtils.java:logGet(43)) - raft.server.sleep.deviation.threshold = 300 (default)
2019-09-12 11:49:53,959 [pool-38-thread-1] INFO  server.RaftServerConfigKeys (ConfUtils.java:logGet(43)) - raft.server.log.appender.install.snapshot.enabled = false (custom)
2019-09-12 11:49:53,959 [pool-38-thread-1] INFO  impl.RaftServerImpl (ServerState.java:<init>(105)) - da13140e-97ff-4909-b236-e6528747f6c6:group-D5D3676C02C5 ConfigurationManager, init=-1: [da13140e-97ff-4909-b236-e6528747f6c6:192.168.36.114:44504], old=null, confs=<EMPTY_MAP>
2019-09-12 11:49:53,959 [pool-38-thread-1] INFO  server.RaftServerConfigKeys (ConfUtils.java:logGet(43)) - raft.server.storage.dir = [/workdir/hadoop-ozone/tools/target/test-dir/MiniOzoneClusterImpl-48448ead-6be7-4ea0-abfc-19da8f63b657/datanode-1/data/ratis] (custom)
2019-09-12 11:49:53,959 [pool-38-thread-1] INFO  storage.RaftStorageDirectory (RaftStorageDirectory.java:analyzeStorage(246)) - The storage directory /workdir/hadoop-ozone/tools/target/test-dir/MiniOzoneClusterImpl-48448ead-6be7-4ea0-abfc-19da8f63b657/datanode-1/data/ratis/d13f3992-7729-4b90-aff3-d5d3676c02c5 does not exist. Creating ...
2019-09-12 11:49:53,972 [pool-38-thread-1] INFO  storage.RaftStorageDirectory (RaftStorageDirectory.java:tryLock(328)) - Lock on /workdir/hadoop-ozone/tools/target/test-dir/MiniOzoneClusterImpl-48448ead-6be7-4ea0-abfc-19da8f63b657/datanode-1/data/ratis/d13f3992-7729-4b90-aff3-d5d3676c02c5/in_use.lock acquired by nodename 19442@pr-hdds-1569-58hkm-1881083799
2019-09-12 11:49:53,991 [pool-38-thread-1] INFO  storage.RaftStorage (RaftStorage.java:format(72)) - Storage directory /workdir/hadoop-ozone/tools/target/test-dir/MiniOzoneClusterImpl-48448ead-6be7-4ea0-abfc-19da8f63b657/datanode-1/data/ratis/d13f3992-7729-4b90-aff3-d5d3676c02c5 has been successfully formatted.
2019-09-12 11:49:53,991 [pool-38-thread-1] INFO  ratis.ContainerStateMachine (ContainerStateMachine.java:loadSnapshot(226)) - group-D5D3676C02C5: The snapshot info is null. Setting the last applied indexto:(t:0, i:~)
2019-09-12 11:49:53,992 [pool-38-thread-1] INFO  server.RaftServerConfigKeys (ConfUtils.java:logGet(43)) - raft.server.leader.election.timeout = 120s (custom)
2019-09-12 11:49:53,992 [pool-38-thread-1] INFO  server.RaftServerConfigKeys (ConfUtils.java:logGet(43)) - raft.server.log.use.memory = false (default)
2019-09-12 11:49:53,992 [pool-38-thread-1] INFO  server.RaftServerConfigKeys (ConfUtils.java:logGet(43)) - raft.server.log.purge.gap = 1000000 (custom)
2019-09-12 11:49:53,992 [pool-38-thread-1] INFO  server.RaftServerConfigKeys (ConfUtils.java:logGet(43)) - raft.server.log.appender.buffer.byte-limit = 33554432 (custom)
2019-09-12 11:49:53,992 [pool-38-thread-1] INFO  server.RaftServerConfigKeys (ConfUtils.java:logGet(43)) - raft.server.log.segment.size.max = 1048576 (custom)
2019-09-12 11:49:53,992 [pool-38-thread-1] INFO  server.RaftServerConfigKeys (ConfUtils.java:logGet(43)) - raft.server.log.segment.cache.num.max = 2 (custom)
2019-09-12 11:49:53,992 [pool-38-thread-1] INFO  segmented.SegmentedRaftLogWorker (SegmentedRaftLogWorker.java:<init>(172)) - new da13140e-97ff-4909-b236-e6528747f6c6-SegmentedRaftLogWorker:Storage Directory /workdir/hadoop-ozone/tools/target/test-dir/MiniOzoneClusterImpl-48448ead-6be7-4ea0-abfc-19da8f63b657/datanode-1/data/ratis/d13f3992-7729-4b90-aff3-d5d3676c02c5 for RaftStorage:Storage Directory /workdir/hadoop-ozone/tools/target/test-dir/MiniOzoneClusterImpl-48448ead-6be7-4ea0-abfc-19da8f63b657/datanode-1/data/ratis/d13f3992-7729-4b90-aff3-d5d3676c02c5
2019-09-12 11:49:53,993 [pool-38-thread-1] INFO  server.RaftServerConfigKeys (ConfUtils.java:logGet(43)) - raft.server.log.queue.byte-limit = 2147483647 (custom)
2019-09-12 11:49:53,993 [pool-38-thread-1] INFO  server.RaftServerConfigKeys (ConfUtils.java:logGet(43)) - raft.server.log.queue.element-limit = 1024 (custom)
2019-09-12 11:49:53,993 [pool-38-thread-1] INFO  server.RaftServerConfigKeys (ConfUtils.java:logGet(43)) - raft.server.log.segment.size.max = 1048576 (custom)
2019-09-12 11:49:53,993 [pool-38-thread-1] INFO  server.RaftServerConfigKeys (ConfUtils.java:logGet(43)) - raft.server.log.preallocated.size = 16384 (custom)
2019-09-12 11:49:53,993 [pool-38-thread-1] INFO  server.RaftServerConfigKeys (ConfUtils.java:logGet(43)) - raft.server.log.write.buffer.size = 33554432 (custom)
2019-09-12 11:49:53,993 [pool-38-thread-1] INFO  server.RaftServerConfigKeys (ConfUtils.java:logGet(43)) - raft.server.log.force.sync.num = 128 (default)
2019-09-12 11:49:53,993 [pool-38-thread-1] INFO  server.RaftServerConfigKeys (ConfUtils.java:logGet(43)) - raft.server.log.statemachine.data.sync = true (default)
2019-09-12 11:49:53,993 [pool-38-thread-1] INFO  server.RaftServerConfigKeys (ConfUtils.java:logGet(43)) - raft.server.log.statemachine.data.sync.timeout = 10s (default)
2019-09-12 11:49:53,994 [pool-38-thread-1] INFO  server.RaftServerConfigKeys (ConfUtils.java:logGet(43)) - raft.server.log.statemachine.data.sync.timeout.retry = -1 (default)
2019-09-12 11:49:53,994 [pool-38-thread-1] INFO  server.RaftServerConfigKeys (ConfUtils.java:logGet(43)) - raft.server.log.statemachine.data.caching.enabled = true (custom)
2019-09-12 11:49:53,994 [pool-38-thread-1] INFO  segmented.SegmentedRaftLogWorker (SegmentedRaftLogWorker.java:lambda$new$0(132)) - da13140e-97ff-4909-b236-e6528747f6c6-SegmentedRaftLogWorker:Storage Directory /workdir/hadoop-ozone/tools/target/test-dir/MiniOzoneClusterImpl-48448ead-6be7-4ea0-abfc-19da8f63b657/datanode-1/data/ratis/d13f3992-7729-4b90-aff3-d5d3676c02c5: flushIndex: setUnconditionally 0 -> -1
2019-09-12 11:49:53,994 [pool-38-thread-1] INFO  server.RaftServerConfigKeys (ConfUtils.java:logGet(43)) - raft.server.snapshot.auto.trigger.enabled = true (custom)
2019-09-12 11:49:53,994 [pool-38-thread-1] INFO  server.RaftServerConfigKeys (ConfUtils.java:logGet(43)) - raft.server.snapshot.auto.trigger.threshold = 10000 (custom)
2019-09-12 11:49:53,995 [pool-38-thread-1] INFO  server.RaftServerConfigKeys (ConfUtils.java:logGet(43)) - raft.server.retrycache.expirytime = 600000ms (custom)
2019-09-12 11:49:53,995 [pool-38-thread-1] INFO  impl.RaftServerImpl (RaftServerImpl.java:start(180)) - da13140e-97ff-4909-b236-e6528747f6c6: start group-D5D3676C02C5
2019-09-12 11:49:53,995 [pool-38-thread-1] INFO  impl.RaftServerImpl (RaftServerImpl.java:setRole(171)) - da13140e-97ff-4909-b236-e6528747f6c6:group-D5D3676C02C5 changes role from null to FOLLOWER at term 0 for startAsFollower
2019-09-12 11:49:53,995 [pool-38-thread-1] INFO  impl.RoleInfo (RoleInfo.java:updateAndGet(143)) - da13140e-97ff-4909-b236-e6528747f6c6: start FollowerState
2019-09-12 11:49:53,996 [pool-38-thread-1] INFO  util.JmxRegister (JmxRegister.java:tryRegister(44)) - Successfully registered JMX Bean with object name Ratis:service=RaftServer,group=group-D5D3676C02C5,id=da13140e-97ff-4909-b236-e6528747f6c6
2019-09-12 11:49:54,006 [RatisPipelineUtilsThread] INFO  pipeline.PipelineStateManager (PipelineStateManager.java:addPipeline(56)) - Created pipeline Pipeline[ Id: d13f3992-7729-4b90-aff3-d5d3676c02c5, Nodes: da13140e-97ff-4909-b236-e6528747f6c6{ip: 192.168.36.114, host: pr-hdds-1569-58hkm-1881083799, networkLocation: /default-rack, certSerialId: null}, Type:RATIS, Factor:ONE, State:OPEN]
2019-09-12 11:49:54,020 [grpc-default-executor-1] INFO  impl.RaftServerProxy (RaftServerProxy.java:addNew(89)) - a32c3c57-45cd-4630-bd30-a1be9f286e13: addNew group-E1B94209BA7C:[a32c3c57-45cd-4630-bd30-a1be9f286e13:192.168.36.114:41176] returns group-E1B94209BA7C:java.util.concurrent.CompletableFuture@6df04bc7[Not completed]
2019-09-12 11:49:54,022 [pool-49-thread-1] INFO  impl.RaftServerImpl (RaftServerImpl.java:<init>(93)) - a32c3c57-45cd-4630-bd30-a1be9f286e13: new RaftServerImpl for group-E1B94209BA7C:[a32c3c57-45cd-4630-bd30-a1be9f286e13:192.168.36.114:41176] with ContainerStateMachine:uninitialized
2019-09-12 11:49:54,022 [pool-49-thread-1] INFO  server.RaftServerConfigKeys (ConfUtils.java:logGet(43)) - raft.server.rpc.timeout.min = 5s (custom)
2019-09-12 11:49:54,022 [pool-49-thread-1] INFO  server.RaftServerConfigKeys (ConfUtils.java:logGet(43)) - raft.server.rpc.timeout.max = 5200ms (custom)
2019-09-12 11:49:54,022 [pool-49-thread-1] INFO  server.RaftServerConfigKeys (ConfUtils.java:logGet(43)) - raft.server.rpcslowness.timeout = 120s (custom)
2019-09-12 11:49:54,022 [pool-49-thread-1] INFO  server.RaftServerConfigKeys (ConfUtils.java:logGet(43)) - raft.server.sleep.deviation.threshold = 300 (default)
2019-09-12 11:49:54,022 [pool-49-thread-1] INFO  server.RaftServerConfigKeys (ConfUtils.java:logGet(43)) - raft.server.log.appender.install.snapshot.enabled = false (custom)
2019-09-12 11:49:54,023 [pool-49-thread-1] INFO  impl.RaftServerImpl (ServerState.java:<init>(105)) - a32c3c57-45cd-4630-bd30-a1be9f286e13:group-E1B94209BA7C ConfigurationManager, init=-1: [a32c3c57-45cd-4630-bd30-a1be9f286e13:192.168.36.114:41176], old=null, confs=<EMPTY_MAP>
2019-09-12 11:49:54,023 [pool-49-thread-1] INFO  server.RaftServerConfigKeys (ConfUtils.java:logGet(43)) - raft.server.storage.dir = [/workdir/hadoop-ozone/tools/target/test-dir/MiniOzoneClusterImpl-48448ead-6be7-4ea0-abfc-19da8f63b657/datanode-2/data/ratis] (custom)
2019-09-12 11:49:54,023 [pool-49-thread-1] INFO  storage.RaftStorageDirectory (RaftStorageDirectory.java:analyzeStorage(246)) - The storage directory /workdir/hadoop-ozone/tools/target/test-dir/MiniOzoneClusterImpl-48448ead-6be7-4ea0-abfc-19da8f63b657/datanode-2/data/ratis/64567434-f8ae-4026-a812-e1b94209ba7c does not exist. Creating ...
2019-09-12 11:49:54,037 [pool-49-thread-1] INFO  storage.RaftStorageDirectory (RaftStorageDirectory.java:tryLock(328)) - Lock on /workdir/hadoop-ozone/tools/target/test-dir/MiniOzoneClusterImpl-48448ead-6be7-4ea0-abfc-19da8f63b657/datanode-2/data/ratis/64567434-f8ae-4026-a812-e1b94209ba7c/in_use.lock acquired by nodename 19442@pr-hdds-1569-58hkm-1881083799
2019-09-12 11:49:54,050 [pool-49-thread-1] INFO  storage.RaftStorage (RaftStorage.java:format(72)) - Storage directory /workdir/hadoop-ozone/tools/target/test-dir/MiniOzoneClusterImpl-48448ead-6be7-4ea0-abfc-19da8f63b657/datanode-2/data/ratis/64567434-f8ae-4026-a812-e1b94209ba7c has been successfully formatted.
2019-09-12 11:49:54,050 [pool-49-thread-1] INFO  ratis.ContainerStateMachine (ContainerStateMachine.java:loadSnapshot(226)) - group-E1B94209BA7C: The snapshot info is null. Setting the last applied indexto:(t:0, i:~)
2019-09-12 11:49:54,050 [pool-49-thread-1] INFO  server.RaftServerConfigKeys (ConfUtils.java:logGet(43)) - raft.server.leader.election.timeout = 120s (custom)
2019-09-12 11:49:54,050 [pool-49-thread-1] INFO  server.RaftServerConfigKeys (ConfUtils.java:logGet(43)) - raft.server.log.use.memory = false (default)
2019-09-12 11:49:54,050 [pool-49-thread-1] INFO  server.RaftServerConfigKeys (ConfUtils.java:logGet(43)) - raft.server.log.purge.gap = 1000000 (custom)
2019-09-12 11:49:54,050 [pool-49-thread-1] INFO  server.RaftServerConfigKeys (ConfUtils.java:logGet(43)) - raft.server.log.appender.buffer.byte-limit = 33554432 (custom)
2019-09-12 11:49:54,051 [pool-49-thread-1] INFO  server.RaftServerConfigKeys (ConfUtils.java:logGet(43)) - raft.server.log.segment.size.max = 1048576 (custom)
2019-09-12 11:49:54,051 [pool-49-thread-1] INFO  server.RaftServerConfigKeys (ConfUtils.java:logGet(43)) - raft.server.log.segment.cache.num.max = 2 (custom)
2019-09-12 11:49:54,051 [pool-49-thread-1] INFO  segmented.SegmentedRaftLogWorker (SegmentedRaftLogWorker.java:<init>(172)) - new a32c3c57-45cd-4630-bd30-a1be9f286e13-SegmentedRaftLogWorker:Storage Directory /workdir/hadoop-ozone/tools/target/test-dir/MiniOzoneClusterImpl-48448ead-6be7-4ea0-abfc-19da8f63b657/datanode-2/data/ratis/64567434-f8ae-4026-a812-e1b94209ba7c for RaftStorage:Storage Directory /workdir/hadoop-ozone/tools/target/test-dir/MiniOzoneClusterImpl-48448ead-6be7-4ea0-abfc-19da8f63b657/datanode-2/data/ratis/64567434-f8ae-4026-a812-e1b94209ba7c
2019-09-12 11:49:54,051 [pool-49-thread-1] INFO  server.RaftServerConfigKeys (ConfUtils.java:logGet(43)) - raft.server.log.queue.byte-limit = 2147483647 (custom)
2019-09-12 11:49:54,051 [pool-49-thread-1] INFO  server.RaftServerConfigKeys (ConfUtils.java:logGet(43)) - raft.server.log.queue.element-limit = 1024 (custom)
2019-09-12 11:49:54,051 [pool-49-thread-1] INFO  server.RaftServerConfigKeys (ConfUtils.java:logGet(43)) - raft.server.log.segment.size.max = 1048576 (custom)
2019-09-12 11:49:54,052 [pool-49-thread-1] INFO  server.RaftServerConfigKeys (ConfUtils.java:logGet(43)) - raft.server.log.preallocated.size = 16384 (custom)
2019-09-12 11:49:54,052 [pool-49-thread-1] INFO  server.RaftServerConfigKeys (ConfUtils.java:logGet(43)) - raft.server.log.write.buffer.size = 33554432 (custom)
2019-09-12 11:49:54,052 [pool-49-thread-1] INFO  server.RaftServerConfigKeys (ConfUtils.java:logGet(43)) - raft.server.log.force.sync.num = 128 (default)
2019-09-12 11:49:54,052 [pool-49-thread-1] INFO  server.RaftServerConfigKeys (ConfUtils.java:logGet(43)) - raft.server.log.statemachine.data.sync = true (default)
2019-09-12 11:49:54,052 [pool-49-thread-1] INFO  server.RaftServerConfigKeys (ConfUtils.java:logGet(43)) - raft.server.log.statemachine.data.sync.timeout = 10s (default)
2019-09-12 11:49:54,052 [pool-49-thread-1] INFO  server.RaftServerConfigKeys (ConfUtils.java:logGet(43)) - raft.server.log.statemachine.data.sync.timeout.retry = -1 (default)
2019-09-12 11:49:54,053 [pool-49-thread-1] INFO  server.RaftServerConfigKeys (ConfUtils.java:logGet(43)) - raft.server.log.statemachine.data.caching.enabled = true (custom)
2019-09-12 11:49:54,053 [pool-49-thread-1] INFO  segmented.SegmentedRaftLogWorker (SegmentedRaftLogWorker.java:lambda$new$0(132)) - a32c3c57-45cd-4630-bd30-a1be9f286e13-SegmentedRaftLogWorker:Storage Directory /workdir/hadoop-ozone/tools/target/test-dir/MiniOzoneClusterImpl-48448ead-6be7-4ea0-abfc-19da8f63b657/datanode-2/data/ratis/64567434-f8ae-4026-a812-e1b94209ba7c: flushIndex: setUnconditionally 0 -> -1
2019-09-12 11:49:54,053 [pool-49-thread-1] INFO  server.RaftServerConfigKeys (ConfUtils.java:logGet(43)) - raft.server.snapshot.auto.trigger.enabled = true (custom)
2019-09-12 11:49:54,053 [pool-49-thread-1] INFO  server.RaftServerConfigKeys (ConfUtils.java:logGet(43)) - raft.server.snapshot.auto.trigger.threshold = 10000 (custom)
2019-09-12 11:49:54,054 [pool-49-thread-1] INFO  server.RaftServerConfigKeys (ConfUtils.java:logGet(43)) - raft.server.retrycache.expirytime = 600000ms (custom)
2019-09-12 11:49:54,054 [pool-49-thread-1] INFO  impl.RaftServerImpl (RaftServerImpl.java:start(180)) - a32c3c57-45cd-4630-bd30-a1be9f286e13: start group-E1B94209BA7C
2019-09-12 11:49:54,054 [pool-49-thread-1] INFO  impl.RaftServerImpl (RaftServerImpl.java:setRole(171)) - a32c3c57-45cd-4630-bd30-a1be9f286e13:group-E1B94209BA7C changes role from null to FOLLOWER at term 0 for startAsFollower
2019-09-12 11:49:54,054 [pool-49-thread-1] INFO  impl.RoleInfo (RoleInfo.java:updateAndGet(143)) - a32c3c57-45cd-4630-bd30-a1be9f286e13: start FollowerState
2019-09-12 11:49:54,055 [pool-49-thread-1] INFO  util.JmxRegister (JmxRegister.java:tryRegister(44)) - Successfully registered JMX Bean with object name Ratis:service=RaftServer,group=group-E1B94209BA7C,id=a32c3c57-45cd-4630-bd30-a1be9f286e13
2019-09-12 11:49:54,066 [RatisPipelineUtilsThread] INFO  pipeline.PipelineStateManager (PipelineStateManager.java:addPipeline(56)) - Created pipeline Pipeline[ Id: 64567434-f8ae-4026-a812-e1b94209ba7c, Nodes: a32c3c57-45cd-4630-bd30-a1be9f286e13{ip: 192.168.36.114, host: pr-hdds-1569-58hkm-1881083799, networkLocation: /default-rack, certSerialId: null}, Type:RATIS, Factor:ONE, State:OPEN]
2019-09-12 11:49:54,068 [RatisPipelineUtilsThread] ERROR pipeline.PipelinePlacementPolicy (PipelinePlacementPolicy.java:meetCriteria(92)) - Pipeline Placement: Doesn't meet the criteria to be viable node. Heaviness: 6
2019-09-12 11:49:54,068 | INFO  | SCMAudit | user=jenkins1000 | ip=192.168.36.114 | op=SEND_HEARTBEAT {datanodeUUID=da13140e-97ff-4909-b236-e6528747f6c6, command=[]} | ret=SUCCESS |  
2019-09-12 11:49:54,082 [grpc-default-executor-1] INFO  impl.RaftServerProxy (RaftServerProxy.java:addNew(89)) - da13140e-97ff-4909-b236-e6528747f6c6: addNew group-EBA4B9CFFDC9:[da13140e-97ff-4909-b236-e6528747f6c6:192.168.36.114:44504] returns group-EBA4B9CFFDC9:java.util.concurrent.CompletableFuture@36f51a70[Not completed]
2019-09-12 11:49:54,084 [pool-38-thread-1] INFO  impl.RaftServerImpl (RaftServerImpl.java:<init>(93)) - da13140e-97ff-4909-b236-e6528747f6c6: new RaftServerImpl for group-EBA4B9CFFDC9:[da13140e-97ff-4909-b236-e6528747f6c6:192.168.36.114:44504] with ContainerStateMachine:uninitialized
2019-09-12 11:49:54,084 [pool-38-thread-1] INFO  server.RaftServerConfigKeys (ConfUtils.java:logGet(43)) - raft.server.rpc.timeout.min = 5s (custom)
2019-09-12 11:49:54,084 [pool-38-thread-1] INFO  server.RaftServerConfigKeys (ConfUtils.java:logGet(43)) - raft.server.rpc.timeout.max = 5200ms (custom)
2019-09-12 11:49:54,085 [pool-38-thread-1] INFO  server.RaftServerConfigKeys (ConfUtils.java:logGet(43)) - raft.server.rpcslowness.timeout = 120s (custom)
2019-09-12 11:49:54,085 [pool-38-thread-1] INFO  server.RaftServerConfigKeys (ConfUtils.java:logGet(43)) - raft.server.sleep.deviation.threshold = 300 (default)
2019-09-12 11:49:54,085 [pool-38-thread-1] INFO  server.RaftServerConfigKeys (ConfUtils.java:logGet(43)) - raft.server.log.appender.install.snapshot.enabled = false (custom)
2019-09-12 11:49:54,085 [pool-38-thread-1] INFO  impl.RaftServerImpl (ServerState.java:<init>(105)) - da13140e-97ff-4909-b236-e6528747f6c6:group-EBA4B9CFFDC9 ConfigurationManager, init=-1: [da13140e-97ff-4909-b236-e6528747f6c6:192.168.36.114:44504], old=null, confs=<EMPTY_MAP>
2019-09-12 11:49:54,085 [pool-38-thread-1] INFO  server.RaftServerConfigKeys (ConfUtils.java:logGet(43)) - raft.server.storage.dir = [/workdir/hadoop-ozone/tools/target/test-dir/MiniOzoneClusterImpl-48448ead-6be7-4ea0-abfc-19da8f63b657/datanode-1/data/ratis] (custom)
2019-09-12 11:49:54,086 [pool-38-thread-1] INFO  storage.RaftStorageDirectory (RaftStorageDirectory.java:analyzeStorage(246)) - The storage directory /workdir/hadoop-ozone/tools/target/test-dir/MiniOzoneClusterImpl-48448ead-6be7-4ea0-abfc-19da8f63b657/datanode-1/data/ratis/7af2a84a-a332-4b80-a2c0-eba4b9cffdc9 does not exist. Creating ...
2019-09-12 11:49:54,099 [pool-38-thread-1] INFO  storage.RaftStorageDirectory (RaftStorageDirectory.java:tryLock(328)) - Lock on /workdir/hadoop-ozone/tools/target/test-dir/MiniOzoneClusterImpl-48448ead-6be7-4ea0-abfc-19da8f63b657/datanode-1/data/ratis/7af2a84a-a332-4b80-a2c0-eba4b9cffdc9/in_use.lock acquired by nodename 19442@pr-hdds-1569-58hkm-1881083799
2019-09-12 11:49:54,112 [pool-38-thread-1] INFO  storage.RaftStorage (RaftStorage.java:format(72)) - Storage directory /workdir/hadoop-ozone/tools/target/test-dir/MiniOzoneClusterImpl-48448ead-6be7-4ea0-abfc-19da8f63b657/datanode-1/data/ratis/7af2a84a-a332-4b80-a2c0-eba4b9cffdc9 has been successfully formatted.
2019-09-12 11:49:54,112 [pool-38-thread-1] INFO  ratis.ContainerStateMachine (ContainerStateMachine.java:loadSnapshot(226)) - group-EBA4B9CFFDC9: The snapshot info is null. Setting the last applied indexto:(t:0, i:~)
2019-09-12 11:49:54,112 [pool-38-thread-1] INFO  server.RaftServerConfigKeys (ConfUtils.java:logGet(43)) - raft.server.leader.election.timeout = 120s (custom)
2019-09-12 11:49:54,112 [pool-38-thread-1] INFO  server.RaftServerConfigKeys (ConfUtils.java:logGet(43)) - raft.server.log.use.memory = false (default)
2019-09-12 11:49:54,112 [pool-38-thread-1] INFO  server.RaftServerConfigKeys (ConfUtils.java:logGet(43)) - raft.server.log.purge.gap = 1000000 (custom)
2019-09-12 11:49:54,113 [pool-38-thread-1] INFO  server.RaftServerConfigKeys (ConfUtils.java:logGet(43)) - raft.server.log.appender.buffer.byte-limit = 33554432 (custom)
2019-09-12 11:49:54,113 [pool-38-thread-1] INFO  server.RaftServerConfigKeys (ConfUtils.java:logGet(43)) - raft.server.log.segment.size.max = 1048576 (custom)
2019-09-12 11:49:54,113 [pool-38-thread-1] INFO  server.RaftServerConfigKeys (ConfUtils.java:logGet(43)) - raft.server.log.segment.cache.num.max = 2 (custom)
2019-09-12 11:49:54,113 [pool-38-thread-1] INFO  segmented.SegmentedRaftLogWorker (SegmentedRaftLogWorker.java:<init>(172)) - new da13140e-97ff-4909-b236-e6528747f6c6-SegmentedRaftLogWorker:Storage Directory /workdir/hadoop-ozone/tools/target/test-dir/MiniOzoneClusterImpl-48448ead-6be7-4ea0-abfc-19da8f63b657/datanode-1/data/ratis/7af2a84a-a332-4b80-a2c0-eba4b9cffdc9 for RaftStorage:Storage Directory /workdir/hadoop-ozone/tools/target/test-dir/MiniOzoneClusterImpl-48448ead-6be7-4ea0-abfc-19da8f63b657/datanode-1/data/ratis/7af2a84a-a332-4b80-a2c0-eba4b9cffdc9
2019-09-12 11:49:54,113 [pool-38-thread-1] INFO  server.RaftServerConfigKeys (ConfUtils.java:logGet(43)) - raft.server.log.queue.byte-limit = 2147483647 (custom)
2019-09-12 11:49:54,113 [pool-38-thread-1] INFO  server.RaftServerConfigKeys (ConfUtils.java:logGet(43)) - raft.server.log.queue.element-limit = 1024 (custom)
2019-09-12 11:49:54,113 [pool-38-thread-1] INFO  server.RaftServerConfigKeys (ConfUtils.java:logGet(43)) - raft.server.log.segment.size.max = 1048576 (custom)
2019-09-12 11:49:54,113 [pool-38-thread-1] INFO  server.RaftServerConfigKeys (ConfUtils.java:logGet(43)) - raft.server.log.preallocated.size = 16384 (custom)
2019-09-12 11:49:54,114 [pool-38-thread-1] INFO  server.RaftServerConfigKeys (ConfUtils.java:logGet(43)) - raft.server.log.write.buffer.size = 33554432 (custom)
2019-09-12 11:49:54,114 [pool-38-thread-1] INFO  server.RaftServerConfigKeys (ConfUtils.java:logGet(43)) - raft.server.log.force.sync.num = 128 (default)
2019-09-12 11:49:54,114 [pool-38-thread-1] INFO  server.RaftServerConfigKeys (ConfUtils.java:logGet(43)) - raft.server.log.statemachine.data.sync = true (default)
2019-09-12 11:49:54,114 [pool-38-thread-1] INFO  server.RaftServerConfigKeys (ConfUtils.java:logGet(43)) - raft.server.log.statemachine.data.sync.timeout = 10s (default)
2019-09-12 11:49:54,114 [pool-38-thread-1] INFO  server.RaftServerConfigKeys (ConfUtils.java:logGet(43)) - raft.server.log.statemachine.data.sync.timeout.retry = -1 (default)
2019-09-12 11:49:54,114 [pool-38-thread-1] INFO  server.RaftServerConfigKeys (ConfUtils.java:logGet(43)) - raft.server.log.statemachine.data.caching.enabled = true (custom)
2019-09-12 11:49:54,114 [pool-38-thread-1] INFO  segmented.SegmentedRaftLogWorker (SegmentedRaftLogWorker.java:lambda$new$0(132)) - da13140e-97ff-4909-b236-e6528747f6c6-SegmentedRaftLogWorker:Storage Directory /workdir/hadoop-ozone/tools/target/test-dir/MiniOzoneClusterImpl-48448ead-6be7-4ea0-abfc-19da8f63b657/datanode-1/data/ratis/7af2a84a-a332-4b80-a2c0-eba4b9cffdc9: flushIndex: setUnconditionally 0 -> -1
2019-09-12 11:49:54,115 [pool-38-thread-1] INFO  server.RaftServerConfigKeys (ConfUtils.java:logGet(43)) - raft.server.snapshot.auto.trigger.enabled = true (custom)
2019-09-12 11:49:54,115 [pool-38-thread-1] INFO  server.RaftServerConfigKeys (ConfUtils.java:logGet(43)) - raft.server.snapshot.auto.trigger.threshold = 10000 (custom)
2019-09-12 11:49:54,115 [pool-38-thread-1] INFO  server.RaftServerConfigKeys (ConfUtils.java:logGet(43)) - raft.server.retrycache.expirytime = 600000ms (custom)
2019-09-12 11:49:54,115 [pool-38-thread-1] INFO  impl.RaftServerImpl (RaftServerImpl.java:start(180)) - da13140e-97ff-4909-b236-e6528747f6c6: start group-EBA4B9CFFDC9
2019-09-12 11:49:54,115 [pool-38-thread-1] INFO  impl.RaftServerImpl (RaftServerImpl.java:setRole(171)) - da13140e-97ff-4909-b236-e6528747f6c6:group-EBA4B9CFFDC9 changes role from null to FOLLOWER at term 0 for startAsFollower
2019-09-12 11:49:54,116 [pool-38-thread-1] INFO  impl.RoleInfo (RoleInfo.java:updateAndGet(143)) - da13140e-97ff-4909-b236-e6528747f6c6: start FollowerState
2019-09-12 11:49:54,116 [pool-38-thread-1] INFO  util.JmxRegister (JmxRegister.java:tryRegister(44)) - Successfully registered JMX Bean with object name Ratis:service=RaftServer,group=group-EBA4B9CFFDC9,id=da13140e-97ff-4909-b236-e6528747f6c6
2019-09-12 11:49:54,121 [RatisPipelineUtilsThread] INFO  pipeline.PipelineStateManager (PipelineStateManager.java:addPipeline(56)) - Created pipeline Pipeline[ Id: 7af2a84a-a332-4b80-a2c0-eba4b9cffdc9, Nodes: da13140e-97ff-4909-b236-e6528747f6c6{ip: 192.168.36.114, host: pr-hdds-1569-58hkm-1881083799, networkLocation: /default-rack, certSerialId: null}, Type:RATIS, Factor:ONE, State:OPEN]
2019-09-12 11:49:54,122 [RatisPipelineUtilsThread] ERROR pipeline.PipelinePlacementPolicy (PipelinePlacementPolicy.java:meetCriteria(92)) - Pipeline Placement: Doesn't meet the criteria to be viable node. Heaviness: 6
2019-09-12 11:49:54,122 [RatisPipelineUtilsThread] ERROR pipeline.PipelinePlacementPolicy (PipelinePlacementPolicy.java:meetCriteria(92)) - Pipeline Placement: Doesn't meet the criteria to be viable node. Heaviness: 6
2019-09-12 11:49:54,135 [grpc-default-executor-1] INFO  impl.RaftServerProxy (RaftServerProxy.java:addNew(89)) - efd2d550-d23b-43a8-a0f9-f6ba5c59f5a4: addNew group-7BF3D6702844:[efd2d550-d23b-43a8-a0f9-f6ba5c59f5a4:192.168.36.114:40324] returns group-7BF3D6702844:java.util.concurrent.CompletableFuture@2915341f[Not completed]
2019-09-12 11:49:54,136 [pool-27-thread-1] INFO  impl.RaftServerImpl (RaftServerImpl.java:<init>(93)) - efd2d550-d23b-43a8-a0f9-f6ba5c59f5a4: new RaftServerImpl for group-7BF3D6702844:[efd2d550-d23b-43a8-a0f9-f6ba5c59f5a4:192.168.36.114:40324] with ContainerStateMachine:uninitialized
2019-09-12 11:49:54,137 [pool-27-thread-1] INFO  server.RaftServerConfigKeys (ConfUtils.java:logGet(43)) - raft.server.rpc.timeout.min = 5s (custom)
2019-09-12 11:49:54,137 [pool-27-thread-1] INFO  server.RaftServerConfigKeys (ConfUtils.java:logGet(43)) - raft.server.rpc.timeout.max = 5200ms (custom)
2019-09-12 11:49:54,137 [pool-27-thread-1] INFO  server.RaftServerConfigKeys (ConfUtils.java:logGet(43)) - raft.server.rpcslowness.timeout = 120s (custom)
2019-09-12 11:49:54,137 [pool-27-thread-1] INFO  server.RaftServerConfigKeys (ConfUtils.java:logGet(43)) - raft.server.sleep.deviation.threshold = 300 (default)
2019-09-12 11:49:54,137 [pool-27-thread-1] INFO  server.RaftServerConfigKeys (ConfUtils.java:logGet(43)) - raft.server.log.appender.install.snapshot.enabled = false (custom)
2019-09-12 11:49:54,138 [pool-27-thread-1] INFO  impl.RaftServerImpl (ServerState.java:<init>(105)) - efd2d550-d23b-43a8-a0f9-f6ba5c59f5a4:group-7BF3D6702844 ConfigurationManager, init=-1: [efd2d550-d23b-43a8-a0f9-f6ba5c59f5a4:192.168.36.114:40324], old=null, confs=<EMPTY_MAP>
2019-09-12 11:49:54,138 [pool-27-thread-1] INFO  server.RaftServerConfigKeys (ConfUtils.java:logGet(43)) - raft.server.storage.dir = [/workdir/hadoop-ozone/tools/target/test-dir/MiniOzoneClusterImpl-48448ead-6be7-4ea0-abfc-19da8f63b657/datanode-0/data/ratis] (custom)
2019-09-12 11:49:54,138 [pool-27-thread-1] INFO  storage.RaftStorageDirectory (RaftStorageDirectory.java:analyzeStorage(246)) - The storage directory /workdir/hadoop-ozone/tools/target/test-dir/MiniOzoneClusterImpl-48448ead-6be7-4ea0-abfc-19da8f63b657/datanode-0/data/ratis/68ed7a72-262c-48ea-930b-7bf3d6702844 does not exist. Creating ...
2019-09-12 11:49:54,151 [pool-27-thread-1] INFO  storage.RaftStorageDirectory (RaftStorageDirectory.java:tryLock(328)) - Lock on /workdir/hadoop-ozone/tools/target/test-dir/MiniOzoneClusterImpl-48448ead-6be7-4ea0-abfc-19da8f63b657/datanode-0/data/ratis/68ed7a72-262c-48ea-930b-7bf3d6702844/in_use.lock acquired by nodename 19442@pr-hdds-1569-58hkm-1881083799
2019-09-12 11:49:54,164 [pool-27-thread-1] INFO  storage.RaftStorage (RaftStorage.java:format(72)) - Storage directory /workdir/hadoop-ozone/tools/target/test-dir/MiniOzoneClusterImpl-48448ead-6be7-4ea0-abfc-19da8f63b657/datanode-0/data/ratis/68ed7a72-262c-48ea-930b-7bf3d6702844 has been successfully formatted.
2019-09-12 11:49:54,165 [pool-27-thread-1] INFO  ratis.ContainerStateMachine (ContainerStateMachine.java:loadSnapshot(226)) - group-7BF3D6702844: The snapshot info is null. Setting the last applied indexto:(t:0, i:~)
2019-09-12 11:49:54,165 [pool-27-thread-1] INFO  server.RaftServerConfigKeys (ConfUtils.java:logGet(43)) - raft.server.leader.election.timeout = 120s (custom)
2019-09-12 11:49:54,165 [pool-27-thread-1] INFO  server.RaftServerConfigKeys (ConfUtils.java:logGet(43)) - raft.server.log.use.memory = false (default)
2019-09-12 11:49:54,165 [pool-27-thread-1] INFO  server.RaftServerConfigKeys (ConfUtils.java:logGet(43)) - raft.server.log.purge.gap = 1000000 (custom)
2019-09-12 11:49:54,166 [pool-27-thread-1] INFO  server.RaftServerConfigKeys (ConfUtils.java:logGet(43)) - raft.server.log.appender.buffer.byte-limit = 33554432 (custom)
2019-09-12 11:49:54,166 [pool-27-thread-1] INFO  server.RaftServerConfigKeys (ConfUtils.java:logGet(43)) - raft.server.log.segment.size.max = 1048576 (custom)
2019-09-12 11:49:54,166 [pool-27-thread-1] INFO  server.RaftServerConfigKeys (ConfUtils.java:logGet(43)) - raft.server.log.segment.cache.num.max = 2 (custom)
2019-09-12 11:49:54,166 [pool-27-thread-1] INFO  segmented.SegmentedRaftLogWorker (SegmentedRaftLogWorker.java:<init>(172)) - new efd2d550-d23b-43a8-a0f9-f6ba5c59f5a4-SegmentedRaftLogWorker:Storage Directory /workdir/hadoop-ozone/tools/target/test-dir/MiniOzoneClusterImpl-48448ead-6be7-4ea0-abfc-19da8f63b657/datanode-0/data/ratis/68ed7a72-262c-48ea-930b-7bf3d6702844 for RaftStorage:Storage Directory /workdir/hadoop-ozone/tools/target/test-dir/MiniOzoneClusterImpl-48448ead-6be7-4ea0-abfc-19da8f63b657/datanode-0/data/ratis/68ed7a72-262c-48ea-930b-7bf3d6702844
2019-09-12 11:49:54,166 [pool-27-thread-1] INFO  server.RaftServerConfigKeys (ConfUtils.java:logGet(43)) - raft.server.log.queue.byte-limit = 2147483647 (custom)
2019-09-12 11:49:54,167 [pool-27-thread-1] INFO  server.RaftServerConfigKeys (ConfUtils.java:logGet(43)) - raft.server.log.queue.element-limit = 1024 (custom)
2019-09-12 11:49:54,167 [pool-27-thread-1] INFO  server.RaftServerConfigKeys (ConfUtils.java:logGet(43)) - raft.server.log.segment.size.max = 1048576 (custom)
2019-09-12 11:49:54,167 [pool-27-thread-1] INFO  server.RaftServerConfigKeys (ConfUtils.java:logGet(43)) - raft.server.log.preallocated.size = 16384 (custom)
2019-09-12 11:49:54,167 [pool-27-thread-1] INFO  server.RaftServerConfigKeys (ConfUtils.java:logGet(43)) - raft.server.log.write.buffer.size = 33554432 (custom)
2019-09-12 11:49:54,167 [pool-27-thread-1] INFO  server.RaftServerConfigKeys (ConfUtils.java:logGet(43)) - raft.server.log.force.sync.num = 128 (default)
2019-09-12 11:49:54,167 [pool-27-thread-1] INFO  server.RaftServerConfigKeys (ConfUtils.java:logGet(43)) - raft.server.log.statemachine.data.sync = true (default)
2019-09-12 11:49:54,168 [pool-27-thread-1] INFO  server.RaftServerConfigKeys (ConfUtils.java:logGet(43)) - raft.server.log.statemachine.data.sync.timeout = 10s (default)
2019-09-12 11:49:54,168 [pool-27-thread-1] INFO  server.RaftServerConfigKeys (ConfUtils.java:logGet(43)) - raft.server.log.statemachine.data.sync.timeout.retry = -1 (default)
2019-09-12 11:49:54,168 [pool-27-thread-1] INFO  server.RaftServerConfigKeys (ConfUtils.java:logGet(43)) - raft.server.log.statemachine.data.caching.enabled = true (custom)
2019-09-12 11:49:54,168 [pool-27-thread-1] INFO  segmented.SegmentedRaftLogWorker (SegmentedRaftLogWorker.java:lambda$new$0(132)) - efd2d550-d23b-43a8-a0f9-f6ba5c59f5a4-SegmentedRaftLogWorker:Storage Directory /workdir/hadoop-ozone/tools/target/test-dir/MiniOzoneClusterImpl-48448ead-6be7-4ea0-abfc-19da8f63b657/datanode-0/data/ratis/68ed7a72-262c-48ea-930b-7bf3d6702844: flushIndex: setUnconditionally 0 -> -1
2019-09-12 11:49:54,169 [pool-27-thread-1] INFO  server.RaftServerConfigKeys (ConfUtils.java:logGet(43)) - raft.server.snapshot.auto.trigger.enabled = true (custom)
2019-09-12 11:49:54,169 [pool-27-thread-1] INFO  server.RaftServerConfigKeys (ConfUtils.java:logGet(43)) - raft.server.snapshot.auto.trigger.threshold = 10000 (custom)
2019-09-12 11:49:54,169 [pool-27-thread-1] INFO  server.RaftServerConfigKeys (ConfUtils.java:logGet(43)) - raft.server.retrycache.expirytime = 600000ms (custom)
2019-09-12 11:49:54,169 [pool-27-thread-1] INFO  impl.RaftServerImpl (RaftServerImpl.java:start(180)) - efd2d550-d23b-43a8-a0f9-f6ba5c59f5a4: start group-7BF3D6702844
2019-09-12 11:49:54,170 [pool-27-thread-1] INFO  impl.RaftServerImpl (RaftServerImpl.java:setRole(171)) - efd2d550-d23b-43a8-a0f9-f6ba5c59f5a4:group-7BF3D6702844 changes role from null to FOLLOWER at term 0 for startAsFollower
2019-09-12 11:49:54,170 [pool-27-thread-1] INFO  impl.RoleInfo (RoleInfo.java:updateAndGet(143)) - efd2d550-d23b-43a8-a0f9-f6ba5c59f5a4: start FollowerState
2019-09-12 11:49:54,170 [pool-27-thread-1] INFO  util.JmxRegister (JmxRegister.java:tryRegister(44)) - Successfully registered JMX Bean with object name Ratis:service=RaftServer,group=group-7BF3D6702844,id=efd2d550-d23b-43a8-a0f9-f6ba5c59f5a4
2019-09-12 11:49:54,176 [RatisPipelineUtilsThread] INFO  pipeline.PipelineStateManager (PipelineStateManager.java:addPipeline(56)) - Created pipeline Pipeline[ Id: 68ed7a72-262c-48ea-930b-7bf3d6702844, Nodes: efd2d550-d23b-43a8-a0f9-f6ba5c59f5a4{ip: 192.168.36.114, host: pr-hdds-1569-58hkm-1881083799, networkLocation: /default-rack, certSerialId: null}, Type:RATIS, Factor:ONE, State:OPEN]
2019-09-12 11:49:54,177 [RatisPipelineUtilsThread] ERROR pipeline.PipelinePlacementPolicy (PipelinePlacementPolicy.java:meetCriteria(92)) - Pipeline Placement: Doesn't meet the criteria to be viable node. Heaviness: 6
2019-09-12 11:49:54,177 [RatisPipelineUtilsThread] ERROR pipeline.PipelinePlacementPolicy (PipelinePlacementPolicy.java:meetCriteria(92)) - Pipeline Placement: Doesn't meet the criteria to be viable node. Heaviness: 6
2019-09-12 11:49:54,187 [grpc-default-executor-1] INFO  impl.RaftServerProxy (RaftServerProxy.java:addNew(89)) - 3adca0c9-7635-4314-8dcd-426c8d10965a: addNew group-C93DE0E7C65B:[3adca0c9-7635-4314-8dcd-426c8d10965a:192.168.36.114:44660] returns group-C93DE0E7C65B:java.util.concurrent.CompletableFuture@48243ba6[Not completed]
2019-09-12 11:49:54,188 [pool-71-thread-1] INFO  impl.RaftServerImpl (RaftServerImpl.java:<init>(93)) - 3adca0c9-7635-4314-8dcd-426c8d10965a: new RaftServerImpl for group-C93DE0E7C65B:[3adca0c9-7635-4314-8dcd-426c8d10965a:192.168.36.114:44660] with ContainerStateMachine:uninitialized
2019-09-12 11:49:54,189 [pool-71-thread-1] INFO  server.RaftServerConfigKeys (ConfUtils.java:logGet(43)) - raft.server.rpc.timeout.min = 5s (custom)
2019-09-12 11:49:54,189 [pool-71-thread-1] INFO  server.RaftServerConfigKeys (ConfUtils.java:logGet(43)) - raft.server.rpc.timeout.max = 5200ms (custom)
2019-09-12 11:49:54,189 [pool-71-thread-1] INFO  server.RaftServerConfigKeys (ConfUtils.java:logGet(43)) - raft.server.rpcslowness.timeout = 120s (custom)
2019-09-12 11:49:54,189 [pool-71-thread-1] INFO  server.RaftServerConfigKeys (ConfUtils.java:logGet(43)) - raft.server.sleep.deviation.threshold = 300 (default)
2019-09-12 11:49:54,189 [pool-71-thread-1] INFO  server.RaftServerConfigKeys (ConfUtils.java:logGet(43)) - raft.server.log.appender.install.snapshot.enabled = false (custom)
2019-09-12 11:49:54,189 [pool-71-thread-1] INFO  impl.RaftServerImpl (ServerState.java:<init>(105)) - 3adca0c9-7635-4314-8dcd-426c8d10965a:group-C93DE0E7C65B ConfigurationManager, init=-1: [3adca0c9-7635-4314-8dcd-426c8d10965a:192.168.36.114:44660], old=null, confs=<EMPTY_MAP>
2019-09-12 11:49:54,190 [pool-71-thread-1] INFO  server.RaftServerConfigKeys (ConfUtils.java:logGet(43)) - raft.server.storage.dir = [/workdir/hadoop-ozone/tools/target/test-dir/MiniOzoneClusterImpl-48448ead-6be7-4ea0-abfc-19da8f63b657/datanode-4/data/ratis] (custom)
2019-09-12 11:49:54,190 [pool-71-thread-1] INFO  storage.RaftStorageDirectory (RaftStorageDirectory.java:analyzeStorage(246)) - The storage directory /workdir/hadoop-ozone/tools/target/test-dir/MiniOzoneClusterImpl-48448ead-6be7-4ea0-abfc-19da8f63b657/datanode-4/data/ratis/d6dcd47f-3803-43d3-b150-c93de0e7c65b does not exist. Creating ...
2019-09-12 11:49:54,202 [pool-71-thread-1] INFO  storage.RaftStorageDirectory (RaftStorageDirectory.java:tryLock(328)) - Lock on /workdir/hadoop-ozone/tools/target/test-dir/MiniOzoneClusterImpl-48448ead-6be7-4ea0-abfc-19da8f63b657/datanode-4/data/ratis/d6dcd47f-3803-43d3-b150-c93de0e7c65b/in_use.lock acquired by nodename 19442@pr-hdds-1569-58hkm-1881083799
2019-09-12 11:49:54,216 [pool-71-thread-1] INFO  storage.RaftStorage (RaftStorage.java:format(72)) - Storage directory /workdir/hadoop-ozone/tools/target/test-dir/MiniOzoneClusterImpl-48448ead-6be7-4ea0-abfc-19da8f63b657/datanode-4/data/ratis/d6dcd47f-3803-43d3-b150-c93de0e7c65b has been successfully formatted.
2019-09-12 11:49:54,216 [pool-71-thread-1] INFO  ratis.ContainerStateMachine (ContainerStateMachine.java:loadSnapshot(226)) - group-C93DE0E7C65B: The snapshot info is null. Setting the last applied indexto:(t:0, i:~)
2019-09-12 11:49:54,216 [pool-71-thread-1] INFO  server.RaftServerConfigKeys (ConfUtils.java:logGet(43)) - raft.server.leader.election.timeout = 120s (custom)
2019-09-12 11:49:54,216 [pool-71-thread-1] INFO  server.RaftServerConfigKeys (ConfUtils.java:logGet(43)) - raft.server.log.use.memory = false (default)
2019-09-12 11:49:54,216 [pool-71-thread-1] INFO  server.RaftServerConfigKeys (ConfUtils.java:logGet(43)) - raft.server.log.purge.gap = 1000000 (custom)
2019-09-12 11:49:54,216 [pool-71-thread-1] INFO  server.RaftServerConfigKeys (ConfUtils.java:logGet(43)) - raft.server.log.appender.buffer.byte-limit = 33554432 (custom)
2019-09-12 11:49:54,217 [pool-71-thread-1] INFO  server.RaftServerConfigKeys (ConfUtils.java:logGet(43)) - raft.server.log.segment.size.max = 1048576 (custom)
2019-09-12 11:49:54,217 [pool-71-thread-1] INFO  server.RaftServerConfigKeys (ConfUtils.java:logGet(43)) - raft.server.log.segment.cache.num.max = 2 (custom)
2019-09-12 11:49:54,217 [pool-71-thread-1] INFO  segmented.SegmentedRaftLogWorker (SegmentedRaftLogWorker.java:<init>(172)) - new 3adca0c9-7635-4314-8dcd-426c8d10965a-SegmentedRaftLogWorker:Storage Directory /workdir/hadoop-ozone/tools/target/test-dir/MiniOzoneClusterImpl-48448ead-6be7-4ea0-abfc-19da8f63b657/datanode-4/data/ratis/d6dcd47f-3803-43d3-b150-c93de0e7c65b for RaftStorage:Storage Directory /workdir/hadoop-ozone/tools/target/test-dir/MiniOzoneClusterImpl-48448ead-6be7-4ea0-abfc-19da8f63b657/datanode-4/data/ratis/d6dcd47f-3803-43d3-b150-c93de0e7c65b
2019-09-12 11:49:54,217 [pool-71-thread-1] INFO  server.RaftServerConfigKeys (ConfUtils.java:logGet(43)) - raft.server.log.queue.byte-limit = 2147483647 (custom)
2019-09-12 11:49:54,217 [pool-71-thread-1] INFO  server.RaftServerConfigKeys (ConfUtils.java:logGet(43)) - raft.server.log.queue.element-limit = 1024 (custom)
2019-09-12 11:49:54,217 [pool-71-thread-1] INFO  server.RaftServerConfigKeys (ConfUtils.java:logGet(43)) - raft.server.log.segment.size.max = 1048576 (custom)
2019-09-12 11:49:54,218 [pool-71-thread-1] INFO  server.RaftServerConfigKeys (ConfUtils.java:logGet(43)) - raft.server.log.preallocated.size = 16384 (custom)
2019-09-12 11:49:54,218 [pool-71-thread-1] INFO  server.RaftServerConfigKeys (ConfUtils.java:logGet(43)) - raft.server.log.write.buffer.size = 33554432 (custom)
2019-09-12 11:49:54,218 [pool-71-thread-1] INFO  server.RaftServerConfigKeys (ConfUtils.java:logGet(43)) - raft.server.log.force.sync.num = 128 (default)
2019-09-12 11:49:54,218 [pool-71-thread-1] INFO  server.RaftServerConfigKeys (ConfUtils.java:logGet(43)) - raft.server.log.statemachine.data.sync = true (default)
2019-09-12 11:49:54,218 [pool-71-thread-1] INFO  server.RaftServerConfigKeys (ConfUtils.java:logGet(43)) - raft.server.log.statemachine.data.sync.timeout = 10s (default)
2019-09-12 11:49:54,218 [pool-71-thread-1] INFO  server.RaftServerConfigKeys (ConfUtils.java:logGet(43)) - raft.server.log.statemachine.data.sync.timeout.retry = -1 (default)
2019-09-12 11:49:54,219 [pool-71-thread-1] INFO  server.RaftServerConfigKeys (ConfUtils.java:logGet(43)) - raft.server.log.statemachine.data.caching.enabled = true (custom)
2019-09-12 11:49:54,219 [pool-71-thread-1] INFO  segmented.SegmentedRaftLogWorker (SegmentedRaftLogWorker.java:lambda$new$0(132)) - 3adca0c9-7635-4314-8dcd-426c8d10965a-SegmentedRaftLogWorker:Storage Directory /workdir/hadoop-ozone/tools/target/test-dir/MiniOzoneClusterImpl-48448ead-6be7-4ea0-abfc-19da8f63b657/datanode-4/data/ratis/d6dcd47f-3803-43d3-b150-c93de0e7c65b: flushIndex: setUnconditionally 0 -> -1
2019-09-12 11:49:54,219 [pool-71-thread-1] INFO  server.RaftServerConfigKeys (ConfUtils.java:logGet(43)) - raft.server.snapshot.auto.trigger.enabled = true (custom)
2019-09-12 11:49:54,219 [pool-71-thread-1] INFO  server.RaftServerConfigKeys (ConfUtils.java:logGet(43)) - raft.server.snapshot.auto.trigger.threshold = 10000 (custom)
2019-09-12 11:49:54,220 [pool-71-thread-1] INFO  server.RaftServerConfigKeys (ConfUtils.java:logGet(43)) - raft.server.retrycache.expirytime = 600000ms (custom)
2019-09-12 11:49:54,220 [pool-71-thread-1] INFO  impl.RaftServerImpl (RaftServerImpl.java:start(180)) - 3adca0c9-7635-4314-8dcd-426c8d10965a: start group-C93DE0E7C65B
2019-09-12 11:49:54,220 [pool-71-thread-1] INFO  impl.RaftServerImpl (RaftServerImpl.java:setRole(171)) - 3adca0c9-7635-4314-8dcd-426c8d10965a:group-C93DE0E7C65B changes role from null to FOLLOWER at term 0 for startAsFollower
2019-09-12 11:49:54,220 [pool-71-thread-1] INFO  impl.RoleInfo (RoleInfo.java:updateAndGet(143)) - 3adca0c9-7635-4314-8dcd-426c8d10965a: start FollowerState
2019-09-12 11:49:54,221 [pool-71-thread-1] INFO  util.JmxRegister (JmxRegister.java:tryRegister(44)) - Successfully registered JMX Bean with object name Ratis:service=RaftServer,group=group-C93DE0E7C65B,id=3adca0c9-7635-4314-8dcd-426c8d10965a
2019-09-12 11:49:54,226 [RatisPipelineUtilsThread] INFO  pipeline.PipelineStateManager (PipelineStateManager.java:addPipeline(56)) - Created pipeline Pipeline[ Id: d6dcd47f-3803-43d3-b150-c93de0e7c65b, Nodes: 3adca0c9-7635-4314-8dcd-426c8d10965a{ip: 192.168.36.114, host: pr-hdds-1569-58hkm-1881083799, networkLocation: /default-rack, certSerialId: null}, Type:RATIS, Factor:ONE, State:OPEN]
2019-09-12 11:49:54,227 [RatisPipelineUtilsThread] ERROR pipeline.PipelinePlacementPolicy (PipelinePlacementPolicy.java:meetCriteria(92)) - Pipeline Placement: Doesn't meet the criteria to be viable node. Heaviness: 6
2019-09-12 11:49:54,227 [RatisPipelineUtilsThread] ERROR pipeline.PipelinePlacementPolicy (PipelinePlacementPolicy.java:meetCriteria(92)) - Pipeline Placement: Doesn't meet the criteria to be viable node. Heaviness: 6
2019-09-12 11:49:54,237 [grpc-default-executor-1] INFO  impl.RaftServerProxy (RaftServerProxy.java:addNew(89)) - efd2d550-d23b-43a8-a0f9-f6ba5c59f5a4: addNew group-511560302334:[efd2d550-d23b-43a8-a0f9-f6ba5c59f5a4:192.168.36.114:40324] returns group-511560302334:java.util.concurrent.CompletableFuture@13171a8b[Not completed]
2019-09-12 11:49:54,238 [pool-27-thread-1] INFO  impl.RaftServerImpl (RaftServerImpl.java:<init>(93)) - efd2d550-d23b-43a8-a0f9-f6ba5c59f5a4: new RaftServerImpl for group-511560302334:[efd2d550-d23b-43a8-a0f9-f6ba5c59f5a4:192.168.36.114:40324] with ContainerStateMachine:uninitialized
2019-09-12 11:49:54,238 [pool-27-thread-1] INFO  server.RaftServerConfigKeys (ConfUtils.java:logGet(43)) - raft.server.rpc.timeout.min = 5s (custom)
2019-09-12 11:49:54,238 [pool-27-thread-1] INFO  server.RaftServerConfigKeys (ConfUtils.java:logGet(43)) - raft.server.rpc.timeout.max = 5200ms (custom)
2019-09-12 11:49:54,238 [pool-27-thread-1] INFO  server.RaftServerConfigKeys (ConfUtils.java:logGet(43)) - raft.server.rpcslowness.timeout = 120s (custom)
2019-09-12 11:49:54,239 [pool-27-thread-1] INFO  server.RaftServerConfigKeys (ConfUtils.java:logGet(43)) - raft.server.sleep.deviation.threshold = 300 (default)
2019-09-12 11:49:54,239 [pool-27-thread-1] INFO  server.RaftServerConfigKeys (ConfUtils.java:logGet(43)) - raft.server.log.appender.install.snapshot.enabled = false (custom)
2019-09-12 11:49:54,239 [pool-27-thread-1] INFO  impl.RaftServerImpl (ServerState.java:<init>(105)) - efd2d550-d23b-43a8-a0f9-f6ba5c59f5a4:group-511560302334 ConfigurationManager, init=-1: [efd2d550-d23b-43a8-a0f9-f6ba5c59f5a4:192.168.36.114:40324], old=null, confs=<EMPTY_MAP>
2019-09-12 11:49:54,239 [pool-27-thread-1] INFO  server.RaftServerConfigKeys (ConfUtils.java:logGet(43)) - raft.server.storage.dir = [/workdir/hadoop-ozone/tools/target/test-dir/MiniOzoneClusterImpl-48448ead-6be7-4ea0-abfc-19da8f63b657/datanode-0/data/ratis] (custom)
2019-09-12 11:49:54,239 [pool-27-thread-1] INFO  storage.RaftStorageDirectory (RaftStorageDirectory.java:analyzeStorage(246)) - The storage directory /workdir/hadoop-ozone/tools/target/test-dir/MiniOzoneClusterImpl-48448ead-6be7-4ea0-abfc-19da8f63b657/datanode-0/data/ratis/67925935-4695-4cae-b366-511560302334 does not exist. Creating ...
2019-09-12 11:49:54,248 [main] INFO  freon.RandomKeyGenerator (RandomKeyGenerator.java:call(275)) - Number of Threads: 10
2019-09-12 11:49:54,249 [main] INFO  freon.RandomKeyGenerator (RandomKeyGenerator.java:call(280)) - Number of Volumes: 1.
2019-09-12 11:49:54,249 [main] INFO  freon.RandomKeyGenerator (RandomKeyGenerator.java:call(281)) - Number of Buckets per Volume: 1.
2019-09-12 11:49:54,249 [main] INFO  freon.RandomKeyGenerator (RandomKeyGenerator.java:call(282)) - Number of Keys per Bucket: 1.
2019-09-12 11:49:54,249 [main] INFO  freon.RandomKeyGenerator (RandomKeyGenerator.java:call(283)) - Key size: 20971520 bytes
2019-09-12 11:49:54,249 [main] INFO  freon.RandomKeyGenerator (RandomKeyGenerator.java:call(284)) - Buffer size: 4096 bytes
2019-09-12 11:49:54,252 [pool-27-thread-1] INFO  storage.RaftStorageDirectory (RaftStorageDirectory.java:tryLock(328)) - Lock on /workdir/hadoop-ozone/tools/target/test-dir/MiniOzoneClusterImpl-48448ead-6be7-4ea0-abfc-19da8f63b657/datanode-0/data/ratis/67925935-4695-4cae-b366-511560302334/in_use.lock acquired by nodename 19442@pr-hdds-1569-58hkm-1881083799
2019-09-12 11:49:54,253 [main] INFO  freon.RandomKeyGenerator (RandomKeyGenerator.java:call(298)) - Data validation is enabled.
2019-09-12 11:49:54,254 [main] INFO  freon.RandomKeyGenerator (RandomKeyGenerator.java:call(304)) - Starting progress bar Thread.

 0.00% |█                                                                                                    |  0/1 Time: 0:00:002019-09-12 11:49:54,283 [pool-78-thread-1] INFO  rpc.RpcClient (RpcClient.java:createVolume(293)) - Creating Volume: vol-0-34087, with jenkins1000 as owner.
2019-09-12 11:49:54,284 [pool-27-thread-1] INFO  storage.RaftStorage (RaftStorage.java:format(72)) - Storage directory /workdir/hadoop-ozone/tools/target/test-dir/MiniOzoneClusterImpl-48448ead-6be7-4ea0-abfc-19da8f63b657/datanode-0/data/ratis/67925935-4695-4cae-b366-511560302334 has been successfully formatted.
2019-09-12 11:49:54,284 [pool-27-thread-1] INFO  ratis.ContainerStateMachine (ContainerStateMachine.java:loadSnapshot(226)) - group-511560302334: The snapshot info is null. Setting the last applied indexto:(t:0, i:~)
2019-09-12 11:49:54,284 [pool-27-thread-1] INFO  server.RaftServerConfigKeys (ConfUtils.java:logGet(43)) - raft.server.leader.election.timeout = 120s (custom)
2019-09-12 11:49:54,285 [pool-27-thread-1] INFO  server.RaftServerConfigKeys (ConfUtils.java:logGet(43)) - raft.server.log.use.memory = false (default)
2019-09-12 11:49:54,285 [pool-27-thread-1] INFO  server.RaftServerConfigKeys (ConfUtils.java:logGet(43)) - raft.server.log.purge.gap = 1000000 (custom)
2019-09-12 11:49:54,285 [pool-27-thread-1] INFO  server.RaftServerConfigKeys (ConfUtils.java:logGet(43)) - raft.server.log.appender.buffer.byte-limit = 33554432 (custom)
2019-09-12 11:49:54,285 [pool-27-thread-1] INFO  server.RaftServerConfigKeys (ConfUtils.java:logGet(43)) - raft.server.log.segment.size.max = 1048576 (custom)
2019-09-12 11:49:54,285 [pool-27-thread-1] INFO  server.RaftServerConfigKeys (ConfUtils.java:logGet(43)) - raft.server.log.segment.cache.num.max = 2 (custom)
2019-09-12 11:49:54,286 [pool-27-thread-1] INFO  segmented.SegmentedRaftLogWorker (SegmentedRaftLogWorker.java:<init>(172)) - new efd2d550-d23b-43a8-a0f9-f6ba5c59f5a4-SegmentedRaftLogWorker:Storage Directory /workdir/hadoop-ozone/tools/target/test-dir/MiniOzoneClusterImpl-48448ead-6be7-4ea0-abfc-19da8f63b657/datanode-0/data/ratis/67925935-4695-4cae-b366-511560302334 for RaftStorage:Storage Directory /workdir/hadoop-ozone/tools/target/test-dir/MiniOzoneClusterImpl-48448ead-6be7-4ea0-abfc-19da8f63b657/datanode-0/data/ratis/67925935-4695-4cae-b366-511560302334
2019-09-12 11:49:54,286 [pool-27-thread-1] INFO  server.RaftServerConfigKeys (ConfUtils.java:logGet(43)) - raft.server.log.queue.byte-limit = 2147483647 (custom)
2019-09-12 11:49:54,286 [pool-27-thread-1] INFO  server.RaftServerConfigKeys (ConfUtils.java:logGet(43)) - raft.server.log.queue.element-limit = 1024 (custom)
2019-09-12 11:49:54,286 [pool-27-thread-1] INFO  server.RaftServerConfigKeys (ConfUtils.java:logGet(43)) - raft.server.log.segment.size.max = 1048576 (custom)
2019-09-12 11:49:54,286 [pool-27-thread-1] INFO  server.RaftServerConfigKeys (ConfUtils.java:logGet(43)) - raft.server.log.preallocated.size = 16384 (custom)
2019-09-12 11:49:54,286 [pool-27-thread-1] INFO  server.RaftServerConfigKeys (ConfUtils.java:logGet(43)) - raft.server.log.write.buffer.size = 33554432 (custom)
2019-09-12 11:49:54,287 [pool-27-thread-1] INFO  server.RaftServerConfigKeys (ConfUtils.java:logGet(43)) - raft.server.log.force.sync.num = 128 (default)
2019-09-12 11:49:54,287 [pool-27-thread-1] INFO  server.RaftServerConfigKeys (ConfUtils.java:logGet(43)) - raft.server.log.statemachine.data.sync = true (default)
2019-09-12 11:49:54,287 [pool-27-thread-1] INFO  server.RaftServerConfigKeys (ConfUtils.java:logGet(43)) - raft.server.log.statemachine.data.sync.timeout = 10s (default)
2019-09-12 11:49:54,287 [pool-27-thread-1] INFO  server.RaftServerConfigKeys (ConfUtils.java:logGet(43)) - raft.server.log.statemachine.data.sync.timeout.retry = -1 (default)
2019-09-12 11:49:54,287 [pool-27-thread-1] INFO  server.RaftServerConfigKeys (ConfUtils.java:logGet(43)) - raft.server.log.statemachine.data.caching.enabled = true (custom)
2019-09-12 11:49:54,288 [pool-27-thread-1] INFO  segmented.SegmentedRaftLogWorker (SegmentedRaftLogWorker.java:lambda$new$0(132)) - efd2d550-d23b-43a8-a0f9-f6ba5c59f5a4-SegmentedRaftLogWorker:Storage Directory /workdir/hadoop-ozone/tools/target/test-dir/MiniOzoneClusterImpl-48448ead-6be7-4ea0-abfc-19da8f63b657/datanode-0/data/ratis/67925935-4695-4cae-b366-511560302334: flushIndex: setUnconditionally 0 -> -1
2019-09-12 11:49:54,288 [pool-27-thread-1] INFO  server.RaftServerConfigKeys (ConfUtils.java:logGet(43)) - raft.server.snapshot.auto.trigger.enabled = true (custom)
2019-09-12 11:49:54,288 [pool-27-thread-1] INFO  server.RaftServerConfigKeys (ConfUtils.java:logGet(43)) - raft.server.snapshot.auto.trigger.threshold = 10000 (custom)
2019-09-12 11:49:54,288 [pool-27-thread-1] INFO  server.RaftServerConfigKeys (ConfUtils.java:logGet(43)) - raft.server.retrycache.expirytime = 600000ms (custom)
2019-09-12 11:49:54,289 [pool-27-thread-1] INFO  impl.RaftServerImpl (RaftServerImpl.java:start(180)) - efd2d550-d23b-43a8-a0f9-f6ba5c59f5a4: start group-511560302334
2019-09-12 11:49:54,289 [pool-27-thread-1] INFO  impl.RaftServerImpl (RaftServerImpl.java:setRole(171)) - efd2d550-d23b-43a8-a0f9-f6ba5c59f5a4:group-511560302334 changes role from null to FOLLOWER at term 0 for startAsFollower
2019-09-12 11:49:54,289 [pool-27-thread-1] INFO  impl.RoleInfo (RoleInfo.java:updateAndGet(143)) - efd2d550-d23b-43a8-a0f9-f6ba5c59f5a4: start FollowerState
2019-09-12 11:49:54,289 [pool-27-thread-1] INFO  util.JmxRegister (JmxRegister.java:tryRegister(44)) - Successfully registered JMX Bean with object name Ratis:service=RaftServer,group=group-511560302334,id=efd2d550-d23b-43a8-a0f9-f6ba5c59f5a4
2019-09-12 11:49:54,296 [RatisPipelineUtilsThread] INFO  pipeline.PipelineStateManager (PipelineStateManager.java:addPipeline(56)) - Created pipeline Pipeline[ Id: 67925935-4695-4cae-b366-511560302334, Nodes: efd2d550-d23b-43a8-a0f9-f6ba5c59f5a4{ip: 192.168.36.114, host: pr-hdds-1569-58hkm-1881083799, networkLocation: /default-rack, certSerialId: null}, Type:RATIS, Factor:ONE, State:OPEN]
2019-09-12 11:49:54,298 [RatisPipelineUtilsThread] ERROR pipeline.PipelinePlacementPolicy (PipelinePlacementPolicy.java:meetCriteria(92)) - Pipeline Placement: Doesn't meet the criteria to be viable node. Heaviness: 6
2019-09-12 11:49:54,298 [RatisPipelineUtilsThread] ERROR pipeline.PipelinePlacementPolicy (PipelinePlacementPolicy.java:meetCriteria(92)) - Pipeline Placement: Doesn't meet the criteria to be viable node. Heaviness: 6
2019-09-12 11:49:54,309 [grpc-default-executor-1] INFO  impl.RaftServerProxy (RaftServerProxy.java:addNew(89)) - efd2d550-d23b-43a8-a0f9-f6ba5c59f5a4: addNew group-0F48AB14A3DA:[efd2d550-d23b-43a8-a0f9-f6ba5c59f5a4:192.168.36.114:40324] returns group-0F48AB14A3DA:java.util.concurrent.CompletableFuture@73948201[Not completed]
2019-09-12 11:49:54,309 | INFO  | SCMAudit | user=jenkins1000 | ip=192.168.36.114 | op=SEND_HEARTBEAT {datanodeUUID=a32c3c57-45cd-4630-bd30-a1be9f286e13, command=[]} | ret=SUCCESS |  
2019-09-12 11:49:54,310 [pool-27-thread-1] INFO  impl.RaftServerImpl (RaftServerImpl.java:<init>(93)) - efd2d550-d23b-43a8-a0f9-f6ba5c59f5a4: new RaftServerImpl for group-0F48AB14A3DA:[efd2d550-d23b-43a8-a0f9-f6ba5c59f5a4:192.168.36.114:40324] with ContainerStateMachine:uninitialized
2019-09-12 11:49:54,310 [pool-27-thread-1] INFO  server.RaftServerConfigKeys (ConfUtils.java:logGet(43)) - raft.server.rpc.timeout.min = 5s (custom)
2019-09-12 11:49:54,310 [pool-27-thread-1] INFO  server.RaftServerConfigKeys (ConfUtils.java:logGet(43)) - raft.server.rpc.timeout.max = 5200ms (custom)
2019-09-12 11:49:54,311 [pool-27-thread-1] INFO  server.RaftServerConfigKeys (ConfUtils.java:logGet(43)) - raft.server.rpcslowness.timeout = 120s (custom)
2019-09-12 11:49:54,311 [pool-27-thread-1] INFO  server.RaftServerConfigKeys (ConfUtils.java:logGet(43)) - raft.server.sleep.deviation.threshold = 300 (default)
2019-09-12 11:49:54,311 [pool-27-thread-1] INFO  server.RaftServerConfigKeys (ConfUtils.java:logGet(43)) - raft.server.log.appender.install.snapshot.enabled = false (custom)
2019-09-12 11:49:54,311 [pool-27-thread-1] INFO  impl.RaftServerImpl (ServerState.java:<init>(105)) - efd2d550-d23b-43a8-a0f9-f6ba5c59f5a4:group-0F48AB14A3DA ConfigurationManager, init=-1: [efd2d550-d23b-43a8-a0f9-f6ba5c59f5a4:192.168.36.114:40324], old=null, confs=<EMPTY_MAP>
2019-09-12 11:49:54,311 [pool-27-thread-1] INFO  server.RaftServerConfigKeys (ConfUtils.java:logGet(43)) - raft.server.storage.dir = [/workdir/hadoop-ozone/tools/target/test-dir/MiniOzoneClusterImpl-48448ead-6be7-4ea0-abfc-19da8f63b657/datanode-0/data/ratis] (custom)
2019-09-12 11:49:54,312 [pool-27-thread-1] INFO  storage.RaftStorageDirectory (RaftStorageDirectory.java:analyzeStorage(246)) - The storage directory /workdir/hadoop-ozone/tools/target/test-dir/MiniOzoneClusterImpl-48448ead-6be7-4ea0-abfc-19da8f63b657/datanode-0/data/ratis/d2df8db2-fe7c-4ede-96bf-0f48ab14a3da does not exist. Creating ...
2019-09-12 11:49:54,320 | INFO  | OMAudit | user=jenkins1000 | ip=127.0.0.1 | op=CREATE_VOLUME {admin=jenkins1000, owner=jenkins1000, volume=vol-0-34087, creationTime=1568288994314, quotaInBytes=1152921504606846976} | ret=SUCCESS |  
2019-09-12 11:49:54,325 [pool-27-thread-1] INFO  storage.RaftStorageDirectory (RaftStorageDirectory.java:tryLock(328)) - Lock on /workdir/hadoop-ozone/tools/target/test-dir/MiniOzoneClusterImpl-48448ead-6be7-4ea0-abfc-19da8f63b657/datanode-0/data/ratis/d2df8db2-fe7c-4ede-96bf-0f48ab14a3da/in_use.lock acquired by nodename 19442@pr-hdds-1569-58hkm-1881083799
2019-09-12 11:49:54,336 | INFO  | OMAudit | user=jenkins1000 | ip=127.0.0.1 | op=READ_VOLUME {volume=vol-0-34087} | ret=SUCCESS |  
2019-09-12 11:49:54,338 [pool-27-thread-1] INFO  storage.RaftStorage (RaftStorage.java:format(72)) - Storage directory /workdir/hadoop-ozone/tools/target/test-dir/MiniOzoneClusterImpl-48448ead-6be7-4ea0-abfc-19da8f63b657/datanode-0/data/ratis/d2df8db2-fe7c-4ede-96bf-0f48ab14a3da has been successfully formatted.
2019-09-12 11:49:54,339 [pool-27-thread-1] INFO  ratis.ContainerStateMachine (ContainerStateMachine.java:loadSnapshot(226)) - group-0F48AB14A3DA: The snapshot info is null. Setting the last applied indexto:(t:0, i:~)
2019-09-12 11:49:54,339 [pool-27-thread-1] INFO  server.RaftServerConfigKeys (ConfUtils.java:logGet(43)) - raft.server.leader.election.timeout = 120s (custom)
2019-09-12 11:49:54,339 [pool-27-thread-1] INFO  server.RaftServerConfigKeys (ConfUtils.java:logGet(43)) - raft.server.log.use.memory = false (default)
2019-09-12 11:49:54,339 [pool-27-thread-1] INFO  server.RaftServerConfigKeys (ConfUtils.java:logGet(43)) - raft.server.log.purge.gap = 1000000 (custom)
2019-09-12 11:49:54,339 [pool-27-thread-1] INFO  server.RaftServerConfigKeys (ConfUtils.java:logGet(43)) - raft.server.log.appender.buffer.byte-limit = 33554432 (custom)
2019-09-12 11:49:54,340 [pool-27-thread-1] INFO  server.RaftServerConfigKeys (ConfUtils.java:logGet(43)) - raft.server.log.segment.size.max = 1048576 (custom)
2019-09-12 11:49:54,340 [pool-27-thread-1] INFO  server.RaftServerConfigKeys (ConfUtils.java:logGet(43)) - raft.server.log.segment.cache.num.max = 2 (custom)
2019-09-12 11:49:54,342 [pool-27-thread-1] INFO  segmented.SegmentedRaftLogWorker (SegmentedRaftLogWorker.java:<init>(172)) - new efd2d550-d23b-43a8-a0f9-f6ba5c59f5a4-SegmentedRaftLogWorker:Storage Directory /workdir/hadoop-ozone/tools/target/test-dir/MiniOzoneClusterImpl-48448ead-6be7-4ea0-abfc-19da8f63b657/datanode-0/data/ratis/d2df8db2-fe7c-4ede-96bf-0f48ab14a3da for RaftStorage:Storage Directory /workdir/hadoop-ozone/tools/target/test-dir/MiniOzoneClusterImpl-48448ead-6be7-4ea0-abfc-19da8f63b657/datanode-0/data/ratis/d2df8db2-fe7c-4ede-96bf-0f48ab14a3da
2019-09-12 11:49:54,342 [pool-27-thread-1] INFO  server.RaftServerConfigKeys (ConfUtils.java:logGet(43)) - raft.server.log.queue.byte-limit = 2147483647 (custom)
2019-09-12 11:49:54,342 [pool-27-thread-1] INFO  server.RaftServerConfigKeys (ConfUtils.java:logGet(43)) - raft.server.log.queue.element-limit = 1024 (custom)
2019-09-12 11:49:54,342 [pool-27-thread-1] INFO  server.RaftServerConfigKeys (ConfUtils.java:logGet(43)) - raft.server.log.segment.size.max = 1048576 (custom)
2019-09-12 11:49:54,343 [pool-27-thread-1] INFO  server.RaftServerConfigKeys (ConfUtils.java:logGet(43)) - raft.server.log.preallocated.size = 16384 (custom)
2019-09-12 11:49:54,343 [pool-27-thread-1] INFO  server.RaftServerConfigKeys (ConfUtils.java:logGet(43)) - raft.server.log.write.buffer.size = 33554432 (custom)
2019-09-12 11:49:54,343 [pool-27-thread-1] INFO  server.RaftServerConfigKeys (ConfUtils.java:logGet(43)) - raft.server.log.force.sync.num = 128 (default)
2019-09-12 11:49:54,343 [pool-27-thread-1] INFO  server.RaftServerConfigKeys (ConfUtils.java:logGet(43)) - raft.server.log.statemachine.data.sync = true (default)
2019-09-12 11:49:54,343 [pool-27-thread-1] INFO  server.RaftServerConfigKeys (ConfUtils.java:logGet(43)) - raft.server.log.statemachine.data.sync.timeout = 10s (default)
2019-09-12 11:49:54,343 [pool-27-thread-1] INFO  server.RaftServerConfigKeys (ConfUtils.java:logGet(43)) - raft.server.log.statemachine.data.sync.timeout.retry = -1 (default)
2019-09-12 11:49:54,344 [pool-27-thread-1] INFO  server.RaftServerConfigKeys (ConfUtils.java:logGet(43)) - raft.server.log.statemachine.data.caching.enabled = true (custom)
2019-09-12 11:49:54,344 [pool-27-thread-1] INFO  segmented.SegmentedRaftLogWorker (SegmentedRaftLogWorker.java:lambda$new$0(132)) - efd2d550-d23b-43a8-a0f9-f6ba5c59f5a4-SegmentedRaftLogWorker:Storage Directory /workdir/hadoop-ozone/tools/target/test-dir/MiniOzoneClusterImpl-48448ead-6be7-4ea0-abfc-19da8f63b657/datanode-0/data/ratis/d2df8db2-fe7c-4ede-96bf-0f48ab14a3da: flushIndex: setUnconditionally 0 -> -1
2019-09-12 11:49:54,344 [pool-27-thread-1] INFO  server.RaftServerConfigKeys (ConfUtils.java:logGet(43)) - raft.server.snapshot.auto.trigger.enabled = true (custom)
2019-09-12 11:49:54,345 [pool-27-thread-1] INFO  server.RaftServerConfigKeys (ConfUtils.java:logGet(43)) - raft.server.snapshot.auto.trigger.threshold = 10000 (custom)
2019-09-12 11:49:54,345 [pool-27-thread-1] INFO  server.RaftServerConfigKeys (ConfUtils.java:logGet(43)) - raft.server.retrycache.expirytime = 600000ms (custom)
2019-09-12 11:49:54,345 [pool-27-thread-1] INFO  impl.RaftServerImpl (RaftServerImpl.java:start(180)) - efd2d550-d23b-43a8-a0f9-f6ba5c59f5a4: start group-0F48AB14A3DA
2019-09-12 11:49:54,345 [pool-27-thread-1] INFO  impl.RaftServerImpl (RaftServerImpl.java:setRole(171)) - efd2d550-d23b-43a8-a0f9-f6ba5c59f5a4:group-0F48AB14A3DA changes role from null to FOLLOWER at term 0 for startAsFollower
2019-09-12 11:49:54,346 [pool-27-thread-1] INFO  impl.RoleInfo (RoleInfo.java:updateAndGet(143)) - efd2d550-d23b-43a8-a0f9-f6ba5c59f5a4: start FollowerState
2019-09-12 11:49:54,346 [pool-27-thread-1] INFO  util.JmxRegister (JmxRegister.java:tryRegister(44)) - Successfully registered JMX Bean with object name Ratis:service=RaftServer,group=group-0F48AB14A3DA,id=efd2d550-d23b-43a8-a0f9-f6ba5c59f5a4
2019-09-12 11:49:54,350 [pool-78-thread-2] INFO  rpc.RpcClient (RpcClient.java:createBucket(432)) - Creating Bucket: vol-0-34087/bucket-0-75023, with Versioning false and Storage Type set to DISK and Encryption set to false 
2019-09-12 11:49:54,353 [RatisPipelineUtilsThread] INFO  pipeline.PipelineStateManager (PipelineStateManager.java:addPipeline(56)) - Created pipeline Pipeline[ Id: d2df8db2-fe7c-4ede-96bf-0f48ab14a3da, Nodes: efd2d550-d23b-43a8-a0f9-f6ba5c59f5a4{ip: 192.168.36.114, host: pr-hdds-1569-58hkm-1881083799, networkLocation: /default-rack, certSerialId: null}, Type:RATIS, Factor:ONE, State:OPEN]
2019-09-12 11:49:54,353 [RatisPipelineUtilsThread] ERROR pipeline.PipelinePlacementPolicy (PipelinePlacementPolicy.java:meetCriteria(92)) - Pipeline Placement: Doesn't meet the criteria to be viable node. Heaviness: 6
2019-09-12 11:49:54,353 [RatisPipelineUtilsThread] ERROR pipeline.PipelinePlacementPolicy (PipelinePlacementPolicy.java:meetCriteria(92)) - Pipeline Placement: Doesn't meet the criteria to be viable node. Heaviness: 6
2019-09-12 11:49:54,376 [grpc-default-executor-1] INFO  impl.RaftServerProxy (RaftServerProxy.java:addNew(89)) - 3adca0c9-7635-4314-8dcd-426c8d10965a: addNew group-AB53039783A2:[3adca0c9-7635-4314-8dcd-426c8d10965a:192.168.36.114:44660] returns group-AB53039783A2:java.util.concurrent.CompletableFuture@58d729e0[Not completed]
2019-09-12 11:49:54,379 [pool-71-thread-1] INFO  impl.RaftServerImpl (RaftServerImpl.java:<init>(93)) - 3adca0c9-7635-4314-8dcd-426c8d10965a: new RaftServerImpl for group-AB53039783A2:[3adca0c9-7635-4314-8dcd-426c8d10965a:192.168.36.114:44660] with ContainerStateMachine:uninitialized
2019-09-12 11:49:54,379 [pool-71-thread-1] INFO  server.RaftServerConfigKeys (ConfUtils.java:logGet(43)) - raft.server.rpc.timeout.min = 5s (custom)
2019-09-12 11:49:54,379 [pool-71-thread-1] INFO  server.RaftServerConfigKeys (ConfUtils.java:logGet(43)) - raft.server.rpc.timeout.max = 5200ms (custom)
2019-09-12 11:49:54,379 [pool-71-thread-1] INFO  server.RaftServerConfigKeys (ConfUtils.java:logGet(43)) - raft.server.rpcslowness.timeout = 120s (custom)
2019-09-12 11:49:54,379 [pool-71-thread-1] INFO  server.RaftServerConfigKeys (ConfUtils.java:logGet(43)) - raft.server.sleep.deviation.threshold = 300 (default)
2019-09-12 11:49:54,380 [pool-71-thread-1] INFO  server.RaftServerConfigKeys (ConfUtils.java:logGet(43)) - raft.server.log.appender.install.snapshot.enabled = false (custom)
2019-09-12 11:49:54,380 [pool-71-thread-1] INFO  impl.RaftServerImpl (ServerState.java:<init>(105)) - 3adca0c9-7635-4314-8dcd-426c8d10965a:group-AB53039783A2 ConfigurationManager, init=-1: [3adca0c9-7635-4314-8dcd-426c8d10965a:192.168.36.114:44660], old=null, confs=<EMPTY_MAP>
2019-09-12 11:49:54,380 [pool-71-thread-1] INFO  server.RaftServerConfigKeys (ConfUtils.java:logGet(43)) - raft.server.storage.dir = [/workdir/hadoop-ozone/tools/target/test-dir/MiniOzoneClusterImpl-48448ead-6be7-4ea0-abfc-19da8f63b657/datanode-4/data/ratis] (custom)
2019-09-12 11:49:54,380 [pool-71-thread-1] INFO  storage.RaftStorageDirectory (RaftStorageDirectory.java:analyzeStorage(246)) - The storage directory /workdir/hadoop-ozone/tools/target/test-dir/MiniOzoneClusterImpl-48448ead-6be7-4ea0-abfc-19da8f63b657/datanode-4/data/ratis/4a36903b-8ea7-4c88-831a-ab53039783a2 does not exist. Creating ...
2019-09-12 11:49:54,383 | INFO  | OMAudit | user=jenkins1000 | ip=127.0.0.1 | op=CREATE_BUCKET {volume=vol-0-34087, bucket=bucket-0-75023, acls=[user:jenkins1000:a[ACCESS], group:default:a[ACCESS]], isVersionEnabled=false, storageType=DISK, creationTime=0} | ret=SUCCESS |  
2019-09-12 11:49:54,391 | INFO  | OMAudit | user=jenkins1000 | ip=127.0.0.1 | op=READ_BUCKET {volume=vol-0-34087, bucket=bucket-0-75023} | ret=SUCCESS |  
2019-09-12 11:49:54,394 [pool-71-thread-1] INFO  storage.RaftStorageDirectory (RaftStorageDirectory.java:tryLock(328)) - Lock on /workdir/hadoop-ozone/tools/target/test-dir/MiniOzoneClusterImpl-48448ead-6be7-4ea0-abfc-19da8f63b657/datanode-4/data/ratis/4a36903b-8ea7-4c88-831a-ab53039783a2/in_use.lock acquired by nodename 19442@pr-hdds-1569-58hkm-1881083799
2019-09-12 11:49:54,407 [pool-71-thread-1] INFO  storage.RaftStorage (RaftStorage.java:format(72)) - Storage directory /workdir/hadoop-ozone/tools/target/test-dir/MiniOzoneClusterImpl-48448ead-6be7-4ea0-abfc-19da8f63b657/datanode-4/data/ratis/4a36903b-8ea7-4c88-831a-ab53039783a2 has been successfully formatted.
2019-09-12 11:49:54,407 [pool-71-thread-1] INFO  ratis.ContainerStateMachine (ContainerStateMachine.java:loadSnapshot(226)) - group-AB53039783A2: The snapshot info is null. Setting the last applied indexto:(t:0, i:~)
2019-09-12 11:49:54,408 [pool-71-thread-1] INFO  server.RaftServerConfigKeys (ConfUtils.java:logGet(43)) - raft.server.leader.election.timeout = 120s (custom)
2019-09-12 11:49:54,408 [pool-71-thread-1] INFO  server.RaftServerConfigKeys (ConfUtils.java:logGet(43)) - raft.server.log.use.memory = false (default)
2019-09-12 11:49:54,408 [pool-71-thread-1] INFO  server.RaftServerConfigKeys (ConfUtils.java:logGet(43)) - raft.server.log.purge.gap = 1000000 (custom)
2019-09-12 11:49:54,408 [pool-71-thread-1] INFO  server.RaftServerConfigKeys (ConfUtils.java:logGet(43)) - raft.server.log.appender.buffer.byte-limit = 33554432 (custom)
2019-09-12 11:49:54,408 [pool-71-thread-1] INFO  server.RaftServerConfigKeys (ConfUtils.java:logGet(43)) - raft.server.log.segment.size.max = 1048576 (custom)
2019-09-12 11:49:54,409 [pool-71-thread-1] INFO  server.RaftServerConfigKeys (ConfUtils.java:logGet(43)) - raft.server.log.segment.cache.num.max = 2 (custom)
2019-09-12 11:49:54,409 [pool-71-thread-1] INFO  segmented.SegmentedRaftLogWorker (SegmentedRaftLogWorker.java:<init>(172)) - new 3adca0c9-7635-4314-8dcd-426c8d10965a-SegmentedRaftLogWorker:Storage Directory /workdir/hadoop-ozone/tools/target/test-dir/MiniOzoneClusterImpl-48448ead-6be7-4ea0-abfc-19da8f63b657/datanode-4/data/ratis/4a36903b-8ea7-4c88-831a-ab53039783a2 for RaftStorage:Storage Directory /workdir/hadoop-ozone/tools/target/test-dir/MiniOzoneClusterImpl-48448ead-6be7-4ea0-abfc-19da8f63b657/datanode-4/data/ratis/4a36903b-8ea7-4c88-831a-ab53039783a2
2019-09-12 11:49:54,409 [pool-71-thread-1] INFO  server.RaftServerConfigKeys (ConfUtils.java:logGet(43)) - raft.server.log.queue.byte-limit = 2147483647 (custom)
2019-09-12 11:49:54,409 [pool-71-thread-1] INFO  server.RaftServerConfigKeys (ConfUtils.java:logGet(43)) - raft.server.log.queue.element-limit = 1024 (custom)
2019-09-12 11:49:54,409 [pool-71-thread-1] INFO  server.RaftServerConfigKeys (ConfUtils.java:logGet(43)) - raft.server.log.segment.size.max = 1048576 (custom)
2019-09-12 11:49:54,409 [pool-71-thread-1] INFO  server.RaftServerConfigKeys (ConfUtils.java:logGet(43)) - raft.server.log.preallocated.size = 16384 (custom)
2019-09-12 11:49:54,414 [pool-71-thread-1] INFO  server.RaftServerConfigKeys (ConfUtils.java:logGet(43)) - raft.server.log.write.buffer.size = 33554432 (custom)
2019-09-12 11:49:54,417 [pool-71-thread-1] INFO  server.RaftServerConfigKeys (ConfUtils.java:logGet(43)) - raft.server.log.force.sync.num = 128 (default)
2019-09-12 11:49:54,417 [pool-71-thread-1] INFO  server.RaftServerConfigKeys (ConfUtils.java:logGet(43)) - raft.server.log.statemachine.data.sync = true (default)
2019-09-12 11:49:54,417 [pool-71-thread-1] INFO  server.RaftServerConfigKeys (ConfUtils.java:logGet(43)) - raft.server.log.statemachine.data.sync.timeout = 10s (default)
2019-09-12 11:49:54,418 [pool-71-thread-1] INFO  server.RaftServerConfigKeys (ConfUtils.java:logGet(43)) - raft.server.log.statemachine.data.sync.timeout.retry = -1 (default)
2019-09-12 11:49:54,418 [pool-71-thread-1] INFO  server.RaftServerConfigKeys (ConfUtils.java:logGet(43)) - raft.server.log.statemachine.data.caching.enabled = true (custom)
2019-09-12 11:49:54,418 [pool-71-thread-1] INFO  segmented.SegmentedRaftLogWorker (SegmentedRaftLogWorker.java:lambda$new$0(132)) - 3adca0c9-7635-4314-8dcd-426c8d10965a-SegmentedRaftLogWorker:Storage Directory /workdir/hadoop-ozone/tools/target/test-dir/MiniOzoneClusterImpl-48448ead-6be7-4ea0-abfc-19da8f63b657/datanode-4/data/ratis/4a36903b-8ea7-4c88-831a-ab53039783a2: flushIndex: setUnconditionally 0 -> -1
2019-09-12 11:49:54,419 [pool-71-thread-1] INFO  server.RaftServerConfigKeys (ConfUtils.java:logGet(43)) - raft.server.snapshot.auto.trigger.enabled = true (custom)
2019-09-12 11:49:54,419 [pool-71-thread-1] INFO  server.RaftServerConfigKeys (ConfUtils.java:logGet(43)) - raft.server.snapshot.auto.trigger.threshold = 10000 (custom)
2019-09-12 11:49:54,419 [pool-71-thread-1] INFO  server.RaftServerConfigKeys (ConfUtils.java:logGet(43)) - raft.server.retrycache.expirytime = 600000ms (custom)
2019-09-12 11:49:54,420 [pool-71-thread-1] INFO  impl.RaftServerImpl (RaftServerImpl.java:start(180)) - 3adca0c9-7635-4314-8dcd-426c8d10965a: start group-AB53039783A2
2019-09-12 11:49:54,420 [pool-71-thread-1] INFO  impl.RaftServerImpl (RaftServerImpl.java:setRole(171)) - 3adca0c9-7635-4314-8dcd-426c8d10965a:group-AB53039783A2 changes role from null to FOLLOWER at term 0 for startAsFollower
2019-09-12 11:49:54,420 [pool-71-thread-1] INFO  impl.RoleInfo (RoleInfo.java:updateAndGet(143)) - 3adca0c9-7635-4314-8dcd-426c8d10965a: start FollowerState
2019-09-12 11:49:54,423 [pool-71-thread-1] INFO  util.JmxRegister (JmxRegister.java:tryRegister(44)) - Successfully registered JMX Bean with object name Ratis:service=RaftServer,group=group-AB53039783A2,id=3adca0c9-7635-4314-8dcd-426c8d10965a
2019-09-12 11:49:54,434 [RatisPipelineUtilsThread] INFO  pipeline.PipelineStateManager (PipelineStateManager.java:addPipeline(56)) - Created pipeline Pipeline[ Id: 4a36903b-8ea7-4c88-831a-ab53039783a2, Nodes: 3adca0c9-7635-4314-8dcd-426c8d10965a{ip: 192.168.36.114, host: pr-hdds-1569-58hkm-1881083799, networkLocation: /default-rack, certSerialId: null}, Type:RATIS, Factor:ONE, State:OPEN]
2019-09-12 11:49:54,437 [RatisPipelineUtilsThread] ERROR pipeline.PipelinePlacementPolicy (PipelinePlacementPolicy.java:meetCriteria(92)) - Pipeline Placement: Doesn't meet the criteria to be viable node. Heaviness: 6
2019-09-12 11:49:54,437 [RatisPipelineUtilsThread] ERROR pipeline.PipelinePlacementPolicy (PipelinePlacementPolicy.java:meetCriteria(92)) - Pipeline Placement: Doesn't meet the criteria to be viable node. Heaviness: 6
2019-09-12 11:49:54,446 [grpc-default-executor-1] INFO  impl.RaftServerProxy (RaftServerProxy.java:addNew(89)) - efd2d550-d23b-43a8-a0f9-f6ba5c59f5a4: addNew group-D8458D4257C6:[efd2d550-d23b-43a8-a0f9-f6ba5c59f5a4:192.168.36.114:40324] returns group-D8458D4257C6:java.util.concurrent.CompletableFuture@3626a820[Not completed]
2019-09-12 11:49:54,448 [pool-27-thread-1] INFO  impl.RaftServerImpl (RaftServerImpl.java:<init>(93)) - efd2d550-d23b-43a8-a0f9-f6ba5c59f5a4: new RaftServerImpl for group-D8458D4257C6:[efd2d550-d23b-43a8-a0f9-f6ba5c59f5a4:192.168.36.114:40324] with ContainerStateMachine:uninitialized
2019-09-12 11:49:54,449 [pool-27-thread-1] INFO  server.RaftServerConfigKeys (ConfUtils.java:logGet(43)) - raft.server.rpc.timeout.min = 5s (custom)
2019-09-12 11:49:54,449 [pool-27-thread-1] INFO  server.RaftServerConfigKeys (ConfUtils.java:logGet(43)) - raft.server.rpc.timeout.max = 5200ms (custom)
2019-09-12 11:49:54,449 [pool-27-thread-1] INFO  server.RaftServerConfigKeys (ConfUtils.java:logGet(43)) - raft.server.rpcslowness.timeout = 120s (custom)
2019-09-12 11:49:54,449 [pool-27-thread-1] INFO  server.RaftServerConfigKeys (ConfUtils.java:logGet(43)) - raft.server.sleep.deviation.threshold = 300 (default)
2019-09-12 11:49:54,449 [pool-27-thread-1] INFO  server.RaftServerConfigKeys (ConfUtils.java:logGet(43)) - raft.server.log.appender.install.snapshot.enabled = false (custom)
2019-09-12 11:49:54,449 [pool-27-thread-1] INFO  impl.RaftServerImpl (ServerState.java:<init>(105)) - efd2d550-d23b-43a8-a0f9-f6ba5c59f5a4:group-D8458D4257C6 ConfigurationManager, init=-1: [efd2d550-d23b-43a8-a0f9-f6ba5c59f5a4:192.168.36.114:40324], old=null, confs=<EMPTY_MAP>
2019-09-12 11:49:54,450 [pool-27-thread-1] INFO  server.RaftServerConfigKeys (ConfUtils.java:logGet(43)) - raft.server.storage.dir = [/workdir/hadoop-ozone/tools/target/test-dir/MiniOzoneClusterImpl-48448ead-6be7-4ea0-abfc-19da8f63b657/datanode-0/data/ratis] (custom)
2019-09-12 11:49:54,454 [pool-27-thread-1] INFO  storage.RaftStorageDirectory (RaftStorageDirectory.java:analyzeStorage(246)) - The storage directory /workdir/hadoop-ozone/tools/target/test-dir/MiniOzoneClusterImpl-48448ead-6be7-4ea0-abfc-19da8f63b657/datanode-0/data/ratis/f565b2e0-6a1d-431a-b8e3-d8458d4257c6 does not exist. Creating ...
2019-09-12 11:49:54,466 [pool-27-thread-1] INFO  storage.RaftStorageDirectory (RaftStorageDirectory.java:tryLock(328)) - Lock on /workdir/hadoop-ozone/tools/target/test-dir/MiniOzoneClusterImpl-48448ead-6be7-4ea0-abfc-19da8f63b657/datanode-0/data/ratis/f565b2e0-6a1d-431a-b8e3-d8458d4257c6/in_use.lock acquired by nodename 19442@pr-hdds-1569-58hkm-1881083799
2019-09-12 11:49:54,479 [pool-27-thread-1] INFO  storage.RaftStorage (RaftStorage.java:format(72)) - Storage directory /workdir/hadoop-ozone/tools/target/test-dir/MiniOzoneClusterImpl-48448ead-6be7-4ea0-abfc-19da8f63b657/datanode-0/data/ratis/f565b2e0-6a1d-431a-b8e3-d8458d4257c6 has been successfully formatted.
2019-09-12 11:49:54,479 [pool-27-thread-1] INFO  ratis.ContainerStateMachine (ContainerStateMachine.java:loadSnapshot(226)) - group-D8458D4257C6: The snapshot info is null. Setting the last applied indexto:(t:0, i:~)
2019-09-12 11:49:54,480 [pool-27-thread-1] INFO  server.RaftServerConfigKeys (ConfUtils.java:logGet(43)) - raft.server.leader.election.timeout = 120s (custom)
2019-09-12 11:49:54,480 [pool-27-thread-1] INFO  server.RaftServerConfigKeys (ConfUtils.java:logGet(43)) - raft.server.log.use.memory = false (default)
2019-09-12 11:49:54,480 [pool-27-thread-1] INFO  server.RaftServerConfigKeys (ConfUtils.java:logGet(43)) - raft.server.log.purge.gap = 1000000 (custom)
2019-09-12 11:49:54,480 [pool-27-thread-1] INFO  server.RaftServerConfigKeys (ConfUtils.java:logGet(43)) - raft.server.log.appender.buffer.byte-limit = 33554432 (custom)
2019-09-12 11:49:54,481 [pool-27-thread-1] INFO  server.RaftServerConfigKeys (ConfUtils.java:logGet(43)) - raft.server.log.segment.size.max = 1048576 (custom)
2019-09-12 11:49:54,481 [pool-27-thread-1] INFO  server.RaftServerConfigKeys (ConfUtils.java:logGet(43)) - raft.server.log.segment.cache.num.max = 2 (custom)
2019-09-12 11:49:54,481 [pool-27-thread-1] INFO  segmented.SegmentedRaftLogWorker (SegmentedRaftLogWorker.java:<init>(172)) - new efd2d550-d23b-43a8-a0f9-f6ba5c59f5a4-SegmentedRaftLogWorker:Storage Directory /workdir/hadoop-ozone/tools/target/test-dir/MiniOzoneClusterImpl-48448ead-6be7-4ea0-abfc-19da8f63b657/datanode-0/data/ratis/f565b2e0-6a1d-431a-b8e3-d8458d4257c6 for RaftStorage:Storage Directory /workdir/hadoop-ozone/tools/target/test-dir/MiniOzoneClusterImpl-48448ead-6be7-4ea0-abfc-19da8f63b657/datanode-0/data/ratis/f565b2e0-6a1d-431a-b8e3-d8458d4257c6
2019-09-12 11:49:54,481 [pool-27-thread-1] INFO  server.RaftServerConfigKeys (ConfUtils.java:logGet(43)) - raft.server.log.queue.byte-limit = 2147483647 (custom)
2019-09-12 11:49:54,481 [pool-27-thread-1] INFO  server.RaftServerConfigKeys (ConfUtils.java:logGet(43)) - raft.server.log.queue.element-limit = 1024 (custom)
2019-09-12 11:49:54,482 [pool-27-thread-1] INFO  server.RaftServerConfigKeys (ConfUtils.java:logGet(43)) - raft.server.log.segment.size.max = 1048576 (custom)
2019-09-12 11:49:54,482 [pool-27-thread-1] INFO  server.RaftServerConfigKeys (ConfUtils.java:logGet(43)) - raft.server.log.preallocated.size = 16384 (custom)
2019-09-12 11:49:54,482 [pool-27-thread-1] INFO  server.RaftServerConfigKeys (ConfUtils.java:logGet(43)) - raft.server.log.write.buffer.size = 33554432 (custom)
2019-09-12 11:49:54,482 [pool-27-thread-1] INFO  server.RaftServerConfigKeys (ConfUtils.java:logGet(43)) - raft.server.log.force.sync.num = 128 (default)
2019-09-12 11:49:54,482 [pool-27-thread-1] INFO  server.RaftServerConfigKeys (ConfUtils.java:logGet(43)) - raft.server.log.statemachine.data.sync = true (default)
2019-09-12 11:49:54,482 [pool-27-thread-1] INFO  server.RaftServerConfigKeys (ConfUtils.java:logGet(43)) - raft.server.log.statemachine.data.sync.timeout = 10s (default)
2019-09-12 11:49:54,483 [pool-27-thread-1] INFO  server.RaftServerConfigKeys (ConfUtils.java:logGet(43)) - raft.server.log.statemachine.data.sync.timeout.retry = -1 (default)
2019-09-12 11:49:54,483 [pool-27-thread-1] INFO  server.RaftServerConfigKeys (ConfUtils.java:logGet(43)) - raft.server.log.statemachine.data.caching.enabled = true (custom)
2019-09-12 11:49:54,483 [pool-27-thread-1] INFO  segmented.SegmentedRaftLogWorker (SegmentedRaftLogWorker.java:lambda$new$0(132)) - efd2d550-d23b-43a8-a0f9-f6ba5c59f5a4-SegmentedRaftLogWorker:Storage Directory /workdir/hadoop-ozone/tools/target/test-dir/MiniOzoneClusterImpl-48448ead-6be7-4ea0-abfc-19da8f63b657/datanode-0/data/ratis/f565b2e0-6a1d-431a-b8e3-d8458d4257c6: flushIndex: setUnconditionally 0 -> -1
2019-09-12 11:49:54,484 [pool-27-thread-1] INFO  server.RaftServerConfigKeys (ConfUtils.java:logGet(43)) - raft.server.snapshot.auto.trigger.enabled = true (custom)
2019-09-12 11:49:54,484 [pool-27-thread-1] INFO  server.RaftServerConfigKeys (ConfUtils.java:logGet(43)) - raft.server.snapshot.auto.trigger.threshold = 10000 (custom)
2019-09-12 11:49:54,484 [pool-27-thread-1] INFO  server.RaftServerConfigKeys (ConfUtils.java:logGet(43)) - raft.server.retrycache.expirytime = 600000ms (custom)
2019-09-12 11:49:54,485 [pool-27-thread-1] INFO  impl.RaftServerImpl (RaftServerImpl.java:start(180)) - efd2d550-d23b-43a8-a0f9-f6ba5c59f5a4: start group-D8458D4257C6
2019-09-12 11:49:54,485 [pool-27-thread-1] INFO  impl.RaftServerImpl (RaftServerImpl.java:setRole(171)) - efd2d550-d23b-43a8-a0f9-f6ba5c59f5a4:group-D8458D4257C6 changes role from null to FOLLOWER at term 0 for startAsFollower
2019-09-12 11:49:54,485 [pool-27-thread-1] INFO  impl.RoleInfo (RoleInfo.java:updateAndGet(143)) - efd2d550-d23b-43a8-a0f9-f6ba5c59f5a4: start FollowerState
2019-09-12 11:49:54,485 [pool-27-thread-1] INFO  util.JmxRegister (JmxRegister.java:tryRegister(44)) - Successfully registered JMX Bean with object name Ratis:service=RaftServer,group=group-D8458D4257C6,id=efd2d550-d23b-43a8-a0f9-f6ba5c59f5a4
2019-09-12 11:49:54,490 [RatisPipelineUtilsThread] INFO  pipeline.PipelineStateManager (PipelineStateManager.java:addPipeline(56)) - Created pipeline Pipeline[ Id: f565b2e0-6a1d-431a-b8e3-d8458d4257c6, Nodes: efd2d550-d23b-43a8-a0f9-f6ba5c59f5a4{ip: 192.168.36.114, host: pr-hdds-1569-58hkm-1881083799, networkLocation: /default-rack, certSerialId: null}, Type:RATIS, Factor:ONE, State:OPEN]
2019-09-12 11:49:54,491 [RatisPipelineUtilsThread] ERROR pipeline.PipelinePlacementPolicy (PipelinePlacementPolicy.java:meetCriteria(92)) - Pipeline Placement: Doesn't meet the criteria to be viable node. Heaviness: 6
2019-09-12 11:49:54,491 [RatisPipelineUtilsThread] ERROR pipeline.PipelinePlacementPolicy (PipelinePlacementPolicy.java:meetCriteria(92)) - Pipeline Placement: Doesn't meet the criteria to be viable node. Heaviness: 6
2019-09-12 11:49:54,491 [RatisPipelineUtilsThread] ERROR pipeline.PipelinePlacementPolicy (PipelinePlacementPolicy.java:meetCriteria(92)) - Pipeline Placement: Doesn't meet the criteria to be viable node. Heaviness: 6
2019-09-12 11:49:54,500 [grpc-default-executor-1] INFO  impl.RaftServerProxy (RaftServerProxy.java:addNew(89)) - 3adca0c9-7635-4314-8dcd-426c8d10965a: addNew group-931DF697E2B7:[3adca0c9-7635-4314-8dcd-426c8d10965a:192.168.36.114:44660] returns group-931DF697E2B7:java.util.concurrent.CompletableFuture@59dcd3a1[Not completed]
2019-09-12 11:49:54,502 [pool-71-thread-1] INFO  impl.RaftServerImpl (RaftServerImpl.java:<init>(93)) - 3adca0c9-7635-4314-8dcd-426c8d10965a: new RaftServerImpl for group-931DF697E2B7:[3adca0c9-7635-4314-8dcd-426c8d10965a:192.168.36.114:44660] with ContainerStateMachine:uninitialized
2019-09-12 11:49:54,503 [pool-71-thread-1] INFO  server.RaftServerConfigKeys (ConfUtils.java:logGet(43)) - raft.server.rpc.timeout.min = 5s (custom)
2019-09-12 11:49:54,503 [pool-71-thread-1] INFO  server.RaftServerConfigKeys (ConfUtils.java:logGet(43)) - raft.server.rpc.timeout.max = 5200ms (custom)
2019-09-12 11:49:54,503 [pool-71-thread-1] INFO  server.RaftServerConfigKeys (ConfUtils.java:logGet(43)) - raft.server.rpcslowness.timeout = 120s (custom)
2019-09-12 11:49:54,503 [pool-71-thread-1] INFO  server.RaftServerConfigKeys (ConfUtils.java:logGet(43)) - raft.server.sleep.deviation.threshold = 300 (default)
2019-09-12 11:49:54,503 [pool-71-thread-1] INFO  server.RaftServerConfigKeys (ConfUtils.java:logGet(43)) - raft.server.log.appender.install.snapshot.enabled = false (custom)
2019-09-12 11:49:54,503 [pool-71-thread-1] INFO  impl.RaftServerImpl (ServerState.java:<init>(105)) - 3adca0c9-7635-4314-8dcd-426c8d10965a:group-931DF697E2B7 ConfigurationManager, init=-1: [3adca0c9-7635-4314-8dcd-426c8d10965a:192.168.36.114:44660], old=null, confs=<EMPTY_MAP>
2019-09-12 11:49:54,504 [pool-71-thread-1] INFO  server.RaftServerConfigKeys (ConfUtils.java:logGet(43)) - raft.server.storage.dir = [/workdir/hadoop-ozone/tools/target/test-dir/MiniOzoneClusterImpl-48448ead-6be7-4ea0-abfc-19da8f63b657/datanode-4/data/ratis] (custom)
2019-09-12 11:49:54,504 [pool-71-thread-1] INFO  storage.RaftStorageDirectory (RaftStorageDirectory.java:analyzeStorage(246)) - The storage directory /workdir/hadoop-ozone/tools/target/test-dir/MiniOzoneClusterImpl-48448ead-6be7-4ea0-abfc-19da8f63b657/datanode-4/data/ratis/d2cd0986-644b-4b6a-b742-931df697e2b7 does not exist. Creating ...
2019-09-12 11:49:54,517 [pool-71-thread-1] INFO  storage.RaftStorageDirectory (RaftStorageDirectory.java:tryLock(328)) - Lock on /workdir/hadoop-ozone/tools/target/test-dir/MiniOzoneClusterImpl-48448ead-6be7-4ea0-abfc-19da8f63b657/datanode-4/data/ratis/d2cd0986-644b-4b6a-b742-931df697e2b7/in_use.lock acquired by nodename 19442@pr-hdds-1569-58hkm-1881083799
2019-09-12 11:49:54,541 [pool-71-thread-1] INFO  storage.RaftStorage (RaftStorage.java:format(72)) - Storage directory /workdir/hadoop-ozone/tools/target/test-dir/MiniOzoneClusterImpl-48448ead-6be7-4ea0-abfc-19da8f63b657/datanode-4/data/ratis/d2cd0986-644b-4b6a-b742-931df697e2b7 has been successfully formatted.
2019-09-12 11:49:54,541 [pool-71-thread-1] INFO  ratis.ContainerStateMachine (ContainerStateMachine.java:loadSnapshot(226)) - group-931DF697E2B7: The snapshot info is null. Setting the last applied indexto:(t:0, i:~)
2019-09-12 11:49:54,542 [pool-71-thread-1] INFO  server.RaftServerConfigKeys (ConfUtils.java:logGet(43)) - raft.server.leader.election.timeout = 120s (custom)
2019-09-12 11:49:54,542 [pool-71-thread-1] INFO  server.RaftServerConfigKeys (ConfUtils.java:logGet(43)) - raft.server.log.use.memory = false (default)
2019-09-12 11:49:54,542 [pool-71-thread-1] INFO  server.RaftServerConfigKeys (ConfUtils.java:logGet(43)) - raft.server.log.purge.gap = 1000000 (custom)
2019-09-12 11:49:54,542 [pool-71-thread-1] INFO  server.RaftServerConfigKeys (ConfUtils.java:logGet(43)) - raft.server.log.appender.buffer.byte-limit = 33554432 (custom)
2019-09-12 11:49:54,542 [pool-71-thread-1] INFO  server.RaftServerConfigKeys (ConfUtils.java:logGet(43)) - raft.server.log.segment.size.max = 1048576 (custom)
2019-09-12 11:49:54,543 [pool-71-thread-1] INFO  server.RaftServerConfigKeys (ConfUtils.java:logGet(43)) - raft.server.log.segment.cache.num.max = 2 (custom)
2019-09-12 11:49:54,543 [pool-71-thread-1] INFO  segmented.SegmentedRaftLogWorker (SegmentedRaftLogWorker.java:<init>(172)) - new 3adca0c9-7635-4314-8dcd-426c8d10965a-SegmentedRaftLogWorker:Storage Directory /workdir/hadoop-ozone/tools/target/test-dir/MiniOzoneClusterImpl-48448ead-6be7-4ea0-abfc-19da8f63b657/datanode-4/data/ratis/d2cd0986-644b-4b6a-b742-931df697e2b7 for RaftStorage:Storage Directory /workdir/hadoop-ozone/tools/target/test-dir/MiniOzoneClusterImpl-48448ead-6be7-4ea0-abfc-19da8f63b657/datanode-4/data/ratis/d2cd0986-644b-4b6a-b742-931df697e2b7
2019-09-12 11:49:54,543 [pool-71-thread-1] INFO  server.RaftServerConfigKeys (ConfUtils.java:logGet(43)) - raft.server.log.queue.byte-limit = 2147483647 (custom)
2019-09-12 11:49:54,543 [pool-71-thread-1] INFO  server.RaftServerConfigKeys (ConfUtils.java:logGet(43)) - raft.server.log.queue.element-limit = 1024 (custom)
2019-09-12 11:49:54,543 [pool-71-thread-1] INFO  server.RaftServerConfigKeys (ConfUtils.java:logGet(43)) - raft.server.log.segment.size.max = 1048576 (custom)
2019-09-12 11:49:54,543 [pool-71-thread-1] INFO  server.RaftServerConfigKeys (ConfUtils.java:logGet(43)) - raft.server.log.preallocated.size = 16384 (custom)
2019-09-12 11:49:54,544 [pool-71-thread-1] INFO  server.RaftServerConfigKeys (ConfUtils.java:logGet(43)) - raft.server.log.write.buffer.size = 33554432 (custom)
2019-09-12 11:49:54,544 [pool-71-thread-1] INFO  server.RaftServerConfigKeys (ConfUtils.java:logGet(43)) - raft.server.log.force.sync.num = 128 (default)
2019-09-12 11:49:54,544 [pool-71-thread-1] INFO  server.RaftServerConfigKeys (ConfUtils.java:logGet(43)) - raft.server.log.statemachine.data.sync = true (default)
2019-09-12 11:49:54,544 [pool-71-thread-1] INFO  server.RaftServerConfigKeys (ConfUtils.java:logGet(43)) - raft.server.log.statemachine.data.sync.timeout = 10s (default)
2019-09-12 11:49:54,544 [pool-71-thread-1] INFO  server.RaftServerConfigKeys (ConfUtils.java:logGet(43)) - raft.server.log.statemachine.data.sync.timeout.retry = -1 (default)
2019-09-12 11:49:54,545 [pool-71-thread-1] INFO  server.RaftServerConfigKeys (ConfUtils.java:logGet(43)) - raft.server.log.statemachine.data.caching.enabled = true (custom)
2019-09-12 11:49:54,545 [pool-71-thread-1] INFO  segmented.SegmentedRaftLogWorker (SegmentedRaftLogWorker.java:lambda$new$0(132)) - 3adca0c9-7635-4314-8dcd-426c8d10965a-SegmentedRaftLogWorker:Storage Directory /workdir/hadoop-ozone/tools/target/test-dir/MiniOzoneClusterImpl-48448ead-6be7-4ea0-abfc-19da8f63b657/datanode-4/data/ratis/d2cd0986-644b-4b6a-b742-931df697e2b7: flushIndex: setUnconditionally 0 -> -1
2019-09-12 11:49:54,545 [pool-71-thread-1] INFO  server.RaftServerConfigKeys (ConfUtils.java:logGet(43)) - raft.server.snapshot.auto.trigger.enabled = true (custom)
2019-09-12 11:49:54,546 [pool-71-thread-1] INFO  server.RaftServerConfigKeys (ConfUtils.java:logGet(43)) - raft.server.snapshot.auto.trigger.threshold = 10000 (custom)
2019-09-12 11:49:54,546 [pool-71-thread-1] INFO  server.RaftServerConfigKeys (ConfUtils.java:logGet(43)) - raft.server.retrycache.expirytime = 600000ms (custom)
2019-09-12 11:49:54,546 [pool-71-thread-1] INFO  impl.RaftServerImpl (RaftServerImpl.java:start(180)) - 3adca0c9-7635-4314-8dcd-426c8d10965a: start group-931DF697E2B7
2019-09-12 11:49:54,546 [pool-71-thread-1] INFO  impl.RaftServerImpl (RaftServerImpl.java:setRole(171)) - 3adca0c9-7635-4314-8dcd-426c8d10965a:group-931DF697E2B7 changes role from null to FOLLOWER at term 0 for startAsFollower
2019-09-12 11:49:54,547 [pool-71-thread-1] INFO  impl.RoleInfo (RoleInfo.java:updateAndGet(143)) - 3adca0c9-7635-4314-8dcd-426c8d10965a: start FollowerState
2019-09-12 11:49:54,547 [pool-71-thread-1] INFO  util.JmxRegister (JmxRegister.java:tryRegister(44)) - Successfully registered JMX Bean with object name Ratis:service=RaftServer,group=group-931DF697E2B7,id=3adca0c9-7635-4314-8dcd-426c8d10965a
2019-09-12 11:49:54,552 [RatisPipelineUtilsThread] INFO  pipeline.PipelineStateManager (PipelineStateManager.java:addPipeline(56)) - Created pipeline Pipeline[ Id: d2cd0986-644b-4b6a-b742-931df697e2b7, Nodes: 3adca0c9-7635-4314-8dcd-426c8d10965a{ip: 192.168.36.114, host: pr-hdds-1569-58hkm-1881083799, networkLocation: /default-rack, certSerialId: null}, Type:RATIS, Factor:ONE, State:OPEN]
2019-09-12 11:49:54,553 [RatisPipelineUtilsThread] ERROR pipeline.PipelinePlacementPolicy (PipelinePlacementPolicy.java:meetCriteria(92)) - Pipeline Placement: Doesn't meet the criteria to be viable node. Heaviness: 6
2019-09-12 11:49:54,554 [RatisPipelineUtilsThread] ERROR pipeline.PipelinePlacementPolicy (PipelinePlacementPolicy.java:meetCriteria(92)) - Pipeline Placement: Doesn't meet the criteria to be viable node. Heaviness: 6
2019-09-12 11:49:54,554 [RatisPipelineUtilsThread] ERROR pipeline.PipelinePlacementPolicy (PipelinePlacementPolicy.java:meetCriteria(92)) - Pipeline Placement: Doesn't meet the criteria to be viable node. Heaviness: 6
2019-09-12 11:49:54,565 [grpc-default-executor-1] INFO  impl.RaftServerProxy (RaftServerProxy.java:addNew(89)) - 0a8d2c4a-df63-4751-9ec8-74f270f9c7ee: addNew group-BB86D41AC88D:[0a8d2c4a-df63-4751-9ec8-74f270f9c7ee:192.168.36.114:33571] returns group-BB86D41AC88D:java.util.concurrent.CompletableFuture@5482f00[Not completed]
2019-09-12 11:49:54,567 [pool-60-thread-1] INFO  impl.RaftServerImpl (RaftServerImpl.java:<init>(93)) - 0a8d2c4a-df63-4751-9ec8-74f270f9c7ee: new RaftServerImpl for group-BB86D41AC88D:[0a8d2c4a-df63-4751-9ec8-74f270f9c7ee:192.168.36.114:33571] with ContainerStateMachine:uninitialized
2019-09-12 11:49:54,567 [pool-60-thread-1] INFO  server.RaftServerConfigKeys (ConfUtils.java:logGet(43)) - raft.server.rpc.timeout.min = 5s (custom)
2019-09-12 11:49:54,567 [pool-60-thread-1] INFO  server.RaftServerConfigKeys (ConfUtils.java:logGet(43)) - raft.server.rpc.timeout.max = 5200ms (custom)
2019-09-12 11:49:54,568 [pool-60-thread-1] INFO  server.RaftServerConfigKeys (ConfUtils.java:logGet(43)) - raft.server.rpcslowness.timeout = 120s (custom)
2019-09-12 11:49:54,568 [pool-60-thread-1] INFO  server.RaftServerConfigKeys (ConfUtils.java:logGet(43)) - raft.server.sleep.deviation.threshold = 300 (default)
2019-09-12 11:49:54,568 [pool-60-thread-1] INFO  server.RaftServerConfigKeys (ConfUtils.java:logGet(43)) - raft.server.log.appender.install.snapshot.enabled = false (custom)
2019-09-12 11:49:54,568 [pool-60-thread-1] INFO  impl.RaftServerImpl (ServerState.java:<init>(105)) - 0a8d2c4a-df63-4751-9ec8-74f270f9c7ee:group-BB86D41AC88D ConfigurationManager, init=-1: [0a8d2c4a-df63-4751-9ec8-74f270f9c7ee:192.168.36.114:33571], old=null, confs=<EMPTY_MAP>
2019-09-12 11:49:54,569 [pool-60-thread-1] INFO  server.RaftServerConfigKeys (ConfUtils.java:logGet(43)) - raft.server.storage.dir = [/workdir/hadoop-ozone/tools/target/test-dir/MiniOzoneClusterImpl-48448ead-6be7-4ea0-abfc-19da8f63b657/datanode-3/data/ratis] (custom)
2019-09-12 11:49:54,569 [pool-60-thread-1] INFO  storage.RaftStorageDirectory (RaftStorageDirectory.java:analyzeStorage(246)) - The storage directory /workdir/hadoop-ozone/tools/target/test-dir/MiniOzoneClusterImpl-48448ead-6be7-4ea0-abfc-19da8f63b657/datanode-3/data/ratis/8baa4567-4341-4b97-90ff-bb86d41ac88d does not exist. Creating ...
2019-09-12 11:49:54,582 [pool-60-thread-1] INFO  storage.RaftStorageDirectory (RaftStorageDirectory.java:tryLock(328)) - Lock on /workdir/hadoop-ozone/tools/target/test-dir/MiniOzoneClusterImpl-48448ead-6be7-4ea0-abfc-19da8f63b657/datanode-3/data/ratis/8baa4567-4341-4b97-90ff-bb86d41ac88d/in_use.lock acquired by nodename 19442@pr-hdds-1569-58hkm-1881083799
2019-09-12 11:49:54,596 [pool-60-thread-1] INFO  storage.RaftStorage (RaftStorage.java:format(72)) - Storage directory /workdir/hadoop-ozone/tools/target/test-dir/MiniOzoneClusterImpl-48448ead-6be7-4ea0-abfc-19da8f63b657/datanode-3/data/ratis/8baa4567-4341-4b97-90ff-bb86d41ac88d has been successfully formatted.
2019-09-12 11:49:54,596 [pool-60-thread-1] INFO  ratis.ContainerStateMachine (ContainerStateMachine.java:loadSnapshot(226)) - group-BB86D41AC88D: The snapshot info is null. Setting the last applied indexto:(t:0, i:~)
2019-09-12 11:49:54,596 [pool-60-thread-1] INFO  server.RaftServerConfigKeys (ConfUtils.java:logGet(43)) - raft.server.leader.election.timeout = 120s (custom)
2019-09-12 11:49:54,596 [pool-60-thread-1] INFO  server.RaftServerConfigKeys (ConfUtils.java:logGet(43)) - raft.server.log.use.memory = false (default)
2019-09-12 11:49:54,597 [pool-60-thread-1] INFO  server.RaftServerConfigKeys (ConfUtils.java:logGet(43)) - raft.server.log.purge.gap = 1000000 (custom)
2019-09-12 11:49:54,597 [pool-60-thread-1] INFO  server.RaftServerConfigKeys (ConfUtils.java:logGet(43)) - raft.server.log.appender.buffer.byte-limit = 33554432 (custom)
2019-09-12 11:49:54,597 [pool-60-thread-1] INFO  server.RaftServerConfigKeys (ConfUtils.java:logGet(43)) - raft.server.log.segment.size.max = 1048576 (custom)
2019-09-12 11:49:54,597 [pool-60-thread-1] INFO  server.RaftServerConfigKeys (ConfUtils.java:logGet(43)) - raft.server.log.segment.cache.num.max = 2 (custom)
2019-09-12 11:49:54,597 [pool-60-thread-1] INFO  segmented.SegmentedRaftLogWorker (SegmentedRaftLogWorker.java:<init>(172)) - new 0a8d2c4a-df63-4751-9ec8-74f270f9c7ee-SegmentedRaftLogWorker:Storage Directory /workdir/hadoop-ozone/tools/target/test-dir/MiniOzoneClusterImpl-48448ead-6be7-4ea0-abfc-19da8f63b657/datanode-3/data/ratis/8baa4567-4341-4b97-90ff-bb86d41ac88d for RaftStorage:Storage Directory /workdir/hadoop-ozone/tools/target/test-dir/MiniOzoneClusterImpl-48448ead-6be7-4ea0-abfc-19da8f63b657/datanode-3/data/ratis/8baa4567-4341-4b97-90ff-bb86d41ac88d
2019-09-12 11:49:54,597 [pool-60-thread-1] INFO  server.RaftServerConfigKeys (ConfUtils.java:logGet(43)) - raft.server.log.queue.byte-limit = 2147483647 (custom)
2019-09-12 11:49:54,598 [pool-60-thread-1] INFO  server.RaftServerConfigKeys (ConfUtils.java:logGet(43)) - raft.server.log.queue.element-limit = 1024 (custom)
2019-09-12 11:49:54,598 [pool-60-thread-1] INFO  server.RaftServerConfigKeys (ConfUtils.java:logGet(43)) - raft.server.log.segment.size.max = 1048576 (custom)
2019-09-12 11:49:54,598 [pool-60-thread-1] INFO  server.RaftServerConfigKeys (ConfUtils.java:logGet(43)) - raft.server.log.preallocated.size = 16384 (custom)
2019-09-12 11:49:54,598 [pool-60-thread-1] INFO  server.RaftServerConfigKeys (ConfUtils.java:logGet(43)) - raft.server.log.write.buffer.size = 33554432 (custom)
2019-09-12 11:49:54,598 [pool-60-thread-1] INFO  server.RaftServerConfigKeys (ConfUtils.java:logGet(43)) - raft.server.log.force.sync.num = 128 (default)
2019-09-12 11:49:54,599 [pool-60-thread-1] INFO  server.RaftServerConfigKeys (ConfUtils.java:logGet(43)) - raft.server.log.statemachine.data.sync = true (default)
2019-09-12 11:49:54,599 [pool-60-thread-1] INFO  server.RaftServerConfigKeys (ConfUtils.java:logGet(43)) - raft.server.log.statemachine.data.sync.timeout = 10s (default)
2019-09-12 11:49:54,599 [pool-60-thread-1] INFO  server.RaftServerConfigKeys (ConfUtils.java:logGet(43)) - raft.server.log.statemachine.data.sync.timeout.retry = -1 (default)
2019-09-12 11:49:54,599 [pool-60-thread-1] INFO  server.RaftServerConfigKeys (ConfUtils.java:logGet(43)) - raft.server.log.statemachine.data.caching.enabled = true (custom)
2019-09-12 11:49:54,599 [pool-60-thread-1] INFO  segmented.SegmentedRaftLogWorker (SegmentedRaftLogWorker.java:lambda$new$0(132)) - 0a8d2c4a-df63-4751-9ec8-74f270f9c7ee-SegmentedRaftLogWorker:Storage Directory /workdir/hadoop-ozone/tools/target/test-dir/MiniOzoneClusterImpl-48448ead-6be7-4ea0-abfc-19da8f63b657/datanode-3/data/ratis/8baa4567-4341-4b97-90ff-bb86d41ac88d: flushIndex: setUnconditionally 0 -> -1
2019-09-12 11:49:54,600 [pool-60-thread-1] INFO  server.RaftServerConfigKeys (ConfUtils.java:logGet(43)) - raft.server.snapshot.auto.trigger.enabled = true (custom)
2019-09-12 11:49:54,600 [pool-60-thread-1] INFO  server.RaftServerConfigKeys (ConfUtils.java:logGet(43)) - raft.server.snapshot.auto.trigger.threshold = 10000 (custom)
2019-09-12 11:49:54,600 [pool-60-thread-1] INFO  server.RaftServerConfigKeys (ConfUtils.java:logGet(43)) - raft.server.retrycache.expirytime = 600000ms (custom)
2019-09-12 11:49:54,600 [pool-60-thread-1] INFO  impl.RaftServerImpl (RaftServerImpl.java:start(180)) - 0a8d2c4a-df63-4751-9ec8-74f270f9c7ee: start group-BB86D41AC88D
2019-09-12 11:49:54,601 [pool-60-thread-1] INFO  impl.RaftServerImpl (RaftServerImpl.java:setRole(171)) - 0a8d2c4a-df63-4751-9ec8-74f270f9c7ee:group-BB86D41AC88D changes role from null to FOLLOWER at term 0 for startAsFollower
2019-09-12 11:49:54,601 [pool-60-thread-1] INFO  impl.RoleInfo (RoleInfo.java:updateAndGet(143)) - 0a8d2c4a-df63-4751-9ec8-74f270f9c7ee: start FollowerState
2019-09-12 11:49:54,601 [pool-60-thread-1] INFO  util.JmxRegister (JmxRegister.java:tryRegister(44)) - Successfully registered JMX Bean with object name Ratis:service=RaftServer,group=group-BB86D41AC88D,id=0a8d2c4a-df63-4751-9ec8-74f270f9c7ee
2019-09-12 11:49:54,607 [RatisPipelineUtilsThread] INFO  pipeline.PipelineStateManager (PipelineStateManager.java:addPipeline(56)) - Created pipeline Pipeline[ Id: 8baa4567-4341-4b97-90ff-bb86d41ac88d, Nodes: 0a8d2c4a-df63-4751-9ec8-74f270f9c7ee{ip: 192.168.36.114, host: pr-hdds-1569-58hkm-1881083799, networkLocation: /default-rack, certSerialId: null}, Type:RATIS, Factor:ONE, State:OPEN]
2019-09-12 11:49:54,609 [RatisPipelineUtilsThread] ERROR pipeline.PipelinePlacementPolicy (PipelinePlacementPolicy.java:meetCriteria(92)) - Pipeline Placement: Doesn't meet the criteria to be viable node. Heaviness: 6
2019-09-12 11:49:54,609 [RatisPipelineUtilsThread] ERROR pipeline.PipelinePlacementPolicy (PipelinePlacementPolicy.java:meetCriteria(92)) - Pipeline Placement: Doesn't meet the criteria to be viable node. Heaviness: 6
2019-09-12 11:49:54,609 [RatisPipelineUtilsThread] ERROR pipeline.PipelinePlacementPolicy (PipelinePlacementPolicy.java:meetCriteria(92)) - Pipeline Placement: Doesn't meet the criteria to be viable node. Heaviness: 6
2019-09-12 11:49:54,618 [grpc-default-executor-1] INFO  impl.RaftServerProxy (RaftServerProxy.java:addNew(89)) - 0a8d2c4a-df63-4751-9ec8-74f270f9c7ee: addNew group-9E024E319926:[0a8d2c4a-df63-4751-9ec8-74f270f9c7ee:192.168.36.114:33571] returns group-9E024E319926:java.util.concurrent.CompletableFuture@24c1d89b[Not completed]
2019-09-12 11:49:54,619 [pool-60-thread-1] INFO  impl.RaftServerImpl (RaftServerImpl.java:<init>(93)) - 0a8d2c4a-df63-4751-9ec8-74f270f9c7ee: new RaftServerImpl for group-9E024E319926:[0a8d2c4a-df63-4751-9ec8-74f270f9c7ee:192.168.36.114:33571] with ContainerStateMachine:uninitialized
2019-09-12 11:49:54,620 [pool-60-thread-1] INFO  server.RaftServerConfigKeys (ConfUtils.java:logGet(43)) - raft.server.rpc.timeout.min = 5s (custom)
2019-09-12 11:49:54,620 [pool-60-thread-1] INFO  server.RaftServerConfigKeys (ConfUtils.java:logGet(43)) - raft.server.rpc.timeout.max = 5200ms (custom)
2019-09-12 11:49:54,620 [pool-60-thread-1] INFO  server.RaftServerConfigKeys (ConfUtils.java:logGet(43)) - raft.server.rpcslowness.timeout = 120s (custom)
2019-09-12 11:49:54,620 [pool-60-thread-1] INFO  server.RaftServerConfigKeys (ConfUtils.java:logGet(43)) - raft.server.sleep.deviation.threshold = 300 (default)
2019-09-12 11:49:54,620 [pool-60-thread-1] INFO  server.RaftServerConfigKeys (ConfUtils.java:logGet(43)) - raft.server.log.appender.install.snapshot.enabled = false (custom)
2019-09-12 11:49:54,620 [pool-60-thread-1] INFO  impl.RaftServerImpl (ServerState.java:<init>(105)) - 0a8d2c4a-df63-4751-9ec8-74f270f9c7ee:group-9E024E319926 ConfigurationManager, init=-1: [0a8d2c4a-df63-4751-9ec8-74f270f9c7ee:192.168.36.114:33571], old=null, confs=<EMPTY_MAP>
2019-09-12 11:49:54,620 [pool-60-thread-1] INFO  server.RaftServerConfigKeys (ConfUtils.java:logGet(43)) - raft.server.storage.dir = [/workdir/hadoop-ozone/tools/target/test-dir/MiniOzoneClusterImpl-48448ead-6be7-4ea0-abfc-19da8f63b657/datanode-3/data/ratis] (custom)
2019-09-12 11:49:54,621 [pool-60-thread-1] INFO  storage.RaftStorageDirectory (RaftStorageDirectory.java:analyzeStorage(246)) - The storage directory /workdir/hadoop-ozone/tools/target/test-dir/MiniOzoneClusterImpl-48448ead-6be7-4ea0-abfc-19da8f63b657/datanode-3/data/ratis/7ea4ec24-210e-41f7-9e71-9e024e319926 does not exist. Creating ...
2019-09-12 11:49:54,633 [pool-60-thread-1] INFO  storage.RaftStorageDirectory (RaftStorageDirectory.java:tryLock(328)) - Lock on /workdir/hadoop-ozone/tools/target/test-dir/MiniOzoneClusterImpl-48448ead-6be7-4ea0-abfc-19da8f63b657/datanode-3/data/ratis/7ea4ec24-210e-41f7-9e71-9e024e319926/in_use.lock acquired by nodename 19442@pr-hdds-1569-58hkm-1881083799
2019-09-12 11:49:54,646 [pool-60-thread-1] INFO  storage.RaftStorage (RaftStorage.java:format(72)) - Storage directory /workdir/hadoop-ozone/tools/target/test-dir/MiniOzoneClusterImpl-48448ead-6be7-4ea0-abfc-19da8f63b657/datanode-3/data/ratis/7ea4ec24-210e-41f7-9e71-9e024e319926 has been successfully formatted.
2019-09-12 11:49:54,646 [pool-60-thread-1] INFO  ratis.ContainerStateMachine (ContainerStateMachine.java:loadSnapshot(226)) - group-9E024E319926: The snapshot info is null. Setting the last applied indexto:(t:0, i:~)
2019-09-12 11:49:54,646 [pool-60-thread-1] INFO  server.RaftServerConfigKeys (ConfUtils.java:logGet(43)) - raft.server.leader.election.timeout = 120s (custom)
2019-09-12 11:49:54,647 [pool-60-thread-1] INFO  server.RaftServerConfigKeys (ConfUtils.java:logGet(43)) - raft.server.log.use.memory = false (default)
2019-09-12 11:49:54,647 [pool-60-thread-1] INFO  server.RaftServerConfigKeys (ConfUtils.java:logGet(43)) - raft.server.log.purge.gap = 1000000 (custom)
2019-09-12 11:49:54,647 [pool-60-thread-1] INFO  server.RaftServerConfigKeys (ConfUtils.java:logGet(43)) - raft.server.log.appender.buffer.byte-limit = 33554432 (custom)
2019-09-12 11:49:54,647 [pool-60-thread-1] INFO  server.RaftServerConfigKeys (ConfUtils.java:logGet(43)) - raft.server.log.segment.size.max = 1048576 (custom)
2019-09-12 11:49:54,647 [pool-60-thread-1] INFO  server.RaftServerConfigKeys (ConfUtils.java:logGet(43)) - raft.server.log.segment.cache.num.max = 2 (custom)
2019-09-12 11:49:54,647 [pool-60-thread-1] INFO  segmented.SegmentedRaftLogWorker (SegmentedRaftLogWorker.java:<init>(172)) - new 0a8d2c4a-df63-4751-9ec8-74f270f9c7ee-SegmentedRaftLogWorker:Storage Directory /workdir/hadoop-ozone/tools/target/test-dir/MiniOzoneClusterImpl-48448ead-6be7-4ea0-abfc-19da8f63b657/datanode-3/data/ratis/7ea4ec24-210e-41f7-9e71-9e024e319926 for RaftStorage:Storage Directory /workdir/hadoop-ozone/tools/target/test-dir/MiniOzoneClusterImpl-48448ead-6be7-4ea0-abfc-19da8f63b657/datanode-3/data/ratis/7ea4ec24-210e-41f7-9e71-9e024e319926
2019-09-12 11:49:54,648 [pool-60-thread-1] INFO  server.RaftServerConfigKeys (ConfUtils.java:logGet(43)) - raft.server.log.queue.byte-limit = 2147483647 (custom)
2019-09-12 11:49:54,648 [pool-60-thread-1] INFO  server.RaftServerConfigKeys (ConfUtils.java:logGet(43)) - raft.server.log.queue.element-limit = 1024 (custom)
2019-09-12 11:49:54,648 [pool-60-thread-1] INFO  server.RaftServerConfigKeys (ConfUtils.java:logGet(43)) - raft.server.log.segment.size.max = 1048576 (custom)
2019-09-12 11:49:54,648 [pool-60-thread-1] INFO  server.RaftServerConfigKeys (ConfUtils.java:logGet(43)) - raft.server.log.preallocated.size = 16384 (custom)
2019-09-12 11:49:54,648 [pool-60-thread-1] INFO  server.RaftServerConfigKeys (ConfUtils.java:logGet(43)) - raft.server.log.write.buffer.size = 33554432 (custom)
2019-09-12 11:49:54,648 [pool-60-thread-1] INFO  server.RaftServerConfigKeys (ConfUtils.java:logGet(43)) - raft.server.log.force.sync.num = 128 (default)
2019-09-12 11:49:54,648 [pool-60-thread-1] INFO  server.RaftServerConfigKeys (ConfUtils.java:logGet(43)) - raft.server.log.statemachine.data.sync = true (default)
2019-09-12 11:49:54,649 [pool-60-thread-1] INFO  server.RaftServerConfigKeys (ConfUtils.java:logGet(43)) - raft.server.log.statemachine.data.sync.timeout = 10s (default)
2019-09-12 11:49:54,649 [pool-60-thread-1] INFO  server.RaftServerConfigKeys (ConfUtils.java:logGet(43)) - raft.server.log.statemachine.data.sync.timeout.retry = -1 (default)
2019-09-12 11:49:54,649 [pool-60-thread-1] INFO  server.RaftServerConfigKeys (ConfUtils.java:logGet(43)) - raft.server.log.statemachine.data.caching.enabled = true (custom)
2019-09-12 11:49:54,649 [pool-60-thread-1] INFO  segmented.SegmentedRaftLogWorker (SegmentedRaftLogWorker.java:lambda$new$0(132)) - 0a8d2c4a-df63-4751-9ec8-74f270f9c7ee-SegmentedRaftLogWorker:Storage Directory /workdir/hadoop-ozone/tools/target/test-dir/MiniOzoneClusterImpl-48448ead-6be7-4ea0-abfc-19da8f63b657/datanode-3/data/ratis/7ea4ec24-210e-41f7-9e71-9e024e319926: flushIndex: setUnconditionally 0 -> -1
2019-09-12 11:49:54,650 [pool-60-thread-1] INFO  server.RaftServerConfigKeys (ConfUtils.java:logGet(43)) - raft.server.snapshot.auto.trigger.enabled = true (custom)
2019-09-12 11:49:54,650 [pool-60-thread-1] INFO  server.RaftServerConfigKeys (ConfUtils.java:logGet(43)) - raft.server.snapshot.auto.trigger.threshold = 10000 (custom)
2019-09-12 11:49:54,650 [pool-60-thread-1] INFO  server.RaftServerConfigKeys (ConfUtils.java:logGet(43)) - raft.server.retrycache.expirytime = 600000ms (custom)
2019-09-12 11:49:54,650 [pool-60-thread-1] INFO  impl.RaftServerImpl (RaftServerImpl.java:start(180)) - 0a8d2c4a-df63-4751-9ec8-74f270f9c7ee: start group-9E024E319926
2019-09-12 11:49:54,650 [pool-60-thread-1] INFO  impl.RaftServerImpl (RaftServerImpl.java:setRole(171)) - 0a8d2c4a-df63-4751-9ec8-74f270f9c7ee:group-9E024E319926 changes role from null to FOLLOWER at term 0 for startAsFollower
2019-09-12 11:49:54,650 [pool-60-thread-1] INFO  impl.RoleInfo (RoleInfo.java:updateAndGet(143)) - 0a8d2c4a-df63-4751-9ec8-74f270f9c7ee: start FollowerState
2019-09-12 11:49:54,651 [pool-60-thread-1] INFO  util.JmxRegister (JmxRegister.java:tryRegister(44)) - Successfully registered JMX Bean with object name Ratis:service=RaftServer,group=group-9E024E319926,id=0a8d2c4a-df63-4751-9ec8-74f270f9c7ee
2019-09-12 11:49:54,656 [RatisPipelineUtilsThread] INFO  pipeline.PipelineStateManager (PipelineStateManager.java:addPipeline(56)) - Created pipeline Pipeline[ Id: 7ea4ec24-210e-41f7-9e71-9e024e319926, Nodes: 0a8d2c4a-df63-4751-9ec8-74f270f9c7ee{ip: 192.168.36.114, host: pr-hdds-1569-58hkm-1881083799, networkLocation: /default-rack, certSerialId: null}, Type:RATIS, Factor:ONE, State:OPEN]
2019-09-12 11:49:54,658 [RatisPipelineUtilsThread] ERROR pipeline.PipelinePlacementPolicy (PipelinePlacementPolicy.java:meetCriteria(92)) - Pipeline Placement: Doesn't meet the criteria to be viable node. Heaviness: 6
2019-09-12 11:49:54,658 [RatisPipelineUtilsThread] ERROR pipeline.PipelinePlacementPolicy (PipelinePlacementPolicy.java:meetCriteria(92)) - Pipeline Placement: Doesn't meet the criteria to be viable node. Heaviness: 6
2019-09-12 11:49:54,658 [RatisPipelineUtilsThread] ERROR pipeline.PipelinePlacementPolicy (PipelinePlacementPolicy.java:meetCriteria(92)) - Pipeline Placement: Doesn't meet the criteria to be viable node. Heaviness: 6
2019-09-12 11:49:54,668 [grpc-default-executor-0] INFO  impl.RaftServerProxy (RaftServerProxy.java:addNew(89)) - 0a8d2c4a-df63-4751-9ec8-74f270f9c7ee: addNew group-6D206E88B65A:[0a8d2c4a-df63-4751-9ec8-74f270f9c7ee:192.168.36.114:33571] returns group-6D206E88B65A:java.util.concurrent.CompletableFuture@1503129f[Not completed]
2019-09-12 11:49:54,669 [pool-60-thread-1] INFO  impl.RaftServerImpl (RaftServerImpl.java:<init>(93)) - 0a8d2c4a-df63-4751-9ec8-74f270f9c7ee: new RaftServerImpl for group-6D206E88B65A:[0a8d2c4a-df63-4751-9ec8-74f270f9c7ee:192.168.36.114:33571] with ContainerStateMachine:uninitialized
2019-09-12 11:49:54,669 [pool-60-thread-1] INFO  server.RaftServerConfigKeys (ConfUtils.java:logGet(43)) - raft.server.rpc.timeout.min = 5s (custom)
2019-09-12 11:49:54,669 [pool-60-thread-1] INFO  server.RaftServerConfigKeys (ConfUtils.java:logGet(43)) - raft.server.rpc.timeout.max = 5200ms (custom)
2019-09-12 11:49:54,669 [pool-60-thread-1] INFO  server.RaftServerConfigKeys (ConfUtils.java:logGet(43)) - raft.server.rpcslowness.timeout = 120s (custom)
2019-09-12 11:49:54,669 [pool-60-thread-1] INFO  server.RaftServerConfigKeys (ConfUtils.java:logGet(43)) - raft.server.sleep.deviation.threshold = 300 (default)
2019-09-12 11:49:54,669 [pool-60-thread-1] INFO  server.RaftServerConfigKeys (ConfUtils.java:logGet(43)) - raft.server.log.appender.install.snapshot.enabled = false (custom)
2019-09-12 11:49:54,670 [pool-60-thread-1] INFO  impl.RaftServerImpl (ServerState.java:<init>(105)) - 0a8d2c4a-df63-4751-9ec8-74f270f9c7ee:group-6D206E88B65A ConfigurationManager, init=-1: [0a8d2c4a-df63-4751-9ec8-74f270f9c7ee:192.168.36.114:33571], old=null, confs=<EMPTY_MAP>
2019-09-12 11:49:54,670 [pool-60-thread-1] INFO  server.RaftServerConfigKeys (ConfUtils.java:logGet(43)) - raft.server.storage.dir = [/workdir/hadoop-ozone/tools/target/test-dir/MiniOzoneClusterImpl-48448ead-6be7-4ea0-abfc-19da8f63b657/datanode-3/data/ratis] (custom)
2019-09-12 11:49:54,670 [pool-60-thread-1] INFO  storage.RaftStorageDirectory (RaftStorageDirectory.java:analyzeStorage(246)) - The storage directory /workdir/hadoop-ozone/tools/target/test-dir/MiniOzoneClusterImpl-48448ead-6be7-4ea0-abfc-19da8f63b657/datanode-3/data/ratis/e0d8f472-f261-432f-8c13-6d206e88b65a does not exist. Creating ...
2019-09-12 11:49:54,683 [pool-60-thread-1] INFO  storage.RaftStorageDirectory (RaftStorageDirectory.java:tryLock(328)) - Lock on /workdir/hadoop-ozone/tools/target/test-dir/MiniOzoneClusterImpl-48448ead-6be7-4ea0-abfc-19da8f63b657/datanode-3/data/ratis/e0d8f472-f261-432f-8c13-6d206e88b65a/in_use.lock acquired by nodename 19442@pr-hdds-1569-58hkm-1881083799
2019-09-12 11:49:54,696 [pool-60-thread-1] INFO  storage.RaftStorage (RaftStorage.java:format(72)) - Storage directory /workdir/hadoop-ozone/tools/target/test-dir/MiniOzoneClusterImpl-48448ead-6be7-4ea0-abfc-19da8f63b657/datanode-3/data/ratis/e0d8f472-f261-432f-8c13-6d206e88b65a has been successfully formatted.
2019-09-12 11:49:54,696 [pool-60-thread-1] INFO  ratis.ContainerStateMachine (ContainerStateMachine.java:loadSnapshot(226)) - group-6D206E88B65A: The snapshot info is null. Setting the last applied indexto:(t:0, i:~)
2019-09-12 11:49:54,696 [pool-60-thread-1] INFO  server.RaftServerConfigKeys (ConfUtils.java:logGet(43)) - raft.server.leader.election.timeout = 120s (custom)
2019-09-12 11:49:54,696 [pool-60-thread-1] INFO  server.RaftServerConfigKeys (ConfUtils.java:logGet(43)) - raft.server.log.use.memory = false (default)
2019-09-12 11:49:54,697 [pool-60-thread-1] INFO  server.RaftServerConfigKeys (ConfUtils.java:logGet(43)) - raft.server.log.purge.gap = 1000000 (custom)
2019-09-12 11:49:54,697 [pool-60-thread-1] INFO  server.RaftServerConfigKeys (ConfUtils.java:logGet(43)) - raft.server.log.appender.buffer.byte-limit = 33554432 (custom)
2019-09-12 11:49:54,697 [pool-60-thread-1] INFO  server.RaftServerConfigKeys (ConfUtils.java:logGet(43)) - raft.server.log.segment.size.max = 1048576 (custom)
2019-09-12 11:49:54,697 [pool-60-thread-1] INFO  server.RaftServerConfigKeys (ConfUtils.java:logGet(43)) - raft.server.log.segment.cache.num.max = 2 (custom)
2019-09-12 11:49:54,697 [pool-60-thread-1] INFO  segmented.SegmentedRaftLogWorker (SegmentedRaftLogWorker.java:<init>(172)) - new 0a8d2c4a-df63-4751-9ec8-74f270f9c7ee-SegmentedRaftLogWorker:Storage Directory /workdir/hadoop-ozone/tools/target/test-dir/MiniOzoneClusterImpl-48448ead-6be7-4ea0-abfc-19da8f63b657/datanode-3/data/ratis/e0d8f472-f261-432f-8c13-6d206e88b65a for RaftStorage:Storage Directory /workdir/hadoop-ozone/tools/target/test-dir/MiniOzoneClusterImpl-48448ead-6be7-4ea0-abfc-19da8f63b657/datanode-3/data/ratis/e0d8f472-f261-432f-8c13-6d206e88b65a
2019-09-12 11:49:54,697 [pool-60-thread-1] INFO  server.RaftServerConfigKeys (ConfUtils.java:logGet(43)) - raft.server.log.queue.byte-limit = 2147483647 (custom)
2019-09-12 11:49:54,697 [pool-60-thread-1] INFO  server.RaftServerConfigKeys (ConfUtils.java:logGet(43)) - raft.server.log.queue.element-limit = 1024 (custom)
2019-09-12 11:49:54,698 [pool-60-thread-1] INFO  server.RaftServerConfigKeys (ConfUtils.java:logGet(43)) - raft.server.log.segment.size.max = 1048576 (custom)
2019-09-12 11:49:54,698 [pool-60-thread-1] INFO  server.RaftServerConfigKeys (ConfUtils.java:logGet(43)) - raft.server.log.preallocated.size = 16384 (custom)
2019-09-12 11:49:54,698 [pool-60-thread-1] INFO  server.RaftServerConfigKeys (ConfUtils.java:logGet(43)) - raft.server.log.write.buffer.size = 33554432 (custom)
2019-09-12 11:49:54,698 [pool-60-thread-1] INFO  server.RaftServerConfigKeys (ConfUtils.java:logGet(43)) - raft.server.log.force.sync.num = 128 (default)
2019-09-12 11:49:54,698 [pool-60-thread-1] INFO  server.RaftServerConfigKeys (ConfUtils.java:logGet(43)) - raft.server.log.statemachine.data.sync = true (default)
2019-09-12 11:49:54,698 [pool-60-thread-1] INFO  server.RaftServerConfigKeys (ConfUtils.java:logGet(43)) - raft.server.log.statemachine.data.sync.timeout = 10s (default)
2019-09-12 11:49:54,698 [pool-60-thread-1] INFO  server.RaftServerConfigKeys (ConfUtils.java:logGet(43)) - raft.server.log.statemachine.data.sync.timeout.retry = -1 (default)
2019-09-12 11:49:54,698 [pool-60-thread-1] INFO  server.RaftServerConfigKeys (ConfUtils.java:logGet(43)) - raft.server.log.statemachine.data.caching.enabled = true (custom)
2019-09-12 11:49:54,699 [pool-60-thread-1] INFO  segmented.SegmentedRaftLogWorker (SegmentedRaftLogWorker.java:lambda$new$0(132)) - 0a8d2c4a-df63-4751-9ec8-74f270f9c7ee-SegmentedRaftLogWorker:Storage Directory /workdir/hadoop-ozone/tools/target/test-dir/MiniOzoneClusterImpl-48448ead-6be7-4ea0-abfc-19da8f63b657/datanode-3/data/ratis/e0d8f472-f261-432f-8c13-6d206e88b65a: flushIndex: setUnconditionally 0 -> -1
2019-09-12 11:49:54,699 [pool-60-thread-1] INFO  server.RaftServerConfigKeys (ConfUtils.java:logGet(43)) - raft.server.snapshot.auto.trigger.enabled = true (custom)
2019-09-12 11:49:54,699 [pool-60-thread-1] INFO  server.RaftServerConfigKeys (ConfUtils.java:logGet(43)) - raft.server.snapshot.auto.trigger.threshold = 10000 (custom)
2019-09-12 11:49:54,699 [pool-60-thread-1] INFO  server.RaftServerConfigKeys (ConfUtils.java:logGet(43)) - raft.server.retrycache.expirytime = 600000ms (custom)
2019-09-12 11:49:54,699 [pool-60-thread-1] INFO  impl.RaftServerImpl (RaftServerImpl.java:start(180)) - 0a8d2c4a-df63-4751-9ec8-74f270f9c7ee: start group-6D206E88B65A
2019-09-12 11:49:54,700 [pool-60-thread-1] INFO  impl.RaftServerImpl (RaftServerImpl.java:setRole(171)) - 0a8d2c4a-df63-4751-9ec8-74f270f9c7ee:group-6D206E88B65A changes role from null to FOLLOWER at term 0 for startAsFollower
2019-09-12 11:49:54,700 [pool-60-thread-1] INFO  impl.RoleInfo (RoleInfo.java:updateAndGet(143)) - 0a8d2c4a-df63-4751-9ec8-74f270f9c7ee: start FollowerState
2019-09-12 11:49:54,700 [pool-60-thread-1] INFO  util.JmxRegister (JmxRegister.java:tryRegister(44)) - Successfully registered JMX Bean with object name Ratis:service=RaftServer,group=group-6D206E88B65A,id=0a8d2c4a-df63-4751-9ec8-74f270f9c7ee
2019-09-12 11:49:54,705 [RatisPipelineUtilsThread] INFO  pipeline.PipelineStateManager (PipelineStateManager.java:addPipeline(56)) - Created pipeline Pipeline[ Id: e0d8f472-f261-432f-8c13-6d206e88b65a, Nodes: 0a8d2c4a-df63-4751-9ec8-74f270f9c7ee{ip: 192.168.36.114, host: pr-hdds-1569-58hkm-1881083799, networkLocation: /default-rack, certSerialId: null}, Type:RATIS, Factor:ONE, State:OPEN]
2019-09-12 11:49:54,707 [RatisPipelineUtilsThread] ERROR pipeline.PipelinePlacementPolicy (PipelinePlacementPolicy.java:meetCriteria(92)) - Pipeline Placement: Doesn't meet the criteria to be viable node. Heaviness: 6
2019-09-12 11:49:54,707 [RatisPipelineUtilsThread] ERROR pipeline.PipelinePlacementPolicy (PipelinePlacementPolicy.java:meetCriteria(92)) - Pipeline Placement: Doesn't meet the criteria to be viable node. Heaviness: 6
2019-09-12 11:49:54,707 [RatisPipelineUtilsThread] ERROR pipeline.PipelinePlacementPolicy (PipelinePlacementPolicy.java:meetCriteria(92)) - Pipeline Placement: Doesn't meet the criteria to be viable node. Heaviness: 6
2019-09-12 11:49:54,717 [grpc-default-executor-0] INFO  impl.RaftServerProxy (RaftServerProxy.java:addNew(89)) - 3adca0c9-7635-4314-8dcd-426c8d10965a: addNew group-4B952366CB15:[3adca0c9-7635-4314-8dcd-426c8d10965a:192.168.36.114:44660] returns group-4B952366CB15:java.util.concurrent.CompletableFuture@24b4814a[Not completed]
2019-09-12 11:49:54,719 [pool-71-thread-1] INFO  impl.RaftServerImpl (RaftServerImpl.java:<init>(93)) - 3adca0c9-7635-4314-8dcd-426c8d10965a: new RaftServerImpl for group-4B952366CB15:[3adca0c9-7635-4314-8dcd-426c8d10965a:192.168.36.114:44660] with ContainerStateMachine:uninitialized
2019-09-12 11:49:54,719 [pool-71-thread-1] INFO  server.RaftServerConfigKeys (ConfUtils.java:logGet(43)) - raft.server.rpc.timeout.min = 5s (custom)
2019-09-12 11:49:54,719 [pool-71-thread-1] INFO  server.RaftServerConfigKeys (ConfUtils.java:logGet(43)) - raft.server.rpc.timeout.max = 5200ms (custom)
2019-09-12 11:49:54,720 [pool-71-thread-1] INFO  server.RaftServerConfigKeys (ConfUtils.java:logGet(43)) - raft.server.rpcslowness.timeout = 120s (custom)
2019-09-12 11:49:54,720 [pool-71-thread-1] INFO  server.RaftServerConfigKeys (ConfUtils.java:logGet(43)) - raft.server.sleep.deviation.threshold = 300 (default)
2019-09-12 11:49:54,720 [pool-71-thread-1] INFO  server.RaftServerConfigKeys (ConfUtils.java:logGet(43)) - raft.server.log.appender.install.snapshot.enabled = false (custom)
2019-09-12 11:49:54,720 [pool-71-thread-1] INFO  impl.RaftServerImpl (ServerState.java:<init>(105)) - 3adca0c9-7635-4314-8dcd-426c8d10965a:group-4B952366CB15 ConfigurationManager, init=-1: [3adca0c9-7635-4314-8dcd-426c8d10965a:192.168.36.114:44660], old=null, confs=<EMPTY_MAP>
2019-09-12 11:49:54,720 [pool-71-thread-1] INFO  server.RaftServerConfigKeys (ConfUtils.java:logGet(43)) - raft.server.storage.dir = [/workdir/hadoop-ozone/tools/target/test-dir/MiniOzoneClusterImpl-48448ead-6be7-4ea0-abfc-19da8f63b657/datanode-4/data/ratis] (custom)
2019-09-12 11:49:54,721 [pool-71-thread-1] INFO  storage.RaftStorageDirectory (RaftStorageDirectory.java:analyzeStorage(246)) - The storage directory /workdir/hadoop-ozone/tools/target/test-dir/MiniOzoneClusterImpl-48448ead-6be7-4ea0-abfc-19da8f63b657/datanode-4/data/ratis/2ebe5300-d764-46bc-b078-4b952366cb15 does not exist. Creating ...
2019-09-12 11:49:54,733 [pool-71-thread-1] INFO  storage.RaftStorageDirectory (RaftStorageDirectory.java:tryLock(328)) - Lock on /workdir/hadoop-ozone/tools/target/test-dir/MiniOzoneClusterImpl-48448ead-6be7-4ea0-abfc-19da8f63b657/datanode-4/data/ratis/2ebe5300-d764-46bc-b078-4b952366cb15/in_use.lock acquired by nodename 19442@pr-hdds-1569-58hkm-1881083799
2019-09-12 11:49:54,746 [pool-71-thread-1] INFO  storage.RaftStorage (RaftStorage.java:format(72)) - Storage directory /workdir/hadoop-ozone/tools/target/test-dir/MiniOzoneClusterImpl-48448ead-6be7-4ea0-abfc-19da8f63b657/datanode-4/data/ratis/2ebe5300-d764-46bc-b078-4b952366cb15 has been successfully formatted.
2019-09-12 11:49:54,746 [pool-71-thread-1] INFO  ratis.ContainerStateMachine (ContainerStateMachine.java:loadSnapshot(226)) - group-4B952366CB15: The snapshot info is null. Setting the last applied indexto:(t:0, i:~)
2019-09-12 11:49:54,747 [pool-71-thread-1] INFO  server.RaftServerConfigKeys (ConfUtils.java:logGet(43)) - raft.server.leader.election.timeout = 120s (custom)
2019-09-12 11:49:54,747 [pool-71-thread-1] INFO  server.RaftServerConfigKeys (ConfUtils.java:logGet(43)) - raft.server.log.use.memory = false (default)
2019-09-12 11:49:54,747 [pool-71-thread-1] INFO  server.RaftServerConfigKeys (ConfUtils.java:logGet(43)) - raft.server.log.purge.gap = 1000000 (custom)
2019-09-12 11:49:54,747 [pool-71-thread-1] INFO  server.RaftServerConfigKeys (ConfUtils.java:logGet(43)) - raft.server.log.appender.buffer.byte-limit = 33554432 (custom)
2019-09-12 11:49:54,747 [pool-71-thread-1] INFO  server.RaftServerConfigKeys (ConfUtils.java:logGet(43)) - raft.server.log.segment.size.max = 1048576 (custom)
2019-09-12 11:49:54,747 [pool-71-thread-1] INFO  server.RaftServerConfigKeys (ConfUtils.java:logGet(43)) - raft.server.log.segment.cache.num.max = 2 (custom)
2019-09-12 11:49:54,748 [pool-71-thread-1] INFO  segmented.SegmentedRaftLogWorker (SegmentedRaftLogWorker.java:<init>(172)) - new 3adca0c9-7635-4314-8dcd-426c8d10965a-SegmentedRaftLogWorker:Storage Directory /workdir/hadoop-ozone/tools/target/test-dir/MiniOzoneClusterImpl-48448ead-6be7-4ea0-abfc-19da8f63b657/datanode-4/data/ratis/2ebe5300-d764-46bc-b078-4b952366cb15 for RaftStorage:Storage Directory /workdir/hadoop-ozone/tools/target/test-dir/MiniOzoneClusterImpl-48448ead-6be7-4ea0-abfc-19da8f63b657/datanode-4/data/ratis/2ebe5300-d764-46bc-b078-4b952366cb15
2019-09-12 11:49:54,748 [pool-71-thread-1] INFO  server.RaftServerConfigKeys (ConfUtils.java:logGet(43)) - raft.server.log.queue.byte-limit = 2147483647 (custom)
2019-09-12 11:49:54,748 [pool-71-thread-1] INFO  server.RaftServerConfigKeys (ConfUtils.java:logGet(43)) - raft.server.log.queue.element-limit = 1024 (custom)
2019-09-12 11:49:54,748 [pool-71-thread-1] INFO  server.RaftServerConfigKeys (ConfUtils.java:logGet(43)) - raft.server.log.segment.size.max = 1048576 (custom)
2019-09-12 11:49:54,748 [pool-71-thread-1] INFO  server.RaftServerConfigKeys (ConfUtils.java:logGet(43)) - raft.server.log.preallocated.size = 16384 (custom)
2019-09-12 11:49:54,748 [pool-71-thread-1] INFO  server.RaftServerConfigKeys (ConfUtils.java:logGet(43)) - raft.server.log.write.buffer.size = 33554432 (custom)
2019-09-12 11:49:54,749 [pool-71-thread-1] INFO  server.RaftServerConfigKeys (ConfUtils.java:logGet(43)) - raft.server.log.force.sync.num = 128 (default)
2019-09-12 11:49:54,749 [pool-71-thread-1] INFO  server.RaftServerConfigKeys (ConfUtils.java:logGet(43)) - raft.server.log.statemachine.data.sync = true (default)
2019-09-12 11:49:54,749 [pool-71-thread-1] INFO  server.RaftServerConfigKeys (ConfUtils.java:logGet(43)) - raft.server.log.statemachine.data.sync.timeout = 10s (default)
2019-09-12 11:49:54,749 [pool-71-thread-1] INFO  server.RaftServerConfigKeys (ConfUtils.java:logGet(43)) - raft.server.log.statemachine.data.sync.timeout.retry = -1 (default)
2019-09-12 11:49:54,749 [pool-71-thread-1] INFO  server.RaftServerConfigKeys (ConfUtils.java:logGet(43)) - raft.server.log.statemachine.data.caching.enabled = true (custom)
2019-09-12 11:49:54,750 [pool-71-thread-1] INFO  segmented.SegmentedRaftLogWorker (SegmentedRaftLogWorker.java:lambda$new$0(132)) - 3adca0c9-7635-4314-8dcd-426c8d10965a-SegmentedRaftLogWorker:Storage Directory /workdir/hadoop-ozone/tools/target/test-dir/MiniOzoneClusterImpl-48448ead-6be7-4ea0-abfc-19da8f63b657/datanode-4/data/ratis/2ebe5300-d764-46bc-b078-4b952366cb15: flushIndex: setUnconditionally 0 -> -1
2019-09-12 11:49:54,750 [pool-71-thread-1] INFO  server.RaftServerConfigKeys (ConfUtils.java:logGet(43)) - raft.server.snapshot.auto.trigger.enabled = true (custom)
2019-09-12 11:49:54,750 [pool-71-thread-1] INFO  server.RaftServerConfigKeys (ConfUtils.java:logGet(43)) - raft.server.snapshot.auto.trigger.threshold = 10000 (custom)
2019-09-12 11:49:54,750 [pool-71-thread-1] INFO  server.RaftServerConfigKeys (ConfUtils.java:logGet(43)) - raft.server.retrycache.expirytime = 600000ms (custom)
2019-09-12 11:49:54,751 [pool-71-thread-1] INFO  impl.RaftServerImpl (RaftServerImpl.java:start(180)) - 3adca0c9-7635-4314-8dcd-426c8d10965a: start group-4B952366CB15
2019-09-12 11:49:54,751 [pool-71-thread-1] INFO  impl.RaftServerImpl (RaftServerImpl.java:setRole(171)) - 3adca0c9-7635-4314-8dcd-426c8d10965a:group-4B952366CB15 changes role from null to FOLLOWER at term 0 for startAsFollower
2019-09-12 11:49:54,751 [pool-71-thread-1] INFO  impl.RoleInfo (RoleInfo.java:updateAndGet(143)) - 3adca0c9-7635-4314-8dcd-426c8d10965a: start FollowerState
2019-09-12 11:49:54,752 [pool-71-thread-1] INFO  util.JmxRegister (JmxRegister.java:tryRegister(44)) - Successfully registered JMX Bean with object name Ratis:service=RaftServer,group=group-4B952366CB15,id=3adca0c9-7635-4314-8dcd-426c8d10965a
2019-09-12 11:49:54,757 [RatisPipelineUtilsThread] INFO  pipeline.PipelineStateManager (PipelineStateManager.java:addPipeline(56)) - Created pipeline Pipeline[ Id: 2ebe5300-d764-46bc-b078-4b952366cb15, Nodes: 3adca0c9-7635-4314-8dcd-426c8d10965a{ip: 192.168.36.114, host: pr-hdds-1569-58hkm-1881083799, networkLocation: /default-rack, certSerialId: null}, Type:RATIS, Factor:ONE, State:OPEN]
2019-09-12 11:49:54,759 [RatisPipelineUtilsThread] ERROR pipeline.PipelinePlacementPolicy (PipelinePlacementPolicy.java:meetCriteria(92)) - Pipeline Placement: Doesn't meet the criteria to be viable node. Heaviness: 6
2019-09-12 11:49:54,759 [RatisPipelineUtilsThread] ERROR pipeline.PipelinePlacementPolicy (PipelinePlacementPolicy.java:meetCriteria(92)) - Pipeline Placement: Doesn't meet the criteria to be viable node. Heaviness: 6
2019-09-12 11:49:54,759 [RatisPipelineUtilsThread] ERROR pipeline.PipelinePlacementPolicy (PipelinePlacementPolicy.java:meetCriteria(92)) - Pipeline Placement: Doesn't meet the criteria to be viable node. Heaviness: 6
2019-09-12 11:49:54,769 [grpc-default-executor-0] INFO  impl.RaftServerProxy (RaftServerProxy.java:addNew(89)) - 3adca0c9-7635-4314-8dcd-426c8d10965a: addNew group-1F1627FDCBD5:[3adca0c9-7635-4314-8dcd-426c8d10965a:192.168.36.114:44660] returns group-1F1627FDCBD5:java.util.concurrent.CompletableFuture@1b443761[Not completed]
2019-09-12 11:49:54,770 [pool-71-thread-1] INFO  impl.RaftServerImpl (RaftServerImpl.java:<init>(93)) - 3adca0c9-7635-4314-8dcd-426c8d10965a: new RaftServerImpl for group-1F1627FDCBD5:[3adca0c9-7635-4314-8dcd-426c8d10965a:192.168.36.114:44660] with ContainerStateMachine:uninitialized
2019-09-12 11:49:54,770 [pool-71-thread-1] INFO  server.RaftServerConfigKeys (ConfUtils.java:logGet(43)) - raft.server.rpc.timeout.min = 5s (custom)
2019-09-12 11:49:54,771 [pool-71-thread-1] INFO  server.RaftServerConfigKeys (ConfUtils.java:logGet(43)) - raft.server.rpc.timeout.max = 5200ms (custom)
2019-09-12 11:49:54,771 [pool-71-thread-1] INFO  server.RaftServerConfigKeys (ConfUtils.java:logGet(43)) - raft.server.rpcslowness.timeout = 120s (custom)
2019-09-12 11:49:54,771 [pool-71-thread-1] INFO  server.RaftServerConfigKeys (ConfUtils.java:logGet(43)) - raft.server.sleep.deviation.threshold = 300 (default)
2019-09-12 11:49:54,771 [pool-71-thread-1] INFO  server.RaftServerConfigKeys (ConfUtils.java:logGet(43)) - raft.server.log.appender.install.snapshot.enabled = false (custom)
2019-09-12 11:49:54,771 [pool-71-thread-1] INFO  impl.RaftServerImpl (ServerState.java:<init>(105)) - 3adca0c9-7635-4314-8dcd-426c8d10965a:group-1F1627FDCBD5 ConfigurationManager, init=-1: [3adca0c9-7635-4314-8dcd-426c8d10965a:192.168.36.114:44660], old=null, confs=<EMPTY_MAP>
2019-09-12 11:49:54,771 [pool-71-thread-1] INFO  server.RaftServerConfigKeys (ConfUtils.java:logGet(43)) - raft.server.storage.dir = [/workdir/hadoop-ozone/tools/target/test-dir/MiniOzoneClusterImpl-48448ead-6be7-4ea0-abfc-19da8f63b657/datanode-4/data/ratis] (custom)
2019-09-12 11:49:54,772 [pool-71-thread-1] INFO  storage.RaftStorageDirectory (RaftStorageDirectory.java:analyzeStorage(246)) - The storage directory /workdir/hadoop-ozone/tools/target/test-dir/MiniOzoneClusterImpl-48448ead-6be7-4ea0-abfc-19da8f63b657/datanode-4/data/ratis/110d9b37-7337-4541-9210-1f1627fdcbd5 does not exist. Creating ...
2019-09-12 11:49:54,786 | INFO  | SCMAudit | user=jenkins1000 | ip=192.168.36.114 | op=SEND_HEARTBEAT {datanodeUUID=3adca0c9-7635-4314-8dcd-426c8d10965a, command=[]} | ret=SUCCESS |  
2019-09-12 11:49:54,786 | INFO  | SCMAudit | user=jenkins1000 | ip=192.168.36.114 | op=SEND_HEARTBEAT {datanodeUUID=0a8d2c4a-df63-4751-9ec8-74f270f9c7ee, command=[]} | ret=SUCCESS |  
2019-09-12 11:49:54,794 [pool-71-thread-1] INFO  storage.RaftStorageDirectory (RaftStorageDirectory.java:tryLock(328)) - Lock on /workdir/hadoop-ozone/tools/target/test-dir/MiniOzoneClusterImpl-48448ead-6be7-4ea0-abfc-19da8f63b657/datanode-4/data/ratis/110d9b37-7337-4541-9210-1f1627fdcbd5/in_use.lock acquired by nodename 19442@pr-hdds-1569-58hkm-1881083799
2019-09-12 11:49:54,799 | INFO  | SCMAudit | user=jenkins1000 | ip=192.168.36.114 | op=SEND_HEARTBEAT {datanodeUUID=efd2d550-d23b-43a8-a0f9-f6ba5c59f5a4, command=[]} | ret=SUCCESS |  
2019-09-12 11:49:54,807 [pool-71-thread-1] INFO  storage.RaftStorage (RaftStorage.java:format(72)) - Storage directory /workdir/hadoop-ozone/tools/target/test-dir/MiniOzoneClusterImpl-48448ead-6be7-4ea0-abfc-19da8f63b657/datanode-4/data/ratis/110d9b37-7337-4541-9210-1f1627fdcbd5 has been successfully formatted.
2019-09-12 11:49:54,808 [pool-71-thread-1] INFO  ratis.ContainerStateMachine (ContainerStateMachine.java:loadSnapshot(226)) - group-1F1627FDCBD5: The snapshot info is null. Setting the last applied indexto:(t:0, i:~)
2019-09-12 11:49:54,808 [pool-71-thread-1] INFO  server.RaftServerConfigKeys (ConfUtils.java:logGet(43)) - raft.server.leader.election.timeout = 120s (custom)
2019-09-12 11:49:54,808 [pool-71-thread-1] INFO  server.RaftServerConfigKeys (ConfUtils.java:logGet(43)) - raft.server.log.use.memory = false (default)
2019-09-12 11:49:54,808 [pool-71-thread-1] INFO  server.RaftServerConfigKeys (ConfUtils.java:logGet(43)) - raft.server.log.purge.gap = 1000000 (custom)
2019-09-12 11:49:54,808 [pool-71-thread-1] INFO  server.RaftServerConfigKeys (ConfUtils.java:logGet(43)) - raft.server.log.appender.buffer.byte-limit = 33554432 (custom)
2019-09-12 11:49:54,809 [pool-71-thread-1] INFO  server.RaftServerConfigKeys (ConfUtils.java:logGet(43)) - raft.server.log.segment.size.max = 1048576 (custom)
2019-09-12 11:49:54,809 [pool-71-thread-1] INFO  server.RaftServerConfigKeys (ConfUtils.java:logGet(43)) - raft.server.log.segment.cache.num.max = 2 (custom)
2019-09-12 11:49:54,809 [pool-71-thread-1] INFO  segmented.SegmentedRaftLogWorker (SegmentedRaftLogWorker.java:<init>(172)) - new 3adca0c9-7635-4314-8dcd-426c8d10965a-SegmentedRaftLogWorker:Storage Directory /workdir/hadoop-ozone/tools/target/test-dir/MiniOzoneClusterImpl-48448ead-6be7-4ea0-abfc-19da8f63b657/datanode-4/data/ratis/110d9b37-7337-4541-9210-1f1627fdcbd5 for RaftStorage:Storage Directory /workdir/hadoop-ozone/tools/target/test-dir/MiniOzoneClusterImpl-48448ead-6be7-4ea0-abfc-19da8f63b657/datanode-4/data/ratis/110d9b37-7337-4541-9210-1f1627fdcbd5
2019-09-12 11:49:54,809 [pool-71-thread-1] INFO  server.RaftServerConfigKeys (ConfUtils.java:logGet(43)) - raft.server.log.queue.byte-limit = 2147483647 (custom)
2019-09-12 11:49:54,809 [pool-71-thread-1] INFO  server.RaftServerConfigKeys (ConfUtils.java:logGet(43)) - raft.server.log.queue.element-limit = 1024 (custom)
2019-09-12 11:49:54,810 [pool-71-thread-1] INFO  server.RaftServerConfigKeys (ConfUtils.java:logGet(43)) - raft.server.log.segment.size.max = 1048576 (custom)
2019-09-12 11:49:54,810 [pool-71-thread-1] INFO  server.RaftServerConfigKeys (ConfUtils.java:logGet(43)) - raft.server.log.preallocated.size = 16384 (custom)
2019-09-12 11:49:54,810 [pool-71-thread-1] INFO  server.RaftServerConfigKeys (ConfUtils.java:logGet(43)) - raft.server.log.write.buffer.size = 33554432 (custom)
2019-09-12 11:49:54,810 [pool-71-thread-1] INFO  server.RaftServerConfigKeys (ConfUtils.java:logGet(43)) - raft.server.log.force.sync.num = 128 (default)
2019-09-12 11:49:54,810 [pool-71-thread-1] INFO  server.RaftServerConfigKeys (ConfUtils.java:logGet(43)) - raft.server.log.statemachine.data.sync = true (default)
2019-09-12 11:49:54,811 [pool-71-thread-1] INFO  server.RaftServerConfigKeys (ConfUtils.java:logGet(43)) - raft.server.log.statemachine.data.sync.timeout = 10s (default)
2019-09-12 11:49:54,811 [pool-71-thread-1] INFO  server.RaftServerConfigKeys (ConfUtils.java:logGet(43)) - raft.server.log.statemachine.data.sync.timeout.retry = -1 (default)
2019-09-12 11:49:54,811 [pool-71-thread-1] INFO  server.RaftServerConfigKeys (ConfUtils.java:logGet(43)) - raft.server.log.statemachine.data.caching.enabled = true (custom)
2019-09-12 11:49:54,811 [pool-71-thread-1] INFO  segmented.SegmentedRaftLogWorker (SegmentedRaftLogWorker.java:lambda$new$0(132)) - 3adca0c9-7635-4314-8dcd-426c8d10965a-SegmentedRaftLogWorker:Storage Directory /workdir/hadoop-ozone/tools/target/test-dir/MiniOzoneClusterImpl-48448ead-6be7-4ea0-abfc-19da8f63b657/datanode-4/data/ratis/110d9b37-7337-4541-9210-1f1627fdcbd5: flushIndex: setUnconditionally 0 -> -1
2019-09-12 11:49:54,812 [pool-71-thread-1] INFO  server.RaftServerConfigKeys (ConfUtils.java:logGet(43)) - raft.server.snapshot.auto.trigger.enabled = true (custom)
2019-09-12 11:49:54,812 [pool-71-thread-1] INFO  server.RaftServerConfigKeys (ConfUtils.java:logGet(43)) - raft.server.snapshot.auto.trigger.threshold = 10000 (custom)
2019-09-12 11:49:54,812 [pool-71-thread-1] INFO  server.RaftServerConfigKeys (ConfUtils.java:logGet(43)) - raft.server.retrycache.expirytime = 600000ms (custom)
2019-09-12 11:49:54,813 [pool-71-thread-1] INFO  impl.RaftServerImpl (RaftServerImpl.java:start(180)) - 3adca0c9-7635-4314-8dcd-426c8d10965a: start group-1F1627FDCBD5
2019-09-12 11:49:54,813 [pool-71-thread-1] INFO  impl.RaftServerImpl (RaftServerImpl.java:setRole(171)) - 3adca0c9-7635-4314-8dcd-426c8d10965a:group-1F1627FDCBD5 changes role from null to FOLLOWER at term 0 for startAsFollower
2019-09-12 11:49:54,813 [pool-71-thread-1] INFO  impl.RoleInfo (RoleInfo.java:updateAndGet(143)) - 3adca0c9-7635-4314-8dcd-426c8d10965a: start FollowerState
2019-09-12 11:49:54,814 [pool-71-thread-1] INFO  util.JmxRegister (JmxRegister.java:tryRegister(44)) - Successfully registered JMX Bean with object name Ratis:service=RaftServer,group=group-1F1627FDCBD5,id=3adca0c9-7635-4314-8dcd-426c8d10965a
2019-09-12 11:49:54,823 [RatisPipelineUtilsThread] INFO  pipeline.PipelineStateManager (PipelineStateManager.java:addPipeline(56)) - Created pipeline Pipeline[ Id: 110d9b37-7337-4541-9210-1f1627fdcbd5, Nodes: 3adca0c9-7635-4314-8dcd-426c8d10965a{ip: 192.168.36.114, host: pr-hdds-1569-58hkm-1881083799, networkLocation: /default-rack, certSerialId: null}, Type:RATIS, Factor:ONE, State:OPEN]
2019-09-12 11:49:54,825 [RatisPipelineUtilsThread] ERROR pipeline.PipelinePlacementPolicy (PipelinePlacementPolicy.java:meetCriteria(92)) - Pipeline Placement: Doesn't meet the criteria to be viable node. Heaviness: 6
2019-09-12 11:49:54,825 [RatisPipelineUtilsThread] ERROR pipeline.PipelinePlacementPolicy (PipelinePlacementPolicy.java:meetCriteria(92)) - Pipeline Placement: Doesn't meet the criteria to be viable node. Heaviness: 6
2019-09-12 11:49:54,825 [RatisPipelineUtilsThread] ERROR pipeline.PipelinePlacementPolicy (PipelinePlacementPolicy.java:meetCriteria(92)) - Pipeline Placement: Doesn't meet the criteria to be viable node. Heaviness: 6
2019-09-12 11:49:54,825 [RatisPipelineUtilsThread] ERROR pipeline.PipelinePlacementPolicy (PipelinePlacementPolicy.java:meetCriteria(92)) - Pipeline Placement: Doesn't meet the criteria to be viable node. Heaviness: 6
2019-09-12 11:49:54,835 [grpc-default-executor-0] INFO  impl.RaftServerProxy (RaftServerProxy.java:addNew(89)) - 0a8d2c4a-df63-4751-9ec8-74f270f9c7ee: addNew group-02743FC1D47B:[0a8d2c4a-df63-4751-9ec8-74f270f9c7ee:192.168.36.114:33571] returns group-02743FC1D47B:java.util.concurrent.CompletableFuture@25031d5b[Not completed]
2019-09-12 11:49:54,837 [pool-60-thread-1] INFO  impl.RaftServerImpl (RaftServerImpl.java:<init>(93)) - 0a8d2c4a-df63-4751-9ec8-74f270f9c7ee: new RaftServerImpl for group-02743FC1D47B:[0a8d2c4a-df63-4751-9ec8-74f270f9c7ee:192.168.36.114:33571] with ContainerStateMachine:uninitialized
2019-09-12 11:49:54,837 [pool-60-thread-1] INFO  server.RaftServerConfigKeys (ConfUtils.java:logGet(43)) - raft.server.rpc.timeout.min = 5s (custom)
2019-09-12 11:49:54,837 [pool-60-thread-1] INFO  server.RaftServerConfigKeys (ConfUtils.java:logGet(43)) - raft.server.rpc.timeout.max = 5200ms (custom)
2019-09-12 11:49:54,837 [pool-60-thread-1] INFO  server.RaftServerConfigKeys (ConfUtils.java:logGet(43)) - raft.server.rpcslowness.timeout = 120s (custom)
2019-09-12 11:49:54,837 [pool-60-thread-1] INFO  server.RaftServerConfigKeys (ConfUtils.java:logGet(43)) - raft.server.sleep.deviation.threshold = 300 (default)
2019-09-12 11:49:54,838 [pool-60-thread-1] INFO  server.RaftServerConfigKeys (ConfUtils.java:logGet(43)) - raft.server.log.appender.install.snapshot.enabled = false (custom)
2019-09-12 11:49:54,838 [pool-60-thread-1] INFO  impl.RaftServerImpl (ServerState.java:<init>(105)) - 0a8d2c4a-df63-4751-9ec8-74f270f9c7ee:group-02743FC1D47B ConfigurationManager, init=-1: [0a8d2c4a-df63-4751-9ec8-74f270f9c7ee:192.168.36.114:33571], old=null, confs=<EMPTY_MAP>
2019-09-12 11:49:54,838 [pool-60-thread-1] INFO  server.RaftServerConfigKeys (ConfUtils.java:logGet(43)) - raft.server.storage.dir = [/workdir/hadoop-ozone/tools/target/test-dir/MiniOzoneClusterImpl-48448ead-6be7-4ea0-abfc-19da8f63b657/datanode-3/data/ratis] (custom)
2019-09-12 11:49:54,838 [pool-60-thread-1] INFO  storage.RaftStorageDirectory (RaftStorageDirectory.java:analyzeStorage(246)) - The storage directory /workdir/hadoop-ozone/tools/target/test-dir/MiniOzoneClusterImpl-48448ead-6be7-4ea0-abfc-19da8f63b657/datanode-3/data/ratis/2e3d521a-bed8-4e34-90e5-02743fc1d47b does not exist. Creating ...
2019-09-12 11:49:54,848 [Thread-207] INFO  container.ReplicationManager (ReplicationManager.java:start(151)) - Starting Replication Monitor Thread.
2019-09-12 11:49:54,850 [ReplicationMonitor] INFO  container.ReplicationManager (ReplicationManager.java:run(214)) - Replication Monitor Thread took 0 milliseconds for processing 0 containers.
2019-09-12 11:49:54,851 [pool-60-thread-1] INFO  storage.RaftStorageDirectory (RaftStorageDirectory.java:tryLock(328)) - Lock on /workdir/hadoop-ozone/tools/target/test-dir/MiniOzoneClusterImpl-48448ead-6be7-4ea0-abfc-19da8f63b657/datanode-3/data/ratis/2e3d521a-bed8-4e34-90e5-02743fc1d47b/in_use.lock acquired by nodename 19442@pr-hdds-1569-58hkm-1881083799
2019-09-12 11:49:54,865 [pool-60-thread-1] INFO  storage.RaftStorage (RaftStorage.java:format(72)) - Storage directory /workdir/hadoop-ozone/tools/target/test-dir/MiniOzoneClusterImpl-48448ead-6be7-4ea0-abfc-19da8f63b657/datanode-3/data/ratis/2e3d521a-bed8-4e34-90e5-02743fc1d47b has been successfully formatted.
2019-09-12 11:49:54,866 [pool-60-thread-1] INFO  ratis.ContainerStateMachine (ContainerStateMachine.java:loadSnapshot(226)) - group-02743FC1D47B: The snapshot info is null. Setting the last applied indexto:(t:0, i:~)
2019-09-12 11:49:54,866 [pool-60-thread-1] INFO  server.RaftServerConfigKeys (ConfUtils.java:logGet(43)) - raft.server.leader.election.timeout = 120s (custom)
2019-09-12 11:49:54,866 [pool-60-thread-1] INFO  server.RaftServerConfigKeys (ConfUtils.java:logGet(43)) - raft.server.log.use.memory = false (default)
2019-09-12 11:49:54,866 [pool-60-thread-1] INFO  server.RaftServerConfigKeys (ConfUtils.java:logGet(43)) - raft.server.log.purge.gap = 1000000 (custom)
2019-09-12 11:49:54,867 [pool-60-thread-1] INFO  server.RaftServerConfigKeys (ConfUtils.java:logGet(43)) - raft.server.log.appender.buffer.byte-limit = 33554432 (custom)
2019-09-12 11:49:54,867 [pool-60-thread-1] INFO  server.RaftServerConfigKeys (ConfUtils.java:logGet(43)) - raft.server.log.segment.size.max = 1048576 (custom)
2019-09-12 11:49:54,867 [pool-60-thread-1] INFO  server.RaftServerConfigKeys (ConfUtils.java:logGet(43)) - raft.server.log.segment.cache.num.max = 2 (custom)
2019-09-12 11:49:54,867 [pool-60-thread-1] INFO  segmented.SegmentedRaftLogWorker (SegmentedRaftLogWorker.java:<init>(172)) - new 0a8d2c4a-df63-4751-9ec8-74f270f9c7ee-SegmentedRaftLogWorker:Storage Directory /workdir/hadoop-ozone/tools/target/test-dir/MiniOzoneClusterImpl-48448ead-6be7-4ea0-abfc-19da8f63b657/datanode-3/data/ratis/2e3d521a-bed8-4e34-90e5-02743fc1d47b for RaftStorage:Storage Directory /workdir/hadoop-ozone/tools/target/test-dir/MiniOzoneClusterImpl-48448ead-6be7-4ea0-abfc-19da8f63b657/datanode-3/data/ratis/2e3d521a-bed8-4e34-90e5-02743fc1d47b
2019-09-12 11:49:54,867 [pool-60-thread-1] INFO  server.RaftServerConfigKeys (ConfUtils.java:logGet(43)) - raft.server.log.queue.byte-limit = 2147483647 (custom)
2019-09-12 11:49:54,868 [pool-60-thread-1] INFO  server.RaftServerConfigKeys (ConfUtils.java:logGet(43)) - raft.server.log.queue.element-limit = 1024 (custom)
2019-09-12 11:49:54,868 [pool-60-thread-1] INFO  server.RaftServerConfigKeys (ConfUtils.java:logGet(43)) - raft.server.log.segment.size.max = 1048576 (custom)
2019-09-12 11:49:54,868 [pool-60-thread-1] INFO  server.RaftServerConfigKeys (ConfUtils.java:logGet(43)) - raft.server.log.preallocated.size = 16384 (custom)
2019-09-12 11:49:54,868 [pool-60-thread-1] INFO  server.RaftServerConfigKeys (ConfUtils.java:logGet(43)) - raft.server.log.write.buffer.size = 33554432 (custom)
2019-09-12 11:49:54,868 [pool-60-thread-1] INFO  server.RaftServerConfigKeys (ConfUtils.java:logGet(43)) - raft.server.log.force.sync.num = 128 (default)
2019-09-12 11:49:54,868 [pool-60-thread-1] INFO  server.RaftServerConfigKeys (ConfUtils.java:logGet(43)) - raft.server.log.statemachine.data.sync = true (default)
2019-09-12 11:49:54,869 [pool-60-thread-1] INFO  server.RaftServerConfigKeys (ConfUtils.java:logGet(43)) - raft.server.log.statemachine.data.sync.timeout = 10s (default)
2019-09-12 11:49:54,869 [pool-60-thread-1] INFO  server.RaftServerConfigKeys (ConfUtils.java:logGet(43)) - raft.server.log.statemachine.data.sync.timeout.retry = -1 (default)
2019-09-12 11:49:54,869 [pool-60-thread-1] INFO  server.RaftServerConfigKeys (ConfUtils.java:logGet(43)) - raft.server.log.statemachine.data.caching.enabled = true (custom)
2019-09-12 11:49:54,869 [pool-60-thread-1] INFO  segmented.SegmentedRaftLogWorker (SegmentedRaftLogWorker.java:lambda$new$0(132)) - 0a8d2c4a-df63-4751-9ec8-74f270f9c7ee-SegmentedRaftLogWorker:Storage Directory /workdir/hadoop-ozone/tools/target/test-dir/MiniOzoneClusterImpl-48448ead-6be7-4ea0-abfc-19da8f63b657/datanode-3/data/ratis/2e3d521a-bed8-4e34-90e5-02743fc1d47b: flushIndex: setUnconditionally 0 -> -1
2019-09-12 11:49:54,870 [pool-60-thread-1] INFO  server.RaftServerConfigKeys (ConfUtils.java:logGet(43)) - raft.server.snapshot.auto.trigger.enabled = true (custom)
2019-09-12 11:49:54,870 [pool-60-thread-1] INFO  server.RaftServerConfigKeys (ConfUtils.java:logGet(43)) - raft.server.snapshot.auto.trigger.threshold = 10000 (custom)
2019-09-12 11:49:54,870 [pool-60-thread-1] INFO  server.RaftServerConfigKeys (ConfUtils.java:logGet(43)) - raft.server.retrycache.expirytime = 600000ms (custom)
2019-09-12 11:49:54,871 [pool-60-thread-1] INFO  impl.RaftServerImpl (RaftServerImpl.java:start(180)) - 0a8d2c4a-df63-4751-9ec8-74f270f9c7ee: start group-02743FC1D47B
2019-09-12 11:49:54,871 [pool-60-thread-1] INFO  impl.RaftServerImpl (RaftServerImpl.java:setRole(171)) - 0a8d2c4a-df63-4751-9ec8-74f270f9c7ee:group-02743FC1D47B changes role from null to FOLLOWER at term 0 for startAsFollower
2019-09-12 11:49:54,871 [pool-60-thread-1] INFO  impl.RoleInfo (RoleInfo.java:updateAndGet(143)) - 0a8d2c4a-df63-4751-9ec8-74f270f9c7ee: start FollowerState
2019-09-12 11:49:54,872 [pool-60-thread-1] INFO  util.JmxRegister (JmxRegister.java:tryRegister(44)) - Successfully registered JMX Bean with object name Ratis:service=RaftServer,group=group-02743FC1D47B,id=0a8d2c4a-df63-4751-9ec8-74f270f9c7ee
2019-09-12 11:49:54,877 [RatisPipelineUtilsThread] INFO  pipeline.PipelineStateManager (PipelineStateManager.java:addPipeline(56)) - Created pipeline Pipeline[ Id: 2e3d521a-bed8-4e34-90e5-02743fc1d47b, Nodes: 0a8d2c4a-df63-4751-9ec8-74f270f9c7ee{ip: 192.168.36.114, host: pr-hdds-1569-58hkm-1881083799, networkLocation: /default-rack, certSerialId: null}, Type:RATIS, Factor:ONE, State:OPEN]
2019-09-12 11:49:54,879 [RatisPipelineUtilsThread] ERROR pipeline.PipelinePlacementPolicy (PipelinePlacementPolicy.java:meetCriteria(92)) - Pipeline Placement: Doesn't meet the criteria to be viable node. Heaviness: 6
2019-09-12 11:49:54,879 [RatisPipelineUtilsThread] ERROR pipeline.PipelinePlacementPolicy (PipelinePlacementPolicy.java:meetCriteria(92)) - Pipeline Placement: Doesn't meet the criteria to be viable node. Heaviness: 6
2019-09-12 11:49:54,879 [RatisPipelineUtilsThread] ERROR pipeline.PipelinePlacementPolicy (PipelinePlacementPolicy.java:meetCriteria(92)) - Pipeline Placement: Doesn't meet the criteria to be viable node. Heaviness: 6
2019-09-12 11:49:54,880 [RatisPipelineUtilsThread] ERROR pipeline.PipelinePlacementPolicy (PipelinePlacementPolicy.java:meetCriteria(92)) - Pipeline Placement: Doesn't meet the criteria to be viable node. Heaviness: 6
2019-09-12 11:49:54,890 [grpc-default-executor-0] INFO  impl.RaftServerProxy (RaftServerProxy.java:addNew(89)) - 0a8d2c4a-df63-4751-9ec8-74f270f9c7ee: addNew group-A410E7FB1589:[0a8d2c4a-df63-4751-9ec8-74f270f9c7ee:192.168.36.114:33571] returns group-A410E7FB1589:java.util.concurrent.CompletableFuture@7bba6975[Not completed]
2019-09-12 11:49:54,892 [pool-60-thread-1] INFO  impl.RaftServerImpl (RaftServerImpl.java:<init>(93)) - 0a8d2c4a-df63-4751-9ec8-74f270f9c7ee: new RaftServerImpl for group-A410E7FB1589:[0a8d2c4a-df63-4751-9ec8-74f270f9c7ee:192.168.36.114:33571] with ContainerStateMachine:uninitialized
2019-09-12 11:49:54,892 [pool-60-thread-1] INFO  server.RaftServerConfigKeys (ConfUtils.java:logGet(43)) - raft.server.rpc.timeout.min = 5s (custom)
2019-09-12 11:49:54,893 [pool-60-thread-1] INFO  server.RaftServerConfigKeys (ConfUtils.java:logGet(43)) - raft.server.rpc.timeout.max = 5200ms (custom)
2019-09-12 11:49:54,893 [pool-60-thread-1] INFO  server.RaftServerConfigKeys (ConfUtils.java:logGet(43)) - raft.server.rpcslowness.timeout = 120s (custom)
2019-09-12 11:49:54,893 [pool-60-thread-1] INFO  server.RaftServerConfigKeys (ConfUtils.java:logGet(43)) - raft.server.sleep.deviation.threshold = 300 (default)
2019-09-12 11:49:54,893 [pool-60-thread-1] INFO  server.RaftServerConfigKeys (ConfUtils.java:logGet(43)) - raft.server.log.appender.install.snapshot.enabled = false (custom)
2019-09-12 11:49:54,893 [pool-60-thread-1] INFO  impl.RaftServerImpl (ServerState.java:<init>(105)) - 0a8d2c4a-df63-4751-9ec8-74f270f9c7ee:group-A410E7FB1589 ConfigurationManager, init=-1: [0a8d2c4a-df63-4751-9ec8-74f270f9c7ee:192.168.36.114:33571], old=null, confs=<EMPTY_MAP>
2019-09-12 11:49:54,894 [pool-60-thread-1] INFO  server.RaftServerConfigKeys (ConfUtils.java:logGet(43)) - raft.server.storage.dir = [/workdir/hadoop-ozone/tools/target/test-dir/MiniOzoneClusterImpl-48448ead-6be7-4ea0-abfc-19da8f63b657/datanode-3/data/ratis] (custom)
2019-09-12 11:49:54,894 [pool-60-thread-1] INFO  storage.RaftStorageDirectory (RaftStorageDirectory.java:analyzeStorage(246)) - The storage directory /workdir/hadoop-ozone/tools/target/test-dir/MiniOzoneClusterImpl-48448ead-6be7-4ea0-abfc-19da8f63b657/datanode-3/data/ratis/eb075b45-eb14-4d80-a459-a410e7fb1589 does not exist. Creating ...
2019-09-12 11:49:54,907 [pool-60-thread-1] INFO  storage.RaftStorageDirectory (RaftStorageDirectory.java:tryLock(328)) - Lock on /workdir/hadoop-ozone/tools/target/test-dir/MiniOzoneClusterImpl-48448ead-6be7-4ea0-abfc-19da8f63b657/datanode-3/data/ratis/eb075b45-eb14-4d80-a459-a410e7fb1589/in_use.lock acquired by nodename 19442@pr-hdds-1569-58hkm-1881083799
2019-09-12 11:49:54,920 [pool-60-thread-1] INFO  storage.RaftStorage (RaftStorage.java:format(72)) - Storage directory /workdir/hadoop-ozone/tools/target/test-dir/MiniOzoneClusterImpl-48448ead-6be7-4ea0-abfc-19da8f63b657/datanode-3/data/ratis/eb075b45-eb14-4d80-a459-a410e7fb1589 has been successfully formatted.
2019-09-12 11:49:54,920 [pool-60-thread-1] INFO  ratis.ContainerStateMachine (ContainerStateMachine.java:loadSnapshot(226)) - group-A410E7FB1589: The snapshot info is null. Setting the last applied indexto:(t:0, i:~)
2019-09-12 11:49:54,920 [pool-60-thread-1] INFO  server.RaftServerConfigKeys (ConfUtils.java:logGet(43)) - raft.server.leader.election.timeout = 120s (custom)
2019-09-12 11:49:54,920 [pool-60-thread-1] INFO  server.RaftServerConfigKeys (ConfUtils.java:logGet(43)) - raft.server.log.use.memory = false (default)
2019-09-12 11:49:54,921 [pool-60-thread-1] INFO  server.RaftServerConfigKeys (ConfUtils.java:logGet(43)) - raft.server.log.purge.gap = 1000000 (custom)
2019-09-12 11:49:54,921 [pool-60-thread-1] INFO  server.RaftServerConfigKeys (ConfUtils.java:logGet(43)) - raft.server.log.appender.buffer.byte-limit = 33554432 (custom)
2019-09-12 11:49:54,921 [pool-60-thread-1] INFO  server.RaftServerConfigKeys (ConfUtils.java:logGet(43)) - raft.server.log.segment.size.max = 1048576 (custom)
2019-09-12 11:49:54,921 [pool-60-thread-1] INFO  server.RaftServerConfigKeys (ConfUtils.java:logGet(43)) - raft.server.log.segment.cache.num.max = 2 (custom)
2019-09-12 11:49:54,921 [pool-60-thread-1] INFO  segmented.SegmentedRaftLogWorker (SegmentedRaftLogWorker.java:<init>(172)) - new 0a8d2c4a-df63-4751-9ec8-74f270f9c7ee-SegmentedRaftLogWorker:Storage Directory /workdir/hadoop-ozone/tools/target/test-dir/MiniOzoneClusterImpl-48448ead-6be7-4ea0-abfc-19da8f63b657/datanode-3/data/ratis/eb075b45-eb14-4d80-a459-a410e7fb1589 for RaftStorage:Storage Directory /workdir/hadoop-ozone/tools/target/test-dir/MiniOzoneClusterImpl-48448ead-6be7-4ea0-abfc-19da8f63b657/datanode-3/data/ratis/eb075b45-eb14-4d80-a459-a410e7fb1589
2019-09-12 11:49:54,922 [pool-60-thread-1] INFO  server.RaftServerConfigKeys (ConfUtils.java:logGet(43)) - raft.server.log.queue.byte-limit = 2147483647 (custom)
2019-09-12 11:49:54,922 [pool-60-thread-1] INFO  server.RaftServerConfigKeys (ConfUtils.java:logGet(43)) - raft.server.log.queue.element-limit = 1024 (custom)
2019-09-12 11:49:54,922 [pool-60-thread-1] INFO  server.RaftServerConfigKeys (ConfUtils.java:logGet(43)) - raft.server.log.segment.size.max = 1048576 (custom)
2019-09-12 11:49:54,922 [pool-60-thread-1] INFO  server.RaftServerConfigKeys (ConfUtils.java:logGet(43)) - raft.server.log.preallocated.size = 16384 (custom)
2019-09-12 11:49:54,922 [pool-60-thread-1] INFO  server.RaftServerConfigKeys (ConfUtils.java:logGet(43)) - raft.server.log.write.buffer.size = 33554432 (custom)
2019-09-12 11:49:54,922 [pool-60-thread-1] INFO  server.RaftServerConfigKeys (ConfUtils.java:logGet(43)) - raft.server.log.force.sync.num = 128 (default)
2019-09-12 11:49:54,923 [pool-60-thread-1] INFO  server.RaftServerConfigKeys (ConfUtils.java:logGet(43)) - raft.server.log.statemachine.data.sync = true (default)
2019-09-12 11:49:54,923 [pool-60-thread-1] INFO  server.RaftServerConfigKeys (ConfUtils.java:logGet(43)) - raft.server.log.statemachine.data.sync.timeout = 10s (default)
2019-09-12 11:49:54,923 [pool-60-thread-1] INFO  server.RaftServerConfigKeys (ConfUtils.java:logGet(43)) - raft.server.log.statemachine.data.sync.timeout.retry = -1 (default)
2019-09-12 11:49:54,923 [pool-60-thread-1] INFO  server.RaftServerConfigKeys (ConfUtils.java:logGet(43)) - raft.server.log.statemachine.data.caching.enabled = true (custom)
2019-09-12 11:49:54,924 [pool-60-thread-1] INFO  segmented.SegmentedRaftLogWorker (SegmentedRaftLogWorker.java:lambda$new$0(132)) - 0a8d2c4a-df63-4751-9ec8-74f270f9c7ee-SegmentedRaftLogWorker:Storage Directory /workdir/hadoop-ozone/tools/target/test-dir/MiniOzoneClusterImpl-48448ead-6be7-4ea0-abfc-19da8f63b657/datanode-3/data/ratis/eb075b45-eb14-4d80-a459-a410e7fb1589: flushIndex: setUnconditionally 0 -> -1
2019-09-12 11:49:54,924 [pool-60-thread-1] INFO  server.RaftServerConfigKeys (ConfUtils.java:logGet(43)) - raft.server.snapshot.auto.trigger.enabled = true (custom)
2019-09-12 11:49:54,924 [pool-60-thread-1] INFO  server.RaftServerConfigKeys (ConfUtils.java:logGet(43)) - raft.server.snapshot.auto.trigger.threshold = 10000 (custom)
2019-09-12 11:49:54,924 [pool-60-thread-1] INFO  server.RaftServerConfigKeys (ConfUtils.java:logGet(43)) - raft.server.retrycache.expirytime = 600000ms (custom)
2019-09-12 11:49:54,925 [pool-60-thread-1] INFO  impl.RaftServerImpl (RaftServerImpl.java:start(180)) - 0a8d2c4a-df63-4751-9ec8-74f270f9c7ee: start group-A410E7FB1589
2019-09-12 11:49:54,925 [pool-60-thread-1] INFO  impl.RaftServerImpl (RaftServerImpl.java:setRole(171)) - 0a8d2c4a-df63-4751-9ec8-74f270f9c7ee:group-A410E7FB1589 changes role from null to FOLLOWER at term 0 for startAsFollower
2019-09-12 11:49:54,925 [pool-60-thread-1] INFO  impl.RoleInfo (RoleInfo.java:updateAndGet(143)) - 0a8d2c4a-df63-4751-9ec8-74f270f9c7ee: start FollowerState
2019-09-12 11:49:54,926 [pool-60-thread-1] INFO  util.JmxRegister (JmxRegister.java:tryRegister(44)) - Successfully registered JMX Bean with object name Ratis:service=RaftServer,group=group-A410E7FB1589,id=0a8d2c4a-df63-4751-9ec8-74f270f9c7ee
2019-09-12 11:49:54,931 [RatisPipelineUtilsThread] INFO  pipeline.PipelineStateManager (PipelineStateManager.java:addPipeline(56)) - Created pipeline Pipeline[ Id: eb075b45-eb14-4d80-a459-a410e7fb1589, Nodes: 0a8d2c4a-df63-4751-9ec8-74f270f9c7ee{ip: 192.168.36.114, host: pr-hdds-1569-58hkm-1881083799, networkLocation: /default-rack, certSerialId: null}, Type:RATIS, Factor:ONE, State:OPEN]
2019-09-12 11:49:54,933 [RatisPipelineUtilsThread] ERROR pipeline.PipelinePlacementPolicy (PipelinePlacementPolicy.java:meetCriteria(92)) - Pipeline Placement: Doesn't meet the criteria to be viable node. Heaviness: 6
2019-09-12 11:49:54,933 [RatisPipelineUtilsThread] ERROR pipeline.PipelinePlacementPolicy (PipelinePlacementPolicy.java:meetCriteria(92)) - Pipeline Placement: Doesn't meet the criteria to be viable node. Heaviness: 6
2019-09-12 11:49:54,934 [RatisPipelineUtilsThread] ERROR pipeline.PipelinePlacementPolicy (PipelinePlacementPolicy.java:meetCriteria(92)) - Pipeline Placement: Doesn't meet the criteria to be viable node. Heaviness: 6
2019-09-12 11:49:54,934 [RatisPipelineUtilsThread] ERROR pipeline.PipelinePlacementPolicy (PipelinePlacementPolicy.java:meetCriteria(92)) - Pipeline Placement: Doesn't meet the criteria to be viable node. Heaviness: 6
2019-09-12 11:49:54,944 [grpc-default-executor-0] INFO  impl.RaftServerProxy (RaftServerProxy.java:addNew(89)) - 0a8d2c4a-df63-4751-9ec8-74f270f9c7ee: addNew group-BDD23E3DA7DA:[0a8d2c4a-df63-4751-9ec8-74f270f9c7ee:192.168.36.114:33571] returns group-BDD23E3DA7DA:java.util.concurrent.CompletableFuture@8ae9c8a[Not completed]
2019-09-12 11:49:54,946 [pool-60-thread-1] INFO  impl.RaftServerImpl (RaftServerImpl.java:<init>(93)) - 0a8d2c4a-df63-4751-9ec8-74f270f9c7ee: new RaftServerImpl for group-BDD23E3DA7DA:[0a8d2c4a-df63-4751-9ec8-74f270f9c7ee:192.168.36.114:33571] with ContainerStateMachine:uninitialized
2019-09-12 11:49:54,947 [pool-60-thread-1] INFO  server.RaftServerConfigKeys (ConfUtils.java:logGet(43)) - raft.server.rpc.timeout.min = 5s (custom)
2019-09-12 11:49:54,947 [pool-60-thread-1] INFO  server.RaftServerConfigKeys (ConfUtils.java:logGet(43)) - raft.server.rpc.timeout.max = 5200ms (custom)
2019-09-12 11:49:54,947 [pool-60-thread-1] INFO  server.RaftServerConfigKeys (ConfUtils.java:logGet(43)) - raft.server.rpcslowness.timeout = 120s (custom)
2019-09-12 11:49:54,947 [pool-60-thread-1] INFO  server.RaftServerConfigKeys (ConfUtils.java:logGet(43)) - raft.server.sleep.deviation.threshold = 300 (default)
2019-09-12 11:49:54,947 [pool-60-thread-1] INFO  server.RaftServerConfigKeys (ConfUtils.java:logGet(43)) - raft.server.log.appender.install.snapshot.enabled = false (custom)
2019-09-12 11:49:54,947 [pool-60-thread-1] INFO  impl.RaftServerImpl (ServerState.java:<init>(105)) - 0a8d2c4a-df63-4751-9ec8-74f270f9c7ee:group-BDD23E3DA7DA ConfigurationManager, init=-1: [0a8d2c4a-df63-4751-9ec8-74f270f9c7ee:192.168.36.114:33571], old=null, confs=<EMPTY_MAP>
2019-09-12 11:49:54,948 [pool-60-thread-1] INFO  server.RaftServerConfigKeys (ConfUtils.java:logGet(43)) - raft.server.storage.dir = [/workdir/hadoop-ozone/tools/target/test-dir/MiniOzoneClusterImpl-48448ead-6be7-4ea0-abfc-19da8f63b657/datanode-3/data/ratis] (custom)
2019-09-12 11:49:54,948 [pool-60-thread-1] INFO  storage.RaftStorageDirectory (RaftStorageDirectory.java:analyzeStorage(246)) - The storage directory /workdir/hadoop-ozone/tools/target/test-dir/MiniOzoneClusterImpl-48448ead-6be7-4ea0-abfc-19da8f63b657/datanode-3/data/ratis/eb5f8845-1bcb-4b8e-be8a-bdd23e3da7da does not exist. Creating ...
2019-09-12 11:49:54,960 [pool-60-thread-1] INFO  storage.RaftStorageDirectory (RaftStorageDirectory.java:tryLock(328)) - Lock on /workdir/hadoop-ozone/tools/target/test-dir/MiniOzoneClusterImpl-48448ead-6be7-4ea0-abfc-19da8f63b657/datanode-3/data/ratis/eb5f8845-1bcb-4b8e-be8a-bdd23e3da7da/in_use.lock acquired by nodename 19442@pr-hdds-1569-58hkm-1881083799
2019-09-12 11:49:54,973 [pool-60-thread-1] INFO  storage.RaftStorage (RaftStorage.java:format(72)) - Storage directory /workdir/hadoop-ozone/tools/target/test-dir/MiniOzoneClusterImpl-48448ead-6be7-4ea0-abfc-19da8f63b657/datanode-3/data/ratis/eb5f8845-1bcb-4b8e-be8a-bdd23e3da7da has been successfully formatted.
2019-09-12 11:49:54,974 [pool-60-thread-1] INFO  ratis.ContainerStateMachine (ContainerStateMachine.java:loadSnapshot(226)) - group-BDD23E3DA7DA: The snapshot info is null. Setting the last applied indexto:(t:0, i:~)
2019-09-12 11:49:54,974 [pool-60-thread-1] INFO  server.RaftServerConfigKeys (ConfUtils.java:logGet(43)) - raft.server.leader.election.timeout = 120s (custom)
2019-09-12 11:49:54,974 [pool-60-thread-1] INFO  server.RaftServerConfigKeys (ConfUtils.java:logGet(43)) - raft.server.log.use.memory = false (default)
2019-09-12 11:49:54,974 [pool-60-thread-1] INFO  server.RaftServerConfigKeys (ConfUtils.java:logGet(43)) - raft.server.log.purge.gap = 1000000 (custom)
2019-09-12 11:49:54,975 [pool-60-thread-1] INFO  server.RaftServerConfigKeys (ConfUtils.java:logGet(43)) - raft.server.log.appender.buffer.byte-limit = 33554432 (custom)
2019-09-12 11:49:54,975 [pool-60-thread-1] INFO  server.RaftServerConfigKeys (ConfUtils.java:logGet(43)) - raft.server.log.segment.size.max = 1048576 (custom)
2019-09-12 11:49:54,975 [pool-60-thread-1] INFO  server.RaftServerConfigKeys (ConfUtils.java:logGet(43)) - raft.server.log.segment.cache.num.max = 2 (custom)
2019-09-12 11:49:54,975 [pool-60-thread-1] INFO  segmented.SegmentedRaftLogWorker (SegmentedRaftLogWorker.java:<init>(172)) - new 0a8d2c4a-df63-4751-9ec8-74f270f9c7ee-SegmentedRaftLogWorker:Storage Directory /workdir/hadoop-ozone/tools/target/test-dir/MiniOzoneClusterImpl-48448ead-6be7-4ea0-abfc-19da8f63b657/datanode-3/data/ratis/eb5f8845-1bcb-4b8e-be8a-bdd23e3da7da for RaftStorage:Storage Directory /workdir/hadoop-ozone/tools/target/test-dir/MiniOzoneClusterImpl-48448ead-6be7-4ea0-abfc-19da8f63b657/datanode-3/data/ratis/eb5f8845-1bcb-4b8e-be8a-bdd23e3da7da
2019-09-12 11:49:54,975 [pool-60-thread-1] INFO  server.RaftServerConfigKeys (ConfUtils.java:logGet(43)) - raft.server.log.queue.byte-limit = 2147483647 (custom)
2019-09-12 11:49:54,976 [pool-60-thread-1] INFO  server.RaftServerConfigKeys (ConfUtils.java:logGet(43)) - raft.server.log.queue.element-limit = 1024 (custom)
2019-09-12 11:49:54,976 [pool-60-thread-1] INFO  server.RaftServerConfigKeys (ConfUtils.java:logGet(43)) - raft.server.log.segment.size.max = 1048576 (custom)
2019-09-12 11:49:54,976 [pool-60-thread-1] INFO  server.RaftServerConfigKeys (ConfUtils.java:logGet(43)) - raft.server.log.preallocated.size = 16384 (custom)
2019-09-12 11:49:54,976 [pool-60-thread-1] INFO  server.RaftServerConfigKeys (ConfUtils.java:logGet(43)) - raft.server.log.write.buffer.size = 33554432 (custom)
2019-09-12 11:49:54,976 [pool-60-thread-1] INFO  server.RaftServerConfigKeys (ConfUtils.java:logGet(43)) - raft.server.log.force.sync.num = 128 (default)
2019-09-12 11:49:54,976 [pool-60-thread-1] INFO  server.RaftServerConfigKeys (ConfUtils.java:logGet(43)) - raft.server.log.statemachine.data.sync = true (default)
2019-09-12 11:49:54,977 [pool-60-thread-1] INFO  server.RaftServerConfigKeys (ConfUtils.java:logGet(43)) - raft.server.log.statemachine.data.sync.timeout = 10s (default)
2019-09-12 11:49:54,977 [pool-60-thread-1] INFO  server.RaftServerConfigKeys (ConfUtils.java:logGet(43)) - raft.server.log.statemachine.data.sync.timeout.retry = -1 (default)
2019-09-12 11:49:54,977 [pool-60-thread-1] INFO  server.RaftServerConfigKeys (ConfUtils.java:logGet(43)) - raft.server.log.statemachine.data.caching.enabled = true (custom)
2019-09-12 11:49:54,977 [pool-60-thread-1] INFO  segmented.SegmentedRaftLogWorker (SegmentedRaftLogWorker.java:lambda$new$0(132)) - 0a8d2c4a-df63-4751-9ec8-74f270f9c7ee-SegmentedRaftLogWorker:Storage Directory /workdir/hadoop-ozone/tools/target/test-dir/MiniOzoneClusterImpl-48448ead-6be7-4ea0-abfc-19da8f63b657/datanode-3/data/ratis/eb5f8845-1bcb-4b8e-be8a-bdd23e3da7da: flushIndex: setUnconditionally 0 -> -1
2019-09-12 11:49:54,978 [pool-60-thread-1] INFO  server.RaftServerConfigKeys (ConfUtils.java:logGet(43)) - raft.server.snapshot.auto.trigger.enabled = true (custom)
2019-09-12 11:49:54,978 [pool-60-thread-1] INFO  server.RaftServerConfigKeys (ConfUtils.java:logGet(43)) - raft.server.snapshot.auto.trigger.threshold = 10000 (custom)
2019-09-12 11:49:54,978 [pool-60-thread-1] INFO  server.RaftServerConfigKeys (ConfUtils.java:logGet(43)) - raft.server.retrycache.expirytime = 600000ms (custom)
2019-09-12 11:49:54,978 [pool-60-thread-1] INFO  impl.RaftServerImpl (RaftServerImpl.java:start(180)) - 0a8d2c4a-df63-4751-9ec8-74f270f9c7ee: start group-BDD23E3DA7DA
2019-09-12 11:49:54,978 [pool-60-thread-1] INFO  impl.RaftServerImpl (RaftServerImpl.java:setRole(171)) - 0a8d2c4a-df63-4751-9ec8-74f270f9c7ee:group-BDD23E3DA7DA changes role from null to FOLLOWER at term 0 for startAsFollower
2019-09-12 11:49:54,979 [pool-60-thread-1] INFO  impl.RoleInfo (RoleInfo.java:updateAndGet(143)) - 0a8d2c4a-df63-4751-9ec8-74f270f9c7ee: start FollowerState
2019-09-12 11:49:54,979 [pool-60-thread-1] INFO  util.JmxRegister (JmxRegister.java:tryRegister(44)) - Successfully registered JMX Bean with object name Ratis:service=RaftServer,group=group-BDD23E3DA7DA,id=0a8d2c4a-df63-4751-9ec8-74f270f9c7ee
2019-09-12 11:49:54,984 [RatisPipelineUtilsThread] INFO  pipeline.PipelineStateManager (PipelineStateManager.java:addPipeline(56)) - Created pipeline Pipeline[ Id: eb5f8845-1bcb-4b8e-be8a-bdd23e3da7da, Nodes: 0a8d2c4a-df63-4751-9ec8-74f270f9c7ee{ip: 192.168.36.114, host: pr-hdds-1569-58hkm-1881083799, networkLocation: /default-rack, certSerialId: null}, Type:RATIS, Factor:ONE, State:OPEN]
2019-09-12 11:49:54,986 [RatisPipelineUtilsThread] ERROR pipeline.PipelinePlacementPolicy (PipelinePlacementPolicy.java:meetCriteria(92)) - Pipeline Placement: Doesn't meet the criteria to be viable node. Heaviness: 6
2019-09-12 11:49:54,986 [RatisPipelineUtilsThread] ERROR pipeline.PipelinePlacementPolicy (PipelinePlacementPolicy.java:meetCriteria(92)) - Pipeline Placement: Doesn't meet the criteria to be viable node. Heaviness: 6
2019-09-12 11:49:54,986 [RatisPipelineUtilsThread] ERROR pipeline.PipelinePlacementPolicy (PipelinePlacementPolicy.java:meetCriteria(92)) - Pipeline Placement: Doesn't meet the criteria to be viable node. Heaviness: 6
2019-09-12 11:49:54,986 [RatisPipelineUtilsThread] ERROR pipeline.PipelinePlacementPolicy (PipelinePlacementPolicy.java:meetCriteria(92)) - Pipeline Placement: Doesn't meet the criteria to be viable node. Heaviness: 6
2019-09-12 11:49:54,986 [RatisPipelineUtilsThread] ERROR pipeline.PipelinePlacementPolicy (PipelinePlacementPolicy.java:meetCriteria(92)) - Pipeline Placement: Doesn't meet the criteria to be viable node. Heaviness: 6
2019-09-12 11:49:54,987 [RatisPipelineUtilsThread] ERROR pipeline.PipelinePlacementPolicy (PipelinePlacementPolicy.java:filterViableNodes(147)) - Unable to find enough nodes that meet the criteria that cannot engage in more than 5 pipelines. Nodes required: 1 Found: 0, healthy nodes count inNodeManager: 5.
2019-09-12 11:49:54,988 [RatisPipelineUtilsThread] ERROR pipeline.SCMPipelineManager (SCMPipelineManager.java:createPipeline(161)) - Pipeline creation failed due to exception: Unable to find enough nodes that meet the criteria that cannot engage in more than 5 pipelines. Nodes required: 1 Found: 0, healthy nodes count inNodeManager: 5.
2019-09-12 11:49:54,988 [RatisPipelineUtilsThread] ERROR pipeline.PipelinePlacementPolicy (PipelinePlacementPolicy.java:meetCriteria(92)) - Pipeline Placement: Doesn't meet the criteria to be viable node. Heaviness: 6
2019-09-12 11:49:54,989 [RatisPipelineUtilsThread] ERROR pipeline.PipelinePlacementPolicy (PipelinePlacementPolicy.java:meetCriteria(92)) - Pipeline Placement: Doesn't meet the criteria to be viable node. Heaviness: 6
2019-09-12 11:49:54,989 [RatisPipelineUtilsThread] ERROR pipeline.PipelinePlacementPolicy (PipelinePlacementPolicy.java:meetCriteria(92)) - Pipeline Placement: Doesn't meet the criteria to be viable node. Heaviness: 6
2019-09-12 11:49:54,989 [RatisPipelineUtilsThread] ERROR pipeline.PipelinePlacementPolicy (PipelinePlacementPolicy.java:meetCriteria(92)) - Pipeline Placement: Doesn't meet the criteria to be viable node. Heaviness: 6
2019-09-12 11:49:54,989 [RatisPipelineUtilsThread] ERROR pipeline.PipelinePlacementPolicy (PipelinePlacementPolicy.java:meetCriteria(92)) - Pipeline Placement: Doesn't meet the criteria to be viable node. Heaviness: 6
2019-09-12 11:49:54,989 [RatisPipelineUtilsThread] ERROR pipeline.PipelinePlacementPolicy (PipelinePlacementPolicy.java:filterViableNodes(147)) - Unable to find enough nodes that meet the criteria that cannot engage in more than 5 pipelines. Nodes required: 3 Found: 0, healthy nodes count inNodeManager: 5.
2019-09-12 11:49:54,989 [RatisPipelineUtilsThread] ERROR pipeline.SCMPipelineManager (SCMPipelineManager.java:createPipeline(161)) - Pipeline creation failed due to exception: Unable to find enough nodes that meet the criteria that cannot engage in more than 5 pipelines. Nodes required: 3 Found: 0, healthy nodes count inNodeManager: 5.
2019-09-12 11:49:54,991 [RatisPipelineUtilsThread] ERROR pipeline.PipelinePlacementPolicy (PipelinePlacementPolicy.java:meetCriteria(92)) - Pipeline Placement: Doesn't meet the criteria to be viable node. Heaviness: 6
2019-09-12 11:49:54,991 [RatisPipelineUtilsThread] ERROR pipeline.PipelinePlacementPolicy (PipelinePlacementPolicy.java:meetCriteria(92)) - Pipeline Placement: Doesn't meet the criteria to be viable node. Heaviness: 6
2019-09-12 11:49:54,992 [RatisPipelineUtilsThread] ERROR pipeline.PipelinePlacementPolicy (PipelinePlacementPolicy.java:meetCriteria(92)) - Pipeline Placement: Doesn't meet the criteria to be viable node. Heaviness: 6
2019-09-12 11:49:54,992 [RatisPipelineUtilsThread] ERROR pipeline.PipelinePlacementPolicy (PipelinePlacementPolicy.java:meetCriteria(92)) - Pipeline Placement: Doesn't meet the criteria to be viable node. Heaviness: 6
2019-09-12 11:49:54,992 [RatisPipelineUtilsThread] ERROR pipeline.PipelinePlacementPolicy (PipelinePlacementPolicy.java:meetCriteria(92)) - Pipeline Placement: Doesn't meet the criteria to be viable node. Heaviness: 6
2019-09-12 11:49:54,992 [RatisPipelineUtilsThread] ERROR pipeline.PipelinePlacementPolicy (PipelinePlacementPolicy.java:filterViableNodes(147)) - Unable to find enough nodes that meet the criteria that cannot engage in more than 5 pipelines. Nodes required: 1 Found: 0, healthy nodes count inNodeManager: 5.
2019-09-12 11:49:54,992 [RatisPipelineUtilsThread] ERROR pipeline.SCMPipelineManager (SCMPipelineManager.java:createPipeline(161)) - Pipeline creation failed due to exception: Unable to find enough nodes that meet the criteria that cannot engage in more than 5 pipelines. Nodes required: 1 Found: 0, healthy nodes count inNodeManager: 5.
2019-09-12 11:49:54,992 [RatisPipelineUtilsThread] ERROR pipeline.PipelinePlacementPolicy (PipelinePlacementPolicy.java:meetCriteria(92)) - Pipeline Placement: Doesn't meet the criteria to be viable node. Heaviness: 6
2019-09-12 11:49:54,993 [RatisPipelineUtilsThread] ERROR pipeline.PipelinePlacementPolicy (PipelinePlacementPolicy.java:meetCriteria(92)) - Pipeline Placement: Doesn't meet the criteria to be viable node. Heaviness: 6
2019-09-12 11:49:54,993 [RatisPipelineUtilsThread] ERROR pipeline.PipelinePlacementPolicy (PipelinePlacementPolicy.java:meetCriteria(92)) - Pipeline Placement: Doesn't meet the criteria to be viable node. Heaviness: 6
2019-09-12 11:49:54,993 [RatisPipelineUtilsThread] ERROR pipeline.PipelinePlacementPolicy (PipelinePlacementPolicy.java:meetCriteria(92)) - Pipeline Placement: Doesn't meet the criteria to be viable node. Heaviness: 6
2019-09-12 11:49:54,993 [RatisPipelineUtilsThread] ERROR pipeline.PipelinePlacementPolicy (PipelinePlacementPolicy.java:meetCriteria(92)) - Pipeline Placement: Doesn't meet the criteria to be viable node. Heaviness: 6
2019-09-12 11:49:54,993 [RatisPipelineUtilsThread] ERROR pipeline.PipelinePlacementPolicy (PipelinePlacementPolicy.java:filterViableNodes(147)) - Unable to find enough nodes that meet the criteria that cannot engage in more than 5 pipelines. Nodes required: 3 Found: 0, healthy nodes count inNodeManager: 5.
2019-09-12 11:49:54,993 [RatisPipelineUtilsThread] ERROR pipeline.SCMPipelineManager (SCMPipelineManager.java:createPipeline(161)) - Pipeline creation failed due to exception: Unable to find enough nodes that meet the criteria that cannot engage in more than 5 pipelines. Nodes required: 3 Found: 0, healthy nodes count inNodeManager: 5.
2019-09-12 11:49:54,994 [IPC Server handler 0 on 42745] ERROR pipeline.PipelinePlacementPolicy (PipelinePlacementPolicy.java:meetCriteria(92)) - Pipeline Placement: Doesn't meet the criteria to be viable node. Heaviness: 6
2019-09-12 11:49:54,994 [IPC Server handler 0 on 42745] ERROR pipeline.PipelinePlacementPolicy (PipelinePlacementPolicy.java:meetCriteria(92)) - Pipeline Placement: Doesn't meet the criteria to be viable node. Heaviness: 6
2019-09-12 11:49:54,994 [IPC Server handler 0 on 42745] ERROR pipeline.PipelinePlacementPolicy (PipelinePlacementPolicy.java:meetCriteria(92)) - Pipeline Placement: Doesn't meet the criteria to be viable node. Heaviness: 6
2019-09-12 11:49:54,994 [IPC Server handler 0 on 42745] ERROR pipeline.PipelinePlacementPolicy (PipelinePlacementPolicy.java:meetCriteria(92)) - Pipeline Placement: Doesn't meet the criteria to be viable node. Heaviness: 6
2019-09-12 11:49:54,995 [IPC Server handler 0 on 42745] ERROR pipeline.PipelinePlacementPolicy (PipelinePlacementPolicy.java:meetCriteria(92)) - Pipeline Placement: Doesn't meet the criteria to be viable node. Heaviness: 6
2019-09-12 11:49:54,995 [IPC Server handler 0 on 42745] ERROR pipeline.PipelinePlacementPolicy (PipelinePlacementPolicy.java:filterViableNodes(147)) - Unable to find enough nodes that meet the criteria that cannot engage in more than 5 pipelines. Nodes required: 3 Found: 0, healthy nodes count inNodeManager: 5.
2019-09-12 11:49:54,995 [IPC Server handler 0 on 42745] ERROR pipeline.SCMPipelineManager (SCMPipelineManager.java:createPipeline(161)) - Pipeline creation failed due to exception: Unable to find enough nodes that meet the criteria that cannot engage in more than 5 pipelines. Nodes required: 3 Found: 0, healthy nodes count inNodeManager: 5.
2019-09-12 11:49:54,997 [IPC Server handler 0 on 42745] WARN  block.BlockManagerImpl (BlockManagerImpl.java:allocateBlock(192)) - Pipeline creation failed for type:RATIS factor:THREE. Retrying get pipelines call once.
org.apache.hadoop.hdds.scm.exceptions.SCMException: Unable to find enough nodes that meet the criteria that cannot engage in more than 5 pipelines. Nodes required: 3 Found: 0, healthy nodes count inNodeManager: 5.
	at org.apache.hadoop.hdds.scm.pipeline.PipelinePlacementPolicy.filterViableNodes(PipelinePlacementPolicy.java:148)
	at org.apache.hadoop.hdds.scm.pipeline.PipelinePlacementPolicy.chooseDatanodes(PipelinePlacementPolicy.java:171)
	at org.apache.hadoop.hdds.scm.pipeline.RatisPipelineProvider.create(RatisPipelineProvider.java:100)
	at org.apache.hadoop.hdds.scm.pipeline.PipelineFactory.create(PipelineFactory.java:57)
	at org.apache.hadoop.hdds.scm.pipeline.SCMPipelineManager.createPipeline(SCMPipelineManager.java:149)
	at org.apache.hadoop.hdds.scm.block.BlockManagerImpl.allocateBlock(BlockManagerImpl.java:190)
	at org.apache.hadoop.hdds.scm.server.SCMBlockProtocolServer.allocateBlock(SCMBlockProtocolServer.java:175)
	at org.apache.hadoop.ozone.protocolPB.ScmBlockLocationProtocolServerSideTranslatorPB.allocateScmBlock(ScmBlockLocationProtocolServerSideTranslatorPB.java:153)
	at org.apache.hadoop.ozone.protocolPB.ScmBlockLocationProtocolServerSideTranslatorPB.send(ScmBlockLocationProtocolServerSideTranslatorPB.java:112)
	at org.apache.hadoop.hdds.protocol.proto.ScmBlockLocationProtocolProtos$ScmBlockLocationProtocolService$2.callBlockingMethod(ScmBlockLocationProtocolProtos.java:13157)
	at org.apache.hadoop.ipc.ProtobufRpcEngine$Server$ProtoBufRpcInvoker.call(ProtobufRpcEngine.java:524)
	at org.apache.hadoop.ipc.RPC$Server.call(RPC.java:1025)
	at org.apache.hadoop.ipc.Server$RpcCall.run(Server.java:876)
	at org.apache.hadoop.ipc.Server$RpcCall.run(Server.java:822)
	at java.security.AccessController.doPrivileged(Native Method)
	at javax.security.auth.Subject.doAs(Subject.java:422)
	at org.apache.hadoop.security.UserGroupInformation.doAs(UserGroupInformation.java:1730)
	at org.apache.hadoop.ipc.Server$Handler.run(Server.java:2682)
2019-09-12 11:49:54,999 [IPC Server handler 0 on 42745] INFO  block.BlockManagerImpl (BlockManagerImpl.java:allocateBlock(198)) - Could not find available pipeline of type:RATIS and factor:THREE even after retrying
2019-09-12 11:49:54,999 [IPC Server handler 0 on 42745] ERROR block.BlockManagerImpl (BlockManagerImpl.java:allocateBlock(222)) - Unable to allocate a block for the size: 4194304, type: RATIS, factor: THREE
2019-09-12 11:49:55,000 [IPC Server handler 0 on 42745] ERROR pipeline.PipelinePlacementPolicy (PipelinePlacementPolicy.java:meetCriteria(92)) - Pipeline Placement: Doesn't meet the criteria to be viable node. Heaviness: 6
2019-09-12 11:49:55,000 [IPC Server handler 0 on 42745] ERROR pipeline.PipelinePlacementPolicy (PipelinePlacementPolicy.java:meetCriteria(92)) - Pipeline Placement: Doesn't meet the criteria to be viable node. Heaviness: 6
2019-09-12 11:49:55,000 [IPC Server handler 0 on 42745] ERROR pipeline.PipelinePlacementPolicy (PipelinePlacementPolicy.java:meetCriteria(92)) - Pipeline Placement: Doesn't meet the criteria to be viable node. Heaviness: 6
2019-09-12 11:49:55,001 [IPC Server handler 0 on 42745] ERROR pipeline.PipelinePlacementPolicy (PipelinePlacementPolicy.java:meetCriteria(92)) - Pipeline Placement: Doesn't meet the criteria to be viable node. Heaviness: 6
2019-09-12 11:49:55,001 [IPC Server handler 0 on 42745] ERROR pipeline.PipelinePlacementPolicy (PipelinePlacementPolicy.java:meetCriteria(92)) - Pipeline Placement: Doesn't meet the criteria to be viable node. Heaviness: 6
2019-09-12 11:49:55,001 [IPC Server handler 0 on 42745] ERROR pipeline.PipelinePlacementPolicy (PipelinePlacementPolicy.java:filterViableNodes(147)) - Unable to find enough nodes that meet the criteria that cannot engage in more than 5 pipelines. Nodes required: 3 Found: 0, healthy nodes count inNodeManager: 5.
2019-09-12 11:49:55,001 [IPC Server handler 0 on 42745] ERROR pipeline.SCMPipelineManager (SCMPipelineManager.java:createPipeline(161)) - Pipeline creation failed due to exception: Unable to find enough nodes that meet the criteria that cannot engage in more than 5 pipelines. Nodes required: 3 Found: 0, healthy nodes count inNodeManager: 5.
2019-09-12 11:49:55,001 [IPC Server handler 0 on 42745] WARN  block.BlockManagerImpl (BlockManagerImpl.java:allocateBlock(192)) - Pipeline creation failed for type:RATIS factor:THREE. Retrying get pipelines call once.
org.apache.hadoop.hdds.scm.exceptions.SCMException: Unable to find enough nodes that meet the criteria that cannot engage in more than 5 pipelines. Nodes required: 3 Found: 0, healthy nodes count inNodeManager: 5.
	at org.apache.hadoop.hdds.scm.pipeline.PipelinePlacementPolicy.filterViableNodes(PipelinePlacementPolicy.java:148)
	at org.apache.hadoop.hdds.scm.pipeline.PipelinePlacementPolicy.chooseDatanodes(PipelinePlacementPolicy.java:171)
	at org.apache.hadoop.hdds.scm.pipeline.RatisPipelineProvider.create(RatisPipelineProvider.java:100)
	at org.apache.hadoop.hdds.scm.pipeline.PipelineFactory.create(PipelineFactory.java:57)
	at org.apache.hadoop.hdds.scm.pipeline.SCMPipelineManager.createPipeline(SCMPipelineManager.java:149)
	at org.apache.hadoop.hdds.scm.block.BlockManagerImpl.allocateBlock(BlockManagerImpl.java:190)
	at org.apache.hadoop.hdds.scm.server.SCMBlockProtocolServer.allocateBlock(SCMBlockProtocolServer.java:175)
	at org.apache.hadoop.ozone.protocolPB.ScmBlockLocationProtocolServerSideTranslatorPB.allocateScmBlock(ScmBlockLocationProtocolServerSideTranslatorPB.java:153)
	at org.apache.hadoop.ozone.protocolPB.ScmBlockLocationProtocolServerSideTranslatorPB.send(ScmBlockLocationProtocolServerSideTranslatorPB.java:112)
	at org.apache.hadoop.hdds.protocol.proto.ScmBlockLocationProtocolProtos$ScmBlockLocationProtocolService$2.callBlockingMethod(ScmBlockLocationProtocolProtos.java:13157)
	at org.apache.hadoop.ipc.ProtobufRpcEngine$Server$ProtoBufRpcInvoker.call(ProtobufRpcEngine.java:524)
	at org.apache.hadoop.ipc.RPC$Server.call(RPC.java:1025)
	at org.apache.hadoop.ipc.Server$RpcCall.run(Server.java:876)
	at org.apache.hadoop.ipc.Server$RpcCall.run(Server.java:822)
	at java.security.AccessController.doPrivileged(Native Method)
	at javax.security.auth.Subject.doAs(Subject.java:422)
	at org.apache.hadoop.security.UserGroupInformation.doAs(UserGroupInformation.java:1730)
	at org.apache.hadoop.ipc.Server$Handler.run(Server.java:2682)
2019-09-12 11:49:55,002 [IPC Server handler 0 on 42745] INFO  block.BlockManagerImpl (BlockManagerImpl.java:allocateBlock(198)) - Could not find available pipeline of type:RATIS and factor:THREE even after retrying
2019-09-12 11:49:55,002 [IPC Server handler 0 on 42745] ERROR block.BlockManagerImpl (BlockManagerImpl.java:allocateBlock(222)) - Unable to allocate a block for the size: 4194304, type: RATIS, factor: THREE
2019-09-12 11:49:55,003 [IPC Server handler 0 on 42745] ERROR pipeline.PipelinePlacementPolicy (PipelinePlacementPolicy.java:meetCriteria(92)) - Pipeline Placement: Doesn't meet the criteria to be viable node. Heaviness: 6
2019-09-12 11:49:55,003 [IPC Server handler 0 on 42745] ERROR pipeline.PipelinePlacementPolicy (PipelinePlacementPolicy.java:meetCriteria(92)) - Pipeline Placement: Doesn't meet the criteria to be viable node. Heaviness: 6
2019-09-12 11:49:55,003 [IPC Server handler 0 on 42745] ERROR pipeline.PipelinePlacementPolicy (PipelinePlacementPolicy.java:meetCriteria(92)) - Pipeline Placement: Doesn't meet the criteria to be viable node. Heaviness: 6
2019-09-12 11:49:55,003 [IPC Server handler 0 on 42745] ERROR pipeline.PipelinePlacementPolicy (PipelinePlacementPolicy.java:meetCriteria(92)) - Pipeline Placement: Doesn't meet the criteria to be viable node. Heaviness: 6
2019-09-12 11:49:55,004 [IPC Server handler 0 on 42745] ERROR pipeline.PipelinePlacementPolicy (PipelinePlacementPolicy.java:meetCriteria(92)) - Pipeline Placement: Doesn't meet the criteria to be viable node. Heaviness: 6
2019-09-12 11:49:55,004 [IPC Server handler 0 on 42745] ERROR pipeline.PipelinePlacementPolicy (PipelinePlacementPolicy.java:filterViableNodes(147)) - Unable to find enough nodes that meet the criteria that cannot engage in more than 5 pipelines. Nodes required: 3 Found: 0, healthy nodes count inNodeManager: 5.
2019-09-12 11:49:55,004 [IPC Server handler 0 on 42745] ERROR pipeline.SCMPipelineManager (SCMPipelineManager.java:createPipeline(161)) - Pipeline creation failed due to exception: Unable to find enough nodes that meet the criteria that cannot engage in more than 5 pipelines. Nodes required: 3 Found: 0, healthy nodes count inNodeManager: 5.
2019-09-12 11:49:55,004 [IPC Server handler 0 on 42745] WARN  block.BlockManagerImpl (BlockManagerImpl.java:allocateBlock(192)) - Pipeline creation failed for type:RATIS factor:THREE. Retrying get pipelines call once.
org.apache.hadoop.hdds.scm.exceptions.SCMException: Unable to find enough nodes that meet the criteria that cannot engage in more than 5 pipelines. Nodes required: 3 Found: 0, healthy nodes count inNodeManager: 5.
	at org.apache.hadoop.hdds.scm.pipeline.PipelinePlacementPolicy.filterViableNodes(PipelinePlacementPolicy.java:148)
	at org.apache.hadoop.hdds.scm.pipeline.PipelinePlacementPolicy.chooseDatanodes(PipelinePlacementPolicy.java:171)
	at org.apache.hadoop.hdds.scm.pipeline.RatisPipelineProvider.create(RatisPipelineProvider.java:100)
	at org.apache.hadoop.hdds.scm.pipeline.PipelineFactory.create(PipelineFactory.java:57)
	at org.apache.hadoop.hdds.scm.pipeline.SCMPipelineManager.createPipeline(SCMPipelineManager.java:149)
	at org.apache.hadoop.hdds.scm.block.BlockManagerImpl.allocateBlock(BlockManagerImpl.java:190)
	at org.apache.hadoop.hdds.scm.server.SCMBlockProtocolServer.allocateBlock(SCMBlockProtocolServer.java:175)
	at org.apache.hadoop.ozone.protocolPB.ScmBlockLocationProtocolServerSideTranslatorPB.allocateScmBlock(ScmBlockLocationProtocolServerSideTranslatorPB.java:153)
	at org.apache.hadoop.ozone.protocolPB.ScmBlockLocationProtocolServerSideTranslatorPB.send(ScmBlockLocationProtocolServerSideTranslatorPB.java:112)
	at org.apache.hadoop.hdds.protocol.proto.ScmBlockLocationProtocolProtos$ScmBlockLocationProtocolService$2.callBlockingMethod(ScmBlockLocationProtocolProtos.java:13157)
	at org.apache.hadoop.ipc.ProtobufRpcEngine$Server$ProtoBufRpcInvoker.call(ProtobufRpcEngine.java:524)
	at org.apache.hadoop.ipc.RPC$Server.call(RPC.java:1025)
	at org.apache.hadoop.ipc.Server$RpcCall.run(Server.java:876)
	at org.apache.hadoop.ipc.Server$RpcCall.run(Server.java:822)
	at java.security.AccessController.doPrivileged(Native Method)
	at javax.security.auth.Subject.doAs(Subject.java:422)
	at org.apache.hadoop.security.UserGroupInformation.doAs(UserGroupInformation.java:1730)
	at org.apache.hadoop.ipc.Server$Handler.run(Server.java:2682)
2019-09-12 11:49:55,005 [IPC Server handler 0 on 42745] INFO  block.BlockManagerImpl (BlockManagerImpl.java:allocateBlock(198)) - Could not find available pipeline of type:RATIS and factor:THREE even after retrying
2019-09-12 11:49:55,005 [IPC Server handler 0 on 42745] ERROR block.BlockManagerImpl (BlockManagerImpl.java:allocateBlock(222)) - Unable to allocate a block for the size: 4194304, type: RATIS, factor: THREE
2019-09-12 11:49:55,006 [IPC Server handler 0 on 42745] ERROR pipeline.PipelinePlacementPolicy (PipelinePlacementPolicy.java:meetCriteria(92)) - Pipeline Placement: Doesn't meet the criteria to be viable node. Heaviness: 6
2019-09-12 11:49:55,006 [IPC Server handler 0 on 42745] ERROR pipeline.PipelinePlacementPolicy (PipelinePlacementPolicy.java:meetCriteria(92)) - Pipeline Placement: Doesn't meet the criteria to be viable node. Heaviness: 6
2019-09-12 11:49:55,006 [IPC Server handler 0 on 42745] ERROR pipeline.PipelinePlacementPolicy (PipelinePlacementPolicy.java:meetCriteria(92)) - Pipeline Placement: Doesn't meet the criteria to be viable node. Heaviness: 6
2019-09-12 11:49:55,006 [IPC Server handler 0 on 42745] ERROR pipeline.PipelinePlacementPolicy (PipelinePlacementPolicy.java:meetCriteria(92)) - Pipeline Placement: Doesn't meet the criteria to be viable node. Heaviness: 6
2019-09-12 11:49:55,006 [IPC Server handler 0 on 42745] ERROR pipeline.PipelinePlacementPolicy (PipelinePlacementPolicy.java:meetCriteria(92)) - Pipeline Placement: Doesn't meet the criteria to be viable node. Heaviness: 6
2019-09-12 11:49:55,007 [IPC Server handler 0 on 42745] ERROR pipeline.PipelinePlacementPolicy (PipelinePlacementPolicy.java:filterViableNodes(147)) - Unable to find enough nodes that meet the criteria that cannot engage in more than 5 pipelines. Nodes required: 3 Found: 0, healthy nodes count inNodeManager: 5.
2019-09-12 11:49:55,007 [IPC Server handler 0 on 42745] ERROR pipeline.SCMPipelineManager (SCMPipelineManager.java:createPipeline(161)) - Pipeline creation failed due to exception: Unable to find enough nodes that meet the criteria that cannot engage in more than 5 pipelines. Nodes required: 3 Found: 0, healthy nodes count inNodeManager: 5.
2019-09-12 11:49:55,007 [IPC Server handler 0 on 42745] WARN  block.BlockManagerImpl (BlockManagerImpl.java:allocateBlock(192)) - Pipeline creation failed for type:RATIS factor:THREE. Retrying get pipelines call once.
org.apache.hadoop.hdds.scm.exceptions.SCMException: Unable to find enough nodes that meet the criteria that cannot engage in more than 5 pipelines. Nodes required: 3 Found: 0, healthy nodes count inNodeManager: 5.
	at org.apache.hadoop.hdds.scm.pipeline.PipelinePlacementPolicy.filterViableNodes(PipelinePlacementPolicy.java:148)
	at org.apache.hadoop.hdds.scm.pipeline.PipelinePlacementPolicy.chooseDatanodes(PipelinePlacementPolicy.java:171)
	at org.apache.hadoop.hdds.scm.pipeline.RatisPipelineProvider.create(RatisPipelineProvider.java:100)
	at org.apache.hadoop.hdds.scm.pipeline.PipelineFactory.create(PipelineFactory.java:57)
	at org.apache.hadoop.hdds.scm.pipeline.SCMPipelineManager.createPipeline(SCMPipelineManager.java:149)
	at org.apache.hadoop.hdds.scm.block.BlockManagerImpl.allocateBlock(BlockManagerImpl.java:190)
	at org.apache.hadoop.hdds.scm.server.SCMBlockProtocolServer.allocateBlock(SCMBlockProtocolServer.java:175)
	at org.apache.hadoop.ozone.protocolPB.ScmBlockLocationProtocolServerSideTranslatorPB.allocateScmBlock(ScmBlockLocationProtocolServerSideTranslatorPB.java:153)
	at org.apache.hadoop.ozone.protocolPB.ScmBlockLocationProtocolServerSideTranslatorPB.send(ScmBlockLocationProtocolServerSideTranslatorPB.java:112)
	at org.apache.hadoop.hdds.protocol.proto.ScmBlockLocationProtocolProtos$ScmBlockLocationProtocolService$2.callBlockingMethod(ScmBlockLocationProtocolProtos.java:13157)
	at org.apache.hadoop.ipc.ProtobufRpcEngine$Server$ProtoBufRpcInvoker.call(ProtobufRpcEngine.java:524)
	at org.apache.hadoop.ipc.RPC$Server.call(RPC.java:1025)
	at org.apache.hadoop.ipc.Server$RpcCall.run(Server.java:876)
	at org.apache.hadoop.ipc.Server$RpcCall.run(Server.java:822)
	at java.security.AccessController.doPrivileged(Native Method)
	at javax.security.auth.Subject.doAs(Subject.java:422)
	at org.apache.hadoop.security.UserGroupInformation.doAs(UserGroupInformation.java:1730)
	at org.apache.hadoop.ipc.Server$Handler.run(Server.java:2682)
2019-09-12 11:49:55,008 [IPC Server handler 0 on 42745] INFO  block.BlockManagerImpl (BlockManagerImpl.java:allocateBlock(198)) - Could not find available pipeline of type:RATIS and factor:THREE even after retrying
2019-09-12 11:49:55,008 [IPC Server handler 0 on 42745] ERROR block.BlockManagerImpl (BlockManagerImpl.java:allocateBlock(222)) - Unable to allocate a block for the size: 4194304, type: RATIS, factor: THREE
2019-09-12 11:49:55,008 [IPC Server handler 0 on 42745] ERROR pipeline.PipelinePlacementPolicy (PipelinePlacementPolicy.java:meetCriteria(92)) - Pipeline Placement: Doesn't meet the criteria to be viable node. Heaviness: 6
2019-09-12 11:49:55,008 [IPC Server handler 0 on 42745] ERROR pipeline.PipelinePlacementPolicy (PipelinePlacementPolicy.java:meetCriteria(92)) - Pipeline Placement: Doesn't meet the criteria to be viable node. Heaviness: 6
2019-09-12 11:49:55,009 [IPC Server handler 0 on 42745] ERROR pipeline.PipelinePlacementPolicy (PipelinePlacementPolicy.java:meetCriteria(92)) - Pipeline Placement: Doesn't meet the criteria to be viable node. Heaviness: 6
2019-09-12 11:49:55,009 [IPC Server handler 0 on 42745] ERROR pipeline.PipelinePlacementPolicy (PipelinePlacementPolicy.java:meetCriteria(92)) - Pipeline Placement: Doesn't meet the criteria to be viable node. Heaviness: 6
2019-09-12 11:49:55,009 [IPC Server handler 0 on 42745] ERROR pipeline.PipelinePlacementPolicy (PipelinePlacementPolicy.java:meetCriteria(92)) - Pipeline Placement: Doesn't meet the criteria to be viable node. Heaviness: 6
2019-09-12 11:49:55,009 [IPC Server handler 0 on 42745] ERROR pipeline.PipelinePlacementPolicy (PipelinePlacementPolicy.java:filterViableNodes(147)) - Unable to find enough nodes that meet the criteria that cannot engage in more than 5 pipelines. Nodes required: 3 Found: 0, healthy nodes count inNodeManager: 5.
2019-09-12 11:49:55,009 [IPC Server handler 0 on 42745] ERROR pipeline.SCMPipelineManager (SCMPipelineManager.java:createPipeline(161)) - Pipeline creation failed due to exception: Unable to find enough nodes that meet the criteria that cannot engage in more than 5 pipelines. Nodes required: 3 Found: 0, healthy nodes count inNodeManager: 5.
2019-09-12 11:49:55,010 [IPC Server handler 0 on 42745] WARN  block.BlockManagerImpl (BlockManagerImpl.java:allocateBlock(192)) - Pipeline creation failed for type:RATIS factor:THREE. Retrying get pipelines call once.
org.apache.hadoop.hdds.scm.exceptions.SCMException: Unable to find enough nodes that meet the criteria that cannot engage in more than 5 pipelines. Nodes required: 3 Found: 0, healthy nodes count inNodeManager: 5.
	at org.apache.hadoop.hdds.scm.pipeline.PipelinePlacementPolicy.filterViableNodes(PipelinePlacementPolicy.java:148)
	at org.apache.hadoop.hdds.scm.pipeline.PipelinePlacementPolicy.chooseDatanodes(PipelinePlacementPolicy.java:171)
	at org.apache.hadoop.hdds.scm.pipeline.RatisPipelineProvider.create(RatisPipelineProvider.java:100)
	at org.apache.hadoop.hdds.scm.pipeline.PipelineFactory.create(PipelineFactory.java:57)
	at org.apache.hadoop.hdds.scm.pipeline.SCMPipelineManager.createPipeline(SCMPipelineManager.java:149)
	at org.apache.hadoop.hdds.scm.block.BlockManagerImpl.allocateBlock(BlockManagerImpl.java:190)
	at org.apache.hadoop.hdds.scm.server.SCMBlockProtocolServer.allocateBlock(SCMBlockProtocolServer.java:175)
	at org.apache.hadoop.ozone.protocolPB.ScmBlockLocationProtocolServerSideTranslatorPB.allocateScmBlock(ScmBlockLocationProtocolServerSideTranslatorPB.java:153)
	at org.apache.hadoop.ozone.protocolPB.ScmBlockLocationProtocolServerSideTranslatorPB.send(ScmBlockLocationProtocolServerSideTranslatorPB.java:112)
	at org.apache.hadoop.hdds.protocol.proto.ScmBlockLocationProtocolProtos$ScmBlockLocationProtocolService$2.callBlockingMethod(ScmBlockLocationProtocolProtos.java:13157)
	at org.apache.hadoop.ipc.ProtobufRpcEngine$Server$ProtoBufRpcInvoker.call(ProtobufRpcEngine.java:524)
	at org.apache.hadoop.ipc.RPC$Server.call(RPC.java:1025)
	at org.apache.hadoop.ipc.Server$RpcCall.run(Server.java:876)
	at org.apache.hadoop.ipc.Server$RpcCall.run(Server.java:822)
	at java.security.AccessController.doPrivileged(Native Method)
	at javax.security.auth.Subject.doAs(Subject.java:422)
	at org.apache.hadoop.security.UserGroupInformation.doAs(UserGroupInformation.java:1730)
	at org.apache.hadoop.ipc.Server$Handler.run(Server.java:2682)
2019-09-12 11:49:55,010 [IPC Server handler 0 on 42745] INFO  block.BlockManagerImpl (BlockManagerImpl.java:allocateBlock(198)) - Could not find available pipeline of type:RATIS and factor:THREE even after retrying
2019-09-12 11:49:55,010 [IPC Server handler 0 on 42745] ERROR block.BlockManagerImpl (BlockManagerImpl.java:allocateBlock(222)) - Unable to allocate a block for the size: 4194304, type: RATIS, factor: THREE
2019-09-12 11:49:55,011 | INFO  | SCMAudit | user=jenkins1000 | ip=192.168.36.114 | op=ALLOCATE_BLOCK {owner=8286d05d-381a-4320-87aa-ded2d1ef51ab, size=4194304, type=RATIS, factor=THREE} | ret=SUCCESS |  
2019-09-12 11:49:55,016 | ERROR | OMAudit | user=jenkins1000 | ip=127.0.0.1 | op=ALLOCATE_KEY {volume=vol-0-34087, bucket=bucket-0-75023, key=key-0-38180, dataSize=20971520, replicationType=RATIS, replicationFactor=THREE, keyLocationInfo=null} | ret=FAILURE | org.apache.hadoop.hdds.scm.exceptions.SCMException: Allocated 0 blocks. Requested 5 blocks
	at org.apache.hadoop.hdds.scm.protocolPB.ScmBlockLocationProtocolClientSideTranslatorPB.handleError(ScmBlockLocationProtocolClientSideTranslatorPB.java:118)
	at org.apache.hadoop.hdds.scm.protocolPB.ScmBlockLocationProtocolClientSideTranslatorPB.allocateBlock(ScmBlockLocationProtocolClientSideTranslatorPB.java:156) 
2019-09-12 11:49:55,023 [pool-78-thread-3] ERROR freon.RandomKeyGenerator (RandomKeyGenerator.java:createKey(724)) - Exception while adding key: key-0-38180 in bucket: bucket-0-75023 of volume: vol-0-34087.
INTERNAL_ERROR org.apache.hadoop.ozone.om.exceptions.OMException: Allocated 0 blocks. Requested 5 blocks
	at org.apache.hadoop.ozone.om.protocolPB.OzoneManagerProtocolClientSideTranslatorPB.handleError(OzoneManagerProtocolClientSideTranslatorPB.java:725)
	at org.apache.hadoop.ozone.om.protocolPB.OzoneManagerProtocolClientSideTranslatorPB.openKey(OzoneManagerProtocolClientSideTranslatorPB.java:716)
	at org.apache.hadoop.ozone.client.rpc.RpcClient.createKey(RpcClient.java:615)
	at org.apache.hadoop.ozone.client.OzoneBucket.createKey(OzoneBucket.java:323)
	at org.apache.hadoop.ozone.freon.RandomKeyGenerator.createKey(RandomKeyGenerator.java:686)
	at org.apache.hadoop.ozone.freon.RandomKeyGenerator.access$1100(RandomKeyGenerator.java:87)
	at org.apache.hadoop.ozone.freon.RandomKeyGenerator$ObjectCreator.run(RandomKeyGenerator.java:606)
	at java.util.concurrent.Executors$RunnableAdapter.call(Executors.java:511)
	at java.util.concurrent.FutureTask.run(FutureTask.java:266)
	at java.util.concurrent.ThreadPoolExecutor.runWorker(ThreadPoolExecutor.java:1149)
	at java.util.concurrent.ThreadPoolExecutor$Worker.run(ThreadPoolExecutor.java:624)
	at java.lang.Thread.run(Thread.java:748)
2019-09-12 11:49:55,068 | INFO  | SCMAudit | user=jenkins1000 | ip=192.168.36.114 | op=SEND_HEARTBEAT {datanodeUUID=da13140e-97ff-4909-b236-e6528747f6c6, command=[]} | ret=SUCCESS |  
 0.00% |█                                                                                                    |  0/1 Time: 0:00:012019-09-12 11:49:55,310 | INFO  | SCMAudit | user=jenkins1000 | ip=192.168.36.114 | op=SEND_HEARTBEAT {datanodeUUID=a32c3c57-45cd-4630-bd30-a1be9f286e13, command=[]} | ret=SUCCESS |  
2019-09-12 11:49:55,789 | INFO  | SCMAudit | user=jenkins1000 | ip=192.168.36.114 | op=SEND_HEARTBEAT {datanodeUUID=0a8d2c4a-df63-4751-9ec8-74f270f9c7ee, command=[]} | ret=SUCCESS |  
2019-09-12 11:49:55,789 | INFO  | SCMAudit | user=jenkins1000 | ip=192.168.36.114 | op=SEND_HEARTBEAT {datanodeUUID=3adca0c9-7635-4314-8dcd-426c8d10965a, command=[]} | ret=SUCCESS |  
2019-09-12 11:49:55,800 | INFO  | SCMAudit | user=jenkins1000 | ip=192.168.36.114 | op=SEND_HEARTBEAT {datanodeUUID=efd2d550-d23b-43a8-a0f9-f6ba5c59f5a4, command=[]} | ret=SUCCESS |  
2019-09-12 11:49:56,069 | INFO  | SCMAudit | user=jenkins1000 | ip=192.168.36.114 | op=SEND_HEARTBEAT {datanodeUUID=da13140e-97ff-4909-b236-e6528747f6c6, command=[]} | ret=SUCCESS |  
 0.00% |█                                                                                                    |  0/1 Time: 0:00:022019-09-12 11:49:56,310 | INFO  | SCMAudit | user=jenkins1000 | ip=192.168.36.114 | op=SEND_HEARTBEAT {datanodeUUID=a32c3c57-45cd-4630-bd30-a1be9f286e13, command=[]} | ret=SUCCESS |  
2019-09-12 11:49:56,788 | INFO  | SCMAudit | user=jenkins1000 | ip=192.168.36.114 | op=SEND_HEARTBEAT {datanodeUUID=0a8d2c4a-df63-4751-9ec8-74f270f9c7ee, command=[]} | ret=SUCCESS |  
2019-09-12 11:49:56,788 | INFO  | SCMAudit | user=jenkins1000 | ip=192.168.36.114 | op=SEND_HEARTBEAT {datanodeUUID=3adca0c9-7635-4314-8dcd-426c8d10965a, command=[]} | ret=SUCCESS |  
2019-09-12 11:49:56,800 | INFO  | SCMAudit | user=jenkins1000 | ip=192.168.36.114 | op=SEND_HEARTBEAT {datanodeUUID=efd2d550-d23b-43a8-a0f9-f6ba5c59f5a4, command=[]} | ret=SUCCESS |  
2019-09-12 11:49:57,069 | INFO  | SCMAudit | user=jenkins1000 | ip=192.168.36.114 | op=SEND_HEARTBEAT {datanodeUUID=da13140e-97ff-4909-b236-e6528747f6c6, command=[]} | ret=SUCCESS |  
 0.00% |█                                                                                                    |  0/1 Time: 0:00:032019-09-12 11:49:57,310 | INFO  | SCMAudit | user=jenkins1000 | ip=192.168.36.114 | op=SEND_HEARTBEAT {datanodeUUID=a32c3c57-45cd-4630-bd30-a1be9f286e13, command=[]} | ret=SUCCESS |  
2019-09-12 11:49:57,788 | INFO  | SCMAudit | user=jenkins1000 | ip=192.168.36.114 | op=SEND_HEARTBEAT {datanodeUUID=3adca0c9-7635-4314-8dcd-426c8d10965a, command=[]} | ret=SUCCESS |  
2019-09-12 11:49:57,788 | INFO  | SCMAudit | user=jenkins1000 | ip=192.168.36.114 | op=SEND_HEARTBEAT {datanodeUUID=0a8d2c4a-df63-4751-9ec8-74f270f9c7ee, command=[]} | ret=SUCCESS |  
2019-09-12 11:49:57,800 | INFO  | SCMAudit | user=jenkins1000 | ip=192.168.36.114 | op=SEND_HEARTBEAT {datanodeUUID=efd2d550-d23b-43a8-a0f9-f6ba5c59f5a4, command=[]} | ret=SUCCESS |  
2019-09-12 11:49:58,081 | INFO  | SCMAudit | user=jenkins1000 | ip=192.168.36.114 | op=SEND_HEARTBEAT {datanodeUUID=da13140e-97ff-4909-b236-e6528747f6c6, command=[]} | ret=SUCCESS |  
2019-09-12 11:49:58,191 [Thread-209] INFO  impl.FollowerState (FollowerState.java:run(106)) - efd2d550-d23b-43a8-a0f9-f6ba5c59f5a4:group-F40CBE9E7E91 changes to CANDIDATE, lastRpcTime:5170, electionTimeout:5169ms
2019-09-12 11:49:58,191 [Thread-209] INFO  impl.RoleInfo (RoleInfo.java:shutdownFollowerState(121)) - efd2d550-d23b-43a8-a0f9-f6ba5c59f5a4: shutdown FollowerState
2019-09-12 11:49:58,192 [Thread-209] INFO  impl.RaftServerImpl (RaftServerImpl.java:setRole(171)) - efd2d550-d23b-43a8-a0f9-f6ba5c59f5a4:group-F40CBE9E7E91 changes role from FOLLOWER to CANDIDATE at term 0 for changeToCandidate
2019-09-12 11:49:58,199 [Thread-209] INFO  impl.RoleInfo (RoleInfo.java:updateAndGet(143)) - efd2d550-d23b-43a8-a0f9-f6ba5c59f5a4: start LeaderElection
2019-09-12 11:49:58,218 [efd2d550-d23b-43a8-a0f9-f6ba5c59f5a4:group-F40CBE9E7E91:LeaderElection1] INFO  impl.LeaderElection (LeaderElection.java:askForVotes(181)) - efd2d550-d23b-43a8-a0f9-f6ba5c59f5a4:group-F40CBE9E7E91:LeaderElection1: begin an election at term 1 for -1: [efd2d550-d23b-43a8-a0f9-f6ba5c59f5a4:192.168.36.114:40324], old=null
2019-09-12 11:49:58,220 [efd2d550-d23b-43a8-a0f9-f6ba5c59f5a4:group-F40CBE9E7E91:LeaderElection1] INFO  impl.RoleInfo (RoleInfo.java:shutdownLeaderElection(134)) - efd2d550-d23b-43a8-a0f9-f6ba5c59f5a4: shutdown LeaderElection
2019-09-12 11:49:58,221 [efd2d550-d23b-43a8-a0f9-f6ba5c59f5a4:group-F40CBE9E7E91:LeaderElection1] INFO  impl.RaftServerImpl (RaftServerImpl.java:setRole(171)) - efd2d550-d23b-43a8-a0f9-f6ba5c59f5a4:group-F40CBE9E7E91 changes role from CANDIDATE to LEADER at term 1 for changeToLeader
2019-09-12 11:49:58,221 [efd2d550-d23b-43a8-a0f9-f6ba5c59f5a4:group-F40CBE9E7E91:LeaderElection1] INFO  impl.RaftServerImpl (ServerState.java:setLeader(263)) - efd2d550-d23b-43a8-a0f9-f6ba5c59f5a4:group-F40CBE9E7E91 change Leader from null to efd2d550-d23b-43a8-a0f9-f6ba5c59f5a4 at term 1 for becomeLeader, leader elected after 5298ms
2019-09-12 11:49:58,230 [efd2d550-d23b-43a8-a0f9-f6ba5c59f5a4:group-F40CBE9E7E91:LeaderElection1] INFO  server.RaftServerConfigKeys (ConfUtils.java:logGet(43)) - raft.server.staging.catchup.gap = 1000 (default)
2019-09-12 11:49:58,230 [efd2d550-d23b-43a8-a0f9-f6ba5c59f5a4:group-F40CBE9E7E91:LeaderElection1] INFO  server.RaftServerConfigKeys (ConfUtils.java:logGet(43)) - raft.server.rpc.sleep.time = 25ms (default)
2019-09-12 11:49:58,233 [efd2d550-d23b-43a8-a0f9-f6ba5c59f5a4:group-F40CBE9E7E91:LeaderElection1] INFO  server.RaftServerConfigKeys (ConfUtils.java:logGet(43)) - raft.server.write.element-limit = 4096 (default)
2019-09-12 11:49:58,236 [efd2d550-d23b-43a8-a0f9-f6ba5c59f5a4:group-F40CBE9E7E91:LeaderElection1] INFO  server.RaftServerConfigKeys (ConfUtils.java:logGet(43)) - raft.server.watch.timeout = 10s (default)
2019-09-12 11:49:58,237 [efd2d550-d23b-43a8-a0f9-f6ba5c59f5a4:group-F40CBE9E7E91:LeaderElection1] INFO  server.RaftServerConfigKeys (ConfUtils.java:logGet(43)) - raft.server.watch.timeout.denomination = 1s (default)
2019-09-12 11:49:58,238 [efd2d550-d23b-43a8-a0f9-f6ba5c59f5a4:group-F40CBE9E7E91:LeaderElection1] INFO  server.RaftServerConfigKeys (ConfUtils.java:logGet(43)) - raft.server.watch.element-limit = 65536 (default)
2019-09-12 11:49:58,248 [efd2d550-d23b-43a8-a0f9-f6ba5c59f5a4:group-F40CBE9E7E91:LeaderElection1] INFO  impl.RoleInfo (RoleInfo.java:updateAndGet(143)) - efd2d550-d23b-43a8-a0f9-f6ba5c59f5a4: start LeaderState
 0.00% |█                                                                                                    |  0/1 Time: 0:00:042019-09-12 11:49:58,273 [efd2d550-d23b-43a8-a0f9-f6ba5c59f5a4:group-F40CBE9E7E91:LeaderElection1] INFO  segmented.SegmentedRaftLogWorker (SegmentedRaftLogWorker.java:startLogSegment(380)) - efd2d550-d23b-43a8-a0f9-f6ba5c59f5a4-SegmentedRaftLogWorker:Storage Directory /workdir/hadoop-ozone/tools/target/test-dir/MiniOzoneClusterImpl-48448ead-6be7-4ea0-abfc-19da8f63b657/datanode-0/data/ratis/8edc6740-8ad8-4147-b6d6-f40cbe9e7e91: Starting segment from index:0
2019-09-12 11:49:58,285 [efd2d550-d23b-43a8-a0f9-f6ba5c59f5a4:group-F40CBE9E7E91:LeaderElection1] INFO  impl.RaftServerImpl (ServerState.java:setRaftConf(361)) - efd2d550-d23b-43a8-a0f9-f6ba5c59f5a4:group-F40CBE9E7E91 set configuration 0: [efd2d550-d23b-43a8-a0f9-f6ba5c59f5a4:192.168.36.114:40324], old=null at 0
2019-09-12 11:49:58,307 | INFO  | SCMAudit | user=jenkins1000 | ip=192.168.36.114 | op=SEND_HEARTBEAT {datanodeUUID=a32c3c57-45cd-4630-bd30-a1be9f286e13, command=[]} | ret=SUCCESS |  
2019-09-12 11:49:58,444 [Thread-212] INFO  impl.FollowerState (FollowerState.java:run(106)) - a32c3c57-45cd-4630-bd30-a1be9f286e13:group-F241351758BB changes to CANDIDATE, lastRpcTime:5192, electionTimeout:5191ms
2019-09-12 11:49:58,446 [Thread-212] INFO  impl.RoleInfo (RoleInfo.java:shutdownFollowerState(121)) - a32c3c57-45cd-4630-bd30-a1be9f286e13: shutdown FollowerState
2019-09-12 11:49:58,446 [Thread-212] INFO  impl.RaftServerImpl (RaftServerImpl.java:setRole(171)) - a32c3c57-45cd-4630-bd30-a1be9f286e13:group-F241351758BB changes role from FOLLOWER to CANDIDATE at term 0 for changeToCandidate
2019-09-12 11:49:58,446 [Thread-212] INFO  impl.RoleInfo (RoleInfo.java:updateAndGet(143)) - a32c3c57-45cd-4630-bd30-a1be9f286e13: start LeaderElection
2019-09-12 11:49:58,456 [efd2d550-d23b-43a8-a0f9-f6ba5c59f5a4-SegmentedRaftLogWorker:Storage Directory /workdir/hadoop-ozone/tools/target/test-dir/MiniOzoneClusterImpl-48448ead-6be7-4ea0-abfc-19da8f63b657/datanode-0/data/ratis/8edc6740-8ad8-4147-b6d6-f40cbe9e7e91] INFO  segmented.SegmentedRaftLogWorker (SegmentedRaftLogWorker.java:execute(569)) - efd2d550-d23b-43a8-a0f9-f6ba5c59f5a4-SegmentedRaftLogWorker:Storage Directory /workdir/hadoop-ozone/tools/target/test-dir/MiniOzoneClusterImpl-48448ead-6be7-4ea0-abfc-19da8f63b657/datanode-0/data/ratis/8edc6740-8ad8-4147-b6d6-f40cbe9e7e91: created new log segment /workdir/hadoop-ozone/tools/target/test-dir/MiniOzoneClusterImpl-48448ead-6be7-4ea0-abfc-19da8f63b657/datanode-0/data/ratis/8edc6740-8ad8-4147-b6d6-f40cbe9e7e91/current/log_inprogress_0
2019-09-12 11:49:58,456 [a32c3c57-45cd-4630-bd30-a1be9f286e13:group-F241351758BB:LeaderElection2] INFO  impl.LeaderElection (LeaderElection.java:askForVotes(181)) - a32c3c57-45cd-4630-bd30-a1be9f286e13:group-F241351758BB:LeaderElection2: begin an election at term 1 for -1: [a32c3c57-45cd-4630-bd30-a1be9f286e13:192.168.36.114:41176], old=null
2019-09-12 11:49:58,458 [a32c3c57-45cd-4630-bd30-a1be9f286e13:group-F241351758BB:LeaderElection2] INFO  impl.RoleInfo (RoleInfo.java:shutdownLeaderElection(134)) - a32c3c57-45cd-4630-bd30-a1be9f286e13: shutdown LeaderElection
2019-09-12 11:49:58,458 [a32c3c57-45cd-4630-bd30-a1be9f286e13:group-F241351758BB:LeaderElection2] INFO  impl.RaftServerImpl (RaftServerImpl.java:setRole(171)) - a32c3c57-45cd-4630-bd30-a1be9f286e13:group-F241351758BB changes role from CANDIDATE to LEADER at term 1 for changeToLeader
2019-09-12 11:49:58,458 [a32c3c57-45cd-4630-bd30-a1be9f286e13:group-F241351758BB:LeaderElection2] INFO  impl.RaftServerImpl (ServerState.java:setLeader(263)) - a32c3c57-45cd-4630-bd30-a1be9f286e13:group-F241351758BB change Leader from null to a32c3c57-45cd-4630-bd30-a1be9f286e13 at term 1 for becomeLeader, leader elected after 5215ms
2019-09-12 11:49:58,459 [a32c3c57-45cd-4630-bd30-a1be9f286e13:group-F241351758BB:LeaderElection2] INFO  server.RaftServerConfigKeys (ConfUtils.java:logGet(43)) - raft.server.staging.catchup.gap = 1000 (default)
2019-09-12 11:49:58,459 [a32c3c57-45cd-4630-bd30-a1be9f286e13:group-F241351758BB:LeaderElection2] INFO  server.RaftServerConfigKeys (ConfUtils.java:logGet(43)) - raft.server.rpc.sleep.time = 25ms (default)
2019-09-12 11:49:58,459 [a32c3c57-45cd-4630-bd30-a1be9f286e13:group-F241351758BB:LeaderElection2] INFO  server.RaftServerConfigKeys (ConfUtils.java:logGet(43)) - raft.server.write.element-limit = 4096 (default)
2019-09-12 11:49:58,460 [a32c3c57-45cd-4630-bd30-a1be9f286e13:group-F241351758BB:LeaderElection2] INFO  server.RaftServerConfigKeys (ConfUtils.java:logGet(43)) - raft.server.watch.timeout = 10s (default)
2019-09-12 11:49:58,460 [a32c3c57-45cd-4630-bd30-a1be9f286e13:group-F241351758BB:LeaderElection2] INFO  server.RaftServerConfigKeys (ConfUtils.java:logGet(43)) - raft.server.watch.timeout.denomination = 1s (default)
2019-09-12 11:49:58,460 [a32c3c57-45cd-4630-bd30-a1be9f286e13:group-F241351758BB:LeaderElection2] INFO  server.RaftServerConfigKeys (ConfUtils.java:logGet(43)) - raft.server.watch.element-limit = 65536 (default)
2019-09-12 11:49:58,460 [a32c3c57-45cd-4630-bd30-a1be9f286e13:group-F241351758BB:LeaderElection2] INFO  impl.RoleInfo (RoleInfo.java:updateAndGet(143)) - a32c3c57-45cd-4630-bd30-a1be9f286e13: start LeaderState
2019-09-12 11:49:58,460 [a32c3c57-45cd-4630-bd30-a1be9f286e13:group-F241351758BB:LeaderElection2] INFO  segmented.SegmentedRaftLogWorker (SegmentedRaftLogWorker.java:startLogSegment(380)) - a32c3c57-45cd-4630-bd30-a1be9f286e13-SegmentedRaftLogWorker:Storage Directory /workdir/hadoop-ozone/tools/target/test-dir/MiniOzoneClusterImpl-48448ead-6be7-4ea0-abfc-19da8f63b657/datanode-2/data/ratis/f32aa8e8-d74f-42a1-8cf0-f241351758bb: Starting segment from index:0
2019-09-12 11:49:58,461 [a32c3c57-45cd-4630-bd30-a1be9f286e13:group-F241351758BB:LeaderElection2] INFO  impl.RaftServerImpl (ServerState.java:setRaftConf(361)) - a32c3c57-45cd-4630-bd30-a1be9f286e13:group-F241351758BB set configuration 0: [a32c3c57-45cd-4630-bd30-a1be9f286e13:192.168.36.114:41176], old=null at 0
2019-09-12 11:49:58,507 [Thread-215] INFO  impl.FollowerState (FollowerState.java:run(106)) - da13140e-97ff-4909-b236-e6528747f6c6:group-764D9A635A39 changes to CANDIDATE, lastRpcTime:5164, electionTimeout:5164ms
2019-09-12 11:49:58,509 [Thread-215] INFO  impl.RoleInfo (RoleInfo.java:shutdownFollowerState(121)) - da13140e-97ff-4909-b236-e6528747f6c6: shutdown FollowerState
2019-09-12 11:49:58,509 [Thread-215] INFO  impl.RaftServerImpl (RaftServerImpl.java:setRole(171)) - da13140e-97ff-4909-b236-e6528747f6c6:group-764D9A635A39 changes role from FOLLOWER to CANDIDATE at term 0 for changeToCandidate
2019-09-12 11:49:58,509 [Thread-215] INFO  impl.RoleInfo (RoleInfo.java:updateAndGet(143)) - da13140e-97ff-4909-b236-e6528747f6c6: start LeaderElection
2019-09-12 11:49:58,509 [a32c3c57-45cd-4630-bd30-a1be9f286e13-SegmentedRaftLogWorker:Storage Directory /workdir/hadoop-ozone/tools/target/test-dir/MiniOzoneClusterImpl-48448ead-6be7-4ea0-abfc-19da8f63b657/datanode-2/data/ratis/f32aa8e8-d74f-42a1-8cf0-f241351758bb] INFO  segmented.SegmentedRaftLogWorker (SegmentedRaftLogWorker.java:execute(569)) - a32c3c57-45cd-4630-bd30-a1be9f286e13-SegmentedRaftLogWorker:Storage Directory /workdir/hadoop-ozone/tools/target/test-dir/MiniOzoneClusterImpl-48448ead-6be7-4ea0-abfc-19da8f63b657/datanode-2/data/ratis/f32aa8e8-d74f-42a1-8cf0-f241351758bb: created new log segment /workdir/hadoop-ozone/tools/target/test-dir/MiniOzoneClusterImpl-48448ead-6be7-4ea0-abfc-19da8f63b657/datanode-2/data/ratis/f32aa8e8-d74f-42a1-8cf0-f241351758bb/current/log_inprogress_0
2019-09-12 11:49:58,510 [Thread-218] INFO  impl.FollowerState (FollowerState.java:run(106)) - da13140e-97ff-4909-b236-e6528747f6c6:group-30F29E05BAE0 changes to CANDIDATE, lastRpcTime:5103, electionTimeout:5103ms
2019-09-12 11:49:58,512 [Thread-218] INFO  impl.RoleInfo (RoleInfo.java:shutdownFollowerState(121)) - da13140e-97ff-4909-b236-e6528747f6c6: shutdown FollowerState
2019-09-12 11:49:58,512 [Thread-218] INFO  impl.RaftServerImpl (RaftServerImpl.java:setRole(171)) - da13140e-97ff-4909-b236-e6528747f6c6:group-30F29E05BAE0 changes role from FOLLOWER to CANDIDATE at term 0 for changeToCandidate
2019-09-12 11:49:58,512 [Thread-218] INFO  impl.RoleInfo (RoleInfo.java:updateAndGet(143)) - da13140e-97ff-4909-b236-e6528747f6c6: start LeaderElection
2019-09-12 11:49:58,526 [da13140e-97ff-4909-b236-e6528747f6c6:group-764D9A635A39:LeaderElection3] INFO  impl.LeaderElection (LeaderElection.java:askForVotes(181)) - da13140e-97ff-4909-b236-e6528747f6c6:group-764D9A635A39:LeaderElection3: begin an election at term 1 for -1: [da13140e-97ff-4909-b236-e6528747f6c6:192.168.36.114:44504], old=null
2019-09-12 11:49:58,526 [da13140e-97ff-4909-b236-e6528747f6c6:group-30F29E05BAE0:LeaderElection4] INFO  impl.LeaderElection (LeaderElection.java:askForVotes(181)) - da13140e-97ff-4909-b236-e6528747f6c6:group-30F29E05BAE0:LeaderElection4: begin an election at term 1 for -1: [da13140e-97ff-4909-b236-e6528747f6c6:192.168.36.114:44504], old=null
2019-09-12 11:49:58,528 [da13140e-97ff-4909-b236-e6528747f6c6:group-764D9A635A39:LeaderElection3] INFO  impl.RoleInfo (RoleInfo.java:shutdownLeaderElection(134)) - da13140e-97ff-4909-b236-e6528747f6c6: shutdown LeaderElection
2019-09-12 11:49:58,528 [da13140e-97ff-4909-b236-e6528747f6c6:group-30F29E05BAE0:LeaderElection4] INFO  impl.RoleInfo (RoleInfo.java:shutdownLeaderElection(134)) - da13140e-97ff-4909-b236-e6528747f6c6: shutdown LeaderElection
2019-09-12 11:49:58,528 [da13140e-97ff-4909-b236-e6528747f6c6:group-764D9A635A39:LeaderElection3] INFO  impl.RaftServerImpl (RaftServerImpl.java:setRole(171)) - da13140e-97ff-4909-b236-e6528747f6c6:group-764D9A635A39 changes role from CANDIDATE to LEADER at term 1 for changeToLeader
2019-09-12 11:49:58,528 [da13140e-97ff-4909-b236-e6528747f6c6:group-30F29E05BAE0:LeaderElection4] INFO  impl.RaftServerImpl (RaftServerImpl.java:setRole(171)) - da13140e-97ff-4909-b236-e6528747f6c6:group-30F29E05BAE0 changes role from CANDIDATE to LEADER at term 1 for changeToLeader
2019-09-12 11:49:58,528 [da13140e-97ff-4909-b236-e6528747f6c6:group-764D9A635A39:LeaderElection3] INFO  impl.RaftServerImpl (ServerState.java:setLeader(263)) - da13140e-97ff-4909-b236-e6528747f6c6:group-764D9A635A39 change Leader from null to da13140e-97ff-4909-b236-e6528747f6c6 at term 1 for becomeLeader, leader elected after 5190ms
2019-09-12 11:49:58,529 [da13140e-97ff-4909-b236-e6528747f6c6:group-30F29E05BAE0:LeaderElection4] INFO  impl.RaftServerImpl (ServerState.java:setLeader(263)) - da13140e-97ff-4909-b236-e6528747f6c6:group-30F29E05BAE0 change Leader from null to da13140e-97ff-4909-b236-e6528747f6c6 at term 1 for becomeLeader, leader elected after 5127ms
2019-09-12 11:49:58,530 [da13140e-97ff-4909-b236-e6528747f6c6:group-764D9A635A39:LeaderElection3] INFO  server.RaftServerConfigKeys (ConfUtils.java:logGet(43)) - raft.server.staging.catchup.gap = 1000 (default)
2019-09-12 11:49:58,530 [da13140e-97ff-4909-b236-e6528747f6c6:group-30F29E05BAE0:LeaderElection4] INFO  server.RaftServerConfigKeys (ConfUtils.java:logGet(43)) - raft.server.staging.catchup.gap = 1000 (default)
2019-09-12 11:49:58,530 [da13140e-97ff-4909-b236-e6528747f6c6:group-764D9A635A39:LeaderElection3] INFO  server.RaftServerConfigKeys (ConfUtils.java:logGet(43)) - raft.server.rpc.sleep.time = 25ms (default)
2019-09-12 11:49:58,530 [da13140e-97ff-4909-b236-e6528747f6c6:group-30F29E05BAE0:LeaderElection4] INFO  server.RaftServerConfigKeys (ConfUtils.java:logGet(43)) - raft.server.rpc.sleep.time = 25ms (default)
2019-09-12 11:49:58,531 [da13140e-97ff-4909-b236-e6528747f6c6:group-764D9A635A39:LeaderElection3] INFO  server.RaftServerConfigKeys (ConfUtils.java:logGet(43)) - raft.server.write.element-limit = 4096 (default)
2019-09-12 11:49:58,531 [da13140e-97ff-4909-b236-e6528747f6c6:group-30F29E05BAE0:LeaderElection4] INFO  server.RaftServerConfigKeys (ConfUtils.java:logGet(43)) - raft.server.write.element-limit = 4096 (default)
2019-09-12 11:49:58,531 [da13140e-97ff-4909-b236-e6528747f6c6:group-764D9A635A39:LeaderElection3] INFO  server.RaftServerConfigKeys (ConfUtils.java:logGet(43)) - raft.server.watch.timeout = 10s (default)
2019-09-12 11:49:58,531 [da13140e-97ff-4909-b236-e6528747f6c6:group-30F29E05BAE0:LeaderElection4] INFO  server.RaftServerConfigKeys (ConfUtils.java:logGet(43)) - raft.server.watch.timeout = 10s (default)
2019-09-12 11:49:58,531 [da13140e-97ff-4909-b236-e6528747f6c6:group-764D9A635A39:LeaderElection3] INFO  server.RaftServerConfigKeys (ConfUtils.java:logGet(43)) - raft.server.watch.timeout.denomination = 1s (default)
2019-09-12 11:49:58,531 [da13140e-97ff-4909-b236-e6528747f6c6:group-30F29E05BAE0:LeaderElection4] INFO  server.RaftServerConfigKeys (ConfUtils.java:logGet(43)) - raft.server.watch.timeout.denomination = 1s (default)
2019-09-12 11:49:58,531 [da13140e-97ff-4909-b236-e6528747f6c6:group-764D9A635A39:LeaderElection3] INFO  server.RaftServerConfigKeys (ConfUtils.java:logGet(43)) - raft.server.watch.element-limit = 65536 (default)
2019-09-12 11:49:58,531 [da13140e-97ff-4909-b236-e6528747f6c6:group-30F29E05BAE0:LeaderElection4] INFO  server.RaftServerConfigKeys (ConfUtils.java:logGet(43)) - raft.server.watch.element-limit = 65536 (default)
2019-09-12 11:49:58,532 [da13140e-97ff-4909-b236-e6528747f6c6:group-764D9A635A39:LeaderElection3] INFO  impl.RoleInfo (RoleInfo.java:updateAndGet(143)) - da13140e-97ff-4909-b236-e6528747f6c6: start LeaderState
2019-09-12 11:49:58,532 [da13140e-97ff-4909-b236-e6528747f6c6:group-30F29E05BAE0:LeaderElection4] INFO  impl.RoleInfo (RoleInfo.java:updateAndGet(143)) - da13140e-97ff-4909-b236-e6528747f6c6: start LeaderState
2019-09-12 11:49:58,532 [da13140e-97ff-4909-b236-e6528747f6c6:group-764D9A635A39:LeaderElection3] INFO  segmented.SegmentedRaftLogWorker (SegmentedRaftLogWorker.java:startLogSegment(380)) - da13140e-97ff-4909-b236-e6528747f6c6-SegmentedRaftLogWorker:Storage Directory /workdir/hadoop-ozone/tools/target/test-dir/MiniOzoneClusterImpl-48448ead-6be7-4ea0-abfc-19da8f63b657/datanode-1/data/ratis/2fbefb14-a791-4158-ba42-764d9a635a39: Starting segment from index:0
2019-09-12 11:49:58,532 [da13140e-97ff-4909-b236-e6528747f6c6:group-30F29E05BAE0:LeaderElection4] INFO  segmented.SegmentedRaftLogWorker (SegmentedRaftLogWorker.java:startLogSegment(380)) - da13140e-97ff-4909-b236-e6528747f6c6-SegmentedRaftLogWorker:Storage Directory /workdir/hadoop-ozone/tools/target/test-dir/MiniOzoneClusterImpl-48448ead-6be7-4ea0-abfc-19da8f63b657/datanode-1/data/ratis/1920f916-fabf-4678-a1dc-30f29e05bae0: Starting segment from index:0
2019-09-12 11:49:58,533 [da13140e-97ff-4909-b236-e6528747f6c6:group-764D9A635A39:LeaderElection3] INFO  impl.RaftServerImpl (ServerState.java:setRaftConf(361)) - da13140e-97ff-4909-b236-e6528747f6c6:group-764D9A635A39 set configuration 0: [da13140e-97ff-4909-b236-e6528747f6c6:192.168.36.114:44504], old=null at 0
2019-09-12 11:49:58,563 [da13140e-97ff-4909-b236-e6528747f6c6:group-30F29E05BAE0:LeaderElection4] INFO  impl.RaftServerImpl (ServerState.java:setRaftConf(361)) - da13140e-97ff-4909-b236-e6528747f6c6:group-30F29E05BAE0 set configuration 0: [da13140e-97ff-4909-b236-e6528747f6c6:192.168.36.114:44504], old=null at 0
2019-09-12 11:49:58,588 [da13140e-97ff-4909-b236-e6528747f6c6-SegmentedRaftLogWorker:Storage Directory /workdir/hadoop-ozone/tools/target/test-dir/MiniOzoneClusterImpl-48448ead-6be7-4ea0-abfc-19da8f63b657/datanode-1/data/ratis/2fbefb14-a791-4158-ba42-764d9a635a39] INFO  segmented.SegmentedRaftLogWorker (SegmentedRaftLogWorker.java:execute(569)) - da13140e-97ff-4909-b236-e6528747f6c6-SegmentedRaftLogWorker:Storage Directory /workdir/hadoop-ozone/tools/target/test-dir/MiniOzoneClusterImpl-48448ead-6be7-4ea0-abfc-19da8f63b657/datanode-1/data/ratis/2fbefb14-a791-4158-ba42-764d9a635a39: created new log segment /workdir/hadoop-ozone/tools/target/test-dir/MiniOzoneClusterImpl-48448ead-6be7-4ea0-abfc-19da8f63b657/datanode-1/data/ratis/2fbefb14-a791-4158-ba42-764d9a635a39/current/log_inprogress_0
2019-09-12 11:49:58,601 [da13140e-97ff-4909-b236-e6528747f6c6-SegmentedRaftLogWorker:Storage Directory /workdir/hadoop-ozone/tools/target/test-dir/MiniOzoneClusterImpl-48448ead-6be7-4ea0-abfc-19da8f63b657/datanode-1/data/ratis/1920f916-fabf-4678-a1dc-30f29e05bae0] INFO  segmented.SegmentedRaftLogWorker (SegmentedRaftLogWorker.java:execute(569)) - da13140e-97ff-4909-b236-e6528747f6c6-SegmentedRaftLogWorker:Storage Directory /workdir/hadoop-ozone/tools/target/test-dir/MiniOzoneClusterImpl-48448ead-6be7-4ea0-abfc-19da8f63b657/datanode-1/data/ratis/1920f916-fabf-4678-a1dc-30f29e05bae0: created new log segment /workdir/hadoop-ozone/tools/target/test-dir/MiniOzoneClusterImpl-48448ead-6be7-4ea0-abfc-19da8f63b657/datanode-1/data/ratis/1920f916-fabf-4678-a1dc-30f29e05bae0/current/log_inprogress_0
2019-09-12 11:49:58,646 [Thread-224] INFO  impl.FollowerState (FollowerState.java:run(106)) - a32c3c57-45cd-4630-bd30-a1be9f286e13:group-765EE363B3C0 changes to CANDIDATE, lastRpcTime:5111, electionTimeout:5111ms
2019-09-12 11:49:58,649 [Thread-224] INFO  impl.RoleInfo (RoleInfo.java:shutdownFollowerState(121)) - a32c3c57-45cd-4630-bd30-a1be9f286e13: shutdown FollowerState
2019-09-12 11:49:58,649 [Thread-224] INFO  impl.RaftServerImpl (RaftServerImpl.java:setRole(171)) - a32c3c57-45cd-4630-bd30-a1be9f286e13:group-765EE363B3C0 changes role from FOLLOWER to CANDIDATE at term 0 for changeToCandidate
2019-09-12 11:49:58,649 [Thread-224] INFO  impl.RoleInfo (RoleInfo.java:updateAndGet(143)) - a32c3c57-45cd-4630-bd30-a1be9f286e13: start LeaderElection
2019-09-12 11:49:58,655 [Thread-221] INFO  impl.FollowerState (FollowerState.java:run(106)) - 3adca0c9-7635-4314-8dcd-426c8d10965a:group-9D34FF9A9C1E changes to CANDIDATE, lastRpcTime:5184, electionTimeout:5184ms
2019-09-12 11:49:58,656 [Thread-221] INFO  impl.RoleInfo (RoleInfo.java:shutdownFollowerState(121)) - 3adca0c9-7635-4314-8dcd-426c8d10965a: shutdown FollowerState
2019-09-12 11:49:58,656 [Thread-221] INFO  impl.RaftServerImpl (RaftServerImpl.java:setRole(171)) - 3adca0c9-7635-4314-8dcd-426c8d10965a:group-9D34FF9A9C1E changes role from FOLLOWER to CANDIDATE at term 0 for changeToCandidate
2019-09-12 11:49:58,657 [Thread-221] INFO  impl.RoleInfo (RoleInfo.java:updateAndGet(143)) - 3adca0c9-7635-4314-8dcd-426c8d10965a: start LeaderElection
2019-09-12 11:49:58,668 [3adca0c9-7635-4314-8dcd-426c8d10965a:group-9D34FF9A9C1E:LeaderElection6] INFO  impl.LeaderElection (LeaderElection.java:askForVotes(181)) - 3adca0c9-7635-4314-8dcd-426c8d10965a:group-9D34FF9A9C1E:LeaderElection6: begin an election at term 1 for -1: [3adca0c9-7635-4314-8dcd-426c8d10965a:192.168.36.114:44660], old=null
2019-09-12 11:49:58,668 [a32c3c57-45cd-4630-bd30-a1be9f286e13:group-765EE363B3C0:LeaderElection5] INFO  impl.LeaderElection (LeaderElection.java:askForVotes(181)) - a32c3c57-45cd-4630-bd30-a1be9f286e13:group-765EE363B3C0:LeaderElection5: begin an election at term 1 for -1: [a32c3c57-45cd-4630-bd30-a1be9f286e13:192.168.36.114:41176], old=null
2019-09-12 11:49:58,669 [3adca0c9-7635-4314-8dcd-426c8d10965a:group-9D34FF9A9C1E:LeaderElection6] INFO  impl.RoleInfo (RoleInfo.java:shutdownLeaderElection(134)) - 3adca0c9-7635-4314-8dcd-426c8d10965a: shutdown LeaderElection
2019-09-12 11:49:58,669 [a32c3c57-45cd-4630-bd30-a1be9f286e13:group-765EE363B3C0:LeaderElection5] INFO  impl.RoleInfo (RoleInfo.java:shutdownLeaderElection(134)) - a32c3c57-45cd-4630-bd30-a1be9f286e13: shutdown LeaderElection
2019-09-12 11:49:58,669 [3adca0c9-7635-4314-8dcd-426c8d10965a:group-9D34FF9A9C1E:LeaderElection6] INFO  impl.RaftServerImpl (RaftServerImpl.java:setRole(171)) - 3adca0c9-7635-4314-8dcd-426c8d10965a:group-9D34FF9A9C1E changes role from CANDIDATE to LEADER at term 1 for changeToLeader
2019-09-12 11:49:58,669 [a32c3c57-45cd-4630-bd30-a1be9f286e13:group-765EE363B3C0:LeaderElection5] INFO  impl.RaftServerImpl (RaftServerImpl.java:setRole(171)) - a32c3c57-45cd-4630-bd30-a1be9f286e13:group-765EE363B3C0 changes role from CANDIDATE to LEADER at term 1 for changeToLeader
2019-09-12 11:49:58,669 [3adca0c9-7635-4314-8dcd-426c8d10965a:group-9D34FF9A9C1E:LeaderElection6] INFO  impl.RaftServerImpl (ServerState.java:setLeader(263)) - 3adca0c9-7635-4314-8dcd-426c8d10965a:group-9D34FF9A9C1E change Leader from null to 3adca0c9-7635-4314-8dcd-426c8d10965a at term 1 for becomeLeader, leader elected after 5202ms
2019-09-12 11:49:58,669 [a32c3c57-45cd-4630-bd30-a1be9f286e13:group-765EE363B3C0:LeaderElection5] INFO  impl.RaftServerImpl (ServerState.java:setLeader(263)) - a32c3c57-45cd-4630-bd30-a1be9f286e13:group-765EE363B3C0 change Leader from null to a32c3c57-45cd-4630-bd30-a1be9f286e13 at term 1 for becomeLeader, leader elected after 5139ms
2019-09-12 11:49:58,671 [a32c3c57-45cd-4630-bd30-a1be9f286e13:group-765EE363B3C0:LeaderElection5] INFO  server.RaftServerConfigKeys (ConfUtils.java:logGet(43)) - raft.server.staging.catchup.gap = 1000 (default)
2019-09-12 11:49:58,671 [3adca0c9-7635-4314-8dcd-426c8d10965a:group-9D34FF9A9C1E:LeaderElection6] INFO  server.RaftServerConfigKeys (ConfUtils.java:logGet(43)) - raft.server.staging.catchup.gap = 1000 (default)
2019-09-12 11:49:58,671 [a32c3c57-45cd-4630-bd30-a1be9f286e13:group-765EE363B3C0:LeaderElection5] INFO  server.RaftServerConfigKeys (ConfUtils.java:logGet(43)) - raft.server.rpc.sleep.time = 25ms (default)
2019-09-12 11:49:58,671 [3adca0c9-7635-4314-8dcd-426c8d10965a:group-9D34FF9A9C1E:LeaderElection6] INFO  server.RaftServerConfigKeys (ConfUtils.java:logGet(43)) - raft.server.rpc.sleep.time = 25ms (default)
2019-09-12 11:49:58,671 [a32c3c57-45cd-4630-bd30-a1be9f286e13:group-765EE363B3C0:LeaderElection5] INFO  server.RaftServerConfigKeys (ConfUtils.java:logGet(43)) - raft.server.write.element-limit = 4096 (default)
2019-09-12 11:49:58,671 [3adca0c9-7635-4314-8dcd-426c8d10965a:group-9D34FF9A9C1E:LeaderElection6] INFO  server.RaftServerConfigKeys (ConfUtils.java:logGet(43)) - raft.server.write.element-limit = 4096 (default)
2019-09-12 11:49:58,671 [a32c3c57-45cd-4630-bd30-a1be9f286e13:group-765EE363B3C0:LeaderElection5] INFO  server.RaftServerConfigKeys (ConfUtils.java:logGet(43)) - raft.server.watch.timeout = 10s (default)
2019-09-12 11:49:58,671 [3adca0c9-7635-4314-8dcd-426c8d10965a:group-9D34FF9A9C1E:LeaderElection6] INFO  server.RaftServerConfigKeys (ConfUtils.java:logGet(43)) - raft.server.watch.timeout = 10s (default)
2019-09-12 11:49:58,672 [a32c3c57-45cd-4630-bd30-a1be9f286e13:group-765EE363B3C0:LeaderElection5] INFO  server.RaftServerConfigKeys (ConfUtils.java:logGet(43)) - raft.server.watch.timeout.denomination = 1s (default)
2019-09-12 11:49:58,672 [3adca0c9-7635-4314-8dcd-426c8d10965a:group-9D34FF9A9C1E:LeaderElection6] INFO  server.RaftServerConfigKeys (ConfUtils.java:logGet(43)) - raft.server.watch.timeout.denomination = 1s (default)
2019-09-12 11:49:58,672 [a32c3c57-45cd-4630-bd30-a1be9f286e13:group-765EE363B3C0:LeaderElection5] INFO  server.RaftServerConfigKeys (ConfUtils.java:logGet(43)) - raft.server.watch.element-limit = 65536 (default)
2019-09-12 11:49:58,672 [3adca0c9-7635-4314-8dcd-426c8d10965a:group-9D34FF9A9C1E:LeaderElection6] INFO  server.RaftServerConfigKeys (ConfUtils.java:logGet(43)) - raft.server.watch.element-limit = 65536 (default)
2019-09-12 11:49:58,672 [a32c3c57-45cd-4630-bd30-a1be9f286e13:group-765EE363B3C0:LeaderElection5] INFO  impl.RoleInfo (RoleInfo.java:updateAndGet(143)) - a32c3c57-45cd-4630-bd30-a1be9f286e13: start LeaderState
2019-09-12 11:49:58,672 [3adca0c9-7635-4314-8dcd-426c8d10965a:group-9D34FF9A9C1E:LeaderElection6] INFO  impl.RoleInfo (RoleInfo.java:updateAndGet(143)) - 3adca0c9-7635-4314-8dcd-426c8d10965a: start LeaderState
2019-09-12 11:49:58,672 [a32c3c57-45cd-4630-bd30-a1be9f286e13:group-765EE363B3C0:LeaderElection5] INFO  segmented.SegmentedRaftLogWorker (SegmentedRaftLogWorker.java:startLogSegment(380)) - a32c3c57-45cd-4630-bd30-a1be9f286e13-SegmentedRaftLogWorker:Storage Directory /workdir/hadoop-ozone/tools/target/test-dir/MiniOzoneClusterImpl-48448ead-6be7-4ea0-abfc-19da8f63b657/datanode-2/data/ratis/ee73fb78-15cf-4255-b4ea-765ee363b3c0: Starting segment from index:0
2019-09-12 11:49:58,672 [3adca0c9-7635-4314-8dcd-426c8d10965a:group-9D34FF9A9C1E:LeaderElection6] INFO  segmented.SegmentedRaftLogWorker (SegmentedRaftLogWorker.java:startLogSegment(380)) - 3adca0c9-7635-4314-8dcd-426c8d10965a-SegmentedRaftLogWorker:Storage Directory /workdir/hadoop-ozone/tools/target/test-dir/MiniOzoneClusterImpl-48448ead-6be7-4ea0-abfc-19da8f63b657/datanode-4/data/ratis/c784afa5-0089-4e3c-a33f-9d34ff9a9c1e: Starting segment from index:0
2019-09-12 11:49:58,673 [a32c3c57-45cd-4630-bd30-a1be9f286e13:group-765EE363B3C0:LeaderElection5] INFO  impl.RaftServerImpl (ServerState.java:setRaftConf(361)) - a32c3c57-45cd-4630-bd30-a1be9f286e13:group-765EE363B3C0 set configuration 0: [a32c3c57-45cd-4630-bd30-a1be9f286e13:192.168.36.114:41176], old=null at 0
2019-09-12 11:49:58,673 [3adca0c9-7635-4314-8dcd-426c8d10965a:group-9D34FF9A9C1E:LeaderElection6] INFO  impl.RaftServerImpl (ServerState.java:setRaftConf(361)) - 3adca0c9-7635-4314-8dcd-426c8d10965a:group-9D34FF9A9C1E set configuration 0: [3adca0c9-7635-4314-8dcd-426c8d10965a:192.168.36.114:44660], old=null at 0
2019-09-12 11:49:58,716 [Thread-227] INFO  impl.FollowerState (FollowerState.java:run(106)) - a32c3c57-45cd-4630-bd30-a1be9f286e13:group-F2903BD0543A changes to CANDIDATE, lastRpcTime:5114, electionTimeout:5084ms
2019-09-12 11:49:58,717 [Thread-227] INFO  impl.RoleInfo (RoleInfo.java:shutdownFollowerState(121)) - a32c3c57-45cd-4630-bd30-a1be9f286e13: shutdown FollowerState
2019-09-12 11:49:58,718 [Thread-227] INFO  impl.RaftServerImpl (RaftServerImpl.java:setRole(171)) - a32c3c57-45cd-4630-bd30-a1be9f286e13:group-F2903BD0543A changes role from FOLLOWER to CANDIDATE at term 0 for changeToCandidate
2019-09-12 11:49:58,718 [Thread-227] INFO  impl.RoleInfo (RoleInfo.java:updateAndGet(143)) - a32c3c57-45cd-4630-bd30-a1be9f286e13: start LeaderElection
2019-09-12 11:49:58,729 [3adca0c9-7635-4314-8dcd-426c8d10965a-SegmentedRaftLogWorker:Storage Directory /workdir/hadoop-ozone/tools/target/test-dir/MiniOzoneClusterImpl-48448ead-6be7-4ea0-abfc-19da8f63b657/datanode-4/data/ratis/c784afa5-0089-4e3c-a33f-9d34ff9a9c1e] INFO  segmented.SegmentedRaftLogWorker (SegmentedRaftLogWorker.java:execute(569)) - 3adca0c9-7635-4314-8dcd-426c8d10965a-SegmentedRaftLogWorker:Storage Directory /workdir/hadoop-ozone/tools/target/test-dir/MiniOzoneClusterImpl-48448ead-6be7-4ea0-abfc-19da8f63b657/datanode-4/data/ratis/c784afa5-0089-4e3c-a33f-9d34ff9a9c1e: created new log segment /workdir/hadoop-ozone/tools/target/test-dir/MiniOzoneClusterImpl-48448ead-6be7-4ea0-abfc-19da8f63b657/datanode-4/data/ratis/c784afa5-0089-4e3c-a33f-9d34ff9a9c1e/current/log_inprogress_0
2019-09-12 11:49:58,729 [a32c3c57-45cd-4630-bd30-a1be9f286e13:group-F2903BD0543A:LeaderElection7] INFO  impl.LeaderElection (LeaderElection.java:askForVotes(181)) - a32c3c57-45cd-4630-bd30-a1be9f286e13:group-F2903BD0543A:LeaderElection7: begin an election at term 1 for -1: [a32c3c57-45cd-4630-bd30-a1be9f286e13:192.168.36.114:41176], old=null
2019-09-12 11:49:58,729 [a32c3c57-45cd-4630-bd30-a1be9f286e13-SegmentedRaftLogWorker:Storage Directory /workdir/hadoop-ozone/tools/target/test-dir/MiniOzoneClusterImpl-48448ead-6be7-4ea0-abfc-19da8f63b657/datanode-2/data/ratis/ee73fb78-15cf-4255-b4ea-765ee363b3c0] INFO  segmented.SegmentedRaftLogWorker (SegmentedRaftLogWorker.java:execute(569)) - a32c3c57-45cd-4630-bd30-a1be9f286e13-SegmentedRaftLogWorker:Storage Directory /workdir/hadoop-ozone/tools/target/test-dir/MiniOzoneClusterImpl-48448ead-6be7-4ea0-abfc-19da8f63b657/datanode-2/data/ratis/ee73fb78-15cf-4255-b4ea-765ee363b3c0: created new log segment /workdir/hadoop-ozone/tools/target/test-dir/MiniOzoneClusterImpl-48448ead-6be7-4ea0-abfc-19da8f63b657/datanode-2/data/ratis/ee73fb78-15cf-4255-b4ea-765ee363b3c0/current/log_inprogress_0
2019-09-12 11:49:58,731 [a32c3c57-45cd-4630-bd30-a1be9f286e13:group-F2903BD0543A:LeaderElection7] INFO  impl.RoleInfo (RoleInfo.java:shutdownLeaderElection(134)) - a32c3c57-45cd-4630-bd30-a1be9f286e13: shutdown LeaderElection
2019-09-12 11:49:58,731 [a32c3c57-45cd-4630-bd30-a1be9f286e13:group-F2903BD0543A:LeaderElection7] INFO  impl.RaftServerImpl (RaftServerImpl.java:setRole(171)) - a32c3c57-45cd-4630-bd30-a1be9f286e13:group-F2903BD0543A changes role from CANDIDATE to LEADER at term 1 for changeToLeader
2019-09-12 11:49:58,731 [a32c3c57-45cd-4630-bd30-a1be9f286e13:group-F2903BD0543A:LeaderElection7] INFO  impl.RaftServerImpl (ServerState.java:setLeader(263)) - a32c3c57-45cd-4630-bd30-a1be9f286e13:group-F2903BD0543A change Leader from null to a32c3c57-45cd-4630-bd30-a1be9f286e13 at term 1 for becomeLeader, leader elected after 5134ms
2019-09-12 11:49:58,731 [a32c3c57-45cd-4630-bd30-a1be9f286e13:group-F2903BD0543A:LeaderElection7] INFO  server.RaftServerConfigKeys (ConfUtils.java:logGet(43)) - raft.server.staging.catchup.gap = 1000 (default)
2019-09-12 11:49:58,731 [a32c3c57-45cd-4630-bd30-a1be9f286e13:group-F2903BD0543A:LeaderElection7] INFO  server.RaftServerConfigKeys (ConfUtils.java:logGet(43)) - raft.server.rpc.sleep.time = 25ms (default)
2019-09-12 11:49:58,732 [a32c3c57-45cd-4630-bd30-a1be9f286e13:group-F2903BD0543A:LeaderElection7] INFO  server.RaftServerConfigKeys (ConfUtils.java:logGet(43)) - raft.server.write.element-limit = 4096 (default)
2019-09-12 11:49:58,732 [a32c3c57-45cd-4630-bd30-a1be9f286e13:group-F2903BD0543A:LeaderElection7] INFO  server.RaftServerConfigKeys (ConfUtils.java:logGet(43)) - raft.server.watch.timeout = 10s (default)
2019-09-12 11:49:58,732 [a32c3c57-45cd-4630-bd30-a1be9f286e13:group-F2903BD0543A:LeaderElection7] INFO  server.RaftServerConfigKeys (ConfUtils.java:logGet(43)) - raft.server.watch.timeout.denomination = 1s (default)
2019-09-12 11:49:58,732 [a32c3c57-45cd-4630-bd30-a1be9f286e13:group-F2903BD0543A:LeaderElection7] INFO  server.RaftServerConfigKeys (ConfUtils.java:logGet(43)) - raft.server.watch.element-limit = 65536 (default)
2019-09-12 11:49:58,732 [a32c3c57-45cd-4630-bd30-a1be9f286e13:group-F2903BD0543A:LeaderElection7] INFO  impl.RoleInfo (RoleInfo.java:updateAndGet(143)) - a32c3c57-45cd-4630-bd30-a1be9f286e13: start LeaderState
2019-09-12 11:49:58,733 [a32c3c57-45cd-4630-bd30-a1be9f286e13:group-F2903BD0543A:LeaderElection7] INFO  segmented.SegmentedRaftLogWorker (SegmentedRaftLogWorker.java:startLogSegment(380)) - a32c3c57-45cd-4630-bd30-a1be9f286e13-SegmentedRaftLogWorker:Storage Directory /workdir/hadoop-ozone/tools/target/test-dir/MiniOzoneClusterImpl-48448ead-6be7-4ea0-abfc-19da8f63b657/datanode-2/data/ratis/c47ab26b-c9d1-4c45-856c-f2903bd0543a: Starting segment from index:0
2019-09-12 11:49:58,733 [a32c3c57-45cd-4630-bd30-a1be9f286e13:group-F2903BD0543A:LeaderElection7] INFO  impl.RaftServerImpl (ServerState.java:setRaftConf(361)) - a32c3c57-45cd-4630-bd30-a1be9f286e13:group-F2903BD0543A set configuration 0: [a32c3c57-45cd-4630-bd30-a1be9f286e13:192.168.36.114:41176], old=null at 0
2019-09-12 11:49:58,784 | INFO  | SCMAudit | user=jenkins1000 | ip=192.168.36.114 | op=SEND_HEARTBEAT {datanodeUUID=3adca0c9-7635-4314-8dcd-426c8d10965a, command=[]} | ret=SUCCESS |  
2019-09-12 11:49:58,784 | INFO  | SCMAudit | user=jenkins1000 | ip=192.168.36.114 | op=SEND_HEARTBEAT {datanodeUUID=0a8d2c4a-df63-4751-9ec8-74f270f9c7ee, command=[]} | ret=SUCCESS |  
2019-09-12 11:49:58,786 [a32c3c57-45cd-4630-bd30-a1be9f286e13-SegmentedRaftLogWorker:Storage Directory /workdir/hadoop-ozone/tools/target/test-dir/MiniOzoneClusterImpl-48448ead-6be7-4ea0-abfc-19da8f63b657/datanode-2/data/ratis/c47ab26b-c9d1-4c45-856c-f2903bd0543a] INFO  segmented.SegmentedRaftLogWorker (SegmentedRaftLogWorker.java:execute(569)) - a32c3c57-45cd-4630-bd30-a1be9f286e13-SegmentedRaftLogWorker:Storage Directory /workdir/hadoop-ozone/tools/target/test-dir/MiniOzoneClusterImpl-48448ead-6be7-4ea0-abfc-19da8f63b657/datanode-2/data/ratis/c47ab26b-c9d1-4c45-856c-f2903bd0543a: created new log segment /workdir/hadoop-ozone/tools/target/test-dir/MiniOzoneClusterImpl-48448ead-6be7-4ea0-abfc-19da8f63b657/datanode-2/data/ratis/c47ab26b-c9d1-4c45-856c-f2903bd0543a/current/log_inprogress_0
2019-09-12 11:49:58,799 | INFO  | SCMAudit | user=jenkins1000 | ip=192.168.36.114 | op=SEND_HEARTBEAT {datanodeUUID=efd2d550-d23b-43a8-a0f9-f6ba5c59f5a4, command=[]} | ret=SUCCESS |  
2019-09-12 11:49:58,853 [Thread-230] INFO  impl.FollowerState (FollowerState.java:run(106)) - a32c3c57-45cd-4630-bd30-a1be9f286e13:group-91ABE55755BD changes to CANDIDATE, lastRpcTime:5188, electionTimeout:5188ms
2019-09-12 11:49:58,853 [Thread-230] INFO  impl.RoleInfo (RoleInfo.java:shutdownFollowerState(121)) - a32c3c57-45cd-4630-bd30-a1be9f286e13: shutdown FollowerState
2019-09-12 11:49:58,854 [Thread-230] INFO  impl.RaftServerImpl (RaftServerImpl.java:setRole(171)) - a32c3c57-45cd-4630-bd30-a1be9f286e13:group-91ABE55755BD changes role from FOLLOWER to CANDIDATE at term 0 for changeToCandidate
2019-09-12 11:49:58,854 [Thread-230] INFO  impl.RoleInfo (RoleInfo.java:updateAndGet(143)) - a32c3c57-45cd-4630-bd30-a1be9f286e13: start LeaderElection
2019-09-12 11:49:58,874 [a32c3c57-45cd-4630-bd30-a1be9f286e13:group-91ABE55755BD:LeaderElection8] INFO  impl.LeaderElection (LeaderElection.java:askForVotes(181)) - a32c3c57-45cd-4630-bd30-a1be9f286e13:group-91ABE55755BD:LeaderElection8: begin an election at term 1 for -1: [a32c3c57-45cd-4630-bd30-a1be9f286e13:192.168.36.114:41176], old=null
2019-09-12 11:49:58,883 [a32c3c57-45cd-4630-bd30-a1be9f286e13:group-91ABE55755BD:LeaderElection8] INFO  impl.RoleInfo (RoleInfo.java:shutdownLeaderElection(134)) - a32c3c57-45cd-4630-bd30-a1be9f286e13: shutdown LeaderElection
2019-09-12 11:49:58,883 [a32c3c57-45cd-4630-bd30-a1be9f286e13:group-91ABE55755BD:LeaderElection8] INFO  impl.RaftServerImpl (RaftServerImpl.java:setRole(171)) - a32c3c57-45cd-4630-bd30-a1be9f286e13:group-91ABE55755BD changes role from CANDIDATE to LEADER at term 1 for changeToLeader
2019-09-12 11:49:58,884 [a32c3c57-45cd-4630-bd30-a1be9f286e13:group-91ABE55755BD:LeaderElection8] INFO  impl.RaftServerImpl (ServerState.java:setLeader(263)) - a32c3c57-45cd-4630-bd30-a1be9f286e13:group-91ABE55755BD change Leader from null to a32c3c57-45cd-4630-bd30-a1be9f286e13 at term 1 for becomeLeader, leader elected after 5223ms
2019-09-12 11:49:58,884 [a32c3c57-45cd-4630-bd30-a1be9f286e13:group-91ABE55755BD:LeaderElection8] INFO  server.RaftServerConfigKeys (ConfUtils.java:logGet(43)) - raft.server.staging.catchup.gap = 1000 (default)
2019-09-12 11:49:58,884 [a32c3c57-45cd-4630-bd30-a1be9f286e13:group-91ABE55755BD:LeaderElection8] INFO  server.RaftServerConfigKeys (ConfUtils.java:logGet(43)) - raft.server.rpc.sleep.time = 25ms (default)
2019-09-12 11:49:58,884 [a32c3c57-45cd-4630-bd30-a1be9f286e13:group-91ABE55755BD:LeaderElection8] INFO  server.RaftServerConfigKeys (ConfUtils.java:logGet(43)) - raft.server.write.element-limit = 4096 (default)
2019-09-12 11:49:58,885 [a32c3c57-45cd-4630-bd30-a1be9f286e13:group-91ABE55755BD:LeaderElection8] INFO  server.RaftServerConfigKeys (ConfUtils.java:logGet(43)) - raft.server.watch.timeout = 10s (default)
2019-09-12 11:49:58,885 [a32c3c57-45cd-4630-bd30-a1be9f286e13:group-91ABE55755BD:LeaderElection8] INFO  server.RaftServerConfigKeys (ConfUtils.java:logGet(43)) - raft.server.watch.timeout.denomination = 1s (default)
2019-09-12 11:49:58,885 [a32c3c57-45cd-4630-bd30-a1be9f286e13:group-91ABE55755BD:LeaderElection8] INFO  server.RaftServerConfigKeys (ConfUtils.java:logGet(43)) - raft.server.watch.element-limit = 65536 (default)
2019-09-12 11:49:58,886 [a32c3c57-45cd-4630-bd30-a1be9f286e13:group-91ABE55755BD:LeaderElection8] INFO  impl.RoleInfo (RoleInfo.java:updateAndGet(143)) - a32c3c57-45cd-4630-bd30-a1be9f286e13: start LeaderState
2019-09-12 11:49:58,886 [a32c3c57-45cd-4630-bd30-a1be9f286e13:group-91ABE55755BD:LeaderElection8] INFO  segmented.SegmentedRaftLogWorker (SegmentedRaftLogWorker.java:startLogSegment(380)) - a32c3c57-45cd-4630-bd30-a1be9f286e13-SegmentedRaftLogWorker:Storage Directory /workdir/hadoop-ozone/tools/target/test-dir/MiniOzoneClusterImpl-48448ead-6be7-4ea0-abfc-19da8f63b657/datanode-2/data/ratis/87d90e80-4179-4ae6-9b93-91abe55755bd: Starting segment from index:0
2019-09-12 11:49:58,887 [a32c3c57-45cd-4630-bd30-a1be9f286e13:group-91ABE55755BD:LeaderElection8] INFO  impl.RaftServerImpl (ServerState.java:setRaftConf(361)) - a32c3c57-45cd-4630-bd30-a1be9f286e13:group-91ABE55755BD set configuration 0: [a32c3c57-45cd-4630-bd30-a1be9f286e13:192.168.36.114:41176], old=null at 0
2019-09-12 11:49:58,917 [Thread-236] INFO  impl.FollowerState (FollowerState.java:run(106)) - da13140e-97ff-4909-b236-e6528747f6c6:group-5CB1281C1BA6 changes to CANDIDATE, lastRpcTime:5126, electionTimeout:5122ms
2019-09-12 11:49:58,917 [Thread-233] INFO  impl.FollowerState (FollowerState.java:run(106)) - a32c3c57-45cd-4630-bd30-a1be9f286e13:group-B38B28A5BBFF changes to CANDIDATE, lastRpcTime:5191, electionTimeout:5163ms
2019-09-12 11:49:58,917 [Thread-236] INFO  impl.RoleInfo (RoleInfo.java:shutdownFollowerState(121)) - da13140e-97ff-4909-b236-e6528747f6c6: shutdown FollowerState
2019-09-12 11:49:58,917 [Thread-233] INFO  impl.RoleInfo (RoleInfo.java:shutdownFollowerState(121)) - a32c3c57-45cd-4630-bd30-a1be9f286e13: shutdown FollowerState
2019-09-12 11:49:58,918 [Thread-236] INFO  impl.RaftServerImpl (RaftServerImpl.java:setRole(171)) - da13140e-97ff-4909-b236-e6528747f6c6:group-5CB1281C1BA6 changes role from FOLLOWER to CANDIDATE at term 0 for changeToCandidate
2019-09-12 11:49:58,918 [Thread-233] INFO  impl.RaftServerImpl (RaftServerImpl.java:setRole(171)) - a32c3c57-45cd-4630-bd30-a1be9f286e13:group-B38B28A5BBFF changes role from FOLLOWER to CANDIDATE at term 0 for changeToCandidate
2019-09-12 11:49:58,918 [Thread-236] INFO  impl.RoleInfo (RoleInfo.java:updateAndGet(143)) - da13140e-97ff-4909-b236-e6528747f6c6: start LeaderElection
2019-09-12 11:49:58,918 [Thread-233] INFO  impl.RoleInfo (RoleInfo.java:updateAndGet(143)) - a32c3c57-45cd-4630-bd30-a1be9f286e13: start LeaderElection
2019-09-12 11:49:58,930 [a32c3c57-45cd-4630-bd30-a1be9f286e13-SegmentedRaftLogWorker:Storage Directory /workdir/hadoop-ozone/tools/target/test-dir/MiniOzoneClusterImpl-48448ead-6be7-4ea0-abfc-19da8f63b657/datanode-2/data/ratis/87d90e80-4179-4ae6-9b93-91abe55755bd] INFO  segmented.SegmentedRaftLogWorker (SegmentedRaftLogWorker.java:execute(569)) - a32c3c57-45cd-4630-bd30-a1be9f286e13-SegmentedRaftLogWorker:Storage Directory /workdir/hadoop-ozone/tools/target/test-dir/MiniOzoneClusterImpl-48448ead-6be7-4ea0-abfc-19da8f63b657/datanode-2/data/ratis/87d90e80-4179-4ae6-9b93-91abe55755bd: created new log segment /workdir/hadoop-ozone/tools/target/test-dir/MiniOzoneClusterImpl-48448ead-6be7-4ea0-abfc-19da8f63b657/datanode-2/data/ratis/87d90e80-4179-4ae6-9b93-91abe55755bd/current/log_inprogress_0
2019-09-12 11:49:58,931 [a32c3c57-45cd-4630-bd30-a1be9f286e13:group-B38B28A5BBFF:LeaderElection10] INFO  impl.LeaderElection (LeaderElection.java:askForVotes(181)) - a32c3c57-45cd-4630-bd30-a1be9f286e13:group-B38B28A5BBFF:LeaderElection10: begin an election at term 1 for -1: [a32c3c57-45cd-4630-bd30-a1be9f286e13:192.168.36.114:41176], old=null
2019-09-12 11:49:58,931 [da13140e-97ff-4909-b236-e6528747f6c6:group-5CB1281C1BA6:LeaderElection9] INFO  impl.LeaderElection (LeaderElection.java:askForVotes(181)) - da13140e-97ff-4909-b236-e6528747f6c6:group-5CB1281C1BA6:LeaderElection9: begin an election at term 1 for -1: [da13140e-97ff-4909-b236-e6528747f6c6:192.168.36.114:44504], old=null
2019-09-12 11:49:58,932 [a32c3c57-45cd-4630-bd30-a1be9f286e13:group-B38B28A5BBFF:LeaderElection10] INFO  impl.RoleInfo (RoleInfo.java:shutdownLeaderElection(134)) - a32c3c57-45cd-4630-bd30-a1be9f286e13: shutdown LeaderElection
2019-09-12 11:49:58,932 [da13140e-97ff-4909-b236-e6528747f6c6:group-5CB1281C1BA6:LeaderElection9] INFO  impl.RoleInfo (RoleInfo.java:shutdownLeaderElection(134)) - da13140e-97ff-4909-b236-e6528747f6c6: shutdown LeaderElection
2019-09-12 11:49:58,932 [a32c3c57-45cd-4630-bd30-a1be9f286e13:group-B38B28A5BBFF:LeaderElection10] INFO  impl.RaftServerImpl (RaftServerImpl.java:setRole(171)) - a32c3c57-45cd-4630-bd30-a1be9f286e13:group-B38B28A5BBFF changes role from CANDIDATE to LEADER at term 1 for changeToLeader
2019-09-12 11:49:58,932 [da13140e-97ff-4909-b236-e6528747f6c6:group-5CB1281C1BA6:LeaderElection9] INFO  impl.RaftServerImpl (RaftServerImpl.java:setRole(171)) - da13140e-97ff-4909-b236-e6528747f6c6:group-5CB1281C1BA6 changes role from CANDIDATE to LEADER at term 1 for changeToLeader
2019-09-12 11:49:58,932 [a32c3c57-45cd-4630-bd30-a1be9f286e13:group-B38B28A5BBFF:LeaderElection10] INFO  impl.RaftServerImpl (ServerState.java:setLeader(263)) - a32c3c57-45cd-4630-bd30-a1be9f286e13:group-B38B28A5BBFF change Leader from null to a32c3c57-45cd-4630-bd30-a1be9f286e13 at term 1 for becomeLeader, leader elected after 5211ms
2019-09-12 11:49:58,932 [da13140e-97ff-4909-b236-e6528747f6c6:group-5CB1281C1BA6:LeaderElection9] INFO  impl.RaftServerImpl (ServerState.java:setLeader(263)) - da13140e-97ff-4909-b236-e6528747f6c6:group-5CB1281C1BA6 change Leader from null to da13140e-97ff-4909-b236-e6528747f6c6 at term 1 for becomeLeader, leader elected after 5146ms
2019-09-12 11:49:58,932 [a32c3c57-45cd-4630-bd30-a1be9f286e13:group-B38B28A5BBFF:LeaderElection10] INFO  server.RaftServerConfigKeys (ConfUtils.java:logGet(43)) - raft.server.staging.catchup.gap = 1000 (default)
2019-09-12 11:49:58,933 [da13140e-97ff-4909-b236-e6528747f6c6:group-5CB1281C1BA6:LeaderElection9] INFO  server.RaftServerConfigKeys (ConfUtils.java:logGet(43)) - raft.server.staging.catchup.gap = 1000 (default)
2019-09-12 11:49:58,933 [a32c3c57-45cd-4630-bd30-a1be9f286e13:group-B38B28A5BBFF:LeaderElection10] INFO  server.RaftServerConfigKeys (ConfUtils.java:logGet(43)) - raft.server.rpc.sleep.time = 25ms (default)
2019-09-12 11:49:58,933 [da13140e-97ff-4909-b236-e6528747f6c6:group-5CB1281C1BA6:LeaderElection9] INFO  server.RaftServerConfigKeys (ConfUtils.java:logGet(43)) - raft.server.rpc.sleep.time = 25ms (default)
2019-09-12 11:49:58,933 [a32c3c57-45cd-4630-bd30-a1be9f286e13:group-B38B28A5BBFF:LeaderElection10] INFO  server.RaftServerConfigKeys (ConfUtils.java:logGet(43)) - raft.server.write.element-limit = 4096 (default)
2019-09-12 11:49:58,933 [da13140e-97ff-4909-b236-e6528747f6c6:group-5CB1281C1BA6:LeaderElection9] INFO  server.RaftServerConfigKeys (ConfUtils.java:logGet(43)) - raft.server.write.element-limit = 4096 (default)
2019-09-12 11:49:58,933 [a32c3c57-45cd-4630-bd30-a1be9f286e13:group-B38B28A5BBFF:LeaderElection10] INFO  server.RaftServerConfigKeys (ConfUtils.java:logGet(43)) - raft.server.watch.timeout = 10s (default)
2019-09-12 11:49:58,933 [da13140e-97ff-4909-b236-e6528747f6c6:group-5CB1281C1BA6:LeaderElection9] INFO  server.RaftServerConfigKeys (ConfUtils.java:logGet(43)) - raft.server.watch.timeout = 10s (default)
2019-09-12 11:49:58,933 [a32c3c57-45cd-4630-bd30-a1be9f286e13:group-B38B28A5BBFF:LeaderElection10] INFO  server.RaftServerConfigKeys (ConfUtils.java:logGet(43)) - raft.server.watch.timeout.denomination = 1s (default)
2019-09-12 11:49:58,933 [da13140e-97ff-4909-b236-e6528747f6c6:group-5CB1281C1BA6:LeaderElection9] INFO  server.RaftServerConfigKeys (ConfUtils.java:logGet(43)) - raft.server.watch.timeout.denomination = 1s (default)
2019-09-12 11:49:58,933 [a32c3c57-45cd-4630-bd30-a1be9f286e13:group-B38B28A5BBFF:LeaderElection10] INFO  server.RaftServerConfigKeys (ConfUtils.java:logGet(43)) - raft.server.watch.element-limit = 65536 (default)
2019-09-12 11:49:58,933 [da13140e-97ff-4909-b236-e6528747f6c6:group-5CB1281C1BA6:LeaderElection9] INFO  server.RaftServerConfigKeys (ConfUtils.java:logGet(43)) - raft.server.watch.element-limit = 65536 (default)
2019-09-12 11:49:58,934 [a32c3c57-45cd-4630-bd30-a1be9f286e13:group-B38B28A5BBFF:LeaderElection10] INFO  impl.RoleInfo (RoleInfo.java:updateAndGet(143)) - a32c3c57-45cd-4630-bd30-a1be9f286e13: start LeaderState
2019-09-12 11:49:58,934 [da13140e-97ff-4909-b236-e6528747f6c6:group-5CB1281C1BA6:LeaderElection9] INFO  impl.RoleInfo (RoleInfo.java:updateAndGet(143)) - da13140e-97ff-4909-b236-e6528747f6c6: start LeaderState
2019-09-12 11:49:58,934 [a32c3c57-45cd-4630-bd30-a1be9f286e13:group-B38B28A5BBFF:LeaderElection10] INFO  segmented.SegmentedRaftLogWorker (SegmentedRaftLogWorker.java:startLogSegment(380)) - a32c3c57-45cd-4630-bd30-a1be9f286e13-SegmentedRaftLogWorker:Storage Directory /workdir/hadoop-ozone/tools/target/test-dir/MiniOzoneClusterImpl-48448ead-6be7-4ea0-abfc-19da8f63b657/datanode-2/data/ratis/78157b69-8c4c-493e-b092-b38b28a5bbff: Starting segment from index:0
2019-09-12 11:49:58,934 [da13140e-97ff-4909-b236-e6528747f6c6:group-5CB1281C1BA6:LeaderElection9] INFO  segmented.SegmentedRaftLogWorker (SegmentedRaftLogWorker.java:startLogSegment(380)) - da13140e-97ff-4909-b236-e6528747f6c6-SegmentedRaftLogWorker:Storage Directory /workdir/hadoop-ozone/tools/target/test-dir/MiniOzoneClusterImpl-48448ead-6be7-4ea0-abfc-19da8f63b657/datanode-1/data/ratis/88c5d58d-a329-4648-8dc1-5cb1281c1ba6: Starting segment from index:0
2019-09-12 11:49:58,934 [a32c3c57-45cd-4630-bd30-a1be9f286e13:group-B38B28A5BBFF:LeaderElection10] INFO  impl.RaftServerImpl (ServerState.java:setRaftConf(361)) - a32c3c57-45cd-4630-bd30-a1be9f286e13:group-B38B28A5BBFF set configuration 0: [a32c3c57-45cd-4630-bd30-a1be9f286e13:192.168.36.114:41176], old=null at 0
2019-09-12 11:49:58,966 [Thread-239] INFO  impl.FollowerState (FollowerState.java:run(106)) - efd2d550-d23b-43a8-a0f9-f6ba5c59f5a4:group-F76D95A20016 changes to CANDIDATE, lastRpcTime:5102, electionTimeout:5086ms
2019-09-12 11:49:58,966 [Thread-239] INFO  impl.RoleInfo (RoleInfo.java:shutdownFollowerState(121)) - efd2d550-d23b-43a8-a0f9-f6ba5c59f5a4: shutdown FollowerState
2019-09-12 11:49:58,966 [da13140e-97ff-4909-b236-e6528747f6c6:group-5CB1281C1BA6:LeaderElection9] INFO  impl.RaftServerImpl (ServerState.java:setRaftConf(361)) - da13140e-97ff-4909-b236-e6528747f6c6:group-5CB1281C1BA6 set configuration 0: [da13140e-97ff-4909-b236-e6528747f6c6:192.168.36.114:44504], old=null at 0
2019-09-12 11:49:58,966 [Thread-239] INFO  impl.RaftServerImpl (RaftServerImpl.java:setRole(171)) - efd2d550-d23b-43a8-a0f9-f6ba5c59f5a4:group-F76D95A20016 changes role from FOLLOWER to CANDIDATE at term 0 for changeToCandidate
2019-09-12 11:49:58,992 [a32c3c57-45cd-4630-bd30-a1be9f286e13-SegmentedRaftLogWorker:Storage Directory /workdir/hadoop-ozone/tools/target/test-dir/MiniOzoneClusterImpl-48448ead-6be7-4ea0-abfc-19da8f63b657/datanode-2/data/ratis/78157b69-8c4c-493e-b092-b38b28a5bbff] INFO  segmented.SegmentedRaftLogWorker (SegmentedRaftLogWorker.java:execute(569)) - a32c3c57-45cd-4630-bd30-a1be9f286e13-SegmentedRaftLogWorker:Storage Directory /workdir/hadoop-ozone/tools/target/test-dir/MiniOzoneClusterImpl-48448ead-6be7-4ea0-abfc-19da8f63b657/datanode-2/data/ratis/78157b69-8c4c-493e-b092-b38b28a5bbff: created new log segment /workdir/hadoop-ozone/tools/target/test-dir/MiniOzoneClusterImpl-48448ead-6be7-4ea0-abfc-19da8f63b657/datanode-2/data/ratis/78157b69-8c4c-493e-b092-b38b28a5bbff/current/log_inprogress_0
2019-09-12 11:49:58,993 [Thread-239] INFO  impl.RoleInfo (RoleInfo.java:updateAndGet(143)) - efd2d550-d23b-43a8-a0f9-f6ba5c59f5a4: start LeaderElection
2019-09-12 11:49:59,005 [da13140e-97ff-4909-b236-e6528747f6c6-SegmentedRaftLogWorker:Storage Directory /workdir/hadoop-ozone/tools/target/test-dir/MiniOzoneClusterImpl-48448ead-6be7-4ea0-abfc-19da8f63b657/datanode-1/data/ratis/88c5d58d-a329-4648-8dc1-5cb1281c1ba6] INFO  segmented.SegmentedRaftLogWorker (SegmentedRaftLogWorker.java:execute(569)) - da13140e-97ff-4909-b236-e6528747f6c6-SegmentedRaftLogWorker:Storage Directory /workdir/hadoop-ozone/tools/target/test-dir/MiniOzoneClusterImpl-48448ead-6be7-4ea0-abfc-19da8f63b657/datanode-1/data/ratis/88c5d58d-a329-4648-8dc1-5cb1281c1ba6: created new log segment /workdir/hadoop-ozone/tools/target/test-dir/MiniOzoneClusterImpl-48448ead-6be7-4ea0-abfc-19da8f63b657/datanode-1/data/ratis/88c5d58d-a329-4648-8dc1-5cb1281c1ba6/current/log_inprogress_0
2019-09-12 11:49:59,010 [efd2d550-d23b-43a8-a0f9-f6ba5c59f5a4:group-F76D95A20016:LeaderElection11] INFO  impl.LeaderElection (LeaderElection.java:askForVotes(181)) - efd2d550-d23b-43a8-a0f9-f6ba5c59f5a4:group-F76D95A20016:LeaderElection11: begin an election at term 1 for -1: [efd2d550-d23b-43a8-a0f9-f6ba5c59f5a4:192.168.36.114:40324], old=null
2019-09-12 11:49:59,010 [efd2d550-d23b-43a8-a0f9-f6ba5c59f5a4:group-F76D95A20016:LeaderElection11] INFO  impl.RoleInfo (RoleInfo.java:shutdownLeaderElection(134)) - efd2d550-d23b-43a8-a0f9-f6ba5c59f5a4: shutdown LeaderElection
2019-09-12 11:49:59,010 [efd2d550-d23b-43a8-a0f9-f6ba5c59f5a4:group-F76D95A20016:LeaderElection11] INFO  impl.RaftServerImpl (RaftServerImpl.java:setRole(171)) - efd2d550-d23b-43a8-a0f9-f6ba5c59f5a4:group-F76D95A20016 changes role from CANDIDATE to LEADER at term 1 for changeToLeader
2019-09-12 11:49:59,010 [efd2d550-d23b-43a8-a0f9-f6ba5c59f5a4:group-F76D95A20016:LeaderElection11] INFO  impl.RaftServerImpl (ServerState.java:setLeader(263)) - efd2d550-d23b-43a8-a0f9-f6ba5c59f5a4:group-F76D95A20016 change Leader from null to efd2d550-d23b-43a8-a0f9-f6ba5c59f5a4 at term 1 for becomeLeader, leader elected after 5152ms
2019-09-12 11:49:59,011 [efd2d550-d23b-43a8-a0f9-f6ba5c59f5a4:group-F76D95A20016:LeaderElection11] INFO  server.RaftServerConfigKeys (ConfUtils.java:logGet(43)) - raft.server.staging.catchup.gap = 1000 (default)
2019-09-12 11:49:59,011 [efd2d550-d23b-43a8-a0f9-f6ba5c59f5a4:group-F76D95A20016:LeaderElection11] INFO  server.RaftServerConfigKeys (ConfUtils.java:logGet(43)) - raft.server.rpc.sleep.time = 25ms (default)
2019-09-12 11:49:59,011 [efd2d550-d23b-43a8-a0f9-f6ba5c59f5a4:group-F76D95A20016:LeaderElection11] INFO  server.RaftServerConfigKeys (ConfUtils.java:logGet(43)) - raft.server.write.element-limit = 4096 (default)
2019-09-12 11:49:59,011 [efd2d550-d23b-43a8-a0f9-f6ba5c59f5a4:group-F76D95A20016:LeaderElection11] INFO  server.RaftServerConfigKeys (ConfUtils.java:logGet(43)) - raft.server.watch.timeout = 10s (default)
2019-09-12 11:49:59,011 [efd2d550-d23b-43a8-a0f9-f6ba5c59f5a4:group-F76D95A20016:LeaderElection11] INFO  server.RaftServerConfigKeys (ConfUtils.java:logGet(43)) - raft.server.watch.timeout.denomination = 1s (default)
2019-09-12 11:49:59,011 [efd2d550-d23b-43a8-a0f9-f6ba5c59f5a4:group-F76D95A20016:LeaderElection11] INFO  server.RaftServerConfigKeys (ConfUtils.java:logGet(43)) - raft.server.watch.element-limit = 65536 (default)
2019-09-12 11:49:59,012 [efd2d550-d23b-43a8-a0f9-f6ba5c59f5a4:group-F76D95A20016:LeaderElection11] INFO  impl.RoleInfo (RoleInfo.java:updateAndGet(143)) - efd2d550-d23b-43a8-a0f9-f6ba5c59f5a4: start LeaderState
2019-09-12 11:49:59,012 [Thread-246] INFO  impl.FollowerState (FollowerState.java:run(106)) - da13140e-97ff-4909-b236-e6528747f6c6:group-D5D3676C02C5 changes to CANDIDATE, lastRpcTime:5016, electionTimeout:5016ms
2019-09-12 11:49:59,012 [Thread-246] INFO  impl.RoleInfo (RoleInfo.java:shutdownFollowerState(121)) - da13140e-97ff-4909-b236-e6528747f6c6: shutdown FollowerState
2019-09-12 11:49:59,012 [efd2d550-d23b-43a8-a0f9-f6ba5c59f5a4:group-F76D95A20016:LeaderElection11] INFO  segmented.SegmentedRaftLogWorker (SegmentedRaftLogWorker.java:startLogSegment(380)) - efd2d550-d23b-43a8-a0f9-f6ba5c59f5a4-SegmentedRaftLogWorker:Storage Directory /workdir/hadoop-ozone/tools/target/test-dir/MiniOzoneClusterImpl-48448ead-6be7-4ea0-abfc-19da8f63b657/datanode-0/data/ratis/8b48b6ba-aad5-403c-b755-f76d95a20016: Starting segment from index:0
2019-09-12 11:49:59,012 [Thread-246] INFO  impl.RaftServerImpl (RaftServerImpl.java:setRole(171)) - da13140e-97ff-4909-b236-e6528747f6c6:group-D5D3676C02C5 changes role from FOLLOWER to CANDIDATE at term 0 for changeToCandidate
2019-09-12 11:49:59,012 [Thread-246] INFO  impl.RoleInfo (RoleInfo.java:updateAndGet(143)) - da13140e-97ff-4909-b236-e6528747f6c6: start LeaderElection
2019-09-12 11:49:59,012 [efd2d550-d23b-43a8-a0f9-f6ba5c59f5a4:group-F76D95A20016:LeaderElection11] INFO  impl.RaftServerImpl (ServerState.java:setRaftConf(361)) - efd2d550-d23b-43a8-a0f9-f6ba5c59f5a4:group-F76D95A20016 set configuration 0: [efd2d550-d23b-43a8-a0f9-f6ba5c59f5a4:192.168.36.114:40324], old=null at 0
2019-09-12 11:49:59,045 [Thread-243] INFO  impl.FollowerState (FollowerState.java:run(106)) - da13140e-97ff-4909-b236-e6528747f6c6:group-E0F1D2D1FC15 changes to CANDIDATE, lastRpcTime:5113, electionTimeout:5106ms
2019-09-12 11:49:59,045 [Thread-243] INFO  impl.RoleInfo (RoleInfo.java:shutdownFollowerState(121)) - da13140e-97ff-4909-b236-e6528747f6c6: shutdown FollowerState
2019-09-12 11:49:59,046 [Thread-243] INFO  impl.RaftServerImpl (RaftServerImpl.java:setRole(171)) - da13140e-97ff-4909-b236-e6528747f6c6:group-E0F1D2D1FC15 changes role from FOLLOWER to CANDIDATE at term 0 for changeToCandidate
2019-09-12 11:49:59,049 [Thread-243] INFO  impl.RoleInfo (RoleInfo.java:updateAndGet(143)) - da13140e-97ff-4909-b236-e6528747f6c6: start LeaderElection
2019-09-12 11:49:59,058 [efd2d550-d23b-43a8-a0f9-f6ba5c59f5a4-SegmentedRaftLogWorker:Storage Directory /workdir/hadoop-ozone/tools/target/test-dir/MiniOzoneClusterImpl-48448ead-6be7-4ea0-abfc-19da8f63b657/datanode-0/data/ratis/8b48b6ba-aad5-403c-b755-f76d95a20016] INFO  segmented.SegmentedRaftLogWorker (SegmentedRaftLogWorker.java:execute(569)) - efd2d550-d23b-43a8-a0f9-f6ba5c59f5a4-SegmentedRaftLogWorker:Storage Directory /workdir/hadoop-ozone/tools/target/test-dir/MiniOzoneClusterImpl-48448ead-6be7-4ea0-abfc-19da8f63b657/datanode-0/data/ratis/8b48b6ba-aad5-403c-b755-f76d95a20016: created new log segment /workdir/hadoop-ozone/tools/target/test-dir/MiniOzoneClusterImpl-48448ead-6be7-4ea0-abfc-19da8f63b657/datanode-0/data/ratis/8b48b6ba-aad5-403c-b755-f76d95a20016/current/log_inprogress_0
2019-09-12 11:49:59,058 [da13140e-97ff-4909-b236-e6528747f6c6:group-D5D3676C02C5:LeaderElection12] INFO  impl.LeaderElection (LeaderElection.java:askForVotes(181)) - da13140e-97ff-4909-b236-e6528747f6c6:group-D5D3676C02C5:LeaderElection12: begin an election at term 1 for -1: [da13140e-97ff-4909-b236-e6528747f6c6:192.168.36.114:44504], old=null
2019-09-12 11:49:59,058 [da13140e-97ff-4909-b236-e6528747f6c6:group-E0F1D2D1FC15:LeaderElection13] INFO  impl.LeaderElection (LeaderElection.java:askForVotes(181)) - da13140e-97ff-4909-b236-e6528747f6c6:group-E0F1D2D1FC15:LeaderElection13: begin an election at term 1 for -1: [da13140e-97ff-4909-b236-e6528747f6c6:192.168.36.114:44504], old=null
2019-09-12 11:49:59,058 [da13140e-97ff-4909-b236-e6528747f6c6:group-D5D3676C02C5:LeaderElection12] INFO  impl.RoleInfo (RoleInfo.java:shutdownLeaderElection(134)) - da13140e-97ff-4909-b236-e6528747f6c6: shutdown LeaderElection
2019-09-12 11:49:59,058 [da13140e-97ff-4909-b236-e6528747f6c6:group-E0F1D2D1FC15:LeaderElection13] INFO  impl.RoleInfo (RoleInfo.java:shutdownLeaderElection(134)) - da13140e-97ff-4909-b236-e6528747f6c6: shutdown LeaderElection
2019-09-12 11:49:59,059 [da13140e-97ff-4909-b236-e6528747f6c6:group-D5D3676C02C5:LeaderElection12] INFO  impl.RaftServerImpl (RaftServerImpl.java:setRole(171)) - da13140e-97ff-4909-b236-e6528747f6c6:group-D5D3676C02C5 changes role from CANDIDATE to LEADER at term 1 for changeToLeader
2019-09-12 11:49:59,059 [da13140e-97ff-4909-b236-e6528747f6c6:group-E0F1D2D1FC15:LeaderElection13] INFO  impl.RaftServerImpl (RaftServerImpl.java:setRole(171)) - da13140e-97ff-4909-b236-e6528747f6c6:group-E0F1D2D1FC15 changes role from CANDIDATE to LEADER at term 1 for changeToLeader
2019-09-12 11:49:59,059 [da13140e-97ff-4909-b236-e6528747f6c6:group-D5D3676C02C5:LeaderElection12] INFO  impl.RaftServerImpl (ServerState.java:setLeader(263)) - da13140e-97ff-4909-b236-e6528747f6c6:group-D5D3676C02C5 change Leader from null to da13140e-97ff-4909-b236-e6528747f6c6 at term 1 for becomeLeader, leader elected after 5067ms
2019-09-12 11:49:59,059 [da13140e-97ff-4909-b236-e6528747f6c6:group-E0F1D2D1FC15:LeaderElection13] INFO  impl.RaftServerImpl (ServerState.java:setLeader(263)) - da13140e-97ff-4909-b236-e6528747f6c6:group-E0F1D2D1FC15 change Leader from null to da13140e-97ff-4909-b236-e6528747f6c6 at term 1 for becomeLeader, leader elected after 5131ms
2019-09-12 11:49:59,059 [da13140e-97ff-4909-b236-e6528747f6c6:group-D5D3676C02C5:LeaderElection12] INFO  server.RaftServerConfigKeys (ConfUtils.java:logGet(43)) - raft.server.staging.catchup.gap = 1000 (default)
2019-09-12 11:49:59,059 [da13140e-97ff-4909-b236-e6528747f6c6:group-E0F1D2D1FC15:LeaderElection13] INFO  server.RaftServerConfigKeys (ConfUtils.java:logGet(43)) - raft.server.staging.catchup.gap = 1000 (default)
2019-09-12 11:49:59,059 [da13140e-97ff-4909-b236-e6528747f6c6:group-D5D3676C02C5:LeaderElection12] INFO  server.RaftServerConfigKeys (ConfUtils.java:logGet(43)) - raft.server.rpc.sleep.time = 25ms (default)
2019-09-12 11:49:59,059 [da13140e-97ff-4909-b236-e6528747f6c6:group-E0F1D2D1FC15:LeaderElection13] INFO  server.RaftServerConfigKeys (ConfUtils.java:logGet(43)) - raft.server.rpc.sleep.time = 25ms (default)
2019-09-12 11:49:59,060 [da13140e-97ff-4909-b236-e6528747f6c6:group-D5D3676C02C5:LeaderElection12] INFO  server.RaftServerConfigKeys (ConfUtils.java:logGet(43)) - raft.server.write.element-limit = 4096 (default)
2019-09-12 11:49:59,060 [da13140e-97ff-4909-b236-e6528747f6c6:group-E0F1D2D1FC15:LeaderElection13] INFO  server.RaftServerConfigKeys (ConfUtils.java:logGet(43)) - raft.server.write.element-limit = 4096 (default)
2019-09-12 11:49:59,060 [da13140e-97ff-4909-b236-e6528747f6c6:group-D5D3676C02C5:LeaderElection12] INFO  server.RaftServerConfigKeys (ConfUtils.java:logGet(43)) - raft.server.watch.timeout = 10s (default)
2019-09-12 11:49:59,060 [da13140e-97ff-4909-b236-e6528747f6c6:group-E0F1D2D1FC15:LeaderElection13] INFO  server.RaftServerConfigKeys (ConfUtils.java:logGet(43)) - raft.server.watch.timeout = 10s (default)
2019-09-12 11:49:59,060 [da13140e-97ff-4909-b236-e6528747f6c6:group-D5D3676C02C5:LeaderElection12] INFO  server.RaftServerConfigKeys (ConfUtils.java:logGet(43)) - raft.server.watch.timeout.denomination = 1s (default)
2019-09-12 11:49:59,060 [da13140e-97ff-4909-b236-e6528747f6c6:group-E0F1D2D1FC15:LeaderElection13] INFO  server.RaftServerConfigKeys (ConfUtils.java:logGet(43)) - raft.server.watch.timeout.denomination = 1s (default)
2019-09-12 11:49:59,060 [da13140e-97ff-4909-b236-e6528747f6c6:group-D5D3676C02C5:LeaderElection12] INFO  server.RaftServerConfigKeys (ConfUtils.java:logGet(43)) - raft.server.watch.element-limit = 65536 (default)
2019-09-12 11:49:59,060 [da13140e-97ff-4909-b236-e6528747f6c6:group-E0F1D2D1FC15:LeaderElection13] INFO  server.RaftServerConfigKeys (ConfUtils.java:logGet(43)) - raft.server.watch.element-limit = 65536 (default)
2019-09-12 11:49:59,061 [da13140e-97ff-4909-b236-e6528747f6c6:group-D5D3676C02C5:LeaderElection12] INFO  impl.RoleInfo (RoleInfo.java:updateAndGet(143)) - da13140e-97ff-4909-b236-e6528747f6c6: start LeaderState
2019-09-12 11:49:59,061 [da13140e-97ff-4909-b236-e6528747f6c6:group-E0F1D2D1FC15:LeaderElection13] INFO  impl.RoleInfo (RoleInfo.java:updateAndGet(143)) - da13140e-97ff-4909-b236-e6528747f6c6: start LeaderState
2019-09-12 11:49:59,061 [da13140e-97ff-4909-b236-e6528747f6c6:group-D5D3676C02C5:LeaderElection12] INFO  segmented.SegmentedRaftLogWorker (SegmentedRaftLogWorker.java:startLogSegment(380)) - da13140e-97ff-4909-b236-e6528747f6c6-SegmentedRaftLogWorker:Storage Directory /workdir/hadoop-ozone/tools/target/test-dir/MiniOzoneClusterImpl-48448ead-6be7-4ea0-abfc-19da8f63b657/datanode-1/data/ratis/d13f3992-7729-4b90-aff3-d5d3676c02c5: Starting segment from index:0
2019-09-12 11:49:59,061 [da13140e-97ff-4909-b236-e6528747f6c6:group-E0F1D2D1FC15:LeaderElection13] INFO  segmented.SegmentedRaftLogWorker (SegmentedRaftLogWorker.java:startLogSegment(380)) - da13140e-97ff-4909-b236-e6528747f6c6-SegmentedRaftLogWorker:Storage Directory /workdir/hadoop-ozone/tools/target/test-dir/MiniOzoneClusterImpl-48448ead-6be7-4ea0-abfc-19da8f63b657/datanode-1/data/ratis/9e2fafe8-6c4f-4bb9-b170-e0f1d2d1fc15: Starting segment from index:0
2019-09-12 11:49:59,061 [da13140e-97ff-4909-b236-e6528747f6c6:group-D5D3676C02C5:LeaderElection12] INFO  impl.RaftServerImpl (ServerState.java:setRaftConf(361)) - da13140e-97ff-4909-b236-e6528747f6c6:group-D5D3676C02C5 set configuration 0: [da13140e-97ff-4909-b236-e6528747f6c6:192.168.36.114:44504], old=null at 0
2019-09-12 11:49:59,100 [da13140e-97ff-4909-b236-e6528747f6c6:group-E0F1D2D1FC15:LeaderElection13] INFO  impl.RaftServerImpl (ServerState.java:setRaftConf(361)) - da13140e-97ff-4909-b236-e6528747f6c6:group-E0F1D2D1FC15 set configuration 0: [da13140e-97ff-4909-b236-e6528747f6c6:192.168.36.114:44504], old=null at 0
2019-09-12 11:49:59,134 [da13140e-97ff-4909-b236-e6528747f6c6-SegmentedRaftLogWorker:Storage Directory /workdir/hadoop-ozone/tools/target/test-dir/MiniOzoneClusterImpl-48448ead-6be7-4ea0-abfc-19da8f63b657/datanode-1/data/ratis/d13f3992-7729-4b90-aff3-d5d3676c02c5] INFO  segmented.SegmentedRaftLogWorker (SegmentedRaftLogWorker.java:execute(569)) - da13140e-97ff-4909-b236-e6528747f6c6-SegmentedRaftLogWorker:Storage Directory /workdir/hadoop-ozone/tools/target/test-dir/MiniOzoneClusterImpl-48448ead-6be7-4ea0-abfc-19da8f63b657/datanode-1/data/ratis/d13f3992-7729-4b90-aff3-d5d3676c02c5: created new log segment /workdir/hadoop-ozone/tools/target/test-dir/MiniOzoneClusterImpl-48448ead-6be7-4ea0-abfc-19da8f63b657/datanode-1/data/ratis/d13f3992-7729-4b90-aff3-d5d3676c02c5/current/log_inprogress_0
2019-09-12 11:49:59,135 | INFO  | SCMAudit | user=jenkins1000 | ip=192.168.36.114 | op=SEND_HEARTBEAT {datanodeUUID=da13140e-97ff-4909-b236-e6528747f6c6, command=[]} | ret=SUCCESS |  
2019-09-12 11:49:59,147 [da13140e-97ff-4909-b236-e6528747f6c6-SegmentedRaftLogWorker:Storage Directory /workdir/hadoop-ozone/tools/target/test-dir/MiniOzoneClusterImpl-48448ead-6be7-4ea0-abfc-19da8f63b657/datanode-1/data/ratis/9e2fafe8-6c4f-4bb9-b170-e0f1d2d1fc15] INFO  segmented.SegmentedRaftLogWorker (SegmentedRaftLogWorker.java:execute(569)) - da13140e-97ff-4909-b236-e6528747f6c6-SegmentedRaftLogWorker:Storage Directory /workdir/hadoop-ozone/tools/target/test-dir/MiniOzoneClusterImpl-48448ead-6be7-4ea0-abfc-19da8f63b657/datanode-1/data/ratis/9e2fafe8-6c4f-4bb9-b170-e0f1d2d1fc15: created new log segment /workdir/hadoop-ozone/tools/target/test-dir/MiniOzoneClusterImpl-48448ead-6be7-4ea0-abfc-19da8f63b657/datanode-1/data/ratis/9e2fafe8-6c4f-4bb9-b170-e0f1d2d1fc15/current/log_inprogress_0
2019-09-12 11:49:59,170 [Thread-249] INFO  impl.FollowerState (FollowerState.java:run(106)) - a32c3c57-45cd-4630-bd30-a1be9f286e13:group-E1B94209BA7C changes to CANDIDATE, lastRpcTime:5115, electionTimeout:5115ms
2019-09-12 11:49:59,170 [Thread-249] INFO  impl.RoleInfo (RoleInfo.java:shutdownFollowerState(121)) - a32c3c57-45cd-4630-bd30-a1be9f286e13: shutdown FollowerState
2019-09-12 11:49:59,170 [Thread-249] INFO  impl.RaftServerImpl (RaftServerImpl.java:setRole(171)) - a32c3c57-45cd-4630-bd30-a1be9f286e13:group-E1B94209BA7C changes role from FOLLOWER to CANDIDATE at term 0 for changeToCandidate
2019-09-12 11:49:59,170 [Thread-249] INFO  impl.RoleInfo (RoleInfo.java:updateAndGet(143)) - a32c3c57-45cd-4630-bd30-a1be9f286e13: start LeaderElection
2019-09-12 11:49:59,189 [a32c3c57-45cd-4630-bd30-a1be9f286e13:group-E1B94209BA7C:LeaderElection14] INFO  impl.LeaderElection (LeaderElection.java:askForVotes(181)) - a32c3c57-45cd-4630-bd30-a1be9f286e13:group-E1B94209BA7C:LeaderElection14: begin an election at term 1 for -1: [a32c3c57-45cd-4630-bd30-a1be9f286e13:192.168.36.114:41176], old=null
2019-09-12 11:49:59,190 [a32c3c57-45cd-4630-bd30-a1be9f286e13:group-E1B94209BA7C:LeaderElection14] INFO  impl.RoleInfo (RoleInfo.java:shutdownLeaderElection(134)) - a32c3c57-45cd-4630-bd30-a1be9f286e13: shutdown LeaderElection
2019-09-12 11:49:59,190 [a32c3c57-45cd-4630-bd30-a1be9f286e13:group-E1B94209BA7C:LeaderElection14] INFO  impl.RaftServerImpl (RaftServerImpl.java:setRole(171)) - a32c3c57-45cd-4630-bd30-a1be9f286e13:group-E1B94209BA7C changes role from CANDIDATE to LEADER at term 1 for changeToLeader
2019-09-12 11:49:59,190 [a32c3c57-45cd-4630-bd30-a1be9f286e13:group-E1B94209BA7C:LeaderElection14] INFO  impl.RaftServerImpl (ServerState.java:setLeader(263)) - a32c3c57-45cd-4630-bd30-a1be9f286e13:group-E1B94209BA7C change Leader from null to a32c3c57-45cd-4630-bd30-a1be9f286e13 at term 1 for becomeLeader, leader elected after 5139ms
2019-09-12 11:49:59,190 [a32c3c57-45cd-4630-bd30-a1be9f286e13:group-E1B94209BA7C:LeaderElection14] INFO  server.RaftServerConfigKeys (ConfUtils.java:logGet(43)) - raft.server.staging.catchup.gap = 1000 (default)
2019-09-12 11:49:59,190 [a32c3c57-45cd-4630-bd30-a1be9f286e13:group-E1B94209BA7C:LeaderElection14] INFO  server.RaftServerConfigKeys (ConfUtils.java:logGet(43)) - raft.server.rpc.sleep.time = 25ms (default)
2019-09-12 11:49:59,190 [a32c3c57-45cd-4630-bd30-a1be9f286e13:group-E1B94209BA7C:LeaderElection14] INFO  server.RaftServerConfigKeys (ConfUtils.java:logGet(43)) - raft.server.write.element-limit = 4096 (default)
2019-09-12 11:49:59,190 [a32c3c57-45cd-4630-bd30-a1be9f286e13:group-E1B94209BA7C:LeaderElection14] INFO  server.RaftServerConfigKeys (ConfUtils.java:logGet(43)) - raft.server.watch.timeout = 10s (default)
2019-09-12 11:49:59,191 [a32c3c57-45cd-4630-bd30-a1be9f286e13:group-E1B94209BA7C:LeaderElection14] INFO  server.RaftServerConfigKeys (ConfUtils.java:logGet(43)) - raft.server.watch.timeout.denomination = 1s (default)
2019-09-12 11:49:59,191 [a32c3c57-45cd-4630-bd30-a1be9f286e13:group-E1B94209BA7C:LeaderElection14] INFO  server.RaftServerConfigKeys (ConfUtils.java:logGet(43)) - raft.server.watch.element-limit = 65536 (default)
2019-09-12 11:49:59,191 [a32c3c57-45cd-4630-bd30-a1be9f286e13:group-E1B94209BA7C:LeaderElection14] INFO  impl.RoleInfo (RoleInfo.java:updateAndGet(143)) - a32c3c57-45cd-4630-bd30-a1be9f286e13: start LeaderState
2019-09-12 11:49:59,191 [a32c3c57-45cd-4630-bd30-a1be9f286e13:group-E1B94209BA7C:LeaderElection14] INFO  segmented.SegmentedRaftLogWorker (SegmentedRaftLogWorker.java:startLogSegment(380)) - a32c3c57-45cd-4630-bd30-a1be9f286e13-SegmentedRaftLogWorker:Storage Directory /workdir/hadoop-ozone/tools/target/test-dir/MiniOzoneClusterImpl-48448ead-6be7-4ea0-abfc-19da8f63b657/datanode-2/data/ratis/64567434-f8ae-4026-a812-e1b94209ba7c: Starting segment from index:0
2019-09-12 11:49:59,192 [a32c3c57-45cd-4630-bd30-a1be9f286e13:group-E1B94209BA7C:LeaderElection14] INFO  impl.RaftServerImpl (ServerState.java:setRaftConf(361)) - a32c3c57-45cd-4630-bd30-a1be9f286e13:group-E1B94209BA7C set configuration 0: [a32c3c57-45cd-4630-bd30-a1be9f286e13:192.168.36.114:41176], old=null at 0
2019-09-12 11:49:59,219 [Thread-256] INFO  impl.FollowerState (FollowerState.java:run(106)) - efd2d550-d23b-43a8-a0f9-f6ba5c59f5a4:group-7BF3D6702844 changes to CANDIDATE, lastRpcTime:5049, electionTimeout:5030ms
2019-09-12 11:49:59,220 [Thread-256] INFO  impl.RoleInfo (RoleInfo.java:shutdownFollowerState(121)) - efd2d550-d23b-43a8-a0f9-f6ba5c59f5a4: shutdown FollowerState
2019-09-12 11:49:59,220 [Thread-256] INFO  impl.RaftServerImpl (RaftServerImpl.java:setRole(171)) - efd2d550-d23b-43a8-a0f9-f6ba5c59f5a4:group-7BF3D6702844 changes role from FOLLOWER to CANDIDATE at term 0 for changeToCandidate
2019-09-12 11:49:59,220 [Thread-256] INFO  impl.RoleInfo (RoleInfo.java:updateAndGet(143)) - efd2d550-d23b-43a8-a0f9-f6ba5c59f5a4: start LeaderElection
2019-09-12 11:49:59,232 [a32c3c57-45cd-4630-bd30-a1be9f286e13-SegmentedRaftLogWorker:Storage Directory /workdir/hadoop-ozone/tools/target/test-dir/MiniOzoneClusterImpl-48448ead-6be7-4ea0-abfc-19da8f63b657/datanode-2/data/ratis/64567434-f8ae-4026-a812-e1b94209ba7c] INFO  segmented.SegmentedRaftLogWorker (SegmentedRaftLogWorker.java:execute(569)) - a32c3c57-45cd-4630-bd30-a1be9f286e13-SegmentedRaftLogWorker:Storage Directory /workdir/hadoop-ozone/tools/target/test-dir/MiniOzoneClusterImpl-48448ead-6be7-4ea0-abfc-19da8f63b657/datanode-2/data/ratis/64567434-f8ae-4026-a812-e1b94209ba7c: created new log segment /workdir/hadoop-ozone/tools/target/test-dir/MiniOzoneClusterImpl-48448ead-6be7-4ea0-abfc-19da8f63b657/datanode-2/data/ratis/64567434-f8ae-4026-a812-e1b94209ba7c/current/log_inprogress_0
2019-09-12 11:49:59,233 [efd2d550-d23b-43a8-a0f9-f6ba5c59f5a4:group-7BF3D6702844:LeaderElection15] INFO  impl.LeaderElection (LeaderElection.java:askForVotes(181)) - efd2d550-d23b-43a8-a0f9-f6ba5c59f5a4:group-7BF3D6702844:LeaderElection15: begin an election at term 1 for -1: [efd2d550-d23b-43a8-a0f9-f6ba5c59f5a4:192.168.36.114:40324], old=null
2019-09-12 11:49:59,233 [efd2d550-d23b-43a8-a0f9-f6ba5c59f5a4:group-7BF3D6702844:LeaderElection15] INFO  impl.RoleInfo (RoleInfo.java:shutdownLeaderElection(134)) - efd2d550-d23b-43a8-a0f9-f6ba5c59f5a4: shutdown LeaderElection
2019-09-12 11:49:59,233 [efd2d550-d23b-43a8-a0f9-f6ba5c59f5a4:group-7BF3D6702844:LeaderElection15] INFO  impl.RaftServerImpl (RaftServerImpl.java:setRole(171)) - efd2d550-d23b-43a8-a0f9-f6ba5c59f5a4:group-7BF3D6702844 changes role from CANDIDATE to LEADER at term 1 for changeToLeader
2019-09-12 11:49:59,233 [efd2d550-d23b-43a8-a0f9-f6ba5c59f5a4:group-7BF3D6702844:LeaderElection15] INFO  impl.RaftServerImpl (ServerState.java:setLeader(263)) - efd2d550-d23b-43a8-a0f9-f6ba5c59f5a4:group-7BF3D6702844 change Leader from null to efd2d550-d23b-43a8-a0f9-f6ba5c59f5a4 at term 1 for becomeLeader, leader elected after 5068ms
2019-09-12 11:49:59,234 [efd2d550-d23b-43a8-a0f9-f6ba5c59f5a4:group-7BF3D6702844:LeaderElection15] INFO  server.RaftServerConfigKeys (ConfUtils.java:logGet(43)) - raft.server.staging.catchup.gap = 1000 (default)
2019-09-12 11:49:59,234 [efd2d550-d23b-43a8-a0f9-f6ba5c59f5a4:group-7BF3D6702844:LeaderElection15] INFO  server.RaftServerConfigKeys (ConfUtils.java:logGet(43)) - raft.server.rpc.sleep.time = 25ms (default)
2019-09-12 11:49:59,234 [efd2d550-d23b-43a8-a0f9-f6ba5c59f5a4:group-7BF3D6702844:LeaderElection15] INFO  server.RaftServerConfigKeys (ConfUtils.java:logGet(43)) - raft.server.write.element-limit = 4096 (default)
2019-09-12 11:49:59,234 [efd2d550-d23b-43a8-a0f9-f6ba5c59f5a4:group-7BF3D6702844:LeaderElection15] INFO  server.RaftServerConfigKeys (ConfUtils.java:logGet(43)) - raft.server.watch.timeout = 10s (default)
2019-09-12 11:49:59,234 [efd2d550-d23b-43a8-a0f9-f6ba5c59f5a4:group-7BF3D6702844:LeaderElection15] INFO  server.RaftServerConfigKeys (ConfUtils.java:logGet(43)) - raft.server.watch.timeout.denomination = 1s (default)
2019-09-12 11:49:59,234 [efd2d550-d23b-43a8-a0f9-f6ba5c59f5a4:group-7BF3D6702844:LeaderElection15] INFO  server.RaftServerConfigKeys (ConfUtils.java:logGet(43)) - raft.server.watch.element-limit = 65536 (default)
2019-09-12 11:49:59,235 [efd2d550-d23b-43a8-a0f9-f6ba5c59f5a4:group-7BF3D6702844:LeaderElection15] INFO  impl.RoleInfo (RoleInfo.java:updateAndGet(143)) - efd2d550-d23b-43a8-a0f9-f6ba5c59f5a4: start LeaderState
2019-09-12 11:49:59,235 [efd2d550-d23b-43a8-a0f9-f6ba5c59f5a4:group-7BF3D6702844:LeaderElection15] INFO  segmented.SegmentedRaftLogWorker (SegmentedRaftLogWorker.java:startLogSegment(380)) - efd2d550-d23b-43a8-a0f9-f6ba5c59f5a4-SegmentedRaftLogWorker:Storage Directory /workdir/hadoop-ozone/tools/target/test-dir/MiniOzoneClusterImpl-48448ead-6be7-4ea0-abfc-19da8f63b657/datanode-0/data/ratis/68ed7a72-262c-48ea-930b-7bf3d6702844: Starting segment from index:0
2019-09-12 11:49:59,236 [efd2d550-d23b-43a8-a0f9-f6ba5c59f5a4:group-7BF3D6702844:LeaderElection15] INFO  impl.RaftServerImpl (ServerState.java:setRaftConf(361)) - efd2d550-d23b-43a8-a0f9-f6ba5c59f5a4:group-7BF3D6702844 set configuration 0: [efd2d550-d23b-43a8-a0f9-f6ba5c59f5a4:192.168.36.114:40324], old=null at 0
2019-09-12 11:49:59,269 [Thread-253] INFO  impl.FollowerState (FollowerState.java:run(106)) - da13140e-97ff-4909-b236-e6528747f6c6:group-EBA4B9CFFDC9 changes to CANDIDATE, lastRpcTime:5153, electionTimeout:5140ms
2019-09-12 11:49:59,269 [Thread-253] INFO  impl.RoleInfo (RoleInfo.java:shutdownFollowerState(121)) - da13140e-97ff-4909-b236-e6528747f6c6: shutdown FollowerState
 0.00% |█                                                                                                    |  0/1 Time: 0:00:052019-09-12 11:49:59,269 [Thread-253] INFO  impl.RaftServerImpl (RaftServerImpl.java:setRole(171)) - da13140e-97ff-4909-b236-e6528747f6c6:group-EBA4B9CFFDC9 changes role from FOLLOWER to CANDIDATE at term 0 for changeToCandidate
2019-09-12 11:49:59,269 [Thread-253] INFO  impl.RoleInfo (RoleInfo.java:updateAndGet(143)) - da13140e-97ff-4909-b236-e6528747f6c6: start LeaderElection
2019-09-12 11:49:59,282 [efd2d550-d23b-43a8-a0f9-f6ba5c59f5a4-SegmentedRaftLogWorker:Storage Directory /workdir/hadoop-ozone/tools/target/test-dir/MiniOzoneClusterImpl-48448ead-6be7-4ea0-abfc-19da8f63b657/datanode-0/data/ratis/68ed7a72-262c-48ea-930b-7bf3d6702844] INFO  segmented.SegmentedRaftLogWorker (SegmentedRaftLogWorker.java:execute(569)) - efd2d550-d23b-43a8-a0f9-f6ba5c59f5a4-SegmentedRaftLogWorker:Storage Directory /workdir/hadoop-ozone/tools/target/test-dir/MiniOzoneClusterImpl-48448ead-6be7-4ea0-abfc-19da8f63b657/datanode-0/data/ratis/68ed7a72-262c-48ea-930b-7bf3d6702844: created new log segment /workdir/hadoop-ozone/tools/target/test-dir/MiniOzoneClusterImpl-48448ead-6be7-4ea0-abfc-19da8f63b657/datanode-0/data/ratis/68ed7a72-262c-48ea-930b-7bf3d6702844/current/log_inprogress_0
2019-09-12 11:49:59,282 [da13140e-97ff-4909-b236-e6528747f6c6:group-EBA4B9CFFDC9:LeaderElection16] INFO  impl.LeaderElection (LeaderElection.java:askForVotes(181)) - da13140e-97ff-4909-b236-e6528747f6c6:group-EBA4B9CFFDC9:LeaderElection16: begin an election at term 1 for -1: [da13140e-97ff-4909-b236-e6528747f6c6:192.168.36.114:44504], old=null
2019-09-12 11:49:59,282 [da13140e-97ff-4909-b236-e6528747f6c6:group-EBA4B9CFFDC9:LeaderElection16] INFO  impl.RoleInfo (RoleInfo.java:shutdownLeaderElection(134)) - da13140e-97ff-4909-b236-e6528747f6c6: shutdown LeaderElection
2019-09-12 11:49:59,282 [da13140e-97ff-4909-b236-e6528747f6c6:group-EBA4B9CFFDC9:LeaderElection16] INFO  impl.RaftServerImpl (RaftServerImpl.java:setRole(171)) - da13140e-97ff-4909-b236-e6528747f6c6:group-EBA4B9CFFDC9 changes role from CANDIDATE to LEADER at term 1 for changeToLeader
2019-09-12 11:49:59,283 [da13140e-97ff-4909-b236-e6528747f6c6:group-EBA4B9CFFDC9:LeaderElection16] INFO  impl.RaftServerImpl (ServerState.java:setLeader(263)) - da13140e-97ff-4909-b236-e6528747f6c6:group-EBA4B9CFFDC9 change Leader from null to da13140e-97ff-4909-b236-e6528747f6c6 at term 1 for becomeLeader, leader elected after 5170ms
2019-09-12 11:49:59,283 [da13140e-97ff-4909-b236-e6528747f6c6:group-EBA4B9CFFDC9:LeaderElection16] INFO  server.RaftServerConfigKeys (ConfUtils.java:logGet(43)) - raft.server.staging.catchup.gap = 1000 (default)
2019-09-12 11:49:59,283 [da13140e-97ff-4909-b236-e6528747f6c6:group-EBA4B9CFFDC9:LeaderElection16] INFO  server.RaftServerConfigKeys (ConfUtils.java:logGet(43)) - raft.server.rpc.sleep.time = 25ms (default)
2019-09-12 11:49:59,283 [da13140e-97ff-4909-b236-e6528747f6c6:group-EBA4B9CFFDC9:LeaderElection16] INFO  server.RaftServerConfigKeys (ConfUtils.java:logGet(43)) - raft.server.write.element-limit = 4096 (default)
2019-09-12 11:49:59,283 [da13140e-97ff-4909-b236-e6528747f6c6:group-EBA4B9CFFDC9:LeaderElection16] INFO  server.RaftServerConfigKeys (ConfUtils.java:logGet(43)) - raft.server.watch.timeout = 10s (default)
2019-09-12 11:49:59,283 [da13140e-97ff-4909-b236-e6528747f6c6:group-EBA4B9CFFDC9:LeaderElection16] INFO  server.RaftServerConfigKeys (ConfUtils.java:logGet(43)) - raft.server.watch.timeout.denomination = 1s (default)
2019-09-12 11:49:59,284 [da13140e-97ff-4909-b236-e6528747f6c6:group-EBA4B9CFFDC9:LeaderElection16] INFO  server.RaftServerConfigKeys (ConfUtils.java:logGet(43)) - raft.server.watch.element-limit = 65536 (default)
2019-09-12 11:49:59,284 [da13140e-97ff-4909-b236-e6528747f6c6:group-EBA4B9CFFDC9:LeaderElection16] INFO  impl.RoleInfo (RoleInfo.java:updateAndGet(143)) - da13140e-97ff-4909-b236-e6528747f6c6: start LeaderState
2019-09-12 11:49:59,284 [da13140e-97ff-4909-b236-e6528747f6c6:group-EBA4B9CFFDC9:LeaderElection16] INFO  segmented.SegmentedRaftLogWorker (SegmentedRaftLogWorker.java:startLogSegment(380)) - da13140e-97ff-4909-b236-e6528747f6c6-SegmentedRaftLogWorker:Storage Directory /workdir/hadoop-ozone/tools/target/test-dir/MiniOzoneClusterImpl-48448ead-6be7-4ea0-abfc-19da8f63b657/datanode-1/data/ratis/7af2a84a-a332-4b80-a2c0-eba4b9cffdc9: Starting segment from index:0
2019-09-12 11:49:59,287 [da13140e-97ff-4909-b236-e6528747f6c6:group-EBA4B9CFFDC9:LeaderElection16] INFO  impl.RaftServerImpl (ServerState.java:setRaftConf(361)) - da13140e-97ff-4909-b236-e6528747f6c6:group-EBA4B9CFFDC9 set configuration 0: [da13140e-97ff-4909-b236-e6528747f6c6:192.168.36.114:44504], old=null at 0
2019-09-12 11:49:59,316 | INFO  | SCMAudit | user=jenkins1000 | ip=192.168.36.114 | op=SEND_HEARTBEAT {datanodeUUID=a32c3c57-45cd-4630-bd30-a1be9f286e13, command=[]} | ret=SUCCESS |  
2019-09-12 11:49:59,327 [da13140e-97ff-4909-b236-e6528747f6c6-SegmentedRaftLogWorker:Storage Directory /workdir/hadoop-ozone/tools/target/test-dir/MiniOzoneClusterImpl-48448ead-6be7-4ea0-abfc-19da8f63b657/datanode-1/data/ratis/7af2a84a-a332-4b80-a2c0-eba4b9cffdc9] INFO  segmented.SegmentedRaftLogWorker (SegmentedRaftLogWorker.java:execute(569)) - da13140e-97ff-4909-b236-e6528747f6c6-SegmentedRaftLogWorker:Storage Directory /workdir/hadoop-ozone/tools/target/test-dir/MiniOzoneClusterImpl-48448ead-6be7-4ea0-abfc-19da8f63b657/datanode-1/data/ratis/7af2a84a-a332-4b80-a2c0-eba4b9cffdc9: created new log segment /workdir/hadoop-ozone/tools/target/test-dir/MiniOzoneClusterImpl-48448ead-6be7-4ea0-abfc-19da8f63b657/datanode-1/data/ratis/7af2a84a-a332-4b80-a2c0-eba4b9cffdc9/current/log_inprogress_0
2019-09-12 11:49:59,401 [Thread-259] INFO  impl.FollowerState (FollowerState.java:run(106)) - 3adca0c9-7635-4314-8dcd-426c8d10965a:group-C93DE0E7C65B changes to CANDIDATE, lastRpcTime:5180, electionTimeout:5180ms
2019-09-12 11:49:59,401 [Thread-259] INFO  impl.RoleInfo (RoleInfo.java:shutdownFollowerState(121)) - 3adca0c9-7635-4314-8dcd-426c8d10965a: shutdown FollowerState
2019-09-12 11:49:59,401 [Thread-259] INFO  impl.RaftServerImpl (RaftServerImpl.java:setRole(171)) - 3adca0c9-7635-4314-8dcd-426c8d10965a:group-C93DE0E7C65B changes role from FOLLOWER to CANDIDATE at term 0 for changeToCandidate
2019-09-12 11:49:59,401 [Thread-259] INFO  impl.RoleInfo (RoleInfo.java:updateAndGet(143)) - 3adca0c9-7635-4314-8dcd-426c8d10965a: start LeaderElection
2019-09-12 11:49:59,421 [3adca0c9-7635-4314-8dcd-426c8d10965a:group-C93DE0E7C65B:LeaderElection17] INFO  impl.LeaderElection (LeaderElection.java:askForVotes(181)) - 3adca0c9-7635-4314-8dcd-426c8d10965a:group-C93DE0E7C65B:LeaderElection17: begin an election at term 1 for -1: [3adca0c9-7635-4314-8dcd-426c8d10965a:192.168.36.114:44660], old=null
2019-09-12 11:49:59,421 [3adca0c9-7635-4314-8dcd-426c8d10965a:group-C93DE0E7C65B:LeaderElection17] INFO  impl.RoleInfo (RoleInfo.java:shutdownLeaderElection(134)) - 3adca0c9-7635-4314-8dcd-426c8d10965a: shutdown LeaderElection
2019-09-12 11:49:59,421 [3adca0c9-7635-4314-8dcd-426c8d10965a:group-C93DE0E7C65B:LeaderElection17] INFO  impl.RaftServerImpl (RaftServerImpl.java:setRole(171)) - 3adca0c9-7635-4314-8dcd-426c8d10965a:group-C93DE0E7C65B changes role from CANDIDATE to LEADER at term 1 for changeToLeader
2019-09-12 11:49:59,422 [3adca0c9-7635-4314-8dcd-426c8d10965a:group-C93DE0E7C65B:LeaderElection17] INFO  impl.RaftServerImpl (ServerState.java:setLeader(263)) - 3adca0c9-7635-4314-8dcd-426c8d10965a:group-C93DE0E7C65B change Leader from null to 3adca0c9-7635-4314-8dcd-426c8d10965a at term 1 for becomeLeader, leader elected after 5205ms
2019-09-12 11:49:59,422 [3adca0c9-7635-4314-8dcd-426c8d10965a:group-C93DE0E7C65B:LeaderElection17] INFO  server.RaftServerConfigKeys (ConfUtils.java:logGet(43)) - raft.server.staging.catchup.gap = 1000 (default)
2019-09-12 11:49:59,422 [3adca0c9-7635-4314-8dcd-426c8d10965a:group-C93DE0E7C65B:LeaderElection17] INFO  server.RaftServerConfigKeys (ConfUtils.java:logGet(43)) - raft.server.rpc.sleep.time = 25ms (default)
2019-09-12 11:49:59,422 [3adca0c9-7635-4314-8dcd-426c8d10965a:group-C93DE0E7C65B:LeaderElection17] INFO  server.RaftServerConfigKeys (ConfUtils.java:logGet(43)) - raft.server.write.element-limit = 4096 (default)
2019-09-12 11:49:59,423 [3adca0c9-7635-4314-8dcd-426c8d10965a:group-C93DE0E7C65B:LeaderElection17] INFO  server.RaftServerConfigKeys (ConfUtils.java:logGet(43)) - raft.server.watch.timeout = 10s (default)
2019-09-12 11:49:59,423 [3adca0c9-7635-4314-8dcd-426c8d10965a:group-C93DE0E7C65B:LeaderElection17] INFO  server.RaftServerConfigKeys (ConfUtils.java:logGet(43)) - raft.server.watch.timeout.denomination = 1s (default)
2019-09-12 11:49:59,423 [3adca0c9-7635-4314-8dcd-426c8d10965a:group-C93DE0E7C65B:LeaderElection17] INFO  server.RaftServerConfigKeys (ConfUtils.java:logGet(43)) - raft.server.watch.element-limit = 65536 (default)
2019-09-12 11:49:59,424 [3adca0c9-7635-4314-8dcd-426c8d10965a:group-C93DE0E7C65B:LeaderElection17] INFO  impl.RoleInfo (RoleInfo.java:updateAndGet(143)) - 3adca0c9-7635-4314-8dcd-426c8d10965a: start LeaderState
2019-09-12 11:49:59,424 [3adca0c9-7635-4314-8dcd-426c8d10965a:group-C93DE0E7C65B:LeaderElection17] INFO  segmented.SegmentedRaftLogWorker (SegmentedRaftLogWorker.java:startLogSegment(380)) - 3adca0c9-7635-4314-8dcd-426c8d10965a-SegmentedRaftLogWorker:Storage Directory /workdir/hadoop-ozone/tools/target/test-dir/MiniOzoneClusterImpl-48448ead-6be7-4ea0-abfc-19da8f63b657/datanode-4/data/ratis/d6dcd47f-3803-43d3-b150-c93de0e7c65b: Starting segment from index:0
2019-09-12 11:49:59,425 [3adca0c9-7635-4314-8dcd-426c8d10965a:group-C93DE0E7C65B:LeaderElection17] INFO  impl.RaftServerImpl (ServerState.java:setRaftConf(361)) - 3adca0c9-7635-4314-8dcd-426c8d10965a:group-C93DE0E7C65B set configuration 0: [3adca0c9-7635-4314-8dcd-426c8d10965a:192.168.36.114:44660], old=null at 0
2019-09-12 11:49:59,457 [Thread-269] INFO  impl.FollowerState (FollowerState.java:run(106)) - efd2d550-d23b-43a8-a0f9-f6ba5c59f5a4:group-0F48AB14A3DA changes to CANDIDATE, lastRpcTime:5111, electionTimeout:5090ms
2019-09-12 11:49:59,457 [Thread-266] INFO  impl.FollowerState (FollowerState.java:run(106)) - efd2d550-d23b-43a8-a0f9-f6ba5c59f5a4:group-511560302334 changes to CANDIDATE, lastRpcTime:5168, electionTimeout:5140ms
2019-09-12 11:49:59,457 [Thread-269] INFO  impl.RoleInfo (RoleInfo.java:shutdownFollowerState(121)) - efd2d550-d23b-43a8-a0f9-f6ba5c59f5a4: shutdown FollowerState
2019-09-12 11:49:59,458 [Thread-266] INFO  impl.RoleInfo (RoleInfo.java:shutdownFollowerState(121)) - efd2d550-d23b-43a8-a0f9-f6ba5c59f5a4: shutdown FollowerState
2019-09-12 11:49:59,458 [Thread-269] INFO  impl.RaftServerImpl (RaftServerImpl.java:setRole(171)) - efd2d550-d23b-43a8-a0f9-f6ba5c59f5a4:group-0F48AB14A3DA changes role from FOLLOWER to CANDIDATE at term 0 for changeToCandidate
2019-09-12 11:49:59,458 [Thread-266] INFO  impl.RaftServerImpl (RaftServerImpl.java:setRole(171)) - efd2d550-d23b-43a8-a0f9-f6ba5c59f5a4:group-511560302334 changes role from FOLLOWER to CANDIDATE at term 0 for changeToCandidate
2019-09-12 11:49:59,458 [Thread-269] INFO  impl.RoleInfo (RoleInfo.java:updateAndGet(143)) - efd2d550-d23b-43a8-a0f9-f6ba5c59f5a4: start LeaderElection
2019-09-12 11:49:59,458 [Thread-266] INFO  impl.RoleInfo (RoleInfo.java:updateAndGet(143)) - efd2d550-d23b-43a8-a0f9-f6ba5c59f5a4: start LeaderElection
2019-09-12 11:49:59,464 [Thread-272] INFO  impl.FollowerState (FollowerState.java:run(106)) - 3adca0c9-7635-4314-8dcd-426c8d10965a:group-AB53039783A2 changes to CANDIDATE, lastRpcTime:5043, electionTimeout:5040ms
2019-09-12 11:49:59,466 [Thread-272] INFO  impl.RoleInfo (RoleInfo.java:shutdownFollowerState(121)) - 3adca0c9-7635-4314-8dcd-426c8d10965a: shutdown FollowerState
2019-09-12 11:49:59,466 [Thread-272] INFO  impl.RaftServerImpl (RaftServerImpl.java:setRole(171)) - 3adca0c9-7635-4314-8dcd-426c8d10965a:group-AB53039783A2 changes role from FOLLOWER to CANDIDATE at term 0 for changeToCandidate
2019-09-12 11:49:59,466 [Thread-272] INFO  impl.RoleInfo (RoleInfo.java:updateAndGet(143)) - 3adca0c9-7635-4314-8dcd-426c8d10965a: start LeaderElection
2019-09-12 11:49:59,472 [3adca0c9-7635-4314-8dcd-426c8d10965a-SegmentedRaftLogWorker:Storage Directory /workdir/hadoop-ozone/tools/target/test-dir/MiniOzoneClusterImpl-48448ead-6be7-4ea0-abfc-19da8f63b657/datanode-4/data/ratis/d6dcd47f-3803-43d3-b150-c93de0e7c65b] INFO  segmented.SegmentedRaftLogWorker (SegmentedRaftLogWorker.java:execute(569)) - 3adca0c9-7635-4314-8dcd-426c8d10965a-SegmentedRaftLogWorker:Storage Directory /workdir/hadoop-ozone/tools/target/test-dir/MiniOzoneClusterImpl-48448ead-6be7-4ea0-abfc-19da8f63b657/datanode-4/data/ratis/d6dcd47f-3803-43d3-b150-c93de0e7c65b: created new log segment /workdir/hadoop-ozone/tools/target/test-dir/MiniOzoneClusterImpl-48448ead-6be7-4ea0-abfc-19da8f63b657/datanode-4/data/ratis/d6dcd47f-3803-43d3-b150-c93de0e7c65b/current/log_inprogress_0
2019-09-12 11:49:59,472 [efd2d550-d23b-43a8-a0f9-f6ba5c59f5a4:group-0F48AB14A3DA:LeaderElection18] INFO  impl.LeaderElection (LeaderElection.java:askForVotes(181)) - efd2d550-d23b-43a8-a0f9-f6ba5c59f5a4:group-0F48AB14A3DA:LeaderElection18: begin an election at term 1 for -1: [efd2d550-d23b-43a8-a0f9-f6ba5c59f5a4:192.168.36.114:40324], old=null
2019-09-12 11:49:59,482 [efd2d550-d23b-43a8-a0f9-f6ba5c59f5a4:group-0F48AB14A3DA:LeaderElection18] INFO  impl.RoleInfo (RoleInfo.java:shutdownLeaderElection(134)) - efd2d550-d23b-43a8-a0f9-f6ba5c59f5a4: shutdown LeaderElection
2019-09-12 11:49:59,482 [efd2d550-d23b-43a8-a0f9-f6ba5c59f5a4:group-0F48AB14A3DA:LeaderElection18] INFO  impl.RaftServerImpl (RaftServerImpl.java:setRole(171)) - efd2d550-d23b-43a8-a0f9-f6ba5c59f5a4:group-0F48AB14A3DA changes role from CANDIDATE to LEADER at term 1 for changeToLeader
2019-09-12 11:49:59,482 [efd2d550-d23b-43a8-a0f9-f6ba5c59f5a4:group-0F48AB14A3DA:LeaderElection18] INFO  impl.RaftServerImpl (ServerState.java:setLeader(263)) - efd2d550-d23b-43a8-a0f9-f6ba5c59f5a4:group-0F48AB14A3DA change Leader from null to efd2d550-d23b-43a8-a0f9-f6ba5c59f5a4 at term 1 for becomeLeader, leader elected after 5143ms
2019-09-12 11:49:59,482 [efd2d550-d23b-43a8-a0f9-f6ba5c59f5a4:group-0F48AB14A3DA:LeaderElection18] INFO  server.RaftServerConfigKeys (ConfUtils.java:logGet(43)) - raft.server.staging.catchup.gap = 1000 (default)
2019-09-12 11:49:59,482 [efd2d550-d23b-43a8-a0f9-f6ba5c59f5a4:group-0F48AB14A3DA:LeaderElection18] INFO  server.RaftServerConfigKeys (ConfUtils.java:logGet(43)) - raft.server.rpc.sleep.time = 25ms (default)
2019-09-12 11:49:59,483 [efd2d550-d23b-43a8-a0f9-f6ba5c59f5a4:group-0F48AB14A3DA:LeaderElection18] INFO  server.RaftServerConfigKeys (ConfUtils.java:logGet(43)) - raft.server.write.element-limit = 4096 (default)
2019-09-12 11:49:59,483 [efd2d550-d23b-43a8-a0f9-f6ba5c59f5a4:group-0F48AB14A3DA:LeaderElection18] INFO  server.RaftServerConfigKeys (ConfUtils.java:logGet(43)) - raft.server.watch.timeout = 10s (default)
2019-09-12 11:49:59,483 [efd2d550-d23b-43a8-a0f9-f6ba5c59f5a4:group-0F48AB14A3DA:LeaderElection18] INFO  server.RaftServerConfigKeys (ConfUtils.java:logGet(43)) - raft.server.watch.timeout.denomination = 1s (default)
2019-09-12 11:49:59,483 [efd2d550-d23b-43a8-a0f9-f6ba5c59f5a4:group-0F48AB14A3DA:LeaderElection18] INFO  server.RaftServerConfigKeys (ConfUtils.java:logGet(43)) - raft.server.watch.element-limit = 65536 (default)
2019-09-12 11:49:59,483 [efd2d550-d23b-43a8-a0f9-f6ba5c59f5a4:group-0F48AB14A3DA:LeaderElection18] INFO  impl.RoleInfo (RoleInfo.java:updateAndGet(143)) - efd2d550-d23b-43a8-a0f9-f6ba5c59f5a4: start LeaderState
2019-09-12 11:49:59,484 [efd2d550-d23b-43a8-a0f9-f6ba5c59f5a4:group-0F48AB14A3DA:LeaderElection18] INFO  segmented.SegmentedRaftLogWorker (SegmentedRaftLogWorker.java:startLogSegment(380)) - efd2d550-d23b-43a8-a0f9-f6ba5c59f5a4-SegmentedRaftLogWorker:Storage Directory /workdir/hadoop-ozone/tools/target/test-dir/MiniOzoneClusterImpl-48448ead-6be7-4ea0-abfc-19da8f63b657/datanode-0/data/ratis/d2df8db2-fe7c-4ede-96bf-0f48ab14a3da: Starting segment from index:0
2019-09-12 11:49:59,484 [efd2d550-d23b-43a8-a0f9-f6ba5c59f5a4:group-0F48AB14A3DA:LeaderElection18] INFO  impl.RaftServerImpl (ServerState.java:setRaftConf(361)) - efd2d550-d23b-43a8-a0f9-f6ba5c59f5a4:group-0F48AB14A3DA set configuration 0: [efd2d550-d23b-43a8-a0f9-f6ba5c59f5a4:192.168.36.114:40324], old=null at 0
2019-09-12 11:49:59,486 [efd2d550-d23b-43a8-a0f9-f6ba5c59f5a4:group-511560302334:LeaderElection19] INFO  impl.LeaderElection (LeaderElection.java:askForVotes(181)) - efd2d550-d23b-43a8-a0f9-f6ba5c59f5a4:group-511560302334:LeaderElection19: begin an election at term 1 for -1: [efd2d550-d23b-43a8-a0f9-f6ba5c59f5a4:192.168.36.114:40324], old=null
2019-09-12 11:49:59,486 [3adca0c9-7635-4314-8dcd-426c8d10965a:group-AB53039783A2:LeaderElection20] INFO  impl.LeaderElection (LeaderElection.java:askForVotes(181)) - 3adca0c9-7635-4314-8dcd-426c8d10965a:group-AB53039783A2:LeaderElection20: begin an election at term 1 for -1: [3adca0c9-7635-4314-8dcd-426c8d10965a:192.168.36.114:44660], old=null
2019-09-12 11:49:59,486 [efd2d550-d23b-43a8-a0f9-f6ba5c59f5a4:group-511560302334:LeaderElection19] INFO  impl.RoleInfo (RoleInfo.java:shutdownLeaderElection(134)) - efd2d550-d23b-43a8-a0f9-f6ba5c59f5a4: shutdown LeaderElection
2019-09-12 11:49:59,487 [3adca0c9-7635-4314-8dcd-426c8d10965a:group-AB53039783A2:LeaderElection20] INFO  impl.RoleInfo (RoleInfo.java:shutdownLeaderElection(134)) - 3adca0c9-7635-4314-8dcd-426c8d10965a: shutdown LeaderElection
2019-09-12 11:49:59,487 [efd2d550-d23b-43a8-a0f9-f6ba5c59f5a4:group-511560302334:LeaderElection19] INFO  impl.RaftServerImpl (RaftServerImpl.java:setRole(171)) - efd2d550-d23b-43a8-a0f9-f6ba5c59f5a4:group-511560302334 changes role from CANDIDATE to LEADER at term 1 for changeToLeader
2019-09-12 11:49:59,487 [3adca0c9-7635-4314-8dcd-426c8d10965a:group-AB53039783A2:LeaderElection20] INFO  impl.RaftServerImpl (RaftServerImpl.java:setRole(171)) - 3adca0c9-7635-4314-8dcd-426c8d10965a:group-AB53039783A2 changes role from CANDIDATE to LEADER at term 1 for changeToLeader
2019-09-12 11:49:59,487 [efd2d550-d23b-43a8-a0f9-f6ba5c59f5a4:group-511560302334:LeaderElection19] INFO  impl.RaftServerImpl (ServerState.java:setLeader(263)) - efd2d550-d23b-43a8-a0f9-f6ba5c59f5a4:group-511560302334 change Leader from null to efd2d550-d23b-43a8-a0f9-f6ba5c59f5a4 at term 1 for becomeLeader, leader elected after 5202ms
2019-09-12 11:49:59,487 [3adca0c9-7635-4314-8dcd-426c8d10965a:group-AB53039783A2:LeaderElection20] INFO  impl.RaftServerImpl (ServerState.java:setLeader(263)) - 3adca0c9-7635-4314-8dcd-426c8d10965a:group-AB53039783A2 change Leader from null to 3adca0c9-7635-4314-8dcd-426c8d10965a at term 1 for becomeLeader, leader elected after 5079ms
2019-09-12 11:49:59,487 [efd2d550-d23b-43a8-a0f9-f6ba5c59f5a4:group-511560302334:LeaderElection19] INFO  server.RaftServerConfigKeys (ConfUtils.java:logGet(43)) - raft.server.staging.catchup.gap = 1000 (default)
2019-09-12 11:49:59,487 [3adca0c9-7635-4314-8dcd-426c8d10965a:group-AB53039783A2:LeaderElection20] INFO  server.RaftServerConfigKeys (ConfUtils.java:logGet(43)) - raft.server.staging.catchup.gap = 1000 (default)
2019-09-12 11:49:59,488 [efd2d550-d23b-43a8-a0f9-f6ba5c59f5a4:group-511560302334:LeaderElection19] INFO  server.RaftServerConfigKeys (ConfUtils.java:logGet(43)) - raft.server.rpc.sleep.time = 25ms (default)
2019-09-12 11:49:59,488 [3adca0c9-7635-4314-8dcd-426c8d10965a:group-AB53039783A2:LeaderElection20] INFO  server.RaftServerConfigKeys (ConfUtils.java:logGet(43)) - raft.server.rpc.sleep.time = 25ms (default)
2019-09-12 11:49:59,488 [efd2d550-d23b-43a8-a0f9-f6ba5c59f5a4:group-511560302334:LeaderElection19] INFO  server.RaftServerConfigKeys (ConfUtils.java:logGet(43)) - raft.server.write.element-limit = 4096 (default)
2019-09-12 11:49:59,488 [3adca0c9-7635-4314-8dcd-426c8d10965a:group-AB53039783A2:LeaderElection20] INFO  server.RaftServerConfigKeys (ConfUtils.java:logGet(43)) - raft.server.write.element-limit = 4096 (default)
2019-09-12 11:49:59,488 [efd2d550-d23b-43a8-a0f9-f6ba5c59f5a4:group-511560302334:LeaderElection19] INFO  server.RaftServerConfigKeys (ConfUtils.java:logGet(43)) - raft.server.watch.timeout = 10s (default)
2019-09-12 11:49:59,489 [3adca0c9-7635-4314-8dcd-426c8d10965a:group-AB53039783A2:LeaderElection20] INFO  server.RaftServerConfigKeys (ConfUtils.java:logGet(43)) - raft.server.watch.timeout = 10s (default)
2019-09-12 11:49:59,489 [efd2d550-d23b-43a8-a0f9-f6ba5c59f5a4:group-511560302334:LeaderElection19] INFO  server.RaftServerConfigKeys (ConfUtils.java:logGet(43)) - raft.server.watch.timeout.denomination = 1s (default)
2019-09-12 11:49:59,489 [3adca0c9-7635-4314-8dcd-426c8d10965a:group-AB53039783A2:LeaderElection20] INFO  server.RaftServerConfigKeys (ConfUtils.java:logGet(43)) - raft.server.watch.timeout.denomination = 1s (default)
2019-09-12 11:49:59,489 [efd2d550-d23b-43a8-a0f9-f6ba5c59f5a4:group-511560302334:LeaderElection19] INFO  server.RaftServerConfigKeys (ConfUtils.java:logGet(43)) - raft.server.watch.element-limit = 65536 (default)
2019-09-12 11:49:59,489 [3adca0c9-7635-4314-8dcd-426c8d10965a:group-AB53039783A2:LeaderElection20] INFO  server.RaftServerConfigKeys (ConfUtils.java:logGet(43)) - raft.server.watch.element-limit = 65536 (default)
2019-09-12 11:49:59,490 [efd2d550-d23b-43a8-a0f9-f6ba5c59f5a4:group-511560302334:LeaderElection19] INFO  impl.RoleInfo (RoleInfo.java:updateAndGet(143)) - efd2d550-d23b-43a8-a0f9-f6ba5c59f5a4: start LeaderState
2019-09-12 11:49:59,490 [3adca0c9-7635-4314-8dcd-426c8d10965a:group-AB53039783A2:LeaderElection20] INFO  impl.RoleInfo (RoleInfo.java:updateAndGet(143)) - 3adca0c9-7635-4314-8dcd-426c8d10965a: start LeaderState
2019-09-12 11:49:59,490 [efd2d550-d23b-43a8-a0f9-f6ba5c59f5a4:group-511560302334:LeaderElection19] INFO  segmented.SegmentedRaftLogWorker (SegmentedRaftLogWorker.java:startLogSegment(380)) - efd2d550-d23b-43a8-a0f9-f6ba5c59f5a4-SegmentedRaftLogWorker:Storage Directory /workdir/hadoop-ozone/tools/target/test-dir/MiniOzoneClusterImpl-48448ead-6be7-4ea0-abfc-19da8f63b657/datanode-0/data/ratis/67925935-4695-4cae-b366-511560302334: Starting segment from index:0
2019-09-12 11:49:59,490 [3adca0c9-7635-4314-8dcd-426c8d10965a:group-AB53039783A2:LeaderElection20] INFO  segmented.SegmentedRaftLogWorker (SegmentedRaftLogWorker.java:startLogSegment(380)) - 3adca0c9-7635-4314-8dcd-426c8d10965a-SegmentedRaftLogWorker:Storage Directory /workdir/hadoop-ozone/tools/target/test-dir/MiniOzoneClusterImpl-48448ead-6be7-4ea0-abfc-19da8f63b657/datanode-4/data/ratis/4a36903b-8ea7-4c88-831a-ab53039783a2: Starting segment from index:0
2019-09-12 11:49:59,491 [efd2d550-d23b-43a8-a0f9-f6ba5c59f5a4:group-511560302334:LeaderElection19] INFO  impl.RaftServerImpl (ServerState.java:setRaftConf(361)) - efd2d550-d23b-43a8-a0f9-f6ba5c59f5a4:group-511560302334 set configuration 0: [efd2d550-d23b-43a8-a0f9-f6ba5c59f5a4:192.168.36.114:40324], old=null at 0
2019-09-12 11:49:59,527 [3adca0c9-7635-4314-8dcd-426c8d10965a:group-AB53039783A2:LeaderElection20] INFO  impl.RaftServerImpl (ServerState.java:setRaftConf(361)) - 3adca0c9-7635-4314-8dcd-426c8d10965a:group-AB53039783A2 set configuration 0: [3adca0c9-7635-4314-8dcd-426c8d10965a:192.168.36.114:44660], old=null at 0
2019-09-12 11:49:59,570 [efd2d550-d23b-43a8-a0f9-f6ba5c59f5a4-SegmentedRaftLogWorker:Storage Directory /workdir/hadoop-ozone/tools/target/test-dir/MiniOzoneClusterImpl-48448ead-6be7-4ea0-abfc-19da8f63b657/datanode-0/data/ratis/d2df8db2-fe7c-4ede-96bf-0f48ab14a3da] INFO  segmented.SegmentedRaftLogWorker (SegmentedRaftLogWorker.java:execute(569)) - efd2d550-d23b-43a8-a0f9-f6ba5c59f5a4-SegmentedRaftLogWorker:Storage Directory /workdir/hadoop-ozone/tools/target/test-dir/MiniOzoneClusterImpl-48448ead-6be7-4ea0-abfc-19da8f63b657/datanode-0/data/ratis/d2df8db2-fe7c-4ede-96bf-0f48ab14a3da: created new log segment /workdir/hadoop-ozone/tools/target/test-dir/MiniOzoneClusterImpl-48448ead-6be7-4ea0-abfc-19da8f63b657/datanode-0/data/ratis/d2df8db2-fe7c-4ede-96bf-0f48ab14a3da/current/log_inprogress_0
2019-09-12 11:49:59,571 [efd2d550-d23b-43a8-a0f9-f6ba5c59f5a4-SegmentedRaftLogWorker:Storage Directory /workdir/hadoop-ozone/tools/target/test-dir/MiniOzoneClusterImpl-48448ead-6be7-4ea0-abfc-19da8f63b657/datanode-0/data/ratis/67925935-4695-4cae-b366-511560302334] INFO  segmented.SegmentedRaftLogWorker (SegmentedRaftLogWorker.java:execute(569)) - efd2d550-d23b-43a8-a0f9-f6ba5c59f5a4-SegmentedRaftLogWorker:Storage Directory /workdir/hadoop-ozone/tools/target/test-dir/MiniOzoneClusterImpl-48448ead-6be7-4ea0-abfc-19da8f63b657/datanode-0/data/ratis/67925935-4695-4cae-b366-511560302334: created new log segment /workdir/hadoop-ozone/tools/target/test-dir/MiniOzoneClusterImpl-48448ead-6be7-4ea0-abfc-19da8f63b657/datanode-0/data/ratis/67925935-4695-4cae-b366-511560302334/current/log_inprogress_0
2019-09-12 11:49:59,584 [3adca0c9-7635-4314-8dcd-426c8d10965a-SegmentedRaftLogWorker:Storage Directory /workdir/hadoop-ozone/tools/target/test-dir/MiniOzoneClusterImpl-48448ead-6be7-4ea0-abfc-19da8f63b657/datanode-4/data/ratis/4a36903b-8ea7-4c88-831a-ab53039783a2] INFO  segmented.SegmentedRaftLogWorker (SegmentedRaftLogWorker.java:execute(569)) - 3adca0c9-7635-4314-8dcd-426c8d10965a-SegmentedRaftLogWorker:Storage Directory /workdir/hadoop-ozone/tools/target/test-dir/MiniOzoneClusterImpl-48448ead-6be7-4ea0-abfc-19da8f63b657/datanode-4/data/ratis/4a36903b-8ea7-4c88-831a-ab53039783a2: created new log segment /workdir/hadoop-ozone/tools/target/test-dir/MiniOzoneClusterImpl-48448ead-6be7-4ea0-abfc-19da8f63b657/datanode-4/data/ratis/4a36903b-8ea7-4c88-831a-ab53039783a2/current/log_inprogress_0
2019-09-12 11:49:59,600 [Thread-279] INFO  impl.FollowerState (FollowerState.java:run(106)) - 3adca0c9-7635-4314-8dcd-426c8d10965a:group-931DF697E2B7 changes to CANDIDATE, lastRpcTime:5053, electionTimeout:5053ms
2019-09-12 11:49:59,600 [Thread-279] INFO  impl.RoleInfo (RoleInfo.java:shutdownFollowerState(121)) - 3adca0c9-7635-4314-8dcd-426c8d10965a: shutdown FollowerState
2019-09-12 11:49:59,601 [Thread-279] INFO  impl.RaftServerImpl (RaftServerImpl.java:setRole(171)) - 3adca0c9-7635-4314-8dcd-426c8d10965a:group-931DF697E2B7 changes role from FOLLOWER to CANDIDATE at term 0 for changeToCandidate
2019-09-12 11:49:59,601 [Thread-279] INFO  impl.RoleInfo (RoleInfo.java:updateAndGet(143)) - 3adca0c9-7635-4314-8dcd-426c8d10965a: start LeaderElection
2019-09-12 11:49:59,616 [3adca0c9-7635-4314-8dcd-426c8d10965a:group-931DF697E2B7:LeaderElection21] INFO  impl.LeaderElection (LeaderElection.java:askForVotes(181)) - 3adca0c9-7635-4314-8dcd-426c8d10965a:group-931DF697E2B7:LeaderElection21: begin an election at term 1 for -1: [3adca0c9-7635-4314-8dcd-426c8d10965a:192.168.36.114:44660], old=null
2019-09-12 11:49:59,617 [3adca0c9-7635-4314-8dcd-426c8d10965a:group-931DF697E2B7:LeaderElection21] INFO  impl.RoleInfo (RoleInfo.java:shutdownLeaderElection(134)) - 3adca0c9-7635-4314-8dcd-426c8d10965a: shutdown LeaderElection
2019-09-12 11:49:59,617 [3adca0c9-7635-4314-8dcd-426c8d10965a:group-931DF697E2B7:LeaderElection21] INFO  impl.RaftServerImpl (RaftServerImpl.java:setRole(171)) - 3adca0c9-7635-4314-8dcd-426c8d10965a:group-931DF697E2B7 changes role from CANDIDATE to LEADER at term 1 for changeToLeader
2019-09-12 11:49:59,617 [3adca0c9-7635-4314-8dcd-426c8d10965a:group-931DF697E2B7:LeaderElection21] INFO  impl.RaftServerImpl (ServerState.java:setLeader(263)) - 3adca0c9-7635-4314-8dcd-426c8d10965a:group-931DF697E2B7 change Leader from null to 3adca0c9-7635-4314-8dcd-426c8d10965a at term 1 for becomeLeader, leader elected after 5075ms
2019-09-12 11:49:59,617 [3adca0c9-7635-4314-8dcd-426c8d10965a:group-931DF697E2B7:LeaderElection21] INFO  server.RaftServerConfigKeys (ConfUtils.java:logGet(43)) - raft.server.staging.catchup.gap = 1000 (default)
2019-09-12 11:49:59,617 [3adca0c9-7635-4314-8dcd-426c8d10965a:group-931DF697E2B7:LeaderElection21] INFO  server.RaftServerConfigKeys (ConfUtils.java:logGet(43)) - raft.server.rpc.sleep.time = 25ms (default)
2019-09-12 11:49:59,617 [3adca0c9-7635-4314-8dcd-426c8d10965a:group-931DF697E2B7:LeaderElection21] INFO  server.RaftServerConfigKeys (ConfUtils.java:logGet(43)) - raft.server.write.element-limit = 4096 (default)
2019-09-12 11:49:59,617 [3adca0c9-7635-4314-8dcd-426c8d10965a:group-931DF697E2B7:LeaderElection21] INFO  server.RaftServerConfigKeys (ConfUtils.java:logGet(43)) - raft.server.watch.timeout = 10s (default)
2019-09-12 11:49:59,617 [3adca0c9-7635-4314-8dcd-426c8d10965a:group-931DF697E2B7:LeaderElection21] INFO  server.RaftServerConfigKeys (ConfUtils.java:logGet(43)) - raft.server.watch.timeout.denomination = 1s (default)
2019-09-12 11:49:59,618 [3adca0c9-7635-4314-8dcd-426c8d10965a:group-931DF697E2B7:LeaderElection21] INFO  server.RaftServerConfigKeys (ConfUtils.java:logGet(43)) - raft.server.watch.element-limit = 65536 (default)
2019-09-12 11:49:59,618 [3adca0c9-7635-4314-8dcd-426c8d10965a:group-931DF697E2B7:LeaderElection21] INFO  impl.RoleInfo (RoleInfo.java:updateAndGet(143)) - 3adca0c9-7635-4314-8dcd-426c8d10965a: start LeaderState
2019-09-12 11:49:59,618 [3adca0c9-7635-4314-8dcd-426c8d10965a:group-931DF697E2B7:LeaderElection21] INFO  segmented.SegmentedRaftLogWorker (SegmentedRaftLogWorker.java:startLogSegment(380)) - 3adca0c9-7635-4314-8dcd-426c8d10965a-SegmentedRaftLogWorker:Storage Directory /workdir/hadoop-ozone/tools/target/test-dir/MiniOzoneClusterImpl-48448ead-6be7-4ea0-abfc-19da8f63b657/datanode-4/data/ratis/d2cd0986-644b-4b6a-b742-931df697e2b7: Starting segment from index:0
2019-09-12 11:49:59,619 [3adca0c9-7635-4314-8dcd-426c8d10965a:group-931DF697E2B7:LeaderElection21] INFO  impl.RaftServerImpl (ServerState.java:setRaftConf(361)) - 3adca0c9-7635-4314-8dcd-426c8d10965a:group-931DF697E2B7 set configuration 0: [3adca0c9-7635-4314-8dcd-426c8d10965a:192.168.36.114:44660], old=null at 0
2019-09-12 11:49:59,651 [Thread-276] INFO  impl.FollowerState (FollowerState.java:run(106)) - efd2d550-d23b-43a8-a0f9-f6ba5c59f5a4:group-D8458D4257C6 changes to CANDIDATE, lastRpcTime:5166, electionTimeout:5165ms
2019-09-12 11:49:59,651 [Thread-276] INFO  impl.RoleInfo (RoleInfo.java:shutdownFollowerState(121)) - efd2d550-d23b-43a8-a0f9-f6ba5c59f5a4: shutdown FollowerState
2019-09-12 11:49:59,651 [Thread-276] INFO  impl.RaftServerImpl (RaftServerImpl.java:setRole(171)) - efd2d550-d23b-43a8-a0f9-f6ba5c59f5a4:group-D8458D4257C6 changes role from FOLLOWER to CANDIDATE at term 0 for changeToCandidate
2019-09-12 11:49:59,652 [Thread-276] INFO  impl.RoleInfo (RoleInfo.java:updateAndGet(143)) - efd2d550-d23b-43a8-a0f9-f6ba5c59f5a4: start LeaderElection
2019-09-12 11:49:59,665 [3adca0c9-7635-4314-8dcd-426c8d10965a-SegmentedRaftLogWorker:Storage Directory /workdir/hadoop-ozone/tools/target/test-dir/MiniOzoneClusterImpl-48448ead-6be7-4ea0-abfc-19da8f63b657/datanode-4/data/ratis/d2cd0986-644b-4b6a-b742-931df697e2b7] INFO  segmented.SegmentedRaftLogWorker (SegmentedRaftLogWorker.java:execute(569)) - 3adca0c9-7635-4314-8dcd-426c8d10965a-SegmentedRaftLogWorker:Storage Directory /workdir/hadoop-ozone/tools/target/test-dir/MiniOzoneClusterImpl-48448ead-6be7-4ea0-abfc-19da8f63b657/datanode-4/data/ratis/d2cd0986-644b-4b6a-b742-931df697e2b7: created new log segment /workdir/hadoop-ozone/tools/target/test-dir/MiniOzoneClusterImpl-48448ead-6be7-4ea0-abfc-19da8f63b657/datanode-4/data/ratis/d2cd0986-644b-4b6a-b742-931df697e2b7/current/log_inprogress_0
2019-09-12 11:49:59,665 [efd2d550-d23b-43a8-a0f9-f6ba5c59f5a4:group-D8458D4257C6:LeaderElection22] INFO  impl.LeaderElection (LeaderElection.java:askForVotes(181)) - efd2d550-d23b-43a8-a0f9-f6ba5c59f5a4:group-D8458D4257C6:LeaderElection22: begin an election at term 1 for -1: [efd2d550-d23b-43a8-a0f9-f6ba5c59f5a4:192.168.36.114:40324], old=null
2019-09-12 11:49:59,666 [efd2d550-d23b-43a8-a0f9-f6ba5c59f5a4:group-D8458D4257C6:LeaderElection22] INFO  impl.RoleInfo (RoleInfo.java:shutdownLeaderElection(134)) - efd2d550-d23b-43a8-a0f9-f6ba5c59f5a4: shutdown LeaderElection
2019-09-12 11:49:59,666 [efd2d550-d23b-43a8-a0f9-f6ba5c59f5a4:group-D8458D4257C6:LeaderElection22] INFO  impl.RaftServerImpl (RaftServerImpl.java:setRole(171)) - efd2d550-d23b-43a8-a0f9-f6ba5c59f5a4:group-D8458D4257C6 changes role from CANDIDATE to LEADER at term 1 for changeToLeader
2019-09-12 11:49:59,666 [efd2d550-d23b-43a8-a0f9-f6ba5c59f5a4:group-D8458D4257C6:LeaderElection22] INFO  impl.RaftServerImpl (ServerState.java:setLeader(263)) - efd2d550-d23b-43a8-a0f9-f6ba5c59f5a4:group-D8458D4257C6 change Leader from null to efd2d550-d23b-43a8-a0f9-f6ba5c59f5a4 at term 1 for becomeLeader, leader elected after 5186ms
2019-09-12 11:49:59,666 [efd2d550-d23b-43a8-a0f9-f6ba5c59f5a4:group-D8458D4257C6:LeaderElection22] INFO  server.RaftServerConfigKeys (ConfUtils.java:logGet(43)) - raft.server.staging.catchup.gap = 1000 (default)
2019-09-12 11:49:59,666 [Thread-282] INFO  impl.FollowerState (FollowerState.java:run(106)) - 0a8d2c4a-df63-4751-9ec8-74f270f9c7ee:group-BB86D41AC88D changes to CANDIDATE, lastRpcTime:5065, electionTimeout:5065ms
2019-09-12 11:49:59,666 [efd2d550-d23b-43a8-a0f9-f6ba5c59f5a4:group-D8458D4257C6:LeaderElection22] INFO  server.RaftServerConfigKeys (ConfUtils.java:logGet(43)) - raft.server.rpc.sleep.time = 25ms (default)
2019-09-12 11:49:59,666 [Thread-282] INFO  impl.RoleInfo (RoleInfo.java:shutdownFollowerState(121)) - 0a8d2c4a-df63-4751-9ec8-74f270f9c7ee: shutdown FollowerState
2019-09-12 11:49:59,667 [Thread-282] INFO  impl.RaftServerImpl (RaftServerImpl.java:setRole(171)) - 0a8d2c4a-df63-4751-9ec8-74f270f9c7ee:group-BB86D41AC88D changes role from FOLLOWER to CANDIDATE at term 0 for changeToCandidate
2019-09-12 11:49:59,667 [efd2d550-d23b-43a8-a0f9-f6ba5c59f5a4:group-D8458D4257C6:LeaderElection22] INFO  server.RaftServerConfigKeys (ConfUtils.java:logGet(43)) - raft.server.write.element-limit = 4096 (default)
2019-09-12 11:49:59,667 [Thread-282] INFO  impl.RoleInfo (RoleInfo.java:updateAndGet(143)) - 0a8d2c4a-df63-4751-9ec8-74f270f9c7ee: start LeaderElection
2019-09-12 11:49:59,667 [efd2d550-d23b-43a8-a0f9-f6ba5c59f5a4:group-D8458D4257C6:LeaderElection22] INFO  server.RaftServerConfigKeys (ConfUtils.java:logGet(43)) - raft.server.watch.timeout = 10s (default)
2019-09-12 11:49:59,667 [efd2d550-d23b-43a8-a0f9-f6ba5c59f5a4:group-D8458D4257C6:LeaderElection22] INFO  server.RaftServerConfigKeys (ConfUtils.java:logGet(43)) - raft.server.watch.timeout.denomination = 1s (default)
2019-09-12 11:49:59,667 [efd2d550-d23b-43a8-a0f9-f6ba5c59f5a4:group-D8458D4257C6:LeaderElection22] INFO  server.RaftServerConfigKeys (ConfUtils.java:logGet(43)) - raft.server.watch.element-limit = 65536 (default)
2019-09-12 11:49:59,669 [efd2d550-d23b-43a8-a0f9-f6ba5c59f5a4:group-D8458D4257C6:LeaderElection22] INFO  impl.RoleInfo (RoleInfo.java:updateAndGet(143)) - efd2d550-d23b-43a8-a0f9-f6ba5c59f5a4: start LeaderState
2019-09-12 11:49:59,670 [efd2d550-d23b-43a8-a0f9-f6ba5c59f5a4:group-D8458D4257C6:LeaderElection22] INFO  segmented.SegmentedRaftLogWorker (SegmentedRaftLogWorker.java:startLogSegment(380)) - efd2d550-d23b-43a8-a0f9-f6ba5c59f5a4-SegmentedRaftLogWorker:Storage Directory /workdir/hadoop-ozone/tools/target/test-dir/MiniOzoneClusterImpl-48448ead-6be7-4ea0-abfc-19da8f63b657/datanode-0/data/ratis/f565b2e0-6a1d-431a-b8e3-d8458d4257c6: Starting segment from index:0
2019-09-12 11:49:59,670 [efd2d550-d23b-43a8-a0f9-f6ba5c59f5a4:group-D8458D4257C6:LeaderElection22] INFO  impl.RaftServerImpl (ServerState.java:setRaftConf(361)) - efd2d550-d23b-43a8-a0f9-f6ba5c59f5a4:group-D8458D4257C6 set configuration 0: [efd2d550-d23b-43a8-a0f9-f6ba5c59f5a4:192.168.36.114:40324], old=null at 0
2019-09-12 11:49:59,700 [0a8d2c4a-df63-4751-9ec8-74f270f9c7ee:group-BB86D41AC88D:LeaderElection23] INFO  impl.LeaderElection (LeaderElection.java:askForVotes(181)) - 0a8d2c4a-df63-4751-9ec8-74f270f9c7ee:group-BB86D41AC88D:LeaderElection23: begin an election at term 1 for -1: [0a8d2c4a-df63-4751-9ec8-74f270f9c7ee:192.168.36.114:33571], old=null
2019-09-12 11:49:59,700 [0a8d2c4a-df63-4751-9ec8-74f270f9c7ee:group-BB86D41AC88D:LeaderElection23] INFO  impl.RoleInfo (RoleInfo.java:shutdownLeaderElection(134)) - 0a8d2c4a-df63-4751-9ec8-74f270f9c7ee: shutdown LeaderElection
2019-09-12 11:49:59,700 [0a8d2c4a-df63-4751-9ec8-74f270f9c7ee:group-BB86D41AC88D:LeaderElection23] INFO  impl.RaftServerImpl (RaftServerImpl.java:setRole(171)) - 0a8d2c4a-df63-4751-9ec8-74f270f9c7ee:group-BB86D41AC88D changes role from CANDIDATE to LEADER at term 1 for changeToLeader
2019-09-12 11:49:59,700 [0a8d2c4a-df63-4751-9ec8-74f270f9c7ee:group-BB86D41AC88D:LeaderElection23] INFO  impl.RaftServerImpl (ServerState.java:setLeader(263)) - 0a8d2c4a-df63-4751-9ec8-74f270f9c7ee:group-BB86D41AC88D change Leader from null to 0a8d2c4a-df63-4751-9ec8-74f270f9c7ee at term 1 for becomeLeader, leader elected after 5103ms
2019-09-12 11:49:59,702 [0a8d2c4a-df63-4751-9ec8-74f270f9c7ee:group-BB86D41AC88D:LeaderElection23] INFO  server.RaftServerConfigKeys (ConfUtils.java:logGet(43)) - raft.server.staging.catchup.gap = 1000 (default)
2019-09-12 11:49:59,702 [0a8d2c4a-df63-4751-9ec8-74f270f9c7ee:group-BB86D41AC88D:LeaderElection23] INFO  server.RaftServerConfigKeys (ConfUtils.java:logGet(43)) - raft.server.rpc.sleep.time = 25ms (default)
2019-09-12 11:49:59,702 [0a8d2c4a-df63-4751-9ec8-74f270f9c7ee:group-BB86D41AC88D:LeaderElection23] INFO  server.RaftServerConfigKeys (ConfUtils.java:logGet(43)) - raft.server.write.element-limit = 4096 (default)
2019-09-12 11:49:59,702 [0a8d2c4a-df63-4751-9ec8-74f270f9c7ee:group-BB86D41AC88D:LeaderElection23] INFO  server.RaftServerConfigKeys (ConfUtils.java:logGet(43)) - raft.server.watch.timeout = 10s (default)
2019-09-12 11:49:59,702 [0a8d2c4a-df63-4751-9ec8-74f270f9c7ee:group-BB86D41AC88D:LeaderElection23] INFO  server.RaftServerConfigKeys (ConfUtils.java:logGet(43)) - raft.server.watch.timeout.denomination = 1s (default)
2019-09-12 11:49:59,703 [0a8d2c4a-df63-4751-9ec8-74f270f9c7ee:group-BB86D41AC88D:LeaderElection23] INFO  server.RaftServerConfigKeys (ConfUtils.java:logGet(43)) - raft.server.watch.element-limit = 65536 (default)
2019-09-12 11:49:59,703 [0a8d2c4a-df63-4751-9ec8-74f270f9c7ee:group-BB86D41AC88D:LeaderElection23] INFO  impl.RoleInfo (RoleInfo.java:updateAndGet(143)) - 0a8d2c4a-df63-4751-9ec8-74f270f9c7ee: start LeaderState
2019-09-12 11:49:59,703 [0a8d2c4a-df63-4751-9ec8-74f270f9c7ee:group-BB86D41AC88D:LeaderElection23] INFO  segmented.SegmentedRaftLogWorker (SegmentedRaftLogWorker.java:startLogSegment(380)) - 0a8d2c4a-df63-4751-9ec8-74f270f9c7ee-SegmentedRaftLogWorker:Storage Directory /workdir/hadoop-ozone/tools/target/test-dir/MiniOzoneClusterImpl-48448ead-6be7-4ea0-abfc-19da8f63b657/datanode-3/data/ratis/8baa4567-4341-4b97-90ff-bb86d41ac88d: Starting segment from index:0
2019-09-12 11:49:59,704 [0a8d2c4a-df63-4751-9ec8-74f270f9c7ee:group-BB86D41AC88D:LeaderElection23] INFO  impl.RaftServerImpl (ServerState.java:setRaftConf(361)) - 0a8d2c4a-df63-4751-9ec8-74f270f9c7ee:group-BB86D41AC88D set configuration 0: [0a8d2c4a-df63-4751-9ec8-74f270f9c7ee:192.168.36.114:33571], old=null at 0
2019-09-12 11:49:59,740 [efd2d550-d23b-43a8-a0f9-f6ba5c59f5a4-SegmentedRaftLogWorker:Storage Directory /workdir/hadoop-ozone/tools/target/test-dir/MiniOzoneClusterImpl-48448ead-6be7-4ea0-abfc-19da8f63b657/datanode-0/data/ratis/f565b2e0-6a1d-431a-b8e3-d8458d4257c6] INFO  segmented.SegmentedRaftLogWorker (SegmentedRaftLogWorker.java:execute(569)) - efd2d550-d23b-43a8-a0f9-f6ba5c59f5a4-SegmentedRaftLogWorker:Storage Directory /workdir/hadoop-ozone/tools/target/test-dir/MiniOzoneClusterImpl-48448ead-6be7-4ea0-abfc-19da8f63b657/datanode-0/data/ratis/f565b2e0-6a1d-431a-b8e3-d8458d4257c6: created new log segment /workdir/hadoop-ozone/tools/target/test-dir/MiniOzoneClusterImpl-48448ead-6be7-4ea0-abfc-19da8f63b657/datanode-0/data/ratis/f565b2e0-6a1d-431a-b8e3-d8458d4257c6/current/log_inprogress_0
2019-09-12 11:49:59,753 [0a8d2c4a-df63-4751-9ec8-74f270f9c7ee-SegmentedRaftLogWorker:Storage Directory /workdir/hadoop-ozone/tools/target/test-dir/MiniOzoneClusterImpl-48448ead-6be7-4ea0-abfc-19da8f63b657/datanode-3/data/ratis/8baa4567-4341-4b97-90ff-bb86d41ac88d] INFO  segmented.SegmentedRaftLogWorker (SegmentedRaftLogWorker.java:execute(569)) - 0a8d2c4a-df63-4751-9ec8-74f270f9c7ee-SegmentedRaftLogWorker:Storage Directory /workdir/hadoop-ozone/tools/target/test-dir/MiniOzoneClusterImpl-48448ead-6be7-4ea0-abfc-19da8f63b657/datanode-3/data/ratis/8baa4567-4341-4b97-90ff-bb86d41ac88d: created new log segment /workdir/hadoop-ozone/tools/target/test-dir/MiniOzoneClusterImpl-48448ead-6be7-4ea0-abfc-19da8f63b657/datanode-3/data/ratis/8baa4567-4341-4b97-90ff-bb86d41ac88d/current/log_inprogress_0
2019-09-12 11:49:59,783 | INFO  | SCMAudit | user=jenkins1000 | ip=192.168.36.114 | op=SEND_HEARTBEAT {datanodeUUID=3adca0c9-7635-4314-8dcd-426c8d10965a, command=[]} | ret=SUCCESS |  
2019-09-12 11:49:59,783 | INFO  | SCMAudit | user=jenkins1000 | ip=192.168.36.114 | op=SEND_HEARTBEAT {datanodeUUID=0a8d2c4a-df63-4751-9ec8-74f270f9c7ee, command=[]} | ret=SUCCESS |  
2019-09-12 11:49:59,787 [Thread-288] INFO  impl.FollowerState (FollowerState.java:run(106)) - 0a8d2c4a-df63-4751-9ec8-74f270f9c7ee:group-6D206E88B65A changes to CANDIDATE, lastRpcTime:5087, electionTimeout:5087ms
2019-09-12 11:49:59,788 [Thread-288] INFO  impl.RoleInfo (RoleInfo.java:shutdownFollowerState(121)) - 0a8d2c4a-df63-4751-9ec8-74f270f9c7ee: shutdown FollowerState
2019-09-12 11:49:59,788 [Thread-288] INFO  impl.RaftServerImpl (RaftServerImpl.java:setRole(171)) - 0a8d2c4a-df63-4751-9ec8-74f270f9c7ee:group-6D206E88B65A changes role from FOLLOWER to CANDIDATE at term 0 for changeToCandidate
2019-09-12 11:49:59,788 [Thread-288] INFO  impl.RoleInfo (RoleInfo.java:updateAndGet(143)) - 0a8d2c4a-df63-4751-9ec8-74f270f9c7ee: start LeaderElection
2019-09-12 11:49:59,799 | INFO  | SCMAudit | user=jenkins1000 | ip=192.168.36.114 | op=SEND_HEARTBEAT {datanodeUUID=efd2d550-d23b-43a8-a0f9-f6ba5c59f5a4, command=[]} | ret=SUCCESS |  
2019-09-12 11:49:59,804 [0a8d2c4a-df63-4751-9ec8-74f270f9c7ee:group-6D206E88B65A:LeaderElection24] INFO  impl.LeaderElection (LeaderElection.java:askForVotes(181)) - 0a8d2c4a-df63-4751-9ec8-74f270f9c7ee:group-6D206E88B65A:LeaderElection24: begin an election at term 1 for -1: [0a8d2c4a-df63-4751-9ec8-74f270f9c7ee:192.168.36.114:33571], old=null
2019-09-12 11:49:59,804 [0a8d2c4a-df63-4751-9ec8-74f270f9c7ee:group-6D206E88B65A:LeaderElection24] INFO  impl.RoleInfo (RoleInfo.java:shutdownLeaderElection(134)) - 0a8d2c4a-df63-4751-9ec8-74f270f9c7ee: shutdown LeaderElection
2019-09-12 11:49:59,804 [0a8d2c4a-df63-4751-9ec8-74f270f9c7ee:group-6D206E88B65A:LeaderElection24] INFO  impl.RaftServerImpl (RaftServerImpl.java:setRole(171)) - 0a8d2c4a-df63-4751-9ec8-74f270f9c7ee:group-6D206E88B65A changes role from CANDIDATE to LEADER at term 1 for changeToLeader
2019-09-12 11:49:59,804 [0a8d2c4a-df63-4751-9ec8-74f270f9c7ee:group-6D206E88B65A:LeaderElection24] INFO  impl.RaftServerImpl (ServerState.java:setLeader(263)) - 0a8d2c4a-df63-4751-9ec8-74f270f9c7ee:group-6D206E88B65A change Leader from null to 0a8d2c4a-df63-4751-9ec8-74f270f9c7ee at term 1 for becomeLeader, leader elected after 5107ms
2019-09-12 11:49:59,804 [0a8d2c4a-df63-4751-9ec8-74f270f9c7ee:group-6D206E88B65A:LeaderElection24] INFO  server.RaftServerConfigKeys (ConfUtils.java:logGet(43)) - raft.server.staging.catchup.gap = 1000 (default)
2019-09-12 11:49:59,804 [0a8d2c4a-df63-4751-9ec8-74f270f9c7ee:group-6D206E88B65A:LeaderElection24] INFO  server.RaftServerConfigKeys (ConfUtils.java:logGet(43)) - raft.server.rpc.sleep.time = 25ms (default)
2019-09-12 11:49:59,805 [0a8d2c4a-df63-4751-9ec8-74f270f9c7ee:group-6D206E88B65A:LeaderElection24] INFO  server.RaftServerConfigKeys (ConfUtils.java:logGet(43)) - raft.server.write.element-limit = 4096 (default)
2019-09-12 11:49:59,805 [0a8d2c4a-df63-4751-9ec8-74f270f9c7ee:group-6D206E88B65A:LeaderElection24] INFO  server.RaftServerConfigKeys (ConfUtils.java:logGet(43)) - raft.server.watch.timeout = 10s (default)
2019-09-12 11:49:59,805 [0a8d2c4a-df63-4751-9ec8-74f270f9c7ee:group-6D206E88B65A:LeaderElection24] INFO  server.RaftServerConfigKeys (ConfUtils.java:logGet(43)) - raft.server.watch.timeout.denomination = 1s (default)
2019-09-12 11:49:59,805 [0a8d2c4a-df63-4751-9ec8-74f270f9c7ee:group-6D206E88B65A:LeaderElection24] INFO  server.RaftServerConfigKeys (ConfUtils.java:logGet(43)) - raft.server.watch.element-limit = 65536 (default)
2019-09-12 11:49:59,805 [0a8d2c4a-df63-4751-9ec8-74f270f9c7ee:group-6D206E88B65A:LeaderElection24] INFO  impl.RoleInfo (RoleInfo.java:updateAndGet(143)) - 0a8d2c4a-df63-4751-9ec8-74f270f9c7ee: start LeaderState
2019-09-12 11:49:59,806 [0a8d2c4a-df63-4751-9ec8-74f270f9c7ee:group-6D206E88B65A:LeaderElection24] INFO  segmented.SegmentedRaftLogWorker (SegmentedRaftLogWorker.java:startLogSegment(380)) - 0a8d2c4a-df63-4751-9ec8-74f270f9c7ee-SegmentedRaftLogWorker:Storage Directory /workdir/hadoop-ozone/tools/target/test-dir/MiniOzoneClusterImpl-48448ead-6be7-4ea0-abfc-19da8f63b657/datanode-3/data/ratis/e0d8f472-f261-432f-8c13-6d206e88b65a: Starting segment from index:0
2019-09-12 11:49:59,806 [0a8d2c4a-df63-4751-9ec8-74f270f9c7ee:group-6D206E88B65A:LeaderElection24] INFO  impl.RaftServerImpl (ServerState.java:setRaftConf(361)) - 0a8d2c4a-df63-4751-9ec8-74f270f9c7ee:group-6D206E88B65A set configuration 0: [0a8d2c4a-df63-4751-9ec8-74f270f9c7ee:192.168.36.114:33571], old=null at 0
2019-09-12 11:49:59,851 [Thread-285] INFO  impl.FollowerState (FollowerState.java:run(106)) - 0a8d2c4a-df63-4751-9ec8-74f270f9c7ee:group-9E024E319926 changes to CANDIDATE, lastRpcTime:5200, electionTimeout:5188ms
2019-09-12 11:49:59,851 [Thread-291] INFO  impl.FollowerState (FollowerState.java:run(106)) - 3adca0c9-7635-4314-8dcd-426c8d10965a:group-4B952366CB15 changes to CANDIDATE, lastRpcTime:5099, electionTimeout:5085ms
2019-09-12 11:49:59,851 [Thread-285] INFO  impl.RoleInfo (RoleInfo.java:shutdownFollowerState(121)) - 0a8d2c4a-df63-4751-9ec8-74f270f9c7ee: shutdown FollowerState
2019-09-12 11:49:59,851 [Thread-291] INFO  impl.RoleInfo (RoleInfo.java:shutdownFollowerState(121)) - 3adca0c9-7635-4314-8dcd-426c8d10965a: shutdown FollowerState
2019-09-12 11:49:59,851 [Thread-285] INFO  impl.RaftServerImpl (RaftServerImpl.java:setRole(171)) - 0a8d2c4a-df63-4751-9ec8-74f270f9c7ee:group-9E024E319926 changes role from FOLLOWER to CANDIDATE at term 0 for changeToCandidate
2019-09-12 11:49:59,851 [Thread-291] INFO  impl.RaftServerImpl (RaftServerImpl.java:setRole(171)) - 3adca0c9-7635-4314-8dcd-426c8d10965a:group-4B952366CB15 changes role from FOLLOWER to CANDIDATE at term 0 for changeToCandidate
2019-09-12 11:49:59,851 [Thread-285] INFO  impl.RoleInfo (RoleInfo.java:updateAndGet(143)) - 0a8d2c4a-df63-4751-9ec8-74f270f9c7ee: start LeaderElection
2019-09-12 11:49:59,852 [Thread-291] INFO  impl.RoleInfo (RoleInfo.java:updateAndGet(143)) - 3adca0c9-7635-4314-8dcd-426c8d10965a: start LeaderElection
2019-09-12 11:49:59,863 [0a8d2c4a-df63-4751-9ec8-74f270f9c7ee-SegmentedRaftLogWorker:Storage Directory /workdir/hadoop-ozone/tools/target/test-dir/MiniOzoneClusterImpl-48448ead-6be7-4ea0-abfc-19da8f63b657/datanode-3/data/ratis/e0d8f472-f261-432f-8c13-6d206e88b65a] INFO  segmented.SegmentedRaftLogWorker (SegmentedRaftLogWorker.java:execute(569)) - 0a8d2c4a-df63-4751-9ec8-74f270f9c7ee-SegmentedRaftLogWorker:Storage Directory /workdir/hadoop-ozone/tools/target/test-dir/MiniOzoneClusterImpl-48448ead-6be7-4ea0-abfc-19da8f63b657/datanode-3/data/ratis/e0d8f472-f261-432f-8c13-6d206e88b65a: created new log segment /workdir/hadoop-ozone/tools/target/test-dir/MiniOzoneClusterImpl-48448ead-6be7-4ea0-abfc-19da8f63b657/datanode-3/data/ratis/e0d8f472-f261-432f-8c13-6d206e88b65a/current/log_inprogress_0
2019-09-12 11:49:59,864 [0a8d2c4a-df63-4751-9ec8-74f270f9c7ee:group-9E024E319926:LeaderElection25] INFO  impl.LeaderElection (LeaderElection.java:askForVotes(181)) - 0a8d2c4a-df63-4751-9ec8-74f270f9c7ee:group-9E024E319926:LeaderElection25: begin an election at term 1 for -1: [0a8d2c4a-df63-4751-9ec8-74f270f9c7ee:192.168.36.114:33571], old=null
2019-09-12 11:49:59,864 [3adca0c9-7635-4314-8dcd-426c8d10965a:group-4B952366CB15:LeaderElection26] INFO  impl.LeaderElection (LeaderElection.java:askForVotes(181)) - 3adca0c9-7635-4314-8dcd-426c8d10965a:group-4B952366CB15:LeaderElection26: begin an election at term 1 for -1: [3adca0c9-7635-4314-8dcd-426c8d10965a:192.168.36.114:44660], old=null
2019-09-12 11:49:59,864 [0a8d2c4a-df63-4751-9ec8-74f270f9c7ee:group-9E024E319926:LeaderElection25] INFO  impl.RoleInfo (RoleInfo.java:shutdownLeaderElection(134)) - 0a8d2c4a-df63-4751-9ec8-74f270f9c7ee: shutdown LeaderElection
2019-09-12 11:49:59,864 [3adca0c9-7635-4314-8dcd-426c8d10965a:group-4B952366CB15:LeaderElection26] INFO  impl.RoleInfo (RoleInfo.java:shutdownLeaderElection(134)) - 3adca0c9-7635-4314-8dcd-426c8d10965a: shutdown LeaderElection
2019-09-12 11:49:59,864 [0a8d2c4a-df63-4751-9ec8-74f270f9c7ee:group-9E024E319926:LeaderElection25] INFO  impl.RaftServerImpl (RaftServerImpl.java:setRole(171)) - 0a8d2c4a-df63-4751-9ec8-74f270f9c7ee:group-9E024E319926 changes role from CANDIDATE to LEADER at term 1 for changeToLeader
2019-09-12 11:49:59,864 [3adca0c9-7635-4314-8dcd-426c8d10965a:group-4B952366CB15:LeaderElection26] INFO  impl.RaftServerImpl (RaftServerImpl.java:setRole(171)) - 3adca0c9-7635-4314-8dcd-426c8d10965a:group-4B952366CB15 changes role from CANDIDATE to LEADER at term 1 for changeToLeader
2019-09-12 11:49:59,864 [0a8d2c4a-df63-4751-9ec8-74f270f9c7ee:group-9E024E319926:LeaderElection25] INFO  impl.RaftServerImpl (ServerState.java:setLeader(263)) - 0a8d2c4a-df63-4751-9ec8-74f270f9c7ee:group-9E024E319926 change Leader from null to 0a8d2c4a-df63-4751-9ec8-74f270f9c7ee at term 1 for becomeLeader, leader elected after 5217ms
2019-09-12 11:49:59,864 [3adca0c9-7635-4314-8dcd-426c8d10965a:group-4B952366CB15:LeaderElection26] INFO  impl.RaftServerImpl (ServerState.java:setLeader(263)) - 3adca0c9-7635-4314-8dcd-426c8d10965a:group-4B952366CB15 change Leader from null to 3adca0c9-7635-4314-8dcd-426c8d10965a at term 1 for becomeLeader, leader elected after 5117ms
2019-09-12 11:49:59,865 [0a8d2c4a-df63-4751-9ec8-74f270f9c7ee:group-9E024E319926:LeaderElection25] INFO  server.RaftServerConfigKeys (ConfUtils.java:logGet(43)) - raft.server.staging.catchup.gap = 1000 (default)
2019-09-12 11:49:59,865 [3adca0c9-7635-4314-8dcd-426c8d10965a:group-4B952366CB15:LeaderElection26] INFO  server.RaftServerConfigKeys (ConfUtils.java:logGet(43)) - raft.server.staging.catchup.gap = 1000 (default)
2019-09-12 11:49:59,865 [0a8d2c4a-df63-4751-9ec8-74f270f9c7ee:group-9E024E319926:LeaderElection25] INFO  server.RaftServerConfigKeys (ConfUtils.java:logGet(43)) - raft.server.rpc.sleep.time = 25ms (default)
2019-09-12 11:49:59,865 [3adca0c9-7635-4314-8dcd-426c8d10965a:group-4B952366CB15:LeaderElection26] INFO  server.RaftServerConfigKeys (ConfUtils.java:logGet(43)) - raft.server.rpc.sleep.time = 25ms (default)
2019-09-12 11:49:59,865 [0a8d2c4a-df63-4751-9ec8-74f270f9c7ee:group-9E024E319926:LeaderElection25] INFO  server.RaftServerConfigKeys (ConfUtils.java:logGet(43)) - raft.server.write.element-limit = 4096 (default)
2019-09-12 11:49:59,865 [3adca0c9-7635-4314-8dcd-426c8d10965a:group-4B952366CB15:LeaderElection26] INFO  server.RaftServerConfigKeys (ConfUtils.java:logGet(43)) - raft.server.write.element-limit = 4096 (default)
2019-09-12 11:49:59,865 [0a8d2c4a-df63-4751-9ec8-74f270f9c7ee:group-9E024E319926:LeaderElection25] INFO  server.RaftServerConfigKeys (ConfUtils.java:logGet(43)) - raft.server.watch.timeout = 10s (default)
2019-09-12 11:49:59,865 [3adca0c9-7635-4314-8dcd-426c8d10965a:group-4B952366CB15:LeaderElection26] INFO  server.RaftServerConfigKeys (ConfUtils.java:logGet(43)) - raft.server.watch.timeout = 10s (default)
2019-09-12 11:49:59,865 [0a8d2c4a-df63-4751-9ec8-74f270f9c7ee:group-9E024E319926:LeaderElection25] INFO  server.RaftServerConfigKeys (ConfUtils.java:logGet(43)) - raft.server.watch.timeout.denomination = 1s (default)
2019-09-12 11:49:59,866 [3adca0c9-7635-4314-8dcd-426c8d10965a:group-4B952366CB15:LeaderElection26] INFO  server.RaftServerConfigKeys (ConfUtils.java:logGet(43)) - raft.server.watch.timeout.denomination = 1s (default)
2019-09-12 11:49:59,866 [0a8d2c4a-df63-4751-9ec8-74f270f9c7ee:group-9E024E319926:LeaderElection25] INFO  server.RaftServerConfigKeys (ConfUtils.java:logGet(43)) - raft.server.watch.element-limit = 65536 (default)
2019-09-12 11:49:59,866 [3adca0c9-7635-4314-8dcd-426c8d10965a:group-4B952366CB15:LeaderElection26] INFO  server.RaftServerConfigKeys (ConfUtils.java:logGet(43)) - raft.server.watch.element-limit = 65536 (default)
2019-09-12 11:49:59,866 [0a8d2c4a-df63-4751-9ec8-74f270f9c7ee:group-9E024E319926:LeaderElection25] INFO  impl.RoleInfo (RoleInfo.java:updateAndGet(143)) - 0a8d2c4a-df63-4751-9ec8-74f270f9c7ee: start LeaderState
2019-09-12 11:49:59,866 [3adca0c9-7635-4314-8dcd-426c8d10965a:group-4B952366CB15:LeaderElection26] INFO  impl.RoleInfo (RoleInfo.java:updateAndGet(143)) - 3adca0c9-7635-4314-8dcd-426c8d10965a: start LeaderState
2019-09-12 11:49:59,866 [0a8d2c4a-df63-4751-9ec8-74f270f9c7ee:group-9E024E319926:LeaderElection25] INFO  segmented.SegmentedRaftLogWorker (SegmentedRaftLogWorker.java:startLogSegment(380)) - 0a8d2c4a-df63-4751-9ec8-74f270f9c7ee-SegmentedRaftLogWorker:Storage Directory /workdir/hadoop-ozone/tools/target/test-dir/MiniOzoneClusterImpl-48448ead-6be7-4ea0-abfc-19da8f63b657/datanode-3/data/ratis/7ea4ec24-210e-41f7-9e71-9e024e319926: Starting segment from index:0
2019-09-12 11:49:59,867 [3adca0c9-7635-4314-8dcd-426c8d10965a:group-4B952366CB15:LeaderElection26] INFO  segmented.SegmentedRaftLogWorker (SegmentedRaftLogWorker.java:startLogSegment(380)) - 3adca0c9-7635-4314-8dcd-426c8d10965a-SegmentedRaftLogWorker:Storage Directory /workdir/hadoop-ozone/tools/target/test-dir/MiniOzoneClusterImpl-48448ead-6be7-4ea0-abfc-19da8f63b657/datanode-4/data/ratis/2ebe5300-d764-46bc-b078-4b952366cb15: Starting segment from index:0
2019-09-12 11:49:59,867 [Thread-294] INFO  impl.FollowerState (FollowerState.java:run(106)) - 3adca0c9-7635-4314-8dcd-426c8d10965a:group-1F1627FDCBD5 changes to CANDIDATE, lastRpcTime:5053, electionTimeout:5053ms
2019-09-12 11:49:59,867 [Thread-294] INFO  impl.RoleInfo (RoleInfo.java:shutdownFollowerState(121)) - 3adca0c9-7635-4314-8dcd-426c8d10965a: shutdown FollowerState
2019-09-12 11:49:59,867 [Thread-294] INFO  impl.RaftServerImpl (RaftServerImpl.java:setRole(171)) - 3adca0c9-7635-4314-8dcd-426c8d10965a:group-1F1627FDCBD5 changes role from FOLLOWER to CANDIDATE at term 0 for changeToCandidate
2019-09-12 11:49:59,867 [0a8d2c4a-df63-4751-9ec8-74f270f9c7ee:group-9E024E319926:LeaderElection25] INFO  impl.RaftServerImpl (ServerState.java:setRaftConf(361)) - 0a8d2c4a-df63-4751-9ec8-74f270f9c7ee:group-9E024E319926 set configuration 0: [0a8d2c4a-df63-4751-9ec8-74f270f9c7ee:192.168.36.114:33571], old=null at 0
2019-09-12 11:49:59,867 [Thread-294] INFO  impl.RoleInfo (RoleInfo.java:updateAndGet(143)) - 3adca0c9-7635-4314-8dcd-426c8d10965a: start LeaderElection
2019-09-12 11:49:59,898 [3adca0c9-7635-4314-8dcd-426c8d10965a:group-4B952366CB15:LeaderElection26] INFO  impl.RaftServerImpl (ServerState.java:setRaftConf(361)) - 3adca0c9-7635-4314-8dcd-426c8d10965a:group-4B952366CB15 set configuration 0: [3adca0c9-7635-4314-8dcd-426c8d10965a:192.168.36.114:44660], old=null at 0
2019-09-12 11:49:59,933 [0a8d2c4a-df63-4751-9ec8-74f270f9c7ee-SegmentedRaftLogWorker:Storage Directory /workdir/hadoop-ozone/tools/target/test-dir/MiniOzoneClusterImpl-48448ead-6be7-4ea0-abfc-19da8f63b657/datanode-3/data/ratis/7ea4ec24-210e-41f7-9e71-9e024e319926] INFO  segmented.SegmentedRaftLogWorker (SegmentedRaftLogWorker.java:execute(569)) - 0a8d2c4a-df63-4751-9ec8-74f270f9c7ee-SegmentedRaftLogWorker:Storage Directory /workdir/hadoop-ozone/tools/target/test-dir/MiniOzoneClusterImpl-48448ead-6be7-4ea0-abfc-19da8f63b657/datanode-3/data/ratis/7ea4ec24-210e-41f7-9e71-9e024e319926: created new log segment /workdir/hadoop-ozone/tools/target/test-dir/MiniOzoneClusterImpl-48448ead-6be7-4ea0-abfc-19da8f63b657/datanode-3/data/ratis/7ea4ec24-210e-41f7-9e71-9e024e319926/current/log_inprogress_0
2019-09-12 11:49:59,945 [3adca0c9-7635-4314-8dcd-426c8d10965a-SegmentedRaftLogWorker:Storage Directory /workdir/hadoop-ozone/tools/target/test-dir/MiniOzoneClusterImpl-48448ead-6be7-4ea0-abfc-19da8f63b657/datanode-4/data/ratis/2ebe5300-d764-46bc-b078-4b952366cb15] INFO  segmented.SegmentedRaftLogWorker (SegmentedRaftLogWorker.java:execute(569)) - 3adca0c9-7635-4314-8dcd-426c8d10965a-SegmentedRaftLogWorker:Storage Directory /workdir/hadoop-ozone/tools/target/test-dir/MiniOzoneClusterImpl-48448ead-6be7-4ea0-abfc-19da8f63b657/datanode-4/data/ratis/2ebe5300-d764-46bc-b078-4b952366cb15: created new log segment /workdir/hadoop-ozone/tools/target/test-dir/MiniOzoneClusterImpl-48448ead-6be7-4ea0-abfc-19da8f63b657/datanode-4/data/ratis/2ebe5300-d764-46bc-b078-4b952366cb15/current/log_inprogress_0
2019-09-12 11:49:59,948 [3adca0c9-7635-4314-8dcd-426c8d10965a:group-1F1627FDCBD5:LeaderElection27] INFO  impl.LeaderElection (LeaderElection.java:askForVotes(181)) - 3adca0c9-7635-4314-8dcd-426c8d10965a:group-1F1627FDCBD5:LeaderElection27: begin an election at term 1 for -1: [3adca0c9-7635-4314-8dcd-426c8d10965a:192.168.36.114:44660], old=null
2019-09-12 11:49:59,948 [3adca0c9-7635-4314-8dcd-426c8d10965a:group-1F1627FDCBD5:LeaderElection27] INFO  impl.RoleInfo (RoleInfo.java:shutdownLeaderElection(134)) - 3adca0c9-7635-4314-8dcd-426c8d10965a: shutdown LeaderElection
2019-09-12 11:49:59,948 [3adca0c9-7635-4314-8dcd-426c8d10965a:group-1F1627FDCBD5:LeaderElection27] INFO  impl.RaftServerImpl (RaftServerImpl.java:setRole(171)) - 3adca0c9-7635-4314-8dcd-426c8d10965a:group-1F1627FDCBD5 changes role from CANDIDATE to LEADER at term 1 for changeToLeader
2019-09-12 11:49:59,948 [3adca0c9-7635-4314-8dcd-426c8d10965a:group-1F1627FDCBD5:LeaderElection27] INFO  impl.RaftServerImpl (ServerState.java:setLeader(263)) - 3adca0c9-7635-4314-8dcd-426c8d10965a:group-1F1627FDCBD5 change Leader from null to 3adca0c9-7635-4314-8dcd-426c8d10965a at term 1 for becomeLeader, leader elected after 5140ms
2019-09-12 11:49:59,948 [3adca0c9-7635-4314-8dcd-426c8d10965a:group-1F1627FDCBD5:LeaderElection27] INFO  server.RaftServerConfigKeys (ConfUtils.java:logGet(43)) - raft.server.staging.catchup.gap = 1000 (default)
2019-09-12 11:49:59,949 [3adca0c9-7635-4314-8dcd-426c8d10965a:group-1F1627FDCBD5:LeaderElection27] INFO  server.RaftServerConfigKeys (ConfUtils.java:logGet(43)) - raft.server.rpc.sleep.time = 25ms (default)
2019-09-12 11:49:59,949 [3adca0c9-7635-4314-8dcd-426c8d10965a:group-1F1627FDCBD5:LeaderElection27] INFO  server.RaftServerConfigKeys (ConfUtils.java:logGet(43)) - raft.server.write.element-limit = 4096 (default)
2019-09-12 11:49:59,949 [3adca0c9-7635-4314-8dcd-426c8d10965a:group-1F1627FDCBD5:LeaderElection27] INFO  server.RaftServerConfigKeys (ConfUtils.java:logGet(43)) - raft.server.watch.timeout = 10s (default)
2019-09-12 11:49:59,949 [3adca0c9-7635-4314-8dcd-426c8d10965a:group-1F1627FDCBD5:LeaderElection27] INFO  server.RaftServerConfigKeys (ConfUtils.java:logGet(43)) - raft.server.watch.timeout.denomination = 1s (default)
2019-09-12 11:49:59,949 [3adca0c9-7635-4314-8dcd-426c8d10965a:group-1F1627FDCBD5:LeaderElection27] INFO  server.RaftServerConfigKeys (ConfUtils.java:logGet(43)) - raft.server.watch.element-limit = 65536 (default)
2019-09-12 11:49:59,950 [3adca0c9-7635-4314-8dcd-426c8d10965a:group-1F1627FDCBD5:LeaderElection27] INFO  impl.RoleInfo (RoleInfo.java:updateAndGet(143)) - 3adca0c9-7635-4314-8dcd-426c8d10965a: start LeaderState
2019-09-12 11:49:59,950 [3adca0c9-7635-4314-8dcd-426c8d10965a:group-1F1627FDCBD5:LeaderElection27] INFO  segmented.SegmentedRaftLogWorker (SegmentedRaftLogWorker.java:startLogSegment(380)) - 3adca0c9-7635-4314-8dcd-426c8d10965a-SegmentedRaftLogWorker:Storage Directory /workdir/hadoop-ozone/tools/target/test-dir/MiniOzoneClusterImpl-48448ead-6be7-4ea0-abfc-19da8f63b657/datanode-4/data/ratis/110d9b37-7337-4541-9210-1f1627fdcbd5: Starting segment from index:0
2019-09-12 11:49:59,951 [3adca0c9-7635-4314-8dcd-426c8d10965a:group-1F1627FDCBD5:LeaderElection27] INFO  impl.RaftServerImpl (ServerState.java:setRaftConf(361)) - 3adca0c9-7635-4314-8dcd-426c8d10965a:group-1F1627FDCBD5 set configuration 0: [3adca0c9-7635-4314-8dcd-426c8d10965a:192.168.36.114:44660], old=null at 0
2019-09-12 11:50:00,004 [3adca0c9-7635-4314-8dcd-426c8d10965a-SegmentedRaftLogWorker:Storage Directory /workdir/hadoop-ozone/tools/target/test-dir/MiniOzoneClusterImpl-48448ead-6be7-4ea0-abfc-19da8f63b657/datanode-4/data/ratis/110d9b37-7337-4541-9210-1f1627fdcbd5] INFO  segmented.SegmentedRaftLogWorker (SegmentedRaftLogWorker.java:execute(569)) - 3adca0c9-7635-4314-8dcd-426c8d10965a-SegmentedRaftLogWorker:Storage Directory /workdir/hadoop-ozone/tools/target/test-dir/MiniOzoneClusterImpl-48448ead-6be7-4ea0-abfc-19da8f63b657/datanode-4/data/ratis/110d9b37-7337-4541-9210-1f1627fdcbd5: created new log segment /workdir/hadoop-ozone/tools/target/test-dir/MiniOzoneClusterImpl-48448ead-6be7-4ea0-abfc-19da8f63b657/datanode-4/data/ratis/110d9b37-7337-4541-9210-1f1627fdcbd5/current/log_inprogress_0
2019-09-12 11:50:00,006 [Thread-304] INFO  impl.FollowerState (FollowerState.java:run(106)) - 0a8d2c4a-df63-4751-9ec8-74f270f9c7ee:group-BDD23E3DA7DA changes to CANDIDATE, lastRpcTime:5027, electionTimeout:5027ms
2019-09-12 11:50:00,006 [Thread-304] INFO  impl.RoleInfo (RoleInfo.java:shutdownFollowerState(121)) - 0a8d2c4a-df63-4751-9ec8-74f270f9c7ee: shutdown FollowerState
2019-09-12 11:50:00,006 [Thread-304] INFO  impl.RaftServerImpl (RaftServerImpl.java:setRole(171)) - 0a8d2c4a-df63-4751-9ec8-74f270f9c7ee:group-BDD23E3DA7DA changes role from FOLLOWER to CANDIDATE at term 0 for changeToCandidate
2019-09-12 11:50:00,007 [Thread-304] INFO  impl.RoleInfo (RoleInfo.java:updateAndGet(143)) - 0a8d2c4a-df63-4751-9ec8-74f270f9c7ee: start LeaderElection
2019-09-12 11:50:00,014 [Thread-301] INFO  impl.FollowerState (FollowerState.java:run(106)) - 0a8d2c4a-df63-4751-9ec8-74f270f9c7ee:group-A410E7FB1589 changes to CANDIDATE, lastRpcTime:5088, electionTimeout:5088ms
2019-09-12 11:50:00,014 [Thread-301] INFO  impl.RoleInfo (RoleInfo.java:shutdownFollowerState(121)) - 0a8d2c4a-df63-4751-9ec8-74f270f9c7ee: shutdown FollowerState
2019-09-12 11:50:00,014 [Thread-301] INFO  impl.RaftServerImpl (RaftServerImpl.java:setRole(171)) - 0a8d2c4a-df63-4751-9ec8-74f270f9c7ee:group-A410E7FB1589 changes role from FOLLOWER to CANDIDATE at term 0 for changeToCandidate
2019-09-12 11:50:00,014 [Thread-301] INFO  impl.RoleInfo (RoleInfo.java:updateAndGet(143)) - 0a8d2c4a-df63-4751-9ec8-74f270f9c7ee: start LeaderElection
2019-09-12 11:50:00,017 [0a8d2c4a-df63-4751-9ec8-74f270f9c7ee:group-BDD23E3DA7DA:LeaderElection28] INFO  impl.LeaderElection (LeaderElection.java:askForVotes(181)) - 0a8d2c4a-df63-4751-9ec8-74f270f9c7ee:group-BDD23E3DA7DA:LeaderElection28: begin an election at term 1 for -1: [0a8d2c4a-df63-4751-9ec8-74f270f9c7ee:192.168.36.114:33571], old=null
2019-09-12 11:50:00,017 [0a8d2c4a-df63-4751-9ec8-74f270f9c7ee:group-BDD23E3DA7DA:LeaderElection28] INFO  impl.RoleInfo (RoleInfo.java:shutdownLeaderElection(134)) - 0a8d2c4a-df63-4751-9ec8-74f270f9c7ee: shutdown LeaderElection
2019-09-12 11:50:00,017 [0a8d2c4a-df63-4751-9ec8-74f270f9c7ee:group-BDD23E3DA7DA:LeaderElection28] INFO  impl.RaftServerImpl (RaftServerImpl.java:setRole(171)) - 0a8d2c4a-df63-4751-9ec8-74f270f9c7ee:group-BDD23E3DA7DA changes role from CANDIDATE to LEADER at term 1 for changeToLeader
2019-09-12 11:50:00,018 [0a8d2c4a-df63-4751-9ec8-74f270f9c7ee:group-BDD23E3DA7DA:LeaderElection28] INFO  impl.RaftServerImpl (ServerState.java:setLeader(263)) - 0a8d2c4a-df63-4751-9ec8-74f270f9c7ee:group-BDD23E3DA7DA change Leader from null to 0a8d2c4a-df63-4751-9ec8-74f270f9c7ee at term 1 for becomeLeader, leader elected after 5043ms
2019-09-12 11:50:00,018 [0a8d2c4a-df63-4751-9ec8-74f270f9c7ee:group-BDD23E3DA7DA:LeaderElection28] INFO  server.RaftServerConfigKeys (ConfUtils.java:logGet(43)) - raft.server.staging.catchup.gap = 1000 (default)
2019-09-12 11:50:00,018 [0a8d2c4a-df63-4751-9ec8-74f270f9c7ee:group-BDD23E3DA7DA:LeaderElection28] INFO  server.RaftServerConfigKeys (ConfUtils.java:logGet(43)) - raft.server.rpc.sleep.time = 25ms (default)
2019-09-12 11:50:00,018 [0a8d2c4a-df63-4751-9ec8-74f270f9c7ee:group-BDD23E3DA7DA:LeaderElection28] INFO  server.RaftServerConfigKeys (ConfUtils.java:logGet(43)) - raft.server.write.element-limit = 4096 (default)
2019-09-12 11:50:00,018 [0a8d2c4a-df63-4751-9ec8-74f270f9c7ee:group-BDD23E3DA7DA:LeaderElection28] INFO  server.RaftServerConfigKeys (ConfUtils.java:logGet(43)) - raft.server.watch.timeout = 10s (default)
2019-09-12 11:50:00,018 [0a8d2c4a-df63-4751-9ec8-74f270f9c7ee:group-BDD23E3DA7DA:LeaderElection28] INFO  server.RaftServerConfigKeys (ConfUtils.java:logGet(43)) - raft.server.watch.timeout.denomination = 1s (default)
2019-09-12 11:50:00,018 [0a8d2c4a-df63-4751-9ec8-74f270f9c7ee:group-BDD23E3DA7DA:LeaderElection28] INFO  server.RaftServerConfigKeys (ConfUtils.java:logGet(43)) - raft.server.watch.element-limit = 65536 (default)
2019-09-12 11:50:00,019 [0a8d2c4a-df63-4751-9ec8-74f270f9c7ee:group-BDD23E3DA7DA:LeaderElection28] INFO  impl.RoleInfo (RoleInfo.java:updateAndGet(143)) - 0a8d2c4a-df63-4751-9ec8-74f270f9c7ee: start LeaderState
2019-09-12 11:50:00,019 [0a8d2c4a-df63-4751-9ec8-74f270f9c7ee:group-A410E7FB1589:LeaderElection29] INFO  impl.LeaderElection (LeaderElection.java:askForVotes(181)) - 0a8d2c4a-df63-4751-9ec8-74f270f9c7ee:group-A410E7FB1589:LeaderElection29: begin an election at term 1 for -1: [0a8d2c4a-df63-4751-9ec8-74f270f9c7ee:192.168.36.114:33571], old=null
2019-09-12 11:50:00,019 [0a8d2c4a-df63-4751-9ec8-74f270f9c7ee:group-A410E7FB1589:LeaderElection29] INFO  impl.RoleInfo (RoleInfo.java:shutdownLeaderElection(134)) - 0a8d2c4a-df63-4751-9ec8-74f270f9c7ee: shutdown LeaderElection
2019-09-12 11:50:00,019 [0a8d2c4a-df63-4751-9ec8-74f270f9c7ee:group-BDD23E3DA7DA:LeaderElection28] INFO  segmented.SegmentedRaftLogWorker (SegmentedRaftLogWorker.java:startLogSegment(380)) - 0a8d2c4a-df63-4751-9ec8-74f270f9c7ee-SegmentedRaftLogWorker:Storage Directory /workdir/hadoop-ozone/tools/target/test-dir/MiniOzoneClusterImpl-48448ead-6be7-4ea0-abfc-19da8f63b657/datanode-3/data/ratis/eb5f8845-1bcb-4b8e-be8a-bdd23e3da7da: Starting segment from index:0
2019-09-12 11:50:00,019 [0a8d2c4a-df63-4751-9ec8-74f270f9c7ee:group-A410E7FB1589:LeaderElection29] INFO  impl.RaftServerImpl (RaftServerImpl.java:setRole(171)) - 0a8d2c4a-df63-4751-9ec8-74f270f9c7ee:group-A410E7FB1589 changes role from CANDIDATE to LEADER at term 1 for changeToLeader
2019-09-12 11:50:00,020 [0a8d2c4a-df63-4751-9ec8-74f270f9c7ee:group-A410E7FB1589:LeaderElection29] INFO  impl.RaftServerImpl (ServerState.java:setLeader(263)) - 0a8d2c4a-df63-4751-9ec8-74f270f9c7ee:group-A410E7FB1589 change Leader from null to 0a8d2c4a-df63-4751-9ec8-74f270f9c7ee at term 1 for becomeLeader, leader elected after 5099ms
2019-09-12 11:50:00,020 [0a8d2c4a-df63-4751-9ec8-74f270f9c7ee:group-A410E7FB1589:LeaderElection29] INFO  server.RaftServerConfigKeys (ConfUtils.java:logGet(43)) - raft.server.staging.catchup.gap = 1000 (default)
2019-09-12 11:50:00,020 [0a8d2c4a-df63-4751-9ec8-74f270f9c7ee:group-A410E7FB1589:LeaderElection29] INFO  server.RaftServerConfigKeys (ConfUtils.java:logGet(43)) - raft.server.rpc.sleep.time = 25ms (default)
2019-09-12 11:50:00,020 [0a8d2c4a-df63-4751-9ec8-74f270f9c7ee:group-BDD23E3DA7DA:LeaderElection28] INFO  impl.RaftServerImpl (ServerState.java:setRaftConf(361)) - 0a8d2c4a-df63-4751-9ec8-74f270f9c7ee:group-BDD23E3DA7DA set configuration 0: [0a8d2c4a-df63-4751-9ec8-74f270f9c7ee:192.168.36.114:33571], old=null at 0
2019-09-12 11:50:00,020 [0a8d2c4a-df63-4751-9ec8-74f270f9c7ee:group-A410E7FB1589:LeaderElection29] INFO  server.RaftServerConfigKeys (ConfUtils.java:logGet(43)) - raft.server.write.element-limit = 4096 (default)
2019-09-12 11:50:00,050 [Thread-298] INFO  impl.FollowerState (FollowerState.java:run(106)) - 0a8d2c4a-df63-4751-9ec8-74f270f9c7ee:group-02743FC1D47B changes to CANDIDATE, lastRpcTime:5178, electionTimeout:5151ms
2019-09-12 11:50:00,050 [0a8d2c4a-df63-4751-9ec8-74f270f9c7ee:group-A410E7FB1589:LeaderElection29] INFO  server.RaftServerConfigKeys (ConfUtils.java:logGet(43)) - raft.server.watch.timeout = 10s (default)
2019-09-12 11:50:00,050 [Thread-298] INFO  impl.RoleInfo (RoleInfo.java:shutdownFollowerState(121)) - 0a8d2c4a-df63-4751-9ec8-74f270f9c7ee: shutdown FollowerState
2019-09-12 11:50:00,050 [0a8d2c4a-df63-4751-9ec8-74f270f9c7ee:group-A410E7FB1589:LeaderElection29] INFO  server.RaftServerConfigKeys (ConfUtils.java:logGet(43)) - raft.server.watch.timeout.denomination = 1s (default)
2019-09-12 11:50:00,050 [Thread-298] INFO  impl.RaftServerImpl (RaftServerImpl.java:setRole(171)) - 0a8d2c4a-df63-4751-9ec8-74f270f9c7ee:group-02743FC1D47B changes role from FOLLOWER to CANDIDATE at term 0 for changeToCandidate
2019-09-12 11:50:00,050 [0a8d2c4a-df63-4751-9ec8-74f270f9c7ee:group-A410E7FB1589:LeaderElection29] INFO  server.RaftServerConfigKeys (ConfUtils.java:logGet(43)) - raft.server.watch.element-limit = 65536 (default)
2019-09-12 11:50:00,050 [Thread-298] INFO  impl.RoleInfo (RoleInfo.java:updateAndGet(143)) - 0a8d2c4a-df63-4751-9ec8-74f270f9c7ee: start LeaderElection
2019-09-12 11:50:00,051 [0a8d2c4a-df63-4751-9ec8-74f270f9c7ee:group-A410E7FB1589:LeaderElection29] INFO  impl.RoleInfo (RoleInfo.java:updateAndGet(143)) - 0a8d2c4a-df63-4751-9ec8-74f270f9c7ee: start LeaderState
2019-09-12 11:50:00,051 [0a8d2c4a-df63-4751-9ec8-74f270f9c7ee:group-A410E7FB1589:LeaderElection29] INFO  segmented.SegmentedRaftLogWorker (SegmentedRaftLogWorker.java:startLogSegment(380)) - 0a8d2c4a-df63-4751-9ec8-74f270f9c7ee-SegmentedRaftLogWorker:Storage Directory /workdir/hadoop-ozone/tools/target/test-dir/MiniOzoneClusterImpl-48448ead-6be7-4ea0-abfc-19da8f63b657/datanode-3/data/ratis/eb075b45-eb14-4d80-a459-a410e7fb1589: Starting segment from index:0
2019-09-12 11:50:00,053 [0a8d2c4a-df63-4751-9ec8-74f270f9c7ee:group-A410E7FB1589:LeaderElection29] INFO  impl.RaftServerImpl (ServerState.java:setRaftConf(361)) - 0a8d2c4a-df63-4751-9ec8-74f270f9c7ee:group-A410E7FB1589 set configuration 0: [0a8d2c4a-df63-4751-9ec8-74f270f9c7ee:192.168.36.114:33571], old=null at 0
2019-09-12 11:50:00,089 [0a8d2c4a-df63-4751-9ec8-74f270f9c7ee-SegmentedRaftLogWorker:Storage Directory /workdir/hadoop-ozone/tools/target/test-dir/MiniOzoneClusterImpl-48448ead-6be7-4ea0-abfc-19da8f63b657/datanode-3/data/ratis/eb5f8845-1bcb-4b8e-be8a-bdd23e3da7da] INFO  segmented.SegmentedRaftLogWorker (SegmentedRaftLogWorker.java:execute(569)) - 0a8d2c4a-df63-4751-9ec8-74f270f9c7ee-SegmentedRaftLogWorker:Storage Directory /workdir/hadoop-ozone/tools/target/test-dir/MiniOzoneClusterImpl-48448ead-6be7-4ea0-abfc-19da8f63b657/datanode-3/data/ratis/eb5f8845-1bcb-4b8e-be8a-bdd23e3da7da: created new log segment /workdir/hadoop-ozone/tools/target/test-dir/MiniOzoneClusterImpl-48448ead-6be7-4ea0-abfc-19da8f63b657/datanode-3/data/ratis/eb5f8845-1bcb-4b8e-be8a-bdd23e3da7da/current/log_inprogress_0
2019-09-12 11:50:00,090 [0a8d2c4a-df63-4751-9ec8-74f270f9c7ee:group-02743FC1D47B:LeaderElection30] INFO  impl.LeaderElection (LeaderElection.java:askForVotes(181)) - 0a8d2c4a-df63-4751-9ec8-74f270f9c7ee:group-02743FC1D47B:LeaderElection30: begin an election at term 1 for -1: [0a8d2c4a-df63-4751-9ec8-74f270f9c7ee:192.168.36.114:33571], old=null
2019-09-12 11:50:00,090 [0a8d2c4a-df63-4751-9ec8-74f270f9c7ee:group-02743FC1D47B:LeaderElection30] INFO  impl.RoleInfo (RoleInfo.java:shutdownLeaderElection(134)) - 0a8d2c4a-df63-4751-9ec8-74f270f9c7ee: shutdown LeaderElection
2019-09-12 11:50:00,090 [0a8d2c4a-df63-4751-9ec8-74f270f9c7ee:group-02743FC1D47B:LeaderElection30] INFO  impl.RaftServerImpl (RaftServerImpl.java:setRole(171)) - 0a8d2c4a-df63-4751-9ec8-74f270f9c7ee:group-02743FC1D47B changes role from CANDIDATE to LEADER at term 1 for changeToLeader
2019-09-12 11:50:00,090 [0a8d2c4a-df63-4751-9ec8-74f270f9c7ee:group-02743FC1D47B:LeaderElection30] INFO  impl.RaftServerImpl (ServerState.java:setLeader(263)) - 0a8d2c4a-df63-4751-9ec8-74f270f9c7ee:group-02743FC1D47B change Leader from null to 0a8d2c4a-df63-4751-9ec8-74f270f9c7ee at term 1 for becomeLeader, leader elected after 5224ms
2019-09-12 11:50:00,090 [0a8d2c4a-df63-4751-9ec8-74f270f9c7ee:group-02743FC1D47B:LeaderElection30] INFO  server.RaftServerConfigKeys (ConfUtils.java:logGet(43)) - raft.server.staging.catchup.gap = 1000 (default)
2019-09-12 11:50:00,090 [0a8d2c4a-df63-4751-9ec8-74f270f9c7ee:group-02743FC1D47B:LeaderElection30] INFO  server.RaftServerConfigKeys (ConfUtils.java:logGet(43)) - raft.server.rpc.sleep.time = 25ms (default)
2019-09-12 11:50:00,091 [0a8d2c4a-df63-4751-9ec8-74f270f9c7ee:group-02743FC1D47B:LeaderElection30] INFO  server.RaftServerConfigKeys (ConfUtils.java:logGet(43)) - raft.server.write.element-limit = 4096 (default)
2019-09-12 11:50:00,091 [0a8d2c4a-df63-4751-9ec8-74f270f9c7ee:group-02743FC1D47B:LeaderElection30] INFO  server.RaftServerConfigKeys (ConfUtils.java:logGet(43)) - raft.server.watch.timeout = 10s (default)
2019-09-12 11:50:00,091 [0a8d2c4a-df63-4751-9ec8-74f270f9c7ee:group-02743FC1D47B:LeaderElection30] INFO  server.RaftServerConfigKeys (ConfUtils.java:logGet(43)) - raft.server.watch.timeout.denomination = 1s (default)
2019-09-12 11:50:00,091 [0a8d2c4a-df63-4751-9ec8-74f270f9c7ee:group-02743FC1D47B:LeaderElection30] INFO  server.RaftServerConfigKeys (ConfUtils.java:logGet(43)) - raft.server.watch.element-limit = 65536 (default)
2019-09-12 11:50:00,091 [0a8d2c4a-df63-4751-9ec8-74f270f9c7ee:group-02743FC1D47B:LeaderElection30] INFO  impl.RoleInfo (RoleInfo.java:updateAndGet(143)) - 0a8d2c4a-df63-4751-9ec8-74f270f9c7ee: start LeaderState
2019-09-12 11:50:00,092 [0a8d2c4a-df63-4751-9ec8-74f270f9c7ee:group-02743FC1D47B:LeaderElection30] INFO  segmented.SegmentedRaftLogWorker (SegmentedRaftLogWorker.java:startLogSegment(380)) - 0a8d2c4a-df63-4751-9ec8-74f270f9c7ee-SegmentedRaftLogWorker:Storage Directory /workdir/hadoop-ozone/tools/target/test-dir/MiniOzoneClusterImpl-48448ead-6be7-4ea0-abfc-19da8f63b657/datanode-3/data/ratis/2e3d521a-bed8-4e34-90e5-02743fc1d47b: Starting segment from index:0
2019-09-12 11:50:00,092 [0a8d2c4a-df63-4751-9ec8-74f270f9c7ee:group-02743FC1D47B:LeaderElection30] INFO  impl.RaftServerImpl (ServerState.java:setRaftConf(361)) - 0a8d2c4a-df63-4751-9ec8-74f270f9c7ee:group-02743FC1D47B set configuration 0: [0a8d2c4a-df63-4751-9ec8-74f270f9c7ee:192.168.36.114:33571], old=null at 0
2019-09-12 11:50:00,135 [0a8d2c4a-df63-4751-9ec8-74f270f9c7ee-SegmentedRaftLogWorker:Storage Directory /workdir/hadoop-ozone/tools/target/test-dir/MiniOzoneClusterImpl-48448ead-6be7-4ea0-abfc-19da8f63b657/datanode-3/data/ratis/eb075b45-eb14-4d80-a459-a410e7fb1589] INFO  segmented.SegmentedRaftLogWorker (SegmentedRaftLogWorker.java:execute(569)) - 0a8d2c4a-df63-4751-9ec8-74f270f9c7ee-SegmentedRaftLogWorker:Storage Directory /workdir/hadoop-ozone/tools/target/test-dir/MiniOzoneClusterImpl-48448ead-6be7-4ea0-abfc-19da8f63b657/datanode-3/data/ratis/eb075b45-eb14-4d80-a459-a410e7fb1589: created new log segment /workdir/hadoop-ozone/tools/target/test-dir/MiniOzoneClusterImpl-48448ead-6be7-4ea0-abfc-19da8f63b657/datanode-3/data/ratis/eb075b45-eb14-4d80-a459-a410e7fb1589/current/log_inprogress_0
2019-09-12 11:50:00,136 | INFO  | SCMAudit | user=jenkins1000 | ip=192.168.36.114 | op=SEND_HEARTBEAT {datanodeUUID=da13140e-97ff-4909-b236-e6528747f6c6, command=[]} | ret=SUCCESS |  
2019-09-12 11:50:00,147 [0a8d2c4a-df63-4751-9ec8-74f270f9c7ee-SegmentedRaftLogWorker:Storage Directory /workdir/hadoop-ozone/tools/target/test-dir/MiniOzoneClusterImpl-48448ead-6be7-4ea0-abfc-19da8f63b657/datanode-3/data/ratis/2e3d521a-bed8-4e34-90e5-02743fc1d47b] INFO  segmented.SegmentedRaftLogWorker (SegmentedRaftLogWorker.java:execute(569)) - 0a8d2c4a-df63-4751-9ec8-74f270f9c7ee-SegmentedRaftLogWorker:Storage Directory /workdir/hadoop-ozone/tools/target/test-dir/MiniOzoneClusterImpl-48448ead-6be7-4ea0-abfc-19da8f63b657/datanode-3/data/ratis/2e3d521a-bed8-4e34-90e5-02743fc1d47b: created new log segment /workdir/hadoop-ozone/tools/target/test-dir/MiniOzoneClusterImpl-48448ead-6be7-4ea0-abfc-19da8f63b657/datanode-3/data/ratis/2e3d521a-bed8-4e34-90e5-02743fc1d47b/current/log_inprogress_0
 100.00% |█████████████████████████████████████████████████████████████████████████████████████████████████████|  1/1 Time: 0:00:06
2019-09-12 11:50:00,316 | INFO  | SCMAudit | user=jenkins1000 | ip=192.168.36.114 | op=SEND_HEARTBEAT {datanodeUUID=a32c3c57-45cd-4630-bd30-a1be9f286e13, command=[]} | ret=SUCCESS |  
2019-09-12 11:50:00,784 | INFO  | SCMAudit | user=jenkins1000 | ip=192.168.36.114 | op=SEND_HEARTBEAT {datanodeUUID=0a8d2c4a-df63-4751-9ec8-74f270f9c7ee, command=[]} | ret=SUCCESS |  
2019-09-12 11:50:00,784 | INFO  | SCMAudit | user=jenkins1000 | ip=192.168.36.114 | op=SEND_HEARTBEAT {datanodeUUID=3adca0c9-7635-4314-8dcd-426c8d10965a, command=[]} | ret=SUCCESS |  
2019-09-12 11:50:00,799 | INFO  | SCMAudit | user=jenkins1000 | ip=192.168.36.114 | op=SEND_HEARTBEAT {datanodeUUID=efd2d550-d23b-43a8-a0f9-f6ba5c59f5a4, command=[]} | ret=SUCCESS |  
2019-09-12 11:50:01,137 | INFO  | SCMAudit | user=jenkins1000 | ip=192.168.36.114 | op=SEND_HEARTBEAT {datanodeUUID=da13140e-97ff-4909-b236-e6528747f6c6, command=[]} | ret=SUCCESS |  
2019-09-12 11:50:01,315 | INFO  | SCMAudit | user=jenkins1000 | ip=192.168.36.114 | op=SEND_HEARTBEAT {datanodeUUID=a32c3c57-45cd-4630-bd30-a1be9f286e13, command=[]} | ret=SUCCESS |  
2019-09-12 11:50:01,783 | INFO  | SCMAudit | user=jenkins1000 | ip=192.168.36.114 | op=SEND_HEARTBEAT {datanodeUUID=3adca0c9-7635-4314-8dcd-426c8d10965a, command=[]} | ret=SUCCESS |  
2019-09-12 11:50:01,783 | INFO  | SCMAudit | user=jenkins1000 | ip=192.168.36.114 | op=SEND_HEARTBEAT {datanodeUUID=0a8d2c4a-df63-4751-9ec8-74f270f9c7ee, command=[]} | ret=SUCCESS |  
2019-09-12 11:50:01,799 | INFO  | SCMAudit | user=jenkins1000 | ip=192.168.36.114 | op=SEND_HEARTBEAT {datanodeUUID=efd2d550-d23b-43a8-a0f9-f6ba5c59f5a4, command=[]} | ret=SUCCESS |  
2019-09-12 11:50:02,138 | INFO  | SCMAudit | user=jenkins1000 | ip=192.168.36.114 | op=SEND_HEARTBEAT {datanodeUUID=da13140e-97ff-4909-b236-e6528747f6c6, command=[]} | ret=SUCCESS |  
2019-09-12 11:50:02,315 | INFO  | SCMAudit | user=jenkins1000 | ip=192.168.36.114 | op=SEND_HEARTBEAT {datanodeUUID=a32c3c57-45cd-4630-bd30-a1be9f286e13, command=[]} | ret=SUCCESS |  
2019-09-12 11:50:02,784 | INFO  | SCMAudit | user=jenkins1000 | ip=192.168.36.114 | op=SEND_HEARTBEAT {datanodeUUID=0a8d2c4a-df63-4751-9ec8-74f270f9c7ee, command=[]} | ret=SUCCESS |  
2019-09-12 11:50:02,784 | INFO  | SCMAudit | user=jenkins1000 | ip=192.168.36.114 | op=SEND_HEARTBEAT {datanodeUUID=3adca0c9-7635-4314-8dcd-426c8d10965a, command=[]} | ret=SUCCESS |  
2019-09-12 11:50:02,799 | INFO  | SCMAudit | user=jenkins1000 | ip=192.168.36.114 | op=SEND_HEARTBEAT {datanodeUUID=efd2d550-d23b-43a8-a0f9-f6ba5c59f5a4, command=[]} | ret=SUCCESS |  
2019-09-12 11:50:03,138 | INFO  | SCMAudit | user=jenkins1000 | ip=192.168.36.114 | op=SEND_HEARTBEAT {datanodeUUID=da13140e-97ff-4909-b236-e6528747f6c6, command=[]} | ret=SUCCESS |  
2019-09-12 11:50:03,316 | INFO  | SCMAudit | user=jenkins1000 | ip=192.168.36.114 | op=SEND_HEARTBEAT {datanodeUUID=a32c3c57-45cd-4630-bd30-a1be9f286e13, command=[]} | ret=SUCCESS |  
2019-09-12 11:50:03,783 | INFO  | SCMAudit | user=jenkins1000 | ip=192.168.36.114 | op=SEND_HEARTBEAT {datanodeUUID=3adca0c9-7635-4314-8dcd-426c8d10965a, command=[]} | ret=SUCCESS |  
2019-09-12 11:50:03,783 | INFO  | SCMAudit | user=jenkins1000 | ip=192.168.36.114 | op=SEND_HEARTBEAT {datanodeUUID=0a8d2c4a-df63-4751-9ec8-74f270f9c7ee, command=[]} | ret=SUCCESS |  
2019-09-12 11:50:03,799 | INFO  | SCMAudit | user=jenkins1000 | ip=192.168.36.114 | op=SEND_HEARTBEAT {datanodeUUID=efd2d550-d23b-43a8-a0f9-f6ba5c59f5a4, command=[]} | ret=SUCCESS |  
2019-09-12 11:50:04,138 | INFO  | SCMAudit | user=jenkins1000 | ip=192.168.36.114 | op=SEND_HEARTBEAT {datanodeUUID=da13140e-97ff-4909-b236-e6528747f6c6, command=[]} | ret=SUCCESS |  
]]></system-out>
    <system-err><![CDATA[Sep 12, 2019 11:49:46 AM com.sun.jersey.server.impl.application.WebApplicationImpl _initiate
INFO: Initiating Jersey application, version 'Jersey: 1.19 02/11/2015 03:25 AM'
Sep 12, 2019 11:49:47 AM com.sun.jersey.server.impl.application.WebApplicationImpl _initiate
INFO: Initiating Jersey application, version 'Jersey: 1.19 02/11/2015 03:25 AM'
Sep 12, 2019 11:49:48 AM com.sun.jersey.server.impl.application.WebApplicationImpl _initiate
INFO: Initiating Jersey application, version 'Jersey: 1.19 02/11/2015 03:25 AM'
Sep 12, 2019 11:49:48 AM com.sun.jersey.server.impl.application.WebApplicationImpl _initiate
INFO: Initiating Jersey application, version 'Jersey: 1.19 02/11/2015 03:25 AM'
Sep 12, 2019 11:49:48 AM com.sun.jersey.server.impl.application.WebApplicationImpl _initiate
INFO: Initiating Jersey application, version 'Jersey: 1.19 02/11/2015 03:25 AM'
]]></system-err>
  </testcase>
  <testcase name="standaloneTestLargeKey" classname="org.apache.hadoop.ozone.freon.TestDataValidateWithSafeByteOperations" time="10.098">
    <error message="Allocated 0 blocks. Requested 5 blocks" type="INTERNAL_ERROR org.apache.hadoop.ozone.om.exceptions.OMException">INTERNAL_ERROR org.apache.hadoop.ozone.om.exceptions.OMException: Allocated 0 blocks. Requested 5 blocks
	at org.apache.hadoop.ozone.om.protocolPB.OzoneManagerProtocolClientSideTranslatorPB.handleError(OzoneManagerProtocolClientSideTranslatorPB.java:725)
	at org.apache.hadoop.ozone.om.protocolPB.OzoneManagerProtocolClientSideTranslatorPB.openKey(OzoneManagerProtocolClientSideTranslatorPB.java:716)
	at org.apache.hadoop.ozone.client.rpc.RpcClient.createKey(RpcClient.java:615)
	at org.apache.hadoop.ozone.client.OzoneBucket.createKey(OzoneBucket.java:323)
	at org.apache.hadoop.ozone.freon.RandomKeyGenerator.createKey(RandomKeyGenerator.java:686)
	at org.apache.hadoop.ozone.freon.RandomKeyGenerator.access$1100(RandomKeyGenerator.java:87)
	at org.apache.hadoop.ozone.freon.RandomKeyGenerator$ObjectCreator.run(RandomKeyGenerator.java:606)
	at java.util.concurrent.Executors$RunnableAdapter.call(Executors.java:511)
	at java.util.concurrent.FutureTask.run(FutureTask.java:266)
	at java.util.concurrent.ThreadPoolExecutor.runWorker(ThreadPoolExecutor.java:1149)
	at java.util.concurrent.ThreadPoolExecutor$Worker.run(ThreadPoolExecutor.java:624)
	at java.lang.Thread.run(Thread.java:748)
</error>
    <system-out><![CDATA[2019-09-12 11:50:04,315 | INFO  | SCMAudit | user=jenkins1000 | ip=192.168.36.114 | op=SEND_HEARTBEAT {datanodeUUID=a32c3c57-45cd-4630-bd30-a1be9f286e13, command=[]} | ret=SUCCESS |  
2019-09-12 11:50:04,376 [main] INFO  freon.RandomKeyGenerator (RandomKeyGenerator.java:call(275)) - Number of Threads: 10
2019-09-12 11:50:04,376 [main] INFO  freon.RandomKeyGenerator (RandomKeyGenerator.java:call(280)) - Number of Volumes: 1.
2019-09-12 11:50:04,376 [main] INFO  freon.RandomKeyGenerator (RandomKeyGenerator.java:call(281)) - Number of Buckets per Volume: 1.
2019-09-12 11:50:04,376 [main] INFO  freon.RandomKeyGenerator (RandomKeyGenerator.java:call(282)) - Number of Keys per Bucket: 1.
2019-09-12 11:50:04,377 [main] INFO  freon.RandomKeyGenerator (RandomKeyGenerator.java:call(283)) - Key size: 20971520 bytes
2019-09-12 11:50:04,377 [main] INFO  freon.RandomKeyGenerator (RandomKeyGenerator.java:call(284)) - Buffer size: 4096 bytes
2019-09-12 11:50:04,378 [pool-79-thread-1] INFO  rpc.RpcClient (RpcClient.java:createVolume(293)) - Creating Volume: vol-0-83258, with jenkins1000 as owner.
2019-09-12 11:50:04,379 [main] INFO  freon.RandomKeyGenerator (RandomKeyGenerator.java:call(298)) - Data validation is enabled.
2019-09-12 11:50:04,379 [main] INFO  freon.RandomKeyGenerator (RandomKeyGenerator.java:call(304)) - Starting progress bar Thread.

 0.00% |█                                                                                                    |  0/1 Time: 0:00:002019-09-12 11:50:04,384 | INFO  | OMAudit | user=jenkins1000 | ip=127.0.0.1 | op=CREATE_VOLUME {admin=jenkins1000, owner=jenkins1000, volume=vol-0-83258, creationTime=1568289004383, quotaInBytes=1152921504606846976} | ret=SUCCESS |  
2019-09-12 11:50:04,386 | INFO  | OMAudit | user=jenkins1000 | ip=127.0.0.1 | op=READ_VOLUME {volume=vol-0-83258} | ret=SUCCESS |  
2019-09-12 11:50:04,400 [pool-79-thread-2] INFO  rpc.RpcClient (RpcClient.java:createBucket(432)) - Creating Bucket: vol-0-83258/bucket-0-24297, with Versioning false and Storage Type set to DISK and Encryption set to false 
2019-09-12 11:50:04,403 | INFO  | OMAudit | user=jenkins1000 | ip=127.0.0.1 | op=CREATE_BUCKET {volume=vol-0-83258, bucket=bucket-0-24297, acls=[user:jenkins1000:a[ACCESS], group:default:a[ACCESS]], isVersionEnabled=false, storageType=DISK, creationTime=0} | ret=SUCCESS |  
2019-09-12 11:50:04,405 | INFO  | OMAudit | user=jenkins1000 | ip=127.0.0.1 | op=READ_BUCKET {volume=vol-0-83258, bucket=bucket-0-24297} | ret=SUCCESS |  
2019-09-12 11:50:04,414 [IPC Server handler 2 on 42745] ERROR pipeline.PipelinePlacementPolicy (PipelinePlacementPolicy.java:meetCriteria(92)) - Pipeline Placement: Doesn't meet the criteria to be viable node. Heaviness: 6
2019-09-12 11:50:04,414 [IPC Server handler 2 on 42745] ERROR pipeline.PipelinePlacementPolicy (PipelinePlacementPolicy.java:meetCriteria(92)) - Pipeline Placement: Doesn't meet the criteria to be viable node. Heaviness: 6
2019-09-12 11:50:04,414 [IPC Server handler 2 on 42745] ERROR pipeline.PipelinePlacementPolicy (PipelinePlacementPolicy.java:meetCriteria(92)) - Pipeline Placement: Doesn't meet the criteria to be viable node. Heaviness: 6
2019-09-12 11:50:04,415 [IPC Server handler 2 on 42745] ERROR pipeline.PipelinePlacementPolicy (PipelinePlacementPolicy.java:meetCriteria(92)) - Pipeline Placement: Doesn't meet the criteria to be viable node. Heaviness: 6
2019-09-12 11:50:04,415 [IPC Server handler 2 on 42745] ERROR pipeline.PipelinePlacementPolicy (PipelinePlacementPolicy.java:meetCriteria(92)) - Pipeline Placement: Doesn't meet the criteria to be viable node. Heaviness: 6
2019-09-12 11:50:04,415 [IPC Server handler 2 on 42745] ERROR pipeline.PipelinePlacementPolicy (PipelinePlacementPolicy.java:filterViableNodes(147)) - Unable to find enough nodes that meet the criteria that cannot engage in more than 5 pipelines. Nodes required: 3 Found: 0, healthy nodes count inNodeManager: 5.
2019-09-12 11:50:04,415 [IPC Server handler 2 on 42745] ERROR pipeline.SCMPipelineManager (SCMPipelineManager.java:createPipeline(161)) - Pipeline creation failed due to exception: Unable to find enough nodes that meet the criteria that cannot engage in more than 5 pipelines. Nodes required: 3 Found: 0, healthy nodes count inNodeManager: 5.
2019-09-12 11:50:04,415 [IPC Server handler 2 on 42745] WARN  block.BlockManagerImpl (BlockManagerImpl.java:allocateBlock(192)) - Pipeline creation failed for type:RATIS factor:THREE. Retrying get pipelines call once.
org.apache.hadoop.hdds.scm.exceptions.SCMException: Unable to find enough nodes that meet the criteria that cannot engage in more than 5 pipelines. Nodes required: 3 Found: 0, healthy nodes count inNodeManager: 5.
	at org.apache.hadoop.hdds.scm.pipeline.PipelinePlacementPolicy.filterViableNodes(PipelinePlacementPolicy.java:148)
	at org.apache.hadoop.hdds.scm.pipeline.PipelinePlacementPolicy.chooseDatanodes(PipelinePlacementPolicy.java:171)
	at org.apache.hadoop.hdds.scm.pipeline.RatisPipelineProvider.create(RatisPipelineProvider.java:100)
	at org.apache.hadoop.hdds.scm.pipeline.PipelineFactory.create(PipelineFactory.java:57)
	at org.apache.hadoop.hdds.scm.pipeline.SCMPipelineManager.createPipeline(SCMPipelineManager.java:149)
	at org.apache.hadoop.hdds.scm.block.BlockManagerImpl.allocateBlock(BlockManagerImpl.java:190)
	at org.apache.hadoop.hdds.scm.server.SCMBlockProtocolServer.allocateBlock(SCMBlockProtocolServer.java:175)
	at org.apache.hadoop.ozone.protocolPB.ScmBlockLocationProtocolServerSideTranslatorPB.allocateScmBlock(ScmBlockLocationProtocolServerSideTranslatorPB.java:153)
	at org.apache.hadoop.ozone.protocolPB.ScmBlockLocationProtocolServerSideTranslatorPB.send(ScmBlockLocationProtocolServerSideTranslatorPB.java:112)
	at org.apache.hadoop.hdds.protocol.proto.ScmBlockLocationProtocolProtos$ScmBlockLocationProtocolService$2.callBlockingMethod(ScmBlockLocationProtocolProtos.java:13157)
	at org.apache.hadoop.ipc.ProtobufRpcEngine$Server$ProtoBufRpcInvoker.call(ProtobufRpcEngine.java:524)
	at org.apache.hadoop.ipc.RPC$Server.call(RPC.java:1025)
	at org.apache.hadoop.ipc.Server$RpcCall.run(Server.java:876)
	at org.apache.hadoop.ipc.Server$RpcCall.run(Server.java:822)
	at java.security.AccessController.doPrivileged(Native Method)
	at javax.security.auth.Subject.doAs(Subject.java:422)
	at org.apache.hadoop.security.UserGroupInformation.doAs(UserGroupInformation.java:1730)
	at org.apache.hadoop.ipc.Server$Handler.run(Server.java:2682)
2019-09-12 11:50:04,416 [IPC Server handler 2 on 42745] INFO  block.BlockManagerImpl (BlockManagerImpl.java:allocateBlock(198)) - Could not find available pipeline of type:RATIS and factor:THREE even after retrying
2019-09-12 11:50:04,416 [IPC Server handler 2 on 42745] ERROR block.BlockManagerImpl (BlockManagerImpl.java:allocateBlock(222)) - Unable to allocate a block for the size: 4194304, type: RATIS, factor: THREE
2019-09-12 11:50:04,416 [IPC Server handler 2 on 42745] ERROR pipeline.PipelinePlacementPolicy (PipelinePlacementPolicy.java:meetCriteria(92)) - Pipeline Placement: Doesn't meet the criteria to be viable node. Heaviness: 6
2019-09-12 11:50:04,417 [IPC Server handler 2 on 42745] ERROR pipeline.PipelinePlacementPolicy (PipelinePlacementPolicy.java:meetCriteria(92)) - Pipeline Placement: Doesn't meet the criteria to be viable node. Heaviness: 6
2019-09-12 11:50:04,417 [IPC Server handler 2 on 42745] ERROR pipeline.PipelinePlacementPolicy (PipelinePlacementPolicy.java:meetCriteria(92)) - Pipeline Placement: Doesn't meet the criteria to be viable node. Heaviness: 6
2019-09-12 11:50:04,417 [IPC Server handler 2 on 42745] ERROR pipeline.PipelinePlacementPolicy (PipelinePlacementPolicy.java:meetCriteria(92)) - Pipeline Placement: Doesn't meet the criteria to be viable node. Heaviness: 6
2019-09-12 11:50:04,417 [IPC Server handler 2 on 42745] ERROR pipeline.PipelinePlacementPolicy (PipelinePlacementPolicy.java:meetCriteria(92)) - Pipeline Placement: Doesn't meet the criteria to be viable node. Heaviness: 6
2019-09-12 11:50:04,417 [IPC Server handler 2 on 42745] ERROR pipeline.PipelinePlacementPolicy (PipelinePlacementPolicy.java:filterViableNodes(147)) - Unable to find enough nodes that meet the criteria that cannot engage in more than 5 pipelines. Nodes required: 3 Found: 0, healthy nodes count inNodeManager: 5.
2019-09-12 11:50:04,417 [IPC Server handler 2 on 42745] ERROR pipeline.SCMPipelineManager (SCMPipelineManager.java:createPipeline(161)) - Pipeline creation failed due to exception: Unable to find enough nodes that meet the criteria that cannot engage in more than 5 pipelines. Nodes required: 3 Found: 0, healthy nodes count inNodeManager: 5.
2019-09-12 11:50:04,418 [IPC Server handler 2 on 42745] WARN  block.BlockManagerImpl (BlockManagerImpl.java:allocateBlock(192)) - Pipeline creation failed for type:RATIS factor:THREE. Retrying get pipelines call once.
org.apache.hadoop.hdds.scm.exceptions.SCMException: Unable to find enough nodes that meet the criteria that cannot engage in more than 5 pipelines. Nodes required: 3 Found: 0, healthy nodes count inNodeManager: 5.
	at org.apache.hadoop.hdds.scm.pipeline.PipelinePlacementPolicy.filterViableNodes(PipelinePlacementPolicy.java:148)
	at org.apache.hadoop.hdds.scm.pipeline.PipelinePlacementPolicy.chooseDatanodes(PipelinePlacementPolicy.java:171)
	at org.apache.hadoop.hdds.scm.pipeline.RatisPipelineProvider.create(RatisPipelineProvider.java:100)
	at org.apache.hadoop.hdds.scm.pipeline.PipelineFactory.create(PipelineFactory.java:57)
	at org.apache.hadoop.hdds.scm.pipeline.SCMPipelineManager.createPipeline(SCMPipelineManager.java:149)
	at org.apache.hadoop.hdds.scm.block.BlockManagerImpl.allocateBlock(BlockManagerImpl.java:190)
	at org.apache.hadoop.hdds.scm.server.SCMBlockProtocolServer.allocateBlock(SCMBlockProtocolServer.java:175)
	at org.apache.hadoop.ozone.protocolPB.ScmBlockLocationProtocolServerSideTranslatorPB.allocateScmBlock(ScmBlockLocationProtocolServerSideTranslatorPB.java:153)
	at org.apache.hadoop.ozone.protocolPB.ScmBlockLocationProtocolServerSideTranslatorPB.send(ScmBlockLocationProtocolServerSideTranslatorPB.java:112)
	at org.apache.hadoop.hdds.protocol.proto.ScmBlockLocationProtocolProtos$ScmBlockLocationProtocolService$2.callBlockingMethod(ScmBlockLocationProtocolProtos.java:13157)
	at org.apache.hadoop.ipc.ProtobufRpcEngine$Server$ProtoBufRpcInvoker.call(ProtobufRpcEngine.java:524)
	at org.apache.hadoop.ipc.RPC$Server.call(RPC.java:1025)
	at org.apache.hadoop.ipc.Server$RpcCall.run(Server.java:876)
	at org.apache.hadoop.ipc.Server$RpcCall.run(Server.java:822)
	at java.security.AccessController.doPrivileged(Native Method)
	at javax.security.auth.Subject.doAs(Subject.java:422)
	at org.apache.hadoop.security.UserGroupInformation.doAs(UserGroupInformation.java:1730)
	at org.apache.hadoop.ipc.Server$Handler.run(Server.java:2682)
2019-09-12 11:50:04,420 [IPC Server handler 2 on 42745] INFO  block.BlockManagerImpl (BlockManagerImpl.java:allocateBlock(198)) - Could not find available pipeline of type:RATIS and factor:THREE even after retrying
2019-09-12 11:50:04,420 [IPC Server handler 2 on 42745] ERROR block.BlockManagerImpl (BlockManagerImpl.java:allocateBlock(222)) - Unable to allocate a block for the size: 4194304, type: RATIS, factor: THREE
2019-09-12 11:50:04,420 [IPC Server handler 2 on 42745] ERROR pipeline.PipelinePlacementPolicy (PipelinePlacementPolicy.java:meetCriteria(92)) - Pipeline Placement: Doesn't meet the criteria to be viable node. Heaviness: 6
2019-09-12 11:50:04,420 [IPC Server handler 2 on 42745] ERROR pipeline.PipelinePlacementPolicy (PipelinePlacementPolicy.java:meetCriteria(92)) - Pipeline Placement: Doesn't meet the criteria to be viable node. Heaviness: 6
2019-09-12 11:50:04,420 [IPC Server handler 2 on 42745] ERROR pipeline.PipelinePlacementPolicy (PipelinePlacementPolicy.java:meetCriteria(92)) - Pipeline Placement: Doesn't meet the criteria to be viable node. Heaviness: 6
2019-09-12 11:50:04,421 [IPC Server handler 2 on 42745] ERROR pipeline.PipelinePlacementPolicy (PipelinePlacementPolicy.java:meetCriteria(92)) - Pipeline Placement: Doesn't meet the criteria to be viable node. Heaviness: 6
2019-09-12 11:50:04,421 [IPC Server handler 2 on 42745] ERROR pipeline.PipelinePlacementPolicy (PipelinePlacementPolicy.java:meetCriteria(92)) - Pipeline Placement: Doesn't meet the criteria to be viable node. Heaviness: 6
2019-09-12 11:50:04,421 [IPC Server handler 2 on 42745] ERROR pipeline.PipelinePlacementPolicy (PipelinePlacementPolicy.java:filterViableNodes(147)) - Unable to find enough nodes that meet the criteria that cannot engage in more than 5 pipelines. Nodes required: 3 Found: 0, healthy nodes count inNodeManager: 5.
2019-09-12 11:50:04,421 [IPC Server handler 2 on 42745] ERROR pipeline.SCMPipelineManager (SCMPipelineManager.java:createPipeline(161)) - Pipeline creation failed due to exception: Unable to find enough nodes that meet the criteria that cannot engage in more than 5 pipelines. Nodes required: 3 Found: 0, healthy nodes count inNodeManager: 5.
2019-09-12 11:50:04,421 [IPC Server handler 2 on 42745] WARN  block.BlockManagerImpl (BlockManagerImpl.java:allocateBlock(192)) - Pipeline creation failed for type:RATIS factor:THREE. Retrying get pipelines call once.
org.apache.hadoop.hdds.scm.exceptions.SCMException: Unable to find enough nodes that meet the criteria that cannot engage in more than 5 pipelines. Nodes required: 3 Found: 0, healthy nodes count inNodeManager: 5.
	at org.apache.hadoop.hdds.scm.pipeline.PipelinePlacementPolicy.filterViableNodes(PipelinePlacementPolicy.java:148)
	at org.apache.hadoop.hdds.scm.pipeline.PipelinePlacementPolicy.chooseDatanodes(PipelinePlacementPolicy.java:171)
	at org.apache.hadoop.hdds.scm.pipeline.RatisPipelineProvider.create(RatisPipelineProvider.java:100)
	at org.apache.hadoop.hdds.scm.pipeline.PipelineFactory.create(PipelineFactory.java:57)
	at org.apache.hadoop.hdds.scm.pipeline.SCMPipelineManager.createPipeline(SCMPipelineManager.java:149)
	at org.apache.hadoop.hdds.scm.block.BlockManagerImpl.allocateBlock(BlockManagerImpl.java:190)
	at org.apache.hadoop.hdds.scm.server.SCMBlockProtocolServer.allocateBlock(SCMBlockProtocolServer.java:175)
	at org.apache.hadoop.ozone.protocolPB.ScmBlockLocationProtocolServerSideTranslatorPB.allocateScmBlock(ScmBlockLocationProtocolServerSideTranslatorPB.java:153)
	at org.apache.hadoop.ozone.protocolPB.ScmBlockLocationProtocolServerSideTranslatorPB.send(ScmBlockLocationProtocolServerSideTranslatorPB.java:112)
	at org.apache.hadoop.hdds.protocol.proto.ScmBlockLocationProtocolProtos$ScmBlockLocationProtocolService$2.callBlockingMethod(ScmBlockLocationProtocolProtos.java:13157)
	at org.apache.hadoop.ipc.ProtobufRpcEngine$Server$ProtoBufRpcInvoker.call(ProtobufRpcEngine.java:524)
	at org.apache.hadoop.ipc.RPC$Server.call(RPC.java:1025)
	at org.apache.hadoop.ipc.Server$RpcCall.run(Server.java:876)
	at org.apache.hadoop.ipc.Server$RpcCall.run(Server.java:822)
	at java.security.AccessController.doPrivileged(Native Method)
	at javax.security.auth.Subject.doAs(Subject.java:422)
	at org.apache.hadoop.security.UserGroupInformation.doAs(UserGroupInformation.java:1730)
	at org.apache.hadoop.ipc.Server$Handler.run(Server.java:2682)
2019-09-12 11:50:04,422 [IPC Server handler 2 on 42745] INFO  block.BlockManagerImpl (BlockManagerImpl.java:allocateBlock(198)) - Could not find available pipeline of type:RATIS and factor:THREE even after retrying
2019-09-12 11:50:04,422 [IPC Server handler 2 on 42745] ERROR block.BlockManagerImpl (BlockManagerImpl.java:allocateBlock(222)) - Unable to allocate a block for the size: 4194304, type: RATIS, factor: THREE
2019-09-12 11:50:04,422 [IPC Server handler 2 on 42745] ERROR pipeline.PipelinePlacementPolicy (PipelinePlacementPolicy.java:meetCriteria(92)) - Pipeline Placement: Doesn't meet the criteria to be viable node. Heaviness: 6
2019-09-12 11:50:04,422 [IPC Server handler 2 on 42745] ERROR pipeline.PipelinePlacementPolicy (PipelinePlacementPolicy.java:meetCriteria(92)) - Pipeline Placement: Doesn't meet the criteria to be viable node. Heaviness: 6
2019-09-12 11:50:04,422 [IPC Server handler 2 on 42745] ERROR pipeline.PipelinePlacementPolicy (PipelinePlacementPolicy.java:meetCriteria(92)) - Pipeline Placement: Doesn't meet the criteria to be viable node. Heaviness: 6
2019-09-12 11:50:04,423 [IPC Server handler 2 on 42745] ERROR pipeline.PipelinePlacementPolicy (PipelinePlacementPolicy.java:meetCriteria(92)) - Pipeline Placement: Doesn't meet the criteria to be viable node. Heaviness: 6
2019-09-12 11:50:04,423 [IPC Server handler 2 on 42745] ERROR pipeline.PipelinePlacementPolicy (PipelinePlacementPolicy.java:meetCriteria(92)) - Pipeline Placement: Doesn't meet the criteria to be viable node. Heaviness: 6
2019-09-12 11:50:04,423 [IPC Server handler 2 on 42745] ERROR pipeline.PipelinePlacementPolicy (PipelinePlacementPolicy.java:filterViableNodes(147)) - Unable to find enough nodes that meet the criteria that cannot engage in more than 5 pipelines. Nodes required: 3 Found: 0, healthy nodes count inNodeManager: 5.
2019-09-12 11:50:04,423 [IPC Server handler 2 on 42745] ERROR pipeline.SCMPipelineManager (SCMPipelineManager.java:createPipeline(161)) - Pipeline creation failed due to exception: Unable to find enough nodes that meet the criteria that cannot engage in more than 5 pipelines. Nodes required: 3 Found: 0, healthy nodes count inNodeManager: 5.
2019-09-12 11:50:04,423 [IPC Server handler 2 on 42745] WARN  block.BlockManagerImpl (BlockManagerImpl.java:allocateBlock(192)) - Pipeline creation failed for type:RATIS factor:THREE. Retrying get pipelines call once.
org.apache.hadoop.hdds.scm.exceptions.SCMException: Unable to find enough nodes that meet the criteria that cannot engage in more than 5 pipelines. Nodes required: 3 Found: 0, healthy nodes count inNodeManager: 5.
	at org.apache.hadoop.hdds.scm.pipeline.PipelinePlacementPolicy.filterViableNodes(PipelinePlacementPolicy.java:148)
	at org.apache.hadoop.hdds.scm.pipeline.PipelinePlacementPolicy.chooseDatanodes(PipelinePlacementPolicy.java:171)
	at org.apache.hadoop.hdds.scm.pipeline.RatisPipelineProvider.create(RatisPipelineProvider.java:100)
	at org.apache.hadoop.hdds.scm.pipeline.PipelineFactory.create(PipelineFactory.java:57)
	at org.apache.hadoop.hdds.scm.pipeline.SCMPipelineManager.createPipeline(SCMPipelineManager.java:149)
	at org.apache.hadoop.hdds.scm.block.BlockManagerImpl.allocateBlock(BlockManagerImpl.java:190)
	at org.apache.hadoop.hdds.scm.server.SCMBlockProtocolServer.allocateBlock(SCMBlockProtocolServer.java:175)
	at org.apache.hadoop.ozone.protocolPB.ScmBlockLocationProtocolServerSideTranslatorPB.allocateScmBlock(ScmBlockLocationProtocolServerSideTranslatorPB.java:153)
	at org.apache.hadoop.ozone.protocolPB.ScmBlockLocationProtocolServerSideTranslatorPB.send(ScmBlockLocationProtocolServerSideTranslatorPB.java:112)
	at org.apache.hadoop.hdds.protocol.proto.ScmBlockLocationProtocolProtos$ScmBlockLocationProtocolService$2.callBlockingMethod(ScmBlockLocationProtocolProtos.java:13157)
	at org.apache.hadoop.ipc.ProtobufRpcEngine$Server$ProtoBufRpcInvoker.call(ProtobufRpcEngine.java:524)
	at org.apache.hadoop.ipc.RPC$Server.call(RPC.java:1025)
	at org.apache.hadoop.ipc.Server$RpcCall.run(Server.java:876)
	at org.apache.hadoop.ipc.Server$RpcCall.run(Server.java:822)
	at java.security.AccessController.doPrivileged(Native Method)
	at javax.security.auth.Subject.doAs(Subject.java:422)
	at org.apache.hadoop.security.UserGroupInformation.doAs(UserGroupInformation.java:1730)
	at org.apache.hadoop.ipc.Server$Handler.run(Server.java:2682)
2019-09-12 11:50:04,424 [IPC Server handler 2 on 42745] INFO  block.BlockManagerImpl (BlockManagerImpl.java:allocateBlock(198)) - Could not find available pipeline of type:RATIS and factor:THREE even after retrying
2019-09-12 11:50:04,424 [IPC Server handler 2 on 42745] ERROR block.BlockManagerImpl (BlockManagerImpl.java:allocateBlock(222)) - Unable to allocate a block for the size: 4194304, type: RATIS, factor: THREE
2019-09-12 11:50:04,424 [IPC Server handler 2 on 42745] ERROR pipeline.PipelinePlacementPolicy (PipelinePlacementPolicy.java:meetCriteria(92)) - Pipeline Placement: Doesn't meet the criteria to be viable node. Heaviness: 6
2019-09-12 11:50:04,424 [IPC Server handler 2 on 42745] ERROR pipeline.PipelinePlacementPolicy (PipelinePlacementPolicy.java:meetCriteria(92)) - Pipeline Placement: Doesn't meet the criteria to be viable node. Heaviness: 6
2019-09-12 11:50:04,424 [IPC Server handler 2 on 42745] ERROR pipeline.PipelinePlacementPolicy (PipelinePlacementPolicy.java:meetCriteria(92)) - Pipeline Placement: Doesn't meet the criteria to be viable node. Heaviness: 6
2019-09-12 11:50:04,425 [IPC Server handler 2 on 42745] ERROR pipeline.PipelinePlacementPolicy (PipelinePlacementPolicy.java:meetCriteria(92)) - Pipeline Placement: Doesn't meet the criteria to be viable node. Heaviness: 6
2019-09-12 11:50:04,425 [IPC Server handler 2 on 42745] ERROR pipeline.PipelinePlacementPolicy (PipelinePlacementPolicy.java:meetCriteria(92)) - Pipeline Placement: Doesn't meet the criteria to be viable node. Heaviness: 6
2019-09-12 11:50:04,425 [IPC Server handler 2 on 42745] ERROR pipeline.PipelinePlacementPolicy (PipelinePlacementPolicy.java:filterViableNodes(147)) - Unable to find enough nodes that meet the criteria that cannot engage in more than 5 pipelines. Nodes required: 3 Found: 0, healthy nodes count inNodeManager: 5.
2019-09-12 11:50:04,425 [IPC Server handler 2 on 42745] ERROR pipeline.SCMPipelineManager (SCMPipelineManager.java:createPipeline(161)) - Pipeline creation failed due to exception: Unable to find enough nodes that meet the criteria that cannot engage in more than 5 pipelines. Nodes required: 3 Found: 0, healthy nodes count inNodeManager: 5.
2019-09-12 11:50:04,425 [IPC Server handler 2 on 42745] WARN  block.BlockManagerImpl (BlockManagerImpl.java:allocateBlock(192)) - Pipeline creation failed for type:RATIS factor:THREE. Retrying get pipelines call once.
org.apache.hadoop.hdds.scm.exceptions.SCMException: Unable to find enough nodes that meet the criteria that cannot engage in more than 5 pipelines. Nodes required: 3 Found: 0, healthy nodes count inNodeManager: 5.
	at org.apache.hadoop.hdds.scm.pipeline.PipelinePlacementPolicy.filterViableNodes(PipelinePlacementPolicy.java:148)
	at org.apache.hadoop.hdds.scm.pipeline.PipelinePlacementPolicy.chooseDatanodes(PipelinePlacementPolicy.java:171)
	at org.apache.hadoop.hdds.scm.pipeline.RatisPipelineProvider.create(RatisPipelineProvider.java:100)
	at org.apache.hadoop.hdds.scm.pipeline.PipelineFactory.create(PipelineFactory.java:57)
	at org.apache.hadoop.hdds.scm.pipeline.SCMPipelineManager.createPipeline(SCMPipelineManager.java:149)
	at org.apache.hadoop.hdds.scm.block.BlockManagerImpl.allocateBlock(BlockManagerImpl.java:190)
	at org.apache.hadoop.hdds.scm.server.SCMBlockProtocolServer.allocateBlock(SCMBlockProtocolServer.java:175)
	at org.apache.hadoop.ozone.protocolPB.ScmBlockLocationProtocolServerSideTranslatorPB.allocateScmBlock(ScmBlockLocationProtocolServerSideTranslatorPB.java:153)
	at org.apache.hadoop.ozone.protocolPB.ScmBlockLocationProtocolServerSideTranslatorPB.send(ScmBlockLocationProtocolServerSideTranslatorPB.java:112)
	at org.apache.hadoop.hdds.protocol.proto.ScmBlockLocationProtocolProtos$ScmBlockLocationProtocolService$2.callBlockingMethod(ScmBlockLocationProtocolProtos.java:13157)
	at org.apache.hadoop.ipc.ProtobufRpcEngine$Server$ProtoBufRpcInvoker.call(ProtobufRpcEngine.java:524)
	at org.apache.hadoop.ipc.RPC$Server.call(RPC.java:1025)
	at org.apache.hadoop.ipc.Server$RpcCall.run(Server.java:876)
	at org.apache.hadoop.ipc.Server$RpcCall.run(Server.java:822)
	at java.security.AccessController.doPrivileged(Native Method)
	at javax.security.auth.Subject.doAs(Subject.java:422)
	at org.apache.hadoop.security.UserGroupInformation.doAs(UserGroupInformation.java:1730)
	at org.apache.hadoop.ipc.Server$Handler.run(Server.java:2682)
2019-09-12 11:50:04,426 [IPC Server handler 2 on 42745] INFO  block.BlockManagerImpl (BlockManagerImpl.java:allocateBlock(198)) - Could not find available pipeline of type:RATIS and factor:THREE even after retrying
2019-09-12 11:50:04,426 [IPC Server handler 2 on 42745] ERROR block.BlockManagerImpl (BlockManagerImpl.java:allocateBlock(222)) - Unable to allocate a block for the size: 4194304, type: RATIS, factor: THREE
2019-09-12 11:50:04,426 | INFO  | SCMAudit | user=jenkins1000 | ip=192.168.36.114 | op=ALLOCATE_BLOCK {owner=8286d05d-381a-4320-87aa-ded2d1ef51ab, size=4194304, type=RATIS, factor=THREE} | ret=SUCCESS |  
2019-09-12 11:50:04,428 | ERROR | OMAudit | user=jenkins1000 | ip=127.0.0.1 | op=ALLOCATE_KEY {volume=vol-0-83258, bucket=bucket-0-24297, key=key-0-18167, dataSize=20971520, replicationType=RATIS, replicationFactor=THREE, keyLocationInfo=null} | ret=FAILURE | org.apache.hadoop.hdds.scm.exceptions.SCMException: Allocated 0 blocks. Requested 5 blocks
	at org.apache.hadoop.hdds.scm.protocolPB.ScmBlockLocationProtocolClientSideTranslatorPB.handleError(ScmBlockLocationProtocolClientSideTranslatorPB.java:118)
	at org.apache.hadoop.hdds.scm.protocolPB.ScmBlockLocationProtocolClientSideTranslatorPB.allocateBlock(ScmBlockLocationProtocolClientSideTranslatorPB.java:156) 
2019-09-12 11:50:04,430 [pool-79-thread-3] ERROR freon.RandomKeyGenerator (RandomKeyGenerator.java:createKey(724)) - Exception while adding key: key-0-18167 in bucket: bucket-0-24297 of volume: vol-0-83258.
INTERNAL_ERROR org.apache.hadoop.ozone.om.exceptions.OMException: Allocated 0 blocks. Requested 5 blocks
	at org.apache.hadoop.ozone.om.protocolPB.OzoneManagerProtocolClientSideTranslatorPB.handleError(OzoneManagerProtocolClientSideTranslatorPB.java:725)
	at org.apache.hadoop.ozone.om.protocolPB.OzoneManagerProtocolClientSideTranslatorPB.openKey(OzoneManagerProtocolClientSideTranslatorPB.java:716)
	at org.apache.hadoop.ozone.client.rpc.RpcClient.createKey(RpcClient.java:615)
	at org.apache.hadoop.ozone.client.OzoneBucket.createKey(OzoneBucket.java:323)
	at org.apache.hadoop.ozone.freon.RandomKeyGenerator.createKey(RandomKeyGenerator.java:686)
	at org.apache.hadoop.ozone.freon.RandomKeyGenerator.access$1100(RandomKeyGenerator.java:87)
	at org.apache.hadoop.ozone.freon.RandomKeyGenerator$ObjectCreator.run(RandomKeyGenerator.java:606)
	at java.util.concurrent.Executors$RunnableAdapter.call(Executors.java:511)
	at java.util.concurrent.FutureTask.run(FutureTask.java:266)
	at java.util.concurrent.ThreadPoolExecutor.runWorker(ThreadPoolExecutor.java:1149)
	at java.util.concurrent.ThreadPoolExecutor$Worker.run(ThreadPoolExecutor.java:624)
	at java.lang.Thread.run(Thread.java:748)
2019-09-12 11:50:04,783 | INFO  | SCMAudit | user=jenkins1000 | ip=192.168.36.114 | op=SEND_HEARTBEAT {datanodeUUID=3adca0c9-7635-4314-8dcd-426c8d10965a, command=[]} | ret=SUCCESS |  
2019-09-12 11:50:04,784 | INFO  | SCMAudit | user=jenkins1000 | ip=192.168.36.114 | op=SEND_HEARTBEAT {datanodeUUID=0a8d2c4a-df63-4751-9ec8-74f270f9c7ee, command=[]} | ret=SUCCESS |  
2019-09-12 11:50:04,799 | INFO  | SCMAudit | user=jenkins1000 | ip=192.168.36.114 | op=SEND_HEARTBEAT {datanodeUUID=efd2d550-d23b-43a8-a0f9-f6ba5c59f5a4, command=[]} | ret=SUCCESS |  
2019-09-12 11:50:05,137 | INFO  | SCMAudit | user=jenkins1000 | ip=192.168.36.114 | op=SEND_HEARTBEAT {datanodeUUID=da13140e-97ff-4909-b236-e6528747f6c6, command=[]} | ret=SUCCESS |  
2019-09-12 11:50:05,315 | INFO  | SCMAudit | user=jenkins1000 | ip=192.168.36.114 | op=SEND_HEARTBEAT {datanodeUUID=a32c3c57-45cd-4630-bd30-a1be9f286e13, command=[]} | ret=SUCCESS |  
 0.00% |█                                                                                                    |  0/1 Time: 0:00:012019-09-12 11:50:05,784 | INFO  | SCMAudit | user=jenkins1000 | ip=192.168.36.114 | op=SEND_HEARTBEAT {datanodeUUID=3adca0c9-7635-4314-8dcd-426c8d10965a, command=[]} | ret=SUCCESS |  
2019-09-12 11:50:05,784 | INFO  | SCMAudit | user=jenkins1000 | ip=192.168.36.114 | op=SEND_HEARTBEAT {datanodeUUID=0a8d2c4a-df63-4751-9ec8-74f270f9c7ee, command=[]} | ret=SUCCESS |  
2019-09-12 11:50:05,800 | INFO  | SCMAudit | user=jenkins1000 | ip=192.168.36.114 | op=SEND_HEARTBEAT {datanodeUUID=efd2d550-d23b-43a8-a0f9-f6ba5c59f5a4, command=[]} | ret=SUCCESS |  
2019-09-12 11:50:06,138 | INFO  | SCMAudit | user=jenkins1000 | ip=192.168.36.114 | op=SEND_HEARTBEAT {datanodeUUID=da13140e-97ff-4909-b236-e6528747f6c6, command=[]} | ret=SUCCESS |  
2019-09-12 11:50:06,315 | INFO  | SCMAudit | user=jenkins1000 | ip=192.168.36.114 | op=SEND_HEARTBEAT {datanodeUUID=a32c3c57-45cd-4630-bd30-a1be9f286e13, command=[]} | ret=SUCCESS |  
 0.00% |█                                                                                                    |  0/1 Time: 0:00:022019-09-12 11:50:06,783 | INFO  | SCMAudit | user=jenkins1000 | ip=192.168.36.114 | op=SEND_HEARTBEAT {datanodeUUID=3adca0c9-7635-4314-8dcd-426c8d10965a, command=[]} | ret=SUCCESS |  
2019-09-12 11:50:06,783 | INFO  | SCMAudit | user=jenkins1000 | ip=192.168.36.114 | op=SEND_HEARTBEAT {datanodeUUID=0a8d2c4a-df63-4751-9ec8-74f270f9c7ee, command=[]} | ret=SUCCESS |  
2019-09-12 11:50:06,800 | INFO  | SCMAudit | user=jenkins1000 | ip=192.168.36.114 | op=SEND_HEARTBEAT {datanodeUUID=efd2d550-d23b-43a8-a0f9-f6ba5c59f5a4, command=[]} | ret=SUCCESS |  
2019-09-12 11:50:07,138 | INFO  | SCMAudit | user=jenkins1000 | ip=192.168.36.114 | op=SEND_HEARTBEAT {datanodeUUID=da13140e-97ff-4909-b236-e6528747f6c6, command=[]} | ret=SUCCESS |  
2019-09-12 11:50:07,316 | INFO  | SCMAudit | user=jenkins1000 | ip=192.168.36.114 | op=SEND_HEARTBEAT {datanodeUUID=a32c3c57-45cd-4630-bd30-a1be9f286e13, command=[]} | ret=SUCCESS |  
 0.00% |█                                                                                                    |  0/1 Time: 0:00:032019-09-12 11:50:07,784 | INFO  | SCMAudit | user=jenkins1000 | ip=192.168.36.114 | op=SEND_HEARTBEAT {datanodeUUID=0a8d2c4a-df63-4751-9ec8-74f270f9c7ee, command=[]} | ret=SUCCESS |  
2019-09-12 11:50:07,784 | INFO  | SCMAudit | user=jenkins1000 | ip=192.168.36.114 | op=SEND_HEARTBEAT {datanodeUUID=3adca0c9-7635-4314-8dcd-426c8d10965a, command=[]} | ret=SUCCESS |  
2019-09-12 11:50:07,800 | INFO  | SCMAudit | user=jenkins1000 | ip=192.168.36.114 | op=SEND_HEARTBEAT {datanodeUUID=efd2d550-d23b-43a8-a0f9-f6ba5c59f5a4, command=[]} | ret=SUCCESS |  
2019-09-12 11:50:08,138 | INFO  | SCMAudit | user=jenkins1000 | ip=192.168.36.114 | op=SEND_HEARTBEAT {datanodeUUID=da13140e-97ff-4909-b236-e6528747f6c6, command=[]} | ret=SUCCESS |  
2019-09-12 11:50:08,315 | INFO  | SCMAudit | user=jenkins1000 | ip=192.168.36.114 | op=SEND_HEARTBEAT {datanodeUUID=a32c3c57-45cd-4630-bd30-a1be9f286e13, command=[]} | ret=SUCCESS |  
 0.00% |█                                                                                                    |  0/1 Time: 0:00:042019-09-12 11:50:08,783 | INFO  | SCMAudit | user=jenkins1000 | ip=192.168.36.114 | op=SEND_HEARTBEAT {datanodeUUID=0a8d2c4a-df63-4751-9ec8-74f270f9c7ee, command=[]} | ret=SUCCESS |  
2019-09-12 11:50:08,783 | INFO  | SCMAudit | user=jenkins1000 | ip=192.168.36.114 | op=SEND_HEARTBEAT {datanodeUUID=3adca0c9-7635-4314-8dcd-426c8d10965a, command=[]} | ret=SUCCESS |  
2019-09-12 11:50:08,800 | INFO  | SCMAudit | user=jenkins1000 | ip=192.168.36.114 | op=SEND_HEARTBEAT {datanodeUUID=efd2d550-d23b-43a8-a0f9-f6ba5c59f5a4, command=[]} | ret=SUCCESS |  
2019-09-12 11:50:09,138 | INFO  | SCMAudit | user=jenkins1000 | ip=192.168.36.114 | op=SEND_HEARTBEAT {datanodeUUID=da13140e-97ff-4909-b236-e6528747f6c6, command=[]} | ret=SUCCESS |  
2019-09-12 11:50:09,315 | INFO  | SCMAudit | user=jenkins1000 | ip=192.168.36.114 | op=SEND_HEARTBEAT {datanodeUUID=a32c3c57-45cd-4630-bd30-a1be9f286e13, command=[]} | ret=SUCCESS |  
 100.00% |█████████████████████████████████████████████████████████████████████████████████████████████████████|  1/1 Time: 0:00:05
2019-09-12 11:50:09,783 | INFO  | SCMAudit | user=jenkins1000 | ip=192.168.36.114 | op=SEND_HEARTBEAT {datanodeUUID=0a8d2c4a-df63-4751-9ec8-74f270f9c7ee, command=[]} | ret=SUCCESS |  
2019-09-12 11:50:09,784 | INFO  | SCMAudit | user=jenkins1000 | ip=192.168.36.114 | op=SEND_HEARTBEAT {datanodeUUID=3adca0c9-7635-4314-8dcd-426c8d10965a, command=[]} | ret=SUCCESS |  
2019-09-12 11:50:09,801 | INFO  | SCMAudit | user=jenkins1000 | ip=192.168.36.114 | op=SEND_HEARTBEAT {datanodeUUID=efd2d550-d23b-43a8-a0f9-f6ba5c59f5a4, command=[]} | ret=SUCCESS |  
2019-09-12 11:50:10,139 | INFO  | SCMAudit | user=jenkins1000 | ip=192.168.36.114 | op=SEND_HEARTBEAT {datanodeUUID=da13140e-97ff-4909-b236-e6528747f6c6, command=[]} | ret=SUCCESS |  
2019-09-12 11:50:10,315 | INFO  | SCMAudit | user=jenkins1000 | ip=192.168.36.114 | op=SEND_HEARTBEAT {datanodeUUID=a32c3c57-45cd-4630-bd30-a1be9f286e13, command=[]} | ret=SUCCESS |  
2019-09-12 11:50:10,783 | INFO  | SCMAudit | user=jenkins1000 | ip=192.168.36.114 | op=SEND_HEARTBEAT {datanodeUUID=3adca0c9-7635-4314-8dcd-426c8d10965a, command=[]} | ret=SUCCESS |  
2019-09-12 11:50:10,783 | INFO  | SCMAudit | user=jenkins1000 | ip=192.168.36.114 | op=SEND_HEARTBEAT {datanodeUUID=0a8d2c4a-df63-4751-9ec8-74f270f9c7ee, command=[]} | ret=SUCCESS |  
2019-09-12 11:50:10,800 | INFO  | SCMAudit | user=jenkins1000 | ip=192.168.36.114 | op=SEND_HEARTBEAT {datanodeUUID=efd2d550-d23b-43a8-a0f9-f6ba5c59f5a4, command=[]} | ret=SUCCESS |  
2019-09-12 11:50:11,139 | INFO  | SCMAudit | user=jenkins1000 | ip=192.168.36.114 | op=SEND_HEARTBEAT {datanodeUUID=da13140e-97ff-4909-b236-e6528747f6c6, command=[]} | ret=SUCCESS |  
2019-09-12 11:50:11,316 | INFO  | SCMAudit | user=jenkins1000 | ip=192.168.36.114 | op=SEND_HEARTBEAT {datanodeUUID=a32c3c57-45cd-4630-bd30-a1be9f286e13, command=[]} | ret=SUCCESS |  
2019-09-12 11:50:11,784 | INFO  | SCMAudit | user=jenkins1000 | ip=192.168.36.114 | op=SEND_HEARTBEAT {datanodeUUID=3adca0c9-7635-4314-8dcd-426c8d10965a, command=[]} | ret=SUCCESS |  
2019-09-12 11:50:11,784 | INFO  | SCMAudit | user=jenkins1000 | ip=192.168.36.114 | op=SEND_HEARTBEAT {datanodeUUID=0a8d2c4a-df63-4751-9ec8-74f270f9c7ee, command=[]} | ret=SUCCESS |  
2019-09-12 11:50:11,800 | INFO  | SCMAudit | user=jenkins1000 | ip=192.168.36.114 | op=SEND_HEARTBEAT {datanodeUUID=efd2d550-d23b-43a8-a0f9-f6ba5c59f5a4, command=[]} | ret=SUCCESS |  
2019-09-12 11:50:12,138 | INFO  | SCMAudit | user=jenkins1000 | ip=192.168.36.114 | op=SEND_HEARTBEAT {datanodeUUID=da13140e-97ff-4909-b236-e6528747f6c6, command=[]} | ret=SUCCESS |  
2019-09-12 11:50:12,315 | INFO  | SCMAudit | user=jenkins1000 | ip=192.168.36.114 | op=SEND_HEARTBEAT {datanodeUUID=a32c3c57-45cd-4630-bd30-a1be9f286e13, command=[]} | ret=SUCCESS |  
2019-09-12 11:50:12,783 | INFO  | SCMAudit | user=jenkins1000 | ip=192.168.36.114 | op=SEND_HEARTBEAT {datanodeUUID=3adca0c9-7635-4314-8dcd-426c8d10965a, command=[]} | ret=SUCCESS |  
2019-09-12 11:50:12,784 | INFO  | SCMAudit | user=jenkins1000 | ip=192.168.36.114 | op=SEND_HEARTBEAT {datanodeUUID=0a8d2c4a-df63-4751-9ec8-74f270f9c7ee, command=[]} | ret=SUCCESS |  
2019-09-12 11:50:12,800 | INFO  | SCMAudit | user=jenkins1000 | ip=192.168.36.114 | op=SEND_HEARTBEAT {datanodeUUID=efd2d550-d23b-43a8-a0f9-f6ba5c59f5a4, command=[]} | ret=SUCCESS |  
2019-09-12 11:50:13,138 | INFO  | SCMAudit | user=jenkins1000 | ip=192.168.36.114 | op=SEND_HEARTBEAT {datanodeUUID=da13140e-97ff-4909-b236-e6528747f6c6, command=[]} | ret=SUCCESS |  
2019-09-12 11:50:13,316 | INFO  | SCMAudit | user=jenkins1000 | ip=192.168.36.114 | op=SEND_HEARTBEAT {datanodeUUID=a32c3c57-45cd-4630-bd30-a1be9f286e13, command=[]} | ret=SUCCESS |  
2019-09-12 11:50:13,784 | INFO  | SCMAudit | user=jenkins1000 | ip=192.168.36.114 | op=SEND_HEARTBEAT {datanodeUUID=3adca0c9-7635-4314-8dcd-426c8d10965a, command=[]} | ret=SUCCESS |  
2019-09-12 11:50:13,785 | INFO  | SCMAudit | user=jenkins1000 | ip=192.168.36.114 | op=SEND_HEARTBEAT {datanodeUUID=0a8d2c4a-df63-4751-9ec8-74f270f9c7ee, command=[]} | ret=SUCCESS |  
2019-09-12 11:50:13,801 | INFO  | SCMAudit | user=jenkins1000 | ip=192.168.36.114 | op=SEND_HEARTBEAT {datanodeUUID=efd2d550-d23b-43a8-a0f9-f6ba5c59f5a4, command=[]} | ret=SUCCESS |  
2019-09-12 11:50:14,140 | INFO  | SCMAudit | user=jenkins1000 | ip=192.168.36.114 | op=SEND_HEARTBEAT {datanodeUUID=da13140e-97ff-4909-b236-e6528747f6c6, command=[]} | ret=SUCCESS |  
2019-09-12 11:50:14,316 | INFO  | SCMAudit | user=jenkins1000 | ip=192.168.36.114 | op=SEND_HEARTBEAT {datanodeUUID=a32c3c57-45cd-4630-bd30-a1be9f286e13, command=[]} | ret=SUCCESS |  
]]></system-out>
  </testcase>
  <testcase name="validateWriteTest" classname="org.apache.hadoop.ozone.freon.TestDataValidateWithSafeByteOperations" time="10.023">
    <error message="Allocated 0 blocks. Requested 1 blocks" type="INTERNAL_ERROR org.apache.hadoop.ozone.om.exceptions.OMException">INTERNAL_ERROR org.apache.hadoop.ozone.om.exceptions.OMException: Allocated 0 blocks. Requested 1 blocks
	at org.apache.hadoop.ozone.om.protocolPB.OzoneManagerProtocolClientSideTranslatorPB.handleError(OzoneManagerProtocolClientSideTranslatorPB.java:725)
	at org.apache.hadoop.ozone.om.protocolPB.OzoneManagerProtocolClientSideTranslatorPB.openKey(OzoneManagerProtocolClientSideTranslatorPB.java:716)
	at org.apache.hadoop.ozone.client.rpc.RpcClient.createKey(RpcClient.java:615)
	at org.apache.hadoop.ozone.client.OzoneBucket.createKey(OzoneBucket.java:323)
	at org.apache.hadoop.ozone.freon.RandomKeyGenerator.createKey(RandomKeyGenerator.java:686)
	at org.apache.hadoop.ozone.freon.RandomKeyGenerator.access$1100(RandomKeyGenerator.java:87)
	at org.apache.hadoop.ozone.freon.RandomKeyGenerator$ObjectCreator.run(RandomKeyGenerator.java:606)
	at java.util.concurrent.Executors$RunnableAdapter.call(Executors.java:511)
	at java.util.concurrent.FutureTask.run(FutureTask.java:266)
	at java.util.concurrent.ThreadPoolExecutor.runWorker(ThreadPoolExecutor.java:1149)
	at java.util.concurrent.ThreadPoolExecutor$Worker.run(ThreadPoolExecutor.java:624)
	at java.lang.Thread.run(Thread.java:748)
</error>
    <system-out><![CDATA[2019-09-12 11:50:14,397 [main] INFO  freon.RandomKeyGenerator (RandomKeyGenerator.java:call(275)) - Number of Threads: 10
2019-09-12 11:50:14,398 [main] INFO  freon.RandomKeyGenerator (RandomKeyGenerator.java:call(280)) - Number of Volumes: 2.
2019-09-12 11:50:14,398 [main] INFO  freon.RandomKeyGenerator (RandomKeyGenerator.java:call(281)) - Number of Buckets per Volume: 5.
2019-09-12 11:50:14,398 [main] INFO  freon.RandomKeyGenerator (RandomKeyGenerator.java:call(282)) - Number of Keys per Bucket: 10.
2019-09-12 11:50:14,398 [main] INFO  freon.RandomKeyGenerator (RandomKeyGenerator.java:call(283)) - Key size: 10240 bytes
2019-09-12 11:50:14,398 [main] INFO  freon.RandomKeyGenerator (RandomKeyGenerator.java:call(284)) - Buffer size: 4096 bytes
2019-09-12 11:50:14,400 [pool-80-thread-2] INFO  rpc.RpcClient (RpcClient.java:createVolume(293)) - Creating Volume: vol-1-85692, with jenkins1000 as owner.
2019-09-12 11:50:14,400 [pool-80-thread-1] INFO  rpc.RpcClient (RpcClient.java:createVolume(293)) - Creating Volume: vol-0-26921, with jenkins1000 as owner.
2019-09-12 11:50:14,401 [main] INFO  freon.RandomKeyGenerator (RandomKeyGenerator.java:call(298)) - Data validation is enabled.
2019-09-12 11:50:14,403 [main] INFO  freon.RandomKeyGenerator (RandomKeyGenerator.java:call(304)) - Starting progress bar Thread.

 0.00% |█                                                                                                    |  0/100 Time: 0:00:002019-09-12 11:50:14,405 | INFO  | OMAudit | user=jenkins1000 | ip=127.0.0.1 | op=CREATE_VOLUME {admin=jenkins1000, owner=jenkins1000, volume=vol-0-26921, creationTime=1568289014404, quotaInBytes=1152921504606846976} | ret=SUCCESS |  
2019-09-12 11:50:14,405 | INFO  | OMAudit | user=jenkins1000 | ip=127.0.0.1 | op=CREATE_VOLUME {admin=jenkins1000, owner=jenkins1000, volume=vol-1-85692, creationTime=1568289014405, quotaInBytes=1152921504606846976} | ret=SUCCESS |  
2019-09-12 11:50:14,410 | INFO  | OMAudit | user=jenkins1000 | ip=127.0.0.1 | op=READ_VOLUME {volume=vol-0-26921} | ret=SUCCESS |  
2019-09-12 11:50:14,410 | INFO  | OMAudit | user=jenkins1000 | ip=127.0.0.1 | op=READ_VOLUME {volume=vol-1-85692} | ret=SUCCESS |  
2019-09-12 11:50:14,414 [pool-80-thread-1] INFO  rpc.RpcClient (RpcClient.java:createBucket(432)) - Creating Bucket: vol-0-26921/bucket-4-72241, with Versioning false and Storage Type set to DISK and Encryption set to false 
2019-09-12 11:50:14,415 [pool-80-thread-2] INFO  rpc.RpcClient (RpcClient.java:createBucket(432)) - Creating Bucket: vol-1-85692/bucket-4-54785, with Versioning false and Storage Type set to DISK and Encryption set to false 
2019-09-12 11:50:14,417 | INFO  | OMAudit | user=jenkins1000 | ip=127.0.0.1 | op=CREATE_BUCKET {volume=vol-1-85692, bucket=bucket-4-54785, acls=[user:jenkins1000:a[ACCESS], group:default:a[ACCESS]], isVersionEnabled=false, storageType=DISK, creationTime=0} | ret=SUCCESS |  
2019-09-12 11:50:14,417 | INFO  | OMAudit | user=jenkins1000 | ip=127.0.0.1 | op=CREATE_BUCKET {volume=vol-0-26921, bucket=bucket-4-72241, acls=[user:jenkins1000:a[ACCESS], group:default:a[ACCESS]], isVersionEnabled=false, storageType=DISK, creationTime=0} | ret=SUCCESS |  
2019-09-12 11:50:14,420 [pool-80-thread-6] INFO  rpc.RpcClient (RpcClient.java:createBucket(432)) - Creating Bucket: vol-1-85692/bucket-1-67491, with Versioning false and Storage Type set to DISK and Encryption set to false 
2019-09-12 11:50:14,421 | INFO  | OMAudit | user=jenkins1000 | ip=127.0.0.1 | op=READ_BUCKET {volume=vol-0-26921, bucket=bucket-4-72241} | ret=SUCCESS |  
2019-09-12 11:50:14,421 | INFO  | OMAudit | user=jenkins1000 | ip=127.0.0.1 | op=READ_BUCKET {volume=vol-1-85692, bucket=bucket-4-54785} | ret=SUCCESS |  
2019-09-12 11:50:14,421 [pool-80-thread-7] INFO  rpc.RpcClient (RpcClient.java:createBucket(432)) - Creating Bucket: vol-0-26921/bucket-2-65417, with Versioning false and Storage Type set to DISK and Encryption set to false 
2019-09-12 11:50:14,421 [pool-80-thread-8] INFO  rpc.RpcClient (RpcClient.java:createBucket(432)) - Creating Bucket: vol-1-85692/bucket-2-39322, with Versioning false and Storage Type set to DISK and Encryption set to false 
2019-09-12 11:50:14,421 [pool-80-thread-3] INFO  rpc.RpcClient (RpcClient.java:createBucket(432)) - Creating Bucket: vol-0-26921/bucket-0-08648, with Versioning false and Storage Type set to DISK and Encryption set to false 
2019-09-12 11:50:14,421 [pool-80-thread-4] INFO  rpc.RpcClient (RpcClient.java:createBucket(432)) - Creating Bucket: vol-1-85692/bucket-0-26397, with Versioning false and Storage Type set to DISK and Encryption set to false 
2019-09-12 11:50:14,420 [pool-80-thread-5] INFO  rpc.RpcClient (RpcClient.java:createBucket(432)) - Creating Bucket: vol-0-26921/bucket-1-89388, with Versioning false and Storage Type set to DISK and Encryption set to false 
2019-09-12 11:50:14,421 [pool-80-thread-9] INFO  rpc.RpcClient (RpcClient.java:createBucket(432)) - Creating Bucket: vol-0-26921/bucket-3-14553, with Versioning false and Storage Type set to DISK and Encryption set to false 
2019-09-12 11:50:14,423 | INFO  | OMAudit | user=jenkins1000 | ip=127.0.0.1 | op=CREATE_BUCKET {volume=vol-1-85692, bucket=bucket-1-67491, acls=[user:jenkins1000:a[ACCESS], group:default:a[ACCESS]], isVersionEnabled=false, storageType=DISK, creationTime=0} | ret=SUCCESS |  
2019-09-12 11:50:14,423 | INFO  | OMAudit | user=jenkins1000 | ip=127.0.0.1 | op=CREATE_BUCKET {volume=vol-0-26921, bucket=bucket-2-65417, acls=[user:jenkins1000:a[ACCESS], group:default:a[ACCESS]], isVersionEnabled=false, storageType=DISK, creationTime=0} | ret=SUCCESS |  
2019-09-12 11:50:14,423 | INFO  | OMAudit | user=jenkins1000 | ip=127.0.0.1 | op=CREATE_BUCKET {volume=vol-1-85692, bucket=bucket-2-39322, acls=[user:jenkins1000:a[ACCESS], group:default:a[ACCESS]], isVersionEnabled=false, storageType=DISK, creationTime=0} | ret=SUCCESS |  
2019-09-12 11:50:14,424 | INFO  | OMAudit | user=jenkins1000 | ip=127.0.0.1 | op=CREATE_BUCKET {volume=vol-0-26921, bucket=bucket-0-08648, acls=[user:jenkins1000:a[ACCESS], group:default:a[ACCESS]], isVersionEnabled=false, storageType=DISK, creationTime=0} | ret=SUCCESS |  
2019-09-12 11:50:14,424 | INFO  | OMAudit | user=jenkins1000 | ip=127.0.0.1 | op=CREATE_BUCKET {volume=vol-1-85692, bucket=bucket-0-26397, acls=[user:jenkins1000:a[ACCESS], group:default:a[ACCESS]], isVersionEnabled=false, storageType=DISK, creationTime=0} | ret=SUCCESS |  
2019-09-12 11:50:14,424 | INFO  | OMAudit | user=jenkins1000 | ip=127.0.0.1 | op=CREATE_BUCKET {volume=vol-0-26921, bucket=bucket-1-89388, acls=[user:jenkins1000:a[ACCESS], group:default:a[ACCESS]], isVersionEnabled=false, storageType=DISK, creationTime=0} | ret=SUCCESS |  
2019-09-12 11:50:14,424 [pool-80-thread-10] INFO  rpc.RpcClient (RpcClient.java:createBucket(432)) - Creating Bucket: vol-1-85692/bucket-3-49706, with Versioning false and Storage Type set to DISK and Encryption set to false 
2019-09-12 11:50:14,425 | INFO  | OMAudit | user=jenkins1000 | ip=127.0.0.1 | op=CREATE_BUCKET {volume=vol-0-26921, bucket=bucket-3-14553, acls=[user:jenkins1000:a[ACCESS], group:default:a[ACCESS]], isVersionEnabled=false, storageType=DISK, creationTime=0} | ret=SUCCESS |  
2019-09-12 11:50:14,425 | INFO  | OMAudit | user=jenkins1000 | ip=127.0.0.1 | op=READ_BUCKET {volume=vol-1-85692, bucket=bucket-1-67491} | ret=SUCCESS |  
2019-09-12 11:50:14,425 | INFO  | OMAudit | user=jenkins1000 | ip=127.0.0.1 | op=READ_BUCKET {volume=vol-0-26921, bucket=bucket-2-65417} | ret=SUCCESS |  
2019-09-12 11:50:14,425 | INFO  | OMAudit | user=jenkins1000 | ip=127.0.0.1 | op=READ_BUCKET {volume=vol-1-85692, bucket=bucket-2-39322} | ret=SUCCESS |  
2019-09-12 11:50:14,426 | INFO  | OMAudit | user=jenkins1000 | ip=127.0.0.1 | op=READ_BUCKET {volume=vol-0-26921, bucket=bucket-0-08648} | ret=SUCCESS |  
2019-09-12 11:50:14,426 | INFO  | OMAudit | user=jenkins1000 | ip=127.0.0.1 | op=READ_BUCKET {volume=vol-0-26921, bucket=bucket-1-89388} | ret=SUCCESS |  
2019-09-12 11:50:14,426 | INFO  | OMAudit | user=jenkins1000 | ip=127.0.0.1 | op=READ_BUCKET {volume=vol-1-85692, bucket=bucket-0-26397} | ret=SUCCESS |  
2019-09-12 11:50:14,426 | INFO  | OMAudit | user=jenkins1000 | ip=127.0.0.1 | op=READ_BUCKET {volume=vol-0-26921, bucket=bucket-3-14553} | ret=SUCCESS |  
2019-09-12 11:50:14,427 | INFO  | OMAudit | user=jenkins1000 | ip=127.0.0.1 | op=CREATE_BUCKET {volume=vol-1-85692, bucket=bucket-3-49706, acls=[user:jenkins1000:a[ACCESS], group:default:a[ACCESS]], isVersionEnabled=false, storageType=DISK, creationTime=0} | ret=SUCCESS |  
2019-09-12 11:50:14,428 | INFO  | OMAudit | user=jenkins1000 | ip=127.0.0.1 | op=READ_BUCKET {volume=vol-1-85692, bucket=bucket-3-49706} | ret=SUCCESS |  
2019-09-12 11:50:14,435 [IPC Server handler 4 on 42745] ERROR pipeline.PipelinePlacementPolicy (PipelinePlacementPolicy.java:meetCriteria(92)) - Pipeline Placement: Doesn't meet the criteria to be viable node. Heaviness: 6
2019-09-12 11:50:14,436 [IPC Server handler 4 on 42745] ERROR pipeline.PipelinePlacementPolicy (PipelinePlacementPolicy.java:meetCriteria(92)) - Pipeline Placement: Doesn't meet the criteria to be viable node. Heaviness: 6
2019-09-12 11:50:14,436 [IPC Server handler 4 on 42745] ERROR pipeline.PipelinePlacementPolicy (PipelinePlacementPolicy.java:meetCriteria(92)) - Pipeline Placement: Doesn't meet the criteria to be viable node. Heaviness: 6
2019-09-12 11:50:14,436 [IPC Server handler 4 on 42745] ERROR pipeline.PipelinePlacementPolicy (PipelinePlacementPolicy.java:meetCriteria(92)) - Pipeline Placement: Doesn't meet the criteria to be viable node. Heaviness: 6
2019-09-12 11:50:14,436 [IPC Server handler 4 on 42745] ERROR pipeline.PipelinePlacementPolicy (PipelinePlacementPolicy.java:meetCriteria(92)) - Pipeline Placement: Doesn't meet the criteria to be viable node. Heaviness: 6
2019-09-12 11:50:14,436 [IPC Server handler 4 on 42745] ERROR pipeline.PipelinePlacementPolicy (PipelinePlacementPolicy.java:filterViableNodes(147)) - Unable to find enough nodes that meet the criteria that cannot engage in more than 5 pipelines. Nodes required: 3 Found: 0, healthy nodes count inNodeManager: 5.
2019-09-12 11:50:14,436 [IPC Server handler 4 on 42745] ERROR pipeline.SCMPipelineManager (SCMPipelineManager.java:createPipeline(161)) - Pipeline creation failed due to exception: Unable to find enough nodes that meet the criteria that cannot engage in more than 5 pipelines. Nodes required: 3 Found: 0, healthy nodes count inNodeManager: 5.
2019-09-12 11:50:14,437 [IPC Server handler 4 on 42745] WARN  block.BlockManagerImpl (BlockManagerImpl.java:allocateBlock(192)) - Pipeline creation failed for type:RATIS factor:THREE. Retrying get pipelines call once.
org.apache.hadoop.hdds.scm.exceptions.SCMException: Unable to find enough nodes that meet the criteria that cannot engage in more than 5 pipelines. Nodes required: 3 Found: 0, healthy nodes count inNodeManager: 5.
	at org.apache.hadoop.hdds.scm.pipeline.PipelinePlacementPolicy.filterViableNodes(PipelinePlacementPolicy.java:148)
	at org.apache.hadoop.hdds.scm.pipeline.PipelinePlacementPolicy.chooseDatanodes(PipelinePlacementPolicy.java:171)
	at org.apache.hadoop.hdds.scm.pipeline.RatisPipelineProvider.create(RatisPipelineProvider.java:100)
	at org.apache.hadoop.hdds.scm.pipeline.PipelineFactory.create(PipelineFactory.java:57)
	at org.apache.hadoop.hdds.scm.pipeline.SCMPipelineManager.createPipeline(SCMPipelineManager.java:149)
	at org.apache.hadoop.hdds.scm.block.BlockManagerImpl.allocateBlock(BlockManagerImpl.java:190)
	at org.apache.hadoop.hdds.scm.server.SCMBlockProtocolServer.allocateBlock(SCMBlockProtocolServer.java:175)
	at org.apache.hadoop.ozone.protocolPB.ScmBlockLocationProtocolServerSideTranslatorPB.allocateScmBlock(ScmBlockLocationProtocolServerSideTranslatorPB.java:153)
	at org.apache.hadoop.ozone.protocolPB.ScmBlockLocationProtocolServerSideTranslatorPB.send(ScmBlockLocationProtocolServerSideTranslatorPB.java:112)
	at org.apache.hadoop.hdds.protocol.proto.ScmBlockLocationProtocolProtos$ScmBlockLocationProtocolService$2.callBlockingMethod(ScmBlockLocationProtocolProtos.java:13157)
	at org.apache.hadoop.ipc.ProtobufRpcEngine$Server$ProtoBufRpcInvoker.call(ProtobufRpcEngine.java:524)
	at org.apache.hadoop.ipc.RPC$Server.call(RPC.java:1025)
	at org.apache.hadoop.ipc.Server$RpcCall.run(Server.java:876)
	at org.apache.hadoop.ipc.Server$RpcCall.run(Server.java:822)
	at java.security.AccessController.doPrivileged(Native Method)
	at javax.security.auth.Subject.doAs(Subject.java:422)
	at org.apache.hadoop.security.UserGroupInformation.doAs(UserGroupInformation.java:1730)
	at org.apache.hadoop.ipc.Server$Handler.run(Server.java:2682)
2019-09-12 11:50:14,437 [IPC Server handler 1 on 42745] ERROR pipeline.PipelinePlacementPolicy (PipelinePlacementPolicy.java:meetCriteria(92)) - Pipeline Placement: Doesn't meet the criteria to be viable node. Heaviness: 6
2019-09-12 11:50:14,437 [IPC Server handler 1 on 42745] ERROR pipeline.PipelinePlacementPolicy (PipelinePlacementPolicy.java:meetCriteria(92)) - Pipeline Placement: Doesn't meet the criteria to be viable node. Heaviness: 6
2019-09-12 11:50:14,438 [IPC Server handler 1 on 42745] ERROR pipeline.PipelinePlacementPolicy (PipelinePlacementPolicy.java:meetCriteria(92)) - Pipeline Placement: Doesn't meet the criteria to be viable node. Heaviness: 6
2019-09-12 11:50:14,438 [IPC Server handler 1 on 42745] ERROR pipeline.PipelinePlacementPolicy (PipelinePlacementPolicy.java:meetCriteria(92)) - Pipeline Placement: Doesn't meet the criteria to be viable node. Heaviness: 6
2019-09-12 11:50:14,438 [IPC Server handler 1 on 42745] ERROR pipeline.PipelinePlacementPolicy (PipelinePlacementPolicy.java:meetCriteria(92)) - Pipeline Placement: Doesn't meet the criteria to be viable node. Heaviness: 6
2019-09-12 11:50:14,438 [IPC Server handler 1 on 42745] ERROR pipeline.PipelinePlacementPolicy (PipelinePlacementPolicy.java:filterViableNodes(147)) - Unable to find enough nodes that meet the criteria that cannot engage in more than 5 pipelines. Nodes required: 3 Found: 0, healthy nodes count inNodeManager: 5.
2019-09-12 11:50:14,439 [IPC Server handler 1 on 42745] ERROR pipeline.SCMPipelineManager (SCMPipelineManager.java:createPipeline(161)) - Pipeline creation failed due to exception: Unable to find enough nodes that meet the criteria that cannot engage in more than 5 pipelines. Nodes required: 3 Found: 0, healthy nodes count inNodeManager: 5.
2019-09-12 11:50:14,439 [IPC Server handler 1 on 42745] WARN  block.BlockManagerImpl (BlockManagerImpl.java:allocateBlock(192)) - Pipeline creation failed for type:RATIS factor:THREE. Retrying get pipelines call once.
org.apache.hadoop.hdds.scm.exceptions.SCMException: Unable to find enough nodes that meet the criteria that cannot engage in more than 5 pipelines. Nodes required: 3 Found: 0, healthy nodes count inNodeManager: 5.
	at org.apache.hadoop.hdds.scm.pipeline.PipelinePlacementPolicy.filterViableNodes(PipelinePlacementPolicy.java:148)
	at org.apache.hadoop.hdds.scm.pipeline.PipelinePlacementPolicy.chooseDatanodes(PipelinePlacementPolicy.java:171)
	at org.apache.hadoop.hdds.scm.pipeline.RatisPipelineProvider.create(RatisPipelineProvider.java:100)
	at org.apache.hadoop.hdds.scm.pipeline.PipelineFactory.create(PipelineFactory.java:57)
	at org.apache.hadoop.hdds.scm.pipeline.SCMPipelineManager.createPipeline(SCMPipelineManager.java:149)
	at org.apache.hadoop.hdds.scm.block.BlockManagerImpl.allocateBlock(BlockManagerImpl.java:190)
	at org.apache.hadoop.hdds.scm.server.SCMBlockProtocolServer.allocateBlock(SCMBlockProtocolServer.java:175)
	at org.apache.hadoop.ozone.protocolPB.ScmBlockLocationProtocolServerSideTranslatorPB.allocateScmBlock(ScmBlockLocationProtocolServerSideTranslatorPB.java:153)
	at org.apache.hadoop.ozone.protocolPB.ScmBlockLocationProtocolServerSideTranslatorPB.send(ScmBlockLocationProtocolServerSideTranslatorPB.java:112)
	at org.apache.hadoop.hdds.protocol.proto.ScmBlockLocationProtocolProtos$ScmBlockLocationProtocolService$2.callBlockingMethod(ScmBlockLocationProtocolProtos.java:13157)
	at org.apache.hadoop.ipc.ProtobufRpcEngine$Server$ProtoBufRpcInvoker.call(ProtobufRpcEngine.java:524)
	at org.apache.hadoop.ipc.RPC$Server.call(RPC.java:1025)
	at org.apache.hadoop.ipc.Server$RpcCall.run(Server.java:876)
	at org.apache.hadoop.ipc.Server$RpcCall.run(Server.java:822)
	at java.security.AccessController.doPrivileged(Native Method)
	at javax.security.auth.Subject.doAs(Subject.java:422)
	at org.apache.hadoop.security.UserGroupInformation.doAs(UserGroupInformation.java:1730)
	at org.apache.hadoop.ipc.Server$Handler.run(Server.java:2682)
2019-09-12 11:50:14,439 [IPC Server handler 3 on 42745] ERROR pipeline.PipelinePlacementPolicy (PipelinePlacementPolicy.java:meetCriteria(92)) - Pipeline Placement: Doesn't meet the criteria to be viable node. Heaviness: 6
2019-09-12 11:50:14,440 [IPC Server handler 3 on 42745] ERROR pipeline.PipelinePlacementPolicy (PipelinePlacementPolicy.java:meetCriteria(92)) - Pipeline Placement: Doesn't meet the criteria to be viable node. Heaviness: 6
2019-09-12 11:50:14,440 [IPC Server handler 3 on 42745] ERROR pipeline.PipelinePlacementPolicy (PipelinePlacementPolicy.java:meetCriteria(92)) - Pipeline Placement: Doesn't meet the criteria to be viable node. Heaviness: 6
2019-09-12 11:50:14,440 [IPC Server handler 3 on 42745] ERROR pipeline.PipelinePlacementPolicy (PipelinePlacementPolicy.java:meetCriteria(92)) - Pipeline Placement: Doesn't meet the criteria to be viable node. Heaviness: 6
2019-09-12 11:50:14,440 [IPC Server handler 3 on 42745] ERROR pipeline.PipelinePlacementPolicy (PipelinePlacementPolicy.java:meetCriteria(92)) - Pipeline Placement: Doesn't meet the criteria to be viable node. Heaviness: 6
2019-09-12 11:50:14,440 [IPC Server handler 3 on 42745] ERROR pipeline.PipelinePlacementPolicy (PipelinePlacementPolicy.java:filterViableNodes(147)) - Unable to find enough nodes that meet the criteria that cannot engage in more than 5 pipelines. Nodes required: 3 Found: 0, healthy nodes count inNodeManager: 5.
2019-09-12 11:50:14,441 [IPC Server handler 3 on 42745] ERROR pipeline.SCMPipelineManager (SCMPipelineManager.java:createPipeline(161)) - Pipeline creation failed due to exception: Unable to find enough nodes that meet the criteria that cannot engage in more than 5 pipelines. Nodes required: 3 Found: 0, healthy nodes count inNodeManager: 5.
2019-09-12 11:50:14,441 [IPC Server handler 3 on 42745] WARN  block.BlockManagerImpl (BlockManagerImpl.java:allocateBlock(192)) - Pipeline creation failed for type:RATIS factor:THREE. Retrying get pipelines call once.
org.apache.hadoop.hdds.scm.exceptions.SCMException: Unable to find enough nodes that meet the criteria that cannot engage in more than 5 pipelines. Nodes required: 3 Found: 0, healthy nodes count inNodeManager: 5.
	at org.apache.hadoop.hdds.scm.pipeline.PipelinePlacementPolicy.filterViableNodes(PipelinePlacementPolicy.java:148)
	at org.apache.hadoop.hdds.scm.pipeline.PipelinePlacementPolicy.chooseDatanodes(PipelinePlacementPolicy.java:171)
	at org.apache.hadoop.hdds.scm.pipeline.RatisPipelineProvider.create(RatisPipelineProvider.java:100)
	at org.apache.hadoop.hdds.scm.pipeline.PipelineFactory.create(PipelineFactory.java:57)
	at org.apache.hadoop.hdds.scm.pipeline.SCMPipelineManager.createPipeline(SCMPipelineManager.java:149)
	at org.apache.hadoop.hdds.scm.block.BlockManagerImpl.allocateBlock(BlockManagerImpl.java:190)
	at org.apache.hadoop.hdds.scm.server.SCMBlockProtocolServer.allocateBlock(SCMBlockProtocolServer.java:175)
	at org.apache.hadoop.ozone.protocolPB.ScmBlockLocationProtocolServerSideTranslatorPB.allocateScmBlock(ScmBlockLocationProtocolServerSideTranslatorPB.java:153)
	at org.apache.hadoop.ozone.protocolPB.ScmBlockLocationProtocolServerSideTranslatorPB.send(ScmBlockLocationProtocolServerSideTranslatorPB.java:112)
	at org.apache.hadoop.hdds.protocol.proto.ScmBlockLocationProtocolProtos$ScmBlockLocationProtocolService$2.callBlockingMethod(ScmBlockLocationProtocolProtos.java:13157)
	at org.apache.hadoop.ipc.ProtobufRpcEngine$Server$ProtoBufRpcInvoker.call(ProtobufRpcEngine.java:524)
	at org.apache.hadoop.ipc.RPC$Server.call(RPC.java:1025)
	at org.apache.hadoop.ipc.Server$RpcCall.run(Server.java:876)
	at org.apache.hadoop.ipc.Server$RpcCall.run(Server.java:822)
	at java.security.AccessController.doPrivileged(Native Method)
	at javax.security.auth.Subject.doAs(Subject.java:422)
	at org.apache.hadoop.security.UserGroupInformation.doAs(UserGroupInformation.java:1730)
	at org.apache.hadoop.ipc.Server$Handler.run(Server.java:2682)
2019-09-12 11:50:14,441 [IPC Server handler 5 on 42745] ERROR pipeline.PipelinePlacementPolicy (PipelinePlacementPolicy.java:meetCriteria(92)) - Pipeline Placement: Doesn't meet the criteria to be viable node. Heaviness: 6
2019-09-12 11:50:14,441 [IPC Server handler 1 on 42745] INFO  block.BlockManagerImpl (BlockManagerImpl.java:allocateBlock(198)) - Could not find available pipeline of type:RATIS and factor:THREE even after retrying
2019-09-12 11:50:14,441 [IPC Server handler 4 on 42745] INFO  block.BlockManagerImpl (BlockManagerImpl.java:allocateBlock(198)) - Could not find available pipeline of type:RATIS and factor:THREE even after retrying
2019-09-12 11:50:14,442 [IPC Server handler 1 on 42745] ERROR block.BlockManagerImpl (BlockManagerImpl.java:allocateBlock(222)) - Unable to allocate a block for the size: 4194304, type: RATIS, factor: THREE
2019-09-12 11:50:14,442 [IPC Server handler 5 on 42745] ERROR pipeline.PipelinePlacementPolicy (PipelinePlacementPolicy.java:meetCriteria(92)) - Pipeline Placement: Doesn't meet the criteria to be viable node. Heaviness: 6
2019-09-12 11:50:14,442 | INFO  | SCMAudit | user=jenkins1000 | ip=192.168.36.114 | op=ALLOCATE_BLOCK {owner=8286d05d-381a-4320-87aa-ded2d1ef51ab, size=4194304, type=RATIS, factor=THREE} | ret=SUCCESS |  
2019-09-12 11:50:14,442 [IPC Server handler 5 on 42745] ERROR pipeline.PipelinePlacementPolicy (PipelinePlacementPolicy.java:meetCriteria(92)) - Pipeline Placement: Doesn't meet the criteria to be viable node. Heaviness: 6
2019-09-12 11:50:14,442 [IPC Server handler 5 on 42745] ERROR pipeline.PipelinePlacementPolicy (PipelinePlacementPolicy.java:meetCriteria(92)) - Pipeline Placement: Doesn't meet the criteria to be viable node. Heaviness: 6
2019-09-12 11:50:14,443 [IPC Server handler 5 on 42745] ERROR pipeline.PipelinePlacementPolicy (PipelinePlacementPolicy.java:meetCriteria(92)) - Pipeline Placement: Doesn't meet the criteria to be viable node. Heaviness: 6
2019-09-12 11:50:14,442 [IPC Server handler 4 on 42745] ERROR block.BlockManagerImpl (BlockManagerImpl.java:allocateBlock(222)) - Unable to allocate a block for the size: 4194304, type: RATIS, factor: THREE
2019-09-12 11:50:14,443 [IPC Server handler 5 on 42745] ERROR pipeline.PipelinePlacementPolicy (PipelinePlacementPolicy.java:filterViableNodes(147)) - Unable to find enough nodes that meet the criteria that cannot engage in more than 5 pipelines. Nodes required: 3 Found: 0, healthy nodes count inNodeManager: 5.
2019-09-12 11:50:14,443 | INFO  | SCMAudit | user=jenkins1000 | ip=192.168.36.114 | op=ALLOCATE_BLOCK {owner=8286d05d-381a-4320-87aa-ded2d1ef51ab, size=4194304, type=RATIS, factor=THREE} | ret=SUCCESS |  
2019-09-12 11:50:14,443 [IPC Server handler 5 on 42745] ERROR pipeline.SCMPipelineManager (SCMPipelineManager.java:createPipeline(161)) - Pipeline creation failed due to exception: Unable to find enough nodes that meet the criteria that cannot engage in more than 5 pipelines. Nodes required: 3 Found: 0, healthy nodes count inNodeManager: 5.
2019-09-12 11:50:14,443 [IPC Server handler 5 on 42745] WARN  block.BlockManagerImpl (BlockManagerImpl.java:allocateBlock(192)) - Pipeline creation failed for type:RATIS factor:THREE. Retrying get pipelines call once.
org.apache.hadoop.hdds.scm.exceptions.SCMException: Unable to find enough nodes that meet the criteria that cannot engage in more than 5 pipelines. Nodes required: 3 Found: 0, healthy nodes count inNodeManager: 5.
	at org.apache.hadoop.hdds.scm.pipeline.PipelinePlacementPolicy.filterViableNodes(PipelinePlacementPolicy.java:148)
	at org.apache.hadoop.hdds.scm.pipeline.PipelinePlacementPolicy.chooseDatanodes(PipelinePlacementPolicy.java:171)
	at org.apache.hadoop.hdds.scm.pipeline.RatisPipelineProvider.create(RatisPipelineProvider.java:100)
	at org.apache.hadoop.hdds.scm.pipeline.PipelineFactory.create(PipelineFactory.java:57)
	at org.apache.hadoop.hdds.scm.pipeline.SCMPipelineManager.createPipeline(SCMPipelineManager.java:149)
	at org.apache.hadoop.hdds.scm.block.BlockManagerImpl.allocateBlock(BlockManagerImpl.java:190)
	at org.apache.hadoop.hdds.scm.server.SCMBlockProtocolServer.allocateBlock(SCMBlockProtocolServer.java:175)
	at org.apache.hadoop.ozone.protocolPB.ScmBlockLocationProtocolServerSideTranslatorPB.allocateScmBlock(ScmBlockLocationProtocolServerSideTranslatorPB.java:153)
	at org.apache.hadoop.ozone.protocolPB.ScmBlockLocationProtocolServerSideTranslatorPB.send(ScmBlockLocationProtocolServerSideTranslatorPB.java:112)
	at org.apache.hadoop.hdds.protocol.proto.ScmBlockLocationProtocolProtos$ScmBlockLocationProtocolService$2.callBlockingMethod(ScmBlockLocationProtocolProtos.java:13157)
	at org.apache.hadoop.ipc.ProtobufRpcEngine$Server$ProtoBufRpcInvoker.call(ProtobufRpcEngine.java:524)
	at org.apache.hadoop.ipc.RPC$Server.call(RPC.java:1025)
	at org.apache.hadoop.ipc.Server$RpcCall.run(Server.java:876)
	at org.apache.hadoop.ipc.Server$RpcCall.run(Server.java:822)
	at java.security.AccessController.doPrivileged(Native Method)
	at javax.security.auth.Subject.doAs(Subject.java:422)
	at org.apache.hadoop.security.UserGroupInformation.doAs(UserGroupInformation.java:1730)
	at org.apache.hadoop.ipc.Server$Handler.run(Server.java:2682)
2019-09-12 11:50:14,445 [IPC Server handler 17 on 42745] ERROR pipeline.PipelinePlacementPolicy (PipelinePlacementPolicy.java:meetCriteria(92)) - Pipeline Placement: Doesn't meet the criteria to be viable node. Heaviness: 6
2019-09-12 11:50:14,443 | ERROR | OMAudit | user=jenkins1000 | ip=127.0.0.1 | op=ALLOCATE_KEY {volume=vol-0-26921, bucket=bucket-2-65417, key=key-0-74318, dataSize=10240, replicationType=RATIS, replicationFactor=THREE, keyLocationInfo=null} | ret=FAILURE | org.apache.hadoop.hdds.scm.exceptions.SCMException: Allocated 0 blocks. Requested 1 blocks
	at org.apache.hadoop.hdds.scm.protocolPB.ScmBlockLocationProtocolClientSideTranslatorPB.handleError(ScmBlockLocationProtocolClientSideTranslatorPB.java:118)
	at org.apache.hadoop.hdds.scm.protocolPB.ScmBlockLocationProtocolClientSideTranslatorPB.allocateBlock(ScmBlockLocationProtocolClientSideTranslatorPB.java:156) 
2019-09-12 11:50:14,445 [IPC Server handler 3 on 42745] INFO  block.BlockManagerImpl (BlockManagerImpl.java:allocateBlock(198)) - Could not find available pipeline of type:RATIS and factor:THREE even after retrying
2019-09-12 11:50:14,454 [IPC Server handler 17 on 42745] ERROR pipeline.PipelinePlacementPolicy (PipelinePlacementPolicy.java:meetCriteria(92)) - Pipeline Placement: Doesn't meet the criteria to be viable node. Heaviness: 6
2019-09-12 11:50:14,446 | ERROR | OMAudit | user=jenkins1000 | ip=127.0.0.1 | op=ALLOCATE_KEY {volume=vol-1-85692, bucket=bucket-1-67491, key=key-0-82537, dataSize=10240, replicationType=RATIS, replicationFactor=THREE, keyLocationInfo=null} | ret=FAILURE | org.apache.hadoop.hdds.scm.exceptions.SCMException: Allocated 0 blocks. Requested 1 blocks
	at org.apache.hadoop.hdds.scm.protocolPB.ScmBlockLocationProtocolClientSideTranslatorPB.handleError(ScmBlockLocationProtocolClientSideTranslatorPB.java:118)
	at org.apache.hadoop.hdds.scm.protocolPB.ScmBlockLocationProtocolClientSideTranslatorPB.allocateBlock(ScmBlockLocationProtocolClientSideTranslatorPB.java:156) 
2019-09-12 11:50:14,454 [IPC Server handler 3 on 42745] ERROR block.BlockManagerImpl (BlockManagerImpl.java:allocateBlock(222)) - Unable to allocate a block for the size: 4194304, type: RATIS, factor: THREE
2019-09-12 11:50:14,455 [IPC Server handler 17 on 42745] ERROR pipeline.PipelinePlacementPolicy (PipelinePlacementPolicy.java:meetCriteria(92)) - Pipeline Placement: Doesn't meet the criteria to be viable node. Heaviness: 6
2019-09-12 11:50:14,455 | INFO  | SCMAudit | user=jenkins1000 | ip=192.168.36.114 | op=ALLOCATE_BLOCK {owner=8286d05d-381a-4320-87aa-ded2d1ef51ab, size=4194304, type=RATIS, factor=THREE} | ret=SUCCESS |  
2019-09-12 11:50:14,455 [IPC Server handler 17 on 42745] ERROR pipeline.PipelinePlacementPolicy (PipelinePlacementPolicy.java:meetCriteria(92)) - Pipeline Placement: Doesn't meet the criteria to be viable node. Heaviness: 6
2019-09-12 11:50:14,455 [IPC Server handler 17 on 42745] ERROR pipeline.PipelinePlacementPolicy (PipelinePlacementPolicy.java:meetCriteria(92)) - Pipeline Placement: Doesn't meet the criteria to be viable node. Heaviness: 6
2019-09-12 11:50:14,455 [pool-80-thread-7] ERROR freon.RandomKeyGenerator (RandomKeyGenerator.java:createKey(724)) - Exception while adding key: key-0-82537 in bucket: bucket-1-67491 of volume: vol-1-85692.
INTERNAL_ERROR org.apache.hadoop.ozone.om.exceptions.OMException: Allocated 0 blocks. Requested 1 blocks
	at org.apache.hadoop.ozone.om.protocolPB.OzoneManagerProtocolClientSideTranslatorPB.handleError(OzoneManagerProtocolClientSideTranslatorPB.java:725)
	at org.apache.hadoop.ozone.om.protocolPB.OzoneManagerProtocolClientSideTranslatorPB.openKey(OzoneManagerProtocolClientSideTranslatorPB.java:716)
	at org.apache.hadoop.ozone.client.rpc.RpcClient.createKey(RpcClient.java:615)
	at org.apache.hadoop.ozone.client.OzoneBucket.createKey(OzoneBucket.java:323)
	at org.apache.hadoop.ozone.freon.RandomKeyGenerator.createKey(RandomKeyGenerator.java:686)
	at org.apache.hadoop.ozone.freon.RandomKeyGenerator.access$1100(RandomKeyGenerator.java:87)
	at org.apache.hadoop.ozone.freon.RandomKeyGenerator$ObjectCreator.run(RandomKeyGenerator.java:606)
	at java.util.concurrent.Executors$RunnableAdapter.call(Executors.java:511)
	at java.util.concurrent.FutureTask.run(FutureTask.java:266)
	at java.util.concurrent.ThreadPoolExecutor.runWorker(ThreadPoolExecutor.java:1149)
	at java.util.concurrent.ThreadPoolExecutor$Worker.run(ThreadPoolExecutor.java:624)
	at java.lang.Thread.run(Thread.java:748)
2019-09-12 11:50:14,456 | ERROR | OMAudit | user=jenkins1000 | ip=127.0.0.1 | op=ALLOCATE_KEY {volume=vol-0-26921, bucket=bucket-4-72241, key=key-0-54907, dataSize=10240, replicationType=RATIS, replicationFactor=THREE, keyLocationInfo=null} | ret=FAILURE | org.apache.hadoop.hdds.scm.exceptions.SCMException: Allocated 0 blocks. Requested 1 blocks
	at org.apache.hadoop.hdds.scm.protocolPB.ScmBlockLocationProtocolClientSideTranslatorPB.handleError(ScmBlockLocationProtocolClientSideTranslatorPB.java:118)
	at org.apache.hadoop.hdds.scm.protocolPB.ScmBlockLocationProtocolClientSideTranslatorPB.allocateBlock(ScmBlockLocationProtocolClientSideTranslatorPB.java:156) 
2019-09-12 11:50:14,455 [pool-80-thread-8] ERROR freon.RandomKeyGenerator (RandomKeyGenerator.java:createKey(724)) - Exception while adding key: key-0-74318 in bucket: bucket-2-65417 of volume: vol-0-26921.
INTERNAL_ERROR org.apache.hadoop.ozone.om.exceptions.OMException: Allocated 0 blocks. Requested 1 blocks
	at org.apache.hadoop.ozone.om.protocolPB.OzoneManagerProtocolClientSideTranslatorPB.handleError(OzoneManagerProtocolClientSideTranslatorPB.java:725)
	at org.apache.hadoop.ozone.om.protocolPB.OzoneManagerProtocolClientSideTranslatorPB.openKey(OzoneManagerProtocolClientSideTranslatorPB.java:716)
	at org.apache.hadoop.ozone.client.rpc.RpcClient.createKey(RpcClient.java:615)
	at org.apache.hadoop.ozone.client.OzoneBucket.createKey(OzoneBucket.java:323)
	at org.apache.hadoop.ozone.freon.RandomKeyGenerator.createKey(RandomKeyGenerator.java:686)
	at org.apache.hadoop.ozone.freon.RandomKeyGenerator.access$1100(RandomKeyGenerator.java:87)
	at org.apache.hadoop.ozone.freon.RandomKeyGenerator$ObjectCreator.run(RandomKeyGenerator.java:606)
	at java.util.concurrent.Executors$RunnableAdapter.call(Executors.java:511)
	at java.util.concurrent.FutureTask.run(FutureTask.java:266)
	at java.util.concurrent.ThreadPoolExecutor.runWorker(ThreadPoolExecutor.java:1149)
	at java.util.concurrent.ThreadPoolExecutor$Worker.run(ThreadPoolExecutor.java:624)
	at java.lang.Thread.run(Thread.java:748)
2019-09-12 11:50:14,456 [IPC Server handler 17 on 42745] ERROR pipeline.PipelinePlacementPolicy (PipelinePlacementPolicy.java:filterViableNodes(147)) - Unable to find enough nodes that meet the criteria that cannot engage in more than 5 pipelines. Nodes required: 3 Found: 0, healthy nodes count inNodeManager: 5.
2019-09-12 11:50:14,459 [pool-80-thread-9] ERROR freon.RandomKeyGenerator (RandomKeyGenerator.java:createKey(724)) - Exception while adding key: key-0-54907 in bucket: bucket-4-72241 of volume: vol-0-26921.
INTERNAL_ERROR org.apache.hadoop.ozone.om.exceptions.OMException: Allocated 0 blocks. Requested 1 blocks
	at org.apache.hadoop.ozone.om.protocolPB.OzoneManagerProtocolClientSideTranslatorPB.handleError(OzoneManagerProtocolClientSideTranslatorPB.java:725)
	at org.apache.hadoop.ozone.om.protocolPB.OzoneManagerProtocolClientSideTranslatorPB.openKey(OzoneManagerProtocolClientSideTranslatorPB.java:716)
	at org.apache.hadoop.ozone.client.rpc.RpcClient.createKey(RpcClient.java:615)
	at org.apache.hadoop.ozone.client.OzoneBucket.createKey(OzoneBucket.java:323)
	at org.apache.hadoop.ozone.freon.RandomKeyGenerator.createKey(RandomKeyGenerator.java:686)
	at org.apache.hadoop.ozone.freon.RandomKeyGenerator.access$1100(RandomKeyGenerator.java:87)
	at org.apache.hadoop.ozone.freon.RandomKeyGenerator$ObjectCreator.run(RandomKeyGenerator.java:606)
	at java.util.concurrent.Executors$RunnableAdapter.call(Executors.java:511)
	at java.util.concurrent.FutureTask.run(FutureTask.java:266)
	at java.util.concurrent.ThreadPoolExecutor.runWorker(ThreadPoolExecutor.java:1149)
	at java.util.concurrent.ThreadPoolExecutor$Worker.run(ThreadPoolExecutor.java:624)
	at java.lang.Thread.run(Thread.java:748)
2019-09-12 11:50:14,459 [IPC Server handler 17 on 42745] ERROR pipeline.SCMPipelineManager (SCMPipelineManager.java:createPipeline(161)) - Pipeline creation failed due to exception: Unable to find enough nodes that meet the criteria that cannot engage in more than 5 pipelines. Nodes required: 3 Found: 0, healthy nodes count inNodeManager: 5.
2019-09-12 11:50:14,459 [IPC Server handler 17 on 42745] WARN  block.BlockManagerImpl (BlockManagerImpl.java:allocateBlock(192)) - Pipeline creation failed for type:RATIS factor:THREE. Retrying get pipelines call once.
org.apache.hadoop.hdds.scm.exceptions.SCMException: Unable to find enough nodes that meet the criteria that cannot engage in more than 5 pipelines. Nodes required: 3 Found: 0, healthy nodes count inNodeManager: 5.
	at org.apache.hadoop.hdds.scm.pipeline.PipelinePlacementPolicy.filterViableNodes(PipelinePlacementPolicy.java:148)
	at org.apache.hadoop.hdds.scm.pipeline.PipelinePlacementPolicy.chooseDatanodes(PipelinePlacementPolicy.java:171)
	at org.apache.hadoop.hdds.scm.pipeline.RatisPipelineProvider.create(RatisPipelineProvider.java:100)
	at org.apache.hadoop.hdds.scm.pipeline.PipelineFactory.create(PipelineFactory.java:57)
	at org.apache.hadoop.hdds.scm.pipeline.SCMPipelineManager.createPipeline(SCMPipelineManager.java:149)
	at org.apache.hadoop.hdds.scm.block.BlockManagerImpl.allocateBlock(BlockManagerImpl.java:190)
	at org.apache.hadoop.hdds.scm.server.SCMBlockProtocolServer.allocateBlock(SCMBlockProtocolServer.java:175)
	at org.apache.hadoop.ozone.protocolPB.ScmBlockLocationProtocolServerSideTranslatorPB.allocateScmBlock(ScmBlockLocationProtocolServerSideTranslatorPB.java:153)
	at org.apache.hadoop.ozone.protocolPB.ScmBlockLocationProtocolServerSideTranslatorPB.send(ScmBlockLocationProtocolServerSideTranslatorPB.java:112)
	at org.apache.hadoop.hdds.protocol.proto.ScmBlockLocationProtocolProtos$ScmBlockLocationProtocolService$2.callBlockingMethod(ScmBlockLocationProtocolProtos.java:13157)
	at org.apache.hadoop.ipc.ProtobufRpcEngine$Server$ProtoBufRpcInvoker.call(ProtobufRpcEngine.java:524)
	at org.apache.hadoop.ipc.RPC$Server.call(RPC.java:1025)
	at org.apache.hadoop.ipc.Server$RpcCall.run(Server.java:876)
	at org.apache.hadoop.ipc.Server$RpcCall.run(Server.java:822)
	at java.security.AccessController.doPrivileged(Native Method)
	at javax.security.auth.Subject.doAs(Subject.java:422)
	at org.apache.hadoop.security.UserGroupInformation.doAs(UserGroupInformation.java:1730)
	at org.apache.hadoop.ipc.Server$Handler.run(Server.java:2682)
2019-09-12 11:50:14,459 [IPC Server handler 7 on 42745] ERROR pipeline.PipelinePlacementPolicy (PipelinePlacementPolicy.java:meetCriteria(92)) - Pipeline Placement: Doesn't meet the criteria to be viable node. Heaviness: 6
2019-09-12 11:50:14,460 [IPC Server handler 7 on 42745] ERROR pipeline.PipelinePlacementPolicy (PipelinePlacementPolicy.java:meetCriteria(92)) - Pipeline Placement: Doesn't meet the criteria to be viable node. Heaviness: 6
2019-09-12 11:50:14,460 [IPC Server handler 7 on 42745] ERROR pipeline.PipelinePlacementPolicy (PipelinePlacementPolicy.java:meetCriteria(92)) - Pipeline Placement: Doesn't meet the criteria to be viable node. Heaviness: 6
2019-09-12 11:50:14,460 [IPC Server handler 7 on 42745] ERROR pipeline.PipelinePlacementPolicy (PipelinePlacementPolicy.java:meetCriteria(92)) - Pipeline Placement: Doesn't meet the criteria to be viable node. Heaviness: 6
2019-09-12 11:50:14,460 [IPC Server handler 7 on 42745] ERROR pipeline.PipelinePlacementPolicy (PipelinePlacementPolicy.java:meetCriteria(92)) - Pipeline Placement: Doesn't meet the criteria to be viable node. Heaviness: 6
2019-09-12 11:50:14,461 [IPC Server handler 7 on 42745] ERROR pipeline.PipelinePlacementPolicy (PipelinePlacementPolicy.java:filterViableNodes(147)) - Unable to find enough nodes that meet the criteria that cannot engage in more than 5 pipelines. Nodes required: 3 Found: 0, healthy nodes count inNodeManager: 5.
2019-09-12 11:50:14,461 [IPC Server handler 7 on 42745] ERROR pipeline.SCMPipelineManager (SCMPipelineManager.java:createPipeline(161)) - Pipeline creation failed due to exception: Unable to find enough nodes that meet the criteria that cannot engage in more than 5 pipelines. Nodes required: 3 Found: 0, healthy nodes count inNodeManager: 5.
2019-09-12 11:50:14,461 [IPC Server handler 7 on 42745] WARN  block.BlockManagerImpl (BlockManagerImpl.java:allocateBlock(192)) - Pipeline creation failed for type:RATIS factor:THREE. Retrying get pipelines call once.
org.apache.hadoop.hdds.scm.exceptions.SCMException: Unable to find enough nodes that meet the criteria that cannot engage in more than 5 pipelines. Nodes required: 3 Found: 0, healthy nodes count inNodeManager: 5.
	at org.apache.hadoop.hdds.scm.pipeline.PipelinePlacementPolicy.filterViableNodes(PipelinePlacementPolicy.java:148)
	at org.apache.hadoop.hdds.scm.pipeline.PipelinePlacementPolicy.chooseDatanodes(PipelinePlacementPolicy.java:171)
	at org.apache.hadoop.hdds.scm.pipeline.RatisPipelineProvider.create(RatisPipelineProvider.java:100)
	at org.apache.hadoop.hdds.scm.pipeline.PipelineFactory.create(PipelineFactory.java:57)
	at org.apache.hadoop.hdds.scm.pipeline.SCMPipelineManager.createPipeline(SCMPipelineManager.java:149)
	at org.apache.hadoop.hdds.scm.block.BlockManagerImpl.allocateBlock(BlockManagerImpl.java:190)
	at org.apache.hadoop.hdds.scm.server.SCMBlockProtocolServer.allocateBlock(SCMBlockProtocolServer.java:175)
	at org.apache.hadoop.ozone.protocolPB.ScmBlockLocationProtocolServerSideTranslatorPB.allocateScmBlock(ScmBlockLocationProtocolServerSideTranslatorPB.java:153)
	at org.apache.hadoop.ozone.protocolPB.ScmBlockLocationProtocolServerSideTranslatorPB.send(ScmBlockLocationProtocolServerSideTranslatorPB.java:112)
	at org.apache.hadoop.hdds.protocol.proto.ScmBlockLocationProtocolProtos$ScmBlockLocationProtocolService$2.callBlockingMethod(ScmBlockLocationProtocolProtos.java:13157)
	at org.apache.hadoop.ipc.ProtobufRpcEngine$Server$ProtoBufRpcInvoker.call(ProtobufRpcEngine.java:524)
	at org.apache.hadoop.ipc.RPC$Server.call(RPC.java:1025)
	at org.apache.hadoop.ipc.Server$RpcCall.run(Server.java:876)
	at org.apache.hadoop.ipc.Server$RpcCall.run(Server.java:822)
	at java.security.AccessController.doPrivileged(Native Method)
	at javax.security.auth.Subject.doAs(Subject.java:422)
	at org.apache.hadoop.security.UserGroupInformation.doAs(UserGroupInformation.java:1730)
	at org.apache.hadoop.ipc.Server$Handler.run(Server.java:2682)
2019-09-12 11:50:14,461 [IPC Server handler 15 on 42745] ERROR pipeline.PipelinePlacementPolicy (PipelinePlacementPolicy.java:meetCriteria(92)) - Pipeline Placement: Doesn't meet the criteria to be viable node. Heaviness: 6
2019-09-12 11:50:14,462 [IPC Server handler 15 on 42745] ERROR pipeline.PipelinePlacementPolicy (PipelinePlacementPolicy.java:meetCriteria(92)) - Pipeline Placement: Doesn't meet the criteria to be viable node. Heaviness: 6
2019-09-12 11:50:14,462 [IPC Server handler 15 on 42745] ERROR pipeline.PipelinePlacementPolicy (PipelinePlacementPolicy.java:meetCriteria(92)) - Pipeline Placement: Doesn't meet the criteria to be viable node. Heaviness: 6
2019-09-12 11:50:14,462 [IPC Server handler 15 on 42745] ERROR pipeline.PipelinePlacementPolicy (PipelinePlacementPolicy.java:meetCriteria(92)) - Pipeline Placement: Doesn't meet the criteria to be viable node. Heaviness: 6
2019-09-12 11:50:14,462 [IPC Server handler 15 on 42745] ERROR pipeline.PipelinePlacementPolicy (PipelinePlacementPolicy.java:meetCriteria(92)) - Pipeline Placement: Doesn't meet the criteria to be viable node. Heaviness: 6
2019-09-12 11:50:14,462 [IPC Server handler 15 on 42745] ERROR pipeline.PipelinePlacementPolicy (PipelinePlacementPolicy.java:filterViableNodes(147)) - Unable to find enough nodes that meet the criteria that cannot engage in more than 5 pipelines. Nodes required: 3 Found: 0, healthy nodes count inNodeManager: 5.
2019-09-12 11:50:14,463 [IPC Server handler 15 on 42745] ERROR pipeline.SCMPipelineManager (SCMPipelineManager.java:createPipeline(161)) - Pipeline creation failed due to exception: Unable to find enough nodes that meet the criteria that cannot engage in more than 5 pipelines. Nodes required: 3 Found: 0, healthy nodes count inNodeManager: 5.
2019-09-12 11:50:14,463 [IPC Server handler 15 on 42745] WARN  block.BlockManagerImpl (BlockManagerImpl.java:allocateBlock(192)) - Pipeline creation failed for type:RATIS factor:THREE. Retrying get pipelines call once.
org.apache.hadoop.hdds.scm.exceptions.SCMException: Unable to find enough nodes that meet the criteria that cannot engage in more than 5 pipelines. Nodes required: 3 Found: 0, healthy nodes count inNodeManager: 5.
	at org.apache.hadoop.hdds.scm.pipeline.PipelinePlacementPolicy.filterViableNodes(PipelinePlacementPolicy.java:148)
	at org.apache.hadoop.hdds.scm.pipeline.PipelinePlacementPolicy.chooseDatanodes(PipelinePlacementPolicy.java:171)
	at org.apache.hadoop.hdds.scm.pipeline.RatisPipelineProvider.create(RatisPipelineProvider.java:100)
	at org.apache.hadoop.hdds.scm.pipeline.PipelineFactory.create(PipelineFactory.java:57)
	at org.apache.hadoop.hdds.scm.pipeline.SCMPipelineManager.createPipeline(SCMPipelineManager.java:149)
	at org.apache.hadoop.hdds.scm.block.BlockManagerImpl.allocateBlock(BlockManagerImpl.java:190)
	at org.apache.hadoop.hdds.scm.server.SCMBlockProtocolServer.allocateBlock(SCMBlockProtocolServer.java:175)
	at org.apache.hadoop.ozone.protocolPB.ScmBlockLocationProtocolServerSideTranslatorPB.allocateScmBlock(ScmBlockLocationProtocolServerSideTranslatorPB.java:153)
	at org.apache.hadoop.ozone.protocolPB.ScmBlockLocationProtocolServerSideTranslatorPB.send(ScmBlockLocationProtocolServerSideTranslatorPB.java:112)
	at org.apache.hadoop.hdds.protocol.proto.ScmBlockLocationProtocolProtos$ScmBlockLocationProtocolService$2.callBlockingMethod(ScmBlockLocationProtocolProtos.java:13157)
	at org.apache.hadoop.ipc.ProtobufRpcEngine$Server$ProtoBufRpcInvoker.call(ProtobufRpcEngine.java:524)
	at org.apache.hadoop.ipc.RPC$Server.call(RPC.java:1025)
	at org.apache.hadoop.ipc.Server$RpcCall.run(Server.java:876)
	at org.apache.hadoop.ipc.Server$RpcCall.run(Server.java:822)
	at java.security.AccessController.doPrivileged(Native Method)
	at javax.security.auth.Subject.doAs(Subject.java:422)
	at org.apache.hadoop.security.UserGroupInformation.doAs(UserGroupInformation.java:1730)
	at org.apache.hadoop.ipc.Server$Handler.run(Server.java:2682)
2019-09-12 11:50:14,463 [IPC Server handler 14 on 42745] ERROR pipeline.PipelinePlacementPolicy (PipelinePlacementPolicy.java:meetCriteria(92)) - Pipeline Placement: Doesn't meet the criteria to be viable node. Heaviness: 6
2019-09-12 11:50:14,463 [IPC Server handler 14 on 42745] ERROR pipeline.PipelinePlacementPolicy (PipelinePlacementPolicy.java:meetCriteria(92)) - Pipeline Placement: Doesn't meet the criteria to be viable node. Heaviness: 6
2019-09-12 11:50:14,464 [IPC Server handler 14 on 42745] ERROR pipeline.PipelinePlacementPolicy (PipelinePlacementPolicy.java:meetCriteria(92)) - Pipeline Placement: Doesn't meet the criteria to be viable node. Heaviness: 6
2019-09-12 11:50:14,464 [IPC Server handler 14 on 42745] ERROR pipeline.PipelinePlacementPolicy (PipelinePlacementPolicy.java:meetCriteria(92)) - Pipeline Placement: Doesn't meet the criteria to be viable node. Heaviness: 6
2019-09-12 11:50:14,464 [IPC Server handler 14 on 42745] ERROR pipeline.PipelinePlacementPolicy (PipelinePlacementPolicy.java:meetCriteria(92)) - Pipeline Placement: Doesn't meet the criteria to be viable node. Heaviness: 6
2019-09-12 11:50:14,464 [IPC Server handler 14 on 42745] ERROR pipeline.PipelinePlacementPolicy (PipelinePlacementPolicy.java:filterViableNodes(147)) - Unable to find enough nodes that meet the criteria that cannot engage in more than 5 pipelines. Nodes required: 3 Found: 0, healthy nodes count inNodeManager: 5.
2019-09-12 11:50:14,465 [IPC Server handler 14 on 42745] ERROR pipeline.SCMPipelineManager (SCMPipelineManager.java:createPipeline(161)) - Pipeline creation failed due to exception: Unable to find enough nodes that meet the criteria that cannot engage in more than 5 pipelines. Nodes required: 3 Found: 0, healthy nodes count inNodeManager: 5.
2019-09-12 11:50:14,465 [IPC Server handler 14 on 42745] WARN  block.BlockManagerImpl (BlockManagerImpl.java:allocateBlock(192)) - Pipeline creation failed for type:RATIS factor:THREE. Retrying get pipelines call once.
org.apache.hadoop.hdds.scm.exceptions.SCMException: Unable to find enough nodes that meet the criteria that cannot engage in more than 5 pipelines. Nodes required: 3 Found: 0, healthy nodes count inNodeManager: 5.
	at org.apache.hadoop.hdds.scm.pipeline.PipelinePlacementPolicy.filterViableNodes(PipelinePlacementPolicy.java:148)
	at org.apache.hadoop.hdds.scm.pipeline.PipelinePlacementPolicy.chooseDatanodes(PipelinePlacementPolicy.java:171)
	at org.apache.hadoop.hdds.scm.pipeline.RatisPipelineProvider.create(RatisPipelineProvider.java:100)
	at org.apache.hadoop.hdds.scm.pipeline.PipelineFactory.create(PipelineFactory.java:57)
	at org.apache.hadoop.hdds.scm.pipeline.SCMPipelineManager.createPipeline(SCMPipelineManager.java:149)
	at org.apache.hadoop.hdds.scm.block.BlockManagerImpl.allocateBlock(BlockManagerImpl.java:190)
	at org.apache.hadoop.hdds.scm.server.SCMBlockProtocolServer.allocateBlock(SCMBlockProtocolServer.java:175)
	at org.apache.hadoop.ozone.protocolPB.ScmBlockLocationProtocolServerSideTranslatorPB.allocateScmBlock(ScmBlockLocationProtocolServerSideTranslatorPB.java:153)
	at org.apache.hadoop.ozone.protocolPB.ScmBlockLocationProtocolServerSideTranslatorPB.send(ScmBlockLocationProtocolServerSideTranslatorPB.java:112)
	at org.apache.hadoop.hdds.protocol.proto.ScmBlockLocationProtocolProtos$ScmBlockLocationProtocolService$2.callBlockingMethod(ScmBlockLocationProtocolProtos.java:13157)
	at org.apache.hadoop.ipc.ProtobufRpcEngine$Server$ProtoBufRpcInvoker.call(ProtobufRpcEngine.java:524)
	at org.apache.hadoop.ipc.RPC$Server.call(RPC.java:1025)
	at org.apache.hadoop.ipc.Server$RpcCall.run(Server.java:876)
	at org.apache.hadoop.ipc.Server$RpcCall.run(Server.java:822)
	at java.security.AccessController.doPrivileged(Native Method)
	at javax.security.auth.Subject.doAs(Subject.java:422)
	at org.apache.hadoop.security.UserGroupInformation.doAs(UserGroupInformation.java:1730)
	at org.apache.hadoop.ipc.Server$Handler.run(Server.java:2682)
2019-09-12 11:50:14,465 [IPC Server handler 12 on 42745] ERROR pipeline.PipelinePlacementPolicy (PipelinePlacementPolicy.java:meetCriteria(92)) - Pipeline Placement: Doesn't meet the criteria to be viable node. Heaviness: 6
2019-09-12 11:50:14,465 [IPC Server handler 12 on 42745] ERROR pipeline.PipelinePlacementPolicy (PipelinePlacementPolicy.java:meetCriteria(92)) - Pipeline Placement: Doesn't meet the criteria to be viable node. Heaviness: 6
2019-09-12 11:50:14,466 [IPC Server handler 12 on 42745] ERROR pipeline.PipelinePlacementPolicy (PipelinePlacementPolicy.java:meetCriteria(92)) - Pipeline Placement: Doesn't meet the criteria to be viable node. Heaviness: 6
2019-09-12 11:50:14,466 [IPC Server handler 12 on 42745] ERROR pipeline.PipelinePlacementPolicy (PipelinePlacementPolicy.java:meetCriteria(92)) - Pipeline Placement: Doesn't meet the criteria to be viable node. Heaviness: 6
2019-09-12 11:50:14,465 [IPC Server handler 7 on 42745] INFO  block.BlockManagerImpl (BlockManagerImpl.java:allocateBlock(198)) - Could not find available pipeline of type:RATIS and factor:THREE even after retrying
2019-09-12 11:50:14,466 [IPC Server handler 7 on 42745] ERROR block.BlockManagerImpl (BlockManagerImpl.java:allocateBlock(222)) - Unable to allocate a block for the size: 4194304, type: RATIS, factor: THREE
2019-09-12 11:50:14,465 [IPC Server handler 15 on 42745] INFO  block.BlockManagerImpl (BlockManagerImpl.java:allocateBlock(198)) - Could not find available pipeline of type:RATIS and factor:THREE even after retrying
2019-09-12 11:50:14,466 | INFO  | SCMAudit | user=jenkins1000 | ip=192.168.36.114 | op=ALLOCATE_BLOCK {owner=8286d05d-381a-4320-87aa-ded2d1ef51ab, size=4194304, type=RATIS, factor=THREE} | ret=SUCCESS |  
2019-09-12 11:50:14,465 [IPC Server handler 17 on 42745] INFO  block.BlockManagerImpl (BlockManagerImpl.java:allocateBlock(198)) - Could not find available pipeline of type:RATIS and factor:THREE even after retrying
2019-09-12 11:50:14,467 [IPC Server handler 17 on 42745] ERROR block.BlockManagerImpl (BlockManagerImpl.java:allocateBlock(222)) - Unable to allocate a block for the size: 4194304, type: RATIS, factor: THREE
2019-09-12 11:50:14,465 [IPC Server handler 5 on 42745] INFO  block.BlockManagerImpl (BlockManagerImpl.java:allocateBlock(198)) - Could not find available pipeline of type:RATIS and factor:THREE even after retrying
2019-09-12 11:50:14,467 | INFO  | SCMAudit | user=jenkins1000 | ip=192.168.36.114 | op=ALLOCATE_BLOCK {owner=8286d05d-381a-4320-87aa-ded2d1ef51ab, size=4194304, type=RATIS, factor=THREE} | ret=SUCCESS |  
2019-09-12 11:50:14,467 [IPC Server handler 5 on 42745] ERROR block.BlockManagerImpl (BlockManagerImpl.java:allocateBlock(222)) - Unable to allocate a block for the size: 4194304, type: RATIS, factor: THREE
2019-09-12 11:50:14,467 [IPC Server handler 15 on 42745] ERROR block.BlockManagerImpl (BlockManagerImpl.java:allocateBlock(222)) - Unable to allocate a block for the size: 4194304, type: RATIS, factor: THREE
2019-09-12 11:50:14,467 | INFO  | SCMAudit | user=jenkins1000 | ip=192.168.36.114 | op=ALLOCATE_BLOCK {owner=8286d05d-381a-4320-87aa-ded2d1ef51ab, size=4194304, type=RATIS, factor=THREE} | ret=SUCCESS |  
2019-09-12 11:50:14,467 | INFO  | SCMAudit | user=jenkins1000 | ip=192.168.36.114 | op=ALLOCATE_BLOCK {owner=8286d05d-381a-4320-87aa-ded2d1ef51ab, size=4194304, type=RATIS, factor=THREE} | ret=SUCCESS |  
2019-09-12 11:50:14,466 [IPC Server handler 12 on 42745] ERROR pipeline.PipelinePlacementPolicy (PipelinePlacementPolicy.java:meetCriteria(92)) - Pipeline Placement: Doesn't meet the criteria to be viable node. Heaviness: 6
2019-09-12 11:50:14,467 | ERROR | OMAudit | user=jenkins1000 | ip=127.0.0.1 | op=ALLOCATE_KEY {volume=vol-1-85692, bucket=bucket-3-49706, key=key-0-55929, dataSize=10240, replicationType=RATIS, replicationFactor=THREE, keyLocationInfo=null} | ret=FAILURE | org.apache.hadoop.hdds.scm.exceptions.SCMException: Allocated 0 blocks. Requested 1 blocks
	at org.apache.hadoop.hdds.scm.protocolPB.ScmBlockLocationProtocolClientSideTranslatorPB.handleError(ScmBlockLocationProtocolClientSideTranslatorPB.java:118)
	at org.apache.hadoop.hdds.scm.protocolPB.ScmBlockLocationProtocolClientSideTranslatorPB.allocateBlock(ScmBlockLocationProtocolClientSideTranslatorPB.java:156) 
2019-09-12 11:50:14,468 [IPC Server handler 12 on 42745] ERROR pipeline.PipelinePlacementPolicy (PipelinePlacementPolicy.java:filterViableNodes(147)) - Unable to find enough nodes that meet the criteria that cannot engage in more than 5 pipelines. Nodes required: 3 Found: 0, healthy nodes count inNodeManager: 5.
2019-09-12 11:50:14,468 [IPC Server handler 12 on 42745] ERROR pipeline.SCMPipelineManager (SCMPipelineManager.java:createPipeline(161)) - Pipeline creation failed due to exception: Unable to find enough nodes that meet the criteria that cannot engage in more than 5 pipelines. Nodes required: 3 Found: 0, healthy nodes count inNodeManager: 5.
2019-09-12 11:50:14,468 | ERROR | OMAudit | user=jenkins1000 | ip=127.0.0.1 | op=ALLOCATE_KEY {volume=vol-1-85692, bucket=bucket-2-39322, key=key-0-96760, dataSize=10240, replicationType=RATIS, replicationFactor=THREE, keyLocationInfo=null} | ret=FAILURE | org.apache.hadoop.hdds.scm.exceptions.SCMException: Allocated 0 blocks. Requested 1 blocks
	at org.apache.hadoop.hdds.scm.protocolPB.ScmBlockLocationProtocolClientSideTranslatorPB.handleError(ScmBlockLocationProtocolClientSideTranslatorPB.java:118)
	at org.apache.hadoop.hdds.scm.protocolPB.ScmBlockLocationProtocolClientSideTranslatorPB.allocateBlock(ScmBlockLocationProtocolClientSideTranslatorPB.java:156) 
2019-09-12 11:50:14,468 | ERROR | OMAudit | user=jenkins1000 | ip=127.0.0.1 | op=ALLOCATE_KEY {volume=vol-0-26921, bucket=bucket-3-14553, key=key-0-21543, dataSize=10240, replicationType=RATIS, replicationFactor=THREE, keyLocationInfo=null} | ret=FAILURE | org.apache.hadoop.hdds.scm.exceptions.SCMException: Allocated 0 blocks. Requested 1 blocks
	at org.apache.hadoop.hdds.scm.protocolPB.ScmBlockLocationProtocolClientSideTranslatorPB.handleError(ScmBlockLocationProtocolClientSideTranslatorPB.java:118)
	at org.apache.hadoop.hdds.scm.protocolPB.ScmBlockLocationProtocolClientSideTranslatorPB.allocateBlock(ScmBlockLocationProtocolClientSideTranslatorPB.java:156) 
2019-09-12 11:50:14,468 [IPC Server handler 12 on 42745] WARN  block.BlockManagerImpl (BlockManagerImpl.java:allocateBlock(192)) - Pipeline creation failed for type:RATIS factor:THREE. Retrying get pipelines call once.
org.apache.hadoop.hdds.scm.exceptions.SCMException: Unable to find enough nodes that meet the criteria that cannot engage in more than 5 pipelines. Nodes required: 3 Found: 0, healthy nodes count inNodeManager: 5.
	at org.apache.hadoop.hdds.scm.pipeline.PipelinePlacementPolicy.filterViableNodes(PipelinePlacementPolicy.java:148)
	at org.apache.hadoop.hdds.scm.pipeline.PipelinePlacementPolicy.chooseDatanodes(PipelinePlacementPolicy.java:171)
	at org.apache.hadoop.hdds.scm.pipeline.RatisPipelineProvider.create(RatisPipelineProvider.java:100)
	at org.apache.hadoop.hdds.scm.pipeline.PipelineFactory.create(PipelineFactory.java:57)
	at org.apache.hadoop.hdds.scm.pipeline.SCMPipelineManager.createPipeline(SCMPipelineManager.java:149)
	at org.apache.hadoop.hdds.scm.block.BlockManagerImpl.allocateBlock(BlockManagerImpl.java:190)
	at org.apache.hadoop.hdds.scm.server.SCMBlockProtocolServer.allocateBlock(SCMBlockProtocolServer.java:175)
	at org.apache.hadoop.ozone.protocolPB.ScmBlockLocationProtocolServerSideTranslatorPB.allocateScmBlock(ScmBlockLocationProtocolServerSideTranslatorPB.java:153)
	at org.apache.hadoop.ozone.protocolPB.ScmBlockLocationProtocolServerSideTranslatorPB.send(ScmBlockLocationProtocolServerSideTranslatorPB.java:112)
	at org.apache.hadoop.hdds.protocol.proto.ScmBlockLocationProtocolProtos$ScmBlockLocationProtocolService$2.callBlockingMethod(ScmBlockLocationProtocolProtos.java:13157)
	at org.apache.hadoop.ipc.ProtobufRpcEngine$Server$ProtoBufRpcInvoker.call(ProtobufRpcEngine.java:524)
	at org.apache.hadoop.ipc.RPC$Server.call(RPC.java:1025)
	at org.apache.hadoop.ipc.Server$RpcCall.run(Server.java:876)
	at org.apache.hadoop.ipc.Server$RpcCall.run(Server.java:822)
	at java.security.AccessController.doPrivileged(Native Method)
	at javax.security.auth.Subject.doAs(Subject.java:422)
	at org.apache.hadoop.security.UserGroupInformation.doAs(UserGroupInformation.java:1730)
	at org.apache.hadoop.ipc.Server$Handler.run(Server.java:2682)
2019-09-12 11:50:14,468 | ERROR | OMAudit | user=jenkins1000 | ip=127.0.0.1 | op=ALLOCATE_KEY {volume=vol-0-26921, bucket=bucket-1-89388, key=key-0-15665, dataSize=10240, replicationType=RATIS, replicationFactor=THREE, keyLocationInfo=null} | ret=FAILURE | org.apache.hadoop.hdds.scm.exceptions.SCMException: Allocated 0 blocks. Requested 1 blocks
	at org.apache.hadoop.hdds.scm.protocolPB.ScmBlockLocationProtocolClientSideTranslatorPB.handleError(ScmBlockLocationProtocolClientSideTranslatorPB.java:118)
	at org.apache.hadoop.hdds.scm.protocolPB.ScmBlockLocationProtocolClientSideTranslatorPB.allocateBlock(ScmBlockLocationProtocolClientSideTranslatorPB.java:156) 
2019-09-12 11:50:14,468 [pool-80-thread-4] ERROR freon.RandomKeyGenerator (RandomKeyGenerator.java:createKey(724)) - Exception while adding key: key-0-55929 in bucket: bucket-3-49706 of volume: vol-1-85692.
INTERNAL_ERROR org.apache.hadoop.ozone.om.exceptions.OMException: Allocated 0 blocks. Requested 1 blocks
	at org.apache.hadoop.ozone.om.protocolPB.OzoneManagerProtocolClientSideTranslatorPB.handleError(OzoneManagerProtocolClientSideTranslatorPB.java:725)
	at org.apache.hadoop.ozone.om.protocolPB.OzoneManagerProtocolClientSideTranslatorPB.openKey(OzoneManagerProtocolClientSideTranslatorPB.java:716)
	at org.apache.hadoop.ozone.client.rpc.RpcClient.createKey(RpcClient.java:615)
	at org.apache.hadoop.ozone.client.OzoneBucket.createKey(OzoneBucket.java:323)
	at org.apache.hadoop.ozone.freon.RandomKeyGenerator.createKey(RandomKeyGenerator.java:686)
	at org.apache.hadoop.ozone.freon.RandomKeyGenerator.access$1100(RandomKeyGenerator.java:87)
	at org.apache.hadoop.ozone.freon.RandomKeyGenerator$ObjectCreator.run(RandomKeyGenerator.java:606)
	at java.util.concurrent.Executors$RunnableAdapter.call(Executors.java:511)
	at java.util.concurrent.FutureTask.run(FutureTask.java:266)
	at java.util.concurrent.ThreadPoolExecutor.runWorker(ThreadPoolExecutor.java:1149)
	at java.util.concurrent.ThreadPoolExecutor$Worker.run(ThreadPoolExecutor.java:624)
	at java.lang.Thread.run(Thread.java:748)
2019-09-12 11:50:14,468 [IPC Server handler 9 on 42745] ERROR pipeline.PipelinePlacementPolicy (PipelinePlacementPolicy.java:meetCriteria(92)) - Pipeline Placement: Doesn't meet the criteria to be viable node. Heaviness: 6
2019-09-12 11:50:14,468 [IPC Server handler 14 on 42745] INFO  block.BlockManagerImpl (BlockManagerImpl.java:allocateBlock(198)) - Could not find available pipeline of type:RATIS and factor:THREE even after retrying
2019-09-12 11:50:14,470 [IPC Server handler 9 on 42745] ERROR pipeline.PipelinePlacementPolicy (PipelinePlacementPolicy.java:meetCriteria(92)) - Pipeline Placement: Doesn't meet the criteria to be viable node. Heaviness: 6
2019-09-12 11:50:14,470 [IPC Server handler 9 on 42745] ERROR pipeline.PipelinePlacementPolicy (PipelinePlacementPolicy.java:meetCriteria(92)) - Pipeline Placement: Doesn't meet the criteria to be viable node. Heaviness: 6
2019-09-12 11:50:14,470 [IPC Server handler 9 on 42745] ERROR pipeline.PipelinePlacementPolicy (PipelinePlacementPolicy.java:meetCriteria(92)) - Pipeline Placement: Doesn't meet the criteria to be viable node. Heaviness: 6
2019-09-12 11:50:14,471 [IPC Server handler 9 on 42745] ERROR pipeline.PipelinePlacementPolicy (PipelinePlacementPolicy.java:meetCriteria(92)) - Pipeline Placement: Doesn't meet the criteria to be viable node. Heaviness: 6
2019-09-12 11:50:14,469 [pool-80-thread-5] ERROR freon.RandomKeyGenerator (RandomKeyGenerator.java:createKey(724)) - Exception while adding key: key-0-21543 in bucket: bucket-3-14553 of volume: vol-0-26921.
INTERNAL_ERROR org.apache.hadoop.ozone.om.exceptions.OMException: Allocated 0 blocks. Requested 1 blocks
	at org.apache.hadoop.ozone.om.protocolPB.OzoneManagerProtocolClientSideTranslatorPB.handleError(OzoneManagerProtocolClientSideTranslatorPB.java:725)
	at org.apache.hadoop.ozone.om.protocolPB.OzoneManagerProtocolClientSideTranslatorPB.openKey(OzoneManagerProtocolClientSideTranslatorPB.java:716)
	at org.apache.hadoop.ozone.client.rpc.RpcClient.createKey(RpcClient.java:615)
	at org.apache.hadoop.ozone.client.OzoneBucket.createKey(OzoneBucket.java:323)
	at org.apache.hadoop.ozone.freon.RandomKeyGenerator.createKey(RandomKeyGenerator.java:686)
	at org.apache.hadoop.ozone.freon.RandomKeyGenerator.access$1100(RandomKeyGenerator.java:87)
	at org.apache.hadoop.ozone.freon.RandomKeyGenerator$ObjectCreator.run(RandomKeyGenerator.java:606)
	at java.util.concurrent.Executors$RunnableAdapter.call(Executors.java:511)
	at java.util.concurrent.FutureTask.run(FutureTask.java:266)
	at java.util.concurrent.ThreadPoolExecutor.runWorker(ThreadPoolExecutor.java:1149)
	at java.util.concurrent.ThreadPoolExecutor$Worker.run(ThreadPoolExecutor.java:624)
	at java.lang.Thread.run(Thread.java:748)
2019-09-12 11:50:14,469 [pool-80-thread-6] ERROR freon.RandomKeyGenerator (RandomKeyGenerator.java:createKey(724)) - Exception while adding key: key-0-15665 in bucket: bucket-1-89388 of volume: vol-0-26921.
INTERNAL_ERROR org.apache.hadoop.ozone.om.exceptions.OMException: Allocated 0 blocks. Requested 1 blocks
	at org.apache.hadoop.ozone.om.protocolPB.OzoneManagerProtocolClientSideTranslatorPB.handleError(OzoneManagerProtocolClientSideTranslatorPB.java:725)
	at org.apache.hadoop.ozone.om.protocolPB.OzoneManagerProtocolClientSideTranslatorPB.openKey(OzoneManagerProtocolClientSideTranslatorPB.java:716)
	at org.apache.hadoop.ozone.client.rpc.RpcClient.createKey(RpcClient.java:615)
	at org.apache.hadoop.ozone.client.OzoneBucket.createKey(OzoneBucket.java:323)
	at org.apache.hadoop.ozone.freon.RandomKeyGenerator.createKey(RandomKeyGenerator.java:686)
	at org.apache.hadoop.ozone.freon.RandomKeyGenerator.access$1100(RandomKeyGenerator.java:87)
	at org.apache.hadoop.ozone.freon.RandomKeyGenerator$ObjectCreator.run(RandomKeyGenerator.java:606)
	at java.util.concurrent.Executors$RunnableAdapter.call(Executors.java:511)
	at java.util.concurrent.FutureTask.run(FutureTask.java:266)
	at java.util.concurrent.ThreadPoolExecutor.runWorker(ThreadPoolExecutor.java:1149)
	at java.util.concurrent.ThreadPoolExecutor$Worker.run(ThreadPoolExecutor.java:624)
	at java.lang.Thread.run(Thread.java:748)
2019-09-12 11:50:14,469 [pool-80-thread-3] ERROR freon.RandomKeyGenerator (RandomKeyGenerator.java:createKey(724)) - Exception while adding key: key-0-96760 in bucket: bucket-2-39322 of volume: vol-1-85692.
INTERNAL_ERROR org.apache.hadoop.ozone.om.exceptions.OMException: Allocated 0 blocks. Requested 1 blocks
	at org.apache.hadoop.ozone.om.protocolPB.OzoneManagerProtocolClientSideTranslatorPB.handleError(OzoneManagerProtocolClientSideTranslatorPB.java:725)
	at org.apache.hadoop.ozone.om.protocolPB.OzoneManagerProtocolClientSideTranslatorPB.openKey(OzoneManagerProtocolClientSideTranslatorPB.java:716)
	at org.apache.hadoop.ozone.client.rpc.RpcClient.createKey(RpcClient.java:615)
	at org.apache.hadoop.ozone.client.OzoneBucket.createKey(OzoneBucket.java:323)
	at org.apache.hadoop.ozone.freon.RandomKeyGenerator.createKey(RandomKeyGenerator.java:686)
	at org.apache.hadoop.ozone.freon.RandomKeyGenerator.access$1100(RandomKeyGenerator.java:87)
	at org.apache.hadoop.ozone.freon.RandomKeyGenerator$ObjectCreator.run(RandomKeyGenerator.java:606)
	at java.util.concurrent.Executors$RunnableAdapter.call(Executors.java:511)
	at java.util.concurrent.FutureTask.run(FutureTask.java:266)
	at java.util.concurrent.ThreadPoolExecutor.runWorker(ThreadPoolExecutor.java:1149)
	at java.util.concurrent.ThreadPoolExecutor$Worker.run(ThreadPoolExecutor.java:624)
	at java.lang.Thread.run(Thread.java:748)
2019-09-12 11:50:14,471 [IPC Server handler 9 on 42745] ERROR pipeline.PipelinePlacementPolicy (PipelinePlacementPolicy.java:filterViableNodes(147)) - Unable to find enough nodes that meet the criteria that cannot engage in more than 5 pipelines. Nodes required: 3 Found: 0, healthy nodes count inNodeManager: 5.
2019-09-12 11:50:14,470 [IPC Server handler 14 on 42745] ERROR block.BlockManagerImpl (BlockManagerImpl.java:allocateBlock(222)) - Unable to allocate a block for the size: 4194304, type: RATIS, factor: THREE
2019-09-12 11:50:14,473 [IPC Server handler 9 on 42745] ERROR pipeline.SCMPipelineManager (SCMPipelineManager.java:createPipeline(161)) - Pipeline creation failed due to exception: Unable to find enough nodes that meet the criteria that cannot engage in more than 5 pipelines. Nodes required: 3 Found: 0, healthy nodes count inNodeManager: 5.
2019-09-12 11:50:14,473 | INFO  | SCMAudit | user=jenkins1000 | ip=192.168.36.114 | op=ALLOCATE_BLOCK {owner=8286d05d-381a-4320-87aa-ded2d1ef51ab, size=4194304, type=RATIS, factor=THREE} | ret=SUCCESS |  
2019-09-12 11:50:14,473 [IPC Server handler 9 on 42745] WARN  block.BlockManagerImpl (BlockManagerImpl.java:allocateBlock(192)) - Pipeline creation failed for type:RATIS factor:THREE. Retrying get pipelines call once.
org.apache.hadoop.hdds.scm.exceptions.SCMException: Unable to find enough nodes that meet the criteria that cannot engage in more than 5 pipelines. Nodes required: 3 Found: 0, healthy nodes count inNodeManager: 5.
	at org.apache.hadoop.hdds.scm.pipeline.PipelinePlacementPolicy.filterViableNodes(PipelinePlacementPolicy.java:148)
	at org.apache.hadoop.hdds.scm.pipeline.PipelinePlacementPolicy.chooseDatanodes(PipelinePlacementPolicy.java:171)
	at org.apache.hadoop.hdds.scm.pipeline.RatisPipelineProvider.create(RatisPipelineProvider.java:100)
	at org.apache.hadoop.hdds.scm.pipeline.PipelineFactory.create(PipelineFactory.java:57)
	at org.apache.hadoop.hdds.scm.pipeline.SCMPipelineManager.createPipeline(SCMPipelineManager.java:149)
	at org.apache.hadoop.hdds.scm.block.BlockManagerImpl.allocateBlock(BlockManagerImpl.java:190)
	at org.apache.hadoop.hdds.scm.server.SCMBlockProtocolServer.allocateBlock(SCMBlockProtocolServer.java:175)
	at org.apache.hadoop.ozone.protocolPB.ScmBlockLocationProtocolServerSideTranslatorPB.allocateScmBlock(ScmBlockLocationProtocolServerSideTranslatorPB.java:153)
	at org.apache.hadoop.ozone.protocolPB.ScmBlockLocationProtocolServerSideTranslatorPB.send(ScmBlockLocationProtocolServerSideTranslatorPB.java:112)
	at org.apache.hadoop.hdds.protocol.proto.ScmBlockLocationProtocolProtos$ScmBlockLocationProtocolService$2.callBlockingMethod(ScmBlockLocationProtocolProtos.java:13157)
	at org.apache.hadoop.ipc.ProtobufRpcEngine$Server$ProtoBufRpcInvoker.call(ProtobufRpcEngine.java:524)
	at org.apache.hadoop.ipc.RPC$Server.call(RPC.java:1025)
	at org.apache.hadoop.ipc.Server$RpcCall.run(Server.java:876)
	at org.apache.hadoop.ipc.Server$RpcCall.run(Server.java:822)
	at java.security.AccessController.doPrivileged(Native Method)
	at javax.security.auth.Subject.doAs(Subject.java:422)
	at org.apache.hadoop.security.UserGroupInformation.doAs(UserGroupInformation.java:1730)
	at org.apache.hadoop.ipc.Server$Handler.run(Server.java:2682)
2019-09-12 11:50:14,473 [IPC Server handler 12 on 42745] INFO  block.BlockManagerImpl (BlockManagerImpl.java:allocateBlock(198)) - Could not find available pipeline of type:RATIS and factor:THREE even after retrying
2019-09-12 11:50:14,474 [IPC Server handler 9 on 42745] INFO  block.BlockManagerImpl (BlockManagerImpl.java:allocateBlock(198)) - Could not find available pipeline of type:RATIS and factor:THREE even after retrying
2019-09-12 11:50:14,474 [IPC Server handler 12 on 42745] ERROR block.BlockManagerImpl (BlockManagerImpl.java:allocateBlock(222)) - Unable to allocate a block for the size: 4194304, type: RATIS, factor: THREE
2019-09-12 11:50:14,474 | ERROR | OMAudit | user=jenkins1000 | ip=127.0.0.1 | op=ALLOCATE_KEY {volume=vol-0-26921, bucket=bucket-0-08648, key=key-0-59103, dataSize=10240, replicationType=RATIS, replicationFactor=THREE, keyLocationInfo=null} | ret=FAILURE | org.apache.hadoop.hdds.scm.exceptions.SCMException: Allocated 0 blocks. Requested 1 blocks
	at org.apache.hadoop.hdds.scm.protocolPB.ScmBlockLocationProtocolClientSideTranslatorPB.handleError(ScmBlockLocationProtocolClientSideTranslatorPB.java:118)
	at org.apache.hadoop.hdds.scm.protocolPB.ScmBlockLocationProtocolClientSideTranslatorPB.allocateBlock(ScmBlockLocationProtocolClientSideTranslatorPB.java:156) 
2019-09-12 11:50:14,474 [IPC Server handler 9 on 42745] ERROR block.BlockManagerImpl (BlockManagerImpl.java:allocateBlock(222)) - Unable to allocate a block for the size: 4194304, type: RATIS, factor: THREE
2019-09-12 11:50:14,474 | INFO  | SCMAudit | user=jenkins1000 | ip=192.168.36.114 | op=ALLOCATE_BLOCK {owner=8286d05d-381a-4320-87aa-ded2d1ef51ab, size=4194304, type=RATIS, factor=THREE} | ret=SUCCESS |  
2019-09-12 11:50:14,474 | INFO  | SCMAudit | user=jenkins1000 | ip=192.168.36.114 | op=ALLOCATE_BLOCK {owner=8286d05d-381a-4320-87aa-ded2d1ef51ab, size=4194304, type=RATIS, factor=THREE} | ret=SUCCESS |  
2019-09-12 11:50:14,475 [pool-80-thread-2] ERROR freon.RandomKeyGenerator (RandomKeyGenerator.java:createKey(724)) - Exception while adding key: key-0-59103 in bucket: bucket-0-08648 of volume: vol-0-26921.
INTERNAL_ERROR org.apache.hadoop.ozone.om.exceptions.OMException: Allocated 0 blocks. Requested 1 blocks
	at org.apache.hadoop.ozone.om.protocolPB.OzoneManagerProtocolClientSideTranslatorPB.handleError(OzoneManagerProtocolClientSideTranslatorPB.java:725)
	at org.apache.hadoop.ozone.om.protocolPB.OzoneManagerProtocolClientSideTranslatorPB.openKey(OzoneManagerProtocolClientSideTranslatorPB.java:716)
	at org.apache.hadoop.ozone.client.rpc.RpcClient.createKey(RpcClient.java:615)
	at org.apache.hadoop.ozone.client.OzoneBucket.createKey(OzoneBucket.java:323)
	at org.apache.hadoop.ozone.freon.RandomKeyGenerator.createKey(RandomKeyGenerator.java:686)
	at org.apache.hadoop.ozone.freon.RandomKeyGenerator.access$1100(RandomKeyGenerator.java:87)
	at org.apache.hadoop.ozone.freon.RandomKeyGenerator$ObjectCreator.run(RandomKeyGenerator.java:606)
	at java.util.concurrent.Executors$RunnableAdapter.call(Executors.java:511)
	at java.util.concurrent.FutureTask.run(FutureTask.java:266)
	at java.util.concurrent.ThreadPoolExecutor.runWorker(ThreadPoolExecutor.java:1149)
	at java.util.concurrent.ThreadPoolExecutor$Worker.run(ThreadPoolExecutor.java:624)
	at java.lang.Thread.run(Thread.java:748)
2019-09-12 11:50:14,475 | ERROR | OMAudit | user=jenkins1000 | ip=127.0.0.1 | op=ALLOCATE_KEY {volume=vol-1-85692, bucket=bucket-4-54785, key=key-0-01323, dataSize=10240, replicationType=RATIS, replicationFactor=THREE, keyLocationInfo=null} | ret=FAILURE | org.apache.hadoop.hdds.scm.exceptions.SCMException: Allocated 0 blocks. Requested 1 blocks
	at org.apache.hadoop.hdds.scm.protocolPB.ScmBlockLocationProtocolClientSideTranslatorPB.handleError(ScmBlockLocationProtocolClientSideTranslatorPB.java:118)
	at org.apache.hadoop.hdds.scm.protocolPB.ScmBlockLocationProtocolClientSideTranslatorPB.allocateBlock(ScmBlockLocationProtocolClientSideTranslatorPB.java:156) 
2019-09-12 11:50:14,475 | ERROR | OMAudit | user=jenkins1000 | ip=127.0.0.1 | op=ALLOCATE_KEY {volume=vol-1-85692, bucket=bucket-0-26397, key=key-0-17789, dataSize=10240, replicationType=RATIS, replicationFactor=THREE, keyLocationInfo=null} | ret=FAILURE | org.apache.hadoop.hdds.scm.exceptions.SCMException: Allocated 0 blocks. Requested 1 blocks
	at org.apache.hadoop.hdds.scm.protocolPB.ScmBlockLocationProtocolClientSideTranslatorPB.handleError(ScmBlockLocationProtocolClientSideTranslatorPB.java:118)
	at org.apache.hadoop.hdds.scm.protocolPB.ScmBlockLocationProtocolClientSideTranslatorPB.allocateBlock(ScmBlockLocationProtocolClientSideTranslatorPB.java:156) 
2019-09-12 11:50:14,476 [pool-80-thread-10] ERROR freon.RandomKeyGenerator (RandomKeyGenerator.java:createKey(724)) - Exception while adding key: key-0-01323 in bucket: bucket-4-54785 of volume: vol-1-85692.
INTERNAL_ERROR org.apache.hadoop.ozone.om.exceptions.OMException: Allocated 0 blocks. Requested 1 blocks
	at org.apache.hadoop.ozone.om.protocolPB.OzoneManagerProtocolClientSideTranslatorPB.handleError(OzoneManagerProtocolClientSideTranslatorPB.java:725)
	at org.apache.hadoop.ozone.om.protocolPB.OzoneManagerProtocolClientSideTranslatorPB.openKey(OzoneManagerProtocolClientSideTranslatorPB.java:716)
	at org.apache.hadoop.ozone.client.rpc.RpcClient.createKey(RpcClient.java:615)
	at org.apache.hadoop.ozone.client.OzoneBucket.createKey(OzoneBucket.java:323)
	at org.apache.hadoop.ozone.freon.RandomKeyGenerator.createKey(RandomKeyGenerator.java:686)
	at org.apache.hadoop.ozone.freon.RandomKeyGenerator.access$1100(RandomKeyGenerator.java:87)
	at org.apache.hadoop.ozone.freon.RandomKeyGenerator$ObjectCreator.run(RandomKeyGenerator.java:606)
	at java.util.concurrent.Executors$RunnableAdapter.call(Executors.java:511)
	at java.util.concurrent.FutureTask.run(FutureTask.java:266)
	at java.util.concurrent.ThreadPoolExecutor.runWorker(ThreadPoolExecutor.java:1149)
	at java.util.concurrent.ThreadPoolExecutor$Worker.run(ThreadPoolExecutor.java:624)
	at java.lang.Thread.run(Thread.java:748)
2019-09-12 11:50:14,476 [pool-80-thread-1] ERROR freon.RandomKeyGenerator (RandomKeyGenerator.java:createKey(724)) - Exception while adding key: key-0-17789 in bucket: bucket-0-26397 of volume: vol-1-85692.
INTERNAL_ERROR org.apache.hadoop.ozone.om.exceptions.OMException: Allocated 0 blocks. Requested 1 blocks
	at org.apache.hadoop.ozone.om.protocolPB.OzoneManagerProtocolClientSideTranslatorPB.handleError(OzoneManagerProtocolClientSideTranslatorPB.java:725)
	at org.apache.hadoop.ozone.om.protocolPB.OzoneManagerProtocolClientSideTranslatorPB.openKey(OzoneManagerProtocolClientSideTranslatorPB.java:716)
	at org.apache.hadoop.ozone.client.rpc.RpcClient.createKey(RpcClient.java:615)
	at org.apache.hadoop.ozone.client.OzoneBucket.createKey(OzoneBucket.java:323)
	at org.apache.hadoop.ozone.freon.RandomKeyGenerator.createKey(RandomKeyGenerator.java:686)
	at org.apache.hadoop.ozone.freon.RandomKeyGenerator.access$1100(RandomKeyGenerator.java:87)
	at org.apache.hadoop.ozone.freon.RandomKeyGenerator$ObjectCreator.run(RandomKeyGenerator.java:606)
	at java.util.concurrent.Executors$RunnableAdapter.call(Executors.java:511)
	at java.util.concurrent.FutureTask.run(FutureTask.java:266)
	at java.util.concurrent.ThreadPoolExecutor.runWorker(ThreadPoolExecutor.java:1149)
	at java.util.concurrent.ThreadPoolExecutor$Worker.run(ThreadPoolExecutor.java:624)
	at java.lang.Thread.run(Thread.java:748)
2019-09-12 11:50:14,784 | INFO  | SCMAudit | user=jenkins1000 | ip=192.168.36.114 | op=SEND_HEARTBEAT {datanodeUUID=3adca0c9-7635-4314-8dcd-426c8d10965a, command=[]} | ret=SUCCESS |  
2019-09-12 11:50:14,785 | INFO  | SCMAudit | user=jenkins1000 | ip=192.168.36.114 | op=SEND_HEARTBEAT {datanodeUUID=0a8d2c4a-df63-4751-9ec8-74f270f9c7ee, command=[]} | ret=SUCCESS |  
2019-09-12 11:50:14,802 | INFO  | SCMAudit | user=jenkins1000 | ip=192.168.36.114 | op=SEND_HEARTBEAT {datanodeUUID=efd2d550-d23b-43a8-a0f9-f6ba5c59f5a4, command=[]} | ret=SUCCESS |  
2019-09-12 11:50:15,139 | INFO  | SCMAudit | user=jenkins1000 | ip=192.168.36.114 | op=SEND_HEARTBEAT {datanodeUUID=da13140e-97ff-4909-b236-e6528747f6c6, command=[]} | ret=SUCCESS |  
2019-09-12 11:50:15,315 | INFO  | SCMAudit | user=jenkins1000 | ip=192.168.36.114 | op=SEND_HEARTBEAT {datanodeUUID=a32c3c57-45cd-4630-bd30-a1be9f286e13, command=[]} | ret=SUCCESS |  
 0.00% |█                                                                                                    |  0/100 Time: 0:00:012019-09-12 11:50:15,783 | INFO  | SCMAudit | user=jenkins1000 | ip=192.168.36.114 | op=SEND_HEARTBEAT {datanodeUUID=3adca0c9-7635-4314-8dcd-426c8d10965a, command=[]} | ret=SUCCESS |  
2019-09-12 11:50:15,785 | INFO  | SCMAudit | user=jenkins1000 | ip=192.168.36.114 | op=SEND_HEARTBEAT {datanodeUUID=0a8d2c4a-df63-4751-9ec8-74f270f9c7ee, command=[]} | ret=SUCCESS |  
2019-09-12 11:50:15,801 | INFO  | SCMAudit | user=jenkins1000 | ip=192.168.36.114 | op=SEND_HEARTBEAT {datanodeUUID=efd2d550-d23b-43a8-a0f9-f6ba5c59f5a4, command=[]} | ret=SUCCESS |  
2019-09-12 11:50:16,140 | INFO  | SCMAudit | user=jenkins1000 | ip=192.168.36.114 | op=SEND_HEARTBEAT {datanodeUUID=da13140e-97ff-4909-b236-e6528747f6c6, command=[]} | ret=SUCCESS |  
2019-09-12 11:50:16,315 | INFO  | SCMAudit | user=jenkins1000 | ip=192.168.36.114 | op=SEND_HEARTBEAT {datanodeUUID=a32c3c57-45cd-4630-bd30-a1be9f286e13, command=[]} | ret=SUCCESS |  
 0.00% |█                                                                                                    |  0/100 Time: 0:00:022019-09-12 11:50:16,784 | INFO  | SCMAudit | user=jenkins1000 | ip=192.168.36.114 | op=SEND_HEARTBEAT {datanodeUUID=3adca0c9-7635-4314-8dcd-426c8d10965a, command=[]} | ret=SUCCESS |  
2019-09-12 11:50:16,785 | INFO  | SCMAudit | user=jenkins1000 | ip=192.168.36.114 | op=SEND_HEARTBEAT {datanodeUUID=0a8d2c4a-df63-4751-9ec8-74f270f9c7ee, command=[]} | ret=SUCCESS |  
2019-09-12 11:50:16,801 | INFO  | SCMAudit | user=jenkins1000 | ip=192.168.36.114 | op=SEND_HEARTBEAT {datanodeUUID=efd2d550-d23b-43a8-a0f9-f6ba5c59f5a4, command=[]} | ret=SUCCESS |  
2019-09-12 11:50:17,139 | INFO  | SCMAudit | user=jenkins1000 | ip=192.168.36.114 | op=SEND_HEARTBEAT {datanodeUUID=da13140e-97ff-4909-b236-e6528747f6c6, command=[]} | ret=SUCCESS |  
2019-09-12 11:50:17,316 | INFO  | SCMAudit | user=jenkins1000 | ip=192.168.36.114 | op=SEND_HEARTBEAT {datanodeUUID=a32c3c57-45cd-4630-bd30-a1be9f286e13, command=[]} | ret=SUCCESS |  
 0.00% |█                                                                                                    |  0/100 Time: 0:00:032019-09-12 11:50:17,784 | INFO  | SCMAudit | user=jenkins1000 | ip=192.168.36.114 | op=SEND_HEARTBEAT {datanodeUUID=3adca0c9-7635-4314-8dcd-426c8d10965a, command=[]} | ret=SUCCESS |  
2019-09-12 11:50:17,785 | INFO  | SCMAudit | user=jenkins1000 | ip=192.168.36.114 | op=SEND_HEARTBEAT {datanodeUUID=0a8d2c4a-df63-4751-9ec8-74f270f9c7ee, command=[]} | ret=SUCCESS |  
2019-09-12 11:50:17,801 | INFO  | SCMAudit | user=jenkins1000 | ip=192.168.36.114 | op=SEND_HEARTBEAT {datanodeUUID=efd2d550-d23b-43a8-a0f9-f6ba5c59f5a4, command=[]} | ret=SUCCESS |  
2019-09-12 11:50:18,140 | INFO  | SCMAudit | user=jenkins1000 | ip=192.168.36.114 | op=SEND_HEARTBEAT {datanodeUUID=da13140e-97ff-4909-b236-e6528747f6c6, command=[]} | ret=SUCCESS |  
2019-09-12 11:50:18,316 | INFO  | SCMAudit | user=jenkins1000 | ip=192.168.36.114 | op=SEND_HEARTBEAT {datanodeUUID=a32c3c57-45cd-4630-bd30-a1be9f286e13, command=[]} | ret=SUCCESS |  
 0.00% |█                                                                                                    |  0/100 Time: 0:00:042019-09-12 11:50:18,783 | INFO  | SCMAudit | user=jenkins1000 | ip=192.168.36.114 | op=SEND_HEARTBEAT {datanodeUUID=3adca0c9-7635-4314-8dcd-426c8d10965a, command=[]} | ret=SUCCESS |  
2019-09-12 11:50:18,785 | INFO  | SCMAudit | user=jenkins1000 | ip=192.168.36.114 | op=SEND_HEARTBEAT {datanodeUUID=0a8d2c4a-df63-4751-9ec8-74f270f9c7ee, command=[]} | ret=SUCCESS |  
2019-09-12 11:50:18,801 | INFO  | SCMAudit | user=jenkins1000 | ip=192.168.36.114 | op=SEND_HEARTBEAT {datanodeUUID=efd2d550-d23b-43a8-a0f9-f6ba5c59f5a4, command=[]} | ret=SUCCESS |  
2019-09-12 11:50:19,139 | INFO  | SCMAudit | user=jenkins1000 | ip=192.168.36.114 | op=SEND_HEARTBEAT {datanodeUUID=da13140e-97ff-4909-b236-e6528747f6c6, command=[]} | ret=SUCCESS |  
2019-09-12 11:50:19,317 | INFO  | SCMAudit | user=jenkins1000 | ip=192.168.36.114 | op=SEND_HEARTBEAT {datanodeUUID=a32c3c57-45cd-4630-bd30-a1be9f286e13, command=[]} | ret=SUCCESS |  
 100.00% |█████████████████████████████████████████████████████████████████████████████████████████████████████|  100/100 Time: 0:00:05
2019-09-12 11:50:19,784 | INFO  | SCMAudit | user=jenkins1000 | ip=192.168.36.114 | op=SEND_HEARTBEAT {datanodeUUID=3adca0c9-7635-4314-8dcd-426c8d10965a, command=[]} | ret=SUCCESS |  
2019-09-12 11:50:19,786 | INFO  | SCMAudit | user=jenkins1000 | ip=192.168.36.114 | op=SEND_HEARTBEAT {datanodeUUID=0a8d2c4a-df63-4751-9ec8-74f270f9c7ee, command=[]} | ret=SUCCESS |  
2019-09-12 11:50:19,801 | INFO  | SCMAudit | user=jenkins1000 | ip=192.168.36.114 | op=SEND_HEARTBEAT {datanodeUUID=efd2d550-d23b-43a8-a0f9-f6ba5c59f5a4, command=[]} | ret=SUCCESS |  
2019-09-12 11:50:20,140 | INFO  | SCMAudit | user=jenkins1000 | ip=192.168.36.114 | op=SEND_HEARTBEAT {datanodeUUID=da13140e-97ff-4909-b236-e6528747f6c6, command=[]} | ret=SUCCESS |  
2019-09-12 11:50:20,317 | INFO  | SCMAudit | user=jenkins1000 | ip=192.168.36.114 | op=SEND_HEARTBEAT {datanodeUUID=a32c3c57-45cd-4630-bd30-a1be9f286e13, command=[]} | ret=SUCCESS |  
2019-09-12 11:50:20,785 | INFO  | SCMAudit | user=jenkins1000 | ip=192.168.36.114 | op=SEND_HEARTBEAT {datanodeUUID=3adca0c9-7635-4314-8dcd-426c8d10965a, command=[]} | ret=SUCCESS |  
2019-09-12 11:50:20,786 | INFO  | SCMAudit | user=jenkins1000 | ip=192.168.36.114 | op=SEND_HEARTBEAT {datanodeUUID=0a8d2c4a-df63-4751-9ec8-74f270f9c7ee, command=[]} | ret=SUCCESS |  
2019-09-12 11:50:20,801 | INFO  | SCMAudit | user=jenkins1000 | ip=192.168.36.114 | op=SEND_HEARTBEAT {datanodeUUID=efd2d550-d23b-43a8-a0f9-f6ba5c59f5a4, command=[]} | ret=SUCCESS |  
2019-09-12 11:50:21,140 | INFO  | SCMAudit | user=jenkins1000 | ip=192.168.36.114 | op=SEND_HEARTBEAT {datanodeUUID=da13140e-97ff-4909-b236-e6528747f6c6, command=[]} | ret=SUCCESS |  
2019-09-12 11:50:21,317 | INFO  | SCMAudit | user=jenkins1000 | ip=192.168.36.114 | op=SEND_HEARTBEAT {datanodeUUID=a32c3c57-45cd-4630-bd30-a1be9f286e13, command=[]} | ret=SUCCESS |  
2019-09-12 11:50:21,784 | INFO  | SCMAudit | user=jenkins1000 | ip=192.168.36.114 | op=SEND_HEARTBEAT {datanodeUUID=3adca0c9-7635-4314-8dcd-426c8d10965a, command=[]} | ret=SUCCESS |  
2019-09-12 11:50:21,785 | INFO  | SCMAudit | user=jenkins1000 | ip=192.168.36.114 | op=SEND_HEARTBEAT {datanodeUUID=0a8d2c4a-df63-4751-9ec8-74f270f9c7ee, command=[]} | ret=SUCCESS |  
2019-09-12 11:50:21,801 | INFO  | SCMAudit | user=jenkins1000 | ip=192.168.36.114 | op=SEND_HEARTBEAT {datanodeUUID=efd2d550-d23b-43a8-a0f9-f6ba5c59f5a4, command=[]} | ret=SUCCESS |  
2019-09-12 11:50:22,140 | INFO  | SCMAudit | user=jenkins1000 | ip=192.168.36.114 | op=SEND_HEARTBEAT {datanodeUUID=da13140e-97ff-4909-b236-e6528747f6c6, command=[]} | ret=SUCCESS |  
2019-09-12 11:50:22,318 | INFO  | SCMAudit | user=jenkins1000 | ip=192.168.36.114 | op=SEND_HEARTBEAT {datanodeUUID=a32c3c57-45cd-4630-bd30-a1be9f286e13, command=[]} | ret=SUCCESS |  
2019-09-12 11:50:22,785 | INFO  | SCMAudit | user=jenkins1000 | ip=192.168.36.114 | op=SEND_HEARTBEAT {datanodeUUID=3adca0c9-7635-4314-8dcd-426c8d10965a, command=[]} | ret=SUCCESS |  
2019-09-12 11:50:22,786 | INFO  | SCMAudit | user=jenkins1000 | ip=192.168.36.114 | op=SEND_HEARTBEAT {datanodeUUID=0a8d2c4a-df63-4751-9ec8-74f270f9c7ee, command=[]} | ret=SUCCESS |  
2019-09-12 11:50:22,802 | INFO  | SCMAudit | user=jenkins1000 | ip=192.168.36.114 | op=SEND_HEARTBEAT {datanodeUUID=efd2d550-d23b-43a8-a0f9-f6ba5c59f5a4, command=[]} | ret=SUCCESS |  
2019-09-12 11:50:23,141 | INFO  | SCMAudit | user=jenkins1000 | ip=192.168.36.114 | op=SEND_HEARTBEAT {datanodeUUID=da13140e-97ff-4909-b236-e6528747f6c6, command=[]} | ret=SUCCESS |  
2019-09-12 11:50:23,318 | INFO  | SCMAudit | user=jenkins1000 | ip=192.168.36.114 | op=SEND_HEARTBEAT {datanodeUUID=a32c3c57-45cd-4630-bd30-a1be9f286e13, command=[]} | ret=SUCCESS |  
2019-09-12 11:50:23,785 | INFO  | SCMAudit | user=jenkins1000 | ip=192.168.36.114 | op=SEND_HEARTBEAT {datanodeUUID=3adca0c9-7635-4314-8dcd-426c8d10965a, command=[]} | ret=SUCCESS |  
2019-09-12 11:50:23,787 | INFO  | SCMAudit | user=jenkins1000 | ip=192.168.36.114 | op=SEND_HEARTBEAT {datanodeUUID=0a8d2c4a-df63-4751-9ec8-74f270f9c7ee, command=[]} | ret=SUCCESS |  
2019-09-12 11:50:23,803 | INFO  | SCMAudit | user=jenkins1000 | ip=192.168.36.114 | op=SEND_HEARTBEAT {datanodeUUID=efd2d550-d23b-43a8-a0f9-f6ba5c59f5a4, command=[]} | ret=SUCCESS |  
2019-09-12 11:50:24,140 | INFO  | SCMAudit | user=jenkins1000 | ip=192.168.36.114 | op=SEND_HEARTBEAT {datanodeUUID=da13140e-97ff-4909-b236-e6528747f6c6, command=[]} | ret=SUCCESS |  
2019-09-12 11:50:24,317 | INFO  | SCMAudit | user=jenkins1000 | ip=192.168.36.114 | op=SEND_HEARTBEAT {datanodeUUID=a32c3c57-45cd-4630-bd30-a1be9f286e13, command=[]} | ret=SUCCESS |  
]]></system-out>
  </testcase>
</testsuite>