<?xml version="1.0" encoding="UTF-8"?>
<testsuite xmlns:xsi="http://www.w3.org/2001/XMLSchema-instance" xsi:noNamespaceSchemaLocation="https://maven.apache.org/surefire/maven-surefire-plugin/xsd/surefire-test-report.xsd" name="org.apache.hadoop.ozone.client.rpc.TestBlockOutputStreamWithFailures" time="777.974" tests="8" errors="0" skipped="0" failures="1">
  <properties>
    <property name="awt.toolkit" value="sun.awt.X11.XToolkit"/>
    <property name="file.encoding.pkg" value="sun.io"/>
    <property name="java.specification.version" value="1.8"/>
    <property name="sun.cpu.isalist" value=""/>
    <property name="sun.jnu.encoding" value="UTF-8"/>
    <property name="java.class.path" value="/workdir/hadoop-ozone/integration-test/target/test-classes:/workdir/hadoop-ozone/integration-test/target/classes:/home/user/.m2/repository/org/apache/hadoop/hadoop-ozone-common/0.5.0-SNAPSHOT/hadoop-ozone-common-0.5.0-SNAPSHOT.jar:/home/user/.m2/repository/org/apache/commons/commons-compress/1.4.1/commons-compress-1.4.1.jar:/home/user/.m2/repository/org/tukaani/xz/1.0/xz-1.0.jar:/home/user/.m2/repository/org/apache/hadoop/hadoop-common/3.2.0/hadoop-common-3.2.0.jar:/home/user/.m2/repository/org/apache/hadoop/hadoop-hdfs/3.2.0/hadoop-hdfs-3.2.0.jar:/home/user/.m2/repository/org/apache/hadoop/hadoop-hdfs-client/3.2.0/hadoop-hdfs-client-3.2.0.jar:/home/user/.m2/repository/com/fasterxml/jackson/core/jackson-annotations/2.9.5/jackson-annotations-2.9.5.jar:/home/user/.m2/repository/org/apache/hadoop/hadoop-hdds-common/0.5.0-SNAPSHOT/hadoop-hdds-common-0.5.0-SNAPSHOT.jar:/home/user/.m2/repository/javax/annotation/javax.annotation-api/1.2/javax.annotation-api-1.2.jar:/home/user/.m2/repository/org/apache/ratis/ratis-server/0.4.0-2337318-SNAPSHOT/ratis-server-0.4.0-2337318-SNAPSHOT.jar:/home/user/.m2/repository/org/apache/ratis/ratis-thirdparty-misc/0.2.0/ratis-thirdparty-misc-0.2.0.jar:/home/user/.m2/repository/org/apache/ratis/ratis-proto/0.4.0-2337318-SNAPSHOT/ratis-proto-0.4.0-2337318-SNAPSHOT.jar:/home/user/.m2/repository/org/apache/ratis/ratis-common/0.4.0-2337318-SNAPSHOT/ratis-common-0.4.0-2337318-SNAPSHOT.jar:/home/user/.m2/repository/org/apache/ratis/ratis-client/0.4.0-2337318-SNAPSHOT/ratis-client-0.4.0-2337318-SNAPSHOT.jar:/home/user/.m2/repository/org/apache/ratis/ratis-metrics/0.4.0-2337318-SNAPSHOT/ratis-metrics-0.4.0-2337318-SNAPSHOT.jar:/home/user/.m2/repository/org/apache/ratis/ratis-netty/0.4.0-2337318-SNAPSHOT/ratis-netty-0.4.0-2337318-SNAPSHOT.jar:/home/user/.m2/repository/org/apache/ratis/ratis-grpc/0.4.0-2337318-SNAPSHOT/ratis-grpc-0.4.0-2337318-SNAPSHOT.jar:/home/user/.m2/repository/org/rocksdb/rocksdbjni/6.0.1/rocksdbjni-6.0.1.jar:/home/user/.m2/repository/org/apache/logging/log4j/log4j-api/2.11.0/log4j-api-2.11.0.jar:/home/user/.m2/repository/org/apache/logging/log4j/log4j-core/2.11.0/log4j-core-2.11.0.jar:/home/user/.m2/repository/com/lmax/disruptor/3.4.2/disruptor-3.4.2.jar:/home/user/.m2/repository/org/apache/commons/commons-pool2/2.6.0/commons-pool2-2.6.0.jar:/home/user/.m2/repository/org/bouncycastle/bcpkix-jdk15on/1.60/bcpkix-jdk15on-1.60.jar:/home/user/.m2/repository/commons-validator/commons-validator/1.6/commons-validator-1.6.jar:/home/user/.m2/repository/commons-digester/commons-digester/1.8.1/commons-digester-1.8.1.jar:/home/user/.m2/repository/io/jaegertracing/jaeger-client/0.33.1/jaeger-client-0.33.1.jar:/home/user/.m2/repository/io/jaegertracing/jaeger-thrift/0.33.1/jaeger-thrift-0.33.1.jar:/home/user/.m2/repository/org/apache/thrift/libthrift/0.11.0/libthrift-0.11.0.jar:/home/user/.m2/repository/com/squareup/okhttp3/okhttp/3.9.0/okhttp-3.9.0.jar:/home/user/.m2/repository/com/squareup/okio/okio/1.13.0/okio-1.13.0.jar:/home/user/.m2/repository/io/jaegertracing/jaeger-core/0.33.1/jaeger-core-0.33.1.jar:/home/user/.m2/repository/io/jaegertracing/jaeger-tracerresolver/0.33.1/jaeger-tracerresolver-0.33.1.jar:/home/user/.m2/repository/io/opentracing/contrib/opentracing-tracerresolver/0.1.5/opentracing-tracerresolver-0.1.5.jar:/home/user/.m2/repository/io/opentracing/opentracing-util/0.31.0/opentracing-util-0.31.0.jar:/home/user/.m2/repository/io/opentracing/opentracing-api/0.31.0/opentracing-api-0.31.0.jar:/home/user/.m2/repository/io/opentracing/opentracing-noop/0.31.0/opentracing-noop-0.31.0.jar:/home/user/.m2/repository/org/apache/hadoop/hadoop-hdds-server-framework/0.5.0-SNAPSHOT/hadoop-hdds-server-framework-0.5.0-SNAPSHOT.jar:/home/user/.m2/repository/org/apache/hadoop/hadoop-hdds-container-service/0.5.0-SNAPSHOT/hadoop-hdds-container-service-0.5.0-SNAPSHOT.jar:/home/user/.m2/repository/org/apache/hadoop/hadoop-hdds-client/0.5.0-SNAPSHOT/hadoop-hdds-client-0.5.0-SNAPSHOT.jar:/home/user/.m2/repository/org/apache/hadoop/hadoop-hdds-tools/0.5.0-SNAPSHOT/hadoop-hdds-tools-0.5.0-SNAPSHOT.jar:/home/user/.m2/repository/org/apache/hadoop/hadoop-hdds-server-scm/0.5.0-SNAPSHOT/hadoop-hdds-server-scm-0.5.0-SNAPSHOT.jar:/home/user/.m2/repository/org/apache/hadoop/hadoop-hdds-docs/0.5.0-SNAPSHOT/hadoop-hdds-docs-0.5.0-SNAPSHOT.jar:/home/user/.m2/repository/io/dropwizard/metrics/metrics-core/3.2.4/metrics-core-3.2.4.jar:/home/user/.m2/repository/org/hamcrest/hamcrest-all/1.3/hamcrest-all-1.3.jar:/home/user/.m2/repository/org/bouncycastle/bcprov-jdk15on/1.60/bcprov-jdk15on-1.60.jar:/home/user/.m2/repository/info/picocli/picocli/3.9.6/picocli-3.9.6.jar:/home/user/.m2/repository/com/google/protobuf/protobuf-java/2.5.0/protobuf-java-2.5.0.jar:/home/user/.m2/repository/com/google/guava/guava/11.0.2/guava-11.0.2.jar:/home/user/.m2/repository/org/apache/hadoop/hadoop-ozone-ozone-manager/0.5.0-SNAPSHOT/hadoop-ozone-ozone-manager-0.5.0-SNAPSHOT.jar:/home/user/.m2/repository/org/apache/hadoop/hadoop-minikdc/3.2.0/hadoop-minikdc-3.2.0.jar:/home/user/.m2/repository/commons-io/commons-io/2.5/commons-io-2.5.jar:/home/user/.m2/repository/org/apache/kerby/kerb-simplekdc/1.0.1/kerb-simplekdc-1.0.1.jar:/home/user/.m2/repository/org/apache/kerby/kerb-client/1.0.1/kerb-client-1.0.1.jar:/home/user/.m2/repository/org/apache/kerby/kerby-config/1.0.1/kerby-config-1.0.1.jar:/home/user/.m2/repository/org/apache/kerby/kerb-core/1.0.1/kerb-core-1.0.1.jar:/home/user/.m2/repository/org/apache/kerby/kerby-pkix/1.0.1/kerby-pkix-1.0.1.jar:/home/user/.m2/repository/org/apache/kerby/kerby-asn1/1.0.1/kerby-asn1-1.0.1.jar:/home/user/.m2/repository/org/apache/kerby/kerby-util/1.0.1/kerby-util-1.0.1.jar:/home/user/.m2/repository/org/apache/kerby/kerb-common/1.0.1/kerb-common-1.0.1.jar:/home/user/.m2/repository/org/apache/kerby/kerb-crypto/1.0.1/kerb-crypto-1.0.1.jar:/home/user/.m2/repository/org/apache/kerby/kerb-util/1.0.1/kerb-util-1.0.1.jar:/home/user/.m2/repository/org/apache/kerby/token-provider/1.0.1/token-provider-1.0.1.jar:/home/user/.m2/repository/org/apache/kerby/kerb-admin/1.0.1/kerb-admin-1.0.1.jar:/home/user/.m2/repository/org/apache/kerby/kerb-server/1.0.1/kerb-server-1.0.1.jar:/home/user/.m2/repository/org/apache/kerby/kerb-identity/1.0.1/kerb-identity-1.0.1.jar:/home/user/.m2/repository/org/apache/kerby/kerby-xdr/1.0.1/kerby-xdr-1.0.1.jar:/home/user/.m2/repository/org/slf4j/slf4j-log4j12/1.7.25/slf4j-log4j12-1.7.25.jar:/home/user/.m2/repository/org/apache/hadoop/hadoop-ozone-objectstore-service/0.5.0-SNAPSHOT/hadoop-ozone-objectstore-service-0.5.0-SNAPSHOT.jar:/home/user/.m2/repository/org/apache/hadoop/hadoop-ozone-s3gateway/0.5.0-SNAPSHOT/hadoop-ozone-s3gateway-0.5.0-SNAPSHOT.jar:/home/user/.m2/repository/org/jboss/weld/servlet/weld-servlet/2.4.7.Final/weld-servlet-2.4.7.Final.jar:/home/user/.m2/repository/org/glassfish/jersey/containers/jersey-container-servlet-core/2.27/jersey-container-servlet-core-2.27.jar:/home/user/.m2/repository/org/glassfish/hk2/external/javax.inject/2.5.0-b42/javax.inject-2.5.0-b42.jar:/home/user/.m2/repository/org/glassfish/jersey/core/jersey-common/2.27/jersey-common-2.27.jar:/home/user/.m2/repository/org/glassfish/hk2/osgi-resource-locator/1.0.1/osgi-resource-locator-1.0.1.jar:/home/user/.m2/repository/javax/ws/rs/javax.ws.rs-api/2.1/javax.ws.rs-api-2.1.jar:/home/user/.m2/repository/org/glassfish/jersey/ext/cdi/jersey-cdi1x/2.27/jersey-cdi1x-2.27.jar:/home/user/.m2/repository/org/glassfish/jersey/inject/jersey-hk2/2.27/jersey-hk2-2.27.jar:/home/user/.m2/repository/org/glassfish/hk2/hk2-locator/2.5.0-b42/hk2-locator-2.5.0-b42.jar:/home/user/.m2/repository/org/javassist/javassist/3.22.0-CR2/javassist-3.22.0-CR2.jar:/home/user/.m2/repository/org/glassfish/hk2/hk2-api/2.5.0/hk2-api-2.5.0.jar:/home/user/.m2/repository/org/glassfish/hk2/external/jakarta.inject/2.5.0/jakarta.inject-2.5.0.jar:/home/user/.m2/repository/org/glassfish/hk2/hk2-utils/2.5.0/hk2-utils-2.5.0.jar:/home/user/.m2/repository/jakarta/annotation/jakarta.annotation-api/1.3.4/jakarta.annotation-api-1.3.4.jar:/home/user/.m2/repository/org/glassfish/hk2/external/aopalliance-repackaged/2.5.0/aopalliance-repackaged-2.5.0.jar:/home/user/.m2/repository/com/fasterxml/jackson/dataformat/jackson-dataformat-xml/2.9.0/jackson-dataformat-xml-2.9.0.jar:/home/user/.m2/repository/com/fasterxml/jackson/core/jackson-core/2.9.5/jackson-core-2.9.5.jar:/home/user/.m2/repository/com/fasterxml/jackson/module/jackson-module-jaxb-annotations/2.9.5/jackson-module-jaxb-annotations-2.9.5.jar:/home/user/.m2/repository/javax/enterprise/cdi-api/1.2/cdi-api-1.2.jar:/home/user/.m2/repository/javax/el/javax.el-api/3.0.0/javax.el-api-3.0.0.jar:/home/user/.m2/repository/javax/interceptor/javax.interceptor-api/1.2/javax.interceptor-api-1.2.jar:/home/user/.m2/repository/javax/inject/javax.inject/1/javax.inject-1.jar:/home/user/.m2/repository/com/sun/xml/bind/jaxb-impl/2.3.0.1/jaxb-impl-2.3.0.1.jar:/home/user/.m2/repository/com/sun/xml/bind/jaxb-core/2.3.0.1/jaxb-core-2.3.0.1.jar:/home/user/.m2/repository/javax/xml/bind/jaxb-api/2.3.0/jaxb-api-2.3.0.jar:/home/user/.m2/repository/javax/activation/activation/1.1.1/activation-1.1.1.jar:/home/user/.m2/repository/org/apache/hadoop/hadoop-ozone-csi/0.5.0-SNAPSHOT/hadoop-ozone-csi-0.5.0-SNAPSHOT.jar:/home/user/.m2/repository/com/google/protobuf/protobuf-java-util/3.5.1/protobuf-java-util-3.5.1.jar:/home/user/.m2/repository/org/apache/hadoop/hadoop-hdds-config/0.5.0-SNAPSHOT/hadoop-hdds-config-0.5.0-SNAPSHOT.jar:/home/user/.m2/repository/io/grpc/grpc-netty/1.17.1/grpc-netty-1.17.1.jar:/home/user/.m2/repository/io/grpc/grpc-core/1.17.1/grpc-core-1.17.1.jar:/home/user/.m2/repository/io/grpc/grpc-context/1.17.1/grpc-context-1.17.1.jar:/home/user/.m2/repository/com/google/errorprone/error_prone_annotations/2.2.0/error_prone_annotations-2.2.0.jar:/home/user/.m2/repository/org/codehaus/mojo/animal-sniffer-annotations/1.17/animal-sniffer-annotations-1.17.jar:/home/user/.m2/repository/io/opencensus/opencensus-api/0.17.0/opencensus-api-0.17.0.jar:/home/user/.m2/repository/io/opencensus/opencensus-contrib-grpc-metrics/0.17.0/opencensus-contrib-grpc-metrics-0.17.0.jar:/home/user/.m2/repository/io/netty/netty-codec-http2/4.1.30.Final/netty-codec-http2-4.1.30.Final.jar:/home/user/.m2/repository/io/netty/netty-codec-http/4.1.30.Final/netty-codec-http-4.1.30.Final.jar:/home/user/.m2/repository/io/netty/netty-codec/4.1.30.Final/netty-codec-4.1.30.Final.jar:/home/user/.m2/repository/io/netty/netty-handler/4.1.30.Final/netty-handler-4.1.30.Final.jar:/home/user/.m2/repository/io/netty/netty-handler-proxy/4.1.30.Final/netty-handler-proxy-4.1.30.Final.jar:/home/user/.m2/repository/io/netty/netty-codec-socks/4.1.30.Final/netty-codec-socks-4.1.30.Final.jar:/home/user/.m2/repository/io/netty/netty-transport-native-epoll/4.1.30.Final/netty-transport-native-epoll-4.1.30.Final.jar:/home/user/.m2/repository/io/netty/netty-common/4.1.30.Final/netty-common-4.1.30.Final.jar:/home/user/.m2/repository/io/netty/netty-buffer/4.1.30.Final/netty-buffer-4.1.30.Final.jar:/home/user/.m2/repository/io/netty/netty-transport/4.1.30.Final/netty-transport-4.1.30.Final.jar:/home/user/.m2/repository/io/netty/netty-resolver/4.1.30.Final/netty-resolver-4.1.30.Final.jar:/home/user/.m2/repository/io/netty/netty-transport-native-unix-common/4.1.30.Final/netty-transport-native-unix-common-4.1.30.Final.jar:/home/user/.m2/repository/io/grpc/grpc-protobuf/1.17.1/grpc-protobuf-1.17.1.jar:/home/user/.m2/repository/com/google/api/grpc/proto-google-common-protos/1.0.0/proto-google-common-protos-1.0.0.jar:/home/user/.m2/repository/io/grpc/grpc-protobuf-lite/1.17.1/grpc-protobuf-lite-1.17.1.jar:/home/user/.m2/repository/io/grpc/grpc-stub/1.17.1/grpc-stub-1.17.1.jar:/home/user/.m2/repository/org/apache/hadoop/hadoop-ozone-recon/0.5.0-SNAPSHOT/hadoop-ozone-recon-0.5.0-SNAPSHOT.jar:/home/user/.m2/repository/org/apache/hadoop/hadoop-ozone-reconcodegen/0.5.0-SNAPSHOT/hadoop-ozone-reconcodegen-0.5.0-SNAPSHOT.jar:/home/user/.m2/repository/com/google/inject/extensions/guice-multibindings/4.0/guice-multibindings-4.0.jar:/home/user/.m2/repository/com/google/inject/guice/4.0/guice-4.0.jar:/home/user/.m2/repository/aopalliance/aopalliance/1.0/aopalliance-1.0.jar:/home/user/.m2/repository/com/google/inject/extensions/guice-servlet/4.0/guice-servlet-4.0.jar:/home/user/.m2/repository/org/glassfish/jersey/containers/jersey-container-servlet/2.27/jersey-container-servlet-2.27.jar:/home/user/.m2/repository/org/glassfish/hk2/guice-bridge/2.5.0/guice-bridge-2.5.0.jar:/home/user/.m2/repository/org/glassfish/jersey/core/jersey-server/2.27/jersey-server-2.27.jar:/home/user/.m2/repository/org/glassfish/jersey/core/jersey-client/2.27/jersey-client-2.27.jar:/home/user/.m2/repository/org/glassfish/jersey/media/jersey-media-jaxb/2.27/jersey-media-jaxb-2.27.jar:/home/user/.m2/repository/javax/validation/validation-api/1.1.0.Final/validation-api-1.1.0.Final.jar:/home/user/.m2/repository/org/glassfish/jersey/media/jersey-media-json-jackson/2.27/jersey-media-json-jackson-2.27.jar:/home/user/.m2/repository/org/glassfish/jersey/ext/jersey-entity-filtering/2.27/jersey-entity-filtering-2.27.jar:/home/user/.m2/repository/com/google/inject/extensions/guice-assistedinject/4.0/guice-assistedinject-4.0.jar:/home/user/.m2/repository/org/jooq/jooq/3.11.10/jooq-3.11.10.jar:/home/user/.m2/repository/org/jooq/jooq-meta/3.11.10/jooq-meta-3.11.10.jar:/home/user/.m2/repository/org/jooq/jooq-codegen/3.11.10/jooq-codegen-3.11.10.jar:/home/user/.m2/repository/com/jolbox/bonecp/0.8.0.RELEASE/bonecp-0.8.0.RELEASE.jar:/home/user/.m2/repository/org/xerial/sqlite-jdbc/3.25.2/sqlite-jdbc-3.25.2.jar:/home/user/.m2/repository/org/springframework/spring-jdbc/5.1.3.RELEASE/spring-jdbc-5.1.3.RELEASE.jar:/home/user/.m2/repository/org/springframework/spring-beans/5.1.3.RELEASE/spring-beans-5.1.3.RELEASE.jar:/home/user/.m2/repository/org/springframework/spring-core/5.1.3.RELEASE/spring-core-5.1.3.RELEASE.jar:/home/user/.m2/repository/org/springframework/spring-jcl/5.1.3.RELEASE/spring-jcl-5.1.3.RELEASE.jar:/home/user/.m2/repository/org/springframework/spring-tx/5.1.3.RELEASE/spring-tx-5.1.3.RELEASE.jar:/home/user/.m2/repository/org/apache/hadoop/hadoop-ozone-client/0.5.0-SNAPSHOT/hadoop-ozone-client-0.5.0-SNAPSHOT.jar:/home/user/.m2/repository/commons-lang/commons-lang/2.6/commons-lang-2.6.jar:/home/user/.m2/repository/org/apache/hadoop/hadoop-ozone-ozone-manager/0.5.0-SNAPSHOT/hadoop-ozone-ozone-manager-0.5.0-SNAPSHOT-tests.jar:/home/user/.m2/repository/junit/junit/4.11/junit-4.11.jar:/home/user/.m2/repository/org/hamcrest/hamcrest-core/1.3/hamcrest-core-1.3.jar:/home/user/.m2/repository/org/openjdk/jmh/jmh-core/1.19/jmh-core-1.19.jar:/home/user/.m2/repository/net/sf/jopt-simple/jopt-simple/4.6/jopt-simple-4.6.jar:/home/user/.m2/repository/org/apache/commons/commons-math3/3.1.1/commons-math3-3.1.1.jar:/home/user/.m2/repository/org/openjdk/jmh/jmh-generator-annprocess/1.19/jmh-generator-annprocess-1.19.jar:/home/user/.m2/repository/org/mockito/mockito-all/1.8.5/mockito-all-1.8.5.jar:/home/user/.m2/repository/org/apache/hadoop/hadoop-kms/3.2.0/hadoop-kms-3.2.0.jar:/home/user/.m2/repository/org/apache/hadoop/hadoop-auth/3.2.0/hadoop-auth-3.2.0.jar:/home/user/.m2/repository/com/nimbusds/nimbus-jose-jwt/4.41.1/nimbus-jose-jwt-4.41.1.jar:/home/user/.m2/repository/com/github/stephenc/jcip/jcip-annotations/1.0-1/jcip-annotations-1.0-1.jar:/home/user/.m2/repository/net/minidev/json-smart/2.3/json-smart-2.3.jar:/home/user/.m2/repository/net/minidev/accessors-smart/1.2/accessors-smart-1.2.jar:/home/user/.m2/repository/org/ow2/asm/asm/5.0.4/asm-5.0.4.jar:/home/user/.m2/repository/org/apache/curator/curator-framework/2.12.0/curator-framework-2.12.0.jar:/home/user/.m2/repository/com/sun/jersey/jersey-core/1.19/jersey-core-1.19.jar:/home/user/.m2/repository/javax/ws/rs/jsr311-api/1.1.1/jsr311-api-1.1.1.jar:/home/user/.m2/repository/com/sun/jersey/jersey-server/1.19/jersey-server-1.19.jar:/home/user/.m2/repository/javax/servlet/javax.servlet-api/3.1.0/javax.servlet-api-3.1.0.jar:/home/user/.m2/repository/org/eclipse/jetty/jetty-server/9.3.24.v20180605/jetty-server-9.3.24.v20180605.jar:/home/user/.m2/repository/org/eclipse/jetty/jetty-http/9.3.24.v20180605/jetty-http-9.3.24.v20180605.jar:/home/user/.m2/repository/org/eclipse/jetty/jetty-io/9.3.24.v20180605/jetty-io-9.3.24.v20180605.jar:/home/user/.m2/repository/org/eclipse/jetty/jetty-webapp/9.3.24.v20180605/jetty-webapp-9.3.24.v20180605.jar:/home/user/.m2/repository/org/eclipse/jetty/jetty-xml/9.3.24.v20180605/jetty-xml-9.3.24.v20180605.jar:/home/user/.m2/repository/log4j/log4j/1.2.17/log4j-1.2.17.jar:/home/user/.m2/repository/org/slf4j/slf4j-api/1.7.25/slf4j-api-1.7.25.jar:/home/user/.m2/repository/org/slf4j/jul-to-slf4j/1.7.25/jul-to-slf4j-1.7.25.jar:/home/user/.m2/repository/org/eclipse/jetty/jetty-util/9.3.24.v20180605/jetty-util-9.3.24.v20180605.jar:/home/user/.m2/repository/com/fasterxml/jackson/core/jackson-databind/2.9.5/jackson-databind-2.9.5.jar:/home/user/.m2/repository/org/apache/hadoop/hadoop-kms/3.2.0/hadoop-kms-3.2.0-tests.jar:/home/user/.m2/repository/org/apache/hadoop/hadoop-hdds-server-scm/0.5.0-SNAPSHOT/hadoop-hdds-server-scm-0.5.0-SNAPSHOT-tests.jar:/home/user/.m2/repository/org/apache/hadoop/hadoop-hdds-container-service/0.5.0-SNAPSHOT/hadoop-hdds-container-service-0.5.0-SNAPSHOT-tests.jar:/home/user/.m2/repository/org/yaml/snakeyaml/1.16/snakeyaml-1.16.jar:/home/user/.m2/repository/org/apache/hadoop/hadoop-common/3.2.0/hadoop-common-3.2.0-tests.jar:/home/user/.m2/repository/org/apache/hadoop/hadoop-annotations/3.2.0/hadoop-annotations-3.2.0.jar:/usr/lib/jvm/java-1.8-openjdk/jre/../lib/tools.jar:/home/user/.m2/repository/commons-cli/commons-cli/1.2/commons-cli-1.2.jar:/home/user/.m2/repository/org/apache/httpcomponents/httpclient/4.5.2/httpclient-4.5.2.jar:/home/user/.m2/repository/org/apache/httpcomponents/httpcore/4.4.4/httpcore-4.4.4.jar:/home/user/.m2/repository/commons-codec/commons-codec/1.11/commons-codec-1.11.jar:/home/user/.m2/repository/commons-net/commons-net/3.6/commons-net-3.6.jar:/home/user/.m2/repository/commons-collections/commons-collections/3.2.2/commons-collections-3.2.2.jar:/home/user/.m2/repository/org/eclipse/jetty/jetty-servlet/9.3.24.v20180605/jetty-servlet-9.3.24.v20180605.jar:/home/user/.m2/repository/org/eclipse/jetty/jetty-security/9.3.24.v20180605/jetty-security-9.3.24.v20180605.jar:/home/user/.m2/repository/javax/servlet/jsp/jsp-api/2.1/jsp-api-2.1.jar:/home/user/.m2/repository/com/sun/jersey/jersey-servlet/1.19/jersey-servlet-1.19.jar:/home/user/.m2/repository/com/sun/jersey/jersey-json/1.19/jersey-json-1.19.jar:/home/user/.m2/repository/org/codehaus/jettison/jettison/1.1/jettison-1.1.jar:/home/user/.m2/repository/org/codehaus/jackson/jackson-core-asl/1.9.13/jackson-core-asl-1.9.13.jar:/home/user/.m2/repository/org/codehaus/jackson/jackson-mapper-asl/1.9.13/jackson-mapper-asl-1.9.13.jar:/home/user/.m2/repository/org/codehaus/jackson/jackson-jaxrs/1.9.13/jackson-jaxrs-1.9.13.jar:/home/user/.m2/repository/org/codehaus/jackson/jackson-xc/1.9.13/jackson-xc-1.9.13.jar:/home/user/.m2/repository/commons-logging/commons-logging/1.1.3/commons-logging-1.1.3.jar:/home/user/.m2/repository/commons-beanutils/commons-beanutils/1.9.3/commons-beanutils-1.9.3.jar:/home/user/.m2/repository/org/apache/commons/commons-configuration2/2.1.1/commons-configuration2-2.1.1.jar:/home/user/.m2/repository/org/apache/commons/commons-lang3/3.7/commons-lang3-3.7.jar:/home/user/.m2/repository/org/apache/commons/commons-text/1.4/commons-text-1.4.jar:/home/user/.m2/repository/org/apache/avro/avro/1.7.7/avro-1.7.7.jar:/home/user/.m2/repository/com/thoughtworks/paranamer/paranamer/2.3/paranamer-2.3.jar:/home/user/.m2/repository/org/xerial/snappy/snappy-java/1.0.5/snappy-java-1.0.5.jar:/home/user/.m2/repository/com/google/re2j/re2j/1.1/re2j-1.1.jar:/home/user/.m2/repository/com/google/code/gson/gson/2.2.4/gson-2.2.4.jar:/home/user/.m2/repository/com/jcraft/jsch/0.1.54/jsch-0.1.54.jar:/home/user/.m2/repository/org/apache/curator/curator-client/2.12.0/curator-client-2.12.0.jar:/home/user/.m2/repository/org/apache/curator/curator-recipes/2.12.0/curator-recipes-2.12.0.jar:/home/user/.m2/repository/com/google/code/findbugs/jsr305/3.0.0/jsr305-3.0.0.jar:/home/user/.m2/repository/org/apache/htrace/htrace-core4/4.1.0-incubating/htrace-core4-4.1.0-incubating.jar:/home/user/.m2/repository/org/apache/zookeeper/zookeeper/3.4.13/zookeeper-3.4.13.jar:/home/user/.m2/repository/org/apache/yetus/audience-annotations/0.5.0/audience-annotations-0.5.0.jar:/home/user/.m2/repository/org/codehaus/woodstox/stax2-api/3.1.4/stax2-api-3.1.4.jar:/home/user/.m2/repository/com/fasterxml/woodstox/woodstox-core/5.0.3/woodstox-core-5.0.3.jar:/home/user/.m2/repository/dnsjava/dnsjava/2.1.7/dnsjava-2.1.7.jar:/home/user/.m2/repository/org/apache/hadoop/hadoop-hdfs/3.2.0/hadoop-hdfs-3.2.0-tests.jar:/home/user/.m2/repository/org/eclipse/jetty/jetty-util-ajax/9.3.24.v20180605/jetty-util-ajax-9.3.24.v20180605.jar:/home/user/.m2/repository/commons-daemon/commons-daemon/1.0.13/commons-daemon-1.0.13.jar:/home/user/.m2/repository/io/netty/netty/3.10.5.Final/netty-3.10.5.Final.jar:/home/user/.m2/repository/io/netty/netty-all/4.0.52.Final/netty-all-4.0.52.Final.jar:/home/user/.m2/repository/org/fusesource/leveldbjni/leveldbjni-all/1.8/leveldbjni-all-1.8.jar:"/>
    <property name="java.vm.vendor" value="IcedTea"/>
    <property name="sun.arch.data.model" value="64"/>
    <property name="test.build.dir" value="/workdir/hadoop-ozone/integration-test/target/test-dir"/>
    <property name="test.cache.data" value=""/>
    <property name="java.vendor.url" value="https://icedtea.classpath.org"/>
    <property name="user.timezone" value=""/>
    <property name="java.vm.specification.version" value="1.8"/>
    <property name="os.name" value="Linux"/>
    <property name="test.build.data" value="/workdir/hadoop-ozone/integration-test/target/test-dir"/>
    <property name="user.country" value="US"/>
    <property name="sun.java.launcher" value="SUN_STANDARD"/>
    <property name="sun.boot.library.path" value="/usr/lib/jvm/java-1.8-openjdk/jre/lib/amd64"/>
    <property name="sun.java.command" value="/workdir/hadoop-ozone/integration-test/target/surefire/surefirebooter6710675163087714166.jar /workdir/hadoop-ozone/integration-test/target/surefire 2019-08-30T03-23-29_726-jvmRun1 surefire6372822155284564481tmp surefire_162188957273545065389tmp"/>
    <property name="test" value="!TestMiniChaosOzoneCluster"/>
    <property name="surefire.test.class.path" value="/workdir/hadoop-ozone/integration-test/target/test-classes:/workdir/hadoop-ozone/integration-test/target/classes:/home/user/.m2/repository/org/apache/hadoop/hadoop-ozone-common/0.5.0-SNAPSHOT/hadoop-ozone-common-0.5.0-SNAPSHOT.jar:/home/user/.m2/repository/org/apache/commons/commons-compress/1.4.1/commons-compress-1.4.1.jar:/home/user/.m2/repository/org/tukaani/xz/1.0/xz-1.0.jar:/home/user/.m2/repository/org/apache/hadoop/hadoop-common/3.2.0/hadoop-common-3.2.0.jar:/home/user/.m2/repository/org/apache/hadoop/hadoop-hdfs/3.2.0/hadoop-hdfs-3.2.0.jar:/home/user/.m2/repository/org/apache/hadoop/hadoop-hdfs-client/3.2.0/hadoop-hdfs-client-3.2.0.jar:/home/user/.m2/repository/com/fasterxml/jackson/core/jackson-annotations/2.9.5/jackson-annotations-2.9.5.jar:/home/user/.m2/repository/org/apache/hadoop/hadoop-hdds-common/0.5.0-SNAPSHOT/hadoop-hdds-common-0.5.0-SNAPSHOT.jar:/home/user/.m2/repository/javax/annotation/javax.annotation-api/1.2/javax.annotation-api-1.2.jar:/home/user/.m2/repository/org/apache/ratis/ratis-server/0.4.0-2337318-SNAPSHOT/ratis-server-0.4.0-2337318-SNAPSHOT.jar:/home/user/.m2/repository/org/apache/ratis/ratis-thirdparty-misc/0.2.0/ratis-thirdparty-misc-0.2.0.jar:/home/user/.m2/repository/org/apache/ratis/ratis-proto/0.4.0-2337318-SNAPSHOT/ratis-proto-0.4.0-2337318-SNAPSHOT.jar:/home/user/.m2/repository/org/apache/ratis/ratis-common/0.4.0-2337318-SNAPSHOT/ratis-common-0.4.0-2337318-SNAPSHOT.jar:/home/user/.m2/repository/org/apache/ratis/ratis-client/0.4.0-2337318-SNAPSHOT/ratis-client-0.4.0-2337318-SNAPSHOT.jar:/home/user/.m2/repository/org/apache/ratis/ratis-metrics/0.4.0-2337318-SNAPSHOT/ratis-metrics-0.4.0-2337318-SNAPSHOT.jar:/home/user/.m2/repository/org/apache/ratis/ratis-netty/0.4.0-2337318-SNAPSHOT/ratis-netty-0.4.0-2337318-SNAPSHOT.jar:/home/user/.m2/repository/org/apache/ratis/ratis-grpc/0.4.0-2337318-SNAPSHOT/ratis-grpc-0.4.0-2337318-SNAPSHOT.jar:/home/user/.m2/repository/org/rocksdb/rocksdbjni/6.0.1/rocksdbjni-6.0.1.jar:/home/user/.m2/repository/org/apache/logging/log4j/log4j-api/2.11.0/log4j-api-2.11.0.jar:/home/user/.m2/repository/org/apache/logging/log4j/log4j-core/2.11.0/log4j-core-2.11.0.jar:/home/user/.m2/repository/com/lmax/disruptor/3.4.2/disruptor-3.4.2.jar:/home/user/.m2/repository/org/apache/commons/commons-pool2/2.6.0/commons-pool2-2.6.0.jar:/home/user/.m2/repository/org/bouncycastle/bcpkix-jdk15on/1.60/bcpkix-jdk15on-1.60.jar:/home/user/.m2/repository/commons-validator/commons-validator/1.6/commons-validator-1.6.jar:/home/user/.m2/repository/commons-digester/commons-digester/1.8.1/commons-digester-1.8.1.jar:/home/user/.m2/repository/io/jaegertracing/jaeger-client/0.33.1/jaeger-client-0.33.1.jar:/home/user/.m2/repository/io/jaegertracing/jaeger-thrift/0.33.1/jaeger-thrift-0.33.1.jar:/home/user/.m2/repository/org/apache/thrift/libthrift/0.11.0/libthrift-0.11.0.jar:/home/user/.m2/repository/com/squareup/okhttp3/okhttp/3.9.0/okhttp-3.9.0.jar:/home/user/.m2/repository/com/squareup/okio/okio/1.13.0/okio-1.13.0.jar:/home/user/.m2/repository/io/jaegertracing/jaeger-core/0.33.1/jaeger-core-0.33.1.jar:/home/user/.m2/repository/io/jaegertracing/jaeger-tracerresolver/0.33.1/jaeger-tracerresolver-0.33.1.jar:/home/user/.m2/repository/io/opentracing/contrib/opentracing-tracerresolver/0.1.5/opentracing-tracerresolver-0.1.5.jar:/home/user/.m2/repository/io/opentracing/opentracing-util/0.31.0/opentracing-util-0.31.0.jar:/home/user/.m2/repository/io/opentracing/opentracing-api/0.31.0/opentracing-api-0.31.0.jar:/home/user/.m2/repository/io/opentracing/opentracing-noop/0.31.0/opentracing-noop-0.31.0.jar:/home/user/.m2/repository/org/apache/hadoop/hadoop-hdds-server-framework/0.5.0-SNAPSHOT/hadoop-hdds-server-framework-0.5.0-SNAPSHOT.jar:/home/user/.m2/repository/org/apache/hadoop/hadoop-hdds-container-service/0.5.0-SNAPSHOT/hadoop-hdds-container-service-0.5.0-SNAPSHOT.jar:/home/user/.m2/repository/org/apache/hadoop/hadoop-hdds-client/0.5.0-SNAPSHOT/hadoop-hdds-client-0.5.0-SNAPSHOT.jar:/home/user/.m2/repository/org/apache/hadoop/hadoop-hdds-tools/0.5.0-SNAPSHOT/hadoop-hdds-tools-0.5.0-SNAPSHOT.jar:/home/user/.m2/repository/org/apache/hadoop/hadoop-hdds-server-scm/0.5.0-SNAPSHOT/hadoop-hdds-server-scm-0.5.0-SNAPSHOT.jar:/home/user/.m2/repository/org/apache/hadoop/hadoop-hdds-docs/0.5.0-SNAPSHOT/hadoop-hdds-docs-0.5.0-SNAPSHOT.jar:/home/user/.m2/repository/io/dropwizard/metrics/metrics-core/3.2.4/metrics-core-3.2.4.jar:/home/user/.m2/repository/org/hamcrest/hamcrest-all/1.3/hamcrest-all-1.3.jar:/home/user/.m2/repository/org/bouncycastle/bcprov-jdk15on/1.60/bcprov-jdk15on-1.60.jar:/home/user/.m2/repository/info/picocli/picocli/3.9.6/picocli-3.9.6.jar:/home/user/.m2/repository/com/google/protobuf/protobuf-java/2.5.0/protobuf-java-2.5.0.jar:/home/user/.m2/repository/com/google/guava/guava/11.0.2/guava-11.0.2.jar:/home/user/.m2/repository/org/apache/hadoop/hadoop-ozone-ozone-manager/0.5.0-SNAPSHOT/hadoop-ozone-ozone-manager-0.5.0-SNAPSHOT.jar:/home/user/.m2/repository/org/apache/hadoop/hadoop-minikdc/3.2.0/hadoop-minikdc-3.2.0.jar:/home/user/.m2/repository/commons-io/commons-io/2.5/commons-io-2.5.jar:/home/user/.m2/repository/org/apache/kerby/kerb-simplekdc/1.0.1/kerb-simplekdc-1.0.1.jar:/home/user/.m2/repository/org/apache/kerby/kerb-client/1.0.1/kerb-client-1.0.1.jar:/home/user/.m2/repository/org/apache/kerby/kerby-config/1.0.1/kerby-config-1.0.1.jar:/home/user/.m2/repository/org/apache/kerby/kerb-core/1.0.1/kerb-core-1.0.1.jar:/home/user/.m2/repository/org/apache/kerby/kerby-pkix/1.0.1/kerby-pkix-1.0.1.jar:/home/user/.m2/repository/org/apache/kerby/kerby-asn1/1.0.1/kerby-asn1-1.0.1.jar:/home/user/.m2/repository/org/apache/kerby/kerby-util/1.0.1/kerby-util-1.0.1.jar:/home/user/.m2/repository/org/apache/kerby/kerb-common/1.0.1/kerb-common-1.0.1.jar:/home/user/.m2/repository/org/apache/kerby/kerb-crypto/1.0.1/kerb-crypto-1.0.1.jar:/home/user/.m2/repository/org/apache/kerby/kerb-util/1.0.1/kerb-util-1.0.1.jar:/home/user/.m2/repository/org/apache/kerby/token-provider/1.0.1/token-provider-1.0.1.jar:/home/user/.m2/repository/org/apache/kerby/kerb-admin/1.0.1/kerb-admin-1.0.1.jar:/home/user/.m2/repository/org/apache/kerby/kerb-server/1.0.1/kerb-server-1.0.1.jar:/home/user/.m2/repository/org/apache/kerby/kerb-identity/1.0.1/kerb-identity-1.0.1.jar:/home/user/.m2/repository/org/apache/kerby/kerby-xdr/1.0.1/kerby-xdr-1.0.1.jar:/home/user/.m2/repository/org/slf4j/slf4j-log4j12/1.7.25/slf4j-log4j12-1.7.25.jar:/home/user/.m2/repository/org/apache/hadoop/hadoop-ozone-objectstore-service/0.5.0-SNAPSHOT/hadoop-ozone-objectstore-service-0.5.0-SNAPSHOT.jar:/home/user/.m2/repository/org/apache/hadoop/hadoop-ozone-s3gateway/0.5.0-SNAPSHOT/hadoop-ozone-s3gateway-0.5.0-SNAPSHOT.jar:/home/user/.m2/repository/org/jboss/weld/servlet/weld-servlet/2.4.7.Final/weld-servlet-2.4.7.Final.jar:/home/user/.m2/repository/org/glassfish/jersey/containers/jersey-container-servlet-core/2.27/jersey-container-servlet-core-2.27.jar:/home/user/.m2/repository/org/glassfish/hk2/external/javax.inject/2.5.0-b42/javax.inject-2.5.0-b42.jar:/home/user/.m2/repository/org/glassfish/jersey/core/jersey-common/2.27/jersey-common-2.27.jar:/home/user/.m2/repository/org/glassfish/hk2/osgi-resource-locator/1.0.1/osgi-resource-locator-1.0.1.jar:/home/user/.m2/repository/javax/ws/rs/javax.ws.rs-api/2.1/javax.ws.rs-api-2.1.jar:/home/user/.m2/repository/org/glassfish/jersey/ext/cdi/jersey-cdi1x/2.27/jersey-cdi1x-2.27.jar:/home/user/.m2/repository/org/glassfish/jersey/inject/jersey-hk2/2.27/jersey-hk2-2.27.jar:/home/user/.m2/repository/org/glassfish/hk2/hk2-locator/2.5.0-b42/hk2-locator-2.5.0-b42.jar:/home/user/.m2/repository/org/javassist/javassist/3.22.0-CR2/javassist-3.22.0-CR2.jar:/home/user/.m2/repository/org/glassfish/hk2/hk2-api/2.5.0/hk2-api-2.5.0.jar:/home/user/.m2/repository/org/glassfish/hk2/external/jakarta.inject/2.5.0/jakarta.inject-2.5.0.jar:/home/user/.m2/repository/org/glassfish/hk2/hk2-utils/2.5.0/hk2-utils-2.5.0.jar:/home/user/.m2/repository/jakarta/annotation/jakarta.annotation-api/1.3.4/jakarta.annotation-api-1.3.4.jar:/home/user/.m2/repository/org/glassfish/hk2/external/aopalliance-repackaged/2.5.0/aopalliance-repackaged-2.5.0.jar:/home/user/.m2/repository/com/fasterxml/jackson/dataformat/jackson-dataformat-xml/2.9.0/jackson-dataformat-xml-2.9.0.jar:/home/user/.m2/repository/com/fasterxml/jackson/core/jackson-core/2.9.5/jackson-core-2.9.5.jar:/home/user/.m2/repository/com/fasterxml/jackson/module/jackson-module-jaxb-annotations/2.9.5/jackson-module-jaxb-annotations-2.9.5.jar:/home/user/.m2/repository/javax/enterprise/cdi-api/1.2/cdi-api-1.2.jar:/home/user/.m2/repository/javax/el/javax.el-api/3.0.0/javax.el-api-3.0.0.jar:/home/user/.m2/repository/javax/interceptor/javax.interceptor-api/1.2/javax.interceptor-api-1.2.jar:/home/user/.m2/repository/javax/inject/javax.inject/1/javax.inject-1.jar:/home/user/.m2/repository/com/sun/xml/bind/jaxb-impl/2.3.0.1/jaxb-impl-2.3.0.1.jar:/home/user/.m2/repository/com/sun/xml/bind/jaxb-core/2.3.0.1/jaxb-core-2.3.0.1.jar:/home/user/.m2/repository/javax/xml/bind/jaxb-api/2.3.0/jaxb-api-2.3.0.jar:/home/user/.m2/repository/javax/activation/activation/1.1.1/activation-1.1.1.jar:/home/user/.m2/repository/org/apache/hadoop/hadoop-ozone-csi/0.5.0-SNAPSHOT/hadoop-ozone-csi-0.5.0-SNAPSHOT.jar:/home/user/.m2/repository/com/google/protobuf/protobuf-java-util/3.5.1/protobuf-java-util-3.5.1.jar:/home/user/.m2/repository/org/apache/hadoop/hadoop-hdds-config/0.5.0-SNAPSHOT/hadoop-hdds-config-0.5.0-SNAPSHOT.jar:/home/user/.m2/repository/io/grpc/grpc-netty/1.17.1/grpc-netty-1.17.1.jar:/home/user/.m2/repository/io/grpc/grpc-core/1.17.1/grpc-core-1.17.1.jar:/home/user/.m2/repository/io/grpc/grpc-context/1.17.1/grpc-context-1.17.1.jar:/home/user/.m2/repository/com/google/errorprone/error_prone_annotations/2.2.0/error_prone_annotations-2.2.0.jar:/home/user/.m2/repository/org/codehaus/mojo/animal-sniffer-annotations/1.17/animal-sniffer-annotations-1.17.jar:/home/user/.m2/repository/io/opencensus/opencensus-api/0.17.0/opencensus-api-0.17.0.jar:/home/user/.m2/repository/io/opencensus/opencensus-contrib-grpc-metrics/0.17.0/opencensus-contrib-grpc-metrics-0.17.0.jar:/home/user/.m2/repository/io/netty/netty-codec-http2/4.1.30.Final/netty-codec-http2-4.1.30.Final.jar:/home/user/.m2/repository/io/netty/netty-codec-http/4.1.30.Final/netty-codec-http-4.1.30.Final.jar:/home/user/.m2/repository/io/netty/netty-codec/4.1.30.Final/netty-codec-4.1.30.Final.jar:/home/user/.m2/repository/io/netty/netty-handler/4.1.30.Final/netty-handler-4.1.30.Final.jar:/home/user/.m2/repository/io/netty/netty-handler-proxy/4.1.30.Final/netty-handler-proxy-4.1.30.Final.jar:/home/user/.m2/repository/io/netty/netty-codec-socks/4.1.30.Final/netty-codec-socks-4.1.30.Final.jar:/home/user/.m2/repository/io/netty/netty-transport-native-epoll/4.1.30.Final/netty-transport-native-epoll-4.1.30.Final.jar:/home/user/.m2/repository/io/netty/netty-common/4.1.30.Final/netty-common-4.1.30.Final.jar:/home/user/.m2/repository/io/netty/netty-buffer/4.1.30.Final/netty-buffer-4.1.30.Final.jar:/home/user/.m2/repository/io/netty/netty-transport/4.1.30.Final/netty-transport-4.1.30.Final.jar:/home/user/.m2/repository/io/netty/netty-resolver/4.1.30.Final/netty-resolver-4.1.30.Final.jar:/home/user/.m2/repository/io/netty/netty-transport-native-unix-common/4.1.30.Final/netty-transport-native-unix-common-4.1.30.Final.jar:/home/user/.m2/repository/io/grpc/grpc-protobuf/1.17.1/grpc-protobuf-1.17.1.jar:/home/user/.m2/repository/com/google/api/grpc/proto-google-common-protos/1.0.0/proto-google-common-protos-1.0.0.jar:/home/user/.m2/repository/io/grpc/grpc-protobuf-lite/1.17.1/grpc-protobuf-lite-1.17.1.jar:/home/user/.m2/repository/io/grpc/grpc-stub/1.17.1/grpc-stub-1.17.1.jar:/home/user/.m2/repository/org/apache/hadoop/hadoop-ozone-recon/0.5.0-SNAPSHOT/hadoop-ozone-recon-0.5.0-SNAPSHOT.jar:/home/user/.m2/repository/org/apache/hadoop/hadoop-ozone-reconcodegen/0.5.0-SNAPSHOT/hadoop-ozone-reconcodegen-0.5.0-SNAPSHOT.jar:/home/user/.m2/repository/com/google/inject/extensions/guice-multibindings/4.0/guice-multibindings-4.0.jar:/home/user/.m2/repository/com/google/inject/guice/4.0/guice-4.0.jar:/home/user/.m2/repository/aopalliance/aopalliance/1.0/aopalliance-1.0.jar:/home/user/.m2/repository/com/google/inject/extensions/guice-servlet/4.0/guice-servlet-4.0.jar:/home/user/.m2/repository/org/glassfish/jersey/containers/jersey-container-servlet/2.27/jersey-container-servlet-2.27.jar:/home/user/.m2/repository/org/glassfish/hk2/guice-bridge/2.5.0/guice-bridge-2.5.0.jar:/home/user/.m2/repository/org/glassfish/jersey/core/jersey-server/2.27/jersey-server-2.27.jar:/home/user/.m2/repository/org/glassfish/jersey/core/jersey-client/2.27/jersey-client-2.27.jar:/home/user/.m2/repository/org/glassfish/jersey/media/jersey-media-jaxb/2.27/jersey-media-jaxb-2.27.jar:/home/user/.m2/repository/javax/validation/validation-api/1.1.0.Final/validation-api-1.1.0.Final.jar:/home/user/.m2/repository/org/glassfish/jersey/media/jersey-media-json-jackson/2.27/jersey-media-json-jackson-2.27.jar:/home/user/.m2/repository/org/glassfish/jersey/ext/jersey-entity-filtering/2.27/jersey-entity-filtering-2.27.jar:/home/user/.m2/repository/com/google/inject/extensions/guice-assistedinject/4.0/guice-assistedinject-4.0.jar:/home/user/.m2/repository/org/jooq/jooq/3.11.10/jooq-3.11.10.jar:/home/user/.m2/repository/org/jooq/jooq-meta/3.11.10/jooq-meta-3.11.10.jar:/home/user/.m2/repository/org/jooq/jooq-codegen/3.11.10/jooq-codegen-3.11.10.jar:/home/user/.m2/repository/com/jolbox/bonecp/0.8.0.RELEASE/bonecp-0.8.0.RELEASE.jar:/home/user/.m2/repository/org/xerial/sqlite-jdbc/3.25.2/sqlite-jdbc-3.25.2.jar:/home/user/.m2/repository/org/springframework/spring-jdbc/5.1.3.RELEASE/spring-jdbc-5.1.3.RELEASE.jar:/home/user/.m2/repository/org/springframework/spring-beans/5.1.3.RELEASE/spring-beans-5.1.3.RELEASE.jar:/home/user/.m2/repository/org/springframework/spring-core/5.1.3.RELEASE/spring-core-5.1.3.RELEASE.jar:/home/user/.m2/repository/org/springframework/spring-jcl/5.1.3.RELEASE/spring-jcl-5.1.3.RELEASE.jar:/home/user/.m2/repository/org/springframework/spring-tx/5.1.3.RELEASE/spring-tx-5.1.3.RELEASE.jar:/home/user/.m2/repository/org/apache/hadoop/hadoop-ozone-client/0.5.0-SNAPSHOT/hadoop-ozone-client-0.5.0-SNAPSHOT.jar:/home/user/.m2/repository/commons-lang/commons-lang/2.6/commons-lang-2.6.jar:/home/user/.m2/repository/org/apache/hadoop/hadoop-ozone-ozone-manager/0.5.0-SNAPSHOT/hadoop-ozone-ozone-manager-0.5.0-SNAPSHOT-tests.jar:/home/user/.m2/repository/junit/junit/4.11/junit-4.11.jar:/home/user/.m2/repository/org/hamcrest/hamcrest-core/1.3/hamcrest-core-1.3.jar:/home/user/.m2/repository/org/openjdk/jmh/jmh-core/1.19/jmh-core-1.19.jar:/home/user/.m2/repository/net/sf/jopt-simple/jopt-simple/4.6/jopt-simple-4.6.jar:/home/user/.m2/repository/org/apache/commons/commons-math3/3.1.1/commons-math3-3.1.1.jar:/home/user/.m2/repository/org/openjdk/jmh/jmh-generator-annprocess/1.19/jmh-generator-annprocess-1.19.jar:/home/user/.m2/repository/org/mockito/mockito-all/1.8.5/mockito-all-1.8.5.jar:/home/user/.m2/repository/org/apache/hadoop/hadoop-kms/3.2.0/hadoop-kms-3.2.0.jar:/home/user/.m2/repository/org/apache/hadoop/hadoop-auth/3.2.0/hadoop-auth-3.2.0.jar:/home/user/.m2/repository/com/nimbusds/nimbus-jose-jwt/4.41.1/nimbus-jose-jwt-4.41.1.jar:/home/user/.m2/repository/com/github/stephenc/jcip/jcip-annotations/1.0-1/jcip-annotations-1.0-1.jar:/home/user/.m2/repository/net/minidev/json-smart/2.3/json-smart-2.3.jar:/home/user/.m2/repository/net/minidev/accessors-smart/1.2/accessors-smart-1.2.jar:/home/user/.m2/repository/org/ow2/asm/asm/5.0.4/asm-5.0.4.jar:/home/user/.m2/repository/org/apache/curator/curator-framework/2.12.0/curator-framework-2.12.0.jar:/home/user/.m2/repository/com/sun/jersey/jersey-core/1.19/jersey-core-1.19.jar:/home/user/.m2/repository/javax/ws/rs/jsr311-api/1.1.1/jsr311-api-1.1.1.jar:/home/user/.m2/repository/com/sun/jersey/jersey-server/1.19/jersey-server-1.19.jar:/home/user/.m2/repository/javax/servlet/javax.servlet-api/3.1.0/javax.servlet-api-3.1.0.jar:/home/user/.m2/repository/org/eclipse/jetty/jetty-server/9.3.24.v20180605/jetty-server-9.3.24.v20180605.jar:/home/user/.m2/repository/org/eclipse/jetty/jetty-http/9.3.24.v20180605/jetty-http-9.3.24.v20180605.jar:/home/user/.m2/repository/org/eclipse/jetty/jetty-io/9.3.24.v20180605/jetty-io-9.3.24.v20180605.jar:/home/user/.m2/repository/org/eclipse/jetty/jetty-webapp/9.3.24.v20180605/jetty-webapp-9.3.24.v20180605.jar:/home/user/.m2/repository/org/eclipse/jetty/jetty-xml/9.3.24.v20180605/jetty-xml-9.3.24.v20180605.jar:/home/user/.m2/repository/log4j/log4j/1.2.17/log4j-1.2.17.jar:/home/user/.m2/repository/org/slf4j/slf4j-api/1.7.25/slf4j-api-1.7.25.jar:/home/user/.m2/repository/org/slf4j/jul-to-slf4j/1.7.25/jul-to-slf4j-1.7.25.jar:/home/user/.m2/repository/org/eclipse/jetty/jetty-util/9.3.24.v20180605/jetty-util-9.3.24.v20180605.jar:/home/user/.m2/repository/com/fasterxml/jackson/core/jackson-databind/2.9.5/jackson-databind-2.9.5.jar:/home/user/.m2/repository/org/apache/hadoop/hadoop-kms/3.2.0/hadoop-kms-3.2.0-tests.jar:/home/user/.m2/repository/org/apache/hadoop/hadoop-hdds-server-scm/0.5.0-SNAPSHOT/hadoop-hdds-server-scm-0.5.0-SNAPSHOT-tests.jar:/home/user/.m2/repository/org/apache/hadoop/hadoop-hdds-container-service/0.5.0-SNAPSHOT/hadoop-hdds-container-service-0.5.0-SNAPSHOT-tests.jar:/home/user/.m2/repository/org/yaml/snakeyaml/1.16/snakeyaml-1.16.jar:/home/user/.m2/repository/org/apache/hadoop/hadoop-common/3.2.0/hadoop-common-3.2.0-tests.jar:/home/user/.m2/repository/org/apache/hadoop/hadoop-annotations/3.2.0/hadoop-annotations-3.2.0.jar:/usr/lib/jvm/java-1.8-openjdk/jre/../lib/tools.jar:/home/user/.m2/repository/commons-cli/commons-cli/1.2/commons-cli-1.2.jar:/home/user/.m2/repository/org/apache/httpcomponents/httpclient/4.5.2/httpclient-4.5.2.jar:/home/user/.m2/repository/org/apache/httpcomponents/httpcore/4.4.4/httpcore-4.4.4.jar:/home/user/.m2/repository/commons-codec/commons-codec/1.11/commons-codec-1.11.jar:/home/user/.m2/repository/commons-net/commons-net/3.6/commons-net-3.6.jar:/home/user/.m2/repository/commons-collections/commons-collections/3.2.2/commons-collections-3.2.2.jar:/home/user/.m2/repository/org/eclipse/jetty/jetty-servlet/9.3.24.v20180605/jetty-servlet-9.3.24.v20180605.jar:/home/user/.m2/repository/org/eclipse/jetty/jetty-security/9.3.24.v20180605/jetty-security-9.3.24.v20180605.jar:/home/user/.m2/repository/javax/servlet/jsp/jsp-api/2.1/jsp-api-2.1.jar:/home/user/.m2/repository/com/sun/jersey/jersey-servlet/1.19/jersey-servlet-1.19.jar:/home/user/.m2/repository/com/sun/jersey/jersey-json/1.19/jersey-json-1.19.jar:/home/user/.m2/repository/org/codehaus/jettison/jettison/1.1/jettison-1.1.jar:/home/user/.m2/repository/org/codehaus/jackson/jackson-core-asl/1.9.13/jackson-core-asl-1.9.13.jar:/home/user/.m2/repository/org/codehaus/jackson/jackson-mapper-asl/1.9.13/jackson-mapper-asl-1.9.13.jar:/home/user/.m2/repository/org/codehaus/jackson/jackson-jaxrs/1.9.13/jackson-jaxrs-1.9.13.jar:/home/user/.m2/repository/org/codehaus/jackson/jackson-xc/1.9.13/jackson-xc-1.9.13.jar:/home/user/.m2/repository/commons-logging/commons-logging/1.1.3/commons-logging-1.1.3.jar:/home/user/.m2/repository/commons-beanutils/commons-beanutils/1.9.3/commons-beanutils-1.9.3.jar:/home/user/.m2/repository/org/apache/commons/commons-configuration2/2.1.1/commons-configuration2-2.1.1.jar:/home/user/.m2/repository/org/apache/commons/commons-lang3/3.7/commons-lang3-3.7.jar:/home/user/.m2/repository/org/apache/commons/commons-text/1.4/commons-text-1.4.jar:/home/user/.m2/repository/org/apache/avro/avro/1.7.7/avro-1.7.7.jar:/home/user/.m2/repository/com/thoughtworks/paranamer/paranamer/2.3/paranamer-2.3.jar:/home/user/.m2/repository/org/xerial/snappy/snappy-java/1.0.5/snappy-java-1.0.5.jar:/home/user/.m2/repository/com/google/re2j/re2j/1.1/re2j-1.1.jar:/home/user/.m2/repository/com/google/code/gson/gson/2.2.4/gson-2.2.4.jar:/home/user/.m2/repository/com/jcraft/jsch/0.1.54/jsch-0.1.54.jar:/home/user/.m2/repository/org/apache/curator/curator-client/2.12.0/curator-client-2.12.0.jar:/home/user/.m2/repository/org/apache/curator/curator-recipes/2.12.0/curator-recipes-2.12.0.jar:/home/user/.m2/repository/com/google/code/findbugs/jsr305/3.0.0/jsr305-3.0.0.jar:/home/user/.m2/repository/org/apache/htrace/htrace-core4/4.1.0-incubating/htrace-core4-4.1.0-incubating.jar:/home/user/.m2/repository/org/apache/zookeeper/zookeeper/3.4.13/zookeeper-3.4.13.jar:/home/user/.m2/repository/org/apache/yetus/audience-annotations/0.5.0/audience-annotations-0.5.0.jar:/home/user/.m2/repository/org/codehaus/woodstox/stax2-api/3.1.4/stax2-api-3.1.4.jar:/home/user/.m2/repository/com/fasterxml/woodstox/woodstox-core/5.0.3/woodstox-core-5.0.3.jar:/home/user/.m2/repository/dnsjava/dnsjava/2.1.7/dnsjava-2.1.7.jar:/home/user/.m2/repository/org/apache/hadoop/hadoop-hdfs/3.2.0/hadoop-hdfs-3.2.0-tests.jar:/home/user/.m2/repository/org/eclipse/jetty/jetty-util-ajax/9.3.24.v20180605/jetty-util-ajax-9.3.24.v20180605.jar:/home/user/.m2/repository/commons-daemon/commons-daemon/1.0.13/commons-daemon-1.0.13.jar:/home/user/.m2/repository/io/netty/netty/3.10.5.Final/netty-3.10.5.Final.jar:/home/user/.m2/repository/io/netty/netty-all/4.0.52.Final/netty-all-4.0.52.Final.jar:/home/user/.m2/repository/org/fusesource/leveldbjni/leveldbjni-all/1.8/leveldbjni-all-1.8.jar:"/>
    <property name="sun.cpu.endian" value="little"/>
    <property name="user.home" value="/home/user"/>
    <property name="user.language" value="en"/>
    <property name="java.specification.vendor" value="Oracle Corporation"/>
    <property name="java.home" value="/usr/lib/jvm/java-1.8-openjdk/jre"/>
    <property name="java.security.krb5.conf" value="/workdir/hadoop-ozone/integration-test/target/test-classes/krb5.conf"/>
    <property name="basedir" value="/workdir/hadoop-ozone/integration-test"/>
    <property name="file.separator" value="/"/>
    <property name="line.separator" value="&#10;"/>
    <property name="java.vm.specification.vendor" value="Oracle Corporation"/>
    <property name="java.specification.name" value="Java Platform API Specification"/>
    <property name="java.awt.graphicsenv" value="sun.awt.X11GraphicsEnvironment"/>
    <property name="surefire.real.class.path" value="/workdir/hadoop-ozone/integration-test/target/surefire/surefirebooter6710675163087714166.jar"/>
    <property name="hadoop.log.dir" value="/workdir/hadoop-ozone/integration-test/target/log"/>
    <property name="sun.boot.class.path" value="/usr/lib/jvm/java-1.8-openjdk/jre/lib/resources.jar:/usr/lib/jvm/java-1.8-openjdk/jre/lib/rt.jar:/usr/lib/jvm/java-1.8-openjdk/jre/lib/sunrsasign.jar:/usr/lib/jvm/java-1.8-openjdk/jre/lib/jsse.jar:/usr/lib/jvm/java-1.8-openjdk/jre/lib/jce.jar:/usr/lib/jvm/java-1.8-openjdk/jre/lib/charsets.jar:/usr/lib/jvm/java-1.8-openjdk/jre/lib/jfr.jar:/usr/lib/jvm/java-1.8-openjdk/jre/classes"/>
    <property name="sun.management.compiler" value="HotSpot 64-Bit Tiered Compilers"/>
    <property name="java.runtime.version" value="1.8.0_212-b04"/>
    <property name="java.net.preferIPv4Stack" value="true"/>
    <property name="user.name" value="jenkins1000"/>
    <property name="path.separator" value=":"/>
    <property name="java.security.egd" value="file:///dev/urandom"/>
    <property name="os.version" value="3.10.0-957.12.2.el7.x86_64"/>
    <property name="java.endorsed.dirs" value="/usr/lib/jvm/java-1.8-openjdk/jre/lib/endorsed"/>
    <property name="java.runtime.name" value="OpenJDK Runtime Environment"/>
    <property name="file.encoding" value="UTF-8"/>
    <property name="java.vm.name" value="OpenJDK 64-Bit Server VM"/>
    <property name="test.build.webapps" value=""/>
    <property name="localRepository" value="/home/user/.m2/repository"/>
    <property name="java.vendor.url.bug" value="https://icedtea.classpath.org/bugzilla"/>
    <property name="java.io.tmpdir" value="/tmp"/>
    <property name="require.test.libhadoop" value=""/>
    <property name="java.version" value="1.8.0_212"/>
    <property name="user.dir" value="/workdir/hadoop-ozone/integration-test"/>
    <property name="os.arch" value="amd64"/>
    <property name="java.vm.specification.name" value="Java Virtual Machine Specification"/>
    <property name="test.build.classes" value="/workdir/hadoop-ozone/integration-test/target/test-classes"/>
    <property name="java.awt.printerjob" value="sun.print.PSPrinterJob"/>
    <property name="sun.os.patch.level" value="unknown"/>
    <property name="hadoop.tmp.dir" value="/workdir/hadoop-ozone/integration-test/target/tmp"/>
    <property name="java.library.path" value="/usr/lib/jvm/java-1.8-openjdk/jre/lib/amd64/server:/usr/lib/jvm/java-1.8-openjdk/jre/lib/amd64:/usr/lib/jvm/java-1.8-openjdk/jre/../lib/amd64:/workdir/hadoop-ozone/integration-test/target/native/target/usr/local/lib:/workdir/hadoop-ozone/integration-test/../../hadoop-common-project/hadoop-common/target/native/target/usr/local/lib:/usr/java/packages/lib/amd64:/usr/lib64:/lib64:/lib:/usr/lib"/>
    <property name="java.vm.info" value="mixed mode"/>
    <property name="java.vendor" value="IcedTea"/>
    <property name="java.vm.version" value="25.212-b04"/>
    <property name="java.ext.dirs" value="/usr/lib/jvm/java-1.8-openjdk/jre/lib/ext:/usr/java/packages/lib/ext"/>
    <property name="sun.io.unicode.encoding" value="UnicodeLittle"/>
    <property name="java.class.version" value="52.0"/>
  </properties>
  <testcase name="test2DatanodesFailure" classname="org.apache.hadoop.ozone.client.rpc.TestBlockOutputStreamWithFailures" time="106.557"/>
  <testcase name="testDatanodeFailureWithPreAllocation" classname="org.apache.hadoop.ozone.client.rpc.TestBlockOutputStreamWithFailures" time="230.57"/>
  <testcase name="testDatanodeFailureWithSingleNodeRatis" classname="org.apache.hadoop.ozone.client.rpc.TestBlockOutputStreamWithFailures" time="229.27"/>
  <testcase name="testWatchForCommitWithSingleNodeRatis" classname="org.apache.hadoop.ozone.client.rpc.TestBlockOutputStreamWithFailures" time="34.953"/>
  <testcase name="testWatchForCommitDatanodeFailure" classname="org.apache.hadoop.ozone.client.rpc.TestBlockOutputStreamWithFailures" time="62.695">
    <failure message="expected:&lt;2&gt; but was:&lt;3&gt;" type="java.lang.AssertionError"><![CDATA[java.lang.AssertionError: expected:<2> but was:<3>
	at org.junit.Assert.fail(Assert.java:88)
	at org.junit.Assert.failNotEquals(Assert.java:743)
	at org.junit.Assert.assertEquals(Assert.java:118)
	at org.junit.Assert.assertEquals(Assert.java:555)
	at org.junit.Assert.assertEquals(Assert.java:542)
	at org.apache.hadoop.ozone.client.rpc.TestBlockOutputStreamWithFailures.testWatchForCommitDatanodeFailure(TestBlockOutputStreamWithFailures.java:366)
	at sun.reflect.NativeMethodAccessorImpl.invoke0(Native Method)
	at sun.reflect.NativeMethodAccessorImpl.invoke(NativeMethodAccessorImpl.java:62)
	at sun.reflect.DelegatingMethodAccessorImpl.invoke(DelegatingMethodAccessorImpl.java:43)
	at java.lang.reflect.Method.invoke(Method.java:498)
	at org.junit.runners.model.FrameworkMethod$1.runReflectiveCall(FrameworkMethod.java:47)
	at org.junit.internal.runners.model.ReflectiveCallable.run(ReflectiveCallable.java:12)
	at org.junit.runners.model.FrameworkMethod.invokeExplosively(FrameworkMethod.java:44)
	at org.junit.internal.runners.statements.InvokeMethod.evaluate(InvokeMethod.java:17)
	at org.junit.internal.runners.statements.RunBefores.evaluate(RunBefores.java:26)
	at org.junit.internal.runners.statements.RunAfters.evaluate(RunAfters.java:27)
	at org.junit.runners.ParentRunner.runLeaf(ParentRunner.java:271)
	at org.junit.runners.BlockJUnit4ClassRunner.runChild(BlockJUnit4ClassRunner.java:70)
	at org.junit.runners.BlockJUnit4ClassRunner.runChild(BlockJUnit4ClassRunner.java:50)
	at org.junit.runners.ParentRunner$3.run(ParentRunner.java:238)
	at org.junit.runners.ParentRunner$1.schedule(ParentRunner.java:63)
	at org.junit.runners.ParentRunner.runChildren(ParentRunner.java:236)
	at org.junit.runners.ParentRunner.access$000(ParentRunner.java:53)
	at org.junit.runners.ParentRunner$2.evaluate(ParentRunner.java:229)
	at org.junit.runners.ParentRunner.run(ParentRunner.java:309)
	at org.apache.maven.surefire.junit4.JUnit4Provider.execute(JUnit4Provider.java:365)
	at org.apache.maven.surefire.junit4.JUnit4Provider.executeWithRerun(JUnit4Provider.java:273)
	at org.apache.maven.surefire.junit4.JUnit4Provider.executeTestSet(JUnit4Provider.java:238)
	at org.apache.maven.surefire.junit4.JUnit4Provider.invoke(JUnit4Provider.java:159)
	at org.apache.maven.surefire.booter.ForkedBooter.invokeProviderInSameClassLoader(ForkedBooter.java:384)
	at org.apache.maven.surefire.booter.ForkedBooter.runSuitesInProcess(ForkedBooter.java:345)
	at org.apache.maven.surefire.booter.ForkedBooter.execute(ForkedBooter.java:126)
	at org.apache.maven.surefire.booter.ForkedBooter.main(ForkedBooter.java:418)
]]></failure>
    <system-out><![CDATA[2019-08-30 03:47:38,507 [main] WARN  server.ServerUtils (ServerUtils.java:getScmDbDir(145)) - ozone.scm.db.dirs is not configured. We recommend adding this setting. Falling back to ozone.metadata.dirs instead.
2019-08-30 03:47:38,578 [main] WARN  server.ServerUtils (ServerUtils.java:getScmDbDir(145)) - ozone.scm.db.dirs is not configured. We recommend adding this setting. Falling back to ozone.metadata.dirs instead.
2019-08-30 03:47:38,579 [main] WARN  server.ServerUtils (ServerUtils.java:getScmDbDir(145)) - ozone.scm.db.dirs is not configured. We recommend adding this setting. Falling back to ozone.metadata.dirs instead.
2019-08-30 03:47:38,579 [main] INFO  db.DBStoreBuilder (DBStoreBuilder.java:addTable(110)) - using custom profile for table: deletedBlocks
2019-08-30 03:47:38,580 [main] INFO  db.DBStoreBuilder (DBStoreBuilder.java:processTables(161)) - Using default column profile:DBProfile.DISK for Table:deletedBlocks
2019-08-30 03:47:38,580 [main] INFO  db.DBStoreBuilder (DBStoreBuilder.java:addTable(110)) - using custom profile for table: validCerts
2019-08-30 03:47:38,580 [main] INFO  db.DBStoreBuilder (DBStoreBuilder.java:processTables(161)) - Using default column profile:DBProfile.DISK for Table:validCerts
2019-08-30 03:47:38,580 [main] INFO  db.DBStoreBuilder (DBStoreBuilder.java:addTable(110)) - using custom profile for table: revokedCerts
2019-08-30 03:47:38,581 [main] INFO  db.DBStoreBuilder (DBStoreBuilder.java:processTables(161)) - Using default column profile:DBProfile.DISK for Table:revokedCerts
2019-08-30 03:47:38,581 [main] INFO  db.DBStoreBuilder (DBStoreBuilder.java:addTable(110)) - using custom profile for table: default
2019-08-30 03:47:38,581 [main] INFO  db.DBStoreBuilder (DBStoreBuilder.java:processTables(167)) - Using default column profile:DBProfile.DISK for Table:default
2019-08-30 03:47:38,581 [main] INFO  db.DBStoreBuilder (DBStoreBuilder.java:getDbProfile(198)) - Using default options. DBProfile.DISK
2019-08-30 03:47:39,428 [main] INFO  net.NodeSchemaLoader (NodeSchemaLoader.java:loadSchemaFromFile(125)) - Loading file from sun.misc.CompoundEnumeration@6ad036d6
2019-08-30 03:47:39,428 [main] INFO  net.NodeSchemaLoader (NodeSchemaLoader.java:loadSchema(171)) - Loading network topology layer schema file
2019-08-30 03:47:39,434 [main] INFO  node.SCMNodeManager (SCMNodeManager.java:<init>(122)) - Entering startup safe mode.
2019-08-30 03:47:39,435 [main] INFO  algorithms.ContainerPlacementPolicyFactory (ContainerPlacementPolicyFactory.java:getPolicy(55)) - Create container placement policy of type org.apache.hadoop.hdds.scm.container.placement.algorithms.SCMContainerPlacementRandom
2019-08-30 03:47:39,435 [main] WARN  server.ServerUtils (ServerUtils.java:getScmDbDir(145)) - ozone.scm.db.dirs is not configured. We recommend adding this setting. Falling back to ozone.metadata.dirs instead.
2019-08-30 03:47:39,922 [main] INFO  pipeline.SCMPipelineManager (SCMPipelineManager.java:initializePipelineState(126)) - No pipeline exists in current db
2019-08-30 03:47:39,922 [main] WARN  server.ServerUtils (ServerUtils.java:getScmDbDir(145)) - ozone.scm.db.dirs is not configured. We recommend adding this setting. Falling back to ozone.metadata.dirs instead.
2019-08-30 03:47:40,236 [main] WARN  events.EventQueue (EventQueue.java:fireEvent(175)) - No event handler registered for event TypedEvent{payloadType=SafeModeStatus, name='SafeModeStatus'}
2019-08-30 03:47:40,237 [main] INFO  ipc.CallQueueManager (CallQueueManager.java:<init>(84)) - Using callQueue: class java.util.concurrent.LinkedBlockingQueue, queueCapacity: 2000, scheduler: class org.apache.hadoop.ipc.DefaultRpcScheduler, ipcBackoff: false.
2019-08-30 03:47:40,239 [Socket Reader #1 for port 41734] INFO  ipc.Server (Server.java:run(1074)) - Starting Socket Reader #1 for port 41734
2019-08-30 03:47:40,240 [main] INFO  ipc.CallQueueManager (CallQueueManager.java:<init>(84)) - Using callQueue: class java.util.concurrent.LinkedBlockingQueue, queueCapacity: 2000, scheduler: class org.apache.hadoop.ipc.DefaultRpcScheduler, ipcBackoff: false.
2019-08-30 03:47:40,241 [Socket Reader #1 for port 34645] INFO  ipc.Server (Server.java:run(1074)) - Starting Socket Reader #1 for port 34645
2019-08-30 03:47:40,242 [main] INFO  ipc.CallQueueManager (CallQueueManager.java:<init>(84)) - Using callQueue: class java.util.concurrent.LinkedBlockingQueue, queueCapacity: 2000, scheduler: class org.apache.hadoop.ipc.DefaultRpcScheduler, ipcBackoff: false.
2019-08-30 03:47:40,243 [Socket Reader #1 for port 38621] INFO  ipc.Server (Server.java:run(1074)) - Starting Socket Reader #1 for port 38621
2019-08-30 03:47:40,245 [main] INFO  hdfs.DFSUtil (DFSUtil.java:httpServerTemplateForNNAndJN(1641)) - Starting Web-server for scm at: http://0.0.0.0:0
2019-08-30 03:47:40,247 [main] INFO  server.AuthenticationFilter (AuthenticationFilter.java:constructSecretProvider(240)) - Unable to initialize FileSignerSecretProvider, falling back to use random secrets.
2019-08-30 03:47:40,247 [main] WARN  http.HttpRequestLog (HttpRequestLog.java:getRequestLog(97)) - Jetty request log can only be enabled using Log4j
2019-08-30 03:47:40,249 [main] INFO  http.HttpServer2 (HttpServer2.java:addGlobalFilter(975)) - Added global filter 'safety' (class=org.apache.hadoop.http.HttpServer2$QuotingInputFilter)
2019-08-30 03:47:40,250 [main] INFO  http.HttpServer2 (HttpServer2.java:addFilter(948)) - Added filter static_user_filter (class=org.apache.hadoop.http.lib.StaticUserWebFilter$StaticUserFilter) to context scm
2019-08-30 03:47:40,250 [main] INFO  http.HttpServer2 (HttpServer2.java:addFilter(958)) - Added filter static_user_filter (class=org.apache.hadoop.http.lib.StaticUserWebFilter$StaticUserFilter) to context static
2019-08-30 03:47:40,250 [main] INFO  http.HttpServer2 (HttpServer2.java:addFilter(958)) - Added filter static_user_filter (class=org.apache.hadoop.http.lib.StaticUserWebFilter$StaticUserFilter) to context logs
2019-08-30 03:47:40,253 [main] INFO  server.StorageContainerManager (StorageContainerManager.java:start(759)) - StorageContainerLocationProtocol RPC server is listening at /0.0.0.0:38621
2019-08-30 03:47:40,255 [main] WARN  impl.MetricsConfig (MetricsConfig.java:loadFirst(134)) - Cannot locate configuration: tried hadoop-metrics2-storagecontainermanager.properties,hadoop-metrics2.properties
2019-08-30 03:47:40,256 [main] INFO  impl.MetricsSystemImpl (MetricsSystemImpl.java:startTimer(374)) - Scheduled Metric snapshot period at 10 second(s).
2019-08-30 03:47:40,256 [main] INFO  impl.MetricsSystemImpl (MetricsSystemImpl.java:start(191)) - StorageContainerManager metrics system started
2019-08-30 03:47:40,318 [main] INFO  server.SCMClientProtocolServer (SCMClientProtocolServer.java:start(151)) - RPC server for Client  is listening at /0.0.0.0:38621
2019-08-30 03:47:40,319 [IPC Server Responder] INFO  ipc.Server (Server.java:run(1314)) - IPC Server Responder: starting
2019-08-30 03:47:40,319 [IPC Server listener on 38621] INFO  ipc.Server (Server.java:run(1153)) - IPC Server listener on 38621: starting
2019-08-30 03:47:40,322 [main] INFO  server.StorageContainerManager (StorageContainerManager.java:start(769)) - ScmBlockLocationProtocol RPC server is listening at /0.0.0.0:34645
2019-08-30 03:47:40,322 [main] INFO  server.SCMBlockProtocolServer (SCMBlockProtocolServer.java:start(140)) - RPC server for Block Protocol is listening at /0.0.0.0:34645
2019-08-30 03:47:40,322 [IPC Server Responder] INFO  ipc.Server (Server.java:run(1314)) - IPC Server Responder: starting
2019-08-30 03:47:40,323 [IPC Server listener on 34645] INFO  ipc.Server (Server.java:run(1153)) - IPC Server listener on 34645: starting
2019-08-30 03:47:40,325 [main] INFO  server.StorageContainerManager (StorageContainerManager.java:start(773)) - ScmDatanodeProtocl RPC server is listening at /0.0.0.0:41734
2019-08-30 03:47:40,325 [main] INFO  server.SCMDatanodeProtocolServer (SCMDatanodeProtocolServer.java:start(191)) - RPC server for DataNodes is listening at /0.0.0.0:41734
2019-08-30 03:47:40,326 [IPC Server Responder] INFO  ipc.Server (Server.java:run(1314)) - IPC Server Responder: starting
2019-08-30 03:47:40,326 [IPC Server listener on 41734] INFO  ipc.Server (Server.java:run(1153)) - IPC Server listener on 41734: starting
2019-08-30 03:47:40,329 [main] INFO  http.HttpServer2 (HttpServer2.java:bindListener(1191)) - Jetty bound to port 46815
2019-08-30 03:47:40,329 [main] INFO  server.Server (Server.java:doStart(351)) - jetty-9.3.24.v20180605, build timestamp: 2018-06-05T17:11:56Z, git hash: 84205aa28f11a4f31f2a3b86d1bba2cc8ab69827
2019-08-30 03:47:40,331 [main] INFO  handler.ContextHandler (ContextHandler.java:doStart(781)) - Started o.e.j.s.ServletContextHandler@354ff4f6{/logs,file:///workdir/hadoop-ozone/integration-test/target/log,AVAILABLE}
2019-08-30 03:47:40,332 [main] INFO  handler.ContextHandler (ContextHandler.java:doStart(781)) - Started o.e.j.s.ServletContextHandler@57e35236{/static,file:///workdir/hadoop-ozone/integration-test/target/test-classes/webapps/static,AVAILABLE}
2019-08-30 03:47:40,338 [main] INFO  handler.ContextHandler (ContextHandler.java:doStart(781)) - Started o.e.j.w.WebAppContext@55d35f7a{/,file:///workdir/hadoop-ozone/integration-test/target/test-classes/webapps/scm/,AVAILABLE}{/scm}
2019-08-30 03:47:40,339 [main] INFO  server.AbstractConnector (AbstractConnector.java:doStart(278)) - Started ServerConnector@12ef7db5{HTTP/1.1,[http/1.1]}{0.0.0.0:46815}
2019-08-30 03:47:40,340 [main] INFO  server.Server (Server.java:doStart(419)) - Started @603780ms
2019-08-30 03:47:40,341 [main] INFO  server.BaseHttpServer (BaseHttpServer.java:updateConnectorAddress(213)) - HTTP server of SCM is listening at http://0.0.0.0:46815
2019-08-30 03:47:40,341 [main] WARN  server.ServerUtils (ServerUtils.java:getDBPath(222)) - ozone.om.db.dirs is not configured. We recommend adding this setting. Falling back to ozone.metadata.dirs instead.
2019-08-30 03:47:40,342 [org.apache.hadoop.util.JvmPauseMonitor$Monitor@3a8cc099] INFO  util.JvmPauseMonitor (JvmPauseMonitor.java:run(188)) - Starting JVM pause monitor
2019-08-30 03:47:40,396 [main] WARN  server.ServerUtils (ServerUtils.java:getDBPath(222)) - ozone.om.db.dirs is not configured. We recommend adding this setting. Falling back to ozone.metadata.dirs instead.
2019-08-30 03:47:40,397 [main] WARN  server.ServerUtils (ServerUtils.java:getDBPath(222)) - ozone.om.db.dirs is not configured. We recommend adding this setting. Falling back to ozone.metadata.dirs instead.
2019-08-30 03:47:40,397 [main] INFO  om.OzoneManager (OzoneManager.java:setOMNodeDetails(645)) - OM Service ID is not set. Setting it to the default ID: omServiceIdDefault
2019-08-30 03:47:40,397 [main] INFO  om.OzoneManager (OzoneManager.java:setOMNodeDetails(651)) - OM Node ID is not set. Setting it to the OmStorage's OmID: 7d4beb1c-843a-4d6e-904e-d8eb4170223a
2019-08-30 03:47:40,398 [main] INFO  om.OzoneManager (OzoneManager.java:loadOMHAConfigs(602)) - Found matching OM address with OMServiceId: null, OMNodeId: null, RPC Address: localhost:0 and Ratis port: 9872
2019-08-30 03:47:40,403 | INFO  | SCMAudit | user=jenkins1000 | ip=192.168.36.106 | op=GET_SCM_INFO null | ret=SUCCESS |  
2019-08-30 03:47:40,405 [main] WARN  server.ServerUtils (ServerUtils.java:getDBPath(222)) - ozone.om.db.dirs is not configured. We recommend adding this setting. Falling back to ozone.metadata.dirs instead.
2019-08-30 03:47:40,405 [main] INFO  db.DBStoreBuilder (DBStoreBuilder.java:addTable(110)) - using custom profile for table: userTable
2019-08-30 03:47:40,406 [main] INFO  db.DBStoreBuilder (DBStoreBuilder.java:processTables(161)) - Using default column profile:DBProfile.DISK for Table:userTable
2019-08-30 03:47:40,406 [main] INFO  db.DBStoreBuilder (DBStoreBuilder.java:addTable(110)) - using custom profile for table: volumeTable
2019-08-30 03:47:40,406 [main] INFO  db.DBStoreBuilder (DBStoreBuilder.java:processTables(161)) - Using default column profile:DBProfile.DISK for Table:volumeTable
2019-08-30 03:47:40,406 [main] INFO  db.DBStoreBuilder (DBStoreBuilder.java:addTable(110)) - using custom profile for table: bucketTable
2019-08-30 03:47:40,406 [main] INFO  db.DBStoreBuilder (DBStoreBuilder.java:processTables(161)) - Using default column profile:DBProfile.DISK for Table:bucketTable
2019-08-30 03:47:40,406 [main] INFO  db.DBStoreBuilder (DBStoreBuilder.java:addTable(110)) - using custom profile for table: keyTable
2019-08-30 03:47:40,407 [main] INFO  db.DBStoreBuilder (DBStoreBuilder.java:processTables(161)) - Using default column profile:DBProfile.DISK for Table:keyTable
2019-08-30 03:47:40,407 [main] INFO  db.DBStoreBuilder (DBStoreBuilder.java:addTable(110)) - using custom profile for table: deletedTable
2019-08-30 03:47:40,407 [main] INFO  db.DBStoreBuilder (DBStoreBuilder.java:processTables(161)) - Using default column profile:DBProfile.DISK for Table:deletedTable
2019-08-30 03:47:40,407 [main] INFO  db.DBStoreBuilder (DBStoreBuilder.java:addTable(110)) - using custom profile for table: openKeyTable
2019-08-30 03:47:40,407 [main] INFO  db.DBStoreBuilder (DBStoreBuilder.java:processTables(161)) - Using default column profile:DBProfile.DISK for Table:openKeyTable
2019-08-30 03:47:40,407 [main] INFO  db.DBStoreBuilder (DBStoreBuilder.java:addTable(110)) - using custom profile for table: s3Table
2019-08-30 03:47:40,408 [main] INFO  db.DBStoreBuilder (DBStoreBuilder.java:processTables(161)) - Using default column profile:DBProfile.DISK for Table:s3Table
2019-08-30 03:47:40,408 [main] INFO  db.DBStoreBuilder (DBStoreBuilder.java:addTable(110)) - using custom profile for table: multipartInfoTable
2019-08-30 03:47:40,408 [main] INFO  db.DBStoreBuilder (DBStoreBuilder.java:processTables(161)) - Using default column profile:DBProfile.DISK for Table:multipartInfoTable
2019-08-30 03:47:40,408 [main] INFO  db.DBStoreBuilder (DBStoreBuilder.java:addTable(110)) - using custom profile for table: dTokenTable
2019-08-30 03:47:40,408 [main] INFO  db.DBStoreBuilder (DBStoreBuilder.java:processTables(161)) - Using default column profile:DBProfile.DISK for Table:dTokenTable
2019-08-30 03:47:40,408 [main] INFO  db.DBStoreBuilder (DBStoreBuilder.java:addTable(110)) - using custom profile for table: s3SecretTable
2019-08-30 03:47:40,409 [main] INFO  db.DBStoreBuilder (DBStoreBuilder.java:processTables(161)) - Using default column profile:DBProfile.DISK for Table:s3SecretTable
2019-08-30 03:47:40,409 [main] INFO  db.DBStoreBuilder (DBStoreBuilder.java:addTable(110)) - using custom profile for table: prefixTable
2019-08-30 03:47:40,409 [main] INFO  db.DBStoreBuilder (DBStoreBuilder.java:processTables(161)) - Using default column profile:DBProfile.DISK for Table:prefixTable
2019-08-30 03:47:40,409 [main] INFO  db.DBStoreBuilder (DBStoreBuilder.java:addTable(110)) - using custom profile for table: default
2019-08-30 03:47:40,409 [main] INFO  db.DBStoreBuilder (DBStoreBuilder.java:processTables(167)) - Using default column profile:DBProfile.DISK for Table:default
2019-08-30 03:47:40,409 [main] INFO  db.DBStoreBuilder (DBStoreBuilder.java:getDbProfile(198)) - Using default options. DBProfile.DISK
2019-08-30 03:47:42,395 [main] INFO  ipc.CallQueueManager (CallQueueManager.java:<init>(84)) - Using callQueue: class java.util.concurrent.LinkedBlockingQueue, queueCapacity: 2000, scheduler: class org.apache.hadoop.ipc.DefaultRpcScheduler, ipcBackoff: false.
2019-08-30 03:47:42,396 [Socket Reader #1 for port 43761] INFO  ipc.Server (Server.java:run(1074)) - Starting Socket Reader #1 for port 43761
2019-08-30 03:47:42,412 [main] INFO  om.OzoneManager (OzoneManager.java:start(1256)) - OzoneManager RPC server is listening at localhost/127.0.0.1:43761
2019-08-30 03:47:42,412 [main] INFO  impl.MetricsSystemImpl (MetricsSystemImpl.java:init(158)) - OzoneManager metrics system started (again)
2019-08-30 03:47:42,413 [IPC Server listener on 43761] INFO  ipc.Server (Server.java:run(1153)) - IPC Server listener on 43761: starting
2019-08-30 03:47:42,413 [IPC Server Responder] INFO  ipc.Server (Server.java:run(1314)) - IPC Server Responder: starting
2019-08-30 03:47:42,417 [main] INFO  hdfs.DFSUtil (DFSUtil.java:httpServerTemplateForNNAndJN(1641)) - Starting Web-server for ozoneManager at: http://0.0.0.0:0
2019-08-30 03:47:42,419 [main] INFO  server.AuthenticationFilter (AuthenticationFilter.java:constructSecretProvider(240)) - Unable to initialize FileSignerSecretProvider, falling back to use random secrets.
2019-08-30 03:47:42,419 [main] WARN  http.HttpRequestLog (HttpRequestLog.java:getRequestLog(97)) - Jetty request log can only be enabled using Log4j
2019-08-30 03:47:42,421 [main] INFO  http.HttpServer2 (HttpServer2.java:addGlobalFilter(975)) - Added global filter 'safety' (class=org.apache.hadoop.http.HttpServer2$QuotingInputFilter)
2019-08-30 03:47:42,421 [main] INFO  http.HttpServer2 (HttpServer2.java:addFilter(948)) - Added filter static_user_filter (class=org.apache.hadoop.http.lib.StaticUserWebFilter$StaticUserFilter) to context ozoneManager
2019-08-30 03:47:42,421 [main] INFO  http.HttpServer2 (HttpServer2.java:addFilter(958)) - Added filter static_user_filter (class=org.apache.hadoop.http.lib.StaticUserWebFilter$StaticUserFilter) to context logs
2019-08-30 03:47:42,422 [main] INFO  http.HttpServer2 (HttpServer2.java:addFilter(958)) - Added filter static_user_filter (class=org.apache.hadoop.http.lib.StaticUserWebFilter$StaticUserFilter) to context static
2019-08-30 03:47:42,422 [main] INFO  http.HttpServer2 (HttpServer2.java:bindListener(1191)) - Jetty bound to port 43142
2019-08-30 03:47:42,422 [main] INFO  server.Server (Server.java:doStart(351)) - jetty-9.3.24.v20180605, build timestamp: 2018-06-05T17:11:56Z, git hash: 84205aa28f11a4f31f2a3b86d1bba2cc8ab69827
2019-08-30 03:47:42,425 [main] INFO  handler.ContextHandler (ContextHandler.java:doStart(781)) - Started o.e.j.s.ServletContextHandler@64455184{/logs,file:///workdir/hadoop-ozone/integration-test/target/log,AVAILABLE}
2019-08-30 03:47:42,425 [main] INFO  handler.ContextHandler (ContextHandler.java:doStart(781)) - Started o.e.j.s.ServletContextHandler@48900d4a{/static,file:///workdir/hadoop-ozone/integration-test/target/test-classes/webapps/static,AVAILABLE}
2019-08-30 03:47:42,429 [main] INFO  handler.ContextHandler (ContextHandler.java:doStart(781)) - Started o.e.j.w.WebAppContext@6e6ec9c{/,file:///workdir/hadoop-ozone/integration-test/target/test-classes/webapps/ozoneManager/,AVAILABLE}{/ozoneManager}
2019-08-30 03:47:42,429 [main] INFO  server.AbstractConnector (AbstractConnector.java:doStart(278)) - Started ServerConnector@7aecff85{HTTP/1.1,[http/1.1]}{0.0.0.0:43142}
2019-08-30 03:47:42,430 [main] INFO  server.Server (Server.java:doStart(419)) - Started @605871ms
2019-08-30 03:47:42,431 [main] INFO  server.BaseHttpServer (BaseHttpServer.java:updateConnectorAddress(213)) - HTTP server of OZONEMANAGER is listening at http://0.0.0.0:43142
2019-08-30 03:47:42,452 [main] INFO  impl.MetricsSystemImpl (MetricsSystemImpl.java:init(158)) - HddsDatanode metrics system started (again)
2019-08-30 03:47:42,455 [main] INFO  ozone.HddsDatanodeService (HddsDatanodeService.java:start(184)) - HddsDatanodeService host:pr-hdds-1569-5ldcr-795608406 ip:192.168.36.106
2019-08-30 03:47:42,463 [main] INFO  volume.HddsVolume (HddsVolume.java:<init>(176)) - Creating Volume: /workdir/hadoop-ozone/integration-test/target/test-dir/MiniOzoneClusterImpl-54fb3437-fb27-4fd7-8614-a0b063bd7494/datanode-0/data/containers/hdds of  storage type : DISK and capacity : 1482555576320
2019-08-30 03:47:42,463 [main] INFO  volume.VolumeSet (VolumeSet.java:initializeVolumeSet(170)) - Added Volume : /workdir/hadoop-ozone/integration-test/target/test-dir/MiniOzoneClusterImpl-54fb3437-fb27-4fd7-8614-a0b063bd7494/datanode-0/data/containers/hdds to VolumeSet
2019-08-30 03:47:42,464 [main] INFO  volume.ThrottledAsyncChecker (ThrottledAsyncChecker.java:schedule(140)) - Scheduling a check for org.apache.hadoop.ozone.container.common.volume.HddsVolume@6567de86
2019-08-30 03:47:42,465 [main] INFO  volume.HddsVolumeChecker (HddsVolumeChecker.java:checkAllVolumes(203)) - Scheduled health check for volume org.apache.hadoop.ozone.container.common.volume.HddsVolume@6567de86
2019-08-30 03:47:42,480 [main] INFO  impl.RaftServerProxy (ConfUtils.java:logGet(43)) - raft.rpc.type = GRPC (default)
2019-08-30 03:47:42,481 [main] INFO  grpc.GrpcFactory (GrpcFactory.java:checkPooledByteBufAllocatorUseCacheForAllThreads(45)) - PERFORMANCE WARNING: useCacheForAllThreads is true that may cause Netty to create a lot garbage objects and, as a result, trigger GC.
	It is recommended to disable useCacheForAllThreads by setting -Dorg.apache.ratis.thirdparty.io.netty.allocator.useCacheForAllThreads=false in command line.
2019-08-30 03:47:42,481 [main] INFO  grpc.GrpcConfigKeys$Server (ConfUtils.java:logGet(43)) - raft.grpc.server.port = 0 (default)
2019-08-30 03:47:42,481 [main] INFO  server.GrpcService (ConfUtils.java:logGet(43)) - raft.grpc.message.size.max = 33570816 (custom)
2019-08-30 03:47:42,481 [main] INFO  server.RaftServerConfigKeys (ConfUtils.java:logGet(43)) - raft.server.log.appender.buffer.byte-limit = 33554432 (custom)
2019-08-30 03:47:42,482 [main] INFO  server.GrpcService (ConfUtils.java:logGet(43)) - raft.grpc.flow.control.window = 1MB (=1048576) (default)
2019-08-30 03:47:42,482 [main] INFO  server.RaftServerConfigKeys (ConfUtils.java:logGet(43)) - raft.server.rpc.request.timeout = 3000ms (default)
2019-08-30 03:47:42,482 [main] INFO  server.RaftServerConfigKeys (ConfUtils.java:logGet(43)) - raft.server.storage.dir = [/workdir/hadoop-ozone/integration-test/target/test-dir/MiniOzoneClusterImpl-54fb3437-fb27-4fd7-8614-a0b063bd7494/datanode-0/data/ratis] (custom)
2019-08-30 03:47:42,483 [main] INFO  replication.SimpleContainerDownloader (SimpleContainerDownloader.java:<init>(72)) - Starting container downloader service to copy containers to replicate.
2019-08-30 03:47:42,484 [main] INFO  hdfs.DFSUtil (DFSUtil.java:httpServerTemplateForNNAndJN(1641)) - Starting Web-server for hddsDatanode at: http://0.0.0.0:0
2019-08-30 03:47:42,486 [main] INFO  server.AuthenticationFilter (AuthenticationFilter.java:constructSecretProvider(240)) - Unable to initialize FileSignerSecretProvider, falling back to use random secrets.
2019-08-30 03:47:42,487 [main] WARN  http.HttpRequestLog (HttpRequestLog.java:getRequestLog(97)) - Jetty request log can only be enabled using Log4j
2019-08-30 03:47:42,488 [main] INFO  http.HttpServer2 (HttpServer2.java:addGlobalFilter(975)) - Added global filter 'safety' (class=org.apache.hadoop.http.HttpServer2$QuotingInputFilter)
2019-08-30 03:47:42,489 [main] INFO  http.HttpServer2 (HttpServer2.java:addFilter(948)) - Added filter static_user_filter (class=org.apache.hadoop.http.lib.StaticUserWebFilter$StaticUserFilter) to context hddsDatanode
2019-08-30 03:47:42,489 [main] INFO  http.HttpServer2 (HttpServer2.java:addFilter(958)) - Added filter static_user_filter (class=org.apache.hadoop.http.lib.StaticUserWebFilter$StaticUserFilter) to context static
2019-08-30 03:47:42,489 [main] INFO  http.HttpServer2 (HttpServer2.java:addFilter(958)) - Added filter static_user_filter (class=org.apache.hadoop.http.lib.StaticUserWebFilter$StaticUserFilter) to context logs
2019-08-30 03:47:42,490 [main] INFO  http.HttpServer2 (HttpServer2.java:bindListener(1191)) - Jetty bound to port 44531
2019-08-30 03:47:42,490 [main] INFO  server.Server (Server.java:doStart(351)) - jetty-9.3.24.v20180605, build timestamp: 2018-06-05T17:11:56Z, git hash: 84205aa28f11a4f31f2a3b86d1bba2cc8ab69827
2019-08-30 03:47:42,492 [main] INFO  handler.ContextHandler (ContextHandler.java:doStart(781)) - Started o.e.j.s.ServletContextHandler@22025464{/logs,file:///workdir/hadoop-ozone/integration-test/target/log,AVAILABLE}
2019-08-30 03:47:42,493 [main] INFO  handler.ContextHandler (ContextHandler.java:doStart(781)) - Started o.e.j.s.ServletContextHandler@3a034950{/static,jar:file:/home/user/.m2/repository/org/apache/hadoop/hadoop-hdds-container-service/0.5.0-SNAPSHOT/hadoop-hdds-container-service-0.5.0-SNAPSHOT.jar!/webapps/static,AVAILABLE}
2019-08-30 03:47:42,530 [main] INFO  handler.ContextHandler (ContextHandler.java:doStart(781)) - Started o.e.j.w.WebAppContext@11d474a{/,file:///tmp/jetty-0.0.0.0-44531-hddsDatanode-_-any-3621457435222366652.dir/webapp/,AVAILABLE}{/hddsDatanode}
2019-08-30 03:47:42,530 [main] INFO  server.AbstractConnector (AbstractConnector.java:doStart(278)) - Started ServerConnector@4be6531a{HTTP/1.1,[http/1.1]}{0.0.0.0:44531}
2019-08-30 03:47:42,531 [main] INFO  server.Server (Server.java:doStart(419)) - Started @605972ms
2019-08-30 03:47:42,532 [main] INFO  server.BaseHttpServer (BaseHttpServer.java:updateConnectorAddress(213)) - HTTP server of HDDSDATANODE is listening at http://0.0.0.0:44531
2019-08-30 03:47:42,662 | INFO  | ObjectStoreRestHttpServer | Listening HDDS REST traffic on /0.0.0.0:37613 |  
2019-08-30 03:47:42,662 [main] INFO  ozone.HddsDatanodeService (HddsDatanodeService.java:startPlugins(395)) - Started plug-in org.apache.hadoop.ozone.web.OzoneHddsDatanodeService@386ec37d
2019-08-30 03:47:42,663 [main] INFO  impl.MetricsSystemImpl (MetricsSystemImpl.java:init(158)) - HddsDatanode metrics system started (again)
2019-08-30 03:47:42,664 [org.apache.hadoop.util.JvmPauseMonitor$Monitor@cf65ae2] INFO  util.JvmPauseMonitor (JvmPauseMonitor.java:run(188)) - Starting JVM pause monitor
2019-08-30 03:47:42,665 [main] INFO  ozone.HddsDatanodeService (HddsDatanodeService.java:start(184)) - HddsDatanodeService host:pr-hdds-1569-5ldcr-795608406 ip:192.168.36.106
2019-08-30 03:47:42,666 [Datanode State Machine Thread - 0] INFO  datanode.InitDatanodeState (InitDatanodeState.java:persistContainerDatanodeDetails(140)) - DatanodeDetails is persisted to /workdir/hadoop-ozone/integration-test/target/test-dir/MiniOzoneClusterImpl-54fb3437-fb27-4fd7-8614-a0b063bd7494/datanode-0/meta/datanode.id
2019-08-30 03:47:42,673 [main] INFO  volume.HddsVolume (HddsVolume.java:<init>(176)) - Creating Volume: /workdir/hadoop-ozone/integration-test/target/test-dir/MiniOzoneClusterImpl-54fb3437-fb27-4fd7-8614-a0b063bd7494/datanode-1/data/containers/hdds of  storage type : DISK and capacity : 1482555576320
2019-08-30 03:47:42,675 [main] INFO  volume.VolumeSet (VolumeSet.java:initializeVolumeSet(170)) - Added Volume : /workdir/hadoop-ozone/integration-test/target/test-dir/MiniOzoneClusterImpl-54fb3437-fb27-4fd7-8614-a0b063bd7494/datanode-1/data/containers/hdds to VolumeSet
2019-08-30 03:47:42,675 [main] INFO  volume.ThrottledAsyncChecker (ThrottledAsyncChecker.java:schedule(140)) - Scheduling a check for org.apache.hadoop.ozone.container.common.volume.HddsVolume@5cb654e3
2019-08-30 03:47:42,676 [main] INFO  volume.HddsVolumeChecker (HddsVolumeChecker.java:checkAllVolumes(203)) - Scheduled health check for volume org.apache.hadoop.ozone.container.common.volume.HddsVolume@5cb654e3
2019-08-30 03:47:42,693 [main] INFO  impl.RaftServerProxy (ConfUtils.java:logGet(43)) - raft.rpc.type = GRPC (default)
2019-08-30 03:47:42,693 [main] INFO  grpc.GrpcFactory (GrpcFactory.java:checkPooledByteBufAllocatorUseCacheForAllThreads(45)) - PERFORMANCE WARNING: useCacheForAllThreads is true that may cause Netty to create a lot garbage objects and, as a result, trigger GC.
	It is recommended to disable useCacheForAllThreads by setting -Dorg.apache.ratis.thirdparty.io.netty.allocator.useCacheForAllThreads=false in command line.
2019-08-30 03:47:42,693 [main] INFO  grpc.GrpcConfigKeys$Server (ConfUtils.java:logGet(43)) - raft.grpc.server.port = 0 (default)
2019-08-30 03:47:42,693 [main] INFO  server.GrpcService (ConfUtils.java:logGet(43)) - raft.grpc.message.size.max = 33570816 (custom)
2019-08-30 03:47:42,694 [main] INFO  server.RaftServerConfigKeys (ConfUtils.java:logGet(43)) - raft.server.log.appender.buffer.byte-limit = 33554432 (custom)
2019-08-30 03:47:42,694 [main] INFO  server.GrpcService (ConfUtils.java:logGet(43)) - raft.grpc.flow.control.window = 1MB (=1048576) (default)
2019-08-30 03:47:42,694 [main] INFO  server.RaftServerConfigKeys (ConfUtils.java:logGet(43)) - raft.server.rpc.request.timeout = 3000ms (default)
2019-08-30 03:47:42,695 [main] INFO  server.RaftServerConfigKeys (ConfUtils.java:logGet(43)) - raft.server.storage.dir = [/workdir/hadoop-ozone/integration-test/target/test-dir/MiniOzoneClusterImpl-54fb3437-fb27-4fd7-8614-a0b063bd7494/datanode-1/data/ratis] (custom)
2019-08-30 03:47:42,695 [main] INFO  replication.SimpleContainerDownloader (SimpleContainerDownloader.java:<init>(72)) - Starting container downloader service to copy containers to replicate.
2019-08-30 03:47:42,697 [main] INFO  hdfs.DFSUtil (DFSUtil.java:httpServerTemplateForNNAndJN(1641)) - Starting Web-server for hddsDatanode at: http://0.0.0.0:0
2019-08-30 03:47:42,698 [main] INFO  server.AuthenticationFilter (AuthenticationFilter.java:constructSecretProvider(240)) - Unable to initialize FileSignerSecretProvider, falling back to use random secrets.
2019-08-30 03:47:42,699 [main] WARN  http.HttpRequestLog (HttpRequestLog.java:getRequestLog(97)) - Jetty request log can only be enabled using Log4j
2019-08-30 03:47:42,700 [main] INFO  http.HttpServer2 (HttpServer2.java:addGlobalFilter(975)) - Added global filter 'safety' (class=org.apache.hadoop.http.HttpServer2$QuotingInputFilter)
2019-08-30 03:47:42,701 [main] INFO  http.HttpServer2 (HttpServer2.java:addFilter(948)) - Added filter static_user_filter (class=org.apache.hadoop.http.lib.StaticUserWebFilter$StaticUserFilter) to context hddsDatanode
2019-08-30 03:47:42,701 [main] INFO  http.HttpServer2 (HttpServer2.java:addFilter(958)) - Added filter static_user_filter (class=org.apache.hadoop.http.lib.StaticUserWebFilter$StaticUserFilter) to context logs
2019-08-30 03:47:42,701 [main] INFO  http.HttpServer2 (HttpServer2.java:addFilter(958)) - Added filter static_user_filter (class=org.apache.hadoop.http.lib.StaticUserWebFilter$StaticUserFilter) to context static
2019-08-30 03:47:42,702 [main] INFO  http.HttpServer2 (HttpServer2.java:bindListener(1191)) - Jetty bound to port 38755
2019-08-30 03:47:42,702 [main] INFO  server.Server (Server.java:doStart(351)) - jetty-9.3.24.v20180605, build timestamp: 2018-06-05T17:11:56Z, git hash: 84205aa28f11a4f31f2a3b86d1bba2cc8ab69827
2019-08-30 03:47:42,703 [main] INFO  handler.ContextHandler (ContextHandler.java:doStart(781)) - Started o.e.j.s.ServletContextHandler@329b4b8b{/logs,file:///workdir/hadoop-ozone/integration-test/target/log,AVAILABLE}
2019-08-30 03:47:42,704 [main] INFO  handler.ContextHandler (ContextHandler.java:doStart(781)) - Started o.e.j.s.ServletContextHandler@77a13162{/static,jar:file:/home/user/.m2/repository/org/apache/hadoop/hadoop-hdds-container-service/0.5.0-SNAPSHOT/hadoop-hdds-container-service-0.5.0-SNAPSHOT.jar!/webapps/static,AVAILABLE}
2019-08-30 03:47:42,733 [main] INFO  handler.ContextHandler (ContextHandler.java:doStart(781)) - Started o.e.j.w.WebAppContext@59fa5a39{/,file:///tmp/jetty-0.0.0.0-38755-hddsDatanode-_-any-1371462869530745729.dir/webapp/,AVAILABLE}{/hddsDatanode}
2019-08-30 03:47:42,734 [main] INFO  server.AbstractConnector (AbstractConnector.java:doStart(278)) - Started ServerConnector@6dccdc50{HTTP/1.1,[http/1.1]}{0.0.0.0:38755}
2019-08-30 03:47:42,735 [main] INFO  server.Server (Server.java:doStart(419)) - Started @606175ms
2019-08-30 03:47:42,736 [main] INFO  server.BaseHttpServer (BaseHttpServer.java:updateConnectorAddress(213)) - HTTP server of HDDSDATANODE is listening at http://0.0.0.0:38755
2019-08-30 03:47:42,860 | INFO  | ObjectStoreRestHttpServer | Listening HDDS REST traffic on /0.0.0.0:35813 |  
2019-08-30 03:47:42,860 [main] INFO  ozone.HddsDatanodeService (HddsDatanodeService.java:startPlugins(395)) - Started plug-in org.apache.hadoop.ozone.web.OzoneHddsDatanodeService@402d45c6
2019-08-30 03:47:42,861 [main] INFO  impl.MetricsSystemImpl (MetricsSystemImpl.java:init(158)) - HddsDatanode metrics system started (again)
2019-08-30 03:47:43,037 [org.apache.hadoop.util.JvmPauseMonitor$Monitor@10fe48c1] INFO  util.JvmPauseMonitor (JvmPauseMonitor.java:run(188)) - Starting JVM pause monitor
2019-08-30 03:47:43,098 [main] INFO  ozone.HddsDatanodeService (HddsDatanodeService.java:start(184)) - HddsDatanodeService host:pr-hdds-1569-5ldcr-795608406 ip:192.168.36.106
2019-08-30 03:47:43,102 [Datanode State Machine Thread - 0] INFO  datanode.InitDatanodeState (InitDatanodeState.java:persistContainerDatanodeDetails(140)) - DatanodeDetails is persisted to /workdir/hadoop-ozone/integration-test/target/test-dir/MiniOzoneClusterImpl-54fb3437-fb27-4fd7-8614-a0b063bd7494/datanode-1/meta/datanode.id
2019-08-30 03:47:43,109 [main] INFO  volume.HddsVolume (HddsVolume.java:<init>(176)) - Creating Volume: /workdir/hadoop-ozone/integration-test/target/test-dir/MiniOzoneClusterImpl-54fb3437-fb27-4fd7-8614-a0b063bd7494/datanode-2/data/containers/hdds of  storage type : DISK and capacity : 1482555576320
2019-08-30 03:47:43,110 [main] INFO  volume.VolumeSet (VolumeSet.java:initializeVolumeSet(170)) - Added Volume : /workdir/hadoop-ozone/integration-test/target/test-dir/MiniOzoneClusterImpl-54fb3437-fb27-4fd7-8614-a0b063bd7494/datanode-2/data/containers/hdds to VolumeSet
2019-08-30 03:47:43,111 [main] INFO  volume.ThrottledAsyncChecker (ThrottledAsyncChecker.java:schedule(140)) - Scheduling a check for org.apache.hadoop.ozone.container.common.volume.HddsVolume@4f9191c1
2019-08-30 03:47:43,112 [main] INFO  volume.HddsVolumeChecker (HddsVolumeChecker.java:checkAllVolumes(203)) - Scheduled health check for volume org.apache.hadoop.ozone.container.common.volume.HddsVolume@4f9191c1
2019-08-30 03:47:43,131 [main] INFO  impl.RaftServerProxy (ConfUtils.java:logGet(43)) - raft.rpc.type = GRPC (default)
2019-08-30 03:47:43,132 [main] INFO  grpc.GrpcFactory (GrpcFactory.java:checkPooledByteBufAllocatorUseCacheForAllThreads(45)) - PERFORMANCE WARNING: useCacheForAllThreads is true that may cause Netty to create a lot garbage objects and, as a result, trigger GC.
	It is recommended to disable useCacheForAllThreads by setting -Dorg.apache.ratis.thirdparty.io.netty.allocator.useCacheForAllThreads=false in command line.
2019-08-30 03:47:43,132 [main] INFO  grpc.GrpcConfigKeys$Server (ConfUtils.java:logGet(43)) - raft.grpc.server.port = 0 (default)
2019-08-30 03:47:43,133 [main] INFO  server.GrpcService (ConfUtils.java:logGet(43)) - raft.grpc.message.size.max = 33570816 (custom)
2019-08-30 03:47:43,133 [main] INFO  server.RaftServerConfigKeys (ConfUtils.java:logGet(43)) - raft.server.log.appender.buffer.byte-limit = 33554432 (custom)
2019-08-30 03:47:43,133 [main] INFO  server.GrpcService (ConfUtils.java:logGet(43)) - raft.grpc.flow.control.window = 1MB (=1048576) (default)
2019-08-30 03:47:43,133 [main] INFO  server.RaftServerConfigKeys (ConfUtils.java:logGet(43)) - raft.server.rpc.request.timeout = 3000ms (default)
2019-08-30 03:47:43,134 [main] INFO  server.RaftServerConfigKeys (ConfUtils.java:logGet(43)) - raft.server.storage.dir = [/workdir/hadoop-ozone/integration-test/target/test-dir/MiniOzoneClusterImpl-54fb3437-fb27-4fd7-8614-a0b063bd7494/datanode-2/data/ratis] (custom)
2019-08-30 03:47:43,134 [main] INFO  replication.SimpleContainerDownloader (SimpleContainerDownloader.java:<init>(72)) - Starting container downloader service to copy containers to replicate.
2019-08-30 03:47:43,136 [main] INFO  hdfs.DFSUtil (DFSUtil.java:httpServerTemplateForNNAndJN(1641)) - Starting Web-server for hddsDatanode at: http://0.0.0.0:0
2019-08-30 03:47:43,140 [main] INFO  server.AuthenticationFilter (AuthenticationFilter.java:constructSecretProvider(240)) - Unable to initialize FileSignerSecretProvider, falling back to use random secrets.
2019-08-30 03:47:43,140 [main] WARN  http.HttpRequestLog (HttpRequestLog.java:getRequestLog(97)) - Jetty request log can only be enabled using Log4j
2019-08-30 03:47:43,142 [main] INFO  http.HttpServer2 (HttpServer2.java:addGlobalFilter(975)) - Added global filter 'safety' (class=org.apache.hadoop.http.HttpServer2$QuotingInputFilter)
2019-08-30 03:47:43,142 [main] INFO  http.HttpServer2 (HttpServer2.java:addFilter(948)) - Added filter static_user_filter (class=org.apache.hadoop.http.lib.StaticUserWebFilter$StaticUserFilter) to context hddsDatanode
2019-08-30 03:47:43,142 [main] INFO  http.HttpServer2 (HttpServer2.java:addFilter(958)) - Added filter static_user_filter (class=org.apache.hadoop.http.lib.StaticUserWebFilter$StaticUserFilter) to context static
2019-08-30 03:47:43,142 [main] INFO  http.HttpServer2 (HttpServer2.java:addFilter(958)) - Added filter static_user_filter (class=org.apache.hadoop.http.lib.StaticUserWebFilter$StaticUserFilter) to context logs
2019-08-30 03:47:43,143 [main] INFO  http.HttpServer2 (HttpServer2.java:bindListener(1191)) - Jetty bound to port 45653
2019-08-30 03:47:43,143 [main] INFO  server.Server (Server.java:doStart(351)) - jetty-9.3.24.v20180605, build timestamp: 2018-06-05T17:11:56Z, git hash: 84205aa28f11a4f31f2a3b86d1bba2cc8ab69827
2019-08-30 03:47:43,145 [main] INFO  handler.ContextHandler (ContextHandler.java:doStart(781)) - Started o.e.j.s.ServletContextHandler@77c7d3f4{/logs,file:///workdir/hadoop-ozone/integration-test/target/log,AVAILABLE}
2019-08-30 03:47:43,146 [main] INFO  handler.ContextHandler (ContextHandler.java:doStart(781)) - Started o.e.j.s.ServletContextHandler@644f033d{/static,jar:file:/home/user/.m2/repository/org/apache/hadoop/hadoop-hdds-container-service/0.5.0-SNAPSHOT/hadoop-hdds-container-service-0.5.0-SNAPSHOT.jar!/webapps/static,AVAILABLE}
2019-08-30 03:47:43,178 [main] INFO  handler.ContextHandler (ContextHandler.java:doStart(781)) - Started o.e.j.w.WebAppContext@2199e1a4{/,file:///tmp/jetty-0.0.0.0-45653-hddsDatanode-_-any-7511320137598143520.dir/webapp/,AVAILABLE}{/hddsDatanode}
2019-08-30 03:47:43,178 [main] INFO  server.AbstractConnector (AbstractConnector.java:doStart(278)) - Started ServerConnector@1c63b39a{HTTP/1.1,[http/1.1]}{0.0.0.0:45653}
2019-08-30 03:47:43,179 [main] INFO  server.Server (Server.java:doStart(419)) - Started @606620ms
2019-08-30 03:47:43,180 [main] INFO  server.BaseHttpServer (BaseHttpServer.java:updateConnectorAddress(213)) - HTTP server of HDDSDATANODE is listening at http://0.0.0.0:45653
2019-08-30 03:47:43,301 | INFO  | ObjectStoreRestHttpServer | Listening HDDS REST traffic on /0.0.0.0:33272 |  
2019-08-30 03:47:43,301 [main] INFO  ozone.HddsDatanodeService (HddsDatanodeService.java:startPlugins(395)) - Started plug-in org.apache.hadoop.ozone.web.OzoneHddsDatanodeService@67b5da40
2019-08-30 03:47:43,302 [main] INFO  impl.MetricsSystemImpl (MetricsSystemImpl.java:init(158)) - HddsDatanode metrics system started (again)
2019-08-30 03:47:43,304 [org.apache.hadoop.util.JvmPauseMonitor$Monitor@593b44ab] INFO  util.JvmPauseMonitor (JvmPauseMonitor.java:run(188)) - Starting JVM pause monitor
2019-08-30 03:47:43,305 [main] INFO  ozone.HddsDatanodeService (HddsDatanodeService.java:start(184)) - HddsDatanodeService host:pr-hdds-1569-5ldcr-795608406 ip:192.168.36.106
2019-08-30 03:47:43,305 [Datanode State Machine Thread - 0] INFO  datanode.InitDatanodeState (InitDatanodeState.java:persistContainerDatanodeDetails(140)) - DatanodeDetails is persisted to /workdir/hadoop-ozone/integration-test/target/test-dir/MiniOzoneClusterImpl-54fb3437-fb27-4fd7-8614-a0b063bd7494/datanode-2/meta/datanode.id
2019-08-30 03:47:43,314 [main] INFO  volume.HddsVolume (HddsVolume.java:<init>(176)) - Creating Volume: /workdir/hadoop-ozone/integration-test/target/test-dir/MiniOzoneClusterImpl-54fb3437-fb27-4fd7-8614-a0b063bd7494/datanode-3/data/containers/hdds of  storage type : DISK and capacity : 1482555576320
2019-08-30 03:47:43,314 [main] INFO  volume.VolumeSet (VolumeSet.java:initializeVolumeSet(170)) - Added Volume : /workdir/hadoop-ozone/integration-test/target/test-dir/MiniOzoneClusterImpl-54fb3437-fb27-4fd7-8614-a0b063bd7494/datanode-3/data/containers/hdds to VolumeSet
2019-08-30 03:47:43,315 [main] INFO  volume.ThrottledAsyncChecker (ThrottledAsyncChecker.java:schedule(140)) - Scheduling a check for org.apache.hadoop.ozone.container.common.volume.HddsVolume@402fcf14
2019-08-30 03:47:43,315 [main] INFO  volume.HddsVolumeChecker (HddsVolumeChecker.java:checkAllVolumes(203)) - Scheduled health check for volume org.apache.hadoop.ozone.container.common.volume.HddsVolume@402fcf14
2019-08-30 03:47:43,331 [main] INFO  impl.RaftServerProxy (ConfUtils.java:logGet(43)) - raft.rpc.type = GRPC (default)
2019-08-30 03:47:43,332 [main] INFO  grpc.GrpcFactory (GrpcFactory.java:checkPooledByteBufAllocatorUseCacheForAllThreads(45)) - PERFORMANCE WARNING: useCacheForAllThreads is true that may cause Netty to create a lot garbage objects and, as a result, trigger GC.
	It is recommended to disable useCacheForAllThreads by setting -Dorg.apache.ratis.thirdparty.io.netty.allocator.useCacheForAllThreads=false in command line.
2019-08-30 03:47:43,332 [main] INFO  grpc.GrpcConfigKeys$Server (ConfUtils.java:logGet(43)) - raft.grpc.server.port = 0 (default)
2019-08-30 03:47:43,332 [main] INFO  server.GrpcService (ConfUtils.java:logGet(43)) - raft.grpc.message.size.max = 33570816 (custom)
2019-08-30 03:47:43,332 [main] INFO  server.RaftServerConfigKeys (ConfUtils.java:logGet(43)) - raft.server.log.appender.buffer.byte-limit = 33554432 (custom)
2019-08-30 03:47:43,332 [main] INFO  server.GrpcService (ConfUtils.java:logGet(43)) - raft.grpc.flow.control.window = 1MB (=1048576) (default)
2019-08-30 03:47:43,333 [main] INFO  server.RaftServerConfigKeys (ConfUtils.java:logGet(43)) - raft.server.rpc.request.timeout = 3000ms (default)
2019-08-30 03:47:43,333 [main] INFO  server.RaftServerConfigKeys (ConfUtils.java:logGet(43)) - raft.server.storage.dir = [/workdir/hadoop-ozone/integration-test/target/test-dir/MiniOzoneClusterImpl-54fb3437-fb27-4fd7-8614-a0b063bd7494/datanode-3/data/ratis] (custom)
2019-08-30 03:47:43,333 [main] INFO  replication.SimpleContainerDownloader (SimpleContainerDownloader.java:<init>(72)) - Starting container downloader service to copy containers to replicate.
2019-08-30 03:47:43,334 [main] INFO  hdfs.DFSUtil (DFSUtil.java:httpServerTemplateForNNAndJN(1641)) - Starting Web-server for hddsDatanode at: http://0.0.0.0:0
2019-08-30 03:47:43,335 [main] INFO  server.AuthenticationFilter (AuthenticationFilter.java:constructSecretProvider(240)) - Unable to initialize FileSignerSecretProvider, falling back to use random secrets.
2019-08-30 03:47:43,336 [main] WARN  http.HttpRequestLog (HttpRequestLog.java:getRequestLog(97)) - Jetty request log can only be enabled using Log4j
2019-08-30 03:47:43,337 [main] INFO  http.HttpServer2 (HttpServer2.java:addGlobalFilter(975)) - Added global filter 'safety' (class=org.apache.hadoop.http.HttpServer2$QuotingInputFilter)
2019-08-30 03:47:43,337 [main] INFO  http.HttpServer2 (HttpServer2.java:addFilter(948)) - Added filter static_user_filter (class=org.apache.hadoop.http.lib.StaticUserWebFilter$StaticUserFilter) to context hddsDatanode
2019-08-30 03:47:43,337 [main] INFO  http.HttpServer2 (HttpServer2.java:addFilter(958)) - Added filter static_user_filter (class=org.apache.hadoop.http.lib.StaticUserWebFilter$StaticUserFilter) to context static
2019-08-30 03:47:43,337 [main] INFO  http.HttpServer2 (HttpServer2.java:addFilter(958)) - Added filter static_user_filter (class=org.apache.hadoop.http.lib.StaticUserWebFilter$StaticUserFilter) to context logs
2019-08-30 03:47:43,338 [main] INFO  http.HttpServer2 (HttpServer2.java:bindListener(1191)) - Jetty bound to port 45183
2019-08-30 03:47:43,338 [main] INFO  server.Server (Server.java:doStart(351)) - jetty-9.3.24.v20180605, build timestamp: 2018-06-05T17:11:56Z, git hash: 84205aa28f11a4f31f2a3b86d1bba2cc8ab69827
2019-08-30 03:47:43,339 [main] INFO  handler.ContextHandler (ContextHandler.java:doStart(781)) - Started o.e.j.s.ServletContextHandler@37e7e089{/logs,file:///workdir/hadoop-ozone/integration-test/target/log,AVAILABLE}
2019-08-30 03:47:43,340 [main] INFO  handler.ContextHandler (ContextHandler.java:doStart(781)) - Started o.e.j.s.ServletContextHandler@2b3ac26d{/static,jar:file:/home/user/.m2/repository/org/apache/hadoop/hadoop-hdds-container-service/0.5.0-SNAPSHOT/hadoop-hdds-container-service-0.5.0-SNAPSHOT.jar!/webapps/static,AVAILABLE}
2019-08-30 03:47:43,366 [main] INFO  handler.ContextHandler (ContextHandler.java:doStart(781)) - Started o.e.j.w.WebAppContext@4ac7927a{/,file:///tmp/jetty-0.0.0.0-45183-hddsDatanode-_-any-4117293715350500554.dir/webapp/,AVAILABLE}{/hddsDatanode}
2019-08-30 03:47:43,367 [main] INFO  server.AbstractConnector (AbstractConnector.java:doStart(278)) - Started ServerConnector@25bfc558{HTTP/1.1,[http/1.1]}{0.0.0.0:45183}
2019-08-30 03:47:43,368 [main] INFO  server.Server (Server.java:doStart(419)) - Started @606809ms
2019-08-30 03:47:43,369 [main] INFO  server.BaseHttpServer (BaseHttpServer.java:updateConnectorAddress(213)) - HTTP server of HDDSDATANODE is listening at http://0.0.0.0:45183
2019-08-30 03:47:43,504 | INFO  | ObjectStoreRestHttpServer | Listening HDDS REST traffic on /0.0.0.0:32863 |  
2019-08-30 03:47:43,505 [main] INFO  ozone.HddsDatanodeService (HddsDatanodeService.java:startPlugins(395)) - Started plug-in org.apache.hadoop.ozone.web.OzoneHddsDatanodeService@77c8b276
2019-08-30 03:47:43,505 [main] INFO  impl.MetricsSystemImpl (MetricsSystemImpl.java:init(158)) - HddsDatanode metrics system started (again)
2019-08-30 03:47:43,509 [main] INFO  ozone.HddsDatanodeService (HddsDatanodeService.java:start(184)) - HddsDatanodeService host:pr-hdds-1569-5ldcr-795608406 ip:192.168.36.106
2019-08-30 03:47:43,509 [org.apache.hadoop.util.JvmPauseMonitor$Monitor@7c1980be] INFO  util.JvmPauseMonitor (JvmPauseMonitor.java:run(188)) - Starting JVM pause monitor
2019-08-30 03:47:43,512 [Datanode State Machine Thread - 0] INFO  datanode.InitDatanodeState (InitDatanodeState.java:persistContainerDatanodeDetails(140)) - DatanodeDetails is persisted to /workdir/hadoop-ozone/integration-test/target/test-dir/MiniOzoneClusterImpl-54fb3437-fb27-4fd7-8614-a0b063bd7494/datanode-3/meta/datanode.id
2019-08-30 03:47:43,520 [main] INFO  volume.HddsVolume (HddsVolume.java:<init>(176)) - Creating Volume: /workdir/hadoop-ozone/integration-test/target/test-dir/MiniOzoneClusterImpl-54fb3437-fb27-4fd7-8614-a0b063bd7494/datanode-4/data/containers/hdds of  storage type : DISK and capacity : 1482555576320
2019-08-30 03:47:43,520 [main] INFO  volume.VolumeSet (VolumeSet.java:initializeVolumeSet(170)) - Added Volume : /workdir/hadoop-ozone/integration-test/target/test-dir/MiniOzoneClusterImpl-54fb3437-fb27-4fd7-8614-a0b063bd7494/datanode-4/data/containers/hdds to VolumeSet
2019-08-30 03:47:43,520 [main] INFO  volume.ThrottledAsyncChecker (ThrottledAsyncChecker.java:schedule(140)) - Scheduling a check for org.apache.hadoop.ozone.container.common.volume.HddsVolume@3459ccd9
2019-08-30 03:47:43,521 [main] INFO  volume.HddsVolumeChecker (HddsVolumeChecker.java:checkAllVolumes(203)) - Scheduled health check for volume org.apache.hadoop.ozone.container.common.volume.HddsVolume@3459ccd9
2019-08-30 03:47:43,535 [main] INFO  impl.RaftServerProxy (ConfUtils.java:logGet(43)) - raft.rpc.type = GRPC (default)
2019-08-30 03:47:43,535 [main] INFO  grpc.GrpcFactory (GrpcFactory.java:checkPooledByteBufAllocatorUseCacheForAllThreads(45)) - PERFORMANCE WARNING: useCacheForAllThreads is true that may cause Netty to create a lot garbage objects and, as a result, trigger GC.
	It is recommended to disable useCacheForAllThreads by setting -Dorg.apache.ratis.thirdparty.io.netty.allocator.useCacheForAllThreads=false in command line.
2019-08-30 03:47:43,535 [main] INFO  grpc.GrpcConfigKeys$Server (ConfUtils.java:logGet(43)) - raft.grpc.server.port = 0 (default)
2019-08-30 03:47:43,535 [main] INFO  server.GrpcService (ConfUtils.java:logGet(43)) - raft.grpc.message.size.max = 33570816 (custom)
2019-08-30 03:47:43,536 [main] INFO  server.RaftServerConfigKeys (ConfUtils.java:logGet(43)) - raft.server.log.appender.buffer.byte-limit = 33554432 (custom)
2019-08-30 03:47:43,536 [main] INFO  server.GrpcService (ConfUtils.java:logGet(43)) - raft.grpc.flow.control.window = 1MB (=1048576) (default)
2019-08-30 03:47:43,536 [main] INFO  server.RaftServerConfigKeys (ConfUtils.java:logGet(43)) - raft.server.rpc.request.timeout = 3000ms (default)
2019-08-30 03:47:43,536 [main] INFO  server.RaftServerConfigKeys (ConfUtils.java:logGet(43)) - raft.server.storage.dir = [/workdir/hadoop-ozone/integration-test/target/test-dir/MiniOzoneClusterImpl-54fb3437-fb27-4fd7-8614-a0b063bd7494/datanode-4/data/ratis] (custom)
2019-08-30 03:47:43,537 [main] INFO  replication.SimpleContainerDownloader (SimpleContainerDownloader.java:<init>(72)) - Starting container downloader service to copy containers to replicate.
2019-08-30 03:47:43,538 [main] INFO  hdfs.DFSUtil (DFSUtil.java:httpServerTemplateForNNAndJN(1641)) - Starting Web-server for hddsDatanode at: http://0.0.0.0:0
2019-08-30 03:47:43,539 [main] INFO  server.AuthenticationFilter (AuthenticationFilter.java:constructSecretProvider(240)) - Unable to initialize FileSignerSecretProvider, falling back to use random secrets.
2019-08-30 03:47:43,539 [main] WARN  http.HttpRequestLog (HttpRequestLog.java:getRequestLog(97)) - Jetty request log can only be enabled using Log4j
2019-08-30 03:47:43,540 [main] INFO  http.HttpServer2 (HttpServer2.java:addGlobalFilter(975)) - Added global filter 'safety' (class=org.apache.hadoop.http.HttpServer2$QuotingInputFilter)
2019-08-30 03:47:43,541 [main] INFO  http.HttpServer2 (HttpServer2.java:addFilter(948)) - Added filter static_user_filter (class=org.apache.hadoop.http.lib.StaticUserWebFilter$StaticUserFilter) to context hddsDatanode
2019-08-30 03:47:43,541 [main] INFO  http.HttpServer2 (HttpServer2.java:addFilter(958)) - Added filter static_user_filter (class=org.apache.hadoop.http.lib.StaticUserWebFilter$StaticUserFilter) to context logs
2019-08-30 03:47:43,541 [main] INFO  http.HttpServer2 (HttpServer2.java:addFilter(958)) - Added filter static_user_filter (class=org.apache.hadoop.http.lib.StaticUserWebFilter$StaticUserFilter) to context static
2019-08-30 03:47:43,542 [main] INFO  http.HttpServer2 (HttpServer2.java:bindListener(1191)) - Jetty bound to port 38914
2019-08-30 03:47:43,542 [main] INFO  server.Server (Server.java:doStart(351)) - jetty-9.3.24.v20180605, build timestamp: 2018-06-05T17:11:56Z, git hash: 84205aa28f11a4f31f2a3b86d1bba2cc8ab69827
2019-08-30 03:47:43,543 [main] INFO  handler.ContextHandler (ContextHandler.java:doStart(781)) - Started o.e.j.s.ServletContextHandler@5854e526{/logs,file:///workdir/hadoop-ozone/integration-test/target/log,AVAILABLE}
2019-08-30 03:47:43,544 [main] INFO  handler.ContextHandler (ContextHandler.java:doStart(781)) - Started o.e.j.s.ServletContextHandler@6872201{/static,jar:file:/home/user/.m2/repository/org/apache/hadoop/hadoop-hdds-container-service/0.5.0-SNAPSHOT/hadoop-hdds-container-service-0.5.0-SNAPSHOT.jar!/webapps/static,AVAILABLE}
2019-08-30 03:47:43,568 [main] INFO  handler.ContextHandler (ContextHandler.java:doStart(781)) - Started o.e.j.w.WebAppContext@2daf650b{/,file:///tmp/jetty-0.0.0.0-38914-hddsDatanode-_-any-8086778700153464879.dir/webapp/,AVAILABLE}{/hddsDatanode}
2019-08-30 03:47:43,568 [main] INFO  server.AbstractConnector (AbstractConnector.java:doStart(278)) - Started ServerConnector@4d7a4317{HTTP/1.1,[http/1.1]}{0.0.0.0:38914}
2019-08-30 03:47:43,570 [main] INFO  server.Server (Server.java:doStart(419)) - Started @607010ms
2019-08-30 03:47:43,571 [main] INFO  server.BaseHttpServer (BaseHttpServer.java:updateConnectorAddress(213)) - HTTP server of HDDSDATANODE is listening at http://0.0.0.0:38914
2019-08-30 03:47:43,719 | INFO  | ObjectStoreRestHttpServer | Listening HDDS REST traffic on /0.0.0.0:39334 |  
2019-08-30 03:47:43,719 [main] INFO  ozone.HddsDatanodeService (HddsDatanodeService.java:startPlugins(395)) - Started plug-in org.apache.hadoop.ozone.web.OzoneHddsDatanodeService@19305a7c
2019-08-30 03:47:43,720 [main] INFO  impl.MetricsSystemImpl (MetricsSystemImpl.java:init(158)) - HddsDatanode metrics system started (again)
2019-08-30 03:47:43,723 [org.apache.hadoop.util.JvmPauseMonitor$Monitor@d74c6aa] INFO  util.JvmPauseMonitor (JvmPauseMonitor.java:run(188)) - Starting JVM pause monitor
2019-08-30 03:47:43,723 [main] INFO  ozone.HddsDatanodeService (HddsDatanodeService.java:start(184)) - HddsDatanodeService host:pr-hdds-1569-5ldcr-795608406 ip:192.168.36.106
2019-08-30 03:47:43,725 [Datanode State Machine Thread - 0] INFO  datanode.InitDatanodeState (InitDatanodeState.java:persistContainerDatanodeDetails(140)) - DatanodeDetails is persisted to /workdir/hadoop-ozone/integration-test/target/test-dir/MiniOzoneClusterImpl-54fb3437-fb27-4fd7-8614-a0b063bd7494/datanode-4/meta/datanode.id
2019-08-30 03:47:43,731 [main] INFO  volume.HddsVolume (HddsVolume.java:<init>(176)) - Creating Volume: /workdir/hadoop-ozone/integration-test/target/test-dir/MiniOzoneClusterImpl-54fb3437-fb27-4fd7-8614-a0b063bd7494/datanode-5/data/containers/hdds of  storage type : DISK and capacity : 1482555576320
2019-08-30 03:47:43,732 [main] INFO  volume.VolumeSet (VolumeSet.java:initializeVolumeSet(170)) - Added Volume : /workdir/hadoop-ozone/integration-test/target/test-dir/MiniOzoneClusterImpl-54fb3437-fb27-4fd7-8614-a0b063bd7494/datanode-5/data/containers/hdds to VolumeSet
2019-08-30 03:47:43,732 [main] INFO  volume.ThrottledAsyncChecker (ThrottledAsyncChecker.java:schedule(140)) - Scheduling a check for org.apache.hadoop.ozone.container.common.volume.HddsVolume@21b508a0
2019-08-30 03:47:43,732 [main] INFO  volume.HddsVolumeChecker (HddsVolumeChecker.java:checkAllVolumes(203)) - Scheduled health check for volume org.apache.hadoop.ozone.container.common.volume.HddsVolume@21b508a0
2019-08-30 03:47:43,753 [main] INFO  impl.RaftServerProxy (ConfUtils.java:logGet(43)) - raft.rpc.type = GRPC (default)
2019-08-30 03:47:43,753 [main] INFO  grpc.GrpcFactory (GrpcFactory.java:checkPooledByteBufAllocatorUseCacheForAllThreads(45)) - PERFORMANCE WARNING: useCacheForAllThreads is true that may cause Netty to create a lot garbage objects and, as a result, trigger GC.
	It is recommended to disable useCacheForAllThreads by setting -Dorg.apache.ratis.thirdparty.io.netty.allocator.useCacheForAllThreads=false in command line.
2019-08-30 03:47:43,753 [main] INFO  grpc.GrpcConfigKeys$Server (ConfUtils.java:logGet(43)) - raft.grpc.server.port = 0 (default)
2019-08-30 03:47:43,754 [main] INFO  server.GrpcService (ConfUtils.java:logGet(43)) - raft.grpc.message.size.max = 33570816 (custom)
2019-08-30 03:47:43,754 [main] INFO  server.RaftServerConfigKeys (ConfUtils.java:logGet(43)) - raft.server.log.appender.buffer.byte-limit = 33554432 (custom)
2019-08-30 03:47:43,754 [main] INFO  server.GrpcService (ConfUtils.java:logGet(43)) - raft.grpc.flow.control.window = 1MB (=1048576) (default)
2019-08-30 03:47:43,755 [main] INFO  server.RaftServerConfigKeys (ConfUtils.java:logGet(43)) - raft.server.rpc.request.timeout = 3000ms (default)
2019-08-30 03:47:43,755 [main] INFO  server.RaftServerConfigKeys (ConfUtils.java:logGet(43)) - raft.server.storage.dir = [/workdir/hadoop-ozone/integration-test/target/test-dir/MiniOzoneClusterImpl-54fb3437-fb27-4fd7-8614-a0b063bd7494/datanode-5/data/ratis] (custom)
2019-08-30 03:47:43,756 [main] INFO  replication.SimpleContainerDownloader (SimpleContainerDownloader.java:<init>(72)) - Starting container downloader service to copy containers to replicate.
2019-08-30 03:47:43,757 [main] INFO  hdfs.DFSUtil (DFSUtil.java:httpServerTemplateForNNAndJN(1641)) - Starting Web-server for hddsDatanode at: http://0.0.0.0:0
2019-08-30 03:47:43,759 [main] INFO  server.AuthenticationFilter (AuthenticationFilter.java:constructSecretProvider(240)) - Unable to initialize FileSignerSecretProvider, falling back to use random secrets.
2019-08-30 03:47:43,759 [main] WARN  http.HttpRequestLog (HttpRequestLog.java:getRequestLog(97)) - Jetty request log can only be enabled using Log4j
2019-08-30 03:47:43,761 [main] INFO  http.HttpServer2 (HttpServer2.java:addGlobalFilter(975)) - Added global filter 'safety' (class=org.apache.hadoop.http.HttpServer2$QuotingInputFilter)
2019-08-30 03:47:43,761 [main] INFO  http.HttpServer2 (HttpServer2.java:addFilter(948)) - Added filter static_user_filter (class=org.apache.hadoop.http.lib.StaticUserWebFilter$StaticUserFilter) to context hddsDatanode
2019-08-30 03:47:43,761 [main] INFO  http.HttpServer2 (HttpServer2.java:addFilter(958)) - Added filter static_user_filter (class=org.apache.hadoop.http.lib.StaticUserWebFilter$StaticUserFilter) to context static
2019-08-30 03:47:43,762 [main] INFO  http.HttpServer2 (HttpServer2.java:addFilter(958)) - Added filter static_user_filter (class=org.apache.hadoop.http.lib.StaticUserWebFilter$StaticUserFilter) to context logs
2019-08-30 03:47:43,762 [main] INFO  http.HttpServer2 (HttpServer2.java:bindListener(1191)) - Jetty bound to port 34406
2019-08-30 03:47:43,762 [main] INFO  server.Server (Server.java:doStart(351)) - jetty-9.3.24.v20180605, build timestamp: 2018-06-05T17:11:56Z, git hash: 84205aa28f11a4f31f2a3b86d1bba2cc8ab69827
2019-08-30 03:47:43,764 [main] INFO  handler.ContextHandler (ContextHandler.java:doStart(781)) - Started o.e.j.s.ServletContextHandler@22912968{/logs,file:///workdir/hadoop-ozone/integration-test/target/log,AVAILABLE}
2019-08-30 03:47:43,764 [main] INFO  handler.ContextHandler (ContextHandler.java:doStart(781)) - Started o.e.j.s.ServletContextHandler@65402e26{/static,jar:file:/home/user/.m2/repository/org/apache/hadoop/hadoop-hdds-container-service/0.5.0-SNAPSHOT/hadoop-hdds-container-service-0.5.0-SNAPSHOT.jar!/webapps/static,AVAILABLE}
2019-08-30 03:47:43,788 [main] INFO  handler.ContextHandler (ContextHandler.java:doStart(781)) - Started o.e.j.w.WebAppContext@5ba4735c{/,file:///tmp/jetty-0.0.0.0-34406-hddsDatanode-_-any-3576092492946145703.dir/webapp/,AVAILABLE}{/hddsDatanode}
2019-08-30 03:47:43,789 [main] INFO  server.AbstractConnector (AbstractConnector.java:doStart(278)) - Started ServerConnector@70b437bb{HTTP/1.1,[http/1.1]}{0.0.0.0:34406}
2019-08-30 03:47:43,791 [main] INFO  server.Server (Server.java:doStart(419)) - Started @607231ms
2019-08-30 03:47:43,791 [main] INFO  server.BaseHttpServer (BaseHttpServer.java:updateConnectorAddress(213)) - HTTP server of HDDSDATANODE is listening at http://0.0.0.0:34406
2019-08-30 03:47:43,903 | INFO  | ObjectStoreRestHttpServer | Listening HDDS REST traffic on /0.0.0.0:41746 |  
2019-08-30 03:47:43,903 [main] INFO  ozone.HddsDatanodeService (HddsDatanodeService.java:startPlugins(395)) - Started plug-in org.apache.hadoop.ozone.web.OzoneHddsDatanodeService@1368e451
2019-08-30 03:47:43,904 [main] INFO  impl.MetricsSystemImpl (MetricsSystemImpl.java:init(158)) - HddsDatanode metrics system started (again)
2019-08-30 03:47:43,907 [org.apache.hadoop.util.JvmPauseMonitor$Monitor@7209c530] INFO  util.JvmPauseMonitor (JvmPauseMonitor.java:run(188)) - Starting JVM pause monitor
2019-08-30 03:47:43,908 [main] INFO  ozone.HddsDatanodeService (HddsDatanodeService.java:start(184)) - HddsDatanodeService host:pr-hdds-1569-5ldcr-795608406 ip:192.168.36.106
2019-08-30 03:47:43,909 [Datanode State Machine Thread - 0] INFO  datanode.InitDatanodeState (InitDatanodeState.java:persistContainerDatanodeDetails(140)) - DatanodeDetails is persisted to /workdir/hadoop-ozone/integration-test/target/test-dir/MiniOzoneClusterImpl-54fb3437-fb27-4fd7-8614-a0b063bd7494/datanode-5/meta/datanode.id
2019-08-30 03:47:43,915 [main] INFO  volume.HddsVolume (HddsVolume.java:<init>(176)) - Creating Volume: /workdir/hadoop-ozone/integration-test/target/test-dir/MiniOzoneClusterImpl-54fb3437-fb27-4fd7-8614-a0b063bd7494/datanode-6/data/containers/hdds of  storage type : DISK and capacity : 1482555576320
2019-08-30 03:47:43,916 [main] INFO  volume.VolumeSet (VolumeSet.java:initializeVolumeSet(170)) - Added Volume : /workdir/hadoop-ozone/integration-test/target/test-dir/MiniOzoneClusterImpl-54fb3437-fb27-4fd7-8614-a0b063bd7494/datanode-6/data/containers/hdds to VolumeSet
2019-08-30 03:47:43,916 [main] INFO  volume.ThrottledAsyncChecker (ThrottledAsyncChecker.java:schedule(140)) - Scheduling a check for org.apache.hadoop.ozone.container.common.volume.HddsVolume@10522dfd
2019-08-30 03:47:43,916 [main] INFO  volume.HddsVolumeChecker (HddsVolumeChecker.java:checkAllVolumes(203)) - Scheduled health check for volume org.apache.hadoop.ozone.container.common.volume.HddsVolume@10522dfd
2019-08-30 03:47:43,930 [main] INFO  impl.RaftServerProxy (ConfUtils.java:logGet(43)) - raft.rpc.type = GRPC (default)
2019-08-30 03:47:43,931 [main] INFO  grpc.GrpcFactory (GrpcFactory.java:checkPooledByteBufAllocatorUseCacheForAllThreads(45)) - PERFORMANCE WARNING: useCacheForAllThreads is true that may cause Netty to create a lot garbage objects and, as a result, trigger GC.
	It is recommended to disable useCacheForAllThreads by setting -Dorg.apache.ratis.thirdparty.io.netty.allocator.useCacheForAllThreads=false in command line.
2019-08-30 03:47:43,931 [main] INFO  grpc.GrpcConfigKeys$Server (ConfUtils.java:logGet(43)) - raft.grpc.server.port = 0 (default)
2019-08-30 03:47:43,931 [main] INFO  server.GrpcService (ConfUtils.java:logGet(43)) - raft.grpc.message.size.max = 33570816 (custom)
2019-08-30 03:47:43,931 [main] INFO  server.RaftServerConfigKeys (ConfUtils.java:logGet(43)) - raft.server.log.appender.buffer.byte-limit = 33554432 (custom)
2019-08-30 03:47:43,932 [main] INFO  server.GrpcService (ConfUtils.java:logGet(43)) - raft.grpc.flow.control.window = 1MB (=1048576) (default)
2019-08-30 03:47:43,932 [main] INFO  server.RaftServerConfigKeys (ConfUtils.java:logGet(43)) - raft.server.rpc.request.timeout = 3000ms (default)
2019-08-30 03:47:43,932 [main] INFO  server.RaftServerConfigKeys (ConfUtils.java:logGet(43)) - raft.server.storage.dir = [/workdir/hadoop-ozone/integration-test/target/test-dir/MiniOzoneClusterImpl-54fb3437-fb27-4fd7-8614-a0b063bd7494/datanode-6/data/ratis] (custom)
2019-08-30 03:47:43,933 [main] INFO  replication.SimpleContainerDownloader (SimpleContainerDownloader.java:<init>(72)) - Starting container downloader service to copy containers to replicate.
2019-08-30 03:47:43,934 [main] INFO  hdfs.DFSUtil (DFSUtil.java:httpServerTemplateForNNAndJN(1641)) - Starting Web-server for hddsDatanode at: http://0.0.0.0:0
2019-08-30 03:47:43,936 [main] INFO  server.AuthenticationFilter (AuthenticationFilter.java:constructSecretProvider(240)) - Unable to initialize FileSignerSecretProvider, falling back to use random secrets.
2019-08-30 03:47:43,937 [main] WARN  http.HttpRequestLog (HttpRequestLog.java:getRequestLog(97)) - Jetty request log can only be enabled using Log4j
2019-08-30 03:47:43,938 [main] INFO  http.HttpServer2 (HttpServer2.java:addGlobalFilter(975)) - Added global filter 'safety' (class=org.apache.hadoop.http.HttpServer2$QuotingInputFilter)
2019-08-30 03:47:43,939 [main] INFO  http.HttpServer2 (HttpServer2.java:addFilter(948)) - Added filter static_user_filter (class=org.apache.hadoop.http.lib.StaticUserWebFilter$StaticUserFilter) to context hddsDatanode
2019-08-30 03:47:43,939 [main] INFO  http.HttpServer2 (HttpServer2.java:addFilter(958)) - Added filter static_user_filter (class=org.apache.hadoop.http.lib.StaticUserWebFilter$StaticUserFilter) to context static
2019-08-30 03:47:43,939 [main] INFO  http.HttpServer2 (HttpServer2.java:addFilter(958)) - Added filter static_user_filter (class=org.apache.hadoop.http.lib.StaticUserWebFilter$StaticUserFilter) to context logs
2019-08-30 03:47:43,940 [main] INFO  http.HttpServer2 (HttpServer2.java:bindListener(1191)) - Jetty bound to port 45608
2019-08-30 03:47:43,940 [main] INFO  server.Server (Server.java:doStart(351)) - jetty-9.3.24.v20180605, build timestamp: 2018-06-05T17:11:56Z, git hash: 84205aa28f11a4f31f2a3b86d1bba2cc8ab69827
2019-08-30 03:47:43,942 [main] INFO  handler.ContextHandler (ContextHandler.java:doStart(781)) - Started o.e.j.s.ServletContextHandler@407956a5{/logs,file:///workdir/hadoop-ozone/integration-test/target/log,AVAILABLE}
2019-08-30 03:47:43,942 [main] INFO  handler.ContextHandler (ContextHandler.java:doStart(781)) - Started o.e.j.s.ServletContextHandler@32a7c583{/static,jar:file:/home/user/.m2/repository/org/apache/hadoop/hadoop-hdds-container-service/0.5.0-SNAPSHOT/hadoop-hdds-container-service-0.5.0-SNAPSHOT.jar!/webapps/static,AVAILABLE}
2019-08-30 03:47:43,969 [main] INFO  handler.ContextHandler (ContextHandler.java:doStart(781)) - Started o.e.j.w.WebAppContext@3f1eb1bc{/,file:///tmp/jetty-0.0.0.0-45608-hddsDatanode-_-any-1190716776678222231.dir/webapp/,AVAILABLE}{/hddsDatanode}
2019-08-30 03:47:43,969 [main] INFO  server.AbstractConnector (AbstractConnector.java:doStart(278)) - Started ServerConnector@69497a36{HTTP/1.1,[http/1.1]}{0.0.0.0:45608}
2019-08-30 03:47:43,977 [main] INFO  server.Server (Server.java:doStart(419)) - Started @607417ms
2019-08-30 03:47:43,977 [main] INFO  server.BaseHttpServer (BaseHttpServer.java:updateConnectorAddress(213)) - HTTP server of HDDSDATANODE is listening at http://0.0.0.0:45608
2019-08-30 03:47:44,100 | INFO  | ObjectStoreRestHttpServer | Listening HDDS REST traffic on /0.0.0.0:42775 |  
2019-08-30 03:47:44,100 [main] INFO  ozone.HddsDatanodeService (HddsDatanodeService.java:startPlugins(395)) - Started plug-in org.apache.hadoop.ozone.web.OzoneHddsDatanodeService@6903bec9
2019-08-30 03:47:44,101 [main] INFO  ozone.MiniOzoneClusterImpl (MiniOzoneClusterImpl.java:lambda$waitForClusterToBeReady$0(142)) - Waiting for cluster to be ready. Got 0 of 7 DN Heartbeats.
2019-08-30 03:47:44,102 [org.apache.hadoop.util.JvmPauseMonitor$Monitor@2e688423] INFO  util.JvmPauseMonitor (JvmPauseMonitor.java:run(188)) - Starting JVM pause monitor
2019-08-30 03:47:44,103 [Datanode State Machine Thread - 0] INFO  datanode.InitDatanodeState (InitDatanodeState.java:persistContainerDatanodeDetails(140)) - DatanodeDetails is persisted to /workdir/hadoop-ozone/integration-test/target/test-dir/MiniOzoneClusterImpl-54fb3437-fb27-4fd7-8614-a0b063bd7494/datanode-6/meta/datanode.id
2019-08-30 03:47:44,718 | INFO  | SCMAudit | user=jenkins1000 | ip=192.168.36.106 | op=GET_VERSION null | ret=SUCCESS |  
2019-08-30 03:47:44,763 [Datanode State Machine Thread - 0] INFO  ozoneimpl.OzoneContainer (OzoneContainer.java:start(186)) - Attempting to start container services.
2019-08-30 03:47:44,763 [Datanode State Machine Thread - 0] INFO  ozoneimpl.OzoneContainer (OzoneContainer.java:startContainerScrub(160)) - Background container scrubber has been disabled by hdds.containerscrub.enabled
2019-08-30 03:47:44,763 [Datanode State Machine Thread - 0] INFO  ratis.XceiverServerRatis (XceiverServerRatis.java:start(404)) - Starting XceiverServerRatis 2f6b521d-5d5d-44f9-9b20-650b7881613d at port 0
2019-08-30 03:47:44,769 [Datanode State Machine Thread - 0] INFO  impl.RaftServerProxy (RaftServerProxy.java:lambda$start$3(299)) - 2f6b521d-5d5d-44f9-9b20-650b7881613d: start RPC server
2019-08-30 03:47:44,771 [Datanode State Machine Thread - 0] INFO  server.GrpcService (GrpcService.java:startImpl(149)) - 2f6b521d-5d5d-44f9-9b20-650b7881613d: GrpcService started, listening on 0.0.0.0/0.0.0.0:34675
2019-08-30 03:47:44,771 [Datanode State Machine Thread - 0] INFO  ratis.XceiverServerRatis (XceiverServerRatis.java:start(414)) - XceiverServerRatis 2f6b521d-5d5d-44f9-9b20-650b7881613d is started using port 34675
2019-08-30 03:47:44,771 [Datanode State Machine Thread - 0] INFO  server.XceiverServerGrpc (XceiverServerGrpc.java:start(163)) - XceiverServerGrpc 2f6b521d-5d5d-44f9-9b20-650b7881613d is started using port 44244
2019-08-30 03:47:44,863 | INFO  | SCMAudit | user=jenkins1000 | ip=192.168.36.106 | op=GET_VERSION null | ret=SUCCESS |  
2019-08-30 03:47:44,935 [Datanode State Machine Thread - 0] INFO  ozoneimpl.OzoneContainer (OzoneContainer.java:start(186)) - Attempting to start container services.
2019-08-30 03:47:44,935 [Datanode State Machine Thread - 0] INFO  ozoneimpl.OzoneContainer (OzoneContainer.java:startContainerScrub(160)) - Background container scrubber has been disabled by hdds.containerscrub.enabled
2019-08-30 03:47:44,935 [Datanode State Machine Thread - 0] INFO  ratis.XceiverServerRatis (XceiverServerRatis.java:start(404)) - Starting XceiverServerRatis be188c32-466c-43f9-97ae-301f6c786ce6 at port 0
2019-08-30 03:47:44,940 [Datanode State Machine Thread - 0] INFO  impl.RaftServerProxy (RaftServerProxy.java:lambda$start$3(299)) - be188c32-466c-43f9-97ae-301f6c786ce6: start RPC server
2019-08-30 03:47:44,941 [Datanode State Machine Thread - 0] INFO  server.GrpcService (GrpcService.java:startImpl(149)) - be188c32-466c-43f9-97ae-301f6c786ce6: GrpcService started, listening on 0.0.0.0/0.0.0.0:46026
2019-08-30 03:47:44,941 [Datanode State Machine Thread - 0] INFO  ratis.XceiverServerRatis (XceiverServerRatis.java:start(414)) - XceiverServerRatis be188c32-466c-43f9-97ae-301f6c786ce6 is started using port 46026
2019-08-30 03:47:44,941 [Datanode State Machine Thread - 0] INFO  server.XceiverServerGrpc (XceiverServerGrpc.java:start(163)) - XceiverServerGrpc be188c32-466c-43f9-97ae-301f6c786ce6 is started using port 39730
2019-08-30 03:47:45,101 [main] INFO  ozone.MiniOzoneClusterImpl (MiniOzoneClusterImpl.java:lambda$waitForClusterToBeReady$0(142)) - Waiting for cluster to be ready. Got 0 of 7 DN Heartbeats.
2019-08-30 03:47:45,304 | INFO  | SCMAudit | user=jenkins1000 | ip=192.168.36.106 | op=GET_VERSION null | ret=SUCCESS |  
2019-08-30 03:47:45,310 [Datanode State Machine Thread - 0] INFO  ozoneimpl.OzoneContainer (OzoneContainer.java:start(186)) - Attempting to start container services.
2019-08-30 03:47:45,311 [Datanode State Machine Thread - 0] INFO  ozoneimpl.OzoneContainer (OzoneContainer.java:startContainerScrub(160)) - Background container scrubber has been disabled by hdds.containerscrub.enabled
2019-08-30 03:47:45,311 [Datanode State Machine Thread - 0] INFO  ratis.XceiverServerRatis (XceiverServerRatis.java:start(404)) - Starting XceiverServerRatis 411242e4-7603-4235-b66c-08546d6d220d at port 0
2019-08-30 03:47:45,315 [Datanode State Machine Thread - 0] INFO  impl.RaftServerProxy (RaftServerProxy.java:lambda$start$3(299)) - 411242e4-7603-4235-b66c-08546d6d220d: start RPC server
2019-08-30 03:47:45,316 [Datanode State Machine Thread - 0] INFO  server.GrpcService (GrpcService.java:startImpl(149)) - 411242e4-7603-4235-b66c-08546d6d220d: GrpcService started, listening on 0.0.0.0/0.0.0.0:35846
2019-08-30 03:47:45,316 [Datanode State Machine Thread - 0] INFO  ratis.XceiverServerRatis (XceiverServerRatis.java:start(414)) - XceiverServerRatis 411242e4-7603-4235-b66c-08546d6d220d is started using port 35846
2019-08-30 03:47:45,316 [Datanode State Machine Thread - 0] INFO  server.XceiverServerGrpc (XceiverServerGrpc.java:start(163)) - XceiverServerGrpc 411242e4-7603-4235-b66c-08546d6d220d is started using port 44232
2019-08-30 03:47:45,510 | INFO  | SCMAudit | user=jenkins1000 | ip=192.168.36.106 | op=GET_VERSION null | ret=SUCCESS |  
2019-08-30 03:47:45,515 [Datanode State Machine Thread - 0] INFO  ozoneimpl.OzoneContainer (OzoneContainer.java:start(186)) - Attempting to start container services.
2019-08-30 03:47:45,515 [Datanode State Machine Thread - 0] INFO  ozoneimpl.OzoneContainer (OzoneContainer.java:startContainerScrub(160)) - Background container scrubber has been disabled by hdds.containerscrub.enabled
2019-08-30 03:47:45,515 [Datanode State Machine Thread - 0] INFO  ratis.XceiverServerRatis (XceiverServerRatis.java:start(404)) - Starting XceiverServerRatis 1a924af3-a664-4014-9ecf-70089b07935e at port 0
2019-08-30 03:47:45,519 [Datanode State Machine Thread - 0] INFO  impl.RaftServerProxy (RaftServerProxy.java:lambda$start$3(299)) - 1a924af3-a664-4014-9ecf-70089b07935e: start RPC server
2019-08-30 03:47:45,526 [Datanode State Machine Thread - 0] INFO  server.GrpcService (GrpcService.java:startImpl(149)) - 1a924af3-a664-4014-9ecf-70089b07935e: GrpcService started, listening on 0.0.0.0/0.0.0.0:43035
2019-08-30 03:47:45,527 [Datanode State Machine Thread - 0] INFO  ratis.XceiverServerRatis (XceiverServerRatis.java:start(414)) - XceiverServerRatis 1a924af3-a664-4014-9ecf-70089b07935e is started using port 43035
2019-08-30 03:47:45,527 [Datanode State Machine Thread - 0] INFO  server.XceiverServerGrpc (XceiverServerGrpc.java:start(163)) - XceiverServerGrpc 1a924af3-a664-4014-9ecf-70089b07935e is started using port 44603
2019-08-30 03:47:45,724 | INFO  | SCMAudit | user=jenkins1000 | ip=192.168.36.106 | op=GET_VERSION null | ret=SUCCESS |  
2019-08-30 03:47:45,737 [Datanode State Machine Thread - 0] INFO  ozoneimpl.OzoneContainer (OzoneContainer.java:start(186)) - Attempting to start container services.
2019-08-30 03:47:45,737 [Datanode State Machine Thread - 0] INFO  ozoneimpl.OzoneContainer (OzoneContainer.java:startContainerScrub(160)) - Background container scrubber has been disabled by hdds.containerscrub.enabled
2019-08-30 03:47:45,737 [Datanode State Machine Thread - 0] INFO  ratis.XceiverServerRatis (XceiverServerRatis.java:start(404)) - Starting XceiverServerRatis cc647f08-9ea0-4a2f-993e-2fedd32829f9 at port 0
2019-08-30 03:47:45,742 [Datanode State Machine Thread - 0] INFO  impl.RaftServerProxy (RaftServerProxy.java:lambda$start$3(299)) - cc647f08-9ea0-4a2f-993e-2fedd32829f9: start RPC server
2019-08-30 03:47:45,743 [Datanode State Machine Thread - 0] INFO  server.GrpcService (GrpcService.java:startImpl(149)) - cc647f08-9ea0-4a2f-993e-2fedd32829f9: GrpcService started, listening on 0.0.0.0/0.0.0.0:42702
2019-08-30 03:47:45,743 [Datanode State Machine Thread - 0] INFO  ratis.XceiverServerRatis (XceiverServerRatis.java:start(414)) - XceiverServerRatis cc647f08-9ea0-4a2f-993e-2fedd32829f9 is started using port 42702
2019-08-30 03:47:45,743 [Datanode State Machine Thread - 0] INFO  server.XceiverServerGrpc (XceiverServerGrpc.java:start(163)) - XceiverServerGrpc cc647f08-9ea0-4a2f-993e-2fedd32829f9 is started using port 33504
2019-08-30 03:47:45,907 | INFO  | SCMAudit | user=jenkins1000 | ip=192.168.36.106 | op=GET_VERSION null | ret=SUCCESS |  
2019-08-30 03:47:45,921 [Datanode State Machine Thread - 0] INFO  ozoneimpl.OzoneContainer (OzoneContainer.java:start(186)) - Attempting to start container services.
2019-08-30 03:47:45,921 [Datanode State Machine Thread - 0] INFO  ozoneimpl.OzoneContainer (OzoneContainer.java:startContainerScrub(160)) - Background container scrubber has been disabled by hdds.containerscrub.enabled
2019-08-30 03:47:45,921 [Datanode State Machine Thread - 0] INFO  ratis.XceiverServerRatis (XceiverServerRatis.java:start(404)) - Starting XceiverServerRatis b4322056-cf8e-4481-ab52-49b414438035 at port 0
2019-08-30 03:47:45,925 [Datanode State Machine Thread - 0] INFO  impl.RaftServerProxy (RaftServerProxy.java:lambda$start$3(299)) - b4322056-cf8e-4481-ab52-49b414438035: start RPC server
2019-08-30 03:47:45,925 [Datanode State Machine Thread - 0] INFO  server.GrpcService (GrpcService.java:startImpl(149)) - b4322056-cf8e-4481-ab52-49b414438035: GrpcService started, listening on 0.0.0.0/0.0.0.0:42667
2019-08-30 03:47:45,926 [Datanode State Machine Thread - 0] INFO  ratis.XceiverServerRatis (XceiverServerRatis.java:start(414)) - XceiverServerRatis b4322056-cf8e-4481-ab52-49b414438035 is started using port 42667
2019-08-30 03:47:45,926 [Datanode State Machine Thread - 0] INFO  server.XceiverServerGrpc (XceiverServerGrpc.java:start(163)) - XceiverServerGrpc b4322056-cf8e-4481-ab52-49b414438035 is started using port 45325
2019-08-30 03:47:46,101 [main] INFO  ozone.MiniOzoneClusterImpl (MiniOzoneClusterImpl.java:lambda$waitForClusterToBeReady$0(142)) - Waiting for cluster to be ready. Got 0 of 7 DN Heartbeats.
2019-08-30 03:47:46,103 | INFO  | SCMAudit | user=jenkins1000 | ip=192.168.36.106 | op=GET_VERSION null | ret=SUCCESS |  
2019-08-30 03:47:46,116 [Datanode State Machine Thread - 0] INFO  ozoneimpl.OzoneContainer (OzoneContainer.java:start(186)) - Attempting to start container services.
2019-08-30 03:47:46,116 [Datanode State Machine Thread - 0] INFO  ozoneimpl.OzoneContainer (OzoneContainer.java:startContainerScrub(160)) - Background container scrubber has been disabled by hdds.containerscrub.enabled
2019-08-30 03:47:46,116 [Datanode State Machine Thread - 0] INFO  ratis.XceiverServerRatis (XceiverServerRatis.java:start(404)) - Starting XceiverServerRatis 088a888b-9e0f-4a9e-b54c-3d2c1c29e9f5 at port 0
2019-08-30 03:47:46,120 [Datanode State Machine Thread - 0] INFO  impl.RaftServerProxy (RaftServerProxy.java:lambda$start$3(299)) - 088a888b-9e0f-4a9e-b54c-3d2c1c29e9f5: start RPC server
2019-08-30 03:47:46,121 [Datanode State Machine Thread - 0] INFO  server.GrpcService (GrpcService.java:startImpl(149)) - 088a888b-9e0f-4a9e-b54c-3d2c1c29e9f5: GrpcService started, listening on 0.0.0.0/0.0.0.0:40707
2019-08-30 03:47:46,121 [Datanode State Machine Thread - 0] INFO  ratis.XceiverServerRatis (XceiverServerRatis.java:start(414)) - XceiverServerRatis 088a888b-9e0f-4a9e-b54c-3d2c1c29e9f5 is started using port 40707
2019-08-30 03:47:46,123 [Datanode State Machine Thread - 0] INFO  server.XceiverServerGrpc (XceiverServerGrpc.java:start(163)) - XceiverServerGrpc 088a888b-9e0f-4a9e-b54c-3d2c1c29e9f5 is started using port 37626
2019-08-30 03:47:46,670 [IPC Server handler 1 on 41734] INFO  net.NetworkTopology (NetworkTopologyImpl.java:add(110)) - Added a new node: /default-rack/2f6b521d-5d5d-44f9-9b20-650b7881613d
2019-08-30 03:47:46,671 [IPC Server handler 1 on 41734] INFO  node.SCMNodeManager (SCMNodeManager.java:register(274)) - Registered Data node : 2f6b521d-5d5d-44f9-9b20-650b7881613d{ip: 192.168.36.106, host: pr-hdds-1569-5ldcr-795608406, networkLocation: /default-rack, certSerialId: null}
2019-08-30 03:47:46,681 | INFO  | SCMAudit | user=jenkins1000 | ip=192.168.36.106 | op=REGISTER {datanodeDetails=2f6b521d-5d5d-44f9-9b20-650b7881613d{ip: 192.168.36.106, host: pr-hdds-1569-5ldcr-795608406, networkLocation: /default-rack, certSerialId: null}} | ret=SUCCESS |  
2019-08-30 03:47:46,678 [EventQueue-NodeRegistrationContainerReportForDataNodeSafeModeRule] INFO  safemode.SCMSafeModeManager (DataNodeSafeModeRule.java:process(71)) - SCM in safe mode. 1 DataNodes registered, 1 required.
2019-08-30 03:47:46,685 [EventQueue-NodeRegistrationContainerReportForDataNodeSafeModeRule] INFO  safemode.SCMSafeModeManager (SCMSafeModeManager.java:validateSafeModeExitRules(177)) - ScmSafeModeManager, all rules are successfully validated
2019-08-30 03:47:46,685 [EventQueue-NodeRegistrationContainerReportForDataNodeSafeModeRule] INFO  safemode.SCMSafeModeManager (SCMSafeModeManager.java:exitSafeMode(193)) - SCM exiting safe mode.
2019-08-30 03:47:46,706 [grpc-default-executor-5] INFO  impl.RaftServerProxy (RaftServerProxy.java:addNew(89)) - 2f6b521d-5d5d-44f9-9b20-650b7881613d: addNew group-C515662C3FE6:[2f6b521d-5d5d-44f9-9b20-650b7881613d:192.168.36.106:34675] returns group-C515662C3FE6:java.util.concurrent.CompletableFuture@3830f505[Not completed]
2019-08-30 03:47:46,707 [pool-439-thread-1] INFO  impl.RaftServerImpl (RaftServerImpl.java:<init>(93)) - 2f6b521d-5d5d-44f9-9b20-650b7881613d: new RaftServerImpl for group-C515662C3FE6:[2f6b521d-5d5d-44f9-9b20-650b7881613d:192.168.36.106:34675] with ContainerStateMachine:uninitialized
2019-08-30 03:47:46,707 [pool-439-thread-1] INFO  server.RaftServerConfigKeys (ConfUtils.java:logGet(43)) - raft.server.rpc.timeout.min = 5s (custom)
2019-08-30 03:47:46,707 [pool-439-thread-1] INFO  server.RaftServerConfigKeys (ConfUtils.java:logGet(43)) - raft.server.rpc.timeout.max = 5200ms (custom)
2019-08-30 03:47:46,707 [pool-439-thread-1] INFO  server.RaftServerConfigKeys (ConfUtils.java:logGet(43)) - raft.server.rpcslowness.timeout = 120s (custom)
2019-08-30 03:47:46,707 [pool-439-thread-1] INFO  server.RaftServerConfigKeys (ConfUtils.java:logGet(43)) - raft.server.sleep.deviation.threshold = 300 (default)
2019-08-30 03:47:46,707 [pool-439-thread-1] INFO  server.RaftServerConfigKeys (ConfUtils.java:logGet(43)) - raft.server.log.appender.install.snapshot.enabled = false (custom)
2019-08-30 03:47:46,707 [pool-439-thread-1] INFO  impl.RaftServerImpl (ServerState.java:<init>(105)) - 2f6b521d-5d5d-44f9-9b20-650b7881613d:group-C515662C3FE6 ConfigurationManager, init=-1: [2f6b521d-5d5d-44f9-9b20-650b7881613d:192.168.36.106:34675], old=null, confs=<EMPTY_MAP>
2019-08-30 03:47:46,707 [pool-439-thread-1] INFO  server.RaftServerConfigKeys (ConfUtils.java:logGet(43)) - raft.server.storage.dir = [/workdir/hadoop-ozone/integration-test/target/test-dir/MiniOzoneClusterImpl-54fb3437-fb27-4fd7-8614-a0b063bd7494/datanode-0/data/ratis] (custom)
2019-08-30 03:47:46,708 [pool-439-thread-1] INFO  storage.RaftStorageDirectory (RaftStorageDirectory.java:analyzeStorage(246)) - The storage directory /workdir/hadoop-ozone/integration-test/target/test-dir/MiniOzoneClusterImpl-54fb3437-fb27-4fd7-8614-a0b063bd7494/datanode-0/data/ratis/0658d72c-4192-4731-af56-c515662c3fe6 does not exist. Creating ...
2019-08-30 03:47:46,721 [pool-439-thread-1] INFO  storage.RaftStorageDirectory (RaftStorageDirectory.java:tryLock(328)) - Lock on /workdir/hadoop-ozone/integration-test/target/test-dir/MiniOzoneClusterImpl-54fb3437-fb27-4fd7-8614-a0b063bd7494/datanode-0/data/ratis/0658d72c-4192-4731-af56-c515662c3fe6/in_use.lock acquired by nodename 23144@pr-hdds-1569-5ldcr-795608406
2019-08-30 03:47:46,734 [pool-439-thread-1] INFO  storage.RaftStorage (RaftStorage.java:format(72)) - Storage directory /workdir/hadoop-ozone/integration-test/target/test-dir/MiniOzoneClusterImpl-54fb3437-fb27-4fd7-8614-a0b063bd7494/datanode-0/data/ratis/0658d72c-4192-4731-af56-c515662c3fe6 has been successfully formatted.
2019-08-30 03:47:46,734 [pool-439-thread-1] INFO  ratis.ContainerStateMachine (ContainerStateMachine.java:loadSnapshot(226)) - group-C515662C3FE6: The snapshot info is null. Setting the last applied indexto:(t:0, i:~)
2019-08-30 03:47:46,735 [pool-439-thread-1] INFO  server.RaftServerConfigKeys (ConfUtils.java:logGet(43)) - raft.server.leader.election.timeout = 120s (custom)
2019-08-30 03:47:46,735 [pool-439-thread-1] INFO  server.RaftServerConfigKeys (ConfUtils.java:logGet(43)) - raft.server.log.use.memory = false (default)
2019-08-30 03:47:46,735 [pool-439-thread-1] INFO  server.RaftServerConfigKeys (ConfUtils.java:logGet(43)) - raft.server.log.purge.gap = 1000000 (custom)
2019-08-30 03:47:46,735 [pool-439-thread-1] INFO  server.RaftServerConfigKeys (ConfUtils.java:logGet(43)) - raft.server.log.appender.buffer.byte-limit = 33554432 (custom)
2019-08-30 03:47:46,735 [pool-439-thread-1] INFO  server.RaftServerConfigKeys (ConfUtils.java:logGet(43)) - raft.server.log.segment.size.max = 1048576 (custom)
2019-08-30 03:47:46,735 [pool-439-thread-1] INFO  server.RaftServerConfigKeys (ConfUtils.java:logGet(43)) - raft.server.log.segment.cache.num.max = 2 (custom)
2019-08-30 03:47:46,735 [pool-439-thread-1] INFO  segmented.SegmentedRaftLogWorker (SegmentedRaftLogWorker.java:<init>(172)) - new 2f6b521d-5d5d-44f9-9b20-650b7881613d-SegmentedRaftLogWorker:Storage Directory /workdir/hadoop-ozone/integration-test/target/test-dir/MiniOzoneClusterImpl-54fb3437-fb27-4fd7-8614-a0b063bd7494/datanode-0/data/ratis/0658d72c-4192-4731-af56-c515662c3fe6 for RaftStorage:Storage Directory /workdir/hadoop-ozone/integration-test/target/test-dir/MiniOzoneClusterImpl-54fb3437-fb27-4fd7-8614-a0b063bd7494/datanode-0/data/ratis/0658d72c-4192-4731-af56-c515662c3fe6
2019-08-30 03:47:46,735 [pool-439-thread-1] INFO  server.RaftServerConfigKeys (ConfUtils.java:logGet(43)) - raft.server.log.queue.byte-limit = 2147483647 (custom)
2019-08-30 03:47:46,735 [pool-439-thread-1] INFO  server.RaftServerConfigKeys (ConfUtils.java:logGet(43)) - raft.server.log.queue.element-limit = 1024 (custom)
2019-08-30 03:47:46,736 [pool-439-thread-1] INFO  server.RaftServerConfigKeys (ConfUtils.java:logGet(43)) - raft.server.log.segment.size.max = 1048576 (custom)
2019-08-30 03:47:46,736 [pool-439-thread-1] INFO  server.RaftServerConfigKeys (ConfUtils.java:logGet(43)) - raft.server.log.preallocated.size = 16384 (custom)
2019-08-30 03:47:46,736 [pool-439-thread-1] INFO  server.RaftServerConfigKeys (ConfUtils.java:logGet(43)) - raft.server.log.write.buffer.size = 33554432 (custom)
2019-08-30 03:47:46,736 [pool-439-thread-1] INFO  server.RaftServerConfigKeys (ConfUtils.java:logGet(43)) - raft.server.log.force.sync.num = 128 (default)
2019-08-30 03:47:46,736 [pool-439-thread-1] INFO  server.RaftServerConfigKeys (ConfUtils.java:logGet(43)) - raft.server.log.statemachine.data.sync = true (default)
2019-08-30 03:47:46,736 [pool-439-thread-1] INFO  server.RaftServerConfigKeys (ConfUtils.java:logGet(43)) - raft.server.log.statemachine.data.sync.timeout = 10s (default)
2019-08-30 03:47:46,736 [pool-439-thread-1] INFO  server.RaftServerConfigKeys (ConfUtils.java:logGet(43)) - raft.server.log.statemachine.data.sync.timeout.retry = -1 (default)
2019-08-30 03:47:46,736 [pool-439-thread-1] INFO  server.RaftServerConfigKeys (ConfUtils.java:logGet(43)) - raft.server.log.statemachine.data.caching.enabled = true (custom)
2019-08-30 03:47:46,737 [pool-439-thread-1] INFO  segmented.SegmentedRaftLogWorker (SegmentedRaftLogWorker.java:lambda$new$0(132)) - 2f6b521d-5d5d-44f9-9b20-650b7881613d-SegmentedRaftLogWorker:Storage Directory /workdir/hadoop-ozone/integration-test/target/test-dir/MiniOzoneClusterImpl-54fb3437-fb27-4fd7-8614-a0b063bd7494/datanode-0/data/ratis/0658d72c-4192-4731-af56-c515662c3fe6: flushIndex: setUnconditionally 0 -> -1
2019-08-30 03:47:46,737 [pool-439-thread-1] INFO  server.RaftServerConfigKeys (ConfUtils.java:logGet(43)) - raft.server.snapshot.auto.trigger.enabled = true (custom)
2019-08-30 03:47:46,737 [pool-439-thread-1] INFO  server.RaftServerConfigKeys (ConfUtils.java:logGet(43)) - raft.server.snapshot.auto.trigger.threshold = 10000 (custom)
2019-08-30 03:47:46,737 [pool-439-thread-1] INFO  server.RaftServerConfigKeys (ConfUtils.java:logGet(43)) - raft.server.retrycache.expirytime = 600000ms (custom)
2019-08-30 03:47:46,737 [pool-439-thread-1] INFO  impl.RaftServerImpl (RaftServerImpl.java:start(180)) - 2f6b521d-5d5d-44f9-9b20-650b7881613d: start group-C515662C3FE6
2019-08-30 03:47:46,737 [pool-439-thread-1] INFO  impl.RaftServerImpl (RaftServerImpl.java:setRole(171)) - 2f6b521d-5d5d-44f9-9b20-650b7881613d:group-C515662C3FE6 changes role from null to FOLLOWER at term 0 for startAsFollower
2019-08-30 03:47:46,738 [pool-439-thread-1] INFO  impl.RoleInfo (RoleInfo.java:updateAndGet(143)) - 2f6b521d-5d5d-44f9-9b20-650b7881613d: start FollowerState
2019-08-30 03:47:46,743 [pool-439-thread-1] INFO  util.JmxRegister (JmxRegister.java:tryRegister(44)) - Successfully registered JMX Bean with object name Ratis:service=RaftServer,group=group-C515662C3FE6,id=2f6b521d-5d5d-44f9-9b20-650b7881613d
2019-08-30 03:47:46,746 [RatisPipelineUtilsThread] INFO  pipeline.PipelineStateManager (PipelineStateManager.java:addPipeline(56)) - Created pipeline Pipeline[ Id: 0658d72c-4192-4731-af56-c515662c3fe6, Nodes: 2f6b521d-5d5d-44f9-9b20-650b7881613d{ip: 192.168.36.106, host: pr-hdds-1569-5ldcr-795608406, networkLocation: /default-rack, certSerialId: null}, Type:RATIS, Factor:ONE, State:OPEN]
2019-08-30 03:47:46,863 [IPC Server handler 2 on 41734] INFO  net.NetworkTopology (NetworkTopologyImpl.java:add(110)) - Added a new node: /default-rack/be188c32-466c-43f9-97ae-301f6c786ce6
2019-08-30 03:47:46,864 [IPC Server handler 2 on 41734] INFO  node.SCMNodeManager (SCMNodeManager.java:register(274)) - Registered Data node : be188c32-466c-43f9-97ae-301f6c786ce6{ip: 192.168.36.106, host: pr-hdds-1569-5ldcr-795608406, networkLocation: /default-rack, certSerialId: null}
2019-08-30 03:47:46,864 | INFO  | SCMAudit | user=jenkins1000 | ip=192.168.36.106 | op=REGISTER {datanodeDetails=be188c32-466c-43f9-97ae-301f6c786ce6{ip: 192.168.36.106, host: pr-hdds-1569-5ldcr-795608406, networkLocation: /default-rack, certSerialId: null}} | ret=SUCCESS |  
2019-08-30 03:47:46,870 [grpc-default-executor-5] INFO  impl.RaftServerProxy (RaftServerProxy.java:addNew(89)) - be188c32-466c-43f9-97ae-301f6c786ce6: addNew group-8D550BE48292:[be188c32-466c-43f9-97ae-301f6c786ce6:192.168.36.106:46026] returns group-8D550BE48292:java.util.concurrent.CompletableFuture@2d4cb900[Not completed]
2019-08-30 03:47:46,871 [pool-450-thread-1] INFO  impl.RaftServerImpl (RaftServerImpl.java:<init>(93)) - be188c32-466c-43f9-97ae-301f6c786ce6: new RaftServerImpl for group-8D550BE48292:[be188c32-466c-43f9-97ae-301f6c786ce6:192.168.36.106:46026] with ContainerStateMachine:uninitialized
2019-08-30 03:47:46,871 [pool-450-thread-1] INFO  server.RaftServerConfigKeys (ConfUtils.java:logGet(43)) - raft.server.rpc.timeout.min = 5s (custom)
2019-08-30 03:47:46,871 [pool-450-thread-1] INFO  server.RaftServerConfigKeys (ConfUtils.java:logGet(43)) - raft.server.rpc.timeout.max = 5200ms (custom)
2019-08-30 03:47:46,871 [pool-450-thread-1] INFO  server.RaftServerConfigKeys (ConfUtils.java:logGet(43)) - raft.server.rpcslowness.timeout = 120s (custom)
2019-08-30 03:47:46,872 [pool-450-thread-1] INFO  server.RaftServerConfigKeys (ConfUtils.java:logGet(43)) - raft.server.sleep.deviation.threshold = 300 (default)
2019-08-30 03:47:46,872 [pool-450-thread-1] INFO  server.RaftServerConfigKeys (ConfUtils.java:logGet(43)) - raft.server.log.appender.install.snapshot.enabled = false (custom)
2019-08-30 03:47:46,872 [pool-450-thread-1] INFO  impl.RaftServerImpl (ServerState.java:<init>(105)) - be188c32-466c-43f9-97ae-301f6c786ce6:group-8D550BE48292 ConfigurationManager, init=-1: [be188c32-466c-43f9-97ae-301f6c786ce6:192.168.36.106:46026], old=null, confs=<EMPTY_MAP>
2019-08-30 03:47:46,872 [pool-450-thread-1] INFO  server.RaftServerConfigKeys (ConfUtils.java:logGet(43)) - raft.server.storage.dir = [/workdir/hadoop-ozone/integration-test/target/test-dir/MiniOzoneClusterImpl-54fb3437-fb27-4fd7-8614-a0b063bd7494/datanode-1/data/ratis] (custom)
2019-08-30 03:47:46,872 [pool-450-thread-1] INFO  storage.RaftStorageDirectory (RaftStorageDirectory.java:analyzeStorage(246)) - The storage directory /workdir/hadoop-ozone/integration-test/target/test-dir/MiniOzoneClusterImpl-54fb3437-fb27-4fd7-8614-a0b063bd7494/datanode-1/data/ratis/a6571985-e2f7-4124-b981-8d550be48292 does not exist. Creating ...
2019-08-30 03:47:46,885 [pool-450-thread-1] INFO  storage.RaftStorageDirectory (RaftStorageDirectory.java:tryLock(328)) - Lock on /workdir/hadoop-ozone/integration-test/target/test-dir/MiniOzoneClusterImpl-54fb3437-fb27-4fd7-8614-a0b063bd7494/datanode-1/data/ratis/a6571985-e2f7-4124-b981-8d550be48292/in_use.lock acquired by nodename 23144@pr-hdds-1569-5ldcr-795608406
2019-08-30 03:47:46,898 [pool-450-thread-1] INFO  storage.RaftStorage (RaftStorage.java:format(72)) - Storage directory /workdir/hadoop-ozone/integration-test/target/test-dir/MiniOzoneClusterImpl-54fb3437-fb27-4fd7-8614-a0b063bd7494/datanode-1/data/ratis/a6571985-e2f7-4124-b981-8d550be48292 has been successfully formatted.
2019-08-30 03:47:46,898 [pool-450-thread-1] INFO  ratis.ContainerStateMachine (ContainerStateMachine.java:loadSnapshot(226)) - group-8D550BE48292: The snapshot info is null. Setting the last applied indexto:(t:0, i:~)
2019-08-30 03:47:46,898 [pool-450-thread-1] INFO  server.RaftServerConfigKeys (ConfUtils.java:logGet(43)) - raft.server.leader.election.timeout = 120s (custom)
2019-08-30 03:47:46,898 [pool-450-thread-1] INFO  server.RaftServerConfigKeys (ConfUtils.java:logGet(43)) - raft.server.log.use.memory = false (default)
2019-08-30 03:47:46,899 [pool-450-thread-1] INFO  server.RaftServerConfigKeys (ConfUtils.java:logGet(43)) - raft.server.log.purge.gap = 1000000 (custom)
2019-08-30 03:47:46,899 [pool-450-thread-1] INFO  server.RaftServerConfigKeys (ConfUtils.java:logGet(43)) - raft.server.log.appender.buffer.byte-limit = 33554432 (custom)
2019-08-30 03:47:46,899 [pool-450-thread-1] INFO  server.RaftServerConfigKeys (ConfUtils.java:logGet(43)) - raft.server.log.segment.size.max = 1048576 (custom)
2019-08-30 03:47:46,899 [pool-450-thread-1] INFO  server.RaftServerConfigKeys (ConfUtils.java:logGet(43)) - raft.server.log.segment.cache.num.max = 2 (custom)
2019-08-30 03:47:46,899 [pool-450-thread-1] INFO  segmented.SegmentedRaftLogWorker (SegmentedRaftLogWorker.java:<init>(172)) - new be188c32-466c-43f9-97ae-301f6c786ce6-SegmentedRaftLogWorker:Storage Directory /workdir/hadoop-ozone/integration-test/target/test-dir/MiniOzoneClusterImpl-54fb3437-fb27-4fd7-8614-a0b063bd7494/datanode-1/data/ratis/a6571985-e2f7-4124-b981-8d550be48292 for RaftStorage:Storage Directory /workdir/hadoop-ozone/integration-test/target/test-dir/MiniOzoneClusterImpl-54fb3437-fb27-4fd7-8614-a0b063bd7494/datanode-1/data/ratis/a6571985-e2f7-4124-b981-8d550be48292
2019-08-30 03:47:46,899 [pool-450-thread-1] INFO  server.RaftServerConfigKeys (ConfUtils.java:logGet(43)) - raft.server.log.queue.byte-limit = 2147483647 (custom)
2019-08-30 03:47:46,899 [pool-450-thread-1] INFO  server.RaftServerConfigKeys (ConfUtils.java:logGet(43)) - raft.server.log.queue.element-limit = 1024 (custom)
2019-08-30 03:47:46,900 [pool-450-thread-1] INFO  server.RaftServerConfigKeys (ConfUtils.java:logGet(43)) - raft.server.log.segment.size.max = 1048576 (custom)
2019-08-30 03:47:46,900 [pool-450-thread-1] INFO  server.RaftServerConfigKeys (ConfUtils.java:logGet(43)) - raft.server.log.preallocated.size = 16384 (custom)
2019-08-30 03:47:46,900 [pool-450-thread-1] INFO  server.RaftServerConfigKeys (ConfUtils.java:logGet(43)) - raft.server.log.write.buffer.size = 33554432 (custom)
2019-08-30 03:47:46,900 [pool-450-thread-1] INFO  server.RaftServerConfigKeys (ConfUtils.java:logGet(43)) - raft.server.log.force.sync.num = 128 (default)
2019-08-30 03:47:46,900 [pool-450-thread-1] INFO  server.RaftServerConfigKeys (ConfUtils.java:logGet(43)) - raft.server.log.statemachine.data.sync = true (default)
2019-08-30 03:47:46,900 [pool-450-thread-1] INFO  server.RaftServerConfigKeys (ConfUtils.java:logGet(43)) - raft.server.log.statemachine.data.sync.timeout = 10s (default)
2019-08-30 03:47:46,900 [pool-450-thread-1] INFO  server.RaftServerConfigKeys (ConfUtils.java:logGet(43)) - raft.server.log.statemachine.data.sync.timeout.retry = -1 (default)
2019-08-30 03:47:46,900 [pool-450-thread-1] INFO  server.RaftServerConfigKeys (ConfUtils.java:logGet(43)) - raft.server.log.statemachine.data.caching.enabled = true (custom)
2019-08-30 03:47:46,901 [pool-450-thread-1] INFO  segmented.SegmentedRaftLogWorker (SegmentedRaftLogWorker.java:lambda$new$0(132)) - be188c32-466c-43f9-97ae-301f6c786ce6-SegmentedRaftLogWorker:Storage Directory /workdir/hadoop-ozone/integration-test/target/test-dir/MiniOzoneClusterImpl-54fb3437-fb27-4fd7-8614-a0b063bd7494/datanode-1/data/ratis/a6571985-e2f7-4124-b981-8d550be48292: flushIndex: setUnconditionally 0 -> -1
2019-08-30 03:47:46,901 [pool-450-thread-1] INFO  server.RaftServerConfigKeys (ConfUtils.java:logGet(43)) - raft.server.snapshot.auto.trigger.enabled = true (custom)
2019-08-30 03:47:46,901 [pool-450-thread-1] INFO  server.RaftServerConfigKeys (ConfUtils.java:logGet(43)) - raft.server.snapshot.auto.trigger.threshold = 10000 (custom)
2019-08-30 03:47:46,901 [pool-450-thread-1] INFO  server.RaftServerConfigKeys (ConfUtils.java:logGet(43)) - raft.server.retrycache.expirytime = 600000ms (custom)
2019-08-30 03:47:46,901 [pool-450-thread-1] INFO  impl.RaftServerImpl (RaftServerImpl.java:start(180)) - be188c32-466c-43f9-97ae-301f6c786ce6: start group-8D550BE48292
2019-08-30 03:47:46,901 [pool-450-thread-1] INFO  impl.RaftServerImpl (RaftServerImpl.java:setRole(171)) - be188c32-466c-43f9-97ae-301f6c786ce6:group-8D550BE48292 changes role from null to FOLLOWER at term 0 for startAsFollower
2019-08-30 03:47:46,901 [pool-450-thread-1] INFO  impl.RoleInfo (RoleInfo.java:updateAndGet(143)) - be188c32-466c-43f9-97ae-301f6c786ce6: start FollowerState
2019-08-30 03:47:46,902 [pool-450-thread-1] INFO  util.JmxRegister (JmxRegister.java:tryRegister(44)) - Successfully registered JMX Bean with object name Ratis:service=RaftServer,group=group-8D550BE48292,id=be188c32-466c-43f9-97ae-301f6c786ce6
2019-08-30 03:47:46,904 [RatisPipelineUtilsThread] INFO  pipeline.PipelineStateManager (PipelineStateManager.java:addPipeline(56)) - Created pipeline Pipeline[ Id: a6571985-e2f7-4124-b981-8d550be48292, Nodes: be188c32-466c-43f9-97ae-301f6c786ce6{ip: 192.168.36.106, host: pr-hdds-1569-5ldcr-795608406, networkLocation: /default-rack, certSerialId: null}, Type:RATIS, Factor:ONE, State:OPEN]
2019-08-30 03:47:47,102 [main] INFO  ozone.MiniOzoneClusterImpl (MiniOzoneClusterImpl.java:lambda$waitForClusterToBeReady$0(142)) - Waiting for cluster to be ready. Got 2 of 7 DN Heartbeats.
2019-08-30 03:47:47,305 [IPC Server handler 4 on 41734] INFO  net.NetworkTopology (NetworkTopologyImpl.java:add(110)) - Added a new node: /default-rack/411242e4-7603-4235-b66c-08546d6d220d
2019-08-30 03:47:47,305 [IPC Server handler 4 on 41734] INFO  node.SCMNodeManager (SCMNodeManager.java:register(274)) - Registered Data node : 411242e4-7603-4235-b66c-08546d6d220d{ip: 192.168.36.106, host: pr-hdds-1569-5ldcr-795608406, networkLocation: /default-rack, certSerialId: null}
2019-08-30 03:47:47,308 | INFO  | SCMAudit | user=jenkins1000 | ip=192.168.36.106 | op=REGISTER {datanodeDetails=411242e4-7603-4235-b66c-08546d6d220d{ip: 192.168.36.106, host: pr-hdds-1569-5ldcr-795608406, networkLocation: /default-rack, certSerialId: null}} | ret=SUCCESS |  
2019-08-30 03:47:47,313 [grpc-default-executor-5] INFO  impl.RaftServerProxy (RaftServerProxy.java:addNew(89)) - 411242e4-7603-4235-b66c-08546d6d220d: addNew group-98DDE4ACEC31:[411242e4-7603-4235-b66c-08546d6d220d:192.168.36.106:35846] returns group-98DDE4ACEC31:java.util.concurrent.CompletableFuture@2313a3c0[Not completed]
2019-08-30 03:47:47,314 [pool-461-thread-1] INFO  impl.RaftServerImpl (RaftServerImpl.java:<init>(93)) - 411242e4-7603-4235-b66c-08546d6d220d: new RaftServerImpl for group-98DDE4ACEC31:[411242e4-7603-4235-b66c-08546d6d220d:192.168.36.106:35846] with ContainerStateMachine:uninitialized
2019-08-30 03:47:47,314 [pool-461-thread-1] INFO  server.RaftServerConfigKeys (ConfUtils.java:logGet(43)) - raft.server.rpc.timeout.min = 5s (custom)
2019-08-30 03:47:47,314 [pool-461-thread-1] INFO  server.RaftServerConfigKeys (ConfUtils.java:logGet(43)) - raft.server.rpc.timeout.max = 5200ms (custom)
2019-08-30 03:47:47,314 [pool-461-thread-1] INFO  server.RaftServerConfigKeys (ConfUtils.java:logGet(43)) - raft.server.rpcslowness.timeout = 120s (custom)
2019-08-30 03:47:47,314 [pool-461-thread-1] INFO  server.RaftServerConfigKeys (ConfUtils.java:logGet(43)) - raft.server.sleep.deviation.threshold = 300 (default)
2019-08-30 03:47:47,314 [pool-461-thread-1] INFO  server.RaftServerConfigKeys (ConfUtils.java:logGet(43)) - raft.server.log.appender.install.snapshot.enabled = false (custom)
2019-08-30 03:47:47,314 [pool-461-thread-1] INFO  impl.RaftServerImpl (ServerState.java:<init>(105)) - 411242e4-7603-4235-b66c-08546d6d220d:group-98DDE4ACEC31 ConfigurationManager, init=-1: [411242e4-7603-4235-b66c-08546d6d220d:192.168.36.106:35846], old=null, confs=<EMPTY_MAP>
2019-08-30 03:47:47,315 [pool-461-thread-1] INFO  server.RaftServerConfigKeys (ConfUtils.java:logGet(43)) - raft.server.storage.dir = [/workdir/hadoop-ozone/integration-test/target/test-dir/MiniOzoneClusterImpl-54fb3437-fb27-4fd7-8614-a0b063bd7494/datanode-2/data/ratis] (custom)
2019-08-30 03:47:47,315 [pool-461-thread-1] INFO  storage.RaftStorageDirectory (RaftStorageDirectory.java:analyzeStorage(246)) - The storage directory /workdir/hadoop-ozone/integration-test/target/test-dir/MiniOzoneClusterImpl-54fb3437-fb27-4fd7-8614-a0b063bd7494/datanode-2/data/ratis/14e65be0-97cc-4853-8722-98dde4acec31 does not exist. Creating ...
2019-08-30 03:47:47,328 [pool-461-thread-1] INFO  storage.RaftStorageDirectory (RaftStorageDirectory.java:tryLock(328)) - Lock on /workdir/hadoop-ozone/integration-test/target/test-dir/MiniOzoneClusterImpl-54fb3437-fb27-4fd7-8614-a0b063bd7494/datanode-2/data/ratis/14e65be0-97cc-4853-8722-98dde4acec31/in_use.lock acquired by nodename 23144@pr-hdds-1569-5ldcr-795608406
2019-08-30 03:47:47,341 [pool-461-thread-1] INFO  storage.RaftStorage (RaftStorage.java:format(72)) - Storage directory /workdir/hadoop-ozone/integration-test/target/test-dir/MiniOzoneClusterImpl-54fb3437-fb27-4fd7-8614-a0b063bd7494/datanode-2/data/ratis/14e65be0-97cc-4853-8722-98dde4acec31 has been successfully formatted.
2019-08-30 03:47:47,341 [pool-461-thread-1] INFO  ratis.ContainerStateMachine (ContainerStateMachine.java:loadSnapshot(226)) - group-98DDE4ACEC31: The snapshot info is null. Setting the last applied indexto:(t:0, i:~)
2019-08-30 03:47:47,341 [pool-461-thread-1] INFO  server.RaftServerConfigKeys (ConfUtils.java:logGet(43)) - raft.server.leader.election.timeout = 120s (custom)
2019-08-30 03:47:47,341 [pool-461-thread-1] INFO  server.RaftServerConfigKeys (ConfUtils.java:logGet(43)) - raft.server.log.use.memory = false (default)
2019-08-30 03:47:47,341 [pool-461-thread-1] INFO  server.RaftServerConfigKeys (ConfUtils.java:logGet(43)) - raft.server.log.purge.gap = 1000000 (custom)
2019-08-30 03:47:47,341 [pool-461-thread-1] INFO  server.RaftServerConfigKeys (ConfUtils.java:logGet(43)) - raft.server.log.appender.buffer.byte-limit = 33554432 (custom)
2019-08-30 03:47:47,341 [pool-461-thread-1] INFO  server.RaftServerConfigKeys (ConfUtils.java:logGet(43)) - raft.server.log.segment.size.max = 1048576 (custom)
2019-08-30 03:47:47,341 [pool-461-thread-1] INFO  server.RaftServerConfigKeys (ConfUtils.java:logGet(43)) - raft.server.log.segment.cache.num.max = 2 (custom)
2019-08-30 03:47:47,342 [pool-461-thread-1] INFO  segmented.SegmentedRaftLogWorker (SegmentedRaftLogWorker.java:<init>(172)) - new 411242e4-7603-4235-b66c-08546d6d220d-SegmentedRaftLogWorker:Storage Directory /workdir/hadoop-ozone/integration-test/target/test-dir/MiniOzoneClusterImpl-54fb3437-fb27-4fd7-8614-a0b063bd7494/datanode-2/data/ratis/14e65be0-97cc-4853-8722-98dde4acec31 for RaftStorage:Storage Directory /workdir/hadoop-ozone/integration-test/target/test-dir/MiniOzoneClusterImpl-54fb3437-fb27-4fd7-8614-a0b063bd7494/datanode-2/data/ratis/14e65be0-97cc-4853-8722-98dde4acec31
2019-08-30 03:47:47,342 [pool-461-thread-1] INFO  server.RaftServerConfigKeys (ConfUtils.java:logGet(43)) - raft.server.log.queue.byte-limit = 2147483647 (custom)
2019-08-30 03:47:47,342 [pool-461-thread-1] INFO  server.RaftServerConfigKeys (ConfUtils.java:logGet(43)) - raft.server.log.queue.element-limit = 1024 (custom)
2019-08-30 03:47:47,342 [pool-461-thread-1] INFO  server.RaftServerConfigKeys (ConfUtils.java:logGet(43)) - raft.server.log.segment.size.max = 1048576 (custom)
2019-08-30 03:47:47,342 [pool-461-thread-1] INFO  server.RaftServerConfigKeys (ConfUtils.java:logGet(43)) - raft.server.log.preallocated.size = 16384 (custom)
2019-08-30 03:47:47,342 [pool-461-thread-1] INFO  server.RaftServerConfigKeys (ConfUtils.java:logGet(43)) - raft.server.log.write.buffer.size = 33554432 (custom)
2019-08-30 03:47:47,342 [pool-461-thread-1] INFO  server.RaftServerConfigKeys (ConfUtils.java:logGet(43)) - raft.server.log.force.sync.num = 128 (default)
2019-08-30 03:47:47,342 [pool-461-thread-1] INFO  server.RaftServerConfigKeys (ConfUtils.java:logGet(43)) - raft.server.log.statemachine.data.sync = true (default)
2019-08-30 03:47:47,342 [pool-461-thread-1] INFO  server.RaftServerConfigKeys (ConfUtils.java:logGet(43)) - raft.server.log.statemachine.data.sync.timeout = 10s (default)
2019-08-30 03:47:47,343 [pool-461-thread-1] INFO  server.RaftServerConfigKeys (ConfUtils.java:logGet(43)) - raft.server.log.statemachine.data.sync.timeout.retry = -1 (default)
2019-08-30 03:47:47,343 [pool-461-thread-1] INFO  server.RaftServerConfigKeys (ConfUtils.java:logGet(43)) - raft.server.log.statemachine.data.caching.enabled = true (custom)
2019-08-30 03:47:47,343 [pool-461-thread-1] INFO  segmented.SegmentedRaftLogWorker (SegmentedRaftLogWorker.java:lambda$new$0(132)) - 411242e4-7603-4235-b66c-08546d6d220d-SegmentedRaftLogWorker:Storage Directory /workdir/hadoop-ozone/integration-test/target/test-dir/MiniOzoneClusterImpl-54fb3437-fb27-4fd7-8614-a0b063bd7494/datanode-2/data/ratis/14e65be0-97cc-4853-8722-98dde4acec31: flushIndex: setUnconditionally 0 -> -1
2019-08-30 03:47:47,343 [pool-461-thread-1] INFO  server.RaftServerConfigKeys (ConfUtils.java:logGet(43)) - raft.server.snapshot.auto.trigger.enabled = true (custom)
2019-08-30 03:47:47,343 [pool-461-thread-1] INFO  server.RaftServerConfigKeys (ConfUtils.java:logGet(43)) - raft.server.snapshot.auto.trigger.threshold = 10000 (custom)
2019-08-30 03:47:47,343 [pool-461-thread-1] INFO  server.RaftServerConfigKeys (ConfUtils.java:logGet(43)) - raft.server.retrycache.expirytime = 600000ms (custom)
2019-08-30 03:47:47,344 [pool-461-thread-1] INFO  impl.RaftServerImpl (RaftServerImpl.java:start(180)) - 411242e4-7603-4235-b66c-08546d6d220d: start group-98DDE4ACEC31
2019-08-30 03:47:47,344 [pool-461-thread-1] INFO  impl.RaftServerImpl (RaftServerImpl.java:setRole(171)) - 411242e4-7603-4235-b66c-08546d6d220d:group-98DDE4ACEC31 changes role from null to FOLLOWER at term 0 for startAsFollower
2019-08-30 03:47:47,344 [pool-461-thread-1] INFO  impl.RoleInfo (RoleInfo.java:updateAndGet(143)) - 411242e4-7603-4235-b66c-08546d6d220d: start FollowerState
2019-08-30 03:47:47,344 [pool-461-thread-1] INFO  util.JmxRegister (JmxRegister.java:tryRegister(44)) - Successfully registered JMX Bean with object name Ratis:service=RaftServer,group=group-98DDE4ACEC31,id=411242e4-7603-4235-b66c-08546d6d220d
2019-08-30 03:47:47,346 [RatisPipelineUtilsThread] INFO  pipeline.PipelineStateManager (PipelineStateManager.java:addPipeline(56)) - Created pipeline Pipeline[ Id: 14e65be0-97cc-4853-8722-98dde4acec31, Nodes: 411242e4-7603-4235-b66c-08546d6d220d{ip: 192.168.36.106, host: pr-hdds-1569-5ldcr-795608406, networkLocation: /default-rack, certSerialId: null}, Type:RATIS, Factor:ONE, State:OPEN]
2019-08-30 03:47:47,355 [grpc-default-executor-3] INFO  impl.RaftServerProxy (RaftServerProxy.java:addNew(89)) - 2f6b521d-5d5d-44f9-9b20-650b7881613d: addNew group-F2B43FCFF49B:[be188c32-466c-43f9-97ae-301f6c786ce6:192.168.36.106:46026, 2f6b521d-5d5d-44f9-9b20-650b7881613d:192.168.36.106:34675, 411242e4-7603-4235-b66c-08546d6d220d:192.168.36.106:35846] returns group-F2B43FCFF49B:java.util.concurrent.CompletableFuture@1eff22a3[Not completed]
2019-08-30 03:47:47,355 [grpc-default-executor-5] INFO  impl.RaftServerProxy (RaftServerProxy.java:addNew(89)) - be188c32-466c-43f9-97ae-301f6c786ce6: addNew group-F2B43FCFF49B:[be188c32-466c-43f9-97ae-301f6c786ce6:192.168.36.106:46026, 2f6b521d-5d5d-44f9-9b20-650b7881613d:192.168.36.106:34675, 411242e4-7603-4235-b66c-08546d6d220d:192.168.36.106:35846] returns group-F2B43FCFF49B:java.util.concurrent.CompletableFuture@26b2c660[Not completed]
2019-08-30 03:47:47,355 [grpc-default-executor-3] INFO  impl.RaftServerProxy (RaftServerProxy.java:addNew(89)) - 411242e4-7603-4235-b66c-08546d6d220d: addNew group-F2B43FCFF49B:[be188c32-466c-43f9-97ae-301f6c786ce6:192.168.36.106:46026, 2f6b521d-5d5d-44f9-9b20-650b7881613d:192.168.36.106:34675, 411242e4-7603-4235-b66c-08546d6d220d:192.168.36.106:35846] returns group-F2B43FCFF49B:java.util.concurrent.CompletableFuture@35a8dc1e[Not completed]
2019-08-30 03:47:47,356 [pool-450-thread-1] INFO  impl.RaftServerImpl (RaftServerImpl.java:<init>(93)) - be188c32-466c-43f9-97ae-301f6c786ce6: new RaftServerImpl for group-F2B43FCFF49B:[be188c32-466c-43f9-97ae-301f6c786ce6:192.168.36.106:46026, 2f6b521d-5d5d-44f9-9b20-650b7881613d:192.168.36.106:34675, 411242e4-7603-4235-b66c-08546d6d220d:192.168.36.106:35846] with ContainerStateMachine:uninitialized
2019-08-30 03:47:47,356 [pool-450-thread-1] INFO  server.RaftServerConfigKeys (ConfUtils.java:logGet(43)) - raft.server.rpc.timeout.min = 5s (custom)
2019-08-30 03:47:47,356 [pool-450-thread-1] INFO  server.RaftServerConfigKeys (ConfUtils.java:logGet(43)) - raft.server.rpc.timeout.max = 5200ms (custom)
2019-08-30 03:47:47,356 [pool-461-thread-1] INFO  impl.RaftServerImpl (RaftServerImpl.java:<init>(93)) - 411242e4-7603-4235-b66c-08546d6d220d: new RaftServerImpl for group-F2B43FCFF49B:[be188c32-466c-43f9-97ae-301f6c786ce6:192.168.36.106:46026, 2f6b521d-5d5d-44f9-9b20-650b7881613d:192.168.36.106:34675, 411242e4-7603-4235-b66c-08546d6d220d:192.168.36.106:35846] with ContainerStateMachine:uninitialized
2019-08-30 03:47:47,356 [pool-450-thread-1] INFO  server.RaftServerConfigKeys (ConfUtils.java:logGet(43)) - raft.server.rpcslowness.timeout = 120s (custom)
2019-08-30 03:47:47,356 [pool-461-thread-1] INFO  server.RaftServerConfigKeys (ConfUtils.java:logGet(43)) - raft.server.rpc.timeout.min = 5s (custom)
2019-08-30 03:47:47,356 [pool-439-thread-1] INFO  impl.RaftServerImpl (RaftServerImpl.java:<init>(93)) - 2f6b521d-5d5d-44f9-9b20-650b7881613d: new RaftServerImpl for group-F2B43FCFF49B:[be188c32-466c-43f9-97ae-301f6c786ce6:192.168.36.106:46026, 2f6b521d-5d5d-44f9-9b20-650b7881613d:192.168.36.106:34675, 411242e4-7603-4235-b66c-08546d6d220d:192.168.36.106:35846] with ContainerStateMachine:uninitialized
2019-08-30 03:47:47,356 [pool-450-thread-1] INFO  server.RaftServerConfigKeys (ConfUtils.java:logGet(43)) - raft.server.sleep.deviation.threshold = 300 (default)
2019-08-30 03:47:47,356 [pool-439-thread-1] INFO  server.RaftServerConfigKeys (ConfUtils.java:logGet(43)) - raft.server.rpc.timeout.min = 5s (custom)
2019-08-30 03:47:47,356 [pool-461-thread-1] INFO  server.RaftServerConfigKeys (ConfUtils.java:logGet(43)) - raft.server.rpc.timeout.max = 5200ms (custom)
2019-08-30 03:47:47,357 [pool-439-thread-1] INFO  server.RaftServerConfigKeys (ConfUtils.java:logGet(43)) - raft.server.rpc.timeout.max = 5200ms (custom)
2019-08-30 03:47:47,357 [pool-450-thread-1] INFO  server.RaftServerConfigKeys (ConfUtils.java:logGet(43)) - raft.server.log.appender.install.snapshot.enabled = false (custom)
2019-08-30 03:47:47,357 [pool-439-thread-1] INFO  server.RaftServerConfigKeys (ConfUtils.java:logGet(43)) - raft.server.rpcslowness.timeout = 120s (custom)
2019-08-30 03:47:47,357 [pool-461-thread-1] INFO  server.RaftServerConfigKeys (ConfUtils.java:logGet(43)) - raft.server.rpcslowness.timeout = 120s (custom)
2019-08-30 03:47:47,357 [pool-439-thread-1] INFO  server.RaftServerConfigKeys (ConfUtils.java:logGet(43)) - raft.server.sleep.deviation.threshold = 300 (default)
2019-08-30 03:47:47,357 [pool-439-thread-1] INFO  server.RaftServerConfigKeys (ConfUtils.java:logGet(43)) - raft.server.log.appender.install.snapshot.enabled = false (custom)
2019-08-30 03:47:47,357 [pool-450-thread-1] INFO  impl.RaftServerImpl (ServerState.java:<init>(105)) - be188c32-466c-43f9-97ae-301f6c786ce6:group-F2B43FCFF49B ConfigurationManager, init=-1: [be188c32-466c-43f9-97ae-301f6c786ce6:192.168.36.106:46026, 2f6b521d-5d5d-44f9-9b20-650b7881613d:192.168.36.106:34675, 411242e4-7603-4235-b66c-08546d6d220d:192.168.36.106:35846], old=null, confs=<EMPTY_MAP>
2019-08-30 03:47:47,357 [pool-439-thread-1] INFO  impl.RaftServerImpl (ServerState.java:<init>(105)) - 2f6b521d-5d5d-44f9-9b20-650b7881613d:group-F2B43FCFF49B ConfigurationManager, init=-1: [be188c32-466c-43f9-97ae-301f6c786ce6:192.168.36.106:46026, 2f6b521d-5d5d-44f9-9b20-650b7881613d:192.168.36.106:34675, 411242e4-7603-4235-b66c-08546d6d220d:192.168.36.106:35846], old=null, confs=<EMPTY_MAP>
2019-08-30 03:47:47,357 [pool-450-thread-1] INFO  server.RaftServerConfigKeys (ConfUtils.java:logGet(43)) - raft.server.storage.dir = [/workdir/hadoop-ozone/integration-test/target/test-dir/MiniOzoneClusterImpl-54fb3437-fb27-4fd7-8614-a0b063bd7494/datanode-1/data/ratis] (custom)
2019-08-30 03:47:47,357 [pool-461-thread-1] INFO  server.RaftServerConfigKeys (ConfUtils.java:logGet(43)) - raft.server.sleep.deviation.threshold = 300 (default)
2019-08-30 03:47:47,357 [pool-439-thread-1] INFO  server.RaftServerConfigKeys (ConfUtils.java:logGet(43)) - raft.server.storage.dir = [/workdir/hadoop-ozone/integration-test/target/test-dir/MiniOzoneClusterImpl-54fb3437-fb27-4fd7-8614-a0b063bd7494/datanode-0/data/ratis] (custom)
2019-08-30 03:47:47,358 [pool-461-thread-1] INFO  server.RaftServerConfigKeys (ConfUtils.java:logGet(43)) - raft.server.log.appender.install.snapshot.enabled = false (custom)
2019-08-30 03:47:47,358 [pool-450-thread-1] INFO  storage.RaftStorageDirectory (RaftStorageDirectory.java:analyzeStorage(246)) - The storage directory /workdir/hadoop-ozone/integration-test/target/test-dir/MiniOzoneClusterImpl-54fb3437-fb27-4fd7-8614-a0b063bd7494/datanode-1/data/ratis/5db71220-eab3-4979-9605-f2b43fcff49b does not exist. Creating ...
2019-08-30 03:47:47,358 [pool-461-thread-1] INFO  impl.RaftServerImpl (ServerState.java:<init>(105)) - 411242e4-7603-4235-b66c-08546d6d220d:group-F2B43FCFF49B ConfigurationManager, init=-1: [be188c32-466c-43f9-97ae-301f6c786ce6:192.168.36.106:46026, 2f6b521d-5d5d-44f9-9b20-650b7881613d:192.168.36.106:34675, 411242e4-7603-4235-b66c-08546d6d220d:192.168.36.106:35846], old=null, confs=<EMPTY_MAP>
2019-08-30 03:47:47,358 [pool-439-thread-1] INFO  storage.RaftStorageDirectory (RaftStorageDirectory.java:analyzeStorage(246)) - The storage directory /workdir/hadoop-ozone/integration-test/target/test-dir/MiniOzoneClusterImpl-54fb3437-fb27-4fd7-8614-a0b063bd7494/datanode-0/data/ratis/5db71220-eab3-4979-9605-f2b43fcff49b does not exist. Creating ...
2019-08-30 03:47:47,358 [pool-461-thread-1] INFO  server.RaftServerConfigKeys (ConfUtils.java:logGet(43)) - raft.server.storage.dir = [/workdir/hadoop-ozone/integration-test/target/test-dir/MiniOzoneClusterImpl-54fb3437-fb27-4fd7-8614-a0b063bd7494/datanode-2/data/ratis] (custom)
2019-08-30 03:47:47,358 [pool-461-thread-1] INFO  storage.RaftStorageDirectory (RaftStorageDirectory.java:analyzeStorage(246)) - The storage directory /workdir/hadoop-ozone/integration-test/target/test-dir/MiniOzoneClusterImpl-54fb3437-fb27-4fd7-8614-a0b063bd7494/datanode-2/data/ratis/5db71220-eab3-4979-9605-f2b43fcff49b does not exist. Creating ...
2019-08-30 03:47:47,371 [pool-461-thread-1] INFO  storage.RaftStorageDirectory (RaftStorageDirectory.java:tryLock(328)) - Lock on /workdir/hadoop-ozone/integration-test/target/test-dir/MiniOzoneClusterImpl-54fb3437-fb27-4fd7-8614-a0b063bd7494/datanode-2/data/ratis/5db71220-eab3-4979-9605-f2b43fcff49b/in_use.lock acquired by nodename 23144@pr-hdds-1569-5ldcr-795608406
2019-08-30 03:47:47,371 [pool-450-thread-1] INFO  storage.RaftStorageDirectory (RaftStorageDirectory.java:tryLock(328)) - Lock on /workdir/hadoop-ozone/integration-test/target/test-dir/MiniOzoneClusterImpl-54fb3437-fb27-4fd7-8614-a0b063bd7494/datanode-1/data/ratis/5db71220-eab3-4979-9605-f2b43fcff49b/in_use.lock acquired by nodename 23144@pr-hdds-1569-5ldcr-795608406
2019-08-30 03:47:47,371 [pool-439-thread-1] INFO  storage.RaftStorageDirectory (RaftStorageDirectory.java:tryLock(328)) - Lock on /workdir/hadoop-ozone/integration-test/target/test-dir/MiniOzoneClusterImpl-54fb3437-fb27-4fd7-8614-a0b063bd7494/datanode-0/data/ratis/5db71220-eab3-4979-9605-f2b43fcff49b/in_use.lock acquired by nodename 23144@pr-hdds-1569-5ldcr-795608406
2019-08-30 03:47:47,385 [pool-461-thread-1] INFO  storage.RaftStorage (RaftStorage.java:format(72)) - Storage directory /workdir/hadoop-ozone/integration-test/target/test-dir/MiniOzoneClusterImpl-54fb3437-fb27-4fd7-8614-a0b063bd7494/datanode-2/data/ratis/5db71220-eab3-4979-9605-f2b43fcff49b has been successfully formatted.
2019-08-30 03:47:47,385 [pool-439-thread-1] INFO  storage.RaftStorage (RaftStorage.java:format(72)) - Storage directory /workdir/hadoop-ozone/integration-test/target/test-dir/MiniOzoneClusterImpl-54fb3437-fb27-4fd7-8614-a0b063bd7494/datanode-0/data/ratis/5db71220-eab3-4979-9605-f2b43fcff49b has been successfully formatted.
2019-08-30 03:47:47,385 [pool-450-thread-1] INFO  storage.RaftStorage (RaftStorage.java:format(72)) - Storage directory /workdir/hadoop-ozone/integration-test/target/test-dir/MiniOzoneClusterImpl-54fb3437-fb27-4fd7-8614-a0b063bd7494/datanode-1/data/ratis/5db71220-eab3-4979-9605-f2b43fcff49b has been successfully formatted.
2019-08-30 03:47:47,385 [pool-461-thread-1] INFO  ratis.ContainerStateMachine (ContainerStateMachine.java:loadSnapshot(226)) - group-F2B43FCFF49B: The snapshot info is null. Setting the last applied indexto:(t:0, i:~)
2019-08-30 03:47:47,385 [pool-439-thread-1] INFO  ratis.ContainerStateMachine (ContainerStateMachine.java:loadSnapshot(226)) - group-F2B43FCFF49B: The snapshot info is null. Setting the last applied indexto:(t:0, i:~)
2019-08-30 03:47:47,385 [pool-461-thread-1] INFO  server.RaftServerConfigKeys (ConfUtils.java:logGet(43)) - raft.server.leader.election.timeout = 120s (custom)
2019-08-30 03:47:47,385 [pool-450-thread-1] INFO  ratis.ContainerStateMachine (ContainerStateMachine.java:loadSnapshot(226)) - group-F2B43FCFF49B: The snapshot info is null. Setting the last applied indexto:(t:0, i:~)
2019-08-30 03:47:47,386 [pool-461-thread-1] INFO  server.RaftServerConfigKeys (ConfUtils.java:logGet(43)) - raft.server.log.use.memory = false (default)
2019-08-30 03:47:47,386 [pool-461-thread-1] INFO  server.RaftServerConfigKeys (ConfUtils.java:logGet(43)) - raft.server.log.purge.gap = 1000000 (custom)
2019-08-30 03:47:47,386 [pool-461-thread-1] INFO  server.RaftServerConfigKeys (ConfUtils.java:logGet(43)) - raft.server.log.appender.buffer.byte-limit = 33554432 (custom)
2019-08-30 03:47:47,386 [pool-461-thread-1] INFO  server.RaftServerConfigKeys (ConfUtils.java:logGet(43)) - raft.server.log.segment.size.max = 1048576 (custom)
2019-08-30 03:47:47,386 [pool-461-thread-1] INFO  server.RaftServerConfigKeys (ConfUtils.java:logGet(43)) - raft.server.log.segment.cache.num.max = 2 (custom)
2019-08-30 03:47:47,386 [pool-461-thread-1] INFO  segmented.SegmentedRaftLogWorker (SegmentedRaftLogWorker.java:<init>(172)) - new 411242e4-7603-4235-b66c-08546d6d220d-SegmentedRaftLogWorker:Storage Directory /workdir/hadoop-ozone/integration-test/target/test-dir/MiniOzoneClusterImpl-54fb3437-fb27-4fd7-8614-a0b063bd7494/datanode-2/data/ratis/5db71220-eab3-4979-9605-f2b43fcff49b for RaftStorage:Storage Directory /workdir/hadoop-ozone/integration-test/target/test-dir/MiniOzoneClusterImpl-54fb3437-fb27-4fd7-8614-a0b063bd7494/datanode-2/data/ratis/5db71220-eab3-4979-9605-f2b43fcff49b
2019-08-30 03:47:47,386 [pool-461-thread-1] INFO  server.RaftServerConfigKeys (ConfUtils.java:logGet(43)) - raft.server.log.queue.byte-limit = 2147483647 (custom)
2019-08-30 03:47:47,386 [pool-439-thread-1] INFO  server.RaftServerConfigKeys (ConfUtils.java:logGet(43)) - raft.server.leader.election.timeout = 120s (custom)
2019-08-30 03:47:47,386 [pool-461-thread-1] INFO  server.RaftServerConfigKeys (ConfUtils.java:logGet(43)) - raft.server.log.queue.element-limit = 1024 (custom)
2019-08-30 03:47:47,386 [pool-450-thread-1] INFO  server.RaftServerConfigKeys (ConfUtils.java:logGet(43)) - raft.server.leader.election.timeout = 120s (custom)
2019-08-30 03:47:47,387 [pool-450-thread-1] INFO  server.RaftServerConfigKeys (ConfUtils.java:logGet(43)) - raft.server.log.use.memory = false (default)
2019-08-30 03:47:47,387 [pool-450-thread-1] INFO  server.RaftServerConfigKeys (ConfUtils.java:logGet(43)) - raft.server.log.purge.gap = 1000000 (custom)
2019-08-30 03:47:47,387 [pool-450-thread-1] INFO  server.RaftServerConfigKeys (ConfUtils.java:logGet(43)) - raft.server.log.appender.buffer.byte-limit = 33554432 (custom)
2019-08-30 03:47:47,387 [pool-450-thread-1] INFO  server.RaftServerConfigKeys (ConfUtils.java:logGet(43)) - raft.server.log.segment.size.max = 1048576 (custom)
2019-08-30 03:47:47,387 [pool-450-thread-1] INFO  server.RaftServerConfigKeys (ConfUtils.java:logGet(43)) - raft.server.log.segment.cache.num.max = 2 (custom)
2019-08-30 03:47:47,387 [pool-450-thread-1] INFO  segmented.SegmentedRaftLogWorker (SegmentedRaftLogWorker.java:<init>(172)) - new be188c32-466c-43f9-97ae-301f6c786ce6-SegmentedRaftLogWorker:Storage Directory /workdir/hadoop-ozone/integration-test/target/test-dir/MiniOzoneClusterImpl-54fb3437-fb27-4fd7-8614-a0b063bd7494/datanode-1/data/ratis/5db71220-eab3-4979-9605-f2b43fcff49b for RaftStorage:Storage Directory /workdir/hadoop-ozone/integration-test/target/test-dir/MiniOzoneClusterImpl-54fb3437-fb27-4fd7-8614-a0b063bd7494/datanode-1/data/ratis/5db71220-eab3-4979-9605-f2b43fcff49b
2019-08-30 03:47:47,387 [pool-461-thread-1] INFO  server.RaftServerConfigKeys (ConfUtils.java:logGet(43)) - raft.server.log.segment.size.max = 1048576 (custom)
2019-08-30 03:47:47,386 [pool-439-thread-1] INFO  server.RaftServerConfigKeys (ConfUtils.java:logGet(43)) - raft.server.log.use.memory = false (default)
2019-08-30 03:47:47,387 [pool-461-thread-1] INFO  server.RaftServerConfigKeys (ConfUtils.java:logGet(43)) - raft.server.log.preallocated.size = 16384 (custom)
2019-08-30 03:47:47,387 [pool-450-thread-1] INFO  server.RaftServerConfigKeys (ConfUtils.java:logGet(43)) - raft.server.log.queue.byte-limit = 2147483647 (custom)
2019-08-30 03:47:47,388 [pool-461-thread-1] INFO  server.RaftServerConfigKeys (ConfUtils.java:logGet(43)) - raft.server.log.write.buffer.size = 33554432 (custom)
2019-08-30 03:47:47,388 [pool-439-thread-1] INFO  server.RaftServerConfigKeys (ConfUtils.java:logGet(43)) - raft.server.log.purge.gap = 1000000 (custom)
2019-08-30 03:47:47,388 [pool-461-thread-1] INFO  server.RaftServerConfigKeys (ConfUtils.java:logGet(43)) - raft.server.log.force.sync.num = 128 (default)
2019-08-30 03:47:47,388 [pool-450-thread-1] INFO  server.RaftServerConfigKeys (ConfUtils.java:logGet(43)) - raft.server.log.queue.element-limit = 1024 (custom)
2019-08-30 03:47:47,388 [pool-461-thread-1] INFO  server.RaftServerConfigKeys (ConfUtils.java:logGet(43)) - raft.server.log.statemachine.data.sync = true (default)
2019-08-30 03:47:47,388 [pool-439-thread-1] INFO  server.RaftServerConfigKeys (ConfUtils.java:logGet(43)) - raft.server.log.appender.buffer.byte-limit = 33554432 (custom)
2019-08-30 03:47:47,388 [pool-461-thread-1] INFO  server.RaftServerConfigKeys (ConfUtils.java:logGet(43)) - raft.server.log.statemachine.data.sync.timeout = 10s (default)
2019-08-30 03:47:47,388 [pool-450-thread-1] INFO  server.RaftServerConfigKeys (ConfUtils.java:logGet(43)) - raft.server.log.segment.size.max = 1048576 (custom)
2019-08-30 03:47:47,389 [pool-461-thread-1] INFO  server.RaftServerConfigKeys (ConfUtils.java:logGet(43)) - raft.server.log.statemachine.data.sync.timeout.retry = -1 (default)
2019-08-30 03:47:47,389 [pool-439-thread-1] INFO  server.RaftServerConfigKeys (ConfUtils.java:logGet(43)) - raft.server.log.segment.size.max = 1048576 (custom)
2019-08-30 03:47:47,389 [pool-461-thread-1] INFO  server.RaftServerConfigKeys (ConfUtils.java:logGet(43)) - raft.server.log.statemachine.data.caching.enabled = true (custom)
2019-08-30 03:47:47,389 [pool-450-thread-1] INFO  server.RaftServerConfigKeys (ConfUtils.java:logGet(43)) - raft.server.log.preallocated.size = 16384 (custom)
2019-08-30 03:47:47,389 [pool-439-thread-1] INFO  server.RaftServerConfigKeys (ConfUtils.java:logGet(43)) - raft.server.log.segment.cache.num.max = 2 (custom)
2019-08-30 03:47:47,389 [pool-461-thread-1] INFO  segmented.SegmentedRaftLogWorker (SegmentedRaftLogWorker.java:lambda$new$0(132)) - 411242e4-7603-4235-b66c-08546d6d220d-SegmentedRaftLogWorker:Storage Directory /workdir/hadoop-ozone/integration-test/target/test-dir/MiniOzoneClusterImpl-54fb3437-fb27-4fd7-8614-a0b063bd7494/datanode-2/data/ratis/5db71220-eab3-4979-9605-f2b43fcff49b: flushIndex: setUnconditionally 0 -> -1
2019-08-30 03:47:47,389 [pool-450-thread-1] INFO  server.RaftServerConfigKeys (ConfUtils.java:logGet(43)) - raft.server.log.write.buffer.size = 33554432 (custom)
2019-08-30 03:47:47,389 [pool-439-thread-1] INFO  segmented.SegmentedRaftLogWorker (SegmentedRaftLogWorker.java:<init>(172)) - new 2f6b521d-5d5d-44f9-9b20-650b7881613d-SegmentedRaftLogWorker:Storage Directory /workdir/hadoop-ozone/integration-test/target/test-dir/MiniOzoneClusterImpl-54fb3437-fb27-4fd7-8614-a0b063bd7494/datanode-0/data/ratis/5db71220-eab3-4979-9605-f2b43fcff49b for RaftStorage:Storage Directory /workdir/hadoop-ozone/integration-test/target/test-dir/MiniOzoneClusterImpl-54fb3437-fb27-4fd7-8614-a0b063bd7494/datanode-0/data/ratis/5db71220-eab3-4979-9605-f2b43fcff49b
2019-08-30 03:47:47,390 [pool-450-thread-1] INFO  server.RaftServerConfigKeys (ConfUtils.java:logGet(43)) - raft.server.log.force.sync.num = 128 (default)
2019-08-30 03:47:47,390 [pool-439-thread-1] INFO  server.RaftServerConfigKeys (ConfUtils.java:logGet(43)) - raft.server.log.queue.byte-limit = 2147483647 (custom)
2019-08-30 03:47:47,390 [pool-461-thread-1] INFO  server.RaftServerConfigKeys (ConfUtils.java:logGet(43)) - raft.server.snapshot.auto.trigger.enabled = true (custom)
2019-08-30 03:47:47,390 [pool-439-thread-1] INFO  server.RaftServerConfigKeys (ConfUtils.java:logGet(43)) - raft.server.log.queue.element-limit = 1024 (custom)
2019-08-30 03:47:47,390 [pool-450-thread-1] INFO  server.RaftServerConfigKeys (ConfUtils.java:logGet(43)) - raft.server.log.statemachine.data.sync = true (default)
2019-08-30 03:47:47,390 [pool-439-thread-1] INFO  server.RaftServerConfigKeys (ConfUtils.java:logGet(43)) - raft.server.log.segment.size.max = 1048576 (custom)
2019-08-30 03:47:47,390 [pool-461-thread-1] INFO  server.RaftServerConfigKeys (ConfUtils.java:logGet(43)) - raft.server.snapshot.auto.trigger.threshold = 10000 (custom)
2019-08-30 03:47:47,390 [pool-439-thread-1] INFO  server.RaftServerConfigKeys (ConfUtils.java:logGet(43)) - raft.server.log.preallocated.size = 16384 (custom)
2019-08-30 03:47:47,390 [pool-450-thread-1] INFO  server.RaftServerConfigKeys (ConfUtils.java:logGet(43)) - raft.server.log.statemachine.data.sync.timeout = 10s (default)
2019-08-30 03:47:47,391 [pool-439-thread-1] INFO  server.RaftServerConfigKeys (ConfUtils.java:logGet(43)) - raft.server.log.write.buffer.size = 33554432 (custom)
2019-08-30 03:47:47,391 [pool-461-thread-1] INFO  server.RaftServerConfigKeys (ConfUtils.java:logGet(43)) - raft.server.retrycache.expirytime = 600000ms (custom)
2019-08-30 03:47:47,391 [pool-439-thread-1] INFO  server.RaftServerConfigKeys (ConfUtils.java:logGet(43)) - raft.server.log.force.sync.num = 128 (default)
2019-08-30 03:47:47,391 [pool-450-thread-1] INFO  server.RaftServerConfigKeys (ConfUtils.java:logGet(43)) - raft.server.log.statemachine.data.sync.timeout.retry = -1 (default)
2019-08-30 03:47:47,391 [pool-439-thread-1] INFO  server.RaftServerConfigKeys (ConfUtils.java:logGet(43)) - raft.server.log.statemachine.data.sync = true (default)
2019-08-30 03:47:47,391 [pool-461-thread-1] INFO  impl.RaftServerImpl (RaftServerImpl.java:start(180)) - 411242e4-7603-4235-b66c-08546d6d220d: start group-F2B43FCFF49B
2019-08-30 03:47:47,391 [pool-439-thread-1] INFO  server.RaftServerConfigKeys (ConfUtils.java:logGet(43)) - raft.server.log.statemachine.data.sync.timeout = 10s (default)
2019-08-30 03:47:47,391 [pool-450-thread-1] INFO  server.RaftServerConfigKeys (ConfUtils.java:logGet(43)) - raft.server.log.statemachine.data.caching.enabled = true (custom)
2019-08-30 03:47:47,391 [pool-439-thread-1] INFO  server.RaftServerConfigKeys (ConfUtils.java:logGet(43)) - raft.server.log.statemachine.data.sync.timeout.retry = -1 (default)
2019-08-30 03:47:47,391 [pool-461-thread-1] INFO  impl.RaftServerImpl (RaftServerImpl.java:setRole(171)) - 411242e4-7603-4235-b66c-08546d6d220d:group-F2B43FCFF49B changes role from null to FOLLOWER at term 0 for startAsFollower
2019-08-30 03:47:47,392 [pool-439-thread-1] INFO  server.RaftServerConfigKeys (ConfUtils.java:logGet(43)) - raft.server.log.statemachine.data.caching.enabled = true (custom)
2019-08-30 03:47:47,392 [pool-450-thread-1] INFO  segmented.SegmentedRaftLogWorker (SegmentedRaftLogWorker.java:lambda$new$0(132)) - be188c32-466c-43f9-97ae-301f6c786ce6-SegmentedRaftLogWorker:Storage Directory /workdir/hadoop-ozone/integration-test/target/test-dir/MiniOzoneClusterImpl-54fb3437-fb27-4fd7-8614-a0b063bd7494/datanode-1/data/ratis/5db71220-eab3-4979-9605-f2b43fcff49b: flushIndex: setUnconditionally 0 -> -1
2019-08-30 03:47:47,392 [pool-439-thread-1] INFO  segmented.SegmentedRaftLogWorker (SegmentedRaftLogWorker.java:lambda$new$0(132)) - 2f6b521d-5d5d-44f9-9b20-650b7881613d-SegmentedRaftLogWorker:Storage Directory /workdir/hadoop-ozone/integration-test/target/test-dir/MiniOzoneClusterImpl-54fb3437-fb27-4fd7-8614-a0b063bd7494/datanode-0/data/ratis/5db71220-eab3-4979-9605-f2b43fcff49b: flushIndex: setUnconditionally 0 -> -1
2019-08-30 03:47:47,392 [pool-461-thread-1] INFO  impl.RoleInfo (RoleInfo.java:updateAndGet(143)) - 411242e4-7603-4235-b66c-08546d6d220d: start FollowerState
2019-08-30 03:47:47,392 [pool-450-thread-1] INFO  server.RaftServerConfigKeys (ConfUtils.java:logGet(43)) - raft.server.snapshot.auto.trigger.enabled = true (custom)
2019-08-30 03:47:47,392 [pool-450-thread-1] INFO  server.RaftServerConfigKeys (ConfUtils.java:logGet(43)) - raft.server.snapshot.auto.trigger.threshold = 10000 (custom)
2019-08-30 03:47:47,392 [pool-439-thread-1] INFO  server.RaftServerConfigKeys (ConfUtils.java:logGet(43)) - raft.server.snapshot.auto.trigger.enabled = true (custom)
2019-08-30 03:47:47,392 [pool-450-thread-1] INFO  server.RaftServerConfigKeys (ConfUtils.java:logGet(43)) - raft.server.retrycache.expirytime = 600000ms (custom)
2019-08-30 03:47:47,393 [pool-461-thread-1] INFO  util.JmxRegister (JmxRegister.java:tryRegister(44)) - Successfully registered JMX Bean with object name Ratis:service=RaftServer,group=group-F2B43FCFF49B,id=411242e4-7603-4235-b66c-08546d6d220d
2019-08-30 03:47:47,393 [pool-439-thread-1] INFO  server.RaftServerConfigKeys (ConfUtils.java:logGet(43)) - raft.server.snapshot.auto.trigger.threshold = 10000 (custom)
2019-08-30 03:47:47,393 [pool-450-thread-1] INFO  impl.RaftServerImpl (RaftServerImpl.java:start(180)) - be188c32-466c-43f9-97ae-301f6c786ce6: start group-F2B43FCFF49B
2019-08-30 03:47:47,393 [pool-439-thread-1] INFO  server.RaftServerConfigKeys (ConfUtils.java:logGet(43)) - raft.server.retrycache.expirytime = 600000ms (custom)
2019-08-30 03:47:47,393 [pool-450-thread-1] INFO  impl.RaftServerImpl (RaftServerImpl.java:setRole(171)) - be188c32-466c-43f9-97ae-301f6c786ce6:group-F2B43FCFF49B changes role from null to FOLLOWER at term 0 for startAsFollower
2019-08-30 03:47:47,393 [pool-439-thread-1] INFO  impl.RaftServerImpl (RaftServerImpl.java:start(180)) - 2f6b521d-5d5d-44f9-9b20-650b7881613d: start group-F2B43FCFF49B
2019-08-30 03:47:47,393 [pool-450-thread-1] INFO  impl.RoleInfo (RoleInfo.java:updateAndGet(143)) - be188c32-466c-43f9-97ae-301f6c786ce6: start FollowerState
2019-08-30 03:47:47,393 [pool-439-thread-1] INFO  impl.RaftServerImpl (RaftServerImpl.java:setRole(171)) - 2f6b521d-5d5d-44f9-9b20-650b7881613d:group-F2B43FCFF49B changes role from null to FOLLOWER at term 0 for startAsFollower
2019-08-30 03:47:47,394 [pool-439-thread-1] INFO  impl.RoleInfo (RoleInfo.java:updateAndGet(143)) - 2f6b521d-5d5d-44f9-9b20-650b7881613d: start FollowerState
2019-08-30 03:47:47,394 [pool-450-thread-1] INFO  util.JmxRegister (JmxRegister.java:tryRegister(44)) - Successfully registered JMX Bean with object name Ratis:service=RaftServer,group=group-F2B43FCFF49B,id=be188c32-466c-43f9-97ae-301f6c786ce6
2019-08-30 03:47:47,394 [pool-439-thread-1] INFO  util.JmxRegister (JmxRegister.java:tryRegister(44)) - Successfully registered JMX Bean with object name Ratis:service=RaftServer,group=group-F2B43FCFF49B,id=2f6b521d-5d5d-44f9-9b20-650b7881613d
2019-08-30 03:47:47,395 [RatisPipelineUtilsThread] INFO  pipeline.PipelineStateManager (PipelineStateManager.java:addPipeline(56)) - Created pipeline Pipeline[ Id: 5db71220-eab3-4979-9605-f2b43fcff49b, Nodes: be188c32-466c-43f9-97ae-301f6c786ce6{ip: 192.168.36.106, host: pr-hdds-1569-5ldcr-795608406, networkLocation: /default-rack, certSerialId: null}2f6b521d-5d5d-44f9-9b20-650b7881613d{ip: 192.168.36.106, host: pr-hdds-1569-5ldcr-795608406, networkLocation: /default-rack, certSerialId: null}411242e4-7603-4235-b66c-08546d6d220d{ip: 192.168.36.106, host: pr-hdds-1569-5ldcr-795608406, networkLocation: /default-rack, certSerialId: null}, Type:RATIS, Factor:THREE, State:OPEN]
2019-08-30 03:47:47,518 [IPC Server handler 1 on 41734] INFO  net.NetworkTopology (NetworkTopologyImpl.java:add(110)) - Added a new node: /default-rack/1a924af3-a664-4014-9ecf-70089b07935e
2019-08-30 03:47:47,524 [grpc-default-executor-3] INFO  impl.RaftServerProxy (RaftServerProxy.java:addNew(89)) - 1a924af3-a664-4014-9ecf-70089b07935e: addNew group-FE3C42462346:[1a924af3-a664-4014-9ecf-70089b07935e:192.168.36.106:43035] returns group-FE3C42462346:java.util.concurrent.CompletableFuture@6826998c[Not completed]
2019-08-30 03:47:47,524 [IPC Server handler 1 on 41734] INFO  node.SCMNodeManager (SCMNodeManager.java:register(274)) - Registered Data node : 1a924af3-a664-4014-9ecf-70089b07935e{ip: 192.168.36.106, host: pr-hdds-1569-5ldcr-795608406, networkLocation: /default-rack, certSerialId: null}
2019-08-30 03:47:47,524 [pool-472-thread-1] INFO  impl.RaftServerImpl (RaftServerImpl.java:<init>(93)) - 1a924af3-a664-4014-9ecf-70089b07935e: new RaftServerImpl for group-FE3C42462346:[1a924af3-a664-4014-9ecf-70089b07935e:192.168.36.106:43035] with ContainerStateMachine:uninitialized
2019-08-30 03:47:47,525 [pool-472-thread-1] INFO  server.RaftServerConfigKeys (ConfUtils.java:logGet(43)) - raft.server.rpc.timeout.min = 5s (custom)
2019-08-30 03:47:47,525 [pool-472-thread-1] INFO  server.RaftServerConfigKeys (ConfUtils.java:logGet(43)) - raft.server.rpc.timeout.max = 5200ms (custom)
2019-08-30 03:47:47,526 [pool-472-thread-1] INFO  server.RaftServerConfigKeys (ConfUtils.java:logGet(43)) - raft.server.rpcslowness.timeout = 120s (custom)
2019-08-30 03:47:47,526 [pool-472-thread-1] INFO  server.RaftServerConfigKeys (ConfUtils.java:logGet(43)) - raft.server.sleep.deviation.threshold = 300 (default)
2019-08-30 03:47:47,526 [pool-472-thread-1] INFO  server.RaftServerConfigKeys (ConfUtils.java:logGet(43)) - raft.server.log.appender.install.snapshot.enabled = false (custom)
2019-08-30 03:47:47,526 [pool-472-thread-1] INFO  impl.RaftServerImpl (ServerState.java:<init>(105)) - 1a924af3-a664-4014-9ecf-70089b07935e:group-FE3C42462346 ConfigurationManager, init=-1: [1a924af3-a664-4014-9ecf-70089b07935e:192.168.36.106:43035], old=null, confs=<EMPTY_MAP>
2019-08-30 03:47:47,526 [pool-472-thread-1] INFO  server.RaftServerConfigKeys (ConfUtils.java:logGet(43)) - raft.server.storage.dir = [/workdir/hadoop-ozone/integration-test/target/test-dir/MiniOzoneClusterImpl-54fb3437-fb27-4fd7-8614-a0b063bd7494/datanode-3/data/ratis] (custom)
2019-08-30 03:47:47,526 [pool-472-thread-1] INFO  storage.RaftStorageDirectory (RaftStorageDirectory.java:analyzeStorage(246)) - The storage directory /workdir/hadoop-ozone/integration-test/target/test-dir/MiniOzoneClusterImpl-54fb3437-fb27-4fd7-8614-a0b063bd7494/datanode-3/data/ratis/8fafa975-8be6-47a1-9252-fe3c42462346 does not exist. Creating ...
2019-08-30 03:47:47,528 | INFO  | SCMAudit | user=jenkins1000 | ip=192.168.36.106 | op=REGISTER {datanodeDetails=1a924af3-a664-4014-9ecf-70089b07935e{ip: 192.168.36.106, host: pr-hdds-1569-5ldcr-795608406, networkLocation: /default-rack, certSerialId: null}} | ret=SUCCESS |  
2019-08-30 03:47:47,540 [pool-472-thread-1] INFO  storage.RaftStorageDirectory (RaftStorageDirectory.java:tryLock(328)) - Lock on /workdir/hadoop-ozone/integration-test/target/test-dir/MiniOzoneClusterImpl-54fb3437-fb27-4fd7-8614-a0b063bd7494/datanode-3/data/ratis/8fafa975-8be6-47a1-9252-fe3c42462346/in_use.lock acquired by nodename 23144@pr-hdds-1569-5ldcr-795608406
2019-08-30 03:47:47,553 [pool-472-thread-1] INFO  storage.RaftStorage (RaftStorage.java:format(72)) - Storage directory /workdir/hadoop-ozone/integration-test/target/test-dir/MiniOzoneClusterImpl-54fb3437-fb27-4fd7-8614-a0b063bd7494/datanode-3/data/ratis/8fafa975-8be6-47a1-9252-fe3c42462346 has been successfully formatted.
2019-08-30 03:47:47,554 [pool-472-thread-1] INFO  ratis.ContainerStateMachine (ContainerStateMachine.java:loadSnapshot(226)) - group-FE3C42462346: The snapshot info is null. Setting the last applied indexto:(t:0, i:~)
2019-08-30 03:47:47,554 [pool-472-thread-1] INFO  server.RaftServerConfigKeys (ConfUtils.java:logGet(43)) - raft.server.leader.election.timeout = 120s (custom)
2019-08-30 03:47:47,554 [pool-472-thread-1] INFO  server.RaftServerConfigKeys (ConfUtils.java:logGet(43)) - raft.server.log.use.memory = false (default)
2019-08-30 03:47:47,554 [pool-472-thread-1] INFO  server.RaftServerConfigKeys (ConfUtils.java:logGet(43)) - raft.server.log.purge.gap = 1000000 (custom)
2019-08-30 03:47:47,554 [pool-472-thread-1] INFO  server.RaftServerConfigKeys (ConfUtils.java:logGet(43)) - raft.server.log.appender.buffer.byte-limit = 33554432 (custom)
2019-08-30 03:47:47,554 [pool-472-thread-1] INFO  server.RaftServerConfigKeys (ConfUtils.java:logGet(43)) - raft.server.log.segment.size.max = 1048576 (custom)
2019-08-30 03:47:47,554 [pool-472-thread-1] INFO  server.RaftServerConfigKeys (ConfUtils.java:logGet(43)) - raft.server.log.segment.cache.num.max = 2 (custom)
2019-08-30 03:47:47,554 [pool-472-thread-1] INFO  segmented.SegmentedRaftLogWorker (SegmentedRaftLogWorker.java:<init>(172)) - new 1a924af3-a664-4014-9ecf-70089b07935e-SegmentedRaftLogWorker:Storage Directory /workdir/hadoop-ozone/integration-test/target/test-dir/MiniOzoneClusterImpl-54fb3437-fb27-4fd7-8614-a0b063bd7494/datanode-3/data/ratis/8fafa975-8be6-47a1-9252-fe3c42462346 for RaftStorage:Storage Directory /workdir/hadoop-ozone/integration-test/target/test-dir/MiniOzoneClusterImpl-54fb3437-fb27-4fd7-8614-a0b063bd7494/datanode-3/data/ratis/8fafa975-8be6-47a1-9252-fe3c42462346
2019-08-30 03:47:47,554 [pool-472-thread-1] INFO  server.RaftServerConfigKeys (ConfUtils.java:logGet(43)) - raft.server.log.queue.byte-limit = 2147483647 (custom)
2019-08-30 03:47:47,555 [pool-472-thread-1] INFO  server.RaftServerConfigKeys (ConfUtils.java:logGet(43)) - raft.server.log.queue.element-limit = 1024 (custom)
2019-08-30 03:47:47,555 [pool-472-thread-1] INFO  server.RaftServerConfigKeys (ConfUtils.java:logGet(43)) - raft.server.log.segment.size.max = 1048576 (custom)
2019-08-30 03:47:47,555 [pool-472-thread-1] INFO  server.RaftServerConfigKeys (ConfUtils.java:logGet(43)) - raft.server.log.preallocated.size = 16384 (custom)
2019-08-30 03:47:47,555 [pool-472-thread-1] INFO  server.RaftServerConfigKeys (ConfUtils.java:logGet(43)) - raft.server.log.write.buffer.size = 33554432 (custom)
2019-08-30 03:47:47,555 [pool-472-thread-1] INFO  server.RaftServerConfigKeys (ConfUtils.java:logGet(43)) - raft.server.log.force.sync.num = 128 (default)
2019-08-30 03:47:47,555 [pool-472-thread-1] INFO  server.RaftServerConfigKeys (ConfUtils.java:logGet(43)) - raft.server.log.statemachine.data.sync = true (default)
2019-08-30 03:47:47,555 [pool-472-thread-1] INFO  server.RaftServerConfigKeys (ConfUtils.java:logGet(43)) - raft.server.log.statemachine.data.sync.timeout = 10s (default)
2019-08-30 03:47:47,555 [pool-472-thread-1] INFO  server.RaftServerConfigKeys (ConfUtils.java:logGet(43)) - raft.server.log.statemachine.data.sync.timeout.retry = -1 (default)
2019-08-30 03:47:47,555 [pool-472-thread-1] INFO  server.RaftServerConfigKeys (ConfUtils.java:logGet(43)) - raft.server.log.statemachine.data.caching.enabled = true (custom)
2019-08-30 03:47:47,556 [pool-472-thread-1] INFO  segmented.SegmentedRaftLogWorker (SegmentedRaftLogWorker.java:lambda$new$0(132)) - 1a924af3-a664-4014-9ecf-70089b07935e-SegmentedRaftLogWorker:Storage Directory /workdir/hadoop-ozone/integration-test/target/test-dir/MiniOzoneClusterImpl-54fb3437-fb27-4fd7-8614-a0b063bd7494/datanode-3/data/ratis/8fafa975-8be6-47a1-9252-fe3c42462346: flushIndex: setUnconditionally 0 -> -1
2019-08-30 03:47:47,556 [pool-472-thread-1] INFO  server.RaftServerConfigKeys (ConfUtils.java:logGet(43)) - raft.server.snapshot.auto.trigger.enabled = true (custom)
2019-08-30 03:47:47,556 [pool-472-thread-1] INFO  server.RaftServerConfigKeys (ConfUtils.java:logGet(43)) - raft.server.snapshot.auto.trigger.threshold = 10000 (custom)
2019-08-30 03:47:47,556 [pool-472-thread-1] INFO  server.RaftServerConfigKeys (ConfUtils.java:logGet(43)) - raft.server.retrycache.expirytime = 600000ms (custom)
2019-08-30 03:47:47,556 [pool-472-thread-1] INFO  impl.RaftServerImpl (RaftServerImpl.java:start(180)) - 1a924af3-a664-4014-9ecf-70089b07935e: start group-FE3C42462346
2019-08-30 03:47:47,556 [pool-472-thread-1] INFO  impl.RaftServerImpl (RaftServerImpl.java:setRole(171)) - 1a924af3-a664-4014-9ecf-70089b07935e:group-FE3C42462346 changes role from null to FOLLOWER at term 0 for startAsFollower
2019-08-30 03:47:47,557 [pool-472-thread-1] INFO  impl.RoleInfo (RoleInfo.java:updateAndGet(143)) - 1a924af3-a664-4014-9ecf-70089b07935e: start FollowerState
2019-08-30 03:47:47,557 [pool-472-thread-1] INFO  util.JmxRegister (JmxRegister.java:tryRegister(44)) - Successfully registered JMX Bean with object name Ratis:service=RaftServer,group=group-FE3C42462346,id=1a924af3-a664-4014-9ecf-70089b07935e
2019-08-30 03:47:47,558 [RatisPipelineUtilsThread] INFO  pipeline.PipelineStateManager (PipelineStateManager.java:addPipeline(56)) - Created pipeline Pipeline[ Id: 8fafa975-8be6-47a1-9252-fe3c42462346, Nodes: 1a924af3-a664-4014-9ecf-70089b07935e{ip: 192.168.36.106, host: pr-hdds-1569-5ldcr-795608406, networkLocation: /default-rack, certSerialId: null}, Type:RATIS, Factor:ONE, State:OPEN]
2019-08-30 03:47:47,723 [IPC Server handler 2 on 41734] INFO  net.NetworkTopology (NetworkTopologyImpl.java:add(110)) - Added a new node: /default-rack/cc647f08-9ea0-4a2f-993e-2fedd32829f9
2019-08-30 03:47:47,723 [IPC Server handler 2 on 41734] INFO  node.SCMNodeManager (SCMNodeManager.java:register(274)) - Registered Data node : cc647f08-9ea0-4a2f-993e-2fedd32829f9{ip: 192.168.36.106, host: pr-hdds-1569-5ldcr-795608406, networkLocation: /default-rack, certSerialId: null}
2019-08-30 03:47:47,724 | INFO  | SCMAudit | user=jenkins1000 | ip=192.168.36.106 | op=REGISTER {datanodeDetails=cc647f08-9ea0-4a2f-993e-2fedd32829f9{ip: 192.168.36.106, host: pr-hdds-1569-5ldcr-795608406, networkLocation: /default-rack, certSerialId: null}} | ret=SUCCESS |  
2019-08-30 03:47:47,728 [grpc-default-executor-3] INFO  impl.RaftServerProxy (RaftServerProxy.java:addNew(89)) - cc647f08-9ea0-4a2f-993e-2fedd32829f9: addNew group-1BF894B0CB93:[cc647f08-9ea0-4a2f-993e-2fedd32829f9:192.168.36.106:42702] returns group-1BF894B0CB93:java.util.concurrent.CompletableFuture@1eaa026f[Not completed]
2019-08-30 03:47:47,730 [pool-483-thread-1] INFO  impl.RaftServerImpl (RaftServerImpl.java:<init>(93)) - cc647f08-9ea0-4a2f-993e-2fedd32829f9: new RaftServerImpl for group-1BF894B0CB93:[cc647f08-9ea0-4a2f-993e-2fedd32829f9:192.168.36.106:42702] with ContainerStateMachine:uninitialized
2019-08-30 03:47:47,730 [pool-483-thread-1] INFO  server.RaftServerConfigKeys (ConfUtils.java:logGet(43)) - raft.server.rpc.timeout.min = 5s (custom)
2019-08-30 03:47:47,730 [pool-483-thread-1] INFO  server.RaftServerConfigKeys (ConfUtils.java:logGet(43)) - raft.server.rpc.timeout.max = 5200ms (custom)
2019-08-30 03:47:47,730 [pool-483-thread-1] INFO  server.RaftServerConfigKeys (ConfUtils.java:logGet(43)) - raft.server.rpcslowness.timeout = 120s (custom)
2019-08-30 03:47:47,730 [pool-483-thread-1] INFO  server.RaftServerConfigKeys (ConfUtils.java:logGet(43)) - raft.server.sleep.deviation.threshold = 300 (default)
2019-08-30 03:47:47,730 [pool-483-thread-1] INFO  server.RaftServerConfigKeys (ConfUtils.java:logGet(43)) - raft.server.log.appender.install.snapshot.enabled = false (custom)
2019-08-30 03:47:47,730 [pool-483-thread-1] INFO  impl.RaftServerImpl (ServerState.java:<init>(105)) - cc647f08-9ea0-4a2f-993e-2fedd32829f9:group-1BF894B0CB93 ConfigurationManager, init=-1: [cc647f08-9ea0-4a2f-993e-2fedd32829f9:192.168.36.106:42702], old=null, confs=<EMPTY_MAP>
2019-08-30 03:47:47,731 [pool-483-thread-1] INFO  server.RaftServerConfigKeys (ConfUtils.java:logGet(43)) - raft.server.storage.dir = [/workdir/hadoop-ozone/integration-test/target/test-dir/MiniOzoneClusterImpl-54fb3437-fb27-4fd7-8614-a0b063bd7494/datanode-4/data/ratis] (custom)
2019-08-30 03:47:47,731 [pool-483-thread-1] INFO  storage.RaftStorageDirectory (RaftStorageDirectory.java:analyzeStorage(246)) - The storage directory /workdir/hadoop-ozone/integration-test/target/test-dir/MiniOzoneClusterImpl-54fb3437-fb27-4fd7-8614-a0b063bd7494/datanode-4/data/ratis/616a2f16-8a3e-481e-9f33-1bf894b0cb93 does not exist. Creating ...
2019-08-30 03:47:47,743 [pool-483-thread-1] INFO  storage.RaftStorageDirectory (RaftStorageDirectory.java:tryLock(328)) - Lock on /workdir/hadoop-ozone/integration-test/target/test-dir/MiniOzoneClusterImpl-54fb3437-fb27-4fd7-8614-a0b063bd7494/datanode-4/data/ratis/616a2f16-8a3e-481e-9f33-1bf894b0cb93/in_use.lock acquired by nodename 23144@pr-hdds-1569-5ldcr-795608406
2019-08-30 03:47:47,757 [pool-483-thread-1] INFO  storage.RaftStorage (RaftStorage.java:format(72)) - Storage directory /workdir/hadoop-ozone/integration-test/target/test-dir/MiniOzoneClusterImpl-54fb3437-fb27-4fd7-8614-a0b063bd7494/datanode-4/data/ratis/616a2f16-8a3e-481e-9f33-1bf894b0cb93 has been successfully formatted.
2019-08-30 03:47:47,757 [pool-483-thread-1] INFO  ratis.ContainerStateMachine (ContainerStateMachine.java:loadSnapshot(226)) - group-1BF894B0CB93: The snapshot info is null. Setting the last applied indexto:(t:0, i:~)
2019-08-30 03:47:47,757 [pool-483-thread-1] INFO  server.RaftServerConfigKeys (ConfUtils.java:logGet(43)) - raft.server.leader.election.timeout = 120s (custom)
2019-08-30 03:47:47,757 [pool-483-thread-1] INFO  server.RaftServerConfigKeys (ConfUtils.java:logGet(43)) - raft.server.log.use.memory = false (default)
2019-08-30 03:47:47,757 [pool-483-thread-1] INFO  server.RaftServerConfigKeys (ConfUtils.java:logGet(43)) - raft.server.log.purge.gap = 1000000 (custom)
2019-08-30 03:47:47,758 [pool-483-thread-1] INFO  server.RaftServerConfigKeys (ConfUtils.java:logGet(43)) - raft.server.log.appender.buffer.byte-limit = 33554432 (custom)
2019-08-30 03:47:47,758 [pool-483-thread-1] INFO  server.RaftServerConfigKeys (ConfUtils.java:logGet(43)) - raft.server.log.segment.size.max = 1048576 (custom)
2019-08-30 03:47:47,758 [pool-483-thread-1] INFO  server.RaftServerConfigKeys (ConfUtils.java:logGet(43)) - raft.server.log.segment.cache.num.max = 2 (custom)
2019-08-30 03:47:47,758 [pool-483-thread-1] INFO  segmented.SegmentedRaftLogWorker (SegmentedRaftLogWorker.java:<init>(172)) - new cc647f08-9ea0-4a2f-993e-2fedd32829f9-SegmentedRaftLogWorker:Storage Directory /workdir/hadoop-ozone/integration-test/target/test-dir/MiniOzoneClusterImpl-54fb3437-fb27-4fd7-8614-a0b063bd7494/datanode-4/data/ratis/616a2f16-8a3e-481e-9f33-1bf894b0cb93 for RaftStorage:Storage Directory /workdir/hadoop-ozone/integration-test/target/test-dir/MiniOzoneClusterImpl-54fb3437-fb27-4fd7-8614-a0b063bd7494/datanode-4/data/ratis/616a2f16-8a3e-481e-9f33-1bf894b0cb93
2019-08-30 03:47:47,758 [pool-483-thread-1] INFO  server.RaftServerConfigKeys (ConfUtils.java:logGet(43)) - raft.server.log.queue.byte-limit = 2147483647 (custom)
2019-08-30 03:47:47,758 [pool-483-thread-1] INFO  server.RaftServerConfigKeys (ConfUtils.java:logGet(43)) - raft.server.log.queue.element-limit = 1024 (custom)
2019-08-30 03:47:47,759 [pool-483-thread-1] INFO  server.RaftServerConfigKeys (ConfUtils.java:logGet(43)) - raft.server.log.segment.size.max = 1048576 (custom)
2019-08-30 03:47:47,759 [pool-483-thread-1] INFO  server.RaftServerConfigKeys (ConfUtils.java:logGet(43)) - raft.server.log.preallocated.size = 16384 (custom)
2019-08-30 03:47:47,759 [pool-483-thread-1] INFO  server.RaftServerConfigKeys (ConfUtils.java:logGet(43)) - raft.server.log.write.buffer.size = 33554432 (custom)
2019-08-30 03:47:47,759 [pool-483-thread-1] INFO  server.RaftServerConfigKeys (ConfUtils.java:logGet(43)) - raft.server.log.force.sync.num = 128 (default)
2019-08-30 03:47:47,759 [pool-483-thread-1] INFO  server.RaftServerConfigKeys (ConfUtils.java:logGet(43)) - raft.server.log.statemachine.data.sync = true (default)
2019-08-30 03:47:47,759 [pool-483-thread-1] INFO  server.RaftServerConfigKeys (ConfUtils.java:logGet(43)) - raft.server.log.statemachine.data.sync.timeout = 10s (default)
2019-08-30 03:47:47,759 [pool-483-thread-1] INFO  server.RaftServerConfigKeys (ConfUtils.java:logGet(43)) - raft.server.log.statemachine.data.sync.timeout.retry = -1 (default)
2019-08-30 03:47:47,760 [pool-483-thread-1] INFO  server.RaftServerConfigKeys (ConfUtils.java:logGet(43)) - raft.server.log.statemachine.data.caching.enabled = true (custom)
2019-08-30 03:47:47,760 [pool-483-thread-1] INFO  segmented.SegmentedRaftLogWorker (SegmentedRaftLogWorker.java:lambda$new$0(132)) - cc647f08-9ea0-4a2f-993e-2fedd32829f9-SegmentedRaftLogWorker:Storage Directory /workdir/hadoop-ozone/integration-test/target/test-dir/MiniOzoneClusterImpl-54fb3437-fb27-4fd7-8614-a0b063bd7494/datanode-4/data/ratis/616a2f16-8a3e-481e-9f33-1bf894b0cb93: flushIndex: setUnconditionally 0 -> -1
2019-08-30 03:47:47,760 [pool-483-thread-1] INFO  server.RaftServerConfigKeys (ConfUtils.java:logGet(43)) - raft.server.snapshot.auto.trigger.enabled = true (custom)
2019-08-30 03:47:47,760 [pool-483-thread-1] INFO  server.RaftServerConfigKeys (ConfUtils.java:logGet(43)) - raft.server.snapshot.auto.trigger.threshold = 10000 (custom)
2019-08-30 03:47:47,761 [pool-483-thread-1] INFO  server.RaftServerConfigKeys (ConfUtils.java:logGet(43)) - raft.server.retrycache.expirytime = 600000ms (custom)
2019-08-30 03:47:47,761 [pool-483-thread-1] INFO  impl.RaftServerImpl (RaftServerImpl.java:start(180)) - cc647f08-9ea0-4a2f-993e-2fedd32829f9: start group-1BF894B0CB93
2019-08-30 03:47:47,761 [pool-483-thread-1] INFO  impl.RaftServerImpl (RaftServerImpl.java:setRole(171)) - cc647f08-9ea0-4a2f-993e-2fedd32829f9:group-1BF894B0CB93 changes role from null to FOLLOWER at term 0 for startAsFollower
2019-08-30 03:47:47,761 [pool-483-thread-1] INFO  impl.RoleInfo (RoleInfo.java:updateAndGet(143)) - cc647f08-9ea0-4a2f-993e-2fedd32829f9: start FollowerState
2019-08-30 03:47:47,761 [pool-483-thread-1] INFO  util.JmxRegister (JmxRegister.java:tryRegister(44)) - Successfully registered JMX Bean with object name Ratis:service=RaftServer,group=group-1BF894B0CB93,id=cc647f08-9ea0-4a2f-993e-2fedd32829f9
2019-08-30 03:47:47,763 [RatisPipelineUtilsThread] INFO  pipeline.PipelineStateManager (PipelineStateManager.java:addPipeline(56)) - Created pipeline Pipeline[ Id: 616a2f16-8a3e-481e-9f33-1bf894b0cb93, Nodes: cc647f08-9ea0-4a2f-993e-2fedd32829f9{ip: 192.168.36.106, host: pr-hdds-1569-5ldcr-795608406, networkLocation: /default-rack, certSerialId: null}, Type:RATIS, Factor:ONE, State:OPEN]
2019-08-30 03:47:47,908 [IPC Server handler 3 on 41734] INFO  net.NetworkTopology (NetworkTopologyImpl.java:add(110)) - Added a new node: /default-rack/b4322056-cf8e-4481-ab52-49b414438035
2019-08-30 03:47:47,908 [IPC Server handler 3 on 41734] INFO  node.SCMNodeManager (SCMNodeManager.java:register(274)) - Registered Data node : b4322056-cf8e-4481-ab52-49b414438035{ip: 192.168.36.106, host: pr-hdds-1569-5ldcr-795608406, networkLocation: /default-rack, certSerialId: null}
2019-08-30 03:47:47,908 | INFO  | SCMAudit | user=jenkins1000 | ip=192.168.36.106 | op=REGISTER {datanodeDetails=b4322056-cf8e-4481-ab52-49b414438035{ip: 192.168.36.106, host: pr-hdds-1569-5ldcr-795608406, networkLocation: /default-rack, certSerialId: null}} | ret=SUCCESS |  
2019-08-30 03:47:47,913 [grpc-default-executor-3] INFO  impl.RaftServerProxy (RaftServerProxy.java:addNew(89)) - b4322056-cf8e-4481-ab52-49b414438035: addNew group-A658308CEC15:[b4322056-cf8e-4481-ab52-49b414438035:192.168.36.106:42667] returns group-A658308CEC15:java.util.concurrent.CompletableFuture@64cc5dea[Not completed]
2019-08-30 03:47:47,914 [pool-494-thread-1] INFO  impl.RaftServerImpl (RaftServerImpl.java:<init>(93)) - b4322056-cf8e-4481-ab52-49b414438035: new RaftServerImpl for group-A658308CEC15:[b4322056-cf8e-4481-ab52-49b414438035:192.168.36.106:42667] with ContainerStateMachine:uninitialized
2019-08-30 03:47:47,914 [pool-494-thread-1] INFO  server.RaftServerConfigKeys (ConfUtils.java:logGet(43)) - raft.server.rpc.timeout.min = 5s (custom)
2019-08-30 03:47:47,914 [pool-494-thread-1] INFO  server.RaftServerConfigKeys (ConfUtils.java:logGet(43)) - raft.server.rpc.timeout.max = 5200ms (custom)
2019-08-30 03:47:47,914 [pool-494-thread-1] INFO  server.RaftServerConfigKeys (ConfUtils.java:logGet(43)) - raft.server.rpcslowness.timeout = 120s (custom)
2019-08-30 03:47:47,914 [pool-494-thread-1] INFO  server.RaftServerConfigKeys (ConfUtils.java:logGet(43)) - raft.server.sleep.deviation.threshold = 300 (default)
2019-08-30 03:47:47,915 [pool-494-thread-1] INFO  server.RaftServerConfigKeys (ConfUtils.java:logGet(43)) - raft.server.log.appender.install.snapshot.enabled = false (custom)
2019-08-30 03:47:47,915 [pool-494-thread-1] INFO  impl.RaftServerImpl (ServerState.java:<init>(105)) - b4322056-cf8e-4481-ab52-49b414438035:group-A658308CEC15 ConfigurationManager, init=-1: [b4322056-cf8e-4481-ab52-49b414438035:192.168.36.106:42667], old=null, confs=<EMPTY_MAP>
2019-08-30 03:47:47,915 [pool-494-thread-1] INFO  server.RaftServerConfigKeys (ConfUtils.java:logGet(43)) - raft.server.storage.dir = [/workdir/hadoop-ozone/integration-test/target/test-dir/MiniOzoneClusterImpl-54fb3437-fb27-4fd7-8614-a0b063bd7494/datanode-5/data/ratis] (custom)
2019-08-30 03:47:47,915 [pool-494-thread-1] INFO  storage.RaftStorageDirectory (RaftStorageDirectory.java:analyzeStorage(246)) - The storage directory /workdir/hadoop-ozone/integration-test/target/test-dir/MiniOzoneClusterImpl-54fb3437-fb27-4fd7-8614-a0b063bd7494/datanode-5/data/ratis/498dc518-146c-4ffa-b15c-a658308cec15 does not exist. Creating ...
2019-08-30 03:47:47,928 [pool-494-thread-1] INFO  storage.RaftStorageDirectory (RaftStorageDirectory.java:tryLock(328)) - Lock on /workdir/hadoop-ozone/integration-test/target/test-dir/MiniOzoneClusterImpl-54fb3437-fb27-4fd7-8614-a0b063bd7494/datanode-5/data/ratis/498dc518-146c-4ffa-b15c-a658308cec15/in_use.lock acquired by nodename 23144@pr-hdds-1569-5ldcr-795608406
2019-08-30 03:47:47,940 [pool-494-thread-1] INFO  storage.RaftStorage (RaftStorage.java:format(72)) - Storage directory /workdir/hadoop-ozone/integration-test/target/test-dir/MiniOzoneClusterImpl-54fb3437-fb27-4fd7-8614-a0b063bd7494/datanode-5/data/ratis/498dc518-146c-4ffa-b15c-a658308cec15 has been successfully formatted.
2019-08-30 03:47:47,941 [pool-494-thread-1] INFO  ratis.ContainerStateMachine (ContainerStateMachine.java:loadSnapshot(226)) - group-A658308CEC15: The snapshot info is null. Setting the last applied indexto:(t:0, i:~)
2019-08-30 03:47:47,941 [pool-494-thread-1] INFO  server.RaftServerConfigKeys (ConfUtils.java:logGet(43)) - raft.server.leader.election.timeout = 120s (custom)
2019-08-30 03:47:47,941 [pool-494-thread-1] INFO  server.RaftServerConfigKeys (ConfUtils.java:logGet(43)) - raft.server.log.use.memory = false (default)
2019-08-30 03:47:47,941 [pool-494-thread-1] INFO  server.RaftServerConfigKeys (ConfUtils.java:logGet(43)) - raft.server.log.purge.gap = 1000000 (custom)
2019-08-30 03:47:47,941 [pool-494-thread-1] INFO  server.RaftServerConfigKeys (ConfUtils.java:logGet(43)) - raft.server.log.appender.buffer.byte-limit = 33554432 (custom)
2019-08-30 03:47:47,941 [pool-494-thread-1] INFO  server.RaftServerConfigKeys (ConfUtils.java:logGet(43)) - raft.server.log.segment.size.max = 1048576 (custom)
2019-08-30 03:47:47,941 [pool-494-thread-1] INFO  server.RaftServerConfigKeys (ConfUtils.java:logGet(43)) - raft.server.log.segment.cache.num.max = 2 (custom)
2019-08-30 03:47:47,941 [pool-494-thread-1] INFO  segmented.SegmentedRaftLogWorker (SegmentedRaftLogWorker.java:<init>(172)) - new b4322056-cf8e-4481-ab52-49b414438035-SegmentedRaftLogWorker:Storage Directory /workdir/hadoop-ozone/integration-test/target/test-dir/MiniOzoneClusterImpl-54fb3437-fb27-4fd7-8614-a0b063bd7494/datanode-5/data/ratis/498dc518-146c-4ffa-b15c-a658308cec15 for RaftStorage:Storage Directory /workdir/hadoop-ozone/integration-test/target/test-dir/MiniOzoneClusterImpl-54fb3437-fb27-4fd7-8614-a0b063bd7494/datanode-5/data/ratis/498dc518-146c-4ffa-b15c-a658308cec15
2019-08-30 03:47:47,942 [pool-494-thread-1] INFO  server.RaftServerConfigKeys (ConfUtils.java:logGet(43)) - raft.server.log.queue.byte-limit = 2147483647 (custom)
2019-08-30 03:47:47,942 [pool-494-thread-1] INFO  server.RaftServerConfigKeys (ConfUtils.java:logGet(43)) - raft.server.log.queue.element-limit = 1024 (custom)
2019-08-30 03:47:47,942 [pool-494-thread-1] INFO  server.RaftServerConfigKeys (ConfUtils.java:logGet(43)) - raft.server.log.segment.size.max = 1048576 (custom)
2019-08-30 03:47:47,942 [pool-494-thread-1] INFO  server.RaftServerConfigKeys (ConfUtils.java:logGet(43)) - raft.server.log.preallocated.size = 16384 (custom)
2019-08-30 03:47:47,942 [pool-494-thread-1] INFO  server.RaftServerConfigKeys (ConfUtils.java:logGet(43)) - raft.server.log.write.buffer.size = 33554432 (custom)
2019-08-30 03:47:47,942 [pool-494-thread-1] INFO  server.RaftServerConfigKeys (ConfUtils.java:logGet(43)) - raft.server.log.force.sync.num = 128 (default)
2019-08-30 03:47:47,942 [pool-494-thread-1] INFO  server.RaftServerConfigKeys (ConfUtils.java:logGet(43)) - raft.server.log.statemachine.data.sync = true (default)
2019-08-30 03:47:47,942 [pool-494-thread-1] INFO  server.RaftServerConfigKeys (ConfUtils.java:logGet(43)) - raft.server.log.statemachine.data.sync.timeout = 10s (default)
2019-08-30 03:47:47,942 [pool-494-thread-1] INFO  server.RaftServerConfigKeys (ConfUtils.java:logGet(43)) - raft.server.log.statemachine.data.sync.timeout.retry = -1 (default)
2019-08-30 03:47:47,943 [pool-494-thread-1] INFO  server.RaftServerConfigKeys (ConfUtils.java:logGet(43)) - raft.server.log.statemachine.data.caching.enabled = true (custom)
2019-08-30 03:47:47,943 [pool-494-thread-1] INFO  segmented.SegmentedRaftLogWorker (SegmentedRaftLogWorker.java:lambda$new$0(132)) - b4322056-cf8e-4481-ab52-49b414438035-SegmentedRaftLogWorker:Storage Directory /workdir/hadoop-ozone/integration-test/target/test-dir/MiniOzoneClusterImpl-54fb3437-fb27-4fd7-8614-a0b063bd7494/datanode-5/data/ratis/498dc518-146c-4ffa-b15c-a658308cec15: flushIndex: setUnconditionally 0 -> -1
2019-08-30 03:47:47,943 [pool-494-thread-1] INFO  server.RaftServerConfigKeys (ConfUtils.java:logGet(43)) - raft.server.snapshot.auto.trigger.enabled = true (custom)
2019-08-30 03:47:47,943 [pool-494-thread-1] INFO  server.RaftServerConfigKeys (ConfUtils.java:logGet(43)) - raft.server.snapshot.auto.trigger.threshold = 10000 (custom)
2019-08-30 03:47:47,943 [pool-494-thread-1] INFO  server.RaftServerConfigKeys (ConfUtils.java:logGet(43)) - raft.server.retrycache.expirytime = 600000ms (custom)
2019-08-30 03:47:47,943 [pool-494-thread-1] INFO  impl.RaftServerImpl (RaftServerImpl.java:start(180)) - b4322056-cf8e-4481-ab52-49b414438035: start group-A658308CEC15
2019-08-30 03:47:47,943 [pool-494-thread-1] INFO  impl.RaftServerImpl (RaftServerImpl.java:setRole(171)) - b4322056-cf8e-4481-ab52-49b414438035:group-A658308CEC15 changes role from null to FOLLOWER at term 0 for startAsFollower
2019-08-30 03:47:47,944 [pool-494-thread-1] INFO  impl.RoleInfo (RoleInfo.java:updateAndGet(143)) - b4322056-cf8e-4481-ab52-49b414438035: start FollowerState
2019-08-30 03:47:47,944 [pool-494-thread-1] INFO  util.JmxRegister (JmxRegister.java:tryRegister(44)) - Successfully registered JMX Bean with object name Ratis:service=RaftServer,group=group-A658308CEC15,id=b4322056-cf8e-4481-ab52-49b414438035
2019-08-30 03:47:47,946 [RatisPipelineUtilsThread] INFO  pipeline.PipelineStateManager (PipelineStateManager.java:addPipeline(56)) - Created pipeline Pipeline[ Id: 498dc518-146c-4ffa-b15c-a658308cec15, Nodes: b4322056-cf8e-4481-ab52-49b414438035{ip: 192.168.36.106, host: pr-hdds-1569-5ldcr-795608406, networkLocation: /default-rack, certSerialId: null}, Type:RATIS, Factor:ONE, State:OPEN]
2019-08-30 03:47:47,954 [grpc-default-executor-0] INFO  impl.RaftServerProxy (RaftServerProxy.java:addNew(89)) - b4322056-cf8e-4481-ab52-49b414438035: addNew group-6B867AD06175:[1a924af3-a664-4014-9ecf-70089b07935e:192.168.36.106:43035, b4322056-cf8e-4481-ab52-49b414438035:192.168.36.106:42667, cc647f08-9ea0-4a2f-993e-2fedd32829f9:192.168.36.106:42702] returns group-6B867AD06175:java.util.concurrent.CompletableFuture@5a4e791e[Not completed]
2019-08-30 03:47:47,954 [grpc-default-executor-5] INFO  impl.RaftServerProxy (RaftServerProxy.java:addNew(89)) - 1a924af3-a664-4014-9ecf-70089b07935e: addNew group-6B867AD06175:[1a924af3-a664-4014-9ecf-70089b07935e:192.168.36.106:43035, b4322056-cf8e-4481-ab52-49b414438035:192.168.36.106:42667, cc647f08-9ea0-4a2f-993e-2fedd32829f9:192.168.36.106:42702] returns group-6B867AD06175:java.util.concurrent.CompletableFuture@511b2606[Not completed]
2019-08-30 03:47:47,954 [grpc-default-executor-3] INFO  impl.RaftServerProxy (RaftServerProxy.java:addNew(89)) - cc647f08-9ea0-4a2f-993e-2fedd32829f9: addNew group-6B867AD06175:[1a924af3-a664-4014-9ecf-70089b07935e:192.168.36.106:43035, b4322056-cf8e-4481-ab52-49b414438035:192.168.36.106:42667, cc647f08-9ea0-4a2f-993e-2fedd32829f9:192.168.36.106:42702] returns group-6B867AD06175:java.util.concurrent.CompletableFuture@8937784[Not completed]
2019-08-30 03:47:47,955 [pool-483-thread-1] INFO  impl.RaftServerImpl (RaftServerImpl.java:<init>(93)) - cc647f08-9ea0-4a2f-993e-2fedd32829f9: new RaftServerImpl for group-6B867AD06175:[1a924af3-a664-4014-9ecf-70089b07935e:192.168.36.106:43035, b4322056-cf8e-4481-ab52-49b414438035:192.168.36.106:42667, cc647f08-9ea0-4a2f-993e-2fedd32829f9:192.168.36.106:42702] with ContainerStateMachine:uninitialized
2019-08-30 03:47:47,955 [pool-483-thread-1] INFO  server.RaftServerConfigKeys (ConfUtils.java:logGet(43)) - raft.server.rpc.timeout.min = 5s (custom)
2019-08-30 03:47:47,955 [pool-483-thread-1] INFO  server.RaftServerConfigKeys (ConfUtils.java:logGet(43)) - raft.server.rpc.timeout.max = 5200ms (custom)
2019-08-30 03:47:47,955 [pool-472-thread-1] INFO  impl.RaftServerImpl (RaftServerImpl.java:<init>(93)) - 1a924af3-a664-4014-9ecf-70089b07935e: new RaftServerImpl for group-6B867AD06175:[1a924af3-a664-4014-9ecf-70089b07935e:192.168.36.106:43035, b4322056-cf8e-4481-ab52-49b414438035:192.168.36.106:42667, cc647f08-9ea0-4a2f-993e-2fedd32829f9:192.168.36.106:42702] with ContainerStateMachine:uninitialized
2019-08-30 03:47:47,955 [pool-483-thread-1] INFO  server.RaftServerConfigKeys (ConfUtils.java:logGet(43)) - raft.server.rpcslowness.timeout = 120s (custom)
2019-08-30 03:47:47,955 [pool-472-thread-1] INFO  server.RaftServerConfigKeys (ConfUtils.java:logGet(43)) - raft.server.rpc.timeout.min = 5s (custom)
2019-08-30 03:47:47,955 [pool-483-thread-1] INFO  server.RaftServerConfigKeys (ConfUtils.java:logGet(43)) - raft.server.sleep.deviation.threshold = 300 (default)
2019-08-30 03:47:47,955 [pool-472-thread-1] INFO  server.RaftServerConfigKeys (ConfUtils.java:logGet(43)) - raft.server.rpc.timeout.max = 5200ms (custom)
2019-08-30 03:47:47,955 [pool-494-thread-1] INFO  impl.RaftServerImpl (RaftServerImpl.java:<init>(93)) - b4322056-cf8e-4481-ab52-49b414438035: new RaftServerImpl for group-6B867AD06175:[1a924af3-a664-4014-9ecf-70089b07935e:192.168.36.106:43035, b4322056-cf8e-4481-ab52-49b414438035:192.168.36.106:42667, cc647f08-9ea0-4a2f-993e-2fedd32829f9:192.168.36.106:42702] with ContainerStateMachine:uninitialized
2019-08-30 03:47:47,956 [pool-483-thread-1] INFO  server.RaftServerConfigKeys (ConfUtils.java:logGet(43)) - raft.server.log.appender.install.snapshot.enabled = false (custom)
2019-08-30 03:47:47,956 [pool-494-thread-1] INFO  server.RaftServerConfigKeys (ConfUtils.java:logGet(43)) - raft.server.rpc.timeout.min = 5s (custom)
2019-08-30 03:47:47,956 [pool-472-thread-1] INFO  server.RaftServerConfigKeys (ConfUtils.java:logGet(43)) - raft.server.rpcslowness.timeout = 120s (custom)
2019-08-30 03:47:47,956 [pool-494-thread-1] INFO  server.RaftServerConfigKeys (ConfUtils.java:logGet(43)) - raft.server.rpc.timeout.max = 5200ms (custom)
2019-08-30 03:47:47,956 [pool-483-thread-1] INFO  impl.RaftServerImpl (ServerState.java:<init>(105)) - cc647f08-9ea0-4a2f-993e-2fedd32829f9:group-6B867AD06175 ConfigurationManager, init=-1: [1a924af3-a664-4014-9ecf-70089b07935e:192.168.36.106:43035, b4322056-cf8e-4481-ab52-49b414438035:192.168.36.106:42667, cc647f08-9ea0-4a2f-993e-2fedd32829f9:192.168.36.106:42702], old=null, confs=<EMPTY_MAP>
2019-08-30 03:47:47,956 [pool-494-thread-1] INFO  server.RaftServerConfigKeys (ConfUtils.java:logGet(43)) - raft.server.rpcslowness.timeout = 120s (custom)
2019-08-30 03:47:47,956 [pool-472-thread-1] INFO  server.RaftServerConfigKeys (ConfUtils.java:logGet(43)) - raft.server.sleep.deviation.threshold = 300 (default)
2019-08-30 03:47:47,956 [pool-494-thread-1] INFO  server.RaftServerConfigKeys (ConfUtils.java:logGet(43)) - raft.server.sleep.deviation.threshold = 300 (default)
2019-08-30 03:47:47,956 [pool-483-thread-1] INFO  server.RaftServerConfigKeys (ConfUtils.java:logGet(43)) - raft.server.storage.dir = [/workdir/hadoop-ozone/integration-test/target/test-dir/MiniOzoneClusterImpl-54fb3437-fb27-4fd7-8614-a0b063bd7494/datanode-4/data/ratis] (custom)
2019-08-30 03:47:47,956 [pool-494-thread-1] INFO  server.RaftServerConfigKeys (ConfUtils.java:logGet(43)) - raft.server.log.appender.install.snapshot.enabled = false (custom)
2019-08-30 03:47:47,956 [pool-472-thread-1] INFO  server.RaftServerConfigKeys (ConfUtils.java:logGet(43)) - raft.server.log.appender.install.snapshot.enabled = false (custom)
2019-08-30 03:47:47,957 [pool-494-thread-1] INFO  impl.RaftServerImpl (ServerState.java:<init>(105)) - b4322056-cf8e-4481-ab52-49b414438035:group-6B867AD06175 ConfigurationManager, init=-1: [1a924af3-a664-4014-9ecf-70089b07935e:192.168.36.106:43035, b4322056-cf8e-4481-ab52-49b414438035:192.168.36.106:42667, cc647f08-9ea0-4a2f-993e-2fedd32829f9:192.168.36.106:42702], old=null, confs=<EMPTY_MAP>
2019-08-30 03:47:47,957 [pool-483-thread-1] INFO  storage.RaftStorageDirectory (RaftStorageDirectory.java:analyzeStorage(246)) - The storage directory /workdir/hadoop-ozone/integration-test/target/test-dir/MiniOzoneClusterImpl-54fb3437-fb27-4fd7-8614-a0b063bd7494/datanode-4/data/ratis/b0a75fed-ebb0-41ed-91eb-6b867ad06175 does not exist. Creating ...
2019-08-30 03:47:47,957 [pool-472-thread-1] INFO  impl.RaftServerImpl (ServerState.java:<init>(105)) - 1a924af3-a664-4014-9ecf-70089b07935e:group-6B867AD06175 ConfigurationManager, init=-1: [1a924af3-a664-4014-9ecf-70089b07935e:192.168.36.106:43035, b4322056-cf8e-4481-ab52-49b414438035:192.168.36.106:42667, cc647f08-9ea0-4a2f-993e-2fedd32829f9:192.168.36.106:42702], old=null, confs=<EMPTY_MAP>
2019-08-30 03:47:47,957 [pool-494-thread-1] INFO  server.RaftServerConfigKeys (ConfUtils.java:logGet(43)) - raft.server.storage.dir = [/workdir/hadoop-ozone/integration-test/target/test-dir/MiniOzoneClusterImpl-54fb3437-fb27-4fd7-8614-a0b063bd7494/datanode-5/data/ratis] (custom)
2019-08-30 03:47:47,957 [pool-472-thread-1] INFO  server.RaftServerConfigKeys (ConfUtils.java:logGet(43)) - raft.server.storage.dir = [/workdir/hadoop-ozone/integration-test/target/test-dir/MiniOzoneClusterImpl-54fb3437-fb27-4fd7-8614-a0b063bd7494/datanode-3/data/ratis] (custom)
2019-08-30 03:47:47,957 [pool-494-thread-1] INFO  storage.RaftStorageDirectory (RaftStorageDirectory.java:analyzeStorage(246)) - The storage directory /workdir/hadoop-ozone/integration-test/target/test-dir/MiniOzoneClusterImpl-54fb3437-fb27-4fd7-8614-a0b063bd7494/datanode-5/data/ratis/b0a75fed-ebb0-41ed-91eb-6b867ad06175 does not exist. Creating ...
2019-08-30 03:47:47,957 [pool-472-thread-1] INFO  storage.RaftStorageDirectory (RaftStorageDirectory.java:analyzeStorage(246)) - The storage directory /workdir/hadoop-ozone/integration-test/target/test-dir/MiniOzoneClusterImpl-54fb3437-fb27-4fd7-8614-a0b063bd7494/datanode-3/data/ratis/b0a75fed-ebb0-41ed-91eb-6b867ad06175 does not exist. Creating ...
2019-08-30 03:47:47,971 [pool-483-thread-1] INFO  storage.RaftStorageDirectory (RaftStorageDirectory.java:tryLock(328)) - Lock on /workdir/hadoop-ozone/integration-test/target/test-dir/MiniOzoneClusterImpl-54fb3437-fb27-4fd7-8614-a0b063bd7494/datanode-4/data/ratis/b0a75fed-ebb0-41ed-91eb-6b867ad06175/in_use.lock acquired by nodename 23144@pr-hdds-1569-5ldcr-795608406
2019-08-30 03:47:47,971 [pool-472-thread-1] INFO  storage.RaftStorageDirectory (RaftStorageDirectory.java:tryLock(328)) - Lock on /workdir/hadoop-ozone/integration-test/target/test-dir/MiniOzoneClusterImpl-54fb3437-fb27-4fd7-8614-a0b063bd7494/datanode-3/data/ratis/b0a75fed-ebb0-41ed-91eb-6b867ad06175/in_use.lock acquired by nodename 23144@pr-hdds-1569-5ldcr-795608406
2019-08-30 03:47:47,971 [pool-494-thread-1] INFO  storage.RaftStorageDirectory (RaftStorageDirectory.java:tryLock(328)) - Lock on /workdir/hadoop-ozone/integration-test/target/test-dir/MiniOzoneClusterImpl-54fb3437-fb27-4fd7-8614-a0b063bd7494/datanode-5/data/ratis/b0a75fed-ebb0-41ed-91eb-6b867ad06175/in_use.lock acquired by nodename 23144@pr-hdds-1569-5ldcr-795608406
2019-08-30 03:47:47,984 [pool-483-thread-1] INFO  storage.RaftStorage (RaftStorage.java:format(72)) - Storage directory /workdir/hadoop-ozone/integration-test/target/test-dir/MiniOzoneClusterImpl-54fb3437-fb27-4fd7-8614-a0b063bd7494/datanode-4/data/ratis/b0a75fed-ebb0-41ed-91eb-6b867ad06175 has been successfully formatted.
2019-08-30 03:47:47,984 [pool-472-thread-1] INFO  storage.RaftStorage (RaftStorage.java:format(72)) - Storage directory /workdir/hadoop-ozone/integration-test/target/test-dir/MiniOzoneClusterImpl-54fb3437-fb27-4fd7-8614-a0b063bd7494/datanode-3/data/ratis/b0a75fed-ebb0-41ed-91eb-6b867ad06175 has been successfully formatted.
2019-08-30 03:47:47,984 [pool-494-thread-1] INFO  storage.RaftStorage (RaftStorage.java:format(72)) - Storage directory /workdir/hadoop-ozone/integration-test/target/test-dir/MiniOzoneClusterImpl-54fb3437-fb27-4fd7-8614-a0b063bd7494/datanode-5/data/ratis/b0a75fed-ebb0-41ed-91eb-6b867ad06175 has been successfully formatted.
2019-08-30 03:47:47,985 [pool-483-thread-1] INFO  ratis.ContainerStateMachine (ContainerStateMachine.java:loadSnapshot(226)) - group-6B867AD06175: The snapshot info is null. Setting the last applied indexto:(t:0, i:~)
2019-08-30 03:47:47,985 [pool-494-thread-1] INFO  ratis.ContainerStateMachine (ContainerStateMachine.java:loadSnapshot(226)) - group-6B867AD06175: The snapshot info is null. Setting the last applied indexto:(t:0, i:~)
2019-08-30 03:47:47,985 [pool-472-thread-1] INFO  ratis.ContainerStateMachine (ContainerStateMachine.java:loadSnapshot(226)) - group-6B867AD06175: The snapshot info is null. Setting the last applied indexto:(t:0, i:~)
2019-08-30 03:47:47,985 [pool-494-thread-1] INFO  server.RaftServerConfigKeys (ConfUtils.java:logGet(43)) - raft.server.leader.election.timeout = 120s (custom)
2019-08-30 03:47:47,985 [pool-483-thread-1] INFO  server.RaftServerConfigKeys (ConfUtils.java:logGet(43)) - raft.server.leader.election.timeout = 120s (custom)
2019-08-30 03:47:47,985 [pool-494-thread-1] INFO  server.RaftServerConfigKeys (ConfUtils.java:logGet(43)) - raft.server.log.use.memory = false (default)
2019-08-30 03:47:47,985 [pool-472-thread-1] INFO  server.RaftServerConfigKeys (ConfUtils.java:logGet(43)) - raft.server.leader.election.timeout = 120s (custom)
2019-08-30 03:47:47,986 [pool-494-thread-1] INFO  server.RaftServerConfigKeys (ConfUtils.java:logGet(43)) - raft.server.log.purge.gap = 1000000 (custom)
2019-08-30 03:47:47,985 [pool-483-thread-1] INFO  server.RaftServerConfigKeys (ConfUtils.java:logGet(43)) - raft.server.log.use.memory = false (default)
2019-08-30 03:47:47,986 [pool-494-thread-1] INFO  server.RaftServerConfigKeys (ConfUtils.java:logGet(43)) - raft.server.log.appender.buffer.byte-limit = 33554432 (custom)
2019-08-30 03:47:47,986 [pool-472-thread-1] INFO  server.RaftServerConfigKeys (ConfUtils.java:logGet(43)) - raft.server.log.use.memory = false (default)
2019-08-30 03:47:47,986 [pool-494-thread-1] INFO  server.RaftServerConfigKeys (ConfUtils.java:logGet(43)) - raft.server.log.segment.size.max = 1048576 (custom)
2019-08-30 03:47:47,986 [pool-483-thread-1] INFO  server.RaftServerConfigKeys (ConfUtils.java:logGet(43)) - raft.server.log.purge.gap = 1000000 (custom)
2019-08-30 03:47:47,986 [pool-494-thread-1] INFO  server.RaftServerConfigKeys (ConfUtils.java:logGet(43)) - raft.server.log.segment.cache.num.max = 2 (custom)
2019-08-30 03:47:47,986 [pool-472-thread-1] INFO  server.RaftServerConfigKeys (ConfUtils.java:logGet(43)) - raft.server.log.purge.gap = 1000000 (custom)
2019-08-30 03:47:47,986 [pool-494-thread-1] INFO  segmented.SegmentedRaftLogWorker (SegmentedRaftLogWorker.java:<init>(172)) - new b4322056-cf8e-4481-ab52-49b414438035-SegmentedRaftLogWorker:Storage Directory /workdir/hadoop-ozone/integration-test/target/test-dir/MiniOzoneClusterImpl-54fb3437-fb27-4fd7-8614-a0b063bd7494/datanode-5/data/ratis/b0a75fed-ebb0-41ed-91eb-6b867ad06175 for RaftStorage:Storage Directory /workdir/hadoop-ozone/integration-test/target/test-dir/MiniOzoneClusterImpl-54fb3437-fb27-4fd7-8614-a0b063bd7494/datanode-5/data/ratis/b0a75fed-ebb0-41ed-91eb-6b867ad06175
2019-08-30 03:47:47,986 [pool-483-thread-1] INFO  server.RaftServerConfigKeys (ConfUtils.java:logGet(43)) - raft.server.log.appender.buffer.byte-limit = 33554432 (custom)
2019-08-30 03:47:47,986 [pool-494-thread-1] INFO  server.RaftServerConfigKeys (ConfUtils.java:logGet(43)) - raft.server.log.queue.byte-limit = 2147483647 (custom)
2019-08-30 03:47:47,986 [pool-472-thread-1] INFO  server.RaftServerConfigKeys (ConfUtils.java:logGet(43)) - raft.server.log.appender.buffer.byte-limit = 33554432 (custom)
2019-08-30 03:47:47,987 [pool-494-thread-1] INFO  server.RaftServerConfigKeys (ConfUtils.java:logGet(43)) - raft.server.log.queue.element-limit = 1024 (custom)
2019-08-30 03:47:47,987 [pool-483-thread-1] INFO  server.RaftServerConfigKeys (ConfUtils.java:logGet(43)) - raft.server.log.segment.size.max = 1048576 (custom)
2019-08-30 03:47:47,987 [pool-494-thread-1] INFO  server.RaftServerConfigKeys (ConfUtils.java:logGet(43)) - raft.server.log.segment.size.max = 1048576 (custom)
2019-08-30 03:47:47,987 [pool-472-thread-1] INFO  server.RaftServerConfigKeys (ConfUtils.java:logGet(43)) - raft.server.log.segment.size.max = 1048576 (custom)
2019-08-30 03:47:47,987 [pool-494-thread-1] INFO  server.RaftServerConfigKeys (ConfUtils.java:logGet(43)) - raft.server.log.preallocated.size = 16384 (custom)
2019-08-30 03:47:47,987 [pool-494-thread-1] INFO  server.RaftServerConfigKeys (ConfUtils.java:logGet(43)) - raft.server.log.write.buffer.size = 33554432 (custom)
2019-08-30 03:47:47,987 [pool-494-thread-1] INFO  server.RaftServerConfigKeys (ConfUtils.java:logGet(43)) - raft.server.log.force.sync.num = 128 (default)
2019-08-30 03:47:47,988 [pool-494-thread-1] INFO  server.RaftServerConfigKeys (ConfUtils.java:logGet(43)) - raft.server.log.statemachine.data.sync = true (default)
2019-08-30 03:47:47,988 [pool-494-thread-1] INFO  server.RaftServerConfigKeys (ConfUtils.java:logGet(43)) - raft.server.log.statemachine.data.sync.timeout = 10s (default)
2019-08-30 03:47:47,988 [pool-494-thread-1] INFO  server.RaftServerConfigKeys (ConfUtils.java:logGet(43)) - raft.server.log.statemachine.data.sync.timeout.retry = -1 (default)
2019-08-30 03:47:47,988 [pool-494-thread-1] INFO  server.RaftServerConfigKeys (ConfUtils.java:logGet(43)) - raft.server.log.statemachine.data.caching.enabled = true (custom)
2019-08-30 03:47:47,988 [pool-494-thread-1] INFO  segmented.SegmentedRaftLogWorker (SegmentedRaftLogWorker.java:lambda$new$0(132)) - b4322056-cf8e-4481-ab52-49b414438035-SegmentedRaftLogWorker:Storage Directory /workdir/hadoop-ozone/integration-test/target/test-dir/MiniOzoneClusterImpl-54fb3437-fb27-4fd7-8614-a0b063bd7494/datanode-5/data/ratis/b0a75fed-ebb0-41ed-91eb-6b867ad06175: flushIndex: setUnconditionally 0 -> -1
2019-08-30 03:47:47,987 [pool-483-thread-1] INFO  server.RaftServerConfigKeys (ConfUtils.java:logGet(43)) - raft.server.log.segment.cache.num.max = 2 (custom)
2019-08-30 03:47:47,988 [pool-494-thread-1] INFO  server.RaftServerConfigKeys (ConfUtils.java:logGet(43)) - raft.server.snapshot.auto.trigger.enabled = true (custom)
2019-08-30 03:47:47,987 [pool-472-thread-1] INFO  server.RaftServerConfigKeys (ConfUtils.java:logGet(43)) - raft.server.log.segment.cache.num.max = 2 (custom)
2019-08-30 03:47:47,989 [pool-494-thread-1] INFO  server.RaftServerConfigKeys (ConfUtils.java:logGet(43)) - raft.server.snapshot.auto.trigger.threshold = 10000 (custom)
2019-08-30 03:47:47,988 [pool-483-thread-1] INFO  segmented.SegmentedRaftLogWorker (SegmentedRaftLogWorker.java:<init>(172)) - new cc647f08-9ea0-4a2f-993e-2fedd32829f9-SegmentedRaftLogWorker:Storage Directory /workdir/hadoop-ozone/integration-test/target/test-dir/MiniOzoneClusterImpl-54fb3437-fb27-4fd7-8614-a0b063bd7494/datanode-4/data/ratis/b0a75fed-ebb0-41ed-91eb-6b867ad06175 for RaftStorage:Storage Directory /workdir/hadoop-ozone/integration-test/target/test-dir/MiniOzoneClusterImpl-54fb3437-fb27-4fd7-8614-a0b063bd7494/datanode-4/data/ratis/b0a75fed-ebb0-41ed-91eb-6b867ad06175
2019-08-30 03:47:47,989 [pool-494-thread-1] INFO  server.RaftServerConfigKeys (ConfUtils.java:logGet(43)) - raft.server.retrycache.expirytime = 600000ms (custom)
2019-08-30 03:47:47,989 [pool-472-thread-1] INFO  segmented.SegmentedRaftLogWorker (SegmentedRaftLogWorker.java:<init>(172)) - new 1a924af3-a664-4014-9ecf-70089b07935e-SegmentedRaftLogWorker:Storage Directory /workdir/hadoop-ozone/integration-test/target/test-dir/MiniOzoneClusterImpl-54fb3437-fb27-4fd7-8614-a0b063bd7494/datanode-3/data/ratis/b0a75fed-ebb0-41ed-91eb-6b867ad06175 for RaftStorage:Storage Directory /workdir/hadoop-ozone/integration-test/target/test-dir/MiniOzoneClusterImpl-54fb3437-fb27-4fd7-8614-a0b063bd7494/datanode-3/data/ratis/b0a75fed-ebb0-41ed-91eb-6b867ad06175
2019-08-30 03:47:47,989 [pool-483-thread-1] INFO  server.RaftServerConfigKeys (ConfUtils.java:logGet(43)) - raft.server.log.queue.byte-limit = 2147483647 (custom)
2019-08-30 03:47:47,989 [pool-472-thread-1] INFO  server.RaftServerConfigKeys (ConfUtils.java:logGet(43)) - raft.server.log.queue.byte-limit = 2147483647 (custom)
2019-08-30 03:47:47,989 [pool-472-thread-1] INFO  server.RaftServerConfigKeys (ConfUtils.java:logGet(43)) - raft.server.log.queue.element-limit = 1024 (custom)
2019-08-30 03:47:47,989 [pool-472-thread-1] INFO  server.RaftServerConfigKeys (ConfUtils.java:logGet(43)) - raft.server.log.segment.size.max = 1048576 (custom)
2019-08-30 03:47:47,990 [pool-472-thread-1] INFO  server.RaftServerConfigKeys (ConfUtils.java:logGet(43)) - raft.server.log.preallocated.size = 16384 (custom)
2019-08-30 03:47:47,990 [pool-472-thread-1] INFO  server.RaftServerConfigKeys (ConfUtils.java:logGet(43)) - raft.server.log.write.buffer.size = 33554432 (custom)
2019-08-30 03:47:47,990 [pool-472-thread-1] INFO  server.RaftServerConfigKeys (ConfUtils.java:logGet(43)) - raft.server.log.force.sync.num = 128 (default)
2019-08-30 03:47:47,990 [pool-472-thread-1] INFO  server.RaftServerConfigKeys (ConfUtils.java:logGet(43)) - raft.server.log.statemachine.data.sync = true (default)
2019-08-30 03:47:47,990 [pool-472-thread-1] INFO  server.RaftServerConfigKeys (ConfUtils.java:logGet(43)) - raft.server.log.statemachine.data.sync.timeout = 10s (default)
2019-08-30 03:47:47,990 [pool-472-thread-1] INFO  server.RaftServerConfigKeys (ConfUtils.java:logGet(43)) - raft.server.log.statemachine.data.sync.timeout.retry = -1 (default)
2019-08-30 03:47:47,990 [pool-472-thread-1] INFO  server.RaftServerConfigKeys (ConfUtils.java:logGet(43)) - raft.server.log.statemachine.data.caching.enabled = true (custom)
2019-08-30 03:47:47,991 [pool-472-thread-1] INFO  segmented.SegmentedRaftLogWorker (SegmentedRaftLogWorker.java:lambda$new$0(132)) - 1a924af3-a664-4014-9ecf-70089b07935e-SegmentedRaftLogWorker:Storage Directory /workdir/hadoop-ozone/integration-test/target/test-dir/MiniOzoneClusterImpl-54fb3437-fb27-4fd7-8614-a0b063bd7494/datanode-3/data/ratis/b0a75fed-ebb0-41ed-91eb-6b867ad06175: flushIndex: setUnconditionally 0 -> -1
2019-08-30 03:47:47,991 [pool-472-thread-1] INFO  server.RaftServerConfigKeys (ConfUtils.java:logGet(43)) - raft.server.snapshot.auto.trigger.enabled = true (custom)
2019-08-30 03:47:47,991 [pool-472-thread-1] INFO  server.RaftServerConfigKeys (ConfUtils.java:logGet(43)) - raft.server.snapshot.auto.trigger.threshold = 10000 (custom)
2019-08-30 03:47:47,991 [pool-472-thread-1] INFO  server.RaftServerConfigKeys (ConfUtils.java:logGet(43)) - raft.server.retrycache.expirytime = 600000ms (custom)
2019-08-30 03:47:47,991 [pool-472-thread-1] INFO  impl.RaftServerImpl (RaftServerImpl.java:start(180)) - 1a924af3-a664-4014-9ecf-70089b07935e: start group-6B867AD06175
2019-08-30 03:47:47,991 [pool-472-thread-1] INFO  impl.RaftServerImpl (RaftServerImpl.java:setRole(171)) - 1a924af3-a664-4014-9ecf-70089b07935e:group-6B867AD06175 changes role from null to FOLLOWER at term 0 for startAsFollower
2019-08-30 03:47:47,991 [pool-472-thread-1] INFO  impl.RoleInfo (RoleInfo.java:updateAndGet(143)) - 1a924af3-a664-4014-9ecf-70089b07935e: start FollowerState
2019-08-30 03:47:47,992 [pool-472-thread-1] INFO  util.JmxRegister (JmxRegister.java:tryRegister(44)) - Successfully registered JMX Bean with object name Ratis:service=RaftServer,group=group-6B867AD06175,id=1a924af3-a664-4014-9ecf-70089b07935e
2019-08-30 03:47:47,989 [pool-494-thread-1] INFO  impl.RaftServerImpl (RaftServerImpl.java:start(180)) - b4322056-cf8e-4481-ab52-49b414438035: start group-6B867AD06175
2019-08-30 03:47:47,989 [pool-483-thread-1] INFO  server.RaftServerConfigKeys (ConfUtils.java:logGet(43)) - raft.server.log.queue.element-limit = 1024 (custom)
2019-08-30 03:47:47,992 [pool-483-thread-1] INFO  server.RaftServerConfigKeys (ConfUtils.java:logGet(43)) - raft.server.log.segment.size.max = 1048576 (custom)
2019-08-30 03:47:47,992 [pool-483-thread-1] INFO  server.RaftServerConfigKeys (ConfUtils.java:logGet(43)) - raft.server.log.preallocated.size = 16384 (custom)
2019-08-30 03:47:47,993 [pool-483-thread-1] INFO  server.RaftServerConfigKeys (ConfUtils.java:logGet(43)) - raft.server.log.write.buffer.size = 33554432 (custom)
2019-08-30 03:47:47,993 [pool-483-thread-1] INFO  server.RaftServerConfigKeys (ConfUtils.java:logGet(43)) - raft.server.log.force.sync.num = 128 (default)
2019-08-30 03:47:47,993 [pool-483-thread-1] INFO  server.RaftServerConfigKeys (ConfUtils.java:logGet(43)) - raft.server.log.statemachine.data.sync = true (default)
2019-08-30 03:47:47,993 [pool-483-thread-1] INFO  server.RaftServerConfigKeys (ConfUtils.java:logGet(43)) - raft.server.log.statemachine.data.sync.timeout = 10s (default)
2019-08-30 03:47:47,993 [pool-483-thread-1] INFO  server.RaftServerConfigKeys (ConfUtils.java:logGet(43)) - raft.server.log.statemachine.data.sync.timeout.retry = -1 (default)
2019-08-30 03:47:47,993 [pool-483-thread-1] INFO  server.RaftServerConfigKeys (ConfUtils.java:logGet(43)) - raft.server.log.statemachine.data.caching.enabled = true (custom)
2019-08-30 03:47:47,993 [pool-483-thread-1] INFO  segmented.SegmentedRaftLogWorker (SegmentedRaftLogWorker.java:lambda$new$0(132)) - cc647f08-9ea0-4a2f-993e-2fedd32829f9-SegmentedRaftLogWorker:Storage Directory /workdir/hadoop-ozone/integration-test/target/test-dir/MiniOzoneClusterImpl-54fb3437-fb27-4fd7-8614-a0b063bd7494/datanode-4/data/ratis/b0a75fed-ebb0-41ed-91eb-6b867ad06175: flushIndex: setUnconditionally 0 -> -1
2019-08-30 03:47:47,993 [pool-483-thread-1] INFO  server.RaftServerConfigKeys (ConfUtils.java:logGet(43)) - raft.server.snapshot.auto.trigger.enabled = true (custom)
2019-08-30 03:47:47,994 [pool-483-thread-1] INFO  server.RaftServerConfigKeys (ConfUtils.java:logGet(43)) - raft.server.snapshot.auto.trigger.threshold = 10000 (custom)
2019-08-30 03:47:47,994 [pool-483-thread-1] INFO  server.RaftServerConfigKeys (ConfUtils.java:logGet(43)) - raft.server.retrycache.expirytime = 600000ms (custom)
2019-08-30 03:47:47,994 [pool-483-thread-1] INFO  impl.RaftServerImpl (RaftServerImpl.java:start(180)) - cc647f08-9ea0-4a2f-993e-2fedd32829f9: start group-6B867AD06175
2019-08-30 03:47:47,994 [pool-483-thread-1] INFO  impl.RaftServerImpl (RaftServerImpl.java:setRole(171)) - cc647f08-9ea0-4a2f-993e-2fedd32829f9:group-6B867AD06175 changes role from null to FOLLOWER at term 0 for startAsFollower
2019-08-30 03:47:47,994 [pool-483-thread-1] INFO  impl.RoleInfo (RoleInfo.java:updateAndGet(143)) - cc647f08-9ea0-4a2f-993e-2fedd32829f9: start FollowerState
2019-08-30 03:47:47,994 [pool-483-thread-1] INFO  util.JmxRegister (JmxRegister.java:tryRegister(44)) - Successfully registered JMX Bean with object name Ratis:service=RaftServer,group=group-6B867AD06175,id=cc647f08-9ea0-4a2f-993e-2fedd32829f9
2019-08-30 03:47:47,992 [pool-494-thread-1] INFO  impl.RaftServerImpl (RaftServerImpl.java:setRole(171)) - b4322056-cf8e-4481-ab52-49b414438035:group-6B867AD06175 changes role from null to FOLLOWER at term 0 for startAsFollower
2019-08-30 03:47:47,994 [pool-494-thread-1] INFO  impl.RoleInfo (RoleInfo.java:updateAndGet(143)) - b4322056-cf8e-4481-ab52-49b414438035: start FollowerState
2019-08-30 03:47:47,995 [pool-494-thread-1] INFO  util.JmxRegister (JmxRegister.java:tryRegister(44)) - Successfully registered JMX Bean with object name Ratis:service=RaftServer,group=group-6B867AD06175,id=b4322056-cf8e-4481-ab52-49b414438035
2019-08-30 03:47:47,998 [RatisPipelineUtilsThread] INFO  pipeline.PipelineStateManager (PipelineStateManager.java:addPipeline(56)) - Created pipeline Pipeline[ Id: b0a75fed-ebb0-41ed-91eb-6b867ad06175, Nodes: cc647f08-9ea0-4a2f-993e-2fedd32829f9{ip: 192.168.36.106, host: pr-hdds-1569-5ldcr-795608406, networkLocation: /default-rack, certSerialId: null}b4322056-cf8e-4481-ab52-49b414438035{ip: 192.168.36.106, host: pr-hdds-1569-5ldcr-795608406, networkLocation: /default-rack, certSerialId: null}1a924af3-a664-4014-9ecf-70089b07935e{ip: 192.168.36.106, host: pr-hdds-1569-5ldcr-795608406, networkLocation: /default-rack, certSerialId: null}, Type:RATIS, Factor:THREE, State:OPEN]
2019-08-30 03:47:48,102 [main] INFO  ozone.MiniOzoneClusterImpl (MiniOzoneClusterImpl.java:lambda$waitForClusterToBeReady$0(142)) - Waiting for cluster to be ready. Got 6 of 7 DN Heartbeats.
2019-08-30 03:47:48,103 [IPC Server handler 4 on 41734] INFO  net.NetworkTopology (NetworkTopologyImpl.java:add(110)) - Added a new node: /default-rack/088a888b-9e0f-4a9e-b54c-3d2c1c29e9f5
2019-08-30 03:47:48,103 [IPC Server handler 4 on 41734] INFO  node.SCMNodeManager (SCMNodeManager.java:register(274)) - Registered Data node : 088a888b-9e0f-4a9e-b54c-3d2c1c29e9f5{ip: 192.168.36.106, host: pr-hdds-1569-5ldcr-795608406, networkLocation: /default-rack, certSerialId: null}
2019-08-30 03:47:48,103 | INFO  | SCMAudit | user=jenkins1000 | ip=192.168.36.106 | op=REGISTER {datanodeDetails=088a888b-9e0f-4a9e-b54c-3d2c1c29e9f5{ip: 192.168.36.106, host: pr-hdds-1569-5ldcr-795608406, networkLocation: /default-rack, certSerialId: null}} | ret=SUCCESS |  
2019-08-30 03:47:48,108 [grpc-default-executor-3] INFO  impl.RaftServerProxy (RaftServerProxy.java:addNew(89)) - 088a888b-9e0f-4a9e-b54c-3d2c1c29e9f5: addNew group-206D59C571F8:[088a888b-9e0f-4a9e-b54c-3d2c1c29e9f5:192.168.36.106:40707] returns group-206D59C571F8:java.util.concurrent.CompletableFuture@4f3f30f5[Not completed]
2019-08-30 03:47:48,109 [pool-505-thread-1] INFO  impl.RaftServerImpl (RaftServerImpl.java:<init>(93)) - 088a888b-9e0f-4a9e-b54c-3d2c1c29e9f5: new RaftServerImpl for group-206D59C571F8:[088a888b-9e0f-4a9e-b54c-3d2c1c29e9f5:192.168.36.106:40707] with ContainerStateMachine:uninitialized
2019-08-30 03:47:48,109 [pool-505-thread-1] INFO  server.RaftServerConfigKeys (ConfUtils.java:logGet(43)) - raft.server.rpc.timeout.min = 5s (custom)
2019-08-30 03:47:48,109 [pool-505-thread-1] INFO  server.RaftServerConfigKeys (ConfUtils.java:logGet(43)) - raft.server.rpc.timeout.max = 5200ms (custom)
2019-08-30 03:47:48,109 [pool-505-thread-1] INFO  server.RaftServerConfigKeys (ConfUtils.java:logGet(43)) - raft.server.rpcslowness.timeout = 120s (custom)
2019-08-30 03:47:48,109 [pool-505-thread-1] INFO  server.RaftServerConfigKeys (ConfUtils.java:logGet(43)) - raft.server.sleep.deviation.threshold = 300 (default)
2019-08-30 03:47:48,109 [pool-505-thread-1] INFO  server.RaftServerConfigKeys (ConfUtils.java:logGet(43)) - raft.server.log.appender.install.snapshot.enabled = false (custom)
2019-08-30 03:47:48,109 [pool-505-thread-1] INFO  impl.RaftServerImpl (ServerState.java:<init>(105)) - 088a888b-9e0f-4a9e-b54c-3d2c1c29e9f5:group-206D59C571F8 ConfigurationManager, init=-1: [088a888b-9e0f-4a9e-b54c-3d2c1c29e9f5:192.168.36.106:40707], old=null, confs=<EMPTY_MAP>
2019-08-30 03:47:48,110 [pool-505-thread-1] INFO  server.RaftServerConfigKeys (ConfUtils.java:logGet(43)) - raft.server.storage.dir = [/workdir/hadoop-ozone/integration-test/target/test-dir/MiniOzoneClusterImpl-54fb3437-fb27-4fd7-8614-a0b063bd7494/datanode-6/data/ratis] (custom)
2019-08-30 03:47:48,110 [pool-505-thread-1] INFO  storage.RaftStorageDirectory (RaftStorageDirectory.java:analyzeStorage(246)) - The storage directory /workdir/hadoop-ozone/integration-test/target/test-dir/MiniOzoneClusterImpl-54fb3437-fb27-4fd7-8614-a0b063bd7494/datanode-6/data/ratis/0ae189a1-6f33-4a89-810b-206d59c571f8 does not exist. Creating ...
2019-08-30 03:47:48,123 [pool-505-thread-1] INFO  storage.RaftStorageDirectory (RaftStorageDirectory.java:tryLock(328)) - Lock on /workdir/hadoop-ozone/integration-test/target/test-dir/MiniOzoneClusterImpl-54fb3437-fb27-4fd7-8614-a0b063bd7494/datanode-6/data/ratis/0ae189a1-6f33-4a89-810b-206d59c571f8/in_use.lock acquired by nodename 23144@pr-hdds-1569-5ldcr-795608406
2019-08-30 03:47:48,137 [pool-505-thread-1] INFO  storage.RaftStorage (RaftStorage.java:format(72)) - Storage directory /workdir/hadoop-ozone/integration-test/target/test-dir/MiniOzoneClusterImpl-54fb3437-fb27-4fd7-8614-a0b063bd7494/datanode-6/data/ratis/0ae189a1-6f33-4a89-810b-206d59c571f8 has been successfully formatted.
2019-08-30 03:47:48,137 [pool-505-thread-1] INFO  ratis.ContainerStateMachine (ContainerStateMachine.java:loadSnapshot(226)) - group-206D59C571F8: The snapshot info is null. Setting the last applied indexto:(t:0, i:~)
2019-08-30 03:47:48,137 [pool-505-thread-1] INFO  server.RaftServerConfigKeys (ConfUtils.java:logGet(43)) - raft.server.leader.election.timeout = 120s (custom)
2019-08-30 03:47:48,137 [pool-505-thread-1] INFO  server.RaftServerConfigKeys (ConfUtils.java:logGet(43)) - raft.server.log.use.memory = false (default)
2019-08-30 03:47:48,137 [pool-505-thread-1] INFO  server.RaftServerConfigKeys (ConfUtils.java:logGet(43)) - raft.server.log.purge.gap = 1000000 (custom)
2019-08-30 03:47:48,137 [pool-505-thread-1] INFO  server.RaftServerConfigKeys (ConfUtils.java:logGet(43)) - raft.server.log.appender.buffer.byte-limit = 33554432 (custom)
2019-08-30 03:47:48,137 [pool-505-thread-1] INFO  server.RaftServerConfigKeys (ConfUtils.java:logGet(43)) - raft.server.log.segment.size.max = 1048576 (custom)
2019-08-30 03:47:48,138 [pool-505-thread-1] INFO  server.RaftServerConfigKeys (ConfUtils.java:logGet(43)) - raft.server.log.segment.cache.num.max = 2 (custom)
2019-08-30 03:47:48,138 [pool-505-thread-1] INFO  segmented.SegmentedRaftLogWorker (SegmentedRaftLogWorker.java:<init>(172)) - new 088a888b-9e0f-4a9e-b54c-3d2c1c29e9f5-SegmentedRaftLogWorker:Storage Directory /workdir/hadoop-ozone/integration-test/target/test-dir/MiniOzoneClusterImpl-54fb3437-fb27-4fd7-8614-a0b063bd7494/datanode-6/data/ratis/0ae189a1-6f33-4a89-810b-206d59c571f8 for RaftStorage:Storage Directory /workdir/hadoop-ozone/integration-test/target/test-dir/MiniOzoneClusterImpl-54fb3437-fb27-4fd7-8614-a0b063bd7494/datanode-6/data/ratis/0ae189a1-6f33-4a89-810b-206d59c571f8
2019-08-30 03:47:48,138 [pool-505-thread-1] INFO  server.RaftServerConfigKeys (ConfUtils.java:logGet(43)) - raft.server.log.queue.byte-limit = 2147483647 (custom)
2019-08-30 03:47:48,138 [pool-505-thread-1] INFO  server.RaftServerConfigKeys (ConfUtils.java:logGet(43)) - raft.server.log.queue.element-limit = 1024 (custom)
2019-08-30 03:47:48,138 [pool-505-thread-1] INFO  server.RaftServerConfigKeys (ConfUtils.java:logGet(43)) - raft.server.log.segment.size.max = 1048576 (custom)
2019-08-30 03:47:48,138 [pool-505-thread-1] INFO  server.RaftServerConfigKeys (ConfUtils.java:logGet(43)) - raft.server.log.preallocated.size = 16384 (custom)
2019-08-30 03:47:48,138 [pool-505-thread-1] INFO  server.RaftServerConfigKeys (ConfUtils.java:logGet(43)) - raft.server.log.write.buffer.size = 33554432 (custom)
2019-08-30 03:47:48,138 [pool-505-thread-1] INFO  server.RaftServerConfigKeys (ConfUtils.java:logGet(43)) - raft.server.log.force.sync.num = 128 (default)
2019-08-30 03:47:48,138 [pool-505-thread-1] INFO  server.RaftServerConfigKeys (ConfUtils.java:logGet(43)) - raft.server.log.statemachine.data.sync = true (default)
2019-08-30 03:47:48,139 [pool-505-thread-1] INFO  server.RaftServerConfigKeys (ConfUtils.java:logGet(43)) - raft.server.log.statemachine.data.sync.timeout = 10s (default)
2019-08-30 03:47:48,139 [pool-505-thread-1] INFO  server.RaftServerConfigKeys (ConfUtils.java:logGet(43)) - raft.server.log.statemachine.data.sync.timeout.retry = -1 (default)
2019-08-30 03:47:48,139 [pool-505-thread-1] INFO  server.RaftServerConfigKeys (ConfUtils.java:logGet(43)) - raft.server.log.statemachine.data.caching.enabled = true (custom)
2019-08-30 03:47:48,139 [pool-505-thread-1] INFO  segmented.SegmentedRaftLogWorker (SegmentedRaftLogWorker.java:lambda$new$0(132)) - 088a888b-9e0f-4a9e-b54c-3d2c1c29e9f5-SegmentedRaftLogWorker:Storage Directory /workdir/hadoop-ozone/integration-test/target/test-dir/MiniOzoneClusterImpl-54fb3437-fb27-4fd7-8614-a0b063bd7494/datanode-6/data/ratis/0ae189a1-6f33-4a89-810b-206d59c571f8: flushIndex: setUnconditionally 0 -> -1
2019-08-30 03:47:48,139 [pool-505-thread-1] INFO  server.RaftServerConfigKeys (ConfUtils.java:logGet(43)) - raft.server.snapshot.auto.trigger.enabled = true (custom)
2019-08-30 03:47:48,139 [pool-505-thread-1] INFO  server.RaftServerConfigKeys (ConfUtils.java:logGet(43)) - raft.server.snapshot.auto.trigger.threshold = 10000 (custom)
2019-08-30 03:47:48,140 [pool-505-thread-1] INFO  server.RaftServerConfigKeys (ConfUtils.java:logGet(43)) - raft.server.retrycache.expirytime = 600000ms (custom)
2019-08-30 03:47:48,140 [pool-505-thread-1] INFO  impl.RaftServerImpl (RaftServerImpl.java:start(180)) - 088a888b-9e0f-4a9e-b54c-3d2c1c29e9f5: start group-206D59C571F8
2019-08-30 03:47:48,140 [pool-505-thread-1] INFO  impl.RaftServerImpl (RaftServerImpl.java:setRole(171)) - 088a888b-9e0f-4a9e-b54c-3d2c1c29e9f5:group-206D59C571F8 changes role from null to FOLLOWER at term 0 for startAsFollower
2019-08-30 03:47:48,140 [pool-505-thread-1] INFO  impl.RoleInfo (RoleInfo.java:updateAndGet(143)) - 088a888b-9e0f-4a9e-b54c-3d2c1c29e9f5: start FollowerState
2019-08-30 03:47:48,140 [pool-505-thread-1] INFO  util.JmxRegister (JmxRegister.java:tryRegister(44)) - Successfully registered JMX Bean with object name Ratis:service=RaftServer,group=group-206D59C571F8,id=088a888b-9e0f-4a9e-b54c-3d2c1c29e9f5
2019-08-30 03:47:48,142 [RatisPipelineUtilsThread] INFO  pipeline.PipelineStateManager (PipelineStateManager.java:addPipeline(56)) - Created pipeline Pipeline[ Id: 0ae189a1-6f33-4a89-810b-206d59c571f8, Nodes: 088a888b-9e0f-4a9e-b54c-3d2c1c29e9f5{ip: 192.168.36.106, host: pr-hdds-1569-5ldcr-795608406, networkLocation: /default-rack, certSerialId: null}, Type:RATIS, Factor:ONE, State:OPEN]
2019-08-30 03:47:48,666 | INFO  | SCMAudit | user=jenkins1000 | ip=192.168.36.106 | op=SEND_HEARTBEAT {datanodeUUID=2f6b521d-5d5d-44f9-9b20-650b7881613d, command=[]} | ret=SUCCESS |  
2019-08-30 03:47:48,863 | INFO  | SCMAudit | user=jenkins1000 | ip=192.168.36.106 | op=SEND_HEARTBEAT {datanodeUUID=be188c32-466c-43f9-97ae-301f6c786ce6, command=[]} | ret=SUCCESS |  
2019-08-30 03:47:49,102 [main] INFO  ozone.MiniOzoneClusterImpl (MiniOzoneClusterImpl.java:lambda$waitForClusterToBeReady$0(142)) - Cluster is ready. Got 7 of 7 DN Heartbeats.
2019-08-30 03:47:49,128 [main] INFO  rpc.RpcClient (RpcClient.java:createVolume(293)) - Creating Volume: testblockoutputstream, with jenkins1000 as owner.
2019-08-30 03:47:49,131 | INFO  | OMAudit | user=jenkins1000 | ip=127.0.0.1 | op=CREATE_VOLUME {admin=jenkins1000, owner=jenkins1000, volume=testblockoutputstream, creationTime=1567136869130, quotaInBytes=1152921504606846976} | ret=SUCCESS |  
2019-08-30 03:47:49,149 | INFO  | OMAudit | user=jenkins1000 | ip=127.0.0.1 | op=READ_VOLUME {volume=testblockoutputstream} | ret=SUCCESS |  
2019-08-30 03:47:49,150 [main] INFO  rpc.RpcClient (RpcClient.java:createBucket(432)) - Creating Bucket: testblockoutputstream/testblockoutputstream, with Versioning false and Storage Type set to DISK and Encryption set to false 
2019-08-30 03:47:49,154 | INFO  | OMAudit | user=jenkins1000 | ip=127.0.0.1 | op=CREATE_BUCKET {volume=testblockoutputstream, bucket=testblockoutputstream, acls=[user:jenkins1000:a[ACCESS], group:default:a[ACCESS]], isVersionEnabled=false, storageType=DISK, creationTime=0} | ret=SUCCESS |  
2019-08-30 03:47:49,156 | INFO  | OMAudit | user=jenkins1000 | ip=127.0.0.1 | op=READ_VOLUME {volume=testblockoutputstream} | ret=SUCCESS |  
2019-08-30 03:47:49,157 | INFO  | OMAudit | user=jenkins1000 | ip=127.0.0.1 | op=READ_BUCKET {volume=testblockoutputstream, bucket=testblockoutputstream} | ret=SUCCESS |  
2019-08-30 03:47:49,161 | INFO  | SCMAudit | user=jenkins1000 | ip=192.168.36.106 | op=ALLOCATE_BLOCK {owner=7d4beb1c-843a-4d6e-904e-d8eb4170223a, size=800, type=RATIS, factor=THREE} | ret=SUCCESS |  
2019-08-30 03:47:49,166 | INFO  | OMAudit | user=jenkins1000 | ip=127.0.0.1 | op=ALLOCATE_KEY {volume=testblockoutputstream, bucket=testblockoutputstream, key=0925cc25-546c-41c1-a692-6e4659bfe721, dataSize=0, replicationType=RATIS, replicationFactor=THREE, keyLocationInfo=null} | ret=SUCCESS |  
2019-08-30 03:47:49,182 [grpc-default-executor-3] INFO  client.GrpcClientProtocolClient (GrpcClientProtocolClient.java:onNext(255)) - client-31C6FE845455->be188c32-466c-43f9-97ae-301f6c786ce6: receive RaftClientReply:client-31C6FE845455->be188c32-466c-43f9-97ae-301f6c786ce6@group-F2B43FCFF49B, cid=168, FAILED org.apache.ratis.protocol.NotLeaderException: Server be188c32-466c-43f9-97ae-301f6c786ce6 is not the leader (null). Request must be sent to leader., logIndex=0, commits[be188c32-466c-43f9-97ae-301f6c786ce6:c-1]
2019-08-30 03:47:49,305 | INFO  | SCMAudit | user=jenkins1000 | ip=192.168.36.106 | op=SEND_HEARTBEAT {datanodeUUID=411242e4-7603-4235-b66c-08546d6d220d, command=[]} | ret=SUCCESS |  
2019-08-30 03:47:49,510 | INFO  | SCMAudit | user=jenkins1000 | ip=192.168.36.106 | op=SEND_HEARTBEAT {datanodeUUID=1a924af3-a664-4014-9ecf-70089b07935e, command=[]} | ret=SUCCESS |  
2019-08-30 03:47:49,666 | INFO  | SCMAudit | user=jenkins1000 | ip=192.168.36.106 | op=SEND_HEARTBEAT {datanodeUUID=2f6b521d-5d5d-44f9-9b20-650b7881613d, command=[]} | ret=SUCCESS |  
2019-08-30 03:47:49,686 [Thread-3529] INFO  container.ReplicationManager (ReplicationManager.java:start(152)) - Starting Replication Monitor Thread.
2019-08-30 03:47:49,689 [ReplicationMonitor] INFO  container.ReplicationManager (ReplicationManager.java:run(215)) - Replication Monitor Thread took 0 milliseconds for processing 1 containers.
2019-08-30 03:47:49,724 | INFO  | SCMAudit | user=jenkins1000 | ip=192.168.36.106 | op=SEND_HEARTBEAT {datanodeUUID=cc647f08-9ea0-4a2f-993e-2fedd32829f9, command=[]} | ret=SUCCESS |  
2019-08-30 03:47:49,863 | INFO  | SCMAudit | user=jenkins1000 | ip=192.168.36.106 | op=SEND_HEARTBEAT {datanodeUUID=be188c32-466c-43f9-97ae-301f6c786ce6, command=[]} | ret=SUCCESS |  
2019-08-30 03:47:49,907 | INFO  | SCMAudit | user=jenkins1000 | ip=192.168.36.106 | op=SEND_HEARTBEAT {datanodeUUID=b4322056-cf8e-4481-ab52-49b414438035, command=[]} | ret=SUCCESS |  
2019-08-30 03:47:50,103 | INFO  | SCMAudit | user=jenkins1000 | ip=192.168.36.106 | op=SEND_HEARTBEAT {datanodeUUID=088a888b-9e0f-4a9e-b54c-3d2c1c29e9f5, command=[]} | ret=SUCCESS |  
2019-08-30 03:47:50,194 [grpc-default-executor-3] INFO  client.GrpcClientProtocolClient (GrpcClientProtocolClient.java:onNext(255)) - client-31C6FE845455->411242e4-7603-4235-b66c-08546d6d220d: receive RaftClientReply:client-31C6FE845455->411242e4-7603-4235-b66c-08546d6d220d@group-F2B43FCFF49B, cid=168, FAILED org.apache.ratis.protocol.NotLeaderException: Server 411242e4-7603-4235-b66c-08546d6d220d is not the leader (null). Request must be sent to leader., logIndex=0, commits[411242e4-7603-4235-b66c-08546d6d220d:c-1]
2019-08-30 03:47:50,305 | INFO  | SCMAudit | user=jenkins1000 | ip=192.168.36.106 | op=SEND_HEARTBEAT {datanodeUUID=411242e4-7603-4235-b66c-08546d6d220d, command=[]} | ret=SUCCESS |  
2019-08-30 03:47:50,510 | INFO  | SCMAudit | user=jenkins1000 | ip=192.168.36.106 | op=SEND_HEARTBEAT {datanodeUUID=1a924af3-a664-4014-9ecf-70089b07935e, command=[]} | ret=SUCCESS |  
2019-08-30 03:47:50,666 | INFO  | SCMAudit | user=jenkins1000 | ip=192.168.36.106 | op=SEND_HEARTBEAT {datanodeUUID=2f6b521d-5d5d-44f9-9b20-650b7881613d, command=[]} | ret=SUCCESS |  
2019-08-30 03:47:50,724 | INFO  | SCMAudit | user=jenkins1000 | ip=192.168.36.106 | op=SEND_HEARTBEAT {datanodeUUID=cc647f08-9ea0-4a2f-993e-2fedd32829f9, command=[]} | ret=SUCCESS |  
2019-08-30 03:47:50,863 | INFO  | SCMAudit | user=jenkins1000 | ip=192.168.36.106 | op=SEND_HEARTBEAT {datanodeUUID=be188c32-466c-43f9-97ae-301f6c786ce6, command=[]} | ret=SUCCESS |  
2019-08-30 03:47:50,907 | INFO  | SCMAudit | user=jenkins1000 | ip=192.168.36.106 | op=SEND_HEARTBEAT {datanodeUUID=b4322056-cf8e-4481-ab52-49b414438035, command=[]} | ret=SUCCESS |  
2019-08-30 03:47:51,104 | INFO  | SCMAudit | user=jenkins1000 | ip=192.168.36.106 | op=SEND_HEARTBEAT {datanodeUUID=088a888b-9e0f-4a9e-b54c-3d2c1c29e9f5, command=[]} | ret=SUCCESS |  
2019-08-30 03:47:51,203 [grpc-default-executor-5] INFO  client.GrpcClientProtocolClient (GrpcClientProtocolClient.java:onNext(255)) - client-31C6FE845455->2f6b521d-5d5d-44f9-9b20-650b7881613d: receive RaftClientReply:client-31C6FE845455->2f6b521d-5d5d-44f9-9b20-650b7881613d@group-F2B43FCFF49B, cid=168, FAILED org.apache.ratis.protocol.NotLeaderException: Server 2f6b521d-5d5d-44f9-9b20-650b7881613d is not the leader (null). Request must be sent to leader., logIndex=0, commits[2f6b521d-5d5d-44f9-9b20-650b7881613d:c-1]
2019-08-30 03:47:51,305 | INFO  | SCMAudit | user=jenkins1000 | ip=192.168.36.106 | op=SEND_HEARTBEAT {datanodeUUID=411242e4-7603-4235-b66c-08546d6d220d, command=[]} | ret=SUCCESS |  
2019-08-30 03:47:51,510 | INFO  | SCMAudit | user=jenkins1000 | ip=192.168.36.106 | op=SEND_HEARTBEAT {datanodeUUID=1a924af3-a664-4014-9ecf-70089b07935e, command=[]} | ret=SUCCESS |  
2019-08-30 03:47:51,667 | INFO  | SCMAudit | user=jenkins1000 | ip=192.168.36.106 | op=SEND_HEARTBEAT {datanodeUUID=2f6b521d-5d5d-44f9-9b20-650b7881613d, command=[]} | ret=SUCCESS |  
2019-08-30 03:47:51,724 | INFO  | SCMAudit | user=jenkins1000 | ip=192.168.36.106 | op=SEND_HEARTBEAT {datanodeUUID=cc647f08-9ea0-4a2f-993e-2fedd32829f9, command=[]} | ret=SUCCESS |  
2019-08-30 03:47:51,809 [Thread-3531] INFO  impl.FollowerState (FollowerState.java:run(106)) - 2f6b521d-5d5d-44f9-9b20-650b7881613d:group-C515662C3FE6 changes to CANDIDATE, lastRpcTime:5071, electionTimeout:5071ms
2019-08-30 03:47:51,809 [Thread-3531] INFO  impl.RoleInfo (RoleInfo.java:shutdownFollowerState(121)) - 2f6b521d-5d5d-44f9-9b20-650b7881613d: shutdown FollowerState
2019-08-30 03:47:51,809 [Thread-3531] INFO  impl.RaftServerImpl (RaftServerImpl.java:setRole(171)) - 2f6b521d-5d5d-44f9-9b20-650b7881613d:group-C515662C3FE6 changes role from FOLLOWER to CANDIDATE at term 0 for changeToCandidate
2019-08-30 03:47:51,809 [Thread-3531] INFO  impl.RoleInfo (RoleInfo.java:updateAndGet(143)) - 2f6b521d-5d5d-44f9-9b20-650b7881613d: start LeaderElection
2019-08-30 03:47:51,863 | INFO  | SCMAudit | user=jenkins1000 | ip=192.168.36.106 | op=SEND_HEARTBEAT {datanodeUUID=be188c32-466c-43f9-97ae-301f6c786ce6, command=[]} | ret=SUCCESS |  
2019-08-30 03:47:51,878 [2f6b521d-5d5d-44f9-9b20-650b7881613d:group-C515662C3FE6:LeaderElection67] INFO  impl.LeaderElection (LeaderElection.java:askForVotes(181)) - 2f6b521d-5d5d-44f9-9b20-650b7881613d:group-C515662C3FE6:LeaderElection67: begin an election at term 1 for -1: [2f6b521d-5d5d-44f9-9b20-650b7881613d:192.168.36.106:34675], old=null
2019-08-30 03:47:51,879 [2f6b521d-5d5d-44f9-9b20-650b7881613d:group-C515662C3FE6:LeaderElection67] INFO  impl.RoleInfo (RoleInfo.java:shutdownLeaderElection(134)) - 2f6b521d-5d5d-44f9-9b20-650b7881613d: shutdown LeaderElection
2019-08-30 03:47:51,879 [2f6b521d-5d5d-44f9-9b20-650b7881613d:group-C515662C3FE6:LeaderElection67] INFO  impl.RaftServerImpl (RaftServerImpl.java:setRole(171)) - 2f6b521d-5d5d-44f9-9b20-650b7881613d:group-C515662C3FE6 changes role from CANDIDATE to LEADER at term 1 for changeToLeader
2019-08-30 03:47:51,879 [2f6b521d-5d5d-44f9-9b20-650b7881613d:group-C515662C3FE6:LeaderElection67] INFO  impl.RaftServerImpl (ServerState.java:setLeader(263)) - 2f6b521d-5d5d-44f9-9b20-650b7881613d:group-C515662C3FE6 change Leader from null to 2f6b521d-5d5d-44f9-9b20-650b7881613d at term 1 for becomeLeader, leader elected after 5144ms
2019-08-30 03:47:51,879 [2f6b521d-5d5d-44f9-9b20-650b7881613d:group-C515662C3FE6:LeaderElection67] INFO  server.RaftServerConfigKeys (ConfUtils.java:logGet(43)) - raft.server.staging.catchup.gap = 1000 (default)
2019-08-30 03:47:51,879 [2f6b521d-5d5d-44f9-9b20-650b7881613d:group-C515662C3FE6:LeaderElection67] INFO  server.RaftServerConfigKeys (ConfUtils.java:logGet(43)) - raft.server.rpc.sleep.time = 25ms (default)
2019-08-30 03:47:51,879 [2f6b521d-5d5d-44f9-9b20-650b7881613d:group-C515662C3FE6:LeaderElection67] INFO  server.RaftServerConfigKeys (ConfUtils.java:logGet(43)) - raft.server.write.element-limit = 4096 (default)
2019-08-30 03:47:51,880 [2f6b521d-5d5d-44f9-9b20-650b7881613d:group-C515662C3FE6:LeaderElection67] INFO  server.RaftServerConfigKeys (ConfUtils.java:logGet(43)) - raft.server.watch.timeout = 10s (default)
2019-08-30 03:47:51,880 [2f6b521d-5d5d-44f9-9b20-650b7881613d:group-C515662C3FE6:LeaderElection67] INFO  server.RaftServerConfigKeys (ConfUtils.java:logGet(43)) - raft.server.watch.timeout.denomination = 1s (default)
2019-08-30 03:47:51,880 [2f6b521d-5d5d-44f9-9b20-650b7881613d:group-C515662C3FE6:LeaderElection67] INFO  server.RaftServerConfigKeys (ConfUtils.java:logGet(43)) - raft.server.watch.element-limit = 65536 (default)
2019-08-30 03:47:51,880 [2f6b521d-5d5d-44f9-9b20-650b7881613d:group-C515662C3FE6:LeaderElection67] INFO  impl.RoleInfo (RoleInfo.java:updateAndGet(143)) - 2f6b521d-5d5d-44f9-9b20-650b7881613d: start LeaderState
2019-08-30 03:47:51,881 [2f6b521d-5d5d-44f9-9b20-650b7881613d:group-C515662C3FE6:LeaderElection67] INFO  segmented.SegmentedRaftLogWorker (SegmentedRaftLogWorker.java:startLogSegment(380)) - 2f6b521d-5d5d-44f9-9b20-650b7881613d-SegmentedRaftLogWorker:Storage Directory /workdir/hadoop-ozone/integration-test/target/test-dir/MiniOzoneClusterImpl-54fb3437-fb27-4fd7-8614-a0b063bd7494/datanode-0/data/ratis/0658d72c-4192-4731-af56-c515662c3fe6: Starting segment from index:0
2019-08-30 03:47:51,881 [2f6b521d-5d5d-44f9-9b20-650b7881613d:group-C515662C3FE6:LeaderElection67] INFO  impl.RaftServerImpl (ServerState.java:setRaftConf(361)) - 2f6b521d-5d5d-44f9-9b20-650b7881613d:group-C515662C3FE6 set configuration 0: [2f6b521d-5d5d-44f9-9b20-650b7881613d:192.168.36.106:34675], old=null at 0
2019-08-30 03:47:51,908 | INFO  | SCMAudit | user=jenkins1000 | ip=192.168.36.106 | op=SEND_HEARTBEAT {datanodeUUID=b4322056-cf8e-4481-ab52-49b414438035, command=[]} | ret=SUCCESS |  
2019-08-30 03:47:51,965 [2f6b521d-5d5d-44f9-9b20-650b7881613d-SegmentedRaftLogWorker:Storage Directory /workdir/hadoop-ozone/integration-test/target/test-dir/MiniOzoneClusterImpl-54fb3437-fb27-4fd7-8614-a0b063bd7494/datanode-0/data/ratis/0658d72c-4192-4731-af56-c515662c3fe6] INFO  segmented.SegmentedRaftLogWorker (SegmentedRaftLogWorker.java:execute(569)) - 2f6b521d-5d5d-44f9-9b20-650b7881613d-SegmentedRaftLogWorker:Storage Directory /workdir/hadoop-ozone/integration-test/target/test-dir/MiniOzoneClusterImpl-54fb3437-fb27-4fd7-8614-a0b063bd7494/datanode-0/data/ratis/0658d72c-4192-4731-af56-c515662c3fe6: created new log segment /workdir/hadoop-ozone/integration-test/target/test-dir/MiniOzoneClusterImpl-54fb3437-fb27-4fd7-8614-a0b063bd7494/datanode-0/data/ratis/0658d72c-4192-4731-af56-c515662c3fe6/current/log_inprogress_0
2019-08-30 03:47:52,006 [Thread-3534] INFO  impl.FollowerState (FollowerState.java:run(106)) - be188c32-466c-43f9-97ae-301f6c786ce6:group-8D550BE48292 changes to CANDIDATE, lastRpcTime:5104, electionTimeout:5104ms
2019-08-30 03:47:52,006 [Thread-3534] INFO  impl.RoleInfo (RoleInfo.java:shutdownFollowerState(121)) - be188c32-466c-43f9-97ae-301f6c786ce6: shutdown FollowerState
2019-08-30 03:47:52,006 [Thread-3534] INFO  impl.RaftServerImpl (RaftServerImpl.java:setRole(171)) - be188c32-466c-43f9-97ae-301f6c786ce6:group-8D550BE48292 changes role from FOLLOWER to CANDIDATE at term 0 for changeToCandidate
2019-08-30 03:47:52,006 [Thread-3534] INFO  impl.RoleInfo (RoleInfo.java:updateAndGet(143)) - be188c32-466c-43f9-97ae-301f6c786ce6: start LeaderElection
2019-08-30 03:47:52,104 [be188c32-466c-43f9-97ae-301f6c786ce6:group-8D550BE48292:LeaderElection68] INFO  impl.LeaderElection (LeaderElection.java:askForVotes(181)) - be188c32-466c-43f9-97ae-301f6c786ce6:group-8D550BE48292:LeaderElection68: begin an election at term 1 for -1: [be188c32-466c-43f9-97ae-301f6c786ce6:192.168.36.106:46026], old=null
2019-08-30 03:47:52,105 [be188c32-466c-43f9-97ae-301f6c786ce6:group-8D550BE48292:LeaderElection68] INFO  impl.RoleInfo (RoleInfo.java:shutdownLeaderElection(134)) - be188c32-466c-43f9-97ae-301f6c786ce6: shutdown LeaderElection
2019-08-30 03:47:52,105 [be188c32-466c-43f9-97ae-301f6c786ce6:group-8D550BE48292:LeaderElection68] INFO  impl.RaftServerImpl (RaftServerImpl.java:setRole(171)) - be188c32-466c-43f9-97ae-301f6c786ce6:group-8D550BE48292 changes role from CANDIDATE to LEADER at term 1 for changeToLeader
2019-08-30 03:47:52,105 [be188c32-466c-43f9-97ae-301f6c786ce6:group-8D550BE48292:LeaderElection68] INFO  impl.RaftServerImpl (ServerState.java:setLeader(263)) - be188c32-466c-43f9-97ae-301f6c786ce6:group-8D550BE48292 change Leader from null to be188c32-466c-43f9-97ae-301f6c786ce6 at term 1 for becomeLeader, leader elected after 5206ms
2019-08-30 03:47:52,105 [be188c32-466c-43f9-97ae-301f6c786ce6:group-8D550BE48292:LeaderElection68] INFO  server.RaftServerConfigKeys (ConfUtils.java:logGet(43)) - raft.server.staging.catchup.gap = 1000 (default)
2019-08-30 03:47:52,105 | INFO  | SCMAudit | user=jenkins1000 | ip=192.168.36.106 | op=SEND_HEARTBEAT {datanodeUUID=088a888b-9e0f-4a9e-b54c-3d2c1c29e9f5, command=[]} | ret=SUCCESS |  
2019-08-30 03:47:52,105 [be188c32-466c-43f9-97ae-301f6c786ce6:group-8D550BE48292:LeaderElection68] INFO  server.RaftServerConfigKeys (ConfUtils.java:logGet(43)) - raft.server.rpc.sleep.time = 25ms (default)
2019-08-30 03:47:52,105 [be188c32-466c-43f9-97ae-301f6c786ce6:group-8D550BE48292:LeaderElection68] INFO  server.RaftServerConfigKeys (ConfUtils.java:logGet(43)) - raft.server.write.element-limit = 4096 (default)
2019-08-30 03:47:52,105 [be188c32-466c-43f9-97ae-301f6c786ce6:group-8D550BE48292:LeaderElection68] INFO  server.RaftServerConfigKeys (ConfUtils.java:logGet(43)) - raft.server.watch.timeout = 10s (default)
2019-08-30 03:47:52,105 [be188c32-466c-43f9-97ae-301f6c786ce6:group-8D550BE48292:LeaderElection68] INFO  server.RaftServerConfigKeys (ConfUtils.java:logGet(43)) - raft.server.watch.timeout.denomination = 1s (default)
2019-08-30 03:47:52,105 [be188c32-466c-43f9-97ae-301f6c786ce6:group-8D550BE48292:LeaderElection68] INFO  server.RaftServerConfigKeys (ConfUtils.java:logGet(43)) - raft.server.watch.element-limit = 65536 (default)
2019-08-30 03:47:52,106 [be188c32-466c-43f9-97ae-301f6c786ce6:group-8D550BE48292:LeaderElection68] INFO  impl.RoleInfo (RoleInfo.java:updateAndGet(143)) - be188c32-466c-43f9-97ae-301f6c786ce6: start LeaderState
2019-08-30 03:47:52,106 [be188c32-466c-43f9-97ae-301f6c786ce6:group-8D550BE48292:LeaderElection68] INFO  segmented.SegmentedRaftLogWorker (SegmentedRaftLogWorker.java:startLogSegment(380)) - be188c32-466c-43f9-97ae-301f6c786ce6-SegmentedRaftLogWorker:Storage Directory /workdir/hadoop-ozone/integration-test/target/test-dir/MiniOzoneClusterImpl-54fb3437-fb27-4fd7-8614-a0b063bd7494/datanode-1/data/ratis/a6571985-e2f7-4124-b981-8d550be48292: Starting segment from index:0
2019-08-30 03:47:52,106 [be188c32-466c-43f9-97ae-301f6c786ce6:group-8D550BE48292:LeaderElection68] INFO  impl.RaftServerImpl (ServerState.java:setRaftConf(361)) - be188c32-466c-43f9-97ae-301f6c786ce6:group-8D550BE48292 set configuration 0: [be188c32-466c-43f9-97ae-301f6c786ce6:192.168.36.106:46026], old=null at 0
2019-08-30 03:47:52,198 [be188c32-466c-43f9-97ae-301f6c786ce6-SegmentedRaftLogWorker:Storage Directory /workdir/hadoop-ozone/integration-test/target/test-dir/MiniOzoneClusterImpl-54fb3437-fb27-4fd7-8614-a0b063bd7494/datanode-1/data/ratis/a6571985-e2f7-4124-b981-8d550be48292] INFO  segmented.SegmentedRaftLogWorker (SegmentedRaftLogWorker.java:execute(569)) - be188c32-466c-43f9-97ae-301f6c786ce6-SegmentedRaftLogWorker:Storage Directory /workdir/hadoop-ozone/integration-test/target/test-dir/MiniOzoneClusterImpl-54fb3437-fb27-4fd7-8614-a0b063bd7494/datanode-1/data/ratis/a6571985-e2f7-4124-b981-8d550be48292: created new log segment /workdir/hadoop-ozone/integration-test/target/test-dir/MiniOzoneClusterImpl-54fb3437-fb27-4fd7-8614-a0b063bd7494/datanode-1/data/ratis/a6571985-e2f7-4124-b981-8d550be48292/current/log_inprogress_0
2019-08-30 03:47:52,222 [grpc-default-executor-3] INFO  client.GrpcClientProtocolClient (GrpcClientProtocolClient.java:onNext(255)) - client-31C6FE845455->be188c32-466c-43f9-97ae-301f6c786ce6: receive RaftClientReply:client-31C6FE845455->be188c32-466c-43f9-97ae-301f6c786ce6@group-F2B43FCFF49B, cid=168, FAILED org.apache.ratis.protocol.NotLeaderException: Server be188c32-466c-43f9-97ae-301f6c786ce6 is not the leader (null). Request must be sent to leader., logIndex=0, commits[be188c32-466c-43f9-97ae-301f6c786ce6:c-1]
2019-08-30 03:47:52,305 | INFO  | SCMAudit | user=jenkins1000 | ip=192.168.36.106 | op=SEND_HEARTBEAT {datanodeUUID=411242e4-7603-4235-b66c-08546d6d220d, command=[]} | ret=SUCCESS |  
2019-08-30 03:47:52,386 [Thread-3537] INFO  impl.FollowerState (FollowerState.java:run(106)) - 411242e4-7603-4235-b66c-08546d6d220d:group-98DDE4ACEC31 changes to CANDIDATE, lastRpcTime:5042, electionTimeout:5042ms
2019-08-30 03:47:52,386 [Thread-3537] INFO  impl.RoleInfo (RoleInfo.java:shutdownFollowerState(121)) - 411242e4-7603-4235-b66c-08546d6d220d: shutdown FollowerState
2019-08-30 03:47:52,387 [Thread-3537] INFO  impl.RaftServerImpl (RaftServerImpl.java:setRole(171)) - 411242e4-7603-4235-b66c-08546d6d220d:group-98DDE4ACEC31 changes role from FOLLOWER to CANDIDATE at term 0 for changeToCandidate
2019-08-30 03:47:52,387 [Thread-3537] INFO  impl.RoleInfo (RoleInfo.java:updateAndGet(143)) - 411242e4-7603-4235-b66c-08546d6d220d: start LeaderElection
2019-08-30 03:47:52,403 [Thread-3545] INFO  impl.FollowerState (FollowerState.java:run(106)) - 2f6b521d-5d5d-44f9-9b20-650b7881613d:group-F2B43FCFF49B changes to CANDIDATE, lastRpcTime:5009, electionTimeout:5009ms
2019-08-30 03:47:52,403 [Thread-3545] INFO  impl.RoleInfo (RoleInfo.java:shutdownFollowerState(121)) - 2f6b521d-5d5d-44f9-9b20-650b7881613d: shutdown FollowerState
2019-08-30 03:47:52,403 [Thread-3545] INFO  impl.RaftServerImpl (RaftServerImpl.java:setRole(171)) - 2f6b521d-5d5d-44f9-9b20-650b7881613d:group-F2B43FCFF49B changes role from FOLLOWER to CANDIDATE at term 0 for changeToCandidate
2019-08-30 03:47:52,403 [Thread-3545] INFO  impl.RoleInfo (RoleInfo.java:updateAndGet(143)) - 2f6b521d-5d5d-44f9-9b20-650b7881613d: start LeaderElection
2019-08-30 03:47:52,424 [Thread-3540] INFO  impl.FollowerState (FollowerState.java:run(106)) - 411242e4-7603-4235-b66c-08546d6d220d:group-F2B43FCFF49B changes to CANDIDATE, lastRpcTime:5031, electionTimeout:5031ms
2019-08-30 03:47:52,424 [Thread-3540] INFO  impl.RoleInfo (RoleInfo.java:shutdownFollowerState(121)) - 411242e4-7603-4235-b66c-08546d6d220d: shutdown FollowerState
2019-08-30 03:47:52,424 [Thread-3540] INFO  impl.RaftServerImpl (RaftServerImpl.java:setRole(171)) - 411242e4-7603-4235-b66c-08546d6d220d:group-F2B43FCFF49B changes role from FOLLOWER to CANDIDATE at term 0 for changeToCandidate
2019-08-30 03:47:52,424 [Thread-3540] INFO  impl.RoleInfo (RoleInfo.java:updateAndGet(143)) - 411242e4-7603-4235-b66c-08546d6d220d: start LeaderElection
2019-08-30 03:47:52,435 [Thread-3544] INFO  impl.FollowerState (FollowerState.java:run(106)) - be188c32-466c-43f9-97ae-301f6c786ce6:group-F2B43FCFF49B changes to CANDIDATE, lastRpcTime:5041, electionTimeout:5041ms
2019-08-30 03:47:52,435 [Thread-3544] INFO  impl.RoleInfo (RoleInfo.java:shutdownFollowerState(121)) - be188c32-466c-43f9-97ae-301f6c786ce6: shutdown FollowerState
2019-08-30 03:47:52,435 [Thread-3544] INFO  impl.RaftServerImpl (RaftServerImpl.java:setRole(171)) - be188c32-466c-43f9-97ae-301f6c786ce6:group-F2B43FCFF49B changes role from FOLLOWER to CANDIDATE at term 0 for changeToCandidate
2019-08-30 03:47:52,435 [Thread-3544] INFO  impl.RoleInfo (RoleInfo.java:updateAndGet(143)) - be188c32-466c-43f9-97ae-301f6c786ce6: start LeaderElection
2019-08-30 03:47:52,445 [411242e4-7603-4235-b66c-08546d6d220d:group-98DDE4ACEC31:LeaderElection69] INFO  impl.LeaderElection (LeaderElection.java:askForVotes(181)) - 411242e4-7603-4235-b66c-08546d6d220d:group-98DDE4ACEC31:LeaderElection69: begin an election at term 1 for -1: [411242e4-7603-4235-b66c-08546d6d220d:192.168.36.106:35846], old=null
2019-08-30 03:47:52,445 [411242e4-7603-4235-b66c-08546d6d220d:group-98DDE4ACEC31:LeaderElection69] INFO  impl.RoleInfo (RoleInfo.java:shutdownLeaderElection(134)) - 411242e4-7603-4235-b66c-08546d6d220d: shutdown LeaderElection
2019-08-30 03:47:52,445 [411242e4-7603-4235-b66c-08546d6d220d:group-98DDE4ACEC31:LeaderElection69] INFO  impl.RaftServerImpl (RaftServerImpl.java:setRole(171)) - 411242e4-7603-4235-b66c-08546d6d220d:group-98DDE4ACEC31 changes role from CANDIDATE to LEADER at term 1 for changeToLeader
2019-08-30 03:47:52,445 [411242e4-7603-4235-b66c-08546d6d220d:group-98DDE4ACEC31:LeaderElection69] INFO  impl.RaftServerImpl (ServerState.java:setLeader(263)) - 411242e4-7603-4235-b66c-08546d6d220d:group-98DDE4ACEC31 change Leader from null to 411242e4-7603-4235-b66c-08546d6d220d at term 1 for becomeLeader, leader elected after 5104ms
2019-08-30 03:47:52,446 [411242e4-7603-4235-b66c-08546d6d220d:group-98DDE4ACEC31:LeaderElection69] INFO  server.RaftServerConfigKeys (ConfUtils.java:logGet(43)) - raft.server.staging.catchup.gap = 1000 (default)
2019-08-30 03:47:52,446 [411242e4-7603-4235-b66c-08546d6d220d:group-98DDE4ACEC31:LeaderElection69] INFO  server.RaftServerConfigKeys (ConfUtils.java:logGet(43)) - raft.server.rpc.sleep.time = 25ms (default)
2019-08-30 03:47:52,446 [411242e4-7603-4235-b66c-08546d6d220d:group-98DDE4ACEC31:LeaderElection69] INFO  server.RaftServerConfigKeys (ConfUtils.java:logGet(43)) - raft.server.write.element-limit = 4096 (default)
2019-08-30 03:47:52,446 [411242e4-7603-4235-b66c-08546d6d220d:group-98DDE4ACEC31:LeaderElection69] INFO  server.RaftServerConfigKeys (ConfUtils.java:logGet(43)) - raft.server.watch.timeout = 10s (default)
2019-08-30 03:47:52,446 [411242e4-7603-4235-b66c-08546d6d220d:group-98DDE4ACEC31:LeaderElection69] INFO  server.RaftServerConfigKeys (ConfUtils.java:logGet(43)) - raft.server.watch.timeout.denomination = 1s (default)
2019-08-30 03:47:52,446 [411242e4-7603-4235-b66c-08546d6d220d:group-98DDE4ACEC31:LeaderElection69] INFO  server.RaftServerConfigKeys (ConfUtils.java:logGet(43)) - raft.server.watch.element-limit = 65536 (default)
2019-08-30 03:47:52,446 [411242e4-7603-4235-b66c-08546d6d220d:group-98DDE4ACEC31:LeaderElection69] INFO  impl.RoleInfo (RoleInfo.java:updateAndGet(143)) - 411242e4-7603-4235-b66c-08546d6d220d: start LeaderState
2019-08-30 03:47:52,446 [411242e4-7603-4235-b66c-08546d6d220d:group-98DDE4ACEC31:LeaderElection69] INFO  segmented.SegmentedRaftLogWorker (SegmentedRaftLogWorker.java:startLogSegment(380)) - 411242e4-7603-4235-b66c-08546d6d220d-SegmentedRaftLogWorker:Storage Directory /workdir/hadoop-ozone/integration-test/target/test-dir/MiniOzoneClusterImpl-54fb3437-fb27-4fd7-8614-a0b063bd7494/datanode-2/data/ratis/14e65be0-97cc-4853-8722-98dde4acec31: Starting segment from index:0
2019-08-30 03:47:52,447 [411242e4-7603-4235-b66c-08546d6d220d:group-98DDE4ACEC31:LeaderElection69] INFO  impl.RaftServerImpl (ServerState.java:setRaftConf(361)) - 411242e4-7603-4235-b66c-08546d6d220d:group-98DDE4ACEC31 set configuration 0: [411242e4-7603-4235-b66c-08546d6d220d:192.168.36.106:35846], old=null at 0
2019-08-30 03:47:52,456 [2f6b521d-5d5d-44f9-9b20-650b7881613d:group-F2B43FCFF49B:LeaderElection70] INFO  impl.LeaderElection (LeaderElection.java:askForVotes(181)) - 2f6b521d-5d5d-44f9-9b20-650b7881613d:group-F2B43FCFF49B:LeaderElection70: begin an election at term 1 for -1: [be188c32-466c-43f9-97ae-301f6c786ce6:192.168.36.106:46026, 2f6b521d-5d5d-44f9-9b20-650b7881613d:192.168.36.106:34675, 411242e4-7603-4235-b66c-08546d6d220d:192.168.36.106:35846], old=null
2019-08-30 03:47:52,476 [411242e4-7603-4235-b66c-08546d6d220d:group-F2B43FCFF49B:LeaderElection71] INFO  impl.LeaderElection (LeaderElection.java:askForVotes(181)) - 411242e4-7603-4235-b66c-08546d6d220d:group-F2B43FCFF49B:LeaderElection71: begin an election at term 1 for -1: [be188c32-466c-43f9-97ae-301f6c786ce6:192.168.36.106:46026, 2f6b521d-5d5d-44f9-9b20-650b7881613d:192.168.36.106:34675, 411242e4-7603-4235-b66c-08546d6d220d:192.168.36.106:35846], old=null
2019-08-30 03:47:52,476 [be188c32-466c-43f9-97ae-301f6c786ce6:group-F2B43FCFF49B:LeaderElection72] INFO  impl.LeaderElection (LeaderElection.java:askForVotes(181)) - be188c32-466c-43f9-97ae-301f6c786ce6:group-F2B43FCFF49B:LeaderElection72: begin an election at term 1 for -1: [be188c32-466c-43f9-97ae-301f6c786ce6:192.168.36.106:46026, 2f6b521d-5d5d-44f9-9b20-650b7881613d:192.168.36.106:34675, 411242e4-7603-4235-b66c-08546d6d220d:192.168.36.106:35846], old=null
2019-08-30 03:47:52,477 [2f6b521d-5d5d-44f9-9b20-650b7881613d:group-F2B43FCFF49B:LeaderElection70] INFO  impl.LeaderElection (LeaderElection.java:logAndReturn(56)) - 2f6b521d-5d5d-44f9-9b20-650b7881613d:group-F2B43FCFF49B:LeaderElection70: Election REJECTED; received 2 response(s) [2f6b521d-5d5d-44f9-9b20-650b7881613d<-be188c32-466c-43f9-97ae-301f6c786ce6#0:FAIL-t1, 2f6b521d-5d5d-44f9-9b20-650b7881613d<-411242e4-7603-4235-b66c-08546d6d220d#0:FAIL-t1] and 0 exception(s); 2f6b521d-5d5d-44f9-9b20-650b7881613d:t1, leader=null, voted=2f6b521d-5d5d-44f9-9b20-650b7881613d, raftlog=2f6b521d-5d5d-44f9-9b20-650b7881613d-SegmentedRaftLog:OPENED:c-1,f-1,i0, conf=-1: [be188c32-466c-43f9-97ae-301f6c786ce6:192.168.36.106:46026, 2f6b521d-5d5d-44f9-9b20-650b7881613d:192.168.36.106:34675, 411242e4-7603-4235-b66c-08546d6d220d:192.168.36.106:35846], old=null
2019-08-30 03:47:52,477 [2f6b521d-5d5d-44f9-9b20-650b7881613d:group-F2B43FCFF49B:LeaderElection70] INFO  impl.RaftServerImpl (RaftServerImpl.java:setRole(171)) - 2f6b521d-5d5d-44f9-9b20-650b7881613d:group-F2B43FCFF49B changes role from CANDIDATE to FOLLOWER at term 1 for DISCOVERED_A_NEW_TERM
2019-08-30 03:47:52,477 [2f6b521d-5d5d-44f9-9b20-650b7881613d:group-F2B43FCFF49B:LeaderElection70] INFO  impl.RoleInfo (RoleInfo.java:shutdownLeaderElection(134)) - 2f6b521d-5d5d-44f9-9b20-650b7881613d: shutdown LeaderElection
2019-08-30 03:47:52,477 [2f6b521d-5d5d-44f9-9b20-650b7881613d:group-F2B43FCFF49B:LeaderElection70] INFO  impl.RoleInfo (RoleInfo.java:updateAndGet(143)) - 2f6b521d-5d5d-44f9-9b20-650b7881613d: start FollowerState
2019-08-30 03:47:52,480 [411242e4-7603-4235-b66c-08546d6d220d:group-F2B43FCFF49B:LeaderElection71] INFO  impl.LeaderElection (LeaderElection.java:logAndReturn(56)) - 411242e4-7603-4235-b66c-08546d6d220d:group-F2B43FCFF49B:LeaderElection71: Election REJECTED; received 2 response(s) [411242e4-7603-4235-b66c-08546d6d220d<-be188c32-466c-43f9-97ae-301f6c786ce6#0:FAIL-t1, 411242e4-7603-4235-b66c-08546d6d220d<-2f6b521d-5d5d-44f9-9b20-650b7881613d#0:FAIL-t1] and 0 exception(s); 411242e4-7603-4235-b66c-08546d6d220d:t1, leader=null, voted=411242e4-7603-4235-b66c-08546d6d220d, raftlog=411242e4-7603-4235-b66c-08546d6d220d-SegmentedRaftLog:OPENED:c-1,f-1,i0, conf=-1: [be188c32-466c-43f9-97ae-301f6c786ce6:192.168.36.106:46026, 2f6b521d-5d5d-44f9-9b20-650b7881613d:192.168.36.106:34675, 411242e4-7603-4235-b66c-08546d6d220d:192.168.36.106:35846], old=null
2019-08-30 03:47:52,480 [411242e4-7603-4235-b66c-08546d6d220d:group-F2B43FCFF49B:LeaderElection71] INFO  impl.RaftServerImpl (RaftServerImpl.java:setRole(171)) - 411242e4-7603-4235-b66c-08546d6d220d:group-F2B43FCFF49B changes role from CANDIDATE to FOLLOWER at term 1 for DISCOVERED_A_NEW_TERM
2019-08-30 03:47:52,480 [be188c32-466c-43f9-97ae-301f6c786ce6:group-F2B43FCFF49B:LeaderElection72] INFO  impl.LeaderElection (LeaderElection.java:logAndReturn(56)) - be188c32-466c-43f9-97ae-301f6c786ce6:group-F2B43FCFF49B:LeaderElection72: Election REJECTED; received 2 response(s) [be188c32-466c-43f9-97ae-301f6c786ce6<-2f6b521d-5d5d-44f9-9b20-650b7881613d#0:FAIL-t1, be188c32-466c-43f9-97ae-301f6c786ce6<-411242e4-7603-4235-b66c-08546d6d220d#0:FAIL-t1] and 0 exception(s); be188c32-466c-43f9-97ae-301f6c786ce6:t1, leader=null, voted=be188c32-466c-43f9-97ae-301f6c786ce6, raftlog=be188c32-466c-43f9-97ae-301f6c786ce6-SegmentedRaftLog:OPENED:c-1,f-1,i0, conf=-1: [be188c32-466c-43f9-97ae-301f6c786ce6:192.168.36.106:46026, 2f6b521d-5d5d-44f9-9b20-650b7881613d:192.168.36.106:34675, 411242e4-7603-4235-b66c-08546d6d220d:192.168.36.106:35846], old=null
2019-08-30 03:47:52,480 [411242e4-7603-4235-b66c-08546d6d220d:group-F2B43FCFF49B:LeaderElection71] INFO  impl.RoleInfo (RoleInfo.java:shutdownLeaderElection(134)) - 411242e4-7603-4235-b66c-08546d6d220d: shutdown LeaderElection
2019-08-30 03:47:52,481 [be188c32-466c-43f9-97ae-301f6c786ce6:group-F2B43FCFF49B:LeaderElection72] INFO  impl.RaftServerImpl (RaftServerImpl.java:setRole(171)) - be188c32-466c-43f9-97ae-301f6c786ce6:group-F2B43FCFF49B changes role from CANDIDATE to FOLLOWER at term 1 for DISCOVERED_A_NEW_TERM
2019-08-30 03:47:52,481 [411242e4-7603-4235-b66c-08546d6d220d:group-F2B43FCFF49B:LeaderElection71] INFO  impl.RoleInfo (RoleInfo.java:updateAndGet(143)) - 411242e4-7603-4235-b66c-08546d6d220d: start FollowerState
2019-08-30 03:47:52,481 [be188c32-466c-43f9-97ae-301f6c786ce6:group-F2B43FCFF49B:LeaderElection72] INFO  impl.RoleInfo (RoleInfo.java:shutdownLeaderElection(134)) - be188c32-466c-43f9-97ae-301f6c786ce6: shutdown LeaderElection
2019-08-30 03:47:52,481 [be188c32-466c-43f9-97ae-301f6c786ce6:group-F2B43FCFF49B:LeaderElection72] INFO  impl.RoleInfo (RoleInfo.java:updateAndGet(143)) - be188c32-466c-43f9-97ae-301f6c786ce6: start FollowerState
2019-08-30 03:47:52,510 | INFO  | SCMAudit | user=jenkins1000 | ip=192.168.36.106 | op=SEND_HEARTBEAT {datanodeUUID=1a924af3-a664-4014-9ecf-70089b07935e, command=[]} | ret=SUCCESS |  
2019-08-30 03:47:52,526 [411242e4-7603-4235-b66c-08546d6d220d-SegmentedRaftLogWorker:Storage Directory /workdir/hadoop-ozone/integration-test/target/test-dir/MiniOzoneClusterImpl-54fb3437-fb27-4fd7-8614-a0b063bd7494/datanode-2/data/ratis/14e65be0-97cc-4853-8722-98dde4acec31] INFO  segmented.SegmentedRaftLogWorker (SegmentedRaftLogWorker.java:execute(569)) - 411242e4-7603-4235-b66c-08546d6d220d-SegmentedRaftLogWorker:Storage Directory /workdir/hadoop-ozone/integration-test/target/test-dir/MiniOzoneClusterImpl-54fb3437-fb27-4fd7-8614-a0b063bd7494/datanode-2/data/ratis/14e65be0-97cc-4853-8722-98dde4acec31: created new log segment /workdir/hadoop-ozone/integration-test/target/test-dir/MiniOzoneClusterImpl-54fb3437-fb27-4fd7-8614-a0b063bd7494/datanode-2/data/ratis/14e65be0-97cc-4853-8722-98dde4acec31/current/log_inprogress_0
2019-08-30 03:47:52,667 | INFO  | SCMAudit | user=jenkins1000 | ip=192.168.36.106 | op=SEND_HEARTBEAT {datanodeUUID=2f6b521d-5d5d-44f9-9b20-650b7881613d, command=[]} | ret=SUCCESS |  
2019-08-30 03:47:52,725 | INFO  | SCMAudit | user=jenkins1000 | ip=192.168.36.106 | op=SEND_HEARTBEAT {datanodeUUID=cc647f08-9ea0-4a2f-993e-2fedd32829f9, command=[]} | ret=SUCCESS |  
2019-08-30 03:47:52,730 [Thread-3549] INFO  impl.FollowerState (FollowerState.java:run(106)) - 1a924af3-a664-4014-9ecf-70089b07935e:group-FE3C42462346 changes to CANDIDATE, lastRpcTime:5173, electionTimeout:5173ms
2019-08-30 03:47:52,730 [Thread-3549] INFO  impl.RoleInfo (RoleInfo.java:shutdownFollowerState(121)) - 1a924af3-a664-4014-9ecf-70089b07935e: shutdown FollowerState
2019-08-30 03:47:52,730 [Thread-3549] INFO  impl.RaftServerImpl (RaftServerImpl.java:setRole(171)) - 1a924af3-a664-4014-9ecf-70089b07935e:group-FE3C42462346 changes role from FOLLOWER to CANDIDATE at term 0 for changeToCandidate
2019-08-30 03:47:52,730 [Thread-3549] INFO  impl.RoleInfo (RoleInfo.java:updateAndGet(143)) - 1a924af3-a664-4014-9ecf-70089b07935e: start LeaderElection
2019-08-30 03:47:52,793 [1a924af3-a664-4014-9ecf-70089b07935e:group-FE3C42462346:LeaderElection73] INFO  impl.LeaderElection (LeaderElection.java:askForVotes(181)) - 1a924af3-a664-4014-9ecf-70089b07935e:group-FE3C42462346:LeaderElection73: begin an election at term 1 for -1: [1a924af3-a664-4014-9ecf-70089b07935e:192.168.36.106:43035], old=null
2019-08-30 03:47:52,794 [1a924af3-a664-4014-9ecf-70089b07935e:group-FE3C42462346:LeaderElection73] INFO  impl.RoleInfo (RoleInfo.java:shutdownLeaderElection(134)) - 1a924af3-a664-4014-9ecf-70089b07935e: shutdown LeaderElection
2019-08-30 03:47:52,794 [1a924af3-a664-4014-9ecf-70089b07935e:group-FE3C42462346:LeaderElection73] INFO  impl.RaftServerImpl (RaftServerImpl.java:setRole(171)) - 1a924af3-a664-4014-9ecf-70089b07935e:group-FE3C42462346 changes role from CANDIDATE to LEADER at term 1 for changeToLeader
2019-08-30 03:47:52,794 [1a924af3-a664-4014-9ecf-70089b07935e:group-FE3C42462346:LeaderElection73] INFO  impl.RaftServerImpl (ServerState.java:setLeader(263)) - 1a924af3-a664-4014-9ecf-70089b07935e:group-FE3C42462346 change Leader from null to 1a924af3-a664-4014-9ecf-70089b07935e at term 1 for becomeLeader, leader elected after 5240ms
2019-08-30 03:47:52,794 [1a924af3-a664-4014-9ecf-70089b07935e:group-FE3C42462346:LeaderElection73] INFO  server.RaftServerConfigKeys (ConfUtils.java:logGet(43)) - raft.server.staging.catchup.gap = 1000 (default)
2019-08-30 03:47:52,794 [1a924af3-a664-4014-9ecf-70089b07935e:group-FE3C42462346:LeaderElection73] INFO  server.RaftServerConfigKeys (ConfUtils.java:logGet(43)) - raft.server.rpc.sleep.time = 25ms (default)
2019-08-30 03:47:52,795 [1a924af3-a664-4014-9ecf-70089b07935e:group-FE3C42462346:LeaderElection73] INFO  server.RaftServerConfigKeys (ConfUtils.java:logGet(43)) - raft.server.write.element-limit = 4096 (default)
2019-08-30 03:47:52,795 [1a924af3-a664-4014-9ecf-70089b07935e:group-FE3C42462346:LeaderElection73] INFO  server.RaftServerConfigKeys (ConfUtils.java:logGet(43)) - raft.server.watch.timeout = 10s (default)
2019-08-30 03:47:52,795 [1a924af3-a664-4014-9ecf-70089b07935e:group-FE3C42462346:LeaderElection73] INFO  server.RaftServerConfigKeys (ConfUtils.java:logGet(43)) - raft.server.watch.timeout.denomination = 1s (default)
2019-08-30 03:47:52,795 [1a924af3-a664-4014-9ecf-70089b07935e:group-FE3C42462346:LeaderElection73] INFO  server.RaftServerConfigKeys (ConfUtils.java:logGet(43)) - raft.server.watch.element-limit = 65536 (default)
2019-08-30 03:47:52,795 [1a924af3-a664-4014-9ecf-70089b07935e:group-FE3C42462346:LeaderElection73] INFO  impl.RoleInfo (RoleInfo.java:updateAndGet(143)) - 1a924af3-a664-4014-9ecf-70089b07935e: start LeaderState
2019-08-30 03:47:52,795 [1a924af3-a664-4014-9ecf-70089b07935e:group-FE3C42462346:LeaderElection73] INFO  segmented.SegmentedRaftLogWorker (SegmentedRaftLogWorker.java:startLogSegment(380)) - 1a924af3-a664-4014-9ecf-70089b07935e-SegmentedRaftLogWorker:Storage Directory /workdir/hadoop-ozone/integration-test/target/test-dir/MiniOzoneClusterImpl-54fb3437-fb27-4fd7-8614-a0b063bd7494/datanode-3/data/ratis/8fafa975-8be6-47a1-9252-fe3c42462346: Starting segment from index:0
2019-08-30 03:47:52,796 [1a924af3-a664-4014-9ecf-70089b07935e:group-FE3C42462346:LeaderElection73] INFO  impl.RaftServerImpl (ServerState.java:setRaftConf(361)) - 1a924af3-a664-4014-9ecf-70089b07935e:group-FE3C42462346 set configuration 0: [1a924af3-a664-4014-9ecf-70089b07935e:192.168.36.106:43035], old=null at 0
2019-08-30 03:47:52,863 | INFO  | SCMAudit | user=jenkins1000 | ip=192.168.36.106 | op=SEND_HEARTBEAT {datanodeUUID=be188c32-466c-43f9-97ae-301f6c786ce6, command=[]} | ret=SUCCESS |  
2019-08-30 03:47:52,875 [1a924af3-a664-4014-9ecf-70089b07935e-SegmentedRaftLogWorker:Storage Directory /workdir/hadoop-ozone/integration-test/target/test-dir/MiniOzoneClusterImpl-54fb3437-fb27-4fd7-8614-a0b063bd7494/datanode-3/data/ratis/8fafa975-8be6-47a1-9252-fe3c42462346] INFO  segmented.SegmentedRaftLogWorker (SegmentedRaftLogWorker.java:execute(569)) - 1a924af3-a664-4014-9ecf-70089b07935e-SegmentedRaftLogWorker:Storage Directory /workdir/hadoop-ozone/integration-test/target/test-dir/MiniOzoneClusterImpl-54fb3437-fb27-4fd7-8614-a0b063bd7494/datanode-3/data/ratis/8fafa975-8be6-47a1-9252-fe3c42462346: created new log segment /workdir/hadoop-ozone/integration-test/target/test-dir/MiniOzoneClusterImpl-54fb3437-fb27-4fd7-8614-a0b063bd7494/datanode-3/data/ratis/8fafa975-8be6-47a1-9252-fe3c42462346/current/log_inprogress_0
2019-08-30 03:47:52,893 [Thread-3552] INFO  impl.FollowerState (FollowerState.java:run(106)) - cc647f08-9ea0-4a2f-993e-2fedd32829f9:group-1BF894B0CB93 changes to CANDIDATE, lastRpcTime:5132, electionTimeout:5132ms
2019-08-30 03:47:52,893 [Thread-3552] INFO  impl.RoleInfo (RoleInfo.java:shutdownFollowerState(121)) - cc647f08-9ea0-4a2f-993e-2fedd32829f9: shutdown FollowerState
2019-08-30 03:47:52,894 [Thread-3552] INFO  impl.RaftServerImpl (RaftServerImpl.java:setRole(171)) - cc647f08-9ea0-4a2f-993e-2fedd32829f9:group-1BF894B0CB93 changes role from FOLLOWER to CANDIDATE at term 0 for changeToCandidate
2019-08-30 03:47:52,894 [Thread-3552] INFO  impl.RoleInfo (RoleInfo.java:updateAndGet(143)) - cc647f08-9ea0-4a2f-993e-2fedd32829f9: start LeaderElection
2019-08-30 03:47:52,907 | INFO  | SCMAudit | user=jenkins1000 | ip=192.168.36.106 | op=SEND_HEARTBEAT {datanodeUUID=b4322056-cf8e-4481-ab52-49b414438035, command=[]} | ret=SUCCESS |  
2019-08-30 03:47:52,958 [cc647f08-9ea0-4a2f-993e-2fedd32829f9:group-1BF894B0CB93:LeaderElection74] INFO  impl.LeaderElection (LeaderElection.java:askForVotes(181)) - cc647f08-9ea0-4a2f-993e-2fedd32829f9:group-1BF894B0CB93:LeaderElection74: begin an election at term 1 for -1: [cc647f08-9ea0-4a2f-993e-2fedd32829f9:192.168.36.106:42702], old=null
2019-08-30 03:47:52,959 [cc647f08-9ea0-4a2f-993e-2fedd32829f9:group-1BF894B0CB93:LeaderElection74] INFO  impl.RoleInfo (RoleInfo.java:shutdownLeaderElection(134)) - cc647f08-9ea0-4a2f-993e-2fedd32829f9: shutdown LeaderElection
2019-08-30 03:47:52,959 [cc647f08-9ea0-4a2f-993e-2fedd32829f9:group-1BF894B0CB93:LeaderElection74] INFO  impl.RaftServerImpl (RaftServerImpl.java:setRole(171)) - cc647f08-9ea0-4a2f-993e-2fedd32829f9:group-1BF894B0CB93 changes role from CANDIDATE to LEADER at term 1 for changeToLeader
2019-08-30 03:47:52,959 [cc647f08-9ea0-4a2f-993e-2fedd32829f9:group-1BF894B0CB93:LeaderElection74] INFO  impl.RaftServerImpl (ServerState.java:setLeader(263)) - cc647f08-9ea0-4a2f-993e-2fedd32829f9:group-1BF894B0CB93 change Leader from null to cc647f08-9ea0-4a2f-993e-2fedd32829f9 at term 1 for becomeLeader, leader elected after 5201ms
2019-08-30 03:47:52,959 [cc647f08-9ea0-4a2f-993e-2fedd32829f9:group-1BF894B0CB93:LeaderElection74] INFO  server.RaftServerConfigKeys (ConfUtils.java:logGet(43)) - raft.server.staging.catchup.gap = 1000 (default)
2019-08-30 03:47:52,959 [cc647f08-9ea0-4a2f-993e-2fedd32829f9:group-1BF894B0CB93:LeaderElection74] INFO  server.RaftServerConfigKeys (ConfUtils.java:logGet(43)) - raft.server.rpc.sleep.time = 25ms (default)
2019-08-30 03:47:52,959 [Thread-3555] INFO  impl.FollowerState (FollowerState.java:run(106)) - b4322056-cf8e-4481-ab52-49b414438035:group-A658308CEC15 changes to CANDIDATE, lastRpcTime:5015, electionTimeout:5015ms
2019-08-30 03:47:52,959 [cc647f08-9ea0-4a2f-993e-2fedd32829f9:group-1BF894B0CB93:LeaderElection74] INFO  server.RaftServerConfigKeys (ConfUtils.java:logGet(43)) - raft.server.write.element-limit = 4096 (default)
2019-08-30 03:47:52,959 [Thread-3555] INFO  impl.RoleInfo (RoleInfo.java:shutdownFollowerState(121)) - b4322056-cf8e-4481-ab52-49b414438035: shutdown FollowerState
2019-08-30 03:47:52,959 [cc647f08-9ea0-4a2f-993e-2fedd32829f9:group-1BF894B0CB93:LeaderElection74] INFO  server.RaftServerConfigKeys (ConfUtils.java:logGet(43)) - raft.server.watch.timeout = 10s (default)
2019-08-30 03:47:52,959 [Thread-3555] INFO  impl.RaftServerImpl (RaftServerImpl.java:setRole(171)) - b4322056-cf8e-4481-ab52-49b414438035:group-A658308CEC15 changes role from FOLLOWER to CANDIDATE at term 0 for changeToCandidate
2019-08-30 03:47:52,959 [cc647f08-9ea0-4a2f-993e-2fedd32829f9:group-1BF894B0CB93:LeaderElection74] INFO  server.RaftServerConfigKeys (ConfUtils.java:logGet(43)) - raft.server.watch.timeout.denomination = 1s (default)
2019-08-30 03:47:52,960 [Thread-3555] INFO  impl.RoleInfo (RoleInfo.java:updateAndGet(143)) - b4322056-cf8e-4481-ab52-49b414438035: start LeaderElection
2019-08-30 03:47:52,960 [cc647f08-9ea0-4a2f-993e-2fedd32829f9:group-1BF894B0CB93:LeaderElection74] INFO  server.RaftServerConfigKeys (ConfUtils.java:logGet(43)) - raft.server.watch.element-limit = 65536 (default)
2019-08-30 03:47:52,963 [cc647f08-9ea0-4a2f-993e-2fedd32829f9:group-1BF894B0CB93:LeaderElection74] INFO  impl.RoleInfo (RoleInfo.java:updateAndGet(143)) - cc647f08-9ea0-4a2f-993e-2fedd32829f9: start LeaderState
2019-08-30 03:47:52,967 [cc647f08-9ea0-4a2f-993e-2fedd32829f9:group-1BF894B0CB93:LeaderElection74] INFO  segmented.SegmentedRaftLogWorker (SegmentedRaftLogWorker.java:startLogSegment(380)) - cc647f08-9ea0-4a2f-993e-2fedd32829f9-SegmentedRaftLogWorker:Storage Directory /workdir/hadoop-ozone/integration-test/target/test-dir/MiniOzoneClusterImpl-54fb3437-fb27-4fd7-8614-a0b063bd7494/datanode-4/data/ratis/616a2f16-8a3e-481e-9f33-1bf894b0cb93: Starting segment from index:0
2019-08-30 03:47:52,967 [cc647f08-9ea0-4a2f-993e-2fedd32829f9:group-1BF894B0CB93:LeaderElection74] INFO  impl.RaftServerImpl (ServerState.java:setRaftConf(361)) - cc647f08-9ea0-4a2f-993e-2fedd32829f9:group-1BF894B0CB93 set configuration 0: [cc647f08-9ea0-4a2f-993e-2fedd32829f9:192.168.36.106:42702], old=null at 0
2019-08-30 03:47:53,014 [Thread-3559] INFO  impl.FollowerState (FollowerState.java:run(106)) - 1a924af3-a664-4014-9ecf-70089b07935e:group-6B867AD06175 changes to CANDIDATE, lastRpcTime:5022, electionTimeout:5022ms
2019-08-30 03:47:53,014 [Thread-3559] INFO  impl.RoleInfo (RoleInfo.java:shutdownFollowerState(121)) - 1a924af3-a664-4014-9ecf-70089b07935e: shutdown FollowerState
2019-08-30 03:47:53,014 [Thread-3559] INFO  impl.RaftServerImpl (RaftServerImpl.java:setRole(171)) - 1a924af3-a664-4014-9ecf-70089b07935e:group-6B867AD06175 changes role from FOLLOWER to CANDIDATE at term 0 for changeToCandidate
2019-08-30 03:47:53,014 [Thread-3559] INFO  impl.RoleInfo (RoleInfo.java:updateAndGet(143)) - 1a924af3-a664-4014-9ecf-70089b07935e: start LeaderElection
2019-08-30 03:47:53,045 [b4322056-cf8e-4481-ab52-49b414438035:group-A658308CEC15:LeaderElection75] INFO  impl.LeaderElection (LeaderElection.java:askForVotes(181)) - b4322056-cf8e-4481-ab52-49b414438035:group-A658308CEC15:LeaderElection75: begin an election at term 1 for -1: [b4322056-cf8e-4481-ab52-49b414438035:192.168.36.106:42667], old=null
2019-08-30 03:47:53,045 [b4322056-cf8e-4481-ab52-49b414438035:group-A658308CEC15:LeaderElection75] INFO  impl.RoleInfo (RoleInfo.java:shutdownLeaderElection(134)) - b4322056-cf8e-4481-ab52-49b414438035: shutdown LeaderElection
2019-08-30 03:47:53,046 [b4322056-cf8e-4481-ab52-49b414438035:group-A658308CEC15:LeaderElection75] INFO  impl.RaftServerImpl (RaftServerImpl.java:setRole(171)) - b4322056-cf8e-4481-ab52-49b414438035:group-A658308CEC15 changes role from CANDIDATE to LEADER at term 1 for changeToLeader
2019-08-30 03:47:53,046 [b4322056-cf8e-4481-ab52-49b414438035:group-A658308CEC15:LeaderElection75] INFO  impl.RaftServerImpl (ServerState.java:setLeader(263)) - b4322056-cf8e-4481-ab52-49b414438035:group-A658308CEC15 change Leader from null to b4322056-cf8e-4481-ab52-49b414438035 at term 1 for becomeLeader, leader elected after 5104ms
2019-08-30 03:47:53,046 [b4322056-cf8e-4481-ab52-49b414438035:group-A658308CEC15:LeaderElection75] INFO  server.RaftServerConfigKeys (ConfUtils.java:logGet(43)) - raft.server.staging.catchup.gap = 1000 (default)
2019-08-30 03:47:53,046 [b4322056-cf8e-4481-ab52-49b414438035:group-A658308CEC15:LeaderElection75] INFO  server.RaftServerConfigKeys (ConfUtils.java:logGet(43)) - raft.server.rpc.sleep.time = 25ms (default)
2019-08-30 03:47:53,046 [b4322056-cf8e-4481-ab52-49b414438035:group-A658308CEC15:LeaderElection75] INFO  server.RaftServerConfigKeys (ConfUtils.java:logGet(43)) - raft.server.write.element-limit = 4096 (default)
2019-08-30 03:47:53,046 [b4322056-cf8e-4481-ab52-49b414438035:group-A658308CEC15:LeaderElection75] INFO  server.RaftServerConfigKeys (ConfUtils.java:logGet(43)) - raft.server.watch.timeout = 10s (default)
2019-08-30 03:47:53,046 [b4322056-cf8e-4481-ab52-49b414438035:group-A658308CEC15:LeaderElection75] INFO  server.RaftServerConfigKeys (ConfUtils.java:logGet(43)) - raft.server.watch.timeout.denomination = 1s (default)
2019-08-30 03:47:53,046 [b4322056-cf8e-4481-ab52-49b414438035:group-A658308CEC15:LeaderElection75] INFO  server.RaftServerConfigKeys (ConfUtils.java:logGet(43)) - raft.server.watch.element-limit = 65536 (default)
2019-08-30 03:47:53,046 [b4322056-cf8e-4481-ab52-49b414438035:group-A658308CEC15:LeaderElection75] INFO  impl.RoleInfo (RoleInfo.java:updateAndGet(143)) - b4322056-cf8e-4481-ab52-49b414438035: start LeaderState
2019-08-30 03:47:53,047 [b4322056-cf8e-4481-ab52-49b414438035:group-A658308CEC15:LeaderElection75] INFO  segmented.SegmentedRaftLogWorker (SegmentedRaftLogWorker.java:startLogSegment(380)) - b4322056-cf8e-4481-ab52-49b414438035-SegmentedRaftLogWorker:Storage Directory /workdir/hadoop-ozone/integration-test/target/test-dir/MiniOzoneClusterImpl-54fb3437-fb27-4fd7-8614-a0b063bd7494/datanode-5/data/ratis/498dc518-146c-4ffa-b15c-a658308cec15: Starting segment from index:0
2019-08-30 03:47:53,047 [b4322056-cf8e-4481-ab52-49b414438035:group-A658308CEC15:LeaderElection75] INFO  impl.RaftServerImpl (ServerState.java:setRaftConf(361)) - b4322056-cf8e-4481-ab52-49b414438035:group-A658308CEC15 set configuration 0: [b4322056-cf8e-4481-ab52-49b414438035:192.168.36.106:42667], old=null at 0
2019-08-30 03:47:53,051 [Thread-3562] INFO  impl.FollowerState (FollowerState.java:run(106)) - cc647f08-9ea0-4a2f-993e-2fedd32829f9:group-6B867AD06175 changes to CANDIDATE, lastRpcTime:5057, electionTimeout:5057ms
2019-08-30 03:47:53,051 [Thread-3562] INFO  impl.RoleInfo (RoleInfo.java:shutdownFollowerState(121)) - cc647f08-9ea0-4a2f-993e-2fedd32829f9: shutdown FollowerState
2019-08-30 03:47:53,052 [Thread-3562] INFO  impl.RaftServerImpl (RaftServerImpl.java:setRole(171)) - cc647f08-9ea0-4a2f-993e-2fedd32829f9:group-6B867AD06175 changes role from FOLLOWER to CANDIDATE at term 0 for changeToCandidate
2019-08-30 03:47:53,052 [Thread-3562] INFO  impl.RoleInfo (RoleInfo.java:updateAndGet(143)) - cc647f08-9ea0-4a2f-993e-2fedd32829f9: start LeaderElection
2019-08-30 03:47:53,070 [cc647f08-9ea0-4a2f-993e-2fedd32829f9-SegmentedRaftLogWorker:Storage Directory /workdir/hadoop-ozone/integration-test/target/test-dir/MiniOzoneClusterImpl-54fb3437-fb27-4fd7-8614-a0b063bd7494/datanode-4/data/ratis/616a2f16-8a3e-481e-9f33-1bf894b0cb93] INFO  segmented.SegmentedRaftLogWorker (SegmentedRaftLogWorker.java:execute(569)) - cc647f08-9ea0-4a2f-993e-2fedd32829f9-SegmentedRaftLogWorker:Storage Directory /workdir/hadoop-ozone/integration-test/target/test-dir/MiniOzoneClusterImpl-54fb3437-fb27-4fd7-8614-a0b063bd7494/datanode-4/data/ratis/616a2f16-8a3e-481e-9f33-1bf894b0cb93: created new log segment /workdir/hadoop-ozone/integration-test/target/test-dir/MiniOzoneClusterImpl-54fb3437-fb27-4fd7-8614-a0b063bd7494/datanode-4/data/ratis/616a2f16-8a3e-481e-9f33-1bf894b0cb93/current/log_inprogress_0
2019-08-30 03:47:53,070 [1a924af3-a664-4014-9ecf-70089b07935e:group-6B867AD06175:LeaderElection76] INFO  impl.LeaderElection (LeaderElection.java:askForVotes(181)) - 1a924af3-a664-4014-9ecf-70089b07935e:group-6B867AD06175:LeaderElection76: begin an election at term 1 for -1: [1a924af3-a664-4014-9ecf-70089b07935e:192.168.36.106:43035, b4322056-cf8e-4481-ab52-49b414438035:192.168.36.106:42667, cc647f08-9ea0-4a2f-993e-2fedd32829f9:192.168.36.106:42702], old=null
2019-08-30 03:47:53,077 [grpc-default-executor-0] INFO  impl.RaftServerImpl (RaftServerImpl.java:setRole(171)) - b4322056-cf8e-4481-ab52-49b414438035:group-6B867AD06175 changes role from FOLLOWER to FOLLOWER at term 1 for recognizeCandidate:1a924af3-a664-4014-9ecf-70089b07935e
2019-08-30 03:47:53,077 [grpc-default-executor-0] INFO  impl.RoleInfo (RoleInfo.java:shutdownFollowerState(121)) - b4322056-cf8e-4481-ab52-49b414438035: shutdown FollowerState
2019-08-30 03:47:53,077 [grpc-default-executor-0] INFO  impl.RoleInfo (RoleInfo.java:updateAndGet(143)) - b4322056-cf8e-4481-ab52-49b414438035: start FollowerState
2019-08-30 03:47:53,077 [Thread-3563] INFO  impl.FollowerState (FollowerState.java:run(114)) - b4322056-cf8e-4481-ab52-49b414438035: FollowerState was interrupted: java.lang.InterruptedException: sleep interrupted
2019-08-30 03:47:53,102 [b4322056-cf8e-4481-ab52-49b414438035-SegmentedRaftLogWorker:Storage Directory /workdir/hadoop-ozone/integration-test/target/test-dir/MiniOzoneClusterImpl-54fb3437-fb27-4fd7-8614-a0b063bd7494/datanode-5/data/ratis/498dc518-146c-4ffa-b15c-a658308cec15] INFO  segmented.SegmentedRaftLogWorker (SegmentedRaftLogWorker.java:execute(569)) - b4322056-cf8e-4481-ab52-49b414438035-SegmentedRaftLogWorker:Storage Directory /workdir/hadoop-ozone/integration-test/target/test-dir/MiniOzoneClusterImpl-54fb3437-fb27-4fd7-8614-a0b063bd7494/datanode-5/data/ratis/498dc518-146c-4ffa-b15c-a658308cec15: created new log segment /workdir/hadoop-ozone/integration-test/target/test-dir/MiniOzoneClusterImpl-54fb3437-fb27-4fd7-8614-a0b063bd7494/datanode-5/data/ratis/498dc518-146c-4ffa-b15c-a658308cec15/current/log_inprogress_0
2019-08-30 03:47:53,102 [cc647f08-9ea0-4a2f-993e-2fedd32829f9:group-6B867AD06175:LeaderElection77] INFO  impl.LeaderElection (LeaderElection.java:askForVotes(181)) - cc647f08-9ea0-4a2f-993e-2fedd32829f9:group-6B867AD06175:LeaderElection77: begin an election at term 1 for -1: [1a924af3-a664-4014-9ecf-70089b07935e:192.168.36.106:43035, b4322056-cf8e-4481-ab52-49b414438035:192.168.36.106:42667, cc647f08-9ea0-4a2f-993e-2fedd32829f9:192.168.36.106:42702], old=null
2019-08-30 03:47:53,103 [1a924af3-a664-4014-9ecf-70089b07935e:group-6B867AD06175:LeaderElection76] INFO  impl.LeaderElection (LeaderElection.java:logAndReturn(56)) - 1a924af3-a664-4014-9ecf-70089b07935e:group-6B867AD06175:LeaderElection76: Election PASSED; received 1 response(s) [1a924af3-a664-4014-9ecf-70089b07935e<-b4322056-cf8e-4481-ab52-49b414438035#0:OK-t1] and 0 exception(s); 1a924af3-a664-4014-9ecf-70089b07935e:t1, leader=null, voted=1a924af3-a664-4014-9ecf-70089b07935e, raftlog=1a924af3-a664-4014-9ecf-70089b07935e-SegmentedRaftLog:OPENED:c-1,f-1,i0, conf=-1: [1a924af3-a664-4014-9ecf-70089b07935e:192.168.36.106:43035, b4322056-cf8e-4481-ab52-49b414438035:192.168.36.106:42667, cc647f08-9ea0-4a2f-993e-2fedd32829f9:192.168.36.106:42702], old=null
2019-08-30 03:47:53,103 [1a924af3-a664-4014-9ecf-70089b07935e:group-6B867AD06175:LeaderElection76] INFO  impl.RoleInfo (RoleInfo.java:shutdownLeaderElection(134)) - 1a924af3-a664-4014-9ecf-70089b07935e: shutdown LeaderElection
2019-08-30 03:47:53,103 [1a924af3-a664-4014-9ecf-70089b07935e:group-6B867AD06175:LeaderElection76] INFO  impl.RaftServerImpl (RaftServerImpl.java:setRole(171)) - 1a924af3-a664-4014-9ecf-70089b07935e:group-6B867AD06175 changes role from CANDIDATE to LEADER at term 1 for changeToLeader
2019-08-30 03:47:53,104 [1a924af3-a664-4014-9ecf-70089b07935e:group-6B867AD06175:LeaderElection76] INFO  impl.RaftServerImpl (ServerState.java:setLeader(263)) - 1a924af3-a664-4014-9ecf-70089b07935e:group-6B867AD06175 change Leader from null to 1a924af3-a664-4014-9ecf-70089b07935e at term 1 for becomeLeader, leader elected after 5118ms
2019-08-30 03:47:53,104 [1a924af3-a664-4014-9ecf-70089b07935e:group-6B867AD06175:LeaderElection76] INFO  server.RaftServerConfigKeys (ConfUtils.java:logGet(43)) - raft.server.staging.catchup.gap = 1000 (default)
2019-08-30 03:47:53,104 [1a924af3-a664-4014-9ecf-70089b07935e:group-6B867AD06175:LeaderElection76] INFO  server.RaftServerConfigKeys (ConfUtils.java:logGet(43)) - raft.server.rpc.sleep.time = 25ms (default)
2019-08-30 03:47:53,104 [1a924af3-a664-4014-9ecf-70089b07935e:group-6B867AD06175:LeaderElection76] INFO  server.RaftServerConfigKeys (ConfUtils.java:logGet(43)) - raft.server.write.element-limit = 4096 (default)
2019-08-30 03:47:53,104 [1a924af3-a664-4014-9ecf-70089b07935e:group-6B867AD06175:LeaderElection76] INFO  server.RaftServerConfigKeys (ConfUtils.java:logGet(43)) - raft.server.watch.timeout = 10s (default)
2019-08-30 03:47:53,104 [1a924af3-a664-4014-9ecf-70089b07935e:group-6B867AD06175:LeaderElection76] INFO  server.RaftServerConfigKeys (ConfUtils.java:logGet(43)) - raft.server.watch.timeout.denomination = 1s (default)
2019-08-30 03:47:53,104 [1a924af3-a664-4014-9ecf-70089b07935e:group-6B867AD06175:LeaderElection76] INFO  server.RaftServerConfigKeys (ConfUtils.java:logGet(43)) - raft.server.watch.element-limit = 65536 (default)
2019-08-30 03:47:53,104 [1a924af3-a664-4014-9ecf-70089b07935e:group-6B867AD06175:LeaderElection76] INFO  server.RaftServerConfigKeys (ConfUtils.java:logGet(43)) - raft.server.log.appender.snapshot.chunk.size.max = 16MB (=16777216) (default)
2019-08-30 03:47:53,104 [1a924af3-a664-4014-9ecf-70089b07935e:group-6B867AD06175:LeaderElection76] INFO  server.RaftServerConfigKeys (ConfUtils.java:logGet(43)) - raft.server.log.appender.buffer.byte-limit = 33554432 (custom)
2019-08-30 03:47:53,104 [1a924af3-a664-4014-9ecf-70089b07935e:group-6B867AD06175:LeaderElection76] INFO  server.RaftServerConfigKeys (ConfUtils.java:logGet(43)) - raft.server.log.appender.buffer.element-limit = 1 (custom)
2019-08-30 03:47:53,105 [1a924af3-a664-4014-9ecf-70089b07935e:group-6B867AD06175:LeaderElection76] INFO  grpc.GrpcConfigKeys$Server (ConfUtils.java:logGet(43)) - raft.grpc.server.leader.outstanding.appends.max = 128 (default)
2019-08-30 03:47:53,105 [1a924af3-a664-4014-9ecf-70089b07935e:group-6B867AD06175:LeaderElection76] INFO  server.RaftServerConfigKeys (ConfUtils.java:logGet(43)) - raft.server.rpc.request.timeout = 3000ms (default)
2019-08-30 03:47:53,105 [1a924af3-a664-4014-9ecf-70089b07935e:group-6B867AD06175:LeaderElection76] INFO  server.RaftServerConfigKeys (ConfUtils.java:logGet(43)) - raft.server.log.appender.install.snapshot.enabled = false (custom)
2019-08-30 03:47:53,105 [1a924af3-a664-4014-9ecf-70089b07935e:group-6B867AD06175:LeaderElection76] INFO  server.RaftServerConfigKeys (ConfUtils.java:logGet(43)) - raft.server.log.appender.snapshot.chunk.size.max = 16MB (=16777216) (default)
2019-08-30 03:47:53,105 [1a924af3-a664-4014-9ecf-70089b07935e:group-6B867AD06175:LeaderElection76] INFO  server.RaftServerConfigKeys (ConfUtils.java:logGet(43)) - raft.server.log.appender.buffer.byte-limit = 33554432 (custom)
2019-08-30 03:47:53,105 [1a924af3-a664-4014-9ecf-70089b07935e:group-6B867AD06175:LeaderElection76] INFO  server.RaftServerConfigKeys (ConfUtils.java:logGet(43)) - raft.server.log.appender.buffer.element-limit = 1 (custom)
2019-08-30 03:47:53,105 [1a924af3-a664-4014-9ecf-70089b07935e:group-6B867AD06175:LeaderElection76] INFO  grpc.GrpcConfigKeys$Server (ConfUtils.java:logGet(43)) - raft.grpc.server.leader.outstanding.appends.max = 128 (default)
2019-08-30 03:47:53,108 [1a924af3-a664-4014-9ecf-70089b07935e:group-6B867AD06175:LeaderElection76] INFO  server.RaftServerConfigKeys (ConfUtils.java:logGet(43)) - raft.server.rpc.request.timeout = 3000ms (default)
2019-08-30 03:47:53,109 [1a924af3-a664-4014-9ecf-70089b07935e:group-6B867AD06175:LeaderElection76] INFO  server.RaftServerConfigKeys (ConfUtils.java:logGet(43)) - raft.server.log.appender.install.snapshot.enabled = false (custom)
2019-08-30 03:47:53,109 | INFO  | SCMAudit | user=jenkins1000 | ip=192.168.36.106 | op=SEND_HEARTBEAT {datanodeUUID=088a888b-9e0f-4a9e-b54c-3d2c1c29e9f5, command=[]} | ret=SUCCESS |  
2019-08-30 03:47:53,109 [1a924af3-a664-4014-9ecf-70089b07935e:group-6B867AD06175:LeaderElection76] INFO  impl.RoleInfo (RoleInfo.java:updateAndGet(143)) - 1a924af3-a664-4014-9ecf-70089b07935e: start LeaderState
2019-08-30 03:47:53,109 [1a924af3-a664-4014-9ecf-70089b07935e:group-6B867AD06175:LeaderElection76] INFO  segmented.SegmentedRaftLogWorker (SegmentedRaftLogWorker.java:startLogSegment(380)) - 1a924af3-a664-4014-9ecf-70089b07935e-SegmentedRaftLogWorker:Storage Directory /workdir/hadoop-ozone/integration-test/target/test-dir/MiniOzoneClusterImpl-54fb3437-fb27-4fd7-8614-a0b063bd7494/datanode-3/data/ratis/b0a75fed-ebb0-41ed-91eb-6b867ad06175: Starting segment from index:0
2019-08-30 03:47:53,109 [1a924af3-a664-4014-9ecf-70089b07935e:group-6B867AD06175:LeaderElection76] INFO  impl.RaftServerImpl (ServerState.java:setRaftConf(361)) - 1a924af3-a664-4014-9ecf-70089b07935e:group-6B867AD06175 set configuration 0: [1a924af3-a664-4014-9ecf-70089b07935e:192.168.36.106:43035, b4322056-cf8e-4481-ab52-49b414438035:192.168.36.106:42667, cc647f08-9ea0-4a2f-993e-2fedd32829f9:192.168.36.106:42702], old=null at 0
2019-08-30 03:47:53,110 [grpc-default-executor-0] INFO  impl.RaftServerImpl (RaftServerImpl.java:requestVote(754)) - 1a924af3-a664-4014-9ecf-70089b07935e-LEADER: Withhold vote from candidate cc647f08-9ea0-4a2f-993e-2fedd32829f9 with term 1. State: leader=1a924af3-a664-4014-9ecf-70089b07935e, term=1, lastRpcElapsed=null
2019-08-30 03:47:53,110 [grpc-default-executor-0] INFO  impl.RaftServerImpl (RaftServerImpl.java:setRole(171)) - cc647f08-9ea0-4a2f-993e-2fedd32829f9:group-6B867AD06175 changes role from CANDIDATE to FOLLOWER at term 1 for appendEntries
2019-08-30 03:47:53,110 [cc647f08-9ea0-4a2f-993e-2fedd32829f9:group-6B867AD06175:LeaderElection77] INFO  impl.LeaderElection (LeaderElection.java:logAndReturn(56)) - cc647f08-9ea0-4a2f-993e-2fedd32829f9:group-6B867AD06175:LeaderElection77: Election REJECTED; received 2 response(s) [cc647f08-9ea0-4a2f-993e-2fedd32829f9<-1a924af3-a664-4014-9ecf-70089b07935e#0:FAIL-t1, cc647f08-9ea0-4a2f-993e-2fedd32829f9<-b4322056-cf8e-4481-ab52-49b414438035#0:FAIL-t1] and 0 exception(s); cc647f08-9ea0-4a2f-993e-2fedd32829f9:t1, leader=null, voted=cc647f08-9ea0-4a2f-993e-2fedd32829f9, raftlog=cc647f08-9ea0-4a2f-993e-2fedd32829f9-SegmentedRaftLog:OPENED:c-1,f-1,i0, conf=-1: [1a924af3-a664-4014-9ecf-70089b07935e:192.168.36.106:43035, b4322056-cf8e-4481-ab52-49b414438035:192.168.36.106:42667, cc647f08-9ea0-4a2f-993e-2fedd32829f9:192.168.36.106:42702], old=null
2019-08-30 03:47:53,110 [grpc-default-executor-5] INFO  impl.RaftServerImpl (ServerState.java:setLeader(263)) - b4322056-cf8e-4481-ab52-49b414438035:group-6B867AD06175 change Leader from null to 1a924af3-a664-4014-9ecf-70089b07935e at term 1 for appendEntries, leader elected after 5125ms
2019-08-30 03:47:53,110 [grpc-default-executor-0] INFO  impl.RoleInfo (RoleInfo.java:shutdownLeaderElection(134)) - cc647f08-9ea0-4a2f-993e-2fedd32829f9: shutdown LeaderElection
2019-08-30 03:47:53,111 [grpc-default-executor-0] INFO  impl.RoleInfo (RoleInfo.java:updateAndGet(143)) - cc647f08-9ea0-4a2f-993e-2fedd32829f9: start FollowerState
2019-08-30 03:47:53,111 [grpc-default-executor-0] INFO  impl.RaftServerImpl (ServerState.java:setLeader(263)) - cc647f08-9ea0-4a2f-993e-2fedd32829f9:group-6B867AD06175 change Leader from null to 1a924af3-a664-4014-9ecf-70089b07935e at term 1 for appendEntries, leader elected after 5126ms
2019-08-30 03:47:53,112 [grpc-default-executor-0] INFO  impl.RaftServerImpl (ServerState.java:setRaftConf(361)) - b4322056-cf8e-4481-ab52-49b414438035:group-6B867AD06175 set configuration 0: [1a924af3-a664-4014-9ecf-70089b07935e:192.168.36.106:43035, b4322056-cf8e-4481-ab52-49b414438035:192.168.36.106:42667, cc647f08-9ea0-4a2f-993e-2fedd32829f9:192.168.36.106:42702], old=null at 0
2019-08-30 03:47:53,112 [grpc-default-executor-5] INFO  impl.RaftServerImpl (ServerState.java:setRaftConf(361)) - cc647f08-9ea0-4a2f-993e-2fedd32829f9:group-6B867AD06175 set configuration 0: [1a924af3-a664-4014-9ecf-70089b07935e:192.168.36.106:43035, b4322056-cf8e-4481-ab52-49b414438035:192.168.36.106:42667, cc647f08-9ea0-4a2f-993e-2fedd32829f9:192.168.36.106:42702], old=null at 0
2019-08-30 03:47:53,113 [grpc-default-executor-0] INFO  segmented.SegmentedRaftLogWorker (SegmentedRaftLogWorker.java:startLogSegment(380)) - b4322056-cf8e-4481-ab52-49b414438035-SegmentedRaftLogWorker:Storage Directory /workdir/hadoop-ozone/integration-test/target/test-dir/MiniOzoneClusterImpl-54fb3437-fb27-4fd7-8614-a0b063bd7494/datanode-5/data/ratis/b0a75fed-ebb0-41ed-91eb-6b867ad06175: Starting segment from index:0
2019-08-30 03:47:53,113 [grpc-default-executor-5] INFO  segmented.SegmentedRaftLogWorker (SegmentedRaftLogWorker.java:startLogSegment(380)) - cc647f08-9ea0-4a2f-993e-2fedd32829f9-SegmentedRaftLogWorker:Storage Directory /workdir/hadoop-ozone/integration-test/target/test-dir/MiniOzoneClusterImpl-54fb3437-fb27-4fd7-8614-a0b063bd7494/datanode-4/data/ratis/b0a75fed-ebb0-41ed-91eb-6b867ad06175: Starting segment from index:0
2019-08-30 03:47:53,180 [cc647f08-9ea0-4a2f-993e-2fedd32829f9-SegmentedRaftLogWorker:Storage Directory /workdir/hadoop-ozone/integration-test/target/test-dir/MiniOzoneClusterImpl-54fb3437-fb27-4fd7-8614-a0b063bd7494/datanode-4/data/ratis/b0a75fed-ebb0-41ed-91eb-6b867ad06175] INFO  segmented.SegmentedRaftLogWorker (SegmentedRaftLogWorker.java:execute(569)) - cc647f08-9ea0-4a2f-993e-2fedd32829f9-SegmentedRaftLogWorker:Storage Directory /workdir/hadoop-ozone/integration-test/target/test-dir/MiniOzoneClusterImpl-54fb3437-fb27-4fd7-8614-a0b063bd7494/datanode-4/data/ratis/b0a75fed-ebb0-41ed-91eb-6b867ad06175: created new log segment /workdir/hadoop-ozone/integration-test/target/test-dir/MiniOzoneClusterImpl-54fb3437-fb27-4fd7-8614-a0b063bd7494/datanode-4/data/ratis/b0a75fed-ebb0-41ed-91eb-6b867ad06175/current/log_inprogress_0
2019-08-30 03:47:53,180 [1a924af3-a664-4014-9ecf-70089b07935e-SegmentedRaftLogWorker:Storage Directory /workdir/hadoop-ozone/integration-test/target/test-dir/MiniOzoneClusterImpl-54fb3437-fb27-4fd7-8614-a0b063bd7494/datanode-3/data/ratis/b0a75fed-ebb0-41ed-91eb-6b867ad06175] INFO  segmented.SegmentedRaftLogWorker (SegmentedRaftLogWorker.java:execute(569)) - 1a924af3-a664-4014-9ecf-70089b07935e-SegmentedRaftLogWorker:Storage Directory /workdir/hadoop-ozone/integration-test/target/test-dir/MiniOzoneClusterImpl-54fb3437-fb27-4fd7-8614-a0b063bd7494/datanode-3/data/ratis/b0a75fed-ebb0-41ed-91eb-6b867ad06175: created new log segment /workdir/hadoop-ozone/integration-test/target/test-dir/MiniOzoneClusterImpl-54fb3437-fb27-4fd7-8614-a0b063bd7494/datanode-3/data/ratis/b0a75fed-ebb0-41ed-91eb-6b867ad06175/current/log_inprogress_0
2019-08-30 03:47:53,180 [b4322056-cf8e-4481-ab52-49b414438035-SegmentedRaftLogWorker:Storage Directory /workdir/hadoop-ozone/integration-test/target/test-dir/MiniOzoneClusterImpl-54fb3437-fb27-4fd7-8614-a0b063bd7494/datanode-5/data/ratis/b0a75fed-ebb0-41ed-91eb-6b867ad06175] INFO  segmented.SegmentedRaftLogWorker (SegmentedRaftLogWorker.java:execute(569)) - b4322056-cf8e-4481-ab52-49b414438035-SegmentedRaftLogWorker:Storage Directory /workdir/hadoop-ozone/integration-test/target/test-dir/MiniOzoneClusterImpl-54fb3437-fb27-4fd7-8614-a0b063bd7494/datanode-5/data/ratis/b0a75fed-ebb0-41ed-91eb-6b867ad06175: created new log segment /workdir/hadoop-ozone/integration-test/target/test-dir/MiniOzoneClusterImpl-54fb3437-fb27-4fd7-8614-a0b063bd7494/datanode-5/data/ratis/b0a75fed-ebb0-41ed-91eb-6b867ad06175/current/log_inprogress_0
2019-08-30 03:47:53,228 [grpc-default-executor-5] INFO  client.GrpcClientProtocolClient (GrpcClientProtocolClient.java:onNext(255)) - client-31C6FE845455->2f6b521d-5d5d-44f9-9b20-650b7881613d: receive RaftClientReply:client-31C6FE845455->2f6b521d-5d5d-44f9-9b20-650b7881613d@group-F2B43FCFF49B, cid=168, FAILED org.apache.ratis.protocol.NotLeaderException: Server 2f6b521d-5d5d-44f9-9b20-650b7881613d is not the leader (null). Request must be sent to leader., logIndex=0, commits[2f6b521d-5d5d-44f9-9b20-650b7881613d:c-1]
2019-08-30 03:47:53,272 [Thread-3567] INFO  impl.FollowerState (FollowerState.java:run(106)) - 088a888b-9e0f-4a9e-b54c-3d2c1c29e9f5:group-206D59C571F8 changes to CANDIDATE, lastRpcTime:5132, electionTimeout:5132ms
2019-08-30 03:47:53,272 [Thread-3567] INFO  impl.RoleInfo (RoleInfo.java:shutdownFollowerState(121)) - 088a888b-9e0f-4a9e-b54c-3d2c1c29e9f5: shutdown FollowerState
2019-08-30 03:47:53,273 [Thread-3567] INFO  impl.RaftServerImpl (RaftServerImpl.java:setRole(171)) - 088a888b-9e0f-4a9e-b54c-3d2c1c29e9f5:group-206D59C571F8 changes role from FOLLOWER to CANDIDATE at term 0 for changeToCandidate
2019-08-30 03:47:53,273 [Thread-3567] INFO  impl.RoleInfo (RoleInfo.java:updateAndGet(143)) - 088a888b-9e0f-4a9e-b54c-3d2c1c29e9f5: start LeaderElection
2019-08-30 03:47:53,305 | INFO  | SCMAudit | user=jenkins1000 | ip=192.168.36.106 | op=SEND_HEARTBEAT {datanodeUUID=411242e4-7603-4235-b66c-08546d6d220d, command=[]} | ret=SUCCESS |  
2019-08-30 03:47:53,320 [088a888b-9e0f-4a9e-b54c-3d2c1c29e9f5:group-206D59C571F8:LeaderElection78] INFO  impl.LeaderElection (LeaderElection.java:askForVotes(181)) - 088a888b-9e0f-4a9e-b54c-3d2c1c29e9f5:group-206D59C571F8:LeaderElection78: begin an election at term 1 for -1: [088a888b-9e0f-4a9e-b54c-3d2c1c29e9f5:192.168.36.106:40707], old=null
2019-08-30 03:47:53,320 [088a888b-9e0f-4a9e-b54c-3d2c1c29e9f5:group-206D59C571F8:LeaderElection78] INFO  impl.RoleInfo (RoleInfo.java:shutdownLeaderElection(134)) - 088a888b-9e0f-4a9e-b54c-3d2c1c29e9f5: shutdown LeaderElection
2019-08-30 03:47:53,321 [088a888b-9e0f-4a9e-b54c-3d2c1c29e9f5:group-206D59C571F8:LeaderElection78] INFO  impl.RaftServerImpl (RaftServerImpl.java:setRole(171)) - 088a888b-9e0f-4a9e-b54c-3d2c1c29e9f5:group-206D59C571F8 changes role from CANDIDATE to LEADER at term 1 for changeToLeader
2019-08-30 03:47:53,321 [088a888b-9e0f-4a9e-b54c-3d2c1c29e9f5:group-206D59C571F8:LeaderElection78] INFO  impl.RaftServerImpl (ServerState.java:setLeader(263)) - 088a888b-9e0f-4a9e-b54c-3d2c1c29e9f5:group-206D59C571F8 change Leader from null to 088a888b-9e0f-4a9e-b54c-3d2c1c29e9f5 at term 1 for becomeLeader, leader elected after 5183ms
2019-08-30 03:47:53,321 [088a888b-9e0f-4a9e-b54c-3d2c1c29e9f5:group-206D59C571F8:LeaderElection78] INFO  server.RaftServerConfigKeys (ConfUtils.java:logGet(43)) - raft.server.staging.catchup.gap = 1000 (default)
2019-08-30 03:47:53,321 [088a888b-9e0f-4a9e-b54c-3d2c1c29e9f5:group-206D59C571F8:LeaderElection78] INFO  server.RaftServerConfigKeys (ConfUtils.java:logGet(43)) - raft.server.rpc.sleep.time = 25ms (default)
2019-08-30 03:47:53,321 [088a888b-9e0f-4a9e-b54c-3d2c1c29e9f5:group-206D59C571F8:LeaderElection78] INFO  server.RaftServerConfigKeys (ConfUtils.java:logGet(43)) - raft.server.write.element-limit = 4096 (default)
2019-08-30 03:47:53,321 [088a888b-9e0f-4a9e-b54c-3d2c1c29e9f5:group-206D59C571F8:LeaderElection78] INFO  server.RaftServerConfigKeys (ConfUtils.java:logGet(43)) - raft.server.watch.timeout = 10s (default)
2019-08-30 03:47:53,321 [088a888b-9e0f-4a9e-b54c-3d2c1c29e9f5:group-206D59C571F8:LeaderElection78] INFO  server.RaftServerConfigKeys (ConfUtils.java:logGet(43)) - raft.server.watch.timeout.denomination = 1s (default)
2019-08-30 03:47:53,322 [088a888b-9e0f-4a9e-b54c-3d2c1c29e9f5:group-206D59C571F8:LeaderElection78] INFO  server.RaftServerConfigKeys (ConfUtils.java:logGet(43)) - raft.server.watch.element-limit = 65536 (default)
2019-08-30 03:47:53,322 [088a888b-9e0f-4a9e-b54c-3d2c1c29e9f5:group-206D59C571F8:LeaderElection78] INFO  impl.RoleInfo (RoleInfo.java:updateAndGet(143)) - 088a888b-9e0f-4a9e-b54c-3d2c1c29e9f5: start LeaderState
2019-08-30 03:47:53,322 [088a888b-9e0f-4a9e-b54c-3d2c1c29e9f5:group-206D59C571F8:LeaderElection78] INFO  segmented.SegmentedRaftLogWorker (SegmentedRaftLogWorker.java:startLogSegment(380)) - 088a888b-9e0f-4a9e-b54c-3d2c1c29e9f5-SegmentedRaftLogWorker:Storage Directory /workdir/hadoop-ozone/integration-test/target/test-dir/MiniOzoneClusterImpl-54fb3437-fb27-4fd7-8614-a0b063bd7494/datanode-6/data/ratis/0ae189a1-6f33-4a89-810b-206d59c571f8: Starting segment from index:0
2019-08-30 03:47:53,323 [088a888b-9e0f-4a9e-b54c-3d2c1c29e9f5:group-206D59C571F8:LeaderElection78] INFO  impl.RaftServerImpl (ServerState.java:setRaftConf(361)) - 088a888b-9e0f-4a9e-b54c-3d2c1c29e9f5:group-206D59C571F8 set configuration 0: [088a888b-9e0f-4a9e-b54c-3d2c1c29e9f5:192.168.36.106:40707], old=null at 0
2019-08-30 03:47:53,401 [088a888b-9e0f-4a9e-b54c-3d2c1c29e9f5-SegmentedRaftLogWorker:Storage Directory /workdir/hadoop-ozone/integration-test/target/test-dir/MiniOzoneClusterImpl-54fb3437-fb27-4fd7-8614-a0b063bd7494/datanode-6/data/ratis/0ae189a1-6f33-4a89-810b-206d59c571f8] INFO  segmented.SegmentedRaftLogWorker (SegmentedRaftLogWorker.java:execute(569)) - 088a888b-9e0f-4a9e-b54c-3d2c1c29e9f5-SegmentedRaftLogWorker:Storage Directory /workdir/hadoop-ozone/integration-test/target/test-dir/MiniOzoneClusterImpl-54fb3437-fb27-4fd7-8614-a0b063bd7494/datanode-6/data/ratis/0ae189a1-6f33-4a89-810b-206d59c571f8: created new log segment /workdir/hadoop-ozone/integration-test/target/test-dir/MiniOzoneClusterImpl-54fb3437-fb27-4fd7-8614-a0b063bd7494/datanode-6/data/ratis/0ae189a1-6f33-4a89-810b-206d59c571f8/current/log_inprogress_0
2019-08-30 03:47:53,511 | INFO  | SCMAudit | user=jenkins1000 | ip=192.168.36.106 | op=SEND_HEARTBEAT {datanodeUUID=1a924af3-a664-4014-9ecf-70089b07935e, command=[]} | ret=SUCCESS |  
2019-08-30 03:47:53,667 | INFO  | SCMAudit | user=jenkins1000 | ip=192.168.36.106 | op=SEND_HEARTBEAT {datanodeUUID=2f6b521d-5d5d-44f9-9b20-650b7881613d, command=[]} | ret=SUCCESS |  
2019-08-30 03:47:53,725 | INFO  | SCMAudit | user=jenkins1000 | ip=192.168.36.106 | op=SEND_HEARTBEAT {datanodeUUID=cc647f08-9ea0-4a2f-993e-2fedd32829f9, command=[]} | ret=SUCCESS |  
2019-08-30 03:47:53,864 | INFO  | SCMAudit | user=jenkins1000 | ip=192.168.36.106 | op=SEND_HEARTBEAT {datanodeUUID=be188c32-466c-43f9-97ae-301f6c786ce6, command=[]} | ret=SUCCESS |  
2019-08-30 03:47:53,907 | INFO  | SCMAudit | user=jenkins1000 | ip=192.168.36.106 | op=SEND_HEARTBEAT {datanodeUUID=b4322056-cf8e-4481-ab52-49b414438035, command=[]} | ret=SUCCESS |  
2019-08-30 03:47:54,107 | INFO  | SCMAudit | user=jenkins1000 | ip=192.168.36.106 | op=SEND_HEARTBEAT {datanodeUUID=088a888b-9e0f-4a9e-b54c-3d2c1c29e9f5, command=[]} | ret=SUCCESS |  
2019-08-30 03:47:54,241 [grpc-default-executor-0] INFO  client.GrpcClientProtocolClient (GrpcClientProtocolClient.java:onNext(255)) - client-31C6FE845455->411242e4-7603-4235-b66c-08546d6d220d: receive RaftClientReply:client-31C6FE845455->411242e4-7603-4235-b66c-08546d6d220d@group-F2B43FCFF49B, cid=168, FAILED org.apache.ratis.protocol.NotLeaderException: Server 411242e4-7603-4235-b66c-08546d6d220d is not the leader (null). Request must be sent to leader., logIndex=0, commits[411242e4-7603-4235-b66c-08546d6d220d:c-1]
2019-08-30 03:47:54,305 | INFO  | SCMAudit | user=jenkins1000 | ip=192.168.36.106 | op=SEND_HEARTBEAT {datanodeUUID=411242e4-7603-4235-b66c-08546d6d220d, command=[]} | ret=SUCCESS |  
2019-08-30 03:47:54,511 | INFO  | SCMAudit | user=jenkins1000 | ip=192.168.36.106 | op=SEND_HEARTBEAT {datanodeUUID=1a924af3-a664-4014-9ecf-70089b07935e, command=[]} | ret=SUCCESS |  
2019-08-30 03:47:54,667 | INFO  | SCMAudit | user=jenkins1000 | ip=192.168.36.106 | op=SEND_HEARTBEAT {datanodeUUID=2f6b521d-5d5d-44f9-9b20-650b7881613d, command=[]} | ret=SUCCESS |  
2019-08-30 03:47:54,725 | INFO  | SCMAudit | user=jenkins1000 | ip=192.168.36.106 | op=SEND_HEARTBEAT {datanodeUUID=cc647f08-9ea0-4a2f-993e-2fedd32829f9, command=[]} | ret=SUCCESS |  
2019-08-30 03:47:54,864 | INFO  | SCMAudit | user=jenkins1000 | ip=192.168.36.106 | op=SEND_HEARTBEAT {datanodeUUID=be188c32-466c-43f9-97ae-301f6c786ce6, command=[]} | ret=SUCCESS |  
2019-08-30 03:47:54,908 | INFO  | SCMAudit | user=jenkins1000 | ip=192.168.36.106 | op=SEND_HEARTBEAT {datanodeUUID=b4322056-cf8e-4481-ab52-49b414438035, command=[]} | ret=SUCCESS |  
2019-08-30 03:47:55,107 | INFO  | SCMAudit | user=jenkins1000 | ip=192.168.36.106 | op=SEND_HEARTBEAT {datanodeUUID=088a888b-9e0f-4a9e-b54c-3d2c1c29e9f5, command=[]} | ret=SUCCESS |  
2019-08-30 03:47:55,255 [grpc-default-executor-5] INFO  client.GrpcClientProtocolClient (GrpcClientProtocolClient.java:onNext(255)) - client-31C6FE845455->be188c32-466c-43f9-97ae-301f6c786ce6: receive RaftClientReply:client-31C6FE845455->be188c32-466c-43f9-97ae-301f6c786ce6@group-F2B43FCFF49B, cid=168, FAILED org.apache.ratis.protocol.NotLeaderException: Server be188c32-466c-43f9-97ae-301f6c786ce6 is not the leader (null). Request must be sent to leader., logIndex=0, commits[be188c32-466c-43f9-97ae-301f6c786ce6:c-1]
2019-08-30 03:47:55,306 | INFO  | SCMAudit | user=jenkins1000 | ip=192.168.36.106 | op=SEND_HEARTBEAT {datanodeUUID=411242e4-7603-4235-b66c-08546d6d220d, command=[]} | ret=SUCCESS |  
2019-08-30 03:47:55,511 | INFO  | SCMAudit | user=jenkins1000 | ip=192.168.36.106 | op=SEND_HEARTBEAT {datanodeUUID=1a924af3-a664-4014-9ecf-70089b07935e, command=[]} | ret=SUCCESS |  
2019-08-30 03:47:55,667 | INFO  | SCMAudit | user=jenkins1000 | ip=192.168.36.106 | op=SEND_HEARTBEAT {datanodeUUID=2f6b521d-5d5d-44f9-9b20-650b7881613d, command=[]} | ret=SUCCESS |  
2019-08-30 03:47:55,725 | INFO  | SCMAudit | user=jenkins1000 | ip=192.168.36.106 | op=SEND_HEARTBEAT {datanodeUUID=cc647f08-9ea0-4a2f-993e-2fedd32829f9, command=[]} | ret=SUCCESS |  
2019-08-30 03:47:55,865 | INFO  | SCMAudit | user=jenkins1000 | ip=192.168.36.106 | op=SEND_HEARTBEAT {datanodeUUID=be188c32-466c-43f9-97ae-301f6c786ce6, command=[]} | ret=SUCCESS |  
2019-08-30 03:47:55,907 | INFO  | SCMAudit | user=jenkins1000 | ip=192.168.36.106 | op=SEND_HEARTBEAT {datanodeUUID=b4322056-cf8e-4481-ab52-49b414438035, command=[]} | ret=SUCCESS |  
2019-08-30 03:47:56,107 | INFO  | SCMAudit | user=jenkins1000 | ip=192.168.36.106 | op=SEND_HEARTBEAT {datanodeUUID=088a888b-9e0f-4a9e-b54c-3d2c1c29e9f5, command=[]} | ret=SUCCESS |  
2019-08-30 03:47:56,268 [grpc-default-executor-0] INFO  client.GrpcClientProtocolClient (GrpcClientProtocolClient.java:onNext(255)) - client-31C6FE845455->2f6b521d-5d5d-44f9-9b20-650b7881613d: receive RaftClientReply:client-31C6FE845455->2f6b521d-5d5d-44f9-9b20-650b7881613d@group-F2B43FCFF49B, cid=168, FAILED org.apache.ratis.protocol.NotLeaderException: Server 2f6b521d-5d5d-44f9-9b20-650b7881613d is not the leader (null). Request must be sent to leader., logIndex=0, commits[2f6b521d-5d5d-44f9-9b20-650b7881613d:c-1]
2019-08-30 03:47:56,306 | INFO  | SCMAudit | user=jenkins1000 | ip=192.168.36.106 | op=SEND_HEARTBEAT {datanodeUUID=411242e4-7603-4235-b66c-08546d6d220d, command=[]} | ret=SUCCESS |  
2019-08-30 03:47:56,511 | INFO  | SCMAudit | user=jenkins1000 | ip=192.168.36.106 | op=SEND_HEARTBEAT {datanodeUUID=1a924af3-a664-4014-9ecf-70089b07935e, command=[]} | ret=SUCCESS |  
2019-08-30 03:47:56,667 | INFO  | SCMAudit | user=jenkins1000 | ip=192.168.36.106 | op=SEND_HEARTBEAT {datanodeUUID=2f6b521d-5d5d-44f9-9b20-650b7881613d, command=[]} | ret=SUCCESS |  
2019-08-30 03:47:56,725 | INFO  | SCMAudit | user=jenkins1000 | ip=192.168.36.106 | op=SEND_HEARTBEAT {datanodeUUID=cc647f08-9ea0-4a2f-993e-2fedd32829f9, command=[]} | ret=SUCCESS |  
2019-08-30 03:47:56,865 | INFO  | SCMAudit | user=jenkins1000 | ip=192.168.36.106 | op=SEND_HEARTBEAT {datanodeUUID=be188c32-466c-43f9-97ae-301f6c786ce6, command=[]} | ret=SUCCESS |  
2019-08-30 03:47:56,907 | INFO  | SCMAudit | user=jenkins1000 | ip=192.168.36.106 | op=SEND_HEARTBEAT {datanodeUUID=b4322056-cf8e-4481-ab52-49b414438035, command=[]} | ret=SUCCESS |  
2019-08-30 03:47:57,107 | INFO  | SCMAudit | user=jenkins1000 | ip=192.168.36.106 | op=SEND_HEARTBEAT {datanodeUUID=088a888b-9e0f-4a9e-b54c-3d2c1c29e9f5, command=[]} | ret=SUCCESS |  
2019-08-30 03:47:57,276 [grpc-default-executor-0] INFO  client.GrpcClientProtocolClient (GrpcClientProtocolClient.java:onNext(255)) - client-31C6FE845455->411242e4-7603-4235-b66c-08546d6d220d: receive RaftClientReply:client-31C6FE845455->411242e4-7603-4235-b66c-08546d6d220d@group-F2B43FCFF49B, cid=168, FAILED org.apache.ratis.protocol.NotLeaderException: Server 411242e4-7603-4235-b66c-08546d6d220d is not the leader (null). Request must be sent to leader., logIndex=0, commits[411242e4-7603-4235-b66c-08546d6d220d:c-1]
2019-08-30 03:47:57,306 | INFO  | SCMAudit | user=jenkins1000 | ip=192.168.36.106 | op=SEND_HEARTBEAT {datanodeUUID=411242e4-7603-4235-b66c-08546d6d220d, command=[]} | ret=SUCCESS |  
2019-08-30 03:47:57,510 | INFO  | SCMAudit | user=jenkins1000 | ip=192.168.36.106 | op=SEND_HEARTBEAT {datanodeUUID=1a924af3-a664-4014-9ecf-70089b07935e, command=[]} | ret=SUCCESS |  
2019-08-30 03:47:57,535 [Thread-3601] INFO  impl.FollowerState (FollowerState.java:run(106)) - be188c32-466c-43f9-97ae-301f6c786ce6:group-F2B43FCFF49B changes to CANDIDATE, lastRpcTime:5054, electionTimeout:5054ms
2019-08-30 03:47:57,535 [Thread-3601] INFO  impl.RoleInfo (RoleInfo.java:shutdownFollowerState(121)) - be188c32-466c-43f9-97ae-301f6c786ce6: shutdown FollowerState
2019-08-30 03:47:57,536 [Thread-3601] INFO  impl.RaftServerImpl (RaftServerImpl.java:setRole(171)) - be188c32-466c-43f9-97ae-301f6c786ce6:group-F2B43FCFF49B changes role from FOLLOWER to CANDIDATE at term 1 for changeToCandidate
2019-08-30 03:47:57,536 [Thread-3601] INFO  impl.RoleInfo (RoleInfo.java:updateAndGet(143)) - be188c32-466c-43f9-97ae-301f6c786ce6: start LeaderElection
2019-08-30 03:47:57,575 [be188c32-466c-43f9-97ae-301f6c786ce6:group-F2B43FCFF49B:LeaderElection79] INFO  impl.LeaderElection (LeaderElection.java:askForVotes(181)) - be188c32-466c-43f9-97ae-301f6c786ce6:group-F2B43FCFF49B:LeaderElection79: begin an election at term 2 for -1: [be188c32-466c-43f9-97ae-301f6c786ce6:192.168.36.106:46026, 2f6b521d-5d5d-44f9-9b20-650b7881613d:192.168.36.106:34675, 411242e4-7603-4235-b66c-08546d6d220d:192.168.36.106:35846], old=null
2019-08-30 03:47:57,577 [grpc-default-executor-0] INFO  impl.RaftServerImpl (RaftServerImpl.java:setRole(171)) - 2f6b521d-5d5d-44f9-9b20-650b7881613d:group-F2B43FCFF49B changes role from FOLLOWER to FOLLOWER at term 2 for recognizeCandidate:be188c32-466c-43f9-97ae-301f6c786ce6
2019-08-30 03:47:57,577 [grpc-default-executor-5] INFO  impl.RaftServerImpl (RaftServerImpl.java:setRole(171)) - 411242e4-7603-4235-b66c-08546d6d220d:group-F2B43FCFF49B changes role from FOLLOWER to FOLLOWER at term 2 for recognizeCandidate:be188c32-466c-43f9-97ae-301f6c786ce6
2019-08-30 03:47:57,577 [grpc-default-executor-0] INFO  impl.RoleInfo (RoleInfo.java:shutdownFollowerState(121)) - 2f6b521d-5d5d-44f9-9b20-650b7881613d: shutdown FollowerState
2019-08-30 03:47:57,577 [grpc-default-executor-5] INFO  impl.RoleInfo (RoleInfo.java:shutdownFollowerState(121)) - 411242e4-7603-4235-b66c-08546d6d220d: shutdown FollowerState
2019-08-30 03:47:57,578 [Thread-3599] INFO  impl.FollowerState (FollowerState.java:run(114)) - 2f6b521d-5d5d-44f9-9b20-650b7881613d: FollowerState was interrupted: java.lang.InterruptedException: sleep interrupted
2019-08-30 03:47:57,577 [grpc-default-executor-0] INFO  impl.RoleInfo (RoleInfo.java:updateAndGet(143)) - 2f6b521d-5d5d-44f9-9b20-650b7881613d: start FollowerState
2019-08-30 03:47:57,578 [Thread-3600] INFO  impl.FollowerState (FollowerState.java:run(114)) - 411242e4-7603-4235-b66c-08546d6d220d: FollowerState was interrupted: java.lang.InterruptedException: sleep interrupted
2019-08-30 03:47:57,578 [grpc-default-executor-5] INFO  impl.RoleInfo (RoleInfo.java:updateAndGet(143)) - 411242e4-7603-4235-b66c-08546d6d220d: start FollowerState
2019-08-30 03:47:57,596 [be188c32-466c-43f9-97ae-301f6c786ce6:group-F2B43FCFF49B:LeaderElection79] INFO  impl.LeaderElection (LeaderElection.java:logAndReturn(56)) - be188c32-466c-43f9-97ae-301f6c786ce6:group-F2B43FCFF49B:LeaderElection79: Election PASSED; received 1 response(s) [be188c32-466c-43f9-97ae-301f6c786ce6<-2f6b521d-5d5d-44f9-9b20-650b7881613d#0:OK-t2] and 0 exception(s); be188c32-466c-43f9-97ae-301f6c786ce6:t2, leader=null, voted=be188c32-466c-43f9-97ae-301f6c786ce6, raftlog=be188c32-466c-43f9-97ae-301f6c786ce6-SegmentedRaftLog:OPENED:c-1,f-1,i0, conf=-1: [be188c32-466c-43f9-97ae-301f6c786ce6:192.168.36.106:46026, 2f6b521d-5d5d-44f9-9b20-650b7881613d:192.168.36.106:34675, 411242e4-7603-4235-b66c-08546d6d220d:192.168.36.106:35846], old=null
2019-08-30 03:47:57,596 [be188c32-466c-43f9-97ae-301f6c786ce6:group-F2B43FCFF49B:LeaderElection79] INFO  impl.RoleInfo (RoleInfo.java:shutdownLeaderElection(134)) - be188c32-466c-43f9-97ae-301f6c786ce6: shutdown LeaderElection
2019-08-30 03:47:57,597 [be188c32-466c-43f9-97ae-301f6c786ce6:group-F2B43FCFF49B:LeaderElection79] INFO  impl.RaftServerImpl (RaftServerImpl.java:setRole(171)) - be188c32-466c-43f9-97ae-301f6c786ce6:group-F2B43FCFF49B changes role from CANDIDATE to LEADER at term 2 for changeToLeader
2019-08-30 03:47:57,597 [be188c32-466c-43f9-97ae-301f6c786ce6:group-F2B43FCFF49B:LeaderElection79] INFO  impl.RaftServerImpl (ServerState.java:setLeader(263)) - be188c32-466c-43f9-97ae-301f6c786ce6:group-F2B43FCFF49B change Leader from null to be188c32-466c-43f9-97ae-301f6c786ce6 at term 2 for becomeLeader, leader elected after 10210ms
2019-08-30 03:47:57,597 [be188c32-466c-43f9-97ae-301f6c786ce6:group-F2B43FCFF49B:LeaderElection79] INFO  server.RaftServerConfigKeys (ConfUtils.java:logGet(43)) - raft.server.staging.catchup.gap = 1000 (default)
2019-08-30 03:47:57,597 [be188c32-466c-43f9-97ae-301f6c786ce6:group-F2B43FCFF49B:LeaderElection79] INFO  server.RaftServerConfigKeys (ConfUtils.java:logGet(43)) - raft.server.rpc.sleep.time = 25ms (default)
2019-08-30 03:47:57,597 [be188c32-466c-43f9-97ae-301f6c786ce6:group-F2B43FCFF49B:LeaderElection79] INFO  server.RaftServerConfigKeys (ConfUtils.java:logGet(43)) - raft.server.write.element-limit = 4096 (default)
2019-08-30 03:47:57,597 [be188c32-466c-43f9-97ae-301f6c786ce6:group-F2B43FCFF49B:LeaderElection79] INFO  server.RaftServerConfigKeys (ConfUtils.java:logGet(43)) - raft.server.watch.timeout = 10s (default)
2019-08-30 03:47:57,597 [be188c32-466c-43f9-97ae-301f6c786ce6:group-F2B43FCFF49B:LeaderElection79] INFO  server.RaftServerConfigKeys (ConfUtils.java:logGet(43)) - raft.server.watch.timeout.denomination = 1s (default)
2019-08-30 03:47:57,597 [be188c32-466c-43f9-97ae-301f6c786ce6:group-F2B43FCFF49B:LeaderElection79] INFO  server.RaftServerConfigKeys (ConfUtils.java:logGet(43)) - raft.server.watch.element-limit = 65536 (default)
2019-08-30 03:47:57,597 [be188c32-466c-43f9-97ae-301f6c786ce6:group-F2B43FCFF49B:LeaderElection79] INFO  server.RaftServerConfigKeys (ConfUtils.java:logGet(43)) - raft.server.log.appender.snapshot.chunk.size.max = 16MB (=16777216) (default)
2019-08-30 03:47:57,598 [be188c32-466c-43f9-97ae-301f6c786ce6:group-F2B43FCFF49B:LeaderElection79] INFO  server.RaftServerConfigKeys (ConfUtils.java:logGet(43)) - raft.server.log.appender.buffer.byte-limit = 33554432 (custom)
2019-08-30 03:47:57,598 [be188c32-466c-43f9-97ae-301f6c786ce6:group-F2B43FCFF49B:LeaderElection79] INFO  server.RaftServerConfigKeys (ConfUtils.java:logGet(43)) - raft.server.log.appender.buffer.element-limit = 1 (custom)
2019-08-30 03:47:57,598 [be188c32-466c-43f9-97ae-301f6c786ce6:group-F2B43FCFF49B:LeaderElection79] INFO  grpc.GrpcConfigKeys$Server (ConfUtils.java:logGet(43)) - raft.grpc.server.leader.outstanding.appends.max = 128 (default)
2019-08-30 03:47:57,598 [be188c32-466c-43f9-97ae-301f6c786ce6:group-F2B43FCFF49B:LeaderElection79] INFO  server.RaftServerConfigKeys (ConfUtils.java:logGet(43)) - raft.server.rpc.request.timeout = 3000ms (default)
2019-08-30 03:47:57,598 [be188c32-466c-43f9-97ae-301f6c786ce6:group-F2B43FCFF49B:LeaderElection79] INFO  server.RaftServerConfigKeys (ConfUtils.java:logGet(43)) - raft.server.log.appender.install.snapshot.enabled = false (custom)
2019-08-30 03:47:57,598 [be188c32-466c-43f9-97ae-301f6c786ce6:group-F2B43FCFF49B:LeaderElection79] INFO  server.RaftServerConfigKeys (ConfUtils.java:logGet(43)) - raft.server.log.appender.snapshot.chunk.size.max = 16MB (=16777216) (default)
2019-08-30 03:47:57,598 [be188c32-466c-43f9-97ae-301f6c786ce6:group-F2B43FCFF49B:LeaderElection79] INFO  server.RaftServerConfigKeys (ConfUtils.java:logGet(43)) - raft.server.log.appender.buffer.byte-limit = 33554432 (custom)
2019-08-30 03:47:57,598 [be188c32-466c-43f9-97ae-301f6c786ce6:group-F2B43FCFF49B:LeaderElection79] INFO  server.RaftServerConfigKeys (ConfUtils.java:logGet(43)) - raft.server.log.appender.buffer.element-limit = 1 (custom)
2019-08-30 03:47:57,599 [be188c32-466c-43f9-97ae-301f6c786ce6:group-F2B43FCFF49B:LeaderElection79] INFO  grpc.GrpcConfigKeys$Server (ConfUtils.java:logGet(43)) - raft.grpc.server.leader.outstanding.appends.max = 128 (default)
2019-08-30 03:47:57,599 [be188c32-466c-43f9-97ae-301f6c786ce6:group-F2B43FCFF49B:LeaderElection79] INFO  server.RaftServerConfigKeys (ConfUtils.java:logGet(43)) - raft.server.rpc.request.timeout = 3000ms (default)
2019-08-30 03:47:57,599 [be188c32-466c-43f9-97ae-301f6c786ce6:group-F2B43FCFF49B:LeaderElection79] INFO  server.RaftServerConfigKeys (ConfUtils.java:logGet(43)) - raft.server.log.appender.install.snapshot.enabled = false (custom)
2019-08-30 03:47:57,599 [be188c32-466c-43f9-97ae-301f6c786ce6:group-F2B43FCFF49B:LeaderElection79] INFO  impl.RoleInfo (RoleInfo.java:updateAndGet(143)) - be188c32-466c-43f9-97ae-301f6c786ce6: start LeaderState
2019-08-30 03:47:57,599 [be188c32-466c-43f9-97ae-301f6c786ce6:group-F2B43FCFF49B:LeaderElection79] INFO  segmented.SegmentedRaftLogWorker (SegmentedRaftLogWorker.java:startLogSegment(380)) - be188c32-466c-43f9-97ae-301f6c786ce6-SegmentedRaftLogWorker:Storage Directory /workdir/hadoop-ozone/integration-test/target/test-dir/MiniOzoneClusterImpl-54fb3437-fb27-4fd7-8614-a0b063bd7494/datanode-1/data/ratis/5db71220-eab3-4979-9605-f2b43fcff49b: Starting segment from index:0
2019-08-30 03:47:57,600 [be188c32-466c-43f9-97ae-301f6c786ce6:group-F2B43FCFF49B:LeaderElection79] INFO  impl.RaftServerImpl (ServerState.java:setRaftConf(361)) - be188c32-466c-43f9-97ae-301f6c786ce6:group-F2B43FCFF49B set configuration 0: [be188c32-466c-43f9-97ae-301f6c786ce6:192.168.36.106:46026, 2f6b521d-5d5d-44f9-9b20-650b7881613d:192.168.36.106:34675, 411242e4-7603-4235-b66c-08546d6d220d:192.168.36.106:35846], old=null at 0
2019-08-30 03:47:57,631 [grpc-default-executor-0] INFO  impl.RaftServerImpl (ServerState.java:setLeader(263)) - 411242e4-7603-4235-b66c-08546d6d220d:group-F2B43FCFF49B change Leader from null to be188c32-466c-43f9-97ae-301f6c786ce6 at term 2 for appendEntries, leader elected after 10245ms
2019-08-30 03:47:57,631 [grpc-default-executor-5] INFO  impl.RaftServerImpl (ServerState.java:setLeader(263)) - 2f6b521d-5d5d-44f9-9b20-650b7881613d:group-F2B43FCFF49B change Leader from null to be188c32-466c-43f9-97ae-301f6c786ce6 at term 2 for appendEntries, leader elected after 10245ms
2019-08-30 03:47:57,633 [grpc-default-executor-5] INFO  impl.RaftServerImpl (ServerState.java:setRaftConf(361)) - 411242e4-7603-4235-b66c-08546d6d220d:group-F2B43FCFF49B set configuration 0: [be188c32-466c-43f9-97ae-301f6c786ce6:192.168.36.106:46026, 2f6b521d-5d5d-44f9-9b20-650b7881613d:192.168.36.106:34675, 411242e4-7603-4235-b66c-08546d6d220d:192.168.36.106:35846], old=null at 0
2019-08-30 03:47:57,633 [grpc-default-executor-0] INFO  impl.RaftServerImpl (ServerState.java:setRaftConf(361)) - 2f6b521d-5d5d-44f9-9b20-650b7881613d:group-F2B43FCFF49B set configuration 0: [be188c32-466c-43f9-97ae-301f6c786ce6:192.168.36.106:46026, 2f6b521d-5d5d-44f9-9b20-650b7881613d:192.168.36.106:34675, 411242e4-7603-4235-b66c-08546d6d220d:192.168.36.106:35846], old=null at 0
2019-08-30 03:47:57,633 [grpc-default-executor-5] INFO  segmented.SegmentedRaftLogWorker (SegmentedRaftLogWorker.java:startLogSegment(380)) - 411242e4-7603-4235-b66c-08546d6d220d-SegmentedRaftLogWorker:Storage Directory /workdir/hadoop-ozone/integration-test/target/test-dir/MiniOzoneClusterImpl-54fb3437-fb27-4fd7-8614-a0b063bd7494/datanode-2/data/ratis/5db71220-eab3-4979-9605-f2b43fcff49b: Starting segment from index:0
2019-08-30 03:47:57,634 [grpc-default-executor-0] INFO  segmented.SegmentedRaftLogWorker (SegmentedRaftLogWorker.java:startLogSegment(380)) - 2f6b521d-5d5d-44f9-9b20-650b7881613d-SegmentedRaftLogWorker:Storage Directory /workdir/hadoop-ozone/integration-test/target/test-dir/MiniOzoneClusterImpl-54fb3437-fb27-4fd7-8614-a0b063bd7494/datanode-0/data/ratis/5db71220-eab3-4979-9605-f2b43fcff49b: Starting segment from index:0
2019-08-30 03:47:57,644 [be188c32-466c-43f9-97ae-301f6c786ce6-SegmentedRaftLogWorker:Storage Directory /workdir/hadoop-ozone/integration-test/target/test-dir/MiniOzoneClusterImpl-54fb3437-fb27-4fd7-8614-a0b063bd7494/datanode-1/data/ratis/5db71220-eab3-4979-9605-f2b43fcff49b] INFO  segmented.SegmentedRaftLogWorker (SegmentedRaftLogWorker.java:execute(569)) - be188c32-466c-43f9-97ae-301f6c786ce6-SegmentedRaftLogWorker:Storage Directory /workdir/hadoop-ozone/integration-test/target/test-dir/MiniOzoneClusterImpl-54fb3437-fb27-4fd7-8614-a0b063bd7494/datanode-1/data/ratis/5db71220-eab3-4979-9605-f2b43fcff49b: created new log segment /workdir/hadoop-ozone/integration-test/target/test-dir/MiniOzoneClusterImpl-54fb3437-fb27-4fd7-8614-a0b063bd7494/datanode-1/data/ratis/5db71220-eab3-4979-9605-f2b43fcff49b/current/log_inprogress_0
2019-08-30 03:47:57,667 | INFO  | SCMAudit | user=jenkins1000 | ip=192.168.36.106 | op=SEND_HEARTBEAT {datanodeUUID=2f6b521d-5d5d-44f9-9b20-650b7881613d, command=[]} | ret=SUCCESS |  
2019-08-30 03:47:57,670 [411242e4-7603-4235-b66c-08546d6d220d-SegmentedRaftLogWorker:Storage Directory /workdir/hadoop-ozone/integration-test/target/test-dir/MiniOzoneClusterImpl-54fb3437-fb27-4fd7-8614-a0b063bd7494/datanode-2/data/ratis/5db71220-eab3-4979-9605-f2b43fcff49b] INFO  segmented.SegmentedRaftLogWorker (SegmentedRaftLogWorker.java:execute(569)) - 411242e4-7603-4235-b66c-08546d6d220d-SegmentedRaftLogWorker:Storage Directory /workdir/hadoop-ozone/integration-test/target/test-dir/MiniOzoneClusterImpl-54fb3437-fb27-4fd7-8614-a0b063bd7494/datanode-2/data/ratis/5db71220-eab3-4979-9605-f2b43fcff49b: created new log segment /workdir/hadoop-ozone/integration-test/target/test-dir/MiniOzoneClusterImpl-54fb3437-fb27-4fd7-8614-a0b063bd7494/datanode-2/data/ratis/5db71220-eab3-4979-9605-f2b43fcff49b/current/log_inprogress_0
2019-08-30 03:47:57,670 [2f6b521d-5d5d-44f9-9b20-650b7881613d-SegmentedRaftLogWorker:Storage Directory /workdir/hadoop-ozone/integration-test/target/test-dir/MiniOzoneClusterImpl-54fb3437-fb27-4fd7-8614-a0b063bd7494/datanode-0/data/ratis/5db71220-eab3-4979-9605-f2b43fcff49b] INFO  segmented.SegmentedRaftLogWorker (SegmentedRaftLogWorker.java:execute(569)) - 2f6b521d-5d5d-44f9-9b20-650b7881613d-SegmentedRaftLogWorker:Storage Directory /workdir/hadoop-ozone/integration-test/target/test-dir/MiniOzoneClusterImpl-54fb3437-fb27-4fd7-8614-a0b063bd7494/datanode-0/data/ratis/5db71220-eab3-4979-9605-f2b43fcff49b: created new log segment /workdir/hadoop-ozone/integration-test/target/test-dir/MiniOzoneClusterImpl-54fb3437-fb27-4fd7-8614-a0b063bd7494/datanode-0/data/ratis/5db71220-eab3-4979-9605-f2b43fcff49b/current/log_inprogress_0
2019-08-30 03:47:57,725 | INFO  | SCMAudit | user=jenkins1000 | ip=192.168.36.106 | op=SEND_HEARTBEAT {datanodeUUID=cc647f08-9ea0-4a2f-993e-2fedd32829f9, command=[]} | ret=SUCCESS |  
2019-08-30 03:47:57,865 | INFO  | SCMAudit | user=jenkins1000 | ip=192.168.36.106 | op=SEND_HEARTBEAT {datanodeUUID=be188c32-466c-43f9-97ae-301f6c786ce6, command=[]} | ret=SUCCESS |  
2019-08-30 03:47:57,907 | INFO  | SCMAudit | user=jenkins1000 | ip=192.168.36.106 | op=SEND_HEARTBEAT {datanodeUUID=b4322056-cf8e-4481-ab52-49b414438035, command=[]} | ret=SUCCESS |  
2019-08-30 03:47:58,107 | INFO  | SCMAudit | user=jenkins1000 | ip=192.168.36.106 | op=SEND_HEARTBEAT {datanodeUUID=088a888b-9e0f-4a9e-b54c-3d2c1c29e9f5, command=[]} | ret=SUCCESS |  
2019-08-30 03:47:58,305 | INFO  | SCMAudit | user=jenkins1000 | ip=192.168.36.106 | op=SEND_HEARTBEAT {datanodeUUID=411242e4-7603-4235-b66c-08546d6d220d, command=[]} | ret=SUCCESS |  
2019-08-30 03:47:58,359 | INFO  | DNAudit | user=null | ip=null | op=WRITE_CHUNK {blockData=conID: 1 locID: 102703881857335310 bcsId: 0} | ret=SUCCESS |  
2019-08-30 03:47:58,359 | INFO  | DNAudit | user=null | ip=null | op=WRITE_CHUNK {blockData=conID: 1 locID: 102703881857335310 bcsId: 0} | ret=SUCCESS |  
2019-08-30 03:47:58,359 | INFO  | SCMAudit | user=jenkins1000 | ip=192.168.36.106 | op=SEND_HEARTBEAT {datanodeUUID=2f6b521d-5d5d-44f9-9b20-650b7881613d, command=[]} | ret=SUCCESS |  
2019-08-30 03:47:58,359 | INFO  | SCMAudit | user=jenkins1000 | ip=192.168.36.106 | op=SEND_HEARTBEAT {datanodeUUID=be188c32-466c-43f9-97ae-301f6c786ce6, command=[]} | ret=SUCCESS |  
2019-08-30 03:47:58,359 | INFO  | DNAudit | user=null | ip=null | op=WRITE_CHUNK {blockData=conID: 1 locID: 102703881857335310 bcsId: 0} | ret=SUCCESS |  
2019-08-30 03:47:58,359 | INFO  | SCMAudit | user=jenkins1000 | ip=192.168.36.106 | op=SEND_HEARTBEAT {datanodeUUID=411242e4-7603-4235-b66c-08546d6d220d, command=[]} | ret=SUCCESS |  
2019-08-30 03:47:58,373 | INFO  | DNAudit | user=null | ip=null | op=WRITE_CHUNK {blockData=conID: 1 locID: 102703881857335310 bcsId: 0} | ret=SUCCESS |  
2019-08-30 03:47:58,377 [grpc-default-executor-5] INFO  client.GrpcClientProtocolClient (GrpcClientProtocolClient.java:onNext(255)) - client-31C6FE845455->be188c32-466c-43f9-97ae-301f6c786ce6: receive RaftClientReply:client-31C6FE845455->be188c32-466c-43f9-97ae-301f6c786ce6@group-F2B43FCFF49B, cid=168, SUCCESS, logIndex=1, commits[be188c32-466c-43f9-97ae-301f6c786ce6:c1, 2f6b521d-5d5d-44f9-9b20-650b7881613d:c0, 411242e4-7603-4235-b66c-08546d6d220d:c0]
2019-08-30 03:47:58,379 | INFO  | DNAudit | user=null | ip=null | op=WRITE_CHUNK {blockData=conID: 1 locID: 102703881857335310 bcsId: 0} | ret=SUCCESS |  
2019-08-30 03:47:58,380 | INFO  | DNAudit | user=null | ip=null | op=WRITE_CHUNK {blockData=conID: 1 locID: 102703881857335310 bcsId: 0} | ret=SUCCESS |  
2019-08-30 03:47:58,380 | INFO  | DNAudit | user=null | ip=null | op=WRITE_CHUNK {blockData=conID: 1 locID: 102703881857335310 bcsId: 0} | ret=SUCCESS |  
2019-08-30 03:47:58,380 | INFO  | DNAudit | user=null | ip=null | op=WRITE_CHUNK {blockData=conID: 1 locID: 102703881857335310 bcsId: 0} | ret=SUCCESS |  
2019-08-30 03:47:58,383 | INFO  | DNAudit | user=null | ip=null | op=WRITE_CHUNK {blockData=conID: 1 locID: 102703881857335310 bcsId: 0} | ret=SUCCESS |  
2019-08-30 03:47:58,384 | INFO  | DNAudit | user=null | ip=null | op=WRITE_CHUNK {blockData=conID: 1 locID: 102703881857335310 bcsId: 0} | ret=SUCCESS |  
2019-08-30 03:47:58,384 | INFO  | DNAudit | user=null | ip=null | op=WRITE_CHUNK {blockData=conID: 1 locID: 102703881857335310 bcsId: 0} | ret=SUCCESS |  
2019-08-30 03:47:58,385 | INFO  | DNAudit | user=null | ip=null | op=WRITE_CHUNK {blockData=conID: 1 locID: 102703881857335310 bcsId: 0} | ret=SUCCESS |  
2019-08-30 03:47:58,387 | INFO  | DNAudit | user=null | ip=null | op=WRITE_CHUNK {blockData=conID: 1 locID: 102703881857335310 bcsId: 0} | ret=SUCCESS |  
2019-08-30 03:47:58,387 | INFO  | DNAudit | user=null | ip=null | op=WRITE_CHUNK {blockData=conID: 1 locID: 102703881857335310 bcsId: 0} | ret=SUCCESS |  
2019-08-30 03:47:58,387 | INFO  | DNAudit | user=null | ip=null | op=WRITE_CHUNK {blockData=conID: 1 locID: 102703881857335310 bcsId: 0} | ret=SUCCESS |  
2019-08-30 03:47:58,395 | INFO  | DNAudit | user=null | ip=null | op=WRITE_CHUNK {blockData=conID: 1 locID: 102703881857335310 bcsId: 0} | ret=SUCCESS |  
2019-08-30 03:47:58,405 [grpc-default-executor-5] INFO  client.GrpcClientProtocolClient (GrpcClientProtocolClient.java:onNext(255)) - client-31C6FE845455->be188c32-466c-43f9-97ae-301f6c786ce6: receive RaftClientReply:client-31C6FE845455->be188c32-466c-43f9-97ae-301f6c786ce6@group-F2B43FCFF49B, cid=169, SUCCESS, logIndex=3, commits[be188c32-466c-43f9-97ae-301f6c786ce6:c5, 2f6b521d-5d5d-44f9-9b20-650b7881613d:c1, 411242e4-7603-4235-b66c-08546d6d220d:c1]
2019-08-30 03:47:58,418 | INFO  | DNAudit | user=null | ip=null | op=WRITE_CHUNK {blockData=conID: 1 locID: 102703881857335310 bcsId: 0} | ret=SUCCESS |  
2019-08-30 03:47:58,418 | INFO  | DNAudit | user=null | ip=null | op=WRITE_CHUNK {blockData=conID: 1 locID: 102703881857335310 bcsId: 0} | ret=SUCCESS |  
2019-08-30 03:47:58,439 | INFO  | DNAudit | user=null | ip=null | op=PUT_BLOCK {blockData=[blockId=conID: 1 locID: 102703881857335310 bcsId: 0,size=200]} | ret=SUCCESS |  
2019-08-30 03:47:58,440 | INFO  | DNAudit | user=null | ip=null | op=WRITE_CHUNK {blockData=conID: 1 locID: 102703881857335310 bcsId: 0} | ret=SUCCESS |  
2019-08-30 03:47:58,441 | INFO  | DNAudit | user=null | ip=null | op=WRITE_CHUNK {blockData=conID: 1 locID: 102703881857335310 bcsId: 0} | ret=SUCCESS |  
2019-08-30 03:47:58,441 [grpc-default-executor-3] INFO  client.GrpcClientProtocolClient (GrpcClientProtocolClient.java:onNext(255)) - client-31C6FE845455->be188c32-466c-43f9-97ae-301f6c786ce6: receive RaftClientReply:client-31C6FE845455->be188c32-466c-43f9-97ae-301f6c786ce6@group-F2B43FCFF49B, cid=170, SUCCESS, logIndex=4, commits[be188c32-466c-43f9-97ae-301f6c786ce6:c10, 2f6b521d-5d5d-44f9-9b20-650b7881613d:c7, 411242e4-7603-4235-b66c-08546d6d220d:c7]
2019-08-30 03:47:58,444 [grpc-default-executor-3] INFO  client.GrpcClientProtocolClient (GrpcClientProtocolClient.java:onNext(255)) - client-31C6FE845455->be188c32-466c-43f9-97ae-301f6c786ce6: receive RaftClientReply:client-31C6FE845455->be188c32-466c-43f9-97ae-301f6c786ce6@group-F2B43FCFF49B, cid=171, SUCCESS, logIndex=5, commits[be188c32-466c-43f9-97ae-301f6c786ce6:c10, 2f6b521d-5d5d-44f9-9b20-650b7881613d:c7, 411242e4-7603-4235-b66c-08546d6d220d:c7]
2019-08-30 03:47:58,444 [grpc-default-executor-3] INFO  client.GrpcClientProtocolClient (GrpcClientProtocolClient.java:onNext(255)) - client-31C6FE845455->be188c32-466c-43f9-97ae-301f6c786ce6: receive RaftClientReply:client-31C6FE845455->be188c32-466c-43f9-97ae-301f6c786ce6@group-F2B43FCFF49B, cid=172, SUCCESS, logIndex=6, commits[be188c32-466c-43f9-97ae-301f6c786ce6:c10, 2f6b521d-5d5d-44f9-9b20-650b7881613d:c7, 411242e4-7603-4235-b66c-08546d6d220d:c7]
2019-08-30 03:47:58,484 | INFO  | DNAudit | user=null | ip=null | op=PUT_BLOCK {blockData=[blockId=conID: 1 locID: 102703881857335310 bcsId: 0,size=200]} | ret=SUCCESS |  
2019-08-30 03:47:58,485 | INFO  | DNAudit | user=null | ip=null | op=WRITE_CHUNK {blockData=conID: 1 locID: 102703881857335310 bcsId: 0} | ret=SUCCESS |  
2019-08-30 03:47:58,485 | INFO  | DNAudit | user=null | ip=null | op=WRITE_CHUNK {blockData=conID: 1 locID: 102703881857335310 bcsId: 0} | ret=SUCCESS |  
2019-08-30 03:47:58,511 | INFO  | SCMAudit | user=jenkins1000 | ip=192.168.36.106 | op=SEND_HEARTBEAT {datanodeUUID=1a924af3-a664-4014-9ecf-70089b07935e, command=[]} | ret=SUCCESS |  
2019-08-30 03:47:58,529 | INFO  | DNAudit | user=null | ip=null | op=PUT_BLOCK {blockData=[blockId=conID: 1 locID: 102703881857335310 bcsId: 0,size=400]} | ret=SUCCESS |  
2019-08-30 03:47:58,529 | INFO  | DNAudit | user=null | ip=null | op=PUT_BLOCK {blockData=[blockId=conID: 1 locID: 102703881857335310 bcsId: 0,size=400]} | ret=SUCCESS |  
2019-08-30 03:47:58,529 | INFO  | DNAudit | user=null | ip=null | op=PUT_BLOCK {blockData=[blockId=conID: 1 locID: 102703881857335310 bcsId: 0,size=200]} | ret=SUCCESS |  
2019-08-30 03:47:58,529 | INFO  | DNAudit | user=null | ip=null | op=WRITE_CHUNK {blockData=conID: 1 locID: 102703881857335310 bcsId: 0} | ret=SUCCESS |  
2019-08-30 03:47:58,530 | INFO  | DNAudit | user=null | ip=null | op=WRITE_CHUNK {blockData=conID: 1 locID: 102703881857335310 bcsId: 0} | ret=SUCCESS |  
2019-08-30 03:47:58,534 [grpc-default-executor-3] INFO  client.GrpcClientProtocolClient (GrpcClientProtocolClient.java:onNext(255)) - client-31C6FE845455->be188c32-466c-43f9-97ae-301f6c786ce6: receive RaftClientReply:client-31C6FE845455->be188c32-466c-43f9-97ae-301f6c786ce6@group-F2B43FCFF49B, cid=173, SUCCESS, logIndex=7, commits[be188c32-466c-43f9-97ae-301f6c786ce6:c10, 2f6b521d-5d5d-44f9-9b20-650b7881613d:c7, 411242e4-7603-4235-b66c-08546d6d220d:c7]
2019-08-30 03:47:58,534 | INFO  | DNAudit | user=null | ip=null | op=PUT_BLOCK {blockData=[blockId=conID: 1 locID: 102703881857335310 bcsId: 0,size=400]} | ret=SUCCESS |  
2019-08-30 03:47:58,538 | INFO  | DNAudit | user=null | ip=null | op=WRITE_CHUNK {blockData=conID: 1 locID: 102703881857335310 bcsId: 7} | ret=SUCCESS |  
2019-08-30 03:47:58,539 | INFO  | DNAudit | user=null | ip=null | op=WRITE_CHUNK {blockData=conID: 1 locID: 102703881857335310 bcsId: 7} | ret=SUCCESS |  
2019-08-30 03:47:58,539 | INFO  | DNAudit | user=null | ip=null | op=WRITE_CHUNK {blockData=conID: 1 locID: 102703881857335310 bcsId: 7} | ret=SUCCESS |  
2019-08-30 03:47:58,555 | INFO  | DNAudit | user=null | ip=null | op=WRITE_CHUNK {blockData=conID: 1 locID: 102703881857335310 bcsId: 7} | ret=SUCCESS |  
2019-08-30 03:47:58,558 [grpc-default-executor-3] INFO  client.GrpcClientProtocolClient (GrpcClientProtocolClient.java:onNext(255)) - client-31C6FE845455->be188c32-466c-43f9-97ae-301f6c786ce6: receive RaftClientReply:client-31C6FE845455->be188c32-466c-43f9-97ae-301f6c786ce6@group-F2B43FCFF49B, cid=174, SUCCESS, logIndex=11, commits[be188c32-466c-43f9-97ae-301f6c786ce6:c12, 2f6b521d-5d5d-44f9-9b20-650b7881613d:c10, 411242e4-7603-4235-b66c-08546d6d220d:c10]
2019-08-30 03:47:58,558 | INFO  | DNAudit | user=null | ip=null | op=PUT_BLOCK {blockData=[blockId=conID: 1 locID: 102703881857335310 bcsId: 0,size=450]} | ret=SUCCESS |  
2019-08-30 03:47:58,559 [grpc-default-executor-3] INFO  client.GrpcClientProtocolClient (GrpcClientProtocolClient.java:onNext(255)) - client-31C6FE845455->be188c32-466c-43f9-97ae-301f6c786ce6: receive RaftClientReply:client-31C6FE845455->be188c32-466c-43f9-97ae-301f6c786ce6@group-F2B43FCFF49B, cid=175, SUCCESS, logIndex=12, commits[be188c32-466c-43f9-97ae-301f6c786ce6:c12, 2f6b521d-5d5d-44f9-9b20-650b7881613d:c10, 411242e4-7603-4235-b66c-08546d6d220d:c10]
2019-08-30 03:47:58,567 | INFO  | DNAudit | user=null | ip=null | op=WRITE_CHUNK {blockData=conID: 1 locID: 102703881857335310 bcsId: 7} | ret=SUCCESS |  
2019-08-30 03:47:58,567 | INFO  | DNAudit | user=null | ip=null | op=WRITE_CHUNK {blockData=conID: 1 locID: 102703881857335310 bcsId: 7} | ret=SUCCESS |  
2019-08-30 03:47:58,578 | INFO  | DNAudit | user=null | ip=null | op=PUT_BLOCK {blockData=[blockId=conID: 1 locID: 102703881857335310 bcsId: 0,size=450]} | ret=SUCCESS |  
2019-08-30 03:47:58,578 | INFO  | DNAudit | user=null | ip=null | op=PUT_BLOCK {blockData=[blockId=conID: 1 locID: 102703881857335310 bcsId: 0,size=450]} | ret=SUCCESS |  
2019-08-30 03:47:58,578 [grpc-default-executor-5] INFO  client.GrpcClientProtocolClient (GrpcClientProtocolClient.java:onNext(255)) - client-31C6FE845455->be188c32-466c-43f9-97ae-301f6c786ce6: receive RaftClientReply:client-31C6FE845455->be188c32-466c-43f9-97ae-301f6c786ce6@group-F2B43FCFF49B, cid=176, SUCCESS, logIndex=0, commits[be188c32-466c-43f9-97ae-301f6c786ce6:c13, 2f6b521d-5d5d-44f9-9b20-650b7881613d:c12, 411242e4-7603-4235-b66c-08546d6d220d:c12]
2019-08-30 03:47:58,578 [main] INFO  datanode.ObjectStoreHandler (ObjectStoreHandler.java:close(155)) - Closing ObjectStoreHandler.
2019-08-30 03:47:58,579 [main] INFO  ozone.HddsDatanodeService (HddsDatanodeService.java:stop(451)) - Stopped plug-in org.apache.hadoop.ozone.web.OzoneHddsDatanodeService@402d45c6
2019-08-30 03:47:58,725 | INFO  | SCMAudit | user=jenkins1000 | ip=192.168.36.106 | op=SEND_HEARTBEAT {datanodeUUID=cc647f08-9ea0-4a2f-993e-2fedd32829f9, command=[]} | ret=SUCCESS |  
2019-08-30 03:47:58,907 | INFO  | SCMAudit | user=jenkins1000 | ip=192.168.36.106 | op=SEND_HEARTBEAT {datanodeUUID=b4322056-cf8e-4481-ab52-49b414438035, command=[]} | ret=SUCCESS |  
2019-08-30 03:47:59,107 | INFO  | SCMAudit | user=jenkins1000 | ip=192.168.36.106 | op=SEND_HEARTBEAT {datanodeUUID=088a888b-9e0f-4a9e-b54c-3d2c1c29e9f5, command=[]} | ret=SUCCESS |  
2019-08-30 03:47:59,359 [Datanode State Machine Thread - 0] INFO  statemachine.DatanodeStateMachine (DatanodeStateMachine.java:lambda$startDaemon$0(350)) - Ozone container server started.
2019-08-30 03:47:59,359 | INFO  | SCMAudit | user=jenkins1000 | ip=192.168.36.106 | op=SEND_HEARTBEAT {datanodeUUID=411242e4-7603-4235-b66c-08546d6d220d, command=[]} | ret=SUCCESS |  
2019-08-30 03:47:59,359 | INFO  | SCMAudit | user=jenkins1000 | ip=192.168.36.106 | op=SEND_HEARTBEAT {datanodeUUID=2f6b521d-5d5d-44f9-9b20-650b7881613d, command=[]} | ret=SUCCESS |  
2019-08-30 03:47:59,511 | INFO  | SCMAudit | user=jenkins1000 | ip=192.168.36.106 | op=SEND_HEARTBEAT {datanodeUUID=1a924af3-a664-4014-9ecf-70089b07935e, command=[]} | ret=SUCCESS |  
2019-08-30 03:47:59,725 | INFO  | SCMAudit | user=jenkins1000 | ip=192.168.36.106 | op=SEND_HEARTBEAT {datanodeUUID=cc647f08-9ea0-4a2f-993e-2fedd32829f9, command=[]} | ret=SUCCESS |  
2019-08-30 03:47:59,907 | INFO  | SCMAudit | user=jenkins1000 | ip=192.168.36.106 | op=SEND_HEARTBEAT {datanodeUUID=b4322056-cf8e-4481-ab52-49b414438035, command=[]} | ret=SUCCESS |  
2019-08-30 03:48:00,107 | INFO  | SCMAudit | user=jenkins1000 | ip=192.168.36.106 | op=SEND_HEARTBEAT {datanodeUUID=088a888b-9e0f-4a9e-b54c-3d2c1c29e9f5, command=[]} | ret=SUCCESS |  
2019-08-30 03:48:00,359 | INFO  | SCMAudit | user=jenkins1000 | ip=192.168.36.106 | op=SEND_HEARTBEAT {datanodeUUID=2f6b521d-5d5d-44f9-9b20-650b7881613d, command=[]} | ret=SUCCESS |  
2019-08-30 03:48:00,359 | INFO  | SCMAudit | user=jenkins1000 | ip=192.168.36.106 | op=SEND_HEARTBEAT {datanodeUUID=411242e4-7603-4235-b66c-08546d6d220d, command=[]} | ret=SUCCESS |  
2019-08-30 03:48:00,511 | INFO  | SCMAudit | user=jenkins1000 | ip=192.168.36.106 | op=SEND_HEARTBEAT {datanodeUUID=1a924af3-a664-4014-9ecf-70089b07935e, command=[]} | ret=SUCCESS |  
2019-08-30 03:48:00,724 | INFO  | SCMAudit | user=jenkins1000 | ip=192.168.36.106 | op=SEND_HEARTBEAT {datanodeUUID=cc647f08-9ea0-4a2f-993e-2fedd32829f9, command=[]} | ret=SUCCESS |  
2019-08-30 03:48:00,908 | INFO  | SCMAudit | user=jenkins1000 | ip=192.168.36.106 | op=SEND_HEARTBEAT {datanodeUUID=b4322056-cf8e-4481-ab52-49b414438035, command=[]} | ret=SUCCESS |  
2019-08-30 03:48:01,107 | INFO  | SCMAudit | user=jenkins1000 | ip=192.168.36.106 | op=SEND_HEARTBEAT {datanodeUUID=088a888b-9e0f-4a9e-b54c-3d2c1c29e9f5, command=[]} | ret=SUCCESS |  
2019-08-30 03:48:01,360 | INFO  | SCMAudit | user=jenkins1000 | ip=192.168.36.106 | op=SEND_HEARTBEAT {datanodeUUID=411242e4-7603-4235-b66c-08546d6d220d, command=[]} | ret=SUCCESS |  
2019-08-30 03:48:01,360 | INFO  | SCMAudit | user=jenkins1000 | ip=192.168.36.106 | op=SEND_HEARTBEAT {datanodeUUID=2f6b521d-5d5d-44f9-9b20-650b7881613d, command=[]} | ret=SUCCESS |  
2019-08-30 03:48:01,511 | INFO  | SCMAudit | user=jenkins1000 | ip=192.168.36.106 | op=SEND_HEARTBEAT {datanodeUUID=1a924af3-a664-4014-9ecf-70089b07935e, command=[]} | ret=SUCCESS |  
2019-08-30 03:48:01,725 | INFO  | SCMAudit | user=jenkins1000 | ip=192.168.36.106 | op=SEND_HEARTBEAT {datanodeUUID=cc647f08-9ea0-4a2f-993e-2fedd32829f9, command=[]} | ret=SUCCESS |  
2019-08-30 03:48:01,908 | INFO  | SCMAudit | user=jenkins1000 | ip=192.168.36.106 | op=SEND_HEARTBEAT {datanodeUUID=b4322056-cf8e-4481-ab52-49b414438035, command=[]} | ret=SUCCESS |  
2019-08-30 03:48:02,107 | INFO  | SCMAudit | user=jenkins1000 | ip=192.168.36.106 | op=SEND_HEARTBEAT {datanodeUUID=088a888b-9e0f-4a9e-b54c-3d2c1c29e9f5, command=[]} | ret=SUCCESS |  
2019-08-30 03:48:02,360 | INFO  | SCMAudit | user=jenkins1000 | ip=192.168.36.106 | op=SEND_HEARTBEAT {datanodeUUID=2f6b521d-5d5d-44f9-9b20-650b7881613d, command=[]} | ret=SUCCESS |  
2019-08-30 03:48:02,360 | INFO  | SCMAudit | user=jenkins1000 | ip=192.168.36.106 | op=SEND_HEARTBEAT {datanodeUUID=411242e4-7603-4235-b66c-08546d6d220d, command=[]} | ret=SUCCESS |  
2019-08-30 03:48:02,511 | INFO  | SCMAudit | user=jenkins1000 | ip=192.168.36.106 | op=SEND_HEARTBEAT {datanodeUUID=1a924af3-a664-4014-9ecf-70089b07935e, command=[]} | ret=SUCCESS |  
2019-08-30 03:48:02,725 | INFO  | SCMAudit | user=jenkins1000 | ip=192.168.36.106 | op=SEND_HEARTBEAT {datanodeUUID=cc647f08-9ea0-4a2f-993e-2fedd32829f9, command=[]} | ret=SUCCESS |  
2019-08-30 03:48:02,907 | INFO  | SCMAudit | user=jenkins1000 | ip=192.168.36.106 | op=SEND_HEARTBEAT {datanodeUUID=b4322056-cf8e-4481-ab52-49b414438035, command=[]} | ret=SUCCESS |  
2019-08-30 03:48:03,107 | INFO  | SCMAudit | user=jenkins1000 | ip=192.168.36.106 | op=SEND_HEARTBEAT {datanodeUUID=088a888b-9e0f-4a9e-b54c-3d2c1c29e9f5, command=[]} | ret=SUCCESS |  
2019-08-30 03:48:03,360 | INFO  | SCMAudit | user=jenkins1000 | ip=192.168.36.106 | op=SEND_HEARTBEAT {datanodeUUID=2f6b521d-5d5d-44f9-9b20-650b7881613d, command=[]} | ret=SUCCESS |  
2019-08-30 03:48:03,360 | INFO  | SCMAudit | user=jenkins1000 | ip=192.168.36.106 | op=SEND_HEARTBEAT {datanodeUUID=411242e4-7603-4235-b66c-08546d6d220d, command=[]} | ret=SUCCESS |  
2019-08-30 03:48:03,389 [EventQueue-StaleNodeForStaleNodeHandler] INFO  node.StaleNodeHandler (StaleNodeHandler.java:onMessage(58)) - Datanode be188c32-466c-43f9-97ae-301f6c786ce6{ip: 192.168.36.106, host: pr-hdds-1569-5ldcr-795608406, networkLocation: /default-rack, certSerialId: null} moved to stale state. Finalizing its pipelines [PipelineID=a6571985-e2f7-4124-b981-8d550be48292, PipelineID=5db71220-eab3-4979-9605-f2b43fcff49b]
2019-08-30 03:48:03,390 [EventQueue-StaleNodeForStaleNodeHandler] INFO  pipeline.SCMPipelineManager (SCMPipelineManager.java:finalizeAndDestroyPipeline(309)) - destroying pipeline:Pipeline[ Id: a6571985-e2f7-4124-b981-8d550be48292, Nodes: be188c32-466c-43f9-97ae-301f6c786ce6{ip: 192.168.36.106, host: pr-hdds-1569-5ldcr-795608406, networkLocation: /default-rack, certSerialId: null}, Type:RATIS, Factor:ONE, State:OPEN]
2019-08-30 03:48:03,390 [EventQueue-StaleNodeForStaleNodeHandler] INFO  pipeline.PipelineStateManager (PipelineStateManager.java:finalizePipeline(123)) - Pipeline Pipeline[ Id: a6571985-e2f7-4124-b981-8d550be48292, Nodes: be188c32-466c-43f9-97ae-301f6c786ce6{ip: 192.168.36.106, host: pr-hdds-1569-5ldcr-795608406, networkLocation: /default-rack, certSerialId: null}, Type:RATIS, Factor:ONE, State:CLOSED] moved to CLOSED state
2019-08-30 03:48:03,390 [EventQueue-StaleNodeForStaleNodeHandler] INFO  pipeline.SCMPipelineManager (SCMPipelineManager.java:finalizeAndDestroyPipeline(309)) - destroying pipeline:Pipeline[ Id: 5db71220-eab3-4979-9605-f2b43fcff49b, Nodes: be188c32-466c-43f9-97ae-301f6c786ce6{ip: 192.168.36.106, host: pr-hdds-1569-5ldcr-795608406, networkLocation: /default-rack, certSerialId: null}2f6b521d-5d5d-44f9-9b20-650b7881613d{ip: 192.168.36.106, host: pr-hdds-1569-5ldcr-795608406, networkLocation: /default-rack, certSerialId: null}411242e4-7603-4235-b66c-08546d6d220d{ip: 192.168.36.106, host: pr-hdds-1569-5ldcr-795608406, networkLocation: /default-rack, certSerialId: null}, Type:RATIS, Factor:THREE, State:OPEN]
2019-08-30 03:48:03,390 [EventQueue-StaleNodeForStaleNodeHandler] INFO  pipeline.PipelineStateManager (PipelineStateManager.java:finalizePipeline(123)) - Pipeline Pipeline[ Id: 5db71220-eab3-4979-9605-f2b43fcff49b, Nodes: be188c32-466c-43f9-97ae-301f6c786ce6{ip: 192.168.36.106, host: pr-hdds-1569-5ldcr-795608406, networkLocation: /default-rack, certSerialId: null}2f6b521d-5d5d-44f9-9b20-650b7881613d{ip: 192.168.36.106, host: pr-hdds-1569-5ldcr-795608406, networkLocation: /default-rack, certSerialId: null}411242e4-7603-4235-b66c-08546d6d220d{ip: 192.168.36.106, host: pr-hdds-1569-5ldcr-795608406, networkLocation: /default-rack, certSerialId: null}, Type:RATIS, Factor:THREE, State:CLOSED] moved to CLOSED state
2019-08-30 03:48:03,391 [EventQueue-CloseContainerForCloseContainerEventHandler] INFO  container.CloseContainerEventHandler (CloseContainerEventHandler.java:onMessage(61)) - Close container Event triggered for container : #1
2019-08-30 03:48:03,511 | INFO  | SCMAudit | user=jenkins1000 | ip=192.168.36.106 | op=SEND_HEARTBEAT {datanodeUUID=1a924af3-a664-4014-9ecf-70089b07935e, command=[]} | ret=SUCCESS |  
2019-08-30 03:48:03,580 [main] INFO  ozoneimpl.OzoneContainer (OzoneContainer.java:stop(199)) - Attempting to stop container services.
2019-08-30 03:48:03,589 [main] INFO  impl.RaftServerProxy (RaftServerProxy.java:lambda$close$4(314)) - be188c32-466c-43f9-97ae-301f6c786ce6: close
2019-08-30 03:48:03,589 [main] INFO  impl.RaftServerImpl (RaftServerImpl.java:lambda$shutdown$3(245)) - be188c32-466c-43f9-97ae-301f6c786ce6: shutdown group-8D550BE48292
2019-08-30 03:48:03,589 [ForkJoinPool.commonPool-worker-1] INFO  impl.RaftServerImpl (RaftServerImpl.java:lambda$shutdown$3(245)) - be188c32-466c-43f9-97ae-301f6c786ce6: shutdown group-F2B43FCFF49B
2019-08-30 03:48:03,590 [main] INFO  util.JmxRegister (JmxRegister.java:unregister(73)) - Successfully un-registered JMX Bean with object name Ratis:service=RaftServer,group=group-8D550BE48292,id=be188c32-466c-43f9-97ae-301f6c786ce6
2019-08-30 03:48:03,590 [ForkJoinPool.commonPool-worker-1] INFO  util.JmxRegister (JmxRegister.java:unregister(73)) - Successfully un-registered JMX Bean with object name Ratis:service=RaftServer,group=group-F2B43FCFF49B,id=be188c32-466c-43f9-97ae-301f6c786ce6
2019-08-30 03:48:03,590 [main] INFO  impl.RoleInfo (RoleInfo.java:shutdownLeaderState(104)) - be188c32-466c-43f9-97ae-301f6c786ce6: shutdown LeaderState
2019-08-30 03:48:03,591 [ForkJoinPool.commonPool-worker-1] INFO  impl.RoleInfo (RoleInfo.java:shutdownLeaderState(104)) - be188c32-466c-43f9-97ae-301f6c786ce6: shutdown LeaderState
2019-08-30 03:48:03,591 [main] INFO  impl.PendingRequests (PendingRequests.java:sendNotLeaderResponses(202)) - be188c32-466c-43f9-97ae-301f6c786ce6-PendingRequests: sendNotLeaderResponses
2019-08-30 03:48:03,596 [org.apache.ratis.server.impl.LogAppender$AppenderDaemon$$Lambda$485/1584372088@39cbc708] WARN  server.GrpcLogAppender (GrpcLogAppender.java:mayWait(143)) - GrpcLogAppender(be188c32-466c-43f9-97ae-301f6c786ce6->411242e4-7603-4235-b66c-08546d6d220d): Wait interrupted by java.lang.InterruptedException
2019-08-30 03:48:03,596 [ForkJoinPool.commonPool-worker-1] INFO  impl.PendingRequests (PendingRequests.java:sendNotLeaderResponses(202)) - be188c32-466c-43f9-97ae-301f6c786ce6-PendingRequests: sendNotLeaderResponses
2019-08-30 03:48:03,596 [org.apache.ratis.server.impl.LogAppender$AppenderDaemon$$Lambda$485/1584372088@7cc956f5] WARN  server.GrpcLogAppender (GrpcLogAppender.java:mayWait(143)) - GrpcLogAppender(be188c32-466c-43f9-97ae-301f6c786ce6->2f6b521d-5d5d-44f9-9b20-650b7881613d): Wait interrupted by java.lang.InterruptedException
2019-08-30 03:48:03,596 [main] INFO  impl.StateMachineUpdater (StateMachineUpdater.java:stopAndJoin(115)) - StateMachineUpdater:be188c32-466c-43f9-97ae-301f6c786ce6:group-8D550BE48292: set stopIndex = 0
2019-08-30 03:48:03,599 [ForkJoinPool.commonPool-worker-1] INFO  impl.StateMachineUpdater (StateMachineUpdater.java:stopAndJoin(115)) - StateMachineUpdater:be188c32-466c-43f9-97ae-301f6c786ce6:group-F2B43FCFF49B: set stopIndex = 14
2019-08-30 03:48:03,599 [grpc-default-executor-3] INFO  server.GrpcServerProtocolService (GrpcServerProtocolService.java:onCompleted(104)) - 2f6b521d-5d5d-44f9-9b20-650b7881613d: appendEntries completed
2019-08-30 03:48:03,596 [grpc-default-executor-5] INFO  server.GrpcServerProtocolService (GrpcServerProtocolService.java:onCompleted(104)) - 411242e4-7603-4235-b66c-08546d6d220d: appendEntries completed
2019-08-30 03:48:03,599 [StateMachineUpdater:be188c32-466c-43f9-97ae-301f6c786ce6:group-F2B43FCFF49B] INFO  ratis.ContainerStateMachine (ContainerStateMachine.java:takeSnapshot(283)) - group-F2B43FCFF49B: Taking a snapshot at:(t:2, i:12) file /workdir/hadoop-ozone/integration-test/target/test-dir/MiniOzoneClusterImpl-54fb3437-fb27-4fd7-8614-a0b063bd7494/datanode-1/data/ratis/5db71220-eab3-4979-9605-f2b43fcff49b/sm/snapshot.2_12
2019-08-30 03:48:03,599 [main] INFO  impl.RaftServerImpl (ServerState.java:close(394)) - be188c32-466c-43f9-97ae-301f6c786ce6:group-8D550BE48292 closes. The last applied log index is 0
2019-08-30 03:48:03,599 [grpc-default-executor-3] INFO  server.GrpcLogAppender (GrpcLogAppender.java:onCompleted(292)) - be188c32-466c-43f9-97ae-301f6c786ce6->2f6b521d-5d5d-44f9-9b20-650b7881613d: follower responses appendEntries COMPLETED
2019-08-30 03:48:03,599 [grpc-default-executor-5] INFO  server.GrpcLogAppender (GrpcLogAppender.java:onCompleted(292)) - be188c32-466c-43f9-97ae-301f6c786ce6->411242e4-7603-4235-b66c-08546d6d220d: follower responses appendEntries COMPLETED
2019-08-30 03:48:03,600 [grpc-default-executor-3] INFO  impl.FollowerInfo (FollowerInfo.java:lambda$new$0(50)) - be188c32-466c-43f9-97ae-301f6c786ce6->2f6b521d-5d5d-44f9-9b20-650b7881613d: nextIndex: updateUnconditionally 15 -> 14
2019-08-30 03:48:03,600 [be188c32-466c-43f9-97ae-301f6c786ce6-SegmentedRaftLogWorker:Storage Directory /workdir/hadoop-ozone/integration-test/target/test-dir/MiniOzoneClusterImpl-54fb3437-fb27-4fd7-8614-a0b063bd7494/datanode-1/data/ratis/a6571985-e2f7-4124-b981-8d550be48292] INFO  segmented.SegmentedRaftLogWorker (SegmentedRaftLogWorker.java:run(313)) - be188c32-466c-43f9-97ae-301f6c786ce6-SegmentedRaftLogWorker:Storage Directory /workdir/hadoop-ozone/integration-test/target/test-dir/MiniOzoneClusterImpl-54fb3437-fb27-4fd7-8614-a0b063bd7494/datanode-1/data/ratis/a6571985-e2f7-4124-b981-8d550be48292 was interrupted, exiting. There are 0 tasks remaining in the queue.
2019-08-30 03:48:03,600 [grpc-default-executor-5] INFO  impl.FollowerInfo (FollowerInfo.java:lambda$new$0(50)) - be188c32-466c-43f9-97ae-301f6c786ce6->411242e4-7603-4235-b66c-08546d6d220d: nextIndex: updateUnconditionally 15 -> 14
2019-08-30 03:48:03,611 [main] INFO  segmented.SegmentedRaftLogWorker (SegmentedRaftLogWorker.java:close(228)) - be188c32-466c-43f9-97ae-301f6c786ce6-SegmentedRaftLogWorker:Storage Directory /workdir/hadoop-ozone/integration-test/target/test-dir/MiniOzoneClusterImpl-54fb3437-fb27-4fd7-8614-a0b063bd7494/datanode-1/data/ratis/a6571985-e2f7-4124-b981-8d550be48292 close()
2019-08-30 03:48:03,616 [StateMachineUpdater:be188c32-466c-43f9-97ae-301f6c786ce6:group-F2B43FCFF49B] INFO  ratis.ContainerStateMachine (ContainerStateMachine.java:takeSnapshot(294)) - group-F2B43FCFF49B: Finished taking a snapshot at:(t:2, i:12) file:/workdir/hadoop-ozone/integration-test/target/test-dir/MiniOzoneClusterImpl-54fb3437-fb27-4fd7-8614-a0b063bd7494/datanode-1/data/ratis/5db71220-eab3-4979-9605-f2b43fcff49b/sm/snapshot.2_12 time:15
2019-08-30 03:48:03,616 [StateMachineUpdater:be188c32-466c-43f9-97ae-301f6c786ce6:group-F2B43FCFF49B] INFO  impl.StateMachineUpdater (StateMachineUpdater.java:takeSnapshot(242)) - StateMachineUpdater:be188c32-466c-43f9-97ae-301f6c786ce6:group-F2B43FCFF49B: Took a snapshot at index 12
2019-08-30 03:48:03,616 [StateMachineUpdater:be188c32-466c-43f9-97ae-301f6c786ce6:group-F2B43FCFF49B] INFO  impl.StateMachineUpdater (StateMachineUpdater.java:lambda$new$0(80)) - StateMachineUpdater:be188c32-466c-43f9-97ae-301f6c786ce6:group-F2B43FCFF49B: snapshotIndex: updateIncreasingly -1 -> 12
2019-08-30 03:48:03,616 [ForkJoinPool.commonPool-worker-1] INFO  impl.RaftServerImpl (ServerState.java:close(394)) - be188c32-466c-43f9-97ae-301f6c786ce6:group-F2B43FCFF49B closes. The last applied log index is 14
2019-08-30 03:48:03,617 [be188c32-466c-43f9-97ae-301f6c786ce6-SegmentedRaftLogWorker:Storage Directory /workdir/hadoop-ozone/integration-test/target/test-dir/MiniOzoneClusterImpl-54fb3437-fb27-4fd7-8614-a0b063bd7494/datanode-1/data/ratis/5db71220-eab3-4979-9605-f2b43fcff49b] INFO  segmented.SegmentedRaftLogWorker (SegmentedRaftLogWorker.java:run(313)) - be188c32-466c-43f9-97ae-301f6c786ce6-SegmentedRaftLogWorker:Storage Directory /workdir/hadoop-ozone/integration-test/target/test-dir/MiniOzoneClusterImpl-54fb3437-fb27-4fd7-8614-a0b063bd7494/datanode-1/data/ratis/5db71220-eab3-4979-9605-f2b43fcff49b was interrupted, exiting. There are 0 tasks remaining in the queue.
2019-08-30 03:48:03,618 [ForkJoinPool.commonPool-worker-1] INFO  segmented.SegmentedRaftLogWorker (SegmentedRaftLogWorker.java:close(228)) - be188c32-466c-43f9-97ae-301f6c786ce6-SegmentedRaftLogWorker:Storage Directory /workdir/hadoop-ozone/integration-test/target/test-dir/MiniOzoneClusterImpl-54fb3437-fb27-4fd7-8614-a0b063bd7494/datanode-1/data/ratis/5db71220-eab3-4979-9605-f2b43fcff49b close()
2019-08-30 03:48:03,622 [main] INFO  server.GrpcService (GrpcService.java:closeImpl(155)) - be188c32-466c-43f9-97ae-301f6c786ce6: shutdown server with port 46026 now
2019-08-30 03:48:03,622 [grpc-default-executor-3] WARN  client.GrpcClientProtocolService (LogUtils.java:warn(134)) - 4-UnorderedRequestStreamObserver4: onError: org.apache.ratis.thirdparty.io.grpc.StatusRuntimeException: CANCELLED: cancelled before receiving half close
2019-08-30 03:48:03,622 [main] INFO  server.GrpcService (GrpcService.java:closeImpl(163)) - be188c32-466c-43f9-97ae-301f6c786ce6: shutdown server with port 46026 successfully
2019-08-30 03:48:03,624 [main] INFO  utils.BackgroundService (BackgroundService.java:shutdown(148)) - Shutting down service BlockDeletingService
2019-08-30 03:48:03,625 [refreshUsed-/workdir/hadoop-ozone/integration-test/target/test-dir/MiniOzoneClusterImpl-54fb3437-fb27-4fd7-8614-a0b063bd7494/datanode-1/data/containers] WARN  fs.CachingGetSpaceUsed (CachingGetSpaceUsed.java:run(183)) - Thread Interrupted waiting to refresh disk information: sleep interrupted
2019-08-30 03:48:03,642 [main] INFO  statemachine.DatanodeStateMachine (DatanodeStateMachine.java:stopDaemon(395)) - Ozone container server stopped.
2019-08-30 03:48:03,643 [main] INFO  handler.ContextHandler (ContextHandler.java:doStop(910)) - Stopped o.e.j.w.WebAppContext@59fa5a39{/,null,UNAVAILABLE}{/hddsDatanode}
2019-08-30 03:48:03,644 [main] INFO  server.AbstractConnector (AbstractConnector.java:doStop(318)) - Stopped ServerConnector@6dccdc50{HTTP/1.1,[http/1.1]}{0.0.0.0:0}
2019-08-30 03:48:03,644 [main] INFO  handler.ContextHandler (ContextHandler.java:doStop(910)) - Stopped o.e.j.s.ServletContextHandler@77a13162{/static,jar:file:/home/user/.m2/repository/org/apache/hadoop/hadoop-hdds-container-service/0.5.0-SNAPSHOT/hadoop-hdds-container-service-0.5.0-SNAPSHOT.jar!/webapps/static,UNAVAILABLE}
2019-08-30 03:48:03,645 [main] INFO  handler.ContextHandler (ContextHandler.java:doStop(910)) - Stopped o.e.j.s.ServletContextHandler@329b4b8b{/logs,file:///workdir/hadoop-ozone/integration-test/target/log,UNAVAILABLE}
2019-08-30 03:48:03,725 | INFO  | SCMAudit | user=jenkins1000 | ip=192.168.36.106 | op=SEND_HEARTBEAT {datanodeUUID=cc647f08-9ea0-4a2f-993e-2fedd32829f9, command=[]} | ret=SUCCESS |  
2019-08-30 03:48:03,908 | INFO  | SCMAudit | user=jenkins1000 | ip=192.168.36.106 | op=SEND_HEARTBEAT {datanodeUUID=b4322056-cf8e-4481-ab52-49b414438035, command=[]} | ret=SUCCESS |  
2019-08-30 03:48:04,107 | INFO  | SCMAudit | user=jenkins1000 | ip=192.168.36.106 | op=SEND_HEARTBEAT {datanodeUUID=088a888b-9e0f-4a9e-b54c-3d2c1c29e9f5, command=[]} | ret=SUCCESS |  
2019-08-30 03:48:04,360 | INFO  | SCMAudit | user=jenkins1000 | ip=192.168.36.106 | op=SEND_HEARTBEAT {datanodeUUID=2f6b521d-5d5d-44f9-9b20-650b7881613d, command=[commandType: closeContainerCommand closeContainerCommandProto { containerID: 1 pipelineID { id: "5db71220-eab3-4979-9605-f2b43fcff49b" } cmdId: 1 force: false } ]} | ret=SUCCESS |  
2019-08-30 03:48:04,360 | INFO  | SCMAudit | user=jenkins1000 | ip=192.168.36.106 | op=SEND_HEARTBEAT {datanodeUUID=411242e4-7603-4235-b66c-08546d6d220d, command=[commandType: closeContainerCommand closeContainerCommandProto { containerID: 1 pipelineID { id: "5db71220-eab3-4979-9605-f2b43fcff49b" } cmdId: 1 force: false } ]} | ret=SUCCESS |  
2019-08-30 03:48:04,510 | INFO  | SCMAudit | user=jenkins1000 | ip=192.168.36.106 | op=SEND_HEARTBEAT {datanodeUUID=1a924af3-a664-4014-9ecf-70089b07935e, command=[]} | ret=SUCCESS |  
2019-08-30 03:48:04,725 | INFO  | SCMAudit | user=jenkins1000 | ip=192.168.36.106 | op=SEND_HEARTBEAT {datanodeUUID=cc647f08-9ea0-4a2f-993e-2fedd32829f9, command=[]} | ret=SUCCESS |  
2019-08-30 03:48:04,908 | INFO  | SCMAudit | user=jenkins1000 | ip=192.168.36.106 | op=SEND_HEARTBEAT {datanodeUUID=b4322056-cf8e-4481-ab52-49b414438035, command=[]} | ret=SUCCESS |  
2019-08-30 03:48:05,108 | INFO  | SCMAudit | user=jenkins1000 | ip=192.168.36.106 | op=SEND_HEARTBEAT {datanodeUUID=088a888b-9e0f-4a9e-b54c-3d2c1c29e9f5, command=[]} | ret=SUCCESS |  
2019-08-30 03:48:05,360 | INFO  | SCMAudit | user=jenkins1000 | ip=192.168.36.106 | op=SEND_HEARTBEAT {datanodeUUID=411242e4-7603-4235-b66c-08546d6d220d, command=[]} | ret=SUCCESS |  
2019-08-30 03:48:05,360 | INFO  | SCMAudit | user=jenkins1000 | ip=192.168.36.106 | op=SEND_HEARTBEAT {datanodeUUID=2f6b521d-5d5d-44f9-9b20-650b7881613d, command=[]} | ret=SUCCESS |  
2019-08-30 03:48:05,425 | INFO  | SCMAudit | user=jenkins1000 | ip=192.168.36.106 | op=SEND_HEARTBEAT {datanodeUUID=2f6b521d-5d5d-44f9-9b20-650b7881613d, command=[]} | ret=SUCCESS |  
2019-08-30 03:48:05,510 | INFO  | SCMAudit | user=jenkins1000 | ip=192.168.36.106 | op=SEND_HEARTBEAT {datanodeUUID=1a924af3-a664-4014-9ecf-70089b07935e, command=[]} | ret=SUCCESS |  
2019-08-30 03:48:05,658 [grpc-default-executor-5] INFO  client.GrpcClientProtocolClient (GrpcClientProtocolClient.java:onNext(255)) - client-31C6FE845455->411242e4-7603-4235-b66c-08546d6d220d: receive RaftClientReply:client-31C6FE845455->411242e4-7603-4235-b66c-08546d6d220d@group-F2B43FCFF49B, cid=177, FAILED org.apache.ratis.protocol.NotLeaderException: Server 411242e4-7603-4235-b66c-08546d6d220d is not the leader (be188c32-466c-43f9-97ae-301f6c786ce6:192.168.36.106:46026). Request must be sent to leader., logIndex=0, commits[411242e4-7603-4235-b66c-08546d6d220d:c14, be188c32-466c-43f9-97ae-301f6c786ce6:c14, 2f6b521d-5d5d-44f9-9b20-650b7881613d:c14]
2019-08-30 03:48:05,725 | INFO  | SCMAudit | user=jenkins1000 | ip=192.168.36.106 | op=SEND_HEARTBEAT {datanodeUUID=cc647f08-9ea0-4a2f-993e-2fedd32829f9, command=[]} | ret=SUCCESS |  
2019-08-30 03:48:05,908 | INFO  | SCMAudit | user=jenkins1000 | ip=192.168.36.106 | op=SEND_HEARTBEAT {datanodeUUID=b4322056-cf8e-4481-ab52-49b414438035, command=[]} | ret=SUCCESS |  
2019-08-30 03:48:06,108 | INFO  | SCMAudit | user=jenkins1000 | ip=192.168.36.106 | op=SEND_HEARTBEAT {datanodeUUID=088a888b-9e0f-4a9e-b54c-3d2c1c29e9f5, command=[]} | ret=SUCCESS |  
2019-08-30 03:48:06,360 | INFO  | SCMAudit | user=jenkins1000 | ip=192.168.36.106 | op=SEND_HEARTBEAT {datanodeUUID=411242e4-7603-4235-b66c-08546d6d220d, command=[]} | ret=SUCCESS |  
2019-08-30 03:48:06,424 | INFO  | SCMAudit | user=jenkins1000 | ip=192.168.36.106 | op=SEND_HEARTBEAT {datanodeUUID=411242e4-7603-4235-b66c-08546d6d220d, command=[]} | ret=SUCCESS |  
2019-08-30 03:48:06,425 | INFO  | SCMAudit | user=jenkins1000 | ip=192.168.36.106 | op=SEND_HEARTBEAT {datanodeUUID=2f6b521d-5d5d-44f9-9b20-650b7881613d, command=[]} | ret=SUCCESS |  
2019-08-30 03:48:06,510 | INFO  | SCMAudit | user=jenkins1000 | ip=192.168.36.106 | op=SEND_HEARTBEAT {datanodeUUID=1a924af3-a664-4014-9ecf-70089b07935e, command=[]} | ret=SUCCESS |  
2019-08-30 03:48:06,672 [grpc-default-executor-5] INFO  client.GrpcClientProtocolClient (GrpcClientProtocolClient.java:onNext(255)) - client-31C6FE845455->2f6b521d-5d5d-44f9-9b20-650b7881613d: receive RaftClientReply:client-31C6FE845455->2f6b521d-5d5d-44f9-9b20-650b7881613d@group-F2B43FCFF49B, cid=177, FAILED org.apache.ratis.protocol.NotLeaderException: Server 2f6b521d-5d5d-44f9-9b20-650b7881613d is not the leader (be188c32-466c-43f9-97ae-301f6c786ce6:192.168.36.106:46026). Request must be sent to leader., logIndex=0, commits[2f6b521d-5d5d-44f9-9b20-650b7881613d:c14, be188c32-466c-43f9-97ae-301f6c786ce6:c14, 411242e4-7603-4235-b66c-08546d6d220d:c14]
2019-08-30 03:48:06,726 | INFO  | SCMAudit | user=jenkins1000 | ip=192.168.36.106 | op=SEND_HEARTBEAT {datanodeUUID=cc647f08-9ea0-4a2f-993e-2fedd32829f9, command=[]} | ret=SUCCESS |  
2019-08-30 03:48:06,908 | INFO  | SCMAudit | user=jenkins1000 | ip=192.168.36.106 | op=SEND_HEARTBEAT {datanodeUUID=b4322056-cf8e-4481-ab52-49b414438035, command=[]} | ret=SUCCESS |  
2019-08-30 03:48:07,108 | INFO  | SCMAudit | user=jenkins1000 | ip=192.168.36.106 | op=SEND_HEARTBEAT {datanodeUUID=088a888b-9e0f-4a9e-b54c-3d2c1c29e9f5, command=[]} | ret=SUCCESS |  
2019-08-30 03:48:07,425 | INFO  | SCMAudit | user=jenkins1000 | ip=192.168.36.106 | op=SEND_HEARTBEAT {datanodeUUID=411242e4-7603-4235-b66c-08546d6d220d, command=[]} | ret=SUCCESS |  
2019-08-30 03:48:07,425 | INFO  | SCMAudit | user=jenkins1000 | ip=192.168.36.106 | op=SEND_HEARTBEAT {datanodeUUID=2f6b521d-5d5d-44f9-9b20-650b7881613d, command=[]} | ret=SUCCESS |  
2019-08-30 03:48:07,510 | INFO  | SCMAudit | user=jenkins1000 | ip=192.168.36.106 | op=SEND_HEARTBEAT {datanodeUUID=1a924af3-a664-4014-9ecf-70089b07935e, command=[]} | ret=SUCCESS |  
2019-08-30 03:48:07,685 [grpc-default-executor-0] INFO  client.GrpcClientProtocolClient (GrpcClientProtocolClient.java:onNext(255)) - client-31C6FE845455->411242e4-7603-4235-b66c-08546d6d220d: receive RaftClientReply:client-31C6FE845455->411242e4-7603-4235-b66c-08546d6d220d@group-F2B43FCFF49B, cid=177, FAILED org.apache.ratis.protocol.NotLeaderException: Server 411242e4-7603-4235-b66c-08546d6d220d is not the leader (be188c32-466c-43f9-97ae-301f6c786ce6:192.168.36.106:46026). Request must be sent to leader., logIndex=0, commits[411242e4-7603-4235-b66c-08546d6d220d:c14, be188c32-466c-43f9-97ae-301f6c786ce6:c14, 2f6b521d-5d5d-44f9-9b20-650b7881613d:c14]
2019-08-30 03:48:07,726 | INFO  | SCMAudit | user=jenkins1000 | ip=192.168.36.106 | op=SEND_HEARTBEAT {datanodeUUID=cc647f08-9ea0-4a2f-993e-2fedd32829f9, command=[]} | ret=SUCCESS |  
2019-08-30 03:48:07,907 | INFO  | SCMAudit | user=jenkins1000 | ip=192.168.36.106 | op=SEND_HEARTBEAT {datanodeUUID=b4322056-cf8e-4481-ab52-49b414438035, command=[]} | ret=SUCCESS |  
2019-08-30 03:48:08,107 | INFO  | SCMAudit | user=jenkins1000 | ip=192.168.36.106 | op=SEND_HEARTBEAT {datanodeUUID=088a888b-9e0f-4a9e-b54c-3d2c1c29e9f5, command=[]} | ret=SUCCESS |  
2019-08-30 03:48:08,425 | INFO  | SCMAudit | user=jenkins1000 | ip=192.168.36.106 | op=SEND_HEARTBEAT {datanodeUUID=411242e4-7603-4235-b66c-08546d6d220d, command=[]} | ret=SUCCESS |  
2019-08-30 03:48:08,426 | INFO  | SCMAudit | user=jenkins1000 | ip=192.168.36.106 | op=SEND_HEARTBEAT {datanodeUUID=2f6b521d-5d5d-44f9-9b20-650b7881613d, command=[]} | ret=SUCCESS |  
2019-08-30 03:48:08,510 | INFO  | SCMAudit | user=jenkins1000 | ip=192.168.36.106 | op=SEND_HEARTBEAT {datanodeUUID=1a924af3-a664-4014-9ecf-70089b07935e, command=[]} | ret=SUCCESS |  
2019-08-30 03:48:08,696 [grpc-default-executor-5] INFO  client.GrpcClientProtocolClient (GrpcClientProtocolClient.java:onNext(255)) - client-31C6FE845455->411242e4-7603-4235-b66c-08546d6d220d: receive RaftClientReply:client-31C6FE845455->411242e4-7603-4235-b66c-08546d6d220d@group-F2B43FCFF49B, cid=177, FAILED org.apache.ratis.protocol.NotLeaderException: Server 411242e4-7603-4235-b66c-08546d6d220d is not the leader (be188c32-466c-43f9-97ae-301f6c786ce6:192.168.36.106:46026). Request must be sent to leader., logIndex=0, commits[411242e4-7603-4235-b66c-08546d6d220d:c14, be188c32-466c-43f9-97ae-301f6c786ce6:c14, 2f6b521d-5d5d-44f9-9b20-650b7881613d:c14]
2019-08-30 03:48:08,726 | INFO  | SCMAudit | user=jenkins1000 | ip=192.168.36.106 | op=SEND_HEARTBEAT {datanodeUUID=cc647f08-9ea0-4a2f-993e-2fedd32829f9, command=[]} | ret=SUCCESS |  
2019-08-30 03:48:08,908 | INFO  | SCMAudit | user=jenkins1000 | ip=192.168.36.106 | op=SEND_HEARTBEAT {datanodeUUID=b4322056-cf8e-4481-ab52-49b414438035, command=[]} | ret=SUCCESS |  
2019-08-30 03:48:09,107 | INFO  | SCMAudit | user=jenkins1000 | ip=192.168.36.106 | op=SEND_HEARTBEAT {datanodeUUID=088a888b-9e0f-4a9e-b54c-3d2c1c29e9f5, command=[]} | ret=SUCCESS |  
2019-08-30 03:48:09,425 | INFO  | SCMAudit | user=jenkins1000 | ip=192.168.36.106 | op=SEND_HEARTBEAT {datanodeUUID=411242e4-7603-4235-b66c-08546d6d220d, command=[]} | ret=SUCCESS |  
2019-08-30 03:48:09,426 | INFO  | SCMAudit | user=jenkins1000 | ip=192.168.36.106 | op=SEND_HEARTBEAT {datanodeUUID=2f6b521d-5d5d-44f9-9b20-650b7881613d, command=[]} | ret=SUCCESS |  
2019-08-30 03:48:09,510 | INFO  | SCMAudit | user=jenkins1000 | ip=192.168.36.106 | op=SEND_HEARTBEAT {datanodeUUID=1a924af3-a664-4014-9ecf-70089b07935e, command=[]} | ret=SUCCESS |  
2019-08-30 03:48:09,709 [grpc-default-executor-5] INFO  client.GrpcClientProtocolClient (GrpcClientProtocolClient.java:onNext(255)) - client-31C6FE845455->411242e4-7603-4235-b66c-08546d6d220d: receive RaftClientReply:client-31C6FE845455->411242e4-7603-4235-b66c-08546d6d220d@group-F2B43FCFF49B, cid=177, FAILED org.apache.ratis.protocol.NotLeaderException: Server 411242e4-7603-4235-b66c-08546d6d220d is not the leader (be188c32-466c-43f9-97ae-301f6c786ce6:192.168.36.106:46026). Request must be sent to leader., logIndex=0, commits[411242e4-7603-4235-b66c-08546d6d220d:c14, be188c32-466c-43f9-97ae-301f6c786ce6:c14, 2f6b521d-5d5d-44f9-9b20-650b7881613d:c14]
2019-08-30 03:48:09,726 | INFO  | SCMAudit | user=jenkins1000 | ip=192.168.36.106 | op=SEND_HEARTBEAT {datanodeUUID=cc647f08-9ea0-4a2f-993e-2fedd32829f9, command=[]} | ret=SUCCESS |  
2019-08-30 03:48:09,908 | INFO  | SCMAudit | user=jenkins1000 | ip=192.168.36.106 | op=SEND_HEARTBEAT {datanodeUUID=b4322056-cf8e-4481-ab52-49b414438035, command=[]} | ret=SUCCESS |  
2019-08-30 03:48:10,107 | INFO  | SCMAudit | user=jenkins1000 | ip=192.168.36.106 | op=SEND_HEARTBEAT {datanodeUUID=088a888b-9e0f-4a9e-b54c-3d2c1c29e9f5, command=[]} | ret=SUCCESS |  
2019-08-30 03:48:10,425 | INFO  | SCMAudit | user=jenkins1000 | ip=192.168.36.106 | op=SEND_HEARTBEAT {datanodeUUID=411242e4-7603-4235-b66c-08546d6d220d, command=[]} | ret=SUCCESS |  
2019-08-30 03:48:10,426 | INFO  | SCMAudit | user=jenkins1000 | ip=192.168.36.106 | op=SEND_HEARTBEAT {datanodeUUID=2f6b521d-5d5d-44f9-9b20-650b7881613d, command=[]} | ret=SUCCESS |  
2019-08-30 03:48:10,510 | INFO  | SCMAudit | user=jenkins1000 | ip=192.168.36.106 | op=SEND_HEARTBEAT {datanodeUUID=1a924af3-a664-4014-9ecf-70089b07935e, command=[]} | ret=SUCCESS |  
2019-08-30 03:48:10,721 [grpc-default-executor-0] INFO  client.GrpcClientProtocolClient (GrpcClientProtocolClient.java:onNext(255)) - client-31C6FE845455->411242e4-7603-4235-b66c-08546d6d220d: receive RaftClientReply:client-31C6FE845455->411242e4-7603-4235-b66c-08546d6d220d@group-F2B43FCFF49B, cid=177, FAILED org.apache.ratis.protocol.NotLeaderException: Server 411242e4-7603-4235-b66c-08546d6d220d is not the leader (be188c32-466c-43f9-97ae-301f6c786ce6:192.168.36.106:46026). Request must be sent to leader., logIndex=0, commits[411242e4-7603-4235-b66c-08546d6d220d:c14, be188c32-466c-43f9-97ae-301f6c786ce6:c14, 2f6b521d-5d5d-44f9-9b20-650b7881613d:c14]
2019-08-30 03:48:10,725 | INFO  | SCMAudit | user=jenkins1000 | ip=192.168.36.106 | op=SEND_HEARTBEAT {datanodeUUID=cc647f08-9ea0-4a2f-993e-2fedd32829f9, command=[]} | ret=SUCCESS |  
2019-08-30 03:48:10,908 | INFO  | SCMAudit | user=jenkins1000 | ip=192.168.36.106 | op=SEND_HEARTBEAT {datanodeUUID=b4322056-cf8e-4481-ab52-49b414438035, command=[]} | ret=SUCCESS |  
2019-08-30 03:48:11,107 | INFO  | SCMAudit | user=jenkins1000 | ip=192.168.36.106 | op=SEND_HEARTBEAT {datanodeUUID=088a888b-9e0f-4a9e-b54c-3d2c1c29e9f5, command=[]} | ret=SUCCESS |  
2019-08-30 03:48:11,425 | INFO  | SCMAudit | user=jenkins1000 | ip=192.168.36.106 | op=SEND_HEARTBEAT {datanodeUUID=411242e4-7603-4235-b66c-08546d6d220d, command=[]} | ret=SUCCESS |  
2019-08-30 03:48:11,426 | INFO  | SCMAudit | user=jenkins1000 | ip=192.168.36.106 | op=SEND_HEARTBEAT {datanodeUUID=2f6b521d-5d5d-44f9-9b20-650b7881613d, command=[]} | ret=SUCCESS |  
2019-08-30 03:48:11,510 | INFO  | SCMAudit | user=jenkins1000 | ip=192.168.36.106 | op=SEND_HEARTBEAT {datanodeUUID=1a924af3-a664-4014-9ecf-70089b07935e, command=[]} | ret=SUCCESS |  
2019-08-30 03:48:11,725 | INFO  | SCMAudit | user=jenkins1000 | ip=192.168.36.106 | op=SEND_HEARTBEAT {datanodeUUID=cc647f08-9ea0-4a2f-993e-2fedd32829f9, command=[]} | ret=SUCCESS |  
2019-08-30 03:48:11,733 [grpc-default-executor-5] INFO  client.GrpcClientProtocolClient (GrpcClientProtocolClient.java:onNext(255)) - client-31C6FE845455->2f6b521d-5d5d-44f9-9b20-650b7881613d: receive RaftClientReply:client-31C6FE845455->2f6b521d-5d5d-44f9-9b20-650b7881613d@group-F2B43FCFF49B, cid=177, FAILED org.apache.ratis.protocol.NotLeaderException: Server 2f6b521d-5d5d-44f9-9b20-650b7881613d is not the leader (be188c32-466c-43f9-97ae-301f6c786ce6:192.168.36.106:46026). Request must be sent to leader., logIndex=0, commits[2f6b521d-5d5d-44f9-9b20-650b7881613d:c14, be188c32-466c-43f9-97ae-301f6c786ce6:c14, 411242e4-7603-4235-b66c-08546d6d220d:c14]
2019-08-30 03:48:11,908 | INFO  | SCMAudit | user=jenkins1000 | ip=192.168.36.106 | op=SEND_HEARTBEAT {datanodeUUID=b4322056-cf8e-4481-ab52-49b414438035, command=[]} | ret=SUCCESS |  
2019-08-30 03:48:12,107 | INFO  | SCMAudit | user=jenkins1000 | ip=192.168.36.106 | op=SEND_HEARTBEAT {datanodeUUID=088a888b-9e0f-4a9e-b54c-3d2c1c29e9f5, command=[]} | ret=SUCCESS |  
2019-08-30 03:48:12,425 | INFO  | SCMAudit | user=jenkins1000 | ip=192.168.36.106 | op=SEND_HEARTBEAT {datanodeUUID=411242e4-7603-4235-b66c-08546d6d220d, command=[]} | ret=SUCCESS |  
2019-08-30 03:48:12,426 | INFO  | SCMAudit | user=jenkins1000 | ip=192.168.36.106 | op=SEND_HEARTBEAT {datanodeUUID=2f6b521d-5d5d-44f9-9b20-650b7881613d, command=[]} | ret=SUCCESS |  
2019-08-30 03:48:12,510 | INFO  | SCMAudit | user=jenkins1000 | ip=192.168.36.106 | op=SEND_HEARTBEAT {datanodeUUID=1a924af3-a664-4014-9ecf-70089b07935e, command=[]} | ret=SUCCESS |  
2019-08-30 03:48:12,725 | INFO  | SCMAudit | user=jenkins1000 | ip=192.168.36.106 | op=SEND_HEARTBEAT {datanodeUUID=cc647f08-9ea0-4a2f-993e-2fedd32829f9, command=[]} | ret=SUCCESS |  
2019-08-30 03:48:12,743 [grpc-default-executor-0] INFO  client.GrpcClientProtocolClient (GrpcClientProtocolClient.java:onNext(255)) - client-31C6FE845455->411242e4-7603-4235-b66c-08546d6d220d: receive RaftClientReply:client-31C6FE845455->411242e4-7603-4235-b66c-08546d6d220d@group-F2B43FCFF49B, cid=177, FAILED org.apache.ratis.protocol.NotLeaderException: Server 411242e4-7603-4235-b66c-08546d6d220d is not the leader (be188c32-466c-43f9-97ae-301f6c786ce6:192.168.36.106:46026). Request must be sent to leader., logIndex=0, commits[411242e4-7603-4235-b66c-08546d6d220d:c14, be188c32-466c-43f9-97ae-301f6c786ce6:c14, 2f6b521d-5d5d-44f9-9b20-650b7881613d:c14]
2019-08-30 03:48:12,770 [Thread-3647] INFO  impl.FollowerState (FollowerState.java:run(106)) - 2f6b521d-5d5d-44f9-9b20-650b7881613d:group-F2B43FCFF49B changes to CANDIDATE, lastRpcTime:9181, electionTimeout:5018ms
2019-08-30 03:48:12,770 [Thread-3647] INFO  impl.RoleInfo (RoleInfo.java:shutdownFollowerState(121)) - 2f6b521d-5d5d-44f9-9b20-650b7881613d: shutdown FollowerState
2019-08-30 03:48:12,770 [Thread-3647] INFO  impl.RaftServerImpl (RaftServerImpl.java:setRole(171)) - 2f6b521d-5d5d-44f9-9b20-650b7881613d:group-F2B43FCFF49B changes role from FOLLOWER to CANDIDATE at term 2 for changeToCandidate
2019-08-30 03:48:12,770 [Thread-3647] INFO  impl.RoleInfo (RoleInfo.java:updateAndGet(143)) - 2f6b521d-5d5d-44f9-9b20-650b7881613d: start LeaderElection
2019-08-30 03:48:12,772 [2f6b521d-5d5d-44f9-9b20-650b7881613d:group-F2B43FCFF49B:LeaderElection80] INFO  impl.RaftServerImpl (ServerState.java:setLeader(263)) - 2f6b521d-5d5d-44f9-9b20-650b7881613d:group-F2B43FCFF49B change Leader from be188c32-466c-43f9-97ae-301f6c786ce6 to null at term 2 for initElection
2019-08-30 03:48:12,823 [Thread-3648] INFO  impl.FollowerState (FollowerState.java:run(106)) - 411242e4-7603-4235-b66c-08546d6d220d:group-F2B43FCFF49B changes to CANDIDATE, lastRpcTime:9244, electionTimeout:5159ms
2019-08-30 03:48:12,823 [Thread-3648] INFO  impl.RoleInfo (RoleInfo.java:shutdownFollowerState(121)) - 411242e4-7603-4235-b66c-08546d6d220d: shutdown FollowerState
2019-08-30 03:48:12,823 [Thread-3648] INFO  impl.RaftServerImpl (RaftServerImpl.java:setRole(171)) - 411242e4-7603-4235-b66c-08546d6d220d:group-F2B43FCFF49B changes role from FOLLOWER to CANDIDATE at term 2 for changeToCandidate
2019-08-30 03:48:12,824 [Thread-3648] INFO  impl.RoleInfo (RoleInfo.java:updateAndGet(143)) - 411242e4-7603-4235-b66c-08546d6d220d: start LeaderElection
2019-08-30 03:48:12,826 [411242e4-7603-4235-b66c-08546d6d220d:group-F2B43FCFF49B:LeaderElection81] INFO  impl.RaftServerImpl (ServerState.java:setLeader(263)) - 411242e4-7603-4235-b66c-08546d6d220d:group-F2B43FCFF49B change Leader from be188c32-466c-43f9-97ae-301f6c786ce6 to null at term 2 for initElection
2019-08-30 03:48:12,826 [2f6b521d-5d5d-44f9-9b20-650b7881613d:group-F2B43FCFF49B:LeaderElection80] INFO  impl.LeaderElection (LeaderElection.java:askForVotes(181)) - 2f6b521d-5d5d-44f9-9b20-650b7881613d:group-F2B43FCFF49B:LeaderElection80: begin an election at term 3 for 0: [be188c32-466c-43f9-97ae-301f6c786ce6:192.168.36.106:46026, 2f6b521d-5d5d-44f9-9b20-650b7881613d:192.168.36.106:34675, 411242e4-7603-4235-b66c-08546d6d220d:192.168.36.106:35846], old=null
2019-08-30 03:48:12,829 [2f6b521d-5d5d-44f9-9b20-650b7881613d:group-F2B43FCFF49B:LeaderElection80] INFO  impl.LeaderElection (LogUtils.java:infoOrTrace(149)) - 2f6b521d-5d5d-44f9-9b20-650b7881613d:group-F2B43FCFF49B:LeaderElection80 got exception when requesting votes: {}
java.util.concurrent.ExecutionException: org.apache.ratis.thirdparty.io.grpc.StatusRuntimeException: UNAVAILABLE: io exception
	at java.util.concurrent.FutureTask.report(FutureTask.java:122)
	at java.util.concurrent.FutureTask.get(FutureTask.java:192)
	at org.apache.ratis.server.impl.LeaderElection.waitForResults(LeaderElection.java:262)
	at org.apache.ratis.server.impl.LeaderElection.askForVotes(LeaderElection.java:200)
	at org.apache.ratis.server.impl.LeaderElection.run(LeaderElection.java:130)
	at java.lang.Thread.run(Thread.java:748)
Caused by: org.apache.ratis.thirdparty.io.grpc.StatusRuntimeException: UNAVAILABLE: io exception
	at org.apache.ratis.thirdparty.io.grpc.stub.ClientCalls.toStatusRuntimeException(ClientCalls.java:233)
	at org.apache.ratis.thirdparty.io.grpc.stub.ClientCalls.getUnchecked(ClientCalls.java:214)
	at org.apache.ratis.thirdparty.io.grpc.stub.ClientCalls.blockingUnaryCall(ClientCalls.java:139)
	at org.apache.ratis.proto.grpc.RaftServerProtocolServiceGrpc$RaftServerProtocolServiceBlockingStub.requestVote(RaftServerProtocolServiceGrpc.java:265)
	at org.apache.ratis.grpc.server.GrpcServerProtocolClient.requestVote(GrpcServerProtocolClient.java:83)
	at org.apache.ratis.grpc.server.GrpcService.requestVote(GrpcService.java:195)
	at org.apache.ratis.server.impl.LeaderElection.lambda$submitRequests$1(LeaderElection.java:237)
	at java.util.concurrent.FutureTask.run(FutureTask.java:266)
	at java.util.concurrent.Executors$RunnableAdapter.call(Executors.java:511)
	at java.util.concurrent.FutureTask.run(FutureTask.java:266)
	at java.util.concurrent.ThreadPoolExecutor.runWorker(ThreadPoolExecutor.java:1149)
	at java.util.concurrent.ThreadPoolExecutor$Worker.run(ThreadPoolExecutor.java:624)
	... 1 more
Caused by: org.apache.ratis.thirdparty.io.netty.channel.AbstractChannel$AnnotatedConnectException: Connection refused: /192.168.36.106:46026
	at sun.nio.ch.SocketChannelImpl.checkConnect(Native Method)
	at sun.nio.ch.SocketChannelImpl.finishConnect(SocketChannelImpl.java:717)
	at org.apache.ratis.thirdparty.io.netty.channel.socket.nio.NioSocketChannel.doFinishConnect(NioSocketChannel.java:327)
	at org.apache.ratis.thirdparty.io.netty.channel.nio.AbstractNioChannel$AbstractNioUnsafe.finishConnect(AbstractNioChannel.java:340)
	at org.apache.ratis.thirdparty.io.netty.channel.nio.NioEventLoop.processSelectedKey(NioEventLoop.java:632)
	at org.apache.ratis.thirdparty.io.netty.channel.nio.NioEventLoop.processSelectedKeysOptimized(NioEventLoop.java:579)
	at org.apache.ratis.thirdparty.io.netty.channel.nio.NioEventLoop.processSelectedKeys(NioEventLoop.java:496)
	at org.apache.ratis.thirdparty.io.netty.channel.nio.NioEventLoop.run(NioEventLoop.java:458)
	at org.apache.ratis.thirdparty.io.netty.util.concurrent.SingleThreadEventExecutor$5.run(SingleThreadEventExecutor.java:897)
	at org.apache.ratis.thirdparty.io.netty.util.concurrent.FastThreadLocalRunnable.run(FastThreadLocalRunnable.java:30)
	... 1 more
Caused by: java.net.ConnectException: Connection refused
	... 11 more
2019-08-30 03:48:12,898 [411242e4-7603-4235-b66c-08546d6d220d:group-F2B43FCFF49B:LeaderElection81] INFO  impl.LeaderElection (LeaderElection.java:askForVotes(181)) - 411242e4-7603-4235-b66c-08546d6d220d:group-F2B43FCFF49B:LeaderElection81: begin an election at term 3 for 0: [be188c32-466c-43f9-97ae-301f6c786ce6:192.168.36.106:46026, 2f6b521d-5d5d-44f9-9b20-650b7881613d:192.168.36.106:34675, 411242e4-7603-4235-b66c-08546d6d220d:192.168.36.106:35846], old=null
2019-08-30 03:48:12,899 [2f6b521d-5d5d-44f9-9b20-650b7881613d:group-F2B43FCFF49B:LeaderElection80] INFO  impl.LeaderElection (LeaderElection.java:logAndReturn(56)) - 2f6b521d-5d5d-44f9-9b20-650b7881613d:group-F2B43FCFF49B:LeaderElection80: Election REJECTED; received 1 response(s) [2f6b521d-5d5d-44f9-9b20-650b7881613d<-411242e4-7603-4235-b66c-08546d6d220d#0:FAIL-t3] and 1 exception(s); 2f6b521d-5d5d-44f9-9b20-650b7881613d:t3, leader=null, voted=2f6b521d-5d5d-44f9-9b20-650b7881613d, raftlog=2f6b521d-5d5d-44f9-9b20-650b7881613d-SegmentedRaftLog:OPENED:c14,f14,i14, conf=0: [be188c32-466c-43f9-97ae-301f6c786ce6:192.168.36.106:46026, 2f6b521d-5d5d-44f9-9b20-650b7881613d:192.168.36.106:34675, 411242e4-7603-4235-b66c-08546d6d220d:192.168.36.106:35846], old=null
2019-08-30 03:48:12,900 [2f6b521d-5d5d-44f9-9b20-650b7881613d:group-F2B43FCFF49B:LeaderElection80] INFO  impl.LeaderElection (LogUtils.java:infoOrTrace(149)) -   Exception 0: {}
java.util.concurrent.ExecutionException: org.apache.ratis.thirdparty.io.grpc.StatusRuntimeException: UNAVAILABLE: io exception
	at java.util.concurrent.FutureTask.report(FutureTask.java:122)
	at java.util.concurrent.FutureTask.get(FutureTask.java:192)
	at org.apache.ratis.server.impl.LeaderElection.waitForResults(LeaderElection.java:262)
	at org.apache.ratis.server.impl.LeaderElection.askForVotes(LeaderElection.java:200)
	at org.apache.ratis.server.impl.LeaderElection.run(LeaderElection.java:130)
	at java.lang.Thread.run(Thread.java:748)
Caused by: org.apache.ratis.thirdparty.io.grpc.StatusRuntimeException: UNAVAILABLE: io exception
	at org.apache.ratis.thirdparty.io.grpc.stub.ClientCalls.toStatusRuntimeException(ClientCalls.java:233)
	at org.apache.ratis.thirdparty.io.grpc.stub.ClientCalls.getUnchecked(ClientCalls.java:214)
	at org.apache.ratis.thirdparty.io.grpc.stub.ClientCalls.blockingUnaryCall(ClientCalls.java:139)
	at org.apache.ratis.proto.grpc.RaftServerProtocolServiceGrpc$RaftServerProtocolServiceBlockingStub.requestVote(RaftServerProtocolServiceGrpc.java:265)
	at org.apache.ratis.grpc.server.GrpcServerProtocolClient.requestVote(GrpcServerProtocolClient.java:83)
	at org.apache.ratis.grpc.server.GrpcService.requestVote(GrpcService.java:195)
	at org.apache.ratis.server.impl.LeaderElection.lambda$submitRequests$1(LeaderElection.java:237)
	at java.util.concurrent.FutureTask.run(FutureTask.java:266)
	at java.util.concurrent.Executors$RunnableAdapter.call(Executors.java:511)
	at java.util.concurrent.FutureTask.run(FutureTask.java:266)
	at java.util.concurrent.ThreadPoolExecutor.runWorker(ThreadPoolExecutor.java:1149)
	at java.util.concurrent.ThreadPoolExecutor$Worker.run(ThreadPoolExecutor.java:624)
	... 1 more
Caused by: org.apache.ratis.thirdparty.io.netty.channel.AbstractChannel$AnnotatedConnectException: Connection refused: /192.168.36.106:46026
	at sun.nio.ch.SocketChannelImpl.checkConnect(Native Method)
	at sun.nio.ch.SocketChannelImpl.finishConnect(SocketChannelImpl.java:717)
	at org.apache.ratis.thirdparty.io.netty.channel.socket.nio.NioSocketChannel.doFinishConnect(NioSocketChannel.java:327)
	at org.apache.ratis.thirdparty.io.netty.channel.nio.AbstractNioChannel$AbstractNioUnsafe.finishConnect(AbstractNioChannel.java:340)
	at org.apache.ratis.thirdparty.io.netty.channel.nio.NioEventLoop.processSelectedKey(NioEventLoop.java:632)
	at org.apache.ratis.thirdparty.io.netty.channel.nio.NioEventLoop.processSelectedKeysOptimized(NioEventLoop.java:579)
	at org.apache.ratis.thirdparty.io.netty.channel.nio.NioEventLoop.processSelectedKeys(NioEventLoop.java:496)
	at org.apache.ratis.thirdparty.io.netty.channel.nio.NioEventLoop.run(NioEventLoop.java:458)
	at org.apache.ratis.thirdparty.io.netty.util.concurrent.SingleThreadEventExecutor$5.run(SingleThreadEventExecutor.java:897)
	at org.apache.ratis.thirdparty.io.netty.util.concurrent.FastThreadLocalRunnable.run(FastThreadLocalRunnable.java:30)
	... 1 more
Caused by: java.net.ConnectException: Connection refused
	... 11 more
2019-08-30 03:48:12,900 [2f6b521d-5d5d-44f9-9b20-650b7881613d:group-F2B43FCFF49B:LeaderElection80] INFO  impl.RaftServerImpl (RaftServerImpl.java:setRole(171)) - 2f6b521d-5d5d-44f9-9b20-650b7881613d:group-F2B43FCFF49B changes role from CANDIDATE to FOLLOWER at term 3 for DISCOVERED_A_NEW_TERM
2019-08-30 03:48:12,900 [411242e4-7603-4235-b66c-08546d6d220d:group-F2B43FCFF49B:LeaderElection81] INFO  impl.LeaderElection (LogUtils.java:infoOrTrace(149)) - 411242e4-7603-4235-b66c-08546d6d220d:group-F2B43FCFF49B:LeaderElection81 got exception when requesting votes: {}
java.util.concurrent.ExecutionException: org.apache.ratis.thirdparty.io.grpc.StatusRuntimeException: UNAVAILABLE: io exception
	at java.util.concurrent.FutureTask.report(FutureTask.java:122)
	at java.util.concurrent.FutureTask.get(FutureTask.java:192)
	at org.apache.ratis.server.impl.LeaderElection.waitForResults(LeaderElection.java:262)
	at org.apache.ratis.server.impl.LeaderElection.askForVotes(LeaderElection.java:200)
	at org.apache.ratis.server.impl.LeaderElection.run(LeaderElection.java:130)
	at java.lang.Thread.run(Thread.java:748)
Caused by: org.apache.ratis.thirdparty.io.grpc.StatusRuntimeException: UNAVAILABLE: io exception
	at org.apache.ratis.thirdparty.io.grpc.stub.ClientCalls.toStatusRuntimeException(ClientCalls.java:233)
	at org.apache.ratis.thirdparty.io.grpc.stub.ClientCalls.getUnchecked(ClientCalls.java:214)
	at org.apache.ratis.thirdparty.io.grpc.stub.ClientCalls.blockingUnaryCall(ClientCalls.java:139)
	at org.apache.ratis.proto.grpc.RaftServerProtocolServiceGrpc$RaftServerProtocolServiceBlockingStub.requestVote(RaftServerProtocolServiceGrpc.java:265)
	at org.apache.ratis.grpc.server.GrpcServerProtocolClient.requestVote(GrpcServerProtocolClient.java:83)
	at org.apache.ratis.grpc.server.GrpcService.requestVote(GrpcService.java:195)
	at org.apache.ratis.server.impl.LeaderElection.lambda$submitRequests$1(LeaderElection.java:237)
	at java.util.concurrent.FutureTask.run(FutureTask.java:266)
	at java.util.concurrent.Executors$RunnableAdapter.call(Executors.java:511)
	at java.util.concurrent.FutureTask.run(FutureTask.java:266)
	at java.util.concurrent.ThreadPoolExecutor.runWorker(ThreadPoolExecutor.java:1149)
	at java.util.concurrent.ThreadPoolExecutor$Worker.run(ThreadPoolExecutor.java:624)
	... 1 more
Caused by: org.apache.ratis.thirdparty.io.netty.channel.AbstractChannel$AnnotatedConnectException: Connection refused: /192.168.36.106:46026
	at sun.nio.ch.SocketChannelImpl.checkConnect(Native Method)
	at sun.nio.ch.SocketChannelImpl.finishConnect(SocketChannelImpl.java:717)
	at org.apache.ratis.thirdparty.io.netty.channel.socket.nio.NioSocketChannel.doFinishConnect(NioSocketChannel.java:327)
	at org.apache.ratis.thirdparty.io.netty.channel.nio.AbstractNioChannel$AbstractNioUnsafe.finishConnect(AbstractNioChannel.java:340)
	at org.apache.ratis.thirdparty.io.netty.channel.nio.NioEventLoop.processSelectedKey(NioEventLoop.java:632)
	at org.apache.ratis.thirdparty.io.netty.channel.nio.NioEventLoop.processSelectedKeysOptimized(NioEventLoop.java:579)
	at org.apache.ratis.thirdparty.io.netty.channel.nio.NioEventLoop.processSelectedKeys(NioEventLoop.java:496)
	at org.apache.ratis.thirdparty.io.netty.channel.nio.NioEventLoop.run(NioEventLoop.java:458)
	at org.apache.ratis.thirdparty.io.netty.util.concurrent.SingleThreadEventExecutor$5.run(SingleThreadEventExecutor.java:897)
	at org.apache.ratis.thirdparty.io.netty.util.concurrent.FastThreadLocalRunnable.run(FastThreadLocalRunnable.java:30)
	... 1 more
Caused by: java.net.ConnectException: Connection refused
	... 11 more
2019-08-30 03:48:12,900 [2f6b521d-5d5d-44f9-9b20-650b7881613d:group-F2B43FCFF49B:LeaderElection80] INFO  impl.RoleInfo (RoleInfo.java:shutdownLeaderElection(134)) - 2f6b521d-5d5d-44f9-9b20-650b7881613d: shutdown LeaderElection
2019-08-30 03:48:12,903 [2f6b521d-5d5d-44f9-9b20-650b7881613d:group-F2B43FCFF49B:LeaderElection80] INFO  impl.RoleInfo (RoleInfo.java:updateAndGet(143)) - 2f6b521d-5d5d-44f9-9b20-650b7881613d: start FollowerState
2019-08-30 03:48:12,905 [411242e4-7603-4235-b66c-08546d6d220d:group-F2B43FCFF49B:LeaderElection81] INFO  impl.LeaderElection (LeaderElection.java:logAndReturn(56)) - 411242e4-7603-4235-b66c-08546d6d220d:group-F2B43FCFF49B:LeaderElection81: Election REJECTED; received 1 response(s) [411242e4-7603-4235-b66c-08546d6d220d<-2f6b521d-5d5d-44f9-9b20-650b7881613d#0:FAIL-t3] and 1 exception(s); 411242e4-7603-4235-b66c-08546d6d220d:t3, leader=null, voted=411242e4-7603-4235-b66c-08546d6d220d, raftlog=411242e4-7603-4235-b66c-08546d6d220d-SegmentedRaftLog:OPENED:c14,f14,i14, conf=0: [be188c32-466c-43f9-97ae-301f6c786ce6:192.168.36.106:46026, 2f6b521d-5d5d-44f9-9b20-650b7881613d:192.168.36.106:34675, 411242e4-7603-4235-b66c-08546d6d220d:192.168.36.106:35846], old=null
2019-08-30 03:48:12,905 [411242e4-7603-4235-b66c-08546d6d220d:group-F2B43FCFF49B:LeaderElection81] INFO  impl.LeaderElection (LogUtils.java:infoOrTrace(149)) -   Exception 0: {}
java.util.concurrent.ExecutionException: org.apache.ratis.thirdparty.io.grpc.StatusRuntimeException: UNAVAILABLE: io exception
	at java.util.concurrent.FutureTask.report(FutureTask.java:122)
	at java.util.concurrent.FutureTask.get(FutureTask.java:192)
	at org.apache.ratis.server.impl.LeaderElection.waitForResults(LeaderElection.java:262)
	at org.apache.ratis.server.impl.LeaderElection.askForVotes(LeaderElection.java:200)
	at org.apache.ratis.server.impl.LeaderElection.run(LeaderElection.java:130)
	at java.lang.Thread.run(Thread.java:748)
Caused by: org.apache.ratis.thirdparty.io.grpc.StatusRuntimeException: UNAVAILABLE: io exception
	at org.apache.ratis.thirdparty.io.grpc.stub.ClientCalls.toStatusRuntimeException(ClientCalls.java:233)
	at org.apache.ratis.thirdparty.io.grpc.stub.ClientCalls.getUnchecked(ClientCalls.java:214)
	at org.apache.ratis.thirdparty.io.grpc.stub.ClientCalls.blockingUnaryCall(ClientCalls.java:139)
	at org.apache.ratis.proto.grpc.RaftServerProtocolServiceGrpc$RaftServerProtocolServiceBlockingStub.requestVote(RaftServerProtocolServiceGrpc.java:265)
	at org.apache.ratis.grpc.server.GrpcServerProtocolClient.requestVote(GrpcServerProtocolClient.java:83)
	at org.apache.ratis.grpc.server.GrpcService.requestVote(GrpcService.java:195)
	at org.apache.ratis.server.impl.LeaderElection.lambda$submitRequests$1(LeaderElection.java:237)
	at java.util.concurrent.FutureTask.run(FutureTask.java:266)
	at java.util.concurrent.Executors$RunnableAdapter.call(Executors.java:511)
	at java.util.concurrent.FutureTask.run(FutureTask.java:266)
	at java.util.concurrent.ThreadPoolExecutor.runWorker(ThreadPoolExecutor.java:1149)
	at java.util.concurrent.ThreadPoolExecutor$Worker.run(ThreadPoolExecutor.java:624)
	... 1 more
Caused by: org.apache.ratis.thirdparty.io.netty.channel.AbstractChannel$AnnotatedConnectException: Connection refused: /192.168.36.106:46026
	at sun.nio.ch.SocketChannelImpl.checkConnect(Native Method)
	at sun.nio.ch.SocketChannelImpl.finishConnect(SocketChannelImpl.java:717)
	at org.apache.ratis.thirdparty.io.netty.channel.socket.nio.NioSocketChannel.doFinishConnect(NioSocketChannel.java:327)
	at org.apache.ratis.thirdparty.io.netty.channel.nio.AbstractNioChannel$AbstractNioUnsafe.finishConnect(AbstractNioChannel.java:340)
	at org.apache.ratis.thirdparty.io.netty.channel.nio.NioEventLoop.processSelectedKey(NioEventLoop.java:632)
	at org.apache.ratis.thirdparty.io.netty.channel.nio.NioEventLoop.processSelectedKeysOptimized(NioEventLoop.java:579)
	at org.apache.ratis.thirdparty.io.netty.channel.nio.NioEventLoop.processSelectedKeys(NioEventLoop.java:496)
	at org.apache.ratis.thirdparty.io.netty.channel.nio.NioEventLoop.run(NioEventLoop.java:458)
	at org.apache.ratis.thirdparty.io.netty.util.concurrent.SingleThreadEventExecutor$5.run(SingleThreadEventExecutor.java:897)
	at org.apache.ratis.thirdparty.io.netty.util.concurrent.FastThreadLocalRunnable.run(FastThreadLocalRunnable.java:30)
	... 1 more
Caused by: java.net.ConnectException: Connection refused
	... 11 more
2019-08-30 03:48:12,905 [411242e4-7603-4235-b66c-08546d6d220d:group-F2B43FCFF49B:LeaderElection81] INFO  impl.RaftServerImpl (RaftServerImpl.java:setRole(171)) - 411242e4-7603-4235-b66c-08546d6d220d:group-F2B43FCFF49B changes role from CANDIDATE to FOLLOWER at term 3 for DISCOVERED_A_NEW_TERM
2019-08-30 03:48:12,905 [411242e4-7603-4235-b66c-08546d6d220d:group-F2B43FCFF49B:LeaderElection81] INFO  impl.RoleInfo (RoleInfo.java:shutdownLeaderElection(134)) - 411242e4-7603-4235-b66c-08546d6d220d: shutdown LeaderElection
2019-08-30 03:48:12,905 [411242e4-7603-4235-b66c-08546d6d220d:group-F2B43FCFF49B:LeaderElection81] INFO  impl.RoleInfo (RoleInfo.java:updateAndGet(143)) - 411242e4-7603-4235-b66c-08546d6d220d: start FollowerState
2019-08-30 03:48:12,908 | INFO  | SCMAudit | user=jenkins1000 | ip=192.168.36.106 | op=SEND_HEARTBEAT {datanodeUUID=b4322056-cf8e-4481-ab52-49b414438035, command=[]} | ret=SUCCESS |  
2019-08-30 03:48:13,107 | INFO  | SCMAudit | user=jenkins1000 | ip=192.168.36.106 | op=SEND_HEARTBEAT {datanodeUUID=088a888b-9e0f-4a9e-b54c-3d2c1c29e9f5, command=[]} | ret=SUCCESS |  
2019-08-30 03:48:13,425 | INFO  | SCMAudit | user=jenkins1000 | ip=192.168.36.106 | op=SEND_HEARTBEAT {datanodeUUID=411242e4-7603-4235-b66c-08546d6d220d, command=[]} | ret=SUCCESS |  
2019-08-30 03:48:13,426 | INFO  | SCMAudit | user=jenkins1000 | ip=192.168.36.106 | op=SEND_HEARTBEAT {datanodeUUID=2f6b521d-5d5d-44f9-9b20-650b7881613d, command=[]} | ret=SUCCESS |  
2019-08-30 03:48:13,510 | INFO  | SCMAudit | user=jenkins1000 | ip=192.168.36.106 | op=SEND_HEARTBEAT {datanodeUUID=1a924af3-a664-4014-9ecf-70089b07935e, command=[]} | ret=SUCCESS |  
2019-08-30 03:48:13,726 | INFO  | SCMAudit | user=jenkins1000 | ip=192.168.36.106 | op=SEND_HEARTBEAT {datanodeUUID=cc647f08-9ea0-4a2f-993e-2fedd32829f9, command=[]} | ret=SUCCESS |  
2019-08-30 03:48:13,753 [grpc-default-executor-0] INFO  client.GrpcClientProtocolClient (GrpcClientProtocolClient.java:onNext(255)) - client-31C6FE845455->2f6b521d-5d5d-44f9-9b20-650b7881613d: receive RaftClientReply:client-31C6FE845455->2f6b521d-5d5d-44f9-9b20-650b7881613d@group-F2B43FCFF49B, cid=177, FAILED org.apache.ratis.protocol.NotLeaderException: Server 2f6b521d-5d5d-44f9-9b20-650b7881613d is not the leader (null). Request must be sent to leader., logIndex=0, commits[2f6b521d-5d5d-44f9-9b20-650b7881613d:c14, be188c32-466c-43f9-97ae-301f6c786ce6:c14, 411242e4-7603-4235-b66c-08546d6d220d:c14]
2019-08-30 03:48:13,908 | INFO  | SCMAudit | user=jenkins1000 | ip=192.168.36.106 | op=SEND_HEARTBEAT {datanodeUUID=b4322056-cf8e-4481-ab52-49b414438035, command=[]} | ret=SUCCESS |  
2019-08-30 03:48:14,108 | INFO  | SCMAudit | user=jenkins1000 | ip=192.168.36.106 | op=SEND_HEARTBEAT {datanodeUUID=088a888b-9e0f-4a9e-b54c-3d2c1c29e9f5, command=[]} | ret=SUCCESS |  
2019-08-30 03:48:14,424 | INFO  | SCMAudit | user=jenkins1000 | ip=192.168.36.106 | op=SEND_HEARTBEAT {datanodeUUID=411242e4-7603-4235-b66c-08546d6d220d, command=[]} | ret=SUCCESS |  
2019-08-30 03:48:14,427 | INFO  | SCMAudit | user=jenkins1000 | ip=192.168.36.106 | op=SEND_HEARTBEAT {datanodeUUID=2f6b521d-5d5d-44f9-9b20-650b7881613d, command=[]} | ret=SUCCESS |  
2019-08-30 03:48:14,511 | INFO  | SCMAudit | user=jenkins1000 | ip=192.168.36.106 | op=SEND_HEARTBEAT {datanodeUUID=1a924af3-a664-4014-9ecf-70089b07935e, command=[]} | ret=SUCCESS |  
2019-08-30 03:48:14,726 | INFO  | SCMAudit | user=jenkins1000 | ip=192.168.36.106 | op=SEND_HEARTBEAT {datanodeUUID=cc647f08-9ea0-4a2f-993e-2fedd32829f9, command=[]} | ret=SUCCESS |  
2019-08-30 03:48:14,908 | INFO  | SCMAudit | user=jenkins1000 | ip=192.168.36.106 | op=SEND_HEARTBEAT {datanodeUUID=b4322056-cf8e-4481-ab52-49b414438035, command=[]} | ret=SUCCESS |  
2019-08-30 03:48:15,108 | INFO  | SCMAudit | user=jenkins1000 | ip=192.168.36.106 | op=SEND_HEARTBEAT {datanodeUUID=088a888b-9e0f-4a9e-b54c-3d2c1c29e9f5, command=[]} | ret=SUCCESS |  
2019-08-30 03:48:15,424 | INFO  | SCMAudit | user=jenkins1000 | ip=192.168.36.106 | op=SEND_HEARTBEAT {datanodeUUID=411242e4-7603-4235-b66c-08546d6d220d, command=[]} | ret=SUCCESS |  
2019-08-30 03:48:15,427 | INFO  | SCMAudit | user=jenkins1000 | ip=192.168.36.106 | op=SEND_HEARTBEAT {datanodeUUID=2f6b521d-5d5d-44f9-9b20-650b7881613d, command=[]} | ret=SUCCESS |  
2019-08-30 03:48:15,511 | INFO  | SCMAudit | user=jenkins1000 | ip=192.168.36.106 | op=SEND_HEARTBEAT {datanodeUUID=1a924af3-a664-4014-9ecf-70089b07935e, command=[]} | ret=SUCCESS |  
2019-08-30 03:48:15,725 | INFO  | SCMAudit | user=jenkins1000 | ip=192.168.36.106 | op=SEND_HEARTBEAT {datanodeUUID=cc647f08-9ea0-4a2f-993e-2fedd32829f9, command=[]} | ret=SUCCESS |  
2019-08-30 03:48:15,765 [grpc-default-executor-5] INFO  client.GrpcClientProtocolClient (GrpcClientProtocolClient.java:onNext(255)) - client-31C6FE845455->2f6b521d-5d5d-44f9-9b20-650b7881613d: receive RaftClientReply:client-31C6FE845455->2f6b521d-5d5d-44f9-9b20-650b7881613d@group-F2B43FCFF49B, cid=177, FAILED org.apache.ratis.protocol.NotLeaderException: Server 2f6b521d-5d5d-44f9-9b20-650b7881613d is not the leader (null). Request must be sent to leader., logIndex=0, commits[2f6b521d-5d5d-44f9-9b20-650b7881613d:c14, be188c32-466c-43f9-97ae-301f6c786ce6:c14, 411242e4-7603-4235-b66c-08546d6d220d:c14]
2019-08-30 03:48:15,909 | INFO  | SCMAudit | user=jenkins1000 | ip=192.168.36.106 | op=SEND_HEARTBEAT {datanodeUUID=b4322056-cf8e-4481-ab52-49b414438035, command=[]} | ret=SUCCESS |  
2019-08-30 03:48:16,108 | INFO  | SCMAudit | user=jenkins1000 | ip=192.168.36.106 | op=SEND_HEARTBEAT {datanodeUUID=088a888b-9e0f-4a9e-b54c-3d2c1c29e9f5, command=[]} | ret=SUCCESS |  
2019-08-30 03:48:16,424 | INFO  | SCMAudit | user=jenkins1000 | ip=192.168.36.106 | op=SEND_HEARTBEAT {datanodeUUID=411242e4-7603-4235-b66c-08546d6d220d, command=[]} | ret=SUCCESS |  
2019-08-30 03:48:16,426 | INFO  | SCMAudit | user=jenkins1000 | ip=192.168.36.106 | op=SEND_HEARTBEAT {datanodeUUID=2f6b521d-5d5d-44f9-9b20-650b7881613d, command=[]} | ret=SUCCESS |  
2019-08-30 03:48:16,511 | INFO  | SCMAudit | user=jenkins1000 | ip=192.168.36.106 | op=SEND_HEARTBEAT {datanodeUUID=1a924af3-a664-4014-9ecf-70089b07935e, command=[]} | ret=SUCCESS |  
2019-08-30 03:48:16,725 | INFO  | SCMAudit | user=jenkins1000 | ip=192.168.36.106 | op=SEND_HEARTBEAT {datanodeUUID=cc647f08-9ea0-4a2f-993e-2fedd32829f9, command=[]} | ret=SUCCESS |  
2019-08-30 03:48:16,773 [grpc-default-executor-5] INFO  client.GrpcClientProtocolClient (GrpcClientProtocolClient.java:onNext(255)) - client-31C6FE845455->411242e4-7603-4235-b66c-08546d6d220d: receive RaftClientReply:client-31C6FE845455->411242e4-7603-4235-b66c-08546d6d220d@group-F2B43FCFF49B, cid=177, FAILED org.apache.ratis.protocol.NotLeaderException: Server 411242e4-7603-4235-b66c-08546d6d220d is not the leader (null). Request must be sent to leader., logIndex=0, commits[411242e4-7603-4235-b66c-08546d6d220d:c14, be188c32-466c-43f9-97ae-301f6c786ce6:c14, 2f6b521d-5d5d-44f9-9b20-650b7881613d:c14]
2019-08-30 03:48:16,909 | INFO  | SCMAudit | user=jenkins1000 | ip=192.168.36.106 | op=SEND_HEARTBEAT {datanodeUUID=b4322056-cf8e-4481-ab52-49b414438035, command=[]} | ret=SUCCESS |  
2019-08-30 03:48:17,108 | INFO  | SCMAudit | user=jenkins1000 | ip=192.168.36.106 | op=SEND_HEARTBEAT {datanodeUUID=088a888b-9e0f-4a9e-b54c-3d2c1c29e9f5, command=[]} | ret=SUCCESS |  
2019-08-30 03:48:17,424 | INFO  | SCMAudit | user=jenkins1000 | ip=192.168.36.106 | op=SEND_HEARTBEAT {datanodeUUID=411242e4-7603-4235-b66c-08546d6d220d, command=[]} | ret=SUCCESS |  
2019-08-30 03:48:17,426 | INFO  | SCMAudit | user=jenkins1000 | ip=192.168.36.106 | op=SEND_HEARTBEAT {datanodeUUID=2f6b521d-5d5d-44f9-9b20-650b7881613d, command=[]} | ret=SUCCESS |  
2019-08-30 03:48:17,510 | INFO  | SCMAudit | user=jenkins1000 | ip=192.168.36.106 | op=SEND_HEARTBEAT {datanodeUUID=1a924af3-a664-4014-9ecf-70089b07935e, command=[]} | ret=SUCCESS |  
2019-08-30 03:48:17,725 | INFO  | SCMAudit | user=jenkins1000 | ip=192.168.36.106 | op=SEND_HEARTBEAT {datanodeUUID=cc647f08-9ea0-4a2f-993e-2fedd32829f9, command=[]} | ret=SUCCESS |  
2019-08-30 03:48:17,780 [grpc-default-executor-3] INFO  client.GrpcClientProtocolClient (GrpcClientProtocolClient.java:onNext(255)) - client-31C6FE845455->2f6b521d-5d5d-44f9-9b20-650b7881613d: receive RaftClientReply:client-31C6FE845455->2f6b521d-5d5d-44f9-9b20-650b7881613d@group-F2B43FCFF49B, cid=177, FAILED org.apache.ratis.protocol.NotLeaderException: Server 2f6b521d-5d5d-44f9-9b20-650b7881613d is not the leader (null). Request must be sent to leader., logIndex=0, commits[2f6b521d-5d5d-44f9-9b20-650b7881613d:c14, be188c32-466c-43f9-97ae-301f6c786ce6:c14, 411242e4-7603-4235-b66c-08546d6d220d:c14]
2019-08-30 03:48:17,909 | INFO  | SCMAudit | user=jenkins1000 | ip=192.168.36.106 | op=SEND_HEARTBEAT {datanodeUUID=b4322056-cf8e-4481-ab52-49b414438035, command=[]} | ret=SUCCESS |  
2019-08-30 03:48:17,918 [Thread-3770] INFO  impl.FollowerState (FollowerState.java:run(106)) - 411242e4-7603-4235-b66c-08546d6d220d:group-F2B43FCFF49B changes to CANDIDATE, lastRpcTime:5012, electionTimeout:5012ms
2019-08-30 03:48:17,918 [Thread-3770] INFO  impl.RoleInfo (RoleInfo.java:shutdownFollowerState(121)) - 411242e4-7603-4235-b66c-08546d6d220d: shutdown FollowerState
2019-08-30 03:48:17,918 [Thread-3770] INFO  impl.RaftServerImpl (RaftServerImpl.java:setRole(171)) - 411242e4-7603-4235-b66c-08546d6d220d:group-F2B43FCFF49B changes role from FOLLOWER to CANDIDATE at term 3 for changeToCandidate
2019-08-30 03:48:17,918 [Thread-3770] INFO  impl.RoleInfo (RoleInfo.java:updateAndGet(143)) - 411242e4-7603-4235-b66c-08546d6d220d: start LeaderElection
2019-08-30 03:48:17,949 [Thread-3769] INFO  impl.FollowerState (FollowerState.java:run(106)) - 2f6b521d-5d5d-44f9-9b20-650b7881613d:group-F2B43FCFF49B changes to CANDIDATE, lastRpcTime:5045, electionTimeout:5045ms
2019-08-30 03:48:17,949 [Thread-3769] INFO  impl.RoleInfo (RoleInfo.java:shutdownFollowerState(121)) - 2f6b521d-5d5d-44f9-9b20-650b7881613d: shutdown FollowerState
2019-08-30 03:48:17,949 [Thread-3769] INFO  impl.RaftServerImpl (RaftServerImpl.java:setRole(171)) - 2f6b521d-5d5d-44f9-9b20-650b7881613d:group-F2B43FCFF49B changes role from FOLLOWER to CANDIDATE at term 3 for changeToCandidate
2019-08-30 03:48:17,949 [Thread-3769] INFO  impl.RoleInfo (RoleInfo.java:updateAndGet(143)) - 2f6b521d-5d5d-44f9-9b20-650b7881613d: start LeaderElection
2019-08-30 03:48:18,022 [2f6b521d-5d5d-44f9-9b20-650b7881613d:group-F2B43FCFF49B:LeaderElection83] INFO  impl.LeaderElection (LeaderElection.java:askForVotes(181)) - 2f6b521d-5d5d-44f9-9b20-650b7881613d:group-F2B43FCFF49B:LeaderElection83: begin an election at term 4 for 0: [be188c32-466c-43f9-97ae-301f6c786ce6:192.168.36.106:46026, 2f6b521d-5d5d-44f9-9b20-650b7881613d:192.168.36.106:34675, 411242e4-7603-4235-b66c-08546d6d220d:192.168.36.106:35846], old=null
2019-08-30 03:48:18,022 [411242e4-7603-4235-b66c-08546d6d220d:group-F2B43FCFF49B:LeaderElection82] INFO  impl.LeaderElection (LeaderElection.java:askForVotes(181)) - 411242e4-7603-4235-b66c-08546d6d220d:group-F2B43FCFF49B:LeaderElection82: begin an election at term 4 for 0: [be188c32-466c-43f9-97ae-301f6c786ce6:192.168.36.106:46026, 2f6b521d-5d5d-44f9-9b20-650b7881613d:192.168.36.106:34675, 411242e4-7603-4235-b66c-08546d6d220d:192.168.36.106:35846], old=null
2019-08-30 03:48:18,023 [411242e4-7603-4235-b66c-08546d6d220d:group-F2B43FCFF49B:LeaderElection82] INFO  impl.LeaderElection (LogUtils.java:infoOrTrace(149)) - 411242e4-7603-4235-b66c-08546d6d220d:group-F2B43FCFF49B:LeaderElection82 got exception when requesting votes: {}
java.util.concurrent.ExecutionException: org.apache.ratis.thirdparty.io.grpc.StatusRuntimeException: UNAVAILABLE: io exception
	at java.util.concurrent.FutureTask.report(FutureTask.java:122)
	at java.util.concurrent.FutureTask.get(FutureTask.java:192)
	at org.apache.ratis.server.impl.LeaderElection.waitForResults(LeaderElection.java:262)
	at org.apache.ratis.server.impl.LeaderElection.askForVotes(LeaderElection.java:200)
	at org.apache.ratis.server.impl.LeaderElection.run(LeaderElection.java:130)
	at java.lang.Thread.run(Thread.java:748)
Caused by: org.apache.ratis.thirdparty.io.grpc.StatusRuntimeException: UNAVAILABLE: io exception
	at org.apache.ratis.thirdparty.io.grpc.stub.ClientCalls.toStatusRuntimeException(ClientCalls.java:233)
	at org.apache.ratis.thirdparty.io.grpc.stub.ClientCalls.getUnchecked(ClientCalls.java:214)
	at org.apache.ratis.thirdparty.io.grpc.stub.ClientCalls.blockingUnaryCall(ClientCalls.java:139)
	at org.apache.ratis.proto.grpc.RaftServerProtocolServiceGrpc$RaftServerProtocolServiceBlockingStub.requestVote(RaftServerProtocolServiceGrpc.java:265)
	at org.apache.ratis.grpc.server.GrpcServerProtocolClient.requestVote(GrpcServerProtocolClient.java:83)
	at org.apache.ratis.grpc.server.GrpcService.requestVote(GrpcService.java:195)
	at org.apache.ratis.server.impl.LeaderElection.lambda$submitRequests$1(LeaderElection.java:237)
	at java.util.concurrent.FutureTask.run(FutureTask.java:266)
	at java.util.concurrent.Executors$RunnableAdapter.call(Executors.java:511)
	at java.util.concurrent.FutureTask.run(FutureTask.java:266)
	at java.util.concurrent.ThreadPoolExecutor.runWorker(ThreadPoolExecutor.java:1149)
	at java.util.concurrent.ThreadPoolExecutor$Worker.run(ThreadPoolExecutor.java:624)
	... 1 more
Caused by: org.apache.ratis.thirdparty.io.netty.channel.AbstractChannel$AnnotatedConnectException: Connection refused: /192.168.36.106:46026
	at sun.nio.ch.SocketChannelImpl.checkConnect(Native Method)
	at sun.nio.ch.SocketChannelImpl.finishConnect(SocketChannelImpl.java:717)
	at org.apache.ratis.thirdparty.io.netty.channel.socket.nio.NioSocketChannel.doFinishConnect(NioSocketChannel.java:327)
	at org.apache.ratis.thirdparty.io.netty.channel.nio.AbstractNioChannel$AbstractNioUnsafe.finishConnect(AbstractNioChannel.java:340)
	at org.apache.ratis.thirdparty.io.netty.channel.nio.NioEventLoop.processSelectedKey(NioEventLoop.java:632)
	at org.apache.ratis.thirdparty.io.netty.channel.nio.NioEventLoop.processSelectedKeysOptimized(NioEventLoop.java:579)
	at org.apache.ratis.thirdparty.io.netty.channel.nio.NioEventLoop.processSelectedKeys(NioEventLoop.java:496)
	at org.apache.ratis.thirdparty.io.netty.channel.nio.NioEventLoop.run(NioEventLoop.java:458)
	at org.apache.ratis.thirdparty.io.netty.util.concurrent.SingleThreadEventExecutor$5.run(SingleThreadEventExecutor.java:897)
	at org.apache.ratis.thirdparty.io.netty.util.concurrent.FastThreadLocalRunnable.run(FastThreadLocalRunnable.java:30)
	... 1 more
Caused by: java.net.ConnectException: Connection refused
	... 11 more
2019-08-30 03:48:18,023 [2f6b521d-5d5d-44f9-9b20-650b7881613d:group-F2B43FCFF49B:LeaderElection83] INFO  impl.LeaderElection (LogUtils.java:infoOrTrace(149)) - 2f6b521d-5d5d-44f9-9b20-650b7881613d:group-F2B43FCFF49B:LeaderElection83 got exception when requesting votes: {}
java.util.concurrent.ExecutionException: org.apache.ratis.thirdparty.io.grpc.StatusRuntimeException: UNAVAILABLE: io exception
	at java.util.concurrent.FutureTask.report(FutureTask.java:122)
	at java.util.concurrent.FutureTask.get(FutureTask.java:192)
	at org.apache.ratis.server.impl.LeaderElection.waitForResults(LeaderElection.java:262)
	at org.apache.ratis.server.impl.LeaderElection.askForVotes(LeaderElection.java:200)
	at org.apache.ratis.server.impl.LeaderElection.run(LeaderElection.java:130)
	at java.lang.Thread.run(Thread.java:748)
Caused by: org.apache.ratis.thirdparty.io.grpc.StatusRuntimeException: UNAVAILABLE: io exception
	at org.apache.ratis.thirdparty.io.grpc.stub.ClientCalls.toStatusRuntimeException(ClientCalls.java:233)
	at org.apache.ratis.thirdparty.io.grpc.stub.ClientCalls.getUnchecked(ClientCalls.java:214)
	at org.apache.ratis.thirdparty.io.grpc.stub.ClientCalls.blockingUnaryCall(ClientCalls.java:139)
	at org.apache.ratis.proto.grpc.RaftServerProtocolServiceGrpc$RaftServerProtocolServiceBlockingStub.requestVote(RaftServerProtocolServiceGrpc.java:265)
	at org.apache.ratis.grpc.server.GrpcServerProtocolClient.requestVote(GrpcServerProtocolClient.java:83)
	at org.apache.ratis.grpc.server.GrpcService.requestVote(GrpcService.java:195)
	at org.apache.ratis.server.impl.LeaderElection.lambda$submitRequests$1(LeaderElection.java:237)
	at java.util.concurrent.FutureTask.run(FutureTask.java:266)
	at java.util.concurrent.Executors$RunnableAdapter.call(Executors.java:511)
	at java.util.concurrent.FutureTask.run(FutureTask.java:266)
	at java.util.concurrent.ThreadPoolExecutor.runWorker(ThreadPoolExecutor.java:1149)
	at java.util.concurrent.ThreadPoolExecutor$Worker.run(ThreadPoolExecutor.java:624)
	... 1 more
Caused by: org.apache.ratis.thirdparty.io.netty.channel.AbstractChannel$AnnotatedConnectException: Connection refused: /192.168.36.106:46026
	at sun.nio.ch.SocketChannelImpl.checkConnect(Native Method)
	at sun.nio.ch.SocketChannelImpl.finishConnect(SocketChannelImpl.java:717)
	at org.apache.ratis.thirdparty.io.netty.channel.socket.nio.NioSocketChannel.doFinishConnect(NioSocketChannel.java:327)
	at org.apache.ratis.thirdparty.io.netty.channel.nio.AbstractNioChannel$AbstractNioUnsafe.finishConnect(AbstractNioChannel.java:340)
	at org.apache.ratis.thirdparty.io.netty.channel.nio.NioEventLoop.processSelectedKey(NioEventLoop.java:632)
	at org.apache.ratis.thirdparty.io.netty.channel.nio.NioEventLoop.processSelectedKeysOptimized(NioEventLoop.java:579)
	at org.apache.ratis.thirdparty.io.netty.channel.nio.NioEventLoop.processSelectedKeys(NioEventLoop.java:496)
	at org.apache.ratis.thirdparty.io.netty.channel.nio.NioEventLoop.run(NioEventLoop.java:458)
	at org.apache.ratis.thirdparty.io.netty.util.concurrent.SingleThreadEventExecutor$5.run(SingleThreadEventExecutor.java:897)
	at org.apache.ratis.thirdparty.io.netty.util.concurrent.FastThreadLocalRunnable.run(FastThreadLocalRunnable.java:30)
	... 1 more
Caused by: java.net.ConnectException: Connection refused
	... 11 more
2019-08-30 03:48:18,029 [2f6b521d-5d5d-44f9-9b20-650b7881613d:group-F2B43FCFF49B:LeaderElection83] INFO  impl.LeaderElection (LeaderElection.java:logAndReturn(56)) - 2f6b521d-5d5d-44f9-9b20-650b7881613d:group-F2B43FCFF49B:LeaderElection83: Election REJECTED; received 1 response(s) [2f6b521d-5d5d-44f9-9b20-650b7881613d<-411242e4-7603-4235-b66c-08546d6d220d#0:FAIL-t4] and 1 exception(s); 2f6b521d-5d5d-44f9-9b20-650b7881613d:t4, leader=null, voted=2f6b521d-5d5d-44f9-9b20-650b7881613d, raftlog=2f6b521d-5d5d-44f9-9b20-650b7881613d-SegmentedRaftLog:OPENED:c14,f14,i14, conf=0: [be188c32-466c-43f9-97ae-301f6c786ce6:192.168.36.106:46026, 2f6b521d-5d5d-44f9-9b20-650b7881613d:192.168.36.106:34675, 411242e4-7603-4235-b66c-08546d6d220d:192.168.36.106:35846], old=null
2019-08-30 03:48:18,029 [2f6b521d-5d5d-44f9-9b20-650b7881613d:group-F2B43FCFF49B:LeaderElection83] INFO  impl.LeaderElection (LogUtils.java:infoOrTrace(149)) -   Exception 0: {}
java.util.concurrent.ExecutionException: org.apache.ratis.thirdparty.io.grpc.StatusRuntimeException: UNAVAILABLE: io exception
	at java.util.concurrent.FutureTask.report(FutureTask.java:122)
	at java.util.concurrent.FutureTask.get(FutureTask.java:192)
	at org.apache.ratis.server.impl.LeaderElection.waitForResults(LeaderElection.java:262)
	at org.apache.ratis.server.impl.LeaderElection.askForVotes(LeaderElection.java:200)
	at org.apache.ratis.server.impl.LeaderElection.run(LeaderElection.java:130)
	at java.lang.Thread.run(Thread.java:748)
Caused by: org.apache.ratis.thirdparty.io.grpc.StatusRuntimeException: UNAVAILABLE: io exception
	at org.apache.ratis.thirdparty.io.grpc.stub.ClientCalls.toStatusRuntimeException(ClientCalls.java:233)
	at org.apache.ratis.thirdparty.io.grpc.stub.ClientCalls.getUnchecked(ClientCalls.java:214)
	at org.apache.ratis.thirdparty.io.grpc.stub.ClientCalls.blockingUnaryCall(ClientCalls.java:139)
	at org.apache.ratis.proto.grpc.RaftServerProtocolServiceGrpc$RaftServerProtocolServiceBlockingStub.requestVote(RaftServerProtocolServiceGrpc.java:265)
	at org.apache.ratis.grpc.server.GrpcServerProtocolClient.requestVote(GrpcServerProtocolClient.java:83)
	at org.apache.ratis.grpc.server.GrpcService.requestVote(GrpcService.java:195)
	at org.apache.ratis.server.impl.LeaderElection.lambda$submitRequests$1(LeaderElection.java:237)
	at java.util.concurrent.FutureTask.run(FutureTask.java:266)
	at java.util.concurrent.Executors$RunnableAdapter.call(Executors.java:511)
	at java.util.concurrent.FutureTask.run(FutureTask.java:266)
	at java.util.concurrent.ThreadPoolExecutor.runWorker(ThreadPoolExecutor.java:1149)
	at java.util.concurrent.ThreadPoolExecutor$Worker.run(ThreadPoolExecutor.java:624)
	... 1 more
Caused by: org.apache.ratis.thirdparty.io.netty.channel.AbstractChannel$AnnotatedConnectException: Connection refused: /192.168.36.106:46026
	at sun.nio.ch.SocketChannelImpl.checkConnect(Native Method)
	at sun.nio.ch.SocketChannelImpl.finishConnect(SocketChannelImpl.java:717)
	at org.apache.ratis.thirdparty.io.netty.channel.socket.nio.NioSocketChannel.doFinishConnect(NioSocketChannel.java:327)
	at org.apache.ratis.thirdparty.io.netty.channel.nio.AbstractNioChannel$AbstractNioUnsafe.finishConnect(AbstractNioChannel.java:340)
	at org.apache.ratis.thirdparty.io.netty.channel.nio.NioEventLoop.processSelectedKey(NioEventLoop.java:632)
	at org.apache.ratis.thirdparty.io.netty.channel.nio.NioEventLoop.processSelectedKeysOptimized(NioEventLoop.java:579)
	at org.apache.ratis.thirdparty.io.netty.channel.nio.NioEventLoop.processSelectedKeys(NioEventLoop.java:496)
	at org.apache.ratis.thirdparty.io.netty.channel.nio.NioEventLoop.run(NioEventLoop.java:458)
	at org.apache.ratis.thirdparty.io.netty.util.concurrent.SingleThreadEventExecutor$5.run(SingleThreadEventExecutor.java:897)
	at org.apache.ratis.thirdparty.io.netty.util.concurrent.FastThreadLocalRunnable.run(FastThreadLocalRunnable.java:30)
	... 1 more
Caused by: java.net.ConnectException: Connection refused
	... 11 more
2019-08-30 03:48:18,029 [411242e4-7603-4235-b66c-08546d6d220d:group-F2B43FCFF49B:LeaderElection82] INFO  impl.LeaderElection (LeaderElection.java:logAndReturn(56)) - 411242e4-7603-4235-b66c-08546d6d220d:group-F2B43FCFF49B:LeaderElection82: Election REJECTED; received 1 response(s) [411242e4-7603-4235-b66c-08546d6d220d<-2f6b521d-5d5d-44f9-9b20-650b7881613d#0:FAIL-t4] and 1 exception(s); 411242e4-7603-4235-b66c-08546d6d220d:t4, leader=null, voted=411242e4-7603-4235-b66c-08546d6d220d, raftlog=411242e4-7603-4235-b66c-08546d6d220d-SegmentedRaftLog:OPENED:c14,f14,i14, conf=0: [be188c32-466c-43f9-97ae-301f6c786ce6:192.168.36.106:46026, 2f6b521d-5d5d-44f9-9b20-650b7881613d:192.168.36.106:34675, 411242e4-7603-4235-b66c-08546d6d220d:192.168.36.106:35846], old=null
2019-08-30 03:48:18,029 [2f6b521d-5d5d-44f9-9b20-650b7881613d:group-F2B43FCFF49B:LeaderElection83] INFO  impl.RaftServerImpl (RaftServerImpl.java:setRole(171)) - 2f6b521d-5d5d-44f9-9b20-650b7881613d:group-F2B43FCFF49B changes role from CANDIDATE to FOLLOWER at term 4 for DISCOVERED_A_NEW_TERM
2019-08-30 03:48:18,030 [411242e4-7603-4235-b66c-08546d6d220d:group-F2B43FCFF49B:LeaderElection82] INFO  impl.LeaderElection (LogUtils.java:infoOrTrace(149)) -   Exception 0: {}
java.util.concurrent.ExecutionException: org.apache.ratis.thirdparty.io.grpc.StatusRuntimeException: UNAVAILABLE: io exception
	at java.util.concurrent.FutureTask.report(FutureTask.java:122)
	at java.util.concurrent.FutureTask.get(FutureTask.java:192)
	at org.apache.ratis.server.impl.LeaderElection.waitForResults(LeaderElection.java:262)
	at org.apache.ratis.server.impl.LeaderElection.askForVotes(LeaderElection.java:200)
	at org.apache.ratis.server.impl.LeaderElection.run(LeaderElection.java:130)
	at java.lang.Thread.run(Thread.java:748)
Caused by: org.apache.ratis.thirdparty.io.grpc.StatusRuntimeException: UNAVAILABLE: io exception
	at org.apache.ratis.thirdparty.io.grpc.stub.ClientCalls.toStatusRuntimeException(ClientCalls.java:233)
	at org.apache.ratis.thirdparty.io.grpc.stub.ClientCalls.getUnchecked(ClientCalls.java:214)
	at org.apache.ratis.thirdparty.io.grpc.stub.ClientCalls.blockingUnaryCall(ClientCalls.java:139)
	at org.apache.ratis.proto.grpc.RaftServerProtocolServiceGrpc$RaftServerProtocolServiceBlockingStub.requestVote(RaftServerProtocolServiceGrpc.java:265)
	at org.apache.ratis.grpc.server.GrpcServerProtocolClient.requestVote(GrpcServerProtocolClient.java:83)
	at org.apache.ratis.grpc.server.GrpcService.requestVote(GrpcService.java:195)
	at org.apache.ratis.server.impl.LeaderElection.lambda$submitRequests$1(LeaderElection.java:237)
	at java.util.concurrent.FutureTask.run(FutureTask.java:266)
	at java.util.concurrent.Executors$RunnableAdapter.call(Executors.java:511)
	at java.util.concurrent.FutureTask.run(FutureTask.java:266)
	at java.util.concurrent.ThreadPoolExecutor.runWorker(ThreadPoolExecutor.java:1149)
	at java.util.concurrent.ThreadPoolExecutor$Worker.run(ThreadPoolExecutor.java:624)
	... 1 more
Caused by: org.apache.ratis.thirdparty.io.netty.channel.AbstractChannel$AnnotatedConnectException: Connection refused: /192.168.36.106:46026
	at sun.nio.ch.SocketChannelImpl.checkConnect(Native Method)
	at sun.nio.ch.SocketChannelImpl.finishConnect(SocketChannelImpl.java:717)
	at org.apache.ratis.thirdparty.io.netty.channel.socket.nio.NioSocketChannel.doFinishConnect(NioSocketChannel.java:327)
	at org.apache.ratis.thirdparty.io.netty.channel.nio.AbstractNioChannel$AbstractNioUnsafe.finishConnect(AbstractNioChannel.java:340)
	at org.apache.ratis.thirdparty.io.netty.channel.nio.NioEventLoop.processSelectedKey(NioEventLoop.java:632)
	at org.apache.ratis.thirdparty.io.netty.channel.nio.NioEventLoop.processSelectedKeysOptimized(NioEventLoop.java:579)
	at org.apache.ratis.thirdparty.io.netty.channel.nio.NioEventLoop.processSelectedKeys(NioEventLoop.java:496)
	at org.apache.ratis.thirdparty.io.netty.channel.nio.NioEventLoop.run(NioEventLoop.java:458)
	at org.apache.ratis.thirdparty.io.netty.util.concurrent.SingleThreadEventExecutor$5.run(SingleThreadEventExecutor.java:897)
	at org.apache.ratis.thirdparty.io.netty.util.concurrent.FastThreadLocalRunnable.run(FastThreadLocalRunnable.java:30)
	... 1 more
Caused by: java.net.ConnectException: Connection refused
	... 11 more
2019-08-30 03:48:18,030 [2f6b521d-5d5d-44f9-9b20-650b7881613d:group-F2B43FCFF49B:LeaderElection83] INFO  impl.RoleInfo (RoleInfo.java:shutdownLeaderElection(134)) - 2f6b521d-5d5d-44f9-9b20-650b7881613d: shutdown LeaderElection
2019-08-30 03:48:18,030 [411242e4-7603-4235-b66c-08546d6d220d:group-F2B43FCFF49B:LeaderElection82] INFO  impl.RaftServerImpl (RaftServerImpl.java:setRole(171)) - 411242e4-7603-4235-b66c-08546d6d220d:group-F2B43FCFF49B changes role from CANDIDATE to FOLLOWER at term 4 for DISCOVERED_A_NEW_TERM
2019-08-30 03:48:18,030 [2f6b521d-5d5d-44f9-9b20-650b7881613d:group-F2B43FCFF49B:LeaderElection83] INFO  impl.RoleInfo (RoleInfo.java:updateAndGet(143)) - 2f6b521d-5d5d-44f9-9b20-650b7881613d: start FollowerState
2019-08-30 03:48:18,030 [411242e4-7603-4235-b66c-08546d6d220d:group-F2B43FCFF49B:LeaderElection82] INFO  impl.RoleInfo (RoleInfo.java:shutdownLeaderElection(134)) - 411242e4-7603-4235-b66c-08546d6d220d: shutdown LeaderElection
2019-08-30 03:48:18,030 [411242e4-7603-4235-b66c-08546d6d220d:group-F2B43FCFF49B:LeaderElection82] INFO  impl.RoleInfo (RoleInfo.java:updateAndGet(143)) - 411242e4-7603-4235-b66c-08546d6d220d: start FollowerState
2019-08-30 03:48:18,109 | INFO  | SCMAudit | user=jenkins1000 | ip=192.168.36.106 | op=SEND_HEARTBEAT {datanodeUUID=088a888b-9e0f-4a9e-b54c-3d2c1c29e9f5, command=[]} | ret=SUCCESS |  
2019-08-30 03:48:18,424 | INFO  | SCMAudit | user=jenkins1000 | ip=192.168.36.106 | op=SEND_HEARTBEAT {datanodeUUID=411242e4-7603-4235-b66c-08546d6d220d, command=[]} | ret=SUCCESS |  
2019-08-30 03:48:18,426 | INFO  | SCMAudit | user=jenkins1000 | ip=192.168.36.106 | op=SEND_HEARTBEAT {datanodeUUID=2f6b521d-5d5d-44f9-9b20-650b7881613d, command=[]} | ret=SUCCESS |  
2019-08-30 03:48:18,510 | INFO  | SCMAudit | user=jenkins1000 | ip=192.168.36.106 | op=SEND_HEARTBEAT {datanodeUUID=1a924af3-a664-4014-9ecf-70089b07935e, command=[]} | ret=SUCCESS |  
2019-08-30 03:48:18,726 | INFO  | SCMAudit | user=jenkins1000 | ip=192.168.36.106 | op=SEND_HEARTBEAT {datanodeUUID=cc647f08-9ea0-4a2f-993e-2fedd32829f9, command=[]} | ret=SUCCESS |  
2019-08-30 03:48:18,909 | INFO  | SCMAudit | user=jenkins1000 | ip=192.168.36.106 | op=SEND_HEARTBEAT {datanodeUUID=b4322056-cf8e-4481-ab52-49b414438035, command=[]} | ret=SUCCESS |  
2019-08-30 03:48:19,110 | INFO  | SCMAudit | user=jenkins1000 | ip=192.168.36.106 | op=SEND_HEARTBEAT {datanodeUUID=088a888b-9e0f-4a9e-b54c-3d2c1c29e9f5, command=[]} | ret=SUCCESS |  
2019-08-30 03:48:19,425 | INFO  | SCMAudit | user=jenkins1000 | ip=192.168.36.106 | op=SEND_HEARTBEAT {datanodeUUID=411242e4-7603-4235-b66c-08546d6d220d, command=[]} | ret=SUCCESS |  
2019-08-30 03:48:19,427 | INFO  | SCMAudit | user=jenkins1000 | ip=192.168.36.106 | op=SEND_HEARTBEAT {datanodeUUID=2f6b521d-5d5d-44f9-9b20-650b7881613d, command=[]} | ret=SUCCESS |  
2019-08-30 03:48:19,510 | INFO  | SCMAudit | user=jenkins1000 | ip=192.168.36.106 | op=SEND_HEARTBEAT {datanodeUUID=1a924af3-a664-4014-9ecf-70089b07935e, command=[]} | ret=SUCCESS |  
2019-08-30 03:48:19,726 | INFO  | SCMAudit | user=jenkins1000 | ip=192.168.36.106 | op=SEND_HEARTBEAT {datanodeUUID=cc647f08-9ea0-4a2f-993e-2fedd32829f9, command=[]} | ret=SUCCESS |  
2019-08-30 03:48:19,791 [grpc-default-executor-0] INFO  client.GrpcClientProtocolClient (GrpcClientProtocolClient.java:onNext(255)) - client-31C6FE845455->2f6b521d-5d5d-44f9-9b20-650b7881613d: receive RaftClientReply:client-31C6FE845455->2f6b521d-5d5d-44f9-9b20-650b7881613d@group-F2B43FCFF49B, cid=177, FAILED org.apache.ratis.protocol.NotLeaderException: Server 2f6b521d-5d5d-44f9-9b20-650b7881613d is not the leader (null). Request must be sent to leader., logIndex=0, commits[2f6b521d-5d5d-44f9-9b20-650b7881613d:c14, be188c32-466c-43f9-97ae-301f6c786ce6:c14, 411242e4-7603-4235-b66c-08546d6d220d:c14]
2019-08-30 03:48:19,910 | INFO  | SCMAudit | user=jenkins1000 | ip=192.168.36.106 | op=SEND_HEARTBEAT {datanodeUUID=b4322056-cf8e-4481-ab52-49b414438035, command=[]} | ret=SUCCESS |  
2019-08-30 03:48:20,110 | INFO  | SCMAudit | user=jenkins1000 | ip=192.168.36.106 | op=SEND_HEARTBEAT {datanodeUUID=088a888b-9e0f-4a9e-b54c-3d2c1c29e9f5, command=[]} | ret=SUCCESS |  
2019-08-30 03:48:20,425 | INFO  | SCMAudit | user=jenkins1000 | ip=192.168.36.106 | op=SEND_HEARTBEAT {datanodeUUID=411242e4-7603-4235-b66c-08546d6d220d, command=[]} | ret=SUCCESS |  
2019-08-30 03:48:20,426 | INFO  | SCMAudit | user=jenkins1000 | ip=192.168.36.106 | op=SEND_HEARTBEAT {datanodeUUID=2f6b521d-5d5d-44f9-9b20-650b7881613d, command=[]} | ret=SUCCESS |  
2019-08-30 03:48:20,510 | INFO  | SCMAudit | user=jenkins1000 | ip=192.168.36.106 | op=SEND_HEARTBEAT {datanodeUUID=1a924af3-a664-4014-9ecf-70089b07935e, command=[]} | ret=SUCCESS |  
2019-08-30 03:48:20,726 | INFO  | SCMAudit | user=jenkins1000 | ip=192.168.36.106 | op=SEND_HEARTBEAT {datanodeUUID=cc647f08-9ea0-4a2f-993e-2fedd32829f9, command=[]} | ret=SUCCESS |  
2019-08-30 03:48:20,910 | INFO  | SCMAudit | user=jenkins1000 | ip=192.168.36.106 | op=SEND_HEARTBEAT {datanodeUUID=b4322056-cf8e-4481-ab52-49b414438035, command=[]} | ret=SUCCESS |  
2019-08-30 03:48:21,110 | INFO  | SCMAudit | user=jenkins1000 | ip=192.168.36.106 | op=SEND_HEARTBEAT {datanodeUUID=088a888b-9e0f-4a9e-b54c-3d2c1c29e9f5, command=[]} | ret=SUCCESS |  
2019-08-30 03:48:21,425 | INFO  | SCMAudit | user=jenkins1000 | ip=192.168.36.106 | op=SEND_HEARTBEAT {datanodeUUID=411242e4-7603-4235-b66c-08546d6d220d, command=[]} | ret=SUCCESS |  
2019-08-30 03:48:21,426 | INFO  | SCMAudit | user=jenkins1000 | ip=192.168.36.106 | op=SEND_HEARTBEAT {datanodeUUID=2f6b521d-5d5d-44f9-9b20-650b7881613d, command=[]} | ret=SUCCESS |  
2019-08-30 03:48:21,510 | INFO  | SCMAudit | user=jenkins1000 | ip=192.168.36.106 | op=SEND_HEARTBEAT {datanodeUUID=1a924af3-a664-4014-9ecf-70089b07935e, command=[]} | ret=SUCCESS |  
2019-08-30 03:48:21,726 | INFO  | SCMAudit | user=jenkins1000 | ip=192.168.36.106 | op=SEND_HEARTBEAT {datanodeUUID=cc647f08-9ea0-4a2f-993e-2fedd32829f9, command=[]} | ret=SUCCESS |  
2019-08-30 03:48:21,802 [grpc-default-executor-3] INFO  client.GrpcClientProtocolClient (GrpcClientProtocolClient.java:onNext(255)) - client-31C6FE845455->2f6b521d-5d5d-44f9-9b20-650b7881613d: receive RaftClientReply:client-31C6FE845455->2f6b521d-5d5d-44f9-9b20-650b7881613d@group-F2B43FCFF49B, cid=177, FAILED org.apache.ratis.protocol.NotLeaderException: Server 2f6b521d-5d5d-44f9-9b20-650b7881613d is not the leader (null). Request must be sent to leader., logIndex=0, commits[2f6b521d-5d5d-44f9-9b20-650b7881613d:c14, be188c32-466c-43f9-97ae-301f6c786ce6:c14, 411242e4-7603-4235-b66c-08546d6d220d:c14]
2019-08-30 03:48:21,910 | INFO  | SCMAudit | user=jenkins1000 | ip=192.168.36.106 | op=SEND_HEARTBEAT {datanodeUUID=b4322056-cf8e-4481-ab52-49b414438035, command=[]} | ret=SUCCESS |  
2019-08-30 03:48:22,110 | INFO  | SCMAudit | user=jenkins1000 | ip=192.168.36.106 | op=SEND_HEARTBEAT {datanodeUUID=088a888b-9e0f-4a9e-b54c-3d2c1c29e9f5, command=[]} | ret=SUCCESS |  
2019-08-30 03:48:22,426 | INFO  | SCMAudit | user=jenkins1000 | ip=192.168.36.106 | op=SEND_HEARTBEAT {datanodeUUID=411242e4-7603-4235-b66c-08546d6d220d, command=[]} | ret=SUCCESS |  
2019-08-30 03:48:22,426 | INFO  | SCMAudit | user=jenkins1000 | ip=192.168.36.106 | op=SEND_HEARTBEAT {datanodeUUID=2f6b521d-5d5d-44f9-9b20-650b7881613d, command=[]} | ret=SUCCESS |  
2019-08-30 03:48:22,510 | INFO  | SCMAudit | user=jenkins1000 | ip=192.168.36.106 | op=SEND_HEARTBEAT {datanodeUUID=1a924af3-a664-4014-9ecf-70089b07935e, command=[]} | ret=SUCCESS |  
2019-08-30 03:48:22,727 | INFO  | SCMAudit | user=jenkins1000 | ip=192.168.36.106 | op=SEND_HEARTBEAT {datanodeUUID=cc647f08-9ea0-4a2f-993e-2fedd32829f9, command=[]} | ret=SUCCESS |  
2019-08-30 03:48:22,813 [grpc-default-executor-3] INFO  client.GrpcClientProtocolClient (GrpcClientProtocolClient.java:onNext(255)) - client-31C6FE845455->411242e4-7603-4235-b66c-08546d6d220d: receive RaftClientReply:client-31C6FE845455->411242e4-7603-4235-b66c-08546d6d220d@group-F2B43FCFF49B, cid=177, FAILED org.apache.ratis.protocol.NotLeaderException: Server 411242e4-7603-4235-b66c-08546d6d220d is not the leader (null). Request must be sent to leader., logIndex=0, commits[411242e4-7603-4235-b66c-08546d6d220d:c14, be188c32-466c-43f9-97ae-301f6c786ce6:c14, 2f6b521d-5d5d-44f9-9b20-650b7881613d:c14]
2019-08-30 03:48:22,910 | INFO  | SCMAudit | user=jenkins1000 | ip=192.168.36.106 | op=SEND_HEARTBEAT {datanodeUUID=b4322056-cf8e-4481-ab52-49b414438035, command=[]} | ret=SUCCESS |  
2019-08-30 03:48:23,039 [Thread-3798] INFO  impl.FollowerState (FollowerState.java:run(106)) - 2f6b521d-5d5d-44f9-9b20-650b7881613d:group-F2B43FCFF49B changes to CANDIDATE, lastRpcTime:5008, electionTimeout:5008ms
2019-08-30 03:48:23,039 [Thread-3798] INFO  impl.RoleInfo (RoleInfo.java:shutdownFollowerState(121)) - 2f6b521d-5d5d-44f9-9b20-650b7881613d: shutdown FollowerState
2019-08-30 03:48:23,039 [Thread-3798] INFO  impl.RaftServerImpl (RaftServerImpl.java:setRole(171)) - 2f6b521d-5d5d-44f9-9b20-650b7881613d:group-F2B43FCFF49B changes role from FOLLOWER to CANDIDATE at term 4 for changeToCandidate
2019-08-30 03:48:23,039 [Thread-3798] INFO  impl.RoleInfo (RoleInfo.java:updateAndGet(143)) - 2f6b521d-5d5d-44f9-9b20-650b7881613d: start LeaderElection
2019-08-30 03:48:23,068 [2f6b521d-5d5d-44f9-9b20-650b7881613d:group-F2B43FCFF49B:LeaderElection84] INFO  impl.LeaderElection (LeaderElection.java:askForVotes(181)) - 2f6b521d-5d5d-44f9-9b20-650b7881613d:group-F2B43FCFF49B:LeaderElection84: begin an election at term 5 for 0: [be188c32-466c-43f9-97ae-301f6c786ce6:192.168.36.106:46026, 2f6b521d-5d5d-44f9-9b20-650b7881613d:192.168.36.106:34675, 411242e4-7603-4235-b66c-08546d6d220d:192.168.36.106:35846], old=null
2019-08-30 03:48:23,069 [2f6b521d-5d5d-44f9-9b20-650b7881613d:group-F2B43FCFF49B:LeaderElection84] INFO  impl.LeaderElection (LogUtils.java:infoOrTrace(149)) - 2f6b521d-5d5d-44f9-9b20-650b7881613d:group-F2B43FCFF49B:LeaderElection84 got exception when requesting votes: {}
java.util.concurrent.ExecutionException: org.apache.ratis.thirdparty.io.grpc.StatusRuntimeException: UNAVAILABLE: io exception
	at java.util.concurrent.FutureTask.report(FutureTask.java:122)
	at java.util.concurrent.FutureTask.get(FutureTask.java:192)
	at org.apache.ratis.server.impl.LeaderElection.waitForResults(LeaderElection.java:262)
	at org.apache.ratis.server.impl.LeaderElection.askForVotes(LeaderElection.java:200)
	at org.apache.ratis.server.impl.LeaderElection.run(LeaderElection.java:130)
	at java.lang.Thread.run(Thread.java:748)
Caused by: org.apache.ratis.thirdparty.io.grpc.StatusRuntimeException: UNAVAILABLE: io exception
	at org.apache.ratis.thirdparty.io.grpc.stub.ClientCalls.toStatusRuntimeException(ClientCalls.java:233)
	at org.apache.ratis.thirdparty.io.grpc.stub.ClientCalls.getUnchecked(ClientCalls.java:214)
	at org.apache.ratis.thirdparty.io.grpc.stub.ClientCalls.blockingUnaryCall(ClientCalls.java:139)
	at org.apache.ratis.proto.grpc.RaftServerProtocolServiceGrpc$RaftServerProtocolServiceBlockingStub.requestVote(RaftServerProtocolServiceGrpc.java:265)
	at org.apache.ratis.grpc.server.GrpcServerProtocolClient.requestVote(GrpcServerProtocolClient.java:83)
	at org.apache.ratis.grpc.server.GrpcService.requestVote(GrpcService.java:195)
	at org.apache.ratis.server.impl.LeaderElection.lambda$submitRequests$1(LeaderElection.java:237)
	at java.util.concurrent.FutureTask.run(FutureTask.java:266)
	at java.util.concurrent.Executors$RunnableAdapter.call(Executors.java:511)
	at java.util.concurrent.FutureTask.run(FutureTask.java:266)
	at java.util.concurrent.ThreadPoolExecutor.runWorker(ThreadPoolExecutor.java:1149)
	at java.util.concurrent.ThreadPoolExecutor$Worker.run(ThreadPoolExecutor.java:624)
	... 1 more
Caused by: org.apache.ratis.thirdparty.io.netty.channel.AbstractChannel$AnnotatedConnectException: Connection refused: /192.168.36.106:46026
	at sun.nio.ch.SocketChannelImpl.checkConnect(Native Method)
	at sun.nio.ch.SocketChannelImpl.finishConnect(SocketChannelImpl.java:717)
	at org.apache.ratis.thirdparty.io.netty.channel.socket.nio.NioSocketChannel.doFinishConnect(NioSocketChannel.java:327)
	at org.apache.ratis.thirdparty.io.netty.channel.nio.AbstractNioChannel$AbstractNioUnsafe.finishConnect(AbstractNioChannel.java:340)
	at org.apache.ratis.thirdparty.io.netty.channel.nio.NioEventLoop.processSelectedKey(NioEventLoop.java:632)
	at org.apache.ratis.thirdparty.io.netty.channel.nio.NioEventLoop.processSelectedKeysOptimized(NioEventLoop.java:579)
	at org.apache.ratis.thirdparty.io.netty.channel.nio.NioEventLoop.processSelectedKeys(NioEventLoop.java:496)
	at org.apache.ratis.thirdparty.io.netty.channel.nio.NioEventLoop.run(NioEventLoop.java:458)
	at org.apache.ratis.thirdparty.io.netty.util.concurrent.SingleThreadEventExecutor$5.run(SingleThreadEventExecutor.java:897)
	at org.apache.ratis.thirdparty.io.netty.util.concurrent.FastThreadLocalRunnable.run(FastThreadLocalRunnable.java:30)
	... 1 more
Caused by: java.net.ConnectException: Connection refused
	... 11 more
2019-08-30 03:48:23,072 [grpc-default-executor-0] INFO  impl.RaftServerImpl (RaftServerImpl.java:setRole(171)) - 411242e4-7603-4235-b66c-08546d6d220d:group-F2B43FCFF49B changes role from FOLLOWER to FOLLOWER at term 5 for recognizeCandidate:2f6b521d-5d5d-44f9-9b20-650b7881613d
2019-08-30 03:48:23,073 [grpc-default-executor-0] INFO  impl.RoleInfo (RoleInfo.java:shutdownFollowerState(121)) - 411242e4-7603-4235-b66c-08546d6d220d: shutdown FollowerState
2019-08-30 03:48:23,073 [grpc-default-executor-0] INFO  impl.RoleInfo (RoleInfo.java:updateAndGet(143)) - 411242e4-7603-4235-b66c-08546d6d220d: start FollowerState
2019-08-30 03:48:23,073 [Thread-3799] INFO  impl.FollowerState (FollowerState.java:run(114)) - 411242e4-7603-4235-b66c-08546d6d220d: FollowerState was interrupted: java.lang.InterruptedException: sleep interrupted
2019-08-30 03:48:23,088 [2f6b521d-5d5d-44f9-9b20-650b7881613d:group-F2B43FCFF49B:LeaderElection84] INFO  impl.LeaderElection (LeaderElection.java:logAndReturn(56)) - 2f6b521d-5d5d-44f9-9b20-650b7881613d:group-F2B43FCFF49B:LeaderElection84: Election PASSED; received 1 response(s) [2f6b521d-5d5d-44f9-9b20-650b7881613d<-411242e4-7603-4235-b66c-08546d6d220d#0:OK-t5] and 1 exception(s); 2f6b521d-5d5d-44f9-9b20-650b7881613d:t5, leader=null, voted=2f6b521d-5d5d-44f9-9b20-650b7881613d, raftlog=2f6b521d-5d5d-44f9-9b20-650b7881613d-SegmentedRaftLog:OPENED:c14,f14,i14, conf=0: [be188c32-466c-43f9-97ae-301f6c786ce6:192.168.36.106:46026, 2f6b521d-5d5d-44f9-9b20-650b7881613d:192.168.36.106:34675, 411242e4-7603-4235-b66c-08546d6d220d:192.168.36.106:35846], old=null
2019-08-30 03:48:23,088 [2f6b521d-5d5d-44f9-9b20-650b7881613d:group-F2B43FCFF49B:LeaderElection84] INFO  impl.LeaderElection (LogUtils.java:infoOrTrace(149)) -   Exception 0: {}
java.util.concurrent.ExecutionException: org.apache.ratis.thirdparty.io.grpc.StatusRuntimeException: UNAVAILABLE: io exception
	at java.util.concurrent.FutureTask.report(FutureTask.java:122)
	at java.util.concurrent.FutureTask.get(FutureTask.java:192)
	at org.apache.ratis.server.impl.LeaderElection.waitForResults(LeaderElection.java:262)
	at org.apache.ratis.server.impl.LeaderElection.askForVotes(LeaderElection.java:200)
	at org.apache.ratis.server.impl.LeaderElection.run(LeaderElection.java:130)
	at java.lang.Thread.run(Thread.java:748)
Caused by: org.apache.ratis.thirdparty.io.grpc.StatusRuntimeException: UNAVAILABLE: io exception
	at org.apache.ratis.thirdparty.io.grpc.stub.ClientCalls.toStatusRuntimeException(ClientCalls.java:233)
	at org.apache.ratis.thirdparty.io.grpc.stub.ClientCalls.getUnchecked(ClientCalls.java:214)
	at org.apache.ratis.thirdparty.io.grpc.stub.ClientCalls.blockingUnaryCall(ClientCalls.java:139)
	at org.apache.ratis.proto.grpc.RaftServerProtocolServiceGrpc$RaftServerProtocolServiceBlockingStub.requestVote(RaftServerProtocolServiceGrpc.java:265)
	at org.apache.ratis.grpc.server.GrpcServerProtocolClient.requestVote(GrpcServerProtocolClient.java:83)
	at org.apache.ratis.grpc.server.GrpcService.requestVote(GrpcService.java:195)
	at org.apache.ratis.server.impl.LeaderElection.lambda$submitRequests$1(LeaderElection.java:237)
	at java.util.concurrent.FutureTask.run(FutureTask.java:266)
	at java.util.concurrent.Executors$RunnableAdapter.call(Executors.java:511)
	at java.util.concurrent.FutureTask.run(FutureTask.java:266)
	at java.util.concurrent.ThreadPoolExecutor.runWorker(ThreadPoolExecutor.java:1149)
	at java.util.concurrent.ThreadPoolExecutor$Worker.run(ThreadPoolExecutor.java:624)
	... 1 more
Caused by: org.apache.ratis.thirdparty.io.netty.channel.AbstractChannel$AnnotatedConnectException: Connection refused: /192.168.36.106:46026
	at sun.nio.ch.SocketChannelImpl.checkConnect(Native Method)
	at sun.nio.ch.SocketChannelImpl.finishConnect(SocketChannelImpl.java:717)
	at org.apache.ratis.thirdparty.io.netty.channel.socket.nio.NioSocketChannel.doFinishConnect(NioSocketChannel.java:327)
	at org.apache.ratis.thirdparty.io.netty.channel.nio.AbstractNioChannel$AbstractNioUnsafe.finishConnect(AbstractNioChannel.java:340)
	at org.apache.ratis.thirdparty.io.netty.channel.nio.NioEventLoop.processSelectedKey(NioEventLoop.java:632)
	at org.apache.ratis.thirdparty.io.netty.channel.nio.NioEventLoop.processSelectedKeysOptimized(NioEventLoop.java:579)
	at org.apache.ratis.thirdparty.io.netty.channel.nio.NioEventLoop.processSelectedKeys(NioEventLoop.java:496)
	at org.apache.ratis.thirdparty.io.netty.channel.nio.NioEventLoop.run(NioEventLoop.java:458)
	at org.apache.ratis.thirdparty.io.netty.util.concurrent.SingleThreadEventExecutor$5.run(SingleThreadEventExecutor.java:897)
	at org.apache.ratis.thirdparty.io.netty.util.concurrent.FastThreadLocalRunnable.run(FastThreadLocalRunnable.java:30)
	... 1 more
Caused by: java.net.ConnectException: Connection refused
	... 11 more
2019-08-30 03:48:23,088 [2f6b521d-5d5d-44f9-9b20-650b7881613d:group-F2B43FCFF49B:LeaderElection84] INFO  impl.RoleInfo (RoleInfo.java:shutdownLeaderElection(134)) - 2f6b521d-5d5d-44f9-9b20-650b7881613d: shutdown LeaderElection
2019-08-30 03:48:23,089 [2f6b521d-5d5d-44f9-9b20-650b7881613d:group-F2B43FCFF49B:LeaderElection84] INFO  impl.RaftServerImpl (RaftServerImpl.java:setRole(171)) - 2f6b521d-5d5d-44f9-9b20-650b7881613d:group-F2B43FCFF49B changes role from CANDIDATE to LEADER at term 5 for changeToLeader
2019-08-30 03:48:23,089 [2f6b521d-5d5d-44f9-9b20-650b7881613d:group-F2B43FCFF49B:LeaderElection84] INFO  impl.RaftServerImpl (ServerState.java:setLeader(263)) - 2f6b521d-5d5d-44f9-9b20-650b7881613d:group-F2B43FCFF49B change Leader from null to 2f6b521d-5d5d-44f9-9b20-650b7881613d at term 5 for becomeLeader, leader elected after 10316ms
2019-08-30 03:48:23,089 [2f6b521d-5d5d-44f9-9b20-650b7881613d:group-F2B43FCFF49B:LeaderElection84] INFO  server.RaftServerConfigKeys (ConfUtils.java:logGet(43)) - raft.server.staging.catchup.gap = 1000 (default)
2019-08-30 03:48:23,089 [2f6b521d-5d5d-44f9-9b20-650b7881613d:group-F2B43FCFF49B:LeaderElection84] INFO  server.RaftServerConfigKeys (ConfUtils.java:logGet(43)) - raft.server.rpc.sleep.time = 25ms (default)
2019-08-30 03:48:23,089 [2f6b521d-5d5d-44f9-9b20-650b7881613d:group-F2B43FCFF49B:LeaderElection84] INFO  server.RaftServerConfigKeys (ConfUtils.java:logGet(43)) - raft.server.write.element-limit = 4096 (default)
2019-08-30 03:48:23,089 [2f6b521d-5d5d-44f9-9b20-650b7881613d:group-F2B43FCFF49B:LeaderElection84] INFO  server.RaftServerConfigKeys (ConfUtils.java:logGet(43)) - raft.server.watch.timeout = 10s (default)
2019-08-30 03:48:23,089 [2f6b521d-5d5d-44f9-9b20-650b7881613d:group-F2B43FCFF49B:LeaderElection84] INFO  server.RaftServerConfigKeys (ConfUtils.java:logGet(43)) - raft.server.watch.timeout.denomination = 1s (default)
2019-08-30 03:48:23,089 [2f6b521d-5d5d-44f9-9b20-650b7881613d:group-F2B43FCFF49B:LeaderElection84] INFO  server.RaftServerConfigKeys (ConfUtils.java:logGet(43)) - raft.server.watch.element-limit = 65536 (default)
2019-08-30 03:48:23,089 [2f6b521d-5d5d-44f9-9b20-650b7881613d:group-F2B43FCFF49B:LeaderElection84] INFO  server.RaftServerConfigKeys (ConfUtils.java:logGet(43)) - raft.server.log.appender.snapshot.chunk.size.max = 16MB (=16777216) (default)
2019-08-30 03:48:23,090 [2f6b521d-5d5d-44f9-9b20-650b7881613d:group-F2B43FCFF49B:LeaderElection84] INFO  server.RaftServerConfigKeys (ConfUtils.java:logGet(43)) - raft.server.log.appender.buffer.byte-limit = 33554432 (custom)
2019-08-30 03:48:23,090 [2f6b521d-5d5d-44f9-9b20-650b7881613d:group-F2B43FCFF49B:LeaderElection84] INFO  server.RaftServerConfigKeys (ConfUtils.java:logGet(43)) - raft.server.log.appender.buffer.element-limit = 1 (custom)
2019-08-30 03:48:23,090 [2f6b521d-5d5d-44f9-9b20-650b7881613d:group-F2B43FCFF49B:LeaderElection84] INFO  grpc.GrpcConfigKeys$Server (ConfUtils.java:logGet(43)) - raft.grpc.server.leader.outstanding.appends.max = 128 (default)
2019-08-30 03:48:23,090 [2f6b521d-5d5d-44f9-9b20-650b7881613d:group-F2B43FCFF49B:LeaderElection84] INFO  server.RaftServerConfigKeys (ConfUtils.java:logGet(43)) - raft.server.rpc.request.timeout = 3000ms (default)
2019-08-30 03:48:23,090 [2f6b521d-5d5d-44f9-9b20-650b7881613d:group-F2B43FCFF49B:LeaderElection84] INFO  server.RaftServerConfigKeys (ConfUtils.java:logGet(43)) - raft.server.log.appender.install.snapshot.enabled = false (custom)
2019-08-30 03:48:23,090 [2f6b521d-5d5d-44f9-9b20-650b7881613d:group-F2B43FCFF49B:LeaderElection84] INFO  server.RaftServerConfigKeys (ConfUtils.java:logGet(43)) - raft.server.log.appender.snapshot.chunk.size.max = 16MB (=16777216) (default)
2019-08-30 03:48:23,090 [2f6b521d-5d5d-44f9-9b20-650b7881613d:group-F2B43FCFF49B:LeaderElection84] INFO  server.RaftServerConfigKeys (ConfUtils.java:logGet(43)) - raft.server.log.appender.buffer.byte-limit = 33554432 (custom)
2019-08-30 03:48:23,091 [2f6b521d-5d5d-44f9-9b20-650b7881613d:group-F2B43FCFF49B:LeaderElection84] INFO  server.RaftServerConfigKeys (ConfUtils.java:logGet(43)) - raft.server.log.appender.buffer.element-limit = 1 (custom)
2019-08-30 03:48:23,091 [2f6b521d-5d5d-44f9-9b20-650b7881613d:group-F2B43FCFF49B:LeaderElection84] INFO  grpc.GrpcConfigKeys$Server (ConfUtils.java:logGet(43)) - raft.grpc.server.leader.outstanding.appends.max = 128 (default)
2019-08-30 03:48:23,091 [2f6b521d-5d5d-44f9-9b20-650b7881613d:group-F2B43FCFF49B:LeaderElection84] INFO  server.RaftServerConfigKeys (ConfUtils.java:logGet(43)) - raft.server.rpc.request.timeout = 3000ms (default)
2019-08-30 03:48:23,091 [2f6b521d-5d5d-44f9-9b20-650b7881613d:group-F2B43FCFF49B:LeaderElection84] INFO  server.RaftServerConfigKeys (ConfUtils.java:logGet(43)) - raft.server.log.appender.install.snapshot.enabled = false (custom)
2019-08-30 03:48:23,091 [2f6b521d-5d5d-44f9-9b20-650b7881613d:group-F2B43FCFF49B:LeaderElection84] INFO  impl.RoleInfo (RoleInfo.java:updateAndGet(143)) - 2f6b521d-5d5d-44f9-9b20-650b7881613d: start LeaderState
2019-08-30 03:48:23,091 [2f6b521d-5d5d-44f9-9b20-650b7881613d:group-F2B43FCFF49B:LeaderElection84] INFO  segmented.SegmentedRaftLogWorker (SegmentedRaftLogWorker.java:rollLogSegment(385)) - 2f6b521d-5d5d-44f9-9b20-650b7881613d-SegmentedRaftLogWorker:Storage Directory /workdir/hadoop-ozone/integration-test/target/test-dir/MiniOzoneClusterImpl-54fb3437-fb27-4fd7-8614-a0b063bd7494/datanode-0/data/ratis/5db71220-eab3-4979-9605-f2b43fcff49b: Rolling segment log-0_14 to index:14
2019-08-30 03:48:23,094 [2f6b521d-5d5d-44f9-9b20-650b7881613d:group-F2B43FCFF49B:LeaderElection84] INFO  impl.RaftServerImpl (ServerState.java:setRaftConf(361)) - 2f6b521d-5d5d-44f9-9b20-650b7881613d:group-F2B43FCFF49B set configuration 15: [be188c32-466c-43f9-97ae-301f6c786ce6:192.168.36.106:46026, 2f6b521d-5d5d-44f9-9b20-650b7881613d:192.168.36.106:34675, 411242e4-7603-4235-b66c-08546d6d220d:192.168.36.106:35846], old=null at 15
2019-08-30 03:48:23,094 [grpc-default-executor-0] WARN  server.GrpcLogAppender (LogUtils.java:warn(134)) - 2f6b521d-5d5d-44f9-9b20-650b7881613d->be188c32-466c-43f9-97ae-301f6c786ce6: Failed appendEntries: org.apache.ratis.thirdparty.io.grpc.StatusRuntimeException: UNAVAILABLE: io exception
2019-08-30 03:48:23,095 [grpc-default-executor-0] INFO  impl.FollowerInfo (FollowerInfo.java:lambda$new$0(50)) - 2f6b521d-5d5d-44f9-9b20-650b7881613d->be188c32-466c-43f9-97ae-301f6c786ce6: nextIndex: updateUnconditionally 15 -> 1
2019-08-30 03:48:23,095 [2f6b521d-5d5d-44f9-9b20-650b7881613d-SegmentedRaftLogWorker:Storage Directory /workdir/hadoop-ozone/integration-test/target/test-dir/MiniOzoneClusterImpl-54fb3437-fb27-4fd7-8614-a0b063bd7494/datanode-0/data/ratis/5db71220-eab3-4979-9605-f2b43fcff49b] INFO  segmented.SegmentedRaftLogWorker (SegmentedRaftLogWorker.java:execute(526)) - 2f6b521d-5d5d-44f9-9b20-650b7881613d-SegmentedRaftLogWorker:Storage Directory /workdir/hadoop-ozone/integration-test/target/test-dir/MiniOzoneClusterImpl-54fb3437-fb27-4fd7-8614-a0b063bd7494/datanode-0/data/ratis/5db71220-eab3-4979-9605-f2b43fcff49b: Rolled log segment from /workdir/hadoop-ozone/integration-test/target/test-dir/MiniOzoneClusterImpl-54fb3437-fb27-4fd7-8614-a0b063bd7494/datanode-0/data/ratis/5db71220-eab3-4979-9605-f2b43fcff49b/current/log_inprogress_0 to /workdir/hadoop-ozone/integration-test/target/test-dir/MiniOzoneClusterImpl-54fb3437-fb27-4fd7-8614-a0b063bd7494/datanode-0/data/ratis/5db71220-eab3-4979-9605-f2b43fcff49b/current/log_0-14
2019-08-30 03:48:23,095 [grpc-default-executor-0] INFO  impl.RaftServerImpl (ServerState.java:setLeader(263)) - 411242e4-7603-4235-b66c-08546d6d220d:group-F2B43FCFF49B change Leader from null to 2f6b521d-5d5d-44f9-9b20-650b7881613d at term 5 for appendEntries, leader elected after 10268ms
2019-08-30 03:48:23,097 [grpc-default-executor-0] INFO  impl.RaftServerImpl (ServerState.java:setRaftConf(361)) - 411242e4-7603-4235-b66c-08546d6d220d:group-F2B43FCFF49B set configuration 15: [be188c32-466c-43f9-97ae-301f6c786ce6:192.168.36.106:46026, 2f6b521d-5d5d-44f9-9b20-650b7881613d:192.168.36.106:34675, 411242e4-7603-4235-b66c-08546d6d220d:192.168.36.106:35846], old=null at 15
2019-08-30 03:48:23,097 [grpc-default-executor-0] INFO  segmented.SegmentedRaftLogWorker (SegmentedRaftLogWorker.java:rollLogSegment(385)) - 411242e4-7603-4235-b66c-08546d6d220d-SegmentedRaftLogWorker:Storage Directory /workdir/hadoop-ozone/integration-test/target/test-dir/MiniOzoneClusterImpl-54fb3437-fb27-4fd7-8614-a0b063bd7494/datanode-2/data/ratis/5db71220-eab3-4979-9605-f2b43fcff49b: Rolling segment log-0_14 to index:14
2019-08-30 03:48:23,097 [411242e4-7603-4235-b66c-08546d6d220d-SegmentedRaftLogWorker:Storage Directory /workdir/hadoop-ozone/integration-test/target/test-dir/MiniOzoneClusterImpl-54fb3437-fb27-4fd7-8614-a0b063bd7494/datanode-2/data/ratis/5db71220-eab3-4979-9605-f2b43fcff49b] INFO  segmented.SegmentedRaftLogWorker (SegmentedRaftLogWorker.java:execute(526)) - 411242e4-7603-4235-b66c-08546d6d220d-SegmentedRaftLogWorker:Storage Directory /workdir/hadoop-ozone/integration-test/target/test-dir/MiniOzoneClusterImpl-54fb3437-fb27-4fd7-8614-a0b063bd7494/datanode-2/data/ratis/5db71220-eab3-4979-9605-f2b43fcff49b: Rolled log segment from /workdir/hadoop-ozone/integration-test/target/test-dir/MiniOzoneClusterImpl-54fb3437-fb27-4fd7-8614-a0b063bd7494/datanode-2/data/ratis/5db71220-eab3-4979-9605-f2b43fcff49b/current/log_inprogress_0 to /workdir/hadoop-ozone/integration-test/target/test-dir/MiniOzoneClusterImpl-54fb3437-fb27-4fd7-8614-a0b063bd7494/datanode-2/data/ratis/5db71220-eab3-4979-9605-f2b43fcff49b/current/log_0-14
2019-08-30 03:48:23,110 | INFO  | SCMAudit | user=jenkins1000 | ip=192.168.36.106 | op=SEND_HEARTBEAT {datanodeUUID=088a888b-9e0f-4a9e-b54c-3d2c1c29e9f5, command=[]} | ret=SUCCESS |  
2019-08-30 03:48:23,137 [2f6b521d-5d5d-44f9-9b20-650b7881613d-SegmentedRaftLogWorker:Storage Directory /workdir/hadoop-ozone/integration-test/target/test-dir/MiniOzoneClusterImpl-54fb3437-fb27-4fd7-8614-a0b063bd7494/datanode-0/data/ratis/5db71220-eab3-4979-9605-f2b43fcff49b] INFO  segmented.SegmentedRaftLogWorker (SegmentedRaftLogWorker.java:execute(569)) - 2f6b521d-5d5d-44f9-9b20-650b7881613d-SegmentedRaftLogWorker:Storage Directory /workdir/hadoop-ozone/integration-test/target/test-dir/MiniOzoneClusterImpl-54fb3437-fb27-4fd7-8614-a0b063bd7494/datanode-0/data/ratis/5db71220-eab3-4979-9605-f2b43fcff49b: created new log segment /workdir/hadoop-ozone/integration-test/target/test-dir/MiniOzoneClusterImpl-54fb3437-fb27-4fd7-8614-a0b063bd7494/datanode-0/data/ratis/5db71220-eab3-4979-9605-f2b43fcff49b/current/log_inprogress_15
2019-08-30 03:48:23,137 [411242e4-7603-4235-b66c-08546d6d220d-SegmentedRaftLogWorker:Storage Directory /workdir/hadoop-ozone/integration-test/target/test-dir/MiniOzoneClusterImpl-54fb3437-fb27-4fd7-8614-a0b063bd7494/datanode-2/data/ratis/5db71220-eab3-4979-9605-f2b43fcff49b] INFO  segmented.SegmentedRaftLogWorker (SegmentedRaftLogWorker.java:execute(569)) - 411242e4-7603-4235-b66c-08546d6d220d-SegmentedRaftLogWorker:Storage Directory /workdir/hadoop-ozone/integration-test/target/test-dir/MiniOzoneClusterImpl-54fb3437-fb27-4fd7-8614-a0b063bd7494/datanode-2/data/ratis/5db71220-eab3-4979-9605-f2b43fcff49b: created new log segment /workdir/hadoop-ozone/integration-test/target/test-dir/MiniOzoneClusterImpl-54fb3437-fb27-4fd7-8614-a0b063bd7494/datanode-2/data/ratis/5db71220-eab3-4979-9605-f2b43fcff49b/current/log_inprogress_15
2019-08-30 03:48:23,145 | INFO  | DNAudit | user=null | ip=null | op=READ_CHUNK {blockData=conID: 1 locID: 102703881857335310 bcsId: 0} | ret=SUCCESS |  
2019-08-30 03:48:23,147 [grpc-default-executor-0] WARN  server.GrpcLogAppender (LogUtils.java:warn(134)) - 2f6b521d-5d5d-44f9-9b20-650b7881613d->be188c32-466c-43f9-97ae-301f6c786ce6: Failed appendEntries: org.apache.ratis.thirdparty.io.grpc.StatusRuntimeException: UNAVAILABLE: io exception
2019-08-30 03:48:23,147 [grpc-default-executor-0] INFO  impl.FollowerInfo (FollowerInfo.java:lambda$new$0(50)) - 2f6b521d-5d5d-44f9-9b20-650b7881613d->be188c32-466c-43f9-97ae-301f6c786ce6: nextIndex: updateUnconditionally 2 -> 1
2019-08-30 03:48:23,157 [grpc-default-executor-0] WARN  server.GrpcLogAppender (LogUtils.java:warn(134)) - 2f6b521d-5d5d-44f9-9b20-650b7881613d->be188c32-466c-43f9-97ae-301f6c786ce6: Failed appendEntries: org.apache.ratis.thirdparty.io.grpc.StatusRuntimeException: UNAVAILABLE: io exception
2019-08-30 03:48:23,157 [grpc-default-executor-0] INFO  impl.FollowerInfo (FollowerInfo.java:lambda$new$0(50)) - 2f6b521d-5d5d-44f9-9b20-650b7881613d->be188c32-466c-43f9-97ae-301f6c786ce6: nextIndex: updateUnconditionally 2 -> 1
2019-08-30 03:48:23,425 | INFO  | SCMAudit | user=jenkins1000 | ip=192.168.36.106 | op=SEND_HEARTBEAT {datanodeUUID=411242e4-7603-4235-b66c-08546d6d220d, command=[]} | ret=SUCCESS |  
2019-08-30 03:48:23,426 | INFO  | SCMAudit | user=jenkins1000 | ip=192.168.36.106 | op=SEND_HEARTBEAT {datanodeUUID=2f6b521d-5d5d-44f9-9b20-650b7881613d, command=[]} | ret=SUCCESS |  
2019-08-30 03:48:23,511 | INFO  | SCMAudit | user=jenkins1000 | ip=192.168.36.106 | op=SEND_HEARTBEAT {datanodeUUID=1a924af3-a664-4014-9ecf-70089b07935e, command=[]} | ret=SUCCESS |  
2019-08-30 03:48:23,727 | INFO  | SCMAudit | user=jenkins1000 | ip=192.168.36.106 | op=SEND_HEARTBEAT {datanodeUUID=cc647f08-9ea0-4a2f-993e-2fedd32829f9, command=[]} | ret=SUCCESS |  
2019-08-30 03:48:23,910 | INFO  | SCMAudit | user=jenkins1000 | ip=192.168.36.106 | op=SEND_HEARTBEAT {datanodeUUID=b4322056-cf8e-4481-ab52-49b414438035, command=[]} | ret=SUCCESS |  
2019-08-30 03:48:24,110 | INFO  | SCMAudit | user=jenkins1000 | ip=192.168.36.106 | op=SEND_HEARTBEAT {datanodeUUID=088a888b-9e0f-4a9e-b54c-3d2c1c29e9f5, command=[]} | ret=SUCCESS |  
2019-08-30 03:48:24,425 | INFO  | SCMAudit | user=jenkins1000 | ip=192.168.36.106 | op=SEND_HEARTBEAT {datanodeUUID=411242e4-7603-4235-b66c-08546d6d220d, command=[]} | ret=SUCCESS |  
2019-08-30 03:48:24,426 | INFO  | SCMAudit | user=jenkins1000 | ip=192.168.36.106 | op=SEND_HEARTBEAT {datanodeUUID=2f6b521d-5d5d-44f9-9b20-650b7881613d, command=[]} | ret=SUCCESS |  
2019-08-30 03:48:24,511 | INFO  | SCMAudit | user=jenkins1000 | ip=192.168.36.106 | op=SEND_HEARTBEAT {datanodeUUID=1a924af3-a664-4014-9ecf-70089b07935e, command=[]} | ret=SUCCESS |  
2019-08-30 03:48:24,726 | INFO  | SCMAudit | user=jenkins1000 | ip=192.168.36.106 | op=SEND_HEARTBEAT {datanodeUUID=cc647f08-9ea0-4a2f-993e-2fedd32829f9, command=[]} | ret=SUCCESS |  
2019-08-30 03:48:24,819 | ERROR | DNAudit | user=null | ip=null | op=WRITE_CHUNK {blockData=conID: 1 locID: 102703881857335310 bcsId: 12} | ret=FAILURE | org.apache.hadoop.hdds.scm.container.common.helpers.ContainerNotOpenException: Container 1 in CLOSING state
	at org.apache.hadoop.ozone.container.common.impl.HddsDispatcher.validateContainerCommand(HddsDispatcher.java:408)
	at org.apache.hadoop.ozone.container.common.transport.server.ratis.ContainerStateMachine.startTransaction(ContainerStateMachine.java:309) 
2019-08-30 03:48:24,828 [grpc-default-executor-3] INFO  client.GrpcClientProtocolClient (GrpcClientProtocolClient.java:onNext(255)) - client-31C6FE845455->2f6b521d-5d5d-44f9-9b20-650b7881613d: receive RaftClientReply:client-31C6FE845455->2f6b521d-5d5d-44f9-9b20-650b7881613d@group-F2B43FCFF49B, cid=177, FAILED org.apache.ratis.protocol.StateMachineException: org.apache.hadoop.hdds.scm.container.common.helpers.ContainerNotOpenException from Server 2f6b521d-5d5d-44f9-9b20-650b7881613d: Container 1 in CLOSING state, logIndex=0, commits[2f6b521d-5d5d-44f9-9b20-650b7881613d:c16, be188c32-466c-43f9-97ae-301f6c786ce6:c14, 411242e4-7603-4235-b66c-08546d6d220d:c15]
2019-08-30 03:48:24,829 | ERROR | DNAudit | user=null | ip=null | op=WRITE_CHUNK {blockData=conID: 1 locID: 102703881857335310 bcsId: 12} | ret=FAILURE | org.apache.hadoop.hdds.scm.container.common.helpers.ContainerNotOpenException: Container 1 in CLOSING state
	at org.apache.hadoop.ozone.container.common.impl.HddsDispatcher.validateContainerCommand(HddsDispatcher.java:408)
	at org.apache.hadoop.ozone.container.common.transport.server.ratis.ContainerStateMachine.startTransaction(ContainerStateMachine.java:309) 
2019-08-30 03:48:24,834 | ERROR | DNAudit | user=null | ip=null | op=PUT_BLOCK {blockData=[blockId=conID: 1 locID: 102703881857335310 bcsId: 0,size=650]} | ret=FAILURE | org.apache.hadoop.hdds.scm.container.common.helpers.ContainerNotOpenException: Container 1 in CLOSING state
	at org.apache.hadoop.ozone.container.common.impl.HddsDispatcher.validateContainerCommand(HddsDispatcher.java:408)
	at org.apache.hadoop.ozone.container.common.transport.server.ratis.ContainerStateMachine.startTransaction(ContainerStateMachine.java:309) 
2019-08-30 03:48:24,835 [grpc-default-executor-3] INFO  client.GrpcClientProtocolClient (GrpcClientProtocolClient.java:onNext(255)) - client-31C6FE845455->2f6b521d-5d5d-44f9-9b20-650b7881613d: receive RaftClientReply:client-31C6FE845455->2f6b521d-5d5d-44f9-9b20-650b7881613d@group-F2B43FCFF49B, cid=178, FAILED org.apache.ratis.protocol.StateMachineException: org.apache.hadoop.hdds.scm.container.common.helpers.ContainerNotOpenException from Server 2f6b521d-5d5d-44f9-9b20-650b7881613d: Container 1 in CLOSING state, logIndex=0, commits[2f6b521d-5d5d-44f9-9b20-650b7881613d:c16, be188c32-466c-43f9-97ae-301f6c786ce6:c14, 411242e4-7603-4235-b66c-08546d6d220d:c15]
2019-08-30 03:48:24,835 | ERROR | DNAudit | user=null | ip=null | op=WRITE_CHUNK {blockData=conID: 1 locID: 102703881857335310 bcsId: 12} | ret=FAILURE | org.apache.hadoop.hdds.scm.container.common.helpers.ContainerNotOpenException: Container 1 in CLOSING state
	at org.apache.hadoop.ozone.container.common.impl.HddsDispatcher.validateContainerCommand(HddsDispatcher.java:408)
	at org.apache.hadoop.ozone.container.common.transport.server.ratis.ContainerStateMachine.startTransaction(ContainerStateMachine.java:309) 
2019-08-30 03:48:24,840 [grpc-default-executor-3] INFO  client.GrpcClientProtocolClient (GrpcClientProtocolClient.java:onNext(255)) - client-31C6FE845455->2f6b521d-5d5d-44f9-9b20-650b7881613d: receive RaftClientReply:client-31C6FE845455->2f6b521d-5d5d-44f9-9b20-650b7881613d@group-F2B43FCFF49B, cid=179, FAILED org.apache.ratis.protocol.StateMachineException: org.apache.hadoop.hdds.scm.container.common.helpers.ContainerNotOpenException from Server 2f6b521d-5d5d-44f9-9b20-650b7881613d: Container 1 in CLOSING state, logIndex=0, commits[2f6b521d-5d5d-44f9-9b20-650b7881613d:c16, be188c32-466c-43f9-97ae-301f6c786ce6:c14, 411242e4-7603-4235-b66c-08546d6d220d:c15]
2019-08-30 03:48:24,841 | ERROR | DNAudit | user=null | ip=null | op=WRITE_CHUNK {blockData=conID: 1 locID: 102703881857335310 bcsId: 12} | ret=FAILURE | org.apache.hadoop.hdds.scm.container.common.helpers.ContainerNotOpenException: Container 1 in CLOSING state
	at org.apache.hadoop.ozone.container.common.impl.HddsDispatcher.validateContainerCommand(HddsDispatcher.java:408)
	at org.apache.hadoop.ozone.container.common.transport.server.ratis.ContainerStateMachine.startTransaction(ContainerStateMachine.java:309) 
2019-08-30 03:48:24,843 [grpc-default-executor-3] INFO  client.GrpcClientProtocolClient (GrpcClientProtocolClient.java:onNext(255)) - client-31C6FE845455->2f6b521d-5d5d-44f9-9b20-650b7881613d: receive RaftClientReply:client-31C6FE845455->2f6b521d-5d5d-44f9-9b20-650b7881613d@group-F2B43FCFF49B, cid=180, FAILED org.apache.ratis.protocol.StateMachineException: org.apache.hadoop.hdds.scm.container.common.helpers.ContainerNotOpenException from Server 2f6b521d-5d5d-44f9-9b20-650b7881613d: Container 1 in CLOSING state, logIndex=0, commits[2f6b521d-5d5d-44f9-9b20-650b7881613d:c16, be188c32-466c-43f9-97ae-301f6c786ce6:c14, 411242e4-7603-4235-b66c-08546d6d220d:c15]
2019-08-30 03:48:24,846 | ERROR | DNAudit | user=null | ip=null | op=PUT_BLOCK {blockData=[blockId=conID: 1 locID: 102703881857335310 bcsId: 0,size=800]} | ret=FAILURE | org.apache.hadoop.hdds.scm.container.common.helpers.ContainerNotOpenException: Container 1 in CLOSING state
	at org.apache.hadoop.ozone.container.common.impl.HddsDispatcher.validateContainerCommand(HddsDispatcher.java:408)
	at org.apache.hadoop.ozone.container.common.transport.server.ratis.ContainerStateMachine.startTransaction(ContainerStateMachine.java:309) 
2019-08-30 03:48:24,846 [grpc-default-executor-3] INFO  client.GrpcClientProtocolClient (GrpcClientProtocolClient.java:onNext(255)) - client-31C6FE845455->2f6b521d-5d5d-44f9-9b20-650b7881613d: receive RaftClientReply:client-31C6FE845455->2f6b521d-5d5d-44f9-9b20-650b7881613d@group-F2B43FCFF49B, cid=181, FAILED org.apache.ratis.protocol.StateMachineException: org.apache.hadoop.hdds.scm.container.common.helpers.ContainerNotOpenException from Server 2f6b521d-5d5d-44f9-9b20-650b7881613d: Container 1 in CLOSING state, logIndex=0, commits[2f6b521d-5d5d-44f9-9b20-650b7881613d:c16, be188c32-466c-43f9-97ae-301f6c786ce6:c14, 411242e4-7603-4235-b66c-08546d6d220d:c15]
2019-08-30 03:48:24,850 [grpc-default-executor-3] INFO  client.GrpcClientProtocolClient (GrpcClientProtocolClient.java:onNext(255)) - client-31C6FE845455->2f6b521d-5d5d-44f9-9b20-650b7881613d: receive RaftClientReply:client-31C6FE845455->2f6b521d-5d5d-44f9-9b20-650b7881613d@group-F2B43FCFF49B, cid=182, FAILED org.apache.ratis.protocol.StateMachineException: org.apache.hadoop.hdds.scm.container.common.helpers.ContainerNotOpenException from Server 2f6b521d-5d5d-44f9-9b20-650b7881613d: Container 1 in CLOSING state, logIndex=0, commits[2f6b521d-5d5d-44f9-9b20-650b7881613d:c16, be188c32-466c-43f9-97ae-301f6c786ce6:c14, 411242e4-7603-4235-b66c-08546d6d220d:c15]
2019-08-30 03:48:24,884 | INFO  | SCMAudit | user=jenkins1000 | ip=192.168.36.106 | op=ALLOCATE_BLOCK {owner=7d4beb1c-843a-4d6e-904e-d8eb4170223a, size=800, type=RATIS, factor=THREE} | ret=SUCCESS |  
2019-08-30 03:48:24,889 | INFO  | OMAudit | user=jenkins1000 | ip=127.0.0.1 | op=ALLOCATE_BLOCK {volume=testblockoutputstream, bucket=testblockoutputstream, key=0925cc25-546c-41c1-a692-6e4659bfe721, dataSize=0, replicationType=null, replicationFactor=null, keyLocationInfo=null, clientID=102703881857204237} | ret=SUCCESS |  
2019-08-30 03:48:24,900 [grpc-default-executor-3] INFO  client.GrpcClientProtocolClient (GrpcClientProtocolClient.java:onNext(255)) - client-086BA158CA67->cc647f08-9ea0-4a2f-993e-2fedd32829f9: receive RaftClientReply:client-086BA158CA67->cc647f08-9ea0-4a2f-993e-2fedd32829f9@group-6B867AD06175, cid=183, FAILED org.apache.ratis.protocol.NotLeaderException: Server cc647f08-9ea0-4a2f-993e-2fedd32829f9 is not the leader (1a924af3-a664-4014-9ecf-70089b07935e:192.168.36.106:43035). Request must be sent to leader., logIndex=0, commits[cc647f08-9ea0-4a2f-993e-2fedd32829f9:c0, 1a924af3-a664-4014-9ecf-70089b07935e:c0, b4322056-cf8e-4481-ab52-49b414438035:c0]
2019-08-30 03:48:24,910 | INFO  | SCMAudit | user=jenkins1000 | ip=192.168.36.106 | op=SEND_HEARTBEAT {datanodeUUID=b4322056-cf8e-4481-ab52-49b414438035, command=[]} | ret=SUCCESS |  
2019-08-30 03:48:25,047 | INFO  | DNAudit | user=null | ip=null | op=WRITE_CHUNK {blockData=conID: 2 locID: 102703884198477839 bcsId: 0} | ret=SUCCESS |  
2019-08-30 03:48:25,047 | INFO  | DNAudit | user=null | ip=null | op=WRITE_CHUNK {blockData=conID: 2 locID: 102703884198477839 bcsId: 0} | ret=SUCCESS |  
2019-08-30 03:48:25,047 | INFO  | DNAudit | user=null | ip=null | op=WRITE_CHUNK {blockData=conID: 2 locID: 102703884198477839 bcsId: 0} | ret=SUCCESS |  
2019-08-30 03:48:25,047 | INFO  | SCMAudit | user=jenkins1000 | ip=192.168.36.106 | op=SEND_HEARTBEAT {datanodeUUID=b4322056-cf8e-4481-ab52-49b414438035, command=[]} | ret=SUCCESS |  
2019-08-30 03:48:25,047 | INFO  | SCMAudit | user=jenkins1000 | ip=192.168.36.106 | op=SEND_HEARTBEAT {datanodeUUID=1a924af3-a664-4014-9ecf-70089b07935e, command=[]} | ret=SUCCESS |  
2019-08-30 03:48:25,047 | INFO  | SCMAudit | user=jenkins1000 | ip=192.168.36.106 | op=SEND_HEARTBEAT {datanodeUUID=cc647f08-9ea0-4a2f-993e-2fedd32829f9, command=[]} | ret=SUCCESS |  
2019-08-30 03:48:25,062 | INFO  | DNAudit | user=null | ip=null | op=WRITE_CHUNK {blockData=conID: 2 locID: 102703884198477839 bcsId: 0} | ret=SUCCESS |  
2019-08-30 03:48:25,065 [grpc-default-executor-0] INFO  client.GrpcClientProtocolClient (GrpcClientProtocolClient.java:onNext(255)) - client-086BA158CA67->1a924af3-a664-4014-9ecf-70089b07935e: receive RaftClientReply:client-086BA158CA67->1a924af3-a664-4014-9ecf-70089b07935e@group-6B867AD06175, cid=183, SUCCESS, logIndex=1, commits[1a924af3-a664-4014-9ecf-70089b07935e:c1, b4322056-cf8e-4481-ab52-49b414438035:c0, cc647f08-9ea0-4a2f-993e-2fedd32829f9:c0]
2019-08-30 03:48:25,065 | INFO  | DNAudit | user=null | ip=null | op=WRITE_CHUNK {blockData=conID: 2 locID: 102703884198477839 bcsId: 0} | ret=SUCCESS |  
2019-08-30 03:48:25,065 | INFO  | DNAudit | user=null | ip=null | op=WRITE_CHUNK {blockData=conID: 2 locID: 102703884198477839 bcsId: 0} | ret=SUCCESS |  
2019-08-30 03:48:25,068 | INFO  | DNAudit | user=null | ip=null | op=WRITE_CHUNK {blockData=conID: 2 locID: 102703884198477839 bcsId: 0} | ret=SUCCESS |  
2019-08-30 03:48:25,069 | INFO  | DNAudit | user=null | ip=null | op=WRITE_CHUNK {blockData=conID: 2 locID: 102703884198477839 bcsId: 0} | ret=SUCCESS |  
2019-08-30 03:48:25,069 | INFO  | DNAudit | user=null | ip=null | op=WRITE_CHUNK {blockData=conID: 2 locID: 102703884198477839 bcsId: 0} | ret=SUCCESS |  
2019-08-30 03:48:25,069 | INFO  | DNAudit | user=null | ip=null | op=WRITE_CHUNK {blockData=conID: 2 locID: 102703884198477839 bcsId: 0} | ret=SUCCESS |  
2019-08-30 03:48:25,069 | INFO  | DNAudit | user=null | ip=null | op=WRITE_CHUNK {blockData=conID: 2 locID: 102703884198477839 bcsId: 0} | ret=SUCCESS |  
2019-08-30 03:48:25,070 | INFO  | DNAudit | user=null | ip=null | op=WRITE_CHUNK {blockData=conID: 2 locID: 102703884198477839 bcsId: 0} | ret=SUCCESS |  
2019-08-30 03:48:25,070 | INFO  | DNAudit | user=null | ip=null | op=WRITE_CHUNK {blockData=conID: 2 locID: 102703884198477839 bcsId: 0} | ret=SUCCESS |  
2019-08-30 03:48:25,070 | INFO  | DNAudit | user=null | ip=null | op=WRITE_CHUNK {blockData=conID: 2 locID: 102703884198477839 bcsId: 0} | ret=SUCCESS |  
2019-08-30 03:48:25,070 | INFO  | DNAudit | user=null | ip=null | op=WRITE_CHUNK {blockData=conID: 2 locID: 102703884198477839 bcsId: 0} | ret=SUCCESS |  
2019-08-30 03:48:25,080 | INFO  | DNAudit | user=null | ip=null | op=WRITE_CHUNK {blockData=conID: 2 locID: 102703884198477839 bcsId: 0} | ret=SUCCESS |  
2019-08-30 03:48:25,084 | INFO  | DNAudit | user=null | ip=null | op=WRITE_CHUNK {blockData=conID: 2 locID: 102703884198477839 bcsId: 0} | ret=SUCCESS |  
2019-08-30 03:48:25,085 [grpc-default-executor-0] INFO  client.GrpcClientProtocolClient (GrpcClientProtocolClient.java:onNext(255)) - client-086BA158CA67->1a924af3-a664-4014-9ecf-70089b07935e: receive RaftClientReply:client-086BA158CA67->1a924af3-a664-4014-9ecf-70089b07935e@group-6B867AD06175, cid=184, SUCCESS, logIndex=3, commits[1a924af3-a664-4014-9ecf-70089b07935e:c4, b4322056-cf8e-4481-ab52-49b414438035:c2, cc647f08-9ea0-4a2f-993e-2fedd32829f9:c2]
2019-08-30 03:48:25,094 | INFO  | DNAudit | user=null | ip=null | op=WRITE_CHUNK {blockData=conID: 2 locID: 102703884198477839 bcsId: 0} | ret=SUCCESS |  
2019-08-30 03:48:25,110 | INFO  | SCMAudit | user=jenkins1000 | ip=192.168.36.106 | op=SEND_HEARTBEAT {datanodeUUID=088a888b-9e0f-4a9e-b54c-3d2c1c29e9f5, command=[]} | ret=SUCCESS |  
2019-08-30 03:48:25,126 | INFO  | DNAudit | user=null | ip=null | op=PUT_BLOCK {blockData=[blockId=conID: 2 locID: 102703884198477839 bcsId: 0,size=200]} | ret=SUCCESS |  
2019-08-30 03:48:25,127 | INFO  | DNAudit | user=null | ip=null | op=WRITE_CHUNK {blockData=conID: 2 locID: 102703884198477839 bcsId: 0} | ret=SUCCESS |  
2019-08-30 03:48:25,127 | INFO  | DNAudit | user=null | ip=null | op=WRITE_CHUNK {blockData=conID: 2 locID: 102703884198477839 bcsId: 0} | ret=SUCCESS |  
2019-08-30 03:48:25,127 [grpc-default-executor-0] INFO  client.GrpcClientProtocolClient (GrpcClientProtocolClient.java:onNext(255)) - client-086BA158CA67->1a924af3-a664-4014-9ecf-70089b07935e: receive RaftClientReply:client-086BA158CA67->1a924af3-a664-4014-9ecf-70089b07935e@group-6B867AD06175, cid=185, SUCCESS, logIndex=4, commits[1a924af3-a664-4014-9ecf-70089b07935e:c12, b4322056-cf8e-4481-ab52-49b414438035:c7, cc647f08-9ea0-4a2f-993e-2fedd32829f9:c7]
2019-08-30 03:48:25,130 [grpc-default-executor-0] INFO  client.GrpcClientProtocolClient (GrpcClientProtocolClient.java:onNext(255)) - client-086BA158CA67->1a924af3-a664-4014-9ecf-70089b07935e: receive RaftClientReply:client-086BA158CA67->1a924af3-a664-4014-9ecf-70089b07935e@group-6B867AD06175, cid=186, SUCCESS, logIndex=5, commits[1a924af3-a664-4014-9ecf-70089b07935e:c12, b4322056-cf8e-4481-ab52-49b414438035:c7, cc647f08-9ea0-4a2f-993e-2fedd32829f9:c7]
2019-08-30 03:48:25,130 [grpc-default-executor-0] INFO  client.GrpcClientProtocolClient (GrpcClientProtocolClient.java:onNext(255)) - client-086BA158CA67->1a924af3-a664-4014-9ecf-70089b07935e: receive RaftClientReply:client-086BA158CA67->1a924af3-a664-4014-9ecf-70089b07935e@group-6B867AD06175, cid=187, SUCCESS, logIndex=6, commits[1a924af3-a664-4014-9ecf-70089b07935e:c12, b4322056-cf8e-4481-ab52-49b414438035:c7, cc647f08-9ea0-4a2f-993e-2fedd32829f9:c7]
2019-08-30 03:48:25,141 | INFO  | DNAudit | user=null | ip=null | op=PUT_BLOCK {blockData=[blockId=conID: 2 locID: 102703884198477839 bcsId: 0,size=200]} | ret=SUCCESS |  
2019-08-30 03:48:25,141 | INFO  | DNAudit | user=null | ip=null | op=WRITE_CHUNK {blockData=conID: 2 locID: 102703884198477839 bcsId: 0} | ret=SUCCESS |  
2019-08-30 03:48:25,142 | INFO  | DNAudit | user=null | ip=null | op=WRITE_CHUNK {blockData=conID: 2 locID: 102703884198477839 bcsId: 0} | ret=SUCCESS |  
2019-08-30 03:48:25,183 | INFO  | DNAudit | user=null | ip=null | op=PUT_BLOCK {blockData=[blockId=conID: 2 locID: 102703884198477839 bcsId: 0,size=200]} | ret=SUCCESS |  
2019-08-30 03:48:25,183 | INFO  | DNAudit | user=null | ip=null | op=PUT_BLOCK {blockData=[blockId=conID: 2 locID: 102703884198477839 bcsId: 0,size=400]} | ret=SUCCESS |  
2019-08-30 03:48:25,183 | INFO  | DNAudit | user=null | ip=null | op=PUT_BLOCK {blockData=[blockId=conID: 2 locID: 102703884198477839 bcsId: 0,size=400]} | ret=SUCCESS |  
2019-08-30 03:48:25,184 | INFO  | DNAudit | user=null | ip=null | op=WRITE_CHUNK {blockData=conID: 2 locID: 102703884198477839 bcsId: 0} | ret=SUCCESS |  
2019-08-30 03:48:25,184 | INFO  | DNAudit | user=null | ip=null | op=WRITE_CHUNK {blockData=conID: 2 locID: 102703884198477839 bcsId: 0} | ret=SUCCESS |  
2019-08-30 03:48:25,188 [grpc-default-executor-0] INFO  client.GrpcClientProtocolClient (GrpcClientProtocolClient.java:onNext(255)) - client-086BA158CA67->1a924af3-a664-4014-9ecf-70089b07935e: receive RaftClientReply:client-086BA158CA67->1a924af3-a664-4014-9ecf-70089b07935e@group-6B867AD06175, cid=188, SUCCESS, logIndex=7, commits[1a924af3-a664-4014-9ecf-70089b07935e:c12, b4322056-cf8e-4481-ab52-49b414438035:c7, cc647f08-9ea0-4a2f-993e-2fedd32829f9:c7]
2019-08-30 03:48:25,188 | INFO  | DNAudit | user=null | ip=null | op=PUT_BLOCK {blockData=[blockId=conID: 2 locID: 102703884198477839 bcsId: 0,size=400]} | ret=SUCCESS |  
2019-08-30 03:48:25,195 | INFO  | DNAudit | user=null | ip=null | op=WRITE_CHUNK {blockData=conID: 2 locID: 102703884198477839 bcsId: 7} | ret=SUCCESS |  
2019-08-30 03:48:25,196 | INFO  | DNAudit | user=null | ip=null | op=WRITE_CHUNK {blockData=conID: 2 locID: 102703884198477839 bcsId: 7} | ret=SUCCESS |  
2019-08-30 03:48:25,196 | INFO  | DNAudit | user=null | ip=null | op=WRITE_CHUNK {blockData=conID: 2 locID: 102703884198477839 bcsId: 7} | ret=SUCCESS |  
2019-08-30 03:48:25,205 | INFO  | DNAudit | user=null | ip=null | op=WRITE_CHUNK {blockData=conID: 2 locID: 102703884198477839 bcsId: 7} | ret=SUCCESS |  
2019-08-30 03:48:25,218 [grpc-default-executor-0] INFO  client.GrpcClientProtocolClient (GrpcClientProtocolClient.java:onNext(255)) - client-086BA158CA67->1a924af3-a664-4014-9ecf-70089b07935e: receive RaftClientReply:client-086BA158CA67->1a924af3-a664-4014-9ecf-70089b07935e@group-6B867AD06175, cid=189, SUCCESS, logIndex=13, commits[1a924af3-a664-4014-9ecf-70089b07935e:c14, b4322056-cf8e-4481-ab52-49b414438035:c12, cc647f08-9ea0-4a2f-993e-2fedd32829f9:c12]
2019-08-30 03:48:25,219 | INFO  | DNAudit | user=null | ip=null | op=PUT_BLOCK {blockData=[blockId=conID: 2 locID: 102703884198477839 bcsId: 0,size=450]} | ret=SUCCESS |  
2019-08-30 03:48:25,219 | INFO  | DNAudit | user=null | ip=null | op=WRITE_CHUNK {blockData=conID: 2 locID: 102703884198477839 bcsId: 7} | ret=SUCCESS |  
2019-08-30 03:48:25,219 | INFO  | DNAudit | user=null | ip=null | op=WRITE_CHUNK {blockData=conID: 2 locID: 102703884198477839 bcsId: 7} | ret=SUCCESS |  
2019-08-30 03:48:25,225 | INFO  | DNAudit | user=null | ip=null | op=PUT_BLOCK {blockData=[blockId=conID: 2 locID: 102703884198477839 bcsId: 0,size=450]} | ret=SUCCESS |  
2019-08-30 03:48:25,225 | INFO  | DNAudit | user=null | ip=null | op=PUT_BLOCK {blockData=[blockId=conID: 2 locID: 102703884198477839 bcsId: 0,size=450]} | ret=SUCCESS |  
2019-08-30 03:48:25,225 [grpc-default-executor-0] INFO  client.GrpcClientProtocolClient (GrpcClientProtocolClient.java:onNext(255)) - client-086BA158CA67->1a924af3-a664-4014-9ecf-70089b07935e: receive RaftClientReply:client-086BA158CA67->1a924af3-a664-4014-9ecf-70089b07935e@group-6B867AD06175, cid=190, SUCCESS, logIndex=14, commits[1a924af3-a664-4014-9ecf-70089b07935e:c14, b4322056-cf8e-4481-ab52-49b414438035:c12, cc647f08-9ea0-4a2f-993e-2fedd32829f9:c12]
2019-08-30 03:48:25,230 [grpc-default-executor-0] INFO  client.GrpcClientProtocolClient (GrpcClientProtocolClient.java:onNext(255)) - client-086BA158CA67->1a924af3-a664-4014-9ecf-70089b07935e: receive RaftClientReply:client-086BA158CA67->1a924af3-a664-4014-9ecf-70089b07935e@group-6B867AD06175, cid=191, SUCCESS, logIndex=0, commits[1a924af3-a664-4014-9ecf-70089b07935e:c15, b4322056-cf8e-4481-ab52-49b414438035:c14, cc647f08-9ea0-4a2f-993e-2fedd32829f9:c14]
2019-08-30 03:48:25,231 [main] INFO  ozone.MiniOzoneClusterImpl (MiniOzoneClusterImpl.java:shutdown(321)) - Shutting down the Mini Ozone Cluster
2019-08-30 03:48:25,231 | INFO  | SCMAudit | user=null | ip=null | op=GET_SCM_INFO null | ret=SUCCESS |  
2019-08-30 03:48:25,231 [main] INFO  ozone.MiniOzoneClusterImpl (MiniOzoneClusterImpl.java:stop(336)) - Stopping the Mini Ozone Cluster
2019-08-30 03:48:25,231 [main] INFO  ozone.MiniOzoneClusterImpl (MiniOzoneClusterImpl.java:stop(338)) - Stopping the OzoneManager
2019-08-30 03:48:25,232 [main] INFO  ipc.Server (Server.java:stop(3082)) - Stopping server on 43761
2019-08-30 03:48:25,256 [main] INFO  ratis.OzoneManagerDoubleBuffer (OzoneManagerDoubleBuffer.java:stop(248)) - Stopping OMDoubleBuffer flush thread
2019-08-30 03:48:25,263 [IPC Server Responder] INFO  ipc.Server (Server.java:run(1319)) - Stopping IPC Server Responder
2019-08-30 03:48:25,263 [OMDoubleBufferFlushThread] INFO  ratis.OzoneManagerDoubleBuffer (OzoneManagerDoubleBuffer.java:flushTransactions(191)) - OMDoubleBuffer flush thread OMDoubleBufferFlushThread is interrupted and will exit. OMDoubleBufferFlushThread
2019-08-30 03:48:25,256 [IPC Server listener on 43761] INFO  ipc.Server (Server.java:run(1185)) - Stopping IPC Server listener on 43761
2019-08-30 03:48:25,263 [main] INFO  utils.BackgroundService (BackgroundService.java:shutdown(148)) - Shutting down service KeyDeletingService
2019-08-30 03:48:25,322 [main] INFO  handler.ContextHandler (ContextHandler.java:doStop(910)) - Stopped o.e.j.w.WebAppContext@6e6ec9c{/,null,UNAVAILABLE}{/ozoneManager}
2019-08-30 03:48:25,323 [main] INFO  server.AbstractConnector (AbstractConnector.java:doStop(318)) - Stopped ServerConnector@7aecff85{HTTP/1.1,[http/1.1]}{0.0.0.0:0}
2019-08-30 03:48:25,323 [main] INFO  handler.ContextHandler (ContextHandler.java:doStop(910)) - Stopped o.e.j.s.ServletContextHandler@48900d4a{/static,file:///workdir/hadoop-ozone/integration-test/target/test-classes/webapps/static,UNAVAILABLE}
2019-08-30 03:48:25,323 [main] INFO  handler.ContextHandler (ContextHandler.java:doStop(910)) - Stopped o.e.j.s.ServletContextHandler@64455184{/logs,file:///workdir/hadoop-ozone/integration-test/target/log,UNAVAILABLE}
2019-08-30 03:48:25,326 [main] INFO  ozone.MiniOzoneClusterImpl (MiniOzoneClusterImpl.java:stop(344)) - Shutting the HddsDatanodes
2019-08-30 03:48:25,326 [main] INFO  datanode.ObjectStoreHandler (ObjectStoreHandler.java:close(155)) - Closing ObjectStoreHandler.
2019-08-30 03:48:25,326 [ForkJoinPool.commonPool-worker-0] INFO  datanode.ObjectStoreHandler (ObjectStoreHandler.java:close(155)) - Closing ObjectStoreHandler.
2019-08-30 03:48:25,327 [main] INFO  ozone.HddsDatanodeService (HddsDatanodeService.java:stop(451)) - Stopped plug-in org.apache.hadoop.ozone.web.OzoneHddsDatanodeService@19305a7c
2019-08-30 03:48:25,327 [ForkJoinPool.commonPool-worker-0] INFO  ozone.HddsDatanodeService (HddsDatanodeService.java:stop(451)) - Stopped plug-in org.apache.hadoop.ozone.web.OzoneHddsDatanodeService@67b5da40
2019-08-30 03:48:25,425 [Datanode State Machine Thread - 0] INFO  statemachine.DatanodeStateMachine (DatanodeStateMachine.java:lambda$startDaemon$0(350)) - Ozone container server started.
2019-08-30 03:48:25,426 | INFO  | SCMAudit | user=jenkins1000 | ip=192.168.36.106 | op=SEND_HEARTBEAT {datanodeUUID=2f6b521d-5d5d-44f9-9b20-650b7881613d, command=[]} | ret=SUCCESS |  
2019-08-30 03:48:25,658 [grpc-default-executor-3] WARN  server.GrpcLogAppender (LogUtils.java:warn(134)) - 2f6b521d-5d5d-44f9-9b20-650b7881613d->be188c32-466c-43f9-97ae-301f6c786ce6: Failed appendEntries: org.apache.ratis.thirdparty.io.grpc.StatusRuntimeException: UNAVAILABLE: io exception
2019-08-30 03:48:25,658 [grpc-default-executor-3] INFO  impl.FollowerInfo (FollowerInfo.java:lambda$new$0(50)) - 2f6b521d-5d5d-44f9-9b20-650b7881613d->be188c32-466c-43f9-97ae-301f6c786ce6: nextIndex: updateUnconditionally 1 -> 0
2019-08-30 03:48:26,045 [Datanode State Machine Thread - 0] INFO  statemachine.DatanodeStateMachine (DatanodeStateMachine.java:lambda$startDaemon$0(350)) - Ozone container server started.
2019-08-30 03:48:26,046 | INFO  | SCMAudit | user=jenkins1000 | ip=192.168.36.106 | op=SEND_HEARTBEAT {datanodeUUID=1a924af3-a664-4014-9ecf-70089b07935e, command=[]} | ret=SUCCESS |  
2019-08-30 03:48:26,046 | INFO  | SCMAudit | user=jenkins1000 | ip=192.168.36.106 | op=SEND_HEARTBEAT {datanodeUUID=b4322056-cf8e-4481-ab52-49b414438035, command=[]} | ret=SUCCESS |  
2019-08-30 03:48:26,110 | INFO  | SCMAudit | user=jenkins1000 | ip=192.168.36.106 | op=SEND_HEARTBEAT {datanodeUUID=088a888b-9e0f-4a9e-b54c-3d2c1c29e9f5, command=[]} | ret=SUCCESS |  
2019-08-30 03:48:26,426 | INFO  | SCMAudit | user=jenkins1000 | ip=192.168.36.106 | op=SEND_HEARTBEAT {datanodeUUID=2f6b521d-5d5d-44f9-9b20-650b7881613d, command=[]} | ret=SUCCESS |  
2019-08-30 03:48:27,047 | INFO  | SCMAudit | user=jenkins1000 | ip=192.168.36.106 | op=SEND_HEARTBEAT {datanodeUUID=b4322056-cf8e-4481-ab52-49b414438035, command=[]} | ret=SUCCESS |  
2019-08-30 03:48:27,047 | INFO  | SCMAudit | user=jenkins1000 | ip=192.168.36.106 | op=SEND_HEARTBEAT {datanodeUUID=1a924af3-a664-4014-9ecf-70089b07935e, command=[]} | ret=SUCCESS |  
2019-08-30 03:48:27,111 | INFO  | SCMAudit | user=jenkins1000 | ip=192.168.36.106 | op=SEND_HEARTBEAT {datanodeUUID=088a888b-9e0f-4a9e-b54c-3d2c1c29e9f5, command=[]} | ret=SUCCESS |  
2019-08-30 03:48:27,436 | INFO  | SCMAudit | user=jenkins1000 | ip=192.168.36.106 | op=SEND_HEARTBEAT {datanodeUUID=2f6b521d-5d5d-44f9-9b20-650b7881613d, command=[]} | ret=SUCCESS |  
2019-08-30 03:48:28,046 | INFO  | SCMAudit | user=jenkins1000 | ip=192.168.36.106 | op=SEND_HEARTBEAT {datanodeUUID=1a924af3-a664-4014-9ecf-70089b07935e, command=[]} | ret=SUCCESS |  
2019-08-30 03:48:28,047 | INFO  | SCMAudit | user=jenkins1000 | ip=192.168.36.106 | op=SEND_HEARTBEAT {datanodeUUID=b4322056-cf8e-4481-ab52-49b414438035, command=[]} | ret=SUCCESS |  
2019-08-30 03:48:28,111 | INFO  | SCMAudit | user=jenkins1000 | ip=192.168.36.106 | op=SEND_HEARTBEAT {datanodeUUID=088a888b-9e0f-4a9e-b54c-3d2c1c29e9f5, command=[]} | ret=SUCCESS |  
2019-08-30 03:48:28,159 [grpc-default-executor-5] WARN  server.GrpcLogAppender (LogUtils.java:warn(134)) - 2f6b521d-5d5d-44f9-9b20-650b7881613d->be188c32-466c-43f9-97ae-301f6c786ce6: Failed appendEntries: org.apache.ratis.thirdparty.io.grpc.StatusRuntimeException: UNAVAILABLE: io exception
2019-08-30 03:48:28,159 [grpc-default-executor-5] INFO  impl.FollowerInfo (FollowerInfo.java:lambda$new$0(50)) - 2f6b521d-5d5d-44f9-9b20-650b7881613d->be188c32-466c-43f9-97ae-301f6c786ce6: nextIndex: updateUnconditionally 0 -> 0
2019-08-30 03:48:28,427 | INFO  | SCMAudit | user=jenkins1000 | ip=192.168.36.106 | op=SEND_HEARTBEAT {datanodeUUID=2f6b521d-5d5d-44f9-9b20-650b7881613d, command=[]} | ret=SUCCESS |  
2019-08-30 03:48:29,046 | INFO  | SCMAudit | user=jenkins1000 | ip=192.168.36.106 | op=SEND_HEARTBEAT {datanodeUUID=1a924af3-a664-4014-9ecf-70089b07935e, command=[]} | ret=SUCCESS |  
2019-08-30 03:48:29,046 | INFO  | SCMAudit | user=jenkins1000 | ip=192.168.36.106 | op=SEND_HEARTBEAT {datanodeUUID=b4322056-cf8e-4481-ab52-49b414438035, command=[]} | ret=SUCCESS |  
2019-08-30 03:48:29,112 | INFO  | SCMAudit | user=jenkins1000 | ip=192.168.36.106 | op=SEND_HEARTBEAT {datanodeUUID=088a888b-9e0f-4a9e-b54c-3d2c1c29e9f5, command=[]} | ret=SUCCESS |  
2019-08-30 03:48:29,427 | INFO  | SCMAudit | user=jenkins1000 | ip=192.168.36.106 | op=SEND_HEARTBEAT {datanodeUUID=2f6b521d-5d5d-44f9-9b20-650b7881613d, command=[]} | ret=SUCCESS |  
2019-08-30 03:48:29,428 [EventQueue-StaleNodeForStaleNodeHandler] INFO  node.StaleNodeHandler (StaleNodeHandler.java:onMessage(58)) - Datanode 411242e4-7603-4235-b66c-08546d6d220d{ip: 192.168.36.106, host: pr-hdds-1569-5ldcr-795608406, networkLocation: /default-rack, certSerialId: null} moved to stale state. Finalizing its pipelines [PipelineID=5db71220-eab3-4979-9605-f2b43fcff49b, PipelineID=14e65be0-97cc-4853-8722-98dde4acec31]
2019-08-30 03:48:29,428 [EventQueue-StaleNodeForStaleNodeHandler] INFO  pipeline.SCMPipelineManager (SCMPipelineManager.java:finalizeAndDestroyPipeline(309)) - destroying pipeline:Pipeline[ Id: 5db71220-eab3-4979-9605-f2b43fcff49b, Nodes: be188c32-466c-43f9-97ae-301f6c786ce6{ip: 192.168.36.106, host: pr-hdds-1569-5ldcr-795608406, networkLocation: /default-rack, certSerialId: null}2f6b521d-5d5d-44f9-9b20-650b7881613d{ip: 192.168.36.106, host: pr-hdds-1569-5ldcr-795608406, networkLocation: /default-rack, certSerialId: null}411242e4-7603-4235-b66c-08546d6d220d{ip: 192.168.36.106, host: pr-hdds-1569-5ldcr-795608406, networkLocation: /default-rack, certSerialId: null}, Type:RATIS, Factor:THREE, State:CLOSED]
2019-08-30 03:48:29,429 [EventQueue-StaleNodeForStaleNodeHandler] INFO  pipeline.SCMPipelineManager (SCMPipelineManager.java:finalizeAndDestroyPipeline(309)) - destroying pipeline:Pipeline[ Id: 14e65be0-97cc-4853-8722-98dde4acec31, Nodes: 411242e4-7603-4235-b66c-08546d6d220d{ip: 192.168.36.106, host: pr-hdds-1569-5ldcr-795608406, networkLocation: /default-rack, certSerialId: null}, Type:RATIS, Factor:ONE, State:OPEN]
2019-08-30 03:48:29,429 [EventQueue-StaleNodeForStaleNodeHandler] INFO  pipeline.PipelineStateManager (PipelineStateManager.java:finalizePipeline(123)) - Pipeline Pipeline[ Id: 14e65be0-97cc-4853-8722-98dde4acec31, Nodes: 411242e4-7603-4235-b66c-08546d6d220d{ip: 192.168.36.106, host: pr-hdds-1569-5ldcr-795608406, networkLocation: /default-rack, certSerialId: null}, Type:RATIS, Factor:ONE, State:CLOSED] moved to CLOSED state
2019-08-30 03:48:30,046 | INFO  | SCMAudit | user=jenkins1000 | ip=192.168.36.106 | op=SEND_HEARTBEAT {datanodeUUID=b4322056-cf8e-4481-ab52-49b414438035, command=[]} | ret=SUCCESS |  
2019-08-30 03:48:30,046 | INFO  | SCMAudit | user=jenkins1000 | ip=192.168.36.106 | op=SEND_HEARTBEAT {datanodeUUID=1a924af3-a664-4014-9ecf-70089b07935e, command=[]} | ret=SUCCESS |  
2019-08-30 03:48:30,112 | INFO  | SCMAudit | user=jenkins1000 | ip=192.168.36.106 | op=SEND_HEARTBEAT {datanodeUUID=088a888b-9e0f-4a9e-b54c-3d2c1c29e9f5, command=[]} | ret=SUCCESS |  
2019-08-30 03:48:30,129 [EventQueue-StaleNodeForStaleNodeHandler] INFO  node.StaleNodeHandler (StaleNodeHandler.java:onMessage(58)) - Datanode cc647f08-9ea0-4a2f-993e-2fedd32829f9{ip: 192.168.36.106, host: pr-hdds-1569-5ldcr-795608406, networkLocation: /default-rack, certSerialId: null} moved to stale state. Finalizing its pipelines [PipelineID=616a2f16-8a3e-481e-9f33-1bf894b0cb93, PipelineID=b0a75fed-ebb0-41ed-91eb-6b867ad06175]
2019-08-30 03:48:30,129 [EventQueue-StaleNodeForStaleNodeHandler] INFO  pipeline.SCMPipelineManager (SCMPipelineManager.java:finalizeAndDestroyPipeline(309)) - destroying pipeline:Pipeline[ Id: 616a2f16-8a3e-481e-9f33-1bf894b0cb93, Nodes: cc647f08-9ea0-4a2f-993e-2fedd32829f9{ip: 192.168.36.106, host: pr-hdds-1569-5ldcr-795608406, networkLocation: /default-rack, certSerialId: null}, Type:RATIS, Factor:ONE, State:OPEN]
2019-08-30 03:48:30,129 [EventQueue-StaleNodeForStaleNodeHandler] INFO  pipeline.PipelineStateManager (PipelineStateManager.java:finalizePipeline(123)) - Pipeline Pipeline[ Id: 616a2f16-8a3e-481e-9f33-1bf894b0cb93, Nodes: cc647f08-9ea0-4a2f-993e-2fedd32829f9{ip: 192.168.36.106, host: pr-hdds-1569-5ldcr-795608406, networkLocation: /default-rack, certSerialId: null}, Type:RATIS, Factor:ONE, State:CLOSED] moved to CLOSED state
2019-08-30 03:48:30,130 [EventQueue-StaleNodeForStaleNodeHandler] INFO  pipeline.SCMPipelineManager (SCMPipelineManager.java:finalizeAndDestroyPipeline(309)) - destroying pipeline:Pipeline[ Id: b0a75fed-ebb0-41ed-91eb-6b867ad06175, Nodes: cc647f08-9ea0-4a2f-993e-2fedd32829f9{ip: 192.168.36.106, host: pr-hdds-1569-5ldcr-795608406, networkLocation: /default-rack, certSerialId: null}b4322056-cf8e-4481-ab52-49b414438035{ip: 192.168.36.106, host: pr-hdds-1569-5ldcr-795608406, networkLocation: /default-rack, certSerialId: null}1a924af3-a664-4014-9ecf-70089b07935e{ip: 192.168.36.106, host: pr-hdds-1569-5ldcr-795608406, networkLocation: /default-rack, certSerialId: null}, Type:RATIS, Factor:THREE, State:OPEN]
2019-08-30 03:48:30,130 [EventQueue-StaleNodeForStaleNodeHandler] INFO  pipeline.PipelineStateManager (PipelineStateManager.java:finalizePipeline(123)) - Pipeline Pipeline[ Id: b0a75fed-ebb0-41ed-91eb-6b867ad06175, Nodes: cc647f08-9ea0-4a2f-993e-2fedd32829f9{ip: 192.168.36.106, host: pr-hdds-1569-5ldcr-795608406, networkLocation: /default-rack, certSerialId: null}b4322056-cf8e-4481-ab52-49b414438035{ip: 192.168.36.106, host: pr-hdds-1569-5ldcr-795608406, networkLocation: /default-rack, certSerialId: null}1a924af3-a664-4014-9ecf-70089b07935e{ip: 192.168.36.106, host: pr-hdds-1569-5ldcr-795608406, networkLocation: /default-rack, certSerialId: null}, Type:RATIS, Factor:THREE, State:CLOSED] moved to CLOSED state
2019-08-30 03:48:30,130 [EventQueue-CloseContainerForCloseContainerEventHandler] INFO  container.CloseContainerEventHandler (CloseContainerEventHandler.java:onMessage(61)) - Close container Event triggered for container : #2
2019-08-30 03:48:30,327 [ForkJoinPool.commonPool-worker-0] INFO  ozoneimpl.OzoneContainer (OzoneContainer.java:stop(199)) - Attempting to stop container services.
2019-08-30 03:48:30,327 [main] INFO  ozoneimpl.OzoneContainer (OzoneContainer.java:stop(199)) - Attempting to stop container services.
2019-08-30 03:48:30,328 [ForkJoinPool.commonPool-worker-0] INFO  impl.RaftServerProxy (RaftServerProxy.java:lambda$close$4(314)) - 411242e4-7603-4235-b66c-08546d6d220d: close
2019-08-30 03:48:30,328 [main] INFO  impl.RaftServerProxy (RaftServerProxy.java:lambda$close$4(314)) - cc647f08-9ea0-4a2f-993e-2fedd32829f9: close
2019-08-30 03:48:30,328 [ForkJoinPool.commonPool-worker-0] INFO  impl.RaftServerImpl (RaftServerImpl.java:lambda$shutdown$3(245)) - 411242e4-7603-4235-b66c-08546d6d220d: shutdown group-F2B43FCFF49B
2019-08-30 03:48:30,328 [main] INFO  impl.RaftServerImpl (RaftServerImpl.java:lambda$shutdown$3(245)) - cc647f08-9ea0-4a2f-993e-2fedd32829f9: shutdown group-1BF894B0CB93
2019-08-30 03:48:30,329 [ForkJoinPool.commonPool-worker-0] INFO  util.JmxRegister (JmxRegister.java:unregister(73)) - Successfully un-registered JMX Bean with object name Ratis:service=RaftServer,group=group-F2B43FCFF49B,id=411242e4-7603-4235-b66c-08546d6d220d
2019-08-30 03:48:30,329 [main] INFO  util.JmxRegister (JmxRegister.java:unregister(73)) - Successfully un-registered JMX Bean with object name Ratis:service=RaftServer,group=group-1BF894B0CB93,id=cc647f08-9ea0-4a2f-993e-2fedd32829f9
2019-08-30 03:48:30,329 [ForkJoinPool.commonPool-worker-0] INFO  impl.RoleInfo (RoleInfo.java:shutdownFollowerState(121)) - 411242e4-7603-4235-b66c-08546d6d220d: shutdown FollowerState
2019-08-30 03:48:30,329 [main] INFO  impl.RoleInfo (RoleInfo.java:shutdownLeaderState(104)) - cc647f08-9ea0-4a2f-993e-2fedd32829f9: shutdown LeaderState
2019-08-30 03:48:30,330 [Thread-3820] INFO  impl.FollowerState (FollowerState.java:run(114)) - 411242e4-7603-4235-b66c-08546d6d220d: FollowerState was interrupted: java.lang.InterruptedException: sleep interrupted
2019-08-30 03:48:30,330 [StateMachineUpdater:411242e4-7603-4235-b66c-08546d6d220d:group-F2B43FCFF49B] INFO  ratis.ContainerStateMachine (ContainerStateMachine.java:takeSnapshot(283)) - group-F2B43FCFF49B: Taking a snapshot at:(t:2, i:12) file /workdir/hadoop-ozone/integration-test/target/test-dir/MiniOzoneClusterImpl-54fb3437-fb27-4fd7-8614-a0b063bd7494/datanode-2/data/ratis/5db71220-eab3-4979-9605-f2b43fcff49b/sm/snapshot.2_12
2019-08-30 03:48:30,330 [ForkJoinPool.commonPool-worker-0] INFO  impl.StateMachineUpdater (StateMachineUpdater.java:stopAndJoin(115)) - StateMachineUpdater:411242e4-7603-4235-b66c-08546d6d220d:group-F2B43FCFF49B: set stopIndex = 16
2019-08-30 03:48:30,330 [main] INFO  impl.PendingRequests (PendingRequests.java:sendNotLeaderResponses(202)) - cc647f08-9ea0-4a2f-993e-2fedd32829f9-PendingRequests: sendNotLeaderResponses
2019-08-30 03:48:30,333 [main] INFO  impl.StateMachineUpdater (StateMachineUpdater.java:stopAndJoin(115)) - StateMachineUpdater:cc647f08-9ea0-4a2f-993e-2fedd32829f9:group-1BF894B0CB93: set stopIndex = 0
2019-08-30 03:48:30,334 [main] INFO  impl.RaftServerImpl (ServerState.java:close(394)) - cc647f08-9ea0-4a2f-993e-2fedd32829f9:group-1BF894B0CB93 closes. The last applied log index is 0
2019-08-30 03:48:30,334 [cc647f08-9ea0-4a2f-993e-2fedd32829f9-SegmentedRaftLogWorker:Storage Directory /workdir/hadoop-ozone/integration-test/target/test-dir/MiniOzoneClusterImpl-54fb3437-fb27-4fd7-8614-a0b063bd7494/datanode-4/data/ratis/616a2f16-8a3e-481e-9f33-1bf894b0cb93] INFO  segmented.SegmentedRaftLogWorker (SegmentedRaftLogWorker.java:run(313)) - cc647f08-9ea0-4a2f-993e-2fedd32829f9-SegmentedRaftLogWorker:Storage Directory /workdir/hadoop-ozone/integration-test/target/test-dir/MiniOzoneClusterImpl-54fb3437-fb27-4fd7-8614-a0b063bd7494/datanode-4/data/ratis/616a2f16-8a3e-481e-9f33-1bf894b0cb93 was interrupted, exiting. There are 0 tasks remaining in the queue.
2019-08-30 03:48:30,336 [main] INFO  segmented.SegmentedRaftLogWorker (SegmentedRaftLogWorker.java:close(228)) - cc647f08-9ea0-4a2f-993e-2fedd32829f9-SegmentedRaftLogWorker:Storage Directory /workdir/hadoop-ozone/integration-test/target/test-dir/MiniOzoneClusterImpl-54fb3437-fb27-4fd7-8614-a0b063bd7494/datanode-4/data/ratis/616a2f16-8a3e-481e-9f33-1bf894b0cb93 close()
2019-08-30 03:48:30,339 [main] INFO  impl.RaftServerImpl (RaftServerImpl.java:lambda$shutdown$3(245)) - cc647f08-9ea0-4a2f-993e-2fedd32829f9: shutdown group-6B867AD06175
2019-08-30 03:48:30,339 [main] INFO  util.JmxRegister (JmxRegister.java:unregister(73)) - Successfully un-registered JMX Bean with object name Ratis:service=RaftServer,group=group-6B867AD06175,id=cc647f08-9ea0-4a2f-993e-2fedd32829f9
2019-08-30 03:48:30,340 [main] INFO  impl.RoleInfo (RoleInfo.java:shutdownFollowerState(121)) - cc647f08-9ea0-4a2f-993e-2fedd32829f9: shutdown FollowerState
2019-08-30 03:48:30,340 [main] INFO  impl.StateMachineUpdater (StateMachineUpdater.java:stopAndJoin(115)) - StateMachineUpdater:cc647f08-9ea0-4a2f-993e-2fedd32829f9:group-6B867AD06175: set stopIndex = 16
2019-08-30 03:48:30,340 [Thread-3621] INFO  impl.FollowerState (FollowerState.java:run(114)) - cc647f08-9ea0-4a2f-993e-2fedd32829f9: FollowerState was interrupted: java.lang.InterruptedException: sleep interrupted
2019-08-30 03:48:30,340 [StateMachineUpdater:cc647f08-9ea0-4a2f-993e-2fedd32829f9:group-6B867AD06175] INFO  ratis.ContainerStateMachine (ContainerStateMachine.java:takeSnapshot(283)) - group-6B867AD06175: Taking a snapshot at:(t:1, i:14) file /workdir/hadoop-ozone/integration-test/target/test-dir/MiniOzoneClusterImpl-54fb3437-fb27-4fd7-8614-a0b063bd7494/datanode-4/data/ratis/b0a75fed-ebb0-41ed-91eb-6b867ad06175/sm/snapshot.1_14
2019-08-30 03:48:30,427 | INFO  | SCMAudit | user=jenkins1000 | ip=192.168.36.106 | op=SEND_HEARTBEAT {datanodeUUID=2f6b521d-5d5d-44f9-9b20-650b7881613d, command=[]} | ret=SUCCESS |  
2019-08-30 03:48:30,659 [grpc-default-executor-0] WARN  server.GrpcLogAppender (LogUtils.java:warn(134)) - 2f6b521d-5d5d-44f9-9b20-650b7881613d->be188c32-466c-43f9-97ae-301f6c786ce6: Failed appendEntries: org.apache.ratis.thirdparty.io.grpc.StatusRuntimeException: UNAVAILABLE: io exception
2019-08-30 03:48:30,660 [grpc-default-executor-0] INFO  impl.FollowerInfo (FollowerInfo.java:lambda$new$0(50)) - 2f6b521d-5d5d-44f9-9b20-650b7881613d->be188c32-466c-43f9-97ae-301f6c786ce6: nextIndex: updateUnconditionally 0 -> 0
2019-08-30 03:48:30,903 [StateMachineUpdater:411242e4-7603-4235-b66c-08546d6d220d:group-F2B43FCFF49B] INFO  ratis.ContainerStateMachine (ContainerStateMachine.java:takeSnapshot(294)) - group-F2B43FCFF49B: Finished taking a snapshot at:(t:2, i:12) file:/workdir/hadoop-ozone/integration-test/target/test-dir/MiniOzoneClusterImpl-54fb3437-fb27-4fd7-8614-a0b063bd7494/datanode-2/data/ratis/5db71220-eab3-4979-9605-f2b43fcff49b/sm/snapshot.2_12 time:573
2019-08-30 03:48:30,903 [StateMachineUpdater:cc647f08-9ea0-4a2f-993e-2fedd32829f9:group-6B867AD06175] INFO  ratis.ContainerStateMachine (ContainerStateMachine.java:takeSnapshot(294)) - group-6B867AD06175: Finished taking a snapshot at:(t:1, i:14) file:/workdir/hadoop-ozone/integration-test/target/test-dir/MiniOzoneClusterImpl-54fb3437-fb27-4fd7-8614-a0b063bd7494/datanode-4/data/ratis/b0a75fed-ebb0-41ed-91eb-6b867ad06175/sm/snapshot.1_14 time:563
2019-08-30 03:48:30,903 [StateMachineUpdater:411242e4-7603-4235-b66c-08546d6d220d:group-F2B43FCFF49B] INFO  impl.StateMachineUpdater (StateMachineUpdater.java:takeSnapshot(242)) - StateMachineUpdater:411242e4-7603-4235-b66c-08546d6d220d:group-F2B43FCFF49B: Took a snapshot at index 12
2019-08-30 03:48:30,903 [StateMachineUpdater:cc647f08-9ea0-4a2f-993e-2fedd32829f9:group-6B867AD06175] INFO  impl.StateMachineUpdater (StateMachineUpdater.java:takeSnapshot(242)) - StateMachineUpdater:cc647f08-9ea0-4a2f-993e-2fedd32829f9:group-6B867AD06175: Took a snapshot at index 14
2019-08-30 03:48:30,903 [StateMachineUpdater:411242e4-7603-4235-b66c-08546d6d220d:group-F2B43FCFF49B] INFO  impl.StateMachineUpdater (StateMachineUpdater.java:lambda$new$0(80)) - StateMachineUpdater:411242e4-7603-4235-b66c-08546d6d220d:group-F2B43FCFF49B: snapshotIndex: updateIncreasingly -1 -> 12
2019-08-30 03:48:30,903 [StateMachineUpdater:cc647f08-9ea0-4a2f-993e-2fedd32829f9:group-6B867AD06175] INFO  impl.StateMachineUpdater (StateMachineUpdater.java:lambda$new$0(80)) - StateMachineUpdater:cc647f08-9ea0-4a2f-993e-2fedd32829f9:group-6B867AD06175: snapshotIndex: updateIncreasingly -1 -> 14
2019-08-30 03:48:30,904 [main] INFO  impl.RaftServerImpl (ServerState.java:close(394)) - cc647f08-9ea0-4a2f-993e-2fedd32829f9:group-6B867AD06175 closes. The last applied log index is 16
2019-08-30 03:48:30,904 [ForkJoinPool.commonPool-worker-0] INFO  impl.RaftServerImpl (ServerState.java:close(394)) - 411242e4-7603-4235-b66c-08546d6d220d:group-F2B43FCFF49B closes. The last applied log index is 16
2019-08-30 03:48:30,904 [cc647f08-9ea0-4a2f-993e-2fedd32829f9-SegmentedRaftLogWorker:Storage Directory /workdir/hadoop-ozone/integration-test/target/test-dir/MiniOzoneClusterImpl-54fb3437-fb27-4fd7-8614-a0b063bd7494/datanode-4/data/ratis/b0a75fed-ebb0-41ed-91eb-6b867ad06175] INFO  segmented.SegmentedRaftLogWorker (SegmentedRaftLogWorker.java:run(313)) - cc647f08-9ea0-4a2f-993e-2fedd32829f9-SegmentedRaftLogWorker:Storage Directory /workdir/hadoop-ozone/integration-test/target/test-dir/MiniOzoneClusterImpl-54fb3437-fb27-4fd7-8614-a0b063bd7494/datanode-4/data/ratis/b0a75fed-ebb0-41ed-91eb-6b867ad06175 was interrupted, exiting. There are 0 tasks remaining in the queue.
2019-08-30 03:48:30,908 [411242e4-7603-4235-b66c-08546d6d220d-SegmentedRaftLogWorker:Storage Directory /workdir/hadoop-ozone/integration-test/target/test-dir/MiniOzoneClusterImpl-54fb3437-fb27-4fd7-8614-a0b063bd7494/datanode-2/data/ratis/5db71220-eab3-4979-9605-f2b43fcff49b] INFO  segmented.SegmentedRaftLogWorker (SegmentedRaftLogWorker.java:run(313)) - 411242e4-7603-4235-b66c-08546d6d220d-SegmentedRaftLogWorker:Storage Directory /workdir/hadoop-ozone/integration-test/target/test-dir/MiniOzoneClusterImpl-54fb3437-fb27-4fd7-8614-a0b063bd7494/datanode-2/data/ratis/5db71220-eab3-4979-9605-f2b43fcff49b was interrupted, exiting. There are 0 tasks remaining in the queue.
2019-08-30 03:48:30,908 [main] INFO  segmented.SegmentedRaftLogWorker (SegmentedRaftLogWorker.java:close(228)) - cc647f08-9ea0-4a2f-993e-2fedd32829f9-SegmentedRaftLogWorker:Storage Directory /workdir/hadoop-ozone/integration-test/target/test-dir/MiniOzoneClusterImpl-54fb3437-fb27-4fd7-8614-a0b063bd7494/datanode-4/data/ratis/b0a75fed-ebb0-41ed-91eb-6b867ad06175 close()
2019-08-30 03:48:30,910 [ForkJoinPool.commonPool-worker-0] INFO  segmented.SegmentedRaftLogWorker (SegmentedRaftLogWorker.java:close(228)) - 411242e4-7603-4235-b66c-08546d6d220d-SegmentedRaftLogWorker:Storage Directory /workdir/hadoop-ozone/integration-test/target/test-dir/MiniOzoneClusterImpl-54fb3437-fb27-4fd7-8614-a0b063bd7494/datanode-2/data/ratis/5db71220-eab3-4979-9605-f2b43fcff49b close()
2019-08-30 03:48:30,914 [main] INFO  server.GrpcService (GrpcService.java:closeImpl(155)) - cc647f08-9ea0-4a2f-993e-2fedd32829f9: shutdown server with port 42702 now
2019-08-30 03:48:30,918 [ForkJoinPool.commonPool-worker-0] INFO  impl.RaftServerImpl (RaftServerImpl.java:lambda$shutdown$3(245)) - 411242e4-7603-4235-b66c-08546d6d220d: shutdown group-98DDE4ACEC31
2019-08-30 03:48:30,918 [ForkJoinPool.commonPool-worker-0] INFO  util.JmxRegister (JmxRegister.java:unregister(73)) - Successfully un-registered JMX Bean with object name Ratis:service=RaftServer,group=group-98DDE4ACEC31,id=411242e4-7603-4235-b66c-08546d6d220d
2019-08-30 03:48:30,918 [ForkJoinPool.commonPool-worker-0] INFO  impl.RoleInfo (RoleInfo.java:shutdownLeaderState(104)) - 411242e4-7603-4235-b66c-08546d6d220d: shutdown LeaderState
2019-08-30 03:48:30,919 [main] INFO  server.GrpcService (GrpcService.java:closeImpl(163)) - cc647f08-9ea0-4a2f-993e-2fedd32829f9: shutdown server with port 42702 successfully
2019-08-30 03:48:30,918 [grpc-default-executor-5] WARN  server.GrpcServerProtocolService (LogUtils.java:warn(134)) - cc647f08-9ea0-4a2f-993e-2fedd32829f9: appendEntries onError: org.apache.ratis.thirdparty.io.grpc.StatusRuntimeException: CANCELLED: cancelled before receiving half close
2019-08-30 03:48:30,919 [ForkJoinPool.commonPool-worker-0] INFO  impl.PendingRequests (PendingRequests.java:sendNotLeaderResponses(202)) - 411242e4-7603-4235-b66c-08546d6d220d-PendingRequests: sendNotLeaderResponses
2019-08-30 03:48:30,919 [grpc-default-executor-3] WARN  server.GrpcLogAppender (LogUtils.java:warn(134)) - 1a924af3-a664-4014-9ecf-70089b07935e->cc647f08-9ea0-4a2f-993e-2fedd32829f9: Failed appendEntries: org.apache.ratis.thirdparty.io.grpc.StatusRuntimeException: CANCELLED: HTTP/2 error code: CANCEL
Received Rst Stream
2019-08-30 03:48:30,920 [ForkJoinPool.commonPool-worker-0] INFO  impl.StateMachineUpdater (StateMachineUpdater.java:stopAndJoin(115)) - StateMachineUpdater:411242e4-7603-4235-b66c-08546d6d220d:group-98DDE4ACEC31: set stopIndex = 0
2019-08-30 03:48:30,920 [main] INFO  utils.BackgroundService (BackgroundService.java:shutdown(148)) - Shutting down service BlockDeletingService
2019-08-30 03:48:30,920 [grpc-default-executor-3] INFO  impl.FollowerInfo (FollowerInfo.java:lambda$new$0(50)) - 1a924af3-a664-4014-9ecf-70089b07935e->cc647f08-9ea0-4a2f-993e-2fedd32829f9: nextIndex: updateUnconditionally 17 -> 16
2019-08-30 03:48:30,920 [ForkJoinPool.commonPool-worker-0] INFO  impl.RaftServerImpl (ServerState.java:close(394)) - 411242e4-7603-4235-b66c-08546d6d220d:group-98DDE4ACEC31 closes. The last applied log index is 0
2019-08-30 03:48:30,921 [refreshUsed-/workdir/hadoop-ozone/integration-test/target/test-dir/MiniOzoneClusterImpl-54fb3437-fb27-4fd7-8614-a0b063bd7494/datanode-4/data/containers] WARN  fs.CachingGetSpaceUsed (CachingGetSpaceUsed.java:run(183)) - Thread Interrupted waiting to refresh disk information: sleep interrupted
2019-08-30 03:48:30,922 [411242e4-7603-4235-b66c-08546d6d220d-SegmentedRaftLogWorker:Storage Directory /workdir/hadoop-ozone/integration-test/target/test-dir/MiniOzoneClusterImpl-54fb3437-fb27-4fd7-8614-a0b063bd7494/datanode-2/data/ratis/14e65be0-97cc-4853-8722-98dde4acec31] INFO  segmented.SegmentedRaftLogWorker (SegmentedRaftLogWorker.java:run(313)) - 411242e4-7603-4235-b66c-08546d6d220d-SegmentedRaftLogWorker:Storage Directory /workdir/hadoop-ozone/integration-test/target/test-dir/MiniOzoneClusterImpl-54fb3437-fb27-4fd7-8614-a0b063bd7494/datanode-2/data/ratis/14e65be0-97cc-4853-8722-98dde4acec31 was interrupted, exiting. There are 0 tasks remaining in the queue.
2019-08-30 03:48:30,925 [ForkJoinPool.commonPool-worker-0] INFO  segmented.SegmentedRaftLogWorker (SegmentedRaftLogWorker.java:close(228)) - 411242e4-7603-4235-b66c-08546d6d220d-SegmentedRaftLogWorker:Storage Directory /workdir/hadoop-ozone/integration-test/target/test-dir/MiniOzoneClusterImpl-54fb3437-fb27-4fd7-8614-a0b063bd7494/datanode-2/data/ratis/14e65be0-97cc-4853-8722-98dde4acec31 close()
2019-08-30 03:48:30,929 [ForkJoinPool.commonPool-worker-0] INFO  server.GrpcService (GrpcService.java:closeImpl(155)) - 411242e4-7603-4235-b66c-08546d6d220d: shutdown server with port 35846 now
2019-08-30 03:48:30,930 [grpc-default-executor-5] WARN  server.GrpcServerProtocolService (LogUtils.java:warn(134)) - 411242e4-7603-4235-b66c-08546d6d220d: appendEntries onError: org.apache.ratis.thirdparty.io.grpc.StatusRuntimeException: CANCELLED: cancelled before receiving half close
2019-08-30 03:48:30,930 [ForkJoinPool.commonPool-worker-0] INFO  server.GrpcService (GrpcService.java:closeImpl(163)) - 411242e4-7603-4235-b66c-08546d6d220d: shutdown server with port 35846 successfully
2019-08-30 03:48:30,930 [grpc-default-executor-3] WARN  server.GrpcLogAppender (LogUtils.java:warn(134)) - 2f6b521d-5d5d-44f9-9b20-650b7881613d->411242e4-7603-4235-b66c-08546d6d220d: Failed appendEntries: org.apache.ratis.thirdparty.io.grpc.StatusRuntimeException: CANCELLED: HTTP/2 error code: CANCEL
Received Rst Stream
2019-08-30 03:48:30,930 [grpc-default-executor-3] INFO  impl.FollowerInfo (FollowerInfo.java:lambda$new$0(50)) - 2f6b521d-5d5d-44f9-9b20-650b7881613d->411242e4-7603-4235-b66c-08546d6d220d: nextIndex: updateUnconditionally 17 -> 16
2019-08-30 03:48:30,931 [ForkJoinPool.commonPool-worker-0] INFO  utils.BackgroundService (BackgroundService.java:shutdown(148)) - Shutting down service BlockDeletingService
2019-08-30 03:48:30,932 [refreshUsed-/workdir/hadoop-ozone/integration-test/target/test-dir/MiniOzoneClusterImpl-54fb3437-fb27-4fd7-8614-a0b063bd7494/datanode-2/data/containers] WARN  fs.CachingGetSpaceUsed (CachingGetSpaceUsed.java:run(183)) - Thread Interrupted waiting to refresh disk information: sleep interrupted
2019-08-30 03:48:30,949 [main] INFO  statemachine.DatanodeStateMachine (DatanodeStateMachine.java:stopDaemon(395)) - Ozone container server stopped.
2019-08-30 03:48:30,950 [main] INFO  handler.ContextHandler (ContextHandler.java:doStop(910)) - Stopped o.e.j.w.WebAppContext@2daf650b{/,null,UNAVAILABLE}{/hddsDatanode}
2019-08-30 03:48:30,954 [ForkJoinPool.commonPool-worker-0] INFO  statemachine.DatanodeStateMachine (DatanodeStateMachine.java:stopDaemon(395)) - Ozone container server stopped.
2019-08-30 03:48:30,957 [main] INFO  server.AbstractConnector (AbstractConnector.java:doStop(318)) - Stopped ServerConnector@4d7a4317{HTTP/1.1,[http/1.1]}{0.0.0.0:0}
2019-08-30 03:48:30,958 [main] INFO  handler.ContextHandler (ContextHandler.java:doStop(910)) - Stopped o.e.j.s.ServletContextHandler@6872201{/static,jar:file:/home/user/.m2/repository/org/apache/hadoop/hadoop-hdds-container-service/0.5.0-SNAPSHOT/hadoop-hdds-container-service-0.5.0-SNAPSHOT.jar!/webapps/static,UNAVAILABLE}
2019-08-30 03:48:30,959 [ForkJoinPool.commonPool-worker-0] INFO  handler.ContextHandler (ContextHandler.java:doStop(910)) - Stopped o.e.j.w.WebAppContext@2199e1a4{/,null,UNAVAILABLE}{/hddsDatanode}
2019-08-30 03:48:30,960 [main] INFO  handler.ContextHandler (ContextHandler.java:doStop(910)) - Stopped o.e.j.s.ServletContextHandler@5854e526{/logs,file:///workdir/hadoop-ozone/integration-test/target/log,UNAVAILABLE}
2019-08-30 03:48:30,960 [ForkJoinPool.commonPool-worker-0] INFO  server.AbstractConnector (AbstractConnector.java:doStop(318)) - Stopped ServerConnector@1c63b39a{HTTP/1.1,[http/1.1]}{0.0.0.0:0}
2019-08-30 03:48:30,962 [ForkJoinPool.commonPool-worker-0] INFO  handler.ContextHandler (ContextHandler.java:doStop(910)) - Stopped o.e.j.s.ServletContextHandler@644f033d{/static,jar:file:/home/user/.m2/repository/org/apache/hadoop/hadoop-hdds-container-service/0.5.0-SNAPSHOT/hadoop-hdds-container-service-0.5.0-SNAPSHOT.jar!/webapps/static,UNAVAILABLE}
2019-08-30 03:48:30,963 [main] INFO  datanode.ObjectStoreHandler (ObjectStoreHandler.java:close(155)) - Closing ObjectStoreHandler.
2019-08-30 03:48:30,963 [ForkJoinPool.commonPool-worker-0] INFO  handler.ContextHandler (ContextHandler.java:doStop(910)) - Stopped o.e.j.s.ServletContextHandler@77c7d3f4{/logs,file:///workdir/hadoop-ozone/integration-test/target/log,UNAVAILABLE}
2019-08-30 03:48:30,964 [main] INFO  ozone.HddsDatanodeService (HddsDatanodeService.java:stop(451)) - Stopped plug-in org.apache.hadoop.ozone.web.OzoneHddsDatanodeService@77c8b276
2019-08-30 03:48:30,964 [ForkJoinPool.commonPool-worker-0] INFO  datanode.ObjectStoreHandler (ObjectStoreHandler.java:close(155)) - Closing ObjectStoreHandler.
2019-08-30 03:48:30,965 [ForkJoinPool.commonPool-worker-0] INFO  ozone.HddsDatanodeService (HddsDatanodeService.java:stop(451)) - Stopped plug-in org.apache.hadoop.ozone.web.OzoneHddsDatanodeService@386ec37d
2019-08-30 03:48:31,046 [Datanode State Machine Thread - 0] INFO  statemachine.DatanodeStateMachine (DatanodeStateMachine.java:lambda$startDaemon$0(350)) - Ozone container server started.
2019-08-30 03:48:31,048 | INFO  | SCMAudit | user=jenkins1000 | ip=192.168.36.106 | op=SEND_HEARTBEAT {datanodeUUID=b4322056-cf8e-4481-ab52-49b414438035, command=[commandType: closeContainerCommand closeContainerCommandProto { containerID: 2 pipelineID { id: "b0a75fed-ebb0-41ed-91eb-6b867ad06175" } cmdId: 2 force: false } ]} | ret=SUCCESS |  
2019-08-30 03:48:31,112 | INFO  | SCMAudit | user=jenkins1000 | ip=192.168.36.106 | op=SEND_HEARTBEAT {datanodeUUID=088a888b-9e0f-4a9e-b54c-3d2c1c29e9f5, command=[]} | ret=SUCCESS |  
2019-08-30 03:48:31,427 [Datanode State Machine Thread - 0] INFO  statemachine.DatanodeStateMachine (DatanodeStateMachine.java:lambda$startDaemon$0(350)) - Ozone container server started.
2019-08-30 03:48:32,046 | INFO  | SCMAudit | user=jenkins1000 | ip=192.168.36.106 | op=SEND_HEARTBEAT {datanodeUUID=b4322056-cf8e-4481-ab52-49b414438035, command=[]} | ret=SUCCESS |  
2019-08-30 03:48:32,112 | INFO  | SCMAudit | user=jenkins1000 | ip=192.168.36.106 | op=SEND_HEARTBEAT {datanodeUUID=088a888b-9e0f-4a9e-b54c-3d2c1c29e9f5, command=[]} | ret=SUCCESS |  
2019-08-30 03:48:32,121 | INFO  | SCMAudit | user=jenkins1000 | ip=192.168.36.106 | op=SEND_HEARTBEAT {datanodeUUID=b4322056-cf8e-4481-ab52-49b414438035, command=[]} | ret=SUCCESS |  
2019-08-30 03:48:32,735 [grpc-default-executor-0] WARN  server.GrpcLogAppender (LogUtils.java:warn(134)) - 1a924af3-a664-4014-9ecf-70089b07935e->cc647f08-9ea0-4a2f-993e-2fedd32829f9: Failed appendEntries: org.apache.ratis.thirdparty.io.grpc.StatusRuntimeException: UNAVAILABLE: io exception
2019-08-30 03:48:32,736 [grpc-default-executor-0] INFO  impl.FollowerInfo (FollowerInfo.java:lambda$new$0(50)) - 1a924af3-a664-4014-9ecf-70089b07935e->cc647f08-9ea0-4a2f-993e-2fedd32829f9: nextIndex: updateUnconditionally 16 -> 15
2019-08-30 03:48:33,112 | INFO  | SCMAudit | user=jenkins1000 | ip=192.168.36.106 | op=SEND_HEARTBEAT {datanodeUUID=088a888b-9e0f-4a9e-b54c-3d2c1c29e9f5, command=[]} | ret=SUCCESS |  
2019-08-30 03:48:33,120 | INFO  | SCMAudit | user=jenkins1000 | ip=192.168.36.106 | op=SEND_HEARTBEAT {datanodeUUID=b4322056-cf8e-4481-ab52-49b414438035, command=[]} | ret=SUCCESS |  
2019-08-30 03:48:33,159 [grpc-default-executor-0] WARN  server.GrpcLogAppender (LogUtils.java:warn(134)) - 2f6b521d-5d5d-44f9-9b20-650b7881613d->be188c32-466c-43f9-97ae-301f6c786ce6: Failed appendEntries: org.apache.ratis.thirdparty.io.grpc.StatusRuntimeException: UNAVAILABLE: io exception
2019-08-30 03:48:33,160 [grpc-default-executor-0] INFO  impl.FollowerInfo (FollowerInfo.java:lambda$new$0(50)) - 2f6b521d-5d5d-44f9-9b20-650b7881613d->be188c32-466c-43f9-97ae-301f6c786ce6: nextIndex: updateUnconditionally 0 -> 0
2019-08-30 03:48:33,186 [grpc-default-executor-0] WARN  server.GrpcLogAppender (LogUtils.java:warn(134)) - 2f6b521d-5d5d-44f9-9b20-650b7881613d->411242e4-7603-4235-b66c-08546d6d220d: Failed appendEntries: org.apache.ratis.thirdparty.io.grpc.StatusRuntimeException: UNAVAILABLE: io exception
2019-08-30 03:48:33,186 [grpc-default-executor-0] INFO  impl.FollowerInfo (FollowerInfo.java:lambda$new$0(50)) - 2f6b521d-5d5d-44f9-9b20-650b7881613d->411242e4-7603-4235-b66c-08546d6d220d: nextIndex: updateUnconditionally 16 -> 15
2019-08-30 03:48:34,112 | INFO  | SCMAudit | user=jenkins1000 | ip=192.168.36.106 | op=SEND_HEARTBEAT {datanodeUUID=088a888b-9e0f-4a9e-b54c-3d2c1c29e9f5, command=[]} | ret=SUCCESS |  
2019-08-30 03:48:34,120 | INFO  | SCMAudit | user=jenkins1000 | ip=192.168.36.106 | op=SEND_HEARTBEAT {datanodeUUID=b4322056-cf8e-4481-ab52-49b414438035, command=[]} | ret=SUCCESS |  
2019-08-30 03:48:35,112 | INFO  | SCMAudit | user=jenkins1000 | ip=192.168.36.106 | op=SEND_HEARTBEAT {datanodeUUID=088a888b-9e0f-4a9e-b54c-3d2c1c29e9f5, command=[]} | ret=SUCCESS |  
2019-08-30 03:48:35,121 | INFO  | SCMAudit | user=jenkins1000 | ip=192.168.36.106 | op=SEND_HEARTBEAT {datanodeUUID=b4322056-cf8e-4481-ab52-49b414438035, command=[]} | ret=SUCCESS |  
2019-08-30 03:48:35,134 [EventQueue-StaleNodeForStaleNodeHandler] INFO  node.StaleNodeHandler (StaleNodeHandler.java:onMessage(58)) - Datanode 1a924af3-a664-4014-9ecf-70089b07935e{ip: 192.168.36.106, host: pr-hdds-1569-5ldcr-795608406, networkLocation: /default-rack, certSerialId: null} moved to stale state. Finalizing its pipelines [PipelineID=8fafa975-8be6-47a1-9252-fe3c42462346, PipelineID=b0a75fed-ebb0-41ed-91eb-6b867ad06175]
2019-08-30 03:48:35,135 [EventQueue-StaleNodeForStaleNodeHandler] INFO  pipeline.SCMPipelineManager (SCMPipelineManager.java:finalizeAndDestroyPipeline(309)) - destroying pipeline:Pipeline[ Id: 8fafa975-8be6-47a1-9252-fe3c42462346, Nodes: 1a924af3-a664-4014-9ecf-70089b07935e{ip: 192.168.36.106, host: pr-hdds-1569-5ldcr-795608406, networkLocation: /default-rack, certSerialId: null}, Type:RATIS, Factor:ONE, State:OPEN]
2019-08-30 03:48:35,135 [EventQueue-StaleNodeForStaleNodeHandler] INFO  pipeline.PipelineStateManager (PipelineStateManager.java:finalizePipeline(123)) - Pipeline Pipeline[ Id: 8fafa975-8be6-47a1-9252-fe3c42462346, Nodes: 1a924af3-a664-4014-9ecf-70089b07935e{ip: 192.168.36.106, host: pr-hdds-1569-5ldcr-795608406, networkLocation: /default-rack, certSerialId: null}, Type:RATIS, Factor:ONE, State:CLOSED] moved to CLOSED state
2019-08-30 03:48:35,135 [EventQueue-StaleNodeForStaleNodeHandler] INFO  pipeline.SCMPipelineManager (SCMPipelineManager.java:finalizeAndDestroyPipeline(309)) - destroying pipeline:Pipeline[ Id: b0a75fed-ebb0-41ed-91eb-6b867ad06175, Nodes: cc647f08-9ea0-4a2f-993e-2fedd32829f9{ip: 192.168.36.106, host: pr-hdds-1569-5ldcr-795608406, networkLocation: /default-rack, certSerialId: null}b4322056-cf8e-4481-ab52-49b414438035{ip: 192.168.36.106, host: pr-hdds-1569-5ldcr-795608406, networkLocation: /default-rack, certSerialId: null}1a924af3-a664-4014-9ecf-70089b07935e{ip: 192.168.36.106, host: pr-hdds-1569-5ldcr-795608406, networkLocation: /default-rack, certSerialId: null}, Type:RATIS, Factor:THREE, State:CLOSED]
2019-08-30 03:48:35,236 [grpc-default-executor-0] WARN  server.GrpcLogAppender (LogUtils.java:warn(134)) - 1a924af3-a664-4014-9ecf-70089b07935e->cc647f08-9ea0-4a2f-993e-2fedd32829f9: Failed appendEntries: org.apache.ratis.thirdparty.io.grpc.StatusRuntimeException: UNAVAILABLE: io exception
2019-08-30 03:48:35,237 [grpc-default-executor-0] INFO  impl.FollowerInfo (FollowerInfo.java:lambda$new$0(50)) - 1a924af3-a664-4014-9ecf-70089b07935e->cc647f08-9ea0-4a2f-993e-2fedd32829f9: nextIndex: updateUnconditionally 15 -> 14
2019-08-30 03:48:35,435 [EventQueue-StaleNodeForStaleNodeHandler] INFO  node.StaleNodeHandler (StaleNodeHandler.java:onMessage(58)) - Datanode 2f6b521d-5d5d-44f9-9b20-650b7881613d{ip: 192.168.36.106, host: pr-hdds-1569-5ldcr-795608406, networkLocation: /default-rack, certSerialId: null} moved to stale state. Finalizing its pipelines [PipelineID=5db71220-eab3-4979-9605-f2b43fcff49b, PipelineID=0658d72c-4192-4731-af56-c515662c3fe6]
2019-08-30 03:48:35,435 [EventQueue-StaleNodeForStaleNodeHandler] INFO  pipeline.SCMPipelineManager (SCMPipelineManager.java:finalizeAndDestroyPipeline(309)) - destroying pipeline:Pipeline[ Id: 5db71220-eab3-4979-9605-f2b43fcff49b, Nodes: be188c32-466c-43f9-97ae-301f6c786ce6{ip: 192.168.36.106, host: pr-hdds-1569-5ldcr-795608406, networkLocation: /default-rack, certSerialId: null}2f6b521d-5d5d-44f9-9b20-650b7881613d{ip: 192.168.36.106, host: pr-hdds-1569-5ldcr-795608406, networkLocation: /default-rack, certSerialId: null}411242e4-7603-4235-b66c-08546d6d220d{ip: 192.168.36.106, host: pr-hdds-1569-5ldcr-795608406, networkLocation: /default-rack, certSerialId: null}, Type:RATIS, Factor:THREE, State:CLOSED]
2019-08-30 03:48:35,435 [EventQueue-StaleNodeForStaleNodeHandler] INFO  pipeline.SCMPipelineManager (SCMPipelineManager.java:finalizeAndDestroyPipeline(309)) - destroying pipeline:Pipeline[ Id: 0658d72c-4192-4731-af56-c515662c3fe6, Nodes: 2f6b521d-5d5d-44f9-9b20-650b7881613d{ip: 192.168.36.106, host: pr-hdds-1569-5ldcr-795608406, networkLocation: /default-rack, certSerialId: null}, Type:RATIS, Factor:ONE, State:OPEN]
2019-08-30 03:48:35,435 [EventQueue-StaleNodeForStaleNodeHandler] INFO  pipeline.PipelineStateManager (PipelineStateManager.java:finalizePipeline(123)) - Pipeline Pipeline[ Id: 0658d72c-4192-4731-af56-c515662c3fe6, Nodes: 2f6b521d-5d5d-44f9-9b20-650b7881613d{ip: 192.168.36.106, host: pr-hdds-1569-5ldcr-795608406, networkLocation: /default-rack, certSerialId: null}, Type:RATIS, Factor:ONE, State:CLOSED] moved to CLOSED state
2019-08-30 03:48:35,660 [grpc-default-executor-0] WARN  server.GrpcLogAppender (LogUtils.java:warn(134)) - 2f6b521d-5d5d-44f9-9b20-650b7881613d->be188c32-466c-43f9-97ae-301f6c786ce6: Failed appendEntries: org.apache.ratis.thirdparty.io.grpc.StatusRuntimeException: UNAVAILABLE: io exception
2019-08-30 03:48:35,660 [grpc-default-executor-0] INFO  impl.FollowerInfo (FollowerInfo.java:lambda$new$0(50)) - 2f6b521d-5d5d-44f9-9b20-650b7881613d->be188c32-466c-43f9-97ae-301f6c786ce6: nextIndex: updateUnconditionally 0 -> 0
2019-08-30 03:48:35,686 [grpc-default-executor-3] WARN  server.GrpcLogAppender (LogUtils.java:warn(134)) - 2f6b521d-5d5d-44f9-9b20-650b7881613d->411242e4-7603-4235-b66c-08546d6d220d: Failed appendEntries: org.apache.ratis.thirdparty.io.grpc.StatusRuntimeException: UNAVAILABLE: io exception
2019-08-30 03:48:35,689 [grpc-default-executor-3] INFO  impl.FollowerInfo (FollowerInfo.java:lambda$new$0(50)) - 2f6b521d-5d5d-44f9-9b20-650b7881613d->411242e4-7603-4235-b66c-08546d6d220d: nextIndex: updateUnconditionally 15 -> 14
2019-08-30 03:48:35,965 [main] INFO  ozoneimpl.OzoneContainer (OzoneContainer.java:stop(199)) - Attempting to stop container services.
2019-08-30 03:48:35,965 [ForkJoinPool.commonPool-worker-0] INFO  ozoneimpl.OzoneContainer (OzoneContainer.java:stop(199)) - Attempting to stop container services.
2019-08-30 03:48:35,965 [main] INFO  impl.RaftServerProxy (RaftServerProxy.java:lambda$close$4(314)) - 1a924af3-a664-4014-9ecf-70089b07935e: close
2019-08-30 03:48:35,966 [ForkJoinPool.commonPool-worker-0] INFO  impl.RaftServerProxy (RaftServerProxy.java:lambda$close$4(314)) - 2f6b521d-5d5d-44f9-9b20-650b7881613d: close
2019-08-30 03:48:35,966 [main] INFO  impl.RaftServerImpl (RaftServerImpl.java:lambda$shutdown$3(245)) - 1a924af3-a664-4014-9ecf-70089b07935e: shutdown group-FE3C42462346
2019-08-30 03:48:35,966 [ForkJoinPool.commonPool-worker-0] INFO  impl.RaftServerImpl (RaftServerImpl.java:lambda$shutdown$3(245)) - 2f6b521d-5d5d-44f9-9b20-650b7881613d: shutdown group-F2B43FCFF49B
2019-08-30 03:48:35,966 [main] INFO  util.JmxRegister (JmxRegister.java:unregister(73)) - Successfully un-registered JMX Bean with object name Ratis:service=RaftServer,group=group-FE3C42462346,id=1a924af3-a664-4014-9ecf-70089b07935e
2019-08-30 03:48:35,966 [ForkJoinPool.commonPool-worker-0] INFO  util.JmxRegister (JmxRegister.java:unregister(73)) - Successfully un-registered JMX Bean with object name Ratis:service=RaftServer,group=group-F2B43FCFF49B,id=2f6b521d-5d5d-44f9-9b20-650b7881613d
2019-08-30 03:48:35,967 [main] INFO  impl.RoleInfo (RoleInfo.java:shutdownLeaderState(104)) - 1a924af3-a664-4014-9ecf-70089b07935e: shutdown LeaderState
2019-08-30 03:48:35,967 [ForkJoinPool.commonPool-worker-0] INFO  impl.RoleInfo (RoleInfo.java:shutdownLeaderState(104)) - 2f6b521d-5d5d-44f9-9b20-650b7881613d: shutdown LeaderState
2019-08-30 03:48:35,967 [main] INFO  impl.PendingRequests (PendingRequests.java:sendNotLeaderResponses(202)) - 1a924af3-a664-4014-9ecf-70089b07935e-PendingRequests: sendNotLeaderResponses
2019-08-30 03:48:35,974 [ForkJoinPool.commonPool-worker-0] INFO  impl.PendingRequests (PendingRequests.java:sendNotLeaderResponses(202)) - 2f6b521d-5d5d-44f9-9b20-650b7881613d-PendingRequests: sendNotLeaderResponses
2019-08-30 03:48:35,974 [org.apache.ratis.server.impl.LogAppender$AppenderDaemon$$Lambda$485/1584372088@1e000f61] WARN  server.GrpcLogAppender (GrpcLogAppender.java:mayWait(143)) - GrpcLogAppender(2f6b521d-5d5d-44f9-9b20-650b7881613d->411242e4-7603-4235-b66c-08546d6d220d): Wait interrupted by java.lang.InterruptedException
2019-08-30 03:48:35,974 [org.apache.ratis.server.impl.LogAppender$AppenderDaemon$$Lambda$485/1584372088@31b3f5be] WARN  server.GrpcLogAppender (GrpcLogAppender.java:mayWait(143)) - GrpcLogAppender(2f6b521d-5d5d-44f9-9b20-650b7881613d->be188c32-466c-43f9-97ae-301f6c786ce6): Wait interrupted by java.lang.InterruptedException
2019-08-30 03:48:35,974 [main] INFO  impl.StateMachineUpdater (StateMachineUpdater.java:stopAndJoin(115)) - StateMachineUpdater:1a924af3-a664-4014-9ecf-70089b07935e:group-FE3C42462346: set stopIndex = 0
2019-08-30 03:48:35,976 [StateMachineUpdater:2f6b521d-5d5d-44f9-9b20-650b7881613d:group-F2B43FCFF49B] INFO  ratis.ContainerStateMachine (ContainerStateMachine.java:takeSnapshot(283)) - group-F2B43FCFF49B: Taking a snapshot at:(t:2, i:12) file /workdir/hadoop-ozone/integration-test/target/test-dir/MiniOzoneClusterImpl-54fb3437-fb27-4fd7-8614-a0b063bd7494/datanode-0/data/ratis/5db71220-eab3-4979-9605-f2b43fcff49b/sm/snapshot.2_12
2019-08-30 03:48:35,976 [ForkJoinPool.commonPool-worker-0] INFO  impl.StateMachineUpdater (StateMachineUpdater.java:stopAndJoin(115)) - StateMachineUpdater:2f6b521d-5d5d-44f9-9b20-650b7881613d:group-F2B43FCFF49B: set stopIndex = 16
2019-08-30 03:48:35,976 [main] INFO  impl.RaftServerImpl (ServerState.java:close(394)) - 1a924af3-a664-4014-9ecf-70089b07935e:group-FE3C42462346 closes. The last applied log index is 0
2019-08-30 03:48:35,977 [1a924af3-a664-4014-9ecf-70089b07935e-SegmentedRaftLogWorker:Storage Directory /workdir/hadoop-ozone/integration-test/target/test-dir/MiniOzoneClusterImpl-54fb3437-fb27-4fd7-8614-a0b063bd7494/datanode-3/data/ratis/8fafa975-8be6-47a1-9252-fe3c42462346] INFO  segmented.SegmentedRaftLogWorker (SegmentedRaftLogWorker.java:run(313)) - 1a924af3-a664-4014-9ecf-70089b07935e-SegmentedRaftLogWorker:Storage Directory /workdir/hadoop-ozone/integration-test/target/test-dir/MiniOzoneClusterImpl-54fb3437-fb27-4fd7-8614-a0b063bd7494/datanode-3/data/ratis/8fafa975-8be6-47a1-9252-fe3c42462346 was interrupted, exiting. There are 0 tasks remaining in the queue.
2019-08-30 03:48:35,978 [main] INFO  segmented.SegmentedRaftLogWorker (SegmentedRaftLogWorker.java:close(228)) - 1a924af3-a664-4014-9ecf-70089b07935e-SegmentedRaftLogWorker:Storage Directory /workdir/hadoop-ozone/integration-test/target/test-dir/MiniOzoneClusterImpl-54fb3437-fb27-4fd7-8614-a0b063bd7494/datanode-3/data/ratis/8fafa975-8be6-47a1-9252-fe3c42462346 close()
2019-08-30 03:48:35,980 [main] INFO  impl.RaftServerImpl (RaftServerImpl.java:lambda$shutdown$3(245)) - 1a924af3-a664-4014-9ecf-70089b07935e: shutdown group-6B867AD06175
2019-08-30 03:48:35,980 [main] INFO  util.JmxRegister (JmxRegister.java:unregister(73)) - Successfully un-registered JMX Bean with object name Ratis:service=RaftServer,group=group-6B867AD06175,id=1a924af3-a664-4014-9ecf-70089b07935e
2019-08-30 03:48:35,980 [main] INFO  impl.RoleInfo (RoleInfo.java:shutdownLeaderState(104)) - 1a924af3-a664-4014-9ecf-70089b07935e: shutdown LeaderState
2019-08-30 03:48:35,981 [main] INFO  impl.PendingRequests (PendingRequests.java:sendNotLeaderResponses(202)) - 1a924af3-a664-4014-9ecf-70089b07935e-PendingRequests: sendNotLeaderResponses
2019-08-30 03:48:35,981 [org.apache.ratis.server.impl.LogAppender$AppenderDaemon$$Lambda$485/1584372088@37f38256] WARN  server.GrpcLogAppender (GrpcLogAppender.java:mayWait(143)) - GrpcLogAppender(1a924af3-a664-4014-9ecf-70089b07935e->b4322056-cf8e-4481-ab52-49b414438035): Wait interrupted by java.lang.InterruptedException
2019-08-30 03:48:35,981 [org.apache.ratis.server.impl.LogAppender$AppenderDaemon$$Lambda$485/1584372088@72f10acc] WARN  server.GrpcLogAppender (GrpcLogAppender.java:mayWait(143)) - GrpcLogAppender(1a924af3-a664-4014-9ecf-70089b07935e->cc647f08-9ea0-4a2f-993e-2fedd32829f9): Wait interrupted by java.lang.InterruptedException
2019-08-30 03:48:35,981 [main] INFO  impl.StateMachineUpdater (StateMachineUpdater.java:stopAndJoin(115)) - StateMachineUpdater:1a924af3-a664-4014-9ecf-70089b07935e:group-6B867AD06175: set stopIndex = 16
2019-08-30 03:48:35,981 [grpc-default-executor-3] INFO  server.GrpcServerProtocolService (GrpcServerProtocolService.java:onCompleted(104)) - b4322056-cf8e-4481-ab52-49b414438035: appendEntries completed
2019-08-30 03:48:35,981 [StateMachineUpdater:1a924af3-a664-4014-9ecf-70089b07935e:group-6B867AD06175] INFO  ratis.ContainerStateMachine (ContainerStateMachine.java:takeSnapshot(283)) - group-6B867AD06175: Taking a snapshot at:(t:1, i:14) file /workdir/hadoop-ozone/integration-test/target/test-dir/MiniOzoneClusterImpl-54fb3437-fb27-4fd7-8614-a0b063bd7494/datanode-3/data/ratis/b0a75fed-ebb0-41ed-91eb-6b867ad06175/sm/snapshot.1_14
2019-08-30 03:48:35,982 [grpc-default-executor-3] INFO  server.GrpcLogAppender (GrpcLogAppender.java:onCompleted(292)) - 1a924af3-a664-4014-9ecf-70089b07935e->b4322056-cf8e-4481-ab52-49b414438035: follower responses appendEntries COMPLETED
2019-08-30 03:48:35,982 [grpc-default-executor-3] INFO  impl.FollowerInfo (FollowerInfo.java:lambda$new$0(50)) - 1a924af3-a664-4014-9ecf-70089b07935e->b4322056-cf8e-4481-ab52-49b414438035: nextIndex: updateUnconditionally 17 -> 16
2019-08-30 03:48:35,989 [StateMachineUpdater:1a924af3-a664-4014-9ecf-70089b07935e:group-6B867AD06175] INFO  ratis.ContainerStateMachine (ContainerStateMachine.java:takeSnapshot(294)) - group-6B867AD06175: Finished taking a snapshot at:(t:1, i:14) file:/workdir/hadoop-ozone/integration-test/target/test-dir/MiniOzoneClusterImpl-54fb3437-fb27-4fd7-8614-a0b063bd7494/datanode-3/data/ratis/b0a75fed-ebb0-41ed-91eb-6b867ad06175/sm/snapshot.1_14 time:9
2019-08-30 03:48:35,989 [StateMachineUpdater:2f6b521d-5d5d-44f9-9b20-650b7881613d:group-F2B43FCFF49B] INFO  ratis.ContainerStateMachine (ContainerStateMachine.java:takeSnapshot(294)) - group-F2B43FCFF49B: Finished taking a snapshot at:(t:2, i:12) file:/workdir/hadoop-ozone/integration-test/target/test-dir/MiniOzoneClusterImpl-54fb3437-fb27-4fd7-8614-a0b063bd7494/datanode-0/data/ratis/5db71220-eab3-4979-9605-f2b43fcff49b/sm/snapshot.2_12 time:14
2019-08-30 03:48:35,989 [StateMachineUpdater:1a924af3-a664-4014-9ecf-70089b07935e:group-6B867AD06175] INFO  impl.StateMachineUpdater (StateMachineUpdater.java:takeSnapshot(242)) - StateMachineUpdater:1a924af3-a664-4014-9ecf-70089b07935e:group-6B867AD06175: Took a snapshot at index 14
2019-08-30 03:48:35,990 [StateMachineUpdater:2f6b521d-5d5d-44f9-9b20-650b7881613d:group-F2B43FCFF49B] INFO  impl.StateMachineUpdater (StateMachineUpdater.java:takeSnapshot(242)) - StateMachineUpdater:2f6b521d-5d5d-44f9-9b20-650b7881613d:group-F2B43FCFF49B: Took a snapshot at index 12
2019-08-30 03:48:35,990 [StateMachineUpdater:1a924af3-a664-4014-9ecf-70089b07935e:group-6B867AD06175] INFO  impl.StateMachineUpdater (StateMachineUpdater.java:lambda$new$0(80)) - StateMachineUpdater:1a924af3-a664-4014-9ecf-70089b07935e:group-6B867AD06175: snapshotIndex: updateIncreasingly -1 -> 14
2019-08-30 03:48:35,990 [StateMachineUpdater:2f6b521d-5d5d-44f9-9b20-650b7881613d:group-F2B43FCFF49B] INFO  impl.StateMachineUpdater (StateMachineUpdater.java:lambda$new$0(80)) - StateMachineUpdater:2f6b521d-5d5d-44f9-9b20-650b7881613d:group-F2B43FCFF49B: snapshotIndex: updateIncreasingly -1 -> 12
2019-08-30 03:48:35,990 [main] INFO  impl.RaftServerImpl (ServerState.java:close(394)) - 1a924af3-a664-4014-9ecf-70089b07935e:group-6B867AD06175 closes. The last applied log index is 16
2019-08-30 03:48:35,990 [ForkJoinPool.commonPool-worker-0] INFO  impl.RaftServerImpl (ServerState.java:close(394)) - 2f6b521d-5d5d-44f9-9b20-650b7881613d:group-F2B43FCFF49B closes. The last applied log index is 16
2019-08-30 03:48:35,990 [1a924af3-a664-4014-9ecf-70089b07935e-SegmentedRaftLogWorker:Storage Directory /workdir/hadoop-ozone/integration-test/target/test-dir/MiniOzoneClusterImpl-54fb3437-fb27-4fd7-8614-a0b063bd7494/datanode-3/data/ratis/b0a75fed-ebb0-41ed-91eb-6b867ad06175] INFO  segmented.SegmentedRaftLogWorker (SegmentedRaftLogWorker.java:run(313)) - 1a924af3-a664-4014-9ecf-70089b07935e-SegmentedRaftLogWorker:Storage Directory /workdir/hadoop-ozone/integration-test/target/test-dir/MiniOzoneClusterImpl-54fb3437-fb27-4fd7-8614-a0b063bd7494/datanode-3/data/ratis/b0a75fed-ebb0-41ed-91eb-6b867ad06175 was interrupted, exiting. There are 0 tasks remaining in the queue.
2019-08-30 03:48:35,990 [2f6b521d-5d5d-44f9-9b20-650b7881613d-SegmentedRaftLogWorker:Storage Directory /workdir/hadoop-ozone/integration-test/target/test-dir/MiniOzoneClusterImpl-54fb3437-fb27-4fd7-8614-a0b063bd7494/datanode-0/data/ratis/5db71220-eab3-4979-9605-f2b43fcff49b] INFO  segmented.SegmentedRaftLogWorker (SegmentedRaftLogWorker.java:run(313)) - 2f6b521d-5d5d-44f9-9b20-650b7881613d-SegmentedRaftLogWorker:Storage Directory /workdir/hadoop-ozone/integration-test/target/test-dir/MiniOzoneClusterImpl-54fb3437-fb27-4fd7-8614-a0b063bd7494/datanode-0/data/ratis/5db71220-eab3-4979-9605-f2b43fcff49b was interrupted, exiting. There are 0 tasks remaining in the queue.
2019-08-30 03:48:35,992 [main] INFO  segmented.SegmentedRaftLogWorker (SegmentedRaftLogWorker.java:close(228)) - 1a924af3-a664-4014-9ecf-70089b07935e-SegmentedRaftLogWorker:Storage Directory /workdir/hadoop-ozone/integration-test/target/test-dir/MiniOzoneClusterImpl-54fb3437-fb27-4fd7-8614-a0b063bd7494/datanode-3/data/ratis/b0a75fed-ebb0-41ed-91eb-6b867ad06175 close()
2019-08-30 03:48:35,993 [ForkJoinPool.commonPool-worker-0] INFO  segmented.SegmentedRaftLogWorker (SegmentedRaftLogWorker.java:close(228)) - 2f6b521d-5d5d-44f9-9b20-650b7881613d-SegmentedRaftLogWorker:Storage Directory /workdir/hadoop-ozone/integration-test/target/test-dir/MiniOzoneClusterImpl-54fb3437-fb27-4fd7-8614-a0b063bd7494/datanode-0/data/ratis/5db71220-eab3-4979-9605-f2b43fcff49b close()
2019-08-30 03:48:35,995 [main] INFO  server.GrpcService (GrpcService.java:closeImpl(155)) - 1a924af3-a664-4014-9ecf-70089b07935e: shutdown server with port 43035 now
2019-08-30 03:48:35,997 [ForkJoinPool.commonPool-worker-0] INFO  impl.RaftServerImpl (RaftServerImpl.java:lambda$shutdown$3(245)) - 2f6b521d-5d5d-44f9-9b20-650b7881613d: shutdown group-C515662C3FE6
2019-08-30 03:48:35,997 [ForkJoinPool.commonPool-worker-0] INFO  util.JmxRegister (JmxRegister.java:unregister(73)) - Successfully un-registered JMX Bean with object name Ratis:service=RaftServer,group=group-C515662C3FE6,id=2f6b521d-5d5d-44f9-9b20-650b7881613d
2019-08-30 03:48:35,997 [ForkJoinPool.commonPool-worker-0] INFO  impl.RoleInfo (RoleInfo.java:shutdownLeaderState(104)) - 2f6b521d-5d5d-44f9-9b20-650b7881613d: shutdown LeaderState
2019-08-30 03:48:35,997 [grpc-default-executor-0] WARN  client.GrpcClientProtocolService (LogUtils.java:warn(134)) - 1-UnorderedRequestStreamObserver1: onError: org.apache.ratis.thirdparty.io.grpc.StatusRuntimeException: CANCELLED: cancelled before receiving half close
2019-08-30 03:48:35,997 [main] INFO  server.GrpcService (GrpcService.java:closeImpl(163)) - 1a924af3-a664-4014-9ecf-70089b07935e: shutdown server with port 43035 successfully
2019-08-30 03:48:35,997 [ForkJoinPool.commonPool-worker-0] INFO  impl.PendingRequests (PendingRequests.java:sendNotLeaderResponses(202)) - 2f6b521d-5d5d-44f9-9b20-650b7881613d-PendingRequests: sendNotLeaderResponses
2019-08-30 03:48:35,998 [ForkJoinPool.commonPool-worker-0] INFO  impl.StateMachineUpdater (StateMachineUpdater.java:stopAndJoin(115)) - StateMachineUpdater:2f6b521d-5d5d-44f9-9b20-650b7881613d:group-C515662C3FE6: set stopIndex = 0
2019-08-30 03:48:35,998 [ForkJoinPool.commonPool-worker-0] INFO  impl.RaftServerImpl (ServerState.java:close(394)) - 2f6b521d-5d5d-44f9-9b20-650b7881613d:group-C515662C3FE6 closes. The last applied log index is 0
2019-08-30 03:48:35,999 [2f6b521d-5d5d-44f9-9b20-650b7881613d-SegmentedRaftLogWorker:Storage Directory /workdir/hadoop-ozone/integration-test/target/test-dir/MiniOzoneClusterImpl-54fb3437-fb27-4fd7-8614-a0b063bd7494/datanode-0/data/ratis/0658d72c-4192-4731-af56-c515662c3fe6] INFO  segmented.SegmentedRaftLogWorker (SegmentedRaftLogWorker.java:run(313)) - 2f6b521d-5d5d-44f9-9b20-650b7881613d-SegmentedRaftLogWorker:Storage Directory /workdir/hadoop-ozone/integration-test/target/test-dir/MiniOzoneClusterImpl-54fb3437-fb27-4fd7-8614-a0b063bd7494/datanode-0/data/ratis/0658d72c-4192-4731-af56-c515662c3fe6 was interrupted, exiting. There are 0 tasks remaining in the queue.
2019-08-30 03:48:35,999 [main] INFO  utils.BackgroundService (BackgroundService.java:shutdown(148)) - Shutting down service BlockDeletingService
2019-08-30 03:48:36,005 [ForkJoinPool.commonPool-worker-0] INFO  segmented.SegmentedRaftLogWorker (SegmentedRaftLogWorker.java:close(228)) - 2f6b521d-5d5d-44f9-9b20-650b7881613d-SegmentedRaftLogWorker:Storage Directory /workdir/hadoop-ozone/integration-test/target/test-dir/MiniOzoneClusterImpl-54fb3437-fb27-4fd7-8614-a0b063bd7494/datanode-0/data/ratis/0658d72c-4192-4731-af56-c515662c3fe6 close()
2019-08-30 03:48:36,012 [ForkJoinPool.commonPool-worker-0] INFO  server.GrpcService (GrpcService.java:closeImpl(155)) - 2f6b521d-5d5d-44f9-9b20-650b7881613d: shutdown server with port 34675 now
2019-08-30 03:48:36,013 [ForkJoinPool.commonPool-worker-0] INFO  server.GrpcService (GrpcService.java:closeImpl(163)) - 2f6b521d-5d5d-44f9-9b20-650b7881613d: shutdown server with port 34675 successfully
2019-08-30 03:48:36,015 [refreshUsed-/workdir/hadoop-ozone/integration-test/target/test-dir/MiniOzoneClusterImpl-54fb3437-fb27-4fd7-8614-a0b063bd7494/datanode-3/data/containers] WARN  fs.CachingGetSpaceUsed (CachingGetSpaceUsed.java:run(183)) - Thread Interrupted waiting to refresh disk information: sleep interrupted
2019-08-30 03:48:36,023 [ForkJoinPool.commonPool-worker-0] INFO  utils.BackgroundService (BackgroundService.java:shutdown(148)) - Shutting down service BlockDeletingService
2019-08-30 03:48:36,025 [refreshUsed-/workdir/hadoop-ozone/integration-test/target/test-dir/MiniOzoneClusterImpl-54fb3437-fb27-4fd7-8614-a0b063bd7494/datanode-0/data/containers] WARN  fs.CachingGetSpaceUsed (CachingGetSpaceUsed.java:run(183)) - Thread Interrupted waiting to refresh disk information: sleep interrupted
2019-08-30 03:48:36,034 [main] INFO  statemachine.DatanodeStateMachine (DatanodeStateMachine.java:stopDaemon(395)) - Ozone container server stopped.
2019-08-30 03:48:36,035 [main] INFO  handler.ContextHandler (ContextHandler.java:doStop(910)) - Stopped o.e.j.w.WebAppContext@4ac7927a{/,null,UNAVAILABLE}{/hddsDatanode}
2019-08-30 03:48:36,035 [main] INFO  server.AbstractConnector (AbstractConnector.java:doStop(318)) - Stopped ServerConnector@25bfc558{HTTP/1.1,[http/1.1]}{0.0.0.0:0}
2019-08-30 03:48:36,036 [main] INFO  handler.ContextHandler (ContextHandler.java:doStop(910)) - Stopped o.e.j.s.ServletContextHandler@2b3ac26d{/static,jar:file:/home/user/.m2/repository/org/apache/hadoop/hadoop-hdds-container-service/0.5.0-SNAPSHOT/hadoop-hdds-container-service-0.5.0-SNAPSHOT.jar!/webapps/static,UNAVAILABLE}
2019-08-30 03:48:36,036 [main] INFO  handler.ContextHandler (ContextHandler.java:doStop(910)) - Stopped o.e.j.s.ServletContextHandler@37e7e089{/logs,file:///workdir/hadoop-ozone/integration-test/target/log,UNAVAILABLE}
2019-08-30 03:48:36,037 [main] INFO  datanode.ObjectStoreHandler (ObjectStoreHandler.java:close(155)) - Closing ObjectStoreHandler.
2019-08-30 03:48:36,038 [main] INFO  ozone.HddsDatanodeService (HddsDatanodeService.java:stop(451)) - Stopped plug-in org.apache.hadoop.ozone.web.OzoneHddsDatanodeService@6903bec9
2019-08-30 03:48:36,041 [ForkJoinPool.commonPool-worker-0] INFO  statemachine.DatanodeStateMachine (DatanodeStateMachine.java:stopDaemon(395)) - Ozone container server stopped.
2019-08-30 03:48:36,044 [ForkJoinPool.commonPool-worker-0] INFO  handler.ContextHandler (ContextHandler.java:doStop(910)) - Stopped o.e.j.w.WebAppContext@11d474a{/,null,UNAVAILABLE}{/hddsDatanode}
2019-08-30 03:48:36,044 [ForkJoinPool.commonPool-worker-0] INFO  server.AbstractConnector (AbstractConnector.java:doStop(318)) - Stopped ServerConnector@4be6531a{HTTP/1.1,[http/1.1]}{0.0.0.0:0}
2019-08-30 03:48:36,045 [ForkJoinPool.commonPool-worker-0] INFO  handler.ContextHandler (ContextHandler.java:doStop(910)) - Stopped o.e.j.s.ServletContextHandler@3a034950{/static,jar:file:/home/user/.m2/repository/org/apache/hadoop/hadoop-hdds-container-service/0.5.0-SNAPSHOT/hadoop-hdds-container-service-0.5.0-SNAPSHOT.jar!/webapps/static,UNAVAILABLE}
2019-08-30 03:48:36,046 [ForkJoinPool.commonPool-worker-0] INFO  handler.ContextHandler (ContextHandler.java:doStop(910)) - Stopped o.e.j.s.ServletContextHandler@22025464{/logs,file:///workdir/hadoop-ozone/integration-test/target/log,UNAVAILABLE}
2019-08-30 03:48:36,046 [ForkJoinPool.commonPool-worker-0] INFO  datanode.ObjectStoreHandler (ObjectStoreHandler.java:close(155)) - Closing ObjectStoreHandler.
2019-08-30 03:48:36,047 [ForkJoinPool.commonPool-worker-0] INFO  ozone.HddsDatanodeService (HddsDatanodeService.java:stop(451)) - Stopped plug-in org.apache.hadoop.ozone.web.OzoneHddsDatanodeService@1368e451
2019-08-30 03:48:36,112 [Datanode State Machine Thread - 0] INFO  statemachine.DatanodeStateMachine (DatanodeStateMachine.java:lambda$startDaemon$0(350)) - Ozone container server started.
2019-08-30 03:48:36,121 [Datanode State Machine Thread - 0] INFO  statemachine.DatanodeStateMachine (DatanodeStateMachine.java:lambda$startDaemon$0(350)) - Ozone container server started.
2019-08-30 03:48:40,140 [EventQueue-StaleNodeForStaleNodeHandler] INFO  node.StaleNodeHandler (StaleNodeHandler.java:onMessage(58)) - Datanode b4322056-cf8e-4481-ab52-49b414438035{ip: 192.168.36.106, host: pr-hdds-1569-5ldcr-795608406, networkLocation: /default-rack, certSerialId: null} moved to stale state. Finalizing its pipelines [PipelineID=498dc518-146c-4ffa-b15c-a658308cec15, PipelineID=b0a75fed-ebb0-41ed-91eb-6b867ad06175]
2019-08-30 03:48:40,140 [EventQueue-StaleNodeForStaleNodeHandler] INFO  pipeline.SCMPipelineManager (SCMPipelineManager.java:finalizeAndDestroyPipeline(309)) - destroying pipeline:Pipeline[ Id: 498dc518-146c-4ffa-b15c-a658308cec15, Nodes: b4322056-cf8e-4481-ab52-49b414438035{ip: 192.168.36.106, host: pr-hdds-1569-5ldcr-795608406, networkLocation: /default-rack, certSerialId: null}, Type:RATIS, Factor:ONE, State:OPEN]
2019-08-30 03:48:40,140 [EventQueue-StaleNodeForStaleNodeHandler] INFO  pipeline.PipelineStateManager (PipelineStateManager.java:finalizePipeline(123)) - Pipeline Pipeline[ Id: 498dc518-146c-4ffa-b15c-a658308cec15, Nodes: b4322056-cf8e-4481-ab52-49b414438035{ip: 192.168.36.106, host: pr-hdds-1569-5ldcr-795608406, networkLocation: /default-rack, certSerialId: null}, Type:RATIS, Factor:ONE, State:CLOSED] moved to CLOSED state
2019-08-30 03:48:40,140 [EventQueue-StaleNodeForStaleNodeHandler] INFO  pipeline.SCMPipelineManager (SCMPipelineManager.java:finalizeAndDestroyPipeline(309)) - destroying pipeline:Pipeline[ Id: b0a75fed-ebb0-41ed-91eb-6b867ad06175, Nodes: cc647f08-9ea0-4a2f-993e-2fedd32829f9{ip: 192.168.36.106, host: pr-hdds-1569-5ldcr-795608406, networkLocation: /default-rack, certSerialId: null}b4322056-cf8e-4481-ab52-49b414438035{ip: 192.168.36.106, host: pr-hdds-1569-5ldcr-795608406, networkLocation: /default-rack, certSerialId: null}1a924af3-a664-4014-9ecf-70089b07935e{ip: 192.168.36.106, host: pr-hdds-1569-5ldcr-795608406, networkLocation: /default-rack, certSerialId: null}, Type:RATIS, Factor:THREE, State:CLOSED]
2019-08-30 03:48:40,141 [EventQueue-StaleNodeForStaleNodeHandler] INFO  node.StaleNodeHandler (StaleNodeHandler.java:onMessage(58)) - Datanode 088a888b-9e0f-4a9e-b54c-3d2c1c29e9f5{ip: 192.168.36.106, host: pr-hdds-1569-5ldcr-795608406, networkLocation: /default-rack, certSerialId: null} moved to stale state. Finalizing its pipelines [PipelineID=0ae189a1-6f33-4a89-810b-206d59c571f8]
2019-08-30 03:48:40,141 [EventQueue-StaleNodeForStaleNodeHandler] INFO  pipeline.SCMPipelineManager (SCMPipelineManager.java:finalizeAndDestroyPipeline(309)) - destroying pipeline:Pipeline[ Id: 0ae189a1-6f33-4a89-810b-206d59c571f8, Nodes: 088a888b-9e0f-4a9e-b54c-3d2c1c29e9f5{ip: 192.168.36.106, host: pr-hdds-1569-5ldcr-795608406, networkLocation: /default-rack, certSerialId: null}, Type:RATIS, Factor:ONE, State:OPEN]
2019-08-30 03:48:40,141 [EventQueue-StaleNodeForStaleNodeHandler] INFO  pipeline.PipelineStateManager (PipelineStateManager.java:finalizePipeline(123)) - Pipeline Pipeline[ Id: 0ae189a1-6f33-4a89-810b-206d59c571f8, Nodes: 088a888b-9e0f-4a9e-b54c-3d2c1c29e9f5{ip: 192.168.36.106, host: pr-hdds-1569-5ldcr-795608406, networkLocation: /default-rack, certSerialId: null}, Type:RATIS, Factor:ONE, State:CLOSED] moved to CLOSED state
2019-08-30 03:48:41,039 [main] INFO  ozoneimpl.OzoneContainer (OzoneContainer.java:stop(199)) - Attempting to stop container services.
2019-08-30 03:48:41,039 [main] INFO  impl.RaftServerProxy (RaftServerProxy.java:lambda$close$4(314)) - 088a888b-9e0f-4a9e-b54c-3d2c1c29e9f5: close
2019-08-30 03:48:41,040 [main] INFO  impl.RaftServerImpl (RaftServerImpl.java:lambda$shutdown$3(245)) - 088a888b-9e0f-4a9e-b54c-3d2c1c29e9f5: shutdown group-206D59C571F8
2019-08-30 03:48:41,040 [main] INFO  util.JmxRegister (JmxRegister.java:unregister(73)) - Successfully un-registered JMX Bean with object name Ratis:service=RaftServer,group=group-206D59C571F8,id=088a888b-9e0f-4a9e-b54c-3d2c1c29e9f5
2019-08-30 03:48:41,041 [main] INFO  impl.RoleInfo (RoleInfo.java:shutdownLeaderState(104)) - 088a888b-9e0f-4a9e-b54c-3d2c1c29e9f5: shutdown LeaderState
2019-08-30 03:48:41,041 [main] INFO  impl.PendingRequests (PendingRequests.java:sendNotLeaderResponses(202)) - 088a888b-9e0f-4a9e-b54c-3d2c1c29e9f5-PendingRequests: sendNotLeaderResponses
2019-08-30 03:48:41,042 [main] INFO  impl.StateMachineUpdater (StateMachineUpdater.java:stopAndJoin(115)) - StateMachineUpdater:088a888b-9e0f-4a9e-b54c-3d2c1c29e9f5:group-206D59C571F8: set stopIndex = 0
2019-08-30 03:48:41,043 [main] INFO  impl.RaftServerImpl (ServerState.java:close(394)) - 088a888b-9e0f-4a9e-b54c-3d2c1c29e9f5:group-206D59C571F8 closes. The last applied log index is 0
2019-08-30 03:48:41,043 [088a888b-9e0f-4a9e-b54c-3d2c1c29e9f5-SegmentedRaftLogWorker:Storage Directory /workdir/hadoop-ozone/integration-test/target/test-dir/MiniOzoneClusterImpl-54fb3437-fb27-4fd7-8614-a0b063bd7494/datanode-6/data/ratis/0ae189a1-6f33-4a89-810b-206d59c571f8] INFO  segmented.SegmentedRaftLogWorker (SegmentedRaftLogWorker.java:run(313)) - 088a888b-9e0f-4a9e-b54c-3d2c1c29e9f5-SegmentedRaftLogWorker:Storage Directory /workdir/hadoop-ozone/integration-test/target/test-dir/MiniOzoneClusterImpl-54fb3437-fb27-4fd7-8614-a0b063bd7494/datanode-6/data/ratis/0ae189a1-6f33-4a89-810b-206d59c571f8 was interrupted, exiting. There are 0 tasks remaining in the queue.
2019-08-30 03:48:41,044 [main] INFO  segmented.SegmentedRaftLogWorker (SegmentedRaftLogWorker.java:close(228)) - 088a888b-9e0f-4a9e-b54c-3d2c1c29e9f5-SegmentedRaftLogWorker:Storage Directory /workdir/hadoop-ozone/integration-test/target/test-dir/MiniOzoneClusterImpl-54fb3437-fb27-4fd7-8614-a0b063bd7494/datanode-6/data/ratis/0ae189a1-6f33-4a89-810b-206d59c571f8 close()
2019-08-30 03:48:41,046 [main] INFO  server.GrpcService (GrpcService.java:closeImpl(155)) - 088a888b-9e0f-4a9e-b54c-3d2c1c29e9f5: shutdown server with port 40707 now
2019-08-30 03:48:41,048 [main] INFO  server.GrpcService (GrpcService.java:closeImpl(163)) - 088a888b-9e0f-4a9e-b54c-3d2c1c29e9f5: shutdown server with port 40707 successfully
2019-08-30 03:48:41,048 [ForkJoinPool.commonPool-worker-0] INFO  ozoneimpl.OzoneContainer (OzoneContainer.java:stop(199)) - Attempting to stop container services.
2019-08-30 03:48:41,049 [ForkJoinPool.commonPool-worker-0] INFO  impl.RaftServerProxy (RaftServerProxy.java:lambda$close$4(314)) - b4322056-cf8e-4481-ab52-49b414438035: close
2019-08-30 03:48:41,049 [ForkJoinPool.commonPool-worker-0] INFO  impl.RaftServerImpl (RaftServerImpl.java:lambda$shutdown$3(245)) - b4322056-cf8e-4481-ab52-49b414438035: shutdown group-A658308CEC15
2019-08-30 03:48:41,050 [ForkJoinPool.commonPool-worker-0] INFO  util.JmxRegister (JmxRegister.java:unregister(73)) - Successfully un-registered JMX Bean with object name Ratis:service=RaftServer,group=group-A658308CEC15,id=b4322056-cf8e-4481-ab52-49b414438035
2019-08-30 03:48:41,050 [ForkJoinPool.commonPool-worker-0] INFO  impl.RoleInfo (RoleInfo.java:shutdownLeaderState(104)) - b4322056-cf8e-4481-ab52-49b414438035: shutdown LeaderState
2019-08-30 03:48:41,050 [main] INFO  utils.BackgroundService (BackgroundService.java:shutdown(148)) - Shutting down service BlockDeletingService
2019-08-30 03:48:41,051 [ForkJoinPool.commonPool-worker-0] INFO  impl.PendingRequests (PendingRequests.java:sendNotLeaderResponses(202)) - b4322056-cf8e-4481-ab52-49b414438035-PendingRequests: sendNotLeaderResponses
2019-08-30 03:48:41,052 [ForkJoinPool.commonPool-worker-0] INFO  impl.StateMachineUpdater (StateMachineUpdater.java:stopAndJoin(115)) - StateMachineUpdater:b4322056-cf8e-4481-ab52-49b414438035:group-A658308CEC15: set stopIndex = 0
2019-08-30 03:48:41,054 [ForkJoinPool.commonPool-worker-0] INFO  impl.RaftServerImpl (ServerState.java:close(394)) - b4322056-cf8e-4481-ab52-49b414438035:group-A658308CEC15 closes. The last applied log index is 0
2019-08-30 03:48:41,054 [refreshUsed-/workdir/hadoop-ozone/integration-test/target/test-dir/MiniOzoneClusterImpl-54fb3437-fb27-4fd7-8614-a0b063bd7494/datanode-6/data/containers] WARN  fs.CachingGetSpaceUsed (CachingGetSpaceUsed.java:run(183)) - Thread Interrupted waiting to refresh disk information: sleep interrupted
2019-08-30 03:48:41,055 [b4322056-cf8e-4481-ab52-49b414438035-SegmentedRaftLogWorker:Storage Directory /workdir/hadoop-ozone/integration-test/target/test-dir/MiniOzoneClusterImpl-54fb3437-fb27-4fd7-8614-a0b063bd7494/datanode-5/data/ratis/498dc518-146c-4ffa-b15c-a658308cec15] INFO  segmented.SegmentedRaftLogWorker (SegmentedRaftLogWorker.java:run(313)) - b4322056-cf8e-4481-ab52-49b414438035-SegmentedRaftLogWorker:Storage Directory /workdir/hadoop-ozone/integration-test/target/test-dir/MiniOzoneClusterImpl-54fb3437-fb27-4fd7-8614-a0b063bd7494/datanode-5/data/ratis/498dc518-146c-4ffa-b15c-a658308cec15 was interrupted, exiting. There are 0 tasks remaining in the queue.
2019-08-30 03:48:41,056 [ForkJoinPool.commonPool-worker-0] INFO  segmented.SegmentedRaftLogWorker (SegmentedRaftLogWorker.java:close(228)) - b4322056-cf8e-4481-ab52-49b414438035-SegmentedRaftLogWorker:Storage Directory /workdir/hadoop-ozone/integration-test/target/test-dir/MiniOzoneClusterImpl-54fb3437-fb27-4fd7-8614-a0b063bd7494/datanode-5/data/ratis/498dc518-146c-4ffa-b15c-a658308cec15 close()
2019-08-30 03:48:41,062 [ForkJoinPool.commonPool-worker-0] INFO  impl.RaftServerImpl (RaftServerImpl.java:lambda$shutdown$3(245)) - b4322056-cf8e-4481-ab52-49b414438035: shutdown group-6B867AD06175
2019-08-30 03:48:41,063 [ForkJoinPool.commonPool-worker-0] INFO  util.JmxRegister (JmxRegister.java:unregister(73)) - Successfully un-registered JMX Bean with object name Ratis:service=RaftServer,group=group-6B867AD06175,id=b4322056-cf8e-4481-ab52-49b414438035
2019-08-30 03:48:41,063 [ForkJoinPool.commonPool-worker-0] INFO  impl.RoleInfo (RoleInfo.java:shutdownFollowerState(121)) - b4322056-cf8e-4481-ab52-49b414438035: shutdown FollowerState
2019-08-30 03:48:41,063 [Thread-3612] INFO  impl.FollowerState (FollowerState.java:run(114)) - b4322056-cf8e-4481-ab52-49b414438035: FollowerState was interrupted: java.lang.InterruptedException: sleep interrupted
2019-08-30 03:48:41,071 [ForkJoinPool.commonPool-worker-0] INFO  impl.StateMachineUpdater (StateMachineUpdater.java:stopAndJoin(115)) - StateMachineUpdater:b4322056-cf8e-4481-ab52-49b414438035:group-6B867AD06175: set stopIndex = 16
2019-08-30 03:48:41,071 [StateMachineUpdater:b4322056-cf8e-4481-ab52-49b414438035:group-6B867AD06175] INFO  ratis.ContainerStateMachine (ContainerStateMachine.java:takeSnapshot(283)) - group-6B867AD06175: Taking a snapshot at:(t:1, i:14) file /workdir/hadoop-ozone/integration-test/target/test-dir/MiniOzoneClusterImpl-54fb3437-fb27-4fd7-8614-a0b063bd7494/datanode-5/data/ratis/b0a75fed-ebb0-41ed-91eb-6b867ad06175/sm/snapshot.1_14
2019-08-30 03:48:41,081 [main] INFO  statemachine.DatanodeStateMachine (DatanodeStateMachine.java:stopDaemon(395)) - Ozone container server stopped.
2019-08-30 03:48:41,082 [main] INFO  handler.ContextHandler (ContextHandler.java:doStop(910)) - Stopped o.e.j.w.WebAppContext@3f1eb1bc{/,null,UNAVAILABLE}{/hddsDatanode}
2019-08-30 03:48:41,083 [main] INFO  server.AbstractConnector (AbstractConnector.java:doStop(318)) - Stopped ServerConnector@69497a36{HTTP/1.1,[http/1.1]}{0.0.0.0:0}
2019-08-30 03:48:41,083 [main] INFO  handler.ContextHandler (ContextHandler.java:doStop(910)) - Stopped o.e.j.s.ServletContextHandler@32a7c583{/static,jar:file:/home/user/.m2/repository/org/apache/hadoop/hadoop-hdds-container-service/0.5.0-SNAPSHOT/hadoop-hdds-container-service-0.5.0-SNAPSHOT.jar!/webapps/static,UNAVAILABLE}
2019-08-30 03:48:41,084 [StateMachineUpdater:b4322056-cf8e-4481-ab52-49b414438035:group-6B867AD06175] INFO  ratis.ContainerStateMachine (ContainerStateMachine.java:takeSnapshot(294)) - group-6B867AD06175: Finished taking a snapshot at:(t:1, i:14) file:/workdir/hadoop-ozone/integration-test/target/test-dir/MiniOzoneClusterImpl-54fb3437-fb27-4fd7-8614-a0b063bd7494/datanode-5/data/ratis/b0a75fed-ebb0-41ed-91eb-6b867ad06175/sm/snapshot.1_14 time:13
2019-08-30 03:48:41,084 [StateMachineUpdater:b4322056-cf8e-4481-ab52-49b414438035:group-6B867AD06175] INFO  impl.StateMachineUpdater (StateMachineUpdater.java:takeSnapshot(242)) - StateMachineUpdater:b4322056-cf8e-4481-ab52-49b414438035:group-6B867AD06175: Took a snapshot at index 14
2019-08-30 03:48:41,084 [main] INFO  handler.ContextHandler (ContextHandler.java:doStop(910)) - Stopped o.e.j.s.ServletContextHandler@407956a5{/logs,file:///workdir/hadoop-ozone/integration-test/target/log,UNAVAILABLE}
2019-08-30 03:48:41,084 [StateMachineUpdater:b4322056-cf8e-4481-ab52-49b414438035:group-6B867AD06175] INFO  impl.StateMachineUpdater (StateMachineUpdater.java:lambda$new$0(80)) - StateMachineUpdater:b4322056-cf8e-4481-ab52-49b414438035:group-6B867AD06175: snapshotIndex: updateIncreasingly -1 -> 14
2019-08-30 03:48:41,084 [ForkJoinPool.commonPool-worker-0] INFO  impl.RaftServerImpl (ServerState.java:close(394)) - b4322056-cf8e-4481-ab52-49b414438035:group-6B867AD06175 closes. The last applied log index is 16
2019-08-30 03:48:41,085 [b4322056-cf8e-4481-ab52-49b414438035-SegmentedRaftLogWorker:Storage Directory /workdir/hadoop-ozone/integration-test/target/test-dir/MiniOzoneClusterImpl-54fb3437-fb27-4fd7-8614-a0b063bd7494/datanode-5/data/ratis/b0a75fed-ebb0-41ed-91eb-6b867ad06175] INFO  segmented.SegmentedRaftLogWorker (SegmentedRaftLogWorker.java:run(313)) - b4322056-cf8e-4481-ab52-49b414438035-SegmentedRaftLogWorker:Storage Directory /workdir/hadoop-ozone/integration-test/target/test-dir/MiniOzoneClusterImpl-54fb3437-fb27-4fd7-8614-a0b063bd7494/datanode-5/data/ratis/b0a75fed-ebb0-41ed-91eb-6b867ad06175 was interrupted, exiting. There are 0 tasks remaining in the queue.
2019-08-30 03:48:41,085 [ForkJoinPool.commonPool-worker-0] INFO  segmented.SegmentedRaftLogWorker (SegmentedRaftLogWorker.java:close(228)) - b4322056-cf8e-4481-ab52-49b414438035-SegmentedRaftLogWorker:Storage Directory /workdir/hadoop-ozone/integration-test/target/test-dir/MiniOzoneClusterImpl-54fb3437-fb27-4fd7-8614-a0b063bd7494/datanode-5/data/ratis/b0a75fed-ebb0-41ed-91eb-6b867ad06175 close()
2019-08-30 03:48:41,086 [ForkJoinPool.commonPool-worker-0] INFO  server.GrpcService (GrpcService.java:closeImpl(155)) - b4322056-cf8e-4481-ab52-49b414438035: shutdown server with port 42667 now
2019-08-30 03:48:41,086 [ForkJoinPool.commonPool-worker-0] INFO  server.GrpcService (GrpcService.java:closeImpl(163)) - b4322056-cf8e-4481-ab52-49b414438035: shutdown server with port 42667 successfully
2019-08-30 03:48:41,087 [ForkJoinPool.commonPool-worker-0] INFO  utils.BackgroundService (BackgroundService.java:shutdown(148)) - Shutting down service BlockDeletingService
2019-08-30 03:48:41,089 [refreshUsed-/workdir/hadoop-ozone/integration-test/target/test-dir/MiniOzoneClusterImpl-54fb3437-fb27-4fd7-8614-a0b063bd7494/datanode-5/data/containers] WARN  fs.CachingGetSpaceUsed (CachingGetSpaceUsed.java:run(183)) - Thread Interrupted waiting to refresh disk information: sleep interrupted
2019-08-30 03:48:41,102 [ForkJoinPool.commonPool-worker-0] INFO  statemachine.DatanodeStateMachine (DatanodeStateMachine.java:stopDaemon(395)) - Ozone container server stopped.
2019-08-30 03:48:41,104 [ForkJoinPool.commonPool-worker-0] INFO  handler.ContextHandler (ContextHandler.java:doStop(910)) - Stopped o.e.j.w.WebAppContext@5ba4735c{/,null,UNAVAILABLE}{/hddsDatanode}
2019-08-30 03:48:41,105 [ForkJoinPool.commonPool-worker-0] INFO  server.AbstractConnector (AbstractConnector.java:doStop(318)) - Stopped ServerConnector@70b437bb{HTTP/1.1,[http/1.1]}{0.0.0.0:0}
2019-08-30 03:48:41,106 [ForkJoinPool.commonPool-worker-0] INFO  handler.ContextHandler (ContextHandler.java:doStop(910)) - Stopped o.e.j.s.ServletContextHandler@65402e26{/static,jar:file:/home/user/.m2/repository/org/apache/hadoop/hadoop-hdds-container-service/0.5.0-SNAPSHOT/hadoop-hdds-container-service-0.5.0-SNAPSHOT.jar!/webapps/static,UNAVAILABLE}
2019-08-30 03:48:41,107 [ForkJoinPool.commonPool-worker-0] INFO  handler.ContextHandler (ContextHandler.java:doStop(910)) - Stopped o.e.j.s.ServletContextHandler@22912968{/logs,file:///workdir/hadoop-ozone/integration-test/target/log,UNAVAILABLE}
2019-08-30 03:48:41,108 [main] INFO  ozone.MiniOzoneClusterImpl (MiniOzoneClusterImpl.java:stop(353)) - Stopping the StorageContainerManager
2019-08-30 03:48:41,109 [main] INFO  server.StorageContainerManager (StorageContainerManager.java:stop(797)) - Stopping Replication Manager Service.
2019-08-30 03:48:41,109 [main] INFO  container.ReplicationManager (ReplicationManager.java:stop(193)) - Stopping Replication Monitor Thread.
2019-08-30 03:48:41,109 [main] INFO  server.StorageContainerManager (StorageContainerManager.java:stop(804)) - Stopping Lease Manager of the command watchers
2019-08-30 03:48:41,109 [main] INFO  server.StorageContainerManager (StorageContainerManager.java:stop(811)) - Stopping datanode service RPC server
2019-08-30 03:48:41,109 [main] INFO  server.SCMDatanodeProtocolServer (SCMDatanodeProtocolServer.java:stop(367)) - Stopping the RPC server for DataNodes
2019-08-30 03:48:41,109 [main] INFO  ipc.Server (Server.java:stop(3082)) - Stopping server on 41734
2019-08-30 03:48:41,111 [IPC Server listener on 41734] INFO  ipc.Server (Server.java:run(1185)) - Stopping IPC Server listener on 41734
2019-08-30 03:48:41,111 [IPC Server Responder] INFO  ipc.Server (Server.java:run(1319)) - Stopping IPC Server Responder
2019-08-30 03:48:41,141 [SCM Heartbeat Processing Thread - 0] WARN  node.NodeStateManager (NodeStateManager.java:scheduleNextHealthCheck(655)) - Current Thread is interrupted, shutting down HB processing thread for Node Manager.
2019-08-30 03:48:41,141 [main] INFO  server.StorageContainerManager (StorageContainerManager.java:stop(819)) - Stopping block service RPC server
2019-08-30 03:48:41,141 [main] INFO  server.SCMBlockProtocolServer (SCMBlockProtocolServer.java:stop(148)) - Stopping the RPC server for Block Protocol
2019-08-30 03:48:41,141 [main] INFO  ipc.Server (Server.java:stop(3082)) - Stopping server on 34645
2019-08-30 03:48:41,143 [IPC Server listener on 34645] INFO  ipc.Server (Server.java:run(1185)) - Stopping IPC Server listener on 34645
2019-08-30 03:48:41,143 [main] INFO  server.StorageContainerManager (StorageContainerManager.java:stop(826)) - Stopping the StorageContainerLocationProtocol RPC server
2019-08-30 03:48:41,144 [IPC Server Responder] INFO  ipc.Server (Server.java:run(1319)) - Stopping IPC Server Responder
2019-08-30 03:48:41,144 [main] INFO  server.SCMClientProtocolServer (SCMClientProtocolServer.java:stop(159)) - Stopping the RPC server for Client Protocol
2019-08-30 03:48:41,144 [main] INFO  ipc.Server (Server.java:stop(3082)) - Stopping server on 38621
2019-08-30 03:48:41,145 [IPC Server listener on 38621] INFO  ipc.Server (Server.java:run(1185)) - Stopping IPC Server listener on 38621
2019-08-30 03:48:41,145 [main] INFO  server.StorageContainerManager (StorageContainerManager.java:stop(833)) - Stopping Storage Container Manager HTTP server.
2019-08-30 03:48:41,146 [IPC Server Responder] INFO  ipc.Server (Server.java:run(1319)) - Stopping IPC Server Responder
2019-08-30 03:48:41,147 [main] INFO  handler.ContextHandler (ContextHandler.java:doStop(910)) - Stopped o.e.j.w.WebAppContext@55d35f7a{/,null,UNAVAILABLE}{/scm}
2019-08-30 03:48:41,147 [main] INFO  server.AbstractConnector (AbstractConnector.java:doStop(318)) - Stopped ServerConnector@12ef7db5{HTTP/1.1,[http/1.1]}{0.0.0.0:0}
2019-08-30 03:48:41,148 [main] INFO  handler.ContextHandler (ContextHandler.java:doStop(910)) - Stopped o.e.j.s.ServletContextHandler@57e35236{/static,file:///workdir/hadoop-ozone/integration-test/target/test-classes/webapps/static,UNAVAILABLE}
2019-08-30 03:48:41,148 [main] INFO  handler.ContextHandler (ContextHandler.java:doStop(910)) - Stopped o.e.j.s.ServletContextHandler@354ff4f6{/logs,file:///workdir/hadoop-ozone/integration-test/target/log,UNAVAILABLE}
2019-08-30 03:48:41,148 [main] INFO  server.StorageContainerManager (StorageContainerManager.java:stop(844)) - Stopping Block Manager Service.
2019-08-30 03:48:41,148 [main] INFO  utils.BackgroundService (BackgroundService.java:shutdown(148)) - Shutting down service SCMBlockDeletingService
2019-08-30 03:48:41,149 [main] INFO  utils.BackgroundService (BackgroundService.java:shutdown(148)) - Shutting down service SCMBlockDeletingService
2019-08-30 03:48:41,149 [main] INFO  server.StorageContainerManager (StorageContainerManager.java:stop(866)) - Stopping SCM Event Queue.
2019-08-30 03:48:41,152 [main] INFO  impl.MetricsSystemImpl (MetricsSystemImpl.java:stop(210)) - Stopping HddsDatanode metrics system...
2019-08-30 03:48:41,158 [main] INFO  impl.MetricsSystemImpl (MetricsSystemImpl.java:stop(216)) - HddsDatanode metrics system stopped.
]]></system-out>
    <system-err><![CDATA[Aug 30, 2019 3:47:42 AM com.sun.jersey.server.impl.application.WebApplicationImpl _initiate
INFO: Initiating Jersey application, version 'Jersey: 1.19 02/11/2015 03:25 AM'
Aug 30, 2019 3:47:42 AM com.sun.jersey.server.impl.application.WebApplicationImpl _initiate
INFO: Initiating Jersey application, version 'Jersey: 1.19 02/11/2015 03:25 AM'
Aug 30, 2019 3:47:43 AM com.sun.jersey.server.impl.application.WebApplicationImpl _initiate
INFO: Initiating Jersey application, version 'Jersey: 1.19 02/11/2015 03:25 AM'
Aug 30, 2019 3:47:43 AM com.sun.jersey.server.impl.application.WebApplicationImpl _initiate
INFO: Initiating Jersey application, version 'Jersey: 1.19 02/11/2015 03:25 AM'
Aug 30, 2019 3:47:43 AM com.sun.jersey.server.impl.application.WebApplicationImpl _initiate
INFO: Initiating Jersey application, version 'Jersey: 1.19 02/11/2015 03:25 AM'
Aug 30, 2019 3:47:43 AM com.sun.jersey.server.impl.application.WebApplicationImpl _initiate
INFO: Initiating Jersey application, version 'Jersey: 1.19 02/11/2015 03:25 AM'
Aug 30, 2019 3:47:43 AM com.sun.jersey.server.impl.application.WebApplicationImpl _initiate
INFO: Initiating Jersey application, version 'Jersey: 1.19 02/11/2015 03:25 AM'
Aug 30, 2019 3:47:46 AM org.apache.ratis.thirdparty.io.grpc.internal.ManagedChannelOrphanWrapper$ManagedChannelReference cleanQueue
SEVERE: *~*~*~ Channel ManagedChannelImpl{logId=2715, target=192.168.36.106:40186} was not shutdown properly!!! ~*~*~*
    Make sure to call shutdown()/shutdownNow() and wait until awaitTermination() returns true.
java.lang.RuntimeException: ManagedChannel allocation site
	at org.apache.ratis.thirdparty.io.grpc.internal.ManagedChannelOrphanWrapper$ManagedChannelReference.<init>(ManagedChannelOrphanWrapper.java:103)
	at org.apache.ratis.thirdparty.io.grpc.internal.ManagedChannelOrphanWrapper.<init>(ManagedChannelOrphanWrapper.java:53)
	at org.apache.ratis.thirdparty.io.grpc.internal.ManagedChannelOrphanWrapper.<init>(ManagedChannelOrphanWrapper.java:44)
	at org.apache.ratis.thirdparty.io.grpc.internal.AbstractManagedChannelImplBuilder.build(AbstractManagedChannelImplBuilder.java:411)
	at org.apache.hadoop.hdds.scm.XceiverClientGrpc.connectToDatanode(XceiverClientGrpc.java:175)
	at org.apache.hadoop.hdds.scm.XceiverClientGrpc.reconnect(XceiverClientGrpc.java:423)
	at org.apache.hadoop.hdds.scm.XceiverClientGrpc.sendCommandAsync(XceiverClientGrpc.java:372)
	at org.apache.hadoop.hdds.scm.XceiverClientGrpc.sendCommandWithRetry(XceiverClientGrpc.java:285)
	at org.apache.hadoop.hdds.scm.XceiverClientGrpc.sendCommandWithTraceIDAndRetry(XceiverClientGrpc.java:251)
	at org.apache.hadoop.hdds.scm.XceiverClientGrpc.sendCommand(XceiverClientGrpc.java:234)
	at org.apache.hadoop.hdds.scm.storage.ContainerProtocolCalls.getBlock(ContainerProtocolCalls.java:118)
	at org.apache.hadoop.hdds.scm.storage.BlockInputStream.getChunkInfos(BlockInputStream.java:167)
	at org.apache.hadoop.hdds.scm.storage.BlockInputStream.initialize(BlockInputStream.java:118)
	at org.apache.hadoop.hdds.scm.storage.BlockInputStream.read(BlockInputStream.java:222)
	at org.apache.hadoop.ozone.client.io.KeyInputStream.read(KeyInputStream.java:171)
	at org.apache.hadoop.ozone.client.io.OzoneInputStream.read(OzoneInputStream.java:47)
	at java.io.InputStream.read(InputStream.java:101)
	at org.apache.hadoop.ozone.container.ContainerTestHelper.validateData(ContainerTestHelper.java:713)
	at org.apache.hadoop.ozone.client.rpc.TestBlockOutputStreamWithFailures.validateData(TestBlockOutputStreamWithFailures.java:1216)
	at org.apache.hadoop.ozone.client.rpc.TestBlockOutputStreamWithFailures.testWatchForCommitWithSingleNodeRatis(TestBlockOutputStreamWithFailures.java:918)
	at sun.reflect.NativeMethodAccessorImpl.invoke0(Native Method)
	at sun.reflect.NativeMethodAccessorImpl.invoke(NativeMethodAccessorImpl.java:62)
	at sun.reflect.DelegatingMethodAccessorImpl.invoke(DelegatingMethodAccessorImpl.java:43)
	at java.lang.reflect.Method.invoke(Method.java:498)
	at org.junit.runners.model.FrameworkMethod$1.runReflectiveCall(FrameworkMethod.java:47)
	at org.junit.internal.runners.model.ReflectiveCallable.run(ReflectiveCallable.java:12)
	at org.junit.runners.model.FrameworkMethod.invokeExplosively(FrameworkMethod.java:44)
	at org.junit.internal.runners.statements.InvokeMethod.evaluate(InvokeMethod.java:17)
	at org.junit.internal.runners.statements.RunBefores.evaluate(RunBefores.java:26)
	at org.junit.internal.runners.statements.RunAfters.evaluate(RunAfters.java:27)
	at org.junit.runners.ParentRunner.runLeaf(ParentRunner.java:271)
	at org.junit.runners.BlockJUnit4ClassRunner.runChild(BlockJUnit4ClassRunner.java:70)
	at org.junit.runners.BlockJUnit4ClassRunner.runChild(BlockJUnit4ClassRunner.java:50)
	at org.junit.runners.ParentRunner$3.run(ParentRunner.java:238)
	at org.junit.runners.ParentRunner$1.schedule(ParentRunner.java:63)
	at org.junit.runners.ParentRunner.runChildren(ParentRunner.java:236)
	at org.junit.runners.ParentRunner.access$000(ParentRunner.java:53)
	at org.junit.runners.ParentRunner$2.evaluate(ParentRunner.java:229)
	at org.junit.runners.ParentRunner.run(ParentRunner.java:309)
	at org.apache.maven.surefire.junit4.JUnit4Provider.execute(JUnit4Provider.java:365)
	at org.apache.maven.surefire.junit4.JUnit4Provider.executeWithRerun(JUnit4Provider.java:273)
	at org.apache.maven.surefire.junit4.JUnit4Provider.executeTestSet(JUnit4Provider.java:238)
	at org.apache.maven.surefire.junit4.JUnit4Provider.invoke(JUnit4Provider.java:159)
	at org.apache.maven.surefire.booter.ForkedBooter.invokeProviderInSameClassLoader(ForkedBooter.java:384)
	at org.apache.maven.surefire.booter.ForkedBooter.runSuitesInProcess(ForkedBooter.java:345)
	at org.apache.maven.surefire.booter.ForkedBooter.execute(ForkedBooter.java:126)
	at org.apache.maven.surefire.booter.ForkedBooter.main(ForkedBooter.java:418)

Aug 30, 2019 3:47:46 AM org.apache.ratis.thirdparty.io.grpc.internal.ManagedChannelOrphanWrapper$ManagedChannelReference cleanQueue
SEVERE: *~*~*~ Channel ManagedChannelImpl{logId=2720, target=192.168.36.106:40793} was not shutdown properly!!! ~*~*~*
    Make sure to call shutdown()/shutdownNow() and wait until awaitTermination() returns true.
java.lang.RuntimeException: ManagedChannel allocation site
	at org.apache.ratis.thirdparty.io.grpc.internal.ManagedChannelOrphanWrapper$ManagedChannelReference.<init>(ManagedChannelOrphanWrapper.java:103)
	at org.apache.ratis.thirdparty.io.grpc.internal.ManagedChannelOrphanWrapper.<init>(ManagedChannelOrphanWrapper.java:53)
	at org.apache.ratis.thirdparty.io.grpc.internal.ManagedChannelOrphanWrapper.<init>(ManagedChannelOrphanWrapper.java:44)
	at org.apache.ratis.thirdparty.io.grpc.internal.AbstractManagedChannelImplBuilder.build(AbstractManagedChannelImplBuilder.java:411)
	at org.apache.hadoop.hdds.scm.XceiverClientGrpc.connectToDatanode(XceiverClientGrpc.java:175)
	at org.apache.hadoop.hdds.scm.XceiverClientGrpc.reconnect(XceiverClientGrpc.java:423)
	at org.apache.hadoop.hdds.scm.XceiverClientGrpc.sendCommandAsync(XceiverClientGrpc.java:372)
	at org.apache.hadoop.hdds.scm.XceiverClientGrpc.sendCommandWithRetry(XceiverClientGrpc.java:285)
	at org.apache.hadoop.hdds.scm.XceiverClientGrpc.sendCommandWithTraceIDAndRetry(XceiverClientGrpc.java:251)
	at org.apache.hadoop.hdds.scm.XceiverClientGrpc.sendCommand(XceiverClientGrpc.java:234)
	at org.apache.hadoop.hdds.scm.storage.ContainerProtocolCalls.getBlock(ContainerProtocolCalls.java:118)
	at org.apache.hadoop.hdds.scm.storage.BlockInputStream.getChunkInfos(BlockInputStream.java:167)
	at org.apache.hadoop.hdds.scm.storage.BlockInputStream.initialize(BlockInputStream.java:118)
	at org.apache.hadoop.hdds.scm.storage.BlockInputStream.read(BlockInputStream.java:222)
	at org.apache.hadoop.ozone.client.io.KeyInputStream.read(KeyInputStream.java:171)
	at org.apache.hadoop.ozone.client.io.OzoneInputStream.read(OzoneInputStream.java:47)
	at java.io.InputStream.read(InputStream.java:101)
	at org.apache.hadoop.ozone.container.ContainerTestHelper.validateData(ContainerTestHelper.java:713)
	at org.apache.hadoop.ozone.client.rpc.TestBlockOutputStreamWithFailures.validateData(TestBlockOutputStreamWithFailures.java:1216)
	at org.apache.hadoop.ozone.client.rpc.TestBlockOutputStreamWithFailures.testWatchForCommitWithSingleNodeRatis(TestBlockOutputStreamWithFailures.java:918)
	at sun.reflect.NativeMethodAccessorImpl.invoke0(Native Method)
	at sun.reflect.NativeMethodAccessorImpl.invoke(NativeMethodAccessorImpl.java:62)
	at sun.reflect.DelegatingMethodAccessorImpl.invoke(DelegatingMethodAccessorImpl.java:43)
	at java.lang.reflect.Method.invoke(Method.java:498)
	at org.junit.runners.model.FrameworkMethod$1.runReflectiveCall(FrameworkMethod.java:47)
	at org.junit.internal.runners.model.ReflectiveCallable.run(ReflectiveCallable.java:12)
	at org.junit.runners.model.FrameworkMethod.invokeExplosively(FrameworkMethod.java:44)
	at org.junit.internal.runners.statements.InvokeMethod.evaluate(InvokeMethod.java:17)
	at org.junit.internal.runners.statements.RunBefores.evaluate(RunBefores.java:26)
	at org.junit.internal.runners.statements.RunAfters.evaluate(RunAfters.java:27)
	at org.junit.runners.ParentRunner.runLeaf(ParentRunner.java:271)
	at org.junit.runners.BlockJUnit4ClassRunner.runChild(BlockJUnit4ClassRunner.java:70)
	at org.junit.runners.BlockJUnit4ClassRunner.runChild(BlockJUnit4ClassRunner.java:50)
	at org.junit.runners.ParentRunner$3.run(ParentRunner.java:238)
	at org.junit.runners.ParentRunner$1.schedule(ParentRunner.java:63)
	at org.junit.runners.ParentRunner.runChildren(ParentRunner.java:236)
	at org.junit.runners.ParentRunner.access$000(ParentRunner.java:53)
	at org.junit.runners.ParentRunner$2.evaluate(ParentRunner.java:229)
	at org.junit.runners.ParentRunner.run(ParentRunner.java:309)
	at org.apache.maven.surefire.junit4.JUnit4Provider.execute(JUnit4Provider.java:365)
	at org.apache.maven.surefire.junit4.JUnit4Provider.executeWithRerun(JUnit4Provider.java:273)
	at org.apache.maven.surefire.junit4.JUnit4Provider.executeTestSet(JUnit4Provider.java:238)
	at org.apache.maven.surefire.junit4.JUnit4Provider.invoke(JUnit4Provider.java:159)
	at org.apache.maven.surefire.booter.ForkedBooter.invokeProviderInSameClassLoader(ForkedBooter.java:384)
	at org.apache.maven.surefire.booter.ForkedBooter.runSuitesInProcess(ForkedBooter.java:345)
	at org.apache.maven.surefire.booter.ForkedBooter.execute(ForkedBooter.java:126)
	at org.apache.maven.surefire.booter.ForkedBooter.main(ForkedBooter.java:418)

Aug 30, 2019 3:47:46 AM org.apache.ratis.thirdparty.io.grpc.internal.ManagedChannelOrphanWrapper$ManagedChannelReference cleanQueue
SEVERE: *~*~*~ Channel ManagedChannelImpl{logId=2695, target=192.168.36.106:44560} was not shutdown properly!!! ~*~*~*
    Make sure to call shutdown()/shutdownNow() and wait until awaitTermination() returns true.
java.lang.RuntimeException: ManagedChannel allocation site
	at org.apache.ratis.thirdparty.io.grpc.internal.ManagedChannelOrphanWrapper$ManagedChannelReference.<init>(ManagedChannelOrphanWrapper.java:103)
	at org.apache.ratis.thirdparty.io.grpc.internal.ManagedChannelOrphanWrapper.<init>(ManagedChannelOrphanWrapper.java:53)
	at org.apache.ratis.thirdparty.io.grpc.internal.ManagedChannelOrphanWrapper.<init>(ManagedChannelOrphanWrapper.java:44)
	at org.apache.ratis.thirdparty.io.grpc.internal.AbstractManagedChannelImplBuilder.build(AbstractManagedChannelImplBuilder.java:411)
	at org.apache.ratis.grpc.client.GrpcClientProtocolClient.<init>(GrpcClientProtocolClient.java:119)
	at org.apache.ratis.grpc.client.GrpcClientRpc.lambda$new$0(GrpcClientRpc.java:55)
	at org.apache.ratis.util.PeerProxyMap$PeerAndProxy.lambda$getProxy$0(PeerProxyMap.java:61)
	at org.apache.ratis.util.LifeCycle.startAndTransition(LifeCycle.java:202)
	at org.apache.ratis.util.PeerProxyMap$PeerAndProxy.getProxy(PeerProxyMap.java:60)
	at org.apache.ratis.util.PeerProxyMap.getProxy(PeerProxyMap.java:107)
	at org.apache.ratis.grpc.client.GrpcClientRpc.sendRequestAsync(GrpcClientRpc.java:66)
	at org.apache.ratis.client.impl.OrderedAsync.sendRequest(OrderedAsync.java:208)
	at org.apache.ratis.client.impl.OrderedAsync.sendRequestWithRetry(OrderedAsync.java:169)
	at org.apache.ratis.util.SlidingWindow$Client.sendOrDelayRequest(SlidingWindow.java:278)
	at org.apache.ratis.util.SlidingWindow$Client.retry(SlidingWindow.java:294)
	at org.apache.ratis.client.impl.OrderedAsync.lambda$scheduleWithTimeout$7(OrderedAsync.java:195)
	at org.apache.ratis.util.TimeoutScheduler.lambda$onTimeout$0(TimeoutScheduler.java:85)
	at org.apache.ratis.util.TimeoutScheduler.lambda$onTimeout$1(TimeoutScheduler.java:104)
	at org.apache.ratis.util.LogUtils.runAndLog(LogUtils.java:50)
	at org.apache.ratis.util.LogUtils$1.run(LogUtils.java:91)
	at java.util.concurrent.Executors$RunnableAdapter.call(Executors.java:511)
	at java.util.concurrent.FutureTask.run(FutureTask.java:266)
	at java.util.concurrent.ScheduledThreadPoolExecutor$ScheduledFutureTask.access$201(ScheduledThreadPoolExecutor.java:180)
	at java.util.concurrent.ScheduledThreadPoolExecutor$ScheduledFutureTask.run(ScheduledThreadPoolExecutor.java:293)
	at java.util.concurrent.ThreadPoolExecutor.runWorker(ThreadPoolExecutor.java:1149)
	at java.util.concurrent.ThreadPoolExecutor$Worker.run(ThreadPoolExecutor.java:624)
	at java.lang.Thread.run(Thread.java:748)

Aug 30, 2019 3:47:46 AM org.apache.ratis.thirdparty.io.grpc.internal.ManagedChannelOrphanWrapper$ManagedChannelReference cleanQueue
SEVERE: *~*~*~ Channel ManagedChannelImpl{logId=2479, target=192.168.36.106:39595} was not shutdown properly!!! ~*~*~*
    Make sure to call shutdown()/shutdownNow() and wait until awaitTermination() returns true.
java.lang.RuntimeException: ManagedChannel allocation site
	at org.apache.ratis.thirdparty.io.grpc.internal.ManagedChannelOrphanWrapper$ManagedChannelReference.<init>(ManagedChannelOrphanWrapper.java:103)
	at org.apache.ratis.thirdparty.io.grpc.internal.ManagedChannelOrphanWrapper.<init>(ManagedChannelOrphanWrapper.java:53)
	at org.apache.ratis.thirdparty.io.grpc.internal.ManagedChannelOrphanWrapper.<init>(ManagedChannelOrphanWrapper.java:44)
	at org.apache.ratis.thirdparty.io.grpc.internal.AbstractManagedChannelImplBuilder.build(AbstractManagedChannelImplBuilder.java:411)
	at org.apache.hadoop.hdds.scm.XceiverClientGrpc.connectToDatanode(XceiverClientGrpc.java:175)
	at org.apache.hadoop.hdds.scm.XceiverClientGrpc.reconnect(XceiverClientGrpc.java:423)
	at org.apache.hadoop.hdds.scm.XceiverClientGrpc.sendCommandAsync(XceiverClientGrpc.java:372)
	at org.apache.hadoop.hdds.scm.XceiverClientGrpc.sendCommandWithRetry(XceiverClientGrpc.java:285)
	at org.apache.hadoop.hdds.scm.XceiverClientGrpc.sendCommandWithTraceIDAndRetry(XceiverClientGrpc.java:251)
	at org.apache.hadoop.hdds.scm.XceiverClientGrpc.sendCommand(XceiverClientGrpc.java:234)
	at org.apache.hadoop.hdds.scm.storage.ContainerProtocolCalls.getBlock(ContainerProtocolCalls.java:118)
	at org.apache.hadoop.hdds.scm.storage.BlockInputStream.getChunkInfos(BlockInputStream.java:167)
	at org.apache.hadoop.hdds.scm.storage.BlockInputStream.initialize(BlockInputStream.java:118)
	at org.apache.hadoop.hdds.scm.storage.BlockInputStream.read(BlockInputStream.java:222)
	at org.apache.hadoop.ozone.client.io.KeyInputStream.read(KeyInputStream.java:171)
	at org.apache.hadoop.ozone.client.io.OzoneInputStream.read(OzoneInputStream.java:47)
	at java.io.InputStream.read(InputStream.java:101)
	at org.apache.hadoop.ozone.container.ContainerTestHelper.validateData(ContainerTestHelper.java:713)
	at org.apache.hadoop.ozone.client.rpc.TestBlockOutputStreamWithFailures.validateData(TestBlockOutputStreamWithFailures.java:1216)
	at org.apache.hadoop.ozone.client.rpc.TestBlockOutputStreamWithFailures.testDatanodeFailureWithSingleNodeRatis(TestBlockOutputStreamWithFailures.java:1058)
	at sun.reflect.NativeMethodAccessorImpl.invoke0(Native Method)
	at sun.reflect.NativeMethodAccessorImpl.invoke(NativeMethodAccessorImpl.java:62)
	at sun.reflect.DelegatingMethodAccessorImpl.invoke(DelegatingMethodAccessorImpl.java:43)
	at java.lang.reflect.Method.invoke(Method.java:498)
	at org.junit.runners.model.FrameworkMethod$1.runReflectiveCall(FrameworkMethod.java:47)
	at org.junit.internal.runners.model.ReflectiveCallable.run(ReflectiveCallable.java:12)
	at org.junit.runners.model.FrameworkMethod.invokeExplosively(FrameworkMethod.java:44)
	at org.junit.internal.runners.statements.InvokeMethod.evaluate(InvokeMethod.java:17)
	at org.junit.internal.runners.statements.RunBefores.evaluate(RunBefores.java:26)
	at org.junit.internal.runners.statements.RunAfters.evaluate(RunAfters.java:27)
	at org.junit.runners.ParentRunner.runLeaf(ParentRunner.java:271)
	at org.junit.runners.BlockJUnit4ClassRunner.runChild(BlockJUnit4ClassRunner.java:70)
	at org.junit.runners.BlockJUnit4ClassRunner.runChild(BlockJUnit4ClassRunner.java:50)
	at org.junit.runners.ParentRunner$3.run(ParentRunner.java:238)
	at org.junit.runners.ParentRunner$1.schedule(ParentRunner.java:63)
	at org.junit.runners.ParentRunner.runChildren(ParentRunner.java:236)
	at org.junit.runners.ParentRunner.access$000(ParentRunner.java:53)
	at org.junit.runners.ParentRunner$2.evaluate(ParentRunner.java:229)
	at org.junit.runners.ParentRunner.run(ParentRunner.java:309)
	at org.apache.maven.surefire.junit4.JUnit4Provider.execute(JUnit4Provider.java:365)
	at org.apache.maven.surefire.junit4.JUnit4Provider.executeWithRerun(JUnit4Provider.java:273)
	at org.apache.maven.surefire.junit4.JUnit4Provider.executeTestSet(JUnit4Provider.java:238)
	at org.apache.maven.surefire.junit4.JUnit4Provider.invoke(JUnit4Provider.java:159)
	at org.apache.maven.surefire.booter.ForkedBooter.invokeProviderInSameClassLoader(ForkedBooter.java:384)
	at org.apache.maven.surefire.booter.ForkedBooter.runSuitesInProcess(ForkedBooter.java:345)
	at org.apache.maven.surefire.booter.ForkedBooter.execute(ForkedBooter.java:126)
	at org.apache.maven.surefire.booter.ForkedBooter.main(ForkedBooter.java:418)

Aug 30, 2019 3:47:46 AM org.apache.ratis.thirdparty.io.grpc.internal.ManagedChannelOrphanWrapper$ManagedChannelReference cleanQueue
SEVERE: *~*~*~ Channel ManagedChannelImpl{logId=2454, target=192.168.36.106:43075} was not shutdown properly!!! ~*~*~*
    Make sure to call shutdown()/shutdownNow() and wait until awaitTermination() returns true.
java.lang.RuntimeException: ManagedChannel allocation site
	at org.apache.ratis.thirdparty.io.grpc.internal.ManagedChannelOrphanWrapper$ManagedChannelReference.<init>(ManagedChannelOrphanWrapper.java:103)
	at org.apache.ratis.thirdparty.io.grpc.internal.ManagedChannelOrphanWrapper.<init>(ManagedChannelOrphanWrapper.java:53)
	at org.apache.ratis.thirdparty.io.grpc.internal.ManagedChannelOrphanWrapper.<init>(ManagedChannelOrphanWrapper.java:44)
	at org.apache.ratis.thirdparty.io.grpc.internal.AbstractManagedChannelImplBuilder.build(AbstractManagedChannelImplBuilder.java:411)
	at org.apache.ratis.grpc.client.GrpcClientProtocolClient.<init>(GrpcClientProtocolClient.java:119)
	at org.apache.ratis.grpc.client.GrpcClientRpc.lambda$new$0(GrpcClientRpc.java:55)
	at org.apache.ratis.util.PeerProxyMap$PeerAndProxy.lambda$getProxy$0(PeerProxyMap.java:61)
	at org.apache.ratis.util.LifeCycle.startAndTransition(LifeCycle.java:202)
	at org.apache.ratis.util.PeerProxyMap$PeerAndProxy.getProxy(PeerProxyMap.java:60)
	at org.apache.ratis.util.PeerProxyMap.getProxy(PeerProxyMap.java:107)
	at org.apache.ratis.grpc.client.GrpcClientRpc.sendRequestAsync(GrpcClientRpc.java:66)
	at org.apache.ratis.client.impl.OrderedAsync.sendRequest(OrderedAsync.java:208)
	at org.apache.ratis.client.impl.OrderedAsync.sendRequestWithRetry(OrderedAsync.java:169)
	at org.apache.ratis.util.SlidingWindow$Client.sendOrDelayRequest(SlidingWindow.java:278)
	at org.apache.ratis.util.SlidingWindow$Client.submitNewRequest(SlidingWindow.java:257)
	at org.apache.ratis.client.impl.OrderedAsync.send(OrderedAsync.java:155)
	at org.apache.ratis.client.impl.RaftClientImpl.sendAsync(RaftClientImpl.java:145)
	at org.apache.ratis.client.impl.RaftClientImpl.sendAsync(RaftClientImpl.java:125)
	at org.apache.hadoop.hdds.scm.XceiverClientRatis.sendRequestAsync(XceiverClientRatis.java:224)
	at org.apache.hadoop.hdds.scm.XceiverClientRatis.sendCommandAsync(XceiverClientRatis.java:302)
	at org.apache.hadoop.hdds.scm.storage.ContainerProtocolCalls.writeChunkAsync(ContainerProtocolCalls.java:310)
	at org.apache.hadoop.hdds.scm.storage.BlockOutputStream.writeChunkToContainer(BlockOutputStream.java:601)
	at org.apache.hadoop.hdds.scm.storage.BlockOutputStream.writeChunk(BlockOutputStream.java:459)
	at org.apache.hadoop.hdds.scm.storage.BlockOutputStream.writeOnRetry(BlockOutputStream.java:285)
	at org.apache.hadoop.ozone.client.io.BlockOutputStreamEntry.writeOnRetry(BlockOutputStreamEntry.java:200)
	at org.apache.hadoop.ozone.client.io.KeyOutputStream.handleWrite(KeyOutputStream.java:209)
	at org.apache.hadoop.ozone.client.io.KeyOutputStream.handleRetry(KeyOutputStream.java:376)
	at org.apache.hadoop.ozone.client.io.KeyOutputStream.handleException(KeyOutputStream.java:325)
	at org.apache.hadoop.ozone.client.io.KeyOutputStream.handleFlushOrClose(KeyOutputStream.java:448)
	at org.apache.hadoop.ozone.client.io.KeyOutputStream.handleWrite(KeyOutputStream.java:235)
	at org.apache.hadoop.ozone.client.io.KeyOutputStream.write(KeyOutputStream.java:193)
	at org.apache.hadoop.ozone.client.io.OzoneOutputStream.write(OzoneOutputStream.java:49)
	at java.io.OutputStream.write(OutputStream.java:75)
	at org.apache.hadoop.ozone.client.rpc.TestBlockOutputStreamWithFailures.testDatanodeFailureWithSingleNodeRatis(TestBlockOutputStreamWithFailures.java:1021)
	at sun.reflect.NativeMethodAccessorImpl.invoke0(Native Method)
	at sun.reflect.NativeMethodAccessorImpl.invoke(NativeMethodAccessorImpl.java:62)
	at sun.reflect.DelegatingMethodAccessorImpl.invoke(DelegatingMethodAccessorImpl.java:43)
	at java.lang.reflect.Method.invoke(Method.java:498)
	at org.junit.runners.model.FrameworkMethod$1.runReflectiveCall(FrameworkMethod.java:47)
	at org.junit.internal.runners.model.ReflectiveCallable.run(ReflectiveCallable.java:12)
	at org.junit.runners.model.FrameworkMethod.invokeExplosively(FrameworkMethod.java:44)
	at org.junit.internal.runners.statements.InvokeMethod.evaluate(InvokeMethod.java:17)
	at org.junit.internal.runners.statements.RunBefores.evaluate(RunBefores.java:26)
	at org.junit.internal.runners.statements.RunAfters.evaluate(RunAfters.java:27)
	at org.junit.runners.ParentRunner.runLeaf(ParentRunner.java:271)
	at org.junit.runners.BlockJUnit4ClassRunner.runChild(BlockJUnit4ClassRunner.java:70)
	at org.junit.runners.BlockJUnit4ClassRunner.runChild(BlockJUnit4ClassRunner.java:50)
	at org.junit.runners.ParentRunner$3.run(ParentRunner.java:238)
	at org.junit.runners.ParentRunner$1.schedule(ParentRunner.java:63)
	at org.junit.runners.ParentRunner.runChildren(ParentRunner.java:236)
	at org.junit.runners.ParentRunner.access$000(ParentRunner.java:53)
	at org.junit.runners.ParentRunner$2.evaluate(ParentRunner.java:229)
	at org.junit.runners.ParentRunner.run(ParentRunner.java:309)
	at org.apache.maven.surefire.junit4.JUnit4Provider.execute(JUnit4Provider.java:365)
	at org.apache.maven.surefire.junit4.JUnit4Provider.executeWithRerun(JUnit4Provider.java:273)
	at org.apache.maven.surefire.junit4.JUnit4Provider.executeTestSet(JUnit4Provider.java:238)
	at org.apache.maven.surefire.junit4.JUnit4Provider.invoke(JUnit4Provider.java:159)
	at org.apache.maven.surefire.booter.ForkedBooter.invokeProviderInSameClassLoader(ForkedBooter.java:384)
	at org.apache.maven.surefire.booter.ForkedBooter.runSuitesInProcess(ForkedBooter.java:345)
	at org.apache.maven.surefire.booter.ForkedBooter.execute(ForkedBooter.java:126)
	at org.apache.maven.surefire.booter.ForkedBooter.main(ForkedBooter.java:418)

Aug 30, 2019 3:47:46 AM org.apache.ratis.thirdparty.io.grpc.internal.ManagedChannelOrphanWrapper$ManagedChannelReference cleanQueue
SEVERE: *~*~*~ Channel ManagedChannelImpl{logId=2710, target=192.168.36.106:40958} was not shutdown properly!!! ~*~*~*
    Make sure to call shutdown()/shutdownNow() and wait until awaitTermination() returns true.
java.lang.RuntimeException: ManagedChannel allocation site
	at org.apache.ratis.thirdparty.io.grpc.internal.ManagedChannelOrphanWrapper$ManagedChannelReference.<init>(ManagedChannelOrphanWrapper.java:103)
	at org.apache.ratis.thirdparty.io.grpc.internal.ManagedChannelOrphanWrapper.<init>(ManagedChannelOrphanWrapper.java:53)
	at org.apache.ratis.thirdparty.io.grpc.internal.ManagedChannelOrphanWrapper.<init>(ManagedChannelOrphanWrapper.java:44)
	at org.apache.ratis.thirdparty.io.grpc.internal.AbstractManagedChannelImplBuilder.build(AbstractManagedChannelImplBuilder.java:411)
	at org.apache.ratis.grpc.client.GrpcClientProtocolClient.<init>(GrpcClientProtocolClient.java:119)
	at org.apache.ratis.grpc.client.GrpcClientRpc.lambda$new$0(GrpcClientRpc.java:55)
	at org.apache.ratis.util.PeerProxyMap$PeerAndProxy.lambda$getProxy$0(PeerProxyMap.java:61)
	at org.apache.ratis.util.LifeCycle.startAndTransition(LifeCycle.java:202)
	at org.apache.ratis.util.PeerProxyMap$PeerAndProxy.getProxy(PeerProxyMap.java:60)
	at org.apache.ratis.util.PeerProxyMap.getProxy(PeerProxyMap.java:107)
	at org.apache.ratis.grpc.client.GrpcClientRpc.sendRequestAsync(GrpcClientRpc.java:66)
	at org.apache.ratis.client.impl.OrderedAsync.sendRequest(OrderedAsync.java:208)
	at org.apache.ratis.client.impl.OrderedAsync.sendRequestWithRetry(OrderedAsync.java:169)
	at org.apache.ratis.util.SlidingWindow$Client.sendOrDelayRequest(SlidingWindow.java:278)
	at org.apache.ratis.util.SlidingWindow$Client.submitNewRequest(SlidingWindow.java:257)
	at org.apache.ratis.client.impl.OrderedAsync.send(OrderedAsync.java:155)
	at org.apache.ratis.client.impl.RaftClientImpl.sendAsync(RaftClientImpl.java:145)
	at org.apache.ratis.client.impl.RaftClientImpl.sendAsync(RaftClientImpl.java:125)
	at org.apache.hadoop.hdds.scm.XceiverClientRatis.sendRequestAsync(XceiverClientRatis.java:224)
	at org.apache.hadoop.hdds.scm.XceiverClientRatis.sendCommandAsync(XceiverClientRatis.java:302)
	at org.apache.hadoop.hdds.scm.storage.ContainerProtocolCalls.writeChunkAsync(ContainerProtocolCalls.java:310)
	at org.apache.hadoop.hdds.scm.storage.BlockOutputStream.writeChunkToContainer(BlockOutputStream.java:601)
	at org.apache.hadoop.hdds.scm.storage.BlockOutputStream.writeChunk(BlockOutputStream.java:459)
	at org.apache.hadoop.hdds.scm.storage.BlockOutputStream.writeOnRetry(BlockOutputStream.java:285)
	at org.apache.hadoop.ozone.client.io.BlockOutputStreamEntry.writeOnRetry(BlockOutputStreamEntry.java:200)
	at org.apache.hadoop.ozone.client.io.KeyOutputStream.handleWrite(KeyOutputStream.java:209)
	at org.apache.hadoop.ozone.client.io.KeyOutputStream.handleRetry(KeyOutputStream.java:376)
	at org.apache.hadoop.ozone.client.io.KeyOutputStream.handleException(KeyOutputStream.java:325)
	at org.apache.hadoop.ozone.client.io.KeyOutputStream.handleFlushOrClose(KeyOutputStream.java:448)
	at org.apache.hadoop.ozone.client.io.KeyOutputStream.handleWrite(KeyOutputStream.java:235)
	at org.apache.hadoop.ozone.client.io.KeyOutputStream.write(KeyOutputStream.java:193)
	at org.apache.hadoop.ozone.client.io.OzoneOutputStream.write(OzoneOutputStream.java:49)
	at java.io.OutputStream.write(OutputStream.java:75)
	at org.apache.hadoop.ozone.client.rpc.TestBlockOutputStreamWithFailures.testWatchForCommitWithSingleNodeRatis(TestBlockOutputStreamWithFailures.java:885)
	at sun.reflect.NativeMethodAccessorImpl.invoke0(Native Method)
	at sun.reflect.NativeMethodAccessorImpl.invoke(NativeMethodAccessorImpl.java:62)
	at sun.reflect.DelegatingMethodAccessorImpl.invoke(DelegatingMethodAccessorImpl.java:43)
	at java.lang.reflect.Method.invoke(Method.java:498)
	at org.junit.runners.model.FrameworkMethod$1.runReflectiveCall(FrameworkMethod.java:47)
	at org.junit.internal.runners.model.ReflectiveCallable.run(ReflectiveCallable.java:12)
	at org.junit.runners.model.FrameworkMethod.invokeExplosively(FrameworkMethod.java:44)
	at org.junit.internal.runners.statements.InvokeMethod.evaluate(InvokeMethod.java:17)
	at org.junit.internal.runners.statements.RunBefores.evaluate(RunBefores.java:26)
	at org.junit.internal.runners.statements.RunAfters.evaluate(RunAfters.java:27)
	at org.junit.runners.ParentRunner.runLeaf(ParentRunner.java:271)
	at org.junit.runners.BlockJUnit4ClassRunner.runChild(BlockJUnit4ClassRunner.java:70)
	at org.junit.runners.BlockJUnit4ClassRunner.runChild(BlockJUnit4ClassRunner.java:50)
	at org.junit.runners.ParentRunner$3.run(ParentRunner.java:238)
	at org.junit.runners.ParentRunner$1.schedule(ParentRunner.java:63)
	at org.junit.runners.ParentRunner.runChildren(ParentRunner.java:236)
	at org.junit.runners.ParentRunner.access$000(ParentRunner.java:53)
	at org.junit.runners.ParentRunner$2.evaluate(ParentRunner.java:229)
	at org.junit.runners.ParentRunner.run(ParentRunner.java:309)
	at org.apache.maven.surefire.junit4.JUnit4Provider.execute(JUnit4Provider.java:365)
	at org.apache.maven.surefire.junit4.JUnit4Provider.executeWithRerun(JUnit4Provider.java:273)
	at org.apache.maven.surefire.junit4.JUnit4Provider.executeTestSet(JUnit4Provider.java:238)
	at org.apache.maven.surefire.junit4.JUnit4Provider.invoke(JUnit4Provider.java:159)
	at org.apache.maven.surefire.booter.ForkedBooter.invokeProviderInSameClassLoader(ForkedBooter.java:384)
	at org.apache.maven.surefire.booter.ForkedBooter.runSuitesInProcess(ForkedBooter.java:345)
	at org.apache.maven.surefire.booter.ForkedBooter.execute(ForkedBooter.java:126)
	at org.apache.maven.surefire.booter.ForkedBooter.main(ForkedBooter.java:418)

Aug 30, 2019 3:47:46 AM org.apache.ratis.thirdparty.io.grpc.internal.ManagedChannelOrphanWrapper$ManagedChannelReference cleanQueue
SEVERE: *~*~*~ Channel ManagedChannelImpl{logId=2484, target=192.168.36.106:34499} was not shutdown properly!!! ~*~*~*
    Make sure to call shutdown()/shutdownNow() and wait until awaitTermination() returns true.
java.lang.RuntimeException: ManagedChannel allocation site
	at org.apache.ratis.thirdparty.io.grpc.internal.ManagedChannelOrphanWrapper$ManagedChannelReference.<init>(ManagedChannelOrphanWrapper.java:103)
	at org.apache.ratis.thirdparty.io.grpc.internal.ManagedChannelOrphanWrapper.<init>(ManagedChannelOrphanWrapper.java:53)
	at org.apache.ratis.thirdparty.io.grpc.internal.ManagedChannelOrphanWrapper.<init>(ManagedChannelOrphanWrapper.java:44)
	at org.apache.ratis.thirdparty.io.grpc.internal.AbstractManagedChannelImplBuilder.build(AbstractManagedChannelImplBuilder.java:411)
	at org.apache.hadoop.hdds.scm.XceiverClientGrpc.connectToDatanode(XceiverClientGrpc.java:175)
	at org.apache.hadoop.hdds.scm.XceiverClientGrpc.reconnect(XceiverClientGrpc.java:423)
	at org.apache.hadoop.hdds.scm.XceiverClientGrpc.sendCommandAsync(XceiverClientGrpc.java:372)
	at org.apache.hadoop.hdds.scm.XceiverClientGrpc.sendCommandWithRetry(XceiverClientGrpc.java:285)
	at org.apache.hadoop.hdds.scm.XceiverClientGrpc.sendCommandWithTraceIDAndRetry(XceiverClientGrpc.java:251)
	at org.apache.hadoop.hdds.scm.XceiverClientGrpc.sendCommand(XceiverClientGrpc.java:234)
	at org.apache.hadoop.hdds.scm.storage.ContainerProtocolCalls.getBlock(ContainerProtocolCalls.java:118)
	at org.apache.hadoop.hdds.scm.storage.BlockInputStream.getChunkInfos(BlockInputStream.java:167)
	at org.apache.hadoop.hdds.scm.storage.BlockInputStream.initialize(BlockInputStream.java:118)
	at org.apache.hadoop.hdds.scm.storage.BlockInputStream.read(BlockInputStream.java:222)
	at org.apache.hadoop.ozone.client.io.KeyInputStream.read(KeyInputStream.java:171)
	at org.apache.hadoop.ozone.client.io.OzoneInputStream.read(OzoneInputStream.java:47)
	at java.io.InputStream.read(InputStream.java:101)
	at org.apache.hadoop.ozone.container.ContainerTestHelper.validateData(ContainerTestHelper.java:713)
	at org.apache.hadoop.ozone.client.rpc.TestBlockOutputStreamWithFailures.validateData(TestBlockOutputStreamWithFailures.java:1216)
	at org.apache.hadoop.ozone.client.rpc.TestBlockOutputStreamWithFailures.testDatanodeFailureWithSingleNodeRatis(TestBlockOutputStreamWithFailures.java:1058)
	at sun.reflect.NativeMethodAccessorImpl.invoke0(Native Method)
	at sun.reflect.NativeMethodAccessorImpl.invoke(NativeMethodAccessorImpl.java:62)
	at sun.reflect.DelegatingMethodAccessorImpl.invoke(DelegatingMethodAccessorImpl.java:43)
	at java.lang.reflect.Method.invoke(Method.java:498)
	at org.junit.runners.model.FrameworkMethod$1.runReflectiveCall(FrameworkMethod.java:47)
	at org.junit.internal.runners.model.ReflectiveCallable.run(ReflectiveCallable.java:12)
	at org.junit.runners.model.FrameworkMethod.invokeExplosively(FrameworkMethod.java:44)
	at org.junit.internal.runners.statements.InvokeMethod.evaluate(InvokeMethod.java:17)
	at org.junit.internal.runners.statements.RunBefores.evaluate(RunBefores.java:26)
	at org.junit.internal.runners.statements.RunAfters.evaluate(RunAfters.java:27)
	at org.junit.runners.ParentRunner.runLeaf(ParentRunner.java:271)
	at org.junit.runners.BlockJUnit4ClassRunner.runChild(BlockJUnit4ClassRunner.java:70)
	at org.junit.runners.BlockJUnit4ClassRunner.runChild(BlockJUnit4ClassRunner.java:50)
	at org.junit.runners.ParentRunner$3.run(ParentRunner.java:238)
	at org.junit.runners.ParentRunner$1.schedule(ParentRunner.java:63)
	at org.junit.runners.ParentRunner.runChildren(ParentRunner.java:236)
	at org.junit.runners.ParentRunner.access$000(ParentRunner.java:53)
	at org.junit.runners.ParentRunner$2.evaluate(ParentRunner.java:229)
	at org.junit.runners.ParentRunner.run(ParentRunner.java:309)
	at org.apache.maven.surefire.junit4.JUnit4Provider.execute(JUnit4Provider.java:365)
	at org.apache.maven.surefire.junit4.JUnit4Provider.executeWithRerun(JUnit4Provider.java:273)
	at org.apache.maven.surefire.junit4.JUnit4Provider.executeTestSet(JUnit4Provider.java:238)
	at org.apache.maven.surefire.junit4.JUnit4Provider.invoke(JUnit4Provider.java:159)
	at org.apache.maven.surefire.booter.ForkedBooter.invokeProviderInSameClassLoader(ForkedBooter.java:384)
	at org.apache.maven.surefire.booter.ForkedBooter.runSuitesInProcess(ForkedBooter.java:345)
	at org.apache.maven.surefire.booter.ForkedBooter.execute(ForkedBooter.java:126)
	at org.apache.maven.surefire.booter.ForkedBooter.main(ForkedBooter.java:418)

]]></system-err>
  </testcase>
  <testcase name="testFailureWithPrimeSizedData" classname="org.apache.hadoop.ozone.client.rpc.TestBlockOutputStreamWithFailures" time="42.201"/>
  <testcase name="testWatchForCommitWithCloseContainerException" classname="org.apache.hadoop.ozone.client.rpc.TestBlockOutputStreamWithFailures" time="35.422"/>
  <testcase name="testExceptionDuringClose" classname="org.apache.hadoop.ozone.client.rpc.TestBlockOutputStreamWithFailures" time="36.058"/>
</testsuite>