<?xml version="1.0" encoding="UTF-8"?>
<testsuite xmlns:xsi="http://www.w3.org/2001/XMLSchema-instance" xsi:noNamespaceSchemaLocation="https://maven.apache.org/surefire/maven-surefire-plugin/xsd/surefire-test-report.xsd" name="org.apache.hadoop.ozone.client.rpc.TestBlockOutputStreamWithFailures" time="784.378" tests="8" errors="0" skipped="0" failures="1">
  <properties>
    <property name="awt.toolkit" value="sun.awt.X11.XToolkit"/>
    <property name="file.encoding.pkg" value="sun.io"/>
    <property name="java.specification.version" value="1.8"/>
    <property name="sun.cpu.isalist" value=""/>
    <property name="sun.jnu.encoding" value="UTF-8"/>
    <property name="java.class.path" value="/workdir/hadoop-ozone/integration-test/target/test-classes:/workdir/hadoop-ozone/integration-test/target/classes:/home/user/.m2/repository/org/apache/hadoop/hadoop-ozone-common/0.5.0-SNAPSHOT/hadoop-ozone-common-0.5.0-SNAPSHOT.jar:/home/user/.m2/repository/org/apache/commons/commons-compress/1.4.1/commons-compress-1.4.1.jar:/home/user/.m2/repository/org/tukaani/xz/1.0/xz-1.0.jar:/home/user/.m2/repository/org/apache/hadoop/hadoop-common/3.2.0/hadoop-common-3.2.0.jar:/home/user/.m2/repository/org/apache/hadoop/hadoop-hdfs/3.2.0/hadoop-hdfs-3.2.0.jar:/home/user/.m2/repository/org/apache/hadoop/hadoop-hdfs-client/3.2.0/hadoop-hdfs-client-3.2.0.jar:/home/user/.m2/repository/com/fasterxml/jackson/core/jackson-annotations/2.9.5/jackson-annotations-2.9.5.jar:/home/user/.m2/repository/org/apache/hadoop/hadoop-hdds-common/0.5.0-SNAPSHOT/hadoop-hdds-common-0.5.0-SNAPSHOT.jar:/home/user/.m2/repository/javax/annotation/javax.annotation-api/1.2/javax.annotation-api-1.2.jar:/home/user/.m2/repository/org/apache/ratis/ratis-server/0.4.0-78e95b9-SNAPSHOT/ratis-server-0.4.0-78e95b9-SNAPSHOT.jar:/home/user/.m2/repository/org/apache/ratis/ratis-thirdparty-misc/0.2.0/ratis-thirdparty-misc-0.2.0.jar:/home/user/.m2/repository/org/apache/ratis/ratis-proto/0.4.0-78e95b9-SNAPSHOT/ratis-proto-0.4.0-78e95b9-SNAPSHOT.jar:/home/user/.m2/repository/org/apache/ratis/ratis-common/0.4.0-78e95b9-SNAPSHOT/ratis-common-0.4.0-78e95b9-SNAPSHOT.jar:/home/user/.m2/repository/org/apache/ratis/ratis-client/0.4.0-78e95b9-SNAPSHOT/ratis-client-0.4.0-78e95b9-SNAPSHOT.jar:/home/user/.m2/repository/org/apache/ratis/ratis-metrics/0.4.0-78e95b9-SNAPSHOT/ratis-metrics-0.4.0-78e95b9-SNAPSHOT.jar:/home/user/.m2/repository/com/github/joshelser/dropwizard-metrics-hadoop-metrics2-reporter/0.1.2/dropwizard-metrics-hadoop-metrics2-reporter-0.1.2.jar:/home/user/.m2/repository/io/dropwizard/metrics/metrics-jvm/3.2.5/metrics-jvm-3.2.5.jar:/home/user/.m2/repository/io/dropwizard/metrics/metrics-ganglia/3.2.5/metrics-ganglia-3.2.5.jar:/home/user/.m2/repository/info/ganglia/gmetric4j/gmetric4j/1.0.7/gmetric4j-1.0.7.jar:/home/user/.m2/repository/org/apache/ratis/ratis-netty/0.4.0-78e95b9-SNAPSHOT/ratis-netty-0.4.0-78e95b9-SNAPSHOT.jar:/home/user/.m2/repository/org/apache/ratis/ratis-grpc/0.4.0-78e95b9-SNAPSHOT/ratis-grpc-0.4.0-78e95b9-SNAPSHOT.jar:/home/user/.m2/repository/org/rocksdb/rocksdbjni/6.0.1/rocksdbjni-6.0.1.jar:/home/user/.m2/repository/org/apache/logging/log4j/log4j-api/2.11.0/log4j-api-2.11.0.jar:/home/user/.m2/repository/org/apache/logging/log4j/log4j-core/2.11.0/log4j-core-2.11.0.jar:/home/user/.m2/repository/com/lmax/disruptor/3.4.2/disruptor-3.4.2.jar:/home/user/.m2/repository/org/apache/commons/commons-pool2/2.6.0/commons-pool2-2.6.0.jar:/home/user/.m2/repository/org/bouncycastle/bcpkix-jdk15on/1.60/bcpkix-jdk15on-1.60.jar:/home/user/.m2/repository/commons-validator/commons-validator/1.6/commons-validator-1.6.jar:/home/user/.m2/repository/commons-digester/commons-digester/1.8.1/commons-digester-1.8.1.jar:/home/user/.m2/repository/io/jaegertracing/jaeger-client/0.33.1/jaeger-client-0.33.1.jar:/home/user/.m2/repository/io/jaegertracing/jaeger-thrift/0.33.1/jaeger-thrift-0.33.1.jar:/home/user/.m2/repository/org/apache/thrift/libthrift/0.11.0/libthrift-0.11.0.jar:/home/user/.m2/repository/com/squareup/okhttp3/okhttp/3.9.0/okhttp-3.9.0.jar:/home/user/.m2/repository/com/squareup/okio/okio/1.13.0/okio-1.13.0.jar:/home/user/.m2/repository/io/jaegertracing/jaeger-core/0.33.1/jaeger-core-0.33.1.jar:/home/user/.m2/repository/io/jaegertracing/jaeger-tracerresolver/0.33.1/jaeger-tracerresolver-0.33.1.jar:/home/user/.m2/repository/io/opentracing/contrib/opentracing-tracerresolver/0.1.5/opentracing-tracerresolver-0.1.5.jar:/home/user/.m2/repository/io/opentracing/opentracing-util/0.31.0/opentracing-util-0.31.0.jar:/home/user/.m2/repository/io/opentracing/opentracing-api/0.31.0/opentracing-api-0.31.0.jar:/home/user/.m2/repository/io/opentracing/opentracing-noop/0.31.0/opentracing-noop-0.31.0.jar:/home/user/.m2/repository/org/apache/hadoop/hadoop-hdds-server-framework/0.5.0-SNAPSHOT/hadoop-hdds-server-framework-0.5.0-SNAPSHOT.jar:/home/user/.m2/repository/org/apache/hadoop/hadoop-hdds-container-service/0.5.0-SNAPSHOT/hadoop-hdds-container-service-0.5.0-SNAPSHOT.jar:/home/user/.m2/repository/org/apache/hadoop/hadoop-hdds-client/0.5.0-SNAPSHOT/hadoop-hdds-client-0.5.0-SNAPSHOT.jar:/home/user/.m2/repository/org/apache/hadoop/hadoop-hdds-tools/0.5.0-SNAPSHOT/hadoop-hdds-tools-0.5.0-SNAPSHOT.jar:/home/user/.m2/repository/org/apache/hadoop/hadoop-hdds-server-scm/0.5.0-SNAPSHOT/hadoop-hdds-server-scm-0.5.0-SNAPSHOT.jar:/home/user/.m2/repository/org/apache/hadoop/hadoop-hdds-docs/0.5.0-SNAPSHOT/hadoop-hdds-docs-0.5.0-SNAPSHOT.jar:/home/user/.m2/repository/io/dropwizard/metrics/metrics-core/3.2.4/metrics-core-3.2.4.jar:/home/user/.m2/repository/org/hamcrest/hamcrest-all/1.3/hamcrest-all-1.3.jar:/home/user/.m2/repository/org/bouncycastle/bcprov-jdk15on/1.60/bcprov-jdk15on-1.60.jar:/home/user/.m2/repository/info/picocli/picocli/3.9.6/picocli-3.9.6.jar:/home/user/.m2/repository/com/google/protobuf/protobuf-java/2.5.0/protobuf-java-2.5.0.jar:/home/user/.m2/repository/com/google/guava/guava/11.0.2/guava-11.0.2.jar:/home/user/.m2/repository/org/apache/hadoop/hadoop-ozone-ozone-manager/0.5.0-SNAPSHOT/hadoop-ozone-ozone-manager-0.5.0-SNAPSHOT.jar:/home/user/.m2/repository/org/apache/hadoop/hadoop-minikdc/3.2.0/hadoop-minikdc-3.2.0.jar:/home/user/.m2/repository/commons-io/commons-io/2.5/commons-io-2.5.jar:/home/user/.m2/repository/org/apache/kerby/kerb-simplekdc/1.0.1/kerb-simplekdc-1.0.1.jar:/home/user/.m2/repository/org/apache/kerby/kerb-client/1.0.1/kerb-client-1.0.1.jar:/home/user/.m2/repository/org/apache/kerby/kerby-config/1.0.1/kerby-config-1.0.1.jar:/home/user/.m2/repository/org/apache/kerby/kerb-core/1.0.1/kerb-core-1.0.1.jar:/home/user/.m2/repository/org/apache/kerby/kerby-pkix/1.0.1/kerby-pkix-1.0.1.jar:/home/user/.m2/repository/org/apache/kerby/kerby-asn1/1.0.1/kerby-asn1-1.0.1.jar:/home/user/.m2/repository/org/apache/kerby/kerby-util/1.0.1/kerby-util-1.0.1.jar:/home/user/.m2/repository/org/apache/kerby/kerb-common/1.0.1/kerb-common-1.0.1.jar:/home/user/.m2/repository/org/apache/kerby/kerb-crypto/1.0.1/kerb-crypto-1.0.1.jar:/home/user/.m2/repository/org/apache/kerby/kerb-util/1.0.1/kerb-util-1.0.1.jar:/home/user/.m2/repository/org/apache/kerby/token-provider/1.0.1/token-provider-1.0.1.jar:/home/user/.m2/repository/org/apache/kerby/kerb-admin/1.0.1/kerb-admin-1.0.1.jar:/home/user/.m2/repository/org/apache/kerby/kerb-server/1.0.1/kerb-server-1.0.1.jar:/home/user/.m2/repository/org/apache/kerby/kerb-identity/1.0.1/kerb-identity-1.0.1.jar:/home/user/.m2/repository/org/apache/kerby/kerby-xdr/1.0.1/kerby-xdr-1.0.1.jar:/home/user/.m2/repository/org/slf4j/slf4j-log4j12/1.7.25/slf4j-log4j12-1.7.25.jar:/home/user/.m2/repository/org/apache/hadoop/hadoop-ozone-s3gateway/0.5.0-SNAPSHOT/hadoop-ozone-s3gateway-0.5.0-SNAPSHOT.jar:/home/user/.m2/repository/org/jboss/weld/servlet/weld-servlet/2.4.7.Final/weld-servlet-2.4.7.Final.jar:/home/user/.m2/repository/org/glassfish/jersey/containers/jersey-container-servlet-core/2.27/jersey-container-servlet-core-2.27.jar:/home/user/.m2/repository/org/glassfish/hk2/external/javax.inject/2.5.0-b42/javax.inject-2.5.0-b42.jar:/home/user/.m2/repository/org/glassfish/jersey/core/jersey-common/2.27/jersey-common-2.27.jar:/home/user/.m2/repository/org/glassfish/hk2/osgi-resource-locator/1.0.1/osgi-resource-locator-1.0.1.jar:/home/user/.m2/repository/javax/ws/rs/javax.ws.rs-api/2.1/javax.ws.rs-api-2.1.jar:/home/user/.m2/repository/org/glassfish/jersey/ext/cdi/jersey-cdi1x/2.27/jersey-cdi1x-2.27.jar:/home/user/.m2/repository/org/glassfish/jersey/inject/jersey-hk2/2.27/jersey-hk2-2.27.jar:/home/user/.m2/repository/org/glassfish/hk2/hk2-locator/2.5.0-b42/hk2-locator-2.5.0-b42.jar:/home/user/.m2/repository/org/javassist/javassist/3.22.0-CR2/javassist-3.22.0-CR2.jar:/home/user/.m2/repository/org/glassfish/hk2/hk2-api/2.5.0/hk2-api-2.5.0.jar:/home/user/.m2/repository/org/glassfish/hk2/external/jakarta.inject/2.5.0/jakarta.inject-2.5.0.jar:/home/user/.m2/repository/org/glassfish/hk2/hk2-utils/2.5.0/hk2-utils-2.5.0.jar:/home/user/.m2/repository/jakarta/annotation/jakarta.annotation-api/1.3.4/jakarta.annotation-api-1.3.4.jar:/home/user/.m2/repository/org/glassfish/hk2/external/aopalliance-repackaged/2.5.0/aopalliance-repackaged-2.5.0.jar:/home/user/.m2/repository/com/fasterxml/jackson/dataformat/jackson-dataformat-xml/2.9.0/jackson-dataformat-xml-2.9.0.jar:/home/user/.m2/repository/com/fasterxml/jackson/core/jackson-core/2.9.5/jackson-core-2.9.5.jar:/home/user/.m2/repository/com/fasterxml/jackson/module/jackson-module-jaxb-annotations/2.9.5/jackson-module-jaxb-annotations-2.9.5.jar:/home/user/.m2/repository/javax/enterprise/cdi-api/1.2/cdi-api-1.2.jar:/home/user/.m2/repository/javax/el/javax.el-api/3.0.0/javax.el-api-3.0.0.jar:/home/user/.m2/repository/javax/interceptor/javax.interceptor-api/1.2/javax.interceptor-api-1.2.jar:/home/user/.m2/repository/javax/inject/javax.inject/1/javax.inject-1.jar:/home/user/.m2/repository/com/sun/xml/bind/jaxb-impl/2.3.0.1/jaxb-impl-2.3.0.1.jar:/home/user/.m2/repository/com/sun/xml/bind/jaxb-core/2.3.0.1/jaxb-core-2.3.0.1.jar:/home/user/.m2/repository/javax/xml/bind/jaxb-api/2.3.0/jaxb-api-2.3.0.jar:/home/user/.m2/repository/javax/activation/activation/1.1.1/activation-1.1.1.jar:/home/user/.m2/repository/org/apache/hadoop/hadoop-ozone-csi/0.5.0-SNAPSHOT/hadoop-ozone-csi-0.5.0-SNAPSHOT.jar:/home/user/.m2/repository/com/google/protobuf/protobuf-java-util/3.5.1/protobuf-java-util-3.5.1.jar:/home/user/.m2/repository/org/apache/hadoop/hadoop-hdds-config/0.5.0-SNAPSHOT/hadoop-hdds-config-0.5.0-SNAPSHOT.jar:/home/user/.m2/repository/io/grpc/grpc-netty/1.17.1/grpc-netty-1.17.1.jar:/home/user/.m2/repository/io/grpc/grpc-core/1.17.1/grpc-core-1.17.1.jar:/home/user/.m2/repository/io/grpc/grpc-context/1.17.1/grpc-context-1.17.1.jar:/home/user/.m2/repository/com/google/errorprone/error_prone_annotations/2.2.0/error_prone_annotations-2.2.0.jar:/home/user/.m2/repository/org/codehaus/mojo/animal-sniffer-annotations/1.17/animal-sniffer-annotations-1.17.jar:/home/user/.m2/repository/io/opencensus/opencensus-api/0.17.0/opencensus-api-0.17.0.jar:/home/user/.m2/repository/io/opencensus/opencensus-contrib-grpc-metrics/0.17.0/opencensus-contrib-grpc-metrics-0.17.0.jar:/home/user/.m2/repository/io/netty/netty-codec-http2/4.1.30.Final/netty-codec-http2-4.1.30.Final.jar:/home/user/.m2/repository/io/netty/netty-codec-http/4.1.30.Final/netty-codec-http-4.1.30.Final.jar:/home/user/.m2/repository/io/netty/netty-codec/4.1.30.Final/netty-codec-4.1.30.Final.jar:/home/user/.m2/repository/io/netty/netty-handler/4.1.30.Final/netty-handler-4.1.30.Final.jar:/home/user/.m2/repository/io/netty/netty-handler-proxy/4.1.30.Final/netty-handler-proxy-4.1.30.Final.jar:/home/user/.m2/repository/io/netty/netty-codec-socks/4.1.30.Final/netty-codec-socks-4.1.30.Final.jar:/home/user/.m2/repository/io/netty/netty-transport-native-epoll/4.1.30.Final/netty-transport-native-epoll-4.1.30.Final.jar:/home/user/.m2/repository/io/netty/netty-common/4.1.30.Final/netty-common-4.1.30.Final.jar:/home/user/.m2/repository/io/netty/netty-buffer/4.1.30.Final/netty-buffer-4.1.30.Final.jar:/home/user/.m2/repository/io/netty/netty-transport/4.1.30.Final/netty-transport-4.1.30.Final.jar:/home/user/.m2/repository/io/netty/netty-resolver/4.1.30.Final/netty-resolver-4.1.30.Final.jar:/home/user/.m2/repository/io/netty/netty-transport-native-unix-common/4.1.30.Final/netty-transport-native-unix-common-4.1.30.Final.jar:/home/user/.m2/repository/io/grpc/grpc-protobuf/1.17.1/grpc-protobuf-1.17.1.jar:/home/user/.m2/repository/com/google/api/grpc/proto-google-common-protos/1.0.0/proto-google-common-protos-1.0.0.jar:/home/user/.m2/repository/io/grpc/grpc-protobuf-lite/1.17.1/grpc-protobuf-lite-1.17.1.jar:/home/user/.m2/repository/io/grpc/grpc-stub/1.17.1/grpc-stub-1.17.1.jar:/home/user/.m2/repository/org/apache/hadoop/hadoop-ozone-recon/0.5.0-SNAPSHOT/hadoop-ozone-recon-0.5.0-SNAPSHOT.jar:/home/user/.m2/repository/org/apache/hadoop/hadoop-ozone-reconcodegen/0.5.0-SNAPSHOT/hadoop-ozone-reconcodegen-0.5.0-SNAPSHOT.jar:/home/user/.m2/repository/com/google/inject/extensions/guice-multibindings/4.0/guice-multibindings-4.0.jar:/home/user/.m2/repository/com/google/inject/guice/4.0/guice-4.0.jar:/home/user/.m2/repository/aopalliance/aopalliance/1.0/aopalliance-1.0.jar:/home/user/.m2/repository/com/google/inject/extensions/guice-servlet/4.0/guice-servlet-4.0.jar:/home/user/.m2/repository/org/glassfish/jersey/containers/jersey-container-servlet/2.27/jersey-container-servlet-2.27.jar:/home/user/.m2/repository/org/glassfish/hk2/guice-bridge/2.5.0/guice-bridge-2.5.0.jar:/home/user/.m2/repository/org/glassfish/jersey/core/jersey-server/2.27/jersey-server-2.27.jar:/home/user/.m2/repository/org/glassfish/jersey/core/jersey-client/2.27/jersey-client-2.27.jar:/home/user/.m2/repository/org/glassfish/jersey/media/jersey-media-jaxb/2.27/jersey-media-jaxb-2.27.jar:/home/user/.m2/repository/javax/validation/validation-api/1.1.0.Final/validation-api-1.1.0.Final.jar:/home/user/.m2/repository/org/glassfish/jersey/media/jersey-media-json-jackson/2.27/jersey-media-json-jackson-2.27.jar:/home/user/.m2/repository/org/glassfish/jersey/ext/jersey-entity-filtering/2.27/jersey-entity-filtering-2.27.jar:/home/user/.m2/repository/com/google/inject/extensions/guice-assistedinject/4.0/guice-assistedinject-4.0.jar:/home/user/.m2/repository/org/jooq/jooq/3.11.10/jooq-3.11.10.jar:/home/user/.m2/repository/org/jooq/jooq-meta/3.11.10/jooq-meta-3.11.10.jar:/home/user/.m2/repository/org/jooq/jooq-codegen/3.11.10/jooq-codegen-3.11.10.jar:/home/user/.m2/repository/com/jolbox/bonecp/0.8.0.RELEASE/bonecp-0.8.0.RELEASE.jar:/home/user/.m2/repository/org/xerial/sqlite-jdbc/3.25.2/sqlite-jdbc-3.25.2.jar:/home/user/.m2/repository/org/springframework/spring-jdbc/5.1.3.RELEASE/spring-jdbc-5.1.3.RELEASE.jar:/home/user/.m2/repository/org/springframework/spring-beans/5.1.3.RELEASE/spring-beans-5.1.3.RELEASE.jar:/home/user/.m2/repository/org/springframework/spring-core/5.1.3.RELEASE/spring-core-5.1.3.RELEASE.jar:/home/user/.m2/repository/org/springframework/spring-jcl/5.1.3.RELEASE/spring-jcl-5.1.3.RELEASE.jar:/home/user/.m2/repository/org/springframework/spring-tx/5.1.3.RELEASE/spring-tx-5.1.3.RELEASE.jar:/home/user/.m2/repository/org/apache/hadoop/hadoop-ozone-client/0.5.0-SNAPSHOT/hadoop-ozone-client-0.5.0-SNAPSHOT.jar:/home/user/.m2/repository/commons-lang/commons-lang/2.6/commons-lang-2.6.jar:/home/user/.m2/repository/org/apache/hadoop/hadoop-ozone-ozone-manager/0.5.0-SNAPSHOT/hadoop-ozone-ozone-manager-0.5.0-SNAPSHOT-tests.jar:/home/user/.m2/repository/junit/junit/4.11/junit-4.11.jar:/home/user/.m2/repository/org/hamcrest/hamcrest-core/1.3/hamcrest-core-1.3.jar:/home/user/.m2/repository/org/openjdk/jmh/jmh-core/1.19/jmh-core-1.19.jar:/home/user/.m2/repository/net/sf/jopt-simple/jopt-simple/4.6/jopt-simple-4.6.jar:/home/user/.m2/repository/org/apache/commons/commons-math3/3.1.1/commons-math3-3.1.1.jar:/home/user/.m2/repository/org/openjdk/jmh/jmh-generator-annprocess/1.19/jmh-generator-annprocess-1.19.jar:/home/user/.m2/repository/org/mockito/mockito-all/1.8.5/mockito-all-1.8.5.jar:/home/user/.m2/repository/org/apache/hadoop/hadoop-kms/3.2.0/hadoop-kms-3.2.0.jar:/home/user/.m2/repository/org/apache/hadoop/hadoop-auth/3.2.0/hadoop-auth-3.2.0.jar:/home/user/.m2/repository/com/nimbusds/nimbus-jose-jwt/4.41.1/nimbus-jose-jwt-4.41.1.jar:/home/user/.m2/repository/com/github/stephenc/jcip/jcip-annotations/1.0-1/jcip-annotations-1.0-1.jar:/home/user/.m2/repository/net/minidev/json-smart/2.3/json-smart-2.3.jar:/home/user/.m2/repository/net/minidev/accessors-smart/1.2/accessors-smart-1.2.jar:/home/user/.m2/repository/org/ow2/asm/asm/5.0.4/asm-5.0.4.jar:/home/user/.m2/repository/org/apache/curator/curator-framework/2.12.0/curator-framework-2.12.0.jar:/home/user/.m2/repository/com/sun/jersey/jersey-core/1.19/jersey-core-1.19.jar:/home/user/.m2/repository/javax/ws/rs/jsr311-api/1.1.1/jsr311-api-1.1.1.jar:/home/user/.m2/repository/com/sun/jersey/jersey-server/1.19/jersey-server-1.19.jar:/home/user/.m2/repository/javax/servlet/javax.servlet-api/3.1.0/javax.servlet-api-3.1.0.jar:/home/user/.m2/repository/org/eclipse/jetty/jetty-server/9.3.24.v20180605/jetty-server-9.3.24.v20180605.jar:/home/user/.m2/repository/org/eclipse/jetty/jetty-http/9.3.24.v20180605/jetty-http-9.3.24.v20180605.jar:/home/user/.m2/repository/org/eclipse/jetty/jetty-io/9.3.24.v20180605/jetty-io-9.3.24.v20180605.jar:/home/user/.m2/repository/org/eclipse/jetty/jetty-webapp/9.3.24.v20180605/jetty-webapp-9.3.24.v20180605.jar:/home/user/.m2/repository/org/eclipse/jetty/jetty-xml/9.3.24.v20180605/jetty-xml-9.3.24.v20180605.jar:/home/user/.m2/repository/log4j/log4j/1.2.17/log4j-1.2.17.jar:/home/user/.m2/repository/org/slf4j/slf4j-api/1.7.25/slf4j-api-1.7.25.jar:/home/user/.m2/repository/org/slf4j/jul-to-slf4j/1.7.25/jul-to-slf4j-1.7.25.jar:/home/user/.m2/repository/org/eclipse/jetty/jetty-util/9.3.24.v20180605/jetty-util-9.3.24.v20180605.jar:/home/user/.m2/repository/com/fasterxml/jackson/core/jackson-databind/2.9.5/jackson-databind-2.9.5.jar:/home/user/.m2/repository/org/apache/hadoop/hadoop-kms/3.2.0/hadoop-kms-3.2.0-tests.jar:/home/user/.m2/repository/org/apache/hadoop/hadoop-hdds-server-scm/0.5.0-SNAPSHOT/hadoop-hdds-server-scm-0.5.0-SNAPSHOT-tests.jar:/home/user/.m2/repository/org/apache/hadoop/hadoop-hdds-container-service/0.5.0-SNAPSHOT/hadoop-hdds-container-service-0.5.0-SNAPSHOT-tests.jar:/home/user/.m2/repository/org/yaml/snakeyaml/1.16/snakeyaml-1.16.jar:/home/user/.m2/repository/org/apache/hadoop/hadoop-common/3.2.0/hadoop-common-3.2.0-tests.jar:/home/user/.m2/repository/org/apache/hadoop/hadoop-annotations/3.2.0/hadoop-annotations-3.2.0.jar:/usr/lib/jvm/java-1.8-openjdk/jre/../lib/tools.jar:/home/user/.m2/repository/commons-cli/commons-cli/1.2/commons-cli-1.2.jar:/home/user/.m2/repository/org/apache/httpcomponents/httpclient/4.5.2/httpclient-4.5.2.jar:/home/user/.m2/repository/org/apache/httpcomponents/httpcore/4.4.4/httpcore-4.4.4.jar:/home/user/.m2/repository/commons-codec/commons-codec/1.11/commons-codec-1.11.jar:/home/user/.m2/repository/commons-net/commons-net/3.6/commons-net-3.6.jar:/home/user/.m2/repository/commons-collections/commons-collections/3.2.2/commons-collections-3.2.2.jar:/home/user/.m2/repository/org/eclipse/jetty/jetty-servlet/9.3.24.v20180605/jetty-servlet-9.3.24.v20180605.jar:/home/user/.m2/repository/org/eclipse/jetty/jetty-security/9.3.24.v20180605/jetty-security-9.3.24.v20180605.jar:/home/user/.m2/repository/javax/servlet/jsp/jsp-api/2.1/jsp-api-2.1.jar:/home/user/.m2/repository/com/sun/jersey/jersey-servlet/1.19/jersey-servlet-1.19.jar:/home/user/.m2/repository/com/sun/jersey/jersey-json/1.19/jersey-json-1.19.jar:/home/user/.m2/repository/org/codehaus/jettison/jettison/1.1/jettison-1.1.jar:/home/user/.m2/repository/org/codehaus/jackson/jackson-core-asl/1.9.13/jackson-core-asl-1.9.13.jar:/home/user/.m2/repository/org/codehaus/jackson/jackson-mapper-asl/1.9.13/jackson-mapper-asl-1.9.13.jar:/home/user/.m2/repository/org/codehaus/jackson/jackson-jaxrs/1.9.13/jackson-jaxrs-1.9.13.jar:/home/user/.m2/repository/org/codehaus/jackson/jackson-xc/1.9.13/jackson-xc-1.9.13.jar:/home/user/.m2/repository/commons-logging/commons-logging/1.1.3/commons-logging-1.1.3.jar:/home/user/.m2/repository/commons-beanutils/commons-beanutils/1.9.3/commons-beanutils-1.9.3.jar:/home/user/.m2/repository/org/apache/commons/commons-configuration2/2.1.1/commons-configuration2-2.1.1.jar:/home/user/.m2/repository/org/apache/commons/commons-lang3/3.7/commons-lang3-3.7.jar:/home/user/.m2/repository/org/apache/commons/commons-text/1.4/commons-text-1.4.jar:/home/user/.m2/repository/org/apache/avro/avro/1.7.7/avro-1.7.7.jar:/home/user/.m2/repository/com/thoughtworks/paranamer/paranamer/2.3/paranamer-2.3.jar:/home/user/.m2/repository/org/xerial/snappy/snappy-java/1.0.5/snappy-java-1.0.5.jar:/home/user/.m2/repository/com/google/re2j/re2j/1.1/re2j-1.1.jar:/home/user/.m2/repository/com/google/code/gson/gson/2.2.4/gson-2.2.4.jar:/home/user/.m2/repository/com/jcraft/jsch/0.1.54/jsch-0.1.54.jar:/home/user/.m2/repository/org/apache/curator/curator-client/2.12.0/curator-client-2.12.0.jar:/home/user/.m2/repository/org/apache/curator/curator-recipes/2.12.0/curator-recipes-2.12.0.jar:/home/user/.m2/repository/com/google/code/findbugs/jsr305/3.0.0/jsr305-3.0.0.jar:/home/user/.m2/repository/org/apache/htrace/htrace-core4/4.1.0-incubating/htrace-core4-4.1.0-incubating.jar:/home/user/.m2/repository/org/apache/zookeeper/zookeeper/3.4.13/zookeeper-3.4.13.jar:/home/user/.m2/repository/org/apache/yetus/audience-annotations/0.5.0/audience-annotations-0.5.0.jar:/home/user/.m2/repository/org/codehaus/woodstox/stax2-api/3.1.4/stax2-api-3.1.4.jar:/home/user/.m2/repository/com/fasterxml/woodstox/woodstox-core/5.0.3/woodstox-core-5.0.3.jar:/home/user/.m2/repository/dnsjava/dnsjava/2.1.7/dnsjava-2.1.7.jar:/home/user/.m2/repository/org/apache/hadoop/hadoop-hdfs/3.2.0/hadoop-hdfs-3.2.0-tests.jar:/home/user/.m2/repository/org/eclipse/jetty/jetty-util-ajax/9.3.24.v20180605/jetty-util-ajax-9.3.24.v20180605.jar:/home/user/.m2/repository/commons-daemon/commons-daemon/1.0.13/commons-daemon-1.0.13.jar:/home/user/.m2/repository/io/netty/netty/3.10.5.Final/netty-3.10.5.Final.jar:/home/user/.m2/repository/io/netty/netty-all/4.0.52.Final/netty-all-4.0.52.Final.jar:/home/user/.m2/repository/org/fusesource/leveldbjni/leveldbjni-all/1.8/leveldbjni-all-1.8.jar:"/>
    <property name="java.vm.vendor" value="IcedTea"/>
    <property name="sun.arch.data.model" value="64"/>
    <property name="test.build.dir" value="/workdir/hadoop-ozone/integration-test/target/test-dir"/>
    <property name="test.cache.data" value=""/>
    <property name="java.vendor.url" value="https://icedtea.classpath.org"/>
    <property name="user.timezone" value=""/>
    <property name="java.vm.specification.version" value="1.8"/>
    <property name="os.name" value="Linux"/>
    <property name="test.build.data" value="/workdir/hadoop-ozone/integration-test/target/test-dir"/>
    <property name="user.country" value="US"/>
    <property name="sun.java.launcher" value="SUN_STANDARD"/>
    <property name="sun.boot.library.path" value="/usr/lib/jvm/java-1.8-openjdk/jre/lib/amd64"/>
    <property name="sun.java.command" value="/workdir/hadoop-ozone/integration-test/target/surefire/surefirebooter4329294652474322587.jar /workdir/hadoop-ozone/integration-test/target/surefire 2019-09-09T16-37-41_215-jvmRun1 surefire1360492193840399349tmp surefire_208611608167590735241tmp"/>
    <property name="test" value="!TestMiniChaosOzoneCluster"/>
    <property name="surefire.test.class.path" value="/workdir/hadoop-ozone/integration-test/target/test-classes:/workdir/hadoop-ozone/integration-test/target/classes:/home/user/.m2/repository/org/apache/hadoop/hadoop-ozone-common/0.5.0-SNAPSHOT/hadoop-ozone-common-0.5.0-SNAPSHOT.jar:/home/user/.m2/repository/org/apache/commons/commons-compress/1.4.1/commons-compress-1.4.1.jar:/home/user/.m2/repository/org/tukaani/xz/1.0/xz-1.0.jar:/home/user/.m2/repository/org/apache/hadoop/hadoop-common/3.2.0/hadoop-common-3.2.0.jar:/home/user/.m2/repository/org/apache/hadoop/hadoop-hdfs/3.2.0/hadoop-hdfs-3.2.0.jar:/home/user/.m2/repository/org/apache/hadoop/hadoop-hdfs-client/3.2.0/hadoop-hdfs-client-3.2.0.jar:/home/user/.m2/repository/com/fasterxml/jackson/core/jackson-annotations/2.9.5/jackson-annotations-2.9.5.jar:/home/user/.m2/repository/org/apache/hadoop/hadoop-hdds-common/0.5.0-SNAPSHOT/hadoop-hdds-common-0.5.0-SNAPSHOT.jar:/home/user/.m2/repository/javax/annotation/javax.annotation-api/1.2/javax.annotation-api-1.2.jar:/home/user/.m2/repository/org/apache/ratis/ratis-server/0.4.0-78e95b9-SNAPSHOT/ratis-server-0.4.0-78e95b9-SNAPSHOT.jar:/home/user/.m2/repository/org/apache/ratis/ratis-thirdparty-misc/0.2.0/ratis-thirdparty-misc-0.2.0.jar:/home/user/.m2/repository/org/apache/ratis/ratis-proto/0.4.0-78e95b9-SNAPSHOT/ratis-proto-0.4.0-78e95b9-SNAPSHOT.jar:/home/user/.m2/repository/org/apache/ratis/ratis-common/0.4.0-78e95b9-SNAPSHOT/ratis-common-0.4.0-78e95b9-SNAPSHOT.jar:/home/user/.m2/repository/org/apache/ratis/ratis-client/0.4.0-78e95b9-SNAPSHOT/ratis-client-0.4.0-78e95b9-SNAPSHOT.jar:/home/user/.m2/repository/org/apache/ratis/ratis-metrics/0.4.0-78e95b9-SNAPSHOT/ratis-metrics-0.4.0-78e95b9-SNAPSHOT.jar:/home/user/.m2/repository/com/github/joshelser/dropwizard-metrics-hadoop-metrics2-reporter/0.1.2/dropwizard-metrics-hadoop-metrics2-reporter-0.1.2.jar:/home/user/.m2/repository/io/dropwizard/metrics/metrics-jvm/3.2.5/metrics-jvm-3.2.5.jar:/home/user/.m2/repository/io/dropwizard/metrics/metrics-ganglia/3.2.5/metrics-ganglia-3.2.5.jar:/home/user/.m2/repository/info/ganglia/gmetric4j/gmetric4j/1.0.7/gmetric4j-1.0.7.jar:/home/user/.m2/repository/org/apache/ratis/ratis-netty/0.4.0-78e95b9-SNAPSHOT/ratis-netty-0.4.0-78e95b9-SNAPSHOT.jar:/home/user/.m2/repository/org/apache/ratis/ratis-grpc/0.4.0-78e95b9-SNAPSHOT/ratis-grpc-0.4.0-78e95b9-SNAPSHOT.jar:/home/user/.m2/repository/org/rocksdb/rocksdbjni/6.0.1/rocksdbjni-6.0.1.jar:/home/user/.m2/repository/org/apache/logging/log4j/log4j-api/2.11.0/log4j-api-2.11.0.jar:/home/user/.m2/repository/org/apache/logging/log4j/log4j-core/2.11.0/log4j-core-2.11.0.jar:/home/user/.m2/repository/com/lmax/disruptor/3.4.2/disruptor-3.4.2.jar:/home/user/.m2/repository/org/apache/commons/commons-pool2/2.6.0/commons-pool2-2.6.0.jar:/home/user/.m2/repository/org/bouncycastle/bcpkix-jdk15on/1.60/bcpkix-jdk15on-1.60.jar:/home/user/.m2/repository/commons-validator/commons-validator/1.6/commons-validator-1.6.jar:/home/user/.m2/repository/commons-digester/commons-digester/1.8.1/commons-digester-1.8.1.jar:/home/user/.m2/repository/io/jaegertracing/jaeger-client/0.33.1/jaeger-client-0.33.1.jar:/home/user/.m2/repository/io/jaegertracing/jaeger-thrift/0.33.1/jaeger-thrift-0.33.1.jar:/home/user/.m2/repository/org/apache/thrift/libthrift/0.11.0/libthrift-0.11.0.jar:/home/user/.m2/repository/com/squareup/okhttp3/okhttp/3.9.0/okhttp-3.9.0.jar:/home/user/.m2/repository/com/squareup/okio/okio/1.13.0/okio-1.13.0.jar:/home/user/.m2/repository/io/jaegertracing/jaeger-core/0.33.1/jaeger-core-0.33.1.jar:/home/user/.m2/repository/io/jaegertracing/jaeger-tracerresolver/0.33.1/jaeger-tracerresolver-0.33.1.jar:/home/user/.m2/repository/io/opentracing/contrib/opentracing-tracerresolver/0.1.5/opentracing-tracerresolver-0.1.5.jar:/home/user/.m2/repository/io/opentracing/opentracing-util/0.31.0/opentracing-util-0.31.0.jar:/home/user/.m2/repository/io/opentracing/opentracing-api/0.31.0/opentracing-api-0.31.0.jar:/home/user/.m2/repository/io/opentracing/opentracing-noop/0.31.0/opentracing-noop-0.31.0.jar:/home/user/.m2/repository/org/apache/hadoop/hadoop-hdds-server-framework/0.5.0-SNAPSHOT/hadoop-hdds-server-framework-0.5.0-SNAPSHOT.jar:/home/user/.m2/repository/org/apache/hadoop/hadoop-hdds-container-service/0.5.0-SNAPSHOT/hadoop-hdds-container-service-0.5.0-SNAPSHOT.jar:/home/user/.m2/repository/org/apache/hadoop/hadoop-hdds-client/0.5.0-SNAPSHOT/hadoop-hdds-client-0.5.0-SNAPSHOT.jar:/home/user/.m2/repository/org/apache/hadoop/hadoop-hdds-tools/0.5.0-SNAPSHOT/hadoop-hdds-tools-0.5.0-SNAPSHOT.jar:/home/user/.m2/repository/org/apache/hadoop/hadoop-hdds-server-scm/0.5.0-SNAPSHOT/hadoop-hdds-server-scm-0.5.0-SNAPSHOT.jar:/home/user/.m2/repository/org/apache/hadoop/hadoop-hdds-docs/0.5.0-SNAPSHOT/hadoop-hdds-docs-0.5.0-SNAPSHOT.jar:/home/user/.m2/repository/io/dropwizard/metrics/metrics-core/3.2.4/metrics-core-3.2.4.jar:/home/user/.m2/repository/org/hamcrest/hamcrest-all/1.3/hamcrest-all-1.3.jar:/home/user/.m2/repository/org/bouncycastle/bcprov-jdk15on/1.60/bcprov-jdk15on-1.60.jar:/home/user/.m2/repository/info/picocli/picocli/3.9.6/picocli-3.9.6.jar:/home/user/.m2/repository/com/google/protobuf/protobuf-java/2.5.0/protobuf-java-2.5.0.jar:/home/user/.m2/repository/com/google/guava/guava/11.0.2/guava-11.0.2.jar:/home/user/.m2/repository/org/apache/hadoop/hadoop-ozone-ozone-manager/0.5.0-SNAPSHOT/hadoop-ozone-ozone-manager-0.5.0-SNAPSHOT.jar:/home/user/.m2/repository/org/apache/hadoop/hadoop-minikdc/3.2.0/hadoop-minikdc-3.2.0.jar:/home/user/.m2/repository/commons-io/commons-io/2.5/commons-io-2.5.jar:/home/user/.m2/repository/org/apache/kerby/kerb-simplekdc/1.0.1/kerb-simplekdc-1.0.1.jar:/home/user/.m2/repository/org/apache/kerby/kerb-client/1.0.1/kerb-client-1.0.1.jar:/home/user/.m2/repository/org/apache/kerby/kerby-config/1.0.1/kerby-config-1.0.1.jar:/home/user/.m2/repository/org/apache/kerby/kerb-core/1.0.1/kerb-core-1.0.1.jar:/home/user/.m2/repository/org/apache/kerby/kerby-pkix/1.0.1/kerby-pkix-1.0.1.jar:/home/user/.m2/repository/org/apache/kerby/kerby-asn1/1.0.1/kerby-asn1-1.0.1.jar:/home/user/.m2/repository/org/apache/kerby/kerby-util/1.0.1/kerby-util-1.0.1.jar:/home/user/.m2/repository/org/apache/kerby/kerb-common/1.0.1/kerb-common-1.0.1.jar:/home/user/.m2/repository/org/apache/kerby/kerb-crypto/1.0.1/kerb-crypto-1.0.1.jar:/home/user/.m2/repository/org/apache/kerby/kerb-util/1.0.1/kerb-util-1.0.1.jar:/home/user/.m2/repository/org/apache/kerby/token-provider/1.0.1/token-provider-1.0.1.jar:/home/user/.m2/repository/org/apache/kerby/kerb-admin/1.0.1/kerb-admin-1.0.1.jar:/home/user/.m2/repository/org/apache/kerby/kerb-server/1.0.1/kerb-server-1.0.1.jar:/home/user/.m2/repository/org/apache/kerby/kerb-identity/1.0.1/kerb-identity-1.0.1.jar:/home/user/.m2/repository/org/apache/kerby/kerby-xdr/1.0.1/kerby-xdr-1.0.1.jar:/home/user/.m2/repository/org/slf4j/slf4j-log4j12/1.7.25/slf4j-log4j12-1.7.25.jar:/home/user/.m2/repository/org/apache/hadoop/hadoop-ozone-s3gateway/0.5.0-SNAPSHOT/hadoop-ozone-s3gateway-0.5.0-SNAPSHOT.jar:/home/user/.m2/repository/org/jboss/weld/servlet/weld-servlet/2.4.7.Final/weld-servlet-2.4.7.Final.jar:/home/user/.m2/repository/org/glassfish/jersey/containers/jersey-container-servlet-core/2.27/jersey-container-servlet-core-2.27.jar:/home/user/.m2/repository/org/glassfish/hk2/external/javax.inject/2.5.0-b42/javax.inject-2.5.0-b42.jar:/home/user/.m2/repository/org/glassfish/jersey/core/jersey-common/2.27/jersey-common-2.27.jar:/home/user/.m2/repository/org/glassfish/hk2/osgi-resource-locator/1.0.1/osgi-resource-locator-1.0.1.jar:/home/user/.m2/repository/javax/ws/rs/javax.ws.rs-api/2.1/javax.ws.rs-api-2.1.jar:/home/user/.m2/repository/org/glassfish/jersey/ext/cdi/jersey-cdi1x/2.27/jersey-cdi1x-2.27.jar:/home/user/.m2/repository/org/glassfish/jersey/inject/jersey-hk2/2.27/jersey-hk2-2.27.jar:/home/user/.m2/repository/org/glassfish/hk2/hk2-locator/2.5.0-b42/hk2-locator-2.5.0-b42.jar:/home/user/.m2/repository/org/javassist/javassist/3.22.0-CR2/javassist-3.22.0-CR2.jar:/home/user/.m2/repository/org/glassfish/hk2/hk2-api/2.5.0/hk2-api-2.5.0.jar:/home/user/.m2/repository/org/glassfish/hk2/external/jakarta.inject/2.5.0/jakarta.inject-2.5.0.jar:/home/user/.m2/repository/org/glassfish/hk2/hk2-utils/2.5.0/hk2-utils-2.5.0.jar:/home/user/.m2/repository/jakarta/annotation/jakarta.annotation-api/1.3.4/jakarta.annotation-api-1.3.4.jar:/home/user/.m2/repository/org/glassfish/hk2/external/aopalliance-repackaged/2.5.0/aopalliance-repackaged-2.5.0.jar:/home/user/.m2/repository/com/fasterxml/jackson/dataformat/jackson-dataformat-xml/2.9.0/jackson-dataformat-xml-2.9.0.jar:/home/user/.m2/repository/com/fasterxml/jackson/core/jackson-core/2.9.5/jackson-core-2.9.5.jar:/home/user/.m2/repository/com/fasterxml/jackson/module/jackson-module-jaxb-annotations/2.9.5/jackson-module-jaxb-annotations-2.9.5.jar:/home/user/.m2/repository/javax/enterprise/cdi-api/1.2/cdi-api-1.2.jar:/home/user/.m2/repository/javax/el/javax.el-api/3.0.0/javax.el-api-3.0.0.jar:/home/user/.m2/repository/javax/interceptor/javax.interceptor-api/1.2/javax.interceptor-api-1.2.jar:/home/user/.m2/repository/javax/inject/javax.inject/1/javax.inject-1.jar:/home/user/.m2/repository/com/sun/xml/bind/jaxb-impl/2.3.0.1/jaxb-impl-2.3.0.1.jar:/home/user/.m2/repository/com/sun/xml/bind/jaxb-core/2.3.0.1/jaxb-core-2.3.0.1.jar:/home/user/.m2/repository/javax/xml/bind/jaxb-api/2.3.0/jaxb-api-2.3.0.jar:/home/user/.m2/repository/javax/activation/activation/1.1.1/activation-1.1.1.jar:/home/user/.m2/repository/org/apache/hadoop/hadoop-ozone-csi/0.5.0-SNAPSHOT/hadoop-ozone-csi-0.5.0-SNAPSHOT.jar:/home/user/.m2/repository/com/google/protobuf/protobuf-java-util/3.5.1/protobuf-java-util-3.5.1.jar:/home/user/.m2/repository/org/apache/hadoop/hadoop-hdds-config/0.5.0-SNAPSHOT/hadoop-hdds-config-0.5.0-SNAPSHOT.jar:/home/user/.m2/repository/io/grpc/grpc-netty/1.17.1/grpc-netty-1.17.1.jar:/home/user/.m2/repository/io/grpc/grpc-core/1.17.1/grpc-core-1.17.1.jar:/home/user/.m2/repository/io/grpc/grpc-context/1.17.1/grpc-context-1.17.1.jar:/home/user/.m2/repository/com/google/errorprone/error_prone_annotations/2.2.0/error_prone_annotations-2.2.0.jar:/home/user/.m2/repository/org/codehaus/mojo/animal-sniffer-annotations/1.17/animal-sniffer-annotations-1.17.jar:/home/user/.m2/repository/io/opencensus/opencensus-api/0.17.0/opencensus-api-0.17.0.jar:/home/user/.m2/repository/io/opencensus/opencensus-contrib-grpc-metrics/0.17.0/opencensus-contrib-grpc-metrics-0.17.0.jar:/home/user/.m2/repository/io/netty/netty-codec-http2/4.1.30.Final/netty-codec-http2-4.1.30.Final.jar:/home/user/.m2/repository/io/netty/netty-codec-http/4.1.30.Final/netty-codec-http-4.1.30.Final.jar:/home/user/.m2/repository/io/netty/netty-codec/4.1.30.Final/netty-codec-4.1.30.Final.jar:/home/user/.m2/repository/io/netty/netty-handler/4.1.30.Final/netty-handler-4.1.30.Final.jar:/home/user/.m2/repository/io/netty/netty-handler-proxy/4.1.30.Final/netty-handler-proxy-4.1.30.Final.jar:/home/user/.m2/repository/io/netty/netty-codec-socks/4.1.30.Final/netty-codec-socks-4.1.30.Final.jar:/home/user/.m2/repository/io/netty/netty-transport-native-epoll/4.1.30.Final/netty-transport-native-epoll-4.1.30.Final.jar:/home/user/.m2/repository/io/netty/netty-common/4.1.30.Final/netty-common-4.1.30.Final.jar:/home/user/.m2/repository/io/netty/netty-buffer/4.1.30.Final/netty-buffer-4.1.30.Final.jar:/home/user/.m2/repository/io/netty/netty-transport/4.1.30.Final/netty-transport-4.1.30.Final.jar:/home/user/.m2/repository/io/netty/netty-resolver/4.1.30.Final/netty-resolver-4.1.30.Final.jar:/home/user/.m2/repository/io/netty/netty-transport-native-unix-common/4.1.30.Final/netty-transport-native-unix-common-4.1.30.Final.jar:/home/user/.m2/repository/io/grpc/grpc-protobuf/1.17.1/grpc-protobuf-1.17.1.jar:/home/user/.m2/repository/com/google/api/grpc/proto-google-common-protos/1.0.0/proto-google-common-protos-1.0.0.jar:/home/user/.m2/repository/io/grpc/grpc-protobuf-lite/1.17.1/grpc-protobuf-lite-1.17.1.jar:/home/user/.m2/repository/io/grpc/grpc-stub/1.17.1/grpc-stub-1.17.1.jar:/home/user/.m2/repository/org/apache/hadoop/hadoop-ozone-recon/0.5.0-SNAPSHOT/hadoop-ozone-recon-0.5.0-SNAPSHOT.jar:/home/user/.m2/repository/org/apache/hadoop/hadoop-ozone-reconcodegen/0.5.0-SNAPSHOT/hadoop-ozone-reconcodegen-0.5.0-SNAPSHOT.jar:/home/user/.m2/repository/com/google/inject/extensions/guice-multibindings/4.0/guice-multibindings-4.0.jar:/home/user/.m2/repository/com/google/inject/guice/4.0/guice-4.0.jar:/home/user/.m2/repository/aopalliance/aopalliance/1.0/aopalliance-1.0.jar:/home/user/.m2/repository/com/google/inject/extensions/guice-servlet/4.0/guice-servlet-4.0.jar:/home/user/.m2/repository/org/glassfish/jersey/containers/jersey-container-servlet/2.27/jersey-container-servlet-2.27.jar:/home/user/.m2/repository/org/glassfish/hk2/guice-bridge/2.5.0/guice-bridge-2.5.0.jar:/home/user/.m2/repository/org/glassfish/jersey/core/jersey-server/2.27/jersey-server-2.27.jar:/home/user/.m2/repository/org/glassfish/jersey/core/jersey-client/2.27/jersey-client-2.27.jar:/home/user/.m2/repository/org/glassfish/jersey/media/jersey-media-jaxb/2.27/jersey-media-jaxb-2.27.jar:/home/user/.m2/repository/javax/validation/validation-api/1.1.0.Final/validation-api-1.1.0.Final.jar:/home/user/.m2/repository/org/glassfish/jersey/media/jersey-media-json-jackson/2.27/jersey-media-json-jackson-2.27.jar:/home/user/.m2/repository/org/glassfish/jersey/ext/jersey-entity-filtering/2.27/jersey-entity-filtering-2.27.jar:/home/user/.m2/repository/com/google/inject/extensions/guice-assistedinject/4.0/guice-assistedinject-4.0.jar:/home/user/.m2/repository/org/jooq/jooq/3.11.10/jooq-3.11.10.jar:/home/user/.m2/repository/org/jooq/jooq-meta/3.11.10/jooq-meta-3.11.10.jar:/home/user/.m2/repository/org/jooq/jooq-codegen/3.11.10/jooq-codegen-3.11.10.jar:/home/user/.m2/repository/com/jolbox/bonecp/0.8.0.RELEASE/bonecp-0.8.0.RELEASE.jar:/home/user/.m2/repository/org/xerial/sqlite-jdbc/3.25.2/sqlite-jdbc-3.25.2.jar:/home/user/.m2/repository/org/springframework/spring-jdbc/5.1.3.RELEASE/spring-jdbc-5.1.3.RELEASE.jar:/home/user/.m2/repository/org/springframework/spring-beans/5.1.3.RELEASE/spring-beans-5.1.3.RELEASE.jar:/home/user/.m2/repository/org/springframework/spring-core/5.1.3.RELEASE/spring-core-5.1.3.RELEASE.jar:/home/user/.m2/repository/org/springframework/spring-jcl/5.1.3.RELEASE/spring-jcl-5.1.3.RELEASE.jar:/home/user/.m2/repository/org/springframework/spring-tx/5.1.3.RELEASE/spring-tx-5.1.3.RELEASE.jar:/home/user/.m2/repository/org/apache/hadoop/hadoop-ozone-client/0.5.0-SNAPSHOT/hadoop-ozone-client-0.5.0-SNAPSHOT.jar:/home/user/.m2/repository/commons-lang/commons-lang/2.6/commons-lang-2.6.jar:/home/user/.m2/repository/org/apache/hadoop/hadoop-ozone-ozone-manager/0.5.0-SNAPSHOT/hadoop-ozone-ozone-manager-0.5.0-SNAPSHOT-tests.jar:/home/user/.m2/repository/junit/junit/4.11/junit-4.11.jar:/home/user/.m2/repository/org/hamcrest/hamcrest-core/1.3/hamcrest-core-1.3.jar:/home/user/.m2/repository/org/openjdk/jmh/jmh-core/1.19/jmh-core-1.19.jar:/home/user/.m2/repository/net/sf/jopt-simple/jopt-simple/4.6/jopt-simple-4.6.jar:/home/user/.m2/repository/org/apache/commons/commons-math3/3.1.1/commons-math3-3.1.1.jar:/home/user/.m2/repository/org/openjdk/jmh/jmh-generator-annprocess/1.19/jmh-generator-annprocess-1.19.jar:/home/user/.m2/repository/org/mockito/mockito-all/1.8.5/mockito-all-1.8.5.jar:/home/user/.m2/repository/org/apache/hadoop/hadoop-kms/3.2.0/hadoop-kms-3.2.0.jar:/home/user/.m2/repository/org/apache/hadoop/hadoop-auth/3.2.0/hadoop-auth-3.2.0.jar:/home/user/.m2/repository/com/nimbusds/nimbus-jose-jwt/4.41.1/nimbus-jose-jwt-4.41.1.jar:/home/user/.m2/repository/com/github/stephenc/jcip/jcip-annotations/1.0-1/jcip-annotations-1.0-1.jar:/home/user/.m2/repository/net/minidev/json-smart/2.3/json-smart-2.3.jar:/home/user/.m2/repository/net/minidev/accessors-smart/1.2/accessors-smart-1.2.jar:/home/user/.m2/repository/org/ow2/asm/asm/5.0.4/asm-5.0.4.jar:/home/user/.m2/repository/org/apache/curator/curator-framework/2.12.0/curator-framework-2.12.0.jar:/home/user/.m2/repository/com/sun/jersey/jersey-core/1.19/jersey-core-1.19.jar:/home/user/.m2/repository/javax/ws/rs/jsr311-api/1.1.1/jsr311-api-1.1.1.jar:/home/user/.m2/repository/com/sun/jersey/jersey-server/1.19/jersey-server-1.19.jar:/home/user/.m2/repository/javax/servlet/javax.servlet-api/3.1.0/javax.servlet-api-3.1.0.jar:/home/user/.m2/repository/org/eclipse/jetty/jetty-server/9.3.24.v20180605/jetty-server-9.3.24.v20180605.jar:/home/user/.m2/repository/org/eclipse/jetty/jetty-http/9.3.24.v20180605/jetty-http-9.3.24.v20180605.jar:/home/user/.m2/repository/org/eclipse/jetty/jetty-io/9.3.24.v20180605/jetty-io-9.3.24.v20180605.jar:/home/user/.m2/repository/org/eclipse/jetty/jetty-webapp/9.3.24.v20180605/jetty-webapp-9.3.24.v20180605.jar:/home/user/.m2/repository/org/eclipse/jetty/jetty-xml/9.3.24.v20180605/jetty-xml-9.3.24.v20180605.jar:/home/user/.m2/repository/log4j/log4j/1.2.17/log4j-1.2.17.jar:/home/user/.m2/repository/org/slf4j/slf4j-api/1.7.25/slf4j-api-1.7.25.jar:/home/user/.m2/repository/org/slf4j/jul-to-slf4j/1.7.25/jul-to-slf4j-1.7.25.jar:/home/user/.m2/repository/org/eclipse/jetty/jetty-util/9.3.24.v20180605/jetty-util-9.3.24.v20180605.jar:/home/user/.m2/repository/com/fasterxml/jackson/core/jackson-databind/2.9.5/jackson-databind-2.9.5.jar:/home/user/.m2/repository/org/apache/hadoop/hadoop-kms/3.2.0/hadoop-kms-3.2.0-tests.jar:/home/user/.m2/repository/org/apache/hadoop/hadoop-hdds-server-scm/0.5.0-SNAPSHOT/hadoop-hdds-server-scm-0.5.0-SNAPSHOT-tests.jar:/home/user/.m2/repository/org/apache/hadoop/hadoop-hdds-container-service/0.5.0-SNAPSHOT/hadoop-hdds-container-service-0.5.0-SNAPSHOT-tests.jar:/home/user/.m2/repository/org/yaml/snakeyaml/1.16/snakeyaml-1.16.jar:/home/user/.m2/repository/org/apache/hadoop/hadoop-common/3.2.0/hadoop-common-3.2.0-tests.jar:/home/user/.m2/repository/org/apache/hadoop/hadoop-annotations/3.2.0/hadoop-annotations-3.2.0.jar:/usr/lib/jvm/java-1.8-openjdk/jre/../lib/tools.jar:/home/user/.m2/repository/commons-cli/commons-cli/1.2/commons-cli-1.2.jar:/home/user/.m2/repository/org/apache/httpcomponents/httpclient/4.5.2/httpclient-4.5.2.jar:/home/user/.m2/repository/org/apache/httpcomponents/httpcore/4.4.4/httpcore-4.4.4.jar:/home/user/.m2/repository/commons-codec/commons-codec/1.11/commons-codec-1.11.jar:/home/user/.m2/repository/commons-net/commons-net/3.6/commons-net-3.6.jar:/home/user/.m2/repository/commons-collections/commons-collections/3.2.2/commons-collections-3.2.2.jar:/home/user/.m2/repository/org/eclipse/jetty/jetty-servlet/9.3.24.v20180605/jetty-servlet-9.3.24.v20180605.jar:/home/user/.m2/repository/org/eclipse/jetty/jetty-security/9.3.24.v20180605/jetty-security-9.3.24.v20180605.jar:/home/user/.m2/repository/javax/servlet/jsp/jsp-api/2.1/jsp-api-2.1.jar:/home/user/.m2/repository/com/sun/jersey/jersey-servlet/1.19/jersey-servlet-1.19.jar:/home/user/.m2/repository/com/sun/jersey/jersey-json/1.19/jersey-json-1.19.jar:/home/user/.m2/repository/org/codehaus/jettison/jettison/1.1/jettison-1.1.jar:/home/user/.m2/repository/org/codehaus/jackson/jackson-core-asl/1.9.13/jackson-core-asl-1.9.13.jar:/home/user/.m2/repository/org/codehaus/jackson/jackson-mapper-asl/1.9.13/jackson-mapper-asl-1.9.13.jar:/home/user/.m2/repository/org/codehaus/jackson/jackson-jaxrs/1.9.13/jackson-jaxrs-1.9.13.jar:/home/user/.m2/repository/org/codehaus/jackson/jackson-xc/1.9.13/jackson-xc-1.9.13.jar:/home/user/.m2/repository/commons-logging/commons-logging/1.1.3/commons-logging-1.1.3.jar:/home/user/.m2/repository/commons-beanutils/commons-beanutils/1.9.3/commons-beanutils-1.9.3.jar:/home/user/.m2/repository/org/apache/commons/commons-configuration2/2.1.1/commons-configuration2-2.1.1.jar:/home/user/.m2/repository/org/apache/commons/commons-lang3/3.7/commons-lang3-3.7.jar:/home/user/.m2/repository/org/apache/commons/commons-text/1.4/commons-text-1.4.jar:/home/user/.m2/repository/org/apache/avro/avro/1.7.7/avro-1.7.7.jar:/home/user/.m2/repository/com/thoughtworks/paranamer/paranamer/2.3/paranamer-2.3.jar:/home/user/.m2/repository/org/xerial/snappy/snappy-java/1.0.5/snappy-java-1.0.5.jar:/home/user/.m2/repository/com/google/re2j/re2j/1.1/re2j-1.1.jar:/home/user/.m2/repository/com/google/code/gson/gson/2.2.4/gson-2.2.4.jar:/home/user/.m2/repository/com/jcraft/jsch/0.1.54/jsch-0.1.54.jar:/home/user/.m2/repository/org/apache/curator/curator-client/2.12.0/curator-client-2.12.0.jar:/home/user/.m2/repository/org/apache/curator/curator-recipes/2.12.0/curator-recipes-2.12.0.jar:/home/user/.m2/repository/com/google/code/findbugs/jsr305/3.0.0/jsr305-3.0.0.jar:/home/user/.m2/repository/org/apache/htrace/htrace-core4/4.1.0-incubating/htrace-core4-4.1.0-incubating.jar:/home/user/.m2/repository/org/apache/zookeeper/zookeeper/3.4.13/zookeeper-3.4.13.jar:/home/user/.m2/repository/org/apache/yetus/audience-annotations/0.5.0/audience-annotations-0.5.0.jar:/home/user/.m2/repository/org/codehaus/woodstox/stax2-api/3.1.4/stax2-api-3.1.4.jar:/home/user/.m2/repository/com/fasterxml/woodstox/woodstox-core/5.0.3/woodstox-core-5.0.3.jar:/home/user/.m2/repository/dnsjava/dnsjava/2.1.7/dnsjava-2.1.7.jar:/home/user/.m2/repository/org/apache/hadoop/hadoop-hdfs/3.2.0/hadoop-hdfs-3.2.0-tests.jar:/home/user/.m2/repository/org/eclipse/jetty/jetty-util-ajax/9.3.24.v20180605/jetty-util-ajax-9.3.24.v20180605.jar:/home/user/.m2/repository/commons-daemon/commons-daemon/1.0.13/commons-daemon-1.0.13.jar:/home/user/.m2/repository/io/netty/netty/3.10.5.Final/netty-3.10.5.Final.jar:/home/user/.m2/repository/io/netty/netty-all/4.0.52.Final/netty-all-4.0.52.Final.jar:/home/user/.m2/repository/org/fusesource/leveldbjni/leveldbjni-all/1.8/leveldbjni-all-1.8.jar:"/>
    <property name="sun.cpu.endian" value="little"/>
    <property name="user.home" value="/home/user"/>
    <property name="user.language" value="en"/>
    <property name="java.specification.vendor" value="Oracle Corporation"/>
    <property name="java.home" value="/usr/lib/jvm/java-1.8-openjdk/jre"/>
    <property name="java.security.krb5.conf" value="/workdir/hadoop-ozone/integration-test/target/test-classes/krb5.conf"/>
    <property name="basedir" value="/workdir/hadoop-ozone/integration-test"/>
    <property name="file.separator" value="/"/>
    <property name="line.separator" value="&#10;"/>
    <property name="java.vm.specification.vendor" value="Oracle Corporation"/>
    <property name="java.specification.name" value="Java Platform API Specification"/>
    <property name="java.awt.graphicsenv" value="sun.awt.X11GraphicsEnvironment"/>
    <property name="surefire.real.class.path" value="/workdir/hadoop-ozone/integration-test/target/surefire/surefirebooter4329294652474322587.jar"/>
    <property name="hadoop.log.dir" value="/workdir/hadoop-ozone/integration-test/target/log"/>
    <property name="sun.boot.class.path" value="/usr/lib/jvm/java-1.8-openjdk/jre/lib/resources.jar:/usr/lib/jvm/java-1.8-openjdk/jre/lib/rt.jar:/usr/lib/jvm/java-1.8-openjdk/jre/lib/sunrsasign.jar:/usr/lib/jvm/java-1.8-openjdk/jre/lib/jsse.jar:/usr/lib/jvm/java-1.8-openjdk/jre/lib/jce.jar:/usr/lib/jvm/java-1.8-openjdk/jre/lib/charsets.jar:/usr/lib/jvm/java-1.8-openjdk/jre/lib/jfr.jar:/usr/lib/jvm/java-1.8-openjdk/jre/classes"/>
    <property name="sun.management.compiler" value="HotSpot 64-Bit Tiered Compilers"/>
    <property name="java.runtime.version" value="1.8.0_212-b04"/>
    <property name="java.net.preferIPv4Stack" value="true"/>
    <property name="user.name" value="jenkins1000"/>
    <property name="path.separator" value=":"/>
    <property name="java.security.egd" value="file:///dev/urandom"/>
    <property name="os.version" value="3.10.0-957.12.2.el7.x86_64"/>
    <property name="java.endorsed.dirs" value="/usr/lib/jvm/java-1.8-openjdk/jre/lib/endorsed"/>
    <property name="java.runtime.name" value="OpenJDK Runtime Environment"/>
    <property name="file.encoding" value="UTF-8"/>
    <property name="java.vm.name" value="OpenJDK 64-Bit Server VM"/>
    <property name="test.build.webapps" value=""/>
    <property name="localRepository" value="/home/user/.m2/repository"/>
    <property name="java.vendor.url.bug" value="https://icedtea.classpath.org/bugzilla"/>
    <property name="java.io.tmpdir" value="/tmp"/>
    <property name="require.test.libhadoop" value=""/>
    <property name="java.version" value="1.8.0_212"/>
    <property name="user.dir" value="/workdir/hadoop-ozone/integration-test"/>
    <property name="os.arch" value="amd64"/>
    <property name="java.vm.specification.name" value="Java Virtual Machine Specification"/>
    <property name="test.build.classes" value="/workdir/hadoop-ozone/integration-test/target/test-classes"/>
    <property name="java.awt.printerjob" value="sun.print.PSPrinterJob"/>
    <property name="sun.os.patch.level" value="unknown"/>
    <property name="hadoop.tmp.dir" value="/workdir/hadoop-ozone/integration-test/target/tmp"/>
    <property name="java.library.path" value="/usr/lib/jvm/java-1.8-openjdk/jre/lib/amd64/server:/usr/lib/jvm/java-1.8-openjdk/jre/lib/amd64:/usr/lib/jvm/java-1.8-openjdk/jre/../lib/amd64:/workdir/hadoop-ozone/integration-test/target/native/target/usr/local/lib:/workdir/hadoop-ozone/integration-test/../../hadoop-common-project/hadoop-common/target/native/target/usr/local/lib:/usr/java/packages/lib/amd64:/usr/lib64:/lib64:/lib:/usr/lib"/>
    <property name="java.vm.info" value="mixed mode"/>
    <property name="java.vendor" value="IcedTea"/>
    <property name="java.vm.version" value="25.212-b04"/>
    <property name="java.ext.dirs" value="/usr/lib/jvm/java-1.8-openjdk/jre/lib/ext:/usr/java/packages/lib/ext"/>
    <property name="sun.io.unicode.encoding" value="UnicodeLittle"/>
    <property name="java.class.version" value="52.0"/>
  </properties>
  <testcase name="test2DatanodesFailure" classname="org.apache.hadoop.ozone.client.rpc.TestBlockOutputStreamWithFailures" time="112.088"/>
  <testcase name="testDatanodeFailureWithPreAllocation" classname="org.apache.hadoop.ozone.client.rpc.TestBlockOutputStreamWithFailures" time="223.417"/>
  <testcase name="testDatanodeFailureWithSingleNodeRatis" classname="org.apache.hadoop.ozone.client.rpc.TestBlockOutputStreamWithFailures" time="223.855"/>
  <testcase name="testWatchForCommitWithSingleNodeRatis" classname="org.apache.hadoop.ozone.client.rpc.TestBlockOutputStreamWithFailures" time="33.869"/>
  <testcase name="testWatchForCommitDatanodeFailure" classname="org.apache.hadoop.ozone.client.rpc.TestBlockOutputStreamWithFailures" time="70.545">
    <failure message="expected:&lt;2&gt; but was:&lt;3&gt;" type="java.lang.AssertionError"><![CDATA[java.lang.AssertionError: expected:<2> but was:<3>
	at org.junit.Assert.fail(Assert.java:88)
	at org.junit.Assert.failNotEquals(Assert.java:743)
	at org.junit.Assert.assertEquals(Assert.java:118)
	at org.junit.Assert.assertEquals(Assert.java:555)
	at org.junit.Assert.assertEquals(Assert.java:542)
	at org.apache.hadoop.ozone.client.rpc.TestBlockOutputStreamWithFailures.testWatchForCommitDatanodeFailure(TestBlockOutputStreamWithFailures.java:366)
	at sun.reflect.NativeMethodAccessorImpl.invoke0(Native Method)
	at sun.reflect.NativeMethodAccessorImpl.invoke(NativeMethodAccessorImpl.java:62)
	at sun.reflect.DelegatingMethodAccessorImpl.invoke(DelegatingMethodAccessorImpl.java:43)
	at java.lang.reflect.Method.invoke(Method.java:498)
	at org.junit.runners.model.FrameworkMethod$1.runReflectiveCall(FrameworkMethod.java:47)
	at org.junit.internal.runners.model.ReflectiveCallable.run(ReflectiveCallable.java:12)
	at org.junit.runners.model.FrameworkMethod.invokeExplosively(FrameworkMethod.java:44)
	at org.junit.internal.runners.statements.InvokeMethod.evaluate(InvokeMethod.java:17)
	at org.junit.internal.runners.statements.RunBefores.evaluate(RunBefores.java:26)
	at org.junit.internal.runners.statements.RunAfters.evaluate(RunAfters.java:27)
	at org.junit.runners.ParentRunner.runLeaf(ParentRunner.java:271)
	at org.junit.runners.BlockJUnit4ClassRunner.runChild(BlockJUnit4ClassRunner.java:70)
	at org.junit.runners.BlockJUnit4ClassRunner.runChild(BlockJUnit4ClassRunner.java:50)
	at org.junit.runners.ParentRunner$3.run(ParentRunner.java:238)
	at org.junit.runners.ParentRunner$1.schedule(ParentRunner.java:63)
	at org.junit.runners.ParentRunner.runChildren(ParentRunner.java:236)
	at org.junit.runners.ParentRunner.access$000(ParentRunner.java:53)
	at org.junit.runners.ParentRunner$2.evaluate(ParentRunner.java:229)
	at org.junit.runners.ParentRunner.run(ParentRunner.java:309)
	at org.apache.maven.surefire.junit4.JUnit4Provider.execute(JUnit4Provider.java:365)
	at org.apache.maven.surefire.junit4.JUnit4Provider.executeWithRerun(JUnit4Provider.java:273)
	at org.apache.maven.surefire.junit4.JUnit4Provider.executeTestSet(JUnit4Provider.java:238)
	at org.apache.maven.surefire.junit4.JUnit4Provider.invoke(JUnit4Provider.java:159)
	at org.apache.maven.surefire.booter.ForkedBooter.invokeProviderInSameClassLoader(ForkedBooter.java:384)
	at org.apache.maven.surefire.booter.ForkedBooter.runSuitesInProcess(ForkedBooter.java:345)
	at org.apache.maven.surefire.booter.ForkedBooter.execute(ForkedBooter.java:126)
	at org.apache.maven.surefire.booter.ForkedBooter.main(ForkedBooter.java:418)
]]></failure>
    <system-out><![CDATA[2019-09-09 16:55:45,526 [main] WARN  server.ServerUtils (ServerUtils.java:getScmDbDir(145)) - ozone.scm.db.dirs is not configured. We recommend adding this setting. Falling back to ozone.metadata.dirs instead.
2019-09-09 16:55:45,552 [main] WARN  server.ServerUtils (ServerUtils.java:getScmDbDir(145)) - ozone.scm.db.dirs is not configured. We recommend adding this setting. Falling back to ozone.metadata.dirs instead.
2019-09-09 16:55:45,553 [main] WARN  server.ServerUtils (ServerUtils.java:getScmDbDir(145)) - ozone.scm.db.dirs is not configured. We recommend adding this setting. Falling back to ozone.metadata.dirs instead.
2019-09-09 16:55:45,554 [main] INFO  db.DBStoreBuilder (DBStoreBuilder.java:addTable(110)) - using custom profile for table: deletedBlocks
2019-09-09 16:55:45,554 [main] INFO  db.DBStoreBuilder (DBStoreBuilder.java:processTables(161)) - Using default column profile:DBProfile.DISK for Table:deletedBlocks
2019-09-09 16:55:45,554 [main] INFO  db.DBStoreBuilder (DBStoreBuilder.java:addTable(110)) - using custom profile for table: validCerts
2019-09-09 16:55:45,554 [main] INFO  db.DBStoreBuilder (DBStoreBuilder.java:processTables(161)) - Using default column profile:DBProfile.DISK for Table:validCerts
2019-09-09 16:55:45,555 [main] INFO  db.DBStoreBuilder (DBStoreBuilder.java:addTable(110)) - using custom profile for table: revokedCerts
2019-09-09 16:55:45,555 [main] INFO  db.DBStoreBuilder (DBStoreBuilder.java:processTables(161)) - Using default column profile:DBProfile.DISK for Table:revokedCerts
2019-09-09 16:55:45,555 [main] INFO  db.DBStoreBuilder (DBStoreBuilder.java:addTable(110)) - using custom profile for table: default
2019-09-09 16:55:45,555 [main] INFO  db.DBStoreBuilder (DBStoreBuilder.java:processTables(167)) - Using default column profile:DBProfile.DISK for Table:default
2019-09-09 16:55:45,556 [main] INFO  db.DBStoreBuilder (DBStoreBuilder.java:getDbProfile(198)) - Using default options. DBProfile.DISK
2019-09-09 16:55:45,762 [main] INFO  net.NodeSchemaLoader (NodeSchemaLoader.java:loadSchemaFromFile(125)) - Loading file from sun.misc.CompoundEnumeration@7e61e25c
2019-09-09 16:55:45,763 [main] INFO  net.NodeSchemaLoader (NodeSchemaLoader.java:loadSchema(171)) - Loading network topology layer schema file
2019-09-09 16:55:45,768 [main] INFO  node.SCMNodeManager (SCMNodeManager.java:<init>(114)) - Entering startup safe mode.
2019-09-09 16:55:45,769 [main] INFO  algorithms.ContainerPlacementPolicyFactory (ContainerPlacementPolicyFactory.java:getPolicy(57)) - Create container placement policy of type org.apache.hadoop.hdds.scm.container.placement.algorithms.SCMContainerPlacementRandom
2019-09-09 16:55:45,769 [main] WARN  server.ServerUtils (ServerUtils.java:getScmDbDir(145)) - ozone.scm.db.dirs is not configured. We recommend adding this setting. Falling back to ozone.metadata.dirs instead.
2019-09-09 16:55:45,856 [main] INFO  pipeline.SCMPipelineManager (SCMPipelineManager.java:initializePipelineState(128)) - No pipeline exists in current db
2019-09-09 16:55:45,857 [main] WARN  server.ServerUtils (ServerUtils.java:getScmDbDir(145)) - ozone.scm.db.dirs is not configured. We recommend adding this setting. Falling back to ozone.metadata.dirs instead.
2019-09-09 16:55:45,961 [main] WARN  events.EventQueue (EventQueue.java:fireEvent(183)) - No event handler registered for event TypedEvent{payloadType=SafeModeStatus, name='SafeModeStatus'}
2019-09-09 16:55:45,962 [main] INFO  ipc.CallQueueManager (CallQueueManager.java:<init>(84)) - Using callQueue: class java.util.concurrent.LinkedBlockingQueue, queueCapacity: 2000, scheduler: class org.apache.hadoop.ipc.DefaultRpcScheduler, ipcBackoff: false.
2019-09-09 16:55:45,962 [Socket Reader #1 for port 42273] INFO  ipc.Server (Server.java:run(1074)) - Starting Socket Reader #1 for port 42273
2019-09-09 16:55:45,965 [main] INFO  ipc.CallQueueManager (CallQueueManager.java:<init>(84)) - Using callQueue: class java.util.concurrent.LinkedBlockingQueue, queueCapacity: 2000, scheduler: class org.apache.hadoop.ipc.DefaultRpcScheduler, ipcBackoff: false.
2019-09-09 16:55:45,965 [Socket Reader #1 for port 46459] INFO  ipc.Server (Server.java:run(1074)) - Starting Socket Reader #1 for port 46459
2019-09-09 16:55:45,967 [main] INFO  ipc.CallQueueManager (CallQueueManager.java:<init>(84)) - Using callQueue: class java.util.concurrent.LinkedBlockingQueue, queueCapacity: 2000, scheduler: class org.apache.hadoop.ipc.DefaultRpcScheduler, ipcBackoff: false.
2019-09-09 16:55:45,967 [Socket Reader #1 for port 46000] INFO  ipc.Server (Server.java:run(1074)) - Starting Socket Reader #1 for port 46000
2019-09-09 16:55:45,971 [main] INFO  hdfs.DFSUtil (DFSUtil.java:httpServerTemplateForNNAndJN(1641)) - Starting Web-server for scm at: http://0.0.0.0:0
2019-09-09 16:55:45,972 [main] INFO  server.AuthenticationFilter (AuthenticationFilter.java:constructSecretProvider(240)) - Unable to initialize FileSignerSecretProvider, falling back to use random secrets.
2019-09-09 16:55:45,973 [main] WARN  http.HttpRequestLog (HttpRequestLog.java:getRequestLog(97)) - Jetty request log can only be enabled using Log4j
2019-09-09 16:55:45,974 [main] INFO  http.HttpServer2 (HttpServer2.java:addGlobalFilter(975)) - Added global filter 'safety' (class=org.apache.hadoop.http.HttpServer2$QuotingInputFilter)
2019-09-09 16:55:45,975 [main] INFO  http.HttpServer2 (HttpServer2.java:addFilter(948)) - Added filter static_user_filter (class=org.apache.hadoop.http.lib.StaticUserWebFilter$StaticUserFilter) to context scm
2019-09-09 16:55:45,975 [main] INFO  http.HttpServer2 (HttpServer2.java:addFilter(958)) - Added filter static_user_filter (class=org.apache.hadoop.http.lib.StaticUserWebFilter$StaticUserFilter) to context static
2019-09-09 16:55:45,975 [main] INFO  http.HttpServer2 (HttpServer2.java:addFilter(958)) - Added filter static_user_filter (class=org.apache.hadoop.http.lib.StaticUserWebFilter$StaticUserFilter) to context logs
2019-09-09 16:55:45,976 [main] INFO  server.StorageContainerManager (StorageContainerManager.java:start(763)) - StorageContainerLocationProtocol RPC server is listening at /0.0.0.0:46000
2019-09-09 16:55:45,978 [main] WARN  impl.MetricsConfig (MetricsConfig.java:loadFirst(134)) - Cannot locate configuration: tried hadoop-metrics2-storagecontainermanager.properties,hadoop-metrics2.properties
2019-09-09 16:55:45,979 [main] INFO  impl.MetricsSystemImpl (MetricsSystemImpl.java:startTimer(374)) - Scheduled Metric snapshot period at 10 second(s).
2019-09-09 16:55:45,979 [main] INFO  impl.MetricsSystemImpl (MetricsSystemImpl.java:start(191)) - StorageContainerManager metrics system started
2019-09-09 16:55:46,035 [main] WARN  impl.MetricsSystemImpl (MetricsSystemImpl.java:register(276)) - Sink prometheus already exists!
2019-09-09 16:55:46,121 [main] INFO  server.SCMClientProtocolServer (SCMClientProtocolServer.java:start(151)) - RPC server for Client  is listening at /0.0.0.0:46000
2019-09-09 16:55:46,122 [IPC Server Responder] INFO  ipc.Server (Server.java:run(1314)) - IPC Server Responder: starting
2019-09-09 16:55:46,122 [IPC Server listener on 46000] INFO  ipc.Server (Server.java:run(1153)) - IPC Server listener on 46000: starting
2019-09-09 16:55:46,245 [main] INFO  server.StorageContainerManager (StorageContainerManager.java:start(773)) - ScmBlockLocationProtocol RPC server is listening at /0.0.0.0:46459
2019-09-09 16:55:46,246 [main] INFO  server.SCMBlockProtocolServer (SCMBlockProtocolServer.java:start(146)) - RPC server for Block Protocol is listening at /0.0.0.0:46459
2019-09-09 16:55:46,246 [IPC Server Responder] INFO  ipc.Server (Server.java:run(1314)) - IPC Server Responder: starting
2019-09-09 16:55:46,246 [IPC Server listener on 46459] INFO  ipc.Server (Server.java:run(1153)) - IPC Server listener on 46459: starting
2019-09-09 16:55:46,250 [main] INFO  server.StorageContainerManager (StorageContainerManager.java:start(777)) - ScmDatanodeProtocl RPC server is listening at /0.0.0.0:42273
2019-09-09 16:55:46,250 [main] INFO  server.SCMDatanodeProtocolServer (SCMDatanodeProtocolServer.java:start(191)) - RPC server for DataNodes is listening at /0.0.0.0:42273
2019-09-09 16:55:46,250 [IPC Server listener on 42273] INFO  ipc.Server (Server.java:run(1153)) - IPC Server listener on 42273: starting
2019-09-09 16:55:46,250 [IPC Server Responder] INFO  ipc.Server (Server.java:run(1314)) - IPC Server Responder: starting
2019-09-09 16:55:46,254 [main] INFO  http.HttpServer2 (HttpServer2.java:bindListener(1191)) - Jetty bound to port 34051
2019-09-09 16:55:46,255 [main] INFO  server.Server (Server.java:doStart(351)) - jetty-9.3.24.v20180605, build timestamp: 2018-06-05T17:11:56Z, git hash: 84205aa28f11a4f31f2a3b86d1bba2cc8ab69827
2019-09-09 16:55:46,256 [main] INFO  handler.ContextHandler (ContextHandler.java:doStart(781)) - Started o.e.j.s.ServletContextHandler@14de1901{/logs,file:///workdir/hadoop-ozone/integration-test/target/log,AVAILABLE}
2019-09-09 16:55:46,257 [main] INFO  handler.ContextHandler (ContextHandler.java:doStart(781)) - Started o.e.j.s.ServletContextHandler@11f23038{/static,file:///workdir/hadoop-ozone/integration-test/target/test-classes/webapps/static,AVAILABLE}
2019-09-09 16:55:46,261 [main] INFO  handler.ContextHandler (ContextHandler.java:doStart(781)) - Started o.e.j.w.WebAppContext@2801827a{/,file:///workdir/hadoop-ozone/integration-test/target/test-classes/webapps/scm/,AVAILABLE}{/scm}
2019-09-09 16:55:46,262 [main] INFO  server.AbstractConnector (AbstractConnector.java:doStart(278)) - Started ServerConnector@50bc3219{HTTP/1.1,[http/1.1]}{0.0.0.0:34051}
2019-09-09 16:55:46,264 [main] INFO  server.Server (Server.java:doStart(419)) - Started @594599ms
2019-09-09 16:55:46,264 [main] WARN  impl.MetricsSystemImpl (MetricsSystemImpl.java:register(276)) - Sink prometheus already exists!
2019-09-09 16:55:46,265 [main] INFO  server.BaseHttpServer (BaseHttpServer.java:updateConnectorAddress(215)) - HTTP server of SCM is listening at http://0.0.0.0:34051
2019-09-09 16:55:46,266 [main] WARN  server.ServerUtils (ServerUtils.java:getDBPath(222)) - ozone.om.db.dirs is not configured. We recommend adding this setting. Falling back to ozone.metadata.dirs instead.
2019-09-09 16:55:46,267 [org.apache.hadoop.util.JvmPauseMonitor$Monitor@22791b75] INFO  util.JvmPauseMonitor (JvmPauseMonitor.java:run(188)) - Starting JVM pause monitor
2019-09-09 16:55:46,289 [main] WARN  server.ServerUtils (ServerUtils.java:getDBPath(222)) - ozone.om.db.dirs is not configured. We recommend adding this setting. Falling back to ozone.metadata.dirs instead.
2019-09-09 16:55:46,290 [main] WARN  server.ServerUtils (ServerUtils.java:getDBPath(222)) - ozone.om.db.dirs is not configured. We recommend adding this setting. Falling back to ozone.metadata.dirs instead.
2019-09-09 16:55:46,290 [main] INFO  om.OzoneManager (OzoneManager.java:setOMNodeDetails(649)) - OM Service ID is not set. Setting it to the default ID: omServiceIdDefault
2019-09-09 16:55:46,290 [main] INFO  om.OzoneManager (OzoneManager.java:setOMNodeDetails(655)) - OM Node ID is not set. Setting it to the OmStorage's OmID: d2c13ed8-4782-48ae-9dbe-094af9cbc7fb
2019-09-09 16:55:46,290 [main] INFO  om.OzoneManager (OzoneManager.java:loadOMHAConfigs(606)) - Found matching OM address with OMServiceId: null, OMNodeId: null, RPC Address: localhost:0 and Ratis port: 9872
2019-09-09 16:55:46,297 [main] WARN  server.ServerUtils (ServerUtils.java:getDBPath(222)) - ozone.om.db.dirs is not configured. We recommend adding this setting. Falling back to ozone.metadata.dirs instead.
2019-09-09 16:55:46,297 [main] INFO  db.DBStoreBuilder (DBStoreBuilder.java:addTable(110)) - using custom profile for table: userTable
2019-09-09 16:55:46,297 [main] INFO  db.DBStoreBuilder (DBStoreBuilder.java:processTables(161)) - Using default column profile:DBProfile.DISK for Table:userTable
2019-09-09 16:55:46,297 [main] INFO  db.DBStoreBuilder (DBStoreBuilder.java:addTable(110)) - using custom profile for table: volumeTable
2019-09-09 16:55:46,297 [main] INFO  db.DBStoreBuilder (DBStoreBuilder.java:processTables(161)) - Using default column profile:DBProfile.DISK for Table:volumeTable
2019-09-09 16:55:46,298 [main] INFO  db.DBStoreBuilder (DBStoreBuilder.java:addTable(110)) - using custom profile for table: bucketTable
2019-09-09 16:55:46,298 [main] INFO  db.DBStoreBuilder (DBStoreBuilder.java:processTables(161)) - Using default column profile:DBProfile.DISK for Table:bucketTable
2019-09-09 16:55:46,298 [main] INFO  db.DBStoreBuilder (DBStoreBuilder.java:addTable(110)) - using custom profile for table: keyTable
2019-09-09 16:55:46,298 [main] INFO  db.DBStoreBuilder (DBStoreBuilder.java:processTables(161)) - Using default column profile:DBProfile.DISK for Table:keyTable
2019-09-09 16:55:46,298 [main] INFO  db.DBStoreBuilder (DBStoreBuilder.java:addTable(110)) - using custom profile for table: deletedTable
2019-09-09 16:55:46,298 [main] INFO  db.DBStoreBuilder (DBStoreBuilder.java:processTables(161)) - Using default column profile:DBProfile.DISK for Table:deletedTable
2019-09-09 16:55:46,299 [main] INFO  db.DBStoreBuilder (DBStoreBuilder.java:addTable(110)) - using custom profile for table: openKeyTable
2019-09-09 16:55:46,299 [main] INFO  db.DBStoreBuilder (DBStoreBuilder.java:processTables(161)) - Using default column profile:DBProfile.DISK for Table:openKeyTable
2019-09-09 16:55:46,299 [main] INFO  db.DBStoreBuilder (DBStoreBuilder.java:addTable(110)) - using custom profile for table: s3Table
2019-09-09 16:55:46,299 [main] INFO  db.DBStoreBuilder (DBStoreBuilder.java:processTables(161)) - Using default column profile:DBProfile.DISK for Table:s3Table
2019-09-09 16:55:46,299 [main] INFO  db.DBStoreBuilder (DBStoreBuilder.java:addTable(110)) - using custom profile for table: multipartInfoTable
2019-09-09 16:55:46,299 [main] INFO  db.DBStoreBuilder (DBStoreBuilder.java:processTables(161)) - Using default column profile:DBProfile.DISK for Table:multipartInfoTable
2019-09-09 16:55:46,300 [main] INFO  db.DBStoreBuilder (DBStoreBuilder.java:addTable(110)) - using custom profile for table: dTokenTable
2019-09-09 16:55:46,300 [main] INFO  db.DBStoreBuilder (DBStoreBuilder.java:processTables(161)) - Using default column profile:DBProfile.DISK for Table:dTokenTable
2019-09-09 16:55:46,300 [main] INFO  db.DBStoreBuilder (DBStoreBuilder.java:addTable(110)) - using custom profile for table: s3SecretTable
2019-09-09 16:55:46,300 [main] INFO  db.DBStoreBuilder (DBStoreBuilder.java:processTables(161)) - Using default column profile:DBProfile.DISK for Table:s3SecretTable
2019-09-09 16:55:46,300 [main] INFO  db.DBStoreBuilder (DBStoreBuilder.java:addTable(110)) - using custom profile for table: prefixTable
2019-09-09 16:55:46,300 [main] INFO  db.DBStoreBuilder (DBStoreBuilder.java:processTables(161)) - Using default column profile:DBProfile.DISK for Table:prefixTable
2019-09-09 16:55:46,301 [main] INFO  db.DBStoreBuilder (DBStoreBuilder.java:addTable(110)) - using custom profile for table: default
2019-09-09 16:55:46,301 [main] INFO  db.DBStoreBuilder (DBStoreBuilder.java:processTables(167)) - Using default column profile:DBProfile.DISK for Table:default
2019-09-09 16:55:46,301 [main] INFO  db.DBStoreBuilder (DBStoreBuilder.java:getDbProfile(198)) - Using default options. DBProfile.DISK
2019-09-09 16:55:46,990 [main] INFO  ipc.CallQueueManager (CallQueueManager.java:<init>(84)) - Using callQueue: class java.util.concurrent.LinkedBlockingQueue, queueCapacity: 2000, scheduler: class org.apache.hadoop.ipc.DefaultRpcScheduler, ipcBackoff: false.
2019-09-09 16:55:46,991 [Socket Reader #1 for port 35596] INFO  ipc.Server (Server.java:run(1074)) - Starting Socket Reader #1 for port 35596
2019-09-09 16:55:47,011 [main] INFO  om.OzoneManager (OzoneManager.java:start(1240)) - OzoneManager RPC server is listening at localhost/127.0.0.1:35596
2019-09-09 16:55:47,011 [main] INFO  impl.MetricsSystemImpl (MetricsSystemImpl.java:init(158)) - OzoneManager metrics system started (again)
2019-09-09 16:55:47,012 [IPC Server Responder] INFO  ipc.Server (Server.java:run(1314)) - IPC Server Responder: starting
2019-09-09 16:55:47,014 [IPC Server listener on 35596] INFO  ipc.Server (Server.java:run(1153)) - IPC Server listener on 35596: starting
2019-09-09 16:55:47,019 [main] INFO  hdfs.DFSUtil (DFSUtil.java:httpServerTemplateForNNAndJN(1641)) - Starting Web-server for ozoneManager at: http://0.0.0.0:0
2019-09-09 16:55:47,020 [main] INFO  server.AuthenticationFilter (AuthenticationFilter.java:constructSecretProvider(240)) - Unable to initialize FileSignerSecretProvider, falling back to use random secrets.
2019-09-09 16:55:47,021 [main] WARN  http.HttpRequestLog (HttpRequestLog.java:getRequestLog(97)) - Jetty request log can only be enabled using Log4j
2019-09-09 16:55:47,023 [main] INFO  http.HttpServer2 (HttpServer2.java:addGlobalFilter(975)) - Added global filter 'safety' (class=org.apache.hadoop.http.HttpServer2$QuotingInputFilter)
2019-09-09 16:55:47,023 [main] INFO  http.HttpServer2 (HttpServer2.java:addFilter(948)) - Added filter static_user_filter (class=org.apache.hadoop.http.lib.StaticUserWebFilter$StaticUserFilter) to context ozoneManager
2019-09-09 16:55:47,023 [main] INFO  http.HttpServer2 (HttpServer2.java:addFilter(958)) - Added filter static_user_filter (class=org.apache.hadoop.http.lib.StaticUserWebFilter$StaticUserFilter) to context logs
2019-09-09 16:55:47,024 [main] INFO  http.HttpServer2 (HttpServer2.java:addFilter(958)) - Added filter static_user_filter (class=org.apache.hadoop.http.lib.StaticUserWebFilter$StaticUserFilter) to context static
2019-09-09 16:55:47,024 [main] INFO  http.HttpServer2 (HttpServer2.java:bindListener(1191)) - Jetty bound to port 34890
2019-09-09 16:55:47,025 [main] INFO  server.Server (Server.java:doStart(351)) - jetty-9.3.24.v20180605, build timestamp: 2018-06-05T17:11:56Z, git hash: 84205aa28f11a4f31f2a3b86d1bba2cc8ab69827
2019-09-09 16:55:47,026 [main] INFO  handler.ContextHandler (ContextHandler.java:doStart(781)) - Started o.e.j.s.ServletContextHandler@4f3356c0{/logs,file:///workdir/hadoop-ozone/integration-test/target/log,AVAILABLE}
2019-09-09 16:55:47,027 [main] INFO  handler.ContextHandler (ContextHandler.java:doStart(781)) - Started o.e.j.s.ServletContextHandler@6c835217{/static,file:///workdir/hadoop-ozone/integration-test/target/test-classes/webapps/static,AVAILABLE}
2019-09-09 16:55:47,031 [main] INFO  handler.ContextHandler (ContextHandler.java:doStart(781)) - Started o.e.j.w.WebAppContext@3e14d390{/,file:///workdir/hadoop-ozone/integration-test/target/test-classes/webapps/ozoneManager/,AVAILABLE}{/ozoneManager}
2019-09-09 16:55:47,031 [main] INFO  server.AbstractConnector (AbstractConnector.java:doStart(278)) - Started ServerConnector@5eb87338{HTTP/1.1,[http/1.1]}{0.0.0.0:34890}
2019-09-09 16:55:47,033 [main] INFO  server.Server (Server.java:doStart(419)) - Started @595368ms
2019-09-09 16:55:47,033 [main] WARN  impl.MetricsSystemImpl (MetricsSystemImpl.java:register(276)) - Sink prometheus already exists!
2019-09-09 16:55:47,035 [main] INFO  server.BaseHttpServer (BaseHttpServer.java:updateConnectorAddress(215)) - HTTP server of OZONEMANAGER is listening at http://0.0.0.0:34890
2019-09-09 16:55:47,047 [main] INFO  impl.MetricsSystemImpl (MetricsSystemImpl.java:init(158)) - HddsDatanode metrics system started (again)
2019-09-09 16:55:47,050 [main] INFO  ozone.HddsDatanodeService (HddsDatanodeService.java:start(184)) - HddsDatanodeService host:pr-hdds-2075-2jgdb-1977554158 ip:192.168.69.125
2019-09-09 16:55:47,056 [main] INFO  volume.HddsVolume (HddsVolume.java:<init>(176)) - Creating Volume: /workdir/hadoop-ozone/integration-test/target/test-dir/MiniOzoneClusterImpl-159a55fc-c6c6-4d0b-a61c-0ed7c6373e46/datanode-0/data/containers/hdds of  storage type : DISK and capacity : 1482555576320
2019-09-09 16:55:47,056 [main] INFO  volume.VolumeSet (VolumeSet.java:initializeVolumeSet(170)) - Added Volume : /workdir/hadoop-ozone/integration-test/target/test-dir/MiniOzoneClusterImpl-159a55fc-c6c6-4d0b-a61c-0ed7c6373e46/datanode-0/data/containers/hdds to VolumeSet
2019-09-09 16:55:47,057 [main] INFO  volume.ThrottledAsyncChecker (ThrottledAsyncChecker.java:schedule(140)) - Scheduling a check for org.apache.hadoop.ozone.container.common.volume.HddsVolume@2726a511
2019-09-09 16:55:47,058 [main] INFO  volume.HddsVolumeChecker (HddsVolumeChecker.java:checkAllVolumes(203)) - Scheduled health check for volume org.apache.hadoop.ozone.container.common.volume.HddsVolume@2726a511
2019-09-09 16:55:47,069 [main] INFO  impl.RaftServerProxy (ConfUtils.java:logGet(43)) - raft.rpc.type = GRPC (default)
2019-09-09 16:55:47,070 [main] INFO  grpc.GrpcFactory (GrpcFactory.java:checkPooledByteBufAllocatorUseCacheForAllThreads(45)) - PERFORMANCE WARNING: useCacheForAllThreads is true that may cause Netty to create a lot garbage objects and, as a result, trigger GC.
	It is recommended to disable useCacheForAllThreads by setting -Dorg.apache.ratis.thirdparty.io.netty.allocator.useCacheForAllThreads=false in command line.
2019-09-09 16:55:47,070 [main] INFO  grpc.GrpcConfigKeys$Server (ConfUtils.java:logGet(43)) - raft.grpc.server.port = 0 (default)
2019-09-09 16:55:47,070 [main] INFO  server.GrpcService (ConfUtils.java:logGet(43)) - raft.grpc.message.size.max = 33570816 (custom)
2019-09-09 16:55:47,070 [main] INFO  server.RaftServerConfigKeys (ConfUtils.java:logGet(43)) - raft.server.log.appender.buffer.byte-limit = 33554432 (custom)
2019-09-09 16:55:47,070 [main] INFO  server.GrpcService (ConfUtils.java:logGet(43)) - raft.grpc.flow.control.window = 1MB (=1048576) (default)
2019-09-09 16:55:47,070 [main] INFO  server.RaftServerConfigKeys (ConfUtils.java:logGet(43)) - raft.server.rpc.request.timeout = 3000ms (default)
2019-09-09 16:55:47,071 [main] INFO  server.RaftServerConfigKeys (ConfUtils.java:logGet(43)) - raft.server.storage.dir = [/workdir/hadoop-ozone/integration-test/target/test-dir/MiniOzoneClusterImpl-159a55fc-c6c6-4d0b-a61c-0ed7c6373e46/datanode-0/data/ratis] (custom)
2019-09-09 16:55:47,072 [main] INFO  hdfs.DFSUtil (DFSUtil.java:httpServerTemplateForNNAndJN(1641)) - Starting Web-server for hddsDatanode at: http://0.0.0.0:0
2019-09-09 16:55:47,073 [main] INFO  server.AuthenticationFilter (AuthenticationFilter.java:constructSecretProvider(240)) - Unable to initialize FileSignerSecretProvider, falling back to use random secrets.
2019-09-09 16:55:47,074 [main] WARN  http.HttpRequestLog (HttpRequestLog.java:getRequestLog(97)) - Jetty request log can only be enabled using Log4j
2019-09-09 16:55:47,075 [main] INFO  http.HttpServer2 (HttpServer2.java:addGlobalFilter(975)) - Added global filter 'safety' (class=org.apache.hadoop.http.HttpServer2$QuotingInputFilter)
2019-09-09 16:55:47,075 [main] INFO  http.HttpServer2 (HttpServer2.java:addFilter(948)) - Added filter static_user_filter (class=org.apache.hadoop.http.lib.StaticUserWebFilter$StaticUserFilter) to context hddsDatanode
2019-09-09 16:55:47,075 [main] INFO  http.HttpServer2 (HttpServer2.java:addFilter(958)) - Added filter static_user_filter (class=org.apache.hadoop.http.lib.StaticUserWebFilter$StaticUserFilter) to context logs
2019-09-09 16:55:47,076 [main] INFO  http.HttpServer2 (HttpServer2.java:addFilter(958)) - Added filter static_user_filter (class=org.apache.hadoop.http.lib.StaticUserWebFilter$StaticUserFilter) to context static
2019-09-09 16:55:47,076 [main] INFO  http.HttpServer2 (HttpServer2.java:bindListener(1191)) - Jetty bound to port 33506
2019-09-09 16:55:47,076 [main] INFO  server.Server (Server.java:doStart(351)) - jetty-9.3.24.v20180605, build timestamp: 2018-06-05T17:11:56Z, git hash: 84205aa28f11a4f31f2a3b86d1bba2cc8ab69827
2019-09-09 16:55:47,078 [main] INFO  handler.ContextHandler (ContextHandler.java:doStart(781)) - Started o.e.j.s.ServletContextHandler@5dbab232{/logs,file:///workdir/hadoop-ozone/integration-test/target/log,AVAILABLE}
2019-09-09 16:55:47,078 [main] INFO  handler.ContextHandler (ContextHandler.java:doStart(781)) - Started o.e.j.s.ServletContextHandler@595f9916{/static,jar:file:/home/user/.m2/repository/org/apache/hadoop/hadoop-hdds-container-service/0.5.0-SNAPSHOT/hadoop-hdds-container-service-0.5.0-SNAPSHOT.jar!/webapps/static,AVAILABLE}
2019-09-09 16:55:47,107 [main] INFO  handler.ContextHandler (ContextHandler.java:doStart(781)) - Started o.e.j.w.WebAppContext@1eeb5818{/,file:///tmp/jetty-0.0.0.0-33506-hddsDatanode-_-any-474235756021531950.dir/webapp/,AVAILABLE}{/hddsDatanode}
2019-09-09 16:55:47,107 [main] INFO  server.AbstractConnector (AbstractConnector.java:doStart(278)) - Started ServerConnector@44dfdd58{HTTP/1.1,[http/1.1]}{0.0.0.0:33506}
2019-09-09 16:55:47,109 [main] INFO  server.Server (Server.java:doStart(419)) - Started @595445ms
2019-09-09 16:55:47,110 [main] WARN  impl.MetricsSystemImpl (MetricsSystemImpl.java:register(276)) - Sink prometheus already exists!
2019-09-09 16:55:47,111 [main] INFO  server.BaseHttpServer (BaseHttpServer.java:updateConnectorAddress(215)) - HTTP server of HDDSDATANODE is listening at http://0.0.0.0:33506
2019-09-09 16:55:47,111 [main] INFO  impl.MetricsSystemImpl (MetricsSystemImpl.java:init(158)) - HddsDatanode metrics system started (again)
2019-09-09 16:55:47,115 [org.apache.hadoop.util.JvmPauseMonitor$Monitor@cad24c1] INFO  util.JvmPauseMonitor (JvmPauseMonitor.java:run(188)) - Starting JVM pause monitor
2019-09-09 16:55:47,115 [main] INFO  ozone.HddsDatanodeService (HddsDatanodeService.java:start(184)) - HddsDatanodeService host:pr-hdds-2075-2jgdb-1977554158 ip:192.168.69.125
2019-09-09 16:55:47,117 [Datanode State Machine Thread - 0] INFO  datanode.InitDatanodeState (InitDatanodeState.java:persistContainerDatanodeDetails(140)) - DatanodeDetails is persisted to /workdir/hadoop-ozone/integration-test/target/test-dir/MiniOzoneClusterImpl-159a55fc-c6c6-4d0b-a61c-0ed7c6373e46/datanode-0/meta/datanode.id
2019-09-09 16:55:47,123 [main] INFO  volume.HddsVolume (HddsVolume.java:<init>(176)) - Creating Volume: /workdir/hadoop-ozone/integration-test/target/test-dir/MiniOzoneClusterImpl-159a55fc-c6c6-4d0b-a61c-0ed7c6373e46/datanode-1/data/containers/hdds of  storage type : DISK and capacity : 1482555576320
2019-09-09 16:55:47,123 [main] INFO  volume.VolumeSet (VolumeSet.java:initializeVolumeSet(170)) - Added Volume : /workdir/hadoop-ozone/integration-test/target/test-dir/MiniOzoneClusterImpl-159a55fc-c6c6-4d0b-a61c-0ed7c6373e46/datanode-1/data/containers/hdds to VolumeSet
2019-09-09 16:55:47,123 [main] INFO  volume.ThrottledAsyncChecker (ThrottledAsyncChecker.java:schedule(140)) - Scheduling a check for org.apache.hadoop.ozone.container.common.volume.HddsVolume@755b5f30
2019-09-09 16:55:47,124 [main] INFO  volume.HddsVolumeChecker (HddsVolumeChecker.java:checkAllVolumes(203)) - Scheduled health check for volume org.apache.hadoop.ozone.container.common.volume.HddsVolume@755b5f30
2019-09-09 16:55:47,140 [main] INFO  impl.RaftServerProxy (ConfUtils.java:logGet(43)) - raft.rpc.type = GRPC (default)
2019-09-09 16:55:47,141 [main] INFO  grpc.GrpcFactory (GrpcFactory.java:checkPooledByteBufAllocatorUseCacheForAllThreads(45)) - PERFORMANCE WARNING: useCacheForAllThreads is true that may cause Netty to create a lot garbage objects and, as a result, trigger GC.
	It is recommended to disable useCacheForAllThreads by setting -Dorg.apache.ratis.thirdparty.io.netty.allocator.useCacheForAllThreads=false in command line.
2019-09-09 16:55:47,141 [main] INFO  grpc.GrpcConfigKeys$Server (ConfUtils.java:logGet(43)) - raft.grpc.server.port = 0 (default)
2019-09-09 16:55:47,141 [main] INFO  server.GrpcService (ConfUtils.java:logGet(43)) - raft.grpc.message.size.max = 33570816 (custom)
2019-09-09 16:55:47,141 [main] INFO  server.RaftServerConfigKeys (ConfUtils.java:logGet(43)) - raft.server.log.appender.buffer.byte-limit = 33554432 (custom)
2019-09-09 16:55:47,142 [main] INFO  server.GrpcService (ConfUtils.java:logGet(43)) - raft.grpc.flow.control.window = 1MB (=1048576) (default)
2019-09-09 16:55:47,142 [main] INFO  server.RaftServerConfigKeys (ConfUtils.java:logGet(43)) - raft.server.rpc.request.timeout = 3000ms (default)
2019-09-09 16:55:47,143 [main] INFO  server.RaftServerConfigKeys (ConfUtils.java:logGet(43)) - raft.server.storage.dir = [/workdir/hadoop-ozone/integration-test/target/test-dir/MiniOzoneClusterImpl-159a55fc-c6c6-4d0b-a61c-0ed7c6373e46/datanode-1/data/ratis] (custom)
2019-09-09 16:55:47,144 [main] INFO  hdfs.DFSUtil (DFSUtil.java:httpServerTemplateForNNAndJN(1641)) - Starting Web-server for hddsDatanode at: http://0.0.0.0:0
2019-09-09 16:55:47,146 [main] INFO  server.AuthenticationFilter (AuthenticationFilter.java:constructSecretProvider(240)) - Unable to initialize FileSignerSecretProvider, falling back to use random secrets.
2019-09-09 16:55:47,147 [main] WARN  http.HttpRequestLog (HttpRequestLog.java:getRequestLog(97)) - Jetty request log can only be enabled using Log4j
2019-09-09 16:55:47,149 [main] INFO  http.HttpServer2 (HttpServer2.java:addGlobalFilter(975)) - Added global filter 'safety' (class=org.apache.hadoop.http.HttpServer2$QuotingInputFilter)
2019-09-09 16:55:47,149 [main] INFO  http.HttpServer2 (HttpServer2.java:addFilter(948)) - Added filter static_user_filter (class=org.apache.hadoop.http.lib.StaticUserWebFilter$StaticUserFilter) to context hddsDatanode
2019-09-09 16:55:47,149 [main] INFO  http.HttpServer2 (HttpServer2.java:addFilter(958)) - Added filter static_user_filter (class=org.apache.hadoop.http.lib.StaticUserWebFilter$StaticUserFilter) to context static
2019-09-09 16:55:47,149 [main] INFO  http.HttpServer2 (HttpServer2.java:addFilter(958)) - Added filter static_user_filter (class=org.apache.hadoop.http.lib.StaticUserWebFilter$StaticUserFilter) to context logs
2019-09-09 16:55:47,150 [main] INFO  http.HttpServer2 (HttpServer2.java:bindListener(1191)) - Jetty bound to port 45061
2019-09-09 16:55:47,150 [main] INFO  server.Server (Server.java:doStart(351)) - jetty-9.3.24.v20180605, build timestamp: 2018-06-05T17:11:56Z, git hash: 84205aa28f11a4f31f2a3b86d1bba2cc8ab69827
2019-09-09 16:55:47,153 [main] INFO  handler.ContextHandler (ContextHandler.java:doStart(781)) - Started o.e.j.s.ServletContextHandler@430df350{/logs,file:///workdir/hadoop-ozone/integration-test/target/log,AVAILABLE}
2019-09-09 16:55:47,156 [main] INFO  handler.ContextHandler (ContextHandler.java:doStart(781)) - Started o.e.j.s.ServletContextHandler@175c5c3a{/static,jar:file:/home/user/.m2/repository/org/apache/hadoop/hadoop-hdds-container-service/0.5.0-SNAPSHOT/hadoop-hdds-container-service-0.5.0-SNAPSHOT.jar!/webapps/static,AVAILABLE}
2019-09-09 16:55:47,183 [main] INFO  handler.ContextHandler (ContextHandler.java:doStart(781)) - Started o.e.j.w.WebAppContext@5333f08f{/,file:///tmp/jetty-0.0.0.0-45061-hddsDatanode-_-any-8978802665363452944.dir/webapp/,AVAILABLE}{/hddsDatanode}
2019-09-09 16:55:47,184 [main] INFO  server.AbstractConnector (AbstractConnector.java:doStart(278)) - Started ServerConnector@27898e13{HTTP/1.1,[http/1.1]}{0.0.0.0:45061}
2019-09-09 16:55:47,186 [main] INFO  server.Server (Server.java:doStart(419)) - Started @595521ms
2019-09-09 16:55:47,186 [main] WARN  impl.MetricsSystemImpl (MetricsSystemImpl.java:register(276)) - Sink prometheus already exists!
2019-09-09 16:55:47,187 [main] INFO  server.BaseHttpServer (BaseHttpServer.java:updateConnectorAddress(215)) - HTTP server of HDDSDATANODE is listening at http://0.0.0.0:45061
2019-09-09 16:55:47,187 [main] INFO  impl.MetricsSystemImpl (MetricsSystemImpl.java:init(158)) - HddsDatanode metrics system started (again)
2019-09-09 16:55:47,191 [org.apache.hadoop.util.JvmPauseMonitor$Monitor@200b895a] INFO  util.JvmPauseMonitor (JvmPauseMonitor.java:run(188)) - Starting JVM pause monitor
2019-09-09 16:55:47,191 [main] INFO  ozone.HddsDatanodeService (HddsDatanodeService.java:start(184)) - HddsDatanodeService host:pr-hdds-2075-2jgdb-1977554158 ip:192.168.69.125
2019-09-09 16:55:47,192 [Datanode State Machine Thread - 0] INFO  datanode.InitDatanodeState (InitDatanodeState.java:persistContainerDatanodeDetails(140)) - DatanodeDetails is persisted to /workdir/hadoop-ozone/integration-test/target/test-dir/MiniOzoneClusterImpl-159a55fc-c6c6-4d0b-a61c-0ed7c6373e46/datanode-1/meta/datanode.id
2019-09-09 16:55:47,196 [main] INFO  volume.HddsVolume (HddsVolume.java:<init>(176)) - Creating Volume: /workdir/hadoop-ozone/integration-test/target/test-dir/MiniOzoneClusterImpl-159a55fc-c6c6-4d0b-a61c-0ed7c6373e46/datanode-2/data/containers/hdds of  storage type : DISK and capacity : 1482555576320
2019-09-09 16:55:47,197 [main] INFO  volume.VolumeSet (VolumeSet.java:initializeVolumeSet(170)) - Added Volume : /workdir/hadoop-ozone/integration-test/target/test-dir/MiniOzoneClusterImpl-159a55fc-c6c6-4d0b-a61c-0ed7c6373e46/datanode-2/data/containers/hdds to VolumeSet
2019-09-09 16:55:47,197 [main] INFO  volume.ThrottledAsyncChecker (ThrottledAsyncChecker.java:schedule(140)) - Scheduling a check for org.apache.hadoop.ozone.container.common.volume.HddsVolume@75bd28d
2019-09-09 16:55:47,197 [main] INFO  volume.HddsVolumeChecker (HddsVolumeChecker.java:checkAllVolumes(203)) - Scheduled health check for volume org.apache.hadoop.ozone.container.common.volume.HddsVolume@75bd28d
2019-09-09 16:55:47,209 [main] INFO  impl.RaftServerProxy (ConfUtils.java:logGet(43)) - raft.rpc.type = GRPC (default)
2019-09-09 16:55:47,209 [main] INFO  grpc.GrpcFactory (GrpcFactory.java:checkPooledByteBufAllocatorUseCacheForAllThreads(45)) - PERFORMANCE WARNING: useCacheForAllThreads is true that may cause Netty to create a lot garbage objects and, as a result, trigger GC.
	It is recommended to disable useCacheForAllThreads by setting -Dorg.apache.ratis.thirdparty.io.netty.allocator.useCacheForAllThreads=false in command line.
2019-09-09 16:55:47,209 [main] INFO  grpc.GrpcConfigKeys$Server (ConfUtils.java:logGet(43)) - raft.grpc.server.port = 0 (default)
2019-09-09 16:55:47,210 [main] INFO  server.GrpcService (ConfUtils.java:logGet(43)) - raft.grpc.message.size.max = 33570816 (custom)
2019-09-09 16:55:47,210 [main] INFO  server.RaftServerConfigKeys (ConfUtils.java:logGet(43)) - raft.server.log.appender.buffer.byte-limit = 33554432 (custom)
2019-09-09 16:55:47,210 [main] INFO  server.GrpcService (ConfUtils.java:logGet(43)) - raft.grpc.flow.control.window = 1MB (=1048576) (default)
2019-09-09 16:55:47,210 [main] INFO  server.RaftServerConfigKeys (ConfUtils.java:logGet(43)) - raft.server.rpc.request.timeout = 3000ms (default)
2019-09-09 16:55:47,210 [main] INFO  server.RaftServerConfigKeys (ConfUtils.java:logGet(43)) - raft.server.storage.dir = [/workdir/hadoop-ozone/integration-test/target/test-dir/MiniOzoneClusterImpl-159a55fc-c6c6-4d0b-a61c-0ed7c6373e46/datanode-2/data/ratis] (custom)
2019-09-09 16:55:47,212 [main] INFO  hdfs.DFSUtil (DFSUtil.java:httpServerTemplateForNNAndJN(1641)) - Starting Web-server for hddsDatanode at: http://0.0.0.0:0
2019-09-09 16:55:47,213 [main] INFO  server.AuthenticationFilter (AuthenticationFilter.java:constructSecretProvider(240)) - Unable to initialize FileSignerSecretProvider, falling back to use random secrets.
2019-09-09 16:55:47,213 [main] WARN  http.HttpRequestLog (HttpRequestLog.java:getRequestLog(97)) - Jetty request log can only be enabled using Log4j
2019-09-09 16:55:47,214 [main] INFO  http.HttpServer2 (HttpServer2.java:addGlobalFilter(975)) - Added global filter 'safety' (class=org.apache.hadoop.http.HttpServer2$QuotingInputFilter)
2019-09-09 16:55:47,215 [main] INFO  http.HttpServer2 (HttpServer2.java:addFilter(948)) - Added filter static_user_filter (class=org.apache.hadoop.http.lib.StaticUserWebFilter$StaticUserFilter) to context hddsDatanode
2019-09-09 16:55:47,215 [main] INFO  http.HttpServer2 (HttpServer2.java:addFilter(958)) - Added filter static_user_filter (class=org.apache.hadoop.http.lib.StaticUserWebFilter$StaticUserFilter) to context logs
2019-09-09 16:55:47,215 [main] INFO  http.HttpServer2 (HttpServer2.java:addFilter(958)) - Added filter static_user_filter (class=org.apache.hadoop.http.lib.StaticUserWebFilter$StaticUserFilter) to context static
2019-09-09 16:55:47,216 [main] INFO  http.HttpServer2 (HttpServer2.java:bindListener(1191)) - Jetty bound to port 38708
2019-09-09 16:55:47,216 [main] INFO  server.Server (Server.java:doStart(351)) - jetty-9.3.24.v20180605, build timestamp: 2018-06-05T17:11:56Z, git hash: 84205aa28f11a4f31f2a3b86d1bba2cc8ab69827
2019-09-09 16:55:47,217 [main] INFO  handler.ContextHandler (ContextHandler.java:doStart(781)) - Started o.e.j.s.ServletContextHandler@3e53c4ad{/logs,file:///workdir/hadoop-ozone/integration-test/target/log,AVAILABLE}
2019-09-09 16:55:47,218 [main] INFO  handler.ContextHandler (ContextHandler.java:doStart(781)) - Started o.e.j.s.ServletContextHandler@224d86d2{/static,jar:file:/home/user/.m2/repository/org/apache/hadoop/hadoop-hdds-container-service/0.5.0-SNAPSHOT/hadoop-hdds-container-service-0.5.0-SNAPSHOT.jar!/webapps/static,AVAILABLE}
2019-09-09 16:55:47,245 [main] INFO  handler.ContextHandler (ContextHandler.java:doStart(781)) - Started o.e.j.w.WebAppContext@37e7c4cc{/,file:///tmp/jetty-0.0.0.0-38708-hddsDatanode-_-any-5537074431253137074.dir/webapp/,AVAILABLE}{/hddsDatanode}
2019-09-09 16:55:47,245 [main] INFO  server.AbstractConnector (AbstractConnector.java:doStart(278)) - Started ServerConnector@3a40bb52{HTTP/1.1,[http/1.1]}{0.0.0.0:38708}
2019-09-09 16:55:47,245 [main] INFO  server.Server (Server.java:doStart(419)) - Started @595581ms
2019-09-09 16:55:47,247 [main] WARN  impl.MetricsSystemImpl (MetricsSystemImpl.java:register(276)) - Sink prometheus already exists!
2019-09-09 16:55:47,248 [main] INFO  server.BaseHttpServer (BaseHttpServer.java:updateConnectorAddress(215)) - HTTP server of HDDSDATANODE is listening at http://0.0.0.0:38708
2019-09-09 16:55:47,248 [main] INFO  impl.MetricsSystemImpl (MetricsSystemImpl.java:init(158)) - HddsDatanode metrics system started (again)
2019-09-09 16:55:47,252 [org.apache.hadoop.util.JvmPauseMonitor$Monitor@46c9bebf] INFO  util.JvmPauseMonitor (JvmPauseMonitor.java:run(188)) - Starting JVM pause monitor
2019-09-09 16:55:47,252 [main] INFO  ozone.HddsDatanodeService (HddsDatanodeService.java:start(184)) - HddsDatanodeService host:pr-hdds-2075-2jgdb-1977554158 ip:192.168.69.125
2019-09-09 16:55:47,253 [Datanode State Machine Thread - 0] INFO  datanode.InitDatanodeState (InitDatanodeState.java:persistContainerDatanodeDetails(140)) - DatanodeDetails is persisted to /workdir/hadoop-ozone/integration-test/target/test-dir/MiniOzoneClusterImpl-159a55fc-c6c6-4d0b-a61c-0ed7c6373e46/datanode-2/meta/datanode.id
2019-09-09 16:55:47,258 [main] INFO  volume.HddsVolume (HddsVolume.java:<init>(176)) - Creating Volume: /workdir/hadoop-ozone/integration-test/target/test-dir/MiniOzoneClusterImpl-159a55fc-c6c6-4d0b-a61c-0ed7c6373e46/datanode-3/data/containers/hdds of  storage type : DISK and capacity : 1482555576320
2019-09-09 16:55:47,258 [main] INFO  volume.VolumeSet (VolumeSet.java:initializeVolumeSet(170)) - Added Volume : /workdir/hadoop-ozone/integration-test/target/test-dir/MiniOzoneClusterImpl-159a55fc-c6c6-4d0b-a61c-0ed7c6373e46/datanode-3/data/containers/hdds to VolumeSet
2019-09-09 16:55:47,259 [main] INFO  volume.ThrottledAsyncChecker (ThrottledAsyncChecker.java:schedule(140)) - Scheduling a check for org.apache.hadoop.ozone.container.common.volume.HddsVolume@39652a30
2019-09-09 16:55:47,259 [main] INFO  volume.HddsVolumeChecker (HddsVolumeChecker.java:checkAllVolumes(203)) - Scheduled health check for volume org.apache.hadoop.ozone.container.common.volume.HddsVolume@39652a30
2019-09-09 16:55:47,270 [main] INFO  impl.RaftServerProxy (ConfUtils.java:logGet(43)) - raft.rpc.type = GRPC (default)
2019-09-09 16:55:47,270 [main] INFO  grpc.GrpcFactory (GrpcFactory.java:checkPooledByteBufAllocatorUseCacheForAllThreads(45)) - PERFORMANCE WARNING: useCacheForAllThreads is true that may cause Netty to create a lot garbage objects and, as a result, trigger GC.
	It is recommended to disable useCacheForAllThreads by setting -Dorg.apache.ratis.thirdparty.io.netty.allocator.useCacheForAllThreads=false in command line.
2019-09-09 16:55:47,271 [main] INFO  grpc.GrpcConfigKeys$Server (ConfUtils.java:logGet(43)) - raft.grpc.server.port = 0 (default)
2019-09-09 16:55:47,271 [main] INFO  server.GrpcService (ConfUtils.java:logGet(43)) - raft.grpc.message.size.max = 33570816 (custom)
2019-09-09 16:55:47,271 [main] INFO  server.RaftServerConfigKeys (ConfUtils.java:logGet(43)) - raft.server.log.appender.buffer.byte-limit = 33554432 (custom)
2019-09-09 16:55:47,271 [main] INFO  server.GrpcService (ConfUtils.java:logGet(43)) - raft.grpc.flow.control.window = 1MB (=1048576) (default)
2019-09-09 16:55:47,271 [main] INFO  server.RaftServerConfigKeys (ConfUtils.java:logGet(43)) - raft.server.rpc.request.timeout = 3000ms (default)
2019-09-09 16:55:47,272 [main] INFO  server.RaftServerConfigKeys (ConfUtils.java:logGet(43)) - raft.server.storage.dir = [/workdir/hadoop-ozone/integration-test/target/test-dir/MiniOzoneClusterImpl-159a55fc-c6c6-4d0b-a61c-0ed7c6373e46/datanode-3/data/ratis] (custom)
2019-09-09 16:55:47,273 [main] INFO  hdfs.DFSUtil (DFSUtil.java:httpServerTemplateForNNAndJN(1641)) - Starting Web-server for hddsDatanode at: http://0.0.0.0:0
2019-09-09 16:55:47,274 [main] INFO  server.AuthenticationFilter (AuthenticationFilter.java:constructSecretProvider(240)) - Unable to initialize FileSignerSecretProvider, falling back to use random secrets.
2019-09-09 16:55:47,275 [main] WARN  http.HttpRequestLog (HttpRequestLog.java:getRequestLog(97)) - Jetty request log can only be enabled using Log4j
2019-09-09 16:55:47,276 [main] INFO  http.HttpServer2 (HttpServer2.java:addGlobalFilter(975)) - Added global filter 'safety' (class=org.apache.hadoop.http.HttpServer2$QuotingInputFilter)
2019-09-09 16:55:47,276 [main] INFO  http.HttpServer2 (HttpServer2.java:addFilter(948)) - Added filter static_user_filter (class=org.apache.hadoop.http.lib.StaticUserWebFilter$StaticUserFilter) to context hddsDatanode
2019-09-09 16:55:47,277 [main] INFO  http.HttpServer2 (HttpServer2.java:addFilter(958)) - Added filter static_user_filter (class=org.apache.hadoop.http.lib.StaticUserWebFilter$StaticUserFilter) to context logs
2019-09-09 16:55:47,277 [main] INFO  http.HttpServer2 (HttpServer2.java:addFilter(958)) - Added filter static_user_filter (class=org.apache.hadoop.http.lib.StaticUserWebFilter$StaticUserFilter) to context static
2019-09-09 16:55:47,277 [main] INFO  http.HttpServer2 (HttpServer2.java:bindListener(1191)) - Jetty bound to port 35875
2019-09-09 16:55:47,277 [main] INFO  server.Server (Server.java:doStart(351)) - jetty-9.3.24.v20180605, build timestamp: 2018-06-05T17:11:56Z, git hash: 84205aa28f11a4f31f2a3b86d1bba2cc8ab69827
2019-09-09 16:55:47,279 [main] INFO  handler.ContextHandler (ContextHandler.java:doStart(781)) - Started o.e.j.s.ServletContextHandler@454bcbbf{/logs,file:///workdir/hadoop-ozone/integration-test/target/log,AVAILABLE}
2019-09-09 16:55:47,279 [main] INFO  handler.ContextHandler (ContextHandler.java:doStart(781)) - Started o.e.j.s.ServletContextHandler@27e199ce{/static,jar:file:/home/user/.m2/repository/org/apache/hadoop/hadoop-hdds-container-service/0.5.0-SNAPSHOT/hadoop-hdds-container-service-0.5.0-SNAPSHOT.jar!/webapps/static,AVAILABLE}
2019-09-09 16:55:47,307 [main] INFO  handler.ContextHandler (ContextHandler.java:doStart(781)) - Started o.e.j.w.WebAppContext@336f49a1{/,file:///tmp/jetty-0.0.0.0-35875-hddsDatanode-_-any-4591558326276706073.dir/webapp/,AVAILABLE}{/hddsDatanode}
2019-09-09 16:55:47,308 [main] INFO  server.AbstractConnector (AbstractConnector.java:doStart(278)) - Started ServerConnector@2c8b8de0{HTTP/1.1,[http/1.1]}{0.0.0.0:35875}
2019-09-09 16:55:47,309 [main] INFO  server.Server (Server.java:doStart(419)) - Started @595644ms
2019-09-09 16:55:47,310 [main] WARN  impl.MetricsSystemImpl (MetricsSystemImpl.java:register(276)) - Sink prometheus already exists!
2019-09-09 16:55:47,311 [main] INFO  server.BaseHttpServer (BaseHttpServer.java:updateConnectorAddress(215)) - HTTP server of HDDSDATANODE is listening at http://0.0.0.0:35875
2019-09-09 16:55:47,312 [main] INFO  impl.MetricsSystemImpl (MetricsSystemImpl.java:init(158)) - HddsDatanode metrics system started (again)
2019-09-09 16:55:47,315 [org.apache.hadoop.util.JvmPauseMonitor$Monitor@3f06be1c] INFO  util.JvmPauseMonitor (JvmPauseMonitor.java:run(188)) - Starting JVM pause monitor
2019-09-09 16:55:47,316 [Datanode State Machine Thread - 0] INFO  datanode.InitDatanodeState (InitDatanodeState.java:persistContainerDatanodeDetails(140)) - DatanodeDetails is persisted to /workdir/hadoop-ozone/integration-test/target/test-dir/MiniOzoneClusterImpl-159a55fc-c6c6-4d0b-a61c-0ed7c6373e46/datanode-3/meta/datanode.id
2019-09-09 16:55:47,317 [main] INFO  ozone.HddsDatanodeService (HddsDatanodeService.java:start(184)) - HddsDatanodeService host:pr-hdds-2075-2jgdb-1977554158 ip:192.168.69.125
2019-09-09 16:55:47,322 [main] INFO  volume.HddsVolume (HddsVolume.java:<init>(176)) - Creating Volume: /workdir/hadoop-ozone/integration-test/target/test-dir/MiniOzoneClusterImpl-159a55fc-c6c6-4d0b-a61c-0ed7c6373e46/datanode-4/data/containers/hdds of  storage type : DISK and capacity : 1482555576320
2019-09-09 16:55:47,322 [main] INFO  volume.VolumeSet (VolumeSet.java:initializeVolumeSet(170)) - Added Volume : /workdir/hadoop-ozone/integration-test/target/test-dir/MiniOzoneClusterImpl-159a55fc-c6c6-4d0b-a61c-0ed7c6373e46/datanode-4/data/containers/hdds to VolumeSet
2019-09-09 16:55:47,322 [main] INFO  volume.ThrottledAsyncChecker (ThrottledAsyncChecker.java:schedule(140)) - Scheduling a check for org.apache.hadoop.ozone.container.common.volume.HddsVolume@7d484fcd
2019-09-09 16:55:47,323 [main] INFO  volume.HddsVolumeChecker (HddsVolumeChecker.java:checkAllVolumes(203)) - Scheduled health check for volume org.apache.hadoop.ozone.container.common.volume.HddsVolume@7d484fcd
2019-09-09 16:55:47,335 [main] INFO  impl.RaftServerProxy (ConfUtils.java:logGet(43)) - raft.rpc.type = GRPC (default)
2019-09-09 16:55:47,336 [main] INFO  grpc.GrpcFactory (GrpcFactory.java:checkPooledByteBufAllocatorUseCacheForAllThreads(45)) - PERFORMANCE WARNING: useCacheForAllThreads is true that may cause Netty to create a lot garbage objects and, as a result, trigger GC.
	It is recommended to disable useCacheForAllThreads by setting -Dorg.apache.ratis.thirdparty.io.netty.allocator.useCacheForAllThreads=false in command line.
2019-09-09 16:55:47,336 [main] INFO  grpc.GrpcConfigKeys$Server (ConfUtils.java:logGet(43)) - raft.grpc.server.port = 0 (default)
2019-09-09 16:55:47,336 [main] INFO  server.GrpcService (ConfUtils.java:logGet(43)) - raft.grpc.message.size.max = 33570816 (custom)
2019-09-09 16:55:47,336 [main] INFO  server.RaftServerConfigKeys (ConfUtils.java:logGet(43)) - raft.server.log.appender.buffer.byte-limit = 33554432 (custom)
2019-09-09 16:55:47,336 [main] INFO  server.GrpcService (ConfUtils.java:logGet(43)) - raft.grpc.flow.control.window = 1MB (=1048576) (default)
2019-09-09 16:55:47,337 [main] INFO  server.RaftServerConfigKeys (ConfUtils.java:logGet(43)) - raft.server.rpc.request.timeout = 3000ms (default)
2019-09-09 16:55:47,337 [main] INFO  server.RaftServerConfigKeys (ConfUtils.java:logGet(43)) - raft.server.storage.dir = [/workdir/hadoop-ozone/integration-test/target/test-dir/MiniOzoneClusterImpl-159a55fc-c6c6-4d0b-a61c-0ed7c6373e46/datanode-4/data/ratis] (custom)
2019-09-09 16:55:47,338 [main] INFO  hdfs.DFSUtil (DFSUtil.java:httpServerTemplateForNNAndJN(1641)) - Starting Web-server for hddsDatanode at: http://0.0.0.0:0
2019-09-09 16:55:47,339 [main] INFO  server.AuthenticationFilter (AuthenticationFilter.java:constructSecretProvider(240)) - Unable to initialize FileSignerSecretProvider, falling back to use random secrets.
2019-09-09 16:55:47,340 [main] WARN  http.HttpRequestLog (HttpRequestLog.java:getRequestLog(97)) - Jetty request log can only be enabled using Log4j
2019-09-09 16:55:47,341 [main] INFO  http.HttpServer2 (HttpServer2.java:addGlobalFilter(975)) - Added global filter 'safety' (class=org.apache.hadoop.http.HttpServer2$QuotingInputFilter)
2019-09-09 16:55:47,341 [main] INFO  http.HttpServer2 (HttpServer2.java:addFilter(948)) - Added filter static_user_filter (class=org.apache.hadoop.http.lib.StaticUserWebFilter$StaticUserFilter) to context hddsDatanode
2019-09-09 16:55:47,342 [main] INFO  http.HttpServer2 (HttpServer2.java:addFilter(958)) - Added filter static_user_filter (class=org.apache.hadoop.http.lib.StaticUserWebFilter$StaticUserFilter) to context logs
2019-09-09 16:55:47,342 [main] INFO  http.HttpServer2 (HttpServer2.java:addFilter(958)) - Added filter static_user_filter (class=org.apache.hadoop.http.lib.StaticUserWebFilter$StaticUserFilter) to context static
2019-09-09 16:55:47,342 [main] INFO  http.HttpServer2 (HttpServer2.java:bindListener(1191)) - Jetty bound to port 44648
2019-09-09 16:55:47,342 [main] INFO  server.Server (Server.java:doStart(351)) - jetty-9.3.24.v20180605, build timestamp: 2018-06-05T17:11:56Z, git hash: 84205aa28f11a4f31f2a3b86d1bba2cc8ab69827
2019-09-09 16:55:47,344 [main] INFO  handler.ContextHandler (ContextHandler.java:doStart(781)) - Started o.e.j.s.ServletContextHandler@4f3c7808{/logs,file:///workdir/hadoop-ozone/integration-test/target/log,AVAILABLE}
2019-09-09 16:55:47,344 [main] INFO  handler.ContextHandler (ContextHandler.java:doStart(781)) - Started o.e.j.s.ServletContextHandler@11c581a0{/static,jar:file:/home/user/.m2/repository/org/apache/hadoop/hadoop-hdds-container-service/0.5.0-SNAPSHOT/hadoop-hdds-container-service-0.5.0-SNAPSHOT.jar!/webapps/static,AVAILABLE}
2019-09-09 16:55:47,371 [main] INFO  handler.ContextHandler (ContextHandler.java:doStart(781)) - Started o.e.j.w.WebAppContext@463045fb{/,file:///tmp/jetty-0.0.0.0-44648-hddsDatanode-_-any-144804313899827529.dir/webapp/,AVAILABLE}{/hddsDatanode}
2019-09-09 16:55:47,372 [main] INFO  server.AbstractConnector (AbstractConnector.java:doStart(278)) - Started ServerConnector@27ab206{HTTP/1.1,[http/1.1]}{0.0.0.0:44648}
2019-09-09 16:55:47,373 [main] INFO  server.Server (Server.java:doStart(419)) - Started @595708ms
2019-09-09 16:55:47,373 [main] WARN  impl.MetricsSystemImpl (MetricsSystemImpl.java:register(276)) - Sink prometheus already exists!
2019-09-09 16:55:47,374 [main] INFO  server.BaseHttpServer (BaseHttpServer.java:updateConnectorAddress(215)) - HTTP server of HDDSDATANODE is listening at http://0.0.0.0:44648
2019-09-09 16:55:47,374 [main] INFO  impl.MetricsSystemImpl (MetricsSystemImpl.java:init(158)) - HddsDatanode metrics system started (again)
2019-09-09 16:55:47,378 [org.apache.hadoop.util.JvmPauseMonitor$Monitor@6e7b0d2e] INFO  util.JvmPauseMonitor (JvmPauseMonitor.java:run(188)) - Starting JVM pause monitor
2019-09-09 16:55:47,379 [main] INFO  ozone.HddsDatanodeService (HddsDatanodeService.java:start(184)) - HddsDatanodeService host:pr-hdds-2075-2jgdb-1977554158 ip:192.168.69.125
2019-09-09 16:55:47,380 [Datanode State Machine Thread - 0] INFO  datanode.InitDatanodeState (InitDatanodeState.java:persistContainerDatanodeDetails(140)) - DatanodeDetails is persisted to /workdir/hadoop-ozone/integration-test/target/test-dir/MiniOzoneClusterImpl-159a55fc-c6c6-4d0b-a61c-0ed7c6373e46/datanode-4/meta/datanode.id
2019-09-09 16:55:47,385 [main] INFO  volume.HddsVolume (HddsVolume.java:<init>(176)) - Creating Volume: /workdir/hadoop-ozone/integration-test/target/test-dir/MiniOzoneClusterImpl-159a55fc-c6c6-4d0b-a61c-0ed7c6373e46/datanode-5/data/containers/hdds of  storage type : DISK and capacity : 1482555576320
2019-09-09 16:55:47,385 [main] INFO  volume.VolumeSet (VolumeSet.java:initializeVolumeSet(170)) - Added Volume : /workdir/hadoop-ozone/integration-test/target/test-dir/MiniOzoneClusterImpl-159a55fc-c6c6-4d0b-a61c-0ed7c6373e46/datanode-5/data/containers/hdds to VolumeSet
2019-09-09 16:55:47,385 [main] INFO  volume.ThrottledAsyncChecker (ThrottledAsyncChecker.java:schedule(140)) - Scheduling a check for org.apache.hadoop.ozone.container.common.volume.HddsVolume@1bee0085
2019-09-09 16:55:47,385 [main] INFO  volume.HddsVolumeChecker (HddsVolumeChecker.java:checkAllVolumes(203)) - Scheduled health check for volume org.apache.hadoop.ozone.container.common.volume.HddsVolume@1bee0085
2019-09-09 16:55:47,399 [main] INFO  impl.RaftServerProxy (ConfUtils.java:logGet(43)) - raft.rpc.type = GRPC (default)
2019-09-09 16:55:47,399 [main] INFO  grpc.GrpcFactory (GrpcFactory.java:checkPooledByteBufAllocatorUseCacheForAllThreads(45)) - PERFORMANCE WARNING: useCacheForAllThreads is true that may cause Netty to create a lot garbage objects and, as a result, trigger GC.
	It is recommended to disable useCacheForAllThreads by setting -Dorg.apache.ratis.thirdparty.io.netty.allocator.useCacheForAllThreads=false in command line.
2019-09-09 16:55:47,399 [main] INFO  grpc.GrpcConfigKeys$Server (ConfUtils.java:logGet(43)) - raft.grpc.server.port = 0 (default)
2019-09-09 16:55:47,399 [main] INFO  server.GrpcService (ConfUtils.java:logGet(43)) - raft.grpc.message.size.max = 33570816 (custom)
2019-09-09 16:55:47,400 [main] INFO  server.RaftServerConfigKeys (ConfUtils.java:logGet(43)) - raft.server.log.appender.buffer.byte-limit = 33554432 (custom)
2019-09-09 16:55:47,400 [main] INFO  server.GrpcService (ConfUtils.java:logGet(43)) - raft.grpc.flow.control.window = 1MB (=1048576) (default)
2019-09-09 16:55:47,400 [main] INFO  server.RaftServerConfigKeys (ConfUtils.java:logGet(43)) - raft.server.rpc.request.timeout = 3000ms (default)
2019-09-09 16:55:47,400 [main] INFO  server.RaftServerConfigKeys (ConfUtils.java:logGet(43)) - raft.server.storage.dir = [/workdir/hadoop-ozone/integration-test/target/test-dir/MiniOzoneClusterImpl-159a55fc-c6c6-4d0b-a61c-0ed7c6373e46/datanode-5/data/ratis] (custom)
2019-09-09 16:55:47,402 [main] INFO  hdfs.DFSUtil (DFSUtil.java:httpServerTemplateForNNAndJN(1641)) - Starting Web-server for hddsDatanode at: http://0.0.0.0:0
2019-09-09 16:55:47,403 [main] INFO  server.AuthenticationFilter (AuthenticationFilter.java:constructSecretProvider(240)) - Unable to initialize FileSignerSecretProvider, falling back to use random secrets.
2019-09-09 16:55:47,403 [main] WARN  http.HttpRequestLog (HttpRequestLog.java:getRequestLog(97)) - Jetty request log can only be enabled using Log4j
2019-09-09 16:55:47,404 [main] INFO  http.HttpServer2 (HttpServer2.java:addGlobalFilter(975)) - Added global filter 'safety' (class=org.apache.hadoop.http.HttpServer2$QuotingInputFilter)
2019-09-09 16:55:47,405 [main] INFO  http.HttpServer2 (HttpServer2.java:addFilter(948)) - Added filter static_user_filter (class=org.apache.hadoop.http.lib.StaticUserWebFilter$StaticUserFilter) to context hddsDatanode
2019-09-09 16:55:47,405 [main] INFO  http.HttpServer2 (HttpServer2.java:addFilter(958)) - Added filter static_user_filter (class=org.apache.hadoop.http.lib.StaticUserWebFilter$StaticUserFilter) to context static
2019-09-09 16:55:47,405 [main] INFO  http.HttpServer2 (HttpServer2.java:addFilter(958)) - Added filter static_user_filter (class=org.apache.hadoop.http.lib.StaticUserWebFilter$StaticUserFilter) to context logs
2019-09-09 16:55:47,406 [main] INFO  http.HttpServer2 (HttpServer2.java:bindListener(1191)) - Jetty bound to port 35575
2019-09-09 16:55:47,406 [main] INFO  server.Server (Server.java:doStart(351)) - jetty-9.3.24.v20180605, build timestamp: 2018-06-05T17:11:56Z, git hash: 84205aa28f11a4f31f2a3b86d1bba2cc8ab69827
2019-09-09 16:55:47,407 [main] INFO  handler.ContextHandler (ContextHandler.java:doStart(781)) - Started o.e.j.s.ServletContextHandler@307cf964{/logs,file:///workdir/hadoop-ozone/integration-test/target/log,AVAILABLE}
2019-09-09 16:55:47,407 [main] INFO  handler.ContextHandler (ContextHandler.java:doStart(781)) - Started o.e.j.s.ServletContextHandler@66713605{/static,jar:file:/home/user/.m2/repository/org/apache/hadoop/hadoop-hdds-container-service/0.5.0-SNAPSHOT/hadoop-hdds-container-service-0.5.0-SNAPSHOT.jar!/webapps/static,AVAILABLE}
2019-09-09 16:55:47,433 [main] INFO  handler.ContextHandler (ContextHandler.java:doStart(781)) - Started o.e.j.w.WebAppContext@ad3f70a{/,file:///tmp/jetty-0.0.0.0-35575-hddsDatanode-_-any-7318515545255984850.dir/webapp/,AVAILABLE}{/hddsDatanode}
2019-09-09 16:55:47,433 [main] INFO  server.AbstractConnector (AbstractConnector.java:doStart(278)) - Started ServerConnector@54ccb3{HTTP/1.1,[http/1.1]}{0.0.0.0:35575}
2019-09-09 16:55:47,435 [main] INFO  server.Server (Server.java:doStart(419)) - Started @595770ms
2019-09-09 16:55:47,435 [main] WARN  impl.MetricsSystemImpl (MetricsSystemImpl.java:register(276)) - Sink prometheus already exists!
2019-09-09 16:55:47,436 [main] INFO  server.BaseHttpServer (BaseHttpServer.java:updateConnectorAddress(215)) - HTTP server of HDDSDATANODE is listening at http://0.0.0.0:35575
2019-09-09 16:55:47,436 [main] INFO  impl.MetricsSystemImpl (MetricsSystemImpl.java:init(158)) - HddsDatanode metrics system started (again)
2019-09-09 16:55:47,441 [org.apache.hadoop.util.JvmPauseMonitor$Monitor@6e97e4a7] INFO  util.JvmPauseMonitor (JvmPauseMonitor.java:run(188)) - Starting JVM pause monitor
2019-09-09 16:55:47,441 [main] INFO  ozone.HddsDatanodeService (HddsDatanodeService.java:start(184)) - HddsDatanodeService host:pr-hdds-2075-2jgdb-1977554158 ip:192.168.69.125
2019-09-09 16:55:47,442 [Datanode State Machine Thread - 0] INFO  datanode.InitDatanodeState (InitDatanodeState.java:persistContainerDatanodeDetails(140)) - DatanodeDetails is persisted to /workdir/hadoop-ozone/integration-test/target/test-dir/MiniOzoneClusterImpl-159a55fc-c6c6-4d0b-a61c-0ed7c6373e46/datanode-5/meta/datanode.id
2019-09-09 16:55:47,447 [main] INFO  volume.HddsVolume (HddsVolume.java:<init>(176)) - Creating Volume: /workdir/hadoop-ozone/integration-test/target/test-dir/MiniOzoneClusterImpl-159a55fc-c6c6-4d0b-a61c-0ed7c6373e46/datanode-6/data/containers/hdds of  storage type : DISK and capacity : 1482555576320
2019-09-09 16:55:47,447 [main] INFO  volume.VolumeSet (VolumeSet.java:initializeVolumeSet(170)) - Added Volume : /workdir/hadoop-ozone/integration-test/target/test-dir/MiniOzoneClusterImpl-159a55fc-c6c6-4d0b-a61c-0ed7c6373e46/datanode-6/data/containers/hdds to VolumeSet
2019-09-09 16:55:47,448 [main] INFO  volume.ThrottledAsyncChecker (ThrottledAsyncChecker.java:schedule(140)) - Scheduling a check for org.apache.hadoop.ozone.container.common.volume.HddsVolume@76a9a009
2019-09-09 16:55:47,448 [main] INFO  volume.HddsVolumeChecker (HddsVolumeChecker.java:checkAllVolumes(203)) - Scheduled health check for volume org.apache.hadoop.ozone.container.common.volume.HddsVolume@76a9a009
2019-09-09 16:55:47,462 [main] INFO  impl.RaftServerProxy (ConfUtils.java:logGet(43)) - raft.rpc.type = GRPC (default)
2019-09-09 16:55:47,463 [main] INFO  grpc.GrpcFactory (GrpcFactory.java:checkPooledByteBufAllocatorUseCacheForAllThreads(45)) - PERFORMANCE WARNING: useCacheForAllThreads is true that may cause Netty to create a lot garbage objects and, as a result, trigger GC.
	It is recommended to disable useCacheForAllThreads by setting -Dorg.apache.ratis.thirdparty.io.netty.allocator.useCacheForAllThreads=false in command line.
2019-09-09 16:55:47,463 [main] INFO  grpc.GrpcConfigKeys$Server (ConfUtils.java:logGet(43)) - raft.grpc.server.port = 0 (default)
2019-09-09 16:55:47,463 [main] INFO  server.GrpcService (ConfUtils.java:logGet(43)) - raft.grpc.message.size.max = 33570816 (custom)
2019-09-09 16:55:47,463 [main] INFO  server.RaftServerConfigKeys (ConfUtils.java:logGet(43)) - raft.server.log.appender.buffer.byte-limit = 33554432 (custom)
2019-09-09 16:55:47,463 [main] INFO  server.GrpcService (ConfUtils.java:logGet(43)) - raft.grpc.flow.control.window = 1MB (=1048576) (default)
2019-09-09 16:55:47,464 [main] INFO  server.RaftServerConfigKeys (ConfUtils.java:logGet(43)) - raft.server.rpc.request.timeout = 3000ms (default)
2019-09-09 16:55:47,464 [main] INFO  server.RaftServerConfigKeys (ConfUtils.java:logGet(43)) - raft.server.storage.dir = [/workdir/hadoop-ozone/integration-test/target/test-dir/MiniOzoneClusterImpl-159a55fc-c6c6-4d0b-a61c-0ed7c6373e46/datanode-6/data/ratis] (custom)
2019-09-09 16:55:47,465 [main] INFO  hdfs.DFSUtil (DFSUtil.java:httpServerTemplateForNNAndJN(1641)) - Starting Web-server for hddsDatanode at: http://0.0.0.0:0
2019-09-09 16:55:47,466 [main] INFO  server.AuthenticationFilter (AuthenticationFilter.java:constructSecretProvider(240)) - Unable to initialize FileSignerSecretProvider, falling back to use random secrets.
2019-09-09 16:55:47,467 [main] WARN  http.HttpRequestLog (HttpRequestLog.java:getRequestLog(97)) - Jetty request log can only be enabled using Log4j
2019-09-09 16:55:47,468 [main] INFO  http.HttpServer2 (HttpServer2.java:addGlobalFilter(975)) - Added global filter 'safety' (class=org.apache.hadoop.http.HttpServer2$QuotingInputFilter)
2019-09-09 16:55:47,468 [main] INFO  http.HttpServer2 (HttpServer2.java:addFilter(948)) - Added filter static_user_filter (class=org.apache.hadoop.http.lib.StaticUserWebFilter$StaticUserFilter) to context hddsDatanode
2019-09-09 16:55:47,469 [main] INFO  http.HttpServer2 (HttpServer2.java:addFilter(958)) - Added filter static_user_filter (class=org.apache.hadoop.http.lib.StaticUserWebFilter$StaticUserFilter) to context logs
2019-09-09 16:55:47,469 [main] INFO  http.HttpServer2 (HttpServer2.java:addFilter(958)) - Added filter static_user_filter (class=org.apache.hadoop.http.lib.StaticUserWebFilter$StaticUserFilter) to context static
2019-09-09 16:55:47,469 [main] INFO  http.HttpServer2 (HttpServer2.java:bindListener(1191)) - Jetty bound to port 38550
2019-09-09 16:55:47,469 [main] INFO  server.Server (Server.java:doStart(351)) - jetty-9.3.24.v20180605, build timestamp: 2018-06-05T17:11:56Z, git hash: 84205aa28f11a4f31f2a3b86d1bba2cc8ab69827
2019-09-09 16:55:47,470 [main] INFO  handler.ContextHandler (ContextHandler.java:doStart(781)) - Started o.e.j.s.ServletContextHandler@4e958f08{/logs,file:///workdir/hadoop-ozone/integration-test/target/log,AVAILABLE}
2019-09-09 16:55:47,471 [main] INFO  handler.ContextHandler (ContextHandler.java:doStart(781)) - Started o.e.j.s.ServletContextHandler@3bbb8c16{/static,jar:file:/home/user/.m2/repository/org/apache/hadoop/hadoop-hdds-container-service/0.5.0-SNAPSHOT/hadoop-hdds-container-service-0.5.0-SNAPSHOT.jar!/webapps/static,AVAILABLE}
2019-09-09 16:55:47,496 [main] INFO  handler.ContextHandler (ContextHandler.java:doStart(781)) - Started o.e.j.w.WebAppContext@72af90e8{/,file:///tmp/jetty-0.0.0.0-38550-hddsDatanode-_-any-3860867733906519348.dir/webapp/,AVAILABLE}{/hddsDatanode}
2019-09-09 16:55:47,497 [main] INFO  server.AbstractConnector (AbstractConnector.java:doStart(278)) - Started ServerConnector@aa1bb14{HTTP/1.1,[http/1.1]}{0.0.0.0:38550}
2019-09-09 16:55:47,501 [main] INFO  server.Server (Server.java:doStart(419)) - Started @595836ms
2019-09-09 16:55:47,501 [main] WARN  impl.MetricsSystemImpl (MetricsSystemImpl.java:register(276)) - Sink prometheus already exists!
2019-09-09 16:55:47,502 [main] INFO  server.BaseHttpServer (BaseHttpServer.java:updateConnectorAddress(215)) - HTTP server of HDDSDATANODE is listening at http://0.0.0.0:38550
2019-09-09 16:55:47,502 [main] INFO  ozone.MiniOzoneClusterImpl (MiniOzoneClusterImpl.java:lambda$waitForClusterToBeReady$0(140)) - Waiting for cluster to be ready. Got 0 of 7 DN Heartbeats.
2019-09-09 16:55:47,503 [org.apache.hadoop.util.JvmPauseMonitor$Monitor@7533cd1b] INFO  util.JvmPauseMonitor (JvmPauseMonitor.java:run(188)) - Starting JVM pause monitor
2019-09-09 16:55:47,504 [Datanode State Machine Thread - 0] INFO  datanode.InitDatanodeState (InitDatanodeState.java:persistContainerDatanodeDetails(140)) - DatanodeDetails is persisted to /workdir/hadoop-ozone/integration-test/target/test-dir/MiniOzoneClusterImpl-159a55fc-c6c6-4d0b-a61c-0ed7c6373e46/datanode-6/meta/datanode.id
2019-09-09 16:55:48,503 [main] INFO  ozone.MiniOzoneClusterImpl (MiniOzoneClusterImpl.java:lambda$waitForClusterToBeReady$0(140)) - Waiting for cluster to be ready. Got 0 of 7 DN Heartbeats.
2019-09-09 16:55:49,151 [Datanode State Machine Thread - 0] INFO  ozoneimpl.OzoneContainer (OzoneContainer.java:start(217)) - Attempting to start container services.
2019-09-09 16:55:49,152 [Datanode State Machine Thread - 0] INFO  ozoneimpl.OzoneContainer (OzoneContainer.java:startContainerScrub(179)) - Background container scanner has been disabled.
2019-09-09 16:55:49,152 [Datanode State Machine Thread - 0] INFO  ratis.XceiverServerRatis (XceiverServerRatis.java:start(404)) - Starting XceiverServerRatis b4370686-254e-42e8-8711-e188529c4c34 at port 0
2019-09-09 16:55:49,161 [Datanode State Machine Thread - 0] INFO  impl.RaftServerProxy (RaftServerProxy.java:lambda$start$3(299)) - b4370686-254e-42e8-8711-e188529c4c34: start RPC server
2019-09-09 16:55:49,163 [Datanode State Machine Thread - 0] INFO  server.GrpcService (GrpcService.java:startImpl(158)) - b4370686-254e-42e8-8711-e188529c4c34: GrpcService started, listening on 0.0.0.0/0.0.0.0:35664
2019-09-09 16:55:49,164 [Datanode State Machine Thread - 0] INFO  ratis.XceiverServerRatis (XceiverServerRatis.java:start(414)) - XceiverServerRatis b4370686-254e-42e8-8711-e188529c4c34 is started using port 35664
2019-09-09 16:55:49,164 [Datanode State Machine Thread - 0] INFO  server.XceiverServerGrpc (XceiverServerGrpc.java:start(163)) - XceiverServerGrpc b4370686-254e-42e8-8711-e188529c4c34 is started using port 36438
2019-09-09 16:55:49,218 [Datanode State Machine Thread - 0] INFO  ozoneimpl.OzoneContainer (OzoneContainer.java:start(217)) - Attempting to start container services.
2019-09-09 16:55:49,218 [Datanode State Machine Thread - 0] INFO  ozoneimpl.OzoneContainer (OzoneContainer.java:startContainerScrub(179)) - Background container scanner has been disabled.
2019-09-09 16:55:49,218 [Datanode State Machine Thread - 0] INFO  ratis.XceiverServerRatis (XceiverServerRatis.java:start(404)) - Starting XceiverServerRatis 673f1e0c-3588-4517-a646-879dbe70b429 at port 0
2019-09-09 16:55:49,225 [Datanode State Machine Thread - 0] INFO  impl.RaftServerProxy (RaftServerProxy.java:lambda$start$3(299)) - 673f1e0c-3588-4517-a646-879dbe70b429: start RPC server
2019-09-09 16:55:49,226 [Datanode State Machine Thread - 0] INFO  server.GrpcService (GrpcService.java:startImpl(158)) - 673f1e0c-3588-4517-a646-879dbe70b429: GrpcService started, listening on 0.0.0.0/0.0.0.0:36334
2019-09-09 16:55:49,226 [Datanode State Machine Thread - 0] INFO  ratis.XceiverServerRatis (XceiverServerRatis.java:start(414)) - XceiverServerRatis 673f1e0c-3588-4517-a646-879dbe70b429 is started using port 36334
2019-09-09 16:55:49,226 [Datanode State Machine Thread - 0] INFO  server.XceiverServerGrpc (XceiverServerGrpc.java:start(163)) - XceiverServerGrpc 673f1e0c-3588-4517-a646-879dbe70b429 is started using port 39575
2019-09-09 16:55:49,275 [Datanode State Machine Thread - 0] INFO  ozoneimpl.OzoneContainer (OzoneContainer.java:start(217)) - Attempting to start container services.
2019-09-09 16:55:49,275 [Datanode State Machine Thread - 0] INFO  ozoneimpl.OzoneContainer (OzoneContainer.java:startContainerScrub(179)) - Background container scanner has been disabled.
2019-09-09 16:55:49,275 [Datanode State Machine Thread - 0] INFO  ratis.XceiverServerRatis (XceiverServerRatis.java:start(404)) - Starting XceiverServerRatis 0cac7eda-6f69-4cc3-b6d5-dce8d0a0fa0f at port 0
2019-09-09 16:55:49,282 [Datanode State Machine Thread - 0] INFO  impl.RaftServerProxy (RaftServerProxy.java:lambda$start$3(299)) - 0cac7eda-6f69-4cc3-b6d5-dce8d0a0fa0f: start RPC server
2019-09-09 16:55:49,283 [Datanode State Machine Thread - 0] INFO  server.GrpcService (GrpcService.java:startImpl(158)) - 0cac7eda-6f69-4cc3-b6d5-dce8d0a0fa0f: GrpcService started, listening on 0.0.0.0/0.0.0.0:43655
2019-09-09 16:55:49,283 [Datanode State Machine Thread - 0] INFO  ratis.XceiverServerRatis (XceiverServerRatis.java:start(414)) - XceiverServerRatis 0cac7eda-6f69-4cc3-b6d5-dce8d0a0fa0f is started using port 43655
2019-09-09 16:55:49,285 [Datanode State Machine Thread - 0] INFO  server.XceiverServerGrpc (XceiverServerGrpc.java:start(163)) - XceiverServerGrpc 0cac7eda-6f69-4cc3-b6d5-dce8d0a0fa0f is started using port 42220
2019-09-09 16:55:49,339 [Datanode State Machine Thread - 0] INFO  ozoneimpl.OzoneContainer (OzoneContainer.java:start(217)) - Attempting to start container services.
2019-09-09 16:55:49,339 [Datanode State Machine Thread - 0] INFO  ozoneimpl.OzoneContainer (OzoneContainer.java:startContainerScrub(179)) - Background container scanner has been disabled.
2019-09-09 16:55:49,340 [Datanode State Machine Thread - 0] INFO  ratis.XceiverServerRatis (XceiverServerRatis.java:start(404)) - Starting XceiverServerRatis a5b923f2-7f8f-418d-81e1-d85ab7469232 at port 0
2019-09-09 16:55:49,344 [Datanode State Machine Thread - 0] INFO  impl.RaftServerProxy (RaftServerProxy.java:lambda$start$3(299)) - a5b923f2-7f8f-418d-81e1-d85ab7469232: start RPC server
2019-09-09 16:55:49,347 [Datanode State Machine Thread - 0] INFO  server.GrpcService (GrpcService.java:startImpl(158)) - a5b923f2-7f8f-418d-81e1-d85ab7469232: GrpcService started, listening on 0.0.0.0/0.0.0.0:40605
2019-09-09 16:55:49,347 [Datanode State Machine Thread - 0] INFO  ratis.XceiverServerRatis (XceiverServerRatis.java:start(414)) - XceiverServerRatis a5b923f2-7f8f-418d-81e1-d85ab7469232 is started using port 40605
2019-09-09 16:55:49,347 [Datanode State Machine Thread - 0] INFO  server.XceiverServerGrpc (XceiverServerGrpc.java:start(163)) - XceiverServerGrpc a5b923f2-7f8f-418d-81e1-d85ab7469232 is started using port 34844
2019-09-09 16:55:49,404 [Datanode State Machine Thread - 0] INFO  ozoneimpl.OzoneContainer (OzoneContainer.java:start(217)) - Attempting to start container services.
2019-09-09 16:55:49,404 [Datanode State Machine Thread - 0] INFO  ozoneimpl.OzoneContainer (OzoneContainer.java:startContainerScrub(179)) - Background container scanner has been disabled.
2019-09-09 16:55:49,404 [Datanode State Machine Thread - 0] INFO  ratis.XceiverServerRatis (XceiverServerRatis.java:start(404)) - Starting XceiverServerRatis fef3bd8d-d922-47de-a285-b5c5b7637dd8 at port 0
2019-09-09 16:55:49,411 [Datanode State Machine Thread - 0] INFO  impl.RaftServerProxy (RaftServerProxy.java:lambda$start$3(299)) - fef3bd8d-d922-47de-a285-b5c5b7637dd8: start RPC server
2019-09-09 16:55:49,414 [Datanode State Machine Thread - 0] INFO  server.GrpcService (GrpcService.java:startImpl(158)) - fef3bd8d-d922-47de-a285-b5c5b7637dd8: GrpcService started, listening on 0.0.0.0/0.0.0.0:38606
2019-09-09 16:55:49,415 [Datanode State Machine Thread - 0] INFO  ratis.XceiverServerRatis (XceiverServerRatis.java:start(414)) - XceiverServerRatis fef3bd8d-d922-47de-a285-b5c5b7637dd8 is started using port 38606
2019-09-09 16:55:49,417 [Datanode State Machine Thread - 0] INFO  server.XceiverServerGrpc (XceiverServerGrpc.java:start(163)) - XceiverServerGrpc fef3bd8d-d922-47de-a285-b5c5b7637dd8 is started using port 33156
2019-09-09 16:55:49,465 [Datanode State Machine Thread - 0] INFO  ozoneimpl.OzoneContainer (OzoneContainer.java:start(217)) - Attempting to start container services.
2019-09-09 16:55:49,465 [Datanode State Machine Thread - 0] INFO  ozoneimpl.OzoneContainer (OzoneContainer.java:startContainerScrub(179)) - Background container scanner has been disabled.
2019-09-09 16:55:49,465 [Datanode State Machine Thread - 0] INFO  ratis.XceiverServerRatis (XceiverServerRatis.java:start(404)) - Starting XceiverServerRatis 5ffdae7f-f4e4-4d79-867a-68feb8e0c22d at port 0
2019-09-09 16:55:49,471 [Datanode State Machine Thread - 0] INFO  impl.RaftServerProxy (RaftServerProxy.java:lambda$start$3(299)) - 5ffdae7f-f4e4-4d79-867a-68feb8e0c22d: start RPC server
2019-09-09 16:55:49,471 [Datanode State Machine Thread - 0] INFO  server.GrpcService (GrpcService.java:startImpl(158)) - 5ffdae7f-f4e4-4d79-867a-68feb8e0c22d: GrpcService started, listening on 0.0.0.0/0.0.0.0:44397
2019-09-09 16:55:49,472 [Datanode State Machine Thread - 0] INFO  ratis.XceiverServerRatis (XceiverServerRatis.java:start(414)) - XceiverServerRatis 5ffdae7f-f4e4-4d79-867a-68feb8e0c22d is started using port 44397
2019-09-09 16:55:49,472 [Datanode State Machine Thread - 0] INFO  server.XceiverServerGrpc (XceiverServerGrpc.java:start(163)) - XceiverServerGrpc 5ffdae7f-f4e4-4d79-867a-68feb8e0c22d is started using port 41094
2019-09-09 16:55:49,503 [main] INFO  ozone.MiniOzoneClusterImpl (MiniOzoneClusterImpl.java:lambda$waitForClusterToBeReady$0(140)) - Waiting for cluster to be ready. Got 0 of 7 DN Heartbeats.
2019-09-09 16:55:49,527 [Datanode State Machine Thread - 0] INFO  ozoneimpl.OzoneContainer (OzoneContainer.java:start(217)) - Attempting to start container services.
2019-09-09 16:55:49,527 [Datanode State Machine Thread - 0] INFO  ozoneimpl.OzoneContainer (OzoneContainer.java:startContainerScrub(179)) - Background container scanner has been disabled.
2019-09-09 16:55:49,527 [Datanode State Machine Thread - 0] INFO  ratis.XceiverServerRatis (XceiverServerRatis.java:start(404)) - Starting XceiverServerRatis 99b77255-435a-4470-bbcd-054d51502fb4 at port 0
2019-09-09 16:55:49,532 [Datanode State Machine Thread - 0] INFO  impl.RaftServerProxy (RaftServerProxy.java:lambda$start$3(299)) - 99b77255-435a-4470-bbcd-054d51502fb4: start RPC server
2019-09-09 16:55:49,533 [Datanode State Machine Thread - 0] INFO  server.GrpcService (GrpcService.java:startImpl(158)) - 99b77255-435a-4470-bbcd-054d51502fb4: GrpcService started, listening on 0.0.0.0/0.0.0.0:39830
2019-09-09 16:55:49,533 [Datanode State Machine Thread - 0] INFO  ratis.XceiverServerRatis (XceiverServerRatis.java:start(414)) - XceiverServerRatis 99b77255-435a-4470-bbcd-054d51502fb4 is started using port 39830
2019-09-09 16:55:49,533 [Datanode State Machine Thread - 0] INFO  server.XceiverServerGrpc (XceiverServerGrpc.java:start(163)) - XceiverServerGrpc 99b77255-435a-4470-bbcd-054d51502fb4 is started using port 44320
2019-09-09 16:55:50,504 [main] INFO  ozone.MiniOzoneClusterImpl (MiniOzoneClusterImpl.java:lambda$waitForClusterToBeReady$0(140)) - Waiting for cluster to be ready. Got 0 of 7 DN Heartbeats.
2019-09-09 16:55:51,126 [IPC Server handler 4 on 42273] INFO  net.NetworkTopology (NetworkTopologyImpl.java:add(110)) - Added a new node: /default-rack/b4370686-254e-42e8-8711-e188529c4c34
2019-09-09 16:55:51,128 [IPC Server handler 4 on 42273] INFO  node.SCMNodeManager (SCMNodeManager.java:register(266)) - Registered Data node : b4370686-254e-42e8-8711-e188529c4c34{ip: 192.168.69.125, host: pr-hdds-2075-2jgdb-1977554158, networkLocation: /default-rack, certSerialId: null}
2019-09-09 16:55:51,129 [EventQueue-NodeRegistrationContainerReportForDataNodeSafeModeRule] INFO  safemode.SCMSafeModeManager (DataNodeSafeModeRule.java:process(71)) - SCM in safe mode. 1 DataNodes registered, 1 required.
2019-09-09 16:55:51,131 [EventQueue-NodeRegistrationContainerReportForDataNodeSafeModeRule] INFO  safemode.SCMSafeModeManager (SCMSafeModeManager.java:validateSafeModeExitRules(177)) - ScmSafeModeManager, all rules are successfully validated
2019-09-09 16:55:51,131 [EventQueue-NodeRegistrationContainerReportForDataNodeSafeModeRule] INFO  safemode.SCMSafeModeManager (SCMSafeModeManager.java:exitSafeMode(193)) - SCM exiting safe mode.
2019-09-09 16:55:51,146 [grpc-default-executor-12] INFO  impl.RaftServerProxy (RaftServerProxy.java:addNew(89)) - b4370686-254e-42e8-8711-e188529c4c34: addNew group-6578032D49CB:[b4370686-254e-42e8-8711-e188529c4c34:192.168.69.125:35664] returns group-6578032D49CB:java.util.concurrent.CompletableFuture@1b0d9ba3[Not completed]
2019-09-09 16:55:51,149 [pool-409-thread-1] INFO  impl.RaftServerImpl (RaftServerImpl.java:<init>(95)) - b4370686-254e-42e8-8711-e188529c4c34: new RaftServerImpl for group-6578032D49CB:[b4370686-254e-42e8-8711-e188529c4c34:192.168.69.125:35664] with ContainerStateMachine:uninitialized
2019-09-09 16:55:51,149 [pool-409-thread-1] INFO  server.RaftServerConfigKeys (ConfUtils.java:logGet(43)) - raft.server.rpc.timeout.min = 5s (custom)
2019-09-09 16:55:51,150 [pool-409-thread-1] INFO  server.RaftServerConfigKeys (ConfUtils.java:logGet(43)) - raft.server.rpc.timeout.max = 5200ms (custom)
2019-09-09 16:55:51,150 [pool-409-thread-1] INFO  server.RaftServerConfigKeys (ConfUtils.java:logGet(43)) - raft.server.rpcslowness.timeout = 120s (custom)
2019-09-09 16:55:51,150 [pool-409-thread-1] INFO  server.RaftServerConfigKeys (ConfUtils.java:logGet(43)) - raft.server.sleep.deviation.threshold = 300 (default)
2019-09-09 16:55:51,150 [pool-409-thread-1] INFO  server.RaftServerConfigKeys (ConfUtils.java:logGet(43)) - raft.server.log.appender.install.snapshot.enabled = false (custom)
2019-09-09 16:55:51,150 [pool-409-thread-1] INFO  impl.RaftServerImpl (ServerState.java:<init>(103)) - b4370686-254e-42e8-8711-e188529c4c34@group-6578032D49CB: ConfigurationManager, init=-1: [b4370686-254e-42e8-8711-e188529c4c34:192.168.69.125:35664], old=null, confs=<EMPTY_MAP>
2019-09-09 16:55:51,150 [pool-409-thread-1] INFO  server.RaftServerConfigKeys (ConfUtils.java:logGet(43)) - raft.server.storage.dir = [/workdir/hadoop-ozone/integration-test/target/test-dir/MiniOzoneClusterImpl-159a55fc-c6c6-4d0b-a61c-0ed7c6373e46/datanode-0/data/ratis] (custom)
2019-09-09 16:55:51,151 [pool-409-thread-1] INFO  storage.RaftStorageDirectory (RaftStorageDirectory.java:analyzeStorage(246)) - The storage directory /workdir/hadoop-ozone/integration-test/target/test-dir/MiniOzoneClusterImpl-159a55fc-c6c6-4d0b-a61c-0ed7c6373e46/datanode-0/data/ratis/6021479d-bb8e-4f06-99ea-6578032d49cb does not exist. Creating ...
2019-09-09 16:55:51,175 [pool-409-thread-1] INFO  storage.RaftStorageDirectory (RaftStorageDirectory.java:tryLock(328)) - Lock on /workdir/hadoop-ozone/integration-test/target/test-dir/MiniOzoneClusterImpl-159a55fc-c6c6-4d0b-a61c-0ed7c6373e46/datanode-0/data/ratis/6021479d-bb8e-4f06-99ea-6578032d49cb/in_use.lock acquired by nodename 16811@pr-hdds-2075-2jgdb-1977554158
2019-09-09 16:55:51,193 [IPC Server handler 6 on 42273] INFO  net.NetworkTopology (NetworkTopologyImpl.java:add(110)) - Added a new node: /default-rack/673f1e0c-3588-4517-a646-879dbe70b429
2019-09-09 16:55:51,193 [IPC Server handler 6 on 42273] INFO  node.SCMNodeManager (SCMNodeManager.java:register(266)) - Registered Data node : 673f1e0c-3588-4517-a646-879dbe70b429{ip: 192.168.69.125, host: pr-hdds-2075-2jgdb-1977554158, networkLocation: /default-rack, certSerialId: null}
2019-09-09 16:55:51,209 [pool-409-thread-1] INFO  storage.RaftStorage (RaftStorage.java:format(72)) - Storage directory /workdir/hadoop-ozone/integration-test/target/test-dir/MiniOzoneClusterImpl-159a55fc-c6c6-4d0b-a61c-0ed7c6373e46/datanode-0/data/ratis/6021479d-bb8e-4f06-99ea-6578032d49cb has been successfully formatted.
2019-09-09 16:55:51,209 [pool-409-thread-1] INFO  ratis.ContainerStateMachine (ContainerStateMachine.java:loadSnapshot(232)) - group-6578032D49CB: The snapshot info is null. Setting the last applied indexto:(t:0, i:~)
2019-09-09 16:55:51,210 [pool-409-thread-1] INFO  server.RaftServerConfigKeys (ConfUtils.java:logGet(43)) - raft.server.notification.no-leader.timeout = 120s (custom)
2019-09-09 16:55:51,210 [pool-409-thread-1] INFO  server.RaftServerConfigKeys (ConfUtils.java:logGet(43)) - raft.server.log.use.memory = false (default)
2019-09-09 16:55:51,210 [pool-409-thread-1] INFO  server.RaftServerConfigKeys (ConfUtils.java:logGet(43)) - raft.server.log.purge.gap = 1000000 (custom)
2019-09-09 16:55:51,210 [pool-409-thread-1] INFO  server.RaftServerConfigKeys (ConfUtils.java:logGet(43)) - raft.server.log.appender.buffer.byte-limit = 33554432 (custom)
2019-09-09 16:55:51,210 [pool-409-thread-1] INFO  server.RaftServerConfigKeys (ConfUtils.java:logGet(43)) - raft.server.log.segment.size.max = 1048576 (custom)
2019-09-09 16:55:51,210 [pool-409-thread-1] INFO  server.RaftServerConfigKeys (ConfUtils.java:logGet(43)) - raft.server.log.segment.cache.num.max = 2 (custom)
2019-09-09 16:55:51,211 [pool-409-thread-1] INFO  segmented.SegmentedRaftLogWorker (SegmentedRaftLogWorker.java:<init>(172)) - new b4370686-254e-42e8-8711-e188529c4c34@group-6578032D49CB-SegmentedRaftLogWorker for RaftStorage:Storage Directory /workdir/hadoop-ozone/integration-test/target/test-dir/MiniOzoneClusterImpl-159a55fc-c6c6-4d0b-a61c-0ed7c6373e46/datanode-0/data/ratis/6021479d-bb8e-4f06-99ea-6578032d49cb
2019-09-09 16:55:51,213 [pool-409-thread-1] INFO  server.RaftServerConfigKeys (ConfUtils.java:logGet(43)) - raft.server.log.queue.byte-limit = 2147483647 (custom)
2019-09-09 16:55:51,214 [pool-409-thread-1] INFO  server.RaftServerConfigKeys (ConfUtils.java:logGet(43)) - raft.server.log.queue.element-limit = 1024 (custom)
2019-09-09 16:55:51,214 [pool-409-thread-1] INFO  server.RaftServerConfigKeys (ConfUtils.java:logGet(43)) - raft.server.log.segment.size.max = 1048576 (custom)
2019-09-09 16:55:51,214 [pool-409-thread-1] INFO  server.RaftServerConfigKeys (ConfUtils.java:logGet(43)) - raft.server.log.preallocated.size = 16384 (custom)
2019-09-09 16:55:51,214 [pool-409-thread-1] INFO  server.RaftServerConfigKeys (ConfUtils.java:logGet(43)) - raft.server.log.write.buffer.size = 33554432 (custom)
2019-09-09 16:55:51,214 [pool-409-thread-1] INFO  server.RaftServerConfigKeys (ConfUtils.java:logGet(43)) - raft.server.log.force.sync.num = 128 (default)
2019-09-09 16:55:51,214 [pool-409-thread-1] INFO  server.RaftServerConfigKeys (ConfUtils.java:logGet(43)) - raft.server.log.statemachine.data.sync = true (default)
2019-09-09 16:55:51,215 [pool-409-thread-1] INFO  server.RaftServerConfigKeys (ConfUtils.java:logGet(43)) - raft.server.log.statemachine.data.sync.timeout = 10s (default)
2019-09-09 16:55:51,215 [pool-409-thread-1] INFO  server.RaftServerConfigKeys (ConfUtils.java:logGet(43)) - raft.server.log.statemachine.data.sync.timeout.retry = -1 (default)
2019-09-09 16:55:51,215 [pool-409-thread-1] INFO  server.RaftServerConfigKeys (ConfUtils.java:logGet(43)) - raft.server.log.statemachine.data.caching.enabled = true (custom)
2019-09-09 16:55:51,215 [pool-409-thread-1] INFO  segmented.SegmentedRaftLogWorker (SegmentedRaftLogWorker.java:lambda$new$0(132)) - b4370686-254e-42e8-8711-e188529c4c34@group-6578032D49CB-SegmentedRaftLogWorker: flushIndex: setUnconditionally 0 -> -1
2019-09-09 16:55:51,216 [pool-409-thread-1] INFO  server.RaftServerConfigKeys (ConfUtils.java:logGet(43)) - raft.server.snapshot.auto.trigger.enabled = true (custom)
2019-09-09 16:55:51,216 [pool-409-thread-1] INFO  server.RaftServerConfigKeys (ConfUtils.java:logGet(43)) - raft.server.snapshot.auto.trigger.threshold = 10000 (custom)
2019-09-09 16:55:51,216 [pool-409-thread-1] INFO  server.RaftServerConfigKeys (ConfUtils.java:logGet(43)) - raft.server.snapshot.retention.num.files = -1 (default)
2019-09-09 16:55:51,216 [pool-409-thread-1] INFO  server.RaftServerConfigKeys (ConfUtils.java:logGet(43)) - raft.server.retrycache.expirytime = 600000ms (custom)
2019-09-09 16:55:51,218 [pool-409-thread-1] INFO  impl.RaftServerImpl (RaftServerImpl.java:start(185)) - b4370686-254e-42e8-8711-e188529c4c34@group-6578032D49CB: start as a follower, conf=-1: [b4370686-254e-42e8-8711-e188529c4c34:192.168.69.125:35664], old=null
2019-09-09 16:55:51,218 [pool-409-thread-1] INFO  impl.RaftServerImpl (RaftServerImpl.java:setRole(174)) - b4370686-254e-42e8-8711-e188529c4c34@group-6578032D49CB: changes role from      null to FOLLOWER at term 0 for startAsFollower
2019-09-09 16:55:51,219 [pool-409-thread-1] INFO  impl.RoleInfo (RoleInfo.java:updateAndGet(143)) - b4370686-254e-42e8-8711-e188529c4c34: start FollowerState
2019-09-09 16:55:51,219 [pool-409-thread-1] INFO  util.JmxRegister (JmxRegister.java:tryRegister(44)) - Successfully registered JMX Bean with object name Ratis:service=RaftServer,group=group-6578032D49CB,id=b4370686-254e-42e8-8711-e188529c4c34
2019-09-09 16:55:51,225 [RatisPipelineUtilsThread] INFO  pipeline.PipelineStateManager (PipelineStateManager.java:addPipeline(56)) - Created pipeline Pipeline[ Id: 6021479d-bb8e-4f06-99ea-6578032d49cb, Nodes: b4370686-254e-42e8-8711-e188529c4c34{ip: 192.168.69.125, host: pr-hdds-2075-2jgdb-1977554158, networkLocation: /default-rack, certSerialId: null}, Type:RATIS, Factor:ONE, State:OPEN]
2019-09-09 16:55:51,231 [grpc-default-executor-12] INFO  impl.RaftServerProxy (RaftServerProxy.java:addNew(89)) - 673f1e0c-3588-4517-a646-879dbe70b429: addNew group-FECA49A8C19F:[673f1e0c-3588-4517-a646-879dbe70b429:192.168.69.125:36334] returns group-FECA49A8C19F:java.util.concurrent.CompletableFuture@a1dbf08[Not completed]
2019-09-09 16:55:51,232 [pool-419-thread-1] INFO  impl.RaftServerImpl (RaftServerImpl.java:<init>(95)) - 673f1e0c-3588-4517-a646-879dbe70b429: new RaftServerImpl for group-FECA49A8C19F:[673f1e0c-3588-4517-a646-879dbe70b429:192.168.69.125:36334] with ContainerStateMachine:uninitialized
2019-09-09 16:55:51,232 [pool-419-thread-1] INFO  server.RaftServerConfigKeys (ConfUtils.java:logGet(43)) - raft.server.rpc.timeout.min = 5s (custom)
2019-09-09 16:55:51,232 [pool-419-thread-1] INFO  server.RaftServerConfigKeys (ConfUtils.java:logGet(43)) - raft.server.rpc.timeout.max = 5200ms (custom)
2019-09-09 16:55:51,232 [pool-419-thread-1] INFO  server.RaftServerConfigKeys (ConfUtils.java:logGet(43)) - raft.server.rpcslowness.timeout = 120s (custom)
2019-09-09 16:55:51,232 [pool-419-thread-1] INFO  server.RaftServerConfigKeys (ConfUtils.java:logGet(43)) - raft.server.sleep.deviation.threshold = 300 (default)
2019-09-09 16:55:51,232 [pool-419-thread-1] INFO  server.RaftServerConfigKeys (ConfUtils.java:logGet(43)) - raft.server.log.appender.install.snapshot.enabled = false (custom)
2019-09-09 16:55:51,232 [pool-419-thread-1] INFO  impl.RaftServerImpl (ServerState.java:<init>(103)) - 673f1e0c-3588-4517-a646-879dbe70b429@group-FECA49A8C19F: ConfigurationManager, init=-1: [673f1e0c-3588-4517-a646-879dbe70b429:192.168.69.125:36334], old=null, confs=<EMPTY_MAP>
2019-09-09 16:55:51,232 [pool-419-thread-1] INFO  server.RaftServerConfigKeys (ConfUtils.java:logGet(43)) - raft.server.storage.dir = [/workdir/hadoop-ozone/integration-test/target/test-dir/MiniOzoneClusterImpl-159a55fc-c6c6-4d0b-a61c-0ed7c6373e46/datanode-1/data/ratis] (custom)
2019-09-09 16:55:51,233 [pool-419-thread-1] INFO  storage.RaftStorageDirectory (RaftStorageDirectory.java:analyzeStorage(246)) - The storage directory /workdir/hadoop-ozone/integration-test/target/test-dir/MiniOzoneClusterImpl-159a55fc-c6c6-4d0b-a61c-0ed7c6373e46/datanode-1/data/ratis/292a50d3-6442-4cec-84f5-feca49a8c19f does not exist. Creating ...
2019-09-09 16:55:51,252 [IPC Server handler 5 on 42273] INFO  net.NetworkTopology (NetworkTopologyImpl.java:add(110)) - Added a new node: /default-rack/0cac7eda-6f69-4cc3-b6d5-dce8d0a0fa0f
2019-09-09 16:55:51,253 [IPC Server handler 5 on 42273] INFO  node.SCMNodeManager (SCMNodeManager.java:register(266)) - Registered Data node : 0cac7eda-6f69-4cc3-b6d5-dce8d0a0fa0f{ip: 192.168.69.125, host: pr-hdds-2075-2jgdb-1977554158, networkLocation: /default-rack, certSerialId: null}
2019-09-09 16:55:51,257 [pool-419-thread-1] INFO  storage.RaftStorageDirectory (RaftStorageDirectory.java:tryLock(328)) - Lock on /workdir/hadoop-ozone/integration-test/target/test-dir/MiniOzoneClusterImpl-159a55fc-c6c6-4d0b-a61c-0ed7c6373e46/datanode-1/data/ratis/292a50d3-6442-4cec-84f5-feca49a8c19f/in_use.lock acquired by nodename 16811@pr-hdds-2075-2jgdb-1977554158
2019-09-09 16:55:51,273 [pool-419-thread-1] INFO  storage.RaftStorage (RaftStorage.java:format(72)) - Storage directory /workdir/hadoop-ozone/integration-test/target/test-dir/MiniOzoneClusterImpl-159a55fc-c6c6-4d0b-a61c-0ed7c6373e46/datanode-1/data/ratis/292a50d3-6442-4cec-84f5-feca49a8c19f has been successfully formatted.
2019-09-09 16:55:51,273 [pool-419-thread-1] INFO  ratis.ContainerStateMachine (ContainerStateMachine.java:loadSnapshot(232)) - group-FECA49A8C19F: The snapshot info is null. Setting the last applied indexto:(t:0, i:~)
2019-09-09 16:55:51,273 [pool-419-thread-1] INFO  server.RaftServerConfigKeys (ConfUtils.java:logGet(43)) - raft.server.notification.no-leader.timeout = 120s (custom)
2019-09-09 16:55:51,273 [pool-419-thread-1] INFO  server.RaftServerConfigKeys (ConfUtils.java:logGet(43)) - raft.server.log.use.memory = false (default)
2019-09-09 16:55:51,273 [pool-419-thread-1] INFO  server.RaftServerConfigKeys (ConfUtils.java:logGet(43)) - raft.server.log.purge.gap = 1000000 (custom)
2019-09-09 16:55:51,273 [pool-419-thread-1] INFO  server.RaftServerConfigKeys (ConfUtils.java:logGet(43)) - raft.server.log.appender.buffer.byte-limit = 33554432 (custom)
2019-09-09 16:55:51,274 [pool-419-thread-1] INFO  server.RaftServerConfigKeys (ConfUtils.java:logGet(43)) - raft.server.log.segment.size.max = 1048576 (custom)
2019-09-09 16:55:51,274 [pool-419-thread-1] INFO  server.RaftServerConfigKeys (ConfUtils.java:logGet(43)) - raft.server.log.segment.cache.num.max = 2 (custom)
2019-09-09 16:55:51,274 [pool-419-thread-1] INFO  segmented.SegmentedRaftLogWorker (SegmentedRaftLogWorker.java:<init>(172)) - new 673f1e0c-3588-4517-a646-879dbe70b429@group-FECA49A8C19F-SegmentedRaftLogWorker for RaftStorage:Storage Directory /workdir/hadoop-ozone/integration-test/target/test-dir/MiniOzoneClusterImpl-159a55fc-c6c6-4d0b-a61c-0ed7c6373e46/datanode-1/data/ratis/292a50d3-6442-4cec-84f5-feca49a8c19f
2019-09-09 16:55:51,275 [pool-419-thread-1] INFO  server.RaftServerConfigKeys (ConfUtils.java:logGet(43)) - raft.server.log.queue.byte-limit = 2147483647 (custom)
2019-09-09 16:55:51,275 [pool-419-thread-1] INFO  server.RaftServerConfigKeys (ConfUtils.java:logGet(43)) - raft.server.log.queue.element-limit = 1024 (custom)
2019-09-09 16:55:51,275 [pool-419-thread-1] INFO  server.RaftServerConfigKeys (ConfUtils.java:logGet(43)) - raft.server.log.segment.size.max = 1048576 (custom)
2019-09-09 16:55:51,275 [pool-419-thread-1] INFO  server.RaftServerConfigKeys (ConfUtils.java:logGet(43)) - raft.server.log.preallocated.size = 16384 (custom)
2019-09-09 16:55:51,275 [pool-419-thread-1] INFO  server.RaftServerConfigKeys (ConfUtils.java:logGet(43)) - raft.server.log.write.buffer.size = 33554432 (custom)
2019-09-09 16:55:51,276 [pool-419-thread-1] INFO  server.RaftServerConfigKeys (ConfUtils.java:logGet(43)) - raft.server.log.force.sync.num = 128 (default)
2019-09-09 16:55:51,276 [pool-419-thread-1] INFO  server.RaftServerConfigKeys (ConfUtils.java:logGet(43)) - raft.server.log.statemachine.data.sync = true (default)
2019-09-09 16:55:51,276 [pool-419-thread-1] INFO  server.RaftServerConfigKeys (ConfUtils.java:logGet(43)) - raft.server.log.statemachine.data.sync.timeout = 10s (default)
2019-09-09 16:55:51,276 [pool-419-thread-1] INFO  server.RaftServerConfigKeys (ConfUtils.java:logGet(43)) - raft.server.log.statemachine.data.sync.timeout.retry = -1 (default)
2019-09-09 16:55:51,276 [pool-419-thread-1] INFO  server.RaftServerConfigKeys (ConfUtils.java:logGet(43)) - raft.server.log.statemachine.data.caching.enabled = true (custom)
2019-09-09 16:55:51,277 [pool-419-thread-1] INFO  segmented.SegmentedRaftLogWorker (SegmentedRaftLogWorker.java:lambda$new$0(132)) - 673f1e0c-3588-4517-a646-879dbe70b429@group-FECA49A8C19F-SegmentedRaftLogWorker: flushIndex: setUnconditionally 0 -> -1
2019-09-09 16:55:51,277 [pool-419-thread-1] INFO  server.RaftServerConfigKeys (ConfUtils.java:logGet(43)) - raft.server.snapshot.auto.trigger.enabled = true (custom)
2019-09-09 16:55:51,277 [pool-419-thread-1] INFO  server.RaftServerConfigKeys (ConfUtils.java:logGet(43)) - raft.server.snapshot.auto.trigger.threshold = 10000 (custom)
2019-09-09 16:55:51,277 [pool-419-thread-1] INFO  server.RaftServerConfigKeys (ConfUtils.java:logGet(43)) - raft.server.snapshot.retention.num.files = -1 (default)
2019-09-09 16:55:51,277 [pool-419-thread-1] INFO  server.RaftServerConfigKeys (ConfUtils.java:logGet(43)) - raft.server.retrycache.expirytime = 600000ms (custom)
2019-09-09 16:55:51,278 [pool-419-thread-1] INFO  impl.RaftServerImpl (RaftServerImpl.java:start(185)) - 673f1e0c-3588-4517-a646-879dbe70b429@group-FECA49A8C19F: start as a follower, conf=-1: [673f1e0c-3588-4517-a646-879dbe70b429:192.168.69.125:36334], old=null
2019-09-09 16:55:51,278 [pool-419-thread-1] INFO  impl.RaftServerImpl (RaftServerImpl.java:setRole(174)) - 673f1e0c-3588-4517-a646-879dbe70b429@group-FECA49A8C19F: changes role from      null to FOLLOWER at term 0 for startAsFollower
2019-09-09 16:55:51,279 [pool-419-thread-1] INFO  impl.RoleInfo (RoleInfo.java:updateAndGet(143)) - 673f1e0c-3588-4517-a646-879dbe70b429: start FollowerState
2019-09-09 16:55:51,279 [pool-419-thread-1] INFO  util.JmxRegister (JmxRegister.java:tryRegister(44)) - Successfully registered JMX Bean with object name Ratis:service=RaftServer,group=group-FECA49A8C19F,id=673f1e0c-3588-4517-a646-879dbe70b429
2019-09-09 16:55:51,283 [RatisPipelineUtilsThread] INFO  pipeline.PipelineStateManager (PipelineStateManager.java:addPipeline(56)) - Created pipeline Pipeline[ Id: 292a50d3-6442-4cec-84f5-feca49a8c19f, Nodes: 673f1e0c-3588-4517-a646-879dbe70b429{ip: 192.168.69.125, host: pr-hdds-2075-2jgdb-1977554158, networkLocation: /default-rack, certSerialId: null}, Type:RATIS, Factor:ONE, State:OPEN]
2019-09-09 16:55:51,291 [grpc-default-executor-12] INFO  impl.RaftServerProxy (RaftServerProxy.java:addNew(89)) - 0cac7eda-6f69-4cc3-b6d5-dce8d0a0fa0f: addNew group-F5C587DE1C53:[0cac7eda-6f69-4cc3-b6d5-dce8d0a0fa0f:192.168.69.125:43655] returns group-F5C587DE1C53:java.util.concurrent.CompletableFuture@6d4b7cdc[Not completed]
2019-09-09 16:55:51,292 [pool-429-thread-1] INFO  impl.RaftServerImpl (RaftServerImpl.java:<init>(95)) - 0cac7eda-6f69-4cc3-b6d5-dce8d0a0fa0f: new RaftServerImpl for group-F5C587DE1C53:[0cac7eda-6f69-4cc3-b6d5-dce8d0a0fa0f:192.168.69.125:43655] with ContainerStateMachine:uninitialized
2019-09-09 16:55:51,292 [pool-429-thread-1] INFO  server.RaftServerConfigKeys (ConfUtils.java:logGet(43)) - raft.server.rpc.timeout.min = 5s (custom)
2019-09-09 16:55:51,293 [pool-429-thread-1] INFO  server.RaftServerConfigKeys (ConfUtils.java:logGet(43)) - raft.server.rpc.timeout.max = 5200ms (custom)
2019-09-09 16:55:51,293 [pool-429-thread-1] INFO  server.RaftServerConfigKeys (ConfUtils.java:logGet(43)) - raft.server.rpcslowness.timeout = 120s (custom)
2019-09-09 16:55:51,293 [pool-429-thread-1] INFO  server.RaftServerConfigKeys (ConfUtils.java:logGet(43)) - raft.server.sleep.deviation.threshold = 300 (default)
2019-09-09 16:55:51,293 [pool-429-thread-1] INFO  server.RaftServerConfigKeys (ConfUtils.java:logGet(43)) - raft.server.log.appender.install.snapshot.enabled = false (custom)
2019-09-09 16:55:51,293 [pool-429-thread-1] INFO  impl.RaftServerImpl (ServerState.java:<init>(103)) - 0cac7eda-6f69-4cc3-b6d5-dce8d0a0fa0f@group-F5C587DE1C53: ConfigurationManager, init=-1: [0cac7eda-6f69-4cc3-b6d5-dce8d0a0fa0f:192.168.69.125:43655], old=null, confs=<EMPTY_MAP>
2019-09-09 16:55:51,293 [pool-429-thread-1] INFO  server.RaftServerConfigKeys (ConfUtils.java:logGet(43)) - raft.server.storage.dir = [/workdir/hadoop-ozone/integration-test/target/test-dir/MiniOzoneClusterImpl-159a55fc-c6c6-4d0b-a61c-0ed7c6373e46/datanode-2/data/ratis] (custom)
2019-09-09 16:55:51,293 [pool-429-thread-1] INFO  storage.RaftStorageDirectory (RaftStorageDirectory.java:analyzeStorage(246)) - The storage directory /workdir/hadoop-ozone/integration-test/target/test-dir/MiniOzoneClusterImpl-159a55fc-c6c6-4d0b-a61c-0ed7c6373e46/datanode-2/data/ratis/9d7d4c96-c4fc-4443-aad6-f5c587de1c53 does not exist. Creating ...
2019-09-09 16:55:51,311 [pool-429-thread-1] INFO  storage.RaftStorageDirectory (RaftStorageDirectory.java:tryLock(328)) - Lock on /workdir/hadoop-ozone/integration-test/target/test-dir/MiniOzoneClusterImpl-159a55fc-c6c6-4d0b-a61c-0ed7c6373e46/datanode-2/data/ratis/9d7d4c96-c4fc-4443-aad6-f5c587de1c53/in_use.lock acquired by nodename 16811@pr-hdds-2075-2jgdb-1977554158
2019-09-09 16:55:51,316 [IPC Server handler 0 on 42273] INFO  net.NetworkTopology (NetworkTopologyImpl.java:add(110)) - Added a new node: /default-rack/a5b923f2-7f8f-418d-81e1-d85ab7469232
2019-09-09 16:55:51,316 [IPC Server handler 0 on 42273] INFO  node.SCMNodeManager (SCMNodeManager.java:register(266)) - Registered Data node : a5b923f2-7f8f-418d-81e1-d85ab7469232{ip: 192.168.69.125, host: pr-hdds-2075-2jgdb-1977554158, networkLocation: /default-rack, certSerialId: null}
2019-09-09 16:55:51,334 [pool-429-thread-1] INFO  storage.RaftStorage (RaftStorage.java:format(72)) - Storage directory /workdir/hadoop-ozone/integration-test/target/test-dir/MiniOzoneClusterImpl-159a55fc-c6c6-4d0b-a61c-0ed7c6373e46/datanode-2/data/ratis/9d7d4c96-c4fc-4443-aad6-f5c587de1c53 has been successfully formatted.
2019-09-09 16:55:51,334 [pool-429-thread-1] INFO  ratis.ContainerStateMachine (ContainerStateMachine.java:loadSnapshot(232)) - group-F5C587DE1C53: The snapshot info is null. Setting the last applied indexto:(t:0, i:~)
2019-09-09 16:55:51,334 [pool-429-thread-1] INFO  server.RaftServerConfigKeys (ConfUtils.java:logGet(43)) - raft.server.notification.no-leader.timeout = 120s (custom)
2019-09-09 16:55:51,334 [pool-429-thread-1] INFO  server.RaftServerConfigKeys (ConfUtils.java:logGet(43)) - raft.server.log.use.memory = false (default)
2019-09-09 16:55:51,335 [pool-429-thread-1] INFO  server.RaftServerConfigKeys (ConfUtils.java:logGet(43)) - raft.server.log.purge.gap = 1000000 (custom)
2019-09-09 16:55:51,335 [pool-429-thread-1] INFO  server.RaftServerConfigKeys (ConfUtils.java:logGet(43)) - raft.server.log.appender.buffer.byte-limit = 33554432 (custom)
2019-09-09 16:55:51,335 [pool-429-thread-1] INFO  server.RaftServerConfigKeys (ConfUtils.java:logGet(43)) - raft.server.log.segment.size.max = 1048576 (custom)
2019-09-09 16:55:51,335 [pool-429-thread-1] INFO  server.RaftServerConfigKeys (ConfUtils.java:logGet(43)) - raft.server.log.segment.cache.num.max = 2 (custom)
2019-09-09 16:55:51,335 [pool-429-thread-1] INFO  segmented.SegmentedRaftLogWorker (SegmentedRaftLogWorker.java:<init>(172)) - new 0cac7eda-6f69-4cc3-b6d5-dce8d0a0fa0f@group-F5C587DE1C53-SegmentedRaftLogWorker for RaftStorage:Storage Directory /workdir/hadoop-ozone/integration-test/target/test-dir/MiniOzoneClusterImpl-159a55fc-c6c6-4d0b-a61c-0ed7c6373e46/datanode-2/data/ratis/9d7d4c96-c4fc-4443-aad6-f5c587de1c53
2019-09-09 16:55:51,336 [pool-429-thread-1] INFO  server.RaftServerConfigKeys (ConfUtils.java:logGet(43)) - raft.server.log.queue.byte-limit = 2147483647 (custom)
2019-09-09 16:55:51,336 [pool-429-thread-1] INFO  server.RaftServerConfigKeys (ConfUtils.java:logGet(43)) - raft.server.log.queue.element-limit = 1024 (custom)
2019-09-09 16:55:51,337 [pool-429-thread-1] INFO  server.RaftServerConfigKeys (ConfUtils.java:logGet(43)) - raft.server.log.segment.size.max = 1048576 (custom)
2019-09-09 16:55:51,337 [pool-429-thread-1] INFO  server.RaftServerConfigKeys (ConfUtils.java:logGet(43)) - raft.server.log.preallocated.size = 16384 (custom)
2019-09-09 16:55:51,337 [pool-429-thread-1] INFO  server.RaftServerConfigKeys (ConfUtils.java:logGet(43)) - raft.server.log.write.buffer.size = 33554432 (custom)
2019-09-09 16:55:51,337 [pool-429-thread-1] INFO  server.RaftServerConfigKeys (ConfUtils.java:logGet(43)) - raft.server.log.force.sync.num = 128 (default)
2019-09-09 16:55:51,337 [pool-429-thread-1] INFO  server.RaftServerConfigKeys (ConfUtils.java:logGet(43)) - raft.server.log.statemachine.data.sync = true (default)
2019-09-09 16:55:51,337 [pool-429-thread-1] INFO  server.RaftServerConfigKeys (ConfUtils.java:logGet(43)) - raft.server.log.statemachine.data.sync.timeout = 10s (default)
2019-09-09 16:55:51,337 [pool-429-thread-1] INFO  server.RaftServerConfigKeys (ConfUtils.java:logGet(43)) - raft.server.log.statemachine.data.sync.timeout.retry = -1 (default)
2019-09-09 16:55:51,337 [pool-429-thread-1] INFO  server.RaftServerConfigKeys (ConfUtils.java:logGet(43)) - raft.server.log.statemachine.data.caching.enabled = true (custom)
2019-09-09 16:55:51,337 [pool-429-thread-1] INFO  segmented.SegmentedRaftLogWorker (SegmentedRaftLogWorker.java:lambda$new$0(132)) - 0cac7eda-6f69-4cc3-b6d5-dce8d0a0fa0f@group-F5C587DE1C53-SegmentedRaftLogWorker: flushIndex: setUnconditionally 0 -> -1
2019-09-09 16:55:51,338 [pool-429-thread-1] INFO  server.RaftServerConfigKeys (ConfUtils.java:logGet(43)) - raft.server.snapshot.auto.trigger.enabled = true (custom)
2019-09-09 16:55:51,338 [pool-429-thread-1] INFO  server.RaftServerConfigKeys (ConfUtils.java:logGet(43)) - raft.server.snapshot.auto.trigger.threshold = 10000 (custom)
2019-09-09 16:55:51,338 [pool-429-thread-1] INFO  server.RaftServerConfigKeys (ConfUtils.java:logGet(43)) - raft.server.snapshot.retention.num.files = -1 (default)
2019-09-09 16:55:51,338 [pool-429-thread-1] INFO  server.RaftServerConfigKeys (ConfUtils.java:logGet(43)) - raft.server.retrycache.expirytime = 600000ms (custom)
2019-09-09 16:55:51,339 [pool-429-thread-1] INFO  impl.RaftServerImpl (RaftServerImpl.java:start(185)) - 0cac7eda-6f69-4cc3-b6d5-dce8d0a0fa0f@group-F5C587DE1C53: start as a follower, conf=-1: [0cac7eda-6f69-4cc3-b6d5-dce8d0a0fa0f:192.168.69.125:43655], old=null
2019-09-09 16:55:51,339 [pool-429-thread-1] INFO  impl.RaftServerImpl (RaftServerImpl.java:setRole(174)) - 0cac7eda-6f69-4cc3-b6d5-dce8d0a0fa0f@group-F5C587DE1C53: changes role from      null to FOLLOWER at term 0 for startAsFollower
2019-09-09 16:55:51,339 [pool-429-thread-1] INFO  impl.RoleInfo (RoleInfo.java:updateAndGet(143)) - 0cac7eda-6f69-4cc3-b6d5-dce8d0a0fa0f: start FollowerState
2019-09-09 16:55:51,340 [pool-429-thread-1] INFO  util.JmxRegister (JmxRegister.java:tryRegister(44)) - Successfully registered JMX Bean with object name Ratis:service=RaftServer,group=group-F5C587DE1C53,id=0cac7eda-6f69-4cc3-b6d5-dce8d0a0fa0f
2019-09-09 16:55:51,344 [RatisPipelineUtilsThread] INFO  pipeline.PipelineStateManager (PipelineStateManager.java:addPipeline(56)) - Created pipeline Pipeline[ Id: 9d7d4c96-c4fc-4443-aad6-f5c587de1c53, Nodes: 0cac7eda-6f69-4cc3-b6d5-dce8d0a0fa0f{ip: 192.168.69.125, host: pr-hdds-2075-2jgdb-1977554158, networkLocation: /default-rack, certSerialId: null}, Type:RATIS, Factor:ONE, State:OPEN]
2019-09-09 16:55:51,357 [grpc-default-executor-12] INFO  impl.RaftServerProxy (RaftServerProxy.java:addNew(89)) - a5b923f2-7f8f-418d-81e1-d85ab7469232: addNew group-81530F27090C:[a5b923f2-7f8f-418d-81e1-d85ab7469232:192.168.69.125:40605] returns group-81530F27090C:java.util.concurrent.CompletableFuture@692d5131[Not completed]
2019-09-09 16:55:51,358 [pool-439-thread-1] INFO  impl.RaftServerImpl (RaftServerImpl.java:<init>(95)) - a5b923f2-7f8f-418d-81e1-d85ab7469232: new RaftServerImpl for group-81530F27090C:[a5b923f2-7f8f-418d-81e1-d85ab7469232:192.168.69.125:40605] with ContainerStateMachine:uninitialized
2019-09-09 16:55:51,358 [pool-439-thread-1] INFO  server.RaftServerConfigKeys (ConfUtils.java:logGet(43)) - raft.server.rpc.timeout.min = 5s (custom)
2019-09-09 16:55:51,358 [pool-439-thread-1] INFO  server.RaftServerConfigKeys (ConfUtils.java:logGet(43)) - raft.server.rpc.timeout.max = 5200ms (custom)
2019-09-09 16:55:51,359 [pool-439-thread-1] INFO  server.RaftServerConfigKeys (ConfUtils.java:logGet(43)) - raft.server.rpcslowness.timeout = 120s (custom)
2019-09-09 16:55:51,359 [pool-439-thread-1] INFO  server.RaftServerConfigKeys (ConfUtils.java:logGet(43)) - raft.server.sleep.deviation.threshold = 300 (default)
2019-09-09 16:55:51,359 [pool-439-thread-1] INFO  server.RaftServerConfigKeys (ConfUtils.java:logGet(43)) - raft.server.log.appender.install.snapshot.enabled = false (custom)
2019-09-09 16:55:51,359 [pool-439-thread-1] INFO  impl.RaftServerImpl (ServerState.java:<init>(103)) - a5b923f2-7f8f-418d-81e1-d85ab7469232@group-81530F27090C: ConfigurationManager, init=-1: [a5b923f2-7f8f-418d-81e1-d85ab7469232:192.168.69.125:40605], old=null, confs=<EMPTY_MAP>
2019-09-09 16:55:51,359 [pool-439-thread-1] INFO  server.RaftServerConfigKeys (ConfUtils.java:logGet(43)) - raft.server.storage.dir = [/workdir/hadoop-ozone/integration-test/target/test-dir/MiniOzoneClusterImpl-159a55fc-c6c6-4d0b-a61c-0ed7c6373e46/datanode-3/data/ratis] (custom)
2019-09-09 16:55:51,359 [pool-439-thread-1] INFO  storage.RaftStorageDirectory (RaftStorageDirectory.java:analyzeStorage(246)) - The storage directory /workdir/hadoop-ozone/integration-test/target/test-dir/MiniOzoneClusterImpl-159a55fc-c6c6-4d0b-a61c-0ed7c6373e46/datanode-3/data/ratis/c6681cf7-c76c-4c8b-99e3-81530f27090c does not exist. Creating ...
2019-09-09 16:55:51,377 [pool-439-thread-1] INFO  storage.RaftStorageDirectory (RaftStorageDirectory.java:tryLock(328)) - Lock on /workdir/hadoop-ozone/integration-test/target/test-dir/MiniOzoneClusterImpl-159a55fc-c6c6-4d0b-a61c-0ed7c6373e46/datanode-3/data/ratis/c6681cf7-c76c-4c8b-99e3-81530f27090c/in_use.lock acquired by nodename 16811@pr-hdds-2075-2jgdb-1977554158
2019-09-09 16:55:51,380 [IPC Server handler 2 on 42273] INFO  net.NetworkTopology (NetworkTopologyImpl.java:add(110)) - Added a new node: /default-rack/fef3bd8d-d922-47de-a285-b5c5b7637dd8
2019-09-09 16:55:51,380 [IPC Server handler 2 on 42273] INFO  node.SCMNodeManager (SCMNodeManager.java:register(266)) - Registered Data node : fef3bd8d-d922-47de-a285-b5c5b7637dd8{ip: 192.168.69.125, host: pr-hdds-2075-2jgdb-1977554158, networkLocation: /default-rack, certSerialId: null}
2019-09-09 16:55:51,416 [pool-439-thread-1] INFO  storage.RaftStorage (RaftStorage.java:format(72)) - Storage directory /workdir/hadoop-ozone/integration-test/target/test-dir/MiniOzoneClusterImpl-159a55fc-c6c6-4d0b-a61c-0ed7c6373e46/datanode-3/data/ratis/c6681cf7-c76c-4c8b-99e3-81530f27090c has been successfully formatted.
2019-09-09 16:55:51,417 [pool-439-thread-1] INFO  ratis.ContainerStateMachine (ContainerStateMachine.java:loadSnapshot(232)) - group-81530F27090C: The snapshot info is null. Setting the last applied indexto:(t:0, i:~)
2019-09-09 16:55:51,417 [pool-439-thread-1] INFO  server.RaftServerConfigKeys (ConfUtils.java:logGet(43)) - raft.server.notification.no-leader.timeout = 120s (custom)
2019-09-09 16:55:51,417 [pool-439-thread-1] INFO  server.RaftServerConfigKeys (ConfUtils.java:logGet(43)) - raft.server.log.use.memory = false (default)
2019-09-09 16:55:51,417 [pool-439-thread-1] INFO  server.RaftServerConfigKeys (ConfUtils.java:logGet(43)) - raft.server.log.purge.gap = 1000000 (custom)
2019-09-09 16:55:51,417 [pool-439-thread-1] INFO  server.RaftServerConfigKeys (ConfUtils.java:logGet(43)) - raft.server.log.appender.buffer.byte-limit = 33554432 (custom)
2019-09-09 16:55:51,417 [pool-439-thread-1] INFO  server.RaftServerConfigKeys (ConfUtils.java:logGet(43)) - raft.server.log.segment.size.max = 1048576 (custom)
2019-09-09 16:55:51,418 [pool-439-thread-1] INFO  server.RaftServerConfigKeys (ConfUtils.java:logGet(43)) - raft.server.log.segment.cache.num.max = 2 (custom)
2019-09-09 16:55:51,418 [pool-439-thread-1] INFO  segmented.SegmentedRaftLogWorker (SegmentedRaftLogWorker.java:<init>(172)) - new a5b923f2-7f8f-418d-81e1-d85ab7469232@group-81530F27090C-SegmentedRaftLogWorker for RaftStorage:Storage Directory /workdir/hadoop-ozone/integration-test/target/test-dir/MiniOzoneClusterImpl-159a55fc-c6c6-4d0b-a61c-0ed7c6373e46/datanode-3/data/ratis/c6681cf7-c76c-4c8b-99e3-81530f27090c
2019-09-09 16:55:51,421 [pool-439-thread-1] INFO  server.RaftServerConfigKeys (ConfUtils.java:logGet(43)) - raft.server.log.queue.byte-limit = 2147483647 (custom)
2019-09-09 16:55:51,421 [pool-439-thread-1] INFO  server.RaftServerConfigKeys (ConfUtils.java:logGet(43)) - raft.server.log.queue.element-limit = 1024 (custom)
2019-09-09 16:55:51,421 [pool-439-thread-1] INFO  server.RaftServerConfigKeys (ConfUtils.java:logGet(43)) - raft.server.log.segment.size.max = 1048576 (custom)
2019-09-09 16:55:51,421 [pool-439-thread-1] INFO  server.RaftServerConfigKeys (ConfUtils.java:logGet(43)) - raft.server.log.preallocated.size = 16384 (custom)
2019-09-09 16:55:51,421 [pool-439-thread-1] INFO  server.RaftServerConfigKeys (ConfUtils.java:logGet(43)) - raft.server.log.write.buffer.size = 33554432 (custom)
2019-09-09 16:55:51,421 [pool-439-thread-1] INFO  server.RaftServerConfigKeys (ConfUtils.java:logGet(43)) - raft.server.log.force.sync.num = 128 (default)
2019-09-09 16:55:51,422 [pool-439-thread-1] INFO  server.RaftServerConfigKeys (ConfUtils.java:logGet(43)) - raft.server.log.statemachine.data.sync = true (default)
2019-09-09 16:55:51,422 [pool-439-thread-1] INFO  server.RaftServerConfigKeys (ConfUtils.java:logGet(43)) - raft.server.log.statemachine.data.sync.timeout = 10s (default)
2019-09-09 16:55:51,422 [pool-439-thread-1] INFO  server.RaftServerConfigKeys (ConfUtils.java:logGet(43)) - raft.server.log.statemachine.data.sync.timeout.retry = -1 (default)
2019-09-09 16:55:51,422 [pool-439-thread-1] INFO  server.RaftServerConfigKeys (ConfUtils.java:logGet(43)) - raft.server.log.statemachine.data.caching.enabled = true (custom)
2019-09-09 16:55:51,422 [pool-439-thread-1] INFO  segmented.SegmentedRaftLogWorker (SegmentedRaftLogWorker.java:lambda$new$0(132)) - a5b923f2-7f8f-418d-81e1-d85ab7469232@group-81530F27090C-SegmentedRaftLogWorker: flushIndex: setUnconditionally 0 -> -1
2019-09-09 16:55:51,423 [pool-439-thread-1] INFO  server.RaftServerConfigKeys (ConfUtils.java:logGet(43)) - raft.server.snapshot.auto.trigger.enabled = true (custom)
2019-09-09 16:55:51,423 [pool-439-thread-1] INFO  server.RaftServerConfigKeys (ConfUtils.java:logGet(43)) - raft.server.snapshot.auto.trigger.threshold = 10000 (custom)
2019-09-09 16:55:51,423 [pool-439-thread-1] INFO  server.RaftServerConfigKeys (ConfUtils.java:logGet(43)) - raft.server.snapshot.retention.num.files = -1 (default)
2019-09-09 16:55:51,423 [pool-439-thread-1] INFO  server.RaftServerConfigKeys (ConfUtils.java:logGet(43)) - raft.server.retrycache.expirytime = 600000ms (custom)
2019-09-09 16:55:51,425 [pool-439-thread-1] INFO  impl.RaftServerImpl (RaftServerImpl.java:start(185)) - a5b923f2-7f8f-418d-81e1-d85ab7469232@group-81530F27090C: start as a follower, conf=-1: [a5b923f2-7f8f-418d-81e1-d85ab7469232:192.168.69.125:40605], old=null
2019-09-09 16:55:51,425 [pool-439-thread-1] INFO  impl.RaftServerImpl (RaftServerImpl.java:setRole(174)) - a5b923f2-7f8f-418d-81e1-d85ab7469232@group-81530F27090C: changes role from      null to FOLLOWER at term 0 for startAsFollower
2019-09-09 16:55:51,425 [pool-439-thread-1] INFO  impl.RoleInfo (RoleInfo.java:updateAndGet(143)) - a5b923f2-7f8f-418d-81e1-d85ab7469232: start FollowerState
2019-09-09 16:55:51,433 [pool-439-thread-1] INFO  util.JmxRegister (JmxRegister.java:tryRegister(44)) - Successfully registered JMX Bean with object name Ratis:service=RaftServer,group=group-81530F27090C,id=a5b923f2-7f8f-418d-81e1-d85ab7469232
2019-09-09 16:55:51,446 [IPC Server handler 3 on 42273] INFO  net.NetworkTopology (NetworkTopologyImpl.java:add(110)) - Added a new node: /default-rack/5ffdae7f-f4e4-4d79-867a-68feb8e0c22d
2019-09-09 16:55:51,451 [IPC Server handler 3 on 42273] INFO  node.SCMNodeManager (SCMNodeManager.java:register(266)) - Registered Data node : 5ffdae7f-f4e4-4d79-867a-68feb8e0c22d{ip: 192.168.69.125, host: pr-hdds-2075-2jgdb-1977554158, networkLocation: /default-rack, certSerialId: null}
2019-09-09 16:55:51,453 [RatisPipelineUtilsThread] INFO  pipeline.PipelineStateManager (PipelineStateManager.java:addPipeline(56)) - Created pipeline Pipeline[ Id: c6681cf7-c76c-4c8b-99e3-81530f27090c, Nodes: a5b923f2-7f8f-418d-81e1-d85ab7469232{ip: 192.168.69.125, host: pr-hdds-2075-2jgdb-1977554158, networkLocation: /default-rack, certSerialId: null}, Type:RATIS, Factor:ONE, State:OPEN]
2019-09-09 16:55:51,461 [grpc-default-executor-12] INFO  impl.RaftServerProxy (RaftServerProxy.java:addNew(89)) - 5ffdae7f-f4e4-4d79-867a-68feb8e0c22d: addNew group-B39BE48DD494:[5ffdae7f-f4e4-4d79-867a-68feb8e0c22d:192.168.69.125:44397] returns group-B39BE48DD494:java.util.concurrent.CompletableFuture@2e106f34[Not completed]
2019-09-09 16:55:51,462 [pool-459-thread-1] INFO  impl.RaftServerImpl (RaftServerImpl.java:<init>(95)) - 5ffdae7f-f4e4-4d79-867a-68feb8e0c22d: new RaftServerImpl for group-B39BE48DD494:[5ffdae7f-f4e4-4d79-867a-68feb8e0c22d:192.168.69.125:44397] with ContainerStateMachine:uninitialized
2019-09-09 16:55:51,462 [pool-459-thread-1] INFO  server.RaftServerConfigKeys (ConfUtils.java:logGet(43)) - raft.server.rpc.timeout.min = 5s (custom)
2019-09-09 16:55:51,463 [pool-459-thread-1] INFO  server.RaftServerConfigKeys (ConfUtils.java:logGet(43)) - raft.server.rpc.timeout.max = 5200ms (custom)
2019-09-09 16:55:51,463 [pool-459-thread-1] INFO  server.RaftServerConfigKeys (ConfUtils.java:logGet(43)) - raft.server.rpcslowness.timeout = 120s (custom)
2019-09-09 16:55:51,463 [pool-459-thread-1] INFO  server.RaftServerConfigKeys (ConfUtils.java:logGet(43)) - raft.server.sleep.deviation.threshold = 300 (default)
2019-09-09 16:55:51,463 [pool-459-thread-1] INFO  server.RaftServerConfigKeys (ConfUtils.java:logGet(43)) - raft.server.log.appender.install.snapshot.enabled = false (custom)
2019-09-09 16:55:51,463 [pool-459-thread-1] INFO  impl.RaftServerImpl (ServerState.java:<init>(103)) - 5ffdae7f-f4e4-4d79-867a-68feb8e0c22d@group-B39BE48DD494: ConfigurationManager, init=-1: [5ffdae7f-f4e4-4d79-867a-68feb8e0c22d:192.168.69.125:44397], old=null, confs=<EMPTY_MAP>
2019-09-09 16:55:51,463 [pool-459-thread-1] INFO  server.RaftServerConfigKeys (ConfUtils.java:logGet(43)) - raft.server.storage.dir = [/workdir/hadoop-ozone/integration-test/target/test-dir/MiniOzoneClusterImpl-159a55fc-c6c6-4d0b-a61c-0ed7c6373e46/datanode-5/data/ratis] (custom)
2019-09-09 16:55:51,464 [pool-459-thread-1] INFO  storage.RaftStorageDirectory (RaftStorageDirectory.java:analyzeStorage(246)) - The storage directory /workdir/hadoop-ozone/integration-test/target/test-dir/MiniOzoneClusterImpl-159a55fc-c6c6-4d0b-a61c-0ed7c6373e46/datanode-5/data/ratis/28274a59-add6-44e3-8c85-b39be48dd494 does not exist. Creating ...
2019-09-09 16:55:51,471 [pool-459-thread-1] INFO  storage.RaftStorageDirectory (RaftStorageDirectory.java:tryLock(328)) - Lock on /workdir/hadoop-ozone/integration-test/target/test-dir/MiniOzoneClusterImpl-159a55fc-c6c6-4d0b-a61c-0ed7c6373e46/datanode-5/data/ratis/28274a59-add6-44e3-8c85-b39be48dd494/in_use.lock acquired by nodename 16811@pr-hdds-2075-2jgdb-1977554158
2019-09-09 16:55:51,486 [pool-459-thread-1] INFO  storage.RaftStorage (RaftStorage.java:format(72)) - Storage directory /workdir/hadoop-ozone/integration-test/target/test-dir/MiniOzoneClusterImpl-159a55fc-c6c6-4d0b-a61c-0ed7c6373e46/datanode-5/data/ratis/28274a59-add6-44e3-8c85-b39be48dd494 has been successfully formatted.
2019-09-09 16:55:51,487 [pool-459-thread-1] INFO  ratis.ContainerStateMachine (ContainerStateMachine.java:loadSnapshot(232)) - group-B39BE48DD494: The snapshot info is null. Setting the last applied indexto:(t:0, i:~)
2019-09-09 16:55:51,487 [pool-459-thread-1] INFO  server.RaftServerConfigKeys (ConfUtils.java:logGet(43)) - raft.server.notification.no-leader.timeout = 120s (custom)
2019-09-09 16:55:51,487 [pool-459-thread-1] INFO  server.RaftServerConfigKeys (ConfUtils.java:logGet(43)) - raft.server.log.use.memory = false (default)
2019-09-09 16:55:51,487 [pool-459-thread-1] INFO  server.RaftServerConfigKeys (ConfUtils.java:logGet(43)) - raft.server.log.purge.gap = 1000000 (custom)
2019-09-09 16:55:51,487 [pool-459-thread-1] INFO  server.RaftServerConfigKeys (ConfUtils.java:logGet(43)) - raft.server.log.appender.buffer.byte-limit = 33554432 (custom)
2019-09-09 16:55:51,488 [pool-459-thread-1] INFO  server.RaftServerConfigKeys (ConfUtils.java:logGet(43)) - raft.server.log.segment.size.max = 1048576 (custom)
2019-09-09 16:55:51,488 [pool-459-thread-1] INFO  server.RaftServerConfigKeys (ConfUtils.java:logGet(43)) - raft.server.log.segment.cache.num.max = 2 (custom)
2019-09-09 16:55:51,488 [pool-459-thread-1] INFO  segmented.SegmentedRaftLogWorker (SegmentedRaftLogWorker.java:<init>(172)) - new 5ffdae7f-f4e4-4d79-867a-68feb8e0c22d@group-B39BE48DD494-SegmentedRaftLogWorker for RaftStorage:Storage Directory /workdir/hadoop-ozone/integration-test/target/test-dir/MiniOzoneClusterImpl-159a55fc-c6c6-4d0b-a61c-0ed7c6373e46/datanode-5/data/ratis/28274a59-add6-44e3-8c85-b39be48dd494
2019-09-09 16:55:51,490 [pool-459-thread-1] INFO  server.RaftServerConfigKeys (ConfUtils.java:logGet(43)) - raft.server.log.queue.byte-limit = 2147483647 (custom)
2019-09-09 16:55:51,490 [pool-459-thread-1] INFO  server.RaftServerConfigKeys (ConfUtils.java:logGet(43)) - raft.server.log.queue.element-limit = 1024 (custom)
2019-09-09 16:55:51,490 [pool-459-thread-1] INFO  server.RaftServerConfigKeys (ConfUtils.java:logGet(43)) - raft.server.log.segment.size.max = 1048576 (custom)
2019-09-09 16:55:51,490 [pool-459-thread-1] INFO  server.RaftServerConfigKeys (ConfUtils.java:logGet(43)) - raft.server.log.preallocated.size = 16384 (custom)
2019-09-09 16:55:51,491 [pool-459-thread-1] INFO  server.RaftServerConfigKeys (ConfUtils.java:logGet(43)) - raft.server.log.write.buffer.size = 33554432 (custom)
2019-09-09 16:55:51,491 [pool-459-thread-1] INFO  server.RaftServerConfigKeys (ConfUtils.java:logGet(43)) - raft.server.log.force.sync.num = 128 (default)
2019-09-09 16:55:51,491 [pool-459-thread-1] INFO  server.RaftServerConfigKeys (ConfUtils.java:logGet(43)) - raft.server.log.statemachine.data.sync = true (default)
2019-09-09 16:55:51,491 [pool-459-thread-1] INFO  server.RaftServerConfigKeys (ConfUtils.java:logGet(43)) - raft.server.log.statemachine.data.sync.timeout = 10s (default)
2019-09-09 16:55:51,491 [pool-459-thread-1] INFO  server.RaftServerConfigKeys (ConfUtils.java:logGet(43)) - raft.server.log.statemachine.data.sync.timeout.retry = -1 (default)
2019-09-09 16:55:51,491 [pool-459-thread-1] INFO  server.RaftServerConfigKeys (ConfUtils.java:logGet(43)) - raft.server.log.statemachine.data.caching.enabled = true (custom)
2019-09-09 16:55:51,492 [pool-459-thread-1] INFO  segmented.SegmentedRaftLogWorker (SegmentedRaftLogWorker.java:lambda$new$0(132)) - 5ffdae7f-f4e4-4d79-867a-68feb8e0c22d@group-B39BE48DD494-SegmentedRaftLogWorker: flushIndex: setUnconditionally 0 -> -1
2019-09-09 16:55:51,492 [pool-459-thread-1] INFO  server.RaftServerConfigKeys (ConfUtils.java:logGet(43)) - raft.server.snapshot.auto.trigger.enabled = true (custom)
2019-09-09 16:55:51,492 [pool-459-thread-1] INFO  server.RaftServerConfigKeys (ConfUtils.java:logGet(43)) - raft.server.snapshot.auto.trigger.threshold = 10000 (custom)
2019-09-09 16:55:51,492 [pool-459-thread-1] INFO  server.RaftServerConfigKeys (ConfUtils.java:logGet(43)) - raft.server.snapshot.retention.num.files = -1 (default)
2019-09-09 16:55:51,492 [pool-459-thread-1] INFO  server.RaftServerConfigKeys (ConfUtils.java:logGet(43)) - raft.server.retrycache.expirytime = 600000ms (custom)
2019-09-09 16:55:51,494 [pool-459-thread-1] INFO  impl.RaftServerImpl (RaftServerImpl.java:start(185)) - 5ffdae7f-f4e4-4d79-867a-68feb8e0c22d@group-B39BE48DD494: start as a follower, conf=-1: [5ffdae7f-f4e4-4d79-867a-68feb8e0c22d:192.168.69.125:44397], old=null
2019-09-09 16:55:51,494 [pool-459-thread-1] INFO  impl.RaftServerImpl (RaftServerImpl.java:setRole(174)) - 5ffdae7f-f4e4-4d79-867a-68feb8e0c22d@group-B39BE48DD494: changes role from      null to FOLLOWER at term 0 for startAsFollower
2019-09-09 16:55:51,494 [pool-459-thread-1] INFO  impl.RoleInfo (RoleInfo.java:updateAndGet(143)) - 5ffdae7f-f4e4-4d79-867a-68feb8e0c22d: start FollowerState
2019-09-09 16:55:51,494 [pool-459-thread-1] INFO  util.JmxRegister (JmxRegister.java:tryRegister(44)) - Successfully registered JMX Bean with object name Ratis:service=RaftServer,group=group-B39BE48DD494,id=5ffdae7f-f4e4-4d79-867a-68feb8e0c22d
2019-09-09 16:55:51,499 [RatisPipelineUtilsThread] INFO  pipeline.PipelineStateManager (PipelineStateManager.java:addPipeline(56)) - Created pipeline Pipeline[ Id: 28274a59-add6-44e3-8c85-b39be48dd494, Nodes: 5ffdae7f-f4e4-4d79-867a-68feb8e0c22d{ip: 192.168.69.125, host: pr-hdds-2075-2jgdb-1977554158, networkLocation: /default-rack, certSerialId: null}, Type:RATIS, Factor:ONE, State:OPEN]
2019-09-09 16:55:51,507 [main] INFO  ozone.MiniOzoneClusterImpl (MiniOzoneClusterImpl.java:lambda$waitForClusterToBeReady$0(140)) - Cluster is ready. Got 7 of 7 DN Heartbeats.
2019-09-09 16:55:51,507 [grpc-default-executor-12] INFO  impl.RaftServerProxy (RaftServerProxy.java:addNew(89)) - fef3bd8d-d922-47de-a285-b5c5b7637dd8: addNew group-1E7DA2E8DEC6:[fef3bd8d-d922-47de-a285-b5c5b7637dd8:192.168.69.125:38606] returns group-1E7DA2E8DEC6:java.util.concurrent.CompletableFuture@4f29eb8a[Not completed]
2019-09-09 16:55:51,507 [IPC Server handler 4 on 42273] INFO  net.NetworkTopology (NetworkTopologyImpl.java:add(110)) - Added a new node: /default-rack/99b77255-435a-4470-bbcd-054d51502fb4
2019-09-09 16:55:51,508 [IPC Server handler 4 on 42273] INFO  node.SCMNodeManager (SCMNodeManager.java:register(266)) - Registered Data node : 99b77255-435a-4470-bbcd-054d51502fb4{ip: 192.168.69.125, host: pr-hdds-2075-2jgdb-1977554158, networkLocation: /default-rack, certSerialId: null}
2019-09-09 16:55:51,508 [pool-449-thread-1] INFO  impl.RaftServerImpl (RaftServerImpl.java:<init>(95)) - fef3bd8d-d922-47de-a285-b5c5b7637dd8: new RaftServerImpl for group-1E7DA2E8DEC6:[fef3bd8d-d922-47de-a285-b5c5b7637dd8:192.168.69.125:38606] with ContainerStateMachine:uninitialized
2019-09-09 16:55:51,509 [pool-449-thread-1] INFO  server.RaftServerConfigKeys (ConfUtils.java:logGet(43)) - raft.server.rpc.timeout.min = 5s (custom)
2019-09-09 16:55:51,509 [pool-449-thread-1] INFO  server.RaftServerConfigKeys (ConfUtils.java:logGet(43)) - raft.server.rpc.timeout.max = 5200ms (custom)
2019-09-09 16:55:51,509 [pool-449-thread-1] INFO  server.RaftServerConfigKeys (ConfUtils.java:logGet(43)) - raft.server.rpcslowness.timeout = 120s (custom)
2019-09-09 16:55:51,509 [pool-449-thread-1] INFO  server.RaftServerConfigKeys (ConfUtils.java:logGet(43)) - raft.server.sleep.deviation.threshold = 300 (default)
2019-09-09 16:55:51,509 [pool-449-thread-1] INFO  server.RaftServerConfigKeys (ConfUtils.java:logGet(43)) - raft.server.log.appender.install.snapshot.enabled = false (custom)
2019-09-09 16:55:51,509 [pool-449-thread-1] INFO  impl.RaftServerImpl (ServerState.java:<init>(103)) - fef3bd8d-d922-47de-a285-b5c5b7637dd8@group-1E7DA2E8DEC6: ConfigurationManager, init=-1: [fef3bd8d-d922-47de-a285-b5c5b7637dd8:192.168.69.125:38606], old=null, confs=<EMPTY_MAP>
2019-09-09 16:55:51,509 [pool-449-thread-1] INFO  server.RaftServerConfigKeys (ConfUtils.java:logGet(43)) - raft.server.storage.dir = [/workdir/hadoop-ozone/integration-test/target/test-dir/MiniOzoneClusterImpl-159a55fc-c6c6-4d0b-a61c-0ed7c6373e46/datanode-4/data/ratis] (custom)
2019-09-09 16:55:51,510 [pool-449-thread-1] INFO  storage.RaftStorageDirectory (RaftStorageDirectory.java:analyzeStorage(246)) - The storage directory /workdir/hadoop-ozone/integration-test/target/test-dir/MiniOzoneClusterImpl-159a55fc-c6c6-4d0b-a61c-0ed7c6373e46/datanode-4/data/ratis/f6395fb2-927d-4c28-95d8-1e7da2e8dec6 does not exist. Creating ...
2019-09-09 16:55:51,537 [main] INFO  rpc.RpcClient (RpcClient.java:createVolume(301)) - Creating Volume: testblockoutputstream, with jenkins1000 as owner.
2019-09-09 16:55:51,539 [IPC Server handler 0 on 35596] INFO  volume.OMVolumeCreateRequest (OMVolumeCreateRequest.java:validateAndUpdateCache(189)) - created volume:testblockoutputstream for user:jenkins1000
2019-09-09 16:55:51,551 [main] INFO  rpc.RpcClient (RpcClient.java:createBucket(440)) - Creating Bucket: testblockoutputstream/testblockoutputstream, with Versioning false and Storage Type set to DISK and Encryption set to false 
2019-09-09 16:55:51,658 [pool-449-thread-1] INFO  storage.RaftStorageDirectory (RaftStorageDirectory.java:tryLock(328)) - Lock on /workdir/hadoop-ozone/integration-test/target/test-dir/MiniOzoneClusterImpl-159a55fc-c6c6-4d0b-a61c-0ed7c6373e46/datanode-4/data/ratis/f6395fb2-927d-4c28-95d8-1e7da2e8dec6/in_use.lock acquired by nodename 16811@pr-hdds-2075-2jgdb-1977554158
2019-09-09 16:55:51,674 [pool-449-thread-1] INFO  storage.RaftStorage (RaftStorage.java:format(72)) - Storage directory /workdir/hadoop-ozone/integration-test/target/test-dir/MiniOzoneClusterImpl-159a55fc-c6c6-4d0b-a61c-0ed7c6373e46/datanode-4/data/ratis/f6395fb2-927d-4c28-95d8-1e7da2e8dec6 has been successfully formatted.
2019-09-09 16:55:51,674 [pool-449-thread-1] INFO  ratis.ContainerStateMachine (ContainerStateMachine.java:loadSnapshot(232)) - group-1E7DA2E8DEC6: The snapshot info is null. Setting the last applied indexto:(t:0, i:~)
2019-09-09 16:55:51,674 [pool-449-thread-1] INFO  server.RaftServerConfigKeys (ConfUtils.java:logGet(43)) - raft.server.notification.no-leader.timeout = 120s (custom)
2019-09-09 16:55:51,674 [pool-449-thread-1] INFO  server.RaftServerConfigKeys (ConfUtils.java:logGet(43)) - raft.server.log.use.memory = false (default)
2019-09-09 16:55:51,674 [pool-449-thread-1] INFO  server.RaftServerConfigKeys (ConfUtils.java:logGet(43)) - raft.server.log.purge.gap = 1000000 (custom)
2019-09-09 16:55:51,675 [pool-449-thread-1] INFO  server.RaftServerConfigKeys (ConfUtils.java:logGet(43)) - raft.server.log.appender.buffer.byte-limit = 33554432 (custom)
2019-09-09 16:55:51,675 [pool-449-thread-1] INFO  server.RaftServerConfigKeys (ConfUtils.java:logGet(43)) - raft.server.log.segment.size.max = 1048576 (custom)
2019-09-09 16:55:51,675 [pool-449-thread-1] INFO  server.RaftServerConfigKeys (ConfUtils.java:logGet(43)) - raft.server.log.segment.cache.num.max = 2 (custom)
2019-09-09 16:55:51,675 [pool-449-thread-1] INFO  segmented.SegmentedRaftLogWorker (SegmentedRaftLogWorker.java:<init>(172)) - new fef3bd8d-d922-47de-a285-b5c5b7637dd8@group-1E7DA2E8DEC6-SegmentedRaftLogWorker for RaftStorage:Storage Directory /workdir/hadoop-ozone/integration-test/target/test-dir/MiniOzoneClusterImpl-159a55fc-c6c6-4d0b-a61c-0ed7c6373e46/datanode-4/data/ratis/f6395fb2-927d-4c28-95d8-1e7da2e8dec6
2019-09-09 16:55:51,677 [pool-449-thread-1] INFO  server.RaftServerConfigKeys (ConfUtils.java:logGet(43)) - raft.server.log.queue.byte-limit = 2147483647 (custom)
2019-09-09 16:55:51,677 [pool-449-thread-1] INFO  server.RaftServerConfigKeys (ConfUtils.java:logGet(43)) - raft.server.log.queue.element-limit = 1024 (custom)
2019-09-09 16:55:51,677 [pool-449-thread-1] INFO  server.RaftServerConfigKeys (ConfUtils.java:logGet(43)) - raft.server.log.segment.size.max = 1048576 (custom)
2019-09-09 16:55:51,677 [pool-449-thread-1] INFO  server.RaftServerConfigKeys (ConfUtils.java:logGet(43)) - raft.server.log.preallocated.size = 16384 (custom)
2019-09-09 16:55:51,677 [pool-449-thread-1] INFO  server.RaftServerConfigKeys (ConfUtils.java:logGet(43)) - raft.server.log.write.buffer.size = 33554432 (custom)
2019-09-09 16:55:51,677 [pool-449-thread-1] INFO  server.RaftServerConfigKeys (ConfUtils.java:logGet(43)) - raft.server.log.force.sync.num = 128 (default)
2019-09-09 16:55:51,677 [pool-449-thread-1] INFO  server.RaftServerConfigKeys (ConfUtils.java:logGet(43)) - raft.server.log.statemachine.data.sync = true (default)
2019-09-09 16:55:51,677 [pool-449-thread-1] INFO  server.RaftServerConfigKeys (ConfUtils.java:logGet(43)) - raft.server.log.statemachine.data.sync.timeout = 10s (default)
2019-09-09 16:55:51,677 [pool-449-thread-1] INFO  server.RaftServerConfigKeys (ConfUtils.java:logGet(43)) - raft.server.log.statemachine.data.sync.timeout.retry = -1 (default)
2019-09-09 16:55:51,678 [pool-449-thread-1] INFO  server.RaftServerConfigKeys (ConfUtils.java:logGet(43)) - raft.server.log.statemachine.data.caching.enabled = true (custom)
2019-09-09 16:55:51,678 [pool-449-thread-1] INFO  segmented.SegmentedRaftLogWorker (SegmentedRaftLogWorker.java:lambda$new$0(132)) - fef3bd8d-d922-47de-a285-b5c5b7637dd8@group-1E7DA2E8DEC6-SegmentedRaftLogWorker: flushIndex: setUnconditionally 0 -> -1
2019-09-09 16:55:51,678 [pool-449-thread-1] INFO  server.RaftServerConfigKeys (ConfUtils.java:logGet(43)) - raft.server.snapshot.auto.trigger.enabled = true (custom)
2019-09-09 16:55:51,678 [pool-449-thread-1] INFO  server.RaftServerConfigKeys (ConfUtils.java:logGet(43)) - raft.server.snapshot.auto.trigger.threshold = 10000 (custom)
2019-09-09 16:55:51,678 [pool-449-thread-1] INFO  server.RaftServerConfigKeys (ConfUtils.java:logGet(43)) - raft.server.snapshot.retention.num.files = -1 (default)
2019-09-09 16:55:51,678 [pool-449-thread-1] INFO  server.RaftServerConfigKeys (ConfUtils.java:logGet(43)) - raft.server.retrycache.expirytime = 600000ms (custom)
2019-09-09 16:55:51,680 [pool-449-thread-1] INFO  impl.RaftServerImpl (RaftServerImpl.java:start(185)) - fef3bd8d-d922-47de-a285-b5c5b7637dd8@group-1E7DA2E8DEC6: start as a follower, conf=-1: [fef3bd8d-d922-47de-a285-b5c5b7637dd8:192.168.69.125:38606], old=null
2019-09-09 16:55:51,680 [pool-449-thread-1] INFO  impl.RaftServerImpl (RaftServerImpl.java:setRole(174)) - fef3bd8d-d922-47de-a285-b5c5b7637dd8@group-1E7DA2E8DEC6: changes role from      null to FOLLOWER at term 0 for startAsFollower
2019-09-09 16:55:51,680 [pool-449-thread-1] INFO  impl.RoleInfo (RoleInfo.java:updateAndGet(143)) - fef3bd8d-d922-47de-a285-b5c5b7637dd8: start FollowerState
2019-09-09 16:55:51,680 [pool-449-thread-1] INFO  util.JmxRegister (JmxRegister.java:tryRegister(44)) - Successfully registered JMX Bean with object name Ratis:service=RaftServer,group=group-1E7DA2E8DEC6,id=fef3bd8d-d922-47de-a285-b5c5b7637dd8
2019-09-09 16:55:51,685 [RatisPipelineUtilsThread] INFO  pipeline.PipelineStateManager (PipelineStateManager.java:addPipeline(56)) - Created pipeline Pipeline[ Id: f6395fb2-927d-4c28-95d8-1e7da2e8dec6, Nodes: fef3bd8d-d922-47de-a285-b5c5b7637dd8{ip: 192.168.69.125, host: pr-hdds-2075-2jgdb-1977554158, networkLocation: /default-rack, certSerialId: null}, Type:RATIS, Factor:ONE, State:OPEN]
2019-09-09 16:55:51,692 [grpc-default-executor-12] INFO  impl.RaftServerProxy (RaftServerProxy.java:addNew(89)) - 99b77255-435a-4470-bbcd-054d51502fb4: addNew group-869E78F31244:[99b77255-435a-4470-bbcd-054d51502fb4:192.168.69.125:39830] returns group-869E78F31244:java.util.concurrent.CompletableFuture@e10ab64[Not completed]
2019-09-09 16:55:51,694 [pool-469-thread-1] INFO  impl.RaftServerImpl (RaftServerImpl.java:<init>(95)) - 99b77255-435a-4470-bbcd-054d51502fb4: new RaftServerImpl for group-869E78F31244:[99b77255-435a-4470-bbcd-054d51502fb4:192.168.69.125:39830] with ContainerStateMachine:uninitialized
2019-09-09 16:55:51,694 [pool-469-thread-1] INFO  server.RaftServerConfigKeys (ConfUtils.java:logGet(43)) - raft.server.rpc.timeout.min = 5s (custom)
2019-09-09 16:55:51,694 [pool-469-thread-1] INFO  server.RaftServerConfigKeys (ConfUtils.java:logGet(43)) - raft.server.rpc.timeout.max = 5200ms (custom)
2019-09-09 16:55:51,694 [pool-469-thread-1] INFO  server.RaftServerConfigKeys (ConfUtils.java:logGet(43)) - raft.server.rpcslowness.timeout = 120s (custom)
2019-09-09 16:55:51,694 [pool-469-thread-1] INFO  server.RaftServerConfigKeys (ConfUtils.java:logGet(43)) - raft.server.sleep.deviation.threshold = 300 (default)
2019-09-09 16:55:51,694 [pool-469-thread-1] INFO  server.RaftServerConfigKeys (ConfUtils.java:logGet(43)) - raft.server.log.appender.install.snapshot.enabled = false (custom)
2019-09-09 16:55:51,694 [pool-469-thread-1] INFO  impl.RaftServerImpl (ServerState.java:<init>(103)) - 99b77255-435a-4470-bbcd-054d51502fb4@group-869E78F31244: ConfigurationManager, init=-1: [99b77255-435a-4470-bbcd-054d51502fb4:192.168.69.125:39830], old=null, confs=<EMPTY_MAP>
2019-09-09 16:55:51,695 [pool-469-thread-1] INFO  server.RaftServerConfigKeys (ConfUtils.java:logGet(43)) - raft.server.storage.dir = [/workdir/hadoop-ozone/integration-test/target/test-dir/MiniOzoneClusterImpl-159a55fc-c6c6-4d0b-a61c-0ed7c6373e46/datanode-6/data/ratis] (custom)
2019-09-09 16:55:51,695 [pool-469-thread-1] INFO  storage.RaftStorageDirectory (RaftStorageDirectory.java:analyzeStorage(246)) - The storage directory /workdir/hadoop-ozone/integration-test/target/test-dir/MiniOzoneClusterImpl-159a55fc-c6c6-4d0b-a61c-0ed7c6373e46/datanode-6/data/ratis/5e8a1c93-a7e3-4ac4-8d5f-869e78f31244 does not exist. Creating ...
2019-09-09 16:55:51,719 [pool-469-thread-1] INFO  storage.RaftStorageDirectory (RaftStorageDirectory.java:tryLock(328)) - Lock on /workdir/hadoop-ozone/integration-test/target/test-dir/MiniOzoneClusterImpl-159a55fc-c6c6-4d0b-a61c-0ed7c6373e46/datanode-6/data/ratis/5e8a1c93-a7e3-4ac4-8d5f-869e78f31244/in_use.lock acquired by nodename 16811@pr-hdds-2075-2jgdb-1977554158
2019-09-09 16:55:51,735 [pool-469-thread-1] INFO  storage.RaftStorage (RaftStorage.java:format(72)) - Storage directory /workdir/hadoop-ozone/integration-test/target/test-dir/MiniOzoneClusterImpl-159a55fc-c6c6-4d0b-a61c-0ed7c6373e46/datanode-6/data/ratis/5e8a1c93-a7e3-4ac4-8d5f-869e78f31244 has been successfully formatted.
2019-09-09 16:55:51,735 [pool-469-thread-1] INFO  ratis.ContainerStateMachine (ContainerStateMachine.java:loadSnapshot(232)) - group-869E78F31244: The snapshot info is null. Setting the last applied indexto:(t:0, i:~)
2019-09-09 16:55:51,735 [pool-469-thread-1] INFO  server.RaftServerConfigKeys (ConfUtils.java:logGet(43)) - raft.server.notification.no-leader.timeout = 120s (custom)
2019-09-09 16:55:51,736 [pool-469-thread-1] INFO  server.RaftServerConfigKeys (ConfUtils.java:logGet(43)) - raft.server.log.use.memory = false (default)
2019-09-09 16:55:51,736 [pool-469-thread-1] INFO  server.RaftServerConfigKeys (ConfUtils.java:logGet(43)) - raft.server.log.purge.gap = 1000000 (custom)
2019-09-09 16:55:51,736 [pool-469-thread-1] INFO  server.RaftServerConfigKeys (ConfUtils.java:logGet(43)) - raft.server.log.appender.buffer.byte-limit = 33554432 (custom)
2019-09-09 16:55:51,736 [pool-469-thread-1] INFO  server.RaftServerConfigKeys (ConfUtils.java:logGet(43)) - raft.server.log.segment.size.max = 1048576 (custom)
2019-09-09 16:55:51,736 [pool-469-thread-1] INFO  server.RaftServerConfigKeys (ConfUtils.java:logGet(43)) - raft.server.log.segment.cache.num.max = 2 (custom)
2019-09-09 16:55:51,736 [pool-469-thread-1] INFO  segmented.SegmentedRaftLogWorker (SegmentedRaftLogWorker.java:<init>(172)) - new 99b77255-435a-4470-bbcd-054d51502fb4@group-869E78F31244-SegmentedRaftLogWorker for RaftStorage:Storage Directory /workdir/hadoop-ozone/integration-test/target/test-dir/MiniOzoneClusterImpl-159a55fc-c6c6-4d0b-a61c-0ed7c6373e46/datanode-6/data/ratis/5e8a1c93-a7e3-4ac4-8d5f-869e78f31244
2019-09-09 16:55:51,738 [pool-469-thread-1] INFO  server.RaftServerConfigKeys (ConfUtils.java:logGet(43)) - raft.server.log.queue.byte-limit = 2147483647 (custom)
2019-09-09 16:55:51,738 [pool-469-thread-1] INFO  server.RaftServerConfigKeys (ConfUtils.java:logGet(43)) - raft.server.log.queue.element-limit = 1024 (custom)
2019-09-09 16:55:51,738 [pool-469-thread-1] INFO  server.RaftServerConfigKeys (ConfUtils.java:logGet(43)) - raft.server.log.segment.size.max = 1048576 (custom)
2019-09-09 16:55:51,738 [pool-469-thread-1] INFO  server.RaftServerConfigKeys (ConfUtils.java:logGet(43)) - raft.server.log.preallocated.size = 16384 (custom)
2019-09-09 16:55:51,738 [pool-469-thread-1] INFO  server.RaftServerConfigKeys (ConfUtils.java:logGet(43)) - raft.server.log.write.buffer.size = 33554432 (custom)
2019-09-09 16:55:51,738 [pool-469-thread-1] INFO  server.RaftServerConfigKeys (ConfUtils.java:logGet(43)) - raft.server.log.force.sync.num = 128 (default)
2019-09-09 16:55:51,738 [pool-469-thread-1] INFO  server.RaftServerConfigKeys (ConfUtils.java:logGet(43)) - raft.server.log.statemachine.data.sync = true (default)
2019-09-09 16:55:51,738 [pool-469-thread-1] INFO  server.RaftServerConfigKeys (ConfUtils.java:logGet(43)) - raft.server.log.statemachine.data.sync.timeout = 10s (default)
2019-09-09 16:55:51,738 [pool-469-thread-1] INFO  server.RaftServerConfigKeys (ConfUtils.java:logGet(43)) - raft.server.log.statemachine.data.sync.timeout.retry = -1 (default)
2019-09-09 16:55:51,738 [pool-469-thread-1] INFO  server.RaftServerConfigKeys (ConfUtils.java:logGet(43)) - raft.server.log.statemachine.data.caching.enabled = true (custom)
2019-09-09 16:55:51,739 [pool-469-thread-1] INFO  segmented.SegmentedRaftLogWorker (SegmentedRaftLogWorker.java:lambda$new$0(132)) - 99b77255-435a-4470-bbcd-054d51502fb4@group-869E78F31244-SegmentedRaftLogWorker: flushIndex: setUnconditionally 0 -> -1
2019-09-09 16:55:51,739 [pool-469-thread-1] INFO  server.RaftServerConfigKeys (ConfUtils.java:logGet(43)) - raft.server.snapshot.auto.trigger.enabled = true (custom)
2019-09-09 16:55:51,739 [pool-469-thread-1] INFO  server.RaftServerConfigKeys (ConfUtils.java:logGet(43)) - raft.server.snapshot.auto.trigger.threshold = 10000 (custom)
2019-09-09 16:55:51,739 [pool-469-thread-1] INFO  server.RaftServerConfigKeys (ConfUtils.java:logGet(43)) - raft.server.snapshot.retention.num.files = -1 (default)
2019-09-09 16:55:51,739 [pool-469-thread-1] INFO  server.RaftServerConfigKeys (ConfUtils.java:logGet(43)) - raft.server.retrycache.expirytime = 600000ms (custom)
2019-09-09 16:55:51,741 [pool-469-thread-1] INFO  impl.RaftServerImpl (RaftServerImpl.java:start(185)) - 99b77255-435a-4470-bbcd-054d51502fb4@group-869E78F31244: start as a follower, conf=-1: [99b77255-435a-4470-bbcd-054d51502fb4:192.168.69.125:39830], old=null
2019-09-09 16:55:51,741 [pool-469-thread-1] INFO  impl.RaftServerImpl (RaftServerImpl.java:setRole(174)) - 99b77255-435a-4470-bbcd-054d51502fb4@group-869E78F31244: changes role from      null to FOLLOWER at term 0 for startAsFollower
2019-09-09 16:55:51,741 [pool-469-thread-1] INFO  impl.RoleInfo (RoleInfo.java:updateAndGet(143)) - 99b77255-435a-4470-bbcd-054d51502fb4: start FollowerState
2019-09-09 16:55:51,741 [pool-469-thread-1] INFO  util.JmxRegister (JmxRegister.java:tryRegister(44)) - Successfully registered JMX Bean with object name Ratis:service=RaftServer,group=group-869E78F31244,id=99b77255-435a-4470-bbcd-054d51502fb4
2019-09-09 16:55:51,745 [RatisPipelineUtilsThread] INFO  pipeline.PipelineStateManager (PipelineStateManager.java:addPipeline(56)) - Created pipeline Pipeline[ Id: 5e8a1c93-a7e3-4ac4-8d5f-869e78f31244, Nodes: 99b77255-435a-4470-bbcd-054d51502fb4{ip: 192.168.69.125, host: pr-hdds-2075-2jgdb-1977554158, networkLocation: /default-rack, certSerialId: null}, Type:RATIS, Factor:ONE, State:OPEN]
2019-09-09 16:55:51,758 [grpc-default-executor-10] INFO  impl.RaftServerProxy (RaftServerProxy.java:addNew(89)) - a5b923f2-7f8f-418d-81e1-d85ab7469232: addNew group-6C05AF0CD5A8:[b4370686-254e-42e8-8711-e188529c4c34:192.168.69.125:35664, a5b923f2-7f8f-418d-81e1-d85ab7469232:192.168.69.125:40605, 5ffdae7f-f4e4-4d79-867a-68feb8e0c22d:192.168.69.125:44397] returns group-6C05AF0CD5A8:java.util.concurrent.CompletableFuture@3ed70124[Not completed]
2019-09-09 16:55:51,758 [grpc-default-executor-2] INFO  impl.RaftServerProxy (RaftServerProxy.java:addNew(89)) - 5ffdae7f-f4e4-4d79-867a-68feb8e0c22d: addNew group-6C05AF0CD5A8:[b4370686-254e-42e8-8711-e188529c4c34:192.168.69.125:35664, a5b923f2-7f8f-418d-81e1-d85ab7469232:192.168.69.125:40605, 5ffdae7f-f4e4-4d79-867a-68feb8e0c22d:192.168.69.125:44397] returns group-6C05AF0CD5A8:java.util.concurrent.CompletableFuture@27898d7[Not completed]
2019-09-09 16:55:51,758 [grpc-default-executor-12] INFO  impl.RaftServerProxy (RaftServerProxy.java:addNew(89)) - b4370686-254e-42e8-8711-e188529c4c34: addNew group-6C05AF0CD5A8:[b4370686-254e-42e8-8711-e188529c4c34:192.168.69.125:35664, a5b923f2-7f8f-418d-81e1-d85ab7469232:192.168.69.125:40605, 5ffdae7f-f4e4-4d79-867a-68feb8e0c22d:192.168.69.125:44397] returns group-6C05AF0CD5A8:java.util.concurrent.CompletableFuture@624482b[Not completed]
2019-09-09 16:55:51,759 [pool-439-thread-1] INFO  impl.RaftServerImpl (RaftServerImpl.java:<init>(95)) - a5b923f2-7f8f-418d-81e1-d85ab7469232: new RaftServerImpl for group-6C05AF0CD5A8:[b4370686-254e-42e8-8711-e188529c4c34:192.168.69.125:35664, a5b923f2-7f8f-418d-81e1-d85ab7469232:192.168.69.125:40605, 5ffdae7f-f4e4-4d79-867a-68feb8e0c22d:192.168.69.125:44397] with ContainerStateMachine:uninitialized
2019-09-09 16:55:51,759 [pool-439-thread-1] INFO  server.RaftServerConfigKeys (ConfUtils.java:logGet(43)) - raft.server.rpc.timeout.min = 5s (custom)
2019-09-09 16:55:51,759 [pool-409-thread-1] INFO  impl.RaftServerImpl (RaftServerImpl.java:<init>(95)) - b4370686-254e-42e8-8711-e188529c4c34: new RaftServerImpl for group-6C05AF0CD5A8:[b4370686-254e-42e8-8711-e188529c4c34:192.168.69.125:35664, a5b923f2-7f8f-418d-81e1-d85ab7469232:192.168.69.125:40605, 5ffdae7f-f4e4-4d79-867a-68feb8e0c22d:192.168.69.125:44397] with ContainerStateMachine:uninitialized
2019-09-09 16:55:51,759 [pool-439-thread-1] INFO  server.RaftServerConfigKeys (ConfUtils.java:logGet(43)) - raft.server.rpc.timeout.max = 5200ms (custom)
2019-09-09 16:55:51,760 [pool-409-thread-1] INFO  server.RaftServerConfigKeys (ConfUtils.java:logGet(43)) - raft.server.rpc.timeout.min = 5s (custom)
2019-09-09 16:55:51,760 [pool-439-thread-1] INFO  server.RaftServerConfigKeys (ConfUtils.java:logGet(43)) - raft.server.rpcslowness.timeout = 120s (custom)
2019-09-09 16:55:51,760 [pool-409-thread-1] INFO  server.RaftServerConfigKeys (ConfUtils.java:logGet(43)) - raft.server.rpc.timeout.max = 5200ms (custom)
2019-09-09 16:55:51,760 [pool-439-thread-1] INFO  server.RaftServerConfigKeys (ConfUtils.java:logGet(43)) - raft.server.sleep.deviation.threshold = 300 (default)
2019-09-09 16:55:51,760 [pool-459-thread-1] INFO  impl.RaftServerImpl (RaftServerImpl.java:<init>(95)) - 5ffdae7f-f4e4-4d79-867a-68feb8e0c22d: new RaftServerImpl for group-6C05AF0CD5A8:[b4370686-254e-42e8-8711-e188529c4c34:192.168.69.125:35664, a5b923f2-7f8f-418d-81e1-d85ab7469232:192.168.69.125:40605, 5ffdae7f-f4e4-4d79-867a-68feb8e0c22d:192.168.69.125:44397] with ContainerStateMachine:uninitialized
2019-09-09 16:55:51,760 [pool-409-thread-1] INFO  server.RaftServerConfigKeys (ConfUtils.java:logGet(43)) - raft.server.rpcslowness.timeout = 120s (custom)
2019-09-09 16:55:51,760 [pool-459-thread-1] INFO  server.RaftServerConfigKeys (ConfUtils.java:logGet(43)) - raft.server.rpc.timeout.min = 5s (custom)
2019-09-09 16:55:51,760 [pool-439-thread-1] INFO  server.RaftServerConfigKeys (ConfUtils.java:logGet(43)) - raft.server.log.appender.install.snapshot.enabled = false (custom)
2019-09-09 16:55:51,760 [pool-459-thread-1] INFO  server.RaftServerConfigKeys (ConfUtils.java:logGet(43)) - raft.server.rpc.timeout.max = 5200ms (custom)
2019-09-09 16:55:51,760 [pool-409-thread-1] INFO  server.RaftServerConfigKeys (ConfUtils.java:logGet(43)) - raft.server.sleep.deviation.threshold = 300 (default)
2019-09-09 16:55:51,760 [pool-459-thread-1] INFO  server.RaftServerConfigKeys (ConfUtils.java:logGet(43)) - raft.server.rpcslowness.timeout = 120s (custom)
2019-09-09 16:55:51,760 [pool-439-thread-1] INFO  impl.RaftServerImpl (ServerState.java:<init>(103)) - a5b923f2-7f8f-418d-81e1-d85ab7469232@group-6C05AF0CD5A8: ConfigurationManager, init=-1: [b4370686-254e-42e8-8711-e188529c4c34:192.168.69.125:35664, a5b923f2-7f8f-418d-81e1-d85ab7469232:192.168.69.125:40605, 5ffdae7f-f4e4-4d79-867a-68feb8e0c22d:192.168.69.125:44397], old=null, confs=<EMPTY_MAP>
2019-09-09 16:55:51,761 [pool-459-thread-1] INFO  server.RaftServerConfigKeys (ConfUtils.java:logGet(43)) - raft.server.sleep.deviation.threshold = 300 (default)
2019-09-09 16:55:51,761 [pool-409-thread-1] INFO  server.RaftServerConfigKeys (ConfUtils.java:logGet(43)) - raft.server.log.appender.install.snapshot.enabled = false (custom)
2019-09-09 16:55:51,761 [pool-439-thread-1] INFO  server.RaftServerConfigKeys (ConfUtils.java:logGet(43)) - raft.server.storage.dir = [/workdir/hadoop-ozone/integration-test/target/test-dir/MiniOzoneClusterImpl-159a55fc-c6c6-4d0b-a61c-0ed7c6373e46/datanode-3/data/ratis] (custom)
2019-09-09 16:55:51,761 [pool-459-thread-1] INFO  server.RaftServerConfigKeys (ConfUtils.java:logGet(43)) - raft.server.log.appender.install.snapshot.enabled = false (custom)
2019-09-09 16:55:51,761 [pool-409-thread-1] INFO  impl.RaftServerImpl (ServerState.java:<init>(103)) - b4370686-254e-42e8-8711-e188529c4c34@group-6C05AF0CD5A8: ConfigurationManager, init=-1: [b4370686-254e-42e8-8711-e188529c4c34:192.168.69.125:35664, a5b923f2-7f8f-418d-81e1-d85ab7469232:192.168.69.125:40605, 5ffdae7f-f4e4-4d79-867a-68feb8e0c22d:192.168.69.125:44397], old=null, confs=<EMPTY_MAP>
2019-09-09 16:55:51,761 [pool-459-thread-1] INFO  impl.RaftServerImpl (ServerState.java:<init>(103)) - 5ffdae7f-f4e4-4d79-867a-68feb8e0c22d@group-6C05AF0CD5A8: ConfigurationManager, init=-1: [b4370686-254e-42e8-8711-e188529c4c34:192.168.69.125:35664, a5b923f2-7f8f-418d-81e1-d85ab7469232:192.168.69.125:40605, 5ffdae7f-f4e4-4d79-867a-68feb8e0c22d:192.168.69.125:44397], old=null, confs=<EMPTY_MAP>
2019-09-09 16:55:51,761 [pool-409-thread-1] INFO  server.RaftServerConfigKeys (ConfUtils.java:logGet(43)) - raft.server.storage.dir = [/workdir/hadoop-ozone/integration-test/target/test-dir/MiniOzoneClusterImpl-159a55fc-c6c6-4d0b-a61c-0ed7c6373e46/datanode-0/data/ratis] (custom)
2019-09-09 16:55:51,761 [pool-439-thread-1] INFO  storage.RaftStorageDirectory (RaftStorageDirectory.java:analyzeStorage(246)) - The storage directory /workdir/hadoop-ozone/integration-test/target/test-dir/MiniOzoneClusterImpl-159a55fc-c6c6-4d0b-a61c-0ed7c6373e46/datanode-3/data/ratis/fa876232-6852-4728-8832-6c05af0cd5a8 does not exist. Creating ...
2019-09-09 16:55:51,761 [pool-459-thread-1] INFO  server.RaftServerConfigKeys (ConfUtils.java:logGet(43)) - raft.server.storage.dir = [/workdir/hadoop-ozone/integration-test/target/test-dir/MiniOzoneClusterImpl-159a55fc-c6c6-4d0b-a61c-0ed7c6373e46/datanode-5/data/ratis] (custom)
2019-09-09 16:55:51,761 [pool-409-thread-1] INFO  storage.RaftStorageDirectory (RaftStorageDirectory.java:analyzeStorage(246)) - The storage directory /workdir/hadoop-ozone/integration-test/target/test-dir/MiniOzoneClusterImpl-159a55fc-c6c6-4d0b-a61c-0ed7c6373e46/datanode-0/data/ratis/fa876232-6852-4728-8832-6c05af0cd5a8 does not exist. Creating ...
2019-09-09 16:55:51,762 [pool-459-thread-1] INFO  storage.RaftStorageDirectory (RaftStorageDirectory.java:analyzeStorage(246)) - The storage directory /workdir/hadoop-ozone/integration-test/target/test-dir/MiniOzoneClusterImpl-159a55fc-c6c6-4d0b-a61c-0ed7c6373e46/datanode-5/data/ratis/fa876232-6852-4728-8832-6c05af0cd5a8 does not exist. Creating ...
2019-09-09 16:55:51,785 [pool-439-thread-1] INFO  storage.RaftStorageDirectory (RaftStorageDirectory.java:tryLock(328)) - Lock on /workdir/hadoop-ozone/integration-test/target/test-dir/MiniOzoneClusterImpl-159a55fc-c6c6-4d0b-a61c-0ed7c6373e46/datanode-3/data/ratis/fa876232-6852-4728-8832-6c05af0cd5a8/in_use.lock acquired by nodename 16811@pr-hdds-2075-2jgdb-1977554158
2019-09-09 16:55:51,785 [pool-409-thread-1] INFO  storage.RaftStorageDirectory (RaftStorageDirectory.java:tryLock(328)) - Lock on /workdir/hadoop-ozone/integration-test/target/test-dir/MiniOzoneClusterImpl-159a55fc-c6c6-4d0b-a61c-0ed7c6373e46/datanode-0/data/ratis/fa876232-6852-4728-8832-6c05af0cd5a8/in_use.lock acquired by nodename 16811@pr-hdds-2075-2jgdb-1977554158
2019-09-09 16:55:51,785 [pool-459-thread-1] INFO  storage.RaftStorageDirectory (RaftStorageDirectory.java:tryLock(328)) - Lock on /workdir/hadoop-ozone/integration-test/target/test-dir/MiniOzoneClusterImpl-159a55fc-c6c6-4d0b-a61c-0ed7c6373e46/datanode-5/data/ratis/fa876232-6852-4728-8832-6c05af0cd5a8/in_use.lock acquired by nodename 16811@pr-hdds-2075-2jgdb-1977554158
2019-09-09 16:55:51,808 [pool-409-thread-1] INFO  storage.RaftStorage (RaftStorage.java:format(72)) - Storage directory /workdir/hadoop-ozone/integration-test/target/test-dir/MiniOzoneClusterImpl-159a55fc-c6c6-4d0b-a61c-0ed7c6373e46/datanode-0/data/ratis/fa876232-6852-4728-8832-6c05af0cd5a8 has been successfully formatted.
2019-09-09 16:55:51,808 [pool-459-thread-1] INFO  storage.RaftStorage (RaftStorage.java:format(72)) - Storage directory /workdir/hadoop-ozone/integration-test/target/test-dir/MiniOzoneClusterImpl-159a55fc-c6c6-4d0b-a61c-0ed7c6373e46/datanode-5/data/ratis/fa876232-6852-4728-8832-6c05af0cd5a8 has been successfully formatted.
2019-09-09 16:55:51,808 [pool-439-thread-1] INFO  storage.RaftStorage (RaftStorage.java:format(72)) - Storage directory /workdir/hadoop-ozone/integration-test/target/test-dir/MiniOzoneClusterImpl-159a55fc-c6c6-4d0b-a61c-0ed7c6373e46/datanode-3/data/ratis/fa876232-6852-4728-8832-6c05af0cd5a8 has been successfully formatted.
2019-09-09 16:55:51,808 [pool-409-thread-1] INFO  ratis.ContainerStateMachine (ContainerStateMachine.java:loadSnapshot(232)) - group-6C05AF0CD5A8: The snapshot info is null. Setting the last applied indexto:(t:0, i:~)
2019-09-09 16:55:51,808 [pool-439-thread-1] INFO  ratis.ContainerStateMachine (ContainerStateMachine.java:loadSnapshot(232)) - group-6C05AF0CD5A8: The snapshot info is null. Setting the last applied indexto:(t:0, i:~)
2019-09-09 16:55:51,808 [pool-459-thread-1] INFO  ratis.ContainerStateMachine (ContainerStateMachine.java:loadSnapshot(232)) - group-6C05AF0CD5A8: The snapshot info is null. Setting the last applied indexto:(t:0, i:~)
2019-09-09 16:55:51,809 [pool-439-thread-1] INFO  server.RaftServerConfigKeys (ConfUtils.java:logGet(43)) - raft.server.notification.no-leader.timeout = 120s (custom)
2019-09-09 16:55:51,809 [pool-409-thread-1] INFO  server.RaftServerConfigKeys (ConfUtils.java:logGet(43)) - raft.server.notification.no-leader.timeout = 120s (custom)
2019-09-09 16:55:51,809 [pool-439-thread-1] INFO  server.RaftServerConfigKeys (ConfUtils.java:logGet(43)) - raft.server.log.use.memory = false (default)
2019-09-09 16:55:51,809 [pool-459-thread-1] INFO  server.RaftServerConfigKeys (ConfUtils.java:logGet(43)) - raft.server.notification.no-leader.timeout = 120s (custom)
2019-09-09 16:55:51,809 [pool-439-thread-1] INFO  server.RaftServerConfigKeys (ConfUtils.java:logGet(43)) - raft.server.log.purge.gap = 1000000 (custom)
2019-09-09 16:55:51,809 [pool-409-thread-1] INFO  server.RaftServerConfigKeys (ConfUtils.java:logGet(43)) - raft.server.log.use.memory = false (default)
2019-09-09 16:55:51,809 [pool-439-thread-1] INFO  server.RaftServerConfigKeys (ConfUtils.java:logGet(43)) - raft.server.log.appender.buffer.byte-limit = 33554432 (custom)
2019-09-09 16:55:51,809 [pool-459-thread-1] INFO  server.RaftServerConfigKeys (ConfUtils.java:logGet(43)) - raft.server.log.use.memory = false (default)
2019-09-09 16:55:51,809 [pool-439-thread-1] INFO  server.RaftServerConfigKeys (ConfUtils.java:logGet(43)) - raft.server.log.segment.size.max = 1048576 (custom)
2019-09-09 16:55:51,809 [pool-409-thread-1] INFO  server.RaftServerConfigKeys (ConfUtils.java:logGet(43)) - raft.server.log.purge.gap = 1000000 (custom)
2019-09-09 16:55:51,810 [pool-439-thread-1] INFO  server.RaftServerConfigKeys (ConfUtils.java:logGet(43)) - raft.server.log.segment.cache.num.max = 2 (custom)
2019-09-09 16:55:51,810 [pool-459-thread-1] INFO  server.RaftServerConfigKeys (ConfUtils.java:logGet(43)) - raft.server.log.purge.gap = 1000000 (custom)
2019-09-09 16:55:51,810 [pool-439-thread-1] INFO  segmented.SegmentedRaftLogWorker (SegmentedRaftLogWorker.java:<init>(172)) - new a5b923f2-7f8f-418d-81e1-d85ab7469232@group-6C05AF0CD5A8-SegmentedRaftLogWorker for RaftStorage:Storage Directory /workdir/hadoop-ozone/integration-test/target/test-dir/MiniOzoneClusterImpl-159a55fc-c6c6-4d0b-a61c-0ed7c6373e46/datanode-3/data/ratis/fa876232-6852-4728-8832-6c05af0cd5a8
2019-09-09 16:55:51,810 [pool-409-thread-1] INFO  server.RaftServerConfigKeys (ConfUtils.java:logGet(43)) - raft.server.log.appender.buffer.byte-limit = 33554432 (custom)
2019-09-09 16:55:51,810 [pool-439-thread-1] INFO  server.RaftServerConfigKeys (ConfUtils.java:logGet(43)) - raft.server.log.queue.byte-limit = 2147483647 (custom)
2019-09-09 16:55:51,810 [pool-459-thread-1] INFO  server.RaftServerConfigKeys (ConfUtils.java:logGet(43)) - raft.server.log.appender.buffer.byte-limit = 33554432 (custom)
2019-09-09 16:55:51,810 [pool-439-thread-1] INFO  server.RaftServerConfigKeys (ConfUtils.java:logGet(43)) - raft.server.log.queue.element-limit = 1024 (custom)
2019-09-09 16:55:51,810 [pool-409-thread-1] INFO  server.RaftServerConfigKeys (ConfUtils.java:logGet(43)) - raft.server.log.segment.size.max = 1048576 (custom)
2019-09-09 16:55:51,811 [pool-439-thread-1] INFO  server.RaftServerConfigKeys (ConfUtils.java:logGet(43)) - raft.server.log.segment.size.max = 1048576 (custom)
2019-09-09 16:55:51,810 [pool-459-thread-1] INFO  server.RaftServerConfigKeys (ConfUtils.java:logGet(43)) - raft.server.log.segment.size.max = 1048576 (custom)
2019-09-09 16:55:51,811 [pool-439-thread-1] INFO  server.RaftServerConfigKeys (ConfUtils.java:logGet(43)) - raft.server.log.preallocated.size = 16384 (custom)
2019-09-09 16:55:51,811 [pool-409-thread-1] INFO  server.RaftServerConfigKeys (ConfUtils.java:logGet(43)) - raft.server.log.segment.cache.num.max = 2 (custom)
2019-09-09 16:55:51,811 [pool-439-thread-1] INFO  server.RaftServerConfigKeys (ConfUtils.java:logGet(43)) - raft.server.log.write.buffer.size = 33554432 (custom)
2019-09-09 16:55:51,811 [pool-459-thread-1] INFO  server.RaftServerConfigKeys (ConfUtils.java:logGet(43)) - raft.server.log.segment.cache.num.max = 2 (custom)
2019-09-09 16:55:51,811 [pool-439-thread-1] INFO  server.RaftServerConfigKeys (ConfUtils.java:logGet(43)) - raft.server.log.force.sync.num = 128 (default)
2019-09-09 16:55:51,811 [pool-409-thread-1] INFO  segmented.SegmentedRaftLogWorker (SegmentedRaftLogWorker.java:<init>(172)) - new b4370686-254e-42e8-8711-e188529c4c34@group-6C05AF0CD5A8-SegmentedRaftLogWorker for RaftStorage:Storage Directory /workdir/hadoop-ozone/integration-test/target/test-dir/MiniOzoneClusterImpl-159a55fc-c6c6-4d0b-a61c-0ed7c6373e46/datanode-0/data/ratis/fa876232-6852-4728-8832-6c05af0cd5a8
2019-09-09 16:55:51,811 [pool-439-thread-1] INFO  server.RaftServerConfigKeys (ConfUtils.java:logGet(43)) - raft.server.log.statemachine.data.sync = true (default)
2019-09-09 16:55:51,811 [pool-459-thread-1] INFO  segmented.SegmentedRaftLogWorker (SegmentedRaftLogWorker.java:<init>(172)) - new 5ffdae7f-f4e4-4d79-867a-68feb8e0c22d@group-6C05AF0CD5A8-SegmentedRaftLogWorker for RaftStorage:Storage Directory /workdir/hadoop-ozone/integration-test/target/test-dir/MiniOzoneClusterImpl-159a55fc-c6c6-4d0b-a61c-0ed7c6373e46/datanode-5/data/ratis/fa876232-6852-4728-8832-6c05af0cd5a8
2019-09-09 16:55:51,811 [pool-439-thread-1] INFO  server.RaftServerConfigKeys (ConfUtils.java:logGet(43)) - raft.server.log.statemachine.data.sync.timeout = 10s (default)
2019-09-09 16:55:51,811 [pool-409-thread-1] INFO  server.RaftServerConfigKeys (ConfUtils.java:logGet(43)) - raft.server.log.queue.byte-limit = 2147483647 (custom)
2019-09-09 16:55:51,812 [pool-439-thread-1] INFO  server.RaftServerConfigKeys (ConfUtils.java:logGet(43)) - raft.server.log.statemachine.data.sync.timeout.retry = -1 (default)
2019-09-09 16:55:51,812 [pool-459-thread-1] INFO  server.RaftServerConfigKeys (ConfUtils.java:logGet(43)) - raft.server.log.queue.byte-limit = 2147483647 (custom)
2019-09-09 16:55:51,812 [pool-439-thread-1] INFO  server.RaftServerConfigKeys (ConfUtils.java:logGet(43)) - raft.server.log.statemachine.data.caching.enabled = true (custom)
2019-09-09 16:55:51,812 [pool-409-thread-1] INFO  server.RaftServerConfigKeys (ConfUtils.java:logGet(43)) - raft.server.log.queue.element-limit = 1024 (custom)
2019-09-09 16:55:51,812 [pool-459-thread-1] INFO  server.RaftServerConfigKeys (ConfUtils.java:logGet(43)) - raft.server.log.queue.element-limit = 1024 (custom)
2019-09-09 16:55:51,812 [pool-439-thread-1] INFO  segmented.SegmentedRaftLogWorker (SegmentedRaftLogWorker.java:lambda$new$0(132)) - a5b923f2-7f8f-418d-81e1-d85ab7469232@group-6C05AF0CD5A8-SegmentedRaftLogWorker: flushIndex: setUnconditionally 0 -> -1
2019-09-09 16:55:51,812 [pool-409-thread-1] INFO  server.RaftServerConfigKeys (ConfUtils.java:logGet(43)) - raft.server.log.segment.size.max = 1048576 (custom)
2019-09-09 16:55:51,812 [pool-459-thread-1] INFO  server.RaftServerConfigKeys (ConfUtils.java:logGet(43)) - raft.server.log.segment.size.max = 1048576 (custom)
2019-09-09 16:55:51,813 [pool-439-thread-1] INFO  server.RaftServerConfigKeys (ConfUtils.java:logGet(43)) - raft.server.snapshot.auto.trigger.enabled = true (custom)
2019-09-09 16:55:51,813 [pool-409-thread-1] INFO  server.RaftServerConfigKeys (ConfUtils.java:logGet(43)) - raft.server.log.preallocated.size = 16384 (custom)
2019-09-09 16:55:51,813 [pool-439-thread-1] INFO  server.RaftServerConfigKeys (ConfUtils.java:logGet(43)) - raft.server.snapshot.auto.trigger.threshold = 10000 (custom)
2019-09-09 16:55:51,813 [pool-459-thread-1] INFO  server.RaftServerConfigKeys (ConfUtils.java:logGet(43)) - raft.server.log.preallocated.size = 16384 (custom)
2019-09-09 16:55:51,813 [pool-439-thread-1] INFO  server.RaftServerConfigKeys (ConfUtils.java:logGet(43)) - raft.server.snapshot.retention.num.files = -1 (default)
2019-09-09 16:55:51,813 [pool-409-thread-1] INFO  server.RaftServerConfigKeys (ConfUtils.java:logGet(43)) - raft.server.log.write.buffer.size = 33554432 (custom)
2019-09-09 16:55:51,813 [pool-439-thread-1] INFO  server.RaftServerConfigKeys (ConfUtils.java:logGet(43)) - raft.server.retrycache.expirytime = 600000ms (custom)
2019-09-09 16:55:51,813 [pool-459-thread-1] INFO  server.RaftServerConfigKeys (ConfUtils.java:logGet(43)) - raft.server.log.write.buffer.size = 33554432 (custom)
2019-09-09 16:55:51,813 [pool-409-thread-1] INFO  server.RaftServerConfigKeys (ConfUtils.java:logGet(43)) - raft.server.log.force.sync.num = 128 (default)
2019-09-09 16:55:51,813 [pool-459-thread-1] INFO  server.RaftServerConfigKeys (ConfUtils.java:logGet(43)) - raft.server.log.force.sync.num = 128 (default)
2019-09-09 16:55:51,814 [pool-409-thread-1] INFO  server.RaftServerConfigKeys (ConfUtils.java:logGet(43)) - raft.server.log.statemachine.data.sync = true (default)
2019-09-09 16:55:51,814 [pool-459-thread-1] INFO  server.RaftServerConfigKeys (ConfUtils.java:logGet(43)) - raft.server.log.statemachine.data.sync = true (default)
2019-09-09 16:55:51,814 [pool-459-thread-1] INFO  server.RaftServerConfigKeys (ConfUtils.java:logGet(43)) - raft.server.log.statemachine.data.sync.timeout = 10s (default)
2019-09-09 16:55:51,814 [pool-459-thread-1] INFO  server.RaftServerConfigKeys (ConfUtils.java:logGet(43)) - raft.server.log.statemachine.data.sync.timeout.retry = -1 (default)
2019-09-09 16:55:51,814 [pool-409-thread-1] INFO  server.RaftServerConfigKeys (ConfUtils.java:logGet(43)) - raft.server.log.statemachine.data.sync.timeout = 10s (default)
2019-09-09 16:55:51,814 [pool-459-thread-1] INFO  server.RaftServerConfigKeys (ConfUtils.java:logGet(43)) - raft.server.log.statemachine.data.caching.enabled = true (custom)
2019-09-09 16:55:51,815 [pool-409-thread-1] INFO  server.RaftServerConfigKeys (ConfUtils.java:logGet(43)) - raft.server.log.statemachine.data.sync.timeout.retry = -1 (default)
2019-09-09 16:55:51,815 [pool-409-thread-1] INFO  server.RaftServerConfigKeys (ConfUtils.java:logGet(43)) - raft.server.log.statemachine.data.caching.enabled = true (custom)
2019-09-09 16:55:51,815 [pool-459-thread-1] INFO  segmented.SegmentedRaftLogWorker (SegmentedRaftLogWorker.java:lambda$new$0(132)) - 5ffdae7f-f4e4-4d79-867a-68feb8e0c22d@group-6C05AF0CD5A8-SegmentedRaftLogWorker: flushIndex: setUnconditionally 0 -> -1
2019-09-09 16:55:51,815 [pool-409-thread-1] INFO  segmented.SegmentedRaftLogWorker (SegmentedRaftLogWorker.java:lambda$new$0(132)) - b4370686-254e-42e8-8711-e188529c4c34@group-6C05AF0CD5A8-SegmentedRaftLogWorker: flushIndex: setUnconditionally 0 -> -1
2019-09-09 16:55:51,815 [pool-459-thread-1] INFO  server.RaftServerConfigKeys (ConfUtils.java:logGet(43)) - raft.server.snapshot.auto.trigger.enabled = true (custom)
2019-09-09 16:55:51,815 [pool-409-thread-1] INFO  server.RaftServerConfigKeys (ConfUtils.java:logGet(43)) - raft.server.snapshot.auto.trigger.enabled = true (custom)
2019-09-09 16:55:51,816 [pool-409-thread-1] INFO  server.RaftServerConfigKeys (ConfUtils.java:logGet(43)) - raft.server.snapshot.auto.trigger.threshold = 10000 (custom)
2019-09-09 16:55:51,815 [pool-459-thread-1] INFO  server.RaftServerConfigKeys (ConfUtils.java:logGet(43)) - raft.server.snapshot.auto.trigger.threshold = 10000 (custom)
2019-09-09 16:55:51,816 [pool-409-thread-1] INFO  server.RaftServerConfigKeys (ConfUtils.java:logGet(43)) - raft.server.snapshot.retention.num.files = -1 (default)
2019-09-09 16:55:51,816 [pool-439-thread-1] INFO  impl.RaftServerImpl (RaftServerImpl.java:start(185)) - a5b923f2-7f8f-418d-81e1-d85ab7469232@group-6C05AF0CD5A8: start as a follower, conf=-1: [b4370686-254e-42e8-8711-e188529c4c34:192.168.69.125:35664, a5b923f2-7f8f-418d-81e1-d85ab7469232:192.168.69.125:40605, 5ffdae7f-f4e4-4d79-867a-68feb8e0c22d:192.168.69.125:44397], old=null
2019-09-09 16:55:51,816 [pool-409-thread-1] INFO  server.RaftServerConfigKeys (ConfUtils.java:logGet(43)) - raft.server.retrycache.expirytime = 600000ms (custom)
2019-09-09 16:55:51,816 [pool-459-thread-1] INFO  server.RaftServerConfigKeys (ConfUtils.java:logGet(43)) - raft.server.snapshot.retention.num.files = -1 (default)
2019-09-09 16:55:51,816 [pool-439-thread-1] INFO  impl.RaftServerImpl (RaftServerImpl.java:setRole(174)) - a5b923f2-7f8f-418d-81e1-d85ab7469232@group-6C05AF0CD5A8: changes role from      null to FOLLOWER at term 0 for startAsFollower
2019-09-09 16:55:51,816 [pool-459-thread-1] INFO  server.RaftServerConfigKeys (ConfUtils.java:logGet(43)) - raft.server.retrycache.expirytime = 600000ms (custom)
2019-09-09 16:55:51,816 [pool-439-thread-1] INFO  impl.RoleInfo (RoleInfo.java:updateAndGet(143)) - a5b923f2-7f8f-418d-81e1-d85ab7469232: start FollowerState
2019-09-09 16:55:51,817 [pool-439-thread-1] INFO  util.JmxRegister (JmxRegister.java:tryRegister(44)) - Successfully registered JMX Bean with object name Ratis:service=RaftServer,group=group-6C05AF0CD5A8,id=a5b923f2-7f8f-418d-81e1-d85ab7469232
2019-09-09 16:55:51,818 [pool-409-thread-1] INFO  impl.RaftServerImpl (RaftServerImpl.java:start(185)) - b4370686-254e-42e8-8711-e188529c4c34@group-6C05AF0CD5A8: start as a follower, conf=-1: [b4370686-254e-42e8-8711-e188529c4c34:192.168.69.125:35664, a5b923f2-7f8f-418d-81e1-d85ab7469232:192.168.69.125:40605, 5ffdae7f-f4e4-4d79-867a-68feb8e0c22d:192.168.69.125:44397], old=null
2019-09-09 16:55:51,818 [pool-409-thread-1] INFO  impl.RaftServerImpl (RaftServerImpl.java:setRole(174)) - b4370686-254e-42e8-8711-e188529c4c34@group-6C05AF0CD5A8: changes role from      null to FOLLOWER at term 0 for startAsFollower
2019-09-09 16:55:51,818 [pool-409-thread-1] INFO  impl.RoleInfo (RoleInfo.java:updateAndGet(143)) - b4370686-254e-42e8-8711-e188529c4c34: start FollowerState
2019-09-09 16:55:51,818 [pool-459-thread-1] INFO  impl.RaftServerImpl (RaftServerImpl.java:start(185)) - 5ffdae7f-f4e4-4d79-867a-68feb8e0c22d@group-6C05AF0CD5A8: start as a follower, conf=-1: [b4370686-254e-42e8-8711-e188529c4c34:192.168.69.125:35664, a5b923f2-7f8f-418d-81e1-d85ab7469232:192.168.69.125:40605, 5ffdae7f-f4e4-4d79-867a-68feb8e0c22d:192.168.69.125:44397], old=null
2019-09-09 16:55:51,818 [pool-409-thread-1] INFO  util.JmxRegister (JmxRegister.java:tryRegister(44)) - Successfully registered JMX Bean with object name Ratis:service=RaftServer,group=group-6C05AF0CD5A8,id=b4370686-254e-42e8-8711-e188529c4c34
2019-09-09 16:55:51,821 [pool-459-thread-1] INFO  impl.RaftServerImpl (RaftServerImpl.java:setRole(174)) - 5ffdae7f-f4e4-4d79-867a-68feb8e0c22d@group-6C05AF0CD5A8: changes role from      null to FOLLOWER at term 0 for startAsFollower
2019-09-09 16:55:51,821 [pool-459-thread-1] INFO  impl.RoleInfo (RoleInfo.java:updateAndGet(143)) - 5ffdae7f-f4e4-4d79-867a-68feb8e0c22d: start FollowerState
2019-09-09 16:55:51,822 [pool-459-thread-1] INFO  util.JmxRegister (JmxRegister.java:tryRegister(44)) - Successfully registered JMX Bean with object name Ratis:service=RaftServer,group=group-6C05AF0CD5A8,id=5ffdae7f-f4e4-4d79-867a-68feb8e0c22d
2019-09-09 16:55:51,830 [RatisPipelineUtilsThread] INFO  pipeline.PipelineStateManager (PipelineStateManager.java:addPipeline(56)) - Created pipeline Pipeline[ Id: fa876232-6852-4728-8832-6c05af0cd5a8, Nodes: b4370686-254e-42e8-8711-e188529c4c34{ip: 192.168.69.125, host: pr-hdds-2075-2jgdb-1977554158, networkLocation: /default-rack, certSerialId: null}a5b923f2-7f8f-418d-81e1-d85ab7469232{ip: 192.168.69.125, host: pr-hdds-2075-2jgdb-1977554158, networkLocation: /default-rack, certSerialId: null}5ffdae7f-f4e4-4d79-867a-68feb8e0c22d{ip: 192.168.69.125, host: pr-hdds-2075-2jgdb-1977554158, networkLocation: /default-rack, certSerialId: null}, Type:RATIS, Factor:THREE, State:OPEN]
2019-09-09 16:55:51,849 [grpc-default-executor-2] INFO  impl.RaftServerProxy (RaftServerProxy.java:addNew(89)) - 673f1e0c-3588-4517-a646-879dbe70b429: addNew group-B5582974CC04:[99b77255-435a-4470-bbcd-054d51502fb4:192.168.69.125:39830, fef3bd8d-d922-47de-a285-b5c5b7637dd8:192.168.69.125:38606, 673f1e0c-3588-4517-a646-879dbe70b429:192.168.69.125:36334] returns group-B5582974CC04:java.util.concurrent.CompletableFuture@17add681[Not completed]
2019-09-09 16:55:51,849 [grpc-default-executor-10] INFO  impl.RaftServerProxy (RaftServerProxy.java:addNew(89)) - 99b77255-435a-4470-bbcd-054d51502fb4: addNew group-B5582974CC04:[99b77255-435a-4470-bbcd-054d51502fb4:192.168.69.125:39830, fef3bd8d-d922-47de-a285-b5c5b7637dd8:192.168.69.125:38606, 673f1e0c-3588-4517-a646-879dbe70b429:192.168.69.125:36334] returns group-B5582974CC04:java.util.concurrent.CompletableFuture@2b4f0cf5[Not completed]
2019-09-09 16:55:51,849 [grpc-default-executor-12] INFO  impl.RaftServerProxy (RaftServerProxy.java:addNew(89)) - fef3bd8d-d922-47de-a285-b5c5b7637dd8: addNew group-B5582974CC04:[99b77255-435a-4470-bbcd-054d51502fb4:192.168.69.125:39830, fef3bd8d-d922-47de-a285-b5c5b7637dd8:192.168.69.125:38606, 673f1e0c-3588-4517-a646-879dbe70b429:192.168.69.125:36334] returns group-B5582974CC04:java.util.concurrent.CompletableFuture@47585783[Not completed]
2019-09-09 16:55:51,859 [pool-419-thread-1] INFO  impl.RaftServerImpl (RaftServerImpl.java:<init>(95)) - 673f1e0c-3588-4517-a646-879dbe70b429: new RaftServerImpl for group-B5582974CC04:[99b77255-435a-4470-bbcd-054d51502fb4:192.168.69.125:39830, fef3bd8d-d922-47de-a285-b5c5b7637dd8:192.168.69.125:38606, 673f1e0c-3588-4517-a646-879dbe70b429:192.168.69.125:36334] with ContainerStateMachine:uninitialized
2019-09-09 16:55:51,859 [pool-419-thread-1] INFO  server.RaftServerConfigKeys (ConfUtils.java:logGet(43)) - raft.server.rpc.timeout.min = 5s (custom)
2019-09-09 16:55:51,859 [pool-419-thread-1] INFO  server.RaftServerConfigKeys (ConfUtils.java:logGet(43)) - raft.server.rpc.timeout.max = 5200ms (custom)
2019-09-09 16:55:51,859 [pool-469-thread-1] INFO  impl.RaftServerImpl (RaftServerImpl.java:<init>(95)) - 99b77255-435a-4470-bbcd-054d51502fb4: new RaftServerImpl for group-B5582974CC04:[99b77255-435a-4470-bbcd-054d51502fb4:192.168.69.125:39830, fef3bd8d-d922-47de-a285-b5c5b7637dd8:192.168.69.125:38606, 673f1e0c-3588-4517-a646-879dbe70b429:192.168.69.125:36334] with ContainerStateMachine:uninitialized
2019-09-09 16:55:51,859 [pool-419-thread-1] INFO  server.RaftServerConfigKeys (ConfUtils.java:logGet(43)) - raft.server.rpcslowness.timeout = 120s (custom)
2019-09-09 16:55:51,860 [pool-469-thread-1] INFO  server.RaftServerConfigKeys (ConfUtils.java:logGet(43)) - raft.server.rpc.timeout.min = 5s (custom)
2019-09-09 16:55:51,860 [pool-419-thread-1] INFO  server.RaftServerConfigKeys (ConfUtils.java:logGet(43)) - raft.server.sleep.deviation.threshold = 300 (default)
2019-09-09 16:55:51,860 [pool-469-thread-1] INFO  server.RaftServerConfigKeys (ConfUtils.java:logGet(43)) - raft.server.rpc.timeout.max = 5200ms (custom)
2019-09-09 16:55:51,860 [pool-419-thread-1] INFO  server.RaftServerConfigKeys (ConfUtils.java:logGet(43)) - raft.server.log.appender.install.snapshot.enabled = false (custom)
2019-09-09 16:55:51,860 [pool-449-thread-1] INFO  impl.RaftServerImpl (RaftServerImpl.java:<init>(95)) - fef3bd8d-d922-47de-a285-b5c5b7637dd8: new RaftServerImpl for group-B5582974CC04:[99b77255-435a-4470-bbcd-054d51502fb4:192.168.69.125:39830, fef3bd8d-d922-47de-a285-b5c5b7637dd8:192.168.69.125:38606, 673f1e0c-3588-4517-a646-879dbe70b429:192.168.69.125:36334] with ContainerStateMachine:uninitialized
2019-09-09 16:55:51,860 [pool-469-thread-1] INFO  server.RaftServerConfigKeys (ConfUtils.java:logGet(43)) - raft.server.rpcslowness.timeout = 120s (custom)
2019-09-09 16:55:51,860 [pool-449-thread-1] INFO  server.RaftServerConfigKeys (ConfUtils.java:logGet(43)) - raft.server.rpc.timeout.min = 5s (custom)
2019-09-09 16:55:51,860 [pool-419-thread-1] INFO  impl.RaftServerImpl (ServerState.java:<init>(103)) - 673f1e0c-3588-4517-a646-879dbe70b429@group-B5582974CC04: ConfigurationManager, init=-1: [99b77255-435a-4470-bbcd-054d51502fb4:192.168.69.125:39830, fef3bd8d-d922-47de-a285-b5c5b7637dd8:192.168.69.125:38606, 673f1e0c-3588-4517-a646-879dbe70b429:192.168.69.125:36334], old=null, confs=<EMPTY_MAP>
2019-09-09 16:55:51,860 [pool-449-thread-1] INFO  server.RaftServerConfigKeys (ConfUtils.java:logGet(43)) - raft.server.rpc.timeout.max = 5200ms (custom)
2019-09-09 16:55:51,860 [pool-469-thread-1] INFO  server.RaftServerConfigKeys (ConfUtils.java:logGet(43)) - raft.server.sleep.deviation.threshold = 300 (default)
2019-09-09 16:55:51,860 [pool-449-thread-1] INFO  server.RaftServerConfigKeys (ConfUtils.java:logGet(43)) - raft.server.rpcslowness.timeout = 120s (custom)
2019-09-09 16:55:51,860 [pool-419-thread-1] INFO  server.RaftServerConfigKeys (ConfUtils.java:logGet(43)) - raft.server.storage.dir = [/workdir/hadoop-ozone/integration-test/target/test-dir/MiniOzoneClusterImpl-159a55fc-c6c6-4d0b-a61c-0ed7c6373e46/datanode-1/data/ratis] (custom)
2019-09-09 16:55:51,861 [pool-449-thread-1] INFO  server.RaftServerConfigKeys (ConfUtils.java:logGet(43)) - raft.server.sleep.deviation.threshold = 300 (default)
2019-09-09 16:55:51,861 [pool-469-thread-1] INFO  server.RaftServerConfigKeys (ConfUtils.java:logGet(43)) - raft.server.log.appender.install.snapshot.enabled = false (custom)
2019-09-09 16:55:51,861 [pool-449-thread-1] INFO  server.RaftServerConfigKeys (ConfUtils.java:logGet(43)) - raft.server.log.appender.install.snapshot.enabled = false (custom)
2019-09-09 16:55:51,861 [pool-469-thread-1] INFO  impl.RaftServerImpl (ServerState.java:<init>(103)) - 99b77255-435a-4470-bbcd-054d51502fb4@group-B5582974CC04: ConfigurationManager, init=-1: [99b77255-435a-4470-bbcd-054d51502fb4:192.168.69.125:39830, fef3bd8d-d922-47de-a285-b5c5b7637dd8:192.168.69.125:38606, 673f1e0c-3588-4517-a646-879dbe70b429:192.168.69.125:36334], old=null, confs=<EMPTY_MAP>
2019-09-09 16:55:51,861 [pool-419-thread-1] INFO  storage.RaftStorageDirectory (RaftStorageDirectory.java:analyzeStorage(246)) - The storage directory /workdir/hadoop-ozone/integration-test/target/test-dir/MiniOzoneClusterImpl-159a55fc-c6c6-4d0b-a61c-0ed7c6373e46/datanode-1/data/ratis/cd5feb53-dc4d-4aaa-93b3-b5582974cc04 does not exist. Creating ...
2019-09-09 16:55:51,861 [pool-469-thread-1] INFO  server.RaftServerConfigKeys (ConfUtils.java:logGet(43)) - raft.server.storage.dir = [/workdir/hadoop-ozone/integration-test/target/test-dir/MiniOzoneClusterImpl-159a55fc-c6c6-4d0b-a61c-0ed7c6373e46/datanode-6/data/ratis] (custom)
2019-09-09 16:55:51,861 [pool-449-thread-1] INFO  impl.RaftServerImpl (ServerState.java:<init>(103)) - fef3bd8d-d922-47de-a285-b5c5b7637dd8@group-B5582974CC04: ConfigurationManager, init=-1: [99b77255-435a-4470-bbcd-054d51502fb4:192.168.69.125:39830, fef3bd8d-d922-47de-a285-b5c5b7637dd8:192.168.69.125:38606, 673f1e0c-3588-4517-a646-879dbe70b429:192.168.69.125:36334], old=null, confs=<EMPTY_MAP>
2019-09-09 16:55:51,861 [pool-449-thread-1] INFO  server.RaftServerConfigKeys (ConfUtils.java:logGet(43)) - raft.server.storage.dir = [/workdir/hadoop-ozone/integration-test/target/test-dir/MiniOzoneClusterImpl-159a55fc-c6c6-4d0b-a61c-0ed7c6373e46/datanode-4/data/ratis] (custom)
2019-09-09 16:55:51,862 [pool-469-thread-1] INFO  storage.RaftStorageDirectory (RaftStorageDirectory.java:analyzeStorage(246)) - The storage directory /workdir/hadoop-ozone/integration-test/target/test-dir/MiniOzoneClusterImpl-159a55fc-c6c6-4d0b-a61c-0ed7c6373e46/datanode-6/data/ratis/cd5feb53-dc4d-4aaa-93b3-b5582974cc04 does not exist. Creating ...
2019-09-09 16:55:51,862 [pool-449-thread-1] INFO  storage.RaftStorageDirectory (RaftStorageDirectory.java:analyzeStorage(246)) - The storage directory /workdir/hadoop-ozone/integration-test/target/test-dir/MiniOzoneClusterImpl-159a55fc-c6c6-4d0b-a61c-0ed7c6373e46/datanode-4/data/ratis/cd5feb53-dc4d-4aaa-93b3-b5582974cc04 does not exist. Creating ...
2019-09-09 16:55:51,884 [pool-469-thread-1] INFO  storage.RaftStorageDirectory (RaftStorageDirectory.java:tryLock(328)) - Lock on /workdir/hadoop-ozone/integration-test/target/test-dir/MiniOzoneClusterImpl-159a55fc-c6c6-4d0b-a61c-0ed7c6373e46/datanode-6/data/ratis/cd5feb53-dc4d-4aaa-93b3-b5582974cc04/in_use.lock acquired by nodename 16811@pr-hdds-2075-2jgdb-1977554158
2019-09-09 16:55:51,884 [pool-419-thread-1] INFO  storage.RaftStorageDirectory (RaftStorageDirectory.java:tryLock(328)) - Lock on /workdir/hadoop-ozone/integration-test/target/test-dir/MiniOzoneClusterImpl-159a55fc-c6c6-4d0b-a61c-0ed7c6373e46/datanode-1/data/ratis/cd5feb53-dc4d-4aaa-93b3-b5582974cc04/in_use.lock acquired by nodename 16811@pr-hdds-2075-2jgdb-1977554158
2019-09-09 16:55:51,884 [pool-449-thread-1] INFO  storage.RaftStorageDirectory (RaftStorageDirectory.java:tryLock(328)) - Lock on /workdir/hadoop-ozone/integration-test/target/test-dir/MiniOzoneClusterImpl-159a55fc-c6c6-4d0b-a61c-0ed7c6373e46/datanode-4/data/ratis/cd5feb53-dc4d-4aaa-93b3-b5582974cc04/in_use.lock acquired by nodename 16811@pr-hdds-2075-2jgdb-1977554158
2019-09-09 16:55:51,907 [pool-449-thread-1] INFO  storage.RaftStorage (RaftStorage.java:format(72)) - Storage directory /workdir/hadoop-ozone/integration-test/target/test-dir/MiniOzoneClusterImpl-159a55fc-c6c6-4d0b-a61c-0ed7c6373e46/datanode-4/data/ratis/cd5feb53-dc4d-4aaa-93b3-b5582974cc04 has been successfully formatted.
2019-09-09 16:55:51,907 [pool-419-thread-1] INFO  storage.RaftStorage (RaftStorage.java:format(72)) - Storage directory /workdir/hadoop-ozone/integration-test/target/test-dir/MiniOzoneClusterImpl-159a55fc-c6c6-4d0b-a61c-0ed7c6373e46/datanode-1/data/ratis/cd5feb53-dc4d-4aaa-93b3-b5582974cc04 has been successfully formatted.
2019-09-09 16:55:51,907 [pool-469-thread-1] INFO  storage.RaftStorage (RaftStorage.java:format(72)) - Storage directory /workdir/hadoop-ozone/integration-test/target/test-dir/MiniOzoneClusterImpl-159a55fc-c6c6-4d0b-a61c-0ed7c6373e46/datanode-6/data/ratis/cd5feb53-dc4d-4aaa-93b3-b5582974cc04 has been successfully formatted.
2019-09-09 16:55:51,908 [pool-419-thread-1] INFO  ratis.ContainerStateMachine (ContainerStateMachine.java:loadSnapshot(232)) - group-B5582974CC04: The snapshot info is null. Setting the last applied indexto:(t:0, i:~)
2019-09-09 16:55:51,908 [pool-469-thread-1] INFO  ratis.ContainerStateMachine (ContainerStateMachine.java:loadSnapshot(232)) - group-B5582974CC04: The snapshot info is null. Setting the last applied indexto:(t:0, i:~)
2019-09-09 16:55:51,908 [pool-449-thread-1] INFO  ratis.ContainerStateMachine (ContainerStateMachine.java:loadSnapshot(232)) - group-B5582974CC04: The snapshot info is null. Setting the last applied indexto:(t:0, i:~)
2019-09-09 16:55:51,908 [pool-469-thread-1] INFO  server.RaftServerConfigKeys (ConfUtils.java:logGet(43)) - raft.server.notification.no-leader.timeout = 120s (custom)
2019-09-09 16:55:51,908 [pool-419-thread-1] INFO  server.RaftServerConfigKeys (ConfUtils.java:logGet(43)) - raft.server.notification.no-leader.timeout = 120s (custom)
2019-09-09 16:55:51,908 [pool-469-thread-1] INFO  server.RaftServerConfigKeys (ConfUtils.java:logGet(43)) - raft.server.log.use.memory = false (default)
2019-09-09 16:55:51,908 [pool-449-thread-1] INFO  server.RaftServerConfigKeys (ConfUtils.java:logGet(43)) - raft.server.notification.no-leader.timeout = 120s (custom)
2019-09-09 16:55:51,908 [pool-469-thread-1] INFO  server.RaftServerConfigKeys (ConfUtils.java:logGet(43)) - raft.server.log.purge.gap = 1000000 (custom)
2019-09-09 16:55:51,908 [pool-419-thread-1] INFO  server.RaftServerConfigKeys (ConfUtils.java:logGet(43)) - raft.server.log.use.memory = false (default)
2019-09-09 16:55:51,908 [pool-469-thread-1] INFO  server.RaftServerConfigKeys (ConfUtils.java:logGet(43)) - raft.server.log.appender.buffer.byte-limit = 33554432 (custom)
2019-09-09 16:55:51,908 [pool-449-thread-1] INFO  server.RaftServerConfigKeys (ConfUtils.java:logGet(43)) - raft.server.log.use.memory = false (default)
2019-09-09 16:55:51,909 [pool-469-thread-1] INFO  server.RaftServerConfigKeys (ConfUtils.java:logGet(43)) - raft.server.log.segment.size.max = 1048576 (custom)
2019-09-09 16:55:51,908 [pool-419-thread-1] INFO  server.RaftServerConfigKeys (ConfUtils.java:logGet(43)) - raft.server.log.purge.gap = 1000000 (custom)
2019-09-09 16:55:51,909 [pool-469-thread-1] INFO  server.RaftServerConfigKeys (ConfUtils.java:logGet(43)) - raft.server.log.segment.cache.num.max = 2 (custom)
2019-09-09 16:55:51,909 [pool-449-thread-1] INFO  server.RaftServerConfigKeys (ConfUtils.java:logGet(43)) - raft.server.log.purge.gap = 1000000 (custom)
2019-09-09 16:55:51,909 [pool-469-thread-1] INFO  segmented.SegmentedRaftLogWorker (SegmentedRaftLogWorker.java:<init>(172)) - new 99b77255-435a-4470-bbcd-054d51502fb4@group-B5582974CC04-SegmentedRaftLogWorker for RaftStorage:Storage Directory /workdir/hadoop-ozone/integration-test/target/test-dir/MiniOzoneClusterImpl-159a55fc-c6c6-4d0b-a61c-0ed7c6373e46/datanode-6/data/ratis/cd5feb53-dc4d-4aaa-93b3-b5582974cc04
2019-09-09 16:55:51,909 [pool-419-thread-1] INFO  server.RaftServerConfigKeys (ConfUtils.java:logGet(43)) - raft.server.log.appender.buffer.byte-limit = 33554432 (custom)
2019-09-09 16:55:51,909 [pool-469-thread-1] INFO  server.RaftServerConfigKeys (ConfUtils.java:logGet(43)) - raft.server.log.queue.byte-limit = 2147483647 (custom)
2019-09-09 16:55:51,909 [pool-449-thread-1] INFO  server.RaftServerConfigKeys (ConfUtils.java:logGet(43)) - raft.server.log.appender.buffer.byte-limit = 33554432 (custom)
2019-09-09 16:55:51,909 [pool-469-thread-1] INFO  server.RaftServerConfigKeys (ConfUtils.java:logGet(43)) - raft.server.log.queue.element-limit = 1024 (custom)
2019-09-09 16:55:51,909 [pool-419-thread-1] INFO  server.RaftServerConfigKeys (ConfUtils.java:logGet(43)) - raft.server.log.segment.size.max = 1048576 (custom)
2019-09-09 16:55:51,909 [pool-469-thread-1] INFO  server.RaftServerConfigKeys (ConfUtils.java:logGet(43)) - raft.server.log.segment.size.max = 1048576 (custom)
2019-09-09 16:55:51,909 [pool-449-thread-1] INFO  server.RaftServerConfigKeys (ConfUtils.java:logGet(43)) - raft.server.log.segment.size.max = 1048576 (custom)
2019-09-09 16:55:51,910 [pool-469-thread-1] INFO  server.RaftServerConfigKeys (ConfUtils.java:logGet(43)) - raft.server.log.preallocated.size = 16384 (custom)
2019-09-09 16:55:51,910 [pool-419-thread-1] INFO  server.RaftServerConfigKeys (ConfUtils.java:logGet(43)) - raft.server.log.segment.cache.num.max = 2 (custom)
2019-09-09 16:55:51,910 [pool-469-thread-1] INFO  server.RaftServerConfigKeys (ConfUtils.java:logGet(43)) - raft.server.log.write.buffer.size = 33554432 (custom)
2019-09-09 16:55:51,910 [pool-449-thread-1] INFO  server.RaftServerConfigKeys (ConfUtils.java:logGet(43)) - raft.server.log.segment.cache.num.max = 2 (custom)
2019-09-09 16:55:51,910 [pool-469-thread-1] INFO  server.RaftServerConfigKeys (ConfUtils.java:logGet(43)) - raft.server.log.force.sync.num = 128 (default)
2019-09-09 16:55:51,910 [pool-419-thread-1] INFO  segmented.SegmentedRaftLogWorker (SegmentedRaftLogWorker.java:<init>(172)) - new 673f1e0c-3588-4517-a646-879dbe70b429@group-B5582974CC04-SegmentedRaftLogWorker for RaftStorage:Storage Directory /workdir/hadoop-ozone/integration-test/target/test-dir/MiniOzoneClusterImpl-159a55fc-c6c6-4d0b-a61c-0ed7c6373e46/datanode-1/data/ratis/cd5feb53-dc4d-4aaa-93b3-b5582974cc04
2019-09-09 16:55:51,910 [pool-469-thread-1] INFO  server.RaftServerConfigKeys (ConfUtils.java:logGet(43)) - raft.server.log.statemachine.data.sync = true (default)
2019-09-09 16:55:51,910 [pool-449-thread-1] INFO  segmented.SegmentedRaftLogWorker (SegmentedRaftLogWorker.java:<init>(172)) - new fef3bd8d-d922-47de-a285-b5c5b7637dd8@group-B5582974CC04-SegmentedRaftLogWorker for RaftStorage:Storage Directory /workdir/hadoop-ozone/integration-test/target/test-dir/MiniOzoneClusterImpl-159a55fc-c6c6-4d0b-a61c-0ed7c6373e46/datanode-4/data/ratis/cd5feb53-dc4d-4aaa-93b3-b5582974cc04
2019-09-09 16:55:51,910 [pool-469-thread-1] INFO  server.RaftServerConfigKeys (ConfUtils.java:logGet(43)) - raft.server.log.statemachine.data.sync.timeout = 10s (default)
2019-09-09 16:55:51,910 [pool-419-thread-1] INFO  server.RaftServerConfigKeys (ConfUtils.java:logGet(43)) - raft.server.log.queue.byte-limit = 2147483647 (custom)
2019-09-09 16:55:51,911 [pool-469-thread-1] INFO  server.RaftServerConfigKeys (ConfUtils.java:logGet(43)) - raft.server.log.statemachine.data.sync.timeout.retry = -1 (default)
2019-09-09 16:55:51,910 [pool-449-thread-1] INFO  server.RaftServerConfigKeys (ConfUtils.java:logGet(43)) - raft.server.log.queue.byte-limit = 2147483647 (custom)
2019-09-09 16:55:51,911 [pool-469-thread-1] INFO  server.RaftServerConfigKeys (ConfUtils.java:logGet(43)) - raft.server.log.statemachine.data.caching.enabled = true (custom)
2019-09-09 16:55:51,911 [pool-419-thread-1] INFO  server.RaftServerConfigKeys (ConfUtils.java:logGet(43)) - raft.server.log.queue.element-limit = 1024 (custom)
2019-09-09 16:55:51,911 [pool-449-thread-1] INFO  server.RaftServerConfigKeys (ConfUtils.java:logGet(43)) - raft.server.log.queue.element-limit = 1024 (custom)
2019-09-09 16:55:51,911 [pool-469-thread-1] INFO  segmented.SegmentedRaftLogWorker (SegmentedRaftLogWorker.java:lambda$new$0(132)) - 99b77255-435a-4470-bbcd-054d51502fb4@group-B5582974CC04-SegmentedRaftLogWorker: flushIndex: setUnconditionally 0 -> -1
2019-09-09 16:55:51,911 [pool-419-thread-1] INFO  server.RaftServerConfigKeys (ConfUtils.java:logGet(43)) - raft.server.log.segment.size.max = 1048576 (custom)
2019-09-09 16:55:51,911 [pool-449-thread-1] INFO  server.RaftServerConfigKeys (ConfUtils.java:logGet(43)) - raft.server.log.segment.size.max = 1048576 (custom)
2019-09-09 16:55:51,911 [pool-469-thread-1] INFO  server.RaftServerConfigKeys (ConfUtils.java:logGet(43)) - raft.server.snapshot.auto.trigger.enabled = true (custom)
2019-09-09 16:55:51,911 [pool-419-thread-1] INFO  server.RaftServerConfigKeys (ConfUtils.java:logGet(43)) - raft.server.log.preallocated.size = 16384 (custom)
2019-09-09 16:55:51,911 [pool-469-thread-1] INFO  server.RaftServerConfigKeys (ConfUtils.java:logGet(43)) - raft.server.snapshot.auto.trigger.threshold = 10000 (custom)
2019-09-09 16:55:51,911 [pool-449-thread-1] INFO  server.RaftServerConfigKeys (ConfUtils.java:logGet(43)) - raft.server.log.preallocated.size = 16384 (custom)
2019-09-09 16:55:51,912 [pool-469-thread-1] INFO  server.RaftServerConfigKeys (ConfUtils.java:logGet(43)) - raft.server.snapshot.retention.num.files = -1 (default)
2019-09-09 16:55:51,912 [pool-419-thread-1] INFO  server.RaftServerConfigKeys (ConfUtils.java:logGet(43)) - raft.server.log.write.buffer.size = 33554432 (custom)
2019-09-09 16:55:51,912 [pool-469-thread-1] INFO  server.RaftServerConfigKeys (ConfUtils.java:logGet(43)) - raft.server.retrycache.expirytime = 600000ms (custom)
2019-09-09 16:55:51,912 [pool-449-thread-1] INFO  server.RaftServerConfigKeys (ConfUtils.java:logGet(43)) - raft.server.log.write.buffer.size = 33554432 (custom)
2019-09-09 16:55:51,912 [pool-419-thread-1] INFO  server.RaftServerConfigKeys (ConfUtils.java:logGet(43)) - raft.server.log.force.sync.num = 128 (default)
2019-09-09 16:55:51,912 [pool-449-thread-1] INFO  server.RaftServerConfigKeys (ConfUtils.java:logGet(43)) - raft.server.log.force.sync.num = 128 (default)
2019-09-09 16:55:51,912 [pool-419-thread-1] INFO  server.RaftServerConfigKeys (ConfUtils.java:logGet(43)) - raft.server.log.statemachine.data.sync = true (default)
2019-09-09 16:55:51,912 [pool-449-thread-1] INFO  server.RaftServerConfigKeys (ConfUtils.java:logGet(43)) - raft.server.log.statemachine.data.sync = true (default)
2019-09-09 16:55:51,912 [pool-419-thread-1] INFO  server.RaftServerConfigKeys (ConfUtils.java:logGet(43)) - raft.server.log.statemachine.data.sync.timeout = 10s (default)
2019-09-09 16:55:51,912 [pool-449-thread-1] INFO  server.RaftServerConfigKeys (ConfUtils.java:logGet(43)) - raft.server.log.statemachine.data.sync.timeout = 10s (default)
2019-09-09 16:55:51,913 [pool-419-thread-1] INFO  server.RaftServerConfigKeys (ConfUtils.java:logGet(43)) - raft.server.log.statemachine.data.sync.timeout.retry = -1 (default)
2019-09-09 16:55:51,913 [pool-449-thread-1] INFO  server.RaftServerConfigKeys (ConfUtils.java:logGet(43)) - raft.server.log.statemachine.data.sync.timeout.retry = -1 (default)
2019-09-09 16:55:51,913 [pool-419-thread-1] INFO  server.RaftServerConfigKeys (ConfUtils.java:logGet(43)) - raft.server.log.statemachine.data.caching.enabled = true (custom)
2019-09-09 16:55:51,913 [pool-449-thread-1] INFO  server.RaftServerConfigKeys (ConfUtils.java:logGet(43)) - raft.server.log.statemachine.data.caching.enabled = true (custom)
2019-09-09 16:55:51,913 [pool-419-thread-1] INFO  segmented.SegmentedRaftLogWorker (SegmentedRaftLogWorker.java:lambda$new$0(132)) - 673f1e0c-3588-4517-a646-879dbe70b429@group-B5582974CC04-SegmentedRaftLogWorker: flushIndex: setUnconditionally 0 -> -1
2019-09-09 16:55:51,913 [pool-449-thread-1] INFO  segmented.SegmentedRaftLogWorker (SegmentedRaftLogWorker.java:lambda$new$0(132)) - fef3bd8d-d922-47de-a285-b5c5b7637dd8@group-B5582974CC04-SegmentedRaftLogWorker: flushIndex: setUnconditionally 0 -> -1
2019-09-09 16:55:51,913 [pool-419-thread-1] INFO  server.RaftServerConfigKeys (ConfUtils.java:logGet(43)) - raft.server.snapshot.auto.trigger.enabled = true (custom)
2019-09-09 16:55:51,914 [pool-449-thread-1] INFO  server.RaftServerConfigKeys (ConfUtils.java:logGet(43)) - raft.server.snapshot.auto.trigger.enabled = true (custom)
2019-09-09 16:55:51,914 [pool-469-thread-1] INFO  impl.RaftServerImpl (RaftServerImpl.java:start(185)) - 99b77255-435a-4470-bbcd-054d51502fb4@group-B5582974CC04: start as a follower, conf=-1: [99b77255-435a-4470-bbcd-054d51502fb4:192.168.69.125:39830, fef3bd8d-d922-47de-a285-b5c5b7637dd8:192.168.69.125:38606, 673f1e0c-3588-4517-a646-879dbe70b429:192.168.69.125:36334], old=null
2019-09-09 16:55:51,914 [pool-419-thread-1] INFO  server.RaftServerConfigKeys (ConfUtils.java:logGet(43)) - raft.server.snapshot.auto.trigger.threshold = 10000 (custom)
2019-09-09 16:55:51,914 [pool-469-thread-1] INFO  impl.RaftServerImpl (RaftServerImpl.java:setRole(174)) - 99b77255-435a-4470-bbcd-054d51502fb4@group-B5582974CC04: changes role from      null to FOLLOWER at term 0 for startAsFollower
2019-09-09 16:55:51,914 [pool-449-thread-1] INFO  server.RaftServerConfigKeys (ConfUtils.java:logGet(43)) - raft.server.snapshot.auto.trigger.threshold = 10000 (custom)
2019-09-09 16:55:51,914 [pool-469-thread-1] INFO  impl.RoleInfo (RoleInfo.java:updateAndGet(143)) - 99b77255-435a-4470-bbcd-054d51502fb4: start FollowerState
2019-09-09 16:55:51,914 [pool-419-thread-1] INFO  server.RaftServerConfigKeys (ConfUtils.java:logGet(43)) - raft.server.snapshot.retention.num.files = -1 (default)
2019-09-09 16:55:51,914 [pool-449-thread-1] INFO  server.RaftServerConfigKeys (ConfUtils.java:logGet(43)) - raft.server.snapshot.retention.num.files = -1 (default)
2019-09-09 16:55:51,914 [pool-469-thread-1] INFO  util.JmxRegister (JmxRegister.java:tryRegister(44)) - Successfully registered JMX Bean with object name Ratis:service=RaftServer,group=group-B5582974CC04,id=99b77255-435a-4470-bbcd-054d51502fb4
2019-09-09 16:55:51,914 [pool-419-thread-1] INFO  server.RaftServerConfigKeys (ConfUtils.java:logGet(43)) - raft.server.retrycache.expirytime = 600000ms (custom)
2019-09-09 16:55:51,914 [pool-449-thread-1] INFO  server.RaftServerConfigKeys (ConfUtils.java:logGet(43)) - raft.server.retrycache.expirytime = 600000ms (custom)
2019-09-09 16:55:51,919 [pool-449-thread-1] INFO  impl.RaftServerImpl (RaftServerImpl.java:start(185)) - fef3bd8d-d922-47de-a285-b5c5b7637dd8@group-B5582974CC04: start as a follower, conf=-1: [99b77255-435a-4470-bbcd-054d51502fb4:192.168.69.125:39830, fef3bd8d-d922-47de-a285-b5c5b7637dd8:192.168.69.125:38606, 673f1e0c-3588-4517-a646-879dbe70b429:192.168.69.125:36334], old=null
2019-09-09 16:55:51,919 [pool-419-thread-1] INFO  impl.RaftServerImpl (RaftServerImpl.java:start(185)) - 673f1e0c-3588-4517-a646-879dbe70b429@group-B5582974CC04: start as a follower, conf=-1: [99b77255-435a-4470-bbcd-054d51502fb4:192.168.69.125:39830, fef3bd8d-d922-47de-a285-b5c5b7637dd8:192.168.69.125:38606, 673f1e0c-3588-4517-a646-879dbe70b429:192.168.69.125:36334], old=null
2019-09-09 16:55:51,919 [pool-449-thread-1] INFO  impl.RaftServerImpl (RaftServerImpl.java:setRole(174)) - fef3bd8d-d922-47de-a285-b5c5b7637dd8@group-B5582974CC04: changes role from      null to FOLLOWER at term 0 for startAsFollower
2019-09-09 16:55:51,919 [pool-419-thread-1] INFO  impl.RaftServerImpl (RaftServerImpl.java:setRole(174)) - 673f1e0c-3588-4517-a646-879dbe70b429@group-B5582974CC04: changes role from      null to FOLLOWER at term 0 for startAsFollower
2019-09-09 16:55:51,919 [pool-449-thread-1] INFO  impl.RoleInfo (RoleInfo.java:updateAndGet(143)) - fef3bd8d-d922-47de-a285-b5c5b7637dd8: start FollowerState
2019-09-09 16:55:51,919 [pool-419-thread-1] INFO  impl.RoleInfo (RoleInfo.java:updateAndGet(143)) - 673f1e0c-3588-4517-a646-879dbe70b429: start FollowerState
2019-09-09 16:55:51,920 [pool-449-thread-1] INFO  util.JmxRegister (JmxRegister.java:tryRegister(44)) - Successfully registered JMX Bean with object name Ratis:service=RaftServer,group=group-B5582974CC04,id=fef3bd8d-d922-47de-a285-b5c5b7637dd8
2019-09-09 16:55:51,920 [pool-419-thread-1] INFO  util.JmxRegister (JmxRegister.java:tryRegister(44)) - Successfully registered JMX Bean with object name Ratis:service=RaftServer,group=group-B5582974CC04,id=673f1e0c-3588-4517-a646-879dbe70b429
2019-09-09 16:55:51,925 [RatisPipelineUtilsThread] INFO  pipeline.PipelineStateManager (PipelineStateManager.java:addPipeline(56)) - Created pipeline Pipeline[ Id: cd5feb53-dc4d-4aaa-93b3-b5582974cc04, Nodes: fef3bd8d-d922-47de-a285-b5c5b7637dd8{ip: 192.168.69.125, host: pr-hdds-2075-2jgdb-1977554158, networkLocation: /default-rack, certSerialId: null}99b77255-435a-4470-bbcd-054d51502fb4{ip: 192.168.69.125, host: pr-hdds-2075-2jgdb-1977554158, networkLocation: /default-rack, certSerialId: null}673f1e0c-3588-4517-a646-879dbe70b429{ip: 192.168.69.125, host: pr-hdds-2075-2jgdb-1977554158, networkLocation: /default-rack, certSerialId: null}, Type:RATIS, Factor:THREE, State:OPEN]
2019-09-09 16:55:51,970 [grpc-default-executor-12] INFO  client.GrpcClientProtocolClient (GrpcClientProtocolClient.java:onNext(264)) - client-A23F27EF8C76->fef3bd8d-d922-47de-a285-b5c5b7637dd8: receive RaftClientReply:client-A23F27EF8C76->fef3bd8d-d922-47de-a285-b5c5b7637dd8@group-B5582974CC04, cid=184, FAILED org.apache.ratis.protocol.NotLeaderException: Server fef3bd8d-d922-47de-a285-b5c5b7637dd8@group-B5582974CC04 is not the leader, logIndex=0, commits[fef3bd8d-d922-47de-a285-b5c5b7637dd8:c-1]
2019-09-09 16:55:52,983 [grpc-default-executor-12] INFO  client.GrpcClientProtocolClient (GrpcClientProtocolClient.java:onNext(264)) - client-A23F27EF8C76->99b77255-435a-4470-bbcd-054d51502fb4: receive RaftClientReply:client-A23F27EF8C76->99b77255-435a-4470-bbcd-054d51502fb4@group-B5582974CC04, cid=184, FAILED org.apache.ratis.protocol.NotLeaderException: Server 99b77255-435a-4470-bbcd-054d51502fb4@group-B5582974CC04 is not the leader, logIndex=0, commits[99b77255-435a-4470-bbcd-054d51502fb4:c-1]
2019-09-09 16:55:53,995 [grpc-default-executor-12] INFO  client.GrpcClientProtocolClient (GrpcClientProtocolClient.java:onNext(264)) - client-A23F27EF8C76->fef3bd8d-d922-47de-a285-b5c5b7637dd8: receive RaftClientReply:client-A23F27EF8C76->fef3bd8d-d922-47de-a285-b5c5b7637dd8@group-B5582974CC04, cid=184, FAILED org.apache.ratis.protocol.NotLeaderException: Server fef3bd8d-d922-47de-a285-b5c5b7637dd8@group-B5582974CC04 is not the leader, logIndex=0, commits[fef3bd8d-d922-47de-a285-b5c5b7637dd8:c-1]
2019-09-09 16:55:54,135 [Thread-3037] INFO  container.ReplicationManager (ReplicationManager.java:start(162)) - Starting Replication Monitor Thread.
2019-09-09 16:55:54,141 [ReplicationMonitor] INFO  container.ReplicationManager (ReplicationManager.java:run(225)) - Replication Monitor Thread took 0 milliseconds for processing 1 containers.
2019-09-09 16:55:55,016 [grpc-default-executor-12] INFO  client.GrpcClientProtocolClient (GrpcClientProtocolClient.java:onNext(264)) - client-A23F27EF8C76->673f1e0c-3588-4517-a646-879dbe70b429: receive RaftClientReply:client-A23F27EF8C76->673f1e0c-3588-4517-a646-879dbe70b429@group-B5582974CC04, cid=184, FAILED org.apache.ratis.protocol.NotLeaderException: Server 673f1e0c-3588-4517-a646-879dbe70b429@group-B5582974CC04 is not the leader, logIndex=0, commits[673f1e0c-3588-4517-a646-879dbe70b429:c-1]
2019-09-09 16:55:56,030 [grpc-default-executor-12] INFO  client.GrpcClientProtocolClient (GrpcClientProtocolClient.java:onNext(264)) - client-A23F27EF8C76->fef3bd8d-d922-47de-a285-b5c5b7637dd8: receive RaftClientReply:client-A23F27EF8C76->fef3bd8d-d922-47de-a285-b5c5b7637dd8@group-B5582974CC04, cid=184, FAILED org.apache.ratis.protocol.NotLeaderException: Server fef3bd8d-d922-47de-a285-b5c5b7637dd8@group-B5582974CC04 is not the leader, logIndex=0, commits[fef3bd8d-d922-47de-a285-b5c5b7637dd8:c-1]
2019-09-09 16:55:56,289 [Thread-3039] INFO  impl.FollowerState (FollowerState.java:run(106)) - b4370686-254e-42e8-8711-e188529c4c34:group-6578032D49CB changes to CANDIDATE, lastRpcTime:5070, electionTimeout:5070ms
2019-09-09 16:55:56,290 [Thread-3039] INFO  impl.RoleInfo (RoleInfo.java:shutdownFollowerState(121)) - b4370686-254e-42e8-8711-e188529c4c34: shutdown FollowerState
2019-09-09 16:55:56,290 [Thread-3039] INFO  impl.RaftServerImpl (RaftServerImpl.java:setRole(174)) - b4370686-254e-42e8-8711-e188529c4c34@group-6578032D49CB: changes role from  FOLLOWER to CANDIDATE at term 0 for changeToCandidate
2019-09-09 16:55:56,290 [Thread-3039] INFO  impl.RoleInfo (RoleInfo.java:updateAndGet(143)) - b4370686-254e-42e8-8711-e188529c4c34: start LeaderElection
2019-09-09 16:55:56,296 [Thread-3042] INFO  impl.FollowerState (FollowerState.java:run(106)) - 673f1e0c-3588-4517-a646-879dbe70b429:group-FECA49A8C19F changes to CANDIDATE, lastRpcTime:5017, electionTimeout:5016ms
2019-09-09 16:55:56,296 [Thread-3042] INFO  impl.RoleInfo (RoleInfo.java:shutdownFollowerState(121)) - 673f1e0c-3588-4517-a646-879dbe70b429: shutdown FollowerState
2019-09-09 16:55:56,296 [Thread-3042] INFO  impl.RaftServerImpl (RaftServerImpl.java:setRole(174)) - 673f1e0c-3588-4517-a646-879dbe70b429@group-FECA49A8C19F: changes role from  FOLLOWER to CANDIDATE at term 0 for changeToCandidate
2019-09-09 16:55:56,296 [Thread-3042] INFO  impl.RoleInfo (RoleInfo.java:updateAndGet(143)) - 673f1e0c-3588-4517-a646-879dbe70b429: start LeaderElection
2019-09-09 16:55:56,311 [b4370686-254e-42e8-8711-e188529c4c34@group-6578032D49CB:LeaderElection58] INFO  impl.LeaderElection (LeaderElection.java:askForVotes(182)) - b4370686-254e-42e8-8711-e188529c4c34@group-6578032D49CB:LeaderElection58: begin an election at term 1 for -1: [b4370686-254e-42e8-8711-e188529c4c34:192.168.69.125:35664], old=null
2019-09-09 16:55:56,311 [b4370686-254e-42e8-8711-e188529c4c34@group-6578032D49CB:LeaderElection58] INFO  impl.RoleInfo (RoleInfo.java:shutdownLeaderElection(134)) - b4370686-254e-42e8-8711-e188529c4c34: shutdown LeaderElection
2019-09-09 16:55:56,311 [b4370686-254e-42e8-8711-e188529c4c34@group-6578032D49CB:LeaderElection58] INFO  impl.RaftServerImpl (RaftServerImpl.java:setRole(174)) - b4370686-254e-42e8-8711-e188529c4c34@group-6578032D49CB: changes role from CANDIDATE to LEADER at term 1 for changeToLeader
2019-09-09 16:55:56,311 [b4370686-254e-42e8-8711-e188529c4c34@group-6578032D49CB:LeaderElection58] INFO  impl.RaftServerImpl (ServerState.java:setLeader(253)) - b4370686-254e-42e8-8711-e188529c4c34@group-6578032D49CB: change Leader from null to b4370686-254e-42e8-8711-e188529c4c34 at term 1 for becomeLeader, leader elected after 5102ms
2019-09-09 16:55:56,312 [b4370686-254e-42e8-8711-e188529c4c34@group-6578032D49CB:LeaderElection58] INFO  server.RaftServerConfigKeys (ConfUtils.java:logGet(43)) - raft.server.staging.catchup.gap = 1000 (default)
2019-09-09 16:55:56,312 [b4370686-254e-42e8-8711-e188529c4c34@group-6578032D49CB:LeaderElection58] INFO  server.RaftServerConfigKeys (ConfUtils.java:logGet(43)) - raft.server.rpc.sleep.time = 25ms (default)
2019-09-09 16:55:56,312 [b4370686-254e-42e8-8711-e188529c4c34@group-6578032D49CB:LeaderElection58] INFO  server.RaftServerConfigKeys (ConfUtils.java:logGet(43)) - raft.server.write.element-limit = 4096 (default)
2019-09-09 16:55:56,312 [b4370686-254e-42e8-8711-e188529c4c34@group-6578032D49CB:LeaderElection58] INFO  server.RaftServerConfigKeys (ConfUtils.java:logGet(43)) - raft.server.watch.timeout = 10s (default)
2019-09-09 16:55:56,313 [b4370686-254e-42e8-8711-e188529c4c34@group-6578032D49CB:LeaderElection58] INFO  server.RaftServerConfigKeys (ConfUtils.java:logGet(43)) - raft.server.watch.timeout.denomination = 1s (default)
2019-09-09 16:55:56,313 [b4370686-254e-42e8-8711-e188529c4c34@group-6578032D49CB:LeaderElection58] INFO  server.RaftServerConfigKeys (ConfUtils.java:logGet(43)) - raft.server.watch.element-limit = 65536 (default)
2019-09-09 16:55:56,316 [b4370686-254e-42e8-8711-e188529c4c34@group-6578032D49CB:LeaderElection58] INFO  impl.RoleInfo (RoleInfo.java:updateAndGet(143)) - b4370686-254e-42e8-8711-e188529c4c34: start LeaderState
2019-09-09 16:55:56,317 [b4370686-254e-42e8-8711-e188529c4c34@group-6578032D49CB:LeaderElection58] INFO  segmented.SegmentedRaftLogWorker (SegmentedRaftLogWorker.java:startLogSegment(380)) - b4370686-254e-42e8-8711-e188529c4c34@group-6578032D49CB-SegmentedRaftLogWorker: Starting segment from index:0
2019-09-09 16:55:56,317 [b4370686-254e-42e8-8711-e188529c4c34@group-6578032D49CB:LeaderElection58] INFO  impl.RaftServerImpl (ServerState.java:setRaftConf(354)) - b4370686-254e-42e8-8711-e188529c4c34@group-6578032D49CB: set configuration 0: [b4370686-254e-42e8-8711-e188529c4c34:192.168.69.125:35664], old=null at 0
2019-09-09 16:55:56,325 [673f1e0c-3588-4517-a646-879dbe70b429@group-FECA49A8C19F:LeaderElection59] INFO  impl.LeaderElection (LeaderElection.java:askForVotes(182)) - 673f1e0c-3588-4517-a646-879dbe70b429@group-FECA49A8C19F:LeaderElection59: begin an election at term 1 for -1: [673f1e0c-3588-4517-a646-879dbe70b429:192.168.69.125:36334], old=null
2019-09-09 16:55:56,325 [673f1e0c-3588-4517-a646-879dbe70b429@group-FECA49A8C19F:LeaderElection59] INFO  impl.RoleInfo (RoleInfo.java:shutdownLeaderElection(134)) - 673f1e0c-3588-4517-a646-879dbe70b429: shutdown LeaderElection
2019-09-09 16:55:56,325 [673f1e0c-3588-4517-a646-879dbe70b429@group-FECA49A8C19F:LeaderElection59] INFO  impl.RaftServerImpl (RaftServerImpl.java:setRole(174)) - 673f1e0c-3588-4517-a646-879dbe70b429@group-FECA49A8C19F: changes role from CANDIDATE to LEADER at term 1 for changeToLeader
2019-09-09 16:55:56,325 [673f1e0c-3588-4517-a646-879dbe70b429@group-FECA49A8C19F:LeaderElection59] INFO  impl.RaftServerImpl (ServerState.java:setLeader(253)) - 673f1e0c-3588-4517-a646-879dbe70b429@group-FECA49A8C19F: change Leader from null to 673f1e0c-3588-4517-a646-879dbe70b429 at term 1 for becomeLeader, leader elected after 5051ms
2019-09-09 16:55:56,325 [673f1e0c-3588-4517-a646-879dbe70b429@group-FECA49A8C19F:LeaderElection59] INFO  server.RaftServerConfigKeys (ConfUtils.java:logGet(43)) - raft.server.staging.catchup.gap = 1000 (default)
2019-09-09 16:55:56,325 [673f1e0c-3588-4517-a646-879dbe70b429@group-FECA49A8C19F:LeaderElection59] INFO  server.RaftServerConfigKeys (ConfUtils.java:logGet(43)) - raft.server.rpc.sleep.time = 25ms (default)
2019-09-09 16:55:56,325 [673f1e0c-3588-4517-a646-879dbe70b429@group-FECA49A8C19F:LeaderElection59] INFO  server.RaftServerConfigKeys (ConfUtils.java:logGet(43)) - raft.server.write.element-limit = 4096 (default)
2019-09-09 16:55:56,325 [673f1e0c-3588-4517-a646-879dbe70b429@group-FECA49A8C19F:LeaderElection59] INFO  server.RaftServerConfigKeys (ConfUtils.java:logGet(43)) - raft.server.watch.timeout = 10s (default)
2019-09-09 16:55:56,325 [673f1e0c-3588-4517-a646-879dbe70b429@group-FECA49A8C19F:LeaderElection59] INFO  server.RaftServerConfigKeys (ConfUtils.java:logGet(43)) - raft.server.watch.timeout.denomination = 1s (default)
2019-09-09 16:55:56,325 [673f1e0c-3588-4517-a646-879dbe70b429@group-FECA49A8C19F:LeaderElection59] INFO  server.RaftServerConfigKeys (ConfUtils.java:logGet(43)) - raft.server.watch.element-limit = 65536 (default)
2019-09-09 16:55:56,327 [673f1e0c-3588-4517-a646-879dbe70b429@group-FECA49A8C19F:LeaderElection59] INFO  impl.RoleInfo (RoleInfo.java:updateAndGet(143)) - 673f1e0c-3588-4517-a646-879dbe70b429: start LeaderState
2019-09-09 16:55:56,327 [673f1e0c-3588-4517-a646-879dbe70b429@group-FECA49A8C19F:LeaderElection59] INFO  segmented.SegmentedRaftLogWorker (SegmentedRaftLogWorker.java:startLogSegment(380)) - 673f1e0c-3588-4517-a646-879dbe70b429@group-FECA49A8C19F-SegmentedRaftLogWorker: Starting segment from index:0
2019-09-09 16:55:56,327 [673f1e0c-3588-4517-a646-879dbe70b429@group-FECA49A8C19F:LeaderElection59] INFO  impl.RaftServerImpl (ServerState.java:setRaftConf(354)) - 673f1e0c-3588-4517-a646-879dbe70b429@group-FECA49A8C19F: set configuration 0: [673f1e0c-3588-4517-a646-879dbe70b429:192.168.69.125:36334], old=null at 0
2019-09-09 16:55:56,383 [673f1e0c-3588-4517-a646-879dbe70b429@group-FECA49A8C19F-SegmentedRaftLogWorker] INFO  segmented.SegmentedRaftLogWorker (SegmentedRaftLogWorker.java:execute(569)) - 673f1e0c-3588-4517-a646-879dbe70b429@group-FECA49A8C19F-SegmentedRaftLogWorker: created new log segment /workdir/hadoop-ozone/integration-test/target/test-dir/MiniOzoneClusterImpl-159a55fc-c6c6-4d0b-a61c-0ed7c6373e46/datanode-1/data/ratis/292a50d3-6442-4cec-84f5-feca49a8c19f/current/log_inprogress_0
2019-09-09 16:55:56,383 [b4370686-254e-42e8-8711-e188529c4c34@group-6578032D49CB-SegmentedRaftLogWorker] INFO  segmented.SegmentedRaftLogWorker (SegmentedRaftLogWorker.java:execute(569)) - b4370686-254e-42e8-8711-e188529c4c34@group-6578032D49CB-SegmentedRaftLogWorker: created new log segment /workdir/hadoop-ozone/integration-test/target/test-dir/MiniOzoneClusterImpl-159a55fc-c6c6-4d0b-a61c-0ed7c6373e46/datanode-0/data/ratis/6021479d-bb8e-4f06-99ea-6578032d49cb/current/log_inprogress_0
2019-09-09 16:55:56,409 [Thread-3045] INFO  impl.FollowerState (FollowerState.java:run(106)) - 0cac7eda-6f69-4cc3-b6d5-dce8d0a0fa0f:group-F5C587DE1C53 changes to CANDIDATE, lastRpcTime:5069, electionTimeout:5069ms
2019-09-09 16:55:56,409 [Thread-3045] INFO  impl.RoleInfo (RoleInfo.java:shutdownFollowerState(121)) - 0cac7eda-6f69-4cc3-b6d5-dce8d0a0fa0f: shutdown FollowerState
2019-09-09 16:55:56,409 [Thread-3045] INFO  impl.RaftServerImpl (RaftServerImpl.java:setRole(174)) - 0cac7eda-6f69-4cc3-b6d5-dce8d0a0fa0f@group-F5C587DE1C53: changes role from  FOLLOWER to CANDIDATE at term 0 for changeToCandidate
2019-09-09 16:55:56,409 [Thread-3045] INFO  impl.RoleInfo (RoleInfo.java:updateAndGet(143)) - 0cac7eda-6f69-4cc3-b6d5-dce8d0a0fa0f: start LeaderElection
2019-09-09 16:55:56,524 [Thread-3048] INFO  impl.FollowerState (FollowerState.java:run(106)) - a5b923f2-7f8f-418d-81e1-d85ab7469232:group-81530F27090C changes to CANDIDATE, lastRpcTime:5099, electionTimeout:5099ms
2019-09-09 16:55:56,525 [Thread-3048] INFO  impl.RoleInfo (RoleInfo.java:shutdownFollowerState(121)) - a5b923f2-7f8f-418d-81e1-d85ab7469232: shutdown FollowerState
2019-09-09 16:55:56,525 [Thread-3048] INFO  impl.RaftServerImpl (RaftServerImpl.java:setRole(174)) - a5b923f2-7f8f-418d-81e1-d85ab7469232@group-81530F27090C: changes role from  FOLLOWER to CANDIDATE at term 0 for changeToCandidate
2019-09-09 16:55:56,525 [Thread-3048] INFO  impl.RoleInfo (RoleInfo.java:updateAndGet(143)) - a5b923f2-7f8f-418d-81e1-d85ab7469232: start LeaderElection
2019-09-09 16:55:56,663 [0cac7eda-6f69-4cc3-b6d5-dce8d0a0fa0f@group-F5C587DE1C53:LeaderElection60] INFO  impl.LeaderElection (LeaderElection.java:askForVotes(182)) - 0cac7eda-6f69-4cc3-b6d5-dce8d0a0fa0f@group-F5C587DE1C53:LeaderElection60: begin an election at term 1 for -1: [0cac7eda-6f69-4cc3-b6d5-dce8d0a0fa0f:192.168.69.125:43655], old=null
2019-09-09 16:55:56,663 [0cac7eda-6f69-4cc3-b6d5-dce8d0a0fa0f@group-F5C587DE1C53:LeaderElection60] INFO  impl.RoleInfo (RoleInfo.java:shutdownLeaderElection(134)) - 0cac7eda-6f69-4cc3-b6d5-dce8d0a0fa0f: shutdown LeaderElection
2019-09-09 16:55:56,663 [0cac7eda-6f69-4cc3-b6d5-dce8d0a0fa0f@group-F5C587DE1C53:LeaderElection60] INFO  impl.RaftServerImpl (RaftServerImpl.java:setRole(174)) - 0cac7eda-6f69-4cc3-b6d5-dce8d0a0fa0f@group-F5C587DE1C53: changes role from CANDIDATE to LEADER at term 1 for changeToLeader
2019-09-09 16:55:56,663 [0cac7eda-6f69-4cc3-b6d5-dce8d0a0fa0f@group-F5C587DE1C53:LeaderElection60] INFO  impl.RaftServerImpl (ServerState.java:setLeader(253)) - 0cac7eda-6f69-4cc3-b6d5-dce8d0a0fa0f@group-F5C587DE1C53: change Leader from null to 0cac7eda-6f69-4cc3-b6d5-dce8d0a0fa0f at term 1 for becomeLeader, leader elected after 5329ms
2019-09-09 16:55:56,664 [0cac7eda-6f69-4cc3-b6d5-dce8d0a0fa0f@group-F5C587DE1C53:LeaderElection60] INFO  server.RaftServerConfigKeys (ConfUtils.java:logGet(43)) - raft.server.staging.catchup.gap = 1000 (default)
2019-09-09 16:55:56,664 [a5b923f2-7f8f-418d-81e1-d85ab7469232@group-81530F27090C:LeaderElection61] INFO  impl.LeaderElection (LeaderElection.java:askForVotes(182)) - a5b923f2-7f8f-418d-81e1-d85ab7469232@group-81530F27090C:LeaderElection61: begin an election at term 1 for -1: [a5b923f2-7f8f-418d-81e1-d85ab7469232:192.168.69.125:40605], old=null
2019-09-09 16:55:56,664 [0cac7eda-6f69-4cc3-b6d5-dce8d0a0fa0f@group-F5C587DE1C53:LeaderElection60] INFO  server.RaftServerConfigKeys (ConfUtils.java:logGet(43)) - raft.server.rpc.sleep.time = 25ms (default)
2019-09-09 16:55:56,664 [a5b923f2-7f8f-418d-81e1-d85ab7469232@group-81530F27090C:LeaderElection61] INFO  impl.RoleInfo (RoleInfo.java:shutdownLeaderElection(134)) - a5b923f2-7f8f-418d-81e1-d85ab7469232: shutdown LeaderElection
2019-09-09 16:55:56,664 [0cac7eda-6f69-4cc3-b6d5-dce8d0a0fa0f@group-F5C587DE1C53:LeaderElection60] INFO  server.RaftServerConfigKeys (ConfUtils.java:logGet(43)) - raft.server.write.element-limit = 4096 (default)
2019-09-09 16:55:56,664 [a5b923f2-7f8f-418d-81e1-d85ab7469232@group-81530F27090C:LeaderElection61] INFO  impl.RaftServerImpl (RaftServerImpl.java:setRole(174)) - a5b923f2-7f8f-418d-81e1-d85ab7469232@group-81530F27090C: changes role from CANDIDATE to LEADER at term 1 for changeToLeader
2019-09-09 16:55:56,664 [0cac7eda-6f69-4cc3-b6d5-dce8d0a0fa0f@group-F5C587DE1C53:LeaderElection60] INFO  server.RaftServerConfigKeys (ConfUtils.java:logGet(43)) - raft.server.watch.timeout = 10s (default)
2019-09-09 16:55:56,664 [a5b923f2-7f8f-418d-81e1-d85ab7469232@group-81530F27090C:LeaderElection61] INFO  impl.RaftServerImpl (ServerState.java:setLeader(253)) - a5b923f2-7f8f-418d-81e1-d85ab7469232@group-81530F27090C: change Leader from null to a5b923f2-7f8f-418d-81e1-d85ab7469232 at term 1 for becomeLeader, leader elected after 5247ms
2019-09-09 16:55:56,664 [0cac7eda-6f69-4cc3-b6d5-dce8d0a0fa0f@group-F5C587DE1C53:LeaderElection60] INFO  server.RaftServerConfigKeys (ConfUtils.java:logGet(43)) - raft.server.watch.timeout.denomination = 1s (default)
2019-09-09 16:55:56,665 [a5b923f2-7f8f-418d-81e1-d85ab7469232@group-81530F27090C:LeaderElection61] INFO  server.RaftServerConfigKeys (ConfUtils.java:logGet(43)) - raft.server.staging.catchup.gap = 1000 (default)
2019-09-09 16:55:56,665 [0cac7eda-6f69-4cc3-b6d5-dce8d0a0fa0f@group-F5C587DE1C53:LeaderElection60] INFO  server.RaftServerConfigKeys (ConfUtils.java:logGet(43)) - raft.server.watch.element-limit = 65536 (default)
2019-09-09 16:55:56,665 [a5b923f2-7f8f-418d-81e1-d85ab7469232@group-81530F27090C:LeaderElection61] INFO  server.RaftServerConfigKeys (ConfUtils.java:logGet(43)) - raft.server.rpc.sleep.time = 25ms (default)
2019-09-09 16:55:56,665 [a5b923f2-7f8f-418d-81e1-d85ab7469232@group-81530F27090C:LeaderElection61] INFO  server.RaftServerConfigKeys (ConfUtils.java:logGet(43)) - raft.server.write.element-limit = 4096 (default)
2019-09-09 16:55:56,665 [a5b923f2-7f8f-418d-81e1-d85ab7469232@group-81530F27090C:LeaderElection61] INFO  server.RaftServerConfigKeys (ConfUtils.java:logGet(43)) - raft.server.watch.timeout = 10s (default)
2019-09-09 16:55:56,665 [a5b923f2-7f8f-418d-81e1-d85ab7469232@group-81530F27090C:LeaderElection61] INFO  server.RaftServerConfigKeys (ConfUtils.java:logGet(43)) - raft.server.watch.timeout.denomination = 1s (default)
2019-09-09 16:55:56,665 [a5b923f2-7f8f-418d-81e1-d85ab7469232@group-81530F27090C:LeaderElection61] INFO  server.RaftServerConfigKeys (ConfUtils.java:logGet(43)) - raft.server.watch.element-limit = 65536 (default)
2019-09-09 16:55:56,667 [0cac7eda-6f69-4cc3-b6d5-dce8d0a0fa0f@group-F5C587DE1C53:LeaderElection60] INFO  impl.RoleInfo (RoleInfo.java:updateAndGet(143)) - 0cac7eda-6f69-4cc3-b6d5-dce8d0a0fa0f: start LeaderState
2019-09-09 16:55:56,667 [0cac7eda-6f69-4cc3-b6d5-dce8d0a0fa0f@group-F5C587DE1C53:LeaderElection60] INFO  segmented.SegmentedRaftLogWorker (SegmentedRaftLogWorker.java:startLogSegment(380)) - 0cac7eda-6f69-4cc3-b6d5-dce8d0a0fa0f@group-F5C587DE1C53-SegmentedRaftLogWorker: Starting segment from index:0
2019-09-09 16:55:56,667 [a5b923f2-7f8f-418d-81e1-d85ab7469232@group-81530F27090C:LeaderElection61] INFO  impl.RoleInfo (RoleInfo.java:updateAndGet(143)) - a5b923f2-7f8f-418d-81e1-d85ab7469232: start LeaderState
2019-09-09 16:55:56,667 [a5b923f2-7f8f-418d-81e1-d85ab7469232@group-81530F27090C:LeaderElection61] INFO  segmented.SegmentedRaftLogWorker (SegmentedRaftLogWorker.java:startLogSegment(380)) - a5b923f2-7f8f-418d-81e1-d85ab7469232@group-81530F27090C-SegmentedRaftLogWorker: Starting segment from index:0
2019-09-09 16:55:56,667 [0cac7eda-6f69-4cc3-b6d5-dce8d0a0fa0f@group-F5C587DE1C53:LeaderElection60] INFO  impl.RaftServerImpl (ServerState.java:setRaftConf(354)) - 0cac7eda-6f69-4cc3-b6d5-dce8d0a0fa0f@group-F5C587DE1C53: set configuration 0: [0cac7eda-6f69-4cc3-b6d5-dce8d0a0fa0f:192.168.69.125:43655], old=null at 0
2019-09-09 16:55:56,700 [Thread-3056] INFO  impl.FollowerState (FollowerState.java:run(106)) - fef3bd8d-d922-47de-a285-b5c5b7637dd8:group-1E7DA2E8DEC6 changes to CANDIDATE, lastRpcTime:5020, electionTimeout:5017ms
2019-09-09 16:55:56,700 [a5b923f2-7f8f-418d-81e1-d85ab7469232@group-81530F27090C:LeaderElection61] INFO  impl.RaftServerImpl (ServerState.java:setRaftConf(354)) - a5b923f2-7f8f-418d-81e1-d85ab7469232@group-81530F27090C: set configuration 0: [a5b923f2-7f8f-418d-81e1-d85ab7469232:192.168.69.125:40605], old=null at 0
2019-09-09 16:55:56,700 [Thread-3051] INFO  impl.FollowerState (FollowerState.java:run(106)) - 5ffdae7f-f4e4-4d79-867a-68feb8e0c22d:group-B39BE48DD494 changes to CANDIDATE, lastRpcTime:5206, electionTimeout:5185ms
2019-09-09 16:55:56,700 [Thread-3056] INFO  impl.RoleInfo (RoleInfo.java:shutdownFollowerState(121)) - fef3bd8d-d922-47de-a285-b5c5b7637dd8: shutdown FollowerState
2019-09-09 16:55:56,703 [Thread-3051] INFO  impl.RoleInfo (RoleInfo.java:shutdownFollowerState(121)) - 5ffdae7f-f4e4-4d79-867a-68feb8e0c22d: shutdown FollowerState
2019-09-09 16:55:56,703 [Thread-3056] INFO  impl.RaftServerImpl (RaftServerImpl.java:setRole(174)) - fef3bd8d-d922-47de-a285-b5c5b7637dd8@group-1E7DA2E8DEC6: changes role from  FOLLOWER to CANDIDATE at term 0 for changeToCandidate
2019-09-09 16:55:56,703 [Thread-3051] INFO  impl.RaftServerImpl (RaftServerImpl.java:setRole(174)) - 5ffdae7f-f4e4-4d79-867a-68feb8e0c22d@group-B39BE48DD494: changes role from  FOLLOWER to CANDIDATE at term 0 for changeToCandidate
2019-09-09 16:55:56,703 [Thread-3056] INFO  impl.RoleInfo (RoleInfo.java:updateAndGet(143)) - fef3bd8d-d922-47de-a285-b5c5b7637dd8: start LeaderElection
2019-09-09 16:55:56,703 [Thread-3051] INFO  impl.RoleInfo (RoleInfo.java:updateAndGet(143)) - 5ffdae7f-f4e4-4d79-867a-68feb8e0c22d: start LeaderElection
2019-09-09 16:55:56,723 [0cac7eda-6f69-4cc3-b6d5-dce8d0a0fa0f@group-F5C587DE1C53-SegmentedRaftLogWorker] INFO  segmented.SegmentedRaftLogWorker (SegmentedRaftLogWorker.java:execute(569)) - 0cac7eda-6f69-4cc3-b6d5-dce8d0a0fa0f@group-F5C587DE1C53-SegmentedRaftLogWorker: created new log segment /workdir/hadoop-ozone/integration-test/target/test-dir/MiniOzoneClusterImpl-159a55fc-c6c6-4d0b-a61c-0ed7c6373e46/datanode-2/data/ratis/9d7d4c96-c4fc-4443-aad6-f5c587de1c53/current/log_inprogress_0
2019-09-09 16:55:56,761 [a5b923f2-7f8f-418d-81e1-d85ab7469232@group-81530F27090C-SegmentedRaftLogWorker] INFO  segmented.SegmentedRaftLogWorker (SegmentedRaftLogWorker.java:execute(569)) - a5b923f2-7f8f-418d-81e1-d85ab7469232@group-81530F27090C-SegmentedRaftLogWorker: created new log segment /workdir/hadoop-ozone/integration-test/target/test-dir/MiniOzoneClusterImpl-159a55fc-c6c6-4d0b-a61c-0ed7c6373e46/datanode-3/data/ratis/c6681cf7-c76c-4c8b-99e3-81530f27090c/current/log_inprogress_0
2019-09-09 16:55:56,815 [Thread-3059] INFO  impl.FollowerState (FollowerState.java:run(106)) - 99b77255-435a-4470-bbcd-054d51502fb4:group-869E78F31244 changes to CANDIDATE, lastRpcTime:5074, electionTimeout:5074ms
2019-09-09 16:55:56,816 [Thread-3059] INFO  impl.RoleInfo (RoleInfo.java:shutdownFollowerState(121)) - 99b77255-435a-4470-bbcd-054d51502fb4: shutdown FollowerState
2019-09-09 16:55:56,816 [Thread-3059] INFO  impl.RaftServerImpl (RaftServerImpl.java:setRole(174)) - 99b77255-435a-4470-bbcd-054d51502fb4@group-869E78F31244: changes role from  FOLLOWER to CANDIDATE at term 0 for changeToCandidate
2019-09-09 16:55:56,818 [Thread-3064] INFO  impl.FollowerState (FollowerState.java:run(106)) - a5b923f2-7f8f-418d-81e1-d85ab7469232:group-6C05AF0CD5A8 changes to CANDIDATE, lastRpcTime:5001, electionTimeout:5001ms
2019-09-09 16:55:56,818 [Thread-3064] INFO  impl.RoleInfo (RoleInfo.java:shutdownFollowerState(121)) - a5b923f2-7f8f-418d-81e1-d85ab7469232: shutdown FollowerState
2019-09-09 16:55:56,818 [Thread-3064] INFO  impl.RaftServerImpl (RaftServerImpl.java:setRole(174)) - a5b923f2-7f8f-418d-81e1-d85ab7469232@group-6C05AF0CD5A8: changes role from  FOLLOWER to CANDIDATE at term 0 for changeToCandidate
2019-09-09 16:55:56,880 [Thread-3067] INFO  impl.FollowerState (FollowerState.java:run(106)) - 5ffdae7f-f4e4-4d79-867a-68feb8e0c22d:group-6C05AF0CD5A8 changes to CANDIDATE, lastRpcTime:5058, electionTimeout:5058ms
2019-09-09 16:55:56,880 [Thread-3067] INFO  impl.RoleInfo (RoleInfo.java:shutdownFollowerState(121)) - 5ffdae7f-f4e4-4d79-867a-68feb8e0c22d: shutdown FollowerState
2019-09-09 16:55:56,880 [Thread-3067] INFO  impl.RaftServerImpl (RaftServerImpl.java:setRole(174)) - 5ffdae7f-f4e4-4d79-867a-68feb8e0c22d@group-6C05AF0CD5A8: changes role from  FOLLOWER to CANDIDATE at term 0 for changeToCandidate
2019-09-09 16:55:56,920 [Thread-3066] INFO  impl.FollowerState (FollowerState.java:run(106)) - b4370686-254e-42e8-8711-e188529c4c34:group-6C05AF0CD5A8 changes to CANDIDATE, lastRpcTime:5102, electionTimeout:5102ms
2019-09-09 16:55:56,921 [Thread-3066] INFO  impl.RoleInfo (RoleInfo.java:shutdownFollowerState(121)) - b4370686-254e-42e8-8711-e188529c4c34: shutdown FollowerState
2019-09-09 16:55:56,921 [Thread-3066] INFO  impl.RaftServerImpl (RaftServerImpl.java:setRole(174)) - b4370686-254e-42e8-8711-e188529c4c34@group-6C05AF0CD5A8: changes role from  FOLLOWER to CANDIDATE at term 0 for changeToCandidate
2019-09-09 16:55:56,923 [Thread-3066] INFO  impl.RoleInfo (RoleInfo.java:updateAndGet(143)) - b4370686-254e-42e8-8711-e188529c4c34: start LeaderElection
2019-09-09 16:55:56,923 [Thread-3059] INFO  impl.RoleInfo (RoleInfo.java:updateAndGet(143)) - 99b77255-435a-4470-bbcd-054d51502fb4: start LeaderElection
2019-09-09 16:55:56,923 [Thread-3064] INFO  impl.RoleInfo (RoleInfo.java:updateAndGet(143)) - a5b923f2-7f8f-418d-81e1-d85ab7469232: start LeaderElection
2019-09-09 16:55:56,923 [Thread-3067] INFO  impl.RoleInfo (RoleInfo.java:updateAndGet(143)) - 5ffdae7f-f4e4-4d79-867a-68feb8e0c22d: start LeaderElection
2019-09-09 16:55:56,957 [Thread-3075] INFO  impl.FollowerState (FollowerState.java:run(106)) - fef3bd8d-d922-47de-a285-b5c5b7637dd8:group-B5582974CC04 changes to CANDIDATE, lastRpcTime:5037, electionTimeout:5037ms
2019-09-09 16:55:56,957 [Thread-3075] INFO  impl.RoleInfo (RoleInfo.java:shutdownFollowerState(121)) - fef3bd8d-d922-47de-a285-b5c5b7637dd8: shutdown FollowerState
2019-09-09 16:55:56,957 [Thread-3075] INFO  impl.RaftServerImpl (RaftServerImpl.java:setRole(174)) - fef3bd8d-d922-47de-a285-b5c5b7637dd8@group-B5582974CC04: changes role from  FOLLOWER to CANDIDATE at term 0 for changeToCandidate
2019-09-09 16:55:56,957 [Thread-3075] INFO  impl.RoleInfo (RoleInfo.java:updateAndGet(143)) - fef3bd8d-d922-47de-a285-b5c5b7637dd8: start LeaderElection
2019-09-09 16:55:56,973 [99b77255-435a-4470-bbcd-054d51502fb4@group-869E78F31244:LeaderElection64] INFO  impl.LeaderElection (LeaderElection.java:askForVotes(182)) - 99b77255-435a-4470-bbcd-054d51502fb4@group-869E78F31244:LeaderElection64: begin an election at term 1 for -1: [99b77255-435a-4470-bbcd-054d51502fb4:192.168.69.125:39830], old=null
2019-09-09 16:55:56,973 [a5b923f2-7f8f-418d-81e1-d85ab7469232@group-6C05AF0CD5A8:LeaderElection65] INFO  impl.LeaderElection (LeaderElection.java:askForVotes(182)) - a5b923f2-7f8f-418d-81e1-d85ab7469232@group-6C05AF0CD5A8:LeaderElection65: begin an election at term 1 for -1: [b4370686-254e-42e8-8711-e188529c4c34:192.168.69.125:35664, a5b923f2-7f8f-418d-81e1-d85ab7469232:192.168.69.125:40605, 5ffdae7f-f4e4-4d79-867a-68feb8e0c22d:192.168.69.125:44397], old=null
2019-09-09 16:55:56,973 [99b77255-435a-4470-bbcd-054d51502fb4@group-869E78F31244:LeaderElection64] INFO  impl.RoleInfo (RoleInfo.java:shutdownLeaderElection(134)) - 99b77255-435a-4470-bbcd-054d51502fb4: shutdown LeaderElection
2019-09-09 16:55:56,973 [fef3bd8d-d922-47de-a285-b5c5b7637dd8@group-1E7DA2E8DEC6:LeaderElection62] INFO  impl.LeaderElection (LeaderElection.java:askForVotes(182)) - fef3bd8d-d922-47de-a285-b5c5b7637dd8@group-1E7DA2E8DEC6:LeaderElection62: begin an election at term 1 for -1: [fef3bd8d-d922-47de-a285-b5c5b7637dd8:192.168.69.125:38606], old=null
2019-09-09 16:55:56,973 [5ffdae7f-f4e4-4d79-867a-68feb8e0c22d@group-6C05AF0CD5A8:LeaderElection66] INFO  impl.LeaderElection (LeaderElection.java:askForVotes(182)) - 5ffdae7f-f4e4-4d79-867a-68feb8e0c22d@group-6C05AF0CD5A8:LeaderElection66: begin an election at term 1 for -1: [b4370686-254e-42e8-8711-e188529c4c34:192.168.69.125:35664, a5b923f2-7f8f-418d-81e1-d85ab7469232:192.168.69.125:40605, 5ffdae7f-f4e4-4d79-867a-68feb8e0c22d:192.168.69.125:44397], old=null
2019-09-09 16:55:56,973 [5ffdae7f-f4e4-4d79-867a-68feb8e0c22d@group-B39BE48DD494:LeaderElection63] INFO  impl.LeaderElection (LeaderElection.java:askForVotes(182)) - 5ffdae7f-f4e4-4d79-867a-68feb8e0c22d@group-B39BE48DD494:LeaderElection63: begin an election at term 1 for -1: [5ffdae7f-f4e4-4d79-867a-68feb8e0c22d:192.168.69.125:44397], old=null
2019-09-09 16:55:56,973 [b4370686-254e-42e8-8711-e188529c4c34@group-6C05AF0CD5A8:LeaderElection67] INFO  impl.LeaderElection (LeaderElection.java:askForVotes(182)) - b4370686-254e-42e8-8711-e188529c4c34@group-6C05AF0CD5A8:LeaderElection67: begin an election at term 1 for -1: [b4370686-254e-42e8-8711-e188529c4c34:192.168.69.125:35664, a5b923f2-7f8f-418d-81e1-d85ab7469232:192.168.69.125:40605, 5ffdae7f-f4e4-4d79-867a-68feb8e0c22d:192.168.69.125:44397], old=null
2019-09-09 16:55:56,974 [5ffdae7f-f4e4-4d79-867a-68feb8e0c22d@group-B39BE48DD494:LeaderElection63] INFO  impl.RoleInfo (RoleInfo.java:shutdownLeaderElection(134)) - 5ffdae7f-f4e4-4d79-867a-68feb8e0c22d: shutdown LeaderElection
2019-09-09 16:55:56,973 [fef3bd8d-d922-47de-a285-b5c5b7637dd8@group-1E7DA2E8DEC6:LeaderElection62] INFO  impl.RoleInfo (RoleInfo.java:shutdownLeaderElection(134)) - fef3bd8d-d922-47de-a285-b5c5b7637dd8: shutdown LeaderElection
2019-09-09 16:55:56,973 [99b77255-435a-4470-bbcd-054d51502fb4@group-869E78F31244:LeaderElection64] INFO  impl.RaftServerImpl (RaftServerImpl.java:setRole(174)) - 99b77255-435a-4470-bbcd-054d51502fb4@group-869E78F31244: changes role from CANDIDATE to LEADER at term 1 for changeToLeader
2019-09-09 16:55:56,974 [fef3bd8d-d922-47de-a285-b5c5b7637dd8@group-1E7DA2E8DEC6:LeaderElection62] INFO  impl.RaftServerImpl (RaftServerImpl.java:setRole(174)) - fef3bd8d-d922-47de-a285-b5c5b7637dd8@group-1E7DA2E8DEC6: changes role from CANDIDATE to LEADER at term 1 for changeToLeader
2019-09-09 16:55:56,974 [5ffdae7f-f4e4-4d79-867a-68feb8e0c22d@group-B39BE48DD494:LeaderElection63] INFO  impl.RaftServerImpl (RaftServerImpl.java:setRole(174)) - 5ffdae7f-f4e4-4d79-867a-68feb8e0c22d@group-B39BE48DD494: changes role from CANDIDATE to LEADER at term 1 for changeToLeader
2019-09-09 16:55:56,974 [fef3bd8d-d922-47de-a285-b5c5b7637dd8@group-1E7DA2E8DEC6:LeaderElection62] INFO  impl.RaftServerImpl (ServerState.java:setLeader(253)) - fef3bd8d-d922-47de-a285-b5c5b7637dd8@group-1E7DA2E8DEC6: change Leader from null to fef3bd8d-d922-47de-a285-b5c5b7637dd8 at term 1 for becomeLeader, leader elected after 5300ms
2019-09-09 16:55:56,974 [99b77255-435a-4470-bbcd-054d51502fb4@group-869E78F31244:LeaderElection64] INFO  impl.RaftServerImpl (ServerState.java:setLeader(253)) - 99b77255-435a-4470-bbcd-054d51502fb4@group-869E78F31244: change Leader from null to 99b77255-435a-4470-bbcd-054d51502fb4 at term 1 for becomeLeader, leader elected after 5238ms
2019-09-09 16:55:56,975 [fef3bd8d-d922-47de-a285-b5c5b7637dd8@group-1E7DA2E8DEC6:LeaderElection62] INFO  server.RaftServerConfigKeys (ConfUtils.java:logGet(43)) - raft.server.staging.catchup.gap = 1000 (default)
2019-09-09 16:55:56,975 [fef3bd8d-d922-47de-a285-b5c5b7637dd8@group-1E7DA2E8DEC6:LeaderElection62] INFO  server.RaftServerConfigKeys (ConfUtils.java:logGet(43)) - raft.server.rpc.sleep.time = 25ms (default)
2019-09-09 16:55:56,974 [5ffdae7f-f4e4-4d79-867a-68feb8e0c22d@group-B39BE48DD494:LeaderElection63] INFO  impl.RaftServerImpl (ServerState.java:setLeader(253)) - 5ffdae7f-f4e4-4d79-867a-68feb8e0c22d@group-B39BE48DD494: change Leader from null to 5ffdae7f-f4e4-4d79-867a-68feb8e0c22d at term 1 for becomeLeader, leader elected after 5487ms
2019-09-09 16:55:56,975 [fef3bd8d-d922-47de-a285-b5c5b7637dd8@group-1E7DA2E8DEC6:LeaderElection62] INFO  server.RaftServerConfigKeys (ConfUtils.java:logGet(43)) - raft.server.write.element-limit = 4096 (default)
2019-09-09 16:55:56,975 [99b77255-435a-4470-bbcd-054d51502fb4@group-869E78F31244:LeaderElection64] INFO  server.RaftServerConfigKeys (ConfUtils.java:logGet(43)) - raft.server.staging.catchup.gap = 1000 (default)
2019-09-09 16:55:56,975 [fef3bd8d-d922-47de-a285-b5c5b7637dd8@group-1E7DA2E8DEC6:LeaderElection62] INFO  server.RaftServerConfigKeys (ConfUtils.java:logGet(43)) - raft.server.watch.timeout = 10s (default)
2019-09-09 16:55:56,975 [fef3bd8d-d922-47de-a285-b5c5b7637dd8@group-1E7DA2E8DEC6:LeaderElection62] INFO  server.RaftServerConfigKeys (ConfUtils.java:logGet(43)) - raft.server.watch.timeout.denomination = 1s (default)
2019-09-09 16:55:56,975 [5ffdae7f-f4e4-4d79-867a-68feb8e0c22d@group-B39BE48DD494:LeaderElection63] INFO  server.RaftServerConfigKeys (ConfUtils.java:logGet(43)) - raft.server.staging.catchup.gap = 1000 (default)
2019-09-09 16:55:56,975 [fef3bd8d-d922-47de-a285-b5c5b7637dd8@group-1E7DA2E8DEC6:LeaderElection62] INFO  server.RaftServerConfigKeys (ConfUtils.java:logGet(43)) - raft.server.watch.element-limit = 65536 (default)
2019-09-09 16:55:56,975 [99b77255-435a-4470-bbcd-054d51502fb4@group-869E78F31244:LeaderElection64] INFO  server.RaftServerConfigKeys (ConfUtils.java:logGet(43)) - raft.server.rpc.sleep.time = 25ms (default)
2019-09-09 16:55:56,984 [5ffdae7f-f4e4-4d79-867a-68feb8e0c22d@group-B39BE48DD494:LeaderElection63] INFO  server.RaftServerConfigKeys (ConfUtils.java:logGet(43)) - raft.server.rpc.sleep.time = 25ms (default)
2019-09-09 16:55:56,984 [99b77255-435a-4470-bbcd-054d51502fb4@group-869E78F31244:LeaderElection64] INFO  server.RaftServerConfigKeys (ConfUtils.java:logGet(43)) - raft.server.write.element-limit = 4096 (default)
2019-09-09 16:55:56,986 [5ffdae7f-f4e4-4d79-867a-68feb8e0c22d@group-B39BE48DD494:LeaderElection63] INFO  server.RaftServerConfigKeys (ConfUtils.java:logGet(43)) - raft.server.write.element-limit = 4096 (default)
2019-09-09 16:55:56,986 [99b77255-435a-4470-bbcd-054d51502fb4@group-869E78F31244:LeaderElection64] INFO  server.RaftServerConfigKeys (ConfUtils.java:logGet(43)) - raft.server.watch.timeout = 10s (default)
2019-09-09 16:55:56,986 [5ffdae7f-f4e4-4d79-867a-68feb8e0c22d@group-B39BE48DD494:LeaderElection63] INFO  server.RaftServerConfigKeys (ConfUtils.java:logGet(43)) - raft.server.watch.timeout = 10s (default)
2019-09-09 16:55:56,987 [99b77255-435a-4470-bbcd-054d51502fb4@group-869E78F31244:LeaderElection64] INFO  server.RaftServerConfigKeys (ConfUtils.java:logGet(43)) - raft.server.watch.timeout.denomination = 1s (default)
2019-09-09 16:55:56,987 [5ffdae7f-f4e4-4d79-867a-68feb8e0c22d@group-B39BE48DD494:LeaderElection63] INFO  server.RaftServerConfigKeys (ConfUtils.java:logGet(43)) - raft.server.watch.timeout.denomination = 1s (default)
2019-09-09 16:55:56,987 [99b77255-435a-4470-bbcd-054d51502fb4@group-869E78F31244:LeaderElection64] INFO  server.RaftServerConfigKeys (ConfUtils.java:logGet(43)) - raft.server.watch.element-limit = 65536 (default)
2019-09-09 16:55:56,987 [5ffdae7f-f4e4-4d79-867a-68feb8e0c22d@group-B39BE48DD494:LeaderElection63] INFO  server.RaftServerConfigKeys (ConfUtils.java:logGet(43)) - raft.server.watch.element-limit = 65536 (default)
2019-09-09 16:55:56,987 [fef3bd8d-d922-47de-a285-b5c5b7637dd8@group-1E7DA2E8DEC6:LeaderElection62] INFO  impl.RoleInfo (RoleInfo.java:updateAndGet(143)) - fef3bd8d-d922-47de-a285-b5c5b7637dd8: start LeaderState
2019-09-09 16:55:56,988 [fef3bd8d-d922-47de-a285-b5c5b7637dd8@group-1E7DA2E8DEC6:LeaderElection62] INFO  segmented.SegmentedRaftLogWorker (SegmentedRaftLogWorker.java:startLogSegment(380)) - fef3bd8d-d922-47de-a285-b5c5b7637dd8@group-1E7DA2E8DEC6-SegmentedRaftLogWorker: Starting segment from index:0
2019-09-09 16:55:56,990 [Thread-3071] INFO  impl.FollowerState (FollowerState.java:run(106)) - 99b77255-435a-4470-bbcd-054d51502fb4:group-B5582974CC04 changes to CANDIDATE, lastRpcTime:5076, electionTimeout:5075ms
2019-09-09 16:55:56,990 [fef3bd8d-d922-47de-a285-b5c5b7637dd8@group-1E7DA2E8DEC6:LeaderElection62] INFO  impl.RaftServerImpl (ServerState.java:setRaftConf(354)) - fef3bd8d-d922-47de-a285-b5c5b7637dd8@group-1E7DA2E8DEC6: set configuration 0: [fef3bd8d-d922-47de-a285-b5c5b7637dd8:192.168.69.125:38606], old=null at 0
2019-09-09 16:55:56,994 [Thread-3071] INFO  impl.RoleInfo (RoleInfo.java:shutdownFollowerState(121)) - 99b77255-435a-4470-bbcd-054d51502fb4: shutdown FollowerState
2019-09-09 16:55:57,001 [fef3bd8d-d922-47de-a285-b5c5b7637dd8@group-B5582974CC04:LeaderElection68] INFO  impl.LeaderElection (LeaderElection.java:askForVotes(182)) - fef3bd8d-d922-47de-a285-b5c5b7637dd8@group-B5582974CC04:LeaderElection68: begin an election at term 1 for -1: [99b77255-435a-4470-bbcd-054d51502fb4:192.168.69.125:39830, fef3bd8d-d922-47de-a285-b5c5b7637dd8:192.168.69.125:38606, 673f1e0c-3588-4517-a646-879dbe70b429:192.168.69.125:36334], old=null
2019-09-09 16:55:57,001 [Thread-3071] INFO  impl.RaftServerImpl (RaftServerImpl.java:setRole(174)) - 99b77255-435a-4470-bbcd-054d51502fb4@group-B5582974CC04: changes role from  FOLLOWER to CANDIDATE at term 0 for changeToCandidate
2019-09-09 16:55:57,025 [Thread-3076] INFO  impl.FollowerState (FollowerState.java:run(106)) - 673f1e0c-3588-4517-a646-879dbe70b429:group-B5582974CC04 changes to CANDIDATE, lastRpcTime:5106, electionTimeout:5085ms
2019-09-09 16:55:57,026 [Thread-3071] INFO  impl.RoleInfo (RoleInfo.java:updateAndGet(143)) - 99b77255-435a-4470-bbcd-054d51502fb4: start LeaderElection
2019-09-09 16:55:57,026 [Thread-3076] INFO  impl.RoleInfo (RoleInfo.java:shutdownFollowerState(121)) - 673f1e0c-3588-4517-a646-879dbe70b429: shutdown FollowerState
2019-09-09 16:55:57,026 [Thread-3076] INFO  impl.RaftServerImpl (RaftServerImpl.java:setRole(174)) - 673f1e0c-3588-4517-a646-879dbe70b429@group-B5582974CC04: changes role from  FOLLOWER to CANDIDATE at term 0 for changeToCandidate
2019-09-09 16:55:57,026 [a5b923f2-7f8f-418d-81e1-d85ab7469232@group-6C05AF0CD5A8:LeaderElection65] INFO  impl.LeaderElection (LeaderElection.java:logAndReturn(56)) - a5b923f2-7f8f-418d-81e1-d85ab7469232@group-6C05AF0CD5A8:LeaderElection65: Election REJECTED; received 2 response(s) [a5b923f2-7f8f-418d-81e1-d85ab7469232<-b4370686-254e-42e8-8711-e188529c4c34#0:FAIL-t1, a5b923f2-7f8f-418d-81e1-d85ab7469232<-5ffdae7f-f4e4-4d79-867a-68feb8e0c22d#0:FAIL-t1] and 0 exception(s); a5b923f2-7f8f-418d-81e1-d85ab7469232@group-6C05AF0CD5A8:t1, leader=null, voted=a5b923f2-7f8f-418d-81e1-d85ab7469232, raftlog=a5b923f2-7f8f-418d-81e1-d85ab7469232@group-6C05AF0CD5A8-SegmentedRaftLog:OPENED:c-1,f-1,i0, conf=-1: [b4370686-254e-42e8-8711-e188529c4c34:192.168.69.125:35664, a5b923f2-7f8f-418d-81e1-d85ab7469232:192.168.69.125:40605, 5ffdae7f-f4e4-4d79-867a-68feb8e0c22d:192.168.69.125:44397], old=null
2019-09-09 16:55:57,026 [Thread-3076] INFO  impl.RoleInfo (RoleInfo.java:updateAndGet(143)) - 673f1e0c-3588-4517-a646-879dbe70b429: start LeaderElection
2019-09-09 16:55:57,033 [a5b923f2-7f8f-418d-81e1-d85ab7469232@group-6C05AF0CD5A8:LeaderElection65] INFO  impl.RaftServerImpl (RaftServerImpl.java:setRole(174)) - a5b923f2-7f8f-418d-81e1-d85ab7469232@group-6C05AF0CD5A8: changes role from CANDIDATE to FOLLOWER at term 1 for DISCOVERED_A_NEW_TERM
2019-09-09 16:55:57,036 [b4370686-254e-42e8-8711-e188529c4c34@group-6C05AF0CD5A8:LeaderElection67] INFO  impl.LeaderElection (LeaderElection.java:logAndReturn(56)) - b4370686-254e-42e8-8711-e188529c4c34@group-6C05AF0CD5A8:LeaderElection67: Election REJECTED; received 2 response(s) [b4370686-254e-42e8-8711-e188529c4c34<-a5b923f2-7f8f-418d-81e1-d85ab7469232#0:FAIL-t1, b4370686-254e-42e8-8711-e188529c4c34<-5ffdae7f-f4e4-4d79-867a-68feb8e0c22d#0:FAIL-t1] and 0 exception(s); b4370686-254e-42e8-8711-e188529c4c34@group-6C05AF0CD5A8:t1, leader=null, voted=b4370686-254e-42e8-8711-e188529c4c34, raftlog=b4370686-254e-42e8-8711-e188529c4c34@group-6C05AF0CD5A8-SegmentedRaftLog:OPENED:c-1,f-1,i0, conf=-1: [b4370686-254e-42e8-8711-e188529c4c34:192.168.69.125:35664, a5b923f2-7f8f-418d-81e1-d85ab7469232:192.168.69.125:40605, 5ffdae7f-f4e4-4d79-867a-68feb8e0c22d:192.168.69.125:44397], old=null
2019-09-09 16:55:57,033 [5ffdae7f-f4e4-4d79-867a-68feb8e0c22d@group-6C05AF0CD5A8:LeaderElection66] INFO  impl.LeaderElection (LeaderElection.java:logAndReturn(56)) - 5ffdae7f-f4e4-4d79-867a-68feb8e0c22d@group-6C05AF0CD5A8:LeaderElection66: Election REJECTED; received 2 response(s) [5ffdae7f-f4e4-4d79-867a-68feb8e0c22d<-b4370686-254e-42e8-8711-e188529c4c34#0:FAIL-t1, 5ffdae7f-f4e4-4d79-867a-68feb8e0c22d<-a5b923f2-7f8f-418d-81e1-d85ab7469232#0:FAIL-t1] and 0 exception(s); 5ffdae7f-f4e4-4d79-867a-68feb8e0c22d@group-6C05AF0CD5A8:t1, leader=null, voted=5ffdae7f-f4e4-4d79-867a-68feb8e0c22d, raftlog=5ffdae7f-f4e4-4d79-867a-68feb8e0c22d@group-6C05AF0CD5A8-SegmentedRaftLog:OPENED:c-1,f-1,i0, conf=-1: [b4370686-254e-42e8-8711-e188529c4c34:192.168.69.125:35664, a5b923f2-7f8f-418d-81e1-d85ab7469232:192.168.69.125:40605, 5ffdae7f-f4e4-4d79-867a-68feb8e0c22d:192.168.69.125:44397], old=null
2019-09-09 16:55:57,036 [b4370686-254e-42e8-8711-e188529c4c34@group-6C05AF0CD5A8:LeaderElection67] INFO  impl.RaftServerImpl (RaftServerImpl.java:setRole(174)) - b4370686-254e-42e8-8711-e188529c4c34@group-6C05AF0CD5A8: changes role from CANDIDATE to FOLLOWER at term 1 for DISCOVERED_A_NEW_TERM
2019-09-09 16:55:57,036 [a5b923f2-7f8f-418d-81e1-d85ab7469232@group-6C05AF0CD5A8:LeaderElection65] INFO  impl.RoleInfo (RoleInfo.java:shutdownLeaderElection(134)) - a5b923f2-7f8f-418d-81e1-d85ab7469232: shutdown LeaderElection
2019-09-09 16:55:57,043 [5ffdae7f-f4e4-4d79-867a-68feb8e0c22d@group-6C05AF0CD5A8:LeaderElection66] INFO  impl.RaftServerImpl (RaftServerImpl.java:setRole(174)) - 5ffdae7f-f4e4-4d79-867a-68feb8e0c22d@group-6C05AF0CD5A8: changes role from CANDIDATE to FOLLOWER at term 1 for DISCOVERED_A_NEW_TERM
2019-09-09 16:55:57,041 [b4370686-254e-42e8-8711-e188529c4c34@group-6C05AF0CD5A8:LeaderElection67] INFO  impl.RoleInfo (RoleInfo.java:shutdownLeaderElection(134)) - b4370686-254e-42e8-8711-e188529c4c34: shutdown LeaderElection
2019-09-09 16:55:57,046 [5ffdae7f-f4e4-4d79-867a-68feb8e0c22d@group-6C05AF0CD5A8:LeaderElection66] INFO  impl.RoleInfo (RoleInfo.java:shutdownLeaderElection(134)) - 5ffdae7f-f4e4-4d79-867a-68feb8e0c22d: shutdown LeaderElection
2019-09-09 16:55:57,043 [a5b923f2-7f8f-418d-81e1-d85ab7469232@group-6C05AF0CD5A8:LeaderElection65] INFO  impl.RoleInfo (RoleInfo.java:updateAndGet(143)) - a5b923f2-7f8f-418d-81e1-d85ab7469232: start FollowerState
2019-09-09 16:55:57,047 [5ffdae7f-f4e4-4d79-867a-68feb8e0c22d@group-6C05AF0CD5A8:LeaderElection66] INFO  impl.RoleInfo (RoleInfo.java:updateAndGet(143)) - 5ffdae7f-f4e4-4d79-867a-68feb8e0c22d: start FollowerState
2019-09-09 16:55:57,047 [b4370686-254e-42e8-8711-e188529c4c34@group-6C05AF0CD5A8:LeaderElection67] INFO  impl.RoleInfo (RoleInfo.java:updateAndGet(143)) - b4370686-254e-42e8-8711-e188529c4c34: start FollowerState
2019-09-09 16:55:57,048 [99b77255-435a-4470-bbcd-054d51502fb4@group-869E78F31244:LeaderElection64] INFO  impl.RoleInfo (RoleInfo.java:updateAndGet(143)) - 99b77255-435a-4470-bbcd-054d51502fb4: start LeaderState
2019-09-09 16:55:57,048 [fef3bd8d-d922-47de-a285-b5c5b7637dd8@group-1E7DA2E8DEC6-SegmentedRaftLogWorker] INFO  segmented.SegmentedRaftLogWorker (SegmentedRaftLogWorker.java:execute(569)) - fef3bd8d-d922-47de-a285-b5c5b7637dd8@group-1E7DA2E8DEC6-SegmentedRaftLogWorker: created new log segment /workdir/hadoop-ozone/integration-test/target/test-dir/MiniOzoneClusterImpl-159a55fc-c6c6-4d0b-a61c-0ed7c6373e46/datanode-4/data/ratis/f6395fb2-927d-4c28-95d8-1e7da2e8dec6/current/log_inprogress_0
2019-09-09 16:55:57,048 [99b77255-435a-4470-bbcd-054d51502fb4@group-869E78F31244:LeaderElection64] INFO  segmented.SegmentedRaftLogWorker (SegmentedRaftLogWorker.java:startLogSegment(380)) - 99b77255-435a-4470-bbcd-054d51502fb4@group-869E78F31244-SegmentedRaftLogWorker: Starting segment from index:0
2019-09-09 16:55:57,048 [5ffdae7f-f4e4-4d79-867a-68feb8e0c22d@group-B39BE48DD494:LeaderElection63] INFO  impl.RoleInfo (RoleInfo.java:updateAndGet(143)) - 5ffdae7f-f4e4-4d79-867a-68feb8e0c22d: start LeaderState
2019-09-09 16:55:57,048 [5ffdae7f-f4e4-4d79-867a-68feb8e0c22d@group-B39BE48DD494:LeaderElection63] INFO  segmented.SegmentedRaftLogWorker (SegmentedRaftLogWorker.java:startLogSegment(380)) - 5ffdae7f-f4e4-4d79-867a-68feb8e0c22d@group-B39BE48DD494-SegmentedRaftLogWorker: Starting segment from index:0
2019-09-09 16:55:57,048 [99b77255-435a-4470-bbcd-054d51502fb4@group-869E78F31244:LeaderElection64] INFO  impl.RaftServerImpl (ServerState.java:setRaftConf(354)) - 99b77255-435a-4470-bbcd-054d51502fb4@group-869E78F31244: set configuration 0: [99b77255-435a-4470-bbcd-054d51502fb4:192.168.69.125:39830], old=null at 0
2019-09-09 16:55:57,085 [99b77255-435a-4470-bbcd-054d51502fb4@group-B5582974CC04:LeaderElection69] INFO  impl.LeaderElection (LeaderElection.java:askForVotes(182)) - 99b77255-435a-4470-bbcd-054d51502fb4@group-B5582974CC04:LeaderElection69: begin an election at term 1 for -1: [99b77255-435a-4470-bbcd-054d51502fb4:192.168.69.125:39830, fef3bd8d-d922-47de-a285-b5c5b7637dd8:192.168.69.125:38606, 673f1e0c-3588-4517-a646-879dbe70b429:192.168.69.125:36334], old=null
2019-09-09 16:55:57,085 [673f1e0c-3588-4517-a646-879dbe70b429@group-B5582974CC04:LeaderElection70] INFO  impl.LeaderElection (LeaderElection.java:askForVotes(182)) - 673f1e0c-3588-4517-a646-879dbe70b429@group-B5582974CC04:LeaderElection70: begin an election at term 1 for -1: [99b77255-435a-4470-bbcd-054d51502fb4:192.168.69.125:39830, fef3bd8d-d922-47de-a285-b5c5b7637dd8:192.168.69.125:38606, 673f1e0c-3588-4517-a646-879dbe70b429:192.168.69.125:36334], old=null
2019-09-09 16:55:57,085 [5ffdae7f-f4e4-4d79-867a-68feb8e0c22d@group-B39BE48DD494:LeaderElection63] INFO  impl.RaftServerImpl (ServerState.java:setRaftConf(354)) - 5ffdae7f-f4e4-4d79-867a-68feb8e0c22d@group-B39BE48DD494: set configuration 0: [5ffdae7f-f4e4-4d79-867a-68feb8e0c22d:192.168.69.125:44397], old=null at 0
2019-09-09 16:55:57,132 [grpc-default-executor-13] INFO  client.GrpcClientProtocolClient (GrpcClientProtocolClient.java:onNext(264)) - client-A23F27EF8C76->99b77255-435a-4470-bbcd-054d51502fb4: receive RaftClientReply:client-A23F27EF8C76->99b77255-435a-4470-bbcd-054d51502fb4@group-B5582974CC04, cid=184, FAILED org.apache.ratis.protocol.NotLeaderException: Server 99b77255-435a-4470-bbcd-054d51502fb4@group-B5582974CC04 is not the leader, logIndex=0, commits[99b77255-435a-4470-bbcd-054d51502fb4:c-1]
2019-09-09 16:55:57,131 [99b77255-435a-4470-bbcd-054d51502fb4@group-869E78F31244-SegmentedRaftLogWorker] INFO  segmented.SegmentedRaftLogWorker (SegmentedRaftLogWorker.java:execute(569)) - 99b77255-435a-4470-bbcd-054d51502fb4@group-869E78F31244-SegmentedRaftLogWorker: created new log segment /workdir/hadoop-ozone/integration-test/target/test-dir/MiniOzoneClusterImpl-159a55fc-c6c6-4d0b-a61c-0ed7c6373e46/datanode-6/data/ratis/5e8a1c93-a7e3-4ac4-8d5f-869e78f31244/current/log_inprogress_0
2019-09-09 16:55:57,142 [fef3bd8d-d922-47de-a285-b5c5b7637dd8@group-B5582974CC04:LeaderElection68] INFO  impl.LeaderElection (LeaderElection.java:logAndReturn(56)) - fef3bd8d-d922-47de-a285-b5c5b7637dd8@group-B5582974CC04:LeaderElection68: Election REJECTED; received 2 response(s) [fef3bd8d-d922-47de-a285-b5c5b7637dd8<-99b77255-435a-4470-bbcd-054d51502fb4#0:FAIL-t1, fef3bd8d-d922-47de-a285-b5c5b7637dd8<-673f1e0c-3588-4517-a646-879dbe70b429#0:FAIL-t1] and 0 exception(s); fef3bd8d-d922-47de-a285-b5c5b7637dd8@group-B5582974CC04:t1, leader=null, voted=fef3bd8d-d922-47de-a285-b5c5b7637dd8, raftlog=fef3bd8d-d922-47de-a285-b5c5b7637dd8@group-B5582974CC04-SegmentedRaftLog:OPENED:c-1,f-1,i0, conf=-1: [99b77255-435a-4470-bbcd-054d51502fb4:192.168.69.125:39830, fef3bd8d-d922-47de-a285-b5c5b7637dd8:192.168.69.125:38606, 673f1e0c-3588-4517-a646-879dbe70b429:192.168.69.125:36334], old=null
2019-09-09 16:55:57,142 [fef3bd8d-d922-47de-a285-b5c5b7637dd8@group-B5582974CC04:LeaderElection68] INFO  impl.RaftServerImpl (RaftServerImpl.java:setRole(174)) - fef3bd8d-d922-47de-a285-b5c5b7637dd8@group-B5582974CC04: changes role from CANDIDATE to FOLLOWER at term 1 for DISCOVERED_A_NEW_TERM
2019-09-09 16:55:57,143 [fef3bd8d-d922-47de-a285-b5c5b7637dd8@group-B5582974CC04:LeaderElection68] INFO  impl.RoleInfo (RoleInfo.java:shutdownLeaderElection(134)) - fef3bd8d-d922-47de-a285-b5c5b7637dd8: shutdown LeaderElection
2019-09-09 16:55:57,143 [fef3bd8d-d922-47de-a285-b5c5b7637dd8@group-B5582974CC04:LeaderElection68] INFO  impl.RoleInfo (RoleInfo.java:updateAndGet(143)) - fef3bd8d-d922-47de-a285-b5c5b7637dd8: start FollowerState
2019-09-09 16:55:57,151 [99b77255-435a-4470-bbcd-054d51502fb4@group-B5582974CC04:LeaderElection69] INFO  impl.LeaderElection (LeaderElection.java:logAndReturn(56)) - 99b77255-435a-4470-bbcd-054d51502fb4@group-B5582974CC04:LeaderElection69: Election REJECTED; received 2 response(s) [99b77255-435a-4470-bbcd-054d51502fb4<-fef3bd8d-d922-47de-a285-b5c5b7637dd8#0:FAIL-t1, 99b77255-435a-4470-bbcd-054d51502fb4<-673f1e0c-3588-4517-a646-879dbe70b429#0:FAIL-t1] and 0 exception(s); 99b77255-435a-4470-bbcd-054d51502fb4@group-B5582974CC04:t1, leader=null, voted=99b77255-435a-4470-bbcd-054d51502fb4, raftlog=99b77255-435a-4470-bbcd-054d51502fb4@group-B5582974CC04-SegmentedRaftLog:OPENED:c-1,f-1,i0, conf=-1: [99b77255-435a-4470-bbcd-054d51502fb4:192.168.69.125:39830, fef3bd8d-d922-47de-a285-b5c5b7637dd8:192.168.69.125:38606, 673f1e0c-3588-4517-a646-879dbe70b429:192.168.69.125:36334], old=null
2019-09-09 16:55:57,153 [99b77255-435a-4470-bbcd-054d51502fb4@group-B5582974CC04:LeaderElection69] INFO  impl.RaftServerImpl (RaftServerImpl.java:setRole(174)) - 99b77255-435a-4470-bbcd-054d51502fb4@group-B5582974CC04: changes role from CANDIDATE to FOLLOWER at term 1 for DISCOVERED_A_NEW_TERM
2019-09-09 16:55:57,153 [99b77255-435a-4470-bbcd-054d51502fb4@group-B5582974CC04:LeaderElection69] INFO  impl.RoleInfo (RoleInfo.java:shutdownLeaderElection(134)) - 99b77255-435a-4470-bbcd-054d51502fb4: shutdown LeaderElection
2019-09-09 16:55:57,153 [673f1e0c-3588-4517-a646-879dbe70b429@group-B5582974CC04:LeaderElection70] INFO  impl.LeaderElection (LeaderElection.java:logAndReturn(56)) - 673f1e0c-3588-4517-a646-879dbe70b429@group-B5582974CC04:LeaderElection70: Election REJECTED; received 2 response(s) [673f1e0c-3588-4517-a646-879dbe70b429<-99b77255-435a-4470-bbcd-054d51502fb4#0:FAIL-t1, 673f1e0c-3588-4517-a646-879dbe70b429<-fef3bd8d-d922-47de-a285-b5c5b7637dd8#0:FAIL-t1] and 0 exception(s); 673f1e0c-3588-4517-a646-879dbe70b429@group-B5582974CC04:t1, leader=null, voted=673f1e0c-3588-4517-a646-879dbe70b429, raftlog=673f1e0c-3588-4517-a646-879dbe70b429@group-B5582974CC04-SegmentedRaftLog:OPENED:c-1,f-1,i0, conf=-1: [99b77255-435a-4470-bbcd-054d51502fb4:192.168.69.125:39830, fef3bd8d-d922-47de-a285-b5c5b7637dd8:192.168.69.125:38606, 673f1e0c-3588-4517-a646-879dbe70b429:192.168.69.125:36334], old=null
2019-09-09 16:55:57,155 [99b77255-435a-4470-bbcd-054d51502fb4@group-B5582974CC04:LeaderElection69] INFO  impl.RoleInfo (RoleInfo.java:updateAndGet(143)) - 99b77255-435a-4470-bbcd-054d51502fb4: start FollowerState
2019-09-09 16:55:57,155 [673f1e0c-3588-4517-a646-879dbe70b429@group-B5582974CC04:LeaderElection70] INFO  impl.RaftServerImpl (RaftServerImpl.java:setRole(174)) - 673f1e0c-3588-4517-a646-879dbe70b429@group-B5582974CC04: changes role from CANDIDATE to FOLLOWER at term 1 for DISCOVERED_A_NEW_TERM
2019-09-09 16:55:57,157 [673f1e0c-3588-4517-a646-879dbe70b429@group-B5582974CC04:LeaderElection70] INFO  impl.RoleInfo (RoleInfo.java:shutdownLeaderElection(134)) - 673f1e0c-3588-4517-a646-879dbe70b429: shutdown LeaderElection
2019-09-09 16:55:57,157 [673f1e0c-3588-4517-a646-879dbe70b429@group-B5582974CC04:LeaderElection70] INFO  impl.RoleInfo (RoleInfo.java:updateAndGet(143)) - 673f1e0c-3588-4517-a646-879dbe70b429: start FollowerState
2019-09-09 16:55:57,159 [5ffdae7f-f4e4-4d79-867a-68feb8e0c22d@group-B39BE48DD494-SegmentedRaftLogWorker] INFO  segmented.SegmentedRaftLogWorker (SegmentedRaftLogWorker.java:execute(569)) - 5ffdae7f-f4e4-4d79-867a-68feb8e0c22d@group-B39BE48DD494-SegmentedRaftLogWorker: created new log segment /workdir/hadoop-ozone/integration-test/target/test-dir/MiniOzoneClusterImpl-159a55fc-c6c6-4d0b-a61c-0ed7c6373e46/datanode-5/data/ratis/28274a59-add6-44e3-8c85-b39be48dd494/current/log_inprogress_0
2019-09-09 16:55:58,143 [grpc-default-executor-2] INFO  client.GrpcClientProtocolClient (GrpcClientProtocolClient.java:onNext(264)) - client-A23F27EF8C76->fef3bd8d-d922-47de-a285-b5c5b7637dd8: receive RaftClientReply:client-A23F27EF8C76->fef3bd8d-d922-47de-a285-b5c5b7637dd8@group-B5582974CC04, cid=184, FAILED org.apache.ratis.protocol.NotLeaderException: Server fef3bd8d-d922-47de-a285-b5c5b7637dd8@group-B5582974CC04 is not the leader, logIndex=0, commits[fef3bd8d-d922-47de-a285-b5c5b7637dd8:c-1]
2019-09-09 16:55:59,155 [grpc-default-executor-9] INFO  client.GrpcClientProtocolClient (GrpcClientProtocolClient.java:onNext(264)) - client-A23F27EF8C76->99b77255-435a-4470-bbcd-054d51502fb4: receive RaftClientReply:client-A23F27EF8C76->99b77255-435a-4470-bbcd-054d51502fb4@group-B5582974CC04, cid=184, FAILED org.apache.ratis.protocol.NotLeaderException: Server 99b77255-435a-4470-bbcd-054d51502fb4@group-B5582974CC04 is not the leader, logIndex=0, commits[99b77255-435a-4470-bbcd-054d51502fb4:c-1]
2019-09-09 16:56:00,174 [grpc-default-executor-9] INFO  client.GrpcClientProtocolClient (GrpcClientProtocolClient.java:onNext(264)) - client-A23F27EF8C76->fef3bd8d-d922-47de-a285-b5c5b7637dd8: receive RaftClientReply:client-A23F27EF8C76->fef3bd8d-d922-47de-a285-b5c5b7637dd8@group-B5582974CC04, cid=184, FAILED org.apache.ratis.protocol.NotLeaderException: Server fef3bd8d-d922-47de-a285-b5c5b7637dd8@group-B5582974CC04 is not the leader, logIndex=0, commits[fef3bd8d-d922-47de-a285-b5c5b7637dd8:c-1]
2019-09-09 16:56:01,197 [grpc-default-executor-2] INFO  client.GrpcClientProtocolClient (GrpcClientProtocolClient.java:onNext(264)) - client-A23F27EF8C76->673f1e0c-3588-4517-a646-879dbe70b429: receive RaftClientReply:client-A23F27EF8C76->673f1e0c-3588-4517-a646-879dbe70b429@group-B5582974CC04, cid=184, FAILED org.apache.ratis.protocol.NotLeaderException: Server 673f1e0c-3588-4517-a646-879dbe70b429@group-B5582974CC04 is not the leader, logIndex=0, commits[673f1e0c-3588-4517-a646-879dbe70b429:c-1]
2019-09-09 16:56:02,081 [Thread-3122] INFO  impl.FollowerState (FollowerState.java:run(106)) - 5ffdae7f-f4e4-4d79-867a-68feb8e0c22d:group-6C05AF0CD5A8 changes to CANDIDATE, lastRpcTime:5033, electionTimeout:5033ms
2019-09-09 16:56:02,081 [Thread-3122] INFO  impl.RoleInfo (RoleInfo.java:shutdownFollowerState(121)) - 5ffdae7f-f4e4-4d79-867a-68feb8e0c22d: shutdown FollowerState
2019-09-09 16:56:02,081 [Thread-3122] INFO  impl.RaftServerImpl (RaftServerImpl.java:setRole(174)) - 5ffdae7f-f4e4-4d79-867a-68feb8e0c22d@group-6C05AF0CD5A8: changes role from  FOLLOWER to CANDIDATE at term 1 for changeToCandidate
2019-09-09 16:56:02,081 [Thread-3122] INFO  impl.RoleInfo (RoleInfo.java:updateAndGet(143)) - 5ffdae7f-f4e4-4d79-867a-68feb8e0c22d: start LeaderElection
2019-09-09 16:56:02,109 [5ffdae7f-f4e4-4d79-867a-68feb8e0c22d@group-6C05AF0CD5A8:LeaderElection71] INFO  impl.LeaderElection (LeaderElection.java:askForVotes(182)) - 5ffdae7f-f4e4-4d79-867a-68feb8e0c22d@group-6C05AF0CD5A8:LeaderElection71: begin an election at term 2 for -1: [b4370686-254e-42e8-8711-e188529c4c34:192.168.69.125:35664, a5b923f2-7f8f-418d-81e1-d85ab7469232:192.168.69.125:40605, 5ffdae7f-f4e4-4d79-867a-68feb8e0c22d:192.168.69.125:44397], old=null
2019-09-09 16:56:02,112 [grpc-default-executor-9] INFO  impl.RaftServerImpl (RaftServerImpl.java:setRole(174)) - b4370686-254e-42e8-8711-e188529c4c34@group-6C05AF0CD5A8: changes role from  FOLLOWER to FOLLOWER at term 2 for recognizeCandidate:5ffdae7f-f4e4-4d79-867a-68feb8e0c22d
2019-09-09 16:56:02,112 [grpc-default-executor-2] INFO  impl.RaftServerImpl (RaftServerImpl.java:setRole(174)) - a5b923f2-7f8f-418d-81e1-d85ab7469232@group-6C05AF0CD5A8: changes role from  FOLLOWER to FOLLOWER at term 2 for recognizeCandidate:5ffdae7f-f4e4-4d79-867a-68feb8e0c22d
2019-09-09 16:56:02,112 [grpc-default-executor-9] INFO  impl.RoleInfo (RoleInfo.java:shutdownFollowerState(121)) - b4370686-254e-42e8-8711-e188529c4c34: shutdown FollowerState
2019-09-09 16:56:02,113 [grpc-default-executor-2] INFO  impl.RoleInfo (RoleInfo.java:shutdownFollowerState(121)) - a5b923f2-7f8f-418d-81e1-d85ab7469232: shutdown FollowerState
2019-09-09 16:56:02,113 [grpc-default-executor-9] INFO  impl.RoleInfo (RoleInfo.java:updateAndGet(143)) - b4370686-254e-42e8-8711-e188529c4c34: start FollowerState
2019-09-09 16:56:02,113 [Thread-3121] INFO  impl.FollowerState (FollowerState.java:run(115)) - b4370686-254e-42e8-8711-e188529c4c34: FollowerState was interrupted: java.lang.InterruptedException: sleep interrupted
2019-09-09 16:56:02,113 [grpc-default-executor-2] INFO  impl.RoleInfo (RoleInfo.java:updateAndGet(143)) - a5b923f2-7f8f-418d-81e1-d85ab7469232: start FollowerState
2019-09-09 16:56:02,113 [Thread-3119] INFO  impl.FollowerState (FollowerState.java:run(115)) - a5b923f2-7f8f-418d-81e1-d85ab7469232: FollowerState was interrupted: java.lang.InterruptedException: sleep interrupted
2019-09-09 16:56:02,140 [5ffdae7f-f4e4-4d79-867a-68feb8e0c22d@group-6C05AF0CD5A8:LeaderElection71] INFO  impl.LeaderElection (LeaderElection.java:logAndReturn(56)) - 5ffdae7f-f4e4-4d79-867a-68feb8e0c22d@group-6C05AF0CD5A8:LeaderElection71: Election PASSED; received 1 response(s) [5ffdae7f-f4e4-4d79-867a-68feb8e0c22d<-b4370686-254e-42e8-8711-e188529c4c34#0:OK-t2] and 0 exception(s); 5ffdae7f-f4e4-4d79-867a-68feb8e0c22d@group-6C05AF0CD5A8:t2, leader=null, voted=5ffdae7f-f4e4-4d79-867a-68feb8e0c22d, raftlog=5ffdae7f-f4e4-4d79-867a-68feb8e0c22d@group-6C05AF0CD5A8-SegmentedRaftLog:OPENED:c-1,f-1,i0, conf=-1: [b4370686-254e-42e8-8711-e188529c4c34:192.168.69.125:35664, a5b923f2-7f8f-418d-81e1-d85ab7469232:192.168.69.125:40605, 5ffdae7f-f4e4-4d79-867a-68feb8e0c22d:192.168.69.125:44397], old=null
2019-09-09 16:56:02,141 [5ffdae7f-f4e4-4d79-867a-68feb8e0c22d@group-6C05AF0CD5A8:LeaderElection71] INFO  impl.RoleInfo (RoleInfo.java:shutdownLeaderElection(134)) - 5ffdae7f-f4e4-4d79-867a-68feb8e0c22d: shutdown LeaderElection
2019-09-09 16:56:02,141 [5ffdae7f-f4e4-4d79-867a-68feb8e0c22d@group-6C05AF0CD5A8:LeaderElection71] INFO  impl.RaftServerImpl (RaftServerImpl.java:setRole(174)) - 5ffdae7f-f4e4-4d79-867a-68feb8e0c22d@group-6C05AF0CD5A8: changes role from CANDIDATE to LEADER at term 2 for changeToLeader
2019-09-09 16:56:02,141 [5ffdae7f-f4e4-4d79-867a-68feb8e0c22d@group-6C05AF0CD5A8:LeaderElection71] INFO  impl.RaftServerImpl (ServerState.java:setLeader(253)) - 5ffdae7f-f4e4-4d79-867a-68feb8e0c22d@group-6C05AF0CD5A8: change Leader from null to 5ffdae7f-f4e4-4d79-867a-68feb8e0c22d at term 2 for becomeLeader, leader elected after 10332ms
2019-09-09 16:56:02,142 [5ffdae7f-f4e4-4d79-867a-68feb8e0c22d@group-6C05AF0CD5A8:LeaderElection71] INFO  server.RaftServerConfigKeys (ConfUtils.java:logGet(43)) - raft.server.staging.catchup.gap = 1000 (default)
2019-09-09 16:56:02,142 [5ffdae7f-f4e4-4d79-867a-68feb8e0c22d@group-6C05AF0CD5A8:LeaderElection71] INFO  server.RaftServerConfigKeys (ConfUtils.java:logGet(43)) - raft.server.rpc.sleep.time = 25ms (default)
2019-09-09 16:56:02,142 [5ffdae7f-f4e4-4d79-867a-68feb8e0c22d@group-6C05AF0CD5A8:LeaderElection71] INFO  server.RaftServerConfigKeys (ConfUtils.java:logGet(43)) - raft.server.write.element-limit = 4096 (default)
2019-09-09 16:56:02,142 [5ffdae7f-f4e4-4d79-867a-68feb8e0c22d@group-6C05AF0CD5A8:LeaderElection71] INFO  server.RaftServerConfigKeys (ConfUtils.java:logGet(43)) - raft.server.watch.timeout = 10s (default)
2019-09-09 16:56:02,143 [5ffdae7f-f4e4-4d79-867a-68feb8e0c22d@group-6C05AF0CD5A8:LeaderElection71] INFO  server.RaftServerConfigKeys (ConfUtils.java:logGet(43)) - raft.server.watch.timeout.denomination = 1s (default)
2019-09-09 16:56:02,143 [5ffdae7f-f4e4-4d79-867a-68feb8e0c22d@group-6C05AF0CD5A8:LeaderElection71] INFO  server.RaftServerConfigKeys (ConfUtils.java:logGet(43)) - raft.server.watch.element-limit = 65536 (default)
2019-09-09 16:56:02,147 [5ffdae7f-f4e4-4d79-867a-68feb8e0c22d@group-6C05AF0CD5A8:LeaderElection71] INFO  server.RaftServerConfigKeys (ConfUtils.java:logGet(43)) - raft.server.log.appender.snapshot.chunk.size.max = 16MB (=16777216) (default)
2019-09-09 16:56:02,148 [5ffdae7f-f4e4-4d79-867a-68feb8e0c22d@group-6C05AF0CD5A8:LeaderElection71] INFO  server.RaftServerConfigKeys (ConfUtils.java:logGet(43)) - raft.server.log.appender.buffer.byte-limit = 33554432 (custom)
2019-09-09 16:56:02,148 [5ffdae7f-f4e4-4d79-867a-68feb8e0c22d@group-6C05AF0CD5A8:LeaderElection71] INFO  server.RaftServerConfigKeys (ConfUtils.java:logGet(43)) - raft.server.log.appender.buffer.element-limit = 1 (custom)
2019-09-09 16:56:02,149 [5ffdae7f-f4e4-4d79-867a-68feb8e0c22d@group-6C05AF0CD5A8:LeaderElection71] INFO  grpc.GrpcConfigKeys$Server (ConfUtils.java:logGet(43)) - raft.grpc.server.leader.outstanding.appends.max = 128 (default)
2019-09-09 16:56:02,149 [5ffdae7f-f4e4-4d79-867a-68feb8e0c22d@group-6C05AF0CD5A8:LeaderElection71] INFO  server.RaftServerConfigKeys (ConfUtils.java:logGet(43)) - raft.server.rpc.request.timeout = 3000ms (default)
2019-09-09 16:56:02,149 [5ffdae7f-f4e4-4d79-867a-68feb8e0c22d@group-6C05AF0CD5A8:LeaderElection71] INFO  server.RaftServerConfigKeys (ConfUtils.java:logGet(43)) - raft.server.log.appender.install.snapshot.enabled = false (custom)
2019-09-09 16:56:02,150 [5ffdae7f-f4e4-4d79-867a-68feb8e0c22d@group-6C05AF0CD5A8:LeaderElection71] INFO  server.RaftServerConfigKeys (ConfUtils.java:logGet(43)) - raft.server.log.appender.snapshot.chunk.size.max = 16MB (=16777216) (default)
2019-09-09 16:56:02,150 [5ffdae7f-f4e4-4d79-867a-68feb8e0c22d@group-6C05AF0CD5A8:LeaderElection71] INFO  server.RaftServerConfigKeys (ConfUtils.java:logGet(43)) - raft.server.log.appender.buffer.byte-limit = 33554432 (custom)
2019-09-09 16:56:02,150 [5ffdae7f-f4e4-4d79-867a-68feb8e0c22d@group-6C05AF0CD5A8:LeaderElection71] INFO  server.RaftServerConfigKeys (ConfUtils.java:logGet(43)) - raft.server.log.appender.buffer.element-limit = 1 (custom)
2019-09-09 16:56:02,150 [5ffdae7f-f4e4-4d79-867a-68feb8e0c22d@group-6C05AF0CD5A8:LeaderElection71] INFO  grpc.GrpcConfigKeys$Server (ConfUtils.java:logGet(43)) - raft.grpc.server.leader.outstanding.appends.max = 128 (default)
2019-09-09 16:56:02,150 [5ffdae7f-f4e4-4d79-867a-68feb8e0c22d@group-6C05AF0CD5A8:LeaderElection71] INFO  server.RaftServerConfigKeys (ConfUtils.java:logGet(43)) - raft.server.rpc.request.timeout = 3000ms (default)
2019-09-09 16:56:02,150 [5ffdae7f-f4e4-4d79-867a-68feb8e0c22d@group-6C05AF0CD5A8:LeaderElection71] INFO  server.RaftServerConfigKeys (ConfUtils.java:logGet(43)) - raft.server.log.appender.install.snapshot.enabled = false (custom)
2019-09-09 16:56:02,151 [5ffdae7f-f4e4-4d79-867a-68feb8e0c22d@group-6C05AF0CD5A8:LeaderElection71] INFO  impl.RoleInfo (RoleInfo.java:updateAndGet(143)) - 5ffdae7f-f4e4-4d79-867a-68feb8e0c22d: start LeaderState
2019-09-09 16:56:02,151 [5ffdae7f-f4e4-4d79-867a-68feb8e0c22d@group-6C05AF0CD5A8:LeaderElection71] INFO  segmented.SegmentedRaftLogWorker (SegmentedRaftLogWorker.java:startLogSegment(380)) - 5ffdae7f-f4e4-4d79-867a-68feb8e0c22d@group-6C05AF0CD5A8-SegmentedRaftLogWorker: Starting segment from index:0
2019-09-09 16:56:02,152 [5ffdae7f-f4e4-4d79-867a-68feb8e0c22d@group-6C05AF0CD5A8:LeaderElection71] INFO  impl.RaftServerImpl (ServerState.java:setRaftConf(354)) - 5ffdae7f-f4e4-4d79-867a-68feb8e0c22d@group-6C05AF0CD5A8: set configuration 0: [b4370686-254e-42e8-8711-e188529c4c34:192.168.69.125:35664, a5b923f2-7f8f-418d-81e1-d85ab7469232:192.168.69.125:40605, 5ffdae7f-f4e4-4d79-867a-68feb8e0c22d:192.168.69.125:44397], old=null at 0
2019-09-09 16:56:02,177 [grpc-default-executor-2] INFO  impl.RaftServerImpl (ServerState.java:setLeader(253)) - a5b923f2-7f8f-418d-81e1-d85ab7469232@group-6C05AF0CD5A8: change Leader from null to 5ffdae7f-f4e4-4d79-867a-68feb8e0c22d at term 2 for appendEntries, leader elected after 10368ms
2019-09-09 16:56:02,181 [grpc-default-executor-9] INFO  impl.RaftServerImpl (ServerState.java:setLeader(253)) - b4370686-254e-42e8-8711-e188529c4c34@group-6C05AF0CD5A8: change Leader from null to 5ffdae7f-f4e4-4d79-867a-68feb8e0c22d at term 2 for appendEntries, leader elected after 10372ms
2019-09-09 16:56:02,184 [grpc-default-executor-9] INFO  impl.RaftServerImpl (ServerState.java:setRaftConf(354)) - a5b923f2-7f8f-418d-81e1-d85ab7469232@group-6C05AF0CD5A8: set configuration 0: [b4370686-254e-42e8-8711-e188529c4c34:192.168.69.125:35664, a5b923f2-7f8f-418d-81e1-d85ab7469232:192.168.69.125:40605, 5ffdae7f-f4e4-4d79-867a-68feb8e0c22d:192.168.69.125:44397], old=null at 0
2019-09-09 16:56:02,184 [grpc-default-executor-9] INFO  segmented.SegmentedRaftLogWorker (SegmentedRaftLogWorker.java:startLogSegment(380)) - a5b923f2-7f8f-418d-81e1-d85ab7469232@group-6C05AF0CD5A8-SegmentedRaftLogWorker: Starting segment from index:0
2019-09-09 16:56:02,184 [grpc-default-executor-2] INFO  impl.RaftServerImpl (ServerState.java:setRaftConf(354)) - b4370686-254e-42e8-8711-e188529c4c34@group-6C05AF0CD5A8: set configuration 0: [b4370686-254e-42e8-8711-e188529c4c34:192.168.69.125:35664, a5b923f2-7f8f-418d-81e1-d85ab7469232:192.168.69.125:40605, 5ffdae7f-f4e4-4d79-867a-68feb8e0c22d:192.168.69.125:44397], old=null at 0
2019-09-09 16:56:02,184 [grpc-default-executor-2] INFO  segmented.SegmentedRaftLogWorker (SegmentedRaftLogWorker.java:startLogSegment(380)) - b4370686-254e-42e8-8711-e188529c4c34@group-6C05AF0CD5A8-SegmentedRaftLogWorker: Starting segment from index:0
2019-09-09 16:56:02,198 [5ffdae7f-f4e4-4d79-867a-68feb8e0c22d@group-6C05AF0CD5A8-SegmentedRaftLogWorker] INFO  segmented.SegmentedRaftLogWorker (SegmentedRaftLogWorker.java:execute(569)) - 5ffdae7f-f4e4-4d79-867a-68feb8e0c22d@group-6C05AF0CD5A8-SegmentedRaftLogWorker: created new log segment /workdir/hadoop-ozone/integration-test/target/test-dir/MiniOzoneClusterImpl-159a55fc-c6c6-4d0b-a61c-0ed7c6373e46/datanode-5/data/ratis/fa876232-6852-4728-8832-6c05af0cd5a8/current/log_inprogress_0
2019-09-09 16:56:02,222 [a5b923f2-7f8f-418d-81e1-d85ab7469232@group-6C05AF0CD5A8-SegmentedRaftLogWorker] INFO  segmented.SegmentedRaftLogWorker (SegmentedRaftLogWorker.java:execute(569)) - a5b923f2-7f8f-418d-81e1-d85ab7469232@group-6C05AF0CD5A8-SegmentedRaftLogWorker: created new log segment /workdir/hadoop-ozone/integration-test/target/test-dir/MiniOzoneClusterImpl-159a55fc-c6c6-4d0b-a61c-0ed7c6373e46/datanode-3/data/ratis/fa876232-6852-4728-8832-6c05af0cd5a8/current/log_inprogress_0
2019-09-09 16:56:02,244 [b4370686-254e-42e8-8711-e188529c4c34@group-6C05AF0CD5A8-SegmentedRaftLogWorker] INFO  segmented.SegmentedRaftLogWorker (SegmentedRaftLogWorker.java:execute(569)) - b4370686-254e-42e8-8711-e188529c4c34@group-6C05AF0CD5A8-SegmentedRaftLogWorker: created new log segment /workdir/hadoop-ozone/integration-test/target/test-dir/MiniOzoneClusterImpl-159a55fc-c6c6-4d0b-a61c-0ed7c6373e46/datanode-0/data/ratis/fa876232-6852-4728-8832-6c05af0cd5a8/current/log_inprogress_0
2019-09-09 16:56:02,276 [Thread-3128] INFO  impl.FollowerState (FollowerState.java:run(106)) - fef3bd8d-d922-47de-a285-b5c5b7637dd8:group-B5582974CC04 changes to CANDIDATE, lastRpcTime:5133, electionTimeout:5133ms
2019-09-09 16:56:02,277 [Thread-3128] INFO  impl.RoleInfo (RoleInfo.java:shutdownFollowerState(121)) - fef3bd8d-d922-47de-a285-b5c5b7637dd8: shutdown FollowerState
2019-09-09 16:56:02,277 [Thread-3128] INFO  impl.RaftServerImpl (RaftServerImpl.java:setRole(174)) - fef3bd8d-d922-47de-a285-b5c5b7637dd8@group-B5582974CC04: changes role from  FOLLOWER to CANDIDATE at term 1 for changeToCandidate
2019-09-09 16:56:02,340 [Thread-3130] INFO  impl.FollowerState (FollowerState.java:run(106)) - 673f1e0c-3588-4517-a646-879dbe70b429:group-B5582974CC04 changes to CANDIDATE, lastRpcTime:5182, electionTimeout:5182ms
2019-09-09 16:56:02,340 [Thread-3130] INFO  impl.RoleInfo (RoleInfo.java:shutdownFollowerState(121)) - 673f1e0c-3588-4517-a646-879dbe70b429: shutdown FollowerState
2019-09-09 16:56:02,340 [Thread-3130] INFO  impl.RaftServerImpl (RaftServerImpl.java:setRole(174)) - 673f1e0c-3588-4517-a646-879dbe70b429@group-B5582974CC04: changes role from  FOLLOWER to CANDIDATE at term 1 for changeToCandidate
2019-09-09 16:56:02,351 [Thread-3129] INFO  impl.FollowerState (FollowerState.java:run(106)) - 99b77255-435a-4470-bbcd-054d51502fb4:group-B5582974CC04 changes to CANDIDATE, lastRpcTime:5196, electionTimeout:5194ms
2019-09-09 16:56:02,352 [Thread-3129] INFO  impl.RoleInfo (RoleInfo.java:shutdownFollowerState(121)) - 99b77255-435a-4470-bbcd-054d51502fb4: shutdown FollowerState
2019-09-09 16:56:02,352 [Thread-3129] INFO  impl.RaftServerImpl (RaftServerImpl.java:setRole(174)) - 99b77255-435a-4470-bbcd-054d51502fb4@group-B5582974CC04: changes role from  FOLLOWER to CANDIDATE at term 1 for changeToCandidate
2019-09-09 16:56:02,384 [Thread-3129] INFO  impl.RoleInfo (RoleInfo.java:updateAndGet(143)) - 99b77255-435a-4470-bbcd-054d51502fb4: start LeaderElection
2019-09-09 16:56:02,384 [Thread-3128] INFO  impl.RoleInfo (RoleInfo.java:updateAndGet(143)) - fef3bd8d-d922-47de-a285-b5c5b7637dd8: start LeaderElection
2019-09-09 16:56:02,384 [Thread-3130] INFO  impl.RoleInfo (RoleInfo.java:updateAndGet(143)) - 673f1e0c-3588-4517-a646-879dbe70b429: start LeaderElection
2019-09-09 16:56:02,393 [grpc-default-executor-2] INFO  client.GrpcClientProtocolClient (GrpcClientProtocolClient.java:onNext(264)) - client-A23F27EF8C76->fef3bd8d-d922-47de-a285-b5c5b7637dd8: receive RaftClientReply:client-A23F27EF8C76->fef3bd8d-d922-47de-a285-b5c5b7637dd8@group-B5582974CC04, cid=184, FAILED org.apache.ratis.protocol.NotLeaderException: Server fef3bd8d-d922-47de-a285-b5c5b7637dd8@group-B5582974CC04 is not the leader, logIndex=0, commits[fef3bd8d-d922-47de-a285-b5c5b7637dd8:c-1]
2019-09-09 16:56:02,409 [673f1e0c-3588-4517-a646-879dbe70b429@group-B5582974CC04:LeaderElection73] INFO  impl.LeaderElection (LeaderElection.java:askForVotes(182)) - 673f1e0c-3588-4517-a646-879dbe70b429@group-B5582974CC04:LeaderElection73: begin an election at term 2 for -1: [99b77255-435a-4470-bbcd-054d51502fb4:192.168.69.125:39830, fef3bd8d-d922-47de-a285-b5c5b7637dd8:192.168.69.125:38606, 673f1e0c-3588-4517-a646-879dbe70b429:192.168.69.125:36334], old=null
2019-09-09 16:56:02,409 [99b77255-435a-4470-bbcd-054d51502fb4@group-B5582974CC04:LeaderElection74] INFO  impl.LeaderElection (LeaderElection.java:askForVotes(182)) - 99b77255-435a-4470-bbcd-054d51502fb4@group-B5582974CC04:LeaderElection74: begin an election at term 2 for -1: [99b77255-435a-4470-bbcd-054d51502fb4:192.168.69.125:39830, fef3bd8d-d922-47de-a285-b5c5b7637dd8:192.168.69.125:38606, 673f1e0c-3588-4517-a646-879dbe70b429:192.168.69.125:36334], old=null
2019-09-09 16:56:02,409 [fef3bd8d-d922-47de-a285-b5c5b7637dd8@group-B5582974CC04:LeaderElection72] INFO  impl.LeaderElection (LeaderElection.java:askForVotes(182)) - fef3bd8d-d922-47de-a285-b5c5b7637dd8@group-B5582974CC04:LeaderElection72: begin an election at term 2 for -1: [99b77255-435a-4470-bbcd-054d51502fb4:192.168.69.125:39830, fef3bd8d-d922-47de-a285-b5c5b7637dd8:192.168.69.125:38606, 673f1e0c-3588-4517-a646-879dbe70b429:192.168.69.125:36334], old=null
2019-09-09 16:56:02,414 [673f1e0c-3588-4517-a646-879dbe70b429@group-B5582974CC04:LeaderElection73] INFO  impl.LeaderElection (LeaderElection.java:logAndReturn(56)) - 673f1e0c-3588-4517-a646-879dbe70b429@group-B5582974CC04:LeaderElection73: Election REJECTED; received 2 response(s) [673f1e0c-3588-4517-a646-879dbe70b429<-99b77255-435a-4470-bbcd-054d51502fb4#0:FAIL-t2, 673f1e0c-3588-4517-a646-879dbe70b429<-fef3bd8d-d922-47de-a285-b5c5b7637dd8#0:FAIL-t2] and 0 exception(s); 673f1e0c-3588-4517-a646-879dbe70b429@group-B5582974CC04:t2, leader=null, voted=673f1e0c-3588-4517-a646-879dbe70b429, raftlog=673f1e0c-3588-4517-a646-879dbe70b429@group-B5582974CC04-SegmentedRaftLog:OPENED:c-1,f-1,i0, conf=-1: [99b77255-435a-4470-bbcd-054d51502fb4:192.168.69.125:39830, fef3bd8d-d922-47de-a285-b5c5b7637dd8:192.168.69.125:38606, 673f1e0c-3588-4517-a646-879dbe70b429:192.168.69.125:36334], old=null
2019-09-09 16:56:02,414 [fef3bd8d-d922-47de-a285-b5c5b7637dd8@group-B5582974CC04:LeaderElection72] INFO  impl.LeaderElection (LeaderElection.java:logAndReturn(56)) - fef3bd8d-d922-47de-a285-b5c5b7637dd8@group-B5582974CC04:LeaderElection72: Election REJECTED; received 2 response(s) [fef3bd8d-d922-47de-a285-b5c5b7637dd8<-99b77255-435a-4470-bbcd-054d51502fb4#0:FAIL-t2, fef3bd8d-d922-47de-a285-b5c5b7637dd8<-673f1e0c-3588-4517-a646-879dbe70b429#0:FAIL-t2] and 0 exception(s); fef3bd8d-d922-47de-a285-b5c5b7637dd8@group-B5582974CC04:t2, leader=null, voted=fef3bd8d-d922-47de-a285-b5c5b7637dd8, raftlog=fef3bd8d-d922-47de-a285-b5c5b7637dd8@group-B5582974CC04-SegmentedRaftLog:OPENED:c-1,f-1,i0, conf=-1: [99b77255-435a-4470-bbcd-054d51502fb4:192.168.69.125:39830, fef3bd8d-d922-47de-a285-b5c5b7637dd8:192.168.69.125:38606, 673f1e0c-3588-4517-a646-879dbe70b429:192.168.69.125:36334], old=null
2019-09-09 16:56:02,414 [673f1e0c-3588-4517-a646-879dbe70b429@group-B5582974CC04:LeaderElection73] INFO  impl.RaftServerImpl (RaftServerImpl.java:setRole(174)) - 673f1e0c-3588-4517-a646-879dbe70b429@group-B5582974CC04: changes role from CANDIDATE to FOLLOWER at term 2 for DISCOVERED_A_NEW_TERM
2019-09-09 16:56:02,417 [fef3bd8d-d922-47de-a285-b5c5b7637dd8@group-B5582974CC04:LeaderElection72] INFO  impl.RaftServerImpl (RaftServerImpl.java:setRole(174)) - fef3bd8d-d922-47de-a285-b5c5b7637dd8@group-B5582974CC04: changes role from CANDIDATE to FOLLOWER at term 2 for DISCOVERED_A_NEW_TERM
2019-09-09 16:56:02,417 [673f1e0c-3588-4517-a646-879dbe70b429@group-B5582974CC04:LeaderElection73] INFO  impl.RoleInfo (RoleInfo.java:shutdownLeaderElection(134)) - 673f1e0c-3588-4517-a646-879dbe70b429: shutdown LeaderElection
2019-09-09 16:56:02,419 [99b77255-435a-4470-bbcd-054d51502fb4@group-B5582974CC04:LeaderElection74] INFO  impl.LeaderElection (LeaderElection.java:logAndReturn(56)) - 99b77255-435a-4470-bbcd-054d51502fb4@group-B5582974CC04:LeaderElection74: Election REJECTED; received 2 response(s) [99b77255-435a-4470-bbcd-054d51502fb4<-fef3bd8d-d922-47de-a285-b5c5b7637dd8#0:FAIL-t2, 99b77255-435a-4470-bbcd-054d51502fb4<-673f1e0c-3588-4517-a646-879dbe70b429#0:FAIL-t2] and 0 exception(s); 99b77255-435a-4470-bbcd-054d51502fb4@group-B5582974CC04:t2, leader=null, voted=99b77255-435a-4470-bbcd-054d51502fb4, raftlog=99b77255-435a-4470-bbcd-054d51502fb4@group-B5582974CC04-SegmentedRaftLog:OPENED:c-1,f-1,i0, conf=-1: [99b77255-435a-4470-bbcd-054d51502fb4:192.168.69.125:39830, fef3bd8d-d922-47de-a285-b5c5b7637dd8:192.168.69.125:38606, 673f1e0c-3588-4517-a646-879dbe70b429:192.168.69.125:36334], old=null
2019-09-09 16:56:02,419 [fef3bd8d-d922-47de-a285-b5c5b7637dd8@group-B5582974CC04:LeaderElection72] INFO  impl.RoleInfo (RoleInfo.java:shutdownLeaderElection(134)) - fef3bd8d-d922-47de-a285-b5c5b7637dd8: shutdown LeaderElection
2019-09-09 16:56:02,419 [99b77255-435a-4470-bbcd-054d51502fb4@group-B5582974CC04:LeaderElection74] INFO  impl.RaftServerImpl (RaftServerImpl.java:setRole(174)) - 99b77255-435a-4470-bbcd-054d51502fb4@group-B5582974CC04: changes role from CANDIDATE to FOLLOWER at term 2 for DISCOVERED_A_NEW_TERM
2019-09-09 16:56:02,419 [673f1e0c-3588-4517-a646-879dbe70b429@group-B5582974CC04:LeaderElection73] INFO  impl.RoleInfo (RoleInfo.java:updateAndGet(143)) - 673f1e0c-3588-4517-a646-879dbe70b429: start FollowerState
2019-09-09 16:56:02,421 [99b77255-435a-4470-bbcd-054d51502fb4@group-B5582974CC04:LeaderElection74] INFO  impl.RoleInfo (RoleInfo.java:shutdownLeaderElection(134)) - 99b77255-435a-4470-bbcd-054d51502fb4: shutdown LeaderElection
2019-09-09 16:56:02,421 [fef3bd8d-d922-47de-a285-b5c5b7637dd8@group-B5582974CC04:LeaderElection72] INFO  impl.RoleInfo (RoleInfo.java:updateAndGet(143)) - fef3bd8d-d922-47de-a285-b5c5b7637dd8: start FollowerState
2019-09-09 16:56:02,421 [99b77255-435a-4470-bbcd-054d51502fb4@group-B5582974CC04:LeaderElection74] INFO  impl.RoleInfo (RoleInfo.java:updateAndGet(143)) - 99b77255-435a-4470-bbcd-054d51502fb4: start FollowerState
2019-09-09 16:56:03,404 [grpc-default-executor-6] INFO  client.GrpcClientProtocolClient (GrpcClientProtocolClient.java:onNext(264)) - client-A23F27EF8C76->673f1e0c-3588-4517-a646-879dbe70b429: receive RaftClientReply:client-A23F27EF8C76->673f1e0c-3588-4517-a646-879dbe70b429@group-B5582974CC04, cid=184, FAILED org.apache.ratis.protocol.NotLeaderException: Server 673f1e0c-3588-4517-a646-879dbe70b429@group-B5582974CC04 is not the leader, logIndex=0, commits[673f1e0c-3588-4517-a646-879dbe70b429:c-1]
2019-09-09 16:56:04,415 [grpc-default-executor-2] INFO  client.GrpcClientProtocolClient (GrpcClientProtocolClient.java:onNext(264)) - client-A23F27EF8C76->fef3bd8d-d922-47de-a285-b5c5b7637dd8: receive RaftClientReply:client-A23F27EF8C76->fef3bd8d-d922-47de-a285-b5c5b7637dd8@group-B5582974CC04, cid=184, FAILED org.apache.ratis.protocol.NotLeaderException: Server fef3bd8d-d922-47de-a285-b5c5b7637dd8@group-B5582974CC04 is not the leader, logIndex=0, commits[fef3bd8d-d922-47de-a285-b5c5b7637dd8:c-1]
2019-09-09 16:56:05,426 [grpc-default-executor-2] INFO  client.GrpcClientProtocolClient (GrpcClientProtocolClient.java:onNext(264)) - client-A23F27EF8C76->673f1e0c-3588-4517-a646-879dbe70b429: receive RaftClientReply:client-A23F27EF8C76->673f1e0c-3588-4517-a646-879dbe70b429@group-B5582974CC04, cid=184, FAILED org.apache.ratis.protocol.NotLeaderException: Server 673f1e0c-3588-4517-a646-879dbe70b429@group-B5582974CC04 is not the leader, logIndex=0, commits[673f1e0c-3588-4517-a646-879dbe70b429:c-1]
2019-09-09 16:56:06,436 [grpc-default-executor-2] INFO  client.GrpcClientProtocolClient (GrpcClientProtocolClient.java:onNext(264)) - client-A23F27EF8C76->99b77255-435a-4470-bbcd-054d51502fb4: receive RaftClientReply:client-A23F27EF8C76->99b77255-435a-4470-bbcd-054d51502fb4@group-B5582974CC04, cid=184, FAILED org.apache.ratis.protocol.NotLeaderException: Server 99b77255-435a-4470-bbcd-054d51502fb4@group-B5582974CC04 is not the leader, logIndex=0, commits[99b77255-435a-4470-bbcd-054d51502fb4:c-1]
2019-09-09 16:56:07,454 [grpc-default-executor-6] INFO  client.GrpcClientProtocolClient (GrpcClientProtocolClient.java:onNext(264)) - client-A23F27EF8C76->673f1e0c-3588-4517-a646-879dbe70b429: receive RaftClientReply:client-A23F27EF8C76->673f1e0c-3588-4517-a646-879dbe70b429@group-B5582974CC04, cid=184, FAILED org.apache.ratis.protocol.NotLeaderException: Server 673f1e0c-3588-4517-a646-879dbe70b429@group-B5582974CC04 is not the leader, logIndex=0, commits[673f1e0c-3588-4517-a646-879dbe70b429:c-1]
2019-09-09 16:56:07,488 [Thread-3164] INFO  impl.FollowerState (FollowerState.java:run(106)) - 673f1e0c-3588-4517-a646-879dbe70b429:group-B5582974CC04 changes to CANDIDATE, lastRpcTime:5069, electionTimeout:5067ms
2019-09-09 16:56:07,489 [Thread-3164] INFO  impl.RoleInfo (RoleInfo.java:shutdownFollowerState(121)) - 673f1e0c-3588-4517-a646-879dbe70b429: shutdown FollowerState
2019-09-09 16:56:07,489 [Thread-3164] INFO  impl.RaftServerImpl (RaftServerImpl.java:setRole(174)) - 673f1e0c-3588-4517-a646-879dbe70b429@group-B5582974CC04: changes role from  FOLLOWER to CANDIDATE at term 2 for changeToCandidate
2019-09-09 16:56:07,489 [Thread-3164] INFO  impl.RoleInfo (RoleInfo.java:updateAndGet(143)) - 673f1e0c-3588-4517-a646-879dbe70b429: start LeaderElection
2019-09-09 16:56:07,505 [Thread-3165] INFO  impl.FollowerState (FollowerState.java:run(106)) - fef3bd8d-d922-47de-a285-b5c5b7637dd8:group-B5582974CC04 changes to CANDIDATE, lastRpcTime:5084, electionTimeout:5071ms
2019-09-09 16:56:07,505 [Thread-3165] INFO  impl.RoleInfo (RoleInfo.java:shutdownFollowerState(121)) - fef3bd8d-d922-47de-a285-b5c5b7637dd8: shutdown FollowerState
2019-09-09 16:56:07,505 [Thread-3165] INFO  impl.RaftServerImpl (RaftServerImpl.java:setRole(174)) - fef3bd8d-d922-47de-a285-b5c5b7637dd8@group-B5582974CC04: changes role from  FOLLOWER to CANDIDATE at term 2 for changeToCandidate
2019-09-09 16:56:07,506 [Thread-3165] INFO  impl.RoleInfo (RoleInfo.java:updateAndGet(143)) - fef3bd8d-d922-47de-a285-b5c5b7637dd8: start LeaderElection
2019-09-09 16:56:07,534 [fef3bd8d-d922-47de-a285-b5c5b7637dd8@group-B5582974CC04:LeaderElection76] INFO  impl.LeaderElection (LeaderElection.java:askForVotes(182)) - fef3bd8d-d922-47de-a285-b5c5b7637dd8@group-B5582974CC04:LeaderElection76: begin an election at term 3 for -1: [99b77255-435a-4470-bbcd-054d51502fb4:192.168.69.125:39830, fef3bd8d-d922-47de-a285-b5c5b7637dd8:192.168.69.125:38606, 673f1e0c-3588-4517-a646-879dbe70b429:192.168.69.125:36334], old=null
2019-09-09 16:56:07,534 [673f1e0c-3588-4517-a646-879dbe70b429@group-B5582974CC04:LeaderElection75] INFO  impl.LeaderElection (LeaderElection.java:askForVotes(182)) - 673f1e0c-3588-4517-a646-879dbe70b429@group-B5582974CC04:LeaderElection75: begin an election at term 3 for -1: [99b77255-435a-4470-bbcd-054d51502fb4:192.168.69.125:39830, fef3bd8d-d922-47de-a285-b5c5b7637dd8:192.168.69.125:38606, 673f1e0c-3588-4517-a646-879dbe70b429:192.168.69.125:36334], old=null
2019-09-09 16:56:07,537 [grpc-default-executor-2] INFO  impl.RaftServerImpl (RaftServerImpl.java:setRole(174)) - 99b77255-435a-4470-bbcd-054d51502fb4@group-B5582974CC04: changes role from  FOLLOWER to FOLLOWER at term 3 for recognizeCandidate:fef3bd8d-d922-47de-a285-b5c5b7637dd8
2019-09-09 16:56:07,537 [grpc-default-executor-2] INFO  impl.RoleInfo (RoleInfo.java:shutdownFollowerState(121)) - 99b77255-435a-4470-bbcd-054d51502fb4: shutdown FollowerState
2019-09-09 16:56:07,537 [grpc-default-executor-2] INFO  impl.RoleInfo (RoleInfo.java:updateAndGet(143)) - 99b77255-435a-4470-bbcd-054d51502fb4: start FollowerState
2019-09-09 16:56:07,537 [Thread-3166] INFO  impl.FollowerState (FollowerState.java:run(115)) - 99b77255-435a-4470-bbcd-054d51502fb4: FollowerState was interrupted: java.lang.InterruptedException: sleep interrupted
2019-09-09 16:56:07,561 [fef3bd8d-d922-47de-a285-b5c5b7637dd8@group-B5582974CC04:LeaderElection76] INFO  impl.LeaderElection (LeaderElection.java:logAndReturn(56)) - fef3bd8d-d922-47de-a285-b5c5b7637dd8@group-B5582974CC04:LeaderElection76: Election PASSED; received 2 response(s) [fef3bd8d-d922-47de-a285-b5c5b7637dd8<-99b77255-435a-4470-bbcd-054d51502fb4#0:OK-t3, fef3bd8d-d922-47de-a285-b5c5b7637dd8<-673f1e0c-3588-4517-a646-879dbe70b429#0:FAIL-t3] and 0 exception(s); fef3bd8d-d922-47de-a285-b5c5b7637dd8@group-B5582974CC04:t3, leader=null, voted=fef3bd8d-d922-47de-a285-b5c5b7637dd8, raftlog=fef3bd8d-d922-47de-a285-b5c5b7637dd8@group-B5582974CC04-SegmentedRaftLog:OPENED:c-1,f-1,i0, conf=-1: [99b77255-435a-4470-bbcd-054d51502fb4:192.168.69.125:39830, fef3bd8d-d922-47de-a285-b5c5b7637dd8:192.168.69.125:38606, 673f1e0c-3588-4517-a646-879dbe70b429:192.168.69.125:36334], old=null
2019-09-09 16:56:07,561 [673f1e0c-3588-4517-a646-879dbe70b429@group-B5582974CC04:LeaderElection75] INFO  impl.LeaderElection (LeaderElection.java:logAndReturn(56)) - 673f1e0c-3588-4517-a646-879dbe70b429@group-B5582974CC04:LeaderElection75: Election REJECTED; received 2 response(s) [673f1e0c-3588-4517-a646-879dbe70b429<-99b77255-435a-4470-bbcd-054d51502fb4#0:FAIL-t3, 673f1e0c-3588-4517-a646-879dbe70b429<-fef3bd8d-d922-47de-a285-b5c5b7637dd8#0:FAIL-t3] and 0 exception(s); 673f1e0c-3588-4517-a646-879dbe70b429@group-B5582974CC04:t3, leader=null, voted=673f1e0c-3588-4517-a646-879dbe70b429, raftlog=673f1e0c-3588-4517-a646-879dbe70b429@group-B5582974CC04-SegmentedRaftLog:OPENED:c-1,f-1,i0, conf=-1: [99b77255-435a-4470-bbcd-054d51502fb4:192.168.69.125:39830, fef3bd8d-d922-47de-a285-b5c5b7637dd8:192.168.69.125:38606, 673f1e0c-3588-4517-a646-879dbe70b429:192.168.69.125:36334], old=null
2019-09-09 16:56:07,561 [fef3bd8d-d922-47de-a285-b5c5b7637dd8@group-B5582974CC04:LeaderElection76] INFO  impl.RoleInfo (RoleInfo.java:shutdownLeaderElection(134)) - fef3bd8d-d922-47de-a285-b5c5b7637dd8: shutdown LeaderElection
2019-09-09 16:56:07,562 [673f1e0c-3588-4517-a646-879dbe70b429@group-B5582974CC04:LeaderElection75] INFO  impl.RaftServerImpl (RaftServerImpl.java:setRole(174)) - 673f1e0c-3588-4517-a646-879dbe70b429@group-B5582974CC04: changes role from CANDIDATE to FOLLOWER at term 3 for DISCOVERED_A_NEW_TERM
2019-09-09 16:56:07,568 [673f1e0c-3588-4517-a646-879dbe70b429@group-B5582974CC04:LeaderElection75] INFO  impl.RoleInfo (RoleInfo.java:shutdownLeaderElection(134)) - 673f1e0c-3588-4517-a646-879dbe70b429: shutdown LeaderElection
2019-09-09 16:56:07,568 [fef3bd8d-d922-47de-a285-b5c5b7637dd8@group-B5582974CC04:LeaderElection76] INFO  impl.RaftServerImpl (RaftServerImpl.java:setRole(174)) - fef3bd8d-d922-47de-a285-b5c5b7637dd8@group-B5582974CC04: changes role from CANDIDATE to LEADER at term 3 for changeToLeader
2019-09-09 16:56:07,569 [673f1e0c-3588-4517-a646-879dbe70b429@group-B5582974CC04:LeaderElection75] INFO  impl.RoleInfo (RoleInfo.java:updateAndGet(143)) - 673f1e0c-3588-4517-a646-879dbe70b429: start FollowerState
2019-09-09 16:56:07,569 [fef3bd8d-d922-47de-a285-b5c5b7637dd8@group-B5582974CC04:LeaderElection76] INFO  impl.RaftServerImpl (ServerState.java:setLeader(253)) - fef3bd8d-d922-47de-a285-b5c5b7637dd8@group-B5582974CC04: change Leader from null to fef3bd8d-d922-47de-a285-b5c5b7637dd8 at term 3 for becomeLeader, leader elected after 15660ms
2019-09-09 16:56:07,569 [fef3bd8d-d922-47de-a285-b5c5b7637dd8@group-B5582974CC04:LeaderElection76] INFO  server.RaftServerConfigKeys (ConfUtils.java:logGet(43)) - raft.server.staging.catchup.gap = 1000 (default)
2019-09-09 16:56:07,570 [fef3bd8d-d922-47de-a285-b5c5b7637dd8@group-B5582974CC04:LeaderElection76] INFO  server.RaftServerConfigKeys (ConfUtils.java:logGet(43)) - raft.server.rpc.sleep.time = 25ms (default)
2019-09-09 16:56:07,570 [fef3bd8d-d922-47de-a285-b5c5b7637dd8@group-B5582974CC04:LeaderElection76] INFO  server.RaftServerConfigKeys (ConfUtils.java:logGet(43)) - raft.server.write.element-limit = 4096 (default)
2019-09-09 16:56:07,570 [fef3bd8d-d922-47de-a285-b5c5b7637dd8@group-B5582974CC04:LeaderElection76] INFO  server.RaftServerConfigKeys (ConfUtils.java:logGet(43)) - raft.server.watch.timeout = 10s (default)
2019-09-09 16:56:07,570 [fef3bd8d-d922-47de-a285-b5c5b7637dd8@group-B5582974CC04:LeaderElection76] INFO  server.RaftServerConfigKeys (ConfUtils.java:logGet(43)) - raft.server.watch.timeout.denomination = 1s (default)
2019-09-09 16:56:07,570 [fef3bd8d-d922-47de-a285-b5c5b7637dd8@group-B5582974CC04:LeaderElection76] INFO  server.RaftServerConfigKeys (ConfUtils.java:logGet(43)) - raft.server.watch.element-limit = 65536 (default)
2019-09-09 16:56:07,574 [fef3bd8d-d922-47de-a285-b5c5b7637dd8@group-B5582974CC04:LeaderElection76] INFO  server.RaftServerConfigKeys (ConfUtils.java:logGet(43)) - raft.server.log.appender.snapshot.chunk.size.max = 16MB (=16777216) (default)
2019-09-09 16:56:07,574 [fef3bd8d-d922-47de-a285-b5c5b7637dd8@group-B5582974CC04:LeaderElection76] INFO  server.RaftServerConfigKeys (ConfUtils.java:logGet(43)) - raft.server.log.appender.buffer.byte-limit = 33554432 (custom)
2019-09-09 16:56:07,574 [fef3bd8d-d922-47de-a285-b5c5b7637dd8@group-B5582974CC04:LeaderElection76] INFO  server.RaftServerConfigKeys (ConfUtils.java:logGet(43)) - raft.server.log.appender.buffer.element-limit = 1 (custom)
2019-09-09 16:56:07,575 [fef3bd8d-d922-47de-a285-b5c5b7637dd8@group-B5582974CC04:LeaderElection76] INFO  grpc.GrpcConfigKeys$Server (ConfUtils.java:logGet(43)) - raft.grpc.server.leader.outstanding.appends.max = 128 (default)
2019-09-09 16:56:07,575 [fef3bd8d-d922-47de-a285-b5c5b7637dd8@group-B5582974CC04:LeaderElection76] INFO  server.RaftServerConfigKeys (ConfUtils.java:logGet(43)) - raft.server.rpc.request.timeout = 3000ms (default)
2019-09-09 16:56:07,575 [fef3bd8d-d922-47de-a285-b5c5b7637dd8@group-B5582974CC04:LeaderElection76] INFO  server.RaftServerConfigKeys (ConfUtils.java:logGet(43)) - raft.server.log.appender.install.snapshot.enabled = false (custom)
2019-09-09 16:56:07,575 [fef3bd8d-d922-47de-a285-b5c5b7637dd8@group-B5582974CC04:LeaderElection76] INFO  server.RaftServerConfigKeys (ConfUtils.java:logGet(43)) - raft.server.log.appender.snapshot.chunk.size.max = 16MB (=16777216) (default)
2019-09-09 16:56:07,575 [fef3bd8d-d922-47de-a285-b5c5b7637dd8@group-B5582974CC04:LeaderElection76] INFO  server.RaftServerConfigKeys (ConfUtils.java:logGet(43)) - raft.server.log.appender.buffer.byte-limit = 33554432 (custom)
2019-09-09 16:56:07,576 [fef3bd8d-d922-47de-a285-b5c5b7637dd8@group-B5582974CC04:LeaderElection76] INFO  server.RaftServerConfigKeys (ConfUtils.java:logGet(43)) - raft.server.log.appender.buffer.element-limit = 1 (custom)
2019-09-09 16:56:07,576 [fef3bd8d-d922-47de-a285-b5c5b7637dd8@group-B5582974CC04:LeaderElection76] INFO  grpc.GrpcConfigKeys$Server (ConfUtils.java:logGet(43)) - raft.grpc.server.leader.outstanding.appends.max = 128 (default)
2019-09-09 16:56:07,576 [fef3bd8d-d922-47de-a285-b5c5b7637dd8@group-B5582974CC04:LeaderElection76] INFO  server.RaftServerConfigKeys (ConfUtils.java:logGet(43)) - raft.server.rpc.request.timeout = 3000ms (default)
2019-09-09 16:56:07,576 [fef3bd8d-d922-47de-a285-b5c5b7637dd8@group-B5582974CC04:LeaderElection76] INFO  server.RaftServerConfigKeys (ConfUtils.java:logGet(43)) - raft.server.log.appender.install.snapshot.enabled = false (custom)
2019-09-09 16:56:07,577 [fef3bd8d-d922-47de-a285-b5c5b7637dd8@group-B5582974CC04:LeaderElection76] INFO  impl.RoleInfo (RoleInfo.java:updateAndGet(143)) - fef3bd8d-d922-47de-a285-b5c5b7637dd8: start LeaderState
2019-09-09 16:56:07,577 [fef3bd8d-d922-47de-a285-b5c5b7637dd8@group-B5582974CC04:LeaderElection76] INFO  segmented.SegmentedRaftLogWorker (SegmentedRaftLogWorker.java:startLogSegment(380)) - fef3bd8d-d922-47de-a285-b5c5b7637dd8@group-B5582974CC04-SegmentedRaftLogWorker: Starting segment from index:0
2019-09-09 16:56:07,578 [fef3bd8d-d922-47de-a285-b5c5b7637dd8@group-B5582974CC04:LeaderElection76] INFO  impl.RaftServerImpl (ServerState.java:setRaftConf(354)) - fef3bd8d-d922-47de-a285-b5c5b7637dd8@group-B5582974CC04: set configuration 0: [99b77255-435a-4470-bbcd-054d51502fb4:192.168.69.125:39830, fef3bd8d-d922-47de-a285-b5c5b7637dd8:192.168.69.125:38606, 673f1e0c-3588-4517-a646-879dbe70b429:192.168.69.125:36334], old=null at 0
2019-09-09 16:56:07,579 [grpc-default-executor-6] INFO  impl.RaftServerImpl (ServerState.java:setLeader(253)) - 99b77255-435a-4470-bbcd-054d51502fb4@group-B5582974CC04: change Leader from null to fef3bd8d-d922-47de-a285-b5c5b7637dd8 at term 3 for appendEntries, leader elected after 15671ms
2019-09-09 16:56:07,579 [grpc-default-executor-2] INFO  impl.RaftServerImpl (ServerState.java:setLeader(253)) - 673f1e0c-3588-4517-a646-879dbe70b429@group-B5582974CC04: change Leader from null to fef3bd8d-d922-47de-a285-b5c5b7637dd8 at term 3 for appendEntries, leader elected after 15671ms
2019-09-09 16:56:07,581 [grpc-default-executor-6] INFO  impl.RaftServerImpl (ServerState.java:setRaftConf(354)) - 99b77255-435a-4470-bbcd-054d51502fb4@group-B5582974CC04: set configuration 0: [99b77255-435a-4470-bbcd-054d51502fb4:192.168.69.125:39830, fef3bd8d-d922-47de-a285-b5c5b7637dd8:192.168.69.125:38606, 673f1e0c-3588-4517-a646-879dbe70b429:192.168.69.125:36334], old=null at 0
2019-09-09 16:56:07,581 [grpc-default-executor-6] INFO  segmented.SegmentedRaftLogWorker (SegmentedRaftLogWorker.java:startLogSegment(380)) - 99b77255-435a-4470-bbcd-054d51502fb4@group-B5582974CC04-SegmentedRaftLogWorker: Starting segment from index:0
2019-09-09 16:56:07,582 [grpc-default-executor-2] INFO  impl.RaftServerImpl (ServerState.java:setRaftConf(354)) - 673f1e0c-3588-4517-a646-879dbe70b429@group-B5582974CC04: set configuration 0: [99b77255-435a-4470-bbcd-054d51502fb4:192.168.69.125:39830, fef3bd8d-d922-47de-a285-b5c5b7637dd8:192.168.69.125:38606, 673f1e0c-3588-4517-a646-879dbe70b429:192.168.69.125:36334], old=null at 0
2019-09-09 16:56:07,582 [grpc-default-executor-2] INFO  segmented.SegmentedRaftLogWorker (SegmentedRaftLogWorker.java:startLogSegment(380)) - 673f1e0c-3588-4517-a646-879dbe70b429@group-B5582974CC04-SegmentedRaftLogWorker: Starting segment from index:0
2019-09-09 16:56:07,630 [fef3bd8d-d922-47de-a285-b5c5b7637dd8@group-B5582974CC04-SegmentedRaftLogWorker] INFO  segmented.SegmentedRaftLogWorker (SegmentedRaftLogWorker.java:execute(569)) - fef3bd8d-d922-47de-a285-b5c5b7637dd8@group-B5582974CC04-SegmentedRaftLogWorker: created new log segment /workdir/hadoop-ozone/integration-test/target/test-dir/MiniOzoneClusterImpl-159a55fc-c6c6-4d0b-a61c-0ed7c6373e46/datanode-4/data/ratis/cd5feb53-dc4d-4aaa-93b3-b5582974cc04/current/log_inprogress_0
2019-09-09 16:56:07,630 [673f1e0c-3588-4517-a646-879dbe70b429@group-B5582974CC04-SegmentedRaftLogWorker] INFO  segmented.SegmentedRaftLogWorker (SegmentedRaftLogWorker.java:execute(569)) - 673f1e0c-3588-4517-a646-879dbe70b429@group-B5582974CC04-SegmentedRaftLogWorker: created new log segment /workdir/hadoop-ozone/integration-test/target/test-dir/MiniOzoneClusterImpl-159a55fc-c6c6-4d0b-a61c-0ed7c6373e46/datanode-1/data/ratis/cd5feb53-dc4d-4aaa-93b3-b5582974cc04/current/log_inprogress_0
2019-09-09 16:56:07,630 [99b77255-435a-4470-bbcd-054d51502fb4@group-B5582974CC04-SegmentedRaftLogWorker] INFO  segmented.SegmentedRaftLogWorker (SegmentedRaftLogWorker.java:execute(569)) - 99b77255-435a-4470-bbcd-054d51502fb4@group-B5582974CC04-SegmentedRaftLogWorker: created new log segment /workdir/hadoop-ozone/integration-test/target/test-dir/MiniOzoneClusterImpl-159a55fc-c6c6-4d0b-a61c-0ed7c6373e46/datanode-6/data/ratis/cd5feb53-dc4d-4aaa-93b3-b5582974cc04/current/log_inprogress_0
2019-09-09 16:56:08,470 [grpc-default-executor-2] INFO  client.GrpcClientProtocolClient (GrpcClientProtocolClient.java:onNext(264)) - client-A23F27EF8C76->99b77255-435a-4470-bbcd-054d51502fb4: receive RaftClientReply:client-A23F27EF8C76->99b77255-435a-4470-bbcd-054d51502fb4@group-B5582974CC04, cid=184, FAILED org.apache.ratis.protocol.NotLeaderException: Server 99b77255-435a-4470-bbcd-054d51502fb4@group-B5582974CC04 is not the leader fef3bd8d-d922-47de-a285-b5c5b7637dd8:192.168.69.125:38606, logIndex=0, commits[99b77255-435a-4470-bbcd-054d51502fb4:c-1, fef3bd8d-d922-47de-a285-b5c5b7637dd8:c-1, 673f1e0c-3588-4517-a646-879dbe70b429:c-1]
2019-09-09 16:56:08,685 [grpc-default-executor-6] INFO  client.GrpcClientProtocolClient (GrpcClientProtocolClient.java:onNext(264)) - client-A23F27EF8C76->fef3bd8d-d922-47de-a285-b5c5b7637dd8: receive RaftClientReply:client-A23F27EF8C76->fef3bd8d-d922-47de-a285-b5c5b7637dd8@group-B5582974CC04, cid=184, SUCCESS, logIndex=1, commits[fef3bd8d-d922-47de-a285-b5c5b7637dd8:c1, 99b77255-435a-4470-bbcd-054d51502fb4:c0, 673f1e0c-3588-4517-a646-879dbe70b429:c0]
2019-09-09 16:56:08,713 [grpc-default-executor-9] INFO  client.GrpcClientProtocolClient (GrpcClientProtocolClient.java:onNext(264)) - client-A23F27EF8C76->fef3bd8d-d922-47de-a285-b5c5b7637dd8: receive RaftClientReply:client-A23F27EF8C76->fef3bd8d-d922-47de-a285-b5c5b7637dd8@group-B5582974CC04, cid=185, SUCCESS, logIndex=3, commits[fef3bd8d-d922-47de-a285-b5c5b7637dd8:c4, 99b77255-435a-4470-bbcd-054d51502fb4:c2, 673f1e0c-3588-4517-a646-879dbe70b429:c2]
2019-09-09 16:56:08,796 [grpc-default-executor-6] INFO  client.GrpcClientProtocolClient (GrpcClientProtocolClient.java:onNext(264)) - client-A23F27EF8C76->fef3bd8d-d922-47de-a285-b5c5b7637dd8: receive RaftClientReply:client-A23F27EF8C76->fef3bd8d-d922-47de-a285-b5c5b7637dd8@group-B5582974CC04, cid=186, SUCCESS, logIndex=4, commits[fef3bd8d-d922-47de-a285-b5c5b7637dd8:c11, 99b77255-435a-4470-bbcd-054d51502fb4:c7, 673f1e0c-3588-4517-a646-879dbe70b429:c7]
2019-09-09 16:56:08,797 [grpc-default-executor-6] INFO  client.GrpcClientProtocolClient (GrpcClientProtocolClient.java:onNext(264)) - client-A23F27EF8C76->fef3bd8d-d922-47de-a285-b5c5b7637dd8: receive RaftClientReply:client-A23F27EF8C76->fef3bd8d-d922-47de-a285-b5c5b7637dd8@group-B5582974CC04, cid=187, SUCCESS, logIndex=5, commits[fef3bd8d-d922-47de-a285-b5c5b7637dd8:c11, 99b77255-435a-4470-bbcd-054d51502fb4:c7, 673f1e0c-3588-4517-a646-879dbe70b429:c7]
2019-09-09 16:56:08,800 [grpc-default-executor-6] INFO  client.GrpcClientProtocolClient (GrpcClientProtocolClient.java:onNext(264)) - client-A23F27EF8C76->fef3bd8d-d922-47de-a285-b5c5b7637dd8: receive RaftClientReply:client-A23F27EF8C76->fef3bd8d-d922-47de-a285-b5c5b7637dd8@group-B5582974CC04, cid=188, SUCCESS, logIndex=6, commits[fef3bd8d-d922-47de-a285-b5c5b7637dd8:c11, 99b77255-435a-4470-bbcd-054d51502fb4:c7, 673f1e0c-3588-4517-a646-879dbe70b429:c7]
2019-09-09 16:56:08,940 [grpc-default-executor-6] INFO  client.GrpcClientProtocolClient (GrpcClientProtocolClient.java:onNext(264)) - client-A23F27EF8C76->fef3bd8d-d922-47de-a285-b5c5b7637dd8: receive RaftClientReply:client-A23F27EF8C76->fef3bd8d-d922-47de-a285-b5c5b7637dd8@group-B5582974CC04, cid=189, SUCCESS, logIndex=7, commits[fef3bd8d-d922-47de-a285-b5c5b7637dd8:c11, 99b77255-435a-4470-bbcd-054d51502fb4:c7, 673f1e0c-3588-4517-a646-879dbe70b429:c7]
2019-09-09 16:56:08,961 [grpc-default-executor-6] INFO  client.GrpcClientProtocolClient (GrpcClientProtocolClient.java:onNext(264)) - client-A23F27EF8C76->fef3bd8d-d922-47de-a285-b5c5b7637dd8: receive RaftClientReply:client-A23F27EF8C76->fef3bd8d-d922-47de-a285-b5c5b7637dd8@group-B5582974CC04, cid=190, SUCCESS, logIndex=12, commits[fef3bd8d-d922-47de-a285-b5c5b7637dd8:c13, 99b77255-435a-4470-bbcd-054d51502fb4:c11, 673f1e0c-3588-4517-a646-879dbe70b429:c11]
2019-09-09 16:56:08,962 [grpc-default-executor-6] INFO  client.GrpcClientProtocolClient (GrpcClientProtocolClient.java:onNext(264)) - client-A23F27EF8C76->fef3bd8d-d922-47de-a285-b5c5b7637dd8: receive RaftClientReply:client-A23F27EF8C76->fef3bd8d-d922-47de-a285-b5c5b7637dd8@group-B5582974CC04, cid=191, SUCCESS, logIndex=13, commits[fef3bd8d-d922-47de-a285-b5c5b7637dd8:c13, 99b77255-435a-4470-bbcd-054d51502fb4:c11, 673f1e0c-3588-4517-a646-879dbe70b429:c11]
2019-09-09 16:56:08,973 [grpc-default-executor-6] INFO  client.GrpcClientProtocolClient (GrpcClientProtocolClient.java:onNext(264)) - client-A23F27EF8C76->fef3bd8d-d922-47de-a285-b5c5b7637dd8: receive RaftClientReply:client-A23F27EF8C76->fef3bd8d-d922-47de-a285-b5c5b7637dd8@group-B5582974CC04, cid=192, SUCCESS, logIndex=0, commits[fef3bd8d-d922-47de-a285-b5c5b7637dd8:c14, 99b77255-435a-4470-bbcd-054d51502fb4:c13, 673f1e0c-3588-4517-a646-879dbe70b429:c13]
2019-09-09 16:56:09,650 [Datanode State Machine Thread - 0] INFO  statemachine.DatanodeStateMachine (DatanodeStateMachine.java:lambda$startDaemon$0(350)) - Ozone container server started.
2019-09-09 16:56:13,653 [EventQueue-StaleNodeForStaleNodeHandler] INFO  node.StaleNodeHandler (StaleNodeHandler.java:onMessage(58)) - Datanode fef3bd8d-d922-47de-a285-b5c5b7637dd8{ip: 192.168.69.125, host: pr-hdds-2075-2jgdb-1977554158, networkLocation: /default-rack, certSerialId: null} moved to stale state. Finalizing its pipelines [PipelineID=cd5feb53-dc4d-4aaa-93b3-b5582974cc04, PipelineID=f6395fb2-927d-4c28-95d8-1e7da2e8dec6]
2019-09-09 16:56:13,654 [EventQueue-StaleNodeForStaleNodeHandler] INFO  pipeline.SCMPipelineManager (SCMPipelineManager.java:finalizeAndDestroyPipeline(311)) - destroying pipeline:Pipeline[ Id: cd5feb53-dc4d-4aaa-93b3-b5582974cc04, Nodes: fef3bd8d-d922-47de-a285-b5c5b7637dd8{ip: 192.168.69.125, host: pr-hdds-2075-2jgdb-1977554158, networkLocation: /default-rack, certSerialId: null}99b77255-435a-4470-bbcd-054d51502fb4{ip: 192.168.69.125, host: pr-hdds-2075-2jgdb-1977554158, networkLocation: /default-rack, certSerialId: null}673f1e0c-3588-4517-a646-879dbe70b429{ip: 192.168.69.125, host: pr-hdds-2075-2jgdb-1977554158, networkLocation: /default-rack, certSerialId: null}, Type:RATIS, Factor:THREE, State:OPEN]
2019-09-09 16:56:13,654 [EventQueue-StaleNodeForStaleNodeHandler] INFO  pipeline.PipelineStateManager (PipelineStateManager.java:finalizePipeline(123)) - Pipeline Pipeline[ Id: cd5feb53-dc4d-4aaa-93b3-b5582974cc04, Nodes: fef3bd8d-d922-47de-a285-b5c5b7637dd8{ip: 192.168.69.125, host: pr-hdds-2075-2jgdb-1977554158, networkLocation: /default-rack, certSerialId: null}99b77255-435a-4470-bbcd-054d51502fb4{ip: 192.168.69.125, host: pr-hdds-2075-2jgdb-1977554158, networkLocation: /default-rack, certSerialId: null}673f1e0c-3588-4517-a646-879dbe70b429{ip: 192.168.69.125, host: pr-hdds-2075-2jgdb-1977554158, networkLocation: /default-rack, certSerialId: null}, Type:RATIS, Factor:THREE, State:CLOSED] moved to CLOSED state
2019-09-09 16:56:13,655 [EventQueue-CloseContainerForCloseContainerEventHandler] INFO  container.CloseContainerEventHandler (CloseContainerEventHandler.java:onMessage(61)) - Close container Event triggered for container : #1
2019-09-09 16:56:13,657 [EventQueue-StaleNodeForStaleNodeHandler] INFO  pipeline.SCMPipelineManager (SCMPipelineManager.java:finalizeAndDestroyPipeline(311)) - destroying pipeline:Pipeline[ Id: f6395fb2-927d-4c28-95d8-1e7da2e8dec6, Nodes: fef3bd8d-d922-47de-a285-b5c5b7637dd8{ip: 192.168.69.125, host: pr-hdds-2075-2jgdb-1977554158, networkLocation: /default-rack, certSerialId: null}, Type:RATIS, Factor:ONE, State:OPEN]
2019-09-09 16:56:13,660 [EventQueue-StaleNodeForStaleNodeHandler] INFO  pipeline.PipelineStateManager (PipelineStateManager.java:finalizePipeline(123)) - Pipeline Pipeline[ Id: f6395fb2-927d-4c28-95d8-1e7da2e8dec6, Nodes: fef3bd8d-d922-47de-a285-b5c5b7637dd8{ip: 192.168.69.125, host: pr-hdds-2075-2jgdb-1977554158, networkLocation: /default-rack, certSerialId: null}, Type:RATIS, Factor:ONE, State:CLOSED] moved to CLOSED state
2019-09-09 16:56:13,976 [main] INFO  ozoneimpl.OzoneContainer (OzoneContainer.java:stop(231)) - Attempting to stop container services.
2019-09-09 16:56:13,977 [main] INFO  impl.RaftServerProxy (RaftServerProxy.java:lambda$close$4(314)) - fef3bd8d-d922-47de-a285-b5c5b7637dd8: close
2019-09-09 16:56:13,979 [main] INFO  impl.RaftServerImpl (RaftServerImpl.java:lambda$shutdown$3(251)) - fef3bd8d-d922-47de-a285-b5c5b7637dd8@group-B5582974CC04: shutdown
2019-09-09 16:56:13,979 [main] INFO  util.JmxRegister (JmxRegister.java:unregister(73)) - Successfully un-registered JMX Bean with object name Ratis:service=RaftServer,group=group-B5582974CC04,id=fef3bd8d-d922-47de-a285-b5c5b7637dd8
2019-09-09 16:56:13,980 [main] INFO  impl.RoleInfo (RoleInfo.java:shutdownLeaderState(104)) - fef3bd8d-d922-47de-a285-b5c5b7637dd8: shutdown LeaderState
2019-09-09 16:56:13,986 [main] INFO  impl.PendingRequests (PendingRequests.java:sendNotLeaderResponses(202)) - fef3bd8d-d922-47de-a285-b5c5b7637dd8-PendingRequests: sendNotLeaderResponses
2019-09-09 16:56:13,986 [org.apache.ratis.server.impl.LogAppender$AppenderDaemon$$Lambda$490/328384088@7c3bbe93] WARN  server.GrpcLogAppender (GrpcLogAppender.java:mayWait(143)) - fef3bd8d-d922-47de-a285-b5c5b7637dd8@group-B5582974CC04->99b77255-435a-4470-bbcd-054d51502fb4-GrpcLogAppender: Wait interrupted by java.lang.InterruptedException
2019-09-09 16:56:13,986 [org.apache.ratis.server.impl.LogAppender$AppenderDaemon$$Lambda$490/328384088@45a6c9e8] WARN  server.GrpcLogAppender (GrpcLogAppender.java:mayWait(143)) - fef3bd8d-d922-47de-a285-b5c5b7637dd8@group-B5582974CC04->673f1e0c-3588-4517-a646-879dbe70b429-GrpcLogAppender: Wait interrupted by java.lang.InterruptedException
2019-09-09 16:56:14,007 [main] INFO  impl.StateMachineUpdater (StateMachineUpdater.java:stopAndJoin(125)) - fef3bd8d-d922-47de-a285-b5c5b7637dd8@group-B5582974CC04-StateMachineUpdater: set stopIndex = 15
2019-09-09 16:56:14,007 [fef3bd8d-d922-47de-a285-b5c5b7637dd8@group-B5582974CC04-StateMachineUpdater] INFO  ratis.ContainerStateMachine (ContainerStateMachine.java:takeSnapshot(289)) - group-B5582974CC04: Taking a snapshot at:(t:3, i:13) file /workdir/hadoop-ozone/integration-test/target/test-dir/MiniOzoneClusterImpl-159a55fc-c6c6-4d0b-a61c-0ed7c6373e46/datanode-4/data/ratis/cd5feb53-dc4d-4aaa-93b3-b5582974cc04/sm/snapshot.3_13
2019-09-09 16:56:14,007 [grpc-default-executor-9] INFO  server.GrpcServerProtocolService (GrpcServerProtocolService.java:onCompleted(113)) - 673f1e0c-3588-4517-a646-879dbe70b429: Completed APPEND_ENTRIES, lastRequest: fef3bd8d-d922-47de-a285-b5c5b7637dd8->673f1e0c-3588-4517-a646-879dbe70b429#18-t3, previous=(t:3, i:15), leaderCommit=15, initializing? false, entries: <empty>
2019-09-09 16:56:14,007 [grpc-default-executor-6] INFO  server.GrpcServerProtocolService (GrpcServerProtocolService.java:onCompleted(113)) - 99b77255-435a-4470-bbcd-054d51502fb4: Completed APPEND_ENTRIES, lastRequest: fef3bd8d-d922-47de-a285-b5c5b7637dd8->99b77255-435a-4470-bbcd-054d51502fb4#18-t3, previous=(t:3, i:15), leaderCommit=15, initializing? false, entries: <empty>
2019-09-09 16:56:14,008 [grpc-default-executor-6] INFO  server.GrpcLogAppender (GrpcLogAppender.java:onCompleted(293)) - fef3bd8d-d922-47de-a285-b5c5b7637dd8@group-B5582974CC04->673f1e0c-3588-4517-a646-879dbe70b429-AppendLogResponseHandler: follower responses appendEntries COMPLETED
2019-09-09 16:56:14,008 [grpc-default-executor-9] INFO  server.GrpcLogAppender (GrpcLogAppender.java:onCompleted(293)) - fef3bd8d-d922-47de-a285-b5c5b7637dd8@group-B5582974CC04->99b77255-435a-4470-bbcd-054d51502fb4-AppendLogResponseHandler: follower responses appendEntries COMPLETED
2019-09-09 16:56:14,008 [grpc-default-executor-6] INFO  impl.FollowerInfo (FollowerInfo.java:lambda$new$0(51)) - fef3bd8d-d922-47de-a285-b5c5b7637dd8@group-B5582974CC04->673f1e0c-3588-4517-a646-879dbe70b429: nextIndex: updateUnconditionally 16 -> 15
2019-09-09 16:56:14,008 [grpc-default-executor-9] INFO  impl.FollowerInfo (FollowerInfo.java:lambda$new$0(51)) - fef3bd8d-d922-47de-a285-b5c5b7637dd8@group-B5582974CC04->99b77255-435a-4470-bbcd-054d51502fb4: nextIndex: updateUnconditionally 16 -> 15
2019-09-09 16:56:14,041 [fef3bd8d-d922-47de-a285-b5c5b7637dd8@group-B5582974CC04-StateMachineUpdater] INFO  ratis.ContainerStateMachine (ContainerStateMachine.java:takeSnapshot(300)) - group-B5582974CC04: Finished taking a snapshot at:(t:3, i:13) file:/workdir/hadoop-ozone/integration-test/target/test-dir/MiniOzoneClusterImpl-159a55fc-c6c6-4d0b-a61c-0ed7c6373e46/datanode-4/data/ratis/cd5feb53-dc4d-4aaa-93b3-b5582974cc04/sm/snapshot.3_13 time:34
2019-09-09 16:56:14,042 [fef3bd8d-d922-47de-a285-b5c5b7637dd8@group-B5582974CC04-StateMachineUpdater] INFO  impl.StateMachineUpdater (StateMachineUpdater.java:takeSnapshot(258)) - fef3bd8d-d922-47de-a285-b5c5b7637dd8@group-B5582974CC04-StateMachineUpdater: Took a snapshot at index 13
2019-09-09 16:56:14,042 [fef3bd8d-d922-47de-a285-b5c5b7637dd8@group-B5582974CC04-StateMachineUpdater] INFO  impl.StateMachineUpdater (StateMachineUpdater.java:lambda$new$0(83)) - fef3bd8d-d922-47de-a285-b5c5b7637dd8@group-B5582974CC04-StateMachineUpdater: snapshotIndex: updateIncreasingly -1 -> 13
2019-09-09 16:56:14,042 [fef3bd8d-d922-47de-a285-b5c5b7637dd8@group-B5582974CC04-StateMachineUpdater] INFO  ratis.ContainerStateMachine (ContainerStateMachine.java:takeSnapshot(289)) - group-B5582974CC04: Taking a snapshot at:(t:3, i:13) file /workdir/hadoop-ozone/integration-test/target/test-dir/MiniOzoneClusterImpl-159a55fc-c6c6-4d0b-a61c-0ed7c6373e46/datanode-4/data/ratis/cd5feb53-dc4d-4aaa-93b3-b5582974cc04/sm/snapshot.3_13
2019-09-09 16:56:14,065 [fef3bd8d-d922-47de-a285-b5c5b7637dd8@group-B5582974CC04-StateMachineUpdater] INFO  ratis.ContainerStateMachine (ContainerStateMachine.java:takeSnapshot(300)) - group-B5582974CC04: Finished taking a snapshot at:(t:3, i:13) file:/workdir/hadoop-ozone/integration-test/target/test-dir/MiniOzoneClusterImpl-159a55fc-c6c6-4d0b-a61c-0ed7c6373e46/datanode-4/data/ratis/cd5feb53-dc4d-4aaa-93b3-b5582974cc04/sm/snapshot.3_13 time:23
2019-09-09 16:56:14,065 [fef3bd8d-d922-47de-a285-b5c5b7637dd8@group-B5582974CC04-StateMachineUpdater] INFO  impl.StateMachineUpdater (StateMachineUpdater.java:takeSnapshot(258)) - fef3bd8d-d922-47de-a285-b5c5b7637dd8@group-B5582974CC04-StateMachineUpdater: Took a snapshot at index 13
2019-09-09 16:56:14,065 [fef3bd8d-d922-47de-a285-b5c5b7637dd8@group-B5582974CC04-StateMachineUpdater] INFO  impl.StateMachineUpdater (StateMachineUpdater.java:lambda$new$0(83)) - fef3bd8d-d922-47de-a285-b5c5b7637dd8@group-B5582974CC04-StateMachineUpdater: snapshotIndex: updateIncreasingly 13 -> 13
2019-09-09 16:56:14,066 [main] INFO  impl.RaftServerImpl (ServerState.java:close(385)) - fef3bd8d-d922-47de-a285-b5c5b7637dd8@group-B5582974CC04: closes. applyIndex: 15
2019-09-09 16:56:14,067 [fef3bd8d-d922-47de-a285-b5c5b7637dd8@group-B5582974CC04-SegmentedRaftLogWorker] INFO  segmented.SegmentedRaftLogWorker (SegmentedRaftLogWorker.java:run(313)) - fef3bd8d-d922-47de-a285-b5c5b7637dd8@group-B5582974CC04-SegmentedRaftLogWorker was interrupted, exiting. There are 0 tasks remaining in the queue.
2019-09-09 16:56:14,070 [main] INFO  segmented.SegmentedRaftLogWorker (SegmentedRaftLogWorker.java:close(228)) - fef3bd8d-d922-47de-a285-b5c5b7637dd8@group-B5582974CC04-SegmentedRaftLogWorker close()
2019-09-09 16:56:14,074 [main] INFO  impl.RaftServerImpl (RaftServerImpl.java:lambda$shutdown$3(251)) - fef3bd8d-d922-47de-a285-b5c5b7637dd8@group-1E7DA2E8DEC6: shutdown
2019-09-09 16:56:14,075 [main] INFO  util.JmxRegister (JmxRegister.java:unregister(73)) - Successfully un-registered JMX Bean with object name Ratis:service=RaftServer,group=group-1E7DA2E8DEC6,id=fef3bd8d-d922-47de-a285-b5c5b7637dd8
2019-09-09 16:56:14,075 [main] INFO  impl.RoleInfo (RoleInfo.java:shutdownLeaderState(104)) - fef3bd8d-d922-47de-a285-b5c5b7637dd8: shutdown LeaderState
2019-09-09 16:56:14,075 [main] INFO  impl.PendingRequests (PendingRequests.java:sendNotLeaderResponses(202)) - fef3bd8d-d922-47de-a285-b5c5b7637dd8-PendingRequests: sendNotLeaderResponses
2019-09-09 16:56:14,076 [main] INFO  impl.StateMachineUpdater (StateMachineUpdater.java:stopAndJoin(125)) - fef3bd8d-d922-47de-a285-b5c5b7637dd8@group-1E7DA2E8DEC6-StateMachineUpdater: set stopIndex = 0
2019-09-09 16:56:14,076 [main] INFO  impl.RaftServerImpl (ServerState.java:close(385)) - fef3bd8d-d922-47de-a285-b5c5b7637dd8@group-1E7DA2E8DEC6: closes. applyIndex: 0
2019-09-09 16:56:14,077 [fef3bd8d-d922-47de-a285-b5c5b7637dd8@group-1E7DA2E8DEC6-SegmentedRaftLogWorker] INFO  segmented.SegmentedRaftLogWorker (SegmentedRaftLogWorker.java:run(313)) - fef3bd8d-d922-47de-a285-b5c5b7637dd8@group-1E7DA2E8DEC6-SegmentedRaftLogWorker was interrupted, exiting. There are 0 tasks remaining in the queue.
2019-09-09 16:56:14,079 [main] INFO  segmented.SegmentedRaftLogWorker (SegmentedRaftLogWorker.java:close(228)) - fef3bd8d-d922-47de-a285-b5c5b7637dd8@group-1E7DA2E8DEC6-SegmentedRaftLogWorker close()
2019-09-09 16:56:14,083 [main] INFO  server.GrpcService (GrpcService.java:closeImpl(164)) - fef3bd8d-d922-47de-a285-b5c5b7637dd8: shutdown server with port 38606 now
2019-09-09 16:56:14,084 [grpc-default-executor-2] WARN  client.GrpcClientProtocolService (LogUtils.java:warn(134)) - 8-UnorderedRequestStreamObserver8: onError: org.apache.ratis.thirdparty.io.grpc.StatusRuntimeException: CANCELLED: cancelled before receiving half close
2019-09-09 16:56:14,085 [main] INFO  server.GrpcService (GrpcService.java:closeImpl(172)) - fef3bd8d-d922-47de-a285-b5c5b7637dd8: shutdown server with port 38606 successfully
2019-09-09 16:56:14,091 [refreshUsed-/workdir/hadoop-ozone/integration-test/target/test-dir/MiniOzoneClusterImpl-159a55fc-c6c6-4d0b-a61c-0ed7c6373e46/datanode-4/data/containers] WARN  fs.CachingGetSpaceUsed (CachingGetSpaceUsed.java:run(183)) - Thread Interrupted waiting to refresh disk information: sleep interrupted
2019-09-09 16:56:14,106 [main] INFO  utils.BackgroundService (BackgroundService.java:shutdown(148)) - Shutting down service BlockDeletingService
2019-09-09 16:56:14,111 [main] INFO  statemachine.DatanodeStateMachine (DatanodeStateMachine.java:stopDaemon(395)) - Ozone container server stopped.
2019-09-09 16:56:14,113 [main] INFO  handler.ContextHandler (ContextHandler.java:doStop(910)) - Stopped o.e.j.w.WebAppContext@463045fb{/,null,UNAVAILABLE}{/hddsDatanode}
2019-09-09 16:56:14,114 [main] INFO  server.AbstractConnector (AbstractConnector.java:doStop(318)) - Stopped ServerConnector@27ab206{HTTP/1.1,[http/1.1]}{0.0.0.0:0}
2019-09-09 16:56:14,114 [main] INFO  handler.ContextHandler (ContextHandler.java:doStop(910)) - Stopped o.e.j.s.ServletContextHandler@11c581a0{/static,jar:file:/home/user/.m2/repository/org/apache/hadoop/hadoop-hdds-container-service/0.5.0-SNAPSHOT/hadoop-hdds-container-service-0.5.0-SNAPSHOT.jar!/webapps/static,UNAVAILABLE}
2019-09-09 16:56:14,115 [main] INFO  handler.ContextHandler (ContextHandler.java:doStop(910)) - Stopped o.e.j.s.ServletContextHandler@4f3c7808{/logs,file:///workdir/hadoop-ozone/integration-test/target/log,UNAVAILABLE}
2019-09-09 16:56:16,133 [grpc-default-executor-12] INFO  client.GrpcClientProtocolClient (GrpcClientProtocolClient.java:onNext(264)) - client-A23F27EF8C76->99b77255-435a-4470-bbcd-054d51502fb4: receive RaftClientReply:client-A23F27EF8C76->99b77255-435a-4470-bbcd-054d51502fb4@group-B5582974CC04, cid=193, FAILED org.apache.ratis.protocol.NotLeaderException: Server 99b77255-435a-4470-bbcd-054d51502fb4@group-B5582974CC04 is not the leader fef3bd8d-d922-47de-a285-b5c5b7637dd8:192.168.69.125:38606, logIndex=0, commits[99b77255-435a-4470-bbcd-054d51502fb4:c15, fef3bd8d-d922-47de-a285-b5c5b7637dd8:c15, 673f1e0c-3588-4517-a646-879dbe70b429:c15]
2019-09-09 16:56:17,150 [grpc-default-executor-9] INFO  client.GrpcClientProtocolClient (GrpcClientProtocolClient.java:onNext(264)) - client-A23F27EF8C76->99b77255-435a-4470-bbcd-054d51502fb4: receive RaftClientReply:client-A23F27EF8C76->99b77255-435a-4470-bbcd-054d51502fb4@group-B5582974CC04, cid=193, FAILED org.apache.ratis.protocol.NotLeaderException: Server 99b77255-435a-4470-bbcd-054d51502fb4@group-B5582974CC04 is not the leader fef3bd8d-d922-47de-a285-b5c5b7637dd8:192.168.69.125:38606, logIndex=0, commits[99b77255-435a-4470-bbcd-054d51502fb4:c15, fef3bd8d-d922-47de-a285-b5c5b7637dd8:c15, 673f1e0c-3588-4517-a646-879dbe70b429:c15]
2019-09-09 16:56:18,163 [grpc-default-executor-10] INFO  client.GrpcClientProtocolClient (GrpcClientProtocolClient.java:onNext(264)) - client-A23F27EF8C76->673f1e0c-3588-4517-a646-879dbe70b429: receive RaftClientReply:client-A23F27EF8C76->673f1e0c-3588-4517-a646-879dbe70b429@group-B5582974CC04, cid=193, FAILED org.apache.ratis.protocol.NotLeaderException: Server 673f1e0c-3588-4517-a646-879dbe70b429@group-B5582974CC04 is not the leader fef3bd8d-d922-47de-a285-b5c5b7637dd8:192.168.69.125:38606, logIndex=0, commits[673f1e0c-3588-4517-a646-879dbe70b429:c15, 99b77255-435a-4470-bbcd-054d51502fb4:c15, fef3bd8d-d922-47de-a285-b5c5b7637dd8:c15]
2019-09-09 16:56:19,176 [grpc-default-executor-9] INFO  client.GrpcClientProtocolClient (GrpcClientProtocolClient.java:onNext(264)) - client-A23F27EF8C76->99b77255-435a-4470-bbcd-054d51502fb4: receive RaftClientReply:client-A23F27EF8C76->99b77255-435a-4470-bbcd-054d51502fb4@group-B5582974CC04, cid=193, FAILED org.apache.ratis.protocol.NotLeaderException: Server 99b77255-435a-4470-bbcd-054d51502fb4@group-B5582974CC04 is not the leader fef3bd8d-d922-47de-a285-b5c5b7637dd8:192.168.69.125:38606, logIndex=0, commits[99b77255-435a-4470-bbcd-054d51502fb4:c15, fef3bd8d-d922-47de-a285-b5c5b7637dd8:c15, 673f1e0c-3588-4517-a646-879dbe70b429:c15]
2019-09-09 16:56:20,196 [grpc-default-executor-10] INFO  client.GrpcClientProtocolClient (GrpcClientProtocolClient.java:onNext(264)) - client-A23F27EF8C76->99b77255-435a-4470-bbcd-054d51502fb4: receive RaftClientReply:client-A23F27EF8C76->99b77255-435a-4470-bbcd-054d51502fb4@group-B5582974CC04, cid=193, FAILED org.apache.ratis.protocol.NotLeaderException: Server 99b77255-435a-4470-bbcd-054d51502fb4@group-B5582974CC04 is not the leader fef3bd8d-d922-47de-a285-b5c5b7637dd8:192.168.69.125:38606, logIndex=0, commits[99b77255-435a-4470-bbcd-054d51502fb4:c15, fef3bd8d-d922-47de-a285-b5c5b7637dd8:c15, 673f1e0c-3588-4517-a646-879dbe70b429:c15]
2019-09-09 16:56:21,215 [grpc-default-executor-9] INFO  client.GrpcClientProtocolClient (GrpcClientProtocolClient.java:onNext(264)) - client-A23F27EF8C76->673f1e0c-3588-4517-a646-879dbe70b429: receive RaftClientReply:client-A23F27EF8C76->673f1e0c-3588-4517-a646-879dbe70b429@group-B5582974CC04, cid=193, FAILED org.apache.ratis.protocol.NotLeaderException: Server 673f1e0c-3588-4517-a646-879dbe70b429@group-B5582974CC04 is not the leader fef3bd8d-d922-47de-a285-b5c5b7637dd8:192.168.69.125:38606, logIndex=0, commits[673f1e0c-3588-4517-a646-879dbe70b429:c15, 99b77255-435a-4470-bbcd-054d51502fb4:c15, fef3bd8d-d922-47de-a285-b5c5b7637dd8:c15]
2019-09-09 16:56:22,230 [grpc-default-executor-10] INFO  client.GrpcClientProtocolClient (GrpcClientProtocolClient.java:onNext(264)) - client-A23F27EF8C76->673f1e0c-3588-4517-a646-879dbe70b429: receive RaftClientReply:client-A23F27EF8C76->673f1e0c-3588-4517-a646-879dbe70b429@group-B5582974CC04, cid=193, FAILED org.apache.ratis.protocol.NotLeaderException: Server 673f1e0c-3588-4517-a646-879dbe70b429@group-B5582974CC04 is not the leader fef3bd8d-d922-47de-a285-b5c5b7637dd8:192.168.69.125:38606, logIndex=0, commits[673f1e0c-3588-4517-a646-879dbe70b429:c15, 99b77255-435a-4470-bbcd-054d51502fb4:c15, fef3bd8d-d922-47de-a285-b5c5b7637dd8:c15]
2019-09-09 16:56:22,818 [Thread-3187] INFO  impl.FollowerState (FollowerState.java:run(106)) - 99b77255-435a-4470-bbcd-054d51502fb4:group-B5582974CC04 changes to CANDIDATE, lastRpcTime:8839, electionTimeout:5055ms
2019-09-09 16:56:22,824 [Thread-3187] INFO  impl.RoleInfo (RoleInfo.java:shutdownFollowerState(121)) - 99b77255-435a-4470-bbcd-054d51502fb4: shutdown FollowerState
2019-09-09 16:56:22,824 [Thread-3187] INFO  impl.RaftServerImpl (RaftServerImpl.java:setRole(174)) - 99b77255-435a-4470-bbcd-054d51502fb4@group-B5582974CC04: changes role from  FOLLOWER to CANDIDATE at term 3 for changeToCandidate
2019-09-09 16:56:22,824 [Thread-3187] INFO  impl.RoleInfo (RoleInfo.java:updateAndGet(143)) - 99b77255-435a-4470-bbcd-054d51502fb4: start LeaderElection
2019-09-09 16:56:22,827 [99b77255-435a-4470-bbcd-054d51502fb4@group-B5582974CC04:LeaderElection77] INFO  impl.RaftServerImpl (ServerState.java:setLeader(253)) - 99b77255-435a-4470-bbcd-054d51502fb4@group-B5582974CC04: change Leader from fef3bd8d-d922-47de-a285-b5c5b7637dd8 to null at term 3 for initElection
2019-09-09 16:56:22,830 [Thread-3188] INFO  impl.FollowerState (FollowerState.java:run(106)) - 673f1e0c-3588-4517-a646-879dbe70b429:group-B5582974CC04 changes to CANDIDATE, lastRpcTime:8851, electionTimeout:5094ms
2019-09-09 16:56:22,830 [Thread-3188] INFO  impl.RoleInfo (RoleInfo.java:shutdownFollowerState(121)) - 673f1e0c-3588-4517-a646-879dbe70b429: shutdown FollowerState
2019-09-09 16:56:22,830 [Thread-3188] INFO  impl.RaftServerImpl (RaftServerImpl.java:setRole(174)) - 673f1e0c-3588-4517-a646-879dbe70b429@group-B5582974CC04: changes role from  FOLLOWER to CANDIDATE at term 3 for changeToCandidate
2019-09-09 16:56:22,831 [Thread-3188] INFO  impl.RoleInfo (RoleInfo.java:updateAndGet(143)) - 673f1e0c-3588-4517-a646-879dbe70b429: start LeaderElection
2019-09-09 16:56:22,833 [673f1e0c-3588-4517-a646-879dbe70b429@group-B5582974CC04:LeaderElection78] INFO  impl.RaftServerImpl (ServerState.java:setLeader(253)) - 673f1e0c-3588-4517-a646-879dbe70b429@group-B5582974CC04: change Leader from fef3bd8d-d922-47de-a285-b5c5b7637dd8 to null at term 3 for initElection
2019-09-09 16:56:22,858 [99b77255-435a-4470-bbcd-054d51502fb4@group-B5582974CC04:LeaderElection77] INFO  impl.LeaderElection (LeaderElection.java:askForVotes(182)) - 99b77255-435a-4470-bbcd-054d51502fb4@group-B5582974CC04:LeaderElection77: begin an election at term 4 for 0: [99b77255-435a-4470-bbcd-054d51502fb4:192.168.69.125:39830, fef3bd8d-d922-47de-a285-b5c5b7637dd8:192.168.69.125:38606, 673f1e0c-3588-4517-a646-879dbe70b429:192.168.69.125:36334], old=null
2019-09-09 16:56:22,858 [673f1e0c-3588-4517-a646-879dbe70b429@group-B5582974CC04:LeaderElection78] INFO  impl.LeaderElection (LeaderElection.java:askForVotes(182)) - 673f1e0c-3588-4517-a646-879dbe70b429@group-B5582974CC04:LeaderElection78: begin an election at term 4 for 0: [99b77255-435a-4470-bbcd-054d51502fb4:192.168.69.125:39830, fef3bd8d-d922-47de-a285-b5c5b7637dd8:192.168.69.125:38606, 673f1e0c-3588-4517-a646-879dbe70b429:192.168.69.125:36334], old=null
2019-09-09 16:56:22,863 [99b77255-435a-4470-bbcd-054d51502fb4@group-B5582974CC04:LeaderElection77] INFO  impl.LeaderElection (LogUtils.java:infoOrTrace(149)) - 99b77255-435a-4470-bbcd-054d51502fb4@group-B5582974CC04:LeaderElection77 got exception when requesting votes: {}
java.util.concurrent.ExecutionException: org.apache.ratis.thirdparty.io.grpc.StatusRuntimeException: UNAVAILABLE: io exception
	at java.util.concurrent.FutureTask.report(FutureTask.java:122)
	at java.util.concurrent.FutureTask.get(FutureTask.java:192)
	at org.apache.ratis.server.impl.LeaderElection.waitForResults(LeaderElection.java:263)
	at org.apache.ratis.server.impl.LeaderElection.askForVotes(LeaderElection.java:201)
	at org.apache.ratis.server.impl.LeaderElection.run(LeaderElection.java:133)
	at java.lang.Thread.run(Thread.java:748)
Caused by: org.apache.ratis.thirdparty.io.grpc.StatusRuntimeException: UNAVAILABLE: io exception
	at org.apache.ratis.thirdparty.io.grpc.stub.ClientCalls.toStatusRuntimeException(ClientCalls.java:233)
	at org.apache.ratis.thirdparty.io.grpc.stub.ClientCalls.getUnchecked(ClientCalls.java:214)
	at org.apache.ratis.thirdparty.io.grpc.stub.ClientCalls.blockingUnaryCall(ClientCalls.java:139)
	at org.apache.ratis.proto.grpc.RaftServerProtocolServiceGrpc$RaftServerProtocolServiceBlockingStub.requestVote(RaftServerProtocolServiceGrpc.java:265)
	at org.apache.ratis.grpc.server.GrpcServerProtocolClient.requestVote(GrpcServerProtocolClient.java:90)
	at org.apache.ratis.grpc.server.GrpcService.requestVote(GrpcService.java:204)
	at org.apache.ratis.server.impl.LeaderElection.lambda$submitRequests$1(LeaderElection.java:238)
	at java.util.concurrent.FutureTask.run(FutureTask.java:266)
	at java.util.concurrent.Executors$RunnableAdapter.call(Executors.java:511)
	at java.util.concurrent.FutureTask.run(FutureTask.java:266)
	at java.util.concurrent.ThreadPoolExecutor.runWorker(ThreadPoolExecutor.java:1149)
	at java.util.concurrent.ThreadPoolExecutor$Worker.run(ThreadPoolExecutor.java:624)
	... 1 more
Caused by: org.apache.ratis.thirdparty.io.netty.channel.AbstractChannel$AnnotatedConnectException: Connection refused: /192.168.69.125:38606
	at sun.nio.ch.SocketChannelImpl.checkConnect(Native Method)
	at sun.nio.ch.SocketChannelImpl.finishConnect(SocketChannelImpl.java:717)
	at org.apache.ratis.thirdparty.io.netty.channel.socket.nio.NioSocketChannel.doFinishConnect(NioSocketChannel.java:327)
	at org.apache.ratis.thirdparty.io.netty.channel.nio.AbstractNioChannel$AbstractNioUnsafe.finishConnect(AbstractNioChannel.java:340)
	at org.apache.ratis.thirdparty.io.netty.channel.nio.NioEventLoop.processSelectedKey(NioEventLoop.java:632)
	at org.apache.ratis.thirdparty.io.netty.channel.nio.NioEventLoop.processSelectedKeysOptimized(NioEventLoop.java:579)
	at org.apache.ratis.thirdparty.io.netty.channel.nio.NioEventLoop.processSelectedKeys(NioEventLoop.java:496)
	at org.apache.ratis.thirdparty.io.netty.channel.nio.NioEventLoop.run(NioEventLoop.java:458)
	at org.apache.ratis.thirdparty.io.netty.util.concurrent.SingleThreadEventExecutor$5.run(SingleThreadEventExecutor.java:897)
	at org.apache.ratis.thirdparty.io.netty.util.concurrent.FastThreadLocalRunnable.run(FastThreadLocalRunnable.java:30)
	... 1 more
Caused by: java.net.ConnectException: Connection refused
	... 11 more
2019-09-09 16:56:22,863 [673f1e0c-3588-4517-a646-879dbe70b429@group-B5582974CC04:LeaderElection78] INFO  impl.LeaderElection (LogUtils.java:infoOrTrace(149)) - 673f1e0c-3588-4517-a646-879dbe70b429@group-B5582974CC04:LeaderElection78 got exception when requesting votes: {}
java.util.concurrent.ExecutionException: org.apache.ratis.thirdparty.io.grpc.StatusRuntimeException: UNAVAILABLE: io exception
	at java.util.concurrent.FutureTask.report(FutureTask.java:122)
	at java.util.concurrent.FutureTask.get(FutureTask.java:192)
	at org.apache.ratis.server.impl.LeaderElection.waitForResults(LeaderElection.java:263)
	at org.apache.ratis.server.impl.LeaderElection.askForVotes(LeaderElection.java:201)
	at org.apache.ratis.server.impl.LeaderElection.run(LeaderElection.java:133)
	at java.lang.Thread.run(Thread.java:748)
Caused by: org.apache.ratis.thirdparty.io.grpc.StatusRuntimeException: UNAVAILABLE: io exception
	at org.apache.ratis.thirdparty.io.grpc.stub.ClientCalls.toStatusRuntimeException(ClientCalls.java:233)
	at org.apache.ratis.thirdparty.io.grpc.stub.ClientCalls.getUnchecked(ClientCalls.java:214)
	at org.apache.ratis.thirdparty.io.grpc.stub.ClientCalls.blockingUnaryCall(ClientCalls.java:139)
	at org.apache.ratis.proto.grpc.RaftServerProtocolServiceGrpc$RaftServerProtocolServiceBlockingStub.requestVote(RaftServerProtocolServiceGrpc.java:265)
	at org.apache.ratis.grpc.server.GrpcServerProtocolClient.requestVote(GrpcServerProtocolClient.java:90)
	at org.apache.ratis.grpc.server.GrpcService.requestVote(GrpcService.java:204)
	at org.apache.ratis.server.impl.LeaderElection.lambda$submitRequests$1(LeaderElection.java:238)
	at java.util.concurrent.FutureTask.run(FutureTask.java:266)
	at java.util.concurrent.Executors$RunnableAdapter.call(Executors.java:511)
	at java.util.concurrent.FutureTask.run(FutureTask.java:266)
	at java.util.concurrent.ThreadPoolExecutor.runWorker(ThreadPoolExecutor.java:1149)
	at java.util.concurrent.ThreadPoolExecutor$Worker.run(ThreadPoolExecutor.java:624)
	... 1 more
Caused by: org.apache.ratis.thirdparty.io.netty.channel.AbstractChannel$AnnotatedConnectException: Connection refused: /192.168.69.125:38606
	at sun.nio.ch.SocketChannelImpl.checkConnect(Native Method)
	at sun.nio.ch.SocketChannelImpl.finishConnect(SocketChannelImpl.java:717)
	at org.apache.ratis.thirdparty.io.netty.channel.socket.nio.NioSocketChannel.doFinishConnect(NioSocketChannel.java:327)
	at org.apache.ratis.thirdparty.io.netty.channel.nio.AbstractNioChannel$AbstractNioUnsafe.finishConnect(AbstractNioChannel.java:340)
	at org.apache.ratis.thirdparty.io.netty.channel.nio.NioEventLoop.processSelectedKey(NioEventLoop.java:632)
	at org.apache.ratis.thirdparty.io.netty.channel.nio.NioEventLoop.processSelectedKeysOptimized(NioEventLoop.java:579)
	at org.apache.ratis.thirdparty.io.netty.channel.nio.NioEventLoop.processSelectedKeys(NioEventLoop.java:496)
	at org.apache.ratis.thirdparty.io.netty.channel.nio.NioEventLoop.run(NioEventLoop.java:458)
	at org.apache.ratis.thirdparty.io.netty.util.concurrent.SingleThreadEventExecutor$5.run(SingleThreadEventExecutor.java:897)
	at org.apache.ratis.thirdparty.io.netty.util.concurrent.FastThreadLocalRunnable.run(FastThreadLocalRunnable.java:30)
	... 1 more
Caused by: java.net.ConnectException: Connection refused
	... 11 more
2019-09-09 16:56:22,871 [99b77255-435a-4470-bbcd-054d51502fb4@group-B5582974CC04:LeaderElection77] INFO  impl.LeaderElection (LeaderElection.java:logAndReturn(56)) - 99b77255-435a-4470-bbcd-054d51502fb4@group-B5582974CC04:LeaderElection77: Election REJECTED; received 1 response(s) [99b77255-435a-4470-bbcd-054d51502fb4<-673f1e0c-3588-4517-a646-879dbe70b429#0:FAIL-t4] and 1 exception(s); 99b77255-435a-4470-bbcd-054d51502fb4@group-B5582974CC04:t4, leader=null, voted=99b77255-435a-4470-bbcd-054d51502fb4, raftlog=99b77255-435a-4470-bbcd-054d51502fb4@group-B5582974CC04-SegmentedRaftLog:OPENED:c15,f15,i15, conf=0: [99b77255-435a-4470-bbcd-054d51502fb4:192.168.69.125:39830, fef3bd8d-d922-47de-a285-b5c5b7637dd8:192.168.69.125:38606, 673f1e0c-3588-4517-a646-879dbe70b429:192.168.69.125:36334], old=null
2019-09-09 16:56:22,871 [673f1e0c-3588-4517-a646-879dbe70b429@group-B5582974CC04:LeaderElection78] INFO  impl.LeaderElection (LeaderElection.java:logAndReturn(56)) - 673f1e0c-3588-4517-a646-879dbe70b429@group-B5582974CC04:LeaderElection78: Election REJECTED; received 1 response(s) [673f1e0c-3588-4517-a646-879dbe70b429<-99b77255-435a-4470-bbcd-054d51502fb4#0:FAIL-t4] and 1 exception(s); 673f1e0c-3588-4517-a646-879dbe70b429@group-B5582974CC04:t4, leader=null, voted=673f1e0c-3588-4517-a646-879dbe70b429, raftlog=673f1e0c-3588-4517-a646-879dbe70b429@group-B5582974CC04-SegmentedRaftLog:OPENED:c15,f15,i15, conf=0: [99b77255-435a-4470-bbcd-054d51502fb4:192.168.69.125:39830, fef3bd8d-d922-47de-a285-b5c5b7637dd8:192.168.69.125:38606, 673f1e0c-3588-4517-a646-879dbe70b429:192.168.69.125:36334], old=null
2019-09-09 16:56:22,871 [99b77255-435a-4470-bbcd-054d51502fb4@group-B5582974CC04:LeaderElection77] INFO  impl.LeaderElection (LogUtils.java:infoOrTrace(149)) -   Exception 0: {}
java.util.concurrent.ExecutionException: org.apache.ratis.thirdparty.io.grpc.StatusRuntimeException: UNAVAILABLE: io exception
	at java.util.concurrent.FutureTask.report(FutureTask.java:122)
	at java.util.concurrent.FutureTask.get(FutureTask.java:192)
	at org.apache.ratis.server.impl.LeaderElection.waitForResults(LeaderElection.java:263)
	at org.apache.ratis.server.impl.LeaderElection.askForVotes(LeaderElection.java:201)
	at org.apache.ratis.server.impl.LeaderElection.run(LeaderElection.java:133)
	at java.lang.Thread.run(Thread.java:748)
Caused by: org.apache.ratis.thirdparty.io.grpc.StatusRuntimeException: UNAVAILABLE: io exception
	at org.apache.ratis.thirdparty.io.grpc.stub.ClientCalls.toStatusRuntimeException(ClientCalls.java:233)
	at org.apache.ratis.thirdparty.io.grpc.stub.ClientCalls.getUnchecked(ClientCalls.java:214)
	at org.apache.ratis.thirdparty.io.grpc.stub.ClientCalls.blockingUnaryCall(ClientCalls.java:139)
	at org.apache.ratis.proto.grpc.RaftServerProtocolServiceGrpc$RaftServerProtocolServiceBlockingStub.requestVote(RaftServerProtocolServiceGrpc.java:265)
	at org.apache.ratis.grpc.server.GrpcServerProtocolClient.requestVote(GrpcServerProtocolClient.java:90)
	at org.apache.ratis.grpc.server.GrpcService.requestVote(GrpcService.java:204)
	at org.apache.ratis.server.impl.LeaderElection.lambda$submitRequests$1(LeaderElection.java:238)
	at java.util.concurrent.FutureTask.run(FutureTask.java:266)
	at java.util.concurrent.Executors$RunnableAdapter.call(Executors.java:511)
	at java.util.concurrent.FutureTask.run(FutureTask.java:266)
	at java.util.concurrent.ThreadPoolExecutor.runWorker(ThreadPoolExecutor.java:1149)
	at java.util.concurrent.ThreadPoolExecutor$Worker.run(ThreadPoolExecutor.java:624)
	... 1 more
Caused by: org.apache.ratis.thirdparty.io.netty.channel.AbstractChannel$AnnotatedConnectException: Connection refused: /192.168.69.125:38606
	at sun.nio.ch.SocketChannelImpl.checkConnect(Native Method)
	at sun.nio.ch.SocketChannelImpl.finishConnect(SocketChannelImpl.java:717)
	at org.apache.ratis.thirdparty.io.netty.channel.socket.nio.NioSocketChannel.doFinishConnect(NioSocketChannel.java:327)
	at org.apache.ratis.thirdparty.io.netty.channel.nio.AbstractNioChannel$AbstractNioUnsafe.finishConnect(AbstractNioChannel.java:340)
	at org.apache.ratis.thirdparty.io.netty.channel.nio.NioEventLoop.processSelectedKey(NioEventLoop.java:632)
	at org.apache.ratis.thirdparty.io.netty.channel.nio.NioEventLoop.processSelectedKeysOptimized(NioEventLoop.java:579)
	at org.apache.ratis.thirdparty.io.netty.channel.nio.NioEventLoop.processSelectedKeys(NioEventLoop.java:496)
	at org.apache.ratis.thirdparty.io.netty.channel.nio.NioEventLoop.run(NioEventLoop.java:458)
	at org.apache.ratis.thirdparty.io.netty.util.concurrent.SingleThreadEventExecutor$5.run(SingleThreadEventExecutor.java:897)
	at org.apache.ratis.thirdparty.io.netty.util.concurrent.FastThreadLocalRunnable.run(FastThreadLocalRunnable.java:30)
	... 1 more
Caused by: java.net.ConnectException: Connection refused
	... 11 more
2019-09-09 16:56:22,871 [673f1e0c-3588-4517-a646-879dbe70b429@group-B5582974CC04:LeaderElection78] INFO  impl.LeaderElection (LogUtils.java:infoOrTrace(149)) -   Exception 0: {}
java.util.concurrent.ExecutionException: org.apache.ratis.thirdparty.io.grpc.StatusRuntimeException: UNAVAILABLE: io exception
	at java.util.concurrent.FutureTask.report(FutureTask.java:122)
	at java.util.concurrent.FutureTask.get(FutureTask.java:192)
	at org.apache.ratis.server.impl.LeaderElection.waitForResults(LeaderElection.java:263)
	at org.apache.ratis.server.impl.LeaderElection.askForVotes(LeaderElection.java:201)
	at org.apache.ratis.server.impl.LeaderElection.run(LeaderElection.java:133)
	at java.lang.Thread.run(Thread.java:748)
Caused by: org.apache.ratis.thirdparty.io.grpc.StatusRuntimeException: UNAVAILABLE: io exception
	at org.apache.ratis.thirdparty.io.grpc.stub.ClientCalls.toStatusRuntimeException(ClientCalls.java:233)
	at org.apache.ratis.thirdparty.io.grpc.stub.ClientCalls.getUnchecked(ClientCalls.java:214)
	at org.apache.ratis.thirdparty.io.grpc.stub.ClientCalls.blockingUnaryCall(ClientCalls.java:139)
	at org.apache.ratis.proto.grpc.RaftServerProtocolServiceGrpc$RaftServerProtocolServiceBlockingStub.requestVote(RaftServerProtocolServiceGrpc.java:265)
	at org.apache.ratis.grpc.server.GrpcServerProtocolClient.requestVote(GrpcServerProtocolClient.java:90)
	at org.apache.ratis.grpc.server.GrpcService.requestVote(GrpcService.java:204)
	at org.apache.ratis.server.impl.LeaderElection.lambda$submitRequests$1(LeaderElection.java:238)
	at java.util.concurrent.FutureTask.run(FutureTask.java:266)
	at java.util.concurrent.Executors$RunnableAdapter.call(Executors.java:511)
	at java.util.concurrent.FutureTask.run(FutureTask.java:266)
	at java.util.concurrent.ThreadPoolExecutor.runWorker(ThreadPoolExecutor.java:1149)
	at java.util.concurrent.ThreadPoolExecutor$Worker.run(ThreadPoolExecutor.java:624)
	... 1 more
Caused by: org.apache.ratis.thirdparty.io.netty.channel.AbstractChannel$AnnotatedConnectException: Connection refused: /192.168.69.125:38606
	at sun.nio.ch.SocketChannelImpl.checkConnect(Native Method)
	at sun.nio.ch.SocketChannelImpl.finishConnect(SocketChannelImpl.java:717)
	at org.apache.ratis.thirdparty.io.netty.channel.socket.nio.NioSocketChannel.doFinishConnect(NioSocketChannel.java:327)
	at org.apache.ratis.thirdparty.io.netty.channel.nio.AbstractNioChannel$AbstractNioUnsafe.finishConnect(AbstractNioChannel.java:340)
	at org.apache.ratis.thirdparty.io.netty.channel.nio.NioEventLoop.processSelectedKey(NioEventLoop.java:632)
	at org.apache.ratis.thirdparty.io.netty.channel.nio.NioEventLoop.processSelectedKeysOptimized(NioEventLoop.java:579)
	at org.apache.ratis.thirdparty.io.netty.channel.nio.NioEventLoop.processSelectedKeys(NioEventLoop.java:496)
	at org.apache.ratis.thirdparty.io.netty.channel.nio.NioEventLoop.run(NioEventLoop.java:458)
	at org.apache.ratis.thirdparty.io.netty.util.concurrent.SingleThreadEventExecutor$5.run(SingleThreadEventExecutor.java:897)
	at org.apache.ratis.thirdparty.io.netty.util.concurrent.FastThreadLocalRunnable.run(FastThreadLocalRunnable.java:30)
	... 1 more
Caused by: java.net.ConnectException: Connection refused
	... 11 more
2019-09-09 16:56:22,876 [99b77255-435a-4470-bbcd-054d51502fb4@group-B5582974CC04:LeaderElection77] INFO  impl.RaftServerImpl (RaftServerImpl.java:setRole(174)) - 99b77255-435a-4470-bbcd-054d51502fb4@group-B5582974CC04: changes role from CANDIDATE to FOLLOWER at term 4 for DISCOVERED_A_NEW_TERM
2019-09-09 16:56:22,877 [673f1e0c-3588-4517-a646-879dbe70b429@group-B5582974CC04:LeaderElection78] INFO  impl.RaftServerImpl (RaftServerImpl.java:setRole(174)) - 673f1e0c-3588-4517-a646-879dbe70b429@group-B5582974CC04: changes role from CANDIDATE to FOLLOWER at term 4 for DISCOVERED_A_NEW_TERM
2019-09-09 16:56:22,877 [99b77255-435a-4470-bbcd-054d51502fb4@group-B5582974CC04:LeaderElection77] INFO  impl.RoleInfo (RoleInfo.java:shutdownLeaderElection(134)) - 99b77255-435a-4470-bbcd-054d51502fb4: shutdown LeaderElection
2019-09-09 16:56:22,877 [673f1e0c-3588-4517-a646-879dbe70b429@group-B5582974CC04:LeaderElection78] INFO  impl.RoleInfo (RoleInfo.java:shutdownLeaderElection(134)) - 673f1e0c-3588-4517-a646-879dbe70b429: shutdown LeaderElection
2019-09-09 16:56:22,877 [99b77255-435a-4470-bbcd-054d51502fb4@group-B5582974CC04:LeaderElection77] INFO  impl.RoleInfo (RoleInfo.java:updateAndGet(143)) - 99b77255-435a-4470-bbcd-054d51502fb4: start FollowerState
2019-09-09 16:56:22,877 [673f1e0c-3588-4517-a646-879dbe70b429@group-B5582974CC04:LeaderElection78] INFO  impl.RoleInfo (RoleInfo.java:updateAndGet(143)) - 673f1e0c-3588-4517-a646-879dbe70b429: start FollowerState
2019-09-09 16:56:23,245 [grpc-default-executor-10] INFO  client.GrpcClientProtocolClient (GrpcClientProtocolClient.java:onNext(264)) - client-A23F27EF8C76->673f1e0c-3588-4517-a646-879dbe70b429: receive RaftClientReply:client-A23F27EF8C76->673f1e0c-3588-4517-a646-879dbe70b429@group-B5582974CC04, cid=193, FAILED org.apache.ratis.protocol.NotLeaderException: Server 673f1e0c-3588-4517-a646-879dbe70b429@group-B5582974CC04 is not the leader, logIndex=0, commits[673f1e0c-3588-4517-a646-879dbe70b429:c15, 99b77255-435a-4470-bbcd-054d51502fb4:c15, fef3bd8d-d922-47de-a285-b5c5b7637dd8:c15]
2019-09-09 16:56:24,256 [grpc-default-executor-10] INFO  client.GrpcClientProtocolClient (GrpcClientProtocolClient.java:onNext(264)) - client-A23F27EF8C76->99b77255-435a-4470-bbcd-054d51502fb4: receive RaftClientReply:client-A23F27EF8C76->99b77255-435a-4470-bbcd-054d51502fb4@group-B5582974CC04, cid=193, FAILED org.apache.ratis.protocol.NotLeaderException: Server 99b77255-435a-4470-bbcd-054d51502fb4@group-B5582974CC04 is not the leader, logIndex=0, commits[99b77255-435a-4470-bbcd-054d51502fb4:c15, fef3bd8d-d922-47de-a285-b5c5b7637dd8:c15, 673f1e0c-3588-4517-a646-879dbe70b429:c15]
2019-09-09 16:56:25,445 [grpc-default-executor-9] INFO  client.GrpcClientProtocolClient (GrpcClientProtocolClient.java:onNext(264)) - client-A23F27EF8C76->673f1e0c-3588-4517-a646-879dbe70b429: receive RaftClientReply:client-A23F27EF8C76->673f1e0c-3588-4517-a646-879dbe70b429@group-B5582974CC04, cid=193, FAILED org.apache.ratis.protocol.NotLeaderException: Server 673f1e0c-3588-4517-a646-879dbe70b429@group-B5582974CC04 is not the leader, logIndex=0, commits[673f1e0c-3588-4517-a646-879dbe70b429:c15, 99b77255-435a-4470-bbcd-054d51502fb4:c15, fef3bd8d-d922-47de-a285-b5c5b7637dd8:c15]
2019-09-09 16:56:26,457 [grpc-default-executor-9] INFO  client.GrpcClientProtocolClient (GrpcClientProtocolClient.java:onNext(264)) - client-A23F27EF8C76->99b77255-435a-4470-bbcd-054d51502fb4: receive RaftClientReply:client-A23F27EF8C76->99b77255-435a-4470-bbcd-054d51502fb4@group-B5582974CC04, cid=193, FAILED org.apache.ratis.protocol.NotLeaderException: Server 99b77255-435a-4470-bbcd-054d51502fb4@group-B5582974CC04 is not the leader, logIndex=0, commits[99b77255-435a-4470-bbcd-054d51502fb4:c15, fef3bd8d-d922-47de-a285-b5c5b7637dd8:c15, 673f1e0c-3588-4517-a646-879dbe70b429:c15]
2019-09-09 16:56:27,472 [grpc-default-executor-9] INFO  client.GrpcClientProtocolClient (GrpcClientProtocolClient.java:onNext(264)) - client-A23F27EF8C76->673f1e0c-3588-4517-a646-879dbe70b429: receive RaftClientReply:client-A23F27EF8C76->673f1e0c-3588-4517-a646-879dbe70b429@group-B5582974CC04, cid=193, FAILED org.apache.ratis.protocol.NotLeaderException: Server 673f1e0c-3588-4517-a646-879dbe70b429@group-B5582974CC04 is not the leader, logIndex=0, commits[673f1e0c-3588-4517-a646-879dbe70b429:c15, 99b77255-435a-4470-bbcd-054d51502fb4:c15, fef3bd8d-d922-47de-a285-b5c5b7637dd8:c15]
2019-09-09 16:56:28,039 [Thread-3294] INFO  impl.FollowerState (FollowerState.java:run(106)) - 673f1e0c-3588-4517-a646-879dbe70b429:group-B5582974CC04 changes to CANDIDATE, lastRpcTime:5161, electionTimeout:5161ms
2019-09-09 16:56:28,044 [Thread-3294] INFO  impl.RoleInfo (RoleInfo.java:shutdownFollowerState(121)) - 673f1e0c-3588-4517-a646-879dbe70b429: shutdown FollowerState
2019-09-09 16:56:28,044 [Thread-3294] INFO  impl.RaftServerImpl (RaftServerImpl.java:setRole(174)) - 673f1e0c-3588-4517-a646-879dbe70b429@group-B5582974CC04: changes role from  FOLLOWER to CANDIDATE at term 4 for changeToCandidate
2019-09-09 16:56:28,044 [Thread-3294] INFO  impl.RoleInfo (RoleInfo.java:updateAndGet(143)) - 673f1e0c-3588-4517-a646-879dbe70b429: start LeaderElection
2019-09-09 16:56:28,051 [Thread-3293] INFO  impl.FollowerState (FollowerState.java:run(106)) - 99b77255-435a-4470-bbcd-054d51502fb4:group-B5582974CC04 changes to CANDIDATE, lastRpcTime:5173, electionTimeout:5173ms
2019-09-09 16:56:28,053 [Thread-3293] INFO  impl.RoleInfo (RoleInfo.java:shutdownFollowerState(121)) - 99b77255-435a-4470-bbcd-054d51502fb4: shutdown FollowerState
2019-09-09 16:56:28,053 [Thread-3293] INFO  impl.RaftServerImpl (RaftServerImpl.java:setRole(174)) - 99b77255-435a-4470-bbcd-054d51502fb4@group-B5582974CC04: changes role from  FOLLOWER to CANDIDATE at term 4 for changeToCandidate
2019-09-09 16:56:28,053 [Thread-3293] INFO  impl.RoleInfo (RoleInfo.java:updateAndGet(143)) - 99b77255-435a-4470-bbcd-054d51502fb4: start LeaderElection
2019-09-09 16:56:28,082 [99b77255-435a-4470-bbcd-054d51502fb4@group-B5582974CC04:LeaderElection80] INFO  impl.LeaderElection (LeaderElection.java:askForVotes(182)) - 99b77255-435a-4470-bbcd-054d51502fb4@group-B5582974CC04:LeaderElection80: begin an election at term 5 for 0: [99b77255-435a-4470-bbcd-054d51502fb4:192.168.69.125:39830, fef3bd8d-d922-47de-a285-b5c5b7637dd8:192.168.69.125:38606, 673f1e0c-3588-4517-a646-879dbe70b429:192.168.69.125:36334], old=null
2019-09-09 16:56:28,082 [673f1e0c-3588-4517-a646-879dbe70b429@group-B5582974CC04:LeaderElection79] INFO  impl.LeaderElection (LeaderElection.java:askForVotes(182)) - 673f1e0c-3588-4517-a646-879dbe70b429@group-B5582974CC04:LeaderElection79: begin an election at term 5 for 0: [99b77255-435a-4470-bbcd-054d51502fb4:192.168.69.125:39830, fef3bd8d-d922-47de-a285-b5c5b7637dd8:192.168.69.125:38606, 673f1e0c-3588-4517-a646-879dbe70b429:192.168.69.125:36334], old=null
2019-09-09 16:56:28,084 [673f1e0c-3588-4517-a646-879dbe70b429@group-B5582974CC04:LeaderElection79] INFO  impl.LeaderElection (LogUtils.java:infoOrTrace(149)) - 673f1e0c-3588-4517-a646-879dbe70b429@group-B5582974CC04:LeaderElection79 got exception when requesting votes: {}
java.util.concurrent.ExecutionException: org.apache.ratis.thirdparty.io.grpc.StatusRuntimeException: UNAVAILABLE: io exception
	at java.util.concurrent.FutureTask.report(FutureTask.java:122)
	at java.util.concurrent.FutureTask.get(FutureTask.java:192)
	at org.apache.ratis.server.impl.LeaderElection.waitForResults(LeaderElection.java:263)
	at org.apache.ratis.server.impl.LeaderElection.askForVotes(LeaderElection.java:201)
	at org.apache.ratis.server.impl.LeaderElection.run(LeaderElection.java:133)
	at java.lang.Thread.run(Thread.java:748)
Caused by: org.apache.ratis.thirdparty.io.grpc.StatusRuntimeException: UNAVAILABLE: io exception
	at org.apache.ratis.thirdparty.io.grpc.stub.ClientCalls.toStatusRuntimeException(ClientCalls.java:233)
	at org.apache.ratis.thirdparty.io.grpc.stub.ClientCalls.getUnchecked(ClientCalls.java:214)
	at org.apache.ratis.thirdparty.io.grpc.stub.ClientCalls.blockingUnaryCall(ClientCalls.java:139)
	at org.apache.ratis.proto.grpc.RaftServerProtocolServiceGrpc$RaftServerProtocolServiceBlockingStub.requestVote(RaftServerProtocolServiceGrpc.java:265)
	at org.apache.ratis.grpc.server.GrpcServerProtocolClient.requestVote(GrpcServerProtocolClient.java:90)
	at org.apache.ratis.grpc.server.GrpcService.requestVote(GrpcService.java:204)
	at org.apache.ratis.server.impl.LeaderElection.lambda$submitRequests$1(LeaderElection.java:238)
	at java.util.concurrent.FutureTask.run(FutureTask.java:266)
	at java.util.concurrent.Executors$RunnableAdapter.call(Executors.java:511)
	at java.util.concurrent.FutureTask.run(FutureTask.java:266)
	at java.util.concurrent.ThreadPoolExecutor.runWorker(ThreadPoolExecutor.java:1149)
	at java.util.concurrent.ThreadPoolExecutor$Worker.run(ThreadPoolExecutor.java:624)
	... 1 more
Caused by: org.apache.ratis.thirdparty.io.netty.channel.AbstractChannel$AnnotatedConnectException: Connection refused: /192.168.69.125:38606
	at sun.nio.ch.SocketChannelImpl.checkConnect(Native Method)
	at sun.nio.ch.SocketChannelImpl.finishConnect(SocketChannelImpl.java:717)
	at org.apache.ratis.thirdparty.io.netty.channel.socket.nio.NioSocketChannel.doFinishConnect(NioSocketChannel.java:327)
	at org.apache.ratis.thirdparty.io.netty.channel.nio.AbstractNioChannel$AbstractNioUnsafe.finishConnect(AbstractNioChannel.java:340)
	at org.apache.ratis.thirdparty.io.netty.channel.nio.NioEventLoop.processSelectedKey(NioEventLoop.java:632)
	at org.apache.ratis.thirdparty.io.netty.channel.nio.NioEventLoop.processSelectedKeysOptimized(NioEventLoop.java:579)
	at org.apache.ratis.thirdparty.io.netty.channel.nio.NioEventLoop.processSelectedKeys(NioEventLoop.java:496)
	at org.apache.ratis.thirdparty.io.netty.channel.nio.NioEventLoop.run(NioEventLoop.java:458)
	at org.apache.ratis.thirdparty.io.netty.util.concurrent.SingleThreadEventExecutor$5.run(SingleThreadEventExecutor.java:897)
	at org.apache.ratis.thirdparty.io.netty.util.concurrent.FastThreadLocalRunnable.run(FastThreadLocalRunnable.java:30)
	... 1 more
Caused by: java.net.ConnectException: Connection refused
	... 11 more
2019-09-09 16:56:28,084 [99b77255-435a-4470-bbcd-054d51502fb4@group-B5582974CC04:LeaderElection80] INFO  impl.LeaderElection (LogUtils.java:infoOrTrace(149)) - 99b77255-435a-4470-bbcd-054d51502fb4@group-B5582974CC04:LeaderElection80 got exception when requesting votes: {}
java.util.concurrent.ExecutionException: org.apache.ratis.thirdparty.io.grpc.StatusRuntimeException: UNAVAILABLE: io exception
	at java.util.concurrent.FutureTask.report(FutureTask.java:122)
	at java.util.concurrent.FutureTask.get(FutureTask.java:192)
	at org.apache.ratis.server.impl.LeaderElection.waitForResults(LeaderElection.java:263)
	at org.apache.ratis.server.impl.LeaderElection.askForVotes(LeaderElection.java:201)
	at org.apache.ratis.server.impl.LeaderElection.run(LeaderElection.java:133)
	at java.lang.Thread.run(Thread.java:748)
Caused by: org.apache.ratis.thirdparty.io.grpc.StatusRuntimeException: UNAVAILABLE: io exception
	at org.apache.ratis.thirdparty.io.grpc.stub.ClientCalls.toStatusRuntimeException(ClientCalls.java:233)
	at org.apache.ratis.thirdparty.io.grpc.stub.ClientCalls.getUnchecked(ClientCalls.java:214)
	at org.apache.ratis.thirdparty.io.grpc.stub.ClientCalls.blockingUnaryCall(ClientCalls.java:139)
	at org.apache.ratis.proto.grpc.RaftServerProtocolServiceGrpc$RaftServerProtocolServiceBlockingStub.requestVote(RaftServerProtocolServiceGrpc.java:265)
	at org.apache.ratis.grpc.server.GrpcServerProtocolClient.requestVote(GrpcServerProtocolClient.java:90)
	at org.apache.ratis.grpc.server.GrpcService.requestVote(GrpcService.java:204)
	at org.apache.ratis.server.impl.LeaderElection.lambda$submitRequests$1(LeaderElection.java:238)
	at java.util.concurrent.FutureTask.run(FutureTask.java:266)
	at java.util.concurrent.Executors$RunnableAdapter.call(Executors.java:511)
	at java.util.concurrent.FutureTask.run(FutureTask.java:266)
	at java.util.concurrent.ThreadPoolExecutor.runWorker(ThreadPoolExecutor.java:1149)
	at java.util.concurrent.ThreadPoolExecutor$Worker.run(ThreadPoolExecutor.java:624)
	... 1 more
Caused by: org.apache.ratis.thirdparty.io.netty.channel.AbstractChannel$AnnotatedConnectException: Connection refused: /192.168.69.125:38606
	at sun.nio.ch.SocketChannelImpl.checkConnect(Native Method)
	at sun.nio.ch.SocketChannelImpl.finishConnect(SocketChannelImpl.java:717)
	at org.apache.ratis.thirdparty.io.netty.channel.socket.nio.NioSocketChannel.doFinishConnect(NioSocketChannel.java:327)
	at org.apache.ratis.thirdparty.io.netty.channel.nio.AbstractNioChannel$AbstractNioUnsafe.finishConnect(AbstractNioChannel.java:340)
	at org.apache.ratis.thirdparty.io.netty.channel.nio.NioEventLoop.processSelectedKey(NioEventLoop.java:632)
	at org.apache.ratis.thirdparty.io.netty.channel.nio.NioEventLoop.processSelectedKeysOptimized(NioEventLoop.java:579)
	at org.apache.ratis.thirdparty.io.netty.channel.nio.NioEventLoop.processSelectedKeys(NioEventLoop.java:496)
	at org.apache.ratis.thirdparty.io.netty.channel.nio.NioEventLoop.run(NioEventLoop.java:458)
	at org.apache.ratis.thirdparty.io.netty.util.concurrent.SingleThreadEventExecutor$5.run(SingleThreadEventExecutor.java:897)
	at org.apache.ratis.thirdparty.io.netty.util.concurrent.FastThreadLocalRunnable.run(FastThreadLocalRunnable.java:30)
	... 1 more
Caused by: java.net.ConnectException: Connection refused
	... 11 more
2019-09-09 16:56:28,092 [673f1e0c-3588-4517-a646-879dbe70b429@group-B5582974CC04:LeaderElection79] INFO  impl.LeaderElection (LeaderElection.java:logAndReturn(56)) - 673f1e0c-3588-4517-a646-879dbe70b429@group-B5582974CC04:LeaderElection79: Election REJECTED; received 1 response(s) [673f1e0c-3588-4517-a646-879dbe70b429<-99b77255-435a-4470-bbcd-054d51502fb4#0:FAIL-t5] and 1 exception(s); 673f1e0c-3588-4517-a646-879dbe70b429@group-B5582974CC04:t5, leader=null, voted=673f1e0c-3588-4517-a646-879dbe70b429, raftlog=673f1e0c-3588-4517-a646-879dbe70b429@group-B5582974CC04-SegmentedRaftLog:OPENED:c15,f15,i15, conf=0: [99b77255-435a-4470-bbcd-054d51502fb4:192.168.69.125:39830, fef3bd8d-d922-47de-a285-b5c5b7637dd8:192.168.69.125:38606, 673f1e0c-3588-4517-a646-879dbe70b429:192.168.69.125:36334], old=null
2019-09-09 16:56:28,093 [99b77255-435a-4470-bbcd-054d51502fb4@group-B5582974CC04:LeaderElection80] INFO  impl.LeaderElection (LeaderElection.java:logAndReturn(56)) - 99b77255-435a-4470-bbcd-054d51502fb4@group-B5582974CC04:LeaderElection80: Election REJECTED; received 1 response(s) [99b77255-435a-4470-bbcd-054d51502fb4<-673f1e0c-3588-4517-a646-879dbe70b429#0:FAIL-t5] and 1 exception(s); 99b77255-435a-4470-bbcd-054d51502fb4@group-B5582974CC04:t5, leader=null, voted=99b77255-435a-4470-bbcd-054d51502fb4, raftlog=99b77255-435a-4470-bbcd-054d51502fb4@group-B5582974CC04-SegmentedRaftLog:OPENED:c15,f15,i15, conf=0: [99b77255-435a-4470-bbcd-054d51502fb4:192.168.69.125:39830, fef3bd8d-d922-47de-a285-b5c5b7637dd8:192.168.69.125:38606, 673f1e0c-3588-4517-a646-879dbe70b429:192.168.69.125:36334], old=null
2019-09-09 16:56:28,093 [673f1e0c-3588-4517-a646-879dbe70b429@group-B5582974CC04:LeaderElection79] INFO  impl.LeaderElection (LogUtils.java:infoOrTrace(149)) -   Exception 0: {}
java.util.concurrent.ExecutionException: org.apache.ratis.thirdparty.io.grpc.StatusRuntimeException: UNAVAILABLE: io exception
	at java.util.concurrent.FutureTask.report(FutureTask.java:122)
	at java.util.concurrent.FutureTask.get(FutureTask.java:192)
	at org.apache.ratis.server.impl.LeaderElection.waitForResults(LeaderElection.java:263)
	at org.apache.ratis.server.impl.LeaderElection.askForVotes(LeaderElection.java:201)
	at org.apache.ratis.server.impl.LeaderElection.run(LeaderElection.java:133)
	at java.lang.Thread.run(Thread.java:748)
Caused by: org.apache.ratis.thirdparty.io.grpc.StatusRuntimeException: UNAVAILABLE: io exception
	at org.apache.ratis.thirdparty.io.grpc.stub.ClientCalls.toStatusRuntimeException(ClientCalls.java:233)
	at org.apache.ratis.thirdparty.io.grpc.stub.ClientCalls.getUnchecked(ClientCalls.java:214)
	at org.apache.ratis.thirdparty.io.grpc.stub.ClientCalls.blockingUnaryCall(ClientCalls.java:139)
	at org.apache.ratis.proto.grpc.RaftServerProtocolServiceGrpc$RaftServerProtocolServiceBlockingStub.requestVote(RaftServerProtocolServiceGrpc.java:265)
	at org.apache.ratis.grpc.server.GrpcServerProtocolClient.requestVote(GrpcServerProtocolClient.java:90)
	at org.apache.ratis.grpc.server.GrpcService.requestVote(GrpcService.java:204)
	at org.apache.ratis.server.impl.LeaderElection.lambda$submitRequests$1(LeaderElection.java:238)
	at java.util.concurrent.FutureTask.run(FutureTask.java:266)
	at java.util.concurrent.Executors$RunnableAdapter.call(Executors.java:511)
	at java.util.concurrent.FutureTask.run(FutureTask.java:266)
	at java.util.concurrent.ThreadPoolExecutor.runWorker(ThreadPoolExecutor.java:1149)
	at java.util.concurrent.ThreadPoolExecutor$Worker.run(ThreadPoolExecutor.java:624)
	... 1 more
Caused by: org.apache.ratis.thirdparty.io.netty.channel.AbstractChannel$AnnotatedConnectException: Connection refused: /192.168.69.125:38606
	at sun.nio.ch.SocketChannelImpl.checkConnect(Native Method)
	at sun.nio.ch.SocketChannelImpl.finishConnect(SocketChannelImpl.java:717)
	at org.apache.ratis.thirdparty.io.netty.channel.socket.nio.NioSocketChannel.doFinishConnect(NioSocketChannel.java:327)
	at org.apache.ratis.thirdparty.io.netty.channel.nio.AbstractNioChannel$AbstractNioUnsafe.finishConnect(AbstractNioChannel.java:340)
	at org.apache.ratis.thirdparty.io.netty.channel.nio.NioEventLoop.processSelectedKey(NioEventLoop.java:632)
	at org.apache.ratis.thirdparty.io.netty.channel.nio.NioEventLoop.processSelectedKeysOptimized(NioEventLoop.java:579)
	at org.apache.ratis.thirdparty.io.netty.channel.nio.NioEventLoop.processSelectedKeys(NioEventLoop.java:496)
	at org.apache.ratis.thirdparty.io.netty.channel.nio.NioEventLoop.run(NioEventLoop.java:458)
	at org.apache.ratis.thirdparty.io.netty.util.concurrent.SingleThreadEventExecutor$5.run(SingleThreadEventExecutor.java:897)
	at org.apache.ratis.thirdparty.io.netty.util.concurrent.FastThreadLocalRunnable.run(FastThreadLocalRunnable.java:30)
	... 1 more
Caused by: java.net.ConnectException: Connection refused
	... 11 more
2019-09-09 16:56:28,093 [99b77255-435a-4470-bbcd-054d51502fb4@group-B5582974CC04:LeaderElection80] INFO  impl.LeaderElection (LogUtils.java:infoOrTrace(149)) -   Exception 0: {}
java.util.concurrent.ExecutionException: org.apache.ratis.thirdparty.io.grpc.StatusRuntimeException: UNAVAILABLE: io exception
	at java.util.concurrent.FutureTask.report(FutureTask.java:122)
	at java.util.concurrent.FutureTask.get(FutureTask.java:192)
	at org.apache.ratis.server.impl.LeaderElection.waitForResults(LeaderElection.java:263)
	at org.apache.ratis.server.impl.LeaderElection.askForVotes(LeaderElection.java:201)
	at org.apache.ratis.server.impl.LeaderElection.run(LeaderElection.java:133)
	at java.lang.Thread.run(Thread.java:748)
Caused by: org.apache.ratis.thirdparty.io.grpc.StatusRuntimeException: UNAVAILABLE: io exception
	at org.apache.ratis.thirdparty.io.grpc.stub.ClientCalls.toStatusRuntimeException(ClientCalls.java:233)
	at org.apache.ratis.thirdparty.io.grpc.stub.ClientCalls.getUnchecked(ClientCalls.java:214)
	at org.apache.ratis.thirdparty.io.grpc.stub.ClientCalls.blockingUnaryCall(ClientCalls.java:139)
	at org.apache.ratis.proto.grpc.RaftServerProtocolServiceGrpc$RaftServerProtocolServiceBlockingStub.requestVote(RaftServerProtocolServiceGrpc.java:265)
	at org.apache.ratis.grpc.server.GrpcServerProtocolClient.requestVote(GrpcServerProtocolClient.java:90)
	at org.apache.ratis.grpc.server.GrpcService.requestVote(GrpcService.java:204)
	at org.apache.ratis.server.impl.LeaderElection.lambda$submitRequests$1(LeaderElection.java:238)
	at java.util.concurrent.FutureTask.run(FutureTask.java:266)
	at java.util.concurrent.Executors$RunnableAdapter.call(Executors.java:511)
	at java.util.concurrent.FutureTask.run(FutureTask.java:266)
	at java.util.concurrent.ThreadPoolExecutor.runWorker(ThreadPoolExecutor.java:1149)
	at java.util.concurrent.ThreadPoolExecutor$Worker.run(ThreadPoolExecutor.java:624)
	... 1 more
Caused by: org.apache.ratis.thirdparty.io.netty.channel.AbstractChannel$AnnotatedConnectException: Connection refused: /192.168.69.125:38606
	at sun.nio.ch.SocketChannelImpl.checkConnect(Native Method)
	at sun.nio.ch.SocketChannelImpl.finishConnect(SocketChannelImpl.java:717)
	at org.apache.ratis.thirdparty.io.netty.channel.socket.nio.NioSocketChannel.doFinishConnect(NioSocketChannel.java:327)
	at org.apache.ratis.thirdparty.io.netty.channel.nio.AbstractNioChannel$AbstractNioUnsafe.finishConnect(AbstractNioChannel.java:340)
	at org.apache.ratis.thirdparty.io.netty.channel.nio.NioEventLoop.processSelectedKey(NioEventLoop.java:632)
	at org.apache.ratis.thirdparty.io.netty.channel.nio.NioEventLoop.processSelectedKeysOptimized(NioEventLoop.java:579)
	at org.apache.ratis.thirdparty.io.netty.channel.nio.NioEventLoop.processSelectedKeys(NioEventLoop.java:496)
	at org.apache.ratis.thirdparty.io.netty.channel.nio.NioEventLoop.run(NioEventLoop.java:458)
	at org.apache.ratis.thirdparty.io.netty.util.concurrent.SingleThreadEventExecutor$5.run(SingleThreadEventExecutor.java:897)
	at org.apache.ratis.thirdparty.io.netty.util.concurrent.FastThreadLocalRunnable.run(FastThreadLocalRunnable.java:30)
	... 1 more
Caused by: java.net.ConnectException: Connection refused
	... 11 more
2019-09-09 16:56:28,095 [673f1e0c-3588-4517-a646-879dbe70b429@group-B5582974CC04:LeaderElection79] INFO  impl.RaftServerImpl (RaftServerImpl.java:setRole(174)) - 673f1e0c-3588-4517-a646-879dbe70b429@group-B5582974CC04: changes role from CANDIDATE to FOLLOWER at term 5 for DISCOVERED_A_NEW_TERM
2019-09-09 16:56:28,098 [99b77255-435a-4470-bbcd-054d51502fb4@group-B5582974CC04:LeaderElection80] INFO  impl.RaftServerImpl (RaftServerImpl.java:setRole(174)) - 99b77255-435a-4470-bbcd-054d51502fb4@group-B5582974CC04: changes role from CANDIDATE to FOLLOWER at term 5 for DISCOVERED_A_NEW_TERM
2019-09-09 16:56:28,098 [673f1e0c-3588-4517-a646-879dbe70b429@group-B5582974CC04:LeaderElection79] INFO  impl.RoleInfo (RoleInfo.java:shutdownLeaderElection(134)) - 673f1e0c-3588-4517-a646-879dbe70b429: shutdown LeaderElection
2019-09-09 16:56:28,098 [99b77255-435a-4470-bbcd-054d51502fb4@group-B5582974CC04:LeaderElection80] INFO  impl.RoleInfo (RoleInfo.java:shutdownLeaderElection(134)) - 99b77255-435a-4470-bbcd-054d51502fb4: shutdown LeaderElection
2019-09-09 16:56:28,098 [673f1e0c-3588-4517-a646-879dbe70b429@group-B5582974CC04:LeaderElection79] INFO  impl.RoleInfo (RoleInfo.java:updateAndGet(143)) - 673f1e0c-3588-4517-a646-879dbe70b429: start FollowerState
2019-09-09 16:56:28,098 [99b77255-435a-4470-bbcd-054d51502fb4@group-B5582974CC04:LeaderElection80] INFO  impl.RoleInfo (RoleInfo.java:updateAndGet(143)) - 99b77255-435a-4470-bbcd-054d51502fb4: start FollowerState
2019-09-09 16:56:28,482 [grpc-default-executor-9] INFO  client.GrpcClientProtocolClient (GrpcClientProtocolClient.java:onNext(264)) - client-A23F27EF8C76->99b77255-435a-4470-bbcd-054d51502fb4: receive RaftClientReply:client-A23F27EF8C76->99b77255-435a-4470-bbcd-054d51502fb4@group-B5582974CC04, cid=193, FAILED org.apache.ratis.protocol.NotLeaderException: Server 99b77255-435a-4470-bbcd-054d51502fb4@group-B5582974CC04 is not the leader, logIndex=0, commits[99b77255-435a-4470-bbcd-054d51502fb4:c15, fef3bd8d-d922-47de-a285-b5c5b7637dd8:c15, 673f1e0c-3588-4517-a646-879dbe70b429:c15]
2019-09-09 16:56:30,507 [grpc-default-executor-10] INFO  client.GrpcClientProtocolClient (GrpcClientProtocolClient.java:onNext(264)) - client-A23F27EF8C76->99b77255-435a-4470-bbcd-054d51502fb4: receive RaftClientReply:client-A23F27EF8C76->99b77255-435a-4470-bbcd-054d51502fb4@group-B5582974CC04, cid=193, FAILED org.apache.ratis.protocol.NotLeaderException: Server 99b77255-435a-4470-bbcd-054d51502fb4@group-B5582974CC04 is not the leader, logIndex=0, commits[99b77255-435a-4470-bbcd-054d51502fb4:c15, fef3bd8d-d922-47de-a285-b5c5b7637dd8:c15, 673f1e0c-3588-4517-a646-879dbe70b429:c15]
2019-09-09 16:56:31,518 [grpc-default-executor-10] INFO  client.GrpcClientProtocolClient (GrpcClientProtocolClient.java:onNext(264)) - client-A23F27EF8C76->673f1e0c-3588-4517-a646-879dbe70b429: receive RaftClientReply:client-A23F27EF8C76->673f1e0c-3588-4517-a646-879dbe70b429@group-B5582974CC04, cid=193, FAILED org.apache.ratis.protocol.NotLeaderException: Server 673f1e0c-3588-4517-a646-879dbe70b429@group-B5582974CC04 is not the leader, logIndex=0, commits[673f1e0c-3588-4517-a646-879dbe70b429:c15, 99b77255-435a-4470-bbcd-054d51502fb4:c15, fef3bd8d-d922-47de-a285-b5c5b7637dd8:c15]
2019-09-09 16:56:32,529 [grpc-default-executor-9] INFO  client.GrpcClientProtocolClient (GrpcClientProtocolClient.java:onNext(264)) - client-A23F27EF8C76->99b77255-435a-4470-bbcd-054d51502fb4: receive RaftClientReply:client-A23F27EF8C76->99b77255-435a-4470-bbcd-054d51502fb4@group-B5582974CC04, cid=193, FAILED org.apache.ratis.protocol.NotLeaderException: Server 99b77255-435a-4470-bbcd-054d51502fb4@group-B5582974CC04 is not the leader, logIndex=0, commits[99b77255-435a-4470-bbcd-054d51502fb4:c15, fef3bd8d-d922-47de-a285-b5c5b7637dd8:c15, 673f1e0c-3588-4517-a646-879dbe70b429:c15]
2019-09-09 16:56:33,224 [Thread-3316] INFO  impl.FollowerState (FollowerState.java:run(106)) - 99b77255-435a-4470-bbcd-054d51502fb4:group-B5582974CC04 changes to CANDIDATE, lastRpcTime:5125, electionTimeout:5125ms
2019-09-09 16:56:33,228 [Thread-3316] INFO  impl.RoleInfo (RoleInfo.java:shutdownFollowerState(121)) - 99b77255-435a-4470-bbcd-054d51502fb4: shutdown FollowerState
2019-09-09 16:56:33,228 [Thread-3316] INFO  impl.RaftServerImpl (RaftServerImpl.java:setRole(174)) - 99b77255-435a-4470-bbcd-054d51502fb4@group-B5582974CC04: changes role from  FOLLOWER to CANDIDATE at term 5 for changeToCandidate
2019-09-09 16:56:33,229 [Thread-3316] INFO  impl.RoleInfo (RoleInfo.java:updateAndGet(143)) - 99b77255-435a-4470-bbcd-054d51502fb4: start LeaderElection
2019-09-09 16:56:33,238 [Thread-3315] INFO  impl.FollowerState (FollowerState.java:run(106)) - 673f1e0c-3588-4517-a646-879dbe70b429:group-B5582974CC04 changes to CANDIDATE, lastRpcTime:5139, electionTimeout:5139ms
2019-09-09 16:56:33,240 [Thread-3315] INFO  impl.RoleInfo (RoleInfo.java:shutdownFollowerState(121)) - 673f1e0c-3588-4517-a646-879dbe70b429: shutdown FollowerState
2019-09-09 16:56:33,240 [Thread-3315] INFO  impl.RaftServerImpl (RaftServerImpl.java:setRole(174)) - 673f1e0c-3588-4517-a646-879dbe70b429@group-B5582974CC04: changes role from  FOLLOWER to CANDIDATE at term 5 for changeToCandidate
2019-09-09 16:56:33,240 [Thread-3315] INFO  impl.RoleInfo (RoleInfo.java:updateAndGet(143)) - 673f1e0c-3588-4517-a646-879dbe70b429: start LeaderElection
2019-09-09 16:56:33,255 [99b77255-435a-4470-bbcd-054d51502fb4@group-B5582974CC04:LeaderElection81] INFO  impl.LeaderElection (LeaderElection.java:askForVotes(182)) - 99b77255-435a-4470-bbcd-054d51502fb4@group-B5582974CC04:LeaderElection81: begin an election at term 6 for 0: [99b77255-435a-4470-bbcd-054d51502fb4:192.168.69.125:39830, fef3bd8d-d922-47de-a285-b5c5b7637dd8:192.168.69.125:38606, 673f1e0c-3588-4517-a646-879dbe70b429:192.168.69.125:36334], old=null
2019-09-09 16:56:33,257 [99b77255-435a-4470-bbcd-054d51502fb4@group-B5582974CC04:LeaderElection81] INFO  impl.LeaderElection (LogUtils.java:infoOrTrace(149)) - 99b77255-435a-4470-bbcd-054d51502fb4@group-B5582974CC04:LeaderElection81 got exception when requesting votes: {}
java.util.concurrent.ExecutionException: org.apache.ratis.thirdparty.io.grpc.StatusRuntimeException: UNAVAILABLE: io exception
	at java.util.concurrent.FutureTask.report(FutureTask.java:122)
	at java.util.concurrent.FutureTask.get(FutureTask.java:192)
	at org.apache.ratis.server.impl.LeaderElection.waitForResults(LeaderElection.java:263)
	at org.apache.ratis.server.impl.LeaderElection.askForVotes(LeaderElection.java:201)
	at org.apache.ratis.server.impl.LeaderElection.run(LeaderElection.java:133)
	at java.lang.Thread.run(Thread.java:748)
Caused by: org.apache.ratis.thirdparty.io.grpc.StatusRuntimeException: UNAVAILABLE: io exception
	at org.apache.ratis.thirdparty.io.grpc.stub.ClientCalls.toStatusRuntimeException(ClientCalls.java:233)
	at org.apache.ratis.thirdparty.io.grpc.stub.ClientCalls.getUnchecked(ClientCalls.java:214)
	at org.apache.ratis.thirdparty.io.grpc.stub.ClientCalls.blockingUnaryCall(ClientCalls.java:139)
	at org.apache.ratis.proto.grpc.RaftServerProtocolServiceGrpc$RaftServerProtocolServiceBlockingStub.requestVote(RaftServerProtocolServiceGrpc.java:265)
	at org.apache.ratis.grpc.server.GrpcServerProtocolClient.requestVote(GrpcServerProtocolClient.java:90)
	at org.apache.ratis.grpc.server.GrpcService.requestVote(GrpcService.java:204)
	at org.apache.ratis.server.impl.LeaderElection.lambda$submitRequests$1(LeaderElection.java:238)
	at java.util.concurrent.FutureTask.run(FutureTask.java:266)
	at java.util.concurrent.Executors$RunnableAdapter.call(Executors.java:511)
	at java.util.concurrent.FutureTask.run(FutureTask.java:266)
	at java.util.concurrent.ThreadPoolExecutor.runWorker(ThreadPoolExecutor.java:1149)
	at java.util.concurrent.ThreadPoolExecutor$Worker.run(ThreadPoolExecutor.java:624)
	... 1 more
Caused by: org.apache.ratis.thirdparty.io.netty.channel.AbstractChannel$AnnotatedConnectException: Connection refused: /192.168.69.125:38606
	at sun.nio.ch.SocketChannelImpl.checkConnect(Native Method)
	at sun.nio.ch.SocketChannelImpl.finishConnect(SocketChannelImpl.java:717)
	at org.apache.ratis.thirdparty.io.netty.channel.socket.nio.NioSocketChannel.doFinishConnect(NioSocketChannel.java:327)
	at org.apache.ratis.thirdparty.io.netty.channel.nio.AbstractNioChannel$AbstractNioUnsafe.finishConnect(AbstractNioChannel.java:340)
	at org.apache.ratis.thirdparty.io.netty.channel.nio.NioEventLoop.processSelectedKey(NioEventLoop.java:632)
	at org.apache.ratis.thirdparty.io.netty.channel.nio.NioEventLoop.processSelectedKeysOptimized(NioEventLoop.java:579)
	at org.apache.ratis.thirdparty.io.netty.channel.nio.NioEventLoop.processSelectedKeys(NioEventLoop.java:496)
	at org.apache.ratis.thirdparty.io.netty.channel.nio.NioEventLoop.run(NioEventLoop.java:458)
	at org.apache.ratis.thirdparty.io.netty.util.concurrent.SingleThreadEventExecutor$5.run(SingleThreadEventExecutor.java:897)
	at org.apache.ratis.thirdparty.io.netty.util.concurrent.FastThreadLocalRunnable.run(FastThreadLocalRunnable.java:30)
	... 1 more
Caused by: java.net.ConnectException: Connection refused
	... 11 more
2019-09-09 16:56:33,267 [673f1e0c-3588-4517-a646-879dbe70b429@group-B5582974CC04:LeaderElection82] INFO  impl.LeaderElection (LeaderElection.java:askForVotes(182)) - 673f1e0c-3588-4517-a646-879dbe70b429@group-B5582974CC04:LeaderElection82: begin an election at term 6 for 0: [99b77255-435a-4470-bbcd-054d51502fb4:192.168.69.125:39830, fef3bd8d-d922-47de-a285-b5c5b7637dd8:192.168.69.125:38606, 673f1e0c-3588-4517-a646-879dbe70b429:192.168.69.125:36334], old=null
2019-09-09 16:56:33,268 [673f1e0c-3588-4517-a646-879dbe70b429@group-B5582974CC04:LeaderElection82] INFO  impl.LeaderElection (LogUtils.java:infoOrTrace(149)) - 673f1e0c-3588-4517-a646-879dbe70b429@group-B5582974CC04:LeaderElection82 got exception when requesting votes: {}
java.util.concurrent.ExecutionException: org.apache.ratis.thirdparty.io.grpc.StatusRuntimeException: UNAVAILABLE: io exception
	at java.util.concurrent.FutureTask.report(FutureTask.java:122)
	at java.util.concurrent.FutureTask.get(FutureTask.java:192)
	at org.apache.ratis.server.impl.LeaderElection.waitForResults(LeaderElection.java:263)
	at org.apache.ratis.server.impl.LeaderElection.askForVotes(LeaderElection.java:201)
	at org.apache.ratis.server.impl.LeaderElection.run(LeaderElection.java:133)
	at java.lang.Thread.run(Thread.java:748)
Caused by: org.apache.ratis.thirdparty.io.grpc.StatusRuntimeException: UNAVAILABLE: io exception
	at org.apache.ratis.thirdparty.io.grpc.stub.ClientCalls.toStatusRuntimeException(ClientCalls.java:233)
	at org.apache.ratis.thirdparty.io.grpc.stub.ClientCalls.getUnchecked(ClientCalls.java:214)
	at org.apache.ratis.thirdparty.io.grpc.stub.ClientCalls.blockingUnaryCall(ClientCalls.java:139)
	at org.apache.ratis.proto.grpc.RaftServerProtocolServiceGrpc$RaftServerProtocolServiceBlockingStub.requestVote(RaftServerProtocolServiceGrpc.java:265)
	at org.apache.ratis.grpc.server.GrpcServerProtocolClient.requestVote(GrpcServerProtocolClient.java:90)
	at org.apache.ratis.grpc.server.GrpcService.requestVote(GrpcService.java:204)
	at org.apache.ratis.server.impl.LeaderElection.lambda$submitRequests$1(LeaderElection.java:238)
	at java.util.concurrent.FutureTask.run(FutureTask.java:266)
	at java.util.concurrent.Executors$RunnableAdapter.call(Executors.java:511)
	at java.util.concurrent.FutureTask.run(FutureTask.java:266)
	at java.util.concurrent.ThreadPoolExecutor.runWorker(ThreadPoolExecutor.java:1149)
	at java.util.concurrent.ThreadPoolExecutor$Worker.run(ThreadPoolExecutor.java:624)
	... 1 more
Caused by: org.apache.ratis.thirdparty.io.netty.channel.AbstractChannel$AnnotatedConnectException: Connection refused: /192.168.69.125:38606
	at sun.nio.ch.SocketChannelImpl.checkConnect(Native Method)
	at sun.nio.ch.SocketChannelImpl.finishConnect(SocketChannelImpl.java:717)
	at org.apache.ratis.thirdparty.io.netty.channel.socket.nio.NioSocketChannel.doFinishConnect(NioSocketChannel.java:327)
	at org.apache.ratis.thirdparty.io.netty.channel.nio.AbstractNioChannel$AbstractNioUnsafe.finishConnect(AbstractNioChannel.java:340)
	at org.apache.ratis.thirdparty.io.netty.channel.nio.NioEventLoop.processSelectedKey(NioEventLoop.java:632)
	at org.apache.ratis.thirdparty.io.netty.channel.nio.NioEventLoop.processSelectedKeysOptimized(NioEventLoop.java:579)
	at org.apache.ratis.thirdparty.io.netty.channel.nio.NioEventLoop.processSelectedKeys(NioEventLoop.java:496)
	at org.apache.ratis.thirdparty.io.netty.channel.nio.NioEventLoop.run(NioEventLoop.java:458)
	at org.apache.ratis.thirdparty.io.netty.util.concurrent.SingleThreadEventExecutor$5.run(SingleThreadEventExecutor.java:897)
	at org.apache.ratis.thirdparty.io.netty.util.concurrent.FastThreadLocalRunnable.run(FastThreadLocalRunnable.java:30)
	... 1 more
Caused by: java.net.ConnectException: Connection refused
	... 11 more
2019-09-09 16:56:33,268 [99b77255-435a-4470-bbcd-054d51502fb4@group-B5582974CC04:LeaderElection81] INFO  impl.LeaderElection (LeaderElection.java:logAndReturn(56)) - 99b77255-435a-4470-bbcd-054d51502fb4@group-B5582974CC04:LeaderElection81: Election REJECTED; received 1 response(s) [99b77255-435a-4470-bbcd-054d51502fb4<-673f1e0c-3588-4517-a646-879dbe70b429#0:FAIL-t6] and 1 exception(s); 99b77255-435a-4470-bbcd-054d51502fb4@group-B5582974CC04:t6, leader=null, voted=99b77255-435a-4470-bbcd-054d51502fb4, raftlog=99b77255-435a-4470-bbcd-054d51502fb4@group-B5582974CC04-SegmentedRaftLog:OPENED:c15,f15,i15, conf=0: [99b77255-435a-4470-bbcd-054d51502fb4:192.168.69.125:39830, fef3bd8d-d922-47de-a285-b5c5b7637dd8:192.168.69.125:38606, 673f1e0c-3588-4517-a646-879dbe70b429:192.168.69.125:36334], old=null
2019-09-09 16:56:33,271 [99b77255-435a-4470-bbcd-054d51502fb4@group-B5582974CC04:LeaderElection81] INFO  impl.LeaderElection (LogUtils.java:infoOrTrace(149)) -   Exception 0: {}
java.util.concurrent.ExecutionException: org.apache.ratis.thirdparty.io.grpc.StatusRuntimeException: UNAVAILABLE: io exception
	at java.util.concurrent.FutureTask.report(FutureTask.java:122)
	at java.util.concurrent.FutureTask.get(FutureTask.java:192)
	at org.apache.ratis.server.impl.LeaderElection.waitForResults(LeaderElection.java:263)
	at org.apache.ratis.server.impl.LeaderElection.askForVotes(LeaderElection.java:201)
	at org.apache.ratis.server.impl.LeaderElection.run(LeaderElection.java:133)
	at java.lang.Thread.run(Thread.java:748)
Caused by: org.apache.ratis.thirdparty.io.grpc.StatusRuntimeException: UNAVAILABLE: io exception
	at org.apache.ratis.thirdparty.io.grpc.stub.ClientCalls.toStatusRuntimeException(ClientCalls.java:233)
	at org.apache.ratis.thirdparty.io.grpc.stub.ClientCalls.getUnchecked(ClientCalls.java:214)
	at org.apache.ratis.thirdparty.io.grpc.stub.ClientCalls.blockingUnaryCall(ClientCalls.java:139)
	at org.apache.ratis.proto.grpc.RaftServerProtocolServiceGrpc$RaftServerProtocolServiceBlockingStub.requestVote(RaftServerProtocolServiceGrpc.java:265)
	at org.apache.ratis.grpc.server.GrpcServerProtocolClient.requestVote(GrpcServerProtocolClient.java:90)
	at org.apache.ratis.grpc.server.GrpcService.requestVote(GrpcService.java:204)
	at org.apache.ratis.server.impl.LeaderElection.lambda$submitRequests$1(LeaderElection.java:238)
	at java.util.concurrent.FutureTask.run(FutureTask.java:266)
	at java.util.concurrent.Executors$RunnableAdapter.call(Executors.java:511)
	at java.util.concurrent.FutureTask.run(FutureTask.java:266)
	at java.util.concurrent.ThreadPoolExecutor.runWorker(ThreadPoolExecutor.java:1149)
	at java.util.concurrent.ThreadPoolExecutor$Worker.run(ThreadPoolExecutor.java:624)
	... 1 more
Caused by: org.apache.ratis.thirdparty.io.netty.channel.AbstractChannel$AnnotatedConnectException: Connection refused: /192.168.69.125:38606
	at sun.nio.ch.SocketChannelImpl.checkConnect(Native Method)
	at sun.nio.ch.SocketChannelImpl.finishConnect(SocketChannelImpl.java:717)
	at org.apache.ratis.thirdparty.io.netty.channel.socket.nio.NioSocketChannel.doFinishConnect(NioSocketChannel.java:327)
	at org.apache.ratis.thirdparty.io.netty.channel.nio.AbstractNioChannel$AbstractNioUnsafe.finishConnect(AbstractNioChannel.java:340)
	at org.apache.ratis.thirdparty.io.netty.channel.nio.NioEventLoop.processSelectedKey(NioEventLoop.java:632)
	at org.apache.ratis.thirdparty.io.netty.channel.nio.NioEventLoop.processSelectedKeysOptimized(NioEventLoop.java:579)
	at org.apache.ratis.thirdparty.io.netty.channel.nio.NioEventLoop.processSelectedKeys(NioEventLoop.java:496)
	at org.apache.ratis.thirdparty.io.netty.channel.nio.NioEventLoop.run(NioEventLoop.java:458)
	at org.apache.ratis.thirdparty.io.netty.util.concurrent.SingleThreadEventExecutor$5.run(SingleThreadEventExecutor.java:897)
	at org.apache.ratis.thirdparty.io.netty.util.concurrent.FastThreadLocalRunnable.run(FastThreadLocalRunnable.java:30)
	... 1 more
Caused by: java.net.ConnectException: Connection refused
	... 11 more
2019-09-09 16:56:33,272 [99b77255-435a-4470-bbcd-054d51502fb4@group-B5582974CC04:LeaderElection81] INFO  impl.RaftServerImpl (RaftServerImpl.java:setRole(174)) - 99b77255-435a-4470-bbcd-054d51502fb4@group-B5582974CC04: changes role from CANDIDATE to FOLLOWER at term 6 for DISCOVERED_A_NEW_TERM
2019-09-09 16:56:33,272 [99b77255-435a-4470-bbcd-054d51502fb4@group-B5582974CC04:LeaderElection81] INFO  impl.RoleInfo (RoleInfo.java:shutdownLeaderElection(134)) - 99b77255-435a-4470-bbcd-054d51502fb4: shutdown LeaderElection
2019-09-09 16:56:33,272 [673f1e0c-3588-4517-a646-879dbe70b429@group-B5582974CC04:LeaderElection82] INFO  impl.LeaderElection (LeaderElection.java:logAndReturn(56)) - 673f1e0c-3588-4517-a646-879dbe70b429@group-B5582974CC04:LeaderElection82: Election REJECTED; received 1 response(s) [673f1e0c-3588-4517-a646-879dbe70b429<-99b77255-435a-4470-bbcd-054d51502fb4#0:FAIL-t6] and 1 exception(s); 673f1e0c-3588-4517-a646-879dbe70b429@group-B5582974CC04:t6, leader=null, voted=673f1e0c-3588-4517-a646-879dbe70b429, raftlog=673f1e0c-3588-4517-a646-879dbe70b429@group-B5582974CC04-SegmentedRaftLog:OPENED:c15,f15,i15, conf=0: [99b77255-435a-4470-bbcd-054d51502fb4:192.168.69.125:39830, fef3bd8d-d922-47de-a285-b5c5b7637dd8:192.168.69.125:38606, 673f1e0c-3588-4517-a646-879dbe70b429:192.168.69.125:36334], old=null
2019-09-09 16:56:33,275 [99b77255-435a-4470-bbcd-054d51502fb4@group-B5582974CC04:LeaderElection81] INFO  impl.RoleInfo (RoleInfo.java:updateAndGet(143)) - 99b77255-435a-4470-bbcd-054d51502fb4: start FollowerState
2019-09-09 16:56:33,275 [673f1e0c-3588-4517-a646-879dbe70b429@group-B5582974CC04:LeaderElection82] INFO  impl.LeaderElection (LogUtils.java:infoOrTrace(149)) -   Exception 0: {}
java.util.concurrent.ExecutionException: org.apache.ratis.thirdparty.io.grpc.StatusRuntimeException: UNAVAILABLE: io exception
	at java.util.concurrent.FutureTask.report(FutureTask.java:122)
	at java.util.concurrent.FutureTask.get(FutureTask.java:192)
	at org.apache.ratis.server.impl.LeaderElection.waitForResults(LeaderElection.java:263)
	at org.apache.ratis.server.impl.LeaderElection.askForVotes(LeaderElection.java:201)
	at org.apache.ratis.server.impl.LeaderElection.run(LeaderElection.java:133)
	at java.lang.Thread.run(Thread.java:748)
Caused by: org.apache.ratis.thirdparty.io.grpc.StatusRuntimeException: UNAVAILABLE: io exception
	at org.apache.ratis.thirdparty.io.grpc.stub.ClientCalls.toStatusRuntimeException(ClientCalls.java:233)
	at org.apache.ratis.thirdparty.io.grpc.stub.ClientCalls.getUnchecked(ClientCalls.java:214)
	at org.apache.ratis.thirdparty.io.grpc.stub.ClientCalls.blockingUnaryCall(ClientCalls.java:139)
	at org.apache.ratis.proto.grpc.RaftServerProtocolServiceGrpc$RaftServerProtocolServiceBlockingStub.requestVote(RaftServerProtocolServiceGrpc.java:265)
	at org.apache.ratis.grpc.server.GrpcServerProtocolClient.requestVote(GrpcServerProtocolClient.java:90)
	at org.apache.ratis.grpc.server.GrpcService.requestVote(GrpcService.java:204)
	at org.apache.ratis.server.impl.LeaderElection.lambda$submitRequests$1(LeaderElection.java:238)
	at java.util.concurrent.FutureTask.run(FutureTask.java:266)
	at java.util.concurrent.Executors$RunnableAdapter.call(Executors.java:511)
	at java.util.concurrent.FutureTask.run(FutureTask.java:266)
	at java.util.concurrent.ThreadPoolExecutor.runWorker(ThreadPoolExecutor.java:1149)
	at java.util.concurrent.ThreadPoolExecutor$Worker.run(ThreadPoolExecutor.java:624)
	... 1 more
Caused by: org.apache.ratis.thirdparty.io.netty.channel.AbstractChannel$AnnotatedConnectException: Connection refused: /192.168.69.125:38606
	at sun.nio.ch.SocketChannelImpl.checkConnect(Native Method)
	at sun.nio.ch.SocketChannelImpl.finishConnect(SocketChannelImpl.java:717)
	at org.apache.ratis.thirdparty.io.netty.channel.socket.nio.NioSocketChannel.doFinishConnect(NioSocketChannel.java:327)
	at org.apache.ratis.thirdparty.io.netty.channel.nio.AbstractNioChannel$AbstractNioUnsafe.finishConnect(AbstractNioChannel.java:340)
	at org.apache.ratis.thirdparty.io.netty.channel.nio.NioEventLoop.processSelectedKey(NioEventLoop.java:632)
	at org.apache.ratis.thirdparty.io.netty.channel.nio.NioEventLoop.processSelectedKeysOptimized(NioEventLoop.java:579)
	at org.apache.ratis.thirdparty.io.netty.channel.nio.NioEventLoop.processSelectedKeys(NioEventLoop.java:496)
	at org.apache.ratis.thirdparty.io.netty.channel.nio.NioEventLoop.run(NioEventLoop.java:458)
	at org.apache.ratis.thirdparty.io.netty.util.concurrent.SingleThreadEventExecutor$5.run(SingleThreadEventExecutor.java:897)
	at org.apache.ratis.thirdparty.io.netty.util.concurrent.FastThreadLocalRunnable.run(FastThreadLocalRunnable.java:30)
	... 1 more
Caused by: java.net.ConnectException: Connection refused
	... 11 more
2019-09-09 16:56:33,278 [673f1e0c-3588-4517-a646-879dbe70b429@group-B5582974CC04:LeaderElection82] INFO  impl.RaftServerImpl (RaftServerImpl.java:setRole(174)) - 673f1e0c-3588-4517-a646-879dbe70b429@group-B5582974CC04: changes role from CANDIDATE to FOLLOWER at term 6 for DISCOVERED_A_NEW_TERM
2019-09-09 16:56:33,278 [673f1e0c-3588-4517-a646-879dbe70b429@group-B5582974CC04:LeaderElection82] INFO  impl.RoleInfo (RoleInfo.java:shutdownLeaderElection(134)) - 673f1e0c-3588-4517-a646-879dbe70b429: shutdown LeaderElection
2019-09-09 16:56:33,278 [673f1e0c-3588-4517-a646-879dbe70b429@group-B5582974CC04:LeaderElection82] INFO  impl.RoleInfo (RoleInfo.java:updateAndGet(143)) - 673f1e0c-3588-4517-a646-879dbe70b429: start FollowerState
2019-09-09 16:56:33,992 [grpc-default-executor-9] INFO  client.GrpcClientProtocolClient (GrpcClientProtocolClient.java:onNext(264)) - client-A23F27EF8C76->673f1e0c-3588-4517-a646-879dbe70b429: receive RaftClientReply:client-A23F27EF8C76->673f1e0c-3588-4517-a646-879dbe70b429@group-B5582974CC04, cid=193, FAILED org.apache.ratis.protocol.NotLeaderException: Server 673f1e0c-3588-4517-a646-879dbe70b429@group-B5582974CC04 is not the leader, logIndex=0, commits[673f1e0c-3588-4517-a646-879dbe70b429:c15, 99b77255-435a-4470-bbcd-054d51502fb4:c15, fef3bd8d-d922-47de-a285-b5c5b7637dd8:c15]
2019-09-09 16:56:36,032 [grpc-default-executor-9] INFO  client.GrpcClientProtocolClient (GrpcClientProtocolClient.java:onNext(264)) - client-A23F27EF8C76->673f1e0c-3588-4517-a646-879dbe70b429: receive RaftClientReply:client-A23F27EF8C76->673f1e0c-3588-4517-a646-879dbe70b429@group-B5582974CC04, cid=193, FAILED org.apache.ratis.protocol.NotLeaderException: Server 673f1e0c-3588-4517-a646-879dbe70b429@group-B5582974CC04 is not the leader, logIndex=0, commits[673f1e0c-3588-4517-a646-879dbe70b429:c15, 99b77255-435a-4470-bbcd-054d51502fb4:c15, fef3bd8d-d922-47de-a285-b5c5b7637dd8:c15]
2019-09-09 16:56:38,047 [grpc-default-executor-10] INFO  client.GrpcClientProtocolClient (GrpcClientProtocolClient.java:onNext(264)) - client-A23F27EF8C76->673f1e0c-3588-4517-a646-879dbe70b429: receive RaftClientReply:client-A23F27EF8C76->673f1e0c-3588-4517-a646-879dbe70b429@group-B5582974CC04, cid=193, FAILED org.apache.ratis.protocol.NotLeaderException: Server 673f1e0c-3588-4517-a646-879dbe70b429@group-B5582974CC04 is not the leader, logIndex=0, commits[673f1e0c-3588-4517-a646-879dbe70b429:c15, 99b77255-435a-4470-bbcd-054d51502fb4:c15, fef3bd8d-d922-47de-a285-b5c5b7637dd8:c15]
2019-09-09 16:56:38,303 [Thread-3336] INFO  impl.FollowerState (FollowerState.java:run(106)) - 99b77255-435a-4470-bbcd-054d51502fb4:group-B5582974CC04 changes to CANDIDATE, lastRpcTime:5030, electionTimeout:5025ms
2019-09-09 16:56:38,305 [Thread-3336] INFO  impl.RoleInfo (RoleInfo.java:shutdownFollowerState(121)) - 99b77255-435a-4470-bbcd-054d51502fb4: shutdown FollowerState
2019-09-09 16:56:38,305 [Thread-3336] INFO  impl.RaftServerImpl (RaftServerImpl.java:setRole(174)) - 99b77255-435a-4470-bbcd-054d51502fb4@group-B5582974CC04: changes role from  FOLLOWER to CANDIDATE at term 6 for changeToCandidate
2019-09-09 16:56:38,305 [Thread-3336] INFO  impl.RoleInfo (RoleInfo.java:updateAndGet(143)) - 99b77255-435a-4470-bbcd-054d51502fb4: start LeaderElection
2019-09-09 16:56:38,344 [99b77255-435a-4470-bbcd-054d51502fb4@group-B5582974CC04:LeaderElection83] INFO  impl.LeaderElection (LeaderElection.java:askForVotes(182)) - 99b77255-435a-4470-bbcd-054d51502fb4@group-B5582974CC04:LeaderElection83: begin an election at term 7 for 0: [99b77255-435a-4470-bbcd-054d51502fb4:192.168.69.125:39830, fef3bd8d-d922-47de-a285-b5c5b7637dd8:192.168.69.125:38606, 673f1e0c-3588-4517-a646-879dbe70b429:192.168.69.125:36334], old=null
2019-09-09 16:56:38,348 [99b77255-435a-4470-bbcd-054d51502fb4@group-B5582974CC04:LeaderElection83] INFO  impl.LeaderElection (LogUtils.java:infoOrTrace(149)) - 99b77255-435a-4470-bbcd-054d51502fb4@group-B5582974CC04:LeaderElection83 got exception when requesting votes: {}
java.util.concurrent.ExecutionException: org.apache.ratis.thirdparty.io.grpc.StatusRuntimeException: UNAVAILABLE: io exception
	at java.util.concurrent.FutureTask.report(FutureTask.java:122)
	at java.util.concurrent.FutureTask.get(FutureTask.java:192)
	at org.apache.ratis.server.impl.LeaderElection.waitForResults(LeaderElection.java:263)
	at org.apache.ratis.server.impl.LeaderElection.askForVotes(LeaderElection.java:201)
	at org.apache.ratis.server.impl.LeaderElection.run(LeaderElection.java:133)
	at java.lang.Thread.run(Thread.java:748)
Caused by: org.apache.ratis.thirdparty.io.grpc.StatusRuntimeException: UNAVAILABLE: io exception
	at org.apache.ratis.thirdparty.io.grpc.stub.ClientCalls.toStatusRuntimeException(ClientCalls.java:233)
	at org.apache.ratis.thirdparty.io.grpc.stub.ClientCalls.getUnchecked(ClientCalls.java:214)
	at org.apache.ratis.thirdparty.io.grpc.stub.ClientCalls.blockingUnaryCall(ClientCalls.java:139)
	at org.apache.ratis.proto.grpc.RaftServerProtocolServiceGrpc$RaftServerProtocolServiceBlockingStub.requestVote(RaftServerProtocolServiceGrpc.java:265)
	at org.apache.ratis.grpc.server.GrpcServerProtocolClient.requestVote(GrpcServerProtocolClient.java:90)
	at org.apache.ratis.grpc.server.GrpcService.requestVote(GrpcService.java:204)
	at org.apache.ratis.server.impl.LeaderElection.lambda$submitRequests$1(LeaderElection.java:238)
	at java.util.concurrent.FutureTask.run(FutureTask.java:266)
	at java.util.concurrent.Executors$RunnableAdapter.call(Executors.java:511)
	at java.util.concurrent.FutureTask.run(FutureTask.java:266)
	at java.util.concurrent.ThreadPoolExecutor.runWorker(ThreadPoolExecutor.java:1149)
	at java.util.concurrent.ThreadPoolExecutor$Worker.run(ThreadPoolExecutor.java:624)
	... 1 more
Caused by: org.apache.ratis.thirdparty.io.netty.channel.AbstractChannel$AnnotatedConnectException: Connection refused: /192.168.69.125:38606
	at sun.nio.ch.SocketChannelImpl.checkConnect(Native Method)
	at sun.nio.ch.SocketChannelImpl.finishConnect(SocketChannelImpl.java:717)
	at org.apache.ratis.thirdparty.io.netty.channel.socket.nio.NioSocketChannel.doFinishConnect(NioSocketChannel.java:327)
	at org.apache.ratis.thirdparty.io.netty.channel.nio.AbstractNioChannel$AbstractNioUnsafe.finishConnect(AbstractNioChannel.java:340)
	at org.apache.ratis.thirdparty.io.netty.channel.nio.NioEventLoop.processSelectedKey(NioEventLoop.java:632)
	at org.apache.ratis.thirdparty.io.netty.channel.nio.NioEventLoop.processSelectedKeysOptimized(NioEventLoop.java:579)
	at org.apache.ratis.thirdparty.io.netty.channel.nio.NioEventLoop.processSelectedKeys(NioEventLoop.java:496)
	at org.apache.ratis.thirdparty.io.netty.channel.nio.NioEventLoop.run(NioEventLoop.java:458)
	at org.apache.ratis.thirdparty.io.netty.util.concurrent.SingleThreadEventExecutor$5.run(SingleThreadEventExecutor.java:897)
	at org.apache.ratis.thirdparty.io.netty.util.concurrent.FastThreadLocalRunnable.run(FastThreadLocalRunnable.java:30)
	... 1 more
Caused by: java.net.ConnectException: Connection refused
	... 11 more
2019-09-09 16:56:38,358 [grpc-default-executor-12] INFO  impl.RaftServerImpl (RaftServerImpl.java:setRole(174)) - 673f1e0c-3588-4517-a646-879dbe70b429@group-B5582974CC04: changes role from  FOLLOWER to FOLLOWER at term 7 for recognizeCandidate:99b77255-435a-4470-bbcd-054d51502fb4
2019-09-09 16:56:38,358 [grpc-default-executor-12] INFO  impl.RoleInfo (RoleInfo.java:shutdownFollowerState(121)) - 673f1e0c-3588-4517-a646-879dbe70b429: shutdown FollowerState
2019-09-09 16:56:38,358 [grpc-default-executor-12] INFO  impl.RoleInfo (RoleInfo.java:updateAndGet(143)) - 673f1e0c-3588-4517-a646-879dbe70b429: start FollowerState
2019-09-09 16:56:38,358 [Thread-3337] INFO  impl.FollowerState (FollowerState.java:run(115)) - 673f1e0c-3588-4517-a646-879dbe70b429: FollowerState was interrupted: java.lang.InterruptedException: sleep interrupted
2019-09-09 16:56:38,379 [99b77255-435a-4470-bbcd-054d51502fb4@group-B5582974CC04:LeaderElection83] INFO  impl.LeaderElection (LeaderElection.java:logAndReturn(56)) - 99b77255-435a-4470-bbcd-054d51502fb4@group-B5582974CC04:LeaderElection83: Election PASSED; received 1 response(s) [99b77255-435a-4470-bbcd-054d51502fb4<-673f1e0c-3588-4517-a646-879dbe70b429#0:OK-t7] and 1 exception(s); 99b77255-435a-4470-bbcd-054d51502fb4@group-B5582974CC04:t7, leader=null, voted=99b77255-435a-4470-bbcd-054d51502fb4, raftlog=99b77255-435a-4470-bbcd-054d51502fb4@group-B5582974CC04-SegmentedRaftLog:OPENED:c15,f15,i15, conf=0: [99b77255-435a-4470-bbcd-054d51502fb4:192.168.69.125:39830, fef3bd8d-d922-47de-a285-b5c5b7637dd8:192.168.69.125:38606, 673f1e0c-3588-4517-a646-879dbe70b429:192.168.69.125:36334], old=null
2019-09-09 16:56:38,379 [99b77255-435a-4470-bbcd-054d51502fb4@group-B5582974CC04:LeaderElection83] INFO  impl.LeaderElection (LogUtils.java:infoOrTrace(149)) -   Exception 0: {}
java.util.concurrent.ExecutionException: org.apache.ratis.thirdparty.io.grpc.StatusRuntimeException: UNAVAILABLE: io exception
	at java.util.concurrent.FutureTask.report(FutureTask.java:122)
	at java.util.concurrent.FutureTask.get(FutureTask.java:192)
	at org.apache.ratis.server.impl.LeaderElection.waitForResults(LeaderElection.java:263)
	at org.apache.ratis.server.impl.LeaderElection.askForVotes(LeaderElection.java:201)
	at org.apache.ratis.server.impl.LeaderElection.run(LeaderElection.java:133)
	at java.lang.Thread.run(Thread.java:748)
Caused by: org.apache.ratis.thirdparty.io.grpc.StatusRuntimeException: UNAVAILABLE: io exception
	at org.apache.ratis.thirdparty.io.grpc.stub.ClientCalls.toStatusRuntimeException(ClientCalls.java:233)
	at org.apache.ratis.thirdparty.io.grpc.stub.ClientCalls.getUnchecked(ClientCalls.java:214)
	at org.apache.ratis.thirdparty.io.grpc.stub.ClientCalls.blockingUnaryCall(ClientCalls.java:139)
	at org.apache.ratis.proto.grpc.RaftServerProtocolServiceGrpc$RaftServerProtocolServiceBlockingStub.requestVote(RaftServerProtocolServiceGrpc.java:265)
	at org.apache.ratis.grpc.server.GrpcServerProtocolClient.requestVote(GrpcServerProtocolClient.java:90)
	at org.apache.ratis.grpc.server.GrpcService.requestVote(GrpcService.java:204)
	at org.apache.ratis.server.impl.LeaderElection.lambda$submitRequests$1(LeaderElection.java:238)
	at java.util.concurrent.FutureTask.run(FutureTask.java:266)
	at java.util.concurrent.Executors$RunnableAdapter.call(Executors.java:511)
	at java.util.concurrent.FutureTask.run(FutureTask.java:266)
	at java.util.concurrent.ThreadPoolExecutor.runWorker(ThreadPoolExecutor.java:1149)
	at java.util.concurrent.ThreadPoolExecutor$Worker.run(ThreadPoolExecutor.java:624)
	... 1 more
Caused by: org.apache.ratis.thirdparty.io.netty.channel.AbstractChannel$AnnotatedConnectException: Connection refused: /192.168.69.125:38606
	at sun.nio.ch.SocketChannelImpl.checkConnect(Native Method)
	at sun.nio.ch.SocketChannelImpl.finishConnect(SocketChannelImpl.java:717)
	at org.apache.ratis.thirdparty.io.netty.channel.socket.nio.NioSocketChannel.doFinishConnect(NioSocketChannel.java:327)
	at org.apache.ratis.thirdparty.io.netty.channel.nio.AbstractNioChannel$AbstractNioUnsafe.finishConnect(AbstractNioChannel.java:340)
	at org.apache.ratis.thirdparty.io.netty.channel.nio.NioEventLoop.processSelectedKey(NioEventLoop.java:632)
	at org.apache.ratis.thirdparty.io.netty.channel.nio.NioEventLoop.processSelectedKeysOptimized(NioEventLoop.java:579)
	at org.apache.ratis.thirdparty.io.netty.channel.nio.NioEventLoop.processSelectedKeys(NioEventLoop.java:496)
	at org.apache.ratis.thirdparty.io.netty.channel.nio.NioEventLoop.run(NioEventLoop.java:458)
	at org.apache.ratis.thirdparty.io.netty.util.concurrent.SingleThreadEventExecutor$5.run(SingleThreadEventExecutor.java:897)
	at org.apache.ratis.thirdparty.io.netty.util.concurrent.FastThreadLocalRunnable.run(FastThreadLocalRunnable.java:30)
	... 1 more
Caused by: java.net.ConnectException: Connection refused
	... 11 more
2019-09-09 16:56:38,379 [99b77255-435a-4470-bbcd-054d51502fb4@group-B5582974CC04:LeaderElection83] INFO  impl.RoleInfo (RoleInfo.java:shutdownLeaderElection(134)) - 99b77255-435a-4470-bbcd-054d51502fb4: shutdown LeaderElection
2019-09-09 16:56:38,379 [99b77255-435a-4470-bbcd-054d51502fb4@group-B5582974CC04:LeaderElection83] INFO  impl.RaftServerImpl (RaftServerImpl.java:setRole(174)) - 99b77255-435a-4470-bbcd-054d51502fb4@group-B5582974CC04: changes role from CANDIDATE to LEADER at term 7 for changeToLeader
2019-09-09 16:56:38,380 [99b77255-435a-4470-bbcd-054d51502fb4@group-B5582974CC04:LeaderElection83] INFO  impl.RaftServerImpl (ServerState.java:setLeader(253)) - 99b77255-435a-4470-bbcd-054d51502fb4@group-B5582974CC04: change Leader from null to 99b77255-435a-4470-bbcd-054d51502fb4 at term 7 for becomeLeader, leader elected after 15552ms
2019-09-09 16:56:38,380 [99b77255-435a-4470-bbcd-054d51502fb4@group-B5582974CC04:LeaderElection83] INFO  server.RaftServerConfigKeys (ConfUtils.java:logGet(43)) - raft.server.staging.catchup.gap = 1000 (default)
2019-09-09 16:56:38,380 [99b77255-435a-4470-bbcd-054d51502fb4@group-B5582974CC04:LeaderElection83] INFO  server.RaftServerConfigKeys (ConfUtils.java:logGet(43)) - raft.server.rpc.sleep.time = 25ms (default)
2019-09-09 16:56:38,380 [99b77255-435a-4470-bbcd-054d51502fb4@group-B5582974CC04:LeaderElection83] INFO  server.RaftServerConfigKeys (ConfUtils.java:logGet(43)) - raft.server.write.element-limit = 4096 (default)
2019-09-09 16:56:38,381 [99b77255-435a-4470-bbcd-054d51502fb4@group-B5582974CC04:LeaderElection83] INFO  server.RaftServerConfigKeys (ConfUtils.java:logGet(43)) - raft.server.watch.timeout = 10s (default)
2019-09-09 16:56:38,381 [99b77255-435a-4470-bbcd-054d51502fb4@group-B5582974CC04:LeaderElection83] INFO  server.RaftServerConfigKeys (ConfUtils.java:logGet(43)) - raft.server.watch.timeout.denomination = 1s (default)
2019-09-09 16:56:38,381 [99b77255-435a-4470-bbcd-054d51502fb4@group-B5582974CC04:LeaderElection83] INFO  server.RaftServerConfigKeys (ConfUtils.java:logGet(43)) - raft.server.watch.element-limit = 65536 (default)
2019-09-09 16:56:38,385 [99b77255-435a-4470-bbcd-054d51502fb4@group-B5582974CC04:LeaderElection83] INFO  server.RaftServerConfigKeys (ConfUtils.java:logGet(43)) - raft.server.log.appender.snapshot.chunk.size.max = 16MB (=16777216) (default)
2019-09-09 16:56:38,385 [99b77255-435a-4470-bbcd-054d51502fb4@group-B5582974CC04:LeaderElection83] INFO  server.RaftServerConfigKeys (ConfUtils.java:logGet(43)) - raft.server.log.appender.buffer.byte-limit = 33554432 (custom)
2019-09-09 16:56:38,385 [99b77255-435a-4470-bbcd-054d51502fb4@group-B5582974CC04:LeaderElection83] INFO  server.RaftServerConfigKeys (ConfUtils.java:logGet(43)) - raft.server.log.appender.buffer.element-limit = 1 (custom)
2019-09-09 16:56:38,386 [99b77255-435a-4470-bbcd-054d51502fb4@group-B5582974CC04:LeaderElection83] INFO  grpc.GrpcConfigKeys$Server (ConfUtils.java:logGet(43)) - raft.grpc.server.leader.outstanding.appends.max = 128 (default)
2019-09-09 16:56:38,386 [99b77255-435a-4470-bbcd-054d51502fb4@group-B5582974CC04:LeaderElection83] INFO  server.RaftServerConfigKeys (ConfUtils.java:logGet(43)) - raft.server.rpc.request.timeout = 3000ms (default)
2019-09-09 16:56:38,386 [99b77255-435a-4470-bbcd-054d51502fb4@group-B5582974CC04:LeaderElection83] INFO  server.RaftServerConfigKeys (ConfUtils.java:logGet(43)) - raft.server.log.appender.install.snapshot.enabled = false (custom)
2019-09-09 16:56:38,386 [99b77255-435a-4470-bbcd-054d51502fb4@group-B5582974CC04:LeaderElection83] INFO  server.RaftServerConfigKeys (ConfUtils.java:logGet(43)) - raft.server.log.appender.snapshot.chunk.size.max = 16MB (=16777216) (default)
2019-09-09 16:56:38,387 [99b77255-435a-4470-bbcd-054d51502fb4@group-B5582974CC04:LeaderElection83] INFO  server.RaftServerConfigKeys (ConfUtils.java:logGet(43)) - raft.server.log.appender.buffer.byte-limit = 33554432 (custom)
2019-09-09 16:56:38,387 [99b77255-435a-4470-bbcd-054d51502fb4@group-B5582974CC04:LeaderElection83] INFO  server.RaftServerConfigKeys (ConfUtils.java:logGet(43)) - raft.server.log.appender.buffer.element-limit = 1 (custom)
2019-09-09 16:56:38,387 [99b77255-435a-4470-bbcd-054d51502fb4@group-B5582974CC04:LeaderElection83] INFO  grpc.GrpcConfigKeys$Server (ConfUtils.java:logGet(43)) - raft.grpc.server.leader.outstanding.appends.max = 128 (default)
2019-09-09 16:56:38,387 [99b77255-435a-4470-bbcd-054d51502fb4@group-B5582974CC04:LeaderElection83] INFO  server.RaftServerConfigKeys (ConfUtils.java:logGet(43)) - raft.server.rpc.request.timeout = 3000ms (default)
2019-09-09 16:56:38,387 [99b77255-435a-4470-bbcd-054d51502fb4@group-B5582974CC04:LeaderElection83] INFO  server.RaftServerConfigKeys (ConfUtils.java:logGet(43)) - raft.server.log.appender.install.snapshot.enabled = false (custom)
2019-09-09 16:56:38,388 [99b77255-435a-4470-bbcd-054d51502fb4@group-B5582974CC04:LeaderElection83] INFO  impl.RoleInfo (RoleInfo.java:updateAndGet(143)) - 99b77255-435a-4470-bbcd-054d51502fb4: start LeaderState
2019-09-09 16:56:38,388 [99b77255-435a-4470-bbcd-054d51502fb4@group-B5582974CC04:LeaderElection83] INFO  segmented.SegmentedRaftLogWorker (SegmentedRaftLogWorker.java:rollLogSegment(385)) - 99b77255-435a-4470-bbcd-054d51502fb4@group-B5582974CC04-SegmentedRaftLogWorker: Rolling segment log-0_15 to index:15
2019-09-09 16:56:38,389 [99b77255-435a-4470-bbcd-054d51502fb4@group-B5582974CC04-SegmentedRaftLogWorker] INFO  segmented.SegmentedRaftLogWorker (SegmentedRaftLogWorker.java:execute(526)) - 99b77255-435a-4470-bbcd-054d51502fb4@group-B5582974CC04-SegmentedRaftLogWorker: Rolled log segment from /workdir/hadoop-ozone/integration-test/target/test-dir/MiniOzoneClusterImpl-159a55fc-c6c6-4d0b-a61c-0ed7c6373e46/datanode-6/data/ratis/cd5feb53-dc4d-4aaa-93b3-b5582974cc04/current/log_inprogress_0 to /workdir/hadoop-ozone/integration-test/target/test-dir/MiniOzoneClusterImpl-159a55fc-c6c6-4d0b-a61c-0ed7c6373e46/datanode-6/data/ratis/cd5feb53-dc4d-4aaa-93b3-b5582974cc04/current/log_0-15
2019-09-09 16:56:38,391 [99b77255-435a-4470-bbcd-054d51502fb4@group-B5582974CC04:LeaderElection83] INFO  impl.RaftServerImpl (ServerState.java:setRaftConf(354)) - 99b77255-435a-4470-bbcd-054d51502fb4@group-B5582974CC04: set configuration 16: [99b77255-435a-4470-bbcd-054d51502fb4:192.168.69.125:39830, fef3bd8d-d922-47de-a285-b5c5b7637dd8:192.168.69.125:38606, 673f1e0c-3588-4517-a646-879dbe70b429:192.168.69.125:36334], old=null at 16
2019-09-09 16:56:38,391 [grpc-default-executor-12] WARN  server.GrpcLogAppender (LogUtils.java:warn(134)) - 99b77255-435a-4470-bbcd-054d51502fb4@group-B5582974CC04->fef3bd8d-d922-47de-a285-b5c5b7637dd8-AppendLogResponseHandler: Failed appendEntries: org.apache.ratis.thirdparty.io.grpc.StatusRuntimeException: UNAVAILABLE: io exception
2019-09-09 16:56:38,393 [grpc-default-executor-10] INFO  impl.RaftServerImpl (ServerState.java:setLeader(253)) - 673f1e0c-3588-4517-a646-879dbe70b429@group-B5582974CC04: change Leader from null to 99b77255-435a-4470-bbcd-054d51502fb4 at term 7 for appendEntries, leader elected after 15560ms
2019-09-09 16:56:38,394 [grpc-default-executor-12] INFO  impl.FollowerInfo (FollowerInfo.java:lambda$new$0(51)) - 99b77255-435a-4470-bbcd-054d51502fb4@group-B5582974CC04->fef3bd8d-d922-47de-a285-b5c5b7637dd8: nextIndex: updateUnconditionally 16 -> 1
2019-09-09 16:56:38,396 [grpc-default-executor-12] INFO  impl.RaftServerImpl (ServerState.java:setRaftConf(354)) - 673f1e0c-3588-4517-a646-879dbe70b429@group-B5582974CC04: set configuration 16: [99b77255-435a-4470-bbcd-054d51502fb4:192.168.69.125:39830, fef3bd8d-d922-47de-a285-b5c5b7637dd8:192.168.69.125:38606, 673f1e0c-3588-4517-a646-879dbe70b429:192.168.69.125:36334], old=null at 16
2019-09-09 16:56:38,397 [grpc-default-executor-12] INFO  segmented.SegmentedRaftLogWorker (SegmentedRaftLogWorker.java:rollLogSegment(385)) - 673f1e0c-3588-4517-a646-879dbe70b429@group-B5582974CC04-SegmentedRaftLogWorker: Rolling segment log-0_15 to index:15
2019-09-09 16:56:38,397 [673f1e0c-3588-4517-a646-879dbe70b429@group-B5582974CC04-SegmentedRaftLogWorker] INFO  segmented.SegmentedRaftLogWorker (SegmentedRaftLogWorker.java:execute(526)) - 673f1e0c-3588-4517-a646-879dbe70b429@group-B5582974CC04-SegmentedRaftLogWorker: Rolled log segment from /workdir/hadoop-ozone/integration-test/target/test-dir/MiniOzoneClusterImpl-159a55fc-c6c6-4d0b-a61c-0ed7c6373e46/datanode-1/data/ratis/cd5feb53-dc4d-4aaa-93b3-b5582974cc04/current/log_inprogress_0 to /workdir/hadoop-ozone/integration-test/target/test-dir/MiniOzoneClusterImpl-159a55fc-c6c6-4d0b-a61c-0ed7c6373e46/datanode-1/data/ratis/cd5feb53-dc4d-4aaa-93b3-b5582974cc04/current/log_0-15
2019-09-09 16:56:38,446 [99b77255-435a-4470-bbcd-054d51502fb4@group-B5582974CC04-SegmentedRaftLogWorker] INFO  segmented.SegmentedRaftLogWorker (SegmentedRaftLogWorker.java:execute(569)) - 99b77255-435a-4470-bbcd-054d51502fb4@group-B5582974CC04-SegmentedRaftLogWorker: created new log segment /workdir/hadoop-ozone/integration-test/target/test-dir/MiniOzoneClusterImpl-159a55fc-c6c6-4d0b-a61c-0ed7c6373e46/datanode-6/data/ratis/cd5feb53-dc4d-4aaa-93b3-b5582974cc04/current/log_inprogress_16
2019-09-09 16:56:38,446 [673f1e0c-3588-4517-a646-879dbe70b429@group-B5582974CC04-SegmentedRaftLogWorker] INFO  segmented.SegmentedRaftLogWorker (SegmentedRaftLogWorker.java:execute(569)) - 673f1e0c-3588-4517-a646-879dbe70b429@group-B5582974CC04-SegmentedRaftLogWorker: created new log segment /workdir/hadoop-ozone/integration-test/target/test-dir/MiniOzoneClusterImpl-159a55fc-c6c6-4d0b-a61c-0ed7c6373e46/datanode-1/data/ratis/cd5feb53-dc4d-4aaa-93b3-b5582974cc04/current/log_inprogress_16
2019-09-09 16:56:38,458 [grpc-default-executor-9] WARN  server.GrpcLogAppender (LogUtils.java:warn(134)) - 99b77255-435a-4470-bbcd-054d51502fb4@group-B5582974CC04->fef3bd8d-d922-47de-a285-b5c5b7637dd8-AppendLogResponseHandler: Failed appendEntries: org.apache.ratis.thirdparty.io.grpc.StatusRuntimeException: UNAVAILABLE: io exception
2019-09-09 16:56:38,459 [grpc-default-executor-9] INFO  impl.FollowerInfo (FollowerInfo.java:lambda$new$0(51)) - 99b77255-435a-4470-bbcd-054d51502fb4@group-B5582974CC04->fef3bd8d-d922-47de-a285-b5c5b7637dd8: nextIndex: updateUnconditionally 2 -> 1
2019-09-09 16:56:40,068 [grpc-default-executor-12] INFO  client.GrpcClientProtocolClient (GrpcClientProtocolClient.java:onNext(264)) - client-A23F27EF8C76->673f1e0c-3588-4517-a646-879dbe70b429: receive RaftClientReply:client-A23F27EF8C76->673f1e0c-3588-4517-a646-879dbe70b429@group-B5582974CC04, cid=193, FAILED org.apache.ratis.protocol.NotLeaderException: Server 673f1e0c-3588-4517-a646-879dbe70b429@group-B5582974CC04 is not the leader 99b77255-435a-4470-bbcd-054d51502fb4:192.168.69.125:39830, logIndex=0, commits[673f1e0c-3588-4517-a646-879dbe70b429:c16, 99b77255-435a-4470-bbcd-054d51502fb4:c16, fef3bd8d-d922-47de-a285-b5c5b7637dd8:c15]
16:56:40.074 [grpc-default-executor-12] ERROR DNAudit - user=null | ip=null | op=WRITE_CHUNK {blockData=conID: 1 locID: 102763603685998605 bcsId: 13} | ret=FAILURE
org.apache.hadoop.hdds.scm.container.common.helpers.ContainerNotOpenException: Container 1 in CLOSING state
	at org.apache.hadoop.ozone.container.common.impl.HddsDispatcher.validateContainerCommand(HddsDispatcher.java:408) ~[hadoop-hdds-container-service-0.5.0-SNAPSHOT.jar:?]
	at org.apache.hadoop.ozone.container.common.transport.server.ratis.ContainerStateMachine.startTransaction(ContainerStateMachine.java:315) ~[hadoop-hdds-container-service-0.5.0-SNAPSHOT.jar:?]
	at org.apache.ratis.server.impl.RaftServerImpl.submitClientRequestAsync(RaftServerImpl.java:573) ~[ratis-server-0.4.0-78e95b9-SNAPSHOT.jar:0.4.0-78e95b9-SNAPSHOT]
	at org.apache.ratis.server.impl.RaftServerProxy.lambda$submitClientRequestAsync$7(RaftServerProxy.java:333) ~[ratis-server-0.4.0-78e95b9-SNAPSHOT.jar:0.4.0-78e95b9-SNAPSHOT]
	at org.apache.ratis.server.impl.RaftServerProxy.lambda$null$5(RaftServerProxy.java:328) ~[ratis-server-0.4.0-78e95b9-SNAPSHOT.jar:0.4.0-78e95b9-SNAPSHOT]
	at org.apache.ratis.util.JavaUtils.callAsUnchecked(JavaUtils.java:109) ~[ratis-common-0.4.0-78e95b9-SNAPSHOT.jar:0.4.0-78e95b9-SNAPSHOT]
	at org.apache.ratis.server.impl.RaftServerProxy.lambda$submitRequest$6(RaftServerProxy.java:328) ~[ratis-server-0.4.0-78e95b9-SNAPSHOT.jar:0.4.0-78e95b9-SNAPSHOT]
	at java.util.concurrent.CompletableFuture.uniComposeStage(CompletableFuture.java:981) ~[?:1.8.0_212]
	at java.util.concurrent.CompletableFuture.thenCompose(CompletableFuture.java:2124) ~[?:1.8.0_212]
	at org.apache.ratis.server.impl.RaftServerProxy.submitRequest(RaftServerProxy.java:327) ~[ratis-server-0.4.0-78e95b9-SNAPSHOT.jar:0.4.0-78e95b9-SNAPSHOT]
	at org.apache.ratis.server.impl.RaftServerProxy.submitClientRequestAsync(RaftServerProxy.java:333) ~[ratis-server-0.4.0-78e95b9-SNAPSHOT.jar:0.4.0-78e95b9-SNAPSHOT]
	at org.apache.ratis.grpc.client.GrpcClientProtocolService$RequestStreamObserver.processClientRequest(GrpcClientProtocolService.java:220) ~[ratis-grpc-0.4.0-78e95b9-SNAPSHOT.jar:0.4.0-78e95b9-SNAPSHOT]
	at org.apache.ratis.grpc.client.GrpcClientProtocolService$OrderedRequestStreamObserver.processClientRequest(GrpcClientProtocolService.java:326) ~[ratis-grpc-0.4.0-78e95b9-SNAPSHOT.jar:0.4.0-78e95b9-SNAPSHOT]
	at org.apache.ratis.util.SlidingWindow$Server.processRequestsFromHead(SlidingWindow.java:429) [ratis-common-0.4.0-78e95b9-SNAPSHOT.jar:0.4.0-78e95b9-SNAPSHOT]
	at org.apache.ratis.util.SlidingWindow$Server.receivedRequest(SlidingWindow.java:421) [ratis-common-0.4.0-78e95b9-SNAPSHOT.jar:0.4.0-78e95b9-SNAPSHOT]
	at org.apache.ratis.grpc.client.GrpcClientProtocolService$OrderedRequestStreamObserver.processClientRequest(GrpcClientProtocolService.java:345) [ratis-grpc-0.4.0-78e95b9-SNAPSHOT.jar:0.4.0-78e95b9-SNAPSHOT]
	at org.apache.ratis.grpc.client.GrpcClientProtocolService$RequestStreamObserver.onNext(GrpcClientProtocolService.java:240) [ratis-grpc-0.4.0-78e95b9-SNAPSHOT.jar:0.4.0-78e95b9-SNAPSHOT]
	at org.apache.ratis.grpc.client.GrpcClientProtocolService$RequestStreamObserver.onNext(GrpcClientProtocolService.java:168) [ratis-grpc-0.4.0-78e95b9-SNAPSHOT.jar:0.4.0-78e95b9-SNAPSHOT]
	at org.apache.ratis.thirdparty.io.grpc.stub.ServerCalls$StreamingServerCallHandler$StreamingServerCallListener.onMessage(ServerCalls.java:248) [ratis-thirdparty-misc-0.2.0.jar:0.2.0]
	at org.apache.ratis.thirdparty.io.grpc.internal.ServerCallImpl$ServerStreamListenerImpl.messagesAvailable(ServerCallImpl.java:263) [ratis-thirdparty-misc-0.2.0.jar:0.2.0]
	at org.apache.ratis.thirdparty.io.grpc.internal.ServerImpl$JumpToApplicationThreadServerStreamListener$1MessagesAvailable.runInContext(ServerImpl.java:686) [ratis-thirdparty-misc-0.2.0.jar:0.2.0]
	at org.apache.ratis.thirdparty.io.grpc.internal.ContextRunnable.run(ContextRunnable.java:37) [ratis-thirdparty-misc-0.2.0.jar:0.2.0]
	at org.apache.ratis.thirdparty.io.grpc.internal.SerializingExecutor.run(SerializingExecutor.java:123) [ratis-thirdparty-misc-0.2.0.jar:0.2.0]
	at java.util.concurrent.ThreadPoolExecutor.runWorker(ThreadPoolExecutor.java:1149) [?:1.8.0_212]
	at java.util.concurrent.ThreadPoolExecutor$Worker.run(ThreadPoolExecutor.java:624) [?:1.8.0_212]
	at java.lang.Thread.run(Thread.java:748) [?:1.8.0_212]
2019-09-09 16:56:40,085 [grpc-default-executor-12] INFO  client.GrpcClientProtocolClient (GrpcClientProtocolClient.java:onNext(264)) - client-A23F27EF8C76->99b77255-435a-4470-bbcd-054d51502fb4: receive RaftClientReply:client-A23F27EF8C76->99b77255-435a-4470-bbcd-054d51502fb4@group-B5582974CC04, cid=193, FAILED org.apache.ratis.protocol.StateMachineException: org.apache.hadoop.hdds.scm.container.common.helpers.ContainerNotOpenException from Server 99b77255-435a-4470-bbcd-054d51502fb4@group-B5582974CC04: Container 1 in CLOSING state, logIndex=0, commits[99b77255-435a-4470-bbcd-054d51502fb4:c17, fef3bd8d-d922-47de-a285-b5c5b7637dd8:c15, 673f1e0c-3588-4517-a646-879dbe70b429:c16]
16:56:40.087 [grpc-default-executor-9] ERROR DNAudit - user=null | ip=null | op=WRITE_CHUNK {blockData=conID: 1 locID: 102763603685998605 bcsId: 13} | ret=FAILURE
org.apache.hadoop.hdds.scm.container.common.helpers.ContainerNotOpenException: Container 1 in CLOSING state
	at org.apache.hadoop.ozone.container.common.impl.HddsDispatcher.validateContainerCommand(HddsDispatcher.java:408) ~[hadoop-hdds-container-service-0.5.0-SNAPSHOT.jar:?]
	at org.apache.hadoop.ozone.container.common.transport.server.ratis.ContainerStateMachine.startTransaction(ContainerStateMachine.java:315) ~[hadoop-hdds-container-service-0.5.0-SNAPSHOT.jar:?]
	at org.apache.ratis.server.impl.RaftServerImpl.submitClientRequestAsync(RaftServerImpl.java:573) ~[ratis-server-0.4.0-78e95b9-SNAPSHOT.jar:0.4.0-78e95b9-SNAPSHOT]
	at org.apache.ratis.server.impl.RaftServerProxy.lambda$submitClientRequestAsync$7(RaftServerProxy.java:333) ~[ratis-server-0.4.0-78e95b9-SNAPSHOT.jar:0.4.0-78e95b9-SNAPSHOT]
	at org.apache.ratis.server.impl.RaftServerProxy.lambda$null$5(RaftServerProxy.java:328) ~[ratis-server-0.4.0-78e95b9-SNAPSHOT.jar:0.4.0-78e95b9-SNAPSHOT]
	at org.apache.ratis.util.JavaUtils.callAsUnchecked(JavaUtils.java:109) ~[ratis-common-0.4.0-78e95b9-SNAPSHOT.jar:0.4.0-78e95b9-SNAPSHOT]
	at org.apache.ratis.server.impl.RaftServerProxy.lambda$submitRequest$6(RaftServerProxy.java:328) ~[ratis-server-0.4.0-78e95b9-SNAPSHOT.jar:0.4.0-78e95b9-SNAPSHOT]
	at java.util.concurrent.CompletableFuture.uniComposeStage(CompletableFuture.java:981) ~[?:1.8.0_212]
	at java.util.concurrent.CompletableFuture.thenCompose(CompletableFuture.java:2124) ~[?:1.8.0_212]
	at org.apache.ratis.server.impl.RaftServerProxy.submitRequest(RaftServerProxy.java:327) ~[ratis-server-0.4.0-78e95b9-SNAPSHOT.jar:0.4.0-78e95b9-SNAPSHOT]
	at org.apache.ratis.server.impl.RaftServerProxy.submitClientRequestAsync(RaftServerProxy.java:333) ~[ratis-server-0.4.0-78e95b9-SNAPSHOT.jar:0.4.0-78e95b9-SNAPSHOT]
	at org.apache.ratis.grpc.client.GrpcClientProtocolService$RequestStreamObserver.processClientRequest(GrpcClientProtocolService.java:220) ~[ratis-grpc-0.4.0-78e95b9-SNAPSHOT.jar:0.4.0-78e95b9-SNAPSHOT]
	at org.apache.ratis.grpc.client.GrpcClientProtocolService$OrderedRequestStreamObserver.processClientRequest(GrpcClientProtocolService.java:326) ~[ratis-grpc-0.4.0-78e95b9-SNAPSHOT.jar:0.4.0-78e95b9-SNAPSHOT]
	at org.apache.ratis.util.SlidingWindow$Server.processRequestsFromHead(SlidingWindow.java:429) [ratis-common-0.4.0-78e95b9-SNAPSHOT.jar:0.4.0-78e95b9-SNAPSHOT]
	at org.apache.ratis.util.SlidingWindow$Server.receivedRequest(SlidingWindow.java:421) [ratis-common-0.4.0-78e95b9-SNAPSHOT.jar:0.4.0-78e95b9-SNAPSHOT]
	at org.apache.ratis.grpc.client.GrpcClientProtocolService$OrderedRequestStreamObserver.processClientRequest(GrpcClientProtocolService.java:345) [ratis-grpc-0.4.0-78e95b9-SNAPSHOT.jar:0.4.0-78e95b9-SNAPSHOT]
	at org.apache.ratis.grpc.client.GrpcClientProtocolService$RequestStreamObserver.onNext(GrpcClientProtocolService.java:240) [ratis-grpc-0.4.0-78e95b9-SNAPSHOT.jar:0.4.0-78e95b9-SNAPSHOT]
	at org.apache.ratis.grpc.client.GrpcClientProtocolService$RequestStreamObserver.onNext(GrpcClientProtocolService.java:168) [ratis-grpc-0.4.0-78e95b9-SNAPSHOT.jar:0.4.0-78e95b9-SNAPSHOT]
	at org.apache.ratis.thirdparty.io.grpc.stub.ServerCalls$StreamingServerCallHandler$StreamingServerCallListener.onMessage(ServerCalls.java:248) [ratis-thirdparty-misc-0.2.0.jar:0.2.0]
	at org.apache.ratis.thirdparty.io.grpc.internal.ServerCallImpl$ServerStreamListenerImpl.messagesAvailable(ServerCallImpl.java:263) [ratis-thirdparty-misc-0.2.0.jar:0.2.0]
	at org.apache.ratis.thirdparty.io.grpc.internal.ServerImpl$JumpToApplicationThreadServerStreamListener$1MessagesAvailable.runInContext(ServerImpl.java:686) [ratis-thirdparty-misc-0.2.0.jar:0.2.0]
	at org.apache.ratis.thirdparty.io.grpc.internal.ContextRunnable.run(ContextRunnable.java:37) [ratis-thirdparty-misc-0.2.0.jar:0.2.0]
	at org.apache.ratis.thirdparty.io.grpc.internal.SerializingExecutor.run(SerializingExecutor.java:123) [ratis-thirdparty-misc-0.2.0.jar:0.2.0]
	at java.util.concurrent.ThreadPoolExecutor.runWorker(ThreadPoolExecutor.java:1149) [?:1.8.0_212]
	at java.util.concurrent.ThreadPoolExecutor$Worker.run(ThreadPoolExecutor.java:624) [?:1.8.0_212]
	at java.lang.Thread.run(Thread.java:748) [?:1.8.0_212]
16:56:40.091 [grpc-default-executor-9] ERROR DNAudit - user=null | ip=null | op=PUT_BLOCK {blockData=[blockId=conID: 1 locID: 102763603685998605 bcsId: 0,size=650]} | ret=FAILURE
org.apache.hadoop.hdds.scm.container.common.helpers.ContainerNotOpenException: Container 1 in CLOSING state
	at org.apache.hadoop.ozone.container.common.impl.HddsDispatcher.validateContainerCommand(HddsDispatcher.java:408) ~[hadoop-hdds-container-service-0.5.0-SNAPSHOT.jar:?]
	at org.apache.hadoop.ozone.container.common.transport.server.ratis.ContainerStateMachine.startTransaction(ContainerStateMachine.java:315) ~[hadoop-hdds-container-service-0.5.0-SNAPSHOT.jar:?]
	at org.apache.ratis.server.impl.RaftServerImpl.submitClientRequestAsync(RaftServerImpl.java:573) ~[ratis-server-0.4.0-78e95b9-SNAPSHOT.jar:0.4.0-78e95b9-SNAPSHOT]
	at org.apache.ratis.server.impl.RaftServerProxy.lambda$submitClientRequestAsync$7(RaftServerProxy.java:333) ~[ratis-server-0.4.0-78e95b9-SNAPSHOT.jar:0.4.0-78e95b9-SNAPSHOT]
	at org.apache.ratis.server.impl.RaftServerProxy.lambda$null$5(RaftServerProxy.java:328) ~[ratis-server-0.4.0-78e95b9-SNAPSHOT.jar:0.4.0-78e95b9-SNAPSHOT]
	at org.apache.ratis.util.JavaUtils.callAsUnchecked(JavaUtils.java:109) ~[ratis-common-0.4.0-78e95b9-SNAPSHOT.jar:0.4.0-78e95b9-SNAPSHOT]
	at org.apache.ratis.server.impl.RaftServerProxy.lambda$submitRequest$6(RaftServerProxy.java:328) ~[ratis-server-0.4.0-78e95b9-SNAPSHOT.jar:0.4.0-78e95b9-SNAPSHOT]
	at java.util.concurrent.CompletableFuture.uniComposeStage(CompletableFuture.java:981) ~[?:1.8.0_212]
	at java.util.concurrent.CompletableFuture.thenCompose(CompletableFuture.java:2124) ~[?:1.8.0_212]
	at org.apache.ratis.server.impl.RaftServerProxy.submitRequest(RaftServerProxy.java:327) ~[ratis-server-0.4.0-78e95b9-SNAPSHOT.jar:0.4.0-78e95b9-SNAPSHOT]
	at org.apache.ratis.server.impl.RaftServerProxy.submitClientRequestAsync(RaftServerProxy.java:333) ~[ratis-server-0.4.0-78e95b9-SNAPSHOT.jar:0.4.0-78e95b9-SNAPSHOT]
	at org.apache.ratis.grpc.client.GrpcClientProtocolService$RequestStreamObserver.processClientRequest(GrpcClientProtocolService.java:220) ~[ratis-grpc-0.4.0-78e95b9-SNAPSHOT.jar:0.4.0-78e95b9-SNAPSHOT]
	at org.apache.ratis.grpc.client.GrpcClientProtocolService$OrderedRequestStreamObserver.processClientRequest(GrpcClientProtocolService.java:326) ~[ratis-grpc-0.4.0-78e95b9-SNAPSHOT.jar:0.4.0-78e95b9-SNAPSHOT]
	at org.apache.ratis.util.SlidingWindow$Server.processRequestsFromHead(SlidingWindow.java:429) [ratis-common-0.4.0-78e95b9-SNAPSHOT.jar:0.4.0-78e95b9-SNAPSHOT]
	at org.apache.ratis.util.SlidingWindow$Server.receivedRequest(SlidingWindow.java:421) [ratis-common-0.4.0-78e95b9-SNAPSHOT.jar:0.4.0-78e95b9-SNAPSHOT]
	at org.apache.ratis.grpc.client.GrpcClientProtocolService$OrderedRequestStreamObserver.processClientRequest(GrpcClientProtocolService.java:345) [ratis-grpc-0.4.0-78e95b9-SNAPSHOT.jar:0.4.0-78e95b9-SNAPSHOT]
	at org.apache.ratis.grpc.client.GrpcClientProtocolService$RequestStreamObserver.onNext(GrpcClientProtocolService.java:240) [ratis-grpc-0.4.0-78e95b9-SNAPSHOT.jar:0.4.0-78e95b9-SNAPSHOT]
	at org.apache.ratis.grpc.client.GrpcClientProtocolService$RequestStreamObserver.onNext(GrpcClientProtocolService.java:168) [ratis-grpc-0.4.0-78e95b9-SNAPSHOT.jar:0.4.0-78e95b9-SNAPSHOT]
	at org.apache.ratis.thirdparty.io.grpc.stub.ServerCalls$StreamingServerCallHandler$StreamingServerCallListener.onMessage(ServerCalls.java:248) [ratis-thirdparty-misc-0.2.0.jar:0.2.0]
	at org.apache.ratis.thirdparty.io.grpc.internal.ServerCallImpl$ServerStreamListenerImpl.messagesAvailable(ServerCallImpl.java:263) [ratis-thirdparty-misc-0.2.0.jar:0.2.0]
	at org.apache.ratis.thirdparty.io.grpc.internal.ServerImpl$JumpToApplicationThreadServerStreamListener$1MessagesAvailable.runInContext(ServerImpl.java:686) [ratis-thirdparty-misc-0.2.0.jar:0.2.0]
	at org.apache.ratis.thirdparty.io.grpc.internal.ContextRunnable.run(ContextRunnable.java:37) [ratis-thirdparty-misc-0.2.0.jar:0.2.0]
	at org.apache.ratis.thirdparty.io.grpc.internal.SerializingExecutor.run(SerializingExecutor.java:123) [ratis-thirdparty-misc-0.2.0.jar:0.2.0]
	at java.util.concurrent.ThreadPoolExecutor.runWorker(ThreadPoolExecutor.java:1149) [?:1.8.0_212]
	at java.util.concurrent.ThreadPoolExecutor$Worker.run(ThreadPoolExecutor.java:624) [?:1.8.0_212]
	at java.lang.Thread.run(Thread.java:748) [?:1.8.0_212]
2019-09-09 16:56:40,101 [grpc-default-executor-12] INFO  client.GrpcClientProtocolClient (GrpcClientProtocolClient.java:onNext(264)) - client-A23F27EF8C76->99b77255-435a-4470-bbcd-054d51502fb4: receive RaftClientReply:client-A23F27EF8C76->99b77255-435a-4470-bbcd-054d51502fb4@group-B5582974CC04, cid=194, FAILED org.apache.ratis.protocol.StateMachineException: org.apache.hadoop.hdds.scm.container.common.helpers.ContainerNotOpenException from Server 99b77255-435a-4470-bbcd-054d51502fb4@group-B5582974CC04: Container 1 in CLOSING state, logIndex=0, commits[99b77255-435a-4470-bbcd-054d51502fb4:c17, fef3bd8d-d922-47de-a285-b5c5b7637dd8:c15, 673f1e0c-3588-4517-a646-879dbe70b429:c16]
16:56:40.101 [grpc-default-executor-9] ERROR DNAudit - user=null | ip=null | op=WRITE_CHUNK {blockData=conID: 1 locID: 102763603685998605 bcsId: 13} | ret=FAILURE
org.apache.hadoop.hdds.scm.container.common.helpers.ContainerNotOpenException: Container 1 in CLOSING state
	at org.apache.hadoop.ozone.container.common.impl.HddsDispatcher.validateContainerCommand(HddsDispatcher.java:408) ~[hadoop-hdds-container-service-0.5.0-SNAPSHOT.jar:?]
	at org.apache.hadoop.ozone.container.common.transport.server.ratis.ContainerStateMachine.startTransaction(ContainerStateMachine.java:315) ~[hadoop-hdds-container-service-0.5.0-SNAPSHOT.jar:?]
	at org.apache.ratis.server.impl.RaftServerImpl.submitClientRequestAsync(RaftServerImpl.java:573) ~[ratis-server-0.4.0-78e95b9-SNAPSHOT.jar:0.4.0-78e95b9-SNAPSHOT]
	at org.apache.ratis.server.impl.RaftServerProxy.lambda$submitClientRequestAsync$7(RaftServerProxy.java:333) ~[ratis-server-0.4.0-78e95b9-SNAPSHOT.jar:0.4.0-78e95b9-SNAPSHOT]
	at org.apache.ratis.server.impl.RaftServerProxy.lambda$null$5(RaftServerProxy.java:328) ~[ratis-server-0.4.0-78e95b9-SNAPSHOT.jar:0.4.0-78e95b9-SNAPSHOT]
	at org.apache.ratis.util.JavaUtils.callAsUnchecked(JavaUtils.java:109) ~[ratis-common-0.4.0-78e95b9-SNAPSHOT.jar:0.4.0-78e95b9-SNAPSHOT]
	at org.apache.ratis.server.impl.RaftServerProxy.lambda$submitRequest$6(RaftServerProxy.java:328) ~[ratis-server-0.4.0-78e95b9-SNAPSHOT.jar:0.4.0-78e95b9-SNAPSHOT]
	at java.util.concurrent.CompletableFuture.uniComposeStage(CompletableFuture.java:981) ~[?:1.8.0_212]
	at java.util.concurrent.CompletableFuture.thenCompose(CompletableFuture.java:2124) ~[?:1.8.0_212]
	at org.apache.ratis.server.impl.RaftServerProxy.submitRequest(RaftServerProxy.java:327) ~[ratis-server-0.4.0-78e95b9-SNAPSHOT.jar:0.4.0-78e95b9-SNAPSHOT]
	at org.apache.ratis.server.impl.RaftServerProxy.submitClientRequestAsync(RaftServerProxy.java:333) ~[ratis-server-0.4.0-78e95b9-SNAPSHOT.jar:0.4.0-78e95b9-SNAPSHOT]
	at org.apache.ratis.grpc.client.GrpcClientProtocolService$RequestStreamObserver.processClientRequest(GrpcClientProtocolService.java:220) ~[ratis-grpc-0.4.0-78e95b9-SNAPSHOT.jar:0.4.0-78e95b9-SNAPSHOT]
	at org.apache.ratis.grpc.client.GrpcClientProtocolService$OrderedRequestStreamObserver.processClientRequest(GrpcClientProtocolService.java:326) ~[ratis-grpc-0.4.0-78e95b9-SNAPSHOT.jar:0.4.0-78e95b9-SNAPSHOT]
	at org.apache.ratis.util.SlidingWindow$Server.processRequestsFromHead(SlidingWindow.java:429) [ratis-common-0.4.0-78e95b9-SNAPSHOT.jar:0.4.0-78e95b9-SNAPSHOT]
	at org.apache.ratis.util.SlidingWindow$Server.receivedRequest(SlidingWindow.java:421) [ratis-common-0.4.0-78e95b9-SNAPSHOT.jar:0.4.0-78e95b9-SNAPSHOT]
	at org.apache.ratis.grpc.client.GrpcClientProtocolService$OrderedRequestStreamObserver.processClientRequest(GrpcClientProtocolService.java:345) [ratis-grpc-0.4.0-78e95b9-SNAPSHOT.jar:0.4.0-78e95b9-SNAPSHOT]
	at org.apache.ratis.grpc.client.GrpcClientProtocolService$RequestStreamObserver.onNext(GrpcClientProtocolService.java:240) [ratis-grpc-0.4.0-78e95b9-SNAPSHOT.jar:0.4.0-78e95b9-SNAPSHOT]
	at org.apache.ratis.grpc.client.GrpcClientProtocolService$RequestStreamObserver.onNext(GrpcClientProtocolService.java:168) [ratis-grpc-0.4.0-78e95b9-SNAPSHOT.jar:0.4.0-78e95b9-SNAPSHOT]
	at org.apache.ratis.thirdparty.io.grpc.stub.ServerCalls$StreamingServerCallHandler$StreamingServerCallListener.onMessage(ServerCalls.java:248) [ratis-thirdparty-misc-0.2.0.jar:0.2.0]
	at org.apache.ratis.thirdparty.io.grpc.internal.ServerCallImpl$ServerStreamListenerImpl.messagesAvailable(ServerCallImpl.java:263) [ratis-thirdparty-misc-0.2.0.jar:0.2.0]
	at org.apache.ratis.thirdparty.io.grpc.internal.ServerImpl$JumpToApplicationThreadServerStreamListener$1MessagesAvailable.runInContext(ServerImpl.java:686) [ratis-thirdparty-misc-0.2.0.jar:0.2.0]
	at org.apache.ratis.thirdparty.io.grpc.internal.ContextRunnable.run(ContextRunnable.java:37) [ratis-thirdparty-misc-0.2.0.jar:0.2.0]
	at org.apache.ratis.thirdparty.io.grpc.internal.SerializingExecutor.run(SerializingExecutor.java:123) [ratis-thirdparty-misc-0.2.0.jar:0.2.0]
	at java.util.concurrent.ThreadPoolExecutor.runWorker(ThreadPoolExecutor.java:1149) [?:1.8.0_212]
	at java.util.concurrent.ThreadPoolExecutor$Worker.run(ThreadPoolExecutor.java:624) [?:1.8.0_212]
	at java.lang.Thread.run(Thread.java:748) [?:1.8.0_212]
2019-09-09 16:56:40,102 [grpc-default-executor-12] INFO  client.GrpcClientProtocolClient (GrpcClientProtocolClient.java:onNext(264)) - client-A23F27EF8C76->99b77255-435a-4470-bbcd-054d51502fb4: receive RaftClientReply:client-A23F27EF8C76->99b77255-435a-4470-bbcd-054d51502fb4@group-B5582974CC04, cid=195, FAILED org.apache.ratis.protocol.StateMachineException: org.apache.hadoop.hdds.scm.container.common.helpers.ContainerNotOpenException from Server 99b77255-435a-4470-bbcd-054d51502fb4@group-B5582974CC04: Container 1 in CLOSING state, logIndex=0, commits[99b77255-435a-4470-bbcd-054d51502fb4:c17, fef3bd8d-d922-47de-a285-b5c5b7637dd8:c15, 673f1e0c-3588-4517-a646-879dbe70b429:c16]
2019-09-09 16:56:40,107 [grpc-default-executor-12] INFO  client.GrpcClientProtocolClient (GrpcClientProtocolClient.java:onNext(264)) - client-A23F27EF8C76->99b77255-435a-4470-bbcd-054d51502fb4: receive RaftClientReply:client-A23F27EF8C76->99b77255-435a-4470-bbcd-054d51502fb4@group-B5582974CC04, cid=196, FAILED org.apache.ratis.protocol.StateMachineException: org.apache.hadoop.hdds.scm.container.common.helpers.ContainerNotOpenException from Server 99b77255-435a-4470-bbcd-054d51502fb4@group-B5582974CC04: Container 1 in CLOSING state, logIndex=0, commits[99b77255-435a-4470-bbcd-054d51502fb4:c17, fef3bd8d-d922-47de-a285-b5c5b7637dd8:c15, 673f1e0c-3588-4517-a646-879dbe70b429:c16]
16:56:40.106 [grpc-default-executor-9] ERROR DNAudit - user=null | ip=null | op=WRITE_CHUNK {blockData=conID: 1 locID: 102763603685998605 bcsId: 13} | ret=FAILURE
org.apache.hadoop.hdds.scm.container.common.helpers.ContainerNotOpenException: Container 1 in CLOSING state
	at org.apache.hadoop.ozone.container.common.impl.HddsDispatcher.validateContainerCommand(HddsDispatcher.java:408) ~[hadoop-hdds-container-service-0.5.0-SNAPSHOT.jar:?]
	at org.apache.hadoop.ozone.container.common.transport.server.ratis.ContainerStateMachine.startTransaction(ContainerStateMachine.java:315) ~[hadoop-hdds-container-service-0.5.0-SNAPSHOT.jar:?]
	at org.apache.ratis.server.impl.RaftServerImpl.submitClientRequestAsync(RaftServerImpl.java:573) ~[ratis-server-0.4.0-78e95b9-SNAPSHOT.jar:0.4.0-78e95b9-SNAPSHOT]
	at org.apache.ratis.server.impl.RaftServerProxy.lambda$submitClientRequestAsync$7(RaftServerProxy.java:333) ~[ratis-server-0.4.0-78e95b9-SNAPSHOT.jar:0.4.0-78e95b9-SNAPSHOT]
	at org.apache.ratis.server.impl.RaftServerProxy.lambda$null$5(RaftServerProxy.java:328) ~[ratis-server-0.4.0-78e95b9-SNAPSHOT.jar:0.4.0-78e95b9-SNAPSHOT]
	at org.apache.ratis.util.JavaUtils.callAsUnchecked(JavaUtils.java:109) ~[ratis-common-0.4.0-78e95b9-SNAPSHOT.jar:0.4.0-78e95b9-SNAPSHOT]
	at org.apache.ratis.server.impl.RaftServerProxy.lambda$submitRequest$6(RaftServerProxy.java:328) ~[ratis-server-0.4.0-78e95b9-SNAPSHOT.jar:0.4.0-78e95b9-SNAPSHOT]
	at java.util.concurrent.CompletableFuture.uniComposeStage(CompletableFuture.java:981) ~[?:1.8.0_212]
	at java.util.concurrent.CompletableFuture.thenCompose(CompletableFuture.java:2124) ~[?:1.8.0_212]
	at org.apache.ratis.server.impl.RaftServerProxy.submitRequest(RaftServerProxy.java:327) ~[ratis-server-0.4.0-78e95b9-SNAPSHOT.jar:0.4.0-78e95b9-SNAPSHOT]
	at org.apache.ratis.server.impl.RaftServerProxy.submitClientRequestAsync(RaftServerProxy.java:333) ~[ratis-server-0.4.0-78e95b9-SNAPSHOT.jar:0.4.0-78e95b9-SNAPSHOT]
	at org.apache.ratis.grpc.client.GrpcClientProtocolService$RequestStreamObserver.processClientRequest(GrpcClientProtocolService.java:220) ~[ratis-grpc-0.4.0-78e95b9-SNAPSHOT.jar:0.4.0-78e95b9-SNAPSHOT]
	at org.apache.ratis.grpc.client.GrpcClientProtocolService$OrderedRequestStreamObserver.processClientRequest(GrpcClientProtocolService.java:326) ~[ratis-grpc-0.4.0-78e95b9-SNAPSHOT.jar:0.4.0-78e95b9-SNAPSHOT]
	at org.apache.ratis.util.SlidingWindow$Server.processRequestsFromHead(SlidingWindow.java:429) [ratis-common-0.4.0-78e95b9-SNAPSHOT.jar:0.4.0-78e95b9-SNAPSHOT]
	at org.apache.ratis.util.SlidingWindow$Server.receivedRequest(SlidingWindow.java:421) [ratis-common-0.4.0-78e95b9-SNAPSHOT.jar:0.4.0-78e95b9-SNAPSHOT]
	at org.apache.ratis.grpc.client.GrpcClientProtocolService$OrderedRequestStreamObserver.processClientRequest(GrpcClientProtocolService.java:345) [ratis-grpc-0.4.0-78e95b9-SNAPSHOT.jar:0.4.0-78e95b9-SNAPSHOT]
	at org.apache.ratis.grpc.client.GrpcClientProtocolService$RequestStreamObserver.onNext(GrpcClientProtocolService.java:240) [ratis-grpc-0.4.0-78e95b9-SNAPSHOT.jar:0.4.0-78e95b9-SNAPSHOT]
	at org.apache.ratis.grpc.client.GrpcClientProtocolService$RequestStreamObserver.onNext(GrpcClientProtocolService.java:168) [ratis-grpc-0.4.0-78e95b9-SNAPSHOT.jar:0.4.0-78e95b9-SNAPSHOT]
	at org.apache.ratis.thirdparty.io.grpc.stub.ServerCalls$StreamingServerCallHandler$StreamingServerCallListener.onMessage(ServerCalls.java:248) [ratis-thirdparty-misc-0.2.0.jar:0.2.0]
	at org.apache.ratis.thirdparty.io.grpc.internal.ServerCallImpl$ServerStreamListenerImpl.messagesAvailable(ServerCallImpl.java:263) [ratis-thirdparty-misc-0.2.0.jar:0.2.0]
	at org.apache.ratis.thirdparty.io.grpc.internal.ServerImpl$JumpToApplicationThreadServerStreamListener$1MessagesAvailable.runInContext(ServerImpl.java:686) [ratis-thirdparty-misc-0.2.0.jar:0.2.0]
	at org.apache.ratis.thirdparty.io.grpc.internal.ContextRunnable.run(ContextRunnable.java:37) [ratis-thirdparty-misc-0.2.0.jar:0.2.0]
	at org.apache.ratis.thirdparty.io.grpc.internal.SerializingExecutor.run(SerializingExecutor.java:123) [ratis-thirdparty-misc-0.2.0.jar:0.2.0]
	at java.util.concurrent.ThreadPoolExecutor.runWorker(ThreadPoolExecutor.java:1149) [?:1.8.0_212]
	at java.util.concurrent.ThreadPoolExecutor$Worker.run(ThreadPoolExecutor.java:624) [?:1.8.0_212]
	at java.lang.Thread.run(Thread.java:748) [?:1.8.0_212]
2019-09-09 16:56:40,114 [grpc-default-executor-12] INFO  client.GrpcClientProtocolClient (GrpcClientProtocolClient.java:onNext(264)) - client-A23F27EF8C76->99b77255-435a-4470-bbcd-054d51502fb4: receive RaftClientReply:client-A23F27EF8C76->99b77255-435a-4470-bbcd-054d51502fb4@group-B5582974CC04, cid=197, FAILED org.apache.ratis.protocol.StateMachineException: org.apache.hadoop.hdds.scm.container.common.helpers.ContainerNotOpenException from Server 99b77255-435a-4470-bbcd-054d51502fb4@group-B5582974CC04: Container 1 in CLOSING state, logIndex=0, commits[99b77255-435a-4470-bbcd-054d51502fb4:c17, fef3bd8d-d922-47de-a285-b5c5b7637dd8:c15, 673f1e0c-3588-4517-a646-879dbe70b429:c16]
16:56:40.113 [grpc-default-executor-9] ERROR DNAudit - user=null | ip=null | op=PUT_BLOCK {blockData=[blockId=conID: 1 locID: 102763603685998605 bcsId: 0,size=800]} | ret=FAILURE
org.apache.hadoop.hdds.scm.container.common.helpers.ContainerNotOpenException: Container 1 in CLOSING state
	at org.apache.hadoop.ozone.container.common.impl.HddsDispatcher.validateContainerCommand(HddsDispatcher.java:408) ~[hadoop-hdds-container-service-0.5.0-SNAPSHOT.jar:?]
	at org.apache.hadoop.ozone.container.common.transport.server.ratis.ContainerStateMachine.startTransaction(ContainerStateMachine.java:315) ~[hadoop-hdds-container-service-0.5.0-SNAPSHOT.jar:?]
	at org.apache.ratis.server.impl.RaftServerImpl.submitClientRequestAsync(RaftServerImpl.java:573) ~[ratis-server-0.4.0-78e95b9-SNAPSHOT.jar:0.4.0-78e95b9-SNAPSHOT]
	at org.apache.ratis.server.impl.RaftServerProxy.lambda$submitClientRequestAsync$7(RaftServerProxy.java:333) ~[ratis-server-0.4.0-78e95b9-SNAPSHOT.jar:0.4.0-78e95b9-SNAPSHOT]
	at org.apache.ratis.server.impl.RaftServerProxy.lambda$null$5(RaftServerProxy.java:328) ~[ratis-server-0.4.0-78e95b9-SNAPSHOT.jar:0.4.0-78e95b9-SNAPSHOT]
	at org.apache.ratis.util.JavaUtils.callAsUnchecked(JavaUtils.java:109) ~[ratis-common-0.4.0-78e95b9-SNAPSHOT.jar:0.4.0-78e95b9-SNAPSHOT]
	at org.apache.ratis.server.impl.RaftServerProxy.lambda$submitRequest$6(RaftServerProxy.java:328) ~[ratis-server-0.4.0-78e95b9-SNAPSHOT.jar:0.4.0-78e95b9-SNAPSHOT]
	at java.util.concurrent.CompletableFuture.uniComposeStage(CompletableFuture.java:981) ~[?:1.8.0_212]
	at java.util.concurrent.CompletableFuture.thenCompose(CompletableFuture.java:2124) ~[?:1.8.0_212]
	at org.apache.ratis.server.impl.RaftServerProxy.submitRequest(RaftServerProxy.java:327) ~[ratis-server-0.4.0-78e95b9-SNAPSHOT.jar:0.4.0-78e95b9-SNAPSHOT]
	at org.apache.ratis.server.impl.RaftServerProxy.submitClientRequestAsync(RaftServerProxy.java:333) ~[ratis-server-0.4.0-78e95b9-SNAPSHOT.jar:0.4.0-78e95b9-SNAPSHOT]
	at org.apache.ratis.grpc.client.GrpcClientProtocolService$RequestStreamObserver.processClientRequest(GrpcClientProtocolService.java:220) ~[ratis-grpc-0.4.0-78e95b9-SNAPSHOT.jar:0.4.0-78e95b9-SNAPSHOT]
	at org.apache.ratis.grpc.client.GrpcClientProtocolService$OrderedRequestStreamObserver.processClientRequest(GrpcClientProtocolService.java:326) ~[ratis-grpc-0.4.0-78e95b9-SNAPSHOT.jar:0.4.0-78e95b9-SNAPSHOT]
	at org.apache.ratis.util.SlidingWindow$Server.processRequestsFromHead(SlidingWindow.java:429) [ratis-common-0.4.0-78e95b9-SNAPSHOT.jar:0.4.0-78e95b9-SNAPSHOT]
	at org.apache.ratis.util.SlidingWindow$Server.receivedRequest(SlidingWindow.java:421) [ratis-common-0.4.0-78e95b9-SNAPSHOT.jar:0.4.0-78e95b9-SNAPSHOT]
	at org.apache.ratis.grpc.client.GrpcClientProtocolService$OrderedRequestStreamObserver.processClientRequest(GrpcClientProtocolService.java:345) [ratis-grpc-0.4.0-78e95b9-SNAPSHOT.jar:0.4.0-78e95b9-SNAPSHOT]
	at org.apache.ratis.grpc.client.GrpcClientProtocolService$RequestStreamObserver.onNext(GrpcClientProtocolService.java:240) [ratis-grpc-0.4.0-78e95b9-SNAPSHOT.jar:0.4.0-78e95b9-SNAPSHOT]
	at org.apache.ratis.grpc.client.GrpcClientProtocolService$RequestStreamObserver.onNext(GrpcClientProtocolService.java:168) [ratis-grpc-0.4.0-78e95b9-SNAPSHOT.jar:0.4.0-78e95b9-SNAPSHOT]
	at org.apache.ratis.thirdparty.io.grpc.stub.ServerCalls$StreamingServerCallHandler$StreamingServerCallListener.onMessage(ServerCalls.java:248) [ratis-thirdparty-misc-0.2.0.jar:0.2.0]
	at org.apache.ratis.thirdparty.io.grpc.internal.ServerCallImpl$ServerStreamListenerImpl.messagesAvailable(ServerCallImpl.java:263) [ratis-thirdparty-misc-0.2.0.jar:0.2.0]
	at org.apache.ratis.thirdparty.io.grpc.internal.ServerImpl$JumpToApplicationThreadServerStreamListener$1MessagesAvailable.runInContext(ServerImpl.java:686) [ratis-thirdparty-misc-0.2.0.jar:0.2.0]
	at org.apache.ratis.thirdparty.io.grpc.internal.ContextRunnable.run(ContextRunnable.java:37) [ratis-thirdparty-misc-0.2.0.jar:0.2.0]
	at org.apache.ratis.thirdparty.io.grpc.internal.SerializingExecutor.run(SerializingExecutor.java:123) [ratis-thirdparty-misc-0.2.0.jar:0.2.0]
	at java.util.concurrent.ThreadPoolExecutor.runWorker(ThreadPoolExecutor.java:1149) [?:1.8.0_212]
	at java.util.concurrent.ThreadPoolExecutor$Worker.run(ThreadPoolExecutor.java:624) [?:1.8.0_212]
	at java.lang.Thread.run(Thread.java:748) [?:1.8.0_212]
2019-09-09 16:56:40,120 [grpc-default-executor-9] INFO  client.GrpcClientProtocolClient (GrpcClientProtocolClient.java:onNext(264)) - client-A23F27EF8C76->99b77255-435a-4470-bbcd-054d51502fb4: receive RaftClientReply:client-A23F27EF8C76->99b77255-435a-4470-bbcd-054d51502fb4@group-B5582974CC04, cid=198, FAILED org.apache.ratis.protocol.StateMachineException: org.apache.hadoop.hdds.scm.container.common.helpers.ContainerNotOpenException from Server 99b77255-435a-4470-bbcd-054d51502fb4@group-B5582974CC04: Container 1 in CLOSING state, logIndex=0, commits[99b77255-435a-4470-bbcd-054d51502fb4:c17, fef3bd8d-d922-47de-a285-b5c5b7637dd8:c15, 673f1e0c-3588-4517-a646-879dbe70b429:c16]
2019-09-09 16:56:40,159 [grpc-default-executor-9] INFO  client.GrpcClientProtocolClient (GrpcClientProtocolClient.java:onNext(264)) - client-DC9DC51F2D86->b4370686-254e-42e8-8711-e188529c4c34: receive RaftClientReply:client-DC9DC51F2D86->b4370686-254e-42e8-8711-e188529c4c34@group-6C05AF0CD5A8, cid=199, FAILED org.apache.ratis.protocol.NotLeaderException: Server b4370686-254e-42e8-8711-e188529c4c34@group-6C05AF0CD5A8 is not the leader 5ffdae7f-f4e4-4d79-867a-68feb8e0c22d:192.168.69.125:44397, logIndex=0, commits[b4370686-254e-42e8-8711-e188529c4c34:c0, a5b923f2-7f8f-418d-81e1-d85ab7469232:c0, 5ffdae7f-f4e4-4d79-867a-68feb8e0c22d:c0]
2019-09-09 16:56:40,330 [grpc-default-executor-12] INFO  client.GrpcClientProtocolClient (GrpcClientProtocolClient.java:onNext(264)) - client-DC9DC51F2D86->5ffdae7f-f4e4-4d79-867a-68feb8e0c22d: receive RaftClientReply:client-DC9DC51F2D86->5ffdae7f-f4e4-4d79-867a-68feb8e0c22d@group-6C05AF0CD5A8, cid=199, SUCCESS, logIndex=1, commits[5ffdae7f-f4e4-4d79-867a-68feb8e0c22d:c1, b4370686-254e-42e8-8711-e188529c4c34:c0, a5b923f2-7f8f-418d-81e1-d85ab7469232:c0]
2019-09-09 16:56:40,355 [grpc-default-executor-12] INFO  client.GrpcClientProtocolClient (GrpcClientProtocolClient.java:onNext(264)) - client-DC9DC51F2D86->5ffdae7f-f4e4-4d79-867a-68feb8e0c22d: receive RaftClientReply:client-DC9DC51F2D86->5ffdae7f-f4e4-4d79-867a-68feb8e0c22d@group-6C05AF0CD5A8, cid=200, SUCCESS, logIndex=3, commits[5ffdae7f-f4e4-4d79-867a-68feb8e0c22d:c4, b4370686-254e-42e8-8711-e188529c4c34:c1, a5b923f2-7f8f-418d-81e1-d85ab7469232:c1]
2019-09-09 16:56:40,437 [grpc-default-executor-9] INFO  client.GrpcClientProtocolClient (GrpcClientProtocolClient.java:onNext(264)) - client-DC9DC51F2D86->5ffdae7f-f4e4-4d79-867a-68feb8e0c22d: receive RaftClientReply:client-DC9DC51F2D86->5ffdae7f-f4e4-4d79-867a-68feb8e0c22d@group-6C05AF0CD5A8, cid=201, SUCCESS, logIndex=4, commits[5ffdae7f-f4e4-4d79-867a-68feb8e0c22d:c12, b4370686-254e-42e8-8711-e188529c4c34:c7, a5b923f2-7f8f-418d-81e1-d85ab7469232:c7]
2019-09-09 16:56:40,440 [grpc-default-executor-9] INFO  client.GrpcClientProtocolClient (GrpcClientProtocolClient.java:onNext(264)) - client-DC9DC51F2D86->5ffdae7f-f4e4-4d79-867a-68feb8e0c22d: receive RaftClientReply:client-DC9DC51F2D86->5ffdae7f-f4e4-4d79-867a-68feb8e0c22d@group-6C05AF0CD5A8, cid=202, SUCCESS, logIndex=5, commits[5ffdae7f-f4e4-4d79-867a-68feb8e0c22d:c12, b4370686-254e-42e8-8711-e188529c4c34:c7, a5b923f2-7f8f-418d-81e1-d85ab7469232:c7]
2019-09-09 16:56:40,445 [grpc-default-executor-9] INFO  client.GrpcClientProtocolClient (GrpcClientProtocolClient.java:onNext(264)) - client-DC9DC51F2D86->5ffdae7f-f4e4-4d79-867a-68feb8e0c22d: receive RaftClientReply:client-DC9DC51F2D86->5ffdae7f-f4e4-4d79-867a-68feb8e0c22d@group-6C05AF0CD5A8, cid=203, SUCCESS, logIndex=6, commits[5ffdae7f-f4e4-4d79-867a-68feb8e0c22d:c12, b4370686-254e-42e8-8711-e188529c4c34:c7, a5b923f2-7f8f-418d-81e1-d85ab7469232:c7]
2019-09-09 16:56:40,574 [grpc-default-executor-9] INFO  client.GrpcClientProtocolClient (GrpcClientProtocolClient.java:onNext(264)) - client-DC9DC51F2D86->5ffdae7f-f4e4-4d79-867a-68feb8e0c22d: receive RaftClientReply:client-DC9DC51F2D86->5ffdae7f-f4e4-4d79-867a-68feb8e0c22d@group-6C05AF0CD5A8, cid=204, SUCCESS, logIndex=7, commits[5ffdae7f-f4e4-4d79-867a-68feb8e0c22d:c12, b4370686-254e-42e8-8711-e188529c4c34:c7, a5b923f2-7f8f-418d-81e1-d85ab7469232:c7]
2019-09-09 16:56:40,588 [grpc-default-executor-9] INFO  client.GrpcClientProtocolClient (GrpcClientProtocolClient.java:onNext(264)) - client-DC9DC51F2D86->5ffdae7f-f4e4-4d79-867a-68feb8e0c22d: receive RaftClientReply:client-DC9DC51F2D86->5ffdae7f-f4e4-4d79-867a-68feb8e0c22d@group-6C05AF0CD5A8, cid=205, SUCCESS, logIndex=13, commits[5ffdae7f-f4e4-4d79-867a-68feb8e0c22d:c14, b4370686-254e-42e8-8711-e188529c4c34:c12, a5b923f2-7f8f-418d-81e1-d85ab7469232:c12]
2019-09-09 16:56:40,589 [grpc-default-executor-9] INFO  client.GrpcClientProtocolClient (GrpcClientProtocolClient.java:onNext(264)) - client-DC9DC51F2D86->5ffdae7f-f4e4-4d79-867a-68feb8e0c22d: receive RaftClientReply:client-DC9DC51F2D86->5ffdae7f-f4e4-4d79-867a-68feb8e0c22d@group-6C05AF0CD5A8, cid=206, SUCCESS, logIndex=14, commits[5ffdae7f-f4e4-4d79-867a-68feb8e0c22d:c14, b4370686-254e-42e8-8711-e188529c4c34:c12, a5b923f2-7f8f-418d-81e1-d85ab7469232:c12]
2019-09-09 16:56:40,617 [grpc-default-executor-9] INFO  client.GrpcClientProtocolClient (GrpcClientProtocolClient.java:onNext(264)) - client-DC9DC51F2D86->5ffdae7f-f4e4-4d79-867a-68feb8e0c22d: receive RaftClientReply:client-DC9DC51F2D86->5ffdae7f-f4e4-4d79-867a-68feb8e0c22d@group-6C05AF0CD5A8, cid=207, SUCCESS, logIndex=0, commits[5ffdae7f-f4e4-4d79-867a-68feb8e0c22d:c15, b4370686-254e-42e8-8711-e188529c4c34:c14, a5b923f2-7f8f-418d-81e1-d85ab7469232:c14]
2019-09-09 16:56:40,618 [main] INFO  ozone.MiniOzoneClusterImpl (MiniOzoneClusterImpl.java:shutdown(307)) - Shutting down the Mini Ozone Cluster
2019-09-09 16:56:40,619 [main] INFO  ozone.MiniOzoneClusterImpl (MiniOzoneClusterImpl.java:stop(322)) - Stopping the Mini Ozone Cluster
2019-09-09 16:56:40,619 [main] INFO  ozone.MiniOzoneClusterImpl (MiniOzoneClusterImpl.java:stop(324)) - Stopping the OzoneManager
2019-09-09 16:56:40,619 [main] INFO  ipc.Server (Server.java:stop(3082)) - Stopping server on 35596
2019-09-09 16:56:40,625 [IPC Server listener on 35596] INFO  ipc.Server (Server.java:run(1185)) - Stopping IPC Server listener on 35596
2019-09-09 16:56:40,636 [main] INFO  ratis.OzoneManagerDoubleBuffer (OzoneManagerDoubleBuffer.java:stop(248)) - Stopping OMDoubleBuffer flush thread
2019-09-09 16:56:40,636 [IPC Server Responder] INFO  ipc.Server (Server.java:run(1319)) - Stopping IPC Server Responder
2019-09-09 16:56:40,643 [OMDoubleBufferFlushThread] INFO  ratis.OzoneManagerDoubleBuffer (OzoneManagerDoubleBuffer.java:flushTransactions(191)) - OMDoubleBuffer flush thread OMDoubleBufferFlushThread is interrupted and will exit. OMDoubleBufferFlushThread
2019-09-09 16:56:40,644 [main] INFO  utils.BackgroundService (BackgroundService.java:shutdown(148)) - Shutting down service KeyDeletingService
2019-09-09 16:56:40,645 [main] INFO  handler.ContextHandler (ContextHandler.java:doStop(910)) - Stopped o.e.j.w.WebAppContext@3e14d390{/,null,UNAVAILABLE}{/ozoneManager}
2019-09-09 16:56:40,646 [main] INFO  server.AbstractConnector (AbstractConnector.java:doStop(318)) - Stopped ServerConnector@5eb87338{HTTP/1.1,[http/1.1]}{0.0.0.0:0}
2019-09-09 16:56:40,647 [main] INFO  handler.ContextHandler (ContextHandler.java:doStop(910)) - Stopped o.e.j.s.ServletContextHandler@6c835217{/static,file:///workdir/hadoop-ozone/integration-test/target/test-classes/webapps/static,UNAVAILABLE}
2019-09-09 16:56:40,647 [main] INFO  handler.ContextHandler (ContextHandler.java:doStop(910)) - Stopped o.e.j.s.ServletContextHandler@4f3356c0{/logs,file:///workdir/hadoop-ozone/integration-test/target/log,UNAVAILABLE}
2019-09-09 16:56:40,649 [main] INFO  ozone.MiniOzoneClusterImpl (MiniOzoneClusterImpl.java:stop(330)) - Shutting the HddsDatanodes
2019-09-09 16:56:40,862 [Datanode State Machine Thread - 0] INFO  statemachine.DatanodeStateMachine (DatanodeStateMachine.java:lambda$startDaemon$0(350)) - Ozone container server started.
2019-09-09 16:56:40,960 [grpc-default-executor-6] WARN  server.GrpcLogAppender (LogUtils.java:warn(134)) - 99b77255-435a-4470-bbcd-054d51502fb4@group-B5582974CC04->fef3bd8d-d922-47de-a285-b5c5b7637dd8-AppendLogResponseHandler: Failed appendEntries: org.apache.ratis.thirdparty.io.grpc.StatusRuntimeException: UNAVAILABLE: io exception
2019-09-09 16:56:40,960 [grpc-default-executor-6] INFO  impl.FollowerInfo (FollowerInfo.java:lambda$new$0(51)) - 99b77255-435a-4470-bbcd-054d51502fb4@group-B5582974CC04->fef3bd8d-d922-47de-a285-b5c5b7637dd8: nextIndex: updateUnconditionally 1 -> 0
2019-09-09 16:56:41,309 [Datanode State Machine Thread - 0] INFO  statemachine.DatanodeStateMachine (DatanodeStateMachine.java:lambda$startDaemon$0(350)) - Ozone container server started.
2019-09-09 16:56:43,463 [grpc-default-executor-12] WARN  server.GrpcLogAppender (LogUtils.java:warn(134)) - 99b77255-435a-4470-bbcd-054d51502fb4@group-B5582974CC04->fef3bd8d-d922-47de-a285-b5c5b7637dd8-AppendLogResponseHandler: Failed appendEntries: org.apache.ratis.thirdparty.io.grpc.StatusRuntimeException: UNAVAILABLE: io exception
2019-09-09 16:56:43,464 [grpc-default-executor-12] INFO  impl.FollowerInfo (FollowerInfo.java:lambda$new$0(51)) - 99b77255-435a-4470-bbcd-054d51502fb4@group-B5582974CC04->fef3bd8d-d922-47de-a285-b5c5b7637dd8: nextIndex: updateUnconditionally 0 -> 0
2019-09-09 16:56:44,877 [EventQueue-StaleNodeForStaleNodeHandler] INFO  node.StaleNodeHandler (StaleNodeHandler.java:onMessage(58)) - Datanode 673f1e0c-3588-4517-a646-879dbe70b429{ip: 192.168.69.125, host: pr-hdds-2075-2jgdb-1977554158, networkLocation: /default-rack, certSerialId: null} moved to stale state. Finalizing its pipelines [PipelineID=cd5feb53-dc4d-4aaa-93b3-b5582974cc04, PipelineID=292a50d3-6442-4cec-84f5-feca49a8c19f]
2019-09-09 16:56:44,877 [EventQueue-StaleNodeForStaleNodeHandler] INFO  pipeline.SCMPipelineManager (SCMPipelineManager.java:finalizeAndDestroyPipeline(311)) - destroying pipeline:Pipeline[ Id: cd5feb53-dc4d-4aaa-93b3-b5582974cc04, Nodes: fef3bd8d-d922-47de-a285-b5c5b7637dd8{ip: 192.168.69.125, host: pr-hdds-2075-2jgdb-1977554158, networkLocation: /default-rack, certSerialId: null}99b77255-435a-4470-bbcd-054d51502fb4{ip: 192.168.69.125, host: pr-hdds-2075-2jgdb-1977554158, networkLocation: /default-rack, certSerialId: null}673f1e0c-3588-4517-a646-879dbe70b429{ip: 192.168.69.125, host: pr-hdds-2075-2jgdb-1977554158, networkLocation: /default-rack, certSerialId: null}, Type:RATIS, Factor:THREE, State:CLOSED]
2019-09-09 16:56:44,878 [EventQueue-StaleNodeForStaleNodeHandler] INFO  pipeline.SCMPipelineManager (SCMPipelineManager.java:finalizeAndDestroyPipeline(311)) - destroying pipeline:Pipeline[ Id: 292a50d3-6442-4cec-84f5-feca49a8c19f, Nodes: 673f1e0c-3588-4517-a646-879dbe70b429{ip: 192.168.69.125, host: pr-hdds-2075-2jgdb-1977554158, networkLocation: /default-rack, certSerialId: null}, Type:RATIS, Factor:ONE, State:OPEN]
2019-09-09 16:56:44,878 [EventQueue-StaleNodeForStaleNodeHandler] INFO  pipeline.PipelineStateManager (PipelineStateManager.java:finalizePipeline(123)) - Pipeline Pipeline[ Id: 292a50d3-6442-4cec-84f5-feca49a8c19f, Nodes: 673f1e0c-3588-4517-a646-879dbe70b429{ip: 192.168.69.125, host: pr-hdds-2075-2jgdb-1977554158, networkLocation: /default-rack, certSerialId: null}, Type:RATIS, Factor:ONE, State:CLOSED] moved to CLOSED state
2019-09-09 16:56:45,378 [EventQueue-StaleNodeForStaleNodeHandler] INFO  node.StaleNodeHandler (StaleNodeHandler.java:onMessage(58)) - Datanode a5b923f2-7f8f-418d-81e1-d85ab7469232{ip: 192.168.69.125, host: pr-hdds-2075-2jgdb-1977554158, networkLocation: /default-rack, certSerialId: null} moved to stale state. Finalizing its pipelines [PipelineID=c6681cf7-c76c-4c8b-99e3-81530f27090c, PipelineID=fa876232-6852-4728-8832-6c05af0cd5a8]
2019-09-09 16:56:45,379 [EventQueue-StaleNodeForStaleNodeHandler] INFO  pipeline.SCMPipelineManager (SCMPipelineManager.java:finalizeAndDestroyPipeline(311)) - destroying pipeline:Pipeline[ Id: c6681cf7-c76c-4c8b-99e3-81530f27090c, Nodes: a5b923f2-7f8f-418d-81e1-d85ab7469232{ip: 192.168.69.125, host: pr-hdds-2075-2jgdb-1977554158, networkLocation: /default-rack, certSerialId: null}, Type:RATIS, Factor:ONE, State:OPEN]
2019-09-09 16:56:45,379 [EventQueue-StaleNodeForStaleNodeHandler] INFO  pipeline.PipelineStateManager (PipelineStateManager.java:finalizePipeline(123)) - Pipeline Pipeline[ Id: c6681cf7-c76c-4c8b-99e3-81530f27090c, Nodes: a5b923f2-7f8f-418d-81e1-d85ab7469232{ip: 192.168.69.125, host: pr-hdds-2075-2jgdb-1977554158, networkLocation: /default-rack, certSerialId: null}, Type:RATIS, Factor:ONE, State:CLOSED] moved to CLOSED state
2019-09-09 16:56:45,380 [EventQueue-StaleNodeForStaleNodeHandler] INFO  pipeline.SCMPipelineManager (SCMPipelineManager.java:finalizeAndDestroyPipeline(311)) - destroying pipeline:Pipeline[ Id: fa876232-6852-4728-8832-6c05af0cd5a8, Nodes: b4370686-254e-42e8-8711-e188529c4c34{ip: 192.168.69.125, host: pr-hdds-2075-2jgdb-1977554158, networkLocation: /default-rack, certSerialId: null}a5b923f2-7f8f-418d-81e1-d85ab7469232{ip: 192.168.69.125, host: pr-hdds-2075-2jgdb-1977554158, networkLocation: /default-rack, certSerialId: null}5ffdae7f-f4e4-4d79-867a-68feb8e0c22d{ip: 192.168.69.125, host: pr-hdds-2075-2jgdb-1977554158, networkLocation: /default-rack, certSerialId: null}, Type:RATIS, Factor:THREE, State:OPEN]
2019-09-09 16:56:45,380 [EventQueue-StaleNodeForStaleNodeHandler] INFO  pipeline.PipelineStateManager (PipelineStateManager.java:finalizePipeline(123)) - Pipeline Pipeline[ Id: fa876232-6852-4728-8832-6c05af0cd5a8, Nodes: b4370686-254e-42e8-8711-e188529c4c34{ip: 192.168.69.125, host: pr-hdds-2075-2jgdb-1977554158, networkLocation: /default-rack, certSerialId: null}a5b923f2-7f8f-418d-81e1-d85ab7469232{ip: 192.168.69.125, host: pr-hdds-2075-2jgdb-1977554158, networkLocation: /default-rack, certSerialId: null}5ffdae7f-f4e4-4d79-867a-68feb8e0c22d{ip: 192.168.69.125, host: pr-hdds-2075-2jgdb-1977554158, networkLocation: /default-rack, certSerialId: null}, Type:RATIS, Factor:THREE, State:CLOSED] moved to CLOSED state
2019-09-09 16:56:45,380 [EventQueue-CloseContainerForCloseContainerEventHandler] INFO  container.CloseContainerEventHandler (CloseContainerEventHandler.java:onMessage(61)) - Close container Event triggered for container : #2
2019-09-09 16:56:45,650 [main] INFO  ozoneimpl.OzoneContainer (OzoneContainer.java:stop(231)) - Attempting to stop container services.
2019-09-09 16:56:45,650 [ForkJoinPool.commonPool-worker-0] INFO  ozoneimpl.OzoneContainer (OzoneContainer.java:stop(231)) - Attempting to stop container services.
2019-09-09 16:56:45,654 [main] INFO  impl.RaftServerProxy (RaftServerProxy.java:lambda$close$4(314)) - a5b923f2-7f8f-418d-81e1-d85ab7469232: close
2019-09-09 16:56:45,654 [ForkJoinPool.commonPool-worker-0] INFO  impl.RaftServerProxy (RaftServerProxy.java:lambda$close$4(314)) - 673f1e0c-3588-4517-a646-879dbe70b429: close
2019-09-09 16:56:45,655 [ForkJoinPool.commonPool-worker-0] INFO  impl.RaftServerImpl (RaftServerImpl.java:lambda$shutdown$3(251)) - 673f1e0c-3588-4517-a646-879dbe70b429@group-B5582974CC04: shutdown
2019-09-09 16:56:45,655 [main] INFO  impl.RaftServerImpl (RaftServerImpl.java:lambda$shutdown$3(251)) - a5b923f2-7f8f-418d-81e1-d85ab7469232@group-81530F27090C: shutdown
2019-09-09 16:56:45,655 [ForkJoinPool.commonPool-worker-0] INFO  util.JmxRegister (JmxRegister.java:unregister(73)) - Successfully un-registered JMX Bean with object name Ratis:service=RaftServer,group=group-B5582974CC04,id=673f1e0c-3588-4517-a646-879dbe70b429
2019-09-09 16:56:45,655 [main] INFO  util.JmxRegister (JmxRegister.java:unregister(73)) - Successfully un-registered JMX Bean with object name Ratis:service=RaftServer,group=group-81530F27090C,id=a5b923f2-7f8f-418d-81e1-d85ab7469232
2019-09-09 16:56:45,656 [ForkJoinPool.commonPool-worker-0] INFO  impl.RoleInfo (RoleInfo.java:shutdownFollowerState(121)) - 673f1e0c-3588-4517-a646-879dbe70b429: shutdown FollowerState
2019-09-09 16:56:45,656 [main] INFO  impl.RoleInfo (RoleInfo.java:shutdownLeaderState(104)) - a5b923f2-7f8f-418d-81e1-d85ab7469232: shutdown LeaderState
2019-09-09 16:56:45,656 [Thread-3353] INFO  impl.FollowerState (FollowerState.java:run(115)) - 673f1e0c-3588-4517-a646-879dbe70b429: FollowerState was interrupted: java.lang.InterruptedException: sleep interrupted
2019-09-09 16:56:45,656 [ForkJoinPool.commonPool-worker-0] INFO  impl.StateMachineUpdater (StateMachineUpdater.java:stopAndJoin(125)) - 673f1e0c-3588-4517-a646-879dbe70b429@group-B5582974CC04-StateMachineUpdater: set stopIndex = 17
2019-09-09 16:56:45,657 [main] INFO  impl.PendingRequests (PendingRequests.java:sendNotLeaderResponses(202)) - a5b923f2-7f8f-418d-81e1-d85ab7469232-PendingRequests: sendNotLeaderResponses
2019-09-09 16:56:45,657 [673f1e0c-3588-4517-a646-879dbe70b429@group-B5582974CC04-StateMachineUpdater] INFO  ratis.ContainerStateMachine (ContainerStateMachine.java:takeSnapshot(289)) - group-B5582974CC04: Taking a snapshot at:(t:3, i:13) file /workdir/hadoop-ozone/integration-test/target/test-dir/MiniOzoneClusterImpl-159a55fc-c6c6-4d0b-a61c-0ed7c6373e46/datanode-1/data/ratis/cd5feb53-dc4d-4aaa-93b3-b5582974cc04/sm/snapshot.3_13
2019-09-09 16:56:45,659 [main] INFO  impl.StateMachineUpdater (StateMachineUpdater.java:stopAndJoin(125)) - a5b923f2-7f8f-418d-81e1-d85ab7469232@group-81530F27090C-StateMachineUpdater: set stopIndex = 0
2019-09-09 16:56:45,659 [main] INFO  impl.RaftServerImpl (ServerState.java:close(385)) - a5b923f2-7f8f-418d-81e1-d85ab7469232@group-81530F27090C: closes. applyIndex: 0
2019-09-09 16:56:45,660 [a5b923f2-7f8f-418d-81e1-d85ab7469232@group-81530F27090C-SegmentedRaftLogWorker] INFO  segmented.SegmentedRaftLogWorker (SegmentedRaftLogWorker.java:run(313)) - a5b923f2-7f8f-418d-81e1-d85ab7469232@group-81530F27090C-SegmentedRaftLogWorker was interrupted, exiting. There are 0 tasks remaining in the queue.
2019-09-09 16:56:45,663 [main] INFO  segmented.SegmentedRaftLogWorker (SegmentedRaftLogWorker.java:close(228)) - a5b923f2-7f8f-418d-81e1-d85ab7469232@group-81530F27090C-SegmentedRaftLogWorker close()
2019-09-09 16:56:45,667 [main] INFO  impl.RaftServerImpl (RaftServerImpl.java:lambda$shutdown$3(251)) - a5b923f2-7f8f-418d-81e1-d85ab7469232@group-6C05AF0CD5A8: shutdown
2019-09-09 16:56:45,668 [main] INFO  util.JmxRegister (JmxRegister.java:unregister(73)) - Successfully un-registered JMX Bean with object name Ratis:service=RaftServer,group=group-6C05AF0CD5A8,id=a5b923f2-7f8f-418d-81e1-d85ab7469232
2019-09-09 16:56:45,668 [main] INFO  impl.RoleInfo (RoleInfo.java:shutdownFollowerState(121)) - a5b923f2-7f8f-418d-81e1-d85ab7469232: shutdown FollowerState
2019-09-09 16:56:45,668 [main] INFO  impl.StateMachineUpdater (StateMachineUpdater.java:stopAndJoin(125)) - a5b923f2-7f8f-418d-81e1-d85ab7469232@group-6C05AF0CD5A8-StateMachineUpdater: set stopIndex = 15
2019-09-09 16:56:45,668 [Thread-3143] INFO  impl.FollowerState (FollowerState.java:run(115)) - a5b923f2-7f8f-418d-81e1-d85ab7469232: FollowerState was interrupted: java.lang.InterruptedException: sleep interrupted
2019-09-09 16:56:45,668 [a5b923f2-7f8f-418d-81e1-d85ab7469232@group-6C05AF0CD5A8-StateMachineUpdater] INFO  ratis.ContainerStateMachine (ContainerStateMachine.java:takeSnapshot(289)) - group-6C05AF0CD5A8: Taking a snapshot at:(t:2, i:14) file /workdir/hadoop-ozone/integration-test/target/test-dir/MiniOzoneClusterImpl-159a55fc-c6c6-4d0b-a61c-0ed7c6373e46/datanode-3/data/ratis/fa876232-6852-4728-8832-6c05af0cd5a8/sm/snapshot.2_14
2019-09-09 16:56:45,676 [673f1e0c-3588-4517-a646-879dbe70b429@group-B5582974CC04-StateMachineUpdater] INFO  ratis.ContainerStateMachine (ContainerStateMachine.java:takeSnapshot(300)) - group-B5582974CC04: Finished taking a snapshot at:(t:3, i:13) file:/workdir/hadoop-ozone/integration-test/target/test-dir/MiniOzoneClusterImpl-159a55fc-c6c6-4d0b-a61c-0ed7c6373e46/datanode-1/data/ratis/cd5feb53-dc4d-4aaa-93b3-b5582974cc04/sm/snapshot.3_13 time:19
2019-09-09 16:56:45,676 [673f1e0c-3588-4517-a646-879dbe70b429@group-B5582974CC04-StateMachineUpdater] INFO  impl.StateMachineUpdater (StateMachineUpdater.java:takeSnapshot(258)) - 673f1e0c-3588-4517-a646-879dbe70b429@group-B5582974CC04-StateMachineUpdater: Took a snapshot at index 13
2019-09-09 16:56:45,676 [673f1e0c-3588-4517-a646-879dbe70b429@group-B5582974CC04-StateMachineUpdater] INFO  impl.StateMachineUpdater (StateMachineUpdater.java:lambda$new$0(83)) - 673f1e0c-3588-4517-a646-879dbe70b429@group-B5582974CC04-StateMachineUpdater: snapshotIndex: updateIncreasingly -1 -> 13
2019-09-09 16:56:45,676 [673f1e0c-3588-4517-a646-879dbe70b429@group-B5582974CC04-StateMachineUpdater] INFO  ratis.ContainerStateMachine (ContainerStateMachine.java:takeSnapshot(289)) - group-B5582974CC04: Taking a snapshot at:(t:3, i:13) file /workdir/hadoop-ozone/integration-test/target/test-dir/MiniOzoneClusterImpl-159a55fc-c6c6-4d0b-a61c-0ed7c6373e46/datanode-1/data/ratis/cd5feb53-dc4d-4aaa-93b3-b5582974cc04/sm/snapshot.3_13
2019-09-09 16:56:45,692 [673f1e0c-3588-4517-a646-879dbe70b429@group-B5582974CC04-StateMachineUpdater] INFO  ratis.ContainerStateMachine (ContainerStateMachine.java:takeSnapshot(300)) - group-B5582974CC04: Finished taking a snapshot at:(t:3, i:13) file:/workdir/hadoop-ozone/integration-test/target/test-dir/MiniOzoneClusterImpl-159a55fc-c6c6-4d0b-a61c-0ed7c6373e46/datanode-1/data/ratis/cd5feb53-dc4d-4aaa-93b3-b5582974cc04/sm/snapshot.3_13 time:16
2019-09-09 16:56:45,692 [673f1e0c-3588-4517-a646-879dbe70b429@group-B5582974CC04-StateMachineUpdater] INFO  impl.StateMachineUpdater (StateMachineUpdater.java:takeSnapshot(258)) - 673f1e0c-3588-4517-a646-879dbe70b429@group-B5582974CC04-StateMachineUpdater: Took a snapshot at index 13
2019-09-09 16:56:45,692 [a5b923f2-7f8f-418d-81e1-d85ab7469232@group-6C05AF0CD5A8-StateMachineUpdater] INFO  ratis.ContainerStateMachine (ContainerStateMachine.java:takeSnapshot(300)) - group-6C05AF0CD5A8: Finished taking a snapshot at:(t:2, i:14) file:/workdir/hadoop-ozone/integration-test/target/test-dir/MiniOzoneClusterImpl-159a55fc-c6c6-4d0b-a61c-0ed7c6373e46/datanode-3/data/ratis/fa876232-6852-4728-8832-6c05af0cd5a8/sm/snapshot.2_14 time:24
2019-09-09 16:56:45,693 [673f1e0c-3588-4517-a646-879dbe70b429@group-B5582974CC04-StateMachineUpdater] INFO  impl.StateMachineUpdater (StateMachineUpdater.java:lambda$new$0(83)) - 673f1e0c-3588-4517-a646-879dbe70b429@group-B5582974CC04-StateMachineUpdater: snapshotIndex: updateIncreasingly 13 -> 13
2019-09-09 16:56:45,693 [a5b923f2-7f8f-418d-81e1-d85ab7469232@group-6C05AF0CD5A8-StateMachineUpdater] INFO  impl.StateMachineUpdater (StateMachineUpdater.java:takeSnapshot(258)) - a5b923f2-7f8f-418d-81e1-d85ab7469232@group-6C05AF0CD5A8-StateMachineUpdater: Took a snapshot at index 14
2019-09-09 16:56:45,693 [a5b923f2-7f8f-418d-81e1-d85ab7469232@group-6C05AF0CD5A8-StateMachineUpdater] INFO  impl.StateMachineUpdater (StateMachineUpdater.java:lambda$new$0(83)) - a5b923f2-7f8f-418d-81e1-d85ab7469232@group-6C05AF0CD5A8-StateMachineUpdater: snapshotIndex: updateIncreasingly -1 -> 14
2019-09-09 16:56:45,693 [ForkJoinPool.commonPool-worker-0] INFO  impl.RaftServerImpl (ServerState.java:close(385)) - 673f1e0c-3588-4517-a646-879dbe70b429@group-B5582974CC04: closes. applyIndex: 17
2019-09-09 16:56:45,693 [a5b923f2-7f8f-418d-81e1-d85ab7469232@group-6C05AF0CD5A8-StateMachineUpdater] INFO  ratis.ContainerStateMachine (ContainerStateMachine.java:takeSnapshot(289)) - group-6C05AF0CD5A8: Taking a snapshot at:(t:2, i:14) file /workdir/hadoop-ozone/integration-test/target/test-dir/MiniOzoneClusterImpl-159a55fc-c6c6-4d0b-a61c-0ed7c6373e46/datanode-3/data/ratis/fa876232-6852-4728-8832-6c05af0cd5a8/sm/snapshot.2_14
2019-09-09 16:56:45,693 [673f1e0c-3588-4517-a646-879dbe70b429@group-B5582974CC04-SegmentedRaftLogWorker] INFO  segmented.SegmentedRaftLogWorker (SegmentedRaftLogWorker.java:run(313)) - 673f1e0c-3588-4517-a646-879dbe70b429@group-B5582974CC04-SegmentedRaftLogWorker was interrupted, exiting. There are 0 tasks remaining in the queue.
2019-09-09 16:56:45,696 [ForkJoinPool.commonPool-worker-0] INFO  segmented.SegmentedRaftLogWorker (SegmentedRaftLogWorker.java:close(228)) - 673f1e0c-3588-4517-a646-879dbe70b429@group-B5582974CC04-SegmentedRaftLogWorker close()
2019-09-09 16:56:45,700 [ForkJoinPool.commonPool-worker-0] INFO  impl.RaftServerImpl (RaftServerImpl.java:lambda$shutdown$3(251)) - 673f1e0c-3588-4517-a646-879dbe70b429@group-FECA49A8C19F: shutdown
2019-09-09 16:56:45,700 [ForkJoinPool.commonPool-worker-0] INFO  util.JmxRegister (JmxRegister.java:unregister(73)) - Successfully un-registered JMX Bean with object name Ratis:service=RaftServer,group=group-FECA49A8C19F,id=673f1e0c-3588-4517-a646-879dbe70b429
2019-09-09 16:56:45,700 [ForkJoinPool.commonPool-worker-0] INFO  impl.RoleInfo (RoleInfo.java:shutdownLeaderState(104)) - 673f1e0c-3588-4517-a646-879dbe70b429: shutdown LeaderState
2019-09-09 16:56:45,700 [ForkJoinPool.commonPool-worker-0] INFO  impl.PendingRequests (PendingRequests.java:sendNotLeaderResponses(202)) - 673f1e0c-3588-4517-a646-879dbe70b429-PendingRequests: sendNotLeaderResponses
2019-09-09 16:56:45,701 [ForkJoinPool.commonPool-worker-0] INFO  impl.StateMachineUpdater (StateMachineUpdater.java:stopAndJoin(125)) - 673f1e0c-3588-4517-a646-879dbe70b429@group-FECA49A8C19F-StateMachineUpdater: set stopIndex = 0
2019-09-09 16:56:45,701 [ForkJoinPool.commonPool-worker-0] INFO  impl.RaftServerImpl (ServerState.java:close(385)) - 673f1e0c-3588-4517-a646-879dbe70b429@group-FECA49A8C19F: closes. applyIndex: 0
2019-09-09 16:56:45,701 [673f1e0c-3588-4517-a646-879dbe70b429@group-FECA49A8C19F-SegmentedRaftLogWorker] INFO  segmented.SegmentedRaftLogWorker (SegmentedRaftLogWorker.java:run(313)) - 673f1e0c-3588-4517-a646-879dbe70b429@group-FECA49A8C19F-SegmentedRaftLogWorker was interrupted, exiting. There are 0 tasks remaining in the queue.
2019-09-09 16:56:45,703 [ForkJoinPool.commonPool-worker-0] INFO  segmented.SegmentedRaftLogWorker (SegmentedRaftLogWorker.java:close(228)) - 673f1e0c-3588-4517-a646-879dbe70b429@group-FECA49A8C19F-SegmentedRaftLogWorker close()
2019-09-09 16:56:45,707 [ForkJoinPool.commonPool-worker-0] INFO  server.GrpcService (GrpcService.java:closeImpl(164)) - 673f1e0c-3588-4517-a646-879dbe70b429: shutdown server with port 36334 now
2019-09-09 16:56:45,708 [grpc-default-executor-12] WARN  server.GrpcServerProtocolService (LogUtils.java:warn(134)) - 673f1e0c-3588-4517-a646-879dbe70b429: installSnapshot onError, lastRequest: 99b77255-435a-4470-bbcd-054d51502fb4->673f1e0c-3588-4517-a646-879dbe70b429#4-t7, previous=(t:7, i:17), leaderCommit=17, initializing? false, entries: <empty>: org.apache.ratis.thirdparty.io.grpc.StatusRuntimeException: CANCELLED: cancelled before receiving half close
2019-09-09 16:56:45,708 [ForkJoinPool.commonPool-worker-0] INFO  server.GrpcService (GrpcService.java:closeImpl(172)) - 673f1e0c-3588-4517-a646-879dbe70b429: shutdown server with port 36334 successfully
2019-09-09 16:56:45,709 [grpc-default-executor-6] WARN  server.GrpcLogAppender (LogUtils.java:warn(134)) - 99b77255-435a-4470-bbcd-054d51502fb4@group-B5582974CC04->673f1e0c-3588-4517-a646-879dbe70b429-AppendLogResponseHandler: Failed appendEntries: org.apache.ratis.thirdparty.io.grpc.StatusRuntimeException: CANCELLED: HTTP/2 error code: CANCEL
Received Rst Stream
2019-09-09 16:56:45,709 [grpc-default-executor-6] INFO  impl.FollowerInfo (FollowerInfo.java:lambda$new$0(51)) - 99b77255-435a-4470-bbcd-054d51502fb4@group-B5582974CC04->673f1e0c-3588-4517-a646-879dbe70b429: nextIndex: updateUnconditionally 18 -> 17
2019-09-09 16:56:45,715 [refreshUsed-/workdir/hadoop-ozone/integration-test/target/test-dir/MiniOzoneClusterImpl-159a55fc-c6c6-4d0b-a61c-0ed7c6373e46/datanode-1/data/containers] WARN  fs.CachingGetSpaceUsed (CachingGetSpaceUsed.java:run(183)) - Thread Interrupted waiting to refresh disk information: sleep interrupted
2019-09-09 16:56:45,717 [a5b923f2-7f8f-418d-81e1-d85ab7469232@group-6C05AF0CD5A8-StateMachineUpdater] INFO  ratis.ContainerStateMachine (ContainerStateMachine.java:takeSnapshot(300)) - group-6C05AF0CD5A8: Finished taking a snapshot at:(t:2, i:14) file:/workdir/hadoop-ozone/integration-test/target/test-dir/MiniOzoneClusterImpl-159a55fc-c6c6-4d0b-a61c-0ed7c6373e46/datanode-3/data/ratis/fa876232-6852-4728-8832-6c05af0cd5a8/sm/snapshot.2_14 time:24
2019-09-09 16:56:45,717 [a5b923f2-7f8f-418d-81e1-d85ab7469232@group-6C05AF0CD5A8-StateMachineUpdater] INFO  impl.StateMachineUpdater (StateMachineUpdater.java:takeSnapshot(258)) - a5b923f2-7f8f-418d-81e1-d85ab7469232@group-6C05AF0CD5A8-StateMachineUpdater: Took a snapshot at index 14
2019-09-09 16:56:45,717 [a5b923f2-7f8f-418d-81e1-d85ab7469232@group-6C05AF0CD5A8-StateMachineUpdater] INFO  impl.StateMachineUpdater (StateMachineUpdater.java:lambda$new$0(83)) - a5b923f2-7f8f-418d-81e1-d85ab7469232@group-6C05AF0CD5A8-StateMachineUpdater: snapshotIndex: updateIncreasingly 14 -> 14
2019-09-09 16:56:45,717 [main] INFO  impl.RaftServerImpl (ServerState.java:close(385)) - a5b923f2-7f8f-418d-81e1-d85ab7469232@group-6C05AF0CD5A8: closes. applyIndex: 15
2019-09-09 16:56:45,718 [a5b923f2-7f8f-418d-81e1-d85ab7469232@group-6C05AF0CD5A8-SegmentedRaftLogWorker] INFO  segmented.SegmentedRaftLogWorker (SegmentedRaftLogWorker.java:run(313)) - a5b923f2-7f8f-418d-81e1-d85ab7469232@group-6C05AF0CD5A8-SegmentedRaftLogWorker was interrupted, exiting. There are 0 tasks remaining in the queue.
2019-09-09 16:56:45,720 [main] INFO  segmented.SegmentedRaftLogWorker (SegmentedRaftLogWorker.java:close(228)) - a5b923f2-7f8f-418d-81e1-d85ab7469232@group-6C05AF0CD5A8-SegmentedRaftLogWorker close()
2019-09-09 16:56:45,723 [main] INFO  server.GrpcService (GrpcService.java:closeImpl(164)) - a5b923f2-7f8f-418d-81e1-d85ab7469232: shutdown server with port 40605 now
2019-09-09 16:56:45,723 [grpc-default-executor-6] WARN  server.GrpcServerProtocolService (LogUtils.java:warn(134)) - a5b923f2-7f8f-418d-81e1-d85ab7469232: installSnapshot onError, lastRequest: 5ffdae7f-f4e4-4d79-867a-68feb8e0c22d->a5b923f2-7f8f-418d-81e1-d85ab7469232#33-t2, previous=(t:2, i:15), leaderCommit=15, initializing? false, entries: <empty>: org.apache.ratis.thirdparty.io.grpc.StatusRuntimeException: CANCELLED: cancelled before receiving half close
2019-09-09 16:56:45,723 [main] INFO  server.GrpcService (GrpcService.java:closeImpl(172)) - a5b923f2-7f8f-418d-81e1-d85ab7469232: shutdown server with port 40605 successfully
2019-09-09 16:56:45,724 [grpc-default-executor-10] WARN  server.GrpcLogAppender (LogUtils.java:warn(134)) - 5ffdae7f-f4e4-4d79-867a-68feb8e0c22d@group-6C05AF0CD5A8->a5b923f2-7f8f-418d-81e1-d85ab7469232-AppendLogResponseHandler: Failed appendEntries: org.apache.ratis.thirdparty.io.grpc.StatusRuntimeException: CANCELLED: HTTP/2 error code: CANCEL
Received Rst Stream
2019-09-09 16:56:45,724 [grpc-default-executor-10] INFO  impl.FollowerInfo (FollowerInfo.java:lambda$new$0(51)) - 5ffdae7f-f4e4-4d79-867a-68feb8e0c22d@group-6C05AF0CD5A8->a5b923f2-7f8f-418d-81e1-d85ab7469232: nextIndex: updateUnconditionally 16 -> 15
2019-09-09 16:56:45,726 [refreshUsed-/workdir/hadoop-ozone/integration-test/target/test-dir/MiniOzoneClusterImpl-159a55fc-c6c6-4d0b-a61c-0ed7c6373e46/datanode-3/data/containers] WARN  fs.CachingGetSpaceUsed (CachingGetSpaceUsed.java:run(183)) - Thread Interrupted waiting to refresh disk information: sleep interrupted
2019-09-09 16:56:45,737 [ForkJoinPool.commonPool-worker-0] INFO  utils.BackgroundService (BackgroundService.java:shutdown(148)) - Shutting down service BlockDeletingService
2019-09-09 16:56:45,740 [ForkJoinPool.commonPool-worker-0] INFO  statemachine.DatanodeStateMachine (DatanodeStateMachine.java:stopDaemon(395)) - Ozone container server stopped.
2019-09-09 16:56:45,745 [ForkJoinPool.commonPool-worker-0] INFO  handler.ContextHandler (ContextHandler.java:doStop(910)) - Stopped o.e.j.w.WebAppContext@5333f08f{/,null,UNAVAILABLE}{/hddsDatanode}
2019-09-09 16:56:45,745 [main] INFO  utils.BackgroundService (BackgroundService.java:shutdown(148)) - Shutting down service BlockDeletingService
2019-09-09 16:56:45,749 [main] INFO  statemachine.DatanodeStateMachine (DatanodeStateMachine.java:stopDaemon(395)) - Ozone container server stopped.
2019-09-09 16:56:45,749 [ForkJoinPool.commonPool-worker-0] INFO  server.AbstractConnector (AbstractConnector.java:doStop(318)) - Stopped ServerConnector@27898e13{HTTP/1.1,[http/1.1]}{0.0.0.0:0}
2019-09-09 16:56:45,751 [ForkJoinPool.commonPool-worker-0] INFO  handler.ContextHandler (ContextHandler.java:doStop(910)) - Stopped o.e.j.s.ServletContextHandler@175c5c3a{/static,jar:file:/home/user/.m2/repository/org/apache/hadoop/hadoop-hdds-container-service/0.5.0-SNAPSHOT/hadoop-hdds-container-service-0.5.0-SNAPSHOT.jar!/webapps/static,UNAVAILABLE}
2019-09-09 16:56:45,751 [main] INFO  handler.ContextHandler (ContextHandler.java:doStop(910)) - Stopped o.e.j.w.WebAppContext@336f49a1{/,null,UNAVAILABLE}{/hddsDatanode}
2019-09-09 16:56:45,752 [ForkJoinPool.commonPool-worker-0] INFO  handler.ContextHandler (ContextHandler.java:doStop(910)) - Stopped o.e.j.s.ServletContextHandler@430df350{/logs,file:///workdir/hadoop-ozone/integration-test/target/log,UNAVAILABLE}
2019-09-09 16:56:45,753 [main] INFO  server.AbstractConnector (AbstractConnector.java:doStop(318)) - Stopped ServerConnector@2c8b8de0{HTTP/1.1,[http/1.1]}{0.0.0.0:0}
2019-09-09 16:56:45,753 [main] INFO  handler.ContextHandler (ContextHandler.java:doStop(910)) - Stopped o.e.j.s.ServletContextHandler@27e199ce{/static,jar:file:/home/user/.m2/repository/org/apache/hadoop/hadoop-hdds-container-service/0.5.0-SNAPSHOT/hadoop-hdds-container-service-0.5.0-SNAPSHOT.jar!/webapps/static,UNAVAILABLE}
2019-09-09 16:56:45,754 [main] INFO  handler.ContextHandler (ContextHandler.java:doStop(910)) - Stopped o.e.j.s.ServletContextHandler@454bcbbf{/logs,file:///workdir/hadoop-ozone/integration-test/target/log,UNAVAILABLE}
2019-09-09 16:56:45,863 [Datanode State Machine Thread - 0] INFO  statemachine.DatanodeStateMachine (DatanodeStateMachine.java:lambda$startDaemon$0(350)) - Ozone container server started.
2019-09-09 16:56:45,964 [grpc-default-executor-6] WARN  server.GrpcLogAppender (LogUtils.java:warn(134)) - 99b77255-435a-4470-bbcd-054d51502fb4@group-B5582974CC04->fef3bd8d-d922-47de-a285-b5c5b7637dd8-AppendLogResponseHandler: Failed appendEntries: org.apache.ratis.thirdparty.io.grpc.StatusRuntimeException: UNAVAILABLE: io exception
2019-09-09 16:56:45,964 [grpc-default-executor-10] WARN  server.GrpcLogAppender (LogUtils.java:warn(134)) - 99b77255-435a-4470-bbcd-054d51502fb4@group-B5582974CC04->673f1e0c-3588-4517-a646-879dbe70b429-AppendLogResponseHandler: Failed appendEntries: org.apache.ratis.thirdparty.io.grpc.StatusRuntimeException: UNAVAILABLE: io exception
2019-09-09 16:56:45,965 [grpc-default-executor-6] INFO  impl.FollowerInfo (FollowerInfo.java:lambda$new$0(51)) - 99b77255-435a-4470-bbcd-054d51502fb4@group-B5582974CC04->fef3bd8d-d922-47de-a285-b5c5b7637dd8: nextIndex: updateUnconditionally 0 -> 0
2019-09-09 16:56:45,965 [grpc-default-executor-10] INFO  impl.FollowerInfo (FollowerInfo.java:lambda$new$0(51)) - 99b77255-435a-4470-bbcd-054d51502fb4@group-B5582974CC04->673f1e0c-3588-4517-a646-879dbe70b429: nextIndex: updateUnconditionally 17 -> 16
2019-09-09 16:56:46,257 [Datanode State Machine Thread - 0] INFO  statemachine.DatanodeStateMachine (DatanodeStateMachine.java:lambda$startDaemon$0(350)) - Ozone container server started.
2019-09-09 16:56:48,124 [grpc-default-executor-9] WARN  server.GrpcLogAppender (LogUtils.java:warn(134)) - 5ffdae7f-f4e4-4d79-867a-68feb8e0c22d@group-6C05AF0CD5A8->a5b923f2-7f8f-418d-81e1-d85ab7469232-AppendLogResponseHandler: Failed appendEntries: org.apache.ratis.thirdparty.io.grpc.StatusRuntimeException: UNAVAILABLE: io exception
2019-09-09 16:56:48,124 [grpc-default-executor-9] INFO  impl.FollowerInfo (FollowerInfo.java:lambda$new$0(51)) - 5ffdae7f-f4e4-4d79-867a-68feb8e0c22d@group-6C05AF0CD5A8->a5b923f2-7f8f-418d-81e1-d85ab7469232: nextIndex: updateUnconditionally 15 -> 14
2019-09-09 16:56:48,350 [grpc-default-executor-6] WARN  server.GrpcLogAppender (LogUtils.java:warn(134)) - 5ffdae7f-f4e4-4d79-867a-68feb8e0c22d@group-6C05AF0CD5A8->a5b923f2-7f8f-418d-81e1-d85ab7469232-AppendLogResponseHandler: Failed appendEntries: org.apache.ratis.thirdparty.io.grpc.StatusRuntimeException: UNAVAILABLE: io exception
2019-09-09 16:56:48,350 [grpc-default-executor-6] INFO  impl.FollowerInfo (FollowerInfo.java:lambda$new$0(51)) - 5ffdae7f-f4e4-4d79-867a-68feb8e0c22d@group-6C05AF0CD5A8->a5b923f2-7f8f-418d-81e1-d85ab7469232: nextIndex: updateUnconditionally 15 -> 14
2019-09-09 16:56:48,359 [grpc-default-executor-9] WARN  server.GrpcLogAppender (LogUtils.java:warn(134)) - 5ffdae7f-f4e4-4d79-867a-68feb8e0c22d@group-6C05AF0CD5A8->a5b923f2-7f8f-418d-81e1-d85ab7469232-AppendLogResponseHandler: Failed appendEntries: org.apache.ratis.thirdparty.io.grpc.StatusRuntimeException: UNAVAILABLE: io exception
2019-09-09 16:56:48,359 [grpc-default-executor-9] INFO  impl.FollowerInfo (FollowerInfo.java:lambda$new$0(51)) - 5ffdae7f-f4e4-4d79-867a-68feb8e0c22d@group-6C05AF0CD5A8->a5b923f2-7f8f-418d-81e1-d85ab7469232: nextIndex: updateUnconditionally 15 -> 14
2019-09-09 16:56:48,371 [RatisApplyTransactionExecutor 2] INFO  interfaces.Container (KeyValueContainer.java:flushAndSyncDB(384)) - Container 2 is synced with bcsId 14.
2019-09-09 16:56:48,372 [RatisApplyTransactionExecutor 2] INFO  interfaces.Container (KeyValueContainer.java:flushAndSyncDB(384)) - Container 2 is synced with bcsId 14.
2019-09-09 16:56:48,381 [grpc-default-executor-9] WARN  server.GrpcLogAppender (LogUtils.java:warn(134)) - 5ffdae7f-f4e4-4d79-867a-68feb8e0c22d@group-6C05AF0CD5A8->a5b923f2-7f8f-418d-81e1-d85ab7469232-AppendLogResponseHandler: Failed appendEntries: org.apache.ratis.thirdparty.io.grpc.StatusRuntimeException: UNAVAILABLE: io exception
2019-09-09 16:56:48,382 [grpc-default-executor-9] INFO  impl.FollowerInfo (FollowerInfo.java:lambda$new$0(51)) - 5ffdae7f-f4e4-4d79-867a-68feb8e0c22d@group-6C05AF0CD5A8->a5b923f2-7f8f-418d-81e1-d85ab7469232: nextIndex: updateUnconditionally 15 -> 14
2019-09-09 16:56:48,392 [RatisApplyTransactionExecutor 2] INFO  interfaces.Container (KeyValueContainer.java:close(333)) - Container 2 is closed with bcsId 14.
2019-09-09 16:56:48,393 [EventQueue-IncrementalContainerReportForIncrementalContainerReportHandler] INFO  container.IncrementalContainerReportHandler (AbstractContainerReportHandler.java:updateContainerState(176)) - Moving container #2 to CLOSED state, datanode 5ffdae7f-f4e4-4d79-867a-68feb8e0c22d{ip: 192.168.69.125, host: pr-hdds-2075-2jgdb-1977554158, networkLocation: /default-rack, certSerialId: null} reported CLOSED replica.
2019-09-09 16:56:48,395 [RatisApplyTransactionExecutor 2] INFO  interfaces.Container (KeyValueContainer.java:flushAndSyncDB(384)) - Container 2 is synced with bcsId 14.
2019-09-09 16:56:48,395 [RatisApplyTransactionExecutor 2] INFO  interfaces.Container (KeyValueContainer.java:flushAndSyncDB(384)) - Container 2 is synced with bcsId 14.
2019-09-09 16:56:48,416 [RatisApplyTransactionExecutor 2] INFO  interfaces.Container (KeyValueContainer.java:close(333)) - Container 2 is closed with bcsId 14.
2019-09-09 16:56:48,464 [grpc-default-executor-9] WARN  server.GrpcLogAppender (LogUtils.java:warn(134)) - 99b77255-435a-4470-bbcd-054d51502fb4@group-B5582974CC04->fef3bd8d-d922-47de-a285-b5c5b7637dd8-AppendLogResponseHandler: Failed appendEntries: org.apache.ratis.thirdparty.io.grpc.StatusRuntimeException: UNAVAILABLE: io exception
2019-09-09 16:56:48,464 [grpc-default-executor-9] INFO  impl.FollowerInfo (FollowerInfo.java:lambda$new$0(51)) - 99b77255-435a-4470-bbcd-054d51502fb4@group-B5582974CC04->fef3bd8d-d922-47de-a285-b5c5b7637dd8: nextIndex: updateUnconditionally 0 -> 0
2019-09-09 16:56:48,464 [grpc-default-executor-12] WARN  server.GrpcLogAppender (LogUtils.java:warn(134)) - 99b77255-435a-4470-bbcd-054d51502fb4@group-B5582974CC04->673f1e0c-3588-4517-a646-879dbe70b429-AppendLogResponseHandler: Failed appendEntries: org.apache.ratis.thirdparty.io.grpc.StatusRuntimeException: UNAVAILABLE: io exception
2019-09-09 16:56:48,464 [grpc-default-executor-12] INFO  impl.FollowerInfo (FollowerInfo.java:lambda$new$0(51)) - 99b77255-435a-4470-bbcd-054d51502fb4@group-B5582974CC04->673f1e0c-3588-4517-a646-879dbe70b429: nextIndex: updateUnconditionally 16 -> 15
2019-09-09 16:56:49,882 [EventQueue-StaleNodeForStaleNodeHandler] INFO  node.StaleNodeHandler (StaleNodeHandler.java:onMessage(58)) - Datanode 99b77255-435a-4470-bbcd-054d51502fb4{ip: 192.168.69.125, host: pr-hdds-2075-2jgdb-1977554158, networkLocation: /default-rack, certSerialId: null} moved to stale state. Finalizing its pipelines [PipelineID=cd5feb53-dc4d-4aaa-93b3-b5582974cc04, PipelineID=5e8a1c93-a7e3-4ac4-8d5f-869e78f31244]
2019-09-09 16:56:49,883 [EventQueue-StaleNodeForStaleNodeHandler] INFO  pipeline.SCMPipelineManager (SCMPipelineManager.java:finalizeAndDestroyPipeline(311)) - destroying pipeline:Pipeline[ Id: cd5feb53-dc4d-4aaa-93b3-b5582974cc04, Nodes: fef3bd8d-d922-47de-a285-b5c5b7637dd8{ip: 192.168.69.125, host: pr-hdds-2075-2jgdb-1977554158, networkLocation: /default-rack, certSerialId: null}99b77255-435a-4470-bbcd-054d51502fb4{ip: 192.168.69.125, host: pr-hdds-2075-2jgdb-1977554158, networkLocation: /default-rack, certSerialId: null}673f1e0c-3588-4517-a646-879dbe70b429{ip: 192.168.69.125, host: pr-hdds-2075-2jgdb-1977554158, networkLocation: /default-rack, certSerialId: null}, Type:RATIS, Factor:THREE, State:CLOSED]
2019-09-09 16:56:49,883 [EventQueue-StaleNodeForStaleNodeHandler] INFO  pipeline.SCMPipelineManager (SCMPipelineManager.java:finalizeAndDestroyPipeline(311)) - destroying pipeline:Pipeline[ Id: 5e8a1c93-a7e3-4ac4-8d5f-869e78f31244, Nodes: 99b77255-435a-4470-bbcd-054d51502fb4{ip: 192.168.69.125, host: pr-hdds-2075-2jgdb-1977554158, networkLocation: /default-rack, certSerialId: null}, Type:RATIS, Factor:ONE, State:OPEN]
2019-09-09 16:56:49,883 [EventQueue-StaleNodeForStaleNodeHandler] INFO  pipeline.PipelineStateManager (PipelineStateManager.java:finalizePipeline(123)) - Pipeline Pipeline[ Id: 5e8a1c93-a7e3-4ac4-8d5f-869e78f31244, Nodes: 99b77255-435a-4470-bbcd-054d51502fb4{ip: 192.168.69.125, host: pr-hdds-2075-2jgdb-1977554158, networkLocation: /default-rack, certSerialId: null}, Type:RATIS, Factor:ONE, State:CLOSED] moved to CLOSED state
2019-09-09 16:56:50,283 [EventQueue-StaleNodeForStaleNodeHandler] INFO  node.StaleNodeHandler (StaleNodeHandler.java:onMessage(58)) - Datanode 0cac7eda-6f69-4cc3-b6d5-dce8d0a0fa0f{ip: 192.168.69.125, host: pr-hdds-2075-2jgdb-1977554158, networkLocation: /default-rack, certSerialId: null} moved to stale state. Finalizing its pipelines [PipelineID=9d7d4c96-c4fc-4443-aad6-f5c587de1c53]
2019-09-09 16:56:50,283 [EventQueue-StaleNodeForStaleNodeHandler] INFO  pipeline.SCMPipelineManager (SCMPipelineManager.java:finalizeAndDestroyPipeline(311)) - destroying pipeline:Pipeline[ Id: 9d7d4c96-c4fc-4443-aad6-f5c587de1c53, Nodes: 0cac7eda-6f69-4cc3-b6d5-dce8d0a0fa0f{ip: 192.168.69.125, host: pr-hdds-2075-2jgdb-1977554158, networkLocation: /default-rack, certSerialId: null}, Type:RATIS, Factor:ONE, State:OPEN]
2019-09-09 16:56:50,283 [EventQueue-StaleNodeForStaleNodeHandler] INFO  pipeline.PipelineStateManager (PipelineStateManager.java:finalizePipeline(123)) - Pipeline Pipeline[ Id: 9d7d4c96-c4fc-4443-aad6-f5c587de1c53, Nodes: 0cac7eda-6f69-4cc3-b6d5-dce8d0a0fa0f{ip: 192.168.69.125, host: pr-hdds-2075-2jgdb-1977554158, networkLocation: /default-rack, certSerialId: null}, Type:RATIS, Factor:ONE, State:CLOSED] moved to CLOSED state
2019-09-09 16:56:50,755 [ForkJoinPool.commonPool-worker-0] INFO  ozoneimpl.OzoneContainer (OzoneContainer.java:stop(231)) - Attempting to stop container services.
2019-09-09 16:56:50,761 [main] INFO  ozoneimpl.OzoneContainer (OzoneContainer.java:stop(231)) - Attempting to stop container services.
2019-09-09 16:56:50,762 [ForkJoinPool.commonPool-worker-0] INFO  impl.RaftServerProxy (RaftServerProxy.java:lambda$close$4(314)) - 0cac7eda-6f69-4cc3-b6d5-dce8d0a0fa0f: close
2019-09-09 16:56:50,763 [main] INFO  impl.RaftServerProxy (RaftServerProxy.java:lambda$close$4(314)) - 99b77255-435a-4470-bbcd-054d51502fb4: close
2019-09-09 16:56:50,763 [ForkJoinPool.commonPool-worker-0] INFO  impl.RaftServerImpl (RaftServerImpl.java:lambda$shutdown$3(251)) - 0cac7eda-6f69-4cc3-b6d5-dce8d0a0fa0f@group-F5C587DE1C53: shutdown
2019-09-09 16:56:50,763 [main] INFO  impl.RaftServerImpl (RaftServerImpl.java:lambda$shutdown$3(251)) - 99b77255-435a-4470-bbcd-054d51502fb4@group-B5582974CC04: shutdown
2019-09-09 16:56:50,763 [ForkJoinPool.commonPool-worker-0] INFO  util.JmxRegister (JmxRegister.java:unregister(73)) - Successfully un-registered JMX Bean with object name Ratis:service=RaftServer,group=group-F5C587DE1C53,id=0cac7eda-6f69-4cc3-b6d5-dce8d0a0fa0f
2019-09-09 16:56:50,764 [main] INFO  util.JmxRegister (JmxRegister.java:unregister(73)) - Successfully un-registered JMX Bean with object name Ratis:service=RaftServer,group=group-B5582974CC04,id=99b77255-435a-4470-bbcd-054d51502fb4
2019-09-09 16:56:50,764 [ForkJoinPool.commonPool-worker-0] INFO  impl.RoleInfo (RoleInfo.java:shutdownLeaderState(104)) - 0cac7eda-6f69-4cc3-b6d5-dce8d0a0fa0f: shutdown LeaderState
2019-09-09 16:56:50,764 [main] INFO  impl.RoleInfo (RoleInfo.java:shutdownLeaderState(104)) - 99b77255-435a-4470-bbcd-054d51502fb4: shutdown LeaderState
2019-09-09 16:56:50,765 [ForkJoinPool.commonPool-worker-0] INFO  impl.PendingRequests (PendingRequests.java:sendNotLeaderResponses(202)) - 0cac7eda-6f69-4cc3-b6d5-dce8d0a0fa0f-PendingRequests: sendNotLeaderResponses
2019-09-09 16:56:50,769 [main] INFO  impl.PendingRequests (PendingRequests.java:sendNotLeaderResponses(202)) - 99b77255-435a-4470-bbcd-054d51502fb4-PendingRequests: sendNotLeaderResponses
2019-09-09 16:56:50,769 [ForkJoinPool.commonPool-worker-0] INFO  impl.StateMachineUpdater (StateMachineUpdater.java:stopAndJoin(125)) - 0cac7eda-6f69-4cc3-b6d5-dce8d0a0fa0f@group-F5C587DE1C53-StateMachineUpdater: set stopIndex = 0
2019-09-09 16:56:50,769 [org.apache.ratis.server.impl.LogAppender$AppenderDaemon$$Lambda$490/328384088@265c6825] WARN  server.GrpcLogAppender (GrpcLogAppender.java:mayWait(143)) - 99b77255-435a-4470-bbcd-054d51502fb4@group-B5582974CC04->fef3bd8d-d922-47de-a285-b5c5b7637dd8-GrpcLogAppender: Wait interrupted by java.lang.InterruptedException
2019-09-09 16:56:50,769 [org.apache.ratis.server.impl.LogAppender$AppenderDaemon$$Lambda$490/328384088@68f9dab9] WARN  server.GrpcLogAppender (GrpcLogAppender.java:mayWait(143)) - 99b77255-435a-4470-bbcd-054d51502fb4@group-B5582974CC04->673f1e0c-3588-4517-a646-879dbe70b429-GrpcLogAppender: Wait interrupted by java.lang.InterruptedException
2019-09-09 16:56:50,769 [ForkJoinPool.commonPool-worker-0] INFO  impl.RaftServerImpl (ServerState.java:close(385)) - 0cac7eda-6f69-4cc3-b6d5-dce8d0a0fa0f@group-F5C587DE1C53: closes. applyIndex: 0
2019-09-09 16:56:50,772 [0cac7eda-6f69-4cc3-b6d5-dce8d0a0fa0f@group-F5C587DE1C53-SegmentedRaftLogWorker] INFO  segmented.SegmentedRaftLogWorker (SegmentedRaftLogWorker.java:run(313)) - 0cac7eda-6f69-4cc3-b6d5-dce8d0a0fa0f@group-F5C587DE1C53-SegmentedRaftLogWorker was interrupted, exiting. There are 0 tasks remaining in the queue.
2019-09-09 16:56:50,775 [main] INFO  impl.StateMachineUpdater (StateMachineUpdater.java:stopAndJoin(125)) - 99b77255-435a-4470-bbcd-054d51502fb4@group-B5582974CC04-StateMachineUpdater: set stopIndex = 17
2019-09-09 16:56:50,775 [99b77255-435a-4470-bbcd-054d51502fb4@group-B5582974CC04-StateMachineUpdater] INFO  ratis.ContainerStateMachine (ContainerStateMachine.java:takeSnapshot(289)) - group-B5582974CC04: Taking a snapshot at:(t:3, i:13) file /workdir/hadoop-ozone/integration-test/target/test-dir/MiniOzoneClusterImpl-159a55fc-c6c6-4d0b-a61c-0ed7c6373e46/datanode-6/data/ratis/cd5feb53-dc4d-4aaa-93b3-b5582974cc04/sm/snapshot.3_13
2019-09-09 16:56:50,775 [ForkJoinPool.commonPool-worker-0] INFO  segmented.SegmentedRaftLogWorker (SegmentedRaftLogWorker.java:close(228)) - 0cac7eda-6f69-4cc3-b6d5-dce8d0a0fa0f@group-F5C587DE1C53-SegmentedRaftLogWorker close()
2019-09-09 16:56:50,780 [ForkJoinPool.commonPool-worker-0] INFO  server.GrpcService (GrpcService.java:closeImpl(164)) - 0cac7eda-6f69-4cc3-b6d5-dce8d0a0fa0f: shutdown server with port 43655 now
2019-09-09 16:56:50,780 [ForkJoinPool.commonPool-worker-0] INFO  server.GrpcService (GrpcService.java:closeImpl(172)) - 0cac7eda-6f69-4cc3-b6d5-dce8d0a0fa0f: shutdown server with port 43655 successfully
2019-09-09 16:56:50,783 [refreshUsed-/workdir/hadoop-ozone/integration-test/target/test-dir/MiniOzoneClusterImpl-159a55fc-c6c6-4d0b-a61c-0ed7c6373e46/datanode-2/data/containers] WARN  fs.CachingGetSpaceUsed (CachingGetSpaceUsed.java:run(183)) - Thread Interrupted waiting to refresh disk information: sleep interrupted
2019-09-09 16:56:50,796 [99b77255-435a-4470-bbcd-054d51502fb4@group-B5582974CC04-StateMachineUpdater] INFO  ratis.ContainerStateMachine (ContainerStateMachine.java:takeSnapshot(300)) - group-B5582974CC04: Finished taking a snapshot at:(t:3, i:13) file:/workdir/hadoop-ozone/integration-test/target/test-dir/MiniOzoneClusterImpl-159a55fc-c6c6-4d0b-a61c-0ed7c6373e46/datanode-6/data/ratis/cd5feb53-dc4d-4aaa-93b3-b5582974cc04/sm/snapshot.3_13 time:21
2019-09-09 16:56:50,796 [99b77255-435a-4470-bbcd-054d51502fb4@group-B5582974CC04-StateMachineUpdater] INFO  impl.StateMachineUpdater (StateMachineUpdater.java:takeSnapshot(258)) - 99b77255-435a-4470-bbcd-054d51502fb4@group-B5582974CC04-StateMachineUpdater: Took a snapshot at index 13
2019-09-09 16:56:50,796 [99b77255-435a-4470-bbcd-054d51502fb4@group-B5582974CC04-StateMachineUpdater] INFO  impl.StateMachineUpdater (StateMachineUpdater.java:lambda$new$0(83)) - 99b77255-435a-4470-bbcd-054d51502fb4@group-B5582974CC04-StateMachineUpdater: snapshotIndex: updateIncreasingly -1 -> 13
2019-09-09 16:56:50,796 [99b77255-435a-4470-bbcd-054d51502fb4@group-B5582974CC04-StateMachineUpdater] INFO  ratis.ContainerStateMachine (ContainerStateMachine.java:takeSnapshot(289)) - group-B5582974CC04: Taking a snapshot at:(t:3, i:13) file /workdir/hadoop-ozone/integration-test/target/test-dir/MiniOzoneClusterImpl-159a55fc-c6c6-4d0b-a61c-0ed7c6373e46/datanode-6/data/ratis/cd5feb53-dc4d-4aaa-93b3-b5582974cc04/sm/snapshot.3_13
2019-09-09 16:56:50,798 [ForkJoinPool.commonPool-worker-0] INFO  utils.BackgroundService (BackgroundService.java:shutdown(148)) - Shutting down service BlockDeletingService
2019-09-09 16:56:50,802 [ForkJoinPool.commonPool-worker-0] INFO  statemachine.DatanodeStateMachine (DatanodeStateMachine.java:stopDaemon(395)) - Ozone container server stopped.
2019-09-09 16:56:50,807 [ForkJoinPool.commonPool-worker-0] INFO  handler.ContextHandler (ContextHandler.java:doStop(910)) - Stopped o.e.j.w.WebAppContext@37e7c4cc{/,null,UNAVAILABLE}{/hddsDatanode}
2019-09-09 16:56:50,808 [ForkJoinPool.commonPool-worker-0] INFO  server.AbstractConnector (AbstractConnector.java:doStop(318)) - Stopped ServerConnector@3a40bb52{HTTP/1.1,[http/1.1]}{0.0.0.0:0}
2019-09-09 16:56:50,810 [ForkJoinPool.commonPool-worker-0] INFO  handler.ContextHandler (ContextHandler.java:doStop(910)) - Stopped o.e.j.s.ServletContextHandler@224d86d2{/static,jar:file:/home/user/.m2/repository/org/apache/hadoop/hadoop-hdds-container-service/0.5.0-SNAPSHOT/hadoop-hdds-container-service-0.5.0-SNAPSHOT.jar!/webapps/static,UNAVAILABLE}
2019-09-09 16:56:50,811 [99b77255-435a-4470-bbcd-054d51502fb4@group-B5582974CC04-StateMachineUpdater] INFO  ratis.ContainerStateMachine (ContainerStateMachine.java:takeSnapshot(300)) - group-B5582974CC04: Finished taking a snapshot at:(t:3, i:13) file:/workdir/hadoop-ozone/integration-test/target/test-dir/MiniOzoneClusterImpl-159a55fc-c6c6-4d0b-a61c-0ed7c6373e46/datanode-6/data/ratis/cd5feb53-dc4d-4aaa-93b3-b5582974cc04/sm/snapshot.3_13 time:15
2019-09-09 16:56:50,812 [ForkJoinPool.commonPool-worker-0] INFO  handler.ContextHandler (ContextHandler.java:doStop(910)) - Stopped o.e.j.s.ServletContextHandler@3e53c4ad{/logs,file:///workdir/hadoop-ozone/integration-test/target/log,UNAVAILABLE}
2019-09-09 16:56:50,812 [99b77255-435a-4470-bbcd-054d51502fb4@group-B5582974CC04-StateMachineUpdater] INFO  impl.StateMachineUpdater (StateMachineUpdater.java:takeSnapshot(258)) - 99b77255-435a-4470-bbcd-054d51502fb4@group-B5582974CC04-StateMachineUpdater: Took a snapshot at index 13
2019-09-09 16:56:50,812 [99b77255-435a-4470-bbcd-054d51502fb4@group-B5582974CC04-StateMachineUpdater] INFO  impl.StateMachineUpdater (StateMachineUpdater.java:lambda$new$0(83)) - 99b77255-435a-4470-bbcd-054d51502fb4@group-B5582974CC04-StateMachineUpdater: snapshotIndex: updateIncreasingly 13 -> 13
2019-09-09 16:56:50,812 [main] INFO  impl.RaftServerImpl (ServerState.java:close(385)) - 99b77255-435a-4470-bbcd-054d51502fb4@group-B5582974CC04: closes. applyIndex: 17
2019-09-09 16:56:50,813 [99b77255-435a-4470-bbcd-054d51502fb4@group-B5582974CC04-SegmentedRaftLogWorker] INFO  segmented.SegmentedRaftLogWorker (SegmentedRaftLogWorker.java:run(313)) - 99b77255-435a-4470-bbcd-054d51502fb4@group-B5582974CC04-SegmentedRaftLogWorker was interrupted, exiting. There are 0 tasks remaining in the queue.
2019-09-09 16:56:50,815 [main] INFO  segmented.SegmentedRaftLogWorker (SegmentedRaftLogWorker.java:close(228)) - 99b77255-435a-4470-bbcd-054d51502fb4@group-B5582974CC04-SegmentedRaftLogWorker close()
2019-09-09 16:56:50,817 [main] INFO  impl.RaftServerImpl (RaftServerImpl.java:lambda$shutdown$3(251)) - 99b77255-435a-4470-bbcd-054d51502fb4@group-869E78F31244: shutdown
2019-09-09 16:56:50,817 [main] INFO  util.JmxRegister (JmxRegister.java:unregister(73)) - Successfully un-registered JMX Bean with object name Ratis:service=RaftServer,group=group-869E78F31244,id=99b77255-435a-4470-bbcd-054d51502fb4
2019-09-09 16:56:50,818 [main] INFO  impl.RoleInfo (RoleInfo.java:shutdownLeaderState(104)) - 99b77255-435a-4470-bbcd-054d51502fb4: shutdown LeaderState
2019-09-09 16:56:50,818 [main] INFO  impl.PendingRequests (PendingRequests.java:sendNotLeaderResponses(202)) - 99b77255-435a-4470-bbcd-054d51502fb4-PendingRequests: sendNotLeaderResponses
2019-09-09 16:56:50,819 [main] INFO  impl.StateMachineUpdater (StateMachineUpdater.java:stopAndJoin(125)) - 99b77255-435a-4470-bbcd-054d51502fb4@group-869E78F31244-StateMachineUpdater: set stopIndex = 0
2019-09-09 16:56:50,819 [main] INFO  impl.RaftServerImpl (ServerState.java:close(385)) - 99b77255-435a-4470-bbcd-054d51502fb4@group-869E78F31244: closes. applyIndex: 0
2019-09-09 16:56:50,820 [99b77255-435a-4470-bbcd-054d51502fb4@group-869E78F31244-SegmentedRaftLogWorker] INFO  segmented.SegmentedRaftLogWorker (SegmentedRaftLogWorker.java:run(313)) - 99b77255-435a-4470-bbcd-054d51502fb4@group-869E78F31244-SegmentedRaftLogWorker was interrupted, exiting. There are 0 tasks remaining in the queue.
2019-09-09 16:56:50,821 [main] INFO  segmented.SegmentedRaftLogWorker (SegmentedRaftLogWorker.java:close(228)) - 99b77255-435a-4470-bbcd-054d51502fb4@group-869E78F31244-SegmentedRaftLogWorker close()
2019-09-09 16:56:50,824 [main] INFO  server.GrpcService (GrpcService.java:closeImpl(164)) - 99b77255-435a-4470-bbcd-054d51502fb4: shutdown server with port 39830 now
2019-09-09 16:56:50,825 [main] INFO  server.GrpcService (GrpcService.java:closeImpl(172)) - 99b77255-435a-4470-bbcd-054d51502fb4: shutdown server with port 39830 successfully
2019-09-09 16:56:50,827 [refreshUsed-/workdir/hadoop-ozone/integration-test/target/test-dir/MiniOzoneClusterImpl-159a55fc-c6c6-4d0b-a61c-0ed7c6373e46/datanode-6/data/containers] WARN  fs.CachingGetSpaceUsed (CachingGetSpaceUsed.java:run(183)) - Thread Interrupted waiting to refresh disk information: sleep interrupted
2019-09-09 16:56:50,844 [main] INFO  utils.BackgroundService (BackgroundService.java:shutdown(148)) - Shutting down service BlockDeletingService
2019-09-09 16:56:50,849 [main] INFO  statemachine.DatanodeStateMachine (DatanodeStateMachine.java:stopDaemon(395)) - Ozone container server stopped.
2019-09-09 16:56:50,850 [main] INFO  handler.ContextHandler (ContextHandler.java:doStop(910)) - Stopped o.e.j.w.WebAppContext@72af90e8{/,null,UNAVAILABLE}{/hddsDatanode}
2019-09-09 16:56:50,851 [main] INFO  server.AbstractConnector (AbstractConnector.java:doStop(318)) - Stopped ServerConnector@aa1bb14{HTTP/1.1,[http/1.1]}{0.0.0.0:0}
2019-09-09 16:56:50,852 [main] INFO  handler.ContextHandler (ContextHandler.java:doStop(910)) - Stopped o.e.j.s.ServletContextHandler@3bbb8c16{/static,jar:file:/home/user/.m2/repository/org/apache/hadoop/hadoop-hdds-container-service/0.5.0-SNAPSHOT/hadoop-hdds-container-service-0.5.0-SNAPSHOT.jar!/webapps/static,UNAVAILABLE}
2019-09-09 16:56:50,852 [main] INFO  handler.ContextHandler (ContextHandler.java:doStop(910)) - Stopped o.e.j.s.ServletContextHandler@4e958f08{/logs,file:///workdir/hadoop-ozone/integration-test/target/log,UNAVAILABLE}
2019-09-09 16:56:50,884 [grpc-default-executor-12] WARN  server.GrpcLogAppender (LogUtils.java:warn(134)) - 5ffdae7f-f4e4-4d79-867a-68feb8e0c22d@group-6C05AF0CD5A8->a5b923f2-7f8f-418d-81e1-d85ab7469232-AppendLogResponseHandler: Failed appendEntries: org.apache.ratis.thirdparty.io.grpc.StatusRuntimeException: UNAVAILABLE: io exception
2019-09-09 16:56:50,885 [grpc-default-executor-12] INFO  impl.FollowerInfo (FollowerInfo.java:lambda$new$0(51)) - 5ffdae7f-f4e4-4d79-867a-68feb8e0c22d@group-6C05AF0CD5A8->a5b923f2-7f8f-418d-81e1-d85ab7469232: nextIndex: updateUnconditionally 14 -> 13
2019-09-09 16:56:51,392 [Datanode State Machine Thread - 0] INFO  statemachine.DatanodeStateMachine (DatanodeStateMachine.java:lambda$startDaemon$0(350)) - Ozone container server started.
2019-09-09 16:56:51,416 [Datanode State Machine Thread - 0] INFO  statemachine.DatanodeStateMachine (DatanodeStateMachine.java:lambda$startDaemon$0(350)) - Ozone container server started.
2019-09-09 16:56:53,390 [grpc-default-executor-9] WARN  server.GrpcLogAppender (LogUtils.java:warn(134)) - 5ffdae7f-f4e4-4d79-867a-68feb8e0c22d@group-6C05AF0CD5A8->a5b923f2-7f8f-418d-81e1-d85ab7469232-AppendLogResponseHandler: Failed appendEntries: org.apache.ratis.thirdparty.io.grpc.StatusRuntimeException: UNAVAILABLE: io exception
2019-09-09 16:56:53,391 [grpc-default-executor-9] INFO  impl.FollowerInfo (FollowerInfo.java:lambda$new$0(51)) - 5ffdae7f-f4e4-4d79-867a-68feb8e0c22d@group-6C05AF0CD5A8->a5b923f2-7f8f-418d-81e1-d85ab7469232: nextIndex: updateUnconditionally 13 -> 12
2019-09-09 16:56:55,488 [EventQueue-StaleNodeForStaleNodeHandler] INFO  node.StaleNodeHandler (StaleNodeHandler.java:onMessage(58)) - Datanode b4370686-254e-42e8-8711-e188529c4c34{ip: 192.168.69.125, host: pr-hdds-2075-2jgdb-1977554158, networkLocation: /default-rack, certSerialId: null} moved to stale state. Finalizing its pipelines [PipelineID=6021479d-bb8e-4f06-99ea-6578032d49cb, PipelineID=fa876232-6852-4728-8832-6c05af0cd5a8]
2019-09-09 16:56:55,489 [EventQueue-StaleNodeForStaleNodeHandler] INFO  pipeline.SCMPipelineManager (SCMPipelineManager.java:finalizeAndDestroyPipeline(311)) - destroying pipeline:Pipeline[ Id: 6021479d-bb8e-4f06-99ea-6578032d49cb, Nodes: b4370686-254e-42e8-8711-e188529c4c34{ip: 192.168.69.125, host: pr-hdds-2075-2jgdb-1977554158, networkLocation: /default-rack, certSerialId: null}, Type:RATIS, Factor:ONE, State:OPEN]
2019-09-09 16:56:55,489 [EventQueue-StaleNodeForStaleNodeHandler] INFO  pipeline.PipelineStateManager (PipelineStateManager.java:finalizePipeline(123)) - Pipeline Pipeline[ Id: 6021479d-bb8e-4f06-99ea-6578032d49cb, Nodes: b4370686-254e-42e8-8711-e188529c4c34{ip: 192.168.69.125, host: pr-hdds-2075-2jgdb-1977554158, networkLocation: /default-rack, certSerialId: null}, Type:RATIS, Factor:ONE, State:CLOSED] moved to CLOSED state
2019-09-09 16:56:55,489 [EventQueue-StaleNodeForStaleNodeHandler] INFO  pipeline.SCMPipelineManager (SCMPipelineManager.java:finalizeAndDestroyPipeline(311)) - destroying pipeline:Pipeline[ Id: fa876232-6852-4728-8832-6c05af0cd5a8, Nodes: b4370686-254e-42e8-8711-e188529c4c34{ip: 192.168.69.125, host: pr-hdds-2075-2jgdb-1977554158, networkLocation: /default-rack, certSerialId: null}a5b923f2-7f8f-418d-81e1-d85ab7469232{ip: 192.168.69.125, host: pr-hdds-2075-2jgdb-1977554158, networkLocation: /default-rack, certSerialId: null}5ffdae7f-f4e4-4d79-867a-68feb8e0c22d{ip: 192.168.69.125, host: pr-hdds-2075-2jgdb-1977554158, networkLocation: /default-rack, certSerialId: null}, Type:RATIS, Factor:THREE, State:CLOSED]
2019-09-09 16:56:55,489 [EventQueue-StaleNodeForStaleNodeHandler] INFO  node.StaleNodeHandler (StaleNodeHandler.java:onMessage(58)) - Datanode 5ffdae7f-f4e4-4d79-867a-68feb8e0c22d{ip: 192.168.69.125, host: pr-hdds-2075-2jgdb-1977554158, networkLocation: /default-rack, certSerialId: null} moved to stale state. Finalizing its pipelines [PipelineID=28274a59-add6-44e3-8c85-b39be48dd494, PipelineID=fa876232-6852-4728-8832-6c05af0cd5a8]
2019-09-09 16:56:55,489 [EventQueue-StaleNodeForStaleNodeHandler] INFO  pipeline.SCMPipelineManager (SCMPipelineManager.java:finalizeAndDestroyPipeline(311)) - destroying pipeline:Pipeline[ Id: 28274a59-add6-44e3-8c85-b39be48dd494, Nodes: 5ffdae7f-f4e4-4d79-867a-68feb8e0c22d{ip: 192.168.69.125, host: pr-hdds-2075-2jgdb-1977554158, networkLocation: /default-rack, certSerialId: null}, Type:RATIS, Factor:ONE, State:OPEN]
2019-09-09 16:56:55,489 [EventQueue-StaleNodeForStaleNodeHandler] INFO  pipeline.PipelineStateManager (PipelineStateManager.java:finalizePipeline(123)) - Pipeline Pipeline[ Id: 28274a59-add6-44e3-8c85-b39be48dd494, Nodes: 5ffdae7f-f4e4-4d79-867a-68feb8e0c22d{ip: 192.168.69.125, host: pr-hdds-2075-2jgdb-1977554158, networkLocation: /default-rack, certSerialId: null}, Type:RATIS, Factor:ONE, State:CLOSED] moved to CLOSED state
2019-09-09 16:56:55,489 [EventQueue-StaleNodeForStaleNodeHandler] INFO  pipeline.SCMPipelineManager (SCMPipelineManager.java:finalizeAndDestroyPipeline(311)) - destroying pipeline:Pipeline[ Id: fa876232-6852-4728-8832-6c05af0cd5a8, Nodes: b4370686-254e-42e8-8711-e188529c4c34{ip: 192.168.69.125, host: pr-hdds-2075-2jgdb-1977554158, networkLocation: /default-rack, certSerialId: null}a5b923f2-7f8f-418d-81e1-d85ab7469232{ip: 192.168.69.125, host: pr-hdds-2075-2jgdb-1977554158, networkLocation: /default-rack, certSerialId: null}5ffdae7f-f4e4-4d79-867a-68feb8e0c22d{ip: 192.168.69.125, host: pr-hdds-2075-2jgdb-1977554158, networkLocation: /default-rack, certSerialId: null}, Type:RATIS, Factor:THREE, State:CLOSED]
2019-09-09 16:56:55,814 [ForkJoinPool.commonPool-worker-0] INFO  ozoneimpl.OzoneContainer (OzoneContainer.java:stop(231)) - Attempting to stop container services.
2019-09-09 16:56:55,818 [ForkJoinPool.commonPool-worker-0] INFO  impl.RaftServerProxy (RaftServerProxy.java:lambda$close$4(314)) - b4370686-254e-42e8-8711-e188529c4c34: close
2019-09-09 16:56:55,818 [ForkJoinPool.commonPool-worker-0] INFO  impl.RaftServerImpl (RaftServerImpl.java:lambda$shutdown$3(251)) - b4370686-254e-42e8-8711-e188529c4c34@group-6578032D49CB: shutdown
2019-09-09 16:56:55,819 [ForkJoinPool.commonPool-worker-0] INFO  util.JmxRegister (JmxRegister.java:unregister(73)) - Successfully un-registered JMX Bean with object name Ratis:service=RaftServer,group=group-6578032D49CB,id=b4370686-254e-42e8-8711-e188529c4c34
2019-09-09 16:56:55,819 [ForkJoinPool.commonPool-worker-0] INFO  impl.RoleInfo (RoleInfo.java:shutdownLeaderState(104)) - b4370686-254e-42e8-8711-e188529c4c34: shutdown LeaderState
2019-09-09 16:56:55,819 [ForkJoinPool.commonPool-worker-0] INFO  impl.PendingRequests (PendingRequests.java:sendNotLeaderResponses(202)) - b4370686-254e-42e8-8711-e188529c4c34-PendingRequests: sendNotLeaderResponses
2019-09-09 16:56:55,821 [ForkJoinPool.commonPool-worker-0] INFO  impl.StateMachineUpdater (StateMachineUpdater.java:stopAndJoin(125)) - b4370686-254e-42e8-8711-e188529c4c34@group-6578032D49CB-StateMachineUpdater: set stopIndex = 0
2019-09-09 16:56:55,821 [ForkJoinPool.commonPool-worker-0] INFO  impl.RaftServerImpl (ServerState.java:close(385)) - b4370686-254e-42e8-8711-e188529c4c34@group-6578032D49CB: closes. applyIndex: 0
2019-09-09 16:56:55,821 [b4370686-254e-42e8-8711-e188529c4c34@group-6578032D49CB-SegmentedRaftLogWorker] INFO  segmented.SegmentedRaftLogWorker (SegmentedRaftLogWorker.java:run(313)) - b4370686-254e-42e8-8711-e188529c4c34@group-6578032D49CB-SegmentedRaftLogWorker was interrupted, exiting. There are 0 tasks remaining in the queue.
2019-09-09 16:56:55,825 [ForkJoinPool.commonPool-worker-0] INFO  segmented.SegmentedRaftLogWorker (SegmentedRaftLogWorker.java:close(228)) - b4370686-254e-42e8-8711-e188529c4c34@group-6578032D49CB-SegmentedRaftLogWorker close()
2019-09-09 16:56:55,835 [ForkJoinPool.commonPool-worker-0] INFO  impl.RaftServerImpl (RaftServerImpl.java:lambda$shutdown$3(251)) - b4370686-254e-42e8-8711-e188529c4c34@group-6C05AF0CD5A8: shutdown
2019-09-09 16:56:55,835 [ForkJoinPool.commonPool-worker-0] INFO  util.JmxRegister (JmxRegister.java:unregister(73)) - Successfully un-registered JMX Bean with object name Ratis:service=RaftServer,group=group-6C05AF0CD5A8,id=b4370686-254e-42e8-8711-e188529c4c34
2019-09-09 16:56:55,836 [ForkJoinPool.commonPool-worker-0] INFO  impl.RoleInfo (RoleInfo.java:shutdownFollowerState(121)) - b4370686-254e-42e8-8711-e188529c4c34: shutdown FollowerState
2019-09-09 16:56:55,836 [ForkJoinPool.commonPool-worker-0] INFO  impl.StateMachineUpdater (StateMachineUpdater.java:stopAndJoin(125)) - b4370686-254e-42e8-8711-e188529c4c34@group-6C05AF0CD5A8-StateMachineUpdater: set stopIndex = 17
2019-09-09 16:56:55,836 [b4370686-254e-42e8-8711-e188529c4c34@group-6C05AF0CD5A8-StateMachineUpdater] INFO  ratis.ContainerStateMachine (ContainerStateMachine.java:takeSnapshot(289)) - group-6C05AF0CD5A8: Taking a snapshot at:(t:2, i:16) file /workdir/hadoop-ozone/integration-test/target/test-dir/MiniOzoneClusterImpl-159a55fc-c6c6-4d0b-a61c-0ed7c6373e46/datanode-0/data/ratis/fa876232-6852-4728-8832-6c05af0cd5a8/sm/snapshot.2_16
2019-09-09 16:56:55,836 [Thread-3142] INFO  impl.FollowerState (FollowerState.java:run(115)) - b4370686-254e-42e8-8711-e188529c4c34: FollowerState was interrupted: java.lang.InterruptedException: sleep interrupted
2019-09-09 16:56:55,853 [main] INFO  ozoneimpl.OzoneContainer (OzoneContainer.java:stop(231)) - Attempting to stop container services.
2019-09-09 16:56:55,854 [main] INFO  impl.RaftServerProxy (RaftServerProxy.java:lambda$close$4(314)) - 5ffdae7f-f4e4-4d79-867a-68feb8e0c22d: close
2019-09-09 16:56:55,854 [b4370686-254e-42e8-8711-e188529c4c34@group-6C05AF0CD5A8-StateMachineUpdater] INFO  ratis.ContainerStateMachine (ContainerStateMachine.java:takeSnapshot(300)) - group-6C05AF0CD5A8: Finished taking a snapshot at:(t:2, i:16) file:/workdir/hadoop-ozone/integration-test/target/test-dir/MiniOzoneClusterImpl-159a55fc-c6c6-4d0b-a61c-0ed7c6373e46/datanode-0/data/ratis/fa876232-6852-4728-8832-6c05af0cd5a8/sm/snapshot.2_16 time:19
2019-09-09 16:56:55,854 [main] INFO  impl.RaftServerImpl (RaftServerImpl.java:lambda$shutdown$3(251)) - 5ffdae7f-f4e4-4d79-867a-68feb8e0c22d@group-B39BE48DD494: shutdown
2019-09-09 16:56:55,854 [b4370686-254e-42e8-8711-e188529c4c34@group-6C05AF0CD5A8-StateMachineUpdater] INFO  impl.StateMachineUpdater (StateMachineUpdater.java:takeSnapshot(258)) - b4370686-254e-42e8-8711-e188529c4c34@group-6C05AF0CD5A8-StateMachineUpdater: Took a snapshot at index 16
2019-09-09 16:56:55,855 [main] INFO  util.JmxRegister (JmxRegister.java:unregister(73)) - Successfully un-registered JMX Bean with object name Ratis:service=RaftServer,group=group-B39BE48DD494,id=5ffdae7f-f4e4-4d79-867a-68feb8e0c22d
2019-09-09 16:56:55,855 [b4370686-254e-42e8-8711-e188529c4c34@group-6C05AF0CD5A8-StateMachineUpdater] INFO  impl.StateMachineUpdater (StateMachineUpdater.java:lambda$new$0(83)) - b4370686-254e-42e8-8711-e188529c4c34@group-6C05AF0CD5A8-StateMachineUpdater: snapshotIndex: updateIncreasingly -1 -> 16
2019-09-09 16:56:55,855 [main] INFO  impl.RoleInfo (RoleInfo.java:shutdownLeaderState(104)) - 5ffdae7f-f4e4-4d79-867a-68feb8e0c22d: shutdown LeaderState
2019-09-09 16:56:55,856 [main] INFO  impl.PendingRequests (PendingRequests.java:sendNotLeaderResponses(202)) - 5ffdae7f-f4e4-4d79-867a-68feb8e0c22d-PendingRequests: sendNotLeaderResponses
2019-09-09 16:56:55,856 [b4370686-254e-42e8-8711-e188529c4c34@group-6C05AF0CD5A8-StateMachineUpdater] INFO  ratis.ContainerStateMachine (ContainerStateMachine.java:takeSnapshot(289)) - group-6C05AF0CD5A8: Taking a snapshot at:(t:2, i:16) file /workdir/hadoop-ozone/integration-test/target/test-dir/MiniOzoneClusterImpl-159a55fc-c6c6-4d0b-a61c-0ed7c6373e46/datanode-0/data/ratis/fa876232-6852-4728-8832-6c05af0cd5a8/sm/snapshot.2_16
2019-09-09 16:56:55,856 [main] INFO  impl.StateMachineUpdater (StateMachineUpdater.java:stopAndJoin(125)) - 5ffdae7f-f4e4-4d79-867a-68feb8e0c22d@group-B39BE48DD494-StateMachineUpdater: set stopIndex = 0
2019-09-09 16:56:55,856 [main] INFO  impl.RaftServerImpl (ServerState.java:close(385)) - 5ffdae7f-f4e4-4d79-867a-68feb8e0c22d@group-B39BE48DD494: closes. applyIndex: 0
2019-09-09 16:56:55,857 [5ffdae7f-f4e4-4d79-867a-68feb8e0c22d@group-B39BE48DD494-SegmentedRaftLogWorker] INFO  segmented.SegmentedRaftLogWorker (SegmentedRaftLogWorker.java:run(313)) - 5ffdae7f-f4e4-4d79-867a-68feb8e0c22d@group-B39BE48DD494-SegmentedRaftLogWorker was interrupted, exiting. There are 0 tasks remaining in the queue.
2019-09-09 16:56:55,857 [main] INFO  segmented.SegmentedRaftLogWorker (SegmentedRaftLogWorker.java:close(228)) - 5ffdae7f-f4e4-4d79-867a-68feb8e0c22d@group-B39BE48DD494-SegmentedRaftLogWorker close()
2019-09-09 16:56:55,858 [main] INFO  impl.RaftServerImpl (RaftServerImpl.java:lambda$shutdown$3(251)) - 5ffdae7f-f4e4-4d79-867a-68feb8e0c22d@group-6C05AF0CD5A8: shutdown
2019-09-09 16:56:55,859 [main] INFO  util.JmxRegister (JmxRegister.java:unregister(73)) - Successfully un-registered JMX Bean with object name Ratis:service=RaftServer,group=group-6C05AF0CD5A8,id=5ffdae7f-f4e4-4d79-867a-68feb8e0c22d
2019-09-09 16:56:55,859 [main] INFO  impl.RoleInfo (RoleInfo.java:shutdownLeaderState(104)) - 5ffdae7f-f4e4-4d79-867a-68feb8e0c22d: shutdown LeaderState
2019-09-09 16:56:55,861 [main] INFO  impl.PendingRequests (PendingRequests.java:sendNotLeaderResponses(202)) - 5ffdae7f-f4e4-4d79-867a-68feb8e0c22d-PendingRequests: sendNotLeaderResponses
2019-09-09 16:56:55,861 [org.apache.ratis.server.impl.LogAppender$AppenderDaemon$$Lambda$490/328384088@3ff54812] WARN  server.GrpcLogAppender (GrpcLogAppender.java:mayWait(143)) - 5ffdae7f-f4e4-4d79-867a-68feb8e0c22d@group-6C05AF0CD5A8->b4370686-254e-42e8-8711-e188529c4c34-GrpcLogAppender: Wait interrupted by java.lang.InterruptedException
2019-09-09 16:56:55,861 [org.apache.ratis.server.impl.LogAppender$AppenderDaemon$$Lambda$490/328384088@3265b0c6] WARN  server.GrpcLogAppender (GrpcLogAppender.java:mayWait(143)) - 5ffdae7f-f4e4-4d79-867a-68feb8e0c22d@group-6C05AF0CD5A8->a5b923f2-7f8f-418d-81e1-d85ab7469232-GrpcLogAppender: Wait interrupted by java.lang.InterruptedException
2019-09-09 16:56:55,864 [main] INFO  impl.StateMachineUpdater (StateMachineUpdater.java:stopAndJoin(125)) - 5ffdae7f-f4e4-4d79-867a-68feb8e0c22d@group-6C05AF0CD5A8-StateMachineUpdater: set stopIndex = 17
2019-09-09 16:56:55,864 [5ffdae7f-f4e4-4d79-867a-68feb8e0c22d@group-6C05AF0CD5A8-StateMachineUpdater] INFO  ratis.ContainerStateMachine (ContainerStateMachine.java:takeSnapshot(289)) - group-6C05AF0CD5A8: Taking a snapshot at:(t:2, i:17) file /workdir/hadoop-ozone/integration-test/target/test-dir/MiniOzoneClusterImpl-159a55fc-c6c6-4d0b-a61c-0ed7c6373e46/datanode-5/data/ratis/fa876232-6852-4728-8832-6c05af0cd5a8/sm/snapshot.2_17
2019-09-09 16:56:55,865 [grpc-default-executor-9] INFO  server.GrpcServerProtocolService (GrpcServerProtocolService.java:onCompleted(113)) - b4370686-254e-42e8-8711-e188529c4c34: Completed APPEND_ENTRIES, lastRequest: 5ffdae7f-f4e4-4d79-867a-68feb8e0c22d->b4370686-254e-42e8-8711-e188529c4c34#38-t2, previous=(t:2, i:17), leaderCommit=17, initializing? false, entries: <empty>
2019-09-09 16:56:55,866 [grpc-default-executor-9] INFO  server.GrpcLogAppender (GrpcLogAppender.java:onCompleted(293)) - 5ffdae7f-f4e4-4d79-867a-68feb8e0c22d@group-6C05AF0CD5A8->b4370686-254e-42e8-8711-e188529c4c34-AppendLogResponseHandler: follower responses appendEntries COMPLETED
2019-09-09 16:56:55,866 [grpc-default-executor-9] INFO  impl.FollowerInfo (FollowerInfo.java:lambda$new$0(51)) - 5ffdae7f-f4e4-4d79-867a-68feb8e0c22d@group-6C05AF0CD5A8->b4370686-254e-42e8-8711-e188529c4c34: nextIndex: updateUnconditionally 18 -> 17
2019-09-09 16:56:55,879 [5ffdae7f-f4e4-4d79-867a-68feb8e0c22d@group-6C05AF0CD5A8-StateMachineUpdater] INFO  ratis.ContainerStateMachine (ContainerStateMachine.java:takeSnapshot(300)) - group-6C05AF0CD5A8: Finished taking a snapshot at:(t:2, i:17) file:/workdir/hadoop-ozone/integration-test/target/test-dir/MiniOzoneClusterImpl-159a55fc-c6c6-4d0b-a61c-0ed7c6373e46/datanode-5/data/ratis/fa876232-6852-4728-8832-6c05af0cd5a8/sm/snapshot.2_17 time:14
2019-09-09 16:56:55,879 [b4370686-254e-42e8-8711-e188529c4c34@group-6C05AF0CD5A8-StateMachineUpdater] INFO  ratis.ContainerStateMachine (ContainerStateMachine.java:takeSnapshot(300)) - group-6C05AF0CD5A8: Finished taking a snapshot at:(t:2, i:16) file:/workdir/hadoop-ozone/integration-test/target/test-dir/MiniOzoneClusterImpl-159a55fc-c6c6-4d0b-a61c-0ed7c6373e46/datanode-0/data/ratis/fa876232-6852-4728-8832-6c05af0cd5a8/sm/snapshot.2_16 time:23
2019-09-09 16:56:55,879 [5ffdae7f-f4e4-4d79-867a-68feb8e0c22d@group-6C05AF0CD5A8-StateMachineUpdater] INFO  impl.StateMachineUpdater (StateMachineUpdater.java:takeSnapshot(258)) - 5ffdae7f-f4e4-4d79-867a-68feb8e0c22d@group-6C05AF0CD5A8-StateMachineUpdater: Took a snapshot at index 17
2019-09-09 16:56:55,879 [b4370686-254e-42e8-8711-e188529c4c34@group-6C05AF0CD5A8-StateMachineUpdater] INFO  impl.StateMachineUpdater (StateMachineUpdater.java:takeSnapshot(258)) - b4370686-254e-42e8-8711-e188529c4c34@group-6C05AF0CD5A8-StateMachineUpdater: Took a snapshot at index 16
2019-09-09 16:56:55,879 [5ffdae7f-f4e4-4d79-867a-68feb8e0c22d@group-6C05AF0CD5A8-StateMachineUpdater] INFO  impl.StateMachineUpdater (StateMachineUpdater.java:lambda$new$0(83)) - 5ffdae7f-f4e4-4d79-867a-68feb8e0c22d@group-6C05AF0CD5A8-StateMachineUpdater: snapshotIndex: updateIncreasingly -1 -> 17
2019-09-09 16:56:55,879 [b4370686-254e-42e8-8711-e188529c4c34@group-6C05AF0CD5A8-StateMachineUpdater] INFO  impl.StateMachineUpdater (StateMachineUpdater.java:lambda$new$0(83)) - b4370686-254e-42e8-8711-e188529c4c34@group-6C05AF0CD5A8-StateMachineUpdater: snapshotIndex: updateIncreasingly 16 -> 16
2019-09-09 16:56:55,879 [main] INFO  impl.RaftServerImpl (ServerState.java:close(385)) - 5ffdae7f-f4e4-4d79-867a-68feb8e0c22d@group-6C05AF0CD5A8: closes. applyIndex: 17
2019-09-09 16:56:55,879 [ForkJoinPool.commonPool-worker-0] INFO  impl.RaftServerImpl (ServerState.java:close(385)) - b4370686-254e-42e8-8711-e188529c4c34@group-6C05AF0CD5A8: closes. applyIndex: 17
2019-09-09 16:56:55,880 [5ffdae7f-f4e4-4d79-867a-68feb8e0c22d@group-6C05AF0CD5A8-SegmentedRaftLogWorker] INFO  segmented.SegmentedRaftLogWorker (SegmentedRaftLogWorker.java:run(313)) - 5ffdae7f-f4e4-4d79-867a-68feb8e0c22d@group-6C05AF0CD5A8-SegmentedRaftLogWorker was interrupted, exiting. There are 0 tasks remaining in the queue.
2019-09-09 16:56:55,880 [b4370686-254e-42e8-8711-e188529c4c34@group-6C05AF0CD5A8-SegmentedRaftLogWorker] INFO  segmented.SegmentedRaftLogWorker (SegmentedRaftLogWorker.java:run(313)) - b4370686-254e-42e8-8711-e188529c4c34@group-6C05AF0CD5A8-SegmentedRaftLogWorker was interrupted, exiting. There are 0 tasks remaining in the queue.
2019-09-09 16:56:55,880 [main] INFO  segmented.SegmentedRaftLogWorker (SegmentedRaftLogWorker.java:close(228)) - 5ffdae7f-f4e4-4d79-867a-68feb8e0c22d@group-6C05AF0CD5A8-SegmentedRaftLogWorker close()
2019-09-09 16:56:55,880 [ForkJoinPool.commonPool-worker-0] INFO  segmented.SegmentedRaftLogWorker (SegmentedRaftLogWorker.java:close(228)) - b4370686-254e-42e8-8711-e188529c4c34@group-6C05AF0CD5A8-SegmentedRaftLogWorker close()
2019-09-09 16:56:55,881 [main] INFO  server.GrpcService (GrpcService.java:closeImpl(164)) - 5ffdae7f-f4e4-4d79-867a-68feb8e0c22d: shutdown server with port 44397 now
2019-09-09 16:56:55,883 [ForkJoinPool.commonPool-worker-0] INFO  server.GrpcService (GrpcService.java:closeImpl(164)) - b4370686-254e-42e8-8711-e188529c4c34: shutdown server with port 35664 now
2019-09-09 16:56:55,883 [ForkJoinPool.commonPool-worker-0] INFO  server.GrpcService (GrpcService.java:closeImpl(172)) - b4370686-254e-42e8-8711-e188529c4c34: shutdown server with port 35664 successfully
2019-09-09 16:56:55,883 [grpc-default-executor-12] WARN  client.GrpcClientProtocolService (LogUtils.java:warn(134)) - 1-UnorderedRequestStreamObserver1: onError: org.apache.ratis.thirdparty.io.grpc.StatusRuntimeException: CANCELLED: cancelled before receiving half close
2019-09-09 16:56:55,883 [main] INFO  server.GrpcService (GrpcService.java:closeImpl(172)) - 5ffdae7f-f4e4-4d79-867a-68feb8e0c22d: shutdown server with port 44397 successfully
2019-09-09 16:56:55,885 [refreshUsed-/workdir/hadoop-ozone/integration-test/target/test-dir/MiniOzoneClusterImpl-159a55fc-c6c6-4d0b-a61c-0ed7c6373e46/datanode-0/data/containers] WARN  fs.CachingGetSpaceUsed (CachingGetSpaceUsed.java:run(183)) - Thread Interrupted waiting to refresh disk information: sleep interrupted
2019-09-09 16:56:55,887 [refreshUsed-/workdir/hadoop-ozone/integration-test/target/test-dir/MiniOzoneClusterImpl-159a55fc-c6c6-4d0b-a61c-0ed7c6373e46/datanode-5/data/containers] WARN  fs.CachingGetSpaceUsed (CachingGetSpaceUsed.java:run(183)) - Thread Interrupted waiting to refresh disk information: sleep interrupted
2019-09-09 16:56:55,906 [ForkJoinPool.commonPool-worker-0] INFO  utils.BackgroundService (BackgroundService.java:shutdown(148)) - Shutting down service BlockDeletingService
2019-09-09 16:56:55,909 [ForkJoinPool.commonPool-worker-0] INFO  statemachine.DatanodeStateMachine (DatanodeStateMachine.java:stopDaemon(395)) - Ozone container server stopped.
2019-09-09 16:56:55,911 [main] INFO  utils.BackgroundService (BackgroundService.java:shutdown(148)) - Shutting down service BlockDeletingService
2019-09-09 16:56:55,914 [main] INFO  statemachine.DatanodeStateMachine (DatanodeStateMachine.java:stopDaemon(395)) - Ozone container server stopped.
2019-09-09 16:56:55,914 [ForkJoinPool.commonPool-worker-0] INFO  handler.ContextHandler (ContextHandler.java:doStop(910)) - Stopped o.e.j.w.WebAppContext@1eeb5818{/,null,UNAVAILABLE}{/hddsDatanode}
2019-09-09 16:56:55,914 [main] INFO  handler.ContextHandler (ContextHandler.java:doStop(910)) - Stopped o.e.j.w.WebAppContext@ad3f70a{/,null,UNAVAILABLE}{/hddsDatanode}
2019-09-09 16:56:55,915 [ForkJoinPool.commonPool-worker-0] INFO  server.AbstractConnector (AbstractConnector.java:doStop(318)) - Stopped ServerConnector@44dfdd58{HTTP/1.1,[http/1.1]}{0.0.0.0:0}
2019-09-09 16:56:55,915 [main] INFO  server.AbstractConnector (AbstractConnector.java:doStop(318)) - Stopped ServerConnector@54ccb3{HTTP/1.1,[http/1.1]}{0.0.0.0:0}
2019-09-09 16:56:55,916 [ForkJoinPool.commonPool-worker-0] INFO  handler.ContextHandler (ContextHandler.java:doStop(910)) - Stopped o.e.j.s.ServletContextHandler@595f9916{/static,jar:file:/home/user/.m2/repository/org/apache/hadoop/hadoop-hdds-container-service/0.5.0-SNAPSHOT/hadoop-hdds-container-service-0.5.0-SNAPSHOT.jar!/webapps/static,UNAVAILABLE}
2019-09-09 16:56:55,916 [main] INFO  handler.ContextHandler (ContextHandler.java:doStop(910)) - Stopped o.e.j.s.ServletContextHandler@66713605{/static,jar:file:/home/user/.m2/repository/org/apache/hadoop/hadoop-hdds-container-service/0.5.0-SNAPSHOT/hadoop-hdds-container-service-0.5.0-SNAPSHOT.jar!/webapps/static,UNAVAILABLE}
2019-09-09 16:56:55,917 [ForkJoinPool.commonPool-worker-0] INFO  handler.ContextHandler (ContextHandler.java:doStop(910)) - Stopped o.e.j.s.ServletContextHandler@5dbab232{/logs,file:///workdir/hadoop-ozone/integration-test/target/log,UNAVAILABLE}
2019-09-09 16:56:55,917 [main] INFO  handler.ContextHandler (ContextHandler.java:doStop(910)) - Stopped o.e.j.s.ServletContextHandler@307cf964{/logs,file:///workdir/hadoop-ozone/integration-test/target/log,UNAVAILABLE}
2019-09-09 16:56:55,919 [main] INFO  ozone.MiniOzoneClusterImpl (MiniOzoneClusterImpl.java:stop(339)) - Stopping the StorageContainerManager
2019-09-09 16:56:55,919 [main] INFO  server.StorageContainerManager (StorageContainerManager.java:stop(801)) - Stopping Replication Manager Service.
2019-09-09 16:56:55,919 [main] INFO  container.ReplicationManager (ReplicationManager.java:stop(203)) - Stopping Replication Monitor Thread.
2019-09-09 16:56:55,919 [main] INFO  server.StorageContainerManager (StorageContainerManager.java:stop(808)) - Stopping Lease Manager of the command watchers
2019-09-09 16:56:55,919 [main] INFO  server.StorageContainerManager (StorageContainerManager.java:stop(815)) - Stopping datanode service RPC server
2019-09-09 16:56:55,919 [main] INFO  server.SCMDatanodeProtocolServer (SCMDatanodeProtocolServer.java:stop(367)) - Stopping the RPC server for DataNodes
2019-09-09 16:56:55,919 [main] INFO  ipc.Server (Server.java:stop(3082)) - Stopping server on 42273
2019-09-09 16:56:55,921 [IPC Server listener on 42273] INFO  ipc.Server (Server.java:run(1185)) - Stopping IPC Server listener on 42273
2019-09-09 16:56:55,922 [IPC Server Responder] INFO  ipc.Server (Server.java:run(1319)) - Stopping IPC Server Responder
2019-09-09 16:56:55,988 [SCM Heartbeat Processing Thread - 0] WARN  node.NodeStateManager (NodeStateManager.java:scheduleNextHealthCheck(646)) - Current Thread is interrupted, shutting down HB processing thread for Node Manager.
2019-09-09 16:56:55,988 [main] INFO  server.StorageContainerManager (StorageContainerManager.java:stop(823)) - Stopping block service RPC server
2019-09-09 16:56:55,989 [main] INFO  server.SCMBlockProtocolServer (SCMBlockProtocolServer.java:stop(155)) - Stopping the RPC server for Block Protocol
2019-09-09 16:56:55,989 [main] INFO  ipc.Server (Server.java:stop(3082)) - Stopping server on 46459
2019-09-09 16:56:55,991 [IPC Server listener on 46459] INFO  ipc.Server (Server.java:run(1185)) - Stopping IPC Server listener on 46459
2019-09-09 16:56:55,991 [main] INFO  server.StorageContainerManager (StorageContainerManager.java:stop(830)) - Stopping the StorageContainerLocationProtocol RPC server
2019-09-09 16:56:55,991 [IPC Server Responder] INFO  ipc.Server (Server.java:run(1319)) - Stopping IPC Server Responder
2019-09-09 16:56:55,991 [main] INFO  server.SCMClientProtocolServer (SCMClientProtocolServer.java:stop(159)) - Stopping the RPC server for Client Protocol
2019-09-09 16:56:55,992 [main] INFO  ipc.Server (Server.java:stop(3082)) - Stopping server on 46000
2019-09-09 16:56:55,996 [main] INFO  server.StorageContainerManager (StorageContainerManager.java:stop(837)) - Stopping Storage Container Manager HTTP server.
2019-09-09 16:56:55,996 [IPC Server listener on 46000] INFO  ipc.Server (Server.java:run(1185)) - Stopping IPC Server listener on 46000
2019-09-09 16:56:55,997 [IPC Server Responder] INFO  ipc.Server (Server.java:run(1319)) - Stopping IPC Server Responder
2019-09-09 16:56:55,999 [main] INFO  handler.ContextHandler (ContextHandler.java:doStop(910)) - Stopped o.e.j.w.WebAppContext@2801827a{/,null,UNAVAILABLE}{/scm}
2019-09-09 16:56:55,999 [main] INFO  server.AbstractConnector (AbstractConnector.java:doStop(318)) - Stopped ServerConnector@50bc3219{HTTP/1.1,[http/1.1]}{0.0.0.0:0}
2019-09-09 16:56:55,999 [main] INFO  handler.ContextHandler (ContextHandler.java:doStop(910)) - Stopped o.e.j.s.ServletContextHandler@11f23038{/static,file:///workdir/hadoop-ozone/integration-test/target/test-classes/webapps/static,UNAVAILABLE}
2019-09-09 16:56:56,000 [main] INFO  handler.ContextHandler (ContextHandler.java:doStop(910)) - Stopped o.e.j.s.ServletContextHandler@14de1901{/logs,file:///workdir/hadoop-ozone/integration-test/target/log,UNAVAILABLE}
2019-09-09 16:56:56,000 [main] INFO  server.StorageContainerManager (StorageContainerManager.java:stop(848)) - Stopping Block Manager Service.
2019-09-09 16:56:56,000 [main] INFO  utils.BackgroundService (BackgroundService.java:shutdown(148)) - Shutting down service SCMBlockDeletingService
2019-09-09 16:56:56,001 [main] INFO  utils.BackgroundService (BackgroundService.java:shutdown(148)) - Shutting down service SCMBlockDeletingService
2019-09-09 16:56:56,001 [main] INFO  server.StorageContainerManager (StorageContainerManager.java:stop(870)) - Stopping SCM Event Queue.
2019-09-09 16:56:56,005 [main] INFO  impl.MetricsSystemImpl (MetricsSystemImpl.java:stop(210)) - Stopping HddsDatanode metrics system...
2019-09-09 16:56:56,024 [main] INFO  impl.MetricsSystemImpl (MetricsSystemImpl.java:stop(216)) - HddsDatanode metrics system stopped.
]]></system-out>
    <system-err><![CDATA[Sep 09, 2019 4:56:35 PM org.apache.ratis.thirdparty.io.grpc.internal.ManagedChannelOrphanWrapper$ManagedChannelReference cleanQueue
SEVERE: *~*~*~ Channel ManagedChannelImpl{logId=2942, target=192.168.69.125:40744} was not shutdown properly!!! ~*~*~*
    Make sure to call shutdown()/shutdownNow() and wait until awaitTermination() returns true.
java.lang.RuntimeException: ManagedChannel allocation site
	at org.apache.ratis.thirdparty.io.grpc.internal.ManagedChannelOrphanWrapper$ManagedChannelReference.<init>(ManagedChannelOrphanWrapper.java:103)
	at org.apache.ratis.thirdparty.io.grpc.internal.ManagedChannelOrphanWrapper.<init>(ManagedChannelOrphanWrapper.java:53)
	at org.apache.ratis.thirdparty.io.grpc.internal.ManagedChannelOrphanWrapper.<init>(ManagedChannelOrphanWrapper.java:44)
	at org.apache.ratis.thirdparty.io.grpc.internal.AbstractManagedChannelImplBuilder.build(AbstractManagedChannelImplBuilder.java:411)
	at org.apache.hadoop.hdds.scm.XceiverClientGrpc.connectToDatanode(XceiverClientGrpc.java:175)
	at org.apache.hadoop.hdds.scm.XceiverClientGrpc.reconnect(XceiverClientGrpc.java:423)
	at org.apache.hadoop.hdds.scm.XceiverClientGrpc.sendCommandAsync(XceiverClientGrpc.java:372)
	at org.apache.hadoop.hdds.scm.XceiverClientGrpc.sendCommandWithRetry(XceiverClientGrpc.java:285)
	at org.apache.hadoop.hdds.scm.XceiverClientGrpc.sendCommandWithTraceIDAndRetry(XceiverClientGrpc.java:251)
	at org.apache.hadoop.hdds.scm.XceiverClientGrpc.sendCommand(XceiverClientGrpc.java:234)
	at org.apache.hadoop.hdds.scm.storage.ContainerProtocolCalls.getBlock(ContainerProtocolCalls.java:118)
	at org.apache.hadoop.hdds.scm.storage.BlockInputStream.getChunkInfos(BlockInputStream.java:167)
	at org.apache.hadoop.hdds.scm.storage.BlockInputStream.initialize(BlockInputStream.java:118)
	at org.apache.hadoop.hdds.scm.storage.BlockInputStream.read(BlockInputStream.java:222)
	at org.apache.hadoop.ozone.client.io.KeyInputStream.read(KeyInputStream.java:171)
	at org.apache.hadoop.ozone.client.io.OzoneInputStream.read(OzoneInputStream.java:47)
	at java.io.InputStream.read(InputStream.java:101)
	at org.apache.hadoop.ozone.container.ContainerTestHelper.validateData(ContainerTestHelper.java:714)
	at org.apache.hadoop.ozone.client.rpc.TestBlockOutputStreamWithFailures.validateData(TestBlockOutputStreamWithFailures.java:1216)
	at org.apache.hadoop.ozone.client.rpc.TestBlockOutputStreamWithFailures.testWatchForCommitWithSingleNodeRatis(TestBlockOutputStreamWithFailures.java:918)
	at sun.reflect.NativeMethodAccessorImpl.invoke0(Native Method)
	at sun.reflect.NativeMethodAccessorImpl.invoke(NativeMethodAccessorImpl.java:62)
	at sun.reflect.DelegatingMethodAccessorImpl.invoke(DelegatingMethodAccessorImpl.java:43)
	at java.lang.reflect.Method.invoke(Method.java:498)
	at org.junit.runners.model.FrameworkMethod$1.runReflectiveCall(FrameworkMethod.java:47)
	at org.junit.internal.runners.model.ReflectiveCallable.run(ReflectiveCallable.java:12)
	at org.junit.runners.model.FrameworkMethod.invokeExplosively(FrameworkMethod.java:44)
	at org.junit.internal.runners.statements.InvokeMethod.evaluate(InvokeMethod.java:17)
	at org.junit.internal.runners.statements.RunBefores.evaluate(RunBefores.java:26)
	at org.junit.internal.runners.statements.RunAfters.evaluate(RunAfters.java:27)
	at org.junit.runners.ParentRunner.runLeaf(ParentRunner.java:271)
	at org.junit.runners.BlockJUnit4ClassRunner.runChild(BlockJUnit4ClassRunner.java:70)
	at org.junit.runners.BlockJUnit4ClassRunner.runChild(BlockJUnit4ClassRunner.java:50)
	at org.junit.runners.ParentRunner$3.run(ParentRunner.java:238)
	at org.junit.runners.ParentRunner$1.schedule(ParentRunner.java:63)
	at org.junit.runners.ParentRunner.runChildren(ParentRunner.java:236)
	at org.junit.runners.ParentRunner.access$000(ParentRunner.java:53)
	at org.junit.runners.ParentRunner$2.evaluate(ParentRunner.java:229)
	at org.junit.runners.ParentRunner.run(ParentRunner.java:309)
	at org.apache.maven.surefire.junit4.JUnit4Provider.execute(JUnit4Provider.java:365)
	at org.apache.maven.surefire.junit4.JUnit4Provider.executeWithRerun(JUnit4Provider.java:273)
	at org.apache.maven.surefire.junit4.JUnit4Provider.executeTestSet(JUnit4Provider.java:238)
	at org.apache.maven.surefire.junit4.JUnit4Provider.invoke(JUnit4Provider.java:159)
	at org.apache.maven.surefire.booter.ForkedBooter.invokeProviderInSameClassLoader(ForkedBooter.java:384)
	at org.apache.maven.surefire.booter.ForkedBooter.runSuitesInProcess(ForkedBooter.java:345)
	at org.apache.maven.surefire.booter.ForkedBooter.execute(ForkedBooter.java:126)
	at org.apache.maven.surefire.booter.ForkedBooter.main(ForkedBooter.java:418)

Sep 09, 2019 4:56:35 PM org.apache.ratis.thirdparty.io.grpc.internal.ManagedChannelOrphanWrapper$ManagedChannelReference cleanQueue
SEVERE: *~*~*~ Channel ManagedChannelImpl{logId=2947, target=192.168.69.125:38050} was not shutdown properly!!! ~*~*~*
    Make sure to call shutdown()/shutdownNow() and wait until awaitTermination() returns true.
java.lang.RuntimeException: ManagedChannel allocation site
	at org.apache.ratis.thirdparty.io.grpc.internal.ManagedChannelOrphanWrapper$ManagedChannelReference.<init>(ManagedChannelOrphanWrapper.java:103)
	at org.apache.ratis.thirdparty.io.grpc.internal.ManagedChannelOrphanWrapper.<init>(ManagedChannelOrphanWrapper.java:53)
	at org.apache.ratis.thirdparty.io.grpc.internal.ManagedChannelOrphanWrapper.<init>(ManagedChannelOrphanWrapper.java:44)
	at org.apache.ratis.thirdparty.io.grpc.internal.AbstractManagedChannelImplBuilder.build(AbstractManagedChannelImplBuilder.java:411)
	at org.apache.hadoop.hdds.scm.XceiverClientGrpc.connectToDatanode(XceiverClientGrpc.java:175)
	at org.apache.hadoop.hdds.scm.XceiverClientGrpc.reconnect(XceiverClientGrpc.java:423)
	at org.apache.hadoop.hdds.scm.XceiverClientGrpc.sendCommandAsync(XceiverClientGrpc.java:372)
	at org.apache.hadoop.hdds.scm.XceiverClientGrpc.sendCommandWithRetry(XceiverClientGrpc.java:285)
	at org.apache.hadoop.hdds.scm.XceiverClientGrpc.sendCommandWithTraceIDAndRetry(XceiverClientGrpc.java:251)
	at org.apache.hadoop.hdds.scm.XceiverClientGrpc.sendCommand(XceiverClientGrpc.java:234)
	at org.apache.hadoop.hdds.scm.storage.ContainerProtocolCalls.getBlock(ContainerProtocolCalls.java:118)
	at org.apache.hadoop.hdds.scm.storage.BlockInputStream.getChunkInfos(BlockInputStream.java:167)
	at org.apache.hadoop.hdds.scm.storage.BlockInputStream.initialize(BlockInputStream.java:118)
	at org.apache.hadoop.hdds.scm.storage.BlockInputStream.read(BlockInputStream.java:222)
	at org.apache.hadoop.ozone.client.io.KeyInputStream.read(KeyInputStream.java:171)
	at org.apache.hadoop.ozone.client.io.OzoneInputStream.read(OzoneInputStream.java:47)
	at java.io.InputStream.read(InputStream.java:101)
	at org.apache.hadoop.ozone.container.ContainerTestHelper.validateData(ContainerTestHelper.java:714)
	at org.apache.hadoop.ozone.client.rpc.TestBlockOutputStreamWithFailures.validateData(TestBlockOutputStreamWithFailures.java:1216)
	at org.apache.hadoop.ozone.client.rpc.TestBlockOutputStreamWithFailures.testWatchForCommitWithSingleNodeRatis(TestBlockOutputStreamWithFailures.java:918)
	at sun.reflect.NativeMethodAccessorImpl.invoke0(Native Method)
	at sun.reflect.NativeMethodAccessorImpl.invoke(NativeMethodAccessorImpl.java:62)
	at sun.reflect.DelegatingMethodAccessorImpl.invoke(DelegatingMethodAccessorImpl.java:43)
	at java.lang.reflect.Method.invoke(Method.java:498)
	at org.junit.runners.model.FrameworkMethod$1.runReflectiveCall(FrameworkMethod.java:47)
	at org.junit.internal.runners.model.ReflectiveCallable.run(ReflectiveCallable.java:12)
	at org.junit.runners.model.FrameworkMethod.invokeExplosively(FrameworkMethod.java:44)
	at org.junit.internal.runners.statements.InvokeMethod.evaluate(InvokeMethod.java:17)
	at org.junit.internal.runners.statements.RunBefores.evaluate(RunBefores.java:26)
	at org.junit.internal.runners.statements.RunAfters.evaluate(RunAfters.java:27)
	at org.junit.runners.ParentRunner.runLeaf(ParentRunner.java:271)
	at org.junit.runners.BlockJUnit4ClassRunner.runChild(BlockJUnit4ClassRunner.java:70)
	at org.junit.runners.BlockJUnit4ClassRunner.runChild(BlockJUnit4ClassRunner.java:50)
	at org.junit.runners.ParentRunner$3.run(ParentRunner.java:238)
	at org.junit.runners.ParentRunner$1.schedule(ParentRunner.java:63)
	at org.junit.runners.ParentRunner.runChildren(ParentRunner.java:236)
	at org.junit.runners.ParentRunner.access$000(ParentRunner.java:53)
	at org.junit.runners.ParentRunner$2.evaluate(ParentRunner.java:229)
	at org.junit.runners.ParentRunner.run(ParentRunner.java:309)
	at org.apache.maven.surefire.junit4.JUnit4Provider.execute(JUnit4Provider.java:365)
	at org.apache.maven.surefire.junit4.JUnit4Provider.executeWithRerun(JUnit4Provider.java:273)
	at org.apache.maven.surefire.junit4.JUnit4Provider.executeTestSet(JUnit4Provider.java:238)
	at org.apache.maven.surefire.junit4.JUnit4Provider.invoke(JUnit4Provider.java:159)
	at org.apache.maven.surefire.booter.ForkedBooter.invokeProviderInSameClassLoader(ForkedBooter.java:384)
	at org.apache.maven.surefire.booter.ForkedBooter.runSuitesInProcess(ForkedBooter.java:345)
	at org.apache.maven.surefire.booter.ForkedBooter.execute(ForkedBooter.java:126)
	at org.apache.maven.surefire.booter.ForkedBooter.main(ForkedBooter.java:418)

Sep 09, 2019 4:56:35 PM org.apache.ratis.thirdparty.io.grpc.internal.ManagedChannelOrphanWrapper$ManagedChannelReference cleanQueue
SEVERE: *~*~*~ Channel ManagedChannelImpl{logId=2937, target=192.168.69.125:39519} was not shutdown properly!!! ~*~*~*
    Make sure to call shutdown()/shutdownNow() and wait until awaitTermination() returns true.
java.lang.RuntimeException: ManagedChannel allocation site
	at org.apache.ratis.thirdparty.io.grpc.internal.ManagedChannelOrphanWrapper$ManagedChannelReference.<init>(ManagedChannelOrphanWrapper.java:103)
	at org.apache.ratis.thirdparty.io.grpc.internal.ManagedChannelOrphanWrapper.<init>(ManagedChannelOrphanWrapper.java:53)
	at org.apache.ratis.thirdparty.io.grpc.internal.ManagedChannelOrphanWrapper.<init>(ManagedChannelOrphanWrapper.java:44)
	at org.apache.ratis.thirdparty.io.grpc.internal.AbstractManagedChannelImplBuilder.build(AbstractManagedChannelImplBuilder.java:411)
	at org.apache.ratis.grpc.client.GrpcClientProtocolClient.<init>(GrpcClientProtocolClient.java:127)
	at org.apache.ratis.grpc.client.GrpcClientRpc.lambda$new$0(GrpcClientRpc.java:55)
	at org.apache.ratis.util.PeerProxyMap$PeerAndProxy.lambda$getProxy$0(PeerProxyMap.java:61)
	at org.apache.ratis.util.LifeCycle.startAndTransition(LifeCycle.java:202)
	at org.apache.ratis.util.PeerProxyMap$PeerAndProxy.getProxy(PeerProxyMap.java:60)
	at org.apache.ratis.util.PeerProxyMap.getProxy(PeerProxyMap.java:108)
	at org.apache.ratis.grpc.client.GrpcClientRpc.sendRequestAsync(GrpcClientRpc.java:66)
	at org.apache.ratis.client.impl.OrderedAsync.sendRequest(OrderedAsync.java:208)
	at org.apache.ratis.client.impl.OrderedAsync.sendRequestWithRetry(OrderedAsync.java:169)
	at org.apache.ratis.util.SlidingWindow$Client.sendOrDelayRequest(SlidingWindow.java:278)
	at org.apache.ratis.util.SlidingWindow$Client.submitNewRequest(SlidingWindow.java:257)
	at org.apache.ratis.client.impl.OrderedAsync.send(OrderedAsync.java:155)
	at org.apache.ratis.client.impl.RaftClientImpl.sendAsync(RaftClientImpl.java:144)
	at org.apache.ratis.client.impl.RaftClientImpl.sendAsync(RaftClientImpl.java:124)
	at org.apache.hadoop.hdds.scm.XceiverClientRatis.sendRequestAsync(XceiverClientRatis.java:224)
	at org.apache.hadoop.hdds.scm.XceiverClientRatis.sendCommandAsync(XceiverClientRatis.java:302)
	at org.apache.hadoop.hdds.scm.storage.ContainerProtocolCalls.writeChunkAsync(ContainerProtocolCalls.java:310)
	at org.apache.hadoop.hdds.scm.storage.BlockOutputStream.writeChunkToContainer(BlockOutputStream.java:601)
	at org.apache.hadoop.hdds.scm.storage.BlockOutputStream.writeChunk(BlockOutputStream.java:459)
	at org.apache.hadoop.hdds.scm.storage.BlockOutputStream.writeOnRetry(BlockOutputStream.java:285)
	at org.apache.hadoop.ozone.client.io.BlockOutputStreamEntry.writeOnRetry(BlockOutputStreamEntry.java:200)
	at org.apache.hadoop.ozone.client.io.KeyOutputStream.handleWrite(KeyOutputStream.java:209)
	at org.apache.hadoop.ozone.client.io.KeyOutputStream.handleRetry(KeyOutputStream.java:376)
	at org.apache.hadoop.ozone.client.io.KeyOutputStream.handleException(KeyOutputStream.java:325)
	at org.apache.hadoop.ozone.client.io.KeyOutputStream.handleFlushOrClose(KeyOutputStream.java:448)
	at org.apache.hadoop.ozone.client.io.KeyOutputStream.handleWrite(KeyOutputStream.java:235)
	at org.apache.hadoop.ozone.client.io.KeyOutputStream.write(KeyOutputStream.java:193)
	at org.apache.hadoop.ozone.client.io.OzoneOutputStream.write(OzoneOutputStream.java:49)
	at java.io.OutputStream.write(OutputStream.java:75)
	at org.apache.hadoop.ozone.client.rpc.TestBlockOutputStreamWithFailures.testWatchForCommitWithSingleNodeRatis(TestBlockOutputStreamWithFailures.java:885)
	at sun.reflect.NativeMethodAccessorImpl.invoke0(Native Method)
	at sun.reflect.NativeMethodAccessorImpl.invoke(NativeMethodAccessorImpl.java:62)
	at sun.reflect.DelegatingMethodAccessorImpl.invoke(DelegatingMethodAccessorImpl.java:43)
	at java.lang.reflect.Method.invoke(Method.java:498)
	at org.junit.runners.model.FrameworkMethod$1.runReflectiveCall(FrameworkMethod.java:47)
	at org.junit.internal.runners.model.ReflectiveCallable.run(ReflectiveCallable.java:12)
	at org.junit.runners.model.FrameworkMethod.invokeExplosively(FrameworkMethod.java:44)
	at org.junit.internal.runners.statements.InvokeMethod.evaluate(InvokeMethod.java:17)
	at org.junit.internal.runners.statements.RunBefores.evaluate(RunBefores.java:26)
	at org.junit.internal.runners.statements.RunAfters.evaluate(RunAfters.java:27)
	at org.junit.runners.ParentRunner.runLeaf(ParentRunner.java:271)
	at org.junit.runners.BlockJUnit4ClassRunner.runChild(BlockJUnit4ClassRunner.java:70)
	at org.junit.runners.BlockJUnit4ClassRunner.runChild(BlockJUnit4ClassRunner.java:50)
	at org.junit.runners.ParentRunner$3.run(ParentRunner.java:238)
	at org.junit.runners.ParentRunner$1.schedule(ParentRunner.java:63)
	at org.junit.runners.ParentRunner.runChildren(ParentRunner.java:236)
	at org.junit.runners.ParentRunner.access$000(ParentRunner.java:53)
	at org.junit.runners.ParentRunner$2.evaluate(ParentRunner.java:229)
	at org.junit.runners.ParentRunner.run(ParentRunner.java:309)
	at org.apache.maven.surefire.junit4.JUnit4Provider.execute(JUnit4Provider.java:365)
	at org.apache.maven.surefire.junit4.JUnit4Provider.executeWithRerun(JUnit4Provider.java:273)
	at org.apache.maven.surefire.junit4.JUnit4Provider.executeTestSet(JUnit4Provider.java:238)
	at org.apache.maven.surefire.junit4.JUnit4Provider.invoke(JUnit4Provider.java:159)
	at org.apache.maven.surefire.booter.ForkedBooter.invokeProviderInSameClassLoader(ForkedBooter.java:384)
	at org.apache.maven.surefire.booter.ForkedBooter.runSuitesInProcess(ForkedBooter.java:345)
	at org.apache.maven.surefire.booter.ForkedBooter.execute(ForkedBooter.java:126)
	at org.apache.maven.surefire.booter.ForkedBooter.main(ForkedBooter.java:418)

Sep 09, 2019 4:56:35 PM org.apache.ratis.thirdparty.io.grpc.internal.ManagedChannelOrphanWrapper$ManagedChannelReference cleanQueue
SEVERE: *~*~*~ Channel ManagedChannelImpl{logId=2681, target=192.168.69.125:40452} was not shutdown properly!!! ~*~*~*
    Make sure to call shutdown()/shutdownNow() and wait until awaitTermination() returns true.
java.lang.RuntimeException: ManagedChannel allocation site
	at org.apache.ratis.thirdparty.io.grpc.internal.ManagedChannelOrphanWrapper$ManagedChannelReference.<init>(ManagedChannelOrphanWrapper.java:103)
	at org.apache.ratis.thirdparty.io.grpc.internal.ManagedChannelOrphanWrapper.<init>(ManagedChannelOrphanWrapper.java:53)
	at org.apache.ratis.thirdparty.io.grpc.internal.ManagedChannelOrphanWrapper.<init>(ManagedChannelOrphanWrapper.java:44)
	at org.apache.ratis.thirdparty.io.grpc.internal.AbstractManagedChannelImplBuilder.build(AbstractManagedChannelImplBuilder.java:411)
	at org.apache.ratis.grpc.client.GrpcClientProtocolClient.<init>(GrpcClientProtocolClient.java:127)
	at org.apache.ratis.grpc.client.GrpcClientRpc.lambda$new$0(GrpcClientRpc.java:55)
	at org.apache.ratis.util.PeerProxyMap$PeerAndProxy.lambda$getProxy$0(PeerProxyMap.java:61)
	at org.apache.ratis.util.LifeCycle.startAndTransition(LifeCycle.java:202)
	at org.apache.ratis.util.PeerProxyMap$PeerAndProxy.getProxy(PeerProxyMap.java:60)
	at org.apache.ratis.util.PeerProxyMap.getProxy(PeerProxyMap.java:108)
	at org.apache.ratis.grpc.client.GrpcClientRpc.sendRequestAsync(GrpcClientRpc.java:66)
	at org.apache.ratis.client.impl.OrderedAsync.sendRequest(OrderedAsync.java:208)
	at org.apache.ratis.client.impl.OrderedAsync.sendRequestWithRetry(OrderedAsync.java:169)
	at org.apache.ratis.util.SlidingWindow$Client.sendOrDelayRequest(SlidingWindow.java:278)
	at org.apache.ratis.util.SlidingWindow$Client.submitNewRequest(SlidingWindow.java:257)
	at org.apache.ratis.client.impl.OrderedAsync.send(OrderedAsync.java:155)
	at org.apache.ratis.client.impl.RaftClientImpl.sendAsync(RaftClientImpl.java:144)
	at org.apache.ratis.client.impl.RaftClientImpl.sendAsync(RaftClientImpl.java:124)
	at org.apache.hadoop.hdds.scm.XceiverClientRatis.sendRequestAsync(XceiverClientRatis.java:224)
	at org.apache.hadoop.hdds.scm.XceiverClientRatis.sendCommandAsync(XceiverClientRatis.java:302)
	at org.apache.hadoop.hdds.scm.storage.ContainerProtocolCalls.writeChunkAsync(ContainerProtocolCalls.java:310)
	at org.apache.hadoop.hdds.scm.storage.BlockOutputStream.writeChunkToContainer(BlockOutputStream.java:601)
	at org.apache.hadoop.hdds.scm.storage.BlockOutputStream.writeChunk(BlockOutputStream.java:459)
	at org.apache.hadoop.hdds.scm.storage.BlockOutputStream.writeOnRetry(BlockOutputStream.java:285)
	at org.apache.hadoop.ozone.client.io.BlockOutputStreamEntry.writeOnRetry(BlockOutputStreamEntry.java:200)
	at org.apache.hadoop.ozone.client.io.KeyOutputStream.handleWrite(KeyOutputStream.java:209)
	at org.apache.hadoop.ozone.client.io.KeyOutputStream.handleRetry(KeyOutputStream.java:376)
	at org.apache.hadoop.ozone.client.io.KeyOutputStream.handleException(KeyOutputStream.java:325)
	at org.apache.hadoop.ozone.client.io.KeyOutputStream.handleFlushOrClose(KeyOutputStream.java:448)
	at org.apache.hadoop.ozone.client.io.KeyOutputStream.handleWrite(KeyOutputStream.java:235)
	at org.apache.hadoop.ozone.client.io.KeyOutputStream.write(KeyOutputStream.java:193)
	at org.apache.hadoop.ozone.client.io.OzoneOutputStream.write(OzoneOutputStream.java:49)
	at java.io.OutputStream.write(OutputStream.java:75)
	at org.apache.hadoop.ozone.client.rpc.TestBlockOutputStreamWithFailures.testDatanodeFailureWithSingleNodeRatis(TestBlockOutputStreamWithFailures.java:1021)
	at sun.reflect.NativeMethodAccessorImpl.invoke0(Native Method)
	at sun.reflect.NativeMethodAccessorImpl.invoke(NativeMethodAccessorImpl.java:62)
	at sun.reflect.DelegatingMethodAccessorImpl.invoke(DelegatingMethodAccessorImpl.java:43)
	at java.lang.reflect.Method.invoke(Method.java:498)
	at org.junit.runners.model.FrameworkMethod$1.runReflectiveCall(FrameworkMethod.java:47)
	at org.junit.internal.runners.model.ReflectiveCallable.run(ReflectiveCallable.java:12)
	at org.junit.runners.model.FrameworkMethod.invokeExplosively(FrameworkMethod.java:44)
	at org.junit.internal.runners.statements.InvokeMethod.evaluate(InvokeMethod.java:17)
	at org.junit.internal.runners.statements.RunBefores.evaluate(RunBefores.java:26)
	at org.junit.internal.runners.statements.RunAfters.evaluate(RunAfters.java:27)
	at org.junit.runners.ParentRunner.runLeaf(ParentRunner.java:271)
	at org.junit.runners.BlockJUnit4ClassRunner.runChild(BlockJUnit4ClassRunner.java:70)
	at org.junit.runners.BlockJUnit4ClassRunner.runChild(BlockJUnit4ClassRunner.java:50)
	at org.junit.runners.ParentRunner$3.run(ParentRunner.java:238)
	at org.junit.runners.ParentRunner$1.schedule(ParentRunner.java:63)
	at org.junit.runners.ParentRunner.runChildren(ParentRunner.java:236)
	at org.junit.runners.ParentRunner.access$000(ParentRunner.java:53)
	at org.junit.runners.ParentRunner$2.evaluate(ParentRunner.java:229)
	at org.junit.runners.ParentRunner.run(ParentRunner.java:309)
	at org.apache.maven.surefire.junit4.JUnit4Provider.execute(JUnit4Provider.java:365)
	at org.apache.maven.surefire.junit4.JUnit4Provider.executeWithRerun(JUnit4Provider.java:273)
	at org.apache.maven.surefire.junit4.JUnit4Provider.executeTestSet(JUnit4Provider.java:238)
	at org.apache.maven.surefire.junit4.JUnit4Provider.invoke(JUnit4Provider.java:159)
	at org.apache.maven.surefire.booter.ForkedBooter.invokeProviderInSameClassLoader(ForkedBooter.java:384)
	at org.apache.maven.surefire.booter.ForkedBooter.runSuitesInProcess(ForkedBooter.java:345)
	at org.apache.maven.surefire.booter.ForkedBooter.execute(ForkedBooter.java:126)
	at org.apache.maven.surefire.booter.ForkedBooter.main(ForkedBooter.java:418)

Sep 09, 2019 4:56:35 PM org.apache.ratis.thirdparty.io.grpc.internal.ManagedChannelOrphanWrapper$ManagedChannelReference cleanQueue
SEVERE: *~*~*~ Channel ManagedChannelImpl{logId=2715, target=192.168.69.125:41595} was not shutdown properly!!! ~*~*~*
    Make sure to call shutdown()/shutdownNow() and wait until awaitTermination() returns true.
java.lang.RuntimeException: ManagedChannel allocation site
	at org.apache.ratis.thirdparty.io.grpc.internal.ManagedChannelOrphanWrapper$ManagedChannelReference.<init>(ManagedChannelOrphanWrapper.java:103)
	at org.apache.ratis.thirdparty.io.grpc.internal.ManagedChannelOrphanWrapper.<init>(ManagedChannelOrphanWrapper.java:53)
	at org.apache.ratis.thirdparty.io.grpc.internal.ManagedChannelOrphanWrapper.<init>(ManagedChannelOrphanWrapper.java:44)
	at org.apache.ratis.thirdparty.io.grpc.internal.AbstractManagedChannelImplBuilder.build(AbstractManagedChannelImplBuilder.java:411)
	at org.apache.hadoop.hdds.scm.XceiverClientGrpc.connectToDatanode(XceiverClientGrpc.java:175)
	at org.apache.hadoop.hdds.scm.XceiverClientGrpc.reconnect(XceiverClientGrpc.java:423)
	at org.apache.hadoop.hdds.scm.XceiverClientGrpc.sendCommandAsync(XceiverClientGrpc.java:372)
	at org.apache.hadoop.hdds.scm.XceiverClientGrpc.sendCommandWithRetry(XceiverClientGrpc.java:285)
	at org.apache.hadoop.hdds.scm.XceiverClientGrpc.sendCommandWithTraceIDAndRetry(XceiverClientGrpc.java:251)
	at org.apache.hadoop.hdds.scm.XceiverClientGrpc.sendCommand(XceiverClientGrpc.java:234)
	at org.apache.hadoop.hdds.scm.storage.ContainerProtocolCalls.getBlock(ContainerProtocolCalls.java:118)
	at org.apache.hadoop.hdds.scm.storage.BlockInputStream.getChunkInfos(BlockInputStream.java:167)
	at org.apache.hadoop.hdds.scm.storage.BlockInputStream.initialize(BlockInputStream.java:118)
	at org.apache.hadoop.hdds.scm.storage.BlockInputStream.read(BlockInputStream.java:222)
	at org.apache.hadoop.ozone.client.io.KeyInputStream.read(KeyInputStream.java:171)
	at org.apache.hadoop.ozone.client.io.OzoneInputStream.read(OzoneInputStream.java:47)
	at java.io.InputStream.read(InputStream.java:101)
	at org.apache.hadoop.ozone.container.ContainerTestHelper.validateData(ContainerTestHelper.java:714)
	at org.apache.hadoop.ozone.client.rpc.TestBlockOutputStreamWithFailures.validateData(TestBlockOutputStreamWithFailures.java:1216)
	at org.apache.hadoop.ozone.client.rpc.TestBlockOutputStreamWithFailures.testDatanodeFailureWithSingleNodeRatis(TestBlockOutputStreamWithFailures.java:1058)
	at sun.reflect.NativeMethodAccessorImpl.invoke0(Native Method)
	at sun.reflect.NativeMethodAccessorImpl.invoke(NativeMethodAccessorImpl.java:62)
	at sun.reflect.DelegatingMethodAccessorImpl.invoke(DelegatingMethodAccessorImpl.java:43)
	at java.lang.reflect.Method.invoke(Method.java:498)
	at org.junit.runners.model.FrameworkMethod$1.runReflectiveCall(FrameworkMethod.java:47)
	at org.junit.internal.runners.model.ReflectiveCallable.run(ReflectiveCallable.java:12)
	at org.junit.runners.model.FrameworkMethod.invokeExplosively(FrameworkMethod.java:44)
	at org.junit.internal.runners.statements.InvokeMethod.evaluate(InvokeMethod.java:17)
	at org.junit.internal.runners.statements.RunBefores.evaluate(RunBefores.java:26)
	at org.junit.internal.runners.statements.RunAfters.evaluate(RunAfters.java:27)
	at org.junit.runners.ParentRunner.runLeaf(ParentRunner.java:271)
	at org.junit.runners.BlockJUnit4ClassRunner.runChild(BlockJUnit4ClassRunner.java:70)
	at org.junit.runners.BlockJUnit4ClassRunner.runChild(BlockJUnit4ClassRunner.java:50)
	at org.junit.runners.ParentRunner$3.run(ParentRunner.java:238)
	at org.junit.runners.ParentRunner$1.schedule(ParentRunner.java:63)
	at org.junit.runners.ParentRunner.runChildren(ParentRunner.java:236)
	at org.junit.runners.ParentRunner.access$000(ParentRunner.java:53)
	at org.junit.runners.ParentRunner$2.evaluate(ParentRunner.java:229)
	at org.junit.runners.ParentRunner.run(ParentRunner.java:309)
	at org.apache.maven.surefire.junit4.JUnit4Provider.execute(JUnit4Provider.java:365)
	at org.apache.maven.surefire.junit4.JUnit4Provider.executeWithRerun(JUnit4Provider.java:273)
	at org.apache.maven.surefire.junit4.JUnit4Provider.executeTestSet(JUnit4Provider.java:238)
	at org.apache.maven.surefire.junit4.JUnit4Provider.invoke(JUnit4Provider.java:159)
	at org.apache.maven.surefire.booter.ForkedBooter.invokeProviderInSameClassLoader(ForkedBooter.java:384)
	at org.apache.maven.surefire.booter.ForkedBooter.runSuitesInProcess(ForkedBooter.java:345)
	at org.apache.maven.surefire.booter.ForkedBooter.execute(ForkedBooter.java:126)
	at org.apache.maven.surefire.booter.ForkedBooter.main(ForkedBooter.java:418)

Sep 09, 2019 4:56:35 PM org.apache.ratis.thirdparty.io.grpc.internal.ManagedChannelOrphanWrapper$ManagedChannelReference cleanQueue
SEVERE: *~*~*~ Channel ManagedChannelImpl{logId=2902, target=192.168.69.125:43779} was not shutdown properly!!! ~*~*~*
    Make sure to call shutdown()/shutdownNow() and wait until awaitTermination() returns true.
java.lang.RuntimeException: ManagedChannel allocation site
	at org.apache.ratis.thirdparty.io.grpc.internal.ManagedChannelOrphanWrapper$ManagedChannelReference.<init>(ManagedChannelOrphanWrapper.java:103)
	at org.apache.ratis.thirdparty.io.grpc.internal.ManagedChannelOrphanWrapper.<init>(ManagedChannelOrphanWrapper.java:53)
	at org.apache.ratis.thirdparty.io.grpc.internal.ManagedChannelOrphanWrapper.<init>(ManagedChannelOrphanWrapper.java:44)
	at org.apache.ratis.thirdparty.io.grpc.internal.AbstractManagedChannelImplBuilder.build(AbstractManagedChannelImplBuilder.java:411)
	at org.apache.ratis.grpc.client.GrpcClientProtocolClient.<init>(GrpcClientProtocolClient.java:127)
	at org.apache.ratis.grpc.client.GrpcClientRpc.lambda$new$0(GrpcClientRpc.java:55)
	at org.apache.ratis.util.PeerProxyMap$PeerAndProxy.lambda$getProxy$0(PeerProxyMap.java:61)
	at org.apache.ratis.util.LifeCycle.startAndTransition(LifeCycle.java:202)
	at org.apache.ratis.util.PeerProxyMap$PeerAndProxy.getProxy(PeerProxyMap.java:60)
	at org.apache.ratis.util.PeerProxyMap.getProxy(PeerProxyMap.java:108)
	at org.apache.ratis.grpc.client.GrpcClientRpc.sendRequestAsync(GrpcClientRpc.java:66)
	at org.apache.ratis.client.impl.OrderedAsync.sendRequest(OrderedAsync.java:208)
	at org.apache.ratis.client.impl.OrderedAsync.sendRequestWithRetry(OrderedAsync.java:169)
	at org.apache.ratis.util.SlidingWindow$Client.sendOrDelayRequest(SlidingWindow.java:278)
	at org.apache.ratis.util.SlidingWindow$Client.retry(SlidingWindow.java:294)
	at org.apache.ratis.client.impl.OrderedAsync.lambda$scheduleWithTimeout$7(OrderedAsync.java:195)
	at org.apache.ratis.util.TimeoutScheduler.lambda$onTimeout$0(TimeoutScheduler.java:113)
	at org.apache.ratis.util.TimeoutScheduler.lambda$onTimeout$1(TimeoutScheduler.java:133)
	at org.apache.ratis.util.LogUtils.runAndLog(LogUtils.java:50)
	at org.apache.ratis.util.LogUtils$1.run(LogUtils.java:91)
	at java.util.concurrent.Executors$RunnableAdapter.call(Executors.java:511)
	at java.util.concurrent.FutureTask.run(FutureTask.java:266)
	at java.util.concurrent.ScheduledThreadPoolExecutor$ScheduledFutureTask.access$201(ScheduledThreadPoolExecutor.java:180)
	at java.util.concurrent.ScheduledThreadPoolExecutor$ScheduledFutureTask.run(ScheduledThreadPoolExecutor.java:293)
	at java.util.concurrent.ThreadPoolExecutor.runWorker(ThreadPoolExecutor.java:1149)
	at java.util.concurrent.ThreadPoolExecutor$Worker.run(ThreadPoolExecutor.java:624)
	at java.lang.Thread.run(Thread.java:748)

Sep 09, 2019 4:56:35 PM org.apache.ratis.thirdparty.io.grpc.internal.ManagedChannelOrphanWrapper$ManagedChannelReference cleanQueue
SEVERE: *~*~*~ Channel ManagedChannelImpl{logId=2710, target=192.168.69.125:41760} was not shutdown properly!!! ~*~*~*
    Make sure to call shutdown()/shutdownNow() and wait until awaitTermination() returns true.
java.lang.RuntimeException: ManagedChannel allocation site
	at org.apache.ratis.thirdparty.io.grpc.internal.ManagedChannelOrphanWrapper$ManagedChannelReference.<init>(ManagedChannelOrphanWrapper.java:103)
	at org.apache.ratis.thirdparty.io.grpc.internal.ManagedChannelOrphanWrapper.<init>(ManagedChannelOrphanWrapper.java:53)
	at org.apache.ratis.thirdparty.io.grpc.internal.ManagedChannelOrphanWrapper.<init>(ManagedChannelOrphanWrapper.java:44)
	at org.apache.ratis.thirdparty.io.grpc.internal.AbstractManagedChannelImplBuilder.build(AbstractManagedChannelImplBuilder.java:411)
	at org.apache.hadoop.hdds.scm.XceiverClientGrpc.connectToDatanode(XceiverClientGrpc.java:175)
	at org.apache.hadoop.hdds.scm.XceiverClientGrpc.reconnect(XceiverClientGrpc.java:423)
	at org.apache.hadoop.hdds.scm.XceiverClientGrpc.sendCommandAsync(XceiverClientGrpc.java:372)
	at org.apache.hadoop.hdds.scm.XceiverClientGrpc.sendCommandWithRetry(XceiverClientGrpc.java:285)
	at org.apache.hadoop.hdds.scm.XceiverClientGrpc.sendCommandWithTraceIDAndRetry(XceiverClientGrpc.java:251)
	at org.apache.hadoop.hdds.scm.XceiverClientGrpc.sendCommand(XceiverClientGrpc.java:234)
	at org.apache.hadoop.hdds.scm.storage.ContainerProtocolCalls.getBlock(ContainerProtocolCalls.java:118)
	at org.apache.hadoop.hdds.scm.storage.BlockInputStream.getChunkInfos(BlockInputStream.java:167)
	at org.apache.hadoop.hdds.scm.storage.BlockInputStream.initialize(BlockInputStream.java:118)
	at org.apache.hadoop.hdds.scm.storage.BlockInputStream.read(BlockInputStream.java:222)
	at org.apache.hadoop.ozone.client.io.KeyInputStream.read(KeyInputStream.java:171)
	at org.apache.hadoop.ozone.client.io.OzoneInputStream.read(OzoneInputStream.java:47)
	at java.io.InputStream.read(InputStream.java:101)
	at org.apache.hadoop.ozone.container.ContainerTestHelper.validateData(ContainerTestHelper.java:714)
	at org.apache.hadoop.ozone.client.rpc.TestBlockOutputStreamWithFailures.validateData(TestBlockOutputStreamWithFailures.java:1216)
	at org.apache.hadoop.ozone.client.rpc.TestBlockOutputStreamWithFailures.testDatanodeFailureWithSingleNodeRatis(TestBlockOutputStreamWithFailures.java:1058)
	at sun.reflect.NativeMethodAccessorImpl.invoke0(Native Method)
	at sun.reflect.NativeMethodAccessorImpl.invoke(NativeMethodAccessorImpl.java:62)
	at sun.reflect.DelegatingMethodAccessorImpl.invoke(DelegatingMethodAccessorImpl.java:43)
	at java.lang.reflect.Method.invoke(Method.java:498)
	at org.junit.runners.model.FrameworkMethod$1.runReflectiveCall(FrameworkMethod.java:47)
	at org.junit.internal.runners.model.ReflectiveCallable.run(ReflectiveCallable.java:12)
	at org.junit.runners.model.FrameworkMethod.invokeExplosively(FrameworkMethod.java:44)
	at org.junit.internal.runners.statements.InvokeMethod.evaluate(InvokeMethod.java:17)
	at org.junit.internal.runners.statements.RunBefores.evaluate(RunBefores.java:26)
	at org.junit.internal.runners.statements.RunAfters.evaluate(RunAfters.java:27)
	at org.junit.runners.ParentRunner.runLeaf(ParentRunner.java:271)
	at org.junit.runners.BlockJUnit4ClassRunner.runChild(BlockJUnit4ClassRunner.java:70)
	at org.junit.runners.BlockJUnit4ClassRunner.runChild(BlockJUnit4ClassRunner.java:50)
	at org.junit.runners.ParentRunner$3.run(ParentRunner.java:238)
	at org.junit.runners.ParentRunner$1.schedule(ParentRunner.java:63)
	at org.junit.runners.ParentRunner.runChildren(ParentRunner.java:236)
	at org.junit.runners.ParentRunner.access$000(ParentRunner.java:53)
	at org.junit.runners.ParentRunner$2.evaluate(ParentRunner.java:229)
	at org.junit.runners.ParentRunner.run(ParentRunner.java:309)
	at org.apache.maven.surefire.junit4.JUnit4Provider.execute(JUnit4Provider.java:365)
	at org.apache.maven.surefire.junit4.JUnit4Provider.executeWithRerun(JUnit4Provider.java:273)
	at org.apache.maven.surefire.junit4.JUnit4Provider.executeTestSet(JUnit4Provider.java:238)
	at org.apache.maven.surefire.junit4.JUnit4Provider.invoke(JUnit4Provider.java:159)
	at org.apache.maven.surefire.booter.ForkedBooter.invokeProviderInSameClassLoader(ForkedBooter.java:384)
	at org.apache.maven.surefire.booter.ForkedBooter.runSuitesInProcess(ForkedBooter.java:345)
	at org.apache.maven.surefire.booter.ForkedBooter.execute(ForkedBooter.java:126)
	at org.apache.maven.surefire.booter.ForkedBooter.main(ForkedBooter.java:418)

Sep 09, 2019 4:56:45 PM org.apache.ratis.thirdparty.io.grpc.internal.SerializingExecutor run
SEVERE: Exception while executing runnable org.apache.ratis.thirdparty.io.grpc.internal.ServerImpl$JumpToApplicationThreadServerStreamListener$1Closed@32a1ea28
org.apache.ratis.thirdparty.io.grpc.StatusRuntimeException: CANCELLED: call already cancelled
	at org.apache.ratis.thirdparty.io.grpc.Status.asRuntimeException(Status.java:517)
	at org.apache.ratis.thirdparty.io.grpc.stub.ServerCalls$ServerCallStreamObserverImpl.onCompleted(ServerCalls.java:356)
	at org.apache.ratis.grpc.server.GrpcServerProtocolService$ServerRequestStreamObserver.onError(GrpcServerProtocolService.java:121)
	at org.apache.ratis.thirdparty.io.grpc.stub.ServerCalls$StreamingServerCallHandler$StreamingServerCallListener.onCancel(ServerCalls.java:269)
	at org.apache.ratis.thirdparty.io.grpc.internal.ServerCallImpl$ServerStreamListenerImpl.closed(ServerCallImpl.java:293)
	at org.apache.ratis.thirdparty.io.grpc.internal.ServerImpl$JumpToApplicationThreadServerStreamListener$1Closed.runInContext(ServerImpl.java:741)
	at org.apache.ratis.thirdparty.io.grpc.internal.ContextRunnable.run(ContextRunnable.java:37)
	at org.apache.ratis.thirdparty.io.grpc.internal.SerializingExecutor.run(SerializingExecutor.java:123)
	at java.util.concurrent.ThreadPoolExecutor.runWorker(ThreadPoolExecutor.java:1149)
	at java.util.concurrent.ThreadPoolExecutor$Worker.run(ThreadPoolExecutor.java:624)
	at java.lang.Thread.run(Thread.java:748)

Sep 09, 2019 4:56:45 PM org.apache.ratis.thirdparty.io.grpc.internal.SerializingExecutor run
SEVERE: Exception while executing runnable org.apache.ratis.thirdparty.io.grpc.internal.ServerImpl$JumpToApplicationThreadServerStreamListener$1Closed@350bc24
org.apache.ratis.thirdparty.io.grpc.StatusRuntimeException: CANCELLED: call already cancelled
	at org.apache.ratis.thirdparty.io.grpc.Status.asRuntimeException(Status.java:517)
	at org.apache.ratis.thirdparty.io.grpc.stub.ServerCalls$ServerCallStreamObserverImpl.onCompleted(ServerCalls.java:356)
	at org.apache.ratis.grpc.server.GrpcServerProtocolService$ServerRequestStreamObserver.onError(GrpcServerProtocolService.java:121)
	at org.apache.ratis.thirdparty.io.grpc.stub.ServerCalls$StreamingServerCallHandler$StreamingServerCallListener.onCancel(ServerCalls.java:269)
	at org.apache.ratis.thirdparty.io.grpc.internal.ServerCallImpl$ServerStreamListenerImpl.closed(ServerCallImpl.java:293)
	at org.apache.ratis.thirdparty.io.grpc.internal.ServerImpl$JumpToApplicationThreadServerStreamListener$1Closed.runInContext(ServerImpl.java:741)
	at org.apache.ratis.thirdparty.io.grpc.internal.ContextRunnable.run(ContextRunnable.java:37)
	at org.apache.ratis.thirdparty.io.grpc.internal.SerializingExecutor.run(SerializingExecutor.java:123)
	at java.util.concurrent.ThreadPoolExecutor.runWorker(ThreadPoolExecutor.java:1149)
	at java.util.concurrent.ThreadPoolExecutor$Worker.run(ThreadPoolExecutor.java:624)
	at java.lang.Thread.run(Thread.java:748)

]]></system-err>
  </testcase>
  <testcase name="testFailureWithPrimeSizedData" classname="org.apache.hadoop.ozone.client.rpc.TestBlockOutputStreamWithFailures" time="40.381"/>
  <testcase name="testWatchForCommitWithCloseContainerException" classname="org.apache.hadoop.ozone.client.rpc.TestBlockOutputStreamWithFailures" time="40.031"/>
  <testcase name="testExceptionDuringClose" classname="org.apache.hadoop.ozone.client.rpc.TestBlockOutputStreamWithFailures" time="39.94"/>
</testsuite>