<?xml version="1.0" encoding="UTF-8"?>
<testsuite xmlns:xsi="http://www.w3.org/2001/XMLSchema-instance" xsi:noNamespaceSchemaLocation="https://maven.apache.org/surefire/maven-surefire-plugin/xsd/surefire-test-report.xsd" name="org.apache.hadoop.ozone.freon.TestDataValidateWithUnsafeByteOperations" time="58.715" tests="3" errors="3" skipped="0" failures="0">
  <properties>
    <property name="awt.toolkit" value="sun.awt.X11.XToolkit"/>
    <property name="file.encoding.pkg" value="sun.io"/>
    <property name="java.specification.version" value="1.8"/>
    <property name="sun.cpu.isalist" value=""/>
    <property name="sun.jnu.encoding" value="UTF-8"/>
    <property name="java.class.path" value="/workdir/hadoop-ozone/tools/target/test-classes:/workdir/hadoop-ozone/tools/target/classes:/workdir/hadoop-ozone/ozone-manager/target/classes:/workdir/hadoop-hdds/docs/target/classes:/home/user/.m2/repository/org/bouncycastle/bcprov-jdk15on/1.60/bcprov-jdk15on-1.60.jar:/workdir/hadoop-ozone/common/target/classes:/home/user/.m2/repository/org/apache/commons/commons-compress/1.4.1/commons-compress-1.4.1.jar:/home/user/.m2/repository/org/tukaani/xz/1.0/xz-1.0.jar:/home/user/.m2/repository/org/apache/hadoop/hadoop-hdfs-client/3.2.0/hadoop-hdfs-client-3.2.0.jar:/home/user/.m2/repository/com/fasterxml/jackson/core/jackson-annotations/2.9.5/jackson-annotations-2.9.5.jar:/workdir/hadoop-hdds/common/target/classes:/workdir/hadoop-hdds/config/target/classes:/home/user/.m2/repository/javax/annotation/javax.annotation-api/1.2/javax.annotation-api-1.2.jar:/home/user/.m2/repository/org/apache/ratis/ratis-server/0.4.0-2337318-SNAPSHOT/ratis-server-0.4.0-2337318-SNAPSHOT.jar:/home/user/.m2/repository/org/apache/ratis/ratis-thirdparty-misc/0.2.0/ratis-thirdparty-misc-0.2.0.jar:/home/user/.m2/repository/org/apache/ratis/ratis-proto/0.4.0-2337318-SNAPSHOT/ratis-proto-0.4.0-2337318-SNAPSHOT.jar:/home/user/.m2/repository/org/apache/ratis/ratis-common/0.4.0-2337318-SNAPSHOT/ratis-common-0.4.0-2337318-SNAPSHOT.jar:/home/user/.m2/repository/org/apache/ratis/ratis-client/0.4.0-2337318-SNAPSHOT/ratis-client-0.4.0-2337318-SNAPSHOT.jar:/home/user/.m2/repository/org/apache/ratis/ratis-metrics/0.4.0-2337318-SNAPSHOT/ratis-metrics-0.4.0-2337318-SNAPSHOT.jar:/home/user/.m2/repository/org/apache/ratis/ratis-netty/0.4.0-2337318-SNAPSHOT/ratis-netty-0.4.0-2337318-SNAPSHOT.jar:/home/user/.m2/repository/org/apache/ratis/ratis-grpc/0.4.0-2337318-SNAPSHOT/ratis-grpc-0.4.0-2337318-SNAPSHOT.jar:/home/user/.m2/repository/org/rocksdb/rocksdbjni/6.0.1/rocksdbjni-6.0.1.jar:/home/user/.m2/repository/org/apache/logging/log4j/log4j-api/2.11.0/log4j-api-2.11.0.jar:/home/user/.m2/repository/org/apache/logging/log4j/log4j-core/2.11.0/log4j-core-2.11.0.jar:/home/user/.m2/repository/com/lmax/disruptor/3.4.2/disruptor-3.4.2.jar:/home/user/.m2/repository/org/apache/commons/commons-pool2/2.6.0/commons-pool2-2.6.0.jar:/home/user/.m2/repository/org/bouncycastle/bcpkix-jdk15on/1.60/bcpkix-jdk15on-1.60.jar:/home/user/.m2/repository/commons-validator/commons-validator/1.6/commons-validator-1.6.jar:/home/user/.m2/repository/commons-digester/commons-digester/1.8.1/commons-digester-1.8.1.jar:/home/user/.m2/repository/io/jaegertracing/jaeger-client/0.33.1/jaeger-client-0.33.1.jar:/home/user/.m2/repository/io/jaegertracing/jaeger-thrift/0.33.1/jaeger-thrift-0.33.1.jar:/home/user/.m2/repository/org/apache/thrift/libthrift/0.11.0/libthrift-0.11.0.jar:/home/user/.m2/repository/com/squareup/okhttp3/okhttp/3.9.0/okhttp-3.9.0.jar:/home/user/.m2/repository/com/squareup/okio/okio/1.13.0/okio-1.13.0.jar:/home/user/.m2/repository/io/jaegertracing/jaeger-core/0.33.1/jaeger-core-0.33.1.jar:/home/user/.m2/repository/io/jaegertracing/jaeger-tracerresolver/0.33.1/jaeger-tracerresolver-0.33.1.jar:/home/user/.m2/repository/io/opentracing/contrib/opentracing-tracerresolver/0.1.5/opentracing-tracerresolver-0.1.5.jar:/home/user/.m2/repository/io/opentracing/opentracing-util/0.31.0/opentracing-util-0.31.0.jar:/home/user/.m2/repository/io/opentracing/opentracing-api/0.31.0/opentracing-api-0.31.0.jar:/home/user/.m2/repository/io/opentracing/opentracing-noop/0.31.0/opentracing-noop-0.31.0.jar:/home/user/.m2/repository/org/yaml/snakeyaml/1.16/snakeyaml-1.16.jar:/workdir/hadoop-hdds/container-service/target/classes:/workdir/hadoop-hdds/client/target/classes:/workdir/hadoop-hdds/tools/target/classes:/home/user/.m2/repository/org/xerial/sqlite-jdbc/3.25.2/sqlite-jdbc-3.25.2.jar:/workdir/hadoop-hdds/server-scm/target/classes:/home/user/.m2/repository/org/hamcrest/hamcrest-all/1.3/hamcrest-all-1.3.jar:/home/user/.m2/repository/info/picocli/picocli/3.9.6/picocli-3.9.6.jar:/home/user/.m2/repository/com/google/protobuf/protobuf-java/2.5.0/protobuf-java-2.5.0.jar:/home/user/.m2/repository/com/google/guava/guava/11.0.2/guava-11.0.2.jar:/workdir/hadoop-ozone/client/target/classes:/home/user/.m2/repository/org/apache/hadoop/hadoop-ozone-filesystem/0.4.1-SNAPSHOT/hadoop-ozone-filesystem-0.4.1-SNAPSHOT.jar:/workdir/hadoop-hdds/framework/target/classes:/home/user/.m2/repository/org/apache/hadoop/hadoop-common/3.2.0/hadoop-common-3.2.0.jar:/home/user/.m2/repository/org/apache/hadoop/hadoop-annotations/3.2.0/hadoop-annotations-3.2.0.jar:/usr/lib/jvm/java-1.8-openjdk/jre/../lib/tools.jar:/home/user/.m2/repository/commons-cli/commons-cli/1.2/commons-cli-1.2.jar:/home/user/.m2/repository/org/apache/commons/commons-math3/3.1.1/commons-math3-3.1.1.jar:/home/user/.m2/repository/org/apache/httpcomponents/httpclient/4.5.2/httpclient-4.5.2.jar:/home/user/.m2/repository/org/apache/httpcomponents/httpcore/4.4.4/httpcore-4.4.4.jar:/home/user/.m2/repository/commons-codec/commons-codec/1.11/commons-codec-1.11.jar:/home/user/.m2/repository/commons-io/commons-io/2.5/commons-io-2.5.jar:/home/user/.m2/repository/commons-net/commons-net/3.6/commons-net-3.6.jar:/home/user/.m2/repository/commons-collections/commons-collections/3.2.2/commons-collections-3.2.2.jar:/home/user/.m2/repository/javax/servlet/javax.servlet-api/3.1.0/javax.servlet-api-3.1.0.jar:/home/user/.m2/repository/org/eclipse/jetty/jetty-server/9.3.24.v20180605/jetty-server-9.3.24.v20180605.jar:/home/user/.m2/repository/org/eclipse/jetty/jetty-http/9.3.24.v20180605/jetty-http-9.3.24.v20180605.jar:/home/user/.m2/repository/org/eclipse/jetty/jetty-io/9.3.24.v20180605/jetty-io-9.3.24.v20180605.jar:/home/user/.m2/repository/org/eclipse/jetty/jetty-util/9.3.24.v20180605/jetty-util-9.3.24.v20180605.jar:/home/user/.m2/repository/org/eclipse/jetty/jetty-servlet/9.3.24.v20180605/jetty-servlet-9.3.24.v20180605.jar:/home/user/.m2/repository/org/eclipse/jetty/jetty-security/9.3.24.v20180605/jetty-security-9.3.24.v20180605.jar:/home/user/.m2/repository/org/eclipse/jetty/jetty-webapp/9.3.24.v20180605/jetty-webapp-9.3.24.v20180605.jar:/home/user/.m2/repository/org/eclipse/jetty/jetty-xml/9.3.24.v20180605/jetty-xml-9.3.24.v20180605.jar:/home/user/.m2/repository/javax/servlet/jsp/jsp-api/2.1/jsp-api-2.1.jar:/home/user/.m2/repository/com/sun/jersey/jersey-core/1.19/jersey-core-1.19.jar:/home/user/.m2/repository/javax/ws/rs/jsr311-api/1.1.1/jsr311-api-1.1.1.jar:/home/user/.m2/repository/com/sun/jersey/jersey-servlet/1.19/jersey-servlet-1.19.jar:/home/user/.m2/repository/com/sun/jersey/jersey-json/1.19/jersey-json-1.19.jar:/home/user/.m2/repository/org/codehaus/jettison/jettison/1.1/jettison-1.1.jar:/home/user/.m2/repository/com/sun/xml/bind/jaxb-impl/2.3.0.1/jaxb-impl-2.3.0.1.jar:/home/user/.m2/repository/org/codehaus/jackson/jackson-core-asl/1.9.13/jackson-core-asl-1.9.13.jar:/home/user/.m2/repository/org/codehaus/jackson/jackson-mapper-asl/1.9.13/jackson-mapper-asl-1.9.13.jar:/home/user/.m2/repository/org/codehaus/jackson/jackson-jaxrs/1.9.13/jackson-jaxrs-1.9.13.jar:/home/user/.m2/repository/org/codehaus/jackson/jackson-xc/1.9.13/jackson-xc-1.9.13.jar:/home/user/.m2/repository/com/sun/jersey/jersey-server/1.19/jersey-server-1.19.jar:/home/user/.m2/repository/commons-logging/commons-logging/1.1.3/commons-logging-1.1.3.jar:/home/user/.m2/repository/log4j/log4j/1.2.17/log4j-1.2.17.jar:/home/user/.m2/repository/commons-beanutils/commons-beanutils/1.9.3/commons-beanutils-1.9.3.jar:/home/user/.m2/repository/org/apache/commons/commons-configuration2/2.1.1/commons-configuration2-2.1.1.jar:/home/user/.m2/repository/org/apache/commons/commons-lang3/3.7/commons-lang3-3.7.jar:/home/user/.m2/repository/org/apache/commons/commons-text/1.4/commons-text-1.4.jar:/home/user/.m2/repository/org/slf4j/slf4j-api/1.7.25/slf4j-api-1.7.25.jar:/home/user/.m2/repository/org/slf4j/slf4j-log4j12/1.7.25/slf4j-log4j12-1.7.25.jar:/home/user/.m2/repository/org/apache/avro/avro/1.7.7/avro-1.7.7.jar:/home/user/.m2/repository/com/thoughtworks/paranamer/paranamer/2.3/paranamer-2.3.jar:/home/user/.m2/repository/org/xerial/snappy/snappy-java/1.0.5/snappy-java-1.0.5.jar:/home/user/.m2/repository/com/google/re2j/re2j/1.1/re2j-1.1.jar:/home/user/.m2/repository/com/google/code/gson/gson/2.2.4/gson-2.2.4.jar:/home/user/.m2/repository/org/apache/hadoop/hadoop-auth/3.2.0/hadoop-auth-3.2.0.jar:/home/user/.m2/repository/com/nimbusds/nimbus-jose-jwt/4.41.1/nimbus-jose-jwt-4.41.1.jar:/home/user/.m2/repository/com/github/stephenc/jcip/jcip-annotations/1.0-1/jcip-annotations-1.0-1.jar:/home/user/.m2/repository/net/minidev/json-smart/2.3/json-smart-2.3.jar:/home/user/.m2/repository/net/minidev/accessors-smart/1.2/accessors-smart-1.2.jar:/home/user/.m2/repository/org/apache/curator/curator-framework/2.12.0/curator-framework-2.12.0.jar:/home/user/.m2/repository/com/jcraft/jsch/0.1.54/jsch-0.1.54.jar:/home/user/.m2/repository/org/apache/curator/curator-client/2.12.0/curator-client-2.12.0.jar:/home/user/.m2/repository/org/apache/curator/curator-recipes/2.12.0/curator-recipes-2.12.0.jar:/home/user/.m2/repository/com/google/code/findbugs/jsr305/3.0.0/jsr305-3.0.0.jar:/home/user/.m2/repository/org/apache/htrace/htrace-core4/4.1.0-incubating/htrace-core4-4.1.0-incubating.jar:/home/user/.m2/repository/org/apache/zookeeper/zookeeper/3.4.13/zookeeper-3.4.13.jar:/home/user/.m2/repository/org/apache/yetus/audience-annotations/0.5.0/audience-annotations-0.5.0.jar:/home/user/.m2/repository/org/apache/kerby/kerb-simplekdc/1.0.1/kerb-simplekdc-1.0.1.jar:/home/user/.m2/repository/org/apache/kerby/kerb-client/1.0.1/kerb-client-1.0.1.jar:/home/user/.m2/repository/org/apache/kerby/kerby-config/1.0.1/kerby-config-1.0.1.jar:/home/user/.m2/repository/org/apache/kerby/kerb-core/1.0.1/kerb-core-1.0.1.jar:/home/user/.m2/repository/org/apache/kerby/kerby-pkix/1.0.1/kerby-pkix-1.0.1.jar:/home/user/.m2/repository/org/apache/kerby/kerby-asn1/1.0.1/kerby-asn1-1.0.1.jar:/home/user/.m2/repository/org/apache/kerby/kerby-util/1.0.1/kerby-util-1.0.1.jar:/home/user/.m2/repository/org/apache/kerby/kerb-common/1.0.1/kerb-common-1.0.1.jar:/home/user/.m2/repository/org/apache/kerby/kerb-crypto/1.0.1/kerb-crypto-1.0.1.jar:/home/user/.m2/repository/org/apache/kerby/kerb-util/1.0.1/kerb-util-1.0.1.jar:/home/user/.m2/repository/org/apache/kerby/token-provider/1.0.1/token-provider-1.0.1.jar:/home/user/.m2/repository/org/apache/kerby/kerb-admin/1.0.1/kerb-admin-1.0.1.jar:/home/user/.m2/repository/org/apache/kerby/kerb-server/1.0.1/kerb-server-1.0.1.jar:/home/user/.m2/repository/org/apache/kerby/kerb-identity/1.0.1/kerb-identity-1.0.1.jar:/home/user/.m2/repository/org/apache/kerby/kerby-xdr/1.0.1/kerby-xdr-1.0.1.jar:/home/user/.m2/repository/com/fasterxml/jackson/core/jackson-databind/2.9.5/jackson-databind-2.9.5.jar:/home/user/.m2/repository/com/fasterxml/jackson/core/jackson-core/2.9.5/jackson-core-2.9.5.jar:/home/user/.m2/repository/org/codehaus/woodstox/stax2-api/3.1.4/stax2-api-3.1.4.jar:/home/user/.m2/repository/com/fasterxml/woodstox/woodstox-core/5.0.3/woodstox-core-5.0.3.jar:/home/user/.m2/repository/dnsjava/dnsjava/2.1.7/dnsjava-2.1.7.jar:/home/user/.m2/repository/org/apache/hadoop/hadoop-hdfs/3.2.0/hadoop-hdfs-3.2.0.jar:/home/user/.m2/repository/org/eclipse/jetty/jetty-util-ajax/9.3.24.v20180605/jetty-util-ajax-9.3.24.v20180605.jar:/home/user/.m2/repository/commons-daemon/commons-daemon/1.0.13/commons-daemon-1.0.13.jar:/home/user/.m2/repository/io/netty/netty/3.10.5.Final/netty-3.10.5.Final.jar:/home/user/.m2/repository/io/netty/netty-all/4.0.52.Final/netty-all-4.0.52.Final.jar:/home/user/.m2/repository/org/fusesource/leveldbjni/leveldbjni-all/1.8/leveldbjni-all-1.8.jar:/home/user/.m2/repository/com/sun/xml/bind/jaxb-core/2.3.0.1/jaxb-core-2.3.0.1.jar:/home/user/.m2/repository/javax/xml/bind/jaxb-api/2.3.0/jaxb-api-2.3.0.jar:/home/user/.m2/repository/javax/activation/activation/1.1.1/activation-1.1.1.jar:/home/user/.m2/repository/io/dropwizard/metrics/metrics-core/3.2.4/metrics-core-3.2.4.jar:/home/user/.m2/repository/org/openjdk/jmh/jmh-core/1.19/jmh-core-1.19.jar:/home/user/.m2/repository/net/sf/jopt-simple/jopt-simple/4.6/jopt-simple-4.6.jar:/home/user/.m2/repository/org/openjdk/jmh/jmh-generator-annprocess/1.19/jmh-generator-annprocess-1.19.jar:/home/user/.m2/repository/com/google/code/findbugs/findbugs/3.0.1/findbugs-3.0.1.jar:/home/user/.m2/repository/net/jcip/jcip-annotations/1.0/jcip-annotations-1.0.jar:/home/user/.m2/repository/com/google/code/findbugs/bcel-findbugs/6.0/bcel-findbugs-6.0.jar:/home/user/.m2/repository/com/google/code/findbugs/jFormatString/2.0.1/jFormatString-2.0.1.jar:/home/user/.m2/repository/dom4j/dom4j/1.6.1/dom4j-1.6.1.jar:/home/user/.m2/repository/xml-apis/xml-apis/1.0.b2/xml-apis-1.0.b2.jar:/home/user/.m2/repository/org/ow2/asm/asm-debug-all/5.0.2/asm-debug-all-5.0.2.jar:/home/user/.m2/repository/org/ow2/asm/asm-commons/5.0.2/asm-commons-5.0.2.jar:/home/user/.m2/repository/org/ow2/asm/asm-tree/5.0.2/asm-tree-5.0.2.jar:/home/user/.m2/repository/org/ow2/asm/asm/5.0.4/asm-5.0.4.jar:/home/user/.m2/repository/commons-lang/commons-lang/2.6/commons-lang-2.6.jar:/home/user/.m2/repository/com/apple/AppleJavaExtensions/1.4/AppleJavaExtensions-1.4.jar:/home/user/.m2/repository/jaxen/jaxen/1.1.6/jaxen-1.1.6.jar:/home/user/.m2/repository/junit/junit/4.11/junit-4.11.jar:/home/user/.m2/repository/org/hamcrest/hamcrest-core/1.3/hamcrest-core-1.3.jar:/home/user/.m2/repository/org/apache/hadoop/hadoop-common/3.2.0/hadoop-common-3.2.0-tests.jar:/home/user/.m2/repository/org/apache/hadoop/hadoop-ozone-integration-test/0.4.1-SNAPSHOT/hadoop-ozone-integration-test-0.4.1-SNAPSHOT-tests.jar:/workdir/hadoop-ozone/objectstore-service/target/classes:/workdir/hadoop-ozone/s3gateway/target/classes:/home/user/.m2/repository/org/jboss/weld/servlet/weld-servlet/2.4.7.Final/weld-servlet-2.4.7.Final.jar:/home/user/.m2/repository/org/glassfish/jersey/containers/jersey-container-servlet-core/2.27/jersey-container-servlet-core-2.27.jar:/home/user/.m2/repository/org/glassfish/hk2/external/javax.inject/2.5.0-b42/javax.inject-2.5.0-b42.jar:/home/user/.m2/repository/org/glassfish/jersey/core/jersey-common/2.27/jersey-common-2.27.jar:/home/user/.m2/repository/org/glassfish/hk2/osgi-resource-locator/1.0.1/osgi-resource-locator-1.0.1.jar:/home/user/.m2/repository/javax/ws/rs/javax.ws.rs-api/2.1/javax.ws.rs-api-2.1.jar:/home/user/.m2/repository/org/glassfish/jersey/ext/cdi/jersey-cdi1x/2.27/jersey-cdi1x-2.27.jar:/home/user/.m2/repository/org/glassfish/jersey/inject/jersey-hk2/2.27/jersey-hk2-2.27.jar:/home/user/.m2/repository/org/glassfish/hk2/hk2-locator/2.5.0-b42/hk2-locator-2.5.0-b42.jar:/home/user/.m2/repository/org/javassist/javassist/3.22.0-CR2/javassist-3.22.0-CR2.jar:/home/user/.m2/repository/org/glassfish/hk2/hk2-api/2.5.0/hk2-api-2.5.0.jar:/home/user/.m2/repository/org/glassfish/hk2/external/jakarta.inject/2.5.0/jakarta.inject-2.5.0.jar:/home/user/.m2/repository/org/glassfish/hk2/hk2-utils/2.5.0/hk2-utils-2.5.0.jar:/home/user/.m2/repository/jakarta/annotation/jakarta.annotation-api/1.3.4/jakarta.annotation-api-1.3.4.jar:/home/user/.m2/repository/org/glassfish/hk2/external/aopalliance-repackaged/2.5.0/aopalliance-repackaged-2.5.0.jar:/home/user/.m2/repository/com/fasterxml/jackson/dataformat/jackson-dataformat-xml/2.9.0/jackson-dataformat-xml-2.9.0.jar:/home/user/.m2/repository/com/fasterxml/jackson/module/jackson-module-jaxb-annotations/2.9.5/jackson-module-jaxb-annotations-2.9.5.jar:/home/user/.m2/repository/javax/enterprise/cdi-api/1.2/cdi-api-1.2.jar:/home/user/.m2/repository/javax/el/javax.el-api/3.0.0/javax.el-api-3.0.0.jar:/home/user/.m2/repository/javax/interceptor/javax.interceptor-api/1.2/javax.interceptor-api-1.2.jar:/home/user/.m2/repository/javax/inject/javax.inject/1/javax.inject-1.jar:/workdir/hadoop-ozone/csi/target/classes:/home/user/.m2/repository/com/google/protobuf/protobuf-java-util/3.5.1/protobuf-java-util-3.5.1.jar:/home/user/.m2/repository/io/grpc/grpc-netty/1.17.1/grpc-netty-1.17.1.jar:/home/user/.m2/repository/io/grpc/grpc-core/1.17.1/grpc-core-1.17.1.jar:/home/user/.m2/repository/io/grpc/grpc-context/1.17.1/grpc-context-1.17.1.jar:/home/user/.m2/repository/com/google/errorprone/error_prone_annotations/2.2.0/error_prone_annotations-2.2.0.jar:/home/user/.m2/repository/org/codehaus/mojo/animal-sniffer-annotations/1.17/animal-sniffer-annotations-1.17.jar:/home/user/.m2/repository/io/opencensus/opencensus-api/0.17.0/opencensus-api-0.17.0.jar:/home/user/.m2/repository/io/opencensus/opencensus-contrib-grpc-metrics/0.17.0/opencensus-contrib-grpc-metrics-0.17.0.jar:/home/user/.m2/repository/io/netty/netty-codec-http2/4.1.30.Final/netty-codec-http2-4.1.30.Final.jar:/home/user/.m2/repository/io/netty/netty-codec-http/4.1.30.Final/netty-codec-http-4.1.30.Final.jar:/home/user/.m2/repository/io/netty/netty-codec/4.1.30.Final/netty-codec-4.1.30.Final.jar:/home/user/.m2/repository/io/netty/netty-handler/4.1.30.Final/netty-handler-4.1.30.Final.jar:/home/user/.m2/repository/io/netty/netty-handler-proxy/4.1.30.Final/netty-handler-proxy-4.1.30.Final.jar:/home/user/.m2/repository/io/netty/netty-codec-socks/4.1.30.Final/netty-codec-socks-4.1.30.Final.jar:/home/user/.m2/repository/io/netty/netty-transport-native-epoll/4.1.30.Final/netty-transport-native-epoll-4.1.30.Final.jar:/home/user/.m2/repository/io/netty/netty-common/4.1.30.Final/netty-common-4.1.30.Final.jar:/home/user/.m2/repository/io/netty/netty-buffer/4.1.30.Final/netty-buffer-4.1.30.Final.jar:/home/user/.m2/repository/io/netty/netty-transport/4.1.30.Final/netty-transport-4.1.30.Final.jar:/home/user/.m2/repository/io/netty/netty-resolver/4.1.30.Final/netty-resolver-4.1.30.Final.jar:/home/user/.m2/repository/io/netty/netty-transport-native-unix-common/4.1.30.Final/netty-transport-native-unix-common-4.1.30.Final.jar:/home/user/.m2/repository/io/grpc/grpc-protobuf/1.17.1/grpc-protobuf-1.17.1.jar:/home/user/.m2/repository/com/google/api/grpc/proto-google-common-protos/1.0.0/proto-google-common-protos-1.0.0.jar:/home/user/.m2/repository/io/grpc/grpc-protobuf-lite/1.17.1/grpc-protobuf-lite-1.17.1.jar:/home/user/.m2/repository/io/grpc/grpc-stub/1.17.1/grpc-stub-1.17.1.jar:/workdir/hadoop-ozone/ozone-recon/target/classes:/workdir/hadoop-ozone/ozone-recon-codegen/target/classes:/home/user/.m2/repository/com/google/inject/extensions/guice-multibindings/4.0/guice-multibindings-4.0.jar:/home/user/.m2/repository/com/google/inject/guice/4.0/guice-4.0.jar:/home/user/.m2/repository/aopalliance/aopalliance/1.0/aopalliance-1.0.jar:/home/user/.m2/repository/com/google/inject/extensions/guice-servlet/4.0/guice-servlet-4.0.jar:/home/user/.m2/repository/org/glassfish/jersey/containers/jersey-container-servlet/2.27/jersey-container-servlet-2.27.jar:/home/user/.m2/repository/org/glassfish/hk2/guice-bridge/2.5.0/guice-bridge-2.5.0.jar:/home/user/.m2/repository/org/glassfish/jersey/core/jersey-server/2.27/jersey-server-2.27.jar:/home/user/.m2/repository/org/glassfish/jersey/core/jersey-client/2.27/jersey-client-2.27.jar:/home/user/.m2/repository/org/glassfish/jersey/media/jersey-media-jaxb/2.27/jersey-media-jaxb-2.27.jar:/home/user/.m2/repository/javax/validation/validation-api/1.1.0.Final/validation-api-1.1.0.Final.jar:/home/user/.m2/repository/org/glassfish/jersey/media/jersey-media-json-jackson/2.27/jersey-media-json-jackson-2.27.jar:/home/user/.m2/repository/org/glassfish/jersey/ext/jersey-entity-filtering/2.27/jersey-entity-filtering-2.27.jar:/home/user/.m2/repository/com/google/inject/extensions/guice-assistedinject/4.0/guice-assistedinject-4.0.jar:/home/user/.m2/repository/org/jooq/jooq/3.11.10/jooq-3.11.10.jar:/home/user/.m2/repository/org/jooq/jooq-meta/3.11.10/jooq-meta-3.11.10.jar:/home/user/.m2/repository/org/jooq/jooq-codegen/3.11.10/jooq-codegen-3.11.10.jar:/home/user/.m2/repository/com/jolbox/bonecp/0.8.0.RELEASE/bonecp-0.8.0.RELEASE.jar:/home/user/.m2/repository/org/springframework/spring-jdbc/5.1.3.RELEASE/spring-jdbc-5.1.3.RELEASE.jar:/home/user/.m2/repository/org/springframework/spring-beans/5.1.3.RELEASE/spring-beans-5.1.3.RELEASE.jar:/home/user/.m2/repository/org/springframework/spring-core/5.1.3.RELEASE/spring-core-5.1.3.RELEASE.jar:/home/user/.m2/repository/org/springframework/spring-jcl/5.1.3.RELEASE/spring-jcl-5.1.3.RELEASE.jar:/home/user/.m2/repository/org/springframework/spring-tx/5.1.3.RELEASE/spring-tx-5.1.3.RELEASE.jar:/home/user/.m2/repository/org/mockito/mockito-core/2.15.0/mockito-core-2.15.0.jar:/home/user/.m2/repository/net/bytebuddy/byte-buddy/1.7.9/byte-buddy-1.7.9.jar:/home/user/.m2/repository/net/bytebuddy/byte-buddy-agent/1.7.9/byte-buddy-agent-1.7.9.jar:/home/user/.m2/repository/org/objenesis/objenesis/1.0/objenesis-1.0.jar:"/>
    <property name="java.vm.vendor" value="IcedTea"/>
    <property name="sun.arch.data.model" value="64"/>
    <property name="test.build.dir" value="/workdir/hadoop-ozone/tools/target/test-dir"/>
    <property name="test.cache.data" value=""/>
    <property name="java.vendor.url" value="https://icedtea.classpath.org"/>
    <property name="user.timezone" value=""/>
    <property name="java.vm.specification.version" value="1.8"/>
    <property name="os.name" value="Linux"/>
    <property name="test.build.data" value="/workdir/hadoop-ozone/tools/target/test-dir"/>
    <property name="user.country" value="US"/>
    <property name="sun.java.launcher" value="SUN_STANDARD"/>
    <property name="sun.boot.library.path" value="/usr/lib/jvm/java-1.8-openjdk/jre/lib/amd64"/>
    <property name="sun.java.command" value="/workdir/hadoop-ozone/tools/target/surefire/surefirebooter1416928331460927265.jar /workdir/hadoop-ozone/tools/target/surefire 2019-07-30T07-59-02_419-jvmRun1 surefire3733554081828719330tmp surefire_114564163808371622396tmp"/>
    <property name="surefire.test.class.path" value="/workdir/hadoop-ozone/tools/target/test-classes:/workdir/hadoop-ozone/tools/target/classes:/workdir/hadoop-ozone/ozone-manager/target/classes:/workdir/hadoop-hdds/docs/target/classes:/home/user/.m2/repository/org/bouncycastle/bcprov-jdk15on/1.60/bcprov-jdk15on-1.60.jar:/workdir/hadoop-ozone/common/target/classes:/home/user/.m2/repository/org/apache/commons/commons-compress/1.4.1/commons-compress-1.4.1.jar:/home/user/.m2/repository/org/tukaani/xz/1.0/xz-1.0.jar:/home/user/.m2/repository/org/apache/hadoop/hadoop-hdfs-client/3.2.0/hadoop-hdfs-client-3.2.0.jar:/home/user/.m2/repository/com/fasterxml/jackson/core/jackson-annotations/2.9.5/jackson-annotations-2.9.5.jar:/workdir/hadoop-hdds/common/target/classes:/workdir/hadoop-hdds/config/target/classes:/home/user/.m2/repository/javax/annotation/javax.annotation-api/1.2/javax.annotation-api-1.2.jar:/home/user/.m2/repository/org/apache/ratis/ratis-server/0.4.0-2337318-SNAPSHOT/ratis-server-0.4.0-2337318-SNAPSHOT.jar:/home/user/.m2/repository/org/apache/ratis/ratis-thirdparty-misc/0.2.0/ratis-thirdparty-misc-0.2.0.jar:/home/user/.m2/repository/org/apache/ratis/ratis-proto/0.4.0-2337318-SNAPSHOT/ratis-proto-0.4.0-2337318-SNAPSHOT.jar:/home/user/.m2/repository/org/apache/ratis/ratis-common/0.4.0-2337318-SNAPSHOT/ratis-common-0.4.0-2337318-SNAPSHOT.jar:/home/user/.m2/repository/org/apache/ratis/ratis-client/0.4.0-2337318-SNAPSHOT/ratis-client-0.4.0-2337318-SNAPSHOT.jar:/home/user/.m2/repository/org/apache/ratis/ratis-metrics/0.4.0-2337318-SNAPSHOT/ratis-metrics-0.4.0-2337318-SNAPSHOT.jar:/home/user/.m2/repository/org/apache/ratis/ratis-netty/0.4.0-2337318-SNAPSHOT/ratis-netty-0.4.0-2337318-SNAPSHOT.jar:/home/user/.m2/repository/org/apache/ratis/ratis-grpc/0.4.0-2337318-SNAPSHOT/ratis-grpc-0.4.0-2337318-SNAPSHOT.jar:/home/user/.m2/repository/org/rocksdb/rocksdbjni/6.0.1/rocksdbjni-6.0.1.jar:/home/user/.m2/repository/org/apache/logging/log4j/log4j-api/2.11.0/log4j-api-2.11.0.jar:/home/user/.m2/repository/org/apache/logging/log4j/log4j-core/2.11.0/log4j-core-2.11.0.jar:/home/user/.m2/repository/com/lmax/disruptor/3.4.2/disruptor-3.4.2.jar:/home/user/.m2/repository/org/apache/commons/commons-pool2/2.6.0/commons-pool2-2.6.0.jar:/home/user/.m2/repository/org/bouncycastle/bcpkix-jdk15on/1.60/bcpkix-jdk15on-1.60.jar:/home/user/.m2/repository/commons-validator/commons-validator/1.6/commons-validator-1.6.jar:/home/user/.m2/repository/commons-digester/commons-digester/1.8.1/commons-digester-1.8.1.jar:/home/user/.m2/repository/io/jaegertracing/jaeger-client/0.33.1/jaeger-client-0.33.1.jar:/home/user/.m2/repository/io/jaegertracing/jaeger-thrift/0.33.1/jaeger-thrift-0.33.1.jar:/home/user/.m2/repository/org/apache/thrift/libthrift/0.11.0/libthrift-0.11.0.jar:/home/user/.m2/repository/com/squareup/okhttp3/okhttp/3.9.0/okhttp-3.9.0.jar:/home/user/.m2/repository/com/squareup/okio/okio/1.13.0/okio-1.13.0.jar:/home/user/.m2/repository/io/jaegertracing/jaeger-core/0.33.1/jaeger-core-0.33.1.jar:/home/user/.m2/repository/io/jaegertracing/jaeger-tracerresolver/0.33.1/jaeger-tracerresolver-0.33.1.jar:/home/user/.m2/repository/io/opentracing/contrib/opentracing-tracerresolver/0.1.5/opentracing-tracerresolver-0.1.5.jar:/home/user/.m2/repository/io/opentracing/opentracing-util/0.31.0/opentracing-util-0.31.0.jar:/home/user/.m2/repository/io/opentracing/opentracing-api/0.31.0/opentracing-api-0.31.0.jar:/home/user/.m2/repository/io/opentracing/opentracing-noop/0.31.0/opentracing-noop-0.31.0.jar:/home/user/.m2/repository/org/yaml/snakeyaml/1.16/snakeyaml-1.16.jar:/workdir/hadoop-hdds/container-service/target/classes:/workdir/hadoop-hdds/client/target/classes:/workdir/hadoop-hdds/tools/target/classes:/home/user/.m2/repository/org/xerial/sqlite-jdbc/3.25.2/sqlite-jdbc-3.25.2.jar:/workdir/hadoop-hdds/server-scm/target/classes:/home/user/.m2/repository/org/hamcrest/hamcrest-all/1.3/hamcrest-all-1.3.jar:/home/user/.m2/repository/info/picocli/picocli/3.9.6/picocli-3.9.6.jar:/home/user/.m2/repository/com/google/protobuf/protobuf-java/2.5.0/protobuf-java-2.5.0.jar:/home/user/.m2/repository/com/google/guava/guava/11.0.2/guava-11.0.2.jar:/workdir/hadoop-ozone/client/target/classes:/home/user/.m2/repository/org/apache/hadoop/hadoop-ozone-filesystem/0.4.1-SNAPSHOT/hadoop-ozone-filesystem-0.4.1-SNAPSHOT.jar:/workdir/hadoop-hdds/framework/target/classes:/home/user/.m2/repository/org/apache/hadoop/hadoop-common/3.2.0/hadoop-common-3.2.0.jar:/home/user/.m2/repository/org/apache/hadoop/hadoop-annotations/3.2.0/hadoop-annotations-3.2.0.jar:/usr/lib/jvm/java-1.8-openjdk/jre/../lib/tools.jar:/home/user/.m2/repository/commons-cli/commons-cli/1.2/commons-cli-1.2.jar:/home/user/.m2/repository/org/apache/commons/commons-math3/3.1.1/commons-math3-3.1.1.jar:/home/user/.m2/repository/org/apache/httpcomponents/httpclient/4.5.2/httpclient-4.5.2.jar:/home/user/.m2/repository/org/apache/httpcomponents/httpcore/4.4.4/httpcore-4.4.4.jar:/home/user/.m2/repository/commons-codec/commons-codec/1.11/commons-codec-1.11.jar:/home/user/.m2/repository/commons-io/commons-io/2.5/commons-io-2.5.jar:/home/user/.m2/repository/commons-net/commons-net/3.6/commons-net-3.6.jar:/home/user/.m2/repository/commons-collections/commons-collections/3.2.2/commons-collections-3.2.2.jar:/home/user/.m2/repository/javax/servlet/javax.servlet-api/3.1.0/javax.servlet-api-3.1.0.jar:/home/user/.m2/repository/org/eclipse/jetty/jetty-server/9.3.24.v20180605/jetty-server-9.3.24.v20180605.jar:/home/user/.m2/repository/org/eclipse/jetty/jetty-http/9.3.24.v20180605/jetty-http-9.3.24.v20180605.jar:/home/user/.m2/repository/org/eclipse/jetty/jetty-io/9.3.24.v20180605/jetty-io-9.3.24.v20180605.jar:/home/user/.m2/repository/org/eclipse/jetty/jetty-util/9.3.24.v20180605/jetty-util-9.3.24.v20180605.jar:/home/user/.m2/repository/org/eclipse/jetty/jetty-servlet/9.3.24.v20180605/jetty-servlet-9.3.24.v20180605.jar:/home/user/.m2/repository/org/eclipse/jetty/jetty-security/9.3.24.v20180605/jetty-security-9.3.24.v20180605.jar:/home/user/.m2/repository/org/eclipse/jetty/jetty-webapp/9.3.24.v20180605/jetty-webapp-9.3.24.v20180605.jar:/home/user/.m2/repository/org/eclipse/jetty/jetty-xml/9.3.24.v20180605/jetty-xml-9.3.24.v20180605.jar:/home/user/.m2/repository/javax/servlet/jsp/jsp-api/2.1/jsp-api-2.1.jar:/home/user/.m2/repository/com/sun/jersey/jersey-core/1.19/jersey-core-1.19.jar:/home/user/.m2/repository/javax/ws/rs/jsr311-api/1.1.1/jsr311-api-1.1.1.jar:/home/user/.m2/repository/com/sun/jersey/jersey-servlet/1.19/jersey-servlet-1.19.jar:/home/user/.m2/repository/com/sun/jersey/jersey-json/1.19/jersey-json-1.19.jar:/home/user/.m2/repository/org/codehaus/jettison/jettison/1.1/jettison-1.1.jar:/home/user/.m2/repository/com/sun/xml/bind/jaxb-impl/2.3.0.1/jaxb-impl-2.3.0.1.jar:/home/user/.m2/repository/org/codehaus/jackson/jackson-core-asl/1.9.13/jackson-core-asl-1.9.13.jar:/home/user/.m2/repository/org/codehaus/jackson/jackson-mapper-asl/1.9.13/jackson-mapper-asl-1.9.13.jar:/home/user/.m2/repository/org/codehaus/jackson/jackson-jaxrs/1.9.13/jackson-jaxrs-1.9.13.jar:/home/user/.m2/repository/org/codehaus/jackson/jackson-xc/1.9.13/jackson-xc-1.9.13.jar:/home/user/.m2/repository/com/sun/jersey/jersey-server/1.19/jersey-server-1.19.jar:/home/user/.m2/repository/commons-logging/commons-logging/1.1.3/commons-logging-1.1.3.jar:/home/user/.m2/repository/log4j/log4j/1.2.17/log4j-1.2.17.jar:/home/user/.m2/repository/commons-beanutils/commons-beanutils/1.9.3/commons-beanutils-1.9.3.jar:/home/user/.m2/repository/org/apache/commons/commons-configuration2/2.1.1/commons-configuration2-2.1.1.jar:/home/user/.m2/repository/org/apache/commons/commons-lang3/3.7/commons-lang3-3.7.jar:/home/user/.m2/repository/org/apache/commons/commons-text/1.4/commons-text-1.4.jar:/home/user/.m2/repository/org/slf4j/slf4j-api/1.7.25/slf4j-api-1.7.25.jar:/home/user/.m2/repository/org/slf4j/slf4j-log4j12/1.7.25/slf4j-log4j12-1.7.25.jar:/home/user/.m2/repository/org/apache/avro/avro/1.7.7/avro-1.7.7.jar:/home/user/.m2/repository/com/thoughtworks/paranamer/paranamer/2.3/paranamer-2.3.jar:/home/user/.m2/repository/org/xerial/snappy/snappy-java/1.0.5/snappy-java-1.0.5.jar:/home/user/.m2/repository/com/google/re2j/re2j/1.1/re2j-1.1.jar:/home/user/.m2/repository/com/google/code/gson/gson/2.2.4/gson-2.2.4.jar:/home/user/.m2/repository/org/apache/hadoop/hadoop-auth/3.2.0/hadoop-auth-3.2.0.jar:/home/user/.m2/repository/com/nimbusds/nimbus-jose-jwt/4.41.1/nimbus-jose-jwt-4.41.1.jar:/home/user/.m2/repository/com/github/stephenc/jcip/jcip-annotations/1.0-1/jcip-annotations-1.0-1.jar:/home/user/.m2/repository/net/minidev/json-smart/2.3/json-smart-2.3.jar:/home/user/.m2/repository/net/minidev/accessors-smart/1.2/accessors-smart-1.2.jar:/home/user/.m2/repository/org/apache/curator/curator-framework/2.12.0/curator-framework-2.12.0.jar:/home/user/.m2/repository/com/jcraft/jsch/0.1.54/jsch-0.1.54.jar:/home/user/.m2/repository/org/apache/curator/curator-client/2.12.0/curator-client-2.12.0.jar:/home/user/.m2/repository/org/apache/curator/curator-recipes/2.12.0/curator-recipes-2.12.0.jar:/home/user/.m2/repository/com/google/code/findbugs/jsr305/3.0.0/jsr305-3.0.0.jar:/home/user/.m2/repository/org/apache/htrace/htrace-core4/4.1.0-incubating/htrace-core4-4.1.0-incubating.jar:/home/user/.m2/repository/org/apache/zookeeper/zookeeper/3.4.13/zookeeper-3.4.13.jar:/home/user/.m2/repository/org/apache/yetus/audience-annotations/0.5.0/audience-annotations-0.5.0.jar:/home/user/.m2/repository/org/apache/kerby/kerb-simplekdc/1.0.1/kerb-simplekdc-1.0.1.jar:/home/user/.m2/repository/org/apache/kerby/kerb-client/1.0.1/kerb-client-1.0.1.jar:/home/user/.m2/repository/org/apache/kerby/kerby-config/1.0.1/kerby-config-1.0.1.jar:/home/user/.m2/repository/org/apache/kerby/kerb-core/1.0.1/kerb-core-1.0.1.jar:/home/user/.m2/repository/org/apache/kerby/kerby-pkix/1.0.1/kerby-pkix-1.0.1.jar:/home/user/.m2/repository/org/apache/kerby/kerby-asn1/1.0.1/kerby-asn1-1.0.1.jar:/home/user/.m2/repository/org/apache/kerby/kerby-util/1.0.1/kerby-util-1.0.1.jar:/home/user/.m2/repository/org/apache/kerby/kerb-common/1.0.1/kerb-common-1.0.1.jar:/home/user/.m2/repository/org/apache/kerby/kerb-crypto/1.0.1/kerb-crypto-1.0.1.jar:/home/user/.m2/repository/org/apache/kerby/kerb-util/1.0.1/kerb-util-1.0.1.jar:/home/user/.m2/repository/org/apache/kerby/token-provider/1.0.1/token-provider-1.0.1.jar:/home/user/.m2/repository/org/apache/kerby/kerb-admin/1.0.1/kerb-admin-1.0.1.jar:/home/user/.m2/repository/org/apache/kerby/kerb-server/1.0.1/kerb-server-1.0.1.jar:/home/user/.m2/repository/org/apache/kerby/kerb-identity/1.0.1/kerb-identity-1.0.1.jar:/home/user/.m2/repository/org/apache/kerby/kerby-xdr/1.0.1/kerby-xdr-1.0.1.jar:/home/user/.m2/repository/com/fasterxml/jackson/core/jackson-databind/2.9.5/jackson-databind-2.9.5.jar:/home/user/.m2/repository/com/fasterxml/jackson/core/jackson-core/2.9.5/jackson-core-2.9.5.jar:/home/user/.m2/repository/org/codehaus/woodstox/stax2-api/3.1.4/stax2-api-3.1.4.jar:/home/user/.m2/repository/com/fasterxml/woodstox/woodstox-core/5.0.3/woodstox-core-5.0.3.jar:/home/user/.m2/repository/dnsjava/dnsjava/2.1.7/dnsjava-2.1.7.jar:/home/user/.m2/repository/org/apache/hadoop/hadoop-hdfs/3.2.0/hadoop-hdfs-3.2.0.jar:/home/user/.m2/repository/org/eclipse/jetty/jetty-util-ajax/9.3.24.v20180605/jetty-util-ajax-9.3.24.v20180605.jar:/home/user/.m2/repository/commons-daemon/commons-daemon/1.0.13/commons-daemon-1.0.13.jar:/home/user/.m2/repository/io/netty/netty/3.10.5.Final/netty-3.10.5.Final.jar:/home/user/.m2/repository/io/netty/netty-all/4.0.52.Final/netty-all-4.0.52.Final.jar:/home/user/.m2/repository/org/fusesource/leveldbjni/leveldbjni-all/1.8/leveldbjni-all-1.8.jar:/home/user/.m2/repository/com/sun/xml/bind/jaxb-core/2.3.0.1/jaxb-core-2.3.0.1.jar:/home/user/.m2/repository/javax/xml/bind/jaxb-api/2.3.0/jaxb-api-2.3.0.jar:/home/user/.m2/repository/javax/activation/activation/1.1.1/activation-1.1.1.jar:/home/user/.m2/repository/io/dropwizard/metrics/metrics-core/3.2.4/metrics-core-3.2.4.jar:/home/user/.m2/repository/org/openjdk/jmh/jmh-core/1.19/jmh-core-1.19.jar:/home/user/.m2/repository/net/sf/jopt-simple/jopt-simple/4.6/jopt-simple-4.6.jar:/home/user/.m2/repository/org/openjdk/jmh/jmh-generator-annprocess/1.19/jmh-generator-annprocess-1.19.jar:/home/user/.m2/repository/com/google/code/findbugs/findbugs/3.0.1/findbugs-3.0.1.jar:/home/user/.m2/repository/net/jcip/jcip-annotations/1.0/jcip-annotations-1.0.jar:/home/user/.m2/repository/com/google/code/findbugs/bcel-findbugs/6.0/bcel-findbugs-6.0.jar:/home/user/.m2/repository/com/google/code/findbugs/jFormatString/2.0.1/jFormatString-2.0.1.jar:/home/user/.m2/repository/dom4j/dom4j/1.6.1/dom4j-1.6.1.jar:/home/user/.m2/repository/xml-apis/xml-apis/1.0.b2/xml-apis-1.0.b2.jar:/home/user/.m2/repository/org/ow2/asm/asm-debug-all/5.0.2/asm-debug-all-5.0.2.jar:/home/user/.m2/repository/org/ow2/asm/asm-commons/5.0.2/asm-commons-5.0.2.jar:/home/user/.m2/repository/org/ow2/asm/asm-tree/5.0.2/asm-tree-5.0.2.jar:/home/user/.m2/repository/org/ow2/asm/asm/5.0.4/asm-5.0.4.jar:/home/user/.m2/repository/commons-lang/commons-lang/2.6/commons-lang-2.6.jar:/home/user/.m2/repository/com/apple/AppleJavaExtensions/1.4/AppleJavaExtensions-1.4.jar:/home/user/.m2/repository/jaxen/jaxen/1.1.6/jaxen-1.1.6.jar:/home/user/.m2/repository/junit/junit/4.11/junit-4.11.jar:/home/user/.m2/repository/org/hamcrest/hamcrest-core/1.3/hamcrest-core-1.3.jar:/home/user/.m2/repository/org/apache/hadoop/hadoop-common/3.2.0/hadoop-common-3.2.0-tests.jar:/home/user/.m2/repository/org/apache/hadoop/hadoop-ozone-integration-test/0.4.1-SNAPSHOT/hadoop-ozone-integration-test-0.4.1-SNAPSHOT-tests.jar:/workdir/hadoop-ozone/objectstore-service/target/classes:/workdir/hadoop-ozone/s3gateway/target/classes:/home/user/.m2/repository/org/jboss/weld/servlet/weld-servlet/2.4.7.Final/weld-servlet-2.4.7.Final.jar:/home/user/.m2/repository/org/glassfish/jersey/containers/jersey-container-servlet-core/2.27/jersey-container-servlet-core-2.27.jar:/home/user/.m2/repository/org/glassfish/hk2/external/javax.inject/2.5.0-b42/javax.inject-2.5.0-b42.jar:/home/user/.m2/repository/org/glassfish/jersey/core/jersey-common/2.27/jersey-common-2.27.jar:/home/user/.m2/repository/org/glassfish/hk2/osgi-resource-locator/1.0.1/osgi-resource-locator-1.0.1.jar:/home/user/.m2/repository/javax/ws/rs/javax.ws.rs-api/2.1/javax.ws.rs-api-2.1.jar:/home/user/.m2/repository/org/glassfish/jersey/ext/cdi/jersey-cdi1x/2.27/jersey-cdi1x-2.27.jar:/home/user/.m2/repository/org/glassfish/jersey/inject/jersey-hk2/2.27/jersey-hk2-2.27.jar:/home/user/.m2/repository/org/glassfish/hk2/hk2-locator/2.5.0-b42/hk2-locator-2.5.0-b42.jar:/home/user/.m2/repository/org/javassist/javassist/3.22.0-CR2/javassist-3.22.0-CR2.jar:/home/user/.m2/repository/org/glassfish/hk2/hk2-api/2.5.0/hk2-api-2.5.0.jar:/home/user/.m2/repository/org/glassfish/hk2/external/jakarta.inject/2.5.0/jakarta.inject-2.5.0.jar:/home/user/.m2/repository/org/glassfish/hk2/hk2-utils/2.5.0/hk2-utils-2.5.0.jar:/home/user/.m2/repository/jakarta/annotation/jakarta.annotation-api/1.3.4/jakarta.annotation-api-1.3.4.jar:/home/user/.m2/repository/org/glassfish/hk2/external/aopalliance-repackaged/2.5.0/aopalliance-repackaged-2.5.0.jar:/home/user/.m2/repository/com/fasterxml/jackson/dataformat/jackson-dataformat-xml/2.9.0/jackson-dataformat-xml-2.9.0.jar:/home/user/.m2/repository/com/fasterxml/jackson/module/jackson-module-jaxb-annotations/2.9.5/jackson-module-jaxb-annotations-2.9.5.jar:/home/user/.m2/repository/javax/enterprise/cdi-api/1.2/cdi-api-1.2.jar:/home/user/.m2/repository/javax/el/javax.el-api/3.0.0/javax.el-api-3.0.0.jar:/home/user/.m2/repository/javax/interceptor/javax.interceptor-api/1.2/javax.interceptor-api-1.2.jar:/home/user/.m2/repository/javax/inject/javax.inject/1/javax.inject-1.jar:/workdir/hadoop-ozone/csi/target/classes:/home/user/.m2/repository/com/google/protobuf/protobuf-java-util/3.5.1/protobuf-java-util-3.5.1.jar:/home/user/.m2/repository/io/grpc/grpc-netty/1.17.1/grpc-netty-1.17.1.jar:/home/user/.m2/repository/io/grpc/grpc-core/1.17.1/grpc-core-1.17.1.jar:/home/user/.m2/repository/io/grpc/grpc-context/1.17.1/grpc-context-1.17.1.jar:/home/user/.m2/repository/com/google/errorprone/error_prone_annotations/2.2.0/error_prone_annotations-2.2.0.jar:/home/user/.m2/repository/org/codehaus/mojo/animal-sniffer-annotations/1.17/animal-sniffer-annotations-1.17.jar:/home/user/.m2/repository/io/opencensus/opencensus-api/0.17.0/opencensus-api-0.17.0.jar:/home/user/.m2/repository/io/opencensus/opencensus-contrib-grpc-metrics/0.17.0/opencensus-contrib-grpc-metrics-0.17.0.jar:/home/user/.m2/repository/io/netty/netty-codec-http2/4.1.30.Final/netty-codec-http2-4.1.30.Final.jar:/home/user/.m2/repository/io/netty/netty-codec-http/4.1.30.Final/netty-codec-http-4.1.30.Final.jar:/home/user/.m2/repository/io/netty/netty-codec/4.1.30.Final/netty-codec-4.1.30.Final.jar:/home/user/.m2/repository/io/netty/netty-handler/4.1.30.Final/netty-handler-4.1.30.Final.jar:/home/user/.m2/repository/io/netty/netty-handler-proxy/4.1.30.Final/netty-handler-proxy-4.1.30.Final.jar:/home/user/.m2/repository/io/netty/netty-codec-socks/4.1.30.Final/netty-codec-socks-4.1.30.Final.jar:/home/user/.m2/repository/io/netty/netty-transport-native-epoll/4.1.30.Final/netty-transport-native-epoll-4.1.30.Final.jar:/home/user/.m2/repository/io/netty/netty-common/4.1.30.Final/netty-common-4.1.30.Final.jar:/home/user/.m2/repository/io/netty/netty-buffer/4.1.30.Final/netty-buffer-4.1.30.Final.jar:/home/user/.m2/repository/io/netty/netty-transport/4.1.30.Final/netty-transport-4.1.30.Final.jar:/home/user/.m2/repository/io/netty/netty-resolver/4.1.30.Final/netty-resolver-4.1.30.Final.jar:/home/user/.m2/repository/io/netty/netty-transport-native-unix-common/4.1.30.Final/netty-transport-native-unix-common-4.1.30.Final.jar:/home/user/.m2/repository/io/grpc/grpc-protobuf/1.17.1/grpc-protobuf-1.17.1.jar:/home/user/.m2/repository/com/google/api/grpc/proto-google-common-protos/1.0.0/proto-google-common-protos-1.0.0.jar:/home/user/.m2/repository/io/grpc/grpc-protobuf-lite/1.17.1/grpc-protobuf-lite-1.17.1.jar:/home/user/.m2/repository/io/grpc/grpc-stub/1.17.1/grpc-stub-1.17.1.jar:/workdir/hadoop-ozone/ozone-recon/target/classes:/workdir/hadoop-ozone/ozone-recon-codegen/target/classes:/home/user/.m2/repository/com/google/inject/extensions/guice-multibindings/4.0/guice-multibindings-4.0.jar:/home/user/.m2/repository/com/google/inject/guice/4.0/guice-4.0.jar:/home/user/.m2/repository/aopalliance/aopalliance/1.0/aopalliance-1.0.jar:/home/user/.m2/repository/com/google/inject/extensions/guice-servlet/4.0/guice-servlet-4.0.jar:/home/user/.m2/repository/org/glassfish/jersey/containers/jersey-container-servlet/2.27/jersey-container-servlet-2.27.jar:/home/user/.m2/repository/org/glassfish/hk2/guice-bridge/2.5.0/guice-bridge-2.5.0.jar:/home/user/.m2/repository/org/glassfish/jersey/core/jersey-server/2.27/jersey-server-2.27.jar:/home/user/.m2/repository/org/glassfish/jersey/core/jersey-client/2.27/jersey-client-2.27.jar:/home/user/.m2/repository/org/glassfish/jersey/media/jersey-media-jaxb/2.27/jersey-media-jaxb-2.27.jar:/home/user/.m2/repository/javax/validation/validation-api/1.1.0.Final/validation-api-1.1.0.Final.jar:/home/user/.m2/repository/org/glassfish/jersey/media/jersey-media-json-jackson/2.27/jersey-media-json-jackson-2.27.jar:/home/user/.m2/repository/org/glassfish/jersey/ext/jersey-entity-filtering/2.27/jersey-entity-filtering-2.27.jar:/home/user/.m2/repository/com/google/inject/extensions/guice-assistedinject/4.0/guice-assistedinject-4.0.jar:/home/user/.m2/repository/org/jooq/jooq/3.11.10/jooq-3.11.10.jar:/home/user/.m2/repository/org/jooq/jooq-meta/3.11.10/jooq-meta-3.11.10.jar:/home/user/.m2/repository/org/jooq/jooq-codegen/3.11.10/jooq-codegen-3.11.10.jar:/home/user/.m2/repository/com/jolbox/bonecp/0.8.0.RELEASE/bonecp-0.8.0.RELEASE.jar:/home/user/.m2/repository/org/springframework/spring-jdbc/5.1.3.RELEASE/spring-jdbc-5.1.3.RELEASE.jar:/home/user/.m2/repository/org/springframework/spring-beans/5.1.3.RELEASE/spring-beans-5.1.3.RELEASE.jar:/home/user/.m2/repository/org/springframework/spring-core/5.1.3.RELEASE/spring-core-5.1.3.RELEASE.jar:/home/user/.m2/repository/org/springframework/spring-jcl/5.1.3.RELEASE/spring-jcl-5.1.3.RELEASE.jar:/home/user/.m2/repository/org/springframework/spring-tx/5.1.3.RELEASE/spring-tx-5.1.3.RELEASE.jar:/home/user/.m2/repository/org/mockito/mockito-core/2.15.0/mockito-core-2.15.0.jar:/home/user/.m2/repository/net/bytebuddy/byte-buddy/1.7.9/byte-buddy-1.7.9.jar:/home/user/.m2/repository/net/bytebuddy/byte-buddy-agent/1.7.9/byte-buddy-agent-1.7.9.jar:/home/user/.m2/repository/org/objenesis/objenesis/1.0/objenesis-1.0.jar:"/>
    <property name="sun.cpu.endian" value="little"/>
    <property name="user.home" value="/home/user"/>
    <property name="user.language" value="en"/>
    <property name="java.specification.vendor" value="Oracle Corporation"/>
    <property name="java.home" value="/usr/lib/jvm/java-1.8-openjdk/jre"/>
    <property name="java.security.krb5.conf" value="/workdir/hadoop-ozone/tools/target/test-classes/krb5.conf"/>
    <property name="basedir" value="/workdir/hadoop-ozone/tools"/>
    <property name="file.separator" value="/"/>
    <property name="line.separator" value="&#10;"/>
    <property name="java.vm.specification.vendor" value="Oracle Corporation"/>
    <property name="java.specification.name" value="Java Platform API Specification"/>
    <property name="java.awt.graphicsenv" value="sun.awt.X11GraphicsEnvironment"/>
    <property name="surefire.real.class.path" value="/workdir/hadoop-ozone/tools/target/surefire/surefirebooter1416928331460927265.jar"/>
    <property name="hadoop.log.dir" value="/workdir/hadoop-ozone/tools/target/log"/>
    <property name="sun.boot.class.path" value="/usr/lib/jvm/java-1.8-openjdk/jre/lib/resources.jar:/usr/lib/jvm/java-1.8-openjdk/jre/lib/rt.jar:/usr/lib/jvm/java-1.8-openjdk/jre/lib/sunrsasign.jar:/usr/lib/jvm/java-1.8-openjdk/jre/lib/jsse.jar:/usr/lib/jvm/java-1.8-openjdk/jre/lib/jce.jar:/usr/lib/jvm/java-1.8-openjdk/jre/lib/charsets.jar:/usr/lib/jvm/java-1.8-openjdk/jre/lib/jfr.jar:/usr/lib/jvm/java-1.8-openjdk/jre/classes"/>
    <property name="sun.management.compiler" value="HotSpot 64-Bit Tiered Compilers"/>
    <property name="java.runtime.version" value="1.8.0_212-b04"/>
    <property name="java.net.preferIPv4Stack" value="true"/>
    <property name="user.name" value="jenkins1000"/>
    <property name="path.separator" value=":"/>
    <property name="java.security.egd" value="file:///dev/urandom"/>
    <property name="os.version" value="3.10.0-957.12.2.el7.x86_64"/>
    <property name="java.endorsed.dirs" value="/usr/lib/jvm/java-1.8-openjdk/jre/lib/endorsed"/>
    <property name="java.runtime.name" value="OpenJDK Runtime Environment"/>
    <property name="file.encoding" value="UTF-8"/>
    <property name="java.vm.name" value="OpenJDK 64-Bit Server VM"/>
    <property name="test.build.webapps" value=""/>
    <property name="localRepository" value="/home/user/.m2/repository"/>
    <property name="java.vendor.url.bug" value="https://icedtea.classpath.org/bugzilla"/>
    <property name="java.io.tmpdir" value="/tmp"/>
    <property name="require.test.libhadoop" value=""/>
    <property name="java.version" value="1.8.0_212"/>
    <property name="user.dir" value="/workdir/hadoop-ozone/tools"/>
    <property name="os.arch" value="amd64"/>
    <property name="java.vm.specification.name" value="Java Virtual Machine Specification"/>
    <property name="test.build.classes" value="/workdir/hadoop-ozone/tools/target/test-classes"/>
    <property name="java.awt.printerjob" value="sun.print.PSPrinterJob"/>
    <property name="sun.os.patch.level" value="unknown"/>
    <property name="hadoop.tmp.dir" value="/workdir/hadoop-ozone/tools/target/tmp"/>
    <property name="java.library.path" value="/usr/lib/jvm/java-1.8-openjdk/jre/lib/amd64/server:/usr/lib/jvm/java-1.8-openjdk/jre/lib/amd64:/usr/lib/jvm/java-1.8-openjdk/jre/../lib/amd64:/workdir/hadoop-ozone/tools/target/native/target/usr/local/lib:/workdir/hadoop-ozone/tools/../../hadoop-common-project/hadoop-common/target/native/target/usr/local/lib:/usr/java/packages/lib/amd64:/usr/lib64:/lib64:/lib:/usr/lib"/>
    <property name="java.vm.info" value="mixed mode"/>
    <property name="java.vendor" value="IcedTea"/>
    <property name="java.vm.version" value="25.212-b04"/>
    <property name="java.ext.dirs" value="/usr/lib/jvm/java-1.8-openjdk/jre/lib/ext:/usr/java/packages/lib/ext"/>
    <property name="sun.io.unicode.encoding" value="UnicodeLittle"/>
    <property name="java.class.version" value="52.0"/>
  </properties>
  <testcase name="ratisTestLargeKey" classname="org.apache.hadoop.ozone.freon.TestDataValidateWithUnsafeByteOperations" time="15.497">
    <error message="Unexpected Storage Container Exception: org.apache.hadoop.hdds.scm.container.common.helpers.StorageContainerException: ContainerID 3 does not exist" type="java.io.IOException">java.io.IOException: Unexpected Storage Container Exception: org.apache.hadoop.hdds.scm.container.common.helpers.StorageContainerException: ContainerID 3 does not exist
	at org.apache.hadoop.hdds.scm.storage.BlockOutputStream.setIoException(BlockOutputStream.java:541)
	at org.apache.hadoop.hdds.scm.storage.BlockOutputStream.validateResponse(BlockOutputStream.java:532)
	at org.apache.hadoop.hdds.scm.storage.BlockOutputStream.lambda$writeChunkToContainer$2(BlockOutputStream.java:606)
	at java.util.concurrent.CompletableFuture.uniApply(CompletableFuture.java:602)
	at java.util.concurrent.CompletableFuture$UniApply.tryFire(CompletableFuture.java:577)
	at java.util.concurrent.CompletableFuture$Completion.run(CompletableFuture.java:442)
	at java.util.concurrent.ThreadPoolExecutor.runWorker(ThreadPoolExecutor.java:1149)
	at java.util.concurrent.ThreadPoolExecutor$Worker.run(ThreadPoolExecutor.java:624)
	at java.lang.Thread.run(Thread.java:748)
Caused by: org.apache.hadoop.hdds.scm.container.common.helpers.StorageContainerException: ContainerID 3 does not exist
	at org.apache.hadoop.hdds.scm.storage.ContainerProtocolCalls.validateContainerResponse(ContainerProtocolCalls.java:536)
	at org.apache.hadoop.hdds.scm.storage.BlockOutputStream.validateResponse(BlockOutputStream.java:529)
	... 7 more
</error>
    <system-out><![CDATA[2019-07-30 08:13:13,008 WARN  server.ServerUtils (ServerUtils.java:getScmDbDir(145)) - ozone.scm.db.dirs is not configured. We recommend adding this setting. Falling back to ozone.metadata.dirs instead.
2019-07-30 08:13:13,108 WARN  server.ServerUtils (ServerUtils.java:getScmDbDir(145)) - ozone.scm.db.dirs is not configured. We recommend adding this setting. Falling back to ozone.metadata.dirs instead.
2019-07-30 08:13:13,111 WARN  server.ServerUtils (ServerUtils.java:getScmDbDir(145)) - ozone.scm.db.dirs is not configured. We recommend adding this setting. Falling back to ozone.metadata.dirs instead.
2019-07-30 08:13:13,129 INFO  util.log (Log.java:initialized(192)) - Logging initialized @938ms
2019-07-30 08:13:13,264 INFO  db.DBStoreBuilder (DBStoreBuilder.java:addTable(110)) - using custom profile for table: deletedBlocks
2019-07-30 08:13:13,267 INFO  db.DBStoreBuilder (DBStoreBuilder.java:processTables(161)) - Using default column profile:DBProfile.DISK for Table:deletedBlocks
2019-07-30 08:13:13,268 INFO  db.DBStoreBuilder (DBStoreBuilder.java:addTable(110)) - using custom profile for table: validCerts
2019-07-30 08:13:13,268 INFO  db.DBStoreBuilder (DBStoreBuilder.java:processTables(161)) - Using default column profile:DBProfile.DISK for Table:validCerts
2019-07-30 08:13:13,268 INFO  db.DBStoreBuilder (DBStoreBuilder.java:addTable(110)) - using custom profile for table: revokedCerts
2019-07-30 08:13:13,268 INFO  db.DBStoreBuilder (DBStoreBuilder.java:processTables(161)) - Using default column profile:DBProfile.DISK for Table:revokedCerts
2019-07-30 08:13:13,283 INFO  db.DBStoreBuilder (DBStoreBuilder.java:addTable(110)) - using custom profile for table: default
2019-07-30 08:13:13,283 INFO  db.DBStoreBuilder (DBStoreBuilder.java:processTables(167)) - Using default column profile:DBProfile.DISK for Table:default
2019-07-30 08:13:13,285 INFO  db.DBStoreBuilder (DBStoreBuilder.java:getDbProfile(198)) - Using default options. DBProfile.DISK
2019-07-30 08:13:13,494 INFO  net.NodeSchemaLoader (NodeSchemaLoader.java:loadSchemaFromFile(125)) - Loading file from sun.misc.CompoundEnumeration@12b0404f
2019-07-30 08:13:13,496 INFO  net.NodeSchemaLoader (NodeSchemaLoader.java:loadSchema(171)) - Loading network topology layer schema file
2019-07-30 08:13:13,575 WARN  server.ServerUtils (ServerUtils.java:sanitizeUserArgs(70)) - ozone.scm.stale.node.interval value = 300000 is larger than max = 100000 based on the key value of ozone.scm.heartbeat.thread.interval, reset to the max value 100000.
2019-07-30 08:13:13,577 WARN  server.ServerUtils (ServerUtils.java:sanitizeUserArgs(70)) - ozone.scm.stale.node.interval value = 300000 is larger than max = 100000 based on the key value of ozone.scm.heartbeat.thread.interval, reset to the max value 100000.
2019-07-30 08:13:13,580 INFO  node.SCMNodeManager (SCMNodeManager.java:<init>(121)) - Entering startup safe mode.
2019-07-30 08:13:13,692 WARN  server.ServerUtils (ServerUtils.java:getScmDbDir(145)) - ozone.scm.db.dirs is not configured. We recommend adding this setting. Falling back to ozone.metadata.dirs instead.
2019-07-30 08:13:13,755 INFO  pipeline.SCMPipelineManager (SCMPipelineManager.java:initializePipelineState(126)) - No pipeline exists in current db
2019-07-30 08:13:13,758 WARN  server.ServerUtils (ServerUtils.java:getScmDbDir(145)) - ozone.scm.db.dirs is not configured. We recommend adding this setting. Falling back to ozone.metadata.dirs instead.
2019-07-30 08:13:13,894 WARN  events.EventQueue (EventQueue.java:fireEvent(175)) - No event handler registered for event TypedEvent{payloadType=SafeModeStatus, name='SafeModeStatus'}
2019-07-30 08:13:14,289 INFO  ipc.CallQueueManager (CallQueueManager.java:<init>(84)) - Using callQueue: class java.util.concurrent.LinkedBlockingQueue, queueCapacity: 2000, scheduler: class org.apache.hadoop.ipc.DefaultRpcScheduler, ipcBackoff: false.
2019-07-30 08:13:14,319 INFO  ipc.Server (Server.java:run(1074)) - Starting Socket Reader #1 for port 36703
2019-07-30 08:13:14,343 INFO  ipc.CallQueueManager (CallQueueManager.java:<init>(84)) - Using callQueue: class java.util.concurrent.LinkedBlockingQueue, queueCapacity: 2000, scheduler: class org.apache.hadoop.ipc.DefaultRpcScheduler, ipcBackoff: false.
2019-07-30 08:13:14,345 INFO  ipc.Server (Server.java:run(1074)) - Starting Socket Reader #1 for port 35953
2019-07-30 08:13:14,350 INFO  ipc.CallQueueManager (CallQueueManager.java:<init>(84)) - Using callQueue: class java.util.concurrent.LinkedBlockingQueue, queueCapacity: 2000, scheduler: class org.apache.hadoop.ipc.DefaultRpcScheduler, ipcBackoff: false.
2019-07-30 08:13:14,352 INFO  ipc.Server (Server.java:run(1074)) - Starting Socket Reader #1 for port 39325
2019-07-30 08:13:14,489 INFO  hdfs.DFSUtil (DFSUtil.java:httpServerTemplateForNNAndJN(1641)) - Starting Web-server for scm at: http://0.0.0.0:0
2019-07-30 08:13:14,653 INFO  server.AuthenticationFilter (AuthenticationFilter.java:constructSecretProvider(240)) - Unable to initialize FileSignerSecretProvider, falling back to use random secrets.
2019-07-30 08:13:14,670 WARN  http.HttpRequestLog (HttpRequestLog.java:getRequestLog(97)) - Jetty request log can only be enabled using Log4j
2019-07-30 08:13:14,679 INFO  http.HttpServer2 (HttpServer2.java:addGlobalFilter(975)) - Added global filter 'safety' (class=org.apache.hadoop.http.HttpServer2$QuotingInputFilter)
2019-07-30 08:13:14,681 INFO  http.HttpServer2 (HttpServer2.java:addFilter(948)) - Added filter static_user_filter (class=org.apache.hadoop.http.lib.StaticUserWebFilter$StaticUserFilter) to context scm
2019-07-30 08:13:14,682 INFO  http.HttpServer2 (HttpServer2.java:addFilter(958)) - Added filter static_user_filter (class=org.apache.hadoop.http.lib.StaticUserWebFilter$StaticUserFilter) to context logs
2019-07-30 08:13:14,682 INFO  http.HttpServer2 (HttpServer2.java:addFilter(958)) - Added filter static_user_filter (class=org.apache.hadoop.http.lib.StaticUserWebFilter$StaticUserFilter) to context static
2019-07-30 08:13:14,709 INFO  server.StorageContainerManager (StorageContainerManager.java:start(758)) - StorageContainerLocationProtocol RPC server is listening at /0.0.0.0:39325
2019-07-30 08:13:14,763 WARN  impl.MetricsConfig (MetricsConfig.java:loadFirst(134)) - Cannot locate configuration: tried hadoop-metrics2-storagecontainermanager.properties,hadoop-metrics2.properties
2019-07-30 08:13:14,777 INFO  impl.MetricsSystemImpl (MetricsSystemImpl.java:startTimer(374)) - Scheduled Metric snapshot period at 10 second(s).
2019-07-30 08:13:14,777 INFO  impl.MetricsSystemImpl (MetricsSystemImpl.java:start(191)) - StorageContainerManager metrics system started
2019-07-30 08:13:15,006 INFO  server.SCMClientProtocolServer (SCMClientProtocolServer.java:start(151)) - RPC server for Client  is listening at /0.0.0.0:39325
2019-07-30 08:13:15,007 INFO  ipc.Server (Server.java:run(1314)) - IPC Server Responder: starting
2019-07-30 08:13:15,008 INFO  ipc.Server (Server.java:run(1153)) - IPC Server listener on 39325: starting
2019-07-30 08:13:15,013 INFO  server.StorageContainerManager (StorageContainerManager.java:start(768)) - ScmBlockLocationProtocol RPC server is listening at /0.0.0.0:35953
2019-07-30 08:13:15,014 INFO  server.SCMBlockProtocolServer (SCMBlockProtocolServer.java:start(140)) - RPC server for Block Protocol is listening at /0.0.0.0:35953
2019-07-30 08:13:15,014 INFO  ipc.Server (Server.java:run(1314)) - IPC Server Responder: starting
2019-07-30 08:13:15,015 INFO  ipc.Server (Server.java:run(1153)) - IPC Server listener on 35953: starting
2019-07-30 08:13:15,023 INFO  server.StorageContainerManager (StorageContainerManager.java:start(772)) - ScmDatanodeProtocl RPC server is listening at /0.0.0.0:36703
2019-07-30 08:13:15,023 INFO  server.SCMDatanodeProtocolServer (SCMDatanodeProtocolServer.java:start(191)) - RPC server for DataNodes is listening at /0.0.0.0:36703
2019-07-30 08:13:15,025 INFO  ipc.Server (Server.java:run(1153)) - IPC Server listener on 36703: starting
2019-07-30 08:13:15,025 INFO  ipc.Server (Server.java:run(1314)) - IPC Server Responder: starting
2019-07-30 08:13:15,039 INFO  http.HttpServer2 (HttpServer2.java:bindListener(1191)) - Jetty bound to port 36264
2019-07-30 08:13:15,041 INFO  server.Server (Server.java:doStart(351)) - jetty-9.3.24.v20180605, build timestamp: 2018-06-05T17:11:56Z, git hash: 84205aa28f11a4f31f2a3b86d1bba2cc8ab69827
2019-07-30 08:13:15,091 INFO  handler.ContextHandler (ContextHandler.java:doStart(781)) - Started o.e.j.s.ServletContextHandler@7e5c856f{/logs,file:///workdir/hadoop-ozone/tools/target/log,AVAILABLE}
2019-07-30 08:13:15,092 INFO  handler.ContextHandler (ContextHandler.java:doStart(781)) - Started o.e.j.s.ServletContextHandler@1f53a5dc{/static,file:///workdir/hadoop-hdds/server-scm/target/classes/webapps/static/,AVAILABLE}
2019-07-30 08:13:15,129 INFO  handler.ContextHandler (ContextHandler.java:doStart(781)) - Started o.e.j.w.WebAppContext@650eab8{/,file:///workdir/hadoop-hdds/server-scm/target/classes/webapps/scm/,AVAILABLE}{/scm}
2019-07-30 08:13:15,135 INFO  server.AbstractConnector (AbstractConnector.java:doStart(278)) - Started ServerConnector@3a62c01e{HTTP/1.1,[http/1.1]}{0.0.0.0:36264}
2019-07-30 08:13:15,135 INFO  server.Server (Server.java:doStart(419)) - Started @2944ms
2019-07-30 08:13:15,138 INFO  server.BaseHttpServer (BaseHttpServer.java:updateConnectorAddress(207)) - HTTP server of SCM is listening at http://0.0.0.0:36264
2019-07-30 08:13:15,149 INFO  util.JvmPauseMonitor (JvmPauseMonitor.java:run(188)) - Starting JVM pause monitor
2019-07-30 08:13:15,153 WARN  server.ServerUtils (ServerUtils.java:getDBPath(222)) - ozone.om.db.dirs is not configured. We recommend adding this setting. Falling back to ozone.metadata.dirs instead.
2019-07-30 08:13:15,286 WARN  server.ServerUtils (ServerUtils.java:getDBPath(222)) - ozone.om.db.dirs is not configured. We recommend adding this setting. Falling back to ozone.metadata.dirs instead.
2019-07-30 08:13:15,287 WARN  server.ServerUtils (ServerUtils.java:getDBPath(222)) - ozone.om.db.dirs is not configured. We recommend adding this setting. Falling back to ozone.metadata.dirs instead.
2019-07-30 08:13:15,288 INFO  om.OzoneManager (OzoneManager.java:setOMNodeDetails(644)) - OM Service ID is not set. Setting it to the default ID: omServiceIdDefault
2019-07-30 08:13:15,288 INFO  om.OzoneManager (OzoneManager.java:setOMNodeDetails(650)) - OM Node ID is not set. Setting it to the OmStorage's OmID: f0fa9e95-5314-492a-b95c-608039c5b203
2019-07-30 08:13:15,290 INFO  om.OzoneManager (OzoneManager.java:loadOMHAConfigs(601)) - Found matching OM address with OMServiceId: null, OMNodeId: null, RPC Address: localhost:0 and Ratis port: 9872
2019-07-30 08:13:15,995 WARN  server.ServerUtils (ServerUtils.java:getDBPath(222)) - ozone.om.db.dirs is not configured. We recommend adding this setting. Falling back to ozone.metadata.dirs instead.
2019-07-30 08:13:16,002 INFO  db.DBStoreBuilder (DBStoreBuilder.java:addTable(110)) - using custom profile for table: userTable
2019-07-30 08:13:16,002 INFO  db.DBStoreBuilder (DBStoreBuilder.java:processTables(161)) - Using default column profile:DBProfile.DISK for Table:userTable
2019-07-30 08:13:16,003 INFO  db.DBStoreBuilder (DBStoreBuilder.java:addTable(110)) - using custom profile for table: volumeTable
2019-07-30 08:13:16,003 INFO  db.DBStoreBuilder (DBStoreBuilder.java:processTables(161)) - Using default column profile:DBProfile.DISK for Table:volumeTable
2019-07-30 08:13:16,003 INFO  db.DBStoreBuilder (DBStoreBuilder.java:addTable(110)) - using custom profile for table: bucketTable
2019-07-30 08:13:16,003 INFO  db.DBStoreBuilder (DBStoreBuilder.java:processTables(161)) - Using default column profile:DBProfile.DISK for Table:bucketTable
2019-07-30 08:13:16,004 INFO  db.DBStoreBuilder (DBStoreBuilder.java:addTable(110)) - using custom profile for table: keyTable
2019-07-30 08:13:16,004 INFO  db.DBStoreBuilder (DBStoreBuilder.java:processTables(161)) - Using default column profile:DBProfile.DISK for Table:keyTable
2019-07-30 08:13:16,004 INFO  db.DBStoreBuilder (DBStoreBuilder.java:addTable(110)) - using custom profile for table: deletedTable
2019-07-30 08:13:16,004 INFO  db.DBStoreBuilder (DBStoreBuilder.java:processTables(161)) - Using default column profile:DBProfile.DISK for Table:deletedTable
2019-07-30 08:13:16,005 INFO  db.DBStoreBuilder (DBStoreBuilder.java:addTable(110)) - using custom profile for table: openKeyTable
2019-07-30 08:13:16,005 INFO  db.DBStoreBuilder (DBStoreBuilder.java:processTables(161)) - Using default column profile:DBProfile.DISK for Table:openKeyTable
2019-07-30 08:13:16,005 INFO  db.DBStoreBuilder (DBStoreBuilder.java:addTable(110)) - using custom profile for table: s3Table
2019-07-30 08:13:16,005 INFO  db.DBStoreBuilder (DBStoreBuilder.java:processTables(161)) - Using default column profile:DBProfile.DISK for Table:s3Table
2019-07-30 08:13:16,006 INFO  db.DBStoreBuilder (DBStoreBuilder.java:addTable(110)) - using custom profile for table: multipartInfoTable
2019-07-30 08:13:16,006 INFO  db.DBStoreBuilder (DBStoreBuilder.java:processTables(161)) - Using default column profile:DBProfile.DISK for Table:multipartInfoTable
2019-07-30 08:13:16,006 INFO  db.DBStoreBuilder (DBStoreBuilder.java:addTable(110)) - using custom profile for table: dTokenTable
2019-07-30 08:13:16,006 INFO  db.DBStoreBuilder (DBStoreBuilder.java:processTables(161)) - Using default column profile:DBProfile.DISK for Table:dTokenTable
2019-07-30 08:13:16,007 INFO  db.DBStoreBuilder (DBStoreBuilder.java:addTable(110)) - using custom profile for table: s3SecretTable
2019-07-30 08:13:16,007 INFO  db.DBStoreBuilder (DBStoreBuilder.java:processTables(161)) - Using default column profile:DBProfile.DISK for Table:s3SecretTable
2019-07-30 08:13:16,007 INFO  db.DBStoreBuilder (DBStoreBuilder.java:addTable(110)) - using custom profile for table: prefixTable
2019-07-30 08:13:16,007 INFO  db.DBStoreBuilder (DBStoreBuilder.java:processTables(161)) - Using default column profile:DBProfile.DISK for Table:prefixTable
2019-07-30 08:13:16,008 INFO  db.DBStoreBuilder (DBStoreBuilder.java:addTable(110)) - using custom profile for table: default
2019-07-30 08:13:16,008 INFO  db.DBStoreBuilder (DBStoreBuilder.java:processTables(167)) - Using default column profile:DBProfile.DISK for Table:default
2019-07-30 08:13:16,008 INFO  db.DBStoreBuilder (DBStoreBuilder.java:getDbProfile(198)) - Using default options. DBProfile.DISK
2019-07-30 08:13:16,552 INFO  ipc.CallQueueManager (CallQueueManager.java:<init>(84)) - Using callQueue: class java.util.concurrent.LinkedBlockingQueue, queueCapacity: 2000, scheduler: class org.apache.hadoop.ipc.DefaultRpcScheduler, ipcBackoff: false.
2019-07-30 08:13:16,554 INFO  ipc.Server (Server.java:run(1074)) - Starting Socket Reader #1 for port 37928
2019-07-30 08:13:16,581 INFO  om.OzoneManager (OzoneManager.java:start(1255)) - OzoneManager RPC server is listening at localhost/127.0.0.1:37928
2019-07-30 08:13:16,582 INFO  impl.MetricsSystemImpl (MetricsSystemImpl.java:init(158)) - OzoneManager metrics system started (again)
2019-07-30 08:13:16,584 INFO  ipc.Server (Server.java:run(1314)) - IPC Server Responder: starting
2019-07-30 08:13:16,585 INFO  ipc.Server (Server.java:run(1153)) - IPC Server listener on 37928: starting
2019-07-30 08:13:16,599 INFO  hdfs.DFSUtil (DFSUtil.java:httpServerTemplateForNNAndJN(1641)) - Starting Web-server for ozoneManager at: http://0.0.0.0:0
2019-07-30 08:13:16,601 INFO  server.AuthenticationFilter (AuthenticationFilter.java:constructSecretProvider(240)) - Unable to initialize FileSignerSecretProvider, falling back to use random secrets.
2019-07-30 08:13:16,601 WARN  http.HttpRequestLog (HttpRequestLog.java:getRequestLog(97)) - Jetty request log can only be enabled using Log4j
2019-07-30 08:13:16,604 INFO  http.HttpServer2 (HttpServer2.java:addGlobalFilter(975)) - Added global filter 'safety' (class=org.apache.hadoop.http.HttpServer2$QuotingInputFilter)
2019-07-30 08:13:16,605 INFO  http.HttpServer2 (HttpServer2.java:addFilter(948)) - Added filter static_user_filter (class=org.apache.hadoop.http.lib.StaticUserWebFilter$StaticUserFilter) to context ozoneManager
2019-07-30 08:13:16,605 INFO  http.HttpServer2 (HttpServer2.java:addFilter(958)) - Added filter static_user_filter (class=org.apache.hadoop.http.lib.StaticUserWebFilter$StaticUserFilter) to context static
2019-07-30 08:13:16,606 INFO  http.HttpServer2 (HttpServer2.java:addFilter(958)) - Added filter static_user_filter (class=org.apache.hadoop.http.lib.StaticUserWebFilter$StaticUserFilter) to context logs
2019-07-30 08:13:16,607 INFO  http.HttpServer2 (HttpServer2.java:bindListener(1191)) - Jetty bound to port 41078
2019-07-30 08:13:16,608 INFO  server.Server (Server.java:doStart(351)) - jetty-9.3.24.v20180605, build timestamp: 2018-06-05T17:11:56Z, git hash: 84205aa28f11a4f31f2a3b86d1bba2cc8ab69827
2019-07-30 08:13:16,610 INFO  handler.ContextHandler (ContextHandler.java:doStart(781)) - Started o.e.j.s.ServletContextHandler@46292372{/logs,file:///workdir/hadoop-ozone/tools/target/log,AVAILABLE}
2019-07-30 08:13:16,610 INFO  handler.ContextHandler (ContextHandler.java:doStart(781)) - Started o.e.j.s.ServletContextHandler@6c44052e{/static,file:///workdir/hadoop-ozone/ozone-manager/target/classes/webapps/static/,AVAILABLE}
2019-07-30 08:13:16,615 INFO  handler.ContextHandler (ContextHandler.java:doStart(781)) - Started o.e.j.w.WebAppContext@17f9344b{/,file:///workdir/hadoop-ozone/ozone-manager/target/classes/webapps/ozoneManager/,AVAILABLE}{/ozoneManager}
2019-07-30 08:13:16,617 INFO  server.AbstractConnector (AbstractConnector.java:doStart(278)) - Started ServerConnector@27f0ad19{HTTP/1.1,[http/1.1]}{0.0.0.0:41078}
2019-07-30 08:13:16,618 INFO  server.Server (Server.java:doStart(419)) - Started @4426ms
2019-07-30 08:13:16,619 INFO  server.BaseHttpServer (BaseHttpServer.java:updateConnectorAddress(207)) - HTTP server of OZONEMANAGER is listening at http://0.0.0.0:41078
2019-07-30 08:13:16,968 INFO  impl.MetricsSystemImpl (MetricsSystemImpl.java:init(158)) - HddsDatanode metrics system started (again)
2019-07-30 08:13:17,101 INFO  ozone.HddsDatanodeService (HddsDatanodeService.java:start(184)) - HddsDatanodeService host:byscane-nightly-jdzkf-3407971660 ip:192.168.69.113
2019-07-30 08:13:17,138 INFO  volume.HddsVolume (HddsVolume.java:<init>(176)) - Creating Volume: /workdir/hadoop-ozone/tools/target/test-dir/MiniOzoneClusterImpl-26a48605-c691-45de-8caa-9622e7b22942/datanode-0/data/containers/hdds of  storage type : DISK and capacity : 52710309888
2019-07-30 08:13:17,140 INFO  volume.VolumeSet (VolumeSet.java:initializeVolumeSet(170)) - Added Volume : /workdir/hadoop-ozone/tools/target/test-dir/MiniOzoneClusterImpl-26a48605-c691-45de-8caa-9622e7b22942/datanode-0/data/containers/hdds to VolumeSet
2019-07-30 08:13:17,143 INFO  volume.ThrottledAsyncChecker (ThrottledAsyncChecker.java:schedule(140)) - Scheduling a check for org.apache.hadoop.ozone.container.common.volume.HddsVolume@5395ea39
2019-07-30 08:13:17,163 INFO  volume.HddsVolumeChecker (HddsVolumeChecker.java:checkAllVolumes(203)) - Scheduled health check for volume org.apache.hadoop.ozone.container.common.volume.HddsVolume@5395ea39
2019-07-30 08:13:17,273 INFO  impl.RaftServerProxy (ConfUtils.java:logGet(43)) - raft.rpc.type = GRPC (default)
2019-07-30 08:13:17,344 INFO  grpc.GrpcFactory (GrpcFactory.java:checkPooledByteBufAllocatorUseCacheForAllThreads(45)) - PERFORMANCE WARNING: useCacheForAllThreads is true that may cause Netty to create a lot garbage objects and, as a result, trigger GC.
	It is recommended to disable useCacheForAllThreads by setting -Dorg.apache.ratis.thirdparty.io.netty.allocator.useCacheForAllThreads=false in command line.
2019-07-30 08:13:17,349 INFO  grpc.GrpcConfigKeys$Server (ConfUtils.java:logGet(43)) - raft.grpc.server.port = 0 (default)
2019-07-30 08:13:17,350 INFO  server.GrpcService (ConfUtils.java:logGet(43)) - raft.grpc.message.size.max = 33570816 (custom)
2019-07-30 08:13:17,351 INFO  server.RaftServerConfigKeys (ConfUtils.java:logGet(43)) - raft.server.log.appender.buffer.byte-limit = 33554432 (custom)
2019-07-30 08:13:17,352 INFO  server.GrpcService (ConfUtils.java:logGet(43)) - raft.grpc.flow.control.window = 1MB (=1048576) (default)
2019-07-30 08:13:17,353 INFO  server.RaftServerConfigKeys (ConfUtils.java:logGet(43)) - raft.server.rpc.request.timeout = 3000ms (default)
2019-07-30 08:13:17,522 INFO  server.RaftServerConfigKeys (ConfUtils.java:logGet(43)) - raft.server.storage.dir = [/workdir/hadoop-ozone/tools/target/test-dir/MiniOzoneClusterImpl-26a48605-c691-45de-8caa-9622e7b22942/datanode-0/data/ratis] (custom)
2019-07-30 08:13:17,578 INFO  replication.SimpleContainerDownloader (SimpleContainerDownloader.java:<init>(72)) - Starting container downloader service to copy containers to replicate.
2019-07-30 08:13:17,595 INFO  hdfs.DFSUtil (DFSUtil.java:httpServerTemplateForNNAndJN(1641)) - Starting Web-server for hddsDatanode at: http://0.0.0.0:0
2019-07-30 08:13:17,599 INFO  server.AuthenticationFilter (AuthenticationFilter.java:constructSecretProvider(240)) - Unable to initialize FileSignerSecretProvider, falling back to use random secrets.
2019-07-30 08:13:17,600 WARN  http.HttpRequestLog (HttpRequestLog.java:getRequestLog(97)) - Jetty request log can only be enabled using Log4j
2019-07-30 08:13:17,604 INFO  http.HttpServer2 (HttpServer2.java:addGlobalFilter(975)) - Added global filter 'safety' (class=org.apache.hadoop.http.HttpServer2$QuotingInputFilter)
2019-07-30 08:13:17,605 INFO  http.HttpServer2 (HttpServer2.java:addFilter(948)) - Added filter static_user_filter (class=org.apache.hadoop.http.lib.StaticUserWebFilter$StaticUserFilter) to context hddsDatanode
2019-07-30 08:13:17,605 INFO  http.HttpServer2 (HttpServer2.java:addFilter(958)) - Added filter static_user_filter (class=org.apache.hadoop.http.lib.StaticUserWebFilter$StaticUserFilter) to context logs
2019-07-30 08:13:17,606 INFO  http.HttpServer2 (HttpServer2.java:addFilter(958)) - Added filter static_user_filter (class=org.apache.hadoop.http.lib.StaticUserWebFilter$StaticUserFilter) to context static
2019-07-30 08:13:17,607 INFO  http.HttpServer2 (HttpServer2.java:bindListener(1191)) - Jetty bound to port 44983
2019-07-30 08:13:17,608 INFO  server.Server (Server.java:doStart(351)) - jetty-9.3.24.v20180605, build timestamp: 2018-06-05T17:11:56Z, git hash: 84205aa28f11a4f31f2a3b86d1bba2cc8ab69827
2019-07-30 08:13:17,612 INFO  handler.ContextHandler (ContextHandler.java:doStart(781)) - Started o.e.j.s.ServletContextHandler@7318daf8{/logs,file:///workdir/hadoop-ozone/tools/target/log,AVAILABLE}
2019-07-30 08:13:17,613 INFO  handler.ContextHandler (ContextHandler.java:doStart(781)) - Started o.e.j.s.ServletContextHandler@3f1ddac2{/static,file:///workdir/hadoop-hdds/container-service/target/classes/webapps/static,AVAILABLE}
2019-07-30 08:13:17,623 INFO  handler.ContextHandler (ContextHandler.java:doStart(781)) - Started o.e.j.w.WebAppContext@6c796cc1{/,file:///workdir/hadoop-hdds/container-service/target/classes/webapps/hddsDatanode/,AVAILABLE}{/hddsDatanode}
2019-07-30 08:13:17,625 INFO  server.AbstractConnector (AbstractConnector.java:doStart(278)) - Started ServerConnector@226eba67{HTTP/1.1,[http/1.1]}{0.0.0.0:44983}
2019-07-30 08:13:17,626 INFO  server.Server (Server.java:doStart(419)) - Started @5435ms
2019-07-30 08:13:17,627 INFO  server.BaseHttpServer (BaseHttpServer.java:updateConnectorAddress(207)) - HTTP server of HDDSDATANODE is listening at http://0.0.0.0:44983
2019-07-30 08:13:18,747 INFO  ozone.HddsDatanodeService (HddsDatanodeService.java:startPlugins(395)) - Started plug-in org.apache.hadoop.ozone.web.OzoneHddsDatanodeService@67774e29
2019-07-30 08:13:18,749 INFO  impl.MetricsSystemImpl (MetricsSystemImpl.java:init(158)) - HddsDatanode metrics system started (again)
2019-07-30 08:13:18,752 INFO  ozone.HddsDatanodeService (HddsDatanodeService.java:start(184)) - HddsDatanodeService host:byscane-nightly-jdzkf-3407971660 ip:192.168.69.113
2019-07-30 08:13:18,756 INFO  util.JvmPauseMonitor (JvmPauseMonitor.java:run(188)) - Starting JVM pause monitor
2019-07-30 08:13:18,763 INFO  volume.HddsVolume (HddsVolume.java:<init>(176)) - Creating Volume: /workdir/hadoop-ozone/tools/target/test-dir/MiniOzoneClusterImpl-26a48605-c691-45de-8caa-9622e7b22942/datanode-1/data/containers/hdds of  storage type : DISK and capacity : 52710309888
2019-07-30 08:13:18,764 INFO  volume.VolumeSet (VolumeSet.java:initializeVolumeSet(170)) - Added Volume : /workdir/hadoop-ozone/tools/target/test-dir/MiniOzoneClusterImpl-26a48605-c691-45de-8caa-9622e7b22942/datanode-1/data/containers/hdds to VolumeSet
2019-07-30 08:13:18,764 INFO  volume.ThrottledAsyncChecker (ThrottledAsyncChecker.java:schedule(140)) - Scheduling a check for org.apache.hadoop.ozone.container.common.volume.HddsVolume@5eea5627
2019-07-30 08:13:18,765 INFO  volume.HddsVolumeChecker (HddsVolumeChecker.java:checkAllVolumes(203)) - Scheduled health check for volume org.apache.hadoop.ozone.container.common.volume.HddsVolume@5eea5627
2019-07-30 08:13:18,784 INFO  impl.RaftServerProxy (ConfUtils.java:logGet(43)) - raft.rpc.type = GRPC (default)
2019-07-30 08:13:18,785 INFO  grpc.GrpcFactory (GrpcFactory.java:checkPooledByteBufAllocatorUseCacheForAllThreads(45)) - PERFORMANCE WARNING: useCacheForAllThreads is true that may cause Netty to create a lot garbage objects and, as a result, trigger GC.
	It is recommended to disable useCacheForAllThreads by setting -Dorg.apache.ratis.thirdparty.io.netty.allocator.useCacheForAllThreads=false in command line.
2019-07-30 08:13:18,785 INFO  grpc.GrpcConfigKeys$Server (ConfUtils.java:logGet(43)) - raft.grpc.server.port = 0 (default)
2019-07-30 08:13:18,785 INFO  server.GrpcService (ConfUtils.java:logGet(43)) - raft.grpc.message.size.max = 33570816 (custom)
2019-07-30 08:13:18,785 INFO  server.RaftServerConfigKeys (ConfUtils.java:logGet(43)) - raft.server.log.appender.buffer.byte-limit = 33554432 (custom)
2019-07-30 08:13:18,786 INFO  server.GrpcService (ConfUtils.java:logGet(43)) - raft.grpc.flow.control.window = 1MB (=1048576) (default)
2019-07-30 08:13:18,786 INFO  server.RaftServerConfigKeys (ConfUtils.java:logGet(43)) - raft.server.rpc.request.timeout = 3000ms (default)
2019-07-30 08:13:18,786 INFO  server.RaftServerConfigKeys (ConfUtils.java:logGet(43)) - raft.server.storage.dir = [/workdir/hadoop-ozone/tools/target/test-dir/MiniOzoneClusterImpl-26a48605-c691-45de-8caa-9622e7b22942/datanode-1/data/ratis] (custom)
2019-07-30 08:13:18,787 INFO  replication.SimpleContainerDownloader (SimpleContainerDownloader.java:<init>(72)) - Starting container downloader service to copy containers to replicate.
2019-07-30 08:13:18,788 INFO  hdfs.DFSUtil (DFSUtil.java:httpServerTemplateForNNAndJN(1641)) - Starting Web-server for hddsDatanode at: http://0.0.0.0:0
2019-07-30 08:13:18,790 INFO  server.AuthenticationFilter (AuthenticationFilter.java:constructSecretProvider(240)) - Unable to initialize FileSignerSecretProvider, falling back to use random secrets.
2019-07-30 08:13:18,793 WARN  http.HttpRequestLog (HttpRequestLog.java:getRequestLog(97)) - Jetty request log can only be enabled using Log4j
2019-07-30 08:13:18,794 INFO  http.HttpServer2 (HttpServer2.java:addGlobalFilter(975)) - Added global filter 'safety' (class=org.apache.hadoop.http.HttpServer2$QuotingInputFilter)
2019-07-30 08:13:18,795 INFO  http.HttpServer2 (HttpServer2.java:addFilter(948)) - Added filter static_user_filter (class=org.apache.hadoop.http.lib.StaticUserWebFilter$StaticUserFilter) to context hddsDatanode
2019-07-30 08:13:18,795 INFO  http.HttpServer2 (HttpServer2.java:addFilter(958)) - Added filter static_user_filter (class=org.apache.hadoop.http.lib.StaticUserWebFilter$StaticUserFilter) to context logs
2019-07-30 08:13:18,795 INFO  http.HttpServer2 (HttpServer2.java:addFilter(958)) - Added filter static_user_filter (class=org.apache.hadoop.http.lib.StaticUserWebFilter$StaticUserFilter) to context static
2019-07-30 08:13:18,796 INFO  http.HttpServer2 (HttpServer2.java:bindListener(1191)) - Jetty bound to port 36121
2019-07-30 08:13:18,796 INFO  server.Server (Server.java:doStart(351)) - jetty-9.3.24.v20180605, build timestamp: 2018-06-05T17:11:56Z, git hash: 84205aa28f11a4f31f2a3b86d1bba2cc8ab69827
2019-07-30 08:13:18,800 INFO  handler.ContextHandler (ContextHandler.java:doStart(781)) - Started o.e.j.s.ServletContextHandler@37e69c43{/logs,file:///workdir/hadoop-ozone/tools/target/log,AVAILABLE}
2019-07-30 08:13:18,800 INFO  handler.ContextHandler (ContextHandler.java:doStart(781)) - Started o.e.j.s.ServletContextHandler@345d053b{/static,file:///workdir/hadoop-hdds/container-service/target/classes/webapps/static,AVAILABLE}
2019-07-30 08:13:18,805 INFO  handler.ContextHandler (ContextHandler.java:doStart(781)) - Started o.e.j.w.WebAppContext@465b38e6{/,file:///workdir/hadoop-hdds/container-service/target/classes/webapps/hddsDatanode/,AVAILABLE}{/hddsDatanode}
2019-07-30 08:13:18,805 INFO  server.AbstractConnector (AbstractConnector.java:doStart(278)) - Started ServerConnector@4b960b5b{HTTP/1.1,[http/1.1]}{0.0.0.0:36121}
2019-07-30 08:13:18,806 INFO  server.Server (Server.java:doStart(419)) - Started @6615ms
2019-07-30 08:13:18,807 INFO  server.BaseHttpServer (BaseHttpServer.java:updateConnectorAddress(207)) - HTTP server of HDDSDATANODE is listening at http://0.0.0.0:36121
2019-07-30 08:13:18,887 INFO  datanode.InitDatanodeState (InitDatanodeState.java:persistContainerDatanodeDetails(140)) - DatanodeDetails is persisted to /workdir/hadoop-ozone/tools/target/test-dir/MiniOzoneClusterImpl-26a48605-c691-45de-8caa-9622e7b22942/datanode-0/meta/datanode.id
2019-07-30 08:13:18,944 INFO  ozone.HddsDatanodeService (HddsDatanodeService.java:startPlugins(395)) - Started plug-in org.apache.hadoop.ozone.web.OzoneHddsDatanodeService@6a1d526c
2019-07-30 08:13:18,945 INFO  impl.MetricsSystemImpl (MetricsSystemImpl.java:init(158)) - HddsDatanode metrics system started (again)
2019-07-30 08:13:18,948 INFO  ozone.HddsDatanodeService (HddsDatanodeService.java:start(184)) - HddsDatanodeService host:byscane-nightly-jdzkf-3407971660 ip:192.168.69.113
2019-07-30 08:13:18,948 INFO  util.JvmPauseMonitor (JvmPauseMonitor.java:run(188)) - Starting JVM pause monitor
2019-07-30 08:13:18,957 INFO  volume.HddsVolume (HddsVolume.java:<init>(176)) - Creating Volume: /workdir/hadoop-ozone/tools/target/test-dir/MiniOzoneClusterImpl-26a48605-c691-45de-8caa-9622e7b22942/datanode-2/data/containers/hdds of  storage type : DISK and capacity : 52710309888
2019-07-30 08:13:18,957 INFO  volume.VolumeSet (VolumeSet.java:initializeVolumeSet(170)) - Added Volume : /workdir/hadoop-ozone/tools/target/test-dir/MiniOzoneClusterImpl-26a48605-c691-45de-8caa-9622e7b22942/datanode-2/data/containers/hdds to VolumeSet
2019-07-30 08:13:18,957 INFO  volume.ThrottledAsyncChecker (ThrottledAsyncChecker.java:schedule(140)) - Scheduling a check for org.apache.hadoop.ozone.container.common.volume.HddsVolume@5d94a2dc
2019-07-30 08:13:18,958 INFO  datanode.InitDatanodeState (InitDatanodeState.java:persistContainerDatanodeDetails(140)) - DatanodeDetails is persisted to /workdir/hadoop-ozone/tools/target/test-dir/MiniOzoneClusterImpl-26a48605-c691-45de-8caa-9622e7b22942/datanode-1/meta/datanode.id
2019-07-30 08:13:18,958 INFO  volume.HddsVolumeChecker (HddsVolumeChecker.java:checkAllVolumes(203)) - Scheduled health check for volume org.apache.hadoop.ozone.container.common.volume.HddsVolume@5d94a2dc
2019-07-30 08:13:18,975 INFO  impl.RaftServerProxy (ConfUtils.java:logGet(43)) - raft.rpc.type = GRPC (default)
2019-07-30 08:13:18,975 INFO  grpc.GrpcFactory (GrpcFactory.java:checkPooledByteBufAllocatorUseCacheForAllThreads(45)) - PERFORMANCE WARNING: useCacheForAllThreads is true that may cause Netty to create a lot garbage objects and, as a result, trigger GC.
	It is recommended to disable useCacheForAllThreads by setting -Dorg.apache.ratis.thirdparty.io.netty.allocator.useCacheForAllThreads=false in command line.
2019-07-30 08:13:18,975 INFO  grpc.GrpcConfigKeys$Server (ConfUtils.java:logGet(43)) - raft.grpc.server.port = 0 (default)
2019-07-30 08:13:18,976 INFO  server.GrpcService (ConfUtils.java:logGet(43)) - raft.grpc.message.size.max = 33570816 (custom)
2019-07-30 08:13:18,976 INFO  server.RaftServerConfigKeys (ConfUtils.java:logGet(43)) - raft.server.log.appender.buffer.byte-limit = 33554432 (custom)
2019-07-30 08:13:18,976 INFO  server.GrpcService (ConfUtils.java:logGet(43)) - raft.grpc.flow.control.window = 1MB (=1048576) (default)
2019-07-30 08:13:18,976 INFO  server.RaftServerConfigKeys (ConfUtils.java:logGet(43)) - raft.server.rpc.request.timeout = 3000ms (default)
2019-07-30 08:13:18,977 INFO  server.RaftServerConfigKeys (ConfUtils.java:logGet(43)) - raft.server.storage.dir = [/workdir/hadoop-ozone/tools/target/test-dir/MiniOzoneClusterImpl-26a48605-c691-45de-8caa-9622e7b22942/datanode-2/data/ratis] (custom)
2019-07-30 08:13:18,978 INFO  replication.SimpleContainerDownloader (SimpleContainerDownloader.java:<init>(72)) - Starting container downloader service to copy containers to replicate.
2019-07-30 08:13:18,979 INFO  hdfs.DFSUtil (DFSUtil.java:httpServerTemplateForNNAndJN(1641)) - Starting Web-server for hddsDatanode at: http://0.0.0.0:0
2019-07-30 08:13:18,980 INFO  server.AuthenticationFilter (AuthenticationFilter.java:constructSecretProvider(240)) - Unable to initialize FileSignerSecretProvider, falling back to use random secrets.
2019-07-30 08:13:18,981 WARN  http.HttpRequestLog (HttpRequestLog.java:getRequestLog(97)) - Jetty request log can only be enabled using Log4j
2019-07-30 08:13:18,982 INFO  http.HttpServer2 (HttpServer2.java:addGlobalFilter(975)) - Added global filter 'safety' (class=org.apache.hadoop.http.HttpServer2$QuotingInputFilter)
2019-07-30 08:13:18,983 INFO  http.HttpServer2 (HttpServer2.java:addFilter(948)) - Added filter static_user_filter (class=org.apache.hadoop.http.lib.StaticUserWebFilter$StaticUserFilter) to context hddsDatanode
2019-07-30 08:13:18,983 INFO  http.HttpServer2 (HttpServer2.java:addFilter(958)) - Added filter static_user_filter (class=org.apache.hadoop.http.lib.StaticUserWebFilter$StaticUserFilter) to context logs
2019-07-30 08:13:18,983 INFO  http.HttpServer2 (HttpServer2.java:addFilter(958)) - Added filter static_user_filter (class=org.apache.hadoop.http.lib.StaticUserWebFilter$StaticUserFilter) to context static
2019-07-30 08:13:18,984 INFO  http.HttpServer2 (HttpServer2.java:bindListener(1191)) - Jetty bound to port 42613
2019-07-30 08:13:18,984 INFO  server.Server (Server.java:doStart(351)) - jetty-9.3.24.v20180605, build timestamp: 2018-06-05T17:11:56Z, git hash: 84205aa28f11a4f31f2a3b86d1bba2cc8ab69827
2019-07-30 08:13:18,986 INFO  handler.ContextHandler (ContextHandler.java:doStart(781)) - Started o.e.j.s.ServletContextHandler@4dde8976{/logs,file:///workdir/hadoop-ozone/tools/target/log,AVAILABLE}
2019-07-30 08:13:18,987 INFO  handler.ContextHandler (ContextHandler.java:doStart(781)) - Started o.e.j.s.ServletContextHandler@3b4825f0{/static,file:///workdir/hadoop-hdds/container-service/target/classes/webapps/static,AVAILABLE}
2019-07-30 08:13:18,991 INFO  handler.ContextHandler (ContextHandler.java:doStart(781)) - Started o.e.j.w.WebAppContext@de7e193{/,file:///workdir/hadoop-hdds/container-service/target/classes/webapps/hddsDatanode/,AVAILABLE}{/hddsDatanode}
2019-07-30 08:13:18,991 INFO  server.AbstractConnector (AbstractConnector.java:doStart(278)) - Started ServerConnector@13e5d243{HTTP/1.1,[http/1.1]}{0.0.0.0:42613}
2019-07-30 08:13:18,992 INFO  server.Server (Server.java:doStart(419)) - Started @6801ms
2019-07-30 08:13:18,993 INFO  server.BaseHttpServer (BaseHttpServer.java:updateConnectorAddress(207)) - HTTP server of HDDSDATANODE is listening at http://0.0.0.0:42613
2019-07-30 08:13:19,121 INFO  ozone.HddsDatanodeService (HddsDatanodeService.java:startPlugins(395)) - Started plug-in org.apache.hadoop.ozone.web.OzoneHddsDatanodeService@7c369270
2019-07-30 08:13:19,121 INFO  impl.MetricsSystemImpl (MetricsSystemImpl.java:init(158)) - HddsDatanode metrics system started (again)
2019-07-30 08:13:19,124 INFO  ozone.HddsDatanodeService (HddsDatanodeService.java:start(184)) - HddsDatanodeService host:byscane-nightly-jdzkf-3407971660 ip:192.168.69.113
2019-07-30 08:13:19,125 INFO  util.JvmPauseMonitor (JvmPauseMonitor.java:run(188)) - Starting JVM pause monitor
2019-07-30 08:13:19,128 INFO  datanode.InitDatanodeState (InitDatanodeState.java:persistContainerDatanodeDetails(140)) - DatanodeDetails is persisted to /workdir/hadoop-ozone/tools/target/test-dir/MiniOzoneClusterImpl-26a48605-c691-45de-8caa-9622e7b22942/datanode-2/meta/datanode.id
2019-07-30 08:13:19,132 INFO  volume.HddsVolume (HddsVolume.java:<init>(176)) - Creating Volume: /workdir/hadoop-ozone/tools/target/test-dir/MiniOzoneClusterImpl-26a48605-c691-45de-8caa-9622e7b22942/datanode-3/data/containers/hdds of  storage type : DISK and capacity : 52710309888
2019-07-30 08:13:19,132 INFO  volume.VolumeSet (VolumeSet.java:initializeVolumeSet(170)) - Added Volume : /workdir/hadoop-ozone/tools/target/test-dir/MiniOzoneClusterImpl-26a48605-c691-45de-8caa-9622e7b22942/datanode-3/data/containers/hdds to VolumeSet
2019-07-30 08:13:19,132 INFO  volume.ThrottledAsyncChecker (ThrottledAsyncChecker.java:schedule(140)) - Scheduling a check for org.apache.hadoop.ozone.container.common.volume.HddsVolume@5503de1
2019-07-30 08:13:19,133 INFO  volume.HddsVolumeChecker (HddsVolumeChecker.java:checkAllVolumes(203)) - Scheduled health check for volume org.apache.hadoop.ozone.container.common.volume.HddsVolume@5503de1
2019-07-30 08:13:19,147 INFO  impl.RaftServerProxy (ConfUtils.java:logGet(43)) - raft.rpc.type = GRPC (default)
2019-07-30 08:13:19,147 INFO  grpc.GrpcFactory (GrpcFactory.java:checkPooledByteBufAllocatorUseCacheForAllThreads(45)) - PERFORMANCE WARNING: useCacheForAllThreads is true that may cause Netty to create a lot garbage objects and, as a result, trigger GC.
	It is recommended to disable useCacheForAllThreads by setting -Dorg.apache.ratis.thirdparty.io.netty.allocator.useCacheForAllThreads=false in command line.
2019-07-30 08:13:19,147 INFO  grpc.GrpcConfigKeys$Server (ConfUtils.java:logGet(43)) - raft.grpc.server.port = 0 (default)
2019-07-30 08:13:19,148 INFO  server.GrpcService (ConfUtils.java:logGet(43)) - raft.grpc.message.size.max = 33570816 (custom)
2019-07-30 08:13:19,148 INFO  server.RaftServerConfigKeys (ConfUtils.java:logGet(43)) - raft.server.log.appender.buffer.byte-limit = 33554432 (custom)
2019-07-30 08:13:19,148 INFO  server.GrpcService (ConfUtils.java:logGet(43)) - raft.grpc.flow.control.window = 1MB (=1048576) (default)
2019-07-30 08:13:19,148 INFO  server.RaftServerConfigKeys (ConfUtils.java:logGet(43)) - raft.server.rpc.request.timeout = 3000ms (default)
2019-07-30 08:13:19,149 INFO  server.RaftServerConfigKeys (ConfUtils.java:logGet(43)) - raft.server.storage.dir = [/workdir/hadoop-ozone/tools/target/test-dir/MiniOzoneClusterImpl-26a48605-c691-45de-8caa-9622e7b22942/datanode-3/data/ratis] (custom)
2019-07-30 08:13:19,149 INFO  replication.SimpleContainerDownloader (SimpleContainerDownloader.java:<init>(72)) - Starting container downloader service to copy containers to replicate.
2019-07-30 08:13:19,150 INFO  hdfs.DFSUtil (DFSUtil.java:httpServerTemplateForNNAndJN(1641)) - Starting Web-server for hddsDatanode at: http://0.0.0.0:0
2019-07-30 08:13:19,152 INFO  server.AuthenticationFilter (AuthenticationFilter.java:constructSecretProvider(240)) - Unable to initialize FileSignerSecretProvider, falling back to use random secrets.
2019-07-30 08:13:19,152 WARN  http.HttpRequestLog (HttpRequestLog.java:getRequestLog(97)) - Jetty request log can only be enabled using Log4j
2019-07-30 08:13:19,154 INFO  http.HttpServer2 (HttpServer2.java:addGlobalFilter(975)) - Added global filter 'safety' (class=org.apache.hadoop.http.HttpServer2$QuotingInputFilter)
2019-07-30 08:13:19,154 INFO  http.HttpServer2 (HttpServer2.java:addFilter(948)) - Added filter static_user_filter (class=org.apache.hadoop.http.lib.StaticUserWebFilter$StaticUserFilter) to context hddsDatanode
2019-07-30 08:13:19,154 INFO  http.HttpServer2 (HttpServer2.java:addFilter(958)) - Added filter static_user_filter (class=org.apache.hadoop.http.lib.StaticUserWebFilter$StaticUserFilter) to context logs
2019-07-30 08:13:19,154 INFO  http.HttpServer2 (HttpServer2.java:addFilter(958)) - Added filter static_user_filter (class=org.apache.hadoop.http.lib.StaticUserWebFilter$StaticUserFilter) to context static
2019-07-30 08:13:19,155 INFO  http.HttpServer2 (HttpServer2.java:bindListener(1191)) - Jetty bound to port 37217
2019-07-30 08:13:19,155 INFO  server.Server (Server.java:doStart(351)) - jetty-9.3.24.v20180605, build timestamp: 2018-06-05T17:11:56Z, git hash: 84205aa28f11a4f31f2a3b86d1bba2cc8ab69827
2019-07-30 08:13:19,159 INFO  handler.ContextHandler (ContextHandler.java:doStart(781)) - Started o.e.j.s.ServletContextHandler@f0a66bd{/logs,file:///workdir/hadoop-ozone/tools/target/log,AVAILABLE}
2019-07-30 08:13:19,160 INFO  handler.ContextHandler (ContextHandler.java:doStart(781)) - Started o.e.j.s.ServletContextHandler@1cf336fd{/static,file:///workdir/hadoop-hdds/container-service/target/classes/webapps/static,AVAILABLE}
2019-07-30 08:13:19,163 INFO  handler.ContextHandler (ContextHandler.java:doStart(781)) - Started o.e.j.w.WebAppContext@2cd388f5{/,file:///workdir/hadoop-hdds/container-service/target/classes/webapps/hddsDatanode/,AVAILABLE}{/hddsDatanode}
2019-07-30 08:13:19,164 INFO  server.AbstractConnector (AbstractConnector.java:doStart(278)) - Started ServerConnector@4640195a{HTTP/1.1,[http/1.1]}{0.0.0.0:37217}
2019-07-30 08:13:19,164 INFO  server.Server (Server.java:doStart(419)) - Started @6974ms
2019-07-30 08:13:19,165 INFO  server.BaseHttpServer (BaseHttpServer.java:updateConnectorAddress(207)) - HTTP server of HDDSDATANODE is listening at http://0.0.0.0:37217
2019-07-30 08:13:19,268 INFO  ozone.HddsDatanodeService (HddsDatanodeService.java:startPlugins(395)) - Started plug-in org.apache.hadoop.ozone.web.OzoneHddsDatanodeService@29a33620
2019-07-30 08:13:19,268 INFO  impl.MetricsSystemImpl (MetricsSystemImpl.java:init(158)) - HddsDatanode metrics system started (again)
2019-07-30 08:13:19,271 INFO  ozone.HddsDatanodeService (HddsDatanodeService.java:start(184)) - HddsDatanodeService host:byscane-nightly-jdzkf-3407971660 ip:192.168.69.113
2019-07-30 08:13:19,272 INFO  util.JvmPauseMonitor (JvmPauseMonitor.java:run(188)) - Starting JVM pause monitor
2019-07-30 08:13:19,275 INFO  datanode.InitDatanodeState (InitDatanodeState.java:persistContainerDatanodeDetails(140)) - DatanodeDetails is persisted to /workdir/hadoop-ozone/tools/target/test-dir/MiniOzoneClusterImpl-26a48605-c691-45de-8caa-9622e7b22942/datanode-3/meta/datanode.id
2019-07-30 08:13:19,279 INFO  volume.HddsVolume (HddsVolume.java:<init>(176)) - Creating Volume: /workdir/hadoop-ozone/tools/target/test-dir/MiniOzoneClusterImpl-26a48605-c691-45de-8caa-9622e7b22942/datanode-4/data/containers/hdds of  storage type : DISK and capacity : 52710309888
2019-07-30 08:13:19,279 INFO  volume.VolumeSet (VolumeSet.java:initializeVolumeSet(170)) - Added Volume : /workdir/hadoop-ozone/tools/target/test-dir/MiniOzoneClusterImpl-26a48605-c691-45de-8caa-9622e7b22942/datanode-4/data/containers/hdds to VolumeSet
2019-07-30 08:13:19,279 INFO  volume.ThrottledAsyncChecker (ThrottledAsyncChecker.java:schedule(140)) - Scheduling a check for org.apache.hadoop.ozone.container.common.volume.HddsVolume@6b649efa
2019-07-30 08:13:19,280 INFO  volume.HddsVolumeChecker (HddsVolumeChecker.java:checkAllVolumes(203)) - Scheduled health check for volume org.apache.hadoop.ozone.container.common.volume.HddsVolume@6b649efa
2019-07-30 08:13:19,292 INFO  impl.RaftServerProxy (ConfUtils.java:logGet(43)) - raft.rpc.type = GRPC (default)
2019-07-30 08:13:19,292 INFO  grpc.GrpcFactory (GrpcFactory.java:checkPooledByteBufAllocatorUseCacheForAllThreads(45)) - PERFORMANCE WARNING: useCacheForAllThreads is true that may cause Netty to create a lot garbage objects and, as a result, trigger GC.
	It is recommended to disable useCacheForAllThreads by setting -Dorg.apache.ratis.thirdparty.io.netty.allocator.useCacheForAllThreads=false in command line.
2019-07-30 08:13:19,292 INFO  grpc.GrpcConfigKeys$Server (ConfUtils.java:logGet(43)) - raft.grpc.server.port = 0 (default)
2019-07-30 08:13:19,293 INFO  server.GrpcService (ConfUtils.java:logGet(43)) - raft.grpc.message.size.max = 33570816 (custom)
2019-07-30 08:13:19,293 INFO  server.RaftServerConfigKeys (ConfUtils.java:logGet(43)) - raft.server.log.appender.buffer.byte-limit = 33554432 (custom)
2019-07-30 08:13:19,293 INFO  server.GrpcService (ConfUtils.java:logGet(43)) - raft.grpc.flow.control.window = 1MB (=1048576) (default)
2019-07-30 08:13:19,293 INFO  server.RaftServerConfigKeys (ConfUtils.java:logGet(43)) - raft.server.rpc.request.timeout = 3000ms (default)
2019-07-30 08:13:19,294 INFO  server.RaftServerConfigKeys (ConfUtils.java:logGet(43)) - raft.server.storage.dir = [/workdir/hadoop-ozone/tools/target/test-dir/MiniOzoneClusterImpl-26a48605-c691-45de-8caa-9622e7b22942/datanode-4/data/ratis] (custom)
2019-07-30 08:13:19,294 INFO  replication.SimpleContainerDownloader (SimpleContainerDownloader.java:<init>(72)) - Starting container downloader service to copy containers to replicate.
2019-07-30 08:13:19,295 INFO  hdfs.DFSUtil (DFSUtil.java:httpServerTemplateForNNAndJN(1641)) - Starting Web-server for hddsDatanode at: http://0.0.0.0:0
2019-07-30 08:13:19,296 INFO  server.AuthenticationFilter (AuthenticationFilter.java:constructSecretProvider(240)) - Unable to initialize FileSignerSecretProvider, falling back to use random secrets.
2019-07-30 08:13:19,297 WARN  http.HttpRequestLog (HttpRequestLog.java:getRequestLog(97)) - Jetty request log can only be enabled using Log4j
2019-07-30 08:13:19,298 INFO  http.HttpServer2 (HttpServer2.java:addGlobalFilter(975)) - Added global filter 'safety' (class=org.apache.hadoop.http.HttpServer2$QuotingInputFilter)
2019-07-30 08:13:19,298 INFO  http.HttpServer2 (HttpServer2.java:addFilter(948)) - Added filter static_user_filter (class=org.apache.hadoop.http.lib.StaticUserWebFilter$StaticUserFilter) to context hddsDatanode
2019-07-30 08:13:19,298 INFO  http.HttpServer2 (HttpServer2.java:addFilter(958)) - Added filter static_user_filter (class=org.apache.hadoop.http.lib.StaticUserWebFilter$StaticUserFilter) to context logs
2019-07-30 08:13:19,298 INFO  http.HttpServer2 (HttpServer2.java:addFilter(958)) - Added filter static_user_filter (class=org.apache.hadoop.http.lib.StaticUserWebFilter$StaticUserFilter) to context static
2019-07-30 08:13:19,299 INFO  http.HttpServer2 (HttpServer2.java:bindListener(1191)) - Jetty bound to port 36016
2019-07-30 08:13:19,299 INFO  server.Server (Server.java:doStart(351)) - jetty-9.3.24.v20180605, build timestamp: 2018-06-05T17:11:56Z, git hash: 84205aa28f11a4f31f2a3b86d1bba2cc8ab69827
2019-07-30 08:13:19,301 INFO  handler.ContextHandler (ContextHandler.java:doStart(781)) - Started o.e.j.s.ServletContextHandler@41b64020{/logs,file:///workdir/hadoop-ozone/tools/target/log,AVAILABLE}
2019-07-30 08:13:19,302 INFO  handler.ContextHandler (ContextHandler.java:doStart(781)) - Started o.e.j.s.ServletContextHandler@78910096{/static,file:///workdir/hadoop-hdds/container-service/target/classes/webapps/static,AVAILABLE}
2019-07-30 08:13:19,305 INFO  handler.ContextHandler (ContextHandler.java:doStart(781)) - Started o.e.j.w.WebAppContext@67fa5045{/,file:///workdir/hadoop-hdds/container-service/target/classes/webapps/hddsDatanode/,AVAILABLE}{/hddsDatanode}
2019-07-30 08:13:19,306 INFO  server.AbstractConnector (AbstractConnector.java:doStart(278)) - Started ServerConnector@6f347d7{HTTP/1.1,[http/1.1]}{0.0.0.0:36016}
2019-07-30 08:13:19,306 INFO  server.Server (Server.java:doStart(419)) - Started @7115ms
2019-07-30 08:13:19,307 INFO  server.BaseHttpServer (BaseHttpServer.java:updateConnectorAddress(207)) - HTTP server of HDDSDATANODE is listening at http://0.0.0.0:36016
2019-07-30 08:13:19,407 INFO  ozone.HddsDatanodeService (HddsDatanodeService.java:startPlugins(395)) - Started plug-in org.apache.hadoop.ozone.web.OzoneHddsDatanodeService@5a08b084
2019-07-30 08:13:19,410 INFO  ozone.MiniOzoneClusterImpl (MiniOzoneClusterImpl.java:lambda$waitForClusterToBeReady$0(142)) - Waiting for cluster to be ready. Got 0 of 5 DN Heartbeats.
2019-07-30 08:13:19,411 INFO  util.JvmPauseMonitor (JvmPauseMonitor.java:run(188)) - Starting JVM pause monitor
2019-07-30 08:13:19,414 INFO  datanode.InitDatanodeState (InitDatanodeState.java:persistContainerDatanodeDetails(140)) - DatanodeDetails is persisted to /workdir/hadoop-ozone/tools/target/test-dir/MiniOzoneClusterImpl-26a48605-c691-45de-8caa-9622e7b22942/datanode-4/meta/datanode.id
2019-07-30 08:13:20,410 INFO  ozone.MiniOzoneClusterImpl (MiniOzoneClusterImpl.java:lambda$waitForClusterToBeReady$0(142)) - Waiting for cluster to be ready. Got 0 of 5 DN Heartbeats.
2019-07-30 08:13:20,884 INFO  ozoneimpl.OzoneContainer (OzoneContainer.java:start(186)) - Attempting to start container services.
2019-07-30 08:13:20,886 INFO  ozoneimpl.OzoneContainer (OzoneContainer.java:startContainerScrub(160)) - Background container scrubber has been disabled by hdds.containerscrub.enabled
2019-07-30 08:13:20,887 INFO  ratis.XceiverServerRatis (XceiverServerRatis.java:start(404)) - Starting XceiverServerRatis a614e04a-4fed-4ae5-ba5e-e458cc4d95c0 at port 0
2019-07-30 08:13:20,910 INFO  impl.RaftServerProxy (RaftServerProxy.java:lambda$start$3(299)) - a614e04a-4fed-4ae5-ba5e-e458cc4d95c0: start RPC server
2019-07-30 08:13:20,966 INFO  ozoneimpl.OzoneContainer (OzoneContainer.java:start(186)) - Attempting to start container services.
2019-07-30 08:13:20,968 INFO  ozoneimpl.OzoneContainer (OzoneContainer.java:startContainerScrub(160)) - Background container scrubber has been disabled by hdds.containerscrub.enabled
2019-07-30 08:13:20,969 INFO  ratis.XceiverServerRatis (XceiverServerRatis.java:start(404)) - Starting XceiverServerRatis f33898ba-2b62-4ce4-ab71-14aa87786dcc at port 0
2019-07-30 08:13:20,979 INFO  impl.RaftServerProxy (RaftServerProxy.java:lambda$start$3(299)) - f33898ba-2b62-4ce4-ab71-14aa87786dcc: start RPC server
2019-07-30 08:13:21,057 INFO  server.GrpcService (GrpcService.java:startImpl(149)) - f33898ba-2b62-4ce4-ab71-14aa87786dcc: GrpcService started, listening on 0.0.0.0/0.0.0.0:45433
2019-07-30 08:13:21,057 INFO  server.GrpcService (GrpcService.java:startImpl(149)) - a614e04a-4fed-4ae5-ba5e-e458cc4d95c0: GrpcService started, listening on 0.0.0.0/0.0.0.0:43547
2019-07-30 08:13:21,058 INFO  ratis.XceiverServerRatis (XceiverServerRatis.java:start(414)) - XceiverServerRatis f33898ba-2b62-4ce4-ab71-14aa87786dcc is started using port 45433
2019-07-30 08:13:21,058 INFO  ratis.XceiverServerRatis (XceiverServerRatis.java:start(414)) - XceiverServerRatis a614e04a-4fed-4ae5-ba5e-e458cc4d95c0 is started using port 43547
2019-07-30 08:13:21,062 INFO  server.XceiverServerGrpc (XceiverServerGrpc.java:start(161)) - XceiverServerGrpc f33898ba-2b62-4ce4-ab71-14aa87786dcc is started using port 44282
2019-07-30 08:13:21,068 INFO  server.XceiverServerGrpc (XceiverServerGrpc.java:start(161)) - XceiverServerGrpc a614e04a-4fed-4ae5-ba5e-e458cc4d95c0 is started using port 45223
2019-07-30 08:13:21,142 INFO  ozoneimpl.OzoneContainer (OzoneContainer.java:start(186)) - Attempting to start container services.
2019-07-30 08:13:21,144 INFO  ozoneimpl.OzoneContainer (OzoneContainer.java:startContainerScrub(160)) - Background container scrubber has been disabled by hdds.containerscrub.enabled
2019-07-30 08:13:21,144 INFO  ratis.XceiverServerRatis (XceiverServerRatis.java:start(404)) - Starting XceiverServerRatis 48de5526-9c14-41bc-a2e2-943d0e7938e8 at port 0
2019-07-30 08:13:21,153 INFO  impl.RaftServerProxy (RaftServerProxy.java:lambda$start$3(299)) - 48de5526-9c14-41bc-a2e2-943d0e7938e8: start RPC server
2019-07-30 08:13:21,156 INFO  server.GrpcService (GrpcService.java:startImpl(149)) - 48de5526-9c14-41bc-a2e2-943d0e7938e8: GrpcService started, listening on 0.0.0.0/0.0.0.0:36216
2019-07-30 08:13:21,157 INFO  ratis.XceiverServerRatis (XceiverServerRatis.java:start(414)) - XceiverServerRatis 48de5526-9c14-41bc-a2e2-943d0e7938e8 is started using port 36216
2019-07-30 08:13:21,159 INFO  server.XceiverServerGrpc (XceiverServerGrpc.java:start(161)) - XceiverServerGrpc 48de5526-9c14-41bc-a2e2-943d0e7938e8 is started using port 42098
2019-07-30 08:13:21,290 INFO  ozoneimpl.OzoneContainer (OzoneContainer.java:start(186)) - Attempting to start container services.
2019-07-30 08:13:21,292 INFO  ozoneimpl.OzoneContainer (OzoneContainer.java:startContainerScrub(160)) - Background container scrubber has been disabled by hdds.containerscrub.enabled
2019-07-30 08:13:21,292 INFO  ratis.XceiverServerRatis (XceiverServerRatis.java:start(404)) - Starting XceiverServerRatis 94b83ede-78cc-4b17-9c54-d7e0e5e6e3c6 at port 0
2019-07-30 08:13:21,301 INFO  impl.RaftServerProxy (RaftServerProxy.java:lambda$start$3(299)) - 94b83ede-78cc-4b17-9c54-d7e0e5e6e3c6: start RPC server
2019-07-30 08:13:21,304 INFO  server.GrpcService (GrpcService.java:startImpl(149)) - 94b83ede-78cc-4b17-9c54-d7e0e5e6e3c6: GrpcService started, listening on 0.0.0.0/0.0.0.0:36775
2019-07-30 08:13:21,305 INFO  ratis.XceiverServerRatis (XceiverServerRatis.java:start(414)) - XceiverServerRatis 94b83ede-78cc-4b17-9c54-d7e0e5e6e3c6 is started using port 36775
2019-07-30 08:13:21,308 INFO  server.XceiverServerGrpc (XceiverServerGrpc.java:start(161)) - XceiverServerGrpc 94b83ede-78cc-4b17-9c54-d7e0e5e6e3c6 is started using port 40189
2019-07-30 08:13:21,411 INFO  ozone.MiniOzoneClusterImpl (MiniOzoneClusterImpl.java:lambda$waitForClusterToBeReady$0(142)) - Waiting for cluster to be ready. Got 0 of 5 DN Heartbeats.
2019-07-30 08:13:21,430 INFO  ozoneimpl.OzoneContainer (OzoneContainer.java:start(186)) - Attempting to start container services.
2019-07-30 08:13:21,436 INFO  ozoneimpl.OzoneContainer (OzoneContainer.java:startContainerScrub(160)) - Background container scrubber has been disabled by hdds.containerscrub.enabled
2019-07-30 08:13:21,436 INFO  ratis.XceiverServerRatis (XceiverServerRatis.java:start(404)) - Starting XceiverServerRatis f8715fb8-c4cb-4752-8a75-3623ffa79ca5 at port 0
2019-07-30 08:13:21,446 INFO  impl.RaftServerProxy (RaftServerProxy.java:lambda$start$3(299)) - f8715fb8-c4cb-4752-8a75-3623ffa79ca5: start RPC server
2019-07-30 08:13:21,450 INFO  server.GrpcService (GrpcService.java:startImpl(149)) - f8715fb8-c4cb-4752-8a75-3623ffa79ca5: GrpcService started, listening on 0.0.0.0/0.0.0.0:38438
2019-07-30 08:13:21,450 INFO  ratis.XceiverServerRatis (XceiverServerRatis.java:start(414)) - XceiverServerRatis f8715fb8-c4cb-4752-8a75-3623ffa79ca5 is started using port 38438
2019-07-30 08:13:21,454 INFO  server.XceiverServerGrpc (XceiverServerGrpc.java:start(161)) - XceiverServerGrpc f8715fb8-c4cb-4752-8a75-3623ffa79ca5 is started using port 35774
2019-07-30 08:13:22,411 INFO  ozone.MiniOzoneClusterImpl (MiniOzoneClusterImpl.java:lambda$waitForClusterToBeReady$0(142)) - Waiting for cluster to be ready. Got 0 of 5 DN Heartbeats.
2019-07-30 08:13:22,805 INFO  net.NetworkTopology (NetworkTopologyImpl.java:add(110)) - Added a new node: /default-rack/a614e04a-4fed-4ae5-ba5e-e458cc4d95c0
2019-07-30 08:13:22,805 INFO  node.SCMNodeManager (SCMNodeManager.java:register(273)) - Registered Data node : a614e04a-4fed-4ae5-ba5e-e458cc4d95c0{ip: 192.168.69.113, host: byscane-nightly-jdzkf-3407971660, networkLocation: /default-rack, certSerialId: null}
2019-07-30 08:13:22,811 INFO  safemode.SCMSafeModeManager (DataNodeSafeModeRule.java:process(71)) - SCM in safe mode. 1 DataNodes registered, 1 required.
2019-07-30 08:13:22,811 INFO  safemode.SCMSafeModeManager (SCMSafeModeManager.java:validateSafeModeExitRules(177)) - ScmSafeModeManager, all rules are successfully validated
2019-07-30 08:13:22,812 INFO  safemode.SCMSafeModeManager (SCMSafeModeManager.java:exitSafeMode(193)) - SCM exiting safe mode.
2019-07-30 08:13:22,952 INFO  net.NetworkTopology (NetworkTopologyImpl.java:add(110)) - Added a new node: /default-rack/f33898ba-2b62-4ce4-ab71-14aa87786dcc
2019-07-30 08:13:22,952 INFO  node.SCMNodeManager (SCMNodeManager.java:register(273)) - Registered Data node : f33898ba-2b62-4ce4-ab71-14aa87786dcc{ip: 192.168.69.113, host: byscane-nightly-jdzkf-3407971660, networkLocation: /default-rack, certSerialId: null}
2019-07-30 08:13:23,128 INFO  net.NetworkTopology (NetworkTopologyImpl.java:add(110)) - Added a new node: /default-rack/48de5526-9c14-41bc-a2e2-943d0e7938e8
2019-07-30 08:13:23,129 INFO  node.SCMNodeManager (SCMNodeManager.java:register(273)) - Registered Data node : 48de5526-9c14-41bc-a2e2-943d0e7938e8{ip: 192.168.69.113, host: byscane-nightly-jdzkf-3407971660, networkLocation: /default-rack, certSerialId: null}
2019-07-30 08:13:23,277 INFO  net.NetworkTopology (NetworkTopologyImpl.java:add(110)) - Added a new node: /default-rack/94b83ede-78cc-4b17-9c54-d7e0e5e6e3c6
2019-07-30 08:13:23,277 INFO  node.SCMNodeManager (SCMNodeManager.java:register(273)) - Registered Data node : 94b83ede-78cc-4b17-9c54-d7e0e5e6e3c6{ip: 192.168.69.113, host: byscane-nightly-jdzkf-3407971660, networkLocation: /default-rack, certSerialId: null}
2019-07-30 08:13:23,409 INFO  impl.RaftServerProxy (RaftServerProxy.java:addNew(89)) - a614e04a-4fed-4ae5-ba5e-e458cc4d95c0: addNew group-4940BA827BCA:[a614e04a-4fed-4ae5-ba5e-e458cc4d95c0:192.168.69.113:43547] returns group-4940BA827BCA:java.util.concurrent.CompletableFuture@7bc4a3bb[Not completed]
2019-07-30 08:13:23,418 INFO  ozone.MiniOzoneClusterImpl (MiniOzoneClusterImpl.java:lambda$waitForClusterToBeReady$0(142)) - Waiting for cluster to be ready. Got 4 of 5 DN Heartbeats.
2019-07-30 08:13:23,425 INFO  net.NetworkTopology (NetworkTopologyImpl.java:add(110)) - Added a new node: /default-rack/f8715fb8-c4cb-4752-8a75-3623ffa79ca5
2019-07-30 08:13:23,425 INFO  node.SCMNodeManager (SCMNodeManager.java:register(273)) - Registered Data node : f8715fb8-c4cb-4752-8a75-3623ffa79ca5{ip: 192.168.69.113, host: byscane-nightly-jdzkf-3407971660, networkLocation: /default-rack, certSerialId: null}
2019-07-30 08:13:23,432 INFO  impl.RaftServerImpl (RaftServerImpl.java:<init>(93)) - a614e04a-4fed-4ae5-ba5e-e458cc4d95c0: new RaftServerImpl for group-4940BA827BCA:[a614e04a-4fed-4ae5-ba5e-e458cc4d95c0:192.168.69.113:43547] with ContainerStateMachine:uninitialized
2019-07-30 08:13:23,434 INFO  server.RaftServerConfigKeys (ConfUtils.java:logGet(43)) - raft.server.rpc.timeout.min = 5s (custom)
2019-07-30 08:13:23,436 INFO  server.RaftServerConfigKeys (ConfUtils.java:logGet(43)) - raft.server.rpc.timeout.max = 5200ms (custom)
2019-07-30 08:13:23,436 INFO  server.RaftServerConfigKeys (ConfUtils.java:logGet(43)) - raft.server.rpcslowness.timeout = 120s (custom)
2019-07-30 08:13:23,437 INFO  server.RaftServerConfigKeys (ConfUtils.java:logGet(43)) - raft.server.sleep.deviation.threshold = 300 (default)
2019-07-30 08:13:23,438 INFO  server.RaftServerConfigKeys (ConfUtils.java:logGet(43)) - raft.server.log.appender.install.snapshot.enabled = false (custom)
2019-07-30 08:13:23,448 INFO  impl.RaftServerImpl (ServerState.java:<init>(105)) - a614e04a-4fed-4ae5-ba5e-e458cc4d95c0:group-4940BA827BCA ConfigurationManager, init=-1: [a614e04a-4fed-4ae5-ba5e-e458cc4d95c0:192.168.69.113:43547], old=null, confs=<EMPTY_MAP>
2019-07-30 08:13:23,448 INFO  server.RaftServerConfigKeys (ConfUtils.java:logGet(43)) - raft.server.storage.dir = [/workdir/hadoop-ozone/tools/target/test-dir/MiniOzoneClusterImpl-26a48605-c691-45de-8caa-9622e7b22942/datanode-0/data/ratis] (custom)
2019-07-30 08:13:23,457 INFO  storage.RaftStorageDirectory (RaftStorageDirectory.java:analyzeStorage(246)) - The storage directory /workdir/hadoop-ozone/tools/target/test-dir/MiniOzoneClusterImpl-26a48605-c691-45de-8caa-9622e7b22942/datanode-0/data/ratis/35b524f2-9c6e-4a83-bb57-4940ba827bca does not exist. Creating ...
2019-07-30 08:13:23,476 INFO  storage.RaftStorageDirectory (RaftStorageDirectory.java:tryLock(328)) - Lock on /workdir/hadoop-ozone/tools/target/test-dir/MiniOzoneClusterImpl-26a48605-c691-45de-8caa-9622e7b22942/datanode-0/data/ratis/35b524f2-9c6e-4a83-bb57-4940ba827bca/in_use.lock acquired by nodename 25986@byscane-nightly-jdzkf-3407971660
2019-07-30 08:13:23,492 INFO  storage.RaftStorage (RaftStorage.java:format(72)) - Storage directory /workdir/hadoop-ozone/tools/target/test-dir/MiniOzoneClusterImpl-26a48605-c691-45de-8caa-9622e7b22942/datanode-0/data/ratis/35b524f2-9c6e-4a83-bb57-4940ba827bca has been successfully formatted.
2019-07-30 08:13:23,495 INFO  ratis.ContainerStateMachine (ContainerStateMachine.java:loadSnapshot(213)) - group-4940BA827BCA: The snapshot info is null. Setting the last applied indexto:(t:0, i:~)
2019-07-30 08:13:23,496 INFO  server.RaftServerConfigKeys (ConfUtils.java:logGet(43)) - raft.server.leader.election.timeout = 120s (custom)
2019-07-30 08:13:23,499 INFO  server.RaftServerConfigKeys (ConfUtils.java:logGet(43)) - raft.server.log.use.memory = false (default)
2019-07-30 08:13:23,506 INFO  server.RaftServerConfigKeys (ConfUtils.java:logGet(43)) - raft.server.log.purge.gap = 1000000000 (custom)
2019-07-30 08:13:23,506 INFO  server.RaftServerConfigKeys (ConfUtils.java:logGet(43)) - raft.server.log.appender.buffer.byte-limit = 33554432 (custom)
2019-07-30 08:13:23,508 INFO  server.RaftServerConfigKeys (ConfUtils.java:logGet(43)) - raft.server.log.segment.size.max = 1048576 (custom)
2019-07-30 08:13:23,514 INFO  server.RaftServerConfigKeys (ConfUtils.java:logGet(43)) - raft.server.log.segment.cache.num.max = 2 (custom)
2019-07-30 08:13:23,522 INFO  segmented.SegmentedRaftLogWorker (SegmentedRaftLogWorker.java:<init>(172)) - new a614e04a-4fed-4ae5-ba5e-e458cc4d95c0-SegmentedRaftLogWorker:Storage Directory /workdir/hadoop-ozone/tools/target/test-dir/MiniOzoneClusterImpl-26a48605-c691-45de-8caa-9622e7b22942/datanode-0/data/ratis/35b524f2-9c6e-4a83-bb57-4940ba827bca for RaftStorage:Storage Directory /workdir/hadoop-ozone/tools/target/test-dir/MiniOzoneClusterImpl-26a48605-c691-45de-8caa-9622e7b22942/datanode-0/data/ratis/35b524f2-9c6e-4a83-bb57-4940ba827bca
2019-07-30 08:13:23,874 INFO  server.RaftServerConfigKeys (ConfUtils.java:logGet(43)) - raft.server.log.queue.byte-limit = 2147483647 (custom)
2019-07-30 08:13:23,875 INFO  server.RaftServerConfigKeys (ConfUtils.java:logGet(43)) - raft.server.log.queue.element-limit = 1024 (custom)
2019-07-30 08:13:23,887 INFO  server.RaftServerConfigKeys (ConfUtils.java:logGet(43)) - raft.server.log.segment.size.max = 1048576 (custom)
2019-07-30 08:13:23,887 INFO  server.RaftServerConfigKeys (ConfUtils.java:logGet(43)) - raft.server.log.preallocated.size = 16384 (custom)
2019-07-30 08:13:23,888 INFO  server.RaftServerConfigKeys (ConfUtils.java:logGet(43)) - raft.server.log.write.buffer.size = 33554432 (custom)
2019-07-30 08:13:23,889 INFO  server.RaftServerConfigKeys (ConfUtils.java:logGet(43)) - raft.server.log.force.sync.num = 128 (default)
2019-07-30 08:13:23,890 INFO  server.RaftServerConfigKeys (ConfUtils.java:logGet(43)) - raft.server.log.statemachine.data.sync = true (default)
2019-07-30 08:13:23,891 INFO  server.RaftServerConfigKeys (ConfUtils.java:logGet(43)) - raft.server.log.statemachine.data.sync.timeout = 10s (default)
2019-07-30 08:13:23,892 INFO  server.RaftServerConfigKeys (ConfUtils.java:logGet(43)) - raft.server.log.statemachine.data.sync.timeout.retry = -1 (default)
2019-07-30 08:13:23,908 INFO  server.RaftServerConfigKeys (ConfUtils.java:logGet(43)) - raft.server.log.statemachine.data.caching.enabled = true (custom)
2019-07-30 08:13:23,916 INFO  segmented.SegmentedRaftLogWorker (SegmentedRaftLogWorker.java:lambda$new$0(132)) - a614e04a-4fed-4ae5-ba5e-e458cc4d95c0-SegmentedRaftLogWorker:Storage Directory /workdir/hadoop-ozone/tools/target/test-dir/MiniOzoneClusterImpl-26a48605-c691-45de-8caa-9622e7b22942/datanode-0/data/ratis/35b524f2-9c6e-4a83-bb57-4940ba827bca: flushIndex: setUnconditionally 0 -> -1
2019-07-30 08:13:23,923 INFO  server.RaftServerConfigKeys (ConfUtils.java:logGet(43)) - raft.server.snapshot.auto.trigger.enabled = true (custom)
2019-07-30 08:13:23,924 INFO  server.RaftServerConfigKeys (ConfUtils.java:logGet(43)) - raft.server.snapshot.auto.trigger.threshold = 10000 (custom)
2019-07-30 08:13:23,925 INFO  server.RaftServerConfigKeys (ConfUtils.java:logGet(43)) - raft.server.retrycache.expirytime = 600000ms (custom)
2019-07-30 08:13:23,955 INFO  impl.RaftServerImpl (RaftServerImpl.java:start(180)) - a614e04a-4fed-4ae5-ba5e-e458cc4d95c0: start group-4940BA827BCA
2019-07-30 08:13:23,957 INFO  impl.RaftServerImpl (RaftServerImpl.java:setRole(171)) - a614e04a-4fed-4ae5-ba5e-e458cc4d95c0:group-4940BA827BCA changes role from null to FOLLOWER at term 0 for startAsFollower
2019-07-30 08:13:23,958 INFO  impl.RoleInfo (RoleInfo.java:updateAndGet(143)) - a614e04a-4fed-4ae5-ba5e-e458cc4d95c0: start FollowerState
2019-07-30 08:13:23,961 INFO  util.JmxRegister (JmxRegister.java:tryRegister(44)) - Successfully registered JMX Bean with object name Ratis:service=RaftServer,group=group-4940BA827BCA,id=a614e04a-4fed-4ae5-ba5e-e458cc4d95c0
2019-07-30 08:13:24,028 INFO  pipeline.PipelineStateManager (PipelineStateManager.java:addPipeline(56)) - Created pipeline Pipeline[ Id: 35b524f2-9c6e-4a83-bb57-4940ba827bca, Nodes: a614e04a-4fed-4ae5-ba5e-e458cc4d95c0{ip: 192.168.69.113, host: byscane-nightly-jdzkf-3407971660, networkLocation: /default-rack, certSerialId: null}, Type:RATIS, Factor:ONE, State:OPEN]
2019-07-30 08:13:24,053 INFO  impl.RaftServerProxy (RaftServerProxy.java:addNew(89)) - f8715fb8-c4cb-4752-8a75-3623ffa79ca5: addNew group-CFBBFE38BC34:[f8715fb8-c4cb-4752-8a75-3623ffa79ca5:192.168.69.113:38438] returns group-CFBBFE38BC34:java.util.concurrent.CompletableFuture@f68ece4[Not completed]
2019-07-30 08:13:24,104 INFO  impl.RaftServerImpl (RaftServerImpl.java:<init>(93)) - f8715fb8-c4cb-4752-8a75-3623ffa79ca5: new RaftServerImpl for group-CFBBFE38BC34:[f8715fb8-c4cb-4752-8a75-3623ffa79ca5:192.168.69.113:38438] with ContainerStateMachine:uninitialized
2019-07-30 08:13:24,105 INFO  server.RaftServerConfigKeys (ConfUtils.java:logGet(43)) - raft.server.rpc.timeout.min = 5s (custom)
2019-07-30 08:13:24,105 INFO  server.RaftServerConfigKeys (ConfUtils.java:logGet(43)) - raft.server.rpc.timeout.max = 5200ms (custom)
2019-07-30 08:13:24,106 INFO  server.RaftServerConfigKeys (ConfUtils.java:logGet(43)) - raft.server.rpcslowness.timeout = 120s (custom)
2019-07-30 08:13:24,106 INFO  server.RaftServerConfigKeys (ConfUtils.java:logGet(43)) - raft.server.sleep.deviation.threshold = 300 (default)
2019-07-30 08:13:24,106 INFO  server.RaftServerConfigKeys (ConfUtils.java:logGet(43)) - raft.server.log.appender.install.snapshot.enabled = false (custom)
2019-07-30 08:13:24,106 INFO  impl.RaftServerImpl (ServerState.java:<init>(105)) - f8715fb8-c4cb-4752-8a75-3623ffa79ca5:group-CFBBFE38BC34 ConfigurationManager, init=-1: [f8715fb8-c4cb-4752-8a75-3623ffa79ca5:192.168.69.113:38438], old=null, confs=<EMPTY_MAP>
2019-07-30 08:13:24,106 INFO  server.RaftServerConfigKeys (ConfUtils.java:logGet(43)) - raft.server.storage.dir = [/workdir/hadoop-ozone/tools/target/test-dir/MiniOzoneClusterImpl-26a48605-c691-45de-8caa-9622e7b22942/datanode-4/data/ratis] (custom)
2019-07-30 08:13:24,107 INFO  storage.RaftStorageDirectory (RaftStorageDirectory.java:analyzeStorage(246)) - The storage directory /workdir/hadoop-ozone/tools/target/test-dir/MiniOzoneClusterImpl-26a48605-c691-45de-8caa-9622e7b22942/datanode-4/data/ratis/d54b0249-add9-43c9-ba3f-cfbbfe38bc34 does not exist. Creating ...
2019-07-30 08:13:24,122 INFO  storage.RaftStorageDirectory (RaftStorageDirectory.java:tryLock(328)) - Lock on /workdir/hadoop-ozone/tools/target/test-dir/MiniOzoneClusterImpl-26a48605-c691-45de-8caa-9622e7b22942/datanode-4/data/ratis/d54b0249-add9-43c9-ba3f-cfbbfe38bc34/in_use.lock acquired by nodename 25986@byscane-nightly-jdzkf-3407971660
2019-07-30 08:13:24,136 INFO  storage.RaftStorage (RaftStorage.java:format(72)) - Storage directory /workdir/hadoop-ozone/tools/target/test-dir/MiniOzoneClusterImpl-26a48605-c691-45de-8caa-9622e7b22942/datanode-4/data/ratis/d54b0249-add9-43c9-ba3f-cfbbfe38bc34 has been successfully formatted.
2019-07-30 08:13:24,138 INFO  ratis.ContainerStateMachine (ContainerStateMachine.java:loadSnapshot(213)) - group-CFBBFE38BC34: The snapshot info is null. Setting the last applied indexto:(t:0, i:~)
2019-07-30 08:13:24,139 INFO  server.RaftServerConfigKeys (ConfUtils.java:logGet(43)) - raft.server.leader.election.timeout = 120s (custom)
2019-07-30 08:13:24,139 INFO  server.RaftServerConfigKeys (ConfUtils.java:logGet(43)) - raft.server.log.use.memory = false (default)
2019-07-30 08:13:24,140 INFO  server.RaftServerConfigKeys (ConfUtils.java:logGet(43)) - raft.server.log.purge.gap = 1000000000 (custom)
2019-07-30 08:13:24,140 INFO  server.RaftServerConfigKeys (ConfUtils.java:logGet(43)) - raft.server.log.appender.buffer.byte-limit = 33554432 (custom)
2019-07-30 08:13:24,140 INFO  server.RaftServerConfigKeys (ConfUtils.java:logGet(43)) - raft.server.log.segment.size.max = 1048576 (custom)
2019-07-30 08:13:24,140 INFO  server.RaftServerConfigKeys (ConfUtils.java:logGet(43)) - raft.server.log.segment.cache.num.max = 2 (custom)
2019-07-30 08:13:24,141 INFO  segmented.SegmentedRaftLogWorker (SegmentedRaftLogWorker.java:<init>(172)) - new f8715fb8-c4cb-4752-8a75-3623ffa79ca5-SegmentedRaftLogWorker:Storage Directory /workdir/hadoop-ozone/tools/target/test-dir/MiniOzoneClusterImpl-26a48605-c691-45de-8caa-9622e7b22942/datanode-4/data/ratis/d54b0249-add9-43c9-ba3f-cfbbfe38bc34 for RaftStorage:Storage Directory /workdir/hadoop-ozone/tools/target/test-dir/MiniOzoneClusterImpl-26a48605-c691-45de-8caa-9622e7b22942/datanode-4/data/ratis/d54b0249-add9-43c9-ba3f-cfbbfe38bc34
2019-07-30 08:13:24,143 INFO  server.RaftServerConfigKeys (ConfUtils.java:logGet(43)) - raft.server.log.queue.byte-limit = 2147483647 (custom)
2019-07-30 08:13:24,143 INFO  server.RaftServerConfigKeys (ConfUtils.java:logGet(43)) - raft.server.log.queue.element-limit = 1024 (custom)
2019-07-30 08:13:24,143 INFO  server.RaftServerConfigKeys (ConfUtils.java:logGet(43)) - raft.server.log.segment.size.max = 1048576 (custom)
2019-07-30 08:13:24,143 INFO  server.RaftServerConfigKeys (ConfUtils.java:logGet(43)) - raft.server.log.preallocated.size = 16384 (custom)
2019-07-30 08:13:24,144 INFO  server.RaftServerConfigKeys (ConfUtils.java:logGet(43)) - raft.server.log.write.buffer.size = 33554432 (custom)
2019-07-30 08:13:24,144 INFO  server.RaftServerConfigKeys (ConfUtils.java:logGet(43)) - raft.server.log.force.sync.num = 128 (default)
2019-07-30 08:13:24,144 INFO  server.RaftServerConfigKeys (ConfUtils.java:logGet(43)) - raft.server.log.statemachine.data.sync = true (default)
2019-07-30 08:13:24,144 INFO  server.RaftServerConfigKeys (ConfUtils.java:logGet(43)) - raft.server.log.statemachine.data.sync.timeout = 10s (default)
2019-07-30 08:13:24,144 INFO  server.RaftServerConfigKeys (ConfUtils.java:logGet(43)) - raft.server.log.statemachine.data.sync.timeout.retry = -1 (default)
2019-07-30 08:13:24,145 INFO  server.RaftServerConfigKeys (ConfUtils.java:logGet(43)) - raft.server.log.statemachine.data.caching.enabled = true (custom)
2019-07-30 08:13:24,145 INFO  segmented.SegmentedRaftLogWorker (SegmentedRaftLogWorker.java:lambda$new$0(132)) - f8715fb8-c4cb-4752-8a75-3623ffa79ca5-SegmentedRaftLogWorker:Storage Directory /workdir/hadoop-ozone/tools/target/test-dir/MiniOzoneClusterImpl-26a48605-c691-45de-8caa-9622e7b22942/datanode-4/data/ratis/d54b0249-add9-43c9-ba3f-cfbbfe38bc34: flushIndex: setUnconditionally 0 -> -1
2019-07-30 08:13:24,146 INFO  server.RaftServerConfigKeys (ConfUtils.java:logGet(43)) - raft.server.snapshot.auto.trigger.enabled = true (custom)
2019-07-30 08:13:24,146 INFO  server.RaftServerConfigKeys (ConfUtils.java:logGet(43)) - raft.server.snapshot.auto.trigger.threshold = 10000 (custom)
2019-07-30 08:13:24,146 INFO  server.RaftServerConfigKeys (ConfUtils.java:logGet(43)) - raft.server.retrycache.expirytime = 600000ms (custom)
2019-07-30 08:13:24,147 INFO  impl.RaftServerImpl (RaftServerImpl.java:start(180)) - f8715fb8-c4cb-4752-8a75-3623ffa79ca5: start group-CFBBFE38BC34
2019-07-30 08:13:24,147 INFO  impl.RaftServerImpl (RaftServerImpl.java:setRole(171)) - f8715fb8-c4cb-4752-8a75-3623ffa79ca5:group-CFBBFE38BC34 changes role from null to FOLLOWER at term 0 for startAsFollower
2019-07-30 08:13:24,147 INFO  impl.RoleInfo (RoleInfo.java:updateAndGet(143)) - f8715fb8-c4cb-4752-8a75-3623ffa79ca5: start FollowerState
2019-07-30 08:13:24,149 INFO  util.JmxRegister (JmxRegister.java:tryRegister(44)) - Successfully registered JMX Bean with object name Ratis:service=RaftServer,group=group-CFBBFE38BC34,id=f8715fb8-c4cb-4752-8a75-3623ffa79ca5
2019-07-30 08:13:24,169 INFO  pipeline.PipelineStateManager (PipelineStateManager.java:addPipeline(56)) - Created pipeline Pipeline[ Id: d54b0249-add9-43c9-ba3f-cfbbfe38bc34, Nodes: f8715fb8-c4cb-4752-8a75-3623ffa79ca5{ip: 192.168.69.113, host: byscane-nightly-jdzkf-3407971660, networkLocation: /default-rack, certSerialId: null}, Type:RATIS, Factor:ONE, State:OPEN]
2019-07-30 08:13:24,190 INFO  impl.RaftServerProxy (RaftServerProxy.java:addNew(89)) - 94b83ede-78cc-4b17-9c54-d7e0e5e6e3c6: addNew group-CB99F0FC4026:[94b83ede-78cc-4b17-9c54-d7e0e5e6e3c6:192.168.69.113:36775] returns group-CB99F0FC4026:java.util.concurrent.CompletableFuture@32858a3c[Not completed]
2019-07-30 08:13:24,201 INFO  impl.RaftServerImpl (RaftServerImpl.java:<init>(93)) - 94b83ede-78cc-4b17-9c54-d7e0e5e6e3c6: new RaftServerImpl for group-CB99F0FC4026:[94b83ede-78cc-4b17-9c54-d7e0e5e6e3c6:192.168.69.113:36775] with ContainerStateMachine:uninitialized
2019-07-30 08:13:24,201 INFO  server.RaftServerConfigKeys (ConfUtils.java:logGet(43)) - raft.server.rpc.timeout.min = 5s (custom)
2019-07-30 08:13:24,201 INFO  server.RaftServerConfigKeys (ConfUtils.java:logGet(43)) - raft.server.rpc.timeout.max = 5200ms (custom)
2019-07-30 08:13:24,201 INFO  server.RaftServerConfigKeys (ConfUtils.java:logGet(43)) - raft.server.rpcslowness.timeout = 120s (custom)
2019-07-30 08:13:24,202 INFO  server.RaftServerConfigKeys (ConfUtils.java:logGet(43)) - raft.server.sleep.deviation.threshold = 300 (default)
2019-07-30 08:13:24,202 INFO  server.RaftServerConfigKeys (ConfUtils.java:logGet(43)) - raft.server.log.appender.install.snapshot.enabled = false (custom)
2019-07-30 08:13:24,202 INFO  impl.RaftServerImpl (ServerState.java:<init>(105)) - 94b83ede-78cc-4b17-9c54-d7e0e5e6e3c6:group-CB99F0FC4026 ConfigurationManager, init=-1: [94b83ede-78cc-4b17-9c54-d7e0e5e6e3c6:192.168.69.113:36775], old=null, confs=<EMPTY_MAP>
2019-07-30 08:13:24,202 INFO  server.RaftServerConfigKeys (ConfUtils.java:logGet(43)) - raft.server.storage.dir = [/workdir/hadoop-ozone/tools/target/test-dir/MiniOzoneClusterImpl-26a48605-c691-45de-8caa-9622e7b22942/datanode-3/data/ratis] (custom)
2019-07-30 08:13:24,203 INFO  storage.RaftStorageDirectory (RaftStorageDirectory.java:analyzeStorage(246)) - The storage directory /workdir/hadoop-ozone/tools/target/test-dir/MiniOzoneClusterImpl-26a48605-c691-45de-8caa-9622e7b22942/datanode-3/data/ratis/37a017fe-db0e-48ff-bd78-cb99f0fc4026 does not exist. Creating ...
2019-07-30 08:13:24,216 INFO  storage.RaftStorageDirectory (RaftStorageDirectory.java:tryLock(328)) - Lock on /workdir/hadoop-ozone/tools/target/test-dir/MiniOzoneClusterImpl-26a48605-c691-45de-8caa-9622e7b22942/datanode-3/data/ratis/37a017fe-db0e-48ff-bd78-cb99f0fc4026/in_use.lock acquired by nodename 25986@byscane-nightly-jdzkf-3407971660
2019-07-30 08:13:24,229 INFO  storage.RaftStorage (RaftStorage.java:format(72)) - Storage directory /workdir/hadoop-ozone/tools/target/test-dir/MiniOzoneClusterImpl-26a48605-c691-45de-8caa-9622e7b22942/datanode-3/data/ratis/37a017fe-db0e-48ff-bd78-cb99f0fc4026 has been successfully formatted.
2019-07-30 08:13:24,230 INFO  ratis.ContainerStateMachine (ContainerStateMachine.java:loadSnapshot(213)) - group-CB99F0FC4026: The snapshot info is null. Setting the last applied indexto:(t:0, i:~)
2019-07-30 08:13:24,230 INFO  server.RaftServerConfigKeys (ConfUtils.java:logGet(43)) - raft.server.leader.election.timeout = 120s (custom)
2019-07-30 08:13:24,230 INFO  server.RaftServerConfigKeys (ConfUtils.java:logGet(43)) - raft.server.log.use.memory = false (default)
2019-07-30 08:13:24,230 INFO  server.RaftServerConfigKeys (ConfUtils.java:logGet(43)) - raft.server.log.purge.gap = 1000000000 (custom)
2019-07-30 08:13:24,231 INFO  server.RaftServerConfigKeys (ConfUtils.java:logGet(43)) - raft.server.log.appender.buffer.byte-limit = 33554432 (custom)
2019-07-30 08:13:24,231 INFO  server.RaftServerConfigKeys (ConfUtils.java:logGet(43)) - raft.server.log.segment.size.max = 1048576 (custom)
2019-07-30 08:13:24,231 INFO  server.RaftServerConfigKeys (ConfUtils.java:logGet(43)) - raft.server.log.segment.cache.num.max = 2 (custom)
2019-07-30 08:13:24,231 INFO  segmented.SegmentedRaftLogWorker (SegmentedRaftLogWorker.java:<init>(172)) - new 94b83ede-78cc-4b17-9c54-d7e0e5e6e3c6-SegmentedRaftLogWorker:Storage Directory /workdir/hadoop-ozone/tools/target/test-dir/MiniOzoneClusterImpl-26a48605-c691-45de-8caa-9622e7b22942/datanode-3/data/ratis/37a017fe-db0e-48ff-bd78-cb99f0fc4026 for RaftStorage:Storage Directory /workdir/hadoop-ozone/tools/target/test-dir/MiniOzoneClusterImpl-26a48605-c691-45de-8caa-9622e7b22942/datanode-3/data/ratis/37a017fe-db0e-48ff-bd78-cb99f0fc4026
2019-07-30 08:13:24,231 INFO  server.RaftServerConfigKeys (ConfUtils.java:logGet(43)) - raft.server.log.queue.byte-limit = 2147483647 (custom)
2019-07-30 08:13:24,232 INFO  server.RaftServerConfigKeys (ConfUtils.java:logGet(43)) - raft.server.log.queue.element-limit = 1024 (custom)
2019-07-30 08:13:24,232 INFO  server.RaftServerConfigKeys (ConfUtils.java:logGet(43)) - raft.server.log.segment.size.max = 1048576 (custom)
2019-07-30 08:13:24,232 INFO  server.RaftServerConfigKeys (ConfUtils.java:logGet(43)) - raft.server.log.preallocated.size = 16384 (custom)
2019-07-30 08:13:24,232 INFO  server.RaftServerConfigKeys (ConfUtils.java:logGet(43)) - raft.server.log.write.buffer.size = 33554432 (custom)
2019-07-30 08:13:24,233 INFO  server.RaftServerConfigKeys (ConfUtils.java:logGet(43)) - raft.server.log.force.sync.num = 128 (default)
2019-07-30 08:13:24,233 INFO  server.RaftServerConfigKeys (ConfUtils.java:logGet(43)) - raft.server.log.statemachine.data.sync = true (default)
2019-07-30 08:13:24,233 INFO  server.RaftServerConfigKeys (ConfUtils.java:logGet(43)) - raft.server.log.statemachine.data.sync.timeout = 10s (default)
2019-07-30 08:13:24,233 INFO  server.RaftServerConfigKeys (ConfUtils.java:logGet(43)) - raft.server.log.statemachine.data.sync.timeout.retry = -1 (default)
2019-07-30 08:13:24,234 INFO  server.RaftServerConfigKeys (ConfUtils.java:logGet(43)) - raft.server.log.statemachine.data.caching.enabled = true (custom)
2019-07-30 08:13:24,234 INFO  segmented.SegmentedRaftLogWorker (SegmentedRaftLogWorker.java:lambda$new$0(132)) - 94b83ede-78cc-4b17-9c54-d7e0e5e6e3c6-SegmentedRaftLogWorker:Storage Directory /workdir/hadoop-ozone/tools/target/test-dir/MiniOzoneClusterImpl-26a48605-c691-45de-8caa-9622e7b22942/datanode-3/data/ratis/37a017fe-db0e-48ff-bd78-cb99f0fc4026: flushIndex: setUnconditionally 0 -> -1
2019-07-30 08:13:24,235 INFO  server.RaftServerConfigKeys (ConfUtils.java:logGet(43)) - raft.server.snapshot.auto.trigger.enabled = true (custom)
2019-07-30 08:13:24,235 INFO  server.RaftServerConfigKeys (ConfUtils.java:logGet(43)) - raft.server.snapshot.auto.trigger.threshold = 10000 (custom)
2019-07-30 08:13:24,235 INFO  server.RaftServerConfigKeys (ConfUtils.java:logGet(43)) - raft.server.retrycache.expirytime = 600000ms (custom)
2019-07-30 08:13:24,235 INFO  impl.RaftServerImpl (RaftServerImpl.java:start(180)) - 94b83ede-78cc-4b17-9c54-d7e0e5e6e3c6: start group-CB99F0FC4026
2019-07-30 08:13:24,236 INFO  impl.RaftServerImpl (RaftServerImpl.java:setRole(171)) - 94b83ede-78cc-4b17-9c54-d7e0e5e6e3c6:group-CB99F0FC4026 changes role from null to FOLLOWER at term 0 for startAsFollower
2019-07-30 08:13:24,236 INFO  impl.RoleInfo (RoleInfo.java:updateAndGet(143)) - 94b83ede-78cc-4b17-9c54-d7e0e5e6e3c6: start FollowerState
2019-07-30 08:13:24,236 INFO  util.JmxRegister (JmxRegister.java:tryRegister(44)) - Successfully registered JMX Bean with object name Ratis:service=RaftServer,group=group-CB99F0FC4026,id=94b83ede-78cc-4b17-9c54-d7e0e5e6e3c6
2019-07-30 08:13:24,247 INFO  pipeline.PipelineStateManager (PipelineStateManager.java:addPipeline(56)) - Created pipeline Pipeline[ Id: 37a017fe-db0e-48ff-bd78-cb99f0fc4026, Nodes: 94b83ede-78cc-4b17-9c54-d7e0e5e6e3c6{ip: 192.168.69.113, host: byscane-nightly-jdzkf-3407971660, networkLocation: /default-rack, certSerialId: null}, Type:RATIS, Factor:ONE, State:OPEN]
2019-07-30 08:13:24,267 INFO  impl.RaftServerProxy (RaftServerProxy.java:addNew(89)) - f33898ba-2b62-4ce4-ab71-14aa87786dcc: addNew group-79162A019F91:[f33898ba-2b62-4ce4-ab71-14aa87786dcc:192.168.69.113:45433] returns group-79162A019F91:java.util.concurrent.CompletableFuture@25afcb18[Not completed]
2019-07-30 08:13:24,269 INFO  impl.RaftServerImpl (RaftServerImpl.java:<init>(93)) - f33898ba-2b62-4ce4-ab71-14aa87786dcc: new RaftServerImpl for group-79162A019F91:[f33898ba-2b62-4ce4-ab71-14aa87786dcc:192.168.69.113:45433] with ContainerStateMachine:uninitialized
2019-07-30 08:13:24,269 INFO  server.RaftServerConfigKeys (ConfUtils.java:logGet(43)) - raft.server.rpc.timeout.min = 5s (custom)
2019-07-30 08:13:24,270 INFO  server.RaftServerConfigKeys (ConfUtils.java:logGet(43)) - raft.server.rpc.timeout.max = 5200ms (custom)
2019-07-30 08:13:24,270 INFO  server.RaftServerConfigKeys (ConfUtils.java:logGet(43)) - raft.server.rpcslowness.timeout = 120s (custom)
2019-07-30 08:13:24,270 INFO  server.RaftServerConfigKeys (ConfUtils.java:logGet(43)) - raft.server.sleep.deviation.threshold = 300 (default)
2019-07-30 08:13:24,270 INFO  server.RaftServerConfigKeys (ConfUtils.java:logGet(43)) - raft.server.log.appender.install.snapshot.enabled = false (custom)
2019-07-30 08:13:24,271 INFO  impl.RaftServerImpl (ServerState.java:<init>(105)) - f33898ba-2b62-4ce4-ab71-14aa87786dcc:group-79162A019F91 ConfigurationManager, init=-1: [f33898ba-2b62-4ce4-ab71-14aa87786dcc:192.168.69.113:45433], old=null, confs=<EMPTY_MAP>
2019-07-30 08:13:24,271 INFO  server.RaftServerConfigKeys (ConfUtils.java:logGet(43)) - raft.server.storage.dir = [/workdir/hadoop-ozone/tools/target/test-dir/MiniOzoneClusterImpl-26a48605-c691-45de-8caa-9622e7b22942/datanode-1/data/ratis] (custom)
2019-07-30 08:13:24,271 INFO  storage.RaftStorageDirectory (RaftStorageDirectory.java:analyzeStorage(246)) - The storage directory /workdir/hadoop-ozone/tools/target/test-dir/MiniOzoneClusterImpl-26a48605-c691-45de-8caa-9622e7b22942/datanode-1/data/ratis/e275330d-b51e-4a82-b06c-79162a019f91 does not exist. Creating ...
2019-07-30 08:13:24,285 INFO  storage.RaftStorageDirectory (RaftStorageDirectory.java:tryLock(328)) - Lock on /workdir/hadoop-ozone/tools/target/test-dir/MiniOzoneClusterImpl-26a48605-c691-45de-8caa-9622e7b22942/datanode-1/data/ratis/e275330d-b51e-4a82-b06c-79162a019f91/in_use.lock acquired by nodename 25986@byscane-nightly-jdzkf-3407971660
2019-07-30 08:13:24,298 INFO  storage.RaftStorage (RaftStorage.java:format(72)) - Storage directory /workdir/hadoop-ozone/tools/target/test-dir/MiniOzoneClusterImpl-26a48605-c691-45de-8caa-9622e7b22942/datanode-1/data/ratis/e275330d-b51e-4a82-b06c-79162a019f91 has been successfully formatted.
2019-07-30 08:13:24,299 INFO  ratis.ContainerStateMachine (ContainerStateMachine.java:loadSnapshot(213)) - group-79162A019F91: The snapshot info is null. Setting the last applied indexto:(t:0, i:~)
2019-07-30 08:13:24,299 INFO  server.RaftServerConfigKeys (ConfUtils.java:logGet(43)) - raft.server.leader.election.timeout = 120s (custom)
2019-07-30 08:13:24,299 INFO  server.RaftServerConfigKeys (ConfUtils.java:logGet(43)) - raft.server.log.use.memory = false (default)
2019-07-30 08:13:24,299 INFO  server.RaftServerConfigKeys (ConfUtils.java:logGet(43)) - raft.server.log.purge.gap = 1000000000 (custom)
2019-07-30 08:13:24,300 INFO  server.RaftServerConfigKeys (ConfUtils.java:logGet(43)) - raft.server.log.appender.buffer.byte-limit = 33554432 (custom)
2019-07-30 08:13:24,300 INFO  server.RaftServerConfigKeys (ConfUtils.java:logGet(43)) - raft.server.log.segment.size.max = 1048576 (custom)
2019-07-30 08:13:24,300 INFO  server.RaftServerConfigKeys (ConfUtils.java:logGet(43)) - raft.server.log.segment.cache.num.max = 2 (custom)
2019-07-30 08:13:24,300 INFO  segmented.SegmentedRaftLogWorker (SegmentedRaftLogWorker.java:<init>(172)) - new f33898ba-2b62-4ce4-ab71-14aa87786dcc-SegmentedRaftLogWorker:Storage Directory /workdir/hadoop-ozone/tools/target/test-dir/MiniOzoneClusterImpl-26a48605-c691-45de-8caa-9622e7b22942/datanode-1/data/ratis/e275330d-b51e-4a82-b06c-79162a019f91 for RaftStorage:Storage Directory /workdir/hadoop-ozone/tools/target/test-dir/MiniOzoneClusterImpl-26a48605-c691-45de-8caa-9622e7b22942/datanode-1/data/ratis/e275330d-b51e-4a82-b06c-79162a019f91
2019-07-30 08:13:24,301 INFO  server.RaftServerConfigKeys (ConfUtils.java:logGet(43)) - raft.server.log.queue.byte-limit = 2147483647 (custom)
2019-07-30 08:13:24,301 INFO  server.RaftServerConfigKeys (ConfUtils.java:logGet(43)) - raft.server.log.queue.element-limit = 1024 (custom)
2019-07-30 08:13:24,301 INFO  server.RaftServerConfigKeys (ConfUtils.java:logGet(43)) - raft.server.log.segment.size.max = 1048576 (custom)
2019-07-30 08:13:24,301 INFO  server.RaftServerConfigKeys (ConfUtils.java:logGet(43)) - raft.server.log.preallocated.size = 16384 (custom)
2019-07-30 08:13:24,302 INFO  server.RaftServerConfigKeys (ConfUtils.java:logGet(43)) - raft.server.log.write.buffer.size = 33554432 (custom)
2019-07-30 08:13:24,302 INFO  server.RaftServerConfigKeys (ConfUtils.java:logGet(43)) - raft.server.log.force.sync.num = 128 (default)
2019-07-30 08:13:24,302 INFO  server.RaftServerConfigKeys (ConfUtils.java:logGet(43)) - raft.server.log.statemachine.data.sync = true (default)
2019-07-30 08:13:24,302 INFO  server.RaftServerConfigKeys (ConfUtils.java:logGet(43)) - raft.server.log.statemachine.data.sync.timeout = 10s (default)
2019-07-30 08:13:24,302 INFO  server.RaftServerConfigKeys (ConfUtils.java:logGet(43)) - raft.server.log.statemachine.data.sync.timeout.retry = -1 (default)
2019-07-30 08:13:24,303 INFO  server.RaftServerConfigKeys (ConfUtils.java:logGet(43)) - raft.server.log.statemachine.data.caching.enabled = true (custom)
2019-07-30 08:13:24,303 INFO  segmented.SegmentedRaftLogWorker (SegmentedRaftLogWorker.java:lambda$new$0(132)) - f33898ba-2b62-4ce4-ab71-14aa87786dcc-SegmentedRaftLogWorker:Storage Directory /workdir/hadoop-ozone/tools/target/test-dir/MiniOzoneClusterImpl-26a48605-c691-45de-8caa-9622e7b22942/datanode-1/data/ratis/e275330d-b51e-4a82-b06c-79162a019f91: flushIndex: setUnconditionally 0 -> -1
2019-07-30 08:13:24,304 INFO  server.RaftServerConfigKeys (ConfUtils.java:logGet(43)) - raft.server.snapshot.auto.trigger.enabled = true (custom)
2019-07-30 08:13:24,304 INFO  server.RaftServerConfigKeys (ConfUtils.java:logGet(43)) - raft.server.snapshot.auto.trigger.threshold = 10000 (custom)
2019-07-30 08:13:24,304 INFO  server.RaftServerConfigKeys (ConfUtils.java:logGet(43)) - raft.server.retrycache.expirytime = 600000ms (custom)
2019-07-30 08:13:24,305 INFO  impl.RaftServerImpl (RaftServerImpl.java:start(180)) - f33898ba-2b62-4ce4-ab71-14aa87786dcc: start group-79162A019F91
2019-07-30 08:13:24,305 INFO  impl.RaftServerImpl (RaftServerImpl.java:setRole(171)) - f33898ba-2b62-4ce4-ab71-14aa87786dcc:group-79162A019F91 changes role from null to FOLLOWER at term 0 for startAsFollower
2019-07-30 08:13:24,305 INFO  impl.RoleInfo (RoleInfo.java:updateAndGet(143)) - f33898ba-2b62-4ce4-ab71-14aa87786dcc: start FollowerState
2019-07-30 08:13:24,306 INFO  util.JmxRegister (JmxRegister.java:tryRegister(44)) - Successfully registered JMX Bean with object name Ratis:service=RaftServer,group=group-79162A019F91,id=f33898ba-2b62-4ce4-ab71-14aa87786dcc
2019-07-30 08:13:24,318 INFO  pipeline.PipelineStateManager (PipelineStateManager.java:addPipeline(56)) - Created pipeline Pipeline[ Id: e275330d-b51e-4a82-b06c-79162a019f91, Nodes: f33898ba-2b62-4ce4-ab71-14aa87786dcc{ip: 192.168.69.113, host: byscane-nightly-jdzkf-3407971660, networkLocation: /default-rack, certSerialId: null}, Type:RATIS, Factor:ONE, State:OPEN]
2019-07-30 08:13:24,344 INFO  impl.RaftServerProxy (RaftServerProxy.java:addNew(89)) - 48de5526-9c14-41bc-a2e2-943d0e7938e8: addNew group-74AE7D56F650:[48de5526-9c14-41bc-a2e2-943d0e7938e8:192.168.69.113:36216] returns group-74AE7D56F650:java.util.concurrent.CompletableFuture@1b969f4c[Not completed]
2019-07-30 08:13:24,346 INFO  impl.RaftServerImpl (RaftServerImpl.java:<init>(93)) - 48de5526-9c14-41bc-a2e2-943d0e7938e8: new RaftServerImpl for group-74AE7D56F650:[48de5526-9c14-41bc-a2e2-943d0e7938e8:192.168.69.113:36216] with ContainerStateMachine:uninitialized
2019-07-30 08:13:24,347 INFO  server.RaftServerConfigKeys (ConfUtils.java:logGet(43)) - raft.server.rpc.timeout.min = 5s (custom)
2019-07-30 08:13:24,347 INFO  server.RaftServerConfigKeys (ConfUtils.java:logGet(43)) - raft.server.rpc.timeout.max = 5200ms (custom)
2019-07-30 08:13:24,347 INFO  server.RaftServerConfigKeys (ConfUtils.java:logGet(43)) - raft.server.rpcslowness.timeout = 120s (custom)
2019-07-30 08:13:24,347 INFO  server.RaftServerConfigKeys (ConfUtils.java:logGet(43)) - raft.server.sleep.deviation.threshold = 300 (default)
2019-07-30 08:13:24,347 INFO  server.RaftServerConfigKeys (ConfUtils.java:logGet(43)) - raft.server.log.appender.install.snapshot.enabled = false (custom)
2019-07-30 08:13:24,348 INFO  impl.RaftServerImpl (ServerState.java:<init>(105)) - 48de5526-9c14-41bc-a2e2-943d0e7938e8:group-74AE7D56F650 ConfigurationManager, init=-1: [48de5526-9c14-41bc-a2e2-943d0e7938e8:192.168.69.113:36216], old=null, confs=<EMPTY_MAP>
2019-07-30 08:13:24,348 INFO  server.RaftServerConfigKeys (ConfUtils.java:logGet(43)) - raft.server.storage.dir = [/workdir/hadoop-ozone/tools/target/test-dir/MiniOzoneClusterImpl-26a48605-c691-45de-8caa-9622e7b22942/datanode-2/data/ratis] (custom)
2019-07-30 08:13:24,348 INFO  storage.RaftStorageDirectory (RaftStorageDirectory.java:analyzeStorage(246)) - The storage directory /workdir/hadoop-ozone/tools/target/test-dir/MiniOzoneClusterImpl-26a48605-c691-45de-8caa-9622e7b22942/datanode-2/data/ratis/fb750aee-da75-469a-81cd-74ae7d56f650 does not exist. Creating ...
2019-07-30 08:13:24,362 INFO  storage.RaftStorageDirectory (RaftStorageDirectory.java:tryLock(328)) - Lock on /workdir/hadoop-ozone/tools/target/test-dir/MiniOzoneClusterImpl-26a48605-c691-45de-8caa-9622e7b22942/datanode-2/data/ratis/fb750aee-da75-469a-81cd-74ae7d56f650/in_use.lock acquired by nodename 25986@byscane-nightly-jdzkf-3407971660
2019-07-30 08:13:24,375 INFO  storage.RaftStorage (RaftStorage.java:format(72)) - Storage directory /workdir/hadoop-ozone/tools/target/test-dir/MiniOzoneClusterImpl-26a48605-c691-45de-8caa-9622e7b22942/datanode-2/data/ratis/fb750aee-da75-469a-81cd-74ae7d56f650 has been successfully formatted.
2019-07-30 08:13:24,376 INFO  ratis.ContainerStateMachine (ContainerStateMachine.java:loadSnapshot(213)) - group-74AE7D56F650: The snapshot info is null. Setting the last applied indexto:(t:0, i:~)
2019-07-30 08:13:24,376 INFO  server.RaftServerConfigKeys (ConfUtils.java:logGet(43)) - raft.server.leader.election.timeout = 120s (custom)
2019-07-30 08:13:24,376 INFO  server.RaftServerConfigKeys (ConfUtils.java:logGet(43)) - raft.server.log.use.memory = false (default)
2019-07-30 08:13:24,377 INFO  server.RaftServerConfigKeys (ConfUtils.java:logGet(43)) - raft.server.log.purge.gap = 1000000000 (custom)
2019-07-30 08:13:24,377 INFO  server.RaftServerConfigKeys (ConfUtils.java:logGet(43)) - raft.server.log.appender.buffer.byte-limit = 33554432 (custom)
2019-07-30 08:13:24,377 INFO  server.RaftServerConfigKeys (ConfUtils.java:logGet(43)) - raft.server.log.segment.size.max = 1048576 (custom)
2019-07-30 08:13:24,377 INFO  server.RaftServerConfigKeys (ConfUtils.java:logGet(43)) - raft.server.log.segment.cache.num.max = 2 (custom)
2019-07-30 08:13:24,377 INFO  segmented.SegmentedRaftLogWorker (SegmentedRaftLogWorker.java:<init>(172)) - new 48de5526-9c14-41bc-a2e2-943d0e7938e8-SegmentedRaftLogWorker:Storage Directory /workdir/hadoop-ozone/tools/target/test-dir/MiniOzoneClusterImpl-26a48605-c691-45de-8caa-9622e7b22942/datanode-2/data/ratis/fb750aee-da75-469a-81cd-74ae7d56f650 for RaftStorage:Storage Directory /workdir/hadoop-ozone/tools/target/test-dir/MiniOzoneClusterImpl-26a48605-c691-45de-8caa-9622e7b22942/datanode-2/data/ratis/fb750aee-da75-469a-81cd-74ae7d56f650
2019-07-30 08:13:24,378 INFO  server.RaftServerConfigKeys (ConfUtils.java:logGet(43)) - raft.server.log.queue.byte-limit = 2147483647 (custom)
2019-07-30 08:13:24,378 INFO  server.RaftServerConfigKeys (ConfUtils.java:logGet(43)) - raft.server.log.queue.element-limit = 1024 (custom)
2019-07-30 08:13:24,378 INFO  server.RaftServerConfigKeys (ConfUtils.java:logGet(43)) - raft.server.log.segment.size.max = 1048576 (custom)
2019-07-30 08:13:24,379 INFO  server.RaftServerConfigKeys (ConfUtils.java:logGet(43)) - raft.server.log.preallocated.size = 16384 (custom)
2019-07-30 08:13:24,379 INFO  server.RaftServerConfigKeys (ConfUtils.java:logGet(43)) - raft.server.log.write.buffer.size = 33554432 (custom)
2019-07-30 08:13:24,379 INFO  server.RaftServerConfigKeys (ConfUtils.java:logGet(43)) - raft.server.log.force.sync.num = 128 (default)
2019-07-30 08:13:24,379 INFO  server.RaftServerConfigKeys (ConfUtils.java:logGet(43)) - raft.server.log.statemachine.data.sync = true (default)
2019-07-30 08:13:24,380 INFO  server.RaftServerConfigKeys (ConfUtils.java:logGet(43)) - raft.server.log.statemachine.data.sync.timeout = 10s (default)
2019-07-30 08:13:24,380 INFO  server.RaftServerConfigKeys (ConfUtils.java:logGet(43)) - raft.server.log.statemachine.data.sync.timeout.retry = -1 (default)
2019-07-30 08:13:24,380 INFO  server.RaftServerConfigKeys (ConfUtils.java:logGet(43)) - raft.server.log.statemachine.data.caching.enabled = true (custom)
2019-07-30 08:13:24,381 INFO  segmented.SegmentedRaftLogWorker (SegmentedRaftLogWorker.java:lambda$new$0(132)) - 48de5526-9c14-41bc-a2e2-943d0e7938e8-SegmentedRaftLogWorker:Storage Directory /workdir/hadoop-ozone/tools/target/test-dir/MiniOzoneClusterImpl-26a48605-c691-45de-8caa-9622e7b22942/datanode-2/data/ratis/fb750aee-da75-469a-81cd-74ae7d56f650: flushIndex: setUnconditionally 0 -> -1
2019-07-30 08:13:24,381 INFO  server.RaftServerConfigKeys (ConfUtils.java:logGet(43)) - raft.server.snapshot.auto.trigger.enabled = true (custom)
2019-07-30 08:13:24,381 INFO  server.RaftServerConfigKeys (ConfUtils.java:logGet(43)) - raft.server.snapshot.auto.trigger.threshold = 10000 (custom)
2019-07-30 08:13:24,382 INFO  server.RaftServerConfigKeys (ConfUtils.java:logGet(43)) - raft.server.retrycache.expirytime = 600000ms (custom)
2019-07-30 08:13:24,382 INFO  impl.RaftServerImpl (RaftServerImpl.java:start(180)) - 48de5526-9c14-41bc-a2e2-943d0e7938e8: start group-74AE7D56F650
2019-07-30 08:13:24,382 INFO  impl.RaftServerImpl (RaftServerImpl.java:setRole(171)) - 48de5526-9c14-41bc-a2e2-943d0e7938e8:group-74AE7D56F650 changes role from null to FOLLOWER at term 0 for startAsFollower
2019-07-30 08:13:24,382 INFO  impl.RoleInfo (RoleInfo.java:updateAndGet(143)) - 48de5526-9c14-41bc-a2e2-943d0e7938e8: start FollowerState
2019-07-30 08:13:24,383 INFO  util.JmxRegister (JmxRegister.java:tryRegister(44)) - Successfully registered JMX Bean with object name Ratis:service=RaftServer,group=group-74AE7D56F650,id=48de5526-9c14-41bc-a2e2-943d0e7938e8
2019-07-30 08:13:24,396 INFO  pipeline.PipelineStateManager (PipelineStateManager.java:addPipeline(56)) - Created pipeline Pipeline[ Id: fb750aee-da75-469a-81cd-74ae7d56f650, Nodes: 48de5526-9c14-41bc-a2e2-943d0e7938e8{ip: 192.168.69.113, host: byscane-nightly-jdzkf-3407971660, networkLocation: /default-rack, certSerialId: null}, Type:RATIS, Factor:ONE, State:OPEN]
2019-07-30 08:13:24,421 INFO  ozone.MiniOzoneClusterImpl (MiniOzoneClusterImpl.java:lambda$waitForClusterToBeReady$0(142)) - Cluster is ready. Got 5 of 5 DN Heartbeats.
2019-07-30 08:13:24,450 INFO  impl.RaftServerProxy (RaftServerProxy.java:addNew(89)) - 94b83ede-78cc-4b17-9c54-d7e0e5e6e3c6: addNew group-73344E003E3A:[f8715fb8-c4cb-4752-8a75-3623ffa79ca5:192.168.69.113:38438, 94b83ede-78cc-4b17-9c54-d7e0e5e6e3c6:192.168.69.113:36775, f33898ba-2b62-4ce4-ab71-14aa87786dcc:192.168.69.113:45433] returns group-73344E003E3A:java.util.concurrent.CompletableFuture@497b2f99[Not completed]
2019-07-30 08:13:24,452 INFO  impl.RaftServerProxy (RaftServerProxy.java:addNew(89)) - f8715fb8-c4cb-4752-8a75-3623ffa79ca5: addNew group-73344E003E3A:[f8715fb8-c4cb-4752-8a75-3623ffa79ca5:192.168.69.113:38438, 94b83ede-78cc-4b17-9c54-d7e0e5e6e3c6:192.168.69.113:36775, f33898ba-2b62-4ce4-ab71-14aa87786dcc:192.168.69.113:45433] returns group-73344E003E3A:java.util.concurrent.CompletableFuture@745f9b3a[Not completed]
2019-07-30 08:13:24,453 INFO  impl.RaftServerImpl (RaftServerImpl.java:<init>(93)) - 94b83ede-78cc-4b17-9c54-d7e0e5e6e3c6: new RaftServerImpl for group-73344E003E3A:[f8715fb8-c4cb-4752-8a75-3623ffa79ca5:192.168.69.113:38438, 94b83ede-78cc-4b17-9c54-d7e0e5e6e3c6:192.168.69.113:36775, f33898ba-2b62-4ce4-ab71-14aa87786dcc:192.168.69.113:45433] with ContainerStateMachine:uninitialized
2019-07-30 08:13:24,454 INFO  server.RaftServerConfigKeys (ConfUtils.java:logGet(43)) - raft.server.rpc.timeout.min = 5s (custom)
2019-07-30 08:13:24,454 INFO  server.RaftServerConfigKeys (ConfUtils.java:logGet(43)) - raft.server.rpc.timeout.max = 5200ms (custom)
2019-07-30 08:13:24,454 INFO  server.RaftServerConfigKeys (ConfUtils.java:logGet(43)) - raft.server.rpcslowness.timeout = 120s (custom)
2019-07-30 08:13:24,454 INFO  impl.RaftServerImpl (RaftServerImpl.java:<init>(93)) - f8715fb8-c4cb-4752-8a75-3623ffa79ca5: new RaftServerImpl for group-73344E003E3A:[f8715fb8-c4cb-4752-8a75-3623ffa79ca5:192.168.69.113:38438, 94b83ede-78cc-4b17-9c54-d7e0e5e6e3c6:192.168.69.113:36775, f33898ba-2b62-4ce4-ab71-14aa87786dcc:192.168.69.113:45433] with ContainerStateMachine:uninitialized
2019-07-30 08:13:24,454 INFO  server.RaftServerConfigKeys (ConfUtils.java:logGet(43)) - raft.server.sleep.deviation.threshold = 300 (default)
2019-07-30 08:13:24,455 INFO  server.RaftServerConfigKeys (ConfUtils.java:logGet(43)) - raft.server.rpc.timeout.min = 5s (custom)
2019-07-30 08:13:24,455 INFO  server.RaftServerConfigKeys (ConfUtils.java:logGet(43)) - raft.server.log.appender.install.snapshot.enabled = false (custom)
2019-07-30 08:13:24,455 INFO  server.RaftServerConfigKeys (ConfUtils.java:logGet(43)) - raft.server.rpc.timeout.max = 5200ms (custom)
2019-07-30 08:13:24,455 INFO  impl.RaftServerImpl (ServerState.java:<init>(105)) - 94b83ede-78cc-4b17-9c54-d7e0e5e6e3c6:group-73344E003E3A ConfigurationManager, init=-1: [f8715fb8-c4cb-4752-8a75-3623ffa79ca5:192.168.69.113:38438, 94b83ede-78cc-4b17-9c54-d7e0e5e6e3c6:192.168.69.113:36775, f33898ba-2b62-4ce4-ab71-14aa87786dcc:192.168.69.113:45433], old=null, confs=<EMPTY_MAP>
2019-07-30 08:13:24,455 INFO  server.RaftServerConfigKeys (ConfUtils.java:logGet(43)) - raft.server.rpcslowness.timeout = 120s (custom)
2019-07-30 08:13:24,455 INFO  server.RaftServerConfigKeys (ConfUtils.java:logGet(43)) - raft.server.storage.dir = [/workdir/hadoop-ozone/tools/target/test-dir/MiniOzoneClusterImpl-26a48605-c691-45de-8caa-9622e7b22942/datanode-3/data/ratis] (custom)
2019-07-30 08:13:24,456 INFO  server.RaftServerConfigKeys (ConfUtils.java:logGet(43)) - raft.server.sleep.deviation.threshold = 300 (default)
2019-07-30 08:13:24,456 INFO  server.RaftServerConfigKeys (ConfUtils.java:logGet(43)) - raft.server.log.appender.install.snapshot.enabled = false (custom)
2019-07-30 08:13:24,456 INFO  impl.RaftServerImpl (ServerState.java:<init>(105)) - f8715fb8-c4cb-4752-8a75-3623ffa79ca5:group-73344E003E3A ConfigurationManager, init=-1: [f8715fb8-c4cb-4752-8a75-3623ffa79ca5:192.168.69.113:38438, 94b83ede-78cc-4b17-9c54-d7e0e5e6e3c6:192.168.69.113:36775, f33898ba-2b62-4ce4-ab71-14aa87786dcc:192.168.69.113:45433], old=null, confs=<EMPTY_MAP>
2019-07-30 08:13:24,456 INFO  storage.RaftStorageDirectory (RaftStorageDirectory.java:analyzeStorage(246)) - The storage directory /workdir/hadoop-ozone/tools/target/test-dir/MiniOzoneClusterImpl-26a48605-c691-45de-8caa-9622e7b22942/datanode-3/data/ratis/6866cdb4-4d1f-4a1e-b34a-73344e003e3a does not exist. Creating ...
2019-07-30 08:13:24,456 INFO  server.RaftServerConfigKeys (ConfUtils.java:logGet(43)) - raft.server.storage.dir = [/workdir/hadoop-ozone/tools/target/test-dir/MiniOzoneClusterImpl-26a48605-c691-45de-8caa-9622e7b22942/datanode-4/data/ratis] (custom)
2019-07-30 08:13:24,458 INFO  storage.RaftStorageDirectory (RaftStorageDirectory.java:analyzeStorage(246)) - The storage directory /workdir/hadoop-ozone/tools/target/test-dir/MiniOzoneClusterImpl-26a48605-c691-45de-8caa-9622e7b22942/datanode-4/data/ratis/6866cdb4-4d1f-4a1e-b34a-73344e003e3a does not exist. Creating ...
2019-07-30 08:13:24,459 INFO  impl.RaftServerProxy (RaftServerProxy.java:addNew(89)) - f33898ba-2b62-4ce4-ab71-14aa87786dcc: addNew group-73344E003E3A:[f8715fb8-c4cb-4752-8a75-3623ffa79ca5:192.168.69.113:38438, 94b83ede-78cc-4b17-9c54-d7e0e5e6e3c6:192.168.69.113:36775, f33898ba-2b62-4ce4-ab71-14aa87786dcc:192.168.69.113:45433] returns group-73344E003E3A:java.util.concurrent.CompletableFuture@70601169[Not completed]
2019-07-30 08:13:24,461 INFO  impl.RaftServerImpl (RaftServerImpl.java:<init>(93)) - f33898ba-2b62-4ce4-ab71-14aa87786dcc: new RaftServerImpl for group-73344E003E3A:[f8715fb8-c4cb-4752-8a75-3623ffa79ca5:192.168.69.113:38438, 94b83ede-78cc-4b17-9c54-d7e0e5e6e3c6:192.168.69.113:36775, f33898ba-2b62-4ce4-ab71-14aa87786dcc:192.168.69.113:45433] with ContainerStateMachine:uninitialized
2019-07-30 08:13:24,461 INFO  server.RaftServerConfigKeys (ConfUtils.java:logGet(43)) - raft.server.rpc.timeout.min = 5s (custom)
2019-07-30 08:13:24,461 INFO  server.RaftServerConfigKeys (ConfUtils.java:logGet(43)) - raft.server.rpc.timeout.max = 5200ms (custom)
2019-07-30 08:13:24,461 INFO  server.RaftServerConfigKeys (ConfUtils.java:logGet(43)) - raft.server.rpcslowness.timeout = 120s (custom)
2019-07-30 08:13:24,462 INFO  server.RaftServerConfigKeys (ConfUtils.java:logGet(43)) - raft.server.sleep.deviation.threshold = 300 (default)
2019-07-30 08:13:24,462 INFO  server.RaftServerConfigKeys (ConfUtils.java:logGet(43)) - raft.server.log.appender.install.snapshot.enabled = false (custom)
2019-07-30 08:13:24,462 INFO  impl.RaftServerImpl (ServerState.java:<init>(105)) - f33898ba-2b62-4ce4-ab71-14aa87786dcc:group-73344E003E3A ConfigurationManager, init=-1: [f8715fb8-c4cb-4752-8a75-3623ffa79ca5:192.168.69.113:38438, 94b83ede-78cc-4b17-9c54-d7e0e5e6e3c6:192.168.69.113:36775, f33898ba-2b62-4ce4-ab71-14aa87786dcc:192.168.69.113:45433], old=null, confs=<EMPTY_MAP>
2019-07-30 08:13:24,462 INFO  server.RaftServerConfigKeys (ConfUtils.java:logGet(43)) - raft.server.storage.dir = [/workdir/hadoop-ozone/tools/target/test-dir/MiniOzoneClusterImpl-26a48605-c691-45de-8caa-9622e7b22942/datanode-1/data/ratis] (custom)
2019-07-30 08:13:24,462 INFO  storage.RaftStorageDirectory (RaftStorageDirectory.java:analyzeStorage(246)) - The storage directory /workdir/hadoop-ozone/tools/target/test-dir/MiniOzoneClusterImpl-26a48605-c691-45de-8caa-9622e7b22942/datanode-1/data/ratis/6866cdb4-4d1f-4a1e-b34a-73344e003e3a does not exist. Creating ...
2019-07-30 08:13:24,471 INFO  storage.RaftStorageDirectory (RaftStorageDirectory.java:tryLock(328)) - Lock on /workdir/hadoop-ozone/tools/target/test-dir/MiniOzoneClusterImpl-26a48605-c691-45de-8caa-9622e7b22942/datanode-1/data/ratis/6866cdb4-4d1f-4a1e-b34a-73344e003e3a/in_use.lock acquired by nodename 25986@byscane-nightly-jdzkf-3407971660
2019-07-30 08:13:24,471 INFO  storage.RaftStorageDirectory (RaftStorageDirectory.java:tryLock(328)) - Lock on /workdir/hadoop-ozone/tools/target/test-dir/MiniOzoneClusterImpl-26a48605-c691-45de-8caa-9622e7b22942/datanode-3/data/ratis/6866cdb4-4d1f-4a1e-b34a-73344e003e3a/in_use.lock acquired by nodename 25986@byscane-nightly-jdzkf-3407971660
2019-07-30 08:13:24,471 INFO  storage.RaftStorageDirectory (RaftStorageDirectory.java:tryLock(328)) - Lock on /workdir/hadoop-ozone/tools/target/test-dir/MiniOzoneClusterImpl-26a48605-c691-45de-8caa-9622e7b22942/datanode-4/data/ratis/6866cdb4-4d1f-4a1e-b34a-73344e003e3a/in_use.lock acquired by nodename 25986@byscane-nightly-jdzkf-3407971660
2019-07-30 08:13:24,485 INFO  storage.RaftStorage (RaftStorage.java:format(72)) - Storage directory /workdir/hadoop-ozone/tools/target/test-dir/MiniOzoneClusterImpl-26a48605-c691-45de-8caa-9622e7b22942/datanode-1/data/ratis/6866cdb4-4d1f-4a1e-b34a-73344e003e3a has been successfully formatted.
2019-07-30 08:13:24,485 INFO  storage.RaftStorage (RaftStorage.java:format(72)) - Storage directory /workdir/hadoop-ozone/tools/target/test-dir/MiniOzoneClusterImpl-26a48605-c691-45de-8caa-9622e7b22942/datanode-3/data/ratis/6866cdb4-4d1f-4a1e-b34a-73344e003e3a has been successfully formatted.
2019-07-30 08:13:24,486 INFO  ratis.ContainerStateMachine (ContainerStateMachine.java:loadSnapshot(213)) - group-73344E003E3A: The snapshot info is null. Setting the last applied indexto:(t:0, i:~)
2019-07-30 08:13:24,485 INFO  storage.RaftStorage (RaftStorage.java:format(72)) - Storage directory /workdir/hadoop-ozone/tools/target/test-dir/MiniOzoneClusterImpl-26a48605-c691-45de-8caa-9622e7b22942/datanode-4/data/ratis/6866cdb4-4d1f-4a1e-b34a-73344e003e3a has been successfully formatted.
2019-07-30 08:13:24,486 INFO  server.RaftServerConfigKeys (ConfUtils.java:logGet(43)) - raft.server.leader.election.timeout = 120s (custom)
2019-07-30 08:13:24,486 INFO  ratis.ContainerStateMachine (ContainerStateMachine.java:loadSnapshot(213)) - group-73344E003E3A: The snapshot info is null. Setting the last applied indexto:(t:0, i:~)
2019-07-30 08:13:24,486 INFO  ratis.ContainerStateMachine (ContainerStateMachine.java:loadSnapshot(213)) - group-73344E003E3A: The snapshot info is null. Setting the last applied indexto:(t:0, i:~)
2019-07-30 08:13:24,486 INFO  server.RaftServerConfigKeys (ConfUtils.java:logGet(43)) - raft.server.log.use.memory = false (default)
2019-07-30 08:13:24,487 INFO  server.RaftServerConfigKeys (ConfUtils.java:logGet(43)) - raft.server.leader.election.timeout = 120s (custom)
2019-07-30 08:13:24,487 INFO  server.RaftServerConfigKeys (ConfUtils.java:logGet(43)) - raft.server.leader.election.timeout = 120s (custom)
2019-07-30 08:13:24,487 INFO  server.RaftServerConfigKeys (ConfUtils.java:logGet(43)) - raft.server.log.use.memory = false (default)
2019-07-30 08:13:24,487 INFO  server.RaftServerConfigKeys (ConfUtils.java:logGet(43)) - raft.server.log.purge.gap = 1000000000 (custom)
2019-07-30 08:13:24,487 INFO  server.RaftServerConfigKeys (ConfUtils.java:logGet(43)) - raft.server.log.purge.gap = 1000000000 (custom)
2019-07-30 08:13:24,487 INFO  server.RaftServerConfigKeys (ConfUtils.java:logGet(43)) - raft.server.log.use.memory = false (default)
2019-07-30 08:13:24,488 INFO  server.RaftServerConfigKeys (ConfUtils.java:logGet(43)) - raft.server.log.appender.buffer.byte-limit = 33554432 (custom)
2019-07-30 08:13:24,488 INFO  server.RaftServerConfigKeys (ConfUtils.java:logGet(43)) - raft.server.log.appender.buffer.byte-limit = 33554432 (custom)
2019-07-30 08:13:24,488 INFO  server.RaftServerConfigKeys (ConfUtils.java:logGet(43)) - raft.server.log.segment.size.max = 1048576 (custom)
2019-07-30 08:13:24,488 INFO  server.RaftServerConfigKeys (ConfUtils.java:logGet(43)) - raft.server.log.purge.gap = 1000000000 (custom)
2019-07-30 08:13:24,488 INFO  server.RaftServerConfigKeys (ConfUtils.java:logGet(43)) - raft.server.log.segment.cache.num.max = 2 (custom)
2019-07-30 08:13:24,488 INFO  server.RaftServerConfigKeys (ConfUtils.java:logGet(43)) - raft.server.log.segment.size.max = 1048576 (custom)
2019-07-30 08:13:24,489 INFO  segmented.SegmentedRaftLogWorker (SegmentedRaftLogWorker.java:<init>(172)) - new f8715fb8-c4cb-4752-8a75-3623ffa79ca5-SegmentedRaftLogWorker:Storage Directory /workdir/hadoop-ozone/tools/target/test-dir/MiniOzoneClusterImpl-26a48605-c691-45de-8caa-9622e7b22942/datanode-4/data/ratis/6866cdb4-4d1f-4a1e-b34a-73344e003e3a for RaftStorage:Storage Directory /workdir/hadoop-ozone/tools/target/test-dir/MiniOzoneClusterImpl-26a48605-c691-45de-8caa-9622e7b22942/datanode-4/data/ratis/6866cdb4-4d1f-4a1e-b34a-73344e003e3a
2019-07-30 08:13:24,489 INFO  server.RaftServerConfigKeys (ConfUtils.java:logGet(43)) - raft.server.log.appender.buffer.byte-limit = 33554432 (custom)
2019-07-30 08:13:24,489 INFO  server.RaftServerConfigKeys (ConfUtils.java:logGet(43)) - raft.server.log.queue.byte-limit = 2147483647 (custom)
2019-07-30 08:13:24,489 INFO  server.RaftServerConfigKeys (ConfUtils.java:logGet(43)) - raft.server.log.segment.cache.num.max = 2 (custom)
2019-07-30 08:13:24,495 INFO  server.RaftServerConfigKeys (ConfUtils.java:logGet(43)) - raft.server.log.queue.element-limit = 1024 (custom)
2019-07-30 08:13:24,494 INFO  server.RaftServerConfigKeys (ConfUtils.java:logGet(43)) - raft.server.log.segment.size.max = 1048576 (custom)
2019-07-30 08:13:24,495 INFO  server.RaftServerConfigKeys (ConfUtils.java:logGet(43)) - raft.server.log.segment.size.max = 1048576 (custom)
2019-07-30 08:13:24,495 INFO  segmented.SegmentedRaftLogWorker (SegmentedRaftLogWorker.java:<init>(172)) - new f33898ba-2b62-4ce4-ab71-14aa87786dcc-SegmentedRaftLogWorker:Storage Directory /workdir/hadoop-ozone/tools/target/test-dir/MiniOzoneClusterImpl-26a48605-c691-45de-8caa-9622e7b22942/datanode-1/data/ratis/6866cdb4-4d1f-4a1e-b34a-73344e003e3a for RaftStorage:Storage Directory /workdir/hadoop-ozone/tools/target/test-dir/MiniOzoneClusterImpl-26a48605-c691-45de-8caa-9622e7b22942/datanode-1/data/ratis/6866cdb4-4d1f-4a1e-b34a-73344e003e3a
2019-07-30 08:13:24,495 INFO  server.RaftServerConfigKeys (ConfUtils.java:logGet(43)) - raft.server.log.preallocated.size = 16384 (custom)
2019-07-30 08:13:24,495 INFO  server.RaftServerConfigKeys (ConfUtils.java:logGet(43)) - raft.server.log.segment.cache.num.max = 2 (custom)
2019-07-30 08:13:24,497 INFO  server.RaftServerConfigKeys (ConfUtils.java:logGet(43)) - raft.server.log.write.buffer.size = 33554432 (custom)
2019-07-30 08:13:24,495 INFO  server.RaftServerConfigKeys (ConfUtils.java:logGet(43)) - raft.server.log.queue.byte-limit = 2147483647 (custom)
2019-07-30 08:13:24,497 INFO  server.RaftServerConfigKeys (ConfUtils.java:logGet(43)) - raft.server.log.force.sync.num = 128 (default)
2019-07-30 08:13:24,497 INFO  segmented.SegmentedRaftLogWorker (SegmentedRaftLogWorker.java:<init>(172)) - new 94b83ede-78cc-4b17-9c54-d7e0e5e6e3c6-SegmentedRaftLogWorker:Storage Directory /workdir/hadoop-ozone/tools/target/test-dir/MiniOzoneClusterImpl-26a48605-c691-45de-8caa-9622e7b22942/datanode-3/data/ratis/6866cdb4-4d1f-4a1e-b34a-73344e003e3a for RaftStorage:Storage Directory /workdir/hadoop-ozone/tools/target/test-dir/MiniOzoneClusterImpl-26a48605-c691-45de-8caa-9622e7b22942/datanode-3/data/ratis/6866cdb4-4d1f-4a1e-b34a-73344e003e3a
2019-07-30 08:13:24,497 INFO  server.RaftServerConfigKeys (ConfUtils.java:logGet(43)) - raft.server.log.statemachine.data.sync = true (default)
2019-07-30 08:13:24,497 INFO  server.RaftServerConfigKeys (ConfUtils.java:logGet(43)) - raft.server.log.queue.element-limit = 1024 (custom)
2019-07-30 08:13:24,498 INFO  server.RaftServerConfigKeys (ConfUtils.java:logGet(43)) - raft.server.log.statemachine.data.sync.timeout = 10s (default)
2019-07-30 08:13:24,498 INFO  server.RaftServerConfigKeys (ConfUtils.java:logGet(43)) - raft.server.log.queue.byte-limit = 2147483647 (custom)
2019-07-30 08:13:24,500 INFO  server.RaftServerConfigKeys (ConfUtils.java:logGet(43)) - raft.server.log.statemachine.data.sync.timeout.retry = -1 (default)
2019-07-30 08:13:24,500 INFO  server.RaftServerConfigKeys (ConfUtils.java:logGet(43)) - raft.server.log.segment.size.max = 1048576 (custom)
2019-07-30 08:13:24,500 INFO  server.RaftServerConfigKeys (ConfUtils.java:logGet(43)) - raft.server.log.statemachine.data.caching.enabled = true (custom)
2019-07-30 08:13:24,500 INFO  server.RaftServerConfigKeys (ConfUtils.java:logGet(43)) - raft.server.log.queue.element-limit = 1024 (custom)
2019-07-30 08:13:24,501 INFO  server.RaftServerConfigKeys (ConfUtils.java:logGet(43)) - raft.server.log.preallocated.size = 16384 (custom)
2019-07-30 08:13:24,501 INFO  segmented.SegmentedRaftLogWorker (SegmentedRaftLogWorker.java:lambda$new$0(132)) - f8715fb8-c4cb-4752-8a75-3623ffa79ca5-SegmentedRaftLogWorker:Storage Directory /workdir/hadoop-ozone/tools/target/test-dir/MiniOzoneClusterImpl-26a48605-c691-45de-8caa-9622e7b22942/datanode-4/data/ratis/6866cdb4-4d1f-4a1e-b34a-73344e003e3a: flushIndex: setUnconditionally 0 -> -1
2019-07-30 08:13:24,501 INFO  server.RaftServerConfigKeys (ConfUtils.java:logGet(43)) - raft.server.log.segment.size.max = 1048576 (custom)
2019-07-30 08:13:24,501 INFO  server.RaftServerConfigKeys (ConfUtils.java:logGet(43)) - raft.server.log.write.buffer.size = 33554432 (custom)
2019-07-30 08:13:24,501 INFO  server.RaftServerConfigKeys (ConfUtils.java:logGet(43)) - raft.server.snapshot.auto.trigger.enabled = true (custom)
2019-07-30 08:13:24,501 INFO  server.RaftServerConfigKeys (ConfUtils.java:logGet(43)) - raft.server.log.preallocated.size = 16384 (custom)
2019-07-30 08:13:24,502 INFO  server.RaftServerConfigKeys (ConfUtils.java:logGet(43)) - raft.server.snapshot.auto.trigger.threshold = 10000 (custom)
2019-07-30 08:13:24,502 INFO  server.RaftServerConfigKeys (ConfUtils.java:logGet(43)) - raft.server.log.force.sync.num = 128 (default)
2019-07-30 08:13:24,502 INFO  server.RaftServerConfigKeys (ConfUtils.java:logGet(43)) - raft.server.retrycache.expirytime = 600000ms (custom)
2019-07-30 08:13:24,502 INFO  server.RaftServerConfigKeys (ConfUtils.java:logGet(43)) - raft.server.log.write.buffer.size = 33554432 (custom)
2019-07-30 08:13:24,503 INFO  impl.RaftServerImpl (RaftServerImpl.java:start(180)) - f8715fb8-c4cb-4752-8a75-3623ffa79ca5: start group-73344E003E3A
2019-07-30 08:13:24,502 INFO  server.RaftServerConfigKeys (ConfUtils.java:logGet(43)) - raft.server.log.statemachine.data.sync = true (default)
2019-07-30 08:13:24,503 INFO  impl.RaftServerImpl (RaftServerImpl.java:setRole(171)) - f8715fb8-c4cb-4752-8a75-3623ffa79ca5:group-73344E003E3A changes role from null to FOLLOWER at term 0 for startAsFollower
2019-07-30 08:13:24,503 INFO  server.RaftServerConfigKeys (ConfUtils.java:logGet(43)) - raft.server.log.statemachine.data.sync.timeout = 10s (default)
2019-07-30 08:13:24,503 INFO  server.RaftServerConfigKeys (ConfUtils.java:logGet(43)) - raft.server.log.force.sync.num = 128 (default)
2019-07-30 08:13:24,504 INFO  server.RaftServerConfigKeys (ConfUtils.java:logGet(43)) - raft.server.log.statemachine.data.sync.timeout.retry = -1 (default)
2019-07-30 08:13:24,503 INFO  impl.RoleInfo (RoleInfo.java:updateAndGet(143)) - f8715fb8-c4cb-4752-8a75-3623ffa79ca5: start FollowerState
2019-07-30 08:13:24,504 INFO  server.RaftServerConfigKeys (ConfUtils.java:logGet(43)) - raft.server.log.statemachine.data.sync = true (default)
2019-07-30 08:13:24,504 INFO  server.RaftServerConfigKeys (ConfUtils.java:logGet(43)) - raft.server.log.statemachine.data.caching.enabled = true (custom)
2019-07-30 08:13:24,504 INFO  util.JmxRegister (JmxRegister.java:tryRegister(44)) - Successfully registered JMX Bean with object name Ratis:service=RaftServer,group=group-73344E003E3A,id=f8715fb8-c4cb-4752-8a75-3623ffa79ca5
2019-07-30 08:13:24,504 INFO  server.RaftServerConfigKeys (ConfUtils.java:logGet(43)) - raft.server.log.statemachine.data.sync.timeout = 10s (default)
2019-07-30 08:13:24,505 INFO  segmented.SegmentedRaftLogWorker (SegmentedRaftLogWorker.java:lambda$new$0(132)) - f33898ba-2b62-4ce4-ab71-14aa87786dcc-SegmentedRaftLogWorker:Storage Directory /workdir/hadoop-ozone/tools/target/test-dir/MiniOzoneClusterImpl-26a48605-c691-45de-8caa-9622e7b22942/datanode-1/data/ratis/6866cdb4-4d1f-4a1e-b34a-73344e003e3a: flushIndex: setUnconditionally 0 -> -1
2019-07-30 08:13:24,505 INFO  server.RaftServerConfigKeys (ConfUtils.java:logGet(43)) - raft.server.log.statemachine.data.sync.timeout.retry = -1 (default)
2019-07-30 08:13:24,505 INFO  server.RaftServerConfigKeys (ConfUtils.java:logGet(43)) - raft.server.log.statemachine.data.caching.enabled = true (custom)
2019-07-30 08:13:24,505 INFO  server.RaftServerConfigKeys (ConfUtils.java:logGet(43)) - raft.server.snapshot.auto.trigger.enabled = true (custom)
2019-07-30 08:13:24,506 INFO  segmented.SegmentedRaftLogWorker (SegmentedRaftLogWorker.java:lambda$new$0(132)) - 94b83ede-78cc-4b17-9c54-d7e0e5e6e3c6-SegmentedRaftLogWorker:Storage Directory /workdir/hadoop-ozone/tools/target/test-dir/MiniOzoneClusterImpl-26a48605-c691-45de-8caa-9622e7b22942/datanode-3/data/ratis/6866cdb4-4d1f-4a1e-b34a-73344e003e3a: flushIndex: setUnconditionally 0 -> -1
2019-07-30 08:13:24,506 INFO  server.RaftServerConfigKeys (ConfUtils.java:logGet(43)) - raft.server.snapshot.auto.trigger.threshold = 10000 (custom)
2019-07-30 08:13:24,508 INFO  server.RaftServerConfigKeys (ConfUtils.java:logGet(43)) - raft.server.snapshot.auto.trigger.enabled = true (custom)
2019-07-30 08:13:24,508 INFO  server.RaftServerConfigKeys (ConfUtils.java:logGet(43)) - raft.server.retrycache.expirytime = 600000ms (custom)
2019-07-30 08:13:24,508 INFO  server.RaftServerConfigKeys (ConfUtils.java:logGet(43)) - raft.server.snapshot.auto.trigger.threshold = 10000 (custom)
2019-07-30 08:13:24,508 INFO  impl.RaftServerImpl (RaftServerImpl.java:start(180)) - f33898ba-2b62-4ce4-ab71-14aa87786dcc: start group-73344E003E3A
2019-07-30 08:13:24,508 INFO  server.RaftServerConfigKeys (ConfUtils.java:logGet(43)) - raft.server.retrycache.expirytime = 600000ms (custom)
2019-07-30 08:13:24,508 INFO  impl.RaftServerImpl (RaftServerImpl.java:setRole(171)) - f33898ba-2b62-4ce4-ab71-14aa87786dcc:group-73344E003E3A changes role from null to FOLLOWER at term 0 for startAsFollower
2019-07-30 08:13:24,509 INFO  impl.RaftServerImpl (RaftServerImpl.java:start(180)) - 94b83ede-78cc-4b17-9c54-d7e0e5e6e3c6: start group-73344E003E3A
2019-07-30 08:13:24,510 INFO  impl.RaftServerImpl (RaftServerImpl.java:setRole(171)) - 94b83ede-78cc-4b17-9c54-d7e0e5e6e3c6:group-73344E003E3A changes role from null to FOLLOWER at term 0 for startAsFollower
2019-07-30 08:13:24,512 INFO  impl.RoleInfo (RoleInfo.java:updateAndGet(143)) - f33898ba-2b62-4ce4-ab71-14aa87786dcc: start FollowerState
2019-07-30 08:13:24,512 INFO  impl.RoleInfo (RoleInfo.java:updateAndGet(143)) - 94b83ede-78cc-4b17-9c54-d7e0e5e6e3c6: start FollowerState
2019-07-30 08:13:24,513 INFO  util.JmxRegister (JmxRegister.java:tryRegister(44)) - Successfully registered JMX Bean with object name Ratis:service=RaftServer,group=group-73344E003E3A,id=f33898ba-2b62-4ce4-ab71-14aa87786dcc
2019-07-30 08:13:24,515 INFO  util.JmxRegister (JmxRegister.java:tryRegister(44)) - Successfully registered JMX Bean with object name Ratis:service=RaftServer,group=group-73344E003E3A,id=94b83ede-78cc-4b17-9c54-d7e0e5e6e3c6
2019-07-30 08:13:24,555 INFO  pipeline.PipelineStateManager (PipelineStateManager.java:addPipeline(56)) - Created pipeline Pipeline[ Id: 6866cdb4-4d1f-4a1e-b34a-73344e003e3a, Nodes: f8715fb8-c4cb-4752-8a75-3623ffa79ca5{ip: 192.168.69.113, host: byscane-nightly-jdzkf-3407971660, networkLocation: /default-rack, certSerialId: null}94b83ede-78cc-4b17-9c54-d7e0e5e6e3c6{ip: 192.168.69.113, host: byscane-nightly-jdzkf-3407971660, networkLocation: /default-rack, certSerialId: null}f33898ba-2b62-4ce4-ab71-14aa87786dcc{ip: 192.168.69.113, host: byscane-nightly-jdzkf-3407971660, networkLocation: /default-rack, certSerialId: null}, Type:RATIS, Factor:THREE, State:OPEN]
2019-07-30 08:13:24,914 INFO  freon.RandomKeyGenerator (RandomKeyGenerator.java:call(278)) - Number of Threads: 10
2019-07-30 08:13:24,915 INFO  freon.RandomKeyGenerator (RandomKeyGenerator.java:call(283)) - Number of Volumes: 1.
2019-07-30 08:13:24,915 INFO  freon.RandomKeyGenerator (RandomKeyGenerator.java:call(284)) - Number of Buckets per Volume: 1.
2019-07-30 08:13:24,915 INFO  freon.RandomKeyGenerator (RandomKeyGenerator.java:call(285)) - Number of Keys per Bucket: 1.
2019-07-30 08:13:24,915 INFO  freon.RandomKeyGenerator (RandomKeyGenerator.java:call(286)) - Key size: 20971520 bytes
2019-07-30 08:13:24,916 INFO  freon.RandomKeyGenerator (RandomKeyGenerator.java:call(287)) - Buffer size: 4096 bytes
2019-07-30 08:13:24,919 INFO  freon.RandomKeyGenerator (RandomKeyGenerator.java:call(301)) - Data validation is enabled.
2019-07-30 08:13:24,921 INFO  freon.RandomKeyGenerator (RandomKeyGenerator.java:call(307)) - Starting progress bar Thread.

 0.00% |█                                                                                                    |  0/1 Time: 0:00:002019-07-30 08:13:24,958 INFO  rpc.RpcClient (RpcClient.java:createVolume(288)) - Creating Volume: vol-0-00291, with jenkins1000 as owner.
2019-07-30 08:13:25,006 INFO  rpc.RpcClient (RpcClient.java:createBucket(425)) - Creating Bucket: vol-0-00291/bucket-0-87717, with Versioning false and Storage Type set to DISK and Encryption set to false 
2019-07-30 08:13:25,183 INFO  impl.MetricsSystemImpl (MetricsSystemImpl.java:init(158)) - XceiverClientMetrics metrics system started (again)
2019-07-30 08:13:25,320 INFO  client.GrpcClientProtocolClient (GrpcClientProtocolClient.java:onNext(255)) - client-A2E709061908->f8715fb8-c4cb-4752-8a75-3623ffa79ca5: receive RaftClientReply:client-A2E709061908->f8715fb8-c4cb-4752-8a75-3623ffa79ca5@group-73344E003E3A, cid=8, FAILED org.apache.ratis.protocol.NotLeaderException: Server f8715fb8-c4cb-4752-8a75-3623ffa79ca5 is not the leader (null). Request must be sent to leader., logIndex=0, commits[f8715fb8-c4cb-4752-8a75-3623ffa79ca5:c-1]
2019-07-30 08:13:25,814 INFO  container.ReplicationManager (ReplicationManager.java:start(155)) - Starting Replication Monitor Thread.
2019-07-30 08:13:25,816 INFO  container.ReplicationManager (ReplicationManager.java:run(207)) - Replication Monitor Thread took 1 milliseconds for processing 3 containers.
 0.00% |█                                                                                                    |  0/1 Time: 0:00:012019-07-30 08:13:26,372 INFO  client.GrpcClientProtocolClient (GrpcClientProtocolClient.java:onNext(255)) - client-A2E709061908->f33898ba-2b62-4ce4-ab71-14aa87786dcc: receive RaftClientReply:client-A2E709061908->f33898ba-2b62-4ce4-ab71-14aa87786dcc@group-73344E003E3A, cid=8, FAILED org.apache.ratis.protocol.NotLeaderException: Server f33898ba-2b62-4ce4-ab71-14aa87786dcc is not the leader (null). Request must be sent to leader., logIndex=0, commits[f33898ba-2b62-4ce4-ab71-14aa87786dcc:c-1]
 0.00% |█                                                                                                    |  0/1 Time: 0:00:022019-07-30 08:13:27,414 INFO  client.GrpcClientProtocolClient (GrpcClientProtocolClient.java:onNext(255)) - client-A2E709061908->94b83ede-78cc-4b17-9c54-d7e0e5e6e3c6: receive RaftClientReply:client-A2E709061908->94b83ede-78cc-4b17-9c54-d7e0e5e6e3c6@group-73344E003E3A, cid=8, FAILED org.apache.ratis.protocol.NotLeaderException: Server 94b83ede-78cc-4b17-9c54-d7e0e5e6e3c6 is not the leader (null). Request must be sent to leader., logIndex=0, commits[94b83ede-78cc-4b17-9c54-d7e0e5e6e3c6:c-1]
 0.00% |█                                                                                                    |  0/1 Time: 0:00:032019-07-30 08:13:28,459 INFO  client.GrpcClientProtocolClient (GrpcClientProtocolClient.java:onNext(255)) - client-A2E709061908->f8715fb8-c4cb-4752-8a75-3623ffa79ca5: receive RaftClientReply:client-A2E709061908->f8715fb8-c4cb-4752-8a75-3623ffa79ca5@group-73344E003E3A, cid=8, FAILED org.apache.ratis.protocol.NotLeaderException: Server f8715fb8-c4cb-4752-8a75-3623ffa79ca5 is not the leader (null). Request must be sent to leader., logIndex=0, commits[f8715fb8-c4cb-4752-8a75-3623ffa79ca5:c-1]
 0.00% |█                                                                                                    |  0/1 Time: 0:00:042019-07-30 08:13:29,115 INFO  impl.FollowerState (FollowerState.java:run(106)) - a614e04a-4fed-4ae5-ba5e-e458cc4d95c0:group-4940BA827BCA changes to CANDIDATE, lastRpcTime:5157, electionTimeout:5156ms
2019-07-30 08:13:29,116 INFO  impl.RoleInfo (RoleInfo.java:shutdownFollowerState(121)) - a614e04a-4fed-4ae5-ba5e-e458cc4d95c0: shutdown FollowerState
2019-07-30 08:13:29,116 INFO  impl.RaftServerImpl (RaftServerImpl.java:setRole(171)) - a614e04a-4fed-4ae5-ba5e-e458cc4d95c0:group-4940BA827BCA changes role from FOLLOWER to CANDIDATE at term 0 for changeToCandidate
2019-07-30 08:13:29,123 INFO  impl.RoleInfo (RoleInfo.java:updateAndGet(143)) - a614e04a-4fed-4ae5-ba5e-e458cc4d95c0: start LeaderElection
2019-07-30 08:13:29,144 INFO  impl.LeaderElection (LeaderElection.java:askForVotes(181)) - a614e04a-4fed-4ae5-ba5e-e458cc4d95c0:group-4940BA827BCA:LeaderElection1: begin an election at term 1 for -1: [a614e04a-4fed-4ae5-ba5e-e458cc4d95c0:192.168.69.113:43547], old=null
2019-07-30 08:13:29,147 INFO  impl.RoleInfo (RoleInfo.java:shutdownLeaderElection(134)) - a614e04a-4fed-4ae5-ba5e-e458cc4d95c0: shutdown LeaderElection
2019-07-30 08:13:29,148 INFO  impl.RaftServerImpl (RaftServerImpl.java:setRole(171)) - a614e04a-4fed-4ae5-ba5e-e458cc4d95c0:group-4940BA827BCA changes role from CANDIDATE to LEADER at term 1 for changeToLeader
2019-07-30 08:13:29,148 INFO  impl.RaftServerImpl (ServerState.java:setLeader(263)) - a614e04a-4fed-4ae5-ba5e-e458cc4d95c0:group-4940BA827BCA change Leader from null to a614e04a-4fed-4ae5-ba5e-e458cc4d95c0 at term 1 for becomeLeader, leader elected after 5652ms
2019-07-30 08:13:29,157 INFO  server.RaftServerConfigKeys (ConfUtils.java:logGet(43)) - raft.server.staging.catchup.gap = 1000 (default)
2019-07-30 08:13:29,158 INFO  server.RaftServerConfigKeys (ConfUtils.java:logGet(43)) - raft.server.rpc.sleep.time = 25ms (default)
2019-07-30 08:13:29,161 INFO  server.RaftServerConfigKeys (ConfUtils.java:logGet(43)) - raft.server.write.element-limit = 4096 (default)
2019-07-30 08:13:29,165 INFO  server.RaftServerConfigKeys (ConfUtils.java:logGet(43)) - raft.server.watch.timeout = 10s (default)
2019-07-30 08:13:29,165 INFO  server.RaftServerConfigKeys (ConfUtils.java:logGet(43)) - raft.server.watch.timeout.denomination = 1s (default)
2019-07-30 08:13:29,167 INFO  server.RaftServerConfigKeys (ConfUtils.java:logGet(43)) - raft.server.watch.element-limit = 65536 (default)
2019-07-30 08:13:29,177 INFO  impl.RoleInfo (RoleInfo.java:updateAndGet(143)) - a614e04a-4fed-4ae5-ba5e-e458cc4d95c0: start LeaderState
2019-07-30 08:13:29,202 INFO  segmented.SegmentedRaftLogWorker (SegmentedRaftLogWorker.java:startLogSegment(380)) - a614e04a-4fed-4ae5-ba5e-e458cc4d95c0-SegmentedRaftLogWorker:Storage Directory /workdir/hadoop-ozone/tools/target/test-dir/MiniOzoneClusterImpl-26a48605-c691-45de-8caa-9622e7b22942/datanode-0/data/ratis/35b524f2-9c6e-4a83-bb57-4940ba827bca: Starting segment from index:0
2019-07-30 08:13:29,210 INFO  impl.RaftServerImpl (ServerState.java:setRaftConf(361)) - a614e04a-4fed-4ae5-ba5e-e458cc4d95c0:group-4940BA827BCA set configuration 0: [a614e04a-4fed-4ae5-ba5e-e458cc4d95c0:192.168.69.113:43547], old=null at 0
2019-07-30 08:13:29,236 INFO  impl.FollowerState (FollowerState.java:run(106)) - 94b83ede-78cc-4b17-9c54-d7e0e5e6e3c6:group-CB99F0FC4026 changes to CANDIDATE, lastRpcTime:5000, electionTimeout:5000ms
2019-07-30 08:13:29,238 INFO  impl.RoleInfo (RoleInfo.java:shutdownFollowerState(121)) - 94b83ede-78cc-4b17-9c54-d7e0e5e6e3c6: shutdown FollowerState
2019-07-30 08:13:29,238 INFO  impl.RaftServerImpl (RaftServerImpl.java:setRole(171)) - 94b83ede-78cc-4b17-9c54-d7e0e5e6e3c6:group-CB99F0FC4026 changes role from FOLLOWER to CANDIDATE at term 0 for changeToCandidate
2019-07-30 08:13:29,238 INFO  impl.RoleInfo (RoleInfo.java:updateAndGet(143)) - 94b83ede-78cc-4b17-9c54-d7e0e5e6e3c6: start LeaderElection
2019-07-30 08:13:29,257 INFO  impl.LeaderElection (LeaderElection.java:askForVotes(181)) - 94b83ede-78cc-4b17-9c54-d7e0e5e6e3c6:group-CB99F0FC4026:LeaderElection2: begin an election at term 1 for -1: [94b83ede-78cc-4b17-9c54-d7e0e5e6e3c6:192.168.69.113:36775], old=null
2019-07-30 08:13:29,257 INFO  impl.RoleInfo (RoleInfo.java:shutdownLeaderElection(134)) - 94b83ede-78cc-4b17-9c54-d7e0e5e6e3c6: shutdown LeaderElection
2019-07-30 08:13:29,258 INFO  impl.RaftServerImpl (RaftServerImpl.java:setRole(171)) - 94b83ede-78cc-4b17-9c54-d7e0e5e6e3c6:group-CB99F0FC4026 changes role from CANDIDATE to LEADER at term 1 for changeToLeader
2019-07-30 08:13:29,258 INFO  impl.RaftServerImpl (ServerState.java:setLeader(263)) - 94b83ede-78cc-4b17-9c54-d7e0e5e6e3c6:group-CB99F0FC4026 change Leader from null to 94b83ede-78cc-4b17-9c54-d7e0e5e6e3c6 at term 1 for becomeLeader, leader elected after 5027ms
2019-07-30 08:13:29,259 INFO  server.RaftServerConfigKeys (ConfUtils.java:logGet(43)) - raft.server.staging.catchup.gap = 1000 (default)
2019-07-30 08:13:29,259 INFO  server.RaftServerConfigKeys (ConfUtils.java:logGet(43)) - raft.server.rpc.sleep.time = 25ms (default)
2019-07-30 08:13:29,260 INFO  server.RaftServerConfigKeys (ConfUtils.java:logGet(43)) - raft.server.write.element-limit = 4096 (default)
2019-07-30 08:13:29,260 INFO  server.RaftServerConfigKeys (ConfUtils.java:logGet(43)) - raft.server.watch.timeout = 10s (default)
2019-07-30 08:13:29,260 INFO  server.RaftServerConfigKeys (ConfUtils.java:logGet(43)) - raft.server.watch.timeout.denomination = 1s (default)
2019-07-30 08:13:29,260 INFO  server.RaftServerConfigKeys (ConfUtils.java:logGet(43)) - raft.server.watch.element-limit = 65536 (default)
2019-07-30 08:13:29,261 INFO  impl.RoleInfo (RoleInfo.java:updateAndGet(143)) - 94b83ede-78cc-4b17-9c54-d7e0e5e6e3c6: start LeaderState
2019-07-30 08:13:29,261 INFO  segmented.SegmentedRaftLogWorker (SegmentedRaftLogWorker.java:startLogSegment(380)) - 94b83ede-78cc-4b17-9c54-d7e0e5e6e3c6-SegmentedRaftLogWorker:Storage Directory /workdir/hadoop-ozone/tools/target/test-dir/MiniOzoneClusterImpl-26a48605-c691-45de-8caa-9622e7b22942/datanode-3/data/ratis/37a017fe-db0e-48ff-bd78-cb99f0fc4026: Starting segment from index:0
2019-07-30 08:13:29,262 INFO  impl.RaftServerImpl (ServerState.java:setRaftConf(361)) - 94b83ede-78cc-4b17-9c54-d7e0e5e6e3c6:group-CB99F0FC4026 set configuration 0: [94b83ede-78cc-4b17-9c54-d7e0e5e6e3c6:192.168.69.113:36775], old=null at 0
2019-07-30 08:13:29,277 INFO  impl.FollowerState (FollowerState.java:run(106)) - f8715fb8-c4cb-4752-8a75-3623ffa79ca5:group-CFBBFE38BC34 changes to CANDIDATE, lastRpcTime:5130, electionTimeout:5128ms
2019-07-30 08:13:29,277 INFO  impl.RoleInfo (RoleInfo.java:shutdownFollowerState(121)) - f8715fb8-c4cb-4752-8a75-3623ffa79ca5: shutdown FollowerState
2019-07-30 08:13:29,277 INFO  impl.RaftServerImpl (RaftServerImpl.java:setRole(171)) - f8715fb8-c4cb-4752-8a75-3623ffa79ca5:group-CFBBFE38BC34 changes role from FOLLOWER to CANDIDATE at term 0 for changeToCandidate
2019-07-30 08:13:29,278 INFO  impl.RoleInfo (RoleInfo.java:updateAndGet(143)) - f8715fb8-c4cb-4752-8a75-3623ffa79ca5: start LeaderElection
2019-07-30 08:13:29,295 INFO  impl.LeaderElection (LeaderElection.java:askForVotes(181)) - f8715fb8-c4cb-4752-8a75-3623ffa79ca5:group-CFBBFE38BC34:LeaderElection3: begin an election at term 1 for -1: [f8715fb8-c4cb-4752-8a75-3623ffa79ca5:192.168.69.113:38438], old=null
2019-07-30 08:13:29,296 INFO  impl.RoleInfo (RoleInfo.java:shutdownLeaderElection(134)) - f8715fb8-c4cb-4752-8a75-3623ffa79ca5: shutdown LeaderElection
2019-07-30 08:13:29,296 INFO  impl.RaftServerImpl (RaftServerImpl.java:setRole(171)) - f8715fb8-c4cb-4752-8a75-3623ffa79ca5:group-CFBBFE38BC34 changes role from CANDIDATE to LEADER at term 1 for changeToLeader
2019-07-30 08:13:29,296 INFO  impl.RaftServerImpl (ServerState.java:setLeader(263)) - f8715fb8-c4cb-4752-8a75-3623ffa79ca5:group-CFBBFE38BC34 change Leader from null to f8715fb8-c4cb-4752-8a75-3623ffa79ca5 at term 1 for becomeLeader, leader elected after 5156ms
2019-07-30 08:13:29,297 INFO  server.RaftServerConfigKeys (ConfUtils.java:logGet(43)) - raft.server.staging.catchup.gap = 1000 (default)
2019-07-30 08:13:29,297 INFO  server.RaftServerConfigKeys (ConfUtils.java:logGet(43)) - raft.server.rpc.sleep.time = 25ms (default)
2019-07-30 08:13:29,298 INFO  server.RaftServerConfigKeys (ConfUtils.java:logGet(43)) - raft.server.write.element-limit = 4096 (default)
2019-07-30 08:13:29,298 INFO  server.RaftServerConfigKeys (ConfUtils.java:logGet(43)) - raft.server.watch.timeout = 10s (default)
2019-07-30 08:13:29,298 INFO  server.RaftServerConfigKeys (ConfUtils.java:logGet(43)) - raft.server.watch.timeout.denomination = 1s (default)
2019-07-30 08:13:29,298 INFO  server.RaftServerConfigKeys (ConfUtils.java:logGet(43)) - raft.server.watch.element-limit = 65536 (default)
2019-07-30 08:13:29,299 INFO  impl.RoleInfo (RoleInfo.java:updateAndGet(143)) - f8715fb8-c4cb-4752-8a75-3623ffa79ca5: start LeaderState
2019-07-30 08:13:29,299 INFO  segmented.SegmentedRaftLogWorker (SegmentedRaftLogWorker.java:startLogSegment(380)) - f8715fb8-c4cb-4752-8a75-3623ffa79ca5-SegmentedRaftLogWorker:Storage Directory /workdir/hadoop-ozone/tools/target/test-dir/MiniOzoneClusterImpl-26a48605-c691-45de-8caa-9622e7b22942/datanode-4/data/ratis/d54b0249-add9-43c9-ba3f-cfbbfe38bc34: Starting segment from index:0
2019-07-30 08:13:29,300 INFO  impl.RaftServerImpl (ServerState.java:setRaftConf(361)) - f8715fb8-c4cb-4752-8a75-3623ffa79ca5:group-CFBBFE38BC34 set configuration 0: [f8715fb8-c4cb-4752-8a75-3623ffa79ca5:192.168.69.113:38438], old=null at 0
2019-07-30 08:13:29,470 INFO  segmented.SegmentedRaftLogWorker (SegmentedRaftLogWorker.java:execute(569)) - f8715fb8-c4cb-4752-8a75-3623ffa79ca5-SegmentedRaftLogWorker:Storage Directory /workdir/hadoop-ozone/tools/target/test-dir/MiniOzoneClusterImpl-26a48605-c691-45de-8caa-9622e7b22942/datanode-4/data/ratis/d54b0249-add9-43c9-ba3f-cfbbfe38bc34: created new log segment /workdir/hadoop-ozone/tools/target/test-dir/MiniOzoneClusterImpl-26a48605-c691-45de-8caa-9622e7b22942/datanode-4/data/ratis/d54b0249-add9-43c9-ba3f-cfbbfe38bc34/current/log_inprogress_0
2019-07-30 08:13:29,470 INFO  segmented.SegmentedRaftLogWorker (SegmentedRaftLogWorker.java:execute(569)) - a614e04a-4fed-4ae5-ba5e-e458cc4d95c0-SegmentedRaftLogWorker:Storage Directory /workdir/hadoop-ozone/tools/target/test-dir/MiniOzoneClusterImpl-26a48605-c691-45de-8caa-9622e7b22942/datanode-0/data/ratis/35b524f2-9c6e-4a83-bb57-4940ba827bca: created new log segment /workdir/hadoop-ozone/tools/target/test-dir/MiniOzoneClusterImpl-26a48605-c691-45de-8caa-9622e7b22942/datanode-0/data/ratis/35b524f2-9c6e-4a83-bb57-4940ba827bca/current/log_inprogress_0
2019-07-30 08:13:29,470 INFO  segmented.SegmentedRaftLogWorker (SegmentedRaftLogWorker.java:execute(569)) - 94b83ede-78cc-4b17-9c54-d7e0e5e6e3c6-SegmentedRaftLogWorker:Storage Directory /workdir/hadoop-ozone/tools/target/test-dir/MiniOzoneClusterImpl-26a48605-c691-45de-8caa-9622e7b22942/datanode-3/data/ratis/37a017fe-db0e-48ff-bd78-cb99f0fc4026: created new log segment /workdir/hadoop-ozone/tools/target/test-dir/MiniOzoneClusterImpl-26a48605-c691-45de-8caa-9622e7b22942/datanode-3/data/ratis/37a017fe-db0e-48ff-bd78-cb99f0fc4026/current/log_inprogress_0
2019-07-30 08:13:29,493 INFO  impl.FollowerState (FollowerState.java:run(106)) - f33898ba-2b62-4ce4-ab71-14aa87786dcc:group-79162A019F91 changes to CANDIDATE, lastRpcTime:5187, electionTimeout:5187ms
2019-07-30 08:13:29,495 INFO  impl.RoleInfo (RoleInfo.java:shutdownFollowerState(121)) - f33898ba-2b62-4ce4-ab71-14aa87786dcc: shutdown FollowerState
2019-07-30 08:13:29,495 INFO  impl.RaftServerImpl (RaftServerImpl.java:setRole(171)) - f33898ba-2b62-4ce4-ab71-14aa87786dcc:group-79162A019F91 changes role from FOLLOWER to CANDIDATE at term 0 for changeToCandidate
2019-07-30 08:13:29,495 INFO  impl.RoleInfo (RoleInfo.java:updateAndGet(143)) - f33898ba-2b62-4ce4-ab71-14aa87786dcc: start LeaderElection
2019-07-30 08:13:29,503 INFO  client.GrpcClientProtocolClient (GrpcClientProtocolClient.java:onNext(255)) - client-A2E709061908->f33898ba-2b62-4ce4-ab71-14aa87786dcc: receive RaftClientReply:client-A2E709061908->f33898ba-2b62-4ce4-ab71-14aa87786dcc@group-73344E003E3A, cid=8, FAILED org.apache.ratis.protocol.NotLeaderException: Server f33898ba-2b62-4ce4-ab71-14aa87786dcc is not the leader (null). Request must be sent to leader., logIndex=0, commits[f33898ba-2b62-4ce4-ab71-14aa87786dcc:c-1]
2019-07-30 08:13:29,515 INFO  impl.LeaderElection (LeaderElection.java:askForVotes(181)) - f33898ba-2b62-4ce4-ab71-14aa87786dcc:group-79162A019F91:LeaderElection4: begin an election at term 1 for -1: [f33898ba-2b62-4ce4-ab71-14aa87786dcc:192.168.69.113:45433], old=null
2019-07-30 08:13:29,517 INFO  impl.RoleInfo (RoleInfo.java:shutdownLeaderElection(134)) - f33898ba-2b62-4ce4-ab71-14aa87786dcc: shutdown LeaderElection
2019-07-30 08:13:29,517 INFO  impl.RaftServerImpl (RaftServerImpl.java:setRole(171)) - f33898ba-2b62-4ce4-ab71-14aa87786dcc:group-79162A019F91 changes role from CANDIDATE to LEADER at term 1 for changeToLeader
2019-07-30 08:13:29,517 INFO  impl.RaftServerImpl (ServerState.java:setLeader(263)) - f33898ba-2b62-4ce4-ab71-14aa87786dcc:group-79162A019F91 change Leader from null to f33898ba-2b62-4ce4-ab71-14aa87786dcc at term 1 for becomeLeader, leader elected after 5218ms
2019-07-30 08:13:29,519 INFO  server.RaftServerConfigKeys (ConfUtils.java:logGet(43)) - raft.server.staging.catchup.gap = 1000 (default)
2019-07-30 08:13:29,519 INFO  server.RaftServerConfigKeys (ConfUtils.java:logGet(43)) - raft.server.rpc.sleep.time = 25ms (default)
2019-07-30 08:13:29,519 INFO  server.RaftServerConfigKeys (ConfUtils.java:logGet(43)) - raft.server.write.element-limit = 4096 (default)
2019-07-30 08:13:29,519 INFO  server.RaftServerConfigKeys (ConfUtils.java:logGet(43)) - raft.server.watch.timeout = 10s (default)
2019-07-30 08:13:29,520 INFO  server.RaftServerConfigKeys (ConfUtils.java:logGet(43)) - raft.server.watch.timeout.denomination = 1s (default)
2019-07-30 08:13:29,520 INFO  server.RaftServerConfigKeys (ConfUtils.java:logGet(43)) - raft.server.watch.element-limit = 65536 (default)
2019-07-30 08:13:29,520 INFO  impl.RoleInfo (RoleInfo.java:updateAndGet(143)) - f33898ba-2b62-4ce4-ab71-14aa87786dcc: start LeaderState
2019-07-30 08:13:29,520 INFO  segmented.SegmentedRaftLogWorker (SegmentedRaftLogWorker.java:startLogSegment(380)) - f33898ba-2b62-4ce4-ab71-14aa87786dcc-SegmentedRaftLogWorker:Storage Directory /workdir/hadoop-ozone/tools/target/test-dir/MiniOzoneClusterImpl-26a48605-c691-45de-8caa-9622e7b22942/datanode-1/data/ratis/e275330d-b51e-4a82-b06c-79162a019f91: Starting segment from index:0
2019-07-30 08:13:29,521 INFO  impl.RaftServerImpl (ServerState.java:setRaftConf(361)) - f33898ba-2b62-4ce4-ab71-14aa87786dcc:group-79162A019F91 set configuration 0: [f33898ba-2b62-4ce4-ab71-14aa87786dcc:192.168.69.113:45433], old=null at 0
2019-07-30 08:13:29,542 INFO  impl.FollowerState (FollowerState.java:run(106)) - 48de5526-9c14-41bc-a2e2-943d0e7938e8:group-74AE7D56F650 changes to CANDIDATE, lastRpcTime:5159, electionTimeout:5159ms
2019-07-30 08:13:29,542 INFO  impl.RoleInfo (RoleInfo.java:shutdownFollowerState(121)) - 48de5526-9c14-41bc-a2e2-943d0e7938e8: shutdown FollowerState
2019-07-30 08:13:29,542 INFO  impl.RaftServerImpl (RaftServerImpl.java:setRole(171)) - 48de5526-9c14-41bc-a2e2-943d0e7938e8:group-74AE7D56F650 changes role from FOLLOWER to CANDIDATE at term 0 for changeToCandidate
2019-07-30 08:13:29,543 INFO  impl.RoleInfo (RoleInfo.java:updateAndGet(143)) - 48de5526-9c14-41bc-a2e2-943d0e7938e8: start LeaderElection
2019-07-30 08:13:29,553 INFO  segmented.SegmentedRaftLogWorker (SegmentedRaftLogWorker.java:execute(569)) - f33898ba-2b62-4ce4-ab71-14aa87786dcc-SegmentedRaftLogWorker:Storage Directory /workdir/hadoop-ozone/tools/target/test-dir/MiniOzoneClusterImpl-26a48605-c691-45de-8caa-9622e7b22942/datanode-1/data/ratis/e275330d-b51e-4a82-b06c-79162a019f91: created new log segment /workdir/hadoop-ozone/tools/target/test-dir/MiniOzoneClusterImpl-26a48605-c691-45de-8caa-9622e7b22942/datanode-1/data/ratis/e275330d-b51e-4a82-b06c-79162a019f91/current/log_inprogress_0
2019-07-30 08:13:29,553 INFO  impl.LeaderElection (LeaderElection.java:askForVotes(181)) - 48de5526-9c14-41bc-a2e2-943d0e7938e8:group-74AE7D56F650:LeaderElection5: begin an election at term 1 for -1: [48de5526-9c14-41bc-a2e2-943d0e7938e8:192.168.69.113:36216], old=null
2019-07-30 08:13:29,553 INFO  impl.RoleInfo (RoleInfo.java:shutdownLeaderElection(134)) - 48de5526-9c14-41bc-a2e2-943d0e7938e8: shutdown LeaderElection
2019-07-30 08:13:29,553 INFO  impl.RaftServerImpl (RaftServerImpl.java:setRole(171)) - 48de5526-9c14-41bc-a2e2-943d0e7938e8:group-74AE7D56F650 changes role from CANDIDATE to LEADER at term 1 for changeToLeader
2019-07-30 08:13:29,553 INFO  impl.RaftServerImpl (ServerState.java:setLeader(263)) - 48de5526-9c14-41bc-a2e2-943d0e7938e8:group-74AE7D56F650 change Leader from null to 48de5526-9c14-41bc-a2e2-943d0e7938e8 at term 1 for becomeLeader, leader elected after 5177ms
2019-07-30 08:13:29,555 INFO  server.RaftServerConfigKeys (ConfUtils.java:logGet(43)) - raft.server.staging.catchup.gap = 1000 (default)
2019-07-30 08:13:29,555 INFO  server.RaftServerConfigKeys (ConfUtils.java:logGet(43)) - raft.server.rpc.sleep.time = 25ms (default)
2019-07-30 08:13:29,555 INFO  server.RaftServerConfigKeys (ConfUtils.java:logGet(43)) - raft.server.write.element-limit = 4096 (default)
2019-07-30 08:13:29,556 INFO  server.RaftServerConfigKeys (ConfUtils.java:logGet(43)) - raft.server.watch.timeout = 10s (default)
2019-07-30 08:13:29,556 INFO  server.RaftServerConfigKeys (ConfUtils.java:logGet(43)) - raft.server.watch.timeout.denomination = 1s (default)
2019-07-30 08:13:29,556 INFO  server.RaftServerConfigKeys (ConfUtils.java:logGet(43)) - raft.server.watch.element-limit = 65536 (default)
2019-07-30 08:13:29,556 INFO  impl.RoleInfo (RoleInfo.java:updateAndGet(143)) - 48de5526-9c14-41bc-a2e2-943d0e7938e8: start LeaderState
2019-07-30 08:13:29,557 INFO  segmented.SegmentedRaftLogWorker (SegmentedRaftLogWorker.java:startLogSegment(380)) - 48de5526-9c14-41bc-a2e2-943d0e7938e8-SegmentedRaftLogWorker:Storage Directory /workdir/hadoop-ozone/tools/target/test-dir/MiniOzoneClusterImpl-26a48605-c691-45de-8caa-9622e7b22942/datanode-2/data/ratis/fb750aee-da75-469a-81cd-74ae7d56f650: Starting segment from index:0
2019-07-30 08:13:29,557 INFO  impl.RaftServerImpl (ServerState.java:setRaftConf(361)) - 48de5526-9c14-41bc-a2e2-943d0e7938e8:group-74AE7D56F650 set configuration 0: [48de5526-9c14-41bc-a2e2-943d0e7938e8:192.168.69.113:36216], old=null at 0
2019-07-30 08:13:29,587 INFO  segmented.SegmentedRaftLogWorker (SegmentedRaftLogWorker.java:execute(569)) - 48de5526-9c14-41bc-a2e2-943d0e7938e8-SegmentedRaftLogWorker:Storage Directory /workdir/hadoop-ozone/tools/target/test-dir/MiniOzoneClusterImpl-26a48605-c691-45de-8caa-9622e7b22942/datanode-2/data/ratis/fb750aee-da75-469a-81cd-74ae7d56f650: created new log segment /workdir/hadoop-ozone/tools/target/test-dir/MiniOzoneClusterImpl-26a48605-c691-45de-8caa-9622e7b22942/datanode-2/data/ratis/fb750aee-da75-469a-81cd-74ae7d56f650/current/log_inprogress_0
2019-07-30 08:13:29,591 INFO  impl.FollowerState (FollowerState.java:run(106)) - f33898ba-2b62-4ce4-ab71-14aa87786dcc:group-73344E003E3A changes to CANDIDATE, lastRpcTime:5080, electionTimeout:5078ms
2019-07-30 08:13:29,591 INFO  impl.RoleInfo (RoleInfo.java:shutdownFollowerState(121)) - f33898ba-2b62-4ce4-ab71-14aa87786dcc: shutdown FollowerState
2019-07-30 08:13:29,591 INFO  impl.RaftServerImpl (RaftServerImpl.java:setRole(171)) - f33898ba-2b62-4ce4-ab71-14aa87786dcc:group-73344E003E3A changes role from FOLLOWER to CANDIDATE at term 0 for changeToCandidate
2019-07-30 08:13:29,591 INFO  impl.RoleInfo (RoleInfo.java:updateAndGet(143)) - f33898ba-2b62-4ce4-ab71-14aa87786dcc: start LeaderElection
2019-07-30 08:13:29,602 INFO  impl.LeaderElection (LeaderElection.java:askForVotes(181)) - f33898ba-2b62-4ce4-ab71-14aa87786dcc:group-73344E003E3A:LeaderElection6: begin an election at term 1 for -1: [f8715fb8-c4cb-4752-8a75-3623ffa79ca5:192.168.69.113:38438, 94b83ede-78cc-4b17-9c54-d7e0e5e6e3c6:192.168.69.113:36775, f33898ba-2b62-4ce4-ab71-14aa87786dcc:192.168.69.113:45433], old=null
2019-07-30 08:13:29,630 INFO  impl.FollowerState (FollowerState.java:run(106)) - 94b83ede-78cc-4b17-9c54-d7e0e5e6e3c6:group-73344E003E3A changes to CANDIDATE, lastRpcTime:5118, electionTimeout:5115ms
2019-07-30 08:13:29,630 INFO  impl.RoleInfo (RoleInfo.java:shutdownFollowerState(121)) - 94b83ede-78cc-4b17-9c54-d7e0e5e6e3c6: shutdown FollowerState
2019-07-30 08:13:29,631 INFO  impl.RaftServerImpl (RaftServerImpl.java:setRole(171)) - 94b83ede-78cc-4b17-9c54-d7e0e5e6e3c6:group-73344E003E3A changes role from FOLLOWER to CANDIDATE at term 0 for changeToCandidate
2019-07-30 08:13:29,631 INFO  impl.RoleInfo (RoleInfo.java:updateAndGet(143)) - 94b83ede-78cc-4b17-9c54-d7e0e5e6e3c6: start LeaderElection
2019-07-30 08:13:29,638 INFO  impl.RaftServerImpl (RaftServerImpl.java:setRole(171)) - f8715fb8-c4cb-4752-8a75-3623ffa79ca5:group-73344E003E3A changes role from FOLLOWER to FOLLOWER at term 1 for recognizeCandidate:f33898ba-2b62-4ce4-ab71-14aa87786dcc
2019-07-30 08:13:29,638 INFO  impl.RoleInfo (RoleInfo.java:shutdownFollowerState(121)) - f8715fb8-c4cb-4752-8a75-3623ffa79ca5: shutdown FollowerState
2019-07-30 08:13:29,638 INFO  impl.RoleInfo (RoleInfo.java:updateAndGet(143)) - f8715fb8-c4cb-4752-8a75-3623ffa79ca5: start FollowerState
2019-07-30 08:13:29,638 INFO  impl.FollowerState (FollowerState.java:run(114)) - f8715fb8-c4cb-4752-8a75-3623ffa79ca5: FollowerState was interrupted: java.lang.InterruptedException: sleep interrupted
2019-07-30 08:13:29,648 INFO  impl.LeaderElection (LeaderElection.java:askForVotes(181)) - 94b83ede-78cc-4b17-9c54-d7e0e5e6e3c6:group-73344E003E3A:LeaderElection7: begin an election at term 1 for -1: [f8715fb8-c4cb-4752-8a75-3623ffa79ca5:192.168.69.113:38438, 94b83ede-78cc-4b17-9c54-d7e0e5e6e3c6:192.168.69.113:36775, f33898ba-2b62-4ce4-ab71-14aa87786dcc:192.168.69.113:45433], old=null
2019-07-30 08:13:29,663 INFO  impl.LeaderElection (LeaderElection.java:logAndReturn(56)) - f33898ba-2b62-4ce4-ab71-14aa87786dcc:group-73344E003E3A:LeaderElection6: Election PASSED; received 2 response(s) [f33898ba-2b62-4ce4-ab71-14aa87786dcc<-f8715fb8-c4cb-4752-8a75-3623ffa79ca5#0:OK-t1, f33898ba-2b62-4ce4-ab71-14aa87786dcc<-94b83ede-78cc-4b17-9c54-d7e0e5e6e3c6#0:FAIL-t1] and 0 exception(s); f33898ba-2b62-4ce4-ab71-14aa87786dcc:t1, leader=null, voted=f33898ba-2b62-4ce4-ab71-14aa87786dcc, raftlog=f33898ba-2b62-4ce4-ab71-14aa87786dcc-SegmentedRaftLog:OPENED:c-1,f-1,i0, conf=-1: [f8715fb8-c4cb-4752-8a75-3623ffa79ca5:192.168.69.113:38438, 94b83ede-78cc-4b17-9c54-d7e0e5e6e3c6:192.168.69.113:36775, f33898ba-2b62-4ce4-ab71-14aa87786dcc:192.168.69.113:45433], old=null
2019-07-30 08:13:29,664 INFO  impl.RoleInfo (RoleInfo.java:shutdownLeaderElection(134)) - f33898ba-2b62-4ce4-ab71-14aa87786dcc: shutdown LeaderElection
2019-07-30 08:13:29,664 INFO  impl.RaftServerImpl (RaftServerImpl.java:setRole(171)) - f33898ba-2b62-4ce4-ab71-14aa87786dcc:group-73344E003E3A changes role from CANDIDATE to LEADER at term 1 for changeToLeader
2019-07-30 08:13:29,666 INFO  impl.RaftServerImpl (ServerState.java:setLeader(263)) - f33898ba-2b62-4ce4-ab71-14aa87786dcc:group-73344E003E3A change Leader from null to f33898ba-2b62-4ce4-ab71-14aa87786dcc at term 1 for becomeLeader, leader elected after 5179ms
2019-07-30 08:13:29,667 INFO  server.RaftServerConfigKeys (ConfUtils.java:logGet(43)) - raft.server.staging.catchup.gap = 1000 (default)
2019-07-30 08:13:29,668 INFO  server.RaftServerConfigKeys (ConfUtils.java:logGet(43)) - raft.server.rpc.sleep.time = 25ms (default)
2019-07-30 08:13:29,668 INFO  server.RaftServerConfigKeys (ConfUtils.java:logGet(43)) - raft.server.write.element-limit = 4096 (default)
2019-07-30 08:13:29,668 INFO  server.RaftServerConfigKeys (ConfUtils.java:logGet(43)) - raft.server.watch.timeout = 10s (default)
2019-07-30 08:13:29,668 INFO  server.RaftServerConfigKeys (ConfUtils.java:logGet(43)) - raft.server.watch.timeout.denomination = 1s (default)
2019-07-30 08:13:29,668 INFO  server.RaftServerConfigKeys (ConfUtils.java:logGet(43)) - raft.server.watch.element-limit = 65536 (default)
2019-07-30 08:13:29,674 INFO  server.RaftServerConfigKeys (ConfUtils.java:logGet(43)) - raft.server.log.appender.snapshot.chunk.size.max = 16MB (=16777216) (default)
2019-07-30 08:13:29,674 INFO  server.RaftServerConfigKeys (ConfUtils.java:logGet(43)) - raft.server.log.appender.buffer.byte-limit = 33554432 (custom)
2019-07-30 08:13:29,675 INFO  server.RaftServerConfigKeys (ConfUtils.java:logGet(43)) - raft.server.log.appender.buffer.element-limit = 1 (custom)
2019-07-30 08:13:29,682 INFO  grpc.GrpcConfigKeys$Server (ConfUtils.java:logGet(43)) - raft.grpc.server.leader.outstanding.appends.max = 128 (default)
2019-07-30 08:13:29,688 INFO  server.RaftServerConfigKeys (ConfUtils.java:logGet(43)) - raft.server.rpc.request.timeout = 3000ms (default)
2019-07-30 08:13:29,688 INFO  server.RaftServerConfigKeys (ConfUtils.java:logGet(43)) - raft.server.log.appender.install.snapshot.enabled = false (custom)
2019-07-30 08:13:29,688 INFO  server.RaftServerConfigKeys (ConfUtils.java:logGet(43)) - raft.server.log.appender.snapshot.chunk.size.max = 16MB (=16777216) (default)
2019-07-30 08:13:29,688 INFO  server.RaftServerConfigKeys (ConfUtils.java:logGet(43)) - raft.server.log.appender.buffer.byte-limit = 33554432 (custom)
2019-07-30 08:13:29,688 INFO  server.RaftServerConfigKeys (ConfUtils.java:logGet(43)) - raft.server.log.appender.buffer.element-limit = 1 (custom)
2019-07-30 08:13:29,689 INFO  grpc.GrpcConfigKeys$Server (ConfUtils.java:logGet(43)) - raft.grpc.server.leader.outstanding.appends.max = 128 (default)
2019-07-30 08:13:29,689 INFO  server.RaftServerConfigKeys (ConfUtils.java:logGet(43)) - raft.server.rpc.request.timeout = 3000ms (default)
2019-07-30 08:13:29,689 INFO  server.RaftServerConfigKeys (ConfUtils.java:logGet(43)) - raft.server.log.appender.install.snapshot.enabled = false (custom)
2019-07-30 08:13:29,691 INFO  impl.RoleInfo (RoleInfo.java:updateAndGet(143)) - f33898ba-2b62-4ce4-ab71-14aa87786dcc: start LeaderState
2019-07-30 08:13:29,691 INFO  segmented.SegmentedRaftLogWorker (SegmentedRaftLogWorker.java:startLogSegment(380)) - f33898ba-2b62-4ce4-ab71-14aa87786dcc-SegmentedRaftLogWorker:Storage Directory /workdir/hadoop-ozone/tools/target/test-dir/MiniOzoneClusterImpl-26a48605-c691-45de-8caa-9622e7b22942/datanode-1/data/ratis/6866cdb4-4d1f-4a1e-b34a-73344e003e3a: Starting segment from index:0
2019-07-30 08:13:29,692 INFO  impl.RaftServerImpl (ServerState.java:setRaftConf(361)) - f33898ba-2b62-4ce4-ab71-14aa87786dcc:group-73344E003E3A set configuration 0: [f8715fb8-c4cb-4752-8a75-3623ffa79ca5:192.168.69.113:38438, 94b83ede-78cc-4b17-9c54-d7e0e5e6e3c6:192.168.69.113:36775, f33898ba-2b62-4ce4-ab71-14aa87786dcc:192.168.69.113:45433], old=null at 0
2019-07-30 08:13:29,711 INFO  impl.RaftServerImpl (RaftServerImpl.java:requestVote(754)) - f33898ba-2b62-4ce4-ab71-14aa87786dcc-LEADER: Withhold vote from candidate 94b83ede-78cc-4b17-9c54-d7e0e5e6e3c6 with term 1. State: leader=f33898ba-2b62-4ce4-ab71-14aa87786dcc, term=1, lastRpcElapsed=null
2019-07-30 08:13:29,721 INFO  impl.LeaderElection (LeaderElection.java:logAndReturn(56)) - 94b83ede-78cc-4b17-9c54-d7e0e5e6e3c6:group-73344E003E3A:LeaderElection7: Election REJECTED; received 2 response(s) [94b83ede-78cc-4b17-9c54-d7e0e5e6e3c6<-f8715fb8-c4cb-4752-8a75-3623ffa79ca5#0:FAIL-t1, 94b83ede-78cc-4b17-9c54-d7e0e5e6e3c6<-f33898ba-2b62-4ce4-ab71-14aa87786dcc#0:FAIL-t1] and 0 exception(s); 94b83ede-78cc-4b17-9c54-d7e0e5e6e3c6:t1, leader=null, voted=94b83ede-78cc-4b17-9c54-d7e0e5e6e3c6, raftlog=94b83ede-78cc-4b17-9c54-d7e0e5e6e3c6-SegmentedRaftLog:OPENED:c-1,f-1,i0, conf=-1: [f8715fb8-c4cb-4752-8a75-3623ffa79ca5:192.168.69.113:38438, 94b83ede-78cc-4b17-9c54-d7e0e5e6e3c6:192.168.69.113:36775, f33898ba-2b62-4ce4-ab71-14aa87786dcc:192.168.69.113:45433], old=null
2019-07-30 08:13:29,721 INFO  impl.RaftServerImpl (RaftServerImpl.java:setRole(171)) - 94b83ede-78cc-4b17-9c54-d7e0e5e6e3c6:group-73344E003E3A changes role from CANDIDATE to FOLLOWER at term 1 for DISCOVERED_A_NEW_TERM
2019-07-30 08:13:29,726 INFO  impl.RoleInfo (RoleInfo.java:shutdownLeaderElection(134)) - 94b83ede-78cc-4b17-9c54-d7e0e5e6e3c6: shutdown LeaderElection
2019-07-30 08:13:29,726 INFO  impl.RoleInfo (RoleInfo.java:updateAndGet(143)) - 94b83ede-78cc-4b17-9c54-d7e0e5e6e3c6: start FollowerState
2019-07-30 08:13:29,741 INFO  segmented.SegmentedRaftLogWorker (SegmentedRaftLogWorker.java:execute(569)) - f33898ba-2b62-4ce4-ab71-14aa87786dcc-SegmentedRaftLogWorker:Storage Directory /workdir/hadoop-ozone/tools/target/test-dir/MiniOzoneClusterImpl-26a48605-c691-45de-8caa-9622e7b22942/datanode-1/data/ratis/6866cdb4-4d1f-4a1e-b34a-73344e003e3a: created new log segment /workdir/hadoop-ozone/tools/target/test-dir/MiniOzoneClusterImpl-26a48605-c691-45de-8caa-9622e7b22942/datanode-1/data/ratis/6866cdb4-4d1f-4a1e-b34a-73344e003e3a/current/log_inprogress_0
2019-07-30 08:13:29,743 INFO  impl.RaftServerImpl (ServerState.java:setLeader(263)) - 94b83ede-78cc-4b17-9c54-d7e0e5e6e3c6:group-73344E003E3A change Leader from null to f33898ba-2b62-4ce4-ab71-14aa87786dcc at term 1 for appendEntries, leader elected after 5256ms
2019-07-30 08:13:29,743 INFO  impl.RaftServerImpl (ServerState.java:setLeader(263)) - f8715fb8-c4cb-4752-8a75-3623ffa79ca5:group-73344E003E3A change Leader from null to f33898ba-2b62-4ce4-ab71-14aa87786dcc at term 1 for appendEntries, leader elected after 5255ms
2019-07-30 08:13:29,778 INFO  impl.RaftServerImpl (ServerState.java:setRaftConf(361)) - f8715fb8-c4cb-4752-8a75-3623ffa79ca5:group-73344E003E3A set configuration 0: [f8715fb8-c4cb-4752-8a75-3623ffa79ca5:192.168.69.113:38438, 94b83ede-78cc-4b17-9c54-d7e0e5e6e3c6:192.168.69.113:36775, f33898ba-2b62-4ce4-ab71-14aa87786dcc:192.168.69.113:45433], old=null at 0
2019-07-30 08:13:29,778 INFO  impl.RaftServerImpl (ServerState.java:setRaftConf(361)) - 94b83ede-78cc-4b17-9c54-d7e0e5e6e3c6:group-73344E003E3A set configuration 0: [f8715fb8-c4cb-4752-8a75-3623ffa79ca5:192.168.69.113:38438, 94b83ede-78cc-4b17-9c54-d7e0e5e6e3c6:192.168.69.113:36775, f33898ba-2b62-4ce4-ab71-14aa87786dcc:192.168.69.113:45433], old=null at 0
2019-07-30 08:13:29,778 INFO  segmented.SegmentedRaftLogWorker (SegmentedRaftLogWorker.java:startLogSegment(380)) - f8715fb8-c4cb-4752-8a75-3623ffa79ca5-SegmentedRaftLogWorker:Storage Directory /workdir/hadoop-ozone/tools/target/test-dir/MiniOzoneClusterImpl-26a48605-c691-45de-8caa-9622e7b22942/datanode-4/data/ratis/6866cdb4-4d1f-4a1e-b34a-73344e003e3a: Starting segment from index:0
2019-07-30 08:13:29,778 INFO  segmented.SegmentedRaftLogWorker (SegmentedRaftLogWorker.java:startLogSegment(380)) - 94b83ede-78cc-4b17-9c54-d7e0e5e6e3c6-SegmentedRaftLogWorker:Storage Directory /workdir/hadoop-ozone/tools/target/test-dir/MiniOzoneClusterImpl-26a48605-c691-45de-8caa-9622e7b22942/datanode-3/data/ratis/6866cdb4-4d1f-4a1e-b34a-73344e003e3a: Starting segment from index:0
2019-07-30 08:13:29,809 INFO  segmented.SegmentedRaftLogWorker (SegmentedRaftLogWorker.java:execute(569)) - f8715fb8-c4cb-4752-8a75-3623ffa79ca5-SegmentedRaftLogWorker:Storage Directory /workdir/hadoop-ozone/tools/target/test-dir/MiniOzoneClusterImpl-26a48605-c691-45de-8caa-9622e7b22942/datanode-4/data/ratis/6866cdb4-4d1f-4a1e-b34a-73344e003e3a: created new log segment /workdir/hadoop-ozone/tools/target/test-dir/MiniOzoneClusterImpl-26a48605-c691-45de-8caa-9622e7b22942/datanode-4/data/ratis/6866cdb4-4d1f-4a1e-b34a-73344e003e3a/current/log_inprogress_0
2019-07-30 08:13:29,809 INFO  segmented.SegmentedRaftLogWorker (SegmentedRaftLogWorker.java:execute(569)) - 94b83ede-78cc-4b17-9c54-d7e0e5e6e3c6-SegmentedRaftLogWorker:Storage Directory /workdir/hadoop-ozone/tools/target/test-dir/MiniOzoneClusterImpl-26a48605-c691-45de-8caa-9622e7b22942/datanode-3/data/ratis/6866cdb4-4d1f-4a1e-b34a-73344e003e3a: created new log segment /workdir/hadoop-ozone/tools/target/test-dir/MiniOzoneClusterImpl-26a48605-c691-45de-8caa-9622e7b22942/datanode-3/data/ratis/6866cdb4-4d1f-4a1e-b34a-73344e003e3a/current/log_inprogress_0
 0.00% |█                                                                                                    |  0/1 Time: 0:00:052019-07-30 08:13:30,538 INFO  client.GrpcClientProtocolClient (GrpcClientProtocolClient.java:onNext(255)) - client-A2E709061908->f8715fb8-c4cb-4752-8a75-3623ffa79ca5: receive RaftClientReply:client-A2E709061908->f8715fb8-c4cb-4752-8a75-3623ffa79ca5@group-73344E003E3A, cid=8, FAILED org.apache.ratis.protocol.NotLeaderException: Server f8715fb8-c4cb-4752-8a75-3623ffa79ca5 is not the leader (f33898ba-2b62-4ce4-ab71-14aa87786dcc:192.168.69.113:45433). Request must be sent to leader., logIndex=0, commits[f8715fb8-c4cb-4752-8a75-3623ffa79ca5:c0, 94b83ede-78cc-4b17-9c54-d7e0e5e6e3c6:c-1, f33898ba-2b62-4ce4-ab71-14aa87786dcc:c0]
2019-07-30 08:13:30,888 INFO  client.GrpcClientProtocolClient (GrpcClientProtocolClient.java:onNext(255)) - client-A2E709061908->f33898ba-2b62-4ce4-ab71-14aa87786dcc: receive RaftClientReply:client-A2E709061908->f33898ba-2b62-4ce4-ab71-14aa87786dcc@group-73344E003E3A, cid=8, SUCCESS, logIndex=1, commits[f33898ba-2b62-4ce4-ab71-14aa87786dcc:c1, f8715fb8-c4cb-4752-8a75-3623ffa79ca5:c1, 94b83ede-78cc-4b17-9c54-d7e0e5e6e3c6:c1]
 0.00% |█                                                                                                    |  0/1 Time: 0:00:062019-07-30 08:13:31,001 INFO  client.GrpcClientProtocolClient (GrpcClientProtocolClient.java:onNext(255)) - client-A2E709061908->f33898ba-2b62-4ce4-ab71-14aa87786dcc: receive RaftClientReply:client-A2E709061908->f33898ba-2b62-4ce4-ab71-14aa87786dcc@group-73344E003E3A, cid=9, SUCCESS, logIndex=3, commits[f33898ba-2b62-4ce4-ab71-14aa87786dcc:c8, f8715fb8-c4cb-4752-8a75-3623ffa79ca5:c6, 94b83ede-78cc-4b17-9c54-d7e0e5e6e3c6:c5]
2019-07-30 08:13:31,005 INFO  client.GrpcClientProtocolClient (GrpcClientProtocolClient.java:onNext(255)) - client-A2E709061908->f33898ba-2b62-4ce4-ab71-14aa87786dcc: receive RaftClientReply:client-A2E709061908->f33898ba-2b62-4ce4-ab71-14aa87786dcc@group-73344E003E3A, cid=10, SUCCESS, logIndex=4, commits[f33898ba-2b62-4ce4-ab71-14aa87786dcc:c8, f8715fb8-c4cb-4752-8a75-3623ffa79ca5:c6, 94b83ede-78cc-4b17-9c54-d7e0e5e6e3c6:c5]
2019-07-30 08:13:31,087 INFO  client.GrpcClientProtocolClient (GrpcClientProtocolClient.java:onNext(255)) - client-A2E709061908->f33898ba-2b62-4ce4-ab71-14aa87786dcc: receive RaftClientReply:client-A2E709061908->f33898ba-2b62-4ce4-ab71-14aa87786dcc@group-73344E003E3A, cid=11, SUCCESS, logIndex=5, commits[f33898ba-2b62-4ce4-ab71-14aa87786dcc:c8, f8715fb8-c4cb-4752-8a75-3623ffa79ca5:c6, 94b83ede-78cc-4b17-9c54-d7e0e5e6e3c6:c5]
2019-07-30 08:13:31,153 INFO  client.GrpcClientProtocolClient (GrpcClientProtocolClient.java:onNext(255)) - client-A2E709061908->f33898ba-2b62-4ce4-ab71-14aa87786dcc: receive RaftClientReply:client-A2E709061908->f33898ba-2b62-4ce4-ab71-14aa87786dcc@group-73344E003E3A, cid=12, SUCCESS, logIndex=9, commits[f33898ba-2b62-4ce4-ab71-14aa87786dcc:c10, f8715fb8-c4cb-4752-8a75-3623ffa79ca5:c8, 94b83ede-78cc-4b17-9c54-d7e0e5e6e3c6:c8]
2019-07-30 08:13:31,162 INFO  client.GrpcClientProtocolClient (GrpcClientProtocolClient.java:onNext(255)) - client-A2E709061908->f33898ba-2b62-4ce4-ab71-14aa87786dcc: receive RaftClientReply:client-A2E709061908->f33898ba-2b62-4ce4-ab71-14aa87786dcc@group-73344E003E3A, cid=13, SUCCESS, logIndex=10, commits[f33898ba-2b62-4ce4-ab71-14aa87786dcc:c12, f8715fb8-c4cb-4752-8a75-3623ffa79ca5:c8, 94b83ede-78cc-4b17-9c54-d7e0e5e6e3c6:c8]
2019-07-30 08:13:31,163 INFO  client.GrpcClientProtocolClient (GrpcClientProtocolClient.java:onNext(255)) - client-A2E709061908->f33898ba-2b62-4ce4-ab71-14aa87786dcc: receive RaftClientReply:client-A2E709061908->f33898ba-2b62-4ce4-ab71-14aa87786dcc@group-73344E003E3A, cid=14, SUCCESS, logIndex=11, commits[f33898ba-2b62-4ce4-ab71-14aa87786dcc:c12, f8715fb8-c4cb-4752-8a75-3623ffa79ca5:c8, 94b83ede-78cc-4b17-9c54-d7e0e5e6e3c6:c8]
2019-07-30 08:13:31,165 INFO  client.GrpcClientProtocolClient (GrpcClientProtocolClient.java:onNext(255)) - client-A2E709061908->f33898ba-2b62-4ce4-ab71-14aa87786dcc: receive RaftClientReply:client-A2E709061908->f33898ba-2b62-4ce4-ab71-14aa87786dcc@group-73344E003E3A, cid=15, SUCCESS, logIndex=12, commits[f33898ba-2b62-4ce4-ab71-14aa87786dcc:c12, f8715fb8-c4cb-4752-8a75-3623ffa79ca5:c8, 94b83ede-78cc-4b17-9c54-d7e0e5e6e3c6:c8]
2019-07-30 08:13:31,185 INFO  client.GrpcClientProtocolClient (GrpcClientProtocolClient.java:onNext(255)) - client-A2E709061908->f33898ba-2b62-4ce4-ab71-14aa87786dcc: receive RaftClientReply:client-A2E709061908->f33898ba-2b62-4ce4-ab71-14aa87786dcc@group-73344E003E3A, cid=16, SUCCESS, logIndex=0, commits[f33898ba-2b62-4ce4-ab71-14aa87786dcc:c16, f8715fb8-c4cb-4752-8a75-3623ffa79ca5:c12, 94b83ede-78cc-4b17-9c54-d7e0e5e6e3c6:c12]
2019-07-30 08:13:31,190 INFO  client.GrpcClientProtocolClient (GrpcClientProtocolClient.java:onNext(255)) - client-A2E709061908->f33898ba-2b62-4ce4-ab71-14aa87786dcc: receive RaftClientReply:client-A2E709061908->f33898ba-2b62-4ce4-ab71-14aa87786dcc@group-73344E003E3A, cid=17, SUCCESS, logIndex=0, commits[f33898ba-2b62-4ce4-ab71-14aa87786dcc:c16, f8715fb8-c4cb-4752-8a75-3623ffa79ca5:c12, 94b83ede-78cc-4b17-9c54-d7e0e5e6e3c6:c12]
2019-07-30 08:13:31,320 INFO  client.GrpcClientProtocolClient (GrpcClientProtocolClient.java:onNext(255)) - client-A2E709061908->f33898ba-2b62-4ce4-ab71-14aa87786dcc: receive RaftClientReply:client-A2E709061908->f33898ba-2b62-4ce4-ab71-14aa87786dcc@group-73344E003E3A, cid=18, SUCCESS, logIndex=17, commits[f33898ba-2b62-4ce4-ab71-14aa87786dcc:c20, f8715fb8-c4cb-4752-8a75-3623ffa79ca5:c16, 94b83ede-78cc-4b17-9c54-d7e0e5e6e3c6:c16]
2019-07-30 08:13:31,364 INFO  client.GrpcClientProtocolClient (GrpcClientProtocolClient.java:onNext(255)) - client-A2E709061908->f33898ba-2b62-4ce4-ab71-14aa87786dcc: receive RaftClientReply:client-A2E709061908->f33898ba-2b62-4ce4-ab71-14aa87786dcc@group-73344E003E3A, cid=19, SUCCESS, logIndex=18, commits[f33898ba-2b62-4ce4-ab71-14aa87786dcc:c24, f8715fb8-c4cb-4752-8a75-3623ffa79ca5:c20, 94b83ede-78cc-4b17-9c54-d7e0e5e6e3c6:c20]
2019-07-30 08:13:31,365 INFO  client.GrpcClientProtocolClient (GrpcClientProtocolClient.java:onNext(255)) - client-A2E709061908->f33898ba-2b62-4ce4-ab71-14aa87786dcc: receive RaftClientReply:client-A2E709061908->f33898ba-2b62-4ce4-ab71-14aa87786dcc@group-73344E003E3A, cid=20, SUCCESS, logIndex=19, commits[f33898ba-2b62-4ce4-ab71-14aa87786dcc:c24, f8715fb8-c4cb-4752-8a75-3623ffa79ca5:c20, 94b83ede-78cc-4b17-9c54-d7e0e5e6e3c6:c20]
2019-07-30 08:13:31,464 INFO  client.GrpcClientProtocolClient (GrpcClientProtocolClient.java:onNext(255)) - client-A2E709061908->f33898ba-2b62-4ce4-ab71-14aa87786dcc: receive RaftClientReply:client-A2E709061908->f33898ba-2b62-4ce4-ab71-14aa87786dcc@group-73344E003E3A, cid=21, SUCCESS, logIndex=20, commits[f33898ba-2b62-4ce4-ab71-14aa87786dcc:c24, f8715fb8-c4cb-4752-8a75-3623ffa79ca5:c20, 94b83ede-78cc-4b17-9c54-d7e0e5e6e3c6:c20]
2019-07-30 08:13:31,518 INFO  client.GrpcClientProtocolClient (GrpcClientProtocolClient.java:onNext(255)) - client-A2E709061908->f33898ba-2b62-4ce4-ab71-14aa87786dcc: receive RaftClientReply:client-A2E709061908->f33898ba-2b62-4ce4-ab71-14aa87786dcc@group-73344E003E3A, cid=22, SUCCESS, logIndex=25, commits[f33898ba-2b62-4ce4-ab71-14aa87786dcc:c26, f8715fb8-c4cb-4752-8a75-3623ffa79ca5:c20, 94b83ede-78cc-4b17-9c54-d7e0e5e6e3c6:c24]
2019-07-30 08:13:31,518 INFO  client.GrpcClientProtocolClient (GrpcClientProtocolClient.java:onNext(255)) - client-A2E709061908->f33898ba-2b62-4ce4-ab71-14aa87786dcc: receive RaftClientReply:client-A2E709061908->f33898ba-2b62-4ce4-ab71-14aa87786dcc@group-73344E003E3A, cid=23, SUCCESS, logIndex=26, commits[f33898ba-2b62-4ce4-ab71-14aa87786dcc:c26, f8715fb8-c4cb-4752-8a75-3623ffa79ca5:c20, 94b83ede-78cc-4b17-9c54-d7e0e5e6e3c6:c24]
2019-07-30 08:13:31,533 INFO  client.GrpcClientProtocolClient (GrpcClientProtocolClient.java:onNext(255)) - client-A2E709061908->f33898ba-2b62-4ce4-ab71-14aa87786dcc: receive RaftClientReply:client-A2E709061908->f33898ba-2b62-4ce4-ab71-14aa87786dcc@group-73344E003E3A, cid=24, SUCCESS, logIndex=27, commits[f33898ba-2b62-4ce4-ab71-14aa87786dcc:c28, f8715fb8-c4cb-4752-8a75-3623ffa79ca5:c24, 94b83ede-78cc-4b17-9c54-d7e0e5e6e3c6:c26]
2019-07-30 08:13:31,534 INFO  client.GrpcClientProtocolClient (GrpcClientProtocolClient.java:onNext(255)) - client-A2E709061908->f33898ba-2b62-4ce4-ab71-14aa87786dcc: receive RaftClientReply:client-A2E709061908->f33898ba-2b62-4ce4-ab71-14aa87786dcc@group-73344E003E3A, cid=25, SUCCESS, logIndex=28, commits[f33898ba-2b62-4ce4-ab71-14aa87786dcc:c30, f8715fb8-c4cb-4752-8a75-3623ffa79ca5:c26, 94b83ede-78cc-4b17-9c54-d7e0e5e6e3c6:c26]
2019-07-30 08:13:31,545 INFO  client.GrpcClientProtocolClient (GrpcClientProtocolClient.java:onNext(255)) - client-A2E709061908->f33898ba-2b62-4ce4-ab71-14aa87786dcc: receive RaftClientReply:client-A2E709061908->f33898ba-2b62-4ce4-ab71-14aa87786dcc@group-73344E003E3A, cid=26, SUCCESS, logIndex=0, commits[f33898ba-2b62-4ce4-ab71-14aa87786dcc:c31, f8715fb8-c4cb-4752-8a75-3623ffa79ca5:c28, 94b83ede-78cc-4b17-9c54-d7e0e5e6e3c6:c28]
2019-07-30 08:13:31,557 INFO  keyvalue.KeyValueHandler (ContainerUtils.java:logAndReturnError(146)) - Operation: CreateContainer : Trace ID: aa515dadd34064ac:d79f300217b8c174:e20c9d8d14a6463b:0 : Message: Container creation failed, due to disk out of space : Result: DISK_OUT_OF_SPACE
2019-07-30 08:13:31,564 INFO  keyvalue.KeyValueHandler (ContainerUtils.java:logAndReturnError(146)) - Operation: CreateContainer : Trace ID: aa515dadd34064ac:11b9b94dc56fa885:e20c9d8d14a6463b:0 : Message: Container creation failed, due to disk out of space : Result: DISK_OUT_OF_SPACE
2019-07-30 08:13:31,568 INFO  keyvalue.KeyValueHandler (ContainerUtils.java:logAndReturnError(146)) - Operation: CreateContainer : Trace ID: aa515dadd34064ac:d79f300217b8c174:e20c9d8d14a6463b:0 : Message: Container creation failed, due to disk out of space : Result: DISK_OUT_OF_SPACE
2019-07-30 08:13:31,568 INFO  keyvalue.KeyValueHandler (ContainerUtils.java:logAndReturnError(146)) - Operation: CreateContainer : Trace ID: aa515dadd34064ac:d79f300217b8c174:e20c9d8d14a6463b:0 : Message: Container creation failed, due to disk out of space : Result: DISK_OUT_OF_SPACE
2019-07-30 08:13:31,573 INFO  keyvalue.KeyValueHandler (ContainerUtils.java:logAndReturnError(146)) - Operation: CreateContainer : Trace ID: aa515dadd34064ac:11b9b94dc56fa885:e20c9d8d14a6463b:0 : Message: Container creation failed, due to disk out of space : Result: DISK_OUT_OF_SPACE
2019-07-30 08:13:31,573 INFO  keyvalue.KeyValueHandler (ContainerUtils.java:logAndReturnError(146)) - Operation: CreateContainer : Trace ID: aa515dadd34064ac:11b9b94dc56fa885:e20c9d8d14a6463b:0 : Message: Container creation failed, due to disk out of space : Result: DISK_OUT_OF_SPACE
08:13:31.568 [pool-70-thread-9] ERROR DNAudit - user=null | ip=null | op=WRITE_CHUNK {blockData=conID: 3 locID: 102529394613223427 bcsId: 0} | ret=FAILURE
org.apache.hadoop.hdds.scm.container.common.helpers.StorageContainerException: ContainerID 3 creation failed
	at org.apache.hadoop.ozone.container.common.impl.HddsDispatcher.dispatchRequest(HddsDispatcher.java:227) ~[classes/:?]
	at org.apache.hadoop.ozone.container.common.impl.HddsDispatcher.dispatch(HddsDispatcher.java:148) ~[classes/:?]
	at org.apache.hadoop.ozone.container.common.transport.server.ratis.ContainerStateMachine.dispatchCommand(ContainerStateMachine.java:374) ~[classes/:?]
	at org.apache.hadoop.ozone.container.common.transport.server.ratis.ContainerStateMachine.runCommand(ContainerStateMachine.java:381) ~[classes/:?]
	at org.apache.hadoop.ozone.container.common.transport.server.ratis.ContainerStateMachine.lambda$handleWriteChunk$1(ContainerStateMachine.java:412) ~[classes/:?]
	at java.util.concurrent.CompletableFuture$AsyncSupply.run(CompletableFuture.java:1590) [?:1.8.0_212]
	at java.util.concurrent.ThreadPoolExecutor.runWorker(ThreadPoolExecutor.java:1149) [?:1.8.0_212]
	at java.util.concurrent.ThreadPoolExecutor$Worker.run(ThreadPoolExecutor.java:624) [?:1.8.0_212]
	at java.lang.Thread.run(Thread.java:748) [?:1.8.0_212]
08:13:31.574 [pool-59-thread-10] ERROR DNAudit - user=null | ip=null | op=WRITE_CHUNK {blockData=conID: 3 locID: 102529394613223427 bcsId: 0} | ret=FAILURE
org.apache.hadoop.hdds.scm.container.common.helpers.StorageContainerException: ContainerID 3 creation failed
	at org.apache.hadoop.ozone.container.common.impl.HddsDispatcher.dispatchRequest(HddsDispatcher.java:227) ~[classes/:?]
	at org.apache.hadoop.ozone.container.common.impl.HddsDispatcher.dispatch(HddsDispatcher.java:148) ~[classes/:?]
	at org.apache.hadoop.ozone.container.common.transport.server.ratis.ContainerStateMachine.dispatchCommand(ContainerStateMachine.java:374) ~[classes/:?]
	at org.apache.hadoop.ozone.container.common.transport.server.ratis.ContainerStateMachine.runCommand(ContainerStateMachine.java:381) ~[classes/:?]
	at org.apache.hadoop.ozone.container.common.transport.server.ratis.ContainerStateMachine.lambda$handleWriteChunk$1(ContainerStateMachine.java:412) ~[classes/:?]
	at java.util.concurrent.CompletableFuture$AsyncSupply.run(CompletableFuture.java:1590) [?:1.8.0_212]
	at java.util.concurrent.ThreadPoolExecutor.runWorker(ThreadPoolExecutor.java:1149) [?:1.8.0_212]
	at java.util.concurrent.ThreadPoolExecutor$Worker.run(ThreadPoolExecutor.java:624) [?:1.8.0_212]
	at java.lang.Thread.run(Thread.java:748) [?:1.8.0_212]
08:13:31.567 [pool-37-thread-28] ERROR DNAudit - user=null | ip=null | op=WRITE_CHUNK {blockData=conID: 3 locID: 102529394613223427 bcsId: 0} | ret=FAILURE
org.apache.hadoop.hdds.scm.container.common.helpers.StorageContainerException: ContainerID 3 creation failed
	at org.apache.hadoop.ozone.container.common.impl.HddsDispatcher.dispatchRequest(HddsDispatcher.java:227) ~[classes/:?]
	at org.apache.hadoop.ozone.container.common.impl.HddsDispatcher.dispatch(HddsDispatcher.java:148) ~[classes/:?]
	at org.apache.hadoop.ozone.container.common.transport.server.ratis.ContainerStateMachine.dispatchCommand(ContainerStateMachine.java:374) ~[classes/:?]
	at org.apache.hadoop.ozone.container.common.transport.server.ratis.ContainerStateMachine.runCommand(ContainerStateMachine.java:381) ~[classes/:?]
	at org.apache.hadoop.ozone.container.common.transport.server.ratis.ContainerStateMachine.lambda$handleWriteChunk$1(ContainerStateMachine.java:412) ~[classes/:?]
	at java.util.concurrent.CompletableFuture$AsyncSupply.run(CompletableFuture.java:1590) [?:1.8.0_212]
	at java.util.concurrent.ThreadPoolExecutor.runWorker(ThreadPoolExecutor.java:1149) [?:1.8.0_212]
	at java.util.concurrent.ThreadPoolExecutor$Worker.run(ThreadPoolExecutor.java:624) [?:1.8.0_212]
	at java.lang.Thread.run(Thread.java:748) [?:1.8.0_212]
08:13:31.568 [pool-59-thread-9] ERROR DNAudit - user=null | ip=null | op=WRITE_CHUNK {blockData=conID: 3 locID: 102529394613223427 bcsId: 0} | ret=FAILURE
org.apache.hadoop.hdds.scm.container.common.helpers.StorageContainerException: ContainerID 3 creation failed
	at org.apache.hadoop.ozone.container.common.impl.HddsDispatcher.dispatchRequest(HddsDispatcher.java:227) ~[classes/:?]
	at org.apache.hadoop.ozone.container.common.impl.HddsDispatcher.dispatch(HddsDispatcher.java:148) ~[classes/:?]
	at org.apache.hadoop.ozone.container.common.transport.server.ratis.ContainerStateMachine.dispatchCommand(ContainerStateMachine.java:374) ~[classes/:?]
	at org.apache.hadoop.ozone.container.common.transport.server.ratis.ContainerStateMachine.runCommand(ContainerStateMachine.java:381) ~[classes/:?]
	at org.apache.hadoop.ozone.container.common.transport.server.ratis.ContainerStateMachine.lambda$handleWriteChunk$1(ContainerStateMachine.java:412) ~[classes/:?]
	at java.util.concurrent.CompletableFuture$AsyncSupply.run(CompletableFuture.java:1590) [?:1.8.0_212]
	at java.util.concurrent.ThreadPoolExecutor.runWorker(ThreadPoolExecutor.java:1149) [?:1.8.0_212]
	at java.util.concurrent.ThreadPoolExecutor$Worker.run(ThreadPoolExecutor.java:624) [?:1.8.0_212]
	at java.lang.Thread.run(Thread.java:748) [?:1.8.0_212]
08:13:31.560 [pool-37-thread-25] ERROR DNAudit - user=null | ip=null | op=WRITE_CHUNK {blockData=conID: 3 locID: 102529394613223427 bcsId: 0} | ret=FAILURE
org.apache.hadoop.hdds.scm.container.common.helpers.StorageContainerException: ContainerID 3 creation failed
	at org.apache.hadoop.ozone.container.common.impl.HddsDispatcher.dispatchRequest(HddsDispatcher.java:227) ~[classes/:?]
	at org.apache.hadoop.ozone.container.common.impl.HddsDispatcher.dispatch(HddsDispatcher.java:148) ~[classes/:?]
	at org.apache.hadoop.ozone.container.common.transport.server.ratis.ContainerStateMachine.dispatchCommand(ContainerStateMachine.java:374) ~[classes/:?]
	at org.apache.hadoop.ozone.container.common.transport.server.ratis.ContainerStateMachine.runCommand(ContainerStateMachine.java:381) ~[classes/:?]
	at org.apache.hadoop.ozone.container.common.transport.server.ratis.ContainerStateMachine.lambda$handleWriteChunk$1(ContainerStateMachine.java:412) ~[classes/:?]
	at java.util.concurrent.CompletableFuture$AsyncSupply.run(CompletableFuture.java:1590) [?:1.8.0_212]
	at java.util.concurrent.ThreadPoolExecutor.runWorker(ThreadPoolExecutor.java:1149) [?:1.8.0_212]
	at java.util.concurrent.ThreadPoolExecutor$Worker.run(ThreadPoolExecutor.java:624) [?:1.8.0_212]
	at java.lang.Thread.run(Thread.java:748) [?:1.8.0_212]
08:13:31.573 [pool-70-thread-10] ERROR DNAudit - user=null | ip=null | op=WRITE_CHUNK {blockData=conID: 3 locID: 102529394613223427 bcsId: 0} | ret=FAILURE
org.apache.hadoop.hdds.scm.container.common.helpers.StorageContainerException: ContainerID 3 creation failed
	at org.apache.hadoop.ozone.container.common.impl.HddsDispatcher.dispatchRequest(HddsDispatcher.java:227) ~[classes/:?]
	at org.apache.hadoop.ozone.container.common.impl.HddsDispatcher.dispatch(HddsDispatcher.java:148) ~[classes/:?]
	at org.apache.hadoop.ozone.container.common.transport.server.ratis.ContainerStateMachine.dispatchCommand(ContainerStateMachine.java:374) ~[classes/:?]
	at org.apache.hadoop.ozone.container.common.transport.server.ratis.ContainerStateMachine.runCommand(ContainerStateMachine.java:381) ~[classes/:?]
	at org.apache.hadoop.ozone.container.common.transport.server.ratis.ContainerStateMachine.lambda$handleWriteChunk$1(ContainerStateMachine.java:412) ~[classes/:?]
	at java.util.concurrent.CompletableFuture$AsyncSupply.run(CompletableFuture.java:1590) [?:1.8.0_212]
	at java.util.concurrent.ThreadPoolExecutor.runWorker(ThreadPoolExecutor.java:1149) [?:1.8.0_212]
	at java.util.concurrent.ThreadPoolExecutor$Worker.run(ThreadPoolExecutor.java:624) [?:1.8.0_212]
	at java.lang.Thread.run(Thread.java:748) [?:1.8.0_212]
2019-07-30 08:13:31,579 INFO  impl.HddsDispatcher (ContainerUtils.java:logAndReturnError(146)) - Operation: WriteChunk : Trace ID: aa515dadd34064ac:11b9b94dc56fa885:e20c9d8d14a6463b:0 : Message: ContainerID 3 creation failed : Result: DISK_OUT_OF_SPACE
2019-07-30 08:13:31,582 INFO  impl.HddsDispatcher (ContainerUtils.java:logAndReturnError(146)) - Operation: WriteChunk : Trace ID: aa515dadd34064ac:d79f300217b8c174:e20c9d8d14a6463b:0 : Message: ContainerID 3 creation failed : Result: DISK_OUT_OF_SPACE
2019-07-30 08:13:31,582 INFO  impl.HddsDispatcher (ContainerUtils.java:logAndReturnError(146)) - Operation: WriteChunk : Trace ID: aa515dadd34064ac:d79f300217b8c174:e20c9d8d14a6463b:0 : Message: ContainerID 3 creation failed : Result: DISK_OUT_OF_SPACE
2019-07-30 08:13:31,579 INFO  impl.HddsDispatcher (ContainerUtils.java:logAndReturnError(146)) - Operation: WriteChunk : Trace ID: aa515dadd34064ac:11b9b94dc56fa885:e20c9d8d14a6463b:0 : Message: ContainerID 3 creation failed : Result: DISK_OUT_OF_SPACE
2019-07-30 08:13:31,582 INFO  impl.HddsDispatcher (ContainerUtils.java:logAndReturnError(146)) - Operation: WriteChunk : Trace ID: aa515dadd34064ac:11b9b94dc56fa885:e20c9d8d14a6463b:0 : Message: ContainerID 3 creation failed : Result: DISK_OUT_OF_SPACE
2019-07-30 08:13:31,579 INFO  impl.HddsDispatcher (ContainerUtils.java:logAndReturnError(146)) - Operation: WriteChunk : Trace ID: aa515dadd34064ac:d79f300217b8c174:e20c9d8d14a6463b:0 : Message: ContainerID 3 creation failed : Result: DISK_OUT_OF_SPACE
08:13:31.598 [RatisApplyTransactionExecutor 3] ERROR DNAudit - user=null | ip=null | op=WRITE_CHUNK {blockData=conID: 3 locID: 102529394613223427 bcsId: 0} | ret=FAILURE
org.apache.hadoop.hdds.scm.container.common.helpers.StorageContainerException: ContainerID 3 does not exist
	at org.apache.hadoop.ozone.container.common.impl.HddsDispatcher.dispatchRequest(HddsDispatcher.java:242) ~[classes/:?]
	at org.apache.hadoop.ozone.container.common.impl.HddsDispatcher.dispatch(HddsDispatcher.java:148) ~[classes/:?]
	at org.apache.hadoop.ozone.container.common.transport.server.ratis.ContainerStateMachine.dispatchCommand(ContainerStateMachine.java:374) ~[classes/:?]
	at org.apache.hadoop.ozone.container.common.transport.server.ratis.ContainerStateMachine.runCommand(ContainerStateMachine.java:381) ~[classes/:?]
	at org.apache.hadoop.ozone.container.common.transport.server.ratis.ContainerStateMachine.lambda$applyTransaction$6(ContainerStateMachine.java:647) ~[classes/:?]
	at java.util.concurrent.CompletableFuture$AsyncSupply.run(CompletableFuture.java:1590) [?:1.8.0_212]
	at java.util.concurrent.ThreadPoolExecutor.runWorker(ThreadPoolExecutor.java:1149) [?:1.8.0_212]
	at java.util.concurrent.ThreadPoolExecutor$Worker.run(ThreadPoolExecutor.java:624) [?:1.8.0_212]
	at java.lang.Thread.run(Thread.java:748) [?:1.8.0_212]
2019-07-30 08:13:31,598 INFO  impl.HddsDispatcher (ContainerUtils.java:logAndReturnError(146)) - Operation: WriteChunk : Trace ID: aa515dadd34064ac:d79f300217b8c174:e20c9d8d14a6463b:0 : Message: ContainerID 3 does not exist : Result: CONTAINER_NOT_FOUND
08:13:31.599 [RatisApplyTransactionExecutor 3] ERROR DNAudit - user=null | ip=null | op=PUT_BLOCK {blockData=[blockId=conID: 3 locID: 102529394613223427 bcsId: 0,size=1048576]} | ret=FAILURE
org.apache.hadoop.hdds.scm.container.common.helpers.StorageContainerException: ContainerID 3 does not exist
	at org.apache.hadoop.ozone.container.common.impl.HddsDispatcher.dispatchRequest(HddsDispatcher.java:242) ~[classes/:?]
	at org.apache.hadoop.ozone.container.common.impl.HddsDispatcher.dispatch(HddsDispatcher.java:148) ~[classes/:?]
	at org.apache.hadoop.ozone.container.common.transport.server.ratis.ContainerStateMachine.dispatchCommand(ContainerStateMachine.java:374) ~[classes/:?]
	at org.apache.hadoop.ozone.container.common.transport.server.ratis.ContainerStateMachine.runCommand(ContainerStateMachine.java:381) ~[classes/:?]
	at org.apache.hadoop.ozone.container.common.transport.server.ratis.ContainerStateMachine.lambda$applyTransaction$6(ContainerStateMachine.java:647) ~[classes/:?]
	at java.util.concurrent.CompletableFuture$AsyncSupply.run(CompletableFuture.java:1590) [?:1.8.0_212]
	at java.util.concurrent.ThreadPoolExecutor.runWorker(ThreadPoolExecutor.java:1149) [?:1.8.0_212]
	at java.util.concurrent.ThreadPoolExecutor$Worker.run(ThreadPoolExecutor.java:624) [?:1.8.0_212]
	at java.lang.Thread.run(Thread.java:748) [?:1.8.0_212]
2019-07-30 08:13:31,600 INFO  impl.HddsDispatcher (ContainerUtils.java:logAndReturnError(146)) - Operation: PutBlock : Trace ID: aa515dadd34064ac:b7c49763f5413223:e20c9d8d14a6463b:0 : Message: ContainerID 3 does not exist : Result: CONTAINER_NOT_FOUND
2019-07-30 08:13:31,600 INFO  client.GrpcClientProtocolClient (GrpcClientProtocolClient.java:onNext(255)) - client-A2E709061908->f33898ba-2b62-4ce4-ab71-14aa87786dcc: receive RaftClientReply:client-A2E709061908->f33898ba-2b62-4ce4-ab71-14aa87786dcc@group-73344E003E3A, cid=27, SUCCESS, logIndex=33, commits[f33898ba-2b62-4ce4-ab71-14aa87786dcc:c36, f8715fb8-c4cb-4752-8a75-3623ffa79ca5:c32, 94b83ede-78cc-4b17-9c54-d7e0e5e6e3c6:c32]
08:13:31.600 [RatisApplyTransactionExecutor 3] ERROR DNAudit - user=null | ip=null | op=WRITE_CHUNK {blockData=conID: 3 locID: 102529394613223427 bcsId: 0} | ret=FAILURE
org.apache.hadoop.hdds.scm.container.common.helpers.StorageContainerException: ContainerID 3 does not exist
	at org.apache.hadoop.ozone.container.common.impl.HddsDispatcher.dispatchRequest(HddsDispatcher.java:242) ~[classes/:?]
	at org.apache.hadoop.ozone.container.common.impl.HddsDispatcher.dispatch(HddsDispatcher.java:148) ~[classes/:?]
	at org.apache.hadoop.ozone.container.common.transport.server.ratis.ContainerStateMachine.dispatchCommand(ContainerStateMachine.java:374) ~[classes/:?]
	at org.apache.hadoop.ozone.container.common.transport.server.ratis.ContainerStateMachine.runCommand(ContainerStateMachine.java:381) ~[classes/:?]
	at org.apache.hadoop.ozone.container.common.transport.server.ratis.ContainerStateMachine.lambda$applyTransaction$6(ContainerStateMachine.java:647) ~[classes/:?]
	at java.util.concurrent.CompletableFuture$AsyncSupply.run(CompletableFuture.java:1590) [?:1.8.0_212]
	at java.util.concurrent.ThreadPoolExecutor.runWorker(ThreadPoolExecutor.java:1149) [?:1.8.0_212]
	at java.util.concurrent.ThreadPoolExecutor$Worker.run(ThreadPoolExecutor.java:624) [?:1.8.0_212]
	at java.lang.Thread.run(Thread.java:748) [?:1.8.0_212]
2019-07-30 08:13:31,601 INFO  impl.HddsDispatcher (ContainerUtils.java:logAndReturnError(146)) - Operation: WriteChunk : Trace ID: aa515dadd34064ac:11b9b94dc56fa885:e20c9d8d14a6463b:0 : Message: ContainerID 3 does not exist : Result: CONTAINER_NOT_FOUND
2019-07-30 08:13:31,601 INFO  client.GrpcClientProtocolClient (GrpcClientProtocolClient.java:onNext(255)) - client-A2E709061908->f33898ba-2b62-4ce4-ab71-14aa87786dcc: receive RaftClientReply:client-A2E709061908->f33898ba-2b62-4ce4-ab71-14aa87786dcc@group-73344E003E3A, cid=28, SUCCESS, logIndex=34, commits[f33898ba-2b62-4ce4-ab71-14aa87786dcc:c36, f8715fb8-c4cb-4752-8a75-3623ffa79ca5:c32, 94b83ede-78cc-4b17-9c54-d7e0e5e6e3c6:c32]
08:13:31.602 [RatisApplyTransactionExecutor 3] ERROR DNAudit - user=null | ip=null | op=PUT_BLOCK {blockData=[blockId=conID: 3 locID: 102529394613223427 bcsId: 0,size=2097152]} | ret=FAILURE
org.apache.hadoop.hdds.scm.container.common.helpers.StorageContainerException: ContainerID 3 does not exist
	at org.apache.hadoop.ozone.container.common.impl.HddsDispatcher.dispatchRequest(HddsDispatcher.java:242) ~[classes/:?]
	at org.apache.hadoop.ozone.container.common.impl.HddsDispatcher.dispatch(HddsDispatcher.java:148) ~[classes/:?]
	at org.apache.hadoop.ozone.container.common.transport.server.ratis.ContainerStateMachine.dispatchCommand(ContainerStateMachine.java:374) ~[classes/:?]
	at org.apache.hadoop.ozone.container.common.transport.server.ratis.ContainerStateMachine.runCommand(ContainerStateMachine.java:381) ~[classes/:?]
	at org.apache.hadoop.ozone.container.common.transport.server.ratis.ContainerStateMachine.lambda$applyTransaction$6(ContainerStateMachine.java:647) ~[classes/:?]
	at java.util.concurrent.CompletableFuture$AsyncSupply.run(CompletableFuture.java:1590) [?:1.8.0_212]
	at java.util.concurrent.ThreadPoolExecutor.runWorker(ThreadPoolExecutor.java:1149) [?:1.8.0_212]
	at java.util.concurrent.ThreadPoolExecutor$Worker.run(ThreadPoolExecutor.java:624) [?:1.8.0_212]
	at java.lang.Thread.run(Thread.java:748) [?:1.8.0_212]
2019-07-30 08:13:31,602 ERROR storage.BlockOutputStream (BlockOutputStream.java:validateResponse(531)) - Unexpected Storage Container Exception: 
org.apache.hadoop.hdds.scm.container.common.helpers.StorageContainerException: ContainerID 3 does not exist
	at org.apache.hadoop.hdds.scm.storage.ContainerProtocolCalls.validateContainerResponse(ContainerProtocolCalls.java:536)
	at org.apache.hadoop.hdds.scm.storage.BlockOutputStream.validateResponse(BlockOutputStream.java:529)
	at org.apache.hadoop.hdds.scm.storage.BlockOutputStream.lambda$writeChunkToContainer$2(BlockOutputStream.java:606)
	at java.util.concurrent.CompletableFuture.uniApply(CompletableFuture.java:602)
	at java.util.concurrent.CompletableFuture$UniApply.tryFire(CompletableFuture.java:577)
	at java.util.concurrent.CompletableFuture$Completion.run(CompletableFuture.java:442)
	at java.util.concurrent.ThreadPoolExecutor.runWorker(ThreadPoolExecutor.java:1149)
	at java.util.concurrent.ThreadPoolExecutor$Worker.run(ThreadPoolExecutor.java:624)
	at java.lang.Thread.run(Thread.java:748)
2019-07-30 08:13:31,602 INFO  client.GrpcClientProtocolClient (GrpcClientProtocolClient.java:onNext(255)) - client-A2E709061908->f33898ba-2b62-4ce4-ab71-14aa87786dcc: receive RaftClientReply:client-A2E709061908->f33898ba-2b62-4ce4-ab71-14aa87786dcc@group-73344E003E3A, cid=29, SUCCESS, logIndex=35, commits[f33898ba-2b62-4ce4-ab71-14aa87786dcc:c36, f8715fb8-c4cb-4752-8a75-3623ffa79ca5:c32, 94b83ede-78cc-4b17-9c54-d7e0e5e6e3c6:c32]
2019-07-30 08:13:31,602 INFO  impl.HddsDispatcher (ContainerUtils.java:logAndReturnError(146)) - Operation: PutBlock : Trace ID: aa515dadd34064ac:54d94cf73bb25208:e20c9d8d14a6463b:0 : Message: ContainerID 3 does not exist : Result: CONTAINER_NOT_FOUND
2019-07-30 08:13:31,605 INFO  client.GrpcClientProtocolClient (GrpcClientProtocolClient.java:onNext(255)) - client-A2E709061908->f33898ba-2b62-4ce4-ab71-14aa87786dcc: receive RaftClientReply:client-A2E709061908->f33898ba-2b62-4ce4-ab71-14aa87786dcc@group-73344E003E3A, cid=30, SUCCESS, logIndex=36, commits[f33898ba-2b62-4ce4-ab71-14aa87786dcc:c36, f8715fb8-c4cb-4752-8a75-3623ffa79ca5:c32, 94b83ede-78cc-4b17-9c54-d7e0e5e6e3c6:c32]
2019-07-30 08:13:31,610 ERROR freon.RandomKeyGenerator (RandomKeyGenerator.java:createKey(730)) - Exception while adding key: key-0-09967 in bucket: bucket-0-87717 of volume: vol-0-00291.
java.io.IOException: Unexpected Storage Container Exception: org.apache.hadoop.hdds.scm.container.common.helpers.StorageContainerException: ContainerID 3 does not exist
	at org.apache.hadoop.hdds.scm.storage.BlockOutputStream.setIoException(BlockOutputStream.java:541)
	at org.apache.hadoop.hdds.scm.storage.BlockOutputStream.validateResponse(BlockOutputStream.java:532)
	at org.apache.hadoop.hdds.scm.storage.BlockOutputStream.lambda$writeChunkToContainer$2(BlockOutputStream.java:606)
	at java.util.concurrent.CompletableFuture.uniApply(CompletableFuture.java:602)
	at java.util.concurrent.CompletableFuture$UniApply.tryFire(CompletableFuture.java:577)
	at java.util.concurrent.CompletableFuture$Completion.run(CompletableFuture.java:442)
	at java.util.concurrent.ThreadPoolExecutor.runWorker(ThreadPoolExecutor.java:1149)
	at java.util.concurrent.ThreadPoolExecutor$Worker.run(ThreadPoolExecutor.java:624)
	at java.lang.Thread.run(Thread.java:748)
Caused by: org.apache.hadoop.hdds.scm.container.common.helpers.StorageContainerException: ContainerID 3 does not exist
	at org.apache.hadoop.hdds.scm.storage.ContainerProtocolCalls.validateContainerResponse(ContainerProtocolCalls.java:536)
	at org.apache.hadoop.hdds.scm.storage.BlockOutputStream.validateResponse(BlockOutputStream.java:529)
	... 7 more
08:13:31.611 [RatisApplyTransactionExecutor 3] ERROR DNAudit - user=null | ip=null | op=WRITE_CHUNK {blockData=conID: 3 locID: 102529394613223427 bcsId: 0} | ret=FAILURE
org.apache.hadoop.hdds.scm.container.common.helpers.StorageContainerException: ContainerID 3 does not exist
	at org.apache.hadoop.ozone.container.common.impl.HddsDispatcher.dispatchRequest(HddsDispatcher.java:242) ~[classes/:?]
	at org.apache.hadoop.ozone.container.common.impl.HddsDispatcher.dispatch(HddsDispatcher.java:148) ~[classes/:?]
	at org.apache.hadoop.ozone.container.common.transport.server.ratis.ContainerStateMachine.dispatchCommand(ContainerStateMachine.java:374) ~[classes/:?]
	at org.apache.hadoop.ozone.container.common.transport.server.ratis.ContainerStateMachine.runCommand(ContainerStateMachine.java:381) ~[classes/:?]
	at org.apache.hadoop.ozone.container.common.transport.server.ratis.ContainerStateMachine.lambda$applyTransaction$6(ContainerStateMachine.java:647) ~[classes/:?]
	at java.util.concurrent.CompletableFuture$AsyncSupply.run(CompletableFuture.java:1590) [?:1.8.0_212]
	at java.util.concurrent.ThreadPoolExecutor.runWorker(ThreadPoolExecutor.java:1149) [?:1.8.0_212]
	at java.util.concurrent.ThreadPoolExecutor$Worker.run(ThreadPoolExecutor.java:624) [?:1.8.0_212]
	at java.lang.Thread.run(Thread.java:748) [?:1.8.0_212]
08:13:31.611 [RatisApplyTransactionExecutor 3] ERROR DNAudit - user=null | ip=null | op=WRITE_CHUNK {blockData=conID: 3 locID: 102529394613223427 bcsId: 0} | ret=FAILURE
org.apache.hadoop.hdds.scm.container.common.helpers.StorageContainerException: ContainerID 3 does not exist
	at org.apache.hadoop.ozone.container.common.impl.HddsDispatcher.dispatchRequest(HddsDispatcher.java:242) ~[classes/:?]
	at org.apache.hadoop.ozone.container.common.impl.HddsDispatcher.dispatch(HddsDispatcher.java:148) ~[classes/:?]
	at org.apache.hadoop.ozone.container.common.transport.server.ratis.ContainerStateMachine.dispatchCommand(ContainerStateMachine.java:374) ~[classes/:?]
	at org.apache.hadoop.ozone.container.common.transport.server.ratis.ContainerStateMachine.runCommand(ContainerStateMachine.java:381) ~[classes/:?]
	at org.apache.hadoop.ozone.container.common.transport.server.ratis.ContainerStateMachine.lambda$applyTransaction$6(ContainerStateMachine.java:647) ~[classes/:?]
	at java.util.concurrent.CompletableFuture$AsyncSupply.run(CompletableFuture.java:1590) [?:1.8.0_212]
	at java.util.concurrent.ThreadPoolExecutor.runWorker(ThreadPoolExecutor.java:1149) [?:1.8.0_212]
	at java.util.concurrent.ThreadPoolExecutor$Worker.run(ThreadPoolExecutor.java:624) [?:1.8.0_212]
	at java.lang.Thread.run(Thread.java:748) [?:1.8.0_212]
2019-07-30 08:13:31,612 INFO  impl.HddsDispatcher (ContainerUtils.java:logAndReturnError(146)) - Operation: WriteChunk : Trace ID: aa515dadd34064ac:d79f300217b8c174:e20c9d8d14a6463b:0 : Message: ContainerID 3 does not exist : Result: CONTAINER_NOT_FOUND
2019-07-30 08:13:31,612 INFO  impl.HddsDispatcher (ContainerUtils.java:logAndReturnError(146)) - Operation: WriteChunk : Trace ID: aa515dadd34064ac:d79f300217b8c174:e20c9d8d14a6463b:0 : Message: ContainerID 3 does not exist : Result: CONTAINER_NOT_FOUND
08:13:31.612 [RatisApplyTransactionExecutor 3] ERROR DNAudit - user=null | ip=null | op=PUT_BLOCK {blockData=[blockId=conID: 3 locID: 102529394613223427 bcsId: 0,size=1048576]} | ret=FAILURE
org.apache.hadoop.hdds.scm.container.common.helpers.StorageContainerException: ContainerID 3 does not exist
	at org.apache.hadoop.ozone.container.common.impl.HddsDispatcher.dispatchRequest(HddsDispatcher.java:242) ~[classes/:?]
	at org.apache.hadoop.ozone.container.common.impl.HddsDispatcher.dispatch(HddsDispatcher.java:148) ~[classes/:?]
	at org.apache.hadoop.ozone.container.common.transport.server.ratis.ContainerStateMachine.dispatchCommand(ContainerStateMachine.java:374) ~[classes/:?]
	at org.apache.hadoop.ozone.container.common.transport.server.ratis.ContainerStateMachine.runCommand(ContainerStateMachine.java:381) ~[classes/:?]
	at org.apache.hadoop.ozone.container.common.transport.server.ratis.ContainerStateMachine.lambda$applyTransaction$6(ContainerStateMachine.java:647) ~[classes/:?]
	at java.util.concurrent.CompletableFuture$AsyncSupply.run(CompletableFuture.java:1590) [?:1.8.0_212]
	at java.util.concurrent.ThreadPoolExecutor.runWorker(ThreadPoolExecutor.java:1149) [?:1.8.0_212]
	at java.util.concurrent.ThreadPoolExecutor$Worker.run(ThreadPoolExecutor.java:624) [?:1.8.0_212]
	at java.lang.Thread.run(Thread.java:748) [?:1.8.0_212]
2019-07-30 08:13:31,612 INFO  impl.HddsDispatcher (ContainerUtils.java:logAndReturnError(146)) - Operation: PutBlock : Trace ID: aa515dadd34064ac:b7c49763f5413223:e20c9d8d14a6463b:0 : Message: ContainerID 3 does not exist : Result: CONTAINER_NOT_FOUND
08:13:31.612 [RatisApplyTransactionExecutor 3] ERROR DNAudit - user=null | ip=null | op=PUT_BLOCK {blockData=[blockId=conID: 3 locID: 102529394613223427 bcsId: 0,size=1048576]} | ret=FAILURE
org.apache.hadoop.hdds.scm.container.common.helpers.StorageContainerException: ContainerID 3 does not exist
	at org.apache.hadoop.ozone.container.common.impl.HddsDispatcher.dispatchRequest(HddsDispatcher.java:242) ~[classes/:?]
	at org.apache.hadoop.ozone.container.common.impl.HddsDispatcher.dispatch(HddsDispatcher.java:148) ~[classes/:?]
	at org.apache.hadoop.ozone.container.common.transport.server.ratis.ContainerStateMachine.dispatchCommand(ContainerStateMachine.java:374) ~[classes/:?]
	at org.apache.hadoop.ozone.container.common.transport.server.ratis.ContainerStateMachine.runCommand(ContainerStateMachine.java:381) ~[classes/:?]
	at org.apache.hadoop.ozone.container.common.transport.server.ratis.ContainerStateMachine.lambda$applyTransaction$6(ContainerStateMachine.java:647) ~[classes/:?]
	at java.util.concurrent.CompletableFuture$AsyncSupply.run(CompletableFuture.java:1590) [?:1.8.0_212]
	at java.util.concurrent.ThreadPoolExecutor.runWorker(ThreadPoolExecutor.java:1149) [?:1.8.0_212]
	at java.util.concurrent.ThreadPoolExecutor$Worker.run(ThreadPoolExecutor.java:624) [?:1.8.0_212]
	at java.lang.Thread.run(Thread.java:748) [?:1.8.0_212]
2019-07-30 08:13:31,613 INFO  impl.HddsDispatcher (ContainerUtils.java:logAndReturnError(146)) - Operation: PutBlock : Trace ID: aa515dadd34064ac:b7c49763f5413223:e20c9d8d14a6463b:0 : Message: ContainerID 3 does not exist : Result: CONTAINER_NOT_FOUND
08:13:31.622 [RatisApplyTransactionExecutor 3] ERROR DNAudit - user=null | ip=null | op=WRITE_CHUNK {blockData=conID: 3 locID: 102529394613223427 bcsId: 0} | ret=FAILURE
org.apache.hadoop.hdds.scm.container.common.helpers.StorageContainerException: ContainerID 3 does not exist
	at org.apache.hadoop.ozone.container.common.impl.HddsDispatcher.dispatchRequest(HddsDispatcher.java:242) ~[classes/:?]
	at org.apache.hadoop.ozone.container.common.impl.HddsDispatcher.dispatch(HddsDispatcher.java:148) ~[classes/:?]
	at org.apache.hadoop.ozone.container.common.transport.server.ratis.ContainerStateMachine.dispatchCommand(ContainerStateMachine.java:374) ~[classes/:?]
	at org.apache.hadoop.ozone.container.common.transport.server.ratis.ContainerStateMachine.runCommand(ContainerStateMachine.java:381) ~[classes/:?]
	at org.apache.hadoop.ozone.container.common.transport.server.ratis.ContainerStateMachine.lambda$applyTransaction$6(ContainerStateMachine.java:647) ~[classes/:?]
	at java.util.concurrent.CompletableFuture$AsyncSupply.run(CompletableFuture.java:1590) [?:1.8.0_212]
	at java.util.concurrent.ThreadPoolExecutor.runWorker(ThreadPoolExecutor.java:1149) [?:1.8.0_212]
	at java.util.concurrent.ThreadPoolExecutor$Worker.run(ThreadPoolExecutor.java:624) [?:1.8.0_212]
	at java.lang.Thread.run(Thread.java:748) [?:1.8.0_212]
2019-07-30 08:13:31,622 INFO  impl.HddsDispatcher (ContainerUtils.java:logAndReturnError(146)) - Operation: WriteChunk : Trace ID: aa515dadd34064ac:11b9b94dc56fa885:e20c9d8d14a6463b:0 : Message: ContainerID 3 does not exist : Result: CONTAINER_NOT_FOUND
08:13:31.623 [RatisApplyTransactionExecutor 3] ERROR DNAudit - user=null | ip=null | op=WRITE_CHUNK {blockData=conID: 3 locID: 102529394613223427 bcsId: 0} | ret=FAILURE
org.apache.hadoop.hdds.scm.container.common.helpers.StorageContainerException: ContainerID 3 does not exist
	at org.apache.hadoop.ozone.container.common.impl.HddsDispatcher.dispatchRequest(HddsDispatcher.java:242) ~[classes/:?]
	at org.apache.hadoop.ozone.container.common.impl.HddsDispatcher.dispatch(HddsDispatcher.java:148) ~[classes/:?]
	at org.apache.hadoop.ozone.container.common.transport.server.ratis.ContainerStateMachine.dispatchCommand(ContainerStateMachine.java:374) ~[classes/:?]
	at org.apache.hadoop.ozone.container.common.transport.server.ratis.ContainerStateMachine.runCommand(ContainerStateMachine.java:381) ~[classes/:?]
	at org.apache.hadoop.ozone.container.common.transport.server.ratis.ContainerStateMachine.lambda$applyTransaction$6(ContainerStateMachine.java:647) ~[classes/:?]
	at java.util.concurrent.CompletableFuture$AsyncSupply.run(CompletableFuture.java:1590) [?:1.8.0_212]
	at java.util.concurrent.ThreadPoolExecutor.runWorker(ThreadPoolExecutor.java:1149) [?:1.8.0_212]
	at java.util.concurrent.ThreadPoolExecutor$Worker.run(ThreadPoolExecutor.java:624) [?:1.8.0_212]
	at java.lang.Thread.run(Thread.java:748) [?:1.8.0_212]
08:13:31.623 [RatisApplyTransactionExecutor 3] ERROR DNAudit - user=null | ip=null | op=PUT_BLOCK {blockData=[blockId=conID: 3 locID: 102529394613223427 bcsId: 0,size=2097152]} | ret=FAILURE
org.apache.hadoop.hdds.scm.container.common.helpers.StorageContainerException: ContainerID 3 does not exist
	at org.apache.hadoop.ozone.container.common.impl.HddsDispatcher.dispatchRequest(HddsDispatcher.java:242) ~[classes/:?]
	at org.apache.hadoop.ozone.container.common.impl.HddsDispatcher.dispatch(HddsDispatcher.java:148) ~[classes/:?]
	at org.apache.hadoop.ozone.container.common.transport.server.ratis.ContainerStateMachine.dispatchCommand(ContainerStateMachine.java:374) ~[classes/:?]
	at org.apache.hadoop.ozone.container.common.transport.server.ratis.ContainerStateMachine.runCommand(ContainerStateMachine.java:381) ~[classes/:?]
	at org.apache.hadoop.ozone.container.common.transport.server.ratis.ContainerStateMachine.lambda$applyTransaction$6(ContainerStateMachine.java:647) ~[classes/:?]
	at java.util.concurrent.CompletableFuture$AsyncSupply.run(CompletableFuture.java:1590) [?:1.8.0_212]
	at java.util.concurrent.ThreadPoolExecutor.runWorker(ThreadPoolExecutor.java:1149) [?:1.8.0_212]
	at java.util.concurrent.ThreadPoolExecutor$Worker.run(ThreadPoolExecutor.java:624) [?:1.8.0_212]
	at java.lang.Thread.run(Thread.java:748) [?:1.8.0_212]
2019-07-30 08:13:31,624 INFO  impl.HddsDispatcher (ContainerUtils.java:logAndReturnError(146)) - Operation: WriteChunk : Trace ID: aa515dadd34064ac:11b9b94dc56fa885:e20c9d8d14a6463b:0 : Message: ContainerID 3 does not exist : Result: CONTAINER_NOT_FOUND
2019-07-30 08:13:31,624 INFO  impl.HddsDispatcher (ContainerUtils.java:logAndReturnError(146)) - Operation: PutBlock : Trace ID: aa515dadd34064ac:54d94cf73bb25208:e20c9d8d14a6463b:0 : Message: ContainerID 3 does not exist : Result: CONTAINER_NOT_FOUND
08:13:31.624 [RatisApplyTransactionExecutor 3] ERROR DNAudit - user=null | ip=null | op=PUT_BLOCK {blockData=[blockId=conID: 3 locID: 102529394613223427 bcsId: 0,size=2097152]} | ret=FAILURE
org.apache.hadoop.hdds.scm.container.common.helpers.StorageContainerException: ContainerID 3 does not exist
	at org.apache.hadoop.ozone.container.common.impl.HddsDispatcher.dispatchRequest(HddsDispatcher.java:242) ~[classes/:?]
	at org.apache.hadoop.ozone.container.common.impl.HddsDispatcher.dispatch(HddsDispatcher.java:148) ~[classes/:?]
	at org.apache.hadoop.ozone.container.common.transport.server.ratis.ContainerStateMachine.dispatchCommand(ContainerStateMachine.java:374) ~[classes/:?]
	at org.apache.hadoop.ozone.container.common.transport.server.ratis.ContainerStateMachine.runCommand(ContainerStateMachine.java:381) ~[classes/:?]
	at org.apache.hadoop.ozone.container.common.transport.server.ratis.ContainerStateMachine.lambda$applyTransaction$6(ContainerStateMachine.java:647) ~[classes/:?]
	at java.util.concurrent.CompletableFuture$AsyncSupply.run(CompletableFuture.java:1590) [?:1.8.0_212]
	at java.util.concurrent.ThreadPoolExecutor.runWorker(ThreadPoolExecutor.java:1149) [?:1.8.0_212]
	at java.util.concurrent.ThreadPoolExecutor$Worker.run(ThreadPoolExecutor.java:624) [?:1.8.0_212]
	at java.lang.Thread.run(Thread.java:748) [?:1.8.0_212]
2019-07-30 08:13:31,625 INFO  impl.HddsDispatcher (ContainerUtils.java:logAndReturnError(146)) - Operation: PutBlock : Trace ID: aa515dadd34064ac:54d94cf73bb25208:e20c9d8d14a6463b:0 : Message: ContainerID 3 does not exist : Result: CONTAINER_NOT_FOUND
 0.00% |█                                                                                                    |  0/1 Time: 0:00:07 0.00% |█                                                                                                    |  0/1 Time: 0:00:08 0.00% |█                                                                                                    |  0/1 Time: 0:00:09 100.00% |█████████████████████████████████████████████████████████████████████████████████████████████████████|  1/1 Time: 0:00:10
]]></system-out>
    <system-err><![CDATA[ERROR StatusLogger No Log4j 2 configuration file found. Using default configuration (logging only errors to the console), or user programmatically provided configurations. Set system property 'log4j2.debug' to show Log4j 2 internal initialization logging. See https://logging.apache.org/log4j/2.x/manual/configuration.html for instructions on how to configure Log4j 2
Jul 30, 2019 8:13:17 AM com.sun.jersey.server.impl.application.WebApplicationImpl _initiate
INFO: Initiating Jersey application, version 'Jersey: 1.19 02/11/2015 03:25 AM'
Jul 30, 2019 8:13:18 AM com.sun.jersey.server.impl.application.WebApplicationImpl _initiate
INFO: Initiating Jersey application, version 'Jersey: 1.19 02/11/2015 03:25 AM'
Jul 30, 2019 8:13:18 AM com.sun.jersey.server.impl.application.WebApplicationImpl _initiate
INFO: Initiating Jersey application, version 'Jersey: 1.19 02/11/2015 03:25 AM'
Jul 30, 2019 8:13:19 AM com.sun.jersey.server.impl.application.WebApplicationImpl _initiate
INFO: Initiating Jersey application, version 'Jersey: 1.19 02/11/2015 03:25 AM'
Jul 30, 2019 8:13:19 AM com.sun.jersey.server.impl.application.WebApplicationImpl _initiate
INFO: Initiating Jersey application, version 'Jersey: 1.19 02/11/2015 03:25 AM'
]]></system-err>
  </testcase>
  <testcase name="standaloneTestLargeKey" classname="org.apache.hadoop.ozone.freon.TestDataValidateWithUnsafeByteOperations" time="10.133">
    <error message="Unexpected Storage Container Exception: org.apache.hadoop.hdds.scm.container.common.helpers.StorageContainerException: ContainerID 3 does not exist" type="java.io.IOException">java.io.IOException: Unexpected Storage Container Exception: org.apache.hadoop.hdds.scm.container.common.helpers.StorageContainerException: ContainerID 3 does not exist
	at org.apache.hadoop.hdds.scm.storage.BlockOutputStream.setIoException(BlockOutputStream.java:541)
	at org.apache.hadoop.hdds.scm.storage.BlockOutputStream.validateResponse(BlockOutputStream.java:532)
	at org.apache.hadoop.hdds.scm.storage.BlockOutputStream.lambda$writeChunkToContainer$2(BlockOutputStream.java:606)
	at java.util.concurrent.CompletableFuture.uniApply(CompletableFuture.java:602)
	at java.util.concurrent.CompletableFuture$UniApply.tryFire(CompletableFuture.java:577)
	at java.util.concurrent.CompletableFuture$Completion.run(CompletableFuture.java:442)
	at java.util.concurrent.ThreadPoolExecutor.runWorker(ThreadPoolExecutor.java:1149)
	at java.util.concurrent.ThreadPoolExecutor$Worker.run(ThreadPoolExecutor.java:624)
	at java.lang.Thread.run(Thread.java:748)
Caused by: org.apache.hadoop.hdds.scm.container.common.helpers.StorageContainerException: ContainerID 3 does not exist
	at org.apache.hadoop.hdds.scm.storage.ContainerProtocolCalls.validateContainerResponse(ContainerProtocolCalls.java:536)
	at org.apache.hadoop.hdds.scm.storage.BlockOutputStream.validateResponse(BlockOutputStream.java:529)
	... 7 more
</error>
    <system-out><![CDATA[2019-07-30 08:13:40,073 INFO  freon.RandomKeyGenerator (RandomKeyGenerator.java:call(278)) - Number of Threads: 10
2019-07-30 08:13:40,075 INFO  freon.RandomKeyGenerator (RandomKeyGenerator.java:call(283)) - Number of Volumes: 1.
2019-07-30 08:13:40,075 INFO  freon.RandomKeyGenerator (RandomKeyGenerator.java:call(284)) - Number of Buckets per Volume: 1.
2019-07-30 08:13:40,075 INFO  freon.RandomKeyGenerator (RandomKeyGenerator.java:call(285)) - Number of Keys per Bucket: 1.
2019-07-30 08:13:40,075 INFO  freon.RandomKeyGenerator (RandomKeyGenerator.java:call(286)) - Key size: 20971520 bytes
2019-07-30 08:13:40,075 INFO  freon.RandomKeyGenerator (RandomKeyGenerator.java:call(287)) - Buffer size: 4096 bytes
2019-07-30 08:13:40,078 INFO  rpc.RpcClient (RpcClient.java:createVolume(288)) - Creating Volume: vol-0-03677, with jenkins1000 as owner.
2019-07-30 08:13:40,078 INFO  freon.RandomKeyGenerator (RandomKeyGenerator.java:call(301)) - Data validation is enabled.
2019-07-30 08:13:40,078 INFO  freon.RandomKeyGenerator (RandomKeyGenerator.java:call(307)) - Starting progress bar Thread.

 0.00% |█                                                                                                    |  0/1 Time: 0:00:002019-07-30 08:13:40,097 INFO  rpc.RpcClient (RpcClient.java:createBucket(425)) - Creating Bucket: vol-0-03677/bucket-0-02145, with Versioning false and Storage Type set to DISK and Encryption set to false 
2019-07-30 08:13:40,163 INFO  client.GrpcClientProtocolClient (GrpcClientProtocolClient.java:onNext(255)) - client-B41C3B058AE6->f8715fb8-c4cb-4752-8a75-3623ffa79ca5: receive RaftClientReply:client-B41C3B058AE6->f8715fb8-c4cb-4752-8a75-3623ffa79ca5@group-73344E003E3A, cid=31, FAILED org.apache.ratis.protocol.NotLeaderException: Server f8715fb8-c4cb-4752-8a75-3623ffa79ca5 is not the leader (f33898ba-2b62-4ce4-ab71-14aa87786dcc:192.168.69.113:45433). Request must be sent to leader., logIndex=0, commits[f8715fb8-c4cb-4752-8a75-3623ffa79ca5:c40, 94b83ede-78cc-4b17-9c54-d7e0e5e6e3c6:c40, f33898ba-2b62-4ce4-ab71-14aa87786dcc:c40]
2019-07-30 08:13:40,194 INFO  keyvalue.KeyValueHandler (ContainerUtils.java:logAndReturnError(146)) - Operation: CreateContainer : Trace ID: 3a78a6ea7ee8acc8:907e2f0e5d1bd566:ab20ee0ad651aec3:0 : Message: Container creation failed, due to disk out of space : Result: DISK_OUT_OF_SPACE
08:13:40.195 [pool-37-thread-31] ERROR DNAudit - user=null | ip=null | op=WRITE_CHUNK {blockData=conID: 3 locID: 102529395596656647 bcsId: 0} | ret=FAILURE
org.apache.hadoop.hdds.scm.container.common.helpers.StorageContainerException: ContainerID 3 creation failed
	at org.apache.hadoop.ozone.container.common.impl.HddsDispatcher.dispatchRequest(HddsDispatcher.java:227) ~[classes/:?]
	at org.apache.hadoop.ozone.container.common.impl.HddsDispatcher.dispatch(HddsDispatcher.java:148) ~[classes/:?]
	at org.apache.hadoop.ozone.container.common.transport.server.ratis.ContainerStateMachine.dispatchCommand(ContainerStateMachine.java:374) ~[classes/:?]
	at org.apache.hadoop.ozone.container.common.transport.server.ratis.ContainerStateMachine.runCommand(ContainerStateMachine.java:381) ~[classes/:?]
	at org.apache.hadoop.ozone.container.common.transport.server.ratis.ContainerStateMachine.lambda$handleWriteChunk$1(ContainerStateMachine.java:412) ~[classes/:?]
	at java.util.concurrent.CompletableFuture$AsyncSupply.run(CompletableFuture.java:1590) [?:1.8.0_212]
	at java.util.concurrent.ThreadPoolExecutor.runWorker(ThreadPoolExecutor.java:1149) [?:1.8.0_212]
	at java.util.concurrent.ThreadPoolExecutor$Worker.run(ThreadPoolExecutor.java:624) [?:1.8.0_212]
	at java.lang.Thread.run(Thread.java:748) [?:1.8.0_212]
2019-07-30 08:13:40,196 INFO  impl.HddsDispatcher (ContainerUtils.java:logAndReturnError(146)) - Operation: WriteChunk : Trace ID: 3a78a6ea7ee8acc8:907e2f0e5d1bd566:ab20ee0ad651aec3:0 : Message: ContainerID 3 creation failed : Result: DISK_OUT_OF_SPACE
2019-07-30 08:13:40,203 INFO  keyvalue.KeyValueHandler (ContainerUtils.java:logAndReturnError(146)) - Operation: CreateContainer : Trace ID: 3a78a6ea7ee8acc8:907e2f0e5d1bd566:ab20ee0ad651aec3:0 : Message: Container creation failed, due to disk out of space : Result: DISK_OUT_OF_SPACE
2019-07-30 08:13:40,210 INFO  keyvalue.KeyValueHandler (ContainerUtils.java:logAndReturnError(146)) - Operation: CreateContainer : Trace ID: 3a78a6ea7ee8acc8:907e2f0e5d1bd566:ab20ee0ad651aec3:0 : Message: Container creation failed, due to disk out of space : Result: DISK_OUT_OF_SPACE
08:13:40.212 [pool-59-thread-11] ERROR DNAudit - user=null | ip=null | op=WRITE_CHUNK {blockData=conID: 3 locID: 102529395596656647 bcsId: 0} | ret=FAILURE
org.apache.hadoop.hdds.scm.container.common.helpers.StorageContainerException: ContainerID 3 creation failed
	at org.apache.hadoop.ozone.container.common.impl.HddsDispatcher.dispatchRequest(HddsDispatcher.java:227) ~[classes/:?]
	at org.apache.hadoop.ozone.container.common.impl.HddsDispatcher.dispatch(HddsDispatcher.java:148) ~[classes/:?]
	at org.apache.hadoop.ozone.container.common.transport.server.ratis.ContainerStateMachine.dispatchCommand(ContainerStateMachine.java:374) ~[classes/:?]
	at org.apache.hadoop.ozone.container.common.transport.server.ratis.ContainerStateMachine.runCommand(ContainerStateMachine.java:381) ~[classes/:?]
	at org.apache.hadoop.ozone.container.common.transport.server.ratis.ContainerStateMachine.lambda$handleWriteChunk$1(ContainerStateMachine.java:412) ~[classes/:?]
	at java.util.concurrent.CompletableFuture$AsyncSupply.run(CompletableFuture.java:1590) [?:1.8.0_212]
	at java.util.concurrent.ThreadPoolExecutor.runWorker(ThreadPoolExecutor.java:1149) [?:1.8.0_212]
	at java.util.concurrent.ThreadPoolExecutor$Worker.run(ThreadPoolExecutor.java:624) [?:1.8.0_212]
	at java.lang.Thread.run(Thread.java:748) [?:1.8.0_212]
2019-07-30 08:13:40,212 INFO  impl.HddsDispatcher (ContainerUtils.java:logAndReturnError(146)) - Operation: WriteChunk : Trace ID: 3a78a6ea7ee8acc8:907e2f0e5d1bd566:ab20ee0ad651aec3:0 : Message: ContainerID 3 creation failed : Result: DISK_OUT_OF_SPACE
08:13:40.212 [pool-70-thread-11] ERROR DNAudit - user=null | ip=null | op=WRITE_CHUNK {blockData=conID: 3 locID: 102529395596656647 bcsId: 0} | ret=FAILURE
org.apache.hadoop.hdds.scm.container.common.helpers.StorageContainerException: ContainerID 3 creation failed
	at org.apache.hadoop.ozone.container.common.impl.HddsDispatcher.dispatchRequest(HddsDispatcher.java:227) ~[classes/:?]
	at org.apache.hadoop.ozone.container.common.impl.HddsDispatcher.dispatch(HddsDispatcher.java:148) ~[classes/:?]
	at org.apache.hadoop.ozone.container.common.transport.server.ratis.ContainerStateMachine.dispatchCommand(ContainerStateMachine.java:374) ~[classes/:?]
	at org.apache.hadoop.ozone.container.common.transport.server.ratis.ContainerStateMachine.runCommand(ContainerStateMachine.java:381) ~[classes/:?]
	at org.apache.hadoop.ozone.container.common.transport.server.ratis.ContainerStateMachine.lambda$handleWriteChunk$1(ContainerStateMachine.java:412) ~[classes/:?]
	at java.util.concurrent.CompletableFuture$AsyncSupply.run(CompletableFuture.java:1590) [?:1.8.0_212]
	at java.util.concurrent.ThreadPoolExecutor.runWorker(ThreadPoolExecutor.java:1149) [?:1.8.0_212]
	at java.util.concurrent.ThreadPoolExecutor$Worker.run(ThreadPoolExecutor.java:624) [?:1.8.0_212]
	at java.lang.Thread.run(Thread.java:748) [?:1.8.0_212]
2019-07-30 08:13:40,213 INFO  impl.HddsDispatcher (ContainerUtils.java:logAndReturnError(146)) - Operation: WriteChunk : Trace ID: 3a78a6ea7ee8acc8:907e2f0e5d1bd566:ab20ee0ad651aec3:0 : Message: ContainerID 3 creation failed : Result: DISK_OUT_OF_SPACE
08:13:40.227 [RatisApplyTransactionExecutor 3] ERROR DNAudit - user=null | ip=null | op=WRITE_CHUNK {blockData=conID: 3 locID: 102529395596656647 bcsId: 0} | ret=FAILURE
org.apache.hadoop.hdds.scm.container.common.helpers.StorageContainerException: ContainerID 3 does not exist
	at org.apache.hadoop.ozone.container.common.impl.HddsDispatcher.dispatchRequest(HddsDispatcher.java:242) ~[classes/:?]
	at org.apache.hadoop.ozone.container.common.impl.HddsDispatcher.dispatch(HddsDispatcher.java:148) ~[classes/:?]
	at org.apache.hadoop.ozone.container.common.transport.server.ratis.ContainerStateMachine.dispatchCommand(ContainerStateMachine.java:374) ~[classes/:?]
	at org.apache.hadoop.ozone.container.common.transport.server.ratis.ContainerStateMachine.runCommand(ContainerStateMachine.java:381) ~[classes/:?]
	at org.apache.hadoop.ozone.container.common.transport.server.ratis.ContainerStateMachine.lambda$applyTransaction$6(ContainerStateMachine.java:647) ~[classes/:?]
	at java.util.concurrent.CompletableFuture$AsyncSupply.run(CompletableFuture.java:1590) [?:1.8.0_212]
	at java.util.concurrent.ThreadPoolExecutor.runWorker(ThreadPoolExecutor.java:1149) [?:1.8.0_212]
	at java.util.concurrent.ThreadPoolExecutor$Worker.run(ThreadPoolExecutor.java:624) [?:1.8.0_212]
	at java.lang.Thread.run(Thread.java:748) [?:1.8.0_212]
2019-07-30 08:13:40,227 INFO  impl.HddsDispatcher (ContainerUtils.java:logAndReturnError(146)) - Operation: WriteChunk : Trace ID: 3a78a6ea7ee8acc8:907e2f0e5d1bd566:ab20ee0ad651aec3:0 : Message: ContainerID 3 does not exist : Result: CONTAINER_NOT_FOUND
2019-07-30 08:13:40,231 INFO  client.GrpcClientProtocolClient (GrpcClientProtocolClient.java:onNext(255)) - client-B41C3B058AE6->f33898ba-2b62-4ce4-ab71-14aa87786dcc: receive RaftClientReply:client-B41C3B058AE6->f33898ba-2b62-4ce4-ab71-14aa87786dcc@group-73344E003E3A, cid=31, SUCCESS, logIndex=41, commits[f33898ba-2b62-4ce4-ab71-14aa87786dcc:c41, f8715fb8-c4cb-4752-8a75-3623ffa79ca5:c40, 94b83ede-78cc-4b17-9c54-d7e0e5e6e3c6:c40]
2019-07-30 08:13:40,233 ERROR storage.BlockOutputStream (BlockOutputStream.java:validateResponse(531)) - Unexpected Storage Container Exception: 
org.apache.hadoop.hdds.scm.container.common.helpers.StorageContainerException: ContainerID 3 does not exist
	at org.apache.hadoop.hdds.scm.storage.ContainerProtocolCalls.validateContainerResponse(ContainerProtocolCalls.java:536)
	at org.apache.hadoop.hdds.scm.storage.BlockOutputStream.validateResponse(BlockOutputStream.java:529)
	at org.apache.hadoop.hdds.scm.storage.BlockOutputStream.lambda$writeChunkToContainer$2(BlockOutputStream.java:606)
	at java.util.concurrent.CompletableFuture.uniApply(CompletableFuture.java:602)
	at java.util.concurrent.CompletableFuture$UniApply.tryFire(CompletableFuture.java:577)
	at java.util.concurrent.CompletableFuture$Completion.run(CompletableFuture.java:442)
	at java.util.concurrent.ThreadPoolExecutor.runWorker(ThreadPoolExecutor.java:1149)
	at java.util.concurrent.ThreadPoolExecutor$Worker.run(ThreadPoolExecutor.java:624)
	at java.lang.Thread.run(Thread.java:748)
08:13:40.239 [RatisApplyTransactionExecutor 3] ERROR DNAudit - user=null | ip=null | op=WRITE_CHUNK {blockData=conID: 3 locID: 102529395596656647 bcsId: 0} | ret=FAILURE
org.apache.hadoop.hdds.scm.container.common.helpers.StorageContainerException: ContainerID 3 does not exist
	at org.apache.hadoop.ozone.container.common.impl.HddsDispatcher.dispatchRequest(HddsDispatcher.java:242) ~[classes/:?]
	at org.apache.hadoop.ozone.container.common.impl.HddsDispatcher.dispatch(HddsDispatcher.java:148) ~[classes/:?]
	at org.apache.hadoop.ozone.container.common.transport.server.ratis.ContainerStateMachine.dispatchCommand(ContainerStateMachine.java:374) ~[classes/:?]
	at org.apache.hadoop.ozone.container.common.transport.server.ratis.ContainerStateMachine.runCommand(ContainerStateMachine.java:381) ~[classes/:?]
	at org.apache.hadoop.ozone.container.common.transport.server.ratis.ContainerStateMachine.lambda$applyTransaction$6(ContainerStateMachine.java:647) ~[classes/:?]
	at java.util.concurrent.CompletableFuture$AsyncSupply.run(CompletableFuture.java:1590) [?:1.8.0_212]
	at java.util.concurrent.ThreadPoolExecutor.runWorker(ThreadPoolExecutor.java:1149) [?:1.8.0_212]
	at java.util.concurrent.ThreadPoolExecutor$Worker.run(ThreadPoolExecutor.java:624) [?:1.8.0_212]
	at java.lang.Thread.run(Thread.java:748) [?:1.8.0_212]
2019-07-30 08:13:40,239 INFO  impl.HddsDispatcher (ContainerUtils.java:logAndReturnError(146)) - Operation: WriteChunk : Trace ID: 3a78a6ea7ee8acc8:907e2f0e5d1bd566:ab20ee0ad651aec3:0 : Message: ContainerID 3 does not exist : Result: CONTAINER_NOT_FOUND
08:13:40.239 [RatisApplyTransactionExecutor 3] ERROR DNAudit - user=null | ip=null | op=WRITE_CHUNK {blockData=conID: 3 locID: 102529395596656647 bcsId: 0} | ret=FAILURE
org.apache.hadoop.hdds.scm.container.common.helpers.StorageContainerException: ContainerID 3 does not exist
	at org.apache.hadoop.ozone.container.common.impl.HddsDispatcher.dispatchRequest(HddsDispatcher.java:242) ~[classes/:?]
	at org.apache.hadoop.ozone.container.common.impl.HddsDispatcher.dispatch(HddsDispatcher.java:148) ~[classes/:?]
	at org.apache.hadoop.ozone.container.common.transport.server.ratis.ContainerStateMachine.dispatchCommand(ContainerStateMachine.java:374) ~[classes/:?]
	at org.apache.hadoop.ozone.container.common.transport.server.ratis.ContainerStateMachine.runCommand(ContainerStateMachine.java:381) ~[classes/:?]
	at org.apache.hadoop.ozone.container.common.transport.server.ratis.ContainerStateMachine.lambda$applyTransaction$6(ContainerStateMachine.java:647) ~[classes/:?]
	at java.util.concurrent.CompletableFuture$AsyncSupply.run(CompletableFuture.java:1590) [?:1.8.0_212]
	at java.util.concurrent.ThreadPoolExecutor.runWorker(ThreadPoolExecutor.java:1149) [?:1.8.0_212]
	at java.util.concurrent.ThreadPoolExecutor$Worker.run(ThreadPoolExecutor.java:624) [?:1.8.0_212]
	at java.lang.Thread.run(Thread.java:748) [?:1.8.0_212]
2019-07-30 08:13:40,240 INFO  impl.HddsDispatcher (ContainerUtils.java:logAndReturnError(146)) - Operation: WriteChunk : Trace ID: 3a78a6ea7ee8acc8:907e2f0e5d1bd566:ab20ee0ad651aec3:0 : Message: ContainerID 3 does not exist : Result: CONTAINER_NOT_FOUND
2019-07-30 08:13:40,246 INFO  keyvalue.KeyValueHandler (ContainerUtils.java:logAndReturnError(146)) - Operation: CreateContainer : Trace ID: 3a78a6ea7ee8acc8:d873a3dcab92824d:ab20ee0ad651aec3:0 : Message: Container creation failed, due to disk out of space : Result: DISK_OUT_OF_SPACE
08:13:40.246 [pool-37-thread-34] ERROR DNAudit - user=null | ip=null | op=WRITE_CHUNK {blockData=conID: 3 locID: 102529395596656647 bcsId: 0} | ret=FAILURE
org.apache.hadoop.hdds.scm.container.common.helpers.StorageContainerException: ContainerID 3 creation failed
	at org.apache.hadoop.ozone.container.common.impl.HddsDispatcher.dispatchRequest(HddsDispatcher.java:227) ~[classes/:?]
	at org.apache.hadoop.ozone.container.common.impl.HddsDispatcher.dispatch(HddsDispatcher.java:148) ~[classes/:?]
	at org.apache.hadoop.ozone.container.common.transport.server.ratis.ContainerStateMachine.dispatchCommand(ContainerStateMachine.java:374) ~[classes/:?]
	at org.apache.hadoop.ozone.container.common.transport.server.ratis.ContainerStateMachine.runCommand(ContainerStateMachine.java:381) ~[classes/:?]
	at org.apache.hadoop.ozone.container.common.transport.server.ratis.ContainerStateMachine.lambda$handleWriteChunk$1(ContainerStateMachine.java:412) ~[classes/:?]
	at java.util.concurrent.CompletableFuture$AsyncSupply.run(CompletableFuture.java:1590) [?:1.8.0_212]
	at java.util.concurrent.ThreadPoolExecutor.runWorker(ThreadPoolExecutor.java:1149) [?:1.8.0_212]
	at java.util.concurrent.ThreadPoolExecutor$Worker.run(ThreadPoolExecutor.java:624) [?:1.8.0_212]
	at java.lang.Thread.run(Thread.java:748) [?:1.8.0_212]
2019-07-30 08:13:40,246 INFO  impl.HddsDispatcher (ContainerUtils.java:logAndReturnError(146)) - Operation: WriteChunk : Trace ID: 3a78a6ea7ee8acc8:d873a3dcab92824d:ab20ee0ad651aec3:0 : Message: ContainerID 3 creation failed : Result: DISK_OUT_OF_SPACE
2019-07-30 08:13:40,252 INFO  keyvalue.KeyValueHandler (ContainerUtils.java:logAndReturnError(146)) - Operation: CreateContainer : Trace ID: 3a78a6ea7ee8acc8:d873a3dcab92824d:ab20ee0ad651aec3:0 : Message: Container creation failed, due to disk out of space : Result: DISK_OUT_OF_SPACE
2019-07-30 08:13:40,252 INFO  keyvalue.KeyValueHandler (ContainerUtils.java:logAndReturnError(146)) - Operation: CreateContainer : Trace ID: 3a78a6ea7ee8acc8:d873a3dcab92824d:ab20ee0ad651aec3:0 : Message: Container creation failed, due to disk out of space : Result: DISK_OUT_OF_SPACE
08:13:40.252 [pool-70-thread-12] ERROR DNAudit - user=null | ip=null | op=WRITE_CHUNK {blockData=conID: 3 locID: 102529395596656647 bcsId: 0} | ret=FAILURE
org.apache.hadoop.hdds.scm.container.common.helpers.StorageContainerException: ContainerID 3 creation failed
	at org.apache.hadoop.ozone.container.common.impl.HddsDispatcher.dispatchRequest(HddsDispatcher.java:227) ~[classes/:?]
	at org.apache.hadoop.ozone.container.common.impl.HddsDispatcher.dispatch(HddsDispatcher.java:148) ~[classes/:?]
	at org.apache.hadoop.ozone.container.common.transport.server.ratis.ContainerStateMachine.dispatchCommand(ContainerStateMachine.java:374) ~[classes/:?]
	at org.apache.hadoop.ozone.container.common.transport.server.ratis.ContainerStateMachine.runCommand(ContainerStateMachine.java:381) ~[classes/:?]
	at org.apache.hadoop.ozone.container.common.transport.server.ratis.ContainerStateMachine.lambda$handleWriteChunk$1(ContainerStateMachine.java:412) ~[classes/:?]
	at java.util.concurrent.CompletableFuture$AsyncSupply.run(CompletableFuture.java:1590) [?:1.8.0_212]
	at java.util.concurrent.ThreadPoolExecutor.runWorker(ThreadPoolExecutor.java:1149) [?:1.8.0_212]
	at java.util.concurrent.ThreadPoolExecutor$Worker.run(ThreadPoolExecutor.java:624) [?:1.8.0_212]
	at java.lang.Thread.run(Thread.java:748) [?:1.8.0_212]
08:13:40.252 [pool-59-thread-12] ERROR DNAudit - user=null | ip=null | op=WRITE_CHUNK {blockData=conID: 3 locID: 102529395596656647 bcsId: 0} | ret=FAILURE
org.apache.hadoop.hdds.scm.container.common.helpers.StorageContainerException: ContainerID 3 creation failed
	at org.apache.hadoop.ozone.container.common.impl.HddsDispatcher.dispatchRequest(HddsDispatcher.java:227) ~[classes/:?]
	at org.apache.hadoop.ozone.container.common.impl.HddsDispatcher.dispatch(HddsDispatcher.java:148) ~[classes/:?]
	at org.apache.hadoop.ozone.container.common.transport.server.ratis.ContainerStateMachine.dispatchCommand(ContainerStateMachine.java:374) ~[classes/:?]
	at org.apache.hadoop.ozone.container.common.transport.server.ratis.ContainerStateMachine.runCommand(ContainerStateMachine.java:381) ~[classes/:?]
	at org.apache.hadoop.ozone.container.common.transport.server.ratis.ContainerStateMachine.lambda$handleWriteChunk$1(ContainerStateMachine.java:412) ~[classes/:?]
	at java.util.concurrent.CompletableFuture$AsyncSupply.run(CompletableFuture.java:1590) [?:1.8.0_212]
	at java.util.concurrent.ThreadPoolExecutor.runWorker(ThreadPoolExecutor.java:1149) [?:1.8.0_212]
	at java.util.concurrent.ThreadPoolExecutor$Worker.run(ThreadPoolExecutor.java:624) [?:1.8.0_212]
	at java.lang.Thread.run(Thread.java:748) [?:1.8.0_212]
2019-07-30 08:13:40,253 INFO  impl.HddsDispatcher (ContainerUtils.java:logAndReturnError(146)) - Operation: WriteChunk : Trace ID: 3a78a6ea7ee8acc8:d873a3dcab92824d:ab20ee0ad651aec3:0 : Message: ContainerID 3 creation failed : Result: DISK_OUT_OF_SPACE
2019-07-30 08:13:40,253 INFO  impl.HddsDispatcher (ContainerUtils.java:logAndReturnError(146)) - Operation: WriteChunk : Trace ID: 3a78a6ea7ee8acc8:d873a3dcab92824d:ab20ee0ad651aec3:0 : Message: ContainerID 3 creation failed : Result: DISK_OUT_OF_SPACE
08:13:40.253 [RatisApplyTransactionExecutor 3] ERROR DNAudit - user=null | ip=null | op=PUT_BLOCK {blockData=[blockId=conID: 3 locID: 102529395596656647 bcsId: 0,size=1048576]} | ret=FAILURE
org.apache.hadoop.hdds.scm.container.common.helpers.StorageContainerException: ContainerID 3 does not exist
	at org.apache.hadoop.ozone.container.common.impl.HddsDispatcher.dispatchRequest(HddsDispatcher.java:242) ~[classes/:?]
	at org.apache.hadoop.ozone.container.common.impl.HddsDispatcher.dispatch(HddsDispatcher.java:148) ~[classes/:?]
	at org.apache.hadoop.ozone.container.common.transport.server.ratis.ContainerStateMachine.dispatchCommand(ContainerStateMachine.java:374) ~[classes/:?]
	at org.apache.hadoop.ozone.container.common.transport.server.ratis.ContainerStateMachine.runCommand(ContainerStateMachine.java:381) ~[classes/:?]
	at org.apache.hadoop.ozone.container.common.transport.server.ratis.ContainerStateMachine.lambda$applyTransaction$6(ContainerStateMachine.java:647) ~[classes/:?]
	at java.util.concurrent.CompletableFuture$AsyncSupply.run(CompletableFuture.java:1590) [?:1.8.0_212]
	at java.util.concurrent.ThreadPoolExecutor.runWorker(ThreadPoolExecutor.java:1149) [?:1.8.0_212]
	at java.util.concurrent.ThreadPoolExecutor$Worker.run(ThreadPoolExecutor.java:624) [?:1.8.0_212]
	at java.lang.Thread.run(Thread.java:748) [?:1.8.0_212]
2019-07-30 08:13:40,254 INFO  impl.HddsDispatcher (ContainerUtils.java:logAndReturnError(146)) - Operation: PutBlock : Trace ID: 3a78a6ea7ee8acc8:98abd70f88fe7baf:ab20ee0ad651aec3:0 : Message: ContainerID 3 does not exist : Result: CONTAINER_NOT_FOUND
2019-07-30 08:13:40,257 INFO  client.GrpcClientProtocolClient (GrpcClientProtocolClient.java:onNext(255)) - client-B41C3B058AE6->f33898ba-2b62-4ce4-ab71-14aa87786dcc: receive RaftClientReply:client-B41C3B058AE6->f33898ba-2b62-4ce4-ab71-14aa87786dcc@group-73344E003E3A, cid=32, SUCCESS, logIndex=43, commits[f33898ba-2b62-4ce4-ab71-14aa87786dcc:c43, f8715fb8-c4cb-4752-8a75-3623ffa79ca5:c41, 94b83ede-78cc-4b17-9c54-d7e0e5e6e3c6:c41]
08:13:40.266 [RatisApplyTransactionExecutor 3] ERROR DNAudit - user=null | ip=null | op=WRITE_CHUNK {blockData=conID: 3 locID: 102529395596656647 bcsId: 0} | ret=FAILURE
org.apache.hadoop.hdds.scm.container.common.helpers.StorageContainerException: ContainerID 3 does not exist
	at org.apache.hadoop.ozone.container.common.impl.HddsDispatcher.dispatchRequest(HddsDispatcher.java:242) ~[classes/:?]
	at org.apache.hadoop.ozone.container.common.impl.HddsDispatcher.dispatch(HddsDispatcher.java:148) ~[classes/:?]
	at org.apache.hadoop.ozone.container.common.transport.server.ratis.ContainerStateMachine.dispatchCommand(ContainerStateMachine.java:374) ~[classes/:?]
	at org.apache.hadoop.ozone.container.common.transport.server.ratis.ContainerStateMachine.runCommand(ContainerStateMachine.java:381) ~[classes/:?]
	at org.apache.hadoop.ozone.container.common.transport.server.ratis.ContainerStateMachine.lambda$applyTransaction$6(ContainerStateMachine.java:647) ~[classes/:?]
	at java.util.concurrent.CompletableFuture$AsyncSupply.run(CompletableFuture.java:1590) [?:1.8.0_212]
	at java.util.concurrent.ThreadPoolExecutor.runWorker(ThreadPoolExecutor.java:1149) [?:1.8.0_212]
	at java.util.concurrent.ThreadPoolExecutor$Worker.run(ThreadPoolExecutor.java:624) [?:1.8.0_212]
	at java.lang.Thread.run(Thread.java:748) [?:1.8.0_212]
2019-07-30 08:13:40,267 INFO  impl.HddsDispatcher (ContainerUtils.java:logAndReturnError(146)) - Operation: WriteChunk : Trace ID: 3a78a6ea7ee8acc8:d873a3dcab92824d:ab20ee0ad651aec3:0 : Message: ContainerID 3 does not exist : Result: CONTAINER_NOT_FOUND
08:13:40.268 [RatisApplyTransactionExecutor 3] ERROR DNAudit - user=null | ip=null | op=PUT_BLOCK {blockData=[blockId=conID: 3 locID: 102529395596656647 bcsId: 0,size=2097152]} | ret=FAILURE
org.apache.hadoop.hdds.scm.container.common.helpers.StorageContainerException: ContainerID 3 does not exist
	at org.apache.hadoop.ozone.container.common.impl.HddsDispatcher.dispatchRequest(HddsDispatcher.java:242) ~[classes/:?]
	at org.apache.hadoop.ozone.container.common.impl.HddsDispatcher.dispatch(HddsDispatcher.java:148) ~[classes/:?]
	at org.apache.hadoop.ozone.container.common.transport.server.ratis.ContainerStateMachine.dispatchCommand(ContainerStateMachine.java:374) ~[classes/:?]
	at org.apache.hadoop.ozone.container.common.transport.server.ratis.ContainerStateMachine.runCommand(ContainerStateMachine.java:381) ~[classes/:?]
	at org.apache.hadoop.ozone.container.common.transport.server.ratis.ContainerStateMachine.lambda$applyTransaction$6(ContainerStateMachine.java:647) ~[classes/:?]
	at java.util.concurrent.CompletableFuture$AsyncSupply.run(CompletableFuture.java:1590) [?:1.8.0_212]
	at java.util.concurrent.ThreadPoolExecutor.runWorker(ThreadPoolExecutor.java:1149) [?:1.8.0_212]
	at java.util.concurrent.ThreadPoolExecutor$Worker.run(ThreadPoolExecutor.java:624) [?:1.8.0_212]
	at java.lang.Thread.run(Thread.java:748) [?:1.8.0_212]
2019-07-30 08:13:40,274 INFO  impl.HddsDispatcher (ContainerUtils.java:logAndReturnError(146)) - Operation: PutBlock : Trace ID: 3a78a6ea7ee8acc8:cd508df8a012becb:ab20ee0ad651aec3:0 : Message: ContainerID 3 does not exist : Result: CONTAINER_NOT_FOUND
2019-07-30 08:13:40,274 INFO  client.GrpcClientProtocolClient (GrpcClientProtocolClient.java:onNext(255)) - client-B41C3B058AE6->f33898ba-2b62-4ce4-ab71-14aa87786dcc: receive RaftClientReply:client-B41C3B058AE6->f33898ba-2b62-4ce4-ab71-14aa87786dcc@group-73344E003E3A, cid=33, SUCCESS, logIndex=44, commits[f33898ba-2b62-4ce4-ab71-14aa87786dcc:c45, f8715fb8-c4cb-4752-8a75-3623ffa79ca5:c42, 94b83ede-78cc-4b17-9c54-d7e0e5e6e3c6:c42]
2019-07-30 08:13:40,276 INFO  client.GrpcClientProtocolClient (GrpcClientProtocolClient.java:onNext(255)) - client-B41C3B058AE6->f33898ba-2b62-4ce4-ab71-14aa87786dcc: receive RaftClientReply:client-B41C3B058AE6->f33898ba-2b62-4ce4-ab71-14aa87786dcc@group-73344E003E3A, cid=34, SUCCESS, logIndex=45, commits[f33898ba-2b62-4ce4-ab71-14aa87786dcc:c45, f8715fb8-c4cb-4752-8a75-3623ffa79ca5:c42, 94b83ede-78cc-4b17-9c54-d7e0e5e6e3c6:c42]
2019-07-30 08:13:40,279 ERROR freon.RandomKeyGenerator (RandomKeyGenerator.java:createKey(730)) - Exception while adding key: key-0-07109 in bucket: bucket-0-02145 of volume: vol-0-03677.
java.io.IOException: Unexpected Storage Container Exception: org.apache.hadoop.hdds.scm.container.common.helpers.StorageContainerException: ContainerID 3 does not exist
	at org.apache.hadoop.hdds.scm.storage.BlockOutputStream.setIoException(BlockOutputStream.java:541)
	at org.apache.hadoop.hdds.scm.storage.BlockOutputStream.validateResponse(BlockOutputStream.java:532)
	at org.apache.hadoop.hdds.scm.storage.BlockOutputStream.lambda$writeChunkToContainer$2(BlockOutputStream.java:606)
	at java.util.concurrent.CompletableFuture.uniApply(CompletableFuture.java:602)
	at java.util.concurrent.CompletableFuture$UniApply.tryFire(CompletableFuture.java:577)
	at java.util.concurrent.CompletableFuture$Completion.run(CompletableFuture.java:442)
	at java.util.concurrent.ThreadPoolExecutor.runWorker(ThreadPoolExecutor.java:1149)
	at java.util.concurrent.ThreadPoolExecutor$Worker.run(ThreadPoolExecutor.java:624)
	at java.lang.Thread.run(Thread.java:748)
Caused by: org.apache.hadoop.hdds.scm.container.common.helpers.StorageContainerException: ContainerID 3 does not exist
	at org.apache.hadoop.hdds.scm.storage.ContainerProtocolCalls.validateContainerResponse(ContainerProtocolCalls.java:536)
	at org.apache.hadoop.hdds.scm.storage.BlockOutputStream.validateResponse(BlockOutputStream.java:529)
	... 7 more
08:13:40.280 [RatisApplyTransactionExecutor 3] ERROR DNAudit - user=null | ip=null | op=PUT_BLOCK {blockData=[blockId=conID: 3 locID: 102529395596656647 bcsId: 0,size=1048576]} | ret=FAILURE
org.apache.hadoop.hdds.scm.container.common.helpers.StorageContainerException: ContainerID 3 does not exist
	at org.apache.hadoop.ozone.container.common.impl.HddsDispatcher.dispatchRequest(HddsDispatcher.java:242) ~[classes/:?]
	at org.apache.hadoop.ozone.container.common.impl.HddsDispatcher.dispatch(HddsDispatcher.java:148) ~[classes/:?]
	at org.apache.hadoop.ozone.container.common.transport.server.ratis.ContainerStateMachine.dispatchCommand(ContainerStateMachine.java:374) ~[classes/:?]
	at org.apache.hadoop.ozone.container.common.transport.server.ratis.ContainerStateMachine.runCommand(ContainerStateMachine.java:381) ~[classes/:?]
	at org.apache.hadoop.ozone.container.common.transport.server.ratis.ContainerStateMachine.lambda$applyTransaction$6(ContainerStateMachine.java:647) ~[classes/:?]
	at java.util.concurrent.CompletableFuture$AsyncSupply.run(CompletableFuture.java:1590) [?:1.8.0_212]
	at java.util.concurrent.ThreadPoolExecutor.runWorker(ThreadPoolExecutor.java:1149) [?:1.8.0_212]
	at java.util.concurrent.ThreadPoolExecutor$Worker.run(ThreadPoolExecutor.java:624) [?:1.8.0_212]
	at java.lang.Thread.run(Thread.java:748) [?:1.8.0_212]
08:13:40.280 [RatisApplyTransactionExecutor 3] ERROR DNAudit - user=null | ip=null | op=PUT_BLOCK {blockData=[blockId=conID: 3 locID: 102529395596656647 bcsId: 0,size=1048576]} | ret=FAILURE
org.apache.hadoop.hdds.scm.container.common.helpers.StorageContainerException: ContainerID 3 does not exist
	at org.apache.hadoop.ozone.container.common.impl.HddsDispatcher.dispatchRequest(HddsDispatcher.java:242) ~[classes/:?]
	at org.apache.hadoop.ozone.container.common.impl.HddsDispatcher.dispatch(HddsDispatcher.java:148) ~[classes/:?]
	at org.apache.hadoop.ozone.container.common.transport.server.ratis.ContainerStateMachine.dispatchCommand(ContainerStateMachine.java:374) ~[classes/:?]
	at org.apache.hadoop.ozone.container.common.transport.server.ratis.ContainerStateMachine.runCommand(ContainerStateMachine.java:381) ~[classes/:?]
	at org.apache.hadoop.ozone.container.common.transport.server.ratis.ContainerStateMachine.lambda$applyTransaction$6(ContainerStateMachine.java:647) ~[classes/:?]
	at java.util.concurrent.CompletableFuture$AsyncSupply.run(CompletableFuture.java:1590) [?:1.8.0_212]
	at java.util.concurrent.ThreadPoolExecutor.runWorker(ThreadPoolExecutor.java:1149) [?:1.8.0_212]
	at java.util.concurrent.ThreadPoolExecutor$Worker.run(ThreadPoolExecutor.java:624) [?:1.8.0_212]
	at java.lang.Thread.run(Thread.java:748) [?:1.8.0_212]
2019-07-30 08:13:40,280 INFO  impl.HddsDispatcher (ContainerUtils.java:logAndReturnError(146)) - Operation: PutBlock : Trace ID: 3a78a6ea7ee8acc8:98abd70f88fe7baf:ab20ee0ad651aec3:0 : Message: ContainerID 3 does not exist : Result: CONTAINER_NOT_FOUND
2019-07-30 08:13:40,280 INFO  impl.HddsDispatcher (ContainerUtils.java:logAndReturnError(146)) - Operation: PutBlock : Trace ID: 3a78a6ea7ee8acc8:98abd70f88fe7baf:ab20ee0ad651aec3:0 : Message: ContainerID 3 does not exist : Result: CONTAINER_NOT_FOUND
08:13:40.290 [RatisApplyTransactionExecutor 3] ERROR DNAudit - user=null | ip=null | op=WRITE_CHUNK {blockData=conID: 3 locID: 102529395596656647 bcsId: 0} | ret=FAILURE
org.apache.hadoop.hdds.scm.container.common.helpers.StorageContainerException: ContainerID 3 does not exist
	at org.apache.hadoop.ozone.container.common.impl.HddsDispatcher.dispatchRequest(HddsDispatcher.java:242) ~[classes/:?]
	at org.apache.hadoop.ozone.container.common.impl.HddsDispatcher.dispatch(HddsDispatcher.java:148) ~[classes/:?]
	at org.apache.hadoop.ozone.container.common.transport.server.ratis.ContainerStateMachine.dispatchCommand(ContainerStateMachine.java:374) ~[classes/:?]
	at org.apache.hadoop.ozone.container.common.transport.server.ratis.ContainerStateMachine.runCommand(ContainerStateMachine.java:381) ~[classes/:?]
	at org.apache.hadoop.ozone.container.common.transport.server.ratis.ContainerStateMachine.lambda$applyTransaction$6(ContainerStateMachine.java:647) ~[classes/:?]
	at java.util.concurrent.CompletableFuture$AsyncSupply.run(CompletableFuture.java:1590) [?:1.8.0_212]
	at java.util.concurrent.ThreadPoolExecutor.runWorker(ThreadPoolExecutor.java:1149) [?:1.8.0_212]
	at java.util.concurrent.ThreadPoolExecutor$Worker.run(ThreadPoolExecutor.java:624) [?:1.8.0_212]
	at java.lang.Thread.run(Thread.java:748) [?:1.8.0_212]
08:13:40.290 [RatisApplyTransactionExecutor 3] ERROR DNAudit - user=null | ip=null | op=WRITE_CHUNK {blockData=conID: 3 locID: 102529395596656647 bcsId: 0} | ret=FAILURE
org.apache.hadoop.hdds.scm.container.common.helpers.StorageContainerException: ContainerID 3 does not exist
	at org.apache.hadoop.ozone.container.common.impl.HddsDispatcher.dispatchRequest(HddsDispatcher.java:242) ~[classes/:?]
	at org.apache.hadoop.ozone.container.common.impl.HddsDispatcher.dispatch(HddsDispatcher.java:148) ~[classes/:?]
	at org.apache.hadoop.ozone.container.common.transport.server.ratis.ContainerStateMachine.dispatchCommand(ContainerStateMachine.java:374) ~[classes/:?]
	at org.apache.hadoop.ozone.container.common.transport.server.ratis.ContainerStateMachine.runCommand(ContainerStateMachine.java:381) ~[classes/:?]
	at org.apache.hadoop.ozone.container.common.transport.server.ratis.ContainerStateMachine.lambda$applyTransaction$6(ContainerStateMachine.java:647) ~[classes/:?]
	at java.util.concurrent.CompletableFuture$AsyncSupply.run(CompletableFuture.java:1590) [?:1.8.0_212]
	at java.util.concurrent.ThreadPoolExecutor.runWorker(ThreadPoolExecutor.java:1149) [?:1.8.0_212]
	at java.util.concurrent.ThreadPoolExecutor$Worker.run(ThreadPoolExecutor.java:624) [?:1.8.0_212]
	at java.lang.Thread.run(Thread.java:748) [?:1.8.0_212]
2019-07-30 08:13:40,290 INFO  impl.HddsDispatcher (ContainerUtils.java:logAndReturnError(146)) - Operation: WriteChunk : Trace ID: 3a78a6ea7ee8acc8:d873a3dcab92824d:ab20ee0ad651aec3:0 : Message: ContainerID 3 does not exist : Result: CONTAINER_NOT_FOUND
2019-07-30 08:13:40,291 INFO  impl.HddsDispatcher (ContainerUtils.java:logAndReturnError(146)) - Operation: WriteChunk : Trace ID: 3a78a6ea7ee8acc8:d873a3dcab92824d:ab20ee0ad651aec3:0 : Message: ContainerID 3 does not exist : Result: CONTAINER_NOT_FOUND
08:13:40.291 [RatisApplyTransactionExecutor 3] ERROR DNAudit - user=null | ip=null | op=PUT_BLOCK {blockData=[blockId=conID: 3 locID: 102529395596656647 bcsId: 0,size=2097152]} | ret=FAILURE
org.apache.hadoop.hdds.scm.container.common.helpers.StorageContainerException: ContainerID 3 does not exist
	at org.apache.hadoop.ozone.container.common.impl.HddsDispatcher.dispatchRequest(HddsDispatcher.java:242) ~[classes/:?]
	at org.apache.hadoop.ozone.container.common.impl.HddsDispatcher.dispatch(HddsDispatcher.java:148) ~[classes/:?]
	at org.apache.hadoop.ozone.container.common.transport.server.ratis.ContainerStateMachine.dispatchCommand(ContainerStateMachine.java:374) ~[classes/:?]
	at org.apache.hadoop.ozone.container.common.transport.server.ratis.ContainerStateMachine.runCommand(ContainerStateMachine.java:381) ~[classes/:?]
	at org.apache.hadoop.ozone.container.common.transport.server.ratis.ContainerStateMachine.lambda$applyTransaction$6(ContainerStateMachine.java:647) ~[classes/:?]
	at java.util.concurrent.CompletableFuture$AsyncSupply.run(CompletableFuture.java:1590) [?:1.8.0_212]
	at java.util.concurrent.ThreadPoolExecutor.runWorker(ThreadPoolExecutor.java:1149) [?:1.8.0_212]
	at java.util.concurrent.ThreadPoolExecutor$Worker.run(ThreadPoolExecutor.java:624) [?:1.8.0_212]
	at java.lang.Thread.run(Thread.java:748) [?:1.8.0_212]
2019-07-30 08:13:40,292 INFO  impl.HddsDispatcher (ContainerUtils.java:logAndReturnError(146)) - Operation: PutBlock : Trace ID: 3a78a6ea7ee8acc8:cd508df8a012becb:ab20ee0ad651aec3:0 : Message: ContainerID 3 does not exist : Result: CONTAINER_NOT_FOUND
08:13:40.292 [RatisApplyTransactionExecutor 3] ERROR DNAudit - user=null | ip=null | op=PUT_BLOCK {blockData=[blockId=conID: 3 locID: 102529395596656647 bcsId: 0,size=2097152]} | ret=FAILURE
org.apache.hadoop.hdds.scm.container.common.helpers.StorageContainerException: ContainerID 3 does not exist
	at org.apache.hadoop.ozone.container.common.impl.HddsDispatcher.dispatchRequest(HddsDispatcher.java:242) ~[classes/:?]
	at org.apache.hadoop.ozone.container.common.impl.HddsDispatcher.dispatch(HddsDispatcher.java:148) ~[classes/:?]
	at org.apache.hadoop.ozone.container.common.transport.server.ratis.ContainerStateMachine.dispatchCommand(ContainerStateMachine.java:374) ~[classes/:?]
	at org.apache.hadoop.ozone.container.common.transport.server.ratis.ContainerStateMachine.runCommand(ContainerStateMachine.java:381) ~[classes/:?]
	at org.apache.hadoop.ozone.container.common.transport.server.ratis.ContainerStateMachine.lambda$applyTransaction$6(ContainerStateMachine.java:647) ~[classes/:?]
	at java.util.concurrent.CompletableFuture$AsyncSupply.run(CompletableFuture.java:1590) [?:1.8.0_212]
	at java.util.concurrent.ThreadPoolExecutor.runWorker(ThreadPoolExecutor.java:1149) [?:1.8.0_212]
	at java.util.concurrent.ThreadPoolExecutor$Worker.run(ThreadPoolExecutor.java:624) [?:1.8.0_212]
	at java.lang.Thread.run(Thread.java:748) [?:1.8.0_212]
2019-07-30 08:13:40,293 INFO  impl.HddsDispatcher (ContainerUtils.java:logAndReturnError(146)) - Operation: PutBlock : Trace ID: 3a78a6ea7ee8acc8:cd508df8a012becb:ab20ee0ad651aec3:0 : Message: ContainerID 3 does not exist : Result: CONTAINER_NOT_FOUND
 0.00% |█                                                                                                    |  0/1 Time: 0:00:01 0.00% |█                                                                                                    |  0/1 Time: 0:00:02 0.00% |█                                                                                                    |  0/1 Time: 0:00:03 0.00% |█                                                                                                    |  0/1 Time: 0:00:04 100.00% |█████████████████████████████████████████████████████████████████████████████████████████████████████|  1/1 Time: 0:00:05
]]></system-out>
  </testcase>
  <testcase name="validateWriteTest" classname="org.apache.hadoop.ozone.freon.TestDataValidateWithUnsafeByteOperations" time="5.686">
    <error message="Unexpected Storage Container Exception: org.apache.hadoop.hdds.scm.container.common.helpers.StorageContainerException: ContainerID 3 does not exist" type="java.io.IOException">java.io.IOException: Unexpected Storage Container Exception: org.apache.hadoop.hdds.scm.container.common.helpers.StorageContainerException: ContainerID 3 does not exist
	at org.apache.hadoop.hdds.scm.storage.BlockOutputStream.setIoException(BlockOutputStream.java:541)
	at org.apache.hadoop.hdds.scm.storage.BlockOutputStream.validateResponse(BlockOutputStream.java:532)
	at org.apache.hadoop.hdds.scm.storage.BlockOutputStream.lambda$writeChunkToContainer$2(BlockOutputStream.java:606)
	at java.util.concurrent.CompletableFuture.uniApply(CompletableFuture.java:602)
	at java.util.concurrent.CompletableFuture$UniApply.tryFire(CompletableFuture.java:577)
	at java.util.concurrent.CompletableFuture$Completion.run(CompletableFuture.java:442)
	at java.util.concurrent.ThreadPoolExecutor.runWorker(ThreadPoolExecutor.java:1149)
	at java.util.concurrent.ThreadPoolExecutor$Worker.run(ThreadPoolExecutor.java:624)
	at java.lang.Thread.run(Thread.java:748)
Caused by: org.apache.hadoop.hdds.scm.container.common.helpers.StorageContainerException: ContainerID 3 does not exist
	at org.apache.hadoop.hdds.scm.storage.ContainerProtocolCalls.validateContainerResponse(ContainerProtocolCalls.java:536)
	at org.apache.hadoop.hdds.scm.storage.BlockOutputStream.validateResponse(BlockOutputStream.java:529)
	... 7 more
</error>
    <system-out><![CDATA[2019-07-30 08:13:50,102 INFO  freon.RandomKeyGenerator (RandomKeyGenerator.java:call(278)) - Number of Threads: 10
2019-07-30 08:13:50,102 INFO  freon.RandomKeyGenerator (RandomKeyGenerator.java:call(283)) - Number of Volumes: 2.
2019-07-30 08:13:50,102 INFO  freon.RandomKeyGenerator (RandomKeyGenerator.java:call(284)) - Number of Buckets per Volume: 5.
2019-07-30 08:13:50,103 INFO  freon.RandomKeyGenerator (RandomKeyGenerator.java:call(285)) - Number of Keys per Bucket: 10.
2019-07-30 08:13:50,103 INFO  freon.RandomKeyGenerator (RandomKeyGenerator.java:call(286)) - Key size: 10240 bytes
2019-07-30 08:13:50,103 INFO  freon.RandomKeyGenerator (RandomKeyGenerator.java:call(287)) - Buffer size: 4096 bytes
2019-07-30 08:13:50,104 INFO  rpc.RpcClient (RpcClient.java:createVolume(288)) - Creating Volume: vol-0-87176, with jenkins1000 as owner.
2019-07-30 08:13:50,104 INFO  rpc.RpcClient (RpcClient.java:createVolume(288)) - Creating Volume: vol-1-51532, with jenkins1000 as owner.
2019-07-30 08:13:50,105 INFO  freon.RandomKeyGenerator (RandomKeyGenerator.java:call(301)) - Data validation is enabled.
2019-07-30 08:13:50,105 INFO  freon.RandomKeyGenerator (RandomKeyGenerator.java:call(307)) - Starting progress bar Thread.

 0.00% |█                                                                                                    |  0/100 Time: 0:00:002019-07-30 08:13:50,118 INFO  rpc.RpcClient (RpcClient.java:createBucket(425)) - Creating Bucket: vol-1-51532/bucket-4-86695, with Versioning false and Storage Type set to DISK and Encryption set to false 
2019-07-30 08:13:50,124 INFO  rpc.RpcClient (RpcClient.java:createBucket(425)) - Creating Bucket: vol-0-87176/bucket-0-42730, with Versioning false and Storage Type set to DISK and Encryption set to false 
2019-07-30 08:13:50,125 INFO  rpc.RpcClient (RpcClient.java:createBucket(425)) - Creating Bucket: vol-1-51532/bucket-0-55620, with Versioning false and Storage Type set to DISK and Encryption set to false 
2019-07-30 08:13:50,125 INFO  rpc.RpcClient (RpcClient.java:createBucket(425)) - Creating Bucket: vol-0-87176/bucket-1-09535, with Versioning false and Storage Type set to DISK and Encryption set to false 
2019-07-30 08:13:50,125 INFO  rpc.RpcClient (RpcClient.java:createBucket(425)) - Creating Bucket: vol-1-51532/bucket-1-66382, with Versioning false and Storage Type set to DISK and Encryption set to false 
2019-07-30 08:13:50,127 INFO  rpc.RpcClient (RpcClient.java:createBucket(425)) - Creating Bucket: vol-1-51532/bucket-3-93622, with Versioning false and Storage Type set to DISK and Encryption set to false 
2019-07-30 08:13:50,129 INFO  rpc.RpcClient (RpcClient.java:createBucket(425)) - Creating Bucket: vol-0-87176/bucket-2-24801, with Versioning false and Storage Type set to DISK and Encryption set to false 
2019-07-30 08:13:50,129 INFO  rpc.RpcClient (RpcClient.java:createBucket(425)) - Creating Bucket: vol-0-87176/bucket-4-68477, with Versioning false and Storage Type set to DISK and Encryption set to false 
2019-07-30 08:13:50,129 INFO  rpc.RpcClient (RpcClient.java:createBucket(425)) - Creating Bucket: vol-0-87176/bucket-3-93060, with Versioning false and Storage Type set to DISK and Encryption set to false 
2019-07-30 08:13:50,129 INFO  rpc.RpcClient (RpcClient.java:createBucket(425)) - Creating Bucket: vol-1-51532/bucket-2-20170, with Versioning false and Storage Type set to DISK and Encryption set to false 
2019-07-30 08:13:50,183 INFO  client.GrpcClientProtocolClient (GrpcClientProtocolClient.java:onNext(255)) - client-4F28163810AB->f8715fb8-c4cb-4752-8a75-3623ffa79ca5: receive RaftClientReply:client-4F28163810AB->f8715fb8-c4cb-4752-8a75-3623ffa79ca5@group-73344E003E3A, cid=35, FAILED org.apache.ratis.protocol.NotLeaderException: Server f8715fb8-c4cb-4752-8a75-3623ffa79ca5 is not the leader (f33898ba-2b62-4ce4-ab71-14aa87786dcc:192.168.69.113:45433). Request must be sent to leader., logIndex=0, commits[f8715fb8-c4cb-4752-8a75-3623ffa79ca5:c48, 94b83ede-78cc-4b17-9c54-d7e0e5e6e3c6:c48, f33898ba-2b62-4ce4-ab71-14aa87786dcc:c48]
2019-07-30 08:13:50,240 INFO  client.GrpcClientProtocolClient (GrpcClientProtocolClient.java:onNext(255)) - client-4F28163810AB->f33898ba-2b62-4ce4-ab71-14aa87786dcc: receive RaftClientReply:client-4F28163810AB->f33898ba-2b62-4ce4-ab71-14aa87786dcc@group-73344E003E3A, cid=35, SUCCESS, logIndex=49, commits[f33898ba-2b62-4ce4-ab71-14aa87786dcc:c49, f8715fb8-c4cb-4752-8a75-3623ffa79ca5:c48, 94b83ede-78cc-4b17-9c54-d7e0e5e6e3c6:c48]
2019-07-30 08:13:50,256 INFO  keyvalue.KeyValueHandler (ContainerUtils.java:logAndReturnError(146)) - Operation: CreateContainer : Trace ID: a2a8425e1483fb1a:81b213cfc915df6e:9818a4a82f83d019:0 : Message: Container creation failed, due to disk out of space : Result: DISK_OUT_OF_SPACE
2019-07-30 08:13:50,260 INFO  keyvalue.KeyValueHandler (ContainerUtils.java:logAndReturnError(146)) - Operation: CreateContainer : Trace ID: a2a8425e1483fb1a:81b213cfc915df6e:9818a4a82f83d019:0 : Message: Container creation failed, due to disk out of space : Result: DISK_OUT_OF_SPACE
2019-07-30 08:13:50,260 INFO  keyvalue.KeyValueHandler (ContainerUtils.java:logAndReturnError(146)) - Operation: CreateContainer : Trace ID: a2a8425e1483fb1a:81b213cfc915df6e:9818a4a82f83d019:0 : Message: Container creation failed, due to disk out of space : Result: DISK_OUT_OF_SPACE
08:13:50.260 [pool-37-thread-49] ERROR DNAudit - user=null | ip=null | op=WRITE_CHUNK {blockData=conID: 3 locID: 102529396254113810 bcsId: 0} | ret=FAILURE
org.apache.hadoop.hdds.scm.container.common.helpers.StorageContainerException: ContainerID 3 creation failed
	at org.apache.hadoop.ozone.container.common.impl.HddsDispatcher.dispatchRequest(HddsDispatcher.java:227) ~[classes/:?]
	at org.apache.hadoop.ozone.container.common.impl.HddsDispatcher.dispatch(HddsDispatcher.java:148) ~[classes/:?]
	at org.apache.hadoop.ozone.container.common.transport.server.ratis.ContainerStateMachine.dispatchCommand(ContainerStateMachine.java:374) ~[classes/:?]
	at org.apache.hadoop.ozone.container.common.transport.server.ratis.ContainerStateMachine.runCommand(ContainerStateMachine.java:381) ~[classes/:?]
	at org.apache.hadoop.ozone.container.common.transport.server.ratis.ContainerStateMachine.lambda$handleWriteChunk$1(ContainerStateMachine.java:412) ~[classes/:?]
	at java.util.concurrent.CompletableFuture$AsyncSupply.run(CompletableFuture.java:1590) [?:1.8.0_212]
	at java.util.concurrent.ThreadPoolExecutor.runWorker(ThreadPoolExecutor.java:1149) [?:1.8.0_212]
	at java.util.concurrent.ThreadPoolExecutor$Worker.run(ThreadPoolExecutor.java:624) [?:1.8.0_212]
	at java.lang.Thread.run(Thread.java:748) [?:1.8.0_212]
08:13:50.260 [pool-70-thread-17] ERROR DNAudit - user=null | ip=null | op=WRITE_CHUNK {blockData=conID: 3 locID: 102529396254113810 bcsId: 0} | ret=FAILURE
org.apache.hadoop.hdds.scm.container.common.helpers.StorageContainerException: ContainerID 3 creation failed
	at org.apache.hadoop.ozone.container.common.impl.HddsDispatcher.dispatchRequest(HddsDispatcher.java:227) ~[classes/:?]
	at org.apache.hadoop.ozone.container.common.impl.HddsDispatcher.dispatch(HddsDispatcher.java:148) ~[classes/:?]
	at org.apache.hadoop.ozone.container.common.transport.server.ratis.ContainerStateMachine.dispatchCommand(ContainerStateMachine.java:374) ~[classes/:?]
	at org.apache.hadoop.ozone.container.common.transport.server.ratis.ContainerStateMachine.runCommand(ContainerStateMachine.java:381) ~[classes/:?]
	at org.apache.hadoop.ozone.container.common.transport.server.ratis.ContainerStateMachine.lambda$handleWriteChunk$1(ContainerStateMachine.java:412) ~[classes/:?]
	at java.util.concurrent.CompletableFuture$AsyncSupply.run(CompletableFuture.java:1590) [?:1.8.0_212]
	at java.util.concurrent.ThreadPoolExecutor.runWorker(ThreadPoolExecutor.java:1149) [?:1.8.0_212]
	at java.util.concurrent.ThreadPoolExecutor$Worker.run(ThreadPoolExecutor.java:624) [?:1.8.0_212]
	at java.lang.Thread.run(Thread.java:748) [?:1.8.0_212]
08:13:50.261 [pool-59-thread-17] ERROR DNAudit - user=null | ip=null | op=WRITE_CHUNK {blockData=conID: 3 locID: 102529396254113810 bcsId: 0} | ret=FAILURE
org.apache.hadoop.hdds.scm.container.common.helpers.StorageContainerException: ContainerID 3 creation failed
	at org.apache.hadoop.ozone.container.common.impl.HddsDispatcher.dispatchRequest(HddsDispatcher.java:227) ~[classes/:?]
	at org.apache.hadoop.ozone.container.common.impl.HddsDispatcher.dispatch(HddsDispatcher.java:148) ~[classes/:?]
	at org.apache.hadoop.ozone.container.common.transport.server.ratis.ContainerStateMachine.dispatchCommand(ContainerStateMachine.java:374) ~[classes/:?]
	at org.apache.hadoop.ozone.container.common.transport.server.ratis.ContainerStateMachine.runCommand(ContainerStateMachine.java:381) ~[classes/:?]
	at org.apache.hadoop.ozone.container.common.transport.server.ratis.ContainerStateMachine.lambda$handleWriteChunk$1(ContainerStateMachine.java:412) ~[classes/:?]
	at java.util.concurrent.CompletableFuture$AsyncSupply.run(CompletableFuture.java:1590) [?:1.8.0_212]
	at java.util.concurrent.ThreadPoolExecutor.runWorker(ThreadPoolExecutor.java:1149) [?:1.8.0_212]
	at java.util.concurrent.ThreadPoolExecutor$Worker.run(ThreadPoolExecutor.java:624) [?:1.8.0_212]
	at java.lang.Thread.run(Thread.java:748) [?:1.8.0_212]
2019-07-30 08:13:50,261 INFO  impl.HddsDispatcher (ContainerUtils.java:logAndReturnError(146)) - Operation: WriteChunk : Trace ID: a2a8425e1483fb1a:81b213cfc915df6e:9818a4a82f83d019:0 : Message: ContainerID 3 creation failed : Result: DISK_OUT_OF_SPACE
2019-07-30 08:13:50,261 INFO  impl.HddsDispatcher (ContainerUtils.java:logAndReturnError(146)) - Operation: WriteChunk : Trace ID: a2a8425e1483fb1a:81b213cfc915df6e:9818a4a82f83d019:0 : Message: ContainerID 3 creation failed : Result: DISK_OUT_OF_SPACE
2019-07-30 08:13:50,261 INFO  impl.HddsDispatcher (ContainerUtils.java:logAndReturnError(146)) - Operation: WriteChunk : Trace ID: a2a8425e1483fb1a:81b213cfc915df6e:9818a4a82f83d019:0 : Message: ContainerID 3 creation failed : Result: DISK_OUT_OF_SPACE
2019-07-30 08:13:50,262 INFO  keyvalue.KeyValueHandler (ContainerUtils.java:logAndReturnError(146)) - Operation: CreateContainer : Trace ID: fda7ae9b033f06bb:45a24271dd21a776:ac5779bb6f5f6388:0 : Message: Container creation failed, due to disk out of space : Result: DISK_OUT_OF_SPACE
08:13:50.262 [pool-37-thread-55] ERROR DNAudit - user=null | ip=null | op=WRITE_CHUNK {blockData=conID: 3 locID: 102529396254572573 bcsId: 0} | ret=FAILURE
org.apache.hadoop.hdds.scm.container.common.helpers.StorageContainerException: ContainerID 3 creation failed
	at org.apache.hadoop.ozone.container.common.impl.HddsDispatcher.dispatchRequest(HddsDispatcher.java:227) ~[classes/:?]
	at org.apache.hadoop.ozone.container.common.impl.HddsDispatcher.dispatch(HddsDispatcher.java:148) ~[classes/:?]
	at org.apache.hadoop.ozone.container.common.transport.server.ratis.ContainerStateMachine.dispatchCommand(ContainerStateMachine.java:374) ~[classes/:?]
	at org.apache.hadoop.ozone.container.common.transport.server.ratis.ContainerStateMachine.runCommand(ContainerStateMachine.java:381) ~[classes/:?]
	at org.apache.hadoop.ozone.container.common.transport.server.ratis.ContainerStateMachine.lambda$handleWriteChunk$1(ContainerStateMachine.java:412) ~[classes/:?]
	at java.util.concurrent.CompletableFuture$AsyncSupply.run(CompletableFuture.java:1590) [?:1.8.0_212]
	at java.util.concurrent.ThreadPoolExecutor.runWorker(ThreadPoolExecutor.java:1149) [?:1.8.0_212]
	at java.util.concurrent.ThreadPoolExecutor$Worker.run(ThreadPoolExecutor.java:624) [?:1.8.0_212]
	at java.lang.Thread.run(Thread.java:748) [?:1.8.0_212]
2019-07-30 08:13:50,263 INFO  impl.HddsDispatcher (ContainerUtils.java:logAndReturnError(146)) - Operation: WriteChunk : Trace ID: fda7ae9b033f06bb:45a24271dd21a776:ac5779bb6f5f6388:0 : Message: ContainerID 3 creation failed : Result: DISK_OUT_OF_SPACE
2019-07-30 08:13:50,265 INFO  keyvalue.KeyValueHandler (ContainerUtils.java:logAndReturnError(146)) - Operation: CreateContainer : Trace ID: fda7ae9b033f06bb:45a24271dd21a776:ac5779bb6f5f6388:0 : Message: Container creation failed, due to disk out of space : Result: DISK_OUT_OF_SPACE
2019-07-30 08:13:50,265 INFO  keyvalue.KeyValueHandler (ContainerUtils.java:logAndReturnError(146)) - Operation: CreateContainer : Trace ID: fda7ae9b033f06bb:45a24271dd21a776:ac5779bb6f5f6388:0 : Message: Container creation failed, due to disk out of space : Result: DISK_OUT_OF_SPACE
08:13:50.265 [pool-70-thread-19] ERROR DNAudit - user=null | ip=null | op=WRITE_CHUNK {blockData=conID: 3 locID: 102529396254572573 bcsId: 0} | ret=FAILURE
org.apache.hadoop.hdds.scm.container.common.helpers.StorageContainerException: ContainerID 3 creation failed
	at org.apache.hadoop.ozone.container.common.impl.HddsDispatcher.dispatchRequest(HddsDispatcher.java:227) ~[classes/:?]
	at org.apache.hadoop.ozone.container.common.impl.HddsDispatcher.dispatch(HddsDispatcher.java:148) ~[classes/:?]
	at org.apache.hadoop.ozone.container.common.transport.server.ratis.ContainerStateMachine.dispatchCommand(ContainerStateMachine.java:374) ~[classes/:?]
	at org.apache.hadoop.ozone.container.common.transport.server.ratis.ContainerStateMachine.runCommand(ContainerStateMachine.java:381) ~[classes/:?]
	at org.apache.hadoop.ozone.container.common.transport.server.ratis.ContainerStateMachine.lambda$handleWriteChunk$1(ContainerStateMachine.java:412) ~[classes/:?]
	at java.util.concurrent.CompletableFuture$AsyncSupply.run(CompletableFuture.java:1590) [?:1.8.0_212]
	at java.util.concurrent.ThreadPoolExecutor.runWorker(ThreadPoolExecutor.java:1149) [?:1.8.0_212]
	at java.util.concurrent.ThreadPoolExecutor$Worker.run(ThreadPoolExecutor.java:624) [?:1.8.0_212]
	at java.lang.Thread.run(Thread.java:748) [?:1.8.0_212]
2019-07-30 08:13:50,268 INFO  impl.HddsDispatcher (ContainerUtils.java:logAndReturnError(146)) - Operation: WriteChunk : Trace ID: fda7ae9b033f06bb:45a24271dd21a776:ac5779bb6f5f6388:0 : Message: ContainerID 3 creation failed : Result: DISK_OUT_OF_SPACE
08:13:50.268 [pool-59-thread-19] ERROR DNAudit - user=null | ip=null | op=WRITE_CHUNK {blockData=conID: 3 locID: 102529396254572573 bcsId: 0} | ret=FAILURE
org.apache.hadoop.hdds.scm.container.common.helpers.StorageContainerException: ContainerID 3 creation failed
	at org.apache.hadoop.ozone.container.common.impl.HddsDispatcher.dispatchRequest(HddsDispatcher.java:227) ~[classes/:?]
	at org.apache.hadoop.ozone.container.common.impl.HddsDispatcher.dispatch(HddsDispatcher.java:148) ~[classes/:?]
	at org.apache.hadoop.ozone.container.common.transport.server.ratis.ContainerStateMachine.dispatchCommand(ContainerStateMachine.java:374) ~[classes/:?]
	at org.apache.hadoop.ozone.container.common.transport.server.ratis.ContainerStateMachine.runCommand(ContainerStateMachine.java:381) ~[classes/:?]
	at org.apache.hadoop.ozone.container.common.transport.server.ratis.ContainerStateMachine.lambda$handleWriteChunk$1(ContainerStateMachine.java:412) ~[classes/:?]
	at java.util.concurrent.CompletableFuture$AsyncSupply.run(CompletableFuture.java:1590) [?:1.8.0_212]
	at java.util.concurrent.ThreadPoolExecutor.runWorker(ThreadPoolExecutor.java:1149) [?:1.8.0_212]
	at java.util.concurrent.ThreadPoolExecutor$Worker.run(ThreadPoolExecutor.java:624) [?:1.8.0_212]
	at java.lang.Thread.run(Thread.java:748) [?:1.8.0_212]
2019-07-30 08:13:50,268 INFO  impl.HddsDispatcher (ContainerUtils.java:logAndReturnError(146)) - Operation: WriteChunk : Trace ID: fda7ae9b033f06bb:45a24271dd21a776:ac5779bb6f5f6388:0 : Message: ContainerID 3 creation failed : Result: DISK_OUT_OF_SPACE
2019-07-30 08:13:50,268 INFO  client.GrpcClientProtocolClient (GrpcClientProtocolClient.java:onNext(255)) - client-4F28163810AB->f33898ba-2b62-4ce4-ab71-14aa87786dcc: receive RaftClientReply:client-4F28163810AB->f33898ba-2b62-4ce4-ab71-14aa87786dcc@group-73344E003E3A, cid=44, SUCCESS, logIndex=51, commits[f33898ba-2b62-4ce4-ab71-14aa87786dcc:c51, f8715fb8-c4cb-4752-8a75-3623ffa79ca5:c50, 94b83ede-78cc-4b17-9c54-d7e0e5e6e3c6:c49]
2019-07-30 08:13:50,270 INFO  keyvalue.KeyValueHandler (ContainerUtils.java:logAndReturnError(146)) - Operation: CreateContainer : Trace ID: 91b5b8a5704bc7ce:df29ce035b1722c7:c4ca943fdf4d0ec1:0 : Message: Container creation failed, due to disk out of space : Result: DISK_OUT_OF_SPACE
08:13:50.271 [pool-37-thread-2] ERROR DNAudit - user=null | ip=null | op=WRITE_CHUNK {blockData=conID: 3 locID: 102529396254310422 bcsId: 0} | ret=FAILURE
org.apache.hadoop.hdds.scm.container.common.helpers.StorageContainerException: ContainerID 3 creation failed
	at org.apache.hadoop.ozone.container.common.impl.HddsDispatcher.dispatchRequest(HddsDispatcher.java:227) ~[classes/:?]
	at org.apache.hadoop.ozone.container.common.impl.HddsDispatcher.dispatch(HddsDispatcher.java:148) ~[classes/:?]
	at org.apache.hadoop.ozone.container.common.transport.server.ratis.ContainerStateMachine.dispatchCommand(ContainerStateMachine.java:374) ~[classes/:?]
	at org.apache.hadoop.ozone.container.common.transport.server.ratis.ContainerStateMachine.runCommand(ContainerStateMachine.java:381) ~[classes/:?]
	at org.apache.hadoop.ozone.container.common.transport.server.ratis.ContainerStateMachine.lambda$handleWriteChunk$1(ContainerStateMachine.java:412) ~[classes/:?]
	at java.util.concurrent.CompletableFuture$AsyncSupply.run(CompletableFuture.java:1590) [?:1.8.0_212]
	at java.util.concurrent.ThreadPoolExecutor.runWorker(ThreadPoolExecutor.java:1149) [?:1.8.0_212]
	at java.util.concurrent.ThreadPoolExecutor$Worker.run(ThreadPoolExecutor.java:624) [?:1.8.0_212]
	at java.lang.Thread.run(Thread.java:748) [?:1.8.0_212]
2019-07-30 08:13:50,271 INFO  impl.HddsDispatcher (ContainerUtils.java:logAndReturnError(146)) - Operation: WriteChunk : Trace ID: 91b5b8a5704bc7ce:df29ce035b1722c7:c4ca943fdf4d0ec1:0 : Message: ContainerID 3 creation failed : Result: DISK_OUT_OF_SPACE
2019-07-30 08:13:50,272 INFO  keyvalue.KeyValueHandler (ContainerUtils.java:logAndReturnError(146)) - Operation: CreateContainer : Trace ID: 91b5b8a5704bc7ce:df29ce035b1722c7:c4ca943fdf4d0ec1:0 : Message: Container creation failed, due to disk out of space : Result: DISK_OUT_OF_SPACE
2019-07-30 08:13:50,273 INFO  keyvalue.KeyValueHandler (ContainerUtils.java:logAndReturnError(146)) - Operation: CreateContainer : Trace ID: 91b5b8a5704bc7ce:df29ce035b1722c7:c4ca943fdf4d0ec1:0 : Message: Container creation failed, due to disk out of space : Result: DISK_OUT_OF_SPACE
08:13:50.273 [pool-59-thread-21] ERROR DNAudit - user=null | ip=null | op=WRITE_CHUNK {blockData=conID: 3 locID: 102529396254310422 bcsId: 0} | ret=FAILURE
org.apache.hadoop.hdds.scm.container.common.helpers.StorageContainerException: ContainerID 3 creation failed
	at org.apache.hadoop.ozone.container.common.impl.HddsDispatcher.dispatchRequest(HddsDispatcher.java:227) ~[classes/:?]
	at org.apache.hadoop.ozone.container.common.impl.HddsDispatcher.dispatch(HddsDispatcher.java:148) ~[classes/:?]
	at org.apache.hadoop.ozone.container.common.transport.server.ratis.ContainerStateMachine.dispatchCommand(ContainerStateMachine.java:374) ~[classes/:?]
	at org.apache.hadoop.ozone.container.common.transport.server.ratis.ContainerStateMachine.runCommand(ContainerStateMachine.java:381) ~[classes/:?]
	at org.apache.hadoop.ozone.container.common.transport.server.ratis.ContainerStateMachine.lambda$handleWriteChunk$1(ContainerStateMachine.java:412) ~[classes/:?]
	at java.util.concurrent.CompletableFuture$AsyncSupply.run(CompletableFuture.java:1590) [?:1.8.0_212]
	at java.util.concurrent.ThreadPoolExecutor.runWorker(ThreadPoolExecutor.java:1149) [?:1.8.0_212]
	at java.util.concurrent.ThreadPoolExecutor$Worker.run(ThreadPoolExecutor.java:624) [?:1.8.0_212]
	at java.lang.Thread.run(Thread.java:748) [?:1.8.0_212]
2019-07-30 08:13:50,273 INFO  impl.HddsDispatcher (ContainerUtils.java:logAndReturnError(146)) - Operation: WriteChunk : Trace ID: 91b5b8a5704bc7ce:df29ce035b1722c7:c4ca943fdf4d0ec1:0 : Message: ContainerID 3 creation failed : Result: DISK_OUT_OF_SPACE
08:13:50.273 [pool-70-thread-21] ERROR DNAudit - user=null | ip=null | op=WRITE_CHUNK {blockData=conID: 3 locID: 102529396254310422 bcsId: 0} | ret=FAILURE
org.apache.hadoop.hdds.scm.container.common.helpers.StorageContainerException: ContainerID 3 creation failed
	at org.apache.hadoop.ozone.container.common.impl.HddsDispatcher.dispatchRequest(HddsDispatcher.java:227) ~[classes/:?]
	at org.apache.hadoop.ozone.container.common.impl.HddsDispatcher.dispatch(HddsDispatcher.java:148) ~[classes/:?]
	at org.apache.hadoop.ozone.container.common.transport.server.ratis.ContainerStateMachine.dispatchCommand(ContainerStateMachine.java:374) ~[classes/:?]
	at org.apache.hadoop.ozone.container.common.transport.server.ratis.ContainerStateMachine.runCommand(ContainerStateMachine.java:381) ~[classes/:?]
	at org.apache.hadoop.ozone.container.common.transport.server.ratis.ContainerStateMachine.lambda$handleWriteChunk$1(ContainerStateMachine.java:412) ~[classes/:?]
	at java.util.concurrent.CompletableFuture$AsyncSupply.run(CompletableFuture.java:1590) [?:1.8.0_212]
	at java.util.concurrent.ThreadPoolExecutor.runWorker(ThreadPoolExecutor.java:1149) [?:1.8.0_212]
	at java.util.concurrent.ThreadPoolExecutor$Worker.run(ThreadPoolExecutor.java:624) [?:1.8.0_212]
	at java.lang.Thread.run(Thread.java:748) [?:1.8.0_212]
2019-07-30 08:13:50,274 INFO  impl.HddsDispatcher (ContainerUtils.java:logAndReturnError(146)) - Operation: WriteChunk : Trace ID: 91b5b8a5704bc7ce:df29ce035b1722c7:c4ca943fdf4d0ec1:0 : Message: ContainerID 3 creation failed : Result: DISK_OUT_OF_SPACE
2019-07-30 08:13:50,280 INFO  client.GrpcClientProtocolClient (GrpcClientProtocolClient.java:onNext(255)) - client-4F28163810AB->f33898ba-2b62-4ce4-ab71-14aa87786dcc: receive RaftClientReply:client-4F28163810AB->f33898ba-2b62-4ce4-ab71-14aa87786dcc@group-73344E003E3A, cid=43, SUCCESS, logIndex=52, commits[f33898ba-2b62-4ce4-ab71-14aa87786dcc:c53, f8715fb8-c4cb-4752-8a75-3623ffa79ca5:c50, 94b83ede-78cc-4b17-9c54-d7e0e5e6e3c6:c50]
08:13:50.279 [RatisApplyTransactionExecutor 3] ERROR DNAudit - user=null | ip=null | op=WRITE_CHUNK {blockData=conID: 3 locID: 102529396254113810 bcsId: 0} | ret=FAILURE
org.apache.hadoop.hdds.scm.container.common.helpers.StorageContainerException: ContainerID 3 does not exist
	at org.apache.hadoop.ozone.container.common.impl.HddsDispatcher.dispatchRequest(HddsDispatcher.java:242) ~[classes/:?]
	at org.apache.hadoop.ozone.container.common.impl.HddsDispatcher.dispatch(HddsDispatcher.java:148) ~[classes/:?]
	at org.apache.hadoop.ozone.container.common.transport.server.ratis.ContainerStateMachine.dispatchCommand(ContainerStateMachine.java:374) ~[classes/:?]
	at org.apache.hadoop.ozone.container.common.transport.server.ratis.ContainerStateMachine.runCommand(ContainerStateMachine.java:381) ~[classes/:?]
	at org.apache.hadoop.ozone.container.common.transport.server.ratis.ContainerStateMachine.lambda$applyTransaction$6(ContainerStateMachine.java:647) ~[classes/:?]
	at java.util.concurrent.CompletableFuture$AsyncSupply.run(CompletableFuture.java:1590) [?:1.8.0_212]
	at java.util.concurrent.ThreadPoolExecutor.runWorker(ThreadPoolExecutor.java:1149) [?:1.8.0_212]
	at java.util.concurrent.ThreadPoolExecutor$Worker.run(ThreadPoolExecutor.java:624) [?:1.8.0_212]
	at java.lang.Thread.run(Thread.java:748) [?:1.8.0_212]
2019-07-30 08:13:50,280 INFO  impl.HddsDispatcher (ContainerUtils.java:logAndReturnError(146)) - Operation: WriteChunk : Trace ID: a2a8425e1483fb1a:81b213cfc915df6e:9818a4a82f83d019:0 : Message: ContainerID 3 does not exist : Result: CONTAINER_NOT_FOUND
2019-07-30 08:13:50,281 INFO  client.GrpcClientProtocolClient (GrpcClientProtocolClient.java:onNext(255)) - client-4F28163810AB->f33898ba-2b62-4ce4-ab71-14aa87786dcc: receive RaftClientReply:client-4F28163810AB->f33898ba-2b62-4ce4-ab71-14aa87786dcc@group-73344E003E3A, cid=42, SUCCESS, logIndex=53, commits[f33898ba-2b62-4ce4-ab71-14aa87786dcc:c53, f8715fb8-c4cb-4752-8a75-3623ffa79ca5:c50, 94b83ede-78cc-4b17-9c54-d7e0e5e6e3c6:c50]
08:13:50.284 [RatisApplyTransactionExecutor 3] ERROR DNAudit - user=null | ip=null | op=WRITE_CHUNK {blockData=conID: 3 locID: 102529396254572573 bcsId: 0} | ret=FAILURE
org.apache.hadoop.hdds.scm.container.common.helpers.StorageContainerException: ContainerID 3 does not exist
	at org.apache.hadoop.ozone.container.common.impl.HddsDispatcher.dispatchRequest(HddsDispatcher.java:242) ~[classes/:?]
	at org.apache.hadoop.ozone.container.common.impl.HddsDispatcher.dispatch(HddsDispatcher.java:148) ~[classes/:?]
	at org.apache.hadoop.ozone.container.common.transport.server.ratis.ContainerStateMachine.dispatchCommand(ContainerStateMachine.java:374) ~[classes/:?]
	at org.apache.hadoop.ozone.container.common.transport.server.ratis.ContainerStateMachine.runCommand(ContainerStateMachine.java:381) ~[classes/:?]
	at org.apache.hadoop.ozone.container.common.transport.server.ratis.ContainerStateMachine.lambda$applyTransaction$6(ContainerStateMachine.java:647) ~[classes/:?]
	at java.util.concurrent.CompletableFuture$AsyncSupply.run(CompletableFuture.java:1590) [?:1.8.0_212]
	at java.util.concurrent.ThreadPoolExecutor.runWorker(ThreadPoolExecutor.java:1149) [?:1.8.0_212]
	at java.util.concurrent.ThreadPoolExecutor$Worker.run(ThreadPoolExecutor.java:624) [?:1.8.0_212]
	at java.lang.Thread.run(Thread.java:748) [?:1.8.0_212]
2019-07-30 08:13:50,284 INFO  impl.HddsDispatcher (ContainerUtils.java:logAndReturnError(146)) - Operation: WriteChunk : Trace ID: fda7ae9b033f06bb:45a24271dd21a776:ac5779bb6f5f6388:0 : Message: ContainerID 3 does not exist : Result: CONTAINER_NOT_FOUND
2019-07-30 08:13:50,285 INFO  client.GrpcClientProtocolClient (GrpcClientProtocolClient.java:onNext(255)) - client-4F28163810AB->f33898ba-2b62-4ce4-ab71-14aa87786dcc: receive RaftClientReply:client-4F28163810AB->f33898ba-2b62-4ce4-ab71-14aa87786dcc@group-73344E003E3A, cid=41, SUCCESS, logIndex=54, commits[f33898ba-2b62-4ce4-ab71-14aa87786dcc:c57, f8715fb8-c4cb-4752-8a75-3623ffa79ca5:c50, 94b83ede-78cc-4b17-9c54-d7e0e5e6e3c6:c50]
2019-07-30 08:13:50,286 INFO  client.GrpcClientProtocolClient (GrpcClientProtocolClient.java:onNext(255)) - client-4F28163810AB->f33898ba-2b62-4ce4-ab71-14aa87786dcc: receive RaftClientReply:client-4F28163810AB->f33898ba-2b62-4ce4-ab71-14aa87786dcc@group-73344E003E3A, cid=45, SUCCESS, logIndex=55, commits[f33898ba-2b62-4ce4-ab71-14aa87786dcc:c59, f8715fb8-c4cb-4752-8a75-3623ffa79ca5:c50, 94b83ede-78cc-4b17-9c54-d7e0e5e6e3c6:c50]
08:13:50.286 [RatisApplyTransactionExecutor 3] ERROR DNAudit - user=null | ip=null | op=WRITE_CHUNK {blockData=conID: 3 locID: 102529396254310422 bcsId: 0} | ret=FAILURE
org.apache.hadoop.hdds.scm.container.common.helpers.StorageContainerException: ContainerID 3 does not exist
	at org.apache.hadoop.ozone.container.common.impl.HddsDispatcher.dispatchRequest(HddsDispatcher.java:242) ~[classes/:?]
	at org.apache.hadoop.ozone.container.common.impl.HddsDispatcher.dispatch(HddsDispatcher.java:148) ~[classes/:?]
	at org.apache.hadoop.ozone.container.common.transport.server.ratis.ContainerStateMachine.dispatchCommand(ContainerStateMachine.java:374) ~[classes/:?]
	at org.apache.hadoop.ozone.container.common.transport.server.ratis.ContainerStateMachine.runCommand(ContainerStateMachine.java:381) ~[classes/:?]
	at org.apache.hadoop.ozone.container.common.transport.server.ratis.ContainerStateMachine.lambda$applyTransaction$6(ContainerStateMachine.java:647) ~[classes/:?]
	at java.util.concurrent.CompletableFuture$AsyncSupply.run(CompletableFuture.java:1590) [?:1.8.0_212]
	at java.util.concurrent.ThreadPoolExecutor.runWorker(ThreadPoolExecutor.java:1149) [?:1.8.0_212]
	at java.util.concurrent.ThreadPoolExecutor$Worker.run(ThreadPoolExecutor.java:624) [?:1.8.0_212]
	at java.lang.Thread.run(Thread.java:748) [?:1.8.0_212]
2019-07-30 08:13:50,286 ERROR storage.BlockOutputStream (BlockOutputStream.java:validateResponse(531)) - Unexpected Storage Container Exception: 
org.apache.hadoop.hdds.scm.container.common.helpers.StorageContainerException: ContainerID 3 does not exist
	at org.apache.hadoop.hdds.scm.storage.ContainerProtocolCalls.validateContainerResponse(ContainerProtocolCalls.java:536)
	at org.apache.hadoop.hdds.scm.storage.BlockOutputStream.validateResponse(BlockOutputStream.java:529)
	at org.apache.hadoop.hdds.scm.storage.BlockOutputStream.lambda$writeChunkToContainer$2(BlockOutputStream.java:606)
	at java.util.concurrent.CompletableFuture.uniApply(CompletableFuture.java:602)
	at java.util.concurrent.CompletableFuture$UniApply.tryFire(CompletableFuture.java:577)
	at java.util.concurrent.CompletableFuture$Completion.run(CompletableFuture.java:442)
	at java.util.concurrent.ThreadPoolExecutor.runWorker(ThreadPoolExecutor.java:1149)
	at java.util.concurrent.ThreadPoolExecutor$Worker.run(ThreadPoolExecutor.java:624)
	at java.lang.Thread.run(Thread.java:748)
2019-07-30 08:13:50,287 INFO  impl.HddsDispatcher (ContainerUtils.java:logAndReturnError(146)) - Operation: WriteChunk : Trace ID: 91b5b8a5704bc7ce:df29ce035b1722c7:c4ca943fdf4d0ec1:0 : Message: ContainerID 3 does not exist : Result: CONTAINER_NOT_FOUND
2019-07-30 08:13:50,286 INFO  client.GrpcClientProtocolClient (GrpcClientProtocolClient.java:onNext(255)) - client-4F28163810AB->f33898ba-2b62-4ce4-ab71-14aa87786dcc: receive RaftClientReply:client-4F28163810AB->f33898ba-2b62-4ce4-ab71-14aa87786dcc@group-73344E003E3A, cid=40, SUCCESS, logIndex=56, commits[f33898ba-2b62-4ce4-ab71-14aa87786dcc:c57, f8715fb8-c4cb-4752-8a75-3623ffa79ca5:c50, 94b83ede-78cc-4b17-9c54-d7e0e5e6e3c6:c50]
2019-07-30 08:13:50,289 INFO  client.GrpcClientProtocolClient (GrpcClientProtocolClient.java:onNext(255)) - client-4F28163810AB->f33898ba-2b62-4ce4-ab71-14aa87786dcc: receive RaftClientReply:client-4F28163810AB->f33898ba-2b62-4ce4-ab71-14aa87786dcc@group-73344E003E3A, cid=39, SUCCESS, logIndex=57, commits[f33898ba-2b62-4ce4-ab71-14aa87786dcc:c63, f8715fb8-c4cb-4752-8a75-3623ffa79ca5:c51, 94b83ede-78cc-4b17-9c54-d7e0e5e6e3c6:c51]
08:13:50.289 [RatisApplyTransactionExecutor 3] ERROR DNAudit - user=null | ip=null | op=PUT_BLOCK {blockData=[blockId=conID: 3 locID: 102529396254113810 bcsId: 0,size=10240]} | ret=FAILURE
org.apache.hadoop.hdds.scm.container.common.helpers.StorageContainerException: ContainerID 3 does not exist
	at org.apache.hadoop.ozone.container.common.impl.HddsDispatcher.dispatchRequest(HddsDispatcher.java:242) ~[classes/:?]
	at org.apache.hadoop.ozone.container.common.impl.HddsDispatcher.dispatch(HddsDispatcher.java:148) ~[classes/:?]
	at org.apache.hadoop.ozone.container.common.transport.server.ratis.ContainerStateMachine.dispatchCommand(ContainerStateMachine.java:374) ~[classes/:?]
	at org.apache.hadoop.ozone.container.common.transport.server.ratis.ContainerStateMachine.runCommand(ContainerStateMachine.java:381) ~[classes/:?]
	at org.apache.hadoop.ozone.container.common.transport.server.ratis.ContainerStateMachine.lambda$applyTransaction$6(ContainerStateMachine.java:647) ~[classes/:?]
	at java.util.concurrent.CompletableFuture$AsyncSupply.run(CompletableFuture.java:1590) [?:1.8.0_212]
	at java.util.concurrent.ThreadPoolExecutor.runWorker(ThreadPoolExecutor.java:1149) [?:1.8.0_212]
	at java.util.concurrent.ThreadPoolExecutor$Worker.run(ThreadPoolExecutor.java:624) [?:1.8.0_212]
	at java.lang.Thread.run(Thread.java:748) [?:1.8.0_212]
2019-07-30 08:13:50,289 INFO  impl.HddsDispatcher (ContainerUtils.java:logAndReturnError(146)) - Operation: PutBlock : Trace ID: a2a8425e1483fb1a:686b9a8163a4906a:9818a4a82f83d019:0 : Message: ContainerID 3 does not exist : Result: CONTAINER_NOT_FOUND
2019-07-30 08:13:50,290 ERROR storage.BlockOutputStream (BlockOutputStream.java:validateResponse(531)) - Unexpected Storage Container Exception: 
org.apache.hadoop.hdds.scm.container.common.helpers.StorageContainerException: ContainerID 3 does not exist
	at org.apache.hadoop.hdds.scm.storage.ContainerProtocolCalls.validateContainerResponse(ContainerProtocolCalls.java:536)
	at org.apache.hadoop.hdds.scm.storage.BlockOutputStream.validateResponse(BlockOutputStream.java:529)
	at org.apache.hadoop.hdds.scm.storage.BlockOutputStream.lambda$writeChunkToContainer$2(BlockOutputStream.java:606)
	at java.util.concurrent.CompletableFuture.uniApply(CompletableFuture.java:602)
	at java.util.concurrent.CompletableFuture$UniApply.tryFire(CompletableFuture.java:577)
	at java.util.concurrent.CompletableFuture$Completion.run(CompletableFuture.java:442)
	at java.util.concurrent.ThreadPoolExecutor.runWorker(ThreadPoolExecutor.java:1149)
	at java.util.concurrent.ThreadPoolExecutor$Worker.run(ThreadPoolExecutor.java:624)
	at java.lang.Thread.run(Thread.java:748)
2019-07-30 08:13:50,290 INFO  client.GrpcClientProtocolClient (GrpcClientProtocolClient.java:onNext(255)) - client-4F28163810AB->f33898ba-2b62-4ce4-ab71-14aa87786dcc: receive RaftClientReply:client-4F28163810AB->f33898ba-2b62-4ce4-ab71-14aa87786dcc@group-73344E003E3A, cid=47, SUCCESS, logIndex=58, commits[f33898ba-2b62-4ce4-ab71-14aa87786dcc:c59, f8715fb8-c4cb-4752-8a75-3623ffa79ca5:c51, 94b83ede-78cc-4b17-9c54-d7e0e5e6e3c6:c51]
08:13:50.290 [RatisApplyTransactionExecutor 3] ERROR DNAudit - user=null | ip=null | op=PUT_BLOCK {blockData=[blockId=conID: 3 locID: 102529396254572573 bcsId: 0,size=10240]} | ret=FAILURE
org.apache.hadoop.hdds.scm.container.common.helpers.StorageContainerException: ContainerID 3 does not exist
	at org.apache.hadoop.ozone.container.common.impl.HddsDispatcher.dispatchRequest(HddsDispatcher.java:242) ~[classes/:?]
	at org.apache.hadoop.ozone.container.common.impl.HddsDispatcher.dispatch(HddsDispatcher.java:148) ~[classes/:?]
	at org.apache.hadoop.ozone.container.common.transport.server.ratis.ContainerStateMachine.dispatchCommand(ContainerStateMachine.java:374) ~[classes/:?]
	at org.apache.hadoop.ozone.container.common.transport.server.ratis.ContainerStateMachine.runCommand(ContainerStateMachine.java:381) ~[classes/:?]
	at org.apache.hadoop.ozone.container.common.transport.server.ratis.ContainerStateMachine.lambda$applyTransaction$6(ContainerStateMachine.java:647) ~[classes/:?]
	at java.util.concurrent.CompletableFuture$AsyncSupply.run(CompletableFuture.java:1590) [?:1.8.0_212]
	at java.util.concurrent.ThreadPoolExecutor.runWorker(ThreadPoolExecutor.java:1149) [?:1.8.0_212]
	at java.util.concurrent.ThreadPoolExecutor$Worker.run(ThreadPoolExecutor.java:624) [?:1.8.0_212]
	at java.lang.Thread.run(Thread.java:748) [?:1.8.0_212]
2019-07-30 08:13:50,291 INFO  impl.HddsDispatcher (ContainerUtils.java:logAndReturnError(146)) - Operation: PutBlock : Trace ID: fda7ae9b033f06bb:2c83317f7173b1d1:ac5779bb6f5f6388:0 : Message: ContainerID 3 does not exist : Result: CONTAINER_NOT_FOUND
2019-07-30 08:13:50,291 INFO  client.GrpcClientProtocolClient (GrpcClientProtocolClient.java:onNext(255)) - client-4F28163810AB->f33898ba-2b62-4ce4-ab71-14aa87786dcc: receive RaftClientReply:client-4F28163810AB->f33898ba-2b62-4ce4-ab71-14aa87786dcc@group-73344E003E3A, cid=46, SUCCESS, logIndex=59, commits[f33898ba-2b62-4ce4-ab71-14aa87786dcc:c59, f8715fb8-c4cb-4752-8a75-3623ffa79ca5:c51, 94b83ede-78cc-4b17-9c54-d7e0e5e6e3c6:c51]
08:13:50.298 [RatisApplyTransactionExecutor 3] ERROR DNAudit - user=null | ip=null | op=PUT_BLOCK {blockData=[blockId=conID: 3 locID: 102529396254310422 bcsId: 0,size=10240]} | ret=FAILURE
org.apache.hadoop.hdds.scm.container.common.helpers.StorageContainerException: ContainerID 3 does not exist
	at org.apache.hadoop.ozone.container.common.impl.HddsDispatcher.dispatchRequest(HddsDispatcher.java:242) ~[classes/:?]
	at org.apache.hadoop.ozone.container.common.impl.HddsDispatcher.dispatch(HddsDispatcher.java:148) ~[classes/:?]
	at org.apache.hadoop.ozone.container.common.transport.server.ratis.ContainerStateMachine.dispatchCommand(ContainerStateMachine.java:374) ~[classes/:?]
	at org.apache.hadoop.ozone.container.common.transport.server.ratis.ContainerStateMachine.runCommand(ContainerStateMachine.java:381) ~[classes/:?]
	at org.apache.hadoop.ozone.container.common.transport.server.ratis.ContainerStateMachine.lambda$applyTransaction$6(ContainerStateMachine.java:647) ~[classes/:?]
	at java.util.concurrent.CompletableFuture$AsyncSupply.run(CompletableFuture.java:1590) [?:1.8.0_212]
	at java.util.concurrent.ThreadPoolExecutor.runWorker(ThreadPoolExecutor.java:1149) [?:1.8.0_212]
	at java.util.concurrent.ThreadPoolExecutor$Worker.run(ThreadPoolExecutor.java:624) [?:1.8.0_212]
	at java.lang.Thread.run(Thread.java:748) [?:1.8.0_212]
2019-07-30 08:13:50,298 INFO  client.GrpcClientProtocolClient (GrpcClientProtocolClient.java:onNext(255)) - client-4F28163810AB->f33898ba-2b62-4ce4-ab71-14aa87786dcc: receive RaftClientReply:client-4F28163810AB->f33898ba-2b62-4ce4-ab71-14aa87786dcc@group-73344E003E3A, cid=38, SUCCESS, logIndex=61, commits[f33898ba-2b62-4ce4-ab71-14aa87786dcc:c63, f8715fb8-c4cb-4752-8a75-3623ffa79ca5:c51, 94b83ede-78cc-4b17-9c54-d7e0e5e6e3c6:c51]
2019-07-30 08:13:50,298 INFO  impl.HddsDispatcher (ContainerUtils.java:logAndReturnError(146)) - Operation: PutBlock : Trace ID: 91b5b8a5704bc7ce:ba597d577c10fbc8:c4ca943fdf4d0ec1:0 : Message: ContainerID 3 does not exist : Result: CONTAINER_NOT_FOUND
2019-07-30 08:13:50,300 INFO  client.GrpcClientProtocolClient (GrpcClientProtocolClient.java:onNext(255)) - client-4F28163810AB->f33898ba-2b62-4ce4-ab71-14aa87786dcc: receive RaftClientReply:client-4F28163810AB->f33898ba-2b62-4ce4-ab71-14aa87786dcc@group-73344E003E3A, cid=37, SUCCESS, logIndex=62, commits[f33898ba-2b62-4ce4-ab71-14aa87786dcc:c68, f8715fb8-c4cb-4752-8a75-3623ffa79ca5:c51, 94b83ede-78cc-4b17-9c54-d7e0e5e6e3c6:c51]
08:13:50.300 [RatisApplyTransactionExecutor 3] ERROR DNAudit - user=null | ip=null | op=WRITE_CHUNK {blockData=conID: 3 locID: 102529396254113810 bcsId: 0} | ret=FAILURE
org.apache.hadoop.hdds.scm.container.common.helpers.StorageContainerException: ContainerID 3 does not exist
	at org.apache.hadoop.ozone.container.common.impl.HddsDispatcher.dispatchRequest(HddsDispatcher.java:242) ~[classes/:?]
	at org.apache.hadoop.ozone.container.common.impl.HddsDispatcher.dispatch(HddsDispatcher.java:148) ~[classes/:?]
	at org.apache.hadoop.ozone.container.common.transport.server.ratis.ContainerStateMachine.dispatchCommand(ContainerStateMachine.java:374) ~[classes/:?]
	at org.apache.hadoop.ozone.container.common.transport.server.ratis.ContainerStateMachine.runCommand(ContainerStateMachine.java:381) ~[classes/:?]
	at org.apache.hadoop.ozone.container.common.transport.server.ratis.ContainerStateMachine.lambda$applyTransaction$6(ContainerStateMachine.java:647) ~[classes/:?]
	at java.util.concurrent.CompletableFuture$AsyncSupply.run(CompletableFuture.java:1590) [?:1.8.0_212]
	at java.util.concurrent.ThreadPoolExecutor.runWorker(ThreadPoolExecutor.java:1149) [?:1.8.0_212]
	at java.util.concurrent.ThreadPoolExecutor$Worker.run(ThreadPoolExecutor.java:624) [?:1.8.0_212]
	at java.lang.Thread.run(Thread.java:748) [?:1.8.0_212]
2019-07-30 08:13:50,301 INFO  impl.HddsDispatcher (ContainerUtils.java:logAndReturnError(146)) - Operation: WriteChunk : Trace ID: a2a8425e1483fb1a:81b213cfc915df6e:9818a4a82f83d019:0 : Message: ContainerID 3 does not exist : Result: CONTAINER_NOT_FOUND
08:13:50.301 [RatisApplyTransactionExecutor 3] ERROR DNAudit - user=null | ip=null | op=WRITE_CHUNK {blockData=conID: 3 locID: 102529396254113810 bcsId: 0} | ret=FAILURE
org.apache.hadoop.hdds.scm.container.common.helpers.StorageContainerException: ContainerID 3 does not exist
	at org.apache.hadoop.ozone.container.common.impl.HddsDispatcher.dispatchRequest(HddsDispatcher.java:242) ~[classes/:?]
	at org.apache.hadoop.ozone.container.common.impl.HddsDispatcher.dispatch(HddsDispatcher.java:148) ~[classes/:?]
	at org.apache.hadoop.ozone.container.common.transport.server.ratis.ContainerStateMachine.dispatchCommand(ContainerStateMachine.java:374) ~[classes/:?]
	at org.apache.hadoop.ozone.container.common.transport.server.ratis.ContainerStateMachine.runCommand(ContainerStateMachine.java:381) ~[classes/:?]
	at org.apache.hadoop.ozone.container.common.transport.server.ratis.ContainerStateMachine.lambda$applyTransaction$6(ContainerStateMachine.java:647) ~[classes/:?]
	at java.util.concurrent.CompletableFuture$AsyncSupply.run(CompletableFuture.java:1590) [?:1.8.0_212]
	at java.util.concurrent.ThreadPoolExecutor.runWorker(ThreadPoolExecutor.java:1149) [?:1.8.0_212]
	at java.util.concurrent.ThreadPoolExecutor$Worker.run(ThreadPoolExecutor.java:624) [?:1.8.0_212]
	at java.lang.Thread.run(Thread.java:748) [?:1.8.0_212]
2019-07-30 08:13:50,301 INFO  impl.HddsDispatcher (ContainerUtils.java:logAndReturnError(146)) - Operation: WriteChunk : Trace ID: a2a8425e1483fb1a:81b213cfc915df6e:9818a4a82f83d019:0 : Message: ContainerID 3 does not exist : Result: CONTAINER_NOT_FOUND
08:13:50.301 [RatisApplyTransactionExecutor 3] ERROR DNAudit - user=null | ip=null | op=WRITE_CHUNK {blockData=conID: 3 locID: 102529396254572573 bcsId: 0} | ret=FAILURE
org.apache.hadoop.hdds.scm.container.common.helpers.StorageContainerException: ContainerID 3 does not exist
	at org.apache.hadoop.ozone.container.common.impl.HddsDispatcher.dispatchRequest(HddsDispatcher.java:242) ~[classes/:?]
	at org.apache.hadoop.ozone.container.common.impl.HddsDispatcher.dispatch(HddsDispatcher.java:148) ~[classes/:?]
	at org.apache.hadoop.ozone.container.common.transport.server.ratis.ContainerStateMachine.dispatchCommand(ContainerStateMachine.java:374) ~[classes/:?]
	at org.apache.hadoop.ozone.container.common.transport.server.ratis.ContainerStateMachine.runCommand(ContainerStateMachine.java:381) ~[classes/:?]
	at org.apache.hadoop.ozone.container.common.transport.server.ratis.ContainerStateMachine.lambda$applyTransaction$6(ContainerStateMachine.java:647) ~[classes/:?]
	at java.util.concurrent.CompletableFuture$AsyncSupply.run(CompletableFuture.java:1590) [?:1.8.0_212]
	at java.util.concurrent.ThreadPoolExecutor.runWorker(ThreadPoolExecutor.java:1149) [?:1.8.0_212]
	at java.util.concurrent.ThreadPoolExecutor$Worker.run(ThreadPoolExecutor.java:624) [?:1.8.0_212]
	at java.lang.Thread.run(Thread.java:748) [?:1.8.0_212]
2019-07-30 08:13:50,302 INFO  impl.HddsDispatcher (ContainerUtils.java:logAndReturnError(146)) - Operation: WriteChunk : Trace ID: fda7ae9b033f06bb:45a24271dd21a776:ac5779bb6f5f6388:0 : Message: ContainerID 3 does not exist : Result: CONTAINER_NOT_FOUND
2019-07-30 08:13:50,302 INFO  client.GrpcClientProtocolClient (GrpcClientProtocolClient.java:onNext(255)) - client-4F28163810AB->f33898ba-2b62-4ce4-ab71-14aa87786dcc: receive RaftClientReply:client-4F28163810AB->f33898ba-2b62-4ce4-ab71-14aa87786dcc@group-73344E003E3A, cid=49, SUCCESS, logIndex=63, commits[f33898ba-2b62-4ce4-ab71-14aa87786dcc:c70, f8715fb8-c4cb-4752-8a75-3623ffa79ca5:c53, 94b83ede-78cc-4b17-9c54-d7e0e5e6e3c6:c51]
2019-07-30 08:13:50,302 ERROR storage.BlockOutputStream (BlockOutputStream.java:validateResponse(531)) - Unexpected Storage Container Exception: 
org.apache.hadoop.hdds.scm.container.common.helpers.StorageContainerException: ContainerID 3 does not exist
	at org.apache.hadoop.hdds.scm.storage.ContainerProtocolCalls.validateContainerResponse(ContainerProtocolCalls.java:536)
	at org.apache.hadoop.hdds.scm.storage.BlockOutputStream.validateResponse(BlockOutputStream.java:529)
	at org.apache.hadoop.hdds.scm.storage.BlockOutputStream.lambda$writeChunkToContainer$2(BlockOutputStream.java:606)
	at java.util.concurrent.CompletableFuture.uniApply(CompletableFuture.java:602)
	at java.util.concurrent.CompletableFuture$UniApply.tryFire(CompletableFuture.java:577)
	at java.util.concurrent.CompletableFuture$Completion.run(CompletableFuture.java:442)
	at java.util.concurrent.ThreadPoolExecutor.runWorker(ThreadPoolExecutor.java:1149)
	at java.util.concurrent.ThreadPoolExecutor$Worker.run(ThreadPoolExecutor.java:624)
	at java.lang.Thread.run(Thread.java:748)
08:13:50.302 [RatisApplyTransactionExecutor 3] ERROR DNAudit - user=null | ip=null | op=WRITE_CHUNK {blockData=conID: 3 locID: 102529396254572573 bcsId: 0} | ret=FAILURE
org.apache.hadoop.hdds.scm.container.common.helpers.StorageContainerException: ContainerID 3 does not exist
	at org.apache.hadoop.ozone.container.common.impl.HddsDispatcher.dispatchRequest(HddsDispatcher.java:242) ~[classes/:?]
	at org.apache.hadoop.ozone.container.common.impl.HddsDispatcher.dispatch(HddsDispatcher.java:148) ~[classes/:?]
	at org.apache.hadoop.ozone.container.common.transport.server.ratis.ContainerStateMachine.dispatchCommand(ContainerStateMachine.java:374) ~[classes/:?]
	at org.apache.hadoop.ozone.container.common.transport.server.ratis.ContainerStateMachine.runCommand(ContainerStateMachine.java:381) ~[classes/:?]
	at org.apache.hadoop.ozone.container.common.transport.server.ratis.ContainerStateMachine.lambda$applyTransaction$6(ContainerStateMachine.java:647) ~[classes/:?]
	at java.util.concurrent.CompletableFuture$AsyncSupply.run(CompletableFuture.java:1590) [?:1.8.0_212]
	at java.util.concurrent.ThreadPoolExecutor.runWorker(ThreadPoolExecutor.java:1149) [?:1.8.0_212]
	at java.util.concurrent.ThreadPoolExecutor$Worker.run(ThreadPoolExecutor.java:624) [?:1.8.0_212]
	at java.lang.Thread.run(Thread.java:748) [?:1.8.0_212]
2019-07-30 08:13:50,303 INFO  client.GrpcClientProtocolClient (GrpcClientProtocolClient.java:onNext(255)) - client-4F28163810AB->f33898ba-2b62-4ce4-ab71-14aa87786dcc: receive RaftClientReply:client-4F28163810AB->f33898ba-2b62-4ce4-ab71-14aa87786dcc@group-73344E003E3A, cid=36, SUCCESS, logIndex=64, commits[f33898ba-2b62-4ce4-ab71-14aa87786dcc:c67, f8715fb8-c4cb-4752-8a75-3623ffa79ca5:c51, 94b83ede-78cc-4b17-9c54-d7e0e5e6e3c6:c51]
2019-07-30 08:13:50,303 INFO  impl.HddsDispatcher (ContainerUtils.java:logAndReturnError(146)) - Operation: WriteChunk : Trace ID: fda7ae9b033f06bb:45a24271dd21a776:ac5779bb6f5f6388:0 : Message: ContainerID 3 does not exist : Result: CONTAINER_NOT_FOUND
08:13:50.303 [RatisApplyTransactionExecutor 3] ERROR DNAudit - user=null | ip=null | op=WRITE_CHUNK {blockData=conID: 3 locID: 102529396254310422 bcsId: 0} | ret=FAILURE
org.apache.hadoop.hdds.scm.container.common.helpers.StorageContainerException: ContainerID 3 does not exist
	at org.apache.hadoop.ozone.container.common.impl.HddsDispatcher.dispatchRequest(HddsDispatcher.java:242) ~[classes/:?]
	at org.apache.hadoop.ozone.container.common.impl.HddsDispatcher.dispatch(HddsDispatcher.java:148) ~[classes/:?]
	at org.apache.hadoop.ozone.container.common.transport.server.ratis.ContainerStateMachine.dispatchCommand(ContainerStateMachine.java:374) ~[classes/:?]
	at org.apache.hadoop.ozone.container.common.transport.server.ratis.ContainerStateMachine.runCommand(ContainerStateMachine.java:381) ~[classes/:?]
	at org.apache.hadoop.ozone.container.common.transport.server.ratis.ContainerStateMachine.lambda$applyTransaction$6(ContainerStateMachine.java:647) ~[classes/:?]
	at java.util.concurrent.CompletableFuture$AsyncSupply.run(CompletableFuture.java:1590) [?:1.8.0_212]
	at java.util.concurrent.ThreadPoolExecutor.runWorker(ThreadPoolExecutor.java:1149) [?:1.8.0_212]
	at java.util.concurrent.ThreadPoolExecutor$Worker.run(ThreadPoolExecutor.java:624) [?:1.8.0_212]
	at java.lang.Thread.run(Thread.java:748) [?:1.8.0_212]
2019-07-30 08:13:50,312 ERROR freon.RandomKeyGenerator (RandomKeyGenerator.java:createKey(730)) - Exception while adding key: key-0-99879 in bucket: bucket-0-42730 of volume: vol-0-87176.
java.io.IOException: Unexpected Storage Container Exception: org.apache.hadoop.hdds.scm.container.common.helpers.StorageContainerException: ContainerID 3 does not exist
	at org.apache.hadoop.hdds.scm.storage.BlockOutputStream.setIoException(BlockOutputStream.java:541)
	at org.apache.hadoop.hdds.scm.storage.BlockOutputStream.validateResponse(BlockOutputStream.java:532)
	at org.apache.hadoop.hdds.scm.storage.BlockOutputStream.lambda$writeChunkToContainer$2(BlockOutputStream.java:606)
	at java.util.concurrent.CompletableFuture.uniApply(CompletableFuture.java:602)
	at java.util.concurrent.CompletableFuture$UniApply.tryFire(CompletableFuture.java:577)
	at java.util.concurrent.CompletableFuture$Completion.run(CompletableFuture.java:442)
	at java.util.concurrent.ThreadPoolExecutor.runWorker(ThreadPoolExecutor.java:1149)
	at java.util.concurrent.ThreadPoolExecutor$Worker.run(ThreadPoolExecutor.java:624)
	at java.lang.Thread.run(Thread.java:748)
Caused by: org.apache.hadoop.hdds.scm.container.common.helpers.StorageContainerException: ContainerID 3 does not exist
	at org.apache.hadoop.hdds.scm.storage.ContainerProtocolCalls.validateContainerResponse(ContainerProtocolCalls.java:536)
	at org.apache.hadoop.hdds.scm.storage.BlockOutputStream.validateResponse(BlockOutputStream.java:529)
	... 7 more
2019-07-30 08:13:50,312 INFO  impl.HddsDispatcher (ContainerUtils.java:logAndReturnError(146)) - Operation: WriteChunk : Trace ID: 91b5b8a5704bc7ce:df29ce035b1722c7:c4ca943fdf4d0ec1:0 : Message: ContainerID 3 does not exist : Result: CONTAINER_NOT_FOUND
2019-07-30 08:13:50,313 INFO  client.GrpcClientProtocolClient (GrpcClientProtocolClient.java:onNext(255)) - client-4F28163810AB->f33898ba-2b62-4ce4-ab71-14aa87786dcc: receive RaftClientReply:client-4F28163810AB->f33898ba-2b62-4ce4-ab71-14aa87786dcc@group-73344E003E3A, cid=51, SUCCESS, logIndex=65, commits[f33898ba-2b62-4ce4-ab71-14aa87786dcc:c71, f8715fb8-c4cb-4752-8a75-3623ffa79ca5:c53, 94b83ede-78cc-4b17-9c54-d7e0e5e6e3c6:c51]
2019-07-30 08:13:50,315 INFO  client.GrpcClientProtocolClient (GrpcClientProtocolClient.java:onNext(255)) - client-4F28163810AB->f33898ba-2b62-4ce4-ab71-14aa87786dcc: receive RaftClientReply:client-4F28163810AB->f33898ba-2b62-4ce4-ab71-14aa87786dcc@group-73344E003E3A, cid=52, SUCCESS, logIndex=66, commits[f33898ba-2b62-4ce4-ab71-14aa87786dcc:c69, f8715fb8-c4cb-4752-8a75-3623ffa79ca5:c53, 94b83ede-78cc-4b17-9c54-d7e0e5e6e3c6:c51]
08:13:50.313 [RatisApplyTransactionExecutor 3] ERROR DNAudit - user=null | ip=null | op=WRITE_CHUNK {blockData=conID: 3 locID: 102529396254310422 bcsId: 0} | ret=FAILURE
org.apache.hadoop.hdds.scm.container.common.helpers.StorageContainerException: ContainerID 3 does not exist
	at org.apache.hadoop.ozone.container.common.impl.HddsDispatcher.dispatchRequest(HddsDispatcher.java:242) ~[classes/:?]
	at org.apache.hadoop.ozone.container.common.impl.HddsDispatcher.dispatch(HddsDispatcher.java:148) ~[classes/:?]
	at org.apache.hadoop.ozone.container.common.transport.server.ratis.ContainerStateMachine.dispatchCommand(ContainerStateMachine.java:374) ~[classes/:?]
	at org.apache.hadoop.ozone.container.common.transport.server.ratis.ContainerStateMachine.runCommand(ContainerStateMachine.java:381) ~[classes/:?]
	at org.apache.hadoop.ozone.container.common.transport.server.ratis.ContainerStateMachine.lambda$applyTransaction$6(ContainerStateMachine.java:647) ~[classes/:?]
	at java.util.concurrent.CompletableFuture$AsyncSupply.run(CompletableFuture.java:1590) [?:1.8.0_212]
	at java.util.concurrent.ThreadPoolExecutor.runWorker(ThreadPoolExecutor.java:1149) [?:1.8.0_212]
	at java.util.concurrent.ThreadPoolExecutor$Worker.run(ThreadPoolExecutor.java:624) [?:1.8.0_212]
	at java.lang.Thread.run(Thread.java:748) [?:1.8.0_212]
08:13:50.313 [RatisApplyTransactionExecutor 3] ERROR DNAudit - user=null | ip=null | op=PUT_BLOCK {blockData=[blockId=conID: 3 locID: 102529396254113810 bcsId: 0,size=10240]} | ret=FAILURE
org.apache.hadoop.hdds.scm.container.common.helpers.StorageContainerException: ContainerID 3 does not exist
	at org.apache.hadoop.ozone.container.common.impl.HddsDispatcher.dispatchRequest(HddsDispatcher.java:242) ~[classes/:?]
	at org.apache.hadoop.ozone.container.common.impl.HddsDispatcher.dispatch(HddsDispatcher.java:148) ~[classes/:?]
	at org.apache.hadoop.ozone.container.common.transport.server.ratis.ContainerStateMachine.dispatchCommand(ContainerStateMachine.java:374) ~[classes/:?]
	at org.apache.hadoop.ozone.container.common.transport.server.ratis.ContainerStateMachine.runCommand(ContainerStateMachine.java:381) ~[classes/:?]
	at org.apache.hadoop.ozone.container.common.transport.server.ratis.ContainerStateMachine.lambda$applyTransaction$6(ContainerStateMachine.java:647) ~[classes/:?]
	at java.util.concurrent.CompletableFuture$AsyncSupply.run(CompletableFuture.java:1590) [?:1.8.0_212]
	at java.util.concurrent.ThreadPoolExecutor.runWorker(ThreadPoolExecutor.java:1149) [?:1.8.0_212]
	at java.util.concurrent.ThreadPoolExecutor$Worker.run(ThreadPoolExecutor.java:624) [?:1.8.0_212]
	at java.lang.Thread.run(Thread.java:748) [?:1.8.0_212]
2019-07-30 08:13:50,316 ERROR freon.RandomKeyGenerator (RandomKeyGenerator.java:createKey(730)) - Exception while adding key: key-0-53014 in bucket: bucket-1-09535 of volume: vol-0-87176.
java.io.IOException: Unexpected Storage Container Exception: org.apache.hadoop.hdds.scm.container.common.helpers.StorageContainerException: ContainerID 3 does not exist
	at org.apache.hadoop.hdds.scm.storage.BlockOutputStream.setIoException(BlockOutputStream.java:541)
	at org.apache.hadoop.hdds.scm.storage.BlockOutputStream.validateResponse(BlockOutputStream.java:532)
	at org.apache.hadoop.hdds.scm.storage.BlockOutputStream.lambda$writeChunkToContainer$2(BlockOutputStream.java:606)
	at java.util.concurrent.CompletableFuture.uniApply(CompletableFuture.java:602)
	at java.util.concurrent.CompletableFuture$UniApply.tryFire(CompletableFuture.java:577)
	at java.util.concurrent.CompletableFuture$Completion.run(CompletableFuture.java:442)
	at java.util.concurrent.ThreadPoolExecutor.runWorker(ThreadPoolExecutor.java:1149)
	at java.util.concurrent.ThreadPoolExecutor$Worker.run(ThreadPoolExecutor.java:624)
	at java.lang.Thread.run(Thread.java:748)
Caused by: org.apache.hadoop.hdds.scm.container.common.helpers.StorageContainerException: ContainerID 3 does not exist
	at org.apache.hadoop.hdds.scm.storage.ContainerProtocolCalls.validateContainerResponse(ContainerProtocolCalls.java:536)
	at org.apache.hadoop.hdds.scm.storage.BlockOutputStream.validateResponse(BlockOutputStream.java:529)
	... 7 more
2019-07-30 08:13:50,319 INFO  impl.HddsDispatcher (ContainerUtils.java:logAndReturnError(146)) - Operation: PutBlock : Trace ID: a2a8425e1483fb1a:686b9a8163a4906a:9818a4a82f83d019:0 : Message: ContainerID 3 does not exist : Result: CONTAINER_NOT_FOUND
2019-07-30 08:13:50,317 INFO  client.GrpcClientProtocolClient (GrpcClientProtocolClient.java:onNext(255)) - client-4F28163810AB->f33898ba-2b62-4ce4-ab71-14aa87786dcc: receive RaftClientReply:client-4F28163810AB->f33898ba-2b62-4ce4-ab71-14aa87786dcc@group-73344E003E3A, cid=50, SUCCESS, logIndex=67, commits[f33898ba-2b62-4ce4-ab71-14aa87786dcc:c70, f8715fb8-c4cb-4752-8a75-3623ffa79ca5:c53, 94b83ede-78cc-4b17-9c54-d7e0e5e6e3c6:c51]
2019-07-30 08:13:50,317 INFO  impl.HddsDispatcher (ContainerUtils.java:logAndReturnError(146)) - Operation: WriteChunk : Trace ID: 91b5b8a5704bc7ce:df29ce035b1722c7:c4ca943fdf4d0ec1:0 : Message: ContainerID 3 does not exist : Result: CONTAINER_NOT_FOUND
2019-07-30 08:13:50,322 INFO  client.GrpcClientProtocolClient (GrpcClientProtocolClient.java:onNext(255)) - client-4F28163810AB->f33898ba-2b62-4ce4-ab71-14aa87786dcc: receive RaftClientReply:client-4F28163810AB->f33898ba-2b62-4ce4-ab71-14aa87786dcc@group-73344E003E3A, cid=55, SUCCESS, logIndex=0, commits[f33898ba-2b62-4ce4-ab71-14aa87786dcc:c78, f8715fb8-c4cb-4752-8a75-3623ffa79ca5:c67, 94b83ede-78cc-4b17-9c54-d7e0e5e6e3c6:c63]
08:13:50.321 [RatisApplyTransactionExecutor 3] ERROR DNAudit - user=null | ip=null | op=PUT_BLOCK {blockData=[blockId=conID: 3 locID: 102529396254572573 bcsId: 0,size=10240]} | ret=FAILURE
org.apache.hadoop.hdds.scm.container.common.helpers.StorageContainerException: ContainerID 3 does not exist
	at org.apache.hadoop.ozone.container.common.impl.HddsDispatcher.dispatchRequest(HddsDispatcher.java:242) ~[classes/:?]
	at org.apache.hadoop.ozone.container.common.impl.HddsDispatcher.dispatch(HddsDispatcher.java:148) ~[classes/:?]
	at org.apache.hadoop.ozone.container.common.transport.server.ratis.ContainerStateMachine.dispatchCommand(ContainerStateMachine.java:374) ~[classes/:?]
	at org.apache.hadoop.ozone.container.common.transport.server.ratis.ContainerStateMachine.runCommand(ContainerStateMachine.java:381) ~[classes/:?]
	at org.apache.hadoop.ozone.container.common.transport.server.ratis.ContainerStateMachine.lambda$applyTransaction$6(ContainerStateMachine.java:647) ~[classes/:?]
	at java.util.concurrent.CompletableFuture$AsyncSupply.run(CompletableFuture.java:1590) [?:1.8.0_212]
	at java.util.concurrent.ThreadPoolExecutor.runWorker(ThreadPoolExecutor.java:1149) [?:1.8.0_212]
	at java.util.concurrent.ThreadPoolExecutor$Worker.run(ThreadPoolExecutor.java:624) [?:1.8.0_212]
	at java.lang.Thread.run(Thread.java:748) [?:1.8.0_212]
2019-07-30 08:13:50,322 INFO  impl.HddsDispatcher (ContainerUtils.java:logAndReturnError(146)) - Operation: PutBlock : Trace ID: fda7ae9b033f06bb:2c83317f7173b1d1:ac5779bb6f5f6388:0 : Message: ContainerID 3 does not exist : Result: CONTAINER_NOT_FOUND
2019-07-30 08:13:50,322 INFO  client.GrpcClientProtocolClient (GrpcClientProtocolClient.java:onNext(255)) - client-4F28163810AB->f33898ba-2b62-4ce4-ab71-14aa87786dcc: receive RaftClientReply:client-4F28163810AB->f33898ba-2b62-4ce4-ab71-14aa87786dcc@group-73344E003E3A, cid=53, SUCCESS, logIndex=68, commits[f33898ba-2b62-4ce4-ab71-14aa87786dcc:c71, f8715fb8-c4cb-4752-8a75-3623ffa79ca5:c53, 94b83ede-78cc-4b17-9c54-d7e0e5e6e3c6:c51]
08:13:50.322 [RatisApplyTransactionExecutor 3] ERROR DNAudit - user=null | ip=null | op=PUT_BLOCK {blockData=[blockId=conID: 3 locID: 102529396254113810 bcsId: 0,size=10240]} | ret=FAILURE
org.apache.hadoop.hdds.scm.container.common.helpers.StorageContainerException: ContainerID 3 does not exist
	at org.apache.hadoop.ozone.container.common.impl.HddsDispatcher.dispatchRequest(HddsDispatcher.java:242) ~[classes/:?]
	at org.apache.hadoop.ozone.container.common.impl.HddsDispatcher.dispatch(HddsDispatcher.java:148) ~[classes/:?]
	at org.apache.hadoop.ozone.container.common.transport.server.ratis.ContainerStateMachine.dispatchCommand(ContainerStateMachine.java:374) ~[classes/:?]
	at org.apache.hadoop.ozone.container.common.transport.server.ratis.ContainerStateMachine.runCommand(ContainerStateMachine.java:381) ~[classes/:?]
	at org.apache.hadoop.ozone.container.common.transport.server.ratis.ContainerStateMachine.lambda$applyTransaction$6(ContainerStateMachine.java:647) ~[classes/:?]
	at java.util.concurrent.CompletableFuture$AsyncSupply.run(CompletableFuture.java:1590) [?:1.8.0_212]
	at java.util.concurrent.ThreadPoolExecutor.runWorker(ThreadPoolExecutor.java:1149) [?:1.8.0_212]
	at java.util.concurrent.ThreadPoolExecutor$Worker.run(ThreadPoolExecutor.java:624) [?:1.8.0_212]
	at java.lang.Thread.run(Thread.java:748) [?:1.8.0_212]
2019-07-30 08:13:50,322 INFO  client.GrpcClientProtocolClient (GrpcClientProtocolClient.java:onNext(255)) - client-4F28163810AB->f33898ba-2b62-4ce4-ab71-14aa87786dcc: receive RaftClientReply:client-4F28163810AB->f33898ba-2b62-4ce4-ab71-14aa87786dcc@group-73344E003E3A, cid=56, SUCCESS, logIndex=0, commits[f33898ba-2b62-4ce4-ab71-14aa87786dcc:c80, f8715fb8-c4cb-4752-8a75-3623ffa79ca5:c70, 94b83ede-78cc-4b17-9c54-d7e0e5e6e3c6:c69]
2019-07-30 08:13:50,322 INFO  impl.HddsDispatcher (ContainerUtils.java:logAndReturnError(146)) - Operation: PutBlock : Trace ID: a2a8425e1483fb1a:686b9a8163a4906a:9818a4a82f83d019:0 : Message: ContainerID 3 does not exist : Result: CONTAINER_NOT_FOUND
08:13:50.322 [RatisApplyTransactionExecutor 3] ERROR DNAudit - user=null | ip=null | op=PUT_BLOCK {blockData=[blockId=conID: 3 locID: 102529396254310422 bcsId: 0,size=10240]} | ret=FAILURE
org.apache.hadoop.hdds.scm.container.common.helpers.StorageContainerException: ContainerID 3 does not exist
	at org.apache.hadoop.ozone.container.common.impl.HddsDispatcher.dispatchRequest(HddsDispatcher.java:242) ~[classes/:?]
	at org.apache.hadoop.ozone.container.common.impl.HddsDispatcher.dispatch(HddsDispatcher.java:148) ~[classes/:?]
	at org.apache.hadoop.ozone.container.common.transport.server.ratis.ContainerStateMachine.dispatchCommand(ContainerStateMachine.java:374) ~[classes/:?]
	at org.apache.hadoop.ozone.container.common.transport.server.ratis.ContainerStateMachine.runCommand(ContainerStateMachine.java:381) ~[classes/:?]
	at org.apache.hadoop.ozone.container.common.transport.server.ratis.ContainerStateMachine.lambda$applyTransaction$6(ContainerStateMachine.java:647) ~[classes/:?]
	at java.util.concurrent.CompletableFuture$AsyncSupply.run(CompletableFuture.java:1590) [?:1.8.0_212]
	at java.util.concurrent.ThreadPoolExecutor.runWorker(ThreadPoolExecutor.java:1149) [?:1.8.0_212]
	at java.util.concurrent.ThreadPoolExecutor$Worker.run(ThreadPoolExecutor.java:624) [?:1.8.0_212]
	at java.lang.Thread.run(Thread.java:748) [?:1.8.0_212]
2019-07-30 08:13:50,324 INFO  client.GrpcClientProtocolClient (GrpcClientProtocolClient.java:onNext(255)) - client-4F28163810AB->f33898ba-2b62-4ce4-ab71-14aa87786dcc: receive RaftClientReply:client-4F28163810AB->f33898ba-2b62-4ce4-ab71-14aa87786dcc@group-73344E003E3A, cid=48, SUCCESS, logIndex=70, commits[f33898ba-2b62-4ce4-ab71-14aa87786dcc:c71, f8715fb8-c4cb-4752-8a75-3623ffa79ca5:c53, 94b83ede-78cc-4b17-9c54-d7e0e5e6e3c6:c51]
2019-07-30 08:13:50,325 ERROR freon.RandomKeyGenerator (RandomKeyGenerator.java:createKey(730)) - Exception while adding key: key-0-02977 in bucket: bucket-4-86695 of volume: vol-1-51532.
java.io.IOException: Unexpected Storage Container Exception: org.apache.hadoop.hdds.scm.container.common.helpers.StorageContainerException: ContainerID 3 does not exist
	at org.apache.hadoop.hdds.scm.storage.BlockOutputStream.setIoException(BlockOutputStream.java:541)
	at org.apache.hadoop.hdds.scm.storage.BlockOutputStream.validateResponse(BlockOutputStream.java:532)
	at org.apache.hadoop.hdds.scm.storage.BlockOutputStream.lambda$writeChunkToContainer$2(BlockOutputStream.java:606)
	at java.util.concurrent.CompletableFuture.uniApply(CompletableFuture.java:602)
	at java.util.concurrent.CompletableFuture$UniApply.tryFire(CompletableFuture.java:577)
	at java.util.concurrent.CompletableFuture$Completion.run(CompletableFuture.java:442)
	at java.util.concurrent.ThreadPoolExecutor.runWorker(ThreadPoolExecutor.java:1149)
	at java.util.concurrent.ThreadPoolExecutor$Worker.run(ThreadPoolExecutor.java:624)
	at java.lang.Thread.run(Thread.java:748)
Caused by: org.apache.hadoop.hdds.scm.container.common.helpers.StorageContainerException: ContainerID 3 does not exist
	at org.apache.hadoop.hdds.scm.storage.ContainerProtocolCalls.validateContainerResponse(ContainerProtocolCalls.java:536)
	at org.apache.hadoop.hdds.scm.storage.BlockOutputStream.validateResponse(BlockOutputStream.java:529)
	... 7 more
2019-07-30 08:13:50,324 INFO  impl.HddsDispatcher (ContainerUtils.java:logAndReturnError(146)) - Operation: PutBlock : Trace ID: 91b5b8a5704bc7ce:ba597d577c10fbc8:c4ca943fdf4d0ec1:0 : Message: ContainerID 3 does not exist : Result: CONTAINER_NOT_FOUND
2019-07-30 08:13:50,326 INFO  client.GrpcClientProtocolClient (GrpcClientProtocolClient.java:onNext(255)) - client-4F28163810AB->f33898ba-2b62-4ce4-ab71-14aa87786dcc: receive RaftClientReply:client-4F28163810AB->f33898ba-2b62-4ce4-ab71-14aa87786dcc@group-73344E003E3A, cid=57, SUCCESS, logIndex=0, commits[f33898ba-2b62-4ce4-ab71-14aa87786dcc:c80, f8715fb8-c4cb-4752-8a75-3623ffa79ca5:c70, 94b83ede-78cc-4b17-9c54-d7e0e5e6e3c6:c69]
08:13:50.326 [RatisApplyTransactionExecutor 3] ERROR DNAudit - user=null | ip=null | op=PUT_BLOCK {blockData=[blockId=conID: 3 locID: 102529396254572573 bcsId: 0,size=10240]} | ret=FAILURE
org.apache.hadoop.hdds.scm.container.common.helpers.StorageContainerException: ContainerID 3 does not exist
	at org.apache.hadoop.ozone.container.common.impl.HddsDispatcher.dispatchRequest(HddsDispatcher.java:242) ~[classes/:?]
	at org.apache.hadoop.ozone.container.common.impl.HddsDispatcher.dispatch(HddsDispatcher.java:148) ~[classes/:?]
	at org.apache.hadoop.ozone.container.common.transport.server.ratis.ContainerStateMachine.dispatchCommand(ContainerStateMachine.java:374) ~[classes/:?]
	at org.apache.hadoop.ozone.container.common.transport.server.ratis.ContainerStateMachine.runCommand(ContainerStateMachine.java:381) ~[classes/:?]
	at org.apache.hadoop.ozone.container.common.transport.server.ratis.ContainerStateMachine.lambda$applyTransaction$6(ContainerStateMachine.java:647) ~[classes/:?]
	at java.util.concurrent.CompletableFuture$AsyncSupply.run(CompletableFuture.java:1590) [?:1.8.0_212]
	at java.util.concurrent.ThreadPoolExecutor.runWorker(ThreadPoolExecutor.java:1149) [?:1.8.0_212]
	at java.util.concurrent.ThreadPoolExecutor$Worker.run(ThreadPoolExecutor.java:624) [?:1.8.0_212]
	at java.lang.Thread.run(Thread.java:748) [?:1.8.0_212]
2019-07-30 08:13:50,326 INFO  client.GrpcClientProtocolClient (GrpcClientProtocolClient.java:onNext(255)) - client-4F28163810AB->f33898ba-2b62-4ce4-ab71-14aa87786dcc: receive RaftClientReply:client-4F28163810AB->f33898ba-2b62-4ce4-ab71-14aa87786dcc@group-73344E003E3A, cid=54, SUCCESS, logIndex=72, commits[f33898ba-2b62-4ce4-ab71-14aa87786dcc:c76, f8715fb8-c4cb-4752-8a75-3623ffa79ca5:c67, 94b83ede-78cc-4b17-9c54-d7e0e5e6e3c6:c59]
2019-07-30 08:13:50,326 INFO  impl.HddsDispatcher (ContainerUtils.java:logAndReturnError(146)) - Operation: PutBlock : Trace ID: fda7ae9b033f06bb:2c83317f7173b1d1:ac5779bb6f5f6388:0 : Message: ContainerID 3 does not exist : Result: CONTAINER_NOT_FOUND
2019-07-30 08:13:50,326 INFO  client.GrpcClientProtocolClient (GrpcClientProtocolClient.java:onNext(255)) - client-4F28163810AB->f33898ba-2b62-4ce4-ab71-14aa87786dcc: receive RaftClientReply:client-4F28163810AB->f33898ba-2b62-4ce4-ab71-14aa87786dcc@group-73344E003E3A, cid=58, SUCCESS, logIndex=0, commits[f33898ba-2b62-4ce4-ab71-14aa87786dcc:c80, f8715fb8-c4cb-4752-8a75-3623ffa79ca5:c70, 94b83ede-78cc-4b17-9c54-d7e0e5e6e3c6:c70]
08:13:50.327 [RatisApplyTransactionExecutor 3] ERROR DNAudit - user=null | ip=null | op=PUT_BLOCK {blockData=[blockId=conID: 3 locID: 102529396254310422 bcsId: 0,size=10240]} | ret=FAILURE
org.apache.hadoop.hdds.scm.container.common.helpers.StorageContainerException: ContainerID 3 does not exist
	at org.apache.hadoop.ozone.container.common.impl.HddsDispatcher.dispatchRequest(HddsDispatcher.java:242) ~[classes/:?]
	at org.apache.hadoop.ozone.container.common.impl.HddsDispatcher.dispatch(HddsDispatcher.java:148) ~[classes/:?]
	at org.apache.hadoop.ozone.container.common.transport.server.ratis.ContainerStateMachine.dispatchCommand(ContainerStateMachine.java:374) ~[classes/:?]
	at org.apache.hadoop.ozone.container.common.transport.server.ratis.ContainerStateMachine.runCommand(ContainerStateMachine.java:381) ~[classes/:?]
	at org.apache.hadoop.ozone.container.common.transport.server.ratis.ContainerStateMachine.lambda$applyTransaction$6(ContainerStateMachine.java:647) ~[classes/:?]
	at java.util.concurrent.CompletableFuture$AsyncSupply.run(CompletableFuture.java:1590) [?:1.8.0_212]
	at java.util.concurrent.ThreadPoolExecutor.runWorker(ThreadPoolExecutor.java:1149) [?:1.8.0_212]
	at java.util.concurrent.ThreadPoolExecutor$Worker.run(ThreadPoolExecutor.java:624) [?:1.8.0_212]
	at java.lang.Thread.run(Thread.java:748) [?:1.8.0_212]
2019-07-30 08:13:50,327 INFO  impl.HddsDispatcher (ContainerUtils.java:logAndReturnError(146)) - Operation: PutBlock : Trace ID: 91b5b8a5704bc7ce:ba597d577c10fbc8:c4ca943fdf4d0ec1:0 : Message: ContainerID 3 does not exist : Result: CONTAINER_NOT_FOUND
2019-07-30 08:13:50,327 INFO  client.GrpcClientProtocolClient (GrpcClientProtocolClient.java:onNext(255)) - client-4F28163810AB->f33898ba-2b62-4ce4-ab71-14aa87786dcc: receive RaftClientReply:client-4F28163810AB->f33898ba-2b62-4ce4-ab71-14aa87786dcc@group-73344E003E3A, cid=59, SUCCESS, logIndex=0, commits[f33898ba-2b62-4ce4-ab71-14aa87786dcc:c80, f8715fb8-c4cb-4752-8a75-3623ffa79ca5:c70, 94b83ede-78cc-4b17-9c54-d7e0e5e6e3c6:c70]
2019-07-30 08:13:50,329 INFO  client.GrpcClientProtocolClient (GrpcClientProtocolClient.java:onNext(255)) - client-4F28163810AB->f33898ba-2b62-4ce4-ab71-14aa87786dcc: receive RaftClientReply:client-4F28163810AB->f33898ba-2b62-4ce4-ab71-14aa87786dcc@group-73344E003E3A, cid=60, SUCCESS, logIndex=0, commits[f33898ba-2b62-4ce4-ab71-14aa87786dcc:c80, f8715fb8-c4cb-4752-8a75-3623ffa79ca5:c70, 94b83ede-78cc-4b17-9c54-d7e0e5e6e3c6:c70]
2019-07-30 08:13:50,350 INFO  keyvalue.KeyValueHandler (ContainerUtils.java:logAndReturnError(146)) - Operation: CreateContainer : Trace ID: 9ebd652bd635cf0:26900fddc6c59ef7:2f7faddc3ceb7520:0 : Message: Container creation failed, due to disk out of space : Result: DISK_OUT_OF_SPACE
08:13:50.350 [pool-37-thread-11] ERROR DNAudit - user=null | ip=null | op=WRITE_CHUNK {blockData=conID: 3 locID: 102529396267024427 bcsId: 0} | ret=FAILURE
org.apache.hadoop.hdds.scm.container.common.helpers.StorageContainerException: ContainerID 3 creation failed
	at org.apache.hadoop.ozone.container.common.impl.HddsDispatcher.dispatchRequest(HddsDispatcher.java:227) ~[classes/:?]
	at org.apache.hadoop.ozone.container.common.impl.HddsDispatcher.dispatch(HddsDispatcher.java:148) ~[classes/:?]
	at org.apache.hadoop.ozone.container.common.transport.server.ratis.ContainerStateMachine.dispatchCommand(ContainerStateMachine.java:374) ~[classes/:?]
	at org.apache.hadoop.ozone.container.common.transport.server.ratis.ContainerStateMachine.runCommand(ContainerStateMachine.java:381) ~[classes/:?]
	at org.apache.hadoop.ozone.container.common.transport.server.ratis.ContainerStateMachine.lambda$handleWriteChunk$1(ContainerStateMachine.java:412) ~[classes/:?]
	at java.util.concurrent.CompletableFuture$AsyncSupply.run(CompletableFuture.java:1590) [?:1.8.0_212]
	at java.util.concurrent.ThreadPoolExecutor.runWorker(ThreadPoolExecutor.java:1149) [?:1.8.0_212]
	at java.util.concurrent.ThreadPoolExecutor$Worker.run(ThreadPoolExecutor.java:624) [?:1.8.0_212]
	at java.lang.Thread.run(Thread.java:748) [?:1.8.0_212]
2019-07-30 08:13:50,351 INFO  impl.HddsDispatcher (ContainerUtils.java:logAndReturnError(146)) - Operation: WriteChunk : Trace ID: 9ebd652bd635cf0:26900fddc6c59ef7:2f7faddc3ceb7520:0 : Message: ContainerID 3 creation failed : Result: DISK_OUT_OF_SPACE
2019-07-30 08:13:50,351 INFO  keyvalue.KeyValueHandler (ContainerUtils.java:logAndReturnError(146)) - Operation: CreateContainer : Trace ID: 1220d71c3f1fbfc0:b5f16863d4bcb0d6:e0bbc53bdd01f5c5:0 : Message: Container creation failed, due to disk out of space : Result: DISK_OUT_OF_SPACE
2019-07-30 08:13:50,351 INFO  keyvalue.KeyValueHandler (ContainerUtils.java:logAndReturnError(146)) - Operation: CreateContainer : Trace ID: 9ebd652bd635cf0:26900fddc6c59ef7:2f7faddc3ceb7520:0 : Message: Container creation failed, due to disk out of space : Result: DISK_OUT_OF_SPACE
2019-07-30 08:13:50,351 INFO  keyvalue.KeyValueHandler (ContainerUtils.java:logAndReturnError(146)) - Operation: CreateContainer : Trace ID: 9ebd652bd635cf0:26900fddc6c59ef7:2f7faddc3ceb7520:0 : Message: Container creation failed, due to disk out of space : Result: DISK_OUT_OF_SPACE
08:13:50.351 [pool-37-thread-14] ERROR DNAudit - user=null | ip=null | op=WRITE_CHUNK {blockData=conID: 3 locID: 102529396267024424 bcsId: 0} | ret=FAILURE
org.apache.hadoop.hdds.scm.container.common.helpers.StorageContainerException: ContainerID 3 creation failed
	at org.apache.hadoop.ozone.container.common.impl.HddsDispatcher.dispatchRequest(HddsDispatcher.java:227) ~[classes/:?]
	at org.apache.hadoop.ozone.container.common.impl.HddsDispatcher.dispatch(HddsDispatcher.java:148) ~[classes/:?]
	at org.apache.hadoop.ozone.container.common.transport.server.ratis.ContainerStateMachine.dispatchCommand(ContainerStateMachine.java:374) ~[classes/:?]
	at org.apache.hadoop.ozone.container.common.transport.server.ratis.ContainerStateMachine.runCommand(ContainerStateMachine.java:381) ~[classes/:?]
	at org.apache.hadoop.ozone.container.common.transport.server.ratis.ContainerStateMachine.lambda$handleWriteChunk$1(ContainerStateMachine.java:412) ~[classes/:?]
	at java.util.concurrent.CompletableFuture$AsyncSupply.run(CompletableFuture.java:1590) [?:1.8.0_212]
	at java.util.concurrent.ThreadPoolExecutor.runWorker(ThreadPoolExecutor.java:1149) [?:1.8.0_212]
	at java.util.concurrent.ThreadPoolExecutor$Worker.run(ThreadPoolExecutor.java:624) [?:1.8.0_212]
	at java.lang.Thread.run(Thread.java:748) [?:1.8.0_212]
2019-07-30 08:13:50,352 INFO  impl.HddsDispatcher (ContainerUtils.java:logAndReturnError(146)) - Operation: WriteChunk : Trace ID: 1220d71c3f1fbfc0:b5f16863d4bcb0d6:e0bbc53bdd01f5c5:0 : Message: ContainerID 3 creation failed : Result: DISK_OUT_OF_SPACE
08:13:50.351 [pool-59-thread-24] ERROR DNAudit - user=null | ip=null | op=WRITE_CHUNK {blockData=conID: 3 locID: 102529396267024427 bcsId: 0} | ret=FAILURE
org.apache.hadoop.hdds.scm.container.common.helpers.StorageContainerException: ContainerID 3 creation failed
	at org.apache.hadoop.ozone.container.common.impl.HddsDispatcher.dispatchRequest(HddsDispatcher.java:227) ~[classes/:?]
	at org.apache.hadoop.ozone.container.common.impl.HddsDispatcher.dispatch(HddsDispatcher.java:148) ~[classes/:?]
	at org.apache.hadoop.ozone.container.common.transport.server.ratis.ContainerStateMachine.dispatchCommand(ContainerStateMachine.java:374) ~[classes/:?]
	at org.apache.hadoop.ozone.container.common.transport.server.ratis.ContainerStateMachine.runCommand(ContainerStateMachine.java:381) ~[classes/:?]
	at org.apache.hadoop.ozone.container.common.transport.server.ratis.ContainerStateMachine.lambda$handleWriteChunk$1(ContainerStateMachine.java:412) ~[classes/:?]
	at java.util.concurrent.CompletableFuture$AsyncSupply.run(CompletableFuture.java:1590) [?:1.8.0_212]
	at java.util.concurrent.ThreadPoolExecutor.runWorker(ThreadPoolExecutor.java:1149) [?:1.8.0_212]
	at java.util.concurrent.ThreadPoolExecutor$Worker.run(ThreadPoolExecutor.java:624) [?:1.8.0_212]
	at java.lang.Thread.run(Thread.java:748) [?:1.8.0_212]
2019-07-30 08:13:50,352 INFO  impl.HddsDispatcher (ContainerUtils.java:logAndReturnError(146)) - Operation: WriteChunk : Trace ID: 9ebd652bd635cf0:26900fddc6c59ef7:2f7faddc3ceb7520:0 : Message: ContainerID 3 creation failed : Result: DISK_OUT_OF_SPACE
08:13:50.352 [pool-70-thread-24] ERROR DNAudit - user=null | ip=null | op=WRITE_CHUNK {blockData=conID: 3 locID: 102529396267024427 bcsId: 0} | ret=FAILURE
org.apache.hadoop.hdds.scm.container.common.helpers.StorageContainerException: ContainerID 3 creation failed
	at org.apache.hadoop.ozone.container.common.impl.HddsDispatcher.dispatchRequest(HddsDispatcher.java:227) ~[classes/:?]
	at org.apache.hadoop.ozone.container.common.impl.HddsDispatcher.dispatch(HddsDispatcher.java:148) ~[classes/:?]
	at org.apache.hadoop.ozone.container.common.transport.server.ratis.ContainerStateMachine.dispatchCommand(ContainerStateMachine.java:374) ~[classes/:?]
	at org.apache.hadoop.ozone.container.common.transport.server.ratis.ContainerStateMachine.runCommand(ContainerStateMachine.java:381) ~[classes/:?]
	at org.apache.hadoop.ozone.container.common.transport.server.ratis.ContainerStateMachine.lambda$handleWriteChunk$1(ContainerStateMachine.java:412) ~[classes/:?]
	at java.util.concurrent.CompletableFuture$AsyncSupply.run(CompletableFuture.java:1590) [?:1.8.0_212]
	at java.util.concurrent.ThreadPoolExecutor.runWorker(ThreadPoolExecutor.java:1149) [?:1.8.0_212]
	at java.util.concurrent.ThreadPoolExecutor$Worker.run(ThreadPoolExecutor.java:624) [?:1.8.0_212]
	at java.lang.Thread.run(Thread.java:748) [?:1.8.0_212]
2019-07-30 08:13:50,352 INFO  impl.HddsDispatcher (ContainerUtils.java:logAndReturnError(146)) - Operation: WriteChunk : Trace ID: 9ebd652bd635cf0:26900fddc6c59ef7:2f7faddc3ceb7520:0 : Message: ContainerID 3 creation failed : Result: DISK_OUT_OF_SPACE
2019-07-30 08:13:50,352 INFO  keyvalue.KeyValueHandler (ContainerUtils.java:logAndReturnError(146)) - Operation: CreateContainer : Trace ID: 1220d71c3f1fbfc0:b5f16863d4bcb0d6:e0bbc53bdd01f5c5:0 : Message: Container creation failed, due to disk out of space : Result: DISK_OUT_OF_SPACE
2019-07-30 08:13:50,352 INFO  keyvalue.KeyValueHandler (ContainerUtils.java:logAndReturnError(146)) - Operation: CreateContainer : Trace ID: 1220d71c3f1fbfc0:b5f16863d4bcb0d6:e0bbc53bdd01f5c5:0 : Message: Container creation failed, due to disk out of space : Result: DISK_OUT_OF_SPACE
08:13:50.353 [pool-59-thread-25] ERROR DNAudit - user=null | ip=null | op=WRITE_CHUNK {blockData=conID: 3 locID: 102529396267024424 bcsId: 0} | ret=FAILURE
org.apache.hadoop.hdds.scm.container.common.helpers.StorageContainerException: ContainerID 3 creation failed
	at org.apache.hadoop.ozone.container.common.impl.HddsDispatcher.dispatchRequest(HddsDispatcher.java:227) ~[classes/:?]
	at org.apache.hadoop.ozone.container.common.impl.HddsDispatcher.dispatch(HddsDispatcher.java:148) ~[classes/:?]
	at org.apache.hadoop.ozone.container.common.transport.server.ratis.ContainerStateMachine.dispatchCommand(ContainerStateMachine.java:374) ~[classes/:?]
	at org.apache.hadoop.ozone.container.common.transport.server.ratis.ContainerStateMachine.runCommand(ContainerStateMachine.java:381) ~[classes/:?]
	at org.apache.hadoop.ozone.container.common.transport.server.ratis.ContainerStateMachine.lambda$handleWriteChunk$1(ContainerStateMachine.java:412) ~[classes/:?]
	at java.util.concurrent.CompletableFuture$AsyncSupply.run(CompletableFuture.java:1590) [?:1.8.0_212]
	at java.util.concurrent.ThreadPoolExecutor.runWorker(ThreadPoolExecutor.java:1149) [?:1.8.0_212]
	at java.util.concurrent.ThreadPoolExecutor$Worker.run(ThreadPoolExecutor.java:624) [?:1.8.0_212]
	at java.lang.Thread.run(Thread.java:748) [?:1.8.0_212]
2019-07-30 08:13:50,353 INFO  impl.HddsDispatcher (ContainerUtils.java:logAndReturnError(146)) - Operation: WriteChunk : Trace ID: 1220d71c3f1fbfc0:b5f16863d4bcb0d6:e0bbc53bdd01f5c5:0 : Message: ContainerID 3 creation failed : Result: DISK_OUT_OF_SPACE
08:13:50.353 [pool-70-thread-25] ERROR DNAudit - user=null | ip=null | op=WRITE_CHUNK {blockData=conID: 3 locID: 102529396267024424 bcsId: 0} | ret=FAILURE
org.apache.hadoop.hdds.scm.container.common.helpers.StorageContainerException: ContainerID 3 creation failed
	at org.apache.hadoop.ozone.container.common.impl.HddsDispatcher.dispatchRequest(HddsDispatcher.java:227) ~[classes/:?]
	at org.apache.hadoop.ozone.container.common.impl.HddsDispatcher.dispatch(HddsDispatcher.java:148) ~[classes/:?]
	at org.apache.hadoop.ozone.container.common.transport.server.ratis.ContainerStateMachine.dispatchCommand(ContainerStateMachine.java:374) ~[classes/:?]
	at org.apache.hadoop.ozone.container.common.transport.server.ratis.ContainerStateMachine.runCommand(ContainerStateMachine.java:381) ~[classes/:?]
	at org.apache.hadoop.ozone.container.common.transport.server.ratis.ContainerStateMachine.lambda$handleWriteChunk$1(ContainerStateMachine.java:412) ~[classes/:?]
	at java.util.concurrent.CompletableFuture$AsyncSupply.run(CompletableFuture.java:1590) [?:1.8.0_212]
	at java.util.concurrent.ThreadPoolExecutor.runWorker(ThreadPoolExecutor.java:1149) [?:1.8.0_212]
	at java.util.concurrent.ThreadPoolExecutor$Worker.run(ThreadPoolExecutor.java:624) [?:1.8.0_212]
	at java.lang.Thread.run(Thread.java:748) [?:1.8.0_212]
2019-07-30 08:13:50,353 INFO  impl.HddsDispatcher (ContainerUtils.java:logAndReturnError(146)) - Operation: WriteChunk : Trace ID: 1220d71c3f1fbfc0:b5f16863d4bcb0d6:e0bbc53bdd01f5c5:0 : Message: ContainerID 3 creation failed : Result: DISK_OUT_OF_SPACE
2019-07-30 08:13:50,354 INFO  keyvalue.KeyValueHandler (ContainerUtils.java:logAndReturnError(146)) - Operation: CreateContainer : Trace ID: de55e9419d79f8b2:b0ae9959b0fd903e:15335eac4d85ee28:0 : Message: Container creation failed, due to disk out of space : Result: DISK_OUT_OF_SPACE
08:13:50.354 [pool-37-thread-23] ERROR DNAudit - user=null | ip=null | op=WRITE_CHUNK {blockData=conID: 3 locID: 102529396267024423 bcsId: 0} | ret=FAILURE
org.apache.hadoop.hdds.scm.container.common.helpers.StorageContainerException: ContainerID 3 creation failed
	at org.apache.hadoop.ozone.container.common.impl.HddsDispatcher.dispatchRequest(HddsDispatcher.java:227) ~[classes/:?]
	at org.apache.hadoop.ozone.container.common.impl.HddsDispatcher.dispatch(HddsDispatcher.java:148) ~[classes/:?]
	at org.apache.hadoop.ozone.container.common.transport.server.ratis.ContainerStateMachine.dispatchCommand(ContainerStateMachine.java:374) ~[classes/:?]
	at org.apache.hadoop.ozone.container.common.transport.server.ratis.ContainerStateMachine.runCommand(ContainerStateMachine.java:381) ~[classes/:?]
	at org.apache.hadoop.ozone.container.common.transport.server.ratis.ContainerStateMachine.lambda$handleWriteChunk$1(ContainerStateMachine.java:412) ~[classes/:?]
	at java.util.concurrent.CompletableFuture$AsyncSupply.run(CompletableFuture.java:1590) [?:1.8.0_212]
	at java.util.concurrent.ThreadPoolExecutor.runWorker(ThreadPoolExecutor.java:1149) [?:1.8.0_212]
	at java.util.concurrent.ThreadPoolExecutor$Worker.run(ThreadPoolExecutor.java:624) [?:1.8.0_212]
	at java.lang.Thread.run(Thread.java:748) [?:1.8.0_212]
2019-07-30 08:13:50,357 INFO  impl.HddsDispatcher (ContainerUtils.java:logAndReturnError(146)) - Operation: WriteChunk : Trace ID: de55e9419d79f8b2:b0ae9959b0fd903e:15335eac4d85ee28:0 : Message: ContainerID 3 creation failed : Result: DISK_OUT_OF_SPACE
2019-07-30 08:13:50,357 INFO  keyvalue.KeyValueHandler (ContainerUtils.java:logAndReturnError(146)) - Operation: CreateContainer : Trace ID: de55e9419d79f8b2:b0ae9959b0fd903e:15335eac4d85ee28:0 : Message: Container creation failed, due to disk out of space : Result: DISK_OUT_OF_SPACE
2019-07-30 08:13:50,357 INFO  keyvalue.KeyValueHandler (ContainerUtils.java:logAndReturnError(146)) - Operation: CreateContainer : Trace ID: de55e9419d79f8b2:b0ae9959b0fd903e:15335eac4d85ee28:0 : Message: Container creation failed, due to disk out of space : Result: DISK_OUT_OF_SPACE
08:13:50.357 [pool-70-thread-28] ERROR DNAudit - user=null | ip=null | op=WRITE_CHUNK {blockData=conID: 3 locID: 102529396267024423 bcsId: 0} | ret=FAILURE
org.apache.hadoop.hdds.scm.container.common.helpers.StorageContainerException: ContainerID 3 creation failed
	at org.apache.hadoop.ozone.container.common.impl.HddsDispatcher.dispatchRequest(HddsDispatcher.java:227) ~[classes/:?]
	at org.apache.hadoop.ozone.container.common.impl.HddsDispatcher.dispatch(HddsDispatcher.java:148) ~[classes/:?]
	at org.apache.hadoop.ozone.container.common.transport.server.ratis.ContainerStateMachine.dispatchCommand(ContainerStateMachine.java:374) ~[classes/:?]
	at org.apache.hadoop.ozone.container.common.transport.server.ratis.ContainerStateMachine.runCommand(ContainerStateMachine.java:381) ~[classes/:?]
	at org.apache.hadoop.ozone.container.common.transport.server.ratis.ContainerStateMachine.lambda$handleWriteChunk$1(ContainerStateMachine.java:412) ~[classes/:?]
	at java.util.concurrent.CompletableFuture$AsyncSupply.run(CompletableFuture.java:1590) [?:1.8.0_212]
	at java.util.concurrent.ThreadPoolExecutor.runWorker(ThreadPoolExecutor.java:1149) [?:1.8.0_212]
	at java.util.concurrent.ThreadPoolExecutor$Worker.run(ThreadPoolExecutor.java:624) [?:1.8.0_212]
	at java.lang.Thread.run(Thread.java:748) [?:1.8.0_212]
08:13:50.358 [pool-59-thread-28] ERROR DNAudit - user=null | ip=null | op=WRITE_CHUNK {blockData=conID: 3 locID: 102529396267024423 bcsId: 0} | ret=FAILURE
org.apache.hadoop.hdds.scm.container.common.helpers.StorageContainerException: ContainerID 3 creation failed
	at org.apache.hadoop.ozone.container.common.impl.HddsDispatcher.dispatchRequest(HddsDispatcher.java:227) ~[classes/:?]
	at org.apache.hadoop.ozone.container.common.impl.HddsDispatcher.dispatch(HddsDispatcher.java:148) ~[classes/:?]
	at org.apache.hadoop.ozone.container.common.transport.server.ratis.ContainerStateMachine.dispatchCommand(ContainerStateMachine.java:374) ~[classes/:?]
	at org.apache.hadoop.ozone.container.common.transport.server.ratis.ContainerStateMachine.runCommand(ContainerStateMachine.java:381) ~[classes/:?]
	at org.apache.hadoop.ozone.container.common.transport.server.ratis.ContainerStateMachine.lambda$handleWriteChunk$1(ContainerStateMachine.java:412) ~[classes/:?]
	at java.util.concurrent.CompletableFuture$AsyncSupply.run(CompletableFuture.java:1590) [?:1.8.0_212]
	at java.util.concurrent.ThreadPoolExecutor.runWorker(ThreadPoolExecutor.java:1149) [?:1.8.0_212]
	at java.util.concurrent.ThreadPoolExecutor$Worker.run(ThreadPoolExecutor.java:624) [?:1.8.0_212]
	at java.lang.Thread.run(Thread.java:748) [?:1.8.0_212]
2019-07-30 08:13:50,358 INFO  impl.HddsDispatcher (ContainerUtils.java:logAndReturnError(146)) - Operation: WriteChunk : Trace ID: de55e9419d79f8b2:b0ae9959b0fd903e:15335eac4d85ee28:0 : Message: ContainerID 3 creation failed : Result: DISK_OUT_OF_SPACE
2019-07-30 08:13:50,358 INFO  impl.HddsDispatcher (ContainerUtils.java:logAndReturnError(146)) - Operation: WriteChunk : Trace ID: de55e9419d79f8b2:b0ae9959b0fd903e:15335eac4d85ee28:0 : Message: ContainerID 3 creation failed : Result: DISK_OUT_OF_SPACE
2019-07-30 08:13:50,362 WARN  node.SCMNodeManager (SCMNodeManager.java:getNodeByAddress(599)) - Cannot find node for address 127.0.0.1
2019-07-30 08:13:50,363 INFO  client.GrpcClientProtocolClient (GrpcClientProtocolClient.java:onNext(255)) - client-4F28163810AB->f33898ba-2b62-4ce4-ab71-14aa87786dcc: receive RaftClientReply:client-4F28163810AB->f33898ba-2b62-4ce4-ab71-14aa87786dcc@group-73344E003E3A, cid=61, SUCCESS, logIndex=0, commits[f33898ba-2b62-4ce4-ab71-14aa87786dcc:c81, f8715fb8-c4cb-4752-8a75-3623ffa79ca5:c80, 94b83ede-78cc-4b17-9c54-d7e0e5e6e3c6:c80]
08:13:50.363 [RatisApplyTransactionExecutor 3] ERROR DNAudit - user=null | ip=null | op=WRITE_CHUNK {blockData=conID: 3 locID: 102529396267024427 bcsId: 0} | ret=FAILURE
org.apache.hadoop.hdds.scm.container.common.helpers.StorageContainerException: ContainerID 3 does not exist
	at org.apache.hadoop.ozone.container.common.impl.HddsDispatcher.dispatchRequest(HddsDispatcher.java:242) ~[classes/:?]
	at org.apache.hadoop.ozone.container.common.impl.HddsDispatcher.dispatch(HddsDispatcher.java:148) ~[classes/:?]
	at org.apache.hadoop.ozone.container.common.transport.server.ratis.ContainerStateMachine.dispatchCommand(ContainerStateMachine.java:374) ~[classes/:?]
	at org.apache.hadoop.ozone.container.common.transport.server.ratis.ContainerStateMachine.runCommand(ContainerStateMachine.java:381) ~[classes/:?]
	at org.apache.hadoop.ozone.container.common.transport.server.ratis.ContainerStateMachine.lambda$applyTransaction$6(ContainerStateMachine.java:647) ~[classes/:?]
	at java.util.concurrent.CompletableFuture$AsyncSupply.run(CompletableFuture.java:1590) [?:1.8.0_212]
	at java.util.concurrent.ThreadPoolExecutor.runWorker(ThreadPoolExecutor.java:1149) [?:1.8.0_212]
	at java.util.concurrent.ThreadPoolExecutor$Worker.run(ThreadPoolExecutor.java:624) [?:1.8.0_212]
	at java.lang.Thread.run(Thread.java:748) [?:1.8.0_212]
2019-07-30 08:13:50,364 INFO  impl.HddsDispatcher (ContainerUtils.java:logAndReturnError(146)) - Operation: WriteChunk : Trace ID: 9ebd652bd635cf0:26900fddc6c59ef7:2f7faddc3ceb7520:0 : Message: ContainerID 3 does not exist : Result: CONTAINER_NOT_FOUND
2019-07-30 08:13:50,364 INFO  client.GrpcClientProtocolClient (GrpcClientProtocolClient.java:onNext(255)) - client-4F28163810AB->f33898ba-2b62-4ce4-ab71-14aa87786dcc: receive RaftClientReply:client-4F28163810AB->f33898ba-2b62-4ce4-ab71-14aa87786dcc@group-73344E003E3A, cid=63, SUCCESS, logIndex=81, commits[f33898ba-2b62-4ce4-ab71-14aa87786dcc:c81, f8715fb8-c4cb-4752-8a75-3623ffa79ca5:c80, 94b83ede-78cc-4b17-9c54-d7e0e5e6e3c6:c80]
08:13:50.365 [RatisApplyTransactionExecutor 3] ERROR DNAudit - user=null | ip=null | op=WRITE_CHUNK {blockData=conID: 3 locID: 102529396267024424 bcsId: 0} | ret=FAILURE
org.apache.hadoop.hdds.scm.container.common.helpers.StorageContainerException: ContainerID 3 does not exist
	at org.apache.hadoop.ozone.container.common.impl.HddsDispatcher.dispatchRequest(HddsDispatcher.java:242) ~[classes/:?]
	at org.apache.hadoop.ozone.container.common.impl.HddsDispatcher.dispatch(HddsDispatcher.java:148) ~[classes/:?]
	at org.apache.hadoop.ozone.container.common.transport.server.ratis.ContainerStateMachine.dispatchCommand(ContainerStateMachine.java:374) ~[classes/:?]
	at org.apache.hadoop.ozone.container.common.transport.server.ratis.ContainerStateMachine.runCommand(ContainerStateMachine.java:381) ~[classes/:?]
	at org.apache.hadoop.ozone.container.common.transport.server.ratis.ContainerStateMachine.lambda$applyTransaction$6(ContainerStateMachine.java:647) ~[classes/:?]
	at java.util.concurrent.CompletableFuture$AsyncSupply.run(CompletableFuture.java:1590) [?:1.8.0_212]
	at java.util.concurrent.ThreadPoolExecutor.runWorker(ThreadPoolExecutor.java:1149) [?:1.8.0_212]
	at java.util.concurrent.ThreadPoolExecutor$Worker.run(ThreadPoolExecutor.java:624) [?:1.8.0_212]
	at java.lang.Thread.run(Thread.java:748) [?:1.8.0_212]
2019-07-30 08:13:50,365 INFO  impl.HddsDispatcher (ContainerUtils.java:logAndReturnError(146)) - Operation: WriteChunk : Trace ID: 1220d71c3f1fbfc0:b5f16863d4bcb0d6:e0bbc53bdd01f5c5:0 : Message: ContainerID 3 does not exist : Result: CONTAINER_NOT_FOUND
2019-07-30 08:13:50,366 INFO  client.GrpcClientProtocolClient (GrpcClientProtocolClient.java:onNext(255)) - client-4F28163810AB->f33898ba-2b62-4ce4-ab71-14aa87786dcc: receive RaftClientReply:client-4F28163810AB->f33898ba-2b62-4ce4-ab71-14aa87786dcc@group-73344E003E3A, cid=67, SUCCESS, logIndex=82, commits[f33898ba-2b62-4ce4-ab71-14aa87786dcc:c84, f8715fb8-c4cb-4752-8a75-3623ffa79ca5:c80, 94b83ede-78cc-4b17-9c54-d7e0e5e6e3c6:c80]
08:13:50.366 [RatisApplyTransactionExecutor 3] ERROR DNAudit - user=null | ip=null | op=WRITE_CHUNK {blockData=conID: 3 locID: 102529396267024423 bcsId: 0} | ret=FAILURE
org.apache.hadoop.hdds.scm.container.common.helpers.StorageContainerException: ContainerID 3 does not exist
	at org.apache.hadoop.ozone.container.common.impl.HddsDispatcher.dispatchRequest(HddsDispatcher.java:242) ~[classes/:?]
	at org.apache.hadoop.ozone.container.common.impl.HddsDispatcher.dispatch(HddsDispatcher.java:148) ~[classes/:?]
	at org.apache.hadoop.ozone.container.common.transport.server.ratis.ContainerStateMachine.dispatchCommand(ContainerStateMachine.java:374) ~[classes/:?]
	at org.apache.hadoop.ozone.container.common.transport.server.ratis.ContainerStateMachine.runCommand(ContainerStateMachine.java:381) ~[classes/:?]
	at org.apache.hadoop.ozone.container.common.transport.server.ratis.ContainerStateMachine.lambda$applyTransaction$6(ContainerStateMachine.java:647) ~[classes/:?]
	at java.util.concurrent.CompletableFuture$AsyncSupply.run(CompletableFuture.java:1590) [?:1.8.0_212]
	at java.util.concurrent.ThreadPoolExecutor.runWorker(ThreadPoolExecutor.java:1149) [?:1.8.0_212]
	at java.util.concurrent.ThreadPoolExecutor$Worker.run(ThreadPoolExecutor.java:624) [?:1.8.0_212]
	at java.lang.Thread.run(Thread.java:748) [?:1.8.0_212]
2019-07-30 08:13:50,366 ERROR storage.BlockOutputStream (BlockOutputStream.java:validateResponse(531)) - Unexpected Storage Container Exception: 
org.apache.hadoop.hdds.scm.container.common.helpers.StorageContainerException: ContainerID 3 does not exist
	at org.apache.hadoop.hdds.scm.storage.ContainerProtocolCalls.validateContainerResponse(ContainerProtocolCalls.java:536)
	at org.apache.hadoop.hdds.scm.storage.BlockOutputStream.validateResponse(BlockOutputStream.java:529)
	at org.apache.hadoop.hdds.scm.storage.BlockOutputStream.lambda$writeChunkToContainer$2(BlockOutputStream.java:606)
	at java.util.concurrent.CompletableFuture.uniApply(CompletableFuture.java:602)
	at java.util.concurrent.CompletableFuture$UniApply.tryFire(CompletableFuture.java:577)
	at java.util.concurrent.CompletableFuture$Completion.run(CompletableFuture.java:442)
	at java.util.concurrent.ThreadPoolExecutor.runWorker(ThreadPoolExecutor.java:1149)
	at java.util.concurrent.ThreadPoolExecutor$Worker.run(ThreadPoolExecutor.java:624)
	at java.lang.Thread.run(Thread.java:748)
2019-07-30 08:13:50,367 INFO  client.GrpcClientProtocolClient (GrpcClientProtocolClient.java:onNext(255)) - client-4F28163810AB->f33898ba-2b62-4ce4-ab71-14aa87786dcc: receive RaftClientReply:client-4F28163810AB->f33898ba-2b62-4ce4-ab71-14aa87786dcc@group-73344E003E3A, cid=66, SUCCESS, logIndex=83, commits[f33898ba-2b62-4ce4-ab71-14aa87786dcc:c84, f8715fb8-c4cb-4752-8a75-3623ffa79ca5:c80, 94b83ede-78cc-4b17-9c54-d7e0e5e6e3c6:c80]
2019-07-30 08:13:50,367 INFO  impl.HddsDispatcher (ContainerUtils.java:logAndReturnError(146)) - Operation: WriteChunk : Trace ID: de55e9419d79f8b2:b0ae9959b0fd903e:15335eac4d85ee28:0 : Message: ContainerID 3 does not exist : Result: CONTAINER_NOT_FOUND
2019-07-30 08:13:50,368 INFO  client.GrpcClientProtocolClient (GrpcClientProtocolClient.java:onNext(255)) - client-4F28163810AB->f33898ba-2b62-4ce4-ab71-14aa87786dcc: receive RaftClientReply:client-4F28163810AB->f33898ba-2b62-4ce4-ab71-14aa87786dcc@group-73344E003E3A, cid=65, SUCCESS, logIndex=84, commits[f33898ba-2b62-4ce4-ab71-14aa87786dcc:c84, f8715fb8-c4cb-4752-8a75-3623ffa79ca5:c80, 94b83ede-78cc-4b17-9c54-d7e0e5e6e3c6:c80]
2019-07-30 08:13:50,368 ERROR storage.BlockOutputStream (BlockOutputStream.java:validateResponse(531)) - Unexpected Storage Container Exception: 
org.apache.hadoop.hdds.scm.container.common.helpers.StorageContainerException: ContainerID 3 does not exist
	at org.apache.hadoop.hdds.scm.storage.ContainerProtocolCalls.validateContainerResponse(ContainerProtocolCalls.java:536)
	at org.apache.hadoop.hdds.scm.storage.BlockOutputStream.validateResponse(BlockOutputStream.java:529)
	at org.apache.hadoop.hdds.scm.storage.BlockOutputStream.lambda$writeChunkToContainer$2(BlockOutputStream.java:606)
	at java.util.concurrent.CompletableFuture.uniApply(CompletableFuture.java:602)
	at java.util.concurrent.CompletableFuture$UniApply.tryFire(CompletableFuture.java:577)
	at java.util.concurrent.CompletableFuture$Completion.run(CompletableFuture.java:442)
	at java.util.concurrent.ThreadPoolExecutor.runWorker(ThreadPoolExecutor.java:1149)
	at java.util.concurrent.ThreadPoolExecutor$Worker.run(ThreadPoolExecutor.java:624)
	at java.lang.Thread.run(Thread.java:748)
08:13:50.368 [RatisApplyTransactionExecutor 3] ERROR DNAudit - user=null | ip=null | op=PUT_BLOCK {blockData=[blockId=conID: 3 locID: 102529396267024424 bcsId: 0,size=10240]} | ret=FAILURE
org.apache.hadoop.hdds.scm.container.common.helpers.StorageContainerException: ContainerID 3 does not exist
	at org.apache.hadoop.ozone.container.common.impl.HddsDispatcher.dispatchRequest(HddsDispatcher.java:242) ~[classes/:?]
	at org.apache.hadoop.ozone.container.common.impl.HddsDispatcher.dispatch(HddsDispatcher.java:148) ~[classes/:?]
	at org.apache.hadoop.ozone.container.common.transport.server.ratis.ContainerStateMachine.dispatchCommand(ContainerStateMachine.java:374) ~[classes/:?]
	at org.apache.hadoop.ozone.container.common.transport.server.ratis.ContainerStateMachine.runCommand(ContainerStateMachine.java:381) ~[classes/:?]
	at org.apache.hadoop.ozone.container.common.transport.server.ratis.ContainerStateMachine.lambda$applyTransaction$6(ContainerStateMachine.java:647) ~[classes/:?]
	at java.util.concurrent.CompletableFuture$AsyncSupply.run(CompletableFuture.java:1590) [?:1.8.0_212]
	at java.util.concurrent.ThreadPoolExecutor.runWorker(ThreadPoolExecutor.java:1149) [?:1.8.0_212]
	at java.util.concurrent.ThreadPoolExecutor$Worker.run(ThreadPoolExecutor.java:624) [?:1.8.0_212]
	at java.lang.Thread.run(Thread.java:748) [?:1.8.0_212]
2019-07-30 08:13:50,369 INFO  impl.HddsDispatcher (ContainerUtils.java:logAndReturnError(146)) - Operation: PutBlock : Trace ID: 1220d71c3f1fbfc0:1e090753785a3984:e0bbc53bdd01f5c5:0 : Message: ContainerID 3 does not exist : Result: CONTAINER_NOT_FOUND
2019-07-30 08:13:50,369 INFO  client.GrpcClientProtocolClient (GrpcClientProtocolClient.java:onNext(255)) - client-4F28163810AB->f33898ba-2b62-4ce4-ab71-14aa87786dcc: receive RaftClientReply:client-4F28163810AB->f33898ba-2b62-4ce4-ab71-14aa87786dcc@group-73344E003E3A, cid=64, SUCCESS, logIndex=85, commits[f33898ba-2b62-4ce4-ab71-14aa87786dcc:c88, f8715fb8-c4cb-4752-8a75-3623ffa79ca5:c80, 94b83ede-78cc-4b17-9c54-d7e0e5e6e3c6:c80]
2019-07-30 08:13:50,370 INFO  client.GrpcClientProtocolClient (GrpcClientProtocolClient.java:onNext(255)) - client-4F28163810AB->f33898ba-2b62-4ce4-ab71-14aa87786dcc: receive RaftClientReply:client-4F28163810AB->f33898ba-2b62-4ce4-ab71-14aa87786dcc@group-73344E003E3A, cid=62, SUCCESS, logIndex=86, commits[f33898ba-2b62-4ce4-ab71-14aa87786dcc:c89, f8715fb8-c4cb-4752-8a75-3623ffa79ca5:c80, 94b83ede-78cc-4b17-9c54-d7e0e5e6e3c6:c80]
08:13:50.370 [RatisApplyTransactionExecutor 3] ERROR DNAudit - user=null | ip=null | op=PUT_BLOCK {blockData=[blockId=conID: 3 locID: 102529396267024427 bcsId: 0,size=10240]} | ret=FAILURE
org.apache.hadoop.hdds.scm.container.common.helpers.StorageContainerException: ContainerID 3 does not exist
	at org.apache.hadoop.ozone.container.common.impl.HddsDispatcher.dispatchRequest(HddsDispatcher.java:242) ~[classes/:?]
	at org.apache.hadoop.ozone.container.common.impl.HddsDispatcher.dispatch(HddsDispatcher.java:148) ~[classes/:?]
	at org.apache.hadoop.ozone.container.common.transport.server.ratis.ContainerStateMachine.dispatchCommand(ContainerStateMachine.java:374) ~[classes/:?]
	at org.apache.hadoop.ozone.container.common.transport.server.ratis.ContainerStateMachine.runCommand(ContainerStateMachine.java:381) ~[classes/:?]
	at org.apache.hadoop.ozone.container.common.transport.server.ratis.ContainerStateMachine.lambda$applyTransaction$6(ContainerStateMachine.java:647) ~[classes/:?]
	at java.util.concurrent.CompletableFuture$AsyncSupply.run(CompletableFuture.java:1590) [?:1.8.0_212]
	at java.util.concurrent.ThreadPoolExecutor.runWorker(ThreadPoolExecutor.java:1149) [?:1.8.0_212]
	at java.util.concurrent.ThreadPoolExecutor$Worker.run(ThreadPoolExecutor.java:624) [?:1.8.0_212]
	at java.lang.Thread.run(Thread.java:748) [?:1.8.0_212]
2019-07-30 08:13:50,372 ERROR storage.BlockOutputStream (BlockOutputStream.java:validateResponse(531)) - Unexpected Storage Container Exception: 
org.apache.hadoop.hdds.scm.container.common.helpers.StorageContainerException: ContainerID 3 does not exist
	at org.apache.hadoop.hdds.scm.storage.ContainerProtocolCalls.validateContainerResponse(ContainerProtocolCalls.java:536)
	at org.apache.hadoop.hdds.scm.storage.BlockOutputStream.validateResponse(BlockOutputStream.java:529)
	at org.apache.hadoop.hdds.scm.storage.BlockOutputStream.lambda$writeChunkToContainer$2(BlockOutputStream.java:606)
	at java.util.concurrent.CompletableFuture.uniApply(CompletableFuture.java:602)
	at java.util.concurrent.CompletableFuture$UniApply.tryFire(CompletableFuture.java:577)
	at java.util.concurrent.CompletableFuture$Completion.run(CompletableFuture.java:442)
	at java.util.concurrent.ThreadPoolExecutor.runWorker(ThreadPoolExecutor.java:1149)
	at java.util.concurrent.ThreadPoolExecutor$Worker.run(ThreadPoolExecutor.java:624)
	at java.lang.Thread.run(Thread.java:748)
2019-07-30 08:13:50,373 INFO  client.GrpcClientProtocolClient (GrpcClientProtocolClient.java:onNext(255)) - client-4F28163810AB->f33898ba-2b62-4ce4-ab71-14aa87786dcc: receive RaftClientReply:client-4F28163810AB->f33898ba-2b62-4ce4-ab71-14aa87786dcc@group-73344E003E3A, cid=71, SUCCESS, logIndex=87, commits[f33898ba-2b62-4ce4-ab71-14aa87786dcc:c89, f8715fb8-c4cb-4752-8a75-3623ffa79ca5:c80, 94b83ede-78cc-4b17-9c54-d7e0e5e6e3c6:c80]
2019-07-30 08:13:50,373 INFO  impl.HddsDispatcher (ContainerUtils.java:logAndReturnError(146)) - Operation: PutBlock : Trace ID: 9ebd652bd635cf0:802b968006f8f922:2f7faddc3ceb7520:0 : Message: ContainerID 3 does not exist : Result: CONTAINER_NOT_FOUND
2019-07-30 08:13:50,373 INFO  client.GrpcClientProtocolClient (GrpcClientProtocolClient.java:onNext(255)) - client-4F28163810AB->f33898ba-2b62-4ce4-ab71-14aa87786dcc: receive RaftClientReply:client-4F28163810AB->f33898ba-2b62-4ce4-ab71-14aa87786dcc@group-73344E003E3A, cid=70, SUCCESS, logIndex=88, commits[f33898ba-2b62-4ce4-ab71-14aa87786dcc:c92, f8715fb8-c4cb-4752-8a75-3623ffa79ca5:c80, 94b83ede-78cc-4b17-9c54-d7e0e5e6e3c6:c80]
08:13:50.373 [RatisApplyTransactionExecutor 3] ERROR DNAudit - user=null | ip=null | op=PUT_BLOCK {blockData=[blockId=conID: 3 locID: 102529396267024423 bcsId: 0,size=10240]} | ret=FAILURE
org.apache.hadoop.hdds.scm.container.common.helpers.StorageContainerException: ContainerID 3 does not exist
	at org.apache.hadoop.ozone.container.common.impl.HddsDispatcher.dispatchRequest(HddsDispatcher.java:242) ~[classes/:?]
	at org.apache.hadoop.ozone.container.common.impl.HddsDispatcher.dispatch(HddsDispatcher.java:148) ~[classes/:?]
	at org.apache.hadoop.ozone.container.common.transport.server.ratis.ContainerStateMachine.dispatchCommand(ContainerStateMachine.java:374) ~[classes/:?]
	at org.apache.hadoop.ozone.container.common.transport.server.ratis.ContainerStateMachine.runCommand(ContainerStateMachine.java:381) ~[classes/:?]
	at org.apache.hadoop.ozone.container.common.transport.server.ratis.ContainerStateMachine.lambda$applyTransaction$6(ContainerStateMachine.java:647) ~[classes/:?]
	at java.util.concurrent.CompletableFuture$AsyncSupply.run(CompletableFuture.java:1590) [?:1.8.0_212]
	at java.util.concurrent.ThreadPoolExecutor.runWorker(ThreadPoolExecutor.java:1149) [?:1.8.0_212]
	at java.util.concurrent.ThreadPoolExecutor$Worker.run(ThreadPoolExecutor.java:624) [?:1.8.0_212]
	at java.lang.Thread.run(Thread.java:748) [?:1.8.0_212]
2019-07-30 08:13:50,377 ERROR freon.RandomKeyGenerator (RandomKeyGenerator.java:createKey(730)) - Exception while adding key: key-1-29951 in bucket: bucket-2-24801 of volume: vol-0-87176.
java.io.IOException: Unexpected Storage Container Exception: org.apache.hadoop.hdds.scm.container.common.helpers.StorageContainerException: ContainerID 3 does not exist
	at org.apache.hadoop.hdds.scm.storage.BlockOutputStream.setIoException(BlockOutputStream.java:541)
	at org.apache.hadoop.hdds.scm.storage.BlockOutputStream.validateResponse(BlockOutputStream.java:532)
	at org.apache.hadoop.hdds.scm.storage.BlockOutputStream.lambda$writeChunkToContainer$2(BlockOutputStream.java:606)
	at java.util.concurrent.CompletableFuture.uniApply(CompletableFuture.java:602)
	at java.util.concurrent.CompletableFuture$UniApply.tryFire(CompletableFuture.java:577)
	at java.util.concurrent.CompletableFuture$Completion.run(CompletableFuture.java:442)
	at java.util.concurrent.ThreadPoolExecutor.runWorker(ThreadPoolExecutor.java:1149)
	at java.util.concurrent.ThreadPoolExecutor$Worker.run(ThreadPoolExecutor.java:624)
	at java.lang.Thread.run(Thread.java:748)
Caused by: org.apache.hadoop.hdds.scm.container.common.helpers.StorageContainerException: ContainerID 3 does not exist
	at org.apache.hadoop.hdds.scm.storage.ContainerProtocolCalls.validateContainerResponse(ContainerProtocolCalls.java:536)
	at org.apache.hadoop.hdds.scm.storage.BlockOutputStream.validateResponse(BlockOutputStream.java:529)
	... 7 more
2019-07-30 08:13:50,378 INFO  impl.HddsDispatcher (ContainerUtils.java:logAndReturnError(146)) - Operation: PutBlock : Trace ID: de55e9419d79f8b2:aa2963fe2d87417d:15335eac4d85ee28:0 : Message: ContainerID 3 does not exist : Result: CONTAINER_NOT_FOUND
2019-07-30 08:13:50,377 INFO  client.GrpcClientProtocolClient (GrpcClientProtocolClient.java:onNext(255)) - client-4F28163810AB->f33898ba-2b62-4ce4-ab71-14aa87786dcc: receive RaftClientReply:client-4F28163810AB->f33898ba-2b62-4ce4-ab71-14aa87786dcc@group-73344E003E3A, cid=69, SUCCESS, logIndex=89, commits[f33898ba-2b62-4ce4-ab71-14aa87786dcc:c92, f8715fb8-c4cb-4752-8a75-3623ffa79ca5:c80, 94b83ede-78cc-4b17-9c54-d7e0e5e6e3c6:c80]
2019-07-30 08:13:50,379 INFO  client.GrpcClientProtocolClient (GrpcClientProtocolClient.java:onNext(255)) - client-4F28163810AB->f33898ba-2b62-4ce4-ab71-14aa87786dcc: receive RaftClientReply:client-4F28163810AB->f33898ba-2b62-4ce4-ab71-14aa87786dcc@group-73344E003E3A, cid=68, SUCCESS, logIndex=90, commits[f33898ba-2b62-4ce4-ab71-14aa87786dcc:c92, f8715fb8-c4cb-4752-8a75-3623ffa79ca5:c80, 94b83ede-78cc-4b17-9c54-d7e0e5e6e3c6:c80]
08:13:50.381 [RatisApplyTransactionExecutor 3] ERROR DNAudit - user=null | ip=null | op=WRITE_CHUNK {blockData=conID: 3 locID: 102529396267024427 bcsId: 0} | ret=FAILURE
org.apache.hadoop.hdds.scm.container.common.helpers.StorageContainerException: ContainerID 3 does not exist
	at org.apache.hadoop.ozone.container.common.impl.HddsDispatcher.dispatchRequest(HddsDispatcher.java:242) ~[classes/:?]
	at org.apache.hadoop.ozone.container.common.impl.HddsDispatcher.dispatch(HddsDispatcher.java:148) ~[classes/:?]
	at org.apache.hadoop.ozone.container.common.transport.server.ratis.ContainerStateMachine.dispatchCommand(ContainerStateMachine.java:374) ~[classes/:?]
	at org.apache.hadoop.ozone.container.common.transport.server.ratis.ContainerStateMachine.runCommand(ContainerStateMachine.java:381) ~[classes/:?]
	at org.apache.hadoop.ozone.container.common.transport.server.ratis.ContainerStateMachine.lambda$applyTransaction$6(ContainerStateMachine.java:647) ~[classes/:?]
	at java.util.concurrent.CompletableFuture$AsyncSupply.run(CompletableFuture.java:1590) [?:1.8.0_212]
	at java.util.concurrent.ThreadPoolExecutor.runWorker(ThreadPoolExecutor.java:1149) [?:1.8.0_212]
	at java.util.concurrent.ThreadPoolExecutor$Worker.run(ThreadPoolExecutor.java:624) [?:1.8.0_212]
	at java.lang.Thread.run(Thread.java:748) [?:1.8.0_212]
2019-07-30 08:13:50,383 INFO  impl.HddsDispatcher (ContainerUtils.java:logAndReturnError(146)) - Operation: WriteChunk : Trace ID: 9ebd652bd635cf0:26900fddc6c59ef7:2f7faddc3ceb7520:0 : Message: ContainerID 3 does not exist : Result: CONTAINER_NOT_FOUND
08:13:50.381 [RatisApplyTransactionExecutor 3] ERROR DNAudit - user=null | ip=null | op=WRITE_CHUNK {blockData=conID: 3 locID: 102529396267024427 bcsId: 0} | ret=FAILURE
org.apache.hadoop.hdds.scm.container.common.helpers.StorageContainerException: ContainerID 3 does not exist
	at org.apache.hadoop.ozone.container.common.impl.HddsDispatcher.dispatchRequest(HddsDispatcher.java:242) ~[classes/:?]
	at org.apache.hadoop.ozone.container.common.impl.HddsDispatcher.dispatch(HddsDispatcher.java:148) ~[classes/:?]
	at org.apache.hadoop.ozone.container.common.transport.server.ratis.ContainerStateMachine.dispatchCommand(ContainerStateMachine.java:374) ~[classes/:?]
	at org.apache.hadoop.ozone.container.common.transport.server.ratis.ContainerStateMachine.runCommand(ContainerStateMachine.java:381) ~[classes/:?]
	at org.apache.hadoop.ozone.container.common.transport.server.ratis.ContainerStateMachine.lambda$applyTransaction$6(ContainerStateMachine.java:647) ~[classes/:?]
	at java.util.concurrent.CompletableFuture$AsyncSupply.run(CompletableFuture.java:1590) [?:1.8.0_212]
	at java.util.concurrent.ThreadPoolExecutor.runWorker(ThreadPoolExecutor.java:1149) [?:1.8.0_212]
	at java.util.concurrent.ThreadPoolExecutor$Worker.run(ThreadPoolExecutor.java:624) [?:1.8.0_212]
	at java.lang.Thread.run(Thread.java:748) [?:1.8.0_212]
2019-07-30 08:13:50,383 ERROR freon.RandomKeyGenerator (RandomKeyGenerator.java:createKey(730)) - Exception while adding key: key-1-07289 in bucket: bucket-1-66382 of volume: vol-1-51532.
java.io.IOException: Unexpected Storage Container Exception: org.apache.hadoop.hdds.scm.container.common.helpers.StorageContainerException: ContainerID 3 does not exist
	at org.apache.hadoop.hdds.scm.storage.BlockOutputStream.setIoException(BlockOutputStream.java:541)
	at org.apache.hadoop.hdds.scm.storage.BlockOutputStream.validateResponse(BlockOutputStream.java:532)
	at org.apache.hadoop.hdds.scm.storage.BlockOutputStream.lambda$writeChunkToContainer$2(BlockOutputStream.java:606)
	at java.util.concurrent.CompletableFuture.uniApply(CompletableFuture.java:602)
	at java.util.concurrent.CompletableFuture$UniApply.tryFire(CompletableFuture.java:577)
	at java.util.concurrent.CompletableFuture$Completion.run(CompletableFuture.java:442)
	at java.util.concurrent.ThreadPoolExecutor.runWorker(ThreadPoolExecutor.java:1149)
	at java.util.concurrent.ThreadPoolExecutor$Worker.run(ThreadPoolExecutor.java:624)
	at java.lang.Thread.run(Thread.java:748)
Caused by: org.apache.hadoop.hdds.scm.container.common.helpers.StorageContainerException: ContainerID 3 does not exist
	at org.apache.hadoop.hdds.scm.storage.ContainerProtocolCalls.validateContainerResponse(ContainerProtocolCalls.java:536)
	at org.apache.hadoop.hdds.scm.storage.BlockOutputStream.validateResponse(BlockOutputStream.java:529)
	... 7 more
2019-07-30 08:13:50,383 INFO  impl.HddsDispatcher (ContainerUtils.java:logAndReturnError(146)) - Operation: WriteChunk : Trace ID: 9ebd652bd635cf0:26900fddc6c59ef7:2f7faddc3ceb7520:0 : Message: ContainerID 3 does not exist : Result: CONTAINER_NOT_FOUND
08:13:50.383 [RatisApplyTransactionExecutor 3] ERROR DNAudit - user=null | ip=null | op=WRITE_CHUNK {blockData=conID: 3 locID: 102529396267024424 bcsId: 0} | ret=FAILURE
org.apache.hadoop.hdds.scm.container.common.helpers.StorageContainerException: ContainerID 3 does not exist
	at org.apache.hadoop.ozone.container.common.impl.HddsDispatcher.dispatchRequest(HddsDispatcher.java:242) ~[classes/:?]
	at org.apache.hadoop.ozone.container.common.impl.HddsDispatcher.dispatch(HddsDispatcher.java:148) ~[classes/:?]
	at org.apache.hadoop.ozone.container.common.transport.server.ratis.ContainerStateMachine.dispatchCommand(ContainerStateMachine.java:374) ~[classes/:?]
	at org.apache.hadoop.ozone.container.common.transport.server.ratis.ContainerStateMachine.runCommand(ContainerStateMachine.java:381) ~[classes/:?]
	at org.apache.hadoop.ozone.container.common.transport.server.ratis.ContainerStateMachine.lambda$applyTransaction$6(ContainerStateMachine.java:647) ~[classes/:?]
	at java.util.concurrent.CompletableFuture$AsyncSupply.run(CompletableFuture.java:1590) [?:1.8.0_212]
	at java.util.concurrent.ThreadPoolExecutor.runWorker(ThreadPoolExecutor.java:1149) [?:1.8.0_212]
	at java.util.concurrent.ThreadPoolExecutor$Worker.run(ThreadPoolExecutor.java:624) [?:1.8.0_212]
	at java.lang.Thread.run(Thread.java:748) [?:1.8.0_212]
2019-07-30 08:13:50,383 INFO  client.GrpcClientProtocolClient (GrpcClientProtocolClient.java:onNext(255)) - client-4F28163810AB->f33898ba-2b62-4ce4-ab71-14aa87786dcc: receive RaftClientReply:client-4F28163810AB->f33898ba-2b62-4ce4-ab71-14aa87786dcc@group-73344E003E3A, cid=73, SUCCESS, logIndex=91, commits[f33898ba-2b62-4ce4-ab71-14aa87786dcc:c92, f8715fb8-c4cb-4752-8a75-3623ffa79ca5:c80, 94b83ede-78cc-4b17-9c54-d7e0e5e6e3c6:c80]
2019-07-30 08:13:50,384 INFO  impl.HddsDispatcher (ContainerUtils.java:logAndReturnError(146)) - Operation: WriteChunk : Trace ID: 1220d71c3f1fbfc0:b5f16863d4bcb0d6:e0bbc53bdd01f5c5:0 : Message: ContainerID 3 does not exist : Result: CONTAINER_NOT_FOUND
2019-07-30 08:13:50,387 ERROR freon.RandomKeyGenerator (RandomKeyGenerator.java:createKey(730)) - Exception while adding key: key-1-68937 in bucket: bucket-0-55620 of volume: vol-1-51532.
java.io.IOException: Unexpected Storage Container Exception: org.apache.hadoop.hdds.scm.container.common.helpers.StorageContainerException: ContainerID 3 does not exist
	at org.apache.hadoop.hdds.scm.storage.BlockOutputStream.setIoException(BlockOutputStream.java:541)
	at org.apache.hadoop.hdds.scm.storage.BlockOutputStream.validateResponse(BlockOutputStream.java:532)
	at org.apache.hadoop.hdds.scm.storage.BlockOutputStream.lambda$writeChunkToContainer$2(BlockOutputStream.java:606)
	at java.util.concurrent.CompletableFuture.uniApply(CompletableFuture.java:602)
	at java.util.concurrent.CompletableFuture$UniApply.tryFire(CompletableFuture.java:577)
	at java.util.concurrent.CompletableFuture$Completion.run(CompletableFuture.java:442)
	at java.util.concurrent.ThreadPoolExecutor.runWorker(ThreadPoolExecutor.java:1149)
	at java.util.concurrent.ThreadPoolExecutor$Worker.run(ThreadPoolExecutor.java:624)
	at java.lang.Thread.run(Thread.java:748)
Caused by: org.apache.hadoop.hdds.scm.container.common.helpers.StorageContainerException: ContainerID 3 does not exist
	at org.apache.hadoop.hdds.scm.storage.ContainerProtocolCalls.validateContainerResponse(ContainerProtocolCalls.java:536)
	at org.apache.hadoop.hdds.scm.storage.BlockOutputStream.validateResponse(BlockOutputStream.java:529)
	... 7 more
08:13:50.384 [RatisApplyTransactionExecutor 3] ERROR DNAudit - user=null | ip=null | op=WRITE_CHUNK {blockData=conID: 3 locID: 102529396267024423 bcsId: 0} | ret=FAILURE
org.apache.hadoop.hdds.scm.container.common.helpers.StorageContainerException: ContainerID 3 does not exist
	at org.apache.hadoop.ozone.container.common.impl.HddsDispatcher.dispatchRequest(HddsDispatcher.java:242) ~[classes/:?]
	at org.apache.hadoop.ozone.container.common.impl.HddsDispatcher.dispatch(HddsDispatcher.java:148) ~[classes/:?]
	at org.apache.hadoop.ozone.container.common.transport.server.ratis.ContainerStateMachine.dispatchCommand(ContainerStateMachine.java:374) ~[classes/:?]
	at org.apache.hadoop.ozone.container.common.transport.server.ratis.ContainerStateMachine.runCommand(ContainerStateMachine.java:381) ~[classes/:?]
	at org.apache.hadoop.ozone.container.common.transport.server.ratis.ContainerStateMachine.lambda$applyTransaction$6(ContainerStateMachine.java:647) ~[classes/:?]
	at java.util.concurrent.CompletableFuture$AsyncSupply.run(CompletableFuture.java:1590) [?:1.8.0_212]
	at java.util.concurrent.ThreadPoolExecutor.runWorker(ThreadPoolExecutor.java:1149) [?:1.8.0_212]
	at java.util.concurrent.ThreadPoolExecutor$Worker.run(ThreadPoolExecutor.java:624) [?:1.8.0_212]
	at java.lang.Thread.run(Thread.java:748) [?:1.8.0_212]
2019-07-30 08:13:50,387 INFO  client.GrpcClientProtocolClient (GrpcClientProtocolClient.java:onNext(255)) - client-4F28163810AB->f33898ba-2b62-4ce4-ab71-14aa87786dcc: receive RaftClientReply:client-4F28163810AB->f33898ba-2b62-4ce4-ab71-14aa87786dcc@group-73344E003E3A, cid=72, SUCCESS, logIndex=92, commits[f33898ba-2b62-4ce4-ab71-14aa87786dcc:c92, f8715fb8-c4cb-4752-8a75-3623ffa79ca5:c80, 94b83ede-78cc-4b17-9c54-d7e0e5e6e3c6:c80]
2019-07-30 08:13:50,387 INFO  impl.HddsDispatcher (ContainerUtils.java:logAndReturnError(146)) - Operation: WriteChunk : Trace ID: de55e9419d79f8b2:b0ae9959b0fd903e:15335eac4d85ee28:0 : Message: ContainerID 3 does not exist : Result: CONTAINER_NOT_FOUND
08:13:50.384 [RatisApplyTransactionExecutor 3] ERROR DNAudit - user=null | ip=null | op=WRITE_CHUNK {blockData=conID: 3 locID: 102529396267024424 bcsId: 0} | ret=FAILURE
org.apache.hadoop.hdds.scm.container.common.helpers.StorageContainerException: ContainerID 3 does not exist
	at org.apache.hadoop.ozone.container.common.impl.HddsDispatcher.dispatchRequest(HddsDispatcher.java:242) ~[classes/:?]
	at org.apache.hadoop.ozone.container.common.impl.HddsDispatcher.dispatch(HddsDispatcher.java:148) ~[classes/:?]
	at org.apache.hadoop.ozone.container.common.transport.server.ratis.ContainerStateMachine.dispatchCommand(ContainerStateMachine.java:374) ~[classes/:?]
	at org.apache.hadoop.ozone.container.common.transport.server.ratis.ContainerStateMachine.runCommand(ContainerStateMachine.java:381) ~[classes/:?]
	at org.apache.hadoop.ozone.container.common.transport.server.ratis.ContainerStateMachine.lambda$applyTransaction$6(ContainerStateMachine.java:647) ~[classes/:?]
	at java.util.concurrent.CompletableFuture$AsyncSupply.run(CompletableFuture.java:1590) [?:1.8.0_212]
	at java.util.concurrent.ThreadPoolExecutor.runWorker(ThreadPoolExecutor.java:1149) [?:1.8.0_212]
	at java.util.concurrent.ThreadPoolExecutor$Worker.run(ThreadPoolExecutor.java:624) [?:1.8.0_212]
	at java.lang.Thread.run(Thread.java:748) [?:1.8.0_212]
2019-07-30 08:13:50,387 INFO  impl.HddsDispatcher (ContainerUtils.java:logAndReturnError(146)) - Operation: WriteChunk : Trace ID: 1220d71c3f1fbfc0:b5f16863d4bcb0d6:e0bbc53bdd01f5c5:0 : Message: ContainerID 3 does not exist : Result: CONTAINER_NOT_FOUND
2019-07-30 08:13:50,388 INFO  client.GrpcClientProtocolClient (GrpcClientProtocolClient.java:onNext(255)) - client-4F28163810AB->f33898ba-2b62-4ce4-ab71-14aa87786dcc: receive RaftClientReply:client-4F28163810AB->f33898ba-2b62-4ce4-ab71-14aa87786dcc@group-73344E003E3A, cid=74, SUCCESS, logIndex=0, commits[f33898ba-2b62-4ce4-ab71-14aa87786dcc:c97, f8715fb8-c4cb-4752-8a75-3623ffa79ca5:c88, 94b83ede-78cc-4b17-9c54-d7e0e5e6e3c6:c88]
08:13:50.388 [RatisApplyTransactionExecutor 3] ERROR DNAudit - user=null | ip=null | op=PUT_BLOCK {blockData=[blockId=conID: 3 locID: 102529396267024424 bcsId: 0,size=10240]} | ret=FAILURE
org.apache.hadoop.hdds.scm.container.common.helpers.StorageContainerException: ContainerID 3 does not exist
	at org.apache.hadoop.ozone.container.common.impl.HddsDispatcher.dispatchRequest(HddsDispatcher.java:242) ~[classes/:?]
	at org.apache.hadoop.ozone.container.common.impl.HddsDispatcher.dispatch(HddsDispatcher.java:148) ~[classes/:?]
	at org.apache.hadoop.ozone.container.common.transport.server.ratis.ContainerStateMachine.dispatchCommand(ContainerStateMachine.java:374) ~[classes/:?]
	at org.apache.hadoop.ozone.container.common.transport.server.ratis.ContainerStateMachine.runCommand(ContainerStateMachine.java:381) ~[classes/:?]
	at org.apache.hadoop.ozone.container.common.transport.server.ratis.ContainerStateMachine.lambda$applyTransaction$6(ContainerStateMachine.java:647) ~[classes/:?]
	at java.util.concurrent.CompletableFuture$AsyncSupply.run(CompletableFuture.java:1590) [?:1.8.0_212]
	at java.util.concurrent.ThreadPoolExecutor.runWorker(ThreadPoolExecutor.java:1149) [?:1.8.0_212]
	at java.util.concurrent.ThreadPoolExecutor$Worker.run(ThreadPoolExecutor.java:624) [?:1.8.0_212]
	at java.lang.Thread.run(Thread.java:748) [?:1.8.0_212]
2019-07-30 08:13:50,388 INFO  impl.HddsDispatcher (ContainerUtils.java:logAndReturnError(146)) - Operation: PutBlock : Trace ID: 1220d71c3f1fbfc0:1e090753785a3984:e0bbc53bdd01f5c5:0 : Message: ContainerID 3 does not exist : Result: CONTAINER_NOT_FOUND
08:13:50.388 [RatisApplyTransactionExecutor 3] ERROR DNAudit - user=null | ip=null | op=WRITE_CHUNK {blockData=conID: 3 locID: 102529396267024423 bcsId: 0} | ret=FAILURE
org.apache.hadoop.hdds.scm.container.common.helpers.StorageContainerException: ContainerID 3 does not exist
	at org.apache.hadoop.ozone.container.common.impl.HddsDispatcher.dispatchRequest(HddsDispatcher.java:242) ~[classes/:?]
	at org.apache.hadoop.ozone.container.common.impl.HddsDispatcher.dispatch(HddsDispatcher.java:148) ~[classes/:?]
	at org.apache.hadoop.ozone.container.common.transport.server.ratis.ContainerStateMachine.dispatchCommand(ContainerStateMachine.java:374) ~[classes/:?]
	at org.apache.hadoop.ozone.container.common.transport.server.ratis.ContainerStateMachine.runCommand(ContainerStateMachine.java:381) ~[classes/:?]
	at org.apache.hadoop.ozone.container.common.transport.server.ratis.ContainerStateMachine.lambda$applyTransaction$6(ContainerStateMachine.java:647) ~[classes/:?]
	at java.util.concurrent.CompletableFuture$AsyncSupply.run(CompletableFuture.java:1590) [?:1.8.0_212]
	at java.util.concurrent.ThreadPoolExecutor.runWorker(ThreadPoolExecutor.java:1149) [?:1.8.0_212]
	at java.util.concurrent.ThreadPoolExecutor$Worker.run(ThreadPoolExecutor.java:624) [?:1.8.0_212]
	at java.lang.Thread.run(Thread.java:748) [?:1.8.0_212]
2019-07-30 08:13:50,388 INFO  impl.HddsDispatcher (ContainerUtils.java:logAndReturnError(146)) - Operation: WriteChunk : Trace ID: de55e9419d79f8b2:b0ae9959b0fd903e:15335eac4d85ee28:0 : Message: ContainerID 3 does not exist : Result: CONTAINER_NOT_FOUND
08:13:50.388 [RatisApplyTransactionExecutor 3] ERROR DNAudit - user=null | ip=null | op=PUT_BLOCK {blockData=[blockId=conID: 3 locID: 102529396267024427 bcsId: 0,size=10240]} | ret=FAILURE
org.apache.hadoop.hdds.scm.container.common.helpers.StorageContainerException: ContainerID 3 does not exist
	at org.apache.hadoop.ozone.container.common.impl.HddsDispatcher.dispatchRequest(HddsDispatcher.java:242) ~[classes/:?]
	at org.apache.hadoop.ozone.container.common.impl.HddsDispatcher.dispatch(HddsDispatcher.java:148) ~[classes/:?]
	at org.apache.hadoop.ozone.container.common.transport.server.ratis.ContainerStateMachine.dispatchCommand(ContainerStateMachine.java:374) ~[classes/:?]
	at org.apache.hadoop.ozone.container.common.transport.server.ratis.ContainerStateMachine.runCommand(ContainerStateMachine.java:381) ~[classes/:?]
	at org.apache.hadoop.ozone.container.common.transport.server.ratis.ContainerStateMachine.lambda$applyTransaction$6(ContainerStateMachine.java:647) ~[classes/:?]
	at java.util.concurrent.CompletableFuture$AsyncSupply.run(CompletableFuture.java:1590) [?:1.8.0_212]
	at java.util.concurrent.ThreadPoolExecutor.runWorker(ThreadPoolExecutor.java:1149) [?:1.8.0_212]
	at java.util.concurrent.ThreadPoolExecutor$Worker.run(ThreadPoolExecutor.java:624) [?:1.8.0_212]
	at java.lang.Thread.run(Thread.java:748) [?:1.8.0_212]
2019-07-30 08:13:50,389 INFO  impl.HddsDispatcher (ContainerUtils.java:logAndReturnError(146)) - Operation: PutBlock : Trace ID: 9ebd652bd635cf0:802b968006f8f922:2f7faddc3ceb7520:0 : Message: ContainerID 3 does not exist : Result: CONTAINER_NOT_FOUND
08:13:50.389 [RatisApplyTransactionExecutor 3] ERROR DNAudit - user=null | ip=null | op=PUT_BLOCK {blockData=[blockId=conID: 3 locID: 102529396267024424 bcsId: 0,size=10240]} | ret=FAILURE
org.apache.hadoop.hdds.scm.container.common.helpers.StorageContainerException: ContainerID 3 does not exist
	at org.apache.hadoop.ozone.container.common.impl.HddsDispatcher.dispatchRequest(HddsDispatcher.java:242) ~[classes/:?]
	at org.apache.hadoop.ozone.container.common.impl.HddsDispatcher.dispatch(HddsDispatcher.java:148) ~[classes/:?]
	at org.apache.hadoop.ozone.container.common.transport.server.ratis.ContainerStateMachine.dispatchCommand(ContainerStateMachine.java:374) ~[classes/:?]
	at org.apache.hadoop.ozone.container.common.transport.server.ratis.ContainerStateMachine.runCommand(ContainerStateMachine.java:381) ~[classes/:?]
	at org.apache.hadoop.ozone.container.common.transport.server.ratis.ContainerStateMachine.lambda$applyTransaction$6(ContainerStateMachine.java:647) ~[classes/:?]
	at java.util.concurrent.CompletableFuture$AsyncSupply.run(CompletableFuture.java:1590) [?:1.8.0_212]
	at java.util.concurrent.ThreadPoolExecutor.runWorker(ThreadPoolExecutor.java:1149) [?:1.8.0_212]
	at java.util.concurrent.ThreadPoolExecutor$Worker.run(ThreadPoolExecutor.java:624) [?:1.8.0_212]
	at java.lang.Thread.run(Thread.java:748) [?:1.8.0_212]
2019-07-30 08:13:50,389 INFO  impl.HddsDispatcher (ContainerUtils.java:logAndReturnError(146)) - Operation: PutBlock : Trace ID: 1220d71c3f1fbfc0:1e090753785a3984:e0bbc53bdd01f5c5:0 : Message: ContainerID 3 does not exist : Result: CONTAINER_NOT_FOUND
08:13:50.392 [RatisApplyTransactionExecutor 3] ERROR DNAudit - user=null | ip=null | op=PUT_BLOCK {blockData=[blockId=conID: 3 locID: 102529396267024423 bcsId: 0,size=10240]} | ret=FAILURE
org.apache.hadoop.hdds.scm.container.common.helpers.StorageContainerException: ContainerID 3 does not exist
	at org.apache.hadoop.ozone.container.common.impl.HddsDispatcher.dispatchRequest(HddsDispatcher.java:242) ~[classes/:?]
	at org.apache.hadoop.ozone.container.common.impl.HddsDispatcher.dispatch(HddsDispatcher.java:148) ~[classes/:?]
	at org.apache.hadoop.ozone.container.common.transport.server.ratis.ContainerStateMachine.dispatchCommand(ContainerStateMachine.java:374) ~[classes/:?]
	at org.apache.hadoop.ozone.container.common.transport.server.ratis.ContainerStateMachine.runCommand(ContainerStateMachine.java:381) ~[classes/:?]
	at org.apache.hadoop.ozone.container.common.transport.server.ratis.ContainerStateMachine.lambda$applyTransaction$6(ContainerStateMachine.java:647) ~[classes/:?]
	at java.util.concurrent.CompletableFuture$AsyncSupply.run(CompletableFuture.java:1590) [?:1.8.0_212]
	at java.util.concurrent.ThreadPoolExecutor.runWorker(ThreadPoolExecutor.java:1149) [?:1.8.0_212]
	at java.util.concurrent.ThreadPoolExecutor$Worker.run(ThreadPoolExecutor.java:624) [?:1.8.0_212]
	at java.lang.Thread.run(Thread.java:748) [?:1.8.0_212]
2019-07-30 08:13:50,393 INFO  impl.HddsDispatcher (ContainerUtils.java:logAndReturnError(146)) - Operation: PutBlock : Trace ID: de55e9419d79f8b2:aa2963fe2d87417d:15335eac4d85ee28:0 : Message: ContainerID 3 does not exist : Result: CONTAINER_NOT_FOUND
08:13:50.393 [RatisApplyTransactionExecutor 3] ERROR DNAudit - user=null | ip=null | op=PUT_BLOCK {blockData=[blockId=conID: 3 locID: 102529396267024427 bcsId: 0,size=10240]} | ret=FAILURE
org.apache.hadoop.hdds.scm.container.common.helpers.StorageContainerException: ContainerID 3 does not exist
	at org.apache.hadoop.ozone.container.common.impl.HddsDispatcher.dispatchRequest(HddsDispatcher.java:242) ~[classes/:?]
	at org.apache.hadoop.ozone.container.common.impl.HddsDispatcher.dispatch(HddsDispatcher.java:148) ~[classes/:?]
	at org.apache.hadoop.ozone.container.common.transport.server.ratis.ContainerStateMachine.dispatchCommand(ContainerStateMachine.java:374) ~[classes/:?]
	at org.apache.hadoop.ozone.container.common.transport.server.ratis.ContainerStateMachine.runCommand(ContainerStateMachine.java:381) ~[classes/:?]
	at org.apache.hadoop.ozone.container.common.transport.server.ratis.ContainerStateMachine.lambda$applyTransaction$6(ContainerStateMachine.java:647) ~[classes/:?]
	at java.util.concurrent.CompletableFuture$AsyncSupply.run(CompletableFuture.java:1590) [?:1.8.0_212]
	at java.util.concurrent.ThreadPoolExecutor.runWorker(ThreadPoolExecutor.java:1149) [?:1.8.0_212]
	at java.util.concurrent.ThreadPoolExecutor$Worker.run(ThreadPoolExecutor.java:624) [?:1.8.0_212]
	at java.lang.Thread.run(Thread.java:748) [?:1.8.0_212]
2019-07-30 08:13:50,393 INFO  impl.HddsDispatcher (ContainerUtils.java:logAndReturnError(146)) - Operation: PutBlock : Trace ID: 9ebd652bd635cf0:802b968006f8f922:2f7faddc3ceb7520:0 : Message: ContainerID 3 does not exist : Result: CONTAINER_NOT_FOUND
08:13:50.394 [RatisApplyTransactionExecutor 3] ERROR DNAudit - user=null | ip=null | op=PUT_BLOCK {blockData=[blockId=conID: 3 locID: 102529396267024423 bcsId: 0,size=10240]} | ret=FAILURE
org.apache.hadoop.hdds.scm.container.common.helpers.StorageContainerException: ContainerID 3 does not exist
	at org.apache.hadoop.ozone.container.common.impl.HddsDispatcher.dispatchRequest(HddsDispatcher.java:242) ~[classes/:?]
	at org.apache.hadoop.ozone.container.common.impl.HddsDispatcher.dispatch(HddsDispatcher.java:148) ~[classes/:?]
	at org.apache.hadoop.ozone.container.common.transport.server.ratis.ContainerStateMachine.dispatchCommand(ContainerStateMachine.java:374) ~[classes/:?]
	at org.apache.hadoop.ozone.container.common.transport.server.ratis.ContainerStateMachine.runCommand(ContainerStateMachine.java:381) ~[classes/:?]
	at org.apache.hadoop.ozone.container.common.transport.server.ratis.ContainerStateMachine.lambda$applyTransaction$6(ContainerStateMachine.java:647) ~[classes/:?]
	at java.util.concurrent.CompletableFuture$AsyncSupply.run(CompletableFuture.java:1590) [?:1.8.0_212]
	at java.util.concurrent.ThreadPoolExecutor.runWorker(ThreadPoolExecutor.java:1149) [?:1.8.0_212]
	at java.util.concurrent.ThreadPoolExecutor$Worker.run(ThreadPoolExecutor.java:624) [?:1.8.0_212]
	at java.lang.Thread.run(Thread.java:748) [?:1.8.0_212]
2019-07-30 08:13:50,394 INFO  impl.HddsDispatcher (ContainerUtils.java:logAndReturnError(146)) - Operation: PutBlock : Trace ID: de55e9419d79f8b2:aa2963fe2d87417d:15335eac4d85ee28:0 : Message: ContainerID 3 does not exist : Result: CONTAINER_NOT_FOUND
2019-07-30 08:13:50,395 INFO  client.GrpcClientProtocolClient (GrpcClientProtocolClient.java:onNext(255)) - client-4F28163810AB->f33898ba-2b62-4ce4-ab71-14aa87786dcc: receive RaftClientReply:client-4F28163810AB->f33898ba-2b62-4ce4-ab71-14aa87786dcc@group-73344E003E3A, cid=75, SUCCESS, logIndex=0, commits[f33898ba-2b62-4ce4-ab71-14aa87786dcc:c101, f8715fb8-c4cb-4752-8a75-3623ffa79ca5:c92, 94b83ede-78cc-4b17-9c54-d7e0e5e6e3c6:c92]
2019-07-30 08:13:50,395 INFO  client.GrpcClientProtocolClient (GrpcClientProtocolClient.java:onNext(255)) - client-4F28163810AB->f33898ba-2b62-4ce4-ab71-14aa87786dcc: receive RaftClientReply:client-4F28163810AB->f33898ba-2b62-4ce4-ab71-14aa87786dcc@group-73344E003E3A, cid=76, SUCCESS, logIndex=102, commits[f33898ba-2b62-4ce4-ab71-14aa87786dcc:c103, f8715fb8-c4cb-4752-8a75-3623ffa79ca5:c99, 94b83ede-78cc-4b17-9c54-d7e0e5e6e3c6:c92]
2019-07-30 08:13:50,395 INFO  client.GrpcClientProtocolClient (GrpcClientProtocolClient.java:onNext(255)) - client-4F28163810AB->f33898ba-2b62-4ce4-ab71-14aa87786dcc: receive RaftClientReply:client-4F28163810AB->f33898ba-2b62-4ce4-ab71-14aa87786dcc@group-73344E003E3A, cid=78, SUCCESS, logIndex=0, commits[f33898ba-2b62-4ce4-ab71-14aa87786dcc:c102, f8715fb8-c4cb-4752-8a75-3623ffa79ca5:c99, 94b83ede-78cc-4b17-9c54-d7e0e5e6e3c6:c92]
2019-07-30 08:13:50,396 INFO  client.GrpcClientProtocolClient (GrpcClientProtocolClient.java:onNext(255)) - client-4F28163810AB->f33898ba-2b62-4ce4-ab71-14aa87786dcc: receive RaftClientReply:client-4F28163810AB->f33898ba-2b62-4ce4-ab71-14aa87786dcc@group-73344E003E3A, cid=77, SUCCESS, logIndex=103, commits[f33898ba-2b62-4ce4-ab71-14aa87786dcc:c103, f8715fb8-c4cb-4752-8a75-3623ffa79ca5:c99, 94b83ede-78cc-4b17-9c54-d7e0e5e6e3c6:c99]
2019-07-30 08:13:50,403 INFO  keyvalue.KeyValueHandler (ContainerUtils.java:logAndReturnError(146)) - Operation: CreateContainer : Trace ID: 967428fdc9e94dda:6f3638f1ea5749c7:eeacc290aba177a0:0 : Message: Container creation failed, due to disk out of space : Result: DISK_OUT_OF_SPACE
08:13:50.403 [pool-37-thread-32] ERROR DNAudit - user=null | ip=null | op=WRITE_CHUNK {blockData=conID: 3 locID: 102529396270628914 bcsId: 0} | ret=FAILURE
org.apache.hadoop.hdds.scm.container.common.helpers.StorageContainerException: ContainerID 3 creation failed
	at org.apache.hadoop.ozone.container.common.impl.HddsDispatcher.dispatchRequest(HddsDispatcher.java:227) ~[classes/:?]
	at org.apache.hadoop.ozone.container.common.impl.HddsDispatcher.dispatch(HddsDispatcher.java:148) ~[classes/:?]
	at org.apache.hadoop.ozone.container.common.transport.server.ratis.ContainerStateMachine.dispatchCommand(ContainerStateMachine.java:374) ~[classes/:?]
	at org.apache.hadoop.ozone.container.common.transport.server.ratis.ContainerStateMachine.runCommand(ContainerStateMachine.java:381) ~[classes/:?]
	at org.apache.hadoop.ozone.container.common.transport.server.ratis.ContainerStateMachine.lambda$handleWriteChunk$1(ContainerStateMachine.java:412) ~[classes/:?]
	at java.util.concurrent.CompletableFuture$AsyncSupply.run(CompletableFuture.java:1590) [?:1.8.0_212]
	at java.util.concurrent.ThreadPoolExecutor.runWorker(ThreadPoolExecutor.java:1149) [?:1.8.0_212]
	at java.util.concurrent.ThreadPoolExecutor$Worker.run(ThreadPoolExecutor.java:624) [?:1.8.0_212]
	at java.lang.Thread.run(Thread.java:748) [?:1.8.0_212]
2019-07-30 08:13:50,404 INFO  impl.HddsDispatcher (ContainerUtils.java:logAndReturnError(146)) - Operation: WriteChunk : Trace ID: 967428fdc9e94dda:6f3638f1ea5749c7:eeacc290aba177a0:0 : Message: ContainerID 3 creation failed : Result: DISK_OUT_OF_SPACE
2019-07-30 08:13:50,404 INFO  keyvalue.KeyValueHandler (ContainerUtils.java:logAndReturnError(146)) - Operation: CreateContainer : Trace ID: 967428fdc9e94dda:6f3638f1ea5749c7:eeacc290aba177a0:0 : Message: Container creation failed, due to disk out of space : Result: DISK_OUT_OF_SPACE
2019-07-30 08:13:50,404 INFO  keyvalue.KeyValueHandler (ContainerUtils.java:logAndReturnError(146)) - Operation: CreateContainer : Trace ID: 967428fdc9e94dda:6f3638f1ea5749c7:eeacc290aba177a0:0 : Message: Container creation failed, due to disk out of space : Result: DISK_OUT_OF_SPACE
08:13:50.404 [pool-70-thread-31] ERROR DNAudit - user=null | ip=null | op=WRITE_CHUNK {blockData=conID: 3 locID: 102529396270628914 bcsId: 0} | ret=FAILURE
org.apache.hadoop.hdds.scm.container.common.helpers.StorageContainerException: ContainerID 3 creation failed
	at org.apache.hadoop.ozone.container.common.impl.HddsDispatcher.dispatchRequest(HddsDispatcher.java:227) ~[classes/:?]
	at org.apache.hadoop.ozone.container.common.impl.HddsDispatcher.dispatch(HddsDispatcher.java:148) ~[classes/:?]
	at org.apache.hadoop.ozone.container.common.transport.server.ratis.ContainerStateMachine.dispatchCommand(ContainerStateMachine.java:374) ~[classes/:?]
	at org.apache.hadoop.ozone.container.common.transport.server.ratis.ContainerStateMachine.runCommand(ContainerStateMachine.java:381) ~[classes/:?]
	at org.apache.hadoop.ozone.container.common.transport.server.ratis.ContainerStateMachine.lambda$handleWriteChunk$1(ContainerStateMachine.java:412) ~[classes/:?]
	at java.util.concurrent.CompletableFuture$AsyncSupply.run(CompletableFuture.java:1590) [?:1.8.0_212]
	at java.util.concurrent.ThreadPoolExecutor.runWorker(ThreadPoolExecutor.java:1149) [?:1.8.0_212]
	at java.util.concurrent.ThreadPoolExecutor$Worker.run(ThreadPoolExecutor.java:624) [?:1.8.0_212]
	at java.lang.Thread.run(Thread.java:748) [?:1.8.0_212]
2019-07-30 08:13:50,405 INFO  impl.HddsDispatcher (ContainerUtils.java:logAndReturnError(146)) - Operation: WriteChunk : Trace ID: 967428fdc9e94dda:6f3638f1ea5749c7:eeacc290aba177a0:0 : Message: ContainerID 3 creation failed : Result: DISK_OUT_OF_SPACE
08:13:50.405 [pool-59-thread-31] ERROR DNAudit - user=null | ip=null | op=WRITE_CHUNK {blockData=conID: 3 locID: 102529396270628914 bcsId: 0} | ret=FAILURE
org.apache.hadoop.hdds.scm.container.common.helpers.StorageContainerException: ContainerID 3 creation failed
	at org.apache.hadoop.ozone.container.common.impl.HddsDispatcher.dispatchRequest(HddsDispatcher.java:227) ~[classes/:?]
	at org.apache.hadoop.ozone.container.common.impl.HddsDispatcher.dispatch(HddsDispatcher.java:148) ~[classes/:?]
	at org.apache.hadoop.ozone.container.common.transport.server.ratis.ContainerStateMachine.dispatchCommand(ContainerStateMachine.java:374) ~[classes/:?]
	at org.apache.hadoop.ozone.container.common.transport.server.ratis.ContainerStateMachine.runCommand(ContainerStateMachine.java:381) ~[classes/:?]
	at org.apache.hadoop.ozone.container.common.transport.server.ratis.ContainerStateMachine.lambda$handleWriteChunk$1(ContainerStateMachine.java:412) ~[classes/:?]
	at java.util.concurrent.CompletableFuture$AsyncSupply.run(CompletableFuture.java:1590) [?:1.8.0_212]
	at java.util.concurrent.ThreadPoolExecutor.runWorker(ThreadPoolExecutor.java:1149) [?:1.8.0_212]
	at java.util.concurrent.ThreadPoolExecutor$Worker.run(ThreadPoolExecutor.java:624) [?:1.8.0_212]
	at java.lang.Thread.run(Thread.java:748) [?:1.8.0_212]
2019-07-30 08:13:50,405 INFO  impl.HddsDispatcher (ContainerUtils.java:logAndReturnError(146)) - Operation: WriteChunk : Trace ID: 967428fdc9e94dda:6f3638f1ea5749c7:eeacc290aba177a0:0 : Message: ContainerID 3 creation failed : Result: DISK_OUT_OF_SPACE
2019-07-30 08:13:50,407 INFO  client.GrpcClientProtocolClient (GrpcClientProtocolClient.java:onNext(255)) - client-4F28163810AB->f33898ba-2b62-4ce4-ab71-14aa87786dcc: receive RaftClientReply:client-4F28163810AB->f33898ba-2b62-4ce4-ab71-14aa87786dcc@group-73344E003E3A, cid=81, SUCCESS, logIndex=0, commits[f33898ba-2b62-4ce4-ab71-14aa87786dcc:c104, f8715fb8-c4cb-4752-8a75-3623ffa79ca5:c103, 94b83ede-78cc-4b17-9c54-d7e0e5e6e3c6:c103]
08:13:50.412 [RatisApplyTransactionExecutor 3] ERROR DNAudit - user=null | ip=null | op=WRITE_CHUNK {blockData=conID: 3 locID: 102529396270628914 bcsId: 0} | ret=FAILURE
org.apache.hadoop.hdds.scm.container.common.helpers.StorageContainerException: ContainerID 3 does not exist
	at org.apache.hadoop.ozone.container.common.impl.HddsDispatcher.dispatchRequest(HddsDispatcher.java:242) ~[classes/:?]
	at org.apache.hadoop.ozone.container.common.impl.HddsDispatcher.dispatch(HddsDispatcher.java:148) ~[classes/:?]
	at org.apache.hadoop.ozone.container.common.transport.server.ratis.ContainerStateMachine.dispatchCommand(ContainerStateMachine.java:374) ~[classes/:?]
	at org.apache.hadoop.ozone.container.common.transport.server.ratis.ContainerStateMachine.runCommand(ContainerStateMachine.java:381) ~[classes/:?]
	at org.apache.hadoop.ozone.container.common.transport.server.ratis.ContainerStateMachine.lambda$applyTransaction$6(ContainerStateMachine.java:647) ~[classes/:?]
	at java.util.concurrent.CompletableFuture$AsyncSupply.run(CompletableFuture.java:1590) [?:1.8.0_212]
	at java.util.concurrent.ThreadPoolExecutor.runWorker(ThreadPoolExecutor.java:1149) [?:1.8.0_212]
	at java.util.concurrent.ThreadPoolExecutor$Worker.run(ThreadPoolExecutor.java:624) [?:1.8.0_212]
	at java.lang.Thread.run(Thread.java:748) [?:1.8.0_212]
2019-07-30 08:13:50,412 INFO  impl.HddsDispatcher (ContainerUtils.java:logAndReturnError(146)) - Operation: WriteChunk : Trace ID: 967428fdc9e94dda:6f3638f1ea5749c7:eeacc290aba177a0:0 : Message: ContainerID 3 does not exist : Result: CONTAINER_NOT_FOUND
2019-07-30 08:13:50,412 INFO  client.GrpcClientProtocolClient (GrpcClientProtocolClient.java:onNext(255)) - client-4F28163810AB->f33898ba-2b62-4ce4-ab71-14aa87786dcc: receive RaftClientReply:client-4F28163810AB->f33898ba-2b62-4ce4-ab71-14aa87786dcc@group-73344E003E3A, cid=79, SUCCESS, logIndex=106, commits[f33898ba-2b62-4ce4-ab71-14aa87786dcc:c107, f8715fb8-c4cb-4752-8a75-3623ffa79ca5:c103, 94b83ede-78cc-4b17-9c54-d7e0e5e6e3c6:c103]
2019-07-30 08:13:50,413 INFO  client.GrpcClientProtocolClient (GrpcClientProtocolClient.java:onNext(255)) - client-4F28163810AB->f33898ba-2b62-4ce4-ab71-14aa87786dcc: receive RaftClientReply:client-4F28163810AB->f33898ba-2b62-4ce4-ab71-14aa87786dcc@group-73344E003E3A, cid=80, SUCCESS, logIndex=107, commits[f33898ba-2b62-4ce4-ab71-14aa87786dcc:c109, f8715fb8-c4cb-4752-8a75-3623ffa79ca5:c103, 94b83ede-78cc-4b17-9c54-d7e0e5e6e3c6:c103]
08:13:50.413 [RatisApplyTransactionExecutor 3] ERROR DNAudit - user=null | ip=null | op=PUT_BLOCK {blockData=[blockId=conID: 3 locID: 102529396270628914 bcsId: 0,size=10240]} | ret=FAILURE
org.apache.hadoop.hdds.scm.container.common.helpers.StorageContainerException: ContainerID 3 does not exist
	at org.apache.hadoop.ozone.container.common.impl.HddsDispatcher.dispatchRequest(HddsDispatcher.java:242) ~[classes/:?]
	at org.apache.hadoop.ozone.container.common.impl.HddsDispatcher.dispatch(HddsDispatcher.java:148) ~[classes/:?]
	at org.apache.hadoop.ozone.container.common.transport.server.ratis.ContainerStateMachine.dispatchCommand(ContainerStateMachine.java:374) ~[classes/:?]
	at org.apache.hadoop.ozone.container.common.transport.server.ratis.ContainerStateMachine.runCommand(ContainerStateMachine.java:381) ~[classes/:?]
	at org.apache.hadoop.ozone.container.common.transport.server.ratis.ContainerStateMachine.lambda$applyTransaction$6(ContainerStateMachine.java:647) ~[classes/:?]
	at java.util.concurrent.CompletableFuture$AsyncSupply.run(CompletableFuture.java:1590) [?:1.8.0_212]
	at java.util.concurrent.ThreadPoolExecutor.runWorker(ThreadPoolExecutor.java:1149) [?:1.8.0_212]
	at java.util.concurrent.ThreadPoolExecutor$Worker.run(ThreadPoolExecutor.java:624) [?:1.8.0_212]
	at java.lang.Thread.run(Thread.java:748) [?:1.8.0_212]
2019-07-30 08:13:50,413 INFO  impl.HddsDispatcher (ContainerUtils.java:logAndReturnError(146)) - Operation: PutBlock : Trace ID: 967428fdc9e94dda:35f050e496799677:eeacc290aba177a0:0 : Message: ContainerID 3 does not exist : Result: CONTAINER_NOT_FOUND
2019-07-30 08:13:50,413 INFO  client.GrpcClientProtocolClient (GrpcClientProtocolClient.java:onNext(255)) - client-4F28163810AB->f33898ba-2b62-4ce4-ab71-14aa87786dcc: receive RaftClientReply:client-4F28163810AB->f33898ba-2b62-4ce4-ab71-14aa87786dcc@group-73344E003E3A, cid=83, SUCCESS, logIndex=108, commits[f33898ba-2b62-4ce4-ab71-14aa87786dcc:c111, f8715fb8-c4cb-4752-8a75-3623ffa79ca5:c103, 94b83ede-78cc-4b17-9c54-d7e0e5e6e3c6:c103]
2019-07-30 08:13:50,414 ERROR storage.BlockOutputStream (BlockOutputStream.java:validateResponse(531)) - Unexpected Storage Container Exception: 
org.apache.hadoop.hdds.scm.container.common.helpers.StorageContainerException: ContainerID 3 does not exist
	at org.apache.hadoop.hdds.scm.storage.ContainerProtocolCalls.validateContainerResponse(ContainerProtocolCalls.java:536)
	at org.apache.hadoop.hdds.scm.storage.BlockOutputStream.validateResponse(BlockOutputStream.java:529)
	at org.apache.hadoop.hdds.scm.storage.BlockOutputStream.lambda$writeChunkToContainer$2(BlockOutputStream.java:606)
	at java.util.concurrent.CompletableFuture.uniApply(CompletableFuture.java:602)
	at java.util.concurrent.CompletableFuture$UniApply.tryFire(CompletableFuture.java:577)
	at java.util.concurrent.CompletableFuture$Completion.run(CompletableFuture.java:442)
	at java.util.concurrent.ThreadPoolExecutor.runWorker(ThreadPoolExecutor.java:1149)
	at java.util.concurrent.ThreadPoolExecutor$Worker.run(ThreadPoolExecutor.java:624)
	at java.lang.Thread.run(Thread.java:748)
2019-07-30 08:13:50,414 INFO  client.GrpcClientProtocolClient (GrpcClientProtocolClient.java:onNext(255)) - client-4F28163810AB->f33898ba-2b62-4ce4-ab71-14aa87786dcc: receive RaftClientReply:client-4F28163810AB->f33898ba-2b62-4ce4-ab71-14aa87786dcc@group-73344E003E3A, cid=82, SUCCESS, logIndex=109, commits[f33898ba-2b62-4ce4-ab71-14aa87786dcc:c110, f8715fb8-c4cb-4752-8a75-3623ffa79ca5:c103, 94b83ede-78cc-4b17-9c54-d7e0e5e6e3c6:c103]
2019-07-30 08:13:50,415 INFO  client.GrpcClientProtocolClient (GrpcClientProtocolClient.java:onNext(255)) - client-4F28163810AB->f33898ba-2b62-4ce4-ab71-14aa87786dcc: receive RaftClientReply:client-4F28163810AB->f33898ba-2b62-4ce4-ab71-14aa87786dcc@group-73344E003E3A, cid=84, SUCCESS, logIndex=110, commits[f33898ba-2b62-4ce4-ab71-14aa87786dcc:c111, f8715fb8-c4cb-4752-8a75-3623ffa79ca5:c103, 94b83ede-78cc-4b17-9c54-d7e0e5e6e3c6:c103]
2019-07-30 08:13:50,417 INFO  client.GrpcClientProtocolClient (GrpcClientProtocolClient.java:onNext(255)) - client-4F28163810AB->f33898ba-2b62-4ce4-ab71-14aa87786dcc: receive RaftClientReply:client-4F28163810AB->f33898ba-2b62-4ce4-ab71-14aa87786dcc@group-73344E003E3A, cid=85, SUCCESS, logIndex=111, commits[f33898ba-2b62-4ce4-ab71-14aa87786dcc:c111, f8715fb8-c4cb-4752-8a75-3623ffa79ca5:c103, 94b83ede-78cc-4b17-9c54-d7e0e5e6e3c6:c103]
2019-07-30 08:13:50,418 ERROR freon.RandomKeyGenerator (RandomKeyGenerator.java:createKey(730)) - Exception while adding key: key-1-03159 in bucket: bucket-4-68477 of volume: vol-0-87176.
java.io.IOException: Unexpected Storage Container Exception: org.apache.hadoop.hdds.scm.container.common.helpers.StorageContainerException: ContainerID 3 does not exist
	at org.apache.hadoop.hdds.scm.storage.BlockOutputStream.setIoException(BlockOutputStream.java:541)
	at org.apache.hadoop.hdds.scm.storage.BlockOutputStream.validateResponse(BlockOutputStream.java:532)
	at org.apache.hadoop.hdds.scm.storage.BlockOutputStream.lambda$writeChunkToContainer$2(BlockOutputStream.java:606)
	at java.util.concurrent.CompletableFuture.uniApply(CompletableFuture.java:602)
	at java.util.concurrent.CompletableFuture$UniApply.tryFire(CompletableFuture.java:577)
	at java.util.concurrent.CompletableFuture$Completion.run(CompletableFuture.java:442)
	at java.util.concurrent.ThreadPoolExecutor.runWorker(ThreadPoolExecutor.java:1149)
	at java.util.concurrent.ThreadPoolExecutor$Worker.run(ThreadPoolExecutor.java:624)
	at java.lang.Thread.run(Thread.java:748)
Caused by: org.apache.hadoop.hdds.scm.container.common.helpers.StorageContainerException: ContainerID 3 does not exist
	at org.apache.hadoop.hdds.scm.storage.ContainerProtocolCalls.validateContainerResponse(ContainerProtocolCalls.java:536)
	at org.apache.hadoop.hdds.scm.storage.BlockOutputStream.validateResponse(BlockOutputStream.java:529)
	... 7 more
08:13:50.436 [RatisApplyTransactionExecutor 3] ERROR DNAudit - user=null | ip=null | op=WRITE_CHUNK {blockData=conID: 3 locID: 102529396270628914 bcsId: 0} | ret=FAILURE
org.apache.hadoop.hdds.scm.container.common.helpers.StorageContainerException: ContainerID 3 does not exist
	at org.apache.hadoop.ozone.container.common.impl.HddsDispatcher.dispatchRequest(HddsDispatcher.java:242) ~[classes/:?]
	at org.apache.hadoop.ozone.container.common.impl.HddsDispatcher.dispatch(HddsDispatcher.java:148) ~[classes/:?]
	at org.apache.hadoop.ozone.container.common.transport.server.ratis.ContainerStateMachine.dispatchCommand(ContainerStateMachine.java:374) ~[classes/:?]
	at org.apache.hadoop.ozone.container.common.transport.server.ratis.ContainerStateMachine.runCommand(ContainerStateMachine.java:381) ~[classes/:?]
	at org.apache.hadoop.ozone.container.common.transport.server.ratis.ContainerStateMachine.lambda$applyTransaction$6(ContainerStateMachine.java:647) ~[classes/:?]
	at java.util.concurrent.CompletableFuture$AsyncSupply.run(CompletableFuture.java:1590) [?:1.8.0_212]
	at java.util.concurrent.ThreadPoolExecutor.runWorker(ThreadPoolExecutor.java:1149) [?:1.8.0_212]
	at java.util.concurrent.ThreadPoolExecutor$Worker.run(ThreadPoolExecutor.java:624) [?:1.8.0_212]
	at java.lang.Thread.run(Thread.java:748) [?:1.8.0_212]
2019-07-30 08:13:50,437 INFO  impl.HddsDispatcher (ContainerUtils.java:logAndReturnError(146)) - Operation: WriteChunk : Trace ID: 967428fdc9e94dda:6f3638f1ea5749c7:eeacc290aba177a0:0 : Message: ContainerID 3 does not exist : Result: CONTAINER_NOT_FOUND
08:13:50.436 [RatisApplyTransactionExecutor 3] ERROR DNAudit - user=null | ip=null | op=WRITE_CHUNK {blockData=conID: 3 locID: 102529396270628914 bcsId: 0} | ret=FAILURE
org.apache.hadoop.hdds.scm.container.common.helpers.StorageContainerException: ContainerID 3 does not exist
	at org.apache.hadoop.ozone.container.common.impl.HddsDispatcher.dispatchRequest(HddsDispatcher.java:242) ~[classes/:?]
	at org.apache.hadoop.ozone.container.common.impl.HddsDispatcher.dispatch(HddsDispatcher.java:148) ~[classes/:?]
	at org.apache.hadoop.ozone.container.common.transport.server.ratis.ContainerStateMachine.dispatchCommand(ContainerStateMachine.java:374) ~[classes/:?]
	at org.apache.hadoop.ozone.container.common.transport.server.ratis.ContainerStateMachine.runCommand(ContainerStateMachine.java:381) ~[classes/:?]
	at org.apache.hadoop.ozone.container.common.transport.server.ratis.ContainerStateMachine.lambda$applyTransaction$6(ContainerStateMachine.java:647) ~[classes/:?]
	at java.util.concurrent.CompletableFuture$AsyncSupply.run(CompletableFuture.java:1590) [?:1.8.0_212]
	at java.util.concurrent.ThreadPoolExecutor.runWorker(ThreadPoolExecutor.java:1149) [?:1.8.0_212]
	at java.util.concurrent.ThreadPoolExecutor$Worker.run(ThreadPoolExecutor.java:624) [?:1.8.0_212]
	at java.lang.Thread.run(Thread.java:748) [?:1.8.0_212]
2019-07-30 08:13:50,437 INFO  impl.HddsDispatcher (ContainerUtils.java:logAndReturnError(146)) - Operation: WriteChunk : Trace ID: 967428fdc9e94dda:6f3638f1ea5749c7:eeacc290aba177a0:0 : Message: ContainerID 3 does not exist : Result: CONTAINER_NOT_FOUND
08:13:50.437 [RatisApplyTransactionExecutor 3] ERROR DNAudit - user=null | ip=null | op=PUT_BLOCK {blockData=[blockId=conID: 3 locID: 102529396270628914 bcsId: 0,size=10240]} | ret=FAILURE
org.apache.hadoop.hdds.scm.container.common.helpers.StorageContainerException: ContainerID 3 does not exist
	at org.apache.hadoop.ozone.container.common.impl.HddsDispatcher.dispatchRequest(HddsDispatcher.java:242) ~[classes/:?]
	at org.apache.hadoop.ozone.container.common.impl.HddsDispatcher.dispatch(HddsDispatcher.java:148) ~[classes/:?]
	at org.apache.hadoop.ozone.container.common.transport.server.ratis.ContainerStateMachine.dispatchCommand(ContainerStateMachine.java:374) ~[classes/:?]
	at org.apache.hadoop.ozone.container.common.transport.server.ratis.ContainerStateMachine.runCommand(ContainerStateMachine.java:381) ~[classes/:?]
	at org.apache.hadoop.ozone.container.common.transport.server.ratis.ContainerStateMachine.lambda$applyTransaction$6(ContainerStateMachine.java:647) ~[classes/:?]
	at java.util.concurrent.CompletableFuture$AsyncSupply.run(CompletableFuture.java:1590) [?:1.8.0_212]
	at java.util.concurrent.ThreadPoolExecutor.runWorker(ThreadPoolExecutor.java:1149) [?:1.8.0_212]
	at java.util.concurrent.ThreadPoolExecutor$Worker.run(ThreadPoolExecutor.java:624) [?:1.8.0_212]
	at java.lang.Thread.run(Thread.java:748) [?:1.8.0_212]
2019-07-30 08:13:50,438 INFO  impl.HddsDispatcher (ContainerUtils.java:logAndReturnError(146)) - Operation: PutBlock : Trace ID: 967428fdc9e94dda:35f050e496799677:eeacc290aba177a0:0 : Message: ContainerID 3 does not exist : Result: CONTAINER_NOT_FOUND
08:13:50.438 [RatisApplyTransactionExecutor 3] ERROR DNAudit - user=null | ip=null | op=PUT_BLOCK {blockData=[blockId=conID: 3 locID: 102529396270628914 bcsId: 0,size=10240]} | ret=FAILURE
org.apache.hadoop.hdds.scm.container.common.helpers.StorageContainerException: ContainerID 3 does not exist
	at org.apache.hadoop.ozone.container.common.impl.HddsDispatcher.dispatchRequest(HddsDispatcher.java:242) ~[classes/:?]
	at org.apache.hadoop.ozone.container.common.impl.HddsDispatcher.dispatch(HddsDispatcher.java:148) ~[classes/:?]
	at org.apache.hadoop.ozone.container.common.transport.server.ratis.ContainerStateMachine.dispatchCommand(ContainerStateMachine.java:374) ~[classes/:?]
	at org.apache.hadoop.ozone.container.common.transport.server.ratis.ContainerStateMachine.runCommand(ContainerStateMachine.java:381) ~[classes/:?]
	at org.apache.hadoop.ozone.container.common.transport.server.ratis.ContainerStateMachine.lambda$applyTransaction$6(ContainerStateMachine.java:647) ~[classes/:?]
	at java.util.concurrent.CompletableFuture$AsyncSupply.run(CompletableFuture.java:1590) [?:1.8.0_212]
	at java.util.concurrent.ThreadPoolExecutor.runWorker(ThreadPoolExecutor.java:1149) [?:1.8.0_212]
	at java.util.concurrent.ThreadPoolExecutor$Worker.run(ThreadPoolExecutor.java:624) [?:1.8.0_212]
	at java.lang.Thread.run(Thread.java:748) [?:1.8.0_212]
2019-07-30 08:13:50,439 INFO  impl.HddsDispatcher (ContainerUtils.java:logAndReturnError(146)) - Operation: PutBlock : Trace ID: 967428fdc9e94dda:35f050e496799677:eeacc290aba177a0:0 : Message: ContainerID 3 does not exist : Result: CONTAINER_NOT_FOUND
2019-07-30 08:13:50,439 INFO  client.GrpcClientProtocolClient (GrpcClientProtocolClient.java:onNext(255)) - client-4F28163810AB->f33898ba-2b62-4ce4-ab71-14aa87786dcc: receive RaftClientReply:client-4F28163810AB->f33898ba-2b62-4ce4-ab71-14aa87786dcc@group-73344E003E3A, cid=86, SUCCESS, logIndex=0, commits[f33898ba-2b62-4ce4-ab71-14aa87786dcc:c113, f8715fb8-c4cb-4752-8a75-3623ffa79ca5:c107, 94b83ede-78cc-4b17-9c54-d7e0e5e6e3c6:c110]
2019-07-30 08:13:50,439 INFO  client.GrpcClientProtocolClient (GrpcClientProtocolClient.java:onNext(255)) - client-4F28163810AB->f33898ba-2b62-4ce4-ab71-14aa87786dcc: receive RaftClientReply:client-4F28163810AB->f33898ba-2b62-4ce4-ab71-14aa87786dcc@group-73344E003E3A, cid=87, SUCCESS, logIndex=118, commits[f33898ba-2b62-4ce4-ab71-14aa87786dcc:c118, f8715fb8-c4cb-4752-8a75-3623ffa79ca5:c111, 94b83ede-78cc-4b17-9c54-d7e0e5e6e3c6:c111]
2019-07-30 08:13:50,439 INFO  client.GrpcClientProtocolClient (GrpcClientProtocolClient.java:onNext(255)) - client-4F28163810AB->f33898ba-2b62-4ce4-ab71-14aa87786dcc: receive RaftClientReply:client-4F28163810AB->f33898ba-2b62-4ce4-ab71-14aa87786dcc@group-73344E003E3A, cid=89, SUCCESS, logIndex=0, commits[f33898ba-2b62-4ce4-ab71-14aa87786dcc:c118, f8715fb8-c4cb-4752-8a75-3623ffa79ca5:c111, 94b83ede-78cc-4b17-9c54-d7e0e5e6e3c6:c111]
2019-07-30 08:13:50,440 INFO  client.GrpcClientProtocolClient (GrpcClientProtocolClient.java:onNext(255)) - client-4F28163810AB->f33898ba-2b62-4ce4-ab71-14aa87786dcc: receive RaftClientReply:client-4F28163810AB->f33898ba-2b62-4ce4-ab71-14aa87786dcc@group-73344E003E3A, cid=88, SUCCESS, logIndex=119, commits[f33898ba-2b62-4ce4-ab71-14aa87786dcc:c119, f8715fb8-c4cb-4752-8a75-3623ffa79ca5:c111, 94b83ede-78cc-4b17-9c54-d7e0e5e6e3c6:c111]
2019-07-30 08:13:50,443 INFO  client.GrpcClientProtocolClient (GrpcClientProtocolClient.java:onNext(255)) - client-4F28163810AB->f33898ba-2b62-4ce4-ab71-14aa87786dcc: receive RaftClientReply:client-4F28163810AB->f33898ba-2b62-4ce4-ab71-14aa87786dcc@group-73344E003E3A, cid=90, SUCCESS, logIndex=0, commits[f33898ba-2b62-4ce4-ab71-14aa87786dcc:c121, f8715fb8-c4cb-4752-8a75-3623ffa79ca5:c119, 94b83ede-78cc-4b17-9c54-d7e0e5e6e3c6:c119]
2019-07-30 08:13:50,447 INFO  keyvalue.KeyValueHandler (ContainerUtils.java:logAndReturnError(146)) - Operation: CreateContainer : Trace ID: 11fcf7613835a2a8:98894aa985a3cddc:b0c082dd3f9c3123:0 : Message: Container creation failed, due to disk out of space : Result: DISK_OUT_OF_SPACE
08:13:50.447 [pool-37-thread-41] ERROR DNAudit - user=null | ip=null | op=WRITE_CHUNK {blockData=conID: 3 locID: 102529396273578040 bcsId: 0} | ret=FAILURE
org.apache.hadoop.hdds.scm.container.common.helpers.StorageContainerException: ContainerID 3 creation failed
	at org.apache.hadoop.ozone.container.common.impl.HddsDispatcher.dispatchRequest(HddsDispatcher.java:227) ~[classes/:?]
	at org.apache.hadoop.ozone.container.common.impl.HddsDispatcher.dispatch(HddsDispatcher.java:148) ~[classes/:?]
	at org.apache.hadoop.ozone.container.common.transport.server.ratis.ContainerStateMachine.dispatchCommand(ContainerStateMachine.java:374) ~[classes/:?]
	at org.apache.hadoop.ozone.container.common.transport.server.ratis.ContainerStateMachine.runCommand(ContainerStateMachine.java:381) ~[classes/:?]
	at org.apache.hadoop.ozone.container.common.transport.server.ratis.ContainerStateMachine.lambda$handleWriteChunk$1(ContainerStateMachine.java:412) ~[classes/:?]
	at java.util.concurrent.CompletableFuture$AsyncSupply.run(CompletableFuture.java:1590) [?:1.8.0_212]
	at java.util.concurrent.ThreadPoolExecutor.runWorker(ThreadPoolExecutor.java:1149) [?:1.8.0_212]
	at java.util.concurrent.ThreadPoolExecutor$Worker.run(ThreadPoolExecutor.java:624) [?:1.8.0_212]
	at java.lang.Thread.run(Thread.java:748) [?:1.8.0_212]
2019-07-30 08:13:50,448 INFO  impl.HddsDispatcher (ContainerUtils.java:logAndReturnError(146)) - Operation: WriteChunk : Trace ID: 11fcf7613835a2a8:98894aa985a3cddc:b0c082dd3f9c3123:0 : Message: ContainerID 3 creation failed : Result: DISK_OUT_OF_SPACE
2019-07-30 08:13:50,449 INFO  keyvalue.KeyValueHandler (ContainerUtils.java:logAndReturnError(146)) - Operation: CreateContainer : Trace ID: 11fcf7613835a2a8:98894aa985a3cddc:b0c082dd3f9c3123:0 : Message: Container creation failed, due to disk out of space : Result: DISK_OUT_OF_SPACE
2019-07-30 08:13:50,449 INFO  keyvalue.KeyValueHandler (ContainerUtils.java:logAndReturnError(146)) - Operation: CreateContainer : Trace ID: 11fcf7613835a2a8:98894aa985a3cddc:b0c082dd3f9c3123:0 : Message: Container creation failed, due to disk out of space : Result: DISK_OUT_OF_SPACE
08:13:50.449 [pool-70-thread-34] ERROR DNAudit - user=null | ip=null | op=WRITE_CHUNK {blockData=conID: 3 locID: 102529396273578040 bcsId: 0} | ret=FAILURE
org.apache.hadoop.hdds.scm.container.common.helpers.StorageContainerException: ContainerID 3 creation failed
	at org.apache.hadoop.ozone.container.common.impl.HddsDispatcher.dispatchRequest(HddsDispatcher.java:227) ~[classes/:?]
	at org.apache.hadoop.ozone.container.common.impl.HddsDispatcher.dispatch(HddsDispatcher.java:148) ~[classes/:?]
	at org.apache.hadoop.ozone.container.common.transport.server.ratis.ContainerStateMachine.dispatchCommand(ContainerStateMachine.java:374) ~[classes/:?]
	at org.apache.hadoop.ozone.container.common.transport.server.ratis.ContainerStateMachine.runCommand(ContainerStateMachine.java:381) ~[classes/:?]
	at org.apache.hadoop.ozone.container.common.transport.server.ratis.ContainerStateMachine.lambda$handleWriteChunk$1(ContainerStateMachine.java:412) ~[classes/:?]
	at java.util.concurrent.CompletableFuture$AsyncSupply.run(CompletableFuture.java:1590) [?:1.8.0_212]
	at java.util.concurrent.ThreadPoolExecutor.runWorker(ThreadPoolExecutor.java:1149) [?:1.8.0_212]
	at java.util.concurrent.ThreadPoolExecutor$Worker.run(ThreadPoolExecutor.java:624) [?:1.8.0_212]
	at java.lang.Thread.run(Thread.java:748) [?:1.8.0_212]
2019-07-30 08:13:50,449 INFO  impl.HddsDispatcher (ContainerUtils.java:logAndReturnError(146)) - Operation: WriteChunk : Trace ID: 11fcf7613835a2a8:98894aa985a3cddc:b0c082dd3f9c3123:0 : Message: ContainerID 3 creation failed : Result: DISK_OUT_OF_SPACE
08:13:50.449 [pool-59-thread-34] ERROR DNAudit - user=null | ip=null | op=WRITE_CHUNK {blockData=conID: 3 locID: 102529396273578040 bcsId: 0} | ret=FAILURE
org.apache.hadoop.hdds.scm.container.common.helpers.StorageContainerException: ContainerID 3 creation failed
	at org.apache.hadoop.ozone.container.common.impl.HddsDispatcher.dispatchRequest(HddsDispatcher.java:227) ~[classes/:?]
	at org.apache.hadoop.ozone.container.common.impl.HddsDispatcher.dispatch(HddsDispatcher.java:148) ~[classes/:?]
	at org.apache.hadoop.ozone.container.common.transport.server.ratis.ContainerStateMachine.dispatchCommand(ContainerStateMachine.java:374) ~[classes/:?]
	at org.apache.hadoop.ozone.container.common.transport.server.ratis.ContainerStateMachine.runCommand(ContainerStateMachine.java:381) ~[classes/:?]
	at org.apache.hadoop.ozone.container.common.transport.server.ratis.ContainerStateMachine.lambda$handleWriteChunk$1(ContainerStateMachine.java:412) ~[classes/:?]
	at java.util.concurrent.CompletableFuture$AsyncSupply.run(CompletableFuture.java:1590) [?:1.8.0_212]
	at java.util.concurrent.ThreadPoolExecutor.runWorker(ThreadPoolExecutor.java:1149) [?:1.8.0_212]
	at java.util.concurrent.ThreadPoolExecutor$Worker.run(ThreadPoolExecutor.java:624) [?:1.8.0_212]
	at java.lang.Thread.run(Thread.java:748) [?:1.8.0_212]
2019-07-30 08:13:50,451 INFO  impl.HddsDispatcher (ContainerUtils.java:logAndReturnError(146)) - Operation: WriteChunk : Trace ID: 11fcf7613835a2a8:98894aa985a3cddc:b0c082dd3f9c3123:0 : Message: ContainerID 3 creation failed : Result: DISK_OUT_OF_SPACE
08:13:50.455 [RatisApplyTransactionExecutor 3] ERROR DNAudit - user=null | ip=null | op=WRITE_CHUNK {blockData=conID: 3 locID: 102529396273578040 bcsId: 0} | ret=FAILURE
org.apache.hadoop.hdds.scm.container.common.helpers.StorageContainerException: ContainerID 3 does not exist
	at org.apache.hadoop.ozone.container.common.impl.HddsDispatcher.dispatchRequest(HddsDispatcher.java:242) ~[classes/:?]
	at org.apache.hadoop.ozone.container.common.impl.HddsDispatcher.dispatch(HddsDispatcher.java:148) ~[classes/:?]
	at org.apache.hadoop.ozone.container.common.transport.server.ratis.ContainerStateMachine.dispatchCommand(ContainerStateMachine.java:374) ~[classes/:?]
	at org.apache.hadoop.ozone.container.common.transport.server.ratis.ContainerStateMachine.runCommand(ContainerStateMachine.java:381) ~[classes/:?]
	at org.apache.hadoop.ozone.container.common.transport.server.ratis.ContainerStateMachine.lambda$applyTransaction$6(ContainerStateMachine.java:647) ~[classes/:?]
	at java.util.concurrent.CompletableFuture$AsyncSupply.run(CompletableFuture.java:1590) [?:1.8.0_212]
	at java.util.concurrent.ThreadPoolExecutor.runWorker(ThreadPoolExecutor.java:1149) [?:1.8.0_212]
	at java.util.concurrent.ThreadPoolExecutor$Worker.run(ThreadPoolExecutor.java:624) [?:1.8.0_212]
	at java.lang.Thread.run(Thread.java:748) [?:1.8.0_212]
2019-07-30 08:13:50,456 INFO  impl.HddsDispatcher (ContainerUtils.java:logAndReturnError(146)) - Operation: WriteChunk : Trace ID: 11fcf7613835a2a8:98894aa985a3cddc:b0c082dd3f9c3123:0 : Message: ContainerID 3 does not exist : Result: CONTAINER_NOT_FOUND
08:13:50.457 [RatisApplyTransactionExecutor 3] ERROR DNAudit - user=null | ip=null | op=PUT_BLOCK {blockData=[blockId=conID: 3 locID: 102529396273578040 bcsId: 0,size=10240]} | ret=FAILURE
org.apache.hadoop.hdds.scm.container.common.helpers.StorageContainerException: ContainerID 3 does not exist
	at org.apache.hadoop.ozone.container.common.impl.HddsDispatcher.dispatchRequest(HddsDispatcher.java:242) ~[classes/:?]
	at org.apache.hadoop.ozone.container.common.impl.HddsDispatcher.dispatch(HddsDispatcher.java:148) ~[classes/:?]
	at org.apache.hadoop.ozone.container.common.transport.server.ratis.ContainerStateMachine.dispatchCommand(ContainerStateMachine.java:374) ~[classes/:?]
	at org.apache.hadoop.ozone.container.common.transport.server.ratis.ContainerStateMachine.runCommand(ContainerStateMachine.java:381) ~[classes/:?]
	at org.apache.hadoop.ozone.container.common.transport.server.ratis.ContainerStateMachine.lambda$applyTransaction$6(ContainerStateMachine.java:647) ~[classes/:?]
	at java.util.concurrent.CompletableFuture$AsyncSupply.run(CompletableFuture.java:1590) [?:1.8.0_212]
	at java.util.concurrent.ThreadPoolExecutor.runWorker(ThreadPoolExecutor.java:1149) [?:1.8.0_212]
	at java.util.concurrent.ThreadPoolExecutor$Worker.run(ThreadPoolExecutor.java:624) [?:1.8.0_212]
	at java.lang.Thread.run(Thread.java:748) [?:1.8.0_212]
2019-07-30 08:13:50,457 INFO  impl.HddsDispatcher (ContainerUtils.java:logAndReturnError(146)) - Operation: PutBlock : Trace ID: 11fcf7613835a2a8:4e2f9e5d15c1a3b9:b0c082dd3f9c3123:0 : Message: ContainerID 3 does not exist : Result: CONTAINER_NOT_FOUND
2019-07-30 08:13:50,457 INFO  client.GrpcClientProtocolClient (GrpcClientProtocolClient.java:onNext(255)) - client-4F28163810AB->f33898ba-2b62-4ce4-ab71-14aa87786dcc: receive RaftClientReply:client-4F28163810AB->f33898ba-2b62-4ce4-ab71-14aa87786dcc@group-73344E003E3A, cid=91, SUCCESS, logIndex=122, commits[f33898ba-2b62-4ce4-ab71-14aa87786dcc:c125, f8715fb8-c4cb-4752-8a75-3623ffa79ca5:c121, 94b83ede-78cc-4b17-9c54-d7e0e5e6e3c6:c119]
2019-07-30 08:13:50,458 ERROR storage.BlockOutputStream (BlockOutputStream.java:validateResponse(531)) - Unexpected Storage Container Exception: 
org.apache.hadoop.hdds.scm.container.common.helpers.StorageContainerException: ContainerID 3 does not exist
	at org.apache.hadoop.hdds.scm.storage.ContainerProtocolCalls.validateContainerResponse(ContainerProtocolCalls.java:536)
	at org.apache.hadoop.hdds.scm.storage.BlockOutputStream.validateResponse(BlockOutputStream.java:529)
	at org.apache.hadoop.hdds.scm.storage.BlockOutputStream.lambda$writeChunkToContainer$2(BlockOutputStream.java:606)
	at java.util.concurrent.CompletableFuture.uniApply(CompletableFuture.java:602)
	at java.util.concurrent.CompletableFuture$UniApply.tryFire(CompletableFuture.java:577)
	at java.util.concurrent.CompletableFuture$Completion.run(CompletableFuture.java:442)
	at java.util.concurrent.ThreadPoolExecutor.runWorker(ThreadPoolExecutor.java:1149)
	at java.util.concurrent.ThreadPoolExecutor$Worker.run(ThreadPoolExecutor.java:624)
	at java.lang.Thread.run(Thread.java:748)
2019-07-30 08:13:50,458 INFO  client.GrpcClientProtocolClient (GrpcClientProtocolClient.java:onNext(255)) - client-4F28163810AB->f33898ba-2b62-4ce4-ab71-14aa87786dcc: receive RaftClientReply:client-4F28163810AB->f33898ba-2b62-4ce4-ab71-14aa87786dcc@group-73344E003E3A, cid=92, SUCCESS, logIndex=123, commits[f33898ba-2b62-4ce4-ab71-14aa87786dcc:c125, f8715fb8-c4cb-4752-8a75-3623ffa79ca5:c121, 94b83ede-78cc-4b17-9c54-d7e0e5e6e3c6:c119]
08:13:50.460 [RatisApplyTransactionExecutor 3] ERROR DNAudit - user=null | ip=null | op=WRITE_CHUNK {blockData=conID: 3 locID: 102529396273578040 bcsId: 0} | ret=FAILURE
org.apache.hadoop.hdds.scm.container.common.helpers.StorageContainerException: ContainerID 3 does not exist
	at org.apache.hadoop.ozone.container.common.impl.HddsDispatcher.dispatchRequest(HddsDispatcher.java:242) ~[classes/:?]
	at org.apache.hadoop.ozone.container.common.impl.HddsDispatcher.dispatch(HddsDispatcher.java:148) ~[classes/:?]
	at org.apache.hadoop.ozone.container.common.transport.server.ratis.ContainerStateMachine.dispatchCommand(ContainerStateMachine.java:374) ~[classes/:?]
	at org.apache.hadoop.ozone.container.common.transport.server.ratis.ContainerStateMachine.runCommand(ContainerStateMachine.java:381) ~[classes/:?]
	at org.apache.hadoop.ozone.container.common.transport.server.ratis.ContainerStateMachine.lambda$applyTransaction$6(ContainerStateMachine.java:647) ~[classes/:?]
	at java.util.concurrent.CompletableFuture$AsyncSupply.run(CompletableFuture.java:1590) [?:1.8.0_212]
	at java.util.concurrent.ThreadPoolExecutor.runWorker(ThreadPoolExecutor.java:1149) [?:1.8.0_212]
	at java.util.concurrent.ThreadPoolExecutor$Worker.run(ThreadPoolExecutor.java:624) [?:1.8.0_212]
	at java.lang.Thread.run(Thread.java:748) [?:1.8.0_212]
2019-07-30 08:13:50,460 INFO  impl.HddsDispatcher (ContainerUtils.java:logAndReturnError(146)) - Operation: WriteChunk : Trace ID: 11fcf7613835a2a8:98894aa985a3cddc:b0c082dd3f9c3123:0 : Message: ContainerID 3 does not exist : Result: CONTAINER_NOT_FOUND
2019-07-30 08:13:50,462 INFO  client.GrpcClientProtocolClient (GrpcClientProtocolClient.java:onNext(255)) - client-4F28163810AB->f33898ba-2b62-4ce4-ab71-14aa87786dcc: receive RaftClientReply:client-4F28163810AB->f33898ba-2b62-4ce4-ab71-14aa87786dcc@group-73344E003E3A, cid=93, SUCCESS, logIndex=124, commits[f33898ba-2b62-4ce4-ab71-14aa87786dcc:c125, f8715fb8-c4cb-4752-8a75-3623ffa79ca5:c121, 94b83ede-78cc-4b17-9c54-d7e0e5e6e3c6:c121]
08:13:50.462 [RatisApplyTransactionExecutor 3] ERROR DNAudit - user=null | ip=null | op=PUT_BLOCK {blockData=[blockId=conID: 3 locID: 102529396273578040 bcsId: 0,size=10240]} | ret=FAILURE
org.apache.hadoop.hdds.scm.container.common.helpers.StorageContainerException: ContainerID 3 does not exist
	at org.apache.hadoop.ozone.container.common.impl.HddsDispatcher.dispatchRequest(HddsDispatcher.java:242) ~[classes/:?]
	at org.apache.hadoop.ozone.container.common.impl.HddsDispatcher.dispatch(HddsDispatcher.java:148) ~[classes/:?]
	at org.apache.hadoop.ozone.container.common.transport.server.ratis.ContainerStateMachine.dispatchCommand(ContainerStateMachine.java:374) ~[classes/:?]
	at org.apache.hadoop.ozone.container.common.transport.server.ratis.ContainerStateMachine.runCommand(ContainerStateMachine.java:381) ~[classes/:?]
	at org.apache.hadoop.ozone.container.common.transport.server.ratis.ContainerStateMachine.lambda$applyTransaction$6(ContainerStateMachine.java:647) ~[classes/:?]
	at java.util.concurrent.CompletableFuture$AsyncSupply.run(CompletableFuture.java:1590) [?:1.8.0_212]
	at java.util.concurrent.ThreadPoolExecutor.runWorker(ThreadPoolExecutor.java:1149) [?:1.8.0_212]
	at java.util.concurrent.ThreadPoolExecutor$Worker.run(ThreadPoolExecutor.java:624) [?:1.8.0_212]
	at java.lang.Thread.run(Thread.java:748) [?:1.8.0_212]
2019-07-30 08:13:50,466 ERROR freon.RandomKeyGenerator (RandomKeyGenerator.java:createKey(730)) - Exception while adding key: key-2-41823 in bucket: bucket-0-55620 of volume: vol-1-51532.
java.io.IOException: Unexpected Storage Container Exception: org.apache.hadoop.hdds.scm.container.common.helpers.StorageContainerException: ContainerID 3 does not exist
	at org.apache.hadoop.hdds.scm.storage.BlockOutputStream.setIoException(BlockOutputStream.java:541)
	at org.apache.hadoop.hdds.scm.storage.BlockOutputStream.validateResponse(BlockOutputStream.java:532)
	at org.apache.hadoop.hdds.scm.storage.BlockOutputStream.lambda$writeChunkToContainer$2(BlockOutputStream.java:606)
	at java.util.concurrent.CompletableFuture.uniApply(CompletableFuture.java:602)
	at java.util.concurrent.CompletableFuture$UniApply.tryFire(CompletableFuture.java:577)
	at java.util.concurrent.CompletableFuture$Completion.run(CompletableFuture.java:442)
	at java.util.concurrent.ThreadPoolExecutor.runWorker(ThreadPoolExecutor.java:1149)
	at java.util.concurrent.ThreadPoolExecutor$Worker.run(ThreadPoolExecutor.java:624)
	at java.lang.Thread.run(Thread.java:748)
Caused by: org.apache.hadoop.hdds.scm.container.common.helpers.StorageContainerException: ContainerID 3 does not exist
	at org.apache.hadoop.hdds.scm.storage.ContainerProtocolCalls.validateContainerResponse(ContainerProtocolCalls.java:536)
	at org.apache.hadoop.hdds.scm.storage.BlockOutputStream.validateResponse(BlockOutputStream.java:529)
	... 7 more
2019-07-30 08:13:50,466 INFO  impl.HddsDispatcher (ContainerUtils.java:logAndReturnError(146)) - Operation: PutBlock : Trace ID: 11fcf7613835a2a8:4e2f9e5d15c1a3b9:b0c082dd3f9c3123:0 : Message: ContainerID 3 does not exist : Result: CONTAINER_NOT_FOUND
2019-07-30 08:13:50,466 INFO  client.GrpcClientProtocolClient (GrpcClientProtocolClient.java:onNext(255)) - client-4F28163810AB->f33898ba-2b62-4ce4-ab71-14aa87786dcc: receive RaftClientReply:client-4F28163810AB->f33898ba-2b62-4ce4-ab71-14aa87786dcc@group-73344E003E3A, cid=94, SUCCESS, logIndex=125, commits[f33898ba-2b62-4ce4-ab71-14aa87786dcc:c125, f8715fb8-c4cb-4752-8a75-3623ffa79ca5:c121, 94b83ede-78cc-4b17-9c54-d7e0e5e6e3c6:c121]
08:13:50.465 [RatisApplyTransactionExecutor 3] ERROR DNAudit - user=null | ip=null | op=WRITE_CHUNK {blockData=conID: 3 locID: 102529396273578040 bcsId: 0} | ret=FAILURE
org.apache.hadoop.hdds.scm.container.common.helpers.StorageContainerException: ContainerID 3 does not exist
	at org.apache.hadoop.ozone.container.common.impl.HddsDispatcher.dispatchRequest(HddsDispatcher.java:242) ~[classes/:?]
	at org.apache.hadoop.ozone.container.common.impl.HddsDispatcher.dispatch(HddsDispatcher.java:148) ~[classes/:?]
	at org.apache.hadoop.ozone.container.common.transport.server.ratis.ContainerStateMachine.dispatchCommand(ContainerStateMachine.java:374) ~[classes/:?]
	at org.apache.hadoop.ozone.container.common.transport.server.ratis.ContainerStateMachine.runCommand(ContainerStateMachine.java:381) ~[classes/:?]
	at org.apache.hadoop.ozone.container.common.transport.server.ratis.ContainerStateMachine.lambda$applyTransaction$6(ContainerStateMachine.java:647) ~[classes/:?]
	at java.util.concurrent.CompletableFuture$AsyncSupply.run(CompletableFuture.java:1590) [?:1.8.0_212]
	at java.util.concurrent.ThreadPoolExecutor.runWorker(ThreadPoolExecutor.java:1149) [?:1.8.0_212]
	at java.util.concurrent.ThreadPoolExecutor$Worker.run(ThreadPoolExecutor.java:624) [?:1.8.0_212]
	at java.lang.Thread.run(Thread.java:748) [?:1.8.0_212]
2019-07-30 08:13:50,466 INFO  impl.HddsDispatcher (ContainerUtils.java:logAndReturnError(146)) - Operation: WriteChunk : Trace ID: 11fcf7613835a2a8:98894aa985a3cddc:b0c082dd3f9c3123:0 : Message: ContainerID 3 does not exist : Result: CONTAINER_NOT_FOUND
2019-07-30 08:13:50,467 INFO  client.GrpcClientProtocolClient (GrpcClientProtocolClient.java:onNext(255)) - client-4F28163810AB->f33898ba-2b62-4ce4-ab71-14aa87786dcc: receive RaftClientReply:client-4F28163810AB->f33898ba-2b62-4ce4-ab71-14aa87786dcc@group-73344E003E3A, cid=95, SUCCESS, logIndex=126, commits[f33898ba-2b62-4ce4-ab71-14aa87786dcc:c127, f8715fb8-c4cb-4752-8a75-3623ffa79ca5:c121, 94b83ede-78cc-4b17-9c54-d7e0e5e6e3c6:c121]
2019-07-30 08:13:50,467 INFO  client.GrpcClientProtocolClient (GrpcClientProtocolClient.java:onNext(255)) - client-4F28163810AB->f33898ba-2b62-4ce4-ab71-14aa87786dcc: receive RaftClientReply:client-4F28163810AB->f33898ba-2b62-4ce4-ab71-14aa87786dcc@group-73344E003E3A, cid=96, SUCCESS, logIndex=127, commits[f33898ba-2b62-4ce4-ab71-14aa87786dcc:c130, f8715fb8-c4cb-4752-8a75-3623ffa79ca5:c125, 94b83ede-78cc-4b17-9c54-d7e0e5e6e3c6:c121]
08:13:50.467 [RatisApplyTransactionExecutor 3] ERROR DNAudit - user=null | ip=null | op=PUT_BLOCK {blockData=[blockId=conID: 3 locID: 102529396273578040 bcsId: 0,size=10240]} | ret=FAILURE
org.apache.hadoop.hdds.scm.container.common.helpers.StorageContainerException: ContainerID 3 does not exist
	at org.apache.hadoop.ozone.container.common.impl.HddsDispatcher.dispatchRequest(HddsDispatcher.java:242) ~[classes/:?]
	at org.apache.hadoop.ozone.container.common.impl.HddsDispatcher.dispatch(HddsDispatcher.java:148) ~[classes/:?]
	at org.apache.hadoop.ozone.container.common.transport.server.ratis.ContainerStateMachine.dispatchCommand(ContainerStateMachine.java:374) ~[classes/:?]
	at org.apache.hadoop.ozone.container.common.transport.server.ratis.ContainerStateMachine.runCommand(ContainerStateMachine.java:381) ~[classes/:?]
	at org.apache.hadoop.ozone.container.common.transport.server.ratis.ContainerStateMachine.lambda$applyTransaction$6(ContainerStateMachine.java:647) ~[classes/:?]
	at java.util.concurrent.CompletableFuture$AsyncSupply.run(CompletableFuture.java:1590) [?:1.8.0_212]
	at java.util.concurrent.ThreadPoolExecutor.runWorker(ThreadPoolExecutor.java:1149) [?:1.8.0_212]
	at java.util.concurrent.ThreadPoolExecutor$Worker.run(ThreadPoolExecutor.java:624) [?:1.8.0_212]
	at java.lang.Thread.run(Thread.java:748) [?:1.8.0_212]
2019-07-30 08:13:50,467 INFO  impl.HddsDispatcher (ContainerUtils.java:logAndReturnError(146)) - Operation: PutBlock : Trace ID: 11fcf7613835a2a8:4e2f9e5d15c1a3b9:b0c082dd3f9c3123:0 : Message: ContainerID 3 does not exist : Result: CONTAINER_NOT_FOUND
2019-07-30 08:13:50,468 INFO  client.GrpcClientProtocolClient (GrpcClientProtocolClient.java:onNext(255)) - client-4F28163810AB->f33898ba-2b62-4ce4-ab71-14aa87786dcc: receive RaftClientReply:client-4F28163810AB->f33898ba-2b62-4ce4-ab71-14aa87786dcc@group-73344E003E3A, cid=97, SUCCESS, logIndex=0, commits[f33898ba-2b62-4ce4-ab71-14aa87786dcc:c130, f8715fb8-c4cb-4752-8a75-3623ffa79ca5:c125, 94b83ede-78cc-4b17-9c54-d7e0e5e6e3c6:c125]
2019-07-30 08:13:50,469 WARN  node.SCMNodeManager (SCMNodeManager.java:getNodeByAddress(599)) - Cannot find node for address 127.0.0.1
2019-07-30 08:13:50,471 INFO  client.GrpcClientProtocolClient (GrpcClientProtocolClient.java:onNext(255)) - client-4F28163810AB->f33898ba-2b62-4ce4-ab71-14aa87786dcc: receive RaftClientReply:client-4F28163810AB->f33898ba-2b62-4ce4-ab71-14aa87786dcc@group-73344E003E3A, cid=98, SUCCESS, logIndex=0, commits[f33898ba-2b62-4ce4-ab71-14aa87786dcc:c131, f8715fb8-c4cb-4752-8a75-3623ffa79ca5:c127, 94b83ede-78cc-4b17-9c54-d7e0e5e6e3c6:c127]
2019-07-30 08:13:50,479 INFO  keyvalue.KeyValueHandler (ContainerUtils.java:logAndReturnError(146)) - Operation: CreateContainer : Trace ID: d442695ed52d7de1:f93e4f45996237be:a85dc3dfa0d771af:0 : Message: Container creation failed, due to disk out of space : Result: DISK_OUT_OF_SPACE
08:13:50.479 [pool-37-thread-50] ERROR DNAudit - user=null | ip=null | op=WRITE_CHUNK {blockData=conID: 3 locID: 102529396275478589 bcsId: 0} | ret=FAILURE
org.apache.hadoop.hdds.scm.container.common.helpers.StorageContainerException: ContainerID 3 creation failed
	at org.apache.hadoop.ozone.container.common.impl.HddsDispatcher.dispatchRequest(HddsDispatcher.java:227) ~[classes/:?]
	at org.apache.hadoop.ozone.container.common.impl.HddsDispatcher.dispatch(HddsDispatcher.java:148) ~[classes/:?]
	at org.apache.hadoop.ozone.container.common.transport.server.ratis.ContainerStateMachine.dispatchCommand(ContainerStateMachine.java:374) ~[classes/:?]
	at org.apache.hadoop.ozone.container.common.transport.server.ratis.ContainerStateMachine.runCommand(ContainerStateMachine.java:381) ~[classes/:?]
	at org.apache.hadoop.ozone.container.common.transport.server.ratis.ContainerStateMachine.lambda$handleWriteChunk$1(ContainerStateMachine.java:412) ~[classes/:?]
	at java.util.concurrent.CompletableFuture$AsyncSupply.run(CompletableFuture.java:1590) [?:1.8.0_212]
	at java.util.concurrent.ThreadPoolExecutor.runWorker(ThreadPoolExecutor.java:1149) [?:1.8.0_212]
	at java.util.concurrent.ThreadPoolExecutor$Worker.run(ThreadPoolExecutor.java:624) [?:1.8.0_212]
	at java.lang.Thread.run(Thread.java:748) [?:1.8.0_212]
2019-07-30 08:13:50,480 INFO  impl.HddsDispatcher (ContainerUtils.java:logAndReturnError(146)) - Operation: WriteChunk : Trace ID: d442695ed52d7de1:f93e4f45996237be:a85dc3dfa0d771af:0 : Message: ContainerID 3 creation failed : Result: DISK_OUT_OF_SPACE
2019-07-30 08:13:50,480 INFO  keyvalue.KeyValueHandler (ContainerUtils.java:logAndReturnError(146)) - Operation: CreateContainer : Trace ID: d442695ed52d7de1:f93e4f45996237be:a85dc3dfa0d771af:0 : Message: Container creation failed, due to disk out of space : Result: DISK_OUT_OF_SPACE
2019-07-30 08:13:50,480 INFO  keyvalue.KeyValueHandler (ContainerUtils.java:logAndReturnError(146)) - Operation: CreateContainer : Trace ID: d442695ed52d7de1:f93e4f45996237be:a85dc3dfa0d771af:0 : Message: Container creation failed, due to disk out of space : Result: DISK_OUT_OF_SPACE
08:13:50.480 [pool-70-thread-37] ERROR DNAudit - user=null | ip=null | op=WRITE_CHUNK {blockData=conID: 3 locID: 102529396275478589 bcsId: 0} | ret=FAILURE
org.apache.hadoop.hdds.scm.container.common.helpers.StorageContainerException: ContainerID 3 creation failed
	at org.apache.hadoop.ozone.container.common.impl.HddsDispatcher.dispatchRequest(HddsDispatcher.java:227) ~[classes/:?]
	at org.apache.hadoop.ozone.container.common.impl.HddsDispatcher.dispatch(HddsDispatcher.java:148) ~[classes/:?]
	at org.apache.hadoop.ozone.container.common.transport.server.ratis.ContainerStateMachine.dispatchCommand(ContainerStateMachine.java:374) ~[classes/:?]
	at org.apache.hadoop.ozone.container.common.transport.server.ratis.ContainerStateMachine.runCommand(ContainerStateMachine.java:381) ~[classes/:?]
	at org.apache.hadoop.ozone.container.common.transport.server.ratis.ContainerStateMachine.lambda$handleWriteChunk$1(ContainerStateMachine.java:412) ~[classes/:?]
	at java.util.concurrent.CompletableFuture$AsyncSupply.run(CompletableFuture.java:1590) [?:1.8.0_212]
	at java.util.concurrent.ThreadPoolExecutor.runWorker(ThreadPoolExecutor.java:1149) [?:1.8.0_212]
	at java.util.concurrent.ThreadPoolExecutor$Worker.run(ThreadPoolExecutor.java:624) [?:1.8.0_212]
	at java.lang.Thread.run(Thread.java:748) [?:1.8.0_212]
08:13:50.480 [pool-59-thread-37] ERROR DNAudit - user=null | ip=null | op=WRITE_CHUNK {blockData=conID: 3 locID: 102529396275478589 bcsId: 0} | ret=FAILURE
org.apache.hadoop.hdds.scm.container.common.helpers.StorageContainerException: ContainerID 3 creation failed
	at org.apache.hadoop.ozone.container.common.impl.HddsDispatcher.dispatchRequest(HddsDispatcher.java:227) ~[classes/:?]
	at org.apache.hadoop.ozone.container.common.impl.HddsDispatcher.dispatch(HddsDispatcher.java:148) ~[classes/:?]
	at org.apache.hadoop.ozone.container.common.transport.server.ratis.ContainerStateMachine.dispatchCommand(ContainerStateMachine.java:374) ~[classes/:?]
	at org.apache.hadoop.ozone.container.common.transport.server.ratis.ContainerStateMachine.runCommand(ContainerStateMachine.java:381) ~[classes/:?]
	at org.apache.hadoop.ozone.container.common.transport.server.ratis.ContainerStateMachine.lambda$handleWriteChunk$1(ContainerStateMachine.java:412) ~[classes/:?]
	at java.util.concurrent.CompletableFuture$AsyncSupply.run(CompletableFuture.java:1590) [?:1.8.0_212]
	at java.util.concurrent.ThreadPoolExecutor.runWorker(ThreadPoolExecutor.java:1149) [?:1.8.0_212]
	at java.util.concurrent.ThreadPoolExecutor$Worker.run(ThreadPoolExecutor.java:624) [?:1.8.0_212]
	at java.lang.Thread.run(Thread.java:748) [?:1.8.0_212]
2019-07-30 08:13:50,480 INFO  impl.HddsDispatcher (ContainerUtils.java:logAndReturnError(146)) - Operation: WriteChunk : Trace ID: d442695ed52d7de1:f93e4f45996237be:a85dc3dfa0d771af:0 : Message: ContainerID 3 creation failed : Result: DISK_OUT_OF_SPACE
2019-07-30 08:13:50,481 INFO  impl.HddsDispatcher (ContainerUtils.java:logAndReturnError(146)) - Operation: WriteChunk : Trace ID: d442695ed52d7de1:f93e4f45996237be:a85dc3dfa0d771af:0 : Message: ContainerID 3 creation failed : Result: DISK_OUT_OF_SPACE
2019-07-30 08:13:50,487 WARN  node.SCMNodeManager (SCMNodeManager.java:getNodeByAddress(599)) - Cannot find node for address 127.0.0.1
08:13:50.498 [RatisApplyTransactionExecutor 3] ERROR DNAudit - user=null | ip=null | op=WRITE_CHUNK {blockData=conID: 3 locID: 102529396275478589 bcsId: 0} | ret=FAILURE
org.apache.hadoop.hdds.scm.container.common.helpers.StorageContainerException: ContainerID 3 does not exist
	at org.apache.hadoop.ozone.container.common.impl.HddsDispatcher.dispatchRequest(HddsDispatcher.java:242) ~[classes/:?]
	at org.apache.hadoop.ozone.container.common.impl.HddsDispatcher.dispatch(HddsDispatcher.java:148) ~[classes/:?]
	at org.apache.hadoop.ozone.container.common.transport.server.ratis.ContainerStateMachine.dispatchCommand(ContainerStateMachine.java:374) ~[classes/:?]
	at org.apache.hadoop.ozone.container.common.transport.server.ratis.ContainerStateMachine.runCommand(ContainerStateMachine.java:381) ~[classes/:?]
	at org.apache.hadoop.ozone.container.common.transport.server.ratis.ContainerStateMachine.lambda$applyTransaction$6(ContainerStateMachine.java:647) ~[classes/:?]
	at java.util.concurrent.CompletableFuture$AsyncSupply.run(CompletableFuture.java:1590) [?:1.8.0_212]
	at java.util.concurrent.ThreadPoolExecutor.runWorker(ThreadPoolExecutor.java:1149) [?:1.8.0_212]
	at java.util.concurrent.ThreadPoolExecutor$Worker.run(ThreadPoolExecutor.java:624) [?:1.8.0_212]
	at java.lang.Thread.run(Thread.java:748) [?:1.8.0_212]
2019-07-30 08:13:50,498 INFO  impl.HddsDispatcher (ContainerUtils.java:logAndReturnError(146)) - Operation: WriteChunk : Trace ID: d442695ed52d7de1:f93e4f45996237be:a85dc3dfa0d771af:0 : Message: ContainerID 3 does not exist : Result: CONTAINER_NOT_FOUND
08:13:50.501 [RatisApplyTransactionExecutor 3] ERROR DNAudit - user=null | ip=null | op=PUT_BLOCK {blockData=[blockId=conID: 3 locID: 102529396275478589 bcsId: 0,size=10240]} | ret=FAILURE
org.apache.hadoop.hdds.scm.container.common.helpers.StorageContainerException: ContainerID 3 does not exist
	at org.apache.hadoop.ozone.container.common.impl.HddsDispatcher.dispatchRequest(HddsDispatcher.java:242) ~[classes/:?]
	at org.apache.hadoop.ozone.container.common.impl.HddsDispatcher.dispatch(HddsDispatcher.java:148) ~[classes/:?]
	at org.apache.hadoop.ozone.container.common.transport.server.ratis.ContainerStateMachine.dispatchCommand(ContainerStateMachine.java:374) ~[classes/:?]
	at org.apache.hadoop.ozone.container.common.transport.server.ratis.ContainerStateMachine.runCommand(ContainerStateMachine.java:381) ~[classes/:?]
	at org.apache.hadoop.ozone.container.common.transport.server.ratis.ContainerStateMachine.lambda$applyTransaction$6(ContainerStateMachine.java:647) ~[classes/:?]
	at java.util.concurrent.CompletableFuture$AsyncSupply.run(CompletableFuture.java:1590) [?:1.8.0_212]
	at java.util.concurrent.ThreadPoolExecutor.runWorker(ThreadPoolExecutor.java:1149) [?:1.8.0_212]
	at java.util.concurrent.ThreadPoolExecutor$Worker.run(ThreadPoolExecutor.java:624) [?:1.8.0_212]
	at java.lang.Thread.run(Thread.java:748) [?:1.8.0_212]
2019-07-30 08:13:50,508 INFO  impl.HddsDispatcher (ContainerUtils.java:logAndReturnError(146)) - Operation: PutBlock : Trace ID: d442695ed52d7de1:ed722b2cf0c427da:a85dc3dfa0d771af:0 : Message: ContainerID 3 does not exist : Result: CONTAINER_NOT_FOUND
2019-07-30 08:13:50,508 INFO  client.GrpcClientProtocolClient (GrpcClientProtocolClient.java:onNext(255)) - client-4F28163810AB->f33898ba-2b62-4ce4-ab71-14aa87786dcc: receive RaftClientReply:client-4F28163810AB->f33898ba-2b62-4ce4-ab71-14aa87786dcc@group-73344E003E3A, cid=99, SUCCESS, logIndex=133, commits[f33898ba-2b62-4ce4-ab71-14aa87786dcc:c134, f8715fb8-c4cb-4752-8a75-3623ffa79ca5:c132, 94b83ede-78cc-4b17-9c54-d7e0e5e6e3c6:c132]
2019-07-30 08:13:50,510 ERROR storage.BlockOutputStream (BlockOutputStream.java:validateResponse(531)) - Unexpected Storage Container Exception: 
org.apache.hadoop.hdds.scm.container.common.helpers.StorageContainerException: ContainerID 3 does not exist
	at org.apache.hadoop.hdds.scm.storage.ContainerProtocolCalls.validateContainerResponse(ContainerProtocolCalls.java:536)
	at org.apache.hadoop.hdds.scm.storage.BlockOutputStream.validateResponse(BlockOutputStream.java:529)
	at org.apache.hadoop.hdds.scm.storage.BlockOutputStream.lambda$writeChunkToContainer$2(BlockOutputStream.java:606)
	at java.util.concurrent.CompletableFuture.uniApply(CompletableFuture.java:602)
	at java.util.concurrent.CompletableFuture$UniApply.tryFire(CompletableFuture.java:577)
	at java.util.concurrent.CompletableFuture$Completion.run(CompletableFuture.java:442)
	at java.util.concurrent.ThreadPoolExecutor.runWorker(ThreadPoolExecutor.java:1149)
	at java.util.concurrent.ThreadPoolExecutor$Worker.run(ThreadPoolExecutor.java:624)
	at java.lang.Thread.run(Thread.java:748)
2019-07-30 08:13:50,511 INFO  client.GrpcClientProtocolClient (GrpcClientProtocolClient.java:onNext(255)) - client-4F28163810AB->f33898ba-2b62-4ce4-ab71-14aa87786dcc: receive RaftClientReply:client-4F28163810AB->f33898ba-2b62-4ce4-ab71-14aa87786dcc@group-73344E003E3A, cid=100, SUCCESS, logIndex=134, commits[f33898ba-2b62-4ce4-ab71-14aa87786dcc:c134, f8715fb8-c4cb-4752-8a75-3623ffa79ca5:c132, 94b83ede-78cc-4b17-9c54-d7e0e5e6e3c6:c132]
2019-07-30 08:13:50,514 ERROR freon.RandomKeyGenerator (RandomKeyGenerator.java:createKey(730)) - Exception while adding key: key-2-31400 in bucket: bucket-2-24801 of volume: vol-0-87176.
java.io.IOException: Unexpected Storage Container Exception: org.apache.hadoop.hdds.scm.container.common.helpers.StorageContainerException: ContainerID 3 does not exist
	at org.apache.hadoop.hdds.scm.storage.BlockOutputStream.setIoException(BlockOutputStream.java:541)
	at org.apache.hadoop.hdds.scm.storage.BlockOutputStream.validateResponse(BlockOutputStream.java:532)
	at org.apache.hadoop.hdds.scm.storage.BlockOutputStream.lambda$writeChunkToContainer$2(BlockOutputStream.java:606)
	at java.util.concurrent.CompletableFuture.uniApply(CompletableFuture.java:602)
	at java.util.concurrent.CompletableFuture$UniApply.tryFire(CompletableFuture.java:577)
	at java.util.concurrent.CompletableFuture$Completion.run(CompletableFuture.java:442)
	at java.util.concurrent.ThreadPoolExecutor.runWorker(ThreadPoolExecutor.java:1149)
	at java.util.concurrent.ThreadPoolExecutor$Worker.run(ThreadPoolExecutor.java:624)
	at java.lang.Thread.run(Thread.java:748)
Caused by: org.apache.hadoop.hdds.scm.container.common.helpers.StorageContainerException: ContainerID 3 does not exist
	at org.apache.hadoop.hdds.scm.storage.ContainerProtocolCalls.validateContainerResponse(ContainerProtocolCalls.java:536)
	at org.apache.hadoop.hdds.scm.storage.BlockOutputStream.validateResponse(BlockOutputStream.java:529)
	... 7 more
08:13:50.514 [RatisApplyTransactionExecutor 3] ERROR DNAudit - user=null | ip=null | op=WRITE_CHUNK {blockData=conID: 3 locID: 102529396275478589 bcsId: 0} | ret=FAILURE
org.apache.hadoop.hdds.scm.container.common.helpers.StorageContainerException: ContainerID 3 does not exist
	at org.apache.hadoop.ozone.container.common.impl.HddsDispatcher.dispatchRequest(HddsDispatcher.java:242) ~[classes/:?]
	at org.apache.hadoop.ozone.container.common.impl.HddsDispatcher.dispatch(HddsDispatcher.java:148) ~[classes/:?]
	at org.apache.hadoop.ozone.container.common.transport.server.ratis.ContainerStateMachine.dispatchCommand(ContainerStateMachine.java:374) ~[classes/:?]
	at org.apache.hadoop.ozone.container.common.transport.server.ratis.ContainerStateMachine.runCommand(ContainerStateMachine.java:381) ~[classes/:?]
	at org.apache.hadoop.ozone.container.common.transport.server.ratis.ContainerStateMachine.lambda$applyTransaction$6(ContainerStateMachine.java:647) ~[classes/:?]
	at java.util.concurrent.CompletableFuture$AsyncSupply.run(CompletableFuture.java:1590) [?:1.8.0_212]
	at java.util.concurrent.ThreadPoolExecutor.runWorker(ThreadPoolExecutor.java:1149) [?:1.8.0_212]
	at java.util.concurrent.ThreadPoolExecutor$Worker.run(ThreadPoolExecutor.java:624) [?:1.8.0_212]
	at java.lang.Thread.run(Thread.java:748) [?:1.8.0_212]
2019-07-30 08:13:50,515 INFO  impl.HddsDispatcher (ContainerUtils.java:logAndReturnError(146)) - Operation: WriteChunk : Trace ID: d442695ed52d7de1:f93e4f45996237be:a85dc3dfa0d771af:0 : Message: ContainerID 3 does not exist : Result: CONTAINER_NOT_FOUND
08:13:50.515 [RatisApplyTransactionExecutor 3] ERROR DNAudit - user=null | ip=null | op=WRITE_CHUNK {blockData=conID: 3 locID: 102529396275478589 bcsId: 0} | ret=FAILURE
org.apache.hadoop.hdds.scm.container.common.helpers.StorageContainerException: ContainerID 3 does not exist
	at org.apache.hadoop.ozone.container.common.impl.HddsDispatcher.dispatchRequest(HddsDispatcher.java:242) ~[classes/:?]
	at org.apache.hadoop.ozone.container.common.impl.HddsDispatcher.dispatch(HddsDispatcher.java:148) ~[classes/:?]
	at org.apache.hadoop.ozone.container.common.transport.server.ratis.ContainerStateMachine.dispatchCommand(ContainerStateMachine.java:374) ~[classes/:?]
	at org.apache.hadoop.ozone.container.common.transport.server.ratis.ContainerStateMachine.runCommand(ContainerStateMachine.java:381) ~[classes/:?]
	at org.apache.hadoop.ozone.container.common.transport.server.ratis.ContainerStateMachine.lambda$applyTransaction$6(ContainerStateMachine.java:647) ~[classes/:?]
	at java.util.concurrent.CompletableFuture$AsyncSupply.run(CompletableFuture.java:1590) [?:1.8.0_212]
	at java.util.concurrent.ThreadPoolExecutor.runWorker(ThreadPoolExecutor.java:1149) [?:1.8.0_212]
	at java.util.concurrent.ThreadPoolExecutor$Worker.run(ThreadPoolExecutor.java:624) [?:1.8.0_212]
	at java.lang.Thread.run(Thread.java:748) [?:1.8.0_212]
2019-07-30 08:13:50,515 INFO  impl.HddsDispatcher (ContainerUtils.java:logAndReturnError(146)) - Operation: WriteChunk : Trace ID: d442695ed52d7de1:f93e4f45996237be:a85dc3dfa0d771af:0 : Message: ContainerID 3 does not exist : Result: CONTAINER_NOT_FOUND
08:13:50.515 [RatisApplyTransactionExecutor 3] ERROR DNAudit - user=null | ip=null | op=PUT_BLOCK {blockData=[blockId=conID: 3 locID: 102529396275478589 bcsId: 0,size=10240]} | ret=FAILURE
org.apache.hadoop.hdds.scm.container.common.helpers.StorageContainerException: ContainerID 3 does not exist
	at org.apache.hadoop.ozone.container.common.impl.HddsDispatcher.dispatchRequest(HddsDispatcher.java:242) ~[classes/:?]
	at org.apache.hadoop.ozone.container.common.impl.HddsDispatcher.dispatch(HddsDispatcher.java:148) ~[classes/:?]
	at org.apache.hadoop.ozone.container.common.transport.server.ratis.ContainerStateMachine.dispatchCommand(ContainerStateMachine.java:374) ~[classes/:?]
	at org.apache.hadoop.ozone.container.common.transport.server.ratis.ContainerStateMachine.runCommand(ContainerStateMachine.java:381) ~[classes/:?]
	at org.apache.hadoop.ozone.container.common.transport.server.ratis.ContainerStateMachine.lambda$applyTransaction$6(ContainerStateMachine.java:647) ~[classes/:?]
	at java.util.concurrent.CompletableFuture$AsyncSupply.run(CompletableFuture.java:1590) [?:1.8.0_212]
	at java.util.concurrent.ThreadPoolExecutor.runWorker(ThreadPoolExecutor.java:1149) [?:1.8.0_212]
	at java.util.concurrent.ThreadPoolExecutor$Worker.run(ThreadPoolExecutor.java:624) [?:1.8.0_212]
	at java.lang.Thread.run(Thread.java:748) [?:1.8.0_212]
08:13:50.515 [RatisApplyTransactionExecutor 3] ERROR DNAudit - user=null | ip=null | op=PUT_BLOCK {blockData=[blockId=conID: 3 locID: 102529396275478589 bcsId: 0,size=10240]} | ret=FAILURE
org.apache.hadoop.hdds.scm.container.common.helpers.StorageContainerException: ContainerID 3 does not exist
	at org.apache.hadoop.ozone.container.common.impl.HddsDispatcher.dispatchRequest(HddsDispatcher.java:242) ~[classes/:?]
	at org.apache.hadoop.ozone.container.common.impl.HddsDispatcher.dispatch(HddsDispatcher.java:148) ~[classes/:?]
	at org.apache.hadoop.ozone.container.common.transport.server.ratis.ContainerStateMachine.dispatchCommand(ContainerStateMachine.java:374) ~[classes/:?]
	at org.apache.hadoop.ozone.container.common.transport.server.ratis.ContainerStateMachine.runCommand(ContainerStateMachine.java:381) ~[classes/:?]
	at org.apache.hadoop.ozone.container.common.transport.server.ratis.ContainerStateMachine.lambda$applyTransaction$6(ContainerStateMachine.java:647) ~[classes/:?]
	at java.util.concurrent.CompletableFuture$AsyncSupply.run(CompletableFuture.java:1590) [?:1.8.0_212]
	at java.util.concurrent.ThreadPoolExecutor.runWorker(ThreadPoolExecutor.java:1149) [?:1.8.0_212]
	at java.util.concurrent.ThreadPoolExecutor$Worker.run(ThreadPoolExecutor.java:624) [?:1.8.0_212]
	at java.lang.Thread.run(Thread.java:748) [?:1.8.0_212]
2019-07-30 08:13:50,516 INFO  impl.HddsDispatcher (ContainerUtils.java:logAndReturnError(146)) - Operation: PutBlock : Trace ID: d442695ed52d7de1:ed722b2cf0c427da:a85dc3dfa0d771af:0 : Message: ContainerID 3 does not exist : Result: CONTAINER_NOT_FOUND
2019-07-30 08:13:50,516 INFO  impl.HddsDispatcher (ContainerUtils.java:logAndReturnError(146)) - Operation: PutBlock : Trace ID: d442695ed52d7de1:ed722b2cf0c427da:a85dc3dfa0d771af:0 : Message: ContainerID 3 does not exist : Result: CONTAINER_NOT_FOUND
2019-07-30 08:13:50,516 INFO  client.GrpcClientProtocolClient (GrpcClientProtocolClient.java:onNext(255)) - client-4F28163810AB->f33898ba-2b62-4ce4-ab71-14aa87786dcc: receive RaftClientReply:client-4F28163810AB->f33898ba-2b62-4ce4-ab71-14aa87786dcc@group-73344E003E3A, cid=101, SUCCESS, logIndex=135, commits[f33898ba-2b62-4ce4-ab71-14aa87786dcc:c136, f8715fb8-c4cb-4752-8a75-3623ffa79ca5:c132, 94b83ede-78cc-4b17-9c54-d7e0e5e6e3c6:c132]
2019-07-30 08:13:50,516 WARN  node.SCMNodeManager (SCMNodeManager.java:getNodeByAddress(599)) - Cannot find node for address 127.0.0.1
2019-07-30 08:13:50,516 INFO  client.GrpcClientProtocolClient (GrpcClientProtocolClient.java:onNext(255)) - client-4F28163810AB->f33898ba-2b62-4ce4-ab71-14aa87786dcc: receive RaftClientReply:client-4F28163810AB->f33898ba-2b62-4ce4-ab71-14aa87786dcc@group-73344E003E3A, cid=102, SUCCESS, logIndex=136, commits[f33898ba-2b62-4ce4-ab71-14aa87786dcc:c136, f8715fb8-c4cb-4752-8a75-3623ffa79ca5:c132, 94b83ede-78cc-4b17-9c54-d7e0e5e6e3c6:c134]
2019-07-30 08:13:50,535 WARN  node.SCMNodeManager (SCMNodeManager.java:getNodeByAddress(599)) - Cannot find node for address 127.0.0.1
2019-07-30 08:13:50,538 INFO  client.GrpcClientProtocolClient (GrpcClientProtocolClient.java:onNext(255)) - client-4F28163810AB->f33898ba-2b62-4ce4-ab71-14aa87786dcc: receive RaftClientReply:client-4F28163810AB->f33898ba-2b62-4ce4-ab71-14aa87786dcc@group-73344E003E3A, cid=103, SUCCESS, logIndex=0, commits[f33898ba-2b62-4ce4-ab71-14aa87786dcc:c140, f8715fb8-c4cb-4752-8a75-3623ffa79ca5:c136, 94b83ede-78cc-4b17-9c54-d7e0e5e6e3c6:c136]
2019-07-30 08:13:50,552 WARN  node.SCMNodeManager (SCMNodeManager.java:getNodeByAddress(599)) - Cannot find node for address 127.0.0.1
2019-07-30 08:13:50,564 WARN  node.SCMNodeManager (SCMNodeManager.java:getNodeByAddress(599)) - Cannot find node for address 127.0.0.1
2019-07-30 08:13:50,569 INFO  client.GrpcClientProtocolClient (GrpcClientProtocolClient.java:onNext(255)) - client-4F28163810AB->f33898ba-2b62-4ce4-ab71-14aa87786dcc: receive RaftClientReply:client-4F28163810AB->f33898ba-2b62-4ce4-ab71-14aa87786dcc@group-73344E003E3A, cid=104, SUCCESS, logIndex=141, commits[f33898ba-2b62-4ce4-ab71-14aa87786dcc:c142, f8715fb8-c4cb-4752-8a75-3623ffa79ca5:c140, 94b83ede-78cc-4b17-9c54-d7e0e5e6e3c6:c140]
2019-07-30 08:13:50,573 INFO  client.GrpcClientProtocolClient (GrpcClientProtocolClient.java:onNext(255)) - client-4F28163810AB->f33898ba-2b62-4ce4-ab71-14aa87786dcc: receive RaftClientReply:client-4F28163810AB->f33898ba-2b62-4ce4-ab71-14aa87786dcc@group-73344E003E3A, cid=105, SUCCESS, logIndex=142, commits[f33898ba-2b62-4ce4-ab71-14aa87786dcc:c142, f8715fb8-c4cb-4752-8a75-3623ffa79ca5:c140, 94b83ede-78cc-4b17-9c54-d7e0e5e6e3c6:c140]
2019-07-30 08:13:50,578 WARN  node.SCMNodeManager (SCMNodeManager.java:getNodeByAddress(599)) - Cannot find node for address 127.0.0.1
2019-07-30 08:13:50,583 INFO  client.GrpcClientProtocolClient (GrpcClientProtocolClient.java:onNext(255)) - client-4F28163810AB->f33898ba-2b62-4ce4-ab71-14aa87786dcc: receive RaftClientReply:client-4F28163810AB->f33898ba-2b62-4ce4-ab71-14aa87786dcc@group-73344E003E3A, cid=106, SUCCESS, logIndex=0, commits[f33898ba-2b62-4ce4-ab71-14aa87786dcc:c142, f8715fb8-c4cb-4752-8a75-3623ffa79ca5:c142, 94b83ede-78cc-4b17-9c54-d7e0e5e6e3c6:c142]
2019-07-30 08:13:50,595 INFO  keyvalue.KeyValueHandler (ContainerUtils.java:logAndReturnError(146)) - Operation: CreateContainer : Trace ID: 1f3deb1d74503fab:d730e5f43cbc16c2:87c9a2f0d1af1005:0 : Message: Container creation failed, due to disk out of space : Result: DISK_OUT_OF_SPACE
08:13:50.595 [pool-37-thread-59] ERROR DNAudit - user=null | ip=null | op=WRITE_CHUNK {blockData=conID: 3 locID: 102529396283015235 bcsId: 0} | ret=FAILURE
org.apache.hadoop.hdds.scm.container.common.helpers.StorageContainerException: ContainerID 3 creation failed
	at org.apache.hadoop.ozone.container.common.impl.HddsDispatcher.dispatchRequest(HddsDispatcher.java:227) ~[classes/:?]
	at org.apache.hadoop.ozone.container.common.impl.HddsDispatcher.dispatch(HddsDispatcher.java:148) ~[classes/:?]
	at org.apache.hadoop.ozone.container.common.transport.server.ratis.ContainerStateMachine.dispatchCommand(ContainerStateMachine.java:374) ~[classes/:?]
	at org.apache.hadoop.ozone.container.common.transport.server.ratis.ContainerStateMachine.runCommand(ContainerStateMachine.java:381) ~[classes/:?]
	at org.apache.hadoop.ozone.container.common.transport.server.ratis.ContainerStateMachine.lambda$handleWriteChunk$1(ContainerStateMachine.java:412) ~[classes/:?]
	at java.util.concurrent.CompletableFuture$AsyncSupply.run(CompletableFuture.java:1590) [?:1.8.0_212]
	at java.util.concurrent.ThreadPoolExecutor.runWorker(ThreadPoolExecutor.java:1149) [?:1.8.0_212]
	at java.util.concurrent.ThreadPoolExecutor$Worker.run(ThreadPoolExecutor.java:624) [?:1.8.0_212]
	at java.lang.Thread.run(Thread.java:748) [?:1.8.0_212]
2019-07-30 08:13:50,596 INFO  impl.HddsDispatcher (ContainerUtils.java:logAndReturnError(146)) - Operation: WriteChunk : Trace ID: 1f3deb1d74503fab:d730e5f43cbc16c2:87c9a2f0d1af1005:0 : Message: ContainerID 3 creation failed : Result: DISK_OUT_OF_SPACE
2019-07-30 08:13:50,596 INFO  keyvalue.KeyValueHandler (ContainerUtils.java:logAndReturnError(146)) - Operation: CreateContainer : Trace ID: 1f3deb1d74503fab:d730e5f43cbc16c2:87c9a2f0d1af1005:0 : Message: Container creation failed, due to disk out of space : Result: DISK_OUT_OF_SPACE
2019-07-30 08:13:50,596 INFO  keyvalue.KeyValueHandler (ContainerUtils.java:logAndReturnError(146)) - Operation: CreateContainer : Trace ID: 1f3deb1d74503fab:d730e5f43cbc16c2:87c9a2f0d1af1005:0 : Message: Container creation failed, due to disk out of space : Result: DISK_OUT_OF_SPACE
08:13:50.596 [pool-59-thread-40] ERROR DNAudit - user=null | ip=null | op=WRITE_CHUNK {blockData=conID: 3 locID: 102529396283015235 bcsId: 0} | ret=FAILURE
org.apache.hadoop.hdds.scm.container.common.helpers.StorageContainerException: ContainerID 3 creation failed
	at org.apache.hadoop.ozone.container.common.impl.HddsDispatcher.dispatchRequest(HddsDispatcher.java:227) ~[classes/:?]
	at org.apache.hadoop.ozone.container.common.impl.HddsDispatcher.dispatch(HddsDispatcher.java:148) ~[classes/:?]
	at org.apache.hadoop.ozone.container.common.transport.server.ratis.ContainerStateMachine.dispatchCommand(ContainerStateMachine.java:374) ~[classes/:?]
	at org.apache.hadoop.ozone.container.common.transport.server.ratis.ContainerStateMachine.runCommand(ContainerStateMachine.java:381) ~[classes/:?]
	at org.apache.hadoop.ozone.container.common.transport.server.ratis.ContainerStateMachine.lambda$handleWriteChunk$1(ContainerStateMachine.java:412) ~[classes/:?]
	at java.util.concurrent.CompletableFuture$AsyncSupply.run(CompletableFuture.java:1590) [?:1.8.0_212]
	at java.util.concurrent.ThreadPoolExecutor.runWorker(ThreadPoolExecutor.java:1149) [?:1.8.0_212]
	at java.util.concurrent.ThreadPoolExecutor$Worker.run(ThreadPoolExecutor.java:624) [?:1.8.0_212]
	at java.lang.Thread.run(Thread.java:748) [?:1.8.0_212]
08:13:50.596 [pool-70-thread-40] ERROR DNAudit - user=null | ip=null | op=WRITE_CHUNK {blockData=conID: 3 locID: 102529396283015235 bcsId: 0} | ret=FAILURE
org.apache.hadoop.hdds.scm.container.common.helpers.StorageContainerException: ContainerID 3 creation failed
	at org.apache.hadoop.ozone.container.common.impl.HddsDispatcher.dispatchRequest(HddsDispatcher.java:227) ~[classes/:?]
	at org.apache.hadoop.ozone.container.common.impl.HddsDispatcher.dispatch(HddsDispatcher.java:148) ~[classes/:?]
	at org.apache.hadoop.ozone.container.common.transport.server.ratis.ContainerStateMachine.dispatchCommand(ContainerStateMachine.java:374) ~[classes/:?]
	at org.apache.hadoop.ozone.container.common.transport.server.ratis.ContainerStateMachine.runCommand(ContainerStateMachine.java:381) ~[classes/:?]
	at org.apache.hadoop.ozone.container.common.transport.server.ratis.ContainerStateMachine.lambda$handleWriteChunk$1(ContainerStateMachine.java:412) ~[classes/:?]
	at java.util.concurrent.CompletableFuture$AsyncSupply.run(CompletableFuture.java:1590) [?:1.8.0_212]
	at java.util.concurrent.ThreadPoolExecutor.runWorker(ThreadPoolExecutor.java:1149) [?:1.8.0_212]
	at java.util.concurrent.ThreadPoolExecutor$Worker.run(ThreadPoolExecutor.java:624) [?:1.8.0_212]
	at java.lang.Thread.run(Thread.java:748) [?:1.8.0_212]
2019-07-30 08:13:50,597 INFO  impl.HddsDispatcher (ContainerUtils.java:logAndReturnError(146)) - Operation: WriteChunk : Trace ID: 1f3deb1d74503fab:d730e5f43cbc16c2:87c9a2f0d1af1005:0 : Message: ContainerID 3 creation failed : Result: DISK_OUT_OF_SPACE
2019-07-30 08:13:50,597 INFO  impl.HddsDispatcher (ContainerUtils.java:logAndReturnError(146)) - Operation: WriteChunk : Trace ID: 1f3deb1d74503fab:d730e5f43cbc16c2:87c9a2f0d1af1005:0 : Message: ContainerID 3 creation failed : Result: DISK_OUT_OF_SPACE
2019-07-30 08:13:50,598 WARN  node.SCMNodeManager (SCMNodeManager.java:getNodeByAddress(599)) - Cannot find node for address 127.0.0.1
08:13:50.613 [RatisApplyTransactionExecutor 3] ERROR DNAudit - user=null | ip=null | op=WRITE_CHUNK {blockData=conID: 3 locID: 102529396283015235 bcsId: 0} | ret=FAILURE
org.apache.hadoop.hdds.scm.container.common.helpers.StorageContainerException: ContainerID 3 does not exist
	at org.apache.hadoop.ozone.container.common.impl.HddsDispatcher.dispatchRequest(HddsDispatcher.java:242) ~[classes/:?]
	at org.apache.hadoop.ozone.container.common.impl.HddsDispatcher.dispatch(HddsDispatcher.java:148) ~[classes/:?]
	at org.apache.hadoop.ozone.container.common.transport.server.ratis.ContainerStateMachine.dispatchCommand(ContainerStateMachine.java:374) ~[classes/:?]
	at org.apache.hadoop.ozone.container.common.transport.server.ratis.ContainerStateMachine.runCommand(ContainerStateMachine.java:381) ~[classes/:?]
	at org.apache.hadoop.ozone.container.common.transport.server.ratis.ContainerStateMachine.lambda$applyTransaction$6(ContainerStateMachine.java:647) ~[classes/:?]
	at java.util.concurrent.CompletableFuture$AsyncSupply.run(CompletableFuture.java:1590) [?:1.8.0_212]
	at java.util.concurrent.ThreadPoolExecutor.runWorker(ThreadPoolExecutor.java:1149) [?:1.8.0_212]
	at java.util.concurrent.ThreadPoolExecutor$Worker.run(ThreadPoolExecutor.java:624) [?:1.8.0_212]
	at java.lang.Thread.run(Thread.java:748) [?:1.8.0_212]
2019-07-30 08:13:50,614 INFO  impl.HddsDispatcher (ContainerUtils.java:logAndReturnError(146)) - Operation: WriteChunk : Trace ID: 1f3deb1d74503fab:d730e5f43cbc16c2:87c9a2f0d1af1005:0 : Message: ContainerID 3 does not exist : Result: CONTAINER_NOT_FOUND
08:13:50.614 [RatisApplyTransactionExecutor 3] ERROR DNAudit - user=null | ip=null | op=PUT_BLOCK {blockData=[blockId=conID: 3 locID: 102529396283015235 bcsId: 0,size=10240]} | ret=FAILURE
org.apache.hadoop.hdds.scm.container.common.helpers.StorageContainerException: ContainerID 3 does not exist
	at org.apache.hadoop.ozone.container.common.impl.HddsDispatcher.dispatchRequest(HddsDispatcher.java:242) ~[classes/:?]
	at org.apache.hadoop.ozone.container.common.impl.HddsDispatcher.dispatch(HddsDispatcher.java:148) ~[classes/:?]
	at org.apache.hadoop.ozone.container.common.transport.server.ratis.ContainerStateMachine.dispatchCommand(ContainerStateMachine.java:374) ~[classes/:?]
	at org.apache.hadoop.ozone.container.common.transport.server.ratis.ContainerStateMachine.runCommand(ContainerStateMachine.java:381) ~[classes/:?]
	at org.apache.hadoop.ozone.container.common.transport.server.ratis.ContainerStateMachine.lambda$applyTransaction$6(ContainerStateMachine.java:647) ~[classes/:?]
	at java.util.concurrent.CompletableFuture$AsyncSupply.run(CompletableFuture.java:1590) [?:1.8.0_212]
	at java.util.concurrent.ThreadPoolExecutor.runWorker(ThreadPoolExecutor.java:1149) [?:1.8.0_212]
	at java.util.concurrent.ThreadPoolExecutor$Worker.run(ThreadPoolExecutor.java:624) [?:1.8.0_212]
	at java.lang.Thread.run(Thread.java:748) [?:1.8.0_212]
2019-07-30 08:13:50,614 INFO  impl.HddsDispatcher (ContainerUtils.java:logAndReturnError(146)) - Operation: PutBlock : Trace ID: 1f3deb1d74503fab:870c424bc8bc9b51:87c9a2f0d1af1005:0 : Message: ContainerID 3 does not exist : Result: CONTAINER_NOT_FOUND
2019-07-30 08:13:50,614 INFO  client.GrpcClientProtocolClient (GrpcClientProtocolClient.java:onNext(255)) - client-4F28163810AB->f33898ba-2b62-4ce4-ab71-14aa87786dcc: receive RaftClientReply:client-4F28163810AB->f33898ba-2b62-4ce4-ab71-14aa87786dcc@group-73344E003E3A, cid=107, SUCCESS, logIndex=145, commits[f33898ba-2b62-4ce4-ab71-14aa87786dcc:c146, f8715fb8-c4cb-4752-8a75-3623ffa79ca5:c144, 94b83ede-78cc-4b17-9c54-d7e0e5e6e3c6:c144]
2019-07-30 08:13:50,615 ERROR storage.BlockOutputStream (BlockOutputStream.java:validateResponse(531)) - Unexpected Storage Container Exception: 
org.apache.hadoop.hdds.scm.container.common.helpers.StorageContainerException: ContainerID 3 does not exist
	at org.apache.hadoop.hdds.scm.storage.ContainerProtocolCalls.validateContainerResponse(ContainerProtocolCalls.java:536)
	at org.apache.hadoop.hdds.scm.storage.BlockOutputStream.validateResponse(BlockOutputStream.java:529)
	at org.apache.hadoop.hdds.scm.storage.BlockOutputStream.lambda$writeChunkToContainer$2(BlockOutputStream.java:606)
	at java.util.concurrent.CompletableFuture.uniApply(CompletableFuture.java:602)
	at java.util.concurrent.CompletableFuture$UniApply.tryFire(CompletableFuture.java:577)
	at java.util.concurrent.CompletableFuture$Completion.run(CompletableFuture.java:442)
	at java.util.concurrent.ThreadPoolExecutor.runWorker(ThreadPoolExecutor.java:1149)
	at java.util.concurrent.ThreadPoolExecutor$Worker.run(ThreadPoolExecutor.java:624)
	at java.lang.Thread.run(Thread.java:748)
2019-07-30 08:13:50,615 INFO  client.GrpcClientProtocolClient (GrpcClientProtocolClient.java:onNext(255)) - client-4F28163810AB->f33898ba-2b62-4ce4-ab71-14aa87786dcc: receive RaftClientReply:client-4F28163810AB->f33898ba-2b62-4ce4-ab71-14aa87786dcc@group-73344E003E3A, cid=108, SUCCESS, logIndex=146, commits[f33898ba-2b62-4ce4-ab71-14aa87786dcc:c146, f8715fb8-c4cb-4752-8a75-3623ffa79ca5:c144, 94b83ede-78cc-4b17-9c54-d7e0e5e6e3c6:c144]
2019-07-30 08:13:50,618 ERROR freon.RandomKeyGenerator (RandomKeyGenerator.java:createKey(730)) - Exception while adding key: key-2-45290 in bucket: bucket-3-93622 of volume: vol-1-51532.
java.io.IOException: Unexpected Storage Container Exception: org.apache.hadoop.hdds.scm.container.common.helpers.StorageContainerException: ContainerID 3 does not exist
	at org.apache.hadoop.hdds.scm.storage.BlockOutputStream.setIoException(BlockOutputStream.java:541)
	at org.apache.hadoop.hdds.scm.storage.BlockOutputStream.validateResponse(BlockOutputStream.java:532)
	at org.apache.hadoop.hdds.scm.storage.BlockOutputStream.lambda$writeChunkToContainer$2(BlockOutputStream.java:606)
	at java.util.concurrent.CompletableFuture.uniApply(CompletableFuture.java:602)
	at java.util.concurrent.CompletableFuture$UniApply.tryFire(CompletableFuture.java:577)
	at java.util.concurrent.CompletableFuture$Completion.run(CompletableFuture.java:442)
	at java.util.concurrent.ThreadPoolExecutor.runWorker(ThreadPoolExecutor.java:1149)
	at java.util.concurrent.ThreadPoolExecutor$Worker.run(ThreadPoolExecutor.java:624)
	at java.lang.Thread.run(Thread.java:748)
Caused by: org.apache.hadoop.hdds.scm.container.common.helpers.StorageContainerException: ContainerID 3 does not exist
	at org.apache.hadoop.hdds.scm.storage.ContainerProtocolCalls.validateContainerResponse(ContainerProtocolCalls.java:536)
	at org.apache.hadoop.hdds.scm.storage.BlockOutputStream.validateResponse(BlockOutputStream.java:529)
	... 7 more
2019-07-30 08:13:50,618 WARN  node.SCMNodeManager (SCMNodeManager.java:getNodeByAddress(599)) - Cannot find node for address 127.0.0.1
08:13:50.624 [RatisApplyTransactionExecutor 3] ERROR DNAudit - user=null | ip=null | op=WRITE_CHUNK {blockData=conID: 3 locID: 102529396283015235 bcsId: 0} | ret=FAILURE
org.apache.hadoop.hdds.scm.container.common.helpers.StorageContainerException: ContainerID 3 does not exist
	at org.apache.hadoop.ozone.container.common.impl.HddsDispatcher.dispatchRequest(HddsDispatcher.java:242) ~[classes/:?]
	at org.apache.hadoop.ozone.container.common.impl.HddsDispatcher.dispatch(HddsDispatcher.java:148) ~[classes/:?]
	at org.apache.hadoop.ozone.container.common.transport.server.ratis.ContainerStateMachine.dispatchCommand(ContainerStateMachine.java:374) ~[classes/:?]
	at org.apache.hadoop.ozone.container.common.transport.server.ratis.ContainerStateMachine.runCommand(ContainerStateMachine.java:381) ~[classes/:?]
	at org.apache.hadoop.ozone.container.common.transport.server.ratis.ContainerStateMachine.lambda$applyTransaction$6(ContainerStateMachine.java:647) ~[classes/:?]
	at java.util.concurrent.CompletableFuture$AsyncSupply.run(CompletableFuture.java:1590) [?:1.8.0_212]
	at java.util.concurrent.ThreadPoolExecutor.runWorker(ThreadPoolExecutor.java:1149) [?:1.8.0_212]
	at java.util.concurrent.ThreadPoolExecutor$Worker.run(ThreadPoolExecutor.java:624) [?:1.8.0_212]
	at java.lang.Thread.run(Thread.java:748) [?:1.8.0_212]
08:13:50.624 [RatisApplyTransactionExecutor 3] ERROR DNAudit - user=null | ip=null | op=WRITE_CHUNK {blockData=conID: 3 locID: 102529396283015235 bcsId: 0} | ret=FAILURE
org.apache.hadoop.hdds.scm.container.common.helpers.StorageContainerException: ContainerID 3 does not exist
	at org.apache.hadoop.ozone.container.common.impl.HddsDispatcher.dispatchRequest(HddsDispatcher.java:242) ~[classes/:?]
	at org.apache.hadoop.ozone.container.common.impl.HddsDispatcher.dispatch(HddsDispatcher.java:148) ~[classes/:?]
	at org.apache.hadoop.ozone.container.common.transport.server.ratis.ContainerStateMachine.dispatchCommand(ContainerStateMachine.java:374) ~[classes/:?]
	at org.apache.hadoop.ozone.container.common.transport.server.ratis.ContainerStateMachine.runCommand(ContainerStateMachine.java:381) ~[classes/:?]
	at org.apache.hadoop.ozone.container.common.transport.server.ratis.ContainerStateMachine.lambda$applyTransaction$6(ContainerStateMachine.java:647) ~[classes/:?]
	at java.util.concurrent.CompletableFuture$AsyncSupply.run(CompletableFuture.java:1590) [?:1.8.0_212]
	at java.util.concurrent.ThreadPoolExecutor.runWorker(ThreadPoolExecutor.java:1149) [?:1.8.0_212]
	at java.util.concurrent.ThreadPoolExecutor$Worker.run(ThreadPoolExecutor.java:624) [?:1.8.0_212]
	at java.lang.Thread.run(Thread.java:748) [?:1.8.0_212]
2019-07-30 08:13:50,625 INFO  impl.HddsDispatcher (ContainerUtils.java:logAndReturnError(146)) - Operation: WriteChunk : Trace ID: 1f3deb1d74503fab:d730e5f43cbc16c2:87c9a2f0d1af1005:0 : Message: ContainerID 3 does not exist : Result: CONTAINER_NOT_FOUND
2019-07-30 08:13:50,625 INFO  impl.HddsDispatcher (ContainerUtils.java:logAndReturnError(146)) - Operation: WriteChunk : Trace ID: 1f3deb1d74503fab:d730e5f43cbc16c2:87c9a2f0d1af1005:0 : Message: ContainerID 3 does not exist : Result: CONTAINER_NOT_FOUND
08:13:50.632 [RatisApplyTransactionExecutor 3] ERROR DNAudit - user=null | ip=null | op=PUT_BLOCK {blockData=[blockId=conID: 3 locID: 102529396283015235 bcsId: 0,size=10240]} | ret=FAILURE
org.apache.hadoop.hdds.scm.container.common.helpers.StorageContainerException: ContainerID 3 does not exist
	at org.apache.hadoop.ozone.container.common.impl.HddsDispatcher.dispatchRequest(HddsDispatcher.java:242) ~[classes/:?]
	at org.apache.hadoop.ozone.container.common.impl.HddsDispatcher.dispatch(HddsDispatcher.java:148) ~[classes/:?]
	at org.apache.hadoop.ozone.container.common.transport.server.ratis.ContainerStateMachine.dispatchCommand(ContainerStateMachine.java:374) ~[classes/:?]
	at org.apache.hadoop.ozone.container.common.transport.server.ratis.ContainerStateMachine.runCommand(ContainerStateMachine.java:381) ~[classes/:?]
	at org.apache.hadoop.ozone.container.common.transport.server.ratis.ContainerStateMachine.lambda$applyTransaction$6(ContainerStateMachine.java:647) ~[classes/:?]
	at java.util.concurrent.CompletableFuture$AsyncSupply.run(CompletableFuture.java:1590) [?:1.8.0_212]
	at java.util.concurrent.ThreadPoolExecutor.runWorker(ThreadPoolExecutor.java:1149) [?:1.8.0_212]
	at java.util.concurrent.ThreadPoolExecutor$Worker.run(ThreadPoolExecutor.java:624) [?:1.8.0_212]
	at java.lang.Thread.run(Thread.java:748) [?:1.8.0_212]
08:13:50.632 [RatisApplyTransactionExecutor 3] ERROR DNAudit - user=null | ip=null | op=PUT_BLOCK {blockData=[blockId=conID: 3 locID: 102529396283015235 bcsId: 0,size=10240]} | ret=FAILURE
org.apache.hadoop.hdds.scm.container.common.helpers.StorageContainerException: ContainerID 3 does not exist
	at org.apache.hadoop.ozone.container.common.impl.HddsDispatcher.dispatchRequest(HddsDispatcher.java:242) ~[classes/:?]
	at org.apache.hadoop.ozone.container.common.impl.HddsDispatcher.dispatch(HddsDispatcher.java:148) ~[classes/:?]
	at org.apache.hadoop.ozone.container.common.transport.server.ratis.ContainerStateMachine.dispatchCommand(ContainerStateMachine.java:374) ~[classes/:?]
	at org.apache.hadoop.ozone.container.common.transport.server.ratis.ContainerStateMachine.runCommand(ContainerStateMachine.java:381) ~[classes/:?]
	at org.apache.hadoop.ozone.container.common.transport.server.ratis.ContainerStateMachine.lambda$applyTransaction$6(ContainerStateMachine.java:647) ~[classes/:?]
	at java.util.concurrent.CompletableFuture$AsyncSupply.run(CompletableFuture.java:1590) [?:1.8.0_212]
	at java.util.concurrent.ThreadPoolExecutor.runWorker(ThreadPoolExecutor.java:1149) [?:1.8.0_212]
	at java.util.concurrent.ThreadPoolExecutor$Worker.run(ThreadPoolExecutor.java:624) [?:1.8.0_212]
	at java.lang.Thread.run(Thread.java:748) [?:1.8.0_212]
2019-07-30 08:13:50,633 INFO  impl.HddsDispatcher (ContainerUtils.java:logAndReturnError(146)) - Operation: PutBlock : Trace ID: 1f3deb1d74503fab:870c424bc8bc9b51:87c9a2f0d1af1005:0 : Message: ContainerID 3 does not exist : Result: CONTAINER_NOT_FOUND
2019-07-30 08:13:50,633 INFO  impl.HddsDispatcher (ContainerUtils.java:logAndReturnError(146)) - Operation: PutBlock : Trace ID: 1f3deb1d74503fab:870c424bc8bc9b51:87c9a2f0d1af1005:0 : Message: ContainerID 3 does not exist : Result: CONTAINER_NOT_FOUND
2019-07-30 08:13:50,636 WARN  node.SCMNodeManager (SCMNodeManager.java:getNodeByAddress(599)) - Cannot find node for address 127.0.0.1
2019-07-30 08:13:50,647 WARN  node.SCMNodeManager (SCMNodeManager.java:getNodeByAddress(599)) - Cannot find node for address 127.0.0.1
2019-07-30 08:13:50,664 WARN  node.SCMNodeManager (SCMNodeManager.java:getNodeByAddress(599)) - Cannot find node for address 127.0.0.1
2019-07-30 08:13:50,677 WARN  node.SCMNodeManager (SCMNodeManager.java:getNodeByAddress(599)) - Cannot find node for address 127.0.0.1
2019-07-30 08:13:50,689 WARN  node.SCMNodeManager (SCMNodeManager.java:getNodeByAddress(599)) - Cannot find node for address 127.0.0.1
2019-07-30 08:13:50,702 WARN  node.SCMNodeManager (SCMNodeManager.java:getNodeByAddress(599)) - Cannot find node for address 127.0.0.1
2019-07-30 08:13:50,722 WARN  node.SCMNodeManager (SCMNodeManager.java:getNodeByAddress(599)) - Cannot find node for address 127.0.0.1
2019-07-30 08:13:50,736 WARN  node.SCMNodeManager (SCMNodeManager.java:getNodeByAddress(599)) - Cannot find node for address 127.0.0.1
 18.00% |███████████████████                                                                                  |  18/100 Time: 0:00:01 18.00% |███████████████████                                                                                  |  18/100 Time: 0:00:02 18.00% |███████████████████                                                                                  |  18/100 Time: 0:00:03 18.00% |███████████████████                                                                                  |  18/100 Time: 0:00:04 100.00% |█████████████████████████████████████████████████████████████████████████████████████████████████████|  100/100 Time: 0:00:05
]]></system-out>
  </testcase>
</testsuite>